<?xml version="1.0" encoding="UTF-8"?>
<testsuite xmlns:xsi="http://www.w3.org/2001/XMLSchema-instance" xsi:noNamespaceSchemaLocation="https://maven.apache.org/surefire/maven-surefire-plugin/xsd/surefire-test-report.xsd" version="3.0.2" name="org.apache.hadoop.ozone.om.TestOzoneManagerHAWithStoppedNodes" time="206.962" tests="12" errors="1" skipped="0" failures="0">
  <properties>
    <property name="java.specification.version" value="21"/>
    <property name="sun.jnu.encoding" value="UTF-8"/>
    <property name="java.class.path" value="/home/runner/work/ozone/ozone/hadoop-ozone/integration-test/target/test-classes:/home/runner/work/ozone/ozone/hadoop-ozone/integration-test/target/classes:/home/runner/work/ozone/ozone/hadoop-hdds/server-scm/target/hdds-server-scm-2.1.0-SNAPSHOT.jar:/home/runner/.m2/repository/com/fasterxml/jackson/core/jackson-annotations/2.16.2/jackson-annotations-2.16.2.jar:/home/runner/.m2/repository/com/fasterxml/jackson/core/jackson-core/2.16.2/jackson-core-2.16.2.jar:/home/runner/.m2/repository/com/fasterxml/jackson/core/jackson-databind/2.16.2/jackson-databind-2.16.2.jar:/home/runner/.m2/repository/com/google/guava/guava/32.1.3-jre/guava-32.1.3-jre.jar:/home/runner/.m2/repository/com/google/guava/failureaccess/1.0.1/failureaccess-1.0.1.jar:/home/runner/.m2/repository/com/google/guava/listenablefuture/9999.0-empty-to-avoid-conflict-with-guava/listenablefuture-9999.0-empty-to-avoid-conflict-with-guava.jar:/home/runner/.m2/repository/org/checkerframework/checker-qual/3.37.0/checker-qual-3.37.0.jar:/home/runner/.m2/repository/com/google/errorprone/error_prone_annotations/2.29.2/error_prone_annotations-2.29.2.jar:/home/runner/.m2/repository/com/google/j2objc/j2objc-annotations/2.8/j2objc-annotations-2.8.jar:/home/runner/.m2/repository/com/google/protobuf/protobuf-java/2.5.0/protobuf-java-2.5.0.jar:/home/runner/.m2/repository/commons-collections/commons-collections/3.2.2/commons-collections-3.2.2.jar:/home/runner/.m2/repository/commons-io/commons-io/2.18.0/commons-io-2.18.0.jar:/home/runner/.m2/repository/info/picocli/picocli/4.7.7/picocli-4.7.7.jar:/home/runner/.m2/repository/io/dropwizard/metrics/metrics-core/3.2.6/metrics-core-3.2.6.jar:/home/runner/.m2/repository/jakarta/annotation/jakarta.annotation-api/2.1.1/jakarta.annotation-api-2.1.1.jar:/home/runner/.m2/repository/javax/servlet/javax.servlet-api/3.1.0/javax.servlet-api-3.1.0.jar:/home/runner/.m2/repository/org/apache/commons/commons-compress/1.27.1/commons-compress-1.27.1.jar:/home/runner/.m2/repository/org/apache/commons/commons-text/1.12.0/commons-text-1.12.0.jar:/home/runner/work/ozone/ozone/hadoop-hdds/client/target/hdds-client-2.1.0-SNAPSHOT.jar:/home/runner/work/ozone/ozone/hadoop-hdds/common/target/hdds-common-2.1.0-SNAPSHOT.jar:/home/runner/work/ozone/ozone/hadoop-hdds/config/target/hdds-config-2.1.0-SNAPSHOT.jar:/home/runner/work/ozone/ozone/hadoop-hdds/container-service/target/hdds-container-service-2.1.0-SNAPSHOT.jar:/home/runner/work/ozone/ozone/hadoop-hdds/hadoop-dependency-client/target/hdds-hadoop-dependency-client-2.1.0-SNAPSHOT.jar:/home/runner/.m2/repository/com/nimbusds/nimbus-jose-jwt/9.40/nimbus-jose-jwt-9.40.jar:/home/runner/work/ozone/ozone/hadoop-hdds/hadoop-dependency-server/target/hdds-hadoop-dependency-server-2.1.0-SNAPSHOT.jar:/home/runner/.m2/repository/org/apache/hadoop/hadoop-hdfs/3.4.1/hadoop-hdfs-3.4.1.jar:/home/runner/.m2/repository/org/apache/kerby/kerb-util/1.0.1/kerb-util-1.0.1.jar:/home/runner/.m2/repository/org/apache/kerby/kerby-config/1.0.1/kerby-config-1.0.1.jar:/home/runner/.m2/repository/org/apache/kerby/kerb-crypto/1.0.1/kerb-crypto-1.0.1.jar:/home/runner/work/ozone/ozone/hadoop-hdds/interface-admin/target/hdds-interface-admin-2.1.0-SNAPSHOT.jar:/home/runner/work/ozone/ozone/hadoop-hdds/interface-client/target/hdds-interface-client-2.1.0-SNAPSHOT.jar:/home/runner/work/ozone/ozone/hadoop-hdds/interface-server/target/hdds-interface-server-2.1.0-SNAPSHOT.jar:/home/runner/work/ozone/ozone/hadoop-hdds/framework/target/hdds-server-framework-2.1.0-SNAPSHOT.jar:/home/runner/.m2/repository/org/apache/ratis/ratis-client/3.1.2/ratis-client-3.1.2.jar:/home/runner/.m2/repository/org/apache/ratis/ratis-common/3.1.2/ratis-common-3.1.2.jar:/home/runner/.m2/repository/org/apache/ratis/ratis-grpc/3.1.2/ratis-grpc-3.1.2.jar:/home/runner/.m2/repository/org/apache/ratis/ratis-netty/3.1.2/ratis-netty-3.1.2.jar:/home/runner/.m2/repository/org/apache/ratis/ratis-proto/3.1.2/ratis-proto-3.1.2.jar:/home/runner/.m2/repository/org/apache/ratis/ratis-server-api/3.1.2/ratis-server-api-3.1.2.jar:/home/runner/.m2/repository/org/apache/ratis/ratis-thirdparty-misc/1.0.6/ratis-thirdparty-misc-1.0.6.jar:/home/runner/.m2/repository/org/bouncycastle/bcpkix-jdk18on/1.80/bcpkix-jdk18on-1.80.jar:/home/runner/.m2/repository/org/bouncycastle/bcprov-jdk18on/1.80/bcprov-jdk18on-1.80.jar:/home/runner/.m2/repository/org/eclipse/jetty/jetty-webapp/9.4.57.v20241219/jetty-webapp-9.4.57.v20241219.jar:/home/runner/.m2/repository/org/eclipse/jetty/jetty-xml/9.4.57.v20241219/jetty-xml-9.4.57.v20241219.jar:/home/runner/.m2/repository/org/slf4j/slf4j-api/2.0.17/slf4j-api-2.0.17.jar:/home/runner/work/ozone/ozone/hadoop-hdds/tools/target/hdds-tools-2.1.0-SNAPSHOT.jar:/home/runner/.m2/repository/ch/qos/reload4j/reload4j/1.2.26/reload4j-1.2.26.jar:/home/runner/.m2/repository/com/fasterxml/jackson/datatype/jackson-datatype-jsr310/2.16.2/jackson-datatype-jsr310-2.16.2.jar:/home/runner/.m2/repository/commons-cli/commons-cli/1.8.0/commons-cli-1.8.0.jar:/home/runner/.m2/repository/org/apache/ratis/ratis-tools/3.1.2/ratis-tools-3.1.2.jar:/home/runner/.m2/repository/org/kohsuke/metainf-services/metainf-services/1.11/metainf-services-1.11.jar:/home/runner/.m2/repository/org/slf4j/slf4j-reload4j/2.0.17/slf4j-reload4j-2.0.17.jar:/home/runner/.m2/repository/org/xerial/sqlite-jdbc/3.49.1.0/sqlite-jdbc-3.49.1.0.jar:/home/runner/work/ozone/ozone/hadoop-ozone/cli-shell/target/ozone-cli-shell-2.1.0-SNAPSHOT.jar:/home/runner/.m2/repository/commons-codec/commons-codec/1.17.1/commons-codec-1.17.1.jar:/home/runner/.m2/repository/info/picocli/picocli-shell-jline3/4.7.7/picocli-shell-jline3-4.7.7.jar:/home/runner/.m2/repository/jakarta/xml/bind/jakarta.xml.bind-api/2.3.3/jakarta.xml.bind-api-2.3.3.jar:/home/runner/.m2/repository/org/apache/httpcomponents/httpclient/4.5.14/httpclient-4.5.14.jar:/home/runner/work/ozone/ozone/hadoop-ozone/ozonefs-common/target/ozone-filesystem-common-2.1.0-SNAPSHOT.jar:/home/runner/work/ozone/ozone/hadoop-ozone/interface-client/target/ozone-interface-client-2.1.0-SNAPSHOT.jar:/home/runner/.m2/repository/org/jline/jline/3.29.0/jline-3.29.0.jar:/home/runner/work/ozone/ozone/hadoop-ozone/client/target/ozone-client-2.1.0-SNAPSHOT.jar:/home/runner/.m2/repository/com/github/stephenc/jcip/jcip-annotations/1.0-1/jcip-annotations-1.0-1.jar:/home/runner/work/ozone/ozone/hadoop-hdds/erasurecode/target/hdds-erasurecode-2.1.0-SNAPSHOT.jar:/home/runner/work/ozone/ozone/hadoop-ozone/common/target/ozone-common-2.1.0-SNAPSHOT.jar:/home/runner/.m2/repository/io/grpc/grpc-api/1.58.0/grpc-api-1.58.0.jar:/home/runner/.m2/repository/io/grpc/grpc-netty/1.58.0/grpc-netty-1.58.0.jar:/home/runner/.m2/repository/io/grpc/grpc-core/1.58.0/grpc-core-1.58.0.jar:/home/runner/.m2/repository/com/google/android/annotations/4.1.1.4/annotations-4.1.1.4.jar:/home/runner/.m2/repository/org/codehaus/mojo/animal-sniffer-annotations/1.23/animal-sniffer-annotations-1.23.jar:/home/runner/.m2/repository/io/grpc/grpc-context/1.58.0/grpc-context-1.58.0.jar:/home/runner/.m2/repository/io/grpc/grpc-util/1.58.0/grpc-util-1.58.0.jar:/home/runner/.m2/repository/io/perfmark/perfmark-api/0.26.0/perfmark-api-0.26.0.jar:/home/runner/.m2/repository/io/grpc/grpc-stub/1.58.0/grpc-stub-1.58.0.jar:/home/runner/.m2/repository/io/netty/netty-codec-http2/4.1.109.Final/netty-codec-http2-4.1.109.Final.jar:/home/runner/.m2/repository/io/netty/netty-codec-http/4.1.109.Final/netty-codec-http-4.1.109.Final.jar:/home/runner/.m2/repository/io/netty/netty-common/4.1.109.Final/netty-common-4.1.109.Final.jar:/home/runner/.m2/repository/io/netty/netty-handler/4.1.109.Final/netty-handler-4.1.109.Final.jar:/home/runner/.m2/repository/io/netty/netty-resolver/4.1.109.Final/netty-resolver-4.1.109.Final.jar:/home/runner/.m2/repository/io/netty/netty-handler-proxy/4.1.109.Final/netty-handler-proxy-4.1.109.Final.jar:/home/runner/.m2/repository/io/netty/netty-codec-socks/4.1.109.Final/netty-codec-socks-4.1.109.Final.jar:/home/runner/.m2/repository/org/apache/httpcomponents/httpcore/4.4.16/httpcore-4.4.16.jar:/home/runner/.m2/repository/io/netty/netty-tcnative-boringssl-static/2.0.65.Final/netty-tcnative-boringssl-static-2.0.65.Final.jar:/home/runner/.m2/repository/io/netty/netty-tcnative-classes/2.0.65.Final/netty-tcnative-classes-2.0.65.Final.jar:/home/runner/.m2/repository/io/netty/netty-tcnative-boringssl-static/2.0.65.Final/netty-tcnative-boringssl-static-2.0.65.Final-linux-x86_64.jar:/home/runner/.m2/repository/io/netty/netty-tcnative-boringssl-static/2.0.65.Final/netty-tcnative-boringssl-static-2.0.65.Final-linux-aarch_64.jar:/home/runner/.m2/repository/io/netty/netty-tcnative-boringssl-static/2.0.65.Final/netty-tcnative-boringssl-static-2.0.65.Final-osx-x86_64.jar:/home/runner/.m2/repository/io/netty/netty-tcnative-boringssl-static/2.0.65.Final/netty-tcnative-boringssl-static-2.0.65.Final-osx-aarch_64.jar:/home/runner/.m2/repository/io/netty/netty-tcnative-boringssl-static/2.0.65.Final/netty-tcnative-boringssl-static-2.0.65.Final-windows-x86_64.jar:/home/runner/work/ozone/ozone/hadoop-ozone/csi/target/ozone-csi-2.1.0-SNAPSHOT.jar:/home/runner/.m2/repository/com/google/protobuf/protobuf-java-util/3.19.6/protobuf-java-util-3.19.6.jar:/home/runner/.m2/repository/io/grpc/grpc-protobuf/1.58.0/grpc-protobuf-1.58.0.jar:/home/runner/.m2/repository/com/google/api/grpc/proto-google-common-protos/2.22.0/proto-google-common-protos-2.22.0.jar:/home/runner/.m2/repository/io/grpc/grpc-protobuf-lite/1.58.0/grpc-protobuf-lite-1.58.0.jar:/home/runner/.m2/repository/io/netty/netty-transport/4.1.109.Final/netty-transport-4.1.109.Final.jar:/home/runner/.m2/repository/io/netty/netty-transport-classes-epoll/4.1.109.Final/netty-transport-classes-epoll-4.1.109.Final.jar:/home/runner/.m2/repository/io/netty/netty-transport-native-epoll/4.1.109.Final/netty-transport-native-epoll-4.1.109.Final-linux-x86_64.jar:/home/runner/.m2/repository/io/netty/netty-transport-native-unix-common/4.1.109.Final/netty-transport-native-unix-common-4.1.109.Final.jar:/home/runner/work/ozone/ozone/hadoop-ozone/ozonefs/target/ozone-filesystem-2.1.0-SNAPSHOT.jar:/home/runner/.m2/repository/io/opentracing/opentracing-api/0.33.0/opentracing-api-0.33.0.jar:/home/runner/.m2/repository/io/opentracing/opentracing-util/0.33.0/opentracing-util-0.33.0.jar:/home/runner/.m2/repository/io/opentracing/opentracing-noop/0.33.0/opentracing-noop-0.33.0.jar:/home/runner/work/ozone/ozone/hadoop-ozone/ozone-manager/target/ozone-manager-2.1.0-SNAPSHOT.jar:/home/runner/.m2/repository/com/sun/jersey/jersey-client/1.19.4/jersey-client-1.19.4.jar:/home/runner/.m2/repository/org/apache/kerby/kerby-util/1.0.1/kerby-util-1.0.1.jar:/home/runner/.m2/repository/org/apache/logging/log4j/log4j-api/2.24.2/log4j-api-2.24.2.jar:/home/runner/work/ozone/ozone/hadoop-hdds/managed-rocksdb/target/hdds-managed-rocksdb-2.1.0-SNAPSHOT.jar:/home/runner/work/ozone/ozone/hadoop-hdds/rocks-native/target/hdds-rocks-native-2.1.0-SNAPSHOT.jar:/home/runner/.m2/repository/org/eclipse/jetty/jetty-io/9.4.57.v20241219/jetty-io-9.4.57.v20241219.jar:/home/runner/work/ozone/ozone/hadoop-ozone/interface-storage/target/ozone-interface-storage-2.1.0-SNAPSHOT.jar:/home/runner/work/ozone/ozone/hadoop-hdds/rocksdb-checkpoint-differ/target/rocksdb-checkpoint-differ-2.1.0-SNAPSHOT.jar:/home/runner/.m2/repository/com/github/vlsi/mxgraph/jgraphx/3.9.12/jgraphx-3.9.12.jar:/home/runner/.m2/repository/org/jgrapht/jgrapht-core/1.4.0/jgrapht-core-1.4.0.jar:/home/runner/.m2/repository/org/jheaps/jheaps/0.11/jheaps-0.11.jar:/home/runner/.m2/repository/org/jgrapht/jgrapht-ext/1.4.0/jgrapht-ext-1.4.0.jar:/home/runner/.m2/repository/org/apache/ranger/ranger-intg/2.6.0/ranger-intg-2.6.0.jar:/home/runner/.m2/repository/org/apache/ranger/ranger-plugins-common/2.6.0/ranger-plugins-common-2.6.0.jar:/home/runner/.m2/repository/com/fasterxml/jackson/jaxrs/jackson-jaxrs-base/2.16.2/jackson-jaxrs-base-2.16.2.jar:/home/runner/.m2/repository/com/fasterxml/jackson/jaxrs/jackson-jaxrs-json-provider/2.16.2/jackson-jaxrs-json-provider-2.16.2.jar:/home/runner/.m2/repository/com/kstruct/gethostname4j/1.0.0/gethostname4j-1.0.0.jar:/home/runner/.m2/repository/commons-lang/commons-lang/2.6/commons-lang-2.6.jar:/home/runner/.m2/repository/net/java/dev/jna/jna/5.2.0/jna-5.2.0.jar:/home/runner/.m2/repository/net/java/dev/jna/jna-platform/5.2.0/jna-platform-5.2.0.jar:/home/runner/.m2/repository/org/apache/ranger/ranger-plugin-classloader/2.6.0/ranger-plugin-classloader-2.6.0.jar:/home/runner/.m2/repository/org/apache/ranger/ranger-plugins-audit/2.6.0/ranger-plugins-audit-2.6.0.jar:/home/runner/.m2/repository/com/amazonaws/aws-java-sdk-logs/1.12.765/aws-java-sdk-logs-1.12.765.jar:/home/runner/.m2/repository/com/carrotsearch/hppc/0.8.0/hppc-0.8.0.jar:/home/runner/.m2/repository/io/airlift/aircompressor/0.27/aircompressor-0.27.jar:/home/runner/.m2/repository/org/apache/httpcomponents/httpasyncclient/4.1.4/httpasyncclient-4.1.4.jar:/home/runner/.m2/repository/org/apache/httpcomponents/httpcore-nio/4.4.16/httpcore-nio-4.4.16.jar:/home/runner/.m2/repository/org/apache/httpcomponents/httpmime/4.5.13/httpmime-4.5.13.jar:/home/runner/.m2/repository/org/apache/orc/orc-core/1.5.8/orc-core-1.5.8.jar:/home/runner/.m2/repository/org/apache/orc/orc-shims/1.5.8/orc-shims-1.5.8.jar:/home/runner/.m2/repository/org/eclipse/jetty/jetty-client/9.4.57.v20241219/jetty-client-9.4.57.v20241219.jar:/home/runner/.m2/repository/org/apache/ranger/ranger-plugins-cred/2.6.0/ranger-plugins-cred-2.6.0.jar:/home/runner/.m2/repository/org/aspectj/aspectjrt/1.9.7/aspectjrt-1.9.7.jar:/home/runner/.m2/repository/org/aspectj/aspectjweaver/1.9.7/aspectjweaver-1.9.7.jar:/home/runner/.m2/repository/org/eclipse/jetty/jetty-util/9.4.57.v20241219/jetty-util-9.4.57.v20241219.jar:/home/runner/.m2/repository/org/reflections/reflections/0.10.2/reflections-0.10.2.jar:/home/runner/.m2/repository/org/rocksdb/rocksdbjni/7.7.3/rocksdbjni-7.7.3.jar:/home/runner/work/ozone/ozone/hadoop-ozone/recon/target/ozone-recon-2.1.0-SNAPSHOT.jar:/home/runner/.m2/repository/aopalliance/aopalliance/1.0/aopalliance-1.0.jar:/home/runner/.m2/repository/com/google/inject/guice/6.0.0/guice-6.0.0.jar:/home/runner/.m2/repository/jakarta/inject/jakarta.inject-api/2.0.1/jakarta.inject-api-2.0.1.jar:/home/runner/.m2/repository/com/google/inject/extensions/guice-assistedinject/6.0.0/guice-assistedinject-6.0.0.jar:/home/runner/.m2/repository/com/google/inject/extensions/guice-servlet/6.0.0/guice-servlet-6.0.0.jar:/home/runner/.m2/repository/com/jolbox/bonecp/0.8.0.RELEASE/bonecp-0.8.0.RELEASE.jar:/home/runner/.m2/repository/jakarta/activation/jakarta.activation-api/1.2.2/jakarta.activation-api-1.2.2.jar:/home/runner/.m2/repository/jakarta/validation/jakarta.validation-api/2.0.2/jakarta.validation-api-2.0.2.jar:/home/runner/.m2/repository/jakarta/ws/rs/jakarta.ws.rs-api/2.1.6/jakarta.ws.rs-api-2.1.6.jar:/home/runner/.m2/repository/javax/inject/javax.inject/1/javax.inject-1.jar:/home/runner/.m2/repository/org/apache/derby/derby/10.14.2.0/derby-10.14.2.0.jar:/home/runner/work/ozone/ozone/hadoop-ozone/recon-codegen/target/ozone-reconcodegen-2.1.0-SNAPSHOT.jar:/home/runner/.m2/repository/org/eclipse/jetty/jetty-servlet/9.4.57.v20241219/jetty-servlet-9.4.57.v20241219.jar:/home/runner/.m2/repository/org/eclipse/jetty/jetty-security/9.4.57.v20241219/jetty-security-9.4.57.v20241219.jar:/home/runner/.m2/repository/org/glassfish/hk2/guice-bridge/2.6.1/guice-bridge-2.6.1.jar:/home/runner/.m2/repository/org/glassfish/hk2/hk2-api/2.6.1/hk2-api-2.6.1.jar:/home/runner/.m2/repository/org/glassfish/hk2/hk2-utils/2.6.1/hk2-utils-2.6.1.jar:/home/runner/.m2/repository/org/glassfish/hk2/external/aopalliance-repackaged/2.6.1/aopalliance-repackaged-2.6.1.jar:/home/runner/.m2/repository/org/glassfish/hk2/external/jakarta.inject/2.6.1/jakarta.inject-2.6.1.jar:/home/runner/.m2/repository/org/glassfish/jersey/containers/jersey-container-servlet/2.46/jersey-container-servlet-2.46.jar:/home/runner/.m2/repository/org/glassfish/jersey/containers/jersey-container-servlet-core/2.46/jersey-container-servlet-core-2.46.jar:/home/runner/.m2/repository/org/glassfish/jersey/core/jersey-common/2.46/jersey-common-2.46.jar:/home/runner/.m2/repository/org/glassfish/hk2/osgi-resource-locator/1.0.3/osgi-resource-locator-1.0.3.jar:/home/runner/.m2/repository/org/glassfish/jersey/core/jersey-server/2.46/jersey-server-2.46.jar:/home/runner/.m2/repository/org/glassfish/jersey/core/jersey-client/2.46/jersey-client-2.46.jar:/home/runner/.m2/repository/org/glassfish/jersey/inject/jersey-hk2/2.46/jersey-hk2-2.46.jar:/home/runner/.m2/repository/org/glassfish/hk2/hk2-locator/2.6.1/hk2-locator-2.6.1.jar:/home/runner/.m2/repository/org/glassfish/jersey/media/jersey-media-jaxb/2.46/jersey-media-jaxb-2.46.jar:/home/runner/.m2/repository/org/glassfish/jersey/media/jersey-media-json-jackson/2.46/jersey-media-json-jackson-2.46.jar:/home/runner/.m2/repository/org/glassfish/jersey/ext/jersey-entity-filtering/2.46/jersey-entity-filtering-2.46.jar:/home/runner/.m2/repository/com/fasterxml/jackson/module/jackson-module-jaxb-annotations/2.16.2/jackson-module-jaxb-annotations-2.16.2.jar:/home/runner/.m2/repository/org/javassist/javassist/3.30.2-GA/javassist-3.30.2-GA.jar:/home/runner/.m2/repository/org/jooq/jooq/3.11.10/jooq-3.11.10.jar:/home/runner/.m2/repository/org/jooq/jooq-codegen/3.11.10/jooq-codegen-3.11.10.jar:/home/runner/.m2/repository/org/jooq/jooq-meta/3.11.10/jooq-meta-3.11.10.jar:/home/runner/.m2/repository/org/springframework/spring-core/5.3.39/spring-core-5.3.39.jar:/home/runner/.m2/repository/org/springframework/spring-jdbc/5.3.39/spring-jdbc-5.3.39.jar:/home/runner/.m2/repository/org/springframework/spring-beans/5.3.39/spring-beans-5.3.39.jar:/home/runner/.m2/repository/org/springframework/spring-tx/5.3.39/spring-tx-5.3.39.jar:/home/runner/work/ozone/ozone/hadoop-ozone/s3gateway/target/ozone-s3gateway-2.1.0-SNAPSHOT.jar:/home/runner/work/ozone/ozone/hadoop-ozone/tools/target/ozone-tools-2.1.0-SNAPSHOT.jar:/home/runner/.m2/repository/com/amazonaws/aws-java-sdk-core/1.12.661/aws-java-sdk-core-1.12.661.jar:/home/runner/.m2/repository/com/fasterxml/jackson/dataformat/jackson-dataformat-cbor/2.16.2/jackson-dataformat-cbor-2.16.2.jar:/home/runner/.m2/repository/joda-time/joda-time/2.12.7/joda-time-2.12.7.jar:/home/runner/.m2/repository/com/amazonaws/aws-java-sdk-s3/1.12.661/aws-java-sdk-s3-1.12.661.jar:/home/runner/.m2/repository/com/amazonaws/aws-java-sdk-kms/1.12.661/aws-java-sdk-kms-1.12.661.jar:/home/runner/.m2/repository/com/amazonaws/jmespath-java/1.12.661/jmespath-java-1.12.661.jar:/home/runner/.m2/repository/org/apache/ratis/ratis-shell/3.1.2/ratis-shell-3.1.2.jar:/home/runner/.m2/repository/org/glassfish/jaxb/jaxb-runtime/2.3.9/jaxb-runtime-2.3.9.jar:/home/runner/.m2/repository/org/glassfish/jaxb/txw2/2.3.9/txw2-2.3.9.jar:/home/runner/.m2/repository/com/sun/istack/istack-commons-runtime/3.0.12/istack-commons-runtime-3.0.12.jar:/home/runner/.m2/repository/com/sun/activation/jakarta.activation/1.2.2/jakarta.activation-1.2.2.jar:/home/runner/.m2/repository/org/apache/ratis/ratis-server/3.1.2/ratis-server-3.1.2.jar:/home/runner/.m2/repository/org/apache/ratis/ratis-metrics-api/3.1.2/ratis-metrics-api-3.1.2.jar:/home/runner/.m2/repository/org/hamcrest/hamcrest/2.2/hamcrest-2.2.jar:/home/runner/.m2/repository/org/slf4j/jul-to-slf4j/2.0.17/jul-to-slf4j-2.0.17.jar:/home/runner/.m2/repository/org/apache/commons/commons-lang3/3.17.0/commons-lang3-3.17.0.jar:/home/runner/.m2/repository/org/apache/hadoop/hadoop-common/3.4.1/hadoop-common-3.4.1-tests.jar:/home/runner/.m2/repository/org/apache/hadoop/thirdparty/hadoop-shaded-protobuf_3_25/1.4.0/hadoop-shaded-protobuf_3_25-1.4.0.jar:/home/runner/.m2/repository/org/apache/hadoop/hadoop-annotations/3.4.1/hadoop-annotations-3.4.1.jar:/home/runner/.m2/repository/org/apache/hadoop/thirdparty/hadoop-shaded-guava/1.3.0/hadoop-shaded-guava-1.3.0.jar:/home/runner/.m2/repository/org/apache/commons/commons-math3/3.6.1/commons-math3-3.6.1.jar:/home/runner/.m2/repository/commons-net/commons-net/3.11.1/commons-net-3.11.1.jar:/home/runner/.m2/repository/org/eclipse/jetty/jetty-server/9.4.57.v20241219/jetty-server-9.4.57.v20241219.jar:/home/runner/.m2/repository/javax/servlet/jsp/jsp-api/2.1/jsp-api-2.1.jar:/home/runner/.m2/repository/com/sun/jersey/jersey-core/1.19.4/jersey-core-1.19.4.jar:/home/runner/.m2/repository/javax/ws/rs/jsr311-api/1.1.1/jsr311-api-1.1.1.jar:/home/runner/.m2/repository/com/sun/jersey/jersey-servlet/1.19.4/jersey-servlet-1.19.4.jar:/home/runner/.m2/repository/com/github/pjfanning/jersey-json/1.22.0/jersey-json-1.22.0.jar:/home/runner/.m2/repository/com/sun/xml/bind/jaxb-impl/2.2.3-1/jaxb-impl-2.2.3-1.jar:/home/runner/.m2/repository/org/codehaus/jettison/jettison/1.5.4/jettison-1.5.4.jar:/home/runner/.m2/repository/com/sun/jersey/jersey-server/1.19.4/jersey-server-1.19.4.jar:/home/runner/.m2/repository/commons-beanutils/commons-beanutils/1.9.4/commons-beanutils-1.9.4.jar:/home/runner/.m2/repository/org/apache/commons/commons-configuration2/2.11.0/commons-configuration2-2.11.0.jar:/home/runner/.m2/repository/org/apache/avro/avro/1.9.2/avro-1.9.2.jar:/home/runner/.m2/repository/com/google/re2j/re2j/1.7/re2j-1.7.jar:/home/runner/.m2/repository/com/google/code/gson/gson/2.10.1/gson-2.10.1.jar:/home/runner/.m2/repository/org/apache/hadoop/hadoop-auth/3.4.1/hadoop-auth-3.4.1.jar:/home/runner/.m2/repository/org/apache/curator/curator-framework/4.2.0/curator-framework-4.2.0.jar:/home/runner/.m2/repository/com/jcraft/jsch/0.1.55/jsch-0.1.55.jar:/home/runner/.m2/repository/org/apache/curator/curator-client/4.2.0/curator-client-4.2.0.jar:/home/runner/.m2/repository/org/apache/curator/curator-recipes/5.2.0/curator-recipes-5.2.0.jar:/home/runner/.m2/repository/com/google/code/findbugs/jsr305/3.0.2/jsr305-3.0.2.jar:/home/runner/.m2/repository/org/apache/zookeeper/zookeeper/3.8.4/zookeeper-3.8.4.jar:/home/runner/.m2/repository/org/apache/zookeeper/zookeeper-jute/3.8.4/zookeeper-jute-3.8.4.jar:/home/runner/.m2/repository/org/apache/yetus/audience-annotations/0.12.0/audience-annotations-0.12.0.jar:/home/runner/.m2/repository/io/netty/netty-transport-native-epoll/4.1.109.Final/netty-transport-native-epoll-4.1.109.Final.jar:/home/runner/.m2/repository/org/apache/kerby/kerb-core/1.0.1/kerb-core-1.0.1.jar:/home/runner/.m2/repository/org/apache/kerby/kerby-pkix/1.0.1/kerby-pkix-1.0.1.jar:/home/runner/.m2/repository/org/apache/kerby/kerby-asn1/1.0.1/kerby-asn1-1.0.1.jar:/home/runner/.m2/repository/org/codehaus/woodstox/stax2-api/4.2.1/stax2-api-4.2.1.jar:/home/runner/.m2/repository/com/fasterxml/woodstox/woodstox-core/5.4.0/woodstox-core-5.4.0.jar:/home/runner/.m2/repository/dnsjava/dnsjava/3.6.1/dnsjava-3.6.1.jar:/home/runner/.m2/repository/org/xerial/snappy/snappy-java/1.1.10.7/snappy-java-1.1.10.7.jar:/home/runner/.m2/repository/org/apache/hadoop/hadoop-distcp/3.4.1/hadoop-distcp-3.4.1.jar:/home/runner/.m2/repository/org/apache/hadoop/hadoop-distcp/3.4.1/hadoop-distcp-3.4.1-tests.jar:/home/runner/.m2/repository/org/apache/hadoop/hadoop-hdfs/3.4.1/hadoop-hdfs-3.4.1-tests.jar:/home/runner/.m2/repository/org/eclipse/jetty/jetty-util-ajax/9.4.57.v20241219/jetty-util-ajax-9.4.57.v20241219.jar:/home/runner/.m2/repository/commons-daemon/commons-daemon/1.4.0/commons-daemon-1.4.0.jar:/home/runner/.m2/repository/io/netty/netty-all/4.1.109.Final/netty-all-4.1.109.Final.jar:/home/runner/.m2/repository/io/netty/netty-codec-dns/4.1.109.Final/netty-codec-dns-4.1.109.Final.jar:/home/runner/.m2/repository/io/netty/netty-codec-haproxy/4.1.109.Final/netty-codec-haproxy-4.1.109.Final.jar:/home/runner/.m2/repository/io/netty/netty-codec-memcache/4.1.109.Final/netty-codec-memcache-4.1.109.Final.jar:/home/runner/.m2/repository/io/netty/netty-codec-mqtt/4.1.109.Final/netty-codec-mqtt-4.1.109.Final.jar:/home/runner/.m2/repository/io/netty/netty-codec-redis/4.1.109.Final/netty-codec-redis-4.1.109.Final.jar:/home/runner/.m2/repository/io/netty/netty-codec-smtp/4.1.109.Final/netty-codec-smtp-4.1.109.Final.jar:/home/runner/.m2/repository/io/netty/netty-codec-stomp/4.1.109.Final/netty-codec-stomp-4.1.109.Final.jar:/home/runner/.m2/repository/io/netty/netty-codec-xml/4.1.109.Final/netty-codec-xml-4.1.109.Final.jar:/home/runner/.m2/repository/io/netty/netty-handler-ssl-ocsp/4.1.109.Final/netty-handler-ssl-ocsp-4.1.109.Final.jar:/home/runner/.m2/repository/io/netty/netty-resolver-dns/4.1.109.Final/netty-resolver-dns-4.1.109.Final.jar:/home/runner/.m2/repository/io/netty/netty-transport-rxtx/4.1.109.Final/netty-transport-rxtx-4.1.109.Final.jar:/home/runner/.m2/repository/io/netty/netty-transport-sctp/4.1.109.Final/netty-transport-sctp-4.1.109.Final.jar:/home/runner/.m2/repository/io/netty/netty-transport-udt/4.1.109.Final/netty-transport-udt-4.1.109.Final.jar:/home/runner/.m2/repository/io/netty/netty-transport-classes-kqueue/4.1.109.Final/netty-transport-classes-kqueue-4.1.109.Final.jar:/home/runner/.m2/repository/io/netty/netty-resolver-dns-classes-macos/4.1.109.Final/netty-resolver-dns-classes-macos-4.1.109.Final.jar:/home/runner/.m2/repository/io/netty/netty-transport-native-epoll/4.1.109.Final/netty-transport-native-epoll-4.1.109.Final-linux-aarch_64.jar:/home/runner/.m2/repository/io/netty/netty-transport-native-epoll/4.1.109.Final/netty-transport-native-epoll-4.1.109.Final-linux-riscv64.jar:/home/runner/.m2/repository/io/netty/netty-transport-native-kqueue/4.1.109.Final/netty-transport-native-kqueue-4.1.109.Final-osx-x86_64.jar:/home/runner/.m2/repository/io/netty/netty-transport-native-kqueue/4.1.109.Final/netty-transport-native-kqueue-4.1.109.Final-osx-aarch_64.jar:/home/runner/.m2/repository/io/netty/netty-resolver-dns-native-macos/4.1.109.Final/netty-resolver-dns-native-macos-4.1.109.Final-osx-x86_64.jar:/home/runner/.m2/repository/io/netty/netty-resolver-dns-native-macos/4.1.109.Final/netty-resolver-dns-native-macos-4.1.109.Final-osx-aarch_64.jar:/home/runner/.m2/repository/org/fusesource/leveldbjni/leveldbjni-all/1.8/leveldbjni-all-1.8.jar:/home/runner/.m2/repository/org/apache/hadoop/hadoop-kms/3.4.1/hadoop-kms-3.4.1.jar:/home/runner/.m2/repository/org/apache/hadoop/hadoop-common/3.4.1/hadoop-common-3.4.1.jar:/home/runner/.m2/repository/org/apache/hadoop/hadoop-kms/3.4.1/hadoop-kms-3.4.1-tests.jar:/home/runner/.m2/repository/org/apache/hadoop/hadoop-mapreduce-client-core/3.4.1/hadoop-mapreduce-client-core-3.4.1.jar:/home/runner/.m2/repository/org/apache/hadoop/hadoop-yarn-client/3.4.1/hadoop-yarn-client-3.4.1.jar:/home/runner/.m2/repository/org/eclipse/jetty/websocket/websocket-client/9.4.53.v20231009/websocket-client-9.4.53.v20231009.jar:/home/runner/.m2/repository/org/eclipse/jetty/websocket/websocket-common/9.4.53.v20231009/websocket-common-9.4.53.v20231009.jar:/home/runner/.m2/repository/org/eclipse/jetty/websocket/websocket-api/9.4.53.v20231009/websocket-api-9.4.53.v20231009.jar:/home/runner/.m2/repository/org/apache/hadoop/hadoop-yarn-api/3.4.1/hadoop-yarn-api-3.4.1.jar:/home/runner/.m2/repository/org/apache/hadoop/hadoop-yarn-common/3.4.1/hadoop-yarn-common-3.4.1.jar:/home/runner/.m2/repository/javax/xml/bind/jaxb-api/2.2.11/jaxb-api-2.2.11.jar:/home/runner/.m2/repository/com/sun/jersey/contribs/jersey-guice/1.19.4/jersey-guice-1.19.4.jar:/home/runner/.m2/repository/org/apache/hadoop/hadoop-hdfs-client/3.4.1/hadoop-hdfs-client-3.4.1.jar:/home/runner/.m2/repository/org/apache/hadoop/hadoop-mapreduce-client-jobclient/3.4.1/hadoop-mapreduce-client-jobclient-3.4.1.jar:/home/runner/.m2/repository/org/apache/hadoop/hadoop-mapreduce-client-common/3.4.1/hadoop-mapreduce-client-common-3.4.1.jar:/home/runner/.m2/repository/org/apache/hadoop/hadoop-minikdc/3.4.1/hadoop-minikdc-3.4.1.jar:/home/runner/.m2/repository/org/apache/kerby/kerb-simplekdc/2.0.3/kerb-simplekdc-2.0.3.jar:/home/runner/.m2/repository/org/apache/kerby/kerb-client/2.0.3/kerb-client-2.0.3.jar:/home/runner/.m2/repository/org/apache/kerby/kerb-common/2.0.3/kerb-common-2.0.3.jar:/home/runner/.m2/repository/org/apache/kerby/token-provider/2.0.3/token-provider-2.0.3.jar:/home/runner/.m2/repository/org/apache/kerby/kerb-admin/2.0.3/kerb-admin-2.0.3.jar:/home/runner/.m2/repository/org/apache/kerby/kerb-server/2.0.3/kerb-server-2.0.3.jar:/home/runner/.m2/repository/org/apache/kerby/kerb-identity/2.0.3/kerb-identity-2.0.3.jar:/home/runner/.m2/repository/org/apache/kerby/kerby-xdr/2.0.3/kerby-xdr-2.0.3.jar:/home/runner/.m2/repository/junit/junit/4.13.2/junit-4.13.2.jar:/home/runner/.m2/repository/org/hamcrest/hamcrest-core/1.3/hamcrest-core-1.3.jar:/home/runner/work/ozone/ozone/hadoop-hdds/common/target/hdds-common-2.1.0-SNAPSHOT-tests.jar:/home/runner/.m2/repository/commons-validator/commons-validator/1.6/commons-validator-1.6.jar:/home/runner/.m2/repository/commons-digester/commons-digester/1.8.1/commons-digester-1.8.1.jar:/home/runner/.m2/repository/io/jaegertracing/jaeger-client/1.8.1/jaeger-client-1.8.1.jar:/home/runner/.m2/repository/io/jaegertracing/jaeger-thrift/1.8.1/jaeger-thrift-1.8.1.jar:/home/runner/.m2/repository/org/apache/thrift/libthrift/0.15.0/libthrift-0.15.0.jar:/home/runner/.m2/repository/com/squareup/okhttp3/okhttp/4.12.0/okhttp-4.12.0.jar:/home/runner/.m2/repository/com/squareup/okio/okio/3.6.0/okio-3.6.0.jar:/home/runner/.m2/repository/com/squareup/okio/okio-jvm/3.6.0/okio-jvm-3.6.0.jar:/home/runner/.m2/repository/org/jetbrains/kotlin/kotlin-stdlib-common/1.9.25/kotlin-stdlib-common-1.9.25.jar:/home/runner/.m2/repository/org/jetbrains/kotlin/kotlin-stdlib-jdk8/1.9.25/kotlin-stdlib-jdk8-1.9.25.jar:/home/runner/.m2/repository/org/jetbrains/kotlin/kotlin-stdlib-jdk7/1.9.25/kotlin-stdlib-jdk7-1.9.25.jar:/home/runner/.m2/repository/io/jaegertracing/jaeger-tracerresolver/1.8.1/jaeger-tracerresolver-1.8.1.jar:/home/runner/.m2/repository/io/opentracing/contrib/opentracing-tracerresolver/0.1.8/opentracing-tracerresolver-0.1.8.jar:/home/runner/.m2/repository/io/jaegertracing/jaeger-core/1.8.1/jaeger-core-1.8.1.jar:/home/runner/.m2/repository/javax/annotation/javax.annotation-api/1.3.2/javax.annotation-api-1.3.2.jar:/home/runner/work/ozone/ozone/hadoop-hdds/annotations/target/hdds-annotation-processing-2.1.0-SNAPSHOT.jar:/home/runner/.m2/repository/org/apache/ratis/ratis-metrics-dropwizard3/3.1.2/ratis-metrics-dropwizard3-3.1.2.jar:/home/runner/.m2/repository/org/bouncycastle/bcutil-jdk18on/1.80/bcutil-jdk18on-1.80.jar:/home/runner/.m2/repository/org/jetbrains/kotlin/kotlin-stdlib/1.9.25/kotlin-stdlib-1.9.25.jar:/home/runner/.m2/repository/org/jetbrains/annotations/13.0/annotations-13.0.jar:/home/runner/.m2/repository/org/slf4j/jcl-over-slf4j/2.0.17/jcl-over-slf4j-2.0.17.jar:/home/runner/.m2/repository/org/yaml/snakeyaml/2.0/snakeyaml-2.0.jar:/home/runner/work/ozone/ozone/hadoop-hdds/container-service/target/hdds-container-service-2.1.0-SNAPSHOT-tests.jar:/home/runner/.m2/repository/com/github/luben/zstd-jni/1.5.7-2/zstd-jni-1.5.7-2.jar:/home/runner/.m2/repository/io/netty/netty-buffer/4.1.109.Final/netty-buffer-4.1.109.Final.jar:/home/runner/.m2/repository/io/netty/netty-codec/4.1.109.Final/netty-codec-4.1.109.Final.jar:/home/runner/work/ozone/ozone/hadoop-hdds/framework/target/hdds-server-framework-2.1.0-SNAPSHOT-tests.jar:/home/runner/.m2/repository/com/github/jnr/jnr-constants/0.10.4/jnr-constants-0.10.4.jar:/home/runner/.m2/repository/com/github/jnr/jnr-posix/3.1.20/jnr-posix-3.1.20.jar:/home/runner/.m2/repository/com/github/jnr/jnr-ffi/2.2.17/jnr-ffi-2.2.17.jar:/home/runner/.m2/repository/com/github/jnr/jffi/1.3.13/jffi-1.3.13.jar:/home/runner/.m2/repository/com/github/jnr/jffi/1.3.13/jffi-1.3.13-native.jar:/home/runner/.m2/repository/org/ow2/asm/asm/9.7.1/asm-9.7.1.jar:/home/runner/.m2/repository/org/ow2/asm/asm-commons/9.7.1/asm-commons-9.7.1.jar:/home/runner/.m2/repository/org/ow2/asm/asm-analysis/9.7.1/asm-analysis-9.7.1.jar:/home/runner/.m2/repository/org/ow2/asm/asm-tree/9.7.1/asm-tree-9.7.1.jar:/home/runner/.m2/repository/org/ow2/asm/asm-util/9.7.1/asm-util-9.7.1.jar:/home/runner/.m2/repository/com/github/jnr/jnr-a64asm/1.0.0/jnr-a64asm-1.0.0.jar:/home/runner/.m2/repository/com/github/jnr/jnr-x86asm/1.0.2/jnr-x86asm-1.0.2.jar:/home/runner/.m2/repository/commons-fileupload/commons-fileupload/1.5/commons-fileupload-1.5.jar:/home/runner/.m2/repository/io/prometheus/simpleclient/0.16.0/simpleclient-0.16.0.jar:/home/runner/.m2/repository/io/prometheus/simpleclient_common/0.16.0/simpleclient_common-0.16.0.jar:/home/runner/.m2/repository/io/prometheus/simpleclient_dropwizard/0.16.0/simpleclient_dropwizard-0.16.0.jar:/home/runner/.m2/repository/org/apache/logging/log4j/log4j-core/2.24.2/log4j-core-2.24.2.jar:/home/runner/.m2/repository/org/eclipse/jetty/jetty-http/9.4.57.v20241219/jetty-http-9.4.57.v20241219.jar:/home/runner/.m2/repository/com/lmax/disruptor/3.4.4/disruptor-3.4.4.jar:/home/runner/work/ozone/ozone/hadoop-hdds/server-scm/target/hdds-server-scm-2.1.0-SNAPSHOT-tests.jar:/home/runner/work/ozone/ozone/hadoop-hdds/test-utils/target/hdds-test-utils-2.1.0-SNAPSHOT-tests.jar:/home/runner/work/ozone/ozone/hadoop-ozone/ozone-manager/target/ozone-manager-2.1.0-SNAPSHOT-tests.jar:/home/runner/work/ozone/ozone/hadoop-ozone/mini-cluster/target/ozone-mini-cluster-2.1.0-SNAPSHOT.jar:/home/runner/.m2/repository/org/assertj/assertj-core/3.27.3/assertj-core-3.27.3.jar:/home/runner/.m2/repository/net/bytebuddy/byte-buddy/1.15.11/byte-buddy-1.15.11.jar:/home/runner/.m2/repository/org/junit/jupiter/junit-jupiter-api/5.12.2/junit-jupiter-api-5.12.2.jar:/home/runner/.m2/repository/org/opentest4j/opentest4j/1.3.0/opentest4j-1.3.0.jar:/home/runner/.m2/repository/org/junit/platform/junit-platform-commons/1.12.2/junit-platform-commons-1.12.2.jar:/home/runner/.m2/repository/org/apiguardian/apiguardian-api/1.1.2/apiguardian-api-1.1.2.jar:/home/runner/.m2/repository/org/junit/jupiter/junit-jupiter-params/5.12.2/junit-jupiter-params-5.12.2.jar:/home/runner/.m2/repository/org/mockito/mockito-core/4.11.0/mockito-core-4.11.0.jar:/home/runner/.m2/repository/net/bytebuddy/byte-buddy-agent/1.12.19/byte-buddy-agent-1.12.19.jar:/home/runner/.m2/repository/org/objenesis/objenesis/3.3/objenesis-3.3.jar:/home/runner/.m2/repository/org/mockito/mockito-inline/4.11.0/mockito-inline-4.11.0.jar:/home/runner/.m2/repository/org/mockito/mockito-junit-jupiter/4.11.0/mockito-junit-jupiter-4.11.0.jar:/home/runner/work/ozone/ozone/hadoop-ozone/integration-test/target/gradle-enterprise/test-listeners.jar:"/>
    <property name="java.vm.vendor" value="Eclipse Adoptium"/>
    <property name="sun.arch.data.model" value="64"/>
    <property name="test.build.dir" value="/home/runner/work/ozone/ozone/hadoop-ozone/integration-test/target/test-dir"/>
    <property name="test.cache.data" value=""/>
    <property name="java.vendor.url" value="https://adoptium.net/"/>
    <property name="user.timezone" value="Etc/UTC"/>
    <property name="maven-surefire-plugin.argLineAccessArgs" value=" --add-opens java.management/com.sun.jmx.mbeanserver=ALL-UNNAMED --add-exports java.management/com.sun.jmx.mbeanserver=ALL-UNNAMED --add-opens java.base/java.nio=ALL-UNNAMED --add-opens java.base/java.lang=ALL-UNNAMED --add-opens java.base/java.lang.reflect=ALL-UNNAMED"/>
    <property name="os.name" value="Linux"/>
    <property name="java.vm.specification.version" value="21"/>
    <property name="test.build.data" value="/home/runner/work/ozone/ozone/hadoop-ozone/integration-test/target/test-dir"/>
    <property name="sun.java.launcher" value="SUN_STANDARD"/>
    <property name="sun.boot.library.path" value="/usr/lib/jvm/temurin-21-jdk-amd64/lib"/>
    <property name="sun.java.command" value="/home/runner/work/ozone/ozone/hadoop-ozone/integration-test/target/surefire/surefirebooter-20250423152253194_1656.jar /home/runner/work/ozone/ozone/hadoop-ozone/integration-test/target/surefire 2025-04-23T15-01-09_372-jvmRun1 surefire-20250423152253194_1654tmp surefire_204-20250423152253194_1655tmp"/>
    <property name="jdk.debug" value="release"/>
    <property name="native.lib.tmp.dir" value="/tmp"/>
    <property name="surefire.test.class.path" value="/home/runner/work/ozone/ozone/hadoop-ozone/integration-test/target/test-classes:/home/runner/work/ozone/ozone/hadoop-ozone/integration-test/target/classes:/home/runner/work/ozone/ozone/hadoop-hdds/server-scm/target/hdds-server-scm-2.1.0-SNAPSHOT.jar:/home/runner/.m2/repository/com/fasterxml/jackson/core/jackson-annotations/2.16.2/jackson-annotations-2.16.2.jar:/home/runner/.m2/repository/com/fasterxml/jackson/core/jackson-core/2.16.2/jackson-core-2.16.2.jar:/home/runner/.m2/repository/com/fasterxml/jackson/core/jackson-databind/2.16.2/jackson-databind-2.16.2.jar:/home/runner/.m2/repository/com/google/guava/guava/32.1.3-jre/guava-32.1.3-jre.jar:/home/runner/.m2/repository/com/google/guava/failureaccess/1.0.1/failureaccess-1.0.1.jar:/home/runner/.m2/repository/com/google/guava/listenablefuture/9999.0-empty-to-avoid-conflict-with-guava/listenablefuture-9999.0-empty-to-avoid-conflict-with-guava.jar:/home/runner/.m2/repository/org/checkerframework/checker-qual/3.37.0/checker-qual-3.37.0.jar:/home/runner/.m2/repository/com/google/errorprone/error_prone_annotations/2.29.2/error_prone_annotations-2.29.2.jar:/home/runner/.m2/repository/com/google/j2objc/j2objc-annotations/2.8/j2objc-annotations-2.8.jar:/home/runner/.m2/repository/com/google/protobuf/protobuf-java/2.5.0/protobuf-java-2.5.0.jar:/home/runner/.m2/repository/commons-collections/commons-collections/3.2.2/commons-collections-3.2.2.jar:/home/runner/.m2/repository/commons-io/commons-io/2.18.0/commons-io-2.18.0.jar:/home/runner/.m2/repository/info/picocli/picocli/4.7.7/picocli-4.7.7.jar:/home/runner/.m2/repository/io/dropwizard/metrics/metrics-core/3.2.6/metrics-core-3.2.6.jar:/home/runner/.m2/repository/jakarta/annotation/jakarta.annotation-api/2.1.1/jakarta.annotation-api-2.1.1.jar:/home/runner/.m2/repository/javax/servlet/javax.servlet-api/3.1.0/javax.servlet-api-3.1.0.jar:/home/runner/.m2/repository/org/apache/commons/commons-compress/1.27.1/commons-compress-1.27.1.jar:/home/runner/.m2/repository/org/apache/commons/commons-text/1.12.0/commons-text-1.12.0.jar:/home/runner/work/ozone/ozone/hadoop-hdds/client/target/hdds-client-2.1.0-SNAPSHOT.jar:/home/runner/work/ozone/ozone/hadoop-hdds/common/target/hdds-common-2.1.0-SNAPSHOT.jar:/home/runner/work/ozone/ozone/hadoop-hdds/config/target/hdds-config-2.1.0-SNAPSHOT.jar:/home/runner/work/ozone/ozone/hadoop-hdds/container-service/target/hdds-container-service-2.1.0-SNAPSHOT.jar:/home/runner/work/ozone/ozone/hadoop-hdds/hadoop-dependency-client/target/hdds-hadoop-dependency-client-2.1.0-SNAPSHOT.jar:/home/runner/.m2/repository/com/nimbusds/nimbus-jose-jwt/9.40/nimbus-jose-jwt-9.40.jar:/home/runner/work/ozone/ozone/hadoop-hdds/hadoop-dependency-server/target/hdds-hadoop-dependency-server-2.1.0-SNAPSHOT.jar:/home/runner/.m2/repository/org/apache/hadoop/hadoop-hdfs/3.4.1/hadoop-hdfs-3.4.1.jar:/home/runner/.m2/repository/org/apache/kerby/kerb-util/1.0.1/kerb-util-1.0.1.jar:/home/runner/.m2/repository/org/apache/kerby/kerby-config/1.0.1/kerby-config-1.0.1.jar:/home/runner/.m2/repository/org/apache/kerby/kerb-crypto/1.0.1/kerb-crypto-1.0.1.jar:/home/runner/work/ozone/ozone/hadoop-hdds/interface-admin/target/hdds-interface-admin-2.1.0-SNAPSHOT.jar:/home/runner/work/ozone/ozone/hadoop-hdds/interface-client/target/hdds-interface-client-2.1.0-SNAPSHOT.jar:/home/runner/work/ozone/ozone/hadoop-hdds/interface-server/target/hdds-interface-server-2.1.0-SNAPSHOT.jar:/home/runner/work/ozone/ozone/hadoop-hdds/framework/target/hdds-server-framework-2.1.0-SNAPSHOT.jar:/home/runner/.m2/repository/org/apache/ratis/ratis-client/3.1.2/ratis-client-3.1.2.jar:/home/runner/.m2/repository/org/apache/ratis/ratis-common/3.1.2/ratis-common-3.1.2.jar:/home/runner/.m2/repository/org/apache/ratis/ratis-grpc/3.1.2/ratis-grpc-3.1.2.jar:/home/runner/.m2/repository/org/apache/ratis/ratis-netty/3.1.2/ratis-netty-3.1.2.jar:/home/runner/.m2/repository/org/apache/ratis/ratis-proto/3.1.2/ratis-proto-3.1.2.jar:/home/runner/.m2/repository/org/apache/ratis/ratis-server-api/3.1.2/ratis-server-api-3.1.2.jar:/home/runner/.m2/repository/org/apache/ratis/ratis-thirdparty-misc/1.0.6/ratis-thirdparty-misc-1.0.6.jar:/home/runner/.m2/repository/org/bouncycastle/bcpkix-jdk18on/1.80/bcpkix-jdk18on-1.80.jar:/home/runner/.m2/repository/org/bouncycastle/bcprov-jdk18on/1.80/bcprov-jdk18on-1.80.jar:/home/runner/.m2/repository/org/eclipse/jetty/jetty-webapp/9.4.57.v20241219/jetty-webapp-9.4.57.v20241219.jar:/home/runner/.m2/repository/org/eclipse/jetty/jetty-xml/9.4.57.v20241219/jetty-xml-9.4.57.v20241219.jar:/home/runner/.m2/repository/org/slf4j/slf4j-api/2.0.17/slf4j-api-2.0.17.jar:/home/runner/work/ozone/ozone/hadoop-hdds/tools/target/hdds-tools-2.1.0-SNAPSHOT.jar:/home/runner/.m2/repository/ch/qos/reload4j/reload4j/1.2.26/reload4j-1.2.26.jar:/home/runner/.m2/repository/com/fasterxml/jackson/datatype/jackson-datatype-jsr310/2.16.2/jackson-datatype-jsr310-2.16.2.jar:/home/runner/.m2/repository/commons-cli/commons-cli/1.8.0/commons-cli-1.8.0.jar:/home/runner/.m2/repository/org/apache/ratis/ratis-tools/3.1.2/ratis-tools-3.1.2.jar:/home/runner/.m2/repository/org/kohsuke/metainf-services/metainf-services/1.11/metainf-services-1.11.jar:/home/runner/.m2/repository/org/slf4j/slf4j-reload4j/2.0.17/slf4j-reload4j-2.0.17.jar:/home/runner/.m2/repository/org/xerial/sqlite-jdbc/3.49.1.0/sqlite-jdbc-3.49.1.0.jar:/home/runner/work/ozone/ozone/hadoop-ozone/cli-shell/target/ozone-cli-shell-2.1.0-SNAPSHOT.jar:/home/runner/.m2/repository/commons-codec/commons-codec/1.17.1/commons-codec-1.17.1.jar:/home/runner/.m2/repository/info/picocli/picocli-shell-jline3/4.7.7/picocli-shell-jline3-4.7.7.jar:/home/runner/.m2/repository/jakarta/xml/bind/jakarta.xml.bind-api/2.3.3/jakarta.xml.bind-api-2.3.3.jar:/home/runner/.m2/repository/org/apache/httpcomponents/httpclient/4.5.14/httpclient-4.5.14.jar:/home/runner/work/ozone/ozone/hadoop-ozone/ozonefs-common/target/ozone-filesystem-common-2.1.0-SNAPSHOT.jar:/home/runner/work/ozone/ozone/hadoop-ozone/interface-client/target/ozone-interface-client-2.1.0-SNAPSHOT.jar:/home/runner/.m2/repository/org/jline/jline/3.29.0/jline-3.29.0.jar:/home/runner/work/ozone/ozone/hadoop-ozone/client/target/ozone-client-2.1.0-SNAPSHOT.jar:/home/runner/.m2/repository/com/github/stephenc/jcip/jcip-annotations/1.0-1/jcip-annotations-1.0-1.jar:/home/runner/work/ozone/ozone/hadoop-hdds/erasurecode/target/hdds-erasurecode-2.1.0-SNAPSHOT.jar:/home/runner/work/ozone/ozone/hadoop-ozone/common/target/ozone-common-2.1.0-SNAPSHOT.jar:/home/runner/.m2/repository/io/grpc/grpc-api/1.58.0/grpc-api-1.58.0.jar:/home/runner/.m2/repository/io/grpc/grpc-netty/1.58.0/grpc-netty-1.58.0.jar:/home/runner/.m2/repository/io/grpc/grpc-core/1.58.0/grpc-core-1.58.0.jar:/home/runner/.m2/repository/com/google/android/annotations/4.1.1.4/annotations-4.1.1.4.jar:/home/runner/.m2/repository/org/codehaus/mojo/animal-sniffer-annotations/1.23/animal-sniffer-annotations-1.23.jar:/home/runner/.m2/repository/io/grpc/grpc-context/1.58.0/grpc-context-1.58.0.jar:/home/runner/.m2/repository/io/grpc/grpc-util/1.58.0/grpc-util-1.58.0.jar:/home/runner/.m2/repository/io/perfmark/perfmark-api/0.26.0/perfmark-api-0.26.0.jar:/home/runner/.m2/repository/io/grpc/grpc-stub/1.58.0/grpc-stub-1.58.0.jar:/home/runner/.m2/repository/io/netty/netty-codec-http2/4.1.109.Final/netty-codec-http2-4.1.109.Final.jar:/home/runner/.m2/repository/io/netty/netty-codec-http/4.1.109.Final/netty-codec-http-4.1.109.Final.jar:/home/runner/.m2/repository/io/netty/netty-common/4.1.109.Final/netty-common-4.1.109.Final.jar:/home/runner/.m2/repository/io/netty/netty-handler/4.1.109.Final/netty-handler-4.1.109.Final.jar:/home/runner/.m2/repository/io/netty/netty-resolver/4.1.109.Final/netty-resolver-4.1.109.Final.jar:/home/runner/.m2/repository/io/netty/netty-handler-proxy/4.1.109.Final/netty-handler-proxy-4.1.109.Final.jar:/home/runner/.m2/repository/io/netty/netty-codec-socks/4.1.109.Final/netty-codec-socks-4.1.109.Final.jar:/home/runner/.m2/repository/org/apache/httpcomponents/httpcore/4.4.16/httpcore-4.4.16.jar:/home/runner/.m2/repository/io/netty/netty-tcnative-boringssl-static/2.0.65.Final/netty-tcnative-boringssl-static-2.0.65.Final.jar:/home/runner/.m2/repository/io/netty/netty-tcnative-classes/2.0.65.Final/netty-tcnative-classes-2.0.65.Final.jar:/home/runner/.m2/repository/io/netty/netty-tcnative-boringssl-static/2.0.65.Final/netty-tcnative-boringssl-static-2.0.65.Final-linux-x86_64.jar:/home/runner/.m2/repository/io/netty/netty-tcnative-boringssl-static/2.0.65.Final/netty-tcnative-boringssl-static-2.0.65.Final-linux-aarch_64.jar:/home/runner/.m2/repository/io/netty/netty-tcnative-boringssl-static/2.0.65.Final/netty-tcnative-boringssl-static-2.0.65.Final-osx-x86_64.jar:/home/runner/.m2/repository/io/netty/netty-tcnative-boringssl-static/2.0.65.Final/netty-tcnative-boringssl-static-2.0.65.Final-osx-aarch_64.jar:/home/runner/.m2/repository/io/netty/netty-tcnative-boringssl-static/2.0.65.Final/netty-tcnative-boringssl-static-2.0.65.Final-windows-x86_64.jar:/home/runner/work/ozone/ozone/hadoop-ozone/csi/target/ozone-csi-2.1.0-SNAPSHOT.jar:/home/runner/.m2/repository/com/google/protobuf/protobuf-java-util/3.19.6/protobuf-java-util-3.19.6.jar:/home/runner/.m2/repository/io/grpc/grpc-protobuf/1.58.0/grpc-protobuf-1.58.0.jar:/home/runner/.m2/repository/com/google/api/grpc/proto-google-common-protos/2.22.0/proto-google-common-protos-2.22.0.jar:/home/runner/.m2/repository/io/grpc/grpc-protobuf-lite/1.58.0/grpc-protobuf-lite-1.58.0.jar:/home/runner/.m2/repository/io/netty/netty-transport/4.1.109.Final/netty-transport-4.1.109.Final.jar:/home/runner/.m2/repository/io/netty/netty-transport-classes-epoll/4.1.109.Final/netty-transport-classes-epoll-4.1.109.Final.jar:/home/runner/.m2/repository/io/netty/netty-transport-native-epoll/4.1.109.Final/netty-transport-native-epoll-4.1.109.Final-linux-x86_64.jar:/home/runner/.m2/repository/io/netty/netty-transport-native-unix-common/4.1.109.Final/netty-transport-native-unix-common-4.1.109.Final.jar:/home/runner/work/ozone/ozone/hadoop-ozone/ozonefs/target/ozone-filesystem-2.1.0-SNAPSHOT.jar:/home/runner/.m2/repository/io/opentracing/opentracing-api/0.33.0/opentracing-api-0.33.0.jar:/home/runner/.m2/repository/io/opentracing/opentracing-util/0.33.0/opentracing-util-0.33.0.jar:/home/runner/.m2/repository/io/opentracing/opentracing-noop/0.33.0/opentracing-noop-0.33.0.jar:/home/runner/work/ozone/ozone/hadoop-ozone/ozone-manager/target/ozone-manager-2.1.0-SNAPSHOT.jar:/home/runner/.m2/repository/com/sun/jersey/jersey-client/1.19.4/jersey-client-1.19.4.jar:/home/runner/.m2/repository/org/apache/kerby/kerby-util/1.0.1/kerby-util-1.0.1.jar:/home/runner/.m2/repository/org/apache/logging/log4j/log4j-api/2.24.2/log4j-api-2.24.2.jar:/home/runner/work/ozone/ozone/hadoop-hdds/managed-rocksdb/target/hdds-managed-rocksdb-2.1.0-SNAPSHOT.jar:/home/runner/work/ozone/ozone/hadoop-hdds/rocks-native/target/hdds-rocks-native-2.1.0-SNAPSHOT.jar:/home/runner/.m2/repository/org/eclipse/jetty/jetty-io/9.4.57.v20241219/jetty-io-9.4.57.v20241219.jar:/home/runner/work/ozone/ozone/hadoop-ozone/interface-storage/target/ozone-interface-storage-2.1.0-SNAPSHOT.jar:/home/runner/work/ozone/ozone/hadoop-hdds/rocksdb-checkpoint-differ/target/rocksdb-checkpoint-differ-2.1.0-SNAPSHOT.jar:/home/runner/.m2/repository/com/github/vlsi/mxgraph/jgraphx/3.9.12/jgraphx-3.9.12.jar:/home/runner/.m2/repository/org/jgrapht/jgrapht-core/1.4.0/jgrapht-core-1.4.0.jar:/home/runner/.m2/repository/org/jheaps/jheaps/0.11/jheaps-0.11.jar:/home/runner/.m2/repository/org/jgrapht/jgrapht-ext/1.4.0/jgrapht-ext-1.4.0.jar:/home/runner/.m2/repository/org/apache/ranger/ranger-intg/2.6.0/ranger-intg-2.6.0.jar:/home/runner/.m2/repository/org/apache/ranger/ranger-plugins-common/2.6.0/ranger-plugins-common-2.6.0.jar:/home/runner/.m2/repository/com/fasterxml/jackson/jaxrs/jackson-jaxrs-base/2.16.2/jackson-jaxrs-base-2.16.2.jar:/home/runner/.m2/repository/com/fasterxml/jackson/jaxrs/jackson-jaxrs-json-provider/2.16.2/jackson-jaxrs-json-provider-2.16.2.jar:/home/runner/.m2/repository/com/kstruct/gethostname4j/1.0.0/gethostname4j-1.0.0.jar:/home/runner/.m2/repository/commons-lang/commons-lang/2.6/commons-lang-2.6.jar:/home/runner/.m2/repository/net/java/dev/jna/jna/5.2.0/jna-5.2.0.jar:/home/runner/.m2/repository/net/java/dev/jna/jna-platform/5.2.0/jna-platform-5.2.0.jar:/home/runner/.m2/repository/org/apache/ranger/ranger-plugin-classloader/2.6.0/ranger-plugin-classloader-2.6.0.jar:/home/runner/.m2/repository/org/apache/ranger/ranger-plugins-audit/2.6.0/ranger-plugins-audit-2.6.0.jar:/home/runner/.m2/repository/com/amazonaws/aws-java-sdk-logs/1.12.765/aws-java-sdk-logs-1.12.765.jar:/home/runner/.m2/repository/com/carrotsearch/hppc/0.8.0/hppc-0.8.0.jar:/home/runner/.m2/repository/io/airlift/aircompressor/0.27/aircompressor-0.27.jar:/home/runner/.m2/repository/org/apache/httpcomponents/httpasyncclient/4.1.4/httpasyncclient-4.1.4.jar:/home/runner/.m2/repository/org/apache/httpcomponents/httpcore-nio/4.4.16/httpcore-nio-4.4.16.jar:/home/runner/.m2/repository/org/apache/httpcomponents/httpmime/4.5.13/httpmime-4.5.13.jar:/home/runner/.m2/repository/org/apache/orc/orc-core/1.5.8/orc-core-1.5.8.jar:/home/runner/.m2/repository/org/apache/orc/orc-shims/1.5.8/orc-shims-1.5.8.jar:/home/runner/.m2/repository/org/eclipse/jetty/jetty-client/9.4.57.v20241219/jetty-client-9.4.57.v20241219.jar:/home/runner/.m2/repository/org/apache/ranger/ranger-plugins-cred/2.6.0/ranger-plugins-cred-2.6.0.jar:/home/runner/.m2/repository/org/aspectj/aspectjrt/1.9.7/aspectjrt-1.9.7.jar:/home/runner/.m2/repository/org/aspectj/aspectjweaver/1.9.7/aspectjweaver-1.9.7.jar:/home/runner/.m2/repository/org/eclipse/jetty/jetty-util/9.4.57.v20241219/jetty-util-9.4.57.v20241219.jar:/home/runner/.m2/repository/org/reflections/reflections/0.10.2/reflections-0.10.2.jar:/home/runner/.m2/repository/org/rocksdb/rocksdbjni/7.7.3/rocksdbjni-7.7.3.jar:/home/runner/work/ozone/ozone/hadoop-ozone/recon/target/ozone-recon-2.1.0-SNAPSHOT.jar:/home/runner/.m2/repository/aopalliance/aopalliance/1.0/aopalliance-1.0.jar:/home/runner/.m2/repository/com/google/inject/guice/6.0.0/guice-6.0.0.jar:/home/runner/.m2/repository/jakarta/inject/jakarta.inject-api/2.0.1/jakarta.inject-api-2.0.1.jar:/home/runner/.m2/repository/com/google/inject/extensions/guice-assistedinject/6.0.0/guice-assistedinject-6.0.0.jar:/home/runner/.m2/repository/com/google/inject/extensions/guice-servlet/6.0.0/guice-servlet-6.0.0.jar:/home/runner/.m2/repository/com/jolbox/bonecp/0.8.0.RELEASE/bonecp-0.8.0.RELEASE.jar:/home/runner/.m2/repository/jakarta/activation/jakarta.activation-api/1.2.2/jakarta.activation-api-1.2.2.jar:/home/runner/.m2/repository/jakarta/validation/jakarta.validation-api/2.0.2/jakarta.validation-api-2.0.2.jar:/home/runner/.m2/repository/jakarta/ws/rs/jakarta.ws.rs-api/2.1.6/jakarta.ws.rs-api-2.1.6.jar:/home/runner/.m2/repository/javax/inject/javax.inject/1/javax.inject-1.jar:/home/runner/.m2/repository/org/apache/derby/derby/10.14.2.0/derby-10.14.2.0.jar:/home/runner/work/ozone/ozone/hadoop-ozone/recon-codegen/target/ozone-reconcodegen-2.1.0-SNAPSHOT.jar:/home/runner/.m2/repository/org/eclipse/jetty/jetty-servlet/9.4.57.v20241219/jetty-servlet-9.4.57.v20241219.jar:/home/runner/.m2/repository/org/eclipse/jetty/jetty-security/9.4.57.v20241219/jetty-security-9.4.57.v20241219.jar:/home/runner/.m2/repository/org/glassfish/hk2/guice-bridge/2.6.1/guice-bridge-2.6.1.jar:/home/runner/.m2/repository/org/glassfish/hk2/hk2-api/2.6.1/hk2-api-2.6.1.jar:/home/runner/.m2/repository/org/glassfish/hk2/hk2-utils/2.6.1/hk2-utils-2.6.1.jar:/home/runner/.m2/repository/org/glassfish/hk2/external/aopalliance-repackaged/2.6.1/aopalliance-repackaged-2.6.1.jar:/home/runner/.m2/repository/org/glassfish/hk2/external/jakarta.inject/2.6.1/jakarta.inject-2.6.1.jar:/home/runner/.m2/repository/org/glassfish/jersey/containers/jersey-container-servlet/2.46/jersey-container-servlet-2.46.jar:/home/runner/.m2/repository/org/glassfish/jersey/containers/jersey-container-servlet-core/2.46/jersey-container-servlet-core-2.46.jar:/home/runner/.m2/repository/org/glassfish/jersey/core/jersey-common/2.46/jersey-common-2.46.jar:/home/runner/.m2/repository/org/glassfish/hk2/osgi-resource-locator/1.0.3/osgi-resource-locator-1.0.3.jar:/home/runner/.m2/repository/org/glassfish/jersey/core/jersey-server/2.46/jersey-server-2.46.jar:/home/runner/.m2/repository/org/glassfish/jersey/core/jersey-client/2.46/jersey-client-2.46.jar:/home/runner/.m2/repository/org/glassfish/jersey/inject/jersey-hk2/2.46/jersey-hk2-2.46.jar:/home/runner/.m2/repository/org/glassfish/hk2/hk2-locator/2.6.1/hk2-locator-2.6.1.jar:/home/runner/.m2/repository/org/glassfish/jersey/media/jersey-media-jaxb/2.46/jersey-media-jaxb-2.46.jar:/home/runner/.m2/repository/org/glassfish/jersey/media/jersey-media-json-jackson/2.46/jersey-media-json-jackson-2.46.jar:/home/runner/.m2/repository/org/glassfish/jersey/ext/jersey-entity-filtering/2.46/jersey-entity-filtering-2.46.jar:/home/runner/.m2/repository/com/fasterxml/jackson/module/jackson-module-jaxb-annotations/2.16.2/jackson-module-jaxb-annotations-2.16.2.jar:/home/runner/.m2/repository/org/javassist/javassist/3.30.2-GA/javassist-3.30.2-GA.jar:/home/runner/.m2/repository/org/jooq/jooq/3.11.10/jooq-3.11.10.jar:/home/runner/.m2/repository/org/jooq/jooq-codegen/3.11.10/jooq-codegen-3.11.10.jar:/home/runner/.m2/repository/org/jooq/jooq-meta/3.11.10/jooq-meta-3.11.10.jar:/home/runner/.m2/repository/org/springframework/spring-core/5.3.39/spring-core-5.3.39.jar:/home/runner/.m2/repository/org/springframework/spring-jdbc/5.3.39/spring-jdbc-5.3.39.jar:/home/runner/.m2/repository/org/springframework/spring-beans/5.3.39/spring-beans-5.3.39.jar:/home/runner/.m2/repository/org/springframework/spring-tx/5.3.39/spring-tx-5.3.39.jar:/home/runner/work/ozone/ozone/hadoop-ozone/s3gateway/target/ozone-s3gateway-2.1.0-SNAPSHOT.jar:/home/runner/work/ozone/ozone/hadoop-ozone/tools/target/ozone-tools-2.1.0-SNAPSHOT.jar:/home/runner/.m2/repository/com/amazonaws/aws-java-sdk-core/1.12.661/aws-java-sdk-core-1.12.661.jar:/home/runner/.m2/repository/com/fasterxml/jackson/dataformat/jackson-dataformat-cbor/2.16.2/jackson-dataformat-cbor-2.16.2.jar:/home/runner/.m2/repository/joda-time/joda-time/2.12.7/joda-time-2.12.7.jar:/home/runner/.m2/repository/com/amazonaws/aws-java-sdk-s3/1.12.661/aws-java-sdk-s3-1.12.661.jar:/home/runner/.m2/repository/com/amazonaws/aws-java-sdk-kms/1.12.661/aws-java-sdk-kms-1.12.661.jar:/home/runner/.m2/repository/com/amazonaws/jmespath-java/1.12.661/jmespath-java-1.12.661.jar:/home/runner/.m2/repository/org/apache/ratis/ratis-shell/3.1.2/ratis-shell-3.1.2.jar:/home/runner/.m2/repository/org/glassfish/jaxb/jaxb-runtime/2.3.9/jaxb-runtime-2.3.9.jar:/home/runner/.m2/repository/org/glassfish/jaxb/txw2/2.3.9/txw2-2.3.9.jar:/home/runner/.m2/repository/com/sun/istack/istack-commons-runtime/3.0.12/istack-commons-runtime-3.0.12.jar:/home/runner/.m2/repository/com/sun/activation/jakarta.activation/1.2.2/jakarta.activation-1.2.2.jar:/home/runner/.m2/repository/org/apache/ratis/ratis-server/3.1.2/ratis-server-3.1.2.jar:/home/runner/.m2/repository/org/apache/ratis/ratis-metrics-api/3.1.2/ratis-metrics-api-3.1.2.jar:/home/runner/.m2/repository/org/hamcrest/hamcrest/2.2/hamcrest-2.2.jar:/home/runner/.m2/repository/org/slf4j/jul-to-slf4j/2.0.17/jul-to-slf4j-2.0.17.jar:/home/runner/.m2/repository/org/apache/commons/commons-lang3/3.17.0/commons-lang3-3.17.0.jar:/home/runner/.m2/repository/org/apache/hadoop/hadoop-common/3.4.1/hadoop-common-3.4.1-tests.jar:/home/runner/.m2/repository/org/apache/hadoop/thirdparty/hadoop-shaded-protobuf_3_25/1.4.0/hadoop-shaded-protobuf_3_25-1.4.0.jar:/home/runner/.m2/repository/org/apache/hadoop/hadoop-annotations/3.4.1/hadoop-annotations-3.4.1.jar:/home/runner/.m2/repository/org/apache/hadoop/thirdparty/hadoop-shaded-guava/1.3.0/hadoop-shaded-guava-1.3.0.jar:/home/runner/.m2/repository/org/apache/commons/commons-math3/3.6.1/commons-math3-3.6.1.jar:/home/runner/.m2/repository/commons-net/commons-net/3.11.1/commons-net-3.11.1.jar:/home/runner/.m2/repository/org/eclipse/jetty/jetty-server/9.4.57.v20241219/jetty-server-9.4.57.v20241219.jar:/home/runner/.m2/repository/javax/servlet/jsp/jsp-api/2.1/jsp-api-2.1.jar:/home/runner/.m2/repository/com/sun/jersey/jersey-core/1.19.4/jersey-core-1.19.4.jar:/home/runner/.m2/repository/javax/ws/rs/jsr311-api/1.1.1/jsr311-api-1.1.1.jar:/home/runner/.m2/repository/com/sun/jersey/jersey-servlet/1.19.4/jersey-servlet-1.19.4.jar:/home/runner/.m2/repository/com/github/pjfanning/jersey-json/1.22.0/jersey-json-1.22.0.jar:/home/runner/.m2/repository/com/sun/xml/bind/jaxb-impl/2.2.3-1/jaxb-impl-2.2.3-1.jar:/home/runner/.m2/repository/org/codehaus/jettison/jettison/1.5.4/jettison-1.5.4.jar:/home/runner/.m2/repository/com/sun/jersey/jersey-server/1.19.4/jersey-server-1.19.4.jar:/home/runner/.m2/repository/commons-beanutils/commons-beanutils/1.9.4/commons-beanutils-1.9.4.jar:/home/runner/.m2/repository/org/apache/commons/commons-configuration2/2.11.0/commons-configuration2-2.11.0.jar:/home/runner/.m2/repository/org/apache/avro/avro/1.9.2/avro-1.9.2.jar:/home/runner/.m2/repository/com/google/re2j/re2j/1.7/re2j-1.7.jar:/home/runner/.m2/repository/com/google/code/gson/gson/2.10.1/gson-2.10.1.jar:/home/runner/.m2/repository/org/apache/hadoop/hadoop-auth/3.4.1/hadoop-auth-3.4.1.jar:/home/runner/.m2/repository/org/apache/curator/curator-framework/4.2.0/curator-framework-4.2.0.jar:/home/runner/.m2/repository/com/jcraft/jsch/0.1.55/jsch-0.1.55.jar:/home/runner/.m2/repository/org/apache/curator/curator-client/4.2.0/curator-client-4.2.0.jar:/home/runner/.m2/repository/org/apache/curator/curator-recipes/5.2.0/curator-recipes-5.2.0.jar:/home/runner/.m2/repository/com/google/code/findbugs/jsr305/3.0.2/jsr305-3.0.2.jar:/home/runner/.m2/repository/org/apache/zookeeper/zookeeper/3.8.4/zookeeper-3.8.4.jar:/home/runner/.m2/repository/org/apache/zookeeper/zookeeper-jute/3.8.4/zookeeper-jute-3.8.4.jar:/home/runner/.m2/repository/org/apache/yetus/audience-annotations/0.12.0/audience-annotations-0.12.0.jar:/home/runner/.m2/repository/io/netty/netty-transport-native-epoll/4.1.109.Final/netty-transport-native-epoll-4.1.109.Final.jar:/home/runner/.m2/repository/org/apache/kerby/kerb-core/1.0.1/kerb-core-1.0.1.jar:/home/runner/.m2/repository/org/apache/kerby/kerby-pkix/1.0.1/kerby-pkix-1.0.1.jar:/home/runner/.m2/repository/org/apache/kerby/kerby-asn1/1.0.1/kerby-asn1-1.0.1.jar:/home/runner/.m2/repository/org/codehaus/woodstox/stax2-api/4.2.1/stax2-api-4.2.1.jar:/home/runner/.m2/repository/com/fasterxml/woodstox/woodstox-core/5.4.0/woodstox-core-5.4.0.jar:/home/runner/.m2/repository/dnsjava/dnsjava/3.6.1/dnsjava-3.6.1.jar:/home/runner/.m2/repository/org/xerial/snappy/snappy-java/1.1.10.7/snappy-java-1.1.10.7.jar:/home/runner/.m2/repository/org/apache/hadoop/hadoop-distcp/3.4.1/hadoop-distcp-3.4.1.jar:/home/runner/.m2/repository/org/apache/hadoop/hadoop-distcp/3.4.1/hadoop-distcp-3.4.1-tests.jar:/home/runner/.m2/repository/org/apache/hadoop/hadoop-hdfs/3.4.1/hadoop-hdfs-3.4.1-tests.jar:/home/runner/.m2/repository/org/eclipse/jetty/jetty-util-ajax/9.4.57.v20241219/jetty-util-ajax-9.4.57.v20241219.jar:/home/runner/.m2/repository/commons-daemon/commons-daemon/1.4.0/commons-daemon-1.4.0.jar:/home/runner/.m2/repository/io/netty/netty-all/4.1.109.Final/netty-all-4.1.109.Final.jar:/home/runner/.m2/repository/io/netty/netty-codec-dns/4.1.109.Final/netty-codec-dns-4.1.109.Final.jar:/home/runner/.m2/repository/io/netty/netty-codec-haproxy/4.1.109.Final/netty-codec-haproxy-4.1.109.Final.jar:/home/runner/.m2/repository/io/netty/netty-codec-memcache/4.1.109.Final/netty-codec-memcache-4.1.109.Final.jar:/home/runner/.m2/repository/io/netty/netty-codec-mqtt/4.1.109.Final/netty-codec-mqtt-4.1.109.Final.jar:/home/runner/.m2/repository/io/netty/netty-codec-redis/4.1.109.Final/netty-codec-redis-4.1.109.Final.jar:/home/runner/.m2/repository/io/netty/netty-codec-smtp/4.1.109.Final/netty-codec-smtp-4.1.109.Final.jar:/home/runner/.m2/repository/io/netty/netty-codec-stomp/4.1.109.Final/netty-codec-stomp-4.1.109.Final.jar:/home/runner/.m2/repository/io/netty/netty-codec-xml/4.1.109.Final/netty-codec-xml-4.1.109.Final.jar:/home/runner/.m2/repository/io/netty/netty-handler-ssl-ocsp/4.1.109.Final/netty-handler-ssl-ocsp-4.1.109.Final.jar:/home/runner/.m2/repository/io/netty/netty-resolver-dns/4.1.109.Final/netty-resolver-dns-4.1.109.Final.jar:/home/runner/.m2/repository/io/netty/netty-transport-rxtx/4.1.109.Final/netty-transport-rxtx-4.1.109.Final.jar:/home/runner/.m2/repository/io/netty/netty-transport-sctp/4.1.109.Final/netty-transport-sctp-4.1.109.Final.jar:/home/runner/.m2/repository/io/netty/netty-transport-udt/4.1.109.Final/netty-transport-udt-4.1.109.Final.jar:/home/runner/.m2/repository/io/netty/netty-transport-classes-kqueue/4.1.109.Final/netty-transport-classes-kqueue-4.1.109.Final.jar:/home/runner/.m2/repository/io/netty/netty-resolver-dns-classes-macos/4.1.109.Final/netty-resolver-dns-classes-macos-4.1.109.Final.jar:/home/runner/.m2/repository/io/netty/netty-transport-native-epoll/4.1.109.Final/netty-transport-native-epoll-4.1.109.Final-linux-aarch_64.jar:/home/runner/.m2/repository/io/netty/netty-transport-native-epoll/4.1.109.Final/netty-transport-native-epoll-4.1.109.Final-linux-riscv64.jar:/home/runner/.m2/repository/io/netty/netty-transport-native-kqueue/4.1.109.Final/netty-transport-native-kqueue-4.1.109.Final-osx-x86_64.jar:/home/runner/.m2/repository/io/netty/netty-transport-native-kqueue/4.1.109.Final/netty-transport-native-kqueue-4.1.109.Final-osx-aarch_64.jar:/home/runner/.m2/repository/io/netty/netty-resolver-dns-native-macos/4.1.109.Final/netty-resolver-dns-native-macos-4.1.109.Final-osx-x86_64.jar:/home/runner/.m2/repository/io/netty/netty-resolver-dns-native-macos/4.1.109.Final/netty-resolver-dns-native-macos-4.1.109.Final-osx-aarch_64.jar:/home/runner/.m2/repository/org/fusesource/leveldbjni/leveldbjni-all/1.8/leveldbjni-all-1.8.jar:/home/runner/.m2/repository/org/apache/hadoop/hadoop-kms/3.4.1/hadoop-kms-3.4.1.jar:/home/runner/.m2/repository/org/apache/hadoop/hadoop-common/3.4.1/hadoop-common-3.4.1.jar:/home/runner/.m2/repository/org/apache/hadoop/hadoop-kms/3.4.1/hadoop-kms-3.4.1-tests.jar:/home/runner/.m2/repository/org/apache/hadoop/hadoop-mapreduce-client-core/3.4.1/hadoop-mapreduce-client-core-3.4.1.jar:/home/runner/.m2/repository/org/apache/hadoop/hadoop-yarn-client/3.4.1/hadoop-yarn-client-3.4.1.jar:/home/runner/.m2/repository/org/eclipse/jetty/websocket/websocket-client/9.4.53.v20231009/websocket-client-9.4.53.v20231009.jar:/home/runner/.m2/repository/org/eclipse/jetty/websocket/websocket-common/9.4.53.v20231009/websocket-common-9.4.53.v20231009.jar:/home/runner/.m2/repository/org/eclipse/jetty/websocket/websocket-api/9.4.53.v20231009/websocket-api-9.4.53.v20231009.jar:/home/runner/.m2/repository/org/apache/hadoop/hadoop-yarn-api/3.4.1/hadoop-yarn-api-3.4.1.jar:/home/runner/.m2/repository/org/apache/hadoop/hadoop-yarn-common/3.4.1/hadoop-yarn-common-3.4.1.jar:/home/runner/.m2/repository/javax/xml/bind/jaxb-api/2.2.11/jaxb-api-2.2.11.jar:/home/runner/.m2/repository/com/sun/jersey/contribs/jersey-guice/1.19.4/jersey-guice-1.19.4.jar:/home/runner/.m2/repository/org/apache/hadoop/hadoop-hdfs-client/3.4.1/hadoop-hdfs-client-3.4.1.jar:/home/runner/.m2/repository/org/apache/hadoop/hadoop-mapreduce-client-jobclient/3.4.1/hadoop-mapreduce-client-jobclient-3.4.1.jar:/home/runner/.m2/repository/org/apache/hadoop/hadoop-mapreduce-client-common/3.4.1/hadoop-mapreduce-client-common-3.4.1.jar:/home/runner/.m2/repository/org/apache/hadoop/hadoop-minikdc/3.4.1/hadoop-minikdc-3.4.1.jar:/home/runner/.m2/repository/org/apache/kerby/kerb-simplekdc/2.0.3/kerb-simplekdc-2.0.3.jar:/home/runner/.m2/repository/org/apache/kerby/kerb-client/2.0.3/kerb-client-2.0.3.jar:/home/runner/.m2/repository/org/apache/kerby/kerb-common/2.0.3/kerb-common-2.0.3.jar:/home/runner/.m2/repository/org/apache/kerby/token-provider/2.0.3/token-provider-2.0.3.jar:/home/runner/.m2/repository/org/apache/kerby/kerb-admin/2.0.3/kerb-admin-2.0.3.jar:/home/runner/.m2/repository/org/apache/kerby/kerb-server/2.0.3/kerb-server-2.0.3.jar:/home/runner/.m2/repository/org/apache/kerby/kerb-identity/2.0.3/kerb-identity-2.0.3.jar:/home/runner/.m2/repository/org/apache/kerby/kerby-xdr/2.0.3/kerby-xdr-2.0.3.jar:/home/runner/.m2/repository/junit/junit/4.13.2/junit-4.13.2.jar:/home/runner/.m2/repository/org/hamcrest/hamcrest-core/1.3/hamcrest-core-1.3.jar:/home/runner/work/ozone/ozone/hadoop-hdds/common/target/hdds-common-2.1.0-SNAPSHOT-tests.jar:/home/runner/.m2/repository/commons-validator/commons-validator/1.6/commons-validator-1.6.jar:/home/runner/.m2/repository/commons-digester/commons-digester/1.8.1/commons-digester-1.8.1.jar:/home/runner/.m2/repository/io/jaegertracing/jaeger-client/1.8.1/jaeger-client-1.8.1.jar:/home/runner/.m2/repository/io/jaegertracing/jaeger-thrift/1.8.1/jaeger-thrift-1.8.1.jar:/home/runner/.m2/repository/org/apache/thrift/libthrift/0.15.0/libthrift-0.15.0.jar:/home/runner/.m2/repository/com/squareup/okhttp3/okhttp/4.12.0/okhttp-4.12.0.jar:/home/runner/.m2/repository/com/squareup/okio/okio/3.6.0/okio-3.6.0.jar:/home/runner/.m2/repository/com/squareup/okio/okio-jvm/3.6.0/okio-jvm-3.6.0.jar:/home/runner/.m2/repository/org/jetbrains/kotlin/kotlin-stdlib-common/1.9.25/kotlin-stdlib-common-1.9.25.jar:/home/runner/.m2/repository/org/jetbrains/kotlin/kotlin-stdlib-jdk8/1.9.25/kotlin-stdlib-jdk8-1.9.25.jar:/home/runner/.m2/repository/org/jetbrains/kotlin/kotlin-stdlib-jdk7/1.9.25/kotlin-stdlib-jdk7-1.9.25.jar:/home/runner/.m2/repository/io/jaegertracing/jaeger-tracerresolver/1.8.1/jaeger-tracerresolver-1.8.1.jar:/home/runner/.m2/repository/io/opentracing/contrib/opentracing-tracerresolver/0.1.8/opentracing-tracerresolver-0.1.8.jar:/home/runner/.m2/repository/io/jaegertracing/jaeger-core/1.8.1/jaeger-core-1.8.1.jar:/home/runner/.m2/repository/javax/annotation/javax.annotation-api/1.3.2/javax.annotation-api-1.3.2.jar:/home/runner/work/ozone/ozone/hadoop-hdds/annotations/target/hdds-annotation-processing-2.1.0-SNAPSHOT.jar:/home/runner/.m2/repository/org/apache/ratis/ratis-metrics-dropwizard3/3.1.2/ratis-metrics-dropwizard3-3.1.2.jar:/home/runner/.m2/repository/org/bouncycastle/bcutil-jdk18on/1.80/bcutil-jdk18on-1.80.jar:/home/runner/.m2/repository/org/jetbrains/kotlin/kotlin-stdlib/1.9.25/kotlin-stdlib-1.9.25.jar:/home/runner/.m2/repository/org/jetbrains/annotations/13.0/annotations-13.0.jar:/home/runner/.m2/repository/org/slf4j/jcl-over-slf4j/2.0.17/jcl-over-slf4j-2.0.17.jar:/home/runner/.m2/repository/org/yaml/snakeyaml/2.0/snakeyaml-2.0.jar:/home/runner/work/ozone/ozone/hadoop-hdds/container-service/target/hdds-container-service-2.1.0-SNAPSHOT-tests.jar:/home/runner/.m2/repository/com/github/luben/zstd-jni/1.5.7-2/zstd-jni-1.5.7-2.jar:/home/runner/.m2/repository/io/netty/netty-buffer/4.1.109.Final/netty-buffer-4.1.109.Final.jar:/home/runner/.m2/repository/io/netty/netty-codec/4.1.109.Final/netty-codec-4.1.109.Final.jar:/home/runner/work/ozone/ozone/hadoop-hdds/framework/target/hdds-server-framework-2.1.0-SNAPSHOT-tests.jar:/home/runner/.m2/repository/com/github/jnr/jnr-constants/0.10.4/jnr-constants-0.10.4.jar:/home/runner/.m2/repository/com/github/jnr/jnr-posix/3.1.20/jnr-posix-3.1.20.jar:/home/runner/.m2/repository/com/github/jnr/jnr-ffi/2.2.17/jnr-ffi-2.2.17.jar:/home/runner/.m2/repository/com/github/jnr/jffi/1.3.13/jffi-1.3.13.jar:/home/runner/.m2/repository/com/github/jnr/jffi/1.3.13/jffi-1.3.13-native.jar:/home/runner/.m2/repository/org/ow2/asm/asm/9.7.1/asm-9.7.1.jar:/home/runner/.m2/repository/org/ow2/asm/asm-commons/9.7.1/asm-commons-9.7.1.jar:/home/runner/.m2/repository/org/ow2/asm/asm-analysis/9.7.1/asm-analysis-9.7.1.jar:/home/runner/.m2/repository/org/ow2/asm/asm-tree/9.7.1/asm-tree-9.7.1.jar:/home/runner/.m2/repository/org/ow2/asm/asm-util/9.7.1/asm-util-9.7.1.jar:/home/runner/.m2/repository/com/github/jnr/jnr-a64asm/1.0.0/jnr-a64asm-1.0.0.jar:/home/runner/.m2/repository/com/github/jnr/jnr-x86asm/1.0.2/jnr-x86asm-1.0.2.jar:/home/runner/.m2/repository/commons-fileupload/commons-fileupload/1.5/commons-fileupload-1.5.jar:/home/runner/.m2/repository/io/prometheus/simpleclient/0.16.0/simpleclient-0.16.0.jar:/home/runner/.m2/repository/io/prometheus/simpleclient_common/0.16.0/simpleclient_common-0.16.0.jar:/home/runner/.m2/repository/io/prometheus/simpleclient_dropwizard/0.16.0/simpleclient_dropwizard-0.16.0.jar:/home/runner/.m2/repository/org/apache/logging/log4j/log4j-core/2.24.2/log4j-core-2.24.2.jar:/home/runner/.m2/repository/org/eclipse/jetty/jetty-http/9.4.57.v20241219/jetty-http-9.4.57.v20241219.jar:/home/runner/.m2/repository/com/lmax/disruptor/3.4.4/disruptor-3.4.4.jar:/home/runner/work/ozone/ozone/hadoop-hdds/server-scm/target/hdds-server-scm-2.1.0-SNAPSHOT-tests.jar:/home/runner/work/ozone/ozone/hadoop-hdds/test-utils/target/hdds-test-utils-2.1.0-SNAPSHOT-tests.jar:/home/runner/work/ozone/ozone/hadoop-ozone/ozone-manager/target/ozone-manager-2.1.0-SNAPSHOT-tests.jar:/home/runner/work/ozone/ozone/hadoop-ozone/mini-cluster/target/ozone-mini-cluster-2.1.0-SNAPSHOT.jar:/home/runner/.m2/repository/org/assertj/assertj-core/3.27.3/assertj-core-3.27.3.jar:/home/runner/.m2/repository/net/bytebuddy/byte-buddy/1.15.11/byte-buddy-1.15.11.jar:/home/runner/.m2/repository/org/junit/jupiter/junit-jupiter-api/5.12.2/junit-jupiter-api-5.12.2.jar:/home/runner/.m2/repository/org/opentest4j/opentest4j/1.3.0/opentest4j-1.3.0.jar:/home/runner/.m2/repository/org/junit/platform/junit-platform-commons/1.12.2/junit-platform-commons-1.12.2.jar:/home/runner/.m2/repository/org/apiguardian/apiguardian-api/1.1.2/apiguardian-api-1.1.2.jar:/home/runner/.m2/repository/org/junit/jupiter/junit-jupiter-params/5.12.2/junit-jupiter-params-5.12.2.jar:/home/runner/.m2/repository/org/mockito/mockito-core/4.11.0/mockito-core-4.11.0.jar:/home/runner/.m2/repository/net/bytebuddy/byte-buddy-agent/1.12.19/byte-buddy-agent-1.12.19.jar:/home/runner/.m2/repository/org/objenesis/objenesis/3.3/objenesis-3.3.jar:/home/runner/.m2/repository/org/mockito/mockito-inline/4.11.0/mockito-inline-4.11.0.jar:/home/runner/.m2/repository/org/mockito/mockito-junit-jupiter/4.11.0/mockito-junit-jupiter-4.11.0.jar:/home/runner/work/ozone/ozone/hadoop-ozone/integration-test/target/gradle-enterprise/test-listeners.jar:"/>
    <property name="sun.cpu.endian" value="little"/>
    <property name="user.home" value="/home/runner"/>
    <property name="user.language" value="en"/>
    <property name="java.specification.vendor" value="Oracle Corporation"/>
    <property name="skipRecon" value="true"/>
    <property name="java.version.date" value="2025-04-15"/>
    <property name="java.home" value="/usr/lib/jvm/temurin-21-jdk-amd64"/>
    <property name="java.security.krb5.conf" value="/home/runner/work/ozone/ozone/hadoop-ozone/integration-test/target/test-classes/krb5.conf"/>
    <property name="file.separator" value="/"/>
    <property name="basedir" value="/home/runner/work/ozone/ozone/hadoop-ozone/integration-test"/>
    <property name="java.vm.compressedOopsMode" value="Zero based"/>
    <property name="line.separator" value="&#10;"/>
    <property name="java.vm.specification.vendor" value="Oracle Corporation"/>
    <property name="java.specification.name" value="Java Platform API Specification"/>
    <property name="surefire.real.class.path" value="/home/runner/work/ozone/ozone/hadoop-ozone/integration-test/target/surefire/surefirebooter-20250423152253194_1656.jar"/>
    <property name="hadoop.log.dir" value="/home/runner/work/ozone/ozone/hadoop-ozone/integration-test/target/log"/>
    <property name="sun.management.compiler" value="HotSpot 64-Bit Tiered Compilers"/>
    <property name="skipShade" value="true"/>
    <property name="java.runtime.version" value="21.0.7+6-LTS"/>
    <property name="user.name" value="runner"/>
    <property name="java.net.preferIPv4Stack" value="true"/>
    <property name="stdout.encoding" value="UTF-8"/>
    <property name="path.separator" value=":"/>
    <property name="java.security.egd" value="file:///dev/urandom"/>
    <property name="os.version" value="6.11.0-1012-azure"/>
    <property name="java.runtime.name" value="OpenJDK Runtime Environment"/>
    <property name="com.gradle.maven.scan.extension.test.listener.junitplatform.NestedExecutionSafeDelegatingTestExecutionListener" value="54a67a45"/>
    <property name="file.encoding" value="UTF-8"/>
    <property name="java.vm.name" value="OpenJDK 64-Bit Server VM"/>
    <property name="rocks_tools_native" value="true"/>
    <property name="java.vendor.version" value="Temurin-21.0.7+6"/>
    <property name="test.build.webapps" value=""/>
    <property name="develocity.listener.surefire.forkId" value="1"/>
    <property name="localRepository" value="/home/runner/.m2/repository"/>
    <property name="java.vendor.url.bug" value="https://github.com/adoptium/adoptium-support/issues"/>
    <property name="jetty.git.hash" value="df524e6b29271c2e09ba9aea83c18dc9db464a31"/>
    <property name="java.io.tmpdir" value="/tmp"/>
    <property name="require.test.libhadoop" value=""/>
    <property name="java.version" value="21.0.7"/>
    <property name="user.dir" value="/home/runner/work/ozone/ozone/hadoop-ozone/integration-test"/>
    <property name="os.arch" value="amd64"/>
    <property name="java.vm.specification.name" value="Java Virtual Machine Specification"/>
    <property name="test.build.classes" value="/home/runner/work/ozone/ozone/hadoop-ozone/integration-test/target/test-classes"/>
    <property name="org.apache.ratis.thirdparty.io.netty.allocator.useCacheForAllThreads" value="false"/>
    <property name="native.encoding" value="UTF-8"/>
    <property name="hadoop.tmp.dir" value="/home/runner/work/ozone/ozone/hadoop-ozone/integration-test/target/tmp"/>
    <property name="java.library.path" value="/usr/java/packages/lib:/usr/lib64:/lib64:/lib:/usr/lib"/>
    <property name="java.vm.info" value="mixed mode, sharing"/>
    <property name="stderr.encoding" value="UTF-8"/>
    <property name="java.vendor" value="Eclipse Adoptium"/>
    <property name="java.vm.version" value="21.0.7+6-LTS"/>
    <property name="sun.io.unicode.encoding" value="UnicodeLittle"/>
    <property name="develocity.listener.port" value="38795"/>
    <property name="java.class.version" value="65.0"/>
  </properties>
  <testcase name="testMultipartUpload" classname="org.apache.hadoop.ozone.om.TestOzoneManagerHAWithStoppedNodes" time="13.785">
    <system-out><![CDATA[2025-04-23 15:44:26,299 [main] WARN  server.ServerUtils (ServerUtils.java:getScmDbDir(141)) - ozone.scm.db.dirs is not configured. We recommend adding this setting. Falling back to ozone.metadata.dirs instead.
2025-04-23 15:44:26,509 [main] INFO  reflections.Reflections (Reflections.java:scan(219)) - Reflections took 188 ms to scan 7 urls, producing 166 keys and 390 values
2025-04-23 15:44:26,630 [main] INFO  ha.SCMHANodeDetails (SCMHANodeDetails.java:loadSCMHAConfig(162)) - ServiceID for StorageContainerManager is null
2025-04-23 15:44:26,631 [main] INFO  ha.SCMHANodeDetails (SCMHANodeDetails.java:loadSCMHAConfig(166)) - ozone.scm.default.service.id is not defined, falling back to ozone.scm.service.ids to find serviceID for StorageContainerManager if it is HA enabled cluster
2025-04-23 15:44:26,815 [main] INFO  server.RaftServerConfigKeys (ConfUtils.java:logGet(46)) - raft.server.log.appender.buffer.byte-limit = 4194304 (custom)
2025-04-23 15:44:26,840 [main] INFO  server.RaftServer (ConfUtils.java:logGet(46)) - raft.rpc.type = GRPC (default)
2025-04-23 15:44:26,892 [main] INFO  grpc.GrpcConfigKeys (ConfUtils.java:logFallback(53)) - raft.grpc.admin.host = null (fallback to raft.grpc.server.host)
2025-04-23 15:44:26,893 [main] INFO  grpc.GrpcConfigKeys (ConfUtils.java:logFallback(53)) - raft.grpc.admin.port = 15004 (fallback to raft.grpc.server.port)
2025-04-23 15:44:26,893 [main] INFO  grpc.GrpcConfigKeys (ConfUtils.java:logFallback(53)) - raft.grpc.client.host = null (fallback to raft.grpc.server.host)
2025-04-23 15:44:26,894 [main] INFO  grpc.GrpcConfigKeys (ConfUtils.java:logFallback(53)) - raft.grpc.client.port = 15004 (fallback to raft.grpc.server.port)
2025-04-23 15:44:26,894 [main] INFO  grpc.GrpcConfigKeys (ConfUtils.java:logGet(46)) - raft.grpc.server.host = null (default)
2025-04-23 15:44:26,894 [main] INFO  grpc.GrpcConfigKeys (ConfUtils.java:logGet(46)) - raft.grpc.server.port = 15004 (custom)
2025-04-23 15:44:26,895 [main] INFO  server.GrpcService (ConfUtils.java:logGet(46)) - raft.grpc.message.size.max = 5242880 (custom)
2025-04-23 15:44:26,896 [main] INFO  server.GrpcService (ConfUtils.java:logGet(46)) - raft.grpc.flow.control.window = 1MB (=1048576) (default)
2025-04-23 15:44:26,896 [main] INFO  server.RaftServerConfigKeys (ConfUtils.java:logGet(46)) - raft.server.rpc.request.timeout = 30000ms (custom)
2025-04-23 15:44:26,903 [main] INFO  grpc.GrpcConfigKeys (ConfUtils.java:logGet(46)) - raft.grpc.server.heartbeat.channel = true (default)
2025-04-23 15:44:26,903 [main] INFO  server.RaftServerConfigKeys (ConfUtils.java:logGet(46)) - raft.server.log.appender.buffer.byte-limit = 4194304 (custom)
2025-04-23 15:44:26,905 [main] INFO  grpc.GrpcConfigKeys (ConfUtils.java:logGet(46)) - raft.grpc.server.async.request.thread.pool.cached = true (default)
2025-04-23 15:44:26,906 [main] INFO  grpc.GrpcConfigKeys (ConfUtils.java:logGet(46)) - raft.grpc.server.async.request.thread.pool.size = 32 (default)
2025-04-23 15:44:27,082 [main] INFO  impl.DataStreamServerImpl (ConfUtils.java:logGet(46)) - raft.datastream.type = DISABLED (default)
2025-04-23 15:44:27,084 [main] INFO  server.RaftServerConfigKeys (ConfUtils.java:logGet(46)) - raft.server.sleep.deviation.threshold = 300ms (default)
2025-04-23 15:44:27,085 [main] INFO  server.RaftServerConfigKeys (ConfUtils.java:logGet(46)) - raft.server.close.threshold = 60s (default)
2025-04-23 15:44:27,085 [main] INFO  server.RaftServerConfigKeys (ConfUtils.java:logGet(46)) - raft.server.leaderelection.leader.step-down.wait-time = 10s (default)
2025-04-23 15:44:27,089 [main] INFO  server.RaftServerConfigKeys (ConfUtils.java:logGet(46)) - raft.server.storage.dir = [/home/runner/work/ozone/ozone/hadoop-ozone/integration-test/target/test-dir/MiniOzoneClusterImpl-5cf50c17-c591-473f-a8c4-88d8665d28d7/ozone-meta/scm-ha] (custom)
2025-04-23 15:44:27,090 [main] INFO  server.RaftServerConfigKeys (ConfUtils.java:logGet(46)) - raft.server.threadpool.proxy.cached = true (default)
2025-04-23 15:44:27,090 [main] INFO  server.RaftServerConfigKeys (ConfUtils.java:logGet(46)) - raft.server.threadpool.proxy.size = 0 (default)
2025-04-23 15:44:27,097 [main] INFO  server.RaftServer (RaftServerProxy.java:addNew(100)) - debc8cb4-4a2d-469c-9d41-f06aedad3f91: addNew group-88D8665D28D7:[debc8cb4-4a2d-469c-9d41-f06aedad3f91|fv-az1337-835:15004] returns group-88D8665D28D7:java.util.concurrent.CompletableFuture@20a967fe[Not completed]
2025-04-23 15:44:27,112 [debc8cb4-4a2d-469c-9d41-f06aedad3f91-groupManagement] INFO  server.RaftServer$Division (RaftServerImpl.java:<init>(255)) - debc8cb4-4a2d-469c-9d41-f06aedad3f91: new RaftServerImpl for group-88D8665D28D7:[debc8cb4-4a2d-469c-9d41-f06aedad3f91|fv-az1337-835:15004] with SCMStateMachine:uninitialized
2025-04-23 15:44:27,113 [debc8cb4-4a2d-469c-9d41-f06aedad3f91-groupManagement] INFO  server.RaftServerConfigKeys (ConfUtils.java:logGet(46)) - raft.server.rpc.timeout.min = 5000ms (custom)
2025-04-23 15:44:27,114 [debc8cb4-4a2d-469c-9d41-f06aedad3f91-groupManagement] INFO  server.RaftServerConfigKeys (ConfUtils.java:logGet(46)) - raft.server.rpc.timeout.max = 5200ms (custom)
2025-04-23 15:44:27,114 [debc8cb4-4a2d-469c-9d41-f06aedad3f91-groupManagement] INFO  server.RaftServerConfigKeys (ConfUtils.java:logGet(46)) - raft.server.rpc.sleep.time = 25ms (default)
2025-04-23 15:44:27,114 [debc8cb4-4a2d-469c-9d41-f06aedad3f91-groupManagement] INFO  server.RaftServerConfigKeys (ConfUtils.java:logGet(46)) - raft.server.rpc.slowness.timeout = 120000ms (custom)
2025-04-23 15:44:27,115 [debc8cb4-4a2d-469c-9d41-f06aedad3f91-groupManagement] INFO  server.RaftServerConfigKeys (ConfUtils.java:logGet(46)) - raft.server.leaderelection.leader.step-down.wait-time = 10s (default)
2025-04-23 15:44:27,116 [debc8cb4-4a2d-469c-9d41-f06aedad3f91-groupManagement] INFO  server.RaftServerConfigKeys (ConfUtils.java:logGet(46)) - raft.server.leaderelection.member.majority-add = false (default)
2025-04-23 15:44:27,116 [debc8cb4-4a2d-469c-9d41-f06aedad3f91-groupManagement] INFO  server.RaftServerConfigKeys (ConfUtils.java:logGet(46)) - raft.server.sleep.deviation.threshold = 300ms (default)
2025-04-23 15:44:27,121 [debc8cb4-4a2d-469c-9d41-f06aedad3f91-groupManagement] INFO  server.RaftServer$Division (ServerState.java:<init>(114)) - debc8cb4-4a2d-469c-9d41-f06aedad3f91@group-88D8665D28D7: ConfigurationManager, init=conf: {index: -1, cur=peers:[debc8cb4-4a2d-469c-9d41-f06aedad3f91|fv-az1337-835:15004]|listeners:[], old=null}, confs=<EMPTY_MAP>
2025-04-23 15:44:27,125 [debc8cb4-4a2d-469c-9d41-f06aedad3f91-groupManagement] INFO  server.RaftServerConfigKeys (ConfUtils.java:logGet(46)) - raft.server.notification.no-leader.timeout = 60s (default)
2025-04-23 15:44:27,128 [debc8cb4-4a2d-469c-9d41-f06aedad3f91-groupManagement] INFO  server.RaftServerConfigKeys (ConfUtils.java:logGet(46)) - raft.server.read.timeout = 10s (default)
2025-04-23 15:44:27,134 [debc8cb4-4a2d-469c-9d41-f06aedad3f91-groupManagement] INFO  server.RaftServerConfigKeys (ConfUtils.java:logGet(46)) - raft.server.retrycache.expirytime = 60000ms (default)
2025-04-23 15:44:27,134 [debc8cb4-4a2d-469c-9d41-f06aedad3f91-groupManagement] INFO  server.RaftServerConfigKeys (ConfUtils.java:logGet(46)) - raft.server.retrycache.statistics.expirytime = 100ms (default)
2025-04-23 15:44:27,138 [debc8cb4-4a2d-469c-9d41-f06aedad3f91-groupManagement] INFO  server.RaftServerConfigKeys (ConfUtils.java:logGet(46)) - raft.server.read.option = DEFAULT (default)
2025-04-23 15:44:27,139 [debc8cb4-4a2d-469c-9d41-f06aedad3f91-groupManagement] INFO  server.RaftServerConfigKeys (ConfUtils.java:logGet(46)) - raft.server.read.read-after-write-consistent.write-index-cache.expiry-time = 60s (default)
2025-04-23 15:44:27,286 [debc8cb4-4a2d-469c-9d41-f06aedad3f91-groupManagement] INFO  server.RaftServerConfigKeys (ConfUtils.java:logGet(46)) - raft.server.rpc.request.timeout = 30000ms (custom)
2025-04-23 15:44:27,288 [debc8cb4-4a2d-469c-9d41-f06aedad3f91-groupManagement] INFO  server.RaftServerConfigKeys (ConfUtils.java:logGet(46)) - raft.server.log.appender.install.snapshot.enabled = false (custom)
2025-04-23 15:44:27,289 [debc8cb4-4a2d-469c-9d41-f06aedad3f91-groupManagement] INFO  server.RaftServerConfigKeys (ConfUtils.java:logGet(46)) - raft.server.threadpool.server.cached = true (default)
2025-04-23 15:44:27,289 [debc8cb4-4a2d-469c-9d41-f06aedad3f91-groupManagement] INFO  server.RaftServerConfigKeys (ConfUtils.java:logGet(46)) - raft.server.threadpool.server.size = 0 (default)
2025-04-23 15:44:27,289 [debc8cb4-4a2d-469c-9d41-f06aedad3f91-groupManagement] INFO  server.RaftServerConfigKeys (ConfUtils.java:logGet(46)) - raft.server.threadpool.client.cached = true (default)
2025-04-23 15:44:27,290 [debc8cb4-4a2d-469c-9d41-f06aedad3f91-groupManagement] INFO  server.RaftServerConfigKeys (ConfUtils.java:logGet(46)) - raft.server.threadpool.client.size = 0 (default)
2025-04-23 15:44:27,291 [debc8cb4-4a2d-469c-9d41-f06aedad3f91-impl-thread1] INFO  server.RaftServerConfigKeys (ConfUtils.java:logGet(46)) - raft.server.storage.free-space.min = 0MB (=0) (default)
2025-04-23 15:44:27,292 [debc8cb4-4a2d-469c-9d41-f06aedad3f91-impl-thread1] INFO  server.RaftServerConfigKeys (ConfUtils.java:logGet(46)) - raft.server.log.corruption.policy = EXCEPTION (default)
2025-04-23 15:44:27,292 [debc8cb4-4a2d-469c-9d41-f06aedad3f91-impl-thread1] INFO  server.RaftServerConfigKeys (ConfUtils.java:logGet(46)) - raft.server.storage.dir = [/home/runner/work/ozone/ozone/hadoop-ozone/integration-test/target/test-dir/MiniOzoneClusterImpl-5cf50c17-c591-473f-a8c4-88d8665d28d7/ozone-meta/scm-ha] (custom)
2025-04-23 15:44:27,297 [debc8cb4-4a2d-469c-9d41-f06aedad3f91-impl-thread1] INFO  storage.RaftStorageDirectory (RaftStorageDirectoryImpl.java:analyzeStorage(138)) - The storage directory /home/runner/work/ozone/ozone/hadoop-ozone/integration-test/target/test-dir/MiniOzoneClusterImpl-5cf50c17-c591-473f-a8c4-88d8665d28d7/ozone-meta/scm-ha/5cf50c17-c591-473f-a8c4-88d8665d28d7 does not exist. Creating ...
2025-04-23 15:44:27,300 [debc8cb4-4a2d-469c-9d41-f06aedad3f91-impl-thread1] INFO  storage.RaftStorageDirectory (RaftStorageDirectoryImpl.java:tryLock(229)) - Lock on /home/runner/work/ozone/ozone/hadoop-ozone/integration-test/target/test-dir/MiniOzoneClusterImpl-5cf50c17-c591-473f-a8c4-88d8665d28d7/ozone-meta/scm-ha/5cf50c17-c591-473f-a8c4-88d8665d28d7/in_use.lock acquired by nodename 129659@fv-az1337-835
2025-04-23 15:44:27,304 [debc8cb4-4a2d-469c-9d41-f06aedad3f91-impl-thread1] INFO  storage.RaftStorage (RaftStorageImpl.java:format(98)) - Storage directory /home/runner/work/ozone/ozone/hadoop-ozone/integration-test/target/test-dir/MiniOzoneClusterImpl-5cf50c17-c591-473f-a8c4-88d8665d28d7/ozone-meta/scm-ha/5cf50c17-c591-473f-a8c4-88d8665d28d7 has been successfully formatted.
2025-04-23 15:44:27,305 [debc8cb4-4a2d-469c-9d41-f06aedad3f91-impl-thread1] INFO  ha.SCMStateMachine (SCMStateMachine.java:lambda$initialize$0(135)) - debc8cb4-4a2d-469c-9d41-f06aedad3f91: initialize group-88D8665D28D7
2025-04-23 15:44:27,306 [debc8cb4-4a2d-469c-9d41-f06aedad3f91-impl-thread1] INFO  server.RaftServerConfigKeys (ConfUtils.java:logGet(46)) - raft.server.log.use.memory = false (default)
2025-04-23 15:44:27,311 [debc8cb4-4a2d-469c-9d41-f06aedad3f91-impl-thread1] INFO  server.RaftServerConfigKeys (ConfUtils.java:logGet(46)) - raft.server.log.purge.gap = 1000000 (custom)
2025-04-23 15:44:27,312 [debc8cb4-4a2d-469c-9d41-f06aedad3f91-impl-thread1] INFO  server.RaftServerConfigKeys (ConfUtils.java:logGet(46)) - raft.server.log.appender.buffer.byte-limit = 4194304 (custom)
2025-04-23 15:44:27,313 [debc8cb4-4a2d-469c-9d41-f06aedad3f91-impl-thread1] INFO  server.RaftServerConfigKeys (ConfUtils.java:logGet(46)) - raft.server.log.statemachine.data.read.timeout = 1000ms (default)
2025-04-23 15:44:27,313 [debc8cb4-4a2d-469c-9d41-f06aedad3f91-impl-thread1] INFO  server.RaftServerConfigKeys (ConfUtils.java:logGet(46)) - raft.server.log.purge.preservation.log.num = 0 (default)
2025-04-23 15:44:27,316 [debc8cb4-4a2d-469c-9d41-f06aedad3f91-impl-thread1] INFO  server.RaftServerConfigKeys (ConfUtils.java:logGet(46)) - raft.server.log.segment.size.max = 4194304 (custom)
2025-04-23 15:44:27,319 [debc8cb4-4a2d-469c-9d41-f06aedad3f91-impl-thread1] INFO  server.RaftServerConfigKeys (ConfUtils.java:logGet(46)) - raft.server.log.segment.cache.num.max = 2 (custom)
2025-04-23 15:44:27,320 [debc8cb4-4a2d-469c-9d41-f06aedad3f91-impl-thread1] INFO  server.RaftServerConfigKeys (ConfUtils.java:logGet(46)) - raft.server.log.segment.cache.size.max = 200MB (=209715200) (default)
2025-04-23 15:44:27,320 [debc8cb4-4a2d-469c-9d41-f06aedad3f91-impl-thread1] INFO  server.RaftServerConfigKeys (ConfUtils.java:logGet(46)) - raft.server.log.appender.buffer.byte-limit = 4194304 (custom)
2025-04-23 15:44:27,322 [debc8cb4-4a2d-469c-9d41-f06aedad3f91-impl-thread1] INFO  util.AwaitToRun (AwaitToRun.java:start(81)) - Thread[#38,debc8cb4-4a2d-469c-9d41-f06aedad3f91@group-88D8665D28D7-cacheEviction-AwaitToRun,5,main] started
2025-04-23 15:44:27,326 [debc8cb4-4a2d-469c-9d41-f06aedad3f91-impl-thread1] INFO  segmented.SegmentedRaftLogWorker (SegmentedRaftLogWorker.java:<init>(188)) - new debc8cb4-4a2d-469c-9d41-f06aedad3f91@group-88D8665D28D7-SegmentedRaftLogWorker for RaftStorageImpl:Storage Directory /home/runner/work/ozone/ozone/hadoop-ozone/integration-test/target/test-dir/MiniOzoneClusterImpl-5cf50c17-c591-473f-a8c4-88d8665d28d7/ozone-meta/scm-ha/5cf50c17-c591-473f-a8c4-88d8665d28d7
2025-04-23 15:44:27,326 [debc8cb4-4a2d-469c-9d41-f06aedad3f91-impl-thread1] INFO  server.RaftServerConfigKeys (ConfUtils.java:logGet(46)) - raft.server.log.queue.byte-limit = 64MB (=67108864) (default)
2025-04-23 15:44:27,326 [debc8cb4-4a2d-469c-9d41-f06aedad3f91-impl-thread1] INFO  server.RaftServerConfigKeys (ConfUtils.java:logGet(46)) - raft.server.log.queue.element-limit = 4096 (default)
2025-04-23 15:44:27,328 [debc8cb4-4a2d-469c-9d41-f06aedad3f91-impl-thread1] INFO  server.RaftServerConfigKeys (ConfUtils.java:logGet(46)) - raft.server.log.segment.size.max = 4194304 (custom)
2025-04-23 15:44:27,328 [debc8cb4-4a2d-469c-9d41-f06aedad3f91-impl-thread1] INFO  server.RaftServerConfigKeys (ConfUtils.java:logGet(46)) - raft.server.log.preallocated.size = 4194304 (custom)
2025-04-23 15:44:27,329 [debc8cb4-4a2d-469c-9d41-f06aedad3f91-impl-thread1] INFO  server.RaftServerConfigKeys (ConfUtils.java:logGet(46)) - raft.server.log.force.sync.num = 128 (default)
2025-04-23 15:44:27,329 [debc8cb4-4a2d-469c-9d41-f06aedad3f91-impl-thread1] INFO  server.RaftServerConfigKeys (ConfUtils.java:logGet(46)) - raft.server.log.statemachine.data.sync = true (default)
2025-04-23 15:44:27,330 [debc8cb4-4a2d-469c-9d41-f06aedad3f91-impl-thread1] INFO  server.RaftServerConfigKeys (ConfUtils.java:logGet(46)) - raft.server.log.statemachine.data.sync.timeout = 10s (default)
2025-04-23 15:44:27,330 [debc8cb4-4a2d-469c-9d41-f06aedad3f91-impl-thread1] INFO  server.RaftServerConfigKeys (ConfUtils.java:logGet(46)) - raft.server.log.statemachine.data.sync.timeout.retry = -1 (default)
2025-04-23 15:44:27,332 [debc8cb4-4a2d-469c-9d41-f06aedad3f91-impl-thread1] INFO  server.RaftServerConfigKeys (ConfUtils.java:logGet(46)) - raft.server.log.write.buffer.size = 4194312 (custom)
2025-04-23 15:44:27,333 [debc8cb4-4a2d-469c-9d41-f06aedad3f91-impl-thread1] INFO  server.RaftServerConfigKeys (ConfUtils.java:logGet(46)) - raft.server.log.appender.buffer.byte-limit = 4194304 (custom)
2025-04-23 15:44:27,333 [debc8cb4-4a2d-469c-9d41-f06aedad3f91-impl-thread1] INFO  server.RaftServerConfigKeys (ConfUtils.java:logGet(46)) - raft.server.log.unsafe-flush.enabled = false (default)
2025-04-23 15:44:27,333 [debc8cb4-4a2d-469c-9d41-f06aedad3f91-impl-thread1] INFO  server.RaftServerConfigKeys (ConfUtils.java:logGet(46)) - raft.server.log.async-flush.enabled = false (default)
2025-04-23 15:44:27,334 [debc8cb4-4a2d-469c-9d41-f06aedad3f91-impl-thread1] INFO  server.RaftServerConfigKeys (ConfUtils.java:logGet(46)) - raft.server.log.statemachine.data.caching.enabled = false (default)
2025-04-23 15:44:27,338 [debc8cb4-4a2d-469c-9d41-f06aedad3f91-impl-thread1] INFO  segmented.SegmentedRaftLogWorker (SegmentedRaftLogWorker.java:lambda$new$0(139)) - debc8cb4-4a2d-469c-9d41-f06aedad3f91@group-88D8665D28D7-SegmentedRaftLogWorker: flushIndex: setUnconditionally 0 -> -1
2025-04-23 15:44:27,338 [debc8cb4-4a2d-469c-9d41-f06aedad3f91-impl-thread1] INFO  segmented.SegmentedRaftLogWorker (SegmentedRaftLogWorker.java:lambda$new$0(139)) - debc8cb4-4a2d-469c-9d41-f06aedad3f91@group-88D8665D28D7-SegmentedRaftLogWorker: safeCacheEvictIndex: setUnconditionally 0 -> -1
2025-04-23 15:44:27,340 [debc8cb4-4a2d-469c-9d41-f06aedad3f91-impl-thread1] INFO  server.RaftServer$Division (RaftServerImpl.java:start(391)) - debc8cb4-4a2d-469c-9d41-f06aedad3f91@group-88D8665D28D7: start as a follower, conf=conf: {index: -1, cur=peers:[debc8cb4-4a2d-469c-9d41-f06aedad3f91|fv-az1337-835:15004]|listeners:[], old=null}
2025-04-23 15:44:27,340 [debc8cb4-4a2d-469c-9d41-f06aedad3f91-impl-thread1] INFO  server.RaftServer$Division (RaftServerImpl.java:setRole(378)) - debc8cb4-4a2d-469c-9d41-f06aedad3f91@group-88D8665D28D7: changes role from      null to FOLLOWER at term 0 for startAsFollower
2025-04-23 15:44:27,341 [debc8cb4-4a2d-469c-9d41-f06aedad3f91-impl-thread1] INFO  impl.RoleInfo (RoleInfo.java:updateAndGet(148)) - debc8cb4-4a2d-469c-9d41-f06aedad3f91: start debc8cb4-4a2d-469c-9d41-f06aedad3f91@group-88D8665D28D7-FollowerState
2025-04-23 15:44:27,342 [debc8cb4-4a2d-469c-9d41-f06aedad3f91@group-88D8665D28D7-FollowerState] INFO  server.RaftServerConfigKeys (ConfUtils.java:logGet(46)) - raft.server.rpc.first-election.timeout.min = 1000ms (custom)
2025-04-23 15:44:27,343 [debc8cb4-4a2d-469c-9d41-f06aedad3f91@group-88D8665D28D7-FollowerState] INFO  server.RaftServerConfigKeys (ConfUtils.java:logGet(46)) - raft.server.rpc.first-election.timeout.max = 1200ms (custom)
2025-04-23 15:44:27,343 [debc8cb4-4a2d-469c-9d41-f06aedad3f91-impl-thread1] INFO  util.JmxRegister (JmxRegister.java:tryRegister(44)) - Successfully registered JMX Bean with object name Ratis:service=RaftServer,group=group-88D8665D28D7,id=debc8cb4-4a2d-469c-9d41-f06aedad3f91
2025-04-23 15:44:27,343 [debc8cb4-4a2d-469c-9d41-f06aedad3f91-impl-thread1] INFO  util.JmxRegister (JmxRegister.java:register(58)) - register mxBean class org.apache.ratis.server.impl.RaftServerJmxAdapter as Ratis:service=RaftServer,group=group-88D8665D28D7,id=debc8cb4-4a2d-469c-9d41-f06aedad3f91
2025-04-23 15:44:27,345 [debc8cb4-4a2d-469c-9d41-f06aedad3f91-impl-thread1] INFO  server.RaftServerConfigKeys (ConfUtils.java:logGet(46)) - raft.server.snapshot.trigger-when-stop.enabled = true (default)
2025-04-23 15:44:27,346 [debc8cb4-4a2d-469c-9d41-f06aedad3f91-impl-thread1] INFO  server.RaftServerConfigKeys (ConfUtils.java:logGet(46)) - raft.server.snapshot.trigger-when-remove.enabled = true (default)
2025-04-23 15:44:27,346 [debc8cb4-4a2d-469c-9d41-f06aedad3f91-impl-thread1] INFO  server.RaftServerConfigKeys (ConfUtils.java:logGet(46)) - raft.server.snapshot.auto.trigger.enabled = true (custom)
2025-04-23 15:44:27,346 [debc8cb4-4a2d-469c-9d41-f06aedad3f91-impl-thread1] INFO  server.RaftServerConfigKeys (ConfUtils.java:logGet(46)) - raft.server.snapshot.auto.trigger.threshold = 1000 (custom)
2025-04-23 15:44:27,347 [debc8cb4-4a2d-469c-9d41-f06aedad3f91-impl-thread1] INFO  server.RaftServerConfigKeys (ConfUtils.java:logGet(46)) - raft.server.snapshot.retention.file.num = -1 (default)
2025-04-23 15:44:27,347 [debc8cb4-4a2d-469c-9d41-f06aedad3f91-impl-thread1] INFO  server.RaftServerConfigKeys (ConfUtils.java:logGet(46)) - raft.server.log.purge.upto.snapshot.index = false (default)
2025-04-23 15:44:27,351 [debc8cb4-4a2d-469c-9d41-f06aedad3f91-impl-thread1] INFO  server.RaftServer$Division (RaftServerImpl.java:start(405)) - debc8cb4-4a2d-469c-9d41-f06aedad3f91@group-88D8665D28D7: Successfully started.
2025-04-23 15:44:27,351 [main] INFO  server.RaftServer (RaftServerProxy.java:startImpl(407)) - debc8cb4-4a2d-469c-9d41-f06aedad3f91: start RPC server
2025-04-23 15:44:27,379 [main] INFO  server.GrpcService (GrpcService.java:startImpl(334)) - debc8cb4-4a2d-469c-9d41-f06aedad3f91: GrpcService started, listening on 15004
2025-04-23 15:44:27,380 [JvmPauseMonitor0] INFO  util.JvmPauseMonitor (JvmPauseMonitor.java:run(146)) - JvmPauseMonitor-debc8cb4-4a2d-469c-9d41-f06aedad3f91: Started
2025-04-23 15:44:28,511 [debc8cb4-4a2d-469c-9d41-f06aedad3f91@group-88D8665D28D7-FollowerState] INFO  impl.FollowerState (FollowerState.java:runImpl(161)) - debc8cb4-4a2d-469c-9d41-f06aedad3f91@group-88D8665D28D7-FollowerState: change to CANDIDATE, lastRpcElapsedTime:1169380808ns, electionTimeout:1167ms
2025-04-23 15:44:28,511 [debc8cb4-4a2d-469c-9d41-f06aedad3f91@group-88D8665D28D7-FollowerState] INFO  impl.RoleInfo (RoleInfo.java:shutdownFollowerState(121)) - debc8cb4-4a2d-469c-9d41-f06aedad3f91: shutdown debc8cb4-4a2d-469c-9d41-f06aedad3f91@group-88D8665D28D7-FollowerState
2025-04-23 15:44:28,512 [debc8cb4-4a2d-469c-9d41-f06aedad3f91@group-88D8665D28D7-FollowerState] INFO  server.RaftServer$Division (RaftServerImpl.java:setRole(378)) - debc8cb4-4a2d-469c-9d41-f06aedad3f91@group-88D8665D28D7: changes role from  FOLLOWER to CANDIDATE at term 0 for changeToCandidate
2025-04-23 15:44:28,514 [debc8cb4-4a2d-469c-9d41-f06aedad3f91@group-88D8665D28D7-FollowerState] INFO  server.RaftServerConfigKeys (ConfUtils.java:logGet(46)) - raft.server.leaderelection.pre-vote = true (default)
2025-04-23 15:44:28,514 [debc8cb4-4a2d-469c-9d41-f06aedad3f91@group-88D8665D28D7-FollowerState] INFO  impl.RoleInfo (RoleInfo.java:updateAndGet(148)) - debc8cb4-4a2d-469c-9d41-f06aedad3f91: start debc8cb4-4a2d-469c-9d41-f06aedad3f91@group-88D8665D28D7-LeaderElection1
2025-04-23 15:44:28,517 [debc8cb4-4a2d-469c-9d41-f06aedad3f91@group-88D8665D28D7-LeaderElection1] INFO  impl.LeaderElection (LeaderElection.java:askForVotes(332)) - debc8cb4-4a2d-469c-9d41-f06aedad3f91@group-88D8665D28D7-LeaderElection1 PRE_VOTE round 0: submit vote requests at term 0 for conf: {index: -1, cur=peers:[debc8cb4-4a2d-469c-9d41-f06aedad3f91|fv-az1337-835:15004]|listeners:[], old=null}
2025-04-23 15:44:28,518 [debc8cb4-4a2d-469c-9d41-f06aedad3f91@group-88D8665D28D7-LeaderElection1] INFO  impl.LeaderElection (LeaderElection.java:askForVotes(334)) - debc8cb4-4a2d-469c-9d41-f06aedad3f91@group-88D8665D28D7-LeaderElection1 PRE_VOTE round 0: result PASSED (term=0)
2025-04-23 15:44:28,523 [debc8cb4-4a2d-469c-9d41-f06aedad3f91@group-88D8665D28D7-LeaderElection1] INFO  impl.LeaderElection (LeaderElection.java:askForVotes(332)) - debc8cb4-4a2d-469c-9d41-f06aedad3f91@group-88D8665D28D7-LeaderElection1 ELECTION round 0: submit vote requests at term 1 for conf: {index: -1, cur=peers:[debc8cb4-4a2d-469c-9d41-f06aedad3f91|fv-az1337-835:15004]|listeners:[], old=null}
2025-04-23 15:44:28,524 [debc8cb4-4a2d-469c-9d41-f06aedad3f91@group-88D8665D28D7-LeaderElection1] INFO  impl.LeaderElection (LeaderElection.java:askForVotes(334)) - debc8cb4-4a2d-469c-9d41-f06aedad3f91@group-88D8665D28D7-LeaderElection1 ELECTION round 0: result PASSED (term=1)
2025-04-23 15:44:28,524 [debc8cb4-4a2d-469c-9d41-f06aedad3f91@group-88D8665D28D7-LeaderElection1] INFO  impl.RoleInfo (RoleInfo.java:shutdownLeaderElection(141)) - debc8cb4-4a2d-469c-9d41-f06aedad3f91: shutdown debc8cb4-4a2d-469c-9d41-f06aedad3f91@group-88D8665D28D7-LeaderElection1
2025-04-23 15:44:28,524 [debc8cb4-4a2d-469c-9d41-f06aedad3f91@group-88D8665D28D7-LeaderElection1] INFO  server.RaftServer$Division (RaftServerImpl.java:setRole(378)) - debc8cb4-4a2d-469c-9d41-f06aedad3f91@group-88D8665D28D7: changes role from CANDIDATE to LEADER at term 1 for changeToLeader
2025-04-23 15:44:28,528 [debc8cb4-4a2d-469c-9d41-f06aedad3f91@group-88D8665D28D7-LeaderElection1] INFO  server.RaftServerConfigKeys (ConfUtils.java:logGet(46)) - raft.server.staging.catchup.gap = 1000 (default)
2025-04-23 15:44:28,531 [debc8cb4-4a2d-469c-9d41-f06aedad3f91@group-88D8665D28D7-LeaderElection1] INFO  server.RaftServerConfigKeys (ConfUtils.java:logGet(46)) - raft.server.write.element-limit = 4096 (default)
2025-04-23 15:44:28,532 [debc8cb4-4a2d-469c-9d41-f06aedad3f91@group-88D8665D28D7-LeaderElection1] INFO  server.RaftServerConfigKeys (ConfUtils.java:logGet(46)) - raft.server.write.byte-limit = 64MB (=67108864) (default)
2025-04-23 15:44:28,534 [debc8cb4-4a2d-469c-9d41-f06aedad3f91@group-88D8665D28D7-LeaderElection1] INFO  server.RaftServerConfigKeys (ConfUtils.java:logGet(46)) - raft.server.watch.timeout = 10s (default)
2025-04-23 15:44:28,534 [debc8cb4-4a2d-469c-9d41-f06aedad3f91@group-88D8665D28D7-LeaderElection1] INFO  server.RaftServerConfigKeys (ConfUtils.java:logGet(46)) - raft.server.watch.timeout.denomination = 1s (default)
2025-04-23 15:44:28,535 [debc8cb4-4a2d-469c-9d41-f06aedad3f91@group-88D8665D28D7-LeaderElection1] INFO  server.RaftServerConfigKeys (ConfUtils.java:logGet(46)) - raft.server.watch.element-limit = 65536 (default)
2025-04-23 15:44:28,540 [debc8cb4-4a2d-469c-9d41-f06aedad3f91@group-88D8665D28D7-LeaderElection1] INFO  server.RaftServerConfigKeys (ConfUtils.java:logGet(46)) - raft.server.read.leader.lease.enabled = false (default)
2025-04-23 15:44:28,541 [debc8cb4-4a2d-469c-9d41-f06aedad3f91@group-88D8665D28D7-LeaderElection1] INFO  server.RaftServerConfigKeys (ConfUtils.java:logGet(46)) - raft.server.read.leader.lease.timeout.ratio = 0.9 (default)
2025-04-23 15:44:28,542 [debc8cb4-4a2d-469c-9d41-f06aedad3f91@group-88D8665D28D7-LeaderElection1] INFO  server.RaftServerConfigKeys (ConfUtils.java:logGet(46)) - raft.server.rpc.timeout.min = 5000ms (custom)
2025-04-23 15:44:28,542 [debc8cb4-4a2d-469c-9d41-f06aedad3f91@group-88D8665D28D7-LeaderElection1] INFO  server.RaftServerConfigKeys (ConfUtils.java:logGet(46)) - raft.server.log.log-metadata.enabled = true (default)
2025-04-23 15:44:28,542 [debc8cb4-4a2d-469c-9d41-f06aedad3f91@group-88D8665D28D7-LeaderElection1] INFO  server.RaftServerConfigKeys (ConfUtils.java:logGet(46)) - raft.server.write.element-limit = 4096 (default)
2025-04-23 15:44:28,542 [debc8cb4-4a2d-469c-9d41-f06aedad3f91@group-88D8665D28D7-LeaderElection1] INFO  server.RaftServerConfigKeys (ConfUtils.java:logGet(46)) - raft.server.write.follower.gap.ratio.max = -1.0 (default)
2025-04-23 15:44:28,544 [debc8cb4-4a2d-469c-9d41-f06aedad3f91@group-88D8665D28D7-LeaderElection1] INFO  impl.RoleInfo (RoleInfo.java:updateAndGet(148)) - debc8cb4-4a2d-469c-9d41-f06aedad3f91: start debc8cb4-4a2d-469c-9d41-f06aedad3f91@group-88D8665D28D7-LeaderStateImpl
2025-04-23 15:44:28,544 [debc8cb4-4a2d-469c-9d41-f06aedad3f91@group-88D8665D28D7-LeaderElection1] INFO  server.RaftServer$Division (RaftServerImpl.java:setFirstElection(562)) - debc8cb4-4a2d-469c-9d41-f06aedad3f91@group-88D8665D28D7: set firstElectionSinceStartup to false for becomeLeader
2025-04-23 15:44:28,544 [debc8cb4-4a2d-469c-9d41-f06aedad3f91@group-88D8665D28D7-LeaderElection1] INFO  server.RaftServer$Division (ServerState.java:setLeader(272)) - debc8cb4-4a2d-469c-9d41-f06aedad3f91@group-88D8665D28D7: change Leader from null to debc8cb4-4a2d-469c-9d41-f06aedad3f91 at term 1 for becomeLeader, leader elected after 1419ms
2025-04-23 15:44:28,557 [debc8cb4-4a2d-469c-9d41-f06aedad3f91@group-88D8665D28D7-LeaderElection1] INFO  segmented.SegmentedRaftLogWorker (SegmentedRaftLogWorker.java:startLogSegment(438)) - debc8cb4-4a2d-469c-9d41-f06aedad3f91@group-88D8665D28D7-SegmentedRaftLogWorker: Starting segment from index:0
2025-04-23 15:44:28,571 [debc8cb4-4a2d-469c-9d41-f06aedad3f91@group-88D8665D28D7-LeaderElection1] INFO  server.RaftServer$Division (ServerState.java:setRaftConf(386)) - debc8cb4-4a2d-469c-9d41-f06aedad3f91@group-88D8665D28D7: set configuration conf: {index: 0, cur=peers:[debc8cb4-4a2d-469c-9d41-f06aedad3f91|fv-az1337-835:15004]|listeners:[], old=null}
2025-04-23 15:44:28,580 [debc8cb4-4a2d-469c-9d41-f06aedad3f91@group-88D8665D28D7-SegmentedRaftLogWorker] INFO  segmented.BufferedWriteChannel (BufferedWriteChannel.java:open(61)) - open log_inprogress_0 at position 0
2025-04-23 15:44:28,589 [debc8cb4-4a2d-469c-9d41-f06aedad3f91@group-88D8665D28D7-SegmentedRaftLogWorker] INFO  segmented.SegmentedRaftLogWorker (SegmentedRaftLogWorker.java:execute(644)) - debc8cb4-4a2d-469c-9d41-f06aedad3f91@group-88D8665D28D7-SegmentedRaftLogWorker: created new log segment /home/runner/work/ozone/ozone/hadoop-ozone/integration-test/target/test-dir/MiniOzoneClusterImpl-5cf50c17-c591-473f-a8c4-88d8665d28d7/ozone-meta/scm-ha/5cf50c17-c591-473f-a8c4-88d8665d28d7/current/log_inprogress_0
2025-04-23 15:44:28,598 [debc8cb4-4a2d-469c-9d41-f06aedad3f91@group-88D8665D28D7-StateMachineUpdater] INFO  server.RaftServer$Division (LeaderStateImpl.java:checkStartIndex(313)) - Leader debc8cb4-4a2d-469c-9d41-f06aedad3f91@group-88D8665D28D7-LeaderStateImpl is ready since appliedIndex == startIndex == 0
2025-04-23 15:44:29,382 [main] INFO  server.RaftServer (RaftServerProxy.java:lambda$close$9(417)) - debc8cb4-4a2d-469c-9d41-f06aedad3f91: close
2025-04-23 15:44:29,383 [main] INFO  server.GrpcService (GrpcService.java:closeImpl(343)) - debc8cb4-4a2d-469c-9d41-f06aedad3f91: shutdown server GrpcServerProtocolService now
2025-04-23 15:44:29,383 [debc8cb4-4a2d-469c-9d41-f06aedad3f91-impl-thread1] INFO  server.RaftServer$Division (RaftServerImpl.java:lambda$close$1(513)) - debc8cb4-4a2d-469c-9d41-f06aedad3f91@group-88D8665D28D7: shutdown
2025-04-23 15:44:29,383 [debc8cb4-4a2d-469c-9d41-f06aedad3f91-impl-thread1] INFO  util.JmxRegister (JmxRegister.java:unregister(74)) - Successfully un-registered JMX Bean with object name Ratis:service=RaftServer,group=group-88D8665D28D7,id=debc8cb4-4a2d-469c-9d41-f06aedad3f91
2025-04-23 15:44:29,383 [debc8cb4-4a2d-469c-9d41-f06aedad3f91-impl-thread1] INFO  impl.RoleInfo (RoleInfo.java:shutdownLeaderState(103)) - debc8cb4-4a2d-469c-9d41-f06aedad3f91: shutdown debc8cb4-4a2d-469c-9d41-f06aedad3f91@group-88D8665D28D7-LeaderStateImpl
2025-04-23 15:44:29,386 [debc8cb4-4a2d-469c-9d41-f06aedad3f91-impl-thread1] INFO  impl.PendingRequests (PendingRequests.java:sendNotLeaderResponses(287)) - debc8cb4-4a2d-469c-9d41-f06aedad3f91@group-88D8665D28D7-PendingRequests: sendNotLeaderResponses
2025-04-23 15:44:29,388 [main] INFO  server.GrpcService (GrpcService.java:closeImpl(352)) - debc8cb4-4a2d-469c-9d41-f06aedad3f91: shutdown server GrpcServerProtocolService successfully
2025-04-23 15:44:29,389 [debc8cb4-4a2d-469c-9d41-f06aedad3f91-impl-thread1] INFO  impl.StateMachineUpdater (StateMachineUpdater.java:stopAndJoin(164)) - debc8cb4-4a2d-469c-9d41-f06aedad3f91@group-88D8665D28D7-StateMachineUpdater: set stopIndex = 0
2025-04-23 15:44:29,390 [debc8cb4-4a2d-469c-9d41-f06aedad3f91@group-88D8665D28D7-StateMachineUpdater] INFO  impl.StateMachineUpdater (StateMachineUpdater.java:takeSnapshot(303)) - debc8cb4-4a2d-469c-9d41-f06aedad3f91@group-88D8665D28D7-StateMachineUpdater: Took a snapshot at index 0
2025-04-23 15:44:29,390 [debc8cb4-4a2d-469c-9d41-f06aedad3f91@group-88D8665D28D7-StateMachineUpdater] INFO  impl.StateMachineUpdater (StateMachineUpdater.java:lambda$new$0(102)) - debc8cb4-4a2d-469c-9d41-f06aedad3f91@group-88D8665D28D7-StateMachineUpdater: snapshotIndex: updateIncreasingly -1 -> 0
2025-04-23 15:44:29,391 [debc8cb4-4a2d-469c-9d41-f06aedad3f91@group-88D8665D28D7-StateMachineUpdater] INFO  impl.StateMachineUpdater (StateMachineUpdater.java:stop(141)) - debc8cb4-4a2d-469c-9d41-f06aedad3f91@group-88D8665D28D7-StateMachineUpdater: closing SCMStateMachine, lastApplied=(t:1, i:0)
2025-04-23 15:44:29,392 [debc8cb4-4a2d-469c-9d41-f06aedad3f91@group-88D8665D28D7-cacheEviction-AwaitToRun] INFO  util.AwaitToRun (AwaitToRun.java:run(49)) - debc8cb4-4a2d-469c-9d41-f06aedad3f91@group-88D8665D28D7-cacheEviction-AwaitToRun-AwaitForSignal is interrupted
2025-04-23 15:44:29,595 [debc8cb4-4a2d-469c-9d41-f06aedad3f91-impl-thread1] INFO  segmented.SegmentedRaftLogWorker (SegmentedRaftLogWorker.java:close(252)) - debc8cb4-4a2d-469c-9d41-f06aedad3f91@group-88D8665D28D7-SegmentedRaftLogWorker close()
2025-04-23 15:44:29,599 [JvmPauseMonitor0] INFO  util.JvmPauseMonitor (JvmPauseMonitor.java:run(152)) - JvmPauseMonitor-debc8cb4-4a2d-469c-9d41-f06aedad3f91: Stopped
2025-04-23 15:44:29,630 [main] WARN  server.ServerUtils (ServerUtils.java:getScmDbDir(141)) - ozone.scm.db.dirs is not configured. We recommend adding this setting. Falling back to ozone.metadata.dirs instead.
2025-04-23 15:44:29,633 [main] INFO  ha.SCMHANodeDetails (SCMHANodeDetails.java:loadSCMHAConfig(162)) - ServiceID for StorageContainerManager is null
2025-04-23 15:44:29,633 [main] INFO  ha.SCMHANodeDetails (SCMHANodeDetails.java:loadSCMHAConfig(166)) - ozone.scm.default.service.id is not defined, falling back to ozone.scm.service.ids to find serviceID for StorageContainerManager if it is HA enabled cluster
2025-04-23 15:44:30,070 [main] WARN  utils.HAUtils (HAUtils.java:getMetaDir(337)) - ozone.scm.db.dirs is not configured. We recommend adding this setting. Falling back to ozone.metadata.dirs instead.
2025-04-23 15:44:30,184 [main] WARN  db.DBStoreBuilder (DBStoreBuilder.java:getDBDirPath(167)) - ozone.scm.db.dirs is not configured. We recommend adding this setting. Falling back to ozone.metadata.dirs instead.
2025-04-23 15:44:30,374 [main] INFO  net.NodeSchemaLoader (NodeSchemaLoader.java:loadSchemaFromFile(127)) - Loading schema from [jar:file:/home/runner/work/ozone/ozone/hadoop-hdds/common/target/hdds-common-2.1.0-SNAPSHOT.jar!/network-topology-default.xml]
2025-04-23 15:44:30,376 [main] INFO  net.NodeSchemaLoader (NodeSchemaLoader.java:loadSchema(174)) - Loading network topology layer schema file
2025-04-23 15:44:30,473 [main] INFO  ha.SCMRatisServerImpl (SCMRatisServerImpl.java:<init>(100)) - starting Raft server for scm:debc8cb4-4a2d-469c-9d41-f06aedad3f91
2025-04-23 15:44:30,477 [main] INFO  server.RaftServerConfigKeys (ConfUtils.java:logGet(46)) - raft.server.log.appender.buffer.byte-limit = 4194304 (custom)
2025-04-23 15:44:30,479 [main] INFO  server.RaftServer (ConfUtils.java:logGet(46)) - raft.rpc.type = GRPC (default)
2025-04-23 15:44:30,480 [main] INFO  grpc.GrpcConfigKeys (ConfUtils.java:logFallback(53)) - raft.grpc.admin.host = null (fallback to raft.grpc.server.host)
2025-04-23 15:44:30,480 [main] INFO  grpc.GrpcConfigKeys (ConfUtils.java:logFallback(53)) - raft.grpc.admin.port = 15004 (fallback to raft.grpc.server.port)
2025-04-23 15:44:30,480 [main] INFO  grpc.GrpcConfigKeys (ConfUtils.java:logFallback(53)) - raft.grpc.client.host = null (fallback to raft.grpc.server.host)
2025-04-23 15:44:30,481 [main] INFO  grpc.GrpcConfigKeys (ConfUtils.java:logFallback(53)) - raft.grpc.client.port = 15004 (fallback to raft.grpc.server.port)
2025-04-23 15:44:30,481 [main] INFO  grpc.GrpcConfigKeys (ConfUtils.java:logGet(46)) - raft.grpc.server.host = null (default)
2025-04-23 15:44:30,481 [main] INFO  grpc.GrpcConfigKeys (ConfUtils.java:logGet(46)) - raft.grpc.server.port = 15004 (custom)
2025-04-23 15:44:30,482 [main] INFO  server.GrpcService (ConfUtils.java:logGet(46)) - raft.grpc.message.size.max = 5242880 (custom)
2025-04-23 15:44:30,482 [main] INFO  server.GrpcService (ConfUtils.java:logGet(46)) - raft.grpc.flow.control.window = 1MB (=1048576) (default)
2025-04-23 15:44:30,482 [main] INFO  server.RaftServerConfigKeys (ConfUtils.java:logGet(46)) - raft.server.rpc.request.timeout = 30000ms (custom)
2025-04-23 15:44:30,483 [main] INFO  grpc.GrpcConfigKeys (ConfUtils.java:logGet(46)) - raft.grpc.server.heartbeat.channel = true (default)
2025-04-23 15:44:30,483 [main] INFO  server.RaftServerConfigKeys (ConfUtils.java:logGet(46)) - raft.server.log.appender.buffer.byte-limit = 4194304 (custom)
2025-04-23 15:44:30,483 [main] INFO  grpc.GrpcConfigKeys (ConfUtils.java:logGet(46)) - raft.grpc.server.async.request.thread.pool.cached = true (default)
2025-04-23 15:44:30,483 [main] INFO  grpc.GrpcConfigKeys (ConfUtils.java:logGet(46)) - raft.grpc.server.async.request.thread.pool.size = 32 (default)
2025-04-23 15:44:30,485 [main] INFO  impl.DataStreamServerImpl (ConfUtils.java:logGet(46)) - raft.datastream.type = DISABLED (default)
2025-04-23 15:44:30,485 [main] INFO  server.RaftServerConfigKeys (ConfUtils.java:logGet(46)) - raft.server.sleep.deviation.threshold = 300ms (default)
2025-04-23 15:44:30,485 [main] INFO  server.RaftServerConfigKeys (ConfUtils.java:logGet(46)) - raft.server.close.threshold = 60s (default)
2025-04-23 15:44:30,485 [main] INFO  server.RaftServerConfigKeys (ConfUtils.java:logGet(46)) - raft.server.leaderelection.leader.step-down.wait-time = 10s (default)
2025-04-23 15:44:30,485 [main] INFO  server.RaftServerConfigKeys (ConfUtils.java:logGet(46)) - raft.server.storage.dir = [/home/runner/work/ozone/ozone/hadoop-ozone/integration-test/target/test-dir/MiniOzoneClusterImpl-5cf50c17-c591-473f-a8c4-88d8665d28d7/ozone-meta/scm-ha] (custom)
2025-04-23 15:44:30,486 [main] INFO  server.RaftServerConfigKeys (ConfUtils.java:logGet(46)) - raft.server.threadpool.proxy.cached = true (default)
2025-04-23 15:44:30,486 [main] INFO  server.RaftServerConfigKeys (ConfUtils.java:logGet(46)) - raft.server.threadpool.proxy.size = 0 (default)
2025-04-23 15:44:30,486 [debc8cb4-4a2d-469c-9d41-f06aedad3f91-impl-thread1] INFO  server.RaftServer (RaftServerProxy.java:initGroupDir(265)) - debc8cb4-4a2d-469c-9d41-f06aedad3f91: found a subdirectory /home/runner/work/ozone/ozone/hadoop-ozone/integration-test/target/test-dir/MiniOzoneClusterImpl-5cf50c17-c591-473f-a8c4-88d8665d28d7/ozone-meta/scm-ha/5cf50c17-c591-473f-a8c4-88d8665d28d7
2025-04-23 15:44:30,488 [main] INFO  server.RaftServer (RaftServerProxy.java:addNew(100)) - debc8cb4-4a2d-469c-9d41-f06aedad3f91: addNew group-88D8665D28D7:[] returns group-88D8665D28D7:java.util.concurrent.CompletableFuture@3dfe59d7[Not completed]
2025-04-23 15:44:30,490 [debc8cb4-4a2d-469c-9d41-f06aedad3f91-groupManagement] INFO  server.RaftServer$Division (RaftServerImpl.java:<init>(255)) - debc8cb4-4a2d-469c-9d41-f06aedad3f91: new RaftServerImpl for group-88D8665D28D7:[] with SCMStateMachine:uninitialized
2025-04-23 15:44:30,491 [debc8cb4-4a2d-469c-9d41-f06aedad3f91-groupManagement] INFO  server.RaftServerConfigKeys (ConfUtils.java:logGet(46)) - raft.server.rpc.timeout.min = 5000ms (custom)
2025-04-23 15:44:30,491 [debc8cb4-4a2d-469c-9d41-f06aedad3f91-groupManagement] INFO  server.RaftServerConfigKeys (ConfUtils.java:logGet(46)) - raft.server.rpc.timeout.max = 5200ms (custom)
2025-04-23 15:44:30,491 [debc8cb4-4a2d-469c-9d41-f06aedad3f91-groupManagement] INFO  server.RaftServerConfigKeys (ConfUtils.java:logGet(46)) - raft.server.rpc.sleep.time = 25ms (default)
2025-04-23 15:44:30,491 [debc8cb4-4a2d-469c-9d41-f06aedad3f91-groupManagement] INFO  server.RaftServerConfigKeys (ConfUtils.java:logGet(46)) - raft.server.rpc.slowness.timeout = 120000ms (custom)
2025-04-23 15:44:30,491 [debc8cb4-4a2d-469c-9d41-f06aedad3f91-groupManagement] INFO  server.RaftServerConfigKeys (ConfUtils.java:logGet(46)) - raft.server.leaderelection.leader.step-down.wait-time = 10s (default)
2025-04-23 15:44:30,492 [debc8cb4-4a2d-469c-9d41-f06aedad3f91-groupManagement] INFO  server.RaftServerConfigKeys (ConfUtils.java:logGet(46)) - raft.server.leaderelection.member.majority-add = false (default)
2025-04-23 15:44:30,492 [debc8cb4-4a2d-469c-9d41-f06aedad3f91-groupManagement] INFO  server.RaftServerConfigKeys (ConfUtils.java:logGet(46)) - raft.server.sleep.deviation.threshold = 300ms (default)
2025-04-23 15:44:30,492 [debc8cb4-4a2d-469c-9d41-f06aedad3f91-groupManagement] INFO  server.RaftServer$Division (ServerState.java:<init>(114)) - debc8cb4-4a2d-469c-9d41-f06aedad3f91@group-88D8665D28D7: ConfigurationManager, init=conf: {index: -1, cur=peers:[]|listeners:[], old=null}, confs=<EMPTY_MAP>
2025-04-23 15:44:30,492 [debc8cb4-4a2d-469c-9d41-f06aedad3f91-groupManagement] INFO  server.RaftServerConfigKeys (ConfUtils.java:logGet(46)) - raft.server.notification.no-leader.timeout = 60s (default)
2025-04-23 15:44:30,492 [debc8cb4-4a2d-469c-9d41-f06aedad3f91-groupManagement] INFO  server.RaftServerConfigKeys (ConfUtils.java:logGet(46)) - raft.server.read.timeout = 10s (default)
2025-04-23 15:44:30,492 [debc8cb4-4a2d-469c-9d41-f06aedad3f91-groupManagement] INFO  server.RaftServerConfigKeys (ConfUtils.java:logGet(46)) - raft.server.retrycache.expirytime = 60000ms (default)
2025-04-23 15:44:30,493 [debc8cb4-4a2d-469c-9d41-f06aedad3f91-groupManagement] INFO  server.RaftServerConfigKeys (ConfUtils.java:logGet(46)) - raft.server.retrycache.statistics.expirytime = 100ms (default)
2025-04-23 15:44:30,493 [debc8cb4-4a2d-469c-9d41-f06aedad3f91-groupManagement] INFO  server.RaftServerConfigKeys (ConfUtils.java:logGet(46)) - raft.server.read.option = DEFAULT (default)
2025-04-23 15:44:30,493 [debc8cb4-4a2d-469c-9d41-f06aedad3f91-groupManagement] INFO  server.RaftServerConfigKeys (ConfUtils.java:logGet(46)) - raft.server.read.read-after-write-consistent.write-index-cache.expiry-time = 60s (default)
2025-04-23 15:44:30,502 [debc8cb4-4a2d-469c-9d41-f06aedad3f91-groupManagement] INFO  server.RaftServerConfigKeys (ConfUtils.java:logGet(46)) - raft.server.rpc.request.timeout = 30000ms (custom)
2025-04-23 15:44:30,502 [debc8cb4-4a2d-469c-9d41-f06aedad3f91-groupManagement] INFO  server.RaftServerConfigKeys (ConfUtils.java:logGet(46)) - raft.server.log.appender.install.snapshot.enabled = false (custom)
2025-04-23 15:44:30,502 [debc8cb4-4a2d-469c-9d41-f06aedad3f91-groupManagement] INFO  server.RaftServerConfigKeys (ConfUtils.java:logGet(46)) - raft.server.threadpool.server.cached = true (default)
2025-04-23 15:44:30,502 [debc8cb4-4a2d-469c-9d41-f06aedad3f91-groupManagement] INFO  server.RaftServerConfigKeys (ConfUtils.java:logGet(46)) - raft.server.threadpool.server.size = 0 (default)
2025-04-23 15:44:30,502 [debc8cb4-4a2d-469c-9d41-f06aedad3f91-groupManagement] INFO  server.RaftServerConfigKeys (ConfUtils.java:logGet(46)) - raft.server.threadpool.client.cached = true (default)
2025-04-23 15:44:30,502 [debc8cb4-4a2d-469c-9d41-f06aedad3f91-groupManagement] INFO  server.RaftServerConfigKeys (ConfUtils.java:logGet(46)) - raft.server.threadpool.client.size = 0 (default)
2025-04-23 15:44:30,504 [main] INFO  ha.SCMSnapshotProvider (SCMSnapshotProvider.java:<init>(62)) - Initializing SCM Snapshot Provider
2025-04-23 15:44:30,504 [main] WARN  server.ServerUtils (ServerUtils.java:getDefaultRatisDirectory(309)) - Storage directory for Ratis is not configured. It is a good idea to map this to an SSD disk. Falling back to ozone.metadata.dirs
2025-04-23 15:44:30,504 [main] WARN  ha.SCMHAUtils (SCMHAUtils.java:getSCMRatisSnapshotDirectory(120)) - SCM snapshot dir is not configured. Falling back to ozone.metadata.dirs config
2025-04-23 15:44:30,528 [main] INFO  upgrade.AbstractLayoutVersionManager (AbstractLayoutVersionManager.java:init(80)) - Initializing Layout version manager with metadata layout = HBASE_SUPPORT (version = 8), software layout = HBASE_SUPPORT (version = 8)
2025-04-23 15:44:30,569 [main] INFO  ha.SequenceIdGenerator (SequenceIdGenerator.java:upgradeToSequenceId(362)) - upgrade localId to 115816896921600000
2025-04-23 15:44:30,570 [main] INFO  ha.SequenceIdGenerator (SequenceIdGenerator.java:upgradeToSequenceId(372)) - upgrade delTxnId to 0
2025-04-23 15:44:30,576 [main] INFO  ha.SequenceIdGenerator (SequenceIdGenerator.java:upgradeToSequenceId(389)) - upgrade containerId to 0
2025-04-23 15:44:30,578 [main] INFO  ha.SequenceIdGenerator (SequenceIdGenerator.java:upgradeToCertificateSequenceId(426)) - upgrade CertificateId to 2
2025-04-23 15:44:30,580 [main] INFO  ha.SequenceIdGenerator (SequenceIdGenerator.java:<init>(239)) - Init the HA SequenceIdGenerator.
2025-04-23 15:44:30,630 [main] WARN  server.ServerUtils (ServerUtils.java:sanitizeUserArgs(77)) - ozone.scm.stale.node.interval value = 300000 is larger than max = 100000 based on the key value of ozone.scm.heartbeat.thread.interval, reset to the max value 100000.
2025-04-23 15:44:30,631 [main] WARN  server.ServerUtils (ServerUtils.java:sanitizeUserArgs(77)) - ozone.scm.stale.node.interval value = 300000 is larger than max = 100000 based on the key value of ozone.scm.heartbeat.thread.interval, reset to the max value 100000.
2025-04-23 15:44:30,635 [main] INFO  node.SCMNodeManager (SCMNodeManager.java:<init>(181)) - Entering startup safe mode.
2025-04-23 15:44:30,649 [main] INFO  algorithms.ContainerPlacementPolicyFactory (ContainerPlacementPolicyFactory.java:getPolicyInternal(85)) - Create container placement policy of type org.apache.hadoop.hdds.scm.container.placement.algorithms.SCMContainerPlacementRackAware
2025-04-23 15:44:30,654 [main] INFO  algorithms.ContainerPlacementPolicyFactory (ContainerPlacementPolicyFactory.java:getPolicyInternal(85)) - Create container placement policy of type org.apache.hadoop.hdds.scm.container.placement.algorithms.SCMContainerPlacementRackScatter
2025-04-23 15:44:30,663 [main] INFO  pipeline.PipelineStateManagerImpl (PipelineStateManagerImpl.java:initialize(75)) - No pipeline exists in current db
2025-04-23 15:44:30,676 [main] INFO  algorithms.LeaderChoosePolicyFactory (LeaderChoosePolicyFactory.java:getPolicy(56)) - Create leader choose policy of type org.apache.hadoop.hdds.scm.pipeline.leader.choose.algorithms.MinLeaderCountChoosePolicy
2025-04-23 15:44:30,676 [main] INFO  algorithms.ContainerPlacementPolicyFactory (ContainerPlacementPolicyFactory.java:getPolicyInternal(85)) - Create container placement policy of type org.apache.hadoop.hdds.scm.container.placement.algorithms.SCMContainerPlacementRackScatter
2025-04-23 15:44:30,684 [main] INFO  ha.SCMServiceManager (SCMServiceManager.java:register(42)) - Registering service BackgroundPipelineCreator.
2025-04-23 15:44:30,684 [main] INFO  pipeline.BackgroundPipelineCreator (BackgroundPipelineCreator.java:start(127)) - Starting RatisPipelineUtilsThread.
2025-04-23 15:44:30,687 [main] INFO  BackgroundPipelineScrubber (BackgroundSCMService.java:start(64)) - Starting BackgroundPipelineScrubber Service.
2025-04-23 15:44:30,687 [main] INFO  ha.SCMServiceManager (SCMServiceManager.java:register(42)) - Registering service BackgroundPipelineScrubber.
2025-04-23 15:44:30,693 [main] INFO  ExpiredContainerReplicaOpScrubber (BackgroundSCMService.java:start(64)) - Starting ExpiredContainerReplicaOpScrubber Service.
2025-04-23 15:44:30,694 [main] INFO  ha.SCMServiceManager (SCMServiceManager.java:register(42)) - Registering service ExpiredContainerReplicaOpScrubber.
2025-04-23 15:44:30,720 [main] INFO  algorithms.PipelineChoosePolicyFactory (PipelineChoosePolicyFactory.java:createPipelineChoosePolicyFromClass(78)) - Create pipeline choose policy of type org.apache.hadoop.hdds.scm.pipeline.choose.algorithms.RandomPipelineChoosePolicy
2025-04-23 15:44:30,721 [main] INFO  algorithms.PipelineChoosePolicyFactory (PipelineChoosePolicyFactory.java:createPipelineChoosePolicyFromClass(78)) - Create pipeline choose policy of type org.apache.hadoop.hdds.scm.pipeline.choose.algorithms.RandomPipelineChoosePolicy
2025-04-23 15:44:30,751 [main] INFO  ha.SCMServiceManager (SCMServiceManager.java:register(42)) - Registering service SCMBlockDeletingService.
2025-04-23 15:44:30,804 [main] INFO  replication.ReplicationManager (ReplicationManager.java:start(287)) - Starting Replication Monitor Thread.
2025-04-23 15:44:30,805 [main] INFO  ha.SCMServiceManager (SCMServiceManager.java:register(42)) - Registering service ReplicationManager.
2025-04-23 15:44:30,821 [main] INFO  safemode.RatisContainerSafeModeRule (RatisContainerSafeModeRule.java:initializeRule(161)) - Refreshed Containers with one replica threshold count 0.
2025-04-23 15:44:30,823 [main] INFO  safemode.ECContainerSafeModeRule (ECContainerSafeModeRule.java:initializeRule(205)) - Refreshed Containers with ec n replica threshold count 0.
2025-04-23 15:44:30,827 [main] INFO  safemode.HealthyPipelineSafeModeRule (HealthyPipelineSafeModeRule.java:initializeRule(178)) - Total pipeline count is 0, healthy pipeline threshold count is 1
2025-04-23 15:44:30,829 [main] INFO  safemode.OneReplicaPipelineSafeModeRule (OneReplicaPipelineSafeModeRule.java:initializeRule(191)) - Total pipeline count is 0, pipeline's with at least one datanode reported threshold count is 0
2025-04-23 15:44:30,879 [main] INFO  server.StorageContainerManager (StorageContainerManager.java:<init>(430)) - SCM start with adminUsers: [*, runner]
2025-04-23 15:44:31,137 [main] INFO  audit.AuditLogger (AuditLogger.java:refreshDebugCmdSet(133)) - Refresh DebugCmdSet for SCMAudit to [].
2025-04-23 15:44:31,162 [main] INFO  ipc.CallQueueManager (CallQueueManager.java:<init>(93)) - Using callQueue: class java.util.concurrent.LinkedBlockingQueue, queueCapacity: 10000, scheduler: class org.apache.hadoop.ipc.DefaultRpcScheduler, ipcBackoff: false, ipcFailOver: false.
2025-04-23 15:44:31,187 [main] INFO  ipc.Server (Server.java:<init>(1438)) - Listener at 0.0.0.0:15002
2025-04-23 15:44:31,189 [Socket Reader #3 for port 15002] INFO  ipc.Server (Server.java:run(1474)) - Starting Socket Reader #3 for port 15002
2025-04-23 15:44:31,189 [Socket Reader #4 for port 15002] INFO  ipc.Server (Server.java:run(1474)) - Starting Socket Reader #4 for port 15002
2025-04-23 15:44:31,189 [Socket Reader #2 for port 15002] INFO  ipc.Server (Server.java:run(1474)) - Starting Socket Reader #2 for port 15002
2025-04-23 15:44:31,189 [Socket Reader #5 for port 15002] INFO  ipc.Server (Server.java:run(1474)) - Starting Socket Reader #5 for port 15002
2025-04-23 15:44:31,189 [Socket Reader #6 for port 15002] INFO  ipc.Server (Server.java:run(1474)) - Starting Socket Reader #6 for port 15002
2025-04-23 15:44:31,189 [Socket Reader #1 for port 15002] INFO  ipc.Server (Server.java:run(1474)) - Starting Socket Reader #1 for port 15002
2025-04-23 15:44:31,190 [Socket Reader #7 for port 15002] INFO  ipc.Server (Server.java:run(1474)) - Starting Socket Reader #7 for port 15002
2025-04-23 15:44:31,191 [Socket Reader #8 for port 15002] INFO  ipc.Server (Server.java:run(1474)) - Starting Socket Reader #8 for port 15002
2025-04-23 15:44:31,191 [Socket Reader #9 for port 15002] INFO  ipc.Server (Server.java:run(1474)) - Starting Socket Reader #9 for port 15002
2025-04-23 15:44:31,191 [Socket Reader #10 for port 15002] INFO  ipc.Server (Server.java:run(1474)) - Starting Socket Reader #10 for port 15002
2025-04-23 15:44:31,231 [main] INFO  audit.AuditLogger (AuditLogger.java:refreshDebugCmdSet(133)) - Refresh DebugCmdSet for SCMAudit to [].
2025-04-23 15:44:31,236 [main] INFO  ipc.CallQueueManager (CallQueueManager.java:<init>(93)) - Using callQueue: class java.util.concurrent.LinkedBlockingQueue, queueCapacity: 10000, scheduler: class org.apache.hadoop.ipc.DefaultRpcScheduler, ipcBackoff: false, ipcFailOver: false.
2025-04-23 15:44:31,236 [main] INFO  ipc.Server (Server.java:<init>(1438)) - Listener at 0.0.0.0:15001
2025-04-23 15:44:31,238 [Socket Reader #1 for port 15001] INFO  ipc.Server (Server.java:run(1474)) - Starting Socket Reader #1 for port 15001
2025-04-23 15:44:31,238 [Socket Reader #2 for port 15001] INFO  ipc.Server (Server.java:run(1474)) - Starting Socket Reader #2 for port 15001
2025-04-23 15:44:31,239 [Socket Reader #3 for port 15001] INFO  ipc.Server (Server.java:run(1474)) - Starting Socket Reader #3 for port 15001
2025-04-23 15:44:31,239 [Socket Reader #4 for port 15001] INFO  ipc.Server (Server.java:run(1474)) - Starting Socket Reader #4 for port 15001
2025-04-23 15:44:31,240 [Socket Reader #5 for port 15001] INFO  ipc.Server (Server.java:run(1474)) - Starting Socket Reader #5 for port 15001
2025-04-23 15:44:31,241 [Socket Reader #6 for port 15001] INFO  ipc.Server (Server.java:run(1474)) - Starting Socket Reader #6 for port 15001
2025-04-23 15:44:31,241 [Socket Reader #7 for port 15001] INFO  ipc.Server (Server.java:run(1474)) - Starting Socket Reader #7 for port 15001
2025-04-23 15:44:31,242 [Socket Reader #8 for port 15001] INFO  ipc.Server (Server.java:run(1474)) - Starting Socket Reader #8 for port 15001
2025-04-23 15:44:31,242 [Socket Reader #9 for port 15001] INFO  ipc.Server (Server.java:run(1474)) - Starting Socket Reader #9 for port 15001
2025-04-23 15:44:31,243 [Socket Reader #10 for port 15001] INFO  ipc.Server (Server.java:run(1474)) - Starting Socket Reader #10 for port 15001
2025-04-23 15:44:31,276 [main] INFO  audit.AuditLogger (AuditLogger.java:refreshDebugCmdSet(133)) - Refresh DebugCmdSet for SCMAudit to [].
2025-04-23 15:44:31,287 [main] INFO  ipc.CallQueueManager (CallQueueManager.java:<init>(93)) - Using callQueue: class java.util.concurrent.LinkedBlockingQueue, queueCapacity: 10000, scheduler: class org.apache.hadoop.ipc.DefaultRpcScheduler, ipcBackoff: false, ipcFailOver: false.
2025-04-23 15:44:31,287 [main] INFO  ipc.Server (Server.java:<init>(1438)) - Listener at 0.0.0.0:15000
2025-04-23 15:44:31,288 [Socket Reader #1 for port 15000] INFO  ipc.Server (Server.java:run(1474)) - Starting Socket Reader #1 for port 15000
2025-04-23 15:44:31,288 [Socket Reader #2 for port 15000] INFO  ipc.Server (Server.java:run(1474)) - Starting Socket Reader #2 for port 15000
2025-04-23 15:44:31,289 [Socket Reader #3 for port 15000] INFO  ipc.Server (Server.java:run(1474)) - Starting Socket Reader #3 for port 15000
2025-04-23 15:44:31,289 [Socket Reader #4 for port 15000] INFO  ipc.Server (Server.java:run(1474)) - Starting Socket Reader #4 for port 15000
2025-04-23 15:44:31,289 [Socket Reader #5 for port 15000] INFO  ipc.Server (Server.java:run(1474)) - Starting Socket Reader #5 for port 15000
2025-04-23 15:44:31,290 [Socket Reader #6 for port 15000] INFO  ipc.Server (Server.java:run(1474)) - Starting Socket Reader #6 for port 15000
2025-04-23 15:44:31,290 [Socket Reader #7 for port 15000] INFO  ipc.Server (Server.java:run(1474)) - Starting Socket Reader #7 for port 15000
2025-04-23 15:44:31,291 [Socket Reader #8 for port 15000] INFO  ipc.Server (Server.java:run(1474)) - Starting Socket Reader #8 for port 15000
2025-04-23 15:44:31,291 [Socket Reader #9 for port 15000] INFO  ipc.Server (Server.java:run(1474)) - Starting Socket Reader #9 for port 15000
2025-04-23 15:44:31,292 [Socket Reader #10 for port 15000] INFO  ipc.Server (Server.java:run(1474)) - Starting Socket Reader #10 for port 15000
2025-04-23 15:44:31,347 [main] INFO  ha.SCMServiceManager (SCMServiceManager.java:register(42)) - Registering service ContainerBalancer.
2025-04-23 15:44:31,348 [main] INFO  ha.SCMContext (SCMContext.java:updateSafeModeStatus(224)) - Update SafeModeStatus from SafeModeStatus{safeModeStatus=true, preCheckPassed=false} to SafeModeStatus{safeModeStatus=true, preCheckPassed=false}.
2025-04-23 15:44:31,353 [main] INFO  server.StorageContainerManager (StorageContainerManager.java:start(1506)) - StorageContainerLocationProtocol RPC server is listening at /0.0.0.0:15000
2025-04-23 15:44:31,354 [main] INFO  ha.SCMRatisServerImpl (SCMRatisServerImpl.java:start(203)) - starting ratis server 0.0.0.0:15004
2025-04-23 15:44:31,354 [debc8cb4-4a2d-469c-9d41-f06aedad3f91-impl-thread1] INFO  server.RaftServerConfigKeys (ConfUtils.java:logGet(46)) - raft.server.storage.free-space.min = 0MB (=0) (default)
2025-04-23 15:44:31,354 [debc8cb4-4a2d-469c-9d41-f06aedad3f91-impl-thread1] INFO  server.RaftServerConfigKeys (ConfUtils.java:logGet(46)) - raft.server.log.corruption.policy = EXCEPTION (default)
2025-04-23 15:44:31,354 [debc8cb4-4a2d-469c-9d41-f06aedad3f91-impl-thread1] INFO  server.RaftServerConfigKeys (ConfUtils.java:logGet(46)) - raft.server.storage.dir = [/home/runner/work/ozone/ozone/hadoop-ozone/integration-test/target/test-dir/MiniOzoneClusterImpl-5cf50c17-c591-473f-a8c4-88d8665d28d7/ozone-meta/scm-ha] (custom)
2025-04-23 15:44:31,356 [debc8cb4-4a2d-469c-9d41-f06aedad3f91-impl-thread1] INFO  storage.RaftStorageDirectory (RaftStorageDirectoryImpl.java:tryLock(229)) - Lock on /home/runner/work/ozone/ozone/hadoop-ozone/integration-test/target/test-dir/MiniOzoneClusterImpl-5cf50c17-c591-473f-a8c4-88d8665d28d7/ozone-meta/scm-ha/5cf50c17-c591-473f-a8c4-88d8665d28d7/in_use.lock acquired by nodename 129659@fv-az1337-835
2025-04-23 15:44:31,358 [debc8cb4-4a2d-469c-9d41-f06aedad3f91-impl-thread1] INFO  storage.RaftStorage (RaftStorageImpl.java:analyzeAndRecoverStorage(118)) - Read RaftStorageMetadata{term=1, votedFor=debc8cb4-4a2d-469c-9d41-f06aedad3f91} from /home/runner/work/ozone/ozone/hadoop-ozone/integration-test/target/test-dir/MiniOzoneClusterImpl-5cf50c17-c591-473f-a8c4-88d8665d28d7/ozone-meta/scm-ha/5cf50c17-c591-473f-a8c4-88d8665d28d7/current/raft-meta
2025-04-23 15:44:31,360 [debc8cb4-4a2d-469c-9d41-f06aedad3f91-impl-thread1] INFO  server.RaftServer$Division (ServerState.java:setRaftConf(386)) - debc8cb4-4a2d-469c-9d41-f06aedad3f91@group-88D8665D28D7: set configuration conf: {index: 0, cur=peers:[debc8cb4-4a2d-469c-9d41-f06aedad3f91|fv-az1337-835:15004]|listeners:[], old=null}
2025-04-23 15:44:31,361 [debc8cb4-4a2d-469c-9d41-f06aedad3f91-impl-thread1] INFO  ha.SCMStateMachine (SCMStateMachine.java:lambda$initialize$0(135)) - debc8cb4-4a2d-469c-9d41-f06aedad3f91: initialize group-88D8665D28D7
2025-04-23 15:44:31,361 [debc8cb4-4a2d-469c-9d41-f06aedad3f91-impl-thread1] INFO  server.RaftServerConfigKeys (ConfUtils.java:logGet(46)) - raft.server.log.use.memory = false (default)
2025-04-23 15:44:31,361 [debc8cb4-4a2d-469c-9d41-f06aedad3f91-impl-thread1] INFO  server.RaftServerConfigKeys (ConfUtils.java:logGet(46)) - raft.server.log.purge.gap = 1000000 (custom)
2025-04-23 15:44:31,361 [debc8cb4-4a2d-469c-9d41-f06aedad3f91-impl-thread1] INFO  server.RaftServerConfigKeys (ConfUtils.java:logGet(46)) - raft.server.log.appender.buffer.byte-limit = 4194304 (custom)
2025-04-23 15:44:31,362 [debc8cb4-4a2d-469c-9d41-f06aedad3f91-impl-thread1] INFO  server.RaftServerConfigKeys (ConfUtils.java:logGet(46)) - raft.server.log.statemachine.data.read.timeout = 1000ms (default)
2025-04-23 15:44:31,362 [debc8cb4-4a2d-469c-9d41-f06aedad3f91-impl-thread1] INFO  server.RaftServerConfigKeys (ConfUtils.java:logGet(46)) - raft.server.log.purge.preservation.log.num = 0 (default)
2025-04-23 15:44:31,365 [debc8cb4-4a2d-469c-9d41-f06aedad3f91-impl-thread1] INFO  server.RaftServerConfigKeys (ConfUtils.java:logGet(46)) - raft.server.log.segment.size.max = 4194304 (custom)
2025-04-23 15:44:31,365 [debc8cb4-4a2d-469c-9d41-f06aedad3f91-impl-thread1] INFO  server.RaftServerConfigKeys (ConfUtils.java:logGet(46)) - raft.server.log.segment.cache.num.max = 2 (custom)
2025-04-23 15:44:31,365 [debc8cb4-4a2d-469c-9d41-f06aedad3f91-impl-thread1] INFO  server.RaftServerConfigKeys (ConfUtils.java:logGet(46)) - raft.server.log.segment.cache.size.max = 200MB (=209715200) (default)
2025-04-23 15:44:31,365 [debc8cb4-4a2d-469c-9d41-f06aedad3f91-impl-thread1] INFO  server.RaftServerConfigKeys (ConfUtils.java:logGet(46)) - raft.server.log.appender.buffer.byte-limit = 4194304 (custom)
2025-04-23 15:44:31,366 [debc8cb4-4a2d-469c-9d41-f06aedad3f91-impl-thread1] INFO  util.AwaitToRun (AwaitToRun.java:start(81)) - Thread[#116,debc8cb4-4a2d-469c-9d41-f06aedad3f91@group-88D8665D28D7-cacheEviction-AwaitToRun,5,main] started
2025-04-23 15:44:31,366 [debc8cb4-4a2d-469c-9d41-f06aedad3f91-impl-thread1] INFO  segmented.SegmentedRaftLogWorker (SegmentedRaftLogWorker.java:<init>(188)) - new debc8cb4-4a2d-469c-9d41-f06aedad3f91@group-88D8665D28D7-SegmentedRaftLogWorker for RaftStorageImpl:Storage Directory /home/runner/work/ozone/ozone/hadoop-ozone/integration-test/target/test-dir/MiniOzoneClusterImpl-5cf50c17-c591-473f-a8c4-88d8665d28d7/ozone-meta/scm-ha/5cf50c17-c591-473f-a8c4-88d8665d28d7
2025-04-23 15:44:31,366 [debc8cb4-4a2d-469c-9d41-f06aedad3f91-impl-thread1] INFO  server.RaftServerConfigKeys (ConfUtils.java:logGet(46)) - raft.server.log.queue.byte-limit = 64MB (=67108864) (default)
2025-04-23 15:44:31,366 [debc8cb4-4a2d-469c-9d41-f06aedad3f91-impl-thread1] INFO  server.RaftServerConfigKeys (ConfUtils.java:logGet(46)) - raft.server.log.queue.element-limit = 4096 (default)
2025-04-23 15:44:31,366 [debc8cb4-4a2d-469c-9d41-f06aedad3f91-impl-thread1] INFO  server.RaftServerConfigKeys (ConfUtils.java:logGet(46)) - raft.server.log.segment.size.max = 4194304 (custom)
2025-04-23 15:44:31,366 [debc8cb4-4a2d-469c-9d41-f06aedad3f91-impl-thread1] INFO  server.RaftServerConfigKeys (ConfUtils.java:logGet(46)) - raft.server.log.preallocated.size = 4194304 (custom)
2025-04-23 15:44:31,366 [debc8cb4-4a2d-469c-9d41-f06aedad3f91-impl-thread1] INFO  server.RaftServerConfigKeys (ConfUtils.java:logGet(46)) - raft.server.log.force.sync.num = 128 (default)
2025-04-23 15:44:31,367 [debc8cb4-4a2d-469c-9d41-f06aedad3f91-impl-thread1] INFO  server.RaftServerConfigKeys (ConfUtils.java:logGet(46)) - raft.server.log.statemachine.data.sync = true (default)
2025-04-23 15:44:31,367 [debc8cb4-4a2d-469c-9d41-f06aedad3f91-impl-thread1] INFO  server.RaftServerConfigKeys (ConfUtils.java:logGet(46)) - raft.server.log.statemachine.data.sync.timeout = 10s (default)
2025-04-23 15:44:31,367 [debc8cb4-4a2d-469c-9d41-f06aedad3f91-impl-thread1] INFO  server.RaftServerConfigKeys (ConfUtils.java:logGet(46)) - raft.server.log.statemachine.data.sync.timeout.retry = -1 (default)
2025-04-23 15:44:31,367 [debc8cb4-4a2d-469c-9d41-f06aedad3f91-impl-thread1] INFO  server.RaftServerConfigKeys (ConfUtils.java:logGet(46)) - raft.server.log.write.buffer.size = 4194312 (custom)
2025-04-23 15:44:31,370 [debc8cb4-4a2d-469c-9d41-f06aedad3f91-impl-thread1] INFO  server.RaftServerConfigKeys (ConfUtils.java:logGet(46)) - raft.server.log.appender.buffer.byte-limit = 4194304 (custom)
2025-04-23 15:44:31,370 [debc8cb4-4a2d-469c-9d41-f06aedad3f91-impl-thread1] INFO  server.RaftServerConfigKeys (ConfUtils.java:logGet(46)) - raft.server.log.unsafe-flush.enabled = false (default)
2025-04-23 15:44:31,370 [debc8cb4-4a2d-469c-9d41-f06aedad3f91-impl-thread1] INFO  server.RaftServerConfigKeys (ConfUtils.java:logGet(46)) - raft.server.log.async-flush.enabled = false (default)
2025-04-23 15:44:31,370 [debc8cb4-4a2d-469c-9d41-f06aedad3f91-impl-thread1] INFO  server.RaftServerConfigKeys (ConfUtils.java:logGet(46)) - raft.server.log.statemachine.data.caching.enabled = false (default)
2025-04-23 15:44:31,375 [debc8cb4-4a2d-469c-9d41-f06aedad3f91-impl-thread1] INFO  server.RaftServer$Division (ServerState.java:setRaftConf(386)) - debc8cb4-4a2d-469c-9d41-f06aedad3f91@group-88D8665D28D7: set configuration conf: {index: 0, cur=peers:[debc8cb4-4a2d-469c-9d41-f06aedad3f91|fv-az1337-835:15004]|listeners:[], old=null}
2025-04-23 15:44:31,375 [debc8cb4-4a2d-469c-9d41-f06aedad3f91-impl-thread1] INFO  segmented.LogSegment (LogSegment.java:loadSegment(171)) - Successfully read 1 entries from segment file /home/runner/work/ozone/ozone/hadoop-ozone/integration-test/target/test-dir/MiniOzoneClusterImpl-5cf50c17-c591-473f-a8c4-88d8665d28d7/ozone-meta/scm-ha/5cf50c17-c591-473f-a8c4-88d8665d28d7/current/log_inprogress_0
2025-04-23 15:44:31,376 [debc8cb4-4a2d-469c-9d41-f06aedad3f91-impl-thread1] INFO  segmented.SegmentedRaftLogWorker (SegmentedRaftLogWorker.java:lambda$new$0(139)) - debc8cb4-4a2d-469c-9d41-f06aedad3f91@group-88D8665D28D7-SegmentedRaftLogWorker: safeCacheEvictIndex: setUnconditionally 0 -> -1
2025-04-23 15:44:31,376 [debc8cb4-4a2d-469c-9d41-f06aedad3f91-impl-thread1] INFO  segmented.BufferedWriteChannel (BufferedWriteChannel.java:open(61)) - open log_inprogress_0 (append) at position 80
2025-04-23 15:44:31,376 [debc8cb4-4a2d-469c-9d41-f06aedad3f91-impl-thread1] INFO  server.RaftServer$Division (RaftServerImpl.java:start(391)) - debc8cb4-4a2d-469c-9d41-f06aedad3f91@group-88D8665D28D7: start as a follower, conf=conf: {index: 0, cur=peers:[debc8cb4-4a2d-469c-9d41-f06aedad3f91|fv-az1337-835:15004]|listeners:[], old=null}
2025-04-23 15:44:31,377 [debc8cb4-4a2d-469c-9d41-f06aedad3f91-impl-thread1] INFO  server.RaftServer$Division (RaftServerImpl.java:setRole(378)) - debc8cb4-4a2d-469c-9d41-f06aedad3f91@group-88D8665D28D7: changes role from      null to FOLLOWER at term 1 for startAsFollower
2025-04-23 15:44:31,377 [debc8cb4-4a2d-469c-9d41-f06aedad3f91-impl-thread1] INFO  impl.RoleInfo (RoleInfo.java:updateAndGet(148)) - debc8cb4-4a2d-469c-9d41-f06aedad3f91: start debc8cb4-4a2d-469c-9d41-f06aedad3f91@group-88D8665D28D7-FollowerState
2025-04-23 15:44:31,378 [debc8cb4-4a2d-469c-9d41-f06aedad3f91-impl-thread1] INFO  util.JmxRegister (JmxRegister.java:tryRegister(44)) - Successfully registered JMX Bean with object name Ratis:service=RaftServer,group=group-88D8665D28D7,id=debc8cb4-4a2d-469c-9d41-f06aedad3f91
2025-04-23 15:44:31,378 [debc8cb4-4a2d-469c-9d41-f06aedad3f91-impl-thread1] INFO  util.JmxRegister (JmxRegister.java:register(58)) - register mxBean class org.apache.ratis.server.impl.RaftServerJmxAdapter as Ratis:service=RaftServer,group=group-88D8665D28D7,id=debc8cb4-4a2d-469c-9d41-f06aedad3f91
2025-04-23 15:44:31,378 [debc8cb4-4a2d-469c-9d41-f06aedad3f91-impl-thread1] INFO  server.RaftServerConfigKeys (ConfUtils.java:logGet(46)) - raft.server.snapshot.trigger-when-stop.enabled = true (default)
2025-04-23 15:44:31,378 [debc8cb4-4a2d-469c-9d41-f06aedad3f91-impl-thread1] INFO  server.RaftServerConfigKeys (ConfUtils.java:logGet(46)) - raft.server.snapshot.trigger-when-remove.enabled = true (default)
2025-04-23 15:44:31,378 [debc8cb4-4a2d-469c-9d41-f06aedad3f91-impl-thread1] INFO  server.RaftServerConfigKeys (ConfUtils.java:logGet(46)) - raft.server.snapshot.auto.trigger.enabled = true (custom)
2025-04-23 15:44:31,378 [debc8cb4-4a2d-469c-9d41-f06aedad3f91-impl-thread1] INFO  server.RaftServerConfigKeys (ConfUtils.java:logGet(46)) - raft.server.snapshot.auto.trigger.threshold = 1000 (custom)
2025-04-23 15:44:31,378 [debc8cb4-4a2d-469c-9d41-f06aedad3f91-impl-thread1] INFO  server.RaftServerConfigKeys (ConfUtils.java:logGet(46)) - raft.server.snapshot.retention.file.num = -1 (default)
2025-04-23 15:44:31,378 [debc8cb4-4a2d-469c-9d41-f06aedad3f91-impl-thread1] INFO  server.RaftServerConfigKeys (ConfUtils.java:logGet(46)) - raft.server.log.purge.upto.snapshot.index = false (default)
2025-04-23 15:44:31,379 [debc8cb4-4a2d-469c-9d41-f06aedad3f91@group-88D8665D28D7-FollowerState] INFO  server.RaftServerConfigKeys (ConfUtils.java:logGet(46)) - raft.server.rpc.first-election.timeout.min = 1000ms (custom)
2025-04-23 15:44:31,379 [debc8cb4-4a2d-469c-9d41-f06aedad3f91@group-88D8665D28D7-FollowerState] INFO  server.RaftServerConfigKeys (ConfUtils.java:logGet(46)) - raft.server.rpc.first-election.timeout.max = 1200ms (custom)
2025-04-23 15:44:31,380 [debc8cb4-4a2d-469c-9d41-f06aedad3f91-impl-thread1] INFO  server.RaftServer$Division (RaftServerImpl.java:start(405)) - debc8cb4-4a2d-469c-9d41-f06aedad3f91@group-88D8665D28D7: Successfully started.
2025-04-23 15:44:31,380 [main] INFO  server.RaftServer (RaftServerProxy.java:startImpl(407)) - debc8cb4-4a2d-469c-9d41-f06aedad3f91: start RPC server
2025-04-23 15:44:31,382 [main] INFO  server.GrpcService (GrpcService.java:startImpl(334)) - debc8cb4-4a2d-469c-9d41-f06aedad3f91: GrpcService started, listening on 15004
2025-04-23 15:44:31,384 [JvmPauseMonitor1] INFO  util.JvmPauseMonitor (JvmPauseMonitor.java:run(146)) - JvmPauseMonitor-debc8cb4-4a2d-469c-9d41-f06aedad3f91: Started
2025-04-23 15:44:31,389 [main] INFO  ha.SCMHAManagerImpl (SCMHAManagerImpl.java:start(131)) -  scm role is FOLLOWER peers [debc8cb4-4a2d-469c-9d41-f06aedad3f91|fv-az1337-835:15004]
2025-04-23 15:44:31,390 [main] INFO  ha.InterSCMGrpcService (InterSCMGrpcProtocolService.java:start(98)) - Starting SCM Grpc Service at port 15005
2025-04-23 15:44:31,391 [main] INFO  SCMHATransactionMonitor (BackgroundSCMService.java:start(64)) - Starting SCMHATransactionMonitor Service.
2025-04-23 15:44:31,392 [main] INFO  ha.SCMServiceManager (SCMServiceManager.java:register(42)) - Registering service SCMHATransactionMonitor.
2025-04-23 15:44:31,392 [main] INFO  SCMHATransactionMonitor (BackgroundSCMService.java:start(61)) - SCMHATransactionMonitor Service is already running, skip start.
2025-04-23 15:44:31,434 [main] WARN  impl.MetricsConfig (MetricsConfig.java:loadFirst(138)) - Cannot locate configuration: tried hadoop-metrics2-storagecontainermanager.properties,hadoop-metrics2.properties
2025-04-23 15:44:31,442 [main] INFO  impl.MetricsSystemImpl (MetricsSystemImpl.java:startTimer(378)) - Scheduled Metric snapshot period at 10 second(s).
2025-04-23 15:44:31,442 [main] INFO  impl.MetricsSystemImpl (MetricsSystemImpl.java:start(191)) - StorageContainerManager metrics system started
2025-04-23 15:44:31,549 [main] INFO  server.SCMClientProtocolServer (SCMClientProtocolServer.java:start(207)) - RPC server for Client  is listening at /0.0.0.0:15000
2025-04-23 15:44:31,550 [IPC Server Responder] INFO  ipc.Server (Server.java:run(1713)) - IPC Server Responder: starting
2025-04-23 15:44:31,551 [IPC Server listener on 15000] INFO  ipc.Server (Server.java:run(1553)) - IPC Server listener on 15000: starting
2025-04-23 15:44:31,575 [main] INFO  server.StorageContainerManager (StorageContainerManager.java:start(1519)) - ScmBlockLocationProtocol RPC server is listening at /0.0.0.0:15001
2025-04-23 15:44:31,576 [main] INFO  server.SCMBlockProtocolServer (SCMBlockProtocolServer.java:start(166)) - RPC server for Block Protocol is listening at /0.0.0.0:15001
2025-04-23 15:44:31,577 [IPC Server Responder] INFO  ipc.Server (Server.java:run(1713)) - IPC Server Responder: starting
2025-04-23 15:44:31,577 [IPC Server listener on 15001] INFO  ipc.Server (Server.java:run(1553)) - IPC Server listener on 15001: starting
2025-04-23 15:44:31,610 [main] INFO  http.BaseHttpServer (BaseHttpServer.java:newHttpServer2BuilderForOzone(229)) - Starting Web-server for scm at: http://0.0.0.0:15003
2025-04-23 15:44:31,611 [main] INFO  http.BaseHttpServer (BaseHttpServer.java:<init>(107)) - Hadoop Security Enabled: false Ozone Security Enabled: false Ozone HTTP Security Enabled: false 
2025-04-23 15:44:31,631 [main] INFO  util.log (Log.java:initialized(170)) - Logging initialized @6612ms to org.eclipse.jetty.util.log.Slf4jLog
2025-04-23 15:44:31,700 [main] WARN  server.AuthenticationFilter (AuthenticationFilter.java:constructSecretProvider(240)) - Unable to initialize FileSignerSecretProvider, falling back to use random secrets. Reason: Could not read signature secret file: /home/runner/hadoop-http-auth-signature-secret
2025-04-23 15:44:31,723 [main] INFO  http.HttpServer2 (HttpServer2.java:addGlobalFilter(1041)) - Added global filter 'safety' (class=org.apache.hadoop.hdds.server.http.HttpServer2$QuotingInputFilter)
2025-04-23 15:44:31,725 [main] INFO  http.HttpServer2 (HttpServer2.java:addFilter(1017)) - Added filter static_user_filter (class=org.apache.hadoop.http.lib.StaticUserWebFilter$StaticUserFilter) to context scm
2025-04-23 15:44:31,725 [main] INFO  http.HttpServer2 (HttpServer2.java:addFilter(1025)) - Added filter static_user_filter (class=org.apache.hadoop.http.lib.StaticUserWebFilter$StaticUserFilter) to context logs
2025-04-23 15:44:31,725 [main] INFO  http.HttpServer2 (HttpServer2.java:addFilter(1025)) - Added filter static_user_filter (class=org.apache.hadoop.http.lib.StaticUserWebFilter$StaticUserFilter) to context static
2025-04-23 15:44:31,747 [main] INFO  http.BaseHttpServer (BaseHttpServer.java:<init>(195)) - HTTP server of scm uses base directory /home/runner/work/ozone/ozone/hadoop-ozone/integration-test/target/test-dir/MiniOzoneClusterImpl-5cf50c17-c591-473f-a8c4-88d8665d28d7/ozone-meta/webserver
2025-04-23 15:44:31,748 [main] INFO  http.HttpServer2 (HttpServer2.java:bindListener(1241)) - Jetty bound to port 15003
2025-04-23 15:44:31,748 [main] INFO  server.Server (Server.java:doStart(375)) - jetty-9.4.57.v20241219; built: 2025-01-08T21:24:30.412Z; git: df524e6b29271c2e09ba9aea83c18dc9db464a31; jvm 21.0.7+6-LTS
2025-04-23 15:44:31,764 [main] INFO  server.session (DefaultSessionIdManager.java:doStart(334)) - DefaultSessionIdManager workerName=node0
2025-04-23 15:44:31,765 [main] INFO  server.session (DefaultSessionIdManager.java:doStart(339)) - No SessionScavenger set, using defaults
2025-04-23 15:44:31,766 [main] INFO  server.session (HouseKeeper.java:startScavenging(132)) - node0 Scavenging every 600000ms
2025-04-23 15:44:31,773 [main] INFO  handler.ContextHandler (ContextHandler.java:doStart(921)) - Started o.e.j.s.ServletContextHandler@32da6cef{logs,/logs,file:///home/runner/work/ozone/ozone/hadoop-ozone/integration-test/target/log,AVAILABLE}
2025-04-23 15:44:31,773 [main] INFO  handler.ContextHandler (ContextHandler.java:doStart(921)) - Started o.e.j.s.ServletContextHandler@195888a6{static,/static,file:///home/runner/work/ozone/ozone/hadoop-ozone/integration-test/target/test-classes/webapps/static,AVAILABLE}
2025-04-23 15:44:31,804 [main] INFO  handler.ContextHandler (ContextHandler.java:doStart(921)) - Started o.e.j.w.WebAppContext@288e50c1{scm,/,file:///home/runner/work/ozone/ozone/hadoop-ozone/integration-test/target/test-classes/webapps/scm/,AVAILABLE}{file:/home/runner/work/ozone/ozone/hadoop-ozone/integration-test/target/test-classes/webapps/scm}
2025-04-23 15:44:31,810 [main] INFO  server.AbstractConnector (AbstractConnector.java:doStart(333)) - Started ServerConnector@2a738d47{HTTP/1.1, (http/1.1)}{0.0.0.0:15003}
2025-04-23 15:44:31,810 [main] INFO  server.Server (Server.java:doStart(415)) - Started @6792ms
2025-04-23 15:44:31,812 [main] INFO  impl.MetricsSinkAdapter (MetricsSinkAdapter.java:start(204)) - Sink prometheus started
2025-04-23 15:44:31,812 [main] INFO  impl.MetricsSystemImpl (MetricsSystemImpl.java:registerSink(305)) - Registered sink prometheus
2025-04-23 15:44:31,813 [main] INFO  http.BaseHttpServer (BaseHttpServer.java:updateConnectorAddress(360)) - HTTP server of scm listening at http://0.0.0.0:15003
2025-04-23 15:44:31,821 [main] INFO  db.CodecBuffer (CodecBuffer.java:set(84)) - Successfully set constructor to LeakDetector::newCodecBuffer: org.apache.hadoop.hdds.utils.db.CodecBuffer$$Lambda/0x00007f4c146b4858@fe38d1e
2025-04-23 15:44:31,868 [main] INFO  audit.AuditLogger (AuditLogger.java:refreshDebugCmdSet(133)) - Refresh DebugCmdSet for OMAudit to [].
2025-04-23 15:44:31,889 [main] INFO  audit.AuditLogger (AuditLogger.java:refreshDebugCmdSet(133)) - Refresh DebugCmdSet for OMSystemAudit to [].
2025-04-23 15:44:31,930 [main] INFO  ha.OMHANodeDetails (OMHANodeDetails.java:loadOMHAConfig(120)) - ServiceID for OzoneManager is om-service-test1
2025-04-23 15:44:31,937 [main] INFO  ha.OMHANodeDetails (OMHANodeDetails.java:loadOMHAConfig(200)) - Found matching OM address with OMServiceId: om-service-test1, OMNodeId: omNode-1, RPC Address: localhost:15006 and Ratis port: 15009
2025-04-23 15:44:31,937 [main] INFO  ha.OMHANodeDetails (ConfUtils.java:setNodeSpecificConfigs(98)) - Setting configuration key ozone.om.http-address with value of key ozone.om.http-address.om-service-test1.omNode-1: 127.0.0.1:15007
2025-04-23 15:44:31,937 [main] INFO  ha.OMHANodeDetails (ConfUtils.java:setNodeSpecificConfigs(98)) - Setting configuration key ozone.om.https-address with value of key ozone.om.https-address.om-service-test1.omNode-1: 127.0.0.1:15008
2025-04-23 15:44:31,937 [main] INFO  ha.OMHANodeDetails (ConfUtils.java:setNodeSpecificConfigs(98)) - Setting configuration key ozone.om.address with value of key ozone.om.address.om-service-test1.omNode-1: 127.0.0.1:15006
2025-04-23 15:44:31,938 [main] WARN  server.ServerUtils (ServerUtils.java:getDBPath(297)) - ozone.om.db.dirs is not configured. We recommend adding this setting. Falling back to ozone.metadata.dirs instead.
2025-04-23 15:44:31,946 [main] INFO  proxy.SCMBlockLocationFailoverProxyProvider (SCMFailoverProxyProviderBase.java:<init>(120)) - Created fail-over proxy for protocol ScmBlockLocationProtocolPB with 1 nodes: [nodeId=scmNodeId,nodeAddress=/0.0.0.0:15001]
2025-04-23 15:44:32,550 [debc8cb4-4a2d-469c-9d41-f06aedad3f91@group-88D8665D28D7-FollowerState] INFO  impl.FollowerState (FollowerState.java:runImpl(161)) - debc8cb4-4a2d-469c-9d41-f06aedad3f91@group-88D8665D28D7-FollowerState: change to CANDIDATE, lastRpcElapsedTime:1172684201ns, electionTimeout:1170ms
2025-04-23 15:44:32,550 [debc8cb4-4a2d-469c-9d41-f06aedad3f91@group-88D8665D28D7-FollowerState] INFO  impl.RoleInfo (RoleInfo.java:shutdownFollowerState(121)) - debc8cb4-4a2d-469c-9d41-f06aedad3f91: shutdown debc8cb4-4a2d-469c-9d41-f06aedad3f91@group-88D8665D28D7-FollowerState
2025-04-23 15:44:32,550 [debc8cb4-4a2d-469c-9d41-f06aedad3f91@group-88D8665D28D7-FollowerState] INFO  server.RaftServer$Division (RaftServerImpl.java:setRole(378)) - debc8cb4-4a2d-469c-9d41-f06aedad3f91@group-88D8665D28D7: changes role from  FOLLOWER to CANDIDATE at term 1 for changeToCandidate
2025-04-23 15:44:32,550 [debc8cb4-4a2d-469c-9d41-f06aedad3f91@group-88D8665D28D7-FollowerState] INFO  server.RaftServerConfigKeys (ConfUtils.java:logGet(46)) - raft.server.leaderelection.pre-vote = true (default)
2025-04-23 15:44:32,550 [debc8cb4-4a2d-469c-9d41-f06aedad3f91@group-88D8665D28D7-FollowerState] INFO  impl.RoleInfo (RoleInfo.java:updateAndGet(148)) - debc8cb4-4a2d-469c-9d41-f06aedad3f91: start debc8cb4-4a2d-469c-9d41-f06aedad3f91@group-88D8665D28D7-LeaderElection2
2025-04-23 15:44:32,551 [debc8cb4-4a2d-469c-9d41-f06aedad3f91@group-88D8665D28D7-LeaderElection2] INFO  impl.LeaderElection (LeaderElection.java:askForVotes(332)) - debc8cb4-4a2d-469c-9d41-f06aedad3f91@group-88D8665D28D7-LeaderElection2 PRE_VOTE round 0: submit vote requests at term 1 for conf: {index: 0, cur=peers:[debc8cb4-4a2d-469c-9d41-f06aedad3f91|fv-az1337-835:15004]|listeners:[], old=null}
2025-04-23 15:44:32,551 [debc8cb4-4a2d-469c-9d41-f06aedad3f91@group-88D8665D28D7-LeaderElection2] INFO  impl.LeaderElection (LeaderElection.java:askForVotes(334)) - debc8cb4-4a2d-469c-9d41-f06aedad3f91@group-88D8665D28D7-LeaderElection2 PRE_VOTE round 0: result PASSED (term=1)
2025-04-23 15:44:32,553 [debc8cb4-4a2d-469c-9d41-f06aedad3f91@group-88D8665D28D7-LeaderElection2] INFO  impl.LeaderElection (LeaderElection.java:askForVotes(332)) - debc8cb4-4a2d-469c-9d41-f06aedad3f91@group-88D8665D28D7-LeaderElection2 ELECTION round 0: submit vote requests at term 2 for conf: {index: 0, cur=peers:[debc8cb4-4a2d-469c-9d41-f06aedad3f91|fv-az1337-835:15004]|listeners:[], old=null}
2025-04-23 15:44:32,553 [debc8cb4-4a2d-469c-9d41-f06aedad3f91@group-88D8665D28D7-LeaderElection2] INFO  impl.LeaderElection (LeaderElection.java:askForVotes(334)) - debc8cb4-4a2d-469c-9d41-f06aedad3f91@group-88D8665D28D7-LeaderElection2 ELECTION round 0: result PASSED (term=2)
2025-04-23 15:44:32,553 [debc8cb4-4a2d-469c-9d41-f06aedad3f91@group-88D8665D28D7-LeaderElection2] INFO  impl.RoleInfo (RoleInfo.java:shutdownLeaderElection(141)) - debc8cb4-4a2d-469c-9d41-f06aedad3f91: shutdown debc8cb4-4a2d-469c-9d41-f06aedad3f91@group-88D8665D28D7-LeaderElection2
2025-04-23 15:44:32,553 [debc8cb4-4a2d-469c-9d41-f06aedad3f91@group-88D8665D28D7-LeaderElection2] INFO  server.RaftServer$Division (RaftServerImpl.java:setRole(378)) - debc8cb4-4a2d-469c-9d41-f06aedad3f91@group-88D8665D28D7: changes role from CANDIDATE to LEADER at term 2 for changeToLeader
2025-04-23 15:44:32,554 [debc8cb4-4a2d-469c-9d41-f06aedad3f91@group-88D8665D28D7-LeaderElection2] INFO  server.RaftServerConfigKeys (ConfUtils.java:logGet(46)) - raft.server.staging.catchup.gap = 1000 (default)
2025-04-23 15:44:32,554 [debc8cb4-4a2d-469c-9d41-f06aedad3f91@group-88D8665D28D7-LeaderElection2] INFO  server.RaftServerConfigKeys (ConfUtils.java:logGet(46)) - raft.server.write.element-limit = 4096 (default)
2025-04-23 15:44:32,554 [debc8cb4-4a2d-469c-9d41-f06aedad3f91@group-88D8665D28D7-LeaderElection2] INFO  server.RaftServerConfigKeys (ConfUtils.java:logGet(46)) - raft.server.write.byte-limit = 64MB (=67108864) (default)
2025-04-23 15:44:32,555 [debc8cb4-4a2d-469c-9d41-f06aedad3f91@group-88D8665D28D7-LeaderElection2] INFO  server.RaftServerConfigKeys (ConfUtils.java:logGet(46)) - raft.server.watch.timeout = 10s (default)
2025-04-23 15:44:32,555 [debc8cb4-4a2d-469c-9d41-f06aedad3f91@group-88D8665D28D7-LeaderElection2] INFO  server.RaftServerConfigKeys (ConfUtils.java:logGet(46)) - raft.server.watch.timeout.denomination = 1s (default)
2025-04-23 15:44:32,555 [debc8cb4-4a2d-469c-9d41-f06aedad3f91@group-88D8665D28D7-LeaderElection2] INFO  server.RaftServerConfigKeys (ConfUtils.java:logGet(46)) - raft.server.watch.element-limit = 65536 (default)
2025-04-23 15:44:32,556 [debc8cb4-4a2d-469c-9d41-f06aedad3f91@group-88D8665D28D7-LeaderElection2] INFO  server.RaftServerConfigKeys (ConfUtils.java:logGet(46)) - raft.server.read.leader.lease.enabled = false (default)
2025-04-23 15:44:32,556 [debc8cb4-4a2d-469c-9d41-f06aedad3f91@group-88D8665D28D7-LeaderElection2] INFO  server.RaftServerConfigKeys (ConfUtils.java:logGet(46)) - raft.server.read.leader.lease.timeout.ratio = 0.9 (default)
2025-04-23 15:44:32,556 [debc8cb4-4a2d-469c-9d41-f06aedad3f91@group-88D8665D28D7-LeaderElection2] INFO  server.RaftServerConfigKeys (ConfUtils.java:logGet(46)) - raft.server.rpc.timeout.min = 5000ms (custom)
2025-04-23 15:44:32,556 [debc8cb4-4a2d-469c-9d41-f06aedad3f91@group-88D8665D28D7-LeaderElection2] INFO  server.RaftServerConfigKeys (ConfUtils.java:logGet(46)) - raft.server.log.log-metadata.enabled = true (default)
2025-04-23 15:44:32,556 [debc8cb4-4a2d-469c-9d41-f06aedad3f91@group-88D8665D28D7-LeaderElection2] INFO  server.RaftServerConfigKeys (ConfUtils.java:logGet(46)) - raft.server.write.element-limit = 4096 (default)
2025-04-23 15:44:32,556 [debc8cb4-4a2d-469c-9d41-f06aedad3f91@group-88D8665D28D7-LeaderElection2] INFO  server.RaftServerConfigKeys (ConfUtils.java:logGet(46)) - raft.server.write.follower.gap.ratio.max = -1.0 (default)
2025-04-23 15:44:32,557 [debc8cb4-4a2d-469c-9d41-f06aedad3f91@group-88D8665D28D7-LeaderElection2] INFO  impl.RoleInfo (RoleInfo.java:updateAndGet(148)) - debc8cb4-4a2d-469c-9d41-f06aedad3f91: start debc8cb4-4a2d-469c-9d41-f06aedad3f91@group-88D8665D28D7-LeaderStateImpl
2025-04-23 15:44:32,557 [debc8cb4-4a2d-469c-9d41-f06aedad3f91@group-88D8665D28D7-LeaderElection2] INFO  server.RaftServer$Division (RaftServerImpl.java:setFirstElection(562)) - debc8cb4-4a2d-469c-9d41-f06aedad3f91@group-88D8665D28D7: set firstElectionSinceStartup to false for becomeLeader
2025-04-23 15:44:32,557 [debc8cb4-4a2d-469c-9d41-f06aedad3f91@group-88D8665D28D7-LeaderElection2] INFO  ha.SCMStateMachine (SCMStateMachine.java:notifyLeaderChanged(291)) - current SCM becomes leader of term 2.
2025-04-23 15:44:32,557 [debc8cb4-4a2d-469c-9d41-f06aedad3f91@group-88D8665D28D7-LeaderElection2] INFO  ha.SCMContext (SCMContext.java:updateLeaderAndTerm(95)) - update <isLeader,term> from <false,0> to <true,2>
2025-04-23 15:44:32,559 [debc8cb4-4a2d-469c-9d41-f06aedad3f91@group-88D8665D28D7-LeaderElection2] INFO  server.RaftServer$Division (ServerState.java:setLeader(272)) - debc8cb4-4a2d-469c-9d41-f06aedad3f91@group-88D8665D28D7: change Leader from null to debc8cb4-4a2d-469c-9d41-f06aedad3f91 at term 2 for becomeLeader, leader elected after 2064ms
2025-04-23 15:44:32,560 [debc8cb4-4a2d-469c-9d41-f06aedad3f91@group-88D8665D28D7-LeaderElection2] INFO  segmented.SegmentedRaftLogWorker (SegmentedRaftLogWorker.java:rollLogSegment(443)) - debc8cb4-4a2d-469c-9d41-f06aedad3f91@group-88D8665D28D7-SegmentedRaftLogWorker: Rolling segment log-0_0 to index:0
2025-04-23 15:44:32,560 [debc8cb4-4a2d-469c-9d41-f06aedad3f91@group-88D8665D28D7-LeaderElection2] INFO  server.RaftServer$Division (ServerState.java:setRaftConf(386)) - debc8cb4-4a2d-469c-9d41-f06aedad3f91@group-88D8665D28D7: set configuration conf: {index: 1, cur=peers:[debc8cb4-4a2d-469c-9d41-f06aedad3f91|fv-az1337-835:15004]|listeners:[], old=null}
2025-04-23 15:44:32,561 [debc8cb4-4a2d-469c-9d41-f06aedad3f91@group-88D8665D28D7-SegmentedRaftLogWorker] INFO  segmented.SegmentedRaftLogWorker (SegmentedRaftLogWorker.java:execute(601)) - debc8cb4-4a2d-469c-9d41-f06aedad3f91@group-88D8665D28D7-SegmentedRaftLogWorker: Rolled log segment from /home/runner/work/ozone/ozone/hadoop-ozone/integration-test/target/test-dir/MiniOzoneClusterImpl-5cf50c17-c591-473f-a8c4-88d8665d28d7/ozone-meta/scm-ha/5cf50c17-c591-473f-a8c4-88d8665d28d7/current/log_inprogress_0 to /home/runner/work/ozone/ozone/hadoop-ozone/integration-test/target/test-dir/MiniOzoneClusterImpl-5cf50c17-c591-473f-a8c4-88d8665d28d7/ozone-meta/scm-ha/5cf50c17-c591-473f-a8c4-88d8665d28d7/current/log_0-0
2025-04-23 15:44:32,563 [debc8cb4-4a2d-469c-9d41-f06aedad3f91@group-88D8665D28D7-SegmentedRaftLogWorker] INFO  segmented.BufferedWriteChannel (BufferedWriteChannel.java:open(61)) - open log_inprogress_1 at position 0
2025-04-23 15:44:32,572 [debc8cb4-4a2d-469c-9d41-f06aedad3f91@group-88D8665D28D7-SegmentedRaftLogWorker] INFO  segmented.SegmentedRaftLogWorker (SegmentedRaftLogWorker.java:execute(644)) - debc8cb4-4a2d-469c-9d41-f06aedad3f91@group-88D8665D28D7-SegmentedRaftLogWorker: created new log segment /home/runner/work/ozone/ozone/hadoop-ozone/integration-test/target/test-dir/MiniOzoneClusterImpl-5cf50c17-c591-473f-a8c4-88d8665d28d7/ozone-meta/scm-ha/5cf50c17-c591-473f-a8c4-88d8665d28d7/current/log_inprogress_1
2025-04-23 15:44:32,584 [debc8cb4-4a2d-469c-9d41-f06aedad3f91@group-88D8665D28D7-StateMachineUpdater] INFO  server.RaftServer$Division (LeaderStateImpl.java:checkStartIndex(313)) - Leader debc8cb4-4a2d-469c-9d41-f06aedad3f91@group-88D8665D28D7-LeaderStateImpl is ready since appliedIndex == startIndex == 1
2025-04-23 15:44:32,584 [debc8cb4-4a2d-469c-9d41-f06aedad3f91@group-88D8665D28D7-StateMachineUpdater] INFO  ha.SCMContext (SCMContext.java:setLeaderReady(122)) - update <isLeaderReady> from <false> to <true>
2025-04-23 15:44:32,584 [debc8cb4-4a2d-469c-9d41-f06aedad3f91@group-88D8665D28D7-StateMachineUpdater] INFO  pipeline.BackgroundPipelineCreator (BackgroundPipelineCreator.java:notifyStatusChanged(269)) - Service BackgroundPipelineCreator transitions to RUNNING.
2025-04-23 15:44:32,585 [debc8cb4-4a2d-469c-9d41-f06aedad3f91@group-88D8665D28D7-StateMachineUpdater] INFO  safemode.RatisContainerSafeModeRule (RatisContainerSafeModeRule.java:initializeRule(161)) - Refreshed Containers with one replica threshold count 0.
2025-04-23 15:44:32,586 [debc8cb4-4a2d-469c-9d41-f06aedad3f91@group-88D8665D28D7-StateMachineUpdater] INFO  safemode.HealthyPipelineSafeModeRule (HealthyPipelineSafeModeRule.java:initializeRule(174)) - Refreshed total pipeline count is 0, healthy pipeline threshold count is 1
2025-04-23 15:44:32,586 [debc8cb4-4a2d-469c-9d41-f06aedad3f91@group-88D8665D28D7-StateMachineUpdater] INFO  safemode.ECContainerSafeModeRule (ECContainerSafeModeRule.java:initializeRule(205)) - Refreshed Containers with ec n replica threshold count 0.
2025-04-23 15:44:32,587 [debc8cb4-4a2d-469c-9d41-f06aedad3f91@group-88D8665D28D7-StateMachineUpdater] INFO  safemode.OneReplicaPipelineSafeModeRule (OneReplicaPipelineSafeModeRule.java:initializeRule(187)) - Refreshed Total pipeline count is 0, pipeline's with at least one datanode reported threshold count is 0
2025-04-23 15:44:32,587 [debc8cb4-4a2d-469c-9d41-f06aedad3f91@group-88D8665D28D7-StateMachineUpdater] INFO  server.SCMDatanodeProtocolServer (SCMDatanodeProtocolServer.java:start(193)) - ScmDatanodeProtocol RPC server for DataNodes is listening at /0.0.0.0:15002
2025-04-23 15:44:32,588 [IPC Server Responder] INFO  ipc.Server (Server.java:run(1713)) - IPC Server Responder: starting
2025-04-23 15:44:32,588 [IPC Server listener on 15002] INFO  ipc.Server (Server.java:run(1553)) - IPC Server listener on 15002: starting
OM initialization succeeded.Current cluster id for sd=/home/runner/work/ozone/ozone/hadoop-ozone/integration-test/target/test-dir/MiniOzoneClusterImpl-5cf50c17-c591-473f-a8c4-88d8665d28d7/omNode-1/om;cid=5cf50c17-c591-473f-a8c4-88d8665d28d7;layoutVersion=8
2025-04-23 15:44:34,124 [main] INFO  ha.OMHANodeDetails (OMHANodeDetails.java:loadOMHAConfig(120)) - ServiceID for OzoneManager is om-service-test1
2025-04-23 15:44:34,125 [main] INFO  ha.OMHANodeDetails (OMHANodeDetails.java:loadOMHAConfig(200)) - Found matching OM address with OMServiceId: om-service-test1, OMNodeId: omNode-1, RPC Address: localhost:15006 and Ratis port: 15009
2025-04-23 15:44:34,125 [main] INFO  ha.OMHANodeDetails (ConfUtils.java:setNodeSpecificConfigs(98)) - Setting configuration key ozone.om.http-address with value of key ozone.om.http-address.om-service-test1.omNode-1: 127.0.0.1:15007
2025-04-23 15:44:34,125 [main] INFO  ha.OMHANodeDetails (ConfUtils.java:setNodeSpecificConfigs(98)) - Setting configuration key ozone.om.https-address with value of key ozone.om.https-address.om-service-test1.omNode-1: 127.0.0.1:15008
2025-04-23 15:44:34,125 [main] INFO  ha.OMHANodeDetails (ConfUtils.java:setNodeSpecificConfigs(98)) - Setting configuration key ozone.om.address with value of key ozone.om.address.om-service-test1.omNode-1: 127.0.0.1:15006
2025-04-23 15:44:34,126 [main] WARN  server.ServerUtils (ServerUtils.java:getDBPath(297)) - ozone.om.db.dirs is not configured. We recommend adding this setting. Falling back to ozone.metadata.dirs instead.
2025-04-23 15:44:34,130 [main] INFO  upgrade.AbstractLayoutVersionManager (AbstractLayoutVersionManager.java:init(80)) - Initializing Layout version manager with metadata layout = DELEGATION_TOKEN_SYMMETRIC_SIGN (version = 8), software layout = DELEGATION_TOKEN_SYMMETRIC_SIGN (version = 8)
2025-04-23 15:44:34,236 [main] INFO  reflections.Reflections (Reflections.java:scan(219)) - Reflections took 103 ms to scan 2 urls, producing 203 keys and 603 values
2025-04-23 15:44:34,240 [main] INFO  upgrade.OMLayoutVersionManager (OMLayoutVersionManager.java:lambda$0(110)) - Skipping Upgrade Action QuotaRepairUpgradeAction since it has been finalized.
2025-04-23 15:44:34,241 [main] INFO  upgrade.OMLayoutVersionManager (OMLayoutVersionManager.java:lambda$0(110)) - Skipping Upgrade Action MockOmUpgradeAction since it has been finalized.
2025-04-23 15:44:34,244 [main] WARN  server.ServerUtils (ServerUtils.java:getDBPath(297)) - ozone.om.db.dirs is not configured. We recommend adding this setting. Falling back to ozone.metadata.dirs instead.
2025-04-23 15:44:34,248 [main] INFO  om.OzoneManager (OzoneManager.java:setReplicationFromConfig(4612)) - Set default replication in OM: RATIS/3 -> RATIS/THREE
2025-04-23 15:44:34,255 [main] INFO  proxy.SCMContainerLocationFailoverProxyProvider (SCMFailoverProxyProviderBase.java:<init>(120)) - Created fail-over proxy for protocol StorageContainerLocationProtocolPB with 1 nodes: [nodeId=scmNodeId,nodeAddress=/0.0.0.0:15000]
2025-04-23 15:44:34,271 [main] INFO  proxy.SCMBlockLocationFailoverProxyProvider (SCMFailoverProxyProviderBase.java:<init>(120)) - Created fail-over proxy for protocol ScmBlockLocationProtocolPB with 1 nodes: [nodeId=scmNodeId,nodeAddress=/0.0.0.0:15001]
2025-04-23 15:44:34,280 [main] INFO  proxy.SCMBlockLocationFailoverProxyProvider (SCMFailoverProxyProviderBase.java:<init>(120)) - Created fail-over proxy for protocol ScmBlockLocationProtocolPB with 1 nodes: [nodeId=scmNodeId,nodeAddress=/0.0.0.0:15001]
2025-04-23 15:44:34,308 [main] INFO  om.OzoneManager (OzoneManager.java:<init>(689)) - OM start with adminUsers: [*, runner]
2025-04-23 15:44:34,337 [main] WARN  server.ServerUtils (ServerUtils.java:getDBPath(297)) - ozone.om.db.dirs is not configured. We recommend adding this setting. Falling back to ozone.metadata.dirs instead.
2025-04-23 15:44:34,631 [main] INFO  om.OzoneManager (OzoneManager.java:instantiateServices(933)) - S3 Multi-Tenancy is disabled
2025-04-23 15:44:34,651 [main] INFO  om.OmSnapshotManager (OmSnapshotManager.java:<init>(180)) - Ozone filesystem snapshot feature is enabled.
2025-04-23 15:44:34,659 [main] WARN  server.ServerUtils (ServerUtils.java:getDBPath(297)) - ozone.om.snapshot.diff.db.dir is not configured. We recommend adding this setting. Falling back to ozone.metadata.dirs instead.
2025-04-23 15:44:34,697 [main] INFO  utils.NativeLibraryLoader (NativeLibraryLoader.java:loadLibrary(120)) - Loading Library: ozone_rocksdb_tools
2025-04-23 15:44:34,860 [main] INFO  om.OzoneManager (OzoneManager.java:addS3GVolumeToDB(4670)) - Created Volume s3v With Owner runner required for S3Gateway operations.
2025-04-23 15:44:34,914 [main] WARN  server.ServerUtils (ServerUtils.java:getDefaultRatisDirectory(309)) - Storage directory for Ratis is not configured. It is a good idea to map this to an SSD disk. Falling back to ozone.metadata.dirs
2025-04-23 15:44:34,915 [main] WARN  utils.OzoneManagerRatisUtils (OzoneManagerRatisUtils.java:getOMRatisSnapshotDirectory(488)) - ozone.om.ratis.snapshot.dir is not configured. Falling back to ozone.metadata.dirs config
2025-04-23 15:44:34,920 [main] INFO  utils.RDBSnapshotProvider (RDBSnapshotProvider.java:init(85)) - Cleaning up the candidate dir: /home/runner/work/ozone/ozone/hadoop-ozone/integration-test/target/test-dir/MiniOzoneClusterImpl-5cf50c17-c591-473f-a8c4-88d8665d28d7/omNode-1/snapshot/om.db.candidate
2025-04-23 15:44:34,920 [main] INFO  ratis_snapshot.OmRatisSnapshotProvider (OmRatisSnapshotProvider.java:<init>(98)) - Initializing OM Snapshot Provider
2025-04-23 15:44:35,017 [main] WARN  dropwizard3.Dm3MetricRegistriesImpl (Dm3MetricRegistriesImpl.java:addReporterRegistration(114)) - New reporters are added after registries were created. Some metrics will be missing from the reporter. Please add reporter before adding any new registry.
2025-04-23 15:44:35,017 [main] WARN  dropwizard3.Dm3MetricRegistriesImpl (Dm3MetricRegistriesImpl.java:addReporterRegistration(114)) - New reporters are added after registries were created. Some metrics will be missing from the reporter. Please add reporter before adding any new registry.
2025-04-23 15:44:35,018 [main] WARN  server.ServerUtils (ServerUtils.java:getDefaultRatisDirectory(309)) - Storage directory for Ratis is not configured. It is a good idea to map this to an SSD disk. Falling back to ozone.metadata.dirs
2025-04-23 15:44:35,019 [main] INFO  server.RaftServerConfigKeys (ConfUtils.java:logGet(46)) - raft.server.log.appender.buffer.byte-limit = 4194304 (custom)
2025-04-23 15:44:35,021 [main] INFO  ratis.OzoneManagerRatisServer (OzoneManagerRatisServer.java:<init>(167)) - Instantiating OM Ratis server with groupID: om-service-test1 and peers: localhost:15009, localhost:15017, localhost:15013
2025-04-23 15:44:35,026 [main] INFO  ratis.OzoneManagerStateMachine (OzoneManagerStateMachine.java:loadSnapshotInfoFromDB(613)) - TransactionInfo not found in OM DB.
2025-04-23 15:44:35,059 [main] INFO  server.RaftServer (ConfUtils.java:logGet(46)) - raft.rpc.type = GRPC (default)
2025-04-23 15:44:35,059 [main] INFO  grpc.GrpcConfigKeys (ConfUtils.java:logFallback(53)) - raft.grpc.admin.host = null (fallback to raft.grpc.server.host)
2025-04-23 15:44:35,059 [main] INFO  grpc.GrpcConfigKeys (ConfUtils.java:logFallback(53)) - raft.grpc.admin.port = 15009 (fallback to raft.grpc.server.port)
2025-04-23 15:44:35,059 [main] INFO  grpc.GrpcConfigKeys (ConfUtils.java:logFallback(53)) - raft.grpc.client.host = null (fallback to raft.grpc.server.host)
2025-04-23 15:44:35,059 [main] INFO  grpc.GrpcConfigKeys (ConfUtils.java:logFallback(53)) - raft.grpc.client.port = 15009 (fallback to raft.grpc.server.port)
2025-04-23 15:44:35,060 [main] INFO  grpc.GrpcConfigKeys (ConfUtils.java:logGet(46)) - raft.grpc.server.host = null (default)
2025-04-23 15:44:35,060 [main] INFO  grpc.GrpcConfigKeys (ConfUtils.java:logGet(46)) - raft.grpc.server.port = 15009 (custom)
2025-04-23 15:44:35,060 [main] INFO  server.GrpcService (ConfUtils.java:logGet(46)) - raft.grpc.message.size.max = 5242880 (custom)
2025-04-23 15:44:35,060 [main] INFO  server.GrpcService (ConfUtils.java:logGet(46)) - raft.grpc.flow.control.window = 1MB (=1048576) (default)
2025-04-23 15:44:35,060 [main] INFO  server.RaftServerConfigKeys (ConfUtils.java:logGet(46)) - raft.server.rpc.request.timeout = 3000ms (default)
2025-04-23 15:44:35,060 [main] INFO  grpc.GrpcConfigKeys (ConfUtils.java:logGet(46)) - raft.grpc.server.heartbeat.channel = true (default)
2025-04-23 15:44:35,061 [main] INFO  server.RaftServerConfigKeys (ConfUtils.java:logGet(46)) - raft.server.log.appender.buffer.byte-limit = 4194304 (custom)
2025-04-23 15:44:35,061 [main] INFO  grpc.GrpcConfigKeys (ConfUtils.java:logGet(46)) - raft.grpc.server.async.request.thread.pool.cached = true (default)
2025-04-23 15:44:35,061 [main] INFO  grpc.GrpcConfigKeys (ConfUtils.java:logGet(46)) - raft.grpc.server.async.request.thread.pool.size = 32 (default)
2025-04-23 15:44:35,062 [main] INFO  impl.DataStreamServerImpl (ConfUtils.java:logGet(46)) - raft.datastream.type = DISABLED (default)
2025-04-23 15:44:35,062 [main] INFO  server.RaftServerConfigKeys (ConfUtils.java:logGet(46)) - raft.server.sleep.deviation.threshold = 300ms (default)
2025-04-23 15:44:35,062 [main] INFO  server.RaftServerConfigKeys (ConfUtils.java:logGet(46)) - raft.server.close.threshold = 60s (default)
2025-04-23 15:44:35,062 [main] INFO  server.RaftServerConfigKeys (ConfUtils.java:logGet(46)) - raft.server.leaderelection.leader.step-down.wait-time = 10s (default)
2025-04-23 15:44:35,063 [main] INFO  server.RaftServerConfigKeys (ConfUtils.java:logGet(46)) - raft.server.storage.dir = [/home/runner/work/ozone/ozone/hadoop-ozone/integration-test/target/test-dir/MiniOzoneClusterImpl-5cf50c17-c591-473f-a8c4-88d8665d28d7/omNode-1/ratis] (custom)
2025-04-23 15:44:35,063 [main] INFO  server.RaftServerConfigKeys (ConfUtils.java:logGet(46)) - raft.server.threadpool.proxy.cached = true (default)
2025-04-23 15:44:35,063 [main] INFO  server.RaftServerConfigKeys (ConfUtils.java:logGet(46)) - raft.server.threadpool.proxy.size = 0 (default)
2025-04-23 15:44:35,064 [main] INFO  server.RaftServer (RaftServerProxy.java:addNew(100)) - omNode-1: addNew group-523986131536:[omNode-3|localhost:15017, omNode-1|localhost:15009, omNode-2|localhost:15013] returns group-523986131536:java.util.concurrent.CompletableFuture@24a26847[Not completed]
2025-04-23 15:44:35,064 [main] INFO  om.OzoneManager (OzoneManager.java:initializeRatisServer(2303)) - OzoneManager Ratis server initialized at port 15009
2025-04-23 15:44:35,065 [omNode-1-groupManagement] INFO  server.RaftServer$Division (RaftServerImpl.java:<init>(255)) - omNode-1: new RaftServerImpl for group-523986131536:[omNode-3|localhost:15017, omNode-1|localhost:15009, omNode-2|localhost:15013] with OzoneManagerStateMachine:uninitialized
2025-04-23 15:44:35,066 [omNode-1-groupManagement] INFO  server.RaftServerConfigKeys (ConfUtils.java:logGet(46)) - raft.server.rpc.timeout.min = 1s (custom)
2025-04-23 15:44:35,069 [omNode-1-groupManagement] INFO  server.RaftServerConfigKeys (ConfUtils.java:logGet(46)) - raft.server.rpc.timeout.max = 1200ms (custom)
2025-04-23 15:44:35,069 [omNode-1-groupManagement] INFO  server.RaftServerConfigKeys (ConfUtils.java:logGet(46)) - raft.server.rpc.sleep.time = 25ms (default)
2025-04-23 15:44:35,069 [omNode-1-groupManagement] INFO  server.RaftServerConfigKeys (ConfUtils.java:logGet(46)) - raft.server.rpc.slowness.timeout = 2s (custom)
2025-04-23 15:44:35,069 [omNode-1-groupManagement] INFO  server.RaftServerConfigKeys (ConfUtils.java:logGet(46)) - raft.server.leaderelection.leader.step-down.wait-time = 10s (default)
2025-04-23 15:44:35,069 [omNode-1-groupManagement] INFO  server.RaftServerConfigKeys (ConfUtils.java:logGet(46)) - raft.server.leaderelection.member.majority-add = false (default)
2025-04-23 15:44:35,069 [omNode-1-groupManagement] INFO  server.RaftServerConfigKeys (ConfUtils.java:logGet(46)) - raft.server.sleep.deviation.threshold = 300ms (default)
2025-04-23 15:44:35,068 [main] INFO  om.OzoneManager (OzoneManager.java:getRpcServer(1360)) - Creating RPC Server
2025-04-23 15:44:35,071 [omNode-1-groupManagement] INFO  server.RaftServer$Division (ServerState.java:<init>(114)) - omNode-1@group-523986131536: ConfigurationManager, init=conf: {index: -1, cur=peers:[omNode-3|localhost:15017, omNode-1|localhost:15009, omNode-2|localhost:15013]|listeners:[], old=null}, confs=<EMPTY_MAP>
2025-04-23 15:44:35,071 [omNode-1-groupManagement] INFO  server.RaftServerConfigKeys (ConfUtils.java:logGet(46)) - raft.server.notification.no-leader.timeout = 2s (custom)
2025-04-23 15:44:35,071 [omNode-1-groupManagement] INFO  server.RaftServerConfigKeys (ConfUtils.java:logGet(46)) - raft.server.read.timeout = 10s (default)
2025-04-23 15:44:35,072 [omNode-1-groupManagement] INFO  server.RaftServerConfigKeys (ConfUtils.java:logGet(46)) - raft.server.retrycache.expirytime = 30000ms (custom)
2025-04-23 15:44:35,072 [omNode-1-groupManagement] INFO  server.RaftServerConfigKeys (ConfUtils.java:logGet(46)) - raft.server.retrycache.statistics.expirytime = 100ms (default)
2025-04-23 15:44:35,072 [omNode-1-groupManagement] INFO  server.RaftServerConfigKeys (ConfUtils.java:logGet(46)) - raft.server.read.option = DEFAULT (default)
2025-04-23 15:44:35,073 [omNode-1-groupManagement] INFO  server.RaftServerConfigKeys (ConfUtils.java:logGet(46)) - raft.server.read.read-after-write-consistent.write-index-cache.expiry-time = 60s (default)
2025-04-23 15:44:35,081 [omNode-1-groupManagement] INFO  server.RaftServerConfigKeys (ConfUtils.java:logGet(46)) - raft.server.rpc.request.timeout = 3000ms (default)
2025-04-23 15:44:35,081 [omNode-1-groupManagement] INFO  server.RaftServerConfigKeys (ConfUtils.java:logGet(46)) - raft.server.log.appender.install.snapshot.enabled = false (custom)
2025-04-23 15:44:35,081 [omNode-1-groupManagement] INFO  server.RaftServerConfigKeys (ConfUtils.java:logGet(46)) - raft.server.threadpool.server.cached = true (default)
2025-04-23 15:44:35,081 [omNode-1-groupManagement] INFO  server.RaftServerConfigKeys (ConfUtils.java:logGet(46)) - raft.server.threadpool.server.size = 0 (default)
2025-04-23 15:44:35,081 [omNode-1-groupManagement] INFO  server.RaftServerConfigKeys (ConfUtils.java:logGet(46)) - raft.server.threadpool.client.cached = true (default)
2025-04-23 15:44:35,081 [omNode-1-groupManagement] INFO  server.RaftServerConfigKeys (ConfUtils.java:logGet(46)) - raft.server.threadpool.client.size = 0 (default)
2025-04-23 15:44:35,834 [main] INFO  reflections.Reflections (Reflections.java:scan(219)) - Reflections took 727 ms to scan 22 urls, producing 61 keys and 7422 values
2025-04-23 15:44:35,968 [main] INFO  ipc.CallQueueManager (CallQueueManager.java:<init>(93)) - Using callQueue: class java.util.concurrent.LinkedBlockingQueue, queueCapacity: 2000, scheduler: class org.apache.hadoop.ipc.DefaultRpcScheduler, ipcBackoff: false, ipcFailOver: false.
2025-04-23 15:44:35,968 [main] INFO  ipc.Server (Server.java:<init>(1438)) - Listener at 127.0.0.1:15006
2025-04-23 15:44:35,969 [Socket Reader #1 for port 15006] INFO  ipc.Server (Server.java:run(1474)) - Starting Socket Reader #1 for port 15006
2025-04-23 15:44:35,970 [Socket Reader #2 for port 15006] INFO  ipc.Server (Server.java:run(1474)) - Starting Socket Reader #2 for port 15006
2025-04-23 15:44:35,970 [Socket Reader #3 for port 15006] INFO  ipc.Server (Server.java:run(1474)) - Starting Socket Reader #3 for port 15006
2025-04-23 15:44:35,971 [Socket Reader #4 for port 15006] INFO  ipc.Server (Server.java:run(1474)) - Starting Socket Reader #4 for port 15006
2025-04-23 15:44:35,972 [Socket Reader #5 for port 15006] INFO  ipc.Server (Server.java:run(1474)) - Starting Socket Reader #5 for port 15006
2025-04-23 15:44:35,972 [Socket Reader #6 for port 15006] INFO  ipc.Server (Server.java:run(1474)) - Starting Socket Reader #6 for port 15006
2025-04-23 15:44:35,973 [Socket Reader #7 for port 15006] INFO  ipc.Server (Server.java:run(1474)) - Starting Socket Reader #7 for port 15006
2025-04-23 15:44:35,973 [Socket Reader #8 for port 15006] INFO  ipc.Server (Server.java:run(1474)) - Starting Socket Reader #8 for port 15006
2025-04-23 15:44:35,974 [Socket Reader #9 for port 15006] INFO  ipc.Server (Server.java:run(1474)) - Starting Socket Reader #9 for port 15006
2025-04-23 15:44:35,975 [Socket Reader #10 for port 15006] INFO  ipc.Server (Server.java:run(1474)) - Starting Socket Reader #10 for port 15006
2025-04-23 15:44:35,999 [main] INFO  impl.MetricsSystemImpl (MetricsSystemImpl.java:init(158)) - OzoneManager metrics system started (again)
2025-04-23 15:44:36,009 [main] INFO  om.OzoneManager (OzoneManager.java:start(1787)) - OzoneManager RPC server is listening at localhost/127.0.0.1:15006
2025-04-23 15:44:36,010 [main] INFO  ratis.OzoneManagerRatisServer (OzoneManagerRatisServer.java:start(628)) - Starting OzoneManagerRatisServer omNode-1 at port 15009
2025-04-23 15:44:36,010 [omNode-1-impl-thread1] INFO  server.RaftServerConfigKeys (ConfUtils.java:logGet(46)) - raft.server.storage.free-space.min = 0MB (=0) (default)
2025-04-23 15:44:36,011 [omNode-1-impl-thread1] INFO  server.RaftServerConfigKeys (ConfUtils.java:logGet(46)) - raft.server.log.corruption.policy = EXCEPTION (default)
2025-04-23 15:44:36,011 [omNode-1-impl-thread1] INFO  server.RaftServerConfigKeys (ConfUtils.java:logGet(46)) - raft.server.storage.dir = [/home/runner/work/ozone/ozone/hadoop-ozone/integration-test/target/test-dir/MiniOzoneClusterImpl-5cf50c17-c591-473f-a8c4-88d8665d28d7/omNode-1/ratis] (custom)
2025-04-23 15:44:36,011 [omNode-1-impl-thread1] INFO  storage.RaftStorageDirectory (RaftStorageDirectoryImpl.java:analyzeStorage(138)) - The storage directory /home/runner/work/ozone/ozone/hadoop-ozone/integration-test/target/test-dir/MiniOzoneClusterImpl-5cf50c17-c591-473f-a8c4-88d8665d28d7/omNode-1/ratis/c9bc4cf4-3bc3-3c60-a66b-523986131536 does not exist. Creating ...
2025-04-23 15:44:36,013 [omNode-1-impl-thread1] INFO  storage.RaftStorageDirectory (RaftStorageDirectoryImpl.java:tryLock(229)) - Lock on /home/runner/work/ozone/ozone/hadoop-ozone/integration-test/target/test-dir/MiniOzoneClusterImpl-5cf50c17-c591-473f-a8c4-88d8665d28d7/omNode-1/ratis/c9bc4cf4-3bc3-3c60-a66b-523986131536/in_use.lock acquired by nodename 129659@fv-az1337-835
2025-04-23 15:44:36,015 [omNode-1-impl-thread1] INFO  storage.RaftStorage (RaftStorageImpl.java:format(98)) - Storage directory /home/runner/work/ozone/ozone/hadoop-ozone/integration-test/target/test-dir/MiniOzoneClusterImpl-5cf50c17-c591-473f-a8c4-88d8665d28d7/omNode-1/ratis/c9bc4cf4-3bc3-3c60-a66b-523986131536 has been successfully formatted.
2025-04-23 15:44:36,016 [omNode-1-impl-thread1] INFO  ratis.OzoneManagerStateMachine (OzoneManagerStateMachine.java:lambda$0(138)) - omNode-1: initialize group-523986131536 with (t:0, i:~)
2025-04-23 15:44:36,016 [omNode-1-impl-thread1] INFO  server.RaftServerConfigKeys (ConfUtils.java:logGet(46)) - raft.server.log.use.memory = false (default)
2025-04-23 15:44:36,016 [omNode-1-impl-thread1] INFO  server.RaftServerConfigKeys (ConfUtils.java:logGet(46)) - raft.server.log.purge.gap = 50 (custom)
2025-04-23 15:44:36,016 [omNode-1-impl-thread1] INFO  server.RaftServerConfigKeys (ConfUtils.java:logGet(46)) - raft.server.log.appender.buffer.byte-limit = 4194304 (custom)
2025-04-23 15:44:36,017 [omNode-1-impl-thread1] INFO  server.RaftServerConfigKeys (ConfUtils.java:logGet(46)) - raft.server.log.statemachine.data.read.timeout = 1000ms (default)
2025-04-23 15:44:36,017 [omNode-1-impl-thread1] INFO  server.RaftServerConfigKeys (ConfUtils.java:logGet(46)) - raft.server.log.purge.preservation.log.num = 0 (default)
2025-04-23 15:44:36,019 [omNode-1-impl-thread1] INFO  server.RaftServerConfigKeys (ConfUtils.java:logGet(46)) - raft.server.log.segment.size.max = 4194304 (custom)
2025-04-23 15:44:36,020 [omNode-1-impl-thread1] INFO  server.RaftServerConfigKeys (ConfUtils.java:logGet(46)) - raft.server.log.segment.cache.num.max = 2 (custom)
2025-04-23 15:44:36,020 [omNode-1-impl-thread1] INFO  server.RaftServerConfigKeys (ConfUtils.java:logGet(46)) - raft.server.log.segment.cache.size.max = 200MB (=209715200) (default)
2025-04-23 15:44:36,020 [omNode-1-impl-thread1] INFO  server.RaftServerConfigKeys (ConfUtils.java:logGet(46)) - raft.server.log.appender.buffer.byte-limit = 4194304 (custom)
2025-04-23 15:44:36,021 [omNode-1-impl-thread1] INFO  util.AwaitToRun (AwaitToRun.java:start(81)) - Thread[#470,omNode-1@group-523986131536-cacheEviction-AwaitToRun,5,main] started
2025-04-23 15:44:36,021 [omNode-1-impl-thread1] INFO  segmented.SegmentedRaftLogWorker (SegmentedRaftLogWorker.java:<init>(188)) - new omNode-1@group-523986131536-SegmentedRaftLogWorker for RaftStorageImpl:Storage Directory /home/runner/work/ozone/ozone/hadoop-ozone/integration-test/target/test-dir/MiniOzoneClusterImpl-5cf50c17-c591-473f-a8c4-88d8665d28d7/omNode-1/ratis/c9bc4cf4-3bc3-3c60-a66b-523986131536
2025-04-23 15:44:36,021 [omNode-1-impl-thread1] INFO  server.RaftServerConfigKeys (ConfUtils.java:logGet(46)) - raft.server.log.queue.byte-limit = 64MB (=67108864) (default)
2025-04-23 15:44:36,021 [omNode-1-impl-thread1] INFO  server.RaftServerConfigKeys (ConfUtils.java:logGet(46)) - raft.server.log.queue.element-limit = 4096 (default)
2025-04-23 15:44:36,021 [omNode-1-impl-thread1] INFO  server.RaftServerConfigKeys (ConfUtils.java:logGet(46)) - raft.server.log.segment.size.max = 4194304 (custom)
2025-04-23 15:44:36,021 [omNode-1-impl-thread1] INFO  server.RaftServerConfigKeys (ConfUtils.java:logGet(46)) - raft.server.log.preallocated.size = 4194304 (custom)
2025-04-23 15:44:36,021 [omNode-1-impl-thread1] INFO  server.RaftServerConfigKeys (ConfUtils.java:logGet(46)) - raft.server.log.force.sync.num = 128 (default)
2025-04-23 15:44:36,021 [omNode-1-impl-thread1] INFO  server.RaftServerConfigKeys (ConfUtils.java:logGet(46)) - raft.server.log.statemachine.data.sync = true (default)
2025-04-23 15:44:36,021 [omNode-1-impl-thread1] INFO  server.RaftServerConfigKeys (ConfUtils.java:logGet(46)) - raft.server.log.statemachine.data.sync.timeout = 10s (default)
2025-04-23 15:44:36,022 [omNode-1-impl-thread1] INFO  server.RaftServerConfigKeys (ConfUtils.java:logGet(46)) - raft.server.log.statemachine.data.sync.timeout.retry = -1 (default)
2025-04-23 15:44:36,022 [omNode-1-impl-thread1] INFO  server.RaftServerConfigKeys (ConfUtils.java:logGet(46)) - raft.server.log.write.buffer.size = 4194312 (custom)
2025-04-23 15:44:36,024 [omNode-1-impl-thread1] INFO  server.RaftServerConfigKeys (ConfUtils.java:logGet(46)) - raft.server.log.appender.buffer.byte-limit = 4194304 (custom)
2025-04-23 15:44:36,024 [omNode-1-impl-thread1] INFO  server.RaftServerConfigKeys (ConfUtils.java:logGet(46)) - raft.server.log.unsafe-flush.enabled = false (default)
2025-04-23 15:44:36,024 [omNode-1-impl-thread1] INFO  server.RaftServerConfigKeys (ConfUtils.java:logGet(46)) - raft.server.log.async-flush.enabled = false (default)
2025-04-23 15:44:36,024 [omNode-1-impl-thread1] INFO  server.RaftServerConfigKeys (ConfUtils.java:logGet(46)) - raft.server.log.statemachine.data.caching.enabled = false (default)
2025-04-23 15:44:36,025 [omNode-1-impl-thread1] INFO  segmented.SegmentedRaftLogWorker (SegmentedRaftLogWorker.java:lambda$new$0(139)) - omNode-1@group-523986131536-SegmentedRaftLogWorker: flushIndex: setUnconditionally 0 -> -1
2025-04-23 15:44:36,025 [omNode-1-impl-thread1] INFO  segmented.SegmentedRaftLogWorker (SegmentedRaftLogWorker.java:lambda$new$0(139)) - omNode-1@group-523986131536-SegmentedRaftLogWorker: safeCacheEvictIndex: setUnconditionally 0 -> -1
2025-04-23 15:44:36,025 [omNode-1-impl-thread1] INFO  server.RaftServer$Division (RaftServerImpl.java:start(391)) - omNode-1@group-523986131536: start as a follower, conf=conf: {index: -1, cur=peers:[omNode-3|localhost:15017, omNode-1|localhost:15009, omNode-2|localhost:15013]|listeners:[], old=null}
2025-04-23 15:44:36,025 [omNode-1-impl-thread1] INFO  server.RaftServer$Division (RaftServerImpl.java:setRole(378)) - omNode-1@group-523986131536: changes role from      null to FOLLOWER at term 0 for startAsFollower
2025-04-23 15:44:36,026 [omNode-1-impl-thread1] INFO  impl.RoleInfo (RoleInfo.java:updateAndGet(148)) - omNode-1: start omNode-1@group-523986131536-FollowerState
2025-04-23 15:44:36,029 [omNode-1@group-523986131536-FollowerState] INFO  server.RaftServerConfigKeys (ConfUtils.java:logFallback(53)) - raft.server.rpc.first-election.timeout.min = 1s (fallback to raft.server.rpc.timeout.min)
2025-04-23 15:44:36,029 [omNode-1-impl-thread1] INFO  util.JmxRegister (JmxRegister.java:tryRegister(44)) - Successfully registered JMX Bean with object name Ratis:service=RaftServer,group=group-523986131536,id=omNode-1
2025-04-23 15:44:36,029 [omNode-1-impl-thread1] INFO  util.JmxRegister (JmxRegister.java:register(58)) - register mxBean class org.apache.ratis.server.impl.RaftServerJmxAdapter as Ratis:service=RaftServer,group=group-523986131536,id=omNode-1
2025-04-23 15:44:36,029 [omNode-1@group-523986131536-FollowerState] INFO  server.RaftServerConfigKeys (ConfUtils.java:logFallback(53)) - raft.server.rpc.first-election.timeout.max = 1200ms (fallback to raft.server.rpc.timeout.max)
2025-04-23 15:44:36,029 [omNode-1-impl-thread1] INFO  server.RaftServerConfigKeys (ConfUtils.java:logGet(46)) - raft.server.snapshot.trigger-when-stop.enabled = true (default)
2025-04-23 15:44:36,029 [omNode-1-impl-thread1] INFO  server.RaftServerConfigKeys (ConfUtils.java:logGet(46)) - raft.server.snapshot.trigger-when-remove.enabled = true (default)
2025-04-23 15:44:36,029 [omNode-1-impl-thread1] INFO  server.RaftServerConfigKeys (ConfUtils.java:logGet(46)) - raft.server.snapshot.auto.trigger.enabled = true (custom)
2025-04-23 15:44:36,030 [omNode-1-impl-thread1] INFO  server.RaftServerConfigKeys (ConfUtils.java:logGet(46)) - raft.server.snapshot.auto.trigger.threshold = 50 (custom)
2025-04-23 15:44:36,030 [omNode-1-impl-thread1] INFO  server.RaftServerConfigKeys (ConfUtils.java:logGet(46)) - raft.server.snapshot.retention.file.num = -1 (default)
2025-04-23 15:44:36,030 [omNode-1-impl-thread1] INFO  server.RaftServerConfigKeys (ConfUtils.java:logGet(46)) - raft.server.log.purge.upto.snapshot.index = true (custom)
2025-04-23 15:44:36,031 [omNode-1-impl-thread1] INFO  server.RaftServer$Division (RaftServerImpl.java:start(405)) - omNode-1@group-523986131536: Successfully started.
2025-04-23 15:44:36,031 [main] INFO  server.RaftServer (RaftServerProxy.java:startImpl(407)) - omNode-1: start RPC server
2025-04-23 15:44:36,032 [main] INFO  server.GrpcService (GrpcService.java:startImpl(334)) - omNode-1: GrpcService started, listening on 15009
2025-04-23 15:44:36,032 [JvmPauseMonitor2] INFO  util.JvmPauseMonitor (JvmPauseMonitor.java:run(146)) - JvmPauseMonitor-omNode-1: Started
2025-04-23 15:44:36,033 [main] INFO  om.OzoneManager (OzoneManager.java:start(1802)) - Version File has different layout version (8) than OM DB (null). That is expected if this OM has never been finalized to a newer layout version.
2025-04-23 15:44:36,047 [main] INFO  client.ScmTopologyClient (ScmTopologyClient.java:start(70)) - Initial network topology fetched from SCM: /.
2025-04-23 15:44:36,048 [main] INFO  net.NodeSchemaLoader (NodeSchemaLoader.java:loadSchemaFromFile(127)) - Loading schema from [jar:file:/home/runner/work/ozone/ozone/hadoop-hdds/common/target/hdds-common-2.1.0-SNAPSHOT.jar!/network-topology-default.xml]
2025-04-23 15:44:36,048 [main] INFO  net.NodeSchemaLoader (NodeSchemaLoader.java:loadSchema(174)) - Loading network topology layer schema file
2025-04-23 15:44:36,064 [main] INFO  http.BaseHttpServer (BaseHttpServer.java:newHttpServer2BuilderForOzone(229)) - Starting Web-server for ozoneManager at: http://0.0.0.0:15007
2025-04-23 15:44:36,064 [main] INFO  http.BaseHttpServer (BaseHttpServer.java:<init>(107)) - Hadoop Security Enabled: false Ozone Security Enabled: false Ozone HTTP Security Enabled: false 
2025-04-23 15:44:36,066 [main] WARN  server.AuthenticationFilter (AuthenticationFilter.java:constructSecretProvider(240)) - Unable to initialize FileSignerSecretProvider, falling back to use random secrets. Reason: Could not read signature secret file: /home/runner/hadoop-http-auth-signature-secret
2025-04-23 15:44:36,069 [main] INFO  http.HttpServer2 (HttpServer2.java:addGlobalFilter(1041)) - Added global filter 'safety' (class=org.apache.hadoop.hdds.server.http.HttpServer2$QuotingInputFilter)
2025-04-23 15:44:36,071 [main] INFO  http.HttpServer2 (HttpServer2.java:addFilter(1017)) - Added filter static_user_filter (class=org.apache.hadoop.http.lib.StaticUserWebFilter$StaticUserFilter) to context ozoneManager
2025-04-23 15:44:36,071 [main] INFO  http.HttpServer2 (HttpServer2.java:addFilter(1025)) - Added filter static_user_filter (class=org.apache.hadoop.http.lib.StaticUserWebFilter$StaticUserFilter) to context logs
2025-04-23 15:44:36,071 [main] INFO  http.HttpServer2 (HttpServer2.java:addFilter(1025)) - Added filter static_user_filter (class=org.apache.hadoop.http.lib.StaticUserWebFilter$StaticUserFilter) to context static
2025-04-23 15:44:36,072 [main] INFO  http.BaseHttpServer (BaseHttpServer.java:<init>(195)) - HTTP server of ozoneManager uses base directory /home/runner/work/ozone/ozone/hadoop-ozone/integration-test/target/test-dir/MiniOzoneClusterImpl-5cf50c17-c591-473f-a8c4-88d8665d28d7/omNode-1/webserver
2025-04-23 15:44:36,075 [main] INFO  http.HttpServer2 (HttpServer2.java:bindListener(1241)) - Jetty bound to port 15007
2025-04-23 15:44:36,075 [main] INFO  server.Server (Server.java:doStart(375)) - jetty-9.4.57.v20241219; built: 2025-01-08T21:24:30.412Z; git: df524e6b29271c2e09ba9aea83c18dc9db464a31; jvm 21.0.7+6-LTS
2025-04-23 15:44:36,077 [main] INFO  server.session (DefaultSessionIdManager.java:doStart(334)) - DefaultSessionIdManager workerName=node0
2025-04-23 15:44:36,077 [main] INFO  server.session (DefaultSessionIdManager.java:doStart(339)) - No SessionScavenger set, using defaults
2025-04-23 15:44:36,077 [main] INFO  server.session (HouseKeeper.java:startScavenging(132)) - node0 Scavenging every 600000ms
2025-04-23 15:44:36,078 [main] INFO  handler.ContextHandler (ContextHandler.java:doStart(921)) - Started o.e.j.s.ServletContextHandler@33c4fc94{logs,/logs,file:///home/runner/work/ozone/ozone/hadoop-ozone/integration-test/target/log,AVAILABLE}
2025-04-23 15:44:36,078 [main] INFO  handler.ContextHandler (ContextHandler.java:doStart(921)) - Started o.e.j.s.ServletContextHandler@60362b7{static,/static,file:///home/runner/work/ozone/ozone/hadoop-ozone/integration-test/target/test-classes/webapps/static,AVAILABLE}
2025-04-23 15:44:36,088 [main] INFO  handler.ContextHandler (ContextHandler.java:doStart(921)) - Started o.e.j.w.WebAppContext@4e02800b{ozoneManager,/,file:///home/runner/work/ozone/ozone/hadoop-ozone/integration-test/target/test-classes/webapps/ozoneManager/,AVAILABLE}{file:/home/runner/work/ozone/ozone/hadoop-ozone/integration-test/target/test-classes/webapps/ozoneManager}
2025-04-23 15:44:36,088 [main] INFO  server.AbstractConnector (AbstractConnector.java:doStart(333)) - Started ServerConnector@13421eb0{HTTP/1.1, (http/1.1)}{0.0.0.0:15007}
2025-04-23 15:44:36,089 [main] INFO  server.Server (Server.java:doStart(415)) - Started @11070ms
2025-04-23 15:44:36,089 [main] WARN  impl.MetricsSystemImpl (MetricsSystemImpl.java:register(279)) - Sink prometheus already exists!
2025-04-23 15:44:36,089 [main] INFO  http.BaseHttpServer (BaseHttpServer.java:updateConnectorAddress(360)) - HTTP server of ozoneManager listening at http://0.0.0.0:15007
2025-04-23 15:44:36,090 [IPC Server Responder] INFO  ipc.Server (Server.java:run(1713)) - IPC Server Responder: starting
2025-04-23 15:44:36,090 [IPC Server listener on 15006] INFO  ipc.Server (Server.java:run(1553)) - IPC Server listener on 15006: starting
2025-04-23 15:44:36,094 [main] INFO  om.OzoneManager (OzoneManager.java:startTrashEmptier(2257)) - Trash Interval set to 0. Files deleted won't move to trash
2025-04-23 15:44:36,103 [main] INFO  ozone.MiniOzoneHAClusterImpl (MiniOzoneHAClusterImpl.java:createOMService(516)) - Started OzoneManager omNode-1 RPC server at localhost/127.0.0.1:15006
2025-04-23 15:44:36,103 [main] INFO  ha.OMHANodeDetails (OMHANodeDetails.java:loadOMHAConfig(120)) - ServiceID for OzoneManager is om-service-test1
2025-04-23 15:44:36,104 [main] INFO  ha.OMHANodeDetails (OMHANodeDetails.java:loadOMHAConfig(200)) - Found matching OM address with OMServiceId: om-service-test1, OMNodeId: omNode-2, RPC Address: localhost:15010 and Ratis port: 15013
2025-04-23 15:44:36,105 [main] INFO  ha.OMHANodeDetails (ConfUtils.java:setNodeSpecificConfigs(98)) - Setting configuration key ozone.om.http-address with value of key ozone.om.http-address.om-service-test1.omNode-2: 127.0.0.1:15011
2025-04-23 15:44:36,105 [main] INFO  ha.OMHANodeDetails (ConfUtils.java:setNodeSpecificConfigs(98)) - Setting configuration key ozone.om.https-address with value of key ozone.om.https-address.om-service-test1.omNode-2: 127.0.0.1:15012
2025-04-23 15:44:36,105 [main] INFO  ha.OMHANodeDetails (ConfUtils.java:setNodeSpecificConfigs(98)) - Setting configuration key ozone.om.address with value of key ozone.om.address.om-service-test1.omNode-2: 127.0.0.1:15010
2025-04-23 15:44:36,105 [main] WARN  server.ServerUtils (ServerUtils.java:getDBPath(297)) - ozone.om.db.dirs is not configured. We recommend adding this setting. Falling back to ozone.metadata.dirs instead.
2025-04-23 15:44:36,107 [main] INFO  proxy.SCMBlockLocationFailoverProxyProvider (SCMFailoverProxyProviderBase.java:<init>(120)) - Created fail-over proxy for protocol ScmBlockLocationProtocolPB with 1 nodes: [nodeId=scmNodeId,nodeAddress=/0.0.0.0:15001]
OM initialization succeeded.Current cluster id for sd=/home/runner/work/ozone/ozone/hadoop-ozone/integration-test/target/test-dir/MiniOzoneClusterImpl-5cf50c17-c591-473f-a8c4-88d8665d28d7/omNode-2/om;cid=5cf50c17-c591-473f-a8c4-88d8665d28d7;layoutVersion=8
2025-04-23 15:44:36,112 [main] INFO  ha.OMHANodeDetails (OMHANodeDetails.java:loadOMHAConfig(120)) - ServiceID for OzoneManager is om-service-test1
2025-04-23 15:44:36,113 [main] INFO  ha.OMHANodeDetails (OMHANodeDetails.java:loadOMHAConfig(200)) - Found matching OM address with OMServiceId: om-service-test1, OMNodeId: omNode-2, RPC Address: localhost:15010 and Ratis port: 15013
2025-04-23 15:44:36,113 [main] INFO  ha.OMHANodeDetails (ConfUtils.java:setNodeSpecificConfigs(98)) - Setting configuration key ozone.om.http-address with value of key ozone.om.http-address.om-service-test1.omNode-2: 127.0.0.1:15011
2025-04-23 15:44:36,114 [main] INFO  ha.OMHANodeDetails (ConfUtils.java:setNodeSpecificConfigs(98)) - Setting configuration key ozone.om.https-address with value of key ozone.om.https-address.om-service-test1.omNode-2: 127.0.0.1:15012
2025-04-23 15:44:36,114 [main] INFO  ha.OMHANodeDetails (ConfUtils.java:setNodeSpecificConfigs(98)) - Setting configuration key ozone.om.address with value of key ozone.om.address.om-service-test1.omNode-2: 127.0.0.1:15010
2025-04-23 15:44:36,114 [main] WARN  server.ServerUtils (ServerUtils.java:getDBPath(297)) - ozone.om.db.dirs is not configured. We recommend adding this setting. Falling back to ozone.metadata.dirs instead.
2025-04-23 15:44:36,116 [main] INFO  upgrade.AbstractLayoutVersionManager (AbstractLayoutVersionManager.java:init(80)) - Initializing Layout version manager with metadata layout = DELEGATION_TOKEN_SYMMETRIC_SIGN (version = 8), software layout = DELEGATION_TOKEN_SYMMETRIC_SIGN (version = 8)
2025-04-23 15:44:36,180 [main] INFO  reflections.Reflections (Reflections.java:scan(219)) - Reflections took 64 ms to scan 2 urls, producing 203 keys and 603 values
2025-04-23 15:44:36,181 [main] INFO  upgrade.OMLayoutVersionManager (OMLayoutVersionManager.java:lambda$0(110)) - Skipping Upgrade Action QuotaRepairUpgradeAction since it has been finalized.
2025-04-23 15:44:36,181 [main] INFO  upgrade.OMLayoutVersionManager (OMLayoutVersionManager.java:lambda$0(110)) - Skipping Upgrade Action MockOmUpgradeAction since it has been finalized.
2025-04-23 15:44:36,182 [main] WARN  server.ServerUtils (ServerUtils.java:getDBPath(297)) - ozone.om.db.dirs is not configured. We recommend adding this setting. Falling back to ozone.metadata.dirs instead.
2025-04-23 15:44:36,182 [main] INFO  om.OzoneManager (OzoneManager.java:setReplicationFromConfig(4612)) - Set default replication in OM: RATIS/3 -> RATIS/THREE
2025-04-23 15:44:36,183 [main] INFO  proxy.SCMContainerLocationFailoverProxyProvider (SCMFailoverProxyProviderBase.java:<init>(120)) - Created fail-over proxy for protocol StorageContainerLocationProtocolPB with 1 nodes: [nodeId=scmNodeId,nodeAddress=/0.0.0.0:15000]
2025-04-23 15:44:36,183 [main] INFO  proxy.SCMBlockLocationFailoverProxyProvider (SCMFailoverProxyProviderBase.java:<init>(120)) - Created fail-over proxy for protocol ScmBlockLocationProtocolPB with 1 nodes: [nodeId=scmNodeId,nodeAddress=/0.0.0.0:15001]
2025-04-23 15:44:36,185 [main] INFO  proxy.SCMBlockLocationFailoverProxyProvider (SCMFailoverProxyProviderBase.java:<init>(120)) - Created fail-over proxy for protocol ScmBlockLocationProtocolPB with 1 nodes: [nodeId=scmNodeId,nodeAddress=/0.0.0.0:15001]
2025-04-23 15:44:36,192 [main] INFO  om.OzoneManager (OzoneManager.java:<init>(689)) - OM start with adminUsers: [*, runner]
2025-04-23 15:44:36,193 [main] WARN  server.ServerUtils (ServerUtils.java:getDBPath(297)) - ozone.om.db.dirs is not configured. We recommend adding this setting. Falling back to ozone.metadata.dirs instead.
2025-04-23 15:44:36,340 [main] INFO  om.OzoneManager (OzoneManager.java:instantiateServices(933)) - S3 Multi-Tenancy is disabled
2025-04-23 15:44:36,341 [main] INFO  om.OmSnapshotManager (OmSnapshotManager.java:<init>(180)) - Ozone filesystem snapshot feature is enabled.
2025-04-23 15:44:36,341 [main] WARN  server.ServerUtils (ServerUtils.java:getDBPath(297)) - ozone.om.snapshot.diff.db.dir is not configured. We recommend adding this setting. Falling back to ozone.metadata.dirs instead.
2025-04-23 15:44:36,361 [main] INFO  om.OzoneManager (OzoneManager.java:addS3GVolumeToDB(4670)) - Created Volume s3v With Owner runner required for S3Gateway operations.
2025-04-23 15:44:36,362 [main] WARN  server.ServerUtils (ServerUtils.java:getDefaultRatisDirectory(309)) - Storage directory for Ratis is not configured. It is a good idea to map this to an SSD disk. Falling back to ozone.metadata.dirs
2025-04-23 15:44:36,362 [main] WARN  utils.OzoneManagerRatisUtils (OzoneManagerRatisUtils.java:getOMRatisSnapshotDirectory(488)) - ozone.om.ratis.snapshot.dir is not configured. Falling back to ozone.metadata.dirs config
2025-04-23 15:44:36,362 [main] INFO  utils.RDBSnapshotProvider (RDBSnapshotProvider.java:init(85)) - Cleaning up the candidate dir: /home/runner/work/ozone/ozone/hadoop-ozone/integration-test/target/test-dir/MiniOzoneClusterImpl-5cf50c17-c591-473f-a8c4-88d8665d28d7/omNode-2/snapshot/om.db.candidate
2025-04-23 15:44:36,363 [main] INFO  ratis_snapshot.OmRatisSnapshotProvider (OmRatisSnapshotProvider.java:<init>(98)) - Initializing OM Snapshot Provider
2025-04-23 15:44:36,364 [main] WARN  dropwizard3.Dm3MetricRegistriesImpl (Dm3MetricRegistriesImpl.java:addReporterRegistration(114)) - New reporters are added after registries were created. Some metrics will be missing from the reporter. Please add reporter before adding any new registry.
2025-04-23 15:44:36,364 [main] WARN  dropwizard3.Dm3MetricRegistriesImpl (Dm3MetricRegistriesImpl.java:addReporterRegistration(114)) - New reporters are added after registries were created. Some metrics will be missing from the reporter. Please add reporter before adding any new registry.
2025-04-23 15:44:36,364 [main] WARN  server.ServerUtils (ServerUtils.java:getDefaultRatisDirectory(309)) - Storage directory for Ratis is not configured. It is a good idea to map this to an SSD disk. Falling back to ozone.metadata.dirs
2025-04-23 15:44:36,365 [main] INFO  server.RaftServerConfigKeys (ConfUtils.java:logGet(46)) - raft.server.log.appender.buffer.byte-limit = 4194304 (custom)
2025-04-23 15:44:36,366 [main] INFO  ratis.OzoneManagerRatisServer (OzoneManagerRatisServer.java:<init>(167)) - Instantiating OM Ratis server with groupID: om-service-test1 and peers: localhost:15013, localhost:15017, localhost:15009
2025-04-23 15:44:36,367 [main] INFO  ratis.OzoneManagerStateMachine (OzoneManagerStateMachine.java:loadSnapshotInfoFromDB(613)) - TransactionInfo not found in OM DB.
2025-04-23 15:44:36,368 [main] INFO  server.RaftServer (ConfUtils.java:logGet(46)) - raft.rpc.type = GRPC (default)
2025-04-23 15:44:36,368 [main] INFO  grpc.GrpcConfigKeys (ConfUtils.java:logFallback(53)) - raft.grpc.admin.host = null (fallback to raft.grpc.server.host)
2025-04-23 15:44:36,368 [main] INFO  grpc.GrpcConfigKeys (ConfUtils.java:logFallback(53)) - raft.grpc.admin.port = 15013 (fallback to raft.grpc.server.port)
2025-04-23 15:44:36,368 [main] INFO  grpc.GrpcConfigKeys (ConfUtils.java:logFallback(53)) - raft.grpc.client.host = null (fallback to raft.grpc.server.host)
2025-04-23 15:44:36,368 [main] INFO  grpc.GrpcConfigKeys (ConfUtils.java:logFallback(53)) - raft.grpc.client.port = 15013 (fallback to raft.grpc.server.port)
2025-04-23 15:44:36,369 [main] INFO  grpc.GrpcConfigKeys (ConfUtils.java:logGet(46)) - raft.grpc.server.host = null (default)
2025-04-23 15:44:36,369 [main] INFO  grpc.GrpcConfigKeys (ConfUtils.java:logGet(46)) - raft.grpc.server.port = 15013 (custom)
2025-04-23 15:44:36,369 [main] INFO  server.GrpcService (ConfUtils.java:logGet(46)) - raft.grpc.message.size.max = 5242880 (custom)
2025-04-23 15:44:36,369 [main] INFO  server.GrpcService (ConfUtils.java:logGet(46)) - raft.grpc.flow.control.window = 1MB (=1048576) (default)
2025-04-23 15:44:36,369 [main] INFO  server.RaftServerConfigKeys (ConfUtils.java:logGet(46)) - raft.server.rpc.request.timeout = 3000ms (default)
2025-04-23 15:44:36,369 [main] INFO  grpc.GrpcConfigKeys (ConfUtils.java:logGet(46)) - raft.grpc.server.heartbeat.channel = true (default)
2025-04-23 15:44:36,369 [main] INFO  server.RaftServerConfigKeys (ConfUtils.java:logGet(46)) - raft.server.log.appender.buffer.byte-limit = 4194304 (custom)
2025-04-23 15:44:36,370 [main] INFO  grpc.GrpcConfigKeys (ConfUtils.java:logGet(46)) - raft.grpc.server.async.request.thread.pool.cached = true (default)
2025-04-23 15:44:36,370 [main] INFO  grpc.GrpcConfigKeys (ConfUtils.java:logGet(46)) - raft.grpc.server.async.request.thread.pool.size = 32 (default)
2025-04-23 15:44:36,371 [main] INFO  impl.DataStreamServerImpl (ConfUtils.java:logGet(46)) - raft.datastream.type = DISABLED (default)
2025-04-23 15:44:36,371 [main] INFO  server.RaftServerConfigKeys (ConfUtils.java:logGet(46)) - raft.server.sleep.deviation.threshold = 300ms (default)
2025-04-23 15:44:36,371 [main] INFO  server.RaftServerConfigKeys (ConfUtils.java:logGet(46)) - raft.server.close.threshold = 60s (default)
2025-04-23 15:44:36,372 [main] INFO  server.RaftServerConfigKeys (ConfUtils.java:logGet(46)) - raft.server.leaderelection.leader.step-down.wait-time = 10s (default)
2025-04-23 15:44:36,372 [main] INFO  server.RaftServerConfigKeys (ConfUtils.java:logGet(46)) - raft.server.storage.dir = [/home/runner/work/ozone/ozone/hadoop-ozone/integration-test/target/test-dir/MiniOzoneClusterImpl-5cf50c17-c591-473f-a8c4-88d8665d28d7/omNode-2/ratis] (custom)
2025-04-23 15:44:36,372 [main] INFO  server.RaftServerConfigKeys (ConfUtils.java:logGet(46)) - raft.server.threadpool.proxy.cached = true (default)
2025-04-23 15:44:36,372 [main] INFO  server.RaftServerConfigKeys (ConfUtils.java:logGet(46)) - raft.server.threadpool.proxy.size = 0 (default)
2025-04-23 15:44:36,373 [main] INFO  server.RaftServer (RaftServerProxy.java:addNew(100)) - omNode-2: addNew group-523986131536:[omNode-3|localhost:15017, omNode-1|localhost:15009, omNode-2|localhost:15013] returns group-523986131536:java.util.concurrent.CompletableFuture@6527a68d[Not completed]
2025-04-23 15:44:36,373 [omNode-2-groupManagement] INFO  server.RaftServer$Division (RaftServerImpl.java:<init>(255)) - omNode-2: new RaftServerImpl for group-523986131536:[omNode-3|localhost:15017, omNode-1|localhost:15009, omNode-2|localhost:15013] with OzoneManagerStateMachine:uninitialized
2025-04-23 15:44:36,374 [omNode-2-groupManagement] INFO  server.RaftServerConfigKeys (ConfUtils.java:logGet(46)) - raft.server.rpc.timeout.min = 1s (custom)
2025-04-23 15:44:36,374 [omNode-2-groupManagement] INFO  server.RaftServerConfigKeys (ConfUtils.java:logGet(46)) - raft.server.rpc.timeout.max = 1200ms (custom)
2025-04-23 15:44:36,374 [omNode-2-groupManagement] INFO  server.RaftServerConfigKeys (ConfUtils.java:logGet(46)) - raft.server.rpc.sleep.time = 25ms (default)
2025-04-23 15:44:36,374 [omNode-2-groupManagement] INFO  server.RaftServerConfigKeys (ConfUtils.java:logGet(46)) - raft.server.rpc.slowness.timeout = 2s (custom)
2025-04-23 15:44:36,374 [omNode-2-groupManagement] INFO  server.RaftServerConfigKeys (ConfUtils.java:logGet(46)) - raft.server.leaderelection.leader.step-down.wait-time = 10s (default)
2025-04-23 15:44:36,374 [omNode-2-groupManagement] INFO  server.RaftServerConfigKeys (ConfUtils.java:logGet(46)) - raft.server.leaderelection.member.majority-add = false (default)
2025-04-23 15:44:36,374 [omNode-2-groupManagement] INFO  server.RaftServerConfigKeys (ConfUtils.java:logGet(46)) - raft.server.sleep.deviation.threshold = 300ms (default)
2025-04-23 15:44:36,373 [main] INFO  om.OzoneManager (OzoneManager.java:initializeRatisServer(2303)) - OzoneManager Ratis server initialized at port 15013
2025-04-23 15:44:36,374 [omNode-2-groupManagement] INFO  server.RaftServer$Division (ServerState.java:<init>(114)) - omNode-2@group-523986131536: ConfigurationManager, init=conf: {index: -1, cur=peers:[omNode-3|localhost:15017, omNode-1|localhost:15009, omNode-2|localhost:15013]|listeners:[], old=null}, confs=<EMPTY_MAP>
2025-04-23 15:44:36,375 [omNode-2-groupManagement] INFO  server.RaftServerConfigKeys (ConfUtils.java:logGet(46)) - raft.server.notification.no-leader.timeout = 2s (custom)
2025-04-23 15:44:36,375 [main] INFO  om.OzoneManager (OzoneManager.java:getRpcServer(1360)) - Creating RPC Server
2025-04-23 15:44:36,375 [omNode-2-groupManagement] INFO  server.RaftServerConfigKeys (ConfUtils.java:logGet(46)) - raft.server.read.timeout = 10s (default)
2025-04-23 15:44:36,375 [omNode-2-groupManagement] INFO  server.RaftServerConfigKeys (ConfUtils.java:logGet(46)) - raft.server.retrycache.expirytime = 30000ms (custom)
2025-04-23 15:44:36,375 [omNode-2-groupManagement] INFO  server.RaftServerConfigKeys (ConfUtils.java:logGet(46)) - raft.server.retrycache.statistics.expirytime = 100ms (default)
2025-04-23 15:44:36,375 [omNode-2-groupManagement] INFO  server.RaftServerConfigKeys (ConfUtils.java:logGet(46)) - raft.server.read.option = DEFAULT (default)
2025-04-23 15:44:36,375 [omNode-2-groupManagement] INFO  server.RaftServerConfigKeys (ConfUtils.java:logGet(46)) - raft.server.read.read-after-write-consistent.write-index-cache.expiry-time = 60s (default)
2025-04-23 15:44:36,392 [omNode-2-groupManagement] INFO  server.RaftServerConfigKeys (ConfUtils.java:logGet(46)) - raft.server.rpc.request.timeout = 3000ms (default)
2025-04-23 15:44:36,392 [omNode-2-groupManagement] INFO  server.RaftServerConfigKeys (ConfUtils.java:logGet(46)) - raft.server.log.appender.install.snapshot.enabled = false (custom)
2025-04-23 15:44:36,392 [omNode-2-groupManagement] INFO  server.RaftServerConfigKeys (ConfUtils.java:logGet(46)) - raft.server.threadpool.server.cached = true (default)
2025-04-23 15:44:36,392 [omNode-2-groupManagement] INFO  server.RaftServerConfigKeys (ConfUtils.java:logGet(46)) - raft.server.threadpool.server.size = 0 (default)
2025-04-23 15:44:36,392 [omNode-2-groupManagement] INFO  server.RaftServerConfigKeys (ConfUtils.java:logGet(46)) - raft.server.threadpool.client.cached = true (default)
2025-04-23 15:44:36,392 [omNode-2-groupManagement] INFO  server.RaftServerConfigKeys (ConfUtils.java:logGet(46)) - raft.server.threadpool.client.size = 0 (default)
2025-04-23 15:44:36,809 [main] INFO  reflections.Reflections (Reflections.java:scan(219)) - Reflections took 434 ms to scan 22 urls, producing 61 keys and 7422 values
2025-04-23 15:44:36,811 [main] INFO  ipc.CallQueueManager (CallQueueManager.java:<init>(93)) - Using callQueue: class java.util.concurrent.LinkedBlockingQueue, queueCapacity: 2000, scheduler: class org.apache.hadoop.ipc.DefaultRpcScheduler, ipcBackoff: false, ipcFailOver: false.
2025-04-23 15:44:36,812 [main] INFO  ipc.Server (Server.java:<init>(1438)) - Listener at 127.0.0.1:15010
2025-04-23 15:44:36,812 [Socket Reader #1 for port 15010] INFO  ipc.Server (Server.java:run(1474)) - Starting Socket Reader #1 for port 15010
2025-04-23 15:44:36,813 [Socket Reader #3 for port 15010] INFO  ipc.Server (Server.java:run(1474)) - Starting Socket Reader #3 for port 15010
2025-04-23 15:44:36,813 [Socket Reader #2 for port 15010] INFO  ipc.Server (Server.java:run(1474)) - Starting Socket Reader #2 for port 15010
2025-04-23 15:44:36,813 [Socket Reader #4 for port 15010] INFO  ipc.Server (Server.java:run(1474)) - Starting Socket Reader #4 for port 15010
2025-04-23 15:44:36,813 [Socket Reader #5 for port 15010] INFO  ipc.Server (Server.java:run(1474)) - Starting Socket Reader #5 for port 15010
2025-04-23 15:44:36,813 [Socket Reader #6 for port 15010] INFO  ipc.Server (Server.java:run(1474)) - Starting Socket Reader #6 for port 15010
2025-04-23 15:44:36,814 [Socket Reader #7 for port 15010] INFO  ipc.Server (Server.java:run(1474)) - Starting Socket Reader #7 for port 15010
2025-04-23 15:44:36,814 [Socket Reader #8 for port 15010] INFO  ipc.Server (Server.java:run(1474)) - Starting Socket Reader #8 for port 15010
2025-04-23 15:44:36,815 [Socket Reader #9 for port 15010] INFO  ipc.Server (Server.java:run(1474)) - Starting Socket Reader #9 for port 15010
2025-04-23 15:44:36,815 [Socket Reader #10 for port 15010] INFO  ipc.Server (Server.java:run(1474)) - Starting Socket Reader #10 for port 15010
2025-04-23 15:44:36,839 [main] INFO  impl.MetricsSystemImpl (MetricsSystemImpl.java:init(158)) - OzoneManager metrics system started (again)
2025-04-23 15:44:36,852 [main] INFO  om.OzoneManager (OzoneManager.java:start(1787)) - OzoneManager RPC server is listening at localhost/127.0.0.1:15010
2025-04-23 15:44:36,853 [main] INFO  ratis.OzoneManagerRatisServer (OzoneManagerRatisServer.java:start(628)) - Starting OzoneManagerRatisServer omNode-2 at port 15013
2025-04-23 15:44:36,853 [omNode-2-impl-thread1] INFO  server.RaftServerConfigKeys (ConfUtils.java:logGet(46)) - raft.server.storage.free-space.min = 0MB (=0) (default)
2025-04-23 15:44:36,853 [omNode-2-impl-thread1] INFO  server.RaftServerConfigKeys (ConfUtils.java:logGet(46)) - raft.server.log.corruption.policy = EXCEPTION (default)
2025-04-23 15:44:36,853 [omNode-2-impl-thread1] INFO  server.RaftServerConfigKeys (ConfUtils.java:logGet(46)) - raft.server.storage.dir = [/home/runner/work/ozone/ozone/hadoop-ozone/integration-test/target/test-dir/MiniOzoneClusterImpl-5cf50c17-c591-473f-a8c4-88d8665d28d7/omNode-2/ratis] (custom)
2025-04-23 15:44:36,854 [omNode-2-impl-thread1] INFO  storage.RaftStorageDirectory (RaftStorageDirectoryImpl.java:analyzeStorage(138)) - The storage directory /home/runner/work/ozone/ozone/hadoop-ozone/integration-test/target/test-dir/MiniOzoneClusterImpl-5cf50c17-c591-473f-a8c4-88d8665d28d7/omNode-2/ratis/c9bc4cf4-3bc3-3c60-a66b-523986131536 does not exist. Creating ...
2025-04-23 15:44:36,855 [omNode-2-impl-thread1] INFO  storage.RaftStorageDirectory (RaftStorageDirectoryImpl.java:tryLock(229)) - Lock on /home/runner/work/ozone/ozone/hadoop-ozone/integration-test/target/test-dir/MiniOzoneClusterImpl-5cf50c17-c591-473f-a8c4-88d8665d28d7/omNode-2/ratis/c9bc4cf4-3bc3-3c60-a66b-523986131536/in_use.lock acquired by nodename 129659@fv-az1337-835
2025-04-23 15:44:36,856 [omNode-2-impl-thread1] INFO  storage.RaftStorage (RaftStorageImpl.java:format(98)) - Storage directory /home/runner/work/ozone/ozone/hadoop-ozone/integration-test/target/test-dir/MiniOzoneClusterImpl-5cf50c17-c591-473f-a8c4-88d8665d28d7/omNode-2/ratis/c9bc4cf4-3bc3-3c60-a66b-523986131536 has been successfully formatted.
2025-04-23 15:44:36,856 [omNode-2-impl-thread1] INFO  ratis.OzoneManagerStateMachine (OzoneManagerStateMachine.java:lambda$0(138)) - omNode-2: initialize group-523986131536 with (t:0, i:~)
2025-04-23 15:44:36,856 [omNode-2-impl-thread1] INFO  server.RaftServerConfigKeys (ConfUtils.java:logGet(46)) - raft.server.log.use.memory = false (default)
2025-04-23 15:44:36,857 [omNode-2-impl-thread1] INFO  server.RaftServerConfigKeys (ConfUtils.java:logGet(46)) - raft.server.log.purge.gap = 50 (custom)
2025-04-23 15:44:36,857 [omNode-2-impl-thread1] INFO  server.RaftServerConfigKeys (ConfUtils.java:logGet(46)) - raft.server.log.appender.buffer.byte-limit = 4194304 (custom)
2025-04-23 15:44:36,857 [omNode-2-impl-thread1] INFO  server.RaftServerConfigKeys (ConfUtils.java:logGet(46)) - raft.server.log.statemachine.data.read.timeout = 1000ms (default)
2025-04-23 15:44:36,857 [omNode-2-impl-thread1] INFO  server.RaftServerConfigKeys (ConfUtils.java:logGet(46)) - raft.server.log.purge.preservation.log.num = 0 (default)
2025-04-23 15:44:36,859 [omNode-2-impl-thread1] INFO  server.RaftServerConfigKeys (ConfUtils.java:logGet(46)) - raft.server.log.segment.size.max = 4194304 (custom)
2025-04-23 15:44:36,859 [omNode-2-impl-thread1] INFO  server.RaftServerConfigKeys (ConfUtils.java:logGet(46)) - raft.server.log.segment.cache.num.max = 2 (custom)
2025-04-23 15:44:36,859 [omNode-2-impl-thread1] INFO  server.RaftServerConfigKeys (ConfUtils.java:logGet(46)) - raft.server.log.segment.cache.size.max = 200MB (=209715200) (default)
2025-04-23 15:44:36,860 [omNode-2-impl-thread1] INFO  server.RaftServerConfigKeys (ConfUtils.java:logGet(46)) - raft.server.log.appender.buffer.byte-limit = 4194304 (custom)
2025-04-23 15:44:36,860 [omNode-2-impl-thread1] INFO  util.AwaitToRun (AwaitToRun.java:start(81)) - Thread[#551,omNode-2@group-523986131536-cacheEviction-AwaitToRun,5,main] started
2025-04-23 15:44:36,860 [omNode-2-impl-thread1] INFO  segmented.SegmentedRaftLogWorker (SegmentedRaftLogWorker.java:<init>(188)) - new omNode-2@group-523986131536-SegmentedRaftLogWorker for RaftStorageImpl:Storage Directory /home/runner/work/ozone/ozone/hadoop-ozone/integration-test/target/test-dir/MiniOzoneClusterImpl-5cf50c17-c591-473f-a8c4-88d8665d28d7/omNode-2/ratis/c9bc4cf4-3bc3-3c60-a66b-523986131536
2025-04-23 15:44:36,860 [omNode-2-impl-thread1] INFO  server.RaftServerConfigKeys (ConfUtils.java:logGet(46)) - raft.server.log.queue.byte-limit = 64MB (=67108864) (default)
2025-04-23 15:44:36,860 [omNode-2-impl-thread1] INFO  server.RaftServerConfigKeys (ConfUtils.java:logGet(46)) - raft.server.log.queue.element-limit = 4096 (default)
2025-04-23 15:44:36,860 [omNode-2-impl-thread1] INFO  server.RaftServerConfigKeys (ConfUtils.java:logGet(46)) - raft.server.log.segment.size.max = 4194304 (custom)
2025-04-23 15:44:36,860 [omNode-2-impl-thread1] INFO  server.RaftServerConfigKeys (ConfUtils.java:logGet(46)) - raft.server.log.preallocated.size = 4194304 (custom)
2025-04-23 15:44:36,860 [omNode-2-impl-thread1] INFO  server.RaftServerConfigKeys (ConfUtils.java:logGet(46)) - raft.server.log.force.sync.num = 128 (default)
2025-04-23 15:44:36,860 [omNode-2-impl-thread1] INFO  server.RaftServerConfigKeys (ConfUtils.java:logGet(46)) - raft.server.log.statemachine.data.sync = true (default)
2025-04-23 15:44:36,861 [omNode-2-impl-thread1] INFO  server.RaftServerConfigKeys (ConfUtils.java:logGet(46)) - raft.server.log.statemachine.data.sync.timeout = 10s (default)
2025-04-23 15:44:36,861 [omNode-2-impl-thread1] INFO  server.RaftServerConfigKeys (ConfUtils.java:logGet(46)) - raft.server.log.statemachine.data.sync.timeout.retry = -1 (default)
2025-04-23 15:44:36,861 [omNode-2-impl-thread1] INFO  server.RaftServerConfigKeys (ConfUtils.java:logGet(46)) - raft.server.log.write.buffer.size = 4194312 (custom)
2025-04-23 15:44:36,862 [omNode-2-impl-thread1] INFO  server.RaftServerConfigKeys (ConfUtils.java:logGet(46)) - raft.server.log.appender.buffer.byte-limit = 4194304 (custom)
2025-04-23 15:44:36,862 [omNode-2-impl-thread1] INFO  server.RaftServerConfigKeys (ConfUtils.java:logGet(46)) - raft.server.log.unsafe-flush.enabled = false (default)
2025-04-23 15:44:36,862 [omNode-2-impl-thread1] INFO  server.RaftServerConfigKeys (ConfUtils.java:logGet(46)) - raft.server.log.async-flush.enabled = false (default)
2025-04-23 15:44:36,862 [omNode-2-impl-thread1] INFO  server.RaftServerConfigKeys (ConfUtils.java:logGet(46)) - raft.server.log.statemachine.data.caching.enabled = false (default)
2025-04-23 15:44:36,862 [omNode-2-impl-thread1] INFO  segmented.SegmentedRaftLogWorker (SegmentedRaftLogWorker.java:lambda$new$0(139)) - omNode-2@group-523986131536-SegmentedRaftLogWorker: flushIndex: setUnconditionally 0 -> -1
2025-04-23 15:44:36,862 [omNode-2-impl-thread1] INFO  segmented.SegmentedRaftLogWorker (SegmentedRaftLogWorker.java:lambda$new$0(139)) - omNode-2@group-523986131536-SegmentedRaftLogWorker: safeCacheEvictIndex: setUnconditionally 0 -> -1
2025-04-23 15:44:36,862 [omNode-2-impl-thread1] INFO  server.RaftServer$Division (RaftServerImpl.java:start(391)) - omNode-2@group-523986131536: start as a follower, conf=conf: {index: -1, cur=peers:[omNode-3|localhost:15017, omNode-1|localhost:15009, omNode-2|localhost:15013]|listeners:[], old=null}
2025-04-23 15:44:36,862 [omNode-2-impl-thread1] INFO  server.RaftServer$Division (RaftServerImpl.java:setRole(378)) - omNode-2@group-523986131536: changes role from      null to FOLLOWER at term 0 for startAsFollower
2025-04-23 15:44:36,862 [omNode-2-impl-thread1] INFO  impl.RoleInfo (RoleInfo.java:updateAndGet(148)) - omNode-2: start omNode-2@group-523986131536-FollowerState
2025-04-23 15:44:36,863 [omNode-2@group-523986131536-FollowerState] INFO  server.RaftServerConfigKeys (ConfUtils.java:logFallback(53)) - raft.server.rpc.first-election.timeout.min = 1s (fallback to raft.server.rpc.timeout.min)
2025-04-23 15:44:36,864 [omNode-2@group-523986131536-FollowerState] INFO  server.RaftServerConfigKeys (ConfUtils.java:logFallback(53)) - raft.server.rpc.first-election.timeout.max = 1200ms (fallback to raft.server.rpc.timeout.max)
2025-04-23 15:44:36,863 [omNode-2-impl-thread1] INFO  util.JmxRegister (JmxRegister.java:tryRegister(44)) - Successfully registered JMX Bean with object name Ratis:service=RaftServer,group=group-523986131536,id=omNode-2
2025-04-23 15:44:36,864 [omNode-2-impl-thread1] INFO  util.JmxRegister (JmxRegister.java:register(58)) - register mxBean class org.apache.ratis.server.impl.RaftServerJmxAdapter as Ratis:service=RaftServer,group=group-523986131536,id=omNode-2
2025-04-23 15:44:36,864 [omNode-2-impl-thread1] INFO  server.RaftServerConfigKeys (ConfUtils.java:logGet(46)) - raft.server.snapshot.trigger-when-stop.enabled = true (default)
2025-04-23 15:44:36,864 [omNode-2-impl-thread1] INFO  server.RaftServerConfigKeys (ConfUtils.java:logGet(46)) - raft.server.snapshot.trigger-when-remove.enabled = true (default)
2025-04-23 15:44:36,864 [omNode-2-impl-thread1] INFO  server.RaftServerConfigKeys (ConfUtils.java:logGet(46)) - raft.server.snapshot.auto.trigger.enabled = true (custom)
2025-04-23 15:44:36,864 [omNode-2-impl-thread1] INFO  server.RaftServerConfigKeys (ConfUtils.java:logGet(46)) - raft.server.snapshot.auto.trigger.threshold = 50 (custom)
2025-04-23 15:44:36,864 [omNode-2-impl-thread1] INFO  server.RaftServerConfigKeys (ConfUtils.java:logGet(46)) - raft.server.snapshot.retention.file.num = -1 (default)
2025-04-23 15:44:36,864 [omNode-2-impl-thread1] INFO  server.RaftServerConfigKeys (ConfUtils.java:logGet(46)) - raft.server.log.purge.upto.snapshot.index = true (custom)
2025-04-23 15:44:36,865 [omNode-2-impl-thread1] INFO  server.RaftServer$Division (RaftServerImpl.java:start(405)) - omNode-2@group-523986131536: Successfully started.
2025-04-23 15:44:36,865 [main] INFO  server.RaftServer (RaftServerProxy.java:startImpl(407)) - omNode-2: start RPC server
2025-04-23 15:44:36,866 [main] INFO  server.GrpcService (GrpcService.java:startImpl(334)) - omNode-2: GrpcService started, listening on 15013
2025-04-23 15:44:36,866 [JvmPauseMonitor3] INFO  util.JvmPauseMonitor (JvmPauseMonitor.java:run(146)) - JvmPauseMonitor-omNode-2: Started
2025-04-23 15:44:36,867 [main] INFO  om.OzoneManager (OzoneManager.java:start(1802)) - Version File has different layout version (8) than OM DB (null). That is expected if this OM has never been finalized to a newer layout version.
2025-04-23 15:44:36,870 [main] INFO  client.ScmTopologyClient (ScmTopologyClient.java:start(70)) - Initial network topology fetched from SCM: /.
2025-04-23 15:44:36,870 [main] INFO  net.NodeSchemaLoader (NodeSchemaLoader.java:loadSchemaFromFile(127)) - Loading schema from [jar:file:/home/runner/work/ozone/ozone/hadoop-hdds/common/target/hdds-common-2.1.0-SNAPSHOT.jar!/network-topology-default.xml]
2025-04-23 15:44:36,870 [main] INFO  net.NodeSchemaLoader (NodeSchemaLoader.java:loadSchema(174)) - Loading network topology layer schema file
2025-04-23 15:44:36,876 [main] INFO  http.BaseHttpServer (BaseHttpServer.java:newHttpServer2BuilderForOzone(229)) - Starting Web-server for ozoneManager at: http://0.0.0.0:15011
2025-04-23 15:44:36,876 [main] INFO  http.BaseHttpServer (BaseHttpServer.java:<init>(107)) - Hadoop Security Enabled: false Ozone Security Enabled: false Ozone HTTP Security Enabled: false 
2025-04-23 15:44:36,878 [main] WARN  server.AuthenticationFilter (AuthenticationFilter.java:constructSecretProvider(240)) - Unable to initialize FileSignerSecretProvider, falling back to use random secrets. Reason: Could not read signature secret file: /home/runner/hadoop-http-auth-signature-secret
2025-04-23 15:44:36,881 [main] INFO  http.HttpServer2 (HttpServer2.java:addGlobalFilter(1041)) - Added global filter 'safety' (class=org.apache.hadoop.hdds.server.http.HttpServer2$QuotingInputFilter)
2025-04-23 15:44:36,882 [main] INFO  http.HttpServer2 (HttpServer2.java:addFilter(1017)) - Added filter static_user_filter (class=org.apache.hadoop.http.lib.StaticUserWebFilter$StaticUserFilter) to context ozoneManager
2025-04-23 15:44:36,882 [main] INFO  http.HttpServer2 (HttpServer2.java:addFilter(1025)) - Added filter static_user_filter (class=org.apache.hadoop.http.lib.StaticUserWebFilter$StaticUserFilter) to context static
2025-04-23 15:44:36,882 [main] INFO  http.HttpServer2 (HttpServer2.java:addFilter(1025)) - Added filter static_user_filter (class=org.apache.hadoop.http.lib.StaticUserWebFilter$StaticUserFilter) to context logs
2025-04-23 15:44:36,883 [main] INFO  http.BaseHttpServer (BaseHttpServer.java:<init>(195)) - HTTP server of ozoneManager uses base directory /home/runner/work/ozone/ozone/hadoop-ozone/integration-test/target/test-dir/MiniOzoneClusterImpl-5cf50c17-c591-473f-a8c4-88d8665d28d7/omNode-2/webserver
2025-04-23 15:44:36,883 [main] INFO  http.HttpServer2 (HttpServer2.java:bindListener(1241)) - Jetty bound to port 15011
2025-04-23 15:44:36,883 [main] INFO  server.Server (Server.java:doStart(375)) - jetty-9.4.57.v20241219; built: 2025-01-08T21:24:30.412Z; git: df524e6b29271c2e09ba9aea83c18dc9db464a31; jvm 21.0.7+6-LTS
2025-04-23 15:44:36,885 [main] INFO  server.session (DefaultSessionIdManager.java:doStart(334)) - DefaultSessionIdManager workerName=node0
2025-04-23 15:44:36,885 [main] INFO  server.session (DefaultSessionIdManager.java:doStart(339)) - No SessionScavenger set, using defaults
2025-04-23 15:44:36,885 [main] INFO  server.session (HouseKeeper.java:startScavenging(132)) - node0 Scavenging every 600000ms
2025-04-23 15:44:36,886 [main] INFO  handler.ContextHandler (ContextHandler.java:doStart(921)) - Started o.e.j.s.ServletContextHandler@1107df15{logs,/logs,file:///home/runner/work/ozone/ozone/hadoop-ozone/integration-test/target/log,AVAILABLE}
2025-04-23 15:44:36,887 [main] INFO  handler.ContextHandler (ContextHandler.java:doStart(921)) - Started o.e.j.s.ServletContextHandler@8d70fd{static,/static,file:///home/runner/work/ozone/ozone/hadoop-ozone/integration-test/target/test-classes/webapps/static,AVAILABLE}
2025-04-23 15:44:36,893 [main] INFO  handler.ContextHandler (ContextHandler.java:doStart(921)) - Started o.e.j.w.WebAppContext@4e06d88{ozoneManager,/,file:///home/runner/work/ozone/ozone/hadoop-ozone/integration-test/target/test-classes/webapps/ozoneManager/,AVAILABLE}{file:/home/runner/work/ozone/ozone/hadoop-ozone/integration-test/target/test-classes/webapps/ozoneManager}
2025-04-23 15:44:36,893 [main] INFO  server.AbstractConnector (AbstractConnector.java:doStart(333)) - Started ServerConnector@7fabe964{HTTP/1.1, (http/1.1)}{0.0.0.0:15011}
2025-04-23 15:44:36,893 [main] INFO  server.Server (Server.java:doStart(415)) - Started @11875ms
2025-04-23 15:44:36,893 [main] WARN  impl.MetricsSystemImpl (MetricsSystemImpl.java:register(279)) - Sink prometheus already exists!
2025-04-23 15:44:36,894 [main] INFO  http.BaseHttpServer (BaseHttpServer.java:updateConnectorAddress(360)) - HTTP server of ozoneManager listening at http://0.0.0.0:15011
2025-04-23 15:44:36,894 [IPC Server Responder] INFO  ipc.Server (Server.java:run(1713)) - IPC Server Responder: starting
2025-04-23 15:44:36,895 [IPC Server listener on 15010] INFO  ipc.Server (Server.java:run(1553)) - IPC Server listener on 15010: starting
2025-04-23 15:44:36,897 [main] INFO  om.OzoneManager (OzoneManager.java:startTrashEmptier(2257)) - Trash Interval set to 0. Files deleted won't move to trash
2025-04-23 15:44:36,898 [main] INFO  ozone.MiniOzoneHAClusterImpl (MiniOzoneHAClusterImpl.java:createOMService(516)) - Started OzoneManager omNode-2 RPC server at localhost/127.0.0.1:15010
2025-04-23 15:44:36,898 [main] INFO  ha.OMHANodeDetails (OMHANodeDetails.java:loadOMHAConfig(120)) - ServiceID for OzoneManager is om-service-test1
2025-04-23 15:44:36,899 [main] INFO  ha.OMHANodeDetails (OMHANodeDetails.java:loadOMHAConfig(200)) - Found matching OM address with OMServiceId: om-service-test1, OMNodeId: omNode-3, RPC Address: localhost:15014 and Ratis port: 15017
2025-04-23 15:44:36,899 [main] INFO  ha.OMHANodeDetails (ConfUtils.java:setNodeSpecificConfigs(98)) - Setting configuration key ozone.om.http-address with value of key ozone.om.http-address.om-service-test1.omNode-3: 127.0.0.1:15015
2025-04-23 15:44:36,899 [main] INFO  ha.OMHANodeDetails (ConfUtils.java:setNodeSpecificConfigs(98)) - Setting configuration key ozone.om.https-address with value of key ozone.om.https-address.om-service-test1.omNode-3: 127.0.0.1:15016
2025-04-23 15:44:36,899 [main] INFO  ha.OMHANodeDetails (ConfUtils.java:setNodeSpecificConfigs(98)) - Setting configuration key ozone.om.address with value of key ozone.om.address.om-service-test1.omNode-3: 127.0.0.1:15014
2025-04-23 15:44:36,900 [main] WARN  server.ServerUtils (ServerUtils.java:getDBPath(297)) - ozone.om.db.dirs is not configured. We recommend adding this setting. Falling back to ozone.metadata.dirs instead.
2025-04-23 15:44:36,901 [main] INFO  proxy.SCMBlockLocationFailoverProxyProvider (SCMFailoverProxyProviderBase.java:<init>(120)) - Created fail-over proxy for protocol ScmBlockLocationProtocolPB with 1 nodes: [nodeId=scmNodeId,nodeAddress=/0.0.0.0:15001]
OM initialization succeeded.Current cluster id for sd=/home/runner/work/ozone/ozone/hadoop-ozone/integration-test/target/test-dir/MiniOzoneClusterImpl-5cf50c17-c591-473f-a8c4-88d8665d28d7/omNode-3/om;cid=5cf50c17-c591-473f-a8c4-88d8665d28d7;layoutVersion=8
2025-04-23 15:44:36,907 [main] INFO  ha.OMHANodeDetails (OMHANodeDetails.java:loadOMHAConfig(120)) - ServiceID for OzoneManager is om-service-test1
2025-04-23 15:44:36,907 [main] INFO  ha.OMHANodeDetails (OMHANodeDetails.java:loadOMHAConfig(200)) - Found matching OM address with OMServiceId: om-service-test1, OMNodeId: omNode-3, RPC Address: localhost:15014 and Ratis port: 15017
2025-04-23 15:44:36,908 [main] INFO  ha.OMHANodeDetails (ConfUtils.java:setNodeSpecificConfigs(98)) - Setting configuration key ozone.om.http-address with value of key ozone.om.http-address.om-service-test1.omNode-3: 127.0.0.1:15015
2025-04-23 15:44:36,908 [main] INFO  ha.OMHANodeDetails (ConfUtils.java:setNodeSpecificConfigs(98)) - Setting configuration key ozone.om.https-address with value of key ozone.om.https-address.om-service-test1.omNode-3: 127.0.0.1:15016
2025-04-23 15:44:36,908 [main] INFO  ha.OMHANodeDetails (ConfUtils.java:setNodeSpecificConfigs(98)) - Setting configuration key ozone.om.address with value of key ozone.om.address.om-service-test1.omNode-3: 127.0.0.1:15014
2025-04-23 15:44:36,908 [main] WARN  server.ServerUtils (ServerUtils.java:getDBPath(297)) - ozone.om.db.dirs is not configured. We recommend adding this setting. Falling back to ozone.metadata.dirs instead.
2025-04-23 15:44:36,910 [main] INFO  upgrade.AbstractLayoutVersionManager (AbstractLayoutVersionManager.java:init(80)) - Initializing Layout version manager with metadata layout = DELEGATION_TOKEN_SYMMETRIC_SIGN (version = 8), software layout = DELEGATION_TOKEN_SYMMETRIC_SIGN (version = 8)
2025-04-23 15:44:36,965 [main] INFO  reflections.Reflections (Reflections.java:scan(219)) - Reflections took 55 ms to scan 2 urls, producing 203 keys and 603 values
2025-04-23 15:44:36,965 [main] INFO  upgrade.OMLayoutVersionManager (OMLayoutVersionManager.java:lambda$0(110)) - Skipping Upgrade Action QuotaRepairUpgradeAction since it has been finalized.
2025-04-23 15:44:36,966 [main] INFO  upgrade.OMLayoutVersionManager (OMLayoutVersionManager.java:lambda$0(110)) - Skipping Upgrade Action MockOmUpgradeAction since it has been finalized.
2025-04-23 15:44:36,966 [main] WARN  server.ServerUtils (ServerUtils.java:getDBPath(297)) - ozone.om.db.dirs is not configured. We recommend adding this setting. Falling back to ozone.metadata.dirs instead.
2025-04-23 15:44:36,966 [main] INFO  om.OzoneManager (OzoneManager.java:setReplicationFromConfig(4612)) - Set default replication in OM: RATIS/3 -> RATIS/THREE
2025-04-23 15:44:36,967 [main] INFO  proxy.SCMContainerLocationFailoverProxyProvider (SCMFailoverProxyProviderBase.java:<init>(120)) - Created fail-over proxy for protocol StorageContainerLocationProtocolPB with 1 nodes: [nodeId=scmNodeId,nodeAddress=/0.0.0.0:15000]
2025-04-23 15:44:36,967 [main] INFO  proxy.SCMBlockLocationFailoverProxyProvider (SCMFailoverProxyProviderBase.java:<init>(120)) - Created fail-over proxy for protocol ScmBlockLocationProtocolPB with 1 nodes: [nodeId=scmNodeId,nodeAddress=/0.0.0.0:15001]
2025-04-23 15:44:36,969 [main] INFO  proxy.SCMBlockLocationFailoverProxyProvider (SCMFailoverProxyProviderBase.java:<init>(120)) - Created fail-over proxy for protocol ScmBlockLocationProtocolPB with 1 nodes: [nodeId=scmNodeId,nodeAddress=/0.0.0.0:15001]
2025-04-23 15:44:36,975 [main] INFO  om.OzoneManager (OzoneManager.java:<init>(689)) - OM start with adminUsers: [*, runner]
2025-04-23 15:44:36,977 [main] WARN  server.ServerUtils (ServerUtils.java:getDBPath(297)) - ozone.om.db.dirs is not configured. We recommend adding this setting. Falling back to ozone.metadata.dirs instead.
2025-04-23 15:44:37,119 [main] INFO  om.OzoneManager (OzoneManager.java:instantiateServices(933)) - S3 Multi-Tenancy is disabled
2025-04-23 15:44:37,119 [main] INFO  om.OmSnapshotManager (OmSnapshotManager.java:<init>(180)) - Ozone filesystem snapshot feature is enabled.
2025-04-23 15:44:37,120 [main] WARN  server.ServerUtils (ServerUtils.java:getDBPath(297)) - ozone.om.snapshot.diff.db.dir is not configured. We recommend adding this setting. Falling back to ozone.metadata.dirs instead.
2025-04-23 15:44:37,138 [main] INFO  om.OzoneManager (OzoneManager.java:addS3GVolumeToDB(4670)) - Created Volume s3v With Owner runner required for S3Gateway operations.
2025-04-23 15:44:37,138 [main] WARN  server.ServerUtils (ServerUtils.java:getDefaultRatisDirectory(309)) - Storage directory for Ratis is not configured. It is a good idea to map this to an SSD disk. Falling back to ozone.metadata.dirs
2025-04-23 15:44:37,139 [main] WARN  utils.OzoneManagerRatisUtils (OzoneManagerRatisUtils.java:getOMRatisSnapshotDirectory(488)) - ozone.om.ratis.snapshot.dir is not configured. Falling back to ozone.metadata.dirs config
2025-04-23 15:44:37,139 [main] INFO  utils.RDBSnapshotProvider (RDBSnapshotProvider.java:init(85)) - Cleaning up the candidate dir: /home/runner/work/ozone/ozone/hadoop-ozone/integration-test/target/test-dir/MiniOzoneClusterImpl-5cf50c17-c591-473f-a8c4-88d8665d28d7/omNode-3/snapshot/om.db.candidate
2025-04-23 15:44:37,139 [main] INFO  ratis_snapshot.OmRatisSnapshotProvider (OmRatisSnapshotProvider.java:<init>(98)) - Initializing OM Snapshot Provider
2025-04-23 15:44:37,140 [main] WARN  dropwizard3.Dm3MetricRegistriesImpl (Dm3MetricRegistriesImpl.java:addReporterRegistration(114)) - New reporters are added after registries were created. Some metrics will be missing from the reporter. Please add reporter before adding any new registry.
2025-04-23 15:44:37,140 [main] WARN  dropwizard3.Dm3MetricRegistriesImpl (Dm3MetricRegistriesImpl.java:addReporterRegistration(114)) - New reporters are added after registries were created. Some metrics will be missing from the reporter. Please add reporter before adding any new registry.
2025-04-23 15:44:37,141 [main] WARN  server.ServerUtils (ServerUtils.java:getDefaultRatisDirectory(309)) - Storage directory for Ratis is not configured. It is a good idea to map this to an SSD disk. Falling back to ozone.metadata.dirs
2025-04-23 15:44:37,141 [main] INFO  server.RaftServerConfigKeys (ConfUtils.java:logGet(46)) - raft.server.log.appender.buffer.byte-limit = 4194304 (custom)
2025-04-23 15:44:37,142 [main] INFO  ratis.OzoneManagerRatisServer (OzoneManagerRatisServer.java:<init>(167)) - Instantiating OM Ratis server with groupID: om-service-test1 and peers: localhost:15017, localhost:15009, localhost:15013
2025-04-23 15:44:37,143 [main] INFO  ratis.OzoneManagerStateMachine (OzoneManagerStateMachine.java:loadSnapshotInfoFromDB(613)) - TransactionInfo not found in OM DB.
2025-04-23 15:44:37,144 [main] INFO  server.RaftServer (ConfUtils.java:logGet(46)) - raft.rpc.type = GRPC (default)
2025-04-23 15:44:37,144 [main] INFO  grpc.GrpcConfigKeys (ConfUtils.java:logFallback(53)) - raft.grpc.admin.host = null (fallback to raft.grpc.server.host)
2025-04-23 15:44:37,144 [main] INFO  grpc.GrpcConfigKeys (ConfUtils.java:logFallback(53)) - raft.grpc.admin.port = 15017 (fallback to raft.grpc.server.port)
2025-04-23 15:44:37,144 [main] INFO  grpc.GrpcConfigKeys (ConfUtils.java:logFallback(53)) - raft.grpc.client.host = null (fallback to raft.grpc.server.host)
2025-04-23 15:44:37,144 [main] INFO  grpc.GrpcConfigKeys (ConfUtils.java:logFallback(53)) - raft.grpc.client.port = 15017 (fallback to raft.grpc.server.port)
2025-04-23 15:44:37,144 [main] INFO  grpc.GrpcConfigKeys (ConfUtils.java:logGet(46)) - raft.grpc.server.host = null (default)
2025-04-23 15:44:37,144 [main] INFO  grpc.GrpcConfigKeys (ConfUtils.java:logGet(46)) - raft.grpc.server.port = 15017 (custom)
2025-04-23 15:44:37,144 [main] INFO  server.GrpcService (ConfUtils.java:logGet(46)) - raft.grpc.message.size.max = 5242880 (custom)
2025-04-23 15:44:37,145 [main] INFO  server.GrpcService (ConfUtils.java:logGet(46)) - raft.grpc.flow.control.window = 1MB (=1048576) (default)
2025-04-23 15:44:37,145 [main] INFO  server.RaftServerConfigKeys (ConfUtils.java:logGet(46)) - raft.server.rpc.request.timeout = 3000ms (default)
2025-04-23 15:44:37,145 [main] INFO  grpc.GrpcConfigKeys (ConfUtils.java:logGet(46)) - raft.grpc.server.heartbeat.channel = true (default)
2025-04-23 15:44:37,145 [main] INFO  server.RaftServerConfigKeys (ConfUtils.java:logGet(46)) - raft.server.log.appender.buffer.byte-limit = 4194304 (custom)
2025-04-23 15:44:37,145 [main] INFO  grpc.GrpcConfigKeys (ConfUtils.java:logGet(46)) - raft.grpc.server.async.request.thread.pool.cached = true (default)
2025-04-23 15:44:37,145 [main] INFO  grpc.GrpcConfigKeys (ConfUtils.java:logGet(46)) - raft.grpc.server.async.request.thread.pool.size = 32 (default)
2025-04-23 15:44:37,146 [main] INFO  impl.DataStreamServerImpl (ConfUtils.java:logGet(46)) - raft.datastream.type = DISABLED (default)
2025-04-23 15:44:37,146 [main] INFO  server.RaftServerConfigKeys (ConfUtils.java:logGet(46)) - raft.server.sleep.deviation.threshold = 300ms (default)
2025-04-23 15:44:37,146 [main] INFO  server.RaftServerConfigKeys (ConfUtils.java:logGet(46)) - raft.server.close.threshold = 60s (default)
2025-04-23 15:44:37,146 [main] INFO  server.RaftServerConfigKeys (ConfUtils.java:logGet(46)) - raft.server.leaderelection.leader.step-down.wait-time = 10s (default)
2025-04-23 15:44:37,147 [main] INFO  server.RaftServerConfigKeys (ConfUtils.java:logGet(46)) - raft.server.storage.dir = [/home/runner/work/ozone/ozone/hadoop-ozone/integration-test/target/test-dir/MiniOzoneClusterImpl-5cf50c17-c591-473f-a8c4-88d8665d28d7/omNode-3/ratis] (custom)
2025-04-23 15:44:37,147 [main] INFO  server.RaftServerConfigKeys (ConfUtils.java:logGet(46)) - raft.server.threadpool.proxy.cached = true (default)
2025-04-23 15:44:37,147 [main] INFO  server.RaftServerConfigKeys (ConfUtils.java:logGet(46)) - raft.server.threadpool.proxy.size = 0 (default)
2025-04-23 15:44:37,147 [main] INFO  server.RaftServer (RaftServerProxy.java:addNew(100)) - omNode-3: addNew group-523986131536:[omNode-3|localhost:15017, omNode-1|localhost:15009, omNode-2|localhost:15013] returns group-523986131536:java.util.concurrent.CompletableFuture@25d6b936[Not completed]
2025-04-23 15:44:37,148 [main] INFO  om.OzoneManager (OzoneManager.java:initializeRatisServer(2303)) - OzoneManager Ratis server initialized at port 15017
2025-04-23 15:44:37,148 [omNode-3-groupManagement] INFO  server.RaftServer$Division (RaftServerImpl.java:<init>(255)) - omNode-3: new RaftServerImpl for group-523986131536:[omNode-3|localhost:15017, omNode-1|localhost:15009, omNode-2|localhost:15013] with OzoneManagerStateMachine:uninitialized
2025-04-23 15:44:37,148 [main] INFO  om.OzoneManager (OzoneManager.java:getRpcServer(1360)) - Creating RPC Server
2025-04-23 15:44:37,148 [omNode-3-groupManagement] INFO  server.RaftServerConfigKeys (ConfUtils.java:logGet(46)) - raft.server.rpc.timeout.min = 1s (custom)
2025-04-23 15:44:37,148 [omNode-3-groupManagement] INFO  server.RaftServerConfigKeys (ConfUtils.java:logGet(46)) - raft.server.rpc.timeout.max = 1200ms (custom)
2025-04-23 15:44:37,148 [omNode-3-groupManagement] INFO  server.RaftServerConfigKeys (ConfUtils.java:logGet(46)) - raft.server.rpc.sleep.time = 25ms (default)
2025-04-23 15:44:37,148 [omNode-3-groupManagement] INFO  server.RaftServerConfigKeys (ConfUtils.java:logGet(46)) - raft.server.rpc.slowness.timeout = 2s (custom)
2025-04-23 15:44:37,148 [omNode-3-groupManagement] INFO  server.RaftServerConfigKeys (ConfUtils.java:logGet(46)) - raft.server.leaderelection.leader.step-down.wait-time = 10s (default)
2025-04-23 15:44:37,148 [omNode-3-groupManagement] INFO  server.RaftServerConfigKeys (ConfUtils.java:logGet(46)) - raft.server.leaderelection.member.majority-add = false (default)
2025-04-23 15:44:37,148 [omNode-3-groupManagement] INFO  server.RaftServerConfigKeys (ConfUtils.java:logGet(46)) - raft.server.sleep.deviation.threshold = 300ms (default)
2025-04-23 15:44:37,149 [omNode-3-groupManagement] INFO  server.RaftServer$Division (ServerState.java:<init>(114)) - omNode-3@group-523986131536: ConfigurationManager, init=conf: {index: -1, cur=peers:[omNode-3|localhost:15017, omNode-1|localhost:15009, omNode-2|localhost:15013]|listeners:[], old=null}, confs=<EMPTY_MAP>
2025-04-23 15:44:37,149 [omNode-3-groupManagement] INFO  server.RaftServerConfigKeys (ConfUtils.java:logGet(46)) - raft.server.notification.no-leader.timeout = 2s (custom)
2025-04-23 15:44:37,149 [omNode-3-groupManagement] INFO  server.RaftServerConfigKeys (ConfUtils.java:logGet(46)) - raft.server.read.timeout = 10s (default)
2025-04-23 15:44:37,149 [omNode-3-groupManagement] INFO  server.RaftServerConfigKeys (ConfUtils.java:logGet(46)) - raft.server.retrycache.expirytime = 30000ms (custom)
2025-04-23 15:44:37,149 [omNode-3-groupManagement] INFO  server.RaftServerConfigKeys (ConfUtils.java:logGet(46)) - raft.server.retrycache.statistics.expirytime = 100ms (default)
2025-04-23 15:44:37,149 [omNode-3-groupManagement] INFO  server.RaftServerConfigKeys (ConfUtils.java:logGet(46)) - raft.server.read.option = DEFAULT (default)
2025-04-23 15:44:37,149 [omNode-3-groupManagement] INFO  server.RaftServerConfigKeys (ConfUtils.java:logGet(46)) - raft.server.read.read-after-write-consistent.write-index-cache.expiry-time = 60s (default)
2025-04-23 15:44:37,154 [omNode-3-groupManagement] INFO  server.RaftServerConfigKeys (ConfUtils.java:logGet(46)) - raft.server.rpc.request.timeout = 3000ms (default)
2025-04-23 15:44:37,154 [omNode-3-groupManagement] INFO  server.RaftServerConfigKeys (ConfUtils.java:logGet(46)) - raft.server.log.appender.install.snapshot.enabled = false (custom)
2025-04-23 15:44:37,154 [omNode-3-groupManagement] INFO  server.RaftServerConfigKeys (ConfUtils.java:logGet(46)) - raft.server.threadpool.server.cached = true (default)
2025-04-23 15:44:37,155 [omNode-3-groupManagement] INFO  server.RaftServerConfigKeys (ConfUtils.java:logGet(46)) - raft.server.threadpool.server.size = 0 (default)
2025-04-23 15:44:37,155 [omNode-3-groupManagement] INFO  server.RaftServerConfigKeys (ConfUtils.java:logGet(46)) - raft.server.threadpool.client.cached = true (default)
2025-04-23 15:44:37,155 [omNode-3-groupManagement] INFO  server.RaftServerConfigKeys (ConfUtils.java:logGet(46)) - raft.server.threadpool.client.size = 0 (default)
2025-04-23 15:44:37,228 [omNode-1@group-523986131536-FollowerState] INFO  impl.FollowerState (FollowerState.java:runImpl(161)) - omNode-1@group-523986131536-FollowerState: change to CANDIDATE, lastRpcElapsedTime:1202212357ns, electionTimeout:1198ms
2025-04-23 15:44:37,228 [omNode-1@group-523986131536-FollowerState] INFO  impl.RoleInfo (RoleInfo.java:shutdownFollowerState(121)) - omNode-1: shutdown omNode-1@group-523986131536-FollowerState
2025-04-23 15:44:37,229 [omNode-1@group-523986131536-FollowerState] INFO  server.RaftServer$Division (RaftServerImpl.java:setRole(378)) - omNode-1@group-523986131536: changes role from  FOLLOWER to CANDIDATE at term 0 for changeToCandidate
2025-04-23 15:44:37,234 [omNode-1@group-523986131536-FollowerState] INFO  server.RaftServerConfigKeys (ConfUtils.java:logGet(46)) - raft.server.leaderelection.pre-vote = true (default)
2025-04-23 15:44:37,234 [omNode-1@group-523986131536-FollowerState] INFO  impl.RoleInfo (RoleInfo.java:updateAndGet(148)) - omNode-1: start omNode-1@group-523986131536-LeaderElection3
2025-04-23 15:44:37,237 [omNode-1@group-523986131536-LeaderElection3] INFO  impl.LeaderElection (LeaderElection.java:askForVotes(332)) - omNode-1@group-523986131536-LeaderElection3 PRE_VOTE round 0: submit vote requests at term 0 for conf: {index: -1, cur=peers:[omNode-3|localhost:15017, omNode-1|localhost:15009, omNode-2|localhost:15013]|listeners:[], old=null}
2025-04-23 15:44:37,263 [omNode-1@group-523986131536-LeaderElection3-1] INFO  server.GrpcServerProtocolClient (GrpcServerProtocolClient.java:<init>(65)) - Build channel for omNode-3|localhost:15017
2025-04-23 15:44:37,271 [omNode-1@group-523986131536-LeaderElection3] INFO  server.RaftServerConfigKeys (ConfUtils.java:logFallback(53)) - raft.server.rpc.first-election.timeout.min = 1s (fallback to raft.server.rpc.timeout.min)
2025-04-23 15:44:37,271 [omNode-1@group-523986131536-LeaderElection3-2] INFO  server.GrpcServerProtocolClient (GrpcServerProtocolClient.java:<init>(65)) - Build channel for omNode-2|localhost:15013
2025-04-23 15:44:37,271 [omNode-1@group-523986131536-LeaderElection3] INFO  server.RaftServerConfigKeys (ConfUtils.java:logFallback(53)) - raft.server.rpc.first-election.timeout.max = 1200ms (fallback to raft.server.rpc.timeout.max)
2025-04-23 15:44:37,503 [omNode-1@group-523986131536-LeaderElection3] INFO  impl.LeaderElection (LogUtils.java:infoOrTrace(136)) - omNode-1@group-523986131536-LeaderElection3 got exception when requesting votes: java.util.concurrent.ExecutionException: org.apache.ratis.thirdparty.io.grpc.StatusRuntimeException: UNAVAILABLE: io exception
2025-04-23 15:44:37,549 [grpc-default-executor-1] INFO  server.RaftServer$Division (RaftServerImpl.java:requestVote(1407)) - omNode-2@group-523986131536: receive requestVote(PRE_VOTE, omNode-1, group-523986131536, 0, (t:0, i:~))
2025-04-23 15:44:37,551 [grpc-default-executor-1] INFO  impl.VoteContext (VoteContext.java:log(49)) - omNode-2@group-523986131536-FOLLOWER: accept PRE_VOTE from omNode-1: our priority 0 <= candidate's priority 0
2025-04-23 15:44:37,556 [grpc-default-executor-1] INFO  server.RaftServer$Division (RaftServerImpl.java:requestVote(1441)) - omNode-2@group-523986131536 replies to PRE_VOTE vote request: omNode-1<-omNode-2#0:OK-t0. Peer's state: omNode-2@group-523986131536:t0, leader=null, voted=, raftlog=Memoized:omNode-2@group-523986131536-SegmentedRaftLog:OPENED:c-1:lastnull, conf=conf: {index: -1, cur=peers:[omNode-3|localhost:15017, omNode-1|localhost:15009, omNode-2|localhost:15013]|listeners:[], old=null}
2025-04-23 15:44:37,562 [omNode-1@group-523986131536-LeaderElection3] INFO  impl.LeaderElection (LeaderElection.java:logAndReturn(90)) - omNode-1@group-523986131536-LeaderElection3: PRE_VOTE PASSED received 1 response(s) and 1 exception(s):
2025-04-23 15:44:37,562 [omNode-1@group-523986131536-LeaderElection3] INFO  impl.LeaderElection (LeaderElection.java:logAndReturn(94)) -   Response 0: omNode-1<-omNode-2#0:OK-t0
2025-04-23 15:44:37,563 [omNode-1@group-523986131536-LeaderElection3] INFO  impl.LeaderElection (LogUtils.java:infoOrTrace(136)) -   Exception 1: java.util.concurrent.ExecutionException: org.apache.ratis.thirdparty.io.grpc.StatusRuntimeException: UNAVAILABLE: io exception
2025-04-23 15:44:37,563 [omNode-1@group-523986131536-LeaderElection3] INFO  impl.LeaderElection (LeaderElection.java:askForVotes(334)) - omNode-1@group-523986131536-LeaderElection3 PRE_VOTE round 0: result PASSED
2025-04-23 15:44:37,569 [omNode-1@group-523986131536-LeaderElection3] INFO  impl.LeaderElection (LeaderElection.java:askForVotes(332)) - omNode-1@group-523986131536-LeaderElection3 ELECTION round 0: submit vote requests at term 1 for conf: {index: -1, cur=peers:[omNode-3|localhost:15017, omNode-1|localhost:15009, omNode-2|localhost:15013]|listeners:[], old=null}
2025-04-23 15:44:37,571 [omNode-1@group-523986131536-LeaderElection3] INFO  server.RaftServerConfigKeys (ConfUtils.java:logFallback(53)) - raft.server.rpc.first-election.timeout.min = 1s (fallback to raft.server.rpc.timeout.min)
2025-04-23 15:44:37,571 [omNode-1@group-523986131536-LeaderElection3] INFO  server.RaftServerConfigKeys (ConfUtils.java:logFallback(53)) - raft.server.rpc.first-election.timeout.max = 1200ms (fallback to raft.server.rpc.timeout.max)
2025-04-23 15:44:37,571 [omNode-1@group-523986131536-LeaderElection3] INFO  impl.LeaderElection (LogUtils.java:infoOrTrace(136)) - omNode-1@group-523986131536-LeaderElection3 got exception when requesting votes: java.util.concurrent.ExecutionException: org.apache.ratis.thirdparty.io.grpc.StatusRuntimeException: UNAVAILABLE: io exception
2025-04-23 15:44:37,575 [grpc-default-executor-1] INFO  server.RaftServer$Division (RaftServerImpl.java:requestVote(1407)) - omNode-2@group-523986131536: receive requestVote(ELECTION, omNode-1, group-523986131536, 1, (t:0, i:~))
2025-04-23 15:44:37,576 [grpc-default-executor-1] INFO  impl.VoteContext (VoteContext.java:log(49)) - omNode-2@group-523986131536-FOLLOWER: accept ELECTION from omNode-1: our priority 0 <= candidate's priority 0
2025-04-23 15:44:37,576 [grpc-default-executor-1] INFO  server.RaftServer$Division (RaftServerImpl.java:setRole(378)) - omNode-2@group-523986131536: changes role from  FOLLOWER to FOLLOWER at term 0 for candidate:omNode-1
2025-04-23 15:44:37,576 [grpc-default-executor-1] INFO  impl.RoleInfo (RoleInfo.java:shutdownFollowerState(121)) - omNode-2: shutdown omNode-2@group-523986131536-FollowerState
2025-04-23 15:44:37,576 [grpc-default-executor-1] INFO  impl.RoleInfo (RoleInfo.java:updateAndGet(148)) - omNode-2: start omNode-2@group-523986131536-FollowerState
2025-04-23 15:44:37,577 [grpc-default-executor-1] INFO  server.RaftServer$Division (RaftServerImpl.java:setFirstElection(562)) - omNode-2@group-523986131536: set firstElectionSinceStartup to false for candidate:omNode-1
2025-04-23 15:44:37,576 [omNode-2@group-523986131536-FollowerState] INFO  impl.FollowerState (FollowerState.java:runImpl(170)) - omNode-2@group-523986131536-FollowerState was interrupted
2025-04-23 15:44:37,578 [grpc-default-executor-1] INFO  server.RaftServer$Division (RaftServerImpl.java:requestVote(1441)) - omNode-2@group-523986131536 replies to ELECTION vote request: omNode-1<-omNode-2#0:OK-t1. Peer's state: omNode-2@group-523986131536:t1, leader=null, voted=omNode-1, raftlog=Memoized:omNode-2@group-523986131536-SegmentedRaftLog:OPENED:c-1:lastnull, conf=conf: {index: -1, cur=peers:[omNode-3|localhost:15017, omNode-1|localhost:15009, omNode-2|localhost:15013]|listeners:[], old=null}
2025-04-23 15:44:37,583 [omNode-1@group-523986131536-LeaderElection3] INFO  impl.LeaderElection (LeaderElection.java:logAndReturn(90)) - omNode-1@group-523986131536-LeaderElection3: ELECTION PASSED received 1 response(s) and 1 exception(s):
2025-04-23 15:44:37,583 [omNode-1@group-523986131536-LeaderElection3] INFO  impl.LeaderElection (LeaderElection.java:logAndReturn(94)) -   Response 0: omNode-1<-omNode-2#0:OK-t1
2025-04-23 15:44:37,583 [omNode-1@group-523986131536-LeaderElection3] INFO  impl.LeaderElection (LogUtils.java:infoOrTrace(136)) -   Exception 1: java.util.concurrent.ExecutionException: org.apache.ratis.thirdparty.io.grpc.StatusRuntimeException: UNAVAILABLE: io exception
2025-04-23 15:44:37,584 [omNode-1@group-523986131536-LeaderElection3] INFO  impl.LeaderElection (LeaderElection.java:askForVotes(334)) - omNode-1@group-523986131536-LeaderElection3 ELECTION round 0: result PASSED
2025-04-23 15:44:37,584 [omNode-1@group-523986131536-LeaderElection3] INFO  impl.RoleInfo (RoleInfo.java:shutdownLeaderElection(141)) - omNode-1: shutdown omNode-1@group-523986131536-LeaderElection3
2025-04-23 15:44:37,584 [omNode-1@group-523986131536-LeaderElection3] INFO  server.RaftServer$Division (RaftServerImpl.java:setRole(378)) - omNode-1@group-523986131536: changes role from CANDIDATE to LEADER at term 1 for changeToLeader
2025-04-23 15:44:37,584 [omNode-1@group-523986131536-LeaderElection3] INFO  server.RaftServerConfigKeys (ConfUtils.java:logGet(46)) - raft.server.staging.catchup.gap = 1000 (default)
2025-04-23 15:44:37,584 [omNode-1@group-523986131536-LeaderElection3] INFO  server.RaftServerConfigKeys (ConfUtils.java:logGet(46)) - raft.server.write.element-limit = 4096 (default)
2025-04-23 15:44:37,585 [omNode-1@group-523986131536-LeaderElection3] INFO  server.RaftServerConfigKeys (ConfUtils.java:logGet(46)) - raft.server.write.byte-limit = 64MB (=67108864) (default)
2025-04-23 15:44:37,585 [omNode-1@group-523986131536-LeaderElection3] INFO  server.RaftServerConfigKeys (ConfUtils.java:logGet(46)) - raft.server.watch.timeout = 10s (default)
2025-04-23 15:44:37,585 [omNode-1@group-523986131536-LeaderElection3] INFO  server.RaftServerConfigKeys (ConfUtils.java:logGet(46)) - raft.server.watch.timeout.denomination = 1s (default)
2025-04-23 15:44:37,585 [omNode-1@group-523986131536-LeaderElection3] INFO  server.RaftServerConfigKeys (ConfUtils.java:logGet(46)) - raft.server.watch.element-limit = 65536 (default)
2025-04-23 15:44:37,585 [omNode-1@group-523986131536-LeaderElection3] INFO  server.RaftServerConfigKeys (ConfUtils.java:logGet(46)) - raft.server.read.leader.lease.enabled = false (default)
2025-04-23 15:44:37,586 [omNode-1@group-523986131536-LeaderElection3] INFO  server.RaftServerConfigKeys (ConfUtils.java:logGet(46)) - raft.server.read.leader.lease.timeout.ratio = 0.9 (default)
2025-04-23 15:44:37,586 [omNode-1@group-523986131536-LeaderElection3] INFO  server.RaftServerConfigKeys (ConfUtils.java:logGet(46)) - raft.server.rpc.timeout.min = 1s (custom)
2025-04-23 15:44:37,586 [omNode-1@group-523986131536-LeaderElection3] INFO  server.RaftServerConfigKeys (ConfUtils.java:logGet(46)) - raft.server.log.log-metadata.enabled = true (default)
2025-04-23 15:44:37,586 [omNode-1@group-523986131536-LeaderElection3] INFO  server.RaftServerConfigKeys (ConfUtils.java:logGet(46)) - raft.server.write.element-limit = 4096 (default)
2025-04-23 15:44:37,586 [omNode-1@group-523986131536-LeaderElection3] INFO  server.RaftServerConfigKeys (ConfUtils.java:logGet(46)) - raft.server.write.follower.gap.ratio.max = -1.0 (default)
2025-04-23 15:44:37,595 [omNode-1@group-523986131536-LeaderElection3] INFO  server.RaftServerConfigKeys (ConfUtils.java:logGet(46)) - raft.server.log.appender.snapshot.chunk.size.max = 16MB (=16777216) (default)
2025-04-23 15:44:37,595 [omNode-1@group-523986131536-LeaderElection3] INFO  server.RaftServerConfigKeys (ConfUtils.java:logGet(46)) - raft.server.log.appender.buffer.byte-limit = 4194304 (custom)
2025-04-23 15:44:37,596 [omNode-1@group-523986131536-LeaderElection3] INFO  server.RaftServerConfigKeys (ConfUtils.java:logGet(46)) - raft.server.log.appender.buffer.element-limit = 1024 (custom)
2025-04-23 15:44:37,601 [omNode-1@group-523986131536-LeaderElection3] INFO  server.RaftServerConfigKeys (ConfUtils.java:logGet(46)) - raft.server.log.appender.wait-time.min = 0ms (custom)
2025-04-23 15:44:37,602 [omNode-1@group-523986131536-LeaderElection3] INFO  grpc.GrpcConfigKeys (ConfUtils.java:logGet(46)) - raft.grpc.server.leader.outstanding.appends.max = 8 (default)
2025-04-23 15:44:37,602 [omNode-1@group-523986131536-LeaderElection3] INFO  server.RaftServerConfigKeys (ConfUtils.java:logGet(46)) - raft.server.rpc.request.timeout = 3000ms (default)
2025-04-23 15:44:37,602 [omNode-1@group-523986131536-LeaderElection3] INFO  grpc.GrpcConfigKeys (ConfUtils.java:logGet(46)) - raft.grpc.server.install_snapshot.request.element-limit = 8 (default)
2025-04-23 15:44:37,602 [omNode-1@group-523986131536-LeaderElection3] INFO  grpc.GrpcConfigKeys (ConfUtils.java:logGet(46)) - raft.grpc.server.install_snapshot.request.timeout = 3000ms (default)
2025-04-23 15:44:37,602 [omNode-1@group-523986131536-LeaderElection3] INFO  grpc.GrpcConfigKeys (ConfUtils.java:logGet(46)) - raft.grpc.server.log-message.batch.duration = 5s (default)
2025-04-23 15:44:37,602 [omNode-1@group-523986131536-LeaderElection3] INFO  server.RaftServerConfigKeys (ConfUtils.java:logGet(46)) - raft.server.log.appender.install.snapshot.enabled = false (custom)
2025-04-23 15:44:37,604 [omNode-1@group-523986131536-LeaderElection3] INFO  grpc.GrpcConfigKeys (ConfUtils.java:logGet(46)) - raft.grpc.server.heartbeat.channel = true (default)
2025-04-23 15:44:37,608 [omNode-1@group-523986131536-LeaderElection3] INFO  server.RaftServerConfigKeys (ConfUtils.java:logGet(46)) - raft.server.log.appender.snapshot.chunk.size.max = 16MB (=16777216) (default)
2025-04-23 15:44:37,609 [omNode-1@group-523986131536-LeaderElection3] INFO  server.RaftServerConfigKeys (ConfUtils.java:logGet(46)) - raft.server.log.appender.buffer.byte-limit = 4194304 (custom)
2025-04-23 15:44:37,610 [omNode-1@group-523986131536-LeaderElection3] INFO  server.RaftServerConfigKeys (ConfUtils.java:logGet(46)) - raft.server.log.appender.buffer.element-limit = 1024 (custom)
2025-04-23 15:44:37,610 [omNode-1@group-523986131536-LeaderElection3] INFO  server.RaftServerConfigKeys (ConfUtils.java:logGet(46)) - raft.server.log.appender.wait-time.min = 0ms (custom)
2025-04-23 15:44:37,610 [omNode-1@group-523986131536-LeaderElection3] INFO  grpc.GrpcConfigKeys (ConfUtils.java:logGet(46)) - raft.grpc.server.leader.outstanding.appends.max = 8 (default)
2025-04-23 15:44:37,611 [omNode-1@group-523986131536-LeaderElection3] INFO  server.RaftServerConfigKeys (ConfUtils.java:logGet(46)) - raft.server.rpc.request.timeout = 3000ms (default)
2025-04-23 15:44:37,611 [omNode-1@group-523986131536-LeaderElection3] INFO  grpc.GrpcConfigKeys (ConfUtils.java:logGet(46)) - raft.grpc.server.install_snapshot.request.element-limit = 8 (default)
2025-04-23 15:44:37,611 [omNode-1@group-523986131536-LeaderElection3] INFO  grpc.GrpcConfigKeys (ConfUtils.java:logGet(46)) - raft.grpc.server.install_snapshot.request.timeout = 3000ms (default)
2025-04-23 15:44:37,611 [omNode-1@group-523986131536-LeaderElection3] INFO  grpc.GrpcConfigKeys (ConfUtils.java:logGet(46)) - raft.grpc.server.log-message.batch.duration = 5s (default)
2025-04-23 15:44:37,611 [omNode-1@group-523986131536-LeaderElection3] INFO  server.RaftServerConfigKeys (ConfUtils.java:logGet(46)) - raft.server.log.appender.install.snapshot.enabled = false (custom)
2025-04-23 15:44:37,611 [omNode-1@group-523986131536-LeaderElection3] INFO  grpc.GrpcConfigKeys (ConfUtils.java:logGet(46)) - raft.grpc.server.heartbeat.channel = true (default)
2025-04-23 15:44:37,613 [omNode-1@group-523986131536-LeaderElection3] INFO  impl.RoleInfo (RoleInfo.java:updateAndGet(148)) - omNode-1: start omNode-1@group-523986131536-LeaderStateImpl
2025-04-23 15:44:37,613 [omNode-1@group-523986131536-LeaderElection3] INFO  server.RaftServer$Division (RaftServerImpl.java:setFirstElection(562)) - omNode-1@group-523986131536: set firstElectionSinceStartup to false for becomeLeader
2025-04-23 15:44:37,615 [omNode-1@group-523986131536-LeaderElection3] INFO  ratis.OzoneManagerStateMachine (OzoneManagerStateMachine.java:notifyLeaderChanged(169)) - omNode-1@group-523986131536: leader changed to omNode-1
2025-04-23 15:44:37,616 [omNode-1@group-523986131536-LeaderElection3] INFO  server.RaftServer$Division (ServerState.java:setLeader(272)) - omNode-1@group-523986131536: change Leader from null to omNode-1 at term 1 for becomeLeader, leader elected after 2541ms
2025-04-23 15:44:37,616 [omNode-1@group-523986131536-LeaderElection3] INFO  segmented.SegmentedRaftLogWorker (SegmentedRaftLogWorker.java:startLogSegment(438)) - omNode-1@group-523986131536-SegmentedRaftLogWorker: Starting segment from index:0
2025-04-23 15:44:37,617 [omNode-1@group-523986131536-LeaderElection3] INFO  server.RaftServer$Division (ServerState.java:setRaftConf(386)) - omNode-1@group-523986131536: set configuration conf: {index: 0, cur=peers:[omNode-3|localhost:15017, omNode-1|localhost:15009, omNode-2|localhost:15013]|listeners:[], old=null}
2025-04-23 15:44:37,617 [omNode-1@group-523986131536-SegmentedRaftLogWorker] INFO  segmented.BufferedWriteChannel (BufferedWriteChannel.java:open(61)) - open log_inprogress_0 at position 0
2025-04-23 15:44:37,628 [omNode-1@group-523986131536-SegmentedRaftLogWorker] INFO  segmented.SegmentedRaftLogWorker (SegmentedRaftLogWorker.java:execute(644)) - omNode-1@group-523986131536-SegmentedRaftLogWorker: created new log segment /home/runner/work/ozone/ozone/hadoop-ozone/integration-test/target/test-dir/MiniOzoneClusterImpl-5cf50c17-c591-473f-a8c4-88d8665d28d7/omNode-1/ratis/c9bc4cf4-3bc3-3c60-a66b-523986131536/current/log_inprogress_0
2025-04-23 15:44:37,634 [grpc-default-executor-1] WARN  server.GrpcLogAppender (LogUtils.java:warn(121)) - omNode-1@group-523986131536->omNode-3-AppendLogResponseHandler: Failed appendEntries: org.apache.ratis.thirdparty.io.grpc.StatusRuntimeException: UNAVAILABLE: io exception
2025-04-23 15:44:37,652 [omNode-2-server-thread1] INFO  ratis.OzoneManagerStateMachine (OzoneManagerStateMachine.java:notifyLeaderChanged(169)) - omNode-2@group-523986131536: leader changed to omNode-1
2025-04-23 15:44:37,652 [omNode-2-server-thread1] INFO  server.RaftServer$Division (ServerState.java:setLeader(272)) - omNode-2@group-523986131536: change Leader from null to omNode-1 at term 1 for appendEntries, leader elected after 1277ms
2025-04-23 15:44:37,658 [grpc-default-executor-1] WARN  server.GrpcLogAppender (GrpcLogAppender.java:lambda$resetClient$1(221)) - omNode-1@group-523986131536->omNode-3-GrpcLogAppender: Follower failed (request=null, errorCount=1); keep nextIndex (0) unchanged and retry.
2025-04-23 15:44:37,665 [grpc-default-executor-6] WARN  server.GrpcLogAppender (GrpcLogAppender.java:lambda$resetClient$1(221)) - omNode-1@group-523986131536->omNode-3-GrpcLogAppender: Follower failed (request=null, errorCount=3); keep nextIndex (1) unchanged and retry.
2025-04-23 15:44:37,675 [omNode-2-server-thread1] INFO  server.RaftServer$Division (ServerState.java:setRaftConf(386)) - omNode-2@group-523986131536: set configuration conf: {index: 0, cur=peers:[omNode-3|localhost:15017, omNode-1|localhost:15009, omNode-2|localhost:15013]|listeners:[], old=null}
2025-04-23 15:44:37,676 [omNode-2-server-thread1] INFO  segmented.SegmentedRaftLogWorker (SegmentedRaftLogWorker.java:startLogSegment(438)) - omNode-2@group-523986131536-SegmentedRaftLogWorker: Starting segment from index:0
2025-04-23 15:44:37,677 [omNode-2@group-523986131536-SegmentedRaftLogWorker] INFO  segmented.BufferedWriteChannel (BufferedWriteChannel.java:open(61)) - open log_inprogress_0 at position 0
2025-04-23 15:44:37,694 [omNode-2@group-523986131536-SegmentedRaftLogWorker] INFO  segmented.SegmentedRaftLogWorker (SegmentedRaftLogWorker.java:execute(644)) - omNode-2@group-523986131536-SegmentedRaftLogWorker: created new log segment /home/runner/work/ozone/ozone/hadoop-ozone/integration-test/target/test-dir/MiniOzoneClusterImpl-5cf50c17-c591-473f-a8c4-88d8665d28d7/omNode-2/ratis/c9bc4cf4-3bc3-3c60-a66b-523986131536/current/log_inprogress_0
2025-04-23 15:44:37,705 [omNode-1@group-523986131536-StateMachineUpdater] INFO  ratis.OzoneManagerStateMachine (OzoneManagerStateMachine.java:notifyConfigurationChanged(231)) - notifyConfigurationChanged from Ratis: term=1, index=0, New Peer list: omNode-3(localhost:15017), omNode-1(localhost:15009), omNode-2(localhost:15013)
2025-04-23 15:44:37,705 [omNode-1@group-523986131536-StateMachineUpdater] INFO  server.RaftServer$Division (LeaderStateImpl.java:checkStartIndex(313)) - Leader omNode-1@group-523986131536-LeaderStateImpl is ready since appliedIndex == startIndex == 0
2025-04-23 15:44:37,716 [main] INFO  reflections.Reflections (Reflections.java:scan(219)) - Reflections took 568 ms to scan 22 urls, producing 61 keys and 7422 values
2025-04-23 15:44:37,718 [main] INFO  ipc.CallQueueManager (CallQueueManager.java:<init>(93)) - Using callQueue: class java.util.concurrent.LinkedBlockingQueue, queueCapacity: 2000, scheduler: class org.apache.hadoop.ipc.DefaultRpcScheduler, ipcBackoff: false, ipcFailOver: false.
2025-04-23 15:44:37,718 [main] INFO  ipc.Server (Server.java:<init>(1438)) - Listener at 127.0.0.1:15014
2025-04-23 15:44:37,719 [Socket Reader #1 for port 15014] INFO  ipc.Server (Server.java:run(1474)) - Starting Socket Reader #1 for port 15014
2025-04-23 15:44:37,719 [Socket Reader #2 for port 15014] INFO  ipc.Server (Server.java:run(1474)) - Starting Socket Reader #2 for port 15014
2025-04-23 15:44:37,720 [Socket Reader #3 for port 15014] INFO  ipc.Server (Server.java:run(1474)) - Starting Socket Reader #3 for port 15014
2025-04-23 15:44:37,720 [Socket Reader #5 for port 15014] INFO  ipc.Server (Server.java:run(1474)) - Starting Socket Reader #5 for port 15014
2025-04-23 15:44:37,721 [Socket Reader #6 for port 15014] INFO  ipc.Server (Server.java:run(1474)) - Starting Socket Reader #6 for port 15014
2025-04-23 15:44:37,721 [Socket Reader #7 for port 15014] INFO  ipc.Server (Server.java:run(1474)) - Starting Socket Reader #7 for port 15014
2025-04-23 15:44:37,722 [Socket Reader #4 for port 15014] INFO  ipc.Server (Server.java:run(1474)) - Starting Socket Reader #4 for port 15014
2025-04-23 15:44:37,722 [Socket Reader #8 for port 15014] INFO  ipc.Server (Server.java:run(1474)) - Starting Socket Reader #8 for port 15014
2025-04-23 15:44:37,722 [Socket Reader #9 for port 15014] INFO  ipc.Server (Server.java:run(1474)) - Starting Socket Reader #9 for port 15014
2025-04-23 15:44:37,722 [Socket Reader #10 for port 15014] INFO  ipc.Server (Server.java:run(1474)) - Starting Socket Reader #10 for port 15014
2025-04-23 15:44:37,746 [main] INFO  impl.MetricsSystemImpl (MetricsSystemImpl.java:init(158)) - OzoneManager metrics system started (again)
2025-04-23 15:44:37,757 [main] INFO  om.OzoneManager (OzoneManager.java:start(1787)) - OzoneManager RPC server is listening at localhost/127.0.0.1:15014
2025-04-23 15:44:37,758 [main] INFO  ratis.OzoneManagerRatisServer (OzoneManagerRatisServer.java:start(628)) - Starting OzoneManagerRatisServer omNode-3 at port 15017
2025-04-23 15:44:37,758 [omNode-3-impl-thread1] INFO  server.RaftServerConfigKeys (ConfUtils.java:logGet(46)) - raft.server.storage.free-space.min = 0MB (=0) (default)
2025-04-23 15:44:37,758 [omNode-3-impl-thread1] INFO  server.RaftServerConfigKeys (ConfUtils.java:logGet(46)) - raft.server.log.corruption.policy = EXCEPTION (default)
2025-04-23 15:44:37,758 [omNode-3-impl-thread1] INFO  server.RaftServerConfigKeys (ConfUtils.java:logGet(46)) - raft.server.storage.dir = [/home/runner/work/ozone/ozone/hadoop-ozone/integration-test/target/test-dir/MiniOzoneClusterImpl-5cf50c17-c591-473f-a8c4-88d8665d28d7/omNode-3/ratis] (custom)
2025-04-23 15:44:37,759 [omNode-3-impl-thread1] INFO  storage.RaftStorageDirectory (RaftStorageDirectoryImpl.java:analyzeStorage(138)) - The storage directory /home/runner/work/ozone/ozone/hadoop-ozone/integration-test/target/test-dir/MiniOzoneClusterImpl-5cf50c17-c591-473f-a8c4-88d8665d28d7/omNode-3/ratis/c9bc4cf4-3bc3-3c60-a66b-523986131536 does not exist. Creating ...
2025-04-23 15:44:37,760 [omNode-3-impl-thread1] INFO  storage.RaftStorageDirectory (RaftStorageDirectoryImpl.java:tryLock(229)) - Lock on /home/runner/work/ozone/ozone/hadoop-ozone/integration-test/target/test-dir/MiniOzoneClusterImpl-5cf50c17-c591-473f-a8c4-88d8665d28d7/omNode-3/ratis/c9bc4cf4-3bc3-3c60-a66b-523986131536/in_use.lock acquired by nodename 129659@fv-az1337-835
2025-04-23 15:44:37,761 [omNode-3-impl-thread1] INFO  storage.RaftStorage (RaftStorageImpl.java:format(98)) - Storage directory /home/runner/work/ozone/ozone/hadoop-ozone/integration-test/target/test-dir/MiniOzoneClusterImpl-5cf50c17-c591-473f-a8c4-88d8665d28d7/omNode-3/ratis/c9bc4cf4-3bc3-3c60-a66b-523986131536 has been successfully formatted.
2025-04-23 15:44:37,761 [omNode-3-impl-thread1] INFO  ratis.OzoneManagerStateMachine (OzoneManagerStateMachine.java:lambda$0(138)) - omNode-3: initialize group-523986131536 with (t:0, i:~)
2025-04-23 15:44:37,761 [omNode-3-impl-thread1] INFO  server.RaftServerConfigKeys (ConfUtils.java:logGet(46)) - raft.server.log.use.memory = false (default)
2025-04-23 15:44:37,761 [omNode-3-impl-thread1] INFO  server.RaftServerConfigKeys (ConfUtils.java:logGet(46)) - raft.server.log.purge.gap = 50 (custom)
2025-04-23 15:44:37,761 [omNode-3-impl-thread1] INFO  server.RaftServerConfigKeys (ConfUtils.java:logGet(46)) - raft.server.log.appender.buffer.byte-limit = 4194304 (custom)
2025-04-23 15:44:37,762 [omNode-3-impl-thread1] INFO  server.RaftServerConfigKeys (ConfUtils.java:logGet(46)) - raft.server.log.statemachine.data.read.timeout = 1000ms (default)
2025-04-23 15:44:37,762 [omNode-3-impl-thread1] INFO  server.RaftServerConfigKeys (ConfUtils.java:logGet(46)) - raft.server.log.purge.preservation.log.num = 0 (default)
2025-04-23 15:44:37,764 [omNode-3-impl-thread1] INFO  server.RaftServerConfigKeys (ConfUtils.java:logGet(46)) - raft.server.log.segment.size.max = 4194304 (custom)
2025-04-23 15:44:37,764 [omNode-3-impl-thread1] INFO  server.RaftServerConfigKeys (ConfUtils.java:logGet(46)) - raft.server.log.segment.cache.num.max = 2 (custom)
2025-04-23 15:44:37,764 [omNode-3-impl-thread1] INFO  server.RaftServerConfigKeys (ConfUtils.java:logGet(46)) - raft.server.log.segment.cache.size.max = 200MB (=209715200) (default)
2025-04-23 15:44:37,764 [omNode-3-impl-thread1] INFO  server.RaftServerConfigKeys (ConfUtils.java:logGet(46)) - raft.server.log.appender.buffer.byte-limit = 4194304 (custom)
2025-04-23 15:44:37,765 [omNode-3-impl-thread1] INFO  util.AwaitToRun (AwaitToRun.java:start(81)) - Thread[#661,omNode-3@group-523986131536-cacheEviction-AwaitToRun,5,main] started
2025-04-23 15:44:37,765 [omNode-3-impl-thread1] INFO  segmented.SegmentedRaftLogWorker (SegmentedRaftLogWorker.java:<init>(188)) - new omNode-3@group-523986131536-SegmentedRaftLogWorker for RaftStorageImpl:Storage Directory /home/runner/work/ozone/ozone/hadoop-ozone/integration-test/target/test-dir/MiniOzoneClusterImpl-5cf50c17-c591-473f-a8c4-88d8665d28d7/omNode-3/ratis/c9bc4cf4-3bc3-3c60-a66b-523986131536
2025-04-23 15:44:37,765 [omNode-3-impl-thread1] INFO  server.RaftServerConfigKeys (ConfUtils.java:logGet(46)) - raft.server.log.queue.byte-limit = 64MB (=67108864) (default)
2025-04-23 15:44:37,765 [omNode-3-impl-thread1] INFO  server.RaftServerConfigKeys (ConfUtils.java:logGet(46)) - raft.server.log.queue.element-limit = 4096 (default)
2025-04-23 15:44:37,766 [omNode-3-impl-thread1] INFO  server.RaftServerConfigKeys (ConfUtils.java:logGet(46)) - raft.server.log.segment.size.max = 4194304 (custom)
2025-04-23 15:44:37,766 [omNode-3-impl-thread1] INFO  server.RaftServerConfigKeys (ConfUtils.java:logGet(46)) - raft.server.log.preallocated.size = 4194304 (custom)
2025-04-23 15:44:37,766 [omNode-3-impl-thread1] INFO  server.RaftServerConfigKeys (ConfUtils.java:logGet(46)) - raft.server.log.force.sync.num = 128 (default)
2025-04-23 15:44:37,766 [omNode-3-impl-thread1] INFO  server.RaftServerConfigKeys (ConfUtils.java:logGet(46)) - raft.server.log.statemachine.data.sync = true (default)
2025-04-23 15:44:37,766 [omNode-3-impl-thread1] INFO  server.RaftServerConfigKeys (ConfUtils.java:logGet(46)) - raft.server.log.statemachine.data.sync.timeout = 10s (default)
2025-04-23 15:44:37,766 [omNode-3-impl-thread1] INFO  server.RaftServerConfigKeys (ConfUtils.java:logGet(46)) - raft.server.log.statemachine.data.sync.timeout.retry = -1 (default)
2025-04-23 15:44:37,766 [omNode-3-impl-thread1] INFO  server.RaftServerConfigKeys (ConfUtils.java:logGet(46)) - raft.server.log.write.buffer.size = 4194312 (custom)
2025-04-23 15:44:37,768 [omNode-3-impl-thread1] INFO  server.RaftServerConfigKeys (ConfUtils.java:logGet(46)) - raft.server.log.appender.buffer.byte-limit = 4194304 (custom)
2025-04-23 15:44:37,768 [omNode-3-impl-thread1] INFO  server.RaftServerConfigKeys (ConfUtils.java:logGet(46)) - raft.server.log.unsafe-flush.enabled = false (default)
2025-04-23 15:44:37,768 [omNode-3-impl-thread1] INFO  server.RaftServerConfigKeys (ConfUtils.java:logGet(46)) - raft.server.log.async-flush.enabled = false (default)
2025-04-23 15:44:37,768 [omNode-3-impl-thread1] INFO  server.RaftServerConfigKeys (ConfUtils.java:logGet(46)) - raft.server.log.statemachine.data.caching.enabled = false (default)
2025-04-23 15:44:37,768 [omNode-3-impl-thread1] INFO  segmented.SegmentedRaftLogWorker (SegmentedRaftLogWorker.java:lambda$new$0(139)) - omNode-3@group-523986131536-SegmentedRaftLogWorker: flushIndex: setUnconditionally 0 -> -1
2025-04-23 15:44:37,768 [omNode-3-impl-thread1] INFO  segmented.SegmentedRaftLogWorker (SegmentedRaftLogWorker.java:lambda$new$0(139)) - omNode-3@group-523986131536-SegmentedRaftLogWorker: safeCacheEvictIndex: setUnconditionally 0 -> -1
2025-04-23 15:44:37,769 [omNode-3-impl-thread1] INFO  server.RaftServer$Division (RaftServerImpl.java:start(391)) - omNode-3@group-523986131536: start as a follower, conf=conf: {index: -1, cur=peers:[omNode-3|localhost:15017, omNode-1|localhost:15009, omNode-2|localhost:15013]|listeners:[], old=null}
2025-04-23 15:44:37,769 [omNode-3-impl-thread1] INFO  server.RaftServer$Division (RaftServerImpl.java:setRole(378)) - omNode-3@group-523986131536: changes role from      null to FOLLOWER at term 0 for startAsFollower
2025-04-23 15:44:37,769 [omNode-3-impl-thread1] INFO  impl.RoleInfo (RoleInfo.java:updateAndGet(148)) - omNode-3: start omNode-3@group-523986131536-FollowerState
2025-04-23 15:44:37,769 [omNode-3@group-523986131536-FollowerState] INFO  server.RaftServerConfigKeys (ConfUtils.java:logFallback(53)) - raft.server.rpc.first-election.timeout.min = 1s (fallback to raft.server.rpc.timeout.min)
2025-04-23 15:44:37,769 [omNode-3@group-523986131536-FollowerState] INFO  server.RaftServerConfigKeys (ConfUtils.java:logFallback(53)) - raft.server.rpc.first-election.timeout.max = 1200ms (fallback to raft.server.rpc.timeout.max)
2025-04-23 15:44:37,769 [omNode-3-impl-thread1] INFO  util.JmxRegister (JmxRegister.java:tryRegister(44)) - Successfully registered JMX Bean with object name Ratis:service=RaftServer,group=group-523986131536,id=omNode-3
2025-04-23 15:44:37,769 [omNode-3-impl-thread1] INFO  util.JmxRegister (JmxRegister.java:register(58)) - register mxBean class org.apache.ratis.server.impl.RaftServerJmxAdapter as Ratis:service=RaftServer,group=group-523986131536,id=omNode-3
2025-04-23 15:44:37,769 [omNode-3-impl-thread1] INFO  server.RaftServerConfigKeys (ConfUtils.java:logGet(46)) - raft.server.snapshot.trigger-when-stop.enabled = true (default)
2025-04-23 15:44:37,769 [omNode-3-impl-thread1] INFO  server.RaftServerConfigKeys (ConfUtils.java:logGet(46)) - raft.server.snapshot.trigger-when-remove.enabled = true (default)
2025-04-23 15:44:37,770 [omNode-3-impl-thread1] INFO  server.RaftServerConfigKeys (ConfUtils.java:logGet(46)) - raft.server.snapshot.auto.trigger.enabled = true (custom)
2025-04-23 15:44:37,770 [omNode-3-impl-thread1] INFO  server.RaftServerConfigKeys (ConfUtils.java:logGet(46)) - raft.server.snapshot.auto.trigger.threshold = 50 (custom)
2025-04-23 15:44:37,770 [omNode-3-impl-thread1] INFO  server.RaftServerConfigKeys (ConfUtils.java:logGet(46)) - raft.server.snapshot.retention.file.num = -1 (default)
2025-04-23 15:44:37,770 [omNode-3-impl-thread1] INFO  server.RaftServerConfigKeys (ConfUtils.java:logGet(46)) - raft.server.log.purge.upto.snapshot.index = true (custom)
2025-04-23 15:44:37,771 [omNode-3-impl-thread1] INFO  server.RaftServer$Division (RaftServerImpl.java:start(405)) - omNode-3@group-523986131536: Successfully started.
2025-04-23 15:44:37,771 [main] INFO  server.RaftServer (RaftServerProxy.java:startImpl(407)) - omNode-3: start RPC server
2025-04-23 15:44:37,772 [main] INFO  server.GrpcService (GrpcService.java:startImpl(334)) - omNode-3: GrpcService started, listening on 15017
2025-04-23 15:44:37,772 [JvmPauseMonitor4] INFO  util.JvmPauseMonitor (JvmPauseMonitor.java:run(146)) - JvmPauseMonitor-omNode-3: Started
2025-04-23 15:44:37,772 [main] INFO  om.OzoneManager (OzoneManager.java:start(1802)) - Version File has different layout version (8) than OM DB (null). That is expected if this OM has never been finalized to a newer layout version.
2025-04-23 15:44:37,775 [main] INFO  client.ScmTopologyClient (ScmTopologyClient.java:start(70)) - Initial network topology fetched from SCM: /.
2025-04-23 15:44:37,776 [main] INFO  net.NodeSchemaLoader (NodeSchemaLoader.java:loadSchemaFromFile(127)) - Loading schema from [jar:file:/home/runner/work/ozone/ozone/hadoop-hdds/common/target/hdds-common-2.1.0-SNAPSHOT.jar!/network-topology-default.xml]
2025-04-23 15:44:37,776 [main] INFO  net.NodeSchemaLoader (NodeSchemaLoader.java:loadSchema(174)) - Loading network topology layer schema file
2025-04-23 15:44:37,782 [main] INFO  http.BaseHttpServer (BaseHttpServer.java:newHttpServer2BuilderForOzone(229)) - Starting Web-server for ozoneManager at: http://0.0.0.0:15015
2025-04-23 15:44:37,783 [main] INFO  http.BaseHttpServer (BaseHttpServer.java:<init>(107)) - Hadoop Security Enabled: false Ozone Security Enabled: false Ozone HTTP Security Enabled: false 
2025-04-23 15:44:37,784 [main] WARN  server.AuthenticationFilter (AuthenticationFilter.java:constructSecretProvider(240)) - Unable to initialize FileSignerSecretProvider, falling back to use random secrets. Reason: Could not read signature secret file: /home/runner/hadoop-http-auth-signature-secret
2025-04-23 15:44:37,787 [main] INFO  http.HttpServer2 (HttpServer2.java:addGlobalFilter(1041)) - Added global filter 'safety' (class=org.apache.hadoop.hdds.server.http.HttpServer2$QuotingInputFilter)
2025-04-23 15:44:37,788 [main] INFO  http.HttpServer2 (HttpServer2.java:addFilter(1017)) - Added filter static_user_filter (class=org.apache.hadoop.http.lib.StaticUserWebFilter$StaticUserFilter) to context ozoneManager
2025-04-23 15:44:37,788 [main] INFO  http.HttpServer2 (HttpServer2.java:addFilter(1025)) - Added filter static_user_filter (class=org.apache.hadoop.http.lib.StaticUserWebFilter$StaticUserFilter) to context logs
2025-04-23 15:44:37,788 [main] INFO  http.HttpServer2 (HttpServer2.java:addFilter(1025)) - Added filter static_user_filter (class=org.apache.hadoop.http.lib.StaticUserWebFilter$StaticUserFilter) to context static
2025-04-23 15:44:37,789 [main] INFO  http.BaseHttpServer (BaseHttpServer.java:<init>(195)) - HTTP server of ozoneManager uses base directory /home/runner/work/ozone/ozone/hadoop-ozone/integration-test/target/test-dir/MiniOzoneClusterImpl-5cf50c17-c591-473f-a8c4-88d8665d28d7/omNode-3/webserver
2025-04-23 15:44:37,789 [main] INFO  http.HttpServer2 (HttpServer2.java:bindListener(1241)) - Jetty bound to port 15015
2025-04-23 15:44:37,790 [main] INFO  server.Server (Server.java:doStart(375)) - jetty-9.4.57.v20241219; built: 2025-01-08T21:24:30.412Z; git: df524e6b29271c2e09ba9aea83c18dc9db464a31; jvm 21.0.7+6-LTS
2025-04-23 15:44:37,791 [main] INFO  server.session (DefaultSessionIdManager.java:doStart(334)) - DefaultSessionIdManager workerName=node0
2025-04-23 15:44:37,791 [main] INFO  server.session (DefaultSessionIdManager.java:doStart(339)) - No SessionScavenger set, using defaults
2025-04-23 15:44:37,791 [main] INFO  server.session (HouseKeeper.java:startScavenging(132)) - node0 Scavenging every 600000ms
2025-04-23 15:44:37,792 [main] INFO  handler.ContextHandler (ContextHandler.java:doStart(921)) - Started o.e.j.s.ServletContextHandler@58703290{logs,/logs,file:///home/runner/work/ozone/ozone/hadoop-ozone/integration-test/target/log,AVAILABLE}
2025-04-23 15:44:37,792 [main] INFO  handler.ContextHandler (ContextHandler.java:doStart(921)) - Started o.e.j.s.ServletContextHandler@466a5285{static,/static,file:///home/runner/work/ozone/ozone/hadoop-ozone/integration-test/target/test-classes/webapps/static,AVAILABLE}
2025-04-23 15:44:37,799 [main] INFO  handler.ContextHandler (ContextHandler.java:doStart(921)) - Started o.e.j.w.WebAppContext@34c1c7ea{ozoneManager,/,file:///home/runner/work/ozone/ozone/hadoop-ozone/integration-test/target/test-classes/webapps/ozoneManager/,AVAILABLE}{file:/home/runner/work/ozone/ozone/hadoop-ozone/integration-test/target/test-classes/webapps/ozoneManager}
2025-04-23 15:44:37,800 [main] INFO  server.AbstractConnector (AbstractConnector.java:doStart(333)) - Started ServerConnector@463b73e1{HTTP/1.1, (http/1.1)}{0.0.0.0:15015}
2025-04-23 15:44:37,800 [main] INFO  server.Server (Server.java:doStart(415)) - Started @12782ms
2025-04-23 15:44:37,800 [main] WARN  impl.MetricsSystemImpl (MetricsSystemImpl.java:register(279)) - Sink prometheus already exists!
2025-04-23 15:44:37,801 [main] INFO  http.BaseHttpServer (BaseHttpServer.java:updateConnectorAddress(360)) - HTTP server of ozoneManager listening at http://0.0.0.0:15015
2025-04-23 15:44:37,801 [IPC Server Responder] INFO  ipc.Server (Server.java:run(1713)) - IPC Server Responder: starting
2025-04-23 15:44:37,802 [IPC Server listener on 15014] INFO  ipc.Server (Server.java:run(1553)) - IPC Server listener on 15014: starting
2025-04-23 15:44:37,805 [main] INFO  om.OzoneManager (OzoneManager.java:startTrashEmptier(2257)) - Trash Interval set to 0. Files deleted won't move to trash
2025-04-23 15:44:37,806 [main] INFO  ozone.MiniOzoneHAClusterImpl (MiniOzoneHAClusterImpl.java:createOMService(516)) - Started OzoneManager omNode-3 RPC server at localhost/127.0.0.1:15014
2025-04-23 15:44:37,881 [main] WARN  dropwizard3.Dm3MetricRegistriesImpl (Dm3MetricRegistriesImpl.java:addReporterRegistration(114)) - New reporters are added after registries were created. Some metrics will be missing from the reporter. Please add reporter before adding any new registry.
2025-04-23 15:44:37,882 [main] WARN  dropwizard3.Dm3MetricRegistriesImpl (Dm3MetricRegistriesImpl.java:addReporterRegistration(114)) - New reporters are added after registries were created. Some metrics will be missing from the reporter. Please add reporter before adding any new registry.
2025-04-23 15:44:37,882 [main] INFO  impl.MetricsSystemImpl (MetricsSystemImpl.java:init(158)) - HddsDatanode metrics system started (again)
2025-04-23 15:44:37,899 [main] INFO  protocol.DatanodeDetails (DatanodeDetails.java:validateDatanodeIpAddress(199)) - Updating IP address of datanode bea46156-cfa9-40b4-9197-d8d351f5fc2c(fv-az1337-835.volajmlkxqluvnxrtphx4chkya.cx.internal.cloudapp.net/null) to 10.1.0.188
2025-04-23 15:44:37,899 [main] INFO  ozone.HddsDatanodeService (HddsDatanodeService.java:start(234)) - HddsDatanodeService bea46156-cfa9-40b4-9197-d8d351f5fc2c(fv-az1337-835.volajmlkxqluvnxrtphx4chkya.cx.internal.cloudapp.net/10.1.0.188)
2025-04-23 15:44:37,903 [main] INFO  upgrade.AbstractLayoutVersionManager (AbstractLayoutVersionManager.java:init(80)) - Initializing Layout version manager with metadata layout = HBASE_SUPPORT (version = 8), software layout = HBASE_SUPPORT (version = 8)
2025-04-23 15:44:37,905 [main] INFO  statemachine.DatanodeStateMachine (DatanodeStateMachine.java:getEndPointTaskThreadPoolSize(297)) - Datanode State Machine Task Thread Pool size 2
2025-04-23 15:44:37,952 [main] INFO  volume.HddsVolume (HddsVolume.java:<init>(158)) - HddsVolume: { id=DS-d8378ce5-9a80-4cf9-9866-2fe148dafdf6 dir=/home/runner/work/ozone/ozone/hadoop-ozone/integration-test/target/test-dir/MiniOzoneClusterImpl-5cf50c17-c591-473f-a8c4-88d8665d28d7/ozone-meta/datanode-1/data-0/hdds type=DISK capacity=9222449699674390527 used=0 available=9222449699674390527 minFree=5368709120 committed=0 }
2025-04-23 15:44:37,953 [main] INFO  volume.MutableVolumeSet (MutableVolumeSet.java:initializeVolumeSet(166)) - Added Volume : /home/runner/work/ozone/ozone/hadoop-ozone/integration-test/target/test-dir/MiniOzoneClusterImpl-5cf50c17-c591-473f-a8c4-88d8665d28d7/ozone-meta/datanode-1/data-0/hdds to VolumeSet
2025-04-23 15:44:37,956 [main] INFO  volume.MutableVolumeSet (MutableVolumeSet.java:initializeVolumeSet(166)) - Added Volume : /home/runner/work/ozone/ozone/hadoop-ozone/integration-test/target/test-dir/MiniOzoneClusterImpl-5cf50c17-c591-473f-a8c4-88d8665d28d7/ozone-meta/datanode-1/ratis to VolumeSet
2025-04-23 15:44:37,960 [main] INFO  ozoneimpl.OzoneContainer (HddsVolumeUtil.java:loadAllHddsVolumeDbStore(102)) - Load 1 volumes DbStore cost: 1ms
2025-04-23 15:44:37,962 [main] WARN  db.DBStoreBuilder (DBStoreBuilder.java:getDBDirPath(167)) - ozone.scm.datanode.id.dir is not configured. We recommend adding this setting. Falling back to ozone.metadata.dirs instead.
2025-04-23 15:44:37,966 [main] WARN  db.DBStoreBuilder (DBStoreBuilder.java:getDBDirPath(167)) - ozone.scm.datanode.id.dir is not configured. We recommend adding this setting. Falling back to ozone.metadata.dirs instead.
2025-04-23 15:44:37,997 [main] INFO  impl.FilePerChunkStrategy (FilePerChunkStrategy.java:<init>(79)) - ozone.chunk.read.mapped.buffer.max.count is load with 0
2025-04-23 15:44:37,999 [main] INFO  impl.FilePerBlockStrategy (FilePerBlockStrategy.java:<init>(87)) - ozone.chunk.read.mapped.buffer.max.count is load with 0
2025-04-23 15:44:38,021 [main] INFO  audit.AuditLogger (AuditLogger.java:refreshDebugCmdSet(133)) - Refresh DebugCmdSet for DNAudit to [].
2025-04-23 15:44:38,034 [main] INFO  server.RaftServerConfigKeys (ConfUtils.java:logGet(46)) - raft.server.log.appender.buffer.byte-limit = 33554432 (custom)
2025-04-23 15:44:38,043 [main] INFO  server.RaftServer (ConfUtils.java:logGet(46)) - raft.rpc.type = GRPC (default)
2025-04-23 15:44:38,043 [main] INFO  grpc.GrpcConfigKeys (ConfUtils.java:logFallback(53)) - raft.grpc.admin.host = null (fallback to raft.grpc.server.host)
2025-04-23 15:44:38,043 [main] INFO  grpc.GrpcConfigKeys (ConfUtils.java:logGet(46)) - raft.grpc.admin.port = 15022 (custom)
2025-04-23 15:44:38,043 [main] INFO  grpc.GrpcConfigKeys (ConfUtils.java:logFallback(53)) - raft.grpc.client.host = null (fallback to raft.grpc.server.host)
2025-04-23 15:44:38,044 [main] INFO  grpc.GrpcConfigKeys (ConfUtils.java:logGet(46)) - raft.grpc.client.port = 15021 (custom)
2025-04-23 15:44:38,044 [main] INFO  grpc.GrpcConfigKeys (ConfUtils.java:logGet(46)) - raft.grpc.server.host = null (default)
2025-04-23 15:44:38,044 [main] INFO  grpc.GrpcConfigKeys (ConfUtils.java:logGet(46)) - raft.grpc.server.port = 15023 (custom)
2025-04-23 15:44:38,044 [main] INFO  server.GrpcService (ConfUtils.java:logGet(46)) - raft.grpc.message.size.max = 34603008 (custom)
2025-04-23 15:44:38,044 [main] INFO  server.GrpcService (ConfUtils.java:logGet(46)) - raft.grpc.flow.control.window = 5MB (=5242880) (custom)
2025-04-23 15:44:38,044 [main] INFO  server.RaftServerConfigKeys (ConfUtils.java:logGet(46)) - raft.server.rpc.request.timeout = 60s (custom)
2025-04-23 15:44:38,044 [main] INFO  grpc.GrpcConfigKeys (ConfUtils.java:logGet(46)) - raft.grpc.server.heartbeat.channel = true (default)
2025-04-23 15:44:38,044 [main] INFO  server.RaftServerConfigKeys (ConfUtils.java:logGet(46)) - raft.server.log.appender.buffer.byte-limit = 33554432 (custom)
2025-04-23 15:44:38,044 [main] INFO  grpc.GrpcConfigKeys (ConfUtils.java:logGet(46)) - raft.grpc.server.async.request.thread.pool.cached = true (default)
2025-04-23 15:44:38,045 [main] INFO  grpc.GrpcConfigKeys (ConfUtils.java:logGet(46)) - raft.grpc.server.async.request.thread.pool.size = 32 (default)
2025-04-23 15:44:38,046 [main] INFO  impl.DataStreamServerImpl (ConfUtils.java:logGet(46)) - raft.datastream.type = NETTY (custom)
2025-04-23 15:44:38,053 [main] INFO  server.RaftServerConfigKeys (ConfUtils.java:logGet(46)) - raft.server.data-stream.async.request.thread.pool.cached = false (default)
2025-04-23 15:44:38,053 [main] INFO  server.RaftServerConfigKeys (ConfUtils.java:logGet(46)) - raft.server.data-stream.async.request.thread.pool.size = 20 (custom)
2025-04-23 15:44:38,053 [main] INFO  server.RaftServerConfigKeys (ConfUtils.java:logGet(46)) - raft.server.data-stream.async.write.thread.pool.size = 16 (default)
2025-04-23 15:44:38,054 [main] INFO  netty.NettyConfigKeys$DataStream (ConfUtils.java:logGet(46)) - raft.netty.dataStream.server.channel.inactive.grace-period = 10min (default)
2025-04-23 15:44:38,055 [main] INFO  server.RaftServerConfigKeys (ConfUtils.java:logGet(46)) - raft.server.data-stream.client.pool.size = 10 (default)
2025-04-23 15:44:38,056 [main] INFO  netty.NettyConfigKeys$DataStream (ConfUtils.java:logGet(46)) - raft.netty.dataStream.server.use-epoll = true (default)
2025-04-23 15:44:38,056 [main] INFO  netty.NettyConfigKeys$DataStream (ConfUtils.java:logGet(46)) - raft.netty.dataStream.server.boss-group.size = 0 (default)
2025-04-23 15:44:38,056 [main] INFO  netty.NettyUtils (NettyUtils.java:newEventLoopGroup(74)) - Create EpollEventLoopGroup for bea46156-cfa9-40b4-9197-d8d351f5fc2c-NettyServerStreamRpc-bossGroup; Thread size is 0.
2025-04-23 15:44:38,057 [main] INFO  netty.NettyConfigKeys$DataStream (ConfUtils.java:logGet(46)) - raft.netty.dataStream.server.worker-group.size = 0 (default)
2025-04-23 15:44:38,057 [main] INFO  netty.NettyUtils (NettyUtils.java:newEventLoopGroup(74)) - Create EpollEventLoopGroup for bea46156-cfa9-40b4-9197-d8d351f5fc2c-NettyServerStreamRpc-workerGroup; Thread size is 0.
2025-04-23 15:44:38,058 [main] INFO  netty.NettyConfigKeys$DataStream (ConfUtils.java:logGet(46)) - raft.netty.dataStream.server.tls.conf = null (default)
2025-04-23 15:44:38,059 [main] INFO  netty.NettyConfigKeys$DataStream (ConfUtils.java:logGet(46)) - raft.netty.dataStream.host = null (default)
2025-04-23 15:44:38,059 [main] INFO  netty.NettyConfigKeys$DataStream (ConfUtils.java:logGet(46)) - raft.netty.dataStream.port = 15024 (custom)
2025-04-23 15:44:38,061 [main] INFO  server.RaftServerConfigKeys (ConfUtils.java:logGet(46)) - raft.server.sleep.deviation.threshold = 300ms (default)
2025-04-23 15:44:38,061 [main] INFO  server.RaftServerConfigKeys (ConfUtils.java:logGet(46)) - raft.server.close.threshold = 60s (default)
2025-04-23 15:44:38,061 [main] INFO  server.RaftServerConfigKeys (ConfUtils.java:logGet(46)) - raft.server.leaderelection.leader.step-down.wait-time = 10s (default)
2025-04-23 15:44:38,061 [main] INFO  server.RaftServerConfigKeys (ConfUtils.java:logGet(46)) - raft.server.storage.dir = [/home/runner/work/ozone/ozone/hadoop-ozone/integration-test/target/test-dir/MiniOzoneClusterImpl-5cf50c17-c591-473f-a8c4-88d8665d28d7/ozone-meta/datanode-1/ratis] (custom)
2025-04-23 15:44:38,061 [main] INFO  server.RaftServerConfigKeys (ConfUtils.java:logGet(46)) - raft.server.threadpool.proxy.cached = true (default)
2025-04-23 15:44:38,061 [main] INFO  server.RaftServerConfigKeys (ConfUtils.java:logGet(46)) - raft.server.threadpool.proxy.size = 0 (default)
2025-04-23 15:44:38,063 [bea46156-cfa9-40b4-9197-d8d351f5fc2c-impl-thread1] INFO  server.RaftServer (RaftServerProxy.java:initGroupDir(265)) - bea46156-cfa9-40b4-9197-d8d351f5fc2c: found a subdirectory /home/runner/work/ozone/ozone/hadoop-ozone/integration-test/target/test-dir/MiniOzoneClusterImpl-5cf50c17-c591-473f-a8c4-88d8665d28d7/ozone-meta/datanode-1/ratis/tmp
2025-04-23 15:44:38,063 [bea46156-cfa9-40b4-9197-d8d351f5fc2c-impl-thread1] INFO  server.RaftServer (RaftServerProxy.java:initGroupDir(270)) - bea46156-cfa9-40b4-9197-d8d351f5fc2c: The directory /home/runner/work/ozone/ozone/hadoop-ozone/integration-test/target/test-dir/MiniOzoneClusterImpl-5cf50c17-c591-473f-a8c4-88d8665d28d7/ozone-meta/datanode-1/ratis/tmp is not a group directory; ignoring it. 
2025-04-23 15:44:38,065 [main] INFO  replication.ReplicationServer (ReplicationServer.java:<init>(84)) - Initializing replication server with thread count = 10 queue length = 4096
2025-04-23 15:44:38,068 [bea46156-cfa9-40b4-9197-d8d351f5fc2c-NettyServerStreamRpc-bossGroup--thread1] INFO  logging.LoggingHandler (AbstractInternalLogger.java:log(148)) - [id: 0x1e8f8c49] REGISTERED
2025-04-23 15:44:38,069 [bea46156-cfa9-40b4-9197-d8d351f5fc2c-NettyServerStreamRpc-bossGroup--thread1] INFO  logging.LoggingHandler (AbstractInternalLogger.java:log(148)) - [id: 0x1e8f8c49] BIND: 0.0.0.0/0.0.0.0:15024
2025-04-23 15:44:38,069 [bea46156-cfa9-40b4-9197-d8d351f5fc2c-NettyServerStreamRpc-bossGroup--thread1] INFO  logging.LoggingHandler (AbstractInternalLogger.java:log(148)) - [id: 0x1e8f8c49, L:/0.0.0.0:15024] ACTIVE
2025-04-23 15:44:38,082 [main] INFO  server.XceiverServerGrpc (XceiverServerGrpc.java:<init>(131)) - GrpcServer channel type EpollServerSocketChannel
2025-04-23 15:44:38,108 [main] INFO  replication.ReplicationSupervisor (ReplicationSupervisor.java:build(169)) - Initializing replication supervisor with thread count = 10
2025-04-23 15:44:38,109 [main] INFO  replication.ReplicationSupervisor (ReplicationSupervisor.java:nodeStateUpdated(358)) - Node state updated to IN_SERVICE, scaling executor pool size to 10
2025-04-23 15:44:38,137 [main] INFO  lib.Interns (Interns.java:removeEldestEntry(50)) - Metrics intern cache overflow at 2011 for MetricsSystem={MetricsSystem=MetricsInfoImpl{name=MetricsSystem, description=MetricsSystem}, MetricsSystem record=MetricsInfoImpl{name=MetricsSystem, description=MetricsSystem record}}
2025-04-23 15:44:38,151 [omNode-3-server-thread1] INFO  server.RaftServer$Division (RaftServerImpl.java:setFirstElection(562)) - omNode-3@group-523986131536: set firstElectionSinceStartup to false for appendEntries
2025-04-23 15:44:38,152 [omNode-3-server-thread1] INFO  ratis.OzoneManagerStateMachine (OzoneManagerStateMachine.java:notifyLeaderChanged(169)) - omNode-3@group-523986131536: leader changed to omNode-1
2025-04-23 15:44:38,152 [omNode-3-server-thread1] INFO  server.RaftServer$Division (ServerState.java:setLeader(272)) - omNode-3@group-523986131536: change Leader from null to omNode-1 at term 1 for appendEntries, leader elected after 1002ms
2025-04-23 15:44:38,152 [omNode-3-server-thread1] INFO  server.RaftServer$Division (RaftServerImpl.java:checkInconsistentAppendEntries(1648)) - omNode-3@group-523986131536: Failed appendEntries as previous log entry ((t:1, i:0)) is not found
2025-04-23 15:44:38,153 [omNode-3-server-thread1] INFO  server.RaftServer$Division (RaftServerImpl.java:appendEntriesAsync(1580)) - omNode-3@group-523986131536: appendEntries* reply omNode-1<-omNode-3#760:FAIL-t0,INCONSISTENCY,nextIndex=0,followerCommit=-1,matchIndex=-1
2025-04-23 15:44:38,156 [grpc-default-executor-2] WARN  server.GrpcLogAppender (GrpcLogAppender.java:onNextImpl(519)) - omNode-1@group-523986131536->omNode-3-AppendLogResponseHandler: received INCONSISTENCY reply with nextIndex 0, errorCount=7, request=AppendEntriesRequest:cid=760,entriesCount=0
2025-04-23 15:44:38,157 [grpc-default-executor-2] INFO  leader.FollowerInfo (FollowerInfoImpl.java:info(70)) - omNode-1@group-523986131536->omNode-3: setNextIndex nextIndex: updateUnconditionally 1 -> 0
2025-04-23 15:44:38,162 [omNode-3-server-thread1] INFO  server.RaftServer$Division (ServerState.java:setRaftConf(386)) - omNode-3@group-523986131536: set configuration conf: {index: 0, cur=peers:[omNode-3|localhost:15017, omNode-1|localhost:15009, omNode-2|localhost:15013]|listeners:[], old=null}
2025-04-23 15:44:38,162 [omNode-3-server-thread1] INFO  segmented.SegmentedRaftLogWorker (SegmentedRaftLogWorker.java:startLogSegment(438)) - omNode-3@group-523986131536-SegmentedRaftLogWorker: Starting segment from index:0
2025-04-23 15:44:38,163 [omNode-3@group-523986131536-SegmentedRaftLogWorker] INFO  segmented.BufferedWriteChannel (BufferedWriteChannel.java:open(61)) - open log_inprogress_0 at position 0
2025-04-23 15:44:38,164 [main] INFO  http.BaseHttpServer (BaseHttpServer.java:newHttpServer2BuilderForOzone(229)) - Starting Web-server for hddsDatanode at: http://0.0.0.0:15018
2025-04-23 15:44:38,164 [main] INFO  http.BaseHttpServer (BaseHttpServer.java:<init>(107)) - Hadoop Security Enabled: false Ozone Security Enabled: false Ozone HTTP Security Enabled: false 
2025-04-23 15:44:38,166 [main] WARN  server.AuthenticationFilter (AuthenticationFilter.java:constructSecretProvider(240)) - Unable to initialize FileSignerSecretProvider, falling back to use random secrets. Reason: Could not read signature secret file: /home/runner/hadoop-http-auth-signature-secret
2025-04-23 15:44:38,169 [main] INFO  http.HttpServer2 (HttpServer2.java:addGlobalFilter(1041)) - Added global filter 'safety' (class=org.apache.hadoop.hdds.server.http.HttpServer2$QuotingInputFilter)
2025-04-23 15:44:38,170 [main] INFO  http.HttpServer2 (HttpServer2.java:addFilter(1017)) - Added filter static_user_filter (class=org.apache.hadoop.http.lib.StaticUserWebFilter$StaticUserFilter) to context hddsDatanode
2025-04-23 15:44:38,170 [main] INFO  http.HttpServer2 (HttpServer2.java:addFilter(1025)) - Added filter static_user_filter (class=org.apache.hadoop.http.lib.StaticUserWebFilter$StaticUserFilter) to context static
2025-04-23 15:44:38,170 [main] INFO  http.HttpServer2 (HttpServer2.java:addFilter(1025)) - Added filter static_user_filter (class=org.apache.hadoop.http.lib.StaticUserWebFilter$StaticUserFilter) to context logs
2025-04-23 15:44:38,171 [main] INFO  http.BaseHttpServer (BaseHttpServer.java:<init>(195)) - HTTP server of hddsDatanode uses base directory /home/runner/work/ozone/ozone/hadoop-ozone/integration-test/target/test-dir/MiniOzoneClusterImpl-5cf50c17-c591-473f-a8c4-88d8665d28d7/ozone-meta/datanode-1/meta/webserver
2025-04-23 15:44:38,172 [main] INFO  http.HttpServer2 (HttpServer2.java:bindListener(1241)) - Jetty bound to port 15018
2025-04-23 15:44:38,172 [main] INFO  server.Server (Server.java:doStart(375)) - jetty-9.4.57.v20241219; built: 2025-01-08T21:24:30.412Z; git: df524e6b29271c2e09ba9aea83c18dc9db464a31; jvm 21.0.7+6-LTS
2025-04-23 15:44:38,174 [omNode-3@group-523986131536-SegmentedRaftLogWorker] INFO  segmented.SegmentedRaftLogWorker (SegmentedRaftLogWorker.java:execute(644)) - omNode-3@group-523986131536-SegmentedRaftLogWorker: created new log segment /home/runner/work/ozone/ozone/hadoop-ozone/integration-test/target/test-dir/MiniOzoneClusterImpl-5cf50c17-c591-473f-a8c4-88d8665d28d7/omNode-3/ratis/c9bc4cf4-3bc3-3c60-a66b-523986131536/current/log_inprogress_0
2025-04-23 15:44:38,174 [main] INFO  server.session (DefaultSessionIdManager.java:doStart(334)) - DefaultSessionIdManager workerName=node0
2025-04-23 15:44:38,175 [main] INFO  server.session (DefaultSessionIdManager.java:doStart(339)) - No SessionScavenger set, using defaults
2025-04-23 15:44:38,175 [main] INFO  server.session (HouseKeeper.java:startScavenging(132)) - node0 Scavenging every 600000ms
2025-04-23 15:44:38,176 [main] INFO  handler.ContextHandler (ContextHandler.java:doStart(921)) - Started o.e.j.s.ServletContextHandler@239153fe{logs,/logs,file:///home/runner/work/ozone/ozone/hadoop-ozone/integration-test/target/log,AVAILABLE}
2025-04-23 15:44:38,177 [main] INFO  handler.ContextHandler (ContextHandler.java:doStart(921)) - Started o.e.j.s.ServletContextHandler@3afbd1fd{static,/static,jar:file:/home/runner/work/ozone/ozone/hadoop-hdds/container-service/target/hdds-container-service-2.1.0-SNAPSHOT.jar!/webapps/static,AVAILABLE}
2025-04-23 15:44:38,178 [omNode-3@group-523986131536-StateMachineUpdater] INFO  ratis.OzoneManagerStateMachine (OzoneManagerStateMachine.java:notifyConfigurationChanged(231)) - notifyConfigurationChanged from Ratis: term=1, index=0, New Peer list: omNode-3(localhost:15017), omNode-1(localhost:15009), omNode-2(localhost:15013)
2025-04-23 15:44:38,208 [omNode-2@group-523986131536-StateMachineUpdater] INFO  ratis.OzoneManagerStateMachine (OzoneManagerStateMachine.java:notifyConfigurationChanged(231)) - notifyConfigurationChanged from Ratis: term=1, index=0, New Peer list: omNode-3(localhost:15017), omNode-1(localhost:15009), omNode-2(localhost:15013)
2025-04-23 15:44:38,350 [main] INFO  handler.ContextHandler (ContextHandler.java:doStart(921)) - Started o.e.j.w.WebAppContext@188a953e{hddsDatanode,/,file:///home/runner/work/ozone/ozone/hadoop-ozone/integration-test/target/test-dir/MiniOzoneClusterImpl-5cf50c17-c591-473f-a8c4-88d8665d28d7/ozone-meta/datanode-1/meta/webserver/jetty-0_0_0_0-15018-hdds-container-service-2_1_0-SNAPSHOT_jar-_-any-13749085543073861806/webapp/,AVAILABLE}{jar:file:/home/runner/work/ozone/ozone/hadoop-hdds/container-service/target/hdds-container-service-2.1.0-SNAPSHOT.jar!/webapps/hddsDatanode}
2025-04-23 15:44:38,351 [main] INFO  server.AbstractConnector (AbstractConnector.java:doStart(333)) - Started ServerConnector@1645fba9{HTTP/1.1, (http/1.1)}{0.0.0.0:15018}
2025-04-23 15:44:38,351 [main] INFO  server.Server (Server.java:doStart(415)) - Started @13333ms
2025-04-23 15:44:38,351 [main] WARN  impl.MetricsSystemImpl (MetricsSystemImpl.java:register(279)) - Sink prometheus already exists!
2025-04-23 15:44:38,352 [main] INFO  http.BaseHttpServer (BaseHttpServer.java:updateConnectorAddress(360)) - HTTP server of hddsDatanode listening at http://0.0.0.0:15018
2025-04-23 15:44:38,354 [main] INFO  ipc.CallQueueManager (CallQueueManager.java:<init>(93)) - Using callQueue: class java.util.concurrent.LinkedBlockingQueue, queueCapacity: 1000, scheduler: class org.apache.hadoop.ipc.DefaultRpcScheduler, ipcBackoff: false, ipcFailOver: false.
2025-04-23 15:44:38,355 [main] INFO  ipc.Server (Server.java:<init>(1438)) - Listener at 0.0.0.0:15019
2025-04-23 15:44:38,355 [Socket Reader #1 for port 15019] INFO  ipc.Server (Server.java:run(1474)) - Starting Socket Reader #1 for port 15019
2025-04-23 15:44:38,355 [Socket Reader #2 for port 15019] INFO  ipc.Server (Server.java:run(1474)) - Starting Socket Reader #2 for port 15019
2025-04-23 15:44:38,356 [Socket Reader #3 for port 15019] INFO  ipc.Server (Server.java:run(1474)) - Starting Socket Reader #3 for port 15019
2025-04-23 15:44:38,356 [Socket Reader #4 for port 15019] INFO  ipc.Server (Server.java:run(1474)) - Starting Socket Reader #4 for port 15019
2025-04-23 15:44:38,356 [Socket Reader #5 for port 15019] INFO  ipc.Server (Server.java:run(1474)) - Starting Socket Reader #5 for port 15019
2025-04-23 15:44:38,357 [Socket Reader #6 for port 15019] INFO  ipc.Server (Server.java:run(1474)) - Starting Socket Reader #6 for port 15019
2025-04-23 15:44:38,357 [Socket Reader #7 for port 15019] INFO  ipc.Server (Server.java:run(1474)) - Starting Socket Reader #7 for port 15019
2025-04-23 15:44:38,357 [Socket Reader #8 for port 15019] INFO  ipc.Server (Server.java:run(1474)) - Starting Socket Reader #8 for port 15019
2025-04-23 15:44:38,358 [Socket Reader #9 for port 15019] INFO  ipc.Server (Server.java:run(1474)) - Starting Socket Reader #9 for port 15019
2025-04-23 15:44:38,358 [Socket Reader #10 for port 15019] INFO  ipc.Server (Server.java:run(1474)) - Starting Socket Reader #10 for port 15019
2025-04-23 15:44:38,361 [main] INFO  ozone.HddsDatanodeService (HddsDatanodeService.java:start(325)) - Datanode start with admins: [*, runner]
2025-04-23 15:44:38,361 [main] INFO  ozone.HddsDatanodeClientProtocolServer (HddsDatanodeClientProtocolServer.java:start(76)) - RPC server for Client /0.0.0.0:15019
2025-04-23 15:44:38,361 [IPC Server Responder] INFO  ipc.Server (Server.java:run(1713)) - IPC Server Responder: starting
2025-04-23 15:44:38,362 [IPC Server listener on 15019] INFO  ipc.Server (Server.java:run(1553)) - IPC Server listener on 15019: starting
2025-04-23 15:44:38,364 [main] WARN  dropwizard3.Dm3MetricRegistriesImpl (Dm3MetricRegistriesImpl.java:addReporterRegistration(114)) - New reporters are added after registries were created. Some metrics will be missing from the reporter. Please add reporter before adding any new registry.
2025-04-23 15:44:38,364 [main] WARN  dropwizard3.Dm3MetricRegistriesImpl (Dm3MetricRegistriesImpl.java:addReporterRegistration(114)) - New reporters are added after registries were created. Some metrics will be missing from the reporter. Please add reporter before adding any new registry.
2025-04-23 15:44:38,364 [main] INFO  impl.MetricsSystemImpl (MetricsSystemImpl.java:init(158)) - HddsDatanode metrics system started (again)
2025-04-23 15:44:38,374 [bea46156-cfa9-40b4-9197-d8d351f5fc2c-DatanodeStateMachineDaemonThread] INFO  statemachine.DatanodeStateMachine (DatanodeStateMachine.java:startStateMachineThread(340)) - Ozone container server started.
2025-04-23 15:44:38,381 [main] INFO  protocol.DatanodeDetails (DatanodeDetails.java:validateDatanodeIpAddress(199)) - Updating IP address of datanode e48ea510-4cfd-493d-84b4-aa69255fcf6e(fv-az1337-835.volajmlkxqluvnxrtphx4chkya.cx.internal.cloudapp.net/null) to 10.1.0.188
2025-04-23 15:44:38,381 [main] INFO  ozone.HddsDatanodeService (HddsDatanodeService.java:start(234)) - HddsDatanodeService e48ea510-4cfd-493d-84b4-aa69255fcf6e(fv-az1337-835.volajmlkxqluvnxrtphx4chkya.cx.internal.cloudapp.net/10.1.0.188)
2025-04-23 15:44:38,385 [main] INFO  upgrade.AbstractLayoutVersionManager (AbstractLayoutVersionManager.java:init(80)) - Initializing Layout version manager with metadata layout = HBASE_SUPPORT (version = 8), software layout = HBASE_SUPPORT (version = 8)
2025-04-23 15:44:38,385 [main] INFO  statemachine.DatanodeStateMachine (DatanodeStateMachine.java:getEndPointTaskThreadPoolSize(297)) - Datanode State Machine Task Thread Pool size 2
2025-04-23 15:44:38,391 [main] INFO  volume.HddsVolume (HddsVolume.java:<init>(158)) - HddsVolume: { id=DS-8b7facf5-becb-4a45-b868-bbe7743301d2 dir=/home/runner/work/ozone/ozone/hadoop-ozone/integration-test/target/test-dir/MiniOzoneClusterImpl-5cf50c17-c591-473f-a8c4-88d8665d28d7/ozone-meta/datanode-2/data-0/hdds type=DISK capacity=9222449699674390527 used=0 available=9222449699674390527 minFree=5368709120 committed=0 }
2025-04-23 15:44:38,391 [main] INFO  volume.MutableVolumeSet (MutableVolumeSet.java:initializeVolumeSet(166)) - Added Volume : /home/runner/work/ozone/ozone/hadoop-ozone/integration-test/target/test-dir/MiniOzoneClusterImpl-5cf50c17-c591-473f-a8c4-88d8665d28d7/ozone-meta/datanode-2/data-0/hdds to VolumeSet
2025-04-23 15:44:38,392 [main] INFO  volume.MutableVolumeSet (MutableVolumeSet.java:initializeVolumeSet(166)) - Added Volume : /home/runner/work/ozone/ozone/hadoop-ozone/integration-test/target/test-dir/MiniOzoneClusterImpl-5cf50c17-c591-473f-a8c4-88d8665d28d7/ozone-meta/datanode-2/ratis to VolumeSet
2025-04-23 15:44:38,393 [main] INFO  ozoneimpl.OzoneContainer (HddsVolumeUtil.java:loadAllHddsVolumeDbStore(102)) - Load 1 volumes DbStore cost: 0ms
2025-04-23 15:44:38,394 [main] WARN  db.DBStoreBuilder (DBStoreBuilder.java:getDBDirPath(167)) - ozone.scm.datanode.id.dir is not configured. We recommend adding this setting. Falling back to ozone.metadata.dirs instead.
2025-04-23 15:44:38,395 [main] WARN  db.DBStoreBuilder (DBStoreBuilder.java:getDBDirPath(167)) - ozone.scm.datanode.id.dir is not configured. We recommend adding this setting. Falling back to ozone.metadata.dirs instead.
2025-04-23 15:44:38,416 [main] INFO  impl.FilePerChunkStrategy (FilePerChunkStrategy.java:<init>(79)) - ozone.chunk.read.mapped.buffer.max.count is load with 0
2025-04-23 15:44:38,417 [main] INFO  impl.FilePerBlockStrategy (FilePerBlockStrategy.java:<init>(87)) - ozone.chunk.read.mapped.buffer.max.count is load with 0
2025-04-23 15:44:38,419 [main] INFO  server.RaftServerConfigKeys (ConfUtils.java:logGet(46)) - raft.server.log.appender.buffer.byte-limit = 33554432 (custom)
2025-04-23 15:44:38,422 [main] INFO  server.RaftServer (ConfUtils.java:logGet(46)) - raft.rpc.type = GRPC (default)
2025-04-23 15:44:38,423 [main] INFO  grpc.GrpcConfigKeys (ConfUtils.java:logFallback(53)) - raft.grpc.admin.host = null (fallback to raft.grpc.server.host)
2025-04-23 15:44:38,424 [main] INFO  grpc.GrpcConfigKeys (ConfUtils.java:logGet(46)) - raft.grpc.admin.port = 15030 (custom)
2025-04-23 15:44:38,424 [main] INFO  grpc.GrpcConfigKeys (ConfUtils.java:logFallback(53)) - raft.grpc.client.host = null (fallback to raft.grpc.server.host)
2025-04-23 15:44:38,424 [main] INFO  grpc.GrpcConfigKeys (ConfUtils.java:logGet(46)) - raft.grpc.client.port = 15029 (custom)
2025-04-23 15:44:38,424 [main] INFO  grpc.GrpcConfigKeys (ConfUtils.java:logGet(46)) - raft.grpc.server.host = null (default)
2025-04-23 15:44:38,424 [main] INFO  grpc.GrpcConfigKeys (ConfUtils.java:logGet(46)) - raft.grpc.server.port = 15031 (custom)
2025-04-23 15:44:38,425 [main] INFO  server.GrpcService (ConfUtils.java:logGet(46)) - raft.grpc.message.size.max = 34603008 (custom)
2025-04-23 15:44:38,425 [main] INFO  server.GrpcService (ConfUtils.java:logGet(46)) - raft.grpc.flow.control.window = 5MB (=5242880) (custom)
2025-04-23 15:44:38,425 [main] INFO  server.RaftServerConfigKeys (ConfUtils.java:logGet(46)) - raft.server.rpc.request.timeout = 60s (custom)
2025-04-23 15:44:38,426 [main] INFO  grpc.GrpcConfigKeys (ConfUtils.java:logGet(46)) - raft.grpc.server.heartbeat.channel = true (default)
2025-04-23 15:44:38,426 [main] INFO  server.RaftServerConfigKeys (ConfUtils.java:logGet(46)) - raft.server.log.appender.buffer.byte-limit = 33554432 (custom)
2025-04-23 15:44:38,426 [main] INFO  grpc.GrpcConfigKeys (ConfUtils.java:logGet(46)) - raft.grpc.server.async.request.thread.pool.cached = true (default)
2025-04-23 15:44:38,426 [main] INFO  grpc.GrpcConfigKeys (ConfUtils.java:logGet(46)) - raft.grpc.server.async.request.thread.pool.size = 32 (default)
2025-04-23 15:44:38,428 [main] INFO  impl.DataStreamServerImpl (ConfUtils.java:logGet(46)) - raft.datastream.type = NETTY (custom)
2025-04-23 15:44:38,428 [main] INFO  server.RaftServerConfigKeys (ConfUtils.java:logGet(46)) - raft.server.data-stream.async.request.thread.pool.cached = false (default)
2025-04-23 15:44:38,429 [main] INFO  server.RaftServerConfigKeys (ConfUtils.java:logGet(46)) - raft.server.data-stream.async.request.thread.pool.size = 20 (custom)
2025-04-23 15:44:38,429 [main] INFO  server.RaftServerConfigKeys (ConfUtils.java:logGet(46)) - raft.server.data-stream.async.write.thread.pool.size = 16 (default)
2025-04-23 15:44:38,429 [main] INFO  netty.NettyConfigKeys$DataStream (ConfUtils.java:logGet(46)) - raft.netty.dataStream.server.channel.inactive.grace-period = 10min (default)
2025-04-23 15:44:38,430 [main] INFO  server.RaftServerConfigKeys (ConfUtils.java:logGet(46)) - raft.server.data-stream.client.pool.size = 10 (default)
2025-04-23 15:44:38,430 [main] INFO  netty.NettyConfigKeys$DataStream (ConfUtils.java:logGet(46)) - raft.netty.dataStream.server.use-epoll = true (default)
2025-04-23 15:44:38,430 [main] INFO  netty.NettyConfigKeys$DataStream (ConfUtils.java:logGet(46)) - raft.netty.dataStream.server.boss-group.size = 0 (default)
2025-04-23 15:44:38,430 [main] INFO  netty.NettyUtils (NettyUtils.java:newEventLoopGroup(74)) - Create EpollEventLoopGroup for e48ea510-4cfd-493d-84b4-aa69255fcf6e-NettyServerStreamRpc-bossGroup; Thread size is 0.
2025-04-23 15:44:38,431 [main] INFO  netty.NettyConfigKeys$DataStream (ConfUtils.java:logGet(46)) - raft.netty.dataStream.server.worker-group.size = 0 (default)
2025-04-23 15:44:38,432 [main] INFO  netty.NettyUtils (NettyUtils.java:newEventLoopGroup(74)) - Create EpollEventLoopGroup for e48ea510-4cfd-493d-84b4-aa69255fcf6e-NettyServerStreamRpc-workerGroup; Thread size is 0.
2025-04-23 15:44:38,433 [main] INFO  netty.NettyConfigKeys$DataStream (ConfUtils.java:logGet(46)) - raft.netty.dataStream.server.tls.conf = null (default)
2025-04-23 15:44:38,433 [main] INFO  netty.NettyConfigKeys$DataStream (ConfUtils.java:logGet(46)) - raft.netty.dataStream.host = null (default)
2025-04-23 15:44:38,433 [main] INFO  netty.NettyConfigKeys$DataStream (ConfUtils.java:logGet(46)) - raft.netty.dataStream.port = 15032 (custom)
2025-04-23 15:44:38,435 [e48ea510-4cfd-493d-84b4-aa69255fcf6e-NettyServerStreamRpc-bossGroup--thread1] INFO  logging.LoggingHandler (AbstractInternalLogger.java:log(148)) - [id: 0x8a9cfd6d] REGISTERED
2025-04-23 15:44:38,436 [main] INFO  server.RaftServerConfigKeys (ConfUtils.java:logGet(46)) - raft.server.sleep.deviation.threshold = 300ms (default)
2025-04-23 15:44:38,436 [main] INFO  server.RaftServerConfigKeys (ConfUtils.java:logGet(46)) - raft.server.close.threshold = 60s (default)
2025-04-23 15:44:38,436 [main] INFO  server.RaftServerConfigKeys (ConfUtils.java:logGet(46)) - raft.server.leaderelection.leader.step-down.wait-time = 10s (default)
2025-04-23 15:44:38,436 [main] INFO  server.RaftServerConfigKeys (ConfUtils.java:logGet(46)) - raft.server.storage.dir = [/home/runner/work/ozone/ozone/hadoop-ozone/integration-test/target/test-dir/MiniOzoneClusterImpl-5cf50c17-c591-473f-a8c4-88d8665d28d7/ozone-meta/datanode-2/ratis] (custom)
2025-04-23 15:44:38,436 [main] INFO  server.RaftServerConfigKeys (ConfUtils.java:logGet(46)) - raft.server.threadpool.proxy.cached = true (default)
2025-04-23 15:44:38,436 [main] INFO  server.RaftServerConfigKeys (ConfUtils.java:logGet(46)) - raft.server.threadpool.proxy.size = 0 (default)
2025-04-23 15:44:38,437 [e48ea510-4cfd-493d-84b4-aa69255fcf6e-NettyServerStreamRpc-bossGroup--thread1] INFO  logging.LoggingHandler (AbstractInternalLogger.java:log(148)) - [id: 0x8a9cfd6d] BIND: 0.0.0.0/0.0.0.0:15032
2025-04-23 15:44:38,437 [e48ea510-4cfd-493d-84b4-aa69255fcf6e-NettyServerStreamRpc-bossGroup--thread1] INFO  logging.LoggingHandler (AbstractInternalLogger.java:log(148)) - [id: 0x8a9cfd6d, L:/0.0.0.0:15032] ACTIVE
2025-04-23 15:44:38,439 [e48ea510-4cfd-493d-84b4-aa69255fcf6e-impl-thread1] INFO  server.RaftServer (RaftServerProxy.java:initGroupDir(265)) - e48ea510-4cfd-493d-84b4-aa69255fcf6e: found a subdirectory /home/runner/work/ozone/ozone/hadoop-ozone/integration-test/target/test-dir/MiniOzoneClusterImpl-5cf50c17-c591-473f-a8c4-88d8665d28d7/ozone-meta/datanode-2/ratis/tmp
2025-04-23 15:44:38,439 [e48ea510-4cfd-493d-84b4-aa69255fcf6e-impl-thread1] INFO  server.RaftServer (RaftServerProxy.java:initGroupDir(270)) - e48ea510-4cfd-493d-84b4-aa69255fcf6e: The directory /home/runner/work/ozone/ozone/hadoop-ozone/integration-test/target/test-dir/MiniOzoneClusterImpl-5cf50c17-c591-473f-a8c4-88d8665d28d7/ozone-meta/datanode-2/ratis/tmp is not a group directory; ignoring it. 
2025-04-23 15:44:38,440 [main] INFO  replication.ReplicationServer (ReplicationServer.java:<init>(84)) - Initializing replication server with thread count = 10 queue length = 4096
2025-04-23 15:44:38,441 [main] INFO  server.XceiverServerGrpc (XceiverServerGrpc.java:<init>(131)) - GrpcServer channel type EpollServerSocketChannel
2025-04-23 15:44:38,443 [main] INFO  replication.ReplicationSupervisor (ReplicationSupervisor.java:build(169)) - Initializing replication supervisor with thread count = 10
2025-04-23 15:44:38,443 [main] INFO  replication.ReplicationSupervisor (ReplicationSupervisor.java:nodeStateUpdated(358)) - Node state updated to IN_SERVICE, scaling executor pool size to 10
2025-04-23 15:44:38,446 [main] INFO  http.BaseHttpServer (BaseHttpServer.java:newHttpServer2BuilderForOzone(229)) - Starting Web-server for hddsDatanode at: http://0.0.0.0:15026
2025-04-23 15:44:38,446 [main] INFO  http.BaseHttpServer (BaseHttpServer.java:<init>(107)) - Hadoop Security Enabled: false Ozone Security Enabled: false Ozone HTTP Security Enabled: false 
2025-04-23 15:44:38,448 [main] WARN  server.AuthenticationFilter (AuthenticationFilter.java:constructSecretProvider(240)) - Unable to initialize FileSignerSecretProvider, falling back to use random secrets. Reason: Could not read signature secret file: /home/runner/hadoop-http-auth-signature-secret
2025-04-23 15:44:38,451 [main] INFO  http.HttpServer2 (HttpServer2.java:addGlobalFilter(1041)) - Added global filter 'safety' (class=org.apache.hadoop.hdds.server.http.HttpServer2$QuotingInputFilter)
2025-04-23 15:44:38,452 [main] INFO  http.HttpServer2 (HttpServer2.java:addFilter(1017)) - Added filter static_user_filter (class=org.apache.hadoop.http.lib.StaticUserWebFilter$StaticUserFilter) to context hddsDatanode
2025-04-23 15:44:38,452 [main] INFO  http.HttpServer2 (HttpServer2.java:addFilter(1025)) - Added filter static_user_filter (class=org.apache.hadoop.http.lib.StaticUserWebFilter$StaticUserFilter) to context static
2025-04-23 15:44:38,452 [main] INFO  http.HttpServer2 (HttpServer2.java:addFilter(1025)) - Added filter static_user_filter (class=org.apache.hadoop.http.lib.StaticUserWebFilter$StaticUserFilter) to context logs
2025-04-23 15:44:38,453 [main] INFO  http.BaseHttpServer (BaseHttpServer.java:<init>(195)) - HTTP server of hddsDatanode uses base directory /home/runner/work/ozone/ozone/hadoop-ozone/integration-test/target/test-dir/MiniOzoneClusterImpl-5cf50c17-c591-473f-a8c4-88d8665d28d7/ozone-meta/datanode-2/meta/webserver
2025-04-23 15:44:38,453 [main] INFO  http.HttpServer2 (HttpServer2.java:bindListener(1241)) - Jetty bound to port 15026
2025-04-23 15:44:38,454 [main] INFO  server.Server (Server.java:doStart(375)) - jetty-9.4.57.v20241219; built: 2025-01-08T21:24:30.412Z; git: df524e6b29271c2e09ba9aea83c18dc9db464a31; jvm 21.0.7+6-LTS
2025-04-23 15:44:38,456 [main] INFO  server.session (DefaultSessionIdManager.java:doStart(334)) - DefaultSessionIdManager workerName=node0
2025-04-23 15:44:38,456 [main] INFO  server.session (DefaultSessionIdManager.java:doStart(339)) - No SessionScavenger set, using defaults
2025-04-23 15:44:38,456 [main] INFO  server.session (HouseKeeper.java:startScavenging(132)) - node0 Scavenging every 660000ms
2025-04-23 15:44:38,457 [main] INFO  handler.ContextHandler (ContextHandler.java:doStart(921)) - Started o.e.j.s.ServletContextHandler@74f8a334{logs,/logs,file:///home/runner/work/ozone/ozone/hadoop-ozone/integration-test/target/log,AVAILABLE}
2025-04-23 15:44:38,457 [main] INFO  handler.ContextHandler (ContextHandler.java:doStart(921)) - Started o.e.j.s.ServletContextHandler@38415212{static,/static,jar:file:/home/runner/work/ozone/ozone/hadoop-hdds/container-service/target/hdds-container-service-2.1.0-SNAPSHOT.jar!/webapps/static,AVAILABLE}
2025-04-23 15:44:38,460 [bea46156-cfa9-40b4-9197-d8d351f5fc2c-DatanodeStateMachineTaskThread-0] INFO  datanode.InitDatanodeState (InitDatanodeState.java:persistContainerDatanodeDetails(139)) - DatanodeDetails is persisted to /home/runner/work/ozone/ozone/hadoop-ozone/integration-test/target/test-dir/MiniOzoneClusterImpl-5cf50c17-c591-473f-a8c4-88d8665d28d7/ozone-meta/datanode-1/meta/datanode.id
2025-04-23 15:44:38,618 [main] INFO  handler.ContextHandler (ContextHandler.java:doStart(921)) - Started o.e.j.w.WebAppContext@47a782a1{hddsDatanode,/,file:///home/runner/work/ozone/ozone/hadoop-ozone/integration-test/target/test-dir/MiniOzoneClusterImpl-5cf50c17-c591-473f-a8c4-88d8665d28d7/ozone-meta/datanode-2/meta/webserver/jetty-0_0_0_0-15026-hdds-container-service-2_1_0-SNAPSHOT_jar-_-any-13249690099486198390/webapp/,AVAILABLE}{jar:file:/home/runner/work/ozone/ozone/hadoop-hdds/container-service/target/hdds-container-service-2.1.0-SNAPSHOT.jar!/webapps/hddsDatanode}
2025-04-23 15:44:38,619 [main] INFO  server.AbstractConnector (AbstractConnector.java:doStart(333)) - Started ServerConnector@7af92277{HTTP/1.1, (http/1.1)}{0.0.0.0:15026}
2025-04-23 15:44:38,619 [main] INFO  server.Server (Server.java:doStart(415)) - Started @13601ms
2025-04-23 15:44:38,619 [main] WARN  impl.MetricsSystemImpl (MetricsSystemImpl.java:register(279)) - Sink prometheus already exists!
2025-04-23 15:44:38,620 [main] INFO  http.BaseHttpServer (BaseHttpServer.java:updateConnectorAddress(360)) - HTTP server of hddsDatanode listening at http://0.0.0.0:15026
2025-04-23 15:44:38,620 [main] INFO  ipc.CallQueueManager (CallQueueManager.java:<init>(93)) - Using callQueue: class java.util.concurrent.LinkedBlockingQueue, queueCapacity: 1000, scheduler: class org.apache.hadoop.ipc.DefaultRpcScheduler, ipcBackoff: false, ipcFailOver: false.
2025-04-23 15:44:38,620 [main] INFO  ipc.Server (Server.java:<init>(1438)) - Listener at 0.0.0.0:15027
2025-04-23 15:44:38,621 [Socket Reader #1 for port 15027] INFO  ipc.Server (Server.java:run(1474)) - Starting Socket Reader #1 for port 15027
2025-04-23 15:44:38,621 [Socket Reader #2 for port 15027] INFO  ipc.Server (Server.java:run(1474)) - Starting Socket Reader #2 for port 15027
2025-04-23 15:44:38,621 [Socket Reader #3 for port 15027] INFO  ipc.Server (Server.java:run(1474)) - Starting Socket Reader #3 for port 15027
2025-04-23 15:44:38,622 [Socket Reader #4 for port 15027] INFO  ipc.Server (Server.java:run(1474)) - Starting Socket Reader #4 for port 15027
2025-04-23 15:44:38,622 [Socket Reader #5 for port 15027] INFO  ipc.Server (Server.java:run(1474)) - Starting Socket Reader #5 for port 15027
2025-04-23 15:44:38,622 [Socket Reader #6 for port 15027] INFO  ipc.Server (Server.java:run(1474)) - Starting Socket Reader #6 for port 15027
2025-04-23 15:44:38,622 [Socket Reader #7 for port 15027] INFO  ipc.Server (Server.java:run(1474)) - Starting Socket Reader #7 for port 15027
2025-04-23 15:44:38,622 [Socket Reader #8 for port 15027] INFO  ipc.Server (Server.java:run(1474)) - Starting Socket Reader #8 for port 15027
2025-04-23 15:44:38,623 [Socket Reader #9 for port 15027] INFO  ipc.Server (Server.java:run(1474)) - Starting Socket Reader #9 for port 15027
2025-04-23 15:44:38,623 [Socket Reader #10 for port 15027] INFO  ipc.Server (Server.java:run(1474)) - Starting Socket Reader #10 for port 15027
2025-04-23 15:44:38,625 [main] INFO  ozone.HddsDatanodeService (HddsDatanodeService.java:start(325)) - Datanode start with admins: [*, runner]
2025-04-23 15:44:38,625 [main] INFO  ozone.HddsDatanodeClientProtocolServer (HddsDatanodeClientProtocolServer.java:start(76)) - RPC server for Client /0.0.0.0:15027
2025-04-23 15:44:38,625 [IPC Server Responder] INFO  ipc.Server (Server.java:run(1713)) - IPC Server Responder: starting
2025-04-23 15:44:38,626 [IPC Server listener on 15027] INFO  ipc.Server (Server.java:run(1553)) - IPC Server listener on 15027: starting
2025-04-23 15:44:38,628 [main] WARN  dropwizard3.Dm3MetricRegistriesImpl (Dm3MetricRegistriesImpl.java:addReporterRegistration(114)) - New reporters are added after registries were created. Some metrics will be missing from the reporter. Please add reporter before adding any new registry.
2025-04-23 15:44:38,628 [main] WARN  dropwizard3.Dm3MetricRegistriesImpl (Dm3MetricRegistriesImpl.java:addReporterRegistration(114)) - New reporters are added after registries were created. Some metrics will be missing from the reporter. Please add reporter before adding any new registry.
2025-04-23 15:44:38,628 [main] INFO  impl.MetricsSystemImpl (MetricsSystemImpl.java:init(158)) - HddsDatanode metrics system started (again)
2025-04-23 15:44:38,632 [e48ea510-4cfd-493d-84b4-aa69255fcf6e-DatanodeStateMachineDaemonThread] INFO  statemachine.DatanodeStateMachine (DatanodeStateMachine.java:startStateMachineThread(340)) - Ozone container server started.
2025-04-23 15:44:38,638 [e48ea510-4cfd-493d-84b4-aa69255fcf6e-DatanodeStateMachineTaskThread-0] INFO  datanode.InitDatanodeState (InitDatanodeState.java:persistContainerDatanodeDetails(139)) - DatanodeDetails is persisted to /home/runner/work/ozone/ozone/hadoop-ozone/integration-test/target/test-dir/MiniOzoneClusterImpl-5cf50c17-c591-473f-a8c4-88d8665d28d7/ozone-meta/datanode-2/meta/datanode.id
2025-04-23 15:44:38,642 [main] INFO  protocol.DatanodeDetails (DatanodeDetails.java:validateDatanodeIpAddress(199)) - Updating IP address of datanode 1d13aa12-f904-4b76-b74f-beab0aa3318b(fv-az1337-835.volajmlkxqluvnxrtphx4chkya.cx.internal.cloudapp.net/null) to 10.1.0.188
2025-04-23 15:44:38,643 [main] INFO  ozone.HddsDatanodeService (HddsDatanodeService.java:start(234)) - HddsDatanodeService 1d13aa12-f904-4b76-b74f-beab0aa3318b(fv-az1337-835.volajmlkxqluvnxrtphx4chkya.cx.internal.cloudapp.net/10.1.0.188)
2025-04-23 15:44:38,645 [main] INFO  upgrade.AbstractLayoutVersionManager (AbstractLayoutVersionManager.java:init(80)) - Initializing Layout version manager with metadata layout = HBASE_SUPPORT (version = 8), software layout = HBASE_SUPPORT (version = 8)
2025-04-23 15:44:38,645 [main] INFO  statemachine.DatanodeStateMachine (DatanodeStateMachine.java:getEndPointTaskThreadPoolSize(297)) - Datanode State Machine Task Thread Pool size 2
2025-04-23 15:44:38,649 [main] INFO  volume.HddsVolume (HddsVolume.java:<init>(158)) - HddsVolume: { id=DS-9effe6f9-7c8b-4cf3-b50a-f217453a1927 dir=/home/runner/work/ozone/ozone/hadoop-ozone/integration-test/target/test-dir/MiniOzoneClusterImpl-5cf50c17-c591-473f-a8c4-88d8665d28d7/ozone-meta/datanode-3/data-0/hdds type=DISK capacity=9222449699674390527 used=0 available=9222449699674390527 minFree=5368709120 committed=0 }
2025-04-23 15:44:38,649 [main] INFO  volume.MutableVolumeSet (MutableVolumeSet.java:initializeVolumeSet(166)) - Added Volume : /home/runner/work/ozone/ozone/hadoop-ozone/integration-test/target/test-dir/MiniOzoneClusterImpl-5cf50c17-c591-473f-a8c4-88d8665d28d7/ozone-meta/datanode-3/data-0/hdds to VolumeSet
2025-04-23 15:44:38,651 [main] INFO  volume.MutableVolumeSet (MutableVolumeSet.java:initializeVolumeSet(166)) - Added Volume : /home/runner/work/ozone/ozone/hadoop-ozone/integration-test/target/test-dir/MiniOzoneClusterImpl-5cf50c17-c591-473f-a8c4-88d8665d28d7/ozone-meta/datanode-3/ratis to VolumeSet
2025-04-23 15:44:38,652 [main] INFO  ozoneimpl.OzoneContainer (HddsVolumeUtil.java:loadAllHddsVolumeDbStore(102)) - Load 1 volumes DbStore cost: 0ms
2025-04-23 15:44:38,653 [main] WARN  db.DBStoreBuilder (DBStoreBuilder.java:getDBDirPath(167)) - ozone.scm.datanode.id.dir is not configured. We recommend adding this setting. Falling back to ozone.metadata.dirs instead.
2025-04-23 15:44:38,654 [main] WARN  db.DBStoreBuilder (DBStoreBuilder.java:getDBDirPath(167)) - ozone.scm.datanode.id.dir is not configured. We recommend adding this setting. Falling back to ozone.metadata.dirs instead.
2025-04-23 15:44:38,667 [main] INFO  impl.FilePerChunkStrategy (FilePerChunkStrategy.java:<init>(79)) - ozone.chunk.read.mapped.buffer.max.count is load with 0
2025-04-23 15:44:38,668 [main] INFO  impl.FilePerBlockStrategy (FilePerBlockStrategy.java:<init>(87)) - ozone.chunk.read.mapped.buffer.max.count is load with 0
2025-04-23 15:44:38,669 [main] INFO  server.RaftServerConfigKeys (ConfUtils.java:logGet(46)) - raft.server.log.appender.buffer.byte-limit = 33554432 (custom)
2025-04-23 15:44:38,671 [main] INFO  server.RaftServer (ConfUtils.java:logGet(46)) - raft.rpc.type = GRPC (default)
2025-04-23 15:44:38,671 [main] INFO  grpc.GrpcConfigKeys (ConfUtils.java:logFallback(53)) - raft.grpc.admin.host = null (fallback to raft.grpc.server.host)
2025-04-23 15:44:38,671 [main] INFO  grpc.GrpcConfigKeys (ConfUtils.java:logGet(46)) - raft.grpc.admin.port = 15038 (custom)
2025-04-23 15:44:38,671 [main] INFO  grpc.GrpcConfigKeys (ConfUtils.java:logFallback(53)) - raft.grpc.client.host = null (fallback to raft.grpc.server.host)
2025-04-23 15:44:38,671 [main] INFO  grpc.GrpcConfigKeys (ConfUtils.java:logGet(46)) - raft.grpc.client.port = 15037 (custom)
2025-04-23 15:44:38,671 [main] INFO  grpc.GrpcConfigKeys (ConfUtils.java:logGet(46)) - raft.grpc.server.host = null (default)
2025-04-23 15:44:38,671 [main] INFO  grpc.GrpcConfigKeys (ConfUtils.java:logGet(46)) - raft.grpc.server.port = 15039 (custom)
2025-04-23 15:44:38,671 [main] INFO  server.GrpcService (ConfUtils.java:logGet(46)) - raft.grpc.message.size.max = 34603008 (custom)
2025-04-23 15:44:38,672 [main] INFO  server.GrpcService (ConfUtils.java:logGet(46)) - raft.grpc.flow.control.window = 5MB (=5242880) (custom)
2025-04-23 15:44:38,672 [main] INFO  server.RaftServerConfigKeys (ConfUtils.java:logGet(46)) - raft.server.rpc.request.timeout = 60s (custom)
2025-04-23 15:44:38,672 [main] INFO  grpc.GrpcConfigKeys (ConfUtils.java:logGet(46)) - raft.grpc.server.heartbeat.channel = true (default)
2025-04-23 15:44:38,672 [main] INFO  server.RaftServerConfigKeys (ConfUtils.java:logGet(46)) - raft.server.log.appender.buffer.byte-limit = 33554432 (custom)
2025-04-23 15:44:38,672 [main] INFO  grpc.GrpcConfigKeys (ConfUtils.java:logGet(46)) - raft.grpc.server.async.request.thread.pool.cached = true (default)
2025-04-23 15:44:38,672 [main] INFO  grpc.GrpcConfigKeys (ConfUtils.java:logGet(46)) - raft.grpc.server.async.request.thread.pool.size = 32 (default)
2025-04-23 15:44:38,674 [main] INFO  impl.DataStreamServerImpl (ConfUtils.java:logGet(46)) - raft.datastream.type = NETTY (custom)
2025-04-23 15:44:38,674 [main] INFO  server.RaftServerConfigKeys (ConfUtils.java:logGet(46)) - raft.server.data-stream.async.request.thread.pool.cached = false (default)
2025-04-23 15:44:38,675 [main] INFO  server.RaftServerConfigKeys (ConfUtils.java:logGet(46)) - raft.server.data-stream.async.request.thread.pool.size = 20 (custom)
2025-04-23 15:44:38,675 [main] INFO  server.RaftServerConfigKeys (ConfUtils.java:logGet(46)) - raft.server.data-stream.async.write.thread.pool.size = 16 (default)
2025-04-23 15:44:38,675 [main] INFO  netty.NettyConfigKeys$DataStream (ConfUtils.java:logGet(46)) - raft.netty.dataStream.server.channel.inactive.grace-period = 10min (default)
2025-04-23 15:44:38,675 [main] INFO  server.RaftServerConfigKeys (ConfUtils.java:logGet(46)) - raft.server.data-stream.client.pool.size = 10 (default)
2025-04-23 15:44:38,675 [main] INFO  netty.NettyConfigKeys$DataStream (ConfUtils.java:logGet(46)) - raft.netty.dataStream.server.use-epoll = true (default)
2025-04-23 15:44:38,675 [main] INFO  netty.NettyConfigKeys$DataStream (ConfUtils.java:logGet(46)) - raft.netty.dataStream.server.boss-group.size = 0 (default)
2025-04-23 15:44:38,675 [main] INFO  netty.NettyUtils (NettyUtils.java:newEventLoopGroup(74)) - Create EpollEventLoopGroup for 1d13aa12-f904-4b76-b74f-beab0aa3318b-NettyServerStreamRpc-bossGroup; Thread size is 0.
2025-04-23 15:44:38,676 [main] INFO  netty.NettyConfigKeys$DataStream (ConfUtils.java:logGet(46)) - raft.netty.dataStream.server.worker-group.size = 0 (default)
2025-04-23 15:44:38,676 [main] INFO  netty.NettyUtils (NettyUtils.java:newEventLoopGroup(74)) - Create EpollEventLoopGroup for 1d13aa12-f904-4b76-b74f-beab0aa3318b-NettyServerStreamRpc-workerGroup; Thread size is 0.
2025-04-23 15:44:38,677 [main] INFO  netty.NettyConfigKeys$DataStream (ConfUtils.java:logGet(46)) - raft.netty.dataStream.server.tls.conf = null (default)
2025-04-23 15:44:38,677 [main] INFO  netty.NettyConfigKeys$DataStream (ConfUtils.java:logGet(46)) - raft.netty.dataStream.host = null (default)
2025-04-23 15:44:38,677 [main] INFO  netty.NettyConfigKeys$DataStream (ConfUtils.java:logGet(46)) - raft.netty.dataStream.port = 15040 (custom)
2025-04-23 15:44:38,677 [main] INFO  server.RaftServerConfigKeys (ConfUtils.java:logGet(46)) - raft.server.sleep.deviation.threshold = 300ms (default)
2025-04-23 15:44:38,677 [main] INFO  server.RaftServerConfigKeys (ConfUtils.java:logGet(46)) - raft.server.close.threshold = 60s (default)
2025-04-23 15:44:38,678 [main] INFO  server.RaftServerConfigKeys (ConfUtils.java:logGet(46)) - raft.server.leaderelection.leader.step-down.wait-time = 10s (default)
2025-04-23 15:44:38,678 [main] INFO  server.RaftServerConfigKeys (ConfUtils.java:logGet(46)) - raft.server.storage.dir = [/home/runner/work/ozone/ozone/hadoop-ozone/integration-test/target/test-dir/MiniOzoneClusterImpl-5cf50c17-c591-473f-a8c4-88d8665d28d7/ozone-meta/datanode-3/ratis] (custom)
2025-04-23 15:44:38,678 [main] INFO  server.RaftServerConfigKeys (ConfUtils.java:logGet(46)) - raft.server.threadpool.proxy.cached = true (default)
2025-04-23 15:44:38,678 [main] INFO  server.RaftServerConfigKeys (ConfUtils.java:logGet(46)) - raft.server.threadpool.proxy.size = 0 (default)
2025-04-23 15:44:38,678 [1d13aa12-f904-4b76-b74f-beab0aa3318b-impl-thread1] INFO  server.RaftServer (RaftServerProxy.java:initGroupDir(265)) - 1d13aa12-f904-4b76-b74f-beab0aa3318b: found a subdirectory /home/runner/work/ozone/ozone/hadoop-ozone/integration-test/target/test-dir/MiniOzoneClusterImpl-5cf50c17-c591-473f-a8c4-88d8665d28d7/ozone-meta/datanode-3/ratis/tmp
2025-04-23 15:44:38,679 [1d13aa12-f904-4b76-b74f-beab0aa3318b-impl-thread1] INFO  server.RaftServer (RaftServerProxy.java:initGroupDir(270)) - 1d13aa12-f904-4b76-b74f-beab0aa3318b: The directory /home/runner/work/ozone/ozone/hadoop-ozone/integration-test/target/test-dir/MiniOzoneClusterImpl-5cf50c17-c591-473f-a8c4-88d8665d28d7/ozone-meta/datanode-3/ratis/tmp is not a group directory; ignoring it. 
2025-04-23 15:44:38,679 [1d13aa12-f904-4b76-b74f-beab0aa3318b-NettyServerStreamRpc-bossGroup--thread1] INFO  logging.LoggingHandler (AbstractInternalLogger.java:log(148)) - [id: 0xbfd05ee6] REGISTERED
2025-04-23 15:44:38,679 [main] INFO  replication.ReplicationServer (ReplicationServer.java:<init>(84)) - Initializing replication server with thread count = 10 queue length = 4096
2025-04-23 15:44:38,679 [1d13aa12-f904-4b76-b74f-beab0aa3318b-NettyServerStreamRpc-bossGroup--thread1] INFO  logging.LoggingHandler (AbstractInternalLogger.java:log(148)) - [id: 0xbfd05ee6] BIND: 0.0.0.0/0.0.0.0:15040
2025-04-23 15:44:38,680 [1d13aa12-f904-4b76-b74f-beab0aa3318b-NettyServerStreamRpc-bossGroup--thread1] INFO  logging.LoggingHandler (AbstractInternalLogger.java:log(148)) - [id: 0xbfd05ee6, L:/0.0.0.0:15040] ACTIVE
2025-04-23 15:44:38,680 [main] INFO  server.XceiverServerGrpc (XceiverServerGrpc.java:<init>(131)) - GrpcServer channel type EpollServerSocketChannel
2025-04-23 15:44:38,682 [main] INFO  replication.ReplicationSupervisor (ReplicationSupervisor.java:build(169)) - Initializing replication supervisor with thread count = 10
2025-04-23 15:44:38,682 [main] INFO  replication.ReplicationSupervisor (ReplicationSupervisor.java:nodeStateUpdated(358)) - Node state updated to IN_SERVICE, scaling executor pool size to 10
2025-04-23 15:44:38,685 [main] INFO  http.BaseHttpServer (BaseHttpServer.java:newHttpServer2BuilderForOzone(229)) - Starting Web-server for hddsDatanode at: http://0.0.0.0:15034
2025-04-23 15:44:38,685 [main] INFO  http.BaseHttpServer (BaseHttpServer.java:<init>(107)) - Hadoop Security Enabled: false Ozone Security Enabled: false Ozone HTTP Security Enabled: false 
2025-04-23 15:44:38,687 [main] WARN  server.AuthenticationFilter (AuthenticationFilter.java:constructSecretProvider(240)) - Unable to initialize FileSignerSecretProvider, falling back to use random secrets. Reason: Could not read signature secret file: /home/runner/hadoop-http-auth-signature-secret
2025-04-23 15:44:38,690 [main] INFO  http.HttpServer2 (HttpServer2.java:addGlobalFilter(1041)) - Added global filter 'safety' (class=org.apache.hadoop.hdds.server.http.HttpServer2$QuotingInputFilter)
2025-04-23 15:44:38,690 [main] INFO  http.HttpServer2 (HttpServer2.java:addFilter(1017)) - Added filter static_user_filter (class=org.apache.hadoop.http.lib.StaticUserWebFilter$StaticUserFilter) to context hddsDatanode
2025-04-23 15:44:38,690 [main] INFO  http.HttpServer2 (HttpServer2.java:addFilter(1025)) - Added filter static_user_filter (class=org.apache.hadoop.http.lib.StaticUserWebFilter$StaticUserFilter) to context logs
2025-04-23 15:44:38,691 [main] INFO  http.HttpServer2 (HttpServer2.java:addFilter(1025)) - Added filter static_user_filter (class=org.apache.hadoop.http.lib.StaticUserWebFilter$StaticUserFilter) to context static
2025-04-23 15:44:38,691 [main] INFO  http.BaseHttpServer (BaseHttpServer.java:<init>(195)) - HTTP server of hddsDatanode uses base directory /home/runner/work/ozone/ozone/hadoop-ozone/integration-test/target/test-dir/MiniOzoneClusterImpl-5cf50c17-c591-473f-a8c4-88d8665d28d7/ozone-meta/datanode-3/meta/webserver
2025-04-23 15:44:38,691 [main] INFO  http.HttpServer2 (HttpServer2.java:bindListener(1241)) - Jetty bound to port 15034
2025-04-23 15:44:38,691 [main] INFO  server.Server (Server.java:doStart(375)) - jetty-9.4.57.v20241219; built: 2025-01-08T21:24:30.412Z; git: df524e6b29271c2e09ba9aea83c18dc9db464a31; jvm 21.0.7+6-LTS
2025-04-23 15:44:38,693 [main] INFO  server.session (DefaultSessionIdManager.java:doStart(334)) - DefaultSessionIdManager workerName=node0
2025-04-23 15:44:38,693 [main] INFO  server.session (DefaultSessionIdManager.java:doStart(339)) - No SessionScavenger set, using defaults
2025-04-23 15:44:38,693 [main] INFO  server.session (HouseKeeper.java:startScavenging(132)) - node0 Scavenging every 600000ms
2025-04-23 15:44:38,694 [main] INFO  handler.ContextHandler (ContextHandler.java:doStart(921)) - Started o.e.j.s.ServletContextHandler@5b792e4a{logs,/logs,file:///home/runner/work/ozone/ozone/hadoop-ozone/integration-test/target/log,AVAILABLE}
2025-04-23 15:44:38,694 [main] INFO  handler.ContextHandler (ContextHandler.java:doStart(921)) - Started o.e.j.s.ServletContextHandler@342ad2a3{static,/static,jar:file:/home/runner/work/ozone/ozone/hadoop-hdds/container-service/target/hdds-container-service-2.1.0-SNAPSHOT.jar!/webapps/static,AVAILABLE}
2025-04-23 15:44:38,826 [main] INFO  handler.ContextHandler (ContextHandler.java:doStart(921)) - Started o.e.j.w.WebAppContext@27619307{hddsDatanode,/,file:///home/runner/work/ozone/ozone/hadoop-ozone/integration-test/target/test-dir/MiniOzoneClusterImpl-5cf50c17-c591-473f-a8c4-88d8665d28d7/ozone-meta/datanode-3/meta/webserver/jetty-0_0_0_0-15034-hdds-container-service-2_1_0-SNAPSHOT_jar-_-any-16737403525686338919/webapp/,AVAILABLE}{jar:file:/home/runner/work/ozone/ozone/hadoop-hdds/container-service/target/hdds-container-service-2.1.0-SNAPSHOT.jar!/webapps/hddsDatanode}
2025-04-23 15:44:38,826 [main] INFO  server.AbstractConnector (AbstractConnector.java:doStart(333)) - Started ServerConnector@338e0952{HTTP/1.1, (http/1.1)}{0.0.0.0:15034}
2025-04-23 15:44:38,827 [main] INFO  server.Server (Server.java:doStart(415)) - Started @13808ms
2025-04-23 15:44:38,827 [main] WARN  impl.MetricsSystemImpl (MetricsSystemImpl.java:register(279)) - Sink prometheus already exists!
2025-04-23 15:44:38,827 [main] INFO  http.BaseHttpServer (BaseHttpServer.java:updateConnectorAddress(360)) - HTTP server of hddsDatanode listening at http://0.0.0.0:15034
2025-04-23 15:44:38,828 [main] INFO  ipc.CallQueueManager (CallQueueManager.java:<init>(93)) - Using callQueue: class java.util.concurrent.LinkedBlockingQueue, queueCapacity: 1000, scheduler: class org.apache.hadoop.ipc.DefaultRpcScheduler, ipcBackoff: false, ipcFailOver: false.
2025-04-23 15:44:38,828 [main] INFO  ipc.Server (Server.java:<init>(1438)) - Listener at 0.0.0.0:15035
2025-04-23 15:44:38,828 [Socket Reader #1 for port 15035] INFO  ipc.Server (Server.java:run(1474)) - Starting Socket Reader #1 for port 15035
2025-04-23 15:44:38,828 [Socket Reader #2 for port 15035] INFO  ipc.Server (Server.java:run(1474)) - Starting Socket Reader #2 for port 15035
2025-04-23 15:44:38,829 [Socket Reader #3 for port 15035] INFO  ipc.Server (Server.java:run(1474)) - Starting Socket Reader #3 for port 15035
2025-04-23 15:44:38,829 [Socket Reader #4 for port 15035] INFO  ipc.Server (Server.java:run(1474)) - Starting Socket Reader #4 for port 15035
2025-04-23 15:44:38,829 [Socket Reader #5 for port 15035] INFO  ipc.Server (Server.java:run(1474)) - Starting Socket Reader #5 for port 15035
2025-04-23 15:44:38,830 [Socket Reader #6 for port 15035] INFO  ipc.Server (Server.java:run(1474)) - Starting Socket Reader #6 for port 15035
2025-04-23 15:44:38,830 [Socket Reader #7 for port 15035] INFO  ipc.Server (Server.java:run(1474)) - Starting Socket Reader #7 for port 15035
2025-04-23 15:44:38,830 [Socket Reader #8 for port 15035] INFO  ipc.Server (Server.java:run(1474)) - Starting Socket Reader #8 for port 15035
2025-04-23 15:44:38,830 [Socket Reader #9 for port 15035] INFO  ipc.Server (Server.java:run(1474)) - Starting Socket Reader #9 for port 15035
2025-04-23 15:44:38,831 [Socket Reader #10 for port 15035] INFO  ipc.Server (Server.java:run(1474)) - Starting Socket Reader #10 for port 15035
2025-04-23 15:44:38,832 [main] INFO  ozone.HddsDatanodeService (HddsDatanodeService.java:start(325)) - Datanode start with admins: [*, runner]
2025-04-23 15:44:38,832 [main] INFO  ozone.HddsDatanodeClientProtocolServer (HddsDatanodeClientProtocolServer.java:start(76)) - RPC server for Client /0.0.0.0:15035
2025-04-23 15:44:38,833 [IPC Server Responder] INFO  ipc.Server (Server.java:run(1713)) - IPC Server Responder: starting
2025-04-23 15:44:38,833 [IPC Server listener on 15035] INFO  ipc.Server (Server.java:run(1553)) - IPC Server listener on 15035: starting
2025-04-23 15:44:38,836 [1d13aa12-f904-4b76-b74f-beab0aa3318b-DatanodeStateMachineDaemonThread] INFO  statemachine.DatanodeStateMachine (DatanodeStateMachine.java:startStateMachineThread(340)) - Ozone container server started.
2025-04-23 15:44:38,840 [main] INFO  ozone.MiniOzoneClusterImpl (MiniOzoneClusterImpl.java:lambda$waitForClusterToBeReady$0(190)) - Waiting for nodes to be ready. Got 0 of 3 DN Heartbeats.
2025-04-23 15:44:38,840 [main] INFO  ozone.MiniOzoneClusterImpl (MiniOzoneClusterImpl.java:lambda$waitForClusterToBeReady$0(193)) - Waiting for cluster to exit safe mode
2025-04-23 15:44:38,840 [main] INFO  ozone.MiniOzoneClusterImpl (MiniOzoneClusterImpl.java:lambda$waitForClusterToBeReady$0(195)) - SCM became leader
2025-04-23 15:44:38,840 [1d13aa12-f904-4b76-b74f-beab0aa3318b-DatanodeStateMachineTaskThread-0] INFO  datanode.InitDatanodeState (InitDatanodeState.java:persistContainerDatanodeDetails(139)) - DatanodeDetails is persisted to /home/runner/work/ozone/ozone/hadoop-ozone/integration-test/target/test-dir/MiniOzoneClusterImpl-5cf50c17-c591-473f-a8c4-88d8665d28d7/ozone-meta/datanode-3/meta/datanode.id
2025-04-23 15:44:38,950 [bea46156-cfa9-40b4-9197-d8d351f5fc2c-EndpointStateMachineTaskThread-/0.0.0.0:15002-0 ] INFO  utils.DatanodeStoreCache (DatanodeStoreCache.java:addDB(71)) - Added db /home/runner/work/ozone/ozone/hadoop-ozone/integration-test/target/test-dir/MiniOzoneClusterImpl-5cf50c17-c591-473f-a8c4-88d8665d28d7/ozone-meta/datanode-1/data-0/hdds/5cf50c17-c591-473f-a8c4-88d8665d28d7/DS-88ec3949-8848-4f17-b7ba-313fce8f01ca/container.db to cache
2025-04-23 15:44:38,951 [bea46156-cfa9-40b4-9197-d8d351f5fc2c-EndpointStateMachineTaskThread-/0.0.0.0:15002-0 ] INFO  volume.HddsVolume (HddsVolume.java:createDbStore(510)) - SchemaV3 db is created and loaded at /home/runner/work/ozone/ozone/hadoop-ozone/integration-test/target/test-dir/MiniOzoneClusterImpl-5cf50c17-c591-473f-a8c4-88d8665d28d7/ozone-meta/datanode-1/data-0/hdds/5cf50c17-c591-473f-a8c4-88d8665d28d7/DS-88ec3949-8848-4f17-b7ba-313fce8f01ca/container.db for volume DS-88ec3949-8848-4f17-b7ba-313fce8f01ca
2025-04-23 15:44:38,957 [bea46156-cfa9-40b4-9197-d8d351f5fc2c-ContainerReader-0] INFO  ozoneimpl.ContainerReader (ContainerReader.java:readVolume(144)) - Start to verify containers on volume /home/runner/work/ozone/ozone/hadoop-ozone/integration-test/target/test-dir/MiniOzoneClusterImpl-5cf50c17-c591-473f-a8c4-88d8665d28d7/ozone-meta/datanode-1/data-0/hdds
2025-04-23 15:44:38,958 [bea46156-cfa9-40b4-9197-d8d351f5fc2c-ContainerReader-0] INFO  ozoneimpl.ContainerReader (ContainerReader.java:readVolume(174)) - Finish verifying containers on volume /home/runner/work/ozone/ozone/hadoop-ozone/integration-test/target/test-dir/MiniOzoneClusterImpl-5cf50c17-c591-473f-a8c4-88d8665d28d7/ozone-meta/datanode-1/data-0/hdds
2025-04-23 15:44:38,958 [bea46156-cfa9-40b4-9197-d8d351f5fc2c-EndpointStateMachineTaskThread-/0.0.0.0:15002-0 ] INFO  ozoneimpl.OzoneContainer (OzoneContainer.java:buildContainerSet(364)) - Build ContainerSet costs 0s
2025-04-23 15:44:38,959 [bea46156-cfa9-40b4-9197-d8d351f5fc2c-EndpointStateMachineTaskThread-/0.0.0.0:15002-0 ] INFO  volume.ThrottledAsyncChecker (ThrottledAsyncChecker.java:schedule(138)) - Scheduling a check for /home/runner/work/ozone/ozone/hadoop-ozone/integration-test/target/test-dir/MiniOzoneClusterImpl-5cf50c17-c591-473f-a8c4-88d8665d28d7/ozone-meta/datanode-1/data-0/hdds
2025-04-23 15:44:38,964 [bea46156-cfa9-40b4-9197-d8d351f5fc2c-EndpointStateMachineTaskThread-/0.0.0.0:15002-0 ] INFO  volume.StorageVolumeChecker (StorageVolumeChecker.java:checkAllVolumes(215)) - Scheduled health check for volume /home/runner/work/ozone/ozone/hadoop-ozone/integration-test/target/test-dir/MiniOzoneClusterImpl-5cf50c17-c591-473f-a8c4-88d8665d28d7/ozone-meta/datanode-1/data-0/hdds
2025-04-23 15:44:38,970 [bea46156-cfa9-40b4-9197-d8d351f5fc2c-EndpointStateMachineTaskThread-/0.0.0.0:15002-0 ] INFO  volume.ThrottledAsyncChecker (ThrottledAsyncChecker.java:schedule(138)) - Scheduling a check for /home/runner/work/ozone/ozone/hadoop-ozone/integration-test/target/test-dir/MiniOzoneClusterImpl-5cf50c17-c591-473f-a8c4-88d8665d28d7/ozone-meta/datanode-1/ratis
2025-04-23 15:44:38,970 [bea46156-cfa9-40b4-9197-d8d351f5fc2c-EndpointStateMachineTaskThread-/0.0.0.0:15002-0 ] INFO  volume.StorageVolumeChecker (StorageVolumeChecker.java:checkAllVolumes(215)) - Scheduled health check for volume /home/runner/work/ozone/ozone/hadoop-ozone/integration-test/target/test-dir/MiniOzoneClusterImpl-5cf50c17-c591-473f-a8c4-88d8665d28d7/ozone-meta/datanode-1/ratis
2025-04-23 15:44:38,971 [bea46156-cfa9-40b4-9197-d8d351f5fc2c-EndpointStateMachineTaskThread-/0.0.0.0:15002-0 ] INFO  ozoneimpl.OzoneContainer (OzoneContainer.java:start(512)) - Attempting to start container services.
2025-04-23 15:44:38,977 [ContainerMetadataScanner] INFO  ozoneimpl.AbstractBackgroundContainerScanner (AbstractBackgroundContainerScanner.java:runIteration(89)) - Completed an iteration in 0 minutes. Number of iterations (since the data-node restart) : 1, Number of containers scanned in this iteration : 0, Number of unhealthy containers found in this iteration : 0
2025-04-23 15:44:38,979 [bea46156-cfa9-40b4-9197-d8d351f5fc2c-EndpointStateMachineTaskThread-/0.0.0.0:15002-0 ] INFO  replication.ReplicationServer (ReplicationServer.java:start(137)) - ReplicationServer is started using port 15025
2025-04-23 15:44:38,980 [ContainerDataScanner(/home/runner/work/ozone/ozone/hadoop-ozone/integration-test/target/test-dir/MiniOzoneClusterImpl-5cf50c17-c591-473f-a8c4-88d8665d28d7/ozone-meta/datanode-1/data-0/hdds)] INFO  ozoneimpl.AbstractBackgroundContainerScanner (AbstractBackgroundContainerScanner.java:runIteration(89)) - Completed an iteration in 0 minutes. Number of iterations (since the data-node restart) : 1, Number of containers scanned in this iteration : 0, Number of unhealthy containers found in this iteration : 0
2025-04-23 15:44:38,980 [bea46156-cfa9-40b4-9197-d8d351f5fc2c-EndpointStateMachineTaskThread-/0.0.0.0:15002-0 ] INFO  ratis.XceiverServerRatis (XceiverServerRatis.java:start(559)) - Starting XceiverServerRatis(bea46156-cfa9-40b4-9197-d8d351f5fc2c)
2025-04-23 15:44:38,981 [bea46156-cfa9-40b4-9197-d8d351f5fc2c-EndpointStateMachineTaskThread-/0.0.0.0:15002-0 ] INFO  server.RaftServer (RaftServerProxy.java:startImpl(407)) - bea46156-cfa9-40b4-9197-d8d351f5fc2c: start RPC server
2025-04-23 15:44:38,981 [bea46156-cfa9-40b4-9197-d8d351f5fc2c-EndpointStateMachineTaskThread-/0.0.0.0:15002-0 ] INFO  server.GrpcService (GrpcService.java:startImpl(334)) - bea46156-cfa9-40b4-9197-d8d351f5fc2c: GrpcService started, listening on 15021
2025-04-23 15:44:38,981 [bea46156-cfa9-40b4-9197-d8d351f5fc2c-EndpointStateMachineTaskThread-/0.0.0.0:15002-0 ] INFO  server.GrpcService (GrpcService.java:startImpl(334)) - bea46156-cfa9-40b4-9197-d8d351f5fc2c: GrpcService started, listening on 15023
2025-04-23 15:44:38,982 [bea46156-cfa9-40b4-9197-d8d351f5fc2c-EndpointStateMachineTaskThread-/0.0.0.0:15002-0 ] INFO  server.GrpcService (GrpcService.java:startImpl(334)) - bea46156-cfa9-40b4-9197-d8d351f5fc2c: GrpcService started, listening on 15022
2025-04-23 15:44:38,982 [bea46156-cfa9-40b4-9197-d8d351f5fc2c-EndpointStateMachineTaskThread-/0.0.0.0:15002-0 ] INFO  ratis.XceiverServerRatis (XceiverServerRatis.java:getRealPort(586)) - XceiverServerRatis(bea46156-cfa9-40b4-9197-d8d351f5fc2c) is started using port RATIS=15021
2025-04-23 15:44:38,982 [bea46156-cfa9-40b4-9197-d8d351f5fc2c-EndpointStateMachineTaskThread-/0.0.0.0:15002-0 ] INFO  ratis.XceiverServerRatis (XceiverServerRatis.java:getRealPort(586)) - XceiverServerRatis(bea46156-cfa9-40b4-9197-d8d351f5fc2c) is started using port RATIS_ADMIN=15022
2025-04-23 15:44:38,982 [bea46156-cfa9-40b4-9197-d8d351f5fc2c-EndpointStateMachineTaskThread-/0.0.0.0:15002-0 ] INFO  ratis.XceiverServerRatis (XceiverServerRatis.java:getRealPort(586)) - XceiverServerRatis(bea46156-cfa9-40b4-9197-d8d351f5fc2c) is started using port RATIS_SERVER=15023
2025-04-23 15:44:38,982 [bea46156-cfa9-40b4-9197-d8d351f5fc2c-EndpointStateMachineTaskThread-/0.0.0.0:15002-0 ] INFO  ratis.XceiverServerRatis (XceiverServerRatis.java:getRealPort(586)) - XceiverServerRatis(bea46156-cfa9-40b4-9197-d8d351f5fc2c) is started using port RATIS_DATASTREAM=15024
2025-04-23 15:44:38,983 [JvmPauseMonitor5] INFO  util.JvmPauseMonitor (JvmPauseMonitor.java:run(146)) - JvmPauseMonitor-bea46156-cfa9-40b4-9197-d8d351f5fc2c: Started
2025-04-23 15:44:38,985 [bea46156-cfa9-40b4-9197-d8d351f5fc2c-BlockDeletingService#0] INFO  interfaces.ContainerDeletionChoosingPolicyTemplate (ContainerDeletionChoosingPolicyTemplate.java:chooseContainerForBlockDeletion(83)) - Chosen 0/5000 blocks from 0 candidate containers.
2025-04-23 15:44:39,169 [e48ea510-4cfd-493d-84b4-aa69255fcf6e-EndpointStateMachineTaskThread-/0.0.0.0:15002-0 ] INFO  utils.DatanodeStoreCache (DatanodeStoreCache.java:addDB(71)) - Added db /home/runner/work/ozone/ozone/hadoop-ozone/integration-test/target/test-dir/MiniOzoneClusterImpl-5cf50c17-c591-473f-a8c4-88d8665d28d7/ozone-meta/datanode-2/data-0/hdds/5cf50c17-c591-473f-a8c4-88d8665d28d7/DS-b6809cb6-d717-462a-a7ae-19182db32c6d/container.db to cache
2025-04-23 15:44:39,169 [e48ea510-4cfd-493d-84b4-aa69255fcf6e-EndpointStateMachineTaskThread-/0.0.0.0:15002-0 ] INFO  volume.HddsVolume (HddsVolume.java:createDbStore(510)) - SchemaV3 db is created and loaded at /home/runner/work/ozone/ozone/hadoop-ozone/integration-test/target/test-dir/MiniOzoneClusterImpl-5cf50c17-c591-473f-a8c4-88d8665d28d7/ozone-meta/datanode-2/data-0/hdds/5cf50c17-c591-473f-a8c4-88d8665d28d7/DS-b6809cb6-d717-462a-a7ae-19182db32c6d/container.db for volume DS-b6809cb6-d717-462a-a7ae-19182db32c6d
2025-04-23 15:44:39,171 [e48ea510-4cfd-493d-84b4-aa69255fcf6e-ContainerReader-0] INFO  ozoneimpl.ContainerReader (ContainerReader.java:readVolume(144)) - Start to verify containers on volume /home/runner/work/ozone/ozone/hadoop-ozone/integration-test/target/test-dir/MiniOzoneClusterImpl-5cf50c17-c591-473f-a8c4-88d8665d28d7/ozone-meta/datanode-2/data-0/hdds
2025-04-23 15:44:39,172 [e48ea510-4cfd-493d-84b4-aa69255fcf6e-ContainerReader-0] INFO  ozoneimpl.ContainerReader (ContainerReader.java:readVolume(174)) - Finish verifying containers on volume /home/runner/work/ozone/ozone/hadoop-ozone/integration-test/target/test-dir/MiniOzoneClusterImpl-5cf50c17-c591-473f-a8c4-88d8665d28d7/ozone-meta/datanode-2/data-0/hdds
2025-04-23 15:44:39,172 [e48ea510-4cfd-493d-84b4-aa69255fcf6e-EndpointStateMachineTaskThread-/0.0.0.0:15002-0 ] INFO  ozoneimpl.OzoneContainer (OzoneContainer.java:buildContainerSet(364)) - Build ContainerSet costs 0s
2025-04-23 15:44:39,172 [e48ea510-4cfd-493d-84b4-aa69255fcf6e-EndpointStateMachineTaskThread-/0.0.0.0:15002-0 ] INFO  volume.ThrottledAsyncChecker (ThrottledAsyncChecker.java:schedule(138)) - Scheduling a check for /home/runner/work/ozone/ozone/hadoop-ozone/integration-test/target/test-dir/MiniOzoneClusterImpl-5cf50c17-c591-473f-a8c4-88d8665d28d7/ozone-meta/datanode-2/data-0/hdds
2025-04-23 15:44:39,172 [e48ea510-4cfd-493d-84b4-aa69255fcf6e-EndpointStateMachineTaskThread-/0.0.0.0:15002-0 ] INFO  volume.StorageVolumeChecker (StorageVolumeChecker.java:checkAllVolumes(215)) - Scheduled health check for volume /home/runner/work/ozone/ozone/hadoop-ozone/integration-test/target/test-dir/MiniOzoneClusterImpl-5cf50c17-c591-473f-a8c4-88d8665d28d7/ozone-meta/datanode-2/data-0/hdds
2025-04-23 15:44:39,176 [e48ea510-4cfd-493d-84b4-aa69255fcf6e-EndpointStateMachineTaskThread-/0.0.0.0:15002-0 ] INFO  volume.ThrottledAsyncChecker (ThrottledAsyncChecker.java:schedule(138)) - Scheduling a check for /home/runner/work/ozone/ozone/hadoop-ozone/integration-test/target/test-dir/MiniOzoneClusterImpl-5cf50c17-c591-473f-a8c4-88d8665d28d7/ozone-meta/datanode-2/ratis
2025-04-23 15:44:39,176 [e48ea510-4cfd-493d-84b4-aa69255fcf6e-EndpointStateMachineTaskThread-/0.0.0.0:15002-0 ] INFO  volume.StorageVolumeChecker (StorageVolumeChecker.java:checkAllVolumes(215)) - Scheduled health check for volume /home/runner/work/ozone/ozone/hadoop-ozone/integration-test/target/test-dir/MiniOzoneClusterImpl-5cf50c17-c591-473f-a8c4-88d8665d28d7/ozone-meta/datanode-2/ratis
2025-04-23 15:44:39,177 [e48ea510-4cfd-493d-84b4-aa69255fcf6e-EndpointStateMachineTaskThread-/0.0.0.0:15002-0 ] INFO  ozoneimpl.OzoneContainer (OzoneContainer.java:start(512)) - Attempting to start container services.
2025-04-23 15:44:39,177 [e48ea510-4cfd-493d-84b4-aa69255fcf6e-EndpointStateMachineTaskThread-/0.0.0.0:15002-0 ] WARN  ozoneimpl.OnDemandContainerDataScanner (OnDemandContainerDataScanner.java:init(74)) - Trying to initialize on demand scanner a second time on a datanode.
2025-04-23 15:44:39,177 [ContainerMetadataScanner] INFO  ozoneimpl.AbstractBackgroundContainerScanner (AbstractBackgroundContainerScanner.java:runIteration(89)) - Completed an iteration in 0 minutes. Number of iterations (since the data-node restart) : 1, Number of containers scanned in this iteration : 0, Number of unhealthy containers found in this iteration : 0
2025-04-23 15:44:39,178 [ContainerDataScanner(/home/runner/work/ozone/ozone/hadoop-ozone/integration-test/target/test-dir/MiniOzoneClusterImpl-5cf50c17-c591-473f-a8c4-88d8665d28d7/ozone-meta/datanode-2/data-0/hdds)] INFO  ozoneimpl.AbstractBackgroundContainerScanner (AbstractBackgroundContainerScanner.java:runIteration(89)) - Completed an iteration in 0 minutes. Number of iterations (since the data-node restart) : 1, Number of containers scanned in this iteration : 0, Number of unhealthy containers found in this iteration : 0
2025-04-23 15:44:39,178 [e48ea510-4cfd-493d-84b4-aa69255fcf6e-EndpointStateMachineTaskThread-/0.0.0.0:15002-0 ] INFO  replication.ReplicationServer (ReplicationServer.java:start(137)) - ReplicationServer is started using port 15033
2025-04-23 15:44:39,179 [e48ea510-4cfd-493d-84b4-aa69255fcf6e-EndpointStateMachineTaskThread-/0.0.0.0:15002-0 ] INFO  ratis.XceiverServerRatis (XceiverServerRatis.java:start(559)) - Starting XceiverServerRatis(e48ea510-4cfd-493d-84b4-aa69255fcf6e)
2025-04-23 15:44:39,179 [e48ea510-4cfd-493d-84b4-aa69255fcf6e-EndpointStateMachineTaskThread-/0.0.0.0:15002-0 ] INFO  server.RaftServer (RaftServerProxy.java:startImpl(407)) - e48ea510-4cfd-493d-84b4-aa69255fcf6e: start RPC server
2025-04-23 15:44:39,180 [e48ea510-4cfd-493d-84b4-aa69255fcf6e-EndpointStateMachineTaskThread-/0.0.0.0:15002-0 ] INFO  server.GrpcService (GrpcService.java:startImpl(334)) - e48ea510-4cfd-493d-84b4-aa69255fcf6e: GrpcService started, listening on 15029
2025-04-23 15:44:39,181 [e48ea510-4cfd-493d-84b4-aa69255fcf6e-EndpointStateMachineTaskThread-/0.0.0.0:15002-0 ] INFO  server.GrpcService (GrpcService.java:startImpl(334)) - e48ea510-4cfd-493d-84b4-aa69255fcf6e: GrpcService started, listening on 15031
2025-04-23 15:44:39,181 [e48ea510-4cfd-493d-84b4-aa69255fcf6e-EndpointStateMachineTaskThread-/0.0.0.0:15002-0 ] INFO  server.GrpcService (GrpcService.java:startImpl(334)) - e48ea510-4cfd-493d-84b4-aa69255fcf6e: GrpcService started, listening on 15030
2025-04-23 15:44:39,182 [e48ea510-4cfd-493d-84b4-aa69255fcf6e-EndpointStateMachineTaskThread-/0.0.0.0:15002-0 ] INFO  ratis.XceiverServerRatis (XceiverServerRatis.java:getRealPort(586)) - XceiverServerRatis(e48ea510-4cfd-493d-84b4-aa69255fcf6e) is started using port RATIS=15029
2025-04-23 15:44:39,182 [JvmPauseMonitor6] INFO  util.JvmPauseMonitor (JvmPauseMonitor.java:run(146)) - JvmPauseMonitor-e48ea510-4cfd-493d-84b4-aa69255fcf6e: Started
2025-04-23 15:44:39,182 [e48ea510-4cfd-493d-84b4-aa69255fcf6e-EndpointStateMachineTaskThread-/0.0.0.0:15002-0 ] INFO  ratis.XceiverServerRatis (XceiverServerRatis.java:getRealPort(586)) - XceiverServerRatis(e48ea510-4cfd-493d-84b4-aa69255fcf6e) is started using port RATIS_ADMIN=15030
2025-04-23 15:44:39,182 [e48ea510-4cfd-493d-84b4-aa69255fcf6e-EndpointStateMachineTaskThread-/0.0.0.0:15002-0 ] INFO  ratis.XceiverServerRatis (XceiverServerRatis.java:getRealPort(586)) - XceiverServerRatis(e48ea510-4cfd-493d-84b4-aa69255fcf6e) is started using port RATIS_SERVER=15031
2025-04-23 15:44:39,182 [e48ea510-4cfd-493d-84b4-aa69255fcf6e-EndpointStateMachineTaskThread-/0.0.0.0:15002-0 ] INFO  ratis.XceiverServerRatis (XceiverServerRatis.java:getRealPort(586)) - XceiverServerRatis(e48ea510-4cfd-493d-84b4-aa69255fcf6e) is started using port RATIS_DATASTREAM=15032
2025-04-23 15:44:39,183 [e48ea510-4cfd-493d-84b4-aa69255fcf6e-BlockDeletingService#0] INFO  interfaces.ContainerDeletionChoosingPolicyTemplate (ContainerDeletionChoosingPolicyTemplate.java:chooseContainerForBlockDeletion(83)) - Chosen 0/5000 blocks from 0 candidate containers.
2025-04-23 15:44:39,369 [1d13aa12-f904-4b76-b74f-beab0aa3318b-EndpointStateMachineTaskThread-/0.0.0.0:15002-0 ] INFO  utils.DatanodeStoreCache (DatanodeStoreCache.java:addDB(71)) - Added db /home/runner/work/ozone/ozone/hadoop-ozone/integration-test/target/test-dir/MiniOzoneClusterImpl-5cf50c17-c591-473f-a8c4-88d8665d28d7/ozone-meta/datanode-3/data-0/hdds/5cf50c17-c591-473f-a8c4-88d8665d28d7/DS-6c7e6b4f-1481-4247-b032-7993761909be/container.db to cache
2025-04-23 15:44:39,369 [1d13aa12-f904-4b76-b74f-beab0aa3318b-EndpointStateMachineTaskThread-/0.0.0.0:15002-0 ] INFO  volume.HddsVolume (HddsVolume.java:createDbStore(510)) - SchemaV3 db is created and loaded at /home/runner/work/ozone/ozone/hadoop-ozone/integration-test/target/test-dir/MiniOzoneClusterImpl-5cf50c17-c591-473f-a8c4-88d8665d28d7/ozone-meta/datanode-3/data-0/hdds/5cf50c17-c591-473f-a8c4-88d8665d28d7/DS-6c7e6b4f-1481-4247-b032-7993761909be/container.db for volume DS-6c7e6b4f-1481-4247-b032-7993761909be
2025-04-23 15:44:39,371 [1d13aa12-f904-4b76-b74f-beab0aa3318b-ContainerReader-0] INFO  ozoneimpl.ContainerReader (ContainerReader.java:readVolume(144)) - Start to verify containers on volume /home/runner/work/ozone/ozone/hadoop-ozone/integration-test/target/test-dir/MiniOzoneClusterImpl-5cf50c17-c591-473f-a8c4-88d8665d28d7/ozone-meta/datanode-3/data-0/hdds
2025-04-23 15:44:39,371 [1d13aa12-f904-4b76-b74f-beab0aa3318b-ContainerReader-0] INFO  ozoneimpl.ContainerReader (ContainerReader.java:readVolume(174)) - Finish verifying containers on volume /home/runner/work/ozone/ozone/hadoop-ozone/integration-test/target/test-dir/MiniOzoneClusterImpl-5cf50c17-c591-473f-a8c4-88d8665d28d7/ozone-meta/datanode-3/data-0/hdds
2025-04-23 15:44:39,372 [1d13aa12-f904-4b76-b74f-beab0aa3318b-EndpointStateMachineTaskThread-/0.0.0.0:15002-0 ] INFO  ozoneimpl.OzoneContainer (OzoneContainer.java:buildContainerSet(364)) - Build ContainerSet costs 0s
2025-04-23 15:44:39,372 [1d13aa12-f904-4b76-b74f-beab0aa3318b-EndpointStateMachineTaskThread-/0.0.0.0:15002-0 ] INFO  volume.ThrottledAsyncChecker (ThrottledAsyncChecker.java:schedule(138)) - Scheduling a check for /home/runner/work/ozone/ozone/hadoop-ozone/integration-test/target/test-dir/MiniOzoneClusterImpl-5cf50c17-c591-473f-a8c4-88d8665d28d7/ozone-meta/datanode-3/data-0/hdds
2025-04-23 15:44:39,372 [1d13aa12-f904-4b76-b74f-beab0aa3318b-EndpointStateMachineTaskThread-/0.0.0.0:15002-0 ] INFO  volume.StorageVolumeChecker (StorageVolumeChecker.java:checkAllVolumes(215)) - Scheduled health check for volume /home/runner/work/ozone/ozone/hadoop-ozone/integration-test/target/test-dir/MiniOzoneClusterImpl-5cf50c17-c591-473f-a8c4-88d8665d28d7/ozone-meta/datanode-3/data-0/hdds
2025-04-23 15:44:39,375 [1d13aa12-f904-4b76-b74f-beab0aa3318b-EndpointStateMachineTaskThread-/0.0.0.0:15002-0 ] INFO  volume.ThrottledAsyncChecker (ThrottledAsyncChecker.java:schedule(138)) - Scheduling a check for /home/runner/work/ozone/ozone/hadoop-ozone/integration-test/target/test-dir/MiniOzoneClusterImpl-5cf50c17-c591-473f-a8c4-88d8665d28d7/ozone-meta/datanode-3/ratis
2025-04-23 15:44:39,375 [1d13aa12-f904-4b76-b74f-beab0aa3318b-EndpointStateMachineTaskThread-/0.0.0.0:15002-0 ] INFO  volume.StorageVolumeChecker (StorageVolumeChecker.java:checkAllVolumes(215)) - Scheduled health check for volume /home/runner/work/ozone/ozone/hadoop-ozone/integration-test/target/test-dir/MiniOzoneClusterImpl-5cf50c17-c591-473f-a8c4-88d8665d28d7/ozone-meta/datanode-3/ratis
2025-04-23 15:44:39,376 [1d13aa12-f904-4b76-b74f-beab0aa3318b-EndpointStateMachineTaskThread-/0.0.0.0:15002-0 ] INFO  ozoneimpl.OzoneContainer (OzoneContainer.java:start(512)) - Attempting to start container services.
2025-04-23 15:44:39,376 [1d13aa12-f904-4b76-b74f-beab0aa3318b-EndpointStateMachineTaskThread-/0.0.0.0:15002-0 ] WARN  ozoneimpl.OnDemandContainerDataScanner (OnDemandContainerDataScanner.java:init(74)) - Trying to initialize on demand scanner a second time on a datanode.
2025-04-23 15:44:39,377 [ContainerMetadataScanner] INFO  ozoneimpl.AbstractBackgroundContainerScanner (AbstractBackgroundContainerScanner.java:runIteration(89)) - Completed an iteration in 0 minutes. Number of iterations (since the data-node restart) : 1, Number of containers scanned in this iteration : 0, Number of unhealthy containers found in this iteration : 0
2025-04-23 15:44:39,377 [ContainerDataScanner(/home/runner/work/ozone/ozone/hadoop-ozone/integration-test/target/test-dir/MiniOzoneClusterImpl-5cf50c17-c591-473f-a8c4-88d8665d28d7/ozone-meta/datanode-3/data-0/hdds)] INFO  ozoneimpl.AbstractBackgroundContainerScanner (AbstractBackgroundContainerScanner.java:runIteration(89)) - Completed an iteration in 0 minutes. Number of iterations (since the data-node restart) : 1, Number of containers scanned in this iteration : 0, Number of unhealthy containers found in this iteration : 0
2025-04-23 15:44:39,377 [1d13aa12-f904-4b76-b74f-beab0aa3318b-EndpointStateMachineTaskThread-/0.0.0.0:15002-0 ] INFO  replication.ReplicationServer (ReplicationServer.java:start(137)) - ReplicationServer is started using port 15041
2025-04-23 15:44:39,378 [1d13aa12-f904-4b76-b74f-beab0aa3318b-EndpointStateMachineTaskThread-/0.0.0.0:15002-0 ] INFO  ratis.XceiverServerRatis (XceiverServerRatis.java:start(559)) - Starting XceiverServerRatis(1d13aa12-f904-4b76-b74f-beab0aa3318b)
2025-04-23 15:44:39,378 [1d13aa12-f904-4b76-b74f-beab0aa3318b-EndpointStateMachineTaskThread-/0.0.0.0:15002-0 ] INFO  server.RaftServer (RaftServerProxy.java:startImpl(407)) - 1d13aa12-f904-4b76-b74f-beab0aa3318b: start RPC server
2025-04-23 15:44:39,379 [1d13aa12-f904-4b76-b74f-beab0aa3318b-EndpointStateMachineTaskThread-/0.0.0.0:15002-0 ] INFO  server.GrpcService (GrpcService.java:startImpl(334)) - 1d13aa12-f904-4b76-b74f-beab0aa3318b: GrpcService started, listening on 15037
2025-04-23 15:44:39,379 [1d13aa12-f904-4b76-b74f-beab0aa3318b-EndpointStateMachineTaskThread-/0.0.0.0:15002-0 ] INFO  server.GrpcService (GrpcService.java:startImpl(334)) - 1d13aa12-f904-4b76-b74f-beab0aa3318b: GrpcService started, listening on 15039
2025-04-23 15:44:39,380 [1d13aa12-f904-4b76-b74f-beab0aa3318b-EndpointStateMachineTaskThread-/0.0.0.0:15002-0 ] INFO  server.GrpcService (GrpcService.java:startImpl(334)) - 1d13aa12-f904-4b76-b74f-beab0aa3318b: GrpcService started, listening on 15038
2025-04-23 15:44:39,380 [1d13aa12-f904-4b76-b74f-beab0aa3318b-EndpointStateMachineTaskThread-/0.0.0.0:15002-0 ] INFO  ratis.XceiverServerRatis (XceiverServerRatis.java:getRealPort(586)) - XceiverServerRatis(1d13aa12-f904-4b76-b74f-beab0aa3318b) is started using port RATIS=15037
2025-04-23 15:44:39,380 [1d13aa12-f904-4b76-b74f-beab0aa3318b-EndpointStateMachineTaskThread-/0.0.0.0:15002-0 ] INFO  ratis.XceiverServerRatis (XceiverServerRatis.java:getRealPort(586)) - XceiverServerRatis(1d13aa12-f904-4b76-b74f-beab0aa3318b) is started using port RATIS_ADMIN=15038
2025-04-23 15:44:39,380 [1d13aa12-f904-4b76-b74f-beab0aa3318b-EndpointStateMachineTaskThread-/0.0.0.0:15002-0 ] INFO  ratis.XceiverServerRatis (XceiverServerRatis.java:getRealPort(586)) - XceiverServerRatis(1d13aa12-f904-4b76-b74f-beab0aa3318b) is started using port RATIS_SERVER=15039
2025-04-23 15:44:39,380 [1d13aa12-f904-4b76-b74f-beab0aa3318b-EndpointStateMachineTaskThread-/0.0.0.0:15002-0 ] INFO  ratis.XceiverServerRatis (XceiverServerRatis.java:getRealPort(586)) - XceiverServerRatis(1d13aa12-f904-4b76-b74f-beab0aa3318b) is started using port RATIS_DATASTREAM=15040
2025-04-23 15:44:39,380 [JvmPauseMonitor7] INFO  util.JvmPauseMonitor (JvmPauseMonitor.java:run(146)) - JvmPauseMonitor-1d13aa12-f904-4b76-b74f-beab0aa3318b: Started
2025-04-23 15:44:39,381 [1d13aa12-f904-4b76-b74f-beab0aa3318b-BlockDeletingService#0] INFO  interfaces.ContainerDeletionChoosingPolicyTemplate (ContainerDeletionChoosingPolicyTemplate.java:chooseContainerForBlockDeletion(83)) - Chosen 0/5000 blocks from 0 candidate containers.
2025-04-23 15:44:39,400 [IPC Server handler 7 on default port 15002] INFO  net.NetworkTopologyImpl (NetworkTopologyImpl.java:add(133)) - Added a new node: /default-rack/bea46156-cfa9-40b4-9197-d8d351f5fc2c
2025-04-23 15:44:39,402 [IPC Server handler 7 on default port 15002] INFO  node.SCMNodeManager (SCMNodeManager.java:register(425)) - Registered datanode: bea46156-cfa9-40b4-9197-d8d351f5fc2c{ip: 127.0.0.1, host: localhost, ports: [HTTP=15018, CLIENT_RPC=15019, REPLICATION=15025, RATIS=15021, RATIS_ADMIN=15022, RATIS_SERVER=15023, RATIS_DATASTREAM=15024, STANDALONE=15020], networkLocation: /default-rack, certSerialId: null, persistedOpState: null, persistedOpStateExpiryEpochSec: 0}
2025-04-23 15:44:39,403 [EventQueue-NewNodeForNewNodeHandler] INFO  pipeline.BackgroundPipelineCreator (BackgroundPipelineCreator.java:notifyEventTriggered(291)) - trigger a one-shot run on RatisPipelineUtilsThread.
2025-04-23 15:44:39,404 [EventQueue-NodeRegistrationContainerReportForDataNodeSafeModeRule] INFO  safemode.SCMSafeModeManager (DataNodeSafeModeRule.java:process(79)) - SCM in safe mode. 1 DataNodes registered, 3 required.
2025-04-23 15:44:39,404 [EventQueue-ContainerRegistrationReportForRatisContainerSafeModeRule] INFO  safemode.SCMSafeModeManager (SCMSafeModeManager.java:validateSafeModeExitRules(186)) - RatisContainerSafeModeRule rule is successfully validated
2025-04-23 15:44:39,405 [EventQueue-ContainerRegistrationReportForECContainerSafeModeRule] INFO  safemode.SCMSafeModeManager (SCMSafeModeManager.java:validateSafeModeExitRules(186)) - ECContainerSafeModeRule rule is successfully validated
2025-04-23 15:44:39,406 [EventQueue-PipelineReportForOneReplicaPipelineSafeModeRule] INFO  safemode.SCMSafeModeManager (SCMSafeModeManager.java:validateSafeModeExitRules(186)) - AtleastOneDatanodeReportedRule rule is successfully validated
2025-04-23 15:44:39,408 [RatisPipelineUtilsThread-0] INFO  pipeline.RatisPipelineProvider (RatisPipelineProvider.java:lambda$create$0(208)) - Sending CreatePipelineCommand for pipeline:PipelineID=de1ee7cc-3939-4530-9e15-bc06d3ed378b to datanode:bea46156-cfa9-40b4-9197-d8d351f5fc2c(localhost/127.0.0.1)
2025-04-23 15:44:39,448 [debc8cb4-4a2d-469c-9d41-f06aedad3f91@group-88D8665D28D7-StateMachineUpdater] INFO  safemode.HealthyPipelineSafeModeRule (HealthyPipelineSafeModeRule.java:initializeRule(174)) - Refreshed total pipeline count is 0, healthy pipeline threshold count is 1
2025-04-23 15:44:39,451 [RatisPipelineUtilsThread-0] INFO  pipeline.BackgroundPipelineCreator (BackgroundPipelineCreator.java:createPipelines(247)) - Created new pipeline Pipeline{ Id: de1ee7cc-3939-4530-9e15-bc06d3ed378b, Nodes: [ {bea46156-cfa9-40b4-9197-d8d351f5fc2c(localhost/127.0.0.1), ReplicaIndex: 0},], ReplicationConfig: RATIS/ONE, State:ALLOCATED, leaderId:, CreationTimestamp2025-04-23T15:44:39.407403395Z[Etc/UTC]}
2025-04-23 15:44:39,633 [IPC Server handler 1 on default port 15002] INFO  net.NetworkTopologyImpl (NetworkTopologyImpl.java:add(133)) - Added a new node: /default-rack/e48ea510-4cfd-493d-84b4-aa69255fcf6e
2025-04-23 15:44:39,634 [IPC Server handler 1 on default port 15002] INFO  node.SCMNodeManager (SCMNodeManager.java:register(425)) - Registered datanode: e48ea510-4cfd-493d-84b4-aa69255fcf6e{ip: 127.0.0.1, host: localhost, ports: [HTTP=15026, CLIENT_RPC=15027, REPLICATION=15033, RATIS=15029, RATIS_ADMIN=15030, RATIS_SERVER=15031, RATIS_DATASTREAM=15032, STANDALONE=15028], networkLocation: /default-rack, certSerialId: null, persistedOpState: null, persistedOpStateExpiryEpochSec: 0}
2025-04-23 15:44:39,634 [EventQueue-NodeRegistrationContainerReportForDataNodeSafeModeRule] INFO  safemode.SCMSafeModeManager (DataNodeSafeModeRule.java:process(79)) - SCM in safe mode. 2 DataNodes registered, 3 required.
2025-04-23 15:44:39,634 [EventQueue-NewNodeForNewNodeHandler] INFO  pipeline.BackgroundPipelineCreator (BackgroundPipelineCreator.java:notifyEventTriggered(291)) - trigger a one-shot run on RatisPipelineUtilsThread.
2025-04-23 15:44:39,635 [RatisPipelineUtilsThread-0] INFO  pipeline.RatisPipelineProvider (RatisPipelineProvider.java:lambda$create$0(208)) - Sending CreatePipelineCommand for pipeline:PipelineID=1ca3b68f-936d-4b1f-91a5-1aeb597ae35d to datanode:e48ea510-4cfd-493d-84b4-aa69255fcf6e(localhost/127.0.0.1)
2025-04-23 15:44:39,637 [debc8cb4-4a2d-469c-9d41-f06aedad3f91@group-88D8665D28D7-StateMachineUpdater] INFO  safemode.HealthyPipelineSafeModeRule (HealthyPipelineSafeModeRule.java:initializeRule(174)) - Refreshed total pipeline count is 0, healthy pipeline threshold count is 1
2025-04-23 15:44:39,638 [RatisPipelineUtilsThread-0] INFO  pipeline.BackgroundPipelineCreator (BackgroundPipelineCreator.java:createPipelines(247)) - Created new pipeline Pipeline{ Id: 1ca3b68f-936d-4b1f-91a5-1aeb597ae35d, Nodes: [ {e48ea510-4cfd-493d-84b4-aa69255fcf6e(localhost/127.0.0.1), ReplicaIndex: 0},], ReplicationConfig: RATIS/ONE, State:ALLOCATED, leaderId:, CreationTimestamp2025-04-23T15:44:39.635250353Z[Etc/UTC]}
2025-04-23 15:44:39,838 [IPC Server handler 0 on default port 15002] INFO  net.NetworkTopologyImpl (NetworkTopologyImpl.java:add(133)) - Added a new node: /default-rack/1d13aa12-f904-4b76-b74f-beab0aa3318b
2025-04-23 15:44:39,838 [IPC Server handler 0 on default port 15002] INFO  node.SCMNodeManager (SCMNodeManager.java:register(425)) - Registered datanode: 1d13aa12-f904-4b76-b74f-beab0aa3318b{ip: 127.0.0.1, host: localhost, ports: [HTTP=15034, CLIENT_RPC=15035, REPLICATION=15041, RATIS=15037, RATIS_ADMIN=15038, RATIS_SERVER=15039, RATIS_DATASTREAM=15040, STANDALONE=15036], networkLocation: /default-rack, certSerialId: null, persistedOpState: null, persistedOpStateExpiryEpochSec: 0}
2025-04-23 15:44:39,838 [EventQueue-NewNodeForNewNodeHandler] INFO  pipeline.BackgroundPipelineCreator (BackgroundPipelineCreator.java:notifyEventTriggered(291)) - trigger a one-shot run on RatisPipelineUtilsThread.
2025-04-23 15:44:39,838 [EventQueue-NodeRegistrationContainerReportForDataNodeSafeModeRule] INFO  safemode.SCMSafeModeManager (DataNodeSafeModeRule.java:process(79)) - SCM in safe mode. 3 DataNodes registered, 3 required.
2025-04-23 15:44:39,839 [EventQueue-NodeRegistrationContainerReportForDataNodeSafeModeRule] INFO  safemode.SCMSafeModeManager (SCMSafeModeManager.java:validateSafeModeExitRules(186)) - DataNodeSafeModeRule rule is successfully validated
2025-04-23 15:44:39,839 [EventQueue-NodeRegistrationContainerReportForDataNodeSafeModeRule] INFO  safemode.SCMSafeModeManager (SCMSafeModeManager.java:completePreCheck(215)) - All SCM safe mode pre check rules have passed
2025-04-23 15:44:39,839 [EventQueue-NodeRegistrationContainerReportForDataNodeSafeModeRule] INFO  ha.SCMContext (SCMContext.java:updateSafeModeStatus(224)) - Update SafeModeStatus from SafeModeStatus{safeModeStatus=true, preCheckPassed=false} to SafeModeStatus{safeModeStatus=true, preCheckPassed=true}.
2025-04-23 15:44:39,839 [EventQueue-NodeRegistrationContainerReportForDataNodeSafeModeRule] INFO  pipeline.BackgroundPipelineCreator (BackgroundPipelineCreator.java:notifyEventTriggered(291)) - trigger a one-shot run on RatisPipelineUtilsThread.
2025-04-23 15:44:39,839 [RatisPipelineUtilsThread-0] INFO  pipeline.RatisPipelineProvider (RatisPipelineProvider.java:lambda$create$0(208)) - Sending CreatePipelineCommand for pipeline:PipelineID=7103c8d5-578f-4288-8714-5454e332233e to datanode:1d13aa12-f904-4b76-b74f-beab0aa3318b(localhost/127.0.0.1)
2025-04-23 15:44:39,840 [main] INFO  ozone.MiniOzoneClusterImpl (MiniOzoneClusterImpl.java:lambda$waitForClusterToBeReady$0(190)) - Nodes are ready. Got 3 of 3 DN Heartbeats.
2025-04-23 15:44:39,840 [main] INFO  ozone.MiniOzoneClusterImpl (MiniOzoneClusterImpl.java:lambda$waitForClusterToBeReady$0(193)) - Waiting for cluster to exit safe mode
2025-04-23 15:44:39,841 [main] INFO  ozone.MiniOzoneClusterImpl (MiniOzoneClusterImpl.java:lambda$waitForClusterToBeReady$0(195)) - SCM became leader
2025-04-23 15:44:39,842 [debc8cb4-4a2d-469c-9d41-f06aedad3f91@group-88D8665D28D7-StateMachineUpdater] INFO  safemode.HealthyPipelineSafeModeRule (HealthyPipelineSafeModeRule.java:initializeRule(174)) - Refreshed total pipeline count is 0, healthy pipeline threshold count is 1
2025-04-23 15:44:39,843 [RatisPipelineUtilsThread-0] INFO  pipeline.BackgroundPipelineCreator (BackgroundPipelineCreator.java:createPipelines(247)) - Created new pipeline Pipeline{ Id: 7103c8d5-578f-4288-8714-5454e332233e, Nodes: [ {1d13aa12-f904-4b76-b74f-beab0aa3318b(localhost/127.0.0.1), ReplicaIndex: 0},], ReplicationConfig: RATIS/ONE, State:ALLOCATED, leaderId:, CreationTimestamp2025-04-23T15:44:39.839377839Z[Etc/UTC]}
2025-04-23 15:44:39,846 [RatisPipelineUtilsThread-0] INFO  pipeline.RatisPipelineProvider (RatisPipelineProvider.java:lambda$create$0(208)) - Sending CreatePipelineCommand for pipeline:PipelineID=24f3cc1f-6c83-4689-8af2-f552d2ba9679 to datanode:bea46156-cfa9-40b4-9197-d8d351f5fc2c(localhost/127.0.0.1)
2025-04-23 15:44:39,846 [RatisPipelineUtilsThread-0] INFO  pipeline.RatisPipelineProvider (RatisPipelineProvider.java:lambda$create$0(208)) - Sending CreatePipelineCommand for pipeline:PipelineID=24f3cc1f-6c83-4689-8af2-f552d2ba9679 to datanode:1d13aa12-f904-4b76-b74f-beab0aa3318b(localhost/127.0.0.1)
2025-04-23 15:44:39,846 [RatisPipelineUtilsThread-0] INFO  pipeline.RatisPipelineProvider (RatisPipelineProvider.java:lambda$create$0(208)) - Sending CreatePipelineCommand for pipeline:PipelineID=24f3cc1f-6c83-4689-8af2-f552d2ba9679 to datanode:e48ea510-4cfd-493d-84b4-aa69255fcf6e(localhost/127.0.0.1)
2025-04-23 15:44:39,849 [debc8cb4-4a2d-469c-9d41-f06aedad3f91@group-88D8665D28D7-StateMachineUpdater] INFO  safemode.HealthyPipelineSafeModeRule (HealthyPipelineSafeModeRule.java:initializeRule(174)) - Refreshed total pipeline count is 0, healthy pipeline threshold count is 1
2025-04-23 15:44:39,850 [RatisPipelineUtilsThread-0] INFO  pipeline.BackgroundPipelineCreator (BackgroundPipelineCreator.java:createPipelines(247)) - Created new pipeline Pipeline{ Id: 24f3cc1f-6c83-4689-8af2-f552d2ba9679, Nodes: [ {bea46156-cfa9-40b4-9197-d8d351f5fc2c(localhost/127.0.0.1), ReplicaIndex: 0}, {1d13aa12-f904-4b76-b74f-beab0aa3318b(localhost/127.0.0.1), ReplicaIndex: 0}, {e48ea510-4cfd-493d-84b4-aa69255fcf6e(localhost/127.0.0.1), ReplicaIndex: 0},], ReplicationConfig: RATIS/THREE, State:ALLOCATED, leaderId:, CreationTimestamp2025-04-23T15:44:39.846327695Z[Etc/UTC]}
2025-04-23 15:44:39,850 [RatisPipelineUtilsThread-0] INFO  pipeline.RatisPipelineProvider (RatisPipelineProvider.java:lambda$create$0(208)) - Sending CreatePipelineCommand for pipeline:PipelineID=8439014f-3643-4d4f-902f-ac23ff7aa8b3 to datanode:bea46156-cfa9-40b4-9197-d8d351f5fc2c(localhost/127.0.0.1)
2025-04-23 15:44:39,850 [RatisPipelineUtilsThread-0] INFO  pipeline.RatisPipelineProvider (RatisPipelineProvider.java:lambda$create$0(208)) - Sending CreatePipelineCommand for pipeline:PipelineID=8439014f-3643-4d4f-902f-ac23ff7aa8b3 to datanode:e48ea510-4cfd-493d-84b4-aa69255fcf6e(localhost/127.0.0.1)
2025-04-23 15:44:39,851 [RatisPipelineUtilsThread-0] INFO  pipeline.RatisPipelineProvider (RatisPipelineProvider.java:lambda$create$0(208)) - Sending CreatePipelineCommand for pipeline:PipelineID=8439014f-3643-4d4f-902f-ac23ff7aa8b3 to datanode:1d13aa12-f904-4b76-b74f-beab0aa3318b(localhost/127.0.0.1)
2025-04-23 15:44:39,853 [debc8cb4-4a2d-469c-9d41-f06aedad3f91@group-88D8665D28D7-StateMachineUpdater] INFO  safemode.HealthyPipelineSafeModeRule (HealthyPipelineSafeModeRule.java:initializeRule(174)) - Refreshed total pipeline count is 0, healthy pipeline threshold count is 1
2025-04-23 15:44:39,854 [RatisPipelineUtilsThread-0] INFO  pipeline.PipelineManagerImpl (PipelineManagerImpl.java:recordMetricsForPipeline(921)) - Pipeline: PipelineID=8439014f-3643-4d4f-902f-ac23ff7aa8b3 contains same datanodes as previous pipelines: PipelineID=24f3cc1f-6c83-4689-8af2-f552d2ba9679 nodeIds: bea46156-cfa9-40b4-9197-d8d351f5fc2c, e48ea510-4cfd-493d-84b4-aa69255fcf6e, 1d13aa12-f904-4b76-b74f-beab0aa3318b
2025-04-23 15:44:39,854 [RatisPipelineUtilsThread-0] INFO  pipeline.BackgroundPipelineCreator (BackgroundPipelineCreator.java:createPipelines(247)) - Created new pipeline Pipeline{ Id: 8439014f-3643-4d4f-902f-ac23ff7aa8b3, Nodes: [ {bea46156-cfa9-40b4-9197-d8d351f5fc2c(localhost/127.0.0.1), ReplicaIndex: 0}, {e48ea510-4cfd-493d-84b4-aa69255fcf6e(localhost/127.0.0.1), ReplicaIndex: 0}, {1d13aa12-f904-4b76-b74f-beab0aa3318b(localhost/127.0.0.1), ReplicaIndex: 0},], ReplicationConfig: RATIS/THREE, State:ALLOCATED, leaderId:, CreationTimestamp2025-04-23T15:44:39.850870499Z[Etc/UTC]}
2025-04-23 15:44:40,841 [main] INFO  ozone.MiniOzoneClusterImpl (MiniOzoneClusterImpl.java:lambda$waitForClusterToBeReady$0(190)) - Nodes are ready. Got 3 of 3 DN Heartbeats.
2025-04-23 15:44:40,841 [main] INFO  ozone.MiniOzoneClusterImpl (MiniOzoneClusterImpl.java:lambda$waitForClusterToBeReady$0(193)) - Waiting for cluster to exit safe mode
2025-04-23 15:44:40,841 [main] INFO  ozone.MiniOzoneClusterImpl (MiniOzoneClusterImpl.java:lambda$waitForClusterToBeReady$0(195)) - SCM became leader
2025-04-23 15:44:41,841 [main] INFO  ozone.MiniOzoneClusterImpl (MiniOzoneClusterImpl.java:lambda$waitForClusterToBeReady$0(190)) - Nodes are ready. Got 3 of 3 DN Heartbeats.
2025-04-23 15:44:41,842 [main] INFO  ozone.MiniOzoneClusterImpl (MiniOzoneClusterImpl.java:lambda$waitForClusterToBeReady$0(193)) - Waiting for cluster to exit safe mode
2025-04-23 15:44:41,842 [main] INFO  ozone.MiniOzoneClusterImpl (MiniOzoneClusterImpl.java:lambda$waitForClusterToBeReady$0(195)) - SCM became leader
2025-04-23 15:44:41,894 [bea46156-cfa9-40b4-9197-d8d351f5fc2c-PipelineCommandHandlerThread-0] INFO  server.RaftServer (RaftServerProxy.java:addNew(100)) - bea46156-cfa9-40b4-9197-d8d351f5fc2c: addNew group-BC06D3ED378B:[bea46156-cfa9-40b4-9197-d8d351f5fc2c|127.0.0.1:15023] returns group-BC06D3ED378B:java.util.concurrent.CompletableFuture@6a68f006[Not completed]
2025-04-23 15:44:41,900 [bea46156-cfa9-40b4-9197-d8d351f5fc2c-groupManagement] INFO  server.RaftServer$Division (RaftServerImpl.java:<init>(255)) - bea46156-cfa9-40b4-9197-d8d351f5fc2c: new RaftServerImpl for group-BC06D3ED378B:[bea46156-cfa9-40b4-9197-d8d351f5fc2c|127.0.0.1:15023] with ContainerStateMachine:uninitialized
2025-04-23 15:44:41,900 [bea46156-cfa9-40b4-9197-d8d351f5fc2c-groupManagement] INFO  server.RaftServerConfigKeys (ConfUtils.java:logGet(46)) - raft.server.rpc.timeout.min = 5s (custom)
2025-04-23 15:44:41,900 [bea46156-cfa9-40b4-9197-d8d351f5fc2c-groupManagement] INFO  server.RaftServerConfigKeys (ConfUtils.java:logGet(46)) - raft.server.rpc.timeout.max = 5200ms (custom)
2025-04-23 15:44:41,900 [bea46156-cfa9-40b4-9197-d8d351f5fc2c-groupManagement] INFO  server.RaftServerConfigKeys (ConfUtils.java:logGet(46)) - raft.server.rpc.sleep.time = 25ms (default)
2025-04-23 15:44:41,900 [bea46156-cfa9-40b4-9197-d8d351f5fc2c-groupManagement] INFO  server.RaftServerConfigKeys (ConfUtils.java:logGet(46)) - raft.server.rpc.slowness.timeout = 300s (custom)
2025-04-23 15:44:41,900 [bea46156-cfa9-40b4-9197-d8d351f5fc2c-groupManagement] INFO  server.RaftServerConfigKeys (ConfUtils.java:logGet(46)) - raft.server.leaderelection.leader.step-down.wait-time = 10s (default)
2025-04-23 15:44:41,900 [bea46156-cfa9-40b4-9197-d8d351f5fc2c-groupManagement] INFO  server.RaftServerConfigKeys (ConfUtils.java:logGet(46)) - raft.server.leaderelection.member.majority-add = false (default)
2025-04-23 15:44:41,900 [bea46156-cfa9-40b4-9197-d8d351f5fc2c-groupManagement] INFO  server.RaftServerConfigKeys (ConfUtils.java:logGet(46)) - raft.server.sleep.deviation.threshold = 300ms (default)
2025-04-23 15:44:41,901 [bea46156-cfa9-40b4-9197-d8d351f5fc2c-groupManagement] INFO  server.RaftServer$Division (ServerState.java:<init>(114)) - bea46156-cfa9-40b4-9197-d8d351f5fc2c@group-BC06D3ED378B: ConfigurationManager, init=conf: {index: -1, cur=peers:[bea46156-cfa9-40b4-9197-d8d351f5fc2c|127.0.0.1:15023]|listeners:[], old=null}, confs=<EMPTY_MAP>
2025-04-23 15:44:41,901 [bea46156-cfa9-40b4-9197-d8d351f5fc2c-groupManagement] INFO  server.RaftServerConfigKeys (ConfUtils.java:logGet(46)) - raft.server.notification.no-leader.timeout = 300s (custom)
2025-04-23 15:44:41,901 [bea46156-cfa9-40b4-9197-d8d351f5fc2c-groupManagement] INFO  server.RaftServerConfigKeys (ConfUtils.java:logGet(46)) - raft.server.read.timeout = 10s (default)
2025-04-23 15:44:41,901 [bea46156-cfa9-40b4-9197-d8d351f5fc2c-groupManagement] INFO  server.RaftServerConfigKeys (ConfUtils.java:logGet(46)) - raft.server.retrycache.expirytime = 600000ms (custom)
2025-04-23 15:44:41,901 [bea46156-cfa9-40b4-9197-d8d351f5fc2c-groupManagement] INFO  server.RaftServerConfigKeys (ConfUtils.java:logGet(46)) - raft.server.retrycache.statistics.expirytime = 100ms (default)
2025-04-23 15:44:41,901 [bea46156-cfa9-40b4-9197-d8d351f5fc2c-groupManagement] INFO  server.RaftServerConfigKeys (ConfUtils.java:logGet(46)) - raft.server.read.option = DEFAULT (default)
2025-04-23 15:44:41,901 [bea46156-cfa9-40b4-9197-d8d351f5fc2c-groupManagement] INFO  server.RaftServerConfigKeys (ConfUtils.java:logGet(46)) - raft.server.read.read-after-write-consistent.write-index-cache.expiry-time = 60s (default)
2025-04-23 15:44:41,905 [bea46156-cfa9-40b4-9197-d8d351f5fc2c-groupManagement] INFO  server.RaftServerConfigKeys (ConfUtils.java:logGet(46)) - raft.server.rpc.request.timeout = 60s (custom)
2025-04-23 15:44:41,905 [bea46156-cfa9-40b4-9197-d8d351f5fc2c-groupManagement] INFO  server.RaftServerConfigKeys (ConfUtils.java:logGet(46)) - raft.server.log.appender.install.snapshot.enabled = false (custom)
2025-04-23 15:44:41,905 [bea46156-cfa9-40b4-9197-d8d351f5fc2c-groupManagement] INFO  server.RaftServerConfigKeys (ConfUtils.java:logGet(46)) - raft.server.threadpool.server.cached = true (default)
2025-04-23 15:44:41,905 [bea46156-cfa9-40b4-9197-d8d351f5fc2c-groupManagement] INFO  server.RaftServerConfigKeys (ConfUtils.java:logGet(46)) - raft.server.threadpool.server.size = 0 (default)
2025-04-23 15:44:41,905 [bea46156-cfa9-40b4-9197-d8d351f5fc2c-groupManagement] INFO  server.RaftServerConfigKeys (ConfUtils.java:logGet(46)) - raft.server.threadpool.client.cached = true (default)
2025-04-23 15:44:41,905 [bea46156-cfa9-40b4-9197-d8d351f5fc2c-groupManagement] INFO  server.RaftServerConfigKeys (ConfUtils.java:logGet(46)) - raft.server.threadpool.client.size = 0 (default)
2025-04-23 15:44:41,906 [bea46156-cfa9-40b4-9197-d8d351f5fc2c-groupManagement] INFO  server.RaftServerConfigKeys (ConfUtils.java:logGet(46)) - raft.server.storage.free-space.min = 0MB (=0) (default)
2025-04-23 15:44:41,906 [bea46156-cfa9-40b4-9197-d8d351f5fc2c-groupManagement] INFO  server.RaftServerConfigKeys (ConfUtils.java:logGet(46)) - raft.server.log.corruption.policy = EXCEPTION (default)
2025-04-23 15:44:41,906 [bea46156-cfa9-40b4-9197-d8d351f5fc2c-groupManagement] INFO  server.RaftServerConfigKeys (ConfUtils.java:logGet(46)) - raft.server.storage.dir = [/home/runner/work/ozone/ozone/hadoop-ozone/integration-test/target/test-dir/MiniOzoneClusterImpl-5cf50c17-c591-473f-a8c4-88d8665d28d7/ozone-meta/datanode-1/ratis] (custom)
2025-04-23 15:44:41,906 [bea46156-cfa9-40b4-9197-d8d351f5fc2c-groupManagement] INFO  storage.RaftStorageDirectory (RaftStorageDirectoryImpl.java:analyzeStorage(138)) - The storage directory /home/runner/work/ozone/ozone/hadoop-ozone/integration-test/target/test-dir/MiniOzoneClusterImpl-5cf50c17-c591-473f-a8c4-88d8665d28d7/ozone-meta/datanode-1/ratis/de1ee7cc-3939-4530-9e15-bc06d3ed378b does not exist. Creating ...
2025-04-23 15:44:41,912 [bea46156-cfa9-40b4-9197-d8d351f5fc2c-groupManagement] INFO  storage.RaftStorageDirectory (RaftStorageDirectoryImpl.java:tryLock(229)) - Lock on /home/runner/work/ozone/ozone/hadoop-ozone/integration-test/target/test-dir/MiniOzoneClusterImpl-5cf50c17-c591-473f-a8c4-88d8665d28d7/ozone-meta/datanode-1/ratis/de1ee7cc-3939-4530-9e15-bc06d3ed378b/in_use.lock acquired by nodename 129659@fv-az1337-835
2025-04-23 15:44:41,914 [bea46156-cfa9-40b4-9197-d8d351f5fc2c-groupManagement] INFO  storage.RaftStorage (RaftStorageImpl.java:format(98)) - Storage directory /home/runner/work/ozone/ozone/hadoop-ozone/integration-test/target/test-dir/MiniOzoneClusterImpl-5cf50c17-c591-473f-a8c4-88d8665d28d7/ozone-meta/datanode-1/ratis/de1ee7cc-3939-4530-9e15-bc06d3ed378b has been successfully formatted.
2025-04-23 15:44:41,916 [bea46156-cfa9-40b4-9197-d8d351f5fc2c-groupManagement] INFO  ratis.ContainerStateMachine (ContainerStateMachine.java:initialize(339)) - bea46156-cfa9-40b4-9197-d8d351f5fc2c: initialize group-BC06D3ED378B
2025-04-23 15:44:41,917 [bea46156-cfa9-40b4-9197-d8d351f5fc2c-groupManagement] INFO  ratis.ContainerStateMachine (ContainerStateMachine.java:loadSnapshot(347)) - group-BC06D3ED378B: The snapshot info is null. Setting the last applied index to:(t:0, i:~)
2025-04-23 15:44:41,917 [bea46156-cfa9-40b4-9197-d8d351f5fc2c-groupManagement] INFO  server.RaftServerConfigKeys (ConfUtils.java:logGet(46)) - raft.server.log.use.memory = false (default)
2025-04-23 15:44:41,917 [bea46156-cfa9-40b4-9197-d8d351f5fc2c-groupManagement] INFO  server.RaftServerConfigKeys (ConfUtils.java:logGet(46)) - raft.server.log.purge.gap = 1000000 (custom)
2025-04-23 15:44:41,917 [bea46156-cfa9-40b4-9197-d8d351f5fc2c-groupManagement] INFO  server.RaftServerConfigKeys (ConfUtils.java:logGet(46)) - raft.server.log.appender.buffer.byte-limit = 33554432 (custom)
2025-04-23 15:44:41,917 [bea46156-cfa9-40b4-9197-d8d351f5fc2c-groupManagement] INFO  server.RaftServerConfigKeys (ConfUtils.java:logGet(46)) - raft.server.log.statemachine.data.read.timeout = 1000ms (default)
2025-04-23 15:44:41,917 [bea46156-cfa9-40b4-9197-d8d351f5fc2c-groupManagement] INFO  server.RaftServerConfigKeys (ConfUtils.java:logGet(46)) - raft.server.log.purge.preservation.log.num = 0 (default)
2025-04-23 15:44:41,920 [bea46156-cfa9-40b4-9197-d8d351f5fc2c-groupManagement] INFO  server.RaftServerConfigKeys (ConfUtils.java:logGet(46)) - raft.server.log.segment.size.max = 67108864 (custom)
2025-04-23 15:44:41,920 [bea46156-cfa9-40b4-9197-d8d351f5fc2c-groupManagement] INFO  server.RaftServerConfigKeys (ConfUtils.java:logGet(46)) - raft.server.log.segment.cache.num.max = 2 (custom)
2025-04-23 15:44:41,920 [bea46156-cfa9-40b4-9197-d8d351f5fc2c-groupManagement] INFO  server.RaftServerConfigKeys (ConfUtils.java:logGet(46)) - raft.server.log.segment.cache.size.max = 200MB (=209715200) (default)
2025-04-23 15:44:41,920 [bea46156-cfa9-40b4-9197-d8d351f5fc2c-groupManagement] INFO  server.RaftServerConfigKeys (ConfUtils.java:logGet(46)) - raft.server.log.appender.buffer.byte-limit = 33554432 (custom)
2025-04-23 15:44:41,921 [bea46156-cfa9-40b4-9197-d8d351f5fc2c-groupManagement] INFO  util.AwaitToRun (AwaitToRun.java:start(81)) - Thread[#924,bea46156-cfa9-40b4-9197-d8d351f5fc2c@group-BC06D3ED378B-cacheEviction-AwaitToRun,5,main] started
2025-04-23 15:44:41,921 [bea46156-cfa9-40b4-9197-d8d351f5fc2c-groupManagement] INFO  segmented.SegmentedRaftLogWorker (SegmentedRaftLogWorker.java:<init>(188)) - new bea46156-cfa9-40b4-9197-d8d351f5fc2c@group-BC06D3ED378B-SegmentedRaftLogWorker for RaftStorageImpl:Storage Directory /home/runner/work/ozone/ozone/hadoop-ozone/integration-test/target/test-dir/MiniOzoneClusterImpl-5cf50c17-c591-473f-a8c4-88d8665d28d7/ozone-meta/datanode-1/ratis/de1ee7cc-3939-4530-9e15-bc06d3ed378b
2025-04-23 15:44:41,921 [bea46156-cfa9-40b4-9197-d8d351f5fc2c-groupManagement] INFO  server.RaftServerConfigKeys (ConfUtils.java:logGet(46)) - raft.server.log.queue.byte-limit = 4294967296 (custom)
2025-04-23 15:44:41,921 [bea46156-cfa9-40b4-9197-d8d351f5fc2c-groupManagement] INFO  server.RaftServerConfigKeys (ConfUtils.java:logGet(46)) - raft.server.log.queue.element-limit = 1024 (custom)
2025-04-23 15:44:41,921 [bea46156-cfa9-40b4-9197-d8d351f5fc2c-groupManagement] INFO  server.RaftServerConfigKeys (ConfUtils.java:logGet(46)) - raft.server.log.segment.size.max = 67108864 (custom)
2025-04-23 15:44:41,921 [bea46156-cfa9-40b4-9197-d8d351f5fc2c-groupManagement] INFO  server.RaftServerConfigKeys (ConfUtils.java:logGet(46)) - raft.server.log.preallocated.size = 4194304 (custom)
2025-04-23 15:44:41,921 [bea46156-cfa9-40b4-9197-d8d351f5fc2c-groupManagement] INFO  server.RaftServerConfigKeys (ConfUtils.java:logGet(46)) - raft.server.log.force.sync.num = 128 (default)
2025-04-23 15:44:41,921 [bea46156-cfa9-40b4-9197-d8d351f5fc2c-groupManagement] INFO  server.RaftServerConfigKeys (ConfUtils.java:logGet(46)) - raft.server.log.statemachine.data.sync = true (default)
2025-04-23 15:44:41,921 [bea46156-cfa9-40b4-9197-d8d351f5fc2c-groupManagement] INFO  server.RaftServerConfigKeys (ConfUtils.java:logGet(46)) - raft.server.log.statemachine.data.sync.timeout = 10s (default)
2025-04-23 15:44:41,921 [bea46156-cfa9-40b4-9197-d8d351f5fc2c-groupManagement] INFO  server.RaftServerConfigKeys (ConfUtils.java:logGet(46)) - raft.server.log.statemachine.data.sync.timeout.retry = 30 (custom)
2025-04-23 15:44:41,921 [bea46156-cfa9-40b4-9197-d8d351f5fc2c-groupManagement] INFO  server.RaftServerConfigKeys (ConfUtils.java:logGet(46)) - raft.server.log.write.buffer.size = 33554440 (custom)
2025-04-23 15:44:41,926 [bea46156-cfa9-40b4-9197-d8d351f5fc2c-groupManagement] INFO  server.RaftServerConfigKeys (ConfUtils.java:logGet(46)) - raft.server.log.appender.buffer.byte-limit = 33554432 (custom)
2025-04-23 15:44:41,926 [bea46156-cfa9-40b4-9197-d8d351f5fc2c-groupManagement] INFO  server.RaftServerConfigKeys (ConfUtils.java:logGet(46)) - raft.server.log.unsafe-flush.enabled = false (default)
2025-04-23 15:44:41,926 [bea46156-cfa9-40b4-9197-d8d351f5fc2c-groupManagement] INFO  server.RaftServerConfigKeys (ConfUtils.java:logGet(46)) - raft.server.log.async-flush.enabled = false (default)
2025-04-23 15:44:41,926 [bea46156-cfa9-40b4-9197-d8d351f5fc2c-groupManagement] INFO  server.RaftServerConfigKeys (ConfUtils.java:logGet(46)) - raft.server.log.statemachine.data.caching.enabled = true (custom)
2025-04-23 15:44:41,927 [bea46156-cfa9-40b4-9197-d8d351f5fc2c-groupManagement] INFO  segmented.SegmentedRaftLogWorker (SegmentedRaftLogWorker.java:lambda$new$0(139)) - bea46156-cfa9-40b4-9197-d8d351f5fc2c@group-BC06D3ED378B-SegmentedRaftLogWorker: flushIndex: setUnconditionally 0 -> -1
2025-04-23 15:44:41,927 [bea46156-cfa9-40b4-9197-d8d351f5fc2c-groupManagement] INFO  segmented.SegmentedRaftLogWorker (SegmentedRaftLogWorker.java:lambda$new$0(139)) - bea46156-cfa9-40b4-9197-d8d351f5fc2c@group-BC06D3ED378B-SegmentedRaftLogWorker: safeCacheEvictIndex: setUnconditionally 0 -> -1
2025-04-23 15:44:41,929 [bea46156-cfa9-40b4-9197-d8d351f5fc2c-groupManagement] INFO  server.RaftServer$Division (RaftServerImpl.java:start(391)) - bea46156-cfa9-40b4-9197-d8d351f5fc2c@group-BC06D3ED378B: start as a follower, conf=conf: {index: -1, cur=peers:[bea46156-cfa9-40b4-9197-d8d351f5fc2c|127.0.0.1:15023]|listeners:[], old=null}
2025-04-23 15:44:41,929 [bea46156-cfa9-40b4-9197-d8d351f5fc2c-groupManagement] INFO  server.RaftServer$Division (RaftServerImpl.java:setRole(378)) - bea46156-cfa9-40b4-9197-d8d351f5fc2c@group-BC06D3ED378B: changes role from      null to FOLLOWER at term 0 for startAsFollower
2025-04-23 15:44:41,929 [bea46156-cfa9-40b4-9197-d8d351f5fc2c-groupManagement] INFO  impl.RoleInfo (RoleInfo.java:updateAndGet(148)) - bea46156-cfa9-40b4-9197-d8d351f5fc2c: start bea46156-cfa9-40b4-9197-d8d351f5fc2c@group-BC06D3ED378B-FollowerState
2025-04-23 15:44:41,930 [bea46156-cfa9-40b4-9197-d8d351f5fc2c@group-BC06D3ED378B-FollowerState] INFO  server.RaftServerConfigKeys (ConfUtils.java:logGet(46)) - raft.server.rpc.first-election.timeout.min = 1000ms (custom)
2025-04-23 15:44:41,930 [bea46156-cfa9-40b4-9197-d8d351f5fc2c@group-BC06D3ED378B-FollowerState] INFO  server.RaftServerConfigKeys (ConfUtils.java:logGet(46)) - raft.server.rpc.first-election.timeout.max = 1200ms (custom)
2025-04-23 15:44:41,930 [bea46156-cfa9-40b4-9197-d8d351f5fc2c-groupManagement] INFO  util.JmxRegister (JmxRegister.java:tryRegister(44)) - Successfully registered JMX Bean with object name Ratis:service=RaftServer,group=group-BC06D3ED378B,id=bea46156-cfa9-40b4-9197-d8d351f5fc2c
2025-04-23 15:44:41,931 [bea46156-cfa9-40b4-9197-d8d351f5fc2c-groupManagement] INFO  util.JmxRegister (JmxRegister.java:register(58)) - register mxBean class org.apache.ratis.server.impl.RaftServerJmxAdapter as Ratis:service=RaftServer,group=group-BC06D3ED378B,id=bea46156-cfa9-40b4-9197-d8d351f5fc2c
2025-04-23 15:44:41,931 [bea46156-cfa9-40b4-9197-d8d351f5fc2c-groupManagement] INFO  server.RaftServerConfigKeys (ConfUtils.java:logGet(46)) - raft.server.snapshot.trigger-when-stop.enabled = true (default)
2025-04-23 15:44:41,931 [bea46156-cfa9-40b4-9197-d8d351f5fc2c-groupManagement] INFO  server.RaftServerConfigKeys (ConfUtils.java:logGet(46)) - raft.server.snapshot.trigger-when-remove.enabled = true (default)
2025-04-23 15:44:41,931 [bea46156-cfa9-40b4-9197-d8d351f5fc2c-groupManagement] INFO  server.RaftServerConfigKeys (ConfUtils.java:logGet(46)) - raft.server.snapshot.auto.trigger.enabled = true (custom)
2025-04-23 15:44:41,931 [bea46156-cfa9-40b4-9197-d8d351f5fc2c-groupManagement] INFO  server.RaftServerConfigKeys (ConfUtils.java:logGet(46)) - raft.server.snapshot.auto.trigger.threshold = 100000 (custom)
2025-04-23 15:44:41,931 [bea46156-cfa9-40b4-9197-d8d351f5fc2c-groupManagement] INFO  server.RaftServerConfigKeys (ConfUtils.java:logGet(46)) - raft.server.snapshot.retention.file.num = 5 (custom)
2025-04-23 15:44:41,931 [bea46156-cfa9-40b4-9197-d8d351f5fc2c-groupManagement] INFO  server.RaftServerConfigKeys (ConfUtils.java:logGet(46)) - raft.server.log.purge.upto.snapshot.index = false (default)
2025-04-23 15:44:41,933 [bea46156-cfa9-40b4-9197-d8d351f5fc2c-groupManagement] INFO  server.RaftServer$Division (RaftServerImpl.java:start(405)) - bea46156-cfa9-40b4-9197-d8d351f5fc2c@group-BC06D3ED378B: Successfully started.
2025-04-23 15:44:41,934 [bea46156-cfa9-40b4-9197-d8d351f5fc2c-PipelineCommandHandlerThread-0] INFO  ratis.XceiverServerRatis (XceiverServerRatis.java:addGroup(842)) - Created group PipelineID=de1ee7cc-3939-4530-9e15-bc06d3ed378b
2025-04-23 15:44:41,935 [bea46156-cfa9-40b4-9197-d8d351f5fc2c-PipelineCommandHandlerThread-0] INFO  commandhandler.CreatePipelineCommandHandler (CreatePipelineCommandHandler.java:lambda$handle$2(128)) - Created Pipeline RATIS ONE PipelineID=de1ee7cc-3939-4530-9e15-bc06d3ed378b.
2025-04-23 15:44:41,936 [bea46156-cfa9-40b4-9197-d8d351f5fc2c-PipelineCommandHandlerThread-0] INFO  server.RaftServer (RaftServerProxy.java:addNew(100)) - bea46156-cfa9-40b4-9197-d8d351f5fc2c: addNew group-F552D2BA9679:[bea46156-cfa9-40b4-9197-d8d351f5fc2c|127.0.0.1:15023, e48ea510-4cfd-493d-84b4-aa69255fcf6e|127.0.0.1:15031, 1d13aa12-f904-4b76-b74f-beab0aa3318b|127.0.0.1:15039] returns group-F552D2BA9679:java.util.concurrent.CompletableFuture@3f45ade6[Not completed]
2025-04-23 15:44:41,938 [bea46156-cfa9-40b4-9197-d8d351f5fc2c-groupManagement] INFO  server.RaftServer$Division (RaftServerImpl.java:<init>(255)) - bea46156-cfa9-40b4-9197-d8d351f5fc2c: new RaftServerImpl for group-F552D2BA9679:[bea46156-cfa9-40b4-9197-d8d351f5fc2c|127.0.0.1:15023, e48ea510-4cfd-493d-84b4-aa69255fcf6e|127.0.0.1:15031, 1d13aa12-f904-4b76-b74f-beab0aa3318b|127.0.0.1:15039] with ContainerStateMachine:uninitialized
2025-04-23 15:44:41,938 [bea46156-cfa9-40b4-9197-d8d351f5fc2c-groupManagement] INFO  server.RaftServerConfigKeys (ConfUtils.java:logGet(46)) - raft.server.rpc.timeout.min = 5s (custom)
2025-04-23 15:44:41,938 [bea46156-cfa9-40b4-9197-d8d351f5fc2c-groupManagement] INFO  server.RaftServerConfigKeys (ConfUtils.java:logGet(46)) - raft.server.rpc.timeout.max = 5200ms (custom)
2025-04-23 15:44:41,938 [bea46156-cfa9-40b4-9197-d8d351f5fc2c-groupManagement] INFO  server.RaftServerConfigKeys (ConfUtils.java:logGet(46)) - raft.server.rpc.sleep.time = 25ms (default)
2025-04-23 15:44:41,938 [bea46156-cfa9-40b4-9197-d8d351f5fc2c-groupManagement] INFO  server.RaftServerConfigKeys (ConfUtils.java:logGet(46)) - raft.server.rpc.slowness.timeout = 300s (custom)
2025-04-23 15:44:41,939 [bea46156-cfa9-40b4-9197-d8d351f5fc2c-groupManagement] INFO  server.RaftServerConfigKeys (ConfUtils.java:logGet(46)) - raft.server.leaderelection.leader.step-down.wait-time = 10s (default)
2025-04-23 15:44:41,939 [bea46156-cfa9-40b4-9197-d8d351f5fc2c-groupManagement] INFO  server.RaftServerConfigKeys (ConfUtils.java:logGet(46)) - raft.server.leaderelection.member.majority-add = false (default)
2025-04-23 15:44:41,939 [bea46156-cfa9-40b4-9197-d8d351f5fc2c-groupManagement] INFO  server.RaftServerConfigKeys (ConfUtils.java:logGet(46)) - raft.server.sleep.deviation.threshold = 300ms (default)
2025-04-23 15:44:41,939 [bea46156-cfa9-40b4-9197-d8d351f5fc2c-groupManagement] INFO  server.RaftServer$Division (ServerState.java:<init>(114)) - bea46156-cfa9-40b4-9197-d8d351f5fc2c@group-F552D2BA9679: ConfigurationManager, init=conf: {index: -1, cur=peers:[bea46156-cfa9-40b4-9197-d8d351f5fc2c|127.0.0.1:15023, e48ea510-4cfd-493d-84b4-aa69255fcf6e|127.0.0.1:15031, 1d13aa12-f904-4b76-b74f-beab0aa3318b|127.0.0.1:15039]|listeners:[], old=null}, confs=<EMPTY_MAP>
2025-04-23 15:44:41,939 [bea46156-cfa9-40b4-9197-d8d351f5fc2c-groupManagement] INFO  server.RaftServerConfigKeys (ConfUtils.java:logGet(46)) - raft.server.notification.no-leader.timeout = 300s (custom)
2025-04-23 15:44:41,939 [bea46156-cfa9-40b4-9197-d8d351f5fc2c-groupManagement] INFO  server.RaftServerConfigKeys (ConfUtils.java:logGet(46)) - raft.server.read.timeout = 10s (default)
2025-04-23 15:44:41,939 [bea46156-cfa9-40b4-9197-d8d351f5fc2c-groupManagement] INFO  server.RaftServerConfigKeys (ConfUtils.java:logGet(46)) - raft.server.retrycache.expirytime = 600000ms (custom)
2025-04-23 15:44:41,939 [bea46156-cfa9-40b4-9197-d8d351f5fc2c-groupManagement] INFO  server.RaftServerConfigKeys (ConfUtils.java:logGet(46)) - raft.server.retrycache.statistics.expirytime = 100ms (default)
2025-04-23 15:44:41,939 [bea46156-cfa9-40b4-9197-d8d351f5fc2c-groupManagement] INFO  server.RaftServerConfigKeys (ConfUtils.java:logGet(46)) - raft.server.read.option = DEFAULT (default)
2025-04-23 15:44:41,939 [bea46156-cfa9-40b4-9197-d8d351f5fc2c-groupManagement] INFO  server.RaftServerConfigKeys (ConfUtils.java:logGet(46)) - raft.server.read.read-after-write-consistent.write-index-cache.expiry-time = 60s (default)
2025-04-23 15:44:41,943 [debc8cb4-4a2d-469c-9d41-f06aedad3f91@group-88D8665D28D7-StateMachineUpdater] INFO  safemode.HealthyPipelineSafeModeRule (HealthyPipelineSafeModeRule.java:initializeRule(174)) - Refreshed total pipeline count is 0, healthy pipeline threshold count is 1
2025-04-23 15:44:41,943 [EventQueue-PipelineReportForPipelineReportHandler] INFO  pipeline.PipelineReportHandler (PipelineReportHandler.java:processPipelineReport(134)) - Opened pipeline PipelineID=de1ee7cc-3939-4530-9e15-bc06d3ed378b
2025-04-23 15:44:41,945 [bea46156-cfa9-40b4-9197-d8d351f5fc2c-groupManagement] INFO  server.RaftServerConfigKeys (ConfUtils.java:logGet(46)) - raft.server.rpc.request.timeout = 60s (custom)
2025-04-23 15:44:41,945 [bea46156-cfa9-40b4-9197-d8d351f5fc2c-groupManagement] INFO  server.RaftServerConfigKeys (ConfUtils.java:logGet(46)) - raft.server.log.appender.install.snapshot.enabled = false (custom)
2025-04-23 15:44:41,945 [bea46156-cfa9-40b4-9197-d8d351f5fc2c-groupManagement] INFO  server.RaftServerConfigKeys (ConfUtils.java:logGet(46)) - raft.server.threadpool.server.cached = true (default)
2025-04-23 15:44:41,945 [EventQueue-OpenPipelineForHealthyPipelineSafeModeRule] INFO  safemode.SCMSafeModeManager (HealthyPipelineSafeModeRule.java:process(141)) - SCM in safe mode. Healthy pipelines reported count is 0, required healthy pipeline reported count is 1
2025-04-23 15:44:41,945 [bea46156-cfa9-40b4-9197-d8d351f5fc2c-groupManagement] INFO  server.RaftServerConfigKeys (ConfUtils.java:logGet(46)) - raft.server.threadpool.server.size = 0 (default)
2025-04-23 15:44:41,945 [bea46156-cfa9-40b4-9197-d8d351f5fc2c-groupManagement] INFO  server.RaftServerConfigKeys (ConfUtils.java:logGet(46)) - raft.server.threadpool.client.cached = true (default)
2025-04-23 15:44:41,945 [bea46156-cfa9-40b4-9197-d8d351f5fc2c-groupManagement] INFO  server.RaftServerConfigKeys (ConfUtils.java:logGet(46)) - raft.server.threadpool.client.size = 0 (default)
2025-04-23 15:44:41,945 [bea46156-cfa9-40b4-9197-d8d351f5fc2c-groupManagement] INFO  server.RaftServerConfigKeys (ConfUtils.java:logGet(46)) - raft.server.storage.free-space.min = 0MB (=0) (default)
2025-04-23 15:44:41,945 [bea46156-cfa9-40b4-9197-d8d351f5fc2c-groupManagement] INFO  server.RaftServerConfigKeys (ConfUtils.java:logGet(46)) - raft.server.log.corruption.policy = EXCEPTION (default)
2025-04-23 15:44:41,945 [bea46156-cfa9-40b4-9197-d8d351f5fc2c-groupManagement] INFO  server.RaftServerConfigKeys (ConfUtils.java:logGet(46)) - raft.server.storage.dir = [/home/runner/work/ozone/ozone/hadoop-ozone/integration-test/target/test-dir/MiniOzoneClusterImpl-5cf50c17-c591-473f-a8c4-88d8665d28d7/ozone-meta/datanode-1/ratis] (custom)
2025-04-23 15:44:41,946 [bea46156-cfa9-40b4-9197-d8d351f5fc2c-groupManagement] INFO  storage.RaftStorageDirectory (RaftStorageDirectoryImpl.java:analyzeStorage(138)) - The storage directory /home/runner/work/ozone/ozone/hadoop-ozone/integration-test/target/test-dir/MiniOzoneClusterImpl-5cf50c17-c591-473f-a8c4-88d8665d28d7/ozone-meta/datanode-1/ratis/24f3cc1f-6c83-4689-8af2-f552d2ba9679 does not exist. Creating ...
2025-04-23 15:44:41,947 [bea46156-cfa9-40b4-9197-d8d351f5fc2c-groupManagement] INFO  storage.RaftStorageDirectory (RaftStorageDirectoryImpl.java:tryLock(229)) - Lock on /home/runner/work/ozone/ozone/hadoop-ozone/integration-test/target/test-dir/MiniOzoneClusterImpl-5cf50c17-c591-473f-a8c4-88d8665d28d7/ozone-meta/datanode-1/ratis/24f3cc1f-6c83-4689-8af2-f552d2ba9679/in_use.lock acquired by nodename 129659@fv-az1337-835
2025-04-23 15:44:41,948 [bea46156-cfa9-40b4-9197-d8d351f5fc2c-groupManagement] INFO  storage.RaftStorage (RaftStorageImpl.java:format(98)) - Storage directory /home/runner/work/ozone/ozone/hadoop-ozone/integration-test/target/test-dir/MiniOzoneClusterImpl-5cf50c17-c591-473f-a8c4-88d8665d28d7/ozone-meta/datanode-1/ratis/24f3cc1f-6c83-4689-8af2-f552d2ba9679 has been successfully formatted.
2025-04-23 15:44:41,948 [bea46156-cfa9-40b4-9197-d8d351f5fc2c-groupManagement] INFO  ratis.ContainerStateMachine (ContainerStateMachine.java:initialize(339)) - bea46156-cfa9-40b4-9197-d8d351f5fc2c: initialize group-F552D2BA9679
2025-04-23 15:44:41,949 [bea46156-cfa9-40b4-9197-d8d351f5fc2c-groupManagement] INFO  ratis.ContainerStateMachine (ContainerStateMachine.java:loadSnapshot(347)) - group-F552D2BA9679: The snapshot info is null. Setting the last applied index to:(t:0, i:~)
2025-04-23 15:44:41,949 [bea46156-cfa9-40b4-9197-d8d351f5fc2c-groupManagement] INFO  server.RaftServerConfigKeys (ConfUtils.java:logGet(46)) - raft.server.log.use.memory = false (default)
2025-04-23 15:44:41,949 [bea46156-cfa9-40b4-9197-d8d351f5fc2c-groupManagement] INFO  server.RaftServerConfigKeys (ConfUtils.java:logGet(46)) - raft.server.log.purge.gap = 1000000 (custom)
2025-04-23 15:44:41,949 [bea46156-cfa9-40b4-9197-d8d351f5fc2c-groupManagement] INFO  server.RaftServerConfigKeys (ConfUtils.java:logGet(46)) - raft.server.log.appender.buffer.byte-limit = 33554432 (custom)
2025-04-23 15:44:41,949 [bea46156-cfa9-40b4-9197-d8d351f5fc2c-groupManagement] INFO  server.RaftServerConfigKeys (ConfUtils.java:logGet(46)) - raft.server.log.statemachine.data.read.timeout = 1000ms (default)
2025-04-23 15:44:41,949 [bea46156-cfa9-40b4-9197-d8d351f5fc2c-groupManagement] INFO  server.RaftServerConfigKeys (ConfUtils.java:logGet(46)) - raft.server.log.purge.preservation.log.num = 0 (default)
2025-04-23 15:44:41,952 [bea46156-cfa9-40b4-9197-d8d351f5fc2c-groupManagement] INFO  server.RaftServerConfigKeys (ConfUtils.java:logGet(46)) - raft.server.log.segment.size.max = 67108864 (custom)
2025-04-23 15:44:41,952 [bea46156-cfa9-40b4-9197-d8d351f5fc2c-groupManagement] INFO  server.RaftServerConfigKeys (ConfUtils.java:logGet(46)) - raft.server.log.segment.cache.num.max = 2 (custom)
2025-04-23 15:44:41,952 [bea46156-cfa9-40b4-9197-d8d351f5fc2c-groupManagement] INFO  server.RaftServerConfigKeys (ConfUtils.java:logGet(46)) - raft.server.log.segment.cache.size.max = 200MB (=209715200) (default)
2025-04-23 15:44:41,953 [bea46156-cfa9-40b4-9197-d8d351f5fc2c-groupManagement] INFO  server.RaftServerConfigKeys (ConfUtils.java:logGet(46)) - raft.server.log.appender.buffer.byte-limit = 33554432 (custom)
2025-04-23 15:44:41,952 [EventQueue-OpenPipelineForHealthyPipelineSafeModeRule] INFO  safemode.SCMSafeModeManager (HealthyPipelineSafeModeRule.java:process(141)) - SCM in safe mode. Healthy pipelines reported count is 0, required healthy pipeline reported count is 1
2025-04-23 15:44:41,953 [bea46156-cfa9-40b4-9197-d8d351f5fc2c-groupManagement] INFO  util.AwaitToRun (AwaitToRun.java:start(81)) - Thread[#929,bea46156-cfa9-40b4-9197-d8d351f5fc2c@group-F552D2BA9679-cacheEviction-AwaitToRun,5,main] started
2025-04-23 15:44:41,953 [bea46156-cfa9-40b4-9197-d8d351f5fc2c-groupManagement] INFO  segmented.SegmentedRaftLogWorker (SegmentedRaftLogWorker.java:<init>(188)) - new bea46156-cfa9-40b4-9197-d8d351f5fc2c@group-F552D2BA9679-SegmentedRaftLogWorker for RaftStorageImpl:Storage Directory /home/runner/work/ozone/ozone/hadoop-ozone/integration-test/target/test-dir/MiniOzoneClusterImpl-5cf50c17-c591-473f-a8c4-88d8665d28d7/ozone-meta/datanode-1/ratis/24f3cc1f-6c83-4689-8af2-f552d2ba9679
2025-04-23 15:44:41,953 [bea46156-cfa9-40b4-9197-d8d351f5fc2c-groupManagement] INFO  server.RaftServerConfigKeys (ConfUtils.java:logGet(46)) - raft.server.log.queue.byte-limit = 4294967296 (custom)
2025-04-23 15:44:41,953 [bea46156-cfa9-40b4-9197-d8d351f5fc2c-groupManagement] INFO  server.RaftServerConfigKeys (ConfUtils.java:logGet(46)) - raft.server.log.queue.element-limit = 1024 (custom)
2025-04-23 15:44:41,953 [bea46156-cfa9-40b4-9197-d8d351f5fc2c-groupManagement] INFO  server.RaftServerConfigKeys (ConfUtils.java:logGet(46)) - raft.server.log.segment.size.max = 67108864 (custom)
2025-04-23 15:44:41,953 [bea46156-cfa9-40b4-9197-d8d351f5fc2c-groupManagement] INFO  server.RaftServerConfigKeys (ConfUtils.java:logGet(46)) - raft.server.log.preallocated.size = 4194304 (custom)
2025-04-23 15:44:41,953 [bea46156-cfa9-40b4-9197-d8d351f5fc2c-groupManagement] INFO  server.RaftServerConfigKeys (ConfUtils.java:logGet(46)) - raft.server.log.force.sync.num = 128 (default)
2025-04-23 15:44:41,953 [bea46156-cfa9-40b4-9197-d8d351f5fc2c-groupManagement] INFO  server.RaftServerConfigKeys (ConfUtils.java:logGet(46)) - raft.server.log.statemachine.data.sync = true (default)
2025-04-23 15:44:41,953 [bea46156-cfa9-40b4-9197-d8d351f5fc2c-groupManagement] INFO  server.RaftServerConfigKeys (ConfUtils.java:logGet(46)) - raft.server.log.statemachine.data.sync.timeout = 10s (default)
2025-04-23 15:44:41,954 [bea46156-cfa9-40b4-9197-d8d351f5fc2c-groupManagement] INFO  server.RaftServerConfigKeys (ConfUtils.java:logGet(46)) - raft.server.log.statemachine.data.sync.timeout.retry = 30 (custom)
2025-04-23 15:44:41,954 [bea46156-cfa9-40b4-9197-d8d351f5fc2c-groupManagement] INFO  server.RaftServerConfigKeys (ConfUtils.java:logGet(46)) - raft.server.log.write.buffer.size = 33554440 (custom)
2025-04-23 15:44:41,959 [bea46156-cfa9-40b4-9197-d8d351f5fc2c-groupManagement] INFO  server.RaftServerConfigKeys (ConfUtils.java:logGet(46)) - raft.server.log.appender.buffer.byte-limit = 33554432 (custom)
2025-04-23 15:44:41,959 [bea46156-cfa9-40b4-9197-d8d351f5fc2c-groupManagement] INFO  server.RaftServerConfigKeys (ConfUtils.java:logGet(46)) - raft.server.log.unsafe-flush.enabled = false (default)
2025-04-23 15:44:41,959 [bea46156-cfa9-40b4-9197-d8d351f5fc2c-groupManagement] INFO  server.RaftServerConfigKeys (ConfUtils.java:logGet(46)) - raft.server.log.async-flush.enabled = false (default)
2025-04-23 15:44:41,959 [bea46156-cfa9-40b4-9197-d8d351f5fc2c-groupManagement] INFO  server.RaftServerConfigKeys (ConfUtils.java:logGet(46)) - raft.server.log.statemachine.data.caching.enabled = true (custom)
2025-04-23 15:44:41,960 [bea46156-cfa9-40b4-9197-d8d351f5fc2c-groupManagement] INFO  segmented.SegmentedRaftLogWorker (SegmentedRaftLogWorker.java:lambda$new$0(139)) - bea46156-cfa9-40b4-9197-d8d351f5fc2c@group-F552D2BA9679-SegmentedRaftLogWorker: flushIndex: setUnconditionally 0 -> -1
2025-04-23 15:44:41,960 [bea46156-cfa9-40b4-9197-d8d351f5fc2c-groupManagement] INFO  segmented.SegmentedRaftLogWorker (SegmentedRaftLogWorker.java:lambda$new$0(139)) - bea46156-cfa9-40b4-9197-d8d351f5fc2c@group-F552D2BA9679-SegmentedRaftLogWorker: safeCacheEvictIndex: setUnconditionally 0 -> -1
2025-04-23 15:44:41,960 [bea46156-cfa9-40b4-9197-d8d351f5fc2c-groupManagement] INFO  server.RaftServer$Division (RaftServerImpl.java:start(391)) - bea46156-cfa9-40b4-9197-d8d351f5fc2c@group-F552D2BA9679: start as a follower, conf=conf: {index: -1, cur=peers:[bea46156-cfa9-40b4-9197-d8d351f5fc2c|127.0.0.1:15023, e48ea510-4cfd-493d-84b4-aa69255fcf6e|127.0.0.1:15031, 1d13aa12-f904-4b76-b74f-beab0aa3318b|127.0.0.1:15039]|listeners:[], old=null}
2025-04-23 15:44:41,960 [bea46156-cfa9-40b4-9197-d8d351f5fc2c-groupManagement] INFO  server.RaftServer$Division (RaftServerImpl.java:setRole(378)) - bea46156-cfa9-40b4-9197-d8d351f5fc2c@group-F552D2BA9679: changes role from      null to FOLLOWER at term 0 for startAsFollower
2025-04-23 15:44:41,960 [bea46156-cfa9-40b4-9197-d8d351f5fc2c-groupManagement] INFO  impl.RoleInfo (RoleInfo.java:updateAndGet(148)) - bea46156-cfa9-40b4-9197-d8d351f5fc2c: start bea46156-cfa9-40b4-9197-d8d351f5fc2c@group-F552D2BA9679-FollowerState
2025-04-23 15:44:41,961 [bea46156-cfa9-40b4-9197-d8d351f5fc2c@group-F552D2BA9679-FollowerState] INFO  server.RaftServerConfigKeys (ConfUtils.java:logGet(46)) - raft.server.rpc.first-election.timeout.min = 1000ms (custom)
2025-04-23 15:44:41,961 [bea46156-cfa9-40b4-9197-d8d351f5fc2c@group-F552D2BA9679-FollowerState] INFO  server.RaftServerConfigKeys (ConfUtils.java:logGet(46)) - raft.server.rpc.first-election.timeout.max = 1200ms (custom)
2025-04-23 15:44:41,961 [bea46156-cfa9-40b4-9197-d8d351f5fc2c-groupManagement] INFO  util.JmxRegister (JmxRegister.java:tryRegister(44)) - Successfully registered JMX Bean with object name Ratis:service=RaftServer,group=group-F552D2BA9679,id=bea46156-cfa9-40b4-9197-d8d351f5fc2c
2025-04-23 15:44:41,961 [bea46156-cfa9-40b4-9197-d8d351f5fc2c-groupManagement] INFO  util.JmxRegister (JmxRegister.java:register(58)) - register mxBean class org.apache.ratis.server.impl.RaftServerJmxAdapter as Ratis:service=RaftServer,group=group-F552D2BA9679,id=bea46156-cfa9-40b4-9197-d8d351f5fc2c
2025-04-23 15:44:41,961 [bea46156-cfa9-40b4-9197-d8d351f5fc2c-groupManagement] INFO  server.RaftServerConfigKeys (ConfUtils.java:logGet(46)) - raft.server.snapshot.trigger-when-stop.enabled = true (default)
2025-04-23 15:44:41,961 [bea46156-cfa9-40b4-9197-d8d351f5fc2c-groupManagement] INFO  server.RaftServerConfigKeys (ConfUtils.java:logGet(46)) - raft.server.snapshot.trigger-when-remove.enabled = true (default)
2025-04-23 15:44:41,961 [bea46156-cfa9-40b4-9197-d8d351f5fc2c-groupManagement] INFO  server.RaftServerConfigKeys (ConfUtils.java:logGet(46)) - raft.server.snapshot.auto.trigger.enabled = true (custom)
2025-04-23 15:44:41,961 [bea46156-cfa9-40b4-9197-d8d351f5fc2c-groupManagement] INFO  server.RaftServerConfigKeys (ConfUtils.java:logGet(46)) - raft.server.snapshot.auto.trigger.threshold = 100000 (custom)
2025-04-23 15:44:41,961 [bea46156-cfa9-40b4-9197-d8d351f5fc2c-groupManagement] INFO  server.RaftServerConfigKeys (ConfUtils.java:logGet(46)) - raft.server.snapshot.retention.file.num = 5 (custom)
2025-04-23 15:44:41,961 [bea46156-cfa9-40b4-9197-d8d351f5fc2c-groupManagement] INFO  server.RaftServerConfigKeys (ConfUtils.java:logGet(46)) - raft.server.log.purge.upto.snapshot.index = false (default)
2025-04-23 15:44:41,962 [bea46156-cfa9-40b4-9197-d8d351f5fc2c-groupManagement] INFO  server.RaftServer$Division (RaftServerImpl.java:start(405)) - bea46156-cfa9-40b4-9197-d8d351f5fc2c@group-F552D2BA9679: Successfully started.
2025-04-23 15:44:41,963 [bea46156-cfa9-40b4-9197-d8d351f5fc2c-PipelineCommandHandlerThread-0] INFO  ratis.XceiverServerRatis (XceiverServerRatis.java:addGroup(842)) - Created group PipelineID=24f3cc1f-6c83-4689-8af2-f552d2ba9679
2025-04-23 15:44:42,005 [grpc-default-executor-2] INFO  server.RaftServer (RaftServerProxy.java:addNew(100)) - 1d13aa12-f904-4b76-b74f-beab0aa3318b: addNew group-F552D2BA9679:[bea46156-cfa9-40b4-9197-d8d351f5fc2c|127.0.0.1:15023, e48ea510-4cfd-493d-84b4-aa69255fcf6e|127.0.0.1:15031, 1d13aa12-f904-4b76-b74f-beab0aa3318b|127.0.0.1:15039] returns group-F552D2BA9679:java.util.concurrent.CompletableFuture@32ed5119[Not completed]
2025-04-23 15:44:42,007 [1d13aa12-f904-4b76-b74f-beab0aa3318b-groupManagement] INFO  server.RaftServer$Division (RaftServerImpl.java:<init>(255)) - 1d13aa12-f904-4b76-b74f-beab0aa3318b: new RaftServerImpl for group-F552D2BA9679:[bea46156-cfa9-40b4-9197-d8d351f5fc2c|127.0.0.1:15023, e48ea510-4cfd-493d-84b4-aa69255fcf6e|127.0.0.1:15031, 1d13aa12-f904-4b76-b74f-beab0aa3318b|127.0.0.1:15039] with ContainerStateMachine:uninitialized
2025-04-23 15:44:42,007 [1d13aa12-f904-4b76-b74f-beab0aa3318b-groupManagement] INFO  server.RaftServerConfigKeys (ConfUtils.java:logGet(46)) - raft.server.rpc.timeout.min = 5s (custom)
2025-04-23 15:44:42,007 [1d13aa12-f904-4b76-b74f-beab0aa3318b-groupManagement] INFO  server.RaftServerConfigKeys (ConfUtils.java:logGet(46)) - raft.server.rpc.timeout.max = 5200ms (custom)
2025-04-23 15:44:42,007 [1d13aa12-f904-4b76-b74f-beab0aa3318b-groupManagement] INFO  server.RaftServerConfigKeys (ConfUtils.java:logGet(46)) - raft.server.rpc.sleep.time = 25ms (default)
2025-04-23 15:44:42,008 [1d13aa12-f904-4b76-b74f-beab0aa3318b-groupManagement] INFO  server.RaftServerConfigKeys (ConfUtils.java:logGet(46)) - raft.server.rpc.slowness.timeout = 300s (custom)
2025-04-23 15:44:42,008 [1d13aa12-f904-4b76-b74f-beab0aa3318b-groupManagement] INFO  server.RaftServerConfigKeys (ConfUtils.java:logGet(46)) - raft.server.leaderelection.leader.step-down.wait-time = 10s (default)
2025-04-23 15:44:42,008 [1d13aa12-f904-4b76-b74f-beab0aa3318b-groupManagement] INFO  server.RaftServerConfigKeys (ConfUtils.java:logGet(46)) - raft.server.leaderelection.member.majority-add = false (default)
2025-04-23 15:44:42,008 [1d13aa12-f904-4b76-b74f-beab0aa3318b-groupManagement] INFO  server.RaftServerConfigKeys (ConfUtils.java:logGet(46)) - raft.server.sleep.deviation.threshold = 300ms (default)
2025-04-23 15:44:42,008 [1d13aa12-f904-4b76-b74f-beab0aa3318b-groupManagement] INFO  server.RaftServer$Division (ServerState.java:<init>(114)) - 1d13aa12-f904-4b76-b74f-beab0aa3318b@group-F552D2BA9679: ConfigurationManager, init=conf: {index: -1, cur=peers:[bea46156-cfa9-40b4-9197-d8d351f5fc2c|127.0.0.1:15023, e48ea510-4cfd-493d-84b4-aa69255fcf6e|127.0.0.1:15031, 1d13aa12-f904-4b76-b74f-beab0aa3318b|127.0.0.1:15039]|listeners:[], old=null}, confs=<EMPTY_MAP>
2025-04-23 15:44:42,008 [1d13aa12-f904-4b76-b74f-beab0aa3318b-groupManagement] INFO  server.RaftServerConfigKeys (ConfUtils.java:logGet(46)) - raft.server.notification.no-leader.timeout = 300s (custom)
2025-04-23 15:44:42,008 [1d13aa12-f904-4b76-b74f-beab0aa3318b-groupManagement] INFO  server.RaftServerConfigKeys (ConfUtils.java:logGet(46)) - raft.server.read.timeout = 10s (default)
2025-04-23 15:44:42,008 [1d13aa12-f904-4b76-b74f-beab0aa3318b-groupManagement] INFO  server.RaftServerConfigKeys (ConfUtils.java:logGet(46)) - raft.server.retrycache.expirytime = 600000ms (custom)
2025-04-23 15:44:42,008 [1d13aa12-f904-4b76-b74f-beab0aa3318b-groupManagement] INFO  server.RaftServerConfigKeys (ConfUtils.java:logGet(46)) - raft.server.retrycache.statistics.expirytime = 100ms (default)
2025-04-23 15:44:42,008 [1d13aa12-f904-4b76-b74f-beab0aa3318b-groupManagement] INFO  server.RaftServerConfigKeys (ConfUtils.java:logGet(46)) - raft.server.read.option = DEFAULT (default)
2025-04-23 15:44:42,008 [1d13aa12-f904-4b76-b74f-beab0aa3318b-groupManagement] INFO  server.RaftServerConfigKeys (ConfUtils.java:logGet(46)) - raft.server.read.read-after-write-consistent.write-index-cache.expiry-time = 60s (default)
2025-04-23 15:44:42,013 [1d13aa12-f904-4b76-b74f-beab0aa3318b-groupManagement] INFO  server.RaftServerConfigKeys (ConfUtils.java:logGet(46)) - raft.server.rpc.request.timeout = 60s (custom)
2025-04-23 15:44:42,013 [1d13aa12-f904-4b76-b74f-beab0aa3318b-groupManagement] INFO  server.RaftServerConfigKeys (ConfUtils.java:logGet(46)) - raft.server.log.appender.install.snapshot.enabled = false (custom)
2025-04-23 15:44:42,013 [1d13aa12-f904-4b76-b74f-beab0aa3318b-groupManagement] INFO  server.RaftServerConfigKeys (ConfUtils.java:logGet(46)) - raft.server.threadpool.server.cached = true (default)
2025-04-23 15:44:42,013 [1d13aa12-f904-4b76-b74f-beab0aa3318b-groupManagement] INFO  server.RaftServerConfigKeys (ConfUtils.java:logGet(46)) - raft.server.threadpool.server.size = 0 (default)
2025-04-23 15:44:42,014 [1d13aa12-f904-4b76-b74f-beab0aa3318b-groupManagement] INFO  server.RaftServerConfigKeys (ConfUtils.java:logGet(46)) - raft.server.threadpool.client.cached = true (default)
2025-04-23 15:44:42,014 [1d13aa12-f904-4b76-b74f-beab0aa3318b-groupManagement] INFO  server.RaftServerConfigKeys (ConfUtils.java:logGet(46)) - raft.server.threadpool.client.size = 0 (default)
2025-04-23 15:44:42,014 [1d13aa12-f904-4b76-b74f-beab0aa3318b-groupManagement] INFO  server.RaftServerConfigKeys (ConfUtils.java:logGet(46)) - raft.server.storage.free-space.min = 0MB (=0) (default)
2025-04-23 15:44:42,014 [1d13aa12-f904-4b76-b74f-beab0aa3318b-groupManagement] INFO  server.RaftServerConfigKeys (ConfUtils.java:logGet(46)) - raft.server.log.corruption.policy = EXCEPTION (default)
2025-04-23 15:44:42,014 [1d13aa12-f904-4b76-b74f-beab0aa3318b-groupManagement] INFO  server.RaftServerConfigKeys (ConfUtils.java:logGet(46)) - raft.server.storage.dir = [/home/runner/work/ozone/ozone/hadoop-ozone/integration-test/target/test-dir/MiniOzoneClusterImpl-5cf50c17-c591-473f-a8c4-88d8665d28d7/ozone-meta/datanode-3/ratis] (custom)
2025-04-23 15:44:42,014 [1d13aa12-f904-4b76-b74f-beab0aa3318b-groupManagement] INFO  storage.RaftStorageDirectory (RaftStorageDirectoryImpl.java:analyzeStorage(138)) - The storage directory /home/runner/work/ozone/ozone/hadoop-ozone/integration-test/target/test-dir/MiniOzoneClusterImpl-5cf50c17-c591-473f-a8c4-88d8665d28d7/ozone-meta/datanode-3/ratis/24f3cc1f-6c83-4689-8af2-f552d2ba9679 does not exist. Creating ...
2025-04-23 15:44:42,015 [1d13aa12-f904-4b76-b74f-beab0aa3318b-groupManagement] INFO  storage.RaftStorageDirectory (RaftStorageDirectoryImpl.java:tryLock(229)) - Lock on /home/runner/work/ozone/ozone/hadoop-ozone/integration-test/target/test-dir/MiniOzoneClusterImpl-5cf50c17-c591-473f-a8c4-88d8665d28d7/ozone-meta/datanode-3/ratis/24f3cc1f-6c83-4689-8af2-f552d2ba9679/in_use.lock acquired by nodename 129659@fv-az1337-835
2025-04-23 15:44:42,016 [1d13aa12-f904-4b76-b74f-beab0aa3318b-groupManagement] INFO  storage.RaftStorage (RaftStorageImpl.java:format(98)) - Storage directory /home/runner/work/ozone/ozone/hadoop-ozone/integration-test/target/test-dir/MiniOzoneClusterImpl-5cf50c17-c591-473f-a8c4-88d8665d28d7/ozone-meta/datanode-3/ratis/24f3cc1f-6c83-4689-8af2-f552d2ba9679 has been successfully formatted.
2025-04-23 15:44:42,017 [1d13aa12-f904-4b76-b74f-beab0aa3318b-groupManagement] INFO  ratis.ContainerStateMachine (ContainerStateMachine.java:initialize(339)) - 1d13aa12-f904-4b76-b74f-beab0aa3318b: initialize group-F552D2BA9679
2025-04-23 15:44:42,017 [1d13aa12-f904-4b76-b74f-beab0aa3318b-groupManagement] INFO  ratis.ContainerStateMachine (ContainerStateMachine.java:loadSnapshot(347)) - group-F552D2BA9679: The snapshot info is null. Setting the last applied index to:(t:0, i:~)
2025-04-23 15:44:42,017 [1d13aa12-f904-4b76-b74f-beab0aa3318b-groupManagement] INFO  server.RaftServerConfigKeys (ConfUtils.java:logGet(46)) - raft.server.log.use.memory = false (default)
2025-04-23 15:44:42,017 [1d13aa12-f904-4b76-b74f-beab0aa3318b-groupManagement] INFO  server.RaftServerConfigKeys (ConfUtils.java:logGet(46)) - raft.server.log.purge.gap = 1000000 (custom)
2025-04-23 15:44:42,017 [1d13aa12-f904-4b76-b74f-beab0aa3318b-groupManagement] INFO  server.RaftServerConfigKeys (ConfUtils.java:logGet(46)) - raft.server.log.appender.buffer.byte-limit = 33554432 (custom)
2025-04-23 15:44:42,017 [1d13aa12-f904-4b76-b74f-beab0aa3318b-groupManagement] INFO  server.RaftServerConfigKeys (ConfUtils.java:logGet(46)) - raft.server.log.statemachine.data.read.timeout = 1000ms (default)
2025-04-23 15:44:42,017 [1d13aa12-f904-4b76-b74f-beab0aa3318b-groupManagement] INFO  server.RaftServerConfigKeys (ConfUtils.java:logGet(46)) - raft.server.log.purge.preservation.log.num = 0 (default)
2025-04-23 15:44:42,020 [1d13aa12-f904-4b76-b74f-beab0aa3318b-groupManagement] INFO  server.RaftServerConfigKeys (ConfUtils.java:logGet(46)) - raft.server.log.segment.size.max = 67108864 (custom)
2025-04-23 15:44:42,021 [1d13aa12-f904-4b76-b74f-beab0aa3318b-groupManagement] INFO  server.RaftServerConfigKeys (ConfUtils.java:logGet(46)) - raft.server.log.segment.cache.num.max = 2 (custom)
2025-04-23 15:44:42,021 [1d13aa12-f904-4b76-b74f-beab0aa3318b-groupManagement] INFO  server.RaftServerConfigKeys (ConfUtils.java:logGet(46)) - raft.server.log.segment.cache.size.max = 200MB (=209715200) (default)
2025-04-23 15:44:42,021 [1d13aa12-f904-4b76-b74f-beab0aa3318b-groupManagement] INFO  server.RaftServerConfigKeys (ConfUtils.java:logGet(46)) - raft.server.log.appender.buffer.byte-limit = 33554432 (custom)
2025-04-23 15:44:42,022 [1d13aa12-f904-4b76-b74f-beab0aa3318b-groupManagement] INFO  util.AwaitToRun (AwaitToRun.java:start(81)) - Thread[#934,1d13aa12-f904-4b76-b74f-beab0aa3318b@group-F552D2BA9679-cacheEviction-AwaitToRun,5,main] started
2025-04-23 15:44:42,022 [1d13aa12-f904-4b76-b74f-beab0aa3318b-groupManagement] INFO  segmented.SegmentedRaftLogWorker (SegmentedRaftLogWorker.java:<init>(188)) - new 1d13aa12-f904-4b76-b74f-beab0aa3318b@group-F552D2BA9679-SegmentedRaftLogWorker for RaftStorageImpl:Storage Directory /home/runner/work/ozone/ozone/hadoop-ozone/integration-test/target/test-dir/MiniOzoneClusterImpl-5cf50c17-c591-473f-a8c4-88d8665d28d7/ozone-meta/datanode-3/ratis/24f3cc1f-6c83-4689-8af2-f552d2ba9679
2025-04-23 15:44:42,022 [1d13aa12-f904-4b76-b74f-beab0aa3318b-groupManagement] INFO  server.RaftServerConfigKeys (ConfUtils.java:logGet(46)) - raft.server.log.queue.byte-limit = 4294967296 (custom)
2025-04-23 15:44:42,022 [1d13aa12-f904-4b76-b74f-beab0aa3318b-groupManagement] INFO  server.RaftServerConfigKeys (ConfUtils.java:logGet(46)) - raft.server.log.queue.element-limit = 1024 (custom)
2025-04-23 15:44:42,022 [1d13aa12-f904-4b76-b74f-beab0aa3318b-groupManagement] INFO  server.RaftServerConfigKeys (ConfUtils.java:logGet(46)) - raft.server.log.segment.size.max = 67108864 (custom)
2025-04-23 15:44:42,022 [1d13aa12-f904-4b76-b74f-beab0aa3318b-groupManagement] INFO  server.RaftServerConfigKeys (ConfUtils.java:logGet(46)) - raft.server.log.preallocated.size = 4194304 (custom)
2025-04-23 15:44:42,022 [1d13aa12-f904-4b76-b74f-beab0aa3318b-groupManagement] INFO  server.RaftServerConfigKeys (ConfUtils.java:logGet(46)) - raft.server.log.force.sync.num = 128 (default)
2025-04-23 15:44:42,022 [1d13aa12-f904-4b76-b74f-beab0aa3318b-groupManagement] INFO  server.RaftServerConfigKeys (ConfUtils.java:logGet(46)) - raft.server.log.statemachine.data.sync = true (default)
2025-04-23 15:44:42,023 [1d13aa12-f904-4b76-b74f-beab0aa3318b-groupManagement] INFO  server.RaftServerConfigKeys (ConfUtils.java:logGet(46)) - raft.server.log.statemachine.data.sync.timeout = 10s (default)
2025-04-23 15:44:42,023 [1d13aa12-f904-4b76-b74f-beab0aa3318b-groupManagement] INFO  server.RaftServerConfigKeys (ConfUtils.java:logGet(46)) - raft.server.log.statemachine.data.sync.timeout.retry = 30 (custom)
2025-04-23 15:44:42,023 [1d13aa12-f904-4b76-b74f-beab0aa3318b-groupManagement] INFO  server.RaftServerConfigKeys (ConfUtils.java:logGet(46)) - raft.server.log.write.buffer.size = 33554440 (custom)
2025-04-23 15:44:42,029 [1d13aa12-f904-4b76-b74f-beab0aa3318b-groupManagement] INFO  server.RaftServerConfigKeys (ConfUtils.java:logGet(46)) - raft.server.log.appender.buffer.byte-limit = 33554432 (custom)
2025-04-23 15:44:42,029 [1d13aa12-f904-4b76-b74f-beab0aa3318b-groupManagement] INFO  server.RaftServerConfigKeys (ConfUtils.java:logGet(46)) - raft.server.log.unsafe-flush.enabled = false (default)
2025-04-23 15:44:42,029 [1d13aa12-f904-4b76-b74f-beab0aa3318b-groupManagement] INFO  server.RaftServerConfigKeys (ConfUtils.java:logGet(46)) - raft.server.log.async-flush.enabled = false (default)
2025-04-23 15:44:42,029 [1d13aa12-f904-4b76-b74f-beab0aa3318b-groupManagement] INFO  server.RaftServerConfigKeys (ConfUtils.java:logGet(46)) - raft.server.log.statemachine.data.caching.enabled = true (custom)
2025-04-23 15:44:42,030 [1d13aa12-f904-4b76-b74f-beab0aa3318b-groupManagement] INFO  segmented.SegmentedRaftLogWorker (SegmentedRaftLogWorker.java:lambda$new$0(139)) - 1d13aa12-f904-4b76-b74f-beab0aa3318b@group-F552D2BA9679-SegmentedRaftLogWorker: flushIndex: setUnconditionally 0 -> -1
2025-04-23 15:44:42,030 [1d13aa12-f904-4b76-b74f-beab0aa3318b-groupManagement] INFO  segmented.SegmentedRaftLogWorker (SegmentedRaftLogWorker.java:lambda$new$0(139)) - 1d13aa12-f904-4b76-b74f-beab0aa3318b@group-F552D2BA9679-SegmentedRaftLogWorker: safeCacheEvictIndex: setUnconditionally 0 -> -1
2025-04-23 15:44:42,030 [1d13aa12-f904-4b76-b74f-beab0aa3318b-groupManagement] INFO  server.RaftServer$Division (RaftServerImpl.java:start(391)) - 1d13aa12-f904-4b76-b74f-beab0aa3318b@group-F552D2BA9679: start as a follower, conf=conf: {index: -1, cur=peers:[bea46156-cfa9-40b4-9197-d8d351f5fc2c|127.0.0.1:15023, e48ea510-4cfd-493d-84b4-aa69255fcf6e|127.0.0.1:15031, 1d13aa12-f904-4b76-b74f-beab0aa3318b|127.0.0.1:15039]|listeners:[], old=null}
2025-04-23 15:44:42,030 [1d13aa12-f904-4b76-b74f-beab0aa3318b-groupManagement] INFO  server.RaftServer$Division (RaftServerImpl.java:setRole(378)) - 1d13aa12-f904-4b76-b74f-beab0aa3318b@group-F552D2BA9679: changes role from      null to FOLLOWER at term 0 for startAsFollower
2025-04-23 15:44:42,031 [1d13aa12-f904-4b76-b74f-beab0aa3318b-groupManagement] INFO  impl.RoleInfo (RoleInfo.java:updateAndGet(148)) - 1d13aa12-f904-4b76-b74f-beab0aa3318b: start 1d13aa12-f904-4b76-b74f-beab0aa3318b@group-F552D2BA9679-FollowerState
2025-04-23 15:44:42,031 [1d13aa12-f904-4b76-b74f-beab0aa3318b-groupManagement] INFO  util.JmxRegister (JmxRegister.java:tryRegister(44)) - Successfully registered JMX Bean with object name Ratis:service=RaftServer,group=group-F552D2BA9679,id=1d13aa12-f904-4b76-b74f-beab0aa3318b
2025-04-23 15:44:42,031 [1d13aa12-f904-4b76-b74f-beab0aa3318b-groupManagement] INFO  util.JmxRegister (JmxRegister.java:register(58)) - register mxBean class org.apache.ratis.server.impl.RaftServerJmxAdapter as Ratis:service=RaftServer,group=group-F552D2BA9679,id=1d13aa12-f904-4b76-b74f-beab0aa3318b
2025-04-23 15:44:42,031 [1d13aa12-f904-4b76-b74f-beab0aa3318b-groupManagement] INFO  server.RaftServerConfigKeys (ConfUtils.java:logGet(46)) - raft.server.snapshot.trigger-when-stop.enabled = true (default)
2025-04-23 15:44:42,031 [1d13aa12-f904-4b76-b74f-beab0aa3318b-groupManagement] INFO  server.RaftServerConfigKeys (ConfUtils.java:logGet(46)) - raft.server.snapshot.trigger-when-remove.enabled = true (default)
2025-04-23 15:44:42,031 [1d13aa12-f904-4b76-b74f-beab0aa3318b-groupManagement] INFO  server.RaftServerConfigKeys (ConfUtils.java:logGet(46)) - raft.server.snapshot.auto.trigger.enabled = true (custom)
2025-04-23 15:44:42,031 [1d13aa12-f904-4b76-b74f-beab0aa3318b-groupManagement] INFO  server.RaftServerConfigKeys (ConfUtils.java:logGet(46)) - raft.server.snapshot.auto.trigger.threshold = 100000 (custom)
2025-04-23 15:44:42,031 [1d13aa12-f904-4b76-b74f-beab0aa3318b-groupManagement] INFO  server.RaftServerConfigKeys (ConfUtils.java:logGet(46)) - raft.server.snapshot.retention.file.num = 5 (custom)
2025-04-23 15:44:42,031 [1d13aa12-f904-4b76-b74f-beab0aa3318b-groupManagement] INFO  server.RaftServerConfigKeys (ConfUtils.java:logGet(46)) - raft.server.log.purge.upto.snapshot.index = false (default)
2025-04-23 15:44:42,032 [1d13aa12-f904-4b76-b74f-beab0aa3318b@group-F552D2BA9679-FollowerState] INFO  server.RaftServerConfigKeys (ConfUtils.java:logGet(46)) - raft.server.rpc.first-election.timeout.min = 1000ms (custom)
2025-04-23 15:44:42,032 [1d13aa12-f904-4b76-b74f-beab0aa3318b@group-F552D2BA9679-FollowerState] INFO  server.RaftServerConfigKeys (ConfUtils.java:logGet(46)) - raft.server.rpc.first-election.timeout.max = 1200ms (custom)
2025-04-23 15:44:42,033 [1d13aa12-f904-4b76-b74f-beab0aa3318b-groupManagement] INFO  server.RaftServer$Division (RaftServerImpl.java:start(405)) - 1d13aa12-f904-4b76-b74f-beab0aa3318b@group-F552D2BA9679: Successfully started.
2025-04-23 15:44:42,063 [grpc-default-executor-2] INFO  server.RaftServer (RaftServerProxy.java:addNew(100)) - e48ea510-4cfd-493d-84b4-aa69255fcf6e: addNew group-F552D2BA9679:[bea46156-cfa9-40b4-9197-d8d351f5fc2c|127.0.0.1:15023, e48ea510-4cfd-493d-84b4-aa69255fcf6e|127.0.0.1:15031, 1d13aa12-f904-4b76-b74f-beab0aa3318b|127.0.0.1:15039] returns group-F552D2BA9679:java.util.concurrent.CompletableFuture@5cd9281b[Not completed]
2025-04-23 15:44:42,065 [e48ea510-4cfd-493d-84b4-aa69255fcf6e-groupManagement] INFO  server.RaftServer$Division (RaftServerImpl.java:<init>(255)) - e48ea510-4cfd-493d-84b4-aa69255fcf6e: new RaftServerImpl for group-F552D2BA9679:[bea46156-cfa9-40b4-9197-d8d351f5fc2c|127.0.0.1:15023, e48ea510-4cfd-493d-84b4-aa69255fcf6e|127.0.0.1:15031, 1d13aa12-f904-4b76-b74f-beab0aa3318b|127.0.0.1:15039] with ContainerStateMachine:uninitialized
2025-04-23 15:44:42,065 [e48ea510-4cfd-493d-84b4-aa69255fcf6e-groupManagement] INFO  server.RaftServerConfigKeys (ConfUtils.java:logGet(46)) - raft.server.rpc.timeout.min = 5s (custom)
2025-04-23 15:44:42,065 [e48ea510-4cfd-493d-84b4-aa69255fcf6e-groupManagement] INFO  server.RaftServerConfigKeys (ConfUtils.java:logGet(46)) - raft.server.rpc.timeout.max = 5200ms (custom)
2025-04-23 15:44:42,066 [e48ea510-4cfd-493d-84b4-aa69255fcf6e-groupManagement] INFO  server.RaftServerConfigKeys (ConfUtils.java:logGet(46)) - raft.server.rpc.sleep.time = 25ms (default)
2025-04-23 15:44:42,066 [e48ea510-4cfd-493d-84b4-aa69255fcf6e-groupManagement] INFO  server.RaftServerConfigKeys (ConfUtils.java:logGet(46)) - raft.server.rpc.slowness.timeout = 300s (custom)
2025-04-23 15:44:42,066 [e48ea510-4cfd-493d-84b4-aa69255fcf6e-groupManagement] INFO  server.RaftServerConfigKeys (ConfUtils.java:logGet(46)) - raft.server.leaderelection.leader.step-down.wait-time = 10s (default)
2025-04-23 15:44:42,066 [e48ea510-4cfd-493d-84b4-aa69255fcf6e-groupManagement] INFO  server.RaftServerConfigKeys (ConfUtils.java:logGet(46)) - raft.server.leaderelection.member.majority-add = false (default)
2025-04-23 15:44:42,066 [e48ea510-4cfd-493d-84b4-aa69255fcf6e-groupManagement] INFO  server.RaftServerConfigKeys (ConfUtils.java:logGet(46)) - raft.server.sleep.deviation.threshold = 300ms (default)
2025-04-23 15:44:42,066 [e48ea510-4cfd-493d-84b4-aa69255fcf6e-groupManagement] INFO  server.RaftServer$Division (ServerState.java:<init>(114)) - e48ea510-4cfd-493d-84b4-aa69255fcf6e@group-F552D2BA9679: ConfigurationManager, init=conf: {index: -1, cur=peers:[bea46156-cfa9-40b4-9197-d8d351f5fc2c|127.0.0.1:15023, e48ea510-4cfd-493d-84b4-aa69255fcf6e|127.0.0.1:15031, 1d13aa12-f904-4b76-b74f-beab0aa3318b|127.0.0.1:15039]|listeners:[], old=null}, confs=<EMPTY_MAP>
2025-04-23 15:44:42,066 [e48ea510-4cfd-493d-84b4-aa69255fcf6e-groupManagement] INFO  server.RaftServerConfigKeys (ConfUtils.java:logGet(46)) - raft.server.notification.no-leader.timeout = 300s (custom)
2025-04-23 15:44:42,066 [e48ea510-4cfd-493d-84b4-aa69255fcf6e-groupManagement] INFO  server.RaftServerConfigKeys (ConfUtils.java:logGet(46)) - raft.server.read.timeout = 10s (default)
2025-04-23 15:44:42,066 [e48ea510-4cfd-493d-84b4-aa69255fcf6e-groupManagement] INFO  server.RaftServerConfigKeys (ConfUtils.java:logGet(46)) - raft.server.retrycache.expirytime = 600000ms (custom)
2025-04-23 15:44:42,066 [e48ea510-4cfd-493d-84b4-aa69255fcf6e-groupManagement] INFO  server.RaftServerConfigKeys (ConfUtils.java:logGet(46)) - raft.server.retrycache.statistics.expirytime = 100ms (default)
2025-04-23 15:44:42,066 [e48ea510-4cfd-493d-84b4-aa69255fcf6e-groupManagement] INFO  server.RaftServerConfigKeys (ConfUtils.java:logGet(46)) - raft.server.read.option = DEFAULT (default)
2025-04-23 15:44:42,066 [e48ea510-4cfd-493d-84b4-aa69255fcf6e-groupManagement] INFO  server.RaftServerConfigKeys (ConfUtils.java:logGet(46)) - raft.server.read.read-after-write-consistent.write-index-cache.expiry-time = 60s (default)
2025-04-23 15:44:42,070 [e48ea510-4cfd-493d-84b4-aa69255fcf6e-groupManagement] INFO  server.RaftServerConfigKeys (ConfUtils.java:logGet(46)) - raft.server.rpc.request.timeout = 60s (custom)
2025-04-23 15:44:42,071 [e48ea510-4cfd-493d-84b4-aa69255fcf6e-groupManagement] INFO  server.RaftServerConfigKeys (ConfUtils.java:logGet(46)) - raft.server.log.appender.install.snapshot.enabled = false (custom)
2025-04-23 15:44:42,071 [e48ea510-4cfd-493d-84b4-aa69255fcf6e-groupManagement] INFO  server.RaftServerConfigKeys (ConfUtils.java:logGet(46)) - raft.server.threadpool.server.cached = true (default)
2025-04-23 15:44:42,071 [e48ea510-4cfd-493d-84b4-aa69255fcf6e-groupManagement] INFO  server.RaftServerConfigKeys (ConfUtils.java:logGet(46)) - raft.server.threadpool.server.size = 0 (default)
2025-04-23 15:44:42,071 [e48ea510-4cfd-493d-84b4-aa69255fcf6e-groupManagement] INFO  server.RaftServerConfigKeys (ConfUtils.java:logGet(46)) - raft.server.threadpool.client.cached = true (default)
2025-04-23 15:44:42,071 [e48ea510-4cfd-493d-84b4-aa69255fcf6e-groupManagement] INFO  server.RaftServerConfigKeys (ConfUtils.java:logGet(46)) - raft.server.threadpool.client.size = 0 (default)
2025-04-23 15:44:42,071 [e48ea510-4cfd-493d-84b4-aa69255fcf6e-groupManagement] INFO  server.RaftServerConfigKeys (ConfUtils.java:logGet(46)) - raft.server.storage.free-space.min = 0MB (=0) (default)
2025-04-23 15:44:42,071 [e48ea510-4cfd-493d-84b4-aa69255fcf6e-groupManagement] INFO  server.RaftServerConfigKeys (ConfUtils.java:logGet(46)) - raft.server.log.corruption.policy = EXCEPTION (default)
2025-04-23 15:44:42,071 [e48ea510-4cfd-493d-84b4-aa69255fcf6e-groupManagement] INFO  server.RaftServerConfigKeys (ConfUtils.java:logGet(46)) - raft.server.storage.dir = [/home/runner/work/ozone/ozone/hadoop-ozone/integration-test/target/test-dir/MiniOzoneClusterImpl-5cf50c17-c591-473f-a8c4-88d8665d28d7/ozone-meta/datanode-2/ratis] (custom)
2025-04-23 15:44:42,071 [e48ea510-4cfd-493d-84b4-aa69255fcf6e-groupManagement] INFO  storage.RaftStorageDirectory (RaftStorageDirectoryImpl.java:analyzeStorage(138)) - The storage directory /home/runner/work/ozone/ozone/hadoop-ozone/integration-test/target/test-dir/MiniOzoneClusterImpl-5cf50c17-c591-473f-a8c4-88d8665d28d7/ozone-meta/datanode-2/ratis/24f3cc1f-6c83-4689-8af2-f552d2ba9679 does not exist. Creating ...
2025-04-23 15:44:42,072 [e48ea510-4cfd-493d-84b4-aa69255fcf6e-groupManagement] INFO  storage.RaftStorageDirectory (RaftStorageDirectoryImpl.java:tryLock(229)) - Lock on /home/runner/work/ozone/ozone/hadoop-ozone/integration-test/target/test-dir/MiniOzoneClusterImpl-5cf50c17-c591-473f-a8c4-88d8665d28d7/ozone-meta/datanode-2/ratis/24f3cc1f-6c83-4689-8af2-f552d2ba9679/in_use.lock acquired by nodename 129659@fv-az1337-835
2025-04-23 15:44:42,074 [e48ea510-4cfd-493d-84b4-aa69255fcf6e-groupManagement] INFO  storage.RaftStorage (RaftStorageImpl.java:format(98)) - Storage directory /home/runner/work/ozone/ozone/hadoop-ozone/integration-test/target/test-dir/MiniOzoneClusterImpl-5cf50c17-c591-473f-a8c4-88d8665d28d7/ozone-meta/datanode-2/ratis/24f3cc1f-6c83-4689-8af2-f552d2ba9679 has been successfully formatted.
2025-04-23 15:44:42,074 [e48ea510-4cfd-493d-84b4-aa69255fcf6e-groupManagement] INFO  ratis.ContainerStateMachine (ContainerStateMachine.java:initialize(339)) - e48ea510-4cfd-493d-84b4-aa69255fcf6e: initialize group-F552D2BA9679
2025-04-23 15:44:42,074 [e48ea510-4cfd-493d-84b4-aa69255fcf6e-groupManagement] INFO  ratis.ContainerStateMachine (ContainerStateMachine.java:loadSnapshot(347)) - group-F552D2BA9679: The snapshot info is null. Setting the last applied index to:(t:0, i:~)
2025-04-23 15:44:42,074 [e48ea510-4cfd-493d-84b4-aa69255fcf6e-groupManagement] INFO  server.RaftServerConfigKeys (ConfUtils.java:logGet(46)) - raft.server.log.use.memory = false (default)
2025-04-23 15:44:42,074 [e48ea510-4cfd-493d-84b4-aa69255fcf6e-groupManagement] INFO  server.RaftServerConfigKeys (ConfUtils.java:logGet(46)) - raft.server.log.purge.gap = 1000000 (custom)
2025-04-23 15:44:42,075 [e48ea510-4cfd-493d-84b4-aa69255fcf6e-groupManagement] INFO  server.RaftServerConfigKeys (ConfUtils.java:logGet(46)) - raft.server.log.appender.buffer.byte-limit = 33554432 (custom)
2025-04-23 15:44:42,075 [e48ea510-4cfd-493d-84b4-aa69255fcf6e-groupManagement] INFO  server.RaftServerConfigKeys (ConfUtils.java:logGet(46)) - raft.server.log.statemachine.data.read.timeout = 1000ms (default)
2025-04-23 15:44:42,075 [e48ea510-4cfd-493d-84b4-aa69255fcf6e-groupManagement] INFO  server.RaftServerConfigKeys (ConfUtils.java:logGet(46)) - raft.server.log.purge.preservation.log.num = 0 (default)
2025-04-23 15:44:42,079 [e48ea510-4cfd-493d-84b4-aa69255fcf6e-groupManagement] INFO  server.RaftServerConfigKeys (ConfUtils.java:logGet(46)) - raft.server.log.segment.size.max = 67108864 (custom)
2025-04-23 15:44:42,079 [e48ea510-4cfd-493d-84b4-aa69255fcf6e-groupManagement] INFO  server.RaftServerConfigKeys (ConfUtils.java:logGet(46)) - raft.server.log.segment.cache.num.max = 2 (custom)
2025-04-23 15:44:42,080 [e48ea510-4cfd-493d-84b4-aa69255fcf6e-groupManagement] INFO  server.RaftServerConfigKeys (ConfUtils.java:logGet(46)) - raft.server.log.segment.cache.size.max = 200MB (=209715200) (default)
2025-04-23 15:44:42,080 [e48ea510-4cfd-493d-84b4-aa69255fcf6e-groupManagement] INFO  server.RaftServerConfigKeys (ConfUtils.java:logGet(46)) - raft.server.log.appender.buffer.byte-limit = 33554432 (custom)
2025-04-23 15:44:42,080 [e48ea510-4cfd-493d-84b4-aa69255fcf6e-groupManagement] INFO  util.AwaitToRun (AwaitToRun.java:start(81)) - Thread[#942,e48ea510-4cfd-493d-84b4-aa69255fcf6e@group-F552D2BA9679-cacheEviction-AwaitToRun,5,main] started
2025-04-23 15:44:42,080 [e48ea510-4cfd-493d-84b4-aa69255fcf6e-groupManagement] INFO  segmented.SegmentedRaftLogWorker (SegmentedRaftLogWorker.java:<init>(188)) - new e48ea510-4cfd-493d-84b4-aa69255fcf6e@group-F552D2BA9679-SegmentedRaftLogWorker for RaftStorageImpl:Storage Directory /home/runner/work/ozone/ozone/hadoop-ozone/integration-test/target/test-dir/MiniOzoneClusterImpl-5cf50c17-c591-473f-a8c4-88d8665d28d7/ozone-meta/datanode-2/ratis/24f3cc1f-6c83-4689-8af2-f552d2ba9679
2025-04-23 15:44:42,080 [e48ea510-4cfd-493d-84b4-aa69255fcf6e-groupManagement] INFO  server.RaftServerConfigKeys (ConfUtils.java:logGet(46)) - raft.server.log.queue.byte-limit = 4294967296 (custom)
2025-04-23 15:44:42,080 [e48ea510-4cfd-493d-84b4-aa69255fcf6e-groupManagement] INFO  server.RaftServerConfigKeys (ConfUtils.java:logGet(46)) - raft.server.log.queue.element-limit = 1024 (custom)
2025-04-23 15:44:42,080 [e48ea510-4cfd-493d-84b4-aa69255fcf6e-groupManagement] INFO  server.RaftServerConfigKeys (ConfUtils.java:logGet(46)) - raft.server.log.segment.size.max = 67108864 (custom)
2025-04-23 15:44:42,080 [e48ea510-4cfd-493d-84b4-aa69255fcf6e-groupManagement] INFO  server.RaftServerConfigKeys (ConfUtils.java:logGet(46)) - raft.server.log.preallocated.size = 4194304 (custom)
2025-04-23 15:44:42,080 [e48ea510-4cfd-493d-84b4-aa69255fcf6e-groupManagement] INFO  server.RaftServerConfigKeys (ConfUtils.java:logGet(46)) - raft.server.log.force.sync.num = 128 (default)
2025-04-23 15:44:42,081 [e48ea510-4cfd-493d-84b4-aa69255fcf6e-groupManagement] INFO  server.RaftServerConfigKeys (ConfUtils.java:logGet(46)) - raft.server.log.statemachine.data.sync = true (default)
2025-04-23 15:44:42,081 [e48ea510-4cfd-493d-84b4-aa69255fcf6e-groupManagement] INFO  server.RaftServerConfigKeys (ConfUtils.java:logGet(46)) - raft.server.log.statemachine.data.sync.timeout = 10s (default)
2025-04-23 15:44:42,081 [e48ea510-4cfd-493d-84b4-aa69255fcf6e-groupManagement] INFO  server.RaftServerConfigKeys (ConfUtils.java:logGet(46)) - raft.server.log.statemachine.data.sync.timeout.retry = 30 (custom)
2025-04-23 15:44:42,081 [e48ea510-4cfd-493d-84b4-aa69255fcf6e-groupManagement] INFO  server.RaftServerConfigKeys (ConfUtils.java:logGet(46)) - raft.server.log.write.buffer.size = 33554440 (custom)
2025-04-23 15:44:42,086 [e48ea510-4cfd-493d-84b4-aa69255fcf6e-groupManagement] INFO  server.RaftServerConfigKeys (ConfUtils.java:logGet(46)) - raft.server.log.appender.buffer.byte-limit = 33554432 (custom)
2025-04-23 15:44:42,086 [e48ea510-4cfd-493d-84b4-aa69255fcf6e-groupManagement] INFO  server.RaftServerConfigKeys (ConfUtils.java:logGet(46)) - raft.server.log.unsafe-flush.enabled = false (default)
2025-04-23 15:44:42,086 [e48ea510-4cfd-493d-84b4-aa69255fcf6e-groupManagement] INFO  server.RaftServerConfigKeys (ConfUtils.java:logGet(46)) - raft.server.log.async-flush.enabled = false (default)
2025-04-23 15:44:42,086 [e48ea510-4cfd-493d-84b4-aa69255fcf6e-groupManagement] INFO  server.RaftServerConfigKeys (ConfUtils.java:logGet(46)) - raft.server.log.statemachine.data.caching.enabled = true (custom)
2025-04-23 15:44:42,086 [e48ea510-4cfd-493d-84b4-aa69255fcf6e-groupManagement] INFO  segmented.SegmentedRaftLogWorker (SegmentedRaftLogWorker.java:lambda$new$0(139)) - e48ea510-4cfd-493d-84b4-aa69255fcf6e@group-F552D2BA9679-SegmentedRaftLogWorker: flushIndex: setUnconditionally 0 -> -1
2025-04-23 15:44:42,087 [e48ea510-4cfd-493d-84b4-aa69255fcf6e-groupManagement] INFO  segmented.SegmentedRaftLogWorker (SegmentedRaftLogWorker.java:lambda$new$0(139)) - e48ea510-4cfd-493d-84b4-aa69255fcf6e@group-F552D2BA9679-SegmentedRaftLogWorker: safeCacheEvictIndex: setUnconditionally 0 -> -1
2025-04-23 15:44:42,087 [e48ea510-4cfd-493d-84b4-aa69255fcf6e-groupManagement] INFO  server.RaftServer$Division (RaftServerImpl.java:start(391)) - e48ea510-4cfd-493d-84b4-aa69255fcf6e@group-F552D2BA9679: start as a follower, conf=conf: {index: -1, cur=peers:[bea46156-cfa9-40b4-9197-d8d351f5fc2c|127.0.0.1:15023, e48ea510-4cfd-493d-84b4-aa69255fcf6e|127.0.0.1:15031, 1d13aa12-f904-4b76-b74f-beab0aa3318b|127.0.0.1:15039]|listeners:[], old=null}
2025-04-23 15:44:42,087 [e48ea510-4cfd-493d-84b4-aa69255fcf6e-groupManagement] INFO  server.RaftServer$Division (RaftServerImpl.java:setRole(378)) - e48ea510-4cfd-493d-84b4-aa69255fcf6e@group-F552D2BA9679: changes role from      null to FOLLOWER at term 0 for startAsFollower
2025-04-23 15:44:42,087 [e48ea510-4cfd-493d-84b4-aa69255fcf6e-groupManagement] INFO  impl.RoleInfo (RoleInfo.java:updateAndGet(148)) - e48ea510-4cfd-493d-84b4-aa69255fcf6e: start e48ea510-4cfd-493d-84b4-aa69255fcf6e@group-F552D2BA9679-FollowerState
2025-04-23 15:44:42,087 [e48ea510-4cfd-493d-84b4-aa69255fcf6e@group-F552D2BA9679-FollowerState] INFO  server.RaftServerConfigKeys (ConfUtils.java:logGet(46)) - raft.server.rpc.first-election.timeout.min = 1000ms (custom)
2025-04-23 15:44:42,088 [e48ea510-4cfd-493d-84b4-aa69255fcf6e@group-F552D2BA9679-FollowerState] INFO  server.RaftServerConfigKeys (ConfUtils.java:logGet(46)) - raft.server.rpc.first-election.timeout.max = 1200ms (custom)
2025-04-23 15:44:42,088 [e48ea510-4cfd-493d-84b4-aa69255fcf6e-groupManagement] INFO  util.JmxRegister (JmxRegister.java:tryRegister(44)) - Successfully registered JMX Bean with object name Ratis:service=RaftServer,group=group-F552D2BA9679,id=e48ea510-4cfd-493d-84b4-aa69255fcf6e
2025-04-23 15:44:42,088 [e48ea510-4cfd-493d-84b4-aa69255fcf6e-groupManagement] INFO  util.JmxRegister (JmxRegister.java:register(58)) - register mxBean class org.apache.ratis.server.impl.RaftServerJmxAdapter as Ratis:service=RaftServer,group=group-F552D2BA9679,id=e48ea510-4cfd-493d-84b4-aa69255fcf6e
2025-04-23 15:44:42,088 [e48ea510-4cfd-493d-84b4-aa69255fcf6e-groupManagement] INFO  server.RaftServerConfigKeys (ConfUtils.java:logGet(46)) - raft.server.snapshot.trigger-when-stop.enabled = true (default)
2025-04-23 15:44:42,088 [e48ea510-4cfd-493d-84b4-aa69255fcf6e-groupManagement] INFO  server.RaftServerConfigKeys (ConfUtils.java:logGet(46)) - raft.server.snapshot.trigger-when-remove.enabled = true (default)
2025-04-23 15:44:42,088 [e48ea510-4cfd-493d-84b4-aa69255fcf6e-groupManagement] INFO  server.RaftServerConfigKeys (ConfUtils.java:logGet(46)) - raft.server.snapshot.auto.trigger.enabled = true (custom)
2025-04-23 15:44:42,088 [e48ea510-4cfd-493d-84b4-aa69255fcf6e-groupManagement] INFO  server.RaftServerConfigKeys (ConfUtils.java:logGet(46)) - raft.server.snapshot.auto.trigger.threshold = 100000 (custom)
2025-04-23 15:44:42,088 [e48ea510-4cfd-493d-84b4-aa69255fcf6e-groupManagement] INFO  server.RaftServerConfigKeys (ConfUtils.java:logGet(46)) - raft.server.snapshot.retention.file.num = 5 (custom)
2025-04-23 15:44:42,088 [e48ea510-4cfd-493d-84b4-aa69255fcf6e-groupManagement] INFO  server.RaftServerConfigKeys (ConfUtils.java:logGet(46)) - raft.server.log.purge.upto.snapshot.index = false (default)
2025-04-23 15:44:42,089 [e48ea510-4cfd-493d-84b4-aa69255fcf6e-groupManagement] INFO  server.RaftServer$Division (RaftServerImpl.java:start(405)) - e48ea510-4cfd-493d-84b4-aa69255fcf6e@group-F552D2BA9679: Successfully started.
2025-04-23 15:44:42,094 [bea46156-cfa9-40b4-9197-d8d351f5fc2c-PipelineCommandHandlerThread-0] INFO  commandhandler.CreatePipelineCommandHandler (CreatePipelineCommandHandler.java:lambda$handle$2(128)) - Created Pipeline RATIS THREE PipelineID=24f3cc1f-6c83-4689-8af2-f552d2ba9679.
2025-04-23 15:44:42,095 [bea46156-cfa9-40b4-9197-d8d351f5fc2c-PipelineCommandHandlerThread-0] INFO  server.RaftServer (RaftServerProxy.java:addNew(100)) - bea46156-cfa9-40b4-9197-d8d351f5fc2c: addNew group-AC23FF7AA8B3:[bea46156-cfa9-40b4-9197-d8d351f5fc2c|127.0.0.1:15023, e48ea510-4cfd-493d-84b4-aa69255fcf6e|127.0.0.1:15031, 1d13aa12-f904-4b76-b74f-beab0aa3318b|127.0.0.1:15039] returns group-AC23FF7AA8B3:java.util.concurrent.CompletableFuture@682d2348[Not completed]
2025-04-23 15:44:42,097 [bea46156-cfa9-40b4-9197-d8d351f5fc2c-groupManagement] INFO  server.RaftServer$Division (RaftServerImpl.java:<init>(255)) - bea46156-cfa9-40b4-9197-d8d351f5fc2c: new RaftServerImpl for group-AC23FF7AA8B3:[bea46156-cfa9-40b4-9197-d8d351f5fc2c|127.0.0.1:15023, e48ea510-4cfd-493d-84b4-aa69255fcf6e|127.0.0.1:15031, 1d13aa12-f904-4b76-b74f-beab0aa3318b|127.0.0.1:15039] with ContainerStateMachine:uninitialized
2025-04-23 15:44:42,097 [bea46156-cfa9-40b4-9197-d8d351f5fc2c-groupManagement] INFO  server.RaftServerConfigKeys (ConfUtils.java:logGet(46)) - raft.server.rpc.timeout.min = 5s (custom)
2025-04-23 15:44:42,097 [bea46156-cfa9-40b4-9197-d8d351f5fc2c-groupManagement] INFO  server.RaftServerConfigKeys (ConfUtils.java:logGet(46)) - raft.server.rpc.timeout.max = 5200ms (custom)
2025-04-23 15:44:42,097 [bea46156-cfa9-40b4-9197-d8d351f5fc2c-groupManagement] INFO  server.RaftServerConfigKeys (ConfUtils.java:logGet(46)) - raft.server.rpc.sleep.time = 25ms (default)
2025-04-23 15:44:42,097 [bea46156-cfa9-40b4-9197-d8d351f5fc2c-groupManagement] INFO  server.RaftServerConfigKeys (ConfUtils.java:logGet(46)) - raft.server.rpc.slowness.timeout = 300s (custom)
2025-04-23 15:44:42,097 [bea46156-cfa9-40b4-9197-d8d351f5fc2c-groupManagement] INFO  server.RaftServerConfigKeys (ConfUtils.java:logGet(46)) - raft.server.leaderelection.leader.step-down.wait-time = 10s (default)
2025-04-23 15:44:42,097 [bea46156-cfa9-40b4-9197-d8d351f5fc2c-groupManagement] INFO  server.RaftServerConfigKeys (ConfUtils.java:logGet(46)) - raft.server.leaderelection.member.majority-add = false (default)
2025-04-23 15:44:42,097 [bea46156-cfa9-40b4-9197-d8d351f5fc2c-groupManagement] INFO  server.RaftServerConfigKeys (ConfUtils.java:logGet(46)) - raft.server.sleep.deviation.threshold = 300ms (default)
2025-04-23 15:44:42,097 [bea46156-cfa9-40b4-9197-d8d351f5fc2c-groupManagement] INFO  server.RaftServer$Division (ServerState.java:<init>(114)) - bea46156-cfa9-40b4-9197-d8d351f5fc2c@group-AC23FF7AA8B3: ConfigurationManager, init=conf: {index: -1, cur=peers:[bea46156-cfa9-40b4-9197-d8d351f5fc2c|127.0.0.1:15023, e48ea510-4cfd-493d-84b4-aa69255fcf6e|127.0.0.1:15031, 1d13aa12-f904-4b76-b74f-beab0aa3318b|127.0.0.1:15039]|listeners:[], old=null}, confs=<EMPTY_MAP>
2025-04-23 15:44:42,097 [bea46156-cfa9-40b4-9197-d8d351f5fc2c-groupManagement] INFO  server.RaftServerConfigKeys (ConfUtils.java:logGet(46)) - raft.server.notification.no-leader.timeout = 300s (custom)
2025-04-23 15:44:42,098 [bea46156-cfa9-40b4-9197-d8d351f5fc2c-groupManagement] INFO  server.RaftServerConfigKeys (ConfUtils.java:logGet(46)) - raft.server.read.timeout = 10s (default)
2025-04-23 15:44:42,098 [bea46156-cfa9-40b4-9197-d8d351f5fc2c-groupManagement] INFO  server.RaftServerConfigKeys (ConfUtils.java:logGet(46)) - raft.server.retrycache.expirytime = 600000ms (custom)
2025-04-23 15:44:42,098 [bea46156-cfa9-40b4-9197-d8d351f5fc2c-groupManagement] INFO  server.RaftServerConfigKeys (ConfUtils.java:logGet(46)) - raft.server.retrycache.statistics.expirytime = 100ms (default)
2025-04-23 15:44:42,098 [bea46156-cfa9-40b4-9197-d8d351f5fc2c-groupManagement] INFO  server.RaftServerConfigKeys (ConfUtils.java:logGet(46)) - raft.server.read.option = DEFAULT (default)
2025-04-23 15:44:42,098 [bea46156-cfa9-40b4-9197-d8d351f5fc2c-groupManagement] INFO  server.RaftServerConfigKeys (ConfUtils.java:logGet(46)) - raft.server.read.read-after-write-consistent.write-index-cache.expiry-time = 60s (default)
2025-04-23 15:44:42,102 [bea46156-cfa9-40b4-9197-d8d351f5fc2c-groupManagement] INFO  server.RaftServerConfigKeys (ConfUtils.java:logGet(46)) - raft.server.rpc.request.timeout = 60s (custom)
2025-04-23 15:44:42,102 [bea46156-cfa9-40b4-9197-d8d351f5fc2c-groupManagement] INFO  server.RaftServerConfigKeys (ConfUtils.java:logGet(46)) - raft.server.log.appender.install.snapshot.enabled = false (custom)
2025-04-23 15:44:42,102 [bea46156-cfa9-40b4-9197-d8d351f5fc2c-groupManagement] INFO  server.RaftServerConfigKeys (ConfUtils.java:logGet(46)) - raft.server.threadpool.server.cached = true (default)
2025-04-23 15:44:42,102 [bea46156-cfa9-40b4-9197-d8d351f5fc2c-groupManagement] INFO  server.RaftServerConfigKeys (ConfUtils.java:logGet(46)) - raft.server.threadpool.server.size = 0 (default)
2025-04-23 15:44:42,102 [bea46156-cfa9-40b4-9197-d8d351f5fc2c-groupManagement] INFO  server.RaftServerConfigKeys (ConfUtils.java:logGet(46)) - raft.server.threadpool.client.cached = true (default)
2025-04-23 15:44:42,102 [bea46156-cfa9-40b4-9197-d8d351f5fc2c-groupManagement] INFO  server.RaftServerConfigKeys (ConfUtils.java:logGet(46)) - raft.server.threadpool.client.size = 0 (default)
2025-04-23 15:44:42,103 [bea46156-cfa9-40b4-9197-d8d351f5fc2c-groupManagement] INFO  server.RaftServerConfigKeys (ConfUtils.java:logGet(46)) - raft.server.storage.free-space.min = 0MB (=0) (default)
2025-04-23 15:44:42,103 [bea46156-cfa9-40b4-9197-d8d351f5fc2c-groupManagement] INFO  server.RaftServerConfigKeys (ConfUtils.java:logGet(46)) - raft.server.log.corruption.policy = EXCEPTION (default)
2025-04-23 15:44:42,103 [bea46156-cfa9-40b4-9197-d8d351f5fc2c-groupManagement] INFO  server.RaftServerConfigKeys (ConfUtils.java:logGet(46)) - raft.server.storage.dir = [/home/runner/work/ozone/ozone/hadoop-ozone/integration-test/target/test-dir/MiniOzoneClusterImpl-5cf50c17-c591-473f-a8c4-88d8665d28d7/ozone-meta/datanode-1/ratis] (custom)
2025-04-23 15:44:42,103 [bea46156-cfa9-40b4-9197-d8d351f5fc2c-groupManagement] INFO  storage.RaftStorageDirectory (RaftStorageDirectoryImpl.java:analyzeStorage(138)) - The storage directory /home/runner/work/ozone/ozone/hadoop-ozone/integration-test/target/test-dir/MiniOzoneClusterImpl-5cf50c17-c591-473f-a8c4-88d8665d28d7/ozone-meta/datanode-1/ratis/8439014f-3643-4d4f-902f-ac23ff7aa8b3 does not exist. Creating ...
2025-04-23 15:44:42,104 [bea46156-cfa9-40b4-9197-d8d351f5fc2c-groupManagement] INFO  storage.RaftStorageDirectory (RaftStorageDirectoryImpl.java:tryLock(229)) - Lock on /home/runner/work/ozone/ozone/hadoop-ozone/integration-test/target/test-dir/MiniOzoneClusterImpl-5cf50c17-c591-473f-a8c4-88d8665d28d7/ozone-meta/datanode-1/ratis/8439014f-3643-4d4f-902f-ac23ff7aa8b3/in_use.lock acquired by nodename 129659@fv-az1337-835
2025-04-23 15:44:42,105 [bea46156-cfa9-40b4-9197-d8d351f5fc2c-groupManagement] INFO  storage.RaftStorage (RaftStorageImpl.java:format(98)) - Storage directory /home/runner/work/ozone/ozone/hadoop-ozone/integration-test/target/test-dir/MiniOzoneClusterImpl-5cf50c17-c591-473f-a8c4-88d8665d28d7/ozone-meta/datanode-1/ratis/8439014f-3643-4d4f-902f-ac23ff7aa8b3 has been successfully formatted.
2025-04-23 15:44:42,105 [bea46156-cfa9-40b4-9197-d8d351f5fc2c-groupManagement] INFO  ratis.ContainerStateMachine (ContainerStateMachine.java:initialize(339)) - bea46156-cfa9-40b4-9197-d8d351f5fc2c: initialize group-AC23FF7AA8B3
2025-04-23 15:44:42,106 [bea46156-cfa9-40b4-9197-d8d351f5fc2c-groupManagement] INFO  ratis.ContainerStateMachine (ContainerStateMachine.java:loadSnapshot(347)) - group-AC23FF7AA8B3: The snapshot info is null. Setting the last applied index to:(t:0, i:~)
2025-04-23 15:44:42,106 [bea46156-cfa9-40b4-9197-d8d351f5fc2c-groupManagement] INFO  server.RaftServerConfigKeys (ConfUtils.java:logGet(46)) - raft.server.log.use.memory = false (default)
2025-04-23 15:44:42,106 [bea46156-cfa9-40b4-9197-d8d351f5fc2c-groupManagement] INFO  server.RaftServerConfigKeys (ConfUtils.java:logGet(46)) - raft.server.log.purge.gap = 1000000 (custom)
2025-04-23 15:44:42,106 [bea46156-cfa9-40b4-9197-d8d351f5fc2c-groupManagement] INFO  server.RaftServerConfigKeys (ConfUtils.java:logGet(46)) - raft.server.log.appender.buffer.byte-limit = 33554432 (custom)
2025-04-23 15:44:42,106 [bea46156-cfa9-40b4-9197-d8d351f5fc2c-groupManagement] INFO  server.RaftServerConfigKeys (ConfUtils.java:logGet(46)) - raft.server.log.statemachine.data.read.timeout = 1000ms (default)
2025-04-23 15:44:42,106 [bea46156-cfa9-40b4-9197-d8d351f5fc2c-groupManagement] INFO  server.RaftServerConfigKeys (ConfUtils.java:logGet(46)) - raft.server.log.purge.preservation.log.num = 0 (default)
2025-04-23 15:44:42,108 [bea46156-cfa9-40b4-9197-d8d351f5fc2c-groupManagement] INFO  server.RaftServerConfigKeys (ConfUtils.java:logGet(46)) - raft.server.log.segment.size.max = 67108864 (custom)
2025-04-23 15:44:42,108 [bea46156-cfa9-40b4-9197-d8d351f5fc2c-groupManagement] INFO  server.RaftServerConfigKeys (ConfUtils.java:logGet(46)) - raft.server.log.segment.cache.num.max = 2 (custom)
2025-04-23 15:44:42,108 [bea46156-cfa9-40b4-9197-d8d351f5fc2c-groupManagement] INFO  server.RaftServerConfigKeys (ConfUtils.java:logGet(46)) - raft.server.log.segment.cache.size.max = 200MB (=209715200) (default)
2025-04-23 15:44:42,108 [bea46156-cfa9-40b4-9197-d8d351f5fc2c-groupManagement] INFO  server.RaftServerConfigKeys (ConfUtils.java:logGet(46)) - raft.server.log.appender.buffer.byte-limit = 33554432 (custom)
2025-04-23 15:44:42,108 [bea46156-cfa9-40b4-9197-d8d351f5fc2c-groupManagement] INFO  util.AwaitToRun (AwaitToRun.java:start(81)) - Thread[#949,bea46156-cfa9-40b4-9197-d8d351f5fc2c@group-AC23FF7AA8B3-cacheEviction-AwaitToRun,5,main] started
2025-04-23 15:44:42,109 [bea46156-cfa9-40b4-9197-d8d351f5fc2c-groupManagement] INFO  segmented.SegmentedRaftLogWorker (SegmentedRaftLogWorker.java:<init>(188)) - new bea46156-cfa9-40b4-9197-d8d351f5fc2c@group-AC23FF7AA8B3-SegmentedRaftLogWorker for RaftStorageImpl:Storage Directory /home/runner/work/ozone/ozone/hadoop-ozone/integration-test/target/test-dir/MiniOzoneClusterImpl-5cf50c17-c591-473f-a8c4-88d8665d28d7/ozone-meta/datanode-1/ratis/8439014f-3643-4d4f-902f-ac23ff7aa8b3
2025-04-23 15:44:42,109 [bea46156-cfa9-40b4-9197-d8d351f5fc2c-groupManagement] INFO  server.RaftServerConfigKeys (ConfUtils.java:logGet(46)) - raft.server.log.queue.byte-limit = 4294967296 (custom)
2025-04-23 15:44:42,109 [bea46156-cfa9-40b4-9197-d8d351f5fc2c-groupManagement] INFO  server.RaftServerConfigKeys (ConfUtils.java:logGet(46)) - raft.server.log.queue.element-limit = 1024 (custom)
2025-04-23 15:44:42,109 [bea46156-cfa9-40b4-9197-d8d351f5fc2c-groupManagement] INFO  server.RaftServerConfigKeys (ConfUtils.java:logGet(46)) - raft.server.log.segment.size.max = 67108864 (custom)
2025-04-23 15:44:42,109 [bea46156-cfa9-40b4-9197-d8d351f5fc2c-groupManagement] INFO  server.RaftServerConfigKeys (ConfUtils.java:logGet(46)) - raft.server.log.preallocated.size = 4194304 (custom)
2025-04-23 15:44:42,109 [bea46156-cfa9-40b4-9197-d8d351f5fc2c-groupManagement] INFO  server.RaftServerConfigKeys (ConfUtils.java:logGet(46)) - raft.server.log.force.sync.num = 128 (default)
2025-04-23 15:44:42,109 [bea46156-cfa9-40b4-9197-d8d351f5fc2c-groupManagement] INFO  server.RaftServerConfigKeys (ConfUtils.java:logGet(46)) - raft.server.log.statemachine.data.sync = true (default)
2025-04-23 15:44:42,109 [bea46156-cfa9-40b4-9197-d8d351f5fc2c-groupManagement] INFO  server.RaftServerConfigKeys (ConfUtils.java:logGet(46)) - raft.server.log.statemachine.data.sync.timeout = 10s (default)
2025-04-23 15:44:42,109 [bea46156-cfa9-40b4-9197-d8d351f5fc2c-groupManagement] INFO  server.RaftServerConfigKeys (ConfUtils.java:logGet(46)) - raft.server.log.statemachine.data.sync.timeout.retry = 30 (custom)
2025-04-23 15:44:42,109 [bea46156-cfa9-40b4-9197-d8d351f5fc2c-groupManagement] INFO  server.RaftServerConfigKeys (ConfUtils.java:logGet(46)) - raft.server.log.write.buffer.size = 33554440 (custom)
2025-04-23 15:44:42,111 [EventQueue-OpenPipelineForHealthyPipelineSafeModeRule] INFO  safemode.SCMSafeModeManager (HealthyPipelineSafeModeRule.java:process(141)) - SCM in safe mode. Healthy pipelines reported count is 0, required healthy pipeline reported count is 1
2025-04-23 15:44:42,115 [bea46156-cfa9-40b4-9197-d8d351f5fc2c-groupManagement] INFO  server.RaftServerConfigKeys (ConfUtils.java:logGet(46)) - raft.server.log.appender.buffer.byte-limit = 33554432 (custom)
2025-04-23 15:44:42,115 [bea46156-cfa9-40b4-9197-d8d351f5fc2c-groupManagement] INFO  server.RaftServerConfigKeys (ConfUtils.java:logGet(46)) - raft.server.log.unsafe-flush.enabled = false (default)
2025-04-23 15:44:42,115 [bea46156-cfa9-40b4-9197-d8d351f5fc2c-groupManagement] INFO  server.RaftServerConfigKeys (ConfUtils.java:logGet(46)) - raft.server.log.async-flush.enabled = false (default)
2025-04-23 15:44:42,115 [bea46156-cfa9-40b4-9197-d8d351f5fc2c-groupManagement] INFO  server.RaftServerConfigKeys (ConfUtils.java:logGet(46)) - raft.server.log.statemachine.data.caching.enabled = true (custom)
2025-04-23 15:44:42,116 [bea46156-cfa9-40b4-9197-d8d351f5fc2c-groupManagement] INFO  segmented.SegmentedRaftLogWorker (SegmentedRaftLogWorker.java:lambda$new$0(139)) - bea46156-cfa9-40b4-9197-d8d351f5fc2c@group-AC23FF7AA8B3-SegmentedRaftLogWorker: flushIndex: setUnconditionally 0 -> -1
2025-04-23 15:44:42,116 [bea46156-cfa9-40b4-9197-d8d351f5fc2c-groupManagement] INFO  segmented.SegmentedRaftLogWorker (SegmentedRaftLogWorker.java:lambda$new$0(139)) - bea46156-cfa9-40b4-9197-d8d351f5fc2c@group-AC23FF7AA8B3-SegmentedRaftLogWorker: safeCacheEvictIndex: setUnconditionally 0 -> -1
2025-04-23 15:44:42,117 [bea46156-cfa9-40b4-9197-d8d351f5fc2c-groupManagement] INFO  server.RaftServer$Division (RaftServerImpl.java:start(391)) - bea46156-cfa9-40b4-9197-d8d351f5fc2c@group-AC23FF7AA8B3: start as a follower, conf=conf: {index: -1, cur=peers:[bea46156-cfa9-40b4-9197-d8d351f5fc2c|127.0.0.1:15023, e48ea510-4cfd-493d-84b4-aa69255fcf6e|127.0.0.1:15031, 1d13aa12-f904-4b76-b74f-beab0aa3318b|127.0.0.1:15039]|listeners:[], old=null}
2025-04-23 15:44:42,117 [bea46156-cfa9-40b4-9197-d8d351f5fc2c-groupManagement] INFO  server.RaftServer$Division (RaftServerImpl.java:setRole(378)) - bea46156-cfa9-40b4-9197-d8d351f5fc2c@group-AC23FF7AA8B3: changes role from      null to FOLLOWER at term 0 for startAsFollower
2025-04-23 15:44:42,117 [bea46156-cfa9-40b4-9197-d8d351f5fc2c-groupManagement] INFO  impl.RoleInfo (RoleInfo.java:updateAndGet(148)) - bea46156-cfa9-40b4-9197-d8d351f5fc2c: start bea46156-cfa9-40b4-9197-d8d351f5fc2c@group-AC23FF7AA8B3-FollowerState
2025-04-23 15:44:42,117 [bea46156-cfa9-40b4-9197-d8d351f5fc2c-groupManagement] INFO  util.JmxRegister (JmxRegister.java:tryRegister(44)) - Successfully registered JMX Bean with object name Ratis:service=RaftServer,group=group-AC23FF7AA8B3,id=bea46156-cfa9-40b4-9197-d8d351f5fc2c
2025-04-23 15:44:42,118 [bea46156-cfa9-40b4-9197-d8d351f5fc2c-groupManagement] INFO  util.JmxRegister (JmxRegister.java:register(58)) - register mxBean class org.apache.ratis.server.impl.RaftServerJmxAdapter as Ratis:service=RaftServer,group=group-AC23FF7AA8B3,id=bea46156-cfa9-40b4-9197-d8d351f5fc2c
2025-04-23 15:44:42,118 [bea46156-cfa9-40b4-9197-d8d351f5fc2c@group-AC23FF7AA8B3-FollowerState] INFO  server.RaftServerConfigKeys (ConfUtils.java:logGet(46)) - raft.server.rpc.first-election.timeout.min = 1000ms (custom)
2025-04-23 15:44:42,118 [bea46156-cfa9-40b4-9197-d8d351f5fc2c@group-AC23FF7AA8B3-FollowerState] INFO  server.RaftServerConfigKeys (ConfUtils.java:logGet(46)) - raft.server.rpc.first-election.timeout.max = 1200ms (custom)
2025-04-23 15:44:42,118 [bea46156-cfa9-40b4-9197-d8d351f5fc2c-groupManagement] INFO  server.RaftServerConfigKeys (ConfUtils.java:logGet(46)) - raft.server.snapshot.trigger-when-stop.enabled = true (default)
2025-04-23 15:44:42,118 [bea46156-cfa9-40b4-9197-d8d351f5fc2c-groupManagement] INFO  server.RaftServerConfigKeys (ConfUtils.java:logGet(46)) - raft.server.snapshot.trigger-when-remove.enabled = true (default)
2025-04-23 15:44:42,118 [bea46156-cfa9-40b4-9197-d8d351f5fc2c-groupManagement] INFO  server.RaftServerConfigKeys (ConfUtils.java:logGet(46)) - raft.server.snapshot.auto.trigger.enabled = true (custom)
2025-04-23 15:44:42,118 [bea46156-cfa9-40b4-9197-d8d351f5fc2c-groupManagement] INFO  server.RaftServerConfigKeys (ConfUtils.java:logGet(46)) - raft.server.snapshot.auto.trigger.threshold = 100000 (custom)
2025-04-23 15:44:42,118 [bea46156-cfa9-40b4-9197-d8d351f5fc2c-groupManagement] INFO  server.RaftServerConfigKeys (ConfUtils.java:logGet(46)) - raft.server.snapshot.retention.file.num = 5 (custom)
2025-04-23 15:44:42,118 [bea46156-cfa9-40b4-9197-d8d351f5fc2c-groupManagement] INFO  server.RaftServerConfigKeys (ConfUtils.java:logGet(46)) - raft.server.log.purge.upto.snapshot.index = false (default)
2025-04-23 15:44:42,120 [bea46156-cfa9-40b4-9197-d8d351f5fc2c-groupManagement] INFO  server.RaftServer$Division (RaftServerImpl.java:start(405)) - bea46156-cfa9-40b4-9197-d8d351f5fc2c@group-AC23FF7AA8B3: Successfully started.
2025-04-23 15:44:42,120 [bea46156-cfa9-40b4-9197-d8d351f5fc2c-PipelineCommandHandlerThread-0] INFO  ratis.XceiverServerRatis (XceiverServerRatis.java:addGroup(842)) - Created group PipelineID=8439014f-3643-4d4f-902f-ac23ff7aa8b3
2025-04-23 15:44:42,130 [grpc-default-executor-2] INFO  server.RaftServer (RaftServerProxy.java:addNew(100)) - e48ea510-4cfd-493d-84b4-aa69255fcf6e: addNew group-AC23FF7AA8B3:[bea46156-cfa9-40b4-9197-d8d351f5fc2c|127.0.0.1:15023, e48ea510-4cfd-493d-84b4-aa69255fcf6e|127.0.0.1:15031, 1d13aa12-f904-4b76-b74f-beab0aa3318b|127.0.0.1:15039] returns group-AC23FF7AA8B3:java.util.concurrent.CompletableFuture@64f7fc06[Not completed]
2025-04-23 15:44:42,131 [e48ea510-4cfd-493d-84b4-aa69255fcf6e-groupManagement] INFO  server.RaftServer$Division (RaftServerImpl.java:<init>(255)) - e48ea510-4cfd-493d-84b4-aa69255fcf6e: new RaftServerImpl for group-AC23FF7AA8B3:[bea46156-cfa9-40b4-9197-d8d351f5fc2c|127.0.0.1:15023, e48ea510-4cfd-493d-84b4-aa69255fcf6e|127.0.0.1:15031, 1d13aa12-f904-4b76-b74f-beab0aa3318b|127.0.0.1:15039] with ContainerStateMachine:uninitialized
2025-04-23 15:44:42,131 [e48ea510-4cfd-493d-84b4-aa69255fcf6e-groupManagement] INFO  server.RaftServerConfigKeys (ConfUtils.java:logGet(46)) - raft.server.rpc.timeout.min = 5s (custom)
2025-04-23 15:44:42,131 [e48ea510-4cfd-493d-84b4-aa69255fcf6e-groupManagement] INFO  server.RaftServerConfigKeys (ConfUtils.java:logGet(46)) - raft.server.rpc.timeout.max = 5200ms (custom)
2025-04-23 15:44:42,131 [e48ea510-4cfd-493d-84b4-aa69255fcf6e-groupManagement] INFO  server.RaftServerConfigKeys (ConfUtils.java:logGet(46)) - raft.server.rpc.sleep.time = 25ms (default)
2025-04-23 15:44:42,131 [e48ea510-4cfd-493d-84b4-aa69255fcf6e-groupManagement] INFO  server.RaftServerConfigKeys (ConfUtils.java:logGet(46)) - raft.server.rpc.slowness.timeout = 300s (custom)
2025-04-23 15:44:42,131 [e48ea510-4cfd-493d-84b4-aa69255fcf6e-groupManagement] INFO  server.RaftServerConfigKeys (ConfUtils.java:logGet(46)) - raft.server.leaderelection.leader.step-down.wait-time = 10s (default)
2025-04-23 15:44:42,131 [e48ea510-4cfd-493d-84b4-aa69255fcf6e-groupManagement] INFO  server.RaftServerConfigKeys (ConfUtils.java:logGet(46)) - raft.server.leaderelection.member.majority-add = false (default)
2025-04-23 15:44:42,131 [e48ea510-4cfd-493d-84b4-aa69255fcf6e-groupManagement] INFO  server.RaftServerConfigKeys (ConfUtils.java:logGet(46)) - raft.server.sleep.deviation.threshold = 300ms (default)
2025-04-23 15:44:42,131 [e48ea510-4cfd-493d-84b4-aa69255fcf6e-groupManagement] INFO  server.RaftServer$Division (ServerState.java:<init>(114)) - e48ea510-4cfd-493d-84b4-aa69255fcf6e@group-AC23FF7AA8B3: ConfigurationManager, init=conf: {index: -1, cur=peers:[bea46156-cfa9-40b4-9197-d8d351f5fc2c|127.0.0.1:15023, e48ea510-4cfd-493d-84b4-aa69255fcf6e|127.0.0.1:15031, 1d13aa12-f904-4b76-b74f-beab0aa3318b|127.0.0.1:15039]|listeners:[], old=null}, confs=<EMPTY_MAP>
2025-04-23 15:44:42,132 [e48ea510-4cfd-493d-84b4-aa69255fcf6e-groupManagement] INFO  server.RaftServerConfigKeys (ConfUtils.java:logGet(46)) - raft.server.notification.no-leader.timeout = 300s (custom)
2025-04-23 15:44:42,132 [e48ea510-4cfd-493d-84b4-aa69255fcf6e-groupManagement] INFO  server.RaftServerConfigKeys (ConfUtils.java:logGet(46)) - raft.server.read.timeout = 10s (default)
2025-04-23 15:44:42,132 [e48ea510-4cfd-493d-84b4-aa69255fcf6e-groupManagement] INFO  server.RaftServerConfigKeys (ConfUtils.java:logGet(46)) - raft.server.retrycache.expirytime = 600000ms (custom)
2025-04-23 15:44:42,132 [e48ea510-4cfd-493d-84b4-aa69255fcf6e-groupManagement] INFO  server.RaftServerConfigKeys (ConfUtils.java:logGet(46)) - raft.server.retrycache.statistics.expirytime = 100ms (default)
2025-04-23 15:44:42,132 [e48ea510-4cfd-493d-84b4-aa69255fcf6e-groupManagement] INFO  server.RaftServerConfigKeys (ConfUtils.java:logGet(46)) - raft.server.read.option = DEFAULT (default)
2025-04-23 15:44:42,132 [e48ea510-4cfd-493d-84b4-aa69255fcf6e-groupManagement] INFO  server.RaftServerConfigKeys (ConfUtils.java:logGet(46)) - raft.server.read.read-after-write-consistent.write-index-cache.expiry-time = 60s (default)
2025-04-23 15:44:42,134 [e48ea510-4cfd-493d-84b4-aa69255fcf6e-PipelineCommandHandlerThread-0] INFO  server.RaftServer (RaftServerProxy.java:addNew(100)) - e48ea510-4cfd-493d-84b4-aa69255fcf6e: addNew group-1AEB597AE35D:[e48ea510-4cfd-493d-84b4-aa69255fcf6e|127.0.0.1:15031] returns group-1AEB597AE35D:java.util.concurrent.CompletableFuture@dcc0dbf[Not completed]
2025-04-23 15:44:42,139 [e48ea510-4cfd-493d-84b4-aa69255fcf6e-groupManagement] INFO  server.RaftServerConfigKeys (ConfUtils.java:logGet(46)) - raft.server.rpc.request.timeout = 60s (custom)
2025-04-23 15:44:42,140 [e48ea510-4cfd-493d-84b4-aa69255fcf6e-groupManagement] INFO  server.RaftServerConfigKeys (ConfUtils.java:logGet(46)) - raft.server.log.appender.install.snapshot.enabled = false (custom)
2025-04-23 15:44:42,140 [e48ea510-4cfd-493d-84b4-aa69255fcf6e-groupManagement] INFO  server.RaftServerConfigKeys (ConfUtils.java:logGet(46)) - raft.server.threadpool.server.cached = true (default)
2025-04-23 15:44:42,140 [e48ea510-4cfd-493d-84b4-aa69255fcf6e-groupManagement] INFO  server.RaftServerConfigKeys (ConfUtils.java:logGet(46)) - raft.server.threadpool.server.size = 0 (default)
2025-04-23 15:44:42,140 [e48ea510-4cfd-493d-84b4-aa69255fcf6e-groupManagement] INFO  server.RaftServerConfigKeys (ConfUtils.java:logGet(46)) - raft.server.threadpool.client.cached = true (default)
2025-04-23 15:44:42,140 [e48ea510-4cfd-493d-84b4-aa69255fcf6e-groupManagement] INFO  server.RaftServerConfigKeys (ConfUtils.java:logGet(46)) - raft.server.threadpool.client.size = 0 (default)
2025-04-23 15:44:42,141 [e48ea510-4cfd-493d-84b4-aa69255fcf6e-groupManagement] INFO  server.RaftServer$Division (RaftServerImpl.java:<init>(255)) - e48ea510-4cfd-493d-84b4-aa69255fcf6e: new RaftServerImpl for group-1AEB597AE35D:[e48ea510-4cfd-493d-84b4-aa69255fcf6e|127.0.0.1:15031] with ContainerStateMachine:uninitialized
2025-04-23 15:44:42,142 [e48ea510-4cfd-493d-84b4-aa69255fcf6e-groupManagement] INFO  server.RaftServerConfigKeys (ConfUtils.java:logGet(46)) - raft.server.rpc.timeout.min = 5s (custom)
2025-04-23 15:44:42,142 [e48ea510-4cfd-493d-84b4-aa69255fcf6e-groupManagement] INFO  server.RaftServerConfigKeys (ConfUtils.java:logGet(46)) - raft.server.rpc.timeout.max = 5200ms (custom)
2025-04-23 15:44:42,142 [e48ea510-4cfd-493d-84b4-aa69255fcf6e-groupManagement] INFO  server.RaftServerConfigKeys (ConfUtils.java:logGet(46)) - raft.server.rpc.sleep.time = 25ms (default)
2025-04-23 15:44:42,142 [e48ea510-4cfd-493d-84b4-aa69255fcf6e-groupManagement] INFO  server.RaftServerConfigKeys (ConfUtils.java:logGet(46)) - raft.server.rpc.slowness.timeout = 300s (custom)
2025-04-23 15:44:42,142 [e48ea510-4cfd-493d-84b4-aa69255fcf6e-groupManagement] INFO  server.RaftServerConfigKeys (ConfUtils.java:logGet(46)) - raft.server.leaderelection.leader.step-down.wait-time = 10s (default)
2025-04-23 15:44:42,142 [e48ea510-4cfd-493d-84b4-aa69255fcf6e-groupManagement] INFO  server.RaftServerConfigKeys (ConfUtils.java:logGet(46)) - raft.server.leaderelection.member.majority-add = false (default)
2025-04-23 15:44:42,142 [e48ea510-4cfd-493d-84b4-aa69255fcf6e-groupManagement] INFO  server.RaftServerConfigKeys (ConfUtils.java:logGet(46)) - raft.server.sleep.deviation.threshold = 300ms (default)
2025-04-23 15:44:42,142 [e48ea510-4cfd-493d-84b4-aa69255fcf6e-groupManagement] INFO  server.RaftServer$Division (ServerState.java:<init>(114)) - e48ea510-4cfd-493d-84b4-aa69255fcf6e@group-1AEB597AE35D: ConfigurationManager, init=conf: {index: -1, cur=peers:[e48ea510-4cfd-493d-84b4-aa69255fcf6e|127.0.0.1:15031]|listeners:[], old=null}, confs=<EMPTY_MAP>
2025-04-23 15:44:42,142 [e48ea510-4cfd-493d-84b4-aa69255fcf6e-groupManagement] INFO  server.RaftServerConfigKeys (ConfUtils.java:logGet(46)) - raft.server.notification.no-leader.timeout = 300s (custom)
2025-04-23 15:44:42,142 [e48ea510-4cfd-493d-84b4-aa69255fcf6e-groupManagement] INFO  server.RaftServerConfigKeys (ConfUtils.java:logGet(46)) - raft.server.read.timeout = 10s (default)
2025-04-23 15:44:42,142 [e48ea510-4cfd-493d-84b4-aa69255fcf6e-groupManagement] INFO  server.RaftServerConfigKeys (ConfUtils.java:logGet(46)) - raft.server.retrycache.expirytime = 600000ms (custom)
2025-04-23 15:44:42,142 [e48ea510-4cfd-493d-84b4-aa69255fcf6e-groupManagement] INFO  server.RaftServerConfigKeys (ConfUtils.java:logGet(46)) - raft.server.retrycache.statistics.expirytime = 100ms (default)
2025-04-23 15:44:42,142 [e48ea510-4cfd-493d-84b4-aa69255fcf6e-groupManagement] INFO  server.RaftServerConfigKeys (ConfUtils.java:logGet(46)) - raft.server.read.option = DEFAULT (default)
2025-04-23 15:44:42,142 [e48ea510-4cfd-493d-84b4-aa69255fcf6e-groupManagement] INFO  server.RaftServerConfigKeys (ConfUtils.java:logGet(46)) - raft.server.read.read-after-write-consistent.write-index-cache.expiry-time = 60s (default)
2025-04-23 15:44:42,147 [e48ea510-4cfd-493d-84b4-aa69255fcf6e-groupManagement] INFO  server.RaftServerConfigKeys (ConfUtils.java:logGet(46)) - raft.server.rpc.request.timeout = 60s (custom)
2025-04-23 15:44:42,147 [e48ea510-4cfd-493d-84b4-aa69255fcf6e-groupManagement] INFO  server.RaftServerConfigKeys (ConfUtils.java:logGet(46)) - raft.server.log.appender.install.snapshot.enabled = false (custom)
2025-04-23 15:44:42,147 [e48ea510-4cfd-493d-84b4-aa69255fcf6e-groupManagement] INFO  server.RaftServerConfigKeys (ConfUtils.java:logGet(46)) - raft.server.threadpool.server.cached = true (default)
2025-04-23 15:44:42,147 [e48ea510-4cfd-493d-84b4-aa69255fcf6e-groupManagement] INFO  server.RaftServerConfigKeys (ConfUtils.java:logGet(46)) - raft.server.threadpool.server.size = 0 (default)
2025-04-23 15:44:42,147 [e48ea510-4cfd-493d-84b4-aa69255fcf6e-groupManagement] INFO  server.RaftServerConfigKeys (ConfUtils.java:logGet(46)) - raft.server.threadpool.client.cached = true (default)
2025-04-23 15:44:42,147 [e48ea510-4cfd-493d-84b4-aa69255fcf6e-groupManagement] INFO  server.RaftServerConfigKeys (ConfUtils.java:logGet(46)) - raft.server.threadpool.client.size = 0 (default)
2025-04-23 15:44:42,147 [e48ea510-4cfd-493d-84b4-aa69255fcf6e-groupManagement] INFO  server.RaftServerConfigKeys (ConfUtils.java:logGet(46)) - raft.server.storage.free-space.min = 0MB (=0) (default)
2025-04-23 15:44:42,147 [e48ea510-4cfd-493d-84b4-aa69255fcf6e-groupManagement] INFO  server.RaftServerConfigKeys (ConfUtils.java:logGet(46)) - raft.server.log.corruption.policy = EXCEPTION (default)
2025-04-23 15:44:42,148 [e48ea510-4cfd-493d-84b4-aa69255fcf6e-groupManagement] INFO  server.RaftServerConfigKeys (ConfUtils.java:logGet(46)) - raft.server.storage.dir = [/home/runner/work/ozone/ozone/hadoop-ozone/integration-test/target/test-dir/MiniOzoneClusterImpl-5cf50c17-c591-473f-a8c4-88d8665d28d7/ozone-meta/datanode-2/ratis] (custom)
2025-04-23 15:44:42,148 [e48ea510-4cfd-493d-84b4-aa69255fcf6e-groupManagement] INFO  storage.RaftStorageDirectory (RaftStorageDirectoryImpl.java:analyzeStorage(138)) - The storage directory /home/runner/work/ozone/ozone/hadoop-ozone/integration-test/target/test-dir/MiniOzoneClusterImpl-5cf50c17-c591-473f-a8c4-88d8665d28d7/ozone-meta/datanode-2/ratis/8439014f-3643-4d4f-902f-ac23ff7aa8b3 does not exist. Creating ...
2025-04-23 15:44:42,149 [e48ea510-4cfd-493d-84b4-aa69255fcf6e-groupManagement] INFO  storage.RaftStorageDirectory (RaftStorageDirectoryImpl.java:tryLock(229)) - Lock on /home/runner/work/ozone/ozone/hadoop-ozone/integration-test/target/test-dir/MiniOzoneClusterImpl-5cf50c17-c591-473f-a8c4-88d8665d28d7/ozone-meta/datanode-2/ratis/8439014f-3643-4d4f-902f-ac23ff7aa8b3/in_use.lock acquired by nodename 129659@fv-az1337-835
2025-04-23 15:44:42,151 [e48ea510-4cfd-493d-84b4-aa69255fcf6e-groupManagement] INFO  storage.RaftStorage (RaftStorageImpl.java:format(98)) - Storage directory /home/runner/work/ozone/ozone/hadoop-ozone/integration-test/target/test-dir/MiniOzoneClusterImpl-5cf50c17-c591-473f-a8c4-88d8665d28d7/ozone-meta/datanode-2/ratis/8439014f-3643-4d4f-902f-ac23ff7aa8b3 has been successfully formatted.
2025-04-23 15:44:42,151 [e48ea510-4cfd-493d-84b4-aa69255fcf6e-groupManagement] INFO  ratis.ContainerStateMachine (ContainerStateMachine.java:initialize(339)) - e48ea510-4cfd-493d-84b4-aa69255fcf6e: initialize group-AC23FF7AA8B3
2025-04-23 15:44:42,151 [e48ea510-4cfd-493d-84b4-aa69255fcf6e-groupManagement] INFO  ratis.ContainerStateMachine (ContainerStateMachine.java:loadSnapshot(347)) - group-AC23FF7AA8B3: The snapshot info is null. Setting the last applied index to:(t:0, i:~)
2025-04-23 15:44:42,152 [e48ea510-4cfd-493d-84b4-aa69255fcf6e-groupManagement] INFO  server.RaftServerConfigKeys (ConfUtils.java:logGet(46)) - raft.server.log.use.memory = false (default)
2025-04-23 15:44:42,152 [e48ea510-4cfd-493d-84b4-aa69255fcf6e-groupManagement] INFO  server.RaftServerConfigKeys (ConfUtils.java:logGet(46)) - raft.server.log.purge.gap = 1000000 (custom)
2025-04-23 15:44:42,152 [e48ea510-4cfd-493d-84b4-aa69255fcf6e-groupManagement] INFO  server.RaftServerConfigKeys (ConfUtils.java:logGet(46)) - raft.server.log.appender.buffer.byte-limit = 33554432 (custom)
2025-04-23 15:44:42,152 [e48ea510-4cfd-493d-84b4-aa69255fcf6e-groupManagement] INFO  server.RaftServerConfigKeys (ConfUtils.java:logGet(46)) - raft.server.log.statemachine.data.read.timeout = 1000ms (default)
2025-04-23 15:44:42,152 [e48ea510-4cfd-493d-84b4-aa69255fcf6e-groupManagement] INFO  server.RaftServerConfigKeys (ConfUtils.java:logGet(46)) - raft.server.log.purge.preservation.log.num = 0 (default)
2025-04-23 15:44:42,154 [e48ea510-4cfd-493d-84b4-aa69255fcf6e-groupManagement] INFO  server.RaftServerConfigKeys (ConfUtils.java:logGet(46)) - raft.server.log.segment.size.max = 67108864 (custom)
2025-04-23 15:44:42,154 [e48ea510-4cfd-493d-84b4-aa69255fcf6e-groupManagement] INFO  server.RaftServerConfigKeys (ConfUtils.java:logGet(46)) - raft.server.log.segment.cache.num.max = 2 (custom)
2025-04-23 15:44:42,154 [e48ea510-4cfd-493d-84b4-aa69255fcf6e-groupManagement] INFO  server.RaftServerConfigKeys (ConfUtils.java:logGet(46)) - raft.server.log.segment.cache.size.max = 200MB (=209715200) (default)
2025-04-23 15:44:42,154 [e48ea510-4cfd-493d-84b4-aa69255fcf6e-groupManagement] INFO  server.RaftServerConfigKeys (ConfUtils.java:logGet(46)) - raft.server.log.appender.buffer.byte-limit = 33554432 (custom)
2025-04-23 15:44:42,154 [e48ea510-4cfd-493d-84b4-aa69255fcf6e-groupManagement] INFO  util.AwaitToRun (AwaitToRun.java:start(81)) - Thread[#954,e48ea510-4cfd-493d-84b4-aa69255fcf6e@group-AC23FF7AA8B3-cacheEviction-AwaitToRun,5,main] started
2025-04-23 15:44:42,154 [e48ea510-4cfd-493d-84b4-aa69255fcf6e-groupManagement] INFO  segmented.SegmentedRaftLogWorker (SegmentedRaftLogWorker.java:<init>(188)) - new e48ea510-4cfd-493d-84b4-aa69255fcf6e@group-AC23FF7AA8B3-SegmentedRaftLogWorker for RaftStorageImpl:Storage Directory /home/runner/work/ozone/ozone/hadoop-ozone/integration-test/target/test-dir/MiniOzoneClusterImpl-5cf50c17-c591-473f-a8c4-88d8665d28d7/ozone-meta/datanode-2/ratis/8439014f-3643-4d4f-902f-ac23ff7aa8b3
2025-04-23 15:44:42,154 [e48ea510-4cfd-493d-84b4-aa69255fcf6e-groupManagement] INFO  server.RaftServerConfigKeys (ConfUtils.java:logGet(46)) - raft.server.log.queue.byte-limit = 4294967296 (custom)
2025-04-23 15:44:42,154 [e48ea510-4cfd-493d-84b4-aa69255fcf6e-groupManagement] INFO  server.RaftServerConfigKeys (ConfUtils.java:logGet(46)) - raft.server.log.queue.element-limit = 1024 (custom)
2025-04-23 15:44:42,155 [e48ea510-4cfd-493d-84b4-aa69255fcf6e-groupManagement] INFO  server.RaftServerConfigKeys (ConfUtils.java:logGet(46)) - raft.server.log.segment.size.max = 67108864 (custom)
2025-04-23 15:44:42,155 [e48ea510-4cfd-493d-84b4-aa69255fcf6e-groupManagement] INFO  server.RaftServerConfigKeys (ConfUtils.java:logGet(46)) - raft.server.log.preallocated.size = 4194304 (custom)
2025-04-23 15:44:42,155 [e48ea510-4cfd-493d-84b4-aa69255fcf6e-groupManagement] INFO  server.RaftServerConfigKeys (ConfUtils.java:logGet(46)) - raft.server.log.force.sync.num = 128 (default)
2025-04-23 15:44:42,155 [e48ea510-4cfd-493d-84b4-aa69255fcf6e-groupManagement] INFO  server.RaftServerConfigKeys (ConfUtils.java:logGet(46)) - raft.server.log.statemachine.data.sync = true (default)
2025-04-23 15:44:42,155 [e48ea510-4cfd-493d-84b4-aa69255fcf6e-groupManagement] INFO  server.RaftServerConfigKeys (ConfUtils.java:logGet(46)) - raft.server.log.statemachine.data.sync.timeout = 10s (default)
2025-04-23 15:44:42,155 [e48ea510-4cfd-493d-84b4-aa69255fcf6e-groupManagement] INFO  server.RaftServerConfigKeys (ConfUtils.java:logGet(46)) - raft.server.log.statemachine.data.sync.timeout.retry = 30 (custom)
2025-04-23 15:44:42,155 [e48ea510-4cfd-493d-84b4-aa69255fcf6e-groupManagement] INFO  server.RaftServerConfigKeys (ConfUtils.java:logGet(46)) - raft.server.log.write.buffer.size = 33554440 (custom)
2025-04-23 15:44:42,161 [e48ea510-4cfd-493d-84b4-aa69255fcf6e-groupManagement] INFO  server.RaftServerConfigKeys (ConfUtils.java:logGet(46)) - raft.server.log.appender.buffer.byte-limit = 33554432 (custom)
2025-04-23 15:44:42,161 [e48ea510-4cfd-493d-84b4-aa69255fcf6e-groupManagement] INFO  server.RaftServerConfigKeys (ConfUtils.java:logGet(46)) - raft.server.log.unsafe-flush.enabled = false (default)
2025-04-23 15:44:42,161 [e48ea510-4cfd-493d-84b4-aa69255fcf6e-groupManagement] INFO  server.RaftServerConfigKeys (ConfUtils.java:logGet(46)) - raft.server.log.async-flush.enabled = false (default)
2025-04-23 15:44:42,161 [e48ea510-4cfd-493d-84b4-aa69255fcf6e-groupManagement] INFO  server.RaftServerConfigKeys (ConfUtils.java:logGet(46)) - raft.server.log.statemachine.data.caching.enabled = true (custom)
2025-04-23 15:44:42,161 [e48ea510-4cfd-493d-84b4-aa69255fcf6e-groupManagement] INFO  segmented.SegmentedRaftLogWorker (SegmentedRaftLogWorker.java:lambda$new$0(139)) - e48ea510-4cfd-493d-84b4-aa69255fcf6e@group-AC23FF7AA8B3-SegmentedRaftLogWorker: flushIndex: setUnconditionally 0 -> -1
2025-04-23 15:44:42,161 [e48ea510-4cfd-493d-84b4-aa69255fcf6e-groupManagement] INFO  segmented.SegmentedRaftLogWorker (SegmentedRaftLogWorker.java:lambda$new$0(139)) - e48ea510-4cfd-493d-84b4-aa69255fcf6e@group-AC23FF7AA8B3-SegmentedRaftLogWorker: safeCacheEvictIndex: setUnconditionally 0 -> -1
2025-04-23 15:44:42,161 [e48ea510-4cfd-493d-84b4-aa69255fcf6e-groupManagement] INFO  server.RaftServer$Division (RaftServerImpl.java:start(391)) - e48ea510-4cfd-493d-84b4-aa69255fcf6e@group-AC23FF7AA8B3: start as a follower, conf=conf: {index: -1, cur=peers:[bea46156-cfa9-40b4-9197-d8d351f5fc2c|127.0.0.1:15023, e48ea510-4cfd-493d-84b4-aa69255fcf6e|127.0.0.1:15031, 1d13aa12-f904-4b76-b74f-beab0aa3318b|127.0.0.1:15039]|listeners:[], old=null}
2025-04-23 15:44:42,162 [e48ea510-4cfd-493d-84b4-aa69255fcf6e-groupManagement] INFO  server.RaftServer$Division (RaftServerImpl.java:setRole(378)) - e48ea510-4cfd-493d-84b4-aa69255fcf6e@group-AC23FF7AA8B3: changes role from      null to FOLLOWER at term 0 for startAsFollower
2025-04-23 15:44:42,162 [e48ea510-4cfd-493d-84b4-aa69255fcf6e-groupManagement] INFO  impl.RoleInfo (RoleInfo.java:updateAndGet(148)) - e48ea510-4cfd-493d-84b4-aa69255fcf6e: start e48ea510-4cfd-493d-84b4-aa69255fcf6e@group-AC23FF7AA8B3-FollowerState
2025-04-23 15:44:42,162 [e48ea510-4cfd-493d-84b4-aa69255fcf6e@group-AC23FF7AA8B3-FollowerState] INFO  server.RaftServerConfigKeys (ConfUtils.java:logGet(46)) - raft.server.rpc.first-election.timeout.min = 1000ms (custom)
2025-04-23 15:44:42,162 [e48ea510-4cfd-493d-84b4-aa69255fcf6e@group-AC23FF7AA8B3-FollowerState] INFO  server.RaftServerConfigKeys (ConfUtils.java:logGet(46)) - raft.server.rpc.first-election.timeout.max = 1200ms (custom)
2025-04-23 15:44:42,162 [e48ea510-4cfd-493d-84b4-aa69255fcf6e-groupManagement] INFO  util.JmxRegister (JmxRegister.java:tryRegister(44)) - Successfully registered JMX Bean with object name Ratis:service=RaftServer,group=group-AC23FF7AA8B3,id=e48ea510-4cfd-493d-84b4-aa69255fcf6e
2025-04-23 15:44:42,162 [e48ea510-4cfd-493d-84b4-aa69255fcf6e-groupManagement] INFO  util.JmxRegister (JmxRegister.java:register(58)) - register mxBean class org.apache.ratis.server.impl.RaftServerJmxAdapter as Ratis:service=RaftServer,group=group-AC23FF7AA8B3,id=e48ea510-4cfd-493d-84b4-aa69255fcf6e
2025-04-23 15:44:42,162 [e48ea510-4cfd-493d-84b4-aa69255fcf6e-groupManagement] INFO  server.RaftServerConfigKeys (ConfUtils.java:logGet(46)) - raft.server.snapshot.trigger-when-stop.enabled = true (default)
2025-04-23 15:44:42,162 [e48ea510-4cfd-493d-84b4-aa69255fcf6e-groupManagement] INFO  server.RaftServerConfigKeys (ConfUtils.java:logGet(46)) - raft.server.snapshot.trigger-when-remove.enabled = true (default)
2025-04-23 15:44:42,162 [e48ea510-4cfd-493d-84b4-aa69255fcf6e-groupManagement] INFO  server.RaftServerConfigKeys (ConfUtils.java:logGet(46)) - raft.server.snapshot.auto.trigger.enabled = true (custom)
2025-04-23 15:44:42,162 [e48ea510-4cfd-493d-84b4-aa69255fcf6e-groupManagement] INFO  server.RaftServerConfigKeys (ConfUtils.java:logGet(46)) - raft.server.snapshot.auto.trigger.threshold = 100000 (custom)
2025-04-23 15:44:42,163 [e48ea510-4cfd-493d-84b4-aa69255fcf6e-groupManagement] INFO  server.RaftServerConfigKeys (ConfUtils.java:logGet(46)) - raft.server.snapshot.retention.file.num = 5 (custom)
2025-04-23 15:44:42,163 [e48ea510-4cfd-493d-84b4-aa69255fcf6e-groupManagement] INFO  server.RaftServerConfigKeys (ConfUtils.java:logGet(46)) - raft.server.log.purge.upto.snapshot.index = false (default)
2025-04-23 15:44:42,162 [debc8cb4-4a2d-469c-9d41-f06aedad3f91@group-88D8665D28D7-StateMachineUpdater] INFO  safemode.HealthyPipelineSafeModeRule (HealthyPipelineSafeModeRule.java:initializeRule(174)) - Refreshed total pipeline count is 0, healthy pipeline threshold count is 1
2025-04-23 15:44:42,163 [e48ea510-4cfd-493d-84b4-aa69255fcf6e-groupManagement] INFO  server.RaftServer$Division (RaftServerImpl.java:start(405)) - e48ea510-4cfd-493d-84b4-aa69255fcf6e@group-AC23FF7AA8B3: Successfully started.
2025-04-23 15:44:42,164 [EventQueue-PipelineReportForPipelineReportHandler] INFO  pipeline.PipelineReportHandler (PipelineReportHandler.java:processPipelineReport(134)) - Opened pipeline PipelineID=1ca3b68f-936d-4b1f-91a5-1aeb597ae35d
2025-04-23 15:44:42,164 [e48ea510-4cfd-493d-84b4-aa69255fcf6e-groupManagement] INFO  server.RaftServerConfigKeys (ConfUtils.java:logGet(46)) - raft.server.storage.free-space.min = 0MB (=0) (default)
2025-04-23 15:44:42,164 [e48ea510-4cfd-493d-84b4-aa69255fcf6e-groupManagement] INFO  server.RaftServerConfigKeys (ConfUtils.java:logGet(46)) - raft.server.log.corruption.policy = EXCEPTION (default)
2025-04-23 15:44:42,164 [e48ea510-4cfd-493d-84b4-aa69255fcf6e-groupManagement] INFO  server.RaftServerConfigKeys (ConfUtils.java:logGet(46)) - raft.server.storage.dir = [/home/runner/work/ozone/ozone/hadoop-ozone/integration-test/target/test-dir/MiniOzoneClusterImpl-5cf50c17-c591-473f-a8c4-88d8665d28d7/ozone-meta/datanode-2/ratis] (custom)
2025-04-23 15:44:42,164 [EventQueue-OpenPipelineForHealthyPipelineSafeModeRule] INFO  safemode.SCMSafeModeManager (HealthyPipelineSafeModeRule.java:process(141)) - SCM in safe mode. Healthy pipelines reported count is 0, required healthy pipeline reported count is 1
2025-04-23 15:44:42,164 [e48ea510-4cfd-493d-84b4-aa69255fcf6e-groupManagement] INFO  storage.RaftStorageDirectory (RaftStorageDirectoryImpl.java:analyzeStorage(138)) - The storage directory /home/runner/work/ozone/ozone/hadoop-ozone/integration-test/target/test-dir/MiniOzoneClusterImpl-5cf50c17-c591-473f-a8c4-88d8665d28d7/ozone-meta/datanode-2/ratis/1ca3b68f-936d-4b1f-91a5-1aeb597ae35d does not exist. Creating ...
2025-04-23 15:44:42,168 [e48ea510-4cfd-493d-84b4-aa69255fcf6e-groupManagement] INFO  storage.RaftStorageDirectory (RaftStorageDirectoryImpl.java:tryLock(229)) - Lock on /home/runner/work/ozone/ozone/hadoop-ozone/integration-test/target/test-dir/MiniOzoneClusterImpl-5cf50c17-c591-473f-a8c4-88d8665d28d7/ozone-meta/datanode-2/ratis/1ca3b68f-936d-4b1f-91a5-1aeb597ae35d/in_use.lock acquired by nodename 129659@fv-az1337-835
2025-04-23 15:44:42,169 [e48ea510-4cfd-493d-84b4-aa69255fcf6e-groupManagement] INFO  storage.RaftStorage (RaftStorageImpl.java:format(98)) - Storage directory /home/runner/work/ozone/ozone/hadoop-ozone/integration-test/target/test-dir/MiniOzoneClusterImpl-5cf50c17-c591-473f-a8c4-88d8665d28d7/ozone-meta/datanode-2/ratis/1ca3b68f-936d-4b1f-91a5-1aeb597ae35d has been successfully formatted.
2025-04-23 15:44:42,170 [e48ea510-4cfd-493d-84b4-aa69255fcf6e-groupManagement] INFO  ratis.ContainerStateMachine (ContainerStateMachine.java:initialize(339)) - e48ea510-4cfd-493d-84b4-aa69255fcf6e: initialize group-1AEB597AE35D
2025-04-23 15:44:42,170 [e48ea510-4cfd-493d-84b4-aa69255fcf6e-groupManagement] INFO  ratis.ContainerStateMachine (ContainerStateMachine.java:loadSnapshot(347)) - group-1AEB597AE35D: The snapshot info is null. Setting the last applied index to:(t:0, i:~)
2025-04-23 15:44:42,170 [e48ea510-4cfd-493d-84b4-aa69255fcf6e-groupManagement] INFO  server.RaftServerConfigKeys (ConfUtils.java:logGet(46)) - raft.server.log.use.memory = false (default)
2025-04-23 15:44:42,170 [e48ea510-4cfd-493d-84b4-aa69255fcf6e-groupManagement] INFO  server.RaftServerConfigKeys (ConfUtils.java:logGet(46)) - raft.server.log.purge.gap = 1000000 (custom)
2025-04-23 15:44:42,170 [e48ea510-4cfd-493d-84b4-aa69255fcf6e-groupManagement] INFO  server.RaftServerConfigKeys (ConfUtils.java:logGet(46)) - raft.server.log.appender.buffer.byte-limit = 33554432 (custom)
2025-04-23 15:44:42,170 [e48ea510-4cfd-493d-84b4-aa69255fcf6e-groupManagement] INFO  server.RaftServerConfigKeys (ConfUtils.java:logGet(46)) - raft.server.log.statemachine.data.read.timeout = 1000ms (default)
2025-04-23 15:44:42,170 [e48ea510-4cfd-493d-84b4-aa69255fcf6e-groupManagement] INFO  server.RaftServerConfigKeys (ConfUtils.java:logGet(46)) - raft.server.log.purge.preservation.log.num = 0 (default)
2025-04-23 15:44:42,173 [EventQueue-OpenPipelineForHealthyPipelineSafeModeRule] INFO  safemode.SCMSafeModeManager (HealthyPipelineSafeModeRule.java:process(141)) - SCM in safe mode. Healthy pipelines reported count is 0, required healthy pipeline reported count is 1
2025-04-23 15:44:42,175 [e48ea510-4cfd-493d-84b4-aa69255fcf6e-groupManagement] INFO  server.RaftServerConfigKeys (ConfUtils.java:logGet(46)) - raft.server.log.segment.size.max = 67108864 (custom)
2025-04-23 15:44:42,175 [e48ea510-4cfd-493d-84b4-aa69255fcf6e-groupManagement] INFO  server.RaftServerConfigKeys (ConfUtils.java:logGet(46)) - raft.server.log.segment.cache.num.max = 2 (custom)
2025-04-23 15:44:42,176 [e48ea510-4cfd-493d-84b4-aa69255fcf6e-groupManagement] INFO  server.RaftServerConfigKeys (ConfUtils.java:logGet(46)) - raft.server.log.segment.cache.size.max = 200MB (=209715200) (default)
2025-04-23 15:44:42,176 [e48ea510-4cfd-493d-84b4-aa69255fcf6e-groupManagement] INFO  server.RaftServerConfigKeys (ConfUtils.java:logGet(46)) - raft.server.log.appender.buffer.byte-limit = 33554432 (custom)
2025-04-23 15:44:42,177 [e48ea510-4cfd-493d-84b4-aa69255fcf6e-groupManagement] INFO  util.AwaitToRun (AwaitToRun.java:start(81)) - Thread[#961,e48ea510-4cfd-493d-84b4-aa69255fcf6e@group-1AEB597AE35D-cacheEviction-AwaitToRun,5,main] started
2025-04-23 15:44:42,177 [e48ea510-4cfd-493d-84b4-aa69255fcf6e-groupManagement] INFO  segmented.SegmentedRaftLogWorker (SegmentedRaftLogWorker.java:<init>(188)) - new e48ea510-4cfd-493d-84b4-aa69255fcf6e@group-1AEB597AE35D-SegmentedRaftLogWorker for RaftStorageImpl:Storage Directory /home/runner/work/ozone/ozone/hadoop-ozone/integration-test/target/test-dir/MiniOzoneClusterImpl-5cf50c17-c591-473f-a8c4-88d8665d28d7/ozone-meta/datanode-2/ratis/1ca3b68f-936d-4b1f-91a5-1aeb597ae35d
2025-04-23 15:44:42,177 [e48ea510-4cfd-493d-84b4-aa69255fcf6e-groupManagement] INFO  server.RaftServerConfigKeys (ConfUtils.java:logGet(46)) - raft.server.log.queue.byte-limit = 4294967296 (custom)
2025-04-23 15:44:42,177 [e48ea510-4cfd-493d-84b4-aa69255fcf6e-groupManagement] INFO  server.RaftServerConfigKeys (ConfUtils.java:logGet(46)) - raft.server.log.queue.element-limit = 1024 (custom)
2025-04-23 15:44:42,177 [e48ea510-4cfd-493d-84b4-aa69255fcf6e-groupManagement] INFO  server.RaftServerConfigKeys (ConfUtils.java:logGet(46)) - raft.server.log.segment.size.max = 67108864 (custom)
2025-04-23 15:44:42,177 [e48ea510-4cfd-493d-84b4-aa69255fcf6e-groupManagement] INFO  server.RaftServerConfigKeys (ConfUtils.java:logGet(46)) - raft.server.log.preallocated.size = 4194304 (custom)
2025-04-23 15:44:42,177 [e48ea510-4cfd-493d-84b4-aa69255fcf6e-groupManagement] INFO  server.RaftServerConfigKeys (ConfUtils.java:logGet(46)) - raft.server.log.force.sync.num = 128 (default)
2025-04-23 15:44:42,177 [e48ea510-4cfd-493d-84b4-aa69255fcf6e-groupManagement] INFO  server.RaftServerConfigKeys (ConfUtils.java:logGet(46)) - raft.server.log.statemachine.data.sync = true (default)
2025-04-23 15:44:42,177 [e48ea510-4cfd-493d-84b4-aa69255fcf6e-groupManagement] INFO  server.RaftServerConfigKeys (ConfUtils.java:logGet(46)) - raft.server.log.statemachine.data.sync.timeout = 10s (default)
2025-04-23 15:44:42,178 [e48ea510-4cfd-493d-84b4-aa69255fcf6e-groupManagement] INFO  server.RaftServerConfigKeys (ConfUtils.java:logGet(46)) - raft.server.log.statemachine.data.sync.timeout.retry = 30 (custom)
2025-04-23 15:44:42,178 [e48ea510-4cfd-493d-84b4-aa69255fcf6e-groupManagement] INFO  server.RaftServerConfigKeys (ConfUtils.java:logGet(46)) - raft.server.log.write.buffer.size = 33554440 (custom)
2025-04-23 15:44:42,184 [grpc-default-executor-2] INFO  server.RaftServer (RaftServerProxy.java:addNew(100)) - 1d13aa12-f904-4b76-b74f-beab0aa3318b: addNew group-AC23FF7AA8B3:[bea46156-cfa9-40b4-9197-d8d351f5fc2c|127.0.0.1:15023, e48ea510-4cfd-493d-84b4-aa69255fcf6e|127.0.0.1:15031, 1d13aa12-f904-4b76-b74f-beab0aa3318b|127.0.0.1:15039] returns group-AC23FF7AA8B3:java.util.concurrent.CompletableFuture@254b1f90[Not completed]
2025-04-23 15:44:42,185 [e48ea510-4cfd-493d-84b4-aa69255fcf6e-groupManagement] INFO  server.RaftServerConfigKeys (ConfUtils.java:logGet(46)) - raft.server.log.appender.buffer.byte-limit = 33554432 (custom)
2025-04-23 15:44:42,185 [e48ea510-4cfd-493d-84b4-aa69255fcf6e-groupManagement] INFO  server.RaftServerConfigKeys (ConfUtils.java:logGet(46)) - raft.server.log.unsafe-flush.enabled = false (default)
2025-04-23 15:44:42,185 [e48ea510-4cfd-493d-84b4-aa69255fcf6e-groupManagement] INFO  server.RaftServerConfigKeys (ConfUtils.java:logGet(46)) - raft.server.log.async-flush.enabled = false (default)
2025-04-23 15:44:42,185 [e48ea510-4cfd-493d-84b4-aa69255fcf6e-groupManagement] INFO  server.RaftServerConfigKeys (ConfUtils.java:logGet(46)) - raft.server.log.statemachine.data.caching.enabled = true (custom)
2025-04-23 15:44:42,186 [e48ea510-4cfd-493d-84b4-aa69255fcf6e-groupManagement] INFO  segmented.SegmentedRaftLogWorker (SegmentedRaftLogWorker.java:lambda$new$0(139)) - e48ea510-4cfd-493d-84b4-aa69255fcf6e@group-1AEB597AE35D-SegmentedRaftLogWorker: flushIndex: setUnconditionally 0 -> -1
2025-04-23 15:44:42,186 [e48ea510-4cfd-493d-84b4-aa69255fcf6e-groupManagement] INFO  segmented.SegmentedRaftLogWorker (SegmentedRaftLogWorker.java:lambda$new$0(139)) - e48ea510-4cfd-493d-84b4-aa69255fcf6e@group-1AEB597AE35D-SegmentedRaftLogWorker: safeCacheEvictIndex: setUnconditionally 0 -> -1
2025-04-23 15:44:42,186 [e48ea510-4cfd-493d-84b4-aa69255fcf6e-groupManagement] INFO  server.RaftServer$Division (RaftServerImpl.java:start(391)) - e48ea510-4cfd-493d-84b4-aa69255fcf6e@group-1AEB597AE35D: start as a follower, conf=conf: {index: -1, cur=peers:[e48ea510-4cfd-493d-84b4-aa69255fcf6e|127.0.0.1:15031]|listeners:[], old=null}
2025-04-23 15:44:42,186 [e48ea510-4cfd-493d-84b4-aa69255fcf6e-groupManagement] INFO  server.RaftServer$Division (RaftServerImpl.java:setRole(378)) - e48ea510-4cfd-493d-84b4-aa69255fcf6e@group-1AEB597AE35D: changes role from      null to FOLLOWER at term 0 for startAsFollower
2025-04-23 15:44:42,186 [e48ea510-4cfd-493d-84b4-aa69255fcf6e-groupManagement] INFO  impl.RoleInfo (RoleInfo.java:updateAndGet(148)) - e48ea510-4cfd-493d-84b4-aa69255fcf6e: start e48ea510-4cfd-493d-84b4-aa69255fcf6e@group-1AEB597AE35D-FollowerState
2025-04-23 15:44:42,186 [e48ea510-4cfd-493d-84b4-aa69255fcf6e@group-1AEB597AE35D-FollowerState] INFO  server.RaftServerConfigKeys (ConfUtils.java:logGet(46)) - raft.server.rpc.first-election.timeout.min = 1000ms (custom)
2025-04-23 15:44:42,187 [e48ea510-4cfd-493d-84b4-aa69255fcf6e@group-1AEB597AE35D-FollowerState] INFO  server.RaftServerConfigKeys (ConfUtils.java:logGet(46)) - raft.server.rpc.first-election.timeout.max = 1200ms (custom)
2025-04-23 15:44:42,187 [e48ea510-4cfd-493d-84b4-aa69255fcf6e-groupManagement] INFO  util.JmxRegister (JmxRegister.java:tryRegister(44)) - Successfully registered JMX Bean with object name Ratis:service=RaftServer,group=group-1AEB597AE35D,id=e48ea510-4cfd-493d-84b4-aa69255fcf6e
2025-04-23 15:44:42,187 [e48ea510-4cfd-493d-84b4-aa69255fcf6e-groupManagement] INFO  util.JmxRegister (JmxRegister.java:register(58)) - register mxBean class org.apache.ratis.server.impl.RaftServerJmxAdapter as Ratis:service=RaftServer,group=group-1AEB597AE35D,id=e48ea510-4cfd-493d-84b4-aa69255fcf6e
2025-04-23 15:44:42,187 [e48ea510-4cfd-493d-84b4-aa69255fcf6e-groupManagement] INFO  server.RaftServerConfigKeys (ConfUtils.java:logGet(46)) - raft.server.snapshot.trigger-when-stop.enabled = true (default)
2025-04-23 15:44:42,187 [e48ea510-4cfd-493d-84b4-aa69255fcf6e-groupManagement] INFO  server.RaftServerConfigKeys (ConfUtils.java:logGet(46)) - raft.server.snapshot.trigger-when-remove.enabled = true (default)
2025-04-23 15:44:42,187 [e48ea510-4cfd-493d-84b4-aa69255fcf6e-groupManagement] INFO  server.RaftServerConfigKeys (ConfUtils.java:logGet(46)) - raft.server.snapshot.auto.trigger.enabled = true (custom)
2025-04-23 15:44:42,187 [e48ea510-4cfd-493d-84b4-aa69255fcf6e-groupManagement] INFO  server.RaftServerConfigKeys (ConfUtils.java:logGet(46)) - raft.server.snapshot.auto.trigger.threshold = 100000 (custom)
2025-04-23 15:44:42,187 [e48ea510-4cfd-493d-84b4-aa69255fcf6e-groupManagement] INFO  server.RaftServerConfigKeys (ConfUtils.java:logGet(46)) - raft.server.snapshot.retention.file.num = 5 (custom)
2025-04-23 15:44:42,187 [e48ea510-4cfd-493d-84b4-aa69255fcf6e-groupManagement] INFO  server.RaftServerConfigKeys (ConfUtils.java:logGet(46)) - raft.server.log.purge.upto.snapshot.index = false (default)
2025-04-23 15:44:42,189 [e48ea510-4cfd-493d-84b4-aa69255fcf6e-groupManagement] INFO  server.RaftServer$Division (RaftServerImpl.java:start(405)) - e48ea510-4cfd-493d-84b4-aa69255fcf6e@group-1AEB597AE35D: Successfully started.
2025-04-23 15:44:42,189 [e48ea510-4cfd-493d-84b4-aa69255fcf6e-PipelineCommandHandlerThread-0] INFO  ratis.XceiverServerRatis (XceiverServerRatis.java:addGroup(842)) - Created group PipelineID=1ca3b68f-936d-4b1f-91a5-1aeb597ae35d
2025-04-23 15:44:42,189 [e48ea510-4cfd-493d-84b4-aa69255fcf6e-PipelineCommandHandlerThread-0] INFO  commandhandler.CreatePipelineCommandHandler (CreatePipelineCommandHandler.java:lambda$handle$2(128)) - Created Pipeline RATIS ONE PipelineID=1ca3b68f-936d-4b1f-91a5-1aeb597ae35d.
2025-04-23 15:44:42,190 [1d13aa12-f904-4b76-b74f-beab0aa3318b-groupManagement] INFO  server.RaftServer$Division (RaftServerImpl.java:<init>(255)) - 1d13aa12-f904-4b76-b74f-beab0aa3318b: new RaftServerImpl for group-AC23FF7AA8B3:[bea46156-cfa9-40b4-9197-d8d351f5fc2c|127.0.0.1:15023, e48ea510-4cfd-493d-84b4-aa69255fcf6e|127.0.0.1:15031, 1d13aa12-f904-4b76-b74f-beab0aa3318b|127.0.0.1:15039] with ContainerStateMachine:uninitialized
2025-04-23 15:44:42,190 [1d13aa12-f904-4b76-b74f-beab0aa3318b-groupManagement] INFO  server.RaftServerConfigKeys (ConfUtils.java:logGet(46)) - raft.server.rpc.timeout.min = 5s (custom)
2025-04-23 15:44:42,190 [1d13aa12-f904-4b76-b74f-beab0aa3318b-groupManagement] INFO  server.RaftServerConfigKeys (ConfUtils.java:logGet(46)) - raft.server.rpc.timeout.max = 5200ms (custom)
2025-04-23 15:44:42,191 [1d13aa12-f904-4b76-b74f-beab0aa3318b-groupManagement] INFO  server.RaftServerConfigKeys (ConfUtils.java:logGet(46)) - raft.server.rpc.sleep.time = 25ms (default)
2025-04-23 15:44:42,191 [1d13aa12-f904-4b76-b74f-beab0aa3318b-groupManagement] INFO  server.RaftServerConfigKeys (ConfUtils.java:logGet(46)) - raft.server.rpc.slowness.timeout = 300s (custom)
2025-04-23 15:44:42,191 [1d13aa12-f904-4b76-b74f-beab0aa3318b-groupManagement] INFO  server.RaftServerConfigKeys (ConfUtils.java:logGet(46)) - raft.server.leaderelection.leader.step-down.wait-time = 10s (default)
2025-04-23 15:44:42,191 [1d13aa12-f904-4b76-b74f-beab0aa3318b-groupManagement] INFO  server.RaftServerConfigKeys (ConfUtils.java:logGet(46)) - raft.server.leaderelection.member.majority-add = false (default)
2025-04-23 15:44:42,191 [1d13aa12-f904-4b76-b74f-beab0aa3318b-groupManagement] INFO  server.RaftServerConfigKeys (ConfUtils.java:logGet(46)) - raft.server.sleep.deviation.threshold = 300ms (default)
2025-04-23 15:44:42,191 [1d13aa12-f904-4b76-b74f-beab0aa3318b-groupManagement] INFO  server.RaftServer$Division (ServerState.java:<init>(114)) - 1d13aa12-f904-4b76-b74f-beab0aa3318b@group-AC23FF7AA8B3: ConfigurationManager, init=conf: {index: -1, cur=peers:[bea46156-cfa9-40b4-9197-d8d351f5fc2c|127.0.0.1:15023, e48ea510-4cfd-493d-84b4-aa69255fcf6e|127.0.0.1:15031, 1d13aa12-f904-4b76-b74f-beab0aa3318b|127.0.0.1:15039]|listeners:[], old=null}, confs=<EMPTY_MAP>
2025-04-23 15:44:42,191 [1d13aa12-f904-4b76-b74f-beab0aa3318b-groupManagement] INFO  server.RaftServerConfigKeys (ConfUtils.java:logGet(46)) - raft.server.notification.no-leader.timeout = 300s (custom)
2025-04-23 15:44:42,191 [1d13aa12-f904-4b76-b74f-beab0aa3318b-groupManagement] INFO  server.RaftServerConfigKeys (ConfUtils.java:logGet(46)) - raft.server.read.timeout = 10s (default)
2025-04-23 15:44:42,191 [1d13aa12-f904-4b76-b74f-beab0aa3318b-groupManagement] INFO  server.RaftServerConfigKeys (ConfUtils.java:logGet(46)) - raft.server.retrycache.expirytime = 600000ms (custom)
2025-04-23 15:44:42,191 [1d13aa12-f904-4b76-b74f-beab0aa3318b-groupManagement] INFO  server.RaftServerConfigKeys (ConfUtils.java:logGet(46)) - raft.server.retrycache.statistics.expirytime = 100ms (default)
2025-04-23 15:44:42,192 [1d13aa12-f904-4b76-b74f-beab0aa3318b-groupManagement] INFO  server.RaftServerConfigKeys (ConfUtils.java:logGet(46)) - raft.server.read.option = DEFAULT (default)
2025-04-23 15:44:42,192 [1d13aa12-f904-4b76-b74f-beab0aa3318b-groupManagement] INFO  server.RaftServerConfigKeys (ConfUtils.java:logGet(46)) - raft.server.read.read-after-write-consistent.write-index-cache.expiry-time = 60s (default)
2025-04-23 15:44:42,195 [1d13aa12-f904-4b76-b74f-beab0aa3318b-groupManagement] INFO  server.RaftServerConfigKeys (ConfUtils.java:logGet(46)) - raft.server.rpc.request.timeout = 60s (custom)
2025-04-23 15:44:42,196 [1d13aa12-f904-4b76-b74f-beab0aa3318b-groupManagement] INFO  server.RaftServerConfigKeys (ConfUtils.java:logGet(46)) - raft.server.log.appender.install.snapshot.enabled = false (custom)
2025-04-23 15:44:42,196 [1d13aa12-f904-4b76-b74f-beab0aa3318b-groupManagement] INFO  server.RaftServerConfigKeys (ConfUtils.java:logGet(46)) - raft.server.threadpool.server.cached = true (default)
2025-04-23 15:44:42,196 [1d13aa12-f904-4b76-b74f-beab0aa3318b-groupManagement] INFO  server.RaftServerConfigKeys (ConfUtils.java:logGet(46)) - raft.server.threadpool.server.size = 0 (default)
2025-04-23 15:44:42,196 [1d13aa12-f904-4b76-b74f-beab0aa3318b-groupManagement] INFO  server.RaftServerConfigKeys (ConfUtils.java:logGet(46)) - raft.server.threadpool.client.cached = true (default)
2025-04-23 15:44:42,196 [1d13aa12-f904-4b76-b74f-beab0aa3318b-groupManagement] INFO  server.RaftServerConfigKeys (ConfUtils.java:logGet(46)) - raft.server.threadpool.client.size = 0 (default)
2025-04-23 15:44:42,196 [1d13aa12-f904-4b76-b74f-beab0aa3318b-groupManagement] INFO  server.RaftServerConfigKeys (ConfUtils.java:logGet(46)) - raft.server.storage.free-space.min = 0MB (=0) (default)
2025-04-23 15:44:42,196 [1d13aa12-f904-4b76-b74f-beab0aa3318b-groupManagement] INFO  server.RaftServerConfigKeys (ConfUtils.java:logGet(46)) - raft.server.log.corruption.policy = EXCEPTION (default)
2025-04-23 15:44:42,196 [1d13aa12-f904-4b76-b74f-beab0aa3318b-groupManagement] INFO  server.RaftServerConfigKeys (ConfUtils.java:logGet(46)) - raft.server.storage.dir = [/home/runner/work/ozone/ozone/hadoop-ozone/integration-test/target/test-dir/MiniOzoneClusterImpl-5cf50c17-c591-473f-a8c4-88d8665d28d7/ozone-meta/datanode-3/ratis] (custom)
2025-04-23 15:44:42,196 [1d13aa12-f904-4b76-b74f-beab0aa3318b-groupManagement] INFO  storage.RaftStorageDirectory (RaftStorageDirectoryImpl.java:analyzeStorage(138)) - The storage directory /home/runner/work/ozone/ozone/hadoop-ozone/integration-test/target/test-dir/MiniOzoneClusterImpl-5cf50c17-c591-473f-a8c4-88d8665d28d7/ozone-meta/datanode-3/ratis/8439014f-3643-4d4f-902f-ac23ff7aa8b3 does not exist. Creating ...
2025-04-23 15:44:42,197 [1d13aa12-f904-4b76-b74f-beab0aa3318b-groupManagement] INFO  storage.RaftStorageDirectory (RaftStorageDirectoryImpl.java:tryLock(229)) - Lock on /home/runner/work/ozone/ozone/hadoop-ozone/integration-test/target/test-dir/MiniOzoneClusterImpl-5cf50c17-c591-473f-a8c4-88d8665d28d7/ozone-meta/datanode-3/ratis/8439014f-3643-4d4f-902f-ac23ff7aa8b3/in_use.lock acquired by nodename 129659@fv-az1337-835
2025-04-23 15:44:42,199 [1d13aa12-f904-4b76-b74f-beab0aa3318b-groupManagement] INFO  storage.RaftStorage (RaftStorageImpl.java:format(98)) - Storage directory /home/runner/work/ozone/ozone/hadoop-ozone/integration-test/target/test-dir/MiniOzoneClusterImpl-5cf50c17-c591-473f-a8c4-88d8665d28d7/ozone-meta/datanode-3/ratis/8439014f-3643-4d4f-902f-ac23ff7aa8b3 has been successfully formatted.
2025-04-23 15:44:42,199 [1d13aa12-f904-4b76-b74f-beab0aa3318b-groupManagement] INFO  ratis.ContainerStateMachine (ContainerStateMachine.java:initialize(339)) - 1d13aa12-f904-4b76-b74f-beab0aa3318b: initialize group-AC23FF7AA8B3
2025-04-23 15:44:42,199 [1d13aa12-f904-4b76-b74f-beab0aa3318b-groupManagement] INFO  ratis.ContainerStateMachine (ContainerStateMachine.java:loadSnapshot(347)) - group-AC23FF7AA8B3: The snapshot info is null. Setting the last applied index to:(t:0, i:~)
2025-04-23 15:44:42,199 [1d13aa12-f904-4b76-b74f-beab0aa3318b-groupManagement] INFO  server.RaftServerConfigKeys (ConfUtils.java:logGet(46)) - raft.server.log.use.memory = false (default)
2025-04-23 15:44:42,199 [1d13aa12-f904-4b76-b74f-beab0aa3318b-groupManagement] INFO  server.RaftServerConfigKeys (ConfUtils.java:logGet(46)) - raft.server.log.purge.gap = 1000000 (custom)
2025-04-23 15:44:42,199 [1d13aa12-f904-4b76-b74f-beab0aa3318b-groupManagement] INFO  server.RaftServerConfigKeys (ConfUtils.java:logGet(46)) - raft.server.log.appender.buffer.byte-limit = 33554432 (custom)
2025-04-23 15:44:42,199 [1d13aa12-f904-4b76-b74f-beab0aa3318b-groupManagement] INFO  server.RaftServerConfigKeys (ConfUtils.java:logGet(46)) - raft.server.log.statemachine.data.read.timeout = 1000ms (default)
2025-04-23 15:44:42,199 [1d13aa12-f904-4b76-b74f-beab0aa3318b-groupManagement] INFO  server.RaftServerConfigKeys (ConfUtils.java:logGet(46)) - raft.server.log.purge.preservation.log.num = 0 (default)
2025-04-23 15:44:42,203 [1d13aa12-f904-4b76-b74f-beab0aa3318b-groupManagement] INFO  server.RaftServerConfigKeys (ConfUtils.java:logGet(46)) - raft.server.log.segment.size.max = 67108864 (custom)
2025-04-23 15:44:42,203 [1d13aa12-f904-4b76-b74f-beab0aa3318b-groupManagement] INFO  server.RaftServerConfigKeys (ConfUtils.java:logGet(46)) - raft.server.log.segment.cache.num.max = 2 (custom)
2025-04-23 15:44:42,204 [1d13aa12-f904-4b76-b74f-beab0aa3318b-groupManagement] INFO  server.RaftServerConfigKeys (ConfUtils.java:logGet(46)) - raft.server.log.segment.cache.size.max = 200MB (=209715200) (default)
2025-04-23 15:44:42,204 [1d13aa12-f904-4b76-b74f-beab0aa3318b-groupManagement] INFO  server.RaftServerConfigKeys (ConfUtils.java:logGet(46)) - raft.server.log.appender.buffer.byte-limit = 33554432 (custom)
2025-04-23 15:44:42,205 [1d13aa12-f904-4b76-b74f-beab0aa3318b-groupManagement] INFO  util.AwaitToRun (AwaitToRun.java:start(81)) - Thread[#965,1d13aa12-f904-4b76-b74f-beab0aa3318b@group-AC23FF7AA8B3-cacheEviction-AwaitToRun,5,main] started
2025-04-23 15:44:42,206 [1d13aa12-f904-4b76-b74f-beab0aa3318b-groupManagement] INFO  segmented.SegmentedRaftLogWorker (SegmentedRaftLogWorker.java:<init>(188)) - new 1d13aa12-f904-4b76-b74f-beab0aa3318b@group-AC23FF7AA8B3-SegmentedRaftLogWorker for RaftStorageImpl:Storage Directory /home/runner/work/ozone/ozone/hadoop-ozone/integration-test/target/test-dir/MiniOzoneClusterImpl-5cf50c17-c591-473f-a8c4-88d8665d28d7/ozone-meta/datanode-3/ratis/8439014f-3643-4d4f-902f-ac23ff7aa8b3
2025-04-23 15:44:42,206 [1d13aa12-f904-4b76-b74f-beab0aa3318b-groupManagement] INFO  server.RaftServerConfigKeys (ConfUtils.java:logGet(46)) - raft.server.log.queue.byte-limit = 4294967296 (custom)
2025-04-23 15:44:42,207 [1d13aa12-f904-4b76-b74f-beab0aa3318b-groupManagement] INFO  server.RaftServerConfigKeys (ConfUtils.java:logGet(46)) - raft.server.log.queue.element-limit = 1024 (custom)
2025-04-23 15:44:42,207 [1d13aa12-f904-4b76-b74f-beab0aa3318b-groupManagement] INFO  server.RaftServerConfigKeys (ConfUtils.java:logGet(46)) - raft.server.log.segment.size.max = 67108864 (custom)
2025-04-23 15:44:42,207 [1d13aa12-f904-4b76-b74f-beab0aa3318b-groupManagement] INFO  server.RaftServerConfigKeys (ConfUtils.java:logGet(46)) - raft.server.log.preallocated.size = 4194304 (custom)
2025-04-23 15:44:42,207 [1d13aa12-f904-4b76-b74f-beab0aa3318b-groupManagement] INFO  server.RaftServerConfigKeys (ConfUtils.java:logGet(46)) - raft.server.log.force.sync.num = 128 (default)
2025-04-23 15:44:42,207 [1d13aa12-f904-4b76-b74f-beab0aa3318b-groupManagement] INFO  server.RaftServerConfigKeys (ConfUtils.java:logGet(46)) - raft.server.log.statemachine.data.sync = true (default)
2025-04-23 15:44:42,207 [1d13aa12-f904-4b76-b74f-beab0aa3318b-groupManagement] INFO  server.RaftServerConfigKeys (ConfUtils.java:logGet(46)) - raft.server.log.statemachine.data.sync.timeout = 10s (default)
2025-04-23 15:44:42,207 [1d13aa12-f904-4b76-b74f-beab0aa3318b-groupManagement] INFO  server.RaftServerConfigKeys (ConfUtils.java:logGet(46)) - raft.server.log.statemachine.data.sync.timeout.retry = 30 (custom)
2025-04-23 15:44:42,207 [1d13aa12-f904-4b76-b74f-beab0aa3318b-groupManagement] INFO  server.RaftServerConfigKeys (ConfUtils.java:logGet(46)) - raft.server.log.write.buffer.size = 33554440 (custom)
2025-04-23 15:44:42,213 [1d13aa12-f904-4b76-b74f-beab0aa3318b-groupManagement] INFO  server.RaftServerConfigKeys (ConfUtils.java:logGet(46)) - raft.server.log.appender.buffer.byte-limit = 33554432 (custom)
2025-04-23 15:44:42,213 [1d13aa12-f904-4b76-b74f-beab0aa3318b-groupManagement] INFO  server.RaftServerConfigKeys (ConfUtils.java:logGet(46)) - raft.server.log.unsafe-flush.enabled = false (default)
2025-04-23 15:44:42,213 [1d13aa12-f904-4b76-b74f-beab0aa3318b-groupManagement] INFO  server.RaftServerConfigKeys (ConfUtils.java:logGet(46)) - raft.server.log.async-flush.enabled = false (default)
2025-04-23 15:44:42,213 [1d13aa12-f904-4b76-b74f-beab0aa3318b-groupManagement] INFO  server.RaftServerConfigKeys (ConfUtils.java:logGet(46)) - raft.server.log.statemachine.data.caching.enabled = true (custom)
2025-04-23 15:44:42,213 [1d13aa12-f904-4b76-b74f-beab0aa3318b-groupManagement] INFO  segmented.SegmentedRaftLogWorker (SegmentedRaftLogWorker.java:lambda$new$0(139)) - 1d13aa12-f904-4b76-b74f-beab0aa3318b@group-AC23FF7AA8B3-SegmentedRaftLogWorker: flushIndex: setUnconditionally 0 -> -1
2025-04-23 15:44:42,213 [1d13aa12-f904-4b76-b74f-beab0aa3318b-groupManagement] INFO  segmented.SegmentedRaftLogWorker (SegmentedRaftLogWorker.java:lambda$new$0(139)) - 1d13aa12-f904-4b76-b74f-beab0aa3318b@group-AC23FF7AA8B3-SegmentedRaftLogWorker: safeCacheEvictIndex: setUnconditionally 0 -> -1
2025-04-23 15:44:42,214 [1d13aa12-f904-4b76-b74f-beab0aa3318b-groupManagement] INFO  server.RaftServer$Division (RaftServerImpl.java:start(391)) - 1d13aa12-f904-4b76-b74f-beab0aa3318b@group-AC23FF7AA8B3: start as a follower, conf=conf: {index: -1, cur=peers:[bea46156-cfa9-40b4-9197-d8d351f5fc2c|127.0.0.1:15023, e48ea510-4cfd-493d-84b4-aa69255fcf6e|127.0.0.1:15031, 1d13aa12-f904-4b76-b74f-beab0aa3318b|127.0.0.1:15039]|listeners:[], old=null}
2025-04-23 15:44:42,214 [1d13aa12-f904-4b76-b74f-beab0aa3318b-groupManagement] INFO  server.RaftServer$Division (RaftServerImpl.java:setRole(378)) - 1d13aa12-f904-4b76-b74f-beab0aa3318b@group-AC23FF7AA8B3: changes role from      null to FOLLOWER at term 0 for startAsFollower
2025-04-23 15:44:42,214 [1d13aa12-f904-4b76-b74f-beab0aa3318b-groupManagement] INFO  impl.RoleInfo (RoleInfo.java:updateAndGet(148)) - 1d13aa12-f904-4b76-b74f-beab0aa3318b: start 1d13aa12-f904-4b76-b74f-beab0aa3318b@group-AC23FF7AA8B3-FollowerState
2025-04-23 15:44:42,215 [1d13aa12-f904-4b76-b74f-beab0aa3318b@group-AC23FF7AA8B3-FollowerState] INFO  server.RaftServerConfigKeys (ConfUtils.java:logGet(46)) - raft.server.rpc.first-election.timeout.min = 1000ms (custom)
2025-04-23 15:44:42,215 [1d13aa12-f904-4b76-b74f-beab0aa3318b@group-AC23FF7AA8B3-FollowerState] INFO  server.RaftServerConfigKeys (ConfUtils.java:logGet(46)) - raft.server.rpc.first-election.timeout.max = 1200ms (custom)
2025-04-23 15:44:42,215 [1d13aa12-f904-4b76-b74f-beab0aa3318b-groupManagement] INFO  util.JmxRegister (JmxRegister.java:tryRegister(44)) - Successfully registered JMX Bean with object name Ratis:service=RaftServer,group=group-AC23FF7AA8B3,id=1d13aa12-f904-4b76-b74f-beab0aa3318b
2025-04-23 15:44:42,215 [1d13aa12-f904-4b76-b74f-beab0aa3318b-groupManagement] INFO  util.JmxRegister (JmxRegister.java:register(58)) - register mxBean class org.apache.ratis.server.impl.RaftServerJmxAdapter as Ratis:service=RaftServer,group=group-AC23FF7AA8B3,id=1d13aa12-f904-4b76-b74f-beab0aa3318b
2025-04-23 15:44:42,215 [1d13aa12-f904-4b76-b74f-beab0aa3318b-groupManagement] INFO  server.RaftServerConfigKeys (ConfUtils.java:logGet(46)) - raft.server.snapshot.trigger-when-stop.enabled = true (default)
2025-04-23 15:44:42,215 [1d13aa12-f904-4b76-b74f-beab0aa3318b-groupManagement] INFO  server.RaftServerConfigKeys (ConfUtils.java:logGet(46)) - raft.server.snapshot.trigger-when-remove.enabled = true (default)
2025-04-23 15:44:42,215 [1d13aa12-f904-4b76-b74f-beab0aa3318b-groupManagement] INFO  server.RaftServerConfigKeys (ConfUtils.java:logGet(46)) - raft.server.snapshot.auto.trigger.enabled = true (custom)
2025-04-23 15:44:42,215 [1d13aa12-f904-4b76-b74f-beab0aa3318b-groupManagement] INFO  server.RaftServerConfigKeys (ConfUtils.java:logGet(46)) - raft.server.snapshot.auto.trigger.threshold = 100000 (custom)
2025-04-23 15:44:42,215 [1d13aa12-f904-4b76-b74f-beab0aa3318b-groupManagement] INFO  server.RaftServerConfigKeys (ConfUtils.java:logGet(46)) - raft.server.snapshot.retention.file.num = 5 (custom)
2025-04-23 15:44:42,215 [1d13aa12-f904-4b76-b74f-beab0aa3318b-groupManagement] INFO  server.RaftServerConfigKeys (ConfUtils.java:logGet(46)) - raft.server.log.purge.upto.snapshot.index = false (default)
2025-04-23 15:44:42,216 [1d13aa12-f904-4b76-b74f-beab0aa3318b-groupManagement] INFO  server.RaftServer$Division (RaftServerImpl.java:start(405)) - 1d13aa12-f904-4b76-b74f-beab0aa3318b@group-AC23FF7AA8B3: Successfully started.
2025-04-23 15:44:42,222 [bea46156-cfa9-40b4-9197-d8d351f5fc2c-PipelineCommandHandlerThread-0] INFO  commandhandler.CreatePipelineCommandHandler (CreatePipelineCommandHandler.java:lambda$handle$2(128)) - Created Pipeline RATIS THREE PipelineID=8439014f-3643-4d4f-902f-ac23ff7aa8b3.
2025-04-23 15:44:42,337 [1d13aa12-f904-4b76-b74f-beab0aa3318b-PipelineCommandHandlerThread-0] INFO  server.RaftServer (RaftServerProxy.java:addNew(100)) - 1d13aa12-f904-4b76-b74f-beab0aa3318b: addNew group-5454E332233E:[1d13aa12-f904-4b76-b74f-beab0aa3318b|127.0.0.1:15039] returns group-5454E332233E:java.util.concurrent.CompletableFuture@5f78e33f[Not completed]
2025-04-23 15:44:42,339 [1d13aa12-f904-4b76-b74f-beab0aa3318b-groupManagement] INFO  server.RaftServer$Division (RaftServerImpl.java:<init>(255)) - 1d13aa12-f904-4b76-b74f-beab0aa3318b: new RaftServerImpl for group-5454E332233E:[1d13aa12-f904-4b76-b74f-beab0aa3318b|127.0.0.1:15039] with ContainerStateMachine:uninitialized
2025-04-23 15:44:42,339 [1d13aa12-f904-4b76-b74f-beab0aa3318b-groupManagement] INFO  server.RaftServerConfigKeys (ConfUtils.java:logGet(46)) - raft.server.rpc.timeout.min = 5s (custom)
2025-04-23 15:44:42,339 [1d13aa12-f904-4b76-b74f-beab0aa3318b-groupManagement] INFO  server.RaftServerConfigKeys (ConfUtils.java:logGet(46)) - raft.server.rpc.timeout.max = 5200ms (custom)
2025-04-23 15:44:42,339 [1d13aa12-f904-4b76-b74f-beab0aa3318b-groupManagement] INFO  server.RaftServerConfigKeys (ConfUtils.java:logGet(46)) - raft.server.rpc.sleep.time = 25ms (default)
2025-04-23 15:44:42,339 [1d13aa12-f904-4b76-b74f-beab0aa3318b-groupManagement] INFO  server.RaftServerConfigKeys (ConfUtils.java:logGet(46)) - raft.server.rpc.slowness.timeout = 300s (custom)
2025-04-23 15:44:42,339 [1d13aa12-f904-4b76-b74f-beab0aa3318b-groupManagement] INFO  server.RaftServerConfigKeys (ConfUtils.java:logGet(46)) - raft.server.leaderelection.leader.step-down.wait-time = 10s (default)
2025-04-23 15:44:42,339 [1d13aa12-f904-4b76-b74f-beab0aa3318b-groupManagement] INFO  server.RaftServerConfigKeys (ConfUtils.java:logGet(46)) - raft.server.leaderelection.member.majority-add = false (default)
2025-04-23 15:44:42,339 [1d13aa12-f904-4b76-b74f-beab0aa3318b-groupManagement] INFO  server.RaftServerConfigKeys (ConfUtils.java:logGet(46)) - raft.server.sleep.deviation.threshold = 300ms (default)
2025-04-23 15:44:42,340 [1d13aa12-f904-4b76-b74f-beab0aa3318b-groupManagement] INFO  server.RaftServer$Division (ServerState.java:<init>(114)) - 1d13aa12-f904-4b76-b74f-beab0aa3318b@group-5454E332233E: ConfigurationManager, init=conf: {index: -1, cur=peers:[1d13aa12-f904-4b76-b74f-beab0aa3318b|127.0.0.1:15039]|listeners:[], old=null}, confs=<EMPTY_MAP>
2025-04-23 15:44:42,340 [1d13aa12-f904-4b76-b74f-beab0aa3318b-groupManagement] INFO  server.RaftServerConfigKeys (ConfUtils.java:logGet(46)) - raft.server.notification.no-leader.timeout = 300s (custom)
2025-04-23 15:44:42,340 [1d13aa12-f904-4b76-b74f-beab0aa3318b-groupManagement] INFO  server.RaftServerConfigKeys (ConfUtils.java:logGet(46)) - raft.server.read.timeout = 10s (default)
2025-04-23 15:44:42,340 [1d13aa12-f904-4b76-b74f-beab0aa3318b-groupManagement] INFO  server.RaftServerConfigKeys (ConfUtils.java:logGet(46)) - raft.server.retrycache.expirytime = 600000ms (custom)
2025-04-23 15:44:42,340 [1d13aa12-f904-4b76-b74f-beab0aa3318b-groupManagement] INFO  server.RaftServerConfigKeys (ConfUtils.java:logGet(46)) - raft.server.retrycache.statistics.expirytime = 100ms (default)
2025-04-23 15:44:42,340 [1d13aa12-f904-4b76-b74f-beab0aa3318b-groupManagement] INFO  server.RaftServerConfigKeys (ConfUtils.java:logGet(46)) - raft.server.read.option = DEFAULT (default)
2025-04-23 15:44:42,340 [1d13aa12-f904-4b76-b74f-beab0aa3318b-groupManagement] INFO  server.RaftServerConfigKeys (ConfUtils.java:logGet(46)) - raft.server.read.read-after-write-consistent.write-index-cache.expiry-time = 60s (default)
2025-04-23 15:44:42,343 [1d13aa12-f904-4b76-b74f-beab0aa3318b-groupManagement] INFO  server.RaftServerConfigKeys (ConfUtils.java:logGet(46)) - raft.server.rpc.request.timeout = 60s (custom)
2025-04-23 15:44:42,343 [1d13aa12-f904-4b76-b74f-beab0aa3318b-groupManagement] INFO  server.RaftServerConfigKeys (ConfUtils.java:logGet(46)) - raft.server.log.appender.install.snapshot.enabled = false (custom)
2025-04-23 15:44:42,343 [1d13aa12-f904-4b76-b74f-beab0aa3318b-groupManagement] INFO  server.RaftServerConfigKeys (ConfUtils.java:logGet(46)) - raft.server.threadpool.server.cached = true (default)
2025-04-23 15:44:42,343 [1d13aa12-f904-4b76-b74f-beab0aa3318b-groupManagement] INFO  server.RaftServerConfigKeys (ConfUtils.java:logGet(46)) - raft.server.threadpool.server.size = 0 (default)
2025-04-23 15:44:42,343 [1d13aa12-f904-4b76-b74f-beab0aa3318b-groupManagement] INFO  server.RaftServerConfigKeys (ConfUtils.java:logGet(46)) - raft.server.threadpool.client.cached = true (default)
2025-04-23 15:44:42,343 [1d13aa12-f904-4b76-b74f-beab0aa3318b-groupManagement] INFO  server.RaftServerConfigKeys (ConfUtils.java:logGet(46)) - raft.server.threadpool.client.size = 0 (default)
2025-04-23 15:44:42,343 [1d13aa12-f904-4b76-b74f-beab0aa3318b-groupManagement] INFO  server.RaftServerConfigKeys (ConfUtils.java:logGet(46)) - raft.server.storage.free-space.min = 0MB (=0) (default)
2025-04-23 15:44:42,344 [1d13aa12-f904-4b76-b74f-beab0aa3318b-groupManagement] INFO  server.RaftServerConfigKeys (ConfUtils.java:logGet(46)) - raft.server.log.corruption.policy = EXCEPTION (default)
2025-04-23 15:44:42,344 [1d13aa12-f904-4b76-b74f-beab0aa3318b-groupManagement] INFO  server.RaftServerConfigKeys (ConfUtils.java:logGet(46)) - raft.server.storage.dir = [/home/runner/work/ozone/ozone/hadoop-ozone/integration-test/target/test-dir/MiniOzoneClusterImpl-5cf50c17-c591-473f-a8c4-88d8665d28d7/ozone-meta/datanode-3/ratis] (custom)
2025-04-23 15:44:42,344 [1d13aa12-f904-4b76-b74f-beab0aa3318b-groupManagement] INFO  storage.RaftStorageDirectory (RaftStorageDirectoryImpl.java:analyzeStorage(138)) - The storage directory /home/runner/work/ozone/ozone/hadoop-ozone/integration-test/target/test-dir/MiniOzoneClusterImpl-5cf50c17-c591-473f-a8c4-88d8665d28d7/ozone-meta/datanode-3/ratis/7103c8d5-578f-4288-8714-5454e332233e does not exist. Creating ...
2025-04-23 15:44:42,345 [1d13aa12-f904-4b76-b74f-beab0aa3318b-groupManagement] INFO  storage.RaftStorageDirectory (RaftStorageDirectoryImpl.java:tryLock(229)) - Lock on /home/runner/work/ozone/ozone/hadoop-ozone/integration-test/target/test-dir/MiniOzoneClusterImpl-5cf50c17-c591-473f-a8c4-88d8665d28d7/ozone-meta/datanode-3/ratis/7103c8d5-578f-4288-8714-5454e332233e/in_use.lock acquired by nodename 129659@fv-az1337-835
2025-04-23 15:44:42,346 [1d13aa12-f904-4b76-b74f-beab0aa3318b-groupManagement] INFO  storage.RaftStorage (RaftStorageImpl.java:format(98)) - Storage directory /home/runner/work/ozone/ozone/hadoop-ozone/integration-test/target/test-dir/MiniOzoneClusterImpl-5cf50c17-c591-473f-a8c4-88d8665d28d7/ozone-meta/datanode-3/ratis/7103c8d5-578f-4288-8714-5454e332233e has been successfully formatted.
2025-04-23 15:44:42,347 [1d13aa12-f904-4b76-b74f-beab0aa3318b-groupManagement] INFO  ratis.ContainerStateMachine (ContainerStateMachine.java:initialize(339)) - 1d13aa12-f904-4b76-b74f-beab0aa3318b: initialize group-5454E332233E
2025-04-23 15:44:42,347 [1d13aa12-f904-4b76-b74f-beab0aa3318b-groupManagement] INFO  ratis.ContainerStateMachine (ContainerStateMachine.java:loadSnapshot(347)) - group-5454E332233E: The snapshot info is null. Setting the last applied index to:(t:0, i:~)
2025-04-23 15:44:42,347 [1d13aa12-f904-4b76-b74f-beab0aa3318b-groupManagement] INFO  server.RaftServerConfigKeys (ConfUtils.java:logGet(46)) - raft.server.log.use.memory = false (default)
2025-04-23 15:44:42,347 [1d13aa12-f904-4b76-b74f-beab0aa3318b-groupManagement] INFO  server.RaftServerConfigKeys (ConfUtils.java:logGet(46)) - raft.server.log.purge.gap = 1000000 (custom)
2025-04-23 15:44:42,347 [1d13aa12-f904-4b76-b74f-beab0aa3318b-groupManagement] INFO  server.RaftServerConfigKeys (ConfUtils.java:logGet(46)) - raft.server.log.appender.buffer.byte-limit = 33554432 (custom)
2025-04-23 15:44:42,347 [1d13aa12-f904-4b76-b74f-beab0aa3318b-groupManagement] INFO  server.RaftServerConfigKeys (ConfUtils.java:logGet(46)) - raft.server.log.statemachine.data.read.timeout = 1000ms (default)
2025-04-23 15:44:42,347 [1d13aa12-f904-4b76-b74f-beab0aa3318b-groupManagement] INFO  server.RaftServerConfigKeys (ConfUtils.java:logGet(46)) - raft.server.log.purge.preservation.log.num = 0 (default)
2025-04-23 15:44:42,351 [1d13aa12-f904-4b76-b74f-beab0aa3318b-groupManagement] INFO  server.RaftServerConfigKeys (ConfUtils.java:logGet(46)) - raft.server.log.segment.size.max = 67108864 (custom)
2025-04-23 15:44:42,351 [1d13aa12-f904-4b76-b74f-beab0aa3318b-groupManagement] INFO  server.RaftServerConfigKeys (ConfUtils.java:logGet(46)) - raft.server.log.segment.cache.num.max = 2 (custom)
2025-04-23 15:44:42,351 [1d13aa12-f904-4b76-b74f-beab0aa3318b-groupManagement] INFO  server.RaftServerConfigKeys (ConfUtils.java:logGet(46)) - raft.server.log.segment.cache.size.max = 200MB (=209715200) (default)
2025-04-23 15:44:42,351 [1d13aa12-f904-4b76-b74f-beab0aa3318b-groupManagement] INFO  server.RaftServerConfigKeys (ConfUtils.java:logGet(46)) - raft.server.log.appender.buffer.byte-limit = 33554432 (custom)
2025-04-23 15:44:42,352 [1d13aa12-f904-4b76-b74f-beab0aa3318b-groupManagement] INFO  util.AwaitToRun (AwaitToRun.java:start(81)) - Thread[#973,1d13aa12-f904-4b76-b74f-beab0aa3318b@group-5454E332233E-cacheEviction-AwaitToRun,5,main] started
2025-04-23 15:44:42,352 [1d13aa12-f904-4b76-b74f-beab0aa3318b-groupManagement] INFO  segmented.SegmentedRaftLogWorker (SegmentedRaftLogWorker.java:<init>(188)) - new 1d13aa12-f904-4b76-b74f-beab0aa3318b@group-5454E332233E-SegmentedRaftLogWorker for RaftStorageImpl:Storage Directory /home/runner/work/ozone/ozone/hadoop-ozone/integration-test/target/test-dir/MiniOzoneClusterImpl-5cf50c17-c591-473f-a8c4-88d8665d28d7/ozone-meta/datanode-3/ratis/7103c8d5-578f-4288-8714-5454e332233e
2025-04-23 15:44:42,352 [1d13aa12-f904-4b76-b74f-beab0aa3318b-groupManagement] INFO  server.RaftServerConfigKeys (ConfUtils.java:logGet(46)) - raft.server.log.queue.byte-limit = 4294967296 (custom)
2025-04-23 15:44:42,352 [1d13aa12-f904-4b76-b74f-beab0aa3318b-groupManagement] INFO  server.RaftServerConfigKeys (ConfUtils.java:logGet(46)) - raft.server.log.queue.element-limit = 1024 (custom)
2025-04-23 15:44:42,352 [1d13aa12-f904-4b76-b74f-beab0aa3318b-groupManagement] INFO  server.RaftServerConfigKeys (ConfUtils.java:logGet(46)) - raft.server.log.segment.size.max = 67108864 (custom)
2025-04-23 15:44:42,352 [1d13aa12-f904-4b76-b74f-beab0aa3318b-groupManagement] INFO  server.RaftServerConfigKeys (ConfUtils.java:logGet(46)) - raft.server.log.preallocated.size = 4194304 (custom)
2025-04-23 15:44:42,352 [1d13aa12-f904-4b76-b74f-beab0aa3318b-groupManagement] INFO  server.RaftServerConfigKeys (ConfUtils.java:logGet(46)) - raft.server.log.force.sync.num = 128 (default)
2025-04-23 15:44:42,352 [1d13aa12-f904-4b76-b74f-beab0aa3318b-groupManagement] INFO  server.RaftServerConfigKeys (ConfUtils.java:logGet(46)) - raft.server.log.statemachine.data.sync = true (default)
2025-04-23 15:44:42,352 [1d13aa12-f904-4b76-b74f-beab0aa3318b-groupManagement] INFO  server.RaftServerConfigKeys (ConfUtils.java:logGet(46)) - raft.server.log.statemachine.data.sync.timeout = 10s (default)
2025-04-23 15:44:42,352 [1d13aa12-f904-4b76-b74f-beab0aa3318b-groupManagement] INFO  server.RaftServerConfigKeys (ConfUtils.java:logGet(46)) - raft.server.log.statemachine.data.sync.timeout.retry = 30 (custom)
2025-04-23 15:44:42,353 [1d13aa12-f904-4b76-b74f-beab0aa3318b-groupManagement] INFO  server.RaftServerConfigKeys (ConfUtils.java:logGet(46)) - raft.server.log.write.buffer.size = 33554440 (custom)
2025-04-23 15:44:42,356 [debc8cb4-4a2d-469c-9d41-f06aedad3f91@group-88D8665D28D7-StateMachineUpdater] INFO  safemode.HealthyPipelineSafeModeRule (HealthyPipelineSafeModeRule.java:initializeRule(174)) - Refreshed total pipeline count is 0, healthy pipeline threshold count is 1
2025-04-23 15:44:42,357 [EventQueue-PipelineReportForPipelineReportHandler] INFO  pipeline.PipelineReportHandler (PipelineReportHandler.java:processPipelineReport(134)) - Opened pipeline PipelineID=7103c8d5-578f-4288-8714-5454e332233e
2025-04-23 15:44:42,357 [EventQueue-OpenPipelineForHealthyPipelineSafeModeRule] INFO  safemode.SCMSafeModeManager (HealthyPipelineSafeModeRule.java:process(141)) - SCM in safe mode. Healthy pipelines reported count is 0, required healthy pipeline reported count is 1
2025-04-23 15:44:42,359 [1d13aa12-f904-4b76-b74f-beab0aa3318b-groupManagement] INFO  server.RaftServerConfigKeys (ConfUtils.java:logGet(46)) - raft.server.log.appender.buffer.byte-limit = 33554432 (custom)
2025-04-23 15:44:42,359 [1d13aa12-f904-4b76-b74f-beab0aa3318b-groupManagement] INFO  server.RaftServerConfigKeys (ConfUtils.java:logGet(46)) - raft.server.log.unsafe-flush.enabled = false (default)
2025-04-23 15:44:42,359 [1d13aa12-f904-4b76-b74f-beab0aa3318b-groupManagement] INFO  server.RaftServerConfigKeys (ConfUtils.java:logGet(46)) - raft.server.log.async-flush.enabled = false (default)
2025-04-23 15:44:42,359 [1d13aa12-f904-4b76-b74f-beab0aa3318b-groupManagement] INFO  server.RaftServerConfigKeys (ConfUtils.java:logGet(46)) - raft.server.log.statemachine.data.caching.enabled = true (custom)
2025-04-23 15:44:42,360 [1d13aa12-f904-4b76-b74f-beab0aa3318b-groupManagement] INFO  segmented.SegmentedRaftLogWorker (SegmentedRaftLogWorker.java:lambda$new$0(139)) - 1d13aa12-f904-4b76-b74f-beab0aa3318b@group-5454E332233E-SegmentedRaftLogWorker: flushIndex: setUnconditionally 0 -> -1
2025-04-23 15:44:42,360 [1d13aa12-f904-4b76-b74f-beab0aa3318b-groupManagement] INFO  segmented.SegmentedRaftLogWorker (SegmentedRaftLogWorker.java:lambda$new$0(139)) - 1d13aa12-f904-4b76-b74f-beab0aa3318b@group-5454E332233E-SegmentedRaftLogWorker: safeCacheEvictIndex: setUnconditionally 0 -> -1
2025-04-23 15:44:42,360 [1d13aa12-f904-4b76-b74f-beab0aa3318b-groupManagement] INFO  server.RaftServer$Division (RaftServerImpl.java:start(391)) - 1d13aa12-f904-4b76-b74f-beab0aa3318b@group-5454E332233E: start as a follower, conf=conf: {index: -1, cur=peers:[1d13aa12-f904-4b76-b74f-beab0aa3318b|127.0.0.1:15039]|listeners:[], old=null}
2025-04-23 15:44:42,360 [1d13aa12-f904-4b76-b74f-beab0aa3318b-groupManagement] INFO  server.RaftServer$Division (RaftServerImpl.java:setRole(378)) - 1d13aa12-f904-4b76-b74f-beab0aa3318b@group-5454E332233E: changes role from      null to FOLLOWER at term 0 for startAsFollower
2025-04-23 15:44:42,360 [1d13aa12-f904-4b76-b74f-beab0aa3318b-groupManagement] INFO  impl.RoleInfo (RoleInfo.java:updateAndGet(148)) - 1d13aa12-f904-4b76-b74f-beab0aa3318b: start 1d13aa12-f904-4b76-b74f-beab0aa3318b@group-5454E332233E-FollowerState
2025-04-23 15:44:42,361 [1d13aa12-f904-4b76-b74f-beab0aa3318b@group-5454E332233E-FollowerState] INFO  server.RaftServerConfigKeys (ConfUtils.java:logGet(46)) - raft.server.rpc.first-election.timeout.min = 1000ms (custom)
2025-04-23 15:44:42,361 [1d13aa12-f904-4b76-b74f-beab0aa3318b@group-5454E332233E-FollowerState] INFO  server.RaftServerConfigKeys (ConfUtils.java:logGet(46)) - raft.server.rpc.first-election.timeout.max = 1200ms (custom)
2025-04-23 15:44:42,361 [1d13aa12-f904-4b76-b74f-beab0aa3318b-groupManagement] INFO  util.JmxRegister (JmxRegister.java:tryRegister(44)) - Successfully registered JMX Bean with object name Ratis:service=RaftServer,group=group-5454E332233E,id=1d13aa12-f904-4b76-b74f-beab0aa3318b
2025-04-23 15:44:42,361 [1d13aa12-f904-4b76-b74f-beab0aa3318b-groupManagement] INFO  util.JmxRegister (JmxRegister.java:register(58)) - register mxBean class org.apache.ratis.server.impl.RaftServerJmxAdapter as Ratis:service=RaftServer,group=group-5454E332233E,id=1d13aa12-f904-4b76-b74f-beab0aa3318b
2025-04-23 15:44:42,361 [1d13aa12-f904-4b76-b74f-beab0aa3318b-groupManagement] INFO  server.RaftServerConfigKeys (ConfUtils.java:logGet(46)) - raft.server.snapshot.trigger-when-stop.enabled = true (default)
2025-04-23 15:44:42,361 [1d13aa12-f904-4b76-b74f-beab0aa3318b-groupManagement] INFO  server.RaftServerConfigKeys (ConfUtils.java:logGet(46)) - raft.server.snapshot.trigger-when-remove.enabled = true (default)
2025-04-23 15:44:42,361 [1d13aa12-f904-4b76-b74f-beab0aa3318b-groupManagement] INFO  server.RaftServerConfigKeys (ConfUtils.java:logGet(46)) - raft.server.snapshot.auto.trigger.enabled = true (custom)
2025-04-23 15:44:42,361 [1d13aa12-f904-4b76-b74f-beab0aa3318b-groupManagement] INFO  server.RaftServerConfigKeys (ConfUtils.java:logGet(46)) - raft.server.snapshot.auto.trigger.threshold = 100000 (custom)
2025-04-23 15:44:42,362 [1d13aa12-f904-4b76-b74f-beab0aa3318b-groupManagement] INFO  server.RaftServerConfigKeys (ConfUtils.java:logGet(46)) - raft.server.snapshot.retention.file.num = 5 (custom)
2025-04-23 15:44:42,362 [1d13aa12-f904-4b76-b74f-beab0aa3318b-groupManagement] INFO  server.RaftServerConfigKeys (ConfUtils.java:logGet(46)) - raft.server.log.purge.upto.snapshot.index = false (default)
2025-04-23 15:44:42,363 [1d13aa12-f904-4b76-b74f-beab0aa3318b-groupManagement] INFO  server.RaftServer$Division (RaftServerImpl.java:start(405)) - 1d13aa12-f904-4b76-b74f-beab0aa3318b@group-5454E332233E: Successfully started.
2025-04-23 15:44:42,363 [1d13aa12-f904-4b76-b74f-beab0aa3318b-PipelineCommandHandlerThread-0] INFO  ratis.XceiverServerRatis (XceiverServerRatis.java:addGroup(842)) - Created group PipelineID=7103c8d5-578f-4288-8714-5454e332233e
2025-04-23 15:44:42,363 [1d13aa12-f904-4b76-b74f-beab0aa3318b-PipelineCommandHandlerThread-0] INFO  commandhandler.CreatePipelineCommandHandler (CreatePipelineCommandHandler.java:lambda$handle$2(128)) - Created Pipeline RATIS ONE PipelineID=7103c8d5-578f-4288-8714-5454e332233e.
2025-04-23 15:44:42,640 [timer1] WARN  server.GrpcLogAppender (LogUtils.java:warn(121)) - omNode-1@group-523986131536->omNode-3-AppendLogResponseHandler: Failed appendEntries (Repeated 6 times in the last 5.008s): org.apache.ratis.thirdparty.io.grpc.StatusRuntimeException: UNAVAILABLE: io exception
2025-04-23 15:44:42,665 [timer5] WARN  server.GrpcLogAppender (GrpcLogAppender.java:lambda$resetClient$1(221)) - omNode-1@group-523986131536->omNode-3-GrpcLogAppender: Follower failed (request=null, errorCount=2); keep nextIndex (0) unchanged and retry. (Repeated 2 times in the last 5.007s)
2025-04-23 15:44:42,671 [timer7] WARN  server.GrpcLogAppender (GrpcLogAppender.java:lambda$resetClient$1(221)) - omNode-1@group-523986131536->omNode-3-GrpcLogAppender: Follower failed (request=null, errorCount=6); keep nextIndex (1) unchanged and retry. (Repeated 4 times in the last 5.006s)
2025-04-23 15:44:42,842 [main] INFO  ozone.MiniOzoneClusterImpl (MiniOzoneClusterImpl.java:lambda$waitForClusterToBeReady$0(190)) - Nodes are ready. Got 3 of 3 DN Heartbeats.
2025-04-23 15:44:42,842 [main] INFO  ozone.MiniOzoneClusterImpl (MiniOzoneClusterImpl.java:lambda$waitForClusterToBeReady$0(193)) - Waiting for cluster to exit safe mode
2025-04-23 15:44:42,842 [main] INFO  ozone.MiniOzoneClusterImpl (MiniOzoneClusterImpl.java:lambda$waitForClusterToBeReady$0(195)) - SCM became leader
2025-04-23 15:44:42,971 [bea46156-cfa9-40b4-9197-d8d351f5fc2c@group-BC06D3ED378B-FollowerState] INFO  impl.FollowerState (FollowerState.java:runImpl(161)) - bea46156-cfa9-40b4-9197-d8d351f5fc2c@group-BC06D3ED378B-FollowerState: change to CANDIDATE, lastRpcElapsedTime:1042067820ns, electionTimeout:1041ms
2025-04-23 15:44:42,971 [bea46156-cfa9-40b4-9197-d8d351f5fc2c@group-BC06D3ED378B-FollowerState] INFO  impl.RoleInfo (RoleInfo.java:shutdownFollowerState(121)) - bea46156-cfa9-40b4-9197-d8d351f5fc2c: shutdown bea46156-cfa9-40b4-9197-d8d351f5fc2c@group-BC06D3ED378B-FollowerState
2025-04-23 15:44:42,971 [bea46156-cfa9-40b4-9197-d8d351f5fc2c@group-BC06D3ED378B-FollowerState] INFO  server.RaftServer$Division (RaftServerImpl.java:setRole(378)) - bea46156-cfa9-40b4-9197-d8d351f5fc2c@group-BC06D3ED378B: changes role from  FOLLOWER to CANDIDATE at term 0 for changeToCandidate
2025-04-23 15:44:42,971 [bea46156-cfa9-40b4-9197-d8d351f5fc2c@group-BC06D3ED378B-FollowerState] INFO  server.RaftServerConfigKeys (ConfUtils.java:logGet(46)) - raft.server.leaderelection.pre-vote = true (default)
2025-04-23 15:44:42,972 [bea46156-cfa9-40b4-9197-d8d351f5fc2c@group-BC06D3ED378B-FollowerState] INFO  impl.RoleInfo (RoleInfo.java:updateAndGet(148)) - bea46156-cfa9-40b4-9197-d8d351f5fc2c: start bea46156-cfa9-40b4-9197-d8d351f5fc2c@group-BC06D3ED378B-LeaderElection4
2025-04-23 15:44:42,972 [bea46156-cfa9-40b4-9197-d8d351f5fc2c@group-BC06D3ED378B-LeaderElection4] INFO  impl.LeaderElection (LeaderElection.java:askForVotes(332)) - bea46156-cfa9-40b4-9197-d8d351f5fc2c@group-BC06D3ED378B-LeaderElection4 PRE_VOTE round 0: submit vote requests at term 0 for conf: {index: -1, cur=peers:[bea46156-cfa9-40b4-9197-d8d351f5fc2c|127.0.0.1:15023]|listeners:[], old=null}
2025-04-23 15:44:42,972 [bea46156-cfa9-40b4-9197-d8d351f5fc2c@group-BC06D3ED378B-LeaderElection4] INFO  impl.LeaderElection (LeaderElection.java:askForVotes(334)) - bea46156-cfa9-40b4-9197-d8d351f5fc2c@group-BC06D3ED378B-LeaderElection4 PRE_VOTE round 0: result PASSED (term=0)
2025-04-23 15:44:42,974 [bea46156-cfa9-40b4-9197-d8d351f5fc2c@group-BC06D3ED378B-LeaderElection4] INFO  impl.LeaderElection (LeaderElection.java:askForVotes(332)) - bea46156-cfa9-40b4-9197-d8d351f5fc2c@group-BC06D3ED378B-LeaderElection4 ELECTION round 0: submit vote requests at term 1 for conf: {index: -1, cur=peers:[bea46156-cfa9-40b4-9197-d8d351f5fc2c|127.0.0.1:15023]|listeners:[], old=null}
2025-04-23 15:44:42,974 [bea46156-cfa9-40b4-9197-d8d351f5fc2c@group-BC06D3ED378B-LeaderElection4] INFO  impl.LeaderElection (LeaderElection.java:askForVotes(334)) - bea46156-cfa9-40b4-9197-d8d351f5fc2c@group-BC06D3ED378B-LeaderElection4 ELECTION round 0: result PASSED (term=1)
2025-04-23 15:44:42,974 [bea46156-cfa9-40b4-9197-d8d351f5fc2c@group-BC06D3ED378B-LeaderElection4] INFO  impl.RoleInfo (RoleInfo.java:shutdownLeaderElection(141)) - bea46156-cfa9-40b4-9197-d8d351f5fc2c: shutdown bea46156-cfa9-40b4-9197-d8d351f5fc2c@group-BC06D3ED378B-LeaderElection4
2025-04-23 15:44:42,974 [bea46156-cfa9-40b4-9197-d8d351f5fc2c@group-BC06D3ED378B-LeaderElection4] INFO  server.RaftServer$Division (RaftServerImpl.java:setRole(378)) - bea46156-cfa9-40b4-9197-d8d351f5fc2c@group-BC06D3ED378B: changes role from CANDIDATE to LEADER at term 1 for changeToLeader
2025-04-23 15:44:42,974 [bea46156-cfa9-40b4-9197-d8d351f5fc2c@group-BC06D3ED378B-LeaderElection4] INFO  server.RaftServerConfigKeys (ConfUtils.java:logGet(46)) - raft.server.staging.catchup.gap = 1000 (default)
2025-04-23 15:44:42,974 [bea46156-cfa9-40b4-9197-d8d351f5fc2c@group-BC06D3ED378B-LeaderElection4] INFO  server.RaftServerConfigKeys (ConfUtils.java:logGet(46)) - raft.server.write.element-limit = 1024 (custom)
2025-04-23 15:44:42,974 [bea46156-cfa9-40b4-9197-d8d351f5fc2c@group-BC06D3ED378B-LeaderElection4] INFO  server.RaftServerConfigKeys (ConfUtils.java:logGet(46)) - raft.server.write.byte-limit = 1024 M (=1073741824) (custom)
2025-04-23 15:44:42,975 [bea46156-cfa9-40b4-9197-d8d351f5fc2c@group-BC06D3ED378B-LeaderElection4] INFO  server.RaftServerConfigKeys (ConfUtils.java:logGet(46)) - raft.server.watch.timeout = 30s (custom)
2025-04-23 15:44:42,975 [bea46156-cfa9-40b4-9197-d8d351f5fc2c@group-BC06D3ED378B-LeaderElection4] INFO  server.RaftServerConfigKeys (ConfUtils.java:logGet(46)) - raft.server.watch.timeout.denomination = 1s (default)
2025-04-23 15:44:42,975 [bea46156-cfa9-40b4-9197-d8d351f5fc2c@group-BC06D3ED378B-LeaderElection4] INFO  server.RaftServerConfigKeys (ConfUtils.java:logGet(46)) - raft.server.watch.element-limit = 65536 (default)
2025-04-23 15:44:42,976 [bea46156-cfa9-40b4-9197-d8d351f5fc2c@group-BC06D3ED378B-LeaderElection4] INFO  server.RaftServerConfigKeys (ConfUtils.java:logGet(46)) - raft.server.read.leader.lease.enabled = false (default)
2025-04-23 15:44:42,976 [bea46156-cfa9-40b4-9197-d8d351f5fc2c@group-BC06D3ED378B-LeaderElection4] INFO  server.RaftServerConfigKeys (ConfUtils.java:logGet(46)) - raft.server.read.leader.lease.timeout.ratio = 0.9 (default)
2025-04-23 15:44:42,976 [bea46156-cfa9-40b4-9197-d8d351f5fc2c@group-BC06D3ED378B-LeaderElection4] INFO  server.RaftServerConfigKeys (ConfUtils.java:logGet(46)) - raft.server.rpc.timeout.min = 5s (custom)
2025-04-23 15:44:42,976 [bea46156-cfa9-40b4-9197-d8d351f5fc2c@group-BC06D3ED378B-LeaderElection4] INFO  server.RaftServerConfigKeys (ConfUtils.java:logGet(46)) - raft.server.log.log-metadata.enabled = true (default)
2025-04-23 15:44:42,976 [bea46156-cfa9-40b4-9197-d8d351f5fc2c@group-BC06D3ED378B-LeaderElection4] INFO  server.RaftServerConfigKeys (ConfUtils.java:logGet(46)) - raft.server.write.element-limit = 1024 (custom)
2025-04-23 15:44:42,976 [bea46156-cfa9-40b4-9197-d8d351f5fc2c@group-BC06D3ED378B-LeaderElection4] INFO  server.RaftServerConfigKeys (ConfUtils.java:logGet(46)) - raft.server.write.follower.gap.ratio.max = -1.0 (default)
2025-04-23 15:44:42,976 [bea46156-cfa9-40b4-9197-d8d351f5fc2c@group-BC06D3ED378B-LeaderElection4] INFO  impl.RoleInfo (RoleInfo.java:updateAndGet(148)) - bea46156-cfa9-40b4-9197-d8d351f5fc2c: start bea46156-cfa9-40b4-9197-d8d351f5fc2c@group-BC06D3ED378B-LeaderStateImpl
2025-04-23 15:44:42,976 [bea46156-cfa9-40b4-9197-d8d351f5fc2c@group-BC06D3ED378B-LeaderElection4] INFO  server.RaftServer$Division (RaftServerImpl.java:setFirstElection(562)) - bea46156-cfa9-40b4-9197-d8d351f5fc2c@group-BC06D3ED378B: set firstElectionSinceStartup to false for becomeLeader
2025-04-23 15:44:42,976 [bea46156-cfa9-40b4-9197-d8d351f5fc2c@group-BC06D3ED378B-LeaderElection4] INFO  ratis.XceiverServerRatis (XceiverServerRatis.java:handleLeaderChangedNotification(942)) - Leader change notification received for group: group-BC06D3ED378B with new leaderId: bea46156-cfa9-40b4-9197-d8d351f5fc2c
2025-04-23 15:44:42,977 [bea46156-cfa9-40b4-9197-d8d351f5fc2c@group-BC06D3ED378B-LeaderElection4] INFO  server.RaftServer$Division (ServerState.java:setLeader(272)) - bea46156-cfa9-40b4-9197-d8d351f5fc2c@group-BC06D3ED378B: change Leader from null to bea46156-cfa9-40b4-9197-d8d351f5fc2c at term 1 for becomeLeader, leader elected after 1075ms
2025-04-23 15:44:42,978 [bea46156-cfa9-40b4-9197-d8d351f5fc2c@group-BC06D3ED378B-LeaderElection4] INFO  segmented.SegmentedRaftLogWorker (SegmentedRaftLogWorker.java:startLogSegment(438)) - bea46156-cfa9-40b4-9197-d8d351f5fc2c@group-BC06D3ED378B-SegmentedRaftLogWorker: Starting segment from index:0
2025-04-23 15:44:42,978 [bea46156-cfa9-40b4-9197-d8d351f5fc2c@group-BC06D3ED378B-LeaderElection4] INFO  server.RaftServer$Division (ServerState.java:setRaftConf(386)) - bea46156-cfa9-40b4-9197-d8d351f5fc2c@group-BC06D3ED378B: set configuration conf: {index: 0, cur=peers:[bea46156-cfa9-40b4-9197-d8d351f5fc2c|127.0.0.1:15023]|listeners:[], old=null}
2025-04-23 15:44:42,979 [bea46156-cfa9-40b4-9197-d8d351f5fc2c@group-BC06D3ED378B-SegmentedRaftLogWorker] INFO  segmented.BufferedWriteChannel (BufferedWriteChannel.java:open(61)) - open log_inprogress_0 at position 0
2025-04-23 15:44:42,979 [EventQueue-OpenPipelineForHealthyPipelineSafeModeRule] INFO  safemode.SCMSafeModeManager (HealthyPipelineSafeModeRule.java:process(141)) - SCM in safe mode. Healthy pipelines reported count is 0, required healthy pipeline reported count is 1
2025-04-23 15:44:42,987 [bea46156-cfa9-40b4-9197-d8d351f5fc2c@group-BC06D3ED378B-SegmentedRaftLogWorker] INFO  segmented.SegmentedRaftLogWorker (SegmentedRaftLogWorker.java:execute(644)) - bea46156-cfa9-40b4-9197-d8d351f5fc2c@group-BC06D3ED378B-SegmentedRaftLogWorker: created new log segment /home/runner/work/ozone/ozone/hadoop-ozone/integration-test/target/test-dir/MiniOzoneClusterImpl-5cf50c17-c591-473f-a8c4-88d8665d28d7/ozone-meta/datanode-1/ratis/de1ee7cc-3939-4530-9e15-bc06d3ed378b/current/log_inprogress_0
2025-04-23 15:44:42,990 [bea46156-cfa9-40b4-9197-d8d351f5fc2c@group-BC06D3ED378B-StateMachineUpdater] INFO  server.RaftServer$Division (LeaderStateImpl.java:checkStartIndex(313)) - Leader bea46156-cfa9-40b4-9197-d8d351f5fc2c@group-BC06D3ED378B-LeaderStateImpl is ready since appliedIndex == startIndex == 0
2025-04-23 15:44:43,021 [bea46156-cfa9-40b4-9197-d8d351f5fc2c@group-F552D2BA9679-FollowerState] INFO  impl.FollowerState (FollowerState.java:runImpl(161)) - bea46156-cfa9-40b4-9197-d8d351f5fc2c@group-F552D2BA9679-FollowerState: change to CANDIDATE, lastRpcElapsedTime:1060673434ns, electionTimeout:1060ms
2025-04-23 15:44:43,021 [bea46156-cfa9-40b4-9197-d8d351f5fc2c@group-F552D2BA9679-FollowerState] INFO  impl.RoleInfo (RoleInfo.java:shutdownFollowerState(121)) - bea46156-cfa9-40b4-9197-d8d351f5fc2c: shutdown bea46156-cfa9-40b4-9197-d8d351f5fc2c@group-F552D2BA9679-FollowerState
2025-04-23 15:44:43,021 [bea46156-cfa9-40b4-9197-d8d351f5fc2c@group-F552D2BA9679-FollowerState] INFO  server.RaftServer$Division (RaftServerImpl.java:setRole(378)) - bea46156-cfa9-40b4-9197-d8d351f5fc2c@group-F552D2BA9679: changes role from  FOLLOWER to CANDIDATE at term 0 for changeToCandidate
2025-04-23 15:44:43,021 [bea46156-cfa9-40b4-9197-d8d351f5fc2c@group-F552D2BA9679-FollowerState] INFO  server.RaftServerConfigKeys (ConfUtils.java:logGet(46)) - raft.server.leaderelection.pre-vote = true (default)
2025-04-23 15:44:43,021 [bea46156-cfa9-40b4-9197-d8d351f5fc2c@group-F552D2BA9679-FollowerState] INFO  impl.RoleInfo (RoleInfo.java:updateAndGet(148)) - bea46156-cfa9-40b4-9197-d8d351f5fc2c: start bea46156-cfa9-40b4-9197-d8d351f5fc2c@group-F552D2BA9679-LeaderElection5
2025-04-23 15:44:43,022 [bea46156-cfa9-40b4-9197-d8d351f5fc2c@group-F552D2BA9679-LeaderElection5] INFO  impl.LeaderElection (LeaderElection.java:askForVotes(332)) - bea46156-cfa9-40b4-9197-d8d351f5fc2c@group-F552D2BA9679-LeaderElection5 PRE_VOTE round 0: submit vote requests at term 0 for conf: {index: -1, cur=peers:[bea46156-cfa9-40b4-9197-d8d351f5fc2c|127.0.0.1:15023, e48ea510-4cfd-493d-84b4-aa69255fcf6e|127.0.0.1:15031, 1d13aa12-f904-4b76-b74f-beab0aa3318b|127.0.0.1:15039]|listeners:[], old=null}
2025-04-23 15:44:43,022 [bea46156-cfa9-40b4-9197-d8d351f5fc2c@group-F552D2BA9679-LeaderElection5-1] INFO  server.GrpcServerProtocolClient (GrpcServerProtocolClient.java:<init>(65)) - Build channel for e48ea510-4cfd-493d-84b4-aa69255fcf6e|127.0.0.1:15031
2025-04-23 15:44:43,023 [bea46156-cfa9-40b4-9197-d8d351f5fc2c@group-F552D2BA9679-LeaderElection5-2] INFO  server.GrpcServerProtocolClient (GrpcServerProtocolClient.java:<init>(65)) - Build channel for 1d13aa12-f904-4b76-b74f-beab0aa3318b|127.0.0.1:15039
2025-04-23 15:44:43,022 [bea46156-cfa9-40b4-9197-d8d351f5fc2c@group-F552D2BA9679-LeaderElection5] INFO  server.RaftServerConfigKeys (ConfUtils.java:logGet(46)) - raft.server.rpc.first-election.timeout.min = 1000ms (custom)
2025-04-23 15:44:43,023 [bea46156-cfa9-40b4-9197-d8d351f5fc2c@group-F552D2BA9679-LeaderElection5] INFO  server.RaftServerConfigKeys (ConfUtils.java:logGet(46)) - raft.server.rpc.first-election.timeout.max = 1200ms (custom)
2025-04-23 15:44:43,028 [grpc-default-executor-1] INFO  server.RaftServer$Division (RaftServerImpl.java:requestVote(1407)) - 1d13aa12-f904-4b76-b74f-beab0aa3318b@group-F552D2BA9679: receive requestVote(PRE_VOTE, bea46156-cfa9-40b4-9197-d8d351f5fc2c, group-F552D2BA9679, 0, (t:0, i:0))
2025-04-23 15:44:43,028 [grpc-default-executor-1] INFO  impl.VoteContext (VoteContext.java:log(49)) - 1d13aa12-f904-4b76-b74f-beab0aa3318b@group-F552D2BA9679-FOLLOWER: accept PRE_VOTE from bea46156-cfa9-40b4-9197-d8d351f5fc2c: our priority 0 <= candidate's priority 1
2025-04-23 15:44:43,028 [grpc-default-executor-2] INFO  server.RaftServer$Division (RaftServerImpl.java:requestVote(1407)) - e48ea510-4cfd-493d-84b4-aa69255fcf6e@group-F552D2BA9679: receive requestVote(PRE_VOTE, bea46156-cfa9-40b4-9197-d8d351f5fc2c, group-F552D2BA9679, 0, (t:0, i:0))
2025-04-23 15:44:43,028 [grpc-default-executor-1] INFO  server.RaftServer$Division (RaftServerImpl.java:requestVote(1441)) - 1d13aa12-f904-4b76-b74f-beab0aa3318b@group-F552D2BA9679 replies to PRE_VOTE vote request: bea46156-cfa9-40b4-9197-d8d351f5fc2c<-1d13aa12-f904-4b76-b74f-beab0aa3318b#0:OK-t0. Peer's state: 1d13aa12-f904-4b76-b74f-beab0aa3318b@group-F552D2BA9679:t0, leader=null, voted=, raftlog=Memoized:1d13aa12-f904-4b76-b74f-beab0aa3318b@group-F552D2BA9679-SegmentedRaftLog:OPENED:c-1:lastnull, conf=conf: {index: -1, cur=peers:[bea46156-cfa9-40b4-9197-d8d351f5fc2c|127.0.0.1:15023, e48ea510-4cfd-493d-84b4-aa69255fcf6e|127.0.0.1:15031, 1d13aa12-f904-4b76-b74f-beab0aa3318b|127.0.0.1:15039]|listeners:[], old=null}
2025-04-23 15:44:43,028 [grpc-default-executor-2] INFO  impl.VoteContext (VoteContext.java:log(49)) - e48ea510-4cfd-493d-84b4-aa69255fcf6e@group-F552D2BA9679-FOLLOWER: accept PRE_VOTE from bea46156-cfa9-40b4-9197-d8d351f5fc2c: our priority 0 <= candidate's priority 1
2025-04-23 15:44:43,028 [grpc-default-executor-2] INFO  server.RaftServer$Division (RaftServerImpl.java:requestVote(1441)) - e48ea510-4cfd-493d-84b4-aa69255fcf6e@group-F552D2BA9679 replies to PRE_VOTE vote request: bea46156-cfa9-40b4-9197-d8d351f5fc2c<-e48ea510-4cfd-493d-84b4-aa69255fcf6e#0:OK-t0. Peer's state: e48ea510-4cfd-493d-84b4-aa69255fcf6e@group-F552D2BA9679:t0, leader=null, voted=, raftlog=Memoized:e48ea510-4cfd-493d-84b4-aa69255fcf6e@group-F552D2BA9679-SegmentedRaftLog:OPENED:c-1:lastnull, conf=conf: {index: -1, cur=peers:[bea46156-cfa9-40b4-9197-d8d351f5fc2c|127.0.0.1:15023, e48ea510-4cfd-493d-84b4-aa69255fcf6e|127.0.0.1:15031, 1d13aa12-f904-4b76-b74f-beab0aa3318b|127.0.0.1:15039]|listeners:[], old=null}
2025-04-23 15:44:43,030 [bea46156-cfa9-40b4-9197-d8d351f5fc2c@group-F552D2BA9679-LeaderElection5] INFO  impl.LeaderElection (LeaderElection.java:logAndReturn(90)) - bea46156-cfa9-40b4-9197-d8d351f5fc2c@group-F552D2BA9679-LeaderElection5: PRE_VOTE PASSED received 1 response(s) and 0 exception(s):
2025-04-23 15:44:43,030 [bea46156-cfa9-40b4-9197-d8d351f5fc2c@group-F552D2BA9679-LeaderElection5] INFO  impl.LeaderElection (LeaderElection.java:logAndReturn(94)) -   Response 0: bea46156-cfa9-40b4-9197-d8d351f5fc2c<-1d13aa12-f904-4b76-b74f-beab0aa3318b#0:OK-t0
2025-04-23 15:44:43,030 [bea46156-cfa9-40b4-9197-d8d351f5fc2c@group-F552D2BA9679-LeaderElection5] INFO  impl.LeaderElection (LeaderElection.java:askForVotes(334)) - bea46156-cfa9-40b4-9197-d8d351f5fc2c@group-F552D2BA9679-LeaderElection5 PRE_VOTE round 0: result PASSED
2025-04-23 15:44:43,032 [bea46156-cfa9-40b4-9197-d8d351f5fc2c@group-F552D2BA9679-LeaderElection5] INFO  impl.LeaderElection (LeaderElection.java:askForVotes(332)) - bea46156-cfa9-40b4-9197-d8d351f5fc2c@group-F552D2BA9679-LeaderElection5 ELECTION round 0: submit vote requests at term 1 for conf: {index: -1, cur=peers:[bea46156-cfa9-40b4-9197-d8d351f5fc2c|127.0.0.1:15023, e48ea510-4cfd-493d-84b4-aa69255fcf6e|127.0.0.1:15031, 1d13aa12-f904-4b76-b74f-beab0aa3318b|127.0.0.1:15039]|listeners:[], old=null}
2025-04-23 15:44:43,032 [bea46156-cfa9-40b4-9197-d8d351f5fc2c@group-F552D2BA9679-LeaderElection5] INFO  server.RaftServerConfigKeys (ConfUtils.java:logGet(46)) - raft.server.rpc.first-election.timeout.min = 1000ms (custom)
2025-04-23 15:44:43,032 [bea46156-cfa9-40b4-9197-d8d351f5fc2c@group-F552D2BA9679-LeaderElection5] INFO  server.RaftServerConfigKeys (ConfUtils.java:logGet(46)) - raft.server.rpc.first-election.timeout.max = 1200ms (custom)
2025-04-23 15:44:43,033 [grpc-default-executor-1] INFO  server.RaftServer$Division (RaftServerImpl.java:requestVote(1407)) - e48ea510-4cfd-493d-84b4-aa69255fcf6e@group-F552D2BA9679: receive requestVote(ELECTION, bea46156-cfa9-40b4-9197-d8d351f5fc2c, group-F552D2BA9679, 1, (t:0, i:0))
2025-04-23 15:44:43,033 [grpc-default-executor-2] INFO  server.RaftServer$Division (RaftServerImpl.java:requestVote(1407)) - 1d13aa12-f904-4b76-b74f-beab0aa3318b@group-F552D2BA9679: receive requestVote(ELECTION, bea46156-cfa9-40b4-9197-d8d351f5fc2c, group-F552D2BA9679, 1, (t:0, i:0))
2025-04-23 15:44:43,033 [grpc-default-executor-1] INFO  impl.VoteContext (VoteContext.java:log(49)) - e48ea510-4cfd-493d-84b4-aa69255fcf6e@group-F552D2BA9679-FOLLOWER: accept ELECTION from bea46156-cfa9-40b4-9197-d8d351f5fc2c: our priority 0 <= candidate's priority 1
2025-04-23 15:44:43,033 [grpc-default-executor-2] INFO  impl.VoteContext (VoteContext.java:log(49)) - 1d13aa12-f904-4b76-b74f-beab0aa3318b@group-F552D2BA9679-FOLLOWER: accept ELECTION from bea46156-cfa9-40b4-9197-d8d351f5fc2c: our priority 0 <= candidate's priority 1
2025-04-23 15:44:43,034 [grpc-default-executor-1] INFO  server.RaftServer$Division (RaftServerImpl.java:setRole(378)) - e48ea510-4cfd-493d-84b4-aa69255fcf6e@group-F552D2BA9679: changes role from  FOLLOWER to FOLLOWER at term 0 for candidate:bea46156-cfa9-40b4-9197-d8d351f5fc2c
2025-04-23 15:44:43,034 [grpc-default-executor-1] INFO  impl.RoleInfo (RoleInfo.java:shutdownFollowerState(121)) - e48ea510-4cfd-493d-84b4-aa69255fcf6e: shutdown e48ea510-4cfd-493d-84b4-aa69255fcf6e@group-F552D2BA9679-FollowerState
2025-04-23 15:44:43,034 [grpc-default-executor-2] INFO  server.RaftServer$Division (RaftServerImpl.java:setRole(378)) - 1d13aa12-f904-4b76-b74f-beab0aa3318b@group-F552D2BA9679: changes role from  FOLLOWER to FOLLOWER at term 0 for candidate:bea46156-cfa9-40b4-9197-d8d351f5fc2c
2025-04-23 15:44:43,034 [grpc-default-executor-2] INFO  impl.RoleInfo (RoleInfo.java:shutdownFollowerState(121)) - 1d13aa12-f904-4b76-b74f-beab0aa3318b: shutdown 1d13aa12-f904-4b76-b74f-beab0aa3318b@group-F552D2BA9679-FollowerState
2025-04-23 15:44:43,034 [grpc-default-executor-1] INFO  impl.RoleInfo (RoleInfo.java:updateAndGet(148)) - e48ea510-4cfd-493d-84b4-aa69255fcf6e: start e48ea510-4cfd-493d-84b4-aa69255fcf6e@group-F552D2BA9679-FollowerState
2025-04-23 15:44:43,034 [1d13aa12-f904-4b76-b74f-beab0aa3318b@group-F552D2BA9679-FollowerState] INFO  impl.FollowerState (FollowerState.java:runImpl(170)) - 1d13aa12-f904-4b76-b74f-beab0aa3318b@group-F552D2BA9679-FollowerState was interrupted
2025-04-23 15:44:43,034 [grpc-default-executor-2] INFO  impl.RoleInfo (RoleInfo.java:updateAndGet(148)) - 1d13aa12-f904-4b76-b74f-beab0aa3318b: start 1d13aa12-f904-4b76-b74f-beab0aa3318b@group-F552D2BA9679-FollowerState
2025-04-23 15:44:43,034 [e48ea510-4cfd-493d-84b4-aa69255fcf6e@group-F552D2BA9679-FollowerState] INFO  impl.FollowerState (FollowerState.java:runImpl(170)) - e48ea510-4cfd-493d-84b4-aa69255fcf6e@group-F552D2BA9679-FollowerState was interrupted
2025-04-23 15:44:43,034 [grpc-default-executor-1] INFO  server.RaftServer$Division (RaftServerImpl.java:setFirstElection(562)) - e48ea510-4cfd-493d-84b4-aa69255fcf6e@group-F552D2BA9679: set firstElectionSinceStartup to false for candidate:bea46156-cfa9-40b4-9197-d8d351f5fc2c
2025-04-23 15:44:43,035 [grpc-default-executor-2] INFO  server.RaftServer$Division (RaftServerImpl.java:setFirstElection(562)) - 1d13aa12-f904-4b76-b74f-beab0aa3318b@group-F552D2BA9679: set firstElectionSinceStartup to false for candidate:bea46156-cfa9-40b4-9197-d8d351f5fc2c
2025-04-23 15:44:43,036 [grpc-default-executor-1] INFO  server.RaftServer$Division (RaftServerImpl.java:requestVote(1441)) - e48ea510-4cfd-493d-84b4-aa69255fcf6e@group-F552D2BA9679 replies to ELECTION vote request: bea46156-cfa9-40b4-9197-d8d351f5fc2c<-e48ea510-4cfd-493d-84b4-aa69255fcf6e#0:OK-t1. Peer's state: e48ea510-4cfd-493d-84b4-aa69255fcf6e@group-F552D2BA9679:t1, leader=null, voted=bea46156-cfa9-40b4-9197-d8d351f5fc2c, raftlog=Memoized:e48ea510-4cfd-493d-84b4-aa69255fcf6e@group-F552D2BA9679-SegmentedRaftLog:OPENED:c-1:lastnull, conf=conf: {index: -1, cur=peers:[bea46156-cfa9-40b4-9197-d8d351f5fc2c|127.0.0.1:15023, e48ea510-4cfd-493d-84b4-aa69255fcf6e|127.0.0.1:15031, 1d13aa12-f904-4b76-b74f-beab0aa3318b|127.0.0.1:15039]|listeners:[], old=null}
2025-04-23 15:44:43,036 [grpc-default-executor-2] INFO  server.RaftServer$Division (RaftServerImpl.java:requestVote(1441)) - 1d13aa12-f904-4b76-b74f-beab0aa3318b@group-F552D2BA9679 replies to ELECTION vote request: bea46156-cfa9-40b4-9197-d8d351f5fc2c<-1d13aa12-f904-4b76-b74f-beab0aa3318b#0:OK-t1. Peer's state: 1d13aa12-f904-4b76-b74f-beab0aa3318b@group-F552D2BA9679:t1, leader=null, voted=bea46156-cfa9-40b4-9197-d8d351f5fc2c, raftlog=Memoized:1d13aa12-f904-4b76-b74f-beab0aa3318b@group-F552D2BA9679-SegmentedRaftLog:OPENED:c-1:lastnull, conf=conf: {index: -1, cur=peers:[bea46156-cfa9-40b4-9197-d8d351f5fc2c|127.0.0.1:15023, e48ea510-4cfd-493d-84b4-aa69255fcf6e|127.0.0.1:15031, 1d13aa12-f904-4b76-b74f-beab0aa3318b|127.0.0.1:15039]|listeners:[], old=null}
2025-04-23 15:44:43,037 [bea46156-cfa9-40b4-9197-d8d351f5fc2c@group-F552D2BA9679-LeaderElection5] INFO  impl.LeaderElection (LeaderElection.java:logAndReturn(90)) - bea46156-cfa9-40b4-9197-d8d351f5fc2c@group-F552D2BA9679-LeaderElection5: ELECTION PASSED received 1 response(s) and 0 exception(s):
2025-04-23 15:44:43,037 [bea46156-cfa9-40b4-9197-d8d351f5fc2c@group-F552D2BA9679-LeaderElection5] INFO  impl.LeaderElection (LeaderElection.java:logAndReturn(94)) -   Response 0: bea46156-cfa9-40b4-9197-d8d351f5fc2c<-e48ea510-4cfd-493d-84b4-aa69255fcf6e#0:OK-t1
2025-04-23 15:44:43,037 [bea46156-cfa9-40b4-9197-d8d351f5fc2c@group-F552D2BA9679-LeaderElection5] INFO  impl.LeaderElection (LeaderElection.java:askForVotes(334)) - bea46156-cfa9-40b4-9197-d8d351f5fc2c@group-F552D2BA9679-LeaderElection5 ELECTION round 0: result PASSED
2025-04-23 15:44:43,037 [bea46156-cfa9-40b4-9197-d8d351f5fc2c@group-F552D2BA9679-LeaderElection5] INFO  impl.RoleInfo (RoleInfo.java:shutdownLeaderElection(141)) - bea46156-cfa9-40b4-9197-d8d351f5fc2c: shutdown bea46156-cfa9-40b4-9197-d8d351f5fc2c@group-F552D2BA9679-LeaderElection5
2025-04-23 15:44:43,038 [bea46156-cfa9-40b4-9197-d8d351f5fc2c@group-F552D2BA9679-LeaderElection5] INFO  server.RaftServer$Division (RaftServerImpl.java:setRole(378)) - bea46156-cfa9-40b4-9197-d8d351f5fc2c@group-F552D2BA9679: changes role from CANDIDATE to LEADER at term 1 for changeToLeader
2025-04-23 15:44:43,038 [bea46156-cfa9-40b4-9197-d8d351f5fc2c@group-F552D2BA9679-LeaderElection5] INFO  server.RaftServerConfigKeys (ConfUtils.java:logGet(46)) - raft.server.staging.catchup.gap = 1000 (default)
2025-04-23 15:44:43,038 [bea46156-cfa9-40b4-9197-d8d351f5fc2c@group-F552D2BA9679-LeaderElection5] INFO  server.RaftServerConfigKeys (ConfUtils.java:logGet(46)) - raft.server.write.element-limit = 1024 (custom)
2025-04-23 15:44:43,038 [bea46156-cfa9-40b4-9197-d8d351f5fc2c@group-F552D2BA9679-LeaderElection5] INFO  server.RaftServerConfigKeys (ConfUtils.java:logGet(46)) - raft.server.write.byte-limit = 1024 M (=1073741824) (custom)
2025-04-23 15:44:43,039 [bea46156-cfa9-40b4-9197-d8d351f5fc2c@group-F552D2BA9679-LeaderElection5] INFO  server.RaftServerConfigKeys (ConfUtils.java:logGet(46)) - raft.server.watch.timeout = 30s (custom)
2025-04-23 15:44:43,039 [bea46156-cfa9-40b4-9197-d8d351f5fc2c@group-F552D2BA9679-LeaderElection5] INFO  server.RaftServerConfigKeys (ConfUtils.java:logGet(46)) - raft.server.watch.timeout.denomination = 1s (default)
2025-04-23 15:44:43,039 [bea46156-cfa9-40b4-9197-d8d351f5fc2c@group-F552D2BA9679-LeaderElection5] INFO  server.RaftServerConfigKeys (ConfUtils.java:logGet(46)) - raft.server.watch.element-limit = 65536 (default)
2025-04-23 15:44:43,039 [bea46156-cfa9-40b4-9197-d8d351f5fc2c@group-F552D2BA9679-LeaderElection5] INFO  server.RaftServerConfigKeys (ConfUtils.java:logGet(46)) - raft.server.read.leader.lease.enabled = false (default)
2025-04-23 15:44:43,039 [bea46156-cfa9-40b4-9197-d8d351f5fc2c@group-F552D2BA9679-LeaderElection5] INFO  server.RaftServerConfigKeys (ConfUtils.java:logGet(46)) - raft.server.read.leader.lease.timeout.ratio = 0.9 (default)
2025-04-23 15:44:43,039 [bea46156-cfa9-40b4-9197-d8d351f5fc2c@group-F552D2BA9679-LeaderElection5] INFO  server.RaftServerConfigKeys (ConfUtils.java:logGet(46)) - raft.server.rpc.timeout.min = 5s (custom)
2025-04-23 15:44:43,039 [bea46156-cfa9-40b4-9197-d8d351f5fc2c@group-F552D2BA9679-LeaderElection5] INFO  server.RaftServerConfigKeys (ConfUtils.java:logGet(46)) - raft.server.log.log-metadata.enabled = true (default)
2025-04-23 15:44:43,039 [bea46156-cfa9-40b4-9197-d8d351f5fc2c@group-F552D2BA9679-LeaderElection5] INFO  server.RaftServerConfigKeys (ConfUtils.java:logGet(46)) - raft.server.write.element-limit = 1024 (custom)
2025-04-23 15:44:43,040 [bea46156-cfa9-40b4-9197-d8d351f5fc2c@group-F552D2BA9679-LeaderElection5] INFO  server.RaftServerConfigKeys (ConfUtils.java:logGet(46)) - raft.server.write.follower.gap.ratio.max = -1.0 (default)
2025-04-23 15:44:43,040 [bea46156-cfa9-40b4-9197-d8d351f5fc2c@group-F552D2BA9679-LeaderElection5] INFO  server.RaftServerConfigKeys (ConfUtils.java:logGet(46)) - raft.server.log.appender.snapshot.chunk.size.max = 16MB (=16777216) (default)
2025-04-23 15:44:43,040 [bea46156-cfa9-40b4-9197-d8d351f5fc2c@group-F552D2BA9679-LeaderElection5] INFO  server.RaftServerConfigKeys (ConfUtils.java:logGet(46)) - raft.server.log.appender.buffer.byte-limit = 33554432 (custom)
2025-04-23 15:44:43,040 [bea46156-cfa9-40b4-9197-d8d351f5fc2c@group-F552D2BA9679-LeaderElection5] INFO  server.RaftServerConfigKeys (ConfUtils.java:logGet(46)) - raft.server.log.appender.buffer.element-limit = 1024 (custom)
2025-04-23 15:44:43,041 [bea46156-cfa9-40b4-9197-d8d351f5fc2c@group-F552D2BA9679-LeaderElection5] INFO  server.RaftServerConfigKeys (ConfUtils.java:logGet(46)) - raft.server.log.appender.wait-time.min = 0μs (custom)
2025-04-23 15:44:43,041 [bea46156-cfa9-40b4-9197-d8d351f5fc2c@group-F552D2BA9679-LeaderElection5] INFO  grpc.GrpcConfigKeys (ConfUtils.java:logGet(46)) - raft.grpc.server.leader.outstanding.appends.max = 8 (default)
2025-04-23 15:44:43,041 [bea46156-cfa9-40b4-9197-d8d351f5fc2c@group-F552D2BA9679-LeaderElection5] INFO  server.RaftServerConfigKeys (ConfUtils.java:logGet(46)) - raft.server.rpc.request.timeout = 60s (custom)
2025-04-23 15:44:43,041 [bea46156-cfa9-40b4-9197-d8d351f5fc2c@group-F552D2BA9679-LeaderElection5] INFO  grpc.GrpcConfigKeys (ConfUtils.java:logGet(46)) - raft.grpc.server.install_snapshot.request.element-limit = 8 (default)
2025-04-23 15:44:43,041 [bea46156-cfa9-40b4-9197-d8d351f5fc2c@group-F552D2BA9679-LeaderElection5] INFO  grpc.GrpcConfigKeys (ConfUtils.java:logGet(46)) - raft.grpc.server.install_snapshot.request.timeout = 3000ms (default)
2025-04-23 15:44:43,042 [bea46156-cfa9-40b4-9197-d8d351f5fc2c@group-F552D2BA9679-LeaderElection5] INFO  grpc.GrpcConfigKeys (ConfUtils.java:logGet(46)) - raft.grpc.server.log-message.batch.duration = 5s (default)
2025-04-23 15:44:43,042 [bea46156-cfa9-40b4-9197-d8d351f5fc2c@group-F552D2BA9679-LeaderElection5] INFO  server.RaftServerConfigKeys (ConfUtils.java:logGet(46)) - raft.server.log.appender.install.snapshot.enabled = false (custom)
2025-04-23 15:44:43,042 [bea46156-cfa9-40b4-9197-d8d351f5fc2c@group-F552D2BA9679-LeaderElection5] INFO  grpc.GrpcConfigKeys (ConfUtils.java:logGet(46)) - raft.grpc.server.heartbeat.channel = true (default)
2025-04-23 15:44:43,043 [bea46156-cfa9-40b4-9197-d8d351f5fc2c@group-F552D2BA9679-LeaderElection5] INFO  server.RaftServerConfigKeys (ConfUtils.java:logGet(46)) - raft.server.log.appender.snapshot.chunk.size.max = 16MB (=16777216) (default)
2025-04-23 15:44:43,043 [bea46156-cfa9-40b4-9197-d8d351f5fc2c@group-F552D2BA9679-LeaderElection5] INFO  server.RaftServerConfigKeys (ConfUtils.java:logGet(46)) - raft.server.log.appender.buffer.byte-limit = 33554432 (custom)
2025-04-23 15:44:43,044 [bea46156-cfa9-40b4-9197-d8d351f5fc2c@group-F552D2BA9679-LeaderElection5] INFO  server.RaftServerConfigKeys (ConfUtils.java:logGet(46)) - raft.server.log.appender.buffer.element-limit = 1024 (custom)
2025-04-23 15:44:43,044 [bea46156-cfa9-40b4-9197-d8d351f5fc2c@group-F552D2BA9679-LeaderElection5] INFO  server.RaftServerConfigKeys (ConfUtils.java:logGet(46)) - raft.server.log.appender.wait-time.min = 0μs (custom)
2025-04-23 15:44:43,044 [bea46156-cfa9-40b4-9197-d8d351f5fc2c@group-F552D2BA9679-LeaderElection5] INFO  grpc.GrpcConfigKeys (ConfUtils.java:logGet(46)) - raft.grpc.server.leader.outstanding.appends.max = 8 (default)
2025-04-23 15:44:43,044 [bea46156-cfa9-40b4-9197-d8d351f5fc2c@group-F552D2BA9679-LeaderElection5] INFO  server.RaftServerConfigKeys (ConfUtils.java:logGet(46)) - raft.server.rpc.request.timeout = 60s (custom)
2025-04-23 15:44:43,044 [bea46156-cfa9-40b4-9197-d8d351f5fc2c@group-F552D2BA9679-LeaderElection5] INFO  grpc.GrpcConfigKeys (ConfUtils.java:logGet(46)) - raft.grpc.server.install_snapshot.request.element-limit = 8 (default)
2025-04-23 15:44:43,044 [bea46156-cfa9-40b4-9197-d8d351f5fc2c@group-F552D2BA9679-LeaderElection5] INFO  grpc.GrpcConfigKeys (ConfUtils.java:logGet(46)) - raft.grpc.server.install_snapshot.request.timeout = 3000ms (default)
2025-04-23 15:44:43,044 [bea46156-cfa9-40b4-9197-d8d351f5fc2c@group-F552D2BA9679-LeaderElection5] INFO  grpc.GrpcConfigKeys (ConfUtils.java:logGet(46)) - raft.grpc.server.log-message.batch.duration = 5s (default)
2025-04-23 15:44:43,044 [bea46156-cfa9-40b4-9197-d8d351f5fc2c@group-F552D2BA9679-LeaderElection5] INFO  server.RaftServerConfigKeys (ConfUtils.java:logGet(46)) - raft.server.log.appender.install.snapshot.enabled = false (custom)
2025-04-23 15:44:43,044 [bea46156-cfa9-40b4-9197-d8d351f5fc2c@group-F552D2BA9679-LeaderElection5] INFO  grpc.GrpcConfigKeys (ConfUtils.java:logGet(46)) - raft.grpc.server.heartbeat.channel = true (default)
2025-04-23 15:44:43,045 [bea46156-cfa9-40b4-9197-d8d351f5fc2c@group-F552D2BA9679-LeaderElection5] INFO  impl.RoleInfo (RoleInfo.java:updateAndGet(148)) - bea46156-cfa9-40b4-9197-d8d351f5fc2c: start bea46156-cfa9-40b4-9197-d8d351f5fc2c@group-F552D2BA9679-LeaderStateImpl
2025-04-23 15:44:43,045 [bea46156-cfa9-40b4-9197-d8d351f5fc2c@group-F552D2BA9679-LeaderElection5] INFO  server.RaftServer$Division (RaftServerImpl.java:setFirstElection(562)) - bea46156-cfa9-40b4-9197-d8d351f5fc2c@group-F552D2BA9679: set firstElectionSinceStartup to false for becomeLeader
2025-04-23 15:44:43,045 [bea46156-cfa9-40b4-9197-d8d351f5fc2c@group-F552D2BA9679-LeaderElection5] INFO  ratis.XceiverServerRatis (XceiverServerRatis.java:handleLeaderChangedNotification(942)) - Leader change notification received for group: group-F552D2BA9679 with new leaderId: bea46156-cfa9-40b4-9197-d8d351f5fc2c
2025-04-23 15:44:43,045 [bea46156-cfa9-40b4-9197-d8d351f5fc2c@group-F552D2BA9679-LeaderElection5] INFO  server.RaftServer$Division (ServerState.java:setLeader(272)) - bea46156-cfa9-40b4-9197-d8d351f5fc2c@group-F552D2BA9679: change Leader from null to bea46156-cfa9-40b4-9197-d8d351f5fc2c at term 1 for becomeLeader, leader elected after 1105ms
2025-04-23 15:44:43,045 [bea46156-cfa9-40b4-9197-d8d351f5fc2c@group-F552D2BA9679-LeaderElection5] INFO  segmented.SegmentedRaftLogWorker (SegmentedRaftLogWorker.java:startLogSegment(438)) - bea46156-cfa9-40b4-9197-d8d351f5fc2c@group-F552D2BA9679-SegmentedRaftLogWorker: Starting segment from index:0
2025-04-23 15:44:43,046 [bea46156-cfa9-40b4-9197-d8d351f5fc2c@group-F552D2BA9679-LeaderElection5] INFO  server.RaftServer$Division (ServerState.java:setRaftConf(386)) - bea46156-cfa9-40b4-9197-d8d351f5fc2c@group-F552D2BA9679: set configuration conf: {index: 0, cur=peers:[bea46156-cfa9-40b4-9197-d8d351f5fc2c|127.0.0.1:15023, e48ea510-4cfd-493d-84b4-aa69255fcf6e|127.0.0.1:15031, 1d13aa12-f904-4b76-b74f-beab0aa3318b|127.0.0.1:15039]|listeners:[], old=null}
2025-04-23 15:44:43,048 [bea46156-cfa9-40b4-9197-d8d351f5fc2c@group-F552D2BA9679-SegmentedRaftLogWorker] INFO  segmented.BufferedWriteChannel (BufferedWriteChannel.java:open(61)) - open log_inprogress_0 at position 0
2025-04-23 15:44:43,050 [debc8cb4-4a2d-469c-9d41-f06aedad3f91@group-88D8665D28D7-StateMachineUpdater] INFO  safemode.HealthyPipelineSafeModeRule (HealthyPipelineSafeModeRule.java:initializeRule(174)) - Refreshed total pipeline count is 1, healthy pipeline threshold count is 1
2025-04-23 15:44:43,051 [EventQueue-PipelineReportForPipelineReportHandler] INFO  pipeline.PipelineReportHandler (PipelineReportHandler.java:processPipelineReport(134)) - Opened pipeline PipelineID=24f3cc1f-6c83-4689-8af2-f552d2ba9679
2025-04-23 15:44:43,051 [EventQueue-OpenPipelineForHealthyPipelineSafeModeRule] INFO  safemode.SCMSafeModeManager (HealthyPipelineSafeModeRule.java:process(141)) - SCM in safe mode. Healthy pipelines reported count is 1, required healthy pipeline reported count is 1
2025-04-23 15:44:43,052 [EventQueue-OpenPipelineForHealthyPipelineSafeModeRule] INFO  safemode.SCMSafeModeManager (SCMSafeModeManager.java:validateSafeModeExitRules(186)) - HealthyPipelineSafeModeRule rule is successfully validated
2025-04-23 15:44:43,052 [EventQueue-OpenPipelineForHealthyPipelineSafeModeRule] INFO  safemode.SCMSafeModeManager (SCMSafeModeManager.java:validateSafeModeExitRules(201)) - ScmSafeModeManager, all rules are successfully validated
2025-04-23 15:44:43,052 [EventQueue-OpenPipelineForHealthyPipelineSafeModeRule] INFO  safemode.SCMSafeModeManager (SCMSafeModeManager.java:exitSafeMode(231)) - SCM exiting safe mode.
2025-04-23 15:44:43,052 [EventQueue-OpenPipelineForHealthyPipelineSafeModeRule] INFO  ha.SCMContext (SCMContext.java:updateSafeModeStatus(224)) - Update SafeModeStatus from SafeModeStatus{safeModeStatus=true, preCheckPassed=true} to SafeModeStatus{safeModeStatus=false, preCheckPassed=true}.
2025-04-23 15:44:43,052 [EventQueue-OpenPipelineForHealthyPipelineSafeModeRule] INFO  BackgroundPipelineScrubber (BackgroundSCMService.java:notifyStatusChanged(78)) - Service BackgroundPipelineScrubber transitions to RUNNING.
2025-04-23 15:44:43,052 [EventQueue-OpenPipelineForHealthyPipelineSafeModeRule] INFO  ExpiredContainerReplicaOpScrubber (BackgroundSCMService.java:notifyStatusChanged(78)) - Service ExpiredContainerReplicaOpScrubber transitions to RUNNING.
2025-04-23 15:44:43,052 [EventQueue-OpenPipelineForHealthyPipelineSafeModeRule] INFO  block.SCMBlockDeletingService (SCMBlockDeletingService.java:notifyStatusChanged(250)) - notifyStatusChanged:RUNNING
2025-04-23 15:44:43,052 [EventQueue-OpenPipelineForHealthyPipelineSafeModeRule] INFO  replication.ReplicationManager (ReplicationManager.java:notifyStatusChanged(1386)) - Service ReplicationManager transitions to RUNNING.
2025-04-23 15:44:43,060 [e48ea510-4cfd-493d-84b4-aa69255fcf6e-server-thread1] INFO  ratis.XceiverServerRatis (XceiverServerRatis.java:handleLeaderChangedNotification(942)) - Leader change notification received for group: group-F552D2BA9679 with new leaderId: bea46156-cfa9-40b4-9197-d8d351f5fc2c
2025-04-23 15:44:43,061 [e48ea510-4cfd-493d-84b4-aa69255fcf6e-server-thread1] INFO  server.RaftServer$Division (ServerState.java:setLeader(272)) - e48ea510-4cfd-493d-84b4-aa69255fcf6e@group-F552D2BA9679: change Leader from null to bea46156-cfa9-40b4-9197-d8d351f5fc2c at term 1 for appendEntries, leader elected after 994ms
2025-04-23 15:44:43,062 [EventQueue-OpenPipelineForHealthyPipelineSafeModeRule] WARN  balancer.ContainerBalancer (ContainerBalancer.java:shouldRun(134)) - Could not find persisted configuration for ContainerBalancer when checking if ContainerBalancer should run. ContainerBalancer should not run now.
2025-04-23 15:44:43,062 [EventQueue-OpenPipelineForHealthyPipelineSafeModeRule] INFO  SCMHATransactionMonitor (BackgroundSCMService.java:notifyStatusChanged(78)) - Service SCMHATransactionMonitor transitions to RUNNING.
2025-04-23 15:44:43,064 [e48ea510-4cfd-493d-84b4-aa69255fcf6e-server-thread3] INFO  server.RaftServer$Division (ServerState.java:setRaftConf(386)) - e48ea510-4cfd-493d-84b4-aa69255fcf6e@group-F552D2BA9679: set configuration conf: {index: 0, cur=peers:[bea46156-cfa9-40b4-9197-d8d351f5fc2c|127.0.0.1:15023, e48ea510-4cfd-493d-84b4-aa69255fcf6e|127.0.0.1:15031, 1d13aa12-f904-4b76-b74f-beab0aa3318b|127.0.0.1:15039]|listeners:[], old=null}
2025-04-23 15:44:43,064 [e48ea510-4cfd-493d-84b4-aa69255fcf6e-server-thread3] INFO  segmented.SegmentedRaftLogWorker (SegmentedRaftLogWorker.java:startLogSegment(438)) - e48ea510-4cfd-493d-84b4-aa69255fcf6e@group-F552D2BA9679-SegmentedRaftLogWorker: Starting segment from index:0
2025-04-23 15:44:43,065 [1d13aa12-f904-4b76-b74f-beab0aa3318b-server-thread1] INFO  ratis.XceiverServerRatis (XceiverServerRatis.java:handleLeaderChangedNotification(942)) - Leader change notification received for group: group-F552D2BA9679 with new leaderId: bea46156-cfa9-40b4-9197-d8d351f5fc2c
2025-04-23 15:44:43,065 [1d13aa12-f904-4b76-b74f-beab0aa3318b-server-thread1] INFO  server.RaftServer$Division (ServerState.java:setLeader(272)) - 1d13aa12-f904-4b76-b74f-beab0aa3318b@group-F552D2BA9679: change Leader from null to bea46156-cfa9-40b4-9197-d8d351f5fc2c at term 1 for appendEntries, leader elected after 1056ms
2025-04-23 15:44:43,065 [e48ea510-4cfd-493d-84b4-aa69255fcf6e@group-F552D2BA9679-SegmentedRaftLogWorker] INFO  segmented.BufferedWriteChannel (BufferedWriteChannel.java:open(61)) - open log_inprogress_0 at position 0
2025-04-23 15:44:43,066 [bea46156-cfa9-40b4-9197-d8d351f5fc2c@group-F552D2BA9679-SegmentedRaftLogWorker] INFO  segmented.SegmentedRaftLogWorker (SegmentedRaftLogWorker.java:execute(644)) - bea46156-cfa9-40b4-9197-d8d351f5fc2c@group-F552D2BA9679-SegmentedRaftLogWorker: created new log segment /home/runner/work/ozone/ozone/hadoop-ozone/integration-test/target/test-dir/MiniOzoneClusterImpl-5cf50c17-c591-473f-a8c4-88d8665d28d7/ozone-meta/datanode-1/ratis/24f3cc1f-6c83-4689-8af2-f552d2ba9679/current/log_inprogress_0
2025-04-23 15:44:43,068 [1d13aa12-f904-4b76-b74f-beab0aa3318b-server-thread2] INFO  server.RaftServer$Division (ServerState.java:setRaftConf(386)) - 1d13aa12-f904-4b76-b74f-beab0aa3318b@group-F552D2BA9679: set configuration conf: {index: 0, cur=peers:[bea46156-cfa9-40b4-9197-d8d351f5fc2c|127.0.0.1:15023, e48ea510-4cfd-493d-84b4-aa69255fcf6e|127.0.0.1:15031, 1d13aa12-f904-4b76-b74f-beab0aa3318b|127.0.0.1:15039]|listeners:[], old=null}
2025-04-23 15:44:43,070 [1d13aa12-f904-4b76-b74f-beab0aa3318b-server-thread2] INFO  segmented.SegmentedRaftLogWorker (SegmentedRaftLogWorker.java:startLogSegment(438)) - 1d13aa12-f904-4b76-b74f-beab0aa3318b@group-F552D2BA9679-SegmentedRaftLogWorker: Starting segment from index:0
2025-04-23 15:44:43,072 [1d13aa12-f904-4b76-b74f-beab0aa3318b@group-F552D2BA9679-SegmentedRaftLogWorker] INFO  segmented.BufferedWriteChannel (BufferedWriteChannel.java:open(61)) - open log_inprogress_0 at position 0
2025-04-23 15:44:43,079 [e48ea510-4cfd-493d-84b4-aa69255fcf6e@group-F552D2BA9679-SegmentedRaftLogWorker] INFO  segmented.SegmentedRaftLogWorker (SegmentedRaftLogWorker.java:execute(644)) - e48ea510-4cfd-493d-84b4-aa69255fcf6e@group-F552D2BA9679-SegmentedRaftLogWorker: created new log segment /home/runner/work/ozone/ozone/hadoop-ozone/integration-test/target/test-dir/MiniOzoneClusterImpl-5cf50c17-c591-473f-a8c4-88d8665d28d7/ozone-meta/datanode-2/ratis/24f3cc1f-6c83-4689-8af2-f552d2ba9679/current/log_inprogress_0
2025-04-23 15:44:43,082 [1d13aa12-f904-4b76-b74f-beab0aa3318b@group-F552D2BA9679-SegmentedRaftLogWorker] INFO  segmented.SegmentedRaftLogWorker (SegmentedRaftLogWorker.java:execute(644)) - 1d13aa12-f904-4b76-b74f-beab0aa3318b@group-F552D2BA9679-SegmentedRaftLogWorker: created new log segment /home/runner/work/ozone/ozone/hadoop-ozone/integration-test/target/test-dir/MiniOzoneClusterImpl-5cf50c17-c591-473f-a8c4-88d8665d28d7/ozone-meta/datanode-3/ratis/24f3cc1f-6c83-4689-8af2-f552d2ba9679/current/log_inprogress_0
2025-04-23 15:44:43,085 [bea46156-cfa9-40b4-9197-d8d351f5fc2c@group-F552D2BA9679-StateMachineUpdater] INFO  server.RaftServer$Division (LeaderStateImpl.java:checkStartIndex(313)) - Leader bea46156-cfa9-40b4-9197-d8d351f5fc2c@group-F552D2BA9679-LeaderStateImpl is ready since appliedIndex == startIndex == 0
2025-04-23 15:44:43,297 [e48ea510-4cfd-493d-84b4-aa69255fcf6e@group-1AEB597AE35D-FollowerState] INFO  impl.FollowerState (FollowerState.java:runImpl(161)) - e48ea510-4cfd-493d-84b4-aa69255fcf6e@group-1AEB597AE35D-FollowerState: change to CANDIDATE, lastRpcElapsedTime:1110832048ns, electionTimeout:1110ms
2025-04-23 15:44:43,297 [e48ea510-4cfd-493d-84b4-aa69255fcf6e@group-1AEB597AE35D-FollowerState] INFO  impl.RoleInfo (RoleInfo.java:shutdownFollowerState(121)) - e48ea510-4cfd-493d-84b4-aa69255fcf6e: shutdown e48ea510-4cfd-493d-84b4-aa69255fcf6e@group-1AEB597AE35D-FollowerState
2025-04-23 15:44:43,297 [e48ea510-4cfd-493d-84b4-aa69255fcf6e@group-1AEB597AE35D-FollowerState] INFO  server.RaftServer$Division (RaftServerImpl.java:setRole(378)) - e48ea510-4cfd-493d-84b4-aa69255fcf6e@group-1AEB597AE35D: changes role from  FOLLOWER to CANDIDATE at term 0 for changeToCandidate
2025-04-23 15:44:43,297 [e48ea510-4cfd-493d-84b4-aa69255fcf6e@group-1AEB597AE35D-FollowerState] INFO  server.RaftServerConfigKeys (ConfUtils.java:logGet(46)) - raft.server.leaderelection.pre-vote = true (default)
2025-04-23 15:44:43,297 [e48ea510-4cfd-493d-84b4-aa69255fcf6e@group-1AEB597AE35D-FollowerState] INFO  impl.RoleInfo (RoleInfo.java:updateAndGet(148)) - e48ea510-4cfd-493d-84b4-aa69255fcf6e: start e48ea510-4cfd-493d-84b4-aa69255fcf6e@group-1AEB597AE35D-LeaderElection6
2025-04-23 15:44:43,298 [e48ea510-4cfd-493d-84b4-aa69255fcf6e@group-1AEB597AE35D-LeaderElection6] INFO  impl.LeaderElection (LeaderElection.java:askForVotes(332)) - e48ea510-4cfd-493d-84b4-aa69255fcf6e@group-1AEB597AE35D-LeaderElection6 PRE_VOTE round 0: submit vote requests at term 0 for conf: {index: -1, cur=peers:[e48ea510-4cfd-493d-84b4-aa69255fcf6e|127.0.0.1:15031]|listeners:[], old=null}
2025-04-23 15:44:43,298 [e48ea510-4cfd-493d-84b4-aa69255fcf6e@group-1AEB597AE35D-LeaderElection6] INFO  impl.LeaderElection (LeaderElection.java:askForVotes(334)) - e48ea510-4cfd-493d-84b4-aa69255fcf6e@group-1AEB597AE35D-LeaderElection6 PRE_VOTE round 0: result PASSED (term=0)
2025-04-23 15:44:43,299 [e48ea510-4cfd-493d-84b4-aa69255fcf6e@group-1AEB597AE35D-LeaderElection6] INFO  impl.LeaderElection (LeaderElection.java:askForVotes(332)) - e48ea510-4cfd-493d-84b4-aa69255fcf6e@group-1AEB597AE35D-LeaderElection6 ELECTION round 0: submit vote requests at term 1 for conf: {index: -1, cur=peers:[e48ea510-4cfd-493d-84b4-aa69255fcf6e|127.0.0.1:15031]|listeners:[], old=null}
2025-04-23 15:44:43,299 [e48ea510-4cfd-493d-84b4-aa69255fcf6e@group-1AEB597AE35D-LeaderElection6] INFO  impl.LeaderElection (LeaderElection.java:askForVotes(334)) - e48ea510-4cfd-493d-84b4-aa69255fcf6e@group-1AEB597AE35D-LeaderElection6 ELECTION round 0: result PASSED (term=1)
2025-04-23 15:44:43,299 [e48ea510-4cfd-493d-84b4-aa69255fcf6e@group-1AEB597AE35D-LeaderElection6] INFO  impl.RoleInfo (RoleInfo.java:shutdownLeaderElection(141)) - e48ea510-4cfd-493d-84b4-aa69255fcf6e: shutdown e48ea510-4cfd-493d-84b4-aa69255fcf6e@group-1AEB597AE35D-LeaderElection6
2025-04-23 15:44:43,299 [e48ea510-4cfd-493d-84b4-aa69255fcf6e@group-1AEB597AE35D-LeaderElection6] INFO  server.RaftServer$Division (RaftServerImpl.java:setRole(378)) - e48ea510-4cfd-493d-84b4-aa69255fcf6e@group-1AEB597AE35D: changes role from CANDIDATE to LEADER at term 1 for changeToLeader
2025-04-23 15:44:43,300 [e48ea510-4cfd-493d-84b4-aa69255fcf6e@group-1AEB597AE35D-LeaderElection6] INFO  server.RaftServerConfigKeys (ConfUtils.java:logGet(46)) - raft.server.staging.catchup.gap = 1000 (default)
2025-04-23 15:44:43,300 [e48ea510-4cfd-493d-84b4-aa69255fcf6e@group-1AEB597AE35D-LeaderElection6] INFO  server.RaftServerConfigKeys (ConfUtils.java:logGet(46)) - raft.server.write.element-limit = 1024 (custom)
2025-04-23 15:44:43,300 [e48ea510-4cfd-493d-84b4-aa69255fcf6e@group-1AEB597AE35D-LeaderElection6] INFO  server.RaftServerConfigKeys (ConfUtils.java:logGet(46)) - raft.server.write.byte-limit = 1024 M (=1073741824) (custom)
2025-04-23 15:44:43,300 [e48ea510-4cfd-493d-84b4-aa69255fcf6e@group-1AEB597AE35D-LeaderElection6] INFO  server.RaftServerConfigKeys (ConfUtils.java:logGet(46)) - raft.server.watch.timeout = 30s (custom)
2025-04-23 15:44:43,300 [e48ea510-4cfd-493d-84b4-aa69255fcf6e@group-1AEB597AE35D-LeaderElection6] INFO  server.RaftServerConfigKeys (ConfUtils.java:logGet(46)) - raft.server.watch.timeout.denomination = 1s (default)
2025-04-23 15:44:43,301 [e48ea510-4cfd-493d-84b4-aa69255fcf6e@group-1AEB597AE35D-LeaderElection6] INFO  server.RaftServerConfigKeys (ConfUtils.java:logGet(46)) - raft.server.watch.element-limit = 65536 (default)
2025-04-23 15:44:43,301 [e48ea510-4cfd-493d-84b4-aa69255fcf6e@group-1AEB597AE35D-LeaderElection6] INFO  server.RaftServerConfigKeys (ConfUtils.java:logGet(46)) - raft.server.read.leader.lease.enabled = false (default)
2025-04-23 15:44:43,301 [e48ea510-4cfd-493d-84b4-aa69255fcf6e@group-1AEB597AE35D-LeaderElection6] INFO  server.RaftServerConfigKeys (ConfUtils.java:logGet(46)) - raft.server.read.leader.lease.timeout.ratio = 0.9 (default)
2025-04-23 15:44:43,301 [e48ea510-4cfd-493d-84b4-aa69255fcf6e@group-1AEB597AE35D-LeaderElection6] INFO  server.RaftServerConfigKeys (ConfUtils.java:logGet(46)) - raft.server.rpc.timeout.min = 5s (custom)
2025-04-23 15:44:43,301 [e48ea510-4cfd-493d-84b4-aa69255fcf6e@group-1AEB597AE35D-LeaderElection6] INFO  server.RaftServerConfigKeys (ConfUtils.java:logGet(46)) - raft.server.log.log-metadata.enabled = true (default)
2025-04-23 15:44:43,301 [e48ea510-4cfd-493d-84b4-aa69255fcf6e@group-1AEB597AE35D-LeaderElection6] INFO  server.RaftServerConfigKeys (ConfUtils.java:logGet(46)) - raft.server.write.element-limit = 1024 (custom)
2025-04-23 15:44:43,302 [e48ea510-4cfd-493d-84b4-aa69255fcf6e@group-1AEB597AE35D-LeaderElection6] INFO  server.RaftServerConfigKeys (ConfUtils.java:logGet(46)) - raft.server.write.follower.gap.ratio.max = -1.0 (default)
2025-04-23 15:44:43,302 [e48ea510-4cfd-493d-84b4-aa69255fcf6e@group-1AEB597AE35D-LeaderElection6] INFO  impl.RoleInfo (RoleInfo.java:updateAndGet(148)) - e48ea510-4cfd-493d-84b4-aa69255fcf6e: start e48ea510-4cfd-493d-84b4-aa69255fcf6e@group-1AEB597AE35D-LeaderStateImpl
2025-04-23 15:44:43,302 [e48ea510-4cfd-493d-84b4-aa69255fcf6e@group-1AEB597AE35D-LeaderElection6] INFO  server.RaftServer$Division (RaftServerImpl.java:setFirstElection(562)) - e48ea510-4cfd-493d-84b4-aa69255fcf6e@group-1AEB597AE35D: set firstElectionSinceStartup to false for becomeLeader
2025-04-23 15:44:43,302 [e48ea510-4cfd-493d-84b4-aa69255fcf6e@group-1AEB597AE35D-LeaderElection6] INFO  ratis.XceiverServerRatis (XceiverServerRatis.java:handleLeaderChangedNotification(942)) - Leader change notification received for group: group-1AEB597AE35D with new leaderId: e48ea510-4cfd-493d-84b4-aa69255fcf6e
2025-04-23 15:44:43,302 [e48ea510-4cfd-493d-84b4-aa69255fcf6e@group-1AEB597AE35D-LeaderElection6] INFO  server.RaftServer$Division (ServerState.java:setLeader(272)) - e48ea510-4cfd-493d-84b4-aa69255fcf6e@group-1AEB597AE35D: change Leader from null to e48ea510-4cfd-493d-84b4-aa69255fcf6e at term 1 for becomeLeader, leader elected after 1159ms
2025-04-23 15:44:43,302 [e48ea510-4cfd-493d-84b4-aa69255fcf6e@group-1AEB597AE35D-LeaderElection6] INFO  segmented.SegmentedRaftLogWorker (SegmentedRaftLogWorker.java:startLogSegment(438)) - e48ea510-4cfd-493d-84b4-aa69255fcf6e@group-1AEB597AE35D-SegmentedRaftLogWorker: Starting segment from index:0
2025-04-23 15:44:43,303 [e48ea510-4cfd-493d-84b4-aa69255fcf6e@group-1AEB597AE35D-LeaderElection6] INFO  server.RaftServer$Division (ServerState.java:setRaftConf(386)) - e48ea510-4cfd-493d-84b4-aa69255fcf6e@group-1AEB597AE35D: set configuration conf: {index: 0, cur=peers:[e48ea510-4cfd-493d-84b4-aa69255fcf6e|127.0.0.1:15031]|listeners:[], old=null}
2025-04-23 15:44:43,303 [e48ea510-4cfd-493d-84b4-aa69255fcf6e@group-1AEB597AE35D-SegmentedRaftLogWorker] INFO  segmented.BufferedWriteChannel (BufferedWriteChannel.java:open(61)) - open log_inprogress_0 at position 0
2025-04-23 15:44:43,312 [e48ea510-4cfd-493d-84b4-aa69255fcf6e@group-1AEB597AE35D-SegmentedRaftLogWorker] INFO  segmented.SegmentedRaftLogWorker (SegmentedRaftLogWorker.java:execute(644)) - e48ea510-4cfd-493d-84b4-aa69255fcf6e@group-1AEB597AE35D-SegmentedRaftLogWorker: created new log segment /home/runner/work/ozone/ozone/hadoop-ozone/integration-test/target/test-dir/MiniOzoneClusterImpl-5cf50c17-c591-473f-a8c4-88d8665d28d7/ozone-meta/datanode-2/ratis/1ca3b68f-936d-4b1f-91a5-1aeb597ae35d/current/log_inprogress_0
2025-04-23 15:44:43,314 [e48ea510-4cfd-493d-84b4-aa69255fcf6e@group-1AEB597AE35D-StateMachineUpdater] INFO  server.RaftServer$Division (LeaderStateImpl.java:checkStartIndex(313)) - Leader e48ea510-4cfd-493d-84b4-aa69255fcf6e@group-1AEB597AE35D-LeaderStateImpl is ready since appliedIndex == startIndex == 0
2025-04-23 15:44:43,317 [bea46156-cfa9-40b4-9197-d8d351f5fc2c@group-AC23FF7AA8B3-FollowerState] INFO  impl.FollowerState (FollowerState.java:runImpl(161)) - bea46156-cfa9-40b4-9197-d8d351f5fc2c@group-AC23FF7AA8B3-FollowerState: change to CANDIDATE, lastRpcElapsedTime:1200025191ns, electionTimeout:1199ms
2025-04-23 15:44:43,317 [bea46156-cfa9-40b4-9197-d8d351f5fc2c@group-AC23FF7AA8B3-FollowerState] INFO  impl.RoleInfo (RoleInfo.java:shutdownFollowerState(121)) - bea46156-cfa9-40b4-9197-d8d351f5fc2c: shutdown bea46156-cfa9-40b4-9197-d8d351f5fc2c@group-AC23FF7AA8B3-FollowerState
2025-04-23 15:44:43,317 [bea46156-cfa9-40b4-9197-d8d351f5fc2c@group-AC23FF7AA8B3-FollowerState] INFO  server.RaftServer$Division (RaftServerImpl.java:setRole(378)) - bea46156-cfa9-40b4-9197-d8d351f5fc2c@group-AC23FF7AA8B3: changes role from  FOLLOWER to CANDIDATE at term 0 for changeToCandidate
2025-04-23 15:44:43,317 [bea46156-cfa9-40b4-9197-d8d351f5fc2c@group-AC23FF7AA8B3-FollowerState] INFO  server.RaftServerConfigKeys (ConfUtils.java:logGet(46)) - raft.server.leaderelection.pre-vote = true (default)
2025-04-23 15:44:43,317 [bea46156-cfa9-40b4-9197-d8d351f5fc2c@group-AC23FF7AA8B3-FollowerState] INFO  impl.RoleInfo (RoleInfo.java:updateAndGet(148)) - bea46156-cfa9-40b4-9197-d8d351f5fc2c: start bea46156-cfa9-40b4-9197-d8d351f5fc2c@group-AC23FF7AA8B3-LeaderElection7
2025-04-23 15:44:43,318 [bea46156-cfa9-40b4-9197-d8d351f5fc2c@group-AC23FF7AA8B3-LeaderElection7] INFO  impl.LeaderElection (LeaderElection.java:askForVotes(332)) - bea46156-cfa9-40b4-9197-d8d351f5fc2c@group-AC23FF7AA8B3-LeaderElection7 PRE_VOTE round 0: submit vote requests at term 0 for conf: {index: -1, cur=peers:[bea46156-cfa9-40b4-9197-d8d351f5fc2c|127.0.0.1:15023, e48ea510-4cfd-493d-84b4-aa69255fcf6e|127.0.0.1:15031, 1d13aa12-f904-4b76-b74f-beab0aa3318b|127.0.0.1:15039]|listeners:[], old=null}
2025-04-23 15:44:43,318 [bea46156-cfa9-40b4-9197-d8d351f5fc2c@group-AC23FF7AA8B3-LeaderElection7] INFO  server.RaftServerConfigKeys (ConfUtils.java:logGet(46)) - raft.server.rpc.first-election.timeout.min = 1000ms (custom)
2025-04-23 15:44:43,318 [bea46156-cfa9-40b4-9197-d8d351f5fc2c@group-AC23FF7AA8B3-LeaderElection7] INFO  server.RaftServerConfigKeys (ConfUtils.java:logGet(46)) - raft.server.rpc.first-election.timeout.max = 1200ms (custom)
2025-04-23 15:44:43,320 [grpc-default-executor-3] INFO  server.RaftServer$Division (RaftServerImpl.java:requestVote(1407)) - e48ea510-4cfd-493d-84b4-aa69255fcf6e@group-AC23FF7AA8B3: receive requestVote(PRE_VOTE, bea46156-cfa9-40b4-9197-d8d351f5fc2c, group-AC23FF7AA8B3, 0, (t:0, i:0))
2025-04-23 15:44:43,320 [grpc-default-executor-0] INFO  server.RaftServer$Division (RaftServerImpl.java:requestVote(1407)) - 1d13aa12-f904-4b76-b74f-beab0aa3318b@group-AC23FF7AA8B3: receive requestVote(PRE_VOTE, bea46156-cfa9-40b4-9197-d8d351f5fc2c, group-AC23FF7AA8B3, 0, (t:0, i:0))
2025-04-23 15:44:43,320 [grpc-default-executor-3] INFO  impl.VoteContext (VoteContext.java:log(49)) - e48ea510-4cfd-493d-84b4-aa69255fcf6e@group-AC23FF7AA8B3-FOLLOWER: reject PRE_VOTE from bea46156-cfa9-40b4-9197-d8d351f5fc2c: our priority 1 > candidate's priority 0
2025-04-23 15:44:43,320 [grpc-default-executor-0] INFO  impl.VoteContext (VoteContext.java:log(49)) - 1d13aa12-f904-4b76-b74f-beab0aa3318b@group-AC23FF7AA8B3-FOLLOWER: accept PRE_VOTE from bea46156-cfa9-40b4-9197-d8d351f5fc2c: our priority 0 <= candidate's priority 0
2025-04-23 15:44:43,321 [grpc-default-executor-0] INFO  server.RaftServer$Division (RaftServerImpl.java:requestVote(1441)) - 1d13aa12-f904-4b76-b74f-beab0aa3318b@group-AC23FF7AA8B3 replies to PRE_VOTE vote request: bea46156-cfa9-40b4-9197-d8d351f5fc2c<-1d13aa12-f904-4b76-b74f-beab0aa3318b#0:OK-t0. Peer's state: 1d13aa12-f904-4b76-b74f-beab0aa3318b@group-AC23FF7AA8B3:t0, leader=null, voted=, raftlog=Memoized:1d13aa12-f904-4b76-b74f-beab0aa3318b@group-AC23FF7AA8B3-SegmentedRaftLog:OPENED:c-1:lastnull, conf=conf: {index: -1, cur=peers:[bea46156-cfa9-40b4-9197-d8d351f5fc2c|127.0.0.1:15023, e48ea510-4cfd-493d-84b4-aa69255fcf6e|127.0.0.1:15031, 1d13aa12-f904-4b76-b74f-beab0aa3318b|127.0.0.1:15039]|listeners:[], old=null}
2025-04-23 15:44:43,320 [grpc-default-executor-3] INFO  server.RaftServer$Division (RaftServerImpl.java:requestVote(1441)) - e48ea510-4cfd-493d-84b4-aa69255fcf6e@group-AC23FF7AA8B3 replies to PRE_VOTE vote request: bea46156-cfa9-40b4-9197-d8d351f5fc2c<-e48ea510-4cfd-493d-84b4-aa69255fcf6e#0:FAIL-t0. Peer's state: e48ea510-4cfd-493d-84b4-aa69255fcf6e@group-AC23FF7AA8B3:t0, leader=null, voted=, raftlog=Memoized:e48ea510-4cfd-493d-84b4-aa69255fcf6e@group-AC23FF7AA8B3-SegmentedRaftLog:OPENED:c-1:lastnull, conf=conf: {index: -1, cur=peers:[bea46156-cfa9-40b4-9197-d8d351f5fc2c|127.0.0.1:15023, e48ea510-4cfd-493d-84b4-aa69255fcf6e|127.0.0.1:15031, 1d13aa12-f904-4b76-b74f-beab0aa3318b|127.0.0.1:15039]|listeners:[], old=null}
2025-04-23 15:44:43,322 [bea46156-cfa9-40b4-9197-d8d351f5fc2c@group-AC23FF7AA8B3-LeaderElection7] INFO  impl.LeaderElection (LeaderElection.java:logAndReturn(90)) - bea46156-cfa9-40b4-9197-d8d351f5fc2c@group-AC23FF7AA8B3-LeaderElection7: PRE_VOTE REJECTED received 2 response(s) and 0 exception(s):
2025-04-23 15:44:43,322 [bea46156-cfa9-40b4-9197-d8d351f5fc2c@group-AC23FF7AA8B3-LeaderElection7] INFO  impl.LeaderElection (LeaderElection.java:logAndReturn(94)) -   Response 0: bea46156-cfa9-40b4-9197-d8d351f5fc2c<-e48ea510-4cfd-493d-84b4-aa69255fcf6e#0:FAIL-t0
2025-04-23 15:44:43,322 [bea46156-cfa9-40b4-9197-d8d351f5fc2c@group-AC23FF7AA8B3-LeaderElection7] INFO  impl.LeaderElection (LeaderElection.java:logAndReturn(94)) -   Response 1: bea46156-cfa9-40b4-9197-d8d351f5fc2c<-1d13aa12-f904-4b76-b74f-beab0aa3318b#0:OK-t0
2025-04-23 15:44:43,322 [bea46156-cfa9-40b4-9197-d8d351f5fc2c@group-AC23FF7AA8B3-LeaderElection7] INFO  impl.LeaderElection (LeaderElection.java:askForVotes(334)) - bea46156-cfa9-40b4-9197-d8d351f5fc2c@group-AC23FF7AA8B3-LeaderElection7 PRE_VOTE round 0: result REJECTED
2025-04-23 15:44:43,322 [bea46156-cfa9-40b4-9197-d8d351f5fc2c@group-AC23FF7AA8B3-LeaderElection7] INFO  server.RaftServer$Division (RaftServerImpl.java:setRole(378)) - bea46156-cfa9-40b4-9197-d8d351f5fc2c@group-AC23FF7AA8B3: changes role from CANDIDATE to FOLLOWER at term 0 for REJECTED
2025-04-23 15:44:43,323 [bea46156-cfa9-40b4-9197-d8d351f5fc2c@group-AC23FF7AA8B3-LeaderElection7] INFO  impl.RoleInfo (RoleInfo.java:shutdownLeaderElection(141)) - bea46156-cfa9-40b4-9197-d8d351f5fc2c: shutdown bea46156-cfa9-40b4-9197-d8d351f5fc2c@group-AC23FF7AA8B3-LeaderElection7
2025-04-23 15:44:43,323 [bea46156-cfa9-40b4-9197-d8d351f5fc2c@group-AC23FF7AA8B3-LeaderElection7] INFO  impl.RoleInfo (RoleInfo.java:updateAndGet(148)) - bea46156-cfa9-40b4-9197-d8d351f5fc2c: start bea46156-cfa9-40b4-9197-d8d351f5fc2c@group-AC23FF7AA8B3-FollowerState
2025-04-23 15:44:43,323 [bea46156-cfa9-40b4-9197-d8d351f5fc2c@group-AC23FF7AA8B3-LeaderElection7] INFO  server.RaftServer$Division (RaftServerImpl.java:setFirstElection(562)) - bea46156-cfa9-40b4-9197-d8d351f5fc2c@group-AC23FF7AA8B3: set firstElectionSinceStartup to false for REJECTED
2025-04-23 15:44:43,338 [e48ea510-4cfd-493d-84b4-aa69255fcf6e@group-AC23FF7AA8B3-FollowerState] INFO  impl.FollowerState (FollowerState.java:runImpl(161)) - e48ea510-4cfd-493d-84b4-aa69255fcf6e@group-AC23FF7AA8B3-FollowerState: change to CANDIDATE, lastRpcElapsedTime:1176622313ns, electionTimeout:1176ms
2025-04-23 15:44:43,338 [e48ea510-4cfd-493d-84b4-aa69255fcf6e@group-AC23FF7AA8B3-FollowerState] INFO  impl.RoleInfo (RoleInfo.java:shutdownFollowerState(121)) - e48ea510-4cfd-493d-84b4-aa69255fcf6e: shutdown e48ea510-4cfd-493d-84b4-aa69255fcf6e@group-AC23FF7AA8B3-FollowerState
2025-04-23 15:44:43,338 [e48ea510-4cfd-493d-84b4-aa69255fcf6e@group-AC23FF7AA8B3-FollowerState] INFO  server.RaftServer$Division (RaftServerImpl.java:setRole(378)) - e48ea510-4cfd-493d-84b4-aa69255fcf6e@group-AC23FF7AA8B3: changes role from  FOLLOWER to CANDIDATE at term 0 for changeToCandidate
2025-04-23 15:44:43,339 [e48ea510-4cfd-493d-84b4-aa69255fcf6e@group-AC23FF7AA8B3-FollowerState] INFO  server.RaftServerConfigKeys (ConfUtils.java:logGet(46)) - raft.server.leaderelection.pre-vote = true (default)
2025-04-23 15:44:43,339 [e48ea510-4cfd-493d-84b4-aa69255fcf6e@group-AC23FF7AA8B3-FollowerState] INFO  impl.RoleInfo (RoleInfo.java:updateAndGet(148)) - e48ea510-4cfd-493d-84b4-aa69255fcf6e: start e48ea510-4cfd-493d-84b4-aa69255fcf6e@group-AC23FF7AA8B3-LeaderElection8
2025-04-23 15:44:43,339 [e48ea510-4cfd-493d-84b4-aa69255fcf6e@group-AC23FF7AA8B3-LeaderElection8] INFO  impl.LeaderElection (LeaderElection.java:askForVotes(332)) - e48ea510-4cfd-493d-84b4-aa69255fcf6e@group-AC23FF7AA8B3-LeaderElection8 PRE_VOTE round 0: submit vote requests at term 0 for conf: {index: -1, cur=peers:[bea46156-cfa9-40b4-9197-d8d351f5fc2c|127.0.0.1:15023, e48ea510-4cfd-493d-84b4-aa69255fcf6e|127.0.0.1:15031, 1d13aa12-f904-4b76-b74f-beab0aa3318b|127.0.0.1:15039]|listeners:[], old=null}
2025-04-23 15:44:43,340 [e48ea510-4cfd-493d-84b4-aa69255fcf6e@group-AC23FF7AA8B3-LeaderElection8-1] INFO  server.GrpcServerProtocolClient (GrpcServerProtocolClient.java:<init>(65)) - Build channel for bea46156-cfa9-40b4-9197-d8d351f5fc2c|127.0.0.1:15023
2025-04-23 15:44:43,340 [e48ea510-4cfd-493d-84b4-aa69255fcf6e@group-AC23FF7AA8B3-LeaderElection8-2] INFO  server.GrpcServerProtocolClient (GrpcServerProtocolClient.java:<init>(65)) - Build channel for 1d13aa12-f904-4b76-b74f-beab0aa3318b|127.0.0.1:15039
2025-04-23 15:44:43,340 [e48ea510-4cfd-493d-84b4-aa69255fcf6e@group-AC23FF7AA8B3-LeaderElection8] INFO  server.RaftServerConfigKeys (ConfUtils.java:logGet(46)) - raft.server.rpc.first-election.timeout.min = 1000ms (custom)
2025-04-23 15:44:43,340 [e48ea510-4cfd-493d-84b4-aa69255fcf6e@group-AC23FF7AA8B3-LeaderElection8] INFO  server.RaftServerConfigKeys (ConfUtils.java:logGet(46)) - raft.server.rpc.first-election.timeout.max = 1200ms (custom)
2025-04-23 15:44:43,344 [grpc-default-executor-3] INFO  server.RaftServer$Division (RaftServerImpl.java:requestVote(1407)) - 1d13aa12-f904-4b76-b74f-beab0aa3318b@group-AC23FF7AA8B3: receive requestVote(PRE_VOTE, e48ea510-4cfd-493d-84b4-aa69255fcf6e, group-AC23FF7AA8B3, 0, (t:0, i:0))
2025-04-23 15:44:43,345 [grpc-default-executor-3] INFO  impl.VoteContext (VoteContext.java:log(49)) - 1d13aa12-f904-4b76-b74f-beab0aa3318b@group-AC23FF7AA8B3-FOLLOWER: accept PRE_VOTE from e48ea510-4cfd-493d-84b4-aa69255fcf6e: our priority 0 <= candidate's priority 1
2025-04-23 15:44:43,345 [grpc-default-executor-3] INFO  server.RaftServer$Division (RaftServerImpl.java:requestVote(1441)) - 1d13aa12-f904-4b76-b74f-beab0aa3318b@group-AC23FF7AA8B3 replies to PRE_VOTE vote request: e48ea510-4cfd-493d-84b4-aa69255fcf6e<-1d13aa12-f904-4b76-b74f-beab0aa3318b#0:OK-t0. Peer's state: 1d13aa12-f904-4b76-b74f-beab0aa3318b@group-AC23FF7AA8B3:t0, leader=null, voted=, raftlog=Memoized:1d13aa12-f904-4b76-b74f-beab0aa3318b@group-AC23FF7AA8B3-SegmentedRaftLog:OPENED:c-1:lastnull, conf=conf: {index: -1, cur=peers:[bea46156-cfa9-40b4-9197-d8d351f5fc2c|127.0.0.1:15023, e48ea510-4cfd-493d-84b4-aa69255fcf6e|127.0.0.1:15031, 1d13aa12-f904-4b76-b74f-beab0aa3318b|127.0.0.1:15039]|listeners:[], old=null}
2025-04-23 15:44:43,346 [e48ea510-4cfd-493d-84b4-aa69255fcf6e@group-AC23FF7AA8B3-LeaderElection8] INFO  impl.LeaderElection (LeaderElection.java:logAndReturn(90)) - e48ea510-4cfd-493d-84b4-aa69255fcf6e@group-AC23FF7AA8B3-LeaderElection8: PRE_VOTE PASSED received 1 response(s) and 0 exception(s):
2025-04-23 15:44:43,346 [e48ea510-4cfd-493d-84b4-aa69255fcf6e@group-AC23FF7AA8B3-LeaderElection8] INFO  impl.LeaderElection (LeaderElection.java:logAndReturn(94)) -   Response 0: e48ea510-4cfd-493d-84b4-aa69255fcf6e<-1d13aa12-f904-4b76-b74f-beab0aa3318b#0:OK-t0
2025-04-23 15:44:43,346 [grpc-default-executor-0] INFO  server.RaftServer$Division (RaftServerImpl.java:requestVote(1407)) - bea46156-cfa9-40b4-9197-d8d351f5fc2c@group-AC23FF7AA8B3: receive requestVote(PRE_VOTE, e48ea510-4cfd-493d-84b4-aa69255fcf6e, group-AC23FF7AA8B3, 0, (t:0, i:0))
2025-04-23 15:44:43,346 [grpc-default-executor-0] INFO  impl.VoteContext (VoteContext.java:log(49)) - bea46156-cfa9-40b4-9197-d8d351f5fc2c@group-AC23FF7AA8B3-FOLLOWER: accept PRE_VOTE from e48ea510-4cfd-493d-84b4-aa69255fcf6e: our priority 0 <= candidate's priority 1
2025-04-23 15:44:43,346 [e48ea510-4cfd-493d-84b4-aa69255fcf6e@group-AC23FF7AA8B3-LeaderElection8] INFO  impl.LeaderElection (LeaderElection.java:askForVotes(334)) - e48ea510-4cfd-493d-84b4-aa69255fcf6e@group-AC23FF7AA8B3-LeaderElection8 PRE_VOTE round 0: result PASSED
2025-04-23 15:44:43,347 [grpc-default-executor-0] INFO  server.RaftServer$Division (RaftServerImpl.java:requestVote(1441)) - bea46156-cfa9-40b4-9197-d8d351f5fc2c@group-AC23FF7AA8B3 replies to PRE_VOTE vote request: e48ea510-4cfd-493d-84b4-aa69255fcf6e<-bea46156-cfa9-40b4-9197-d8d351f5fc2c#0:OK-t0. Peer's state: bea46156-cfa9-40b4-9197-d8d351f5fc2c@group-AC23FF7AA8B3:t0, leader=null, voted=, raftlog=Memoized:bea46156-cfa9-40b4-9197-d8d351f5fc2c@group-AC23FF7AA8B3-SegmentedRaftLog:OPENED:c-1:lastnull, conf=conf: {index: -1, cur=peers:[bea46156-cfa9-40b4-9197-d8d351f5fc2c|127.0.0.1:15023, e48ea510-4cfd-493d-84b4-aa69255fcf6e|127.0.0.1:15031, 1d13aa12-f904-4b76-b74f-beab0aa3318b|127.0.0.1:15039]|listeners:[], old=null}
2025-04-23 15:44:43,349 [e48ea510-4cfd-493d-84b4-aa69255fcf6e@group-AC23FF7AA8B3-LeaderElection8] INFO  impl.LeaderElection (LeaderElection.java:askForVotes(332)) - e48ea510-4cfd-493d-84b4-aa69255fcf6e@group-AC23FF7AA8B3-LeaderElection8 ELECTION round 0: submit vote requests at term 1 for conf: {index: -1, cur=peers:[bea46156-cfa9-40b4-9197-d8d351f5fc2c|127.0.0.1:15023, e48ea510-4cfd-493d-84b4-aa69255fcf6e|127.0.0.1:15031, 1d13aa12-f904-4b76-b74f-beab0aa3318b|127.0.0.1:15039]|listeners:[], old=null}
2025-04-23 15:44:43,350 [e48ea510-4cfd-493d-84b4-aa69255fcf6e@group-AC23FF7AA8B3-LeaderElection8] INFO  server.RaftServerConfigKeys (ConfUtils.java:logGet(46)) - raft.server.rpc.first-election.timeout.min = 1000ms (custom)
2025-04-23 15:44:43,350 [e48ea510-4cfd-493d-84b4-aa69255fcf6e@group-AC23FF7AA8B3-LeaderElection8] INFO  server.RaftServerConfigKeys (ConfUtils.java:logGet(46)) - raft.server.rpc.first-election.timeout.max = 1200ms (custom)
2025-04-23 15:44:43,351 [grpc-default-executor-3] INFO  server.RaftServer$Division (RaftServerImpl.java:requestVote(1407)) - 1d13aa12-f904-4b76-b74f-beab0aa3318b@group-AC23FF7AA8B3: receive requestVote(ELECTION, e48ea510-4cfd-493d-84b4-aa69255fcf6e, group-AC23FF7AA8B3, 1, (t:0, i:0))
2025-04-23 15:44:43,351 [grpc-default-executor-0] INFO  server.RaftServer$Division (RaftServerImpl.java:requestVote(1407)) - bea46156-cfa9-40b4-9197-d8d351f5fc2c@group-AC23FF7AA8B3: receive requestVote(ELECTION, e48ea510-4cfd-493d-84b4-aa69255fcf6e, group-AC23FF7AA8B3, 1, (t:0, i:0))
2025-04-23 15:44:43,351 [grpc-default-executor-3] INFO  impl.VoteContext (VoteContext.java:log(49)) - 1d13aa12-f904-4b76-b74f-beab0aa3318b@group-AC23FF7AA8B3-FOLLOWER: accept ELECTION from e48ea510-4cfd-493d-84b4-aa69255fcf6e: our priority 0 <= candidate's priority 1
2025-04-23 15:44:43,351 [grpc-default-executor-3] INFO  server.RaftServer$Division (RaftServerImpl.java:setRole(378)) - 1d13aa12-f904-4b76-b74f-beab0aa3318b@group-AC23FF7AA8B3: changes role from  FOLLOWER to FOLLOWER at term 0 for candidate:e48ea510-4cfd-493d-84b4-aa69255fcf6e
2025-04-23 15:44:43,351 [grpc-default-executor-3] INFO  impl.RoleInfo (RoleInfo.java:shutdownFollowerState(121)) - 1d13aa12-f904-4b76-b74f-beab0aa3318b: shutdown 1d13aa12-f904-4b76-b74f-beab0aa3318b@group-AC23FF7AA8B3-FollowerState
2025-04-23 15:44:43,351 [grpc-default-executor-0] INFO  impl.VoteContext (VoteContext.java:log(49)) - bea46156-cfa9-40b4-9197-d8d351f5fc2c@group-AC23FF7AA8B3-FOLLOWER: accept ELECTION from e48ea510-4cfd-493d-84b4-aa69255fcf6e: our priority 0 <= candidate's priority 1
2025-04-23 15:44:43,352 [1d13aa12-f904-4b76-b74f-beab0aa3318b@group-AC23FF7AA8B3-FollowerState] INFO  impl.FollowerState (FollowerState.java:runImpl(170)) - 1d13aa12-f904-4b76-b74f-beab0aa3318b@group-AC23FF7AA8B3-FollowerState was interrupted
2025-04-23 15:44:43,352 [grpc-default-executor-3] INFO  impl.RoleInfo (RoleInfo.java:updateAndGet(148)) - 1d13aa12-f904-4b76-b74f-beab0aa3318b: start 1d13aa12-f904-4b76-b74f-beab0aa3318b@group-AC23FF7AA8B3-FollowerState
2025-04-23 15:44:43,352 [grpc-default-executor-0] INFO  server.RaftServer$Division (RaftServerImpl.java:setRole(378)) - bea46156-cfa9-40b4-9197-d8d351f5fc2c@group-AC23FF7AA8B3: changes role from  FOLLOWER to FOLLOWER at term 0 for candidate:e48ea510-4cfd-493d-84b4-aa69255fcf6e
2025-04-23 15:44:43,352 [grpc-default-executor-0] INFO  impl.RoleInfo (RoleInfo.java:shutdownFollowerState(121)) - bea46156-cfa9-40b4-9197-d8d351f5fc2c: shutdown bea46156-cfa9-40b4-9197-d8d351f5fc2c@group-AC23FF7AA8B3-FollowerState
2025-04-23 15:44:43,352 [grpc-default-executor-0] INFO  impl.RoleInfo (RoleInfo.java:updateAndGet(148)) - bea46156-cfa9-40b4-9197-d8d351f5fc2c: start bea46156-cfa9-40b4-9197-d8d351f5fc2c@group-AC23FF7AA8B3-FollowerState
2025-04-23 15:44:43,352 [bea46156-cfa9-40b4-9197-d8d351f5fc2c@group-AC23FF7AA8B3-FollowerState] INFO  impl.FollowerState (FollowerState.java:runImpl(170)) - bea46156-cfa9-40b4-9197-d8d351f5fc2c@group-AC23FF7AA8B3-FollowerState was interrupted
2025-04-23 15:44:43,352 [grpc-default-executor-3] INFO  server.RaftServer$Division (RaftServerImpl.java:setFirstElection(562)) - 1d13aa12-f904-4b76-b74f-beab0aa3318b@group-AC23FF7AA8B3: set firstElectionSinceStartup to false for candidate:e48ea510-4cfd-493d-84b4-aa69255fcf6e
2025-04-23 15:44:43,353 [grpc-default-executor-0] INFO  server.RaftServer$Division (RaftServerImpl.java:requestVote(1441)) - bea46156-cfa9-40b4-9197-d8d351f5fc2c@group-AC23FF7AA8B3 replies to ELECTION vote request: e48ea510-4cfd-493d-84b4-aa69255fcf6e<-bea46156-cfa9-40b4-9197-d8d351f5fc2c#0:OK-t1. Peer's state: bea46156-cfa9-40b4-9197-d8d351f5fc2c@group-AC23FF7AA8B3:t1, leader=null, voted=e48ea510-4cfd-493d-84b4-aa69255fcf6e, raftlog=Memoized:bea46156-cfa9-40b4-9197-d8d351f5fc2c@group-AC23FF7AA8B3-SegmentedRaftLog:OPENED:c-1:lastnull, conf=conf: {index: -1, cur=peers:[bea46156-cfa9-40b4-9197-d8d351f5fc2c|127.0.0.1:15023, e48ea510-4cfd-493d-84b4-aa69255fcf6e|127.0.0.1:15031, 1d13aa12-f904-4b76-b74f-beab0aa3318b|127.0.0.1:15039]|listeners:[], old=null}
2025-04-23 15:44:43,354 [grpc-default-executor-3] INFO  server.RaftServer$Division (RaftServerImpl.java:requestVote(1441)) - 1d13aa12-f904-4b76-b74f-beab0aa3318b@group-AC23FF7AA8B3 replies to ELECTION vote request: e48ea510-4cfd-493d-84b4-aa69255fcf6e<-1d13aa12-f904-4b76-b74f-beab0aa3318b#0:OK-t1. Peer's state: 1d13aa12-f904-4b76-b74f-beab0aa3318b@group-AC23FF7AA8B3:t1, leader=null, voted=e48ea510-4cfd-493d-84b4-aa69255fcf6e, raftlog=Memoized:1d13aa12-f904-4b76-b74f-beab0aa3318b@group-AC23FF7AA8B3-SegmentedRaftLog:OPENED:c-1:lastnull, conf=conf: {index: -1, cur=peers:[bea46156-cfa9-40b4-9197-d8d351f5fc2c|127.0.0.1:15023, e48ea510-4cfd-493d-84b4-aa69255fcf6e|127.0.0.1:15031, 1d13aa12-f904-4b76-b74f-beab0aa3318b|127.0.0.1:15039]|listeners:[], old=null}
2025-04-23 15:44:43,355 [e48ea510-4cfd-493d-84b4-aa69255fcf6e@group-AC23FF7AA8B3-LeaderElection8] INFO  impl.LeaderElection (LeaderElection.java:logAndReturn(90)) - e48ea510-4cfd-493d-84b4-aa69255fcf6e@group-AC23FF7AA8B3-LeaderElection8: ELECTION PASSED received 1 response(s) and 0 exception(s):
2025-04-23 15:44:43,355 [e48ea510-4cfd-493d-84b4-aa69255fcf6e@group-AC23FF7AA8B3-LeaderElection8] INFO  impl.LeaderElection (LeaderElection.java:logAndReturn(94)) -   Response 0: e48ea510-4cfd-493d-84b4-aa69255fcf6e<-1d13aa12-f904-4b76-b74f-beab0aa3318b#0:OK-t1
2025-04-23 15:44:43,355 [e48ea510-4cfd-493d-84b4-aa69255fcf6e@group-AC23FF7AA8B3-LeaderElection8] INFO  impl.LeaderElection (LeaderElection.java:askForVotes(334)) - e48ea510-4cfd-493d-84b4-aa69255fcf6e@group-AC23FF7AA8B3-LeaderElection8 ELECTION round 0: result PASSED
2025-04-23 15:44:43,355 [e48ea510-4cfd-493d-84b4-aa69255fcf6e@group-AC23FF7AA8B3-LeaderElection8] INFO  impl.RoleInfo (RoleInfo.java:shutdownLeaderElection(141)) - e48ea510-4cfd-493d-84b4-aa69255fcf6e: shutdown e48ea510-4cfd-493d-84b4-aa69255fcf6e@group-AC23FF7AA8B3-LeaderElection8
2025-04-23 15:44:43,355 [e48ea510-4cfd-493d-84b4-aa69255fcf6e@group-AC23FF7AA8B3-LeaderElection8] INFO  server.RaftServer$Division (RaftServerImpl.java:setRole(378)) - e48ea510-4cfd-493d-84b4-aa69255fcf6e@group-AC23FF7AA8B3: changes role from CANDIDATE to LEADER at term 1 for changeToLeader
2025-04-23 15:44:43,355 [e48ea510-4cfd-493d-84b4-aa69255fcf6e@group-AC23FF7AA8B3-LeaderElection8] INFO  server.RaftServerConfigKeys (ConfUtils.java:logGet(46)) - raft.server.staging.catchup.gap = 1000 (default)
2025-04-23 15:44:43,355 [e48ea510-4cfd-493d-84b4-aa69255fcf6e@group-AC23FF7AA8B3-LeaderElection8] INFO  server.RaftServerConfigKeys (ConfUtils.java:logGet(46)) - raft.server.write.element-limit = 1024 (custom)
2025-04-23 15:44:43,356 [e48ea510-4cfd-493d-84b4-aa69255fcf6e@group-AC23FF7AA8B3-LeaderElection8] INFO  server.RaftServerConfigKeys (ConfUtils.java:logGet(46)) - raft.server.write.byte-limit = 1024 M (=1073741824) (custom)
2025-04-23 15:44:43,356 [e48ea510-4cfd-493d-84b4-aa69255fcf6e@group-AC23FF7AA8B3-LeaderElection8] INFO  server.RaftServerConfigKeys (ConfUtils.java:logGet(46)) - raft.server.watch.timeout = 30s (custom)
2025-04-23 15:44:43,356 [e48ea510-4cfd-493d-84b4-aa69255fcf6e@group-AC23FF7AA8B3-LeaderElection8] INFO  server.RaftServerConfigKeys (ConfUtils.java:logGet(46)) - raft.server.watch.timeout.denomination = 1s (default)
2025-04-23 15:44:43,356 [e48ea510-4cfd-493d-84b4-aa69255fcf6e@group-AC23FF7AA8B3-LeaderElection8] INFO  server.RaftServerConfigKeys (ConfUtils.java:logGet(46)) - raft.server.watch.element-limit = 65536 (default)
2025-04-23 15:44:43,357 [e48ea510-4cfd-493d-84b4-aa69255fcf6e@group-AC23FF7AA8B3-LeaderElection8] INFO  server.RaftServerConfigKeys (ConfUtils.java:logGet(46)) - raft.server.read.leader.lease.enabled = false (default)
2025-04-23 15:44:43,357 [e48ea510-4cfd-493d-84b4-aa69255fcf6e@group-AC23FF7AA8B3-LeaderElection8] INFO  server.RaftServerConfigKeys (ConfUtils.java:logGet(46)) - raft.server.read.leader.lease.timeout.ratio = 0.9 (default)
2025-04-23 15:44:43,357 [e48ea510-4cfd-493d-84b4-aa69255fcf6e@group-AC23FF7AA8B3-LeaderElection8] INFO  server.RaftServerConfigKeys (ConfUtils.java:logGet(46)) - raft.server.rpc.timeout.min = 5s (custom)
2025-04-23 15:44:43,357 [e48ea510-4cfd-493d-84b4-aa69255fcf6e@group-AC23FF7AA8B3-LeaderElection8] INFO  server.RaftServerConfigKeys (ConfUtils.java:logGet(46)) - raft.server.log.log-metadata.enabled = true (default)
2025-04-23 15:44:43,357 [e48ea510-4cfd-493d-84b4-aa69255fcf6e@group-AC23FF7AA8B3-LeaderElection8] INFO  server.RaftServerConfigKeys (ConfUtils.java:logGet(46)) - raft.server.write.element-limit = 1024 (custom)
2025-04-23 15:44:43,357 [e48ea510-4cfd-493d-84b4-aa69255fcf6e@group-AC23FF7AA8B3-LeaderElection8] INFO  server.RaftServerConfigKeys (ConfUtils.java:logGet(46)) - raft.server.write.follower.gap.ratio.max = -1.0 (default)
2025-04-23 15:44:43,358 [e48ea510-4cfd-493d-84b4-aa69255fcf6e@group-AC23FF7AA8B3-LeaderElection8] INFO  server.RaftServerConfigKeys (ConfUtils.java:logGet(46)) - raft.server.log.appender.snapshot.chunk.size.max = 16MB (=16777216) (default)
2025-04-23 15:44:43,358 [e48ea510-4cfd-493d-84b4-aa69255fcf6e@group-AC23FF7AA8B3-LeaderElection8] INFO  server.RaftServerConfigKeys (ConfUtils.java:logGet(46)) - raft.server.log.appender.buffer.byte-limit = 33554432 (custom)
2025-04-23 15:44:43,358 [e48ea510-4cfd-493d-84b4-aa69255fcf6e@group-AC23FF7AA8B3-LeaderElection8] INFO  server.RaftServerConfigKeys (ConfUtils.java:logGet(46)) - raft.server.log.appender.buffer.element-limit = 1024 (custom)
2025-04-23 15:44:43,358 [e48ea510-4cfd-493d-84b4-aa69255fcf6e@group-AC23FF7AA8B3-LeaderElection8] INFO  server.RaftServerConfigKeys (ConfUtils.java:logGet(46)) - raft.server.log.appender.wait-time.min = 0μs (custom)
2025-04-23 15:44:43,358 [e48ea510-4cfd-493d-84b4-aa69255fcf6e@group-AC23FF7AA8B3-LeaderElection8] INFO  grpc.GrpcConfigKeys (ConfUtils.java:logGet(46)) - raft.grpc.server.leader.outstanding.appends.max = 8 (default)
2025-04-23 15:44:43,358 [e48ea510-4cfd-493d-84b4-aa69255fcf6e@group-AC23FF7AA8B3-LeaderElection8] INFO  server.RaftServerConfigKeys (ConfUtils.java:logGet(46)) - raft.server.rpc.request.timeout = 60s (custom)
2025-04-23 15:44:43,358 [e48ea510-4cfd-493d-84b4-aa69255fcf6e@group-AC23FF7AA8B3-LeaderElection8] INFO  grpc.GrpcConfigKeys (ConfUtils.java:logGet(46)) - raft.grpc.server.install_snapshot.request.element-limit = 8 (default)
2025-04-23 15:44:43,358 [e48ea510-4cfd-493d-84b4-aa69255fcf6e@group-AC23FF7AA8B3-LeaderElection8] INFO  grpc.GrpcConfigKeys (ConfUtils.java:logGet(46)) - raft.grpc.server.install_snapshot.request.timeout = 3000ms (default)
2025-04-23 15:44:43,358 [e48ea510-4cfd-493d-84b4-aa69255fcf6e@group-AC23FF7AA8B3-LeaderElection8] INFO  grpc.GrpcConfigKeys (ConfUtils.java:logGet(46)) - raft.grpc.server.log-message.batch.duration = 5s (default)
2025-04-23 15:44:43,358 [e48ea510-4cfd-493d-84b4-aa69255fcf6e@group-AC23FF7AA8B3-LeaderElection8] INFO  server.RaftServerConfigKeys (ConfUtils.java:logGet(46)) - raft.server.log.appender.install.snapshot.enabled = false (custom)
2025-04-23 15:44:43,358 [e48ea510-4cfd-493d-84b4-aa69255fcf6e@group-AC23FF7AA8B3-LeaderElection8] INFO  grpc.GrpcConfigKeys (ConfUtils.java:logGet(46)) - raft.grpc.server.heartbeat.channel = true (default)
2025-04-23 15:44:43,360 [e48ea510-4cfd-493d-84b4-aa69255fcf6e@group-AC23FF7AA8B3-LeaderElection8] INFO  server.RaftServerConfigKeys (ConfUtils.java:logGet(46)) - raft.server.log.appender.snapshot.chunk.size.max = 16MB (=16777216) (default)
2025-04-23 15:44:43,360 [e48ea510-4cfd-493d-84b4-aa69255fcf6e@group-AC23FF7AA8B3-LeaderElection8] INFO  server.RaftServerConfigKeys (ConfUtils.java:logGet(46)) - raft.server.log.appender.buffer.byte-limit = 33554432 (custom)
2025-04-23 15:44:43,360 [e48ea510-4cfd-493d-84b4-aa69255fcf6e@group-AC23FF7AA8B3-LeaderElection8] INFO  server.RaftServerConfigKeys (ConfUtils.java:logGet(46)) - raft.server.log.appender.buffer.element-limit = 1024 (custom)
2025-04-23 15:44:43,360 [e48ea510-4cfd-493d-84b4-aa69255fcf6e@group-AC23FF7AA8B3-LeaderElection8] INFO  server.RaftServerConfigKeys (ConfUtils.java:logGet(46)) - raft.server.log.appender.wait-time.min = 0μs (custom)
2025-04-23 15:44:43,360 [e48ea510-4cfd-493d-84b4-aa69255fcf6e@group-AC23FF7AA8B3-LeaderElection8] INFO  grpc.GrpcConfigKeys (ConfUtils.java:logGet(46)) - raft.grpc.server.leader.outstanding.appends.max = 8 (default)
2025-04-23 15:44:43,360 [e48ea510-4cfd-493d-84b4-aa69255fcf6e@group-AC23FF7AA8B3-LeaderElection8] INFO  server.RaftServerConfigKeys (ConfUtils.java:logGet(46)) - raft.server.rpc.request.timeout = 60s (custom)
2025-04-23 15:44:43,360 [e48ea510-4cfd-493d-84b4-aa69255fcf6e@group-AC23FF7AA8B3-LeaderElection8] INFO  grpc.GrpcConfigKeys (ConfUtils.java:logGet(46)) - raft.grpc.server.install_snapshot.request.element-limit = 8 (default)
2025-04-23 15:44:43,360 [e48ea510-4cfd-493d-84b4-aa69255fcf6e@group-AC23FF7AA8B3-LeaderElection8] INFO  grpc.GrpcConfigKeys (ConfUtils.java:logGet(46)) - raft.grpc.server.install_snapshot.request.timeout = 3000ms (default)
2025-04-23 15:44:43,360 [e48ea510-4cfd-493d-84b4-aa69255fcf6e@group-AC23FF7AA8B3-LeaderElection8] INFO  grpc.GrpcConfigKeys (ConfUtils.java:logGet(46)) - raft.grpc.server.log-message.batch.duration = 5s (default)
2025-04-23 15:44:43,360 [e48ea510-4cfd-493d-84b4-aa69255fcf6e@group-AC23FF7AA8B3-LeaderElection8] INFO  server.RaftServerConfigKeys (ConfUtils.java:logGet(46)) - raft.server.log.appender.install.snapshot.enabled = false (custom)
2025-04-23 15:44:43,360 [e48ea510-4cfd-493d-84b4-aa69255fcf6e@group-AC23FF7AA8B3-LeaderElection8] INFO  grpc.GrpcConfigKeys (ConfUtils.java:logGet(46)) - raft.grpc.server.heartbeat.channel = true (default)
2025-04-23 15:44:43,361 [e48ea510-4cfd-493d-84b4-aa69255fcf6e@group-AC23FF7AA8B3-LeaderElection8] INFO  impl.RoleInfo (RoleInfo.java:updateAndGet(148)) - e48ea510-4cfd-493d-84b4-aa69255fcf6e: start e48ea510-4cfd-493d-84b4-aa69255fcf6e@group-AC23FF7AA8B3-LeaderStateImpl
2025-04-23 15:44:43,361 [e48ea510-4cfd-493d-84b4-aa69255fcf6e@group-AC23FF7AA8B3-LeaderElection8] INFO  server.RaftServer$Division (RaftServerImpl.java:setFirstElection(562)) - e48ea510-4cfd-493d-84b4-aa69255fcf6e@group-AC23FF7AA8B3: set firstElectionSinceStartup to false for becomeLeader
2025-04-23 15:44:43,361 [e48ea510-4cfd-493d-84b4-aa69255fcf6e@group-AC23FF7AA8B3-LeaderElection8] INFO  ratis.XceiverServerRatis (XceiverServerRatis.java:handleLeaderChangedNotification(942)) - Leader change notification received for group: group-AC23FF7AA8B3 with new leaderId: e48ea510-4cfd-493d-84b4-aa69255fcf6e
2025-04-23 15:44:43,361 [e48ea510-4cfd-493d-84b4-aa69255fcf6e@group-AC23FF7AA8B3-LeaderElection8] INFO  server.RaftServer$Division (ServerState.java:setLeader(272)) - e48ea510-4cfd-493d-84b4-aa69255fcf6e@group-AC23FF7AA8B3: change Leader from null to e48ea510-4cfd-493d-84b4-aa69255fcf6e at term 1 for becomeLeader, leader elected after 1228ms
2025-04-23 15:44:43,361 [e48ea510-4cfd-493d-84b4-aa69255fcf6e@group-AC23FF7AA8B3-LeaderElection8] INFO  segmented.SegmentedRaftLogWorker (SegmentedRaftLogWorker.java:startLogSegment(438)) - e48ea510-4cfd-493d-84b4-aa69255fcf6e@group-AC23FF7AA8B3-SegmentedRaftLogWorker: Starting segment from index:0
2025-04-23 15:44:43,361 [e48ea510-4cfd-493d-84b4-aa69255fcf6e@group-AC23FF7AA8B3-LeaderElection8] INFO  server.RaftServer$Division (ServerState.java:setRaftConf(386)) - e48ea510-4cfd-493d-84b4-aa69255fcf6e@group-AC23FF7AA8B3: set configuration conf: {index: 0, cur=peers:[bea46156-cfa9-40b4-9197-d8d351f5fc2c|127.0.0.1:15023, e48ea510-4cfd-493d-84b4-aa69255fcf6e|127.0.0.1:15031, 1d13aa12-f904-4b76-b74f-beab0aa3318b|127.0.0.1:15039]|listeners:[], old=null}
2025-04-23 15:44:43,362 [e48ea510-4cfd-493d-84b4-aa69255fcf6e@group-AC23FF7AA8B3-SegmentedRaftLogWorker] INFO  segmented.BufferedWriteChannel (BufferedWriteChannel.java:open(61)) - open log_inprogress_0 at position 0
2025-04-23 15:44:43,367 [EventQueue-PipelineReportForPipelineReportHandler] INFO  pipeline.PipelineReportHandler (PipelineReportHandler.java:processPipelineReport(134)) - Opened pipeline PipelineID=8439014f-3643-4d4f-902f-ac23ff7aa8b3
2025-04-23 15:44:43,373 [1d13aa12-f904-4b76-b74f-beab0aa3318b-server-thread1] INFO  ratis.XceiverServerRatis (XceiverServerRatis.java:handleLeaderChangedNotification(942)) - Leader change notification received for group: group-AC23FF7AA8B3 with new leaderId: e48ea510-4cfd-493d-84b4-aa69255fcf6e
2025-04-23 15:44:43,374 [1d13aa12-f904-4b76-b74f-beab0aa3318b-server-thread1] INFO  server.RaftServer$Division (ServerState.java:setLeader(272)) - 1d13aa12-f904-4b76-b74f-beab0aa3318b@group-AC23FF7AA8B3: change Leader from null to e48ea510-4cfd-493d-84b4-aa69255fcf6e at term 1 for appendEntries, leader elected after 1181ms
2025-04-23 15:44:43,375 [bea46156-cfa9-40b4-9197-d8d351f5fc2c-server-thread1] INFO  ratis.XceiverServerRatis (XceiverServerRatis.java:handleLeaderChangedNotification(942)) - Leader change notification received for group: group-AC23FF7AA8B3 with new leaderId: e48ea510-4cfd-493d-84b4-aa69255fcf6e
2025-04-23 15:44:43,376 [bea46156-cfa9-40b4-9197-d8d351f5fc2c-server-thread1] INFO  server.RaftServer$Division (ServerState.java:setLeader(272)) - bea46156-cfa9-40b4-9197-d8d351f5fc2c@group-AC23FF7AA8B3: change Leader from null to e48ea510-4cfd-493d-84b4-aa69255fcf6e at term 1 for appendEntries, leader elected after 1277ms
2025-04-23 15:44:43,375 [e48ea510-4cfd-493d-84b4-aa69255fcf6e@group-AC23FF7AA8B3-SegmentedRaftLogWorker] INFO  segmented.SegmentedRaftLogWorker (SegmentedRaftLogWorker.java:execute(644)) - e48ea510-4cfd-493d-84b4-aa69255fcf6e@group-AC23FF7AA8B3-SegmentedRaftLogWorker: created new log segment /home/runner/work/ozone/ozone/hadoop-ozone/integration-test/target/test-dir/MiniOzoneClusterImpl-5cf50c17-c591-473f-a8c4-88d8665d28d7/ozone-meta/datanode-2/ratis/8439014f-3643-4d4f-902f-ac23ff7aa8b3/current/log_inprogress_0
2025-04-23 15:44:43,376 [1d13aa12-f904-4b76-b74f-beab0aa3318b-server-thread3] INFO  server.RaftServer$Division (ServerState.java:setRaftConf(386)) - 1d13aa12-f904-4b76-b74f-beab0aa3318b@group-AC23FF7AA8B3: set configuration conf: {index: 0, cur=peers:[bea46156-cfa9-40b4-9197-d8d351f5fc2c|127.0.0.1:15023, e48ea510-4cfd-493d-84b4-aa69255fcf6e|127.0.0.1:15031, 1d13aa12-f904-4b76-b74f-beab0aa3318b|127.0.0.1:15039]|listeners:[], old=null}
2025-04-23 15:44:43,377 [bea46156-cfa9-40b4-9197-d8d351f5fc2c-server-thread2] INFO  server.RaftServer$Division (ServerState.java:setRaftConf(386)) - bea46156-cfa9-40b4-9197-d8d351f5fc2c@group-AC23FF7AA8B3: set configuration conf: {index: 0, cur=peers:[bea46156-cfa9-40b4-9197-d8d351f5fc2c|127.0.0.1:15023, e48ea510-4cfd-493d-84b4-aa69255fcf6e|127.0.0.1:15031, 1d13aa12-f904-4b76-b74f-beab0aa3318b|127.0.0.1:15039]|listeners:[], old=null}
2025-04-23 15:44:43,377 [bea46156-cfa9-40b4-9197-d8d351f5fc2c-server-thread2] INFO  segmented.SegmentedRaftLogWorker (SegmentedRaftLogWorker.java:startLogSegment(438)) - bea46156-cfa9-40b4-9197-d8d351f5fc2c@group-AC23FF7AA8B3-SegmentedRaftLogWorker: Starting segment from index:0
2025-04-23 15:44:43,378 [bea46156-cfa9-40b4-9197-d8d351f5fc2c@group-AC23FF7AA8B3-SegmentedRaftLogWorker] INFO  segmented.BufferedWriteChannel (BufferedWriteChannel.java:open(61)) - open log_inprogress_0 at position 0
2025-04-23 15:44:43,377 [1d13aa12-f904-4b76-b74f-beab0aa3318b-server-thread3] INFO  segmented.SegmentedRaftLogWorker (SegmentedRaftLogWorker.java:startLogSegment(438)) - 1d13aa12-f904-4b76-b74f-beab0aa3318b@group-AC23FF7AA8B3-SegmentedRaftLogWorker: Starting segment from index:0
2025-04-23 15:44:43,380 [1d13aa12-f904-4b76-b74f-beab0aa3318b@group-AC23FF7AA8B3-SegmentedRaftLogWorker] INFO  segmented.BufferedWriteChannel (BufferedWriteChannel.java:open(61)) - open log_inprogress_0 at position 0
2025-04-23 15:44:43,390 [bea46156-cfa9-40b4-9197-d8d351f5fc2c@group-AC23FF7AA8B3-SegmentedRaftLogWorker] INFO  segmented.SegmentedRaftLogWorker (SegmentedRaftLogWorker.java:execute(644)) - bea46156-cfa9-40b4-9197-d8d351f5fc2c@group-AC23FF7AA8B3-SegmentedRaftLogWorker: created new log segment /home/runner/work/ozone/ozone/hadoop-ozone/integration-test/target/test-dir/MiniOzoneClusterImpl-5cf50c17-c591-473f-a8c4-88d8665d28d7/ozone-meta/datanode-1/ratis/8439014f-3643-4d4f-902f-ac23ff7aa8b3/current/log_inprogress_0
2025-04-23 15:44:43,391 [1d13aa12-f904-4b76-b74f-beab0aa3318b@group-AC23FF7AA8B3-SegmentedRaftLogWorker] INFO  segmented.SegmentedRaftLogWorker (SegmentedRaftLogWorker.java:execute(644)) - 1d13aa12-f904-4b76-b74f-beab0aa3318b@group-AC23FF7AA8B3-SegmentedRaftLogWorker: created new log segment /home/runner/work/ozone/ozone/hadoop-ozone/integration-test/target/test-dir/MiniOzoneClusterImpl-5cf50c17-c591-473f-a8c4-88d8665d28d7/ozone-meta/datanode-3/ratis/8439014f-3643-4d4f-902f-ac23ff7aa8b3/current/log_inprogress_0
2025-04-23 15:44:43,394 [e48ea510-4cfd-493d-84b4-aa69255fcf6e@group-AC23FF7AA8B3-StateMachineUpdater] INFO  server.RaftServer$Division (LeaderStateImpl.java:checkStartIndex(313)) - Leader e48ea510-4cfd-493d-84b4-aa69255fcf6e@group-AC23FF7AA8B3-LeaderStateImpl is ready since appliedIndex == startIndex == 0
2025-04-23 15:44:43,401 [1d13aa12-f904-4b76-b74f-beab0aa3318b@group-5454E332233E-FollowerState] INFO  impl.FollowerState (FollowerState.java:runImpl(161)) - 1d13aa12-f904-4b76-b74f-beab0aa3318b@group-5454E332233E-FollowerState: change to CANDIDATE, lastRpcElapsedTime:1040797125ns, electionTimeout:1040ms
2025-04-23 15:44:43,401 [1d13aa12-f904-4b76-b74f-beab0aa3318b@group-5454E332233E-FollowerState] INFO  impl.RoleInfo (RoleInfo.java:shutdownFollowerState(121)) - 1d13aa12-f904-4b76-b74f-beab0aa3318b: shutdown 1d13aa12-f904-4b76-b74f-beab0aa3318b@group-5454E332233E-FollowerState
2025-04-23 15:44:43,401 [1d13aa12-f904-4b76-b74f-beab0aa3318b@group-5454E332233E-FollowerState] INFO  server.RaftServer$Division (RaftServerImpl.java:setRole(378)) - 1d13aa12-f904-4b76-b74f-beab0aa3318b@group-5454E332233E: changes role from  FOLLOWER to CANDIDATE at term 0 for changeToCandidate
2025-04-23 15:44:43,401 [1d13aa12-f904-4b76-b74f-beab0aa3318b@group-5454E332233E-FollowerState] INFO  server.RaftServerConfigKeys (ConfUtils.java:logGet(46)) - raft.server.leaderelection.pre-vote = true (default)
2025-04-23 15:44:43,401 [1d13aa12-f904-4b76-b74f-beab0aa3318b@group-5454E332233E-FollowerState] INFO  impl.RoleInfo (RoleInfo.java:updateAndGet(148)) - 1d13aa12-f904-4b76-b74f-beab0aa3318b: start 1d13aa12-f904-4b76-b74f-beab0aa3318b@group-5454E332233E-LeaderElection9
2025-04-23 15:44:43,402 [1d13aa12-f904-4b76-b74f-beab0aa3318b@group-5454E332233E-LeaderElection9] INFO  impl.LeaderElection (LeaderElection.java:askForVotes(332)) - 1d13aa12-f904-4b76-b74f-beab0aa3318b@group-5454E332233E-LeaderElection9 PRE_VOTE round 0: submit vote requests at term 0 for conf: {index: -1, cur=peers:[1d13aa12-f904-4b76-b74f-beab0aa3318b|127.0.0.1:15039]|listeners:[], old=null}
2025-04-23 15:44:43,402 [1d13aa12-f904-4b76-b74f-beab0aa3318b@group-5454E332233E-LeaderElection9] INFO  impl.LeaderElection (LeaderElection.java:askForVotes(334)) - 1d13aa12-f904-4b76-b74f-beab0aa3318b@group-5454E332233E-LeaderElection9 PRE_VOTE round 0: result PASSED (term=0)
2025-04-23 15:44:43,403 [1d13aa12-f904-4b76-b74f-beab0aa3318b@group-5454E332233E-LeaderElection9] INFO  impl.LeaderElection (LeaderElection.java:askForVotes(332)) - 1d13aa12-f904-4b76-b74f-beab0aa3318b@group-5454E332233E-LeaderElection9 ELECTION round 0: submit vote requests at term 1 for conf: {index: -1, cur=peers:[1d13aa12-f904-4b76-b74f-beab0aa3318b|127.0.0.1:15039]|listeners:[], old=null}
2025-04-23 15:44:43,403 [1d13aa12-f904-4b76-b74f-beab0aa3318b@group-5454E332233E-LeaderElection9] INFO  impl.LeaderElection (LeaderElection.java:askForVotes(334)) - 1d13aa12-f904-4b76-b74f-beab0aa3318b@group-5454E332233E-LeaderElection9 ELECTION round 0: result PASSED (term=1)
2025-04-23 15:44:43,403 [1d13aa12-f904-4b76-b74f-beab0aa3318b@group-5454E332233E-LeaderElection9] INFO  impl.RoleInfo (RoleInfo.java:shutdownLeaderElection(141)) - 1d13aa12-f904-4b76-b74f-beab0aa3318b: shutdown 1d13aa12-f904-4b76-b74f-beab0aa3318b@group-5454E332233E-LeaderElection9
2025-04-23 15:44:43,403 [1d13aa12-f904-4b76-b74f-beab0aa3318b@group-5454E332233E-LeaderElection9] INFO  server.RaftServer$Division (RaftServerImpl.java:setRole(378)) - 1d13aa12-f904-4b76-b74f-beab0aa3318b@group-5454E332233E: changes role from CANDIDATE to LEADER at term 1 for changeToLeader
2025-04-23 15:44:43,403 [1d13aa12-f904-4b76-b74f-beab0aa3318b@group-5454E332233E-LeaderElection9] INFO  server.RaftServerConfigKeys (ConfUtils.java:logGet(46)) - raft.server.staging.catchup.gap = 1000 (default)
2025-04-23 15:44:43,404 [1d13aa12-f904-4b76-b74f-beab0aa3318b@group-5454E332233E-LeaderElection9] INFO  server.RaftServerConfigKeys (ConfUtils.java:logGet(46)) - raft.server.write.element-limit = 1024 (custom)
2025-04-23 15:44:43,404 [1d13aa12-f904-4b76-b74f-beab0aa3318b@group-5454E332233E-LeaderElection9] INFO  server.RaftServerConfigKeys (ConfUtils.java:logGet(46)) - raft.server.write.byte-limit = 1024 M (=1073741824) (custom)
2025-04-23 15:44:43,404 [1d13aa12-f904-4b76-b74f-beab0aa3318b@group-5454E332233E-LeaderElection9] INFO  server.RaftServerConfigKeys (ConfUtils.java:logGet(46)) - raft.server.watch.timeout = 30s (custom)
2025-04-23 15:44:43,404 [1d13aa12-f904-4b76-b74f-beab0aa3318b@group-5454E332233E-LeaderElection9] INFO  server.RaftServerConfigKeys (ConfUtils.java:logGet(46)) - raft.server.watch.timeout.denomination = 1s (default)
2025-04-23 15:44:43,404 [1d13aa12-f904-4b76-b74f-beab0aa3318b@group-5454E332233E-LeaderElection9] INFO  server.RaftServerConfigKeys (ConfUtils.java:logGet(46)) - raft.server.watch.element-limit = 65536 (default)
2025-04-23 15:44:43,405 [1d13aa12-f904-4b76-b74f-beab0aa3318b@group-5454E332233E-LeaderElection9] INFO  server.RaftServerConfigKeys (ConfUtils.java:logGet(46)) - raft.server.read.leader.lease.enabled = false (default)
2025-04-23 15:44:43,405 [1d13aa12-f904-4b76-b74f-beab0aa3318b@group-5454E332233E-LeaderElection9] INFO  server.RaftServerConfigKeys (ConfUtils.java:logGet(46)) - raft.server.read.leader.lease.timeout.ratio = 0.9 (default)
2025-04-23 15:44:43,405 [1d13aa12-f904-4b76-b74f-beab0aa3318b@group-5454E332233E-LeaderElection9] INFO  server.RaftServerConfigKeys (ConfUtils.java:logGet(46)) - raft.server.rpc.timeout.min = 5s (custom)
2025-04-23 15:44:43,405 [1d13aa12-f904-4b76-b74f-beab0aa3318b@group-5454E332233E-LeaderElection9] INFO  server.RaftServerConfigKeys (ConfUtils.java:logGet(46)) - raft.server.log.log-metadata.enabled = true (default)
2025-04-23 15:44:43,405 [1d13aa12-f904-4b76-b74f-beab0aa3318b@group-5454E332233E-LeaderElection9] INFO  server.RaftServerConfigKeys (ConfUtils.java:logGet(46)) - raft.server.write.element-limit = 1024 (custom)
2025-04-23 15:44:43,405 [1d13aa12-f904-4b76-b74f-beab0aa3318b@group-5454E332233E-LeaderElection9] INFO  server.RaftServerConfigKeys (ConfUtils.java:logGet(46)) - raft.server.write.follower.gap.ratio.max = -1.0 (default)
2025-04-23 15:44:43,405 [1d13aa12-f904-4b76-b74f-beab0aa3318b@group-5454E332233E-LeaderElection9] INFO  impl.RoleInfo (RoleInfo.java:updateAndGet(148)) - 1d13aa12-f904-4b76-b74f-beab0aa3318b: start 1d13aa12-f904-4b76-b74f-beab0aa3318b@group-5454E332233E-LeaderStateImpl
2025-04-23 15:44:43,406 [1d13aa12-f904-4b76-b74f-beab0aa3318b@group-5454E332233E-LeaderElection9] INFO  server.RaftServer$Division (RaftServerImpl.java:setFirstElection(562)) - 1d13aa12-f904-4b76-b74f-beab0aa3318b@group-5454E332233E: set firstElectionSinceStartup to false for becomeLeader
2025-04-23 15:44:43,406 [1d13aa12-f904-4b76-b74f-beab0aa3318b@group-5454E332233E-LeaderElection9] INFO  ratis.XceiverServerRatis (XceiverServerRatis.java:handleLeaderChangedNotification(942)) - Leader change notification received for group: group-5454E332233E with new leaderId: 1d13aa12-f904-4b76-b74f-beab0aa3318b
2025-04-23 15:44:43,406 [1d13aa12-f904-4b76-b74f-beab0aa3318b@group-5454E332233E-LeaderElection9] INFO  server.RaftServer$Division (ServerState.java:setLeader(272)) - 1d13aa12-f904-4b76-b74f-beab0aa3318b@group-5454E332233E: change Leader from null to 1d13aa12-f904-4b76-b74f-beab0aa3318b at term 1 for becomeLeader, leader elected after 1065ms
2025-04-23 15:44:43,406 [1d13aa12-f904-4b76-b74f-beab0aa3318b@group-5454E332233E-LeaderElection9] INFO  segmented.SegmentedRaftLogWorker (SegmentedRaftLogWorker.java:startLogSegment(438)) - 1d13aa12-f904-4b76-b74f-beab0aa3318b@group-5454E332233E-SegmentedRaftLogWorker: Starting segment from index:0
2025-04-23 15:44:43,406 [1d13aa12-f904-4b76-b74f-beab0aa3318b@group-5454E332233E-LeaderElection9] INFO  server.RaftServer$Division (ServerState.java:setRaftConf(386)) - 1d13aa12-f904-4b76-b74f-beab0aa3318b@group-5454E332233E: set configuration conf: {index: 0, cur=peers:[1d13aa12-f904-4b76-b74f-beab0aa3318b|127.0.0.1:15039]|listeners:[], old=null}
2025-04-23 15:44:43,407 [1d13aa12-f904-4b76-b74f-beab0aa3318b@group-5454E332233E-SegmentedRaftLogWorker] INFO  segmented.BufferedWriteChannel (BufferedWriteChannel.java:open(61)) - open log_inprogress_0 at position 0
2025-04-23 15:44:43,425 [1d13aa12-f904-4b76-b74f-beab0aa3318b@group-5454E332233E-SegmentedRaftLogWorker] INFO  segmented.SegmentedRaftLogWorker (SegmentedRaftLogWorker.java:execute(644)) - 1d13aa12-f904-4b76-b74f-beab0aa3318b@group-5454E332233E-SegmentedRaftLogWorker: created new log segment /home/runner/work/ozone/ozone/hadoop-ozone/integration-test/target/test-dir/MiniOzoneClusterImpl-5cf50c17-c591-473f-a8c4-88d8665d28d7/ozone-meta/datanode-3/ratis/7103c8d5-578f-4288-8714-5454e332233e/current/log_inprogress_0
2025-04-23 15:44:43,428 [1d13aa12-f904-4b76-b74f-beab0aa3318b@group-5454E332233E-StateMachineUpdater] INFO  server.RaftServer$Division (LeaderStateImpl.java:checkStartIndex(313)) - Leader 1d13aa12-f904-4b76-b74f-beab0aa3318b@group-5454E332233E-LeaderStateImpl is ready since appliedIndex == startIndex == 0
2025-04-23 15:44:43,842 [main] INFO  ozone.MiniOzoneClusterImpl (MiniOzoneClusterImpl.java:lambda$waitForClusterToBeReady$0(190)) - Nodes are ready. Got 3 of 3 DN Heartbeats.
2025-04-23 15:44:43,843 [main] INFO  ozone.MiniOzoneClusterImpl (MiniOzoneClusterImpl.java:lambda$waitForClusterToBeReady$0(193)) - Cluster exits safe mode
2025-04-23 15:44:43,843 [main] INFO  ozone.MiniOzoneClusterImpl (MiniOzoneClusterImpl.java:lambda$waitForClusterToBeReady$0(195)) - SCM became leader
2025-04-23 15:44:44,196 [main] INFO  rpc.RpcClient (RpcClient.java:createVolume(462)) - Creating Volume: volume112d922c-8ff6-41fe-af47-b8312bbbb977, with user93776 as owner and space quota set to -1 bytes, counts quota set to -1
2025-04-23 15:44:44,235 [omNode-3-OMStateMachineApplyTransactionThread - 0] WARN  helpers.OzoneAclUtil (OzoneAclUtil.java:getDefaultAclList(77)) - Failed to get primary group from user user93776 (auth:SIMPLE)
2025-04-23 15:44:44,235 [omNode-2-OMStateMachineApplyTransactionThread - 0] WARN  helpers.OzoneAclUtil (OzoneAclUtil.java:getDefaultAclList(77)) - Failed to get primary group from user user93776 (auth:SIMPLE)
2025-04-23 15:44:44,235 [omNode-1-OMStateMachineApplyTransactionThread - 0] WARN  helpers.OzoneAclUtil (OzoneAclUtil.java:getDefaultAclList(77)) - Failed to get primary group from user user93776 (auth:SIMPLE)
2025-04-23 15:44:44,237 [omNode-1-OMStateMachineApplyTransactionThread - 0] INFO  volume.OMVolumeCreateRequest (OMVolumeCreateRequest.java:validateAndUpdateCache(203)) - created volume:volume112d922c-8ff6-41fe-af47-b8312bbbb977 for user:user93776
2025-04-23 15:44:44,237 [omNode-3-OMStateMachineApplyTransactionThread - 0] INFO  volume.OMVolumeCreateRequest (OMVolumeCreateRequest.java:validateAndUpdateCache(203)) - created volume:volume112d922c-8ff6-41fe-af47-b8312bbbb977 for user:user93776
2025-04-23 15:44:44,237 [omNode-2-OMStateMachineApplyTransactionThread - 0] INFO  volume.OMVolumeCreateRequest (OMVolumeCreateRequest.java:validateAndUpdateCache(203)) - created volume:volume112d922c-8ff6-41fe-af47-b8312bbbb977 for user:user93776
2025-04-23 15:44:44,254 [main] INFO  rpc.RpcClient (RpcClient.java:createBucket(687)) - Creating Bucket: volume112d922c-8ff6-41fe-af47-b8312bbbb977/346285c9-0fa7-4d75-b495-8c97edb77fcf, with server-side default bucket layout, runner as owner, Versioning false, Storage Type set to DISK and Encryption set to false, Replication Type set to server-side default replication type, Namespace Quota set to -1, Space Quota set to -1 
2025-04-23 15:44:44,270 [omNode-1-OMStateMachineApplyTransactionThread - 0] INFO  bucket.OMBucketCreateRequest (OMBucketCreateRequest.java:validateAndUpdateCache(291)) - created bucket: 346285c9-0fa7-4d75-b495-8c97edb77fcf of layout OBJECT_STORE in volume: volume112d922c-8ff6-41fe-af47-b8312bbbb977
2025-04-23 15:44:44,272 [omNode-3-OMStateMachineApplyTransactionThread - 0] INFO  bucket.OMBucketCreateRequest (OMBucketCreateRequest.java:validateAndUpdateCache(291)) - created bucket: 346285c9-0fa7-4d75-b495-8c97edb77fcf of layout OBJECT_STORE in volume: volume112d922c-8ff6-41fe-af47-b8312bbbb977
2025-04-23 15:44:44,271 [omNode-2-OMStateMachineApplyTransactionThread - 0] INFO  bucket.OMBucketCreateRequest (OMBucketCreateRequest.java:validateAndUpdateCache(291)) - created bucket: 346285c9-0fa7-4d75-b495-8c97edb77fcf of layout OBJECT_STORE in volume: volume112d922c-8ff6-41fe-af47-b8312bbbb977
2025-04-23 15:44:44,373 [IPC Server handler 9 on default port 15001] INFO  ha.SequenceIdGenerator (SequenceIdGenerator.java:getNextId(143)) - Allocate a batch for containerId, change lastId from 0 to 1000.
2025-04-23 15:44:44,384 [debc8cb4-4a2d-469c-9d41-f06aedad3f91@group-88D8665D28D7-StateMachineUpdater] WARN  ha.SequenceIdGenerator (SequenceIdGenerator.java:allocateBatch(256)) - Failed to allocate a batch for localId, expected lastId is 0, actual lastId is 115816896921600000.
2025-04-23 15:44:44,386 [IPC Server handler 9 on default port 15001] INFO  ha.SequenceIdGenerator (SequenceIdGenerator.java:getNextId(143)) - Allocate a batch for localId, change lastId from 115816896921600000 to 115816896921601000.
2025-04-23 15:44:44,423 [main] INFO  impl.MetricsSystemImpl (MetricsSystemImpl.java:init(158)) - XceiverClientMetrics metrics system started (again)
2025-04-23 15:44:44,954 [main] INFO  rpc.RpcClient (RpcClient.java:createVolume(462)) - Creating Volume: volume96ce1faf-dd53-49a4-96f3-d117d3fc9a68, with user91413 as owner and space quota set to -1 bytes, counts quota set to -1
2025-04-23 15:44:44,977 [omNode-1-OMStateMachineApplyTransactionThread - 0] WARN  helpers.OzoneAclUtil (OzoneAclUtil.java:getDefaultAclList(77)) - Failed to get primary group from user user91413 (auth:SIMPLE)
2025-04-23 15:44:44,977 [omNode-2-OMStateMachineApplyTransactionThread - 0] WARN  helpers.OzoneAclUtil (OzoneAclUtil.java:getDefaultAclList(77)) - Failed to get primary group from user user91413 (auth:SIMPLE)
2025-04-23 15:44:44,977 [omNode-1-OMStateMachineApplyTransactionThread - 0] INFO  volume.OMVolumeCreateRequest (OMVolumeCreateRequest.java:validateAndUpdateCache(203)) - created volume:volume96ce1faf-dd53-49a4-96f3-d117d3fc9a68 for user:user91413
2025-04-23 15:44:44,977 [omNode-3-OMStateMachineApplyTransactionThread - 0] WARN  helpers.OzoneAclUtil (OzoneAclUtil.java:getDefaultAclList(77)) - Failed to get primary group from user user91413 (auth:SIMPLE)
2025-04-23 15:44:44,977 [omNode-3-OMStateMachineApplyTransactionThread - 0] INFO  volume.OMVolumeCreateRequest (OMVolumeCreateRequest.java:validateAndUpdateCache(203)) - created volume:volume96ce1faf-dd53-49a4-96f3-d117d3fc9a68 for user:user91413
2025-04-23 15:44:44,977 [omNode-2-OMStateMachineApplyTransactionThread - 0] INFO  volume.OMVolumeCreateRequest (OMVolumeCreateRequest.java:validateAndUpdateCache(203)) - created volume:volume96ce1faf-dd53-49a4-96f3-d117d3fc9a68 for user:user91413
2025-04-23 15:44:44,981 [main] INFO  rpc.RpcClient (RpcClient.java:createBucket(687)) - Creating Bucket: volume96ce1faf-dd53-49a4-96f3-d117d3fc9a68/081f9fc2-8feb-42c7-8d28-162ff587c0f3, with server-side default bucket layout, runner as owner, Versioning false, Storage Type set to DISK and Encryption set to false, Replication Type set to server-side default replication type, Namespace Quota set to -1, Space Quota set to -1 
2025-04-23 15:44:44,986 [omNode-1-OMStateMachineApplyTransactionThread - 0] INFO  bucket.OMBucketCreateRequest (OMBucketCreateRequest.java:validateAndUpdateCache(291)) - created bucket: 081f9fc2-8feb-42c7-8d28-162ff587c0f3 of layout OBJECT_STORE in volume: volume96ce1faf-dd53-49a4-96f3-d117d3fc9a68
2025-04-23 15:44:44,988 [omNode-2-OMStateMachineApplyTransactionThread - 0] INFO  bucket.OMBucketCreateRequest (OMBucketCreateRequest.java:validateAndUpdateCache(291)) - created bucket: 081f9fc2-8feb-42c7-8d28-162ff587c0f3 of layout OBJECT_STORE in volume: volume96ce1faf-dd53-49a4-96f3-d117d3fc9a68
2025-04-23 15:44:44,989 [omNode-3-OMStateMachineApplyTransactionThread - 0] INFO  bucket.OMBucketCreateRequest (OMBucketCreateRequest.java:validateAndUpdateCache(291)) - created bucket: 081f9fc2-8feb-42c7-8d28-162ff587c0f3 of layout OBJECT_STORE in volume: volume96ce1faf-dd53-49a4-96f3-d117d3fc9a68
2025-04-23 15:44:44,996 [main] INFO  om.OzoneManager (OzoneManager.java:stop(2347)) - omNode-1[localhost:15006]: Stopping Ozone Manager
2025-04-23 15:44:44,996 [main] INFO  ipc.Server (Server.java:stop(3697)) - Stopping server on 15006
2025-04-23 15:44:45,001 [IPC Server listener on 15006] INFO  ipc.Server (Server.java:run(1585)) - Stopping IPC Server listener on 15006
2025-04-23 15:44:45,002 [IPC Server Responder] INFO  ipc.Server (Server.java:run(1718)) - Stopping IPC Server Responder
2025-04-23 15:44:45,002 [main] INFO  ratis.OzoneManagerRatisServer (OzoneManagerRatisServer.java:stop(634)) - Stopping org.apache.hadoop.ozone.om.ratis.OzoneManagerRatisServer@5a69d594 at port 15009
2025-04-23 15:44:45,002 [main] INFO  server.RaftServer (RaftServerProxy.java:lambda$close$9(417)) - omNode-1: close
2025-04-23 15:44:45,003 [main] INFO  server.GrpcService (GrpcService.java:closeImpl(343)) - omNode-1: shutdown server GrpcServerProtocolService now
2025-04-23 15:44:45,003 [omNode-1-impl-thread1] INFO  server.RaftServer$Division (RaftServerImpl.java:lambda$close$1(513)) - omNode-1@group-523986131536: shutdown
2025-04-23 15:44:45,003 [omNode-1-impl-thread1] INFO  util.JmxRegister (JmxRegister.java:unregister(74)) - Successfully un-registered JMX Bean with object name Ratis:service=RaftServer,group=group-523986131536,id=omNode-1
2025-04-23 15:44:45,003 [omNode-1-impl-thread1] INFO  impl.RoleInfo (RoleInfo.java:shutdownLeaderState(103)) - omNode-1: shutdown omNode-1@group-523986131536-LeaderStateImpl
2025-04-23 15:44:45,003 [omNode-1-impl-thread1] INFO  impl.PendingRequests (PendingRequests.java:sendNotLeaderResponses(287)) - omNode-1@group-523986131536-PendingRequests: sendNotLeaderResponses
2025-04-23 15:44:45,003 [omNode-1@group-523986131536->omNode-2-GrpcLogAppender-LogAppenderDaemon] WARN  server.GrpcLogAppender (GrpcLogAppender.java:mayWait(293)) - omNode-1@group-523986131536->omNode-2-GrpcLogAppender: Wait interrupted by java.lang.InterruptedException
2025-04-23 15:44:45,003 [omNode-1@group-523986131536->omNode-3-GrpcLogAppender-LogAppenderDaemon] WARN  server.GrpcLogAppender (GrpcLogAppender.java:mayWait(293)) - omNode-1@group-523986131536->omNode-3-GrpcLogAppender: Wait interrupted by java.lang.InterruptedException
2025-04-23 15:44:45,006 [grpc-default-executor-1] INFO  server.GrpcServerProtocolService (GrpcServerProtocolService.java:onCompleted(157)) - omNode-2: Completed APPEND_ENTRIES, lastRequest: null
2025-04-23 15:44:45,007 [grpc-default-executor-0] INFO  server.GrpcServerProtocolService (GrpcServerProtocolService.java:onCompleted(157)) - omNode-2: Completed APPEND_ENTRIES, lastRequest: omNode-1->omNode-2#59-t1,previous=(t:1, i:19),leaderCommit=19,initializing? false,entries: size=1, first=(t:1, i:20), METADATAENTRY(c:19)
2025-04-23 15:44:45,007 [omNode-1-impl-thread1] INFO  impl.StateMachineUpdater (StateMachineUpdater.java:stopAndJoin(164)) - omNode-1@group-523986131536-StateMachineUpdater: set stopIndex = 20
2025-04-23 15:44:45,007 [grpc-default-executor-2] INFO  server.GrpcServerProtocolService (GrpcServerProtocolService.java:onCompleted(157)) - omNode-3: Completed APPEND_ENTRIES, lastRequest: null
2025-04-23 15:44:45,008 [grpc-default-executor-0] INFO  server.GrpcServerProtocolService (GrpcServerProtocolService.java:lambda$onCompleted$5(159)) - omNode-2: Completed APPEND_ENTRIES, lastReply: null
2025-04-23 15:44:45,008 [grpc-default-executor-3] INFO  server.GrpcServerProtocolService (GrpcServerProtocolService.java:onCompleted(157)) - omNode-3: Completed APPEND_ENTRIES, lastRequest: omNode-1->omNode-3#815-t1,previous=(t:1, i:19),leaderCommit=19,initializing? false,entries: size=1, first=(t:1, i:20), METADATAENTRY(c:19)
2025-04-23 15:44:45,008 [grpc-default-executor-3] INFO  server.GrpcServerProtocolService (GrpcServerProtocolService.java:lambda$onCompleted$5(159)) - omNode-3: Completed APPEND_ENTRIES, lastReply: null
2025-04-23 15:44:45,010 [grpc-default-executor-3] INFO  server.GrpcLogAppender (GrpcLogAppender.java:onCompleted(550)) - omNode-1@group-523986131536->omNode-3-AppendLogResponseHandler: follower responses appendEntries COMPLETED
2025-04-23 15:44:45,012 [Thread-762] INFO  server.GrpcServerProtocolClient (GrpcServerProtocolClient.java:close(105)) - omNode-3 Close channels
2025-04-23 15:44:45,013 [grpc-default-executor-0] INFO  server.GrpcLogAppender (GrpcLogAppender.java:onCompleted(550)) - omNode-1@group-523986131536->omNode-2-AppendLogResponseHandler: follower responses appendEntries COMPLETED
2025-04-23 15:44:45,013 [Thread-764] INFO  server.GrpcServerProtocolClient (GrpcServerProtocolClient.java:close(105)) - omNode-2 Close channels
2025-04-23 15:44:45,021 [grpc-default-executor-2] INFO  server.GrpcServerProtocolService (GrpcServerProtocolService.java:lambda$onCompleted$5(159)) - omNode-3: Completed APPEND_ENTRIES, lastReply: serverReply {
  requestorId: "omNode-1"
  replyId: "omNode-3"
  raftGroupId {
    id: "\311\274L\364;\303<`\246kR9\206\023\0256"
  }
  callId: 772
  success: true
}
term: 1
nextIndex: 1
matchIndex: 18446744073709551615
isHearbeat: true

2025-04-23 15:44:45,021 [grpc-default-executor-1] INFO  server.GrpcServerProtocolService (GrpcServerProtocolService.java:lambda$onCompleted$5(159)) - omNode-2: Completed APPEND_ENTRIES, lastReply: serverReply {
  requestorId: "omNode-1"
  replyId: "omNode-2"
  raftGroupId {
    id: "\311\274L\364;\303<`\246kR9\206\023\0256"
  }
  callId: 16
  success: true
}
term: 1
nextIndex: 1
matchIndex: 18446744073709551615
isHearbeat: true

2025-04-23 15:44:45,023 [grpc-default-executor-1] INFO  server.GrpcLogAppender (GrpcLogAppender.java:onCompleted(550)) - omNode-1@group-523986131536->omNode-2-AppendLogResponseHandler: follower responses appendEntries COMPLETED
2025-04-23 15:44:45,023 [grpc-default-executor-1] WARN  server.GrpcLogAppender (GrpcLogAppender.java:resetClient(230)) - omNode-1@group-523986131536->omNode-2-GrpcLogAppender: Failed to getClient for omNode-2
org.apache.ratis.protocol.exceptions.AlreadyClosedException: omNode-1 is already CLOSED
	at org.apache.ratis.util.PeerProxyMap$PeerAndProxy.getProxy(PeerProxyMap.java:67)
	at org.apache.ratis.util.PeerProxyMap.getProxy(PeerProxyMap.java:124)
	at org.apache.ratis.grpc.server.GrpcLogAppender.getClient(GrpcLogAppender.java:200)
	at org.apache.ratis.grpc.server.GrpcLogAppender.resetClient(GrpcLogAppender.java:205)
	at org.apache.ratis.grpc.server.GrpcLogAppender.access$800(GrpcLogAppender.java:64)
	at org.apache.ratis.grpc.server.GrpcLogAppender$AppendLogResponseHandler.onCompleted(GrpcLogAppender.java:551)
	at org.apache.ratis.thirdparty.io.grpc.stub.ClientCalls$StreamObserverToCallListenerAdapter.onClose(ClientCalls.java:479)
	at org.apache.ratis.thirdparty.io.grpc.internal.DelayedClientCall$DelayedListener$3.run(DelayedClientCall.java:489)
	at org.apache.ratis.thirdparty.io.grpc.internal.DelayedClientCall$DelayedListener.delayOrExecute(DelayedClientCall.java:453)
	at org.apache.ratis.thirdparty.io.grpc.internal.DelayedClientCall$DelayedListener.onClose(DelayedClientCall.java:486)
	at org.apache.ratis.thirdparty.io.grpc.internal.ClientCallImpl.closeObserver(ClientCallImpl.java:567)
	at org.apache.ratis.thirdparty.io.grpc.internal.ClientCallImpl.access$300(ClientCallImpl.java:71)
	at org.apache.ratis.thirdparty.io.grpc.internal.ClientCallImpl$ClientStreamListenerImpl$1StreamClosed.runInternal(ClientCallImpl.java:735)
	at org.apache.ratis.thirdparty.io.grpc.internal.ClientCallImpl$ClientStreamListenerImpl$1StreamClosed.runInContext(ClientCallImpl.java:716)
	at org.apache.ratis.thirdparty.io.grpc.internal.ContextRunnable.run(ContextRunnable.java:37)
	at org.apache.ratis.thirdparty.io.grpc.internal.SerializingExecutor.run(SerializingExecutor.java:133)
	at java.base/java.util.concurrent.ThreadPoolExecutor.runWorker(ThreadPoolExecutor.java:1144)
	at java.base/java.util.concurrent.ThreadPoolExecutor$Worker.run(ThreadPoolExecutor.java:642)
	at java.base/java.lang.Thread.run(Thread.java:1583)
2025-04-23 15:44:45,024 [main] INFO  server.GrpcService (GrpcService.java:closeImpl(352)) - omNode-1: shutdown server GrpcServerProtocolService successfully
2025-04-23 15:44:45,023 [grpc-default-executor-2] INFO  server.GrpcLogAppender (GrpcLogAppender.java:onCompleted(550)) - omNode-1@group-523986131536->omNode-3-AppendLogResponseHandler: follower responses appendEntries COMPLETED
2025-04-23 15:44:45,025 [grpc-default-executor-2] WARN  server.GrpcLogAppender (GrpcLogAppender.java:resetClient(230)) - omNode-1@group-523986131536->omNode-3-GrpcLogAppender: Failed to getClient for omNode-3
org.apache.ratis.protocol.exceptions.AlreadyClosedException: omNode-1 is already CLOSED
	at org.apache.ratis.util.PeerProxyMap$PeerAndProxy.getProxy(PeerProxyMap.java:67)
	at org.apache.ratis.util.PeerProxyMap.getProxy(PeerProxyMap.java:124)
	at org.apache.ratis.grpc.server.GrpcLogAppender.getClient(GrpcLogAppender.java:200)
	at org.apache.ratis.grpc.server.GrpcLogAppender.resetClient(GrpcLogAppender.java:205)
	at org.apache.ratis.grpc.server.GrpcLogAppender.access$800(GrpcLogAppender.java:64)
	at org.apache.ratis.grpc.server.GrpcLogAppender$AppendLogResponseHandler.onCompleted(GrpcLogAppender.java:551)
	at org.apache.ratis.thirdparty.io.grpc.stub.ClientCalls$StreamObserverToCallListenerAdapter.onClose(ClientCalls.java:479)
	at org.apache.ratis.thirdparty.io.grpc.internal.ClientCallImpl.closeObserver(ClientCallImpl.java:567)
	at org.apache.ratis.thirdparty.io.grpc.internal.ClientCallImpl.access$300(ClientCallImpl.java:71)
	at org.apache.ratis.thirdparty.io.grpc.internal.ClientCallImpl$ClientStreamListenerImpl$1StreamClosed.runInternal(ClientCallImpl.java:735)
	at org.apache.ratis.thirdparty.io.grpc.internal.ClientCallImpl$ClientStreamListenerImpl$1StreamClosed.runInContext(ClientCallImpl.java:716)
	at org.apache.ratis.thirdparty.io.grpc.internal.ContextRunnable.run(ContextRunnable.java:37)
	at org.apache.ratis.thirdparty.io.grpc.internal.SerializingExecutor.run(SerializingExecutor.java:133)
	at java.base/java.util.concurrent.ThreadPoolExecutor.runWorker(ThreadPoolExecutor.java:1144)
	at java.base/java.util.concurrent.ThreadPoolExecutor$Worker.run(ThreadPoolExecutor.java:642)
	at java.base/java.lang.Thread.run(Thread.java:1583)
2025-04-23 15:44:45,044 [omNode-1@group-523986131536-StateMachineUpdater] INFO  ratis.OzoneManagerStateMachine (OzoneManagerStateMachine.java:takeSnapshotImpl(510)) - omNode-1: taking snapshot. applied = (t:1, i:20), skipped = 19, notified = (t:1, i:20), current snapshot index = (t:1, i:20), took 37 ms
2025-04-23 15:44:45,044 [omNode-1@group-523986131536-StateMachineUpdater] INFO  impl.StateMachineUpdater (StateMachineUpdater.java:takeSnapshot(303)) - omNode-1@group-523986131536-StateMachineUpdater: Took a snapshot at index 20
2025-04-23 15:44:45,044 [omNode-1@group-523986131536-StateMachineUpdater] INFO  impl.StateMachineUpdater (StateMachineUpdater.java:lambda$new$0(102)) - omNode-1@group-523986131536-StateMachineUpdater: snapshotIndex: updateIncreasingly -1 -> 20
2025-04-23 15:44:45,044 [omNode-1@group-523986131536-StateMachineUpdater] INFO  impl.StateMachineUpdater (StateMachineUpdater.java:stop(141)) - omNode-1@group-523986131536-StateMachineUpdater: closing OzoneManagerStateMachine, lastApplied=(t:1, i:20)
2025-04-23 15:44:45,044 [omNode-1@group-523986131536-StateMachineUpdater] INFO  ratis.OzoneManagerStateMachine (OzoneManagerStateMachine.java:close(550)) - Stopping OzoneManagerStateMachine:omNode-1:group-523986131536.
2025-04-23 15:44:45,044 [omNode-1@group-523986131536-StateMachineUpdater] INFO  ratis.OzoneManagerDoubleBuffer (OzoneManagerDoubleBuffer.java:stopDaemon(500)) - Stopping OMDoubleBuffer flush thread
2025-04-23 15:44:45,045 [omNode-1-OMDoubleBufferFlushThread] INFO  ratis.OzoneManagerDoubleBuffer (OzoneManagerDoubleBuffer.java:canFlush(559)) - OMDoubleBuffer flush thread omNode-1-OMDoubleBufferFlushThread is interrupted and will exit.
2025-04-23 15:44:45,045 [omNode-1@group-523986131536-cacheEviction-AwaitToRun] INFO  util.AwaitToRun (AwaitToRun.java:run(49)) - omNode-1@group-523986131536-cacheEviction-AwaitToRun-AwaitForSignal is interrupted
2025-04-23 15:44:45,995 [omNode-1-impl-thread1] INFO  segmented.SegmentedRaftLogWorker (SegmentedRaftLogWorker.java:close(252)) - omNode-1@group-523986131536-SegmentedRaftLogWorker close()
2025-04-23 15:44:45,996 [JvmPauseMonitor2] INFO  util.JvmPauseMonitor (JvmPauseMonitor.java:run(152)) - JvmPauseMonitor-omNode-1: Stopped
2025-04-23 15:44:45,996 [main] INFO  utils.BackgroundService (BackgroundService.java:shutdown(161)) - Shutting down service KeyDeletingService
2025-04-23 15:44:45,997 [main] INFO  utils.BackgroundService (BackgroundService.java:shutdown(161)) - Shutting down service DirectoryDeletingService
2025-04-23 15:44:45,998 [main] INFO  utils.BackgroundService (BackgroundService.java:shutdown(161)) - Shutting down service OpenKeyCleanupService
2025-04-23 15:44:45,999 [main] INFO  utils.BackgroundService (BackgroundService.java:shutdown(161)) - Shutting down service SstFilteringService
2025-04-23 15:44:45,999 [main] INFO  utils.BackgroundService (BackgroundService.java:shutdown(161)) - Shutting down service SnapshotDeletingService
2025-04-23 15:44:45,999 [main] INFO  utils.BackgroundService (BackgroundService.java:shutdown(161)) - Shutting down service MultipartUploadCleanupService
2025-04-23 15:44:46,001 [main] INFO  handler.ContextHandler (ContextHandler.java:doStop(1159)) - Stopped o.e.j.w.WebAppContext@4e02800b{ozoneManager,/,null,STOPPED}{file:/home/runner/work/ozone/ozone/hadoop-ozone/integration-test/target/test-classes/webapps/ozoneManager}
2025-04-23 15:44:46,004 [main] INFO  server.AbstractConnector (AbstractConnector.java:doStop(383)) - Stopped ServerConnector@13421eb0{HTTP/1.1, (http/1.1)}{0.0.0.0:15007}
2025-04-23 15:44:46,004 [main] INFO  server.session (HouseKeeper.java:stopScavenging(149)) - node0 Stopped scavenging
2025-04-23 15:44:46,004 [main] INFO  handler.ContextHandler (ContextHandler.java:doStop(1159)) - Stopped o.e.j.s.ServletContextHandler@60362b7{static,/static,file:///home/runner/work/ozone/ozone/hadoop-ozone/integration-test/target/test-classes/webapps/static,STOPPED}
2025-04-23 15:44:46,004 [main] INFO  handler.ContextHandler (ContextHandler.java:doStop(1159)) - Stopped o.e.j.s.ServletContextHandler@33c4fc94{logs,/logs,file:///home/runner/work/ozone/ozone/hadoop-ozone/integration-test/target/log,STOPPED}
2025-04-23 15:44:46,006 [main] INFO  rocksdiff.RocksDBCheckpointDiffer (RocksDBCheckpointDiffer.java:close(304)) - Shutting down CompactionDagPruningService.
2025-04-23 15:44:46,009 [main] INFO  snapshot.SnapshotDiffManager (SnapshotDiffManager.java:closeExecutorService(1698)) - Shutting down executorService: 'SnapDiffExecutor'
2025-04-23 15:44:46,009 [main] INFO  utils.BackgroundService (BackgroundService.java:shutdown(161)) - Shutting down service SnapshotDiffCleanupService
2025-04-23 15:44:46,609 [omNode-2@group-523986131536-FollowerState] INFO  impl.FollowerState (FollowerState.java:runImpl(161)) - omNode-2@group-523986131536-FollowerState: change to CANDIDATE, lastRpcElapsedTime:1609975396ns, electionTimeout:1149ms
2025-04-23 15:44:46,609 [omNode-2@group-523986131536-FollowerState] INFO  impl.RoleInfo (RoleInfo.java:shutdownFollowerState(121)) - omNode-2: shutdown omNode-2@group-523986131536-FollowerState
2025-04-23 15:44:46,609 [omNode-2@group-523986131536-FollowerState] INFO  server.RaftServer$Division (RaftServerImpl.java:setRole(378)) - omNode-2@group-523986131536: changes role from  FOLLOWER to CANDIDATE at term 1 for changeToCandidate
2025-04-23 15:44:46,609 [omNode-2@group-523986131536-FollowerState] INFO  server.RaftServerConfigKeys (ConfUtils.java:logGet(46)) - raft.server.leaderelection.pre-vote = true (default)
2025-04-23 15:44:46,609 [omNode-2@group-523986131536-FollowerState] INFO  impl.RoleInfo (RoleInfo.java:updateAndGet(148)) - omNode-2: start omNode-2@group-523986131536-LeaderElection10
2025-04-23 15:44:46,610 [omNode-2@group-523986131536-LeaderElection10] INFO  server.RaftServer$Division (ServerState.java:setLeader(272)) - omNode-2@group-523986131536: change Leader from omNode-1 to null at term 1 for PRE_VOTE
2025-04-23 15:44:46,610 [omNode-2@group-523986131536-LeaderElection10] INFO  impl.LeaderElection (LeaderElection.java:askForVotes(332)) - omNode-2@group-523986131536-LeaderElection10 PRE_VOTE round 0: submit vote requests at term 1 for conf: {index: 0, cur=peers:[omNode-3|localhost:15017, omNode-1|localhost:15009, omNode-2|localhost:15013]|listeners:[], old=null}
2025-04-23 15:44:46,610 [omNode-2@group-523986131536-LeaderElection10-1] INFO  server.GrpcServerProtocolClient (GrpcServerProtocolClient.java:<init>(65)) - Build channel for omNode-3|localhost:15017
2025-04-23 15:44:46,610 [omNode-2@group-523986131536-LeaderElection10-2] INFO  server.GrpcServerProtocolClient (GrpcServerProtocolClient.java:<init>(65)) - Build channel for omNode-1|localhost:15009
2025-04-23 15:44:46,614 [omNode-2@group-523986131536-LeaderElection10] INFO  impl.LeaderElection (LogUtils.java:infoOrTrace(136)) - omNode-2@group-523986131536-LeaderElection10 got exception when requesting votes: java.util.concurrent.ExecutionException: org.apache.ratis.thirdparty.io.grpc.StatusRuntimeException: UNAVAILABLE: io exception
2025-04-23 15:44:46,616 [grpc-default-executor-2] INFO  server.RaftServer$Division (RaftServerImpl.java:requestVote(1407)) - omNode-3@group-523986131536: receive requestVote(PRE_VOTE, omNode-2, group-523986131536, 1, (t:1, i:20))
2025-04-23 15:44:46,616 [grpc-default-executor-2] INFO  impl.VoteContext (VoteContext.java:log(49)) - omNode-3@group-523986131536-FOLLOWER: accept PRE_VOTE from omNode-2: our priority 0 <= candidate's priority 0
2025-04-23 15:44:46,616 [grpc-default-executor-2] INFO  server.RaftServer$Division (RaftServerImpl.java:requestVote(1441)) - omNode-3@group-523986131536 replies to PRE_VOTE vote request: omNode-2<-omNode-3#0:OK-t1. Peer's state: omNode-3@group-523986131536:t1, leader=omNode-1, voted=null, raftlog=Memoized:omNode-3@group-523986131536-SegmentedRaftLog:OPENED:c19:last(t:1, i:20), conf=conf: {index: 0, cur=peers:[omNode-3|localhost:15017, omNode-1|localhost:15009, omNode-2|localhost:15013]|listeners:[], old=null}
2025-04-23 15:44:46,618 [omNode-2@group-523986131536-LeaderElection10] INFO  impl.LeaderElection (LeaderElection.java:logAndReturn(90)) - omNode-2@group-523986131536-LeaderElection10: PRE_VOTE PASSED received 1 response(s) and 1 exception(s):
2025-04-23 15:44:46,618 [omNode-2@group-523986131536-LeaderElection10] INFO  impl.LeaderElection (LeaderElection.java:logAndReturn(94)) -   Response 0: omNode-2<-omNode-3#0:OK-t1
2025-04-23 15:44:46,618 [omNode-2@group-523986131536-LeaderElection10] INFO  impl.LeaderElection (LogUtils.java:infoOrTrace(136)) -   Exception 1: java.util.concurrent.ExecutionException: org.apache.ratis.thirdparty.io.grpc.StatusRuntimeException: UNAVAILABLE: io exception
2025-04-23 15:44:46,618 [omNode-2@group-523986131536-LeaderElection10] INFO  impl.LeaderElection (LeaderElection.java:askForVotes(334)) - omNode-2@group-523986131536-LeaderElection10 PRE_VOTE round 0: result PASSED
2025-04-23 15:44:46,620 [omNode-2@group-523986131536-LeaderElection10] INFO  impl.LeaderElection (LeaderElection.java:askForVotes(332)) - omNode-2@group-523986131536-LeaderElection10 ELECTION round 0: submit vote requests at term 2 for conf: {index: 0, cur=peers:[omNode-3|localhost:15017, omNode-1|localhost:15009, omNode-2|localhost:15013]|listeners:[], old=null}
2025-04-23 15:44:46,621 [omNode-2@group-523986131536-LeaderElection10] INFO  impl.LeaderElection (LogUtils.java:infoOrTrace(136)) - omNode-2@group-523986131536-LeaderElection10 got exception when requesting votes: java.util.concurrent.ExecutionException: org.apache.ratis.thirdparty.io.grpc.StatusRuntimeException: UNAVAILABLE: io exception
2025-04-23 15:44:46,622 [grpc-default-executor-2] INFO  server.RaftServer$Division (RaftServerImpl.java:requestVote(1407)) - omNode-3@group-523986131536: receive requestVote(ELECTION, omNode-2, group-523986131536, 2, (t:1, i:20))
2025-04-23 15:44:46,622 [grpc-default-executor-2] INFO  impl.VoteContext (VoteContext.java:log(49)) - omNode-3@group-523986131536-FOLLOWER: accept ELECTION from omNode-2: our priority 0 <= candidate's priority 0
2025-04-23 15:44:46,622 [grpc-default-executor-2] INFO  server.RaftServer$Division (RaftServerImpl.java:setRole(378)) - omNode-3@group-523986131536: changes role from  FOLLOWER to FOLLOWER at term 1 for candidate:omNode-2
2025-04-23 15:44:46,622 [grpc-default-executor-2] INFO  impl.RoleInfo (RoleInfo.java:shutdownFollowerState(121)) - omNode-3: shutdown omNode-3@group-523986131536-FollowerState
2025-04-23 15:44:46,622 [grpc-default-executor-2] INFO  server.RaftServer$Division (ServerState.java:setLeader(272)) - omNode-3@group-523986131536: change Leader from omNode-1 to null at term 2 for updateCurrentTerm
2025-04-23 15:44:46,622 [grpc-default-executor-2] INFO  impl.RoleInfo (RoleInfo.java:updateAndGet(148)) - omNode-3: start omNode-3@group-523986131536-FollowerState
2025-04-23 15:44:46,623 [omNode-3@group-523986131536-FollowerState] INFO  impl.FollowerState (FollowerState.java:runImpl(170)) - omNode-3@group-523986131536-FollowerState was interrupted
2025-04-23 15:44:46,624 [grpc-default-executor-2] INFO  server.RaftServer$Division (RaftServerImpl.java:requestVote(1441)) - omNode-3@group-523986131536 replies to ELECTION vote request: omNode-2<-omNode-3#0:OK-t2. Peer's state: omNode-3@group-523986131536:t2, leader=null, voted=omNode-2, raftlog=Memoized:omNode-3@group-523986131536-SegmentedRaftLog:OPENED:c19:last(t:1, i:20), conf=conf: {index: 0, cur=peers:[omNode-3|localhost:15017, omNode-1|localhost:15009, omNode-2|localhost:15013]|listeners:[], old=null}
2025-04-23 15:44:46,625 [omNode-2@group-523986131536-LeaderElection10] INFO  impl.LeaderElection (LeaderElection.java:logAndReturn(90)) - omNode-2@group-523986131536-LeaderElection10: ELECTION PASSED received 1 response(s) and 1 exception(s):
2025-04-23 15:44:46,625 [omNode-2@group-523986131536-LeaderElection10] INFO  impl.LeaderElection (LeaderElection.java:logAndReturn(94)) -   Response 0: omNode-2<-omNode-3#0:OK-t2
2025-04-23 15:44:46,625 [omNode-2@group-523986131536-LeaderElection10] INFO  impl.LeaderElection (LogUtils.java:infoOrTrace(136)) -   Exception 1: java.util.concurrent.ExecutionException: org.apache.ratis.thirdparty.io.grpc.StatusRuntimeException: UNAVAILABLE: io exception
2025-04-23 15:44:46,625 [omNode-2@group-523986131536-LeaderElection10] INFO  impl.LeaderElection (LeaderElection.java:askForVotes(334)) - omNode-2@group-523986131536-LeaderElection10 ELECTION round 0: result PASSED
2025-04-23 15:44:46,625 [omNode-2@group-523986131536-LeaderElection10] INFO  impl.RoleInfo (RoleInfo.java:shutdownLeaderElection(141)) - omNode-2: shutdown omNode-2@group-523986131536-LeaderElection10
2025-04-23 15:44:46,625 [omNode-2@group-523986131536-LeaderElection10] INFO  server.RaftServer$Division (RaftServerImpl.java:setRole(378)) - omNode-2@group-523986131536: changes role from CANDIDATE to LEADER at term 2 for changeToLeader
2025-04-23 15:44:46,625 [omNode-2@group-523986131536-LeaderElection10] INFO  server.RaftServerConfigKeys (ConfUtils.java:logGet(46)) - raft.server.staging.catchup.gap = 1000 (default)
2025-04-23 15:44:46,626 [omNode-2@group-523986131536-LeaderElection10] INFO  server.RaftServerConfigKeys (ConfUtils.java:logGet(46)) - raft.server.write.element-limit = 4096 (default)
2025-04-23 15:44:46,626 [omNode-2@group-523986131536-LeaderElection10] INFO  server.RaftServerConfigKeys (ConfUtils.java:logGet(46)) - raft.server.write.byte-limit = 64MB (=67108864) (default)
2025-04-23 15:44:46,626 [omNode-2@group-523986131536-LeaderElection10] INFO  server.RaftServerConfigKeys (ConfUtils.java:logGet(46)) - raft.server.watch.timeout = 10s (default)
2025-04-23 15:44:46,626 [omNode-2@group-523986131536-LeaderElection10] INFO  server.RaftServerConfigKeys (ConfUtils.java:logGet(46)) - raft.server.watch.timeout.denomination = 1s (default)
2025-04-23 15:44:46,627 [omNode-2@group-523986131536-LeaderElection10] INFO  server.RaftServerConfigKeys (ConfUtils.java:logGet(46)) - raft.server.watch.element-limit = 65536 (default)
2025-04-23 15:44:46,627 [omNode-2@group-523986131536-LeaderElection10] INFO  server.RaftServerConfigKeys (ConfUtils.java:logGet(46)) - raft.server.read.leader.lease.enabled = false (default)
2025-04-23 15:44:46,627 [omNode-2@group-523986131536-LeaderElection10] INFO  server.RaftServerConfigKeys (ConfUtils.java:logGet(46)) - raft.server.read.leader.lease.timeout.ratio = 0.9 (default)
2025-04-23 15:44:46,627 [omNode-2@group-523986131536-LeaderElection10] INFO  server.RaftServerConfigKeys (ConfUtils.java:logGet(46)) - raft.server.rpc.timeout.min = 1s (custom)
2025-04-23 15:44:46,627 [omNode-2@group-523986131536-LeaderElection10] INFO  server.RaftServerConfigKeys (ConfUtils.java:logGet(46)) - raft.server.log.log-metadata.enabled = true (default)
2025-04-23 15:44:46,627 [omNode-2@group-523986131536-LeaderElection10] INFO  server.RaftServerConfigKeys (ConfUtils.java:logGet(46)) - raft.server.write.element-limit = 4096 (default)
2025-04-23 15:44:46,627 [omNode-2@group-523986131536-LeaderElection10] INFO  server.RaftServerConfigKeys (ConfUtils.java:logGet(46)) - raft.server.write.follower.gap.ratio.max = -1.0 (default)
2025-04-23 15:44:46,628 [omNode-2@group-523986131536-LeaderElection10] INFO  server.RaftServerConfigKeys (ConfUtils.java:logGet(46)) - raft.server.log.appender.snapshot.chunk.size.max = 16MB (=16777216) (default)
2025-04-23 15:44:46,628 [omNode-2@group-523986131536-LeaderElection10] INFO  server.RaftServerConfigKeys (ConfUtils.java:logGet(46)) - raft.server.log.appender.buffer.byte-limit = 4194304 (custom)
2025-04-23 15:44:46,628 [omNode-2@group-523986131536-LeaderElection10] INFO  server.RaftServerConfigKeys (ConfUtils.java:logGet(46)) - raft.server.log.appender.buffer.element-limit = 1024 (custom)
2025-04-23 15:44:46,628 [omNode-2@group-523986131536-LeaderElection10] INFO  server.RaftServerConfigKeys (ConfUtils.java:logGet(46)) - raft.server.log.appender.wait-time.min = 0ms (custom)
2025-04-23 15:44:46,628 [omNode-2@group-523986131536-LeaderElection10] INFO  grpc.GrpcConfigKeys (ConfUtils.java:logGet(46)) - raft.grpc.server.leader.outstanding.appends.max = 8 (default)
2025-04-23 15:44:46,628 [omNode-2@group-523986131536-LeaderElection10] INFO  server.RaftServerConfigKeys (ConfUtils.java:logGet(46)) - raft.server.rpc.request.timeout = 3000ms (default)
2025-04-23 15:44:46,629 [omNode-2@group-523986131536-LeaderElection10] INFO  grpc.GrpcConfigKeys (ConfUtils.java:logGet(46)) - raft.grpc.server.install_snapshot.request.element-limit = 8 (default)
2025-04-23 15:44:46,629 [omNode-2@group-523986131536-LeaderElection10] INFO  grpc.GrpcConfigKeys (ConfUtils.java:logGet(46)) - raft.grpc.server.install_snapshot.request.timeout = 3000ms (default)
2025-04-23 15:44:46,629 [omNode-2@group-523986131536-LeaderElection10] INFO  grpc.GrpcConfigKeys (ConfUtils.java:logGet(46)) - raft.grpc.server.log-message.batch.duration = 5s (default)
2025-04-23 15:44:46,629 [omNode-2@group-523986131536-LeaderElection10] INFO  server.RaftServerConfigKeys (ConfUtils.java:logGet(46)) - raft.server.log.appender.install.snapshot.enabled = false (custom)
2025-04-23 15:44:46,629 [omNode-2@group-523986131536-LeaderElection10] INFO  grpc.GrpcConfigKeys (ConfUtils.java:logGet(46)) - raft.grpc.server.heartbeat.channel = true (default)
2025-04-23 15:44:46,630 [omNode-2@group-523986131536-LeaderElection10] INFO  server.RaftServerConfigKeys (ConfUtils.java:logGet(46)) - raft.server.log.appender.snapshot.chunk.size.max = 16MB (=16777216) (default)
2025-04-23 15:44:46,630 [omNode-2@group-523986131536-LeaderElection10] INFO  server.RaftServerConfigKeys (ConfUtils.java:logGet(46)) - raft.server.log.appender.buffer.byte-limit = 4194304 (custom)
2025-04-23 15:44:46,630 [omNode-2@group-523986131536-LeaderElection10] INFO  server.RaftServerConfigKeys (ConfUtils.java:logGet(46)) - raft.server.log.appender.buffer.element-limit = 1024 (custom)
2025-04-23 15:44:46,630 [omNode-2@group-523986131536-LeaderElection10] INFO  server.RaftServerConfigKeys (ConfUtils.java:logGet(46)) - raft.server.log.appender.wait-time.min = 0ms (custom)
2025-04-23 15:44:46,630 [omNode-2@group-523986131536-LeaderElection10] INFO  grpc.GrpcConfigKeys (ConfUtils.java:logGet(46)) - raft.grpc.server.leader.outstanding.appends.max = 8 (default)
2025-04-23 15:44:46,630 [omNode-2@group-523986131536-LeaderElection10] INFO  server.RaftServerConfigKeys (ConfUtils.java:logGet(46)) - raft.server.rpc.request.timeout = 3000ms (default)
2025-04-23 15:44:46,630 [omNode-2@group-523986131536-LeaderElection10] INFO  grpc.GrpcConfigKeys (ConfUtils.java:logGet(46)) - raft.grpc.server.install_snapshot.request.element-limit = 8 (default)
2025-04-23 15:44:46,630 [omNode-2@group-523986131536-LeaderElection10] INFO  grpc.GrpcConfigKeys (ConfUtils.java:logGet(46)) - raft.grpc.server.install_snapshot.request.timeout = 3000ms (default)
2025-04-23 15:44:46,631 [omNode-2@group-523986131536-LeaderElection10] INFO  grpc.GrpcConfigKeys (ConfUtils.java:logGet(46)) - raft.grpc.server.log-message.batch.duration = 5s (default)
2025-04-23 15:44:46,631 [omNode-2@group-523986131536-LeaderElection10] INFO  server.RaftServerConfigKeys (ConfUtils.java:logGet(46)) - raft.server.log.appender.install.snapshot.enabled = false (custom)
2025-04-23 15:44:46,631 [omNode-2@group-523986131536-LeaderElection10] INFO  grpc.GrpcConfigKeys (ConfUtils.java:logGet(46)) - raft.grpc.server.heartbeat.channel = true (default)
2025-04-23 15:44:46,631 [omNode-2@group-523986131536-LeaderElection10] INFO  impl.RoleInfo (RoleInfo.java:updateAndGet(148)) - omNode-2: start omNode-2@group-523986131536-LeaderStateImpl
2025-04-23 15:44:46,631 [omNode-2@group-523986131536-LeaderElection10] INFO  ratis.OzoneManagerStateMachine (OzoneManagerStateMachine.java:notifyLeaderChanged(169)) - omNode-2@group-523986131536: leader changed to omNode-2
2025-04-23 15:44:46,632 [omNode-2@group-523986131536-LeaderElection10] INFO  server.RaftServer$Division (ServerState.java:setLeader(272)) - omNode-2@group-523986131536: change Leader from null to omNode-2 at term 2 for becomeLeader, leader elected after 21ms
2025-04-23 15:44:46,632 [omNode-2@group-523986131536-LeaderElection10] INFO  segmented.SegmentedRaftLogWorker (SegmentedRaftLogWorker.java:rollLogSegment(443)) - omNode-2@group-523986131536-SegmentedRaftLogWorker: Rolling segment log-0_20 to index:20
2025-04-23 15:44:46,632 [omNode-2@group-523986131536-LeaderElection10] INFO  server.RaftServer$Division (ServerState.java:setRaftConf(386)) - omNode-2@group-523986131536: set configuration conf: {index: 21, cur=peers:[omNode-3|localhost:15017, omNode-1|localhost:15009, omNode-2|localhost:15013]|listeners:[], old=null}
2025-04-23 15:44:46,634 [omNode-2@group-523986131536-SegmentedRaftLogWorker] INFO  segmented.SegmentedRaftLogWorker (SegmentedRaftLogWorker.java:execute(601)) - omNode-2@group-523986131536-SegmentedRaftLogWorker: Rolled log segment from /home/runner/work/ozone/ozone/hadoop-ozone/integration-test/target/test-dir/MiniOzoneClusterImpl-5cf50c17-c591-473f-a8c4-88d8665d28d7/omNode-2/ratis/c9bc4cf4-3bc3-3c60-a66b-523986131536/current/log_inprogress_0 to /home/runner/work/ozone/ozone/hadoop-ozone/integration-test/target/test-dir/MiniOzoneClusterImpl-5cf50c17-c591-473f-a8c4-88d8665d28d7/omNode-2/ratis/c9bc4cf4-3bc3-3c60-a66b-523986131536/current/log_0-20
2025-04-23 15:44:46,634 [grpc-default-executor-3] WARN  server.GrpcLogAppender (LogUtils.java:warn(121)) - omNode-2@group-523986131536->omNode-1-AppendLogResponseHandler: Failed appendEntries: org.apache.ratis.thirdparty.io.grpc.StatusRuntimeException: UNAVAILABLE: io exception
2025-04-23 15:44:46,634 [omNode-2@group-523986131536-SegmentedRaftLogWorker] INFO  segmented.BufferedWriteChannel (BufferedWriteChannel.java:open(61)) - open log_inprogress_21 at position 0
2025-04-23 15:44:46,636 [grpc-default-executor-3] WARN  server.GrpcLogAppender (GrpcLogAppender.java:lambda$resetClient$1(221)) - omNode-2@group-523986131536->omNode-1-GrpcLogAppender: Follower failed (request=null, errorCount=1); keep nextIndex (21) unchanged and retry.
2025-04-23 15:44:46,638 [grpc-default-executor-0] WARN  server.GrpcLogAppender (GrpcLogAppender.java:lambda$resetClient$1(221)) - omNode-2@group-523986131536->omNode-1-GrpcLogAppender: Follower failed (request=null, errorCount=2); keep nextIndex (22) unchanged and retry.
2025-04-23 15:44:46,642 [omNode-3-server-thread2] INFO  ratis.OzoneManagerStateMachine (OzoneManagerStateMachine.java:notifyLeaderChanged(169)) - omNode-3@group-523986131536: leader changed to omNode-2
2025-04-23 15:44:46,642 [omNode-3-server-thread2] INFO  server.RaftServer$Division (ServerState.java:setLeader(272)) - omNode-3@group-523986131536: change Leader from null to omNode-2 at term 2 for appendEntries, leader elected after 19ms
2025-04-23 15:44:46,642 [omNode-3-server-thread1] INFO  server.RaftServer$Division (ServerState.java:setRaftConf(386)) - omNode-3@group-523986131536: set configuration conf: {index: 21, cur=peers:[omNode-3|localhost:15017, omNode-1|localhost:15009, omNode-2|localhost:15013]|listeners:[], old=null}
2025-04-23 15:44:46,643 [omNode-3-server-thread1] INFO  segmented.SegmentedRaftLogWorker (SegmentedRaftLogWorker.java:rollLogSegment(443)) - omNode-3@group-523986131536-SegmentedRaftLogWorker: Rolling segment log-0_20 to index:20
2025-04-23 15:44:46,644 [omNode-3@group-523986131536-SegmentedRaftLogWorker] INFO  segmented.SegmentedRaftLogWorker (SegmentedRaftLogWorker.java:execute(601)) - omNode-3@group-523986131536-SegmentedRaftLogWorker: Rolled log segment from /home/runner/work/ozone/ozone/hadoop-ozone/integration-test/target/test-dir/MiniOzoneClusterImpl-5cf50c17-c591-473f-a8c4-88d8665d28d7/omNode-3/ratis/c9bc4cf4-3bc3-3c60-a66b-523986131536/current/log_inprogress_0 to /home/runner/work/ozone/ozone/hadoop-ozone/integration-test/target/test-dir/MiniOzoneClusterImpl-5cf50c17-c591-473f-a8c4-88d8665d28d7/omNode-3/ratis/c9bc4cf4-3bc3-3c60-a66b-523986131536/current/log_0-20
2025-04-23 15:44:46,644 [omNode-3@group-523986131536-SegmentedRaftLogWorker] INFO  segmented.BufferedWriteChannel (BufferedWriteChannel.java:open(61)) - open log_inprogress_21 at position 0
2025-04-23 15:44:46,645 [omNode-2@group-523986131536-SegmentedRaftLogWorker] INFO  segmented.SegmentedRaftLogWorker (SegmentedRaftLogWorker.java:execute(644)) - omNode-2@group-523986131536-SegmentedRaftLogWorker: created new log segment /home/runner/work/ozone/ozone/hadoop-ozone/integration-test/target/test-dir/MiniOzoneClusterImpl-5cf50c17-c591-473f-a8c4-88d8665d28d7/omNode-2/ratis/c9bc4cf4-3bc3-3c60-a66b-523986131536/current/log_inprogress_21
2025-04-23 15:44:46,653 [omNode-3@group-523986131536-SegmentedRaftLogWorker] INFO  segmented.SegmentedRaftLogWorker (SegmentedRaftLogWorker.java:execute(644)) - omNode-3@group-523986131536-SegmentedRaftLogWorker: created new log segment /home/runner/work/ozone/ozone/hadoop-ozone/integration-test/target/test-dir/MiniOzoneClusterImpl-5cf50c17-c591-473f-a8c4-88d8665d28d7/omNode-3/ratis/c9bc4cf4-3bc3-3c60-a66b-523986131536/current/log_inprogress_21
2025-04-23 15:44:46,656 [grpc-default-executor-3] WARN  server.GrpcLogAppender (GrpcLogAppender.java:lambda$resetClient$1(221)) - omNode-2@group-523986131536->omNode-1-GrpcLogAppender: Follower failed (request=null, errorCount=5); keep nextIndex (23) unchanged and retry.
2025-04-23 15:44:46,656 [omNode-2@group-523986131536-StateMachineUpdater] INFO  ratis.OzoneManagerStateMachine (OzoneManagerStateMachine.java:notifyConfigurationChanged(231)) - notifyConfigurationChanged from Ratis: term=2, index=21, New Peer list: omNode-3(localhost:15017), omNode-1(localhost:15009), omNode-2(localhost:15013)
2025-04-23 15:44:46,656 [omNode-2@group-523986131536-StateMachineUpdater] INFO  server.RaftServer$Division (LeaderStateImpl.java:checkStartIndex(313)) - Leader omNode-2@group-523986131536-LeaderStateImpl is ready since appliedIndex == startIndex == 21
2025-04-23 15:44:46,658 [omNode-3@group-523986131536-StateMachineUpdater] INFO  ratis.OzoneManagerStateMachine (OzoneManagerStateMachine.java:notifyConfigurationChanged(231)) - notifyConfigurationChanged from Ratis: term=2, index=21, New Peer list: omNode-3(localhost:15017), omNode-1(localhost:15009), omNode-2(localhost:15013)
2025-04-23 15:44:51,634 [timer2] WARN  server.GrpcLogAppender (LogUtils.java:warn(121)) - omNode-2@group-523986131536->omNode-1-AppendLogResponseHandler: Failed appendEntries (Repeated 18 times in the last 5.000s): org.apache.ratis.thirdparty.io.grpc.StatusRuntimeException: UNAVAILABLE: io exception
2025-04-23 15:44:51,638 [timer5] WARN  server.GrpcLogAppender (GrpcLogAppender.java:lambda$resetClient$1(221)) - omNode-2@group-523986131536->omNode-1-GrpcLogAppender: Follower failed (request=null, errorCount=4); keep nextIndex (22) unchanged and retry. (Repeated 3 times in the last 5.000s)
2025-04-23 15:44:51,656 [timer2] WARN  server.GrpcLogAppender (GrpcLogAppender.java:lambda$resetClient$1(221)) - omNode-2@group-523986131536->omNode-1-GrpcLogAppender: Follower failed (request=null, errorCount=18); keep nextIndex (23) unchanged and retry. (Repeated 14 times in the last 5.000s)
2025-04-23 15:44:52,409 [grpc-default-executor-3] WARN  server.GrpcLogAppender (LogUtils.java:warn(121)) - omNode-2@group-523986131536->omNode-1-AppendLogResponseHandler: Failed appendEntries: org.apache.ratis.thirdparty.io.grpc.StatusRuntimeException: UNAVAILABLE: io exception
2025-04-23 15:44:52,410 [grpc-default-executor-0] WARN  server.GrpcLogAppender (GrpcLogAppender.java:lambda$resetClient$1(221)) - omNode-2@group-523986131536->omNode-1-GrpcLogAppender: Follower failed (request=null, errorCount=19); keep nextIndex (23) unchanged and retry.
2025-04-23 15:44:54,012 [main] INFO  retry.RetryInvocationHandler (RetryInvocationHandler.java:log(426)) - com.google.protobuf.ServiceException: java.io.EOFException: End of File Exception between local host is: "fv-az1337-835/10.1.0.188"; destination host is: "localhost":15006; : java.io.EOFException; For more details see:  http://wiki.apache.org/hadoop/EOFException, while invoking $Proxy68.submitRequest over nodeId=omNode-1,nodeAddress=127.0.0.1:15006. Trying to failover immediately. Current retry count: 0.
2025-04-23 15:44:54,018 [grpc-default-executor-0] WARN  server.GrpcLogAppender (GrpcLogAppender.java:lambda$resetClient$1(221)) - omNode-2@group-523986131536->omNode-1-GrpcLogAppender: Follower failed (request=null, errorCount=23); keep nextIndex (24) unchanged and retry.
2025-04-23 15:44:54,021 [grpc-default-executor-3] WARN  server.GrpcLogAppender (GrpcLogAppender.java:lambda$resetClient$1(221)) - omNode-2@group-523986131536->omNode-1-GrpcLogAppender: Follower failed (request=null, errorCount=25); keep nextIndex (25) unchanged and retry.
2025-04-23 15:44:54,032 [grpc-default-executor-0] WARN  server.GrpcLogAppender (GrpcLogAppender.java:lambda$resetClient$1(221)) - omNode-2@group-523986131536->omNode-1-GrpcLogAppender: Follower failed (request=null, errorCount=27); keep nextIndex (26) unchanged and retry.
2025-04-23 15:44:54,034 [grpc-default-executor-3] WARN  server.GrpcLogAppender (GrpcLogAppender.java:lambda$resetClient$1(221)) - omNode-2@group-523986131536->omNode-1-GrpcLogAppender: Follower failed (request=null, errorCount=29); keep nextIndex (27) unchanged and retry.
2025-04-23 15:44:54,064 [grpc-default-executor-2] WARN  server.GrpcLogAppender (GrpcLogAppender.java:lambda$resetClient$1(221)) - omNode-2@group-523986131536->omNode-1-GrpcLogAppender: Follower failed (request=null, errorCount=31); keep nextIndex (28) unchanged and retry.
2025-04-23 15:44:54,067 [grpc-default-executor-3] WARN  server.GrpcLogAppender (GrpcLogAppender.java:lambda$resetClient$1(221)) - omNode-2@group-523986131536->omNode-1-GrpcLogAppender: Follower failed (request=null, errorCount=33); keep nextIndex (29) unchanged and retry.
2025-04-23 15:44:54,075 [grpc-default-executor-0] WARN  server.GrpcLogAppender (GrpcLogAppender.java:lambda$resetClient$1(221)) - omNode-2@group-523986131536->omNode-1-GrpcLogAppender: Follower failed (request=null, errorCount=35); keep nextIndex (30) unchanged and retry.
2025-04-23 15:44:54,079 [grpc-default-executor-2] WARN  server.GrpcLogAppender (GrpcLogAppender.java:lambda$resetClient$1(221)) - omNode-2@group-523986131536->omNode-1-GrpcLogAppender: Follower failed (request=null, errorCount=37); keep nextIndex (31) unchanged and retry.
2025-04-23 15:44:54,101 [main] INFO  om.OzoneManager (OzoneManager.java:stop(2347)) - omNode-3[localhost:15014]: Stopping Ozone Manager
2025-04-23 15:44:54,101 [main] INFO  ipc.Server (Server.java:stop(3697)) - Stopping server on 15014
2025-04-23 15:44:54,104 [IPC Server Responder] INFO  ipc.Server (Server.java:run(1718)) - Stopping IPC Server Responder
2025-04-23 15:44:54,104 [IPC Server listener on 15014] INFO  ipc.Server (Server.java:run(1585)) - Stopping IPC Server listener on 15014
2025-04-23 15:44:54,105 [main] INFO  ratis.OzoneManagerRatisServer (OzoneManagerRatisServer.java:stop(634)) - Stopping org.apache.hadoop.ozone.om.ratis.OzoneManagerRatisServer@2685b654 at port 15017
2025-04-23 15:44:54,105 [main] INFO  server.RaftServer (RaftServerProxy.java:lambda$close$9(417)) - omNode-3: close
2025-04-23 15:44:54,105 [main] INFO  server.GrpcService (GrpcService.java:closeImpl(343)) - omNode-3: shutdown server GrpcServerProtocolService now
2025-04-23 15:44:54,105 [omNode-3-impl-thread1] INFO  server.RaftServer$Division (RaftServerImpl.java:lambda$close$1(513)) - omNode-3@group-523986131536: shutdown
2025-04-23 15:44:54,105 [omNode-3-impl-thread1] INFO  util.JmxRegister (JmxRegister.java:unregister(74)) - Successfully un-registered JMX Bean with object name Ratis:service=RaftServer,group=group-523986131536,id=omNode-3
2025-04-23 15:44:54,105 [omNode-3-impl-thread1] INFO  impl.RoleInfo (RoleInfo.java:shutdownFollowerState(121)) - omNode-3: shutdown omNode-3@group-523986131536-FollowerState
2025-04-23 15:44:54,105 [omNode-3-impl-thread1] INFO  impl.StateMachineUpdater (StateMachineUpdater.java:stopAndJoin(164)) - omNode-3@group-523986131536-StateMachineUpdater: set stopIndex = 29
2025-04-23 15:44:54,106 [omNode-3@group-523986131536-FollowerState] INFO  impl.FollowerState (FollowerState.java:runImpl(170)) - omNode-3@group-523986131536-FollowerState was interrupted
2025-04-23 15:44:54,110 [grpc-default-executor-0] WARN  server.GrpcServerProtocolService (LogUtils.java:warn(121)) - omNode-3: APPEND_ENTRIES onError, lastRequest: omNode-2->omNode-3#29-t2,previous=(t:2, i:29),leaderCommit=29,initializing? false,entries: size=1, first=(t:2, i:30), METADATAENTRY(c:29): org.apache.ratis.thirdparty.io.grpc.StatusRuntimeException: CANCELLED: client cancelled
2025-04-23 15:44:54,110 [main] INFO  server.GrpcService (GrpcService.java:closeImpl(352)) - omNode-3: shutdown server GrpcServerProtocolService successfully
2025-04-23 15:44:54,111 [grpc-default-executor-2] WARN  server.GrpcServerProtocolService (LogUtils.java:warn(121)) - omNode-3: APPEND_ENTRIES onError, lastRequest: null: org.apache.ratis.thirdparty.io.grpc.StatusRuntimeException: CANCELLED: client cancelled
2025-04-23 15:44:54,111 [grpc-default-executor-2] WARN  server.GrpcLogAppender (GrpcLogAppender.java:lambda$resetClient$1(221)) - omNode-2@group-523986131536->omNode-3-GrpcLogAppender: Follower failed (request=null, errorCount=1); keep nextIndex (31) unchanged and retry.
2025-04-23 15:44:54,111 [grpc-default-executor-0] WARN  server.GrpcLogAppender (LogUtils.java:warn(121)) - omNode-2@group-523986131536->omNode-3-AppendLogResponseHandler: Failed appendEntries: org.apache.ratis.thirdparty.io.grpc.StatusRuntimeException: CANCELLED: RST_STREAM closed stream. HTTP/2 error code: CANCEL
2025-04-23 15:44:54,130 [omNode-3@group-523986131536-StateMachineUpdater] INFO  ratis.OzoneManagerStateMachine (OzoneManagerStateMachine.java:takeSnapshotImpl(510)) - omNode-3: taking snapshot. applied = (t:2, i:29), skipped = 27, notified = (t:2, i:28), current snapshot index = (t:2, i:29), took 24 ms
2025-04-23 15:44:54,130 [omNode-3@group-523986131536-StateMachineUpdater] INFO  impl.StateMachineUpdater (StateMachineUpdater.java:takeSnapshot(303)) - omNode-3@group-523986131536-StateMachineUpdater: Took a snapshot at index 29
2025-04-23 15:44:54,130 [omNode-3@group-523986131536-StateMachineUpdater] INFO  impl.StateMachineUpdater (StateMachineUpdater.java:lambda$new$0(102)) - omNode-3@group-523986131536-StateMachineUpdater: snapshotIndex: updateIncreasingly -1 -> 29
2025-04-23 15:44:54,131 [omNode-3@group-523986131536-StateMachineUpdater] INFO  impl.StateMachineUpdater (StateMachineUpdater.java:stop(141)) - omNode-3@group-523986131536-StateMachineUpdater: closing OzoneManagerStateMachine, lastApplied=(t:2, i:29)
2025-04-23 15:44:54,131 [omNode-3@group-523986131536-StateMachineUpdater] INFO  ratis.OzoneManagerStateMachine (OzoneManagerStateMachine.java:close(550)) - Stopping OzoneManagerStateMachine:omNode-3:group-523986131536.
2025-04-23 15:44:54,131 [omNode-3@group-523986131536-StateMachineUpdater] INFO  ratis.OzoneManagerDoubleBuffer (OzoneManagerDoubleBuffer.java:stopDaemon(500)) - Stopping OMDoubleBuffer flush thread
2025-04-23 15:44:54,131 [omNode-3-OMDoubleBufferFlushThread] INFO  ratis.OzoneManagerDoubleBuffer (OzoneManagerDoubleBuffer.java:canFlush(559)) - OMDoubleBuffer flush thread omNode-3-OMDoubleBufferFlushThread is interrupted and will exit.
2025-04-23 15:44:54,132 [omNode-3@group-523986131536-cacheEviction-AwaitToRun] INFO  util.AwaitToRun (AwaitToRun.java:run(49)) - omNode-3@group-523986131536-cacheEviction-AwaitToRun-AwaitForSignal is interrupted
2025-04-23 15:44:55,080 [omNode-3-impl-thread1] INFO  segmented.SegmentedRaftLogWorker (SegmentedRaftLogWorker.java:close(252)) - omNode-3@group-523986131536-SegmentedRaftLogWorker close()
2025-04-23 15:44:55,081 [JvmPauseMonitor4] INFO  util.JvmPauseMonitor (JvmPauseMonitor.java:run(152)) - JvmPauseMonitor-omNode-3: Stopped
2025-04-23 15:44:55,081 [main] INFO  utils.BackgroundService (BackgroundService.java:shutdown(161)) - Shutting down service KeyDeletingService
2025-04-23 15:44:55,082 [main] INFO  utils.BackgroundService (BackgroundService.java:shutdown(161)) - Shutting down service DirectoryDeletingService
2025-04-23 15:44:55,083 [main] INFO  utils.BackgroundService (BackgroundService.java:shutdown(161)) - Shutting down service OpenKeyCleanupService
2025-04-23 15:44:55,083 [main] INFO  utils.BackgroundService (BackgroundService.java:shutdown(161)) - Shutting down service SstFilteringService
2025-04-23 15:44:55,084 [main] INFO  utils.BackgroundService (BackgroundService.java:shutdown(161)) - Shutting down service SnapshotDeletingService
2025-04-23 15:44:55,084 [main] INFO  utils.BackgroundService (BackgroundService.java:shutdown(161)) - Shutting down service MultipartUploadCleanupService
2025-04-23 15:44:55,085 [main] INFO  handler.ContextHandler (ContextHandler.java:doStop(1159)) - Stopped o.e.j.w.WebAppContext@34c1c7ea{ozoneManager,/,null,STOPPED}{file:/home/runner/work/ozone/ozone/hadoop-ozone/integration-test/target/test-classes/webapps/ozoneManager}
2025-04-23 15:44:55,086 [main] INFO  server.AbstractConnector (AbstractConnector.java:doStop(383)) - Stopped ServerConnector@463b73e1{HTTP/1.1, (http/1.1)}{0.0.0.0:15015}
2025-04-23 15:44:55,086 [main] INFO  server.session (HouseKeeper.java:stopScavenging(149)) - node0 Stopped scavenging
2025-04-23 15:44:55,086 [main] INFO  handler.ContextHandler (ContextHandler.java:doStop(1159)) - Stopped o.e.j.s.ServletContextHandler@466a5285{static,/static,file:///home/runner/work/ozone/ozone/hadoop-ozone/integration-test/target/test-classes/webapps/static,STOPPED}
2025-04-23 15:44:55,086 [main] INFO  handler.ContextHandler (ContextHandler.java:doStop(1159)) - Stopped o.e.j.s.ServletContextHandler@58703290{logs,/logs,file:///home/runner/work/ozone/ozone/hadoop-ozone/integration-test/target/log,STOPPED}
2025-04-23 15:44:55,087 [main] INFO  rocksdiff.RocksDBCheckpointDiffer (RocksDBCheckpointDiffer.java:close(304)) - Shutting down CompactionDagPruningService.
2025-04-23 15:44:55,089 [main] INFO  snapshot.SnapshotDiffManager (SnapshotDiffManager.java:closeExecutorService(1698)) - Shutting down executorService: 'SnapDiffExecutor'
2025-04-23 15:44:55,090 [main] INFO  utils.BackgroundService (BackgroundService.java:shutdown(161)) - Shutting down service SnapshotDiffCleanupService
2025-04-23 15:44:55,091 [main] INFO  om.OzoneManager (OzoneManager.java:stop(2347)) - omNode-1[localhost:15006]: Stopping Ozone Manager
2025-04-23 15:44:55,091 [main] INFO  om.OzoneManager (OzoneManager.java:stop(2347)) - omNode-2[localhost:15010]: Stopping Ozone Manager
2025-04-23 15:44:55,091 [main] INFO  ipc.Server (Server.java:stop(3697)) - Stopping server on 15010
2025-04-23 15:44:55,093 [IPC Server Responder] INFO  ipc.Server (Server.java:run(1718)) - Stopping IPC Server Responder
2025-04-23 15:44:55,093 [main] INFO  ratis.OzoneManagerRatisServer (OzoneManagerRatisServer.java:stop(634)) - Stopping org.apache.hadoop.ozone.om.ratis.OzoneManagerRatisServer@60d31a5e at port 15013
2025-04-23 15:44:55,093 [main] INFO  server.RaftServer (RaftServerProxy.java:lambda$close$9(417)) - omNode-2: close
2025-04-23 15:44:55,093 [IPC Server listener on 15010] INFO  ipc.Server (Server.java:run(1585)) - Stopping IPC Server listener on 15010
2025-04-23 15:44:55,093 [main] INFO  server.GrpcService (GrpcService.java:closeImpl(343)) - omNode-2: shutdown server GrpcServerProtocolService now
2025-04-23 15:44:55,093 [omNode-2-impl-thread1] INFO  server.RaftServer$Division (RaftServerImpl.java:lambda$close$1(513)) - omNode-2@group-523986131536: shutdown
2025-04-23 15:44:55,094 [omNode-2-impl-thread1] INFO  util.JmxRegister (JmxRegister.java:unregister(74)) - Successfully un-registered JMX Bean with object name Ratis:service=RaftServer,group=group-523986131536,id=omNode-2
2025-04-23 15:44:55,094 [omNode-2-impl-thread1] INFO  impl.RoleInfo (RoleInfo.java:shutdownLeaderState(103)) - omNode-2: shutdown omNode-2@group-523986131536-LeaderStateImpl
2025-04-23 15:44:55,094 [omNode-2@group-523986131536->omNode-1-GrpcLogAppender-LogAppenderDaemon] WARN  server.GrpcLogAppender (GrpcLogAppender.java:mayWait(293)) - omNode-2@group-523986131536->omNode-1-GrpcLogAppender: Wait interrupted by java.lang.InterruptedException
2025-04-23 15:44:55,094 [omNode-2@group-523986131536->omNode-3-GrpcLogAppender-LogAppenderDaemon] WARN  server.GrpcLogAppender (GrpcLogAppender.java:mayWait(293)) - omNode-2@group-523986131536->omNode-3-GrpcLogAppender: Wait interrupted by java.lang.InterruptedException
2025-04-23 15:44:55,094 [omNode-2-impl-thread1] INFO  impl.PendingRequests (PendingRequests.java:sendNotLeaderResponses(287)) - omNode-2@group-523986131536-PendingRequests: sendNotLeaderResponses
2025-04-23 15:44:55,095 [omNode-2-impl-thread1] INFO  impl.StateMachineUpdater (StateMachineUpdater.java:stopAndJoin(164)) - omNode-2@group-523986131536-StateMachineUpdater: set stopIndex = 30
2025-04-23 15:44:55,096 [Thread-952] INFO  server.GrpcServerProtocolClient (GrpcServerProtocolClient.java:close(105)) - omNode-3 Close channels
2025-04-23 15:44:55,096 [Thread-953] INFO  server.GrpcServerProtocolClient (GrpcServerProtocolClient.java:close(105)) - omNode-1 Close channels
2025-04-23 15:44:55,096 [main] INFO  server.GrpcService (GrpcService.java:closeImpl(352)) - omNode-2: shutdown server GrpcServerProtocolService successfully
2025-04-23 15:44:55,115 [omNode-2@group-523986131536-StateMachineUpdater] INFO  ratis.OzoneManagerStateMachine (OzoneManagerStateMachine.java:takeSnapshotImpl(510)) - omNode-2: taking snapshot. applied = (t:2, i:30), skipped = 29, notified = (t:2, i:30), current snapshot index = (t:2, i:30), took 20 ms
2025-04-23 15:44:55,115 [omNode-2@group-523986131536-StateMachineUpdater] INFO  impl.StateMachineUpdater (StateMachineUpdater.java:takeSnapshot(303)) - omNode-2@group-523986131536-StateMachineUpdater: Took a snapshot at index 30
2025-04-23 15:44:55,115 [omNode-2@group-523986131536-StateMachineUpdater] INFO  impl.StateMachineUpdater (StateMachineUpdater.java:lambda$new$0(102)) - omNode-2@group-523986131536-StateMachineUpdater: snapshotIndex: updateIncreasingly -1 -> 30
2025-04-23 15:44:55,115 [omNode-2@group-523986131536-StateMachineUpdater] INFO  impl.StateMachineUpdater (StateMachineUpdater.java:stop(141)) - omNode-2@group-523986131536-StateMachineUpdater: closing OzoneManagerStateMachine, lastApplied=(t:2, i:30)
2025-04-23 15:44:55,116 [omNode-2@group-523986131536-StateMachineUpdater] INFO  ratis.OzoneManagerStateMachine (OzoneManagerStateMachine.java:close(550)) - Stopping OzoneManagerStateMachine:omNode-2:group-523986131536.
2025-04-23 15:44:55,116 [omNode-2@group-523986131536-StateMachineUpdater] INFO  ratis.OzoneManagerDoubleBuffer (OzoneManagerDoubleBuffer.java:stopDaemon(500)) - Stopping OMDoubleBuffer flush thread
2025-04-23 15:44:55,116 [omNode-2-OMDoubleBufferFlushThread] INFO  ratis.OzoneManagerDoubleBuffer (OzoneManagerDoubleBuffer.java:canFlush(559)) - OMDoubleBuffer flush thread omNode-2-OMDoubleBufferFlushThread is interrupted and will exit.
2025-04-23 15:44:55,116 [omNode-2@group-523986131536-cacheEviction-AwaitToRun] INFO  util.AwaitToRun (AwaitToRun.java:run(49)) - omNode-2@group-523986131536-cacheEviction-AwaitToRun-AwaitForSignal is interrupted
2025-04-23 15:44:56,079 [omNode-2-impl-thread1] INFO  segmented.SegmentedRaftLogWorker (SegmentedRaftLogWorker.java:close(252)) - omNode-2@group-523986131536-SegmentedRaftLogWorker close()
2025-04-23 15:44:56,079 [JvmPauseMonitor3] INFO  util.JvmPauseMonitor (JvmPauseMonitor.java:run(152)) - JvmPauseMonitor-omNode-2: Stopped
2025-04-23 15:44:56,079 [main] INFO  utils.BackgroundService (BackgroundService.java:shutdown(161)) - Shutting down service KeyDeletingService
2025-04-23 15:44:56,080 [main] INFO  utils.BackgroundService (BackgroundService.java:shutdown(161)) - Shutting down service DirectoryDeletingService
2025-04-23 15:44:56,081 [main] INFO  utils.BackgroundService (BackgroundService.java:shutdown(161)) - Shutting down service OpenKeyCleanupService
2025-04-23 15:44:56,081 [main] INFO  utils.BackgroundService (BackgroundService.java:shutdown(161)) - Shutting down service SstFilteringService
2025-04-23 15:44:56,082 [main] INFO  utils.BackgroundService (BackgroundService.java:shutdown(161)) - Shutting down service SnapshotDeletingService
2025-04-23 15:44:56,082 [main] INFO  utils.BackgroundService (BackgroundService.java:shutdown(161)) - Shutting down service MultipartUploadCleanupService
2025-04-23 15:44:56,083 [main] INFO  handler.ContextHandler (ContextHandler.java:doStop(1159)) - Stopped o.e.j.w.WebAppContext@4e06d88{ozoneManager,/,null,STOPPED}{file:/home/runner/work/ozone/ozone/hadoop-ozone/integration-test/target/test-classes/webapps/ozoneManager}
2025-04-23 15:44:56,084 [main] INFO  server.AbstractConnector (AbstractConnector.java:doStop(383)) - Stopped ServerConnector@7fabe964{HTTP/1.1, (http/1.1)}{0.0.0.0:15011}
2025-04-23 15:44:56,084 [main] INFO  server.session (HouseKeeper.java:stopScavenging(149)) - node0 Stopped scavenging
2025-04-23 15:44:56,084 [main] INFO  handler.ContextHandler (ContextHandler.java:doStop(1159)) - Stopped o.e.j.s.ServletContextHandler@8d70fd{static,/static,file:///home/runner/work/ozone/ozone/hadoop-ozone/integration-test/target/test-classes/webapps/static,STOPPED}
2025-04-23 15:44:56,084 [main] INFO  handler.ContextHandler (ContextHandler.java:doStop(1159)) - Stopped o.e.j.s.ServletContextHandler@1107df15{logs,/logs,file:///home/runner/work/ozone/ozone/hadoop-ozone/integration-test/target/log,STOPPED}
2025-04-23 15:44:56,085 [main] INFO  rocksdiff.RocksDBCheckpointDiffer (RocksDBCheckpointDiffer.java:close(304)) - Shutting down CompactionDagPruningService.
2025-04-23 15:44:56,087 [main] INFO  snapshot.SnapshotDiffManager (SnapshotDiffManager.java:closeExecutorService(1698)) - Shutting down executorService: 'SnapDiffExecutor'
2025-04-23 15:44:56,087 [main] INFO  utils.BackgroundService (BackgroundService.java:shutdown(161)) - Shutting down service SnapshotDiffCleanupService
2025-04-23 15:44:56,088 [main] INFO  om.OzoneManager (OzoneManager.java:restart(1878)) - OzoneManager RPC server is listening at localhost/127.0.0.1:15014
2025-04-23 15:44:56,088 [main] INFO  impl.MetricsSystemImpl (MetricsSystemImpl.java:init(158)) - OzoneManager metrics system started (again)
2025-04-23 15:44:56,101 [main] WARN  server.ServerUtils (ServerUtils.java:getDBPath(297)) - ozone.om.db.dirs is not configured. We recommend adding this setting. Falling back to ozone.metadata.dirs instead.
2025-04-23 15:44:56,145 [main] INFO  om.OzoneManager (OzoneManager.java:instantiateServices(933)) - S3 Multi-Tenancy is disabled
2025-04-23 15:44:56,145 [main] INFO  om.OmSnapshotManager (OmSnapshotManager.java:<init>(180)) - Ozone filesystem snapshot feature is enabled.
2025-04-23 15:44:56,146 [main] WARN  server.ServerUtils (ServerUtils.java:getDBPath(297)) - ozone.om.snapshot.diff.db.dir is not configured. We recommend adding this setting. Falling back to ozone.metadata.dirs instead.
2025-04-23 15:44:56,172 [main] WARN  server.ServerUtils (ServerUtils.java:getDefaultRatisDirectory(309)) - Storage directory for Ratis is not configured. It is a good idea to map this to an SSD disk. Falling back to ozone.metadata.dirs
2025-04-23 15:44:56,172 [main] INFO  server.RaftServerConfigKeys (ConfUtils.java:logGet(46)) - raft.server.log.appender.buffer.byte-limit = 4194304 (custom)
2025-04-23 15:44:56,174 [main] INFO  ratis.OzoneManagerRatisServer (OzoneManagerRatisServer.java:<init>(167)) - Instantiating OM Ratis server with groupID: om-service-test1 and peers: localhost:15017, localhost:15009, localhost:15013
2025-04-23 15:44:56,174 [main] INFO  ratis.OzoneManagerStateMachine (OzoneManagerStateMachine.java:loadSnapshotInfoFromDB(611)) - LastAppliedIndex is set from TransactionInfo from OM DB as (t:2, i:29)
2025-04-23 15:44:56,175 [main] INFO  server.RaftServer (ConfUtils.java:logGet(46)) - raft.rpc.type = GRPC (default)
2025-04-23 15:44:56,175 [main] INFO  grpc.GrpcConfigKeys (ConfUtils.java:logFallback(53)) - raft.grpc.admin.host = null (fallback to raft.grpc.server.host)
2025-04-23 15:44:56,175 [main] INFO  grpc.GrpcConfigKeys (ConfUtils.java:logFallback(53)) - raft.grpc.admin.port = 15017 (fallback to raft.grpc.server.port)
2025-04-23 15:44:56,175 [main] INFO  grpc.GrpcConfigKeys (ConfUtils.java:logFallback(53)) - raft.grpc.client.host = null (fallback to raft.grpc.server.host)
2025-04-23 15:44:56,175 [main] INFO  grpc.GrpcConfigKeys (ConfUtils.java:logFallback(53)) - raft.grpc.client.port = 15017 (fallback to raft.grpc.server.port)
2025-04-23 15:44:56,175 [main] INFO  grpc.GrpcConfigKeys (ConfUtils.java:logGet(46)) - raft.grpc.server.host = null (default)
2025-04-23 15:44:56,175 [main] INFO  grpc.GrpcConfigKeys (ConfUtils.java:logGet(46)) - raft.grpc.server.port = 15017 (custom)
2025-04-23 15:44:56,175 [main] INFO  server.GrpcService (ConfUtils.java:logGet(46)) - raft.grpc.message.size.max = 5242880 (custom)
2025-04-23 15:44:56,176 [main] INFO  server.GrpcService (ConfUtils.java:logGet(46)) - raft.grpc.flow.control.window = 1MB (=1048576) (default)
2025-04-23 15:44:56,176 [main] INFO  server.RaftServerConfigKeys (ConfUtils.java:logGet(46)) - raft.server.rpc.request.timeout = 3000ms (default)
2025-04-23 15:44:56,176 [main] INFO  grpc.GrpcConfigKeys (ConfUtils.java:logGet(46)) - raft.grpc.server.heartbeat.channel = true (default)
2025-04-23 15:44:56,176 [main] INFO  server.RaftServerConfigKeys (ConfUtils.java:logGet(46)) - raft.server.log.appender.buffer.byte-limit = 4194304 (custom)
2025-04-23 15:44:56,176 [main] INFO  grpc.GrpcConfigKeys (ConfUtils.java:logGet(46)) - raft.grpc.server.async.request.thread.pool.cached = true (default)
2025-04-23 15:44:56,176 [main] INFO  grpc.GrpcConfigKeys (ConfUtils.java:logGet(46)) - raft.grpc.server.async.request.thread.pool.size = 32 (default)
2025-04-23 15:44:56,177 [main] INFO  impl.DataStreamServerImpl (ConfUtils.java:logGet(46)) - raft.datastream.type = DISABLED (default)
2025-04-23 15:44:56,177 [main] INFO  server.RaftServerConfigKeys (ConfUtils.java:logGet(46)) - raft.server.sleep.deviation.threshold = 300ms (default)
2025-04-23 15:44:56,177 [main] INFO  server.RaftServerConfigKeys (ConfUtils.java:logGet(46)) - raft.server.close.threshold = 60s (default)
2025-04-23 15:44:56,177 [main] INFO  server.RaftServerConfigKeys (ConfUtils.java:logGet(46)) - raft.server.leaderelection.leader.step-down.wait-time = 10s (default)
2025-04-23 15:44:56,178 [main] INFO  server.RaftServerConfigKeys (ConfUtils.java:logGet(46)) - raft.server.storage.dir = [/home/runner/work/ozone/ozone/hadoop-ozone/integration-test/target/test-dir/MiniOzoneClusterImpl-5cf50c17-c591-473f-a8c4-88d8665d28d7/omNode-3/ratis] (custom)
2025-04-23 15:44:56,178 [main] INFO  server.RaftServerConfigKeys (ConfUtils.java:logGet(46)) - raft.server.threadpool.proxy.cached = true (default)
2025-04-23 15:44:56,178 [main] INFO  server.RaftServerConfigKeys (ConfUtils.java:logGet(46)) - raft.server.threadpool.proxy.size = 0 (default)
2025-04-23 15:44:56,178 [omNode-3-impl-thread1] INFO  server.RaftServer (RaftServerProxy.java:initGroupDir(265)) - omNode-3: found a subdirectory /home/runner/work/ozone/ozone/hadoop-ozone/integration-test/target/test-dir/MiniOzoneClusterImpl-5cf50c17-c591-473f-a8c4-88d8665d28d7/omNode-3/ratis/c9bc4cf4-3bc3-3c60-a66b-523986131536
2025-04-23 15:44:56,179 [main] INFO  server.RaftServer (RaftServerProxy.java:addNew(100)) - omNode-3: addNew group-523986131536:[omNode-3|localhost:15017, omNode-1|localhost:15009, omNode-2|localhost:15013] returns group-523986131536:java.util.concurrent.CompletableFuture@28ba0ded[Not completed]
2025-04-23 15:44:56,179 [main] INFO  om.OzoneManager (OzoneManager.java:initializeRatisServer(2303)) - OzoneManager Ratis server initialized at port 15017
2025-04-23 15:44:56,179 [main] INFO  ratis.OzoneManagerRatisServer (OzoneManagerRatisServer.java:start(628)) - Starting OzoneManagerRatisServer omNode-3 at port 15017
2025-04-23 15:44:56,179 [omNode-3-groupManagement] INFO  server.RaftServer$Division (RaftServerImpl.java:<init>(255)) - omNode-3: new RaftServerImpl for group-523986131536:[omNode-3|localhost:15017, omNode-1|localhost:15009, omNode-2|localhost:15013] with OzoneManagerStateMachine:uninitialized
2025-04-23 15:44:56,179 [omNode-3-groupManagement] INFO  server.RaftServerConfigKeys (ConfUtils.java:logGet(46)) - raft.server.rpc.timeout.min = 1s (custom)
2025-04-23 15:44:56,179 [omNode-3-groupManagement] INFO  server.RaftServerConfigKeys (ConfUtils.java:logGet(46)) - raft.server.rpc.timeout.max = 1200ms (custom)
2025-04-23 15:44:56,179 [omNode-3-groupManagement] INFO  server.RaftServerConfigKeys (ConfUtils.java:logGet(46)) - raft.server.rpc.sleep.time = 25ms (default)
2025-04-23 15:44:56,179 [omNode-3-groupManagement] INFO  server.RaftServerConfigKeys (ConfUtils.java:logGet(46)) - raft.server.rpc.slowness.timeout = 2s (custom)
2025-04-23 15:44:56,179 [omNode-3-groupManagement] INFO  server.RaftServerConfigKeys (ConfUtils.java:logGet(46)) - raft.server.leaderelection.leader.step-down.wait-time = 10s (default)
2025-04-23 15:44:56,179 [omNode-3-groupManagement] INFO  server.RaftServerConfigKeys (ConfUtils.java:logGet(46)) - raft.server.leaderelection.member.majority-add = false (default)
2025-04-23 15:44:56,179 [omNode-3-groupManagement] INFO  server.RaftServerConfigKeys (ConfUtils.java:logGet(46)) - raft.server.sleep.deviation.threshold = 300ms (default)
2025-04-23 15:44:56,180 [omNode-3-groupManagement] INFO  server.RaftServer$Division (ServerState.java:<init>(114)) - omNode-3@group-523986131536: ConfigurationManager, init=conf: {index: -1, cur=peers:[omNode-3|localhost:15017, omNode-1|localhost:15009, omNode-2|localhost:15013]|listeners:[], old=null}, confs=<EMPTY_MAP>
2025-04-23 15:44:56,180 [omNode-3-groupManagement] INFO  server.RaftServerConfigKeys (ConfUtils.java:logGet(46)) - raft.server.notification.no-leader.timeout = 2s (custom)
2025-04-23 15:44:56,180 [omNode-3-groupManagement] INFO  server.RaftServerConfigKeys (ConfUtils.java:logGet(46)) - raft.server.read.timeout = 10s (default)
2025-04-23 15:44:56,180 [omNode-3-groupManagement] INFO  server.RaftServerConfigKeys (ConfUtils.java:logGet(46)) - raft.server.retrycache.expirytime = 30000ms (custom)
2025-04-23 15:44:56,180 [omNode-3-groupManagement] INFO  server.RaftServerConfigKeys (ConfUtils.java:logGet(46)) - raft.server.retrycache.statistics.expirytime = 100ms (default)
2025-04-23 15:44:56,180 [omNode-3-groupManagement] INFO  server.RaftServerConfigKeys (ConfUtils.java:logGet(46)) - raft.server.read.option = DEFAULT (default)
2025-04-23 15:44:56,180 [omNode-3-groupManagement] INFO  server.RaftServerConfigKeys (ConfUtils.java:logGet(46)) - raft.server.read.read-after-write-consistent.write-index-cache.expiry-time = 60s (default)
2025-04-23 15:44:56,182 [omNode-3-groupManagement] INFO  server.RaftServerConfigKeys (ConfUtils.java:logGet(46)) - raft.server.rpc.request.timeout = 3000ms (default)
2025-04-23 15:44:56,182 [omNode-3-groupManagement] INFO  server.RaftServerConfigKeys (ConfUtils.java:logGet(46)) - raft.server.log.appender.install.snapshot.enabled = false (custom)
2025-04-23 15:44:56,182 [omNode-3-groupManagement] INFO  server.RaftServerConfigKeys (ConfUtils.java:logGet(46)) - raft.server.threadpool.server.cached = true (default)
2025-04-23 15:44:56,182 [omNode-3-groupManagement] INFO  server.RaftServerConfigKeys (ConfUtils.java:logGet(46)) - raft.server.threadpool.server.size = 0 (default)
2025-04-23 15:44:56,182 [omNode-3-groupManagement] INFO  server.RaftServerConfigKeys (ConfUtils.java:logGet(46)) - raft.server.threadpool.client.cached = true (default)
2025-04-23 15:44:56,182 [omNode-3-groupManagement] INFO  server.RaftServerConfigKeys (ConfUtils.java:logGet(46)) - raft.server.threadpool.client.size = 0 (default)
2025-04-23 15:44:56,183 [omNode-3-impl-thread1] INFO  server.RaftServerConfigKeys (ConfUtils.java:logGet(46)) - raft.server.storage.free-space.min = 0MB (=0) (default)
2025-04-23 15:44:56,183 [omNode-3-impl-thread1] INFO  server.RaftServerConfigKeys (ConfUtils.java:logGet(46)) - raft.server.log.corruption.policy = EXCEPTION (default)
2025-04-23 15:44:56,183 [omNode-3-impl-thread1] INFO  server.RaftServerConfigKeys (ConfUtils.java:logGet(46)) - raft.server.storage.dir = [/home/runner/work/ozone/ozone/hadoop-ozone/integration-test/target/test-dir/MiniOzoneClusterImpl-5cf50c17-c591-473f-a8c4-88d8665d28d7/omNode-3/ratis] (custom)
2025-04-23 15:44:56,184 [omNode-3-impl-thread1] INFO  storage.RaftStorageDirectory (RaftStorageDirectoryImpl.java:tryLock(229)) - Lock on /home/runner/work/ozone/ozone/hadoop-ozone/integration-test/target/test-dir/MiniOzoneClusterImpl-5cf50c17-c591-473f-a8c4-88d8665d28d7/omNode-3/ratis/c9bc4cf4-3bc3-3c60-a66b-523986131536/in_use.lock acquired by nodename 129659@fv-az1337-835
2025-04-23 15:44:56,184 [omNode-3-impl-thread1] INFO  storage.RaftStorage (RaftStorageImpl.java:analyzeAndRecoverStorage(118)) - Read RaftStorageMetadata{term=2, votedFor=omNode-2} from /home/runner/work/ozone/ozone/hadoop-ozone/integration-test/target/test-dir/MiniOzoneClusterImpl-5cf50c17-c591-473f-a8c4-88d8665d28d7/omNode-3/ratis/c9bc4cf4-3bc3-3c60-a66b-523986131536/current/raft-meta
2025-04-23 15:44:56,185 [omNode-3-impl-thread1] INFO  server.RaftServer$Division (ServerState.java:setRaftConf(386)) - omNode-3@group-523986131536: set configuration conf: {index: 21, cur=peers:[omNode-3|localhost:15017, omNode-1|localhost:15009, omNode-2|localhost:15013]|listeners:[], old=null}
2025-04-23 15:44:56,185 [omNode-3-impl-thread1] INFO  ratis.OzoneManagerStateMachine (OzoneManagerStateMachine.java:lambda$0(138)) - omNode-3: initialize group-523986131536 with (t:2, i:29)
2025-04-23 15:44:56,185 [omNode-3-impl-thread1] INFO  server.RaftServerConfigKeys (ConfUtils.java:logGet(46)) - raft.server.log.use.memory = false (default)
2025-04-23 15:44:56,185 [omNode-3-impl-thread1] INFO  server.RaftServerConfigKeys (ConfUtils.java:logGet(46)) - raft.server.log.purge.gap = 50 (custom)
2025-04-23 15:44:56,185 [omNode-3-impl-thread1] INFO  server.RaftServerConfigKeys (ConfUtils.java:logGet(46)) - raft.server.log.appender.buffer.byte-limit = 4194304 (custom)
2025-04-23 15:44:56,185 [omNode-3-impl-thread1] INFO  server.RaftServerConfigKeys (ConfUtils.java:logGet(46)) - raft.server.log.statemachine.data.read.timeout = 1000ms (default)
2025-04-23 15:44:56,185 [omNode-3-impl-thread1] INFO  server.RaftServerConfigKeys (ConfUtils.java:logGet(46)) - raft.server.log.purge.preservation.log.num = 0 (default)
2025-04-23 15:44:56,186 [omNode-3-impl-thread1] INFO  server.RaftServerConfigKeys (ConfUtils.java:logGet(46)) - raft.server.log.segment.size.max = 4194304 (custom)
2025-04-23 15:44:56,186 [omNode-3-impl-thread1] INFO  server.RaftServerConfigKeys (ConfUtils.java:logGet(46)) - raft.server.log.segment.cache.num.max = 2 (custom)
2025-04-23 15:44:56,186 [omNode-3-impl-thread1] INFO  server.RaftServerConfigKeys (ConfUtils.java:logGet(46)) - raft.server.log.segment.cache.size.max = 200MB (=209715200) (default)
2025-04-23 15:44:56,186 [omNode-3-impl-thread1] INFO  server.RaftServerConfigKeys (ConfUtils.java:logGet(46)) - raft.server.log.appender.buffer.byte-limit = 4194304 (custom)
2025-04-23 15:44:56,187 [omNode-3-impl-thread1] INFO  util.AwaitToRun (AwaitToRun.java:start(81)) - Thread[#1380,omNode-3@group-523986131536-cacheEviction-AwaitToRun,5,main] started
2025-04-23 15:44:56,187 [omNode-3-impl-thread1] INFO  segmented.SegmentedRaftLogWorker (SegmentedRaftLogWorker.java:<init>(188)) - new omNode-3@group-523986131536-SegmentedRaftLogWorker for RaftStorageImpl:Storage Directory /home/runner/work/ozone/ozone/hadoop-ozone/integration-test/target/test-dir/MiniOzoneClusterImpl-5cf50c17-c591-473f-a8c4-88d8665d28d7/omNode-3/ratis/c9bc4cf4-3bc3-3c60-a66b-523986131536
2025-04-23 15:44:56,187 [omNode-3-impl-thread1] INFO  server.RaftServerConfigKeys (ConfUtils.java:logGet(46)) - raft.server.log.queue.byte-limit = 64MB (=67108864) (default)
2025-04-23 15:44:56,187 [omNode-3-impl-thread1] INFO  server.RaftServerConfigKeys (ConfUtils.java:logGet(46)) - raft.server.log.queue.element-limit = 4096 (default)
2025-04-23 15:44:56,187 [omNode-3-impl-thread1] INFO  server.RaftServerConfigKeys (ConfUtils.java:logGet(46)) - raft.server.log.segment.size.max = 4194304 (custom)
2025-04-23 15:44:56,187 [omNode-3-impl-thread1] INFO  server.RaftServerConfigKeys (ConfUtils.java:logGet(46)) - raft.server.log.preallocated.size = 4194304 (custom)
2025-04-23 15:44:56,187 [omNode-3-impl-thread1] INFO  server.RaftServerConfigKeys (ConfUtils.java:logGet(46)) - raft.server.log.force.sync.num = 128 (default)
2025-04-23 15:44:56,187 [omNode-3-impl-thread1] INFO  server.RaftServerConfigKeys (ConfUtils.java:logGet(46)) - raft.server.log.statemachine.data.sync = true (default)
2025-04-23 15:44:56,187 [omNode-3-impl-thread1] INFO  server.RaftServerConfigKeys (ConfUtils.java:logGet(46)) - raft.server.log.statemachine.data.sync.timeout = 10s (default)
2025-04-23 15:44:56,187 [omNode-3-impl-thread1] INFO  server.RaftServerConfigKeys (ConfUtils.java:logGet(46)) - raft.server.log.statemachine.data.sync.timeout.retry = -1 (default)
2025-04-23 15:44:56,187 [omNode-3-impl-thread1] INFO  server.RaftServerConfigKeys (ConfUtils.java:logGet(46)) - raft.server.log.write.buffer.size = 4194312 (custom)
2025-04-23 15:44:56,188 [omNode-3-impl-thread1] INFO  server.RaftServerConfigKeys (ConfUtils.java:logGet(46)) - raft.server.log.appender.buffer.byte-limit = 4194304 (custom)
2025-04-23 15:44:56,188 [omNode-3-impl-thread1] INFO  server.RaftServerConfigKeys (ConfUtils.java:logGet(46)) - raft.server.log.unsafe-flush.enabled = false (default)
2025-04-23 15:44:56,188 [omNode-3-impl-thread1] INFO  server.RaftServerConfigKeys (ConfUtils.java:logGet(46)) - raft.server.log.async-flush.enabled = false (default)
2025-04-23 15:44:56,188 [omNode-3-impl-thread1] INFO  server.RaftServerConfigKeys (ConfUtils.java:logGet(46)) - raft.server.log.statemachine.data.caching.enabled = false (default)
2025-04-23 15:44:56,188 [omNode-3-impl-thread1] INFO  server.RaftServer$Division (ServerState.java:setRaftConf(386)) - omNode-3@group-523986131536: set configuration conf: {index: 0, cur=peers:[omNode-3|localhost:15017, omNode-1|localhost:15009, omNode-2|localhost:15013]|listeners:[], old=null}
2025-04-23 15:44:56,189 [omNode-3-impl-thread1] INFO  segmented.LogSegment (LogSegment.java:loadSegment(171)) - Successfully read 21 entries from segment file /home/runner/work/ozone/ozone/hadoop-ozone/integration-test/target/test-dir/MiniOzoneClusterImpl-5cf50c17-c591-473f-a8c4-88d8665d28d7/omNode-3/ratis/c9bc4cf4-3bc3-3c60-a66b-523986131536/current/log_0-20
2025-04-23 15:44:56,190 [omNode-3-impl-thread1] INFO  server.RaftServer$Division (ServerState.java:setRaftConf(386)) - omNode-3@group-523986131536: set configuration conf: {index: 21, cur=peers:[omNode-3|localhost:15017, omNode-1|localhost:15009, omNode-2|localhost:15013]|listeners:[], old=null}
2025-04-23 15:44:56,190 [omNode-3-impl-thread1] INFO  segmented.LogSegment (LogSegment.java:loadSegment(171)) - Successfully read 10 entries from segment file /home/runner/work/ozone/ozone/hadoop-ozone/integration-test/target/test-dir/MiniOzoneClusterImpl-5cf50c17-c591-473f-a8c4-88d8665d28d7/omNode-3/ratis/c9bc4cf4-3bc3-3c60-a66b-523986131536/current/log_inprogress_21
2025-04-23 15:44:56,191 [omNode-3-impl-thread1] INFO  segmented.SegmentedRaftLogWorker (SegmentedRaftLogWorker.java:lambda$new$0(139)) - omNode-3@group-523986131536-SegmentedRaftLogWorker: flushIndex: setUnconditionally 0 -> 30
2025-04-23 15:44:56,191 [omNode-3-impl-thread1] INFO  segmented.SegmentedRaftLogWorker (SegmentedRaftLogWorker.java:lambda$new$0(139)) - omNode-3@group-523986131536-SegmentedRaftLogWorker: safeCacheEvictIndex: setUnconditionally 0 -> 20
2025-04-23 15:44:56,191 [omNode-3-impl-thread1] INFO  segmented.BufferedWriteChannel (BufferedWriteChannel.java:open(61)) - open log_inprogress_21 (append) at position 2315
2025-04-23 15:44:56,191 [omNode-3-impl-thread1] INFO  server.RaftServer$Division (RaftServerImpl.java:start(391)) - omNode-3@group-523986131536: start as a follower, conf=conf: {index: 21, cur=peers:[omNode-3|localhost:15017, omNode-1|localhost:15009, omNode-2|localhost:15013]|listeners:[], old=null}
2025-04-23 15:44:56,191 [omNode-3-impl-thread1] INFO  server.RaftServer$Division (RaftServerImpl.java:setRole(378)) - omNode-3@group-523986131536: changes role from      null to FOLLOWER at term 2 for startAsFollower
2025-04-23 15:44:56,191 [omNode-3-impl-thread1] INFO  impl.RoleInfo (RoleInfo.java:updateAndGet(148)) - omNode-3: start omNode-3@group-523986131536-FollowerState
2025-04-23 15:44:56,192 [omNode-3@group-523986131536-FollowerState] INFO  server.RaftServerConfigKeys (ConfUtils.java:logFallback(53)) - raft.server.rpc.first-election.timeout.min = 1s (fallback to raft.server.rpc.timeout.min)
2025-04-23 15:44:56,192 [omNode-3@group-523986131536-FollowerState] INFO  server.RaftServerConfigKeys (ConfUtils.java:logFallback(53)) - raft.server.rpc.first-election.timeout.max = 1200ms (fallback to raft.server.rpc.timeout.max)
2025-04-23 15:44:56,192 [omNode-3-impl-thread1] INFO  util.JmxRegister (JmxRegister.java:tryRegister(44)) - Successfully registered JMX Bean with object name Ratis:service=RaftServer,group=group-523986131536,id=omNode-3
2025-04-23 15:44:56,192 [omNode-3-impl-thread1] INFO  util.JmxRegister (JmxRegister.java:register(58)) - register mxBean class org.apache.ratis.server.impl.RaftServerJmxAdapter as Ratis:service=RaftServer,group=group-523986131536,id=omNode-3
2025-04-23 15:44:56,192 [omNode-3-impl-thread1] INFO  server.RaftServerConfigKeys (ConfUtils.java:logGet(46)) - raft.server.snapshot.trigger-when-stop.enabled = true (default)
2025-04-23 15:44:56,192 [omNode-3-impl-thread1] INFO  server.RaftServerConfigKeys (ConfUtils.java:logGet(46)) - raft.server.snapshot.trigger-when-remove.enabled = true (default)
2025-04-23 15:44:56,192 [omNode-3-impl-thread1] INFO  server.RaftServerConfigKeys (ConfUtils.java:logGet(46)) - raft.server.snapshot.auto.trigger.enabled = true (custom)
2025-04-23 15:44:56,192 [omNode-3-impl-thread1] INFO  server.RaftServerConfigKeys (ConfUtils.java:logGet(46)) - raft.server.snapshot.auto.trigger.threshold = 50 (custom)
2025-04-23 15:44:56,192 [omNode-3-impl-thread1] INFO  server.RaftServerConfigKeys (ConfUtils.java:logGet(46)) - raft.server.snapshot.retention.file.num = -1 (default)
2025-04-23 15:44:56,192 [omNode-3-impl-thread1] INFO  server.RaftServerConfigKeys (ConfUtils.java:logGet(46)) - raft.server.log.purge.upto.snapshot.index = true (custom)
2025-04-23 15:44:56,193 [omNode-3-impl-thread1] INFO  server.RaftServer$Division (RaftServerImpl.java:start(405)) - omNode-3@group-523986131536: Successfully started.
2025-04-23 15:44:56,193 [main] INFO  server.RaftServer (RaftServerProxy.java:startImpl(407)) - omNode-3: start RPC server
2025-04-23 15:44:56,194 [main] INFO  server.GrpcService (GrpcService.java:startImpl(334)) - omNode-3: GrpcService started, listening on 15017
2025-04-23 15:44:56,194 [main] INFO  om.OzoneManager (OzoneManager.java:getRpcServer(1360)) - Creating RPC Server
2025-04-23 15:44:56,194 [JvmPauseMonitor8] INFO  util.JvmPauseMonitor (JvmPauseMonitor.java:run(146)) - JvmPauseMonitor-omNode-3: Started
2025-04-23 15:44:56,705 [main] INFO  reflections.Reflections (Reflections.java:scan(219)) - Reflections took 510 ms to scan 22 urls, producing 61 keys and 7422 values
2025-04-23 15:44:56,707 [main] INFO  ipc.CallQueueManager (CallQueueManager.java:<init>(93)) - Using callQueue: class java.util.concurrent.LinkedBlockingQueue, queueCapacity: 2000, scheduler: class org.apache.hadoop.ipc.DefaultRpcScheduler, ipcBackoff: false, ipcFailOver: false.
2025-04-23 15:44:56,707 [main] INFO  ipc.Server (Server.java:<init>(1438)) - Listener at localhost:15014
2025-04-23 15:44:56,708 [Socket Reader #1 for port 15014] INFO  ipc.Server (Server.java:run(1474)) - Starting Socket Reader #1 for port 15014
2025-04-23 15:44:56,708 [Socket Reader #2 for port 15014] INFO  ipc.Server (Server.java:run(1474)) - Starting Socket Reader #2 for port 15014
2025-04-23 15:44:56,708 [Socket Reader #3 for port 15014] INFO  ipc.Server (Server.java:run(1474)) - Starting Socket Reader #3 for port 15014
2025-04-23 15:44:56,709 [Socket Reader #4 for port 15014] INFO  ipc.Server (Server.java:run(1474)) - Starting Socket Reader #4 for port 15014
2025-04-23 15:44:56,709 [Socket Reader #5 for port 15014] INFO  ipc.Server (Server.java:run(1474)) - Starting Socket Reader #5 for port 15014
2025-04-23 15:44:56,709 [Socket Reader #6 for port 15014] INFO  ipc.Server (Server.java:run(1474)) - Starting Socket Reader #6 for port 15014
2025-04-23 15:44:56,709 [Socket Reader #7 for port 15014] INFO  ipc.Server (Server.java:run(1474)) - Starting Socket Reader #7 for port 15014
2025-04-23 15:44:56,709 [Socket Reader #8 for port 15014] INFO  ipc.Server (Server.java:run(1474)) - Starting Socket Reader #8 for port 15014
2025-04-23 15:44:56,710 [Socket Reader #9 for port 15014] INFO  ipc.Server (Server.java:run(1474)) - Starting Socket Reader #9 for port 15014
2025-04-23 15:44:56,710 [Socket Reader #10 for port 15014] INFO  ipc.Server (Server.java:run(1474)) - Starting Socket Reader #10 for port 15014
2025-04-23 15:44:56,713 [main] INFO  http.BaseHttpServer (BaseHttpServer.java:newHttpServer2BuilderForOzone(229)) - Starting Web-server for ozoneManager at: http://0.0.0.0:15015
2025-04-23 15:44:56,713 [main] INFO  http.BaseHttpServer (BaseHttpServer.java:<init>(107)) - Hadoop Security Enabled: false Ozone Security Enabled: false Ozone HTTP Security Enabled: false 
2025-04-23 15:44:56,714 [main] WARN  server.AuthenticationFilter (AuthenticationFilter.java:constructSecretProvider(240)) - Unable to initialize FileSignerSecretProvider, falling back to use random secrets. Reason: Could not read signature secret file: /home/runner/hadoop-http-auth-signature-secret
2025-04-23 15:44:56,717 [main] INFO  http.HttpServer2 (HttpServer2.java:addGlobalFilter(1041)) - Added global filter 'safety' (class=org.apache.hadoop.hdds.server.http.HttpServer2$QuotingInputFilter)
2025-04-23 15:44:56,717 [main] INFO  http.HttpServer2 (HttpServer2.java:addFilter(1017)) - Added filter static_user_filter (class=org.apache.hadoop.http.lib.StaticUserWebFilter$StaticUserFilter) to context ozoneManager
2025-04-23 15:44:56,717 [main] INFO  http.HttpServer2 (HttpServer2.java:addFilter(1025)) - Added filter static_user_filter (class=org.apache.hadoop.http.lib.StaticUserWebFilter$StaticUserFilter) to context static
2025-04-23 15:44:56,717 [main] INFO  http.HttpServer2 (HttpServer2.java:addFilter(1025)) - Added filter static_user_filter (class=org.apache.hadoop.http.lib.StaticUserWebFilter$StaticUserFilter) to context logs
2025-04-23 15:44:56,718 [main] INFO  http.BaseHttpServer (BaseHttpServer.java:<init>(195)) - HTTP server of ozoneManager uses base directory /home/runner/work/ozone/ozone/hadoop-ozone/integration-test/target/test-dir/MiniOzoneClusterImpl-5cf50c17-c591-473f-a8c4-88d8665d28d7/omNode-3/webserver
2025-04-23 15:44:56,718 [main] INFO  http.HttpServer2 (HttpServer2.java:bindListener(1241)) - Jetty bound to port 15015
2025-04-23 15:44:56,718 [main] INFO  server.Server (Server.java:doStart(375)) - jetty-9.4.57.v20241219; built: 2025-01-08T21:24:30.412Z; git: df524e6b29271c2e09ba9aea83c18dc9db464a31; jvm 21.0.7+6-LTS
2025-04-23 15:44:56,720 [main] INFO  server.session (DefaultSessionIdManager.java:doStart(334)) - DefaultSessionIdManager workerName=node0
2025-04-23 15:44:56,720 [main] INFO  server.session (DefaultSessionIdManager.java:doStart(339)) - No SessionScavenger set, using defaults
2025-04-23 15:44:56,720 [main] INFO  server.session (HouseKeeper.java:startScavenging(132)) - node0 Scavenging every 660000ms
2025-04-23 15:44:56,721 [main] INFO  handler.ContextHandler (ContextHandler.java:doStart(921)) - Started o.e.j.s.ServletContextHandler@147cbf8a{logs,/logs,file:///home/runner/work/ozone/ozone/hadoop-ozone/integration-test/target/log,AVAILABLE}
2025-04-23 15:44:56,721 [main] INFO  handler.ContextHandler (ContextHandler.java:doStart(921)) - Started o.e.j.s.ServletContextHandler@11aa92d9{static,/static,file:///home/runner/work/ozone/ozone/hadoop-ozone/integration-test/target/test-classes/webapps/static,AVAILABLE}
2025-04-23 15:44:56,726 [main] INFO  handler.ContextHandler (ContextHandler.java:doStart(921)) - Started o.e.j.w.WebAppContext@37529c1e{ozoneManager,/,file:///home/runner/work/ozone/ozone/hadoop-ozone/integration-test/target/test-classes/webapps/ozoneManager/,AVAILABLE}{file:/home/runner/work/ozone/ozone/hadoop-ozone/integration-test/target/test-classes/webapps/ozoneManager}
2025-04-23 15:44:56,726 [main] INFO  server.AbstractConnector (AbstractConnector.java:doStart(333)) - Started ServerConnector@700cb93f{HTTP/1.1, (http/1.1)}{0.0.0.0:15015}
2025-04-23 15:44:56,726 [main] INFO  server.Server (Server.java:doStart(415)) - Started @31708ms
2025-04-23 15:44:56,726 [main] WARN  impl.MetricsSystemImpl (MetricsSystemImpl.java:register(279)) - Sink prometheus already exists!
2025-04-23 15:44:56,727 [main] INFO  http.BaseHttpServer (BaseHttpServer.java:updateConnectorAddress(360)) - HTTP server of ozoneManager listening at http://0.0.0.0:15015
2025-04-23 15:44:56,727 [IPC Server Responder] INFO  ipc.Server (Server.java:run(1713)) - IPC Server Responder: starting
2025-04-23 15:44:56,727 [IPC Server listener on 15014] INFO  ipc.Server (Server.java:run(1553)) - IPC Server listener on 15014: starting
2025-04-23 15:44:56,729 [main] INFO  om.OzoneManager (OzoneManager.java:startTrashEmptier(2257)) - Trash Interval set to 0. Files deleted won't move to trash
2025-04-23 15:44:56,730 [main] INFO  om.OzoneManager (OzoneManager.java:restart(1878)) - OzoneManager RPC server is listening at localhost/127.0.0.1:15006
2025-04-23 15:44:56,730 [main] INFO  impl.MetricsSystemImpl (MetricsSystemImpl.java:init(158)) - OzoneManager metrics system started (again)
2025-04-23 15:44:56,741 [main] WARN  server.ServerUtils (ServerUtils.java:getDBPath(297)) - ozone.om.db.dirs is not configured. We recommend adding this setting. Falling back to ozone.metadata.dirs instead.
2025-04-23 15:44:56,783 [main] INFO  om.OzoneManager (OzoneManager.java:instantiateServices(933)) - S3 Multi-Tenancy is disabled
2025-04-23 15:44:56,783 [main] INFO  om.OmSnapshotManager (OmSnapshotManager.java:<init>(180)) - Ozone filesystem snapshot feature is enabled.
2025-04-23 15:44:56,784 [main] WARN  server.ServerUtils (ServerUtils.java:getDBPath(297)) - ozone.om.snapshot.diff.db.dir is not configured. We recommend adding this setting. Falling back to ozone.metadata.dirs instead.
2025-04-23 15:44:56,798 [main] WARN  dropwizard3.Dm3MetricRegistriesImpl (Dm3MetricRegistriesImpl.java:addReporterRegistration(114)) - New reporters are added after registries were created. Some metrics will be missing from the reporter. Please add reporter before adding any new registry.
2025-04-23 15:44:56,798 [main] WARN  dropwizard3.Dm3MetricRegistriesImpl (Dm3MetricRegistriesImpl.java:addReporterRegistration(114)) - New reporters are added after registries were created. Some metrics will be missing from the reporter. Please add reporter before adding any new registry.
2025-04-23 15:44:56,798 [main] WARN  server.ServerUtils (ServerUtils.java:getDefaultRatisDirectory(309)) - Storage directory for Ratis is not configured. It is a good idea to map this to an SSD disk. Falling back to ozone.metadata.dirs
2025-04-23 15:44:56,798 [main] INFO  server.RaftServerConfigKeys (ConfUtils.java:logGet(46)) - raft.server.log.appender.buffer.byte-limit = 4194304 (custom)
2025-04-23 15:44:56,799 [main] INFO  ratis.OzoneManagerRatisServer (OzoneManagerRatisServer.java:<init>(167)) - Instantiating OM Ratis server with groupID: om-service-test1 and peers: localhost:15009, localhost:15017, localhost:15013
2025-04-23 15:44:56,800 [main] INFO  ratis.OzoneManagerStateMachine (OzoneManagerStateMachine.java:loadSnapshotInfoFromDB(611)) - LastAppliedIndex is set from TransactionInfo from OM DB as (t:1, i:20)
2025-04-23 15:44:56,800 [main] INFO  server.RaftServer (ConfUtils.java:logGet(46)) - raft.rpc.type = GRPC (default)
2025-04-23 15:44:56,801 [main] INFO  grpc.GrpcConfigKeys (ConfUtils.java:logFallback(53)) - raft.grpc.admin.host = null (fallback to raft.grpc.server.host)
2025-04-23 15:44:56,801 [main] INFO  grpc.GrpcConfigKeys (ConfUtils.java:logFallback(53)) - raft.grpc.admin.port = 15009 (fallback to raft.grpc.server.port)
2025-04-23 15:44:56,801 [main] INFO  grpc.GrpcConfigKeys (ConfUtils.java:logFallback(53)) - raft.grpc.client.host = null (fallback to raft.grpc.server.host)
2025-04-23 15:44:56,801 [main] INFO  grpc.GrpcConfigKeys (ConfUtils.java:logFallback(53)) - raft.grpc.client.port = 15009 (fallback to raft.grpc.server.port)
2025-04-23 15:44:56,801 [main] INFO  grpc.GrpcConfigKeys (ConfUtils.java:logGet(46)) - raft.grpc.server.host = null (default)
2025-04-23 15:44:56,801 [main] INFO  grpc.GrpcConfigKeys (ConfUtils.java:logGet(46)) - raft.grpc.server.port = 15009 (custom)
2025-04-23 15:44:56,801 [main] INFO  server.GrpcService (ConfUtils.java:logGet(46)) - raft.grpc.message.size.max = 5242880 (custom)
2025-04-23 15:44:56,801 [main] INFO  server.GrpcService (ConfUtils.java:logGet(46)) - raft.grpc.flow.control.window = 1MB (=1048576) (default)
2025-04-23 15:44:56,801 [main] INFO  server.RaftServerConfigKeys (ConfUtils.java:logGet(46)) - raft.server.rpc.request.timeout = 3000ms (default)
2025-04-23 15:44:56,801 [main] INFO  grpc.GrpcConfigKeys (ConfUtils.java:logGet(46)) - raft.grpc.server.heartbeat.channel = true (default)
2025-04-23 15:44:56,801 [main] INFO  server.RaftServerConfigKeys (ConfUtils.java:logGet(46)) - raft.server.log.appender.buffer.byte-limit = 4194304 (custom)
2025-04-23 15:44:56,801 [main] INFO  grpc.GrpcConfigKeys (ConfUtils.java:logGet(46)) - raft.grpc.server.async.request.thread.pool.cached = true (default)
2025-04-23 15:44:56,802 [main] INFO  grpc.GrpcConfigKeys (ConfUtils.java:logGet(46)) - raft.grpc.server.async.request.thread.pool.size = 32 (default)
2025-04-23 15:44:56,802 [main] INFO  impl.DataStreamServerImpl (ConfUtils.java:logGet(46)) - raft.datastream.type = DISABLED (default)
2025-04-23 15:44:56,802 [main] INFO  server.RaftServerConfigKeys (ConfUtils.java:logGet(46)) - raft.server.sleep.deviation.threshold = 300ms (default)
2025-04-23 15:44:56,803 [main] INFO  server.RaftServerConfigKeys (ConfUtils.java:logGet(46)) - raft.server.close.threshold = 60s (default)
2025-04-23 15:44:56,803 [main] INFO  server.RaftServerConfigKeys (ConfUtils.java:logGet(46)) - raft.server.leaderelection.leader.step-down.wait-time = 10s (default)
2025-04-23 15:44:56,803 [main] INFO  server.RaftServerConfigKeys (ConfUtils.java:logGet(46)) - raft.server.storage.dir = [/home/runner/work/ozone/ozone/hadoop-ozone/integration-test/target/test-dir/MiniOzoneClusterImpl-5cf50c17-c591-473f-a8c4-88d8665d28d7/omNode-1/ratis] (custom)
2025-04-23 15:44:56,803 [main] INFO  server.RaftServerConfigKeys (ConfUtils.java:logGet(46)) - raft.server.threadpool.proxy.cached = true (default)
2025-04-23 15:44:56,803 [main] INFO  server.RaftServerConfigKeys (ConfUtils.java:logGet(46)) - raft.server.threadpool.proxy.size = 0 (default)
2025-04-23 15:44:56,803 [omNode-1-impl-thread1] INFO  server.RaftServer (RaftServerProxy.java:initGroupDir(265)) - omNode-1: found a subdirectory /home/runner/work/ozone/ozone/hadoop-ozone/integration-test/target/test-dir/MiniOzoneClusterImpl-5cf50c17-c591-473f-a8c4-88d8665d28d7/omNode-1/ratis/c9bc4cf4-3bc3-3c60-a66b-523986131536
2025-04-23 15:44:56,804 [main] INFO  server.RaftServer (RaftServerProxy.java:addNew(100)) - omNode-1: addNew group-523986131536:[omNode-3|localhost:15017, omNode-1|localhost:15009, omNode-2|localhost:15013] returns group-523986131536:java.util.concurrent.CompletableFuture@64e68150[Not completed]
2025-04-23 15:44:56,804 [main] INFO  om.OzoneManager (OzoneManager.java:initializeRatisServer(2303)) - OzoneManager Ratis server initialized at port 15009
2025-04-23 15:44:56,804 [main] INFO  ratis.OzoneManagerRatisServer (OzoneManagerRatisServer.java:start(628)) - Starting OzoneManagerRatisServer omNode-1 at port 15009
2025-04-23 15:44:56,804 [omNode-1-groupManagement] INFO  server.RaftServer$Division (RaftServerImpl.java:<init>(255)) - omNode-1: new RaftServerImpl for group-523986131536:[omNode-3|localhost:15017, omNode-1|localhost:15009, omNode-2|localhost:15013] with OzoneManagerStateMachine:uninitialized
2025-04-23 15:44:56,804 [omNode-1-groupManagement] INFO  server.RaftServerConfigKeys (ConfUtils.java:logGet(46)) - raft.server.rpc.timeout.min = 1s (custom)
2025-04-23 15:44:56,804 [omNode-1-groupManagement] INFO  server.RaftServerConfigKeys (ConfUtils.java:logGet(46)) - raft.server.rpc.timeout.max = 1200ms (custom)
2025-04-23 15:44:56,804 [omNode-1-groupManagement] INFO  server.RaftServerConfigKeys (ConfUtils.java:logGet(46)) - raft.server.rpc.sleep.time = 25ms (default)
2025-04-23 15:44:56,805 [omNode-1-groupManagement] INFO  server.RaftServerConfigKeys (ConfUtils.java:logGet(46)) - raft.server.rpc.slowness.timeout = 2s (custom)
2025-04-23 15:44:56,805 [omNode-1-groupManagement] INFO  server.RaftServerConfigKeys (ConfUtils.java:logGet(46)) - raft.server.leaderelection.leader.step-down.wait-time = 10s (default)
2025-04-23 15:44:56,805 [omNode-1-groupManagement] INFO  server.RaftServerConfigKeys (ConfUtils.java:logGet(46)) - raft.server.leaderelection.member.majority-add = false (default)
2025-04-23 15:44:56,805 [omNode-1-groupManagement] INFO  server.RaftServerConfigKeys (ConfUtils.java:logGet(46)) - raft.server.sleep.deviation.threshold = 300ms (default)
2025-04-23 15:44:56,805 [omNode-1-groupManagement] INFO  server.RaftServer$Division (ServerState.java:<init>(114)) - omNode-1@group-523986131536: ConfigurationManager, init=conf: {index: -1, cur=peers:[omNode-3|localhost:15017, omNode-1|localhost:15009, omNode-2|localhost:15013]|listeners:[], old=null}, confs=<EMPTY_MAP>
2025-04-23 15:44:56,805 [omNode-1-groupManagement] INFO  server.RaftServerConfigKeys (ConfUtils.java:logGet(46)) - raft.server.notification.no-leader.timeout = 2s (custom)
2025-04-23 15:44:56,805 [omNode-1-groupManagement] INFO  server.RaftServerConfigKeys (ConfUtils.java:logGet(46)) - raft.server.read.timeout = 10s (default)
2025-04-23 15:44:56,805 [omNode-1-groupManagement] INFO  server.RaftServerConfigKeys (ConfUtils.java:logGet(46)) - raft.server.retrycache.expirytime = 30000ms (custom)
2025-04-23 15:44:56,805 [omNode-1-groupManagement] INFO  server.RaftServerConfigKeys (ConfUtils.java:logGet(46)) - raft.server.retrycache.statistics.expirytime = 100ms (default)
2025-04-23 15:44:56,805 [omNode-1-groupManagement] INFO  server.RaftServerConfigKeys (ConfUtils.java:logGet(46)) - raft.server.read.option = DEFAULT (default)
2025-04-23 15:44:56,805 [omNode-1-groupManagement] INFO  server.RaftServerConfigKeys (ConfUtils.java:logGet(46)) - raft.server.read.read-after-write-consistent.write-index-cache.expiry-time = 60s (default)
2025-04-23 15:44:56,807 [omNode-1-groupManagement] INFO  server.RaftServerConfigKeys (ConfUtils.java:logGet(46)) - raft.server.rpc.request.timeout = 3000ms (default)
2025-04-23 15:44:56,808 [omNode-1-groupManagement] INFO  server.RaftServerConfigKeys (ConfUtils.java:logGet(46)) - raft.server.log.appender.install.snapshot.enabled = false (custom)
2025-04-23 15:44:56,808 [omNode-1-groupManagement] INFO  server.RaftServerConfigKeys (ConfUtils.java:logGet(46)) - raft.server.threadpool.server.cached = true (default)
2025-04-23 15:44:56,808 [omNode-1-groupManagement] INFO  server.RaftServerConfigKeys (ConfUtils.java:logGet(46)) - raft.server.threadpool.server.size = 0 (default)
2025-04-23 15:44:56,808 [omNode-1-groupManagement] INFO  server.RaftServerConfigKeys (ConfUtils.java:logGet(46)) - raft.server.threadpool.client.cached = true (default)
2025-04-23 15:44:56,808 [omNode-1-groupManagement] INFO  server.RaftServerConfigKeys (ConfUtils.java:logGet(46)) - raft.server.threadpool.client.size = 0 (default)
2025-04-23 15:44:56,808 [omNode-1-impl-thread1] INFO  server.RaftServerConfigKeys (ConfUtils.java:logGet(46)) - raft.server.storage.free-space.min = 0MB (=0) (default)
2025-04-23 15:44:56,808 [omNode-1-impl-thread1] INFO  server.RaftServerConfigKeys (ConfUtils.java:logGet(46)) - raft.server.log.corruption.policy = EXCEPTION (default)
2025-04-23 15:44:56,808 [omNode-1-impl-thread1] INFO  server.RaftServerConfigKeys (ConfUtils.java:logGet(46)) - raft.server.storage.dir = [/home/runner/work/ozone/ozone/hadoop-ozone/integration-test/target/test-dir/MiniOzoneClusterImpl-5cf50c17-c591-473f-a8c4-88d8665d28d7/omNode-1/ratis] (custom)
2025-04-23 15:44:56,809 [omNode-1-impl-thread1] INFO  storage.RaftStorageDirectory (RaftStorageDirectoryImpl.java:tryLock(229)) - Lock on /home/runner/work/ozone/ozone/hadoop-ozone/integration-test/target/test-dir/MiniOzoneClusterImpl-5cf50c17-c591-473f-a8c4-88d8665d28d7/omNode-1/ratis/c9bc4cf4-3bc3-3c60-a66b-523986131536/in_use.lock acquired by nodename 129659@fv-az1337-835
2025-04-23 15:44:56,809 [omNode-1-impl-thread1] INFO  storage.RaftStorage (RaftStorageImpl.java:analyzeAndRecoverStorage(118)) - Read RaftStorageMetadata{term=1, votedFor=omNode-1} from /home/runner/work/ozone/ozone/hadoop-ozone/integration-test/target/test-dir/MiniOzoneClusterImpl-5cf50c17-c591-473f-a8c4-88d8665d28d7/omNode-1/ratis/c9bc4cf4-3bc3-3c60-a66b-523986131536/current/raft-meta
2025-04-23 15:44:56,810 [omNode-1-impl-thread1] INFO  server.RaftServer$Division (ServerState.java:setRaftConf(386)) - omNode-1@group-523986131536: set configuration conf: {index: 0, cur=peers:[omNode-3|localhost:15017, omNode-1|localhost:15009, omNode-2|localhost:15013]|listeners:[], old=null}
2025-04-23 15:44:56,810 [omNode-1-impl-thread1] INFO  ratis.OzoneManagerStateMachine (OzoneManagerStateMachine.java:lambda$0(138)) - omNode-1: initialize group-523986131536 with (t:1, i:20)
2025-04-23 15:44:56,810 [omNode-1-impl-thread1] INFO  server.RaftServerConfigKeys (ConfUtils.java:logGet(46)) - raft.server.log.use.memory = false (default)
2025-04-23 15:44:56,810 [omNode-1-impl-thread1] INFO  server.RaftServerConfigKeys (ConfUtils.java:logGet(46)) - raft.server.log.purge.gap = 50 (custom)
2025-04-23 15:44:56,810 [omNode-1-impl-thread1] INFO  server.RaftServerConfigKeys (ConfUtils.java:logGet(46)) - raft.server.log.appender.buffer.byte-limit = 4194304 (custom)
2025-04-23 15:44:56,810 [omNode-1-impl-thread1] INFO  server.RaftServerConfigKeys (ConfUtils.java:logGet(46)) - raft.server.log.statemachine.data.read.timeout = 1000ms (default)
2025-04-23 15:44:56,810 [omNode-1-impl-thread1] INFO  server.RaftServerConfigKeys (ConfUtils.java:logGet(46)) - raft.server.log.purge.preservation.log.num = 0 (default)
2025-04-23 15:44:56,811 [omNode-1-impl-thread1] INFO  server.RaftServerConfigKeys (ConfUtils.java:logGet(46)) - raft.server.log.segment.size.max = 4194304 (custom)
2025-04-23 15:44:56,812 [omNode-1-impl-thread1] INFO  server.RaftServerConfigKeys (ConfUtils.java:logGet(46)) - raft.server.log.segment.cache.num.max = 2 (custom)
2025-04-23 15:44:56,812 [omNode-1-impl-thread1] INFO  server.RaftServerConfigKeys (ConfUtils.java:logGet(46)) - raft.server.log.segment.cache.size.max = 200MB (=209715200) (default)
2025-04-23 15:44:56,812 [omNode-1-impl-thread1] INFO  server.RaftServerConfigKeys (ConfUtils.java:logGet(46)) - raft.server.log.appender.buffer.byte-limit = 4194304 (custom)
2025-04-23 15:44:56,812 [omNode-1-impl-thread1] INFO  util.AwaitToRun (AwaitToRun.java:start(81)) - Thread[#1467,omNode-1@group-523986131536-cacheEviction-AwaitToRun,5,main] started
2025-04-23 15:44:56,812 [omNode-1-impl-thread1] INFO  segmented.SegmentedRaftLogWorker (SegmentedRaftLogWorker.java:<init>(188)) - new omNode-1@group-523986131536-SegmentedRaftLogWorker for RaftStorageImpl:Storage Directory /home/runner/work/ozone/ozone/hadoop-ozone/integration-test/target/test-dir/MiniOzoneClusterImpl-5cf50c17-c591-473f-a8c4-88d8665d28d7/omNode-1/ratis/c9bc4cf4-3bc3-3c60-a66b-523986131536
2025-04-23 15:44:56,812 [omNode-1-impl-thread1] INFO  server.RaftServerConfigKeys (ConfUtils.java:logGet(46)) - raft.server.log.queue.byte-limit = 64MB (=67108864) (default)
2025-04-23 15:44:56,812 [omNode-1-impl-thread1] INFO  server.RaftServerConfigKeys (ConfUtils.java:logGet(46)) - raft.server.log.queue.element-limit = 4096 (default)
2025-04-23 15:44:56,812 [omNode-1-impl-thread1] INFO  server.RaftServerConfigKeys (ConfUtils.java:logGet(46)) - raft.server.log.segment.size.max = 4194304 (custom)
2025-04-23 15:44:56,812 [omNode-1-impl-thread1] INFO  server.RaftServerConfigKeys (ConfUtils.java:logGet(46)) - raft.server.log.preallocated.size = 4194304 (custom)
2025-04-23 15:44:56,812 [omNode-1-impl-thread1] INFO  server.RaftServerConfigKeys (ConfUtils.java:logGet(46)) - raft.server.log.force.sync.num = 128 (default)
2025-04-23 15:44:56,812 [omNode-1-impl-thread1] INFO  server.RaftServerConfigKeys (ConfUtils.java:logGet(46)) - raft.server.log.statemachine.data.sync = true (default)
2025-04-23 15:44:56,812 [omNode-1-impl-thread1] INFO  server.RaftServerConfigKeys (ConfUtils.java:logGet(46)) - raft.server.log.statemachine.data.sync.timeout = 10s (default)
2025-04-23 15:44:56,812 [omNode-1-impl-thread1] INFO  server.RaftServerConfigKeys (ConfUtils.java:logGet(46)) - raft.server.log.statemachine.data.sync.timeout.retry = -1 (default)
2025-04-23 15:44:56,813 [omNode-1-impl-thread1] INFO  server.RaftServerConfigKeys (ConfUtils.java:logGet(46)) - raft.server.log.write.buffer.size = 4194312 (custom)
2025-04-23 15:44:56,815 [omNode-1-impl-thread1] INFO  server.RaftServerConfigKeys (ConfUtils.java:logGet(46)) - raft.server.log.appender.buffer.byte-limit = 4194304 (custom)
2025-04-23 15:44:56,815 [omNode-1-impl-thread1] INFO  server.RaftServerConfigKeys (ConfUtils.java:logGet(46)) - raft.server.log.unsafe-flush.enabled = false (default)
2025-04-23 15:44:56,815 [omNode-1-impl-thread1] INFO  server.RaftServerConfigKeys (ConfUtils.java:logGet(46)) - raft.server.log.async-flush.enabled = false (default)
2025-04-23 15:44:56,815 [omNode-1-impl-thread1] INFO  server.RaftServerConfigKeys (ConfUtils.java:logGet(46)) - raft.server.log.statemachine.data.caching.enabled = false (default)
2025-04-23 15:44:56,815 [omNode-1-impl-thread1] INFO  server.RaftServer$Division (ServerState.java:setRaftConf(386)) - omNode-1@group-523986131536: set configuration conf: {index: 0, cur=peers:[omNode-3|localhost:15017, omNode-1|localhost:15009, omNode-2|localhost:15013]|listeners:[], old=null}
2025-04-23 15:44:56,816 [omNode-1-impl-thread1] INFO  segmented.LogSegment (LogSegment.java:loadSegment(171)) - Successfully read 21 entries from segment file /home/runner/work/ozone/ozone/hadoop-ozone/integration-test/target/test-dir/MiniOzoneClusterImpl-5cf50c17-c591-473f-a8c4-88d8665d28d7/omNode-1/ratis/c9bc4cf4-3bc3-3c60-a66b-523986131536/current/log_inprogress_0
2025-04-23 15:44:56,816 [omNode-1-impl-thread1] INFO  segmented.SegmentedRaftLogWorker (SegmentedRaftLogWorker.java:lambda$new$0(139)) - omNode-1@group-523986131536-SegmentedRaftLogWorker: flushIndex: setUnconditionally 0 -> 20
2025-04-23 15:44:56,816 [omNode-1-impl-thread1] INFO  segmented.SegmentedRaftLogWorker (SegmentedRaftLogWorker.java:lambda$new$0(139)) - omNode-1@group-523986131536-SegmentedRaftLogWorker: safeCacheEvictIndex: setUnconditionally 0 -> -1
2025-04-23 15:44:56,816 [omNode-1-impl-thread1] INFO  segmented.BufferedWriteChannel (BufferedWriteChannel.java:open(61)) - open log_inprogress_0 (append) at position 3900
2025-04-23 15:44:56,817 [omNode-1-impl-thread1] INFO  server.RaftServer$Division (RaftServerImpl.java:start(391)) - omNode-1@group-523986131536: start as a follower, conf=conf: {index: 0, cur=peers:[omNode-3|localhost:15017, omNode-1|localhost:15009, omNode-2|localhost:15013]|listeners:[], old=null}
2025-04-23 15:44:56,817 [omNode-1-impl-thread1] INFO  server.RaftServer$Division (RaftServerImpl.java:setRole(378)) - omNode-1@group-523986131536: changes role from      null to FOLLOWER at term 1 for startAsFollower
2025-04-23 15:44:56,817 [omNode-1-impl-thread1] INFO  impl.RoleInfo (RoleInfo.java:updateAndGet(148)) - omNode-1: start omNode-1@group-523986131536-FollowerState
2025-04-23 15:44:56,818 [omNode-1-impl-thread1] INFO  util.JmxRegister (JmxRegister.java:tryRegister(44)) - Successfully registered JMX Bean with object name Ratis:service=RaftServer,group=group-523986131536,id=omNode-1
2025-04-23 15:44:56,818 [omNode-1-impl-thread1] INFO  util.JmxRegister (JmxRegister.java:register(58)) - register mxBean class org.apache.ratis.server.impl.RaftServerJmxAdapter as Ratis:service=RaftServer,group=group-523986131536,id=omNode-1
2025-04-23 15:44:56,818 [omNode-1@group-523986131536-FollowerState] INFO  server.RaftServerConfigKeys (ConfUtils.java:logFallback(53)) - raft.server.rpc.first-election.timeout.min = 1s (fallback to raft.server.rpc.timeout.min)
2025-04-23 15:44:56,818 [omNode-1@group-523986131536-FollowerState] INFO  server.RaftServerConfigKeys (ConfUtils.java:logFallback(53)) - raft.server.rpc.first-election.timeout.max = 1200ms (fallback to raft.server.rpc.timeout.max)
2025-04-23 15:44:56,818 [omNode-1-impl-thread1] INFO  server.RaftServerConfigKeys (ConfUtils.java:logGet(46)) - raft.server.snapshot.trigger-when-stop.enabled = true (default)
2025-04-23 15:44:56,818 [omNode-1-impl-thread1] INFO  server.RaftServerConfigKeys (ConfUtils.java:logGet(46)) - raft.server.snapshot.trigger-when-remove.enabled = true (default)
2025-04-23 15:44:56,818 [omNode-1-impl-thread1] INFO  server.RaftServerConfigKeys (ConfUtils.java:logGet(46)) - raft.server.snapshot.auto.trigger.enabled = true (custom)
2025-04-23 15:44:56,818 [omNode-1-impl-thread1] INFO  server.RaftServerConfigKeys (ConfUtils.java:logGet(46)) - raft.server.snapshot.auto.trigger.threshold = 50 (custom)
2025-04-23 15:44:56,819 [omNode-1-impl-thread1] INFO  server.RaftServerConfigKeys (ConfUtils.java:logGet(46)) - raft.server.snapshot.retention.file.num = -1 (default)
2025-04-23 15:44:56,819 [omNode-1-impl-thread1] INFO  server.RaftServerConfigKeys (ConfUtils.java:logGet(46)) - raft.server.log.purge.upto.snapshot.index = true (custom)
2025-04-23 15:44:56,819 [omNode-1-impl-thread1] INFO  server.RaftServer$Division (RaftServerImpl.java:start(405)) - omNode-1@group-523986131536: Successfully started.
2025-04-23 15:44:56,819 [main] INFO  server.RaftServer (RaftServerProxy.java:startImpl(407)) - omNode-1: start RPC server
2025-04-23 15:44:56,820 [main] INFO  server.GrpcService (GrpcService.java:startImpl(334)) - omNode-1: GrpcService started, listening on 15009
2025-04-23 15:44:56,821 [JvmPauseMonitor9] INFO  util.JvmPauseMonitor (JvmPauseMonitor.java:run(146)) - JvmPauseMonitor-omNode-1: Started
2025-04-23 15:44:56,821 [main] INFO  om.OzoneManager (OzoneManager.java:getRpcServer(1360)) - Creating RPC Server
2025-04-23 15:44:57,198 [omNode-3@group-523986131536-FollowerState] INFO  impl.FollowerState (FollowerState.java:runImpl(161)) - omNode-3@group-523986131536-FollowerState: change to CANDIDATE, lastRpcElapsedTime:1006633548ns, electionTimeout:1006ms
2025-04-23 15:44:57,199 [omNode-3@group-523986131536-FollowerState] INFO  impl.RoleInfo (RoleInfo.java:shutdownFollowerState(121)) - omNode-3: shutdown omNode-3@group-523986131536-FollowerState
2025-04-23 15:44:57,199 [omNode-3@group-523986131536-FollowerState] INFO  server.RaftServer$Division (RaftServerImpl.java:setRole(378)) - omNode-3@group-523986131536: changes role from  FOLLOWER to CANDIDATE at term 2 for changeToCandidate
2025-04-23 15:44:57,199 [omNode-3@group-523986131536-FollowerState] INFO  server.RaftServerConfigKeys (ConfUtils.java:logGet(46)) - raft.server.leaderelection.pre-vote = true (default)
2025-04-23 15:44:57,199 [omNode-3@group-523986131536-FollowerState] INFO  impl.RoleInfo (RoleInfo.java:updateAndGet(148)) - omNode-3: start omNode-3@group-523986131536-LeaderElection11
2025-04-23 15:44:57,200 [omNode-3@group-523986131536-LeaderElection11] INFO  impl.LeaderElection (LeaderElection.java:askForVotes(332)) - omNode-3@group-523986131536-LeaderElection11 PRE_VOTE round 0: submit vote requests at term 2 for conf: {index: 21, cur=peers:[omNode-3|localhost:15017, omNode-1|localhost:15009, omNode-2|localhost:15013]|listeners:[], old=null}
2025-04-23 15:44:57,201 [omNode-3@group-523986131536-LeaderElection11-1] INFO  server.GrpcServerProtocolClient (GrpcServerProtocolClient.java:<init>(65)) - Build channel for omNode-1|localhost:15009
2025-04-23 15:44:57,201 [omNode-3@group-523986131536-LeaderElection11-2] INFO  server.GrpcServerProtocolClient (GrpcServerProtocolClient.java:<init>(65)) - Build channel for omNode-2|localhost:15013
2025-04-23 15:44:57,201 [omNode-3@group-523986131536-LeaderElection11] INFO  server.RaftServerConfigKeys (ConfUtils.java:logFallback(53)) - raft.server.rpc.first-election.timeout.min = 1s (fallback to raft.server.rpc.timeout.min)
2025-04-23 15:44:57,201 [omNode-3@group-523986131536-LeaderElection11] INFO  server.RaftServerConfigKeys (ConfUtils.java:logFallback(53)) - raft.server.rpc.first-election.timeout.max = 1200ms (fallback to raft.server.rpc.timeout.max)
2025-04-23 15:44:57,206 [omNode-3@group-523986131536-LeaderElection11] INFO  impl.LeaderElection (LogUtils.java:infoOrTrace(136)) - omNode-3@group-523986131536-LeaderElection11 got exception when requesting votes: java.util.concurrent.ExecutionException: org.apache.ratis.thirdparty.io.grpc.StatusRuntimeException: UNAVAILABLE: io exception
2025-04-23 15:44:57,208 [grpc-default-executor-0] INFO  server.RaftServer$Division (RaftServerImpl.java:requestVote(1407)) - omNode-1@group-523986131536: receive requestVote(PRE_VOTE, omNode-3, group-523986131536, 2, (t:2, i:30))
2025-04-23 15:44:57,208 [grpc-default-executor-0] INFO  impl.VoteContext (VoteContext.java:log(49)) - omNode-1@group-523986131536-FOLLOWER: accept PRE_VOTE from omNode-3: our last entry (t:1, i:20) < candidate's last entry (t:2, i:30)
2025-04-23 15:44:57,208 [grpc-default-executor-0] INFO  server.RaftServer$Division (RaftServerImpl.java:requestVote(1441)) - omNode-1@group-523986131536 replies to PRE_VOTE vote request: omNode-3<-omNode-1#0:OK-t1. Peer's state: omNode-1@group-523986131536:t1, leader=null, voted=omNode-1, raftlog=Memoized:omNode-1@group-523986131536-SegmentedRaftLog:OPENED:c20:last(t:1, i:20), conf=conf: {index: 0, cur=peers:[omNode-3|localhost:15017, omNode-1|localhost:15009, omNode-2|localhost:15013]|listeners:[], old=null}
2025-04-23 15:44:57,209 [omNode-3@group-523986131536-LeaderElection11] INFO  impl.LeaderElection (LeaderElection.java:logAndReturn(90)) - omNode-3@group-523986131536-LeaderElection11: PRE_VOTE PASSED received 1 response(s) and 1 exception(s):
2025-04-23 15:44:57,209 [omNode-3@group-523986131536-LeaderElection11] INFO  impl.LeaderElection (LeaderElection.java:logAndReturn(94)) -   Response 0: omNode-3<-omNode-1#0:OK-t1
2025-04-23 15:44:57,209 [omNode-3@group-523986131536-LeaderElection11] INFO  impl.LeaderElection (LogUtils.java:infoOrTrace(136)) -   Exception 1: java.util.concurrent.ExecutionException: org.apache.ratis.thirdparty.io.grpc.StatusRuntimeException: UNAVAILABLE: io exception
2025-04-23 15:44:57,209 [omNode-3@group-523986131536-LeaderElection11] INFO  impl.LeaderElection (LeaderElection.java:askForVotes(334)) - omNode-3@group-523986131536-LeaderElection11 PRE_VOTE round 0: result PASSED
2025-04-23 15:44:57,211 [omNode-3@group-523986131536-LeaderElection11] INFO  impl.LeaderElection (LeaderElection.java:askForVotes(332)) - omNode-3@group-523986131536-LeaderElection11 ELECTION round 0: submit vote requests at term 3 for conf: {index: 21, cur=peers:[omNode-3|localhost:15017, omNode-1|localhost:15009, omNode-2|localhost:15013]|listeners:[], old=null}
2025-04-23 15:44:57,212 [omNode-3@group-523986131536-LeaderElection11] INFO  server.RaftServerConfigKeys (ConfUtils.java:logFallback(53)) - raft.server.rpc.first-election.timeout.min = 1s (fallback to raft.server.rpc.timeout.min)
2025-04-23 15:44:57,212 [omNode-3@group-523986131536-LeaderElection11] INFO  server.RaftServerConfigKeys (ConfUtils.java:logFallback(53)) - raft.server.rpc.first-election.timeout.max = 1200ms (fallback to raft.server.rpc.timeout.max)
2025-04-23 15:44:57,212 [omNode-3@group-523986131536-LeaderElection11] INFO  impl.LeaderElection (LogUtils.java:infoOrTrace(136)) - omNode-3@group-523986131536-LeaderElection11 got exception when requesting votes: java.util.concurrent.ExecutionException: org.apache.ratis.thirdparty.io.grpc.StatusRuntimeException: UNAVAILABLE: io exception
2025-04-23 15:44:57,213 [grpc-default-executor-0] INFO  server.RaftServer$Division (RaftServerImpl.java:requestVote(1407)) - omNode-1@group-523986131536: receive requestVote(ELECTION, omNode-3, group-523986131536, 3, (t:2, i:30))
2025-04-23 15:44:57,213 [grpc-default-executor-0] INFO  impl.VoteContext (VoteContext.java:log(49)) - omNode-1@group-523986131536-FOLLOWER: accept ELECTION from omNode-3: our last entry (t:1, i:20) < candidate's last entry (t:2, i:30)
2025-04-23 15:44:57,213 [grpc-default-executor-0] INFO  server.RaftServer$Division (RaftServerImpl.java:setRole(378)) - omNode-1@group-523986131536: changes role from  FOLLOWER to FOLLOWER at term 1 for candidate:omNode-3
2025-04-23 15:44:57,214 [grpc-default-executor-0] INFO  impl.RoleInfo (RoleInfo.java:shutdownFollowerState(121)) - omNode-1: shutdown omNode-1@group-523986131536-FollowerState
2025-04-23 15:44:57,214 [grpc-default-executor-0] INFO  impl.RoleInfo (RoleInfo.java:updateAndGet(148)) - omNode-1: start omNode-1@group-523986131536-FollowerState
2025-04-23 15:44:57,214 [omNode-1@group-523986131536-FollowerState] INFO  impl.FollowerState (FollowerState.java:runImpl(170)) - omNode-1@group-523986131536-FollowerState was interrupted
2025-04-23 15:44:57,214 [grpc-default-executor-0] INFO  server.RaftServer$Division (RaftServerImpl.java:setFirstElection(562)) - omNode-1@group-523986131536: set firstElectionSinceStartup to false for candidate:omNode-3
2025-04-23 15:44:57,215 [grpc-default-executor-0] INFO  server.RaftServer$Division (RaftServerImpl.java:requestVote(1441)) - omNode-1@group-523986131536 replies to ELECTION vote request: omNode-3<-omNode-1#0:OK-t3. Peer's state: omNode-1@group-523986131536:t3, leader=null, voted=omNode-3, raftlog=Memoized:omNode-1@group-523986131536-SegmentedRaftLog:OPENED:c20:last(t:1, i:20), conf=conf: {index: 0, cur=peers:[omNode-3|localhost:15017, omNode-1|localhost:15009, omNode-2|localhost:15013]|listeners:[], old=null}
2025-04-23 15:44:57,216 [omNode-3@group-523986131536-LeaderElection11] INFO  impl.LeaderElection (LeaderElection.java:logAndReturn(90)) - omNode-3@group-523986131536-LeaderElection11: ELECTION PASSED received 1 response(s) and 1 exception(s):
2025-04-23 15:44:57,216 [omNode-3@group-523986131536-LeaderElection11] INFO  impl.LeaderElection (LeaderElection.java:logAndReturn(94)) -   Response 0: omNode-3<-omNode-1#0:OK-t3
2025-04-23 15:44:57,216 [omNode-3@group-523986131536-LeaderElection11] INFO  impl.LeaderElection (LogUtils.java:infoOrTrace(136)) -   Exception 1: java.util.concurrent.ExecutionException: org.apache.ratis.thirdparty.io.grpc.StatusRuntimeException: UNAVAILABLE: io exception
2025-04-23 15:44:57,216 [omNode-3@group-523986131536-LeaderElection11] INFO  impl.LeaderElection (LeaderElection.java:askForVotes(334)) - omNode-3@group-523986131536-LeaderElection11 ELECTION round 0: result PASSED
2025-04-23 15:44:57,216 [omNode-3@group-523986131536-LeaderElection11] INFO  impl.RoleInfo (RoleInfo.java:shutdownLeaderElection(141)) - omNode-3: shutdown omNode-3@group-523986131536-LeaderElection11
2025-04-23 15:44:57,216 [omNode-3@group-523986131536-LeaderElection11] INFO  server.RaftServer$Division (RaftServerImpl.java:setRole(378)) - omNode-3@group-523986131536: changes role from CANDIDATE to LEADER at term 3 for changeToLeader
2025-04-23 15:44:57,216 [omNode-3@group-523986131536-LeaderElection11] INFO  server.RaftServerConfigKeys (ConfUtils.java:logGet(46)) - raft.server.staging.catchup.gap = 1000 (default)
2025-04-23 15:44:57,217 [omNode-3@group-523986131536-LeaderElection11] INFO  server.RaftServerConfigKeys (ConfUtils.java:logGet(46)) - raft.server.write.element-limit = 4096 (default)
2025-04-23 15:44:57,217 [omNode-3@group-523986131536-LeaderElection11] INFO  server.RaftServerConfigKeys (ConfUtils.java:logGet(46)) - raft.server.write.byte-limit = 64MB (=67108864) (default)
2025-04-23 15:44:57,217 [omNode-3@group-523986131536-LeaderElection11] INFO  server.RaftServerConfigKeys (ConfUtils.java:logGet(46)) - raft.server.watch.timeout = 10s (default)
2025-04-23 15:44:57,217 [omNode-3@group-523986131536-LeaderElection11] INFO  server.RaftServerConfigKeys (ConfUtils.java:logGet(46)) - raft.server.watch.timeout.denomination = 1s (default)
2025-04-23 15:44:57,217 [omNode-3@group-523986131536-LeaderElection11] INFO  server.RaftServerConfigKeys (ConfUtils.java:logGet(46)) - raft.server.watch.element-limit = 65536 (default)
2025-04-23 15:44:57,217 [omNode-3@group-523986131536-LeaderElection11] INFO  server.RaftServerConfigKeys (ConfUtils.java:logGet(46)) - raft.server.read.leader.lease.enabled = false (default)
2025-04-23 15:44:57,218 [omNode-3@group-523986131536-LeaderElection11] INFO  server.RaftServerConfigKeys (ConfUtils.java:logGet(46)) - raft.server.read.leader.lease.timeout.ratio = 0.9 (default)
2025-04-23 15:44:57,218 [omNode-3@group-523986131536-LeaderElection11] INFO  server.RaftServerConfigKeys (ConfUtils.java:logGet(46)) - raft.server.rpc.timeout.min = 1s (custom)
2025-04-23 15:44:57,218 [omNode-3@group-523986131536-LeaderElection11] INFO  server.RaftServerConfigKeys (ConfUtils.java:logGet(46)) - raft.server.log.log-metadata.enabled = true (default)
2025-04-23 15:44:57,218 [omNode-3@group-523986131536-LeaderElection11] INFO  server.RaftServerConfigKeys (ConfUtils.java:logGet(46)) - raft.server.write.element-limit = 4096 (default)
2025-04-23 15:44:57,218 [omNode-3@group-523986131536-LeaderElection11] INFO  server.RaftServerConfigKeys (ConfUtils.java:logGet(46)) - raft.server.write.follower.gap.ratio.max = -1.0 (default)
2025-04-23 15:44:57,218 [omNode-3@group-523986131536-LeaderElection11] INFO  server.RaftServerConfigKeys (ConfUtils.java:logGet(46)) - raft.server.log.appender.snapshot.chunk.size.max = 16MB (=16777216) (default)
2025-04-23 15:44:57,218 [omNode-3@group-523986131536-LeaderElection11] INFO  server.RaftServerConfigKeys (ConfUtils.java:logGet(46)) - raft.server.log.appender.buffer.byte-limit = 4194304 (custom)
2025-04-23 15:44:57,218 [omNode-3@group-523986131536-LeaderElection11] INFO  server.RaftServerConfigKeys (ConfUtils.java:logGet(46)) - raft.server.log.appender.buffer.element-limit = 1024 (custom)
2025-04-23 15:44:57,219 [omNode-3@group-523986131536-LeaderElection11] INFO  server.RaftServerConfigKeys (ConfUtils.java:logGet(46)) - raft.server.log.appender.wait-time.min = 0ms (custom)
2025-04-23 15:44:57,219 [omNode-3@group-523986131536-LeaderElection11] INFO  grpc.GrpcConfigKeys (ConfUtils.java:logGet(46)) - raft.grpc.server.leader.outstanding.appends.max = 8 (default)
2025-04-23 15:44:57,219 [omNode-3@group-523986131536-LeaderElection11] INFO  server.RaftServerConfigKeys (ConfUtils.java:logGet(46)) - raft.server.rpc.request.timeout = 3000ms (default)
2025-04-23 15:44:57,219 [omNode-3@group-523986131536-LeaderElection11] INFO  grpc.GrpcConfigKeys (ConfUtils.java:logGet(46)) - raft.grpc.server.install_snapshot.request.element-limit = 8 (default)
2025-04-23 15:44:57,219 [omNode-3@group-523986131536-LeaderElection11] INFO  grpc.GrpcConfigKeys (ConfUtils.java:logGet(46)) - raft.grpc.server.install_snapshot.request.timeout = 3000ms (default)
2025-04-23 15:44:57,219 [omNode-3@group-523986131536-LeaderElection11] INFO  grpc.GrpcConfigKeys (ConfUtils.java:logGet(46)) - raft.grpc.server.log-message.batch.duration = 5s (default)
2025-04-23 15:44:57,219 [omNode-3@group-523986131536-LeaderElection11] INFO  server.RaftServerConfigKeys (ConfUtils.java:logGet(46)) - raft.server.log.appender.install.snapshot.enabled = false (custom)
2025-04-23 15:44:57,219 [omNode-3@group-523986131536-LeaderElection11] INFO  grpc.GrpcConfigKeys (ConfUtils.java:logGet(46)) - raft.grpc.server.heartbeat.channel = true (default)
2025-04-23 15:44:57,220 [omNode-3@group-523986131536-LeaderElection11] INFO  server.RaftServerConfigKeys (ConfUtils.java:logGet(46)) - raft.server.log.appender.snapshot.chunk.size.max = 16MB (=16777216) (default)
2025-04-23 15:44:57,220 [omNode-3@group-523986131536-LeaderElection11] INFO  server.RaftServerConfigKeys (ConfUtils.java:logGet(46)) - raft.server.log.appender.buffer.byte-limit = 4194304 (custom)
2025-04-23 15:44:57,220 [omNode-3@group-523986131536-LeaderElection11] INFO  server.RaftServerConfigKeys (ConfUtils.java:logGet(46)) - raft.server.log.appender.buffer.element-limit = 1024 (custom)
2025-04-23 15:44:57,220 [omNode-3@group-523986131536-LeaderElection11] INFO  server.RaftServerConfigKeys (ConfUtils.java:logGet(46)) - raft.server.log.appender.wait-time.min = 0ms (custom)
2025-04-23 15:44:57,220 [omNode-3@group-523986131536-LeaderElection11] INFO  grpc.GrpcConfigKeys (ConfUtils.java:logGet(46)) - raft.grpc.server.leader.outstanding.appends.max = 8 (default)
2025-04-23 15:44:57,220 [omNode-3@group-523986131536-LeaderElection11] INFO  server.RaftServerConfigKeys (ConfUtils.java:logGet(46)) - raft.server.rpc.request.timeout = 3000ms (default)
2025-04-23 15:44:57,220 [omNode-3@group-523986131536-LeaderElection11] INFO  grpc.GrpcConfigKeys (ConfUtils.java:logGet(46)) - raft.grpc.server.install_snapshot.request.element-limit = 8 (default)
2025-04-23 15:44:57,220 [omNode-3@group-523986131536-LeaderElection11] INFO  grpc.GrpcConfigKeys (ConfUtils.java:logGet(46)) - raft.grpc.server.install_snapshot.request.timeout = 3000ms (default)
2025-04-23 15:44:57,220 [omNode-3@group-523986131536-LeaderElection11] INFO  grpc.GrpcConfigKeys (ConfUtils.java:logGet(46)) - raft.grpc.server.log-message.batch.duration = 5s (default)
2025-04-23 15:44:57,220 [omNode-3@group-523986131536-LeaderElection11] INFO  server.RaftServerConfigKeys (ConfUtils.java:logGet(46)) - raft.server.log.appender.install.snapshot.enabled = false (custom)
2025-04-23 15:44:57,220 [omNode-3@group-523986131536-LeaderElection11] INFO  grpc.GrpcConfigKeys (ConfUtils.java:logGet(46)) - raft.grpc.server.heartbeat.channel = true (default)
2025-04-23 15:44:57,220 [omNode-3@group-523986131536-LeaderElection11] INFO  impl.RoleInfo (RoleInfo.java:updateAndGet(148)) - omNode-3: start omNode-3@group-523986131536-LeaderStateImpl
2025-04-23 15:44:57,220 [omNode-3@group-523986131536-LeaderElection11] INFO  server.RaftServer$Division (RaftServerImpl.java:setFirstElection(562)) - omNode-3@group-523986131536: set firstElectionSinceStartup to false for becomeLeader
2025-04-23 15:44:57,221 [omNode-3@group-523986131536-LeaderElection11] INFO  ratis.OzoneManagerStateMachine (OzoneManagerStateMachine.java:notifyLeaderChanged(169)) - omNode-3@group-523986131536: leader changed to omNode-3
2025-04-23 15:44:57,221 [omNode-3@group-523986131536-LeaderElection11] INFO  server.RaftServer$Division (ServerState.java:setLeader(272)) - omNode-3@group-523986131536: change Leader from null to omNode-3 at term 3 for becomeLeader, leader elected after 1040ms
2025-04-23 15:44:57,221 [omNode-3@group-523986131536-LeaderElection11] INFO  segmented.SegmentedRaftLogWorker (SegmentedRaftLogWorker.java:rollLogSegment(443)) - omNode-3@group-523986131536-SegmentedRaftLogWorker: Rolling segment log-21_30 to index:30
2025-04-23 15:44:57,222 [omNode-3@group-523986131536-LeaderElection11] INFO  server.RaftServer$Division (ServerState.java:setRaftConf(386)) - omNode-3@group-523986131536: set configuration conf: {index: 31, cur=peers:[omNode-3|localhost:15017, omNode-1|localhost:15009, omNode-2|localhost:15013]|listeners:[], old=null}
2025-04-23 15:44:57,222 [omNode-3@group-523986131536-SegmentedRaftLogWorker] INFO  segmented.SegmentedRaftLogWorker (SegmentedRaftLogWorker.java:execute(601)) - omNode-3@group-523986131536-SegmentedRaftLogWorker: Rolled log segment from /home/runner/work/ozone/ozone/hadoop-ozone/integration-test/target/test-dir/MiniOzoneClusterImpl-5cf50c17-c591-473f-a8c4-88d8665d28d7/omNode-3/ratis/c9bc4cf4-3bc3-3c60-a66b-523986131536/current/log_inprogress_21 to /home/runner/work/ozone/ozone/hadoop-ozone/integration-test/target/test-dir/MiniOzoneClusterImpl-5cf50c17-c591-473f-a8c4-88d8665d28d7/omNode-3/ratis/c9bc4cf4-3bc3-3c60-a66b-523986131536/current/log_21-30
2025-04-23 15:44:57,222 [omNode-3@group-523986131536-SegmentedRaftLogWorker] INFO  segmented.BufferedWriteChannel (BufferedWriteChannel.java:open(61)) - open log_inprogress_31 at position 0
2025-04-23 15:44:57,226 [grpc-default-executor-0] WARN  server.GrpcLogAppender (LogUtils.java:warn(121)) - omNode-3@group-523986131536->omNode-2-AppendLogResponseHandler: Failed appendEntries: org.apache.ratis.thirdparty.io.grpc.StatusRuntimeException: UNAVAILABLE: io exception
2025-04-23 15:44:57,227 [grpc-default-executor-0] WARN  server.GrpcLogAppender (GrpcLogAppender.java:lambda$resetClient$1(221)) - omNode-3@group-523986131536->omNode-2-GrpcLogAppender: Follower failed (request=null, errorCount=1); keep nextIndex (31) unchanged and retry.
2025-04-23 15:44:57,228 [grpc-default-executor-0] WARN  server.GrpcLogAppender (GrpcLogAppender.java:lambda$resetClient$1(221)) - omNode-3@group-523986131536->omNode-2-GrpcLogAppender: Follower failed (request=null, errorCount=2); keep nextIndex (32) unchanged and retry.
2025-04-23 15:44:57,232 [omNode-1-server-thread1] INFO  ratis.OzoneManagerStateMachine (OzoneManagerStateMachine.java:notifyLeaderChanged(169)) - omNode-1@group-523986131536: leader changed to omNode-3
2025-04-23 15:44:57,234 [omNode-1-server-thread1] INFO  server.RaftServer$Division (ServerState.java:setLeader(272)) - omNode-1@group-523986131536: change Leader from null to omNode-3 at term 3 for appendEntries, leader elected after 426ms
2025-04-23 15:44:57,234 [omNode-1-server-thread1] INFO  server.RaftServer$Division (RaftServerImpl.java:checkInconsistentAppendEntries(1648)) - omNode-1@group-523986131536: Failed appendEntries as previous log entry ((t:2, i:30)) is not found
2025-04-23 15:44:57,234 [omNode-1-server-thread1] INFO  server.RaftServer$Division (RaftServerImpl.java:appendEntriesAsync(1580)) - omNode-1@group-523986131536: appendEntries* reply omNode-3<-omNode-1#0:FAIL-t3,INCONSISTENCY,nextIndex=21,followerCommit=20,matchIndex=-1
2025-04-23 15:44:57,235 [omNode-1-server-thread2] INFO  server.RaftServer$Division (RaftServerImpl.java:checkInconsistentAppendEntries(1648)) - omNode-1@group-523986131536: Failed appendEntries as previous log entry ((t:2, i:30)) is not found
2025-04-23 15:44:57,235 [omNode-1-server-thread2] INFO  server.RaftServer$Division (RaftServerImpl.java:appendEntriesAsync(1580)) - omNode-1@group-523986131536: appendEntries* reply omNode-3<-omNode-1#1:FAIL-t3,INCONSISTENCY,nextIndex=21,followerCommit=20,matchIndex=-1
2025-04-23 15:44:57,236 [grpc-default-executor-3] WARN  server.GrpcLogAppender (GrpcLogAppender.java:onNextImpl(519)) - omNode-3@group-523986131536->omNode-1-AppendLogResponseHandler: received INCONSISTENCY reply with nextIndex 21, errorCount=1, request=AppendEntriesRequest:cid=0,entriesCount=0
2025-04-23 15:44:57,236 [omNode-3@group-523986131536-SegmentedRaftLogWorker] INFO  segmented.SegmentedRaftLogWorker (SegmentedRaftLogWorker.java:execute(644)) - omNode-3@group-523986131536-SegmentedRaftLogWorker: created new log segment /home/runner/work/ozone/ozone/hadoop-ozone/integration-test/target/test-dir/MiniOzoneClusterImpl-5cf50c17-c591-473f-a8c4-88d8665d28d7/omNode-3/ratis/c9bc4cf4-3bc3-3c60-a66b-523986131536/current/log_inprogress_31
2025-04-23 15:44:57,237 [grpc-default-executor-3] INFO  leader.FollowerInfo (FollowerInfoImpl.java:info(70)) - omNode-3@group-523986131536->omNode-1: setNextIndex nextIndex: updateUnconditionally 32 -> 21
2025-04-23 15:44:57,238 [grpc-default-executor-3] WARN  server.GrpcLogAppender (GrpcLogAppender.java:onNextImpl(519)) - omNode-3@group-523986131536->omNode-1-AppendLogResponseHandler: received INCONSISTENCY reply with nextIndex 21, errorCount=2, request=null
2025-04-23 15:44:57,238 [grpc-default-executor-3] INFO  leader.FollowerInfo (FollowerInfoImpl.java:info(70)) - omNode-3@group-523986131536->omNode-1: setNextIndex nextIndex: updateUnconditionally 32 -> 21
2025-04-23 15:44:57,240 [omNode-1-server-thread2] INFO  server.RaftServer$Division (ServerState.java:setRaftConf(386)) - omNode-1@group-523986131536: set configuration conf: {index: 21, cur=peers:[omNode-3|localhost:15017, omNode-1|localhost:15009, omNode-2|localhost:15013]|listeners:[], old=null}
2025-04-23 15:44:57,240 [omNode-1-server-thread2] INFO  server.RaftServer$Division (ServerState.java:setRaftConf(386)) - omNode-1@group-523986131536: set configuration conf: {index: 31, cur=peers:[omNode-3|localhost:15017, omNode-1|localhost:15009, omNode-2|localhost:15013]|listeners:[], old=null}
2025-04-23 15:44:57,240 [omNode-1-server-thread2] INFO  segmented.SegmentedRaftLogWorker (SegmentedRaftLogWorker.java:rollLogSegment(443)) - omNode-1@group-523986131536-SegmentedRaftLogWorker: Rolling segment log-0_20 to index:20
2025-04-23 15:44:57,242 [omNode-1@group-523986131536-SegmentedRaftLogWorker] INFO  segmented.SegmentedRaftLogWorker (SegmentedRaftLogWorker.java:execute(601)) - omNode-1@group-523986131536-SegmentedRaftLogWorker: Rolled log segment from /home/runner/work/ozone/ozone/hadoop-ozone/integration-test/target/test-dir/MiniOzoneClusterImpl-5cf50c17-c591-473f-a8c4-88d8665d28d7/omNode-1/ratis/c9bc4cf4-3bc3-3c60-a66b-523986131536/current/log_inprogress_0 to /home/runner/work/ozone/ozone/hadoop-ozone/integration-test/target/test-dir/MiniOzoneClusterImpl-5cf50c17-c591-473f-a8c4-88d8665d28d7/omNode-1/ratis/c9bc4cf4-3bc3-3c60-a66b-523986131536/current/log_0-20
2025-04-23 15:44:57,243 [omNode-1@group-523986131536-SegmentedRaftLogWorker] INFO  segmented.BufferedWriteChannel (BufferedWriteChannel.java:open(61)) - open log_inprogress_21 at position 0
2025-04-23 15:44:57,243 [omNode-1-server-thread2] INFO  segmented.SegmentedRaftLogWorker (SegmentedRaftLogWorker.java:rollLogSegment(443)) - omNode-1@group-523986131536-SegmentedRaftLogWorker: Rolling segment log-21_30 to index:30
2025-04-23 15:44:57,244 [omNode-1-server-thread2] INFO  server.RaftServer$Division (ServerState.java:setRaftConf(386)) - omNode-1@group-523986131536: set configuration conf: {index: 21, cur=peers:[omNode-3|localhost:15017, omNode-1|localhost:15009, omNode-2|localhost:15013]|listeners:[], old=null}
2025-04-23 15:44:57,245 [omNode-1-server-thread2] INFO  server.RaftServer$Division (ServerState.java:setRaftConf(386)) - omNode-1@group-523986131536: set configuration conf: {index: 31, cur=peers:[omNode-3|localhost:15017, omNode-1|localhost:15009, omNode-2|localhost:15013]|listeners:[], old=null}
2025-04-23 15:44:57,253 [omNode-1@group-523986131536-SegmentedRaftLogWorker] INFO  segmented.SegmentedRaftLogWorker (SegmentedRaftLogWorker.java:execute(644)) - omNode-1@group-523986131536-SegmentedRaftLogWorker: created new log segment /home/runner/work/ozone/ozone/hadoop-ozone/integration-test/target/test-dir/MiniOzoneClusterImpl-5cf50c17-c591-473f-a8c4-88d8665d28d7/omNode-1/ratis/c9bc4cf4-3bc3-3c60-a66b-523986131536/current/log_inprogress_21
2025-04-23 15:44:57,255 [omNode-1@group-523986131536-SegmentedRaftLogWorker] INFO  segmented.SegmentedRaftLogWorker (SegmentedRaftLogWorker.java:execute(601)) - omNode-1@group-523986131536-SegmentedRaftLogWorker: Rolled log segment from /home/runner/work/ozone/ozone/hadoop-ozone/integration-test/target/test-dir/MiniOzoneClusterImpl-5cf50c17-c591-473f-a8c4-88d8665d28d7/omNode-1/ratis/c9bc4cf4-3bc3-3c60-a66b-523986131536/current/log_inprogress_21 to /home/runner/work/ozone/ozone/hadoop-ozone/integration-test/target/test-dir/MiniOzoneClusterImpl-5cf50c17-c591-473f-a8c4-88d8665d28d7/omNode-1/ratis/c9bc4cf4-3bc3-3c60-a66b-523986131536/current/log_21-30
2025-04-23 15:44:57,256 [omNode-1@group-523986131536-SegmentedRaftLogWorker] INFO  segmented.BufferedWriteChannel (BufferedWriteChannel.java:open(61)) - open log_inprogress_31 at position 0
2025-04-23 15:44:57,264 [omNode-1@group-523986131536-SegmentedRaftLogWorker] INFO  segmented.SegmentedRaftLogWorker (SegmentedRaftLogWorker.java:execute(644)) - omNode-1@group-523986131536-SegmentedRaftLogWorker: created new log segment /home/runner/work/ozone/ozone/hadoop-ozone/integration-test/target/test-dir/MiniOzoneClusterImpl-5cf50c17-c591-473f-a8c4-88d8665d28d7/omNode-1/ratis/c9bc4cf4-3bc3-3c60-a66b-523986131536/current/log_inprogress_31
2025-04-23 15:44:57,266 [omNode-1@group-523986131536-StateMachineUpdater] INFO  ratis.OzoneManagerStateMachine (OzoneManagerStateMachine.java:notifyConfigurationChanged(231)) - notifyConfigurationChanged from Ratis: term=2, index=21, New Peer list: omNode-3(localhost:15017), omNode-1(localhost:15009), omNode-2(localhost:15013)
2025-04-23 15:44:57,269 [grpc-default-executor-0] WARN  server.GrpcLogAppender (GrpcLogAppender.java:lambda$resetClient$1(221)) - omNode-3@group-523986131536->omNode-2-GrpcLogAppender: Follower failed (request=null, errorCount=5); keep nextIndex (33) unchanged and retry.
2025-04-23 15:44:57,269 [omNode-3@group-523986131536-StateMachineUpdater] INFO  ratis.OzoneManagerStateMachine (OzoneManagerStateMachine.java:notifyConfigurationChanged(231)) - notifyConfigurationChanged from Ratis: term=3, index=31, New Peer list: omNode-3(localhost:15017), omNode-1(localhost:15009), omNode-2(localhost:15013)
2025-04-23 15:44:57,270 [omNode-3@group-523986131536-StateMachineUpdater] INFO  server.RaftServer$Division (LeaderStateImpl.java:checkStartIndex(313)) - Leader omNode-3@group-523986131536-LeaderStateImpl is ready since appliedIndex == startIndex == 31
2025-04-23 15:44:57,275 [omNode-1@group-523986131536-StateMachineUpdater] INFO  ratis.OzoneManagerStateMachine (OzoneManagerStateMachine.java:notifyConfigurationChanged(231)) - notifyConfigurationChanged from Ratis: term=3, index=31, New Peer list: omNode-3(localhost:15017), omNode-1(localhost:15009), omNode-2(localhost:15013)
2025-04-23 15:44:57,320 [main] INFO  reflections.Reflections (Reflections.java:scan(219)) - Reflections took 498 ms to scan 22 urls, producing 61 keys and 7422 values
2025-04-23 15:44:57,321 [main] INFO  ipc.CallQueueManager (CallQueueManager.java:<init>(93)) - Using callQueue: class java.util.concurrent.LinkedBlockingQueue, queueCapacity: 2000, scheduler: class org.apache.hadoop.ipc.DefaultRpcScheduler, ipcBackoff: false, ipcFailOver: false.
2025-04-23 15:44:57,322 [main] INFO  ipc.Server (Server.java:<init>(1438)) - Listener at localhost:15006
2025-04-23 15:44:57,322 [Socket Reader #1 for port 15006] INFO  ipc.Server (Server.java:run(1474)) - Starting Socket Reader #1 for port 15006
2025-04-23 15:44:57,322 [Socket Reader #2 for port 15006] INFO  ipc.Server (Server.java:run(1474)) - Starting Socket Reader #2 for port 15006
2025-04-23 15:44:57,322 [Socket Reader #3 for port 15006] INFO  ipc.Server (Server.java:run(1474)) - Starting Socket Reader #3 for port 15006
2025-04-23 15:44:57,323 [Socket Reader #4 for port 15006] INFO  ipc.Server (Server.java:run(1474)) - Starting Socket Reader #4 for port 15006
2025-04-23 15:44:57,323 [Socket Reader #5 for port 15006] INFO  ipc.Server (Server.java:run(1474)) - Starting Socket Reader #5 for port 15006
2025-04-23 15:44:57,323 [Socket Reader #6 for port 15006] INFO  ipc.Server (Server.java:run(1474)) - Starting Socket Reader #6 for port 15006
2025-04-23 15:44:57,323 [Socket Reader #7 for port 15006] INFO  ipc.Server (Server.java:run(1474)) - Starting Socket Reader #7 for port 15006
2025-04-23 15:44:57,323 [Socket Reader #8 for port 15006] INFO  ipc.Server (Server.java:run(1474)) - Starting Socket Reader #8 for port 15006
2025-04-23 15:44:57,324 [Socket Reader #9 for port 15006] INFO  ipc.Server (Server.java:run(1474)) - Starting Socket Reader #9 for port 15006
2025-04-23 15:44:57,324 [Socket Reader #10 for port 15006] INFO  ipc.Server (Server.java:run(1474)) - Starting Socket Reader #10 for port 15006
2025-04-23 15:44:57,327 [main] INFO  http.BaseHttpServer (BaseHttpServer.java:newHttpServer2BuilderForOzone(229)) - Starting Web-server for ozoneManager at: http://0.0.0.0:15007
2025-04-23 15:44:57,327 [main] INFO  http.BaseHttpServer (BaseHttpServer.java:<init>(107)) - Hadoop Security Enabled: false Ozone Security Enabled: false Ozone HTTP Security Enabled: false 
2025-04-23 15:44:57,328 [main] WARN  server.AuthenticationFilter (AuthenticationFilter.java:constructSecretProvider(240)) - Unable to initialize FileSignerSecretProvider, falling back to use random secrets. Reason: Could not read signature secret file: /home/runner/hadoop-http-auth-signature-secret
2025-04-23 15:44:57,331 [main] INFO  http.HttpServer2 (HttpServer2.java:addGlobalFilter(1041)) - Added global filter 'safety' (class=org.apache.hadoop.hdds.server.http.HttpServer2$QuotingInputFilter)
2025-04-23 15:44:57,331 [main] INFO  http.HttpServer2 (HttpServer2.java:addFilter(1017)) - Added filter static_user_filter (class=org.apache.hadoop.http.lib.StaticUserWebFilter$StaticUserFilter) to context ozoneManager
2025-04-23 15:44:57,331 [main] INFO  http.HttpServer2 (HttpServer2.java:addFilter(1025)) - Added filter static_user_filter (class=org.apache.hadoop.http.lib.StaticUserWebFilter$StaticUserFilter) to context logs
2025-04-23 15:44:57,332 [main] INFO  http.HttpServer2 (HttpServer2.java:addFilter(1025)) - Added filter static_user_filter (class=org.apache.hadoop.http.lib.StaticUserWebFilter$StaticUserFilter) to context static
2025-04-23 15:44:57,332 [main] INFO  http.BaseHttpServer (BaseHttpServer.java:<init>(195)) - HTTP server of ozoneManager uses base directory /home/runner/work/ozone/ozone/hadoop-ozone/integration-test/target/test-dir/MiniOzoneClusterImpl-5cf50c17-c591-473f-a8c4-88d8665d28d7/omNode-1/webserver
2025-04-23 15:44:57,333 [main] INFO  http.HttpServer2 (HttpServer2.java:bindListener(1241)) - Jetty bound to port 15007
2025-04-23 15:44:57,333 [main] INFO  server.Server (Server.java:doStart(375)) - jetty-9.4.57.v20241219; built: 2025-01-08T21:24:30.412Z; git: df524e6b29271c2e09ba9aea83c18dc9db464a31; jvm 21.0.7+6-LTS
2025-04-23 15:44:57,334 [main] INFO  server.session (DefaultSessionIdManager.java:doStart(334)) - DefaultSessionIdManager workerName=node0
2025-04-23 15:44:57,334 [main] INFO  server.session (DefaultSessionIdManager.java:doStart(339)) - No SessionScavenger set, using defaults
2025-04-23 15:44:57,334 [main] INFO  server.session (HouseKeeper.java:startScavenging(132)) - node0 Scavenging every 660000ms
2025-04-23 15:44:57,335 [main] INFO  handler.ContextHandler (ContextHandler.java:doStart(921)) - Started o.e.j.s.ServletContextHandler@36689eca{logs,/logs,file:///home/runner/work/ozone/ozone/hadoop-ozone/integration-test/target/log,AVAILABLE}
2025-04-23 15:44:57,336 [main] INFO  handler.ContextHandler (ContextHandler.java:doStart(921)) - Started o.e.j.s.ServletContextHandler@779f4ee6{static,/static,file:///home/runner/work/ozone/ozone/hadoop-ozone/integration-test/target/test-classes/webapps/static,AVAILABLE}
2025-04-23 15:44:57,340 [main] INFO  handler.ContextHandler (ContextHandler.java:doStart(921)) - Started o.e.j.w.WebAppContext@23aa1d40{ozoneManager,/,file:///home/runner/work/ozone/ozone/hadoop-ozone/integration-test/target/test-classes/webapps/ozoneManager/,AVAILABLE}{file:/home/runner/work/ozone/ozone/hadoop-ozone/integration-test/target/test-classes/webapps/ozoneManager}
2025-04-23 15:44:57,341 [main] INFO  server.AbstractConnector (AbstractConnector.java:doStart(333)) - Started ServerConnector@5f536620{HTTP/1.1, (http/1.1)}{0.0.0.0:15007}
2025-04-23 15:44:57,341 [main] INFO  server.Server (Server.java:doStart(415)) - Started @32323ms
2025-04-23 15:44:57,341 [main] WARN  impl.MetricsSystemImpl (MetricsSystemImpl.java:register(279)) - Sink prometheus already exists!
2025-04-23 15:44:57,342 [main] INFO  http.BaseHttpServer (BaseHttpServer.java:updateConnectorAddress(360)) - HTTP server of ozoneManager listening at http://0.0.0.0:15007
2025-04-23 15:44:57,342 [IPC Server Responder] INFO  ipc.Server (Server.java:run(1713)) - IPC Server Responder: starting
2025-04-23 15:44:57,342 [IPC Server listener on 15006] INFO  ipc.Server (Server.java:run(1553)) - IPC Server listener on 15006: starting
2025-04-23 15:44:57,345 [main] INFO  om.OzoneManager (OzoneManager.java:startTrashEmptier(2257)) - Trash Interval set to 0. Files deleted won't move to trash
2025-04-23 15:44:57,345 [main] INFO  om.OzoneManager (OzoneManager.java:restart(1878)) - OzoneManager RPC server is listening at localhost/127.0.0.1:15010
2025-04-23 15:44:57,345 [main] INFO  impl.MetricsSystemImpl (MetricsSystemImpl.java:init(158)) - OzoneManager metrics system started (again)
2025-04-23 15:44:57,362 [main] WARN  server.ServerUtils (ServerUtils.java:getDBPath(297)) - ozone.om.db.dirs is not configured. We recommend adding this setting. Falling back to ozone.metadata.dirs instead.
2025-04-23 15:44:57,402 [main] INFO  om.OzoneManager (OzoneManager.java:instantiateServices(933)) - S3 Multi-Tenancy is disabled
2025-04-23 15:44:57,402 [main] INFO  om.OmSnapshotManager (OmSnapshotManager.java:<init>(180)) - Ozone filesystem snapshot feature is enabled.
2025-04-23 15:44:57,403 [main] WARN  server.ServerUtils (ServerUtils.java:getDBPath(297)) - ozone.om.snapshot.diff.db.dir is not configured. We recommend adding this setting. Falling back to ozone.metadata.dirs instead.
2025-04-23 15:44:57,409 [timer0] WARN  server.GrpcLogAppender (LogUtils.java:warn(121)) - omNode-2@group-523986131536->omNode-1-AppendLogResponseHandler: Failed appendEntries (Repeated 20 times in the last 5.000s): org.apache.ratis.thirdparty.io.grpc.StatusRuntimeException: UNAVAILABLE: io exception
2025-04-23 15:44:57,410 [timer1] WARN  server.GrpcLogAppender (GrpcLogAppender.java:lambda$resetClient$1(221)) - omNode-2@group-523986131536->omNode-1-GrpcLogAppender: Follower failed (request=null, errorCount=22); keep nextIndex (23) unchanged and retry. (Repeated 4 times in the last 5.001s)
2025-04-23 15:44:57,417 [main] WARN  dropwizard3.Dm3MetricRegistriesImpl (Dm3MetricRegistriesImpl.java:addReporterRegistration(114)) - New reporters are added after registries were created. Some metrics will be missing from the reporter. Please add reporter before adding any new registry.
2025-04-23 15:44:57,417 [main] WARN  dropwizard3.Dm3MetricRegistriesImpl (Dm3MetricRegistriesImpl.java:addReporterRegistration(114)) - New reporters are added after registries were created. Some metrics will be missing from the reporter. Please add reporter before adding any new registry.
2025-04-23 15:44:57,417 [main] WARN  server.ServerUtils (ServerUtils.java:getDefaultRatisDirectory(309)) - Storage directory for Ratis is not configured. It is a good idea to map this to an SSD disk. Falling back to ozone.metadata.dirs
2025-04-23 15:44:57,418 [main] INFO  server.RaftServerConfigKeys (ConfUtils.java:logGet(46)) - raft.server.log.appender.buffer.byte-limit = 4194304 (custom)
2025-04-23 15:44:57,419 [main] INFO  ratis.OzoneManagerRatisServer (OzoneManagerRatisServer.java:<init>(167)) - Instantiating OM Ratis server with groupID: om-service-test1 and peers: localhost:15013, localhost:15017, localhost:15009
2025-04-23 15:44:57,419 [main] INFO  ratis.OzoneManagerStateMachine (OzoneManagerStateMachine.java:loadSnapshotInfoFromDB(611)) - LastAppliedIndex is set from TransactionInfo from OM DB as (t:2, i:30)
2025-04-23 15:44:57,420 [main] INFO  server.RaftServer (ConfUtils.java:logGet(46)) - raft.rpc.type = GRPC (default)
2025-04-23 15:44:57,420 [main] INFO  grpc.GrpcConfigKeys (ConfUtils.java:logFallback(53)) - raft.grpc.admin.host = null (fallback to raft.grpc.server.host)
2025-04-23 15:44:57,420 [main] INFO  grpc.GrpcConfigKeys (ConfUtils.java:logFallback(53)) - raft.grpc.admin.port = 15013 (fallback to raft.grpc.server.port)
2025-04-23 15:44:57,420 [main] INFO  grpc.GrpcConfigKeys (ConfUtils.java:logFallback(53)) - raft.grpc.client.host = null (fallback to raft.grpc.server.host)
2025-04-23 15:44:57,420 [main] INFO  grpc.GrpcConfigKeys (ConfUtils.java:logFallback(53)) - raft.grpc.client.port = 15013 (fallback to raft.grpc.server.port)
2025-04-23 15:44:57,420 [main] INFO  grpc.GrpcConfigKeys (ConfUtils.java:logGet(46)) - raft.grpc.server.host = null (default)
2025-04-23 15:44:57,421 [main] INFO  grpc.GrpcConfigKeys (ConfUtils.java:logGet(46)) - raft.grpc.server.port = 15013 (custom)
2025-04-23 15:44:57,421 [main] INFO  server.GrpcService (ConfUtils.java:logGet(46)) - raft.grpc.message.size.max = 5242880 (custom)
2025-04-23 15:44:57,421 [main] INFO  server.GrpcService (ConfUtils.java:logGet(46)) - raft.grpc.flow.control.window = 1MB (=1048576) (default)
2025-04-23 15:44:57,421 [main] INFO  server.RaftServerConfigKeys (ConfUtils.java:logGet(46)) - raft.server.rpc.request.timeout = 3000ms (default)
2025-04-23 15:44:57,421 [main] INFO  grpc.GrpcConfigKeys (ConfUtils.java:logGet(46)) - raft.grpc.server.heartbeat.channel = true (default)
2025-04-23 15:44:57,421 [main] INFO  server.RaftServerConfigKeys (ConfUtils.java:logGet(46)) - raft.server.log.appender.buffer.byte-limit = 4194304 (custom)
2025-04-23 15:44:57,421 [main] INFO  grpc.GrpcConfigKeys (ConfUtils.java:logGet(46)) - raft.grpc.server.async.request.thread.pool.cached = true (default)
2025-04-23 15:44:57,421 [main] INFO  grpc.GrpcConfigKeys (ConfUtils.java:logGet(46)) - raft.grpc.server.async.request.thread.pool.size = 32 (default)
2025-04-23 15:44:57,422 [main] INFO  impl.DataStreamServerImpl (ConfUtils.java:logGet(46)) - raft.datastream.type = DISABLED (default)
2025-04-23 15:44:57,422 [main] INFO  server.RaftServerConfigKeys (ConfUtils.java:logGet(46)) - raft.server.sleep.deviation.threshold = 300ms (default)
2025-04-23 15:44:57,423 [main] INFO  server.RaftServerConfigKeys (ConfUtils.java:logGet(46)) - raft.server.close.threshold = 60s (default)
2025-04-23 15:44:57,423 [main] INFO  server.RaftServerConfigKeys (ConfUtils.java:logGet(46)) - raft.server.leaderelection.leader.step-down.wait-time = 10s (default)
2025-04-23 15:44:57,423 [main] INFO  server.RaftServerConfigKeys (ConfUtils.java:logGet(46)) - raft.server.storage.dir = [/home/runner/work/ozone/ozone/hadoop-ozone/integration-test/target/test-dir/MiniOzoneClusterImpl-5cf50c17-c591-473f-a8c4-88d8665d28d7/omNode-2/ratis] (custom)
2025-04-23 15:44:57,423 [main] INFO  server.RaftServerConfigKeys (ConfUtils.java:logGet(46)) - raft.server.threadpool.proxy.cached = true (default)
2025-04-23 15:44:57,423 [main] INFO  server.RaftServerConfigKeys (ConfUtils.java:logGet(46)) - raft.server.threadpool.proxy.size = 0 (default)
2025-04-23 15:44:57,424 [omNode-2-impl-thread1] INFO  server.RaftServer (RaftServerProxy.java:initGroupDir(265)) - omNode-2: found a subdirectory /home/runner/work/ozone/ozone/hadoop-ozone/integration-test/target/test-dir/MiniOzoneClusterImpl-5cf50c17-c591-473f-a8c4-88d8665d28d7/omNode-2/ratis/c9bc4cf4-3bc3-3c60-a66b-523986131536
2025-04-23 15:44:57,424 [main] INFO  server.RaftServer (RaftServerProxy.java:addNew(100)) - omNode-2: addNew group-523986131536:[omNode-3|localhost:15017, omNode-1|localhost:15009, omNode-2|localhost:15013] returns group-523986131536:java.util.concurrent.CompletableFuture@4f0cfc00[Not completed]
2025-04-23 15:44:57,424 [main] INFO  om.OzoneManager (OzoneManager.java:initializeRatisServer(2303)) - OzoneManager Ratis server initialized at port 15013
2025-04-23 15:44:57,424 [main] INFO  ratis.OzoneManagerRatisServer (OzoneManagerRatisServer.java:start(628)) - Starting OzoneManagerRatisServer omNode-2 at port 15013
2025-04-23 15:44:57,424 [omNode-2-groupManagement] INFO  server.RaftServer$Division (RaftServerImpl.java:<init>(255)) - omNode-2: new RaftServerImpl for group-523986131536:[omNode-3|localhost:15017, omNode-1|localhost:15009, omNode-2|localhost:15013] with OzoneManagerStateMachine:uninitialized
2025-04-23 15:44:57,425 [omNode-2-groupManagement] INFO  server.RaftServerConfigKeys (ConfUtils.java:logGet(46)) - raft.server.rpc.timeout.min = 1s (custom)
2025-04-23 15:44:57,425 [omNode-2-groupManagement] INFO  server.RaftServerConfigKeys (ConfUtils.java:logGet(46)) - raft.server.rpc.timeout.max = 1200ms (custom)
2025-04-23 15:44:57,425 [omNode-2-groupManagement] INFO  server.RaftServerConfigKeys (ConfUtils.java:logGet(46)) - raft.server.rpc.sleep.time = 25ms (default)
2025-04-23 15:44:57,425 [omNode-2-groupManagement] INFO  server.RaftServerConfigKeys (ConfUtils.java:logGet(46)) - raft.server.rpc.slowness.timeout = 2s (custom)
2025-04-23 15:44:57,425 [omNode-2-groupManagement] INFO  server.RaftServerConfigKeys (ConfUtils.java:logGet(46)) - raft.server.leaderelection.leader.step-down.wait-time = 10s (default)
2025-04-23 15:44:57,425 [omNode-2-groupManagement] INFO  server.RaftServerConfigKeys (ConfUtils.java:logGet(46)) - raft.server.leaderelection.member.majority-add = false (default)
2025-04-23 15:44:57,425 [omNode-2-groupManagement] INFO  server.RaftServerConfigKeys (ConfUtils.java:logGet(46)) - raft.server.sleep.deviation.threshold = 300ms (default)
2025-04-23 15:44:57,425 [omNode-2-groupManagement] INFO  server.RaftServer$Division (ServerState.java:<init>(114)) - omNode-2@group-523986131536: ConfigurationManager, init=conf: {index: -1, cur=peers:[omNode-3|localhost:15017, omNode-1|localhost:15009, omNode-2|localhost:15013]|listeners:[], old=null}, confs=<EMPTY_MAP>
2025-04-23 15:44:57,425 [omNode-2-groupManagement] INFO  server.RaftServerConfigKeys (ConfUtils.java:logGet(46)) - raft.server.notification.no-leader.timeout = 2s (custom)
2025-04-23 15:44:57,425 [omNode-2-groupManagement] INFO  server.RaftServerConfigKeys (ConfUtils.java:logGet(46)) - raft.server.read.timeout = 10s (default)
2025-04-23 15:44:57,425 [omNode-2-groupManagement] INFO  server.RaftServerConfigKeys (ConfUtils.java:logGet(46)) - raft.server.retrycache.expirytime = 30000ms (custom)
2025-04-23 15:44:57,425 [omNode-2-groupManagement] INFO  server.RaftServerConfigKeys (ConfUtils.java:logGet(46)) - raft.server.retrycache.statistics.expirytime = 100ms (default)
2025-04-23 15:44:57,426 [omNode-2-groupManagement] INFO  server.RaftServerConfigKeys (ConfUtils.java:logGet(46)) - raft.server.read.option = DEFAULT (default)
2025-04-23 15:44:57,426 [omNode-2-groupManagement] INFO  server.RaftServerConfigKeys (ConfUtils.java:logGet(46)) - raft.server.read.read-after-write-consistent.write-index-cache.expiry-time = 60s (default)
2025-04-23 15:44:57,429 [omNode-2-groupManagement] INFO  server.RaftServerConfigKeys (ConfUtils.java:logGet(46)) - raft.server.rpc.request.timeout = 3000ms (default)
2025-04-23 15:44:57,429 [omNode-2-groupManagement] INFO  server.RaftServerConfigKeys (ConfUtils.java:logGet(46)) - raft.server.log.appender.install.snapshot.enabled = false (custom)
2025-04-23 15:44:57,429 [omNode-2-groupManagement] INFO  server.RaftServerConfigKeys (ConfUtils.java:logGet(46)) - raft.server.threadpool.server.cached = true (default)
2025-04-23 15:44:57,429 [omNode-2-groupManagement] INFO  server.RaftServerConfigKeys (ConfUtils.java:logGet(46)) - raft.server.threadpool.server.size = 0 (default)
2025-04-23 15:44:57,429 [omNode-2-groupManagement] INFO  server.RaftServerConfigKeys (ConfUtils.java:logGet(46)) - raft.server.threadpool.client.cached = true (default)
2025-04-23 15:44:57,429 [omNode-2-groupManagement] INFO  server.RaftServerConfigKeys (ConfUtils.java:logGet(46)) - raft.server.threadpool.client.size = 0 (default)
2025-04-23 15:44:57,429 [omNode-2-impl-thread1] INFO  server.RaftServerConfigKeys (ConfUtils.java:logGet(46)) - raft.server.storage.free-space.min = 0MB (=0) (default)
2025-04-23 15:44:57,429 [omNode-2-impl-thread1] INFO  server.RaftServerConfigKeys (ConfUtils.java:logGet(46)) - raft.server.log.corruption.policy = EXCEPTION (default)
2025-04-23 15:44:57,430 [omNode-2-impl-thread1] INFO  server.RaftServerConfigKeys (ConfUtils.java:logGet(46)) - raft.server.storage.dir = [/home/runner/work/ozone/ozone/hadoop-ozone/integration-test/target/test-dir/MiniOzoneClusterImpl-5cf50c17-c591-473f-a8c4-88d8665d28d7/omNode-2/ratis] (custom)
2025-04-23 15:44:57,433 [omNode-2-impl-thread1] INFO  storage.RaftStorageDirectory (RaftStorageDirectoryImpl.java:tryLock(229)) - Lock on /home/runner/work/ozone/ozone/hadoop-ozone/integration-test/target/test-dir/MiniOzoneClusterImpl-5cf50c17-c591-473f-a8c4-88d8665d28d7/omNode-2/ratis/c9bc4cf4-3bc3-3c60-a66b-523986131536/in_use.lock acquired by nodename 129659@fv-az1337-835
2025-04-23 15:44:57,433 [omNode-2-impl-thread1] INFO  storage.RaftStorage (RaftStorageImpl.java:analyzeAndRecoverStorage(118)) - Read RaftStorageMetadata{term=2, votedFor=omNode-2} from /home/runner/work/ozone/ozone/hadoop-ozone/integration-test/target/test-dir/MiniOzoneClusterImpl-5cf50c17-c591-473f-a8c4-88d8665d28d7/omNode-2/ratis/c9bc4cf4-3bc3-3c60-a66b-523986131536/current/raft-meta
2025-04-23 15:44:57,434 [omNode-2-impl-thread1] INFO  server.RaftServer$Division (ServerState.java:setRaftConf(386)) - omNode-2@group-523986131536: set configuration conf: {index: 21, cur=peers:[omNode-3|localhost:15017, omNode-1|localhost:15009, omNode-2|localhost:15013]|listeners:[], old=null}
2025-04-23 15:44:57,434 [omNode-2-impl-thread1] INFO  ratis.OzoneManagerStateMachine (OzoneManagerStateMachine.java:lambda$0(138)) - omNode-2: initialize group-523986131536 with (t:2, i:30)
2025-04-23 15:44:57,434 [omNode-2-impl-thread1] INFO  server.RaftServerConfigKeys (ConfUtils.java:logGet(46)) - raft.server.log.use.memory = false (default)
2025-04-23 15:44:57,434 [omNode-2-impl-thread1] INFO  server.RaftServerConfigKeys (ConfUtils.java:logGet(46)) - raft.server.log.purge.gap = 50 (custom)
2025-04-23 15:44:57,434 [omNode-2-impl-thread1] INFO  server.RaftServerConfigKeys (ConfUtils.java:logGet(46)) - raft.server.log.appender.buffer.byte-limit = 4194304 (custom)
2025-04-23 15:44:57,434 [omNode-2-impl-thread1] INFO  server.RaftServerConfigKeys (ConfUtils.java:logGet(46)) - raft.server.log.statemachine.data.read.timeout = 1000ms (default)
2025-04-23 15:44:57,434 [omNode-2-impl-thread1] INFO  server.RaftServerConfigKeys (ConfUtils.java:logGet(46)) - raft.server.log.purge.preservation.log.num = 0 (default)
2025-04-23 15:44:57,435 [omNode-2-impl-thread1] INFO  server.RaftServerConfigKeys (ConfUtils.java:logGet(46)) - raft.server.log.segment.size.max = 4194304 (custom)
2025-04-23 15:44:57,437 [omNode-2-impl-thread1] INFO  server.RaftServerConfigKeys (ConfUtils.java:logGet(46)) - raft.server.log.segment.cache.num.max = 2 (custom)
2025-04-23 15:44:57,437 [omNode-2-impl-thread1] INFO  server.RaftServerConfigKeys (ConfUtils.java:logGet(46)) - raft.server.log.segment.cache.size.max = 200MB (=209715200) (default)
2025-04-23 15:44:57,438 [omNode-2-impl-thread1] INFO  server.RaftServerConfigKeys (ConfUtils.java:logGet(46)) - raft.server.log.appender.buffer.byte-limit = 4194304 (custom)
2025-04-23 15:44:57,438 [omNode-2-impl-thread1] INFO  util.AwaitToRun (AwaitToRun.java:start(81)) - Thread[#1570,omNode-2@group-523986131536-cacheEviction-AwaitToRun,5,main] started
2025-04-23 15:44:57,438 [omNode-2-impl-thread1] INFO  segmented.SegmentedRaftLogWorker (SegmentedRaftLogWorker.java:<init>(188)) - new omNode-2@group-523986131536-SegmentedRaftLogWorker for RaftStorageImpl:Storage Directory /home/runner/work/ozone/ozone/hadoop-ozone/integration-test/target/test-dir/MiniOzoneClusterImpl-5cf50c17-c591-473f-a8c4-88d8665d28d7/omNode-2/ratis/c9bc4cf4-3bc3-3c60-a66b-523986131536
2025-04-23 15:44:57,439 [omNode-2-impl-thread1] INFO  server.RaftServerConfigKeys (ConfUtils.java:logGet(46)) - raft.server.log.queue.byte-limit = 64MB (=67108864) (default)
2025-04-23 15:44:57,439 [omNode-2-impl-thread1] INFO  server.RaftServerConfigKeys (ConfUtils.java:logGet(46)) - raft.server.log.queue.element-limit = 4096 (default)
2025-04-23 15:44:57,439 [omNode-2-impl-thread1] INFO  server.RaftServerConfigKeys (ConfUtils.java:logGet(46)) - raft.server.log.segment.size.max = 4194304 (custom)
2025-04-23 15:44:57,439 [omNode-2-impl-thread1] INFO  server.RaftServerConfigKeys (ConfUtils.java:logGet(46)) - raft.server.log.preallocated.size = 4194304 (custom)
2025-04-23 15:44:57,439 [omNode-2-impl-thread1] INFO  server.RaftServerConfigKeys (ConfUtils.java:logGet(46)) - raft.server.log.force.sync.num = 128 (default)
2025-04-23 15:44:57,439 [omNode-2-impl-thread1] INFO  server.RaftServerConfigKeys (ConfUtils.java:logGet(46)) - raft.server.log.statemachine.data.sync = true (default)
2025-04-23 15:44:57,439 [omNode-2-impl-thread1] INFO  server.RaftServerConfigKeys (ConfUtils.java:logGet(46)) - raft.server.log.statemachine.data.sync.timeout = 10s (default)
2025-04-23 15:44:57,439 [omNode-2-impl-thread1] INFO  server.RaftServerConfigKeys (ConfUtils.java:logGet(46)) - raft.server.log.statemachine.data.sync.timeout.retry = -1 (default)
2025-04-23 15:44:57,440 [omNode-2-impl-thread1] INFO  server.RaftServerConfigKeys (ConfUtils.java:logGet(46)) - raft.server.log.write.buffer.size = 4194312 (custom)
2025-04-23 15:44:57,442 [omNode-2-impl-thread1] INFO  server.RaftServerConfigKeys (ConfUtils.java:logGet(46)) - raft.server.log.appender.buffer.byte-limit = 4194304 (custom)
2025-04-23 15:44:57,442 [omNode-2-impl-thread1] INFO  server.RaftServerConfigKeys (ConfUtils.java:logGet(46)) - raft.server.log.unsafe-flush.enabled = false (default)
2025-04-23 15:44:57,442 [omNode-2-impl-thread1] INFO  server.RaftServerConfigKeys (ConfUtils.java:logGet(46)) - raft.server.log.async-flush.enabled = false (default)
2025-04-23 15:44:57,442 [omNode-2-impl-thread1] INFO  server.RaftServerConfigKeys (ConfUtils.java:logGet(46)) - raft.server.log.statemachine.data.caching.enabled = false (default)
2025-04-23 15:44:57,442 [omNode-2-impl-thread1] INFO  server.RaftServer$Division (ServerState.java:setRaftConf(386)) - omNode-2@group-523986131536: set configuration conf: {index: 0, cur=peers:[omNode-3|localhost:15017, omNode-1|localhost:15009, omNode-2|localhost:15013]|listeners:[], old=null}
2025-04-23 15:44:57,443 [omNode-2-impl-thread1] INFO  segmented.LogSegment (LogSegment.java:loadSegment(171)) - Successfully read 21 entries from segment file /home/runner/work/ozone/ozone/hadoop-ozone/integration-test/target/test-dir/MiniOzoneClusterImpl-5cf50c17-c591-473f-a8c4-88d8665d28d7/omNode-2/ratis/c9bc4cf4-3bc3-3c60-a66b-523986131536/current/log_0-20
2025-04-23 15:44:57,444 [omNode-2-impl-thread1] INFO  server.RaftServer$Division (ServerState.java:setRaftConf(386)) - omNode-2@group-523986131536: set configuration conf: {index: 21, cur=peers:[omNode-3|localhost:15017, omNode-1|localhost:15009, omNode-2|localhost:15013]|listeners:[], old=null}
2025-04-23 15:44:57,445 [omNode-2-impl-thread1] INFO  segmented.LogSegment (LogSegment.java:loadSegment(171)) - Successfully read 10 entries from segment file /home/runner/work/ozone/ozone/hadoop-ozone/integration-test/target/test-dir/MiniOzoneClusterImpl-5cf50c17-c591-473f-a8c4-88d8665d28d7/omNode-2/ratis/c9bc4cf4-3bc3-3c60-a66b-523986131536/current/log_inprogress_21
2025-04-23 15:44:57,445 [omNode-2-impl-thread1] INFO  segmented.SegmentedRaftLogWorker (SegmentedRaftLogWorker.java:lambda$new$0(139)) - omNode-2@group-523986131536-SegmentedRaftLogWorker: flushIndex: setUnconditionally 0 -> 30
2025-04-23 15:44:57,445 [omNode-2-impl-thread1] INFO  segmented.SegmentedRaftLogWorker (SegmentedRaftLogWorker.java:lambda$new$0(139)) - omNode-2@group-523986131536-SegmentedRaftLogWorker: safeCacheEvictIndex: setUnconditionally 0 -> 20
2025-04-23 15:44:57,445 [omNode-2-impl-thread1] INFO  segmented.BufferedWriteChannel (BufferedWriteChannel.java:open(61)) - open log_inprogress_21 (append) at position 2315
2025-04-23 15:44:57,445 [omNode-2-impl-thread1] INFO  server.RaftServer$Division (RaftServerImpl.java:start(391)) - omNode-2@group-523986131536: start as a follower, conf=conf: {index: 21, cur=peers:[omNode-3|localhost:15017, omNode-1|localhost:15009, omNode-2|localhost:15013]|listeners:[], old=null}
2025-04-23 15:44:57,445 [omNode-2-impl-thread1] INFO  server.RaftServer$Division (RaftServerImpl.java:setRole(378)) - omNode-2@group-523986131536: changes role from      null to FOLLOWER at term 2 for startAsFollower
2025-04-23 15:44:57,445 [omNode-2-impl-thread1] INFO  impl.RoleInfo (RoleInfo.java:updateAndGet(148)) - omNode-2: start omNode-2@group-523986131536-FollowerState
2025-04-23 15:44:57,446 [omNode-2@group-523986131536-FollowerState] INFO  server.RaftServerConfigKeys (ConfUtils.java:logFallback(53)) - raft.server.rpc.first-election.timeout.min = 1s (fallback to raft.server.rpc.timeout.min)
2025-04-23 15:44:57,446 [omNode-2@group-523986131536-FollowerState] INFO  server.RaftServerConfigKeys (ConfUtils.java:logFallback(53)) - raft.server.rpc.first-election.timeout.max = 1200ms (fallback to raft.server.rpc.timeout.max)
2025-04-23 15:44:57,446 [omNode-2-impl-thread1] INFO  util.JmxRegister (JmxRegister.java:tryRegister(44)) - Successfully registered JMX Bean with object name Ratis:service=RaftServer,group=group-523986131536,id=omNode-2
2025-04-23 15:44:57,446 [omNode-2-impl-thread1] INFO  util.JmxRegister (JmxRegister.java:register(58)) - register mxBean class org.apache.ratis.server.impl.RaftServerJmxAdapter as Ratis:service=RaftServer,group=group-523986131536,id=omNode-2
2025-04-23 15:44:57,446 [omNode-2-impl-thread1] INFO  server.RaftServerConfigKeys (ConfUtils.java:logGet(46)) - raft.server.snapshot.trigger-when-stop.enabled = true (default)
2025-04-23 15:44:57,446 [omNode-2-impl-thread1] INFO  server.RaftServerConfigKeys (ConfUtils.java:logGet(46)) - raft.server.snapshot.trigger-when-remove.enabled = true (default)
2025-04-23 15:44:57,446 [omNode-2-impl-thread1] INFO  server.RaftServerConfigKeys (ConfUtils.java:logGet(46)) - raft.server.snapshot.auto.trigger.enabled = true (custom)
2025-04-23 15:44:57,446 [omNode-2-impl-thread1] INFO  server.RaftServerConfigKeys (ConfUtils.java:logGet(46)) - raft.server.snapshot.auto.trigger.threshold = 50 (custom)
2025-04-23 15:44:57,446 [omNode-2-impl-thread1] INFO  server.RaftServerConfigKeys (ConfUtils.java:logGet(46)) - raft.server.snapshot.retention.file.num = -1 (default)
2025-04-23 15:44:57,447 [omNode-2-impl-thread1] INFO  server.RaftServerConfigKeys (ConfUtils.java:logGet(46)) - raft.server.log.purge.upto.snapshot.index = true (custom)
2025-04-23 15:44:57,447 [omNode-2-impl-thread1] INFO  server.RaftServer$Division (RaftServerImpl.java:start(405)) - omNode-2@group-523986131536: Successfully started.
2025-04-23 15:44:57,447 [main] INFO  server.RaftServer (RaftServerProxy.java:startImpl(407)) - omNode-2: start RPC server
2025-04-23 15:44:57,448 [main] INFO  server.GrpcService (GrpcService.java:startImpl(334)) - omNode-2: GrpcService started, listening on 15013
2025-04-23 15:44:57,448 [main] INFO  om.OzoneManager (OzoneManager.java:getRpcServer(1360)) - Creating RPC Server
2025-04-23 15:44:57,449 [JvmPauseMonitor10] INFO  util.JvmPauseMonitor (JvmPauseMonitor.java:run(146)) - JvmPauseMonitor-omNode-2: Started
2025-04-23 15:44:57,742 [omNode-2-server-thread1] INFO  server.RaftServer$Division (RaftServerImpl.java:setFirstElection(562)) - omNode-2@group-523986131536: set firstElectionSinceStartup to false for appendEntries
2025-04-23 15:44:57,744 [omNode-2-server-thread1] INFO  ratis.OzoneManagerStateMachine (OzoneManagerStateMachine.java:notifyLeaderChanged(169)) - omNode-2@group-523986131536: leader changed to omNode-3
2025-04-23 15:44:57,744 [omNode-2-server-thread1] INFO  server.RaftServer$Division (ServerState.java:setLeader(272)) - omNode-2@group-523986131536: change Leader from null to omNode-3 at term 3 for appendEntries, leader elected after 316ms
2025-04-23 15:44:57,744 [omNode-2-server-thread1] INFO  server.RaftServer$Division (RaftServerImpl.java:checkInconsistentAppendEntries(1648)) - omNode-2@group-523986131536: Failed appendEntries as previous log entry ((t:3, i:32)) is not found
2025-04-23 15:44:57,744 [omNode-2-server-thread1] INFO  server.RaftServer$Division (RaftServerImpl.java:appendEntriesAsync(1580)) - omNode-2@group-523986131536: appendEntries* reply omNode-3<-omNode-2#834:FAIL-t2,INCONSISTENCY,nextIndex=31,followerCommit=30,matchIndex=-1
2025-04-23 15:44:57,745 [grpc-default-executor-1] WARN  server.GrpcLogAppender (GrpcLogAppender.java:onNextImpl(519)) - omNode-3@group-523986131536->omNode-2-AppendLogResponseHandler: received INCONSISTENCY reply with nextIndex 31, errorCount=9, request=AppendEntriesRequest:cid=834,entriesCount=0
2025-04-23 15:44:57,745 [grpc-default-executor-1] INFO  leader.FollowerInfo (FollowerInfoImpl.java:info(70)) - omNode-3@group-523986131536->omNode-2: setNextIndex nextIndex: updateUnconditionally 33 -> 31
2025-04-23 15:44:57,747 [omNode-2-server-thread1] INFO  server.RaftServer$Division (ServerState.java:setRaftConf(386)) - omNode-2@group-523986131536: set configuration conf: {index: 31, cur=peers:[omNode-3|localhost:15017, omNode-1|localhost:15009, omNode-2|localhost:15013]|listeners:[], old=null}
2025-04-23 15:44:57,748 [omNode-2-server-thread1] INFO  segmented.SegmentedRaftLogWorker (SegmentedRaftLogWorker.java:rollLogSegment(443)) - omNode-2@group-523986131536-SegmentedRaftLogWorker: Rolling segment log-21_30 to index:30
2025-04-23 15:44:57,749 [omNode-2@group-523986131536-SegmentedRaftLogWorker] INFO  segmented.SegmentedRaftLogWorker (SegmentedRaftLogWorker.java:execute(601)) - omNode-2@group-523986131536-SegmentedRaftLogWorker: Rolled log segment from /home/runner/work/ozone/ozone/hadoop-ozone/integration-test/target/test-dir/MiniOzoneClusterImpl-5cf50c17-c591-473f-a8c4-88d8665d28d7/omNode-2/ratis/c9bc4cf4-3bc3-3c60-a66b-523986131536/current/log_inprogress_21 to /home/runner/work/ozone/ozone/hadoop-ozone/integration-test/target/test-dir/MiniOzoneClusterImpl-5cf50c17-c591-473f-a8c4-88d8665d28d7/omNode-2/ratis/c9bc4cf4-3bc3-3c60-a66b-523986131536/current/log_21-30
2025-04-23 15:44:57,749 [omNode-2@group-523986131536-SegmentedRaftLogWorker] INFO  segmented.BufferedWriteChannel (BufferedWriteChannel.java:open(61)) - open log_inprogress_31 at position 0
2025-04-23 15:44:57,759 [omNode-2@group-523986131536-SegmentedRaftLogWorker] INFO  segmented.SegmentedRaftLogWorker (SegmentedRaftLogWorker.java:execute(644)) - omNode-2@group-523986131536-SegmentedRaftLogWorker: created new log segment /home/runner/work/ozone/ozone/hadoop-ozone/integration-test/target/test-dir/MiniOzoneClusterImpl-5cf50c17-c591-473f-a8c4-88d8665d28d7/omNode-2/ratis/c9bc4cf4-3bc3-3c60-a66b-523986131536/current/log_inprogress_31
2025-04-23 15:44:57,762 [omNode-2@group-523986131536-StateMachineUpdater] INFO  ratis.OzoneManagerStateMachine (OzoneManagerStateMachine.java:notifyConfigurationChanged(231)) - notifyConfigurationChanged from Ratis: term=3, index=31, New Peer list: omNode-3(localhost:15017), omNode-1(localhost:15009), omNode-2(localhost:15013)
2025-04-23 15:44:57,928 [main] INFO  reflections.Reflections (Reflections.java:scan(219)) - Reflections took 479 ms to scan 22 urls, producing 61 keys and 7422 values
2025-04-23 15:44:57,930 [main] INFO  ipc.CallQueueManager (CallQueueManager.java:<init>(93)) - Using callQueue: class java.util.concurrent.LinkedBlockingQueue, queueCapacity: 2000, scheduler: class org.apache.hadoop.ipc.DefaultRpcScheduler, ipcBackoff: false, ipcFailOver: false.
2025-04-23 15:44:57,930 [main] INFO  ipc.Server (Server.java:<init>(1438)) - Listener at localhost:15010
2025-04-23 15:44:57,931 [Socket Reader #1 for port 15010] INFO  ipc.Server (Server.java:run(1474)) - Starting Socket Reader #1 for port 15010
2025-04-23 15:44:57,931 [Socket Reader #3 for port 15010] INFO  ipc.Server (Server.java:run(1474)) - Starting Socket Reader #3 for port 15010
2025-04-23 15:44:57,931 [Socket Reader #2 for port 15010] INFO  ipc.Server (Server.java:run(1474)) - Starting Socket Reader #2 for port 15010
2025-04-23 15:44:57,931 [Socket Reader #5 for port 15010] INFO  ipc.Server (Server.java:run(1474)) - Starting Socket Reader #5 for port 15010
2025-04-23 15:44:57,931 [Socket Reader #4 for port 15010] INFO  ipc.Server (Server.java:run(1474)) - Starting Socket Reader #4 for port 15010
2025-04-23 15:44:57,932 [Socket Reader #6 for port 15010] INFO  ipc.Server (Server.java:run(1474)) - Starting Socket Reader #6 for port 15010
2025-04-23 15:44:57,933 [Socket Reader #7 for port 15010] INFO  ipc.Server (Server.java:run(1474)) - Starting Socket Reader #7 for port 15010
2025-04-23 15:44:57,933 [Socket Reader #8 for port 15010] INFO  ipc.Server (Server.java:run(1474)) - Starting Socket Reader #8 for port 15010
2025-04-23 15:44:57,934 [Socket Reader #9 for port 15010] INFO  ipc.Server (Server.java:run(1474)) - Starting Socket Reader #9 for port 15010
2025-04-23 15:44:57,934 [Socket Reader #10 for port 15010] INFO  ipc.Server (Server.java:run(1474)) - Starting Socket Reader #10 for port 15010
2025-04-23 15:44:57,937 [main] INFO  http.BaseHttpServer (BaseHttpServer.java:newHttpServer2BuilderForOzone(229)) - Starting Web-server for ozoneManager at: http://0.0.0.0:15011
2025-04-23 15:44:57,937 [main] INFO  http.BaseHttpServer (BaseHttpServer.java:<init>(107)) - Hadoop Security Enabled: false Ozone Security Enabled: false Ozone HTTP Security Enabled: false 
2025-04-23 15:44:57,939 [main] WARN  server.AuthenticationFilter (AuthenticationFilter.java:constructSecretProvider(240)) - Unable to initialize FileSignerSecretProvider, falling back to use random secrets. Reason: Could not read signature secret file: /home/runner/hadoop-http-auth-signature-secret
2025-04-23 15:44:57,942 [main] INFO  http.HttpServer2 (HttpServer2.java:addGlobalFilter(1041)) - Added global filter 'safety' (class=org.apache.hadoop.hdds.server.http.HttpServer2$QuotingInputFilter)
2025-04-23 15:44:57,943 [main] INFO  http.HttpServer2 (HttpServer2.java:addFilter(1017)) - Added filter static_user_filter (class=org.apache.hadoop.http.lib.StaticUserWebFilter$StaticUserFilter) to context ozoneManager
2025-04-23 15:44:57,943 [main] INFO  http.HttpServer2 (HttpServer2.java:addFilter(1025)) - Added filter static_user_filter (class=org.apache.hadoop.http.lib.StaticUserWebFilter$StaticUserFilter) to context logs
2025-04-23 15:44:57,943 [main] INFO  http.HttpServer2 (HttpServer2.java:addFilter(1025)) - Added filter static_user_filter (class=org.apache.hadoop.http.lib.StaticUserWebFilter$StaticUserFilter) to context static
2025-04-23 15:44:57,944 [main] INFO  http.BaseHttpServer (BaseHttpServer.java:<init>(195)) - HTTP server of ozoneManager uses base directory /home/runner/work/ozone/ozone/hadoop-ozone/integration-test/target/test-dir/MiniOzoneClusterImpl-5cf50c17-c591-473f-a8c4-88d8665d28d7/omNode-2/webserver
2025-04-23 15:44:57,945 [main] INFO  http.HttpServer2 (HttpServer2.java:bindListener(1241)) - Jetty bound to port 15011
2025-04-23 15:44:57,945 [main] INFO  server.Server (Server.java:doStart(375)) - jetty-9.4.57.v20241219; built: 2025-01-08T21:24:30.412Z; git: df524e6b29271c2e09ba9aea83c18dc9db464a31; jvm 21.0.7+6-LTS
2025-04-23 15:44:57,946 [main] INFO  server.session (DefaultSessionIdManager.java:doStart(334)) - DefaultSessionIdManager workerName=node0
2025-04-23 15:44:57,947 [main] INFO  server.session (DefaultSessionIdManager.java:doStart(339)) - No SessionScavenger set, using defaults
2025-04-23 15:44:57,947 [main] INFO  server.session (HouseKeeper.java:startScavenging(132)) - node0 Scavenging every 600000ms
2025-04-23 15:44:57,948 [main] INFO  handler.ContextHandler (ContextHandler.java:doStart(921)) - Started o.e.j.s.ServletContextHandler@7ca3c6ba{logs,/logs,file:///home/runner/work/ozone/ozone/hadoop-ozone/integration-test/target/log,AVAILABLE}
2025-04-23 15:44:57,948 [main] INFO  handler.ContextHandler (ContextHandler.java:doStart(921)) - Started o.e.j.s.ServletContextHandler@2dc6f639{static,/static,file:///home/runner/work/ozone/ozone/hadoop-ozone/integration-test/target/test-classes/webapps/static,AVAILABLE}
2025-04-23 15:44:57,956 [main] INFO  handler.ContextHandler (ContextHandler.java:doStart(921)) - Started o.e.j.w.WebAppContext@662f0405{ozoneManager,/,file:///home/runner/work/ozone/ozone/hadoop-ozone/integration-test/target/test-classes/webapps/ozoneManager/,AVAILABLE}{file:/home/runner/work/ozone/ozone/hadoop-ozone/integration-test/target/test-classes/webapps/ozoneManager}
2025-04-23 15:44:57,956 [main] INFO  server.AbstractConnector (AbstractConnector.java:doStart(333)) - Started ServerConnector@5357d18d{HTTP/1.1, (http/1.1)}{0.0.0.0:15011}
2025-04-23 15:44:57,956 [main] INFO  server.Server (Server.java:doStart(415)) - Started @32938ms
2025-04-23 15:44:57,957 [main] WARN  impl.MetricsSystemImpl (MetricsSystemImpl.java:register(279)) - Sink prometheus already exists!
2025-04-23 15:44:57,957 [main] INFO  http.BaseHttpServer (BaseHttpServer.java:updateConnectorAddress(360)) - HTTP server of ozoneManager listening at http://0.0.0.0:15011
2025-04-23 15:44:57,957 [IPC Server Responder] INFO  ipc.Server (Server.java:run(1713)) - IPC Server Responder: starting
2025-04-23 15:44:57,958 [IPC Server listener on 15010] INFO  ipc.Server (Server.java:run(1553)) - IPC Server listener on 15010: starting
2025-04-23 15:44:57,961 [main] INFO  om.OzoneManager (OzoneManager.java:startTrashEmptier(2257)) - Trash Interval set to 0. Files deleted won't move to trash
]]></system-out>
  </testcase>
  <testcase name="testOMRetryProxy" classname="org.apache.hadoop.ozone.om.TestOzoneManagerHAWithStoppedNodes" time="7.378">
    <system-out><![CDATA[2025-04-23 15:44:57,976 [main] INFO  om.OzoneManager (OzoneManager.java:stop(2347)) - omNode-3[localhost:15014]: Stopping Ozone Manager
2025-04-23 15:44:57,977 [main] INFO  ipc.Server (Server.java:stop(3697)) - Stopping server on 15014
2025-04-23 15:44:57,982 [IPC Server listener on 15014] INFO  ipc.Server (Server.java:run(1585)) - Stopping IPC Server listener on 15014
2025-04-23 15:44:57,982 [IPC Server Responder] INFO  ipc.Server (Server.java:run(1718)) - Stopping IPC Server Responder
2025-04-23 15:44:57,982 [main] INFO  ratis.OzoneManagerRatisServer (OzoneManagerRatisServer.java:stop(634)) - Stopping org.apache.hadoop.ozone.om.ratis.OzoneManagerRatisServer@701fe4f1 at port 15017
2025-04-23 15:44:57,982 [main] INFO  server.RaftServer (RaftServerProxy.java:lambda$close$9(417)) - omNode-3: close
2025-04-23 15:44:57,983 [main] INFO  server.GrpcService (GrpcService.java:closeImpl(343)) - omNode-3: shutdown server GrpcServerProtocolService now
2025-04-23 15:44:57,984 [omNode-3-impl-thread1] INFO  server.RaftServer$Division (RaftServerImpl.java:lambda$close$1(513)) - omNode-3@group-523986131536: shutdown
2025-04-23 15:44:57,984 [omNode-3-impl-thread1] INFO  util.JmxRegister (JmxRegister.java:unregister(74)) - Successfully un-registered JMX Bean with object name Ratis:service=RaftServer,group=group-523986131536,id=omNode-3
2025-04-23 15:44:57,984 [omNode-3-impl-thread1] INFO  impl.RoleInfo (RoleInfo.java:shutdownLeaderState(103)) - omNode-3: shutdown omNode-3@group-523986131536-LeaderStateImpl
2025-04-23 15:44:57,984 [Thread-1268] INFO  server.GrpcServerProtocolClient (GrpcServerProtocolClient.java:close(105)) - omNode-1 Close channels
2025-04-23 15:44:57,984 [omNode-3-impl-thread1] INFO  impl.PendingRequests (PendingRequests.java:sendNotLeaderResponses(287)) - omNode-3@group-523986131536-PendingRequests: sendNotLeaderResponses
2025-04-23 15:44:57,984 [Thread-1269] INFO  server.GrpcServerProtocolClient (GrpcServerProtocolClient.java:close(105)) - omNode-2 Close channels
2025-04-23 15:44:57,984 [omNode-3@group-523986131536->omNode-2-GrpcLogAppender-LogAppenderDaemon] WARN  server.GrpcLogAppender (GrpcLogAppender.java:mayWait(293)) - omNode-3@group-523986131536->omNode-2-GrpcLogAppender: Wait interrupted by java.lang.InterruptedException
2025-04-23 15:44:57,984 [omNode-3@group-523986131536->omNode-1-GrpcLogAppender-LogAppenderDaemon] WARN  server.GrpcLogAppender (GrpcLogAppender.java:mayWait(293)) - omNode-3@group-523986131536->omNode-1-GrpcLogAppender: Wait interrupted by java.lang.InterruptedException
2025-04-23 15:44:57,987 [grpc-default-executor-2] INFO  server.GrpcServerProtocolService (GrpcServerProtocolService.java:onCompleted(157)) - omNode-1: Completed APPEND_ENTRIES, lastRequest: omNode-3->omNode-1#4-t3,previous=(t:3, i:31),leaderCommit=31,initializing? false,entries: size=1, first=(t:3, i:32), METADATAENTRY(c:31)
2025-04-23 15:44:57,987 [grpc-default-executor-2] INFO  server.GrpcServerProtocolService (GrpcServerProtocolService.java:lambda$onCompleted$5(159)) - omNode-1: Completed APPEND_ENTRIES, lastReply: null
2025-04-23 15:44:57,988 [omNode-3-impl-thread1] INFO  impl.StateMachineUpdater (StateMachineUpdater.java:stopAndJoin(164)) - omNode-3@group-523986131536-StateMachineUpdater: set stopIndex = 32
2025-04-23 15:44:57,990 [grpc-default-executor-0] INFO  server.GrpcServerProtocolService (GrpcServerProtocolService.java:onCompleted(157)) - omNode-1: Completed APPEND_ENTRIES, lastRequest: null
2025-04-23 15:44:57,991 [grpc-default-executor-0] INFO  server.GrpcServerProtocolService (GrpcServerProtocolService.java:lambda$onCompleted$5(159)) - omNode-1: Completed APPEND_ENTRIES, lastReply: serverReply {
  requestorId: "omNode-3"
  replyId: "omNode-1"
  raftGroupId {
    id: "\311\274L\364;\303<`\246kR9\206\023\0256"
  }
  callId: 7
  success: true
}
term: 3
nextIndex: 33
followerCommit: 32
matchIndex: 18446744073709551615
isHearbeat: true

2025-04-23 15:44:57,987 [grpc-default-executor-1] INFO  server.GrpcServerProtocolService (GrpcServerProtocolService.java:onCompleted(157)) - omNode-2: Completed APPEND_ENTRIES, lastRequest: null
2025-04-23 15:44:57,991 [grpc-default-executor-1] INFO  server.GrpcServerProtocolService (GrpcServerProtocolService.java:lambda$onCompleted$5(159)) - omNode-2: Completed APPEND_ENTRIES, lastReply: serverReply {
  requestorId: "omNode-3"
  replyId: "omNode-2"
  raftGroupId {
    id: "\311\274L\364;\303<`\246kR9\206\023\0256"
  }
  callId: 834
}
term: 2
nextIndex: 31
result: INCONSISTENCY
followerCommit: 30
matchIndex: 18446744073709551615
isHearbeat: true

2025-04-23 15:44:57,991 [grpc-default-executor-6] INFO  server.GrpcLogAppender (GrpcLogAppender.java:onCompleted(550)) - omNode-3@group-523986131536->omNode-1-AppendLogResponseHandler: follower responses appendEntries COMPLETED
2025-04-23 15:44:57,992 [grpc-default-executor-6] WARN  server.GrpcLogAppender (GrpcLogAppender.java:resetClient(230)) - omNode-3@group-523986131536->omNode-1-GrpcLogAppender: Failed to getClient for omNode-1
org.apache.ratis.protocol.exceptions.AlreadyClosedException: omNode-3 is already CLOSED
	at org.apache.ratis.util.PeerProxyMap$PeerAndProxy.getProxy(PeerProxyMap.java:67)
	at org.apache.ratis.util.PeerProxyMap.getProxy(PeerProxyMap.java:124)
	at org.apache.ratis.grpc.server.GrpcLogAppender.getClient(GrpcLogAppender.java:200)
	at org.apache.ratis.grpc.server.GrpcLogAppender.resetClient(GrpcLogAppender.java:205)
	at org.apache.ratis.grpc.server.GrpcLogAppender.access$800(GrpcLogAppender.java:64)
	at org.apache.ratis.grpc.server.GrpcLogAppender$AppendLogResponseHandler.onCompleted(GrpcLogAppender.java:551)
	at org.apache.ratis.thirdparty.io.grpc.stub.ClientCalls$StreamObserverToCallListenerAdapter.onClose(ClientCalls.java:479)
	at org.apache.ratis.thirdparty.io.grpc.internal.ClientCallImpl.closeObserver(ClientCallImpl.java:567)
	at org.apache.ratis.thirdparty.io.grpc.internal.ClientCallImpl.access$300(ClientCallImpl.java:71)
	at org.apache.ratis.thirdparty.io.grpc.internal.ClientCallImpl$ClientStreamListenerImpl$1StreamClosed.runInternal(ClientCallImpl.java:735)
	at org.apache.ratis.thirdparty.io.grpc.internal.ClientCallImpl$ClientStreamListenerImpl$1StreamClosed.runInContext(ClientCallImpl.java:716)
	at org.apache.ratis.thirdparty.io.grpc.internal.ContextRunnable.run(ContextRunnable.java:37)
	at org.apache.ratis.thirdparty.io.grpc.internal.SerializingExecutor.run(SerializingExecutor.java:133)
	at java.base/java.util.concurrent.ThreadPoolExecutor.runWorker(ThreadPoolExecutor.java:1144)
	at java.base/java.util.concurrent.ThreadPoolExecutor$Worker.run(ThreadPoolExecutor.java:642)
	at java.base/java.lang.Thread.run(Thread.java:1583)
2025-04-23 15:44:57,993 [grpc-default-executor-2] INFO  server.GrpcLogAppender (GrpcLogAppender.java:onCompleted(550)) - omNode-3@group-523986131536->omNode-2-AppendLogResponseHandler: follower responses appendEntries COMPLETED
2025-04-23 15:44:57,993 [grpc-default-executor-3] INFO  server.GrpcServerProtocolService (GrpcServerProtocolService.java:onCompleted(157)) - omNode-2: Completed APPEND_ENTRIES, lastRequest: omNode-3->omNode-2#835-t3,previous=(t:2, i:30),leaderCommit=32,initializing? false,entries: size=2, first=(t:3, i:31), CONFIGURATIONENTRY(current:id:"omNode-3"address:"localhost:15017"startupRole:FOLLOWER, id:"omNode-1"address:"localhost:15009"startupRole:FOLLOWER, id:"omNode-2"address:"localhost:15013"startupRole:FOLLOWER, old:)
2025-04-23 15:44:57,993 [grpc-default-executor-3] INFO  server.GrpcServerProtocolService (GrpcServerProtocolService.java:lambda$onCompleted$5(159)) - omNode-2: Completed APPEND_ENTRIES, lastReply: null
2025-04-23 15:44:57,993 [grpc-default-executor-2] WARN  server.GrpcLogAppender (GrpcLogAppender.java:resetClient(230)) - omNode-3@group-523986131536->omNode-2-GrpcLogAppender: Failed to getClient for omNode-2
org.apache.ratis.protocol.exceptions.AlreadyClosedException: omNode-3 is already CLOSED
	at org.apache.ratis.util.PeerProxyMap$PeerAndProxy.getProxy(PeerProxyMap.java:67)
	at org.apache.ratis.util.PeerProxyMap.getProxy(PeerProxyMap.java:124)
	at org.apache.ratis.grpc.server.GrpcLogAppender.getClient(GrpcLogAppender.java:200)
	at org.apache.ratis.grpc.server.GrpcLogAppender.resetClient(GrpcLogAppender.java:205)
	at org.apache.ratis.grpc.server.GrpcLogAppender.access$800(GrpcLogAppender.java:64)
	at org.apache.ratis.grpc.server.GrpcLogAppender$AppendLogResponseHandler.onCompleted(GrpcLogAppender.java:551)
	at org.apache.ratis.thirdparty.io.grpc.stub.ClientCalls$StreamObserverToCallListenerAdapter.onClose(ClientCalls.java:479)
	at org.apache.ratis.thirdparty.io.grpc.internal.ClientCallImpl.closeObserver(ClientCallImpl.java:567)
	at org.apache.ratis.thirdparty.io.grpc.internal.ClientCallImpl.access$300(ClientCallImpl.java:71)
	at org.apache.ratis.thirdparty.io.grpc.internal.ClientCallImpl$ClientStreamListenerImpl$1StreamClosed.runInternal(ClientCallImpl.java:735)
	at org.apache.ratis.thirdparty.io.grpc.internal.ClientCallImpl$ClientStreamListenerImpl$1StreamClosed.runInContext(ClientCallImpl.java:716)
	at org.apache.ratis.thirdparty.io.grpc.internal.ContextRunnable.run(ContextRunnable.java:37)
	at org.apache.ratis.thirdparty.io.grpc.internal.SerializingExecutor.run(SerializingExecutor.java:133)
	at java.base/java.util.concurrent.ThreadPoolExecutor.runWorker(ThreadPoolExecutor.java:1144)
	at java.base/java.util.concurrent.ThreadPoolExecutor$Worker.run(ThreadPoolExecutor.java:642)
	at java.base/java.lang.Thread.run(Thread.java:1583)
2025-04-23 15:44:57,995 [grpc-default-executor-3] INFO  server.GrpcLogAppender (GrpcLogAppender.java:onCompleted(550)) - omNode-3@group-523986131536->omNode-2-AppendLogResponseHandler: follower responses appendEntries COMPLETED
2025-04-23 15:44:57,995 [grpc-default-executor-3] WARN  server.GrpcLogAppender (GrpcLogAppender.java:resetClient(230)) - omNode-3@group-523986131536->omNode-2-GrpcLogAppender: Failed to getClient for omNode-2
org.apache.ratis.protocol.exceptions.AlreadyClosedException: omNode-3 is already CLOSED
	at org.apache.ratis.util.PeerProxyMap$PeerAndProxy.getProxy(PeerProxyMap.java:67)
	at org.apache.ratis.util.PeerProxyMap.getProxy(PeerProxyMap.java:124)
	at org.apache.ratis.grpc.server.GrpcLogAppender.getClient(GrpcLogAppender.java:200)
	at org.apache.ratis.grpc.server.GrpcLogAppender.resetClient(GrpcLogAppender.java:205)
	at org.apache.ratis.grpc.server.GrpcLogAppender.access$800(GrpcLogAppender.java:64)
	at org.apache.ratis.grpc.server.GrpcLogAppender$AppendLogResponseHandler.onCompleted(GrpcLogAppender.java:551)
	at org.apache.ratis.thirdparty.io.grpc.stub.ClientCalls$StreamObserverToCallListenerAdapter.onClose(ClientCalls.java:479)
	at org.apache.ratis.thirdparty.io.grpc.internal.ClientCallImpl.closeObserver(ClientCallImpl.java:567)
	at org.apache.ratis.thirdparty.io.grpc.internal.ClientCallImpl.access$300(ClientCallImpl.java:71)
	at org.apache.ratis.thirdparty.io.grpc.internal.ClientCallImpl$ClientStreamListenerImpl$1StreamClosed.runInternal(ClientCallImpl.java:735)
	at org.apache.ratis.thirdparty.io.grpc.internal.ClientCallImpl$ClientStreamListenerImpl$1StreamClosed.runInContext(ClientCallImpl.java:716)
	at org.apache.ratis.thirdparty.io.grpc.internal.ContextRunnable.run(ContextRunnable.java:37)
	at org.apache.ratis.thirdparty.io.grpc.internal.SerializingExecutor.run(SerializingExecutor.java:133)
	at java.base/java.util.concurrent.ThreadPoolExecutor.runWorker(ThreadPoolExecutor.java:1144)
	at java.base/java.util.concurrent.ThreadPoolExecutor$Worker.run(ThreadPoolExecutor.java:642)
	at java.base/java.lang.Thread.run(Thread.java:1583)
2025-04-23 15:44:57,996 [grpc-default-executor-3] INFO  server.GrpcLogAppender (GrpcLogAppender.java:onCompleted(550)) - omNode-3@group-523986131536->omNode-1-AppendLogResponseHandler: follower responses appendEntries COMPLETED
2025-04-23 15:44:57,996 [grpc-default-executor-3] WARN  server.GrpcLogAppender (GrpcLogAppender.java:resetClient(230)) - omNode-3@group-523986131536->omNode-1-GrpcLogAppender: Failed to getClient for omNode-1
org.apache.ratis.protocol.exceptions.AlreadyClosedException: omNode-3 is already CLOSED
	at org.apache.ratis.util.PeerProxyMap$PeerAndProxy.getProxy(PeerProxyMap.java:67)
	at org.apache.ratis.util.PeerProxyMap.getProxy(PeerProxyMap.java:124)
	at org.apache.ratis.grpc.server.GrpcLogAppender.getClient(GrpcLogAppender.java:200)
	at org.apache.ratis.grpc.server.GrpcLogAppender.resetClient(GrpcLogAppender.java:205)
	at org.apache.ratis.grpc.server.GrpcLogAppender.access$800(GrpcLogAppender.java:64)
	at org.apache.ratis.grpc.server.GrpcLogAppender$AppendLogResponseHandler.onCompleted(GrpcLogAppender.java:551)
	at org.apache.ratis.thirdparty.io.grpc.stub.ClientCalls$StreamObserverToCallListenerAdapter.onClose(ClientCalls.java:479)
	at org.apache.ratis.thirdparty.io.grpc.internal.DelayedClientCall$DelayedListener$3.run(DelayedClientCall.java:489)
	at org.apache.ratis.thirdparty.io.grpc.internal.DelayedClientCall$DelayedListener.delayOrExecute(DelayedClientCall.java:453)
	at org.apache.ratis.thirdparty.io.grpc.internal.DelayedClientCall$DelayedListener.onClose(DelayedClientCall.java:486)
	at org.apache.ratis.thirdparty.io.grpc.internal.ClientCallImpl.closeObserver(ClientCallImpl.java:567)
	at org.apache.ratis.thirdparty.io.grpc.internal.ClientCallImpl.access$300(ClientCallImpl.java:71)
	at org.apache.ratis.thirdparty.io.grpc.internal.ClientCallImpl$ClientStreamListenerImpl$1StreamClosed.runInternal(ClientCallImpl.java:735)
	at org.apache.ratis.thirdparty.io.grpc.internal.ClientCallImpl$ClientStreamListenerImpl$1StreamClosed.runInContext(ClientCallImpl.java:716)
	at org.apache.ratis.thirdparty.io.grpc.internal.ContextRunnable.run(ContextRunnable.java:37)
	at org.apache.ratis.thirdparty.io.grpc.internal.SerializingExecutor.run(SerializingExecutor.java:133)
	at java.base/java.util.concurrent.ThreadPoolExecutor.runWorker(ThreadPoolExecutor.java:1144)
	at java.base/java.util.concurrent.ThreadPoolExecutor$Worker.run(ThreadPoolExecutor.java:642)
	at java.base/java.lang.Thread.run(Thread.java:1583)
2025-04-23 15:44:57,998 [main] INFO  server.GrpcService (GrpcService.java:closeImpl(352)) - omNode-3: shutdown server GrpcServerProtocolService successfully
2025-04-23 15:44:57,999 [omNode-3@group-523986131536-StateMachineUpdater] INFO  ratis.OzoneManagerStateMachine (OzoneManagerStateMachine.java:takeSnapshotImpl(510)) - omNode-3: taking snapshot. applied = (t:3, i:32), skipped = 29, notified = (t:3, i:32), current snapshot index = (t:3, i:32), took 13 ms
2025-04-23 15:44:57,999 [omNode-3@group-523986131536-StateMachineUpdater] INFO  impl.StateMachineUpdater (StateMachineUpdater.java:takeSnapshot(303)) - omNode-3@group-523986131536-StateMachineUpdater: Took a snapshot at index 32
2025-04-23 15:44:57,999 [omNode-3@group-523986131536-StateMachineUpdater] INFO  impl.StateMachineUpdater (StateMachineUpdater.java:lambda$new$0(102)) - omNode-3@group-523986131536-StateMachineUpdater: snapshotIndex: updateIncreasingly 29 -> 32
2025-04-23 15:44:57,999 [omNode-3@group-523986131536-StateMachineUpdater] INFO  impl.StateMachineUpdater (StateMachineUpdater.java:stop(141)) - omNode-3@group-523986131536-StateMachineUpdater: closing OzoneManagerStateMachine, lastApplied=(t:3, i:32)
2025-04-23 15:44:58,000 [omNode-3@group-523986131536-StateMachineUpdater] INFO  ratis.OzoneManagerStateMachine (OzoneManagerStateMachine.java:close(550)) - Stopping OzoneManagerStateMachine:omNode-3:group-523986131536.
2025-04-23 15:44:58,000 [omNode-3@group-523986131536-StateMachineUpdater] INFO  ratis.OzoneManagerDoubleBuffer (OzoneManagerDoubleBuffer.java:stopDaemon(500)) - Stopping OMDoubleBuffer flush thread
2025-04-23 15:44:58,000 [omNode-3-OMDoubleBufferFlushThread] INFO  ratis.OzoneManagerDoubleBuffer (OzoneManagerDoubleBuffer.java:canFlush(559)) - OMDoubleBuffer flush thread omNode-3-OMDoubleBufferFlushThread is interrupted and will exit.
2025-04-23 15:44:58,000 [omNode-3@group-523986131536-cacheEviction-AwaitToRun] INFO  util.AwaitToRun (AwaitToRun.java:run(49)) - omNode-3@group-523986131536-cacheEviction-AwaitToRun-AwaitForSignal is interrupted
2025-04-23 15:44:58,268 [omNode-3-impl-thread1] INFO  segmented.SegmentedRaftLogWorker (SegmentedRaftLogWorker.java:close(252)) - omNode-3@group-523986131536-SegmentedRaftLogWorker close()
2025-04-23 15:44:58,268 [JvmPauseMonitor8] INFO  util.JvmPauseMonitor (JvmPauseMonitor.java:run(152)) - JvmPauseMonitor-omNode-3: Stopped
2025-04-23 15:44:58,268 [main] INFO  utils.BackgroundService (BackgroundService.java:shutdown(161)) - Shutting down service KeyDeletingService
2025-04-23 15:44:58,269 [main] INFO  utils.BackgroundService (BackgroundService.java:shutdown(161)) - Shutting down service DirectoryDeletingService
2025-04-23 15:44:58,270 [main] INFO  utils.BackgroundService (BackgroundService.java:shutdown(161)) - Shutting down service OpenKeyCleanupService
2025-04-23 15:44:58,271 [main] INFO  utils.BackgroundService (BackgroundService.java:shutdown(161)) - Shutting down service SstFilteringService
2025-04-23 15:44:58,271 [main] INFO  utils.BackgroundService (BackgroundService.java:shutdown(161)) - Shutting down service SnapshotDeletingService
2025-04-23 15:44:58,271 [main] INFO  utils.BackgroundService (BackgroundService.java:shutdown(161)) - Shutting down service MultipartUploadCleanupService
2025-04-23 15:44:58,272 [main] INFO  handler.ContextHandler (ContextHandler.java:doStop(1159)) - Stopped o.e.j.w.WebAppContext@37529c1e{ozoneManager,/,null,STOPPED}{file:/home/runner/work/ozone/ozone/hadoop-ozone/integration-test/target/test-classes/webapps/ozoneManager}
2025-04-23 15:44:58,273 [main] INFO  server.AbstractConnector (AbstractConnector.java:doStop(383)) - Stopped ServerConnector@700cb93f{HTTP/1.1, (http/1.1)}{0.0.0.0:15015}
2025-04-23 15:44:58,273 [main] INFO  server.session (HouseKeeper.java:stopScavenging(149)) - node0 Stopped scavenging
2025-04-23 15:44:58,273 [main] INFO  handler.ContextHandler (ContextHandler.java:doStop(1159)) - Stopped o.e.j.s.ServletContextHandler@11aa92d9{static,/static,file:///home/runner/work/ozone/ozone/hadoop-ozone/integration-test/target/test-classes/webapps/static,STOPPED}
2025-04-23 15:44:58,273 [main] INFO  handler.ContextHandler (ContextHandler.java:doStop(1159)) - Stopped o.e.j.s.ServletContextHandler@147cbf8a{logs,/logs,file:///home/runner/work/ozone/ozone/hadoop-ozone/integration-test/target/log,STOPPED}
2025-04-23 15:44:58,274 [main] INFO  rocksdiff.RocksDBCheckpointDiffer (RocksDBCheckpointDiffer.java:close(304)) - Shutting down CompactionDagPruningService.
2025-04-23 15:44:58,276 [main] INFO  snapshot.SnapshotDiffManager (SnapshotDiffManager.java:closeExecutorService(1698)) - Shutting down executorService: 'SnapDiffExecutor'
2025-04-23 15:44:58,276 [main] INFO  utils.BackgroundService (BackgroundService.java:shutdown(161)) - Shutting down service SnapshotDiffCleanupService
2025-04-23 15:44:58,277 [main] INFO  om.OzoneManager (OzoneManager.java:stop(2347)) - omNode-1[localhost:15006]: Stopping Ozone Manager
2025-04-23 15:44:58,277 [main] INFO  ipc.Server (Server.java:stop(3697)) - Stopping server on 15006
2025-04-23 15:44:58,279 [IPC Server listener on 15006] INFO  ipc.Server (Server.java:run(1585)) - Stopping IPC Server listener on 15006
2025-04-23 15:44:58,279 [IPC Server Responder] INFO  ipc.Server (Server.java:run(1718)) - Stopping IPC Server Responder
2025-04-23 15:44:58,279 [main] INFO  ratis.OzoneManagerRatisServer (OzoneManagerRatisServer.java:stop(634)) - Stopping org.apache.hadoop.ozone.om.ratis.OzoneManagerRatisServer@70190c3a at port 15009
2025-04-23 15:44:58,279 [main] INFO  server.RaftServer (RaftServerProxy.java:lambda$close$9(417)) - omNode-1: close
2025-04-23 15:44:58,280 [omNode-1-impl-thread1] INFO  server.RaftServer$Division (RaftServerImpl.java:lambda$close$1(513)) - omNode-1@group-523986131536: shutdown
2025-04-23 15:44:58,280 [main] INFO  server.GrpcService (GrpcService.java:closeImpl(343)) - omNode-1: shutdown server GrpcServerProtocolService now
2025-04-23 15:44:58,280 [omNode-1-impl-thread1] INFO  util.JmxRegister (JmxRegister.java:unregister(74)) - Successfully un-registered JMX Bean with object name Ratis:service=RaftServer,group=group-523986131536,id=omNode-1
2025-04-23 15:44:58,280 [omNode-1-impl-thread1] INFO  impl.RoleInfo (RoleInfo.java:shutdownFollowerState(121)) - omNode-1: shutdown omNode-1@group-523986131536-FollowerState
2025-04-23 15:44:58,280 [omNode-1-impl-thread1] INFO  impl.StateMachineUpdater (StateMachineUpdater.java:stopAndJoin(164)) - omNode-1@group-523986131536-StateMachineUpdater: set stopIndex = 32
2025-04-23 15:44:58,280 [omNode-1@group-523986131536-FollowerState] INFO  impl.FollowerState (FollowerState.java:runImpl(170)) - omNode-1@group-523986131536-FollowerState was interrupted
2025-04-23 15:44:58,281 [main] INFO  server.GrpcService (GrpcService.java:closeImpl(352)) - omNode-1: shutdown server GrpcServerProtocolService successfully
2025-04-23 15:44:58,297 [omNode-1@group-523986131536-StateMachineUpdater] INFO  ratis.OzoneManagerStateMachine (OzoneManagerStateMachine.java:takeSnapshotImpl(510)) - omNode-1: taking snapshot. applied = (t:3, i:32), skipped = 29, notified = (t:3, i:32), current snapshot index = (t:3, i:32), took 16 ms
2025-04-23 15:44:58,297 [omNode-1@group-523986131536-StateMachineUpdater] INFO  impl.StateMachineUpdater (StateMachineUpdater.java:takeSnapshot(303)) - omNode-1@group-523986131536-StateMachineUpdater: Took a snapshot at index 32
2025-04-23 15:44:58,297 [omNode-1@group-523986131536-StateMachineUpdater] INFO  impl.StateMachineUpdater (StateMachineUpdater.java:lambda$new$0(102)) - omNode-1@group-523986131536-StateMachineUpdater: snapshotIndex: updateIncreasingly 20 -> 32
2025-04-23 15:44:58,297 [omNode-1@group-523986131536-StateMachineUpdater] INFO  impl.StateMachineUpdater (StateMachineUpdater.java:stop(141)) - omNode-1@group-523986131536-StateMachineUpdater: closing OzoneManagerStateMachine, lastApplied=(t:3, i:32)
2025-04-23 15:44:58,297 [omNode-1@group-523986131536-StateMachineUpdater] INFO  ratis.OzoneManagerStateMachine (OzoneManagerStateMachine.java:close(550)) - Stopping OzoneManagerStateMachine:omNode-1:group-523986131536.
2025-04-23 15:44:58,297 [omNode-1@group-523986131536-StateMachineUpdater] INFO  ratis.OzoneManagerDoubleBuffer (OzoneManagerDoubleBuffer.java:stopDaemon(500)) - Stopping OMDoubleBuffer flush thread
2025-04-23 15:44:58,297 [omNode-1-OMDoubleBufferFlushThread] INFO  ratis.OzoneManagerDoubleBuffer (OzoneManagerDoubleBuffer.java:canFlush(559)) - OMDoubleBuffer flush thread omNode-1-OMDoubleBufferFlushThread is interrupted and will exit.
2025-04-23 15:44:58,298 [omNode-1@group-523986131536-cacheEviction-AwaitToRun] INFO  util.AwaitToRun (AwaitToRun.java:run(49)) - omNode-1@group-523986131536-cacheEviction-AwaitToRun-AwaitForSignal is interrupted
2025-04-23 15:44:59,018 [timer7] WARN  server.GrpcLogAppender (GrpcLogAppender.java:lambda$resetClient$1(221)) - omNode-2@group-523986131536->omNode-1-GrpcLogAppender: Follower failed (request=null, errorCount=24); keep nextIndex (24) unchanged and retry. (Repeated 2 times in the last 5.000s)
2025-04-23 15:44:59,021 [timer2] WARN  server.GrpcLogAppender (GrpcLogAppender.java:lambda$resetClient$1(221)) - omNode-2@group-523986131536->omNode-1-GrpcLogAppender: Follower failed (request=null, errorCount=26); keep nextIndex (25) unchanged and retry. (Repeated 2 times in the last 4.999s)
2025-04-23 15:44:59,032 [timer5] WARN  server.GrpcLogAppender (GrpcLogAppender.java:lambda$resetClient$1(221)) - omNode-2@group-523986131536->omNode-1-GrpcLogAppender: Follower failed (request=null, errorCount=28); keep nextIndex (26) unchanged and retry. (Repeated 2 times in the last 5.000s)
2025-04-23 15:44:59,035 [timer0] WARN  server.GrpcLogAppender (GrpcLogAppender.java:lambda$resetClient$1(221)) - omNode-2@group-523986131536->omNode-1-GrpcLogAppender: Follower failed (request=null, errorCount=30); keep nextIndex (27) unchanged and retry. (Repeated 2 times in the last 5.000s)
2025-04-23 15:44:59,065 [timer6] WARN  server.GrpcLogAppender (GrpcLogAppender.java:lambda$resetClient$1(221)) - omNode-2@group-523986131536->omNode-1-GrpcLogAppender: Follower failed (request=null, errorCount=32); keep nextIndex (28) unchanged and retry. (Repeated 2 times in the last 5.001s)
2025-04-23 15:44:59,068 [timer2] WARN  server.GrpcLogAppender (GrpcLogAppender.java:lambda$resetClient$1(221)) - omNode-2@group-523986131536->omNode-1-GrpcLogAppender: Follower failed (request=null, errorCount=34); keep nextIndex (29) unchanged and retry. (Repeated 2 times in the last 5.001s)
2025-04-23 15:44:59,076 [timer4] WARN  server.GrpcLogAppender (GrpcLogAppender.java:lambda$resetClient$1(221)) - omNode-2@group-523986131536->omNode-1-GrpcLogAppender: Follower failed (request=null, errorCount=36); keep nextIndex (30) unchanged and retry. (Repeated 2 times in the last 5.001s)
2025-04-23 15:44:59,079 [timer6] WARN  server.GrpcLogAppender (GrpcLogAppender.java:lambda$resetClient$1(221)) - omNode-2@group-523986131536->omNode-1-GrpcLogAppender: Follower failed (request=null, errorCount=38); keep nextIndex (31) unchanged and retry. (Repeated 2 times in the last 5.000s)
2025-04-23 15:44:59,112 [timer0] WARN  server.GrpcLogAppender (GrpcLogAppender.java:lambda$resetClient$1(221)) - omNode-2@group-523986131536->omNode-3-GrpcLogAppender: Follower failed (request=null, errorCount=8); keep nextIndex (31) unchanged and retry. (Repeated 8 times in the last 5.000s)
2025-04-23 15:44:59,112 [timer1] WARN  server.GrpcLogAppender (LogUtils.java:warn(121)) - omNode-2@group-523986131536->omNode-3-AppendLogResponseHandler: Failed appendEntries (Repeated 8 times in the last 5.002s): org.apache.ratis.thirdparty.io.grpc.StatusRuntimeException: UNAVAILABLE: io exception
2025-04-23 15:44:59,274 [omNode-1-impl-thread1] INFO  segmented.SegmentedRaftLogWorker (SegmentedRaftLogWorker.java:close(252)) - omNode-1@group-523986131536-SegmentedRaftLogWorker close()
2025-04-23 15:44:59,274 [JvmPauseMonitor9] INFO  util.JvmPauseMonitor (JvmPauseMonitor.java:run(152)) - JvmPauseMonitor-omNode-1: Stopped
2025-04-23 15:44:59,275 [main] INFO  utils.BackgroundService (BackgroundService.java:shutdown(161)) - Shutting down service KeyDeletingService
2025-04-23 15:44:59,275 [main] INFO  utils.BackgroundService (BackgroundService.java:shutdown(161)) - Shutting down service DirectoryDeletingService
2025-04-23 15:44:59,276 [main] INFO  utils.BackgroundService (BackgroundService.java:shutdown(161)) - Shutting down service OpenKeyCleanupService
2025-04-23 15:44:59,277 [main] INFO  utils.BackgroundService (BackgroundService.java:shutdown(161)) - Shutting down service SstFilteringService
2025-04-23 15:44:59,277 [main] INFO  utils.BackgroundService (BackgroundService.java:shutdown(161)) - Shutting down service SnapshotDeletingService
2025-04-23 15:44:59,277 [main] INFO  utils.BackgroundService (BackgroundService.java:shutdown(161)) - Shutting down service MultipartUploadCleanupService
2025-04-23 15:44:59,278 [main] INFO  handler.ContextHandler (ContextHandler.java:doStop(1159)) - Stopped o.e.j.w.WebAppContext@23aa1d40{ozoneManager,/,null,STOPPED}{file:/home/runner/work/ozone/ozone/hadoop-ozone/integration-test/target/test-classes/webapps/ozoneManager}
2025-04-23 15:44:59,278 [main] INFO  server.AbstractConnector (AbstractConnector.java:doStop(383)) - Stopped ServerConnector@5f536620{HTTP/1.1, (http/1.1)}{0.0.0.0:15007}
2025-04-23 15:44:59,279 [main] INFO  server.session (HouseKeeper.java:stopScavenging(149)) - node0 Stopped scavenging
2025-04-23 15:44:59,279 [main] INFO  handler.ContextHandler (ContextHandler.java:doStop(1159)) - Stopped o.e.j.s.ServletContextHandler@779f4ee6{static,/static,file:///home/runner/work/ozone/ozone/hadoop-ozone/integration-test/target/test-classes/webapps/static,STOPPED}
2025-04-23 15:44:59,279 [main] INFO  handler.ContextHandler (ContextHandler.java:doStop(1159)) - Stopped o.e.j.s.ServletContextHandler@36689eca{logs,/logs,file:///home/runner/work/ozone/ozone/hadoop-ozone/integration-test/target/log,STOPPED}
2025-04-23 15:44:59,280 [main] INFO  rocksdiff.RocksDBCheckpointDiffer (RocksDBCheckpointDiffer.java:close(304)) - Shutting down CompactionDagPruningService.
2025-04-23 15:44:59,281 [main] INFO  snapshot.SnapshotDiffManager (SnapshotDiffManager.java:closeExecutorService(1698)) - Shutting down executorService: 'SnapDiffExecutor'
2025-04-23 15:44:59,281 [main] INFO  utils.BackgroundService (BackgroundService.java:shutdown(161)) - Shutting down service SnapshotDiffCleanupService
2025-04-23 15:44:59,282 [main] INFO  om.OzoneManager (OzoneManager.java:stop(2347)) - omNode-2[localhost:15010]: Stopping Ozone Manager
2025-04-23 15:44:59,282 [main] INFO  ipc.Server (Server.java:stop(3697)) - Stopping server on 15010
2025-04-23 15:44:59,284 [IPC Server listener on 15010] INFO  ipc.Server (Server.java:run(1585)) - Stopping IPC Server listener on 15010
2025-04-23 15:44:59,284 [IPC Server Responder] INFO  ipc.Server (Server.java:run(1718)) - Stopping IPC Server Responder
2025-04-23 15:44:59,285 [main] INFO  ratis.OzoneManagerRatisServer (OzoneManagerRatisServer.java:stop(634)) - Stopping org.apache.hadoop.ozone.om.ratis.OzoneManagerRatisServer@61d225f0 at port 15013
2025-04-23 15:44:59,285 [main] INFO  server.RaftServer (RaftServerProxy.java:lambda$close$9(417)) - omNode-2: close
2025-04-23 15:44:59,285 [omNode-2-impl-thread1] INFO  server.RaftServer$Division (RaftServerImpl.java:lambda$close$1(513)) - omNode-2@group-523986131536: shutdown
2025-04-23 15:44:59,285 [omNode-2-impl-thread1] INFO  util.JmxRegister (JmxRegister.java:unregister(74)) - Successfully un-registered JMX Bean with object name Ratis:service=RaftServer,group=group-523986131536,id=omNode-2
2025-04-23 15:44:59,285 [omNode-2-impl-thread1] INFO  impl.RoleInfo (RoleInfo.java:shutdownFollowerState(121)) - omNode-2: shutdown omNode-2@group-523986131536-FollowerState
2025-04-23 15:44:59,285 [main] INFO  server.GrpcService (GrpcService.java:closeImpl(343)) - omNode-2: shutdown server GrpcServerProtocolService now
2025-04-23 15:44:59,285 [omNode-2@group-523986131536-FollowerState] INFO  impl.FollowerState (FollowerState.java:runImpl(170)) - omNode-2@group-523986131536-FollowerState was interrupted
2025-04-23 15:44:59,285 [omNode-2-impl-thread1] INFO  impl.StateMachineUpdater (StateMachineUpdater.java:stopAndJoin(164)) - omNode-2@group-523986131536-StateMachineUpdater: set stopIndex = 32
2025-04-23 15:44:59,287 [main] INFO  server.GrpcService (GrpcService.java:closeImpl(352)) - omNode-2: shutdown server GrpcServerProtocolService successfully
2025-04-23 15:44:59,291 [omNode-2@group-523986131536-StateMachineUpdater] INFO  ratis.OzoneManagerStateMachine (OzoneManagerStateMachine.java:takeSnapshotImpl(510)) - omNode-2: taking snapshot. applied = (t:3, i:32), skipped = 30, notified = (t:3, i:32), current snapshot index = (t:3, i:32), took 5 ms
2025-04-23 15:44:59,291 [omNode-2@group-523986131536-StateMachineUpdater] INFO  impl.StateMachineUpdater (StateMachineUpdater.java:takeSnapshot(303)) - omNode-2@group-523986131536-StateMachineUpdater: Took a snapshot at index 32
2025-04-23 15:44:59,291 [omNode-2@group-523986131536-StateMachineUpdater] INFO  impl.StateMachineUpdater (StateMachineUpdater.java:lambda$new$0(102)) - omNode-2@group-523986131536-StateMachineUpdater: snapshotIndex: updateIncreasingly 30 -> 32
2025-04-23 15:44:59,291 [omNode-2@group-523986131536-StateMachineUpdater] INFO  impl.StateMachineUpdater (StateMachineUpdater.java:stop(141)) - omNode-2@group-523986131536-StateMachineUpdater: closing OzoneManagerStateMachine, lastApplied=(t:3, i:32)
2025-04-23 15:44:59,291 [omNode-2@group-523986131536-StateMachineUpdater] INFO  ratis.OzoneManagerStateMachine (OzoneManagerStateMachine.java:close(550)) - Stopping OzoneManagerStateMachine:omNode-2:group-523986131536.
2025-04-23 15:44:59,291 [omNode-2@group-523986131536-StateMachineUpdater] INFO  ratis.OzoneManagerDoubleBuffer (OzoneManagerDoubleBuffer.java:stopDaemon(500)) - Stopping OMDoubleBuffer flush thread
2025-04-23 15:44:59,291 [omNode-2-OMDoubleBufferFlushThread] INFO  ratis.OzoneManagerDoubleBuffer (OzoneManagerDoubleBuffer.java:canFlush(559)) - OMDoubleBuffer flush thread omNode-2-OMDoubleBufferFlushThread is interrupted and will exit.
2025-04-23 15:44:59,291 [omNode-2@group-523986131536-cacheEviction-AwaitToRun] INFO  util.AwaitToRun (AwaitToRun.java:run(49)) - omNode-2@group-523986131536-cacheEviction-AwaitToRun-AwaitForSignal is interrupted
2025-04-23 15:44:59,763 [omNode-2-impl-thread1] INFO  segmented.SegmentedRaftLogWorker (SegmentedRaftLogWorker.java:close(252)) - omNode-2@group-523986131536-SegmentedRaftLogWorker close()
2025-04-23 15:44:59,763 [JvmPauseMonitor10] INFO  util.JvmPauseMonitor (JvmPauseMonitor.java:run(152)) - JvmPauseMonitor-omNode-2: Stopped
2025-04-23 15:44:59,763 [main] INFO  utils.BackgroundService (BackgroundService.java:shutdown(161)) - Shutting down service KeyDeletingService
2025-04-23 15:44:59,764 [main] INFO  utils.BackgroundService (BackgroundService.java:shutdown(161)) - Shutting down service DirectoryDeletingService
2025-04-23 15:44:59,765 [main] INFO  utils.BackgroundService (BackgroundService.java:shutdown(161)) - Shutting down service OpenKeyCleanupService
2025-04-23 15:44:59,766 [main] INFO  utils.BackgroundService (BackgroundService.java:shutdown(161)) - Shutting down service SstFilteringService
2025-04-23 15:44:59,766 [main] INFO  utils.BackgroundService (BackgroundService.java:shutdown(161)) - Shutting down service SnapshotDeletingService
2025-04-23 15:44:59,767 [main] INFO  utils.BackgroundService (BackgroundService.java:shutdown(161)) - Shutting down service MultipartUploadCleanupService
2025-04-23 15:44:59,768 [main] INFO  handler.ContextHandler (ContextHandler.java:doStop(1159)) - Stopped o.e.j.w.WebAppContext@662f0405{ozoneManager,/,null,STOPPED}{file:/home/runner/work/ozone/ozone/hadoop-ozone/integration-test/target/test-classes/webapps/ozoneManager}
2025-04-23 15:44:59,768 [main] INFO  server.AbstractConnector (AbstractConnector.java:doStop(383)) - Stopped ServerConnector@5357d18d{HTTP/1.1, (http/1.1)}{0.0.0.0:15011}
2025-04-23 15:44:59,768 [main] INFO  server.session (HouseKeeper.java:stopScavenging(149)) - node0 Stopped scavenging
2025-04-23 15:44:59,769 [main] INFO  handler.ContextHandler (ContextHandler.java:doStop(1159)) - Stopped o.e.j.s.ServletContextHandler@2dc6f639{static,/static,file:///home/runner/work/ozone/ozone/hadoop-ozone/integration-test/target/test-classes/webapps/static,STOPPED}
2025-04-23 15:44:59,769 [main] INFO  handler.ContextHandler (ContextHandler.java:doStop(1159)) - Stopped o.e.j.s.ServletContextHandler@7ca3c6ba{logs,/logs,file:///home/runner/work/ozone/ozone/hadoop-ozone/integration-test/target/log,STOPPED}
2025-04-23 15:44:59,770 [main] INFO  rocksdiff.RocksDBCheckpointDiffer (RocksDBCheckpointDiffer.java:close(304)) - Shutting down CompactionDagPruningService.
2025-04-23 15:44:59,773 [main] INFO  snapshot.SnapshotDiffManager (SnapshotDiffManager.java:closeExecutorService(1698)) - Shutting down executorService: 'SnapDiffExecutor'
2025-04-23 15:44:59,773 [main] INFO  utils.BackgroundService (BackgroundService.java:shutdown(161)) - Shutting down service SnapshotDiffCleanupService
2025-04-23 15:44:59,778 [main] INFO  rpc.RpcClient (RpcClient.java:createVolume(462)) - Creating Volume: volume61521, with user90290 as owner and space quota set to -1 bytes, counts quota set to -1
2025-04-23 15:44:59,779 [main] INFO  retry.RetryInvocationHandler (RetryInvocationHandler.java:log(426)) - com.google.protobuf.ServiceException: java.io.EOFException: End of File Exception between local host is: "fv-az1337-835/10.1.0.188"; destination host is: "localhost":15010; : java.io.EOFException; For more details see:  http://wiki.apache.org/hadoop/EOFException, while invoking $Proxy68.submitRequest over nodeId=omNode-2,nodeAddress=127.0.0.1:15010. Trying to failover immediately. Current retry count: 0.
2025-04-23 15:44:59,781 [main] INFO  retry.RetryInvocationHandler (RetryInvocationHandler.java:log(426)) - com.google.protobuf.ServiceException: java.net.ConnectException: Call From fv-az1337-835/10.1.0.188 to localhost:15014 failed on connection exception: java.net.ConnectException: Connection refused; For more details see:  http://wiki.apache.org/hadoop/ConnectionRefused, while invoking $Proxy68.submitRequest over nodeId=omNode-3,nodeAddress=127.0.0.1:15014 after 1 failover attempts. Trying to failover after sleeping for 2000ms. Current retry count: 1.
2025-04-23 15:45:01,782 [main] INFO  retry.RetryInvocationHandler (RetryInvocationHandler.java:log(426)) - com.google.protobuf.ServiceException: java.net.ConnectException: Call From fv-az1337-835/10.1.0.188 to localhost:15006 failed on connection exception: java.net.ConnectException: Connection refused; For more details see:  http://wiki.apache.org/hadoop/ConnectionRefused, while invoking $Proxy68.submitRequest over nodeId=omNode-1,nodeAddress=127.0.0.1:15006 after 2 failover attempts. Trying to failover immediately. Current retry count: 2.
2025-04-23 15:45:01,782 [main] INFO  retry.RetryInvocationHandler (RetryInvocationHandler.java:log(426)) - com.google.protobuf.ServiceException: java.net.ConnectException: Call From fv-az1337-835/10.1.0.188 to localhost:15010 failed on connection exception: java.net.ConnectException: Connection refused; For more details see:  http://wiki.apache.org/hadoop/ConnectionRefused, while invoking $Proxy68.submitRequest over nodeId=omNode-2,nodeAddress=127.0.0.1:15010 after 3 failover attempts. Trying to failover immediately. Current retry count: 3.
2025-04-23 15:45:01,783 [main] INFO  retry.RetryInvocationHandler (RetryInvocationHandler.java:log(426)) - com.google.protobuf.ServiceException: java.net.ConnectException: Call From fv-az1337-835/10.1.0.188 to localhost:15014 failed on connection exception: java.net.ConnectException: Connection refused; For more details see:  http://wiki.apache.org/hadoop/ConnectionRefused, while invoking $Proxy68.submitRequest over nodeId=omNode-3,nodeAddress=127.0.0.1:15014 after 4 failover attempts. Trying to failover after sleeping for 2000ms. Current retry count: 4.
2025-04-23 15:45:02,226 [timer2] WARN  server.GrpcLogAppender (LogUtils.java:warn(121)) - omNode-3@group-523986131536->omNode-2-AppendLogResponseHandler: Failed appendEntries (Repeated 8 times in the last 5.000s): org.apache.ratis.thirdparty.io.grpc.StatusRuntimeException: UNAVAILABLE: io exception
2025-04-23 15:45:02,229 [timer7] WARN  server.GrpcLogAppender (GrpcLogAppender.java:lambda$resetClient$1(221)) - omNode-3@group-523986131536->omNode-2-GrpcLogAppender: Follower failed (request=null, errorCount=4); keep nextIndex (32) unchanged and retry. (Repeated 3 times in the last 5.000s)
2025-04-23 15:45:02,269 [timer4] WARN  server.GrpcLogAppender (GrpcLogAppender.java:lambda$resetClient$1(221)) - omNode-3@group-523986131536->omNode-2-GrpcLogAppender: Follower failed (request=null, errorCount=8); keep nextIndex (33) unchanged and retry. (Repeated 4 times in the last 5.000s)
2025-04-23 15:45:03,784 [main] ERROR ha.OMFailoverProxyProviderBase (OMFailoverProxyProviderBase.java:getRetryAction(261)) - Failed to connect to OMs: [omNode-1, omNode-2, omNode-3]. Attempted 5 failovers.
2025-04-23 15:45:03,786 [main] INFO  om.OzoneManager (OzoneManager.java:stop(2347)) - omNode-3[localhost:15014]: Stopping Ozone Manager
2025-04-23 15:45:03,786 [main] INFO  om.OzoneManager (OzoneManager.java:stop(2347)) - omNode-1[localhost:15006]: Stopping Ozone Manager
2025-04-23 15:45:03,786 [main] INFO  om.OzoneManager (OzoneManager.java:stop(2347)) - omNode-2[localhost:15010]: Stopping Ozone Manager
2025-04-23 15:45:03,786 [main] INFO  om.OzoneManager (OzoneManager.java:restart(1878)) - OzoneManager RPC server is listening at localhost/127.0.0.1:15014
2025-04-23 15:45:03,786 [main] INFO  impl.MetricsSystemImpl (MetricsSystemImpl.java:init(158)) - OzoneManager metrics system started (again)
2025-04-23 15:45:03,803 [main] WARN  server.ServerUtils (ServerUtils.java:getDBPath(297)) - ozone.om.db.dirs is not configured. We recommend adding this setting. Falling back to ozone.metadata.dirs instead.
2025-04-23 15:45:03,857 [main] INFO  om.OzoneManager (OzoneManager.java:instantiateServices(933)) - S3 Multi-Tenancy is disabled
2025-04-23 15:45:03,858 [main] INFO  om.OmSnapshotManager (OmSnapshotManager.java:<init>(180)) - Ozone filesystem snapshot feature is enabled.
2025-04-23 15:45:03,858 [main] WARN  server.ServerUtils (ServerUtils.java:getDBPath(297)) - ozone.om.snapshot.diff.db.dir is not configured. We recommend adding this setting. Falling back to ozone.metadata.dirs instead.
2025-04-23 15:45:03,873 [main] WARN  server.ServerUtils (ServerUtils.java:getDefaultRatisDirectory(309)) - Storage directory for Ratis is not configured. It is a good idea to map this to an SSD disk. Falling back to ozone.metadata.dirs
2025-04-23 15:45:03,874 [main] INFO  server.RaftServerConfigKeys (ConfUtils.java:logGet(46)) - raft.server.log.appender.buffer.byte-limit = 4194304 (custom)
2025-04-23 15:45:03,875 [main] INFO  ratis.OzoneManagerRatisServer (OzoneManagerRatisServer.java:<init>(167)) - Instantiating OM Ratis server with groupID: om-service-test1 and peers: localhost:15017, localhost:15009, localhost:15013
2025-04-23 15:45:03,875 [main] INFO  ratis.OzoneManagerStateMachine (OzoneManagerStateMachine.java:loadSnapshotInfoFromDB(611)) - LastAppliedIndex is set from TransactionInfo from OM DB as (t:3, i:32)
2025-04-23 15:45:03,875 [main] INFO  server.RaftServer (ConfUtils.java:logGet(46)) - raft.rpc.type = GRPC (default)
2025-04-23 15:45:03,876 [main] INFO  grpc.GrpcConfigKeys (ConfUtils.java:logFallback(53)) - raft.grpc.admin.host = null (fallback to raft.grpc.server.host)
2025-04-23 15:45:03,876 [main] INFO  grpc.GrpcConfigKeys (ConfUtils.java:logFallback(53)) - raft.grpc.admin.port = 15017 (fallback to raft.grpc.server.port)
2025-04-23 15:45:03,876 [main] INFO  grpc.GrpcConfigKeys (ConfUtils.java:logFallback(53)) - raft.grpc.client.host = null (fallback to raft.grpc.server.host)
2025-04-23 15:45:03,876 [main] INFO  grpc.GrpcConfigKeys (ConfUtils.java:logFallback(53)) - raft.grpc.client.port = 15017 (fallback to raft.grpc.server.port)
2025-04-23 15:45:03,876 [main] INFO  grpc.GrpcConfigKeys (ConfUtils.java:logGet(46)) - raft.grpc.server.host = null (default)
2025-04-23 15:45:03,876 [main] INFO  grpc.GrpcConfigKeys (ConfUtils.java:logGet(46)) - raft.grpc.server.port = 15017 (custom)
2025-04-23 15:45:03,876 [main] INFO  server.GrpcService (ConfUtils.java:logGet(46)) - raft.grpc.message.size.max = 5242880 (custom)
2025-04-23 15:45:03,876 [main] INFO  server.GrpcService (ConfUtils.java:logGet(46)) - raft.grpc.flow.control.window = 1MB (=1048576) (default)
2025-04-23 15:45:03,876 [main] INFO  server.RaftServerConfigKeys (ConfUtils.java:logGet(46)) - raft.server.rpc.request.timeout = 3000ms (default)
2025-04-23 15:45:03,876 [main] INFO  grpc.GrpcConfigKeys (ConfUtils.java:logGet(46)) - raft.grpc.server.heartbeat.channel = true (default)
2025-04-23 15:45:03,876 [main] INFO  server.RaftServerConfigKeys (ConfUtils.java:logGet(46)) - raft.server.log.appender.buffer.byte-limit = 4194304 (custom)
2025-04-23 15:45:03,876 [main] INFO  grpc.GrpcConfigKeys (ConfUtils.java:logGet(46)) - raft.grpc.server.async.request.thread.pool.cached = true (default)
2025-04-23 15:45:03,876 [main] INFO  grpc.GrpcConfigKeys (ConfUtils.java:logGet(46)) - raft.grpc.server.async.request.thread.pool.size = 32 (default)
2025-04-23 15:45:03,877 [main] INFO  impl.DataStreamServerImpl (ConfUtils.java:logGet(46)) - raft.datastream.type = DISABLED (default)
2025-04-23 15:45:03,877 [main] INFO  server.RaftServerConfigKeys (ConfUtils.java:logGet(46)) - raft.server.sleep.deviation.threshold = 300ms (default)
2025-04-23 15:45:03,877 [main] INFO  server.RaftServerConfigKeys (ConfUtils.java:logGet(46)) - raft.server.close.threshold = 60s (default)
2025-04-23 15:45:03,878 [main] INFO  server.RaftServerConfigKeys (ConfUtils.java:logGet(46)) - raft.server.leaderelection.leader.step-down.wait-time = 10s (default)
2025-04-23 15:45:03,878 [main] INFO  server.RaftServerConfigKeys (ConfUtils.java:logGet(46)) - raft.server.storage.dir = [/home/runner/work/ozone/ozone/hadoop-ozone/integration-test/target/test-dir/MiniOzoneClusterImpl-5cf50c17-c591-473f-a8c4-88d8665d28d7/omNode-3/ratis] (custom)
2025-04-23 15:45:03,878 [main] INFO  server.RaftServerConfigKeys (ConfUtils.java:logGet(46)) - raft.server.threadpool.proxy.cached = true (default)
2025-04-23 15:45:03,878 [main] INFO  server.RaftServerConfigKeys (ConfUtils.java:logGet(46)) - raft.server.threadpool.proxy.size = 0 (default)
2025-04-23 15:45:03,878 [omNode-3-impl-thread1] INFO  server.RaftServer (RaftServerProxy.java:initGroupDir(265)) - omNode-3: found a subdirectory /home/runner/work/ozone/ozone/hadoop-ozone/integration-test/target/test-dir/MiniOzoneClusterImpl-5cf50c17-c591-473f-a8c4-88d8665d28d7/omNode-3/ratis/c9bc4cf4-3bc3-3c60-a66b-523986131536
2025-04-23 15:45:03,878 [main] INFO  server.RaftServer (RaftServerProxy.java:addNew(100)) - omNode-3: addNew group-523986131536:[omNode-3|localhost:15017, omNode-1|localhost:15009, omNode-2|localhost:15013] returns group-523986131536:java.util.concurrent.CompletableFuture@5028c0db[Not completed]
2025-04-23 15:45:03,879 [main] INFO  om.OzoneManager (OzoneManager.java:initializeRatisServer(2303)) - OzoneManager Ratis server initialized at port 15017
2025-04-23 15:45:03,879 [main] INFO  ratis.OzoneManagerRatisServer (OzoneManagerRatisServer.java:start(628)) - Starting OzoneManagerRatisServer omNode-3 at port 15017
2025-04-23 15:45:03,879 [omNode-3-groupManagement] INFO  server.RaftServer$Division (RaftServerImpl.java:<init>(255)) - omNode-3: new RaftServerImpl for group-523986131536:[omNode-3|localhost:15017, omNode-1|localhost:15009, omNode-2|localhost:15013] with OzoneManagerStateMachine:uninitialized
2025-04-23 15:45:03,879 [omNode-3-groupManagement] INFO  server.RaftServerConfigKeys (ConfUtils.java:logGet(46)) - raft.server.rpc.timeout.min = 1s (custom)
2025-04-23 15:45:03,879 [omNode-3-groupManagement] INFO  server.RaftServerConfigKeys (ConfUtils.java:logGet(46)) - raft.server.rpc.timeout.max = 1200ms (custom)
2025-04-23 15:45:03,879 [omNode-3-groupManagement] INFO  server.RaftServerConfigKeys (ConfUtils.java:logGet(46)) - raft.server.rpc.sleep.time = 25ms (default)
2025-04-23 15:45:03,879 [omNode-3-groupManagement] INFO  server.RaftServerConfigKeys (ConfUtils.java:logGet(46)) - raft.server.rpc.slowness.timeout = 2s (custom)
2025-04-23 15:45:03,879 [omNode-3-groupManagement] INFO  server.RaftServerConfigKeys (ConfUtils.java:logGet(46)) - raft.server.leaderelection.leader.step-down.wait-time = 10s (default)
2025-04-23 15:45:03,879 [omNode-3-groupManagement] INFO  server.RaftServerConfigKeys (ConfUtils.java:logGet(46)) - raft.server.leaderelection.member.majority-add = false (default)
2025-04-23 15:45:03,879 [omNode-3-groupManagement] INFO  server.RaftServerConfigKeys (ConfUtils.java:logGet(46)) - raft.server.sleep.deviation.threshold = 300ms (default)
2025-04-23 15:45:03,879 [omNode-3-groupManagement] INFO  server.RaftServer$Division (ServerState.java:<init>(114)) - omNode-3@group-523986131536: ConfigurationManager, init=conf: {index: -1, cur=peers:[omNode-3|localhost:15017, omNode-1|localhost:15009, omNode-2|localhost:15013]|listeners:[], old=null}, confs=<EMPTY_MAP>
2025-04-23 15:45:03,879 [omNode-3-groupManagement] INFO  server.RaftServerConfigKeys (ConfUtils.java:logGet(46)) - raft.server.notification.no-leader.timeout = 2s (custom)
2025-04-23 15:45:03,879 [omNode-3-groupManagement] INFO  server.RaftServerConfigKeys (ConfUtils.java:logGet(46)) - raft.server.read.timeout = 10s (default)
2025-04-23 15:45:03,880 [omNode-3-groupManagement] INFO  server.RaftServerConfigKeys (ConfUtils.java:logGet(46)) - raft.server.retrycache.expirytime = 30000ms (custom)
2025-04-23 15:45:03,880 [omNode-3-groupManagement] INFO  server.RaftServerConfigKeys (ConfUtils.java:logGet(46)) - raft.server.retrycache.statistics.expirytime = 100ms (default)
2025-04-23 15:45:03,880 [omNode-3-groupManagement] INFO  server.RaftServerConfigKeys (ConfUtils.java:logGet(46)) - raft.server.read.option = DEFAULT (default)
2025-04-23 15:45:03,880 [omNode-3-groupManagement] INFO  server.RaftServerConfigKeys (ConfUtils.java:logGet(46)) - raft.server.read.read-after-write-consistent.write-index-cache.expiry-time = 60s (default)
2025-04-23 15:45:03,881 [omNode-3-groupManagement] INFO  server.RaftServerConfigKeys (ConfUtils.java:logGet(46)) - raft.server.rpc.request.timeout = 3000ms (default)
2025-04-23 15:45:03,881 [omNode-3-groupManagement] INFO  server.RaftServerConfigKeys (ConfUtils.java:logGet(46)) - raft.server.log.appender.install.snapshot.enabled = false (custom)
2025-04-23 15:45:03,881 [omNode-3-groupManagement] INFO  server.RaftServerConfigKeys (ConfUtils.java:logGet(46)) - raft.server.threadpool.server.cached = true (default)
2025-04-23 15:45:03,882 [omNode-3-groupManagement] INFO  server.RaftServerConfigKeys (ConfUtils.java:logGet(46)) - raft.server.threadpool.server.size = 0 (default)
2025-04-23 15:45:03,882 [omNode-3-groupManagement] INFO  server.RaftServerConfigKeys (ConfUtils.java:logGet(46)) - raft.server.threadpool.client.cached = true (default)
2025-04-23 15:45:03,882 [omNode-3-groupManagement] INFO  server.RaftServerConfigKeys (ConfUtils.java:logGet(46)) - raft.server.threadpool.client.size = 0 (default)
2025-04-23 15:45:03,882 [omNode-3-impl-thread1] INFO  server.RaftServerConfigKeys (ConfUtils.java:logGet(46)) - raft.server.storage.free-space.min = 0MB (=0) (default)
2025-04-23 15:45:03,882 [omNode-3-impl-thread1] INFO  server.RaftServerConfigKeys (ConfUtils.java:logGet(46)) - raft.server.log.corruption.policy = EXCEPTION (default)
2025-04-23 15:45:03,882 [omNode-3-impl-thread1] INFO  server.RaftServerConfigKeys (ConfUtils.java:logGet(46)) - raft.server.storage.dir = [/home/runner/work/ozone/ozone/hadoop-ozone/integration-test/target/test-dir/MiniOzoneClusterImpl-5cf50c17-c591-473f-a8c4-88d8665d28d7/omNode-3/ratis] (custom)
2025-04-23 15:45:03,883 [omNode-3-impl-thread1] INFO  storage.RaftStorageDirectory (RaftStorageDirectoryImpl.java:tryLock(229)) - Lock on /home/runner/work/ozone/ozone/hadoop-ozone/integration-test/target/test-dir/MiniOzoneClusterImpl-5cf50c17-c591-473f-a8c4-88d8665d28d7/omNode-3/ratis/c9bc4cf4-3bc3-3c60-a66b-523986131536/in_use.lock acquired by nodename 129659@fv-az1337-835
2025-04-23 15:45:03,883 [omNode-3-impl-thread1] INFO  storage.RaftStorage (RaftStorageImpl.java:analyzeAndRecoverStorage(118)) - Read RaftStorageMetadata{term=3, votedFor=omNode-3} from /home/runner/work/ozone/ozone/hadoop-ozone/integration-test/target/test-dir/MiniOzoneClusterImpl-5cf50c17-c591-473f-a8c4-88d8665d28d7/omNode-3/ratis/c9bc4cf4-3bc3-3c60-a66b-523986131536/current/raft-meta
2025-04-23 15:45:03,883 [omNode-3-impl-thread1] INFO  server.RaftServer$Division (ServerState.java:setRaftConf(386)) - omNode-3@group-523986131536: set configuration conf: {index: 31, cur=peers:[omNode-3|localhost:15017, omNode-1|localhost:15009, omNode-2|localhost:15013]|listeners:[], old=null}
2025-04-23 15:45:03,884 [omNode-3-impl-thread1] INFO  ratis.OzoneManagerStateMachine (OzoneManagerStateMachine.java:lambda$0(138)) - omNode-3: initialize group-523986131536 with (t:3, i:32)
2025-04-23 15:45:03,884 [omNode-3-impl-thread1] INFO  server.RaftServerConfigKeys (ConfUtils.java:logGet(46)) - raft.server.log.use.memory = false (default)
2025-04-23 15:45:03,884 [omNode-3-impl-thread1] INFO  server.RaftServerConfigKeys (ConfUtils.java:logGet(46)) - raft.server.log.purge.gap = 50 (custom)
2025-04-23 15:45:03,884 [omNode-3-impl-thread1] INFO  server.RaftServerConfigKeys (ConfUtils.java:logGet(46)) - raft.server.log.appender.buffer.byte-limit = 4194304 (custom)
2025-04-23 15:45:03,884 [omNode-3-impl-thread1] INFO  server.RaftServerConfigKeys (ConfUtils.java:logGet(46)) - raft.server.log.statemachine.data.read.timeout = 1000ms (default)
2025-04-23 15:45:03,884 [omNode-3-impl-thread1] INFO  server.RaftServerConfigKeys (ConfUtils.java:logGet(46)) - raft.server.log.purge.preservation.log.num = 0 (default)
2025-04-23 15:45:03,885 [omNode-3-impl-thread1] INFO  server.RaftServerConfigKeys (ConfUtils.java:logGet(46)) - raft.server.log.segment.size.max = 4194304 (custom)
2025-04-23 15:45:03,885 [omNode-3-impl-thread1] INFO  server.RaftServerConfigKeys (ConfUtils.java:logGet(46)) - raft.server.log.segment.cache.num.max = 2 (custom)
2025-04-23 15:45:03,885 [omNode-3-impl-thread1] INFO  server.RaftServerConfigKeys (ConfUtils.java:logGet(46)) - raft.server.log.segment.cache.size.max = 200MB (=209715200) (default)
2025-04-23 15:45:03,885 [omNode-3-impl-thread1] INFO  server.RaftServerConfigKeys (ConfUtils.java:logGet(46)) - raft.server.log.appender.buffer.byte-limit = 4194304 (custom)
2025-04-23 15:45:03,885 [omNode-3-impl-thread1] INFO  util.AwaitToRun (AwaitToRun.java:start(81)) - Thread[#1763,omNode-3@group-523986131536-cacheEviction-AwaitToRun,5,main] started
2025-04-23 15:45:03,885 [omNode-3-impl-thread1] INFO  segmented.SegmentedRaftLogWorker (SegmentedRaftLogWorker.java:<init>(188)) - new omNode-3@group-523986131536-SegmentedRaftLogWorker for RaftStorageImpl:Storage Directory /home/runner/work/ozone/ozone/hadoop-ozone/integration-test/target/test-dir/MiniOzoneClusterImpl-5cf50c17-c591-473f-a8c4-88d8665d28d7/omNode-3/ratis/c9bc4cf4-3bc3-3c60-a66b-523986131536
2025-04-23 15:45:03,885 [omNode-3-impl-thread1] INFO  server.RaftServerConfigKeys (ConfUtils.java:logGet(46)) - raft.server.log.queue.byte-limit = 64MB (=67108864) (default)
2025-04-23 15:45:03,885 [omNode-3-impl-thread1] INFO  server.RaftServerConfigKeys (ConfUtils.java:logGet(46)) - raft.server.log.queue.element-limit = 4096 (default)
2025-04-23 15:45:03,885 [omNode-3-impl-thread1] INFO  server.RaftServerConfigKeys (ConfUtils.java:logGet(46)) - raft.server.log.segment.size.max = 4194304 (custom)
2025-04-23 15:45:03,885 [omNode-3-impl-thread1] INFO  server.RaftServerConfigKeys (ConfUtils.java:logGet(46)) - raft.server.log.preallocated.size = 4194304 (custom)
2025-04-23 15:45:03,885 [omNode-3-impl-thread1] INFO  server.RaftServerConfigKeys (ConfUtils.java:logGet(46)) - raft.server.log.force.sync.num = 128 (default)
2025-04-23 15:45:03,886 [omNode-3-impl-thread1] INFO  server.RaftServerConfigKeys (ConfUtils.java:logGet(46)) - raft.server.log.statemachine.data.sync = true (default)
2025-04-23 15:45:03,886 [omNode-3-impl-thread1] INFO  server.RaftServerConfigKeys (ConfUtils.java:logGet(46)) - raft.server.log.statemachine.data.sync.timeout = 10s (default)
2025-04-23 15:45:03,886 [omNode-3-impl-thread1] INFO  server.RaftServerConfigKeys (ConfUtils.java:logGet(46)) - raft.server.log.statemachine.data.sync.timeout.retry = -1 (default)
2025-04-23 15:45:03,886 [omNode-3-impl-thread1] INFO  server.RaftServerConfigKeys (ConfUtils.java:logGet(46)) - raft.server.log.write.buffer.size = 4194312 (custom)
2025-04-23 15:45:03,886 [omNode-3-impl-thread1] INFO  server.RaftServerConfigKeys (ConfUtils.java:logGet(46)) - raft.server.log.appender.buffer.byte-limit = 4194304 (custom)
2025-04-23 15:45:03,886 [omNode-3-impl-thread1] INFO  server.RaftServerConfigKeys (ConfUtils.java:logGet(46)) - raft.server.log.unsafe-flush.enabled = false (default)
2025-04-23 15:45:03,886 [omNode-3-impl-thread1] INFO  server.RaftServerConfigKeys (ConfUtils.java:logGet(46)) - raft.server.log.async-flush.enabled = false (default)
2025-04-23 15:45:03,886 [omNode-3-impl-thread1] INFO  server.RaftServerConfigKeys (ConfUtils.java:logGet(46)) - raft.server.log.statemachine.data.caching.enabled = false (default)
2025-04-23 15:45:03,887 [omNode-3-impl-thread1] INFO  server.RaftServer$Division (ServerState.java:setRaftConf(386)) - omNode-3@group-523986131536: set configuration conf: {index: 0, cur=peers:[omNode-3|localhost:15017, omNode-1|localhost:15009, omNode-2|localhost:15013]|listeners:[], old=null}
2025-04-23 15:45:03,888 [omNode-3-impl-thread1] INFO  segmented.LogSegment (LogSegment.java:loadSegment(171)) - Successfully read 21 entries from segment file /home/runner/work/ozone/ozone/hadoop-ozone/integration-test/target/test-dir/MiniOzoneClusterImpl-5cf50c17-c591-473f-a8c4-88d8665d28d7/omNode-3/ratis/c9bc4cf4-3bc3-3c60-a66b-523986131536/current/log_0-20
2025-04-23 15:45:03,888 [omNode-3-impl-thread1] INFO  server.RaftServer$Division (ServerState.java:setRaftConf(386)) - omNode-3@group-523986131536: set configuration conf: {index: 21, cur=peers:[omNode-3|localhost:15017, omNode-1|localhost:15009, omNode-2|localhost:15013]|listeners:[], old=null}
2025-04-23 15:45:03,889 [omNode-3-impl-thread1] INFO  segmented.LogSegment (LogSegment.java:loadSegment(171)) - Successfully read 10 entries from segment file /home/runner/work/ozone/ozone/hadoop-ozone/integration-test/target/test-dir/MiniOzoneClusterImpl-5cf50c17-c591-473f-a8c4-88d8665d28d7/omNode-3/ratis/c9bc4cf4-3bc3-3c60-a66b-523986131536/current/log_21-30
2025-04-23 15:45:03,889 [omNode-3-impl-thread1] INFO  server.RaftServer$Division (ServerState.java:setRaftConf(386)) - omNode-3@group-523986131536: set configuration conf: {index: 31, cur=peers:[omNode-3|localhost:15017, omNode-1|localhost:15009, omNode-2|localhost:15013]|listeners:[], old=null}
2025-04-23 15:45:03,889 [omNode-3-impl-thread1] INFO  segmented.LogSegment (LogSegment.java:loadSegment(171)) - Successfully read 2 entries from segment file /home/runner/work/ozone/ozone/hadoop-ozone/integration-test/target/test-dir/MiniOzoneClusterImpl-5cf50c17-c591-473f-a8c4-88d8665d28d7/omNode-3/ratis/c9bc4cf4-3bc3-3c60-a66b-523986131536/current/log_inprogress_31
2025-04-23 15:45:03,889 [omNode-3-impl-thread1] INFO  segmented.SegmentedRaftLogWorker (SegmentedRaftLogWorker.java:lambda$new$0(139)) - omNode-3@group-523986131536-SegmentedRaftLogWorker: flushIndex: setUnconditionally 0 -> 32
2025-04-23 15:45:03,889 [omNode-3-impl-thread1] INFO  segmented.SegmentedRaftLogWorker (SegmentedRaftLogWorker.java:lambda$new$0(139)) - omNode-3@group-523986131536-SegmentedRaftLogWorker: safeCacheEvictIndex: setUnconditionally 0 -> 30
2025-04-23 15:45:03,889 [omNode-3-impl-thread1] INFO  segmented.BufferedWriteChannel (BufferedWriteChannel.java:open(61)) - open log_inprogress_31 (append) at position 125
2025-04-23 15:45:03,890 [omNode-3-impl-thread1] INFO  server.RaftServer$Division (RaftServerImpl.java:start(391)) - omNode-3@group-523986131536: start as a follower, conf=conf: {index: 31, cur=peers:[omNode-3|localhost:15017, omNode-1|localhost:15009, omNode-2|localhost:15013]|listeners:[], old=null}
2025-04-23 15:45:03,890 [omNode-3-impl-thread1] INFO  server.RaftServer$Division (RaftServerImpl.java:setRole(378)) - omNode-3@group-523986131536: changes role from      null to FOLLOWER at term 3 for startAsFollower
2025-04-23 15:45:03,890 [omNode-3-impl-thread1] INFO  impl.RoleInfo (RoleInfo.java:updateAndGet(148)) - omNode-3: start omNode-3@group-523986131536-FollowerState
2025-04-23 15:45:03,890 [omNode-3-impl-thread1] INFO  util.JmxRegister (JmxRegister.java:tryRegister(44)) - Successfully registered JMX Bean with object name Ratis:service=RaftServer,group=group-523986131536,id=omNode-3
2025-04-23 15:45:03,890 [omNode-3-impl-thread1] INFO  util.JmxRegister (JmxRegister.java:register(58)) - register mxBean class org.apache.ratis.server.impl.RaftServerJmxAdapter as Ratis:service=RaftServer,group=group-523986131536,id=omNode-3
2025-04-23 15:45:03,890 [omNode-3-impl-thread1] INFO  server.RaftServerConfigKeys (ConfUtils.java:logGet(46)) - raft.server.snapshot.trigger-when-stop.enabled = true (default)
2025-04-23 15:45:03,890 [omNode-3-impl-thread1] INFO  server.RaftServerConfigKeys (ConfUtils.java:logGet(46)) - raft.server.snapshot.trigger-when-remove.enabled = true (default)
2025-04-23 15:45:03,890 [omNode-3@group-523986131536-FollowerState] INFO  server.RaftServerConfigKeys (ConfUtils.java:logFallback(53)) - raft.server.rpc.first-election.timeout.min = 1s (fallback to raft.server.rpc.timeout.min)
2025-04-23 15:45:03,890 [omNode-3-impl-thread1] INFO  server.RaftServerConfigKeys (ConfUtils.java:logGet(46)) - raft.server.snapshot.auto.trigger.enabled = true (custom)
2025-04-23 15:45:03,890 [omNode-3@group-523986131536-FollowerState] INFO  server.RaftServerConfigKeys (ConfUtils.java:logFallback(53)) - raft.server.rpc.first-election.timeout.max = 1200ms (fallback to raft.server.rpc.timeout.max)
2025-04-23 15:45:03,891 [omNode-3-impl-thread1] INFO  server.RaftServerConfigKeys (ConfUtils.java:logGet(46)) - raft.server.snapshot.auto.trigger.threshold = 50 (custom)
2025-04-23 15:45:03,891 [omNode-3-impl-thread1] INFO  server.RaftServerConfigKeys (ConfUtils.java:logGet(46)) - raft.server.snapshot.retention.file.num = -1 (default)
2025-04-23 15:45:03,891 [omNode-3-impl-thread1] INFO  server.RaftServerConfigKeys (ConfUtils.java:logGet(46)) - raft.server.log.purge.upto.snapshot.index = true (custom)
2025-04-23 15:45:03,891 [omNode-3-impl-thread1] INFO  server.RaftServer$Division (RaftServerImpl.java:start(405)) - omNode-3@group-523986131536: Successfully started.
2025-04-23 15:45:03,891 [main] INFO  server.RaftServer (RaftServerProxy.java:startImpl(407)) - omNode-3: start RPC server
2025-04-23 15:45:03,892 [main] INFO  server.GrpcService (GrpcService.java:startImpl(334)) - omNode-3: GrpcService started, listening on 15017
2025-04-23 15:45:03,892 [main] INFO  om.OzoneManager (OzoneManager.java:getRpcServer(1360)) - Creating RPC Server
2025-04-23 15:45:03,892 [JvmPauseMonitor11] INFO  util.JvmPauseMonitor (JvmPauseMonitor.java:run(146)) - JvmPauseMonitor-omNode-3: Started
2025-04-23 15:45:04,316 [main] INFO  reflections.Reflections (Reflections.java:scan(219)) - Reflections took 423 ms to scan 22 urls, producing 61 keys and 7422 values
2025-04-23 15:45:04,317 [main] INFO  ipc.CallQueueManager (CallQueueManager.java:<init>(93)) - Using callQueue: class java.util.concurrent.LinkedBlockingQueue, queueCapacity: 2000, scheduler: class org.apache.hadoop.ipc.DefaultRpcScheduler, ipcBackoff: false, ipcFailOver: false.
2025-04-23 15:45:04,318 [main] INFO  ipc.Server (Server.java:<init>(1438)) - Listener at localhost:15014
2025-04-23 15:45:04,318 [Socket Reader #1 for port 15014] INFO  ipc.Server (Server.java:run(1474)) - Starting Socket Reader #1 for port 15014
2025-04-23 15:45:04,318 [Socket Reader #2 for port 15014] INFO  ipc.Server (Server.java:run(1474)) - Starting Socket Reader #2 for port 15014
2025-04-23 15:45:04,318 [Socket Reader #3 for port 15014] INFO  ipc.Server (Server.java:run(1474)) - Starting Socket Reader #3 for port 15014
2025-04-23 15:45:04,319 [Socket Reader #4 for port 15014] INFO  ipc.Server (Server.java:run(1474)) - Starting Socket Reader #4 for port 15014
2025-04-23 15:45:04,319 [Socket Reader #5 for port 15014] INFO  ipc.Server (Server.java:run(1474)) - Starting Socket Reader #5 for port 15014
2025-04-23 15:45:04,319 [Socket Reader #6 for port 15014] INFO  ipc.Server (Server.java:run(1474)) - Starting Socket Reader #6 for port 15014
2025-04-23 15:45:04,319 [Socket Reader #7 for port 15014] INFO  ipc.Server (Server.java:run(1474)) - Starting Socket Reader #7 for port 15014
2025-04-23 15:45:04,320 [Socket Reader #8 for port 15014] INFO  ipc.Server (Server.java:run(1474)) - Starting Socket Reader #8 for port 15014
2025-04-23 15:45:04,320 [Socket Reader #9 for port 15014] INFO  ipc.Server (Server.java:run(1474)) - Starting Socket Reader #9 for port 15014
2025-04-23 15:45:04,320 [Socket Reader #10 for port 15014] INFO  ipc.Server (Server.java:run(1474)) - Starting Socket Reader #10 for port 15014
2025-04-23 15:45:04,322 [main] INFO  http.BaseHttpServer (BaseHttpServer.java:newHttpServer2BuilderForOzone(229)) - Starting Web-server for ozoneManager at: http://0.0.0.0:15015
2025-04-23 15:45:04,322 [main] INFO  http.BaseHttpServer (BaseHttpServer.java:<init>(107)) - Hadoop Security Enabled: false Ozone Security Enabled: false Ozone HTTP Security Enabled: false 
2025-04-23 15:45:04,323 [main] WARN  server.AuthenticationFilter (AuthenticationFilter.java:constructSecretProvider(240)) - Unable to initialize FileSignerSecretProvider, falling back to use random secrets. Reason: Could not read signature secret file: /home/runner/hadoop-http-auth-signature-secret
2025-04-23 15:45:04,325 [main] INFO  http.HttpServer2 (HttpServer2.java:addGlobalFilter(1041)) - Added global filter 'safety' (class=org.apache.hadoop.hdds.server.http.HttpServer2$QuotingInputFilter)
2025-04-23 15:45:04,326 [main] INFO  http.HttpServer2 (HttpServer2.java:addFilter(1017)) - Added filter static_user_filter (class=org.apache.hadoop.http.lib.StaticUserWebFilter$StaticUserFilter) to context ozoneManager
2025-04-23 15:45:04,326 [main] INFO  http.HttpServer2 (HttpServer2.java:addFilter(1025)) - Added filter static_user_filter (class=org.apache.hadoop.http.lib.StaticUserWebFilter$StaticUserFilter) to context logs
2025-04-23 15:45:04,326 [main] INFO  http.HttpServer2 (HttpServer2.java:addFilter(1025)) - Added filter static_user_filter (class=org.apache.hadoop.http.lib.StaticUserWebFilter$StaticUserFilter) to context static
2025-04-23 15:45:04,327 [main] INFO  http.BaseHttpServer (BaseHttpServer.java:<init>(195)) - HTTP server of ozoneManager uses base directory /home/runner/work/ozone/ozone/hadoop-ozone/integration-test/target/test-dir/MiniOzoneClusterImpl-5cf50c17-c591-473f-a8c4-88d8665d28d7/omNode-3/webserver
2025-04-23 15:45:04,327 [main] INFO  http.HttpServer2 (HttpServer2.java:bindListener(1241)) - Jetty bound to port 15015
2025-04-23 15:45:04,327 [main] INFO  server.Server (Server.java:doStart(375)) - jetty-9.4.57.v20241219; built: 2025-01-08T21:24:30.412Z; git: df524e6b29271c2e09ba9aea83c18dc9db464a31; jvm 21.0.7+6-LTS
2025-04-23 15:45:04,328 [main] INFO  server.session (DefaultSessionIdManager.java:doStart(334)) - DefaultSessionIdManager workerName=node0
2025-04-23 15:45:04,329 [main] INFO  server.session (DefaultSessionIdManager.java:doStart(339)) - No SessionScavenger set, using defaults
2025-04-23 15:45:04,329 [main] INFO  server.session (HouseKeeper.java:startScavenging(132)) - node0 Scavenging every 600000ms
2025-04-23 15:45:04,329 [main] INFO  handler.ContextHandler (ContextHandler.java:doStart(921)) - Started o.e.j.s.ServletContextHandler@4f8b0fb7{logs,/logs,file:///home/runner/work/ozone/ozone/hadoop-ozone/integration-test/target/log,AVAILABLE}
2025-04-23 15:45:04,329 [main] INFO  handler.ContextHandler (ContextHandler.java:doStart(921)) - Started o.e.j.s.ServletContextHandler@57935a7{static,/static,file:///home/runner/work/ozone/ozone/hadoop-ozone/integration-test/target/test-classes/webapps/static,AVAILABLE}
2025-04-23 15:45:04,334 [main] INFO  handler.ContextHandler (ContextHandler.java:doStart(921)) - Started o.e.j.w.WebAppContext@701899c9{ozoneManager,/,file:///home/runner/work/ozone/ozone/hadoop-ozone/integration-test/target/test-classes/webapps/ozoneManager/,AVAILABLE}{file:/home/runner/work/ozone/ozone/hadoop-ozone/integration-test/target/test-classes/webapps/ozoneManager}
2025-04-23 15:45:04,334 [main] INFO  server.AbstractConnector (AbstractConnector.java:doStart(333)) - Started ServerConnector@3dbf0c0f{HTTP/1.1, (http/1.1)}{0.0.0.0:15015}
2025-04-23 15:45:04,334 [main] INFO  server.Server (Server.java:doStart(415)) - Started @39316ms
2025-04-23 15:45:04,334 [main] WARN  impl.MetricsSystemImpl (MetricsSystemImpl.java:register(279)) - Sink prometheus already exists!
2025-04-23 15:45:04,335 [main] INFO  http.BaseHttpServer (BaseHttpServer.java:updateConnectorAddress(360)) - HTTP server of ozoneManager listening at http://0.0.0.0:15015
2025-04-23 15:45:04,335 [IPC Server Responder] INFO  ipc.Server (Server.java:run(1713)) - IPC Server Responder: starting
2025-04-23 15:45:04,335 [IPC Server listener on 15014] INFO  ipc.Server (Server.java:run(1553)) - IPC Server listener on 15014: starting
2025-04-23 15:45:04,337 [main] INFO  om.OzoneManager (OzoneManager.java:startTrashEmptier(2257)) - Trash Interval set to 0. Files deleted won't move to trash
2025-04-23 15:45:04,337 [main] INFO  om.OzoneManager (OzoneManager.java:restart(1878)) - OzoneManager RPC server is listening at localhost/127.0.0.1:15006
2025-04-23 15:45:04,337 [main] INFO  impl.MetricsSystemImpl (MetricsSystemImpl.java:init(158)) - OzoneManager metrics system started (again)
2025-04-23 15:45:04,349 [main] WARN  server.ServerUtils (ServerUtils.java:getDBPath(297)) - ozone.om.db.dirs is not configured. We recommend adding this setting. Falling back to ozone.metadata.dirs instead.
2025-04-23 15:45:04,391 [main] INFO  om.OzoneManager (OzoneManager.java:instantiateServices(933)) - S3 Multi-Tenancy is disabled
2025-04-23 15:45:04,391 [main] INFO  om.OmSnapshotManager (OmSnapshotManager.java:<init>(180)) - Ozone filesystem snapshot feature is enabled.
2025-04-23 15:45:04,391 [main] WARN  server.ServerUtils (ServerUtils.java:getDBPath(297)) - ozone.om.snapshot.diff.db.dir is not configured. We recommend adding this setting. Falling back to ozone.metadata.dirs instead.
2025-04-23 15:45:04,406 [main] WARN  dropwizard3.Dm3MetricRegistriesImpl (Dm3MetricRegistriesImpl.java:addReporterRegistration(114)) - New reporters are added after registries were created. Some metrics will be missing from the reporter. Please add reporter before adding any new registry.
2025-04-23 15:45:04,406 [main] WARN  dropwizard3.Dm3MetricRegistriesImpl (Dm3MetricRegistriesImpl.java:addReporterRegistration(114)) - New reporters are added after registries were created. Some metrics will be missing from the reporter. Please add reporter before adding any new registry.
2025-04-23 15:45:04,406 [main] WARN  server.ServerUtils (ServerUtils.java:getDefaultRatisDirectory(309)) - Storage directory for Ratis is not configured. It is a good idea to map this to an SSD disk. Falling back to ozone.metadata.dirs
2025-04-23 15:45:04,406 [main] INFO  server.RaftServerConfigKeys (ConfUtils.java:logGet(46)) - raft.server.log.appender.buffer.byte-limit = 4194304 (custom)
2025-04-23 15:45:04,407 [main] INFO  ratis.OzoneManagerRatisServer (OzoneManagerRatisServer.java:<init>(167)) - Instantiating OM Ratis server with groupID: om-service-test1 and peers: localhost:15009, localhost:15017, localhost:15013
2025-04-23 15:45:04,408 [main] INFO  ratis.OzoneManagerStateMachine (OzoneManagerStateMachine.java:loadSnapshotInfoFromDB(611)) - LastAppliedIndex is set from TransactionInfo from OM DB as (t:3, i:32)
2025-04-23 15:45:04,409 [main] INFO  server.RaftServer (ConfUtils.java:logGet(46)) - raft.rpc.type = GRPC (default)
2025-04-23 15:45:04,409 [main] INFO  grpc.GrpcConfigKeys (ConfUtils.java:logFallback(53)) - raft.grpc.admin.host = null (fallback to raft.grpc.server.host)
2025-04-23 15:45:04,409 [main] INFO  grpc.GrpcConfigKeys (ConfUtils.java:logFallback(53)) - raft.grpc.admin.port = 15009 (fallback to raft.grpc.server.port)
2025-04-23 15:45:04,409 [main] INFO  grpc.GrpcConfigKeys (ConfUtils.java:logFallback(53)) - raft.grpc.client.host = null (fallback to raft.grpc.server.host)
2025-04-23 15:45:04,409 [main] INFO  grpc.GrpcConfigKeys (ConfUtils.java:logFallback(53)) - raft.grpc.client.port = 15009 (fallback to raft.grpc.server.port)
2025-04-23 15:45:04,409 [main] INFO  grpc.GrpcConfigKeys (ConfUtils.java:logGet(46)) - raft.grpc.server.host = null (default)
2025-04-23 15:45:04,409 [main] INFO  grpc.GrpcConfigKeys (ConfUtils.java:logGet(46)) - raft.grpc.server.port = 15009 (custom)
2025-04-23 15:45:04,409 [main] INFO  server.GrpcService (ConfUtils.java:logGet(46)) - raft.grpc.message.size.max = 5242880 (custom)
2025-04-23 15:45:04,410 [main] INFO  server.GrpcService (ConfUtils.java:logGet(46)) - raft.grpc.flow.control.window = 1MB (=1048576) (default)
2025-04-23 15:45:04,410 [main] INFO  server.RaftServerConfigKeys (ConfUtils.java:logGet(46)) - raft.server.rpc.request.timeout = 3000ms (default)
2025-04-23 15:45:04,410 [main] INFO  grpc.GrpcConfigKeys (ConfUtils.java:logGet(46)) - raft.grpc.server.heartbeat.channel = true (default)
2025-04-23 15:45:04,410 [main] INFO  server.RaftServerConfigKeys (ConfUtils.java:logGet(46)) - raft.server.log.appender.buffer.byte-limit = 4194304 (custom)
2025-04-23 15:45:04,410 [main] INFO  grpc.GrpcConfigKeys (ConfUtils.java:logGet(46)) - raft.grpc.server.async.request.thread.pool.cached = true (default)
2025-04-23 15:45:04,410 [main] INFO  grpc.GrpcConfigKeys (ConfUtils.java:logGet(46)) - raft.grpc.server.async.request.thread.pool.size = 32 (default)
2025-04-23 15:45:04,411 [main] INFO  impl.DataStreamServerImpl (ConfUtils.java:logGet(46)) - raft.datastream.type = DISABLED (default)
2025-04-23 15:45:04,411 [main] INFO  server.RaftServerConfigKeys (ConfUtils.java:logGet(46)) - raft.server.sleep.deviation.threshold = 300ms (default)
2025-04-23 15:45:04,411 [main] INFO  server.RaftServerConfigKeys (ConfUtils.java:logGet(46)) - raft.server.close.threshold = 60s (default)
2025-04-23 15:45:04,411 [main] INFO  server.RaftServerConfigKeys (ConfUtils.java:logGet(46)) - raft.server.leaderelection.leader.step-down.wait-time = 10s (default)
2025-04-23 15:45:04,412 [main] INFO  server.RaftServerConfigKeys (ConfUtils.java:logGet(46)) - raft.server.storage.dir = [/home/runner/work/ozone/ozone/hadoop-ozone/integration-test/target/test-dir/MiniOzoneClusterImpl-5cf50c17-c591-473f-a8c4-88d8665d28d7/omNode-1/ratis] (custom)
2025-04-23 15:45:04,412 [main] INFO  server.RaftServerConfigKeys (ConfUtils.java:logGet(46)) - raft.server.threadpool.proxy.cached = true (default)
2025-04-23 15:45:04,412 [main] INFO  server.RaftServerConfigKeys (ConfUtils.java:logGet(46)) - raft.server.threadpool.proxy.size = 0 (default)
2025-04-23 15:45:04,412 [omNode-1-impl-thread1] INFO  server.RaftServer (RaftServerProxy.java:initGroupDir(265)) - omNode-1: found a subdirectory /home/runner/work/ozone/ozone/hadoop-ozone/integration-test/target/test-dir/MiniOzoneClusterImpl-5cf50c17-c591-473f-a8c4-88d8665d28d7/omNode-1/ratis/c9bc4cf4-3bc3-3c60-a66b-523986131536
2025-04-23 15:45:04,413 [main] INFO  server.RaftServer (RaftServerProxy.java:addNew(100)) - omNode-1: addNew group-523986131536:[omNode-3|localhost:15017, omNode-1|localhost:15009, omNode-2|localhost:15013] returns group-523986131536:java.util.concurrent.CompletableFuture@514b2384[Not completed]
2025-04-23 15:45:04,413 [omNode-1-groupManagement] INFO  server.RaftServer$Division (RaftServerImpl.java:<init>(255)) - omNode-1: new RaftServerImpl for group-523986131536:[omNode-3|localhost:15017, omNode-1|localhost:15009, omNode-2|localhost:15013] with OzoneManagerStateMachine:uninitialized
2025-04-23 15:45:04,413 [main] INFO  om.OzoneManager (OzoneManager.java:initializeRatisServer(2303)) - OzoneManager Ratis server initialized at port 15009
2025-04-23 15:45:04,413 [main] INFO  ratis.OzoneManagerRatisServer (OzoneManagerRatisServer.java:start(628)) - Starting OzoneManagerRatisServer omNode-1 at port 15009
2025-04-23 15:45:04,413 [omNode-1-groupManagement] INFO  server.RaftServerConfigKeys (ConfUtils.java:logGet(46)) - raft.server.rpc.timeout.min = 1s (custom)
2025-04-23 15:45:04,413 [omNode-1-groupManagement] INFO  server.RaftServerConfigKeys (ConfUtils.java:logGet(46)) - raft.server.rpc.timeout.max = 1200ms (custom)
2025-04-23 15:45:04,413 [omNode-1-groupManagement] INFO  server.RaftServerConfigKeys (ConfUtils.java:logGet(46)) - raft.server.rpc.sleep.time = 25ms (default)
2025-04-23 15:45:04,413 [omNode-1-groupManagement] INFO  server.RaftServerConfigKeys (ConfUtils.java:logGet(46)) - raft.server.rpc.slowness.timeout = 2s (custom)
2025-04-23 15:45:04,413 [omNode-1-groupManagement] INFO  server.RaftServerConfigKeys (ConfUtils.java:logGet(46)) - raft.server.leaderelection.leader.step-down.wait-time = 10s (default)
2025-04-23 15:45:04,413 [omNode-1-groupManagement] INFO  server.RaftServerConfigKeys (ConfUtils.java:logGet(46)) - raft.server.leaderelection.member.majority-add = false (default)
2025-04-23 15:45:04,413 [omNode-1-groupManagement] INFO  server.RaftServerConfigKeys (ConfUtils.java:logGet(46)) - raft.server.sleep.deviation.threshold = 300ms (default)
2025-04-23 15:45:04,414 [omNode-1-groupManagement] INFO  server.RaftServer$Division (ServerState.java:<init>(114)) - omNode-1@group-523986131536: ConfigurationManager, init=conf: {index: -1, cur=peers:[omNode-3|localhost:15017, omNode-1|localhost:15009, omNode-2|localhost:15013]|listeners:[], old=null}, confs=<EMPTY_MAP>
2025-04-23 15:45:04,414 [omNode-1-groupManagement] INFO  server.RaftServerConfigKeys (ConfUtils.java:logGet(46)) - raft.server.notification.no-leader.timeout = 2s (custom)
2025-04-23 15:45:04,414 [omNode-1-groupManagement] INFO  server.RaftServerConfigKeys (ConfUtils.java:logGet(46)) - raft.server.read.timeout = 10s (default)
2025-04-23 15:45:04,414 [omNode-1-groupManagement] INFO  server.RaftServerConfigKeys (ConfUtils.java:logGet(46)) - raft.server.retrycache.expirytime = 30000ms (custom)
2025-04-23 15:45:04,414 [omNode-1-groupManagement] INFO  server.RaftServerConfigKeys (ConfUtils.java:logGet(46)) - raft.server.retrycache.statistics.expirytime = 100ms (default)
2025-04-23 15:45:04,414 [omNode-1-groupManagement] INFO  server.RaftServerConfigKeys (ConfUtils.java:logGet(46)) - raft.server.read.option = DEFAULT (default)
2025-04-23 15:45:04,414 [omNode-1-groupManagement] INFO  server.RaftServerConfigKeys (ConfUtils.java:logGet(46)) - raft.server.read.read-after-write-consistent.write-index-cache.expiry-time = 60s (default)
2025-04-23 15:45:04,415 [omNode-1-groupManagement] INFO  server.RaftServerConfigKeys (ConfUtils.java:logGet(46)) - raft.server.rpc.request.timeout = 3000ms (default)
2025-04-23 15:45:04,415 [omNode-1-groupManagement] INFO  server.RaftServerConfigKeys (ConfUtils.java:logGet(46)) - raft.server.log.appender.install.snapshot.enabled = false (custom)
2025-04-23 15:45:04,416 [omNode-1-groupManagement] INFO  server.RaftServerConfigKeys (ConfUtils.java:logGet(46)) - raft.server.threadpool.server.cached = true (default)
2025-04-23 15:45:04,416 [omNode-1-groupManagement] INFO  server.RaftServerConfigKeys (ConfUtils.java:logGet(46)) - raft.server.threadpool.server.size = 0 (default)
2025-04-23 15:45:04,416 [omNode-1-groupManagement] INFO  server.RaftServerConfigKeys (ConfUtils.java:logGet(46)) - raft.server.threadpool.client.cached = true (default)
2025-04-23 15:45:04,416 [omNode-1-groupManagement] INFO  server.RaftServerConfigKeys (ConfUtils.java:logGet(46)) - raft.server.threadpool.client.size = 0 (default)
2025-04-23 15:45:04,416 [omNode-1-impl-thread1] INFO  server.RaftServerConfigKeys (ConfUtils.java:logGet(46)) - raft.server.storage.free-space.min = 0MB (=0) (default)
2025-04-23 15:45:04,416 [omNode-1-impl-thread1] INFO  server.RaftServerConfigKeys (ConfUtils.java:logGet(46)) - raft.server.log.corruption.policy = EXCEPTION (default)
2025-04-23 15:45:04,416 [omNode-1-impl-thread1] INFO  server.RaftServerConfigKeys (ConfUtils.java:logGet(46)) - raft.server.storage.dir = [/home/runner/work/ozone/ozone/hadoop-ozone/integration-test/target/test-dir/MiniOzoneClusterImpl-5cf50c17-c591-473f-a8c4-88d8665d28d7/omNode-1/ratis] (custom)
2025-04-23 15:45:04,417 [omNode-1-impl-thread1] INFO  storage.RaftStorageDirectory (RaftStorageDirectoryImpl.java:tryLock(229)) - Lock on /home/runner/work/ozone/ozone/hadoop-ozone/integration-test/target/test-dir/MiniOzoneClusterImpl-5cf50c17-c591-473f-a8c4-88d8665d28d7/omNode-1/ratis/c9bc4cf4-3bc3-3c60-a66b-523986131536/in_use.lock acquired by nodename 129659@fv-az1337-835
2025-04-23 15:45:04,417 [omNode-1-impl-thread1] INFO  storage.RaftStorage (RaftStorageImpl.java:analyzeAndRecoverStorage(118)) - Read RaftStorageMetadata{term=3, votedFor=omNode-3} from /home/runner/work/ozone/ozone/hadoop-ozone/integration-test/target/test-dir/MiniOzoneClusterImpl-5cf50c17-c591-473f-a8c4-88d8665d28d7/omNode-1/ratis/c9bc4cf4-3bc3-3c60-a66b-523986131536/current/raft-meta
2025-04-23 15:45:04,417 [omNode-1-impl-thread1] INFO  server.RaftServer$Division (ServerState.java:setRaftConf(386)) - omNode-1@group-523986131536: set configuration conf: {index: 31, cur=peers:[omNode-3|localhost:15017, omNode-1|localhost:15009, omNode-2|localhost:15013]|listeners:[], old=null}
2025-04-23 15:45:04,418 [omNode-1-impl-thread1] INFO  ratis.OzoneManagerStateMachine (OzoneManagerStateMachine.java:lambda$0(138)) - omNode-1: initialize group-523986131536 with (t:3, i:32)
2025-04-23 15:45:04,418 [omNode-1-impl-thread1] INFO  server.RaftServerConfigKeys (ConfUtils.java:logGet(46)) - raft.server.log.use.memory = false (default)
2025-04-23 15:45:04,418 [omNode-1-impl-thread1] INFO  server.RaftServerConfigKeys (ConfUtils.java:logGet(46)) - raft.server.log.purge.gap = 50 (custom)
2025-04-23 15:45:04,418 [omNode-1-impl-thread1] INFO  server.RaftServerConfigKeys (ConfUtils.java:logGet(46)) - raft.server.log.appender.buffer.byte-limit = 4194304 (custom)
2025-04-23 15:45:04,418 [omNode-1-impl-thread1] INFO  server.RaftServerConfigKeys (ConfUtils.java:logGet(46)) - raft.server.log.statemachine.data.read.timeout = 1000ms (default)
2025-04-23 15:45:04,418 [omNode-1-impl-thread1] INFO  server.RaftServerConfigKeys (ConfUtils.java:logGet(46)) - raft.server.log.purge.preservation.log.num = 0 (default)
2025-04-23 15:45:04,419 [omNode-1-impl-thread1] INFO  server.RaftServerConfigKeys (ConfUtils.java:logGet(46)) - raft.server.log.segment.size.max = 4194304 (custom)
2025-04-23 15:45:04,419 [omNode-1-impl-thread1] INFO  server.RaftServerConfigKeys (ConfUtils.java:logGet(46)) - raft.server.log.segment.cache.num.max = 2 (custom)
2025-04-23 15:45:04,419 [omNode-1-impl-thread1] INFO  server.RaftServerConfigKeys (ConfUtils.java:logGet(46)) - raft.server.log.segment.cache.size.max = 200MB (=209715200) (default)
2025-04-23 15:45:04,419 [omNode-1-impl-thread1] INFO  server.RaftServerConfigKeys (ConfUtils.java:logGet(46)) - raft.server.log.appender.buffer.byte-limit = 4194304 (custom)
2025-04-23 15:45:04,420 [omNode-1-impl-thread1] INFO  util.AwaitToRun (AwaitToRun.java:start(81)) - Thread[#1860,omNode-1@group-523986131536-cacheEviction-AwaitToRun,5,main] started
2025-04-23 15:45:04,420 [omNode-1-impl-thread1] INFO  segmented.SegmentedRaftLogWorker (SegmentedRaftLogWorker.java:<init>(188)) - new omNode-1@group-523986131536-SegmentedRaftLogWorker for RaftStorageImpl:Storage Directory /home/runner/work/ozone/ozone/hadoop-ozone/integration-test/target/test-dir/MiniOzoneClusterImpl-5cf50c17-c591-473f-a8c4-88d8665d28d7/omNode-1/ratis/c9bc4cf4-3bc3-3c60-a66b-523986131536
2025-04-23 15:45:04,420 [omNode-1-impl-thread1] INFO  server.RaftServerConfigKeys (ConfUtils.java:logGet(46)) - raft.server.log.queue.byte-limit = 64MB (=67108864) (default)
2025-04-23 15:45:04,420 [omNode-1-impl-thread1] INFO  server.RaftServerConfigKeys (ConfUtils.java:logGet(46)) - raft.server.log.queue.element-limit = 4096 (default)
2025-04-23 15:45:04,420 [omNode-1-impl-thread1] INFO  server.RaftServerConfigKeys (ConfUtils.java:logGet(46)) - raft.server.log.segment.size.max = 4194304 (custom)
2025-04-23 15:45:04,420 [omNode-1-impl-thread1] INFO  server.RaftServerConfigKeys (ConfUtils.java:logGet(46)) - raft.server.log.preallocated.size = 4194304 (custom)
2025-04-23 15:45:04,420 [omNode-1-impl-thread1] INFO  server.RaftServerConfigKeys (ConfUtils.java:logGet(46)) - raft.server.log.force.sync.num = 128 (default)
2025-04-23 15:45:04,420 [omNode-1-impl-thread1] INFO  server.RaftServerConfigKeys (ConfUtils.java:logGet(46)) - raft.server.log.statemachine.data.sync = true (default)
2025-04-23 15:45:04,420 [omNode-1-impl-thread1] INFO  server.RaftServerConfigKeys (ConfUtils.java:logGet(46)) - raft.server.log.statemachine.data.sync.timeout = 10s (default)
2025-04-23 15:45:04,420 [omNode-1-impl-thread1] INFO  server.RaftServerConfigKeys (ConfUtils.java:logGet(46)) - raft.server.log.statemachine.data.sync.timeout.retry = -1 (default)
2025-04-23 15:45:04,420 [omNode-1-impl-thread1] INFO  server.RaftServerConfigKeys (ConfUtils.java:logGet(46)) - raft.server.log.write.buffer.size = 4194312 (custom)
2025-04-23 15:45:04,421 [omNode-1-impl-thread1] INFO  server.RaftServerConfigKeys (ConfUtils.java:logGet(46)) - raft.server.log.appender.buffer.byte-limit = 4194304 (custom)
2025-04-23 15:45:04,421 [omNode-1-impl-thread1] INFO  server.RaftServerConfigKeys (ConfUtils.java:logGet(46)) - raft.server.log.unsafe-flush.enabled = false (default)
2025-04-23 15:45:04,421 [omNode-1-impl-thread1] INFO  server.RaftServerConfigKeys (ConfUtils.java:logGet(46)) - raft.server.log.async-flush.enabled = false (default)
2025-04-23 15:45:04,421 [omNode-1-impl-thread1] INFO  server.RaftServerConfigKeys (ConfUtils.java:logGet(46)) - raft.server.log.statemachine.data.caching.enabled = false (default)
2025-04-23 15:45:04,421 [omNode-1-impl-thread1] INFO  server.RaftServer$Division (ServerState.java:setRaftConf(386)) - omNode-1@group-523986131536: set configuration conf: {index: 0, cur=peers:[omNode-3|localhost:15017, omNode-1|localhost:15009, omNode-2|localhost:15013]|listeners:[], old=null}
2025-04-23 15:45:04,422 [omNode-1-impl-thread1] INFO  segmented.LogSegment (LogSegment.java:loadSegment(171)) - Successfully read 21 entries from segment file /home/runner/work/ozone/ozone/hadoop-ozone/integration-test/target/test-dir/MiniOzoneClusterImpl-5cf50c17-c591-473f-a8c4-88d8665d28d7/omNode-1/ratis/c9bc4cf4-3bc3-3c60-a66b-523986131536/current/log_0-20
2025-04-23 15:45:04,423 [omNode-1-impl-thread1] INFO  server.RaftServer$Division (ServerState.java:setRaftConf(386)) - omNode-1@group-523986131536: set configuration conf: {index: 21, cur=peers:[omNode-3|localhost:15017, omNode-1|localhost:15009, omNode-2|localhost:15013]|listeners:[], old=null}
2025-04-23 15:45:04,423 [omNode-1-impl-thread1] INFO  segmented.LogSegment (LogSegment.java:loadSegment(171)) - Successfully read 10 entries from segment file /home/runner/work/ozone/ozone/hadoop-ozone/integration-test/target/test-dir/MiniOzoneClusterImpl-5cf50c17-c591-473f-a8c4-88d8665d28d7/omNode-1/ratis/c9bc4cf4-3bc3-3c60-a66b-523986131536/current/log_21-30
2025-04-23 15:45:04,423 [omNode-1-impl-thread1] INFO  server.RaftServer$Division (ServerState.java:setRaftConf(386)) - omNode-1@group-523986131536: set configuration conf: {index: 31, cur=peers:[omNode-3|localhost:15017, omNode-1|localhost:15009, omNode-2|localhost:15013]|listeners:[], old=null}
2025-04-23 15:45:04,424 [omNode-1-impl-thread1] INFO  segmented.LogSegment (LogSegment.java:loadSegment(171)) - Successfully read 2 entries from segment file /home/runner/work/ozone/ozone/hadoop-ozone/integration-test/target/test-dir/MiniOzoneClusterImpl-5cf50c17-c591-473f-a8c4-88d8665d28d7/omNode-1/ratis/c9bc4cf4-3bc3-3c60-a66b-523986131536/current/log_inprogress_31
2025-04-23 15:45:04,424 [omNode-1-impl-thread1] INFO  segmented.SegmentedRaftLogWorker (SegmentedRaftLogWorker.java:lambda$new$0(139)) - omNode-1@group-523986131536-SegmentedRaftLogWorker: flushIndex: setUnconditionally 0 -> 32
2025-04-23 15:45:04,424 [omNode-1-impl-thread1] INFO  segmented.SegmentedRaftLogWorker (SegmentedRaftLogWorker.java:lambda$new$0(139)) - omNode-1@group-523986131536-SegmentedRaftLogWorker: safeCacheEvictIndex: setUnconditionally 0 -> 30
2025-04-23 15:45:04,424 [omNode-1-impl-thread1] INFO  segmented.BufferedWriteChannel (BufferedWriteChannel.java:open(61)) - open log_inprogress_31 (append) at position 125
2025-04-23 15:45:04,424 [omNode-1-impl-thread1] INFO  server.RaftServer$Division (RaftServerImpl.java:start(391)) - omNode-1@group-523986131536: start as a follower, conf=conf: {index: 31, cur=peers:[omNode-3|localhost:15017, omNode-1|localhost:15009, omNode-2|localhost:15013]|listeners:[], old=null}
2025-04-23 15:45:04,424 [omNode-1-impl-thread1] INFO  server.RaftServer$Division (RaftServerImpl.java:setRole(378)) - omNode-1@group-523986131536: changes role from      null to FOLLOWER at term 3 for startAsFollower
2025-04-23 15:45:04,424 [omNode-1-impl-thread1] INFO  impl.RoleInfo (RoleInfo.java:updateAndGet(148)) - omNode-1: start omNode-1@group-523986131536-FollowerState
2025-04-23 15:45:04,425 [omNode-1-impl-thread1] INFO  util.JmxRegister (JmxRegister.java:tryRegister(44)) - Successfully registered JMX Bean with object name Ratis:service=RaftServer,group=group-523986131536,id=omNode-1
2025-04-23 15:45:04,425 [omNode-1-impl-thread1] INFO  util.JmxRegister (JmxRegister.java:register(58)) - register mxBean class org.apache.ratis.server.impl.RaftServerJmxAdapter as Ratis:service=RaftServer,group=group-523986131536,id=omNode-1
2025-04-23 15:45:04,425 [omNode-1-impl-thread1] INFO  server.RaftServerConfigKeys (ConfUtils.java:logGet(46)) - raft.server.snapshot.trigger-when-stop.enabled = true (default)
2025-04-23 15:45:04,425 [omNode-1@group-523986131536-FollowerState] INFO  server.RaftServerConfigKeys (ConfUtils.java:logFallback(53)) - raft.server.rpc.first-election.timeout.min = 1s (fallback to raft.server.rpc.timeout.min)
2025-04-23 15:45:04,425 [omNode-1-impl-thread1] INFO  server.RaftServerConfigKeys (ConfUtils.java:logGet(46)) - raft.server.snapshot.trigger-when-remove.enabled = true (default)
2025-04-23 15:45:04,425 [omNode-1-impl-thread1] INFO  server.RaftServerConfigKeys (ConfUtils.java:logGet(46)) - raft.server.snapshot.auto.trigger.enabled = true (custom)
2025-04-23 15:45:04,425 [omNode-1-impl-thread1] INFO  server.RaftServerConfigKeys (ConfUtils.java:logGet(46)) - raft.server.snapshot.auto.trigger.threshold = 50 (custom)
2025-04-23 15:45:04,425 [omNode-1-impl-thread1] INFO  server.RaftServerConfigKeys (ConfUtils.java:logGet(46)) - raft.server.snapshot.retention.file.num = -1 (default)
2025-04-23 15:45:04,425 [omNode-1-impl-thread1] INFO  server.RaftServerConfigKeys (ConfUtils.java:logGet(46)) - raft.server.log.purge.upto.snapshot.index = true (custom)
2025-04-23 15:45:04,425 [omNode-1@group-523986131536-FollowerState] INFO  server.RaftServerConfigKeys (ConfUtils.java:logFallback(53)) - raft.server.rpc.first-election.timeout.max = 1200ms (fallback to raft.server.rpc.timeout.max)
2025-04-23 15:45:04,426 [omNode-1-impl-thread1] INFO  server.RaftServer$Division (RaftServerImpl.java:start(405)) - omNode-1@group-523986131536: Successfully started.
2025-04-23 15:45:04,426 [main] INFO  server.RaftServer (RaftServerProxy.java:startImpl(407)) - omNode-1: start RPC server
2025-04-23 15:45:04,426 [main] INFO  server.GrpcService (GrpcService.java:startImpl(334)) - omNode-1: GrpcService started, listening on 15009
2025-04-23 15:45:04,427 [main] INFO  om.OzoneManager (OzoneManager.java:getRpcServer(1360)) - Creating RPC Server
2025-04-23 15:45:04,427 [JvmPauseMonitor12] INFO  util.JvmPauseMonitor (JvmPauseMonitor.java:run(146)) - JvmPauseMonitor-omNode-1: Started
2025-04-23 15:45:04,810 [main] INFO  reflections.Reflections (Reflections.java:scan(219)) - Reflections took 383 ms to scan 22 urls, producing 61 keys and 7422 values
2025-04-23 15:45:04,811 [main] INFO  ipc.CallQueueManager (CallQueueManager.java:<init>(93)) - Using callQueue: class java.util.concurrent.LinkedBlockingQueue, queueCapacity: 2000, scheduler: class org.apache.hadoop.ipc.DefaultRpcScheduler, ipcBackoff: false, ipcFailOver: false.
2025-04-23 15:45:04,811 [main] INFO  ipc.Server (Server.java:<init>(1438)) - Listener at localhost:15006
2025-04-23 15:45:04,812 [Socket Reader #1 for port 15006] INFO  ipc.Server (Server.java:run(1474)) - Starting Socket Reader #1 for port 15006
2025-04-23 15:45:04,812 [Socket Reader #2 for port 15006] INFO  ipc.Server (Server.java:run(1474)) - Starting Socket Reader #2 for port 15006
2025-04-23 15:45:04,812 [Socket Reader #3 for port 15006] INFO  ipc.Server (Server.java:run(1474)) - Starting Socket Reader #3 for port 15006
2025-04-23 15:45:04,812 [Socket Reader #4 for port 15006] INFO  ipc.Server (Server.java:run(1474)) - Starting Socket Reader #4 for port 15006
2025-04-23 15:45:04,813 [Socket Reader #5 for port 15006] INFO  ipc.Server (Server.java:run(1474)) - Starting Socket Reader #5 for port 15006
2025-04-23 15:45:04,813 [Socket Reader #6 for port 15006] INFO  ipc.Server (Server.java:run(1474)) - Starting Socket Reader #6 for port 15006
2025-04-23 15:45:04,814 [Socket Reader #7 for port 15006] INFO  ipc.Server (Server.java:run(1474)) - Starting Socket Reader #7 for port 15006
2025-04-23 15:45:04,814 [Socket Reader #8 for port 15006] INFO  ipc.Server (Server.java:run(1474)) - Starting Socket Reader #8 for port 15006
2025-04-23 15:45:04,814 [Socket Reader #9 for port 15006] INFO  ipc.Server (Server.java:run(1474)) - Starting Socket Reader #9 for port 15006
2025-04-23 15:45:04,814 [Socket Reader #10 for port 15006] INFO  ipc.Server (Server.java:run(1474)) - Starting Socket Reader #10 for port 15006
2025-04-23 15:45:04,816 [main] INFO  http.BaseHttpServer (BaseHttpServer.java:newHttpServer2BuilderForOzone(229)) - Starting Web-server for ozoneManager at: http://0.0.0.0:15007
2025-04-23 15:45:04,816 [main] INFO  http.BaseHttpServer (BaseHttpServer.java:<init>(107)) - Hadoop Security Enabled: false Ozone Security Enabled: false Ozone HTTP Security Enabled: false 
2025-04-23 15:45:04,818 [main] WARN  server.AuthenticationFilter (AuthenticationFilter.java:constructSecretProvider(240)) - Unable to initialize FileSignerSecretProvider, falling back to use random secrets. Reason: Could not read signature secret file: /home/runner/hadoop-http-auth-signature-secret
2025-04-23 15:45:04,820 [main] INFO  http.HttpServer2 (HttpServer2.java:addGlobalFilter(1041)) - Added global filter 'safety' (class=org.apache.hadoop.hdds.server.http.HttpServer2$QuotingInputFilter)
2025-04-23 15:45:04,820 [main] INFO  http.HttpServer2 (HttpServer2.java:addFilter(1017)) - Added filter static_user_filter (class=org.apache.hadoop.http.lib.StaticUserWebFilter$StaticUserFilter) to context ozoneManager
2025-04-23 15:45:04,820 [main] INFO  http.HttpServer2 (HttpServer2.java:addFilter(1025)) - Added filter static_user_filter (class=org.apache.hadoop.http.lib.StaticUserWebFilter$StaticUserFilter) to context static
2025-04-23 15:45:04,820 [main] INFO  http.HttpServer2 (HttpServer2.java:addFilter(1025)) - Added filter static_user_filter (class=org.apache.hadoop.http.lib.StaticUserWebFilter$StaticUserFilter) to context logs
2025-04-23 15:45:04,821 [main] INFO  http.BaseHttpServer (BaseHttpServer.java:<init>(195)) - HTTP server of ozoneManager uses base directory /home/runner/work/ozone/ozone/hadoop-ozone/integration-test/target/test-dir/MiniOzoneClusterImpl-5cf50c17-c591-473f-a8c4-88d8665d28d7/omNode-1/webserver
2025-04-23 15:45:04,821 [main] INFO  http.HttpServer2 (HttpServer2.java:bindListener(1241)) - Jetty bound to port 15007
2025-04-23 15:45:04,821 [main] INFO  server.Server (Server.java:doStart(375)) - jetty-9.4.57.v20241219; built: 2025-01-08T21:24:30.412Z; git: df524e6b29271c2e09ba9aea83c18dc9db464a31; jvm 21.0.7+6-LTS
2025-04-23 15:45:04,822 [main] INFO  server.session (DefaultSessionIdManager.java:doStart(334)) - DefaultSessionIdManager workerName=node0
2025-04-23 15:45:04,822 [main] INFO  server.session (DefaultSessionIdManager.java:doStart(339)) - No SessionScavenger set, using defaults
2025-04-23 15:45:04,822 [main] INFO  server.session (HouseKeeper.java:startScavenging(132)) - node0 Scavenging every 660000ms
2025-04-23 15:45:04,823 [main] INFO  handler.ContextHandler (ContextHandler.java:doStart(921)) - Started o.e.j.s.ServletContextHandler@63c1ac2a{logs,/logs,file:///home/runner/work/ozone/ozone/hadoop-ozone/integration-test/target/log,AVAILABLE}
2025-04-23 15:45:04,823 [main] INFO  handler.ContextHandler (ContextHandler.java:doStart(921)) - Started o.e.j.s.ServletContextHandler@19cd9c89{static,/static,file:///home/runner/work/ozone/ozone/hadoop-ozone/integration-test/target/test-classes/webapps/static,AVAILABLE}
2025-04-23 15:45:04,829 [main] INFO  handler.ContextHandler (ContextHandler.java:doStart(921)) - Started o.e.j.w.WebAppContext@2444ae79{ozoneManager,/,file:///home/runner/work/ozone/ozone/hadoop-ozone/integration-test/target/test-classes/webapps/ozoneManager/,AVAILABLE}{file:/home/runner/work/ozone/ozone/hadoop-ozone/integration-test/target/test-classes/webapps/ozoneManager}
2025-04-23 15:45:04,830 [main] INFO  server.AbstractConnector (AbstractConnector.java:doStart(333)) - Started ServerConnector@25de0bc5{HTTP/1.1, (http/1.1)}{0.0.0.0:15007}
2025-04-23 15:45:04,830 [main] INFO  server.Server (Server.java:doStart(415)) - Started @39811ms
2025-04-23 15:45:04,830 [main] WARN  impl.MetricsSystemImpl (MetricsSystemImpl.java:register(279)) - Sink prometheus already exists!
2025-04-23 15:45:04,830 [main] INFO  http.BaseHttpServer (BaseHttpServer.java:updateConnectorAddress(360)) - HTTP server of ozoneManager listening at http://0.0.0.0:15007
2025-04-23 15:45:04,831 [IPC Server Responder] INFO  ipc.Server (Server.java:run(1713)) - IPC Server Responder: starting
2025-04-23 15:45:04,831 [IPC Server listener on 15006] INFO  ipc.Server (Server.java:run(1553)) - IPC Server listener on 15006: starting
2025-04-23 15:45:04,833 [main] INFO  om.OzoneManager (OzoneManager.java:startTrashEmptier(2257)) - Trash Interval set to 0. Files deleted won't move to trash
2025-04-23 15:45:04,833 [main] INFO  om.OzoneManager (OzoneManager.java:restart(1878)) - OzoneManager RPC server is listening at localhost/127.0.0.1:15010
2025-04-23 15:45:04,833 [main] INFO  impl.MetricsSystemImpl (MetricsSystemImpl.java:init(158)) - OzoneManager metrics system started (again)
2025-04-23 15:45:04,845 [main] WARN  server.ServerUtils (ServerUtils.java:getDBPath(297)) - ozone.om.db.dirs is not configured. We recommend adding this setting. Falling back to ozone.metadata.dirs instead.
2025-04-23 15:45:04,885 [main] INFO  om.OzoneManager (OzoneManager.java:instantiateServices(933)) - S3 Multi-Tenancy is disabled
2025-04-23 15:45:04,886 [main] INFO  om.OmSnapshotManager (OmSnapshotManager.java:<init>(180)) - Ozone filesystem snapshot feature is enabled.
2025-04-23 15:45:04,886 [main] WARN  server.ServerUtils (ServerUtils.java:getDBPath(297)) - ozone.om.snapshot.diff.db.dir is not configured. We recommend adding this setting. Falling back to ozone.metadata.dirs instead.
2025-04-23 15:45:04,900 [main] WARN  dropwizard3.Dm3MetricRegistriesImpl (Dm3MetricRegistriesImpl.java:addReporterRegistration(114)) - New reporters are added after registries were created. Some metrics will be missing from the reporter. Please add reporter before adding any new registry.
2025-04-23 15:45:04,900 [main] WARN  dropwizard3.Dm3MetricRegistriesImpl (Dm3MetricRegistriesImpl.java:addReporterRegistration(114)) - New reporters are added after registries were created. Some metrics will be missing from the reporter. Please add reporter before adding any new registry.
2025-04-23 15:45:04,900 [main] WARN  server.ServerUtils (ServerUtils.java:getDefaultRatisDirectory(309)) - Storage directory for Ratis is not configured. It is a good idea to map this to an SSD disk. Falling back to ozone.metadata.dirs
2025-04-23 15:45:04,900 [main] INFO  server.RaftServerConfigKeys (ConfUtils.java:logGet(46)) - raft.server.log.appender.buffer.byte-limit = 4194304 (custom)
2025-04-23 15:45:04,901 [main] INFO  ratis.OzoneManagerRatisServer (OzoneManagerRatisServer.java:<init>(167)) - Instantiating OM Ratis server with groupID: om-service-test1 and peers: localhost:15013, localhost:15017, localhost:15009
2025-04-23 15:45:04,902 [main] INFO  ratis.OzoneManagerStateMachine (OzoneManagerStateMachine.java:loadSnapshotInfoFromDB(611)) - LastAppliedIndex is set from TransactionInfo from OM DB as (t:3, i:32)
2025-04-23 15:45:04,902 [main] INFO  server.RaftServer (ConfUtils.java:logGet(46)) - raft.rpc.type = GRPC (default)
2025-04-23 15:45:04,902 [main] INFO  grpc.GrpcConfigKeys (ConfUtils.java:logFallback(53)) - raft.grpc.admin.host = null (fallback to raft.grpc.server.host)
2025-04-23 15:45:04,902 [main] INFO  grpc.GrpcConfigKeys (ConfUtils.java:logFallback(53)) - raft.grpc.admin.port = 15013 (fallback to raft.grpc.server.port)
2025-04-23 15:45:04,903 [main] INFO  grpc.GrpcConfigKeys (ConfUtils.java:logFallback(53)) - raft.grpc.client.host = null (fallback to raft.grpc.server.host)
2025-04-23 15:45:04,903 [main] INFO  grpc.GrpcConfigKeys (ConfUtils.java:logFallback(53)) - raft.grpc.client.port = 15013 (fallback to raft.grpc.server.port)
2025-04-23 15:45:04,903 [main] INFO  grpc.GrpcConfigKeys (ConfUtils.java:logGet(46)) - raft.grpc.server.host = null (default)
2025-04-23 15:45:04,903 [main] INFO  grpc.GrpcConfigKeys (ConfUtils.java:logGet(46)) - raft.grpc.server.port = 15013 (custom)
2025-04-23 15:45:04,903 [main] INFO  server.GrpcService (ConfUtils.java:logGet(46)) - raft.grpc.message.size.max = 5242880 (custom)
2025-04-23 15:45:04,903 [main] INFO  server.GrpcService (ConfUtils.java:logGet(46)) - raft.grpc.flow.control.window = 1MB (=1048576) (default)
2025-04-23 15:45:04,903 [main] INFO  server.RaftServerConfigKeys (ConfUtils.java:logGet(46)) - raft.server.rpc.request.timeout = 3000ms (default)
2025-04-23 15:45:04,903 [main] INFO  grpc.GrpcConfigKeys (ConfUtils.java:logGet(46)) - raft.grpc.server.heartbeat.channel = true (default)
2025-04-23 15:45:04,903 [main] INFO  server.RaftServerConfigKeys (ConfUtils.java:logGet(46)) - raft.server.log.appender.buffer.byte-limit = 4194304 (custom)
2025-04-23 15:45:04,903 [main] INFO  grpc.GrpcConfigKeys (ConfUtils.java:logGet(46)) - raft.grpc.server.async.request.thread.pool.cached = true (default)
2025-04-23 15:45:04,904 [main] INFO  grpc.GrpcConfigKeys (ConfUtils.java:logGet(46)) - raft.grpc.server.async.request.thread.pool.size = 32 (default)
2025-04-23 15:45:04,904 [main] INFO  impl.DataStreamServerImpl (ConfUtils.java:logGet(46)) - raft.datastream.type = DISABLED (default)
2025-04-23 15:45:04,904 [main] INFO  server.RaftServerConfigKeys (ConfUtils.java:logGet(46)) - raft.server.sleep.deviation.threshold = 300ms (default)
2025-04-23 15:45:04,905 [main] INFO  server.RaftServerConfigKeys (ConfUtils.java:logGet(46)) - raft.server.close.threshold = 60s (default)
2025-04-23 15:45:04,905 [main] INFO  server.RaftServerConfigKeys (ConfUtils.java:logGet(46)) - raft.server.leaderelection.leader.step-down.wait-time = 10s (default)
2025-04-23 15:45:04,905 [main] INFO  server.RaftServerConfigKeys (ConfUtils.java:logGet(46)) - raft.server.storage.dir = [/home/runner/work/ozone/ozone/hadoop-ozone/integration-test/target/test-dir/MiniOzoneClusterImpl-5cf50c17-c591-473f-a8c4-88d8665d28d7/omNode-2/ratis] (custom)
2025-04-23 15:45:04,905 [main] INFO  server.RaftServerConfigKeys (ConfUtils.java:logGet(46)) - raft.server.threadpool.proxy.cached = true (default)
2025-04-23 15:45:04,905 [main] INFO  server.RaftServerConfigKeys (ConfUtils.java:logGet(46)) - raft.server.threadpool.proxy.size = 0 (default)
2025-04-23 15:45:04,905 [omNode-2-impl-thread1] INFO  server.RaftServer (RaftServerProxy.java:initGroupDir(265)) - omNode-2: found a subdirectory /home/runner/work/ozone/ozone/hadoop-ozone/integration-test/target/test-dir/MiniOzoneClusterImpl-5cf50c17-c591-473f-a8c4-88d8665d28d7/omNode-2/ratis/c9bc4cf4-3bc3-3c60-a66b-523986131536
2025-04-23 15:45:04,906 [main] INFO  server.RaftServer (RaftServerProxy.java:addNew(100)) - omNode-2: addNew group-523986131536:[omNode-3|localhost:15017, omNode-1|localhost:15009, omNode-2|localhost:15013] returns group-523986131536:java.util.concurrent.CompletableFuture@10acff2e[Not completed]
2025-04-23 15:45:04,906 [main] INFO  om.OzoneManager (OzoneManager.java:initializeRatisServer(2303)) - OzoneManager Ratis server initialized at port 15013
2025-04-23 15:45:04,906 [main] INFO  ratis.OzoneManagerRatisServer (OzoneManagerRatisServer.java:start(628)) - Starting OzoneManagerRatisServer omNode-2 at port 15013
2025-04-23 15:45:04,906 [omNode-2-groupManagement] INFO  server.RaftServer$Division (RaftServerImpl.java:<init>(255)) - omNode-2: new RaftServerImpl for group-523986131536:[omNode-3|localhost:15017, omNode-1|localhost:15009, omNode-2|localhost:15013] with OzoneManagerStateMachine:uninitialized
2025-04-23 15:45:04,906 [omNode-2-groupManagement] INFO  server.RaftServerConfigKeys (ConfUtils.java:logGet(46)) - raft.server.rpc.timeout.min = 1s (custom)
2025-04-23 15:45:04,906 [omNode-2-groupManagement] INFO  server.RaftServerConfigKeys (ConfUtils.java:logGet(46)) - raft.server.rpc.timeout.max = 1200ms (custom)
2025-04-23 15:45:04,906 [omNode-2-groupManagement] INFO  server.RaftServerConfigKeys (ConfUtils.java:logGet(46)) - raft.server.rpc.sleep.time = 25ms (default)
2025-04-23 15:45:04,906 [omNode-2-groupManagement] INFO  server.RaftServerConfigKeys (ConfUtils.java:logGet(46)) - raft.server.rpc.slowness.timeout = 2s (custom)
2025-04-23 15:45:04,907 [omNode-2-groupManagement] INFO  server.RaftServerConfigKeys (ConfUtils.java:logGet(46)) - raft.server.leaderelection.leader.step-down.wait-time = 10s (default)
2025-04-23 15:45:04,907 [omNode-2-groupManagement] INFO  server.RaftServerConfigKeys (ConfUtils.java:logGet(46)) - raft.server.leaderelection.member.majority-add = false (default)
2025-04-23 15:45:04,907 [omNode-2-groupManagement] INFO  server.RaftServerConfigKeys (ConfUtils.java:logGet(46)) - raft.server.sleep.deviation.threshold = 300ms (default)
2025-04-23 15:45:04,907 [omNode-2-groupManagement] INFO  server.RaftServer$Division (ServerState.java:<init>(114)) - omNode-2@group-523986131536: ConfigurationManager, init=conf: {index: -1, cur=peers:[omNode-3|localhost:15017, omNode-1|localhost:15009, omNode-2|localhost:15013]|listeners:[], old=null}, confs=<EMPTY_MAP>
2025-04-23 15:45:04,907 [omNode-2-groupManagement] INFO  server.RaftServerConfigKeys (ConfUtils.java:logGet(46)) - raft.server.notification.no-leader.timeout = 2s (custom)
2025-04-23 15:45:04,907 [omNode-2-groupManagement] INFO  server.RaftServerConfigKeys (ConfUtils.java:logGet(46)) - raft.server.read.timeout = 10s (default)
2025-04-23 15:45:04,907 [omNode-2-groupManagement] INFO  server.RaftServerConfigKeys (ConfUtils.java:logGet(46)) - raft.server.retrycache.expirytime = 30000ms (custom)
2025-04-23 15:45:04,907 [omNode-2-groupManagement] INFO  server.RaftServerConfigKeys (ConfUtils.java:logGet(46)) - raft.server.retrycache.statistics.expirytime = 100ms (default)
2025-04-23 15:45:04,907 [omNode-2-groupManagement] INFO  server.RaftServerConfigKeys (ConfUtils.java:logGet(46)) - raft.server.read.option = DEFAULT (default)
2025-04-23 15:45:04,907 [omNode-2-groupManagement] INFO  server.RaftServerConfigKeys (ConfUtils.java:logGet(46)) - raft.server.read.read-after-write-consistent.write-index-cache.expiry-time = 60s (default)
2025-04-23 15:45:04,909 [omNode-2-groupManagement] INFO  server.RaftServerConfigKeys (ConfUtils.java:logGet(46)) - raft.server.rpc.request.timeout = 3000ms (default)
2025-04-23 15:45:04,909 [omNode-2-groupManagement] INFO  server.RaftServerConfigKeys (ConfUtils.java:logGet(46)) - raft.server.log.appender.install.snapshot.enabled = false (custom)
2025-04-23 15:45:04,909 [omNode-2-groupManagement] INFO  server.RaftServerConfigKeys (ConfUtils.java:logGet(46)) - raft.server.threadpool.server.cached = true (default)
2025-04-23 15:45:04,909 [omNode-2-groupManagement] INFO  server.RaftServerConfigKeys (ConfUtils.java:logGet(46)) - raft.server.threadpool.server.size = 0 (default)
2025-04-23 15:45:04,909 [omNode-2-groupManagement] INFO  server.RaftServerConfigKeys (ConfUtils.java:logGet(46)) - raft.server.threadpool.client.cached = true (default)
2025-04-23 15:45:04,909 [omNode-2-groupManagement] INFO  server.RaftServerConfigKeys (ConfUtils.java:logGet(46)) - raft.server.threadpool.client.size = 0 (default)
2025-04-23 15:45:04,909 [omNode-2-impl-thread1] INFO  server.RaftServerConfigKeys (ConfUtils.java:logGet(46)) - raft.server.storage.free-space.min = 0MB (=0) (default)
2025-04-23 15:45:04,910 [omNode-2-impl-thread1] INFO  server.RaftServerConfigKeys (ConfUtils.java:logGet(46)) - raft.server.log.corruption.policy = EXCEPTION (default)
2025-04-23 15:45:04,910 [omNode-2-impl-thread1] INFO  server.RaftServerConfigKeys (ConfUtils.java:logGet(46)) - raft.server.storage.dir = [/home/runner/work/ozone/ozone/hadoop-ozone/integration-test/target/test-dir/MiniOzoneClusterImpl-5cf50c17-c591-473f-a8c4-88d8665d28d7/omNode-2/ratis] (custom)
2025-04-23 15:45:04,911 [omNode-2-impl-thread1] INFO  storage.RaftStorageDirectory (RaftStorageDirectoryImpl.java:tryLock(229)) - Lock on /home/runner/work/ozone/ozone/hadoop-ozone/integration-test/target/test-dir/MiniOzoneClusterImpl-5cf50c17-c591-473f-a8c4-88d8665d28d7/omNode-2/ratis/c9bc4cf4-3bc3-3c60-a66b-523986131536/in_use.lock acquired by nodename 129659@fv-az1337-835
2025-04-23 15:45:04,911 [omNode-2-impl-thread1] INFO  storage.RaftStorage (RaftStorageImpl.java:analyzeAndRecoverStorage(118)) - Read RaftStorageMetadata{term=3, votedFor=} from /home/runner/work/ozone/ozone/hadoop-ozone/integration-test/target/test-dir/MiniOzoneClusterImpl-5cf50c17-c591-473f-a8c4-88d8665d28d7/omNode-2/ratis/c9bc4cf4-3bc3-3c60-a66b-523986131536/current/raft-meta
2025-04-23 15:45:04,911 [omNode-2-impl-thread1] INFO  server.RaftServer$Division (ServerState.java:setRaftConf(386)) - omNode-2@group-523986131536: set configuration conf: {index: 31, cur=peers:[omNode-3|localhost:15017, omNode-1|localhost:15009, omNode-2|localhost:15013]|listeners:[], old=null}
2025-04-23 15:45:04,911 [omNode-2-impl-thread1] INFO  ratis.OzoneManagerStateMachine (OzoneManagerStateMachine.java:lambda$0(138)) - omNode-2: initialize group-523986131536 with (t:3, i:32)
2025-04-23 15:45:04,911 [omNode-2-impl-thread1] INFO  server.RaftServerConfigKeys (ConfUtils.java:logGet(46)) - raft.server.log.use.memory = false (default)
2025-04-23 15:45:04,911 [omNode-2-impl-thread1] INFO  server.RaftServerConfigKeys (ConfUtils.java:logGet(46)) - raft.server.log.purge.gap = 50 (custom)
2025-04-23 15:45:04,912 [omNode-2-impl-thread1] INFO  server.RaftServerConfigKeys (ConfUtils.java:logGet(46)) - raft.server.log.appender.buffer.byte-limit = 4194304 (custom)
2025-04-23 15:45:04,912 [omNode-2-impl-thread1] INFO  server.RaftServerConfigKeys (ConfUtils.java:logGet(46)) - raft.server.log.statemachine.data.read.timeout = 1000ms (default)
2025-04-23 15:45:04,912 [omNode-2-impl-thread1] INFO  server.RaftServerConfigKeys (ConfUtils.java:logGet(46)) - raft.server.log.purge.preservation.log.num = 0 (default)
2025-04-23 15:45:04,912 [omNode-2-impl-thread1] INFO  server.RaftServerConfigKeys (ConfUtils.java:logGet(46)) - raft.server.log.segment.size.max = 4194304 (custom)
2025-04-23 15:45:04,913 [omNode-2-impl-thread1] INFO  server.RaftServerConfigKeys (ConfUtils.java:logGet(46)) - raft.server.log.segment.cache.num.max = 2 (custom)
2025-04-23 15:45:04,913 [omNode-2-impl-thread1] INFO  server.RaftServerConfigKeys (ConfUtils.java:logGet(46)) - raft.server.log.segment.cache.size.max = 200MB (=209715200) (default)
2025-04-23 15:45:04,913 [omNode-2-impl-thread1] INFO  server.RaftServerConfigKeys (ConfUtils.java:logGet(46)) - raft.server.log.appender.buffer.byte-limit = 4194304 (custom)
2025-04-23 15:45:04,913 [omNode-2-impl-thread1] INFO  util.AwaitToRun (AwaitToRun.java:start(81)) - Thread[#1949,omNode-2@group-523986131536-cacheEviction-AwaitToRun,5,main] started
2025-04-23 15:45:04,913 [omNode-2-impl-thread1] INFO  segmented.SegmentedRaftLogWorker (SegmentedRaftLogWorker.java:<init>(188)) - new omNode-2@group-523986131536-SegmentedRaftLogWorker for RaftStorageImpl:Storage Directory /home/runner/work/ozone/ozone/hadoop-ozone/integration-test/target/test-dir/MiniOzoneClusterImpl-5cf50c17-c591-473f-a8c4-88d8665d28d7/omNode-2/ratis/c9bc4cf4-3bc3-3c60-a66b-523986131536
2025-04-23 15:45:04,913 [omNode-2-impl-thread1] INFO  server.RaftServerConfigKeys (ConfUtils.java:logGet(46)) - raft.server.log.queue.byte-limit = 64MB (=67108864) (default)
2025-04-23 15:45:04,913 [omNode-2-impl-thread1] INFO  server.RaftServerConfigKeys (ConfUtils.java:logGet(46)) - raft.server.log.queue.element-limit = 4096 (default)
2025-04-23 15:45:04,913 [omNode-2-impl-thread1] INFO  server.RaftServerConfigKeys (ConfUtils.java:logGet(46)) - raft.server.log.segment.size.max = 4194304 (custom)
2025-04-23 15:45:04,913 [omNode-2-impl-thread1] INFO  server.RaftServerConfigKeys (ConfUtils.java:logGet(46)) - raft.server.log.preallocated.size = 4194304 (custom)
2025-04-23 15:45:04,913 [omNode-2-impl-thread1] INFO  server.RaftServerConfigKeys (ConfUtils.java:logGet(46)) - raft.server.log.force.sync.num = 128 (default)
2025-04-23 15:45:04,913 [omNode-2-impl-thread1] INFO  server.RaftServerConfigKeys (ConfUtils.java:logGet(46)) - raft.server.log.statemachine.data.sync = true (default)
2025-04-23 15:45:04,913 [omNode-2-impl-thread1] INFO  server.RaftServerConfigKeys (ConfUtils.java:logGet(46)) - raft.server.log.statemachine.data.sync.timeout = 10s (default)
2025-04-23 15:45:04,913 [omNode-2-impl-thread1] INFO  server.RaftServerConfigKeys (ConfUtils.java:logGet(46)) - raft.server.log.statemachine.data.sync.timeout.retry = -1 (default)
2025-04-23 15:45:04,914 [omNode-2-impl-thread1] INFO  server.RaftServerConfigKeys (ConfUtils.java:logGet(46)) - raft.server.log.write.buffer.size = 4194312 (custom)
2025-04-23 15:45:04,915 [omNode-2-impl-thread1] INFO  server.RaftServerConfigKeys (ConfUtils.java:logGet(46)) - raft.server.log.appender.buffer.byte-limit = 4194304 (custom)
2025-04-23 15:45:04,916 [omNode-2-impl-thread1] INFO  server.RaftServerConfigKeys (ConfUtils.java:logGet(46)) - raft.server.log.unsafe-flush.enabled = false (default)
2025-04-23 15:45:04,916 [omNode-2-impl-thread1] INFO  server.RaftServerConfigKeys (ConfUtils.java:logGet(46)) - raft.server.log.async-flush.enabled = false (default)
2025-04-23 15:45:04,916 [omNode-2-impl-thread1] INFO  server.RaftServerConfigKeys (ConfUtils.java:logGet(46)) - raft.server.log.statemachine.data.caching.enabled = false (default)
2025-04-23 15:45:04,916 [omNode-2-impl-thread1] INFO  server.RaftServer$Division (ServerState.java:setRaftConf(386)) - omNode-2@group-523986131536: set configuration conf: {index: 0, cur=peers:[omNode-3|localhost:15017, omNode-1|localhost:15009, omNode-2|localhost:15013]|listeners:[], old=null}
2025-04-23 15:45:04,917 [omNode-2-impl-thread1] INFO  segmented.LogSegment (LogSegment.java:loadSegment(171)) - Successfully read 21 entries from segment file /home/runner/work/ozone/ozone/hadoop-ozone/integration-test/target/test-dir/MiniOzoneClusterImpl-5cf50c17-c591-473f-a8c4-88d8665d28d7/omNode-2/ratis/c9bc4cf4-3bc3-3c60-a66b-523986131536/current/log_0-20
2025-04-23 15:45:04,917 [omNode-2-impl-thread1] INFO  server.RaftServer$Division (ServerState.java:setRaftConf(386)) - omNode-2@group-523986131536: set configuration conf: {index: 21, cur=peers:[omNode-3|localhost:15017, omNode-1|localhost:15009, omNode-2|localhost:15013]|listeners:[], old=null}
2025-04-23 15:45:04,917 [omNode-2-impl-thread1] INFO  segmented.LogSegment (LogSegment.java:loadSegment(171)) - Successfully read 10 entries from segment file /home/runner/work/ozone/ozone/hadoop-ozone/integration-test/target/test-dir/MiniOzoneClusterImpl-5cf50c17-c591-473f-a8c4-88d8665d28d7/omNode-2/ratis/c9bc4cf4-3bc3-3c60-a66b-523986131536/current/log_21-30
2025-04-23 15:45:04,918 [omNode-2-impl-thread1] INFO  server.RaftServer$Division (ServerState.java:setRaftConf(386)) - omNode-2@group-523986131536: set configuration conf: {index: 31, cur=peers:[omNode-3|localhost:15017, omNode-1|localhost:15009, omNode-2|localhost:15013]|listeners:[], old=null}
2025-04-23 15:45:04,918 [omNode-2-impl-thread1] INFO  segmented.LogSegment (LogSegment.java:loadSegment(171)) - Successfully read 2 entries from segment file /home/runner/work/ozone/ozone/hadoop-ozone/integration-test/target/test-dir/MiniOzoneClusterImpl-5cf50c17-c591-473f-a8c4-88d8665d28d7/omNode-2/ratis/c9bc4cf4-3bc3-3c60-a66b-523986131536/current/log_inprogress_31
2025-04-23 15:45:04,918 [omNode-2-impl-thread1] INFO  segmented.SegmentedRaftLogWorker (SegmentedRaftLogWorker.java:lambda$new$0(139)) - omNode-2@group-523986131536-SegmentedRaftLogWorker: flushIndex: setUnconditionally 0 -> 32
2025-04-23 15:45:04,918 [omNode-2-impl-thread1] INFO  segmented.SegmentedRaftLogWorker (SegmentedRaftLogWorker.java:lambda$new$0(139)) - omNode-2@group-523986131536-SegmentedRaftLogWorker: safeCacheEvictIndex: setUnconditionally 0 -> 30
2025-04-23 15:45:04,918 [omNode-2-impl-thread1] INFO  segmented.BufferedWriteChannel (BufferedWriteChannel.java:open(61)) - open log_inprogress_31 (append) at position 125
2025-04-23 15:45:04,918 [omNode-2-impl-thread1] INFO  server.RaftServer$Division (RaftServerImpl.java:start(391)) - omNode-2@group-523986131536: start as a follower, conf=conf: {index: 31, cur=peers:[omNode-3|localhost:15017, omNode-1|localhost:15009, omNode-2|localhost:15013]|listeners:[], old=null}
2025-04-23 15:45:04,918 [omNode-2-impl-thread1] INFO  server.RaftServer$Division (RaftServerImpl.java:setRole(378)) - omNode-2@group-523986131536: changes role from      null to FOLLOWER at term 3 for startAsFollower
2025-04-23 15:45:04,919 [omNode-2-impl-thread1] INFO  impl.RoleInfo (RoleInfo.java:updateAndGet(148)) - omNode-2: start omNode-2@group-523986131536-FollowerState
2025-04-23 15:45:04,919 [omNode-2-impl-thread1] INFO  util.JmxRegister (JmxRegister.java:tryRegister(44)) - Successfully registered JMX Bean with object name Ratis:service=RaftServer,group=group-523986131536,id=omNode-2
2025-04-23 15:45:04,919 [omNode-2-impl-thread1] INFO  util.JmxRegister (JmxRegister.java:register(58)) - register mxBean class org.apache.ratis.server.impl.RaftServerJmxAdapter as Ratis:service=RaftServer,group=group-523986131536,id=omNode-2
2025-04-23 15:45:04,919 [omNode-2@group-523986131536-FollowerState] INFO  server.RaftServerConfigKeys (ConfUtils.java:logFallback(53)) - raft.server.rpc.first-election.timeout.min = 1s (fallback to raft.server.rpc.timeout.min)
2025-04-23 15:45:04,919 [omNode-2-impl-thread1] INFO  server.RaftServerConfigKeys (ConfUtils.java:logGet(46)) - raft.server.snapshot.trigger-when-stop.enabled = true (default)
2025-04-23 15:45:04,919 [omNode-2@group-523986131536-FollowerState] INFO  server.RaftServerConfigKeys (ConfUtils.java:logFallback(53)) - raft.server.rpc.first-election.timeout.max = 1200ms (fallback to raft.server.rpc.timeout.max)
2025-04-23 15:45:04,919 [omNode-2-impl-thread1] INFO  server.RaftServerConfigKeys (ConfUtils.java:logGet(46)) - raft.server.snapshot.trigger-when-remove.enabled = true (default)
2025-04-23 15:45:04,919 [omNode-2-impl-thread1] INFO  server.RaftServerConfigKeys (ConfUtils.java:logGet(46)) - raft.server.snapshot.auto.trigger.enabled = true (custom)
2025-04-23 15:45:04,919 [omNode-2-impl-thread1] INFO  server.RaftServerConfigKeys (ConfUtils.java:logGet(46)) - raft.server.snapshot.auto.trigger.threshold = 50 (custom)
2025-04-23 15:45:04,919 [omNode-2-impl-thread1] INFO  server.RaftServerConfigKeys (ConfUtils.java:logGet(46)) - raft.server.snapshot.retention.file.num = -1 (default)
2025-04-23 15:45:04,919 [omNode-2-impl-thread1] INFO  server.RaftServerConfigKeys (ConfUtils.java:logGet(46)) - raft.server.log.purge.upto.snapshot.index = true (custom)
2025-04-23 15:45:04,920 [omNode-2-impl-thread1] INFO  server.RaftServer$Division (RaftServerImpl.java:start(405)) - omNode-2@group-523986131536: Successfully started.
2025-04-23 15:45:04,920 [main] INFO  server.RaftServer (RaftServerProxy.java:startImpl(407)) - omNode-2: start RPC server
2025-04-23 15:45:04,921 [main] INFO  server.GrpcService (GrpcService.java:startImpl(334)) - omNode-2: GrpcService started, listening on 15013
2025-04-23 15:45:04,921 [JvmPauseMonitor13] INFO  util.JvmPauseMonitor (JvmPauseMonitor.java:run(146)) - JvmPauseMonitor-omNode-2: Started
2025-04-23 15:45:04,921 [main] INFO  om.OzoneManager (OzoneManager.java:getRpcServer(1360)) - Creating RPC Server
2025-04-23 15:45:04,998 [omNode-3@group-523986131536-FollowerState] INFO  impl.FollowerState (FollowerState.java:runImpl(161)) - omNode-3@group-523986131536-FollowerState: change to CANDIDATE, lastRpcElapsedTime:1108208640ns, electionTimeout:1105ms
2025-04-23 15:45:04,998 [omNode-3@group-523986131536-FollowerState] INFO  impl.RoleInfo (RoleInfo.java:shutdownFollowerState(121)) - omNode-3: shutdown omNode-3@group-523986131536-FollowerState
2025-04-23 15:45:04,998 [omNode-3@group-523986131536-FollowerState] INFO  server.RaftServer$Division (RaftServerImpl.java:setRole(378)) - omNode-3@group-523986131536: changes role from  FOLLOWER to CANDIDATE at term 3 for changeToCandidate
2025-04-23 15:45:04,998 [omNode-3@group-523986131536-FollowerState] INFO  server.RaftServerConfigKeys (ConfUtils.java:logGet(46)) - raft.server.leaderelection.pre-vote = true (default)
2025-04-23 15:45:04,998 [omNode-3@group-523986131536-FollowerState] INFO  impl.RoleInfo (RoleInfo.java:updateAndGet(148)) - omNode-3: start omNode-3@group-523986131536-LeaderElection12
2025-04-23 15:45:04,999 [omNode-3@group-523986131536-LeaderElection12] INFO  impl.LeaderElection (LeaderElection.java:askForVotes(332)) - omNode-3@group-523986131536-LeaderElection12 PRE_VOTE round 0: submit vote requests at term 3 for conf: {index: 31, cur=peers:[omNode-3|localhost:15017, omNode-1|localhost:15009, omNode-2|localhost:15013]|listeners:[], old=null}
2025-04-23 15:45:05,001 [omNode-3@group-523986131536-LeaderElection12-1] INFO  server.GrpcServerProtocolClient (GrpcServerProtocolClient.java:<init>(65)) - Build channel for omNode-1|localhost:15009
2025-04-23 15:45:05,005 [omNode-3@group-523986131536-LeaderElection12] INFO  server.RaftServerConfigKeys (ConfUtils.java:logFallback(53)) - raft.server.rpc.first-election.timeout.min = 1s (fallback to raft.server.rpc.timeout.min)
2025-04-23 15:45:05,006 [omNode-3@group-523986131536-LeaderElection12] INFO  server.RaftServerConfigKeys (ConfUtils.java:logFallback(53)) - raft.server.rpc.first-election.timeout.max = 1200ms (fallback to raft.server.rpc.timeout.max)
2025-04-23 15:45:05,006 [omNode-3@group-523986131536-LeaderElection12-2] INFO  server.GrpcServerProtocolClient (GrpcServerProtocolClient.java:<init>(65)) - Build channel for omNode-2|localhost:15013
2025-04-23 15:45:05,019 [grpc-default-executor-2] INFO  server.RaftServer$Division (RaftServerImpl.java:requestVote(1407)) - omNode-1@group-523986131536: receive requestVote(PRE_VOTE, omNode-3, group-523986131536, 3, (t:3, i:32))
2025-04-23 15:45:05,020 [grpc-default-executor-3] INFO  server.RaftServer$Division (RaftServerImpl.java:requestVote(1407)) - omNode-2@group-523986131536: receive requestVote(PRE_VOTE, omNode-3, group-523986131536, 3, (t:3, i:32))
2025-04-23 15:45:05,023 [grpc-default-executor-3] INFO  impl.VoteContext (VoteContext.java:log(49)) - omNode-2@group-523986131536-FOLLOWER: accept PRE_VOTE from omNode-3: our priority 0 <= candidate's priority 0
2025-04-23 15:45:05,023 [grpc-default-executor-3] INFO  server.RaftServer$Division (RaftServerImpl.java:requestVote(1441)) - omNode-2@group-523986131536 replies to PRE_VOTE vote request: omNode-3<-omNode-2#0:OK-t3. Peer's state: omNode-2@group-523986131536:t3, leader=null, voted=, raftlog=Memoized:omNode-2@group-523986131536-SegmentedRaftLog:OPENED:c32:last(t:3, i:32), conf=conf: {index: 31, cur=peers:[omNode-3|localhost:15017, omNode-1|localhost:15009, omNode-2|localhost:15013]|listeners:[], old=null}
2025-04-23 15:45:05,023 [grpc-default-executor-2] INFO  impl.VoteContext (VoteContext.java:log(49)) - omNode-1@group-523986131536-FOLLOWER: accept PRE_VOTE from omNode-3: our priority 0 <= candidate's priority 0
2025-04-23 15:45:05,024 [grpc-default-executor-2] INFO  server.RaftServer$Division (RaftServerImpl.java:requestVote(1441)) - omNode-1@group-523986131536 replies to PRE_VOTE vote request: omNode-3<-omNode-1#0:OK-t3. Peer's state: omNode-1@group-523986131536:t3, leader=null, voted=omNode-3, raftlog=Memoized:omNode-1@group-523986131536-SegmentedRaftLog:OPENED:c32:last(t:3, i:32), conf=conf: {index: 31, cur=peers:[omNode-3|localhost:15017, omNode-1|localhost:15009, omNode-2|localhost:15013]|listeners:[], old=null}
2025-04-23 15:45:05,025 [omNode-3@group-523986131536-LeaderElection12] INFO  impl.LeaderElection (LeaderElection.java:logAndReturn(90)) - omNode-3@group-523986131536-LeaderElection12: PRE_VOTE PASSED received 1 response(s) and 0 exception(s):
2025-04-23 15:45:05,026 [omNode-3@group-523986131536-LeaderElection12] INFO  impl.LeaderElection (LeaderElection.java:logAndReturn(94)) -   Response 0: omNode-3<-omNode-2#0:OK-t3
2025-04-23 15:45:05,026 [omNode-3@group-523986131536-LeaderElection12] INFO  impl.LeaderElection (LeaderElection.java:askForVotes(334)) - omNode-3@group-523986131536-LeaderElection12 PRE_VOTE round 0: result PASSED
2025-04-23 15:45:05,029 [omNode-3@group-523986131536-LeaderElection12] INFO  impl.LeaderElection (LeaderElection.java:askForVotes(332)) - omNode-3@group-523986131536-LeaderElection12 ELECTION round 0: submit vote requests at term 4 for conf: {index: 31, cur=peers:[omNode-3|localhost:15017, omNode-1|localhost:15009, omNode-2|localhost:15013]|listeners:[], old=null}
2025-04-23 15:45:05,032 [omNode-3@group-523986131536-LeaderElection12] INFO  server.RaftServerConfigKeys (ConfUtils.java:logFallback(53)) - raft.server.rpc.first-election.timeout.min = 1s (fallback to raft.server.rpc.timeout.min)
2025-04-23 15:45:05,032 [omNode-3@group-523986131536-LeaderElection12] INFO  server.RaftServerConfigKeys (ConfUtils.java:logFallback(53)) - raft.server.rpc.first-election.timeout.max = 1200ms (fallback to raft.server.rpc.timeout.max)
2025-04-23 15:45:05,035 [grpc-default-executor-2] INFO  server.RaftServer$Division (RaftServerImpl.java:requestVote(1407)) - omNode-2@group-523986131536: receive requestVote(ELECTION, omNode-3, group-523986131536, 4, (t:3, i:32))
2025-04-23 15:45:05,035 [grpc-default-executor-2] INFO  impl.VoteContext (VoteContext.java:log(49)) - omNode-2@group-523986131536-FOLLOWER: accept ELECTION from omNode-3: our priority 0 <= candidate's priority 0
2025-04-23 15:45:05,035 [grpc-default-executor-2] INFO  server.RaftServer$Division (RaftServerImpl.java:setRole(378)) - omNode-2@group-523986131536: changes role from  FOLLOWER to FOLLOWER at term 3 for candidate:omNode-3
2025-04-23 15:45:05,035 [grpc-default-executor-2] INFO  impl.RoleInfo (RoleInfo.java:shutdownFollowerState(121)) - omNode-2: shutdown omNode-2@group-523986131536-FollowerState
2025-04-23 15:45:05,035 [grpc-default-executor-2] INFO  impl.RoleInfo (RoleInfo.java:updateAndGet(148)) - omNode-2: start omNode-2@group-523986131536-FollowerState
2025-04-23 15:45:05,035 [grpc-default-executor-3] INFO  server.RaftServer$Division (RaftServerImpl.java:requestVote(1407)) - omNode-1@group-523986131536: receive requestVote(ELECTION, omNode-3, group-523986131536, 4, (t:3, i:32))
2025-04-23 15:45:05,039 [grpc-default-executor-3] INFO  impl.VoteContext (VoteContext.java:log(49)) - omNode-1@group-523986131536-FOLLOWER: accept ELECTION from omNode-3: our priority 0 <= candidate's priority 0
2025-04-23 15:45:05,039 [grpc-default-executor-3] INFO  server.RaftServer$Division (RaftServerImpl.java:setRole(378)) - omNode-1@group-523986131536: changes role from  FOLLOWER to FOLLOWER at term 3 for candidate:omNode-3
2025-04-23 15:45:05,039 [grpc-default-executor-3] INFO  impl.RoleInfo (RoleInfo.java:shutdownFollowerState(121)) - omNode-1: shutdown omNode-1@group-523986131536-FollowerState
2025-04-23 15:45:05,039 [grpc-default-executor-3] INFO  impl.RoleInfo (RoleInfo.java:updateAndGet(148)) - omNode-1: start omNode-1@group-523986131536-FollowerState
2025-04-23 15:45:05,039 [omNode-2@group-523986131536-FollowerState] INFO  impl.FollowerState (FollowerState.java:runImpl(170)) - omNode-2@group-523986131536-FollowerState was interrupted
2025-04-23 15:45:05,040 [omNode-1@group-523986131536-FollowerState] INFO  impl.FollowerState (FollowerState.java:runImpl(170)) - omNode-1@group-523986131536-FollowerState was interrupted
2025-04-23 15:45:05,040 [grpc-default-executor-2] INFO  server.RaftServer$Division (RaftServerImpl.java:setFirstElection(562)) - omNode-2@group-523986131536: set firstElectionSinceStartup to false for candidate:omNode-3
2025-04-23 15:45:05,041 [grpc-default-executor-3] INFO  server.RaftServer$Division (RaftServerImpl.java:setFirstElection(562)) - omNode-1@group-523986131536: set firstElectionSinceStartup to false for candidate:omNode-3
2025-04-23 15:45:05,042 [grpc-default-executor-3] INFO  server.RaftServer$Division (RaftServerImpl.java:requestVote(1441)) - omNode-1@group-523986131536 replies to ELECTION vote request: omNode-3<-omNode-1#0:OK-t4. Peer's state: omNode-1@group-523986131536:t4, leader=null, voted=omNode-3, raftlog=Memoized:omNode-1@group-523986131536-SegmentedRaftLog:OPENED:c32:last(t:3, i:32), conf=conf: {index: 31, cur=peers:[omNode-3|localhost:15017, omNode-1|localhost:15009, omNode-2|localhost:15013]|listeners:[], old=null}
2025-04-23 15:45:05,044 [grpc-default-executor-2] INFO  server.RaftServer$Division (RaftServerImpl.java:requestVote(1441)) - omNode-2@group-523986131536 replies to ELECTION vote request: omNode-3<-omNode-2#0:OK-t4. Peer's state: omNode-2@group-523986131536:t4, leader=null, voted=omNode-3, raftlog=Memoized:omNode-2@group-523986131536-SegmentedRaftLog:OPENED:c32:last(t:3, i:32), conf=conf: {index: 31, cur=peers:[omNode-3|localhost:15017, omNode-1|localhost:15009, omNode-2|localhost:15013]|listeners:[], old=null}
2025-04-23 15:45:05,044 [omNode-3@group-523986131536-LeaderElection12] INFO  impl.LeaderElection (LeaderElection.java:logAndReturn(90)) - omNode-3@group-523986131536-LeaderElection12: ELECTION PASSED received 1 response(s) and 0 exception(s):
2025-04-23 15:45:05,046 [omNode-3@group-523986131536-LeaderElection12] INFO  impl.LeaderElection (LeaderElection.java:logAndReturn(94)) -   Response 0: omNode-3<-omNode-1#0:OK-t4
2025-04-23 15:45:05,046 [omNode-3@group-523986131536-LeaderElection12] INFO  impl.LeaderElection (LeaderElection.java:askForVotes(334)) - omNode-3@group-523986131536-LeaderElection12 ELECTION round 0: result PASSED
2025-04-23 15:45:05,046 [omNode-3@group-523986131536-LeaderElection12] INFO  impl.RoleInfo (RoleInfo.java:shutdownLeaderElection(141)) - omNode-3: shutdown omNode-3@group-523986131536-LeaderElection12
2025-04-23 15:45:05,046 [omNode-3@group-523986131536-LeaderElection12] INFO  server.RaftServer$Division (RaftServerImpl.java:setRole(378)) - omNode-3@group-523986131536: changes role from CANDIDATE to LEADER at term 4 for changeToLeader
2025-04-23 15:45:05,046 [omNode-3@group-523986131536-LeaderElection12] INFO  server.RaftServerConfigKeys (ConfUtils.java:logGet(46)) - raft.server.staging.catchup.gap = 1000 (default)
2025-04-23 15:45:05,048 [omNode-3@group-523986131536-LeaderElection12] INFO  server.RaftServerConfigKeys (ConfUtils.java:logGet(46)) - raft.server.write.element-limit = 4096 (default)
2025-04-23 15:45:05,048 [omNode-3@group-523986131536-LeaderElection12] INFO  server.RaftServerConfigKeys (ConfUtils.java:logGet(46)) - raft.server.write.byte-limit = 64MB (=67108864) (default)
2025-04-23 15:45:05,048 [omNode-3@group-523986131536-LeaderElection12] INFO  server.RaftServerConfigKeys (ConfUtils.java:logGet(46)) - raft.server.watch.timeout = 10s (default)
2025-04-23 15:45:05,049 [omNode-3@group-523986131536-LeaderElection12] INFO  server.RaftServerConfigKeys (ConfUtils.java:logGet(46)) - raft.server.watch.timeout.denomination = 1s (default)
2025-04-23 15:45:05,049 [omNode-3@group-523986131536-LeaderElection12] INFO  server.RaftServerConfigKeys (ConfUtils.java:logGet(46)) - raft.server.watch.element-limit = 65536 (default)
2025-04-23 15:45:05,064 [omNode-3@group-523986131536-LeaderElection12] INFO  server.RaftServerConfigKeys (ConfUtils.java:logGet(46)) - raft.server.read.leader.lease.enabled = false (default)
2025-04-23 15:45:05,064 [omNode-3@group-523986131536-LeaderElection12] INFO  server.RaftServerConfigKeys (ConfUtils.java:logGet(46)) - raft.server.read.leader.lease.timeout.ratio = 0.9 (default)
2025-04-23 15:45:05,064 [omNode-3@group-523986131536-LeaderElection12] INFO  server.RaftServerConfigKeys (ConfUtils.java:logGet(46)) - raft.server.rpc.timeout.min = 1s (custom)
2025-04-23 15:45:05,064 [omNode-3@group-523986131536-LeaderElection12] INFO  server.RaftServerConfigKeys (ConfUtils.java:logGet(46)) - raft.server.log.log-metadata.enabled = true (default)
2025-04-23 15:45:05,064 [omNode-3@group-523986131536-LeaderElection12] INFO  server.RaftServerConfigKeys (ConfUtils.java:logGet(46)) - raft.server.write.element-limit = 4096 (default)
2025-04-23 15:45:05,064 [omNode-3@group-523986131536-LeaderElection12] INFO  server.RaftServerConfigKeys (ConfUtils.java:logGet(46)) - raft.server.write.follower.gap.ratio.max = -1.0 (default)
2025-04-23 15:45:05,066 [omNode-3@group-523986131536-LeaderElection12] INFO  server.RaftServerConfigKeys (ConfUtils.java:logGet(46)) - raft.server.log.appender.snapshot.chunk.size.max = 16MB (=16777216) (default)
2025-04-23 15:45:05,066 [omNode-3@group-523986131536-LeaderElection12] INFO  server.RaftServerConfigKeys (ConfUtils.java:logGet(46)) - raft.server.log.appender.buffer.byte-limit = 4194304 (custom)
2025-04-23 15:45:05,066 [omNode-3@group-523986131536-LeaderElection12] INFO  server.RaftServerConfigKeys (ConfUtils.java:logGet(46)) - raft.server.log.appender.buffer.element-limit = 1024 (custom)
2025-04-23 15:45:05,066 [omNode-3@group-523986131536-LeaderElection12] INFO  server.RaftServerConfigKeys (ConfUtils.java:logGet(46)) - raft.server.log.appender.wait-time.min = 0ms (custom)
2025-04-23 15:45:05,066 [omNode-3@group-523986131536-LeaderElection12] INFO  grpc.GrpcConfigKeys (ConfUtils.java:logGet(46)) - raft.grpc.server.leader.outstanding.appends.max = 8 (default)
2025-04-23 15:45:05,066 [omNode-3@group-523986131536-LeaderElection12] INFO  server.RaftServerConfigKeys (ConfUtils.java:logGet(46)) - raft.server.rpc.request.timeout = 3000ms (default)
2025-04-23 15:45:05,066 [omNode-3@group-523986131536-LeaderElection12] INFO  grpc.GrpcConfigKeys (ConfUtils.java:logGet(46)) - raft.grpc.server.install_snapshot.request.element-limit = 8 (default)
2025-04-23 15:45:05,066 [omNode-3@group-523986131536-LeaderElection12] INFO  grpc.GrpcConfigKeys (ConfUtils.java:logGet(46)) - raft.grpc.server.install_snapshot.request.timeout = 3000ms (default)
2025-04-23 15:45:05,066 [omNode-3@group-523986131536-LeaderElection12] INFO  grpc.GrpcConfigKeys (ConfUtils.java:logGet(46)) - raft.grpc.server.log-message.batch.duration = 5s (default)
2025-04-23 15:45:05,067 [omNode-3@group-523986131536-LeaderElection12] INFO  server.RaftServerConfigKeys (ConfUtils.java:logGet(46)) - raft.server.log.appender.install.snapshot.enabled = false (custom)
2025-04-23 15:45:05,067 [omNode-3@group-523986131536-LeaderElection12] INFO  grpc.GrpcConfigKeys (ConfUtils.java:logGet(46)) - raft.grpc.server.heartbeat.channel = true (default)
2025-04-23 15:45:05,068 [omNode-3@group-523986131536-LeaderElection12] INFO  server.RaftServerConfigKeys (ConfUtils.java:logGet(46)) - raft.server.log.appender.snapshot.chunk.size.max = 16MB (=16777216) (default)
2025-04-23 15:45:05,068 [omNode-3@group-523986131536-LeaderElection12] INFO  server.RaftServerConfigKeys (ConfUtils.java:logGet(46)) - raft.server.log.appender.buffer.byte-limit = 4194304 (custom)
2025-04-23 15:45:05,068 [omNode-3@group-523986131536-LeaderElection12] INFO  server.RaftServerConfigKeys (ConfUtils.java:logGet(46)) - raft.server.log.appender.buffer.element-limit = 1024 (custom)
2025-04-23 15:45:05,068 [omNode-3@group-523986131536-LeaderElection12] INFO  server.RaftServerConfigKeys (ConfUtils.java:logGet(46)) - raft.server.log.appender.wait-time.min = 0ms (custom)
2025-04-23 15:45:05,068 [omNode-3@group-523986131536-LeaderElection12] INFO  grpc.GrpcConfigKeys (ConfUtils.java:logGet(46)) - raft.grpc.server.leader.outstanding.appends.max = 8 (default)
2025-04-23 15:45:05,068 [omNode-3@group-523986131536-LeaderElection12] INFO  server.RaftServerConfigKeys (ConfUtils.java:logGet(46)) - raft.server.rpc.request.timeout = 3000ms (default)
2025-04-23 15:45:05,068 [omNode-3@group-523986131536-LeaderElection12] INFO  grpc.GrpcConfigKeys (ConfUtils.java:logGet(46)) - raft.grpc.server.install_snapshot.request.element-limit = 8 (default)
2025-04-23 15:45:05,068 [omNode-3@group-523986131536-LeaderElection12] INFO  grpc.GrpcConfigKeys (ConfUtils.java:logGet(46)) - raft.grpc.server.install_snapshot.request.timeout = 3000ms (default)
2025-04-23 15:45:05,069 [omNode-3@group-523986131536-LeaderElection12] INFO  grpc.GrpcConfigKeys (ConfUtils.java:logGet(46)) - raft.grpc.server.log-message.batch.duration = 5s (default)
2025-04-23 15:45:05,069 [omNode-3@group-523986131536-LeaderElection12] INFO  server.RaftServerConfigKeys (ConfUtils.java:logGet(46)) - raft.server.log.appender.install.snapshot.enabled = false (custom)
2025-04-23 15:45:05,069 [omNode-3@group-523986131536-LeaderElection12] INFO  grpc.GrpcConfigKeys (ConfUtils.java:logGet(46)) - raft.grpc.server.heartbeat.channel = true (default)
2025-04-23 15:45:05,069 [omNode-3@group-523986131536-LeaderElection12] INFO  impl.RoleInfo (RoleInfo.java:updateAndGet(148)) - omNode-3: start omNode-3@group-523986131536-LeaderStateImpl
2025-04-23 15:45:05,069 [omNode-3@group-523986131536-LeaderElection12] INFO  server.RaftServer$Division (RaftServerImpl.java:setFirstElection(562)) - omNode-3@group-523986131536: set firstElectionSinceStartup to false for becomeLeader
2025-04-23 15:45:05,070 [omNode-3@group-523986131536-LeaderElection12] INFO  ratis.OzoneManagerStateMachine (OzoneManagerStateMachine.java:notifyLeaderChanged(169)) - omNode-3@group-523986131536: leader changed to omNode-3
2025-04-23 15:45:05,070 [omNode-3@group-523986131536-LeaderElection12] INFO  server.RaftServer$Division (ServerState.java:setLeader(272)) - omNode-3@group-523986131536: change Leader from null to omNode-3 at term 4 for becomeLeader, leader elected after 1189ms
2025-04-23 15:45:05,070 [omNode-3@group-523986131536-LeaderElection12] INFO  segmented.SegmentedRaftLogWorker (SegmentedRaftLogWorker.java:rollLogSegment(443)) - omNode-3@group-523986131536-SegmentedRaftLogWorker: Rolling segment log-31_32 to index:32
2025-04-23 15:45:05,071 [omNode-3@group-523986131536-SegmentedRaftLogWorker] INFO  segmented.SegmentedRaftLogWorker (SegmentedRaftLogWorker.java:execute(601)) - omNode-3@group-523986131536-SegmentedRaftLogWorker: Rolled log segment from /home/runner/work/ozone/ozone/hadoop-ozone/integration-test/target/test-dir/MiniOzoneClusterImpl-5cf50c17-c591-473f-a8c4-88d8665d28d7/omNode-3/ratis/c9bc4cf4-3bc3-3c60-a66b-523986131536/current/log_inprogress_31 to /home/runner/work/ozone/ozone/hadoop-ozone/integration-test/target/test-dir/MiniOzoneClusterImpl-5cf50c17-c591-473f-a8c4-88d8665d28d7/omNode-3/ratis/c9bc4cf4-3bc3-3c60-a66b-523986131536/current/log_31-32
2025-04-23 15:45:05,071 [omNode-3@group-523986131536-SegmentedRaftLogWorker] INFO  segmented.BufferedWriteChannel (BufferedWriteChannel.java:open(61)) - open log_inprogress_33 at position 0
2025-04-23 15:45:05,071 [omNode-3@group-523986131536-LeaderElection12] INFO  server.RaftServer$Division (ServerState.java:setRaftConf(386)) - omNode-3@group-523986131536: set configuration conf: {index: 33, cur=peers:[omNode-3|localhost:15017, omNode-1|localhost:15009, omNode-2|localhost:15013]|listeners:[], old=null}
2025-04-23 15:45:05,082 [omNode-2-server-thread1] INFO  ratis.OzoneManagerStateMachine (OzoneManagerStateMachine.java:notifyLeaderChanged(169)) - omNode-2@group-523986131536: leader changed to omNode-3
2025-04-23 15:45:05,083 [omNode-2-server-thread1] INFO  server.RaftServer$Division (ServerState.java:setLeader(272)) - omNode-2@group-523986131536: change Leader from null to omNode-3 at term 4 for appendEntries, leader elected after 174ms
2025-04-23 15:45:05,083 [omNode-1-server-thread1] INFO  ratis.OzoneManagerStateMachine (OzoneManagerStateMachine.java:notifyLeaderChanged(169)) - omNode-1@group-523986131536: leader changed to omNode-3
2025-04-23 15:45:05,083 [omNode-1-server-thread1] INFO  server.RaftServer$Division (ServerState.java:setLeader(272)) - omNode-1@group-523986131536: change Leader from null to omNode-3 at term 4 for appendEntries, leader elected after 669ms
2025-04-23 15:45:05,084 [omNode-1-server-thread1] INFO  server.RaftServer$Division (ServerState.java:setRaftConf(386)) - omNode-1@group-523986131536: set configuration conf: {index: 33, cur=peers:[omNode-3|localhost:15017, omNode-1|localhost:15009, omNode-2|localhost:15013]|listeners:[], old=null}
2025-04-23 15:45:05,084 [omNode-1-server-thread1] INFO  segmented.SegmentedRaftLogWorker (SegmentedRaftLogWorker.java:rollLogSegment(443)) - omNode-1@group-523986131536-SegmentedRaftLogWorker: Rolling segment log-31_32 to index:32
2025-04-23 15:45:05,084 [omNode-2-server-thread2] INFO  server.RaftServer$Division (ServerState.java:setRaftConf(386)) - omNode-2@group-523986131536: set configuration conf: {index: 33, cur=peers:[omNode-3|localhost:15017, omNode-1|localhost:15009, omNode-2|localhost:15013]|listeners:[], old=null}
2025-04-23 15:45:05,085 [omNode-2-server-thread2] INFO  segmented.SegmentedRaftLogWorker (SegmentedRaftLogWorker.java:rollLogSegment(443)) - omNode-2@group-523986131536-SegmentedRaftLogWorker: Rolling segment log-31_32 to index:32
2025-04-23 15:45:05,085 [omNode-2@group-523986131536-SegmentedRaftLogWorker] INFO  segmented.SegmentedRaftLogWorker (SegmentedRaftLogWorker.java:execute(601)) - omNode-2@group-523986131536-SegmentedRaftLogWorker: Rolled log segment from /home/runner/work/ozone/ozone/hadoop-ozone/integration-test/target/test-dir/MiniOzoneClusterImpl-5cf50c17-c591-473f-a8c4-88d8665d28d7/omNode-2/ratis/c9bc4cf4-3bc3-3c60-a66b-523986131536/current/log_inprogress_31 to /home/runner/work/ozone/ozone/hadoop-ozone/integration-test/target/test-dir/MiniOzoneClusterImpl-5cf50c17-c591-473f-a8c4-88d8665d28d7/omNode-2/ratis/c9bc4cf4-3bc3-3c60-a66b-523986131536/current/log_31-32
2025-04-23 15:45:05,085 [omNode-2@group-523986131536-SegmentedRaftLogWorker] INFO  segmented.BufferedWriteChannel (BufferedWriteChannel.java:open(61)) - open log_inprogress_33 at position 0
2025-04-23 15:45:05,085 [omNode-1@group-523986131536-SegmentedRaftLogWorker] INFO  segmented.SegmentedRaftLogWorker (SegmentedRaftLogWorker.java:execute(601)) - omNode-1@group-523986131536-SegmentedRaftLogWorker: Rolled log segment from /home/runner/work/ozone/ozone/hadoop-ozone/integration-test/target/test-dir/MiniOzoneClusterImpl-5cf50c17-c591-473f-a8c4-88d8665d28d7/omNode-1/ratis/c9bc4cf4-3bc3-3c60-a66b-523986131536/current/log_inprogress_31 to /home/runner/work/ozone/ozone/hadoop-ozone/integration-test/target/test-dir/MiniOzoneClusterImpl-5cf50c17-c591-473f-a8c4-88d8665d28d7/omNode-1/ratis/c9bc4cf4-3bc3-3c60-a66b-523986131536/current/log_31-32
2025-04-23 15:45:05,086 [omNode-1@group-523986131536-SegmentedRaftLogWorker] INFO  segmented.BufferedWriteChannel (BufferedWriteChannel.java:open(61)) - open log_inprogress_33 at position 0
2025-04-23 15:45:05,091 [omNode-3@group-523986131536-SegmentedRaftLogWorker] INFO  segmented.SegmentedRaftLogWorker (SegmentedRaftLogWorker.java:execute(644)) - omNode-3@group-523986131536-SegmentedRaftLogWorker: created new log segment /home/runner/work/ozone/ozone/hadoop-ozone/integration-test/target/test-dir/MiniOzoneClusterImpl-5cf50c17-c591-473f-a8c4-88d8665d28d7/omNode-3/ratis/c9bc4cf4-3bc3-3c60-a66b-523986131536/current/log_inprogress_33
2025-04-23 15:45:05,101 [omNode-1@group-523986131536-SegmentedRaftLogWorker] INFO  segmented.SegmentedRaftLogWorker (SegmentedRaftLogWorker.java:execute(644)) - omNode-1@group-523986131536-SegmentedRaftLogWorker: created new log segment /home/runner/work/ozone/ozone/hadoop-ozone/integration-test/target/test-dir/MiniOzoneClusterImpl-5cf50c17-c591-473f-a8c4-88d8665d28d7/omNode-1/ratis/c9bc4cf4-3bc3-3c60-a66b-523986131536/current/log_inprogress_33
2025-04-23 15:45:05,102 [omNode-2@group-523986131536-SegmentedRaftLogWorker] INFO  segmented.SegmentedRaftLogWorker (SegmentedRaftLogWorker.java:execute(644)) - omNode-2@group-523986131536-SegmentedRaftLogWorker: created new log segment /home/runner/work/ozone/ozone/hadoop-ozone/integration-test/target/test-dir/MiniOzoneClusterImpl-5cf50c17-c591-473f-a8c4-88d8665d28d7/omNode-2/ratis/c9bc4cf4-3bc3-3c60-a66b-523986131536/current/log_inprogress_33
2025-04-23 15:45:05,105 [omNode-3@group-523986131536-StateMachineUpdater] INFO  ratis.OzoneManagerStateMachine (OzoneManagerStateMachine.java:notifyConfigurationChanged(231)) - notifyConfigurationChanged from Ratis: term=4, index=33, New Peer list: omNode-3(localhost:15017), omNode-1(localhost:15009), omNode-2(localhost:15013)
2025-04-23 15:45:05,106 [omNode-3@group-523986131536-StateMachineUpdater] INFO  server.RaftServer$Division (LeaderStateImpl.java:checkStartIndex(313)) - Leader omNode-3@group-523986131536-LeaderStateImpl is ready since appliedIndex == startIndex == 33
2025-04-23 15:45:05,109 [omNode-2@group-523986131536-StateMachineUpdater] INFO  ratis.OzoneManagerStateMachine (OzoneManagerStateMachine.java:notifyConfigurationChanged(231)) - notifyConfigurationChanged from Ratis: term=4, index=33, New Peer list: omNode-3(localhost:15017), omNode-1(localhost:15009), omNode-2(localhost:15013)
2025-04-23 15:45:05,110 [omNode-1@group-523986131536-StateMachineUpdater] INFO  ratis.OzoneManagerStateMachine (OzoneManagerStateMachine.java:notifyConfigurationChanged(231)) - notifyConfigurationChanged from Ratis: term=4, index=33, New Peer list: omNode-3(localhost:15017), omNode-1(localhost:15009), omNode-2(localhost:15013)
2025-04-23 15:45:05,331 [main] INFO  reflections.Reflections (Reflections.java:scan(219)) - Reflections took 409 ms to scan 22 urls, producing 61 keys and 7422 values
2025-04-23 15:45:05,332 [main] INFO  ipc.CallQueueManager (CallQueueManager.java:<init>(93)) - Using callQueue: class java.util.concurrent.LinkedBlockingQueue, queueCapacity: 2000, scheduler: class org.apache.hadoop.ipc.DefaultRpcScheduler, ipcBackoff: false, ipcFailOver: false.
2025-04-23 15:45:05,332 [main] INFO  ipc.Server (Server.java:<init>(1438)) - Listener at localhost:15010
2025-04-23 15:45:05,333 [Socket Reader #1 for port 15010] INFO  ipc.Server (Server.java:run(1474)) - Starting Socket Reader #1 for port 15010
2025-04-23 15:45:05,333 [Socket Reader #2 for port 15010] INFO  ipc.Server (Server.java:run(1474)) - Starting Socket Reader #2 for port 15010
2025-04-23 15:45:05,333 [Socket Reader #3 for port 15010] INFO  ipc.Server (Server.java:run(1474)) - Starting Socket Reader #3 for port 15010
2025-04-23 15:45:05,333 [Socket Reader #4 for port 15010] INFO  ipc.Server (Server.java:run(1474)) - Starting Socket Reader #4 for port 15010
2025-04-23 15:45:05,333 [Socket Reader #5 for port 15010] INFO  ipc.Server (Server.java:run(1474)) - Starting Socket Reader #5 for port 15010
2025-04-23 15:45:05,334 [Socket Reader #6 for port 15010] INFO  ipc.Server (Server.java:run(1474)) - Starting Socket Reader #6 for port 15010
2025-04-23 15:45:05,334 [Socket Reader #7 for port 15010] INFO  ipc.Server (Server.java:run(1474)) - Starting Socket Reader #7 for port 15010
2025-04-23 15:45:05,334 [Socket Reader #8 for port 15010] INFO  ipc.Server (Server.java:run(1474)) - Starting Socket Reader #8 for port 15010
2025-04-23 15:45:05,334 [Socket Reader #9 for port 15010] INFO  ipc.Server (Server.java:run(1474)) - Starting Socket Reader #9 for port 15010
2025-04-23 15:45:05,334 [Socket Reader #10 for port 15010] INFO  ipc.Server (Server.java:run(1474)) - Starting Socket Reader #10 for port 15010
2025-04-23 15:45:05,336 [main] INFO  http.BaseHttpServer (BaseHttpServer.java:newHttpServer2BuilderForOzone(229)) - Starting Web-server for ozoneManager at: http://0.0.0.0:15011
2025-04-23 15:45:05,336 [main] INFO  http.BaseHttpServer (BaseHttpServer.java:<init>(107)) - Hadoop Security Enabled: false Ozone Security Enabled: false Ozone HTTP Security Enabled: false 
2025-04-23 15:45:05,337 [main] WARN  server.AuthenticationFilter (AuthenticationFilter.java:constructSecretProvider(240)) - Unable to initialize FileSignerSecretProvider, falling back to use random secrets. Reason: Could not read signature secret file: /home/runner/hadoop-http-auth-signature-secret
2025-04-23 15:45:05,339 [main] INFO  http.HttpServer2 (HttpServer2.java:addGlobalFilter(1041)) - Added global filter 'safety' (class=org.apache.hadoop.hdds.server.http.HttpServer2$QuotingInputFilter)
2025-04-23 15:45:05,340 [main] INFO  http.HttpServer2 (HttpServer2.java:addFilter(1017)) - Added filter static_user_filter (class=org.apache.hadoop.http.lib.StaticUserWebFilter$StaticUserFilter) to context ozoneManager
2025-04-23 15:45:05,340 [main] INFO  http.HttpServer2 (HttpServer2.java:addFilter(1025)) - Added filter static_user_filter (class=org.apache.hadoop.http.lib.StaticUserWebFilter$StaticUserFilter) to context static
2025-04-23 15:45:05,340 [main] INFO  http.HttpServer2 (HttpServer2.java:addFilter(1025)) - Added filter static_user_filter (class=org.apache.hadoop.http.lib.StaticUserWebFilter$StaticUserFilter) to context logs
2025-04-23 15:45:05,340 [main] INFO  http.BaseHttpServer (BaseHttpServer.java:<init>(195)) - HTTP server of ozoneManager uses base directory /home/runner/work/ozone/ozone/hadoop-ozone/integration-test/target/test-dir/MiniOzoneClusterImpl-5cf50c17-c591-473f-a8c4-88d8665d28d7/omNode-2/webserver
2025-04-23 15:45:05,341 [main] INFO  http.HttpServer2 (HttpServer2.java:bindListener(1241)) - Jetty bound to port 15011
2025-04-23 15:45:05,341 [main] INFO  server.Server (Server.java:doStart(375)) - jetty-9.4.57.v20241219; built: 2025-01-08T21:24:30.412Z; git: df524e6b29271c2e09ba9aea83c18dc9db464a31; jvm 21.0.7+6-LTS
2025-04-23 15:45:05,342 [main] INFO  server.session (DefaultSessionIdManager.java:doStart(334)) - DefaultSessionIdManager workerName=node0
2025-04-23 15:45:05,342 [main] INFO  server.session (DefaultSessionIdManager.java:doStart(339)) - No SessionScavenger set, using defaults
2025-04-23 15:45:05,342 [main] INFO  server.session (HouseKeeper.java:startScavenging(132)) - node0 Scavenging every 660000ms
2025-04-23 15:45:05,343 [main] INFO  handler.ContextHandler (ContextHandler.java:doStart(921)) - Started o.e.j.s.ServletContextHandler@56d12fce{logs,/logs,file:///home/runner/work/ozone/ozone/hadoop-ozone/integration-test/target/log,AVAILABLE}
2025-04-23 15:45:05,344 [main] INFO  handler.ContextHandler (ContextHandler.java:doStart(921)) - Started o.e.j.s.ServletContextHandler@65f00559{static,/static,file:///home/runner/work/ozone/ozone/hadoop-ozone/integration-test/target/test-classes/webapps/static,AVAILABLE}
2025-04-23 15:45:05,350 [main] INFO  handler.ContextHandler (ContextHandler.java:doStart(921)) - Started o.e.j.w.WebAppContext@5db55405{ozoneManager,/,file:///home/runner/work/ozone/ozone/hadoop-ozone/integration-test/target/test-classes/webapps/ozoneManager/,AVAILABLE}{file:/home/runner/work/ozone/ozone/hadoop-ozone/integration-test/target/test-classes/webapps/ozoneManager}
2025-04-23 15:45:05,350 [main] INFO  server.AbstractConnector (AbstractConnector.java:doStart(333)) - Started ServerConnector@e70f3d2{HTTP/1.1, (http/1.1)}{0.0.0.0:15011}
2025-04-23 15:45:05,350 [main] INFO  server.Server (Server.java:doStart(415)) - Started @40332ms
2025-04-23 15:45:05,350 [main] WARN  impl.MetricsSystemImpl (MetricsSystemImpl.java:register(279)) - Sink prometheus already exists!
2025-04-23 15:45:05,350 [main] INFO  http.BaseHttpServer (BaseHttpServer.java:updateConnectorAddress(360)) - HTTP server of ozoneManager listening at http://0.0.0.0:15011
2025-04-23 15:45:05,351 [IPC Server Responder] INFO  ipc.Server (Server.java:run(1713)) - IPC Server Responder: starting
2025-04-23 15:45:05,351 [IPC Server listener on 15010] INFO  ipc.Server (Server.java:run(1553)) - IPC Server listener on 15010: starting
2025-04-23 15:45:05,353 [main] INFO  om.OzoneManager (OzoneManager.java:startTrashEmptier(2257)) - Trash Interval set to 0. Files deleted won't move to trash
]]></system-out>
  </testcase>
  <testcase name="testConf" classname="org.apache.hadoop.ozone.om.TestOzoneManagerHAWithStoppedNodes" time="4.2">
    <system-out><![CDATA[2025-04-23 15:45:05,354 [main] INFO  server.RaftServerConfigKeys (ConfUtils.java:logGet(46)) - raft.server.log.appender.wait-time.min = 0ms (custom)
2025-04-23 15:45:05,355 [main] INFO  om.OzoneManager (OzoneManager.java:stop(2347)) - omNode-3[localhost:15014]: Stopping Ozone Manager
2025-04-23 15:45:05,355 [main] INFO  ipc.Server (Server.java:stop(3697)) - Stopping server on 15014
2025-04-23 15:45:05,357 [IPC Server listener on 15014] INFO  ipc.Server (Server.java:run(1585)) - Stopping IPC Server listener on 15014
2025-04-23 15:45:05,357 [IPC Server Responder] INFO  ipc.Server (Server.java:run(1718)) - Stopping IPC Server Responder
2025-04-23 15:45:05,357 [main] INFO  ratis.OzoneManagerRatisServer (OzoneManagerRatisServer.java:stop(634)) - Stopping org.apache.hadoop.ozone.om.ratis.OzoneManagerRatisServer@4487b1e at port 15017
2025-04-23 15:45:05,358 [main] INFO  server.RaftServer (RaftServerProxy.java:lambda$close$9(417)) - omNode-3: close
2025-04-23 15:45:05,358 [main] INFO  server.GrpcService (GrpcService.java:closeImpl(343)) - omNode-3: shutdown server GrpcServerProtocolService now
2025-04-23 15:45:05,358 [omNode-3-impl-thread1] INFO  server.RaftServer$Division (RaftServerImpl.java:lambda$close$1(513)) - omNode-3@group-523986131536: shutdown
2025-04-23 15:45:05,358 [omNode-3-impl-thread1] INFO  util.JmxRegister (JmxRegister.java:unregister(74)) - Successfully un-registered JMX Bean with object name Ratis:service=RaftServer,group=group-523986131536,id=omNode-3
2025-04-23 15:45:05,358 [omNode-3-impl-thread1] INFO  impl.RoleInfo (RoleInfo.java:shutdownLeaderState(103)) - omNode-3: shutdown omNode-3@group-523986131536-LeaderStateImpl
2025-04-23 15:45:05,358 [omNode-3@group-523986131536->omNode-1-GrpcLogAppender-LogAppenderDaemon] WARN  server.GrpcLogAppender (GrpcLogAppender.java:mayWait(293)) - omNode-3@group-523986131536->omNode-1-GrpcLogAppender: Wait interrupted by java.lang.InterruptedException
2025-04-23 15:45:05,359 [Thread-1611] INFO  server.GrpcServerProtocolClient (GrpcServerProtocolClient.java:close(105)) - omNode-1 Close channels
2025-04-23 15:45:05,359 [omNode-3@group-523986131536->omNode-2-GrpcLogAppender-LogAppenderDaemon] WARN  server.GrpcLogAppender (GrpcLogAppender.java:mayWait(293)) - omNode-3@group-523986131536->omNode-2-GrpcLogAppender: Wait interrupted by java.lang.InterruptedException
2025-04-23 15:45:05,359 [grpc-default-executor-2] INFO  server.GrpcServerProtocolService (GrpcServerProtocolService.java:onCompleted(157)) - omNode-1: Completed APPEND_ENTRIES, lastRequest: omNode-3->omNode-1#2-t4,previous=(t:4, i:33),leaderCommit=33,initializing? false,entries: size=1, first=(t:4, i:34), METADATAENTRY(c:33)
2025-04-23 15:45:05,359 [omNode-3-impl-thread1] INFO  impl.PendingRequests (PendingRequests.java:sendNotLeaderResponses(287)) - omNode-3@group-523986131536-PendingRequests: sendNotLeaderResponses
2025-04-23 15:45:05,360 [grpc-default-executor-5] INFO  server.GrpcServerProtocolService (GrpcServerProtocolService.java:onCompleted(157)) - omNode-1: Completed APPEND_ENTRIES, lastRequest: null
2025-04-23 15:45:05,359 [grpc-default-executor-2] INFO  server.GrpcServerProtocolService (GrpcServerProtocolService.java:lambda$onCompleted$5(159)) - omNode-1: Completed APPEND_ENTRIES, lastReply: null
2025-04-23 15:45:05,360 [Thread-1612] INFO  server.GrpcServerProtocolClient (GrpcServerProtocolClient.java:close(105)) - omNode-2 Close channels
2025-04-23 15:45:05,360 [grpc-default-executor-5] INFO  server.GrpcServerProtocolService (GrpcServerProtocolService.java:lambda$onCompleted$5(159)) - omNode-1: Completed APPEND_ENTRIES, lastReply: serverReply {
  requestorId: "omNode-3"
  replyId: "omNode-1"
  raftGroupId {
    id: "\311\274L\364;\303<`\246kR9\206\023\0256"
  }
  success: true
}
term: 4
nextIndex: 34
followerCommit: 32
matchIndex: 18446744073709551615
isHearbeat: true

2025-04-23 15:45:05,361 [grpc-default-executor-5] INFO  server.GrpcServerProtocolService (GrpcServerProtocolService.java:onCompleted(157)) - omNode-2: Completed APPEND_ENTRIES, lastRequest: null
2025-04-23 15:45:05,361 [grpc-default-executor-1] INFO  server.GrpcServerProtocolService (GrpcServerProtocolService.java:onCompleted(157)) - omNode-2: Completed APPEND_ENTRIES, lastRequest: omNode-3->omNode-2#2-t4,previous=(t:4, i:33),leaderCommit=33,initializing? false,entries: size=1, first=(t:4, i:34), METADATAENTRY(c:33)
2025-04-23 15:45:05,361 [grpc-default-executor-1] INFO  server.GrpcServerProtocolService (GrpcServerProtocolService.java:lambda$onCompleted$5(159)) - omNode-2: Completed APPEND_ENTRIES, lastReply: null
2025-04-23 15:45:05,361 [grpc-default-executor-5] INFO  server.GrpcServerProtocolService (GrpcServerProtocolService.java:lambda$onCompleted$5(159)) - omNode-2: Completed APPEND_ENTRIES, lastReply: serverReply {
  requestorId: "omNode-3"
  replyId: "omNode-2"
  raftGroupId {
    id: "\311\274L\364;\303<`\246kR9\206\023\0256"
  }
  success: true
}
term: 4
nextIndex: 34
followerCommit: 32
matchIndex: 18446744073709551615
isHearbeat: true

2025-04-23 15:45:05,360 [omNode-3-impl-thread1] INFO  impl.StateMachineUpdater (StateMachineUpdater.java:stopAndJoin(164)) - omNode-3@group-523986131536-StateMachineUpdater: set stopIndex = 34
2025-04-23 15:45:05,361 [grpc-default-executor-6] INFO  server.GrpcLogAppender (GrpcLogAppender.java:onCompleted(550)) - omNode-3@group-523986131536->omNode-1-AppendLogResponseHandler: follower responses appendEntries COMPLETED
2025-04-23 15:45:05,362 [grpc-default-executor-2] INFO  server.GrpcLogAppender (GrpcLogAppender.java:onCompleted(550)) - omNode-3@group-523986131536->omNode-1-AppendLogResponseHandler: follower responses appendEntries COMPLETED
2025-04-23 15:45:05,362 [grpc-default-executor-2] WARN  server.GrpcLogAppender (GrpcLogAppender.java:resetClient(230)) - omNode-3@group-523986131536->omNode-1-GrpcLogAppender: Failed to getClient for omNode-1
org.apache.ratis.protocol.exceptions.AlreadyClosedException: omNode-3 is already CLOSED
	at org.apache.ratis.util.PeerProxyMap$PeerAndProxy.getProxy(PeerProxyMap.java:67)
	at org.apache.ratis.util.PeerProxyMap.getProxy(PeerProxyMap.java:124)
	at org.apache.ratis.grpc.server.GrpcLogAppender.getClient(GrpcLogAppender.java:200)
	at org.apache.ratis.grpc.server.GrpcLogAppender.resetClient(GrpcLogAppender.java:205)
	at org.apache.ratis.grpc.server.GrpcLogAppender.access$800(GrpcLogAppender.java:64)
	at org.apache.ratis.grpc.server.GrpcLogAppender$AppendLogResponseHandler.onCompleted(GrpcLogAppender.java:551)
	at org.apache.ratis.thirdparty.io.grpc.stub.ClientCalls$StreamObserverToCallListenerAdapter.onClose(ClientCalls.java:479)
	at org.apache.ratis.thirdparty.io.grpc.internal.ClientCallImpl.closeObserver(ClientCallImpl.java:567)
	at org.apache.ratis.thirdparty.io.grpc.internal.ClientCallImpl.access$300(ClientCallImpl.java:71)
	at org.apache.ratis.thirdparty.io.grpc.internal.ClientCallImpl$ClientStreamListenerImpl$1StreamClosed.runInternal(ClientCallImpl.java:735)
	at org.apache.ratis.thirdparty.io.grpc.internal.ClientCallImpl$ClientStreamListenerImpl$1StreamClosed.runInContext(ClientCallImpl.java:716)
	at org.apache.ratis.thirdparty.io.grpc.internal.ContextRunnable.run(ContextRunnable.java:37)
	at org.apache.ratis.thirdparty.io.grpc.internal.SerializingExecutor.run(SerializingExecutor.java:133)
	at java.base/java.util.concurrent.ThreadPoolExecutor.runWorker(ThreadPoolExecutor.java:1144)
	at java.base/java.util.concurrent.ThreadPoolExecutor$Worker.run(ThreadPoolExecutor.java:642)
	at java.base/java.lang.Thread.run(Thread.java:1583)
2025-04-23 15:45:05,362 [grpc-default-executor-1] INFO  server.GrpcLogAppender (GrpcLogAppender.java:onCompleted(550)) - omNode-3@group-523986131536->omNode-2-AppendLogResponseHandler: follower responses appendEntries COMPLETED
2025-04-23 15:45:05,362 [grpc-default-executor-6] WARN  server.GrpcLogAppender (GrpcLogAppender.java:resetClient(230)) - omNode-3@group-523986131536->omNode-1-GrpcLogAppender: Failed to getClient for omNode-1
org.apache.ratis.protocol.exceptions.AlreadyClosedException: omNode-3 is already CLOSED
	at org.apache.ratis.util.PeerProxyMap$PeerAndProxy.getProxy(PeerProxyMap.java:67)
	at org.apache.ratis.util.PeerProxyMap.getProxy(PeerProxyMap.java:124)
	at org.apache.ratis.grpc.server.GrpcLogAppender.getClient(GrpcLogAppender.java:200)
	at org.apache.ratis.grpc.server.GrpcLogAppender.resetClient(GrpcLogAppender.java:205)
	at org.apache.ratis.grpc.server.GrpcLogAppender.access$800(GrpcLogAppender.java:64)
	at org.apache.ratis.grpc.server.GrpcLogAppender$AppendLogResponseHandler.onCompleted(GrpcLogAppender.java:551)
	at org.apache.ratis.thirdparty.io.grpc.stub.ClientCalls$StreamObserverToCallListenerAdapter.onClose(ClientCalls.java:479)
	at org.apache.ratis.thirdparty.io.grpc.internal.DelayedClientCall$DelayedListener$3.run(DelayedClientCall.java:489)
	at org.apache.ratis.thirdparty.io.grpc.internal.DelayedClientCall$DelayedListener.delayOrExecute(DelayedClientCall.java:453)
	at org.apache.ratis.thirdparty.io.grpc.internal.DelayedClientCall$DelayedListener.onClose(DelayedClientCall.java:486)
	at org.apache.ratis.thirdparty.io.grpc.internal.ClientCallImpl.closeObserver(ClientCallImpl.java:567)
	at org.apache.ratis.thirdparty.io.grpc.internal.ClientCallImpl.access$300(ClientCallImpl.java:71)
	at org.apache.ratis.thirdparty.io.grpc.internal.ClientCallImpl$ClientStreamListenerImpl$1StreamClosed.runInternal(ClientCallImpl.java:735)
	at org.apache.ratis.thirdparty.io.grpc.internal.ClientCallImpl$ClientStreamListenerImpl$1StreamClosed.runInContext(ClientCallImpl.java:716)
	at org.apache.ratis.thirdparty.io.grpc.internal.ContextRunnable.run(ContextRunnable.java:37)
	at org.apache.ratis.thirdparty.io.grpc.internal.SerializingExecutor.run(SerializingExecutor.java:133)
	at java.base/java.util.concurrent.ThreadPoolExecutor.runWorker(ThreadPoolExecutor.java:1144)
	at java.base/java.util.concurrent.ThreadPoolExecutor$Worker.run(ThreadPoolExecutor.java:642)
	at java.base/java.lang.Thread.run(Thread.java:1583)
2025-04-23 15:45:05,362 [grpc-default-executor-1] WARN  server.GrpcLogAppender (GrpcLogAppender.java:resetClient(230)) - omNode-3@group-523986131536->omNode-2-GrpcLogAppender: Failed to getClient for omNode-2
org.apache.ratis.protocol.exceptions.AlreadyClosedException: omNode-3 is already CLOSED
	at org.apache.ratis.util.PeerProxyMap$PeerAndProxy.getProxy(PeerProxyMap.java:67)
	at org.apache.ratis.util.PeerProxyMap.getProxy(PeerProxyMap.java:124)
	at org.apache.ratis.grpc.server.GrpcLogAppender.getClient(GrpcLogAppender.java:200)
	at org.apache.ratis.grpc.server.GrpcLogAppender.resetClient(GrpcLogAppender.java:205)
	at org.apache.ratis.grpc.server.GrpcLogAppender.access$800(GrpcLogAppender.java:64)
	at org.apache.ratis.grpc.server.GrpcLogAppender$AppendLogResponseHandler.onCompleted(GrpcLogAppender.java:551)
	at org.apache.ratis.thirdparty.io.grpc.stub.ClientCalls$StreamObserverToCallListenerAdapter.onClose(ClientCalls.java:479)
	at org.apache.ratis.thirdparty.io.grpc.internal.DelayedClientCall$DelayedListener$3.run(DelayedClientCall.java:489)
	at org.apache.ratis.thirdparty.io.grpc.internal.DelayedClientCall$DelayedListener.delayOrExecute(DelayedClientCall.java:453)
	at org.apache.ratis.thirdparty.io.grpc.internal.DelayedClientCall$DelayedListener.onClose(DelayedClientCall.java:486)
	at org.apache.ratis.thirdparty.io.grpc.internal.ClientCallImpl.closeObserver(ClientCallImpl.java:567)
	at org.apache.ratis.thirdparty.io.grpc.internal.ClientCallImpl.access$300(ClientCallImpl.java:71)
	at org.apache.ratis.thirdparty.io.grpc.internal.ClientCallImpl$ClientStreamListenerImpl$1StreamClosed.runInternal(ClientCallImpl.java:735)
	at org.apache.ratis.thirdparty.io.grpc.internal.ClientCallImpl$ClientStreamListenerImpl$1StreamClosed.runInContext(ClientCallImpl.java:716)
	at org.apache.ratis.thirdparty.io.grpc.internal.ContextRunnable.run(ContextRunnable.java:37)
	at org.apache.ratis.thirdparty.io.grpc.internal.SerializingExecutor.run(SerializingExecutor.java:133)
	at java.base/java.util.concurrent.ThreadPoolExecutor.runWorker(ThreadPoolExecutor.java:1144)
	at java.base/java.util.concurrent.ThreadPoolExecutor$Worker.run(ThreadPoolExecutor.java:642)
	at java.base/java.lang.Thread.run(Thread.java:1583)
2025-04-23 15:45:05,362 [grpc-default-executor-2] INFO  server.GrpcLogAppender (GrpcLogAppender.java:onCompleted(550)) - omNode-3@group-523986131536->omNode-2-AppendLogResponseHandler: follower responses appendEntries COMPLETED
2025-04-23 15:45:05,363 [grpc-default-executor-2] WARN  server.GrpcLogAppender (GrpcLogAppender.java:resetClient(230)) - omNode-3@group-523986131536->omNode-2-GrpcLogAppender: Failed to getClient for omNode-2
org.apache.ratis.protocol.exceptions.AlreadyClosedException: omNode-3 is already CLOSED
	at org.apache.ratis.util.PeerProxyMap$PeerAndProxy.getProxy(PeerProxyMap.java:67)
	at org.apache.ratis.util.PeerProxyMap.getProxy(PeerProxyMap.java:124)
	at org.apache.ratis.grpc.server.GrpcLogAppender.getClient(GrpcLogAppender.java:200)
	at org.apache.ratis.grpc.server.GrpcLogAppender.resetClient(GrpcLogAppender.java:205)
	at org.apache.ratis.grpc.server.GrpcLogAppender.access$800(GrpcLogAppender.java:64)
	at org.apache.ratis.grpc.server.GrpcLogAppender$AppendLogResponseHandler.onCompleted(GrpcLogAppender.java:551)
	at org.apache.ratis.thirdparty.io.grpc.stub.ClientCalls$StreamObserverToCallListenerAdapter.onClose(ClientCalls.java:479)
	at org.apache.ratis.thirdparty.io.grpc.internal.ClientCallImpl.closeObserver(ClientCallImpl.java:567)
	at org.apache.ratis.thirdparty.io.grpc.internal.ClientCallImpl.access$300(ClientCallImpl.java:71)
	at org.apache.ratis.thirdparty.io.grpc.internal.ClientCallImpl$ClientStreamListenerImpl$1StreamClosed.runInternal(ClientCallImpl.java:735)
	at org.apache.ratis.thirdparty.io.grpc.internal.ClientCallImpl$ClientStreamListenerImpl$1StreamClosed.runInContext(ClientCallImpl.java:716)
	at org.apache.ratis.thirdparty.io.grpc.internal.ContextRunnable.run(ContextRunnable.java:37)
	at org.apache.ratis.thirdparty.io.grpc.internal.SerializingExecutor.run(SerializingExecutor.java:133)
	at java.base/java.util.concurrent.ThreadPoolExecutor.runWorker(ThreadPoolExecutor.java:1144)
	at java.base/java.util.concurrent.ThreadPoolExecutor$Worker.run(ThreadPoolExecutor.java:642)
	at java.base/java.lang.Thread.run(Thread.java:1583)
2025-04-23 15:45:05,363 [main] INFO  server.GrpcService (GrpcService.java:closeImpl(352)) - omNode-3: shutdown server GrpcServerProtocolService successfully
2025-04-23 15:45:05,367 [omNode-3@group-523986131536-StateMachineUpdater] INFO  ratis.OzoneManagerStateMachine (OzoneManagerStateMachine.java:takeSnapshotImpl(510)) - omNode-3: taking snapshot. applied = (t:4, i:34), skipped = 32, notified = (t:4, i:34), current snapshot index = (t:4, i:34), took 7 ms
2025-04-23 15:45:05,367 [omNode-3@group-523986131536-StateMachineUpdater] INFO  impl.StateMachineUpdater (StateMachineUpdater.java:takeSnapshot(303)) - omNode-3@group-523986131536-StateMachineUpdater: Took a snapshot at index 34
2025-04-23 15:45:05,367 [omNode-3@group-523986131536-StateMachineUpdater] INFO  impl.StateMachineUpdater (StateMachineUpdater.java:lambda$new$0(102)) - omNode-3@group-523986131536-StateMachineUpdater: snapshotIndex: updateIncreasingly 32 -> 34
2025-04-23 15:45:05,367 [omNode-3@group-523986131536-StateMachineUpdater] INFO  impl.StateMachineUpdater (StateMachineUpdater.java:stop(141)) - omNode-3@group-523986131536-StateMachineUpdater: closing OzoneManagerStateMachine, lastApplied=(t:4, i:34)
2025-04-23 15:45:05,367 [omNode-3@group-523986131536-StateMachineUpdater] INFO  ratis.OzoneManagerStateMachine (OzoneManagerStateMachine.java:close(550)) - Stopping OzoneManagerStateMachine:omNode-3:group-523986131536.
2025-04-23 15:45:05,367 [omNode-3@group-523986131536-StateMachineUpdater] INFO  ratis.OzoneManagerDoubleBuffer (OzoneManagerDoubleBuffer.java:stopDaemon(500)) - Stopping OMDoubleBuffer flush thread
2025-04-23 15:45:05,367 [omNode-3-OMDoubleBufferFlushThread] INFO  ratis.OzoneManagerDoubleBuffer (OzoneManagerDoubleBuffer.java:canFlush(559)) - OMDoubleBuffer flush thread omNode-3-OMDoubleBufferFlushThread is interrupted and will exit.
2025-04-23 15:45:05,368 [omNode-3@group-523986131536-cacheEviction-AwaitToRun] INFO  util.AwaitToRun (AwaitToRun.java:run(49)) - omNode-3@group-523986131536-cacheEviction-AwaitToRun-AwaitForSignal is interrupted
2025-04-23 15:45:06,106 [omNode-3-impl-thread1] INFO  segmented.SegmentedRaftLogWorker (SegmentedRaftLogWorker.java:close(252)) - omNode-3@group-523986131536-SegmentedRaftLogWorker close()
2025-04-23 15:45:06,106 [JvmPauseMonitor11] INFO  util.JvmPauseMonitor (JvmPauseMonitor.java:run(152)) - JvmPauseMonitor-omNode-3: Stopped
2025-04-23 15:45:06,107 [main] INFO  utils.BackgroundService (BackgroundService.java:shutdown(161)) - Shutting down service KeyDeletingService
2025-04-23 15:45:06,107 [main] INFO  utils.BackgroundService (BackgroundService.java:shutdown(161)) - Shutting down service DirectoryDeletingService
2025-04-23 15:45:06,108 [main] INFO  utils.BackgroundService (BackgroundService.java:shutdown(161)) - Shutting down service OpenKeyCleanupService
2025-04-23 15:45:06,109 [main] INFO  utils.BackgroundService (BackgroundService.java:shutdown(161)) - Shutting down service SstFilteringService
2025-04-23 15:45:06,109 [main] INFO  utils.BackgroundService (BackgroundService.java:shutdown(161)) - Shutting down service SnapshotDeletingService
2025-04-23 15:45:06,109 [main] INFO  utils.BackgroundService (BackgroundService.java:shutdown(161)) - Shutting down service MultipartUploadCleanupService
2025-04-23 15:45:06,110 [main] INFO  handler.ContextHandler (ContextHandler.java:doStop(1159)) - Stopped o.e.j.w.WebAppContext@701899c9{ozoneManager,/,null,STOPPED}{file:/home/runner/work/ozone/ozone/hadoop-ozone/integration-test/target/test-classes/webapps/ozoneManager}
2025-04-23 15:45:06,110 [main] INFO  server.AbstractConnector (AbstractConnector.java:doStop(383)) - Stopped ServerConnector@3dbf0c0f{HTTP/1.1, (http/1.1)}{0.0.0.0:15015}
2025-04-23 15:45:06,110 [main] INFO  server.session (HouseKeeper.java:stopScavenging(149)) - node0 Stopped scavenging
2025-04-23 15:45:06,111 [main] INFO  handler.ContextHandler (ContextHandler.java:doStop(1159)) - Stopped o.e.j.s.ServletContextHandler@57935a7{static,/static,file:///home/runner/work/ozone/ozone/hadoop-ozone/integration-test/target/test-classes/webapps/static,STOPPED}
2025-04-23 15:45:06,111 [main] INFO  handler.ContextHandler (ContextHandler.java:doStop(1159)) - Stopped o.e.j.s.ServletContextHandler@4f8b0fb7{logs,/logs,file:///home/runner/work/ozone/ozone/hadoop-ozone/integration-test/target/log,STOPPED}
2025-04-23 15:45:06,112 [main] INFO  rocksdiff.RocksDBCheckpointDiffer (RocksDBCheckpointDiffer.java:close(304)) - Shutting down CompactionDagPruningService.
2025-04-23 15:45:06,114 [main] INFO  snapshot.SnapshotDiffManager (SnapshotDiffManager.java:closeExecutorService(1698)) - Shutting down executorService: 'SnapDiffExecutor'
2025-04-23 15:45:06,114 [main] INFO  utils.BackgroundService (BackgroundService.java:shutdown(161)) - Shutting down service SnapshotDiffCleanupService
2025-04-23 15:45:06,115 [main] INFO  om.OzoneManager (OzoneManager.java:stop(2347)) - omNode-1[localhost:15006]: Stopping Ozone Manager
2025-04-23 15:45:06,115 [main] INFO  ipc.Server (Server.java:stop(3697)) - Stopping server on 15006
2025-04-23 15:45:06,118 [IPC Server listener on 15006] INFO  ipc.Server (Server.java:run(1585)) - Stopping IPC Server listener on 15006
2025-04-23 15:45:06,118 [IPC Server Responder] INFO  ipc.Server (Server.java:run(1718)) - Stopping IPC Server Responder
2025-04-23 15:45:06,119 [main] INFO  ratis.OzoneManagerRatisServer (OzoneManagerRatisServer.java:stop(634)) - Stopping org.apache.hadoop.ozone.om.ratis.OzoneManagerRatisServer@387f333e at port 15009
2025-04-23 15:45:06,119 [main] INFO  server.RaftServer (RaftServerProxy.java:lambda$close$9(417)) - omNode-1: close
2025-04-23 15:45:06,119 [main] INFO  server.GrpcService (GrpcService.java:closeImpl(343)) - omNode-1: shutdown server GrpcServerProtocolService now
2025-04-23 15:45:06,119 [omNode-1-impl-thread1] INFO  server.RaftServer$Division (RaftServerImpl.java:lambda$close$1(513)) - omNode-1@group-523986131536: shutdown
2025-04-23 15:45:06,119 [omNode-1-impl-thread1] INFO  util.JmxRegister (JmxRegister.java:unregister(74)) - Successfully un-registered JMX Bean with object name Ratis:service=RaftServer,group=group-523986131536,id=omNode-1
2025-04-23 15:45:06,119 [omNode-1-impl-thread1] INFO  impl.RoleInfo (RoleInfo.java:shutdownFollowerState(121)) - omNode-1: shutdown omNode-1@group-523986131536-FollowerState
2025-04-23 15:45:06,119 [omNode-1-impl-thread1] INFO  impl.StateMachineUpdater (StateMachineUpdater.java:stopAndJoin(164)) - omNode-1@group-523986131536-StateMachineUpdater: set stopIndex = 33
2025-04-23 15:45:06,119 [omNode-1@group-523986131536-FollowerState] INFO  impl.FollowerState (FollowerState.java:runImpl(170)) - omNode-1@group-523986131536-FollowerState was interrupted
2025-04-23 15:45:06,120 [main] INFO  server.GrpcService (GrpcService.java:closeImpl(352)) - omNode-1: shutdown server GrpcServerProtocolService successfully
2025-04-23 15:45:06,125 [omNode-1@group-523986131536-StateMachineUpdater] INFO  ratis.OzoneManagerStateMachine (OzoneManagerStateMachine.java:takeSnapshotImpl(510)) - omNode-1: taking snapshot. applied = (t:4, i:33), skipped = 32, notified = (t:4, i:33), current snapshot index = (t:4, i:33), took 5 ms
2025-04-23 15:45:06,125 [omNode-1@group-523986131536-StateMachineUpdater] INFO  impl.StateMachineUpdater (StateMachineUpdater.java:takeSnapshot(303)) - omNode-1@group-523986131536-StateMachineUpdater: Took a snapshot at index 33
2025-04-23 15:45:06,125 [omNode-1@group-523986131536-StateMachineUpdater] INFO  impl.StateMachineUpdater (StateMachineUpdater.java:lambda$new$0(102)) - omNode-1@group-523986131536-StateMachineUpdater: snapshotIndex: updateIncreasingly 32 -> 33
2025-04-23 15:45:06,125 [omNode-1@group-523986131536-StateMachineUpdater] INFO  impl.StateMachineUpdater (StateMachineUpdater.java:stop(141)) - omNode-1@group-523986131536-StateMachineUpdater: closing OzoneManagerStateMachine, lastApplied=(t:4, i:33)
2025-04-23 15:45:06,125 [omNode-1@group-523986131536-StateMachineUpdater] INFO  ratis.OzoneManagerStateMachine (OzoneManagerStateMachine.java:close(550)) - Stopping OzoneManagerStateMachine:omNode-1:group-523986131536.
2025-04-23 15:45:06,125 [omNode-1@group-523986131536-StateMachineUpdater] INFO  ratis.OzoneManagerDoubleBuffer (OzoneManagerDoubleBuffer.java:stopDaemon(500)) - Stopping OMDoubleBuffer flush thread
2025-04-23 15:45:06,125 [omNode-1-OMDoubleBufferFlushThread] INFO  ratis.OzoneManagerDoubleBuffer (OzoneManagerDoubleBuffer.java:canFlush(559)) - OMDoubleBuffer flush thread omNode-1-OMDoubleBufferFlushThread is interrupted and will exit.
2025-04-23 15:45:06,125 [omNode-1@group-523986131536-cacheEviction-AwaitToRun] INFO  util.AwaitToRun (AwaitToRun.java:run(49)) - omNode-1@group-523986131536-cacheEviction-AwaitToRun-AwaitForSignal is interrupted
2025-04-23 15:45:07,108 [omNode-1-impl-thread1] INFO  segmented.SegmentedRaftLogWorker (SegmentedRaftLogWorker.java:close(252)) - omNode-1@group-523986131536-SegmentedRaftLogWorker close()
2025-04-23 15:45:07,108 [JvmPauseMonitor12] INFO  util.JvmPauseMonitor (JvmPauseMonitor.java:run(152)) - JvmPauseMonitor-omNode-1: Stopped
2025-04-23 15:45:07,108 [main] INFO  utils.BackgroundService (BackgroundService.java:shutdown(161)) - Shutting down service KeyDeletingService
2025-04-23 15:45:07,109 [main] INFO  utils.BackgroundService (BackgroundService.java:shutdown(161)) - Shutting down service DirectoryDeletingService
2025-04-23 15:45:07,110 [main] INFO  utils.BackgroundService (BackgroundService.java:shutdown(161)) - Shutting down service OpenKeyCleanupService
2025-04-23 15:45:07,111 [main] INFO  utils.BackgroundService (BackgroundService.java:shutdown(161)) - Shutting down service SstFilteringService
2025-04-23 15:45:07,111 [main] INFO  utils.BackgroundService (BackgroundService.java:shutdown(161)) - Shutting down service SnapshotDeletingService
2025-04-23 15:45:07,111 [main] INFO  utils.BackgroundService (BackgroundService.java:shutdown(161)) - Shutting down service MultipartUploadCleanupService
2025-04-23 15:45:07,112 [main] INFO  handler.ContextHandler (ContextHandler.java:doStop(1159)) - Stopped o.e.j.w.WebAppContext@2444ae79{ozoneManager,/,null,STOPPED}{file:/home/runner/work/ozone/ozone/hadoop-ozone/integration-test/target/test-classes/webapps/ozoneManager}
2025-04-23 15:45:07,112 [main] INFO  server.AbstractConnector (AbstractConnector.java:doStop(383)) - Stopped ServerConnector@25de0bc5{HTTP/1.1, (http/1.1)}{0.0.0.0:15007}
2025-04-23 15:45:07,113 [main] INFO  server.session (HouseKeeper.java:stopScavenging(149)) - node0 Stopped scavenging
2025-04-23 15:45:07,113 [main] INFO  handler.ContextHandler (ContextHandler.java:doStop(1159)) - Stopped o.e.j.s.ServletContextHandler@19cd9c89{static,/static,file:///home/runner/work/ozone/ozone/hadoop-ozone/integration-test/target/test-classes/webapps/static,STOPPED}
2025-04-23 15:45:07,113 [main] INFO  handler.ContextHandler (ContextHandler.java:doStop(1159)) - Stopped o.e.j.s.ServletContextHandler@63c1ac2a{logs,/logs,file:///home/runner/work/ozone/ozone/hadoop-ozone/integration-test/target/log,STOPPED}
2025-04-23 15:45:07,113 [main] INFO  rocksdiff.RocksDBCheckpointDiffer (RocksDBCheckpointDiffer.java:close(304)) - Shutting down CompactionDagPruningService.
2025-04-23 15:45:07,115 [main] INFO  snapshot.SnapshotDiffManager (SnapshotDiffManager.java:closeExecutorService(1698)) - Shutting down executorService: 'SnapDiffExecutor'
2025-04-23 15:45:07,115 [main] INFO  utils.BackgroundService (BackgroundService.java:shutdown(161)) - Shutting down service SnapshotDiffCleanupService
2025-04-23 15:45:07,116 [main] INFO  om.OzoneManager (OzoneManager.java:stop(2347)) - omNode-2[localhost:15010]: Stopping Ozone Manager
2025-04-23 15:45:07,116 [main] INFO  ipc.Server (Server.java:stop(3697)) - Stopping server on 15010
2025-04-23 15:45:07,119 [IPC Server listener on 15010] INFO  ipc.Server (Server.java:run(1585)) - Stopping IPC Server listener on 15010
2025-04-23 15:45:07,119 [main] INFO  ratis.OzoneManagerRatisServer (OzoneManagerRatisServer.java:stop(634)) - Stopping org.apache.hadoop.ozone.om.ratis.OzoneManagerRatisServer@5eee707 at port 15013
2025-04-23 15:45:07,119 [main] INFO  server.RaftServer (RaftServerProxy.java:lambda$close$9(417)) - omNode-2: close
2025-04-23 15:45:07,119 [main] INFO  server.GrpcService (GrpcService.java:closeImpl(343)) - omNode-2: shutdown server GrpcServerProtocolService now
2025-04-23 15:45:07,120 [IPC Server Responder] INFO  ipc.Server (Server.java:run(1718)) - Stopping IPC Server Responder
2025-04-23 15:45:07,120 [omNode-2-impl-thread1] INFO  server.RaftServer$Division (RaftServerImpl.java:lambda$close$1(513)) - omNode-2@group-523986131536: shutdown
2025-04-23 15:45:07,120 [omNode-2-impl-thread1] INFO  util.JmxRegister (JmxRegister.java:unregister(74)) - Successfully un-registered JMX Bean with object name Ratis:service=RaftServer,group=group-523986131536,id=omNode-2
2025-04-23 15:45:07,120 [omNode-2-impl-thread1] INFO  impl.RoleInfo (RoleInfo.java:shutdownFollowerState(121)) - omNode-2: shutdown omNode-2@group-523986131536-FollowerState
2025-04-23 15:45:07,121 [omNode-2-impl-thread1] INFO  impl.StateMachineUpdater (StateMachineUpdater.java:stopAndJoin(164)) - omNode-2@group-523986131536-StateMachineUpdater: set stopIndex = 33
2025-04-23 15:45:07,121 [omNode-2@group-523986131536-FollowerState] INFO  impl.FollowerState (FollowerState.java:runImpl(170)) - omNode-2@group-523986131536-FollowerState was interrupted
2025-04-23 15:45:07,121 [main] INFO  server.GrpcService (GrpcService.java:closeImpl(352)) - omNode-2: shutdown server GrpcServerProtocolService successfully
2025-04-23 15:45:07,127 [omNode-2@group-523986131536-StateMachineUpdater] INFO  ratis.OzoneManagerStateMachine (OzoneManagerStateMachine.java:takeSnapshotImpl(510)) - omNode-2: taking snapshot. applied = (t:4, i:33), skipped = 32, notified = (t:4, i:33), current snapshot index = (t:4, i:33), took 6 ms
2025-04-23 15:45:07,127 [omNode-2@group-523986131536-StateMachineUpdater] INFO  impl.StateMachineUpdater (StateMachineUpdater.java:takeSnapshot(303)) - omNode-2@group-523986131536-StateMachineUpdater: Took a snapshot at index 33
2025-04-23 15:45:07,127 [omNode-2@group-523986131536-StateMachineUpdater] INFO  impl.StateMachineUpdater (StateMachineUpdater.java:lambda$new$0(102)) - omNode-2@group-523986131536-StateMachineUpdater: snapshotIndex: updateIncreasingly 32 -> 33
2025-04-23 15:45:07,127 [omNode-2@group-523986131536-StateMachineUpdater] INFO  impl.StateMachineUpdater (StateMachineUpdater.java:stop(141)) - omNode-2@group-523986131536-StateMachineUpdater: closing OzoneManagerStateMachine, lastApplied=(t:4, i:33)
2025-04-23 15:45:07,127 [omNode-2@group-523986131536-StateMachineUpdater] INFO  ratis.OzoneManagerStateMachine (OzoneManagerStateMachine.java:close(550)) - Stopping OzoneManagerStateMachine:omNode-2:group-523986131536.
2025-04-23 15:45:07,127 [omNode-2@group-523986131536-StateMachineUpdater] INFO  ratis.OzoneManagerDoubleBuffer (OzoneManagerDoubleBuffer.java:stopDaemon(500)) - Stopping OMDoubleBuffer flush thread
2025-04-23 15:45:07,127 [omNode-2-OMDoubleBufferFlushThread] INFO  ratis.OzoneManagerDoubleBuffer (OzoneManagerDoubleBuffer.java:canFlush(559)) - OMDoubleBuffer flush thread omNode-2-OMDoubleBufferFlushThread is interrupted and will exit.
2025-04-23 15:45:07,127 [omNode-2@group-523986131536-cacheEviction-AwaitToRun] INFO  util.AwaitToRun (AwaitToRun.java:run(49)) - omNode-2@group-523986131536-cacheEviction-AwaitToRun-AwaitForSignal is interrupted
2025-04-23 15:45:08,108 [omNode-2-impl-thread1] INFO  segmented.SegmentedRaftLogWorker (SegmentedRaftLogWorker.java:close(252)) - omNode-2@group-523986131536-SegmentedRaftLogWorker close()
2025-04-23 15:45:08,108 [JvmPauseMonitor13] INFO  util.JvmPauseMonitor (JvmPauseMonitor.java:run(152)) - JvmPauseMonitor-omNode-2: Stopped
2025-04-23 15:45:08,108 [main] INFO  utils.BackgroundService (BackgroundService.java:shutdown(161)) - Shutting down service KeyDeletingService
2025-04-23 15:45:08,109 [main] INFO  utils.BackgroundService (BackgroundService.java:shutdown(161)) - Shutting down service DirectoryDeletingService
2025-04-23 15:45:08,110 [main] INFO  utils.BackgroundService (BackgroundService.java:shutdown(161)) - Shutting down service OpenKeyCleanupService
2025-04-23 15:45:08,110 [main] INFO  utils.BackgroundService (BackgroundService.java:shutdown(161)) - Shutting down service SstFilteringService
2025-04-23 15:45:08,111 [main] INFO  utils.BackgroundService (BackgroundService.java:shutdown(161)) - Shutting down service SnapshotDeletingService
2025-04-23 15:45:08,111 [main] INFO  utils.BackgroundService (BackgroundService.java:shutdown(161)) - Shutting down service MultipartUploadCleanupService
2025-04-23 15:45:08,112 [main] INFO  handler.ContextHandler (ContextHandler.java:doStop(1159)) - Stopped o.e.j.w.WebAppContext@5db55405{ozoneManager,/,null,STOPPED}{file:/home/runner/work/ozone/ozone/hadoop-ozone/integration-test/target/test-classes/webapps/ozoneManager}
2025-04-23 15:45:08,112 [main] INFO  server.AbstractConnector (AbstractConnector.java:doStop(383)) - Stopped ServerConnector@e70f3d2{HTTP/1.1, (http/1.1)}{0.0.0.0:15011}
2025-04-23 15:45:08,113 [main] INFO  server.session (HouseKeeper.java:stopScavenging(149)) - node0 Stopped scavenging
2025-04-23 15:45:08,113 [main] INFO  handler.ContextHandler (ContextHandler.java:doStop(1159)) - Stopped o.e.j.s.ServletContextHandler@65f00559{static,/static,file:///home/runner/work/ozone/ozone/hadoop-ozone/integration-test/target/test-classes/webapps/static,STOPPED}
2025-04-23 15:45:08,113 [main] INFO  handler.ContextHandler (ContextHandler.java:doStop(1159)) - Stopped o.e.j.s.ServletContextHandler@56d12fce{logs,/logs,file:///home/runner/work/ozone/ozone/hadoop-ozone/integration-test/target/log,STOPPED}
2025-04-23 15:45:08,114 [main] INFO  rocksdiff.RocksDBCheckpointDiffer (RocksDBCheckpointDiffer.java:close(304)) - Shutting down CompactionDagPruningService.
2025-04-23 15:45:08,115 [main] INFO  snapshot.SnapshotDiffManager (SnapshotDiffManager.java:closeExecutorService(1698)) - Shutting down executorService: 'SnapDiffExecutor'
2025-04-23 15:45:08,115 [main] INFO  utils.BackgroundService (BackgroundService.java:shutdown(161)) - Shutting down service SnapshotDiffCleanupService
2025-04-23 15:45:08,116 [main] INFO  om.OzoneManager (OzoneManager.java:restart(1878)) - OzoneManager RPC server is listening at localhost/127.0.0.1:15014
2025-04-23 15:45:08,116 [main] INFO  impl.MetricsSystemImpl (MetricsSystemImpl.java:init(158)) - OzoneManager metrics system started (again)
2025-04-23 15:45:08,128 [main] WARN  server.ServerUtils (ServerUtils.java:getDBPath(297)) - ozone.om.db.dirs is not configured. We recommend adding this setting. Falling back to ozone.metadata.dirs instead.
2025-04-23 15:45:08,171 [main] INFO  om.OzoneManager (OzoneManager.java:instantiateServices(933)) - S3 Multi-Tenancy is disabled
2025-04-23 15:45:08,172 [main] INFO  om.OmSnapshotManager (OmSnapshotManager.java:<init>(180)) - Ozone filesystem snapshot feature is enabled.
2025-04-23 15:45:08,172 [main] WARN  server.ServerUtils (ServerUtils.java:getDBPath(297)) - ozone.om.snapshot.diff.db.dir is not configured. We recommend adding this setting. Falling back to ozone.metadata.dirs instead.
2025-04-23 15:45:08,198 [main] WARN  server.ServerUtils (ServerUtils.java:getDefaultRatisDirectory(309)) - Storage directory for Ratis is not configured. It is a good idea to map this to an SSD disk. Falling back to ozone.metadata.dirs
2025-04-23 15:45:08,199 [main] INFO  server.RaftServerConfigKeys (ConfUtils.java:logGet(46)) - raft.server.log.appender.buffer.byte-limit = 4194304 (custom)
2025-04-23 15:45:08,200 [main] INFO  ratis.OzoneManagerRatisServer (OzoneManagerRatisServer.java:<init>(167)) - Instantiating OM Ratis server with groupID: om-service-test1 and peers: localhost:15017, localhost:15009, localhost:15013
2025-04-23 15:45:08,200 [main] INFO  ratis.OzoneManagerStateMachine (OzoneManagerStateMachine.java:loadSnapshotInfoFromDB(611)) - LastAppliedIndex is set from TransactionInfo from OM DB as (t:4, i:34)
2025-04-23 15:45:08,201 [main] INFO  server.RaftServer (ConfUtils.java:logGet(46)) - raft.rpc.type = GRPC (default)
2025-04-23 15:45:08,201 [main] INFO  grpc.GrpcConfigKeys (ConfUtils.java:logFallback(53)) - raft.grpc.admin.host = null (fallback to raft.grpc.server.host)
2025-04-23 15:45:08,201 [main] INFO  grpc.GrpcConfigKeys (ConfUtils.java:logFallback(53)) - raft.grpc.admin.port = 15017 (fallback to raft.grpc.server.port)
2025-04-23 15:45:08,201 [main] INFO  grpc.GrpcConfigKeys (ConfUtils.java:logFallback(53)) - raft.grpc.client.host = null (fallback to raft.grpc.server.host)
2025-04-23 15:45:08,201 [main] INFO  grpc.GrpcConfigKeys (ConfUtils.java:logFallback(53)) - raft.grpc.client.port = 15017 (fallback to raft.grpc.server.port)
2025-04-23 15:45:08,201 [main] INFO  grpc.GrpcConfigKeys (ConfUtils.java:logGet(46)) - raft.grpc.server.host = null (default)
2025-04-23 15:45:08,202 [main] INFO  grpc.GrpcConfigKeys (ConfUtils.java:logGet(46)) - raft.grpc.server.port = 15017 (custom)
2025-04-23 15:45:08,202 [main] INFO  server.GrpcService (ConfUtils.java:logGet(46)) - raft.grpc.message.size.max = 5242880 (custom)
2025-04-23 15:45:08,202 [main] INFO  server.GrpcService (ConfUtils.java:logGet(46)) - raft.grpc.flow.control.window = 1MB (=1048576) (default)
2025-04-23 15:45:08,202 [main] INFO  server.RaftServerConfigKeys (ConfUtils.java:logGet(46)) - raft.server.rpc.request.timeout = 3000ms (default)
2025-04-23 15:45:08,202 [main] INFO  grpc.GrpcConfigKeys (ConfUtils.java:logGet(46)) - raft.grpc.server.heartbeat.channel = true (default)
2025-04-23 15:45:08,202 [main] INFO  server.RaftServerConfigKeys (ConfUtils.java:logGet(46)) - raft.server.log.appender.buffer.byte-limit = 4194304 (custom)
2025-04-23 15:45:08,202 [main] INFO  grpc.GrpcConfigKeys (ConfUtils.java:logGet(46)) - raft.grpc.server.async.request.thread.pool.cached = true (default)
2025-04-23 15:45:08,202 [main] INFO  grpc.GrpcConfigKeys (ConfUtils.java:logGet(46)) - raft.grpc.server.async.request.thread.pool.size = 32 (default)
2025-04-23 15:45:08,203 [main] INFO  impl.DataStreamServerImpl (ConfUtils.java:logGet(46)) - raft.datastream.type = DISABLED (default)
2025-04-23 15:45:08,204 [main] INFO  server.RaftServerConfigKeys (ConfUtils.java:logGet(46)) - raft.server.sleep.deviation.threshold = 300ms (default)
2025-04-23 15:45:08,204 [main] INFO  server.RaftServerConfigKeys (ConfUtils.java:logGet(46)) - raft.server.close.threshold = 60s (default)
2025-04-23 15:45:08,204 [main] INFO  server.RaftServerConfigKeys (ConfUtils.java:logGet(46)) - raft.server.leaderelection.leader.step-down.wait-time = 10s (default)
2025-04-23 15:45:08,204 [main] INFO  server.RaftServerConfigKeys (ConfUtils.java:logGet(46)) - raft.server.storage.dir = [/home/runner/work/ozone/ozone/hadoop-ozone/integration-test/target/test-dir/MiniOzoneClusterImpl-5cf50c17-c591-473f-a8c4-88d8665d28d7/omNode-3/ratis] (custom)
2025-04-23 15:45:08,204 [main] INFO  server.RaftServerConfigKeys (ConfUtils.java:logGet(46)) - raft.server.threadpool.proxy.cached = true (default)
2025-04-23 15:45:08,204 [main] INFO  server.RaftServerConfigKeys (ConfUtils.java:logGet(46)) - raft.server.threadpool.proxy.size = 0 (default)
2025-04-23 15:45:08,205 [omNode-3-impl-thread1] INFO  server.RaftServer (RaftServerProxy.java:initGroupDir(265)) - omNode-3: found a subdirectory /home/runner/work/ozone/ozone/hadoop-ozone/integration-test/target/test-dir/MiniOzoneClusterImpl-5cf50c17-c591-473f-a8c4-88d8665d28d7/omNode-3/ratis/c9bc4cf4-3bc3-3c60-a66b-523986131536
2025-04-23 15:45:08,205 [main] INFO  server.RaftServer (RaftServerProxy.java:addNew(100)) - omNode-3: addNew group-523986131536:[omNode-3|localhost:15017, omNode-1|localhost:15009, omNode-2|localhost:15013] returns group-523986131536:java.util.concurrent.CompletableFuture@1a5135e5[Not completed]
2025-04-23 15:45:08,205 [omNode-3-groupManagement] INFO  server.RaftServer$Division (RaftServerImpl.java:<init>(255)) - omNode-3: new RaftServerImpl for group-523986131536:[omNode-3|localhost:15017, omNode-1|localhost:15009, omNode-2|localhost:15013] with OzoneManagerStateMachine:uninitialized
2025-04-23 15:45:08,205 [main] INFO  om.OzoneManager (OzoneManager.java:initializeRatisServer(2303)) - OzoneManager Ratis server initialized at port 15017
2025-04-23 15:45:08,205 [main] INFO  ratis.OzoneManagerRatisServer (OzoneManagerRatisServer.java:start(628)) - Starting OzoneManagerRatisServer omNode-3 at port 15017
2025-04-23 15:45:08,205 [omNode-3-groupManagement] INFO  server.RaftServerConfigKeys (ConfUtils.java:logGet(46)) - raft.server.rpc.timeout.min = 1s (custom)
2025-04-23 15:45:08,206 [omNode-3-groupManagement] INFO  server.RaftServerConfigKeys (ConfUtils.java:logGet(46)) - raft.server.rpc.timeout.max = 1200ms (custom)
2025-04-23 15:45:08,206 [omNode-3-groupManagement] INFO  server.RaftServerConfigKeys (ConfUtils.java:logGet(46)) - raft.server.rpc.sleep.time = 25ms (default)
2025-04-23 15:45:08,206 [omNode-3-groupManagement] INFO  server.RaftServerConfigKeys (ConfUtils.java:logGet(46)) - raft.server.rpc.slowness.timeout = 2s (custom)
2025-04-23 15:45:08,206 [omNode-3-groupManagement] INFO  server.RaftServerConfigKeys (ConfUtils.java:logGet(46)) - raft.server.leaderelection.leader.step-down.wait-time = 10s (default)
2025-04-23 15:45:08,206 [omNode-3-groupManagement] INFO  server.RaftServerConfigKeys (ConfUtils.java:logGet(46)) - raft.server.leaderelection.member.majority-add = false (default)
2025-04-23 15:45:08,206 [omNode-3-groupManagement] INFO  server.RaftServerConfigKeys (ConfUtils.java:logGet(46)) - raft.server.sleep.deviation.threshold = 300ms (default)
2025-04-23 15:45:08,206 [omNode-3-groupManagement] INFO  server.RaftServer$Division (ServerState.java:<init>(114)) - omNode-3@group-523986131536: ConfigurationManager, init=conf: {index: -1, cur=peers:[omNode-3|localhost:15017, omNode-1|localhost:15009, omNode-2|localhost:15013]|listeners:[], old=null}, confs=<EMPTY_MAP>
2025-04-23 15:45:08,206 [omNode-3-groupManagement] INFO  server.RaftServerConfigKeys (ConfUtils.java:logGet(46)) - raft.server.notification.no-leader.timeout = 2s (custom)
2025-04-23 15:45:08,206 [omNode-3-groupManagement] INFO  server.RaftServerConfigKeys (ConfUtils.java:logGet(46)) - raft.server.read.timeout = 10s (default)
2025-04-23 15:45:08,206 [omNode-3-groupManagement] INFO  server.RaftServerConfigKeys (ConfUtils.java:logGet(46)) - raft.server.retrycache.expirytime = 30000ms (custom)
2025-04-23 15:45:08,206 [omNode-3-groupManagement] INFO  server.RaftServerConfigKeys (ConfUtils.java:logGet(46)) - raft.server.retrycache.statistics.expirytime = 100ms (default)
2025-04-23 15:45:08,206 [omNode-3-groupManagement] INFO  server.RaftServerConfigKeys (ConfUtils.java:logGet(46)) - raft.server.read.option = DEFAULT (default)
2025-04-23 15:45:08,206 [omNode-3-groupManagement] INFO  server.RaftServerConfigKeys (ConfUtils.java:logGet(46)) - raft.server.read.read-after-write-consistent.write-index-cache.expiry-time = 60s (default)
2025-04-23 15:45:08,208 [omNode-3-groupManagement] INFO  server.RaftServerConfigKeys (ConfUtils.java:logGet(46)) - raft.server.rpc.request.timeout = 3000ms (default)
2025-04-23 15:45:08,208 [omNode-3-groupManagement] INFO  server.RaftServerConfigKeys (ConfUtils.java:logGet(46)) - raft.server.log.appender.install.snapshot.enabled = false (custom)
2025-04-23 15:45:08,208 [omNode-3-groupManagement] INFO  server.RaftServerConfigKeys (ConfUtils.java:logGet(46)) - raft.server.threadpool.server.cached = true (default)
2025-04-23 15:45:08,209 [omNode-3-groupManagement] INFO  server.RaftServerConfigKeys (ConfUtils.java:logGet(46)) - raft.server.threadpool.server.size = 0 (default)
2025-04-23 15:45:08,209 [omNode-3-groupManagement] INFO  server.RaftServerConfigKeys (ConfUtils.java:logGet(46)) - raft.server.threadpool.client.cached = true (default)
2025-04-23 15:45:08,209 [omNode-3-groupManagement] INFO  server.RaftServerConfigKeys (ConfUtils.java:logGet(46)) - raft.server.threadpool.client.size = 0 (default)
2025-04-23 15:45:08,209 [omNode-3-impl-thread1] INFO  server.RaftServerConfigKeys (ConfUtils.java:logGet(46)) - raft.server.storage.free-space.min = 0MB (=0) (default)
2025-04-23 15:45:08,209 [omNode-3-impl-thread1] INFO  server.RaftServerConfigKeys (ConfUtils.java:logGet(46)) - raft.server.log.corruption.policy = EXCEPTION (default)
2025-04-23 15:45:08,209 [omNode-3-impl-thread1] INFO  server.RaftServerConfigKeys (ConfUtils.java:logGet(46)) - raft.server.storage.dir = [/home/runner/work/ozone/ozone/hadoop-ozone/integration-test/target/test-dir/MiniOzoneClusterImpl-5cf50c17-c591-473f-a8c4-88d8665d28d7/omNode-3/ratis] (custom)
2025-04-23 15:45:08,210 [omNode-3-impl-thread1] INFO  storage.RaftStorageDirectory (RaftStorageDirectoryImpl.java:tryLock(229)) - Lock on /home/runner/work/ozone/ozone/hadoop-ozone/integration-test/target/test-dir/MiniOzoneClusterImpl-5cf50c17-c591-473f-a8c4-88d8665d28d7/omNode-3/ratis/c9bc4cf4-3bc3-3c60-a66b-523986131536/in_use.lock acquired by nodename 129659@fv-az1337-835
2025-04-23 15:45:08,211 [omNode-3-impl-thread1] INFO  storage.RaftStorage (RaftStorageImpl.java:analyzeAndRecoverStorage(118)) - Read RaftStorageMetadata{term=4, votedFor=omNode-3} from /home/runner/work/ozone/ozone/hadoop-ozone/integration-test/target/test-dir/MiniOzoneClusterImpl-5cf50c17-c591-473f-a8c4-88d8665d28d7/omNode-3/ratis/c9bc4cf4-3bc3-3c60-a66b-523986131536/current/raft-meta
2025-04-23 15:45:08,211 [omNode-3-impl-thread1] INFO  server.RaftServer$Division (ServerState.java:setRaftConf(386)) - omNode-3@group-523986131536: set configuration conf: {index: 33, cur=peers:[omNode-3|localhost:15017, omNode-1|localhost:15009, omNode-2|localhost:15013]|listeners:[], old=null}
2025-04-23 15:45:08,211 [omNode-3-impl-thread1] INFO  ratis.OzoneManagerStateMachine (OzoneManagerStateMachine.java:lambda$0(138)) - omNode-3: initialize group-523986131536 with (t:4, i:34)
2025-04-23 15:45:08,211 [omNode-3-impl-thread1] INFO  server.RaftServerConfigKeys (ConfUtils.java:logGet(46)) - raft.server.log.use.memory = false (default)
2025-04-23 15:45:08,211 [omNode-3-impl-thread1] INFO  server.RaftServerConfigKeys (ConfUtils.java:logGet(46)) - raft.server.log.purge.gap = 50 (custom)
2025-04-23 15:45:08,211 [omNode-3-impl-thread1] INFO  server.RaftServerConfigKeys (ConfUtils.java:logGet(46)) - raft.server.log.appender.buffer.byte-limit = 4194304 (custom)
2025-04-23 15:45:08,211 [omNode-3-impl-thread1] INFO  server.RaftServerConfigKeys (ConfUtils.java:logGet(46)) - raft.server.log.statemachine.data.read.timeout = 1000ms (default)
2025-04-23 15:45:08,211 [omNode-3-impl-thread1] INFO  server.RaftServerConfigKeys (ConfUtils.java:logGet(46)) - raft.server.log.purge.preservation.log.num = 0 (default)
2025-04-23 15:45:08,212 [omNode-3-impl-thread1] INFO  server.RaftServerConfigKeys (ConfUtils.java:logGet(46)) - raft.server.log.segment.size.max = 4194304 (custom)
2025-04-23 15:45:08,212 [omNode-3-impl-thread1] INFO  server.RaftServerConfigKeys (ConfUtils.java:logGet(46)) - raft.server.log.segment.cache.num.max = 2 (custom)
2025-04-23 15:45:08,213 [omNode-3-impl-thread1] INFO  server.RaftServerConfigKeys (ConfUtils.java:logGet(46)) - raft.server.log.segment.cache.size.max = 200MB (=209715200) (default)
2025-04-23 15:45:08,213 [omNode-3-impl-thread1] INFO  server.RaftServerConfigKeys (ConfUtils.java:logGet(46)) - raft.server.log.appender.buffer.byte-limit = 4194304 (custom)
2025-04-23 15:45:08,213 [omNode-3-impl-thread1] INFO  util.AwaitToRun (AwaitToRun.java:start(81)) - Thread[#2100,omNode-3@group-523986131536-cacheEviction-AwaitToRun,5,main] started
2025-04-23 15:45:08,213 [omNode-3-impl-thread1] INFO  segmented.SegmentedRaftLogWorker (SegmentedRaftLogWorker.java:<init>(188)) - new omNode-3@group-523986131536-SegmentedRaftLogWorker for RaftStorageImpl:Storage Directory /home/runner/work/ozone/ozone/hadoop-ozone/integration-test/target/test-dir/MiniOzoneClusterImpl-5cf50c17-c591-473f-a8c4-88d8665d28d7/omNode-3/ratis/c9bc4cf4-3bc3-3c60-a66b-523986131536
2025-04-23 15:45:08,213 [omNode-3-impl-thread1] INFO  server.RaftServerConfigKeys (ConfUtils.java:logGet(46)) - raft.server.log.queue.byte-limit = 64MB (=67108864) (default)
2025-04-23 15:45:08,213 [omNode-3-impl-thread1] INFO  server.RaftServerConfigKeys (ConfUtils.java:logGet(46)) - raft.server.log.queue.element-limit = 4096 (default)
2025-04-23 15:45:08,213 [omNode-3-impl-thread1] INFO  server.RaftServerConfigKeys (ConfUtils.java:logGet(46)) - raft.server.log.segment.size.max = 4194304 (custom)
2025-04-23 15:45:08,213 [omNode-3-impl-thread1] INFO  server.RaftServerConfigKeys (ConfUtils.java:logGet(46)) - raft.server.log.preallocated.size = 4194304 (custom)
2025-04-23 15:45:08,213 [omNode-3-impl-thread1] INFO  server.RaftServerConfigKeys (ConfUtils.java:logGet(46)) - raft.server.log.force.sync.num = 128 (default)
2025-04-23 15:45:08,213 [omNode-3-impl-thread1] INFO  server.RaftServerConfigKeys (ConfUtils.java:logGet(46)) - raft.server.log.statemachine.data.sync = true (default)
2025-04-23 15:45:08,213 [omNode-3-impl-thread1] INFO  server.RaftServerConfigKeys (ConfUtils.java:logGet(46)) - raft.server.log.statemachine.data.sync.timeout = 10s (default)
2025-04-23 15:45:08,213 [omNode-3-impl-thread1] INFO  server.RaftServerConfigKeys (ConfUtils.java:logGet(46)) - raft.server.log.statemachine.data.sync.timeout.retry = -1 (default)
2025-04-23 15:45:08,214 [omNode-3-impl-thread1] INFO  server.RaftServerConfigKeys (ConfUtils.java:logGet(46)) - raft.server.log.write.buffer.size = 4194312 (custom)
2025-04-23 15:45:08,214 [omNode-3-impl-thread1] INFO  server.RaftServerConfigKeys (ConfUtils.java:logGet(46)) - raft.server.log.appender.buffer.byte-limit = 4194304 (custom)
2025-04-23 15:45:08,214 [omNode-3-impl-thread1] INFO  server.RaftServerConfigKeys (ConfUtils.java:logGet(46)) - raft.server.log.unsafe-flush.enabled = false (default)
2025-04-23 15:45:08,214 [omNode-3-impl-thread1] INFO  server.RaftServerConfigKeys (ConfUtils.java:logGet(46)) - raft.server.log.async-flush.enabled = false (default)
2025-04-23 15:45:08,214 [omNode-3-impl-thread1] INFO  server.RaftServerConfigKeys (ConfUtils.java:logGet(46)) - raft.server.log.statemachine.data.caching.enabled = false (default)
2025-04-23 15:45:08,215 [omNode-3-impl-thread1] INFO  server.RaftServer$Division (ServerState.java:setRaftConf(386)) - omNode-3@group-523986131536: set configuration conf: {index: 0, cur=peers:[omNode-3|localhost:15017, omNode-1|localhost:15009, omNode-2|localhost:15013]|listeners:[], old=null}
2025-04-23 15:45:08,216 [omNode-3-impl-thread1] INFO  segmented.LogSegment (LogSegment.java:loadSegment(171)) - Successfully read 21 entries from segment file /home/runner/work/ozone/ozone/hadoop-ozone/integration-test/target/test-dir/MiniOzoneClusterImpl-5cf50c17-c591-473f-a8c4-88d8665d28d7/omNode-3/ratis/c9bc4cf4-3bc3-3c60-a66b-523986131536/current/log_0-20
2025-04-23 15:45:08,216 [omNode-3-impl-thread1] INFO  server.RaftServer$Division (ServerState.java:setRaftConf(386)) - omNode-3@group-523986131536: set configuration conf: {index: 21, cur=peers:[omNode-3|localhost:15017, omNode-1|localhost:15009, omNode-2|localhost:15013]|listeners:[], old=null}
2025-04-23 15:45:08,216 [omNode-3-impl-thread1] INFO  segmented.LogSegment (LogSegment.java:loadSegment(171)) - Successfully read 10 entries from segment file /home/runner/work/ozone/ozone/hadoop-ozone/integration-test/target/test-dir/MiniOzoneClusterImpl-5cf50c17-c591-473f-a8c4-88d8665d28d7/omNode-3/ratis/c9bc4cf4-3bc3-3c60-a66b-523986131536/current/log_21-30
2025-04-23 15:45:08,217 [omNode-3-impl-thread1] INFO  server.RaftServer$Division (ServerState.java:setRaftConf(386)) - omNode-3@group-523986131536: set configuration conf: {index: 31, cur=peers:[omNode-3|localhost:15017, omNode-1|localhost:15009, omNode-2|localhost:15013]|listeners:[], old=null}
2025-04-23 15:45:08,217 [omNode-3-impl-thread1] INFO  segmented.LogSegment (LogSegment.java:loadSegment(171)) - Successfully read 2 entries from segment file /home/runner/work/ozone/ozone/hadoop-ozone/integration-test/target/test-dir/MiniOzoneClusterImpl-5cf50c17-c591-473f-a8c4-88d8665d28d7/omNode-3/ratis/c9bc4cf4-3bc3-3c60-a66b-523986131536/current/log_31-32
2025-04-23 15:45:08,217 [omNode-3-impl-thread1] INFO  server.RaftServer$Division (ServerState.java:setRaftConf(386)) - omNode-3@group-523986131536: set configuration conf: {index: 33, cur=peers:[omNode-3|localhost:15017, omNode-1|localhost:15009, omNode-2|localhost:15013]|listeners:[], old=null}
2025-04-23 15:45:08,217 [omNode-3-impl-thread1] INFO  segmented.LogSegment (LogSegment.java:loadSegment(171)) - Successfully read 2 entries from segment file /home/runner/work/ozone/ozone/hadoop-ozone/integration-test/target/test-dir/MiniOzoneClusterImpl-5cf50c17-c591-473f-a8c4-88d8665d28d7/omNode-3/ratis/c9bc4cf4-3bc3-3c60-a66b-523986131536/current/log_inprogress_33
2025-04-23 15:45:08,217 [omNode-3-impl-thread1] INFO  segmented.SegmentedRaftLogWorker (SegmentedRaftLogWorker.java:lambda$new$0(139)) - omNode-3@group-523986131536-SegmentedRaftLogWorker: flushIndex: setUnconditionally 0 -> 34
2025-04-23 15:45:08,217 [omNode-3-impl-thread1] INFO  segmented.SegmentedRaftLogWorker (SegmentedRaftLogWorker.java:lambda$new$0(139)) - omNode-3@group-523986131536-SegmentedRaftLogWorker: safeCacheEvictIndex: setUnconditionally 0 -> 32
2025-04-23 15:45:08,217 [omNode-3-impl-thread1] INFO  segmented.BufferedWriteChannel (BufferedWriteChannel.java:open(61)) - open log_inprogress_33 (append) at position 125
2025-04-23 15:45:08,218 [omNode-3-impl-thread1] INFO  server.RaftServer$Division (RaftServerImpl.java:start(391)) - omNode-3@group-523986131536: start as a follower, conf=conf: {index: 33, cur=peers:[omNode-3|localhost:15017, omNode-1|localhost:15009, omNode-2|localhost:15013]|listeners:[], old=null}
2025-04-23 15:45:08,218 [omNode-3-impl-thread1] INFO  server.RaftServer$Division (RaftServerImpl.java:setRole(378)) - omNode-3@group-523986131536: changes role from      null to FOLLOWER at term 4 for startAsFollower
2025-04-23 15:45:08,218 [omNode-3-impl-thread1] INFO  impl.RoleInfo (RoleInfo.java:updateAndGet(148)) - omNode-3: start omNode-3@group-523986131536-FollowerState
2025-04-23 15:45:08,218 [omNode-3@group-523986131536-FollowerState] INFO  server.RaftServerConfigKeys (ConfUtils.java:logFallback(53)) - raft.server.rpc.first-election.timeout.min = 1s (fallback to raft.server.rpc.timeout.min)
2025-04-23 15:45:08,218 [omNode-3@group-523986131536-FollowerState] INFO  server.RaftServerConfigKeys (ConfUtils.java:logFallback(53)) - raft.server.rpc.first-election.timeout.max = 1200ms (fallback to raft.server.rpc.timeout.max)
2025-04-23 15:45:08,218 [omNode-3-impl-thread1] INFO  util.JmxRegister (JmxRegister.java:tryRegister(44)) - Successfully registered JMX Bean with object name Ratis:service=RaftServer,group=group-523986131536,id=omNode-3
2025-04-23 15:45:08,218 [omNode-3-impl-thread1] INFO  util.JmxRegister (JmxRegister.java:register(58)) - register mxBean class org.apache.ratis.server.impl.RaftServerJmxAdapter as Ratis:service=RaftServer,group=group-523986131536,id=omNode-3
2025-04-23 15:45:08,218 [omNode-3-impl-thread1] INFO  server.RaftServerConfigKeys (ConfUtils.java:logGet(46)) - raft.server.snapshot.trigger-when-stop.enabled = true (default)
2025-04-23 15:45:08,219 [omNode-3-impl-thread1] INFO  server.RaftServerConfigKeys (ConfUtils.java:logGet(46)) - raft.server.snapshot.trigger-when-remove.enabled = true (default)
2025-04-23 15:45:08,219 [omNode-3-impl-thread1] INFO  server.RaftServerConfigKeys (ConfUtils.java:logGet(46)) - raft.server.snapshot.auto.trigger.enabled = true (custom)
2025-04-23 15:45:08,219 [omNode-3-impl-thread1] INFO  server.RaftServerConfigKeys (ConfUtils.java:logGet(46)) - raft.server.snapshot.auto.trigger.threshold = 50 (custom)
2025-04-23 15:45:08,219 [omNode-3-impl-thread1] INFO  server.RaftServerConfigKeys (ConfUtils.java:logGet(46)) - raft.server.snapshot.retention.file.num = -1 (default)
2025-04-23 15:45:08,219 [omNode-3-impl-thread1] INFO  server.RaftServerConfigKeys (ConfUtils.java:logGet(46)) - raft.server.log.purge.upto.snapshot.index = true (custom)
2025-04-23 15:45:08,219 [omNode-3-impl-thread1] INFO  server.RaftServer$Division (RaftServerImpl.java:start(405)) - omNode-3@group-523986131536: Successfully started.
2025-04-23 15:45:08,219 [main] INFO  server.RaftServer (RaftServerProxy.java:startImpl(407)) - omNode-3: start RPC server
2025-04-23 15:45:08,220 [main] INFO  server.GrpcService (GrpcService.java:startImpl(334)) - omNode-3: GrpcService started, listening on 15017
2025-04-23 15:45:08,221 [main] INFO  om.OzoneManager (OzoneManager.java:getRpcServer(1360)) - Creating RPC Server
2025-04-23 15:45:08,221 [JvmPauseMonitor14] INFO  util.JvmPauseMonitor (JvmPauseMonitor.java:run(146)) - JvmPauseMonitor-omNode-3: Started
2025-04-23 15:45:08,577 [main] INFO  reflections.Reflections (Reflections.java:scan(219)) - Reflections took 356 ms to scan 22 urls, producing 61 keys and 7422 values
2025-04-23 15:45:08,579 [main] INFO  ipc.CallQueueManager (CallQueueManager.java:<init>(93)) - Using callQueue: class java.util.concurrent.LinkedBlockingQueue, queueCapacity: 2000, scheduler: class org.apache.hadoop.ipc.DefaultRpcScheduler, ipcBackoff: false, ipcFailOver: false.
2025-04-23 15:45:08,579 [main] INFO  ipc.Server (Server.java:<init>(1438)) - Listener at localhost:15014
2025-04-23 15:45:08,580 [Socket Reader #1 for port 15014] INFO  ipc.Server (Server.java:run(1474)) - Starting Socket Reader #1 for port 15014
2025-04-23 15:45:08,580 [Socket Reader #2 for port 15014] INFO  ipc.Server (Server.java:run(1474)) - Starting Socket Reader #2 for port 15014
2025-04-23 15:45:08,580 [Socket Reader #3 for port 15014] INFO  ipc.Server (Server.java:run(1474)) - Starting Socket Reader #3 for port 15014
2025-04-23 15:45:08,581 [Socket Reader #4 for port 15014] INFO  ipc.Server (Server.java:run(1474)) - Starting Socket Reader #4 for port 15014
2025-04-23 15:45:08,581 [Socket Reader #5 for port 15014] INFO  ipc.Server (Server.java:run(1474)) - Starting Socket Reader #5 for port 15014
2025-04-23 15:45:08,581 [Socket Reader #6 for port 15014] INFO  ipc.Server (Server.java:run(1474)) - Starting Socket Reader #6 for port 15014
2025-04-23 15:45:08,581 [Socket Reader #7 for port 15014] INFO  ipc.Server (Server.java:run(1474)) - Starting Socket Reader #7 for port 15014
2025-04-23 15:45:08,581 [Socket Reader #8 for port 15014] INFO  ipc.Server (Server.java:run(1474)) - Starting Socket Reader #8 for port 15014
2025-04-23 15:45:08,582 [Socket Reader #9 for port 15014] INFO  ipc.Server (Server.java:run(1474)) - Starting Socket Reader #9 for port 15014
2025-04-23 15:45:08,582 [Socket Reader #10 for port 15014] INFO  ipc.Server (Server.java:run(1474)) - Starting Socket Reader #10 for port 15014
2025-04-23 15:45:08,584 [main] INFO  http.BaseHttpServer (BaseHttpServer.java:newHttpServer2BuilderForOzone(229)) - Starting Web-server for ozoneManager at: http://0.0.0.0:15015
2025-04-23 15:45:08,584 [main] INFO  http.BaseHttpServer (BaseHttpServer.java:<init>(107)) - Hadoop Security Enabled: false Ozone Security Enabled: false Ozone HTTP Security Enabled: false 
2025-04-23 15:45:08,585 [main] WARN  server.AuthenticationFilter (AuthenticationFilter.java:constructSecretProvider(240)) - Unable to initialize FileSignerSecretProvider, falling back to use random secrets. Reason: Could not read signature secret file: /home/runner/hadoop-http-auth-signature-secret
2025-04-23 15:45:08,587 [main] INFO  http.HttpServer2 (HttpServer2.java:addGlobalFilter(1041)) - Added global filter 'safety' (class=org.apache.hadoop.hdds.server.http.HttpServer2$QuotingInputFilter)
2025-04-23 15:45:08,588 [main] INFO  http.HttpServer2 (HttpServer2.java:addFilter(1017)) - Added filter static_user_filter (class=org.apache.hadoop.http.lib.StaticUserWebFilter$StaticUserFilter) to context ozoneManager
2025-04-23 15:45:08,588 [main] INFO  http.HttpServer2 (HttpServer2.java:addFilter(1025)) - Added filter static_user_filter (class=org.apache.hadoop.http.lib.StaticUserWebFilter$StaticUserFilter) to context static
2025-04-23 15:45:08,588 [main] INFO  http.HttpServer2 (HttpServer2.java:addFilter(1025)) - Added filter static_user_filter (class=org.apache.hadoop.http.lib.StaticUserWebFilter$StaticUserFilter) to context logs
2025-04-23 15:45:08,589 [main] INFO  http.BaseHttpServer (BaseHttpServer.java:<init>(195)) - HTTP server of ozoneManager uses base directory /home/runner/work/ozone/ozone/hadoop-ozone/integration-test/target/test-dir/MiniOzoneClusterImpl-5cf50c17-c591-473f-a8c4-88d8665d28d7/omNode-3/webserver
2025-04-23 15:45:08,589 [main] INFO  http.HttpServer2 (HttpServer2.java:bindListener(1241)) - Jetty bound to port 15015
2025-04-23 15:45:08,589 [main] INFO  server.Server (Server.java:doStart(375)) - jetty-9.4.57.v20241219; built: 2025-01-08T21:24:30.412Z; git: df524e6b29271c2e09ba9aea83c18dc9db464a31; jvm 21.0.7+6-LTS
2025-04-23 15:45:08,591 [main] INFO  server.session (DefaultSessionIdManager.java:doStart(334)) - DefaultSessionIdManager workerName=node0
2025-04-23 15:45:08,591 [main] INFO  server.session (DefaultSessionIdManager.java:doStart(339)) - No SessionScavenger set, using defaults
2025-04-23 15:45:08,591 [main] INFO  server.session (HouseKeeper.java:startScavenging(132)) - node0 Scavenging every 600000ms
2025-04-23 15:45:08,592 [main] INFO  handler.ContextHandler (ContextHandler.java:doStart(921)) - Started o.e.j.s.ServletContextHandler@bc8dc17{logs,/logs,file:///home/runner/work/ozone/ozone/hadoop-ozone/integration-test/target/log,AVAILABLE}
2025-04-23 15:45:08,592 [main] INFO  handler.ContextHandler (ContextHandler.java:doStart(921)) - Started o.e.j.s.ServletContextHandler@1e23623{static,/static,file:///home/runner/work/ozone/ozone/hadoop-ozone/integration-test/target/test-classes/webapps/static,AVAILABLE}
2025-04-23 15:45:08,598 [main] INFO  handler.ContextHandler (ContextHandler.java:doStart(921)) - Started o.e.j.w.WebAppContext@2d0c1399{ozoneManager,/,file:///home/runner/work/ozone/ozone/hadoop-ozone/integration-test/target/test-classes/webapps/ozoneManager/,AVAILABLE}{file:/home/runner/work/ozone/ozone/hadoop-ozone/integration-test/target/test-classes/webapps/ozoneManager}
2025-04-23 15:45:08,599 [main] INFO  server.AbstractConnector (AbstractConnector.java:doStart(333)) - Started ServerConnector@66d911d3{HTTP/1.1, (http/1.1)}{0.0.0.0:15015}
2025-04-23 15:45:08,599 [main] INFO  server.Server (Server.java:doStart(415)) - Started @43580ms
2025-04-23 15:45:08,599 [main] WARN  impl.MetricsSystemImpl (MetricsSystemImpl.java:register(279)) - Sink prometheus already exists!
2025-04-23 15:45:08,599 [main] INFO  http.BaseHttpServer (BaseHttpServer.java:updateConnectorAddress(360)) - HTTP server of ozoneManager listening at http://0.0.0.0:15015
2025-04-23 15:45:08,600 [IPC Server Responder] INFO  ipc.Server (Server.java:run(1713)) - IPC Server Responder: starting
2025-04-23 15:45:08,600 [IPC Server listener on 15014] INFO  ipc.Server (Server.java:run(1553)) - IPC Server listener on 15014: starting
2025-04-23 15:45:08,602 [main] INFO  om.OzoneManager (OzoneManager.java:startTrashEmptier(2257)) - Trash Interval set to 0. Files deleted won't move to trash
2025-04-23 15:45:08,603 [main] INFO  om.OzoneManager (OzoneManager.java:restart(1878)) - OzoneManager RPC server is listening at localhost/127.0.0.1:15006
2025-04-23 15:45:08,603 [main] INFO  impl.MetricsSystemImpl (MetricsSystemImpl.java:init(158)) - OzoneManager metrics system started (again)
2025-04-23 15:45:08,618 [main] WARN  server.ServerUtils (ServerUtils.java:getDBPath(297)) - ozone.om.db.dirs is not configured. We recommend adding this setting. Falling back to ozone.metadata.dirs instead.
2025-04-23 15:45:08,657 [main] INFO  om.OzoneManager (OzoneManager.java:instantiateServices(933)) - S3 Multi-Tenancy is disabled
2025-04-23 15:45:08,658 [main] INFO  om.OmSnapshotManager (OmSnapshotManager.java:<init>(180)) - Ozone filesystem snapshot feature is enabled.
2025-04-23 15:45:08,658 [main] WARN  server.ServerUtils (ServerUtils.java:getDBPath(297)) - ozone.om.snapshot.diff.db.dir is not configured. We recommend adding this setting. Falling back to ozone.metadata.dirs instead.
2025-04-23 15:45:08,672 [main] WARN  dropwizard3.Dm3MetricRegistriesImpl (Dm3MetricRegistriesImpl.java:addReporterRegistration(114)) - New reporters are added after registries were created. Some metrics will be missing from the reporter. Please add reporter before adding any new registry.
2025-04-23 15:45:08,672 [main] WARN  dropwizard3.Dm3MetricRegistriesImpl (Dm3MetricRegistriesImpl.java:addReporterRegistration(114)) - New reporters are added after registries were created. Some metrics will be missing from the reporter. Please add reporter before adding any new registry.
2025-04-23 15:45:08,673 [main] WARN  server.ServerUtils (ServerUtils.java:getDefaultRatisDirectory(309)) - Storage directory for Ratis is not configured. It is a good idea to map this to an SSD disk. Falling back to ozone.metadata.dirs
2025-04-23 15:45:08,673 [main] INFO  server.RaftServerConfigKeys (ConfUtils.java:logGet(46)) - raft.server.log.appender.buffer.byte-limit = 4194304 (custom)
2025-04-23 15:45:08,674 [main] INFO  ratis.OzoneManagerRatisServer (OzoneManagerRatisServer.java:<init>(167)) - Instantiating OM Ratis server with groupID: om-service-test1 and peers: localhost:15009, localhost:15017, localhost:15013
2025-04-23 15:45:08,674 [main] INFO  ratis.OzoneManagerStateMachine (OzoneManagerStateMachine.java:loadSnapshotInfoFromDB(611)) - LastAppliedIndex is set from TransactionInfo from OM DB as (t:4, i:33)
2025-04-23 15:45:08,675 [main] INFO  server.RaftServer (ConfUtils.java:logGet(46)) - raft.rpc.type = GRPC (default)
2025-04-23 15:45:08,675 [main] INFO  grpc.GrpcConfigKeys (ConfUtils.java:logFallback(53)) - raft.grpc.admin.host = null (fallback to raft.grpc.server.host)
2025-04-23 15:45:08,675 [main] INFO  grpc.GrpcConfigKeys (ConfUtils.java:logFallback(53)) - raft.grpc.admin.port = 15009 (fallback to raft.grpc.server.port)
2025-04-23 15:45:08,675 [main] INFO  grpc.GrpcConfigKeys (ConfUtils.java:logFallback(53)) - raft.grpc.client.host = null (fallback to raft.grpc.server.host)
2025-04-23 15:45:08,675 [main] INFO  grpc.GrpcConfigKeys (ConfUtils.java:logFallback(53)) - raft.grpc.client.port = 15009 (fallback to raft.grpc.server.port)
2025-04-23 15:45:08,675 [main] INFO  grpc.GrpcConfigKeys (ConfUtils.java:logGet(46)) - raft.grpc.server.host = null (default)
2025-04-23 15:45:08,675 [main] INFO  grpc.GrpcConfigKeys (ConfUtils.java:logGet(46)) - raft.grpc.server.port = 15009 (custom)
2025-04-23 15:45:08,675 [main] INFO  server.GrpcService (ConfUtils.java:logGet(46)) - raft.grpc.message.size.max = 5242880 (custom)
2025-04-23 15:45:08,675 [main] INFO  server.GrpcService (ConfUtils.java:logGet(46)) - raft.grpc.flow.control.window = 1MB (=1048576) (default)
2025-04-23 15:45:08,675 [main] INFO  server.RaftServerConfigKeys (ConfUtils.java:logGet(46)) - raft.server.rpc.request.timeout = 3000ms (default)
2025-04-23 15:45:08,676 [main] INFO  grpc.GrpcConfigKeys (ConfUtils.java:logGet(46)) - raft.grpc.server.heartbeat.channel = true (default)
2025-04-23 15:45:08,676 [main] INFO  server.RaftServerConfigKeys (ConfUtils.java:logGet(46)) - raft.server.log.appender.buffer.byte-limit = 4194304 (custom)
2025-04-23 15:45:08,676 [main] INFO  grpc.GrpcConfigKeys (ConfUtils.java:logGet(46)) - raft.grpc.server.async.request.thread.pool.cached = true (default)
2025-04-23 15:45:08,676 [main] INFO  grpc.GrpcConfigKeys (ConfUtils.java:logGet(46)) - raft.grpc.server.async.request.thread.pool.size = 32 (default)
2025-04-23 15:45:08,677 [main] INFO  impl.DataStreamServerImpl (ConfUtils.java:logGet(46)) - raft.datastream.type = DISABLED (default)
2025-04-23 15:45:08,677 [main] INFO  server.RaftServerConfigKeys (ConfUtils.java:logGet(46)) - raft.server.sleep.deviation.threshold = 300ms (default)
2025-04-23 15:45:08,677 [main] INFO  server.RaftServerConfigKeys (ConfUtils.java:logGet(46)) - raft.server.close.threshold = 60s (default)
2025-04-23 15:45:08,677 [main] INFO  server.RaftServerConfigKeys (ConfUtils.java:logGet(46)) - raft.server.leaderelection.leader.step-down.wait-time = 10s (default)
2025-04-23 15:45:08,677 [main] INFO  server.RaftServerConfigKeys (ConfUtils.java:logGet(46)) - raft.server.storage.dir = [/home/runner/work/ozone/ozone/hadoop-ozone/integration-test/target/test-dir/MiniOzoneClusterImpl-5cf50c17-c591-473f-a8c4-88d8665d28d7/omNode-1/ratis] (custom)
2025-04-23 15:45:08,677 [main] INFO  server.RaftServerConfigKeys (ConfUtils.java:logGet(46)) - raft.server.threadpool.proxy.cached = true (default)
2025-04-23 15:45:08,677 [main] INFO  server.RaftServerConfigKeys (ConfUtils.java:logGet(46)) - raft.server.threadpool.proxy.size = 0 (default)
2025-04-23 15:45:08,677 [omNode-1-impl-thread1] INFO  server.RaftServer (RaftServerProxy.java:initGroupDir(265)) - omNode-1: found a subdirectory /home/runner/work/ozone/ozone/hadoop-ozone/integration-test/target/test-dir/MiniOzoneClusterImpl-5cf50c17-c591-473f-a8c4-88d8665d28d7/omNode-1/ratis/c9bc4cf4-3bc3-3c60-a66b-523986131536
2025-04-23 15:45:08,678 [main] INFO  server.RaftServer (RaftServerProxy.java:addNew(100)) - omNode-1: addNew group-523986131536:[omNode-3|localhost:15017, omNode-1|localhost:15009, omNode-2|localhost:15013] returns group-523986131536:java.util.concurrent.CompletableFuture@6f760f1e[Not completed]
2025-04-23 15:45:08,678 [omNode-1-groupManagement] INFO  server.RaftServer$Division (RaftServerImpl.java:<init>(255)) - omNode-1: new RaftServerImpl for group-523986131536:[omNode-3|localhost:15017, omNode-1|localhost:15009, omNode-2|localhost:15013] with OzoneManagerStateMachine:uninitialized
2025-04-23 15:45:08,678 [main] INFO  om.OzoneManager (OzoneManager.java:initializeRatisServer(2303)) - OzoneManager Ratis server initialized at port 15009
2025-04-23 15:45:08,678 [main] INFO  ratis.OzoneManagerRatisServer (OzoneManagerRatisServer.java:start(628)) - Starting OzoneManagerRatisServer omNode-1 at port 15009
2025-04-23 15:45:08,678 [omNode-1-groupManagement] INFO  server.RaftServerConfigKeys (ConfUtils.java:logGet(46)) - raft.server.rpc.timeout.min = 1s (custom)
2025-04-23 15:45:08,678 [omNode-1-groupManagement] INFO  server.RaftServerConfigKeys (ConfUtils.java:logGet(46)) - raft.server.rpc.timeout.max = 1200ms (custom)
2025-04-23 15:45:08,678 [omNode-1-groupManagement] INFO  server.RaftServerConfigKeys (ConfUtils.java:logGet(46)) - raft.server.rpc.sleep.time = 25ms (default)
2025-04-23 15:45:08,678 [omNode-1-groupManagement] INFO  server.RaftServerConfigKeys (ConfUtils.java:logGet(46)) - raft.server.rpc.slowness.timeout = 2s (custom)
2025-04-23 15:45:08,678 [omNode-1-groupManagement] INFO  server.RaftServerConfigKeys (ConfUtils.java:logGet(46)) - raft.server.leaderelection.leader.step-down.wait-time = 10s (default)
2025-04-23 15:45:08,678 [omNode-1-groupManagement] INFO  server.RaftServerConfigKeys (ConfUtils.java:logGet(46)) - raft.server.leaderelection.member.majority-add = false (default)
2025-04-23 15:45:08,678 [omNode-1-groupManagement] INFO  server.RaftServerConfigKeys (ConfUtils.java:logGet(46)) - raft.server.sleep.deviation.threshold = 300ms (default)
2025-04-23 15:45:08,678 [omNode-1-groupManagement] INFO  server.RaftServer$Division (ServerState.java:<init>(114)) - omNode-1@group-523986131536: ConfigurationManager, init=conf: {index: -1, cur=peers:[omNode-3|localhost:15017, omNode-1|localhost:15009, omNode-2|localhost:15013]|listeners:[], old=null}, confs=<EMPTY_MAP>
2025-04-23 15:45:08,678 [omNode-1-groupManagement] INFO  server.RaftServerConfigKeys (ConfUtils.java:logGet(46)) - raft.server.notification.no-leader.timeout = 2s (custom)
2025-04-23 15:45:08,678 [omNode-1-groupManagement] INFO  server.RaftServerConfigKeys (ConfUtils.java:logGet(46)) - raft.server.read.timeout = 10s (default)
2025-04-23 15:45:08,679 [omNode-1-groupManagement] INFO  server.RaftServerConfigKeys (ConfUtils.java:logGet(46)) - raft.server.retrycache.expirytime = 30000ms (custom)
2025-04-23 15:45:08,679 [omNode-1-groupManagement] INFO  server.RaftServerConfigKeys (ConfUtils.java:logGet(46)) - raft.server.retrycache.statistics.expirytime = 100ms (default)
2025-04-23 15:45:08,679 [omNode-1-groupManagement] INFO  server.RaftServerConfigKeys (ConfUtils.java:logGet(46)) - raft.server.read.option = DEFAULT (default)
2025-04-23 15:45:08,679 [omNode-1-groupManagement] INFO  server.RaftServerConfigKeys (ConfUtils.java:logGet(46)) - raft.server.read.read-after-write-consistent.write-index-cache.expiry-time = 60s (default)
2025-04-23 15:45:08,680 [omNode-1-groupManagement] INFO  server.RaftServerConfigKeys (ConfUtils.java:logGet(46)) - raft.server.rpc.request.timeout = 3000ms (default)
2025-04-23 15:45:08,680 [omNode-1-groupManagement] INFO  server.RaftServerConfigKeys (ConfUtils.java:logGet(46)) - raft.server.log.appender.install.snapshot.enabled = false (custom)
2025-04-23 15:45:08,680 [omNode-1-groupManagement] INFO  server.RaftServerConfigKeys (ConfUtils.java:logGet(46)) - raft.server.threadpool.server.cached = true (default)
2025-04-23 15:45:08,680 [omNode-1-groupManagement] INFO  server.RaftServerConfigKeys (ConfUtils.java:logGet(46)) - raft.server.threadpool.server.size = 0 (default)
2025-04-23 15:45:08,680 [omNode-1-groupManagement] INFO  server.RaftServerConfigKeys (ConfUtils.java:logGet(46)) - raft.server.threadpool.client.cached = true (default)
2025-04-23 15:45:08,680 [omNode-1-groupManagement] INFO  server.RaftServerConfigKeys (ConfUtils.java:logGet(46)) - raft.server.threadpool.client.size = 0 (default)
2025-04-23 15:45:08,680 [omNode-1-impl-thread1] INFO  server.RaftServerConfigKeys (ConfUtils.java:logGet(46)) - raft.server.storage.free-space.min = 0MB (=0) (default)
2025-04-23 15:45:08,680 [omNode-1-impl-thread1] INFO  server.RaftServerConfigKeys (ConfUtils.java:logGet(46)) - raft.server.log.corruption.policy = EXCEPTION (default)
2025-04-23 15:45:08,680 [omNode-1-impl-thread1] INFO  server.RaftServerConfigKeys (ConfUtils.java:logGet(46)) - raft.server.storage.dir = [/home/runner/work/ozone/ozone/hadoop-ozone/integration-test/target/test-dir/MiniOzoneClusterImpl-5cf50c17-c591-473f-a8c4-88d8665d28d7/omNode-1/ratis] (custom)
2025-04-23 15:45:08,681 [omNode-1-impl-thread1] INFO  storage.RaftStorageDirectory (RaftStorageDirectoryImpl.java:tryLock(229)) - Lock on /home/runner/work/ozone/ozone/hadoop-ozone/integration-test/target/test-dir/MiniOzoneClusterImpl-5cf50c17-c591-473f-a8c4-88d8665d28d7/omNode-1/ratis/c9bc4cf4-3bc3-3c60-a66b-523986131536/in_use.lock acquired by nodename 129659@fv-az1337-835
2025-04-23 15:45:08,681 [omNode-1-impl-thread1] INFO  storage.RaftStorage (RaftStorageImpl.java:analyzeAndRecoverStorage(118)) - Read RaftStorageMetadata{term=4, votedFor=omNode-3} from /home/runner/work/ozone/ozone/hadoop-ozone/integration-test/target/test-dir/MiniOzoneClusterImpl-5cf50c17-c591-473f-a8c4-88d8665d28d7/omNode-1/ratis/c9bc4cf4-3bc3-3c60-a66b-523986131536/current/raft-meta
2025-04-23 15:45:08,682 [omNode-1-impl-thread1] INFO  server.RaftServer$Division (ServerState.java:setRaftConf(386)) - omNode-1@group-523986131536: set configuration conf: {index: 33, cur=peers:[omNode-3|localhost:15017, omNode-1|localhost:15009, omNode-2|localhost:15013]|listeners:[], old=null}
2025-04-23 15:45:08,682 [omNode-1-impl-thread1] INFO  ratis.OzoneManagerStateMachine (OzoneManagerStateMachine.java:lambda$0(138)) - omNode-1: initialize group-523986131536 with (t:4, i:33)
2025-04-23 15:45:08,682 [omNode-1-impl-thread1] INFO  server.RaftServerConfigKeys (ConfUtils.java:logGet(46)) - raft.server.log.use.memory = false (default)
2025-04-23 15:45:08,682 [omNode-1-impl-thread1] INFO  server.RaftServerConfigKeys (ConfUtils.java:logGet(46)) - raft.server.log.purge.gap = 50 (custom)
2025-04-23 15:45:08,682 [omNode-1-impl-thread1] INFO  server.RaftServerConfigKeys (ConfUtils.java:logGet(46)) - raft.server.log.appender.buffer.byte-limit = 4194304 (custom)
2025-04-23 15:45:08,682 [omNode-1-impl-thread1] INFO  server.RaftServerConfigKeys (ConfUtils.java:logGet(46)) - raft.server.log.statemachine.data.read.timeout = 1000ms (default)
2025-04-23 15:45:08,682 [omNode-1-impl-thread1] INFO  server.RaftServerConfigKeys (ConfUtils.java:logGet(46)) - raft.server.log.purge.preservation.log.num = 0 (default)
2025-04-23 15:45:08,683 [omNode-1-impl-thread1] INFO  server.RaftServerConfigKeys (ConfUtils.java:logGet(46)) - raft.server.log.segment.size.max = 4194304 (custom)
2025-04-23 15:45:08,683 [omNode-1-impl-thread1] INFO  server.RaftServerConfigKeys (ConfUtils.java:logGet(46)) - raft.server.log.segment.cache.num.max = 2 (custom)
2025-04-23 15:45:08,683 [omNode-1-impl-thread1] INFO  server.RaftServerConfigKeys (ConfUtils.java:logGet(46)) - raft.server.log.segment.cache.size.max = 200MB (=209715200) (default)
2025-04-23 15:45:08,683 [omNode-1-impl-thread1] INFO  server.RaftServerConfigKeys (ConfUtils.java:logGet(46)) - raft.server.log.appender.buffer.byte-limit = 4194304 (custom)
2025-04-23 15:45:08,683 [omNode-1-impl-thread1] INFO  util.AwaitToRun (AwaitToRun.java:start(81)) - Thread[#2199,omNode-1@group-523986131536-cacheEviction-AwaitToRun,5,main] started
2025-04-23 15:45:08,683 [omNode-1-impl-thread1] INFO  segmented.SegmentedRaftLogWorker (SegmentedRaftLogWorker.java:<init>(188)) - new omNode-1@group-523986131536-SegmentedRaftLogWorker for RaftStorageImpl:Storage Directory /home/runner/work/ozone/ozone/hadoop-ozone/integration-test/target/test-dir/MiniOzoneClusterImpl-5cf50c17-c591-473f-a8c4-88d8665d28d7/omNode-1/ratis/c9bc4cf4-3bc3-3c60-a66b-523986131536
2025-04-23 15:45:08,683 [omNode-1-impl-thread1] INFO  server.RaftServerConfigKeys (ConfUtils.java:logGet(46)) - raft.server.log.queue.byte-limit = 64MB (=67108864) (default)
2025-04-23 15:45:08,683 [omNode-1-impl-thread1] INFO  server.RaftServerConfigKeys (ConfUtils.java:logGet(46)) - raft.server.log.queue.element-limit = 4096 (default)
2025-04-23 15:45:08,683 [omNode-1-impl-thread1] INFO  server.RaftServerConfigKeys (ConfUtils.java:logGet(46)) - raft.server.log.segment.size.max = 4194304 (custom)
2025-04-23 15:45:08,683 [omNode-1-impl-thread1] INFO  server.RaftServerConfigKeys (ConfUtils.java:logGet(46)) - raft.server.log.preallocated.size = 4194304 (custom)
2025-04-23 15:45:08,683 [omNode-1-impl-thread1] INFO  server.RaftServerConfigKeys (ConfUtils.java:logGet(46)) - raft.server.log.force.sync.num = 128 (default)
2025-04-23 15:45:08,684 [omNode-1-impl-thread1] INFO  server.RaftServerConfigKeys (ConfUtils.java:logGet(46)) - raft.server.log.statemachine.data.sync = true (default)
2025-04-23 15:45:08,684 [omNode-1-impl-thread1] INFO  server.RaftServerConfigKeys (ConfUtils.java:logGet(46)) - raft.server.log.statemachine.data.sync.timeout = 10s (default)
2025-04-23 15:45:08,684 [omNode-1-impl-thread1] INFO  server.RaftServerConfigKeys (ConfUtils.java:logGet(46)) - raft.server.log.statemachine.data.sync.timeout.retry = -1 (default)
2025-04-23 15:45:08,684 [omNode-1-impl-thread1] INFO  server.RaftServerConfigKeys (ConfUtils.java:logGet(46)) - raft.server.log.write.buffer.size = 4194312 (custom)
2025-04-23 15:45:08,684 [omNode-1-impl-thread1] INFO  server.RaftServerConfigKeys (ConfUtils.java:logGet(46)) - raft.server.log.appender.buffer.byte-limit = 4194304 (custom)
2025-04-23 15:45:08,684 [omNode-1-impl-thread1] INFO  server.RaftServerConfigKeys (ConfUtils.java:logGet(46)) - raft.server.log.unsafe-flush.enabled = false (default)
2025-04-23 15:45:08,684 [omNode-1-impl-thread1] INFO  server.RaftServerConfigKeys (ConfUtils.java:logGet(46)) - raft.server.log.async-flush.enabled = false (default)
2025-04-23 15:45:08,684 [omNode-1-impl-thread1] INFO  server.RaftServerConfigKeys (ConfUtils.java:logGet(46)) - raft.server.log.statemachine.data.caching.enabled = false (default)
2025-04-23 15:45:08,685 [omNode-1-impl-thread1] INFO  server.RaftServer$Division (ServerState.java:setRaftConf(386)) - omNode-1@group-523986131536: set configuration conf: {index: 0, cur=peers:[omNode-3|localhost:15017, omNode-1|localhost:15009, omNode-2|localhost:15013]|listeners:[], old=null}
2025-04-23 15:45:08,685 [omNode-1-impl-thread1] INFO  segmented.LogSegment (LogSegment.java:loadSegment(171)) - Successfully read 21 entries from segment file /home/runner/work/ozone/ozone/hadoop-ozone/integration-test/target/test-dir/MiniOzoneClusterImpl-5cf50c17-c591-473f-a8c4-88d8665d28d7/omNode-1/ratis/c9bc4cf4-3bc3-3c60-a66b-523986131536/current/log_0-20
2025-04-23 15:45:08,685 [omNode-1-impl-thread1] INFO  server.RaftServer$Division (ServerState.java:setRaftConf(386)) - omNode-1@group-523986131536: set configuration conf: {index: 21, cur=peers:[omNode-3|localhost:15017, omNode-1|localhost:15009, omNode-2|localhost:15013]|listeners:[], old=null}
2025-04-23 15:45:08,686 [omNode-1-impl-thread1] INFO  segmented.LogSegment (LogSegment.java:loadSegment(171)) - Successfully read 10 entries from segment file /home/runner/work/ozone/ozone/hadoop-ozone/integration-test/target/test-dir/MiniOzoneClusterImpl-5cf50c17-c591-473f-a8c4-88d8665d28d7/omNode-1/ratis/c9bc4cf4-3bc3-3c60-a66b-523986131536/current/log_21-30
2025-04-23 15:45:08,686 [omNode-1-impl-thread1] INFO  server.RaftServer$Division (ServerState.java:setRaftConf(386)) - omNode-1@group-523986131536: set configuration conf: {index: 31, cur=peers:[omNode-3|localhost:15017, omNode-1|localhost:15009, omNode-2|localhost:15013]|listeners:[], old=null}
2025-04-23 15:45:08,686 [omNode-1-impl-thread1] INFO  segmented.LogSegment (LogSegment.java:loadSegment(171)) - Successfully read 2 entries from segment file /home/runner/work/ozone/ozone/hadoop-ozone/integration-test/target/test-dir/MiniOzoneClusterImpl-5cf50c17-c591-473f-a8c4-88d8665d28d7/omNode-1/ratis/c9bc4cf4-3bc3-3c60-a66b-523986131536/current/log_31-32
2025-04-23 15:45:08,686 [omNode-1-impl-thread1] INFO  server.RaftServer$Division (ServerState.java:setRaftConf(386)) - omNode-1@group-523986131536: set configuration conf: {index: 33, cur=peers:[omNode-3|localhost:15017, omNode-1|localhost:15009, omNode-2|localhost:15013]|listeners:[], old=null}
2025-04-23 15:45:08,686 [omNode-1-impl-thread1] INFO  segmented.LogSegment (LogSegment.java:loadSegment(171)) - Successfully read 2 entries from segment file /home/runner/work/ozone/ozone/hadoop-ozone/integration-test/target/test-dir/MiniOzoneClusterImpl-5cf50c17-c591-473f-a8c4-88d8665d28d7/omNode-1/ratis/c9bc4cf4-3bc3-3c60-a66b-523986131536/current/log_inprogress_33
2025-04-23 15:45:08,687 [omNode-1-impl-thread1] INFO  segmented.SegmentedRaftLogWorker (SegmentedRaftLogWorker.java:lambda$new$0(139)) - omNode-1@group-523986131536-SegmentedRaftLogWorker: flushIndex: setUnconditionally 0 -> 34
2025-04-23 15:45:08,687 [omNode-1-impl-thread1] INFO  segmented.SegmentedRaftLogWorker (SegmentedRaftLogWorker.java:lambda$new$0(139)) - omNode-1@group-523986131536-SegmentedRaftLogWorker: safeCacheEvictIndex: setUnconditionally 0 -> 32
2025-04-23 15:45:08,687 [omNode-1-impl-thread1] INFO  segmented.BufferedWriteChannel (BufferedWriteChannel.java:open(61)) - open log_inprogress_33 (append) at position 125
2025-04-23 15:45:08,687 [omNode-1-impl-thread1] INFO  server.RaftServer$Division (RaftServerImpl.java:start(391)) - omNode-1@group-523986131536: start as a follower, conf=conf: {index: 33, cur=peers:[omNode-3|localhost:15017, omNode-1|localhost:15009, omNode-2|localhost:15013]|listeners:[], old=null}
2025-04-23 15:45:08,687 [omNode-1-impl-thread1] INFO  server.RaftServer$Division (RaftServerImpl.java:setRole(378)) - omNode-1@group-523986131536: changes role from      null to FOLLOWER at term 4 for startAsFollower
2025-04-23 15:45:08,687 [omNode-1-impl-thread1] INFO  impl.RoleInfo (RoleInfo.java:updateAndGet(148)) - omNode-1: start omNode-1@group-523986131536-FollowerState
2025-04-23 15:45:08,687 [omNode-1-impl-thread1] INFO  util.JmxRegister (JmxRegister.java:tryRegister(44)) - Successfully registered JMX Bean with object name Ratis:service=RaftServer,group=group-523986131536,id=omNode-1
2025-04-23 15:45:08,687 [omNode-1-impl-thread1] INFO  util.JmxRegister (JmxRegister.java:register(58)) - register mxBean class org.apache.ratis.server.impl.RaftServerJmxAdapter as Ratis:service=RaftServer,group=group-523986131536,id=omNode-1
2025-04-23 15:45:08,687 [omNode-1-impl-thread1] INFO  server.RaftServerConfigKeys (ConfUtils.java:logGet(46)) - raft.server.snapshot.trigger-when-stop.enabled = true (default)
2025-04-23 15:45:08,687 [omNode-1@group-523986131536-FollowerState] INFO  server.RaftServerConfigKeys (ConfUtils.java:logFallback(53)) - raft.server.rpc.first-election.timeout.min = 1s (fallback to raft.server.rpc.timeout.min)
2025-04-23 15:45:08,688 [omNode-1@group-523986131536-FollowerState] INFO  server.RaftServerConfigKeys (ConfUtils.java:logFallback(53)) - raft.server.rpc.first-election.timeout.max = 1200ms (fallback to raft.server.rpc.timeout.max)
2025-04-23 15:45:08,688 [omNode-1-impl-thread1] INFO  server.RaftServerConfigKeys (ConfUtils.java:logGet(46)) - raft.server.snapshot.trigger-when-remove.enabled = true (default)
2025-04-23 15:45:08,688 [omNode-1-impl-thread1] INFO  server.RaftServerConfigKeys (ConfUtils.java:logGet(46)) - raft.server.snapshot.auto.trigger.enabled = true (custom)
2025-04-23 15:45:08,688 [omNode-1-impl-thread1] INFO  server.RaftServerConfigKeys (ConfUtils.java:logGet(46)) - raft.server.snapshot.auto.trigger.threshold = 50 (custom)
2025-04-23 15:45:08,688 [omNode-1-impl-thread1] INFO  server.RaftServerConfigKeys (ConfUtils.java:logGet(46)) - raft.server.snapshot.retention.file.num = -1 (default)
2025-04-23 15:45:08,688 [omNode-1-impl-thread1] INFO  server.RaftServerConfigKeys (ConfUtils.java:logGet(46)) - raft.server.log.purge.upto.snapshot.index = true (custom)
2025-04-23 15:45:08,688 [omNode-1-impl-thread1] INFO  server.RaftServer$Division (RaftServerImpl.java:start(405)) - omNode-1@group-523986131536: Successfully started.
2025-04-23 15:45:08,688 [main] INFO  server.RaftServer (RaftServerProxy.java:startImpl(407)) - omNode-1: start RPC server
2025-04-23 15:45:08,689 [main] INFO  server.GrpcService (GrpcService.java:startImpl(334)) - omNode-1: GrpcService started, listening on 15009
2025-04-23 15:45:08,689 [main] INFO  om.OzoneManager (OzoneManager.java:getRpcServer(1360)) - Creating RPC Server
2025-04-23 15:45:08,689 [JvmPauseMonitor15] INFO  util.JvmPauseMonitor (JvmPauseMonitor.java:run(146)) - JvmPauseMonitor-omNode-1: Started
2025-04-23 15:45:09,025 [main] INFO  reflections.Reflections (Reflections.java:scan(219)) - Reflections took 335 ms to scan 22 urls, producing 61 keys and 7422 values
2025-04-23 15:45:09,026 [main] INFO  ipc.CallQueueManager (CallQueueManager.java:<init>(93)) - Using callQueue: class java.util.concurrent.LinkedBlockingQueue, queueCapacity: 2000, scheduler: class org.apache.hadoop.ipc.DefaultRpcScheduler, ipcBackoff: false, ipcFailOver: false.
2025-04-23 15:45:09,026 [main] INFO  ipc.Server (Server.java:<init>(1438)) - Listener at localhost:15006
2025-04-23 15:45:09,026 [Socket Reader #1 for port 15006] INFO  ipc.Server (Server.java:run(1474)) - Starting Socket Reader #1 for port 15006
2025-04-23 15:45:09,027 [Socket Reader #2 for port 15006] INFO  ipc.Server (Server.java:run(1474)) - Starting Socket Reader #2 for port 15006
2025-04-23 15:45:09,027 [Socket Reader #3 for port 15006] INFO  ipc.Server (Server.java:run(1474)) - Starting Socket Reader #3 for port 15006
2025-04-23 15:45:09,027 [Socket Reader #4 for port 15006] INFO  ipc.Server (Server.java:run(1474)) - Starting Socket Reader #4 for port 15006
2025-04-23 15:45:09,027 [Socket Reader #5 for port 15006] INFO  ipc.Server (Server.java:run(1474)) - Starting Socket Reader #5 for port 15006
2025-04-23 15:45:09,027 [Socket Reader #6 for port 15006] INFO  ipc.Server (Server.java:run(1474)) - Starting Socket Reader #6 for port 15006
2025-04-23 15:45:09,028 [Socket Reader #7 for port 15006] INFO  ipc.Server (Server.java:run(1474)) - Starting Socket Reader #7 for port 15006
2025-04-23 15:45:09,028 [Socket Reader #8 for port 15006] INFO  ipc.Server (Server.java:run(1474)) - Starting Socket Reader #8 for port 15006
2025-04-23 15:45:09,028 [Socket Reader #9 for port 15006] INFO  ipc.Server (Server.java:run(1474)) - Starting Socket Reader #9 for port 15006
2025-04-23 15:45:09,028 [Socket Reader #10 for port 15006] INFO  ipc.Server (Server.java:run(1474)) - Starting Socket Reader #10 for port 15006
2025-04-23 15:45:09,030 [main] INFO  http.BaseHttpServer (BaseHttpServer.java:newHttpServer2BuilderForOzone(229)) - Starting Web-server for ozoneManager at: http://0.0.0.0:15007
2025-04-23 15:45:09,030 [main] INFO  http.BaseHttpServer (BaseHttpServer.java:<init>(107)) - Hadoop Security Enabled: false Ozone Security Enabled: false Ozone HTTP Security Enabled: false 
2025-04-23 15:45:09,031 [main] WARN  server.AuthenticationFilter (AuthenticationFilter.java:constructSecretProvider(240)) - Unable to initialize FileSignerSecretProvider, falling back to use random secrets. Reason: Could not read signature secret file: /home/runner/hadoop-http-auth-signature-secret
2025-04-23 15:45:09,034 [main] INFO  http.HttpServer2 (HttpServer2.java:addGlobalFilter(1041)) - Added global filter 'safety' (class=org.apache.hadoop.hdds.server.http.HttpServer2$QuotingInputFilter)
2025-04-23 15:45:09,034 [main] INFO  http.HttpServer2 (HttpServer2.java:addFilter(1017)) - Added filter static_user_filter (class=org.apache.hadoop.http.lib.StaticUserWebFilter$StaticUserFilter) to context ozoneManager
2025-04-23 15:45:09,034 [main] INFO  http.HttpServer2 (HttpServer2.java:addFilter(1025)) - Added filter static_user_filter (class=org.apache.hadoop.http.lib.StaticUserWebFilter$StaticUserFilter) to context logs
2025-04-23 15:45:09,034 [main] INFO  http.HttpServer2 (HttpServer2.java:addFilter(1025)) - Added filter static_user_filter (class=org.apache.hadoop.http.lib.StaticUserWebFilter$StaticUserFilter) to context static
2025-04-23 15:45:09,035 [main] INFO  http.BaseHttpServer (BaseHttpServer.java:<init>(195)) - HTTP server of ozoneManager uses base directory /home/runner/work/ozone/ozone/hadoop-ozone/integration-test/target/test-dir/MiniOzoneClusterImpl-5cf50c17-c591-473f-a8c4-88d8665d28d7/omNode-1/webserver
2025-04-23 15:45:09,035 [main] INFO  http.HttpServer2 (HttpServer2.java:bindListener(1241)) - Jetty bound to port 15007
2025-04-23 15:45:09,035 [main] INFO  server.Server (Server.java:doStart(375)) - jetty-9.4.57.v20241219; built: 2025-01-08T21:24:30.412Z; git: df524e6b29271c2e09ba9aea83c18dc9db464a31; jvm 21.0.7+6-LTS
2025-04-23 15:45:09,037 [main] INFO  server.session (DefaultSessionIdManager.java:doStart(334)) - DefaultSessionIdManager workerName=node0
2025-04-23 15:45:09,037 [main] INFO  server.session (DefaultSessionIdManager.java:doStart(339)) - No SessionScavenger set, using defaults
2025-04-23 15:45:09,037 [main] INFO  server.session (HouseKeeper.java:startScavenging(132)) - node0 Scavenging every 600000ms
2025-04-23 15:45:09,038 [main] INFO  handler.ContextHandler (ContextHandler.java:doStart(921)) - Started o.e.j.s.ServletContextHandler@181d73ef{logs,/logs,file:///home/runner/work/ozone/ozone/hadoop-ozone/integration-test/target/log,AVAILABLE}
2025-04-23 15:45:09,038 [main] INFO  handler.ContextHandler (ContextHandler.java:doStart(921)) - Started o.e.j.s.ServletContextHandler@52988c4f{static,/static,file:///home/runner/work/ozone/ozone/hadoop-ozone/integration-test/target/test-classes/webapps/static,AVAILABLE}
2025-04-23 15:45:09,042 [main] INFO  handler.ContextHandler (ContextHandler.java:doStart(921)) - Started o.e.j.w.WebAppContext@7378e228{ozoneManager,/,file:///home/runner/work/ozone/ozone/hadoop-ozone/integration-test/target/test-classes/webapps/ozoneManager/,AVAILABLE}{file:/home/runner/work/ozone/ozone/hadoop-ozone/integration-test/target/test-classes/webapps/ozoneManager}
2025-04-23 15:45:09,043 [main] INFO  server.AbstractConnector (AbstractConnector.java:doStart(333)) - Started ServerConnector@41d139b6{HTTP/1.1, (http/1.1)}{0.0.0.0:15007}
2025-04-23 15:45:09,043 [main] INFO  server.Server (Server.java:doStart(415)) - Started @44025ms
2025-04-23 15:45:09,043 [main] WARN  impl.MetricsSystemImpl (MetricsSystemImpl.java:register(279)) - Sink prometheus already exists!
2025-04-23 15:45:09,044 [main] INFO  http.BaseHttpServer (BaseHttpServer.java:updateConnectorAddress(360)) - HTTP server of ozoneManager listening at http://0.0.0.0:15007
2025-04-23 15:45:09,044 [IPC Server Responder] INFO  ipc.Server (Server.java:run(1713)) - IPC Server Responder: starting
2025-04-23 15:45:09,045 [IPC Server listener on 15006] INFO  ipc.Server (Server.java:run(1553)) - IPC Server listener on 15006: starting
2025-04-23 15:45:09,047 [main] INFO  om.OzoneManager (OzoneManager.java:startTrashEmptier(2257)) - Trash Interval set to 0. Files deleted won't move to trash
2025-04-23 15:45:09,048 [main] INFO  om.OzoneManager (OzoneManager.java:restart(1878)) - OzoneManager RPC server is listening at localhost/127.0.0.1:15010
2025-04-23 15:45:09,048 [main] INFO  impl.MetricsSystemImpl (MetricsSystemImpl.java:init(158)) - OzoneManager metrics system started (again)
2025-04-23 15:45:09,064 [main] WARN  server.ServerUtils (ServerUtils.java:getDBPath(297)) - ozone.om.db.dirs is not configured. We recommend adding this setting. Falling back to ozone.metadata.dirs instead.
2025-04-23 15:45:09,107 [main] INFO  om.OzoneManager (OzoneManager.java:instantiateServices(933)) - S3 Multi-Tenancy is disabled
2025-04-23 15:45:09,108 [main] INFO  om.OmSnapshotManager (OmSnapshotManager.java:<init>(180)) - Ozone filesystem snapshot feature is enabled.
2025-04-23 15:45:09,108 [main] WARN  server.ServerUtils (ServerUtils.java:getDBPath(297)) - ozone.om.snapshot.diff.db.dir is not configured. We recommend adding this setting. Falling back to ozone.metadata.dirs instead.
2025-04-23 15:45:09,123 [main] WARN  dropwizard3.Dm3MetricRegistriesImpl (Dm3MetricRegistriesImpl.java:addReporterRegistration(114)) - New reporters are added after registries were created. Some metrics will be missing from the reporter. Please add reporter before adding any new registry.
2025-04-23 15:45:09,123 [main] WARN  dropwizard3.Dm3MetricRegistriesImpl (Dm3MetricRegistriesImpl.java:addReporterRegistration(114)) - New reporters are added after registries were created. Some metrics will be missing from the reporter. Please add reporter before adding any new registry.
2025-04-23 15:45:09,124 [main] WARN  server.ServerUtils (ServerUtils.java:getDefaultRatisDirectory(309)) - Storage directory for Ratis is not configured. It is a good idea to map this to an SSD disk. Falling back to ozone.metadata.dirs
2025-04-23 15:45:09,124 [main] INFO  server.RaftServerConfigKeys (ConfUtils.java:logGet(46)) - raft.server.log.appender.buffer.byte-limit = 4194304 (custom)
2025-04-23 15:45:09,125 [main] INFO  ratis.OzoneManagerRatisServer (OzoneManagerRatisServer.java:<init>(167)) - Instantiating OM Ratis server with groupID: om-service-test1 and peers: localhost:15013, localhost:15017, localhost:15009
2025-04-23 15:45:09,125 [main] INFO  ratis.OzoneManagerStateMachine (OzoneManagerStateMachine.java:loadSnapshotInfoFromDB(611)) - LastAppliedIndex is set from TransactionInfo from OM DB as (t:4, i:33)
2025-04-23 15:45:09,126 [main] INFO  server.RaftServer (ConfUtils.java:logGet(46)) - raft.rpc.type = GRPC (default)
2025-04-23 15:45:09,126 [main] INFO  grpc.GrpcConfigKeys (ConfUtils.java:logFallback(53)) - raft.grpc.admin.host = null (fallback to raft.grpc.server.host)
2025-04-23 15:45:09,126 [main] INFO  grpc.GrpcConfigKeys (ConfUtils.java:logFallback(53)) - raft.grpc.admin.port = 15013 (fallback to raft.grpc.server.port)
2025-04-23 15:45:09,126 [main] INFO  grpc.GrpcConfigKeys (ConfUtils.java:logFallback(53)) - raft.grpc.client.host = null (fallback to raft.grpc.server.host)
2025-04-23 15:45:09,126 [main] INFO  grpc.GrpcConfigKeys (ConfUtils.java:logFallback(53)) - raft.grpc.client.port = 15013 (fallback to raft.grpc.server.port)
2025-04-23 15:45:09,126 [main] INFO  grpc.GrpcConfigKeys (ConfUtils.java:logGet(46)) - raft.grpc.server.host = null (default)
2025-04-23 15:45:09,126 [main] INFO  grpc.GrpcConfigKeys (ConfUtils.java:logGet(46)) - raft.grpc.server.port = 15013 (custom)
2025-04-23 15:45:09,127 [main] INFO  server.GrpcService (ConfUtils.java:logGet(46)) - raft.grpc.message.size.max = 5242880 (custom)
2025-04-23 15:45:09,127 [main] INFO  server.GrpcService (ConfUtils.java:logGet(46)) - raft.grpc.flow.control.window = 1MB (=1048576) (default)
2025-04-23 15:45:09,127 [main] INFO  server.RaftServerConfigKeys (ConfUtils.java:logGet(46)) - raft.server.rpc.request.timeout = 3000ms (default)
2025-04-23 15:45:09,127 [main] INFO  grpc.GrpcConfigKeys (ConfUtils.java:logGet(46)) - raft.grpc.server.heartbeat.channel = true (default)
2025-04-23 15:45:09,127 [main] INFO  server.RaftServerConfigKeys (ConfUtils.java:logGet(46)) - raft.server.log.appender.buffer.byte-limit = 4194304 (custom)
2025-04-23 15:45:09,127 [main] INFO  grpc.GrpcConfigKeys (ConfUtils.java:logGet(46)) - raft.grpc.server.async.request.thread.pool.cached = true (default)
2025-04-23 15:45:09,127 [main] INFO  grpc.GrpcConfigKeys (ConfUtils.java:logGet(46)) - raft.grpc.server.async.request.thread.pool.size = 32 (default)
2025-04-23 15:45:09,128 [main] INFO  impl.DataStreamServerImpl (ConfUtils.java:logGet(46)) - raft.datastream.type = DISABLED (default)
2025-04-23 15:45:09,128 [main] INFO  server.RaftServerConfigKeys (ConfUtils.java:logGet(46)) - raft.server.sleep.deviation.threshold = 300ms (default)
2025-04-23 15:45:09,128 [main] INFO  server.RaftServerConfigKeys (ConfUtils.java:logGet(46)) - raft.server.close.threshold = 60s (default)
2025-04-23 15:45:09,128 [main] INFO  server.RaftServerConfigKeys (ConfUtils.java:logGet(46)) - raft.server.leaderelection.leader.step-down.wait-time = 10s (default)
2025-04-23 15:45:09,129 [main] INFO  server.RaftServerConfigKeys (ConfUtils.java:logGet(46)) - raft.server.storage.dir = [/home/runner/work/ozone/ozone/hadoop-ozone/integration-test/target/test-dir/MiniOzoneClusterImpl-5cf50c17-c591-473f-a8c4-88d8665d28d7/omNode-2/ratis] (custom)
2025-04-23 15:45:09,129 [main] INFO  server.RaftServerConfigKeys (ConfUtils.java:logGet(46)) - raft.server.threadpool.proxy.cached = true (default)
2025-04-23 15:45:09,129 [main] INFO  server.RaftServerConfigKeys (ConfUtils.java:logGet(46)) - raft.server.threadpool.proxy.size = 0 (default)
2025-04-23 15:45:09,129 [omNode-2-impl-thread1] INFO  server.RaftServer (RaftServerProxy.java:initGroupDir(265)) - omNode-2: found a subdirectory /home/runner/work/ozone/ozone/hadoop-ozone/integration-test/target/test-dir/MiniOzoneClusterImpl-5cf50c17-c591-473f-a8c4-88d8665d28d7/omNode-2/ratis/c9bc4cf4-3bc3-3c60-a66b-523986131536
2025-04-23 15:45:09,130 [main] INFO  server.RaftServer (RaftServerProxy.java:addNew(100)) - omNode-2: addNew group-523986131536:[omNode-3|localhost:15017, omNode-1|localhost:15009, omNode-2|localhost:15013] returns group-523986131536:java.util.concurrent.CompletableFuture@7ddfed34[Not completed]
2025-04-23 15:45:09,130 [omNode-2-groupManagement] INFO  server.RaftServer$Division (RaftServerImpl.java:<init>(255)) - omNode-2: new RaftServerImpl for group-523986131536:[omNode-3|localhost:15017, omNode-1|localhost:15009, omNode-2|localhost:15013] with OzoneManagerStateMachine:uninitialized
2025-04-23 15:45:09,130 [omNode-2-groupManagement] INFO  server.RaftServerConfigKeys (ConfUtils.java:logGet(46)) - raft.server.rpc.timeout.min = 1s (custom)
2025-04-23 15:45:09,130 [omNode-2-groupManagement] INFO  server.RaftServerConfigKeys (ConfUtils.java:logGet(46)) - raft.server.rpc.timeout.max = 1200ms (custom)
2025-04-23 15:45:09,130 [omNode-2-groupManagement] INFO  server.RaftServerConfigKeys (ConfUtils.java:logGet(46)) - raft.server.rpc.sleep.time = 25ms (default)
2025-04-23 15:45:09,130 [omNode-2-groupManagement] INFO  server.RaftServerConfigKeys (ConfUtils.java:logGet(46)) - raft.server.rpc.slowness.timeout = 2s (custom)
2025-04-23 15:45:09,130 [omNode-2-groupManagement] INFO  server.RaftServerConfigKeys (ConfUtils.java:logGet(46)) - raft.server.leaderelection.leader.step-down.wait-time = 10s (default)
2025-04-23 15:45:09,130 [omNode-2-groupManagement] INFO  server.RaftServerConfigKeys (ConfUtils.java:logGet(46)) - raft.server.leaderelection.member.majority-add = false (default)
2025-04-23 15:45:09,130 [omNode-2-groupManagement] INFO  server.RaftServerConfigKeys (ConfUtils.java:logGet(46)) - raft.server.sleep.deviation.threshold = 300ms (default)
2025-04-23 15:45:09,130 [omNode-2-groupManagement] INFO  server.RaftServer$Division (ServerState.java:<init>(114)) - omNode-2@group-523986131536: ConfigurationManager, init=conf: {index: -1, cur=peers:[omNode-3|localhost:15017, omNode-1|localhost:15009, omNode-2|localhost:15013]|listeners:[], old=null}, confs=<EMPTY_MAP>
2025-04-23 15:45:09,130 [omNode-2-groupManagement] INFO  server.RaftServerConfigKeys (ConfUtils.java:logGet(46)) - raft.server.notification.no-leader.timeout = 2s (custom)
2025-04-23 15:45:09,130 [main] INFO  om.OzoneManager (OzoneManager.java:initializeRatisServer(2303)) - OzoneManager Ratis server initialized at port 15013
2025-04-23 15:45:09,130 [main] INFO  ratis.OzoneManagerRatisServer (OzoneManagerRatisServer.java:start(628)) - Starting OzoneManagerRatisServer omNode-2 at port 15013
2025-04-23 15:45:09,130 [omNode-2-groupManagement] INFO  server.RaftServerConfigKeys (ConfUtils.java:logGet(46)) - raft.server.read.timeout = 10s (default)
2025-04-23 15:45:09,131 [omNode-2-groupManagement] INFO  server.RaftServerConfigKeys (ConfUtils.java:logGet(46)) - raft.server.retrycache.expirytime = 30000ms (custom)
2025-04-23 15:45:09,131 [omNode-2-groupManagement] INFO  server.RaftServerConfigKeys (ConfUtils.java:logGet(46)) - raft.server.retrycache.statistics.expirytime = 100ms (default)
2025-04-23 15:45:09,131 [omNode-2-groupManagement] INFO  server.RaftServerConfigKeys (ConfUtils.java:logGet(46)) - raft.server.read.option = DEFAULT (default)
2025-04-23 15:45:09,131 [omNode-2-groupManagement] INFO  server.RaftServerConfigKeys (ConfUtils.java:logGet(46)) - raft.server.read.read-after-write-consistent.write-index-cache.expiry-time = 60s (default)
2025-04-23 15:45:09,133 [omNode-2-groupManagement] INFO  server.RaftServerConfigKeys (ConfUtils.java:logGet(46)) - raft.server.rpc.request.timeout = 3000ms (default)
2025-04-23 15:45:09,133 [omNode-2-groupManagement] INFO  server.RaftServerConfigKeys (ConfUtils.java:logGet(46)) - raft.server.log.appender.install.snapshot.enabled = false (custom)
2025-04-23 15:45:09,133 [omNode-2-groupManagement] INFO  server.RaftServerConfigKeys (ConfUtils.java:logGet(46)) - raft.server.threadpool.server.cached = true (default)
2025-04-23 15:45:09,133 [omNode-2-groupManagement] INFO  server.RaftServerConfigKeys (ConfUtils.java:logGet(46)) - raft.server.threadpool.server.size = 0 (default)
2025-04-23 15:45:09,133 [omNode-2-groupManagement] INFO  server.RaftServerConfigKeys (ConfUtils.java:logGet(46)) - raft.server.threadpool.client.cached = true (default)
2025-04-23 15:45:09,133 [omNode-2-groupManagement] INFO  server.RaftServerConfigKeys (ConfUtils.java:logGet(46)) - raft.server.threadpool.client.size = 0 (default)
2025-04-23 15:45:09,133 [omNode-2-impl-thread1] INFO  server.RaftServerConfigKeys (ConfUtils.java:logGet(46)) - raft.server.storage.free-space.min = 0MB (=0) (default)
2025-04-23 15:45:09,133 [omNode-2-impl-thread1] INFO  server.RaftServerConfigKeys (ConfUtils.java:logGet(46)) - raft.server.log.corruption.policy = EXCEPTION (default)
2025-04-23 15:45:09,134 [omNode-2-impl-thread1] INFO  server.RaftServerConfigKeys (ConfUtils.java:logGet(46)) - raft.server.storage.dir = [/home/runner/work/ozone/ozone/hadoop-ozone/integration-test/target/test-dir/MiniOzoneClusterImpl-5cf50c17-c591-473f-a8c4-88d8665d28d7/omNode-2/ratis] (custom)
2025-04-23 15:45:09,135 [omNode-2-impl-thread1] INFO  storage.RaftStorageDirectory (RaftStorageDirectoryImpl.java:tryLock(229)) - Lock on /home/runner/work/ozone/ozone/hadoop-ozone/integration-test/target/test-dir/MiniOzoneClusterImpl-5cf50c17-c591-473f-a8c4-88d8665d28d7/omNode-2/ratis/c9bc4cf4-3bc3-3c60-a66b-523986131536/in_use.lock acquired by nodename 129659@fv-az1337-835
2025-04-23 15:45:09,135 [omNode-2-impl-thread1] INFO  storage.RaftStorage (RaftStorageImpl.java:analyzeAndRecoverStorage(118)) - Read RaftStorageMetadata{term=4, votedFor=omNode-3} from /home/runner/work/ozone/ozone/hadoop-ozone/integration-test/target/test-dir/MiniOzoneClusterImpl-5cf50c17-c591-473f-a8c4-88d8665d28d7/omNode-2/ratis/c9bc4cf4-3bc3-3c60-a66b-523986131536/current/raft-meta
2025-04-23 15:45:09,135 [omNode-2-impl-thread1] INFO  server.RaftServer$Division (ServerState.java:setRaftConf(386)) - omNode-2@group-523986131536: set configuration conf: {index: 33, cur=peers:[omNode-3|localhost:15017, omNode-1|localhost:15009, omNode-2|localhost:15013]|listeners:[], old=null}
2025-04-23 15:45:09,136 [omNode-2-impl-thread1] INFO  ratis.OzoneManagerStateMachine (OzoneManagerStateMachine.java:lambda$0(138)) - omNode-2: initialize group-523986131536 with (t:4, i:33)
2025-04-23 15:45:09,136 [omNode-2-impl-thread1] INFO  server.RaftServerConfigKeys (ConfUtils.java:logGet(46)) - raft.server.log.use.memory = false (default)
2025-04-23 15:45:09,136 [omNode-2-impl-thread1] INFO  server.RaftServerConfigKeys (ConfUtils.java:logGet(46)) - raft.server.log.purge.gap = 50 (custom)
2025-04-23 15:45:09,136 [omNode-2-impl-thread1] INFO  server.RaftServerConfigKeys (ConfUtils.java:logGet(46)) - raft.server.log.appender.buffer.byte-limit = 4194304 (custom)
2025-04-23 15:45:09,136 [omNode-2-impl-thread1] INFO  server.RaftServerConfigKeys (ConfUtils.java:logGet(46)) - raft.server.log.statemachine.data.read.timeout = 1000ms (default)
2025-04-23 15:45:09,136 [omNode-2-impl-thread1] INFO  server.RaftServerConfigKeys (ConfUtils.java:logGet(46)) - raft.server.log.purge.preservation.log.num = 0 (default)
2025-04-23 15:45:09,137 [omNode-2-impl-thread1] INFO  server.RaftServerConfigKeys (ConfUtils.java:logGet(46)) - raft.server.log.segment.size.max = 4194304 (custom)
2025-04-23 15:45:09,137 [omNode-2-impl-thread1] INFO  server.RaftServerConfigKeys (ConfUtils.java:logGet(46)) - raft.server.log.segment.cache.num.max = 2 (custom)
2025-04-23 15:45:09,137 [omNode-2-impl-thread1] INFO  server.RaftServerConfigKeys (ConfUtils.java:logGet(46)) - raft.server.log.segment.cache.size.max = 200MB (=209715200) (default)
2025-04-23 15:45:09,137 [omNode-2-impl-thread1] INFO  server.RaftServerConfigKeys (ConfUtils.java:logGet(46)) - raft.server.log.appender.buffer.byte-limit = 4194304 (custom)
2025-04-23 15:45:09,138 [omNode-2-impl-thread1] INFO  util.AwaitToRun (AwaitToRun.java:start(81)) - Thread[#2290,omNode-2@group-523986131536-cacheEviction-AwaitToRun,5,main] started
2025-04-23 15:45:09,138 [omNode-2-impl-thread1] INFO  segmented.SegmentedRaftLogWorker (SegmentedRaftLogWorker.java:<init>(188)) - new omNode-2@group-523986131536-SegmentedRaftLogWorker for RaftStorageImpl:Storage Directory /home/runner/work/ozone/ozone/hadoop-ozone/integration-test/target/test-dir/MiniOzoneClusterImpl-5cf50c17-c591-473f-a8c4-88d8665d28d7/omNode-2/ratis/c9bc4cf4-3bc3-3c60-a66b-523986131536
2025-04-23 15:45:09,138 [omNode-2-impl-thread1] INFO  server.RaftServerConfigKeys (ConfUtils.java:logGet(46)) - raft.server.log.queue.byte-limit = 64MB (=67108864) (default)
2025-04-23 15:45:09,138 [omNode-2-impl-thread1] INFO  server.RaftServerConfigKeys (ConfUtils.java:logGet(46)) - raft.server.log.queue.element-limit = 4096 (default)
2025-04-23 15:45:09,138 [omNode-2-impl-thread1] INFO  server.RaftServerConfigKeys (ConfUtils.java:logGet(46)) - raft.server.log.segment.size.max = 4194304 (custom)
2025-04-23 15:45:09,138 [omNode-2-impl-thread1] INFO  server.RaftServerConfigKeys (ConfUtils.java:logGet(46)) - raft.server.log.preallocated.size = 4194304 (custom)
2025-04-23 15:45:09,138 [omNode-2-impl-thread1] INFO  server.RaftServerConfigKeys (ConfUtils.java:logGet(46)) - raft.server.log.force.sync.num = 128 (default)
2025-04-23 15:45:09,138 [omNode-2-impl-thread1] INFO  server.RaftServerConfigKeys (ConfUtils.java:logGet(46)) - raft.server.log.statemachine.data.sync = true (default)
2025-04-23 15:45:09,138 [omNode-2-impl-thread1] INFO  server.RaftServerConfigKeys (ConfUtils.java:logGet(46)) - raft.server.log.statemachine.data.sync.timeout = 10s (default)
2025-04-23 15:45:09,138 [omNode-2-impl-thread1] INFO  server.RaftServerConfigKeys (ConfUtils.java:logGet(46)) - raft.server.log.statemachine.data.sync.timeout.retry = -1 (default)
2025-04-23 15:45:09,139 [omNode-2-impl-thread1] INFO  server.RaftServerConfigKeys (ConfUtils.java:logGet(46)) - raft.server.log.write.buffer.size = 4194312 (custom)
2025-04-23 15:45:09,140 [omNode-2-impl-thread1] INFO  server.RaftServerConfigKeys (ConfUtils.java:logGet(46)) - raft.server.log.appender.buffer.byte-limit = 4194304 (custom)
2025-04-23 15:45:09,140 [omNode-2-impl-thread1] INFO  server.RaftServerConfigKeys (ConfUtils.java:logGet(46)) - raft.server.log.unsafe-flush.enabled = false (default)
2025-04-23 15:45:09,140 [omNode-2-impl-thread1] INFO  server.RaftServerConfigKeys (ConfUtils.java:logGet(46)) - raft.server.log.async-flush.enabled = false (default)
2025-04-23 15:45:09,140 [omNode-2-impl-thread1] INFO  server.RaftServerConfigKeys (ConfUtils.java:logGet(46)) - raft.server.log.statemachine.data.caching.enabled = false (default)
2025-04-23 15:45:09,141 [omNode-2-impl-thread1] INFO  server.RaftServer$Division (ServerState.java:setRaftConf(386)) - omNode-2@group-523986131536: set configuration conf: {index: 0, cur=peers:[omNode-3|localhost:15017, omNode-1|localhost:15009, omNode-2|localhost:15013]|listeners:[], old=null}
2025-04-23 15:45:09,141 [omNode-2-impl-thread1] INFO  segmented.LogSegment (LogSegment.java:loadSegment(171)) - Successfully read 21 entries from segment file /home/runner/work/ozone/ozone/hadoop-ozone/integration-test/target/test-dir/MiniOzoneClusterImpl-5cf50c17-c591-473f-a8c4-88d8665d28d7/omNode-2/ratis/c9bc4cf4-3bc3-3c60-a66b-523986131536/current/log_0-20
2025-04-23 15:45:09,141 [omNode-2-impl-thread1] INFO  server.RaftServer$Division (ServerState.java:setRaftConf(386)) - omNode-2@group-523986131536: set configuration conf: {index: 21, cur=peers:[omNode-3|localhost:15017, omNode-1|localhost:15009, omNode-2|localhost:15013]|listeners:[], old=null}
2025-04-23 15:45:09,142 [omNode-2-impl-thread1] INFO  segmented.LogSegment (LogSegment.java:loadSegment(171)) - Successfully read 10 entries from segment file /home/runner/work/ozone/ozone/hadoop-ozone/integration-test/target/test-dir/MiniOzoneClusterImpl-5cf50c17-c591-473f-a8c4-88d8665d28d7/omNode-2/ratis/c9bc4cf4-3bc3-3c60-a66b-523986131536/current/log_21-30
2025-04-23 15:45:09,142 [omNode-2-impl-thread1] INFO  server.RaftServer$Division (ServerState.java:setRaftConf(386)) - omNode-2@group-523986131536: set configuration conf: {index: 31, cur=peers:[omNode-3|localhost:15017, omNode-1|localhost:15009, omNode-2|localhost:15013]|listeners:[], old=null}
2025-04-23 15:45:09,142 [omNode-2-impl-thread1] INFO  segmented.LogSegment (LogSegment.java:loadSegment(171)) - Successfully read 2 entries from segment file /home/runner/work/ozone/ozone/hadoop-ozone/integration-test/target/test-dir/MiniOzoneClusterImpl-5cf50c17-c591-473f-a8c4-88d8665d28d7/omNode-2/ratis/c9bc4cf4-3bc3-3c60-a66b-523986131536/current/log_31-32
2025-04-23 15:45:09,142 [omNode-2-impl-thread1] INFO  server.RaftServer$Division (ServerState.java:setRaftConf(386)) - omNode-2@group-523986131536: set configuration conf: {index: 33, cur=peers:[omNode-3|localhost:15017, omNode-1|localhost:15009, omNode-2|localhost:15013]|listeners:[], old=null}
2025-04-23 15:45:09,143 [omNode-2-impl-thread1] INFO  segmented.LogSegment (LogSegment.java:loadSegment(171)) - Successfully read 2 entries from segment file /home/runner/work/ozone/ozone/hadoop-ozone/integration-test/target/test-dir/MiniOzoneClusterImpl-5cf50c17-c591-473f-a8c4-88d8665d28d7/omNode-2/ratis/c9bc4cf4-3bc3-3c60-a66b-523986131536/current/log_inprogress_33
2025-04-23 15:45:09,143 [omNode-2-impl-thread1] INFO  segmented.SegmentedRaftLogWorker (SegmentedRaftLogWorker.java:lambda$new$0(139)) - omNode-2@group-523986131536-SegmentedRaftLogWorker: flushIndex: setUnconditionally 0 -> 34
2025-04-23 15:45:09,143 [omNode-2-impl-thread1] INFO  segmented.SegmentedRaftLogWorker (SegmentedRaftLogWorker.java:lambda$new$0(139)) - omNode-2@group-523986131536-SegmentedRaftLogWorker: safeCacheEvictIndex: setUnconditionally 0 -> 32
2025-04-23 15:45:09,143 [omNode-2-impl-thread1] INFO  segmented.BufferedWriteChannel (BufferedWriteChannel.java:open(61)) - open log_inprogress_33 (append) at position 125
2025-04-23 15:45:09,143 [omNode-2-impl-thread1] INFO  server.RaftServer$Division (RaftServerImpl.java:start(391)) - omNode-2@group-523986131536: start as a follower, conf=conf: {index: 33, cur=peers:[omNode-3|localhost:15017, omNode-1|localhost:15009, omNode-2|localhost:15013]|listeners:[], old=null}
2025-04-23 15:45:09,143 [omNode-2-impl-thread1] INFO  server.RaftServer$Division (RaftServerImpl.java:setRole(378)) - omNode-2@group-523986131536: changes role from      null to FOLLOWER at term 4 for startAsFollower
2025-04-23 15:45:09,143 [omNode-2-impl-thread1] INFO  impl.RoleInfo (RoleInfo.java:updateAndGet(148)) - omNode-2: start omNode-2@group-523986131536-FollowerState
2025-04-23 15:45:09,144 [omNode-2-impl-thread1] INFO  util.JmxRegister (JmxRegister.java:tryRegister(44)) - Successfully registered JMX Bean with object name Ratis:service=RaftServer,group=group-523986131536,id=omNode-2
2025-04-23 15:45:09,144 [omNode-2-impl-thread1] INFO  util.JmxRegister (JmxRegister.java:register(58)) - register mxBean class org.apache.ratis.server.impl.RaftServerJmxAdapter as Ratis:service=RaftServer,group=group-523986131536,id=omNode-2
2025-04-23 15:45:09,144 [omNode-2-impl-thread1] INFO  server.RaftServerConfigKeys (ConfUtils.java:logGet(46)) - raft.server.snapshot.trigger-when-stop.enabled = true (default)
2025-04-23 15:45:09,144 [omNode-2-impl-thread1] INFO  server.RaftServerConfigKeys (ConfUtils.java:logGet(46)) - raft.server.snapshot.trigger-when-remove.enabled = true (default)
2025-04-23 15:45:09,144 [omNode-2-impl-thread1] INFO  server.RaftServerConfigKeys (ConfUtils.java:logGet(46)) - raft.server.snapshot.auto.trigger.enabled = true (custom)
2025-04-23 15:45:09,144 [omNode-2-impl-thread1] INFO  server.RaftServerConfigKeys (ConfUtils.java:logGet(46)) - raft.server.snapshot.auto.trigger.threshold = 50 (custom)
2025-04-23 15:45:09,144 [omNode-2-impl-thread1] INFO  server.RaftServerConfigKeys (ConfUtils.java:logGet(46)) - raft.server.snapshot.retention.file.num = -1 (default)
2025-04-23 15:45:09,144 [omNode-2@group-523986131536-FollowerState] INFO  server.RaftServerConfigKeys (ConfUtils.java:logFallback(53)) - raft.server.rpc.first-election.timeout.min = 1s (fallback to raft.server.rpc.timeout.min)
2025-04-23 15:45:09,144 [omNode-2-impl-thread1] INFO  server.RaftServerConfigKeys (ConfUtils.java:logGet(46)) - raft.server.log.purge.upto.snapshot.index = true (custom)
2025-04-23 15:45:09,144 [omNode-2@group-523986131536-FollowerState] INFO  server.RaftServerConfigKeys (ConfUtils.java:logFallback(53)) - raft.server.rpc.first-election.timeout.max = 1200ms (fallback to raft.server.rpc.timeout.max)
2025-04-23 15:45:09,145 [omNode-2-impl-thread1] INFO  server.RaftServer$Division (RaftServerImpl.java:start(405)) - omNode-2@group-523986131536: Successfully started.
2025-04-23 15:45:09,145 [main] INFO  server.RaftServer (RaftServerProxy.java:startImpl(407)) - omNode-2: start RPC server
2025-04-23 15:45:09,146 [main] INFO  server.GrpcService (GrpcService.java:startImpl(334)) - omNode-2: GrpcService started, listening on 15013
2025-04-23 15:45:09,146 [JvmPauseMonitor16] INFO  util.JvmPauseMonitor (JvmPauseMonitor.java:run(146)) - JvmPauseMonitor-omNode-2: Started
2025-04-23 15:45:09,146 [main] INFO  om.OzoneManager (OzoneManager.java:getRpcServer(1360)) - Creating RPC Server
2025-04-23 15:45:09,317 [omNode-3@group-523986131536-FollowerState] INFO  impl.FollowerState (FollowerState.java:runImpl(161)) - omNode-3@group-523986131536-FollowerState: change to CANDIDATE, lastRpcElapsedTime:1099598394ns, electionTimeout:1099ms
2025-04-23 15:45:09,318 [omNode-3@group-523986131536-FollowerState] INFO  impl.RoleInfo (RoleInfo.java:shutdownFollowerState(121)) - omNode-3: shutdown omNode-3@group-523986131536-FollowerState
2025-04-23 15:45:09,318 [omNode-3@group-523986131536-FollowerState] INFO  server.RaftServer$Division (RaftServerImpl.java:setRole(378)) - omNode-3@group-523986131536: changes role from  FOLLOWER to CANDIDATE at term 4 for changeToCandidate
2025-04-23 15:45:09,318 [omNode-3@group-523986131536-FollowerState] INFO  server.RaftServerConfigKeys (ConfUtils.java:logGet(46)) - raft.server.leaderelection.pre-vote = true (default)
2025-04-23 15:45:09,318 [omNode-3@group-523986131536-FollowerState] INFO  impl.RoleInfo (RoleInfo.java:updateAndGet(148)) - omNode-3: start omNode-3@group-523986131536-LeaderElection13
2025-04-23 15:45:09,319 [omNode-3@group-523986131536-LeaderElection13] INFO  impl.LeaderElection (LeaderElection.java:askForVotes(332)) - omNode-3@group-523986131536-LeaderElection13 PRE_VOTE round 0: submit vote requests at term 4 for conf: {index: 33, cur=peers:[omNode-3|localhost:15017, omNode-1|localhost:15009, omNode-2|localhost:15013]|listeners:[], old=null}
2025-04-23 15:45:09,320 [omNode-3@group-523986131536-LeaderElection13-1] INFO  server.GrpcServerProtocolClient (GrpcServerProtocolClient.java:<init>(65)) - Build channel for omNode-1|localhost:15009
2025-04-23 15:45:09,321 [omNode-3@group-523986131536-LeaderElection13] INFO  server.RaftServerConfigKeys (ConfUtils.java:logFallback(53)) - raft.server.rpc.first-election.timeout.min = 1s (fallback to raft.server.rpc.timeout.min)
2025-04-23 15:45:09,321 [omNode-3@group-523986131536-LeaderElection13-2] INFO  server.GrpcServerProtocolClient (GrpcServerProtocolClient.java:<init>(65)) - Build channel for omNode-2|localhost:15013
2025-04-23 15:45:09,322 [omNode-3@group-523986131536-LeaderElection13] INFO  server.RaftServerConfigKeys (ConfUtils.java:logFallback(53)) - raft.server.rpc.first-election.timeout.max = 1200ms (fallback to raft.server.rpc.timeout.max)
2025-04-23 15:45:09,332 [grpc-default-executor-2] INFO  server.RaftServer$Division (RaftServerImpl.java:requestVote(1407)) - omNode-1@group-523986131536: receive requestVote(PRE_VOTE, omNode-3, group-523986131536, 4, (t:4, i:34))
2025-04-23 15:45:09,332 [grpc-default-executor-2] INFO  impl.VoteContext (VoteContext.java:log(49)) - omNode-1@group-523986131536-FOLLOWER: accept PRE_VOTE from omNode-3: our priority 0 <= candidate's priority 0
2025-04-23 15:45:09,332 [grpc-default-executor-2] INFO  server.RaftServer$Division (RaftServerImpl.java:requestVote(1441)) - omNode-1@group-523986131536 replies to PRE_VOTE vote request: omNode-3<-omNode-1#0:OK-t4. Peer's state: omNode-1@group-523986131536:t4, leader=null, voted=omNode-3, raftlog=Memoized:omNode-1@group-523986131536-SegmentedRaftLog:OPENED:c33:last(t:4, i:34), conf=conf: {index: 33, cur=peers:[omNode-3|localhost:15017, omNode-1|localhost:15009, omNode-2|localhost:15013]|listeners:[], old=null}
2025-04-23 15:45:09,333 [grpc-default-executor-1] INFO  server.RaftServer$Division (RaftServerImpl.java:requestVote(1407)) - omNode-2@group-523986131536: receive requestVote(PRE_VOTE, omNode-3, group-523986131536, 4, (t:4, i:34))
2025-04-23 15:45:09,333 [grpc-default-executor-1] INFO  impl.VoteContext (VoteContext.java:log(49)) - omNode-2@group-523986131536-FOLLOWER: accept PRE_VOTE from omNode-3: our priority 0 <= candidate's priority 0
2025-04-23 15:45:09,333 [grpc-default-executor-1] INFO  server.RaftServer$Division (RaftServerImpl.java:requestVote(1441)) - omNode-2@group-523986131536 replies to PRE_VOTE vote request: omNode-3<-omNode-2#0:OK-t4. Peer's state: omNode-2@group-523986131536:t4, leader=null, voted=omNode-3, raftlog=Memoized:omNode-2@group-523986131536-SegmentedRaftLog:OPENED:c33:last(t:4, i:34), conf=conf: {index: 33, cur=peers:[omNode-3|localhost:15017, omNode-1|localhost:15009, omNode-2|localhost:15013]|listeners:[], old=null}
2025-04-23 15:45:09,334 [omNode-3@group-523986131536-LeaderElection13] INFO  impl.LeaderElection (LeaderElection.java:logAndReturn(90)) - omNode-3@group-523986131536-LeaderElection13: PRE_VOTE PASSED received 1 response(s) and 0 exception(s):
2025-04-23 15:45:09,334 [omNode-3@group-523986131536-LeaderElection13] INFO  impl.LeaderElection (LeaderElection.java:logAndReturn(94)) -   Response 0: omNode-3<-omNode-2#0:OK-t4
2025-04-23 15:45:09,334 [omNode-3@group-523986131536-LeaderElection13] INFO  impl.LeaderElection (LeaderElection.java:askForVotes(334)) - omNode-3@group-523986131536-LeaderElection13 PRE_VOTE round 0: result PASSED
2025-04-23 15:45:09,340 [omNode-3@group-523986131536-LeaderElection13] INFO  impl.LeaderElection (LeaderElection.java:askForVotes(332)) - omNode-3@group-523986131536-LeaderElection13 ELECTION round 0: submit vote requests at term 5 for conf: {index: 33, cur=peers:[omNode-3|localhost:15017, omNode-1|localhost:15009, omNode-2|localhost:15013]|listeners:[], old=null}
2025-04-23 15:45:09,342 [grpc-default-executor-2] INFO  server.RaftServer$Division (RaftServerImpl.java:requestVote(1407)) - omNode-1@group-523986131536: receive requestVote(ELECTION, omNode-3, group-523986131536, 5, (t:4, i:34))
2025-04-23 15:45:09,343 [grpc-default-executor-2] INFO  impl.VoteContext (VoteContext.java:log(49)) - omNode-1@group-523986131536-FOLLOWER: accept ELECTION from omNode-3: our priority 0 <= candidate's priority 0
2025-04-23 15:45:09,343 [grpc-default-executor-2] INFO  server.RaftServer$Division (RaftServerImpl.java:setRole(378)) - omNode-1@group-523986131536: changes role from  FOLLOWER to FOLLOWER at term 4 for candidate:omNode-3
2025-04-23 15:45:09,343 [grpc-default-executor-2] INFO  impl.RoleInfo (RoleInfo.java:shutdownFollowerState(121)) - omNode-1: shutdown omNode-1@group-523986131536-FollowerState
2025-04-23 15:45:09,343 [grpc-default-executor-2] INFO  impl.RoleInfo (RoleInfo.java:updateAndGet(148)) - omNode-1: start omNode-1@group-523986131536-FollowerState
2025-04-23 15:45:09,343 [omNode-1@group-523986131536-FollowerState] INFO  impl.FollowerState (FollowerState.java:runImpl(170)) - omNode-1@group-523986131536-FollowerState was interrupted
2025-04-23 15:45:09,343 [omNode-3@group-523986131536-LeaderElection13] INFO  server.RaftServerConfigKeys (ConfUtils.java:logFallback(53)) - raft.server.rpc.first-election.timeout.min = 1s (fallback to raft.server.rpc.timeout.min)
2025-04-23 15:45:09,344 [omNode-3@group-523986131536-LeaderElection13] INFO  server.RaftServerConfigKeys (ConfUtils.java:logFallback(53)) - raft.server.rpc.first-election.timeout.max = 1200ms (fallback to raft.server.rpc.timeout.max)
2025-04-23 15:45:09,345 [grpc-default-executor-1] INFO  server.RaftServer$Division (RaftServerImpl.java:requestVote(1407)) - omNode-2@group-523986131536: receive requestVote(ELECTION, omNode-3, group-523986131536, 5, (t:4, i:34))
2025-04-23 15:45:09,345 [grpc-default-executor-1] INFO  impl.VoteContext (VoteContext.java:log(49)) - omNode-2@group-523986131536-FOLLOWER: accept ELECTION from omNode-3: our priority 0 <= candidate's priority 0
2025-04-23 15:45:09,345 [grpc-default-executor-1] INFO  server.RaftServer$Division (RaftServerImpl.java:setRole(378)) - omNode-2@group-523986131536: changes role from  FOLLOWER to FOLLOWER at term 4 for candidate:omNode-3
2025-04-23 15:45:09,346 [grpc-default-executor-1] INFO  impl.RoleInfo (RoleInfo.java:shutdownFollowerState(121)) - omNode-2: shutdown omNode-2@group-523986131536-FollowerState
2025-04-23 15:45:09,346 [grpc-default-executor-1] INFO  impl.RoleInfo (RoleInfo.java:updateAndGet(148)) - omNode-2: start omNode-2@group-523986131536-FollowerState
2025-04-23 15:45:09,346 [grpc-default-executor-2] INFO  server.RaftServer$Division (RaftServerImpl.java:setFirstElection(562)) - omNode-1@group-523986131536: set firstElectionSinceStartup to false for candidate:omNode-3
2025-04-23 15:45:09,347 [grpc-default-executor-1] INFO  server.RaftServer$Division (RaftServerImpl.java:setFirstElection(562)) - omNode-2@group-523986131536: set firstElectionSinceStartup to false for candidate:omNode-3
2025-04-23 15:45:09,346 [omNode-2@group-523986131536-FollowerState] INFO  impl.FollowerState (FollowerState.java:runImpl(170)) - omNode-2@group-523986131536-FollowerState was interrupted
2025-04-23 15:45:09,348 [grpc-default-executor-1] INFO  server.RaftServer$Division (RaftServerImpl.java:requestVote(1441)) - omNode-2@group-523986131536 replies to ELECTION vote request: omNode-3<-omNode-2#0:OK-t5. Peer's state: omNode-2@group-523986131536:t5, leader=null, voted=omNode-3, raftlog=Memoized:omNode-2@group-523986131536-SegmentedRaftLog:OPENED:c33:last(t:4, i:34), conf=conf: {index: 33, cur=peers:[omNode-3|localhost:15017, omNode-1|localhost:15009, omNode-2|localhost:15013]|listeners:[], old=null}
2025-04-23 15:45:09,350 [omNode-3@group-523986131536-LeaderElection13] INFO  impl.LeaderElection (LeaderElection.java:logAndReturn(90)) - omNode-3@group-523986131536-LeaderElection13: ELECTION PASSED received 1 response(s) and 0 exception(s):
2025-04-23 15:45:09,350 [omNode-3@group-523986131536-LeaderElection13] INFO  impl.LeaderElection (LeaderElection.java:logAndReturn(94)) -   Response 0: omNode-3<-omNode-2#0:OK-t5
2025-04-23 15:45:09,350 [omNode-3@group-523986131536-LeaderElection13] INFO  impl.LeaderElection (LeaderElection.java:askForVotes(334)) - omNode-3@group-523986131536-LeaderElection13 ELECTION round 0: result PASSED
2025-04-23 15:45:09,350 [omNode-3@group-523986131536-LeaderElection13] INFO  impl.RoleInfo (RoleInfo.java:shutdownLeaderElection(141)) - omNode-3: shutdown omNode-3@group-523986131536-LeaderElection13
2025-04-23 15:45:09,350 [omNode-3@group-523986131536-LeaderElection13] INFO  server.RaftServer$Division (RaftServerImpl.java:setRole(378)) - omNode-3@group-523986131536: changes role from CANDIDATE to LEADER at term 5 for changeToLeader
2025-04-23 15:45:09,350 [omNode-3@group-523986131536-LeaderElection13] INFO  server.RaftServerConfigKeys (ConfUtils.java:logGet(46)) - raft.server.staging.catchup.gap = 1000 (default)
2025-04-23 15:45:09,350 [omNode-3@group-523986131536-LeaderElection13] INFO  server.RaftServerConfigKeys (ConfUtils.java:logGet(46)) - raft.server.write.element-limit = 4096 (default)
2025-04-23 15:45:09,351 [omNode-3@group-523986131536-LeaderElection13] INFO  server.RaftServerConfigKeys (ConfUtils.java:logGet(46)) - raft.server.write.byte-limit = 64MB (=67108864) (default)
2025-04-23 15:45:09,351 [omNode-3@group-523986131536-LeaderElection13] INFO  server.RaftServerConfigKeys (ConfUtils.java:logGet(46)) - raft.server.watch.timeout = 10s (default)
2025-04-23 15:45:09,351 [omNode-3@group-523986131536-LeaderElection13] INFO  server.RaftServerConfigKeys (ConfUtils.java:logGet(46)) - raft.server.watch.timeout.denomination = 1s (default)
2025-04-23 15:45:09,351 [omNode-3@group-523986131536-LeaderElection13] INFO  server.RaftServerConfigKeys (ConfUtils.java:logGet(46)) - raft.server.watch.element-limit = 65536 (default)
2025-04-23 15:45:09,351 [grpc-default-executor-2] INFO  server.RaftServer$Division (RaftServerImpl.java:requestVote(1441)) - omNode-1@group-523986131536 replies to ELECTION vote request: omNode-3<-omNode-1#0:OK-t5. Peer's state: omNode-1@group-523986131536:t5, leader=null, voted=omNode-3, raftlog=Memoized:omNode-1@group-523986131536-SegmentedRaftLog:OPENED:c33:last(t:4, i:34), conf=conf: {index: 33, cur=peers:[omNode-3|localhost:15017, omNode-1|localhost:15009, omNode-2|localhost:15013]|listeners:[], old=null}
2025-04-23 15:45:09,351 [omNode-3@group-523986131536-LeaderElection13] INFO  server.RaftServerConfigKeys (ConfUtils.java:logGet(46)) - raft.server.read.leader.lease.enabled = false (default)
2025-04-23 15:45:09,352 [omNode-3@group-523986131536-LeaderElection13] INFO  server.RaftServerConfigKeys (ConfUtils.java:logGet(46)) - raft.server.read.leader.lease.timeout.ratio = 0.9 (default)
2025-04-23 15:45:09,352 [omNode-3@group-523986131536-LeaderElection13] INFO  server.RaftServerConfigKeys (ConfUtils.java:logGet(46)) - raft.server.rpc.timeout.min = 1s (custom)
2025-04-23 15:45:09,352 [omNode-3@group-523986131536-LeaderElection13] INFO  server.RaftServerConfigKeys (ConfUtils.java:logGet(46)) - raft.server.log.log-metadata.enabled = true (default)
2025-04-23 15:45:09,353 [omNode-3@group-523986131536-LeaderElection13] INFO  server.RaftServerConfigKeys (ConfUtils.java:logGet(46)) - raft.server.write.element-limit = 4096 (default)
2025-04-23 15:45:09,353 [omNode-3@group-523986131536-LeaderElection13] INFO  server.RaftServerConfigKeys (ConfUtils.java:logGet(46)) - raft.server.write.follower.gap.ratio.max = -1.0 (default)
2025-04-23 15:45:09,353 [omNode-3@group-523986131536-LeaderElection13] INFO  server.RaftServerConfigKeys (ConfUtils.java:logGet(46)) - raft.server.log.appender.snapshot.chunk.size.max = 16MB (=16777216) (default)
2025-04-23 15:45:09,354 [omNode-3@group-523986131536-LeaderElection13] INFO  server.RaftServerConfigKeys (ConfUtils.java:logGet(46)) - raft.server.log.appender.buffer.byte-limit = 4194304 (custom)
2025-04-23 15:45:09,354 [omNode-3@group-523986131536-LeaderElection13] INFO  server.RaftServerConfigKeys (ConfUtils.java:logGet(46)) - raft.server.log.appender.buffer.element-limit = 1024 (custom)
2025-04-23 15:45:09,354 [omNode-3@group-523986131536-LeaderElection13] INFO  server.RaftServerConfigKeys (ConfUtils.java:logGet(46)) - raft.server.log.appender.wait-time.min = 0ms (custom)
2025-04-23 15:45:09,355 [omNode-3@group-523986131536-LeaderElection13] INFO  grpc.GrpcConfigKeys (ConfUtils.java:logGet(46)) - raft.grpc.server.leader.outstanding.appends.max = 8 (default)
2025-04-23 15:45:09,355 [omNode-3@group-523986131536-LeaderElection13] INFO  server.RaftServerConfigKeys (ConfUtils.java:logGet(46)) - raft.server.rpc.request.timeout = 3000ms (default)
2025-04-23 15:45:09,355 [omNode-3@group-523986131536-LeaderElection13] INFO  grpc.GrpcConfigKeys (ConfUtils.java:logGet(46)) - raft.grpc.server.install_snapshot.request.element-limit = 8 (default)
2025-04-23 15:45:09,355 [omNode-3@group-523986131536-LeaderElection13] INFO  grpc.GrpcConfigKeys (ConfUtils.java:logGet(46)) - raft.grpc.server.install_snapshot.request.timeout = 3000ms (default)
2025-04-23 15:45:09,355 [omNode-3@group-523986131536-LeaderElection13] INFO  grpc.GrpcConfigKeys (ConfUtils.java:logGet(46)) - raft.grpc.server.log-message.batch.duration = 5s (default)
2025-04-23 15:45:09,355 [omNode-3@group-523986131536-LeaderElection13] INFO  server.RaftServerConfigKeys (ConfUtils.java:logGet(46)) - raft.server.log.appender.install.snapshot.enabled = false (custom)
2025-04-23 15:45:09,355 [omNode-3@group-523986131536-LeaderElection13] INFO  grpc.GrpcConfigKeys (ConfUtils.java:logGet(46)) - raft.grpc.server.heartbeat.channel = true (default)
2025-04-23 15:45:09,356 [omNode-3@group-523986131536-LeaderElection13] INFO  server.RaftServerConfigKeys (ConfUtils.java:logGet(46)) - raft.server.log.appender.snapshot.chunk.size.max = 16MB (=16777216) (default)
2025-04-23 15:45:09,357 [omNode-3@group-523986131536-LeaderElection13] INFO  server.RaftServerConfigKeys (ConfUtils.java:logGet(46)) - raft.server.log.appender.buffer.byte-limit = 4194304 (custom)
2025-04-23 15:45:09,357 [omNode-3@group-523986131536-LeaderElection13] INFO  server.RaftServerConfigKeys (ConfUtils.java:logGet(46)) - raft.server.log.appender.buffer.element-limit = 1024 (custom)
2025-04-23 15:45:09,357 [omNode-3@group-523986131536-LeaderElection13] INFO  server.RaftServerConfigKeys (ConfUtils.java:logGet(46)) - raft.server.log.appender.wait-time.min = 0ms (custom)
2025-04-23 15:45:09,357 [omNode-3@group-523986131536-LeaderElection13] INFO  grpc.GrpcConfigKeys (ConfUtils.java:logGet(46)) - raft.grpc.server.leader.outstanding.appends.max = 8 (default)
2025-04-23 15:45:09,357 [omNode-3@group-523986131536-LeaderElection13] INFO  server.RaftServerConfigKeys (ConfUtils.java:logGet(46)) - raft.server.rpc.request.timeout = 3000ms (default)
2025-04-23 15:45:09,357 [omNode-3@group-523986131536-LeaderElection13] INFO  grpc.GrpcConfigKeys (ConfUtils.java:logGet(46)) - raft.grpc.server.install_snapshot.request.element-limit = 8 (default)
2025-04-23 15:45:09,357 [omNode-3@group-523986131536-LeaderElection13] INFO  grpc.GrpcConfigKeys (ConfUtils.java:logGet(46)) - raft.grpc.server.install_snapshot.request.timeout = 3000ms (default)
2025-04-23 15:45:09,357 [omNode-3@group-523986131536-LeaderElection13] INFO  grpc.GrpcConfigKeys (ConfUtils.java:logGet(46)) - raft.grpc.server.log-message.batch.duration = 5s (default)
2025-04-23 15:45:09,357 [omNode-3@group-523986131536-LeaderElection13] INFO  server.RaftServerConfigKeys (ConfUtils.java:logGet(46)) - raft.server.log.appender.install.snapshot.enabled = false (custom)
2025-04-23 15:45:09,357 [omNode-3@group-523986131536-LeaderElection13] INFO  grpc.GrpcConfigKeys (ConfUtils.java:logGet(46)) - raft.grpc.server.heartbeat.channel = true (default)
2025-04-23 15:45:09,357 [omNode-3@group-523986131536-LeaderElection13] INFO  impl.RoleInfo (RoleInfo.java:updateAndGet(148)) - omNode-3: start omNode-3@group-523986131536-LeaderStateImpl
2025-04-23 15:45:09,357 [omNode-3@group-523986131536-LeaderElection13] INFO  server.RaftServer$Division (RaftServerImpl.java:setFirstElection(562)) - omNode-3@group-523986131536: set firstElectionSinceStartup to false for becomeLeader
2025-04-23 15:45:09,358 [omNode-3@group-523986131536-LeaderElection13] INFO  ratis.OzoneManagerStateMachine (OzoneManagerStateMachine.java:notifyLeaderChanged(169)) - omNode-3@group-523986131536: leader changed to omNode-3
2025-04-23 15:45:09,358 [omNode-3@group-523986131536-LeaderElection13] INFO  server.RaftServer$Division (ServerState.java:setLeader(272)) - omNode-3@group-523986131536: change Leader from null to omNode-3 at term 5 for becomeLeader, leader elected after 1151ms
2025-04-23 15:45:09,358 [omNode-3@group-523986131536-LeaderElection13] INFO  segmented.SegmentedRaftLogWorker (SegmentedRaftLogWorker.java:rollLogSegment(443)) - omNode-3@group-523986131536-SegmentedRaftLogWorker: Rolling segment log-33_34 to index:34
2025-04-23 15:45:09,358 [omNode-3@group-523986131536-SegmentedRaftLogWorker] INFO  segmented.SegmentedRaftLogWorker (SegmentedRaftLogWorker.java:execute(601)) - omNode-3@group-523986131536-SegmentedRaftLogWorker: Rolled log segment from /home/runner/work/ozone/ozone/hadoop-ozone/integration-test/target/test-dir/MiniOzoneClusterImpl-5cf50c17-c591-473f-a8c4-88d8665d28d7/omNode-3/ratis/c9bc4cf4-3bc3-3c60-a66b-523986131536/current/log_inprogress_33 to /home/runner/work/ozone/ozone/hadoop-ozone/integration-test/target/test-dir/MiniOzoneClusterImpl-5cf50c17-c591-473f-a8c4-88d8665d28d7/omNode-3/ratis/c9bc4cf4-3bc3-3c60-a66b-523986131536/current/log_33-34
2025-04-23 15:45:09,359 [omNode-3@group-523986131536-SegmentedRaftLogWorker] INFO  segmented.BufferedWriteChannel (BufferedWriteChannel.java:open(61)) - open log_inprogress_35 at position 0
2025-04-23 15:45:09,359 [omNode-3@group-523986131536-LeaderElection13] INFO  server.RaftServer$Division (ServerState.java:setRaftConf(386)) - omNode-3@group-523986131536: set configuration conf: {index: 35, cur=peers:[omNode-3|localhost:15017, omNode-1|localhost:15009, omNode-2|localhost:15013]|listeners:[], old=null}
2025-04-23 15:45:09,371 [omNode-2-server-thread1] INFO  ratis.OzoneManagerStateMachine (OzoneManagerStateMachine.java:notifyLeaderChanged(169)) - omNode-2@group-523986131536: leader changed to omNode-3
2025-04-23 15:45:09,371 [omNode-2-server-thread1] INFO  server.RaftServer$Division (ServerState.java:setLeader(272)) - omNode-2@group-523986131536: change Leader from null to omNode-3 at term 5 for appendEntries, leader elected after 240ms
2025-04-23 15:45:09,372 [omNode-1-server-thread1] INFO  ratis.OzoneManagerStateMachine (OzoneManagerStateMachine.java:notifyLeaderChanged(169)) - omNode-1@group-523986131536: leader changed to omNode-3
2025-04-23 15:45:09,372 [omNode-1-server-thread1] INFO  server.RaftServer$Division (ServerState.java:setLeader(272)) - omNode-1@group-523986131536: change Leader from null to omNode-3 at term 5 for appendEntries, leader elected after 693ms
2025-04-23 15:45:09,373 [omNode-2-server-thread3] INFO  server.RaftServer$Division (ServerState.java:setRaftConf(386)) - omNode-2@group-523986131536: set configuration conf: {index: 35, cur=peers:[omNode-3|localhost:15017, omNode-1|localhost:15009, omNode-2|localhost:15013]|listeners:[], old=null}
2025-04-23 15:45:09,373 [omNode-2-server-thread3] INFO  segmented.SegmentedRaftLogWorker (SegmentedRaftLogWorker.java:rollLogSegment(443)) - omNode-2@group-523986131536-SegmentedRaftLogWorker: Rolling segment log-33_34 to index:34
2025-04-23 15:45:09,373 [omNode-1-server-thread2] INFO  server.RaftServer$Division (ServerState.java:setRaftConf(386)) - omNode-1@group-523986131536: set configuration conf: {index: 35, cur=peers:[omNode-3|localhost:15017, omNode-1|localhost:15009, omNode-2|localhost:15013]|listeners:[], old=null}
2025-04-23 15:45:09,373 [omNode-1-server-thread2] INFO  segmented.SegmentedRaftLogWorker (SegmentedRaftLogWorker.java:rollLogSegment(443)) - omNode-1@group-523986131536-SegmentedRaftLogWorker: Rolling segment log-33_34 to index:34
2025-04-23 15:45:09,373 [omNode-2@group-523986131536-SegmentedRaftLogWorker] INFO  segmented.SegmentedRaftLogWorker (SegmentedRaftLogWorker.java:execute(601)) - omNode-2@group-523986131536-SegmentedRaftLogWorker: Rolled log segment from /home/runner/work/ozone/ozone/hadoop-ozone/integration-test/target/test-dir/MiniOzoneClusterImpl-5cf50c17-c591-473f-a8c4-88d8665d28d7/omNode-2/ratis/c9bc4cf4-3bc3-3c60-a66b-523986131536/current/log_inprogress_33 to /home/runner/work/ozone/ozone/hadoop-ozone/integration-test/target/test-dir/MiniOzoneClusterImpl-5cf50c17-c591-473f-a8c4-88d8665d28d7/omNode-2/ratis/c9bc4cf4-3bc3-3c60-a66b-523986131536/current/log_33-34
2025-04-23 15:45:09,374 [omNode-1@group-523986131536-SegmentedRaftLogWorker] INFO  segmented.SegmentedRaftLogWorker (SegmentedRaftLogWorker.java:execute(601)) - omNode-1@group-523986131536-SegmentedRaftLogWorker: Rolled log segment from /home/runner/work/ozone/ozone/hadoop-ozone/integration-test/target/test-dir/MiniOzoneClusterImpl-5cf50c17-c591-473f-a8c4-88d8665d28d7/omNode-1/ratis/c9bc4cf4-3bc3-3c60-a66b-523986131536/current/log_inprogress_33 to /home/runner/work/ozone/ozone/hadoop-ozone/integration-test/target/test-dir/MiniOzoneClusterImpl-5cf50c17-c591-473f-a8c4-88d8665d28d7/omNode-1/ratis/c9bc4cf4-3bc3-3c60-a66b-523986131536/current/log_33-34
2025-04-23 15:45:09,374 [omNode-1@group-523986131536-SegmentedRaftLogWorker] INFO  segmented.BufferedWriteChannel (BufferedWriteChannel.java:open(61)) - open log_inprogress_35 at position 0
2025-04-23 15:45:09,376 [omNode-2@group-523986131536-SegmentedRaftLogWorker] INFO  segmented.BufferedWriteChannel (BufferedWriteChannel.java:open(61)) - open log_inprogress_35 at position 0
2025-04-23 15:45:09,377 [omNode-3@group-523986131536-SegmentedRaftLogWorker] INFO  segmented.SegmentedRaftLogWorker (SegmentedRaftLogWorker.java:execute(644)) - omNode-3@group-523986131536-SegmentedRaftLogWorker: created new log segment /home/runner/work/ozone/ozone/hadoop-ozone/integration-test/target/test-dir/MiniOzoneClusterImpl-5cf50c17-c591-473f-a8c4-88d8665d28d7/omNode-3/ratis/c9bc4cf4-3bc3-3c60-a66b-523986131536/current/log_inprogress_35
2025-04-23 15:45:09,389 [omNode-1@group-523986131536-SegmentedRaftLogWorker] INFO  segmented.SegmentedRaftLogWorker (SegmentedRaftLogWorker.java:execute(644)) - omNode-1@group-523986131536-SegmentedRaftLogWorker: created new log segment /home/runner/work/ozone/ozone/hadoop-ozone/integration-test/target/test-dir/MiniOzoneClusterImpl-5cf50c17-c591-473f-a8c4-88d8665d28d7/omNode-1/ratis/c9bc4cf4-3bc3-3c60-a66b-523986131536/current/log_inprogress_35
2025-04-23 15:45:09,390 [omNode-2@group-523986131536-SegmentedRaftLogWorker] INFO  segmented.SegmentedRaftLogWorker (SegmentedRaftLogWorker.java:execute(644)) - omNode-2@group-523986131536-SegmentedRaftLogWorker: created new log segment /home/runner/work/ozone/ozone/hadoop-ozone/integration-test/target/test-dir/MiniOzoneClusterImpl-5cf50c17-c591-473f-a8c4-88d8665d28d7/omNode-2/ratis/c9bc4cf4-3bc3-3c60-a66b-523986131536/current/log_inprogress_35
2025-04-23 15:45:09,393 [omNode-3@group-523986131536-StateMachineUpdater] INFO  ratis.OzoneManagerStateMachine (OzoneManagerStateMachine.java:notifyConfigurationChanged(231)) - notifyConfigurationChanged from Ratis: term=5, index=35, New Peer list: omNode-3(localhost:15017), omNode-1(localhost:15009), omNode-2(localhost:15013)
2025-04-23 15:45:09,393 [omNode-3@group-523986131536-StateMachineUpdater] INFO  server.RaftServer$Division (LeaderStateImpl.java:checkStartIndex(313)) - Leader omNode-3@group-523986131536-LeaderStateImpl is ready since appliedIndex == startIndex == 35
2025-04-23 15:45:09,396 [omNode-1@group-523986131536-StateMachineUpdater] INFO  ratis.OzoneManagerStateMachine (OzoneManagerStateMachine.java:notifyConfigurationChanged(231)) - notifyConfigurationChanged from Ratis: term=5, index=35, New Peer list: omNode-3(localhost:15017), omNode-1(localhost:15009), omNode-2(localhost:15013)
2025-04-23 15:45:09,398 [omNode-2@group-523986131536-StateMachineUpdater] INFO  ratis.OzoneManagerStateMachine (OzoneManagerStateMachine.java:notifyConfigurationChanged(231)) - notifyConfigurationChanged from Ratis: term=5, index=35, New Peer list: omNode-3(localhost:15017), omNode-1(localhost:15009), omNode-2(localhost:15013)
2025-04-23 15:45:09,532 [main] INFO  reflections.Reflections (Reflections.java:scan(219)) - Reflections took 385 ms to scan 22 urls, producing 61 keys and 7422 values
2025-04-23 15:45:09,534 [main] INFO  ipc.CallQueueManager (CallQueueManager.java:<init>(93)) - Using callQueue: class java.util.concurrent.LinkedBlockingQueue, queueCapacity: 2000, scheduler: class org.apache.hadoop.ipc.DefaultRpcScheduler, ipcBackoff: false, ipcFailOver: false.
2025-04-23 15:45:09,534 [main] INFO  ipc.Server (Server.java:<init>(1438)) - Listener at localhost:15010
2025-04-23 15:45:09,534 [Socket Reader #1 for port 15010] INFO  ipc.Server (Server.java:run(1474)) - Starting Socket Reader #1 for port 15010
2025-04-23 15:45:09,534 [Socket Reader #2 for port 15010] INFO  ipc.Server (Server.java:run(1474)) - Starting Socket Reader #2 for port 15010
2025-04-23 15:45:09,535 [Socket Reader #3 for port 15010] INFO  ipc.Server (Server.java:run(1474)) - Starting Socket Reader #3 for port 15010
2025-04-23 15:45:09,535 [Socket Reader #4 for port 15010] INFO  ipc.Server (Server.java:run(1474)) - Starting Socket Reader #4 for port 15010
2025-04-23 15:45:09,535 [Socket Reader #5 for port 15010] INFO  ipc.Server (Server.java:run(1474)) - Starting Socket Reader #5 for port 15010
2025-04-23 15:45:09,535 [Socket Reader #6 for port 15010] INFO  ipc.Server (Server.java:run(1474)) - Starting Socket Reader #6 for port 15010
2025-04-23 15:45:09,535 [Socket Reader #7 for port 15010] INFO  ipc.Server (Server.java:run(1474)) - Starting Socket Reader #7 for port 15010
2025-04-23 15:45:09,535 [Socket Reader #8 for port 15010] INFO  ipc.Server (Server.java:run(1474)) - Starting Socket Reader #8 for port 15010
2025-04-23 15:45:09,536 [Socket Reader #9 for port 15010] INFO  ipc.Server (Server.java:run(1474)) - Starting Socket Reader #9 for port 15010
2025-04-23 15:45:09,536 [Socket Reader #10 for port 15010] INFO  ipc.Server (Server.java:run(1474)) - Starting Socket Reader #10 for port 15010
2025-04-23 15:45:09,537 [main] INFO  http.BaseHttpServer (BaseHttpServer.java:newHttpServer2BuilderForOzone(229)) - Starting Web-server for ozoneManager at: http://0.0.0.0:15011
2025-04-23 15:45:09,538 [main] INFO  http.BaseHttpServer (BaseHttpServer.java:<init>(107)) - Hadoop Security Enabled: false Ozone Security Enabled: false Ozone HTTP Security Enabled: false 
2025-04-23 15:45:09,538 [main] WARN  server.AuthenticationFilter (AuthenticationFilter.java:constructSecretProvider(240)) - Unable to initialize FileSignerSecretProvider, falling back to use random secrets. Reason: Could not read signature secret file: /home/runner/hadoop-http-auth-signature-secret
2025-04-23 15:45:09,540 [main] INFO  http.HttpServer2 (HttpServer2.java:addGlobalFilter(1041)) - Added global filter 'safety' (class=org.apache.hadoop.hdds.server.http.HttpServer2$QuotingInputFilter)
2025-04-23 15:45:09,541 [main] INFO  http.HttpServer2 (HttpServer2.java:addFilter(1017)) - Added filter static_user_filter (class=org.apache.hadoop.http.lib.StaticUserWebFilter$StaticUserFilter) to context ozoneManager
2025-04-23 15:45:09,541 [main] INFO  http.HttpServer2 (HttpServer2.java:addFilter(1025)) - Added filter static_user_filter (class=org.apache.hadoop.http.lib.StaticUserWebFilter$StaticUserFilter) to context logs
2025-04-23 15:45:09,541 [main] INFO  http.HttpServer2 (HttpServer2.java:addFilter(1025)) - Added filter static_user_filter (class=org.apache.hadoop.http.lib.StaticUserWebFilter$StaticUserFilter) to context static
2025-04-23 15:45:09,541 [main] INFO  http.BaseHttpServer (BaseHttpServer.java:<init>(195)) - HTTP server of ozoneManager uses base directory /home/runner/work/ozone/ozone/hadoop-ozone/integration-test/target/test-dir/MiniOzoneClusterImpl-5cf50c17-c591-473f-a8c4-88d8665d28d7/omNode-2/webserver
2025-04-23 15:45:09,542 [main] INFO  http.HttpServer2 (HttpServer2.java:bindListener(1241)) - Jetty bound to port 15011
2025-04-23 15:45:09,542 [main] INFO  server.Server (Server.java:doStart(375)) - jetty-9.4.57.v20241219; built: 2025-01-08T21:24:30.412Z; git: df524e6b29271c2e09ba9aea83c18dc9db464a31; jvm 21.0.7+6-LTS
2025-04-23 15:45:09,543 [main] INFO  server.session (DefaultSessionIdManager.java:doStart(334)) - DefaultSessionIdManager workerName=node0
2025-04-23 15:45:09,543 [main] INFO  server.session (DefaultSessionIdManager.java:doStart(339)) - No SessionScavenger set, using defaults
2025-04-23 15:45:09,543 [main] INFO  server.session (HouseKeeper.java:startScavenging(132)) - node0 Scavenging every 600000ms
2025-04-23 15:45:09,544 [main] INFO  handler.ContextHandler (ContextHandler.java:doStart(921)) - Started o.e.j.s.ServletContextHandler@76011287{logs,/logs,file:///home/runner/work/ozone/ozone/hadoop-ozone/integration-test/target/log,AVAILABLE}
2025-04-23 15:45:09,544 [main] INFO  handler.ContextHandler (ContextHandler.java:doStart(921)) - Started o.e.j.s.ServletContextHandler@37928baf{static,/static,file:///home/runner/work/ozone/ozone/hadoop-ozone/integration-test/target/test-classes/webapps/static,AVAILABLE}
2025-04-23 15:45:09,549 [main] INFO  handler.ContextHandler (ContextHandler.java:doStart(921)) - Started o.e.j.w.WebAppContext@6cd7d5d4{ozoneManager,/,file:///home/runner/work/ozone/ozone/hadoop-ozone/integration-test/target/test-classes/webapps/ozoneManager/,AVAILABLE}{file:/home/runner/work/ozone/ozone/hadoop-ozone/integration-test/target/test-classes/webapps/ozoneManager}
2025-04-23 15:45:09,550 [main] INFO  server.AbstractConnector (AbstractConnector.java:doStart(333)) - Started ServerConnector@2a9fed34{HTTP/1.1, (http/1.1)}{0.0.0.0:15011}
2025-04-23 15:45:09,550 [main] INFO  server.Server (Server.java:doStart(415)) - Started @44531ms
2025-04-23 15:45:09,550 [main] WARN  impl.MetricsSystemImpl (MetricsSystemImpl.java:register(279)) - Sink prometheus already exists!
2025-04-23 15:45:09,550 [main] INFO  http.BaseHttpServer (BaseHttpServer.java:updateConnectorAddress(360)) - HTTP server of ozoneManager listening at http://0.0.0.0:15011
2025-04-23 15:45:09,551 [IPC Server Responder] INFO  ipc.Server (Server.java:run(1713)) - IPC Server Responder: starting
2025-04-23 15:45:09,551 [IPC Server listener on 15010] INFO  ipc.Server (Server.java:run(1553)) - IPC Server listener on 15010: starting
2025-04-23 15:45:09,553 [main] INFO  om.OzoneManager (OzoneManager.java:startTrashEmptier(2257)) - Trash Interval set to 0. Files deleted won't move to trash
]]></system-out>
  </testcase>
  <testcase name="testKeyDeletion" classname="org.apache.hadoop.ozone.om.TestOzoneManagerHAWithStoppedNodes" time="23.884">
    <system-out><![CDATA[2025-04-23 15:45:09,556 [main] INFO  rpc.RpcClient (RpcClient.java:createVolume(462)) - Creating Volume: volume088f7c7b-0331-4b82-92c9-bdb4065220af, with user82293 as owner and space quota set to -1 bytes, counts quota set to -1
2025-04-23 15:45:09,559 [main] INFO  retry.RetryInvocationHandler (RetryInvocationHandler.java:log(426)) - com.google.protobuf.ServiceException: org.apache.hadoop.ipc.RemoteException(org.apache.hadoop.ozone.om.exceptions.OMNotLeaderException): OM:omNode-1 is not the leader. Suggested leader is OM:omNode-3[localhost/127.0.0.1].
	at org.apache.hadoop.ozone.om.ratis.OzoneManagerRatisServer.newOMNotLeaderException(OzoneManagerRatisServer.java:813)
	at org.apache.hadoop.ozone.om.OzoneManager.checkLeaderStatus(OzoneManager.java:4355)
	at org.apache.hadoop.ozone.om.ratis.utils.OzoneManagerRatisUtils.checkLeaderStatus(OzoneManagerRatisUtils.java:500)
	at org.apache.hadoop.ozone.protocolPB.OzoneManagerProtocolServerSideTranslatorPB.internalProcessRequest(OzoneManagerProtocolServerSideTranslatorPB.java:165)
	at org.apache.hadoop.ozone.protocolPB.OzoneManagerProtocolServerSideTranslatorPB.processRequest(OzoneManagerProtocolServerSideTranslatorPB.java:125)
	at org.apache.hadoop.hdds.server.OzoneProtocolMessageDispatcher.processRequest(OzoneProtocolMessageDispatcher.java:87)
	at org.apache.hadoop.ozone.protocolPB.OzoneManagerProtocolServerSideTranslatorPB.submitRequest(OzoneManagerProtocolServerSideTranslatorPB.java:116)
	at org.apache.hadoop.ozone.protocol.proto.OzoneManagerProtocolProtos$OzoneManagerService$2.callBlockingMethod(OzoneManagerProtocolProtos.java)
	at org.apache.hadoop.ipc.ProtobufRpcEngine$Server.processCall(ProtobufRpcEngine.java:484)
	at org.apache.hadoop.ipc.ProtobufRpcEngine2$Server$ProtoBufRpcInvoker.call(ProtobufRpcEngine2.java:595)
	at org.apache.hadoop.ipc.ProtobufRpcEngine2$Server$ProtoBufRpcInvoker.call(ProtobufRpcEngine2.java:573)
	at org.apache.hadoop.ipc.RPC$Server.call(RPC.java:1227)
	at org.apache.hadoop.ipc.Server$RpcCall.run(Server.java:1246)
	at org.apache.hadoop.ipc.Server$RpcCall.run(Server.java:1169)
	at java.base/java.security.AccessController.doPrivileged(AccessController.java:714)
	at java.base/javax.security.auth.Subject.doAs(Subject.java:525)
	at org.apache.hadoop.security.UserGroupInformation.doAs(UserGroupInformation.java:1953)
	at org.apache.hadoop.ipc.Server$Handler.run(Server.java:3198)
, while invoking $Proxy68.submitRequest over nodeId=omNode-1,nodeAddress=127.0.0.1:15006. Trying to failover immediately. Current retry count: 0.
2025-04-23 15:45:09,561 [main] INFO  retry.RetryInvocationHandler (RetryInvocationHandler.java:log(426)) - com.google.protobuf.ServiceException: org.apache.hadoop.ipc.RemoteException(org.apache.hadoop.ozone.om.exceptions.OMNotLeaderException): OM:omNode-2 is not the leader. Suggested leader is OM:omNode-3[localhost/127.0.0.1].
	at org.apache.hadoop.ozone.om.ratis.OzoneManagerRatisServer.newOMNotLeaderException(OzoneManagerRatisServer.java:813)
	at org.apache.hadoop.ozone.om.OzoneManager.checkLeaderStatus(OzoneManager.java:4355)
	at org.apache.hadoop.ozone.om.ratis.utils.OzoneManagerRatisUtils.checkLeaderStatus(OzoneManagerRatisUtils.java:500)
	at org.apache.hadoop.ozone.protocolPB.OzoneManagerProtocolServerSideTranslatorPB.internalProcessRequest(OzoneManagerProtocolServerSideTranslatorPB.java:165)
	at org.apache.hadoop.ozone.protocolPB.OzoneManagerProtocolServerSideTranslatorPB.processRequest(OzoneManagerProtocolServerSideTranslatorPB.java:125)
	at org.apache.hadoop.hdds.server.OzoneProtocolMessageDispatcher.processRequest(OzoneProtocolMessageDispatcher.java:87)
	at org.apache.hadoop.ozone.protocolPB.OzoneManagerProtocolServerSideTranslatorPB.submitRequest(OzoneManagerProtocolServerSideTranslatorPB.java:116)
	at org.apache.hadoop.ozone.protocol.proto.OzoneManagerProtocolProtos$OzoneManagerService$2.callBlockingMethod(OzoneManagerProtocolProtos.java)
	at org.apache.hadoop.ipc.ProtobufRpcEngine$Server.processCall(ProtobufRpcEngine.java:484)
	at org.apache.hadoop.ipc.ProtobufRpcEngine2$Server$ProtoBufRpcInvoker.call(ProtobufRpcEngine2.java:595)
	at org.apache.hadoop.ipc.ProtobufRpcEngine2$Server$ProtoBufRpcInvoker.call(ProtobufRpcEngine2.java:573)
	at org.apache.hadoop.ipc.RPC$Server.call(RPC.java:1227)
	at org.apache.hadoop.ipc.Server$RpcCall.run(Server.java:1246)
	at org.apache.hadoop.ipc.Server$RpcCall.run(Server.java:1169)
	at java.base/java.security.AccessController.doPrivileged(AccessController.java:714)
	at java.base/javax.security.auth.Subject.doAs(Subject.java:525)
	at org.apache.hadoop.security.UserGroupInformation.doAs(UserGroupInformation.java:1953)
	at org.apache.hadoop.ipc.Server$Handler.run(Server.java:3198)
, while invoking $Proxy68.submitRequest over nodeId=omNode-2,nodeAddress=127.0.0.1:15010 after 1 failover attempts. Trying to failover immediately. Current retry count: 1.
2025-04-23 15:45:09,580 [omNode-3-OMStateMachineApplyTransactionThread - 0] WARN  helpers.OzoneAclUtil (OzoneAclUtil.java:getDefaultAclList(77)) - Failed to get primary group from user user82293 (auth:SIMPLE)
2025-04-23 15:45:09,580 [omNode-1-OMStateMachineApplyTransactionThread - 0] WARN  helpers.OzoneAclUtil (OzoneAclUtil.java:getDefaultAclList(77)) - Failed to get primary group from user user82293 (auth:SIMPLE)
2025-04-23 15:45:09,580 [omNode-1-OMStateMachineApplyTransactionThread - 0] INFO  volume.OMVolumeCreateRequest (OMVolumeCreateRequest.java:validateAndUpdateCache(203)) - created volume:volume088f7c7b-0331-4b82-92c9-bdb4065220af for user:user82293
2025-04-23 15:45:09,581 [omNode-2-OMStateMachineApplyTransactionThread - 0] WARN  helpers.OzoneAclUtil (OzoneAclUtil.java:getDefaultAclList(77)) - Failed to get primary group from user user82293 (auth:SIMPLE)
2025-04-23 15:45:09,581 [omNode-2-OMStateMachineApplyTransactionThread - 0] INFO  volume.OMVolumeCreateRequest (OMVolumeCreateRequest.java:validateAndUpdateCache(203)) - created volume:volume088f7c7b-0331-4b82-92c9-bdb4065220af for user:user82293
2025-04-23 15:45:09,582 [omNode-3-OMStateMachineApplyTransactionThread - 0] INFO  volume.OMVolumeCreateRequest (OMVolumeCreateRequest.java:validateAndUpdateCache(203)) - created volume:volume088f7c7b-0331-4b82-92c9-bdb4065220af for user:user82293
2025-04-23 15:45:09,585 [main] INFO  rpc.RpcClient (RpcClient.java:createBucket(687)) - Creating Bucket: volume088f7c7b-0331-4b82-92c9-bdb4065220af/f632fe3b-c289-404b-a621-b467c64e9581, with server-side default bucket layout, runner as owner, Versioning false, Storage Type set to DISK and Encryption set to false, Replication Type set to server-side default replication type, Namespace Quota set to -1, Space Quota set to -1 
2025-04-23 15:45:09,590 [omNode-3-OMStateMachineApplyTransactionThread - 0] INFO  bucket.OMBucketCreateRequest (OMBucketCreateRequest.java:validateAndUpdateCache(291)) - created bucket: f632fe3b-c289-404b-a621-b467c64e9581 of layout OBJECT_STORE in volume: volume088f7c7b-0331-4b82-92c9-bdb4065220af
2025-04-23 15:45:09,592 [omNode-2-OMStateMachineApplyTransactionThread - 0] INFO  bucket.OMBucketCreateRequest (OMBucketCreateRequest.java:validateAndUpdateCache(291)) - created bucket: f632fe3b-c289-404b-a621-b467c64e9581 of layout OBJECT_STORE in volume: volume088f7c7b-0331-4b82-92c9-bdb4065220af
2025-04-23 15:45:09,593 [omNode-1-OMStateMachineApplyTransactionThread - 0] INFO  bucket.OMBucketCreateRequest (OMBucketCreateRequest.java:validateAndUpdateCache(291)) - created bucket: f632fe3b-c289-404b-a621-b467c64e9581 of layout OBJECT_STORE in volume: volume088f7c7b-0331-4b82-92c9-bdb4065220af
2025-04-23 15:45:18,190 [omNode-3-KeyDeletingService#0] INFO  utils.BackgroundService (AbstractKeyDeletingService.java:processKeyDeletes(117)) - Send 2 key(s) to SCM, first 2 keys: [BlockGroup[groupID='/volume088f7c7b-0331-4b82-92c9-bdb4065220af/f632fe3b-c289-404b-a621-b467c64e9581/dir/file1/-9223372036854765312', blockIDs=[conID: 3 locID: 115816896921600003 bcsId: 0 replicaIndex: null]], BlockGroup[groupID='/volume088f7c7b-0331-4b82-92c9-bdb4065220af/f632fe3b-c289-404b-a621-b467c64e9581/dir/file2/-9223372036854764288', blockIDs=[conID: 4 locID: 115816896921600004 bcsId: 0 replicaIndex: null]]]
2025-04-23 15:45:18,199 [IPC Server handler 18 on default port 15001] INFO  ha.SequenceIdGenerator (SequenceIdGenerator.java:getNextId(143)) - Allocate a batch for delTxnId, change lastId from 0 to 1000.
2025-04-23 15:45:18,212 [omNode-3-KeyDeletingService#0] INFO  utils.BackgroundService (AbstractKeyDeletingService.java:processKeyDeletes(122)) - 2 BlockGroup deletion are acked by SCM in 23 ms
2025-04-23 15:45:18,223 [omNode-3-KeyDeletingService#0] INFO  utils.BackgroundService (AbstractKeyDeletingService.java:processKeyDeletes(130)) - Blocks for 2 (out of 2) keys are deleted from DB in 11 ms. Limit per task is 2.
2025-04-23 15:45:28,187 [omNode-3-KeyDeletingService#0] INFO  utils.BackgroundService (AbstractKeyDeletingService.java:processKeyDeletes(117)) - Send 2 key(s) to SCM, first 2 keys: [BlockGroup[groupID='/volume088f7c7b-0331-4b82-92c9-bdb4065220af/f632fe3b-c289-404b-a621-b467c64e9581/dir/file3/-9223372036854763264', blockIDs=[conID: 5 locID: 115816896921600005 bcsId: 0 replicaIndex: null]], BlockGroup[groupID='/volume088f7c7b-0331-4b82-92c9-bdb4065220af/f632fe3b-c289-404b-a621-b467c64e9581/dir/file4/-9223372036854762240', blockIDs=[conID: 6 locID: 115816896921600006 bcsId: 0 replicaIndex: null]]]
2025-04-23 15:45:28,190 [omNode-3-KeyDeletingService#0] INFO  utils.BackgroundService (AbstractKeyDeletingService.java:processKeyDeletes(122)) - 2 BlockGroup deletion are acked by SCM in 3 ms
2025-04-23 15:45:28,193 [omNode-3-KeyDeletingService#0] INFO  utils.BackgroundService (AbstractKeyDeletingService.java:processKeyDeletes(130)) - Blocks for 2 (out of 2) keys are deleted from DB in 3 ms. Limit per task is 2.
2025-04-23 15:45:29,922 [main] INFO  om.OzoneManager (OzoneManager.java:stop(2347)) - omNode-3[localhost:15014]: Stopping Ozone Manager
2025-04-23 15:45:29,922 [main] INFO  ipc.Server (Server.java:stop(3697)) - Stopping server on 15014
2025-04-23 15:45:29,924 [IPC Server listener on 15014] INFO  ipc.Server (Server.java:run(1585)) - Stopping IPC Server listener on 15014
2025-04-23 15:45:29,924 [IPC Server Responder] INFO  ipc.Server (Server.java:run(1718)) - Stopping IPC Server Responder
2025-04-23 15:45:29,924 [main] INFO  ratis.OzoneManagerRatisServer (OzoneManagerRatisServer.java:stop(634)) - Stopping org.apache.hadoop.ozone.om.ratis.OzoneManagerRatisServer@122220a2 at port 15017
2025-04-23 15:45:29,924 [main] INFO  server.RaftServer (RaftServerProxy.java:lambda$close$9(417)) - omNode-3: close
2025-04-23 15:45:29,924 [main] INFO  server.GrpcService (GrpcService.java:closeImpl(343)) - omNode-3: shutdown server GrpcServerProtocolService now
2025-04-23 15:45:29,924 [omNode-3-impl-thread1] INFO  server.RaftServer$Division (RaftServerImpl.java:lambda$close$1(513)) - omNode-3@group-523986131536: shutdown
2025-04-23 15:45:29,925 [omNode-3-impl-thread1] INFO  util.JmxRegister (JmxRegister.java:unregister(74)) - Successfully un-registered JMX Bean with object name Ratis:service=RaftServer,group=group-523986131536,id=omNode-3
2025-04-23 15:45:29,925 [omNode-3-impl-thread1] INFO  impl.RoleInfo (RoleInfo.java:shutdownLeaderState(103)) - omNode-3: shutdown omNode-3@group-523986131536-LeaderStateImpl
2025-04-23 15:45:29,925 [omNode-3-impl-thread1] INFO  impl.PendingRequests (PendingRequests.java:sendNotLeaderResponses(287)) - omNode-3@group-523986131536-PendingRequests: sendNotLeaderResponses
2025-04-23 15:45:29,925 [omNode-3@group-523986131536->omNode-2-GrpcLogAppender-LogAppenderDaemon] WARN  server.GrpcLogAppender (GrpcLogAppender.java:mayWait(293)) - omNode-3@group-523986131536->omNode-2-GrpcLogAppender: Wait interrupted by java.lang.InterruptedException
2025-04-23 15:45:29,926 [Thread-1919] INFO  server.GrpcServerProtocolClient (GrpcServerProtocolClient.java:close(105)) - omNode-1 Close channels
2025-04-23 15:45:29,926 [omNode-3@group-523986131536->omNode-1-GrpcLogAppender-LogAppenderDaemon] WARN  server.GrpcLogAppender (GrpcLogAppender.java:mayWait(293)) - omNode-3@group-523986131536->omNode-1-GrpcLogAppender: Wait interrupted by java.lang.InterruptedException
2025-04-23 15:45:29,927 [omNode-3-impl-thread1] INFO  impl.StateMachineUpdater (StateMachineUpdater.java:stopAndJoin(164)) - omNode-3@group-523986131536-StateMachineUpdater: set stopIndex = 68
2025-04-23 15:45:29,927 [Thread-1920] INFO  server.GrpcServerProtocolClient (GrpcServerProtocolClient.java:close(105)) - omNode-2 Close channels
2025-04-23 15:45:29,928 [grpc-default-executor-5] INFO  server.GrpcServerProtocolService (GrpcServerProtocolService.java:onCompleted(157)) - omNode-1: Completed APPEND_ENTRIES, lastRequest: omNode-3->omNode-1#116-t5,previous=(t:5, i:67),leaderCommit=67,initializing? false,entries: size=1, first=(t:5, i:68), METADATAENTRY(c:67)
2025-04-23 15:45:29,928 [grpc-default-executor-5] INFO  server.GrpcServerProtocolService (GrpcServerProtocolService.java:lambda$onCompleted$5(159)) - omNode-1: Completed APPEND_ENTRIES, lastReply: null
2025-04-23 15:45:29,928 [grpc-default-executor-6] INFO  server.GrpcServerProtocolService (GrpcServerProtocolService.java:onCompleted(157)) - omNode-2: Completed APPEND_ENTRIES, lastRequest: null
2025-04-23 15:45:29,928 [grpc-default-executor-1] INFO  server.GrpcServerProtocolService (GrpcServerProtocolService.java:onCompleted(157)) - omNode-2: Completed APPEND_ENTRIES, lastRequest: omNode-3->omNode-2#116-t5,previous=(t:5, i:67),leaderCommit=67,initializing? false,entries: size=1, first=(t:5, i:68), METADATAENTRY(c:67)
2025-04-23 15:45:29,928 [grpc-default-executor-6] INFO  server.GrpcServerProtocolService (GrpcServerProtocolService.java:lambda$onCompleted$5(159)) - omNode-2: Completed APPEND_ENTRIES, lastReply: serverReply {
  requestorId: "omNode-3"
  replyId: "omNode-2"
  raftGroupId {
    id: "\311\274L\364;\303<`\246kR9\206\023\0256"
  }
  callId: 121
  success: true
}
term: 5
nextIndex: 69
followerCommit: 68
matchIndex: 18446744073709551615
isHearbeat: true

2025-04-23 15:45:29,928 [grpc-default-executor-1] INFO  server.GrpcServerProtocolService (GrpcServerProtocolService.java:lambda$onCompleted$5(159)) - omNode-2: Completed APPEND_ENTRIES, lastReply: null
2025-04-23 15:45:29,929 [grpc-default-executor-5] INFO  server.GrpcServerProtocolService (GrpcServerProtocolService.java:onCompleted(157)) - omNode-1: Completed APPEND_ENTRIES, lastRequest: null
2025-04-23 15:45:29,929 [grpc-default-executor-5] INFO  server.GrpcServerProtocolService (GrpcServerProtocolService.java:lambda$onCompleted$5(159)) - omNode-1: Completed APPEND_ENTRIES, lastReply: serverReply {
  requestorId: "omNode-3"
  replyId: "omNode-1"
  raftGroupId {
    id: "\311\274L\364;\303<`\246kR9\206\023\0256"
  }
  callId: 122
  success: true
}
term: 5
nextIndex: 69
followerCommit: 68
matchIndex: 18446744073709551615
isHearbeat: true

2025-04-23 15:45:29,929 [grpc-default-executor-2] INFO  server.GrpcLogAppender (GrpcLogAppender.java:onCompleted(550)) - omNode-3@group-523986131536->omNode-1-AppendLogResponseHandler: follower responses appendEntries COMPLETED
2025-04-23 15:45:29,929 [grpc-default-executor-2] WARN  server.GrpcLogAppender (GrpcLogAppender.java:resetClient(230)) - omNode-3@group-523986131536->omNode-1-GrpcLogAppender: Failed to getClient for omNode-1
org.apache.ratis.protocol.exceptions.AlreadyClosedException: omNode-3 is already CLOSED
	at org.apache.ratis.util.PeerProxyMap$PeerAndProxy.getProxy(PeerProxyMap.java:67)
	at org.apache.ratis.util.PeerProxyMap.getProxy(PeerProxyMap.java:124)
	at org.apache.ratis.grpc.server.GrpcLogAppender.getClient(GrpcLogAppender.java:200)
	at org.apache.ratis.grpc.server.GrpcLogAppender.resetClient(GrpcLogAppender.java:205)
	at org.apache.ratis.grpc.server.GrpcLogAppender.access$800(GrpcLogAppender.java:64)
	at org.apache.ratis.grpc.server.GrpcLogAppender$AppendLogResponseHandler.onCompleted(GrpcLogAppender.java:551)
	at org.apache.ratis.thirdparty.io.grpc.stub.ClientCalls$StreamObserverToCallListenerAdapter.onClose(ClientCalls.java:479)
	at org.apache.ratis.thirdparty.io.grpc.internal.ClientCallImpl.closeObserver(ClientCallImpl.java:567)
	at org.apache.ratis.thirdparty.io.grpc.internal.ClientCallImpl.access$300(ClientCallImpl.java:71)
	at org.apache.ratis.thirdparty.io.grpc.internal.ClientCallImpl$ClientStreamListenerImpl$1StreamClosed.runInternal(ClientCallImpl.java:735)
	at org.apache.ratis.thirdparty.io.grpc.internal.ClientCallImpl$ClientStreamListenerImpl$1StreamClosed.runInContext(ClientCallImpl.java:716)
	at org.apache.ratis.thirdparty.io.grpc.internal.ContextRunnable.run(ContextRunnable.java:37)
	at org.apache.ratis.thirdparty.io.grpc.internal.SerializingExecutor.run(SerializingExecutor.java:133)
	at java.base/java.util.concurrent.ThreadPoolExecutor.runWorker(ThreadPoolExecutor.java:1144)
	at java.base/java.util.concurrent.ThreadPoolExecutor$Worker.run(ThreadPoolExecutor.java:642)
	at java.base/java.lang.Thread.run(Thread.java:1583)
2025-04-23 15:45:29,930 [grpc-default-executor-0] INFO  server.GrpcLogAppender (GrpcLogAppender.java:onCompleted(550)) - omNode-3@group-523986131536->omNode-1-AppendLogResponseHandler: follower responses appendEntries COMPLETED
2025-04-23 15:45:29,931 [grpc-default-executor-0] WARN  server.GrpcLogAppender (GrpcLogAppender.java:resetClient(230)) - omNode-3@group-523986131536->omNode-1-GrpcLogAppender: Failed to getClient for omNode-1
org.apache.ratis.protocol.exceptions.AlreadyClosedException: omNode-3 is already CLOSED
	at org.apache.ratis.util.PeerProxyMap$PeerAndProxy.getProxy(PeerProxyMap.java:67)
	at org.apache.ratis.util.PeerProxyMap.getProxy(PeerProxyMap.java:124)
	at org.apache.ratis.grpc.server.GrpcLogAppender.getClient(GrpcLogAppender.java:200)
	at org.apache.ratis.grpc.server.GrpcLogAppender.resetClient(GrpcLogAppender.java:205)
	at org.apache.ratis.grpc.server.GrpcLogAppender.access$800(GrpcLogAppender.java:64)
	at org.apache.ratis.grpc.server.GrpcLogAppender$AppendLogResponseHandler.onCompleted(GrpcLogAppender.java:551)
	at org.apache.ratis.thirdparty.io.grpc.stub.ClientCalls$StreamObserverToCallListenerAdapter.onClose(ClientCalls.java:479)
	at org.apache.ratis.thirdparty.io.grpc.internal.DelayedClientCall$DelayedListener$3.run(DelayedClientCall.java:489)
	at org.apache.ratis.thirdparty.io.grpc.internal.DelayedClientCall$DelayedListener.delayOrExecute(DelayedClientCall.java:453)
	at org.apache.ratis.thirdparty.io.grpc.internal.DelayedClientCall$DelayedListener.onClose(DelayedClientCall.java:486)
	at org.apache.ratis.thirdparty.io.grpc.internal.ClientCallImpl.closeObserver(ClientCallImpl.java:567)
	at org.apache.ratis.thirdparty.io.grpc.internal.ClientCallImpl.access$300(ClientCallImpl.java:71)
	at org.apache.ratis.thirdparty.io.grpc.internal.ClientCallImpl$ClientStreamListenerImpl$1StreamClosed.runInternal(ClientCallImpl.java:735)
	at org.apache.ratis.thirdparty.io.grpc.internal.ClientCallImpl$ClientStreamListenerImpl$1StreamClosed.runInContext(ClientCallImpl.java:716)
	at org.apache.ratis.thirdparty.io.grpc.internal.ContextRunnable.run(ContextRunnable.java:37)
	at org.apache.ratis.thirdparty.io.grpc.internal.SerializingExecutor.run(SerializingExecutor.java:133)
	at java.base/java.util.concurrent.ThreadPoolExecutor.runWorker(ThreadPoolExecutor.java:1144)
	at java.base/java.util.concurrent.ThreadPoolExecutor$Worker.run(ThreadPoolExecutor.java:642)
	at java.base/java.lang.Thread.run(Thread.java:1583)
2025-04-23 15:45:29,931 [grpc-default-executor-6] INFO  server.GrpcLogAppender (GrpcLogAppender.java:onCompleted(550)) - omNode-3@group-523986131536->omNode-2-AppendLogResponseHandler: follower responses appendEntries COMPLETED
2025-04-23 15:45:29,931 [grpc-default-executor-6] WARN  server.GrpcLogAppender (GrpcLogAppender.java:resetClient(230)) - omNode-3@group-523986131536->omNode-2-GrpcLogAppender: Failed to getClient for omNode-2
org.apache.ratis.protocol.exceptions.AlreadyClosedException: omNode-3 is already CLOSED
	at org.apache.ratis.util.PeerProxyMap$PeerAndProxy.getProxy(PeerProxyMap.java:67)
	at org.apache.ratis.util.PeerProxyMap.getProxy(PeerProxyMap.java:124)
	at org.apache.ratis.grpc.server.GrpcLogAppender.getClient(GrpcLogAppender.java:200)
	at org.apache.ratis.grpc.server.GrpcLogAppender.resetClient(GrpcLogAppender.java:205)
	at org.apache.ratis.grpc.server.GrpcLogAppender.access$800(GrpcLogAppender.java:64)
	at org.apache.ratis.grpc.server.GrpcLogAppender$AppendLogResponseHandler.onCompleted(GrpcLogAppender.java:551)
	at org.apache.ratis.thirdparty.io.grpc.stub.ClientCalls$StreamObserverToCallListenerAdapter.onClose(ClientCalls.java:479)
	at org.apache.ratis.thirdparty.io.grpc.internal.ClientCallImpl.closeObserver(ClientCallImpl.java:567)
	at org.apache.ratis.thirdparty.io.grpc.internal.ClientCallImpl.access$300(ClientCallImpl.java:71)
	at org.apache.ratis.thirdparty.io.grpc.internal.ClientCallImpl$ClientStreamListenerImpl$1StreamClosed.runInternal(ClientCallImpl.java:735)
	at org.apache.ratis.thirdparty.io.grpc.internal.ClientCallImpl$ClientStreamListenerImpl$1StreamClosed.runInContext(ClientCallImpl.java:716)
	at org.apache.ratis.thirdparty.io.grpc.internal.ContextRunnable.run(ContextRunnable.java:37)
	at org.apache.ratis.thirdparty.io.grpc.internal.SerializingExecutor.run(SerializingExecutor.java:133)
	at java.base/java.util.concurrent.ThreadPoolExecutor.runWorker(ThreadPoolExecutor.java:1144)
	at java.base/java.util.concurrent.ThreadPoolExecutor$Worker.run(ThreadPoolExecutor.java:642)
	at java.base/java.lang.Thread.run(Thread.java:1583)
2025-04-23 15:45:29,931 [grpc-default-executor-0] INFO  server.GrpcLogAppender (GrpcLogAppender.java:onCompleted(550)) - omNode-3@group-523986131536->omNode-2-AppendLogResponseHandler: follower responses appendEntries COMPLETED
2025-04-23 15:45:29,931 [grpc-default-executor-0] WARN  server.GrpcLogAppender (GrpcLogAppender.java:resetClient(230)) - omNode-3@group-523986131536->omNode-2-GrpcLogAppender: Failed to getClient for omNode-2
org.apache.ratis.protocol.exceptions.AlreadyClosedException: omNode-3 is already CLOSED
	at org.apache.ratis.util.PeerProxyMap$PeerAndProxy.getProxy(PeerProxyMap.java:67)
	at org.apache.ratis.util.PeerProxyMap.getProxy(PeerProxyMap.java:124)
	at org.apache.ratis.grpc.server.GrpcLogAppender.getClient(GrpcLogAppender.java:200)
	at org.apache.ratis.grpc.server.GrpcLogAppender.resetClient(GrpcLogAppender.java:205)
	at org.apache.ratis.grpc.server.GrpcLogAppender.access$800(GrpcLogAppender.java:64)
	at org.apache.ratis.grpc.server.GrpcLogAppender$AppendLogResponseHandler.onCompleted(GrpcLogAppender.java:551)
	at org.apache.ratis.thirdparty.io.grpc.stub.ClientCalls$StreamObserverToCallListenerAdapter.onClose(ClientCalls.java:479)
	at org.apache.ratis.thirdparty.io.grpc.internal.DelayedClientCall$DelayedListener$3.run(DelayedClientCall.java:489)
	at org.apache.ratis.thirdparty.io.grpc.internal.DelayedClientCall$DelayedListener.delayOrExecute(DelayedClientCall.java:453)
	at org.apache.ratis.thirdparty.io.grpc.internal.DelayedClientCall$DelayedListener.onClose(DelayedClientCall.java:486)
	at org.apache.ratis.thirdparty.io.grpc.internal.ClientCallImpl.closeObserver(ClientCallImpl.java:567)
	at org.apache.ratis.thirdparty.io.grpc.internal.ClientCallImpl.access$300(ClientCallImpl.java:71)
	at org.apache.ratis.thirdparty.io.grpc.internal.ClientCallImpl$ClientStreamListenerImpl$1StreamClosed.runInternal(ClientCallImpl.java:735)
	at org.apache.ratis.thirdparty.io.grpc.internal.ClientCallImpl$ClientStreamListenerImpl$1StreamClosed.runInContext(ClientCallImpl.java:716)
	at org.apache.ratis.thirdparty.io.grpc.internal.ContextRunnable.run(ContextRunnable.java:37)
	at org.apache.ratis.thirdparty.io.grpc.internal.SerializingExecutor.run(SerializingExecutor.java:133)
	at java.base/java.util.concurrent.ThreadPoolExecutor.runWorker(ThreadPoolExecutor.java:1144)
	at java.base/java.util.concurrent.ThreadPoolExecutor$Worker.run(ThreadPoolExecutor.java:642)
	at java.base/java.lang.Thread.run(Thread.java:1583)
2025-04-23 15:45:29,933 [main] INFO  server.GrpcService (GrpcService.java:closeImpl(352)) - omNode-3: shutdown server GrpcServerProtocolService successfully
2025-04-23 15:45:29,950 [omNode-3@group-523986131536-StateMachineUpdater] INFO  ratis.OzoneManagerStateMachine (OzoneManagerStateMachine.java:takeSnapshotImpl(510)) - omNode-3: taking snapshot. applied = (t:5, i:68), skipped = 67, notified = (t:5, i:68), current snapshot index = (t:5, i:68), took 23 ms
2025-04-23 15:45:29,950 [omNode-3@group-523986131536-StateMachineUpdater] INFO  impl.StateMachineUpdater (StateMachineUpdater.java:takeSnapshot(303)) - omNode-3@group-523986131536-StateMachineUpdater: Took a snapshot at index 68
2025-04-23 15:45:29,950 [omNode-3@group-523986131536-StateMachineUpdater] INFO  impl.StateMachineUpdater (StateMachineUpdater.java:lambda$new$0(102)) - omNode-3@group-523986131536-StateMachineUpdater: snapshotIndex: updateIncreasingly 34 -> 68
2025-04-23 15:45:29,951 [omNode-3@group-523986131536-StateMachineUpdater] INFO  raftlog.RaftLog (RaftLogBase.java:purge(325)) - omNode-3@group-523986131536-SegmentedRaftLog: purge 68
2025-04-23 15:45:29,952 [omNode-3@group-523986131536-StateMachineUpdater] INFO  raftlog.RaftLog (RaftLogBase.java:lambda$new$0(54)) - omNode-3@group-523986131536-SegmentedRaftLog: snapshotIndex: updateIncreasingly 34 -> 68
2025-04-23 15:45:29,952 [omNode-3@group-523986131536-StateMachineUpdater] INFO  raftlog.RaftLog (SegmentedRaftLog.java:purgeImpl(382)) - omNode-3@group-523986131536-SegmentedRaftLog: purge(68)
  toTruncate: null
    toDelete: [(33, 34) isOpen? false, length=0, newEndIndex=0, (31, 32) isOpen? false, length=0, newEndIndex=0, (21, 30) isOpen? false, length=0, newEndIndex=0, (0, 20) isOpen? false, length=0, newEndIndex=0]
2025-04-23 15:45:29,953 [omNode-3@group-523986131536-SegmentedRaftLogWorker] INFO  segmented.SegmentedRaftLogWorker (SegmentedRaftLogWorker.java:execute(481)) - omNode-3@group-523986131536-SegmentedRaftLogWorker: Purged RaftLog segment: info=(33, 34) isOpen? false, length=0, newEndIndex=0, path=/home/runner/work/ozone/ozone/hadoop-ozone/integration-test/target/test-dir/MiniOzoneClusterImpl-5cf50c17-c591-473f-a8c4-88d8665d28d7/omNode-3/ratis/c9bc4cf4-3bc3-3c60-a66b-523986131536/current/log_33-34
2025-04-23 15:45:29,953 [omNode-3@group-523986131536-StateMachineUpdater] INFO  impl.StateMachineUpdater (StateMachineUpdater.java:stop(141)) - omNode-3@group-523986131536-StateMachineUpdater: closing OzoneManagerStateMachine, lastApplied=(t:5, i:68)
2025-04-23 15:45:29,953 [omNode-3@group-523986131536-SegmentedRaftLogWorker] INFO  segmented.SegmentedRaftLogWorker (SegmentedRaftLogWorker.java:execute(481)) - omNode-3@group-523986131536-SegmentedRaftLogWorker: Purged RaftLog segment: info=(31, 32) isOpen? false, length=0, newEndIndex=0, path=/home/runner/work/ozone/ozone/hadoop-ozone/integration-test/target/test-dir/MiniOzoneClusterImpl-5cf50c17-c591-473f-a8c4-88d8665d28d7/omNode-3/ratis/c9bc4cf4-3bc3-3c60-a66b-523986131536/current/log_31-32
2025-04-23 15:45:29,953 [omNode-3@group-523986131536-StateMachineUpdater] INFO  ratis.OzoneManagerStateMachine (OzoneManagerStateMachine.java:close(550)) - Stopping OzoneManagerStateMachine:omNode-3:group-523986131536.
2025-04-23 15:45:29,953 [omNode-3@group-523986131536-StateMachineUpdater] INFO  ratis.OzoneManagerDoubleBuffer (OzoneManagerDoubleBuffer.java:stopDaemon(500)) - Stopping OMDoubleBuffer flush thread
2025-04-23 15:45:29,953 [omNode-3@group-523986131536-SegmentedRaftLogWorker] INFO  segmented.SegmentedRaftLogWorker (SegmentedRaftLogWorker.java:execute(481)) - omNode-3@group-523986131536-SegmentedRaftLogWorker: Purged RaftLog segment: info=(21, 30) isOpen? false, length=0, newEndIndex=0, path=/home/runner/work/ozone/ozone/hadoop-ozone/integration-test/target/test-dir/MiniOzoneClusterImpl-5cf50c17-c591-473f-a8c4-88d8665d28d7/omNode-3/ratis/c9bc4cf4-3bc3-3c60-a66b-523986131536/current/log_21-30
2025-04-23 15:45:29,953 [omNode-3-OMDoubleBufferFlushThread] INFO  ratis.OzoneManagerDoubleBuffer (OzoneManagerDoubleBuffer.java:canFlush(559)) - OMDoubleBuffer flush thread omNode-3-OMDoubleBufferFlushThread is interrupted and will exit.
2025-04-23 15:45:29,953 [omNode-3@group-523986131536-SegmentedRaftLogWorker] INFO  segmented.SegmentedRaftLogWorker (SegmentedRaftLogWorker.java:execute(481)) - omNode-3@group-523986131536-SegmentedRaftLogWorker: Purged RaftLog segment: info=(0, 20) isOpen? false, length=0, newEndIndex=0, path=/home/runner/work/ozone/ozone/hadoop-ozone/integration-test/target/test-dir/MiniOzoneClusterImpl-5cf50c17-c591-473f-a8c4-88d8665d28d7/omNode-3/ratis/c9bc4cf4-3bc3-3c60-a66b-523986131536/current/log_0-20
2025-04-23 15:45:29,953 [omNode-3@group-523986131536-SegmentedRaftLogWorker] INFO  raftlog.RaftLog (RaftLogBase.java:lambda$new$0(54)) - omNode-3@group-523986131536-SegmentedRaftLog: purgeIndex: updateToMax old=-1, new=34, updated? true
2025-04-23 15:45:29,954 [omNode-3@group-523986131536-cacheEviction-AwaitToRun] INFO  util.AwaitToRun (AwaitToRun.java:run(49)) - omNode-3@group-523986131536-cacheEviction-AwaitToRun-AwaitForSignal is interrupted
2025-04-23 15:45:30,954 [omNode-3-impl-thread1] INFO  segmented.SegmentedRaftLogWorker (SegmentedRaftLogWorker.java:close(252)) - omNode-3@group-523986131536-SegmentedRaftLogWorker close()
2025-04-23 15:45:30,955 [JvmPauseMonitor14] INFO  util.JvmPauseMonitor (JvmPauseMonitor.java:run(152)) - JvmPauseMonitor-omNode-3: Stopped
2025-04-23 15:45:30,955 [main] INFO  utils.BackgroundService (BackgroundService.java:shutdown(161)) - Shutting down service KeyDeletingService
2025-04-23 15:45:30,955 [main] INFO  utils.BackgroundService (BackgroundService.java:shutdown(161)) - Shutting down service DirectoryDeletingService
2025-04-23 15:45:30,956 [main] INFO  utils.BackgroundService (BackgroundService.java:shutdown(161)) - Shutting down service OpenKeyCleanupService
2025-04-23 15:45:30,957 [main] INFO  utils.BackgroundService (BackgroundService.java:shutdown(161)) - Shutting down service SstFilteringService
2025-04-23 15:45:30,957 [main] INFO  utils.BackgroundService (BackgroundService.java:shutdown(161)) - Shutting down service SnapshotDeletingService
2025-04-23 15:45:30,957 [main] INFO  utils.BackgroundService (BackgroundService.java:shutdown(161)) - Shutting down service MultipartUploadCleanupService
2025-04-23 15:45:30,958 [main] INFO  handler.ContextHandler (ContextHandler.java:doStop(1159)) - Stopped o.e.j.w.WebAppContext@2d0c1399{ozoneManager,/,null,STOPPED}{file:/home/runner/work/ozone/ozone/hadoop-ozone/integration-test/target/test-classes/webapps/ozoneManager}
2025-04-23 15:45:30,959 [main] INFO  server.AbstractConnector (AbstractConnector.java:doStop(383)) - Stopped ServerConnector@66d911d3{HTTP/1.1, (http/1.1)}{0.0.0.0:15015}
2025-04-23 15:45:30,959 [main] INFO  server.session (HouseKeeper.java:stopScavenging(149)) - node0 Stopped scavenging
2025-04-23 15:45:30,959 [main] INFO  handler.ContextHandler (ContextHandler.java:doStop(1159)) - Stopped o.e.j.s.ServletContextHandler@1e23623{static,/static,file:///home/runner/work/ozone/ozone/hadoop-ozone/integration-test/target/test-classes/webapps/static,STOPPED}
2025-04-23 15:45:30,959 [main] INFO  handler.ContextHandler (ContextHandler.java:doStop(1159)) - Stopped o.e.j.s.ServletContextHandler@bc8dc17{logs,/logs,file:///home/runner/work/ozone/ozone/hadoop-ozone/integration-test/target/log,STOPPED}
2025-04-23 15:45:30,960 [main] INFO  rocksdiff.RocksDBCheckpointDiffer (RocksDBCheckpointDiffer.java:close(304)) - Shutting down CompactionDagPruningService.
2025-04-23 15:45:30,962 [main] INFO  snapshot.SnapshotDiffManager (SnapshotDiffManager.java:closeExecutorService(1698)) - Shutting down executorService: 'SnapDiffExecutor'
2025-04-23 15:45:30,962 [main] INFO  utils.BackgroundService (BackgroundService.java:shutdown(161)) - Shutting down service SnapshotDiffCleanupService
2025-04-23 15:45:30,963 [main] INFO  om.OzoneManager (OzoneManager.java:stop(2347)) - omNode-1[localhost:15006]: Stopping Ozone Manager
2025-04-23 15:45:30,963 [main] INFO  ipc.Server (Server.java:stop(3697)) - Stopping server on 15006
2025-04-23 15:45:30,965 [IPC Server listener on 15006] INFO  ipc.Server (Server.java:run(1585)) - Stopping IPC Server listener on 15006
2025-04-23 15:45:30,965 [IPC Server Responder] INFO  ipc.Server (Server.java:run(1718)) - Stopping IPC Server Responder
2025-04-23 15:45:30,965 [main] INFO  ratis.OzoneManagerRatisServer (OzoneManagerRatisServer.java:stop(634)) - Stopping org.apache.hadoop.ozone.om.ratis.OzoneManagerRatisServer@1705c3cf at port 15009
2025-04-23 15:45:30,965 [main] INFO  server.RaftServer (RaftServerProxy.java:lambda$close$9(417)) - omNode-1: close
2025-04-23 15:45:30,965 [omNode-1-impl-thread1] INFO  server.RaftServer$Division (RaftServerImpl.java:lambda$close$1(513)) - omNode-1@group-523986131536: shutdown
2025-04-23 15:45:30,965 [main] INFO  server.GrpcService (GrpcService.java:closeImpl(343)) - omNode-1: shutdown server GrpcServerProtocolService now
2025-04-23 15:45:30,965 [omNode-1-impl-thread1] INFO  util.JmxRegister (JmxRegister.java:unregister(74)) - Successfully un-registered JMX Bean with object name Ratis:service=RaftServer,group=group-523986131536,id=omNode-1
2025-04-23 15:45:30,965 [omNode-1-impl-thread1] INFO  impl.RoleInfo (RoleInfo.java:shutdownFollowerState(121)) - omNode-1: shutdown omNode-1@group-523986131536-FollowerState
2025-04-23 15:45:30,966 [omNode-1-impl-thread1] INFO  impl.StateMachineUpdater (StateMachineUpdater.java:stopAndJoin(164)) - omNode-1@group-523986131536-StateMachineUpdater: set stopIndex = 68
2025-04-23 15:45:30,966 [omNode-1@group-523986131536-FollowerState] INFO  impl.FollowerState (FollowerState.java:runImpl(170)) - omNode-1@group-523986131536-FollowerState was interrupted
2025-04-23 15:45:30,967 [main] INFO  server.GrpcService (GrpcService.java:closeImpl(352)) - omNode-1: shutdown server GrpcServerProtocolService successfully
2025-04-23 15:45:30,988 [omNode-1@group-523986131536-StateMachineUpdater] INFO  ratis.OzoneManagerStateMachine (OzoneManagerStateMachine.java:takeSnapshotImpl(510)) - omNode-1: taking snapshot. applied = (t:5, i:68), skipped = 67, notified = (t:5, i:68), current snapshot index = (t:5, i:68), took 22 ms
2025-04-23 15:45:30,988 [omNode-1@group-523986131536-StateMachineUpdater] INFO  impl.StateMachineUpdater (StateMachineUpdater.java:takeSnapshot(303)) - omNode-1@group-523986131536-StateMachineUpdater: Took a snapshot at index 68
2025-04-23 15:45:30,988 [omNode-1@group-523986131536-StateMachineUpdater] INFO  impl.StateMachineUpdater (StateMachineUpdater.java:lambda$new$0(102)) - omNode-1@group-523986131536-StateMachineUpdater: snapshotIndex: updateIncreasingly 33 -> 68
2025-04-23 15:45:30,988 [omNode-1@group-523986131536-StateMachineUpdater] INFO  raftlog.RaftLog (RaftLogBase.java:purge(325)) - omNode-1@group-523986131536-SegmentedRaftLog: purge 68
2025-04-23 15:45:30,988 [omNode-1@group-523986131536-StateMachineUpdater] INFO  raftlog.RaftLog (RaftLogBase.java:lambda$new$0(54)) - omNode-1@group-523986131536-SegmentedRaftLog: snapshotIndex: updateIncreasingly 33 -> 68
2025-04-23 15:45:30,988 [omNode-1@group-523986131536-StateMachineUpdater] INFO  raftlog.RaftLog (SegmentedRaftLog.java:purgeImpl(382)) - omNode-1@group-523986131536-SegmentedRaftLog: purge(68)
  toTruncate: null
    toDelete: [(33, 34) isOpen? false, length=0, newEndIndex=0, (31, 32) isOpen? false, length=0, newEndIndex=0, (21, 30) isOpen? false, length=0, newEndIndex=0, (0, 20) isOpen? false, length=0, newEndIndex=0]
2025-04-23 15:45:30,989 [omNode-1@group-523986131536-StateMachineUpdater] INFO  impl.StateMachineUpdater (StateMachineUpdater.java:stop(141)) - omNode-1@group-523986131536-StateMachineUpdater: closing OzoneManagerStateMachine, lastApplied=(t:5, i:68)
2025-04-23 15:45:30,989 [omNode-1@group-523986131536-StateMachineUpdater] INFO  ratis.OzoneManagerStateMachine (OzoneManagerStateMachine.java:close(550)) - Stopping OzoneManagerStateMachine:omNode-1:group-523986131536.
2025-04-23 15:45:30,989 [omNode-1@group-523986131536-StateMachineUpdater] INFO  ratis.OzoneManagerDoubleBuffer (OzoneManagerDoubleBuffer.java:stopDaemon(500)) - Stopping OMDoubleBuffer flush thread
2025-04-23 15:45:30,989 [omNode-1-OMDoubleBufferFlushThread] INFO  ratis.OzoneManagerDoubleBuffer (OzoneManagerDoubleBuffer.java:canFlush(559)) - OMDoubleBuffer flush thread omNode-1-OMDoubleBufferFlushThread is interrupted and will exit.
2025-04-23 15:45:30,989 [omNode-1@group-523986131536-SegmentedRaftLogWorker] INFO  segmented.SegmentedRaftLogWorker (SegmentedRaftLogWorker.java:execute(481)) - omNode-1@group-523986131536-SegmentedRaftLogWorker: Purged RaftLog segment: info=(33, 34) isOpen? false, length=0, newEndIndex=0, path=/home/runner/work/ozone/ozone/hadoop-ozone/integration-test/target/test-dir/MiniOzoneClusterImpl-5cf50c17-c591-473f-a8c4-88d8665d28d7/omNode-1/ratis/c9bc4cf4-3bc3-3c60-a66b-523986131536/current/log_33-34
2025-04-23 15:45:30,989 [omNode-1@group-523986131536-SegmentedRaftLogWorker] INFO  segmented.SegmentedRaftLogWorker (SegmentedRaftLogWorker.java:execute(481)) - omNode-1@group-523986131536-SegmentedRaftLogWorker: Purged RaftLog segment: info=(31, 32) isOpen? false, length=0, newEndIndex=0, path=/home/runner/work/ozone/ozone/hadoop-ozone/integration-test/target/test-dir/MiniOzoneClusterImpl-5cf50c17-c591-473f-a8c4-88d8665d28d7/omNode-1/ratis/c9bc4cf4-3bc3-3c60-a66b-523986131536/current/log_31-32
2025-04-23 15:45:30,989 [omNode-1@group-523986131536-SegmentedRaftLogWorker] INFO  segmented.SegmentedRaftLogWorker (SegmentedRaftLogWorker.java:execute(481)) - omNode-1@group-523986131536-SegmentedRaftLogWorker: Purged RaftLog segment: info=(21, 30) isOpen? false, length=0, newEndIndex=0, path=/home/runner/work/ozone/ozone/hadoop-ozone/integration-test/target/test-dir/MiniOzoneClusterImpl-5cf50c17-c591-473f-a8c4-88d8665d28d7/omNode-1/ratis/c9bc4cf4-3bc3-3c60-a66b-523986131536/current/log_21-30
2025-04-23 15:45:30,989 [omNode-1@group-523986131536-SegmentedRaftLogWorker] INFO  segmented.SegmentedRaftLogWorker (SegmentedRaftLogWorker.java:execute(481)) - omNode-1@group-523986131536-SegmentedRaftLogWorker: Purged RaftLog segment: info=(0, 20) isOpen? false, length=0, newEndIndex=0, path=/home/runner/work/ozone/ozone/hadoop-ozone/integration-test/target/test-dir/MiniOzoneClusterImpl-5cf50c17-c591-473f-a8c4-88d8665d28d7/omNode-1/ratis/c9bc4cf4-3bc3-3c60-a66b-523986131536/current/log_0-20
2025-04-23 15:45:30,989 [omNode-1@group-523986131536-cacheEviction-AwaitToRun] INFO  util.AwaitToRun (AwaitToRun.java:run(49)) - omNode-1@group-523986131536-cacheEviction-AwaitToRun-AwaitForSignal is interrupted
2025-04-23 15:45:30,989 [omNode-1@group-523986131536-SegmentedRaftLogWorker] INFO  raftlog.RaftLog (RaftLogBase.java:lambda$new$0(54)) - omNode-1@group-523986131536-SegmentedRaftLog: purgeIndex: updateToMax old=-1, new=34, updated? true
2025-04-23 15:45:30,990 [omNode-2@group-523986131536-FollowerState] INFO  impl.FollowerState (FollowerState.java:runImpl(161)) - omNode-2@group-523986131536-FollowerState: change to CANDIDATE, lastRpcElapsedTime:1289414980ns, electionTimeout:1168ms
2025-04-23 15:45:30,990 [omNode-2@group-523986131536-FollowerState] INFO  impl.RoleInfo (RoleInfo.java:shutdownFollowerState(121)) - omNode-2: shutdown omNode-2@group-523986131536-FollowerState
2025-04-23 15:45:30,990 [omNode-2@group-523986131536-FollowerState] INFO  server.RaftServer$Division (RaftServerImpl.java:setRole(378)) - omNode-2@group-523986131536: changes role from  FOLLOWER to CANDIDATE at term 5 for changeToCandidate
2025-04-23 15:45:30,990 [omNode-2@group-523986131536-FollowerState] INFO  server.RaftServerConfigKeys (ConfUtils.java:logGet(46)) - raft.server.leaderelection.pre-vote = true (default)
2025-04-23 15:45:30,990 [omNode-2@group-523986131536-FollowerState] INFO  impl.RoleInfo (RoleInfo.java:updateAndGet(148)) - omNode-2: start omNode-2@group-523986131536-LeaderElection14
2025-04-23 15:45:30,990 [omNode-2@group-523986131536-LeaderElection14] INFO  server.RaftServer$Division (ServerState.java:setLeader(272)) - omNode-2@group-523986131536: change Leader from omNode-3 to null at term 5 for PRE_VOTE
2025-04-23 15:45:30,990 [omNode-2@group-523986131536-LeaderElection14] INFO  impl.LeaderElection (LeaderElection.java:askForVotes(332)) - omNode-2@group-523986131536-LeaderElection14 PRE_VOTE round 0: submit vote requests at term 5 for conf: {index: 35, cur=peers:[omNode-3|localhost:15017, omNode-1|localhost:15009, omNode-2|localhost:15013]|listeners:[], old=null}
2025-04-23 15:45:30,990 [omNode-1-impl-thread1] INFO  segmented.SegmentedRaftLogWorker (SegmentedRaftLogWorker.java:close(252)) - omNode-1@group-523986131536-SegmentedRaftLogWorker close()
2025-04-23 15:45:30,991 [omNode-2@group-523986131536-LeaderElection14-1] INFO  server.GrpcServerProtocolClient (GrpcServerProtocolClient.java:<init>(65)) - Build channel for omNode-3|localhost:15017
2025-04-23 15:45:30,991 [omNode-2@group-523986131536-LeaderElection14-2] INFO  server.GrpcServerProtocolClient (GrpcServerProtocolClient.java:<init>(65)) - Build channel for omNode-1|localhost:15009
2025-04-23 15:45:30,991 [JvmPauseMonitor15] INFO  util.JvmPauseMonitor (JvmPauseMonitor.java:run(152)) - JvmPauseMonitor-omNode-1: Stopped
2025-04-23 15:45:30,992 [main] INFO  utils.BackgroundService (BackgroundService.java:shutdown(161)) - Shutting down service KeyDeletingService
2025-04-23 15:45:30,992 [main] INFO  utils.BackgroundService (BackgroundService.java:shutdown(161)) - Shutting down service DirectoryDeletingService
2025-04-23 15:45:30,994 [main] INFO  utils.BackgroundService (BackgroundService.java:shutdown(161)) - Shutting down service OpenKeyCleanupService
2025-04-23 15:45:30,994 [main] INFO  utils.BackgroundService (BackgroundService.java:shutdown(161)) - Shutting down service SstFilteringService
2025-04-23 15:45:30,995 [omNode-2@group-523986131536-LeaderElection14] INFO  impl.LeaderElection (LogUtils.java:infoOrTrace(136)) - omNode-2@group-523986131536-LeaderElection14 got exception when requesting votes: java.util.concurrent.ExecutionException: org.apache.ratis.thirdparty.io.grpc.StatusRuntimeException: UNAVAILABLE: io exception
2025-04-23 15:45:30,995 [main] INFO  utils.BackgroundService (BackgroundService.java:shutdown(161)) - Shutting down service SnapshotDeletingService
2025-04-23 15:45:30,995 [main] INFO  utils.BackgroundService (BackgroundService.java:shutdown(161)) - Shutting down service MultipartUploadCleanupService
2025-04-23 15:45:30,995 [omNode-2@group-523986131536-LeaderElection14] INFO  impl.LeaderElection (LogUtils.java:infoOrTrace(136)) - omNode-2@group-523986131536-LeaderElection14 got exception when requesting votes: java.util.concurrent.ExecutionException: org.apache.ratis.thirdparty.io.grpc.StatusRuntimeException: UNAVAILABLE: io exception
2025-04-23 15:45:30,995 [omNode-2@group-523986131536-LeaderElection14] INFO  impl.LeaderElection (LeaderElection.java:logAndReturn(90)) - omNode-2@group-523986131536-LeaderElection14: PRE_VOTE REJECTED received 0 response(s) and 2 exception(s):
2025-04-23 15:45:30,995 [omNode-2@group-523986131536-LeaderElection14] INFO  impl.LeaderElection (LogUtils.java:infoOrTrace(136)) -   Exception 0: java.util.concurrent.ExecutionException: org.apache.ratis.thirdparty.io.grpc.StatusRuntimeException: UNAVAILABLE: io exception
2025-04-23 15:45:30,995 [omNode-2@group-523986131536-LeaderElection14] INFO  impl.LeaderElection (LogUtils.java:infoOrTrace(136)) -   Exception 1: java.util.concurrent.ExecutionException: org.apache.ratis.thirdparty.io.grpc.StatusRuntimeException: UNAVAILABLE: io exception
2025-04-23 15:45:30,996 [omNode-2@group-523986131536-LeaderElection14] INFO  impl.LeaderElection (LeaderElection.java:askForVotes(334)) - omNode-2@group-523986131536-LeaderElection14 PRE_VOTE round 0: result REJECTED
2025-04-23 15:45:30,996 [omNode-2@group-523986131536-LeaderElection14] INFO  server.RaftServer$Division (RaftServerImpl.java:setRole(378)) - omNode-2@group-523986131536: changes role from CANDIDATE to FOLLOWER at term 5 for REJECTED
2025-04-23 15:45:30,996 [omNode-2@group-523986131536-LeaderElection14] INFO  impl.RoleInfo (RoleInfo.java:shutdownLeaderElection(141)) - omNode-2: shutdown omNode-2@group-523986131536-LeaderElection14
2025-04-23 15:45:30,996 [omNode-2@group-523986131536-LeaderElection14] INFO  impl.RoleInfo (RoleInfo.java:updateAndGet(148)) - omNode-2: start omNode-2@group-523986131536-FollowerState
2025-04-23 15:45:30,996 [main] INFO  handler.ContextHandler (ContextHandler.java:doStop(1159)) - Stopped o.e.j.w.WebAppContext@7378e228{ozoneManager,/,null,STOPPED}{file:/home/runner/work/ozone/ozone/hadoop-ozone/integration-test/target/test-classes/webapps/ozoneManager}
2025-04-23 15:45:30,997 [main] INFO  server.AbstractConnector (AbstractConnector.java:doStop(383)) - Stopped ServerConnector@41d139b6{HTTP/1.1, (http/1.1)}{0.0.0.0:15007}
2025-04-23 15:45:30,997 [main] INFO  server.session (HouseKeeper.java:stopScavenging(149)) - node0 Stopped scavenging
2025-04-23 15:45:30,997 [main] INFO  handler.ContextHandler (ContextHandler.java:doStop(1159)) - Stopped o.e.j.s.ServletContextHandler@52988c4f{static,/static,file:///home/runner/work/ozone/ozone/hadoop-ozone/integration-test/target/test-classes/webapps/static,STOPPED}
2025-04-23 15:45:30,997 [main] INFO  handler.ContextHandler (ContextHandler.java:doStop(1159)) - Stopped o.e.j.s.ServletContextHandler@181d73ef{logs,/logs,file:///home/runner/work/ozone/ozone/hadoop-ozone/integration-test/target/log,STOPPED}
2025-04-23 15:45:30,998 [main] INFO  rocksdiff.RocksDBCheckpointDiffer (RocksDBCheckpointDiffer.java:close(304)) - Shutting down CompactionDagPruningService.
2025-04-23 15:45:31,000 [main] INFO  snapshot.SnapshotDiffManager (SnapshotDiffManager.java:closeExecutorService(1698)) - Shutting down executorService: 'SnapDiffExecutor'
2025-04-23 15:45:31,000 [main] INFO  utils.BackgroundService (BackgroundService.java:shutdown(161)) - Shutting down service SnapshotDiffCleanupService
2025-04-23 15:45:31,000 [main] INFO  om.OzoneManager (OzoneManager.java:stop(2347)) - omNode-2[localhost:15010]: Stopping Ozone Manager
2025-04-23 15:45:31,001 [main] INFO  ipc.Server (Server.java:stop(3697)) - Stopping server on 15010
2025-04-23 15:45:31,003 [IPC Server listener on 15010] INFO  ipc.Server (Server.java:run(1585)) - Stopping IPC Server listener on 15010
2025-04-23 15:45:31,003 [IPC Server Responder] INFO  ipc.Server (Server.java:run(1718)) - Stopping IPC Server Responder
2025-04-23 15:45:31,003 [main] INFO  ratis.OzoneManagerRatisServer (OzoneManagerRatisServer.java:stop(634)) - Stopping org.apache.hadoop.ozone.om.ratis.OzoneManagerRatisServer@68915674 at port 15013
2025-04-23 15:45:31,003 [main] INFO  server.RaftServer (RaftServerProxy.java:lambda$close$9(417)) - omNode-2: close
2025-04-23 15:45:31,004 [main] INFO  server.GrpcService (GrpcService.java:closeImpl(343)) - omNode-2: shutdown server GrpcServerProtocolService now
2025-04-23 15:45:31,004 [omNode-2-impl-thread1] INFO  server.RaftServer$Division (RaftServerImpl.java:lambda$close$1(513)) - omNode-2@group-523986131536: shutdown
2025-04-23 15:45:31,004 [omNode-2-impl-thread1] INFO  util.JmxRegister (JmxRegister.java:unregister(74)) - Successfully un-registered JMX Bean with object name Ratis:service=RaftServer,group=group-523986131536,id=omNode-2
2025-04-23 15:45:31,004 [omNode-2-impl-thread1] INFO  impl.RoleInfo (RoleInfo.java:shutdownFollowerState(121)) - omNode-2: shutdown omNode-2@group-523986131536-FollowerState
2025-04-23 15:45:31,004 [omNode-2-impl-thread1] INFO  impl.StateMachineUpdater (StateMachineUpdater.java:stopAndJoin(164)) - omNode-2@group-523986131536-StateMachineUpdater: set stopIndex = 68
2025-04-23 15:45:31,004 [omNode-2@group-523986131536-FollowerState] INFO  impl.FollowerState (FollowerState.java:runImpl(170)) - omNode-2@group-523986131536-FollowerState was interrupted
2025-04-23 15:45:31,004 [Thread-2104] INFO  server.GrpcServerProtocolClient (GrpcServerProtocolClient.java:close(105)) - omNode-3 Close channels
2025-04-23 15:45:31,005 [Thread-2105] INFO  server.GrpcServerProtocolClient (GrpcServerProtocolClient.java:close(105)) - omNode-1 Close channels
2025-04-23 15:45:31,005 [main] INFO  server.GrpcService (GrpcService.java:closeImpl(352)) - omNode-2: shutdown server GrpcServerProtocolService successfully
2025-04-23 15:45:31,023 [omNode-2@group-523986131536-StateMachineUpdater] INFO  ratis.OzoneManagerStateMachine (OzoneManagerStateMachine.java:takeSnapshotImpl(510)) - omNode-2: taking snapshot. applied = (t:5, i:68), skipped = 67, notified = (t:5, i:68), current snapshot index = (t:5, i:68), took 19 ms
2025-04-23 15:45:31,023 [omNode-2@group-523986131536-StateMachineUpdater] INFO  impl.StateMachineUpdater (StateMachineUpdater.java:takeSnapshot(303)) - omNode-2@group-523986131536-StateMachineUpdater: Took a snapshot at index 68
2025-04-23 15:45:31,023 [omNode-2@group-523986131536-StateMachineUpdater] INFO  impl.StateMachineUpdater (StateMachineUpdater.java:lambda$new$0(102)) - omNode-2@group-523986131536-StateMachineUpdater: snapshotIndex: updateIncreasingly 33 -> 68
2025-04-23 15:45:31,023 [omNode-2@group-523986131536-StateMachineUpdater] INFO  raftlog.RaftLog (RaftLogBase.java:purge(325)) - omNode-2@group-523986131536-SegmentedRaftLog: purge 68
2025-04-23 15:45:31,023 [omNode-2@group-523986131536-StateMachineUpdater] INFO  raftlog.RaftLog (RaftLogBase.java:lambda$new$0(54)) - omNode-2@group-523986131536-SegmentedRaftLog: snapshotIndex: updateIncreasingly 33 -> 68
2025-04-23 15:45:31,023 [omNode-2@group-523986131536-StateMachineUpdater] INFO  raftlog.RaftLog (SegmentedRaftLog.java:purgeImpl(382)) - omNode-2@group-523986131536-SegmentedRaftLog: purge(68)
  toTruncate: null
    toDelete: [(33, 34) isOpen? false, length=0, newEndIndex=0, (31, 32) isOpen? false, length=0, newEndIndex=0, (21, 30) isOpen? false, length=0, newEndIndex=0, (0, 20) isOpen? false, length=0, newEndIndex=0]
2025-04-23 15:45:31,023 [omNode-2@group-523986131536-StateMachineUpdater] INFO  impl.StateMachineUpdater (StateMachineUpdater.java:stop(141)) - omNode-2@group-523986131536-StateMachineUpdater: closing OzoneManagerStateMachine, lastApplied=(t:5, i:68)
2025-04-23 15:45:31,023 [omNode-2@group-523986131536-StateMachineUpdater] INFO  ratis.OzoneManagerStateMachine (OzoneManagerStateMachine.java:close(550)) - Stopping OzoneManagerStateMachine:omNode-2:group-523986131536.
2025-04-23 15:45:31,023 [omNode-2@group-523986131536-StateMachineUpdater] INFO  ratis.OzoneManagerDoubleBuffer (OzoneManagerDoubleBuffer.java:stopDaemon(500)) - Stopping OMDoubleBuffer flush thread
2025-04-23 15:45:31,024 [omNode-2-OMDoubleBufferFlushThread] INFO  ratis.OzoneManagerDoubleBuffer (OzoneManagerDoubleBuffer.java:canFlush(559)) - OMDoubleBuffer flush thread omNode-2-OMDoubleBufferFlushThread is interrupted and will exit.
2025-04-23 15:45:31,024 [omNode-2@group-523986131536-SegmentedRaftLogWorker] INFO  segmented.SegmentedRaftLogWorker (SegmentedRaftLogWorker.java:execute(481)) - omNode-2@group-523986131536-SegmentedRaftLogWorker: Purged RaftLog segment: info=(33, 34) isOpen? false, length=0, newEndIndex=0, path=/home/runner/work/ozone/ozone/hadoop-ozone/integration-test/target/test-dir/MiniOzoneClusterImpl-5cf50c17-c591-473f-a8c4-88d8665d28d7/omNode-2/ratis/c9bc4cf4-3bc3-3c60-a66b-523986131536/current/log_33-34
2025-04-23 15:45:31,024 [omNode-2@group-523986131536-SegmentedRaftLogWorker] INFO  segmented.SegmentedRaftLogWorker (SegmentedRaftLogWorker.java:execute(481)) - omNode-2@group-523986131536-SegmentedRaftLogWorker: Purged RaftLog segment: info=(31, 32) isOpen? false, length=0, newEndIndex=0, path=/home/runner/work/ozone/ozone/hadoop-ozone/integration-test/target/test-dir/MiniOzoneClusterImpl-5cf50c17-c591-473f-a8c4-88d8665d28d7/omNode-2/ratis/c9bc4cf4-3bc3-3c60-a66b-523986131536/current/log_31-32
2025-04-23 15:45:31,024 [omNode-2@group-523986131536-SegmentedRaftLogWorker] INFO  segmented.SegmentedRaftLogWorker (SegmentedRaftLogWorker.java:execute(481)) - omNode-2@group-523986131536-SegmentedRaftLogWorker: Purged RaftLog segment: info=(21, 30) isOpen? false, length=0, newEndIndex=0, path=/home/runner/work/ozone/ozone/hadoop-ozone/integration-test/target/test-dir/MiniOzoneClusterImpl-5cf50c17-c591-473f-a8c4-88d8665d28d7/omNode-2/ratis/c9bc4cf4-3bc3-3c60-a66b-523986131536/current/log_21-30
2025-04-23 15:45:31,024 [omNode-2@group-523986131536-SegmentedRaftLogWorker] INFO  segmented.SegmentedRaftLogWorker (SegmentedRaftLogWorker.java:execute(481)) - omNode-2@group-523986131536-SegmentedRaftLogWorker: Purged RaftLog segment: info=(0, 20) isOpen? false, length=0, newEndIndex=0, path=/home/runner/work/ozone/ozone/hadoop-ozone/integration-test/target/test-dir/MiniOzoneClusterImpl-5cf50c17-c591-473f-a8c4-88d8665d28d7/omNode-2/ratis/c9bc4cf4-3bc3-3c60-a66b-523986131536/current/log_0-20
2025-04-23 15:45:31,024 [omNode-2@group-523986131536-SegmentedRaftLogWorker] INFO  raftlog.RaftLog (RaftLogBase.java:lambda$new$0(54)) - omNode-2@group-523986131536-SegmentedRaftLog: purgeIndex: updateToMax old=-1, new=34, updated? true
2025-04-23 15:45:31,024 [omNode-2@group-523986131536-cacheEviction-AwaitToRun] INFO  util.AwaitToRun (AwaitToRun.java:run(49)) - omNode-2@group-523986131536-cacheEviction-AwaitToRun-AwaitForSignal is interrupted
2025-04-23 15:45:32,025 [omNode-2-impl-thread1] INFO  segmented.SegmentedRaftLogWorker (SegmentedRaftLogWorker.java:close(252)) - omNode-2@group-523986131536-SegmentedRaftLogWorker close()
2025-04-23 15:45:32,026 [JvmPauseMonitor16] INFO  util.JvmPauseMonitor (JvmPauseMonitor.java:run(152)) - JvmPauseMonitor-omNode-2: Stopped
2025-04-23 15:45:32,026 [main] INFO  utils.BackgroundService (BackgroundService.java:shutdown(161)) - Shutting down service KeyDeletingService
2025-04-23 15:45:32,027 [main] INFO  utils.BackgroundService (BackgroundService.java:shutdown(161)) - Shutting down service DirectoryDeletingService
2025-04-23 15:45:32,028 [main] INFO  utils.BackgroundService (BackgroundService.java:shutdown(161)) - Shutting down service OpenKeyCleanupService
2025-04-23 15:45:32,028 [main] INFO  utils.BackgroundService (BackgroundService.java:shutdown(161)) - Shutting down service SstFilteringService
2025-04-23 15:45:32,028 [main] INFO  utils.BackgroundService (BackgroundService.java:shutdown(161)) - Shutting down service SnapshotDeletingService
2025-04-23 15:45:32,029 [main] INFO  utils.BackgroundService (BackgroundService.java:shutdown(161)) - Shutting down service MultipartUploadCleanupService
2025-04-23 15:45:32,029 [main] INFO  handler.ContextHandler (ContextHandler.java:doStop(1159)) - Stopped o.e.j.w.WebAppContext@6cd7d5d4{ozoneManager,/,null,STOPPED}{file:/home/runner/work/ozone/ozone/hadoop-ozone/integration-test/target/test-classes/webapps/ozoneManager}
2025-04-23 15:45:32,030 [main] INFO  server.AbstractConnector (AbstractConnector.java:doStop(383)) - Stopped ServerConnector@2a9fed34{HTTP/1.1, (http/1.1)}{0.0.0.0:15011}
2025-04-23 15:45:32,030 [main] INFO  server.session (HouseKeeper.java:stopScavenging(149)) - node0 Stopped scavenging
2025-04-23 15:45:32,030 [main] INFO  handler.ContextHandler (ContextHandler.java:doStop(1159)) - Stopped o.e.j.s.ServletContextHandler@37928baf{static,/static,file:///home/runner/work/ozone/ozone/hadoop-ozone/integration-test/target/test-classes/webapps/static,STOPPED}
2025-04-23 15:45:32,030 [main] INFO  handler.ContextHandler (ContextHandler.java:doStop(1159)) - Stopped o.e.j.s.ServletContextHandler@76011287{logs,/logs,file:///home/runner/work/ozone/ozone/hadoop-ozone/integration-test/target/log,STOPPED}
2025-04-23 15:45:32,031 [main] INFO  rocksdiff.RocksDBCheckpointDiffer (RocksDBCheckpointDiffer.java:close(304)) - Shutting down CompactionDagPruningService.
2025-04-23 15:45:32,032 [main] INFO  snapshot.SnapshotDiffManager (SnapshotDiffManager.java:closeExecutorService(1698)) - Shutting down executorService: 'SnapDiffExecutor'
2025-04-23 15:45:32,033 [main] INFO  utils.BackgroundService (BackgroundService.java:shutdown(161)) - Shutting down service SnapshotDiffCleanupService
2025-04-23 15:45:32,033 [main] INFO  om.OzoneManager (OzoneManager.java:restart(1878)) - OzoneManager RPC server is listening at localhost/127.0.0.1:15014
2025-04-23 15:45:32,033 [main] INFO  impl.MetricsSystemImpl (MetricsSystemImpl.java:init(158)) - OzoneManager metrics system started (again)
2025-04-23 15:45:32,045 [main] WARN  server.ServerUtils (ServerUtils.java:getDBPath(297)) - ozone.om.db.dirs is not configured. We recommend adding this setting. Falling back to ozone.metadata.dirs instead.
2025-04-23 15:45:32,087 [main] INFO  om.OzoneManager (OzoneManager.java:instantiateServices(933)) - S3 Multi-Tenancy is disabled
2025-04-23 15:45:32,088 [main] INFO  om.OmSnapshotManager (OmSnapshotManager.java:<init>(180)) - Ozone filesystem snapshot feature is enabled.
2025-04-23 15:45:32,088 [main] WARN  server.ServerUtils (ServerUtils.java:getDBPath(297)) - ozone.om.snapshot.diff.db.dir is not configured. We recommend adding this setting. Falling back to ozone.metadata.dirs instead.
2025-04-23 15:45:32,103 [main] WARN  server.ServerUtils (ServerUtils.java:getDefaultRatisDirectory(309)) - Storage directory for Ratis is not configured. It is a good idea to map this to an SSD disk. Falling back to ozone.metadata.dirs
2025-04-23 15:45:32,103 [main] INFO  server.RaftServerConfigKeys (ConfUtils.java:logGet(46)) - raft.server.log.appender.buffer.byte-limit = 4194304 (custom)
2025-04-23 15:45:32,104 [main] INFO  ratis.OzoneManagerRatisServer (OzoneManagerRatisServer.java:<init>(167)) - Instantiating OM Ratis server with groupID: om-service-test1 and peers: localhost:15017, localhost:15009, localhost:15013
2025-04-23 15:45:32,105 [main] INFO  ratis.OzoneManagerStateMachine (OzoneManagerStateMachine.java:loadSnapshotInfoFromDB(611)) - LastAppliedIndex is set from TransactionInfo from OM DB as (t:5, i:68)
2025-04-23 15:45:32,105 [main] INFO  server.RaftServer (ConfUtils.java:logGet(46)) - raft.rpc.type = GRPC (default)
2025-04-23 15:45:32,105 [main] INFO  grpc.GrpcConfigKeys (ConfUtils.java:logFallback(53)) - raft.grpc.admin.host = null (fallback to raft.grpc.server.host)
2025-04-23 15:45:32,105 [main] INFO  grpc.GrpcConfigKeys (ConfUtils.java:logFallback(53)) - raft.grpc.admin.port = 15017 (fallback to raft.grpc.server.port)
2025-04-23 15:45:32,106 [main] INFO  grpc.GrpcConfigKeys (ConfUtils.java:logFallback(53)) - raft.grpc.client.host = null (fallback to raft.grpc.server.host)
2025-04-23 15:45:32,106 [main] INFO  grpc.GrpcConfigKeys (ConfUtils.java:logFallback(53)) - raft.grpc.client.port = 15017 (fallback to raft.grpc.server.port)
2025-04-23 15:45:32,106 [main] INFO  grpc.GrpcConfigKeys (ConfUtils.java:logGet(46)) - raft.grpc.server.host = null (default)
2025-04-23 15:45:32,106 [main] INFO  grpc.GrpcConfigKeys (ConfUtils.java:logGet(46)) - raft.grpc.server.port = 15017 (custom)
2025-04-23 15:45:32,106 [main] INFO  server.GrpcService (ConfUtils.java:logGet(46)) - raft.grpc.message.size.max = 5242880 (custom)
2025-04-23 15:45:32,106 [main] INFO  server.GrpcService (ConfUtils.java:logGet(46)) - raft.grpc.flow.control.window = 1MB (=1048576) (default)
2025-04-23 15:45:32,106 [main] INFO  server.RaftServerConfigKeys (ConfUtils.java:logGet(46)) - raft.server.rpc.request.timeout = 3000ms (default)
2025-04-23 15:45:32,106 [main] INFO  grpc.GrpcConfigKeys (ConfUtils.java:logGet(46)) - raft.grpc.server.heartbeat.channel = true (default)
2025-04-23 15:45:32,106 [main] INFO  server.RaftServerConfigKeys (ConfUtils.java:logGet(46)) - raft.server.log.appender.buffer.byte-limit = 4194304 (custom)
2025-04-23 15:45:32,107 [main] INFO  grpc.GrpcConfigKeys (ConfUtils.java:logGet(46)) - raft.grpc.server.async.request.thread.pool.cached = true (default)
2025-04-23 15:45:32,107 [main] INFO  grpc.GrpcConfigKeys (ConfUtils.java:logGet(46)) - raft.grpc.server.async.request.thread.pool.size = 32 (default)
2025-04-23 15:45:32,108 [main] INFO  impl.DataStreamServerImpl (ConfUtils.java:logGet(46)) - raft.datastream.type = DISABLED (default)
2025-04-23 15:45:32,108 [main] INFO  server.RaftServerConfigKeys (ConfUtils.java:logGet(46)) - raft.server.sleep.deviation.threshold = 300ms (default)
2025-04-23 15:45:32,108 [main] INFO  server.RaftServerConfigKeys (ConfUtils.java:logGet(46)) - raft.server.close.threshold = 60s (default)
2025-04-23 15:45:32,108 [main] INFO  server.RaftServerConfigKeys (ConfUtils.java:logGet(46)) - raft.server.leaderelection.leader.step-down.wait-time = 10s (default)
2025-04-23 15:45:32,108 [main] INFO  server.RaftServerConfigKeys (ConfUtils.java:logGet(46)) - raft.server.storage.dir = [/home/runner/work/ozone/ozone/hadoop-ozone/integration-test/target/test-dir/MiniOzoneClusterImpl-5cf50c17-c591-473f-a8c4-88d8665d28d7/omNode-3/ratis] (custom)
2025-04-23 15:45:32,108 [main] INFO  server.RaftServerConfigKeys (ConfUtils.java:logGet(46)) - raft.server.threadpool.proxy.cached = true (default)
2025-04-23 15:45:32,108 [main] INFO  server.RaftServerConfigKeys (ConfUtils.java:logGet(46)) - raft.server.threadpool.proxy.size = 0 (default)
2025-04-23 15:45:32,109 [omNode-3-impl-thread1] INFO  server.RaftServer (RaftServerProxy.java:initGroupDir(265)) - omNode-3: found a subdirectory /home/runner/work/ozone/ozone/hadoop-ozone/integration-test/target/test-dir/MiniOzoneClusterImpl-5cf50c17-c591-473f-a8c4-88d8665d28d7/omNode-3/ratis/c9bc4cf4-3bc3-3c60-a66b-523986131536
2025-04-23 15:45:32,109 [main] INFO  server.RaftServer (RaftServerProxy.java:addNew(100)) - omNode-3: addNew group-523986131536:[omNode-3|localhost:15017, omNode-1|localhost:15009, omNode-2|localhost:15013] returns group-523986131536:java.util.concurrent.CompletableFuture@5ee9d5c[Not completed]
2025-04-23 15:45:32,109 [main] INFO  om.OzoneManager (OzoneManager.java:initializeRatisServer(2303)) - OzoneManager Ratis server initialized at port 15017
2025-04-23 15:45:32,109 [main] INFO  ratis.OzoneManagerRatisServer (OzoneManagerRatisServer.java:start(628)) - Starting OzoneManagerRatisServer omNode-3 at port 15017
2025-04-23 15:45:32,109 [omNode-3-groupManagement] INFO  server.RaftServer$Division (RaftServerImpl.java:<init>(255)) - omNode-3: new RaftServerImpl for group-523986131536:[omNode-3|localhost:15017, omNode-1|localhost:15009, omNode-2|localhost:15013] with OzoneManagerStateMachine:uninitialized
2025-04-23 15:45:32,110 [omNode-3-groupManagement] INFO  server.RaftServerConfigKeys (ConfUtils.java:logGet(46)) - raft.server.rpc.timeout.min = 1s (custom)
2025-04-23 15:45:32,110 [omNode-3-groupManagement] INFO  server.RaftServerConfigKeys (ConfUtils.java:logGet(46)) - raft.server.rpc.timeout.max = 1200ms (custom)
2025-04-23 15:45:32,110 [omNode-3-groupManagement] INFO  server.RaftServerConfigKeys (ConfUtils.java:logGet(46)) - raft.server.rpc.sleep.time = 25ms (default)
2025-04-23 15:45:32,110 [omNode-3-groupManagement] INFO  server.RaftServerConfigKeys (ConfUtils.java:logGet(46)) - raft.server.rpc.slowness.timeout = 2s (custom)
2025-04-23 15:45:32,110 [omNode-3-groupManagement] INFO  server.RaftServerConfigKeys (ConfUtils.java:logGet(46)) - raft.server.leaderelection.leader.step-down.wait-time = 10s (default)
2025-04-23 15:45:32,110 [omNode-3-groupManagement] INFO  server.RaftServerConfigKeys (ConfUtils.java:logGet(46)) - raft.server.leaderelection.member.majority-add = false (default)
2025-04-23 15:45:32,110 [omNode-3-groupManagement] INFO  server.RaftServerConfigKeys (ConfUtils.java:logGet(46)) - raft.server.sleep.deviation.threshold = 300ms (default)
2025-04-23 15:45:32,110 [omNode-3-groupManagement] INFO  server.RaftServer$Division (ServerState.java:<init>(114)) - omNode-3@group-523986131536: ConfigurationManager, init=conf: {index: -1, cur=peers:[omNode-3|localhost:15017, omNode-1|localhost:15009, omNode-2|localhost:15013]|listeners:[], old=null}, confs=<EMPTY_MAP>
2025-04-23 15:45:32,110 [omNode-3-groupManagement] INFO  server.RaftServerConfigKeys (ConfUtils.java:logGet(46)) - raft.server.notification.no-leader.timeout = 2s (custom)
2025-04-23 15:45:32,110 [omNode-3-groupManagement] INFO  server.RaftServerConfigKeys (ConfUtils.java:logGet(46)) - raft.server.read.timeout = 10s (default)
2025-04-23 15:45:32,110 [omNode-3-groupManagement] INFO  server.RaftServerConfigKeys (ConfUtils.java:logGet(46)) - raft.server.retrycache.expirytime = 30000ms (custom)
2025-04-23 15:45:32,110 [omNode-3-groupManagement] INFO  server.RaftServerConfigKeys (ConfUtils.java:logGet(46)) - raft.server.retrycache.statistics.expirytime = 100ms (default)
2025-04-23 15:45:32,110 [omNode-3-groupManagement] INFO  server.RaftServerConfigKeys (ConfUtils.java:logGet(46)) - raft.server.read.option = DEFAULT (default)
2025-04-23 15:45:32,110 [omNode-3-groupManagement] INFO  server.RaftServerConfigKeys (ConfUtils.java:logGet(46)) - raft.server.read.read-after-write-consistent.write-index-cache.expiry-time = 60s (default)
2025-04-23 15:45:32,112 [omNode-3-groupManagement] INFO  server.RaftServerConfigKeys (ConfUtils.java:logGet(46)) - raft.server.rpc.request.timeout = 3000ms (default)
2025-04-23 15:45:32,112 [omNode-3-groupManagement] INFO  server.RaftServerConfigKeys (ConfUtils.java:logGet(46)) - raft.server.log.appender.install.snapshot.enabled = false (custom)
2025-04-23 15:45:32,112 [omNode-3-groupManagement] INFO  server.RaftServerConfigKeys (ConfUtils.java:logGet(46)) - raft.server.threadpool.server.cached = true (default)
2025-04-23 15:45:32,112 [omNode-3-groupManagement] INFO  server.RaftServerConfigKeys (ConfUtils.java:logGet(46)) - raft.server.threadpool.server.size = 0 (default)
2025-04-23 15:45:32,112 [omNode-3-groupManagement] INFO  server.RaftServerConfigKeys (ConfUtils.java:logGet(46)) - raft.server.threadpool.client.cached = true (default)
2025-04-23 15:45:32,112 [omNode-3-groupManagement] INFO  server.RaftServerConfigKeys (ConfUtils.java:logGet(46)) - raft.server.threadpool.client.size = 0 (default)
2025-04-23 15:45:32,112 [omNode-3-impl-thread1] INFO  server.RaftServerConfigKeys (ConfUtils.java:logGet(46)) - raft.server.storage.free-space.min = 0MB (=0) (default)
2025-04-23 15:45:32,112 [omNode-3-impl-thread1] INFO  server.RaftServerConfigKeys (ConfUtils.java:logGet(46)) - raft.server.log.corruption.policy = EXCEPTION (default)
2025-04-23 15:45:32,112 [omNode-3-impl-thread1] INFO  server.RaftServerConfigKeys (ConfUtils.java:logGet(46)) - raft.server.storage.dir = [/home/runner/work/ozone/ozone/hadoop-ozone/integration-test/target/test-dir/MiniOzoneClusterImpl-5cf50c17-c591-473f-a8c4-88d8665d28d7/omNode-3/ratis] (custom)
2025-04-23 15:45:32,113 [omNode-3-impl-thread1] INFO  storage.RaftStorageDirectory (RaftStorageDirectoryImpl.java:tryLock(229)) - Lock on /home/runner/work/ozone/ozone/hadoop-ozone/integration-test/target/test-dir/MiniOzoneClusterImpl-5cf50c17-c591-473f-a8c4-88d8665d28d7/omNode-3/ratis/c9bc4cf4-3bc3-3c60-a66b-523986131536/in_use.lock acquired by nodename 129659@fv-az1337-835
2025-04-23 15:45:32,113 [omNode-3-impl-thread1] INFO  storage.RaftStorage (RaftStorageImpl.java:analyzeAndRecoverStorage(118)) - Read RaftStorageMetadata{term=5, votedFor=omNode-3} from /home/runner/work/ozone/ozone/hadoop-ozone/integration-test/target/test-dir/MiniOzoneClusterImpl-5cf50c17-c591-473f-a8c4-88d8665d28d7/omNode-3/ratis/c9bc4cf4-3bc3-3c60-a66b-523986131536/current/raft-meta
2025-04-23 15:45:32,114 [omNode-3-impl-thread1] INFO  server.RaftServer$Division (ServerState.java:setRaftConf(386)) - omNode-3@group-523986131536: set configuration conf: {index: 35, cur=peers:[omNode-3|localhost:15017, omNode-1|localhost:15009, omNode-2|localhost:15013]|listeners:[], old=null}
2025-04-23 15:45:32,114 [omNode-3-impl-thread1] INFO  ratis.OzoneManagerStateMachine (OzoneManagerStateMachine.java:lambda$0(138)) - omNode-3: initialize group-523986131536 with (t:5, i:68)
2025-04-23 15:45:32,114 [omNode-3-impl-thread1] INFO  server.RaftServerConfigKeys (ConfUtils.java:logGet(46)) - raft.server.log.use.memory = false (default)
2025-04-23 15:45:32,114 [omNode-3-impl-thread1] INFO  server.RaftServerConfigKeys (ConfUtils.java:logGet(46)) - raft.server.log.purge.gap = 50 (custom)
2025-04-23 15:45:32,114 [omNode-3-impl-thread1] INFO  server.RaftServerConfigKeys (ConfUtils.java:logGet(46)) - raft.server.log.appender.buffer.byte-limit = 4194304 (custom)
2025-04-23 15:45:32,114 [omNode-3-impl-thread1] INFO  server.RaftServerConfigKeys (ConfUtils.java:logGet(46)) - raft.server.log.statemachine.data.read.timeout = 1000ms (default)
2025-04-23 15:45:32,114 [omNode-3-impl-thread1] INFO  server.RaftServerConfigKeys (ConfUtils.java:logGet(46)) - raft.server.log.purge.preservation.log.num = 0 (default)
2025-04-23 15:45:32,115 [omNode-3-impl-thread1] INFO  server.RaftServerConfigKeys (ConfUtils.java:logGet(46)) - raft.server.log.segment.size.max = 4194304 (custom)
2025-04-23 15:45:32,115 [omNode-3-impl-thread1] INFO  server.RaftServerConfigKeys (ConfUtils.java:logGet(46)) - raft.server.log.segment.cache.num.max = 2 (custom)
2025-04-23 15:45:32,115 [omNode-3-impl-thread1] INFO  server.RaftServerConfigKeys (ConfUtils.java:logGet(46)) - raft.server.log.segment.cache.size.max = 200MB (=209715200) (default)
2025-04-23 15:45:32,115 [omNode-3-impl-thread1] INFO  server.RaftServerConfigKeys (ConfUtils.java:logGet(46)) - raft.server.log.appender.buffer.byte-limit = 4194304 (custom)
2025-04-23 15:45:32,115 [omNode-3-impl-thread1] INFO  util.AwaitToRun (AwaitToRun.java:start(81)) - Thread[#2745,omNode-3@group-523986131536-cacheEviction-AwaitToRun,5,main] started
2025-04-23 15:45:32,115 [omNode-3-impl-thread1] INFO  segmented.SegmentedRaftLogWorker (SegmentedRaftLogWorker.java:<init>(188)) - new omNode-3@group-523986131536-SegmentedRaftLogWorker for RaftStorageImpl:Storage Directory /home/runner/work/ozone/ozone/hadoop-ozone/integration-test/target/test-dir/MiniOzoneClusterImpl-5cf50c17-c591-473f-a8c4-88d8665d28d7/omNode-3/ratis/c9bc4cf4-3bc3-3c60-a66b-523986131536
2025-04-23 15:45:32,115 [omNode-3-impl-thread1] INFO  server.RaftServerConfigKeys (ConfUtils.java:logGet(46)) - raft.server.log.queue.byte-limit = 64MB (=67108864) (default)
2025-04-23 15:45:32,115 [omNode-3-impl-thread1] INFO  server.RaftServerConfigKeys (ConfUtils.java:logGet(46)) - raft.server.log.queue.element-limit = 4096 (default)
2025-04-23 15:45:32,115 [omNode-3-impl-thread1] INFO  server.RaftServerConfigKeys (ConfUtils.java:logGet(46)) - raft.server.log.segment.size.max = 4194304 (custom)
2025-04-23 15:45:32,115 [omNode-3-impl-thread1] INFO  server.RaftServerConfigKeys (ConfUtils.java:logGet(46)) - raft.server.log.preallocated.size = 4194304 (custom)
2025-04-23 15:45:32,115 [omNode-3-impl-thread1] INFO  server.RaftServerConfigKeys (ConfUtils.java:logGet(46)) - raft.server.log.force.sync.num = 128 (default)
2025-04-23 15:45:32,115 [omNode-3-impl-thread1] INFO  server.RaftServerConfigKeys (ConfUtils.java:logGet(46)) - raft.server.log.statemachine.data.sync = true (default)
2025-04-23 15:45:32,116 [omNode-3-impl-thread1] INFO  server.RaftServerConfigKeys (ConfUtils.java:logGet(46)) - raft.server.log.statemachine.data.sync.timeout = 10s (default)
2025-04-23 15:45:32,116 [omNode-3-impl-thread1] INFO  server.RaftServerConfigKeys (ConfUtils.java:logGet(46)) - raft.server.log.statemachine.data.sync.timeout.retry = -1 (default)
2025-04-23 15:45:32,116 [omNode-3-impl-thread1] INFO  server.RaftServerConfigKeys (ConfUtils.java:logGet(46)) - raft.server.log.write.buffer.size = 4194312 (custom)
2025-04-23 15:45:32,116 [omNode-3-impl-thread1] INFO  server.RaftServerConfigKeys (ConfUtils.java:logGet(46)) - raft.server.log.appender.buffer.byte-limit = 4194304 (custom)
2025-04-23 15:45:32,116 [omNode-3-impl-thread1] INFO  server.RaftServerConfigKeys (ConfUtils.java:logGet(46)) - raft.server.log.unsafe-flush.enabled = false (default)
2025-04-23 15:45:32,116 [omNode-3-impl-thread1] INFO  server.RaftServerConfigKeys (ConfUtils.java:logGet(46)) - raft.server.log.async-flush.enabled = false (default)
2025-04-23 15:45:32,116 [omNode-3-impl-thread1] INFO  server.RaftServerConfigKeys (ConfUtils.java:logGet(46)) - raft.server.log.statemachine.data.caching.enabled = false (default)
2025-04-23 15:45:32,117 [omNode-3-impl-thread1] INFO  server.RaftServer$Division (ServerState.java:setRaftConf(386)) - omNode-3@group-523986131536: set configuration conf: {index: 35, cur=peers:[omNode-3|localhost:15017, omNode-1|localhost:15009, omNode-2|localhost:15013]|listeners:[], old=null}
2025-04-23 15:45:32,117 [omNode-3-impl-thread1] INFO  segmented.LogSegment (LogSegment.java:loadSegment(171)) - Successfully read 34 entries from segment file /home/runner/work/ozone/ozone/hadoop-ozone/integration-test/target/test-dir/MiniOzoneClusterImpl-5cf50c17-c591-473f-a8c4-88d8665d28d7/omNode-3/ratis/c9bc4cf4-3bc3-3c60-a66b-523986131536/current/log_inprogress_35
2025-04-23 15:45:32,117 [omNode-3-impl-thread1] INFO  segmented.SegmentedRaftLogWorker (SegmentedRaftLogWorker.java:lambda$new$0(139)) - omNode-3@group-523986131536-SegmentedRaftLogWorker: flushIndex: setUnconditionally 0 -> 68
2025-04-23 15:45:32,117 [omNode-3-impl-thread1] INFO  segmented.SegmentedRaftLogWorker (SegmentedRaftLogWorker.java:lambda$new$0(139)) - omNode-3@group-523986131536-SegmentedRaftLogWorker: safeCacheEvictIndex: setUnconditionally 0 -> -1
2025-04-23 15:45:32,118 [omNode-3-impl-thread1] INFO  segmented.BufferedWriteChannel (BufferedWriteChannel.java:open(61)) - open log_inprogress_35 (append) at position 7646
2025-04-23 15:45:32,118 [omNode-3-impl-thread1] INFO  raftlog.RaftLog (RaftLogBase.java:lambda$new$0(54)) - omNode-3@group-523986131536-SegmentedRaftLog: purgeIndex: updateToMax old=-1, new=34, updated? true
2025-04-23 15:45:32,118 [omNode-3-impl-thread1] INFO  server.RaftServer$Division (RaftServerImpl.java:start(391)) - omNode-3@group-523986131536: start as a follower, conf=conf: {index: 35, cur=peers:[omNode-3|localhost:15017, omNode-1|localhost:15009, omNode-2|localhost:15013]|listeners:[], old=null}
2025-04-23 15:45:32,118 [omNode-3-impl-thread1] INFO  server.RaftServer$Division (RaftServerImpl.java:setRole(378)) - omNode-3@group-523986131536: changes role from      null to FOLLOWER at term 5 for startAsFollower
2025-04-23 15:45:32,118 [omNode-3-impl-thread1] INFO  impl.RoleInfo (RoleInfo.java:updateAndGet(148)) - omNode-3: start omNode-3@group-523986131536-FollowerState
2025-04-23 15:45:32,118 [omNode-3-impl-thread1] INFO  util.JmxRegister (JmxRegister.java:tryRegister(44)) - Successfully registered JMX Bean with object name Ratis:service=RaftServer,group=group-523986131536,id=omNode-3
2025-04-23 15:45:32,118 [omNode-3@group-523986131536-FollowerState] INFO  server.RaftServerConfigKeys (ConfUtils.java:logFallback(53)) - raft.server.rpc.first-election.timeout.min = 1s (fallback to raft.server.rpc.timeout.min)
2025-04-23 15:45:32,118 [omNode-3-impl-thread1] INFO  util.JmxRegister (JmxRegister.java:register(58)) - register mxBean class org.apache.ratis.server.impl.RaftServerJmxAdapter as Ratis:service=RaftServer,group=group-523986131536,id=omNode-3
2025-04-23 15:45:32,118 [omNode-3@group-523986131536-FollowerState] INFO  server.RaftServerConfigKeys (ConfUtils.java:logFallback(53)) - raft.server.rpc.first-election.timeout.max = 1200ms (fallback to raft.server.rpc.timeout.max)
2025-04-23 15:45:32,118 [omNode-3-impl-thread1] INFO  server.RaftServerConfigKeys (ConfUtils.java:logGet(46)) - raft.server.snapshot.trigger-when-stop.enabled = true (default)
2025-04-23 15:45:32,118 [omNode-3-impl-thread1] INFO  server.RaftServerConfigKeys (ConfUtils.java:logGet(46)) - raft.server.snapshot.trigger-when-remove.enabled = true (default)
2025-04-23 15:45:32,118 [omNode-3-impl-thread1] INFO  server.RaftServerConfigKeys (ConfUtils.java:logGet(46)) - raft.server.snapshot.auto.trigger.enabled = true (custom)
2025-04-23 15:45:32,118 [omNode-3-impl-thread1] INFO  server.RaftServerConfigKeys (ConfUtils.java:logGet(46)) - raft.server.snapshot.auto.trigger.threshold = 50 (custom)
2025-04-23 15:45:32,119 [omNode-3-impl-thread1] INFO  server.RaftServerConfigKeys (ConfUtils.java:logGet(46)) - raft.server.snapshot.retention.file.num = -1 (default)
2025-04-23 15:45:32,119 [omNode-3-impl-thread1] INFO  server.RaftServerConfigKeys (ConfUtils.java:logGet(46)) - raft.server.log.purge.upto.snapshot.index = true (custom)
2025-04-23 15:45:32,119 [omNode-3-impl-thread1] INFO  server.RaftServer$Division (RaftServerImpl.java:start(405)) - omNode-3@group-523986131536: Successfully started.
2025-04-23 15:45:32,119 [main] INFO  server.RaftServer (RaftServerProxy.java:startImpl(407)) - omNode-3: start RPC server
2025-04-23 15:45:32,120 [main] INFO  server.GrpcService (GrpcService.java:startImpl(334)) - omNode-3: GrpcService started, listening on 15017
2025-04-23 15:45:32,120 [main] INFO  om.OzoneManager (OzoneManager.java:getRpcServer(1360)) - Creating RPC Server
2025-04-23 15:45:32,120 [JvmPauseMonitor17] INFO  util.JvmPauseMonitor (JvmPauseMonitor.java:run(146)) - JvmPauseMonitor-omNode-3: Started
2025-04-23 15:45:32,466 [main] INFO  reflections.Reflections (Reflections.java:scan(219)) - Reflections took 345 ms to scan 22 urls, producing 61 keys and 7422 values
2025-04-23 15:45:32,468 [main] INFO  ipc.CallQueueManager (CallQueueManager.java:<init>(93)) - Using callQueue: class java.util.concurrent.LinkedBlockingQueue, queueCapacity: 2000, scheduler: class org.apache.hadoop.ipc.DefaultRpcScheduler, ipcBackoff: false, ipcFailOver: false.
2025-04-23 15:45:32,468 [main] INFO  ipc.Server (Server.java:<init>(1438)) - Listener at localhost:15014
2025-04-23 15:45:32,468 [Socket Reader #1 for port 15014] INFO  ipc.Server (Server.java:run(1474)) - Starting Socket Reader #1 for port 15014
2025-04-23 15:45:32,469 [Socket Reader #2 for port 15014] INFO  ipc.Server (Server.java:run(1474)) - Starting Socket Reader #2 for port 15014
2025-04-23 15:45:32,469 [Socket Reader #3 for port 15014] INFO  ipc.Server (Server.java:run(1474)) - Starting Socket Reader #3 for port 15014
2025-04-23 15:45:32,469 [Socket Reader #4 for port 15014] INFO  ipc.Server (Server.java:run(1474)) - Starting Socket Reader #4 for port 15014
2025-04-23 15:45:32,469 [Socket Reader #5 for port 15014] INFO  ipc.Server (Server.java:run(1474)) - Starting Socket Reader #5 for port 15014
2025-04-23 15:45:32,469 [Socket Reader #6 for port 15014] INFO  ipc.Server (Server.java:run(1474)) - Starting Socket Reader #6 for port 15014
2025-04-23 15:45:32,469 [Socket Reader #7 for port 15014] INFO  ipc.Server (Server.java:run(1474)) - Starting Socket Reader #7 for port 15014
2025-04-23 15:45:32,470 [Socket Reader #8 for port 15014] INFO  ipc.Server (Server.java:run(1474)) - Starting Socket Reader #8 for port 15014
2025-04-23 15:45:32,470 [Socket Reader #9 for port 15014] INFO  ipc.Server (Server.java:run(1474)) - Starting Socket Reader #9 for port 15014
2025-04-23 15:45:32,470 [Socket Reader #10 for port 15014] INFO  ipc.Server (Server.java:run(1474)) - Starting Socket Reader #10 for port 15014
2025-04-23 15:45:32,472 [main] INFO  http.BaseHttpServer (BaseHttpServer.java:newHttpServer2BuilderForOzone(229)) - Starting Web-server for ozoneManager at: http://0.0.0.0:15015
2025-04-23 15:45:32,472 [main] INFO  http.BaseHttpServer (BaseHttpServer.java:<init>(107)) - Hadoop Security Enabled: false Ozone Security Enabled: false Ozone HTTP Security Enabled: false 
2025-04-23 15:45:32,474 [main] WARN  server.AuthenticationFilter (AuthenticationFilter.java:constructSecretProvider(240)) - Unable to initialize FileSignerSecretProvider, falling back to use random secrets. Reason: Could not read signature secret file: /home/runner/hadoop-http-auth-signature-secret
2025-04-23 15:45:32,476 [main] INFO  http.HttpServer2 (HttpServer2.java:addGlobalFilter(1041)) - Added global filter 'safety' (class=org.apache.hadoop.hdds.server.http.HttpServer2$QuotingInputFilter)
2025-04-23 15:45:32,476 [main] INFO  http.HttpServer2 (HttpServer2.java:addFilter(1017)) - Added filter static_user_filter (class=org.apache.hadoop.http.lib.StaticUserWebFilter$StaticUserFilter) to context ozoneManager
2025-04-23 15:45:32,476 [main] INFO  http.HttpServer2 (HttpServer2.java:addFilter(1025)) - Added filter static_user_filter (class=org.apache.hadoop.http.lib.StaticUserWebFilter$StaticUserFilter) to context logs
2025-04-23 15:45:32,476 [main] INFO  http.HttpServer2 (HttpServer2.java:addFilter(1025)) - Added filter static_user_filter (class=org.apache.hadoop.http.lib.StaticUserWebFilter$StaticUserFilter) to context static
2025-04-23 15:45:32,477 [main] INFO  http.BaseHttpServer (BaseHttpServer.java:<init>(195)) - HTTP server of ozoneManager uses base directory /home/runner/work/ozone/ozone/hadoop-ozone/integration-test/target/test-dir/MiniOzoneClusterImpl-5cf50c17-c591-473f-a8c4-88d8665d28d7/omNode-3/webserver
2025-04-23 15:45:32,477 [main] INFO  http.HttpServer2 (HttpServer2.java:bindListener(1241)) - Jetty bound to port 15015
2025-04-23 15:45:32,477 [main] INFO  server.Server (Server.java:doStart(375)) - jetty-9.4.57.v20241219; built: 2025-01-08T21:24:30.412Z; git: df524e6b29271c2e09ba9aea83c18dc9db464a31; jvm 21.0.7+6-LTS
2025-04-23 15:45:32,478 [main] INFO  server.session (DefaultSessionIdManager.java:doStart(334)) - DefaultSessionIdManager workerName=node0
2025-04-23 15:45:32,479 [main] INFO  server.session (DefaultSessionIdManager.java:doStart(339)) - No SessionScavenger set, using defaults
2025-04-23 15:45:32,479 [main] INFO  server.session (HouseKeeper.java:startScavenging(132)) - node0 Scavenging every 600000ms
2025-04-23 15:45:32,479 [main] INFO  handler.ContextHandler (ContextHandler.java:doStart(921)) - Started o.e.j.s.ServletContextHandler@55522914{logs,/logs,file:///home/runner/work/ozone/ozone/hadoop-ozone/integration-test/target/log,AVAILABLE}
2025-04-23 15:45:32,479 [main] INFO  handler.ContextHandler (ContextHandler.java:doStart(921)) - Started o.e.j.s.ServletContextHandler@3a149708{static,/static,file:///home/runner/work/ozone/ozone/hadoop-ozone/integration-test/target/test-classes/webapps/static,AVAILABLE}
2025-04-23 15:45:32,484 [main] INFO  handler.ContextHandler (ContextHandler.java:doStart(921)) - Started o.e.j.w.WebAppContext@36f1da6d{ozoneManager,/,file:///home/runner/work/ozone/ozone/hadoop-ozone/integration-test/target/test-classes/webapps/ozoneManager/,AVAILABLE}{file:/home/runner/work/ozone/ozone/hadoop-ozone/integration-test/target/test-classes/webapps/ozoneManager}
2025-04-23 15:45:32,484 [main] INFO  server.AbstractConnector (AbstractConnector.java:doStart(333)) - Started ServerConnector@7ce3fc2{HTTP/1.1, (http/1.1)}{0.0.0.0:15015}
2025-04-23 15:45:32,484 [main] INFO  server.Server (Server.java:doStart(415)) - Started @67466ms
2025-04-23 15:45:32,484 [main] WARN  impl.MetricsSystemImpl (MetricsSystemImpl.java:register(279)) - Sink prometheus already exists!
2025-04-23 15:45:32,485 [main] INFO  http.BaseHttpServer (BaseHttpServer.java:updateConnectorAddress(360)) - HTTP server of ozoneManager listening at http://0.0.0.0:15015
2025-04-23 15:45:32,485 [IPC Server Responder] INFO  ipc.Server (Server.java:run(1713)) - IPC Server Responder: starting
2025-04-23 15:45:32,485 [IPC Server listener on 15014] INFO  ipc.Server (Server.java:run(1553)) - IPC Server listener on 15014: starting
2025-04-23 15:45:32,487 [main] INFO  om.OzoneManager (OzoneManager.java:startTrashEmptier(2257)) - Trash Interval set to 0. Files deleted won't move to trash
2025-04-23 15:45:32,487 [main] INFO  om.OzoneManager (OzoneManager.java:restart(1878)) - OzoneManager RPC server is listening at localhost/127.0.0.1:15006
2025-04-23 15:45:32,487 [main] INFO  impl.MetricsSystemImpl (MetricsSystemImpl.java:init(158)) - OzoneManager metrics system started (again)
2025-04-23 15:45:32,498 [main] WARN  server.ServerUtils (ServerUtils.java:getDBPath(297)) - ozone.om.db.dirs is not configured. We recommend adding this setting. Falling back to ozone.metadata.dirs instead.
2025-04-23 15:45:32,538 [main] INFO  om.OzoneManager (OzoneManager.java:instantiateServices(933)) - S3 Multi-Tenancy is disabled
2025-04-23 15:45:32,538 [main] INFO  om.OmSnapshotManager (OmSnapshotManager.java:<init>(180)) - Ozone filesystem snapshot feature is enabled.
2025-04-23 15:45:32,538 [main] WARN  server.ServerUtils (ServerUtils.java:getDBPath(297)) - ozone.om.snapshot.diff.db.dir is not configured. We recommend adding this setting. Falling back to ozone.metadata.dirs instead.
2025-04-23 15:45:32,554 [main] WARN  dropwizard3.Dm3MetricRegistriesImpl (Dm3MetricRegistriesImpl.java:addReporterRegistration(114)) - New reporters are added after registries were created. Some metrics will be missing from the reporter. Please add reporter before adding any new registry.
2025-04-23 15:45:32,554 [main] WARN  dropwizard3.Dm3MetricRegistriesImpl (Dm3MetricRegistriesImpl.java:addReporterRegistration(114)) - New reporters are added after registries were created. Some metrics will be missing from the reporter. Please add reporter before adding any new registry.
2025-04-23 15:45:32,554 [main] WARN  server.ServerUtils (ServerUtils.java:getDefaultRatisDirectory(309)) - Storage directory for Ratis is not configured. It is a good idea to map this to an SSD disk. Falling back to ozone.metadata.dirs
2025-04-23 15:45:32,554 [main] INFO  server.RaftServerConfigKeys (ConfUtils.java:logGet(46)) - raft.server.log.appender.buffer.byte-limit = 4194304 (custom)
2025-04-23 15:45:32,555 [main] INFO  ratis.OzoneManagerRatisServer (OzoneManagerRatisServer.java:<init>(167)) - Instantiating OM Ratis server with groupID: om-service-test1 and peers: localhost:15009, localhost:15017, localhost:15013
2025-04-23 15:45:32,555 [main] INFO  ratis.OzoneManagerStateMachine (OzoneManagerStateMachine.java:loadSnapshotInfoFromDB(611)) - LastAppliedIndex is set from TransactionInfo from OM DB as (t:5, i:68)
2025-04-23 15:45:32,556 [main] INFO  server.RaftServer (ConfUtils.java:logGet(46)) - raft.rpc.type = GRPC (default)
2025-04-23 15:45:32,556 [main] INFO  grpc.GrpcConfigKeys (ConfUtils.java:logFallback(53)) - raft.grpc.admin.host = null (fallback to raft.grpc.server.host)
2025-04-23 15:45:32,556 [main] INFO  grpc.GrpcConfigKeys (ConfUtils.java:logFallback(53)) - raft.grpc.admin.port = 15009 (fallback to raft.grpc.server.port)
2025-04-23 15:45:32,556 [main] INFO  grpc.GrpcConfigKeys (ConfUtils.java:logFallback(53)) - raft.grpc.client.host = null (fallback to raft.grpc.server.host)
2025-04-23 15:45:32,556 [main] INFO  grpc.GrpcConfigKeys (ConfUtils.java:logFallback(53)) - raft.grpc.client.port = 15009 (fallback to raft.grpc.server.port)
2025-04-23 15:45:32,556 [main] INFO  grpc.GrpcConfigKeys (ConfUtils.java:logGet(46)) - raft.grpc.server.host = null (default)
2025-04-23 15:45:32,556 [main] INFO  grpc.GrpcConfigKeys (ConfUtils.java:logGet(46)) - raft.grpc.server.port = 15009 (custom)
2025-04-23 15:45:32,556 [main] INFO  server.GrpcService (ConfUtils.java:logGet(46)) - raft.grpc.message.size.max = 5242880 (custom)
2025-04-23 15:45:32,556 [main] INFO  server.GrpcService (ConfUtils.java:logGet(46)) - raft.grpc.flow.control.window = 1MB (=1048576) (default)
2025-04-23 15:45:32,556 [main] INFO  server.RaftServerConfigKeys (ConfUtils.java:logGet(46)) - raft.server.rpc.request.timeout = 3000ms (default)
2025-04-23 15:45:32,557 [main] INFO  grpc.GrpcConfigKeys (ConfUtils.java:logGet(46)) - raft.grpc.server.heartbeat.channel = true (default)
2025-04-23 15:45:32,557 [main] INFO  server.RaftServerConfigKeys (ConfUtils.java:logGet(46)) - raft.server.log.appender.buffer.byte-limit = 4194304 (custom)
2025-04-23 15:45:32,557 [main] INFO  grpc.GrpcConfigKeys (ConfUtils.java:logGet(46)) - raft.grpc.server.async.request.thread.pool.cached = true (default)
2025-04-23 15:45:32,557 [main] INFO  grpc.GrpcConfigKeys (ConfUtils.java:logGet(46)) - raft.grpc.server.async.request.thread.pool.size = 32 (default)
2025-04-23 15:45:32,558 [main] INFO  impl.DataStreamServerImpl (ConfUtils.java:logGet(46)) - raft.datastream.type = DISABLED (default)
2025-04-23 15:45:32,558 [main] INFO  server.RaftServerConfigKeys (ConfUtils.java:logGet(46)) - raft.server.sleep.deviation.threshold = 300ms (default)
2025-04-23 15:45:32,558 [main] INFO  server.RaftServerConfigKeys (ConfUtils.java:logGet(46)) - raft.server.close.threshold = 60s (default)
2025-04-23 15:45:32,558 [main] INFO  server.RaftServerConfigKeys (ConfUtils.java:logGet(46)) - raft.server.leaderelection.leader.step-down.wait-time = 10s (default)
2025-04-23 15:45:32,558 [main] INFO  server.RaftServerConfigKeys (ConfUtils.java:logGet(46)) - raft.server.storage.dir = [/home/runner/work/ozone/ozone/hadoop-ozone/integration-test/target/test-dir/MiniOzoneClusterImpl-5cf50c17-c591-473f-a8c4-88d8665d28d7/omNode-1/ratis] (custom)
2025-04-23 15:45:32,558 [main] INFO  server.RaftServerConfigKeys (ConfUtils.java:logGet(46)) - raft.server.threadpool.proxy.cached = true (default)
2025-04-23 15:45:32,558 [main] INFO  server.RaftServerConfigKeys (ConfUtils.java:logGet(46)) - raft.server.threadpool.proxy.size = 0 (default)
2025-04-23 15:45:32,558 [omNode-1-impl-thread1] INFO  server.RaftServer (RaftServerProxy.java:initGroupDir(265)) - omNode-1: found a subdirectory /home/runner/work/ozone/ozone/hadoop-ozone/integration-test/target/test-dir/MiniOzoneClusterImpl-5cf50c17-c591-473f-a8c4-88d8665d28d7/omNode-1/ratis/c9bc4cf4-3bc3-3c60-a66b-523986131536
2025-04-23 15:45:32,559 [main] INFO  server.RaftServer (RaftServerProxy.java:addNew(100)) - omNode-1: addNew group-523986131536:[omNode-3|localhost:15017, omNode-1|localhost:15009, omNode-2|localhost:15013] returns group-523986131536:java.util.concurrent.CompletableFuture@5315f2ec[Not completed]
2025-04-23 15:45:32,559 [omNode-1-groupManagement] INFO  server.RaftServer$Division (RaftServerImpl.java:<init>(255)) - omNode-1: new RaftServerImpl for group-523986131536:[omNode-3|localhost:15017, omNode-1|localhost:15009, omNode-2|localhost:15013] with OzoneManagerStateMachine:uninitialized
2025-04-23 15:45:32,559 [main] INFO  om.OzoneManager (OzoneManager.java:initializeRatisServer(2303)) - OzoneManager Ratis server initialized at port 15009
2025-04-23 15:45:32,559 [main] INFO  ratis.OzoneManagerRatisServer (OzoneManagerRatisServer.java:start(628)) - Starting OzoneManagerRatisServer omNode-1 at port 15009
2025-04-23 15:45:32,559 [omNode-1-groupManagement] INFO  server.RaftServerConfigKeys (ConfUtils.java:logGet(46)) - raft.server.rpc.timeout.min = 1s (custom)
2025-04-23 15:45:32,559 [omNode-1-groupManagement] INFO  server.RaftServerConfigKeys (ConfUtils.java:logGet(46)) - raft.server.rpc.timeout.max = 1200ms (custom)
2025-04-23 15:45:32,559 [omNode-1-groupManagement] INFO  server.RaftServerConfigKeys (ConfUtils.java:logGet(46)) - raft.server.rpc.sleep.time = 25ms (default)
2025-04-23 15:45:32,559 [omNode-1-groupManagement] INFO  server.RaftServerConfigKeys (ConfUtils.java:logGet(46)) - raft.server.rpc.slowness.timeout = 2s (custom)
2025-04-23 15:45:32,559 [omNode-1-groupManagement] INFO  server.RaftServerConfigKeys (ConfUtils.java:logGet(46)) - raft.server.leaderelection.leader.step-down.wait-time = 10s (default)
2025-04-23 15:45:32,559 [omNode-1-groupManagement] INFO  server.RaftServerConfigKeys (ConfUtils.java:logGet(46)) - raft.server.leaderelection.member.majority-add = false (default)
2025-04-23 15:45:32,559 [omNode-1-groupManagement] INFO  server.RaftServerConfigKeys (ConfUtils.java:logGet(46)) - raft.server.sleep.deviation.threshold = 300ms (default)
2025-04-23 15:45:32,559 [omNode-1-groupManagement] INFO  server.RaftServer$Division (ServerState.java:<init>(114)) - omNode-1@group-523986131536: ConfigurationManager, init=conf: {index: -1, cur=peers:[omNode-3|localhost:15017, omNode-1|localhost:15009, omNode-2|localhost:15013]|listeners:[], old=null}, confs=<EMPTY_MAP>
2025-04-23 15:45:32,559 [omNode-1-groupManagement] INFO  server.RaftServerConfigKeys (ConfUtils.java:logGet(46)) - raft.server.notification.no-leader.timeout = 2s (custom)
2025-04-23 15:45:32,560 [omNode-1-groupManagement] INFO  server.RaftServerConfigKeys (ConfUtils.java:logGet(46)) - raft.server.read.timeout = 10s (default)
2025-04-23 15:45:32,560 [omNode-1-groupManagement] INFO  server.RaftServerConfigKeys (ConfUtils.java:logGet(46)) - raft.server.retrycache.expirytime = 30000ms (custom)
2025-04-23 15:45:32,560 [omNode-1-groupManagement] INFO  server.RaftServerConfigKeys (ConfUtils.java:logGet(46)) - raft.server.retrycache.statistics.expirytime = 100ms (default)
2025-04-23 15:45:32,560 [omNode-1-groupManagement] INFO  server.RaftServerConfigKeys (ConfUtils.java:logGet(46)) - raft.server.read.option = DEFAULT (default)
2025-04-23 15:45:32,560 [omNode-1-groupManagement] INFO  server.RaftServerConfigKeys (ConfUtils.java:logGet(46)) - raft.server.read.read-after-write-consistent.write-index-cache.expiry-time = 60s (default)
2025-04-23 15:45:32,561 [omNode-1-groupManagement] INFO  server.RaftServerConfigKeys (ConfUtils.java:logGet(46)) - raft.server.rpc.request.timeout = 3000ms (default)
2025-04-23 15:45:32,561 [omNode-1-groupManagement] INFO  server.RaftServerConfigKeys (ConfUtils.java:logGet(46)) - raft.server.log.appender.install.snapshot.enabled = false (custom)
2025-04-23 15:45:32,561 [omNode-1-groupManagement] INFO  server.RaftServerConfigKeys (ConfUtils.java:logGet(46)) - raft.server.threadpool.server.cached = true (default)
2025-04-23 15:45:32,561 [omNode-1-groupManagement] INFO  server.RaftServerConfigKeys (ConfUtils.java:logGet(46)) - raft.server.threadpool.server.size = 0 (default)
2025-04-23 15:45:32,561 [omNode-1-groupManagement] INFO  server.RaftServerConfigKeys (ConfUtils.java:logGet(46)) - raft.server.threadpool.client.cached = true (default)
2025-04-23 15:45:32,561 [omNode-1-groupManagement] INFO  server.RaftServerConfigKeys (ConfUtils.java:logGet(46)) - raft.server.threadpool.client.size = 0 (default)
2025-04-23 15:45:32,561 [omNode-1-impl-thread1] INFO  server.RaftServerConfigKeys (ConfUtils.java:logGet(46)) - raft.server.storage.free-space.min = 0MB (=0) (default)
2025-04-23 15:45:32,562 [omNode-1-impl-thread1] INFO  server.RaftServerConfigKeys (ConfUtils.java:logGet(46)) - raft.server.log.corruption.policy = EXCEPTION (default)
2025-04-23 15:45:32,562 [omNode-1-impl-thread1] INFO  server.RaftServerConfigKeys (ConfUtils.java:logGet(46)) - raft.server.storage.dir = [/home/runner/work/ozone/ozone/hadoop-ozone/integration-test/target/test-dir/MiniOzoneClusterImpl-5cf50c17-c591-473f-a8c4-88d8665d28d7/omNode-1/ratis] (custom)
2025-04-23 15:45:32,563 [omNode-1-impl-thread1] INFO  storage.RaftStorageDirectory (RaftStorageDirectoryImpl.java:tryLock(229)) - Lock on /home/runner/work/ozone/ozone/hadoop-ozone/integration-test/target/test-dir/MiniOzoneClusterImpl-5cf50c17-c591-473f-a8c4-88d8665d28d7/omNode-1/ratis/c9bc4cf4-3bc3-3c60-a66b-523986131536/in_use.lock acquired by nodename 129659@fv-az1337-835
2025-04-23 15:45:32,563 [omNode-1-impl-thread1] INFO  storage.RaftStorage (RaftStorageImpl.java:analyzeAndRecoverStorage(118)) - Read RaftStorageMetadata{term=5, votedFor=omNode-3} from /home/runner/work/ozone/ozone/hadoop-ozone/integration-test/target/test-dir/MiniOzoneClusterImpl-5cf50c17-c591-473f-a8c4-88d8665d28d7/omNode-1/ratis/c9bc4cf4-3bc3-3c60-a66b-523986131536/current/raft-meta
2025-04-23 15:45:32,563 [omNode-1-impl-thread1] INFO  server.RaftServer$Division (ServerState.java:setRaftConf(386)) - omNode-1@group-523986131536: set configuration conf: {index: 35, cur=peers:[omNode-3|localhost:15017, omNode-1|localhost:15009, omNode-2|localhost:15013]|listeners:[], old=null}
2025-04-23 15:45:32,563 [omNode-1-impl-thread1] INFO  ratis.OzoneManagerStateMachine (OzoneManagerStateMachine.java:lambda$0(138)) - omNode-1: initialize group-523986131536 with (t:5, i:68)
2025-04-23 15:45:32,563 [omNode-1-impl-thread1] INFO  server.RaftServerConfigKeys (ConfUtils.java:logGet(46)) - raft.server.log.use.memory = false (default)
2025-04-23 15:45:32,563 [omNode-1-impl-thread1] INFO  server.RaftServerConfigKeys (ConfUtils.java:logGet(46)) - raft.server.log.purge.gap = 50 (custom)
2025-04-23 15:45:32,563 [omNode-1-impl-thread1] INFO  server.RaftServerConfigKeys (ConfUtils.java:logGet(46)) - raft.server.log.appender.buffer.byte-limit = 4194304 (custom)
2025-04-23 15:45:32,564 [omNode-1-impl-thread1] INFO  server.RaftServerConfigKeys (ConfUtils.java:logGet(46)) - raft.server.log.statemachine.data.read.timeout = 1000ms (default)
2025-04-23 15:45:32,564 [omNode-1-impl-thread1] INFO  server.RaftServerConfigKeys (ConfUtils.java:logGet(46)) - raft.server.log.purge.preservation.log.num = 0 (default)
2025-04-23 15:45:32,564 [omNode-1-impl-thread1] INFO  server.RaftServerConfigKeys (ConfUtils.java:logGet(46)) - raft.server.log.segment.size.max = 4194304 (custom)
2025-04-23 15:45:32,564 [omNode-1-impl-thread1] INFO  server.RaftServerConfigKeys (ConfUtils.java:logGet(46)) - raft.server.log.segment.cache.num.max = 2 (custom)
2025-04-23 15:45:32,564 [omNode-1-impl-thread1] INFO  server.RaftServerConfigKeys (ConfUtils.java:logGet(46)) - raft.server.log.segment.cache.size.max = 200MB (=209715200) (default)
2025-04-23 15:45:32,564 [omNode-1-impl-thread1] INFO  server.RaftServerConfigKeys (ConfUtils.java:logGet(46)) - raft.server.log.appender.buffer.byte-limit = 4194304 (custom)
2025-04-23 15:45:32,565 [omNode-1-impl-thread1] INFO  util.AwaitToRun (AwaitToRun.java:start(81)) - Thread[#2858,omNode-1@group-523986131536-cacheEviction-AwaitToRun,5,main] started
2025-04-23 15:45:32,565 [omNode-1-impl-thread1] INFO  segmented.SegmentedRaftLogWorker (SegmentedRaftLogWorker.java:<init>(188)) - new omNode-1@group-523986131536-SegmentedRaftLogWorker for RaftStorageImpl:Storage Directory /home/runner/work/ozone/ozone/hadoop-ozone/integration-test/target/test-dir/MiniOzoneClusterImpl-5cf50c17-c591-473f-a8c4-88d8665d28d7/omNode-1/ratis/c9bc4cf4-3bc3-3c60-a66b-523986131536
2025-04-23 15:45:32,565 [omNode-1-impl-thread1] INFO  server.RaftServerConfigKeys (ConfUtils.java:logGet(46)) - raft.server.log.queue.byte-limit = 64MB (=67108864) (default)
2025-04-23 15:45:32,565 [omNode-1-impl-thread1] INFO  server.RaftServerConfigKeys (ConfUtils.java:logGet(46)) - raft.server.log.queue.element-limit = 4096 (default)
2025-04-23 15:45:32,565 [omNode-1-impl-thread1] INFO  server.RaftServerConfigKeys (ConfUtils.java:logGet(46)) - raft.server.log.segment.size.max = 4194304 (custom)
2025-04-23 15:45:32,565 [omNode-1-impl-thread1] INFO  server.RaftServerConfigKeys (ConfUtils.java:logGet(46)) - raft.server.log.preallocated.size = 4194304 (custom)
2025-04-23 15:45:32,565 [omNode-1-impl-thread1] INFO  server.RaftServerConfigKeys (ConfUtils.java:logGet(46)) - raft.server.log.force.sync.num = 128 (default)
2025-04-23 15:45:32,565 [omNode-1-impl-thread1] INFO  server.RaftServerConfigKeys (ConfUtils.java:logGet(46)) - raft.server.log.statemachine.data.sync = true (default)
2025-04-23 15:45:32,565 [omNode-1-impl-thread1] INFO  server.RaftServerConfigKeys (ConfUtils.java:logGet(46)) - raft.server.log.statemachine.data.sync.timeout = 10s (default)
2025-04-23 15:45:32,565 [omNode-1-impl-thread1] INFO  server.RaftServerConfigKeys (ConfUtils.java:logGet(46)) - raft.server.log.statemachine.data.sync.timeout.retry = -1 (default)
2025-04-23 15:45:32,565 [omNode-1-impl-thread1] INFO  server.RaftServerConfigKeys (ConfUtils.java:logGet(46)) - raft.server.log.write.buffer.size = 4194312 (custom)
2025-04-23 15:45:32,567 [omNode-1-impl-thread1] INFO  server.RaftServerConfigKeys (ConfUtils.java:logGet(46)) - raft.server.log.appender.buffer.byte-limit = 4194304 (custom)
2025-04-23 15:45:32,567 [omNode-1-impl-thread1] INFO  server.RaftServerConfigKeys (ConfUtils.java:logGet(46)) - raft.server.log.unsafe-flush.enabled = false (default)
2025-04-23 15:45:32,567 [omNode-1-impl-thread1] INFO  server.RaftServerConfigKeys (ConfUtils.java:logGet(46)) - raft.server.log.async-flush.enabled = false (default)
2025-04-23 15:45:32,567 [omNode-1-impl-thread1] INFO  server.RaftServerConfigKeys (ConfUtils.java:logGet(46)) - raft.server.log.statemachine.data.caching.enabled = false (default)
2025-04-23 15:45:32,568 [omNode-1-impl-thread1] INFO  server.RaftServer$Division (ServerState.java:setRaftConf(386)) - omNode-1@group-523986131536: set configuration conf: {index: 35, cur=peers:[omNode-3|localhost:15017, omNode-1|localhost:15009, omNode-2|localhost:15013]|listeners:[], old=null}
2025-04-23 15:45:32,568 [omNode-1-impl-thread1] INFO  segmented.LogSegment (LogSegment.java:loadSegment(171)) - Successfully read 34 entries from segment file /home/runner/work/ozone/ozone/hadoop-ozone/integration-test/target/test-dir/MiniOzoneClusterImpl-5cf50c17-c591-473f-a8c4-88d8665d28d7/omNode-1/ratis/c9bc4cf4-3bc3-3c60-a66b-523986131536/current/log_inprogress_35
2025-04-23 15:45:32,568 [omNode-1-impl-thread1] INFO  segmented.SegmentedRaftLogWorker (SegmentedRaftLogWorker.java:lambda$new$0(139)) - omNode-1@group-523986131536-SegmentedRaftLogWorker: flushIndex: setUnconditionally 0 -> 68
2025-04-23 15:45:32,569 [omNode-1-impl-thread1] INFO  segmented.SegmentedRaftLogWorker (SegmentedRaftLogWorker.java:lambda$new$0(139)) - omNode-1@group-523986131536-SegmentedRaftLogWorker: safeCacheEvictIndex: setUnconditionally 0 -> -1
2025-04-23 15:45:32,569 [omNode-1-impl-thread1] INFO  segmented.BufferedWriteChannel (BufferedWriteChannel.java:open(61)) - open log_inprogress_35 (append) at position 7646
2025-04-23 15:45:32,569 [omNode-1-impl-thread1] INFO  raftlog.RaftLog (RaftLogBase.java:lambda$new$0(54)) - omNode-1@group-523986131536-SegmentedRaftLog: purgeIndex: updateToMax old=-1, new=34, updated? true
2025-04-23 15:45:32,569 [omNode-1-impl-thread1] INFO  server.RaftServer$Division (RaftServerImpl.java:start(391)) - omNode-1@group-523986131536: start as a follower, conf=conf: {index: 35, cur=peers:[omNode-3|localhost:15017, omNode-1|localhost:15009, omNode-2|localhost:15013]|listeners:[], old=null}
2025-04-23 15:45:32,569 [omNode-1-impl-thread1] INFO  server.RaftServer$Division (RaftServerImpl.java:setRole(378)) - omNode-1@group-523986131536: changes role from      null to FOLLOWER at term 5 for startAsFollower
2025-04-23 15:45:32,569 [omNode-1-impl-thread1] INFO  impl.RoleInfo (RoleInfo.java:updateAndGet(148)) - omNode-1: start omNode-1@group-523986131536-FollowerState
2025-04-23 15:45:32,570 [omNode-1@group-523986131536-FollowerState] INFO  server.RaftServerConfigKeys (ConfUtils.java:logFallback(53)) - raft.server.rpc.first-election.timeout.min = 1s (fallback to raft.server.rpc.timeout.min)
2025-04-23 15:45:32,570 [omNode-1@group-523986131536-FollowerState] INFO  server.RaftServerConfigKeys (ConfUtils.java:logFallback(53)) - raft.server.rpc.first-election.timeout.max = 1200ms (fallback to raft.server.rpc.timeout.max)
2025-04-23 15:45:32,570 [omNode-1-impl-thread1] INFO  util.JmxRegister (JmxRegister.java:tryRegister(44)) - Successfully registered JMX Bean with object name Ratis:service=RaftServer,group=group-523986131536,id=omNode-1
2025-04-23 15:45:32,570 [omNode-1-impl-thread1] INFO  util.JmxRegister (JmxRegister.java:register(58)) - register mxBean class org.apache.ratis.server.impl.RaftServerJmxAdapter as Ratis:service=RaftServer,group=group-523986131536,id=omNode-1
2025-04-23 15:45:32,570 [omNode-1-impl-thread1] INFO  server.RaftServerConfigKeys (ConfUtils.java:logGet(46)) - raft.server.snapshot.trigger-when-stop.enabled = true (default)
2025-04-23 15:45:32,570 [omNode-1-impl-thread1] INFO  server.RaftServerConfigKeys (ConfUtils.java:logGet(46)) - raft.server.snapshot.trigger-when-remove.enabled = true (default)
2025-04-23 15:45:32,570 [omNode-1-impl-thread1] INFO  server.RaftServerConfigKeys (ConfUtils.java:logGet(46)) - raft.server.snapshot.auto.trigger.enabled = true (custom)
2025-04-23 15:45:32,570 [omNode-1-impl-thread1] INFO  server.RaftServerConfigKeys (ConfUtils.java:logGet(46)) - raft.server.snapshot.auto.trigger.threshold = 50 (custom)
2025-04-23 15:45:32,570 [omNode-1-impl-thread1] INFO  server.RaftServerConfigKeys (ConfUtils.java:logGet(46)) - raft.server.snapshot.retention.file.num = -1 (default)
2025-04-23 15:45:32,570 [omNode-1-impl-thread1] INFO  server.RaftServerConfigKeys (ConfUtils.java:logGet(46)) - raft.server.log.purge.upto.snapshot.index = true (custom)
2025-04-23 15:45:32,571 [omNode-1-impl-thread1] INFO  server.RaftServer$Division (RaftServerImpl.java:start(405)) - omNode-1@group-523986131536: Successfully started.
2025-04-23 15:45:32,572 [main] INFO  server.RaftServer (RaftServerProxy.java:startImpl(407)) - omNode-1: start RPC server
2025-04-23 15:45:32,572 [main] INFO  server.GrpcService (GrpcService.java:startImpl(334)) - omNode-1: GrpcService started, listening on 15009
2025-04-23 15:45:32,573 [JvmPauseMonitor18] INFO  util.JvmPauseMonitor (JvmPauseMonitor.java:run(146)) - JvmPauseMonitor-omNode-1: Started
2025-04-23 15:45:32,573 [main] INFO  om.OzoneManager (OzoneManager.java:getRpcServer(1360)) - Creating RPC Server
2025-04-23 15:45:32,921 [main] INFO  reflections.Reflections (Reflections.java:scan(219)) - Reflections took 347 ms to scan 22 urls, producing 61 keys and 7422 values
2025-04-23 15:45:32,922 [main] INFO  ipc.CallQueueManager (CallQueueManager.java:<init>(93)) - Using callQueue: class java.util.concurrent.LinkedBlockingQueue, queueCapacity: 2000, scheduler: class org.apache.hadoop.ipc.DefaultRpcScheduler, ipcBackoff: false, ipcFailOver: false.
2025-04-23 15:45:32,923 [main] INFO  ipc.Server (Server.java:<init>(1438)) - Listener at localhost:15006
2025-04-23 15:45:32,923 [Socket Reader #1 for port 15006] INFO  ipc.Server (Server.java:run(1474)) - Starting Socket Reader #1 for port 15006
2025-04-23 15:45:32,923 [Socket Reader #2 for port 15006] INFO  ipc.Server (Server.java:run(1474)) - Starting Socket Reader #2 for port 15006
2025-04-23 15:45:32,923 [Socket Reader #3 for port 15006] INFO  ipc.Server (Server.java:run(1474)) - Starting Socket Reader #3 for port 15006
2025-04-23 15:45:32,923 [Socket Reader #4 for port 15006] INFO  ipc.Server (Server.java:run(1474)) - Starting Socket Reader #4 for port 15006
2025-04-23 15:45:32,924 [Socket Reader #5 for port 15006] INFO  ipc.Server (Server.java:run(1474)) - Starting Socket Reader #5 for port 15006
2025-04-23 15:45:32,924 [Socket Reader #6 for port 15006] INFO  ipc.Server (Server.java:run(1474)) - Starting Socket Reader #6 for port 15006
2025-04-23 15:45:32,924 [Socket Reader #9 for port 15006] INFO  ipc.Server (Server.java:run(1474)) - Starting Socket Reader #9 for port 15006
2025-04-23 15:45:32,924 [Socket Reader #10 for port 15006] INFO  ipc.Server (Server.java:run(1474)) - Starting Socket Reader #10 for port 15006
2025-04-23 15:45:32,925 [Socket Reader #8 for port 15006] INFO  ipc.Server (Server.java:run(1474)) - Starting Socket Reader #8 for port 15006
2025-04-23 15:45:32,925 [Socket Reader #7 for port 15006] INFO  ipc.Server (Server.java:run(1474)) - Starting Socket Reader #7 for port 15006
2025-04-23 15:45:32,926 [main] INFO  http.BaseHttpServer (BaseHttpServer.java:newHttpServer2BuilderForOzone(229)) - Starting Web-server for ozoneManager at: http://0.0.0.0:15007
2025-04-23 15:45:32,926 [main] INFO  http.BaseHttpServer (BaseHttpServer.java:<init>(107)) - Hadoop Security Enabled: false Ozone Security Enabled: false Ozone HTTP Security Enabled: false 
2025-04-23 15:45:32,927 [main] WARN  server.AuthenticationFilter (AuthenticationFilter.java:constructSecretProvider(240)) - Unable to initialize FileSignerSecretProvider, falling back to use random secrets. Reason: Could not read signature secret file: /home/runner/hadoop-http-auth-signature-secret
2025-04-23 15:45:32,929 [main] INFO  http.HttpServer2 (HttpServer2.java:addGlobalFilter(1041)) - Added global filter 'safety' (class=org.apache.hadoop.hdds.server.http.HttpServer2$QuotingInputFilter)
2025-04-23 15:45:32,930 [main] INFO  http.HttpServer2 (HttpServer2.java:addFilter(1017)) - Added filter static_user_filter (class=org.apache.hadoop.http.lib.StaticUserWebFilter$StaticUserFilter) to context ozoneManager
2025-04-23 15:45:32,930 [main] INFO  http.HttpServer2 (HttpServer2.java:addFilter(1025)) - Added filter static_user_filter (class=org.apache.hadoop.http.lib.StaticUserWebFilter$StaticUserFilter) to context logs
2025-04-23 15:45:32,930 [main] INFO  http.HttpServer2 (HttpServer2.java:addFilter(1025)) - Added filter static_user_filter (class=org.apache.hadoop.http.lib.StaticUserWebFilter$StaticUserFilter) to context static
2025-04-23 15:45:32,930 [main] INFO  http.BaseHttpServer (BaseHttpServer.java:<init>(195)) - HTTP server of ozoneManager uses base directory /home/runner/work/ozone/ozone/hadoop-ozone/integration-test/target/test-dir/MiniOzoneClusterImpl-5cf50c17-c591-473f-a8c4-88d8665d28d7/omNode-1/webserver
2025-04-23 15:45:32,930 [main] INFO  http.HttpServer2 (HttpServer2.java:bindListener(1241)) - Jetty bound to port 15007
2025-04-23 15:45:32,931 [main] INFO  server.Server (Server.java:doStart(375)) - jetty-9.4.57.v20241219; built: 2025-01-08T21:24:30.412Z; git: df524e6b29271c2e09ba9aea83c18dc9db464a31; jvm 21.0.7+6-LTS
2025-04-23 15:45:32,932 [main] INFO  server.session (DefaultSessionIdManager.java:doStart(334)) - DefaultSessionIdManager workerName=node0
2025-04-23 15:45:32,933 [main] INFO  server.session (DefaultSessionIdManager.java:doStart(339)) - No SessionScavenger set, using defaults
2025-04-23 15:45:32,933 [main] INFO  server.session (HouseKeeper.java:startScavenging(132)) - node0 Scavenging every 600000ms
2025-04-23 15:45:32,934 [main] INFO  handler.ContextHandler (ContextHandler.java:doStart(921)) - Started o.e.j.s.ServletContextHandler@1ab2a436{logs,/logs,file:///home/runner/work/ozone/ozone/hadoop-ozone/integration-test/target/log,AVAILABLE}
2025-04-23 15:45:32,934 [main] INFO  handler.ContextHandler (ContextHandler.java:doStart(921)) - Started o.e.j.s.ServletContextHandler@6cf232ba{static,/static,file:///home/runner/work/ozone/ozone/hadoop-ozone/integration-test/target/test-classes/webapps/static,AVAILABLE}
2025-04-23 15:45:32,940 [main] INFO  handler.ContextHandler (ContextHandler.java:doStart(921)) - Started o.e.j.w.WebAppContext@1c4a903c{ozoneManager,/,file:///home/runner/work/ozone/ozone/hadoop-ozone/integration-test/target/test-classes/webapps/ozoneManager/,AVAILABLE}{file:/home/runner/work/ozone/ozone/hadoop-ozone/integration-test/target/test-classes/webapps/ozoneManager}
2025-04-23 15:45:32,940 [main] INFO  server.AbstractConnector (AbstractConnector.java:doStart(333)) - Started ServerConnector@44c6e3f5{HTTP/1.1, (http/1.1)}{0.0.0.0:15007}
2025-04-23 15:45:32,941 [main] INFO  server.Server (Server.java:doStart(415)) - Started @67922ms
2025-04-23 15:45:32,941 [main] WARN  impl.MetricsSystemImpl (MetricsSystemImpl.java:register(279)) - Sink prometheus already exists!
2025-04-23 15:45:32,941 [main] INFO  http.BaseHttpServer (BaseHttpServer.java:updateConnectorAddress(360)) - HTTP server of ozoneManager listening at http://0.0.0.0:15007
2025-04-23 15:45:32,941 [IPC Server Responder] INFO  ipc.Server (Server.java:run(1713)) - IPC Server Responder: starting
2025-04-23 15:45:32,941 [IPC Server listener on 15006] INFO  ipc.Server (Server.java:run(1553)) - IPC Server listener on 15006: starting
2025-04-23 15:45:32,944 [main] INFO  om.OzoneManager (OzoneManager.java:startTrashEmptier(2257)) - Trash Interval set to 0. Files deleted won't move to trash
2025-04-23 15:45:32,944 [main] INFO  om.OzoneManager (OzoneManager.java:restart(1878)) - OzoneManager RPC server is listening at localhost/127.0.0.1:15010
2025-04-23 15:45:32,944 [main] INFO  impl.MetricsSystemImpl (MetricsSystemImpl.java:init(158)) - OzoneManager metrics system started (again)
2025-04-23 15:45:32,960 [main] WARN  server.ServerUtils (ServerUtils.java:getDBPath(297)) - ozone.om.db.dirs is not configured. We recommend adding this setting. Falling back to ozone.metadata.dirs instead.
2025-04-23 15:45:33,000 [main] INFO  om.OzoneManager (OzoneManager.java:instantiateServices(933)) - S3 Multi-Tenancy is disabled
2025-04-23 15:45:33,000 [main] INFO  om.OmSnapshotManager (OmSnapshotManager.java:<init>(180)) - Ozone filesystem snapshot feature is enabled.
2025-04-23 15:45:33,001 [main] WARN  server.ServerUtils (ServerUtils.java:getDBPath(297)) - ozone.om.snapshot.diff.db.dir is not configured. We recommend adding this setting. Falling back to ozone.metadata.dirs instead.
2025-04-23 15:45:33,014 [main] WARN  dropwizard3.Dm3MetricRegistriesImpl (Dm3MetricRegistriesImpl.java:addReporterRegistration(114)) - New reporters are added after registries were created. Some metrics will be missing from the reporter. Please add reporter before adding any new registry.
2025-04-23 15:45:33,014 [main] WARN  dropwizard3.Dm3MetricRegistriesImpl (Dm3MetricRegistriesImpl.java:addReporterRegistration(114)) - New reporters are added after registries were created. Some metrics will be missing from the reporter. Please add reporter before adding any new registry.
2025-04-23 15:45:33,014 [main] WARN  server.ServerUtils (ServerUtils.java:getDefaultRatisDirectory(309)) - Storage directory for Ratis is not configured. It is a good idea to map this to an SSD disk. Falling back to ozone.metadata.dirs
2025-04-23 15:45:33,014 [main] INFO  server.RaftServerConfigKeys (ConfUtils.java:logGet(46)) - raft.server.log.appender.buffer.byte-limit = 4194304 (custom)
2025-04-23 15:45:33,015 [main] INFO  ratis.OzoneManagerRatisServer (OzoneManagerRatisServer.java:<init>(167)) - Instantiating OM Ratis server with groupID: om-service-test1 and peers: localhost:15013, localhost:15017, localhost:15009
2025-04-23 15:45:33,016 [main] INFO  ratis.OzoneManagerStateMachine (OzoneManagerStateMachine.java:loadSnapshotInfoFromDB(611)) - LastAppliedIndex is set from TransactionInfo from OM DB as (t:5, i:68)
2025-04-23 15:45:33,016 [main] INFO  server.RaftServer (ConfUtils.java:logGet(46)) - raft.rpc.type = GRPC (default)
2025-04-23 15:45:33,016 [main] INFO  grpc.GrpcConfigKeys (ConfUtils.java:logFallback(53)) - raft.grpc.admin.host = null (fallback to raft.grpc.server.host)
2025-04-23 15:45:33,016 [main] INFO  grpc.GrpcConfigKeys (ConfUtils.java:logFallback(53)) - raft.grpc.admin.port = 15013 (fallback to raft.grpc.server.port)
2025-04-23 15:45:33,016 [main] INFO  grpc.GrpcConfigKeys (ConfUtils.java:logFallback(53)) - raft.grpc.client.host = null (fallback to raft.grpc.server.host)
2025-04-23 15:45:33,017 [main] INFO  grpc.GrpcConfigKeys (ConfUtils.java:logFallback(53)) - raft.grpc.client.port = 15013 (fallback to raft.grpc.server.port)
2025-04-23 15:45:33,017 [main] INFO  grpc.GrpcConfigKeys (ConfUtils.java:logGet(46)) - raft.grpc.server.host = null (default)
2025-04-23 15:45:33,017 [main] INFO  grpc.GrpcConfigKeys (ConfUtils.java:logGet(46)) - raft.grpc.server.port = 15013 (custom)
2025-04-23 15:45:33,017 [main] INFO  server.GrpcService (ConfUtils.java:logGet(46)) - raft.grpc.message.size.max = 5242880 (custom)
2025-04-23 15:45:33,017 [main] INFO  server.GrpcService (ConfUtils.java:logGet(46)) - raft.grpc.flow.control.window = 1MB (=1048576) (default)
2025-04-23 15:45:33,017 [main] INFO  server.RaftServerConfigKeys (ConfUtils.java:logGet(46)) - raft.server.rpc.request.timeout = 3000ms (default)
2025-04-23 15:45:33,017 [main] INFO  grpc.GrpcConfigKeys (ConfUtils.java:logGet(46)) - raft.grpc.server.heartbeat.channel = true (default)
2025-04-23 15:45:33,017 [main] INFO  server.RaftServerConfigKeys (ConfUtils.java:logGet(46)) - raft.server.log.appender.buffer.byte-limit = 4194304 (custom)
2025-04-23 15:45:33,017 [main] INFO  grpc.GrpcConfigKeys (ConfUtils.java:logGet(46)) - raft.grpc.server.async.request.thread.pool.cached = true (default)
2025-04-23 15:45:33,017 [main] INFO  grpc.GrpcConfigKeys (ConfUtils.java:logGet(46)) - raft.grpc.server.async.request.thread.pool.size = 32 (default)
2025-04-23 15:45:33,018 [main] INFO  impl.DataStreamServerImpl (ConfUtils.java:logGet(46)) - raft.datastream.type = DISABLED (default)
2025-04-23 15:45:33,019 [main] INFO  server.RaftServerConfigKeys (ConfUtils.java:logGet(46)) - raft.server.sleep.deviation.threshold = 300ms (default)
2025-04-23 15:45:33,019 [main] INFO  server.RaftServerConfigKeys (ConfUtils.java:logGet(46)) - raft.server.close.threshold = 60s (default)
2025-04-23 15:45:33,019 [main] INFO  server.RaftServerConfigKeys (ConfUtils.java:logGet(46)) - raft.server.leaderelection.leader.step-down.wait-time = 10s (default)
2025-04-23 15:45:33,019 [main] INFO  server.RaftServerConfigKeys (ConfUtils.java:logGet(46)) - raft.server.storage.dir = [/home/runner/work/ozone/ozone/hadoop-ozone/integration-test/target/test-dir/MiniOzoneClusterImpl-5cf50c17-c591-473f-a8c4-88d8665d28d7/omNode-2/ratis] (custom)
2025-04-23 15:45:33,019 [main] INFO  server.RaftServerConfigKeys (ConfUtils.java:logGet(46)) - raft.server.threadpool.proxy.cached = true (default)
2025-04-23 15:45:33,019 [main] INFO  server.RaftServerConfigKeys (ConfUtils.java:logGet(46)) - raft.server.threadpool.proxy.size = 0 (default)
2025-04-23 15:45:33,020 [omNode-2-impl-thread1] INFO  server.RaftServer (RaftServerProxy.java:initGroupDir(265)) - omNode-2: found a subdirectory /home/runner/work/ozone/ozone/hadoop-ozone/integration-test/target/test-dir/MiniOzoneClusterImpl-5cf50c17-c591-473f-a8c4-88d8665d28d7/omNode-2/ratis/c9bc4cf4-3bc3-3c60-a66b-523986131536
2025-04-23 15:45:33,020 [main] INFO  server.RaftServer (RaftServerProxy.java:addNew(100)) - omNode-2: addNew group-523986131536:[omNode-3|localhost:15017, omNode-1|localhost:15009, omNode-2|localhost:15013] returns group-523986131536:java.util.concurrent.CompletableFuture@faa06fc[Not completed]
2025-04-23 15:45:33,020 [omNode-2-groupManagement] INFO  server.RaftServer$Division (RaftServerImpl.java:<init>(255)) - omNode-2: new RaftServerImpl for group-523986131536:[omNode-3|localhost:15017, omNode-1|localhost:15009, omNode-2|localhost:15013] with OzoneManagerStateMachine:uninitialized
2025-04-23 15:45:33,020 [main] INFO  om.OzoneManager (OzoneManager.java:initializeRatisServer(2303)) - OzoneManager Ratis server initialized at port 15013
2025-04-23 15:45:33,020 [main] INFO  ratis.OzoneManagerRatisServer (OzoneManagerRatisServer.java:start(628)) - Starting OzoneManagerRatisServer omNode-2 at port 15013
2025-04-23 15:45:33,020 [omNode-2-groupManagement] INFO  server.RaftServerConfigKeys (ConfUtils.java:logGet(46)) - raft.server.rpc.timeout.min = 1s (custom)
2025-04-23 15:45:33,021 [omNode-2-groupManagement] INFO  server.RaftServerConfigKeys (ConfUtils.java:logGet(46)) - raft.server.rpc.timeout.max = 1200ms (custom)
2025-04-23 15:45:33,021 [omNode-2-groupManagement] INFO  server.RaftServerConfigKeys (ConfUtils.java:logGet(46)) - raft.server.rpc.sleep.time = 25ms (default)
2025-04-23 15:45:33,021 [omNode-2-groupManagement] INFO  server.RaftServerConfigKeys (ConfUtils.java:logGet(46)) - raft.server.rpc.slowness.timeout = 2s (custom)
2025-04-23 15:45:33,021 [omNode-2-groupManagement] INFO  server.RaftServerConfigKeys (ConfUtils.java:logGet(46)) - raft.server.leaderelection.leader.step-down.wait-time = 10s (default)
2025-04-23 15:45:33,021 [omNode-2-groupManagement] INFO  server.RaftServerConfigKeys (ConfUtils.java:logGet(46)) - raft.server.leaderelection.member.majority-add = false (default)
2025-04-23 15:45:33,021 [omNode-2-groupManagement] INFO  server.RaftServerConfigKeys (ConfUtils.java:logGet(46)) - raft.server.sleep.deviation.threshold = 300ms (default)
2025-04-23 15:45:33,021 [omNode-2-groupManagement] INFO  server.RaftServer$Division (ServerState.java:<init>(114)) - omNode-2@group-523986131536: ConfigurationManager, init=conf: {index: -1, cur=peers:[omNode-3|localhost:15017, omNode-1|localhost:15009, omNode-2|localhost:15013]|listeners:[], old=null}, confs=<EMPTY_MAP>
2025-04-23 15:45:33,021 [omNode-2-groupManagement] INFO  server.RaftServerConfigKeys (ConfUtils.java:logGet(46)) - raft.server.notification.no-leader.timeout = 2s (custom)
2025-04-23 15:45:33,021 [omNode-2-groupManagement] INFO  server.RaftServerConfigKeys (ConfUtils.java:logGet(46)) - raft.server.read.timeout = 10s (default)
2025-04-23 15:45:33,021 [omNode-2-groupManagement] INFO  server.RaftServerConfigKeys (ConfUtils.java:logGet(46)) - raft.server.retrycache.expirytime = 30000ms (custom)
2025-04-23 15:45:33,021 [omNode-2-groupManagement] INFO  server.RaftServerConfigKeys (ConfUtils.java:logGet(46)) - raft.server.retrycache.statistics.expirytime = 100ms (default)
2025-04-23 15:45:33,021 [omNode-2-groupManagement] INFO  server.RaftServerConfigKeys (ConfUtils.java:logGet(46)) - raft.server.read.option = DEFAULT (default)
2025-04-23 15:45:33,021 [omNode-2-groupManagement] INFO  server.RaftServerConfigKeys (ConfUtils.java:logGet(46)) - raft.server.read.read-after-write-consistent.write-index-cache.expiry-time = 60s (default)
2025-04-23 15:45:33,024 [omNode-2-groupManagement] INFO  server.RaftServerConfigKeys (ConfUtils.java:logGet(46)) - raft.server.rpc.request.timeout = 3000ms (default)
2025-04-23 15:45:33,024 [omNode-2-groupManagement] INFO  server.RaftServerConfigKeys (ConfUtils.java:logGet(46)) - raft.server.log.appender.install.snapshot.enabled = false (custom)
2025-04-23 15:45:33,024 [omNode-2-groupManagement] INFO  server.RaftServerConfigKeys (ConfUtils.java:logGet(46)) - raft.server.threadpool.server.cached = true (default)
2025-04-23 15:45:33,024 [omNode-2-groupManagement] INFO  server.RaftServerConfigKeys (ConfUtils.java:logGet(46)) - raft.server.threadpool.server.size = 0 (default)
2025-04-23 15:45:33,024 [omNode-2-groupManagement] INFO  server.RaftServerConfigKeys (ConfUtils.java:logGet(46)) - raft.server.threadpool.client.cached = true (default)
2025-04-23 15:45:33,024 [omNode-2-groupManagement] INFO  server.RaftServerConfigKeys (ConfUtils.java:logGet(46)) - raft.server.threadpool.client.size = 0 (default)
2025-04-23 15:45:33,024 [omNode-2-impl-thread1] INFO  server.RaftServerConfigKeys (ConfUtils.java:logGet(46)) - raft.server.storage.free-space.min = 0MB (=0) (default)
2025-04-23 15:45:33,024 [omNode-2-impl-thread1] INFO  server.RaftServerConfigKeys (ConfUtils.java:logGet(46)) - raft.server.log.corruption.policy = EXCEPTION (default)
2025-04-23 15:45:33,024 [omNode-2-impl-thread1] INFO  server.RaftServerConfigKeys (ConfUtils.java:logGet(46)) - raft.server.storage.dir = [/home/runner/work/ozone/ozone/hadoop-ozone/integration-test/target/test-dir/MiniOzoneClusterImpl-5cf50c17-c591-473f-a8c4-88d8665d28d7/omNode-2/ratis] (custom)
2025-04-23 15:45:33,025 [omNode-2-impl-thread1] INFO  storage.RaftStorageDirectory (RaftStorageDirectoryImpl.java:tryLock(229)) - Lock on /home/runner/work/ozone/ozone/hadoop-ozone/integration-test/target/test-dir/MiniOzoneClusterImpl-5cf50c17-c591-473f-a8c4-88d8665d28d7/omNode-2/ratis/c9bc4cf4-3bc3-3c60-a66b-523986131536/in_use.lock acquired by nodename 129659@fv-az1337-835
2025-04-23 15:45:33,025 [omNode-2-impl-thread1] INFO  storage.RaftStorage (RaftStorageImpl.java:analyzeAndRecoverStorage(118)) - Read RaftStorageMetadata{term=5, votedFor=omNode-3} from /home/runner/work/ozone/ozone/hadoop-ozone/integration-test/target/test-dir/MiniOzoneClusterImpl-5cf50c17-c591-473f-a8c4-88d8665d28d7/omNode-2/ratis/c9bc4cf4-3bc3-3c60-a66b-523986131536/current/raft-meta
2025-04-23 15:45:33,026 [omNode-2-impl-thread1] INFO  server.RaftServer$Division (ServerState.java:setRaftConf(386)) - omNode-2@group-523986131536: set configuration conf: {index: 35, cur=peers:[omNode-3|localhost:15017, omNode-1|localhost:15009, omNode-2|localhost:15013]|listeners:[], old=null}
2025-04-23 15:45:33,026 [omNode-2-impl-thread1] INFO  ratis.OzoneManagerStateMachine (OzoneManagerStateMachine.java:lambda$0(138)) - omNode-2: initialize group-523986131536 with (t:5, i:68)
2025-04-23 15:45:33,026 [omNode-2-impl-thread1] INFO  server.RaftServerConfigKeys (ConfUtils.java:logGet(46)) - raft.server.log.use.memory = false (default)
2025-04-23 15:45:33,026 [omNode-2-impl-thread1] INFO  server.RaftServerConfigKeys (ConfUtils.java:logGet(46)) - raft.server.log.purge.gap = 50 (custom)
2025-04-23 15:45:33,026 [omNode-2-impl-thread1] INFO  server.RaftServerConfigKeys (ConfUtils.java:logGet(46)) - raft.server.log.appender.buffer.byte-limit = 4194304 (custom)
2025-04-23 15:45:33,026 [omNode-2-impl-thread1] INFO  server.RaftServerConfigKeys (ConfUtils.java:logGet(46)) - raft.server.log.statemachine.data.read.timeout = 1000ms (default)
2025-04-23 15:45:33,026 [omNode-2-impl-thread1] INFO  server.RaftServerConfigKeys (ConfUtils.java:logGet(46)) - raft.server.log.purge.preservation.log.num = 0 (default)
2025-04-23 15:45:33,027 [omNode-2-impl-thread1] INFO  server.RaftServerConfigKeys (ConfUtils.java:logGet(46)) - raft.server.log.segment.size.max = 4194304 (custom)
2025-04-23 15:45:33,027 [omNode-2-impl-thread1] INFO  server.RaftServerConfigKeys (ConfUtils.java:logGet(46)) - raft.server.log.segment.cache.num.max = 2 (custom)
2025-04-23 15:45:33,028 [omNode-2-impl-thread1] INFO  server.RaftServerConfigKeys (ConfUtils.java:logGet(46)) - raft.server.log.segment.cache.size.max = 200MB (=209715200) (default)
2025-04-23 15:45:33,028 [omNode-2-impl-thread1] INFO  server.RaftServerConfigKeys (ConfUtils.java:logGet(46)) - raft.server.log.appender.buffer.byte-limit = 4194304 (custom)
2025-04-23 15:45:33,028 [omNode-2-impl-thread1] INFO  util.AwaitToRun (AwaitToRun.java:start(81)) - Thread[#2963,omNode-2@group-523986131536-cacheEviction-AwaitToRun,5,main] started
2025-04-23 15:45:33,028 [omNode-2-impl-thread1] INFO  segmented.SegmentedRaftLogWorker (SegmentedRaftLogWorker.java:<init>(188)) - new omNode-2@group-523986131536-SegmentedRaftLogWorker for RaftStorageImpl:Storage Directory /home/runner/work/ozone/ozone/hadoop-ozone/integration-test/target/test-dir/MiniOzoneClusterImpl-5cf50c17-c591-473f-a8c4-88d8665d28d7/omNode-2/ratis/c9bc4cf4-3bc3-3c60-a66b-523986131536
2025-04-23 15:45:33,028 [omNode-2-impl-thread1] INFO  server.RaftServerConfigKeys (ConfUtils.java:logGet(46)) - raft.server.log.queue.byte-limit = 64MB (=67108864) (default)
2025-04-23 15:45:33,028 [omNode-2-impl-thread1] INFO  server.RaftServerConfigKeys (ConfUtils.java:logGet(46)) - raft.server.log.queue.element-limit = 4096 (default)
2025-04-23 15:45:33,028 [omNode-2-impl-thread1] INFO  server.RaftServerConfigKeys (ConfUtils.java:logGet(46)) - raft.server.log.segment.size.max = 4194304 (custom)
2025-04-23 15:45:33,028 [omNode-2-impl-thread1] INFO  server.RaftServerConfigKeys (ConfUtils.java:logGet(46)) - raft.server.log.preallocated.size = 4194304 (custom)
2025-04-23 15:45:33,028 [omNode-2-impl-thread1] INFO  server.RaftServerConfigKeys (ConfUtils.java:logGet(46)) - raft.server.log.force.sync.num = 128 (default)
2025-04-23 15:45:33,028 [omNode-2-impl-thread1] INFO  server.RaftServerConfigKeys (ConfUtils.java:logGet(46)) - raft.server.log.statemachine.data.sync = true (default)
2025-04-23 15:45:33,028 [omNode-2-impl-thread1] INFO  server.RaftServerConfigKeys (ConfUtils.java:logGet(46)) - raft.server.log.statemachine.data.sync.timeout = 10s (default)
2025-04-23 15:45:33,028 [omNode-2-impl-thread1] INFO  server.RaftServerConfigKeys (ConfUtils.java:logGet(46)) - raft.server.log.statemachine.data.sync.timeout.retry = -1 (default)
2025-04-23 15:45:33,028 [omNode-2-impl-thread1] INFO  server.RaftServerConfigKeys (ConfUtils.java:logGet(46)) - raft.server.log.write.buffer.size = 4194312 (custom)
2025-04-23 15:45:33,030 [omNode-2-impl-thread1] INFO  server.RaftServerConfigKeys (ConfUtils.java:logGet(46)) - raft.server.log.appender.buffer.byte-limit = 4194304 (custom)
2025-04-23 15:45:33,030 [omNode-2-impl-thread1] INFO  server.RaftServerConfigKeys (ConfUtils.java:logGet(46)) - raft.server.log.unsafe-flush.enabled = false (default)
2025-04-23 15:45:33,030 [omNode-2-impl-thread1] INFO  server.RaftServerConfigKeys (ConfUtils.java:logGet(46)) - raft.server.log.async-flush.enabled = false (default)
2025-04-23 15:45:33,030 [omNode-2-impl-thread1] INFO  server.RaftServerConfigKeys (ConfUtils.java:logGet(46)) - raft.server.log.statemachine.data.caching.enabled = false (default)
2025-04-23 15:45:33,031 [omNode-2-impl-thread1] INFO  server.RaftServer$Division (ServerState.java:setRaftConf(386)) - omNode-2@group-523986131536: set configuration conf: {index: 35, cur=peers:[omNode-3|localhost:15017, omNode-1|localhost:15009, omNode-2|localhost:15013]|listeners:[], old=null}
2025-04-23 15:45:33,032 [omNode-2-impl-thread1] INFO  segmented.LogSegment (LogSegment.java:loadSegment(171)) - Successfully read 34 entries from segment file /home/runner/work/ozone/ozone/hadoop-ozone/integration-test/target/test-dir/MiniOzoneClusterImpl-5cf50c17-c591-473f-a8c4-88d8665d28d7/omNode-2/ratis/c9bc4cf4-3bc3-3c60-a66b-523986131536/current/log_inprogress_35
2025-04-23 15:45:33,032 [omNode-2-impl-thread1] INFO  segmented.SegmentedRaftLogWorker (SegmentedRaftLogWorker.java:lambda$new$0(139)) - omNode-2@group-523986131536-SegmentedRaftLogWorker: flushIndex: setUnconditionally 0 -> 68
2025-04-23 15:45:33,032 [omNode-2-impl-thread1] INFO  segmented.SegmentedRaftLogWorker (SegmentedRaftLogWorker.java:lambda$new$0(139)) - omNode-2@group-523986131536-SegmentedRaftLogWorker: safeCacheEvictIndex: setUnconditionally 0 -> -1
2025-04-23 15:45:33,032 [omNode-2-impl-thread1] INFO  segmented.BufferedWriteChannel (BufferedWriteChannel.java:open(61)) - open log_inprogress_35 (append) at position 7646
2025-04-23 15:45:33,032 [omNode-2-impl-thread1] INFO  raftlog.RaftLog (RaftLogBase.java:lambda$new$0(54)) - omNode-2@group-523986131536-SegmentedRaftLog: purgeIndex: updateToMax old=-1, new=34, updated? true
2025-04-23 15:45:33,032 [omNode-2-impl-thread1] INFO  server.RaftServer$Division (RaftServerImpl.java:start(391)) - omNode-2@group-523986131536: start as a follower, conf=conf: {index: 35, cur=peers:[omNode-3|localhost:15017, omNode-1|localhost:15009, omNode-2|localhost:15013]|listeners:[], old=null}
2025-04-23 15:45:33,032 [omNode-2-impl-thread1] INFO  server.RaftServer$Division (RaftServerImpl.java:setRole(378)) - omNode-2@group-523986131536: changes role from      null to FOLLOWER at term 5 for startAsFollower
2025-04-23 15:45:33,032 [omNode-2-impl-thread1] INFO  impl.RoleInfo (RoleInfo.java:updateAndGet(148)) - omNode-2: start omNode-2@group-523986131536-FollowerState
2025-04-23 15:45:33,033 [omNode-2@group-523986131536-FollowerState] INFO  server.RaftServerConfigKeys (ConfUtils.java:logFallback(53)) - raft.server.rpc.first-election.timeout.min = 1s (fallback to raft.server.rpc.timeout.min)
2025-04-23 15:45:33,033 [omNode-2@group-523986131536-FollowerState] INFO  server.RaftServerConfigKeys (ConfUtils.java:logFallback(53)) - raft.server.rpc.first-election.timeout.max = 1200ms (fallback to raft.server.rpc.timeout.max)
2025-04-23 15:45:33,033 [omNode-2-impl-thread1] INFO  util.JmxRegister (JmxRegister.java:tryRegister(44)) - Successfully registered JMX Bean with object name Ratis:service=RaftServer,group=group-523986131536,id=omNode-2
2025-04-23 15:45:33,033 [omNode-2-impl-thread1] INFO  util.JmxRegister (JmxRegister.java:register(58)) - register mxBean class org.apache.ratis.server.impl.RaftServerJmxAdapter as Ratis:service=RaftServer,group=group-523986131536,id=omNode-2
2025-04-23 15:45:33,033 [omNode-2-impl-thread1] INFO  server.RaftServerConfigKeys (ConfUtils.java:logGet(46)) - raft.server.snapshot.trigger-when-stop.enabled = true (default)
2025-04-23 15:45:33,033 [omNode-2-impl-thread1] INFO  server.RaftServerConfigKeys (ConfUtils.java:logGet(46)) - raft.server.snapshot.trigger-when-remove.enabled = true (default)
2025-04-23 15:45:33,033 [omNode-2-impl-thread1] INFO  server.RaftServerConfigKeys (ConfUtils.java:logGet(46)) - raft.server.snapshot.auto.trigger.enabled = true (custom)
2025-04-23 15:45:33,033 [omNode-2-impl-thread1] INFO  server.RaftServerConfigKeys (ConfUtils.java:logGet(46)) - raft.server.snapshot.auto.trigger.threshold = 50 (custom)
2025-04-23 15:45:33,033 [omNode-2-impl-thread1] INFO  server.RaftServerConfigKeys (ConfUtils.java:logGet(46)) - raft.server.snapshot.retention.file.num = -1 (default)
2025-04-23 15:45:33,033 [omNode-2-impl-thread1] INFO  server.RaftServerConfigKeys (ConfUtils.java:logGet(46)) - raft.server.log.purge.upto.snapshot.index = true (custom)
2025-04-23 15:45:33,034 [omNode-2-impl-thread1] INFO  server.RaftServer$Division (RaftServerImpl.java:start(405)) - omNode-2@group-523986131536: Successfully started.
2025-04-23 15:45:33,034 [main] INFO  server.RaftServer (RaftServerProxy.java:startImpl(407)) - omNode-2: start RPC server
2025-04-23 15:45:33,035 [main] INFO  server.GrpcService (GrpcService.java:startImpl(334)) - omNode-2: GrpcService started, listening on 15013
2025-04-23 15:45:33,035 [main] INFO  om.OzoneManager (OzoneManager.java:getRpcServer(1360)) - Creating RPC Server
2025-04-23 15:45:33,035 [JvmPauseMonitor19] INFO  util.JvmPauseMonitor (JvmPauseMonitor.java:run(146)) - JvmPauseMonitor-omNode-2: Started
2025-04-23 15:45:33,252 [omNode-3@group-523986131536-FollowerState] INFO  impl.FollowerState (FollowerState.java:runImpl(161)) - omNode-3@group-523986131536-FollowerState: change to CANDIDATE, lastRpcElapsedTime:1134473264ns, electionTimeout:1134ms
2025-04-23 15:45:33,253 [omNode-3@group-523986131536-FollowerState] INFO  impl.RoleInfo (RoleInfo.java:shutdownFollowerState(121)) - omNode-3: shutdown omNode-3@group-523986131536-FollowerState
2025-04-23 15:45:33,253 [omNode-3@group-523986131536-FollowerState] INFO  server.RaftServer$Division (RaftServerImpl.java:setRole(378)) - omNode-3@group-523986131536: changes role from  FOLLOWER to CANDIDATE at term 5 for changeToCandidate
2025-04-23 15:45:33,253 [omNode-3@group-523986131536-FollowerState] INFO  server.RaftServerConfigKeys (ConfUtils.java:logGet(46)) - raft.server.leaderelection.pre-vote = true (default)
2025-04-23 15:45:33,253 [omNode-3@group-523986131536-FollowerState] INFO  impl.RoleInfo (RoleInfo.java:updateAndGet(148)) - omNode-3: start omNode-3@group-523986131536-LeaderElection15
2025-04-23 15:45:33,253 [omNode-3@group-523986131536-LeaderElection15] INFO  impl.LeaderElection (LeaderElection.java:askForVotes(332)) - omNode-3@group-523986131536-LeaderElection15 PRE_VOTE round 0: submit vote requests at term 5 for conf: {index: 35, cur=peers:[omNode-3|localhost:15017, omNode-1|localhost:15009, omNode-2|localhost:15013]|listeners:[], old=null}
2025-04-23 15:45:33,254 [omNode-3@group-523986131536-LeaderElection15-1] INFO  server.GrpcServerProtocolClient (GrpcServerProtocolClient.java:<init>(65)) - Build channel for omNode-1|localhost:15009
2025-04-23 15:45:33,255 [omNode-3@group-523986131536-LeaderElection15] INFO  server.RaftServerConfigKeys (ConfUtils.java:logFallback(53)) - raft.server.rpc.first-election.timeout.min = 1s (fallback to raft.server.rpc.timeout.min)
2025-04-23 15:45:33,255 [omNode-3@group-523986131536-LeaderElection15] INFO  server.RaftServerConfigKeys (ConfUtils.java:logFallback(53)) - raft.server.rpc.first-election.timeout.max = 1200ms (fallback to raft.server.rpc.timeout.max)
2025-04-23 15:45:33,255 [omNode-3@group-523986131536-LeaderElection15-2] INFO  server.GrpcServerProtocolClient (GrpcServerProtocolClient.java:<init>(65)) - Build channel for omNode-2|localhost:15013
2025-04-23 15:45:33,259 [grpc-default-executor-0] INFO  server.RaftServer$Division (RaftServerImpl.java:requestVote(1407)) - omNode-2@group-523986131536: receive requestVote(PRE_VOTE, omNode-3, group-523986131536, 5, (t:5, i:68))
2025-04-23 15:45:33,259 [grpc-default-executor-0] INFO  impl.VoteContext (VoteContext.java:log(49)) - omNode-2@group-523986131536-FOLLOWER: accept PRE_VOTE from omNode-3: our priority 0 <= candidate's priority 0
2025-04-23 15:45:33,259 [grpc-default-executor-0] INFO  server.RaftServer$Division (RaftServerImpl.java:requestVote(1441)) - omNode-2@group-523986131536 replies to PRE_VOTE vote request: omNode-3<-omNode-2#0:OK-t5. Peer's state: omNode-2@group-523986131536:t5, leader=null, voted=omNode-3, raftlog=Memoized:omNode-2@group-523986131536-SegmentedRaftLog:OPENED:c68:last(t:5, i:68), conf=conf: {index: 35, cur=peers:[omNode-3|localhost:15017, omNode-1|localhost:15009, omNode-2|localhost:15013]|listeners:[], old=null}
2025-04-23 15:45:33,259 [grpc-default-executor-6] INFO  server.RaftServer$Division (RaftServerImpl.java:requestVote(1407)) - omNode-1@group-523986131536: receive requestVote(PRE_VOTE, omNode-3, group-523986131536, 5, (t:5, i:68))
2025-04-23 15:45:33,260 [grpc-default-executor-6] INFO  impl.VoteContext (VoteContext.java:log(49)) - omNode-1@group-523986131536-FOLLOWER: accept PRE_VOTE from omNode-3: our priority 0 <= candidate's priority 0
2025-04-23 15:45:33,260 [grpc-default-executor-6] INFO  server.RaftServer$Division (RaftServerImpl.java:requestVote(1441)) - omNode-1@group-523986131536 replies to PRE_VOTE vote request: omNode-3<-omNode-1#0:OK-t5. Peer's state: omNode-1@group-523986131536:t5, leader=null, voted=omNode-3, raftlog=Memoized:omNode-1@group-523986131536-SegmentedRaftLog:OPENED:c68:last(t:5, i:68), conf=conf: {index: 35, cur=peers:[omNode-3|localhost:15017, omNode-1|localhost:15009, omNode-2|localhost:15013]|listeners:[], old=null}
2025-04-23 15:45:33,261 [omNode-3@group-523986131536-LeaderElection15] INFO  impl.LeaderElection (LeaderElection.java:logAndReturn(90)) - omNode-3@group-523986131536-LeaderElection15: PRE_VOTE PASSED received 1 response(s) and 0 exception(s):
2025-04-23 15:45:33,261 [omNode-3@group-523986131536-LeaderElection15] INFO  impl.LeaderElection (LeaderElection.java:logAndReturn(94)) -   Response 0: omNode-3<-omNode-2#0:OK-t5
2025-04-23 15:45:33,261 [omNode-3@group-523986131536-LeaderElection15] INFO  impl.LeaderElection (LeaderElection.java:askForVotes(334)) - omNode-3@group-523986131536-LeaderElection15 PRE_VOTE round 0: result PASSED
2025-04-23 15:45:33,263 [omNode-3@group-523986131536-LeaderElection15] INFO  impl.LeaderElection (LeaderElection.java:askForVotes(332)) - omNode-3@group-523986131536-LeaderElection15 ELECTION round 0: submit vote requests at term 6 for conf: {index: 35, cur=peers:[omNode-3|localhost:15017, omNode-1|localhost:15009, omNode-2|localhost:15013]|listeners:[], old=null}
2025-04-23 15:45:33,263 [omNode-3@group-523986131536-LeaderElection15] INFO  server.RaftServerConfigKeys (ConfUtils.java:logFallback(53)) - raft.server.rpc.first-election.timeout.min = 1s (fallback to raft.server.rpc.timeout.min)
2025-04-23 15:45:33,263 [omNode-3@group-523986131536-LeaderElection15] INFO  server.RaftServerConfigKeys (ConfUtils.java:logFallback(53)) - raft.server.rpc.first-election.timeout.max = 1200ms (fallback to raft.server.rpc.timeout.max)
2025-04-23 15:45:33,264 [grpc-default-executor-6] INFO  server.RaftServer$Division (RaftServerImpl.java:requestVote(1407)) - omNode-1@group-523986131536: receive requestVote(ELECTION, omNode-3, group-523986131536, 6, (t:5, i:68))
2025-04-23 15:45:33,264 [grpc-default-executor-6] INFO  impl.VoteContext (VoteContext.java:log(49)) - omNode-1@group-523986131536-FOLLOWER: accept ELECTION from omNode-3: our priority 0 <= candidate's priority 0
2025-04-23 15:45:33,264 [grpc-default-executor-6] INFO  server.RaftServer$Division (RaftServerImpl.java:setRole(378)) - omNode-1@group-523986131536: changes role from  FOLLOWER to FOLLOWER at term 5 for candidate:omNode-3
2025-04-23 15:45:33,264 [grpc-default-executor-6] INFO  impl.RoleInfo (RoleInfo.java:shutdownFollowerState(121)) - omNode-1: shutdown omNode-1@group-523986131536-FollowerState
2025-04-23 15:45:33,264 [grpc-default-executor-6] INFO  impl.RoleInfo (RoleInfo.java:updateAndGet(148)) - omNode-1: start omNode-1@group-523986131536-FollowerState
2025-04-23 15:45:33,264 [grpc-default-executor-0] INFO  server.RaftServer$Division (RaftServerImpl.java:requestVote(1407)) - omNode-2@group-523986131536: receive requestVote(ELECTION, omNode-3, group-523986131536, 6, (t:5, i:68))
2025-04-23 15:45:33,264 [grpc-default-executor-0] INFO  impl.VoteContext (VoteContext.java:log(49)) - omNode-2@group-523986131536-FOLLOWER: accept ELECTION from omNode-3: our priority 0 <= candidate's priority 0
2025-04-23 15:45:33,265 [grpc-default-executor-0] INFO  server.RaftServer$Division (RaftServerImpl.java:setRole(378)) - omNode-2@group-523986131536: changes role from  FOLLOWER to FOLLOWER at term 5 for candidate:omNode-3
2025-04-23 15:45:33,265 [grpc-default-executor-0] INFO  impl.RoleInfo (RoleInfo.java:shutdownFollowerState(121)) - omNode-2: shutdown omNode-2@group-523986131536-FollowerState
2025-04-23 15:45:33,265 [grpc-default-executor-0] INFO  impl.RoleInfo (RoleInfo.java:updateAndGet(148)) - omNode-2: start omNode-2@group-523986131536-FollowerState
2025-04-23 15:45:33,265 [omNode-1@group-523986131536-FollowerState] INFO  impl.FollowerState (FollowerState.java:runImpl(170)) - omNode-1@group-523986131536-FollowerState was interrupted
2025-04-23 15:45:33,265 [omNode-2@group-523986131536-FollowerState] INFO  impl.FollowerState (FollowerState.java:runImpl(170)) - omNode-2@group-523986131536-FollowerState was interrupted
2025-04-23 15:45:33,265 [grpc-default-executor-6] INFO  server.RaftServer$Division (RaftServerImpl.java:setFirstElection(562)) - omNode-1@group-523986131536: set firstElectionSinceStartup to false for candidate:omNode-3
2025-04-23 15:45:33,265 [grpc-default-executor-0] INFO  server.RaftServer$Division (RaftServerImpl.java:setFirstElection(562)) - omNode-2@group-523986131536: set firstElectionSinceStartup to false for candidate:omNode-3
2025-04-23 15:45:33,266 [grpc-default-executor-6] INFO  server.RaftServer$Division (RaftServerImpl.java:requestVote(1441)) - omNode-1@group-523986131536 replies to ELECTION vote request: omNode-3<-omNode-1#0:OK-t6. Peer's state: omNode-1@group-523986131536:t6, leader=null, voted=omNode-3, raftlog=Memoized:omNode-1@group-523986131536-SegmentedRaftLog:OPENED:c68:last(t:5, i:68), conf=conf: {index: 35, cur=peers:[omNode-3|localhost:15017, omNode-1|localhost:15009, omNode-2|localhost:15013]|listeners:[], old=null}
2025-04-23 15:45:33,267 [grpc-default-executor-0] INFO  server.RaftServer$Division (RaftServerImpl.java:requestVote(1441)) - omNode-2@group-523986131536 replies to ELECTION vote request: omNode-3<-omNode-2#0:OK-t6. Peer's state: omNode-2@group-523986131536:t6, leader=null, voted=omNode-3, raftlog=Memoized:omNode-2@group-523986131536-SegmentedRaftLog:OPENED:c68:last(t:5, i:68), conf=conf: {index: 35, cur=peers:[omNode-3|localhost:15017, omNode-1|localhost:15009, omNode-2|localhost:15013]|listeners:[], old=null}
2025-04-23 15:45:33,267 [omNode-3@group-523986131536-LeaderElection15] INFO  impl.LeaderElection (LeaderElection.java:logAndReturn(90)) - omNode-3@group-523986131536-LeaderElection15: ELECTION PASSED received 1 response(s) and 0 exception(s):
2025-04-23 15:45:33,267 [omNode-3@group-523986131536-LeaderElection15] INFO  impl.LeaderElection (LeaderElection.java:logAndReturn(94)) -   Response 0: omNode-3<-omNode-1#0:OK-t6
2025-04-23 15:45:33,267 [omNode-3@group-523986131536-LeaderElection15] INFO  impl.LeaderElection (LeaderElection.java:askForVotes(334)) - omNode-3@group-523986131536-LeaderElection15 ELECTION round 0: result PASSED
2025-04-23 15:45:33,267 [omNode-3@group-523986131536-LeaderElection15] INFO  impl.RoleInfo (RoleInfo.java:shutdownLeaderElection(141)) - omNode-3: shutdown omNode-3@group-523986131536-LeaderElection15
2025-04-23 15:45:33,267 [omNode-3@group-523986131536-LeaderElection15] INFO  server.RaftServer$Division (RaftServerImpl.java:setRole(378)) - omNode-3@group-523986131536: changes role from CANDIDATE to LEADER at term 6 for changeToLeader
2025-04-23 15:45:33,267 [omNode-3@group-523986131536-LeaderElection15] INFO  server.RaftServerConfigKeys (ConfUtils.java:logGet(46)) - raft.server.staging.catchup.gap = 1000 (default)
2025-04-23 15:45:33,268 [omNode-3@group-523986131536-LeaderElection15] INFO  server.RaftServerConfigKeys (ConfUtils.java:logGet(46)) - raft.server.write.element-limit = 4096 (default)
2025-04-23 15:45:33,268 [omNode-3@group-523986131536-LeaderElection15] INFO  server.RaftServerConfigKeys (ConfUtils.java:logGet(46)) - raft.server.write.byte-limit = 64MB (=67108864) (default)
2025-04-23 15:45:33,268 [omNode-3@group-523986131536-LeaderElection15] INFO  server.RaftServerConfigKeys (ConfUtils.java:logGet(46)) - raft.server.watch.timeout = 10s (default)
2025-04-23 15:45:33,268 [omNode-3@group-523986131536-LeaderElection15] INFO  server.RaftServerConfigKeys (ConfUtils.java:logGet(46)) - raft.server.watch.timeout.denomination = 1s (default)
2025-04-23 15:45:33,268 [omNode-3@group-523986131536-LeaderElection15] INFO  server.RaftServerConfigKeys (ConfUtils.java:logGet(46)) - raft.server.watch.element-limit = 65536 (default)
2025-04-23 15:45:33,269 [omNode-3@group-523986131536-LeaderElection15] INFO  server.RaftServerConfigKeys (ConfUtils.java:logGet(46)) - raft.server.read.leader.lease.enabled = false (default)
2025-04-23 15:45:33,269 [omNode-3@group-523986131536-LeaderElection15] INFO  server.RaftServerConfigKeys (ConfUtils.java:logGet(46)) - raft.server.read.leader.lease.timeout.ratio = 0.9 (default)
2025-04-23 15:45:33,269 [omNode-3@group-523986131536-LeaderElection15] INFO  server.RaftServerConfigKeys (ConfUtils.java:logGet(46)) - raft.server.rpc.timeout.min = 1s (custom)
2025-04-23 15:45:33,269 [omNode-3@group-523986131536-LeaderElection15] INFO  server.RaftServerConfigKeys (ConfUtils.java:logGet(46)) - raft.server.log.log-metadata.enabled = true (default)
2025-04-23 15:45:33,269 [omNode-3@group-523986131536-LeaderElection15] INFO  server.RaftServerConfigKeys (ConfUtils.java:logGet(46)) - raft.server.write.element-limit = 4096 (default)
2025-04-23 15:45:33,269 [omNode-3@group-523986131536-LeaderElection15] INFO  server.RaftServerConfigKeys (ConfUtils.java:logGet(46)) - raft.server.write.follower.gap.ratio.max = -1.0 (default)
2025-04-23 15:45:33,269 [omNode-3@group-523986131536-LeaderElection15] INFO  server.RaftServerConfigKeys (ConfUtils.java:logGet(46)) - raft.server.log.appender.snapshot.chunk.size.max = 16MB (=16777216) (default)
2025-04-23 15:45:33,269 [omNode-3@group-523986131536-LeaderElection15] INFO  server.RaftServerConfigKeys (ConfUtils.java:logGet(46)) - raft.server.log.appender.buffer.byte-limit = 4194304 (custom)
2025-04-23 15:45:33,269 [omNode-3@group-523986131536-LeaderElection15] INFO  server.RaftServerConfigKeys (ConfUtils.java:logGet(46)) - raft.server.log.appender.buffer.element-limit = 1024 (custom)
2025-04-23 15:45:33,270 [omNode-3@group-523986131536-LeaderElection15] INFO  server.RaftServerConfigKeys (ConfUtils.java:logGet(46)) - raft.server.log.appender.wait-time.min = 0ms (custom)
2025-04-23 15:45:33,270 [omNode-3@group-523986131536-LeaderElection15] INFO  grpc.GrpcConfigKeys (ConfUtils.java:logGet(46)) - raft.grpc.server.leader.outstanding.appends.max = 8 (default)
2025-04-23 15:45:33,270 [omNode-3@group-523986131536-LeaderElection15] INFO  server.RaftServerConfigKeys (ConfUtils.java:logGet(46)) - raft.server.rpc.request.timeout = 3000ms (default)
2025-04-23 15:45:33,270 [omNode-3@group-523986131536-LeaderElection15] INFO  grpc.GrpcConfigKeys (ConfUtils.java:logGet(46)) - raft.grpc.server.install_snapshot.request.element-limit = 8 (default)
2025-04-23 15:45:33,270 [omNode-3@group-523986131536-LeaderElection15] INFO  grpc.GrpcConfigKeys (ConfUtils.java:logGet(46)) - raft.grpc.server.install_snapshot.request.timeout = 3000ms (default)
2025-04-23 15:45:33,270 [omNode-3@group-523986131536-LeaderElection15] INFO  grpc.GrpcConfigKeys (ConfUtils.java:logGet(46)) - raft.grpc.server.log-message.batch.duration = 5s (default)
2025-04-23 15:45:33,270 [omNode-3@group-523986131536-LeaderElection15] INFO  server.RaftServerConfigKeys (ConfUtils.java:logGet(46)) - raft.server.log.appender.install.snapshot.enabled = false (custom)
2025-04-23 15:45:33,270 [omNode-3@group-523986131536-LeaderElection15] INFO  grpc.GrpcConfigKeys (ConfUtils.java:logGet(46)) - raft.grpc.server.heartbeat.channel = true (default)
2025-04-23 15:45:33,271 [omNode-3@group-523986131536-LeaderElection15] INFO  server.RaftServerConfigKeys (ConfUtils.java:logGet(46)) - raft.server.log.appender.snapshot.chunk.size.max = 16MB (=16777216) (default)
2025-04-23 15:45:33,271 [omNode-3@group-523986131536-LeaderElection15] INFO  server.RaftServerConfigKeys (ConfUtils.java:logGet(46)) - raft.server.log.appender.buffer.byte-limit = 4194304 (custom)
2025-04-23 15:45:33,271 [omNode-3@group-523986131536-LeaderElection15] INFO  server.RaftServerConfigKeys (ConfUtils.java:logGet(46)) - raft.server.log.appender.buffer.element-limit = 1024 (custom)
2025-04-23 15:45:33,271 [omNode-3@group-523986131536-LeaderElection15] INFO  server.RaftServerConfigKeys (ConfUtils.java:logGet(46)) - raft.server.log.appender.wait-time.min = 0ms (custom)
2025-04-23 15:45:33,271 [omNode-3@group-523986131536-LeaderElection15] INFO  grpc.GrpcConfigKeys (ConfUtils.java:logGet(46)) - raft.grpc.server.leader.outstanding.appends.max = 8 (default)
2025-04-23 15:45:33,271 [omNode-3@group-523986131536-LeaderElection15] INFO  server.RaftServerConfigKeys (ConfUtils.java:logGet(46)) - raft.server.rpc.request.timeout = 3000ms (default)
2025-04-23 15:45:33,271 [omNode-3@group-523986131536-LeaderElection15] INFO  grpc.GrpcConfigKeys (ConfUtils.java:logGet(46)) - raft.grpc.server.install_snapshot.request.element-limit = 8 (default)
2025-04-23 15:45:33,271 [omNode-3@group-523986131536-LeaderElection15] INFO  grpc.GrpcConfigKeys (ConfUtils.java:logGet(46)) - raft.grpc.server.install_snapshot.request.timeout = 3000ms (default)
2025-04-23 15:45:33,271 [omNode-3@group-523986131536-LeaderElection15] INFO  grpc.GrpcConfigKeys (ConfUtils.java:logGet(46)) - raft.grpc.server.log-message.batch.duration = 5s (default)
2025-04-23 15:45:33,271 [omNode-3@group-523986131536-LeaderElection15] INFO  server.RaftServerConfigKeys (ConfUtils.java:logGet(46)) - raft.server.log.appender.install.snapshot.enabled = false (custom)
2025-04-23 15:45:33,271 [omNode-3@group-523986131536-LeaderElection15] INFO  grpc.GrpcConfigKeys (ConfUtils.java:logGet(46)) - raft.grpc.server.heartbeat.channel = true (default)
2025-04-23 15:45:33,271 [omNode-3@group-523986131536-LeaderElection15] INFO  impl.RoleInfo (RoleInfo.java:updateAndGet(148)) - omNode-3: start omNode-3@group-523986131536-LeaderStateImpl
2025-04-23 15:45:33,271 [omNode-3@group-523986131536-LeaderElection15] INFO  server.RaftServer$Division (RaftServerImpl.java:setFirstElection(562)) - omNode-3@group-523986131536: set firstElectionSinceStartup to false for becomeLeader
2025-04-23 15:45:33,272 [omNode-3@group-523986131536-LeaderElection15] INFO  ratis.OzoneManagerStateMachine (OzoneManagerStateMachine.java:notifyLeaderChanged(169)) - omNode-3@group-523986131536: leader changed to omNode-3
2025-04-23 15:45:33,272 [omNode-3@group-523986131536-LeaderElection15] INFO  server.RaftServer$Division (ServerState.java:setLeader(272)) - omNode-3@group-523986131536: change Leader from null to omNode-3 at term 6 for becomeLeader, leader elected after 1161ms
2025-04-23 15:45:33,272 [omNode-3@group-523986131536-LeaderElection15] INFO  segmented.SegmentedRaftLogWorker (SegmentedRaftLogWorker.java:rollLogSegment(443)) - omNode-3@group-523986131536-SegmentedRaftLogWorker: Rolling segment log-35_68 to index:68
2025-04-23 15:45:33,272 [omNode-3@group-523986131536-SegmentedRaftLogWorker] INFO  segmented.SegmentedRaftLogWorker (SegmentedRaftLogWorker.java:execute(601)) - omNode-3@group-523986131536-SegmentedRaftLogWorker: Rolled log segment from /home/runner/work/ozone/ozone/hadoop-ozone/integration-test/target/test-dir/MiniOzoneClusterImpl-5cf50c17-c591-473f-a8c4-88d8665d28d7/omNode-3/ratis/c9bc4cf4-3bc3-3c60-a66b-523986131536/current/log_inprogress_35 to /home/runner/work/ozone/ozone/hadoop-ozone/integration-test/target/test-dir/MiniOzoneClusterImpl-5cf50c17-c591-473f-a8c4-88d8665d28d7/omNode-3/ratis/c9bc4cf4-3bc3-3c60-a66b-523986131536/current/log_35-68
2025-04-23 15:45:33,273 [omNode-3@group-523986131536-SegmentedRaftLogWorker] INFO  segmented.BufferedWriteChannel (BufferedWriteChannel.java:open(61)) - open log_inprogress_69 at position 0
2025-04-23 15:45:33,273 [omNode-3@group-523986131536-LeaderElection15] INFO  server.RaftServer$Division (ServerState.java:setRaftConf(386)) - omNode-3@group-523986131536: set configuration conf: {index: 69, cur=peers:[omNode-3|localhost:15017, omNode-1|localhost:15009, omNode-2|localhost:15013]|listeners:[], old=null}
2025-04-23 15:45:33,282 [omNode-1-server-thread1] INFO  ratis.OzoneManagerStateMachine (OzoneManagerStateMachine.java:notifyLeaderChanged(169)) - omNode-1@group-523986131536: leader changed to omNode-3
2025-04-23 15:45:33,282 [omNode-1-server-thread1] INFO  server.RaftServer$Division (ServerState.java:setLeader(272)) - omNode-1@group-523986131536: change Leader from null to omNode-3 at term 6 for appendEntries, leader elected after 721ms
2025-04-23 15:45:33,282 [omNode-2-server-thread1] INFO  ratis.OzoneManagerStateMachine (OzoneManagerStateMachine.java:notifyLeaderChanged(169)) - omNode-2@group-523986131536: leader changed to omNode-3
2025-04-23 15:45:33,282 [omNode-2-server-thread1] INFO  server.RaftServer$Division (ServerState.java:setLeader(272)) - omNode-2@group-523986131536: change Leader from null to omNode-3 at term 6 for appendEntries, leader elected after 260ms
2025-04-23 15:45:33,282 [omNode-2-server-thread1] INFO  server.RaftServer$Division (ServerState.java:setRaftConf(386)) - omNode-2@group-523986131536: set configuration conf: {index: 69, cur=peers:[omNode-3|localhost:15017, omNode-1|localhost:15009, omNode-2|localhost:15013]|listeners:[], old=null}
2025-04-23 15:45:33,282 [omNode-2-server-thread1] INFO  segmented.SegmentedRaftLogWorker (SegmentedRaftLogWorker.java:rollLogSegment(443)) - omNode-2@group-523986131536-SegmentedRaftLogWorker: Rolling segment log-35_68 to index:68
2025-04-23 15:45:33,283 [omNode-2@group-523986131536-SegmentedRaftLogWorker] INFO  segmented.SegmentedRaftLogWorker (SegmentedRaftLogWorker.java:execute(601)) - omNode-2@group-523986131536-SegmentedRaftLogWorker: Rolled log segment from /home/runner/work/ozone/ozone/hadoop-ozone/integration-test/target/test-dir/MiniOzoneClusterImpl-5cf50c17-c591-473f-a8c4-88d8665d28d7/omNode-2/ratis/c9bc4cf4-3bc3-3c60-a66b-523986131536/current/log_inprogress_35 to /home/runner/work/ozone/ozone/hadoop-ozone/integration-test/target/test-dir/MiniOzoneClusterImpl-5cf50c17-c591-473f-a8c4-88d8665d28d7/omNode-2/ratis/c9bc4cf4-3bc3-3c60-a66b-523986131536/current/log_35-68
2025-04-23 15:45:33,284 [omNode-2@group-523986131536-SegmentedRaftLogWorker] INFO  segmented.BufferedWriteChannel (BufferedWriteChannel.java:open(61)) - open log_inprogress_69 at position 0
2025-04-23 15:45:33,285 [omNode-1-server-thread2] INFO  server.RaftServer$Division (ServerState.java:setRaftConf(386)) - omNode-1@group-523986131536: set configuration conf: {index: 69, cur=peers:[omNode-3|localhost:15017, omNode-1|localhost:15009, omNode-2|localhost:15013]|listeners:[], old=null}
2025-04-23 15:45:33,285 [omNode-1-server-thread2] INFO  segmented.SegmentedRaftLogWorker (SegmentedRaftLogWorker.java:rollLogSegment(443)) - omNode-1@group-523986131536-SegmentedRaftLogWorker: Rolling segment log-35_68 to index:68
2025-04-23 15:45:33,285 [omNode-3@group-523986131536-SegmentedRaftLogWorker] INFO  segmented.SegmentedRaftLogWorker (SegmentedRaftLogWorker.java:execute(644)) - omNode-3@group-523986131536-SegmentedRaftLogWorker: created new log segment /home/runner/work/ozone/ozone/hadoop-ozone/integration-test/target/test-dir/MiniOzoneClusterImpl-5cf50c17-c591-473f-a8c4-88d8665d28d7/omNode-3/ratis/c9bc4cf4-3bc3-3c60-a66b-523986131536/current/log_inprogress_69
2025-04-23 15:45:33,286 [omNode-1@group-523986131536-SegmentedRaftLogWorker] INFO  segmented.SegmentedRaftLogWorker (SegmentedRaftLogWorker.java:execute(601)) - omNode-1@group-523986131536-SegmentedRaftLogWorker: Rolled log segment from /home/runner/work/ozone/ozone/hadoop-ozone/integration-test/target/test-dir/MiniOzoneClusterImpl-5cf50c17-c591-473f-a8c4-88d8665d28d7/omNode-1/ratis/c9bc4cf4-3bc3-3c60-a66b-523986131536/current/log_inprogress_35 to /home/runner/work/ozone/ozone/hadoop-ozone/integration-test/target/test-dir/MiniOzoneClusterImpl-5cf50c17-c591-473f-a8c4-88d8665d28d7/omNode-1/ratis/c9bc4cf4-3bc3-3c60-a66b-523986131536/current/log_35-68
2025-04-23 15:45:33,286 [omNode-1@group-523986131536-SegmentedRaftLogWorker] INFO  segmented.BufferedWriteChannel (BufferedWriteChannel.java:open(61)) - open log_inprogress_69 at position 0
2025-04-23 15:45:33,299 [omNode-2@group-523986131536-SegmentedRaftLogWorker] INFO  segmented.SegmentedRaftLogWorker (SegmentedRaftLogWorker.java:execute(644)) - omNode-2@group-523986131536-SegmentedRaftLogWorker: created new log segment /home/runner/work/ozone/ozone/hadoop-ozone/integration-test/target/test-dir/MiniOzoneClusterImpl-5cf50c17-c591-473f-a8c4-88d8665d28d7/omNode-2/ratis/c9bc4cf4-3bc3-3c60-a66b-523986131536/current/log_inprogress_69
2025-04-23 15:45:33,300 [omNode-1@group-523986131536-SegmentedRaftLogWorker] INFO  segmented.SegmentedRaftLogWorker (SegmentedRaftLogWorker.java:execute(644)) - omNode-1@group-523986131536-SegmentedRaftLogWorker: created new log segment /home/runner/work/ozone/ozone/hadoop-ozone/integration-test/target/test-dir/MiniOzoneClusterImpl-5cf50c17-c591-473f-a8c4-88d8665d28d7/omNode-1/ratis/c9bc4cf4-3bc3-3c60-a66b-523986131536/current/log_inprogress_69
2025-04-23 15:45:33,303 [omNode-3@group-523986131536-StateMachineUpdater] INFO  ratis.OzoneManagerStateMachine (OzoneManagerStateMachine.java:notifyConfigurationChanged(231)) - notifyConfigurationChanged from Ratis: term=6, index=69, New Peer list: omNode-3(localhost:15017), omNode-1(localhost:15009), omNode-2(localhost:15013)
2025-04-23 15:45:33,303 [omNode-3@group-523986131536-StateMachineUpdater] INFO  server.RaftServer$Division (LeaderStateImpl.java:checkStartIndex(313)) - Leader omNode-3@group-523986131536-LeaderStateImpl is ready since appliedIndex == startIndex == 69
2025-04-23 15:45:33,303 [omNode-1@group-523986131536-StateMachineUpdater] INFO  ratis.OzoneManagerStateMachine (OzoneManagerStateMachine.java:notifyConfigurationChanged(231)) - notifyConfigurationChanged from Ratis: term=6, index=69, New Peer list: omNode-3(localhost:15017), omNode-1(localhost:15009), omNode-2(localhost:15013)
2025-04-23 15:45:33,304 [omNode-2@group-523986131536-StateMachineUpdater] INFO  ratis.OzoneManagerStateMachine (OzoneManagerStateMachine.java:notifyConfigurationChanged(231)) - notifyConfigurationChanged from Ratis: term=6, index=69, New Peer list: omNode-3(localhost:15017), omNode-1(localhost:15009), omNode-2(localhost:15013)
2025-04-23 15:45:33,417 [main] INFO  reflections.Reflections (Reflections.java:scan(219)) - Reflections took 382 ms to scan 22 urls, producing 61 keys and 7422 values
2025-04-23 15:45:33,418 [main] INFO  ipc.CallQueueManager (CallQueueManager.java:<init>(93)) - Using callQueue: class java.util.concurrent.LinkedBlockingQueue, queueCapacity: 2000, scheduler: class org.apache.hadoop.ipc.DefaultRpcScheduler, ipcBackoff: false, ipcFailOver: false.
2025-04-23 15:45:33,418 [main] INFO  ipc.Server (Server.java:<init>(1438)) - Listener at localhost:15010
2025-04-23 15:45:33,419 [Socket Reader #1 for port 15010] INFO  ipc.Server (Server.java:run(1474)) - Starting Socket Reader #1 for port 15010
2025-04-23 15:45:33,419 [Socket Reader #2 for port 15010] INFO  ipc.Server (Server.java:run(1474)) - Starting Socket Reader #2 for port 15010
2025-04-23 15:45:33,419 [Socket Reader #3 for port 15010] INFO  ipc.Server (Server.java:run(1474)) - Starting Socket Reader #3 for port 15010
2025-04-23 15:45:33,419 [Socket Reader #4 for port 15010] INFO  ipc.Server (Server.java:run(1474)) - Starting Socket Reader #4 for port 15010
2025-04-23 15:45:33,419 [Socket Reader #5 for port 15010] INFO  ipc.Server (Server.java:run(1474)) - Starting Socket Reader #5 for port 15010
2025-04-23 15:45:33,420 [Socket Reader #6 for port 15010] INFO  ipc.Server (Server.java:run(1474)) - Starting Socket Reader #6 for port 15010
2025-04-23 15:45:33,420 [Socket Reader #7 for port 15010] INFO  ipc.Server (Server.java:run(1474)) - Starting Socket Reader #7 for port 15010
2025-04-23 15:45:33,420 [Socket Reader #8 for port 15010] INFO  ipc.Server (Server.java:run(1474)) - Starting Socket Reader #8 for port 15010
2025-04-23 15:45:33,420 [Socket Reader #9 for port 15010] INFO  ipc.Server (Server.java:run(1474)) - Starting Socket Reader #9 for port 15010
2025-04-23 15:45:33,420 [Socket Reader #10 for port 15010] INFO  ipc.Server (Server.java:run(1474)) - Starting Socket Reader #10 for port 15010
2025-04-23 15:45:33,422 [main] INFO  http.BaseHttpServer (BaseHttpServer.java:newHttpServer2BuilderForOzone(229)) - Starting Web-server for ozoneManager at: http://0.0.0.0:15011
2025-04-23 15:45:33,422 [main] INFO  http.BaseHttpServer (BaseHttpServer.java:<init>(107)) - Hadoop Security Enabled: false Ozone Security Enabled: false Ozone HTTP Security Enabled: false 
2025-04-23 15:45:33,423 [main] WARN  server.AuthenticationFilter (AuthenticationFilter.java:constructSecretProvider(240)) - Unable to initialize FileSignerSecretProvider, falling back to use random secrets. Reason: Could not read signature secret file: /home/runner/hadoop-http-auth-signature-secret
2025-04-23 15:45:33,425 [main] INFO  http.HttpServer2 (HttpServer2.java:addGlobalFilter(1041)) - Added global filter 'safety' (class=org.apache.hadoop.hdds.server.http.HttpServer2$QuotingInputFilter)
2025-04-23 15:45:33,425 [main] INFO  http.HttpServer2 (HttpServer2.java:addFilter(1017)) - Added filter static_user_filter (class=org.apache.hadoop.http.lib.StaticUserWebFilter$StaticUserFilter) to context ozoneManager
2025-04-23 15:45:33,426 [main] INFO  http.HttpServer2 (HttpServer2.java:addFilter(1025)) - Added filter static_user_filter (class=org.apache.hadoop.http.lib.StaticUserWebFilter$StaticUserFilter) to context logs
2025-04-23 15:45:33,426 [main] INFO  http.HttpServer2 (HttpServer2.java:addFilter(1025)) - Added filter static_user_filter (class=org.apache.hadoop.http.lib.StaticUserWebFilter$StaticUserFilter) to context static
2025-04-23 15:45:33,426 [main] INFO  http.BaseHttpServer (BaseHttpServer.java:<init>(195)) - HTTP server of ozoneManager uses base directory /home/runner/work/ozone/ozone/hadoop-ozone/integration-test/target/test-dir/MiniOzoneClusterImpl-5cf50c17-c591-473f-a8c4-88d8665d28d7/omNode-2/webserver
2025-04-23 15:45:33,426 [main] INFO  http.HttpServer2 (HttpServer2.java:bindListener(1241)) - Jetty bound to port 15011
2025-04-23 15:45:33,427 [main] INFO  server.Server (Server.java:doStart(375)) - jetty-9.4.57.v20241219; built: 2025-01-08T21:24:30.412Z; git: df524e6b29271c2e09ba9aea83c18dc9db464a31; jvm 21.0.7+6-LTS
2025-04-23 15:45:33,428 [main] INFO  server.session (DefaultSessionIdManager.java:doStart(334)) - DefaultSessionIdManager workerName=node0
2025-04-23 15:45:33,428 [main] INFO  server.session (DefaultSessionIdManager.java:doStart(339)) - No SessionScavenger set, using defaults
2025-04-23 15:45:33,428 [main] INFO  server.session (HouseKeeper.java:startScavenging(132)) - node0 Scavenging every 660000ms
2025-04-23 15:45:33,429 [main] INFO  handler.ContextHandler (ContextHandler.java:doStart(921)) - Started o.e.j.s.ServletContextHandler@909ac95{logs,/logs,file:///home/runner/work/ozone/ozone/hadoop-ozone/integration-test/target/log,AVAILABLE}
2025-04-23 15:45:33,429 [main] INFO  handler.ContextHandler (ContextHandler.java:doStart(921)) - Started o.e.j.s.ServletContextHandler@63e2d17d{static,/static,file:///home/runner/work/ozone/ozone/hadoop-ozone/integration-test/target/test-classes/webapps/static,AVAILABLE}
2025-04-23 15:45:33,433 [main] INFO  handler.ContextHandler (ContextHandler.java:doStart(921)) - Started o.e.j.w.WebAppContext@327ac1e0{ozoneManager,/,file:///home/runner/work/ozone/ozone/hadoop-ozone/integration-test/target/test-classes/webapps/ozoneManager/,AVAILABLE}{file:/home/runner/work/ozone/ozone/hadoop-ozone/integration-test/target/test-classes/webapps/ozoneManager}
2025-04-23 15:45:33,434 [main] INFO  server.AbstractConnector (AbstractConnector.java:doStart(333)) - Started ServerConnector@122b11ef{HTTP/1.1, (http/1.1)}{0.0.0.0:15011}
2025-04-23 15:45:33,434 [main] INFO  server.Server (Server.java:doStart(415)) - Started @68416ms
2025-04-23 15:45:33,434 [main] WARN  impl.MetricsSystemImpl (MetricsSystemImpl.java:register(279)) - Sink prometheus already exists!
2025-04-23 15:45:33,435 [main] INFO  http.BaseHttpServer (BaseHttpServer.java:updateConnectorAddress(360)) - HTTP server of ozoneManager listening at http://0.0.0.0:15011
2025-04-23 15:45:33,436 [IPC Server Responder] INFO  ipc.Server (Server.java:run(1713)) - IPC Server Responder: starting
2025-04-23 15:45:33,436 [IPC Server listener on 15010] INFO  ipc.Server (Server.java:run(1553)) - IPC Server listener on 15010: starting
2025-04-23 15:45:33,438 [main] INFO  om.OzoneManager (OzoneManager.java:startTrashEmptier(2257)) - Trash Interval set to 0. Files deleted won't move to trash
]]></system-out>
  </testcase>
  <testcase name="testOMProxyProviderFailoverOnConnectionFailure" classname="org.apache.hadoop.ozone.om.TestOzoneManagerHAWithStoppedNodes" time="16.416">
    <system-out><![CDATA[2025-04-23 15:45:33,441 [main] INFO  rpc.RpcClient (RpcClient.java:createVolume(462)) - Creating Volume: volume60043, with user60109 as owner and space quota set to -1 bytes, counts quota set to -1
2025-04-23 15:45:33,458 [omNode-3-OMStateMachineApplyTransactionThread - 0] WARN  helpers.OzoneAclUtil (OzoneAclUtil.java:getDefaultAclList(77)) - Failed to get primary group from user user60109 (auth:SIMPLE)
2025-04-23 15:45:33,458 [omNode-1-OMStateMachineApplyTransactionThread - 0] WARN  helpers.OzoneAclUtil (OzoneAclUtil.java:getDefaultAclList(77)) - Failed to get primary group from user user60109 (auth:SIMPLE)
2025-04-23 15:45:33,458 [omNode-2-OMStateMachineApplyTransactionThread - 0] WARN  helpers.OzoneAclUtil (OzoneAclUtil.java:getDefaultAclList(77)) - Failed to get primary group from user user60109 (auth:SIMPLE)
2025-04-23 15:45:33,458 [omNode-3-OMStateMachineApplyTransactionThread - 0] INFO  volume.OMVolumeCreateRequest (OMVolumeCreateRequest.java:validateAndUpdateCache(203)) - created volume:volume60043 for user:user60109
2025-04-23 15:45:33,458 [omNode-2-OMStateMachineApplyTransactionThread - 0] INFO  volume.OMVolumeCreateRequest (OMVolumeCreateRequest.java:validateAndUpdateCache(203)) - created volume:volume60043 for user:user60109
2025-04-23 15:45:33,460 [omNode-1-OMStateMachineApplyTransactionThread - 0] INFO  volume.OMVolumeCreateRequest (OMVolumeCreateRequest.java:validateAndUpdateCache(203)) - created volume:volume60043 for user:user60109
2025-04-23 15:45:33,461 [main] INFO  om.OzoneManager (OzoneManager.java:stop(2347)) - omNode-3[localhost:15014]: Stopping Ozone Manager
2025-04-23 15:45:33,462 [main] INFO  ipc.Server (Server.java:stop(3697)) - Stopping server on 15014
2025-04-23 15:45:33,464 [IPC Server Responder] INFO  ipc.Server (Server.java:run(1718)) - Stopping IPC Server Responder
2025-04-23 15:45:33,464 [main] INFO  ratis.OzoneManagerRatisServer (OzoneManagerRatisServer.java:stop(634)) - Stopping org.apache.hadoop.ozone.om.ratis.OzoneManagerRatisServer@1a47b39f at port 15017
2025-04-23 15:45:33,464 [main] INFO  server.RaftServer (RaftServerProxy.java:lambda$close$9(417)) - omNode-3: close
2025-04-23 15:45:33,464 [main] INFO  server.GrpcService (GrpcService.java:closeImpl(343)) - omNode-3: shutdown server GrpcServerProtocolService now
2025-04-23 15:45:33,464 [IPC Server listener on 15014] INFO  ipc.Server (Server.java:run(1585)) - Stopping IPC Server listener on 15014
2025-04-23 15:45:33,465 [omNode-3-impl-thread1] INFO  server.RaftServer$Division (RaftServerImpl.java:lambda$close$1(513)) - omNode-3@group-523986131536: shutdown
2025-04-23 15:45:33,465 [omNode-3-impl-thread1] INFO  util.JmxRegister (JmxRegister.java:unregister(74)) - Successfully un-registered JMX Bean with object name Ratis:service=RaftServer,group=group-523986131536,id=omNode-3
2025-04-23 15:45:33,465 [omNode-3-impl-thread1] INFO  impl.RoleInfo (RoleInfo.java:shutdownLeaderState(103)) - omNode-3: shutdown omNode-3@group-523986131536-LeaderStateImpl
2025-04-23 15:45:33,465 [omNode-3@group-523986131536->omNode-1-GrpcLogAppender-LogAppenderDaemon] WARN  server.GrpcLogAppender (GrpcLogAppender.java:mayWait(293)) - omNode-3@group-523986131536->omNode-1-GrpcLogAppender: Wait interrupted by java.lang.InterruptedException
2025-04-23 15:45:33,465 [Thread-2492] INFO  server.GrpcServerProtocolClient (GrpcServerProtocolClient.java:close(105)) - omNode-1 Close channels
2025-04-23 15:45:33,466 [omNode-3-impl-thread1] INFO  impl.PendingRequests (PendingRequests.java:sendNotLeaderResponses(287)) - omNode-3@group-523986131536-PendingRequests: sendNotLeaderResponses
2025-04-23 15:45:33,466 [omNode-3@group-523986131536->omNode-2-GrpcLogAppender-LogAppenderDaemon] WARN  server.GrpcLogAppender (GrpcLogAppender.java:mayWait(293)) - omNode-3@group-523986131536->omNode-2-GrpcLogAppender: Wait interrupted by java.lang.InterruptedException
2025-04-23 15:45:33,467 [Thread-2493] INFO  server.GrpcServerProtocolClient (GrpcServerProtocolClient.java:close(105)) - omNode-2 Close channels
2025-04-23 15:45:33,467 [grpc-default-executor-2] INFO  server.GrpcServerProtocolService (GrpcServerProtocolService.java:onCompleted(157)) - omNode-1: Completed APPEND_ENTRIES, lastRequest: omNode-3->omNode-1#10-t6,previous=(t:6, i:71),leaderCommit=71,initializing? false,entries: size=1, first=(t:6, i:72), METADATAENTRY(c:71)
2025-04-23 15:45:33,467 [grpc-default-executor-2] INFO  server.GrpcServerProtocolService (GrpcServerProtocolService.java:lambda$onCompleted$5(159)) - omNode-1: Completed APPEND_ENTRIES, lastReply: null
2025-04-23 15:45:33,467 [grpc-default-executor-6] INFO  server.GrpcServerProtocolService (GrpcServerProtocolService.java:onCompleted(157)) - omNode-1: Completed APPEND_ENTRIES, lastRequest: null
2025-04-23 15:45:33,468 [grpc-default-executor-2] INFO  server.GrpcServerProtocolService (GrpcServerProtocolService.java:onCompleted(157)) - omNode-2: Completed APPEND_ENTRIES, lastRequest: null
2025-04-23 15:45:33,468 [grpc-default-executor-0] INFO  server.GrpcLogAppender (GrpcLogAppender.java:onCompleted(550)) - omNode-3@group-523986131536->omNode-1-AppendLogResponseHandler: follower responses appendEntries COMPLETED
2025-04-23 15:45:33,468 [omNode-3-impl-thread1] INFO  impl.StateMachineUpdater (StateMachineUpdater.java:stopAndJoin(164)) - omNode-3@group-523986131536-StateMachineUpdater: set stopIndex = 72
2025-04-23 15:45:33,468 [grpc-default-executor-0] WARN  server.GrpcLogAppender (GrpcLogAppender.java:resetClient(230)) - omNode-3@group-523986131536->omNode-1-GrpcLogAppender: Failed to getClient for omNode-1
org.apache.ratis.protocol.exceptions.AlreadyClosedException: omNode-3 is already CLOSED
	at org.apache.ratis.util.PeerProxyMap$PeerAndProxy.getProxy(PeerProxyMap.java:67)
	at org.apache.ratis.util.PeerProxyMap.getProxy(PeerProxyMap.java:124)
	at org.apache.ratis.grpc.server.GrpcLogAppender.getClient(GrpcLogAppender.java:200)
	at org.apache.ratis.grpc.server.GrpcLogAppender.resetClient(GrpcLogAppender.java:205)
	at org.apache.ratis.grpc.server.GrpcLogAppender.access$800(GrpcLogAppender.java:64)
	at org.apache.ratis.grpc.server.GrpcLogAppender$AppendLogResponseHandler.onCompleted(GrpcLogAppender.java:551)
	at org.apache.ratis.thirdparty.io.grpc.stub.ClientCalls$StreamObserverToCallListenerAdapter.onClose(ClientCalls.java:479)
	at org.apache.ratis.thirdparty.io.grpc.internal.ClientCallImpl.closeObserver(ClientCallImpl.java:567)
	at org.apache.ratis.thirdparty.io.grpc.internal.ClientCallImpl.access$300(ClientCallImpl.java:71)
	at org.apache.ratis.thirdparty.io.grpc.internal.ClientCallImpl$ClientStreamListenerImpl$1StreamClosed.runInternal(ClientCallImpl.java:735)
	at org.apache.ratis.thirdparty.io.grpc.internal.ClientCallImpl$ClientStreamListenerImpl$1StreamClosed.runInContext(ClientCallImpl.java:716)
	at org.apache.ratis.thirdparty.io.grpc.internal.ContextRunnable.run(ContextRunnable.java:37)
	at org.apache.ratis.thirdparty.io.grpc.internal.SerializingExecutor.run(SerializingExecutor.java:133)
	at java.base/java.util.concurrent.ThreadPoolExecutor.runWorker(ThreadPoolExecutor.java:1144)
	at java.base/java.util.concurrent.ThreadPoolExecutor$Worker.run(ThreadPoolExecutor.java:642)
	at java.base/java.lang.Thread.run(Thread.java:1583)
2025-04-23 15:45:33,468 [grpc-default-executor-2] INFO  server.GrpcServerProtocolService (GrpcServerProtocolService.java:lambda$onCompleted$5(159)) - omNode-2: Completed APPEND_ENTRIES, lastReply: serverReply {
  requestorId: "omNode-3"
  replyId: "omNode-2"
  raftGroupId {
    id: "\311\274L\364;\303<`\246kR9\206\023\0256"
  }
  success: true
}
term: 6
nextIndex: 70
followerCommit: 68
matchIndex: 18446744073709551615
isHearbeat: true

2025-04-23 15:45:33,468 [grpc-default-executor-6] INFO  server.GrpcServerProtocolService (GrpcServerProtocolService.java:lambda$onCompleted$5(159)) - omNode-1: Completed APPEND_ENTRIES, lastReply: serverReply {
  requestorId: "omNode-3"
  replyId: "omNode-1"
  raftGroupId {
    id: "\311\274L\364;\303<`\246kR9\206\023\0256"
  }
  success: true
}
term: 6
nextIndex: 69
followerCommit: 68
matchIndex: 18446744073709551615
isHearbeat: true

2025-04-23 15:45:33,468 [grpc-default-executor-5] INFO  server.GrpcServerProtocolService (GrpcServerProtocolService.java:onCompleted(157)) - omNode-2: Completed APPEND_ENTRIES, lastRequest: omNode-3->omNode-2#5-t6,previous=(t:6, i:71),leaderCommit=71,initializing? false,entries: size=1, first=(t:6, i:72), METADATAENTRY(c:71)
2025-04-23 15:45:33,469 [grpc-default-executor-5] INFO  server.GrpcServerProtocolService (GrpcServerProtocolService.java:lambda$onCompleted$5(159)) - omNode-2: Completed APPEND_ENTRIES, lastReply: null
2025-04-23 15:45:33,470 [grpc-default-executor-0] INFO  server.GrpcLogAppender (GrpcLogAppender.java:onCompleted(550)) - omNode-3@group-523986131536->omNode-2-AppendLogResponseHandler: follower responses appendEntries COMPLETED
2025-04-23 15:45:33,470 [grpc-default-executor-6] INFO  server.GrpcLogAppender (GrpcLogAppender.java:onCompleted(550)) - omNode-3@group-523986131536->omNode-2-AppendLogResponseHandler: follower responses appendEntries COMPLETED
2025-04-23 15:45:33,470 [grpc-default-executor-6] WARN  server.GrpcLogAppender (GrpcLogAppender.java:resetClient(230)) - omNode-3@group-523986131536->omNode-2-GrpcLogAppender: Failed to getClient for omNode-2
org.apache.ratis.protocol.exceptions.AlreadyClosedException: omNode-3 is already CLOSED
	at org.apache.ratis.util.PeerProxyMap$PeerAndProxy.getProxy(PeerProxyMap.java:67)
	at org.apache.ratis.util.PeerProxyMap.getProxy(PeerProxyMap.java:124)
	at org.apache.ratis.grpc.server.GrpcLogAppender.getClient(GrpcLogAppender.java:200)
	at org.apache.ratis.grpc.server.GrpcLogAppender.resetClient(GrpcLogAppender.java:205)
	at org.apache.ratis.grpc.server.GrpcLogAppender.access$800(GrpcLogAppender.java:64)
	at org.apache.ratis.grpc.server.GrpcLogAppender$AppendLogResponseHandler.onCompleted(GrpcLogAppender.java:551)
	at org.apache.ratis.thirdparty.io.grpc.stub.ClientCalls$StreamObserverToCallListenerAdapter.onClose(ClientCalls.java:479)
	at org.apache.ratis.thirdparty.io.grpc.internal.DelayedClientCall$DelayedListener$3.run(DelayedClientCall.java:489)
	at org.apache.ratis.thirdparty.io.grpc.internal.DelayedClientCall$DelayedListener.delayOrExecute(DelayedClientCall.java:453)
	at org.apache.ratis.thirdparty.io.grpc.internal.DelayedClientCall$DelayedListener.onClose(DelayedClientCall.java:486)
	at org.apache.ratis.thirdparty.io.grpc.internal.ClientCallImpl.closeObserver(ClientCallImpl.java:567)
	at org.apache.ratis.thirdparty.io.grpc.internal.ClientCallImpl.access$300(ClientCallImpl.java:71)
	at org.apache.ratis.thirdparty.io.grpc.internal.ClientCallImpl$ClientStreamListenerImpl$1StreamClosed.runInternal(ClientCallImpl.java:735)
	at org.apache.ratis.thirdparty.io.grpc.internal.ClientCallImpl$ClientStreamListenerImpl$1StreamClosed.runInContext(ClientCallImpl.java:716)
	at org.apache.ratis.thirdparty.io.grpc.internal.ContextRunnable.run(ContextRunnable.java:37)
	at org.apache.ratis.thirdparty.io.grpc.internal.SerializingExecutor.run(SerializingExecutor.java:133)
	at java.base/java.util.concurrent.ThreadPoolExecutor.runWorker(ThreadPoolExecutor.java:1144)
	at java.base/java.util.concurrent.ThreadPoolExecutor$Worker.run(ThreadPoolExecutor.java:642)
	at java.base/java.lang.Thread.run(Thread.java:1583)
2025-04-23 15:45:33,470 [grpc-default-executor-0] WARN  server.GrpcLogAppender (GrpcLogAppender.java:resetClient(230)) - omNode-3@group-523986131536->omNode-2-GrpcLogAppender: Failed to getClient for omNode-2
org.apache.ratis.protocol.exceptions.AlreadyClosedException: omNode-3 is already CLOSED
	at org.apache.ratis.util.PeerProxyMap$PeerAndProxy.getProxy(PeerProxyMap.java:67)
	at org.apache.ratis.util.PeerProxyMap.getProxy(PeerProxyMap.java:124)
	at org.apache.ratis.grpc.server.GrpcLogAppender.getClient(GrpcLogAppender.java:200)
	at org.apache.ratis.grpc.server.GrpcLogAppender.resetClient(GrpcLogAppender.java:205)
	at org.apache.ratis.grpc.server.GrpcLogAppender.access$800(GrpcLogAppender.java:64)
	at org.apache.ratis.grpc.server.GrpcLogAppender$AppendLogResponseHandler.onCompleted(GrpcLogAppender.java:551)
	at org.apache.ratis.thirdparty.io.grpc.stub.ClientCalls$StreamObserverToCallListenerAdapter.onClose(ClientCalls.java:479)
	at org.apache.ratis.thirdparty.io.grpc.internal.ClientCallImpl.closeObserver(ClientCallImpl.java:567)
	at org.apache.ratis.thirdparty.io.grpc.internal.ClientCallImpl.access$300(ClientCallImpl.java:71)
	at org.apache.ratis.thirdparty.io.grpc.internal.ClientCallImpl$ClientStreamListenerImpl$1StreamClosed.runInternal(ClientCallImpl.java:735)
	at org.apache.ratis.thirdparty.io.grpc.internal.ClientCallImpl$ClientStreamListenerImpl$1StreamClosed.runInContext(ClientCallImpl.java:716)
	at org.apache.ratis.thirdparty.io.grpc.internal.ContextRunnable.run(ContextRunnable.java:37)
	at org.apache.ratis.thirdparty.io.grpc.internal.SerializingExecutor.run(SerializingExecutor.java:133)
	at java.base/java.util.concurrent.ThreadPoolExecutor.runWorker(ThreadPoolExecutor.java:1144)
	at java.base/java.util.concurrent.ThreadPoolExecutor$Worker.run(ThreadPoolExecutor.java:642)
	at java.base/java.lang.Thread.run(Thread.java:1583)
2025-04-23 15:45:33,471 [grpc-default-executor-5] INFO  server.GrpcLogAppender (GrpcLogAppender.java:onCompleted(550)) - omNode-3@group-523986131536->omNode-1-AppendLogResponseHandler: follower responses appendEntries COMPLETED
2025-04-23 15:45:33,471 [grpc-default-executor-5] WARN  server.GrpcLogAppender (GrpcLogAppender.java:resetClient(230)) - omNode-3@group-523986131536->omNode-1-GrpcLogAppender: Failed to getClient for omNode-1
org.apache.ratis.protocol.exceptions.AlreadyClosedException: omNode-3 is already CLOSED
	at org.apache.ratis.util.PeerProxyMap$PeerAndProxy.getProxy(PeerProxyMap.java:67)
	at org.apache.ratis.util.PeerProxyMap.getProxy(PeerProxyMap.java:124)
	at org.apache.ratis.grpc.server.GrpcLogAppender.getClient(GrpcLogAppender.java:200)
	at org.apache.ratis.grpc.server.GrpcLogAppender.resetClient(GrpcLogAppender.java:205)
	at org.apache.ratis.grpc.server.GrpcLogAppender.access$800(GrpcLogAppender.java:64)
	at org.apache.ratis.grpc.server.GrpcLogAppender$AppendLogResponseHandler.onCompleted(GrpcLogAppender.java:551)
	at org.apache.ratis.thirdparty.io.grpc.stub.ClientCalls$StreamObserverToCallListenerAdapter.onClose(ClientCalls.java:479)
	at org.apache.ratis.thirdparty.io.grpc.internal.DelayedClientCall$DelayedListener$3.run(DelayedClientCall.java:489)
	at org.apache.ratis.thirdparty.io.grpc.internal.DelayedClientCall$DelayedListener.delayOrExecute(DelayedClientCall.java:453)
	at org.apache.ratis.thirdparty.io.grpc.internal.DelayedClientCall$DelayedListener.onClose(DelayedClientCall.java:486)
	at org.apache.ratis.thirdparty.io.grpc.internal.ClientCallImpl.closeObserver(ClientCallImpl.java:567)
	at org.apache.ratis.thirdparty.io.grpc.internal.ClientCallImpl.access$300(ClientCallImpl.java:71)
	at org.apache.ratis.thirdparty.io.grpc.internal.ClientCallImpl$ClientStreamListenerImpl$1StreamClosed.runInternal(ClientCallImpl.java:735)
	at org.apache.ratis.thirdparty.io.grpc.internal.ClientCallImpl$ClientStreamListenerImpl$1StreamClosed.runInContext(ClientCallImpl.java:716)
	at org.apache.ratis.thirdparty.io.grpc.internal.ContextRunnable.run(ContextRunnable.java:37)
	at org.apache.ratis.thirdparty.io.grpc.internal.SerializingExecutor.run(SerializingExecutor.java:133)
	at java.base/java.util.concurrent.ThreadPoolExecutor.runWorker(ThreadPoolExecutor.java:1144)
	at java.base/java.util.concurrent.ThreadPoolExecutor$Worker.run(ThreadPoolExecutor.java:642)
	at java.base/java.lang.Thread.run(Thread.java:1583)
2025-04-23 15:45:33,471 [main] INFO  server.GrpcService (GrpcService.java:closeImpl(352)) - omNode-3: shutdown server GrpcServerProtocolService successfully
2025-04-23 15:45:33,480 [omNode-3@group-523986131536-StateMachineUpdater] INFO  ratis.OzoneManagerStateMachine (OzoneManagerStateMachine.java:takeSnapshotImpl(510)) - omNode-3: taking snapshot. applied = (t:6, i:72), skipped = 71, notified = (t:6, i:72), current snapshot index = (t:6, i:72), took 12 ms
2025-04-23 15:45:33,480 [omNode-3@group-523986131536-StateMachineUpdater] INFO  impl.StateMachineUpdater (StateMachineUpdater.java:takeSnapshot(303)) - omNode-3@group-523986131536-StateMachineUpdater: Took a snapshot at index 72
2025-04-23 15:45:33,480 [omNode-3@group-523986131536-StateMachineUpdater] INFO  impl.StateMachineUpdater (StateMachineUpdater.java:lambda$new$0(102)) - omNode-3@group-523986131536-StateMachineUpdater: snapshotIndex: updateIncreasingly 68 -> 72
2025-04-23 15:45:33,480 [omNode-3@group-523986131536-StateMachineUpdater] INFO  impl.StateMachineUpdater (StateMachineUpdater.java:stop(141)) - omNode-3@group-523986131536-StateMachineUpdater: closing OzoneManagerStateMachine, lastApplied=(t:6, i:72)
2025-04-23 15:45:33,480 [omNode-3@group-523986131536-StateMachineUpdater] INFO  ratis.OzoneManagerStateMachine (OzoneManagerStateMachine.java:close(550)) - Stopping OzoneManagerStateMachine:omNode-3:group-523986131536.
2025-04-23 15:45:33,480 [omNode-3@group-523986131536-StateMachineUpdater] INFO  ratis.OzoneManagerDoubleBuffer (OzoneManagerDoubleBuffer.java:stopDaemon(500)) - Stopping OMDoubleBuffer flush thread
2025-04-23 15:45:33,480 [omNode-3-OMDoubleBufferFlushThread] INFO  ratis.OzoneManagerDoubleBuffer (OzoneManagerDoubleBuffer.java:canFlush(559)) - OMDoubleBuffer flush thread omNode-3-OMDoubleBufferFlushThread is interrupted and will exit.
2025-04-23 15:45:33,481 [omNode-3@group-523986131536-cacheEviction-AwaitToRun] INFO  util.AwaitToRun (AwaitToRun.java:run(49)) - omNode-3@group-523986131536-cacheEviction-AwaitToRun-AwaitForSignal is interrupted
2025-04-23 15:45:34,447 [omNode-3-impl-thread1] INFO  segmented.SegmentedRaftLogWorker (SegmentedRaftLogWorker.java:close(252)) - omNode-3@group-523986131536-SegmentedRaftLogWorker close()
2025-04-23 15:45:34,448 [JvmPauseMonitor17] INFO  util.JvmPauseMonitor (JvmPauseMonitor.java:run(152)) - JvmPauseMonitor-omNode-3: Stopped
2025-04-23 15:45:34,448 [main] INFO  utils.BackgroundService (BackgroundService.java:shutdown(161)) - Shutting down service KeyDeletingService
2025-04-23 15:45:34,449 [main] INFO  utils.BackgroundService (BackgroundService.java:shutdown(161)) - Shutting down service DirectoryDeletingService
2025-04-23 15:45:34,450 [main] INFO  utils.BackgroundService (BackgroundService.java:shutdown(161)) - Shutting down service OpenKeyCleanupService
2025-04-23 15:45:34,450 [main] INFO  utils.BackgroundService (BackgroundService.java:shutdown(161)) - Shutting down service SstFilteringService
2025-04-23 15:45:34,450 [main] INFO  utils.BackgroundService (BackgroundService.java:shutdown(161)) - Shutting down service SnapshotDeletingService
2025-04-23 15:45:34,451 [main] INFO  utils.BackgroundService (BackgroundService.java:shutdown(161)) - Shutting down service MultipartUploadCleanupService
2025-04-23 15:45:34,451 [main] INFO  handler.ContextHandler (ContextHandler.java:doStop(1159)) - Stopped o.e.j.w.WebAppContext@36f1da6d{ozoneManager,/,null,STOPPED}{file:/home/runner/work/ozone/ozone/hadoop-ozone/integration-test/target/test-classes/webapps/ozoneManager}
2025-04-23 15:45:34,452 [main] INFO  server.AbstractConnector (AbstractConnector.java:doStop(383)) - Stopped ServerConnector@7ce3fc2{HTTP/1.1, (http/1.1)}{0.0.0.0:15015}
2025-04-23 15:45:34,452 [main] INFO  server.session (HouseKeeper.java:stopScavenging(149)) - node0 Stopped scavenging
2025-04-23 15:45:34,452 [main] INFO  handler.ContextHandler (ContextHandler.java:doStop(1159)) - Stopped o.e.j.s.ServletContextHandler@3a149708{static,/static,file:///home/runner/work/ozone/ozone/hadoop-ozone/integration-test/target/test-classes/webapps/static,STOPPED}
2025-04-23 15:45:34,452 [main] INFO  handler.ContextHandler (ContextHandler.java:doStop(1159)) - Stopped o.e.j.s.ServletContextHandler@55522914{logs,/logs,file:///home/runner/work/ozone/ozone/hadoop-ozone/integration-test/target/log,STOPPED}
2025-04-23 15:45:34,453 [main] INFO  rocksdiff.RocksDBCheckpointDiffer (RocksDBCheckpointDiffer.java:close(304)) - Shutting down CompactionDagPruningService.
2025-04-23 15:45:34,455 [main] INFO  snapshot.SnapshotDiffManager (SnapshotDiffManager.java:closeExecutorService(1698)) - Shutting down executorService: 'SnapDiffExecutor'
2025-04-23 15:45:34,455 [main] INFO  utils.BackgroundService (BackgroundService.java:shutdown(161)) - Shutting down service SnapshotDiffCleanupService
2025-04-23 15:45:35,356 [omNode-2@group-523986131536-FollowerState] INFO  impl.FollowerState (FollowerState.java:runImpl(161)) - omNode-2@group-523986131536-FollowerState: change to CANDIDATE, lastRpcElapsedTime:1908387446ns, electionTimeout:1078ms
2025-04-23 15:45:35,356 [omNode-2@group-523986131536-FollowerState] INFO  impl.RoleInfo (RoleInfo.java:shutdownFollowerState(121)) - omNode-2: shutdown omNode-2@group-523986131536-FollowerState
2025-04-23 15:45:35,356 [omNode-2@group-523986131536-FollowerState] INFO  server.RaftServer$Division (RaftServerImpl.java:setRole(378)) - omNode-2@group-523986131536: changes role from  FOLLOWER to CANDIDATE at term 6 for changeToCandidate
2025-04-23 15:45:35,356 [omNode-2@group-523986131536-FollowerState] INFO  server.RaftServerConfigKeys (ConfUtils.java:logGet(46)) - raft.server.leaderelection.pre-vote = true (default)
2025-04-23 15:45:35,356 [omNode-2@group-523986131536-FollowerState] INFO  impl.RoleInfo (RoleInfo.java:updateAndGet(148)) - omNode-2: start omNode-2@group-523986131536-LeaderElection16
2025-04-23 15:45:35,356 [omNode-2@group-523986131536-LeaderElection16] INFO  server.RaftServer$Division (ServerState.java:setLeader(272)) - omNode-2@group-523986131536: change Leader from omNode-3 to null at term 6 for PRE_VOTE
2025-04-23 15:45:35,356 [omNode-2@group-523986131536-LeaderElection16] INFO  impl.LeaderElection (LeaderElection.java:askForVotes(332)) - omNode-2@group-523986131536-LeaderElection16 PRE_VOTE round 0: submit vote requests at term 6 for conf: {index: 69, cur=peers:[omNode-3|localhost:15017, omNode-1|localhost:15009, omNode-2|localhost:15013]|listeners:[], old=null}
2025-04-23 15:45:35,357 [omNode-2@group-523986131536-LeaderElection16-1] INFO  server.GrpcServerProtocolClient (GrpcServerProtocolClient.java:<init>(65)) - Build channel for omNode-3|localhost:15017
2025-04-23 15:45:35,357 [omNode-2@group-523986131536-LeaderElection16-2] INFO  server.GrpcServerProtocolClient (GrpcServerProtocolClient.java:<init>(65)) - Build channel for omNode-1|localhost:15009
2025-04-23 15:45:35,360 [omNode-2@group-523986131536-LeaderElection16] INFO  impl.LeaderElection (LogUtils.java:infoOrTrace(136)) - omNode-2@group-523986131536-LeaderElection16 got exception when requesting votes: java.util.concurrent.ExecutionException: org.apache.ratis.thirdparty.io.grpc.StatusRuntimeException: UNAVAILABLE: io exception
2025-04-23 15:45:35,361 [grpc-default-executor-5] INFO  server.RaftServer$Division (RaftServerImpl.java:requestVote(1407)) - omNode-1@group-523986131536: receive requestVote(PRE_VOTE, omNode-2, group-523986131536, 6, (t:6, i:72))
2025-04-23 15:45:35,361 [grpc-default-executor-5] INFO  impl.VoteContext (VoteContext.java:log(49)) - omNode-1@group-523986131536-FOLLOWER: accept PRE_VOTE from omNode-2: our priority 0 <= candidate's priority 0
2025-04-23 15:45:35,361 [grpc-default-executor-5] INFO  server.RaftServer$Division (RaftServerImpl.java:requestVote(1441)) - omNode-1@group-523986131536 replies to PRE_VOTE vote request: omNode-2<-omNode-1#0:OK-t6. Peer's state: omNode-1@group-523986131536:t6, leader=omNode-3, voted=omNode-3, raftlog=Memoized:omNode-1@group-523986131536-SegmentedRaftLog:OPENED:c71:last(t:6, i:72), conf=conf: {index: 69, cur=peers:[omNode-3|localhost:15017, omNode-1|localhost:15009, omNode-2|localhost:15013]|listeners:[], old=null}
2025-04-23 15:45:35,362 [omNode-2@group-523986131536-LeaderElection16] INFO  impl.LeaderElection (LeaderElection.java:logAndReturn(90)) - omNode-2@group-523986131536-LeaderElection16: PRE_VOTE PASSED received 1 response(s) and 1 exception(s):
2025-04-23 15:45:35,362 [omNode-2@group-523986131536-LeaderElection16] INFO  impl.LeaderElection (LeaderElection.java:logAndReturn(94)) -   Response 0: omNode-2<-omNode-1#0:OK-t6
2025-04-23 15:45:35,362 [omNode-2@group-523986131536-LeaderElection16] INFO  impl.LeaderElection (LogUtils.java:infoOrTrace(136)) -   Exception 1: java.util.concurrent.ExecutionException: org.apache.ratis.thirdparty.io.grpc.StatusRuntimeException: UNAVAILABLE: io exception
2025-04-23 15:45:35,362 [omNode-2@group-523986131536-LeaderElection16] INFO  impl.LeaderElection (LeaderElection.java:askForVotes(334)) - omNode-2@group-523986131536-LeaderElection16 PRE_VOTE round 0: result PASSED
2025-04-23 15:45:35,363 [omNode-2@group-523986131536-LeaderElection16] INFO  impl.LeaderElection (LeaderElection.java:askForVotes(332)) - omNode-2@group-523986131536-LeaderElection16 ELECTION round 0: submit vote requests at term 7 for conf: {index: 69, cur=peers:[omNode-3|localhost:15017, omNode-1|localhost:15009, omNode-2|localhost:15013]|listeners:[], old=null}
2025-04-23 15:45:35,364 [omNode-2@group-523986131536-LeaderElection16] INFO  impl.LeaderElection (LogUtils.java:infoOrTrace(136)) - omNode-2@group-523986131536-LeaderElection16 got exception when requesting votes: java.util.concurrent.ExecutionException: org.apache.ratis.thirdparty.io.grpc.StatusRuntimeException: UNAVAILABLE: io exception
2025-04-23 15:45:35,364 [grpc-default-executor-5] INFO  server.RaftServer$Division (RaftServerImpl.java:requestVote(1407)) - omNode-1@group-523986131536: receive requestVote(ELECTION, omNode-2, group-523986131536, 7, (t:6, i:72))
2025-04-23 15:45:35,365 [grpc-default-executor-5] INFO  impl.VoteContext (VoteContext.java:log(49)) - omNode-1@group-523986131536-FOLLOWER: accept ELECTION from omNode-2: our priority 0 <= candidate's priority 0
2025-04-23 15:45:35,365 [grpc-default-executor-5] INFO  server.RaftServer$Division (RaftServerImpl.java:setRole(378)) - omNode-1@group-523986131536: changes role from  FOLLOWER to FOLLOWER at term 6 for candidate:omNode-2
2025-04-23 15:45:35,365 [grpc-default-executor-5] INFO  impl.RoleInfo (RoleInfo.java:shutdownFollowerState(121)) - omNode-1: shutdown omNode-1@group-523986131536-FollowerState
2025-04-23 15:45:35,365 [grpc-default-executor-5] INFO  server.RaftServer$Division (ServerState.java:setLeader(272)) - omNode-1@group-523986131536: change Leader from omNode-3 to null at term 7 for updateCurrentTerm
2025-04-23 15:45:35,365 [grpc-default-executor-5] INFO  impl.RoleInfo (RoleInfo.java:updateAndGet(148)) - omNode-1: start omNode-1@group-523986131536-FollowerState
2025-04-23 15:45:35,365 [omNode-1@group-523986131536-FollowerState] INFO  impl.FollowerState (FollowerState.java:runImpl(170)) - omNode-1@group-523986131536-FollowerState was interrupted
2025-04-23 15:45:35,366 [grpc-default-executor-5] INFO  server.RaftServer$Division (RaftServerImpl.java:requestVote(1441)) - omNode-1@group-523986131536 replies to ELECTION vote request: omNode-2<-omNode-1#0:OK-t7. Peer's state: omNode-1@group-523986131536:t7, leader=null, voted=omNode-2, raftlog=Memoized:omNode-1@group-523986131536-SegmentedRaftLog:OPENED:c71:last(t:6, i:72), conf=conf: {index: 69, cur=peers:[omNode-3|localhost:15017, omNode-1|localhost:15009, omNode-2|localhost:15013]|listeners:[], old=null}
2025-04-23 15:45:35,366 [omNode-2@group-523986131536-LeaderElection16] INFO  impl.LeaderElection (LeaderElection.java:logAndReturn(90)) - omNode-2@group-523986131536-LeaderElection16: ELECTION PASSED received 1 response(s) and 1 exception(s):
2025-04-23 15:45:35,367 [omNode-2@group-523986131536-LeaderElection16] INFO  impl.LeaderElection (LeaderElection.java:logAndReturn(94)) -   Response 0: omNode-2<-omNode-1#0:OK-t7
2025-04-23 15:45:35,367 [omNode-2@group-523986131536-LeaderElection16] INFO  impl.LeaderElection (LogUtils.java:infoOrTrace(136)) -   Exception 1: java.util.concurrent.ExecutionException: org.apache.ratis.thirdparty.io.grpc.StatusRuntimeException: UNAVAILABLE: io exception
2025-04-23 15:45:35,367 [omNode-2@group-523986131536-LeaderElection16] INFO  impl.LeaderElection (LeaderElection.java:askForVotes(334)) - omNode-2@group-523986131536-LeaderElection16 ELECTION round 0: result PASSED
2025-04-23 15:45:35,367 [omNode-2@group-523986131536-LeaderElection16] INFO  impl.RoleInfo (RoleInfo.java:shutdownLeaderElection(141)) - omNode-2: shutdown omNode-2@group-523986131536-LeaderElection16
2025-04-23 15:45:35,367 [omNode-2@group-523986131536-LeaderElection16] INFO  server.RaftServer$Division (RaftServerImpl.java:setRole(378)) - omNode-2@group-523986131536: changes role from CANDIDATE to LEADER at term 7 for changeToLeader
2025-04-23 15:45:35,367 [omNode-2@group-523986131536-LeaderElection16] INFO  server.RaftServerConfigKeys (ConfUtils.java:logGet(46)) - raft.server.staging.catchup.gap = 1000 (default)
2025-04-23 15:45:35,367 [omNode-2@group-523986131536-LeaderElection16] INFO  server.RaftServerConfigKeys (ConfUtils.java:logGet(46)) - raft.server.write.element-limit = 4096 (default)
2025-04-23 15:45:35,367 [omNode-2@group-523986131536-LeaderElection16] INFO  server.RaftServerConfigKeys (ConfUtils.java:logGet(46)) - raft.server.write.byte-limit = 64MB (=67108864) (default)
2025-04-23 15:45:35,367 [omNode-2@group-523986131536-LeaderElection16] INFO  server.RaftServerConfigKeys (ConfUtils.java:logGet(46)) - raft.server.watch.timeout = 10s (default)
2025-04-23 15:45:35,367 [omNode-2@group-523986131536-LeaderElection16] INFO  server.RaftServerConfigKeys (ConfUtils.java:logGet(46)) - raft.server.watch.timeout.denomination = 1s (default)
2025-04-23 15:45:35,367 [omNode-2@group-523986131536-LeaderElection16] INFO  server.RaftServerConfigKeys (ConfUtils.java:logGet(46)) - raft.server.watch.element-limit = 65536 (default)
2025-04-23 15:45:35,368 [omNode-2@group-523986131536-LeaderElection16] INFO  server.RaftServerConfigKeys (ConfUtils.java:logGet(46)) - raft.server.read.leader.lease.enabled = false (default)
2025-04-23 15:45:35,368 [omNode-2@group-523986131536-LeaderElection16] INFO  server.RaftServerConfigKeys (ConfUtils.java:logGet(46)) - raft.server.read.leader.lease.timeout.ratio = 0.9 (default)
2025-04-23 15:45:35,368 [omNode-2@group-523986131536-LeaderElection16] INFO  server.RaftServerConfigKeys (ConfUtils.java:logGet(46)) - raft.server.rpc.timeout.min = 1s (custom)
2025-04-23 15:45:35,368 [omNode-2@group-523986131536-LeaderElection16] INFO  server.RaftServerConfigKeys (ConfUtils.java:logGet(46)) - raft.server.log.log-metadata.enabled = true (default)
2025-04-23 15:45:35,368 [omNode-2@group-523986131536-LeaderElection16] INFO  server.RaftServerConfigKeys (ConfUtils.java:logGet(46)) - raft.server.write.element-limit = 4096 (default)
2025-04-23 15:45:35,368 [omNode-2@group-523986131536-LeaderElection16] INFO  server.RaftServerConfigKeys (ConfUtils.java:logGet(46)) - raft.server.write.follower.gap.ratio.max = -1.0 (default)
2025-04-23 15:45:35,368 [omNode-2@group-523986131536-LeaderElection16] INFO  server.RaftServerConfigKeys (ConfUtils.java:logGet(46)) - raft.server.log.appender.snapshot.chunk.size.max = 16MB (=16777216) (default)
2025-04-23 15:45:35,368 [omNode-2@group-523986131536-LeaderElection16] INFO  server.RaftServerConfigKeys (ConfUtils.java:logGet(46)) - raft.server.log.appender.buffer.byte-limit = 4194304 (custom)
2025-04-23 15:45:35,368 [omNode-2@group-523986131536-LeaderElection16] INFO  server.RaftServerConfigKeys (ConfUtils.java:logGet(46)) - raft.server.log.appender.buffer.element-limit = 1024 (custom)
2025-04-23 15:45:35,368 [omNode-2@group-523986131536-LeaderElection16] INFO  server.RaftServerConfigKeys (ConfUtils.java:logGet(46)) - raft.server.log.appender.wait-time.min = 0ms (custom)
2025-04-23 15:45:35,368 [omNode-2@group-523986131536-LeaderElection16] INFO  grpc.GrpcConfigKeys (ConfUtils.java:logGet(46)) - raft.grpc.server.leader.outstanding.appends.max = 8 (default)
2025-04-23 15:45:35,369 [omNode-2@group-523986131536-LeaderElection16] INFO  server.RaftServerConfigKeys (ConfUtils.java:logGet(46)) - raft.server.rpc.request.timeout = 3000ms (default)
2025-04-23 15:45:35,369 [omNode-2@group-523986131536-LeaderElection16] INFO  grpc.GrpcConfigKeys (ConfUtils.java:logGet(46)) - raft.grpc.server.install_snapshot.request.element-limit = 8 (default)
2025-04-23 15:45:35,369 [omNode-2@group-523986131536-LeaderElection16] INFO  grpc.GrpcConfigKeys (ConfUtils.java:logGet(46)) - raft.grpc.server.install_snapshot.request.timeout = 3000ms (default)
2025-04-23 15:45:35,369 [omNode-2@group-523986131536-LeaderElection16] INFO  grpc.GrpcConfigKeys (ConfUtils.java:logGet(46)) - raft.grpc.server.log-message.batch.duration = 5s (default)
2025-04-23 15:45:35,369 [omNode-2@group-523986131536-LeaderElection16] INFO  server.RaftServerConfigKeys (ConfUtils.java:logGet(46)) - raft.server.log.appender.install.snapshot.enabled = false (custom)
2025-04-23 15:45:35,369 [omNode-2@group-523986131536-LeaderElection16] INFO  grpc.GrpcConfigKeys (ConfUtils.java:logGet(46)) - raft.grpc.server.heartbeat.channel = true (default)
2025-04-23 15:45:35,369 [omNode-2@group-523986131536-LeaderElection16] INFO  server.RaftServerConfigKeys (ConfUtils.java:logGet(46)) - raft.server.log.appender.snapshot.chunk.size.max = 16MB (=16777216) (default)
2025-04-23 15:45:35,369 [omNode-2@group-523986131536-LeaderElection16] INFO  server.RaftServerConfigKeys (ConfUtils.java:logGet(46)) - raft.server.log.appender.buffer.byte-limit = 4194304 (custom)
2025-04-23 15:45:35,369 [omNode-2@group-523986131536-LeaderElection16] INFO  server.RaftServerConfigKeys (ConfUtils.java:logGet(46)) - raft.server.log.appender.buffer.element-limit = 1024 (custom)
2025-04-23 15:45:35,369 [omNode-2@group-523986131536-LeaderElection16] INFO  server.RaftServerConfigKeys (ConfUtils.java:logGet(46)) - raft.server.log.appender.wait-time.min = 0ms (custom)
2025-04-23 15:45:35,369 [omNode-2@group-523986131536-LeaderElection16] INFO  grpc.GrpcConfigKeys (ConfUtils.java:logGet(46)) - raft.grpc.server.leader.outstanding.appends.max = 8 (default)
2025-04-23 15:45:35,370 [omNode-2@group-523986131536-LeaderElection16] INFO  server.RaftServerConfigKeys (ConfUtils.java:logGet(46)) - raft.server.rpc.request.timeout = 3000ms (default)
2025-04-23 15:45:35,370 [omNode-2@group-523986131536-LeaderElection16] INFO  grpc.GrpcConfigKeys (ConfUtils.java:logGet(46)) - raft.grpc.server.install_snapshot.request.element-limit = 8 (default)
2025-04-23 15:45:35,370 [omNode-2@group-523986131536-LeaderElection16] INFO  grpc.GrpcConfigKeys (ConfUtils.java:logGet(46)) - raft.grpc.server.install_snapshot.request.timeout = 3000ms (default)
2025-04-23 15:45:35,370 [omNode-2@group-523986131536-LeaderElection16] INFO  grpc.GrpcConfigKeys (ConfUtils.java:logGet(46)) - raft.grpc.server.log-message.batch.duration = 5s (default)
2025-04-23 15:45:35,370 [omNode-2@group-523986131536-LeaderElection16] INFO  server.RaftServerConfigKeys (ConfUtils.java:logGet(46)) - raft.server.log.appender.install.snapshot.enabled = false (custom)
2025-04-23 15:45:35,370 [omNode-2@group-523986131536-LeaderElection16] INFO  grpc.GrpcConfigKeys (ConfUtils.java:logGet(46)) - raft.grpc.server.heartbeat.channel = true (default)
2025-04-23 15:45:35,370 [omNode-2@group-523986131536-LeaderElection16] INFO  impl.RoleInfo (RoleInfo.java:updateAndGet(148)) - omNode-2: start omNode-2@group-523986131536-LeaderStateImpl
2025-04-23 15:45:35,370 [omNode-2@group-523986131536-LeaderElection16] INFO  ratis.OzoneManagerStateMachine (OzoneManagerStateMachine.java:notifyLeaderChanged(169)) - omNode-2@group-523986131536: leader changed to omNode-2
2025-04-23 15:45:35,370 [omNode-2@group-523986131536-LeaderElection16] INFO  server.RaftServer$Division (ServerState.java:setLeader(272)) - omNode-2@group-523986131536: change Leader from null to omNode-2 at term 7 for becomeLeader, leader elected after 13ms
2025-04-23 15:45:35,370 [omNode-2@group-523986131536-LeaderElection16] INFO  segmented.SegmentedRaftLogWorker (SegmentedRaftLogWorker.java:rollLogSegment(443)) - omNode-2@group-523986131536-SegmentedRaftLogWorker: Rolling segment log-69_72 to index:72
2025-04-23 15:45:35,370 [omNode-2@group-523986131536-LeaderElection16] INFO  server.RaftServer$Division (ServerState.java:setRaftConf(386)) - omNode-2@group-523986131536: set configuration conf: {index: 73, cur=peers:[omNode-3|localhost:15017, omNode-1|localhost:15009, omNode-2|localhost:15013]|listeners:[], old=null}
2025-04-23 15:45:35,371 [grpc-default-executor-5] WARN  server.GrpcLogAppender (LogUtils.java:warn(121)) - omNode-2@group-523986131536->omNode-3-AppendLogResponseHandler: Failed appendEntries: org.apache.ratis.thirdparty.io.grpc.StatusRuntimeException: UNAVAILABLE: io exception
2025-04-23 15:45:35,371 [grpc-default-executor-5] WARN  server.GrpcLogAppender (GrpcLogAppender.java:lambda$resetClient$1(221)) - omNode-2@group-523986131536->omNode-3-GrpcLogAppender: Follower failed (request=null, errorCount=1); keep nextIndex (73) unchanged and retry.
2025-04-23 15:45:35,371 [omNode-2@group-523986131536-SegmentedRaftLogWorker] INFO  segmented.SegmentedRaftLogWorker (SegmentedRaftLogWorker.java:execute(601)) - omNode-2@group-523986131536-SegmentedRaftLogWorker: Rolled log segment from /home/runner/work/ozone/ozone/hadoop-ozone/integration-test/target/test-dir/MiniOzoneClusterImpl-5cf50c17-c591-473f-a8c4-88d8665d28d7/omNode-2/ratis/c9bc4cf4-3bc3-3c60-a66b-523986131536/current/log_inprogress_69 to /home/runner/work/ozone/ozone/hadoop-ozone/integration-test/target/test-dir/MiniOzoneClusterImpl-5cf50c17-c591-473f-a8c4-88d8665d28d7/omNode-2/ratis/c9bc4cf4-3bc3-3c60-a66b-523986131536/current/log_69-72
2025-04-23 15:45:35,372 [omNode-2@group-523986131536-SegmentedRaftLogWorker] INFO  segmented.BufferedWriteChannel (BufferedWriteChannel.java:open(61)) - open log_inprogress_73 at position 0
2025-04-23 15:45:35,373 [grpc-default-executor-0] WARN  server.GrpcLogAppender (GrpcLogAppender.java:lambda$resetClient$1(221)) - omNode-2@group-523986131536->omNode-3-GrpcLogAppender: Follower failed (request=null, errorCount=2); keep nextIndex (74) unchanged and retry.
2025-04-23 15:45:35,377 [omNode-1-server-thread1] INFO  ratis.OzoneManagerStateMachine (OzoneManagerStateMachine.java:notifyLeaderChanged(169)) - omNode-1@group-523986131536: leader changed to omNode-2
2025-04-23 15:45:35,377 [omNode-1-server-thread1] INFO  server.RaftServer$Division (ServerState.java:setLeader(272)) - omNode-1@group-523986131536: change Leader from null to omNode-2 at term 7 for appendEntries, leader elected after 12ms
2025-04-23 15:45:35,377 [omNode-1-server-thread2] INFO  server.RaftServer$Division (ServerState.java:setRaftConf(386)) - omNode-1@group-523986131536: set configuration conf: {index: 73, cur=peers:[omNode-3|localhost:15017, omNode-1|localhost:15009, omNode-2|localhost:15013]|listeners:[], old=null}
2025-04-23 15:45:35,378 [omNode-1-server-thread2] INFO  segmented.SegmentedRaftLogWorker (SegmentedRaftLogWorker.java:rollLogSegment(443)) - omNode-1@group-523986131536-SegmentedRaftLogWorker: Rolling segment log-69_72 to index:72
2025-04-23 15:45:35,379 [omNode-1@group-523986131536-SegmentedRaftLogWorker] INFO  segmented.SegmentedRaftLogWorker (SegmentedRaftLogWorker.java:execute(601)) - omNode-1@group-523986131536-SegmentedRaftLogWorker: Rolled log segment from /home/runner/work/ozone/ozone/hadoop-ozone/integration-test/target/test-dir/MiniOzoneClusterImpl-5cf50c17-c591-473f-a8c4-88d8665d28d7/omNode-1/ratis/c9bc4cf4-3bc3-3c60-a66b-523986131536/current/log_inprogress_69 to /home/runner/work/ozone/ozone/hadoop-ozone/integration-test/target/test-dir/MiniOzoneClusterImpl-5cf50c17-c591-473f-a8c4-88d8665d28d7/omNode-1/ratis/c9bc4cf4-3bc3-3c60-a66b-523986131536/current/log_69-72
2025-04-23 15:45:35,379 [omNode-1@group-523986131536-SegmentedRaftLogWorker] INFO  segmented.BufferedWriteChannel (BufferedWriteChannel.java:open(61)) - open log_inprogress_73 at position 0
2025-04-23 15:45:35,382 [omNode-2@group-523986131536-SegmentedRaftLogWorker] INFO  segmented.SegmentedRaftLogWorker (SegmentedRaftLogWorker.java:execute(644)) - omNode-2@group-523986131536-SegmentedRaftLogWorker: created new log segment /home/runner/work/ozone/ozone/hadoop-ozone/integration-test/target/test-dir/MiniOzoneClusterImpl-5cf50c17-c591-473f-a8c4-88d8665d28d7/omNode-2/ratis/c9bc4cf4-3bc3-3c60-a66b-523986131536/current/log_inprogress_73
2025-04-23 15:45:35,386 [omNode-1@group-523986131536-SegmentedRaftLogWorker] INFO  segmented.SegmentedRaftLogWorker (SegmentedRaftLogWorker.java:execute(644)) - omNode-1@group-523986131536-SegmentedRaftLogWorker: created new log segment /home/runner/work/ozone/ozone/hadoop-ozone/integration-test/target/test-dir/MiniOzoneClusterImpl-5cf50c17-c591-473f-a8c4-88d8665d28d7/omNode-1/ratis/c9bc4cf4-3bc3-3c60-a66b-523986131536/current/log_inprogress_73
2025-04-23 15:45:35,388 [omNode-2@group-523986131536-StateMachineUpdater] INFO  ratis.OzoneManagerStateMachine (OzoneManagerStateMachine.java:notifyConfigurationChanged(231)) - notifyConfigurationChanged from Ratis: term=7, index=73, New Peer list: omNode-3(localhost:15017), omNode-1(localhost:15009), omNode-2(localhost:15013)
2025-04-23 15:45:35,388 [grpc-default-executor-1] WARN  server.GrpcLogAppender (GrpcLogAppender.java:lambda$resetClient$1(221)) - omNode-2@group-523986131536->omNode-3-GrpcLogAppender: Follower failed (request=null, errorCount=5); keep nextIndex (75) unchanged and retry.
2025-04-23 15:45:35,388 [omNode-2@group-523986131536-StateMachineUpdater] INFO  server.RaftServer$Division (LeaderStateImpl.java:checkStartIndex(313)) - Leader omNode-2@group-523986131536-LeaderStateImpl is ready since appliedIndex == startIndex == 73
2025-04-23 15:45:35,390 [omNode-1@group-523986131536-StateMachineUpdater] INFO  ratis.OzoneManagerStateMachine (OzoneManagerStateMachine.java:notifyConfigurationChanged(231)) - notifyConfigurationChanged from Ratis: term=7, index=73, New Peer list: omNode-3(localhost:15017), omNode-1(localhost:15009), omNode-2(localhost:15013)
2025-04-23 15:45:38,985 [bea46156-cfa9-40b4-9197-d8d351f5fc2c-BlockDeletingService#0] INFO  interfaces.ContainerDeletionChoosingPolicyTemplate (ContainerDeletionChoosingPolicyTemplate.java:chooseContainerForBlockDeletion(83)) - Chosen 0/5000 blocks from 0 candidate containers.
2025-04-23 15:45:39,183 [e48ea510-4cfd-493d-84b4-aa69255fcf6e-BlockDeletingService#0] INFO  interfaces.ContainerDeletionChoosingPolicyTemplate (ContainerDeletionChoosingPolicyTemplate.java:chooseContainerForBlockDeletion(83)) - Chosen 0/5000 blocks from 0 candidate containers.
2025-04-23 15:45:39,381 [1d13aa12-f904-4b76-b74f-beab0aa3318b-BlockDeletingService#0] INFO  interfaces.ContainerDeletionChoosingPolicyTemplate (ContainerDeletionChoosingPolicyTemplate.java:chooseContainerForBlockDeletion(83)) - Chosen 0/5000 blocks from 0 candidate containers.
2025-04-23 15:45:40,371 [timer4] WARN  server.GrpcLogAppender (LogUtils.java:warn(121)) - omNode-2@group-523986131536->omNode-3-AppendLogResponseHandler: Failed appendEntries (Repeated 18 times in the last 5.000s): org.apache.ratis.thirdparty.io.grpc.StatusRuntimeException: UNAVAILABLE: io exception
2025-04-23 15:45:40,374 [timer7] WARN  server.GrpcLogAppender (GrpcLogAppender.java:lambda$resetClient$1(221)) - omNode-2@group-523986131536->omNode-3-GrpcLogAppender: Follower failed (request=null, errorCount=4); keep nextIndex (74) unchanged and retry. (Repeated 3 times in the last 5.000s)
2025-04-23 15:45:40,388 [timer4] WARN  server.GrpcLogAppender (GrpcLogAppender.java:lambda$resetClient$1(221)) - omNode-2@group-523986131536->omNode-3-GrpcLogAppender: Follower failed (request=null, errorCount=18); keep nextIndex (75) unchanged and retry. (Repeated 14 times in the last 4.999s)
2025-04-23 15:45:41,364 [grpc-default-executor-2] WARN  server.GrpcLogAppender (LogUtils.java:warn(121)) - omNode-2@group-523986131536->omNode-3-AppendLogResponseHandler: Failed appendEntries: org.apache.ratis.thirdparty.io.grpc.StatusRuntimeException: UNAVAILABLE: io exception
2025-04-23 15:45:41,365 [grpc-default-executor-1] WARN  server.GrpcLogAppender (GrpcLogAppender.java:lambda$resetClient$1(221)) - omNode-2@group-523986131536->omNode-3-GrpcLogAppender: Follower failed (request=null, errorCount=19); keep nextIndex (75) unchanged and retry.
2025-04-23 15:45:42,456 [main] INFO  rpc.RpcClient (RpcClient.java:createVolume(462)) - Creating Volume: volume65726, with user67040 as owner and space quota set to -1 bytes, counts quota set to -1
2025-04-23 15:45:42,457 [main] INFO  retry.RetryInvocationHandler (RetryInvocationHandler.java:log(426)) - com.google.protobuf.ServiceException: java.io.EOFException: End of File Exception between local host is: "fv-az1337-835/10.1.0.188"; destination host is: "localhost":15014; : java.io.EOFException; For more details see:  http://wiki.apache.org/hadoop/EOFException, while invoking $Proxy68.submitRequest over nodeId=omNode-3,nodeAddress=127.0.0.1:15014. Trying to failover after sleeping for 2000ms. Current retry count: 0.
2025-04-23 15:45:44,460 [main] INFO  retry.RetryInvocationHandler (RetryInvocationHandler.java:log(426)) - com.google.protobuf.ServiceException: org.apache.hadoop.ipc.RemoteException(org.apache.hadoop.ozone.om.exceptions.OMNotLeaderException): OM:omNode-1 is not the leader. Suggested leader is OM:omNode-2[localhost/127.0.0.1].
	at org.apache.hadoop.ozone.om.ratis.OzoneManagerRatisServer.newOMNotLeaderException(OzoneManagerRatisServer.java:813)
	at org.apache.hadoop.ozone.om.OzoneManager.checkLeaderStatus(OzoneManager.java:4355)
	at org.apache.hadoop.ozone.om.ratis.utils.OzoneManagerRatisUtils.checkLeaderStatus(OzoneManagerRatisUtils.java:500)
	at org.apache.hadoop.ozone.protocolPB.OzoneManagerProtocolServerSideTranslatorPB.internalProcessRequest(OzoneManagerProtocolServerSideTranslatorPB.java:165)
	at org.apache.hadoop.ozone.protocolPB.OzoneManagerProtocolServerSideTranslatorPB.processRequest(OzoneManagerProtocolServerSideTranslatorPB.java:125)
	at org.apache.hadoop.hdds.server.OzoneProtocolMessageDispatcher.processRequest(OzoneProtocolMessageDispatcher.java:87)
	at org.apache.hadoop.ozone.protocolPB.OzoneManagerProtocolServerSideTranslatorPB.submitRequest(OzoneManagerProtocolServerSideTranslatorPB.java:116)
	at org.apache.hadoop.ozone.protocol.proto.OzoneManagerProtocolProtos$OzoneManagerService$2.callBlockingMethod(OzoneManagerProtocolProtos.java)
	at org.apache.hadoop.ipc.ProtobufRpcEngine$Server.processCall(ProtobufRpcEngine.java:484)
	at org.apache.hadoop.ipc.ProtobufRpcEngine2$Server$ProtoBufRpcInvoker.call(ProtobufRpcEngine2.java:595)
	at org.apache.hadoop.ipc.ProtobufRpcEngine2$Server$ProtoBufRpcInvoker.call(ProtobufRpcEngine2.java:573)
	at org.apache.hadoop.ipc.RPC$Server.call(RPC.java:1227)
	at org.apache.hadoop.ipc.Server$RpcCall.run(Server.java:1246)
	at org.apache.hadoop.ipc.Server$RpcCall.run(Server.java:1169)
	at java.base/java.security.AccessController.doPrivileged(AccessController.java:714)
	at java.base/javax.security.auth.Subject.doAs(Subject.java:525)
	at org.apache.hadoop.security.UserGroupInformation.doAs(UserGroupInformation.java:1953)
	at org.apache.hadoop.ipc.Server$Handler.run(Server.java:3198)
, while invoking $Proxy68.submitRequest over nodeId=omNode-1,nodeAddress=127.0.0.1:15006 after 1 failover attempts. Trying to failover immediately. Current retry count: 1.
2025-04-23 15:45:44,466 [grpc-default-executor-5] WARN  server.GrpcLogAppender (GrpcLogAppender.java:lambda$resetClient$1(221)) - omNode-2@group-523986131536->omNode-3-GrpcLogAppender: Follower failed (request=null, errorCount=27); keep nextIndex (77) unchanged and retry.
2025-04-23 15:45:44,477 [omNode-1-OMStateMachineApplyTransactionThread - 0] WARN  helpers.OzoneAclUtil (OzoneAclUtil.java:getDefaultAclList(77)) - Failed to get primary group from user user67040 (auth:SIMPLE)
2025-04-23 15:45:44,477 [omNode-2-OMStateMachineApplyTransactionThread - 0] WARN  helpers.OzoneAclUtil (OzoneAclUtil.java:getDefaultAclList(77)) - Failed to get primary group from user user67040 (auth:SIMPLE)
2025-04-23 15:45:44,477 [omNode-1-OMStateMachineApplyTransactionThread - 0] INFO  volume.OMVolumeCreateRequest (OMVolumeCreateRequest.java:validateAndUpdateCache(203)) - created volume:volume65726 for user:user67040
2025-04-23 15:45:44,477 [omNode-2-OMStateMachineApplyTransactionThread - 0] INFO  volume.OMVolumeCreateRequest (OMVolumeCreateRequest.java:validateAndUpdateCache(203)) - created volume:volume65726 for user:user67040
2025-04-23 15:45:46,364 [timer6] WARN  server.GrpcLogAppender (LogUtils.java:warn(121)) - omNode-2@group-523986131536->omNode-3-AppendLogResponseHandler: Failed appendEntries (Repeated 12 times in the last 5.000s): org.apache.ratis.thirdparty.io.grpc.StatusRuntimeException: UNAVAILABLE: io exception
2025-04-23 15:45:46,365 [timer7] WARN  server.GrpcLogAppender (GrpcLogAppender.java:lambda$resetClient$1(221)) - omNode-2@group-523986131536->omNode-3-GrpcLogAppender: Follower failed (request=null, errorCount=26); keep nextIndex (75) unchanged and retry. (Repeated 8 times in the last 5.000s)
2025-04-23 15:45:46,480 [main] INFO  om.OzoneManager (OzoneManager.java:stop(2347)) - omNode-3[localhost:15014]: Stopping Ozone Manager
2025-04-23 15:45:46,480 [main] INFO  om.OzoneManager (OzoneManager.java:stop(2347)) - omNode-1[localhost:15006]: Stopping Ozone Manager
2025-04-23 15:45:46,480 [main] INFO  ipc.Server (Server.java:stop(3697)) - Stopping server on 15006
2025-04-23 15:45:46,482 [IPC Server listener on 15006] INFO  ipc.Server (Server.java:run(1585)) - Stopping IPC Server listener on 15006
2025-04-23 15:45:46,482 [IPC Server Responder] INFO  ipc.Server (Server.java:run(1718)) - Stopping IPC Server Responder
2025-04-23 15:45:46,482 [main] INFO  ratis.OzoneManagerRatisServer (OzoneManagerRatisServer.java:stop(634)) - Stopping org.apache.hadoop.ozone.om.ratis.OzoneManagerRatisServer@4c6e8671 at port 15009
2025-04-23 15:45:46,482 [main] INFO  server.RaftServer (RaftServerProxy.java:lambda$close$9(417)) - omNode-1: close
2025-04-23 15:45:46,482 [main] INFO  server.GrpcService (GrpcService.java:closeImpl(343)) - omNode-1: shutdown server GrpcServerProtocolService now
2025-04-23 15:45:46,482 [omNode-1-impl-thread1] INFO  server.RaftServer$Division (RaftServerImpl.java:lambda$close$1(513)) - omNode-1@group-523986131536: shutdown
2025-04-23 15:45:46,482 [omNode-1-impl-thread1] INFO  util.JmxRegister (JmxRegister.java:unregister(74)) - Successfully un-registered JMX Bean with object name Ratis:service=RaftServer,group=group-523986131536,id=omNode-1
2025-04-23 15:45:46,482 [omNode-1-impl-thread1] INFO  impl.RoleInfo (RoleInfo.java:shutdownFollowerState(121)) - omNode-1: shutdown omNode-1@group-523986131536-FollowerState
2025-04-23 15:45:46,483 [omNode-1-impl-thread1] INFO  impl.StateMachineUpdater (StateMachineUpdater.java:stopAndJoin(164)) - omNode-1@group-523986131536-StateMachineUpdater: set stopIndex = 76
2025-04-23 15:45:46,483 [grpc-default-executor-2] WARN  server.GrpcServerProtocolService (LogUtils.java:warn(121)) - omNode-1: APPEND_ENTRIES onError, lastRequest: null: org.apache.ratis.thirdparty.io.grpc.StatusRuntimeException: CANCELLED: client cancelled
2025-04-23 15:45:46,484 [omNode-1@group-523986131536-FollowerState] INFO  impl.FollowerState (FollowerState.java:runImpl(170)) - omNode-1@group-523986131536-FollowerState was interrupted
2025-04-23 15:45:46,484 [grpc-default-executor-0] WARN  server.GrpcLogAppender (LogUtils.java:warn(121)) - omNode-2@group-523986131536->omNode-1-AppendLogResponseHandler: Failed appendEntries: org.apache.ratis.thirdparty.io.grpc.StatusRuntimeException: CANCELLED: RST_STREAM closed stream. HTTP/2 error code: CANCEL
2025-04-23 15:45:46,484 [grpc-default-executor-1] WARN  server.GrpcLogAppender (GrpcLogAppender.java:lambda$resetClient$1(221)) - omNode-2@group-523986131536->omNode-1-GrpcLogAppender: Follower failed (request=null, errorCount=1); keep nextIndex (77) unchanged and retry.
2025-04-23 15:45:46,483 [grpc-default-executor-6] WARN  server.GrpcServerProtocolService (LogUtils.java:warn(121)) - omNode-1: APPEND_ENTRIES onError, lastRequest: omNode-2->omNode-1#23-t7,previous=(t:7, i:75),leaderCommit=75,initializing? false,entries: size=1, first=(t:7, i:76), METADATAENTRY(c:75): org.apache.ratis.thirdparty.io.grpc.StatusRuntimeException: CANCELLED: client cancelled
2025-04-23 15:45:46,486 [main] INFO  server.GrpcService (GrpcService.java:closeImpl(352)) - omNode-1: shutdown server GrpcServerProtocolService successfully
2025-04-23 15:45:46,495 [omNode-1@group-523986131536-StateMachineUpdater] INFO  ratis.OzoneManagerStateMachine (OzoneManagerStateMachine.java:takeSnapshotImpl(510)) - omNode-1: taking snapshot. applied = (t:7, i:76), skipped = 75, notified = (t:7, i:76), current snapshot index = (t:7, i:76), took 12 ms
2025-04-23 15:45:46,495 [omNode-1@group-523986131536-StateMachineUpdater] INFO  impl.StateMachineUpdater (StateMachineUpdater.java:takeSnapshot(303)) - omNode-1@group-523986131536-StateMachineUpdater: Took a snapshot at index 76
2025-04-23 15:45:46,495 [omNode-1@group-523986131536-StateMachineUpdater] INFO  impl.StateMachineUpdater (StateMachineUpdater.java:lambda$new$0(102)) - omNode-1@group-523986131536-StateMachineUpdater: snapshotIndex: updateIncreasingly 68 -> 76
2025-04-23 15:45:46,495 [omNode-1@group-523986131536-StateMachineUpdater] INFO  impl.StateMachineUpdater (StateMachineUpdater.java:stop(141)) - omNode-1@group-523986131536-StateMachineUpdater: closing OzoneManagerStateMachine, lastApplied=(t:7, i:76)
2025-04-23 15:45:46,495 [omNode-1@group-523986131536-StateMachineUpdater] INFO  ratis.OzoneManagerStateMachine (OzoneManagerStateMachine.java:close(550)) - Stopping OzoneManagerStateMachine:omNode-1:group-523986131536.
2025-04-23 15:45:46,495 [omNode-1@group-523986131536-StateMachineUpdater] INFO  ratis.OzoneManagerDoubleBuffer (OzoneManagerDoubleBuffer.java:stopDaemon(500)) - Stopping OMDoubleBuffer flush thread
2025-04-23 15:45:46,496 [omNode-1-OMDoubleBufferFlushThread] INFO  ratis.OzoneManagerDoubleBuffer (OzoneManagerDoubleBuffer.java:canFlush(559)) - OMDoubleBuffer flush thread omNode-1-OMDoubleBufferFlushThread is interrupted and will exit.
2025-04-23 15:45:46,496 [omNode-1@group-523986131536-cacheEviction-AwaitToRun] INFO  util.AwaitToRun (AwaitToRun.java:run(49)) - omNode-1@group-523986131536-cacheEviction-AwaitToRun-AwaitForSignal is interrupted
2025-04-23 15:45:46,570 [grpc-default-executor-6] WARN  server.GrpcLogAppender (LogUtils.java:warn(121)) - omNode-2@group-523986131536->omNode-3-AppendLogResponseHandler: Failed appendEntries: org.apache.ratis.thirdparty.io.grpc.StatusRuntimeException: UNAVAILABLE: io exception
2025-04-23 15:45:47,470 [omNode-1-impl-thread1] INFO  segmented.SegmentedRaftLogWorker (SegmentedRaftLogWorker.java:close(252)) - omNode-1@group-523986131536-SegmentedRaftLogWorker close()
2025-04-23 15:45:47,471 [JvmPauseMonitor18] INFO  util.JvmPauseMonitor (JvmPauseMonitor.java:run(152)) - JvmPauseMonitor-omNode-1: Stopped
2025-04-23 15:45:47,471 [main] INFO  utils.BackgroundService (BackgroundService.java:shutdown(161)) - Shutting down service KeyDeletingService
2025-04-23 15:45:47,472 [main] INFO  utils.BackgroundService (BackgroundService.java:shutdown(161)) - Shutting down service DirectoryDeletingService
2025-04-23 15:45:47,473 [main] INFO  utils.BackgroundService (BackgroundService.java:shutdown(161)) - Shutting down service OpenKeyCleanupService
2025-04-23 15:45:47,473 [main] INFO  utils.BackgroundService (BackgroundService.java:shutdown(161)) - Shutting down service SstFilteringService
2025-04-23 15:45:47,474 [main] INFO  utils.BackgroundService (BackgroundService.java:shutdown(161)) - Shutting down service SnapshotDeletingService
2025-04-23 15:45:47,474 [main] INFO  utils.BackgroundService (BackgroundService.java:shutdown(161)) - Shutting down service MultipartUploadCleanupService
2025-04-23 15:45:47,475 [main] INFO  handler.ContextHandler (ContextHandler.java:doStop(1159)) - Stopped o.e.j.w.WebAppContext@1c4a903c{ozoneManager,/,null,STOPPED}{file:/home/runner/work/ozone/ozone/hadoop-ozone/integration-test/target/test-classes/webapps/ozoneManager}
2025-04-23 15:45:47,475 [main] INFO  server.AbstractConnector (AbstractConnector.java:doStop(383)) - Stopped ServerConnector@44c6e3f5{HTTP/1.1, (http/1.1)}{0.0.0.0:15007}
2025-04-23 15:45:47,475 [main] INFO  server.session (HouseKeeper.java:stopScavenging(149)) - node0 Stopped scavenging
2025-04-23 15:45:47,476 [main] INFO  handler.ContextHandler (ContextHandler.java:doStop(1159)) - Stopped o.e.j.s.ServletContextHandler@6cf232ba{static,/static,file:///home/runner/work/ozone/ozone/hadoop-ozone/integration-test/target/test-classes/webapps/static,STOPPED}
2025-04-23 15:45:47,476 [main] INFO  handler.ContextHandler (ContextHandler.java:doStop(1159)) - Stopped o.e.j.s.ServletContextHandler@1ab2a436{logs,/logs,file:///home/runner/work/ozone/ozone/hadoop-ozone/integration-test/target/log,STOPPED}
2025-04-23 15:45:47,476 [main] INFO  rocksdiff.RocksDBCheckpointDiffer (RocksDBCheckpointDiffer.java:close(304)) - Shutting down CompactionDagPruningService.
2025-04-23 15:45:47,478 [main] INFO  snapshot.SnapshotDiffManager (SnapshotDiffManager.java:closeExecutorService(1698)) - Shutting down executorService: 'SnapDiffExecutor'
2025-04-23 15:45:47,479 [main] INFO  utils.BackgroundService (BackgroundService.java:shutdown(161)) - Shutting down service SnapshotDiffCleanupService
2025-04-23 15:45:47,480 [main] INFO  om.OzoneManager (OzoneManager.java:stop(2347)) - omNode-2[localhost:15010]: Stopping Ozone Manager
2025-04-23 15:45:47,480 [main] INFO  ipc.Server (Server.java:stop(3697)) - Stopping server on 15010
2025-04-23 15:45:47,483 [IPC Server listener on 15010] INFO  ipc.Server (Server.java:run(1585)) - Stopping IPC Server listener on 15010
2025-04-23 15:45:47,483 [IPC Server Responder] INFO  ipc.Server (Server.java:run(1718)) - Stopping IPC Server Responder
2025-04-23 15:45:47,484 [main] INFO  ratis.OzoneManagerRatisServer (OzoneManagerRatisServer.java:stop(634)) - Stopping org.apache.hadoop.ozone.om.ratis.OzoneManagerRatisServer@6b121f28 at port 15013
2025-04-23 15:45:47,484 [main] INFO  server.RaftServer (RaftServerProxy.java:lambda$close$9(417)) - omNode-2: close
2025-04-23 15:45:47,484 [main] INFO  server.GrpcService (GrpcService.java:closeImpl(343)) - omNode-2: shutdown server GrpcServerProtocolService now
2025-04-23 15:45:47,484 [omNode-2-impl-thread1] INFO  server.RaftServer$Division (RaftServerImpl.java:lambda$close$1(513)) - omNode-2@group-523986131536: shutdown
2025-04-23 15:45:47,484 [omNode-2-impl-thread1] INFO  util.JmxRegister (JmxRegister.java:unregister(74)) - Successfully un-registered JMX Bean with object name Ratis:service=RaftServer,group=group-523986131536,id=omNode-2
2025-04-23 15:45:47,484 [omNode-2-impl-thread1] INFO  impl.RoleInfo (RoleInfo.java:shutdownLeaderState(103)) - omNode-2: shutdown omNode-2@group-523986131536-LeaderStateImpl
2025-04-23 15:45:47,484 [omNode-2@group-523986131536->omNode-3-GrpcLogAppender-LogAppenderDaemon] WARN  server.GrpcLogAppender (GrpcLogAppender.java:mayWait(293)) - omNode-2@group-523986131536->omNode-3-GrpcLogAppender: Wait interrupted by java.lang.InterruptedException
2025-04-23 15:45:47,484 [omNode-2@group-523986131536->omNode-1-GrpcLogAppender-LogAppenderDaemon] WARN  server.GrpcLogAppender (GrpcLogAppender.java:mayWait(293)) - omNode-2@group-523986131536->omNode-1-GrpcLogAppender: Wait interrupted by java.lang.InterruptedException
2025-04-23 15:45:47,484 [omNode-2-impl-thread1] INFO  impl.PendingRequests (PendingRequests.java:sendNotLeaderResponses(287)) - omNode-2@group-523986131536-PendingRequests: sendNotLeaderResponses
2025-04-23 15:45:47,485 [Thread-2589] INFO  server.GrpcServerProtocolClient (GrpcServerProtocolClient.java:close(105)) - omNode-3 Close channels
2025-04-23 15:45:47,485 [Thread-2590] INFO  server.GrpcServerProtocolClient (GrpcServerProtocolClient.java:close(105)) - omNode-1 Close channels
2025-04-23 15:45:47,485 [omNode-2-impl-thread1] INFO  impl.StateMachineUpdater (StateMachineUpdater.java:stopAndJoin(164)) - omNode-2@group-523986131536-StateMachineUpdater: set stopIndex = 76
2025-04-23 15:45:47,486 [main] INFO  server.GrpcService (GrpcService.java:closeImpl(352)) - omNode-2: shutdown server GrpcServerProtocolService successfully
2025-04-23 15:45:47,496 [omNode-2@group-523986131536-StateMachineUpdater] INFO  ratis.OzoneManagerStateMachine (OzoneManagerStateMachine.java:takeSnapshotImpl(510)) - omNode-2: taking snapshot. applied = (t:7, i:76), skipped = 75, notified = (t:7, i:76), current snapshot index = (t:7, i:76), took 11 ms
2025-04-23 15:45:47,497 [omNode-2@group-523986131536-StateMachineUpdater] INFO  impl.StateMachineUpdater (StateMachineUpdater.java:takeSnapshot(303)) - omNode-2@group-523986131536-StateMachineUpdater: Took a snapshot at index 76
2025-04-23 15:45:47,497 [omNode-2@group-523986131536-StateMachineUpdater] INFO  impl.StateMachineUpdater (StateMachineUpdater.java:lambda$new$0(102)) - omNode-2@group-523986131536-StateMachineUpdater: snapshotIndex: updateIncreasingly 68 -> 76
2025-04-23 15:45:47,497 [omNode-2@group-523986131536-StateMachineUpdater] INFO  impl.StateMachineUpdater (StateMachineUpdater.java:stop(141)) - omNode-2@group-523986131536-StateMachineUpdater: closing OzoneManagerStateMachine, lastApplied=(t:7, i:76)
2025-04-23 15:45:47,497 [omNode-2@group-523986131536-StateMachineUpdater] INFO  ratis.OzoneManagerStateMachine (OzoneManagerStateMachine.java:close(550)) - Stopping OzoneManagerStateMachine:omNode-2:group-523986131536.
2025-04-23 15:45:47,497 [omNode-2@group-523986131536-StateMachineUpdater] INFO  ratis.OzoneManagerDoubleBuffer (OzoneManagerDoubleBuffer.java:stopDaemon(500)) - Stopping OMDoubleBuffer flush thread
2025-04-23 15:45:47,497 [omNode-2-OMDoubleBufferFlushThread] INFO  ratis.OzoneManagerDoubleBuffer (OzoneManagerDoubleBuffer.java:canFlush(559)) - OMDoubleBuffer flush thread omNode-2-OMDoubleBufferFlushThread is interrupted and will exit.
2025-04-23 15:45:47,497 [omNode-2@group-523986131536-cacheEviction-AwaitToRun] INFO  util.AwaitToRun (AwaitToRun.java:run(49)) - omNode-2@group-523986131536-cacheEviction-AwaitToRun-AwaitForSignal is interrupted
2025-04-23 15:45:48,468 [omNode-2-impl-thread1] INFO  segmented.SegmentedRaftLogWorker (SegmentedRaftLogWorker.java:close(252)) - omNode-2@group-523986131536-SegmentedRaftLogWorker close()
2025-04-23 15:45:48,468 [JvmPauseMonitor19] INFO  util.JvmPauseMonitor (JvmPauseMonitor.java:run(152)) - JvmPauseMonitor-omNode-2: Stopped
2025-04-23 15:45:48,469 [main] INFO  utils.BackgroundService (BackgroundService.java:shutdown(161)) - Shutting down service KeyDeletingService
2025-04-23 15:45:48,469 [main] INFO  utils.BackgroundService (BackgroundService.java:shutdown(161)) - Shutting down service DirectoryDeletingService
2025-04-23 15:45:48,470 [main] INFO  utils.BackgroundService (BackgroundService.java:shutdown(161)) - Shutting down service OpenKeyCleanupService
2025-04-23 15:45:48,470 [main] INFO  utils.BackgroundService (BackgroundService.java:shutdown(161)) - Shutting down service SstFilteringService
2025-04-23 15:45:48,471 [main] INFO  utils.BackgroundService (BackgroundService.java:shutdown(161)) - Shutting down service SnapshotDeletingService
2025-04-23 15:45:48,471 [main] INFO  utils.BackgroundService (BackgroundService.java:shutdown(161)) - Shutting down service MultipartUploadCleanupService
2025-04-23 15:45:48,471 [main] INFO  handler.ContextHandler (ContextHandler.java:doStop(1159)) - Stopped o.e.j.w.WebAppContext@327ac1e0{ozoneManager,/,null,STOPPED}{file:/home/runner/work/ozone/ozone/hadoop-ozone/integration-test/target/test-classes/webapps/ozoneManager}
2025-04-23 15:45:48,472 [main] INFO  server.AbstractConnector (AbstractConnector.java:doStop(383)) - Stopped ServerConnector@122b11ef{HTTP/1.1, (http/1.1)}{0.0.0.0:15011}
2025-04-23 15:45:48,472 [main] INFO  server.session (HouseKeeper.java:stopScavenging(149)) - node0 Stopped scavenging
2025-04-23 15:45:48,472 [main] INFO  handler.ContextHandler (ContextHandler.java:doStop(1159)) - Stopped o.e.j.s.ServletContextHandler@63e2d17d{static,/static,file:///home/runner/work/ozone/ozone/hadoop-ozone/integration-test/target/test-classes/webapps/static,STOPPED}
2025-04-23 15:45:48,472 [main] INFO  handler.ContextHandler (ContextHandler.java:doStop(1159)) - Stopped o.e.j.s.ServletContextHandler@909ac95{logs,/logs,file:///home/runner/work/ozone/ozone/hadoop-ozone/integration-test/target/log,STOPPED}
2025-04-23 15:45:48,473 [main] INFO  rocksdiff.RocksDBCheckpointDiffer (RocksDBCheckpointDiffer.java:close(304)) - Shutting down CompactionDagPruningService.
2025-04-23 15:45:48,475 [main] INFO  snapshot.SnapshotDiffManager (SnapshotDiffManager.java:closeExecutorService(1698)) - Shutting down executorService: 'SnapDiffExecutor'
2025-04-23 15:45:48,475 [main] INFO  utils.BackgroundService (BackgroundService.java:shutdown(161)) - Shutting down service SnapshotDiffCleanupService
2025-04-23 15:45:48,476 [main] INFO  om.OzoneManager (OzoneManager.java:restart(1878)) - OzoneManager RPC server is listening at localhost/127.0.0.1:15014
2025-04-23 15:45:48,476 [main] INFO  impl.MetricsSystemImpl (MetricsSystemImpl.java:init(158)) - OzoneManager metrics system started (again)
2025-04-23 15:45:48,488 [main] WARN  server.ServerUtils (ServerUtils.java:getDBPath(297)) - ozone.om.db.dirs is not configured. We recommend adding this setting. Falling back to ozone.metadata.dirs instead.
2025-04-23 15:45:48,529 [main] INFO  om.OzoneManager (OzoneManager.java:instantiateServices(933)) - S3 Multi-Tenancy is disabled
2025-04-23 15:45:48,529 [main] INFO  om.OmSnapshotManager (OmSnapshotManager.java:<init>(180)) - Ozone filesystem snapshot feature is enabled.
2025-04-23 15:45:48,530 [main] WARN  server.ServerUtils (ServerUtils.java:getDBPath(297)) - ozone.om.snapshot.diff.db.dir is not configured. We recommend adding this setting. Falling back to ozone.metadata.dirs instead.
2025-04-23 15:45:48,544 [main] WARN  server.ServerUtils (ServerUtils.java:getDefaultRatisDirectory(309)) - Storage directory for Ratis is not configured. It is a good idea to map this to an SSD disk. Falling back to ozone.metadata.dirs
2025-04-23 15:45:48,544 [main] INFO  server.RaftServerConfigKeys (ConfUtils.java:logGet(46)) - raft.server.log.appender.buffer.byte-limit = 4194304 (custom)
2025-04-23 15:45:48,545 [main] INFO  ratis.OzoneManagerRatisServer (OzoneManagerRatisServer.java:<init>(167)) - Instantiating OM Ratis server with groupID: om-service-test1 and peers: localhost:15017, localhost:15009, localhost:15013
2025-04-23 15:45:48,545 [main] INFO  ratis.OzoneManagerStateMachine (OzoneManagerStateMachine.java:loadSnapshotInfoFromDB(611)) - LastAppliedIndex is set from TransactionInfo from OM DB as (t:6, i:72)
2025-04-23 15:45:48,546 [main] INFO  server.RaftServer (ConfUtils.java:logGet(46)) - raft.rpc.type = GRPC (default)
2025-04-23 15:45:48,546 [main] INFO  grpc.GrpcConfigKeys (ConfUtils.java:logFallback(53)) - raft.grpc.admin.host = null (fallback to raft.grpc.server.host)
2025-04-23 15:45:48,546 [main] INFO  grpc.GrpcConfigKeys (ConfUtils.java:logFallback(53)) - raft.grpc.admin.port = 15017 (fallback to raft.grpc.server.port)
2025-04-23 15:45:48,546 [main] INFO  grpc.GrpcConfigKeys (ConfUtils.java:logFallback(53)) - raft.grpc.client.host = null (fallback to raft.grpc.server.host)
2025-04-23 15:45:48,546 [main] INFO  grpc.GrpcConfigKeys (ConfUtils.java:logFallback(53)) - raft.grpc.client.port = 15017 (fallback to raft.grpc.server.port)
2025-04-23 15:45:48,546 [main] INFO  grpc.GrpcConfigKeys (ConfUtils.java:logGet(46)) - raft.grpc.server.host = null (default)
2025-04-23 15:45:48,546 [main] INFO  grpc.GrpcConfigKeys (ConfUtils.java:logGet(46)) - raft.grpc.server.port = 15017 (custom)
2025-04-23 15:45:48,546 [main] INFO  server.GrpcService (ConfUtils.java:logGet(46)) - raft.grpc.message.size.max = 5242880 (custom)
2025-04-23 15:45:48,546 [main] INFO  server.GrpcService (ConfUtils.java:logGet(46)) - raft.grpc.flow.control.window = 1MB (=1048576) (default)
2025-04-23 15:45:48,546 [main] INFO  server.RaftServerConfigKeys (ConfUtils.java:logGet(46)) - raft.server.rpc.request.timeout = 3000ms (default)
2025-04-23 15:45:48,547 [main] INFO  grpc.GrpcConfigKeys (ConfUtils.java:logGet(46)) - raft.grpc.server.heartbeat.channel = true (default)
2025-04-23 15:45:48,547 [main] INFO  server.RaftServerConfigKeys (ConfUtils.java:logGet(46)) - raft.server.log.appender.buffer.byte-limit = 4194304 (custom)
2025-04-23 15:45:48,547 [main] INFO  grpc.GrpcConfigKeys (ConfUtils.java:logGet(46)) - raft.grpc.server.async.request.thread.pool.cached = true (default)
2025-04-23 15:45:48,547 [main] INFO  grpc.GrpcConfigKeys (ConfUtils.java:logGet(46)) - raft.grpc.server.async.request.thread.pool.size = 32 (default)
2025-04-23 15:45:48,548 [main] INFO  impl.DataStreamServerImpl (ConfUtils.java:logGet(46)) - raft.datastream.type = DISABLED (default)
2025-04-23 15:45:48,548 [main] INFO  server.RaftServerConfigKeys (ConfUtils.java:logGet(46)) - raft.server.sleep.deviation.threshold = 300ms (default)
2025-04-23 15:45:48,548 [main] INFO  server.RaftServerConfigKeys (ConfUtils.java:logGet(46)) - raft.server.close.threshold = 60s (default)
2025-04-23 15:45:48,548 [main] INFO  server.RaftServerConfigKeys (ConfUtils.java:logGet(46)) - raft.server.leaderelection.leader.step-down.wait-time = 10s (default)
2025-04-23 15:45:48,548 [main] INFO  server.RaftServerConfigKeys (ConfUtils.java:logGet(46)) - raft.server.storage.dir = [/home/runner/work/ozone/ozone/hadoop-ozone/integration-test/target/test-dir/MiniOzoneClusterImpl-5cf50c17-c591-473f-a8c4-88d8665d28d7/omNode-3/ratis] (custom)
2025-04-23 15:45:48,548 [main] INFO  server.RaftServerConfigKeys (ConfUtils.java:logGet(46)) - raft.server.threadpool.proxy.cached = true (default)
2025-04-23 15:45:48,548 [main] INFO  server.RaftServerConfigKeys (ConfUtils.java:logGet(46)) - raft.server.threadpool.proxy.size = 0 (default)
2025-04-23 15:45:48,549 [omNode-3-impl-thread1] INFO  server.RaftServer (RaftServerProxy.java:initGroupDir(265)) - omNode-3: found a subdirectory /home/runner/work/ozone/ozone/hadoop-ozone/integration-test/target/test-dir/MiniOzoneClusterImpl-5cf50c17-c591-473f-a8c4-88d8665d28d7/omNode-3/ratis/c9bc4cf4-3bc3-3c60-a66b-523986131536
2025-04-23 15:45:48,549 [main] INFO  server.RaftServer (RaftServerProxy.java:addNew(100)) - omNode-3: addNew group-523986131536:[omNode-3|localhost:15017, omNode-1|localhost:15009, omNode-2|localhost:15013] returns group-523986131536:java.util.concurrent.CompletableFuture@345c6d30[Not completed]
2025-04-23 15:45:48,549 [main] INFO  om.OzoneManager (OzoneManager.java:initializeRatisServer(2303)) - OzoneManager Ratis server initialized at port 15017
2025-04-23 15:45:48,549 [main] INFO  ratis.OzoneManagerRatisServer (OzoneManagerRatisServer.java:start(628)) - Starting OzoneManagerRatisServer omNode-3 at port 15017
2025-04-23 15:45:48,549 [omNode-3-groupManagement] INFO  server.RaftServer$Division (RaftServerImpl.java:<init>(255)) - omNode-3: new RaftServerImpl for group-523986131536:[omNode-3|localhost:15017, omNode-1|localhost:15009, omNode-2|localhost:15013] with OzoneManagerStateMachine:uninitialized
2025-04-23 15:45:48,549 [omNode-3-groupManagement] INFO  server.RaftServerConfigKeys (ConfUtils.java:logGet(46)) - raft.server.rpc.timeout.min = 1s (custom)
2025-04-23 15:45:48,549 [omNode-3-groupManagement] INFO  server.RaftServerConfigKeys (ConfUtils.java:logGet(46)) - raft.server.rpc.timeout.max = 1200ms (custom)
2025-04-23 15:45:48,549 [omNode-3-groupManagement] INFO  server.RaftServerConfigKeys (ConfUtils.java:logGet(46)) - raft.server.rpc.sleep.time = 25ms (default)
2025-04-23 15:45:48,550 [omNode-3-groupManagement] INFO  server.RaftServerConfigKeys (ConfUtils.java:logGet(46)) - raft.server.rpc.slowness.timeout = 2s (custom)
2025-04-23 15:45:48,550 [omNode-3-groupManagement] INFO  server.RaftServerConfigKeys (ConfUtils.java:logGet(46)) - raft.server.leaderelection.leader.step-down.wait-time = 10s (default)
2025-04-23 15:45:48,550 [omNode-3-groupManagement] INFO  server.RaftServerConfigKeys (ConfUtils.java:logGet(46)) - raft.server.leaderelection.member.majority-add = false (default)
2025-04-23 15:45:48,550 [omNode-3-groupManagement] INFO  server.RaftServerConfigKeys (ConfUtils.java:logGet(46)) - raft.server.sleep.deviation.threshold = 300ms (default)
2025-04-23 15:45:48,550 [omNode-3-groupManagement] INFO  server.RaftServer$Division (ServerState.java:<init>(114)) - omNode-3@group-523986131536: ConfigurationManager, init=conf: {index: -1, cur=peers:[omNode-3|localhost:15017, omNode-1|localhost:15009, omNode-2|localhost:15013]|listeners:[], old=null}, confs=<EMPTY_MAP>
2025-04-23 15:45:48,550 [omNode-3-groupManagement] INFO  server.RaftServerConfigKeys (ConfUtils.java:logGet(46)) - raft.server.notification.no-leader.timeout = 2s (custom)
2025-04-23 15:45:48,550 [omNode-3-groupManagement] INFO  server.RaftServerConfigKeys (ConfUtils.java:logGet(46)) - raft.server.read.timeout = 10s (default)
2025-04-23 15:45:48,550 [omNode-3-groupManagement] INFO  server.RaftServerConfigKeys (ConfUtils.java:logGet(46)) - raft.server.retrycache.expirytime = 30000ms (custom)
2025-04-23 15:45:48,550 [omNode-3-groupManagement] INFO  server.RaftServerConfigKeys (ConfUtils.java:logGet(46)) - raft.server.retrycache.statistics.expirytime = 100ms (default)
2025-04-23 15:45:48,550 [omNode-3-groupManagement] INFO  server.RaftServerConfigKeys (ConfUtils.java:logGet(46)) - raft.server.read.option = DEFAULT (default)
2025-04-23 15:45:48,550 [omNode-3-groupManagement] INFO  server.RaftServerConfigKeys (ConfUtils.java:logGet(46)) - raft.server.read.read-after-write-consistent.write-index-cache.expiry-time = 60s (default)
2025-04-23 15:45:48,552 [omNode-3-groupManagement] INFO  server.RaftServerConfigKeys (ConfUtils.java:logGet(46)) - raft.server.rpc.request.timeout = 3000ms (default)
2025-04-23 15:45:48,552 [omNode-3-groupManagement] INFO  server.RaftServerConfigKeys (ConfUtils.java:logGet(46)) - raft.server.log.appender.install.snapshot.enabled = false (custom)
2025-04-23 15:45:48,552 [omNode-3-groupManagement] INFO  server.RaftServerConfigKeys (ConfUtils.java:logGet(46)) - raft.server.threadpool.server.cached = true (default)
2025-04-23 15:45:48,552 [omNode-3-groupManagement] INFO  server.RaftServerConfigKeys (ConfUtils.java:logGet(46)) - raft.server.threadpool.server.size = 0 (default)
2025-04-23 15:45:48,552 [omNode-3-groupManagement] INFO  server.RaftServerConfigKeys (ConfUtils.java:logGet(46)) - raft.server.threadpool.client.cached = true (default)
2025-04-23 15:45:48,553 [omNode-3-groupManagement] INFO  server.RaftServerConfigKeys (ConfUtils.java:logGet(46)) - raft.server.threadpool.client.size = 0 (default)
2025-04-23 15:45:48,553 [omNode-3-impl-thread1] INFO  server.RaftServerConfigKeys (ConfUtils.java:logGet(46)) - raft.server.storage.free-space.min = 0MB (=0) (default)
2025-04-23 15:45:48,553 [omNode-3-impl-thread1] INFO  server.RaftServerConfigKeys (ConfUtils.java:logGet(46)) - raft.server.log.corruption.policy = EXCEPTION (default)
2025-04-23 15:45:48,553 [omNode-3-impl-thread1] INFO  server.RaftServerConfigKeys (ConfUtils.java:logGet(46)) - raft.server.storage.dir = [/home/runner/work/ozone/ozone/hadoop-ozone/integration-test/target/test-dir/MiniOzoneClusterImpl-5cf50c17-c591-473f-a8c4-88d8665d28d7/omNode-3/ratis] (custom)
2025-04-23 15:45:48,554 [omNode-3-impl-thread1] INFO  storage.RaftStorageDirectory (RaftStorageDirectoryImpl.java:tryLock(229)) - Lock on /home/runner/work/ozone/ozone/hadoop-ozone/integration-test/target/test-dir/MiniOzoneClusterImpl-5cf50c17-c591-473f-a8c4-88d8665d28d7/omNode-3/ratis/c9bc4cf4-3bc3-3c60-a66b-523986131536/in_use.lock acquired by nodename 129659@fv-az1337-835
2025-04-23 15:45:48,554 [omNode-3-impl-thread1] INFO  storage.RaftStorage (RaftStorageImpl.java:analyzeAndRecoverStorage(118)) - Read RaftStorageMetadata{term=6, votedFor=omNode-3} from /home/runner/work/ozone/ozone/hadoop-ozone/integration-test/target/test-dir/MiniOzoneClusterImpl-5cf50c17-c591-473f-a8c4-88d8665d28d7/omNode-3/ratis/c9bc4cf4-3bc3-3c60-a66b-523986131536/current/raft-meta
2025-04-23 15:45:48,554 [omNode-3-impl-thread1] INFO  server.RaftServer$Division (ServerState.java:setRaftConf(386)) - omNode-3@group-523986131536: set configuration conf: {index: 69, cur=peers:[omNode-3|localhost:15017, omNode-1|localhost:15009, omNode-2|localhost:15013]|listeners:[], old=null}
2025-04-23 15:45:48,554 [omNode-3-impl-thread1] INFO  ratis.OzoneManagerStateMachine (OzoneManagerStateMachine.java:lambda$0(138)) - omNode-3: initialize group-523986131536 with (t:6, i:72)
2025-04-23 15:45:48,555 [omNode-3-impl-thread1] INFO  server.RaftServerConfigKeys (ConfUtils.java:logGet(46)) - raft.server.log.use.memory = false (default)
2025-04-23 15:45:48,555 [omNode-3-impl-thread1] INFO  server.RaftServerConfigKeys (ConfUtils.java:logGet(46)) - raft.server.log.purge.gap = 50 (custom)
2025-04-23 15:45:48,555 [omNode-3-impl-thread1] INFO  server.RaftServerConfigKeys (ConfUtils.java:logGet(46)) - raft.server.log.appender.buffer.byte-limit = 4194304 (custom)
2025-04-23 15:45:48,555 [omNode-3-impl-thread1] INFO  server.RaftServerConfigKeys (ConfUtils.java:logGet(46)) - raft.server.log.statemachine.data.read.timeout = 1000ms (default)
2025-04-23 15:45:48,555 [omNode-3-impl-thread1] INFO  server.RaftServerConfigKeys (ConfUtils.java:logGet(46)) - raft.server.log.purge.preservation.log.num = 0 (default)
2025-04-23 15:45:48,556 [omNode-3-impl-thread1] INFO  server.RaftServerConfigKeys (ConfUtils.java:logGet(46)) - raft.server.log.segment.size.max = 4194304 (custom)
2025-04-23 15:45:48,556 [omNode-3-impl-thread1] INFO  server.RaftServerConfigKeys (ConfUtils.java:logGet(46)) - raft.server.log.segment.cache.num.max = 2 (custom)
2025-04-23 15:45:48,556 [omNode-3-impl-thread1] INFO  server.RaftServerConfigKeys (ConfUtils.java:logGet(46)) - raft.server.log.segment.cache.size.max = 200MB (=209715200) (default)
2025-04-23 15:45:48,556 [omNode-3-impl-thread1] INFO  server.RaftServerConfigKeys (ConfUtils.java:logGet(46)) - raft.server.log.appender.buffer.byte-limit = 4194304 (custom)
2025-04-23 15:45:48,556 [omNode-3-impl-thread1] INFO  util.AwaitToRun (AwaitToRun.java:start(81)) - Thread[#3235,omNode-3@group-523986131536-cacheEviction-AwaitToRun,5,main] started
2025-04-23 15:45:48,556 [omNode-3-impl-thread1] INFO  segmented.SegmentedRaftLogWorker (SegmentedRaftLogWorker.java:<init>(188)) - new omNode-3@group-523986131536-SegmentedRaftLogWorker for RaftStorageImpl:Storage Directory /home/runner/work/ozone/ozone/hadoop-ozone/integration-test/target/test-dir/MiniOzoneClusterImpl-5cf50c17-c591-473f-a8c4-88d8665d28d7/omNode-3/ratis/c9bc4cf4-3bc3-3c60-a66b-523986131536
2025-04-23 15:45:48,556 [omNode-3-impl-thread1] INFO  server.RaftServerConfigKeys (ConfUtils.java:logGet(46)) - raft.server.log.queue.byte-limit = 64MB (=67108864) (default)
2025-04-23 15:45:48,556 [omNode-3-impl-thread1] INFO  server.RaftServerConfigKeys (ConfUtils.java:logGet(46)) - raft.server.log.queue.element-limit = 4096 (default)
2025-04-23 15:45:48,556 [omNode-3-impl-thread1] INFO  server.RaftServerConfigKeys (ConfUtils.java:logGet(46)) - raft.server.log.segment.size.max = 4194304 (custom)
2025-04-23 15:45:48,556 [omNode-3-impl-thread1] INFO  server.RaftServerConfigKeys (ConfUtils.java:logGet(46)) - raft.server.log.preallocated.size = 4194304 (custom)
2025-04-23 15:45:48,556 [omNode-3-impl-thread1] INFO  server.RaftServerConfigKeys (ConfUtils.java:logGet(46)) - raft.server.log.force.sync.num = 128 (default)
2025-04-23 15:45:48,556 [omNode-3-impl-thread1] INFO  server.RaftServerConfigKeys (ConfUtils.java:logGet(46)) - raft.server.log.statemachine.data.sync = true (default)
2025-04-23 15:45:48,556 [omNode-3-impl-thread1] INFO  server.RaftServerConfigKeys (ConfUtils.java:logGet(46)) - raft.server.log.statemachine.data.sync.timeout = 10s (default)
2025-04-23 15:45:48,556 [omNode-3-impl-thread1] INFO  server.RaftServerConfigKeys (ConfUtils.java:logGet(46)) - raft.server.log.statemachine.data.sync.timeout.retry = -1 (default)
2025-04-23 15:45:48,557 [omNode-3-impl-thread1] INFO  server.RaftServerConfigKeys (ConfUtils.java:logGet(46)) - raft.server.log.write.buffer.size = 4194312 (custom)
2025-04-23 15:45:48,557 [omNode-3-impl-thread1] INFO  server.RaftServerConfigKeys (ConfUtils.java:logGet(46)) - raft.server.log.appender.buffer.byte-limit = 4194304 (custom)
2025-04-23 15:45:48,557 [omNode-3-impl-thread1] INFO  server.RaftServerConfigKeys (ConfUtils.java:logGet(46)) - raft.server.log.unsafe-flush.enabled = false (default)
2025-04-23 15:45:48,557 [omNode-3-impl-thread1] INFO  server.RaftServerConfigKeys (ConfUtils.java:logGet(46)) - raft.server.log.async-flush.enabled = false (default)
2025-04-23 15:45:48,557 [omNode-3-impl-thread1] INFO  server.RaftServerConfigKeys (ConfUtils.java:logGet(46)) - raft.server.log.statemachine.data.caching.enabled = false (default)
2025-04-23 15:45:48,558 [omNode-3-impl-thread1] INFO  server.RaftServer$Division (ServerState.java:setRaftConf(386)) - omNode-3@group-523986131536: set configuration conf: {index: 35, cur=peers:[omNode-3|localhost:15017, omNode-1|localhost:15009, omNode-2|localhost:15013]|listeners:[], old=null}
2025-04-23 15:45:48,558 [omNode-3-impl-thread1] INFO  segmented.LogSegment (LogSegment.java:loadSegment(171)) - Successfully read 34 entries from segment file /home/runner/work/ozone/ozone/hadoop-ozone/integration-test/target/test-dir/MiniOzoneClusterImpl-5cf50c17-c591-473f-a8c4-88d8665d28d7/omNode-3/ratis/c9bc4cf4-3bc3-3c60-a66b-523986131536/current/log_35-68
2025-04-23 15:45:48,558 [omNode-3-impl-thread1] INFO  server.RaftServer$Division (ServerState.java:setRaftConf(386)) - omNode-3@group-523986131536: set configuration conf: {index: 69, cur=peers:[omNode-3|localhost:15017, omNode-1|localhost:15009, omNode-2|localhost:15013]|listeners:[], old=null}
2025-04-23 15:45:48,559 [omNode-3-impl-thread1] INFO  segmented.LogSegment (LogSegment.java:loadSegment(171)) - Successfully read 4 entries from segment file /home/runner/work/ozone/ozone/hadoop-ozone/integration-test/target/test-dir/MiniOzoneClusterImpl-5cf50c17-c591-473f-a8c4-88d8665d28d7/omNode-3/ratis/c9bc4cf4-3bc3-3c60-a66b-523986131536/current/log_inprogress_69
2025-04-23 15:45:48,559 [omNode-3-impl-thread1] INFO  segmented.SegmentedRaftLogWorker (SegmentedRaftLogWorker.java:lambda$new$0(139)) - omNode-3@group-523986131536-SegmentedRaftLogWorker: flushIndex: setUnconditionally 0 -> 72
2025-04-23 15:45:48,559 [omNode-3-impl-thread1] INFO  segmented.SegmentedRaftLogWorker (SegmentedRaftLogWorker.java:lambda$new$0(139)) - omNode-3@group-523986131536-SegmentedRaftLogWorker: safeCacheEvictIndex: setUnconditionally 0 -> 68
2025-04-23 15:45:48,559 [omNode-3-impl-thread1] INFO  segmented.BufferedWriteChannel (BufferedWriteChannel.java:open(61)) - open log_inprogress_69 (append) at position 318
2025-04-23 15:45:48,559 [omNode-3-impl-thread1] INFO  raftlog.RaftLog (RaftLogBase.java:lambda$new$0(54)) - omNode-3@group-523986131536-SegmentedRaftLog: purgeIndex: updateToMax old=-1, new=34, updated? true
2025-04-23 15:45:48,559 [omNode-3-impl-thread1] INFO  server.RaftServer$Division (RaftServerImpl.java:start(391)) - omNode-3@group-523986131536: start as a follower, conf=conf: {index: 69, cur=peers:[omNode-3|localhost:15017, omNode-1|localhost:15009, omNode-2|localhost:15013]|listeners:[], old=null}
2025-04-23 15:45:48,559 [omNode-3-impl-thread1] INFO  server.RaftServer$Division (RaftServerImpl.java:setRole(378)) - omNode-3@group-523986131536: changes role from      null to FOLLOWER at term 6 for startAsFollower
2025-04-23 15:45:48,559 [omNode-3-impl-thread1] INFO  impl.RoleInfo (RoleInfo.java:updateAndGet(148)) - omNode-3: start omNode-3@group-523986131536-FollowerState
2025-04-23 15:45:48,559 [omNode-3@group-523986131536-FollowerState] INFO  server.RaftServerConfigKeys (ConfUtils.java:logFallback(53)) - raft.server.rpc.first-election.timeout.min = 1s (fallback to raft.server.rpc.timeout.min)
2025-04-23 15:45:48,560 [omNode-3@group-523986131536-FollowerState] INFO  server.RaftServerConfigKeys (ConfUtils.java:logFallback(53)) - raft.server.rpc.first-election.timeout.max = 1200ms (fallback to raft.server.rpc.timeout.max)
2025-04-23 15:45:48,560 [omNode-3-impl-thread1] INFO  util.JmxRegister (JmxRegister.java:tryRegister(44)) - Successfully registered JMX Bean with object name Ratis:service=RaftServer,group=group-523986131536,id=omNode-3
2025-04-23 15:45:48,560 [omNode-3-impl-thread1] INFO  util.JmxRegister (JmxRegister.java:register(58)) - register mxBean class org.apache.ratis.server.impl.RaftServerJmxAdapter as Ratis:service=RaftServer,group=group-523986131536,id=omNode-3
2025-04-23 15:45:48,560 [omNode-3-impl-thread1] INFO  server.RaftServerConfigKeys (ConfUtils.java:logGet(46)) - raft.server.snapshot.trigger-when-stop.enabled = true (default)
2025-04-23 15:45:48,560 [omNode-3-impl-thread1] INFO  server.RaftServerConfigKeys (ConfUtils.java:logGet(46)) - raft.server.snapshot.trigger-when-remove.enabled = true (default)
2025-04-23 15:45:48,560 [omNode-3-impl-thread1] INFO  server.RaftServerConfigKeys (ConfUtils.java:logGet(46)) - raft.server.snapshot.auto.trigger.enabled = true (custom)
2025-04-23 15:45:48,560 [omNode-3-impl-thread1] INFO  server.RaftServerConfigKeys (ConfUtils.java:logGet(46)) - raft.server.snapshot.auto.trigger.threshold = 50 (custom)
2025-04-23 15:45:48,560 [omNode-3-impl-thread1] INFO  server.RaftServerConfigKeys (ConfUtils.java:logGet(46)) - raft.server.snapshot.retention.file.num = -1 (default)
2025-04-23 15:45:48,560 [omNode-3-impl-thread1] INFO  server.RaftServerConfigKeys (ConfUtils.java:logGet(46)) - raft.server.log.purge.upto.snapshot.index = true (custom)
2025-04-23 15:45:48,560 [omNode-3-impl-thread1] INFO  server.RaftServer$Division (RaftServerImpl.java:start(405)) - omNode-3@group-523986131536: Successfully started.
2025-04-23 15:45:48,560 [main] INFO  server.RaftServer (RaftServerProxy.java:startImpl(407)) - omNode-3: start RPC server
2025-04-23 15:45:48,561 [main] INFO  server.GrpcService (GrpcService.java:startImpl(334)) - omNode-3: GrpcService started, listening on 15017
2025-04-23 15:45:48,561 [main] INFO  om.OzoneManager (OzoneManager.java:getRpcServer(1360)) - Creating RPC Server
2025-04-23 15:45:48,561 [JvmPauseMonitor20] INFO  util.JvmPauseMonitor (JvmPauseMonitor.java:run(146)) - JvmPauseMonitor-omNode-3: Started
2025-04-23 15:45:48,902 [main] INFO  reflections.Reflections (Reflections.java:scan(219)) - Reflections took 340 ms to scan 22 urls, producing 61 keys and 7422 values
2025-04-23 15:45:48,903 [main] INFO  ipc.CallQueueManager (CallQueueManager.java:<init>(93)) - Using callQueue: class java.util.concurrent.LinkedBlockingQueue, queueCapacity: 2000, scheduler: class org.apache.hadoop.ipc.DefaultRpcScheduler, ipcBackoff: false, ipcFailOver: false.
2025-04-23 15:45:48,904 [main] INFO  ipc.Server (Server.java:<init>(1438)) - Listener at localhost:15014
2025-04-23 15:45:48,904 [Socket Reader #1 for port 15014] INFO  ipc.Server (Server.java:run(1474)) - Starting Socket Reader #1 for port 15014
2025-04-23 15:45:48,904 [Socket Reader #2 for port 15014] INFO  ipc.Server (Server.java:run(1474)) - Starting Socket Reader #2 for port 15014
2025-04-23 15:45:48,904 [Socket Reader #3 for port 15014] INFO  ipc.Server (Server.java:run(1474)) - Starting Socket Reader #3 for port 15014
2025-04-23 15:45:48,904 [Socket Reader #4 for port 15014] INFO  ipc.Server (Server.java:run(1474)) - Starting Socket Reader #4 for port 15014
2025-04-23 15:45:48,905 [Socket Reader #5 for port 15014] INFO  ipc.Server (Server.java:run(1474)) - Starting Socket Reader #5 for port 15014
2025-04-23 15:45:48,905 [Socket Reader #6 for port 15014] INFO  ipc.Server (Server.java:run(1474)) - Starting Socket Reader #6 for port 15014
2025-04-23 15:45:48,905 [Socket Reader #7 for port 15014] INFO  ipc.Server (Server.java:run(1474)) - Starting Socket Reader #7 for port 15014
2025-04-23 15:45:48,905 [Socket Reader #8 for port 15014] INFO  ipc.Server (Server.java:run(1474)) - Starting Socket Reader #8 for port 15014
2025-04-23 15:45:48,905 [Socket Reader #9 for port 15014] INFO  ipc.Server (Server.java:run(1474)) - Starting Socket Reader #9 for port 15014
2025-04-23 15:45:48,905 [Socket Reader #10 for port 15014] INFO  ipc.Server (Server.java:run(1474)) - Starting Socket Reader #10 for port 15014
2025-04-23 15:45:48,907 [main] INFO  http.BaseHttpServer (BaseHttpServer.java:newHttpServer2BuilderForOzone(229)) - Starting Web-server for ozoneManager at: http://0.0.0.0:15015
2025-04-23 15:45:48,907 [main] INFO  http.BaseHttpServer (BaseHttpServer.java:<init>(107)) - Hadoop Security Enabled: false Ozone Security Enabled: false Ozone HTTP Security Enabled: false 
2025-04-23 15:45:48,909 [main] WARN  server.AuthenticationFilter (AuthenticationFilter.java:constructSecretProvider(240)) - Unable to initialize FileSignerSecretProvider, falling back to use random secrets. Reason: Could not read signature secret file: /home/runner/hadoop-http-auth-signature-secret
2025-04-23 15:45:48,911 [main] INFO  http.HttpServer2 (HttpServer2.java:addGlobalFilter(1041)) - Added global filter 'safety' (class=org.apache.hadoop.hdds.server.http.HttpServer2$QuotingInputFilter)
2025-04-23 15:45:48,911 [main] INFO  http.HttpServer2 (HttpServer2.java:addFilter(1017)) - Added filter static_user_filter (class=org.apache.hadoop.http.lib.StaticUserWebFilter$StaticUserFilter) to context ozoneManager
2025-04-23 15:45:48,911 [main] INFO  http.HttpServer2 (HttpServer2.java:addFilter(1025)) - Added filter static_user_filter (class=org.apache.hadoop.http.lib.StaticUserWebFilter$StaticUserFilter) to context logs
2025-04-23 15:45:48,911 [main] INFO  http.HttpServer2 (HttpServer2.java:addFilter(1025)) - Added filter static_user_filter (class=org.apache.hadoop.http.lib.StaticUserWebFilter$StaticUserFilter) to context static
2025-04-23 15:45:48,912 [main] INFO  http.BaseHttpServer (BaseHttpServer.java:<init>(195)) - HTTP server of ozoneManager uses base directory /home/runner/work/ozone/ozone/hadoop-ozone/integration-test/target/test-dir/MiniOzoneClusterImpl-5cf50c17-c591-473f-a8c4-88d8665d28d7/omNode-3/webserver
2025-04-23 15:45:48,912 [main] INFO  http.HttpServer2 (HttpServer2.java:bindListener(1241)) - Jetty bound to port 15015
2025-04-23 15:45:48,912 [main] INFO  server.Server (Server.java:doStart(375)) - jetty-9.4.57.v20241219; built: 2025-01-08T21:24:30.412Z; git: df524e6b29271c2e09ba9aea83c18dc9db464a31; jvm 21.0.7+6-LTS
2025-04-23 15:45:48,913 [main] INFO  server.session (DefaultSessionIdManager.java:doStart(334)) - DefaultSessionIdManager workerName=node0
2025-04-23 15:45:48,913 [main] INFO  server.session (DefaultSessionIdManager.java:doStart(339)) - No SessionScavenger set, using defaults
2025-04-23 15:45:48,914 [main] INFO  server.session (HouseKeeper.java:startScavenging(132)) - node0 Scavenging every 600000ms
2025-04-23 15:45:48,914 [main] INFO  handler.ContextHandler (ContextHandler.java:doStart(921)) - Started o.e.j.s.ServletContextHandler@af4c5e7{logs,/logs,file:///home/runner/work/ozone/ozone/hadoop-ozone/integration-test/target/log,AVAILABLE}
2025-04-23 15:45:48,914 [main] INFO  handler.ContextHandler (ContextHandler.java:doStart(921)) - Started o.e.j.s.ServletContextHandler@67104f09{static,/static,file:///home/runner/work/ozone/ozone/hadoop-ozone/integration-test/target/test-classes/webapps/static,AVAILABLE}
2025-04-23 15:45:48,918 [main] INFO  handler.ContextHandler (ContextHandler.java:doStart(921)) - Started o.e.j.w.WebAppContext@7d7717b4{ozoneManager,/,file:///home/runner/work/ozone/ozone/hadoop-ozone/integration-test/target/test-classes/webapps/ozoneManager/,AVAILABLE}{file:/home/runner/work/ozone/ozone/hadoop-ozone/integration-test/target/test-classes/webapps/ozoneManager}
2025-04-23 15:45:48,918 [main] INFO  server.AbstractConnector (AbstractConnector.java:doStart(333)) - Started ServerConnector@3e1da398{HTTP/1.1, (http/1.1)}{0.0.0.0:15015}
2025-04-23 15:45:48,919 [main] INFO  server.Server (Server.java:doStart(415)) - Started @83900ms
2025-04-23 15:45:48,919 [main] WARN  impl.MetricsSystemImpl (MetricsSystemImpl.java:register(279)) - Sink prometheus already exists!
2025-04-23 15:45:48,919 [main] INFO  http.BaseHttpServer (BaseHttpServer.java:updateConnectorAddress(360)) - HTTP server of ozoneManager listening at http://0.0.0.0:15015
2025-04-23 15:45:48,919 [IPC Server Responder] INFO  ipc.Server (Server.java:run(1713)) - IPC Server Responder: starting
2025-04-23 15:45:48,920 [IPC Server listener on 15014] INFO  ipc.Server (Server.java:run(1553)) - IPC Server listener on 15014: starting
2025-04-23 15:45:48,921 [main] INFO  om.OzoneManager (OzoneManager.java:startTrashEmptier(2257)) - Trash Interval set to 0. Files deleted won't move to trash
2025-04-23 15:45:48,922 [main] INFO  om.OzoneManager (OzoneManager.java:restart(1878)) - OzoneManager RPC server is listening at localhost/127.0.0.1:15006
2025-04-23 15:45:48,922 [main] INFO  impl.MetricsSystemImpl (MetricsSystemImpl.java:init(158)) - OzoneManager metrics system started (again)
2025-04-23 15:45:48,933 [main] WARN  server.ServerUtils (ServerUtils.java:getDBPath(297)) - ozone.om.db.dirs is not configured. We recommend adding this setting. Falling back to ozone.metadata.dirs instead.
2025-04-23 15:45:48,975 [main] INFO  om.OzoneManager (OzoneManager.java:instantiateServices(933)) - S3 Multi-Tenancy is disabled
2025-04-23 15:45:48,975 [main] INFO  om.OmSnapshotManager (OmSnapshotManager.java:<init>(180)) - Ozone filesystem snapshot feature is enabled.
2025-04-23 15:45:48,975 [main] WARN  server.ServerUtils (ServerUtils.java:getDBPath(297)) - ozone.om.snapshot.diff.db.dir is not configured. We recommend adding this setting. Falling back to ozone.metadata.dirs instead.
2025-04-23 15:45:48,989 [main] WARN  dropwizard3.Dm3MetricRegistriesImpl (Dm3MetricRegistriesImpl.java:addReporterRegistration(114)) - New reporters are added after registries were created. Some metrics will be missing from the reporter. Please add reporter before adding any new registry.
2025-04-23 15:45:48,989 [main] WARN  dropwizard3.Dm3MetricRegistriesImpl (Dm3MetricRegistriesImpl.java:addReporterRegistration(114)) - New reporters are added after registries were created. Some metrics will be missing from the reporter. Please add reporter before adding any new registry.
2025-04-23 15:45:48,990 [main] WARN  server.ServerUtils (ServerUtils.java:getDefaultRatisDirectory(309)) - Storage directory for Ratis is not configured. It is a good idea to map this to an SSD disk. Falling back to ozone.metadata.dirs
2025-04-23 15:45:48,990 [main] INFO  server.RaftServerConfigKeys (ConfUtils.java:logGet(46)) - raft.server.log.appender.buffer.byte-limit = 4194304 (custom)
2025-04-23 15:45:48,991 [main] INFO  ratis.OzoneManagerRatisServer (OzoneManagerRatisServer.java:<init>(167)) - Instantiating OM Ratis server with groupID: om-service-test1 and peers: localhost:15009, localhost:15017, localhost:15013
2025-04-23 15:45:48,991 [main] INFO  ratis.OzoneManagerStateMachine (OzoneManagerStateMachine.java:loadSnapshotInfoFromDB(611)) - LastAppliedIndex is set from TransactionInfo from OM DB as (t:7, i:76)
2025-04-23 15:45:48,991 [main] INFO  server.RaftServer (ConfUtils.java:logGet(46)) - raft.rpc.type = GRPC (default)
2025-04-23 15:45:48,991 [main] INFO  grpc.GrpcConfigKeys (ConfUtils.java:logFallback(53)) - raft.grpc.admin.host = null (fallback to raft.grpc.server.host)
2025-04-23 15:45:48,992 [main] INFO  grpc.GrpcConfigKeys (ConfUtils.java:logFallback(53)) - raft.grpc.admin.port = 15009 (fallback to raft.grpc.server.port)
2025-04-23 15:45:48,992 [main] INFO  grpc.GrpcConfigKeys (ConfUtils.java:logFallback(53)) - raft.grpc.client.host = null (fallback to raft.grpc.server.host)
2025-04-23 15:45:48,992 [main] INFO  grpc.GrpcConfigKeys (ConfUtils.java:logFallback(53)) - raft.grpc.client.port = 15009 (fallback to raft.grpc.server.port)
2025-04-23 15:45:48,992 [main] INFO  grpc.GrpcConfigKeys (ConfUtils.java:logGet(46)) - raft.grpc.server.host = null (default)
2025-04-23 15:45:48,992 [main] INFO  grpc.GrpcConfigKeys (ConfUtils.java:logGet(46)) - raft.grpc.server.port = 15009 (custom)
2025-04-23 15:45:48,992 [main] INFO  server.GrpcService (ConfUtils.java:logGet(46)) - raft.grpc.message.size.max = 5242880 (custom)
2025-04-23 15:45:48,992 [main] INFO  server.GrpcService (ConfUtils.java:logGet(46)) - raft.grpc.flow.control.window = 1MB (=1048576) (default)
2025-04-23 15:45:48,992 [main] INFO  server.RaftServerConfigKeys (ConfUtils.java:logGet(46)) - raft.server.rpc.request.timeout = 3000ms (default)
2025-04-23 15:45:48,992 [main] INFO  grpc.GrpcConfigKeys (ConfUtils.java:logGet(46)) - raft.grpc.server.heartbeat.channel = true (default)
2025-04-23 15:45:48,992 [main] INFO  server.RaftServerConfigKeys (ConfUtils.java:logGet(46)) - raft.server.log.appender.buffer.byte-limit = 4194304 (custom)
2025-04-23 15:45:48,992 [main] INFO  grpc.GrpcConfigKeys (ConfUtils.java:logGet(46)) - raft.grpc.server.async.request.thread.pool.cached = true (default)
2025-04-23 15:45:48,992 [main] INFO  grpc.GrpcConfigKeys (ConfUtils.java:logGet(46)) - raft.grpc.server.async.request.thread.pool.size = 32 (default)
2025-04-23 15:45:48,993 [main] INFO  impl.DataStreamServerImpl (ConfUtils.java:logGet(46)) - raft.datastream.type = DISABLED (default)
2025-04-23 15:45:48,993 [main] INFO  server.RaftServerConfigKeys (ConfUtils.java:logGet(46)) - raft.server.sleep.deviation.threshold = 300ms (default)
2025-04-23 15:45:48,993 [main] INFO  server.RaftServerConfigKeys (ConfUtils.java:logGet(46)) - raft.server.close.threshold = 60s (default)
2025-04-23 15:45:48,993 [main] INFO  server.RaftServerConfigKeys (ConfUtils.java:logGet(46)) - raft.server.leaderelection.leader.step-down.wait-time = 10s (default)
2025-04-23 15:45:48,993 [main] INFO  server.RaftServerConfigKeys (ConfUtils.java:logGet(46)) - raft.server.storage.dir = [/home/runner/work/ozone/ozone/hadoop-ozone/integration-test/target/test-dir/MiniOzoneClusterImpl-5cf50c17-c591-473f-a8c4-88d8665d28d7/omNode-1/ratis] (custom)
2025-04-23 15:45:48,993 [main] INFO  server.RaftServerConfigKeys (ConfUtils.java:logGet(46)) - raft.server.threadpool.proxy.cached = true (default)
2025-04-23 15:45:48,994 [main] INFO  server.RaftServerConfigKeys (ConfUtils.java:logGet(46)) - raft.server.threadpool.proxy.size = 0 (default)
2025-04-23 15:45:48,994 [omNode-1-impl-thread1] INFO  server.RaftServer (RaftServerProxy.java:initGroupDir(265)) - omNode-1: found a subdirectory /home/runner/work/ozone/ozone/hadoop-ozone/integration-test/target/test-dir/MiniOzoneClusterImpl-5cf50c17-c591-473f-a8c4-88d8665d28d7/omNode-1/ratis/c9bc4cf4-3bc3-3c60-a66b-523986131536
2025-04-23 15:45:48,994 [main] INFO  server.RaftServer (RaftServerProxy.java:addNew(100)) - omNode-1: addNew group-523986131536:[omNode-3|localhost:15017, omNode-1|localhost:15009, omNode-2|localhost:15013] returns group-523986131536:java.util.concurrent.CompletableFuture@9a21291[Not completed]
2025-04-23 15:45:48,994 [omNode-1-groupManagement] INFO  server.RaftServer$Division (RaftServerImpl.java:<init>(255)) - omNode-1: new RaftServerImpl for group-523986131536:[omNode-3|localhost:15017, omNode-1|localhost:15009, omNode-2|localhost:15013] with OzoneManagerStateMachine:uninitialized
2025-04-23 15:45:48,994 [main] INFO  om.OzoneManager (OzoneManager.java:initializeRatisServer(2303)) - OzoneManager Ratis server initialized at port 15009
2025-04-23 15:45:48,994 [main] INFO  ratis.OzoneManagerRatisServer (OzoneManagerRatisServer.java:start(628)) - Starting OzoneManagerRatisServer omNode-1 at port 15009
2025-04-23 15:45:48,994 [omNode-1-groupManagement] INFO  server.RaftServerConfigKeys (ConfUtils.java:logGet(46)) - raft.server.rpc.timeout.min = 1s (custom)
2025-04-23 15:45:48,995 [omNode-1-groupManagement] INFO  server.RaftServerConfigKeys (ConfUtils.java:logGet(46)) - raft.server.rpc.timeout.max = 1200ms (custom)
2025-04-23 15:45:48,995 [omNode-1-groupManagement] INFO  server.RaftServerConfigKeys (ConfUtils.java:logGet(46)) - raft.server.rpc.sleep.time = 25ms (default)
2025-04-23 15:45:48,995 [omNode-1-groupManagement] INFO  server.RaftServerConfigKeys (ConfUtils.java:logGet(46)) - raft.server.rpc.slowness.timeout = 2s (custom)
2025-04-23 15:45:48,995 [omNode-1-groupManagement] INFO  server.RaftServerConfigKeys (ConfUtils.java:logGet(46)) - raft.server.leaderelection.leader.step-down.wait-time = 10s (default)
2025-04-23 15:45:48,995 [omNode-1-groupManagement] INFO  server.RaftServerConfigKeys (ConfUtils.java:logGet(46)) - raft.server.leaderelection.member.majority-add = false (default)
2025-04-23 15:45:48,995 [omNode-1-groupManagement] INFO  server.RaftServerConfigKeys (ConfUtils.java:logGet(46)) - raft.server.sleep.deviation.threshold = 300ms (default)
2025-04-23 15:45:48,995 [omNode-1-groupManagement] INFO  server.RaftServer$Division (ServerState.java:<init>(114)) - omNode-1@group-523986131536: ConfigurationManager, init=conf: {index: -1, cur=peers:[omNode-3|localhost:15017, omNode-1|localhost:15009, omNode-2|localhost:15013]|listeners:[], old=null}, confs=<EMPTY_MAP>
2025-04-23 15:45:48,995 [omNode-1-groupManagement] INFO  server.RaftServerConfigKeys (ConfUtils.java:logGet(46)) - raft.server.notification.no-leader.timeout = 2s (custom)
2025-04-23 15:45:48,995 [omNode-1-groupManagement] INFO  server.RaftServerConfigKeys (ConfUtils.java:logGet(46)) - raft.server.read.timeout = 10s (default)
2025-04-23 15:45:48,995 [omNode-1-groupManagement] INFO  server.RaftServerConfigKeys (ConfUtils.java:logGet(46)) - raft.server.retrycache.expirytime = 30000ms (custom)
2025-04-23 15:45:48,995 [omNode-1-groupManagement] INFO  server.RaftServerConfigKeys (ConfUtils.java:logGet(46)) - raft.server.retrycache.statistics.expirytime = 100ms (default)
2025-04-23 15:45:48,995 [omNode-1-groupManagement] INFO  server.RaftServerConfigKeys (ConfUtils.java:logGet(46)) - raft.server.read.option = DEFAULT (default)
2025-04-23 15:45:48,995 [omNode-1-groupManagement] INFO  server.RaftServerConfigKeys (ConfUtils.java:logGet(46)) - raft.server.read.read-after-write-consistent.write-index-cache.expiry-time = 60s (default)
2025-04-23 15:45:48,996 [omNode-1-groupManagement] INFO  server.RaftServerConfigKeys (ConfUtils.java:logGet(46)) - raft.server.rpc.request.timeout = 3000ms (default)
2025-04-23 15:45:48,996 [omNode-1-groupManagement] INFO  server.RaftServerConfigKeys (ConfUtils.java:logGet(46)) - raft.server.log.appender.install.snapshot.enabled = false (custom)
2025-04-23 15:45:48,996 [omNode-1-groupManagement] INFO  server.RaftServerConfigKeys (ConfUtils.java:logGet(46)) - raft.server.threadpool.server.cached = true (default)
2025-04-23 15:45:48,996 [omNode-1-groupManagement] INFO  server.RaftServerConfigKeys (ConfUtils.java:logGet(46)) - raft.server.threadpool.server.size = 0 (default)
2025-04-23 15:45:48,996 [omNode-1-groupManagement] INFO  server.RaftServerConfigKeys (ConfUtils.java:logGet(46)) - raft.server.threadpool.client.cached = true (default)
2025-04-23 15:45:48,996 [omNode-1-groupManagement] INFO  server.RaftServerConfigKeys (ConfUtils.java:logGet(46)) - raft.server.threadpool.client.size = 0 (default)
2025-04-23 15:45:48,997 [omNode-1-impl-thread1] INFO  server.RaftServerConfigKeys (ConfUtils.java:logGet(46)) - raft.server.storage.free-space.min = 0MB (=0) (default)
2025-04-23 15:45:48,997 [omNode-1-impl-thread1] INFO  server.RaftServerConfigKeys (ConfUtils.java:logGet(46)) - raft.server.log.corruption.policy = EXCEPTION (default)
2025-04-23 15:45:48,997 [omNode-1-impl-thread1] INFO  server.RaftServerConfigKeys (ConfUtils.java:logGet(46)) - raft.server.storage.dir = [/home/runner/work/ozone/ozone/hadoop-ozone/integration-test/target/test-dir/MiniOzoneClusterImpl-5cf50c17-c591-473f-a8c4-88d8665d28d7/omNode-1/ratis] (custom)
2025-04-23 15:45:48,998 [omNode-1-impl-thread1] INFO  storage.RaftStorageDirectory (RaftStorageDirectoryImpl.java:tryLock(229)) - Lock on /home/runner/work/ozone/ozone/hadoop-ozone/integration-test/target/test-dir/MiniOzoneClusterImpl-5cf50c17-c591-473f-a8c4-88d8665d28d7/omNode-1/ratis/c9bc4cf4-3bc3-3c60-a66b-523986131536/in_use.lock acquired by nodename 129659@fv-az1337-835
2025-04-23 15:45:48,998 [omNode-1-impl-thread1] INFO  storage.RaftStorage (RaftStorageImpl.java:analyzeAndRecoverStorage(118)) - Read RaftStorageMetadata{term=7, votedFor=omNode-2} from /home/runner/work/ozone/ozone/hadoop-ozone/integration-test/target/test-dir/MiniOzoneClusterImpl-5cf50c17-c591-473f-a8c4-88d8665d28d7/omNode-1/ratis/c9bc4cf4-3bc3-3c60-a66b-523986131536/current/raft-meta
2025-04-23 15:45:48,998 [omNode-1-impl-thread1] INFO  server.RaftServer$Division (ServerState.java:setRaftConf(386)) - omNode-1@group-523986131536: set configuration conf: {index: 73, cur=peers:[omNode-3|localhost:15017, omNode-1|localhost:15009, omNode-2|localhost:15013]|listeners:[], old=null}
2025-04-23 15:45:48,999 [omNode-1-impl-thread1] INFO  ratis.OzoneManagerStateMachine (OzoneManagerStateMachine.java:lambda$0(138)) - omNode-1: initialize group-523986131536 with (t:7, i:76)
2025-04-23 15:45:48,999 [omNode-1-impl-thread1] INFO  server.RaftServerConfigKeys (ConfUtils.java:logGet(46)) - raft.server.log.use.memory = false (default)
2025-04-23 15:45:48,999 [omNode-1-impl-thread1] INFO  server.RaftServerConfigKeys (ConfUtils.java:logGet(46)) - raft.server.log.purge.gap = 50 (custom)
2025-04-23 15:45:48,999 [omNode-1-impl-thread1] INFO  server.RaftServerConfigKeys (ConfUtils.java:logGet(46)) - raft.server.log.appender.buffer.byte-limit = 4194304 (custom)
2025-04-23 15:45:48,999 [omNode-1-impl-thread1] INFO  server.RaftServerConfigKeys (ConfUtils.java:logGet(46)) - raft.server.log.statemachine.data.read.timeout = 1000ms (default)
2025-04-23 15:45:48,999 [omNode-1-impl-thread1] INFO  server.RaftServerConfigKeys (ConfUtils.java:logGet(46)) - raft.server.log.purge.preservation.log.num = 0 (default)
2025-04-23 15:45:49,000 [omNode-1-impl-thread1] INFO  server.RaftServerConfigKeys (ConfUtils.java:logGet(46)) - raft.server.log.segment.size.max = 4194304 (custom)
2025-04-23 15:45:49,000 [omNode-1-impl-thread1] INFO  server.RaftServerConfigKeys (ConfUtils.java:logGet(46)) - raft.server.log.segment.cache.num.max = 2 (custom)
2025-04-23 15:45:49,000 [omNode-1-impl-thread1] INFO  server.RaftServerConfigKeys (ConfUtils.java:logGet(46)) - raft.server.log.segment.cache.size.max = 200MB (=209715200) (default)
2025-04-23 15:45:49,000 [omNode-1-impl-thread1] INFO  server.RaftServerConfigKeys (ConfUtils.java:logGet(46)) - raft.server.log.appender.buffer.byte-limit = 4194304 (custom)
2025-04-23 15:45:49,000 [omNode-1-impl-thread1] INFO  util.AwaitToRun (AwaitToRun.java:start(81)) - Thread[#3354,omNode-1@group-523986131536-cacheEviction-AwaitToRun,5,main] started
2025-04-23 15:45:49,000 [omNode-1-impl-thread1] INFO  segmented.SegmentedRaftLogWorker (SegmentedRaftLogWorker.java:<init>(188)) - new omNode-1@group-523986131536-SegmentedRaftLogWorker for RaftStorageImpl:Storage Directory /home/runner/work/ozone/ozone/hadoop-ozone/integration-test/target/test-dir/MiniOzoneClusterImpl-5cf50c17-c591-473f-a8c4-88d8665d28d7/omNode-1/ratis/c9bc4cf4-3bc3-3c60-a66b-523986131536
2025-04-23 15:45:49,000 [omNode-1-impl-thread1] INFO  server.RaftServerConfigKeys (ConfUtils.java:logGet(46)) - raft.server.log.queue.byte-limit = 64MB (=67108864) (default)
2025-04-23 15:45:49,000 [omNode-1-impl-thread1] INFO  server.RaftServerConfigKeys (ConfUtils.java:logGet(46)) - raft.server.log.queue.element-limit = 4096 (default)
2025-04-23 15:45:49,000 [omNode-1-impl-thread1] INFO  server.RaftServerConfigKeys (ConfUtils.java:logGet(46)) - raft.server.log.segment.size.max = 4194304 (custom)
2025-04-23 15:45:49,001 [omNode-1-impl-thread1] INFO  server.RaftServerConfigKeys (ConfUtils.java:logGet(46)) - raft.server.log.preallocated.size = 4194304 (custom)
2025-04-23 15:45:49,001 [omNode-1-impl-thread1] INFO  server.RaftServerConfigKeys (ConfUtils.java:logGet(46)) - raft.server.log.force.sync.num = 128 (default)
2025-04-23 15:45:49,001 [omNode-1-impl-thread1] INFO  server.RaftServerConfigKeys (ConfUtils.java:logGet(46)) - raft.server.log.statemachine.data.sync = true (default)
2025-04-23 15:45:49,001 [omNode-1-impl-thread1] INFO  server.RaftServerConfigKeys (ConfUtils.java:logGet(46)) - raft.server.log.statemachine.data.sync.timeout = 10s (default)
2025-04-23 15:45:49,001 [omNode-1-impl-thread1] INFO  server.RaftServerConfigKeys (ConfUtils.java:logGet(46)) - raft.server.log.statemachine.data.sync.timeout.retry = -1 (default)
2025-04-23 15:45:49,001 [omNode-1-impl-thread1] INFO  server.RaftServerConfigKeys (ConfUtils.java:logGet(46)) - raft.server.log.write.buffer.size = 4194312 (custom)
2025-04-23 15:45:49,001 [omNode-1-impl-thread1] INFO  server.RaftServerConfigKeys (ConfUtils.java:logGet(46)) - raft.server.log.appender.buffer.byte-limit = 4194304 (custom)
2025-04-23 15:45:49,001 [omNode-1-impl-thread1] INFO  server.RaftServerConfigKeys (ConfUtils.java:logGet(46)) - raft.server.log.unsafe-flush.enabled = false (default)
2025-04-23 15:45:49,001 [omNode-1-impl-thread1] INFO  server.RaftServerConfigKeys (ConfUtils.java:logGet(46)) - raft.server.log.async-flush.enabled = false (default)
2025-04-23 15:45:49,001 [omNode-1-impl-thread1] INFO  server.RaftServerConfigKeys (ConfUtils.java:logGet(46)) - raft.server.log.statemachine.data.caching.enabled = false (default)
2025-04-23 15:45:49,002 [omNode-1-impl-thread1] INFO  server.RaftServer$Division (ServerState.java:setRaftConf(386)) - omNode-1@group-523986131536: set configuration conf: {index: 35, cur=peers:[omNode-3|localhost:15017, omNode-1|localhost:15009, omNode-2|localhost:15013]|listeners:[], old=null}
2025-04-23 15:45:49,003 [omNode-1-impl-thread1] INFO  segmented.LogSegment (LogSegment.java:loadSegment(171)) - Successfully read 34 entries from segment file /home/runner/work/ozone/ozone/hadoop-ozone/integration-test/target/test-dir/MiniOzoneClusterImpl-5cf50c17-c591-473f-a8c4-88d8665d28d7/omNode-1/ratis/c9bc4cf4-3bc3-3c60-a66b-523986131536/current/log_35-68
2025-04-23 15:45:49,003 [omNode-1-impl-thread1] INFO  server.RaftServer$Division (ServerState.java:setRaftConf(386)) - omNode-1@group-523986131536: set configuration conf: {index: 69, cur=peers:[omNode-3|localhost:15017, omNode-1|localhost:15009, omNode-2|localhost:15013]|listeners:[], old=null}
2025-04-23 15:45:49,003 [omNode-1-impl-thread1] INFO  segmented.LogSegment (LogSegment.java:loadSegment(171)) - Successfully read 4 entries from segment file /home/runner/work/ozone/ozone/hadoop-ozone/integration-test/target/test-dir/MiniOzoneClusterImpl-5cf50c17-c591-473f-a8c4-88d8665d28d7/omNode-1/ratis/c9bc4cf4-3bc3-3c60-a66b-523986131536/current/log_69-72
2025-04-23 15:45:49,003 [omNode-1-impl-thread1] INFO  server.RaftServer$Division (ServerState.java:setRaftConf(386)) - omNode-1@group-523986131536: set configuration conf: {index: 73, cur=peers:[omNode-3|localhost:15017, omNode-1|localhost:15009, omNode-2|localhost:15013]|listeners:[], old=null}
2025-04-23 15:45:49,003 [omNode-1-impl-thread1] INFO  segmented.LogSegment (LogSegment.java:loadSegment(171)) - Successfully read 4 entries from segment file /home/runner/work/ozone/ozone/hadoop-ozone/integration-test/target/test-dir/MiniOzoneClusterImpl-5cf50c17-c591-473f-a8c4-88d8665d28d7/omNode-1/ratis/c9bc4cf4-3bc3-3c60-a66b-523986131536/current/log_inprogress_73
2025-04-23 15:45:49,003 [omNode-1-impl-thread1] INFO  segmented.SegmentedRaftLogWorker (SegmentedRaftLogWorker.java:lambda$new$0(139)) - omNode-1@group-523986131536-SegmentedRaftLogWorker: flushIndex: setUnconditionally 0 -> 76
2025-04-23 15:45:49,003 [omNode-1-impl-thread1] INFO  segmented.SegmentedRaftLogWorker (SegmentedRaftLogWorker.java:lambda$new$0(139)) - omNode-1@group-523986131536-SegmentedRaftLogWorker: safeCacheEvictIndex: setUnconditionally 0 -> 72
2025-04-23 15:45:49,004 [omNode-1-impl-thread1] INFO  segmented.BufferedWriteChannel (BufferedWriteChannel.java:open(61)) - open log_inprogress_73 (append) at position 318
2025-04-23 15:45:49,004 [omNode-1-impl-thread1] INFO  raftlog.RaftLog (RaftLogBase.java:lambda$new$0(54)) - omNode-1@group-523986131536-SegmentedRaftLog: purgeIndex: updateToMax old=-1, new=34, updated? true
2025-04-23 15:45:49,004 [omNode-1-impl-thread1] INFO  server.RaftServer$Division (RaftServerImpl.java:start(391)) - omNode-1@group-523986131536: start as a follower, conf=conf: {index: 73, cur=peers:[omNode-3|localhost:15017, omNode-1|localhost:15009, omNode-2|localhost:15013]|listeners:[], old=null}
2025-04-23 15:45:49,004 [omNode-1-impl-thread1] INFO  server.RaftServer$Division (RaftServerImpl.java:setRole(378)) - omNode-1@group-523986131536: changes role from      null to FOLLOWER at term 7 for startAsFollower
2025-04-23 15:45:49,004 [omNode-1-impl-thread1] INFO  impl.RoleInfo (RoleInfo.java:updateAndGet(148)) - omNode-1: start omNode-1@group-523986131536-FollowerState
2025-04-23 15:45:49,004 [omNode-1-impl-thread1] INFO  util.JmxRegister (JmxRegister.java:tryRegister(44)) - Successfully registered JMX Bean with object name Ratis:service=RaftServer,group=group-523986131536,id=omNode-1
2025-04-23 15:45:49,004 [omNode-1-impl-thread1] INFO  util.JmxRegister (JmxRegister.java:register(58)) - register mxBean class org.apache.ratis.server.impl.RaftServerJmxAdapter as Ratis:service=RaftServer,group=group-523986131536,id=omNode-1
2025-04-23 15:45:49,004 [omNode-1-impl-thread1] INFO  server.RaftServerConfigKeys (ConfUtils.java:logGet(46)) - raft.server.snapshot.trigger-when-stop.enabled = true (default)
2025-04-23 15:45:49,004 [omNode-1-impl-thread1] INFO  server.RaftServerConfigKeys (ConfUtils.java:logGet(46)) - raft.server.snapshot.trigger-when-remove.enabled = true (default)
2025-04-23 15:45:49,005 [omNode-1-impl-thread1] INFO  server.RaftServerConfigKeys (ConfUtils.java:logGet(46)) - raft.server.snapshot.auto.trigger.enabled = true (custom)
2025-04-23 15:45:49,005 [omNode-1-impl-thread1] INFO  server.RaftServerConfigKeys (ConfUtils.java:logGet(46)) - raft.server.snapshot.auto.trigger.threshold = 50 (custom)
2025-04-23 15:45:49,004 [omNode-1@group-523986131536-FollowerState] INFO  server.RaftServerConfigKeys (ConfUtils.java:logFallback(53)) - raft.server.rpc.first-election.timeout.min = 1s (fallback to raft.server.rpc.timeout.min)
2025-04-23 15:45:49,005 [omNode-1@group-523986131536-FollowerState] INFO  server.RaftServerConfigKeys (ConfUtils.java:logFallback(53)) - raft.server.rpc.first-election.timeout.max = 1200ms (fallback to raft.server.rpc.timeout.max)
2025-04-23 15:45:49,005 [omNode-1-impl-thread1] INFO  server.RaftServerConfigKeys (ConfUtils.java:logGet(46)) - raft.server.snapshot.retention.file.num = -1 (default)
2025-04-23 15:45:49,005 [omNode-1-impl-thread1] INFO  server.RaftServerConfigKeys (ConfUtils.java:logGet(46)) - raft.server.log.purge.upto.snapshot.index = true (custom)
2025-04-23 15:45:49,006 [omNode-1-impl-thread1] INFO  server.RaftServer$Division (RaftServerImpl.java:start(405)) - omNode-1@group-523986131536: Successfully started.
2025-04-23 15:45:49,006 [main] INFO  server.RaftServer (RaftServerProxy.java:startImpl(407)) - omNode-1: start RPC server
2025-04-23 15:45:49,006 [main] INFO  server.GrpcService (GrpcService.java:startImpl(334)) - omNode-1: GrpcService started, listening on 15009
2025-04-23 15:45:49,007 [main] INFO  om.OzoneManager (OzoneManager.java:getRpcServer(1360)) - Creating RPC Server
2025-04-23 15:45:49,007 [JvmPauseMonitor21] INFO  util.JvmPauseMonitor (JvmPauseMonitor.java:run(146)) - JvmPauseMonitor-omNode-1: Started
2025-04-23 15:45:49,360 [main] INFO  reflections.Reflections (Reflections.java:scan(219)) - Reflections took 353 ms to scan 22 urls, producing 61 keys and 7422 values
2025-04-23 15:45:49,361 [main] INFO  ipc.CallQueueManager (CallQueueManager.java:<init>(93)) - Using callQueue: class java.util.concurrent.LinkedBlockingQueue, queueCapacity: 2000, scheduler: class org.apache.hadoop.ipc.DefaultRpcScheduler, ipcBackoff: false, ipcFailOver: false.
2025-04-23 15:45:49,362 [main] INFO  ipc.Server (Server.java:<init>(1438)) - Listener at localhost:15006
2025-04-23 15:45:49,362 [Socket Reader #1 for port 15006] INFO  ipc.Server (Server.java:run(1474)) - Starting Socket Reader #1 for port 15006
2025-04-23 15:45:49,362 [Socket Reader #2 for port 15006] INFO  ipc.Server (Server.java:run(1474)) - Starting Socket Reader #2 for port 15006
2025-04-23 15:45:49,362 [Socket Reader #3 for port 15006] INFO  ipc.Server (Server.java:run(1474)) - Starting Socket Reader #3 for port 15006
2025-04-23 15:45:49,362 [Socket Reader #4 for port 15006] INFO  ipc.Server (Server.java:run(1474)) - Starting Socket Reader #4 for port 15006
2025-04-23 15:45:49,363 [Socket Reader #5 for port 15006] INFO  ipc.Server (Server.java:run(1474)) - Starting Socket Reader #5 for port 15006
2025-04-23 15:45:49,363 [Socket Reader #6 for port 15006] INFO  ipc.Server (Server.java:run(1474)) - Starting Socket Reader #6 for port 15006
2025-04-23 15:45:49,363 [Socket Reader #7 for port 15006] INFO  ipc.Server (Server.java:run(1474)) - Starting Socket Reader #7 for port 15006
2025-04-23 15:45:49,363 [Socket Reader #8 for port 15006] INFO  ipc.Server (Server.java:run(1474)) - Starting Socket Reader #8 for port 15006
2025-04-23 15:45:49,363 [Socket Reader #9 for port 15006] INFO  ipc.Server (Server.java:run(1474)) - Starting Socket Reader #9 for port 15006
2025-04-23 15:45:49,363 [Socket Reader #10 for port 15006] INFO  ipc.Server (Server.java:run(1474)) - Starting Socket Reader #10 for port 15006
2025-04-23 15:45:49,365 [main] INFO  http.BaseHttpServer (BaseHttpServer.java:newHttpServer2BuilderForOzone(229)) - Starting Web-server for ozoneManager at: http://0.0.0.0:15007
2025-04-23 15:45:49,365 [main] INFO  http.BaseHttpServer (BaseHttpServer.java:<init>(107)) - Hadoop Security Enabled: false Ozone Security Enabled: false Ozone HTTP Security Enabled: false 
2025-04-23 15:45:49,366 [main] WARN  server.AuthenticationFilter (AuthenticationFilter.java:constructSecretProvider(240)) - Unable to initialize FileSignerSecretProvider, falling back to use random secrets. Reason: Could not read signature secret file: /home/runner/hadoop-http-auth-signature-secret
2025-04-23 15:45:49,368 [main] INFO  http.HttpServer2 (HttpServer2.java:addGlobalFilter(1041)) - Added global filter 'safety' (class=org.apache.hadoop.hdds.server.http.HttpServer2$QuotingInputFilter)
2025-04-23 15:45:49,368 [main] INFO  http.HttpServer2 (HttpServer2.java:addFilter(1017)) - Added filter static_user_filter (class=org.apache.hadoop.http.lib.StaticUserWebFilter$StaticUserFilter) to context ozoneManager
2025-04-23 15:45:49,368 [main] INFO  http.HttpServer2 (HttpServer2.java:addFilter(1025)) - Added filter static_user_filter (class=org.apache.hadoop.http.lib.StaticUserWebFilter$StaticUserFilter) to context logs
2025-04-23 15:45:49,368 [main] INFO  http.HttpServer2 (HttpServer2.java:addFilter(1025)) - Added filter static_user_filter (class=org.apache.hadoop.http.lib.StaticUserWebFilter$StaticUserFilter) to context static
2025-04-23 15:45:49,369 [main] INFO  http.BaseHttpServer (BaseHttpServer.java:<init>(195)) - HTTP server of ozoneManager uses base directory /home/runner/work/ozone/ozone/hadoop-ozone/integration-test/target/test-dir/MiniOzoneClusterImpl-5cf50c17-c591-473f-a8c4-88d8665d28d7/omNode-1/webserver
2025-04-23 15:45:49,369 [main] INFO  http.HttpServer2 (HttpServer2.java:bindListener(1241)) - Jetty bound to port 15007
2025-04-23 15:45:49,369 [main] INFO  server.Server (Server.java:doStart(375)) - jetty-9.4.57.v20241219; built: 2025-01-08T21:24:30.412Z; git: df524e6b29271c2e09ba9aea83c18dc9db464a31; jvm 21.0.7+6-LTS
2025-04-23 15:45:49,370 [main] INFO  server.session (DefaultSessionIdManager.java:doStart(334)) - DefaultSessionIdManager workerName=node0
2025-04-23 15:45:49,370 [main] INFO  server.session (DefaultSessionIdManager.java:doStart(339)) - No SessionScavenger set, using defaults
2025-04-23 15:45:49,370 [main] INFO  server.session (HouseKeeper.java:startScavenging(132)) - node0 Scavenging every 660000ms
2025-04-23 15:45:49,371 [main] INFO  handler.ContextHandler (ContextHandler.java:doStart(921)) - Started o.e.j.s.ServletContextHandler@19d10355{logs,/logs,file:///home/runner/work/ozone/ozone/hadoop-ozone/integration-test/target/log,AVAILABLE}
2025-04-23 15:45:49,371 [main] INFO  handler.ContextHandler (ContextHandler.java:doStart(921)) - Started o.e.j.s.ServletContextHandler@3a19405{static,/static,file:///home/runner/work/ozone/ozone/hadoop-ozone/integration-test/target/test-classes/webapps/static,AVAILABLE}
2025-04-23 15:45:49,374 [main] INFO  handler.ContextHandler (ContextHandler.java:doStart(921)) - Started o.e.j.w.WebAppContext@4909267f{ozoneManager,/,file:///home/runner/work/ozone/ozone/hadoop-ozone/integration-test/target/test-classes/webapps/ozoneManager/,AVAILABLE}{file:/home/runner/work/ozone/ozone/hadoop-ozone/integration-test/target/test-classes/webapps/ozoneManager}
2025-04-23 15:45:49,375 [main] INFO  server.AbstractConnector (AbstractConnector.java:doStart(333)) - Started ServerConnector@2a9bc127{HTTP/1.1, (http/1.1)}{0.0.0.0:15007}
2025-04-23 15:45:49,375 [main] INFO  server.Server (Server.java:doStart(415)) - Started @84357ms
2025-04-23 15:45:49,375 [main] WARN  impl.MetricsSystemImpl (MetricsSystemImpl.java:register(279)) - Sink prometheus already exists!
2025-04-23 15:45:49,375 [main] INFO  http.BaseHttpServer (BaseHttpServer.java:updateConnectorAddress(360)) - HTTP server of ozoneManager listening at http://0.0.0.0:15007
2025-04-23 15:45:49,376 [IPC Server Responder] INFO  ipc.Server (Server.java:run(1713)) - IPC Server Responder: starting
2025-04-23 15:45:49,376 [IPC Server listener on 15006] INFO  ipc.Server (Server.java:run(1553)) - IPC Server listener on 15006: starting
2025-04-23 15:45:49,379 [main] INFO  om.OzoneManager (OzoneManager.java:startTrashEmptier(2257)) - Trash Interval set to 0. Files deleted won't move to trash
2025-04-23 15:45:49,379 [main] INFO  om.OzoneManager (OzoneManager.java:restart(1878)) - OzoneManager RPC server is listening at localhost/127.0.0.1:15010
2025-04-23 15:45:49,379 [main] INFO  impl.MetricsSystemImpl (MetricsSystemImpl.java:init(158)) - OzoneManager metrics system started (again)
2025-04-23 15:45:49,395 [main] WARN  server.ServerUtils (ServerUtils.java:getDBPath(297)) - ozone.om.db.dirs is not configured. We recommend adding this setting. Falling back to ozone.metadata.dirs instead.
2025-04-23 15:45:49,446 [main] INFO  om.OzoneManager (OzoneManager.java:instantiateServices(933)) - S3 Multi-Tenancy is disabled
2025-04-23 15:45:49,446 [main] INFO  om.OmSnapshotManager (OmSnapshotManager.java:<init>(180)) - Ozone filesystem snapshot feature is enabled.
2025-04-23 15:45:49,446 [main] WARN  server.ServerUtils (ServerUtils.java:getDBPath(297)) - ozone.om.snapshot.diff.db.dir is not configured. We recommend adding this setting. Falling back to ozone.metadata.dirs instead.
2025-04-23 15:45:49,462 [main] WARN  dropwizard3.Dm3MetricRegistriesImpl (Dm3MetricRegistriesImpl.java:addReporterRegistration(114)) - New reporters are added after registries were created. Some metrics will be missing from the reporter. Please add reporter before adding any new registry.
2025-04-23 15:45:49,462 [main] WARN  dropwizard3.Dm3MetricRegistriesImpl (Dm3MetricRegistriesImpl.java:addReporterRegistration(114)) - New reporters are added after registries were created. Some metrics will be missing from the reporter. Please add reporter before adding any new registry.
2025-04-23 15:45:49,462 [main] WARN  server.ServerUtils (ServerUtils.java:getDefaultRatisDirectory(309)) - Storage directory for Ratis is not configured. It is a good idea to map this to an SSD disk. Falling back to ozone.metadata.dirs
2025-04-23 15:45:49,462 [main] INFO  server.RaftServerConfigKeys (ConfUtils.java:logGet(46)) - raft.server.log.appender.buffer.byte-limit = 4194304 (custom)
2025-04-23 15:45:49,463 [main] INFO  ratis.OzoneManagerRatisServer (OzoneManagerRatisServer.java:<init>(167)) - Instantiating OM Ratis server with groupID: om-service-test1 and peers: localhost:15013, localhost:15017, localhost:15009
2025-04-23 15:45:49,464 [main] INFO  ratis.OzoneManagerStateMachine (OzoneManagerStateMachine.java:loadSnapshotInfoFromDB(611)) - LastAppliedIndex is set from TransactionInfo from OM DB as (t:7, i:76)
2025-04-23 15:45:49,464 [main] INFO  server.RaftServer (ConfUtils.java:logGet(46)) - raft.rpc.type = GRPC (default)
2025-04-23 15:45:49,464 [main] INFO  grpc.GrpcConfigKeys (ConfUtils.java:logFallback(53)) - raft.grpc.admin.host = null (fallback to raft.grpc.server.host)
2025-04-23 15:45:49,464 [main] INFO  grpc.GrpcConfigKeys (ConfUtils.java:logFallback(53)) - raft.grpc.admin.port = 15013 (fallback to raft.grpc.server.port)
2025-04-23 15:45:49,464 [main] INFO  grpc.GrpcConfigKeys (ConfUtils.java:logFallback(53)) - raft.grpc.client.host = null (fallback to raft.grpc.server.host)
2025-04-23 15:45:49,464 [main] INFO  grpc.GrpcConfigKeys (ConfUtils.java:logFallback(53)) - raft.grpc.client.port = 15013 (fallback to raft.grpc.server.port)
2025-04-23 15:45:49,465 [main] INFO  grpc.GrpcConfigKeys (ConfUtils.java:logGet(46)) - raft.grpc.server.host = null (default)
2025-04-23 15:45:49,465 [main] INFO  grpc.GrpcConfigKeys (ConfUtils.java:logGet(46)) - raft.grpc.server.port = 15013 (custom)
2025-04-23 15:45:49,465 [main] INFO  server.GrpcService (ConfUtils.java:logGet(46)) - raft.grpc.message.size.max = 5242880 (custom)
2025-04-23 15:45:49,465 [main] INFO  server.GrpcService (ConfUtils.java:logGet(46)) - raft.grpc.flow.control.window = 1MB (=1048576) (default)
2025-04-23 15:45:49,465 [main] INFO  server.RaftServerConfigKeys (ConfUtils.java:logGet(46)) - raft.server.rpc.request.timeout = 3000ms (default)
2025-04-23 15:45:49,465 [main] INFO  grpc.GrpcConfigKeys (ConfUtils.java:logGet(46)) - raft.grpc.server.heartbeat.channel = true (default)
2025-04-23 15:45:49,465 [main] INFO  server.RaftServerConfigKeys (ConfUtils.java:logGet(46)) - raft.server.log.appender.buffer.byte-limit = 4194304 (custom)
2025-04-23 15:45:49,465 [main] INFO  grpc.GrpcConfigKeys (ConfUtils.java:logGet(46)) - raft.grpc.server.async.request.thread.pool.cached = true (default)
2025-04-23 15:45:49,465 [main] INFO  grpc.GrpcConfigKeys (ConfUtils.java:logGet(46)) - raft.grpc.server.async.request.thread.pool.size = 32 (default)
2025-04-23 15:45:49,466 [main] INFO  impl.DataStreamServerImpl (ConfUtils.java:logGet(46)) - raft.datastream.type = DISABLED (default)
2025-04-23 15:45:49,466 [main] INFO  server.RaftServerConfigKeys (ConfUtils.java:logGet(46)) - raft.server.sleep.deviation.threshold = 300ms (default)
2025-04-23 15:45:49,466 [main] INFO  server.RaftServerConfigKeys (ConfUtils.java:logGet(46)) - raft.server.close.threshold = 60s (default)
2025-04-23 15:45:49,467 [main] INFO  server.RaftServerConfigKeys (ConfUtils.java:logGet(46)) - raft.server.leaderelection.leader.step-down.wait-time = 10s (default)
2025-04-23 15:45:49,467 [timer7] WARN  server.GrpcLogAppender (GrpcLogAppender.java:lambda$resetClient$1(221)) - omNode-2@group-523986131536->omNode-3-GrpcLogAppender: Follower failed (request=null, errorCount=32); keep nextIndex (77) unchanged and retry. (Repeated 6 times in the last 5.000s)
2025-04-23 15:45:49,467 [main] INFO  server.RaftServerConfigKeys (ConfUtils.java:logGet(46)) - raft.server.storage.dir = [/home/runner/work/ozone/ozone/hadoop-ozone/integration-test/target/test-dir/MiniOzoneClusterImpl-5cf50c17-c591-473f-a8c4-88d8665d28d7/omNode-2/ratis] (custom)
2025-04-23 15:45:49,467 [main] INFO  server.RaftServerConfigKeys (ConfUtils.java:logGet(46)) - raft.server.threadpool.proxy.cached = true (default)
2025-04-23 15:45:49,467 [main] INFO  server.RaftServerConfigKeys (ConfUtils.java:logGet(46)) - raft.server.threadpool.proxy.size = 0 (default)
2025-04-23 15:45:49,467 [omNode-2-impl-thread1] INFO  server.RaftServer (RaftServerProxy.java:initGroupDir(265)) - omNode-2: found a subdirectory /home/runner/work/ozone/ozone/hadoop-ozone/integration-test/target/test-dir/MiniOzoneClusterImpl-5cf50c17-c591-473f-a8c4-88d8665d28d7/omNode-2/ratis/c9bc4cf4-3bc3-3c60-a66b-523986131536
2025-04-23 15:45:49,468 [main] INFO  server.RaftServer (RaftServerProxy.java:addNew(100)) - omNode-2: addNew group-523986131536:[omNode-3|localhost:15017, omNode-1|localhost:15009, omNode-2|localhost:15013] returns group-523986131536:java.util.concurrent.CompletableFuture@413996f4[Not completed]
2025-04-23 15:45:49,468 [main] INFO  om.OzoneManager (OzoneManager.java:initializeRatisServer(2303)) - OzoneManager Ratis server initialized at port 15013
2025-04-23 15:45:49,468 [main] INFO  ratis.OzoneManagerRatisServer (OzoneManagerRatisServer.java:start(628)) - Starting OzoneManagerRatisServer omNode-2 at port 15013
2025-04-23 15:45:49,468 [omNode-2-groupManagement] INFO  server.RaftServer$Division (RaftServerImpl.java:<init>(255)) - omNode-2: new RaftServerImpl for group-523986131536:[omNode-3|localhost:15017, omNode-1|localhost:15009, omNode-2|localhost:15013] with OzoneManagerStateMachine:uninitialized
2025-04-23 15:45:49,468 [omNode-2-groupManagement] INFO  server.RaftServerConfigKeys (ConfUtils.java:logGet(46)) - raft.server.rpc.timeout.min = 1s (custom)
2025-04-23 15:45:49,468 [omNode-2-groupManagement] INFO  server.RaftServerConfigKeys (ConfUtils.java:logGet(46)) - raft.server.rpc.timeout.max = 1200ms (custom)
2025-04-23 15:45:49,468 [omNode-2-groupManagement] INFO  server.RaftServerConfigKeys (ConfUtils.java:logGet(46)) - raft.server.rpc.sleep.time = 25ms (default)
2025-04-23 15:45:49,468 [omNode-2-groupManagement] INFO  server.RaftServerConfigKeys (ConfUtils.java:logGet(46)) - raft.server.rpc.slowness.timeout = 2s (custom)
2025-04-23 15:45:49,468 [omNode-2-groupManagement] INFO  server.RaftServerConfigKeys (ConfUtils.java:logGet(46)) - raft.server.leaderelection.leader.step-down.wait-time = 10s (default)
2025-04-23 15:45:49,468 [omNode-2-groupManagement] INFO  server.RaftServerConfigKeys (ConfUtils.java:logGet(46)) - raft.server.leaderelection.member.majority-add = false (default)
2025-04-23 15:45:49,468 [omNode-2-groupManagement] INFO  server.RaftServerConfigKeys (ConfUtils.java:logGet(46)) - raft.server.sleep.deviation.threshold = 300ms (default)
2025-04-23 15:45:49,468 [omNode-2-groupManagement] INFO  server.RaftServer$Division (ServerState.java:<init>(114)) - omNode-2@group-523986131536: ConfigurationManager, init=conf: {index: -1, cur=peers:[omNode-3|localhost:15017, omNode-1|localhost:15009, omNode-2|localhost:15013]|listeners:[], old=null}, confs=<EMPTY_MAP>
2025-04-23 15:45:49,468 [omNode-2-groupManagement] INFO  server.RaftServerConfigKeys (ConfUtils.java:logGet(46)) - raft.server.notification.no-leader.timeout = 2s (custom)
2025-04-23 15:45:49,468 [omNode-2-groupManagement] INFO  server.RaftServerConfigKeys (ConfUtils.java:logGet(46)) - raft.server.read.timeout = 10s (default)
2025-04-23 15:45:49,469 [omNode-2-groupManagement] INFO  server.RaftServerConfigKeys (ConfUtils.java:logGet(46)) - raft.server.retrycache.expirytime = 30000ms (custom)
2025-04-23 15:45:49,469 [omNode-2-groupManagement] INFO  server.RaftServerConfigKeys (ConfUtils.java:logGet(46)) - raft.server.retrycache.statistics.expirytime = 100ms (default)
2025-04-23 15:45:49,469 [omNode-2-groupManagement] INFO  server.RaftServerConfigKeys (ConfUtils.java:logGet(46)) - raft.server.read.option = DEFAULT (default)
2025-04-23 15:45:49,469 [omNode-2-groupManagement] INFO  server.RaftServerConfigKeys (ConfUtils.java:logGet(46)) - raft.server.read.read-after-write-consistent.write-index-cache.expiry-time = 60s (default)
2025-04-23 15:45:49,470 [omNode-2-groupManagement] INFO  server.RaftServerConfigKeys (ConfUtils.java:logGet(46)) - raft.server.rpc.request.timeout = 3000ms (default)
2025-04-23 15:45:49,470 [omNode-2-groupManagement] INFO  server.RaftServerConfigKeys (ConfUtils.java:logGet(46)) - raft.server.log.appender.install.snapshot.enabled = false (custom)
2025-04-23 15:45:49,470 [omNode-2-groupManagement] INFO  server.RaftServerConfigKeys (ConfUtils.java:logGet(46)) - raft.server.threadpool.server.cached = true (default)
2025-04-23 15:45:49,470 [omNode-2-groupManagement] INFO  server.RaftServerConfigKeys (ConfUtils.java:logGet(46)) - raft.server.threadpool.server.size = 0 (default)
2025-04-23 15:45:49,470 [omNode-2-groupManagement] INFO  server.RaftServerConfigKeys (ConfUtils.java:logGet(46)) - raft.server.threadpool.client.cached = true (default)
2025-04-23 15:45:49,470 [omNode-2-groupManagement] INFO  server.RaftServerConfigKeys (ConfUtils.java:logGet(46)) - raft.server.threadpool.client.size = 0 (default)
2025-04-23 15:45:49,471 [omNode-2-impl-thread1] INFO  server.RaftServerConfigKeys (ConfUtils.java:logGet(46)) - raft.server.storage.free-space.min = 0MB (=0) (default)
2025-04-23 15:45:49,471 [omNode-2-impl-thread1] INFO  server.RaftServerConfigKeys (ConfUtils.java:logGet(46)) - raft.server.log.corruption.policy = EXCEPTION (default)
2025-04-23 15:45:49,471 [omNode-2-impl-thread1] INFO  server.RaftServerConfigKeys (ConfUtils.java:logGet(46)) - raft.server.storage.dir = [/home/runner/work/ozone/ozone/hadoop-ozone/integration-test/target/test-dir/MiniOzoneClusterImpl-5cf50c17-c591-473f-a8c4-88d8665d28d7/omNode-2/ratis] (custom)
2025-04-23 15:45:49,472 [omNode-2-impl-thread1] INFO  storage.RaftStorageDirectory (RaftStorageDirectoryImpl.java:tryLock(229)) - Lock on /home/runner/work/ozone/ozone/hadoop-ozone/integration-test/target/test-dir/MiniOzoneClusterImpl-5cf50c17-c591-473f-a8c4-88d8665d28d7/omNode-2/ratis/c9bc4cf4-3bc3-3c60-a66b-523986131536/in_use.lock acquired by nodename 129659@fv-az1337-835
2025-04-23 15:45:49,472 [omNode-2-impl-thread1] INFO  storage.RaftStorage (RaftStorageImpl.java:analyzeAndRecoverStorage(118)) - Read RaftStorageMetadata{term=7, votedFor=omNode-2} from /home/runner/work/ozone/ozone/hadoop-ozone/integration-test/target/test-dir/MiniOzoneClusterImpl-5cf50c17-c591-473f-a8c4-88d8665d28d7/omNode-2/ratis/c9bc4cf4-3bc3-3c60-a66b-523986131536/current/raft-meta
2025-04-23 15:45:49,472 [omNode-2-impl-thread1] INFO  server.RaftServer$Division (ServerState.java:setRaftConf(386)) - omNode-2@group-523986131536: set configuration conf: {index: 73, cur=peers:[omNode-3|localhost:15017, omNode-1|localhost:15009, omNode-2|localhost:15013]|listeners:[], old=null}
2025-04-23 15:45:49,472 [omNode-2-impl-thread1] INFO  ratis.OzoneManagerStateMachine (OzoneManagerStateMachine.java:lambda$0(138)) - omNode-2: initialize group-523986131536 with (t:7, i:76)
2025-04-23 15:45:49,472 [omNode-2-impl-thread1] INFO  server.RaftServerConfigKeys (ConfUtils.java:logGet(46)) - raft.server.log.use.memory = false (default)
2025-04-23 15:45:49,472 [omNode-2-impl-thread1] INFO  server.RaftServerConfigKeys (ConfUtils.java:logGet(46)) - raft.server.log.purge.gap = 50 (custom)
2025-04-23 15:45:49,472 [omNode-2-impl-thread1] INFO  server.RaftServerConfigKeys (ConfUtils.java:logGet(46)) - raft.server.log.appender.buffer.byte-limit = 4194304 (custom)
2025-04-23 15:45:49,472 [omNode-2-impl-thread1] INFO  server.RaftServerConfigKeys (ConfUtils.java:logGet(46)) - raft.server.log.statemachine.data.read.timeout = 1000ms (default)
2025-04-23 15:45:49,472 [omNode-2-impl-thread1] INFO  server.RaftServerConfigKeys (ConfUtils.java:logGet(46)) - raft.server.log.purge.preservation.log.num = 0 (default)
2025-04-23 15:45:49,473 [omNode-2-impl-thread1] INFO  server.RaftServerConfigKeys (ConfUtils.java:logGet(46)) - raft.server.log.segment.size.max = 4194304 (custom)
2025-04-23 15:45:49,474 [omNode-2-impl-thread1] INFO  server.RaftServerConfigKeys (ConfUtils.java:logGet(46)) - raft.server.log.segment.cache.num.max = 2 (custom)
2025-04-23 15:45:49,474 [omNode-2-impl-thread1] INFO  server.RaftServerConfigKeys (ConfUtils.java:logGet(46)) - raft.server.log.segment.cache.size.max = 200MB (=209715200) (default)
2025-04-23 15:45:49,474 [omNode-2-impl-thread1] INFO  server.RaftServerConfigKeys (ConfUtils.java:logGet(46)) - raft.server.log.appender.buffer.byte-limit = 4194304 (custom)
2025-04-23 15:45:49,474 [omNode-2-impl-thread1] INFO  util.AwaitToRun (AwaitToRun.java:start(81)) - Thread[#3465,omNode-2@group-523986131536-cacheEviction-AwaitToRun,5,main] started
2025-04-23 15:45:49,474 [omNode-2-impl-thread1] INFO  segmented.SegmentedRaftLogWorker (SegmentedRaftLogWorker.java:<init>(188)) - new omNode-2@group-523986131536-SegmentedRaftLogWorker for RaftStorageImpl:Storage Directory /home/runner/work/ozone/ozone/hadoop-ozone/integration-test/target/test-dir/MiniOzoneClusterImpl-5cf50c17-c591-473f-a8c4-88d8665d28d7/omNode-2/ratis/c9bc4cf4-3bc3-3c60-a66b-523986131536
2025-04-23 15:45:49,474 [omNode-2-impl-thread1] INFO  server.RaftServerConfigKeys (ConfUtils.java:logGet(46)) - raft.server.log.queue.byte-limit = 64MB (=67108864) (default)
2025-04-23 15:45:49,474 [omNode-2-impl-thread1] INFO  server.RaftServerConfigKeys (ConfUtils.java:logGet(46)) - raft.server.log.queue.element-limit = 4096 (default)
2025-04-23 15:45:49,474 [omNode-2-impl-thread1] INFO  server.RaftServerConfigKeys (ConfUtils.java:logGet(46)) - raft.server.log.segment.size.max = 4194304 (custom)
2025-04-23 15:45:49,474 [omNode-2-impl-thread1] INFO  server.RaftServerConfigKeys (ConfUtils.java:logGet(46)) - raft.server.log.preallocated.size = 4194304 (custom)
2025-04-23 15:45:49,474 [omNode-2-impl-thread1] INFO  server.RaftServerConfigKeys (ConfUtils.java:logGet(46)) - raft.server.log.force.sync.num = 128 (default)
2025-04-23 15:45:49,474 [omNode-2-impl-thread1] INFO  server.RaftServerConfigKeys (ConfUtils.java:logGet(46)) - raft.server.log.statemachine.data.sync = true (default)
2025-04-23 15:45:49,474 [omNode-2-impl-thread1] INFO  server.RaftServerConfigKeys (ConfUtils.java:logGet(46)) - raft.server.log.statemachine.data.sync.timeout = 10s (default)
2025-04-23 15:45:49,474 [omNode-2-impl-thread1] INFO  server.RaftServerConfigKeys (ConfUtils.java:logGet(46)) - raft.server.log.statemachine.data.sync.timeout.retry = -1 (default)
2025-04-23 15:45:49,474 [omNode-2-impl-thread1] INFO  server.RaftServerConfigKeys (ConfUtils.java:logGet(46)) - raft.server.log.write.buffer.size = 4194312 (custom)
2025-04-23 15:45:49,475 [omNode-2-impl-thread1] INFO  server.RaftServerConfigKeys (ConfUtils.java:logGet(46)) - raft.server.log.appender.buffer.byte-limit = 4194304 (custom)
2025-04-23 15:45:49,475 [omNode-2-impl-thread1] INFO  server.RaftServerConfigKeys (ConfUtils.java:logGet(46)) - raft.server.log.unsafe-flush.enabled = false (default)
2025-04-23 15:45:49,475 [omNode-2-impl-thread1] INFO  server.RaftServerConfigKeys (ConfUtils.java:logGet(46)) - raft.server.log.async-flush.enabled = false (default)
2025-04-23 15:45:49,475 [omNode-2-impl-thread1] INFO  server.RaftServerConfigKeys (ConfUtils.java:logGet(46)) - raft.server.log.statemachine.data.caching.enabled = false (default)
2025-04-23 15:45:49,475 [omNode-2-impl-thread1] INFO  server.RaftServer$Division (ServerState.java:setRaftConf(386)) - omNode-2@group-523986131536: set configuration conf: {index: 35, cur=peers:[omNode-3|localhost:15017, omNode-1|localhost:15009, omNode-2|localhost:15013]|listeners:[], old=null}
2025-04-23 15:45:49,476 [omNode-2-impl-thread1] INFO  segmented.LogSegment (LogSegment.java:loadSegment(171)) - Successfully read 34 entries from segment file /home/runner/work/ozone/ozone/hadoop-ozone/integration-test/target/test-dir/MiniOzoneClusterImpl-5cf50c17-c591-473f-a8c4-88d8665d28d7/omNode-2/ratis/c9bc4cf4-3bc3-3c60-a66b-523986131536/current/log_35-68
2025-04-23 15:45:49,476 [omNode-2-impl-thread1] INFO  server.RaftServer$Division (ServerState.java:setRaftConf(386)) - omNode-2@group-523986131536: set configuration conf: {index: 69, cur=peers:[omNode-3|localhost:15017, omNode-1|localhost:15009, omNode-2|localhost:15013]|listeners:[], old=null}
2025-04-23 15:45:49,476 [omNode-2-impl-thread1] INFO  segmented.LogSegment (LogSegment.java:loadSegment(171)) - Successfully read 4 entries from segment file /home/runner/work/ozone/ozone/hadoop-ozone/integration-test/target/test-dir/MiniOzoneClusterImpl-5cf50c17-c591-473f-a8c4-88d8665d28d7/omNode-2/ratis/c9bc4cf4-3bc3-3c60-a66b-523986131536/current/log_69-72
2025-04-23 15:45:49,477 [omNode-2-impl-thread1] INFO  server.RaftServer$Division (ServerState.java:setRaftConf(386)) - omNode-2@group-523986131536: set configuration conf: {index: 73, cur=peers:[omNode-3|localhost:15017, omNode-1|localhost:15009, omNode-2|localhost:15013]|listeners:[], old=null}
2025-04-23 15:45:49,477 [omNode-2-impl-thread1] INFO  segmented.LogSegment (LogSegment.java:loadSegment(171)) - Successfully read 4 entries from segment file /home/runner/work/ozone/ozone/hadoop-ozone/integration-test/target/test-dir/MiniOzoneClusterImpl-5cf50c17-c591-473f-a8c4-88d8665d28d7/omNode-2/ratis/c9bc4cf4-3bc3-3c60-a66b-523986131536/current/log_inprogress_73
2025-04-23 15:45:49,477 [omNode-2-impl-thread1] INFO  segmented.SegmentedRaftLogWorker (SegmentedRaftLogWorker.java:lambda$new$0(139)) - omNode-2@group-523986131536-SegmentedRaftLogWorker: flushIndex: setUnconditionally 0 -> 76
2025-04-23 15:45:49,477 [omNode-2-impl-thread1] INFO  segmented.SegmentedRaftLogWorker (SegmentedRaftLogWorker.java:lambda$new$0(139)) - omNode-2@group-523986131536-SegmentedRaftLogWorker: safeCacheEvictIndex: setUnconditionally 0 -> 72
2025-04-23 15:45:49,477 [omNode-2-impl-thread1] INFO  segmented.BufferedWriteChannel (BufferedWriteChannel.java:open(61)) - open log_inprogress_73 (append) at position 318
2025-04-23 15:45:49,477 [omNode-2-impl-thread1] INFO  raftlog.RaftLog (RaftLogBase.java:lambda$new$0(54)) - omNode-2@group-523986131536-SegmentedRaftLog: purgeIndex: updateToMax old=-1, new=34, updated? true
2025-04-23 15:45:49,477 [omNode-2-impl-thread1] INFO  server.RaftServer$Division (RaftServerImpl.java:start(391)) - omNode-2@group-523986131536: start as a follower, conf=conf: {index: 73, cur=peers:[omNode-3|localhost:15017, omNode-1|localhost:15009, omNode-2|localhost:15013]|listeners:[], old=null}
2025-04-23 15:45:49,477 [omNode-2-impl-thread1] INFO  server.RaftServer$Division (RaftServerImpl.java:setRole(378)) - omNode-2@group-523986131536: changes role from      null to FOLLOWER at term 7 for startAsFollower
2025-04-23 15:45:49,477 [omNode-2-impl-thread1] INFO  impl.RoleInfo (RoleInfo.java:updateAndGet(148)) - omNode-2: start omNode-2@group-523986131536-FollowerState
2025-04-23 15:45:49,478 [omNode-2-impl-thread1] INFO  util.JmxRegister (JmxRegister.java:tryRegister(44)) - Successfully registered JMX Bean with object name Ratis:service=RaftServer,group=group-523986131536,id=omNode-2
2025-04-23 15:45:49,478 [omNode-2-impl-thread1] INFO  util.JmxRegister (JmxRegister.java:register(58)) - register mxBean class org.apache.ratis.server.impl.RaftServerJmxAdapter as Ratis:service=RaftServer,group=group-523986131536,id=omNode-2
2025-04-23 15:45:49,478 [omNode-2@group-523986131536-FollowerState] INFO  server.RaftServerConfigKeys (ConfUtils.java:logFallback(53)) - raft.server.rpc.first-election.timeout.min = 1s (fallback to raft.server.rpc.timeout.min)
2025-04-23 15:45:49,478 [omNode-2-impl-thread1] INFO  server.RaftServerConfigKeys (ConfUtils.java:logGet(46)) - raft.server.snapshot.trigger-when-stop.enabled = true (default)
2025-04-23 15:45:49,478 [omNode-2-impl-thread1] INFO  server.RaftServerConfigKeys (ConfUtils.java:logGet(46)) - raft.server.snapshot.trigger-when-remove.enabled = true (default)
2025-04-23 15:45:49,478 [omNode-2-impl-thread1] INFO  server.RaftServerConfigKeys (ConfUtils.java:logGet(46)) - raft.server.snapshot.auto.trigger.enabled = true (custom)
2025-04-23 15:45:49,478 [omNode-2@group-523986131536-FollowerState] INFO  server.RaftServerConfigKeys (ConfUtils.java:logFallback(53)) - raft.server.rpc.first-election.timeout.max = 1200ms (fallback to raft.server.rpc.timeout.max)
2025-04-23 15:45:49,478 [omNode-2-impl-thread1] INFO  server.RaftServerConfigKeys (ConfUtils.java:logGet(46)) - raft.server.snapshot.auto.trigger.threshold = 50 (custom)
2025-04-23 15:45:49,478 [omNode-2-impl-thread1] INFO  server.RaftServerConfigKeys (ConfUtils.java:logGet(46)) - raft.server.snapshot.retention.file.num = -1 (default)
2025-04-23 15:45:49,478 [omNode-2-impl-thread1] INFO  server.RaftServerConfigKeys (ConfUtils.java:logGet(46)) - raft.server.log.purge.upto.snapshot.index = true (custom)
2025-04-23 15:45:49,479 [omNode-2-impl-thread1] INFO  server.RaftServer$Division (RaftServerImpl.java:start(405)) - omNode-2@group-523986131536: Successfully started.
2025-04-23 15:45:49,479 [main] INFO  server.RaftServer (RaftServerProxy.java:startImpl(407)) - omNode-2: start RPC server
2025-04-23 15:45:49,479 [main] INFO  server.GrpcService (GrpcService.java:startImpl(334)) - omNode-2: GrpcService started, listening on 15013
2025-04-23 15:45:49,479 [JvmPauseMonitor22] INFO  util.JvmPauseMonitor (JvmPauseMonitor.java:run(146)) - JvmPauseMonitor-omNode-2: Started
2025-04-23 15:45:49,479 [main] INFO  om.OzoneManager (OzoneManager.java:getRpcServer(1360)) - Creating RPC Server
2025-04-23 15:45:49,566 [omNode-3@group-523986131536-FollowerState] INFO  impl.FollowerState (FollowerState.java:runImpl(161)) - omNode-3@group-523986131536-FollowerState: change to CANDIDATE, lastRpcElapsedTime:1006555007ns, electionTimeout:1006ms
2025-04-23 15:45:49,566 [omNode-3@group-523986131536-FollowerState] INFO  impl.RoleInfo (RoleInfo.java:shutdownFollowerState(121)) - omNode-3: shutdown omNode-3@group-523986131536-FollowerState
2025-04-23 15:45:49,566 [omNode-3@group-523986131536-FollowerState] INFO  server.RaftServer$Division (RaftServerImpl.java:setRole(378)) - omNode-3@group-523986131536: changes role from  FOLLOWER to CANDIDATE at term 6 for changeToCandidate
2025-04-23 15:45:49,566 [omNode-3@group-523986131536-FollowerState] INFO  server.RaftServerConfigKeys (ConfUtils.java:logGet(46)) - raft.server.leaderelection.pre-vote = true (default)
2025-04-23 15:45:49,566 [omNode-3@group-523986131536-FollowerState] INFO  impl.RoleInfo (RoleInfo.java:updateAndGet(148)) - omNode-3: start omNode-3@group-523986131536-LeaderElection17
2025-04-23 15:45:49,569 [omNode-3@group-523986131536-LeaderElection17] INFO  impl.LeaderElection (LeaderElection.java:askForVotes(332)) - omNode-3@group-523986131536-LeaderElection17 PRE_VOTE round 0: submit vote requests at term 6 for conf: {index: 69, cur=peers:[omNode-3|localhost:15017, omNode-1|localhost:15009, omNode-2|localhost:15013]|listeners:[], old=null}
2025-04-23 15:45:49,570 [omNode-3@group-523986131536-LeaderElection17-1] INFO  server.GrpcServerProtocolClient (GrpcServerProtocolClient.java:<init>(65)) - Build channel for omNode-1|localhost:15009
2025-04-23 15:45:49,570 [omNode-3@group-523986131536-LeaderElection17] INFO  server.RaftServerConfigKeys (ConfUtils.java:logFallback(53)) - raft.server.rpc.first-election.timeout.min = 1s (fallback to raft.server.rpc.timeout.min)
2025-04-23 15:45:49,570 [omNode-3@group-523986131536-LeaderElection17] INFO  server.RaftServerConfigKeys (ConfUtils.java:logFallback(53)) - raft.server.rpc.first-election.timeout.max = 1200ms (fallback to raft.server.rpc.timeout.max)
2025-04-23 15:45:49,570 [omNode-3@group-523986131536-LeaderElection17-2] INFO  server.GrpcServerProtocolClient (GrpcServerProtocolClient.java:<init>(65)) - Build channel for omNode-2|localhost:15013
2025-04-23 15:45:49,579 [grpc-default-executor-1] INFO  server.RaftServer$Division (RaftServerImpl.java:requestVote(1407)) - omNode-1@group-523986131536: receive requestVote(PRE_VOTE, omNode-3, group-523986131536, 6, (t:6, i:72))
2025-04-23 15:45:49,580 [grpc-default-executor-1] INFO  impl.VoteContext (VoteContext.java:log(49)) - omNode-1@group-523986131536-FOLLOWER: reject PRE_VOTE from omNode-3: our last entry (t:7, i:76) > candidate's last entry (t:6, i:72)
2025-04-23 15:45:49,580 [grpc-default-executor-1] INFO  server.RaftServer$Division (RaftServerImpl.java:requestVote(1441)) - omNode-1@group-523986131536 replies to PRE_VOTE vote request: omNode-3<-omNode-1#0:FAIL-t7. Peer's state: omNode-1@group-523986131536:t7, leader=null, voted=omNode-2, raftlog=Memoized:omNode-1@group-523986131536-SegmentedRaftLog:OPENED:c76:last(t:7, i:76), conf=conf: {index: 73, cur=peers:[omNode-3|localhost:15017, omNode-1|localhost:15009, omNode-2|localhost:15013]|listeners:[], old=null}
2025-04-23 15:45:49,585 [omNode-3@group-523986131536-LeaderElection17] INFO  impl.LeaderElection (LeaderElection.java:logAndReturn(90)) - omNode-3@group-523986131536-LeaderElection17: PRE_VOTE DISCOVERED_A_NEW_TERM (term=7) received 1 response(s) and 0 exception(s):
2025-04-23 15:45:49,585 [omNode-3@group-523986131536-LeaderElection17] INFO  impl.LeaderElection (LeaderElection.java:logAndReturn(94)) -   Response 0: omNode-3<-omNode-1#0:FAIL-t7
2025-04-23 15:45:49,585 [omNode-3@group-523986131536-LeaderElection17] INFO  impl.LeaderElection (LeaderElection.java:askForVotes(334)) - omNode-3@group-523986131536-LeaderElection17 PRE_VOTE round 0: result DISCOVERED_A_NEW_TERM (term=7)
2025-04-23 15:45:49,585 [omNode-3@group-523986131536-LeaderElection17] INFO  server.RaftServer$Division (RaftServerImpl.java:setRole(378)) - omNode-3@group-523986131536: changes role from CANDIDATE to FOLLOWER at term 6 for DISCOVERED_A_NEW_TERM (term=7)
2025-04-23 15:45:49,585 [omNode-3@group-523986131536-LeaderElection17] INFO  impl.RoleInfo (RoleInfo.java:shutdownLeaderElection(141)) - omNode-3: shutdown omNode-3@group-523986131536-LeaderElection17
2025-04-23 15:45:49,586 [omNode-3@group-523986131536-LeaderElection17] INFO  impl.RoleInfo (RoleInfo.java:updateAndGet(148)) - omNode-3: start omNode-3@group-523986131536-FollowerState
2025-04-23 15:45:49,586 [grpc-default-executor-0] INFO  server.RaftServer$Division (RaftServerImpl.java:requestVote(1407)) - omNode-2@group-523986131536: receive requestVote(PRE_VOTE, omNode-3, group-523986131536, 6, (t:6, i:72))
2025-04-23 15:45:49,586 [grpc-default-executor-0] INFO  impl.VoteContext (VoteContext.java:log(49)) - omNode-2@group-523986131536-FOLLOWER: reject PRE_VOTE from omNode-3: our last entry (t:7, i:76) > candidate's last entry (t:6, i:72)
2025-04-23 15:45:49,586 [grpc-default-executor-0] INFO  server.RaftServer$Division (RaftServerImpl.java:requestVote(1441)) - omNode-2@group-523986131536 replies to PRE_VOTE vote request: omNode-3<-omNode-2#0:FAIL-t7. Peer's state: omNode-2@group-523986131536:t7, leader=null, voted=omNode-2, raftlog=Memoized:omNode-2@group-523986131536-SegmentedRaftLog:OPENED:c76:last(t:7, i:76), conf=conf: {index: 73, cur=peers:[omNode-3|localhost:15017, omNode-1|localhost:15009, omNode-2|localhost:15013]|listeners:[], old=null}
2025-04-23 15:45:49,589 [omNode-3@group-523986131536-LeaderElection17] INFO  server.RaftServer$Division (RaftServerImpl.java:setFirstElection(562)) - omNode-3@group-523986131536: set firstElectionSinceStartup to false for DISCOVERED_A_NEW_TERM (term=7)
2025-04-23 15:45:49,837 [main] INFO  reflections.Reflections (Reflections.java:scan(219)) - Reflections took 357 ms to scan 22 urls, producing 61 keys and 7422 values
2025-04-23 15:45:49,838 [main] INFO  ipc.CallQueueManager (CallQueueManager.java:<init>(93)) - Using callQueue: class java.util.concurrent.LinkedBlockingQueue, queueCapacity: 2000, scheduler: class org.apache.hadoop.ipc.DefaultRpcScheduler, ipcBackoff: false, ipcFailOver: false.
2025-04-23 15:45:49,838 [main] INFO  ipc.Server (Server.java:<init>(1438)) - Listener at localhost:15010
2025-04-23 15:45:49,839 [Socket Reader #1 for port 15010] INFO  ipc.Server (Server.java:run(1474)) - Starting Socket Reader #1 for port 15010
2025-04-23 15:45:49,839 [Socket Reader #2 for port 15010] INFO  ipc.Server (Server.java:run(1474)) - Starting Socket Reader #2 for port 15010
2025-04-23 15:45:49,839 [Socket Reader #3 for port 15010] INFO  ipc.Server (Server.java:run(1474)) - Starting Socket Reader #3 for port 15010
2025-04-23 15:45:49,839 [Socket Reader #4 for port 15010] INFO  ipc.Server (Server.java:run(1474)) - Starting Socket Reader #4 for port 15010
2025-04-23 15:45:49,839 [Socket Reader #5 for port 15010] INFO  ipc.Server (Server.java:run(1474)) - Starting Socket Reader #5 for port 15010
2025-04-23 15:45:49,839 [Socket Reader #6 for port 15010] INFO  ipc.Server (Server.java:run(1474)) - Starting Socket Reader #6 for port 15010
2025-04-23 15:45:49,840 [Socket Reader #7 for port 15010] INFO  ipc.Server (Server.java:run(1474)) - Starting Socket Reader #7 for port 15010
2025-04-23 15:45:49,840 [Socket Reader #8 for port 15010] INFO  ipc.Server (Server.java:run(1474)) - Starting Socket Reader #8 for port 15010
2025-04-23 15:45:49,840 [Socket Reader #9 for port 15010] INFO  ipc.Server (Server.java:run(1474)) - Starting Socket Reader #9 for port 15010
2025-04-23 15:45:49,840 [Socket Reader #10 for port 15010] INFO  ipc.Server (Server.java:run(1474)) - Starting Socket Reader #10 for port 15010
2025-04-23 15:45:49,842 [main] INFO  http.BaseHttpServer (BaseHttpServer.java:newHttpServer2BuilderForOzone(229)) - Starting Web-server for ozoneManager at: http://0.0.0.0:15011
2025-04-23 15:45:49,842 [main] INFO  http.BaseHttpServer (BaseHttpServer.java:<init>(107)) - Hadoop Security Enabled: false Ozone Security Enabled: false Ozone HTTP Security Enabled: false 
2025-04-23 15:45:49,843 [main] WARN  server.AuthenticationFilter (AuthenticationFilter.java:constructSecretProvider(240)) - Unable to initialize FileSignerSecretProvider, falling back to use random secrets. Reason: Could not read signature secret file: /home/runner/hadoop-http-auth-signature-secret
2025-04-23 15:45:49,845 [main] INFO  http.HttpServer2 (HttpServer2.java:addGlobalFilter(1041)) - Added global filter 'safety' (class=org.apache.hadoop.hdds.server.http.HttpServer2$QuotingInputFilter)
2025-04-23 15:45:49,845 [main] INFO  http.HttpServer2 (HttpServer2.java:addFilter(1017)) - Added filter static_user_filter (class=org.apache.hadoop.http.lib.StaticUserWebFilter$StaticUserFilter) to context ozoneManager
2025-04-23 15:45:49,845 [main] INFO  http.HttpServer2 (HttpServer2.java:addFilter(1025)) - Added filter static_user_filter (class=org.apache.hadoop.http.lib.StaticUserWebFilter$StaticUserFilter) to context static
2025-04-23 15:45:49,845 [main] INFO  http.HttpServer2 (HttpServer2.java:addFilter(1025)) - Added filter static_user_filter (class=org.apache.hadoop.http.lib.StaticUserWebFilter$StaticUserFilter) to context logs
2025-04-23 15:45:49,846 [main] INFO  http.BaseHttpServer (BaseHttpServer.java:<init>(195)) - HTTP server of ozoneManager uses base directory /home/runner/work/ozone/ozone/hadoop-ozone/integration-test/target/test-dir/MiniOzoneClusterImpl-5cf50c17-c591-473f-a8c4-88d8665d28d7/omNode-2/webserver
2025-04-23 15:45:49,846 [main] INFO  http.HttpServer2 (HttpServer2.java:bindListener(1241)) - Jetty bound to port 15011
2025-04-23 15:45:49,846 [main] INFO  server.Server (Server.java:doStart(375)) - jetty-9.4.57.v20241219; built: 2025-01-08T21:24:30.412Z; git: df524e6b29271c2e09ba9aea83c18dc9db464a31; jvm 21.0.7+6-LTS
2025-04-23 15:45:49,848 [main] INFO  server.session (DefaultSessionIdManager.java:doStart(334)) - DefaultSessionIdManager workerName=node0
2025-04-23 15:45:49,848 [main] INFO  server.session (DefaultSessionIdManager.java:doStart(339)) - No SessionScavenger set, using defaults
2025-04-23 15:45:49,848 [main] INFO  server.session (HouseKeeper.java:startScavenging(132)) - node0 Scavenging every 660000ms
2025-04-23 15:45:49,848 [main] INFO  handler.ContextHandler (ContextHandler.java:doStart(921)) - Started o.e.j.s.ServletContextHandler@789a4457{logs,/logs,file:///home/runner/work/ozone/ozone/hadoop-ozone/integration-test/target/log,AVAILABLE}
2025-04-23 15:45:49,848 [main] INFO  handler.ContextHandler (ContextHandler.java:doStart(921)) - Started o.e.j.s.ServletContextHandler@485c3e0{static,/static,file:///home/runner/work/ozone/ozone/hadoop-ozone/integration-test/target/test-classes/webapps/static,AVAILABLE}
2025-04-23 15:45:49,852 [main] INFO  handler.ContextHandler (ContextHandler.java:doStart(921)) - Started o.e.j.w.WebAppContext@7773ea34{ozoneManager,/,file:///home/runner/work/ozone/ozone/hadoop-ozone/integration-test/target/test-classes/webapps/ozoneManager/,AVAILABLE}{file:/home/runner/work/ozone/ozone/hadoop-ozone/integration-test/target/test-classes/webapps/ozoneManager}
2025-04-23 15:45:49,852 [main] INFO  server.AbstractConnector (AbstractConnector.java:doStart(333)) - Started ServerConnector@154c79fc{HTTP/1.1, (http/1.1)}{0.0.0.0:15011}
2025-04-23 15:45:49,853 [main] INFO  server.Server (Server.java:doStart(415)) - Started @84834ms
2025-04-23 15:45:49,853 [main] WARN  impl.MetricsSystemImpl (MetricsSystemImpl.java:register(279)) - Sink prometheus already exists!
2025-04-23 15:45:49,853 [main] INFO  http.BaseHttpServer (BaseHttpServer.java:updateConnectorAddress(360)) - HTTP server of ozoneManager listening at http://0.0.0.0:15011
2025-04-23 15:45:49,853 [IPC Server Responder] INFO  ipc.Server (Server.java:run(1713)) - IPC Server Responder: starting
2025-04-23 15:45:49,853 [IPC Server listener on 15010] INFO  ipc.Server (Server.java:run(1553)) - IPC Server listener on 15010: starting
2025-04-23 15:45:49,855 [main] INFO  om.OzoneManager (OzoneManager.java:startTrashEmptier(2257)) - Trash Interval set to 0. Files deleted won't move to trash
]]></system-out>
  </testcase>
  <testcase name="testListParts" classname="org.apache.hadoop.ozone.om.TestOzoneManagerHAWithStoppedNodes" time="16.041">
    <system-out><![CDATA[2025-04-23 15:45:50,055 [omNode-1@group-523986131536-FollowerState] INFO  impl.FollowerState (FollowerState.java:runImpl(161)) - omNode-1@group-523986131536-FollowerState: change to CANDIDATE, lastRpcElapsedTime:1050850545ns, electionTimeout:1050ms
2025-04-23 15:45:50,055 [omNode-1@group-523986131536-FollowerState] INFO  impl.RoleInfo (RoleInfo.java:shutdownFollowerState(121)) - omNode-1: shutdown omNode-1@group-523986131536-FollowerState
2025-04-23 15:45:50,055 [omNode-1@group-523986131536-FollowerState] INFO  server.RaftServer$Division (RaftServerImpl.java:setRole(378)) - omNode-1@group-523986131536: changes role from  FOLLOWER to CANDIDATE at term 7 for changeToCandidate
2025-04-23 15:45:50,055 [omNode-1@group-523986131536-FollowerState] INFO  server.RaftServerConfigKeys (ConfUtils.java:logGet(46)) - raft.server.leaderelection.pre-vote = true (default)
2025-04-23 15:45:50,055 [omNode-1@group-523986131536-FollowerState] INFO  impl.RoleInfo (RoleInfo.java:updateAndGet(148)) - omNode-1: start omNode-1@group-523986131536-LeaderElection18
2025-04-23 15:45:50,056 [omNode-1@group-523986131536-LeaderElection18] INFO  impl.LeaderElection (LeaderElection.java:askForVotes(332)) - omNode-1@group-523986131536-LeaderElection18 PRE_VOTE round 0: submit vote requests at term 7 for conf: {index: 73, cur=peers:[omNode-3|localhost:15017, omNode-1|localhost:15009, omNode-2|localhost:15013]|listeners:[], old=null}
2025-04-23 15:45:50,056 [omNode-1@group-523986131536-LeaderElection18-1] INFO  server.GrpcServerProtocolClient (GrpcServerProtocolClient.java:<init>(65)) - Build channel for omNode-3|localhost:15017
2025-04-23 15:45:50,056 [omNode-1@group-523986131536-LeaderElection18-2] INFO  server.GrpcServerProtocolClient (GrpcServerProtocolClient.java:<init>(65)) - Build channel for omNode-2|localhost:15013
2025-04-23 15:45:50,056 [omNode-1@group-523986131536-LeaderElection18] INFO  server.RaftServerConfigKeys (ConfUtils.java:logFallback(53)) - raft.server.rpc.first-election.timeout.min = 1s (fallback to raft.server.rpc.timeout.min)
2025-04-23 15:45:50,056 [omNode-1@group-523986131536-LeaderElection18] INFO  server.RaftServerConfigKeys (ConfUtils.java:logFallback(53)) - raft.server.rpc.first-election.timeout.max = 1200ms (fallback to raft.server.rpc.timeout.max)
2025-04-23 15:45:50,059 [grpc-default-executor-0] INFO  server.RaftServer$Division (RaftServerImpl.java:requestVote(1407)) - omNode-2@group-523986131536: receive requestVote(PRE_VOTE, omNode-1, group-523986131536, 7, (t:7, i:76))
2025-04-23 15:45:50,059 [grpc-default-executor-0] INFO  impl.VoteContext (VoteContext.java:log(49)) - omNode-2@group-523986131536-FOLLOWER: accept PRE_VOTE from omNode-1: our priority 0 <= candidate's priority 0
2025-04-23 15:45:50,060 [grpc-default-executor-1] INFO  server.RaftServer$Division (RaftServerImpl.java:requestVote(1407)) - omNode-3@group-523986131536: receive requestVote(PRE_VOTE, omNode-1, group-523986131536, 7, (t:7, i:76))
2025-04-23 15:45:50,060 [grpc-default-executor-0] INFO  server.RaftServer$Division (RaftServerImpl.java:requestVote(1441)) - omNode-2@group-523986131536 replies to PRE_VOTE vote request: omNode-1<-omNode-2#0:OK-t7. Peer's state: omNode-2@group-523986131536:t7, leader=null, voted=omNode-2, raftlog=Memoized:omNode-2@group-523986131536-SegmentedRaftLog:OPENED:c76:last(t:7, i:76), conf=conf: {index: 73, cur=peers:[omNode-3|localhost:15017, omNode-1|localhost:15009, omNode-2|localhost:15013]|listeners:[], old=null}
2025-04-23 15:45:50,060 [grpc-default-executor-1] INFO  impl.VoteContext (VoteContext.java:log(49)) - omNode-3@group-523986131536-FOLLOWER: accept PRE_VOTE from omNode-1: our last entry (t:6, i:72) < candidate's last entry (t:7, i:76)
2025-04-23 15:45:50,060 [grpc-default-executor-1] INFO  server.RaftServer$Division (RaftServerImpl.java:requestVote(1441)) - omNode-3@group-523986131536 replies to PRE_VOTE vote request: omNode-1<-omNode-3#0:OK-t7. Peer's state: omNode-3@group-523986131536:t7, leader=null, voted=null, raftlog=Memoized:omNode-3@group-523986131536-SegmentedRaftLog:OPENED:c72:last(t:6, i:72), conf=conf: {index: 69, cur=peers:[omNode-3|localhost:15017, omNode-1|localhost:15009, omNode-2|localhost:15013]|listeners:[], old=null}
2025-04-23 15:45:50,061 [omNode-1@group-523986131536-LeaderElection18] INFO  impl.LeaderElection (LeaderElection.java:logAndReturn(90)) - omNode-1@group-523986131536-LeaderElection18: PRE_VOTE PASSED received 1 response(s) and 0 exception(s):
2025-04-23 15:45:50,061 [omNode-1@group-523986131536-LeaderElection18] INFO  impl.LeaderElection (LeaderElection.java:logAndReturn(94)) -   Response 0: omNode-1<-omNode-3#0:OK-t7
2025-04-23 15:45:50,061 [omNode-1@group-523986131536-LeaderElection18] INFO  impl.LeaderElection (LeaderElection.java:askForVotes(334)) - omNode-1@group-523986131536-LeaderElection18 PRE_VOTE round 0: result PASSED
2025-04-23 15:45:50,062 [omNode-1@group-523986131536-LeaderElection18] INFO  impl.LeaderElection (LeaderElection.java:askForVotes(332)) - omNode-1@group-523986131536-LeaderElection18 ELECTION round 0: submit vote requests at term 8 for conf: {index: 73, cur=peers:[omNode-3|localhost:15017, omNode-1|localhost:15009, omNode-2|localhost:15013]|listeners:[], old=null}
2025-04-23 15:45:50,062 [omNode-1@group-523986131536-LeaderElection18] INFO  server.RaftServerConfigKeys (ConfUtils.java:logFallback(53)) - raft.server.rpc.first-election.timeout.min = 1s (fallback to raft.server.rpc.timeout.min)
2025-04-23 15:45:50,062 [omNode-1@group-523986131536-LeaderElection18] INFO  server.RaftServerConfigKeys (ConfUtils.java:logFallback(53)) - raft.server.rpc.first-election.timeout.max = 1200ms (fallback to raft.server.rpc.timeout.max)
2025-04-23 15:45:50,063 [grpc-default-executor-1] INFO  server.RaftServer$Division (RaftServerImpl.java:requestVote(1407)) - omNode-3@group-523986131536: receive requestVote(ELECTION, omNode-1, group-523986131536, 8, (t:7, i:76))
2025-04-23 15:45:50,063 [grpc-default-executor-0] INFO  server.RaftServer$Division (RaftServerImpl.java:requestVote(1407)) - omNode-2@group-523986131536: receive requestVote(ELECTION, omNode-1, group-523986131536, 8, (t:7, i:76))
2025-04-23 15:45:50,063 [grpc-default-executor-0] INFO  impl.VoteContext (VoteContext.java:log(49)) - omNode-2@group-523986131536-FOLLOWER: accept ELECTION from omNode-1: our priority 0 <= candidate's priority 0
2025-04-23 15:45:50,063 [grpc-default-executor-0] INFO  server.RaftServer$Division (RaftServerImpl.java:setRole(378)) - omNode-2@group-523986131536: changes role from  FOLLOWER to FOLLOWER at term 7 for candidate:omNode-1
2025-04-23 15:45:50,063 [grpc-default-executor-0] INFO  impl.RoleInfo (RoleInfo.java:shutdownFollowerState(121)) - omNode-2: shutdown omNode-2@group-523986131536-FollowerState
2025-04-23 15:45:50,063 [grpc-default-executor-0] INFO  impl.RoleInfo (RoleInfo.java:updateAndGet(148)) - omNode-2: start omNode-2@group-523986131536-FollowerState
2025-04-23 15:45:50,063 [omNode-2@group-523986131536-FollowerState] INFO  impl.FollowerState (FollowerState.java:runImpl(170)) - omNode-2@group-523986131536-FollowerState was interrupted
2025-04-23 15:45:50,063 [grpc-default-executor-1] INFO  impl.VoteContext (VoteContext.java:log(49)) - omNode-3@group-523986131536-FOLLOWER: accept ELECTION from omNode-1: our last entry (t:6, i:72) < candidate's last entry (t:7, i:76)
2025-04-23 15:45:50,064 [grpc-default-executor-1] INFO  server.RaftServer$Division (RaftServerImpl.java:setRole(378)) - omNode-3@group-523986131536: changes role from  FOLLOWER to FOLLOWER at term 7 for candidate:omNode-1
2025-04-23 15:45:50,064 [grpc-default-executor-1] INFO  impl.RoleInfo (RoleInfo.java:shutdownFollowerState(121)) - omNode-3: shutdown omNode-3@group-523986131536-FollowerState
2025-04-23 15:45:50,064 [grpc-default-executor-1] INFO  impl.RoleInfo (RoleInfo.java:updateAndGet(148)) - omNode-3: start omNode-3@group-523986131536-FollowerState
2025-04-23 15:45:50,064 [omNode-3@group-523986131536-FollowerState] INFO  impl.FollowerState (FollowerState.java:runImpl(170)) - omNode-3@group-523986131536-FollowerState was interrupted
2025-04-23 15:45:50,064 [omNode-2@group-523986131536-FollowerState] INFO  server.RaftServerConfigKeys (ConfUtils.java:logFallback(53)) - raft.server.rpc.first-election.timeout.min = 1s (fallback to raft.server.rpc.timeout.min)
2025-04-23 15:45:50,064 [omNode-2@group-523986131536-FollowerState] INFO  server.RaftServerConfigKeys (ConfUtils.java:logFallback(53)) - raft.server.rpc.first-election.timeout.max = 1200ms (fallback to raft.server.rpc.timeout.max)
2025-04-23 15:45:50,064 [grpc-default-executor-0] INFO  server.RaftServer$Division (RaftServerImpl.java:setFirstElection(562)) - omNode-2@group-523986131536: set firstElectionSinceStartup to false for candidate:omNode-1
2025-04-23 15:45:50,065 [grpc-default-executor-1] INFO  server.RaftServer$Division (RaftServerImpl.java:requestVote(1441)) - omNode-3@group-523986131536 replies to ELECTION vote request: omNode-1<-omNode-3#0:OK-t8. Peer's state: omNode-3@group-523986131536:t8, leader=null, voted=omNode-1, raftlog=Memoized:omNode-3@group-523986131536-SegmentedRaftLog:OPENED:c72:last(t:6, i:72), conf=conf: {index: 69, cur=peers:[omNode-3|localhost:15017, omNode-1|localhost:15009, omNode-2|localhost:15013]|listeners:[], old=null}
2025-04-23 15:45:50,065 [grpc-default-executor-0] INFO  server.RaftServer$Division (RaftServerImpl.java:requestVote(1441)) - omNode-2@group-523986131536 replies to ELECTION vote request: omNode-1<-omNode-2#0:OK-t8. Peer's state: omNode-2@group-523986131536:t8, leader=null, voted=omNode-1, raftlog=Memoized:omNode-2@group-523986131536-SegmentedRaftLog:OPENED:c76:last(t:7, i:76), conf=conf: {index: 73, cur=peers:[omNode-3|localhost:15017, omNode-1|localhost:15009, omNode-2|localhost:15013]|listeners:[], old=null}
2025-04-23 15:45:50,066 [omNode-1@group-523986131536-LeaderElection18] INFO  impl.LeaderElection (LeaderElection.java:logAndReturn(90)) - omNode-1@group-523986131536-LeaderElection18: ELECTION PASSED received 1 response(s) and 0 exception(s):
2025-04-23 15:45:50,066 [omNode-1@group-523986131536-LeaderElection18] INFO  impl.LeaderElection (LeaderElection.java:logAndReturn(94)) -   Response 0: omNode-1<-omNode-3#0:OK-t8
2025-04-23 15:45:50,066 [omNode-1@group-523986131536-LeaderElection18] INFO  impl.LeaderElection (LeaderElection.java:askForVotes(334)) - omNode-1@group-523986131536-LeaderElection18 ELECTION round 0: result PASSED
2025-04-23 15:45:50,066 [omNode-1@group-523986131536-LeaderElection18] INFO  impl.RoleInfo (RoleInfo.java:shutdownLeaderElection(141)) - omNode-1: shutdown omNode-1@group-523986131536-LeaderElection18
2025-04-23 15:45:50,066 [omNode-1@group-523986131536-LeaderElection18] INFO  server.RaftServer$Division (RaftServerImpl.java:setRole(378)) - omNode-1@group-523986131536: changes role from CANDIDATE to LEADER at term 8 for changeToLeader
2025-04-23 15:45:50,066 [omNode-1@group-523986131536-LeaderElection18] INFO  server.RaftServerConfigKeys (ConfUtils.java:logGet(46)) - raft.server.staging.catchup.gap = 1000 (default)
2025-04-23 15:45:50,066 [omNode-1@group-523986131536-LeaderElection18] INFO  server.RaftServerConfigKeys (ConfUtils.java:logGet(46)) - raft.server.write.element-limit = 4096 (default)
2025-04-23 15:45:50,066 [omNode-1@group-523986131536-LeaderElection18] INFO  server.RaftServerConfigKeys (ConfUtils.java:logGet(46)) - raft.server.write.byte-limit = 64MB (=67108864) (default)
2025-04-23 15:45:50,066 [omNode-1@group-523986131536-LeaderElection18] INFO  server.RaftServerConfigKeys (ConfUtils.java:logGet(46)) - raft.server.watch.timeout = 10s (default)
2025-04-23 15:45:50,066 [omNode-1@group-523986131536-LeaderElection18] INFO  server.RaftServerConfigKeys (ConfUtils.java:logGet(46)) - raft.server.watch.timeout.denomination = 1s (default)
2025-04-23 15:45:50,066 [omNode-1@group-523986131536-LeaderElection18] INFO  server.RaftServerConfigKeys (ConfUtils.java:logGet(46)) - raft.server.watch.element-limit = 65536 (default)
2025-04-23 15:45:50,067 [omNode-1@group-523986131536-LeaderElection18] INFO  server.RaftServerConfigKeys (ConfUtils.java:logGet(46)) - raft.server.read.leader.lease.enabled = false (default)
2025-04-23 15:45:50,067 [omNode-1@group-523986131536-LeaderElection18] INFO  server.RaftServerConfigKeys (ConfUtils.java:logGet(46)) - raft.server.read.leader.lease.timeout.ratio = 0.9 (default)
2025-04-23 15:45:50,067 [omNode-1@group-523986131536-LeaderElection18] INFO  server.RaftServerConfigKeys (ConfUtils.java:logGet(46)) - raft.server.rpc.timeout.min = 1s (custom)
2025-04-23 15:45:50,067 [omNode-1@group-523986131536-LeaderElection18] INFO  server.RaftServerConfigKeys (ConfUtils.java:logGet(46)) - raft.server.log.log-metadata.enabled = true (default)
2025-04-23 15:45:50,067 [omNode-1@group-523986131536-LeaderElection18] INFO  server.RaftServerConfigKeys (ConfUtils.java:logGet(46)) - raft.server.write.element-limit = 4096 (default)
2025-04-23 15:45:50,067 [omNode-1@group-523986131536-LeaderElection18] INFO  server.RaftServerConfigKeys (ConfUtils.java:logGet(46)) - raft.server.write.follower.gap.ratio.max = -1.0 (default)
2025-04-23 15:45:50,067 [omNode-1@group-523986131536-LeaderElection18] INFO  server.RaftServerConfigKeys (ConfUtils.java:logGet(46)) - raft.server.log.appender.snapshot.chunk.size.max = 16MB (=16777216) (default)
2025-04-23 15:45:50,067 [omNode-1@group-523986131536-LeaderElection18] INFO  server.RaftServerConfigKeys (ConfUtils.java:logGet(46)) - raft.server.log.appender.buffer.byte-limit = 4194304 (custom)
2025-04-23 15:45:50,067 [omNode-1@group-523986131536-LeaderElection18] INFO  server.RaftServerConfigKeys (ConfUtils.java:logGet(46)) - raft.server.log.appender.buffer.element-limit = 1024 (custom)
2025-04-23 15:45:50,067 [omNode-1@group-523986131536-LeaderElection18] INFO  server.RaftServerConfigKeys (ConfUtils.java:logGet(46)) - raft.server.log.appender.wait-time.min = 0ms (custom)
2025-04-23 15:45:50,067 [omNode-1@group-523986131536-LeaderElection18] INFO  grpc.GrpcConfigKeys (ConfUtils.java:logGet(46)) - raft.grpc.server.leader.outstanding.appends.max = 8 (default)
2025-04-23 15:45:50,067 [omNode-1@group-523986131536-LeaderElection18] INFO  server.RaftServerConfigKeys (ConfUtils.java:logGet(46)) - raft.server.rpc.request.timeout = 3000ms (default)
2025-04-23 15:45:50,067 [omNode-1@group-523986131536-LeaderElection18] INFO  grpc.GrpcConfigKeys (ConfUtils.java:logGet(46)) - raft.grpc.server.install_snapshot.request.element-limit = 8 (default)
2025-04-23 15:45:50,067 [omNode-1@group-523986131536-LeaderElection18] INFO  grpc.GrpcConfigKeys (ConfUtils.java:logGet(46)) - raft.grpc.server.install_snapshot.request.timeout = 3000ms (default)
2025-04-23 15:45:50,068 [omNode-1@group-523986131536-LeaderElection18] INFO  grpc.GrpcConfigKeys (ConfUtils.java:logGet(46)) - raft.grpc.server.log-message.batch.duration = 5s (default)
2025-04-23 15:45:50,068 [omNode-1@group-523986131536-LeaderElection18] INFO  server.RaftServerConfigKeys (ConfUtils.java:logGet(46)) - raft.server.log.appender.install.snapshot.enabled = false (custom)
2025-04-23 15:45:50,068 [omNode-1@group-523986131536-LeaderElection18] INFO  grpc.GrpcConfigKeys (ConfUtils.java:logGet(46)) - raft.grpc.server.heartbeat.channel = true (default)
2025-04-23 15:45:50,068 [omNode-1@group-523986131536-LeaderElection18] INFO  server.RaftServerConfigKeys (ConfUtils.java:logGet(46)) - raft.server.log.appender.snapshot.chunk.size.max = 16MB (=16777216) (default)
2025-04-23 15:45:50,068 [omNode-1@group-523986131536-LeaderElection18] INFO  server.RaftServerConfigKeys (ConfUtils.java:logGet(46)) - raft.server.log.appender.buffer.byte-limit = 4194304 (custom)
2025-04-23 15:45:50,068 [omNode-1@group-523986131536-LeaderElection18] INFO  server.RaftServerConfigKeys (ConfUtils.java:logGet(46)) - raft.server.log.appender.buffer.element-limit = 1024 (custom)
2025-04-23 15:45:50,068 [omNode-1@group-523986131536-LeaderElection18] INFO  server.RaftServerConfigKeys (ConfUtils.java:logGet(46)) - raft.server.log.appender.wait-time.min = 0ms (custom)
2025-04-23 15:45:50,068 [omNode-1@group-523986131536-LeaderElection18] INFO  grpc.GrpcConfigKeys (ConfUtils.java:logGet(46)) - raft.grpc.server.leader.outstanding.appends.max = 8 (default)
2025-04-23 15:45:50,068 [omNode-1@group-523986131536-LeaderElection18] INFO  server.RaftServerConfigKeys (ConfUtils.java:logGet(46)) - raft.server.rpc.request.timeout = 3000ms (default)
2025-04-23 15:45:50,068 [omNode-1@group-523986131536-LeaderElection18] INFO  grpc.GrpcConfigKeys (ConfUtils.java:logGet(46)) - raft.grpc.server.install_snapshot.request.element-limit = 8 (default)
2025-04-23 15:45:50,068 [omNode-1@group-523986131536-LeaderElection18] INFO  grpc.GrpcConfigKeys (ConfUtils.java:logGet(46)) - raft.grpc.server.install_snapshot.request.timeout = 3000ms (default)
2025-04-23 15:45:50,068 [omNode-1@group-523986131536-LeaderElection18] INFO  grpc.GrpcConfigKeys (ConfUtils.java:logGet(46)) - raft.grpc.server.log-message.batch.duration = 5s (default)
2025-04-23 15:45:50,068 [omNode-1@group-523986131536-LeaderElection18] INFO  server.RaftServerConfigKeys (ConfUtils.java:logGet(46)) - raft.server.log.appender.install.snapshot.enabled = false (custom)
2025-04-23 15:45:50,068 [omNode-1@group-523986131536-LeaderElection18] INFO  grpc.GrpcConfigKeys (ConfUtils.java:logGet(46)) - raft.grpc.server.heartbeat.channel = true (default)
2025-04-23 15:45:50,068 [omNode-1@group-523986131536-LeaderElection18] INFO  impl.RoleInfo (RoleInfo.java:updateAndGet(148)) - omNode-1: start omNode-1@group-523986131536-LeaderStateImpl
2025-04-23 15:45:50,068 [omNode-1@group-523986131536-LeaderElection18] INFO  server.RaftServer$Division (RaftServerImpl.java:setFirstElection(562)) - omNode-1@group-523986131536: set firstElectionSinceStartup to false for becomeLeader
2025-04-23 15:45:50,069 [omNode-1@group-523986131536-LeaderElection18] INFO  ratis.OzoneManagerStateMachine (OzoneManagerStateMachine.java:notifyLeaderChanged(169)) - omNode-1@group-523986131536: leader changed to omNode-1
2025-04-23 15:45:50,069 [omNode-1@group-523986131536-LeaderElection18] INFO  server.RaftServer$Division (ServerState.java:setLeader(272)) - omNode-1@group-523986131536: change Leader from null to omNode-1 at term 8 for becomeLeader, leader elected after 1073ms
2025-04-23 15:45:50,069 [omNode-1@group-523986131536-LeaderElection18] INFO  segmented.SegmentedRaftLogWorker (SegmentedRaftLogWorker.java:rollLogSegment(443)) - omNode-1@group-523986131536-SegmentedRaftLogWorker: Rolling segment log-73_76 to index:76
2025-04-23 15:45:50,069 [omNode-1@group-523986131536-LeaderElection18] INFO  server.RaftServer$Division (ServerState.java:setRaftConf(386)) - omNode-1@group-523986131536: set configuration conf: {index: 77, cur=peers:[omNode-3|localhost:15017, omNode-1|localhost:15009, omNode-2|localhost:15013]|listeners:[], old=null}
2025-04-23 15:45:50,069 [omNode-1@group-523986131536-SegmentedRaftLogWorker] INFO  segmented.SegmentedRaftLogWorker (SegmentedRaftLogWorker.java:execute(601)) - omNode-1@group-523986131536-SegmentedRaftLogWorker: Rolled log segment from /home/runner/work/ozone/ozone/hadoop-ozone/integration-test/target/test-dir/MiniOzoneClusterImpl-5cf50c17-c591-473f-a8c4-88d8665d28d7/omNode-1/ratis/c9bc4cf4-3bc3-3c60-a66b-523986131536/current/log_inprogress_73 to /home/runner/work/ozone/ozone/hadoop-ozone/integration-test/target/test-dir/MiniOzoneClusterImpl-5cf50c17-c591-473f-a8c4-88d8665d28d7/omNode-1/ratis/c9bc4cf4-3bc3-3c60-a66b-523986131536/current/log_73-76
2025-04-23 15:45:50,070 [omNode-1@group-523986131536-SegmentedRaftLogWorker] INFO  segmented.BufferedWriteChannel (BufferedWriteChannel.java:open(61)) - open log_inprogress_77 at position 0
2025-04-23 15:45:50,074 [omNode-3-server-thread1] INFO  ratis.OzoneManagerStateMachine (OzoneManagerStateMachine.java:notifyLeaderChanged(169)) - omNode-3@group-523986131536: leader changed to omNode-1
2025-04-23 15:45:50,074 [omNode-3-server-thread1] INFO  server.RaftServer$Division (ServerState.java:setLeader(272)) - omNode-3@group-523986131536: change Leader from null to omNode-1 at term 8 for appendEntries, leader elected after 1524ms
2025-04-23 15:45:50,074 [omNode-3-server-thread1] INFO  server.RaftServer$Division (RaftServerImpl.java:checkInconsistentAppendEntries(1648)) - omNode-3@group-523986131536: Failed appendEntries as previous log entry ((t:7, i:76)) is not found
2025-04-23 15:45:50,074 [omNode-3-server-thread1] INFO  server.RaftServer$Division (RaftServerImpl.java:appendEntriesAsync(1580)) - omNode-3@group-523986131536: appendEntries* reply omNode-1<-omNode-3#0:FAIL-t8,INCONSISTENCY,nextIndex=73,followerCommit=72,matchIndex=-1
2025-04-23 15:45:50,075 [omNode-3-server-thread2] INFO  server.RaftServer$Division (RaftServerImpl.java:checkInconsistentAppendEntries(1648)) - omNode-3@group-523986131536: Failed appendEntries as previous log entry ((t:7, i:76)) is not found
2025-04-23 15:45:50,075 [omNode-3-server-thread2] INFO  server.RaftServer$Division (RaftServerImpl.java:appendEntriesAsync(1580)) - omNode-3@group-523986131536: appendEntries* reply omNode-1<-omNode-3#1:FAIL-t8,INCONSISTENCY,nextIndex=73,followerCommit=72,matchIndex=-1
2025-04-23 15:45:50,075 [grpc-default-executor-0] WARN  server.GrpcLogAppender (GrpcLogAppender.java:onNextImpl(519)) - omNode-1@group-523986131536->omNode-3-AppendLogResponseHandler: received INCONSISTENCY reply with nextIndex 73, errorCount=1, request=AppendEntriesRequest:cid=0,entriesCount=0
2025-04-23 15:45:50,075 [grpc-default-executor-0] INFO  leader.FollowerInfo (FollowerInfoImpl.java:info(70)) - omNode-1@group-523986131536->omNode-3: setNextIndex nextIndex: updateUnconditionally 78 -> 73
2025-04-23 15:45:50,076 [grpc-default-executor-1] WARN  server.GrpcLogAppender (GrpcLogAppender.java:onNextImpl(519)) - omNode-1@group-523986131536->omNode-3-AppendLogResponseHandler: received INCONSISTENCY reply with nextIndex 73, errorCount=2, request=null
2025-04-23 15:45:50,076 [grpc-default-executor-1] INFO  leader.FollowerInfo (FollowerInfoImpl.java:info(70)) - omNode-1@group-523986131536->omNode-3: setNextIndex nextIndex: updateUnconditionally 78 -> 73
2025-04-23 15:45:50,076 [omNode-2-server-thread1] INFO  ratis.OzoneManagerStateMachine (OzoneManagerStateMachine.java:notifyLeaderChanged(169)) - omNode-2@group-523986131536: leader changed to omNode-1
2025-04-23 15:45:50,076 [omNode-2-server-thread1] INFO  server.RaftServer$Division (ServerState.java:setLeader(272)) - omNode-2@group-523986131536: change Leader from null to omNode-1 at term 8 for appendEntries, leader elected after 607ms
2025-04-23 15:45:50,076 [omNode-2-server-thread1] INFO  server.RaftServer$Division (ServerState.java:setRaftConf(386)) - omNode-2@group-523986131536: set configuration conf: {index: 77, cur=peers:[omNode-3|localhost:15017, omNode-1|localhost:15009, omNode-2|localhost:15013]|listeners:[], old=null}
2025-04-23 15:45:50,076 [omNode-2-server-thread1] INFO  segmented.SegmentedRaftLogWorker (SegmentedRaftLogWorker.java:rollLogSegment(443)) - omNode-2@group-523986131536-SegmentedRaftLogWorker: Rolling segment log-73_76 to index:76
2025-04-23 15:45:50,077 [omNode-2@group-523986131536-SegmentedRaftLogWorker] INFO  segmented.SegmentedRaftLogWorker (SegmentedRaftLogWorker.java:execute(601)) - omNode-2@group-523986131536-SegmentedRaftLogWorker: Rolled log segment from /home/runner/work/ozone/ozone/hadoop-ozone/integration-test/target/test-dir/MiniOzoneClusterImpl-5cf50c17-c591-473f-a8c4-88d8665d28d7/omNode-2/ratis/c9bc4cf4-3bc3-3c60-a66b-523986131536/current/log_inprogress_73 to /home/runner/work/ozone/ozone/hadoop-ozone/integration-test/target/test-dir/MiniOzoneClusterImpl-5cf50c17-c591-473f-a8c4-88d8665d28d7/omNode-2/ratis/c9bc4cf4-3bc3-3c60-a66b-523986131536/current/log_73-76
2025-04-23 15:45:50,077 [omNode-2@group-523986131536-SegmentedRaftLogWorker] INFO  segmented.BufferedWriteChannel (BufferedWriteChannel.java:open(61)) - open log_inprogress_77 at position 0
2025-04-23 15:45:50,078 [omNode-3-server-thread2] INFO  server.RaftServer$Division (ServerState.java:setRaftConf(386)) - omNode-3@group-523986131536: set configuration conf: {index: 73, cur=peers:[omNode-3|localhost:15017, omNode-1|localhost:15009, omNode-2|localhost:15013]|listeners:[], old=null}
2025-04-23 15:45:50,078 [omNode-3-server-thread2] INFO  server.RaftServer$Division (ServerState.java:setRaftConf(386)) - omNode-3@group-523986131536: set configuration conf: {index: 77, cur=peers:[omNode-3|localhost:15017, omNode-1|localhost:15009, omNode-2|localhost:15013]|listeners:[], old=null}
2025-04-23 15:45:50,078 [omNode-3-server-thread2] INFO  segmented.SegmentedRaftLogWorker (SegmentedRaftLogWorker.java:rollLogSegment(443)) - omNode-3@group-523986131536-SegmentedRaftLogWorker: Rolling segment log-69_72 to index:72
2025-04-23 15:45:50,078 [omNode-3@group-523986131536-SegmentedRaftLogWorker] INFO  segmented.SegmentedRaftLogWorker (SegmentedRaftLogWorker.java:execute(601)) - omNode-3@group-523986131536-SegmentedRaftLogWorker: Rolled log segment from /home/runner/work/ozone/ozone/hadoop-ozone/integration-test/target/test-dir/MiniOzoneClusterImpl-5cf50c17-c591-473f-a8c4-88d8665d28d7/omNode-3/ratis/c9bc4cf4-3bc3-3c60-a66b-523986131536/current/log_inprogress_69 to /home/runner/work/ozone/ozone/hadoop-ozone/integration-test/target/test-dir/MiniOzoneClusterImpl-5cf50c17-c591-473f-a8c4-88d8665d28d7/omNode-3/ratis/c9bc4cf4-3bc3-3c60-a66b-523986131536/current/log_69-72
2025-04-23 15:45:50,079 [omNode-3@group-523986131536-SegmentedRaftLogWorker] INFO  segmented.BufferedWriteChannel (BufferedWriteChannel.java:open(61)) - open log_inprogress_73 at position 0
2025-04-23 15:45:50,079 [omNode-3-server-thread2] INFO  segmented.SegmentedRaftLogWorker (SegmentedRaftLogWorker.java:rollLogSegment(443)) - omNode-3@group-523986131536-SegmentedRaftLogWorker: Rolling segment log-73_76 to index:76
2025-04-23 15:45:50,080 [omNode-3-server-thread2] INFO  server.RaftServer$Division (ServerState.java:setRaftConf(386)) - omNode-3@group-523986131536: set configuration conf: {index: 73, cur=peers:[omNode-3|localhost:15017, omNode-1|localhost:15009, omNode-2|localhost:15013]|listeners:[], old=null}
2025-04-23 15:45:50,080 [omNode-3-server-thread2] INFO  server.RaftServer$Division (ServerState.java:setRaftConf(386)) - omNode-3@group-523986131536: set configuration conf: {index: 77, cur=peers:[omNode-3|localhost:15017, omNode-1|localhost:15009, omNode-2|localhost:15013]|listeners:[], old=null}
2025-04-23 15:45:50,087 [omNode-1@group-523986131536-SegmentedRaftLogWorker] INFO  segmented.SegmentedRaftLogWorker (SegmentedRaftLogWorker.java:execute(644)) - omNode-1@group-523986131536-SegmentedRaftLogWorker: created new log segment /home/runner/work/ozone/ozone/hadoop-ozone/integration-test/target/test-dir/MiniOzoneClusterImpl-5cf50c17-c591-473f-a8c4-88d8665d28d7/omNode-1/ratis/c9bc4cf4-3bc3-3c60-a66b-523986131536/current/log_inprogress_77
2025-04-23 15:45:50,087 [omNode-2@group-523986131536-SegmentedRaftLogWorker] INFO  segmented.SegmentedRaftLogWorker (SegmentedRaftLogWorker.java:execute(644)) - omNode-2@group-523986131536-SegmentedRaftLogWorker: created new log segment /home/runner/work/ozone/ozone/hadoop-ozone/integration-test/target/test-dir/MiniOzoneClusterImpl-5cf50c17-c591-473f-a8c4-88d8665d28d7/omNode-2/ratis/c9bc4cf4-3bc3-3c60-a66b-523986131536/current/log_inprogress_77
2025-04-23 15:45:50,092 [omNode-3@group-523986131536-SegmentedRaftLogWorker] INFO  segmented.SegmentedRaftLogWorker (SegmentedRaftLogWorker.java:execute(644)) - omNode-3@group-523986131536-SegmentedRaftLogWorker: created new log segment /home/runner/work/ozone/ozone/hadoop-ozone/integration-test/target/test-dir/MiniOzoneClusterImpl-5cf50c17-c591-473f-a8c4-88d8665d28d7/omNode-3/ratis/c9bc4cf4-3bc3-3c60-a66b-523986131536/current/log_inprogress_73
2025-04-23 15:45:50,093 [omNode-1@group-523986131536-StateMachineUpdater] INFO  ratis.OzoneManagerStateMachine (OzoneManagerStateMachine.java:notifyConfigurationChanged(231)) - notifyConfigurationChanged from Ratis: term=8, index=77, New Peer list: omNode-3(localhost:15017), omNode-1(localhost:15009), omNode-2(localhost:15013)
2025-04-23 15:45:50,093 [omNode-1@group-523986131536-StateMachineUpdater] INFO  server.RaftServer$Division (LeaderStateImpl.java:checkStartIndex(313)) - Leader omNode-1@group-523986131536-LeaderStateImpl is ready since appliedIndex == startIndex == 77
2025-04-23 15:45:50,093 [omNode-2@group-523986131536-StateMachineUpdater] INFO  ratis.OzoneManagerStateMachine (OzoneManagerStateMachine.java:notifyConfigurationChanged(231)) - notifyConfigurationChanged from Ratis: term=8, index=77, New Peer list: omNode-3(localhost:15017), omNode-1(localhost:15009), omNode-2(localhost:15013)
2025-04-23 15:45:50,094 [omNode-3@group-523986131536-SegmentedRaftLogWorker] INFO  segmented.SegmentedRaftLogWorker (SegmentedRaftLogWorker.java:execute(601)) - omNode-3@group-523986131536-SegmentedRaftLogWorker: Rolled log segment from /home/runner/work/ozone/ozone/hadoop-ozone/integration-test/target/test-dir/MiniOzoneClusterImpl-5cf50c17-c591-473f-a8c4-88d8665d28d7/omNode-3/ratis/c9bc4cf4-3bc3-3c60-a66b-523986131536/current/log_inprogress_73 to /home/runner/work/ozone/ozone/hadoop-ozone/integration-test/target/test-dir/MiniOzoneClusterImpl-5cf50c17-c591-473f-a8c4-88d8665d28d7/omNode-3/ratis/c9bc4cf4-3bc3-3c60-a66b-523986131536/current/log_73-76
2025-04-23 15:45:50,094 [omNode-3@group-523986131536-SegmentedRaftLogWorker] INFO  segmented.BufferedWriteChannel (BufferedWriteChannel.java:open(61)) - open log_inprogress_77 at position 0
2025-04-23 15:45:50,102 [omNode-3@group-523986131536-SegmentedRaftLogWorker] INFO  segmented.SegmentedRaftLogWorker (SegmentedRaftLogWorker.java:execute(644)) - omNode-3@group-523986131536-SegmentedRaftLogWorker: created new log segment /home/runner/work/ozone/ozone/hadoop-ozone/integration-test/target/test-dir/MiniOzoneClusterImpl-5cf50c17-c591-473f-a8c4-88d8665d28d7/omNode-3/ratis/c9bc4cf4-3bc3-3c60-a66b-523986131536/current/log_inprogress_77
2025-04-23 15:45:50,103 [omNode-3@group-523986131536-StateMachineUpdater] INFO  ratis.OzoneManagerStateMachine (OzoneManagerStateMachine.java:notifyConfigurationChanged(231)) - notifyConfigurationChanged from Ratis: term=7, index=73, New Peer list: omNode-3(localhost:15017), omNode-1(localhost:15009), omNode-2(localhost:15013)
2025-04-23 15:45:50,105 [omNode-3-OMStateMachineApplyTransactionThread - 0] WARN  helpers.OzoneAclUtil (OzoneAclUtil.java:getDefaultAclList(77)) - Failed to get primary group from user user67040 (auth:SIMPLE)
2025-04-23 15:45:50,105 [omNode-3-OMStateMachineApplyTransactionThread - 0] INFO  volume.OMVolumeCreateRequest (OMVolumeCreateRequest.java:validateAndUpdateCache(203)) - created volume:volume65726 for user:user67040
2025-04-23 15:45:50,105 [omNode-3@group-523986131536-StateMachineUpdater] INFO  ratis.OzoneManagerStateMachine (OzoneManagerStateMachine.java:notifyConfigurationChanged(231)) - notifyConfigurationChanged from Ratis: term=8, index=77, New Peer list: omNode-3(localhost:15017), omNode-1(localhost:15009), omNode-2(localhost:15013)
2025-04-23 15:45:50,258 [main] INFO  rpc.RpcClient (RpcClient.java:createVolume(462)) - Creating Volume: volume7b07608d-16e0-4a19-9bac-42ae14d3a596, with user41768 as owner and space quota set to -1 bytes, counts quota set to -1
2025-04-23 15:45:50,259 [main] INFO  retry.RetryInvocationHandler (RetryInvocationHandler.java:log(426)) - com.google.protobuf.ServiceException: java.io.EOFException: End of File Exception between local host is: "fv-az1337-835/10.1.0.188"; destination host is: "localhost":15010; : java.io.EOFException; For more details see:  http://wiki.apache.org/hadoop/EOFException, while invoking $Proxy68.submitRequest over nodeId=omNode-2,nodeAddress=127.0.0.1:15010. Trying to failover immediately. Current retry count: 0.
2025-04-23 15:45:50,261 [main] INFO  retry.RetryInvocationHandler (RetryInvocationHandler.java:log(426)) - com.google.protobuf.ServiceException: org.apache.hadoop.ipc.RemoteException(org.apache.hadoop.ozone.om.exceptions.OMNotLeaderException): OM:omNode-3 is not the leader. Suggested leader is OM:omNode-1[localhost/127.0.0.1].
	at org.apache.hadoop.ozone.om.ratis.OzoneManagerRatisServer.newOMNotLeaderException(OzoneManagerRatisServer.java:813)
	at org.apache.hadoop.ozone.om.OzoneManager.checkLeaderStatus(OzoneManager.java:4355)
	at org.apache.hadoop.ozone.om.ratis.utils.OzoneManagerRatisUtils.checkLeaderStatus(OzoneManagerRatisUtils.java:500)
	at org.apache.hadoop.ozone.protocolPB.OzoneManagerProtocolServerSideTranslatorPB.internalProcessRequest(OzoneManagerProtocolServerSideTranslatorPB.java:165)
	at org.apache.hadoop.ozone.protocolPB.OzoneManagerProtocolServerSideTranslatorPB.processRequest(OzoneManagerProtocolServerSideTranslatorPB.java:125)
	at org.apache.hadoop.hdds.server.OzoneProtocolMessageDispatcher.processRequest(OzoneProtocolMessageDispatcher.java:87)
	at org.apache.hadoop.ozone.protocolPB.OzoneManagerProtocolServerSideTranslatorPB.submitRequest(OzoneManagerProtocolServerSideTranslatorPB.java:116)
	at org.apache.hadoop.ozone.protocol.proto.OzoneManagerProtocolProtos$OzoneManagerService$2.callBlockingMethod(OzoneManagerProtocolProtos.java)
	at org.apache.hadoop.ipc.ProtobufRpcEngine$Server.processCall(ProtobufRpcEngine.java:484)
	at org.apache.hadoop.ipc.ProtobufRpcEngine2$Server$ProtoBufRpcInvoker.call(ProtobufRpcEngine2.java:595)
	at org.apache.hadoop.ipc.ProtobufRpcEngine2$Server$ProtoBufRpcInvoker.call(ProtobufRpcEngine2.java:573)
	at org.apache.hadoop.ipc.RPC$Server.call(RPC.java:1227)
	at org.apache.hadoop.ipc.Server$RpcCall.run(Server.java:1246)
	at org.apache.hadoop.ipc.Server$RpcCall.run(Server.java:1169)
	at java.base/java.security.AccessController.doPrivileged(AccessController.java:714)
	at java.base/javax.security.auth.Subject.doAs(Subject.java:525)
	at org.apache.hadoop.security.UserGroupInformation.doAs(UserGroupInformation.java:1953)
	at org.apache.hadoop.ipc.Server$Handler.run(Server.java:3198)
, while invoking $Proxy68.submitRequest over nodeId=omNode-3,nodeAddress=127.0.0.1:15014 after 1 failover attempts. Trying to failover after sleeping for 2000ms. Current retry count: 1.
2025-04-23 15:45:51,484 [timer4] WARN  server.GrpcLogAppender (LogUtils.java:warn(121)) - omNode-2@group-523986131536->omNode-1-AppendLogResponseHandler: Failed appendEntries (Repeated 8 times in the last 5.000s): org.apache.ratis.thirdparty.io.grpc.StatusRuntimeException: UNAVAILABLE: io exception
2025-04-23 15:45:51,485 [timer5] WARN  server.GrpcLogAppender (GrpcLogAppender.java:lambda$resetClient$1(221)) - omNode-2@group-523986131536->omNode-1-GrpcLogAppender: Follower failed (request=null, errorCount=8); keep nextIndex (77) unchanged and retry. (Repeated 8 times in the last 5.000s)
2025-04-23 15:45:51,572 [timer6] WARN  server.GrpcLogAppender (LogUtils.java:warn(121)) - omNode-2@group-523986131536->omNode-3-AppendLogResponseHandler: Failed appendEntries (Repeated 2 times in the last 5.001s): org.apache.ratis.thirdparty.io.grpc.StatusRuntimeException: UNAVAILABLE: io exception
2025-04-23 15:45:52,261 [main] INFO  retry.RetryInvocationHandler (RetryInvocationHandler.java:log(426)) - com.google.protobuf.ServiceException: java.io.EOFException: End of File Exception between local host is: "fv-az1337-835/10.1.0.188"; destination host is: "localhost":15006; : java.io.EOFException; For more details see:  http://wiki.apache.org/hadoop/EOFException, while invoking $Proxy68.submitRequest over nodeId=omNode-1,nodeAddress=127.0.0.1:15006 after 2 failover attempts. Trying to failover immediately. Current retry count: 2.
2025-04-23 15:45:52,264 [main] INFO  retry.RetryInvocationHandler (RetryInvocationHandler.java:log(426)) - com.google.protobuf.ServiceException: org.apache.hadoop.ipc.RemoteException(org.apache.hadoop.ozone.om.exceptions.OMNotLeaderException): OM:omNode-2 is not the leader. Suggested leader is OM:omNode-1[localhost/127.0.0.1].
	at org.apache.hadoop.ozone.om.ratis.OzoneManagerRatisServer.newOMNotLeaderException(OzoneManagerRatisServer.java:813)
	at org.apache.hadoop.ozone.om.OzoneManager.checkLeaderStatus(OzoneManager.java:4355)
	at org.apache.hadoop.ozone.om.ratis.utils.OzoneManagerRatisUtils.checkLeaderStatus(OzoneManagerRatisUtils.java:500)
	at org.apache.hadoop.ozone.protocolPB.OzoneManagerProtocolServerSideTranslatorPB.internalProcessRequest(OzoneManagerProtocolServerSideTranslatorPB.java:165)
	at org.apache.hadoop.ozone.protocolPB.OzoneManagerProtocolServerSideTranslatorPB.processRequest(OzoneManagerProtocolServerSideTranslatorPB.java:125)
	at org.apache.hadoop.hdds.server.OzoneProtocolMessageDispatcher.processRequest(OzoneProtocolMessageDispatcher.java:87)
	at org.apache.hadoop.ozone.protocolPB.OzoneManagerProtocolServerSideTranslatorPB.submitRequest(OzoneManagerProtocolServerSideTranslatorPB.java:116)
	at org.apache.hadoop.ozone.protocol.proto.OzoneManagerProtocolProtos$OzoneManagerService$2.callBlockingMethod(OzoneManagerProtocolProtos.java)
	at org.apache.hadoop.ipc.ProtobufRpcEngine$Server.processCall(ProtobufRpcEngine.java:484)
	at org.apache.hadoop.ipc.ProtobufRpcEngine2$Server$ProtoBufRpcInvoker.call(ProtobufRpcEngine2.java:595)
	at org.apache.hadoop.ipc.ProtobufRpcEngine2$Server$ProtoBufRpcInvoker.call(ProtobufRpcEngine2.java:573)
	at org.apache.hadoop.ipc.RPC$Server.call(RPC.java:1227)
	at org.apache.hadoop.ipc.Server$RpcCall.run(Server.java:1246)
	at org.apache.hadoop.ipc.Server$RpcCall.run(Server.java:1169)
	at java.base/java.security.AccessController.doPrivileged(AccessController.java:714)
	at java.base/javax.security.auth.Subject.doAs(Subject.java:525)
	at org.apache.hadoop.security.UserGroupInformation.doAs(UserGroupInformation.java:1953)
	at org.apache.hadoop.ipc.Server$Handler.run(Server.java:3198)
, while invoking $Proxy68.submitRequest over nodeId=omNode-2,nodeAddress=127.0.0.1:15010 after 3 failover attempts. Trying to failover immediately. Current retry count: 3.
2025-04-23 15:45:52,265 [main] INFO  retry.RetryInvocationHandler (RetryInvocationHandler.java:log(426)) - com.google.protobuf.ServiceException: org.apache.hadoop.ipc.RemoteException(org.apache.hadoop.ozone.om.exceptions.OMNotLeaderException): OM:omNode-3 is not the leader. Suggested leader is OM:omNode-1[localhost/127.0.0.1].
	at org.apache.hadoop.ozone.om.ratis.OzoneManagerRatisServer.newOMNotLeaderException(OzoneManagerRatisServer.java:813)
	at org.apache.hadoop.ozone.om.OzoneManager.checkLeaderStatus(OzoneManager.java:4355)
	at org.apache.hadoop.ozone.om.ratis.utils.OzoneManagerRatisUtils.checkLeaderStatus(OzoneManagerRatisUtils.java:500)
	at org.apache.hadoop.ozone.protocolPB.OzoneManagerProtocolServerSideTranslatorPB.internalProcessRequest(OzoneManagerProtocolServerSideTranslatorPB.java:165)
	at org.apache.hadoop.ozone.protocolPB.OzoneManagerProtocolServerSideTranslatorPB.processRequest(OzoneManagerProtocolServerSideTranslatorPB.java:125)
	at org.apache.hadoop.hdds.server.OzoneProtocolMessageDispatcher.processRequest(OzoneProtocolMessageDispatcher.java:87)
	at org.apache.hadoop.ozone.protocolPB.OzoneManagerProtocolServerSideTranslatorPB.submitRequest(OzoneManagerProtocolServerSideTranslatorPB.java:116)
	at org.apache.hadoop.ozone.protocol.proto.OzoneManagerProtocolProtos$OzoneManagerService$2.callBlockingMethod(OzoneManagerProtocolProtos.java)
	at org.apache.hadoop.ipc.ProtobufRpcEngine$Server.processCall(ProtobufRpcEngine.java:484)
	at org.apache.hadoop.ipc.ProtobufRpcEngine2$Server$ProtoBufRpcInvoker.call(ProtobufRpcEngine2.java:595)
	at org.apache.hadoop.ipc.ProtobufRpcEngine2$Server$ProtoBufRpcInvoker.call(ProtobufRpcEngine2.java:573)
	at org.apache.hadoop.ipc.RPC$Server.call(RPC.java:1227)
	at org.apache.hadoop.ipc.Server$RpcCall.run(Server.java:1246)
	at org.apache.hadoop.ipc.Server$RpcCall.run(Server.java:1169)
	at java.base/java.security.AccessController.doPrivileged(AccessController.java:714)
	at java.base/javax.security.auth.Subject.doAs(Subject.java:525)
	at org.apache.hadoop.security.UserGroupInformation.doAs(UserGroupInformation.java:1953)
	at org.apache.hadoop.ipc.Server$Handler.run(Server.java:3198)
, while invoking $Proxy68.submitRequest over nodeId=omNode-3,nodeAddress=127.0.0.1:15014 after 4 failover attempts. Trying to failover after sleeping for 2000ms. Current retry count: 4.
2025-04-23 15:45:54,282 [omNode-1-OMStateMachineApplyTransactionThread - 0] WARN  helpers.OzoneAclUtil (OzoneAclUtil.java:getDefaultAclList(77)) - Failed to get primary group from user user41768 (auth:SIMPLE)
2025-04-23 15:45:54,282 [omNode-2-OMStateMachineApplyTransactionThread - 0] WARN  helpers.OzoneAclUtil (OzoneAclUtil.java:getDefaultAclList(77)) - Failed to get primary group from user user41768 (auth:SIMPLE)
2025-04-23 15:45:54,282 [omNode-1-OMStateMachineApplyTransactionThread - 0] INFO  volume.OMVolumeCreateRequest (OMVolumeCreateRequest.java:validateAndUpdateCache(203)) - created volume:volume7b07608d-16e0-4a19-9bac-42ae14d3a596 for user:user41768
2025-04-23 15:45:54,282 [omNode-3-OMStateMachineApplyTransactionThread - 0] WARN  helpers.OzoneAclUtil (OzoneAclUtil.java:getDefaultAclList(77)) - Failed to get primary group from user user41768 (auth:SIMPLE)
2025-04-23 15:45:54,282 [omNode-3-OMStateMachineApplyTransactionThread - 0] INFO  volume.OMVolumeCreateRequest (OMVolumeCreateRequest.java:validateAndUpdateCache(203)) - created volume:volume7b07608d-16e0-4a19-9bac-42ae14d3a596 for user:user41768
2025-04-23 15:45:54,282 [omNode-2-OMStateMachineApplyTransactionThread - 0] INFO  volume.OMVolumeCreateRequest (OMVolumeCreateRequest.java:validateAndUpdateCache(203)) - created volume:volume7b07608d-16e0-4a19-9bac-42ae14d3a596 for user:user41768
2025-04-23 15:45:54,285 [main] INFO  rpc.RpcClient (RpcClient.java:createBucket(687)) - Creating Bucket: volume7b07608d-16e0-4a19-9bac-42ae14d3a596/7b212b88-044f-43dd-9e78-fab9b3c140a4, with server-side default bucket layout, runner as owner, Versioning false, Storage Type set to DISK and Encryption set to false, Replication Type set to server-side default replication type, Namespace Quota set to -1, Space Quota set to -1 
2025-04-23 15:45:54,291 [omNode-1-OMStateMachineApplyTransactionThread - 0] INFO  bucket.OMBucketCreateRequest (OMBucketCreateRequest.java:validateAndUpdateCache(291)) - created bucket: 7b212b88-044f-43dd-9e78-fab9b3c140a4 of layout OBJECT_STORE in volume: volume7b07608d-16e0-4a19-9bac-42ae14d3a596
2025-04-23 15:45:54,292 [omNode-2-OMStateMachineApplyTransactionThread - 0] INFO  bucket.OMBucketCreateRequest (OMBucketCreateRequest.java:validateAndUpdateCache(291)) - created bucket: 7b212b88-044f-43dd-9e78-fab9b3c140a4 of layout OBJECT_STORE in volume: volume7b07608d-16e0-4a19-9bac-42ae14d3a596
2025-04-23 15:45:54,292 [omNode-3-OMStateMachineApplyTransactionThread - 0] INFO  bucket.OMBucketCreateRequest (OMBucketCreateRequest.java:validateAndUpdateCache(291)) - created bucket: 7b212b88-044f-43dd-9e78-fab9b3c140a4 of layout OBJECT_STORE in volume: volume7b07608d-16e0-4a19-9bac-42ae14d3a596
2025-04-23 15:45:54,404 [main] INFO  om.OzoneManager (OzoneManager.java:stop(2347)) - omNode-1[localhost:15006]: Stopping Ozone Manager
2025-04-23 15:45:54,404 [main] INFO  ipc.Server (Server.java:stop(3697)) - Stopping server on 15006
2025-04-23 15:45:54,406 [IPC Server listener on 15006] INFO  ipc.Server (Server.java:run(1585)) - Stopping IPC Server listener on 15006
2025-04-23 15:45:54,406 [main] INFO  ratis.OzoneManagerRatisServer (OzoneManagerRatisServer.java:stop(634)) - Stopping org.apache.hadoop.ozone.om.ratis.OzoneManagerRatisServer@21cb07ba at port 15009
2025-04-23 15:45:54,406 [main] INFO  server.RaftServer (RaftServerProxy.java:lambda$close$9(417)) - omNode-1: close
2025-04-23 15:45:54,406 [main] INFO  server.GrpcService (GrpcService.java:closeImpl(343)) - omNode-1: shutdown server GrpcServerProtocolService now
2025-04-23 15:45:54,406 [IPC Server Responder] INFO  ipc.Server (Server.java:run(1718)) - Stopping IPC Server Responder
2025-04-23 15:45:54,407 [omNode-1-impl-thread1] INFO  server.RaftServer$Division (RaftServerImpl.java:lambda$close$1(513)) - omNode-1@group-523986131536: shutdown
2025-04-23 15:45:54,407 [omNode-1-impl-thread1] INFO  util.JmxRegister (JmxRegister.java:unregister(74)) - Successfully un-registered JMX Bean with object name Ratis:service=RaftServer,group=group-523986131536,id=omNode-1
2025-04-23 15:45:54,407 [omNode-1-impl-thread1] INFO  impl.RoleInfo (RoleInfo.java:shutdownLeaderState(103)) - omNode-1: shutdown omNode-1@group-523986131536-LeaderStateImpl
2025-04-23 15:45:54,407 [omNode-1-impl-thread1] INFO  impl.PendingRequests (PendingRequests.java:sendNotLeaderResponses(287)) - omNode-1@group-523986131536-PendingRequests: sendNotLeaderResponses
2025-04-23 15:45:54,407 [omNode-1@group-523986131536->omNode-3-GrpcLogAppender-LogAppenderDaemon] WARN  server.GrpcLogAppender (GrpcLogAppender.java:mayWait(293)) - omNode-1@group-523986131536->omNode-3-GrpcLogAppender: Wait interrupted by java.lang.InterruptedException
2025-04-23 15:45:54,408 [omNode-1@group-523986131536->omNode-2-GrpcLogAppender-LogAppenderDaemon] WARN  server.GrpcLogAppender (GrpcLogAppender.java:mayWait(293)) - omNode-1@group-523986131536->omNode-2-GrpcLogAppender: Wait interrupted by java.lang.InterruptedException
2025-04-23 15:45:54,409 [grpc-default-executor-1] INFO  server.GrpcServerProtocolService (GrpcServerProtocolService.java:onCompleted(157)) - omNode-3: Completed APPEND_ENTRIES, lastRequest: null
2025-04-23 15:45:54,409 [Thread-2950] INFO  server.GrpcServerProtocolClient (GrpcServerProtocolClient.java:close(105)) - omNode-3 Close channels
2025-04-23 15:45:54,409 [grpc-default-executor-1] INFO  server.GrpcServerProtocolService (GrpcServerProtocolService.java:lambda$onCompleted$5(159)) - omNode-3: Completed APPEND_ENTRIES, lastReply: serverReply {
  requestorId: "omNode-1"
  replyId: "omNode-3"
  raftGroupId {
    id: "\311\274L\364;\303<`\246kR9\206\023\0256"
  }
  callId: 20
  success: true
}
term: 8
nextIndex: 79
followerCommit: 78
matchIndex: 18446744073709551615
isHearbeat: true

2025-04-23 15:45:54,409 [grpc-default-executor-0] INFO  server.GrpcServerProtocolService (GrpcServerProtocolService.java:onCompleted(157)) - omNode-2: Completed APPEND_ENTRIES, lastRequest: omNode-1->omNode-2#65-t8,previous=(t:8, i:101),leaderCommit=101,initializing? false,entries: size=1, first=(t:8, i:102), METADATAENTRY(c:101)
2025-04-23 15:45:54,409 [grpc-default-executor-0] INFO  server.GrpcServerProtocolService (GrpcServerProtocolService.java:lambda$onCompleted$5(159)) - omNode-2: Completed APPEND_ENTRIES, lastReply: null
2025-04-23 15:45:54,409 [Thread-2952] INFO  server.GrpcServerProtocolClient (GrpcServerProtocolClient.java:close(105)) - omNode-2 Close channels
2025-04-23 15:45:54,410 [omNode-1-impl-thread1] INFO  impl.StateMachineUpdater (StateMachineUpdater.java:stopAndJoin(164)) - omNode-1@group-523986131536-StateMachineUpdater: set stopIndex = 102
2025-04-23 15:45:54,410 [grpc-default-executor-0] INFO  server.GrpcServerProtocolService (GrpcServerProtocolService.java:onCompleted(157)) - omNode-3: Completed APPEND_ENTRIES, lastRequest: omNode-1->omNode-3#81-t8,previous=(t:8, i:101),leaderCommit=101,initializing? false,entries: size=1, first=(t:8, i:102), METADATAENTRY(c:101)
2025-04-23 15:45:54,410 [grpc-default-executor-0] INFO  server.GrpcServerProtocolService (GrpcServerProtocolService.java:lambda$onCompleted$5(159)) - omNode-3: Completed APPEND_ENTRIES, lastReply: null
2025-04-23 15:45:54,410 [grpc-default-executor-1] INFO  server.GrpcServerProtocolService (GrpcServerProtocolService.java:onCompleted(157)) - omNode-2: Completed APPEND_ENTRIES, lastRequest: null
2025-04-23 15:45:54,411 [grpc-default-executor-6] INFO  server.GrpcLogAppender (GrpcLogAppender.java:onCompleted(550)) - omNode-1@group-523986131536->omNode-3-AppendLogResponseHandler: follower responses appendEntries COMPLETED
2025-04-23 15:45:54,411 [grpc-default-executor-6] WARN  server.GrpcLogAppender (GrpcLogAppender.java:resetClient(230)) - omNode-1@group-523986131536->omNode-3-GrpcLogAppender: Failed to getClient for omNode-3
org.apache.ratis.protocol.exceptions.AlreadyClosedException: omNode-1 is already CLOSED
	at org.apache.ratis.util.PeerProxyMap$PeerAndProxy.getProxy(PeerProxyMap.java:67)
	at org.apache.ratis.util.PeerProxyMap.getProxy(PeerProxyMap.java:124)
	at org.apache.ratis.grpc.server.GrpcLogAppender.getClient(GrpcLogAppender.java:200)
	at org.apache.ratis.grpc.server.GrpcLogAppender.resetClient(GrpcLogAppender.java:205)
	at org.apache.ratis.grpc.server.GrpcLogAppender.access$800(GrpcLogAppender.java:64)
	at org.apache.ratis.grpc.server.GrpcLogAppender$AppendLogResponseHandler.onCompleted(GrpcLogAppender.java:551)
	at org.apache.ratis.thirdparty.io.grpc.stub.ClientCalls$StreamObserverToCallListenerAdapter.onClose(ClientCalls.java:479)
	at org.apache.ratis.thirdparty.io.grpc.internal.DelayedClientCall$DelayedListener$3.run(DelayedClientCall.java:489)
	at org.apache.ratis.thirdparty.io.grpc.internal.DelayedClientCall$DelayedListener.delayOrExecute(DelayedClientCall.java:453)
	at org.apache.ratis.thirdparty.io.grpc.internal.DelayedClientCall$DelayedListener.onClose(DelayedClientCall.java:486)
	at org.apache.ratis.thirdparty.io.grpc.internal.ClientCallImpl.closeObserver(ClientCallImpl.java:567)
	at org.apache.ratis.thirdparty.io.grpc.internal.ClientCallImpl.access$300(ClientCallImpl.java:71)
	at org.apache.ratis.thirdparty.io.grpc.internal.ClientCallImpl$ClientStreamListenerImpl$1StreamClosed.runInternal(ClientCallImpl.java:735)
	at org.apache.ratis.thirdparty.io.grpc.internal.ClientCallImpl$ClientStreamListenerImpl$1StreamClosed.runInContext(ClientCallImpl.java:716)
	at org.apache.ratis.thirdparty.io.grpc.internal.ContextRunnable.run(ContextRunnable.java:37)
	at org.apache.ratis.thirdparty.io.grpc.internal.SerializingExecutor.run(SerializingExecutor.java:133)
	at java.base/java.util.concurrent.ThreadPoolExecutor.runWorker(ThreadPoolExecutor.java:1144)
	at java.base/java.util.concurrent.ThreadPoolExecutor$Worker.run(ThreadPoolExecutor.java:642)
	at java.base/java.lang.Thread.run(Thread.java:1583)
2025-04-23 15:45:54,411 [grpc-default-executor-1] INFO  server.GrpcServerProtocolService (GrpcServerProtocolService.java:lambda$onCompleted$5(159)) - omNode-2: Completed APPEND_ENTRIES, lastReply: serverReply {
  requestorId: "omNode-1"
  replyId: "omNode-2"
  raftGroupId {
    id: "\311\274L\364;\303<`\246kR9\206\023\0256"
  }
  callId: 13
  success: true
}
term: 8
nextIndex: 79
followerCommit: 78
matchIndex: 18446744073709551615
isHearbeat: true

2025-04-23 15:45:54,411 [grpc-default-executor-2] INFO  server.GrpcLogAppender (GrpcLogAppender.java:onCompleted(550)) - omNode-1@group-523986131536->omNode-2-AppendLogResponseHandler: follower responses appendEntries COMPLETED
2025-04-23 15:45:54,411 [grpc-default-executor-5] INFO  server.GrpcLogAppender (GrpcLogAppender.java:onCompleted(550)) - omNode-1@group-523986131536->omNode-3-AppendLogResponseHandler: follower responses appendEntries COMPLETED
2025-04-23 15:45:54,411 [grpc-default-executor-5] WARN  server.GrpcLogAppender (GrpcLogAppender.java:resetClient(230)) - omNode-1@group-523986131536->omNode-3-GrpcLogAppender: Failed to getClient for omNode-3
org.apache.ratis.protocol.exceptions.AlreadyClosedException: omNode-1 is already CLOSED
	at org.apache.ratis.util.PeerProxyMap$PeerAndProxy.getProxy(PeerProxyMap.java:67)
	at org.apache.ratis.util.PeerProxyMap.getProxy(PeerProxyMap.java:124)
	at org.apache.ratis.grpc.server.GrpcLogAppender.getClient(GrpcLogAppender.java:200)
	at org.apache.ratis.grpc.server.GrpcLogAppender.resetClient(GrpcLogAppender.java:205)
	at org.apache.ratis.grpc.server.GrpcLogAppender.access$800(GrpcLogAppender.java:64)
	at org.apache.ratis.grpc.server.GrpcLogAppender$AppendLogResponseHandler.onCompleted(GrpcLogAppender.java:551)
	at org.apache.ratis.thirdparty.io.grpc.stub.ClientCalls$StreamObserverToCallListenerAdapter.onClose(ClientCalls.java:479)
	at org.apache.ratis.thirdparty.io.grpc.internal.ClientCallImpl.closeObserver(ClientCallImpl.java:567)
	at org.apache.ratis.thirdparty.io.grpc.internal.ClientCallImpl.access$300(ClientCallImpl.java:71)
	at org.apache.ratis.thirdparty.io.grpc.internal.ClientCallImpl$ClientStreamListenerImpl$1StreamClosed.runInternal(ClientCallImpl.java:735)
	at org.apache.ratis.thirdparty.io.grpc.internal.ClientCallImpl$ClientStreamListenerImpl$1StreamClosed.runInContext(ClientCallImpl.java:716)
	at org.apache.ratis.thirdparty.io.grpc.internal.ContextRunnable.run(ContextRunnable.java:37)
	at org.apache.ratis.thirdparty.io.grpc.internal.SerializingExecutor.run(SerializingExecutor.java:133)
	at java.base/java.util.concurrent.ThreadPoolExecutor.runWorker(ThreadPoolExecutor.java:1144)
	at java.base/java.util.concurrent.ThreadPoolExecutor$Worker.run(ThreadPoolExecutor.java:642)
	at java.base/java.lang.Thread.run(Thread.java:1583)
2025-04-23 15:45:54,411 [grpc-default-executor-2] WARN  server.GrpcLogAppender (GrpcLogAppender.java:resetClient(230)) - omNode-1@group-523986131536->omNode-2-GrpcLogAppender: Failed to getClient for omNode-2
org.apache.ratis.protocol.exceptions.AlreadyClosedException: omNode-1 is already CLOSED
	at org.apache.ratis.util.PeerProxyMap$PeerAndProxy.getProxy(PeerProxyMap.java:67)
	at org.apache.ratis.util.PeerProxyMap.getProxy(PeerProxyMap.java:124)
	at org.apache.ratis.grpc.server.GrpcLogAppender.getClient(GrpcLogAppender.java:200)
	at org.apache.ratis.grpc.server.GrpcLogAppender.resetClient(GrpcLogAppender.java:205)
	at org.apache.ratis.grpc.server.GrpcLogAppender.access$800(GrpcLogAppender.java:64)
	at org.apache.ratis.grpc.server.GrpcLogAppender$AppendLogResponseHandler.onCompleted(GrpcLogAppender.java:551)
	at org.apache.ratis.thirdparty.io.grpc.stub.ClientCalls$StreamObserverToCallListenerAdapter.onClose(ClientCalls.java:479)
	at org.apache.ratis.thirdparty.io.grpc.internal.ClientCallImpl.closeObserver(ClientCallImpl.java:567)
	at org.apache.ratis.thirdparty.io.grpc.internal.ClientCallImpl.access$300(ClientCallImpl.java:71)
	at org.apache.ratis.thirdparty.io.grpc.internal.ClientCallImpl$ClientStreamListenerImpl$1StreamClosed.runInternal(ClientCallImpl.java:735)
	at org.apache.ratis.thirdparty.io.grpc.internal.ClientCallImpl$ClientStreamListenerImpl$1StreamClosed.runInContext(ClientCallImpl.java:716)
	at org.apache.ratis.thirdparty.io.grpc.internal.ContextRunnable.run(ContextRunnable.java:37)
	at org.apache.ratis.thirdparty.io.grpc.internal.SerializingExecutor.run(SerializingExecutor.java:133)
	at java.base/java.util.concurrent.ThreadPoolExecutor.runWorker(ThreadPoolExecutor.java:1144)
	at java.base/java.util.concurrent.ThreadPoolExecutor$Worker.run(ThreadPoolExecutor.java:642)
	at java.base/java.lang.Thread.run(Thread.java:1583)
2025-04-23 15:45:54,412 [grpc-default-executor-2] INFO  server.GrpcLogAppender (GrpcLogAppender.java:onCompleted(550)) - omNode-1@group-523986131536->omNode-2-AppendLogResponseHandler: follower responses appendEntries COMPLETED
2025-04-23 15:45:54,412 [grpc-default-executor-2] WARN  server.GrpcLogAppender (GrpcLogAppender.java:resetClient(230)) - omNode-1@group-523986131536->omNode-2-GrpcLogAppender: Failed to getClient for omNode-2
org.apache.ratis.protocol.exceptions.AlreadyClosedException: omNode-1 is already CLOSED
	at org.apache.ratis.util.PeerProxyMap$PeerAndProxy.getProxy(PeerProxyMap.java:67)
	at org.apache.ratis.util.PeerProxyMap.getProxy(PeerProxyMap.java:124)
	at org.apache.ratis.grpc.server.GrpcLogAppender.getClient(GrpcLogAppender.java:200)
	at org.apache.ratis.grpc.server.GrpcLogAppender.resetClient(GrpcLogAppender.java:205)
	at org.apache.ratis.grpc.server.GrpcLogAppender.access$800(GrpcLogAppender.java:64)
	at org.apache.ratis.grpc.server.GrpcLogAppender$AppendLogResponseHandler.onCompleted(GrpcLogAppender.java:551)
	at org.apache.ratis.thirdparty.io.grpc.stub.ClientCalls$StreamObserverToCallListenerAdapter.onClose(ClientCalls.java:479)
	at org.apache.ratis.thirdparty.io.grpc.internal.DelayedClientCall$DelayedListener$3.run(DelayedClientCall.java:489)
	at org.apache.ratis.thirdparty.io.grpc.internal.DelayedClientCall$DelayedListener.delayOrExecute(DelayedClientCall.java:453)
	at org.apache.ratis.thirdparty.io.grpc.internal.DelayedClientCall$DelayedListener.onClose(DelayedClientCall.java:486)
	at org.apache.ratis.thirdparty.io.grpc.internal.ClientCallImpl.closeObserver(ClientCallImpl.java:567)
	at org.apache.ratis.thirdparty.io.grpc.internal.ClientCallImpl.access$300(ClientCallImpl.java:71)
	at org.apache.ratis.thirdparty.io.grpc.internal.ClientCallImpl$ClientStreamListenerImpl$1StreamClosed.runInternal(ClientCallImpl.java:735)
	at org.apache.ratis.thirdparty.io.grpc.internal.ClientCallImpl$ClientStreamListenerImpl$1StreamClosed.runInContext(ClientCallImpl.java:716)
	at org.apache.ratis.thirdparty.io.grpc.internal.ContextRunnable.run(ContextRunnable.java:37)
	at org.apache.ratis.thirdparty.io.grpc.internal.SerializingExecutor.run(SerializingExecutor.java:133)
	at java.base/java.util.concurrent.ThreadPoolExecutor.runWorker(ThreadPoolExecutor.java:1144)
	at java.base/java.util.concurrent.ThreadPoolExecutor$Worker.run(ThreadPoolExecutor.java:642)
	at java.base/java.lang.Thread.run(Thread.java:1583)
2025-04-23 15:45:54,413 [main] INFO  server.GrpcService (GrpcService.java:closeImpl(352)) - omNode-1: shutdown server GrpcServerProtocolService successfully
2025-04-23 15:45:54,435 [omNode-1@group-523986131536-StateMachineUpdater] INFO  ratis.OzoneManagerStateMachine (OzoneManagerStateMachine.java:takeSnapshotImpl(510)) - omNode-1: taking snapshot. applied = (t:8, i:102), skipped = 101, notified = (t:8, i:102), current snapshot index = (t:8, i:102), took 25 ms
2025-04-23 15:45:54,435 [omNode-1@group-523986131536-StateMachineUpdater] INFO  impl.StateMachineUpdater (StateMachineUpdater.java:takeSnapshot(303)) - omNode-1@group-523986131536-StateMachineUpdater: Took a snapshot at index 102
2025-04-23 15:45:54,435 [omNode-1@group-523986131536-StateMachineUpdater] INFO  impl.StateMachineUpdater (StateMachineUpdater.java:lambda$new$0(102)) - omNode-1@group-523986131536-StateMachineUpdater: snapshotIndex: updateIncreasingly 76 -> 102
2025-04-23 15:45:54,436 [omNode-1@group-523986131536-StateMachineUpdater] INFO  raftlog.RaftLog (RaftLogBase.java:purge(325)) - omNode-1@group-523986131536-SegmentedRaftLog: purge 102
2025-04-23 15:45:54,436 [omNode-1@group-523986131536-StateMachineUpdater] INFO  raftlog.RaftLog (RaftLogBase.java:lambda$new$0(54)) - omNode-1@group-523986131536-SegmentedRaftLog: snapshotIndex: updateIncreasingly 76 -> 102
2025-04-23 15:45:54,436 [omNode-1@group-523986131536-StateMachineUpdater] INFO  raftlog.RaftLog (SegmentedRaftLog.java:purgeImpl(382)) - omNode-1@group-523986131536-SegmentedRaftLog: purge(102)
  toTruncate: null
    toDelete: [(73, 76) isOpen? false, length=0, newEndIndex=0, (69, 72) isOpen? false, length=0, newEndIndex=0, (35, 68) isOpen? false, length=0, newEndIndex=0]
2025-04-23 15:45:54,436 [omNode-1@group-523986131536-SegmentedRaftLogWorker] INFO  segmented.SegmentedRaftLogWorker (SegmentedRaftLogWorker.java:execute(481)) - omNode-1@group-523986131536-SegmentedRaftLogWorker: Purged RaftLog segment: info=(73, 76) isOpen? false, length=0, newEndIndex=0, path=/home/runner/work/ozone/ozone/hadoop-ozone/integration-test/target/test-dir/MiniOzoneClusterImpl-5cf50c17-c591-473f-a8c4-88d8665d28d7/omNode-1/ratis/c9bc4cf4-3bc3-3c60-a66b-523986131536/current/log_73-76
2025-04-23 15:45:54,436 [omNode-1@group-523986131536-StateMachineUpdater] INFO  impl.StateMachineUpdater (StateMachineUpdater.java:stop(141)) - omNode-1@group-523986131536-StateMachineUpdater: closing OzoneManagerStateMachine, lastApplied=(t:8, i:102)
2025-04-23 15:45:54,436 [omNode-1@group-523986131536-StateMachineUpdater] INFO  ratis.OzoneManagerStateMachine (OzoneManagerStateMachine.java:close(550)) - Stopping OzoneManagerStateMachine:omNode-1:group-523986131536.
2025-04-23 15:45:54,436 [omNode-1@group-523986131536-StateMachineUpdater] INFO  ratis.OzoneManagerDoubleBuffer (OzoneManagerDoubleBuffer.java:stopDaemon(500)) - Stopping OMDoubleBuffer flush thread
2025-04-23 15:45:54,436 [omNode-1@group-523986131536-SegmentedRaftLogWorker] INFO  segmented.SegmentedRaftLogWorker (SegmentedRaftLogWorker.java:execute(481)) - omNode-1@group-523986131536-SegmentedRaftLogWorker: Purged RaftLog segment: info=(69, 72) isOpen? false, length=0, newEndIndex=0, path=/home/runner/work/ozone/ozone/hadoop-ozone/integration-test/target/test-dir/MiniOzoneClusterImpl-5cf50c17-c591-473f-a8c4-88d8665d28d7/omNode-1/ratis/c9bc4cf4-3bc3-3c60-a66b-523986131536/current/log_69-72
2025-04-23 15:45:54,436 [omNode-1-OMDoubleBufferFlushThread] INFO  ratis.OzoneManagerDoubleBuffer (OzoneManagerDoubleBuffer.java:canFlush(559)) - OMDoubleBuffer flush thread omNode-1-OMDoubleBufferFlushThread is interrupted and will exit.
2025-04-23 15:45:54,436 [omNode-1@group-523986131536-SegmentedRaftLogWorker] INFO  segmented.SegmentedRaftLogWorker (SegmentedRaftLogWorker.java:execute(481)) - omNode-1@group-523986131536-SegmentedRaftLogWorker: Purged RaftLog segment: info=(35, 68) isOpen? false, length=0, newEndIndex=0, path=/home/runner/work/ozone/ozone/hadoop-ozone/integration-test/target/test-dir/MiniOzoneClusterImpl-5cf50c17-c591-473f-a8c4-88d8665d28d7/omNode-1/ratis/c9bc4cf4-3bc3-3c60-a66b-523986131536/current/log_35-68
2025-04-23 15:45:54,436 [omNode-1@group-523986131536-SegmentedRaftLogWorker] INFO  raftlog.RaftLog (RaftLogBase.java:lambda$new$0(54)) - omNode-1@group-523986131536-SegmentedRaftLog: purgeIndex: updateToMax old=34, new=76, updated? true
2025-04-23 15:45:54,437 [omNode-1@group-523986131536-cacheEviction-AwaitToRun] INFO  util.AwaitToRun (AwaitToRun.java:run(49)) - omNode-1@group-523986131536-cacheEviction-AwaitToRun-AwaitForSignal is interrupted
2025-04-23 15:45:55,438 [omNode-1-impl-thread1] INFO  segmented.SegmentedRaftLogWorker (SegmentedRaftLogWorker.java:close(252)) - omNode-1@group-523986131536-SegmentedRaftLogWorker close()
2025-04-23 15:45:55,438 [JvmPauseMonitor21] INFO  util.JvmPauseMonitor (JvmPauseMonitor.java:run(152)) - JvmPauseMonitor-omNode-1: Stopped
2025-04-23 15:45:55,438 [main] INFO  utils.BackgroundService (BackgroundService.java:shutdown(161)) - Shutting down service KeyDeletingService
2025-04-23 15:45:55,439 [main] INFO  utils.BackgroundService (BackgroundService.java:shutdown(161)) - Shutting down service DirectoryDeletingService
2025-04-23 15:45:55,440 [main] INFO  utils.BackgroundService (BackgroundService.java:shutdown(161)) - Shutting down service OpenKeyCleanupService
2025-04-23 15:45:55,440 [main] INFO  utils.BackgroundService (BackgroundService.java:shutdown(161)) - Shutting down service SstFilteringService
2025-04-23 15:45:55,440 [main] INFO  utils.BackgroundService (BackgroundService.java:shutdown(161)) - Shutting down service SnapshotDeletingService
2025-04-23 15:45:55,440 [main] INFO  utils.BackgroundService (BackgroundService.java:shutdown(161)) - Shutting down service MultipartUploadCleanupService
2025-04-23 15:45:55,441 [main] INFO  handler.ContextHandler (ContextHandler.java:doStop(1159)) - Stopped o.e.j.w.WebAppContext@4909267f{ozoneManager,/,null,STOPPED}{file:/home/runner/work/ozone/ozone/hadoop-ozone/integration-test/target/test-classes/webapps/ozoneManager}
2025-04-23 15:45:55,442 [main] INFO  server.AbstractConnector (AbstractConnector.java:doStop(383)) - Stopped ServerConnector@2a9bc127{HTTP/1.1, (http/1.1)}{0.0.0.0:15007}
2025-04-23 15:45:55,442 [main] INFO  server.session (HouseKeeper.java:stopScavenging(149)) - node0 Stopped scavenging
2025-04-23 15:45:55,442 [main] INFO  handler.ContextHandler (ContextHandler.java:doStop(1159)) - Stopped o.e.j.s.ServletContextHandler@3a19405{static,/static,file:///home/runner/work/ozone/ozone/hadoop-ozone/integration-test/target/test-classes/webapps/static,STOPPED}
2025-04-23 15:45:55,442 [main] INFO  handler.ContextHandler (ContextHandler.java:doStop(1159)) - Stopped o.e.j.s.ServletContextHandler@19d10355{logs,/logs,file:///home/runner/work/ozone/ozone/hadoop-ozone/integration-test/target/log,STOPPED}
2025-04-23 15:45:55,443 [main] INFO  rocksdiff.RocksDBCheckpointDiffer (RocksDBCheckpointDiffer.java:close(304)) - Shutting down CompactionDagPruningService.
2025-04-23 15:45:55,444 [main] INFO  snapshot.SnapshotDiffManager (SnapshotDiffManager.java:closeExecutorService(1698)) - Shutting down executorService: 'SnapDiffExecutor'
2025-04-23 15:45:55,444 [main] INFO  utils.BackgroundService (BackgroundService.java:shutdown(161)) - Shutting down service SnapshotDiffCleanupService
2025-04-23 15:45:55,628 [omNode-3@group-523986131536-FollowerState] INFO  impl.FollowerState (FollowerState.java:runImpl(161)) - omNode-3@group-523986131536-FollowerState: change to CANDIDATE, lastRpcElapsedTime:1237842102ns, electionTimeout:1105ms
2025-04-23 15:45:55,628 [omNode-3@group-523986131536-FollowerState] INFO  impl.RoleInfo (RoleInfo.java:shutdownFollowerState(121)) - omNode-3: shutdown omNode-3@group-523986131536-FollowerState
2025-04-23 15:45:55,628 [omNode-3@group-523986131536-FollowerState] INFO  server.RaftServer$Division (RaftServerImpl.java:setRole(378)) - omNode-3@group-523986131536: changes role from  FOLLOWER to CANDIDATE at term 8 for changeToCandidate
2025-04-23 15:45:55,628 [omNode-3@group-523986131536-FollowerState] INFO  server.RaftServerConfigKeys (ConfUtils.java:logGet(46)) - raft.server.leaderelection.pre-vote = true (default)
2025-04-23 15:45:55,628 [omNode-3@group-523986131536-FollowerState] INFO  impl.RoleInfo (RoleInfo.java:updateAndGet(148)) - omNode-3: start omNode-3@group-523986131536-LeaderElection19
2025-04-23 15:45:55,628 [omNode-3@group-523986131536-LeaderElection19] INFO  server.RaftServer$Division (ServerState.java:setLeader(272)) - omNode-3@group-523986131536: change Leader from omNode-1 to null at term 8 for PRE_VOTE
2025-04-23 15:45:55,628 [omNode-3@group-523986131536-LeaderElection19] INFO  impl.LeaderElection (LeaderElection.java:askForVotes(332)) - omNode-3@group-523986131536-LeaderElection19 PRE_VOTE round 0: submit vote requests at term 8 for conf: {index: 77, cur=peers:[omNode-3|localhost:15017, omNode-1|localhost:15009, omNode-2|localhost:15013]|listeners:[], old=null}
2025-04-23 15:45:55,630 [omNode-3@group-523986131536-LeaderElection19] INFO  impl.LeaderElection (LogUtils.java:infoOrTrace(136)) - omNode-3@group-523986131536-LeaderElection19 got exception when requesting votes: java.util.concurrent.ExecutionException: org.apache.ratis.thirdparty.io.grpc.StatusRuntimeException: UNAVAILABLE: io exception
2025-04-23 15:45:55,630 [grpc-default-executor-2] INFO  server.RaftServer$Division (RaftServerImpl.java:requestVote(1407)) - omNode-2@group-523986131536: receive requestVote(PRE_VOTE, omNode-3, group-523986131536, 8, (t:8, i:102))
2025-04-23 15:45:55,631 [grpc-default-executor-2] INFO  impl.VoteContext (VoteContext.java:log(49)) - omNode-2@group-523986131536-FOLLOWER: accept PRE_VOTE from omNode-3: our priority 0 <= candidate's priority 0
2025-04-23 15:45:55,631 [grpc-default-executor-2] INFO  server.RaftServer$Division (RaftServerImpl.java:requestVote(1441)) - omNode-2@group-523986131536 replies to PRE_VOTE vote request: omNode-3<-omNode-2#0:OK-t8. Peer's state: omNode-2@group-523986131536:t8, leader=omNode-1, voted=omNode-1, raftlog=Memoized:omNode-2@group-523986131536-SegmentedRaftLog:OPENED:c101:last(t:8, i:102), conf=conf: {index: 77, cur=peers:[omNode-3|localhost:15017, omNode-1|localhost:15009, omNode-2|localhost:15013]|listeners:[], old=null}
2025-04-23 15:45:55,631 [omNode-3@group-523986131536-LeaderElection19] INFO  impl.LeaderElection (LeaderElection.java:logAndReturn(90)) - omNode-3@group-523986131536-LeaderElection19: PRE_VOTE PASSED received 1 response(s) and 1 exception(s):
2025-04-23 15:45:55,631 [omNode-3@group-523986131536-LeaderElection19] INFO  impl.LeaderElection (LeaderElection.java:logAndReturn(94)) -   Response 0: omNode-3<-omNode-2#0:OK-t8
2025-04-23 15:45:55,631 [omNode-3@group-523986131536-LeaderElection19] INFO  impl.LeaderElection (LogUtils.java:infoOrTrace(136)) -   Exception 1: java.util.concurrent.ExecutionException: org.apache.ratis.thirdparty.io.grpc.StatusRuntimeException: UNAVAILABLE: io exception
2025-04-23 15:45:55,632 [omNode-3@group-523986131536-LeaderElection19] INFO  impl.LeaderElection (LeaderElection.java:askForVotes(334)) - omNode-3@group-523986131536-LeaderElection19 PRE_VOTE round 0: result PASSED
2025-04-23 15:45:55,633 [omNode-3@group-523986131536-LeaderElection19] INFO  impl.LeaderElection (LeaderElection.java:askForVotes(332)) - omNode-3@group-523986131536-LeaderElection19 ELECTION round 0: submit vote requests at term 9 for conf: {index: 77, cur=peers:[omNode-3|localhost:15017, omNode-1|localhost:15009, omNode-2|localhost:15013]|listeners:[], old=null}
2025-04-23 15:45:55,634 [omNode-3@group-523986131536-LeaderElection19] INFO  impl.LeaderElection (LogUtils.java:infoOrTrace(136)) - omNode-3@group-523986131536-LeaderElection19 got exception when requesting votes: java.util.concurrent.ExecutionException: org.apache.ratis.thirdparty.io.grpc.StatusRuntimeException: UNAVAILABLE: io exception
2025-04-23 15:45:55,634 [grpc-default-executor-2] INFO  server.RaftServer$Division (RaftServerImpl.java:requestVote(1407)) - omNode-2@group-523986131536: receive requestVote(ELECTION, omNode-3, group-523986131536, 9, (t:8, i:102))
2025-04-23 15:45:55,635 [grpc-default-executor-2] INFO  impl.VoteContext (VoteContext.java:log(49)) - omNode-2@group-523986131536-FOLLOWER: accept ELECTION from omNode-3: our priority 0 <= candidate's priority 0
2025-04-23 15:45:55,635 [grpc-default-executor-2] INFO  server.RaftServer$Division (RaftServerImpl.java:setRole(378)) - omNode-2@group-523986131536: changes role from  FOLLOWER to FOLLOWER at term 8 for candidate:omNode-3
2025-04-23 15:45:55,635 [grpc-default-executor-2] INFO  impl.RoleInfo (RoleInfo.java:shutdownFollowerState(121)) - omNode-2: shutdown omNode-2@group-523986131536-FollowerState
2025-04-23 15:45:55,635 [grpc-default-executor-2] INFO  server.RaftServer$Division (ServerState.java:setLeader(272)) - omNode-2@group-523986131536: change Leader from omNode-1 to null at term 9 for updateCurrentTerm
2025-04-23 15:45:55,635 [grpc-default-executor-2] INFO  impl.RoleInfo (RoleInfo.java:updateAndGet(148)) - omNode-2: start omNode-2@group-523986131536-FollowerState
2025-04-23 15:45:55,635 [omNode-2@group-523986131536-FollowerState] INFO  impl.FollowerState (FollowerState.java:runImpl(170)) - omNode-2@group-523986131536-FollowerState was interrupted
2025-04-23 15:45:55,637 [grpc-default-executor-2] INFO  server.RaftServer$Division (RaftServerImpl.java:requestVote(1441)) - omNode-2@group-523986131536 replies to ELECTION vote request: omNode-3<-omNode-2#0:OK-t9. Peer's state: omNode-2@group-523986131536:t9, leader=null, voted=omNode-3, raftlog=Memoized:omNode-2@group-523986131536-SegmentedRaftLog:OPENED:c101:last(t:8, i:102), conf=conf: {index: 77, cur=peers:[omNode-3|localhost:15017, omNode-1|localhost:15009, omNode-2|localhost:15013]|listeners:[], old=null}
2025-04-23 15:45:55,637 [omNode-3@group-523986131536-LeaderElection19] INFO  impl.LeaderElection (LeaderElection.java:logAndReturn(90)) - omNode-3@group-523986131536-LeaderElection19: ELECTION PASSED received 1 response(s) and 1 exception(s):
2025-04-23 15:45:55,637 [omNode-3@group-523986131536-LeaderElection19] INFO  impl.LeaderElection (LeaderElection.java:logAndReturn(94)) -   Response 0: omNode-3<-omNode-2#0:OK-t9
2025-04-23 15:45:55,638 [omNode-3@group-523986131536-LeaderElection19] INFO  impl.LeaderElection (LogUtils.java:infoOrTrace(136)) -   Exception 1: java.util.concurrent.ExecutionException: org.apache.ratis.thirdparty.io.grpc.StatusRuntimeException: UNAVAILABLE: io exception
2025-04-23 15:45:55,638 [omNode-3@group-523986131536-LeaderElection19] INFO  impl.LeaderElection (LeaderElection.java:askForVotes(334)) - omNode-3@group-523986131536-LeaderElection19 ELECTION round 0: result PASSED
2025-04-23 15:45:55,638 [omNode-3@group-523986131536-LeaderElection19] INFO  impl.RoleInfo (RoleInfo.java:shutdownLeaderElection(141)) - omNode-3: shutdown omNode-3@group-523986131536-LeaderElection19
2025-04-23 15:45:55,638 [omNode-3@group-523986131536-LeaderElection19] INFO  server.RaftServer$Division (RaftServerImpl.java:setRole(378)) - omNode-3@group-523986131536: changes role from CANDIDATE to LEADER at term 9 for changeToLeader
2025-04-23 15:45:55,638 [omNode-3@group-523986131536-LeaderElection19] INFO  server.RaftServerConfigKeys (ConfUtils.java:logGet(46)) - raft.server.staging.catchup.gap = 1000 (default)
2025-04-23 15:45:55,638 [omNode-3@group-523986131536-LeaderElection19] INFO  server.RaftServerConfigKeys (ConfUtils.java:logGet(46)) - raft.server.write.element-limit = 4096 (default)
2025-04-23 15:45:55,638 [omNode-3@group-523986131536-LeaderElection19] INFO  server.RaftServerConfigKeys (ConfUtils.java:logGet(46)) - raft.server.write.byte-limit = 64MB (=67108864) (default)
2025-04-23 15:45:55,638 [omNode-3@group-523986131536-LeaderElection19] INFO  server.RaftServerConfigKeys (ConfUtils.java:logGet(46)) - raft.server.watch.timeout = 10s (default)
2025-04-23 15:45:55,638 [omNode-3@group-523986131536-LeaderElection19] INFO  server.RaftServerConfigKeys (ConfUtils.java:logGet(46)) - raft.server.watch.timeout.denomination = 1s (default)
2025-04-23 15:45:55,638 [omNode-3@group-523986131536-LeaderElection19] INFO  server.RaftServerConfigKeys (ConfUtils.java:logGet(46)) - raft.server.watch.element-limit = 65536 (default)
2025-04-23 15:45:55,639 [omNode-3@group-523986131536-LeaderElection19] INFO  server.RaftServerConfigKeys (ConfUtils.java:logGet(46)) - raft.server.read.leader.lease.enabled = false (default)
2025-04-23 15:45:55,639 [omNode-3@group-523986131536-LeaderElection19] INFO  server.RaftServerConfigKeys (ConfUtils.java:logGet(46)) - raft.server.read.leader.lease.timeout.ratio = 0.9 (default)
2025-04-23 15:45:55,639 [omNode-3@group-523986131536-LeaderElection19] INFO  server.RaftServerConfigKeys (ConfUtils.java:logGet(46)) - raft.server.rpc.timeout.min = 1s (custom)
2025-04-23 15:45:55,639 [omNode-3@group-523986131536-LeaderElection19] INFO  server.RaftServerConfigKeys (ConfUtils.java:logGet(46)) - raft.server.log.log-metadata.enabled = true (default)
2025-04-23 15:45:55,639 [omNode-3@group-523986131536-LeaderElection19] INFO  server.RaftServerConfigKeys (ConfUtils.java:logGet(46)) - raft.server.write.element-limit = 4096 (default)
2025-04-23 15:45:55,639 [omNode-3@group-523986131536-LeaderElection19] INFO  server.RaftServerConfigKeys (ConfUtils.java:logGet(46)) - raft.server.write.follower.gap.ratio.max = -1.0 (default)
2025-04-23 15:45:55,639 [omNode-3@group-523986131536-LeaderElection19] INFO  server.RaftServerConfigKeys (ConfUtils.java:logGet(46)) - raft.server.log.appender.snapshot.chunk.size.max = 16MB (=16777216) (default)
2025-04-23 15:45:55,639 [omNode-3@group-523986131536-LeaderElection19] INFO  server.RaftServerConfigKeys (ConfUtils.java:logGet(46)) - raft.server.log.appender.buffer.byte-limit = 4194304 (custom)
2025-04-23 15:45:55,639 [omNode-3@group-523986131536-LeaderElection19] INFO  server.RaftServerConfigKeys (ConfUtils.java:logGet(46)) - raft.server.log.appender.buffer.element-limit = 1024 (custom)
2025-04-23 15:45:55,640 [omNode-3@group-523986131536-LeaderElection19] INFO  server.RaftServerConfigKeys (ConfUtils.java:logGet(46)) - raft.server.log.appender.wait-time.min = 0ms (custom)
2025-04-23 15:45:55,640 [omNode-3@group-523986131536-LeaderElection19] INFO  grpc.GrpcConfigKeys (ConfUtils.java:logGet(46)) - raft.grpc.server.leader.outstanding.appends.max = 8 (default)
2025-04-23 15:45:55,640 [omNode-3@group-523986131536-LeaderElection19] INFO  server.RaftServerConfigKeys (ConfUtils.java:logGet(46)) - raft.server.rpc.request.timeout = 3000ms (default)
2025-04-23 15:45:55,640 [omNode-3@group-523986131536-LeaderElection19] INFO  grpc.GrpcConfigKeys (ConfUtils.java:logGet(46)) - raft.grpc.server.install_snapshot.request.element-limit = 8 (default)
2025-04-23 15:45:55,640 [omNode-3@group-523986131536-LeaderElection19] INFO  grpc.GrpcConfigKeys (ConfUtils.java:logGet(46)) - raft.grpc.server.install_snapshot.request.timeout = 3000ms (default)
2025-04-23 15:45:55,640 [omNode-3@group-523986131536-LeaderElection19] INFO  grpc.GrpcConfigKeys (ConfUtils.java:logGet(46)) - raft.grpc.server.log-message.batch.duration = 5s (default)
2025-04-23 15:45:55,640 [omNode-3@group-523986131536-LeaderElection19] INFO  server.RaftServerConfigKeys (ConfUtils.java:logGet(46)) - raft.server.log.appender.install.snapshot.enabled = false (custom)
2025-04-23 15:45:55,640 [omNode-3@group-523986131536-LeaderElection19] INFO  grpc.GrpcConfigKeys (ConfUtils.java:logGet(46)) - raft.grpc.server.heartbeat.channel = true (default)
2025-04-23 15:45:55,641 [omNode-3@group-523986131536-LeaderElection19] INFO  server.RaftServerConfigKeys (ConfUtils.java:logGet(46)) - raft.server.log.appender.snapshot.chunk.size.max = 16MB (=16777216) (default)
2025-04-23 15:45:55,641 [omNode-3@group-523986131536-LeaderElection19] INFO  server.RaftServerConfigKeys (ConfUtils.java:logGet(46)) - raft.server.log.appender.buffer.byte-limit = 4194304 (custom)
2025-04-23 15:45:55,641 [omNode-3@group-523986131536-LeaderElection19] INFO  server.RaftServerConfigKeys (ConfUtils.java:logGet(46)) - raft.server.log.appender.buffer.element-limit = 1024 (custom)
2025-04-23 15:45:55,641 [omNode-3@group-523986131536-LeaderElection19] INFO  server.RaftServerConfigKeys (ConfUtils.java:logGet(46)) - raft.server.log.appender.wait-time.min = 0ms (custom)
2025-04-23 15:45:55,641 [omNode-3@group-523986131536-LeaderElection19] INFO  grpc.GrpcConfigKeys (ConfUtils.java:logGet(46)) - raft.grpc.server.leader.outstanding.appends.max = 8 (default)
2025-04-23 15:45:55,641 [omNode-3@group-523986131536-LeaderElection19] INFO  server.RaftServerConfigKeys (ConfUtils.java:logGet(46)) - raft.server.rpc.request.timeout = 3000ms (default)
2025-04-23 15:45:55,641 [omNode-3@group-523986131536-LeaderElection19] INFO  grpc.GrpcConfigKeys (ConfUtils.java:logGet(46)) - raft.grpc.server.install_snapshot.request.element-limit = 8 (default)
2025-04-23 15:45:55,641 [omNode-3@group-523986131536-LeaderElection19] INFO  grpc.GrpcConfigKeys (ConfUtils.java:logGet(46)) - raft.grpc.server.install_snapshot.request.timeout = 3000ms (default)
2025-04-23 15:45:55,641 [omNode-3@group-523986131536-LeaderElection19] INFO  grpc.GrpcConfigKeys (ConfUtils.java:logGet(46)) - raft.grpc.server.log-message.batch.duration = 5s (default)
2025-04-23 15:45:55,641 [omNode-3@group-523986131536-LeaderElection19] INFO  server.RaftServerConfigKeys (ConfUtils.java:logGet(46)) - raft.server.log.appender.install.snapshot.enabled = false (custom)
2025-04-23 15:45:55,641 [omNode-3@group-523986131536-LeaderElection19] INFO  grpc.GrpcConfigKeys (ConfUtils.java:logGet(46)) - raft.grpc.server.heartbeat.channel = true (default)
2025-04-23 15:45:55,641 [omNode-3@group-523986131536-LeaderElection19] INFO  impl.RoleInfo (RoleInfo.java:updateAndGet(148)) - omNode-3: start omNode-3@group-523986131536-LeaderStateImpl
2025-04-23 15:45:55,642 [omNode-3@group-523986131536-LeaderElection19] INFO  ratis.OzoneManagerStateMachine (OzoneManagerStateMachine.java:notifyLeaderChanged(169)) - omNode-3@group-523986131536: leader changed to omNode-3
2025-04-23 15:45:55,642 [omNode-3@group-523986131536-LeaderElection19] INFO  server.RaftServer$Division (ServerState.java:setLeader(272)) - omNode-3@group-523986131536: change Leader from null to omNode-3 at term 9 for becomeLeader, leader elected after 12ms
2025-04-23 15:45:55,642 [omNode-3@group-523986131536-LeaderElection19] INFO  segmented.SegmentedRaftLogWorker (SegmentedRaftLogWorker.java:rollLogSegment(443)) - omNode-3@group-523986131536-SegmentedRaftLogWorker: Rolling segment log-77_102 to index:102
2025-04-23 15:45:55,642 [omNode-3@group-523986131536-LeaderElection19] INFO  server.RaftServer$Division (ServerState.java:setRaftConf(386)) - omNode-3@group-523986131536: set configuration conf: {index: 103, cur=peers:[omNode-3|localhost:15017, omNode-1|localhost:15009, omNode-2|localhost:15013]|listeners:[], old=null}
2025-04-23 15:45:55,644 [grpc-default-executor-2] WARN  server.GrpcLogAppender (LogUtils.java:warn(121)) - omNode-3@group-523986131536->omNode-1-AppendLogResponseHandler: Failed appendEntries: org.apache.ratis.thirdparty.io.grpc.StatusRuntimeException: UNAVAILABLE: io exception
2025-04-23 15:45:55,644 [grpc-default-executor-2] WARN  server.GrpcLogAppender (GrpcLogAppender.java:lambda$resetClient$1(221)) - omNode-3@group-523986131536->omNode-1-GrpcLogAppender: Follower failed (request=null, errorCount=1); keep nextIndex (103) unchanged and retry.
2025-04-23 15:45:55,645 [omNode-3@group-523986131536-SegmentedRaftLogWorker] INFO  segmented.SegmentedRaftLogWorker (SegmentedRaftLogWorker.java:execute(601)) - omNode-3@group-523986131536-SegmentedRaftLogWorker: Rolled log segment from /home/runner/work/ozone/ozone/hadoop-ozone/integration-test/target/test-dir/MiniOzoneClusterImpl-5cf50c17-c591-473f-a8c4-88d8665d28d7/omNode-3/ratis/c9bc4cf4-3bc3-3c60-a66b-523986131536/current/log_inprogress_77 to /home/runner/work/ozone/ozone/hadoop-ozone/integration-test/target/test-dir/MiniOzoneClusterImpl-5cf50c17-c591-473f-a8c4-88d8665d28d7/omNode-3/ratis/c9bc4cf4-3bc3-3c60-a66b-523986131536/current/log_77-102
2025-04-23 15:45:55,645 [omNode-3@group-523986131536-SegmentedRaftLogWorker] INFO  segmented.BufferedWriteChannel (BufferedWriteChannel.java:open(61)) - open log_inprogress_103 at position 0
2025-04-23 15:45:55,646 [grpc-default-executor-2] WARN  server.GrpcLogAppender (GrpcLogAppender.java:lambda$resetClient$1(221)) - omNode-3@group-523986131536->omNode-1-GrpcLogAppender: Follower failed (request=null, errorCount=2); keep nextIndex (104) unchanged and retry.
2025-04-23 15:45:55,651 [omNode-2-server-thread1] INFO  ratis.OzoneManagerStateMachine (OzoneManagerStateMachine.java:notifyLeaderChanged(169)) - omNode-2@group-523986131536: leader changed to omNode-3
2025-04-23 15:45:55,651 [omNode-2-server-thread1] INFO  server.RaftServer$Division (ServerState.java:setLeader(272)) - omNode-2@group-523986131536: change Leader from null to omNode-3 at term 9 for appendEntries, leader elected after 15ms
2025-04-23 15:45:55,652 [omNode-2-server-thread2] INFO  server.RaftServer$Division (ServerState.java:setRaftConf(386)) - omNode-2@group-523986131536: set configuration conf: {index: 103, cur=peers:[omNode-3|localhost:15017, omNode-1|localhost:15009, omNode-2|localhost:15013]|listeners:[], old=null}
2025-04-23 15:45:55,652 [omNode-2-server-thread2] INFO  segmented.SegmentedRaftLogWorker (SegmentedRaftLogWorker.java:rollLogSegment(443)) - omNode-2@group-523986131536-SegmentedRaftLogWorker: Rolling segment log-77_102 to index:102
2025-04-23 15:45:55,654 [omNode-2@group-523986131536-SegmentedRaftLogWorker] INFO  segmented.SegmentedRaftLogWorker (SegmentedRaftLogWorker.java:execute(601)) - omNode-2@group-523986131536-SegmentedRaftLogWorker: Rolled log segment from /home/runner/work/ozone/ozone/hadoop-ozone/integration-test/target/test-dir/MiniOzoneClusterImpl-5cf50c17-c591-473f-a8c4-88d8665d28d7/omNode-2/ratis/c9bc4cf4-3bc3-3c60-a66b-523986131536/current/log_inprogress_77 to /home/runner/work/ozone/ozone/hadoop-ozone/integration-test/target/test-dir/MiniOzoneClusterImpl-5cf50c17-c591-473f-a8c4-88d8665d28d7/omNode-2/ratis/c9bc4cf4-3bc3-3c60-a66b-523986131536/current/log_77-102
2025-04-23 15:45:55,654 [omNode-2@group-523986131536-SegmentedRaftLogWorker] INFO  segmented.BufferedWriteChannel (BufferedWriteChannel.java:open(61)) - open log_inprogress_103 at position 0
2025-04-23 15:45:55,657 [omNode-3@group-523986131536-SegmentedRaftLogWorker] INFO  segmented.SegmentedRaftLogWorker (SegmentedRaftLogWorker.java:execute(644)) - omNode-3@group-523986131536-SegmentedRaftLogWorker: created new log segment /home/runner/work/ozone/ozone/hadoop-ozone/integration-test/target/test-dir/MiniOzoneClusterImpl-5cf50c17-c591-473f-a8c4-88d8665d28d7/omNode-3/ratis/c9bc4cf4-3bc3-3c60-a66b-523986131536/current/log_inprogress_103
2025-04-23 15:45:55,664 [omNode-2@group-523986131536-SegmentedRaftLogWorker] INFO  segmented.SegmentedRaftLogWorker (SegmentedRaftLogWorker.java:execute(644)) - omNode-2@group-523986131536-SegmentedRaftLogWorker: created new log segment /home/runner/work/ozone/ozone/hadoop-ozone/integration-test/target/test-dir/MiniOzoneClusterImpl-5cf50c17-c591-473f-a8c4-88d8665d28d7/omNode-2/ratis/c9bc4cf4-3bc3-3c60-a66b-523986131536/current/log_inprogress_103
2025-04-23 15:45:55,667 [grpc-default-executor-6] WARN  server.GrpcLogAppender (GrpcLogAppender.java:lambda$resetClient$1(221)) - omNode-3@group-523986131536->omNode-1-GrpcLogAppender: Follower failed (request=null, errorCount=5); keep nextIndex (105) unchanged and retry.
2025-04-23 15:45:55,668 [omNode-3@group-523986131536-StateMachineUpdater] INFO  ratis.OzoneManagerStateMachine (OzoneManagerStateMachine.java:notifyConfigurationChanged(231)) - notifyConfigurationChanged from Ratis: term=9, index=103, New Peer list: omNode-3(localhost:15017), omNode-1(localhost:15009), omNode-2(localhost:15013)
2025-04-23 15:45:55,668 [omNode-3@group-523986131536-StateMachineUpdater] INFO  server.RaftServer$Division (LeaderStateImpl.java:checkStartIndex(313)) - Leader omNode-3@group-523986131536-LeaderStateImpl is ready since appliedIndex == startIndex == 103
2025-04-23 15:45:55,669 [omNode-2@group-523986131536-StateMachineUpdater] INFO  ratis.OzoneManagerStateMachine (OzoneManagerStateMachine.java:notifyConfigurationChanged(231)) - notifyConfigurationChanged from Ratis: term=9, index=103, New Peer list: omNode-3(localhost:15017), omNode-1(localhost:15009), omNode-2(localhost:15013)
2025-04-23 15:46:00,645 [timer4] WARN  server.GrpcLogAppender (LogUtils.java:warn(121)) - omNode-3@group-523986131536->omNode-1-AppendLogResponseHandler: Failed appendEntries (Repeated 18 times in the last 5.000s): org.apache.ratis.thirdparty.io.grpc.StatusRuntimeException: UNAVAILABLE: io exception
2025-04-23 15:46:00,647 [timer7] WARN  server.GrpcLogAppender (GrpcLogAppender.java:lambda$resetClient$1(221)) - omNode-3@group-523986131536->omNode-1-GrpcLogAppender: Follower failed (request=null, errorCount=4); keep nextIndex (104) unchanged and retry. (Repeated 3 times in the last 5.001s)
2025-04-23 15:46:00,668 [timer5] WARN  server.GrpcLogAppender (GrpcLogAppender.java:lambda$resetClient$1(221)) - omNode-3@group-523986131536->omNode-1-GrpcLogAppender: Follower failed (request=null, errorCount=18); keep nextIndex (105) unchanged and retry. (Repeated 14 times in the last 5.001s)
2025-04-23 15:46:00,872 [grpc-default-executor-6] WARN  server.GrpcLogAppender (LogUtils.java:warn(121)) - omNode-3@group-523986131536->omNode-1-AppendLogResponseHandler: Failed appendEntries: org.apache.ratis.thirdparty.io.grpc.StatusRuntimeException: UNAVAILABLE: io exception
2025-04-23 15:46:00,872 [grpc-default-executor-0] WARN  server.GrpcLogAppender (GrpcLogAppender.java:lambda$resetClient$1(221)) - omNode-3@group-523986131536->omNode-1-GrpcLogAppender: Follower failed (request=null, errorCount=19); keep nextIndex (105) unchanged and retry.
2025-04-23 15:46:03,446 [main] INFO  retry.RetryInvocationHandler (RetryInvocationHandler.java:log(426)) - com.google.protobuf.ServiceException: java.io.EOFException: End of File Exception between local host is: "fv-az1337-835/10.1.0.188"; destination host is: "localhost":15006; : java.io.EOFException; For more details see:  http://wiki.apache.org/hadoop/EOFException, while invoking $Proxy68.submitRequest over nodeId=omNode-1,nodeAddress=127.0.0.1:15006. Trying to failover immediately. Current retry count: 0.
2025-04-23 15:46:03,449 [main] INFO  retry.RetryInvocationHandler (RetryInvocationHandler.java:log(426)) - com.google.protobuf.ServiceException: org.apache.hadoop.ipc.RemoteException(org.apache.hadoop.ozone.om.exceptions.OMNotLeaderException): OM:omNode-2 is not the leader. Suggested leader is OM:omNode-3[localhost/127.0.0.1].
	at org.apache.hadoop.ozone.om.ratis.OzoneManagerRatisServer.newOMNotLeaderException(OzoneManagerRatisServer.java:813)
	at org.apache.hadoop.ozone.protocolPB.OzoneManagerProtocolServerSideTranslatorPB.createLeaderErrorException(OzoneManagerProtocolServerSideTranslatorPB.java:201)
	at org.apache.hadoop.ozone.protocolPB.OzoneManagerProtocolServerSideTranslatorPB.submitReadRequestToOM(OzoneManagerProtocolServerSideTranslatorPB.java:194)
	at org.apache.hadoop.ozone.protocolPB.OzoneManagerProtocolServerSideTranslatorPB.internalProcessRequest(OzoneManagerProtocolServerSideTranslatorPB.java:159)
	at org.apache.hadoop.ozone.protocolPB.OzoneManagerProtocolServerSideTranslatorPB.processRequest(OzoneManagerProtocolServerSideTranslatorPB.java:125)
	at org.apache.hadoop.hdds.server.OzoneProtocolMessageDispatcher.processRequest(OzoneProtocolMessageDispatcher.java:87)
	at org.apache.hadoop.ozone.protocolPB.OzoneManagerProtocolServerSideTranslatorPB.submitRequest(OzoneManagerProtocolServerSideTranslatorPB.java:116)
	at org.apache.hadoop.ozone.protocol.proto.OzoneManagerProtocolProtos$OzoneManagerService$2.callBlockingMethod(OzoneManagerProtocolProtos.java)
	at org.apache.hadoop.ipc.ProtobufRpcEngine$Server.processCall(ProtobufRpcEngine.java:484)
	at org.apache.hadoop.ipc.ProtobufRpcEngine2$Server$ProtoBufRpcInvoker.call(ProtobufRpcEngine2.java:595)
	at org.apache.hadoop.ipc.ProtobufRpcEngine2$Server$ProtoBufRpcInvoker.call(ProtobufRpcEngine2.java:573)
	at org.apache.hadoop.ipc.RPC$Server.call(RPC.java:1227)
	at org.apache.hadoop.ipc.Server$RpcCall.run(Server.java:1246)
	at org.apache.hadoop.ipc.Server$RpcCall.run(Server.java:1169)
	at java.base/java.security.AccessController.doPrivileged(AccessController.java:714)
	at java.base/javax.security.auth.Subject.doAs(Subject.java:525)
	at org.apache.hadoop.security.UserGroupInformation.doAs(UserGroupInformation.java:1953)
	at org.apache.hadoop.ipc.Server$Handler.run(Server.java:3198)
, while invoking $Proxy68.submitRequest over nodeId=omNode-2,nodeAddress=127.0.0.1:15010 after 1 failover attempts. Trying to failover immediately. Current retry count: 1.
2025-04-23 15:46:03,451 [main] INFO  om.OzoneManager (OzoneManager.java:stop(2347)) - omNode-3[localhost:15014]: Stopping Ozone Manager
2025-04-23 15:46:03,451 [main] INFO  ipc.Server (Server.java:stop(3697)) - Stopping server on 15014
2025-04-23 15:46:03,454 [IPC Server listener on 15014] INFO  ipc.Server (Server.java:run(1585)) - Stopping IPC Server listener on 15014
2025-04-23 15:46:03,454 [IPC Server Responder] INFO  ipc.Server (Server.java:run(1718)) - Stopping IPC Server Responder
2025-04-23 15:46:03,454 [main] INFO  ratis.OzoneManagerRatisServer (OzoneManagerRatisServer.java:stop(634)) - Stopping org.apache.hadoop.ozone.om.ratis.OzoneManagerRatisServer@3f8f24dc at port 15017
2025-04-23 15:46:03,455 [main] INFO  server.RaftServer (RaftServerProxy.java:lambda$close$9(417)) - omNode-3: close
2025-04-23 15:46:03,455 [main] INFO  server.GrpcService (GrpcService.java:closeImpl(343)) - omNode-3: shutdown server GrpcServerProtocolService now
2025-04-23 15:46:03,455 [omNode-3-impl-thread1] INFO  server.RaftServer$Division (RaftServerImpl.java:lambda$close$1(513)) - omNode-3@group-523986131536: shutdown
2025-04-23 15:46:03,456 [omNode-3-impl-thread1] INFO  util.JmxRegister (JmxRegister.java:unregister(74)) - Successfully un-registered JMX Bean with object name Ratis:service=RaftServer,group=group-523986131536,id=omNode-3
2025-04-23 15:46:03,456 [omNode-3-impl-thread1] INFO  impl.RoleInfo (RoleInfo.java:shutdownLeaderState(103)) - omNode-3: shutdown omNode-3@group-523986131536-LeaderStateImpl
2025-04-23 15:46:03,456 [omNode-3-impl-thread1] INFO  impl.PendingRequests (PendingRequests.java:sendNotLeaderResponses(287)) - omNode-3@group-523986131536-PendingRequests: sendNotLeaderResponses
2025-04-23 15:46:03,456 [Thread-3118] INFO  server.GrpcServerProtocolClient (GrpcServerProtocolClient.java:close(105)) - omNode-1 Close channels
2025-04-23 15:46:03,456 [omNode-3@group-523986131536->omNode-1-GrpcLogAppender-LogAppenderDaemon] WARN  server.GrpcLogAppender (GrpcLogAppender.java:mayWait(293)) - omNode-3@group-523986131536->omNode-1-GrpcLogAppender: Wait interrupted by java.lang.InterruptedException
2025-04-23 15:46:03,456 [Thread-3119] INFO  server.GrpcServerProtocolClient (GrpcServerProtocolClient.java:close(105)) - omNode-2 Close channels
2025-04-23 15:46:03,457 [omNode-3@group-523986131536->omNode-2-GrpcLogAppender-LogAppenderDaemon] WARN  server.GrpcLogAppender (GrpcLogAppender.java:mayWait(293)) - omNode-3@group-523986131536->omNode-2-GrpcLogAppender: Wait interrupted by java.lang.InterruptedException
2025-04-23 15:46:03,457 [omNode-3-impl-thread1] INFO  impl.StateMachineUpdater (StateMachineUpdater.java:stopAndJoin(164)) - omNode-3@group-523986131536-StateMachineUpdater: set stopIndex = 104
2025-04-23 15:46:03,457 [grpc-default-executor-6] INFO  server.GrpcServerProtocolService (GrpcServerProtocolService.java:onCompleted(157)) - omNode-2: Completed APPEND_ENTRIES, lastRequest: null
2025-04-23 15:46:03,457 [grpc-default-executor-6] INFO  server.GrpcServerProtocolService (GrpcServerProtocolService.java:lambda$onCompleted$5(159)) - omNode-2: Completed APPEND_ENTRIES, lastReply: serverReply {
  requestorId: "omNode-3"
  replyId: "omNode-2"
  raftGroupId {
    id: "\311\274L\364;\303<`\246kR9\206\023\0256"
  }
  callId: 18
  success: true
}
term: 9
nextIndex: 105
followerCommit: 104
matchIndex: 18446744073709551615
isHearbeat: true

2025-04-23 15:46:03,458 [grpc-default-executor-0] INFO  server.GrpcServerProtocolService (GrpcServerProtocolService.java:onCompleted(157)) - omNode-2: Completed APPEND_ENTRIES, lastRequest: omNode-3->omNode-2#2-t9,previous=(t:9, i:103),leaderCommit=103,initializing? false,entries: size=1, first=(t:9, i:104), METADATAENTRY(c:103)
2025-04-23 15:46:03,458 [grpc-default-executor-1] INFO  server.GrpcLogAppender (GrpcLogAppender.java:onCompleted(550)) - omNode-3@group-523986131536->omNode-2-AppendLogResponseHandler: follower responses appendEntries COMPLETED
2025-04-23 15:46:03,459 [grpc-default-executor-1] WARN  server.GrpcLogAppender (GrpcLogAppender.java:resetClient(230)) - omNode-3@group-523986131536->omNode-2-GrpcLogAppender: Failed to getClient for omNode-2
org.apache.ratis.protocol.exceptions.AlreadyClosedException: omNode-3 is already CLOSED
	at org.apache.ratis.util.PeerProxyMap$PeerAndProxy.getProxy(PeerProxyMap.java:67)
	at org.apache.ratis.util.PeerProxyMap.getProxy(PeerProxyMap.java:124)
	at org.apache.ratis.grpc.server.GrpcLogAppender.getClient(GrpcLogAppender.java:200)
	at org.apache.ratis.grpc.server.GrpcLogAppender.resetClient(GrpcLogAppender.java:205)
	at org.apache.ratis.grpc.server.GrpcLogAppender.access$800(GrpcLogAppender.java:64)
	at org.apache.ratis.grpc.server.GrpcLogAppender$AppendLogResponseHandler.onCompleted(GrpcLogAppender.java:551)
	at org.apache.ratis.thirdparty.io.grpc.stub.ClientCalls$StreamObserverToCallListenerAdapter.onClose(ClientCalls.java:479)
	at org.apache.ratis.thirdparty.io.grpc.internal.DelayedClientCall$DelayedListener$3.run(DelayedClientCall.java:489)
	at org.apache.ratis.thirdparty.io.grpc.internal.DelayedClientCall$DelayedListener.delayOrExecute(DelayedClientCall.java:453)
	at org.apache.ratis.thirdparty.io.grpc.internal.DelayedClientCall$DelayedListener.onClose(DelayedClientCall.java:486)
	at org.apache.ratis.thirdparty.io.grpc.internal.ClientCallImpl.closeObserver(ClientCallImpl.java:567)
	at org.apache.ratis.thirdparty.io.grpc.internal.ClientCallImpl.access$300(ClientCallImpl.java:71)
	at org.apache.ratis.thirdparty.io.grpc.internal.ClientCallImpl$ClientStreamListenerImpl$1StreamClosed.runInternal(ClientCallImpl.java:735)
	at org.apache.ratis.thirdparty.io.grpc.internal.ClientCallImpl$ClientStreamListenerImpl$1StreamClosed.runInContext(ClientCallImpl.java:716)
	at org.apache.ratis.thirdparty.io.grpc.internal.ContextRunnable.run(ContextRunnable.java:37)
	at org.apache.ratis.thirdparty.io.grpc.internal.SerializingExecutor.run(SerializingExecutor.java:133)
	at java.base/java.util.concurrent.ThreadPoolExecutor.runWorker(ThreadPoolExecutor.java:1144)
	at java.base/java.util.concurrent.ThreadPoolExecutor$Worker.run(ThreadPoolExecutor.java:642)
	at java.base/java.lang.Thread.run(Thread.java:1583)
2025-04-23 15:46:03,459 [grpc-default-executor-0] INFO  server.GrpcServerProtocolService (GrpcServerProtocolService.java:lambda$onCompleted$5(159)) - omNode-2: Completed APPEND_ENTRIES, lastReply: null
2025-04-23 15:46:03,460 [grpc-default-executor-0] INFO  server.GrpcLogAppender (GrpcLogAppender.java:onCompleted(550)) - omNode-3@group-523986131536->omNode-2-AppendLogResponseHandler: follower responses appendEntries COMPLETED
2025-04-23 15:46:03,460 [grpc-default-executor-0] WARN  server.GrpcLogAppender (GrpcLogAppender.java:resetClient(230)) - omNode-3@group-523986131536->omNode-2-GrpcLogAppender: Failed to getClient for omNode-2
org.apache.ratis.protocol.exceptions.AlreadyClosedException: omNode-3 is already CLOSED
	at org.apache.ratis.util.PeerProxyMap$PeerAndProxy.getProxy(PeerProxyMap.java:67)
	at org.apache.ratis.util.PeerProxyMap.getProxy(PeerProxyMap.java:124)
	at org.apache.ratis.grpc.server.GrpcLogAppender.getClient(GrpcLogAppender.java:200)
	at org.apache.ratis.grpc.server.GrpcLogAppender.resetClient(GrpcLogAppender.java:205)
	at org.apache.ratis.grpc.server.GrpcLogAppender.access$800(GrpcLogAppender.java:64)
	at org.apache.ratis.grpc.server.GrpcLogAppender$AppendLogResponseHandler.onCompleted(GrpcLogAppender.java:551)
	at org.apache.ratis.thirdparty.io.grpc.stub.ClientCalls$StreamObserverToCallListenerAdapter.onClose(ClientCalls.java:479)
	at org.apache.ratis.thirdparty.io.grpc.internal.ClientCallImpl.closeObserver(ClientCallImpl.java:567)
	at org.apache.ratis.thirdparty.io.grpc.internal.ClientCallImpl.access$300(ClientCallImpl.java:71)
	at org.apache.ratis.thirdparty.io.grpc.internal.ClientCallImpl$ClientStreamListenerImpl$1StreamClosed.runInternal(ClientCallImpl.java:735)
	at org.apache.ratis.thirdparty.io.grpc.internal.ClientCallImpl$ClientStreamListenerImpl$1StreamClosed.runInContext(ClientCallImpl.java:716)
	at org.apache.ratis.thirdparty.io.grpc.internal.ContextRunnable.run(ContextRunnable.java:37)
	at org.apache.ratis.thirdparty.io.grpc.internal.SerializingExecutor.run(SerializingExecutor.java:133)
	at java.base/java.util.concurrent.ThreadPoolExecutor.runWorker(ThreadPoolExecutor.java:1144)
	at java.base/java.util.concurrent.ThreadPoolExecutor$Worker.run(ThreadPoolExecutor.java:642)
	at java.base/java.lang.Thread.run(Thread.java:1583)
2025-04-23 15:46:03,460 [main] INFO  server.GrpcService (GrpcService.java:closeImpl(352)) - omNode-3: shutdown server GrpcServerProtocolService successfully
2025-04-23 15:46:03,482 [omNode-3@group-523986131536-StateMachineUpdater] INFO  ratis.OzoneManagerStateMachine (OzoneManagerStateMachine.java:takeSnapshotImpl(510)) - omNode-3: taking snapshot. applied = (t:9, i:104), skipped = 101, notified = (t:9, i:104), current snapshot index = (t:9, i:104), took 25 ms
2025-04-23 15:46:03,482 [omNode-3@group-523986131536-StateMachineUpdater] INFO  impl.StateMachineUpdater (StateMachineUpdater.java:takeSnapshot(303)) - omNode-3@group-523986131536-StateMachineUpdater: Took a snapshot at index 104
2025-04-23 15:46:03,482 [omNode-3@group-523986131536-StateMachineUpdater] INFO  impl.StateMachineUpdater (StateMachineUpdater.java:lambda$new$0(102)) - omNode-3@group-523986131536-StateMachineUpdater: snapshotIndex: updateIncreasingly 72 -> 104
2025-04-23 15:46:03,483 [omNode-3@group-523986131536-StateMachineUpdater] INFO  raftlog.RaftLog (RaftLogBase.java:purge(325)) - omNode-3@group-523986131536-SegmentedRaftLog: purge 104
2025-04-23 15:46:03,483 [omNode-3@group-523986131536-StateMachineUpdater] INFO  raftlog.RaftLog (RaftLogBase.java:lambda$new$0(54)) - omNode-3@group-523986131536-SegmentedRaftLog: snapshotIndex: updateIncreasingly 72 -> 104
2025-04-23 15:46:03,483 [omNode-3@group-523986131536-StateMachineUpdater] INFO  raftlog.RaftLog (SegmentedRaftLog.java:purgeImpl(382)) - omNode-3@group-523986131536-SegmentedRaftLog: purge(104)
  toTruncate: null
    toDelete: [(77, 102) isOpen? false, length=0, newEndIndex=0, (73, 76) isOpen? false, length=0, newEndIndex=0, (69, 72) isOpen? false, length=0, newEndIndex=0, (35, 68) isOpen? false, length=0, newEndIndex=0]
2025-04-23 15:46:03,483 [omNode-3@group-523986131536-StateMachineUpdater] INFO  impl.StateMachineUpdater (StateMachineUpdater.java:stop(141)) - omNode-3@group-523986131536-StateMachineUpdater: closing OzoneManagerStateMachine, lastApplied=(t:9, i:104)
2025-04-23 15:46:03,483 [omNode-3@group-523986131536-StateMachineUpdater] INFO  ratis.OzoneManagerStateMachine (OzoneManagerStateMachine.java:close(550)) - Stopping OzoneManagerStateMachine:omNode-3:group-523986131536.
2025-04-23 15:46:03,483 [omNode-3@group-523986131536-StateMachineUpdater] INFO  ratis.OzoneManagerDoubleBuffer (OzoneManagerDoubleBuffer.java:stopDaemon(500)) - Stopping OMDoubleBuffer flush thread
2025-04-23 15:46:03,483 [omNode-3-OMDoubleBufferFlushThread] INFO  ratis.OzoneManagerDoubleBuffer (OzoneManagerDoubleBuffer.java:canFlush(559)) - OMDoubleBuffer flush thread omNode-3-OMDoubleBufferFlushThread is interrupted and will exit.
2025-04-23 15:46:03,483 [omNode-3@group-523986131536-SegmentedRaftLogWorker] INFO  segmented.SegmentedRaftLogWorker (SegmentedRaftLogWorker.java:execute(481)) - omNode-3@group-523986131536-SegmentedRaftLogWorker: Purged RaftLog segment: info=(77, 102) isOpen? false, length=0, newEndIndex=0, path=/home/runner/work/ozone/ozone/hadoop-ozone/integration-test/target/test-dir/MiniOzoneClusterImpl-5cf50c17-c591-473f-a8c4-88d8665d28d7/omNode-3/ratis/c9bc4cf4-3bc3-3c60-a66b-523986131536/current/log_77-102
2025-04-23 15:46:03,483 [omNode-3@group-523986131536-SegmentedRaftLogWorker] INFO  segmented.SegmentedRaftLogWorker (SegmentedRaftLogWorker.java:execute(481)) - omNode-3@group-523986131536-SegmentedRaftLogWorker: Purged RaftLog segment: info=(73, 76) isOpen? false, length=0, newEndIndex=0, path=/home/runner/work/ozone/ozone/hadoop-ozone/integration-test/target/test-dir/MiniOzoneClusterImpl-5cf50c17-c591-473f-a8c4-88d8665d28d7/omNode-3/ratis/c9bc4cf4-3bc3-3c60-a66b-523986131536/current/log_73-76
2025-04-23 15:46:03,483 [omNode-3@group-523986131536-SegmentedRaftLogWorker] INFO  segmented.SegmentedRaftLogWorker (SegmentedRaftLogWorker.java:execute(481)) - omNode-3@group-523986131536-SegmentedRaftLogWorker: Purged RaftLog segment: info=(69, 72) isOpen? false, length=0, newEndIndex=0, path=/home/runner/work/ozone/ozone/hadoop-ozone/integration-test/target/test-dir/MiniOzoneClusterImpl-5cf50c17-c591-473f-a8c4-88d8665d28d7/omNode-3/ratis/c9bc4cf4-3bc3-3c60-a66b-523986131536/current/log_69-72
2025-04-23 15:46:03,484 [omNode-3@group-523986131536-cacheEviction-AwaitToRun] INFO  util.AwaitToRun (AwaitToRun.java:run(49)) - omNode-3@group-523986131536-cacheEviction-AwaitToRun-AwaitForSignal is interrupted
2025-04-23 15:46:03,484 [omNode-3@group-523986131536-SegmentedRaftLogWorker] INFO  segmented.SegmentedRaftLogWorker (SegmentedRaftLogWorker.java:execute(481)) - omNode-3@group-523986131536-SegmentedRaftLogWorker: Purged RaftLog segment: info=(35, 68) isOpen? false, length=0, newEndIndex=0, path=/home/runner/work/ozone/ozone/hadoop-ozone/integration-test/target/test-dir/MiniOzoneClusterImpl-5cf50c17-c591-473f-a8c4-88d8665d28d7/omNode-3/ratis/c9bc4cf4-3bc3-3c60-a66b-523986131536/current/log_35-68
2025-04-23 15:46:03,484 [omNode-3@group-523986131536-SegmentedRaftLogWorker] INFO  raftlog.RaftLog (RaftLogBase.java:lambda$new$0(54)) - omNode-3@group-523986131536-SegmentedRaftLog: purgeIndex: updateToMax old=34, new=102, updated? true
2025-04-23 15:46:03,485 [omNode-3-impl-thread1] INFO  segmented.SegmentedRaftLogWorker (SegmentedRaftLogWorker.java:close(252)) - omNode-3@group-523986131536-SegmentedRaftLogWorker close()
2025-04-23 15:46:03,485 [JvmPauseMonitor20] INFO  util.JvmPauseMonitor (JvmPauseMonitor.java:run(152)) - JvmPauseMonitor-omNode-3: Stopped
2025-04-23 15:46:03,486 [main] INFO  utils.BackgroundService (BackgroundService.java:shutdown(161)) - Shutting down service KeyDeletingService
2025-04-23 15:46:03,487 [main] INFO  utils.BackgroundService (BackgroundService.java:shutdown(161)) - Shutting down service DirectoryDeletingService
2025-04-23 15:46:03,488 [main] INFO  utils.BackgroundService (BackgroundService.java:shutdown(161)) - Shutting down service OpenKeyCleanupService
2025-04-23 15:46:03,488 [main] INFO  utils.BackgroundService (BackgroundService.java:shutdown(161)) - Shutting down service SstFilteringService
2025-04-23 15:46:03,488 [main] INFO  utils.BackgroundService (BackgroundService.java:shutdown(161)) - Shutting down service SnapshotDeletingService
2025-04-23 15:46:03,488 [main] INFO  utils.BackgroundService (BackgroundService.java:shutdown(161)) - Shutting down service MultipartUploadCleanupService
2025-04-23 15:46:03,489 [main] INFO  handler.ContextHandler (ContextHandler.java:doStop(1159)) - Stopped o.e.j.w.WebAppContext@7d7717b4{ozoneManager,/,null,STOPPED}{file:/home/runner/work/ozone/ozone/hadoop-ozone/integration-test/target/test-classes/webapps/ozoneManager}
2025-04-23 15:46:03,490 [main] INFO  server.AbstractConnector (AbstractConnector.java:doStop(383)) - Stopped ServerConnector@3e1da398{HTTP/1.1, (http/1.1)}{0.0.0.0:15015}
2025-04-23 15:46:03,490 [main] INFO  server.session (HouseKeeper.java:stopScavenging(149)) - node0 Stopped scavenging
2025-04-23 15:46:03,490 [main] INFO  handler.ContextHandler (ContextHandler.java:doStop(1159)) - Stopped o.e.j.s.ServletContextHandler@67104f09{static,/static,file:///home/runner/work/ozone/ozone/hadoop-ozone/integration-test/target/test-classes/webapps/static,STOPPED}
2025-04-23 15:46:03,490 [main] INFO  handler.ContextHandler (ContextHandler.java:doStop(1159)) - Stopped o.e.j.s.ServletContextHandler@af4c5e7{logs,/logs,file:///home/runner/work/ozone/ozone/hadoop-ozone/integration-test/target/log,STOPPED}
2025-04-23 15:46:03,491 [main] INFO  rocksdiff.RocksDBCheckpointDiffer (RocksDBCheckpointDiffer.java:close(304)) - Shutting down CompactionDagPruningService.
2025-04-23 15:46:03,492 [main] INFO  snapshot.SnapshotDiffManager (SnapshotDiffManager.java:closeExecutorService(1698)) - Shutting down executorService: 'SnapDiffExecutor'
2025-04-23 15:46:03,493 [main] INFO  utils.BackgroundService (BackgroundService.java:shutdown(161)) - Shutting down service SnapshotDiffCleanupService
2025-04-23 15:46:03,493 [main] INFO  om.OzoneManager (OzoneManager.java:stop(2347)) - omNode-1[localhost:15006]: Stopping Ozone Manager
2025-04-23 15:46:03,493 [main] INFO  om.OzoneManager (OzoneManager.java:stop(2347)) - omNode-2[localhost:15010]: Stopping Ozone Manager
2025-04-23 15:46:03,494 [main] INFO  ipc.Server (Server.java:stop(3697)) - Stopping server on 15010
2025-04-23 15:46:03,496 [IPC Server Responder] INFO  ipc.Server (Server.java:run(1718)) - Stopping IPC Server Responder
2025-04-23 15:46:03,496 [IPC Server listener on 15010] INFO  ipc.Server (Server.java:run(1585)) - Stopping IPC Server listener on 15010
2025-04-23 15:46:03,496 [main] INFO  ratis.OzoneManagerRatisServer (OzoneManagerRatisServer.java:stop(634)) - Stopping org.apache.hadoop.ozone.om.ratis.OzoneManagerRatisServer@46801240 at port 15013
2025-04-23 15:46:03,496 [main] INFO  server.RaftServer (RaftServerProxy.java:lambda$close$9(417)) - omNode-2: close
2025-04-23 15:46:03,496 [main] INFO  server.GrpcService (GrpcService.java:closeImpl(343)) - omNode-2: shutdown server GrpcServerProtocolService now
2025-04-23 15:46:03,496 [omNode-2-impl-thread1] INFO  server.RaftServer$Division (RaftServerImpl.java:lambda$close$1(513)) - omNode-2@group-523986131536: shutdown
2025-04-23 15:46:03,497 [omNode-2-impl-thread1] INFO  util.JmxRegister (JmxRegister.java:unregister(74)) - Successfully un-registered JMX Bean with object name Ratis:service=RaftServer,group=group-523986131536,id=omNode-2
2025-04-23 15:46:03,497 [omNode-2-impl-thread1] INFO  impl.RoleInfo (RoleInfo.java:shutdownFollowerState(121)) - omNode-2: shutdown omNode-2@group-523986131536-FollowerState
2025-04-23 15:46:03,497 [omNode-2-impl-thread1] INFO  impl.StateMachineUpdater (StateMachineUpdater.java:stopAndJoin(164)) - omNode-2@group-523986131536-StateMachineUpdater: set stopIndex = 104
2025-04-23 15:46:03,497 [omNode-2@group-523986131536-FollowerState] INFO  impl.FollowerState (FollowerState.java:runImpl(170)) - omNode-2@group-523986131536-FollowerState was interrupted
2025-04-23 15:46:03,498 [main] INFO  server.GrpcService (GrpcService.java:closeImpl(352)) - omNode-2: shutdown server GrpcServerProtocolService successfully
2025-04-23 15:46:03,514 [omNode-2@group-523986131536-StateMachineUpdater] INFO  ratis.OzoneManagerStateMachine (OzoneManagerStateMachine.java:takeSnapshotImpl(510)) - omNode-2: taking snapshot. applied = (t:9, i:104), skipped = 101, notified = (t:9, i:104), current snapshot index = (t:9, i:104), took 17 ms
2025-04-23 15:46:03,514 [omNode-2@group-523986131536-StateMachineUpdater] INFO  impl.StateMachineUpdater (StateMachineUpdater.java:takeSnapshot(303)) - omNode-2@group-523986131536-StateMachineUpdater: Took a snapshot at index 104
2025-04-23 15:46:03,515 [omNode-2@group-523986131536-StateMachineUpdater] INFO  impl.StateMachineUpdater (StateMachineUpdater.java:lambda$new$0(102)) - omNode-2@group-523986131536-StateMachineUpdater: snapshotIndex: updateIncreasingly 76 -> 104
2025-04-23 15:46:03,515 [omNode-2@group-523986131536-StateMachineUpdater] INFO  raftlog.RaftLog (RaftLogBase.java:purge(325)) - omNode-2@group-523986131536-SegmentedRaftLog: purge 104
2025-04-23 15:46:03,515 [omNode-2@group-523986131536-StateMachineUpdater] INFO  raftlog.RaftLog (RaftLogBase.java:lambda$new$0(54)) - omNode-2@group-523986131536-SegmentedRaftLog: snapshotIndex: updateIncreasingly 76 -> 104
2025-04-23 15:46:03,515 [omNode-2@group-523986131536-StateMachineUpdater] INFO  raftlog.RaftLog (SegmentedRaftLog.java:purgeImpl(382)) - omNode-2@group-523986131536-SegmentedRaftLog: purge(104)
  toTruncate: null
    toDelete: [(77, 102) isOpen? false, length=0, newEndIndex=0, (73, 76) isOpen? false, length=0, newEndIndex=0, (69, 72) isOpen? false, length=0, newEndIndex=0, (35, 68) isOpen? false, length=0, newEndIndex=0]
2025-04-23 15:46:03,515 [omNode-2@group-523986131536-StateMachineUpdater] INFO  impl.StateMachineUpdater (StateMachineUpdater.java:stop(141)) - omNode-2@group-523986131536-StateMachineUpdater: closing OzoneManagerStateMachine, lastApplied=(t:9, i:104)
2025-04-23 15:46:03,515 [omNode-2@group-523986131536-StateMachineUpdater] INFO  ratis.OzoneManagerStateMachine (OzoneManagerStateMachine.java:close(550)) - Stopping OzoneManagerStateMachine:omNode-2:group-523986131536.
2025-04-23 15:46:03,515 [omNode-2@group-523986131536-StateMachineUpdater] INFO  ratis.OzoneManagerDoubleBuffer (OzoneManagerDoubleBuffer.java:stopDaemon(500)) - Stopping OMDoubleBuffer flush thread
2025-04-23 15:46:03,515 [omNode-2@group-523986131536-SegmentedRaftLogWorker] INFO  segmented.SegmentedRaftLogWorker (SegmentedRaftLogWorker.java:execute(481)) - omNode-2@group-523986131536-SegmentedRaftLogWorker: Purged RaftLog segment: info=(77, 102) isOpen? false, length=0, newEndIndex=0, path=/home/runner/work/ozone/ozone/hadoop-ozone/integration-test/target/test-dir/MiniOzoneClusterImpl-5cf50c17-c591-473f-a8c4-88d8665d28d7/omNode-2/ratis/c9bc4cf4-3bc3-3c60-a66b-523986131536/current/log_77-102
2025-04-23 15:46:03,515 [omNode-2@group-523986131536-SegmentedRaftLogWorker] INFO  segmented.SegmentedRaftLogWorker (SegmentedRaftLogWorker.java:execute(481)) - omNode-2@group-523986131536-SegmentedRaftLogWorker: Purged RaftLog segment: info=(73, 76) isOpen? false, length=0, newEndIndex=0, path=/home/runner/work/ozone/ozone/hadoop-ozone/integration-test/target/test-dir/MiniOzoneClusterImpl-5cf50c17-c591-473f-a8c4-88d8665d28d7/omNode-2/ratis/c9bc4cf4-3bc3-3c60-a66b-523986131536/current/log_73-76
2025-04-23 15:46:03,515 [omNode-2-OMDoubleBufferFlushThread] INFO  ratis.OzoneManagerDoubleBuffer (OzoneManagerDoubleBuffer.java:canFlush(559)) - OMDoubleBuffer flush thread omNode-2-OMDoubleBufferFlushThread is interrupted and will exit.
2025-04-23 15:46:03,515 [omNode-2@group-523986131536-SegmentedRaftLogWorker] INFO  segmented.SegmentedRaftLogWorker (SegmentedRaftLogWorker.java:execute(481)) - omNode-2@group-523986131536-SegmentedRaftLogWorker: Purged RaftLog segment: info=(69, 72) isOpen? false, length=0, newEndIndex=0, path=/home/runner/work/ozone/ozone/hadoop-ozone/integration-test/target/test-dir/MiniOzoneClusterImpl-5cf50c17-c591-473f-a8c4-88d8665d28d7/omNode-2/ratis/c9bc4cf4-3bc3-3c60-a66b-523986131536/current/log_69-72
2025-04-23 15:46:03,515 [omNode-2@group-523986131536-SegmentedRaftLogWorker] INFO  segmented.SegmentedRaftLogWorker (SegmentedRaftLogWorker.java:execute(481)) - omNode-2@group-523986131536-SegmentedRaftLogWorker: Purged RaftLog segment: info=(35, 68) isOpen? false, length=0, newEndIndex=0, path=/home/runner/work/ozone/ozone/hadoop-ozone/integration-test/target/test-dir/MiniOzoneClusterImpl-5cf50c17-c591-473f-a8c4-88d8665d28d7/omNode-2/ratis/c9bc4cf4-3bc3-3c60-a66b-523986131536/current/log_35-68
2025-04-23 15:46:03,515 [omNode-2@group-523986131536-SegmentedRaftLogWorker] INFO  raftlog.RaftLog (RaftLogBase.java:lambda$new$0(54)) - omNode-2@group-523986131536-SegmentedRaftLog: purgeIndex: updateToMax old=34, new=102, updated? true
2025-04-23 15:46:03,516 [omNode-2@group-523986131536-cacheEviction-AwaitToRun] INFO  util.AwaitToRun (AwaitToRun.java:run(49)) - omNode-2@group-523986131536-cacheEviction-AwaitToRun-AwaitForSignal is interrupted
2025-04-23 15:46:04,517 [omNode-2-impl-thread1] INFO  segmented.SegmentedRaftLogWorker (SegmentedRaftLogWorker.java:close(252)) - omNode-2@group-523986131536-SegmentedRaftLogWorker close()
2025-04-23 15:46:04,518 [JvmPauseMonitor22] INFO  util.JvmPauseMonitor (JvmPauseMonitor.java:run(152)) - JvmPauseMonitor-omNode-2: Stopped
2025-04-23 15:46:04,518 [main] INFO  utils.BackgroundService (BackgroundService.java:shutdown(161)) - Shutting down service KeyDeletingService
2025-04-23 15:46:04,518 [main] INFO  utils.BackgroundService (BackgroundService.java:shutdown(161)) - Shutting down service DirectoryDeletingService
2025-04-23 15:46:04,519 [main] INFO  utils.BackgroundService (BackgroundService.java:shutdown(161)) - Shutting down service OpenKeyCleanupService
2025-04-23 15:46:04,520 [main] INFO  utils.BackgroundService (BackgroundService.java:shutdown(161)) - Shutting down service SstFilteringService
2025-04-23 15:46:04,520 [main] INFO  utils.BackgroundService (BackgroundService.java:shutdown(161)) - Shutting down service SnapshotDeletingService
2025-04-23 15:46:04,520 [main] INFO  utils.BackgroundService (BackgroundService.java:shutdown(161)) - Shutting down service MultipartUploadCleanupService
2025-04-23 15:46:04,521 [main] INFO  handler.ContextHandler (ContextHandler.java:doStop(1159)) - Stopped o.e.j.w.WebAppContext@7773ea34{ozoneManager,/,null,STOPPED}{file:/home/runner/work/ozone/ozone/hadoop-ozone/integration-test/target/test-classes/webapps/ozoneManager}
2025-04-23 15:46:04,521 [main] INFO  server.AbstractConnector (AbstractConnector.java:doStop(383)) - Stopped ServerConnector@154c79fc{HTTP/1.1, (http/1.1)}{0.0.0.0:15011}
2025-04-23 15:46:04,521 [main] INFO  server.session (HouseKeeper.java:stopScavenging(149)) - node0 Stopped scavenging
2025-04-23 15:46:04,521 [main] INFO  handler.ContextHandler (ContextHandler.java:doStop(1159)) - Stopped o.e.j.s.ServletContextHandler@485c3e0{static,/static,file:///home/runner/work/ozone/ozone/hadoop-ozone/integration-test/target/test-classes/webapps/static,STOPPED}
2025-04-23 15:46:04,522 [main] INFO  handler.ContextHandler (ContextHandler.java:doStop(1159)) - Stopped o.e.j.s.ServletContextHandler@789a4457{logs,/logs,file:///home/runner/work/ozone/ozone/hadoop-ozone/integration-test/target/log,STOPPED}
2025-04-23 15:46:04,522 [main] INFO  rocksdiff.RocksDBCheckpointDiffer (RocksDBCheckpointDiffer.java:close(304)) - Shutting down CompactionDagPruningService.
2025-04-23 15:46:04,524 [main] INFO  snapshot.SnapshotDiffManager (SnapshotDiffManager.java:closeExecutorService(1698)) - Shutting down executorService: 'SnapDiffExecutor'
2025-04-23 15:46:04,524 [main] INFO  utils.BackgroundService (BackgroundService.java:shutdown(161)) - Shutting down service SnapshotDiffCleanupService
2025-04-23 15:46:04,525 [main] INFO  om.OzoneManager (OzoneManager.java:restart(1878)) - OzoneManager RPC server is listening at localhost/127.0.0.1:15014
2025-04-23 15:46:04,525 [main] INFO  impl.MetricsSystemImpl (MetricsSystemImpl.java:init(158)) - OzoneManager metrics system started (again)
2025-04-23 15:46:04,536 [main] WARN  server.ServerUtils (ServerUtils.java:getDBPath(297)) - ozone.om.db.dirs is not configured. We recommend adding this setting. Falling back to ozone.metadata.dirs instead.
2025-04-23 15:46:04,576 [main] INFO  om.OzoneManager (OzoneManager.java:instantiateServices(933)) - S3 Multi-Tenancy is disabled
2025-04-23 15:46:04,576 [main] INFO  om.OmSnapshotManager (OmSnapshotManager.java:<init>(180)) - Ozone filesystem snapshot feature is enabled.
2025-04-23 15:46:04,576 [main] WARN  server.ServerUtils (ServerUtils.java:getDBPath(297)) - ozone.om.snapshot.diff.db.dir is not configured. We recommend adding this setting. Falling back to ozone.metadata.dirs instead.
2025-04-23 15:46:04,591 [main] WARN  server.ServerUtils (ServerUtils.java:getDefaultRatisDirectory(309)) - Storage directory for Ratis is not configured. It is a good idea to map this to an SSD disk. Falling back to ozone.metadata.dirs
2025-04-23 15:46:04,591 [main] INFO  server.RaftServerConfigKeys (ConfUtils.java:logGet(46)) - raft.server.log.appender.buffer.byte-limit = 4194304 (custom)
2025-04-23 15:46:04,592 [main] INFO  ratis.OzoneManagerRatisServer (OzoneManagerRatisServer.java:<init>(167)) - Instantiating OM Ratis server with groupID: om-service-test1 and peers: localhost:15017, localhost:15009, localhost:15013
2025-04-23 15:46:04,592 [main] INFO  ratis.OzoneManagerStateMachine (OzoneManagerStateMachine.java:loadSnapshotInfoFromDB(611)) - LastAppliedIndex is set from TransactionInfo from OM DB as (t:9, i:104)
2025-04-23 15:46:04,593 [main] INFO  server.RaftServer (ConfUtils.java:logGet(46)) - raft.rpc.type = GRPC (default)
2025-04-23 15:46:04,593 [main] INFO  grpc.GrpcConfigKeys (ConfUtils.java:logFallback(53)) - raft.grpc.admin.host = null (fallback to raft.grpc.server.host)
2025-04-23 15:46:04,593 [main] INFO  grpc.GrpcConfigKeys (ConfUtils.java:logFallback(53)) - raft.grpc.admin.port = 15017 (fallback to raft.grpc.server.port)
2025-04-23 15:46:04,593 [main] INFO  grpc.GrpcConfigKeys (ConfUtils.java:logFallback(53)) - raft.grpc.client.host = null (fallback to raft.grpc.server.host)
2025-04-23 15:46:04,593 [main] INFO  grpc.GrpcConfigKeys (ConfUtils.java:logFallback(53)) - raft.grpc.client.port = 15017 (fallback to raft.grpc.server.port)
2025-04-23 15:46:04,593 [main] INFO  grpc.GrpcConfigKeys (ConfUtils.java:logGet(46)) - raft.grpc.server.host = null (default)
2025-04-23 15:46:04,593 [main] INFO  grpc.GrpcConfigKeys (ConfUtils.java:logGet(46)) - raft.grpc.server.port = 15017 (custom)
2025-04-23 15:46:04,593 [main] INFO  server.GrpcService (ConfUtils.java:logGet(46)) - raft.grpc.message.size.max = 5242880 (custom)
2025-04-23 15:46:04,594 [main] INFO  server.GrpcService (ConfUtils.java:logGet(46)) - raft.grpc.flow.control.window = 1MB (=1048576) (default)
2025-04-23 15:46:04,594 [main] INFO  server.RaftServerConfigKeys (ConfUtils.java:logGet(46)) - raft.server.rpc.request.timeout = 3000ms (default)
2025-04-23 15:46:04,594 [main] INFO  grpc.GrpcConfigKeys (ConfUtils.java:logGet(46)) - raft.grpc.server.heartbeat.channel = true (default)
2025-04-23 15:46:04,594 [main] INFO  server.RaftServerConfigKeys (ConfUtils.java:logGet(46)) - raft.server.log.appender.buffer.byte-limit = 4194304 (custom)
2025-04-23 15:46:04,594 [main] INFO  grpc.GrpcConfigKeys (ConfUtils.java:logGet(46)) - raft.grpc.server.async.request.thread.pool.cached = true (default)
2025-04-23 15:46:04,594 [main] INFO  grpc.GrpcConfigKeys (ConfUtils.java:logGet(46)) - raft.grpc.server.async.request.thread.pool.size = 32 (default)
2025-04-23 15:46:04,595 [main] INFO  impl.DataStreamServerImpl (ConfUtils.java:logGet(46)) - raft.datastream.type = DISABLED (default)
2025-04-23 15:46:04,595 [main] INFO  server.RaftServerConfigKeys (ConfUtils.java:logGet(46)) - raft.server.sleep.deviation.threshold = 300ms (default)
2025-04-23 15:46:04,595 [main] INFO  server.RaftServerConfigKeys (ConfUtils.java:logGet(46)) - raft.server.close.threshold = 60s (default)
2025-04-23 15:46:04,595 [main] INFO  server.RaftServerConfigKeys (ConfUtils.java:logGet(46)) - raft.server.leaderelection.leader.step-down.wait-time = 10s (default)
2025-04-23 15:46:04,595 [main] INFO  server.RaftServerConfigKeys (ConfUtils.java:logGet(46)) - raft.server.storage.dir = [/home/runner/work/ozone/ozone/hadoop-ozone/integration-test/target/test-dir/MiniOzoneClusterImpl-5cf50c17-c591-473f-a8c4-88d8665d28d7/omNode-3/ratis] (custom)
2025-04-23 15:46:04,596 [main] INFO  server.RaftServerConfigKeys (ConfUtils.java:logGet(46)) - raft.server.threadpool.proxy.cached = true (default)
2025-04-23 15:46:04,596 [main] INFO  server.RaftServerConfigKeys (ConfUtils.java:logGet(46)) - raft.server.threadpool.proxy.size = 0 (default)
2025-04-23 15:46:04,596 [omNode-3-impl-thread1] INFO  server.RaftServer (RaftServerProxy.java:initGroupDir(265)) - omNode-3: found a subdirectory /home/runner/work/ozone/ozone/hadoop-ozone/integration-test/target/test-dir/MiniOzoneClusterImpl-5cf50c17-c591-473f-a8c4-88d8665d28d7/omNode-3/ratis/c9bc4cf4-3bc3-3c60-a66b-523986131536
2025-04-23 15:46:04,596 [main] INFO  server.RaftServer (RaftServerProxy.java:addNew(100)) - omNode-3: addNew group-523986131536:[omNode-3|localhost:15017, omNode-1|localhost:15009, omNode-2|localhost:15013] returns group-523986131536:java.util.concurrent.CompletableFuture@3641de1a[Not completed]
2025-04-23 15:46:04,597 [main] INFO  om.OzoneManager (OzoneManager.java:initializeRatisServer(2303)) - OzoneManager Ratis server initialized at port 15017
2025-04-23 15:46:04,597 [main] INFO  ratis.OzoneManagerRatisServer (OzoneManagerRatisServer.java:start(628)) - Starting OzoneManagerRatisServer omNode-3 at port 15017
2025-04-23 15:46:04,597 [omNode-3-groupManagement] INFO  server.RaftServer$Division (RaftServerImpl.java:<init>(255)) - omNode-3: new RaftServerImpl for group-523986131536:[omNode-3|localhost:15017, omNode-1|localhost:15009, omNode-2|localhost:15013] with OzoneManagerStateMachine:uninitialized
2025-04-23 15:46:04,597 [omNode-3-groupManagement] INFO  server.RaftServerConfigKeys (ConfUtils.java:logGet(46)) - raft.server.rpc.timeout.min = 1s (custom)
2025-04-23 15:46:04,597 [omNode-3-groupManagement] INFO  server.RaftServerConfigKeys (ConfUtils.java:logGet(46)) - raft.server.rpc.timeout.max = 1200ms (custom)
2025-04-23 15:46:04,597 [omNode-3-groupManagement] INFO  server.RaftServerConfigKeys (ConfUtils.java:logGet(46)) - raft.server.rpc.sleep.time = 25ms (default)
2025-04-23 15:46:04,597 [omNode-3-groupManagement] INFO  server.RaftServerConfigKeys (ConfUtils.java:logGet(46)) - raft.server.rpc.slowness.timeout = 2s (custom)
2025-04-23 15:46:04,597 [omNode-3-groupManagement] INFO  server.RaftServerConfigKeys (ConfUtils.java:logGet(46)) - raft.server.leaderelection.leader.step-down.wait-time = 10s (default)
2025-04-23 15:46:04,597 [omNode-3-groupManagement] INFO  server.RaftServerConfigKeys (ConfUtils.java:logGet(46)) - raft.server.leaderelection.member.majority-add = false (default)
2025-04-23 15:46:04,597 [omNode-3-groupManagement] INFO  server.RaftServerConfigKeys (ConfUtils.java:logGet(46)) - raft.server.sleep.deviation.threshold = 300ms (default)
2025-04-23 15:46:04,597 [omNode-3-groupManagement] INFO  server.RaftServer$Division (ServerState.java:<init>(114)) - omNode-3@group-523986131536: ConfigurationManager, init=conf: {index: -1, cur=peers:[omNode-3|localhost:15017, omNode-1|localhost:15009, omNode-2|localhost:15013]|listeners:[], old=null}, confs=<EMPTY_MAP>
2025-04-23 15:46:04,597 [omNode-3-groupManagement] INFO  server.RaftServerConfigKeys (ConfUtils.java:logGet(46)) - raft.server.notification.no-leader.timeout = 2s (custom)
2025-04-23 15:46:04,597 [omNode-3-groupManagement] INFO  server.RaftServerConfigKeys (ConfUtils.java:logGet(46)) - raft.server.read.timeout = 10s (default)
2025-04-23 15:46:04,597 [omNode-3-groupManagement] INFO  server.RaftServerConfigKeys (ConfUtils.java:logGet(46)) - raft.server.retrycache.expirytime = 30000ms (custom)
2025-04-23 15:46:04,597 [omNode-3-groupManagement] INFO  server.RaftServerConfigKeys (ConfUtils.java:logGet(46)) - raft.server.retrycache.statistics.expirytime = 100ms (default)
2025-04-23 15:46:04,598 [omNode-3-groupManagement] INFO  server.RaftServerConfigKeys (ConfUtils.java:logGet(46)) - raft.server.read.option = DEFAULT (default)
2025-04-23 15:46:04,598 [omNode-3-groupManagement] INFO  server.RaftServerConfigKeys (ConfUtils.java:logGet(46)) - raft.server.read.read-after-write-consistent.write-index-cache.expiry-time = 60s (default)
2025-04-23 15:46:04,599 [omNode-3-groupManagement] INFO  server.RaftServerConfigKeys (ConfUtils.java:logGet(46)) - raft.server.rpc.request.timeout = 3000ms (default)
2025-04-23 15:46:04,599 [omNode-3-groupManagement] INFO  server.RaftServerConfigKeys (ConfUtils.java:logGet(46)) - raft.server.log.appender.install.snapshot.enabled = false (custom)
2025-04-23 15:46:04,599 [omNode-3-groupManagement] INFO  server.RaftServerConfigKeys (ConfUtils.java:logGet(46)) - raft.server.threadpool.server.cached = true (default)
2025-04-23 15:46:04,599 [omNode-3-groupManagement] INFO  server.RaftServerConfigKeys (ConfUtils.java:logGet(46)) - raft.server.threadpool.server.size = 0 (default)
2025-04-23 15:46:04,599 [omNode-3-groupManagement] INFO  server.RaftServerConfigKeys (ConfUtils.java:logGet(46)) - raft.server.threadpool.client.cached = true (default)
2025-04-23 15:46:04,600 [omNode-3-groupManagement] INFO  server.RaftServerConfigKeys (ConfUtils.java:logGet(46)) - raft.server.threadpool.client.size = 0 (default)
2025-04-23 15:46:04,600 [omNode-3-impl-thread1] INFO  server.RaftServerConfigKeys (ConfUtils.java:logGet(46)) - raft.server.storage.free-space.min = 0MB (=0) (default)
2025-04-23 15:46:04,600 [omNode-3-impl-thread1] INFO  server.RaftServerConfigKeys (ConfUtils.java:logGet(46)) - raft.server.log.corruption.policy = EXCEPTION (default)
2025-04-23 15:46:04,600 [omNode-3-impl-thread1] INFO  server.RaftServerConfigKeys (ConfUtils.java:logGet(46)) - raft.server.storage.dir = [/home/runner/work/ozone/ozone/hadoop-ozone/integration-test/target/test-dir/MiniOzoneClusterImpl-5cf50c17-c591-473f-a8c4-88d8665d28d7/omNode-3/ratis] (custom)
2025-04-23 15:46:04,601 [omNode-3-impl-thread1] INFO  storage.RaftStorageDirectory (RaftStorageDirectoryImpl.java:tryLock(229)) - Lock on /home/runner/work/ozone/ozone/hadoop-ozone/integration-test/target/test-dir/MiniOzoneClusterImpl-5cf50c17-c591-473f-a8c4-88d8665d28d7/omNode-3/ratis/c9bc4cf4-3bc3-3c60-a66b-523986131536/in_use.lock acquired by nodename 129659@fv-az1337-835
2025-04-23 15:46:04,601 [omNode-3-impl-thread1] INFO  storage.RaftStorage (RaftStorageImpl.java:analyzeAndRecoverStorage(118)) - Read RaftStorageMetadata{term=9, votedFor=omNode-3} from /home/runner/work/ozone/ozone/hadoop-ozone/integration-test/target/test-dir/MiniOzoneClusterImpl-5cf50c17-c591-473f-a8c4-88d8665d28d7/omNode-3/ratis/c9bc4cf4-3bc3-3c60-a66b-523986131536/current/raft-meta
2025-04-23 15:46:04,601 [omNode-3-impl-thread1] INFO  server.RaftServer$Division (ServerState.java:setRaftConf(386)) - omNode-3@group-523986131536: set configuration conf: {index: 103, cur=peers:[omNode-3|localhost:15017, omNode-1|localhost:15009, omNode-2|localhost:15013]|listeners:[], old=null}
2025-04-23 15:46:04,601 [omNode-3-impl-thread1] INFO  ratis.OzoneManagerStateMachine (OzoneManagerStateMachine.java:lambda$0(138)) - omNode-3: initialize group-523986131536 with (t:9, i:104)
2025-04-23 15:46:04,601 [omNode-3-impl-thread1] INFO  server.RaftServerConfigKeys (ConfUtils.java:logGet(46)) - raft.server.log.use.memory = false (default)
2025-04-23 15:46:04,602 [omNode-3-impl-thread1] INFO  server.RaftServerConfigKeys (ConfUtils.java:logGet(46)) - raft.server.log.purge.gap = 50 (custom)
2025-04-23 15:46:04,602 [omNode-3-impl-thread1] INFO  server.RaftServerConfigKeys (ConfUtils.java:logGet(46)) - raft.server.log.appender.buffer.byte-limit = 4194304 (custom)
2025-04-23 15:46:04,602 [omNode-3-impl-thread1] INFO  server.RaftServerConfigKeys (ConfUtils.java:logGet(46)) - raft.server.log.statemachine.data.read.timeout = 1000ms (default)
2025-04-23 15:46:04,602 [omNode-3-impl-thread1] INFO  server.RaftServerConfigKeys (ConfUtils.java:logGet(46)) - raft.server.log.purge.preservation.log.num = 0 (default)
2025-04-23 15:46:04,603 [omNode-3-impl-thread1] INFO  server.RaftServerConfigKeys (ConfUtils.java:logGet(46)) - raft.server.log.segment.size.max = 4194304 (custom)
2025-04-23 15:46:04,603 [omNode-3-impl-thread1] INFO  server.RaftServerConfigKeys (ConfUtils.java:logGet(46)) - raft.server.log.segment.cache.num.max = 2 (custom)
2025-04-23 15:46:04,603 [omNode-3-impl-thread1] INFO  server.RaftServerConfigKeys (ConfUtils.java:logGet(46)) - raft.server.log.segment.cache.size.max = 200MB (=209715200) (default)
2025-04-23 15:46:04,603 [omNode-3-impl-thread1] INFO  server.RaftServerConfigKeys (ConfUtils.java:logGet(46)) - raft.server.log.appender.buffer.byte-limit = 4194304 (custom)
2025-04-23 15:46:04,603 [omNode-3-impl-thread1] INFO  util.AwaitToRun (AwaitToRun.java:start(81)) - Thread[#4026,omNode-3@group-523986131536-cacheEviction-AwaitToRun,5,main] started
2025-04-23 15:46:04,603 [omNode-3-impl-thread1] INFO  segmented.SegmentedRaftLogWorker (SegmentedRaftLogWorker.java:<init>(188)) - new omNode-3@group-523986131536-SegmentedRaftLogWorker for RaftStorageImpl:Storage Directory /home/runner/work/ozone/ozone/hadoop-ozone/integration-test/target/test-dir/MiniOzoneClusterImpl-5cf50c17-c591-473f-a8c4-88d8665d28d7/omNode-3/ratis/c9bc4cf4-3bc3-3c60-a66b-523986131536
2025-04-23 15:46:04,603 [omNode-3-impl-thread1] INFO  server.RaftServerConfigKeys (ConfUtils.java:logGet(46)) - raft.server.log.queue.byte-limit = 64MB (=67108864) (default)
2025-04-23 15:46:04,603 [omNode-3-impl-thread1] INFO  server.RaftServerConfigKeys (ConfUtils.java:logGet(46)) - raft.server.log.queue.element-limit = 4096 (default)
2025-04-23 15:46:04,603 [omNode-3-impl-thread1] INFO  server.RaftServerConfigKeys (ConfUtils.java:logGet(46)) - raft.server.log.segment.size.max = 4194304 (custom)
2025-04-23 15:46:04,603 [omNode-3-impl-thread1] INFO  server.RaftServerConfigKeys (ConfUtils.java:logGet(46)) - raft.server.log.preallocated.size = 4194304 (custom)
2025-04-23 15:46:04,603 [omNode-3-impl-thread1] INFO  server.RaftServerConfigKeys (ConfUtils.java:logGet(46)) - raft.server.log.force.sync.num = 128 (default)
2025-04-23 15:46:04,603 [omNode-3-impl-thread1] INFO  server.RaftServerConfigKeys (ConfUtils.java:logGet(46)) - raft.server.log.statemachine.data.sync = true (default)
2025-04-23 15:46:04,603 [omNode-3-impl-thread1] INFO  server.RaftServerConfigKeys (ConfUtils.java:logGet(46)) - raft.server.log.statemachine.data.sync.timeout = 10s (default)
2025-04-23 15:46:04,603 [omNode-3-impl-thread1] INFO  server.RaftServerConfigKeys (ConfUtils.java:logGet(46)) - raft.server.log.statemachine.data.sync.timeout.retry = -1 (default)
2025-04-23 15:46:04,604 [omNode-3-impl-thread1] INFO  server.RaftServerConfigKeys (ConfUtils.java:logGet(46)) - raft.server.log.write.buffer.size = 4194312 (custom)
2025-04-23 15:46:04,606 [omNode-3-impl-thread1] INFO  server.RaftServerConfigKeys (ConfUtils.java:logGet(46)) - raft.server.log.appender.buffer.byte-limit = 4194304 (custom)
2025-04-23 15:46:04,606 [omNode-3-impl-thread1] INFO  server.RaftServerConfigKeys (ConfUtils.java:logGet(46)) - raft.server.log.unsafe-flush.enabled = false (default)
2025-04-23 15:46:04,606 [omNode-3-impl-thread1] INFO  server.RaftServerConfigKeys (ConfUtils.java:logGet(46)) - raft.server.log.async-flush.enabled = false (default)
2025-04-23 15:46:04,606 [omNode-3-impl-thread1] INFO  server.RaftServerConfigKeys (ConfUtils.java:logGet(46)) - raft.server.log.statemachine.data.caching.enabled = false (default)
2025-04-23 15:46:04,607 [omNode-3-impl-thread1] INFO  server.RaftServer$Division (ServerState.java:setRaftConf(386)) - omNode-3@group-523986131536: set configuration conf: {index: 103, cur=peers:[omNode-3|localhost:15017, omNode-1|localhost:15009, omNode-2|localhost:15013]|listeners:[], old=null}
2025-04-23 15:46:04,607 [omNode-3-impl-thread1] INFO  segmented.LogSegment (LogSegment.java:loadSegment(171)) - Successfully read 2 entries from segment file /home/runner/work/ozone/ozone/hadoop-ozone/integration-test/target/test-dir/MiniOzoneClusterImpl-5cf50c17-c591-473f-a8c4-88d8665d28d7/omNode-3/ratis/c9bc4cf4-3bc3-3c60-a66b-523986131536/current/log_inprogress_103
2025-04-23 15:46:04,607 [omNode-3-impl-thread1] INFO  segmented.SegmentedRaftLogWorker (SegmentedRaftLogWorker.java:lambda$new$0(139)) - omNode-3@group-523986131536-SegmentedRaftLogWorker: flushIndex: setUnconditionally 0 -> 104
2025-04-23 15:46:04,607 [omNode-3-impl-thread1] INFO  segmented.SegmentedRaftLogWorker (SegmentedRaftLogWorker.java:lambda$new$0(139)) - omNode-3@group-523986131536-SegmentedRaftLogWorker: safeCacheEvictIndex: setUnconditionally 0 -> -1
2025-04-23 15:46:04,607 [omNode-3-impl-thread1] INFO  segmented.BufferedWriteChannel (BufferedWriteChannel.java:open(61)) - open log_inprogress_103 (append) at position 125
2025-04-23 15:46:04,607 [omNode-3-impl-thread1] INFO  raftlog.RaftLog (RaftLogBase.java:lambda$new$0(54)) - omNode-3@group-523986131536-SegmentedRaftLog: purgeIndex: updateToMax old=-1, new=102, updated? true
2025-04-23 15:46:04,608 [omNode-3-impl-thread1] INFO  server.RaftServer$Division (RaftServerImpl.java:start(391)) - omNode-3@group-523986131536: start as a follower, conf=conf: {index: 103, cur=peers:[omNode-3|localhost:15017, omNode-1|localhost:15009, omNode-2|localhost:15013]|listeners:[], old=null}
2025-04-23 15:46:04,608 [omNode-3-impl-thread1] INFO  server.RaftServer$Division (RaftServerImpl.java:setRole(378)) - omNode-3@group-523986131536: changes role from      null to FOLLOWER at term 9 for startAsFollower
2025-04-23 15:46:04,608 [omNode-3-impl-thread1] INFO  impl.RoleInfo (RoleInfo.java:updateAndGet(148)) - omNode-3: start omNode-3@group-523986131536-FollowerState
2025-04-23 15:46:04,608 [omNode-3@group-523986131536-FollowerState] INFO  server.RaftServerConfigKeys (ConfUtils.java:logFallback(53)) - raft.server.rpc.first-election.timeout.min = 1s (fallback to raft.server.rpc.timeout.min)
2025-04-23 15:46:04,608 [omNode-3-impl-thread1] INFO  util.JmxRegister (JmxRegister.java:tryRegister(44)) - Successfully registered JMX Bean with object name Ratis:service=RaftServer,group=group-523986131536,id=omNode-3
2025-04-23 15:46:04,608 [omNode-3-impl-thread1] INFO  util.JmxRegister (JmxRegister.java:register(58)) - register mxBean class org.apache.ratis.server.impl.RaftServerJmxAdapter as Ratis:service=RaftServer,group=group-523986131536,id=omNode-3
2025-04-23 15:46:04,608 [omNode-3@group-523986131536-FollowerState] INFO  server.RaftServerConfigKeys (ConfUtils.java:logFallback(53)) - raft.server.rpc.first-election.timeout.max = 1200ms (fallback to raft.server.rpc.timeout.max)
2025-04-23 15:46:04,608 [omNode-3-impl-thread1] INFO  server.RaftServerConfigKeys (ConfUtils.java:logGet(46)) - raft.server.snapshot.trigger-when-stop.enabled = true (default)
2025-04-23 15:46:04,608 [omNode-3-impl-thread1] INFO  server.RaftServerConfigKeys (ConfUtils.java:logGet(46)) - raft.server.snapshot.trigger-when-remove.enabled = true (default)
2025-04-23 15:46:04,608 [omNode-3-impl-thread1] INFO  server.RaftServerConfigKeys (ConfUtils.java:logGet(46)) - raft.server.snapshot.auto.trigger.enabled = true (custom)
2025-04-23 15:46:04,608 [omNode-3-impl-thread1] INFO  server.RaftServerConfigKeys (ConfUtils.java:logGet(46)) - raft.server.snapshot.auto.trigger.threshold = 50 (custom)
2025-04-23 15:46:04,608 [omNode-3-impl-thread1] INFO  server.RaftServerConfigKeys (ConfUtils.java:logGet(46)) - raft.server.snapshot.retention.file.num = -1 (default)
2025-04-23 15:46:04,608 [omNode-3-impl-thread1] INFO  server.RaftServerConfigKeys (ConfUtils.java:logGet(46)) - raft.server.log.purge.upto.snapshot.index = true (custom)
2025-04-23 15:46:04,609 [omNode-3-impl-thread1] INFO  server.RaftServer$Division (RaftServerImpl.java:start(405)) - omNode-3@group-523986131536: Successfully started.
2025-04-23 15:46:04,609 [main] INFO  server.RaftServer (RaftServerProxy.java:startImpl(407)) - omNode-3: start RPC server
2025-04-23 15:46:04,609 [main] INFO  server.GrpcService (GrpcService.java:startImpl(334)) - omNode-3: GrpcService started, listening on 15017
2025-04-23 15:46:04,610 [main] INFO  om.OzoneManager (OzoneManager.java:getRpcServer(1360)) - Creating RPC Server
2025-04-23 15:46:04,610 [JvmPauseMonitor23] INFO  util.JvmPauseMonitor (JvmPauseMonitor.java:run(146)) - JvmPauseMonitor-omNode-3: Started
2025-04-23 15:46:04,956 [main] INFO  reflections.Reflections (Reflections.java:scan(219)) - Reflections took 346 ms to scan 22 urls, producing 61 keys and 7422 values
2025-04-23 15:46:04,957 [main] INFO  ipc.CallQueueManager (CallQueueManager.java:<init>(93)) - Using callQueue: class java.util.concurrent.LinkedBlockingQueue, queueCapacity: 2000, scheduler: class org.apache.hadoop.ipc.DefaultRpcScheduler, ipcBackoff: false, ipcFailOver: false.
2025-04-23 15:46:04,957 [main] INFO  ipc.Server (Server.java:<init>(1438)) - Listener at localhost:15014
2025-04-23 15:46:04,958 [Socket Reader #1 for port 15014] INFO  ipc.Server (Server.java:run(1474)) - Starting Socket Reader #1 for port 15014
2025-04-23 15:46:04,958 [Socket Reader #2 for port 15014] INFO  ipc.Server (Server.java:run(1474)) - Starting Socket Reader #2 for port 15014
2025-04-23 15:46:04,958 [Socket Reader #3 for port 15014] INFO  ipc.Server (Server.java:run(1474)) - Starting Socket Reader #3 for port 15014
2025-04-23 15:46:04,958 [Socket Reader #4 for port 15014] INFO  ipc.Server (Server.java:run(1474)) - Starting Socket Reader #4 for port 15014
2025-04-23 15:46:04,958 [Socket Reader #5 for port 15014] INFO  ipc.Server (Server.java:run(1474)) - Starting Socket Reader #5 for port 15014
2025-04-23 15:46:04,959 [Socket Reader #6 for port 15014] INFO  ipc.Server (Server.java:run(1474)) - Starting Socket Reader #6 for port 15014
2025-04-23 15:46:04,959 [Socket Reader #7 for port 15014] INFO  ipc.Server (Server.java:run(1474)) - Starting Socket Reader #7 for port 15014
2025-04-23 15:46:04,959 [Socket Reader #8 for port 15014] INFO  ipc.Server (Server.java:run(1474)) - Starting Socket Reader #8 for port 15014
2025-04-23 15:46:04,959 [Socket Reader #9 for port 15014] INFO  ipc.Server (Server.java:run(1474)) - Starting Socket Reader #9 for port 15014
2025-04-23 15:46:04,959 [Socket Reader #10 for port 15014] INFO  ipc.Server (Server.java:run(1474)) - Starting Socket Reader #10 for port 15014
2025-04-23 15:46:04,961 [main] INFO  http.BaseHttpServer (BaseHttpServer.java:newHttpServer2BuilderForOzone(229)) - Starting Web-server for ozoneManager at: http://0.0.0.0:15015
2025-04-23 15:46:04,961 [main] INFO  http.BaseHttpServer (BaseHttpServer.java:<init>(107)) - Hadoop Security Enabled: false Ozone Security Enabled: false Ozone HTTP Security Enabled: false 
2025-04-23 15:46:04,962 [main] WARN  server.AuthenticationFilter (AuthenticationFilter.java:constructSecretProvider(240)) - Unable to initialize FileSignerSecretProvider, falling back to use random secrets. Reason: Could not read signature secret file: /home/runner/hadoop-http-auth-signature-secret
2025-04-23 15:46:04,963 [main] INFO  http.HttpServer2 (HttpServer2.java:addGlobalFilter(1041)) - Added global filter 'safety' (class=org.apache.hadoop.hdds.server.http.HttpServer2$QuotingInputFilter)
2025-04-23 15:46:04,964 [main] INFO  http.HttpServer2 (HttpServer2.java:addFilter(1017)) - Added filter static_user_filter (class=org.apache.hadoop.http.lib.StaticUserWebFilter$StaticUserFilter) to context ozoneManager
2025-04-23 15:46:04,964 [main] INFO  http.HttpServer2 (HttpServer2.java:addFilter(1025)) - Added filter static_user_filter (class=org.apache.hadoop.http.lib.StaticUserWebFilter$StaticUserFilter) to context logs
2025-04-23 15:46:04,964 [main] INFO  http.HttpServer2 (HttpServer2.java:addFilter(1025)) - Added filter static_user_filter (class=org.apache.hadoop.http.lib.StaticUserWebFilter$StaticUserFilter) to context static
2025-04-23 15:46:04,964 [main] INFO  http.BaseHttpServer (BaseHttpServer.java:<init>(195)) - HTTP server of ozoneManager uses base directory /home/runner/work/ozone/ozone/hadoop-ozone/integration-test/target/test-dir/MiniOzoneClusterImpl-5cf50c17-c591-473f-a8c4-88d8665d28d7/omNode-3/webserver
2025-04-23 15:46:04,964 [main] INFO  http.HttpServer2 (HttpServer2.java:bindListener(1241)) - Jetty bound to port 15015
2025-04-23 15:46:04,965 [main] INFO  server.Server (Server.java:doStart(375)) - jetty-9.4.57.v20241219; built: 2025-01-08T21:24:30.412Z; git: df524e6b29271c2e09ba9aea83c18dc9db464a31; jvm 21.0.7+6-LTS
2025-04-23 15:46:04,966 [main] INFO  server.session (DefaultSessionIdManager.java:doStart(334)) - DefaultSessionIdManager workerName=node0
2025-04-23 15:46:04,966 [main] INFO  server.session (DefaultSessionIdManager.java:doStart(339)) - No SessionScavenger set, using defaults
2025-04-23 15:46:04,966 [main] INFO  server.session (HouseKeeper.java:startScavenging(132)) - node0 Scavenging every 660000ms
2025-04-23 15:46:04,967 [main] INFO  handler.ContextHandler (ContextHandler.java:doStart(921)) - Started o.e.j.s.ServletContextHandler@33a4c55d{logs,/logs,file:///home/runner/work/ozone/ozone/hadoop-ozone/integration-test/target/log,AVAILABLE}
2025-04-23 15:46:04,967 [main] INFO  handler.ContextHandler (ContextHandler.java:doStart(921)) - Started o.e.j.s.ServletContextHandler@1a1607a9{static,/static,file:///home/runner/work/ozone/ozone/hadoop-ozone/integration-test/target/test-classes/webapps/static,AVAILABLE}
2025-04-23 15:46:04,971 [main] INFO  handler.ContextHandler (ContextHandler.java:doStart(921)) - Started o.e.j.w.WebAppContext@3db1aaf2{ozoneManager,/,file:///home/runner/work/ozone/ozone/hadoop-ozone/integration-test/target/test-classes/webapps/ozoneManager/,AVAILABLE}{file:/home/runner/work/ozone/ozone/hadoop-ozone/integration-test/target/test-classes/webapps/ozoneManager}
2025-04-23 15:46:04,971 [main] INFO  server.AbstractConnector (AbstractConnector.java:doStart(333)) - Started ServerConnector@48e4cb89{HTTP/1.1, (http/1.1)}{0.0.0.0:15015}
2025-04-23 15:46:04,971 [main] INFO  server.Server (Server.java:doStart(415)) - Started @99953ms
2025-04-23 15:46:04,971 [main] WARN  impl.MetricsSystemImpl (MetricsSystemImpl.java:register(279)) - Sink prometheus already exists!
2025-04-23 15:46:04,972 [main] INFO  http.BaseHttpServer (BaseHttpServer.java:updateConnectorAddress(360)) - HTTP server of ozoneManager listening at http://0.0.0.0:15015
2025-04-23 15:46:04,972 [IPC Server Responder] INFO  ipc.Server (Server.java:run(1713)) - IPC Server Responder: starting
2025-04-23 15:46:04,972 [IPC Server listener on 15014] INFO  ipc.Server (Server.java:run(1553)) - IPC Server listener on 15014: starting
2025-04-23 15:46:04,975 [main] INFO  om.OzoneManager (OzoneManager.java:startTrashEmptier(2257)) - Trash Interval set to 0. Files deleted won't move to trash
2025-04-23 15:46:04,975 [main] INFO  om.OzoneManager (OzoneManager.java:restart(1878)) - OzoneManager RPC server is listening at localhost/127.0.0.1:15006
2025-04-23 15:46:04,975 [main] INFO  impl.MetricsSystemImpl (MetricsSystemImpl.java:init(158)) - OzoneManager metrics system started (again)
2025-04-23 15:46:04,987 [main] WARN  server.ServerUtils (ServerUtils.java:getDBPath(297)) - ozone.om.db.dirs is not configured. We recommend adding this setting. Falling back to ozone.metadata.dirs instead.
2025-04-23 15:46:05,026 [main] INFO  om.OzoneManager (OzoneManager.java:instantiateServices(933)) - S3 Multi-Tenancy is disabled
2025-04-23 15:46:05,026 [main] INFO  om.OmSnapshotManager (OmSnapshotManager.java:<init>(180)) - Ozone filesystem snapshot feature is enabled.
2025-04-23 15:46:05,027 [main] WARN  server.ServerUtils (ServerUtils.java:getDBPath(297)) - ozone.om.snapshot.diff.db.dir is not configured. We recommend adding this setting. Falling back to ozone.metadata.dirs instead.
2025-04-23 15:46:05,041 [main] WARN  dropwizard3.Dm3MetricRegistriesImpl (Dm3MetricRegistriesImpl.java:addReporterRegistration(114)) - New reporters are added after registries were created. Some metrics will be missing from the reporter. Please add reporter before adding any new registry.
2025-04-23 15:46:05,041 [main] WARN  dropwizard3.Dm3MetricRegistriesImpl (Dm3MetricRegistriesImpl.java:addReporterRegistration(114)) - New reporters are added after registries were created. Some metrics will be missing from the reporter. Please add reporter before adding any new registry.
2025-04-23 15:46:05,041 [main] WARN  server.ServerUtils (ServerUtils.java:getDefaultRatisDirectory(309)) - Storage directory for Ratis is not configured. It is a good idea to map this to an SSD disk. Falling back to ozone.metadata.dirs
2025-04-23 15:46:05,041 [main] INFO  server.RaftServerConfigKeys (ConfUtils.java:logGet(46)) - raft.server.log.appender.buffer.byte-limit = 4194304 (custom)
2025-04-23 15:46:05,042 [main] INFO  ratis.OzoneManagerRatisServer (OzoneManagerRatisServer.java:<init>(167)) - Instantiating OM Ratis server with groupID: om-service-test1 and peers: localhost:15009, localhost:15017, localhost:15013
2025-04-23 15:46:05,042 [main] INFO  ratis.OzoneManagerStateMachine (OzoneManagerStateMachine.java:loadSnapshotInfoFromDB(611)) - LastAppliedIndex is set from TransactionInfo from OM DB as (t:8, i:102)
2025-04-23 15:46:05,043 [main] INFO  server.RaftServer (ConfUtils.java:logGet(46)) - raft.rpc.type = GRPC (default)
2025-04-23 15:46:05,043 [main] INFO  grpc.GrpcConfigKeys (ConfUtils.java:logFallback(53)) - raft.grpc.admin.host = null (fallback to raft.grpc.server.host)
2025-04-23 15:46:05,043 [main] INFO  grpc.GrpcConfigKeys (ConfUtils.java:logFallback(53)) - raft.grpc.admin.port = 15009 (fallback to raft.grpc.server.port)
2025-04-23 15:46:05,043 [main] INFO  grpc.GrpcConfigKeys (ConfUtils.java:logFallback(53)) - raft.grpc.client.host = null (fallback to raft.grpc.server.host)
2025-04-23 15:46:05,043 [main] INFO  grpc.GrpcConfigKeys (ConfUtils.java:logFallback(53)) - raft.grpc.client.port = 15009 (fallback to raft.grpc.server.port)
2025-04-23 15:46:05,043 [main] INFO  grpc.GrpcConfigKeys (ConfUtils.java:logGet(46)) - raft.grpc.server.host = null (default)
2025-04-23 15:46:05,043 [main] INFO  grpc.GrpcConfigKeys (ConfUtils.java:logGet(46)) - raft.grpc.server.port = 15009 (custom)
2025-04-23 15:46:05,043 [main] INFO  server.GrpcService (ConfUtils.java:logGet(46)) - raft.grpc.message.size.max = 5242880 (custom)
2025-04-23 15:46:05,043 [main] INFO  server.GrpcService (ConfUtils.java:logGet(46)) - raft.grpc.flow.control.window = 1MB (=1048576) (default)
2025-04-23 15:46:05,043 [main] INFO  server.RaftServerConfigKeys (ConfUtils.java:logGet(46)) - raft.server.rpc.request.timeout = 3000ms (default)
2025-04-23 15:46:05,043 [main] INFO  grpc.GrpcConfigKeys (ConfUtils.java:logGet(46)) - raft.grpc.server.heartbeat.channel = true (default)
2025-04-23 15:46:05,043 [main] INFO  server.RaftServerConfigKeys (ConfUtils.java:logGet(46)) - raft.server.log.appender.buffer.byte-limit = 4194304 (custom)
2025-04-23 15:46:05,044 [main] INFO  grpc.GrpcConfigKeys (ConfUtils.java:logGet(46)) - raft.grpc.server.async.request.thread.pool.cached = true (default)
2025-04-23 15:46:05,044 [main] INFO  grpc.GrpcConfigKeys (ConfUtils.java:logGet(46)) - raft.grpc.server.async.request.thread.pool.size = 32 (default)
2025-04-23 15:46:05,045 [main] INFO  impl.DataStreamServerImpl (ConfUtils.java:logGet(46)) - raft.datastream.type = DISABLED (default)
2025-04-23 15:46:05,045 [main] INFO  server.RaftServerConfigKeys (ConfUtils.java:logGet(46)) - raft.server.sleep.deviation.threshold = 300ms (default)
2025-04-23 15:46:05,045 [main] INFO  server.RaftServerConfigKeys (ConfUtils.java:logGet(46)) - raft.server.close.threshold = 60s (default)
2025-04-23 15:46:05,045 [main] INFO  server.RaftServerConfigKeys (ConfUtils.java:logGet(46)) - raft.server.leaderelection.leader.step-down.wait-time = 10s (default)
2025-04-23 15:46:05,045 [main] INFO  server.RaftServerConfigKeys (ConfUtils.java:logGet(46)) - raft.server.storage.dir = [/home/runner/work/ozone/ozone/hadoop-ozone/integration-test/target/test-dir/MiniOzoneClusterImpl-5cf50c17-c591-473f-a8c4-88d8665d28d7/omNode-1/ratis] (custom)
2025-04-23 15:46:05,045 [main] INFO  server.RaftServerConfigKeys (ConfUtils.java:logGet(46)) - raft.server.threadpool.proxy.cached = true (default)
2025-04-23 15:46:05,045 [main] INFO  server.RaftServerConfigKeys (ConfUtils.java:logGet(46)) - raft.server.threadpool.proxy.size = 0 (default)
2025-04-23 15:46:05,046 [omNode-1-impl-thread1] INFO  server.RaftServer (RaftServerProxy.java:initGroupDir(265)) - omNode-1: found a subdirectory /home/runner/work/ozone/ozone/hadoop-ozone/integration-test/target/test-dir/MiniOzoneClusterImpl-5cf50c17-c591-473f-a8c4-88d8665d28d7/omNode-1/ratis/c9bc4cf4-3bc3-3c60-a66b-523986131536
2025-04-23 15:46:05,046 [main] INFO  server.RaftServer (RaftServerProxy.java:addNew(100)) - omNode-1: addNew group-523986131536:[omNode-3|localhost:15017, omNode-1|localhost:15009, omNode-2|localhost:15013] returns group-523986131536:java.util.concurrent.CompletableFuture@68e552d3[Not completed]
2025-04-23 15:46:05,046 [main] INFO  om.OzoneManager (OzoneManager.java:initializeRatisServer(2303)) - OzoneManager Ratis server initialized at port 15009
2025-04-23 15:46:05,046 [main] INFO  ratis.OzoneManagerRatisServer (OzoneManagerRatisServer.java:start(628)) - Starting OzoneManagerRatisServer omNode-1 at port 15009
2025-04-23 15:46:05,047 [omNode-1-groupManagement] INFO  server.RaftServer$Division (RaftServerImpl.java:<init>(255)) - omNode-1: new RaftServerImpl for group-523986131536:[omNode-3|localhost:15017, omNode-1|localhost:15009, omNode-2|localhost:15013] with OzoneManagerStateMachine:uninitialized
2025-04-23 15:46:05,047 [omNode-1-groupManagement] INFO  server.RaftServerConfigKeys (ConfUtils.java:logGet(46)) - raft.server.rpc.timeout.min = 1s (custom)
2025-04-23 15:46:05,047 [omNode-1-groupManagement] INFO  server.RaftServerConfigKeys (ConfUtils.java:logGet(46)) - raft.server.rpc.timeout.max = 1200ms (custom)
2025-04-23 15:46:05,047 [omNode-1-groupManagement] INFO  server.RaftServerConfigKeys (ConfUtils.java:logGet(46)) - raft.server.rpc.sleep.time = 25ms (default)
2025-04-23 15:46:05,047 [omNode-1-groupManagement] INFO  server.RaftServerConfigKeys (ConfUtils.java:logGet(46)) - raft.server.rpc.slowness.timeout = 2s (custom)
2025-04-23 15:46:05,047 [omNode-1-groupManagement] INFO  server.RaftServerConfigKeys (ConfUtils.java:logGet(46)) - raft.server.leaderelection.leader.step-down.wait-time = 10s (default)
2025-04-23 15:46:05,047 [omNode-1-groupManagement] INFO  server.RaftServerConfigKeys (ConfUtils.java:logGet(46)) - raft.server.leaderelection.member.majority-add = false (default)
2025-04-23 15:46:05,047 [omNode-1-groupManagement] INFO  server.RaftServerConfigKeys (ConfUtils.java:logGet(46)) - raft.server.sleep.deviation.threshold = 300ms (default)
2025-04-23 15:46:05,047 [omNode-1-groupManagement] INFO  server.RaftServer$Division (ServerState.java:<init>(114)) - omNode-1@group-523986131536: ConfigurationManager, init=conf: {index: -1, cur=peers:[omNode-3|localhost:15017, omNode-1|localhost:15009, omNode-2|localhost:15013]|listeners:[], old=null}, confs=<EMPTY_MAP>
2025-04-23 15:46:05,047 [omNode-1-groupManagement] INFO  server.RaftServerConfigKeys (ConfUtils.java:logGet(46)) - raft.server.notification.no-leader.timeout = 2s (custom)
2025-04-23 15:46:05,047 [omNode-1-groupManagement] INFO  server.RaftServerConfigKeys (ConfUtils.java:logGet(46)) - raft.server.read.timeout = 10s (default)
2025-04-23 15:46:05,047 [omNode-1-groupManagement] INFO  server.RaftServerConfigKeys (ConfUtils.java:logGet(46)) - raft.server.retrycache.expirytime = 30000ms (custom)
2025-04-23 15:46:05,047 [omNode-1-groupManagement] INFO  server.RaftServerConfigKeys (ConfUtils.java:logGet(46)) - raft.server.retrycache.statistics.expirytime = 100ms (default)
2025-04-23 15:46:05,047 [omNode-1-groupManagement] INFO  server.RaftServerConfigKeys (ConfUtils.java:logGet(46)) - raft.server.read.option = DEFAULT (default)
2025-04-23 15:46:05,047 [omNode-1-groupManagement] INFO  server.RaftServerConfigKeys (ConfUtils.java:logGet(46)) - raft.server.read.read-after-write-consistent.write-index-cache.expiry-time = 60s (default)
2025-04-23 15:46:05,049 [omNode-1-groupManagement] INFO  server.RaftServerConfigKeys (ConfUtils.java:logGet(46)) - raft.server.rpc.request.timeout = 3000ms (default)
2025-04-23 15:46:05,049 [omNode-1-groupManagement] INFO  server.RaftServerConfigKeys (ConfUtils.java:logGet(46)) - raft.server.log.appender.install.snapshot.enabled = false (custom)
2025-04-23 15:46:05,049 [omNode-1-groupManagement] INFO  server.RaftServerConfigKeys (ConfUtils.java:logGet(46)) - raft.server.threadpool.server.cached = true (default)
2025-04-23 15:46:05,049 [omNode-1-groupManagement] INFO  server.RaftServerConfigKeys (ConfUtils.java:logGet(46)) - raft.server.threadpool.server.size = 0 (default)
2025-04-23 15:46:05,050 [omNode-1-groupManagement] INFO  server.RaftServerConfigKeys (ConfUtils.java:logGet(46)) - raft.server.threadpool.client.cached = true (default)
2025-04-23 15:46:05,050 [omNode-1-groupManagement] INFO  server.RaftServerConfigKeys (ConfUtils.java:logGet(46)) - raft.server.threadpool.client.size = 0 (default)
2025-04-23 15:46:05,050 [omNode-1-impl-thread1] INFO  server.RaftServerConfigKeys (ConfUtils.java:logGet(46)) - raft.server.storage.free-space.min = 0MB (=0) (default)
2025-04-23 15:46:05,050 [omNode-1-impl-thread1] INFO  server.RaftServerConfigKeys (ConfUtils.java:logGet(46)) - raft.server.log.corruption.policy = EXCEPTION (default)
2025-04-23 15:46:05,050 [omNode-1-impl-thread1] INFO  server.RaftServerConfigKeys (ConfUtils.java:logGet(46)) - raft.server.storage.dir = [/home/runner/work/ozone/ozone/hadoop-ozone/integration-test/target/test-dir/MiniOzoneClusterImpl-5cf50c17-c591-473f-a8c4-88d8665d28d7/omNode-1/ratis] (custom)
2025-04-23 15:46:05,051 [omNode-1-impl-thread1] INFO  storage.RaftStorageDirectory (RaftStorageDirectoryImpl.java:tryLock(229)) - Lock on /home/runner/work/ozone/ozone/hadoop-ozone/integration-test/target/test-dir/MiniOzoneClusterImpl-5cf50c17-c591-473f-a8c4-88d8665d28d7/omNode-1/ratis/c9bc4cf4-3bc3-3c60-a66b-523986131536/in_use.lock acquired by nodename 129659@fv-az1337-835
2025-04-23 15:46:05,052 [omNode-1-impl-thread1] INFO  storage.RaftStorage (RaftStorageImpl.java:analyzeAndRecoverStorage(118)) - Read RaftStorageMetadata{term=8, votedFor=omNode-1} from /home/runner/work/ozone/ozone/hadoop-ozone/integration-test/target/test-dir/MiniOzoneClusterImpl-5cf50c17-c591-473f-a8c4-88d8665d28d7/omNode-1/ratis/c9bc4cf4-3bc3-3c60-a66b-523986131536/current/raft-meta
2025-04-23 15:46:05,052 [omNode-1-impl-thread1] INFO  server.RaftServer$Division (ServerState.java:setRaftConf(386)) - omNode-1@group-523986131536: set configuration conf: {index: 77, cur=peers:[omNode-3|localhost:15017, omNode-1|localhost:15009, omNode-2|localhost:15013]|listeners:[], old=null}
2025-04-23 15:46:05,052 [omNode-1-impl-thread1] INFO  ratis.OzoneManagerStateMachine (OzoneManagerStateMachine.java:lambda$0(138)) - omNode-1: initialize group-523986131536 with (t:8, i:102)
2025-04-23 15:46:05,052 [omNode-1-impl-thread1] INFO  server.RaftServerConfigKeys (ConfUtils.java:logGet(46)) - raft.server.log.use.memory = false (default)
2025-04-23 15:46:05,052 [omNode-1-impl-thread1] INFO  server.RaftServerConfigKeys (ConfUtils.java:logGet(46)) - raft.server.log.purge.gap = 50 (custom)
2025-04-23 15:46:05,052 [omNode-1-impl-thread1] INFO  server.RaftServerConfigKeys (ConfUtils.java:logGet(46)) - raft.server.log.appender.buffer.byte-limit = 4194304 (custom)
2025-04-23 15:46:05,052 [omNode-1-impl-thread1] INFO  server.RaftServerConfigKeys (ConfUtils.java:logGet(46)) - raft.server.log.statemachine.data.read.timeout = 1000ms (default)
2025-04-23 15:46:05,052 [omNode-1-impl-thread1] INFO  server.RaftServerConfigKeys (ConfUtils.java:logGet(46)) - raft.server.log.purge.preservation.log.num = 0 (default)
2025-04-23 15:46:05,053 [omNode-1-impl-thread1] INFO  server.RaftServerConfigKeys (ConfUtils.java:logGet(46)) - raft.server.log.segment.size.max = 4194304 (custom)
2025-04-23 15:46:05,054 [omNode-1-impl-thread1] INFO  server.RaftServerConfigKeys (ConfUtils.java:logGet(46)) - raft.server.log.segment.cache.num.max = 2 (custom)
2025-04-23 15:46:05,054 [omNode-1-impl-thread1] INFO  server.RaftServerConfigKeys (ConfUtils.java:logGet(46)) - raft.server.log.segment.cache.size.max = 200MB (=209715200) (default)
2025-04-23 15:46:05,054 [omNode-1-impl-thread1] INFO  server.RaftServerConfigKeys (ConfUtils.java:logGet(46)) - raft.server.log.appender.buffer.byte-limit = 4194304 (custom)
2025-04-23 15:46:05,054 [omNode-1-impl-thread1] INFO  util.AwaitToRun (AwaitToRun.java:start(81)) - Thread[#4133,omNode-1@group-523986131536-cacheEviction-AwaitToRun,5,main] started
2025-04-23 15:46:05,054 [omNode-1-impl-thread1] INFO  segmented.SegmentedRaftLogWorker (SegmentedRaftLogWorker.java:<init>(188)) - new omNode-1@group-523986131536-SegmentedRaftLogWorker for RaftStorageImpl:Storage Directory /home/runner/work/ozone/ozone/hadoop-ozone/integration-test/target/test-dir/MiniOzoneClusterImpl-5cf50c17-c591-473f-a8c4-88d8665d28d7/omNode-1/ratis/c9bc4cf4-3bc3-3c60-a66b-523986131536
2025-04-23 15:46:05,054 [omNode-1-impl-thread1] INFO  server.RaftServerConfigKeys (ConfUtils.java:logGet(46)) - raft.server.log.queue.byte-limit = 64MB (=67108864) (default)
2025-04-23 15:46:05,054 [omNode-1-impl-thread1] INFO  server.RaftServerConfigKeys (ConfUtils.java:logGet(46)) - raft.server.log.queue.element-limit = 4096 (default)
2025-04-23 15:46:05,054 [omNode-1-impl-thread1] INFO  server.RaftServerConfigKeys (ConfUtils.java:logGet(46)) - raft.server.log.segment.size.max = 4194304 (custom)
2025-04-23 15:46:05,054 [omNode-1-impl-thread1] INFO  server.RaftServerConfigKeys (ConfUtils.java:logGet(46)) - raft.server.log.preallocated.size = 4194304 (custom)
2025-04-23 15:46:05,054 [omNode-1-impl-thread1] INFO  server.RaftServerConfigKeys (ConfUtils.java:logGet(46)) - raft.server.log.force.sync.num = 128 (default)
2025-04-23 15:46:05,054 [omNode-1-impl-thread1] INFO  server.RaftServerConfigKeys (ConfUtils.java:logGet(46)) - raft.server.log.statemachine.data.sync = true (default)
2025-04-23 15:46:05,054 [omNode-1-impl-thread1] INFO  server.RaftServerConfigKeys (ConfUtils.java:logGet(46)) - raft.server.log.statemachine.data.sync.timeout = 10s (default)
2025-04-23 15:46:05,054 [omNode-1-impl-thread1] INFO  server.RaftServerConfigKeys (ConfUtils.java:logGet(46)) - raft.server.log.statemachine.data.sync.timeout.retry = -1 (default)
2025-04-23 15:46:05,054 [omNode-1-impl-thread1] INFO  server.RaftServerConfigKeys (ConfUtils.java:logGet(46)) - raft.server.log.write.buffer.size = 4194312 (custom)
2025-04-23 15:46:05,055 [omNode-1-impl-thread1] INFO  server.RaftServerConfigKeys (ConfUtils.java:logGet(46)) - raft.server.log.appender.buffer.byte-limit = 4194304 (custom)
2025-04-23 15:46:05,055 [omNode-1-impl-thread1] INFO  server.RaftServerConfigKeys (ConfUtils.java:logGet(46)) - raft.server.log.unsafe-flush.enabled = false (default)
2025-04-23 15:46:05,055 [omNode-1-impl-thread1] INFO  server.RaftServerConfigKeys (ConfUtils.java:logGet(46)) - raft.server.log.async-flush.enabled = false (default)
2025-04-23 15:46:05,055 [omNode-1-impl-thread1] INFO  server.RaftServerConfigKeys (ConfUtils.java:logGet(46)) - raft.server.log.statemachine.data.caching.enabled = false (default)
2025-04-23 15:46:05,055 [omNode-1-impl-thread1] INFO  server.RaftServer$Division (ServerState.java:setRaftConf(386)) - omNode-1@group-523986131536: set configuration conf: {index: 77, cur=peers:[omNode-3|localhost:15017, omNode-1|localhost:15009, omNode-2|localhost:15013]|listeners:[], old=null}
2025-04-23 15:46:05,056 [omNode-1-impl-thread1] INFO  segmented.LogSegment (LogSegment.java:loadSegment(171)) - Successfully read 26 entries from segment file /home/runner/work/ozone/ozone/hadoop-ozone/integration-test/target/test-dir/MiniOzoneClusterImpl-5cf50c17-c591-473f-a8c4-88d8665d28d7/omNode-1/ratis/c9bc4cf4-3bc3-3c60-a66b-523986131536/current/log_inprogress_77
2025-04-23 15:46:05,056 [omNode-1-impl-thread1] INFO  segmented.SegmentedRaftLogWorker (SegmentedRaftLogWorker.java:lambda$new$0(139)) - omNode-1@group-523986131536-SegmentedRaftLogWorker: flushIndex: setUnconditionally 0 -> 102
2025-04-23 15:46:05,056 [omNode-1-impl-thread1] INFO  segmented.SegmentedRaftLogWorker (SegmentedRaftLogWorker.java:lambda$new$0(139)) - omNode-1@group-523986131536-SegmentedRaftLogWorker: safeCacheEvictIndex: setUnconditionally 0 -> -1
2025-04-23 15:46:05,056 [omNode-1-impl-thread1] INFO  segmented.BufferedWriteChannel (BufferedWriteChannel.java:open(61)) - open log_inprogress_77 (append) at position 6366
2025-04-23 15:46:05,056 [omNode-1-impl-thread1] INFO  raftlog.RaftLog (RaftLogBase.java:lambda$new$0(54)) - omNode-1@group-523986131536-SegmentedRaftLog: purgeIndex: updateToMax old=-1, new=76, updated? true
2025-04-23 15:46:05,056 [omNode-1-impl-thread1] INFO  server.RaftServer$Division (RaftServerImpl.java:start(391)) - omNode-1@group-523986131536: start as a follower, conf=conf: {index: 77, cur=peers:[omNode-3|localhost:15017, omNode-1|localhost:15009, omNode-2|localhost:15013]|listeners:[], old=null}
2025-04-23 15:46:05,056 [omNode-1-impl-thread1] INFO  server.RaftServer$Division (RaftServerImpl.java:setRole(378)) - omNode-1@group-523986131536: changes role from      null to FOLLOWER at term 8 for startAsFollower
2025-04-23 15:46:05,057 [omNode-1-impl-thread1] INFO  impl.RoleInfo (RoleInfo.java:updateAndGet(148)) - omNode-1: start omNode-1@group-523986131536-FollowerState
2025-04-23 15:46:05,057 [omNode-1-impl-thread1] INFO  util.JmxRegister (JmxRegister.java:tryRegister(44)) - Successfully registered JMX Bean with object name Ratis:service=RaftServer,group=group-523986131536,id=omNode-1
2025-04-23 15:46:05,057 [omNode-1-impl-thread1] INFO  util.JmxRegister (JmxRegister.java:register(58)) - register mxBean class org.apache.ratis.server.impl.RaftServerJmxAdapter as Ratis:service=RaftServer,group=group-523986131536,id=omNode-1
2025-04-23 15:46:05,057 [omNode-1-impl-thread1] INFO  server.RaftServerConfigKeys (ConfUtils.java:logGet(46)) - raft.server.snapshot.trigger-when-stop.enabled = true (default)
2025-04-23 15:46:05,058 [omNode-1@group-523986131536-FollowerState] INFO  server.RaftServerConfigKeys (ConfUtils.java:logFallback(53)) - raft.server.rpc.first-election.timeout.min = 1s (fallback to raft.server.rpc.timeout.min)
2025-04-23 15:46:05,058 [omNode-1@group-523986131536-FollowerState] INFO  server.RaftServerConfigKeys (ConfUtils.java:logFallback(53)) - raft.server.rpc.first-election.timeout.max = 1200ms (fallback to raft.server.rpc.timeout.max)
2025-04-23 15:46:05,058 [omNode-1-impl-thread1] INFO  server.RaftServerConfigKeys (ConfUtils.java:logGet(46)) - raft.server.snapshot.trigger-when-remove.enabled = true (default)
2025-04-23 15:46:05,058 [omNode-1-impl-thread1] INFO  server.RaftServerConfigKeys (ConfUtils.java:logGet(46)) - raft.server.snapshot.auto.trigger.enabled = true (custom)
2025-04-23 15:46:05,058 [omNode-1-impl-thread1] INFO  server.RaftServerConfigKeys (ConfUtils.java:logGet(46)) - raft.server.snapshot.auto.trigger.threshold = 50 (custom)
2025-04-23 15:46:05,058 [omNode-1-impl-thread1] INFO  server.RaftServerConfigKeys (ConfUtils.java:logGet(46)) - raft.server.snapshot.retention.file.num = -1 (default)
2025-04-23 15:46:05,058 [omNode-1-impl-thread1] INFO  server.RaftServerConfigKeys (ConfUtils.java:logGet(46)) - raft.server.log.purge.upto.snapshot.index = true (custom)
2025-04-23 15:46:05,058 [omNode-1-impl-thread1] INFO  server.RaftServer$Division (RaftServerImpl.java:start(405)) - omNode-1@group-523986131536: Successfully started.
2025-04-23 15:46:05,059 [main] INFO  server.RaftServer (RaftServerProxy.java:startImpl(407)) - omNode-1: start RPC server
2025-04-23 15:46:05,059 [main] INFO  server.GrpcService (GrpcService.java:startImpl(334)) - omNode-1: GrpcService started, listening on 15009
2025-04-23 15:46:05,059 [main] INFO  om.OzoneManager (OzoneManager.java:getRpcServer(1360)) - Creating RPC Server
2025-04-23 15:46:05,060 [JvmPauseMonitor24] INFO  util.JvmPauseMonitor (JvmPauseMonitor.java:run(146)) - JvmPauseMonitor-omNode-1: Started
2025-04-23 15:46:05,412 [main] INFO  reflections.Reflections (Reflections.java:scan(219)) - Reflections took 352 ms to scan 22 urls, producing 61 keys and 7422 values
2025-04-23 15:46:05,413 [main] INFO  ipc.CallQueueManager (CallQueueManager.java:<init>(93)) - Using callQueue: class java.util.concurrent.LinkedBlockingQueue, queueCapacity: 2000, scheduler: class org.apache.hadoop.ipc.DefaultRpcScheduler, ipcBackoff: false, ipcFailOver: false.
2025-04-23 15:46:05,414 [main] INFO  ipc.Server (Server.java:<init>(1438)) - Listener at localhost:15006
2025-04-23 15:46:05,414 [Socket Reader #1 for port 15006] INFO  ipc.Server (Server.java:run(1474)) - Starting Socket Reader #1 for port 15006
2025-04-23 15:46:05,414 [Socket Reader #2 for port 15006] INFO  ipc.Server (Server.java:run(1474)) - Starting Socket Reader #2 for port 15006
2025-04-23 15:46:05,415 [Socket Reader #3 for port 15006] INFO  ipc.Server (Server.java:run(1474)) - Starting Socket Reader #3 for port 15006
2025-04-23 15:46:05,415 [Socket Reader #4 for port 15006] INFO  ipc.Server (Server.java:run(1474)) - Starting Socket Reader #4 for port 15006
2025-04-23 15:46:05,415 [Socket Reader #5 for port 15006] INFO  ipc.Server (Server.java:run(1474)) - Starting Socket Reader #5 for port 15006
2025-04-23 15:46:05,415 [Socket Reader #6 for port 15006] INFO  ipc.Server (Server.java:run(1474)) - Starting Socket Reader #6 for port 15006
2025-04-23 15:46:05,415 [Socket Reader #7 for port 15006] INFO  ipc.Server (Server.java:run(1474)) - Starting Socket Reader #7 for port 15006
2025-04-23 15:46:05,415 [Socket Reader #8 for port 15006] INFO  ipc.Server (Server.java:run(1474)) - Starting Socket Reader #8 for port 15006
2025-04-23 15:46:05,416 [Socket Reader #9 for port 15006] INFO  ipc.Server (Server.java:run(1474)) - Starting Socket Reader #9 for port 15006
2025-04-23 15:46:05,416 [Socket Reader #10 for port 15006] INFO  ipc.Server (Server.java:run(1474)) - Starting Socket Reader #10 for port 15006
2025-04-23 15:46:05,417 [main] INFO  http.BaseHttpServer (BaseHttpServer.java:newHttpServer2BuilderForOzone(229)) - Starting Web-server for ozoneManager at: http://0.0.0.0:15007
2025-04-23 15:46:05,417 [main] INFO  http.BaseHttpServer (BaseHttpServer.java:<init>(107)) - Hadoop Security Enabled: false Ozone Security Enabled: false Ozone HTTP Security Enabled: false 
2025-04-23 15:46:05,418 [main] WARN  server.AuthenticationFilter (AuthenticationFilter.java:constructSecretProvider(240)) - Unable to initialize FileSignerSecretProvider, falling back to use random secrets. Reason: Could not read signature secret file: /home/runner/hadoop-http-auth-signature-secret
2025-04-23 15:46:05,420 [main] INFO  http.HttpServer2 (HttpServer2.java:addGlobalFilter(1041)) - Added global filter 'safety' (class=org.apache.hadoop.hdds.server.http.HttpServer2$QuotingInputFilter)
2025-04-23 15:46:05,421 [main] INFO  http.HttpServer2 (HttpServer2.java:addFilter(1017)) - Added filter static_user_filter (class=org.apache.hadoop.http.lib.StaticUserWebFilter$StaticUserFilter) to context ozoneManager
2025-04-23 15:46:05,421 [main] INFO  http.HttpServer2 (HttpServer2.java:addFilter(1025)) - Added filter static_user_filter (class=org.apache.hadoop.http.lib.StaticUserWebFilter$StaticUserFilter) to context static
2025-04-23 15:46:05,421 [main] INFO  http.HttpServer2 (HttpServer2.java:addFilter(1025)) - Added filter static_user_filter (class=org.apache.hadoop.http.lib.StaticUserWebFilter$StaticUserFilter) to context logs
2025-04-23 15:46:05,421 [main] INFO  http.BaseHttpServer (BaseHttpServer.java:<init>(195)) - HTTP server of ozoneManager uses base directory /home/runner/work/ozone/ozone/hadoop-ozone/integration-test/target/test-dir/MiniOzoneClusterImpl-5cf50c17-c591-473f-a8c4-88d8665d28d7/omNode-1/webserver
2025-04-23 15:46:05,421 [main] INFO  http.HttpServer2 (HttpServer2.java:bindListener(1241)) - Jetty bound to port 15007
2025-04-23 15:46:05,422 [main] INFO  server.Server (Server.java:doStart(375)) - jetty-9.4.57.v20241219; built: 2025-01-08T21:24:30.412Z; git: df524e6b29271c2e09ba9aea83c18dc9db464a31; jvm 21.0.7+6-LTS
2025-04-23 15:46:05,423 [main] INFO  server.session (DefaultSessionIdManager.java:doStart(334)) - DefaultSessionIdManager workerName=node0
2025-04-23 15:46:05,423 [main] INFO  server.session (DefaultSessionIdManager.java:doStart(339)) - No SessionScavenger set, using defaults
2025-04-23 15:46:05,423 [main] INFO  server.session (HouseKeeper.java:startScavenging(132)) - node0 Scavenging every 600000ms
2025-04-23 15:46:05,424 [main] INFO  handler.ContextHandler (ContextHandler.java:doStart(921)) - Started o.e.j.s.ServletContextHandler@480819a5{logs,/logs,file:///home/runner/work/ozone/ozone/hadoop-ozone/integration-test/target/log,AVAILABLE}
2025-04-23 15:46:05,424 [main] INFO  handler.ContextHandler (ContextHandler.java:doStart(921)) - Started o.e.j.s.ServletContextHandler@515bda81{static,/static,file:///home/runner/work/ozone/ozone/hadoop-ozone/integration-test/target/test-classes/webapps/static,AVAILABLE}
2025-04-23 15:46:05,428 [main] INFO  handler.ContextHandler (ContextHandler.java:doStart(921)) - Started o.e.j.w.WebAppContext@35ea29ea{ozoneManager,/,file:///home/runner/work/ozone/ozone/hadoop-ozone/integration-test/target/test-classes/webapps/ozoneManager/,AVAILABLE}{file:/home/runner/work/ozone/ozone/hadoop-ozone/integration-test/target/test-classes/webapps/ozoneManager}
2025-04-23 15:46:05,428 [main] INFO  server.AbstractConnector (AbstractConnector.java:doStart(333)) - Started ServerConnector@52833d4b{HTTP/1.1, (http/1.1)}{0.0.0.0:15007}
2025-04-23 15:46:05,428 [main] INFO  server.Server (Server.java:doStart(415)) - Started @100410ms
2025-04-23 15:46:05,428 [main] WARN  impl.MetricsSystemImpl (MetricsSystemImpl.java:register(279)) - Sink prometheus already exists!
2025-04-23 15:46:05,428 [main] INFO  http.BaseHttpServer (BaseHttpServer.java:updateConnectorAddress(360)) - HTTP server of ozoneManager listening at http://0.0.0.0:15007
2025-04-23 15:46:05,429 [IPC Server Responder] INFO  ipc.Server (Server.java:run(1713)) - IPC Server Responder: starting
2025-04-23 15:46:05,429 [IPC Server listener on 15006] INFO  ipc.Server (Server.java:run(1553)) - IPC Server listener on 15006: starting
2025-04-23 15:46:05,431 [main] INFO  om.OzoneManager (OzoneManager.java:startTrashEmptier(2257)) - Trash Interval set to 0. Files deleted won't move to trash
2025-04-23 15:46:05,431 [main] INFO  om.OzoneManager (OzoneManager.java:restart(1878)) - OzoneManager RPC server is listening at localhost/127.0.0.1:15010
2025-04-23 15:46:05,431 [main] INFO  impl.MetricsSystemImpl (MetricsSystemImpl.java:init(158)) - OzoneManager metrics system started (again)
2025-04-23 15:46:05,442 [main] WARN  server.ServerUtils (ServerUtils.java:getDBPath(297)) - ozone.om.db.dirs is not configured. We recommend adding this setting. Falling back to ozone.metadata.dirs instead.
2025-04-23 15:46:05,480 [main] INFO  om.OzoneManager (OzoneManager.java:instantiateServices(933)) - S3 Multi-Tenancy is disabled
2025-04-23 15:46:05,481 [main] INFO  om.OmSnapshotManager (OmSnapshotManager.java:<init>(180)) - Ozone filesystem snapshot feature is enabled.
2025-04-23 15:46:05,481 [main] WARN  server.ServerUtils (ServerUtils.java:getDBPath(297)) - ozone.om.snapshot.diff.db.dir is not configured. We recommend adding this setting. Falling back to ozone.metadata.dirs instead.
2025-04-23 15:46:05,495 [main] WARN  dropwizard3.Dm3MetricRegistriesImpl (Dm3MetricRegistriesImpl.java:addReporterRegistration(114)) - New reporters are added after registries were created. Some metrics will be missing from the reporter. Please add reporter before adding any new registry.
2025-04-23 15:46:05,495 [main] WARN  dropwizard3.Dm3MetricRegistriesImpl (Dm3MetricRegistriesImpl.java:addReporterRegistration(114)) - New reporters are added after registries were created. Some metrics will be missing from the reporter. Please add reporter before adding any new registry.
2025-04-23 15:46:05,495 [main] WARN  server.ServerUtils (ServerUtils.java:getDefaultRatisDirectory(309)) - Storage directory for Ratis is not configured. It is a good idea to map this to an SSD disk. Falling back to ozone.metadata.dirs
2025-04-23 15:46:05,496 [main] INFO  server.RaftServerConfigKeys (ConfUtils.java:logGet(46)) - raft.server.log.appender.buffer.byte-limit = 4194304 (custom)
2025-04-23 15:46:05,496 [main] INFO  ratis.OzoneManagerRatisServer (OzoneManagerRatisServer.java:<init>(167)) - Instantiating OM Ratis server with groupID: om-service-test1 and peers: localhost:15013, localhost:15017, localhost:15009
2025-04-23 15:46:05,497 [main] INFO  ratis.OzoneManagerStateMachine (OzoneManagerStateMachine.java:loadSnapshotInfoFromDB(611)) - LastAppliedIndex is set from TransactionInfo from OM DB as (t:9, i:104)
2025-04-23 15:46:05,497 [main] INFO  server.RaftServer (ConfUtils.java:logGet(46)) - raft.rpc.type = GRPC (default)
2025-04-23 15:46:05,497 [main] INFO  grpc.GrpcConfigKeys (ConfUtils.java:logFallback(53)) - raft.grpc.admin.host = null (fallback to raft.grpc.server.host)
2025-04-23 15:46:05,497 [main] INFO  grpc.GrpcConfigKeys (ConfUtils.java:logFallback(53)) - raft.grpc.admin.port = 15013 (fallback to raft.grpc.server.port)
2025-04-23 15:46:05,497 [main] INFO  grpc.GrpcConfigKeys (ConfUtils.java:logFallback(53)) - raft.grpc.client.host = null (fallback to raft.grpc.server.host)
2025-04-23 15:46:05,497 [main] INFO  grpc.GrpcConfigKeys (ConfUtils.java:logFallback(53)) - raft.grpc.client.port = 15013 (fallback to raft.grpc.server.port)
2025-04-23 15:46:05,497 [main] INFO  grpc.GrpcConfigKeys (ConfUtils.java:logGet(46)) - raft.grpc.server.host = null (default)
2025-04-23 15:46:05,497 [main] INFO  grpc.GrpcConfigKeys (ConfUtils.java:logGet(46)) - raft.grpc.server.port = 15013 (custom)
2025-04-23 15:46:05,498 [main] INFO  server.GrpcService (ConfUtils.java:logGet(46)) - raft.grpc.message.size.max = 5242880 (custom)
2025-04-23 15:46:05,498 [main] INFO  server.GrpcService (ConfUtils.java:logGet(46)) - raft.grpc.flow.control.window = 1MB (=1048576) (default)
2025-04-23 15:46:05,498 [main] INFO  server.RaftServerConfigKeys (ConfUtils.java:logGet(46)) - raft.server.rpc.request.timeout = 3000ms (default)
2025-04-23 15:46:05,498 [main] INFO  grpc.GrpcConfigKeys (ConfUtils.java:logGet(46)) - raft.grpc.server.heartbeat.channel = true (default)
2025-04-23 15:46:05,498 [main] INFO  server.RaftServerConfigKeys (ConfUtils.java:logGet(46)) - raft.server.log.appender.buffer.byte-limit = 4194304 (custom)
2025-04-23 15:46:05,498 [main] INFO  grpc.GrpcConfigKeys (ConfUtils.java:logGet(46)) - raft.grpc.server.async.request.thread.pool.cached = true (default)
2025-04-23 15:46:05,498 [main] INFO  grpc.GrpcConfigKeys (ConfUtils.java:logGet(46)) - raft.grpc.server.async.request.thread.pool.size = 32 (default)
2025-04-23 15:46:05,499 [main] INFO  impl.DataStreamServerImpl (ConfUtils.java:logGet(46)) - raft.datastream.type = DISABLED (default)
2025-04-23 15:46:05,499 [main] INFO  server.RaftServerConfigKeys (ConfUtils.java:logGet(46)) - raft.server.sleep.deviation.threshold = 300ms (default)
2025-04-23 15:46:05,499 [main] INFO  server.RaftServerConfigKeys (ConfUtils.java:logGet(46)) - raft.server.close.threshold = 60s (default)
2025-04-23 15:46:05,499 [main] INFO  server.RaftServerConfigKeys (ConfUtils.java:logGet(46)) - raft.server.leaderelection.leader.step-down.wait-time = 10s (default)
2025-04-23 15:46:05,499 [main] INFO  server.RaftServerConfigKeys (ConfUtils.java:logGet(46)) - raft.server.storage.dir = [/home/runner/work/ozone/ozone/hadoop-ozone/integration-test/target/test-dir/MiniOzoneClusterImpl-5cf50c17-c591-473f-a8c4-88d8665d28d7/omNode-2/ratis] (custom)
2025-04-23 15:46:05,499 [main] INFO  server.RaftServerConfigKeys (ConfUtils.java:logGet(46)) - raft.server.threadpool.proxy.cached = true (default)
2025-04-23 15:46:05,499 [main] INFO  server.RaftServerConfigKeys (ConfUtils.java:logGet(46)) - raft.server.threadpool.proxy.size = 0 (default)
2025-04-23 15:46:05,500 [omNode-2-impl-thread1] INFO  server.RaftServer (RaftServerProxy.java:initGroupDir(265)) - omNode-2: found a subdirectory /home/runner/work/ozone/ozone/hadoop-ozone/integration-test/target/test-dir/MiniOzoneClusterImpl-5cf50c17-c591-473f-a8c4-88d8665d28d7/omNode-2/ratis/c9bc4cf4-3bc3-3c60-a66b-523986131536
2025-04-23 15:46:05,500 [main] INFO  server.RaftServer (RaftServerProxy.java:addNew(100)) - omNode-2: addNew group-523986131536:[omNode-3|localhost:15017, omNode-1|localhost:15009, omNode-2|localhost:15013] returns group-523986131536:java.util.concurrent.CompletableFuture@26842749[Not completed]
2025-04-23 15:46:05,500 [main] INFO  om.OzoneManager (OzoneManager.java:initializeRatisServer(2303)) - OzoneManager Ratis server initialized at port 15013
2025-04-23 15:46:05,500 [main] INFO  ratis.OzoneManagerRatisServer (OzoneManagerRatisServer.java:start(628)) - Starting OzoneManagerRatisServer omNode-2 at port 15013
2025-04-23 15:46:05,500 [omNode-2-groupManagement] INFO  server.RaftServer$Division (RaftServerImpl.java:<init>(255)) - omNode-2: new RaftServerImpl for group-523986131536:[omNode-3|localhost:15017, omNode-1|localhost:15009, omNode-2|localhost:15013] with OzoneManagerStateMachine:uninitialized
2025-04-23 15:46:05,500 [omNode-2-groupManagement] INFO  server.RaftServerConfigKeys (ConfUtils.java:logGet(46)) - raft.server.rpc.timeout.min = 1s (custom)
2025-04-23 15:46:05,500 [omNode-2-groupManagement] INFO  server.RaftServerConfigKeys (ConfUtils.java:logGet(46)) - raft.server.rpc.timeout.max = 1200ms (custom)
2025-04-23 15:46:05,500 [omNode-2-groupManagement] INFO  server.RaftServerConfigKeys (ConfUtils.java:logGet(46)) - raft.server.rpc.sleep.time = 25ms (default)
2025-04-23 15:46:05,500 [omNode-2-groupManagement] INFO  server.RaftServerConfigKeys (ConfUtils.java:logGet(46)) - raft.server.rpc.slowness.timeout = 2s (custom)
2025-04-23 15:46:05,500 [omNode-2-groupManagement] INFO  server.RaftServerConfigKeys (ConfUtils.java:logGet(46)) - raft.server.leaderelection.leader.step-down.wait-time = 10s (default)
2025-04-23 15:46:05,500 [omNode-2-groupManagement] INFO  server.RaftServerConfigKeys (ConfUtils.java:logGet(46)) - raft.server.leaderelection.member.majority-add = false (default)
2025-04-23 15:46:05,500 [omNode-2-groupManagement] INFO  server.RaftServerConfigKeys (ConfUtils.java:logGet(46)) - raft.server.sleep.deviation.threshold = 300ms (default)
2025-04-23 15:46:05,500 [omNode-2-groupManagement] INFO  server.RaftServer$Division (ServerState.java:<init>(114)) - omNode-2@group-523986131536: ConfigurationManager, init=conf: {index: -1, cur=peers:[omNode-3|localhost:15017, omNode-1|localhost:15009, omNode-2|localhost:15013]|listeners:[], old=null}, confs=<EMPTY_MAP>
2025-04-23 15:46:05,500 [omNode-2-groupManagement] INFO  server.RaftServerConfigKeys (ConfUtils.java:logGet(46)) - raft.server.notification.no-leader.timeout = 2s (custom)
2025-04-23 15:46:05,500 [omNode-2-groupManagement] INFO  server.RaftServerConfigKeys (ConfUtils.java:logGet(46)) - raft.server.read.timeout = 10s (default)
2025-04-23 15:46:05,500 [omNode-2-groupManagement] INFO  server.RaftServerConfigKeys (ConfUtils.java:logGet(46)) - raft.server.retrycache.expirytime = 30000ms (custom)
2025-04-23 15:46:05,501 [omNode-2-groupManagement] INFO  server.RaftServerConfigKeys (ConfUtils.java:logGet(46)) - raft.server.retrycache.statistics.expirytime = 100ms (default)
2025-04-23 15:46:05,501 [omNode-2-groupManagement] INFO  server.RaftServerConfigKeys (ConfUtils.java:logGet(46)) - raft.server.read.option = DEFAULT (default)
2025-04-23 15:46:05,501 [omNode-2-groupManagement] INFO  server.RaftServerConfigKeys (ConfUtils.java:logGet(46)) - raft.server.read.read-after-write-consistent.write-index-cache.expiry-time = 60s (default)
2025-04-23 15:46:05,502 [omNode-2-groupManagement] INFO  server.RaftServerConfigKeys (ConfUtils.java:logGet(46)) - raft.server.rpc.request.timeout = 3000ms (default)
2025-04-23 15:46:05,502 [omNode-2-groupManagement] INFO  server.RaftServerConfigKeys (ConfUtils.java:logGet(46)) - raft.server.log.appender.install.snapshot.enabled = false (custom)
2025-04-23 15:46:05,502 [omNode-2-groupManagement] INFO  server.RaftServerConfigKeys (ConfUtils.java:logGet(46)) - raft.server.threadpool.server.cached = true (default)
2025-04-23 15:46:05,502 [omNode-2-groupManagement] INFO  server.RaftServerConfigKeys (ConfUtils.java:logGet(46)) - raft.server.threadpool.server.size = 0 (default)
2025-04-23 15:46:05,502 [omNode-2-groupManagement] INFO  server.RaftServerConfigKeys (ConfUtils.java:logGet(46)) - raft.server.threadpool.client.cached = true (default)
2025-04-23 15:46:05,502 [omNode-2-groupManagement] INFO  server.RaftServerConfigKeys (ConfUtils.java:logGet(46)) - raft.server.threadpool.client.size = 0 (default)
2025-04-23 15:46:05,502 [omNode-2-impl-thread1] INFO  server.RaftServerConfigKeys (ConfUtils.java:logGet(46)) - raft.server.storage.free-space.min = 0MB (=0) (default)
2025-04-23 15:46:05,502 [omNode-2-impl-thread1] INFO  server.RaftServerConfigKeys (ConfUtils.java:logGet(46)) - raft.server.log.corruption.policy = EXCEPTION (default)
2025-04-23 15:46:05,502 [omNode-2-impl-thread1] INFO  server.RaftServerConfigKeys (ConfUtils.java:logGet(46)) - raft.server.storage.dir = [/home/runner/work/ozone/ozone/hadoop-ozone/integration-test/target/test-dir/MiniOzoneClusterImpl-5cf50c17-c591-473f-a8c4-88d8665d28d7/omNode-2/ratis] (custom)
2025-04-23 15:46:05,503 [omNode-2-impl-thread1] INFO  storage.RaftStorageDirectory (RaftStorageDirectoryImpl.java:tryLock(229)) - Lock on /home/runner/work/ozone/ozone/hadoop-ozone/integration-test/target/test-dir/MiniOzoneClusterImpl-5cf50c17-c591-473f-a8c4-88d8665d28d7/omNode-2/ratis/c9bc4cf4-3bc3-3c60-a66b-523986131536/in_use.lock acquired by nodename 129659@fv-az1337-835
2025-04-23 15:46:05,504 [omNode-2-impl-thread1] INFO  storage.RaftStorage (RaftStorageImpl.java:analyzeAndRecoverStorage(118)) - Read RaftStorageMetadata{term=9, votedFor=omNode-3} from /home/runner/work/ozone/ozone/hadoop-ozone/integration-test/target/test-dir/MiniOzoneClusterImpl-5cf50c17-c591-473f-a8c4-88d8665d28d7/omNode-2/ratis/c9bc4cf4-3bc3-3c60-a66b-523986131536/current/raft-meta
2025-04-23 15:46:05,504 [omNode-2-impl-thread1] INFO  server.RaftServer$Division (ServerState.java:setRaftConf(386)) - omNode-2@group-523986131536: set configuration conf: {index: 103, cur=peers:[omNode-3|localhost:15017, omNode-1|localhost:15009, omNode-2|localhost:15013]|listeners:[], old=null}
2025-04-23 15:46:05,504 [omNode-2-impl-thread1] INFO  ratis.OzoneManagerStateMachine (OzoneManagerStateMachine.java:lambda$0(138)) - omNode-2: initialize group-523986131536 with (t:9, i:104)
2025-04-23 15:46:05,504 [omNode-2-impl-thread1] INFO  server.RaftServerConfigKeys (ConfUtils.java:logGet(46)) - raft.server.log.use.memory = false (default)
2025-04-23 15:46:05,504 [omNode-2-impl-thread1] INFO  server.RaftServerConfigKeys (ConfUtils.java:logGet(46)) - raft.server.log.purge.gap = 50 (custom)
2025-04-23 15:46:05,504 [omNode-2-impl-thread1] INFO  server.RaftServerConfigKeys (ConfUtils.java:logGet(46)) - raft.server.log.appender.buffer.byte-limit = 4194304 (custom)
2025-04-23 15:46:05,504 [omNode-2-impl-thread1] INFO  server.RaftServerConfigKeys (ConfUtils.java:logGet(46)) - raft.server.log.statemachine.data.read.timeout = 1000ms (default)
2025-04-23 15:46:05,504 [omNode-2-impl-thread1] INFO  server.RaftServerConfigKeys (ConfUtils.java:logGet(46)) - raft.server.log.purge.preservation.log.num = 0 (default)
2025-04-23 15:46:05,505 [omNode-2-impl-thread1] INFO  server.RaftServerConfigKeys (ConfUtils.java:logGet(46)) - raft.server.log.segment.size.max = 4194304 (custom)
2025-04-23 15:46:05,505 [omNode-2-impl-thread1] INFO  server.RaftServerConfigKeys (ConfUtils.java:logGet(46)) - raft.server.log.segment.cache.num.max = 2 (custom)
2025-04-23 15:46:05,505 [omNode-2-impl-thread1] INFO  server.RaftServerConfigKeys (ConfUtils.java:logGet(46)) - raft.server.log.segment.cache.size.max = 200MB (=209715200) (default)
2025-04-23 15:46:05,505 [omNode-2-impl-thread1] INFO  server.RaftServerConfigKeys (ConfUtils.java:logGet(46)) - raft.server.log.appender.buffer.byte-limit = 4194304 (custom)
2025-04-23 15:46:05,505 [omNode-2-impl-thread1] INFO  util.AwaitToRun (AwaitToRun.java:start(81)) - Thread[#4244,omNode-2@group-523986131536-cacheEviction-AwaitToRun,5,main] started
2025-04-23 15:46:05,505 [omNode-2-impl-thread1] INFO  segmented.SegmentedRaftLogWorker (SegmentedRaftLogWorker.java:<init>(188)) - new omNode-2@group-523986131536-SegmentedRaftLogWorker for RaftStorageImpl:Storage Directory /home/runner/work/ozone/ozone/hadoop-ozone/integration-test/target/test-dir/MiniOzoneClusterImpl-5cf50c17-c591-473f-a8c4-88d8665d28d7/omNode-2/ratis/c9bc4cf4-3bc3-3c60-a66b-523986131536
2025-04-23 15:46:05,505 [omNode-2-impl-thread1] INFO  server.RaftServerConfigKeys (ConfUtils.java:logGet(46)) - raft.server.log.queue.byte-limit = 64MB (=67108864) (default)
2025-04-23 15:46:05,505 [omNode-2-impl-thread1] INFO  server.RaftServerConfigKeys (ConfUtils.java:logGet(46)) - raft.server.log.queue.element-limit = 4096 (default)
2025-04-23 15:46:05,505 [omNode-2-impl-thread1] INFO  server.RaftServerConfigKeys (ConfUtils.java:logGet(46)) - raft.server.log.segment.size.max = 4194304 (custom)
2025-04-23 15:46:05,505 [omNode-2-impl-thread1] INFO  server.RaftServerConfigKeys (ConfUtils.java:logGet(46)) - raft.server.log.preallocated.size = 4194304 (custom)
2025-04-23 15:46:05,505 [omNode-2-impl-thread1] INFO  server.RaftServerConfigKeys (ConfUtils.java:logGet(46)) - raft.server.log.force.sync.num = 128 (default)
2025-04-23 15:46:05,505 [omNode-2-impl-thread1] INFO  server.RaftServerConfigKeys (ConfUtils.java:logGet(46)) - raft.server.log.statemachine.data.sync = true (default)
2025-04-23 15:46:05,505 [omNode-2-impl-thread1] INFO  server.RaftServerConfigKeys (ConfUtils.java:logGet(46)) - raft.server.log.statemachine.data.sync.timeout = 10s (default)
2025-04-23 15:46:05,505 [omNode-2-impl-thread1] INFO  server.RaftServerConfigKeys (ConfUtils.java:logGet(46)) - raft.server.log.statemachine.data.sync.timeout.retry = -1 (default)
2025-04-23 15:46:05,505 [omNode-2-impl-thread1] INFO  server.RaftServerConfigKeys (ConfUtils.java:logGet(46)) - raft.server.log.write.buffer.size = 4194312 (custom)
2025-04-23 15:46:05,506 [omNode-2-impl-thread1] INFO  server.RaftServerConfigKeys (ConfUtils.java:logGet(46)) - raft.server.log.appender.buffer.byte-limit = 4194304 (custom)
2025-04-23 15:46:05,506 [omNode-2-impl-thread1] INFO  server.RaftServerConfigKeys (ConfUtils.java:logGet(46)) - raft.server.log.unsafe-flush.enabled = false (default)
2025-04-23 15:46:05,506 [omNode-2-impl-thread1] INFO  server.RaftServerConfigKeys (ConfUtils.java:logGet(46)) - raft.server.log.async-flush.enabled = false (default)
2025-04-23 15:46:05,506 [omNode-2-impl-thread1] INFO  server.RaftServerConfigKeys (ConfUtils.java:logGet(46)) - raft.server.log.statemachine.data.caching.enabled = false (default)
2025-04-23 15:46:05,507 [omNode-2-impl-thread1] INFO  server.RaftServer$Division (ServerState.java:setRaftConf(386)) - omNode-2@group-523986131536: set configuration conf: {index: 103, cur=peers:[omNode-3|localhost:15017, omNode-1|localhost:15009, omNode-2|localhost:15013]|listeners:[], old=null}
2025-04-23 15:46:05,507 [omNode-2-impl-thread1] INFO  segmented.LogSegment (LogSegment.java:loadSegment(171)) - Successfully read 2 entries from segment file /home/runner/work/ozone/ozone/hadoop-ozone/integration-test/target/test-dir/MiniOzoneClusterImpl-5cf50c17-c591-473f-a8c4-88d8665d28d7/omNode-2/ratis/c9bc4cf4-3bc3-3c60-a66b-523986131536/current/log_inprogress_103
2025-04-23 15:46:05,507 [omNode-2-impl-thread1] INFO  segmented.SegmentedRaftLogWorker (SegmentedRaftLogWorker.java:lambda$new$0(139)) - omNode-2@group-523986131536-SegmentedRaftLogWorker: flushIndex: setUnconditionally 0 -> 104
2025-04-23 15:46:05,507 [omNode-2-impl-thread1] INFO  segmented.SegmentedRaftLogWorker (SegmentedRaftLogWorker.java:lambda$new$0(139)) - omNode-2@group-523986131536-SegmentedRaftLogWorker: safeCacheEvictIndex: setUnconditionally 0 -> -1
2025-04-23 15:46:05,507 [omNode-2-impl-thread1] INFO  segmented.BufferedWriteChannel (BufferedWriteChannel.java:open(61)) - open log_inprogress_103 (append) at position 125
2025-04-23 15:46:05,508 [omNode-2-impl-thread1] INFO  raftlog.RaftLog (RaftLogBase.java:lambda$new$0(54)) - omNode-2@group-523986131536-SegmentedRaftLog: purgeIndex: updateToMax old=-1, new=102, updated? true
2025-04-23 15:46:05,508 [omNode-2-impl-thread1] INFO  server.RaftServer$Division (RaftServerImpl.java:start(391)) - omNode-2@group-523986131536: start as a follower, conf=conf: {index: 103, cur=peers:[omNode-3|localhost:15017, omNode-1|localhost:15009, omNode-2|localhost:15013]|listeners:[], old=null}
2025-04-23 15:46:05,508 [omNode-2-impl-thread1] INFO  server.RaftServer$Division (RaftServerImpl.java:setRole(378)) - omNode-2@group-523986131536: changes role from      null to FOLLOWER at term 9 for startAsFollower
2025-04-23 15:46:05,508 [omNode-2-impl-thread1] INFO  impl.RoleInfo (RoleInfo.java:updateAndGet(148)) - omNode-2: start omNode-2@group-523986131536-FollowerState
2025-04-23 15:46:05,508 [omNode-2@group-523986131536-FollowerState] INFO  server.RaftServerConfigKeys (ConfUtils.java:logFallback(53)) - raft.server.rpc.first-election.timeout.min = 1s (fallback to raft.server.rpc.timeout.min)
2025-04-23 15:46:05,508 [omNode-2-impl-thread1] INFO  util.JmxRegister (JmxRegister.java:tryRegister(44)) - Successfully registered JMX Bean with object name Ratis:service=RaftServer,group=group-523986131536,id=omNode-2
2025-04-23 15:46:05,508 [omNode-2-impl-thread1] INFO  util.JmxRegister (JmxRegister.java:register(58)) - register mxBean class org.apache.ratis.server.impl.RaftServerJmxAdapter as Ratis:service=RaftServer,group=group-523986131536,id=omNode-2
2025-04-23 15:46:05,508 [omNode-2-impl-thread1] INFO  server.RaftServerConfigKeys (ConfUtils.java:logGet(46)) - raft.server.snapshot.trigger-when-stop.enabled = true (default)
2025-04-23 15:46:05,509 [omNode-2-impl-thread1] INFO  server.RaftServerConfigKeys (ConfUtils.java:logGet(46)) - raft.server.snapshot.trigger-when-remove.enabled = true (default)
2025-04-23 15:46:05,509 [omNode-2-impl-thread1] INFO  server.RaftServerConfigKeys (ConfUtils.java:logGet(46)) - raft.server.snapshot.auto.trigger.enabled = true (custom)
2025-04-23 15:46:05,509 [omNode-2-impl-thread1] INFO  server.RaftServerConfigKeys (ConfUtils.java:logGet(46)) - raft.server.snapshot.auto.trigger.threshold = 50 (custom)
2025-04-23 15:46:05,509 [omNode-2-impl-thread1] INFO  server.RaftServerConfigKeys (ConfUtils.java:logGet(46)) - raft.server.snapshot.retention.file.num = -1 (default)
2025-04-23 15:46:05,509 [omNode-2-impl-thread1] INFO  server.RaftServerConfigKeys (ConfUtils.java:logGet(46)) - raft.server.log.purge.upto.snapshot.index = true (custom)
2025-04-23 15:46:05,508 [omNode-2@group-523986131536-FollowerState] INFO  server.RaftServerConfigKeys (ConfUtils.java:logFallback(53)) - raft.server.rpc.first-election.timeout.max = 1200ms (fallback to raft.server.rpc.timeout.max)
2025-04-23 15:46:05,509 [omNode-2-impl-thread1] INFO  server.RaftServer$Division (RaftServerImpl.java:start(405)) - omNode-2@group-523986131536: Successfully started.
2025-04-23 15:46:05,509 [main] INFO  server.RaftServer (RaftServerProxy.java:startImpl(407)) - omNode-2: start RPC server
2025-04-23 15:46:05,510 [main] INFO  server.GrpcService (GrpcService.java:startImpl(334)) - omNode-2: GrpcService started, listening on 15013
2025-04-23 15:46:05,510 [main] INFO  om.OzoneManager (OzoneManager.java:getRpcServer(1360)) - Creating RPC Server
2025-04-23 15:46:05,510 [JvmPauseMonitor25] INFO  util.JvmPauseMonitor (JvmPauseMonitor.java:run(146)) - JvmPauseMonitor-omNode-2: Started
2025-04-23 15:46:05,637 [omNode-3@group-523986131536-FollowerState] INFO  impl.FollowerState (FollowerState.java:runImpl(161)) - omNode-3@group-523986131536-FollowerState: change to CANDIDATE, lastRpcElapsedTime:1029571338ns, electionTimeout:1028ms
2025-04-23 15:46:05,637 [omNode-3@group-523986131536-FollowerState] INFO  impl.RoleInfo (RoleInfo.java:shutdownFollowerState(121)) - omNode-3: shutdown omNode-3@group-523986131536-FollowerState
2025-04-23 15:46:05,638 [omNode-3@group-523986131536-FollowerState] INFO  server.RaftServer$Division (RaftServerImpl.java:setRole(378)) - omNode-3@group-523986131536: changes role from  FOLLOWER to CANDIDATE at term 9 for changeToCandidate
2025-04-23 15:46:05,638 [omNode-3@group-523986131536-FollowerState] INFO  server.RaftServerConfigKeys (ConfUtils.java:logGet(46)) - raft.server.leaderelection.pre-vote = true (default)
2025-04-23 15:46:05,638 [omNode-3@group-523986131536-FollowerState] INFO  impl.RoleInfo (RoleInfo.java:updateAndGet(148)) - omNode-3: start omNode-3@group-523986131536-LeaderElection20
2025-04-23 15:46:05,640 [omNode-3@group-523986131536-LeaderElection20] INFO  impl.LeaderElection (LeaderElection.java:askForVotes(332)) - omNode-3@group-523986131536-LeaderElection20 PRE_VOTE round 0: submit vote requests at term 9 for conf: {index: 103, cur=peers:[omNode-3|localhost:15017, omNode-1|localhost:15009, omNode-2|localhost:15013]|listeners:[], old=null}
2025-04-23 15:46:05,642 [omNode-3@group-523986131536-LeaderElection20-1] INFO  server.GrpcServerProtocolClient (GrpcServerProtocolClient.java:<init>(65)) - Build channel for omNode-1|localhost:15009
2025-04-23 15:46:05,642 [omNode-3@group-523986131536-LeaderElection20] INFO  server.RaftServerConfigKeys (ConfUtils.java:logFallback(53)) - raft.server.rpc.first-election.timeout.min = 1s (fallback to raft.server.rpc.timeout.min)
2025-04-23 15:46:05,642 [omNode-3@group-523986131536-LeaderElection20-2] INFO  server.GrpcServerProtocolClient (GrpcServerProtocolClient.java:<init>(65)) - Build channel for omNode-2|localhost:15013
2025-04-23 15:46:05,642 [omNode-3@group-523986131536-LeaderElection20] INFO  server.RaftServerConfigKeys (ConfUtils.java:logFallback(53)) - raft.server.rpc.first-election.timeout.max = 1200ms (fallback to raft.server.rpc.timeout.max)
2025-04-23 15:46:05,654 [grpc-default-executor-1] INFO  server.RaftServer$Division (RaftServerImpl.java:requestVote(1407)) - omNode-1@group-523986131536: receive requestVote(PRE_VOTE, omNode-3, group-523986131536, 9, (t:9, i:104))
2025-04-23 15:46:05,654 [grpc-default-executor-1] INFO  impl.VoteContext (VoteContext.java:log(49)) - omNode-1@group-523986131536-FOLLOWER: accept PRE_VOTE from omNode-3: our last entry (t:8, i:102) < candidate's last entry (t:9, i:104)
2025-04-23 15:46:05,654 [grpc-default-executor-1] INFO  server.RaftServer$Division (RaftServerImpl.java:requestVote(1441)) - omNode-1@group-523986131536 replies to PRE_VOTE vote request: omNode-3<-omNode-1#0:OK-t8. Peer's state: omNode-1@group-523986131536:t8, leader=null, voted=omNode-1, raftlog=Memoized:omNode-1@group-523986131536-SegmentedRaftLog:OPENED:c102:last(t:8, i:102), conf=conf: {index: 77, cur=peers:[omNode-3|localhost:15017, omNode-1|localhost:15009, omNode-2|localhost:15013]|listeners:[], old=null}
2025-04-23 15:46:05,655 [omNode-3@group-523986131536-LeaderElection20] INFO  impl.LeaderElection (LeaderElection.java:logAndReturn(90)) - omNode-3@group-523986131536-LeaderElection20: PRE_VOTE PASSED received 1 response(s) and 0 exception(s):
2025-04-23 15:46:05,655 [omNode-3@group-523986131536-LeaderElection20] INFO  impl.LeaderElection (LeaderElection.java:logAndReturn(94)) -   Response 0: omNode-3<-omNode-1#0:OK-t8
2025-04-23 15:46:05,655 [omNode-3@group-523986131536-LeaderElection20] INFO  impl.LeaderElection (LeaderElection.java:askForVotes(334)) - omNode-3@group-523986131536-LeaderElection20 PRE_VOTE round 0: result PASSED
2025-04-23 15:46:05,656 [grpc-default-executor-6] INFO  server.RaftServer$Division (RaftServerImpl.java:requestVote(1407)) - omNode-2@group-523986131536: receive requestVote(PRE_VOTE, omNode-3, group-523986131536, 9, (t:9, i:104))
2025-04-23 15:46:05,656 [grpc-default-executor-6] INFO  impl.VoteContext (VoteContext.java:log(49)) - omNode-2@group-523986131536-FOLLOWER: accept PRE_VOTE from omNode-3: our priority 0 <= candidate's priority 0
2025-04-23 15:46:05,656 [grpc-default-executor-6] INFO  server.RaftServer$Division (RaftServerImpl.java:requestVote(1441)) - omNode-2@group-523986131536 replies to PRE_VOTE vote request: omNode-3<-omNode-2#0:OK-t9. Peer's state: omNode-2@group-523986131536:t9, leader=null, voted=omNode-3, raftlog=Memoized:omNode-2@group-523986131536-SegmentedRaftLog:OPENED:c104:last(t:9, i:104), conf=conf: {index: 103, cur=peers:[omNode-3|localhost:15017, omNode-1|localhost:15009, omNode-2|localhost:15013]|listeners:[], old=null}
2025-04-23 15:46:05,659 [omNode-3@group-523986131536-LeaderElection20] INFO  impl.LeaderElection (LeaderElection.java:askForVotes(332)) - omNode-3@group-523986131536-LeaderElection20 ELECTION round 0: submit vote requests at term 10 for conf: {index: 103, cur=peers:[omNode-3|localhost:15017, omNode-1|localhost:15009, omNode-2|localhost:15013]|listeners:[], old=null}
2025-04-23 15:46:05,660 [omNode-3@group-523986131536-LeaderElection20] INFO  server.RaftServerConfigKeys (ConfUtils.java:logFallback(53)) - raft.server.rpc.first-election.timeout.min = 1s (fallback to raft.server.rpc.timeout.min)
2025-04-23 15:46:05,660 [omNode-3@group-523986131536-LeaderElection20] INFO  server.RaftServerConfigKeys (ConfUtils.java:logFallback(53)) - raft.server.rpc.first-election.timeout.max = 1200ms (fallback to raft.server.rpc.timeout.max)
2025-04-23 15:46:05,661 [grpc-default-executor-6] INFO  server.RaftServer$Division (RaftServerImpl.java:requestVote(1407)) - omNode-1@group-523986131536: receive requestVote(ELECTION, omNode-3, group-523986131536, 10, (t:9, i:104))
2025-04-23 15:46:05,661 [grpc-default-executor-6] INFO  impl.VoteContext (VoteContext.java:log(49)) - omNode-1@group-523986131536-FOLLOWER: accept ELECTION from omNode-3: our last entry (t:8, i:102) < candidate's last entry (t:9, i:104)
2025-04-23 15:46:05,661 [grpc-default-executor-6] INFO  server.RaftServer$Division (RaftServerImpl.java:setRole(378)) - omNode-1@group-523986131536: changes role from  FOLLOWER to FOLLOWER at term 8 for candidate:omNode-3
2025-04-23 15:46:05,661 [grpc-default-executor-6] INFO  impl.RoleInfo (RoleInfo.java:shutdownFollowerState(121)) - omNode-1: shutdown omNode-1@group-523986131536-FollowerState
2025-04-23 15:46:05,661 [grpc-default-executor-6] INFO  impl.RoleInfo (RoleInfo.java:updateAndGet(148)) - omNode-1: start omNode-1@group-523986131536-FollowerState
2025-04-23 15:46:05,662 [grpc-default-executor-6] INFO  server.RaftServer$Division (RaftServerImpl.java:setFirstElection(562)) - omNode-1@group-523986131536: set firstElectionSinceStartup to false for candidate:omNode-3
2025-04-23 15:46:05,662 [omNode-1@group-523986131536-FollowerState] INFO  impl.FollowerState (FollowerState.java:runImpl(170)) - omNode-1@group-523986131536-FollowerState was interrupted
2025-04-23 15:46:05,662 [grpc-default-executor-1] INFO  server.RaftServer$Division (RaftServerImpl.java:requestVote(1407)) - omNode-2@group-523986131536: receive requestVote(ELECTION, omNode-3, group-523986131536, 10, (t:9, i:104))
2025-04-23 15:46:05,662 [grpc-default-executor-1] INFO  impl.VoteContext (VoteContext.java:log(49)) - omNode-2@group-523986131536-FOLLOWER: accept ELECTION from omNode-3: our priority 0 <= candidate's priority 0
2025-04-23 15:46:05,662 [grpc-default-executor-1] INFO  server.RaftServer$Division (RaftServerImpl.java:setRole(378)) - omNode-2@group-523986131536: changes role from  FOLLOWER to FOLLOWER at term 9 for candidate:omNode-3
2025-04-23 15:46:05,662 [grpc-default-executor-1] INFO  impl.RoleInfo (RoleInfo.java:shutdownFollowerState(121)) - omNode-2: shutdown omNode-2@group-523986131536-FollowerState
2025-04-23 15:46:05,662 [grpc-default-executor-1] INFO  impl.RoleInfo (RoleInfo.java:updateAndGet(148)) - omNode-2: start omNode-2@group-523986131536-FollowerState
2025-04-23 15:46:05,662 [omNode-2@group-523986131536-FollowerState] INFO  impl.FollowerState (FollowerState.java:runImpl(170)) - omNode-2@group-523986131536-FollowerState was interrupted
2025-04-23 15:46:05,663 [grpc-default-executor-6] INFO  server.RaftServer$Division (RaftServerImpl.java:requestVote(1441)) - omNode-1@group-523986131536 replies to ELECTION vote request: omNode-3<-omNode-1#0:OK-t10. Peer's state: omNode-1@group-523986131536:t10, leader=null, voted=omNode-3, raftlog=Memoized:omNode-1@group-523986131536-SegmentedRaftLog:OPENED:c102:last(t:8, i:102), conf=conf: {index: 77, cur=peers:[omNode-3|localhost:15017, omNode-1|localhost:15009, omNode-2|localhost:15013]|listeners:[], old=null}
2025-04-23 15:46:05,666 [omNode-3@group-523986131536-LeaderElection20] INFO  impl.LeaderElection (LeaderElection.java:logAndReturn(90)) - omNode-3@group-523986131536-LeaderElection20: ELECTION PASSED received 1 response(s) and 0 exception(s):
2025-04-23 15:46:05,666 [omNode-3@group-523986131536-LeaderElection20] INFO  impl.LeaderElection (LeaderElection.java:logAndReturn(94)) -   Response 0: omNode-3<-omNode-1#0:OK-t10
2025-04-23 15:46:05,666 [grpc-default-executor-1] INFO  server.RaftServer$Division (RaftServerImpl.java:setFirstElection(562)) - omNode-2@group-523986131536: set firstElectionSinceStartup to false for candidate:omNode-3
2025-04-23 15:46:05,666 [omNode-3@group-523986131536-LeaderElection20] INFO  impl.LeaderElection (LeaderElection.java:askForVotes(334)) - omNode-3@group-523986131536-LeaderElection20 ELECTION round 0: result PASSED
2025-04-23 15:46:05,667 [omNode-3@group-523986131536-LeaderElection20] INFO  impl.RoleInfo (RoleInfo.java:shutdownLeaderElection(141)) - omNode-3: shutdown omNode-3@group-523986131536-LeaderElection20
2025-04-23 15:46:05,667 [omNode-3@group-523986131536-LeaderElection20] INFO  server.RaftServer$Division (RaftServerImpl.java:setRole(378)) - omNode-3@group-523986131536: changes role from CANDIDATE to LEADER at term 10 for changeToLeader
2025-04-23 15:46:05,667 [omNode-3@group-523986131536-LeaderElection20] INFO  server.RaftServerConfigKeys (ConfUtils.java:logGet(46)) - raft.server.staging.catchup.gap = 1000 (default)
2025-04-23 15:46:05,667 [omNode-3@group-523986131536-LeaderElection20] INFO  server.RaftServerConfigKeys (ConfUtils.java:logGet(46)) - raft.server.write.element-limit = 4096 (default)
2025-04-23 15:46:05,667 [omNode-3@group-523986131536-LeaderElection20] INFO  server.RaftServerConfigKeys (ConfUtils.java:logGet(46)) - raft.server.write.byte-limit = 64MB (=67108864) (default)
2025-04-23 15:46:05,667 [omNode-3@group-523986131536-LeaderElection20] INFO  server.RaftServerConfigKeys (ConfUtils.java:logGet(46)) - raft.server.watch.timeout = 10s (default)
2025-04-23 15:46:05,667 [omNode-3@group-523986131536-LeaderElection20] INFO  server.RaftServerConfigKeys (ConfUtils.java:logGet(46)) - raft.server.watch.timeout.denomination = 1s (default)
2025-04-23 15:46:05,667 [omNode-3@group-523986131536-LeaderElection20] INFO  server.RaftServerConfigKeys (ConfUtils.java:logGet(46)) - raft.server.watch.element-limit = 65536 (default)
2025-04-23 15:46:05,668 [omNode-3@group-523986131536-LeaderElection20] INFO  server.RaftServerConfigKeys (ConfUtils.java:logGet(46)) - raft.server.read.leader.lease.enabled = false (default)
2025-04-23 15:46:05,668 [omNode-3@group-523986131536-LeaderElection20] INFO  server.RaftServerConfigKeys (ConfUtils.java:logGet(46)) - raft.server.read.leader.lease.timeout.ratio = 0.9 (default)
2025-04-23 15:46:05,668 [omNode-3@group-523986131536-LeaderElection20] INFO  server.RaftServerConfigKeys (ConfUtils.java:logGet(46)) - raft.server.rpc.timeout.min = 1s (custom)
2025-04-23 15:46:05,668 [omNode-3@group-523986131536-LeaderElection20] INFO  server.RaftServerConfigKeys (ConfUtils.java:logGet(46)) - raft.server.log.log-metadata.enabled = true (default)
2025-04-23 15:46:05,668 [omNode-3@group-523986131536-LeaderElection20] INFO  server.RaftServerConfigKeys (ConfUtils.java:logGet(46)) - raft.server.write.element-limit = 4096 (default)
2025-04-23 15:46:05,668 [omNode-3@group-523986131536-LeaderElection20] INFO  server.RaftServerConfigKeys (ConfUtils.java:logGet(46)) - raft.server.write.follower.gap.ratio.max = -1.0 (default)
2025-04-23 15:46:05,668 [grpc-default-executor-1] INFO  server.RaftServer$Division (RaftServerImpl.java:requestVote(1441)) - omNode-2@group-523986131536 replies to ELECTION vote request: omNode-3<-omNode-2#0:OK-t10. Peer's state: omNode-2@group-523986131536:t10, leader=null, voted=omNode-3, raftlog=Memoized:omNode-2@group-523986131536-SegmentedRaftLog:OPENED:c104:last(t:9, i:104), conf=conf: {index: 103, cur=peers:[omNode-3|localhost:15017, omNode-1|localhost:15009, omNode-2|localhost:15013]|listeners:[], old=null}
2025-04-23 15:46:05,668 [omNode-3@group-523986131536-LeaderElection20] INFO  server.RaftServerConfigKeys (ConfUtils.java:logGet(46)) - raft.server.log.appender.snapshot.chunk.size.max = 16MB (=16777216) (default)
2025-04-23 15:46:05,668 [omNode-3@group-523986131536-LeaderElection20] INFO  server.RaftServerConfigKeys (ConfUtils.java:logGet(46)) - raft.server.log.appender.buffer.byte-limit = 4194304 (custom)
2025-04-23 15:46:05,669 [omNode-3@group-523986131536-LeaderElection20] INFO  server.RaftServerConfigKeys (ConfUtils.java:logGet(46)) - raft.server.log.appender.buffer.element-limit = 1024 (custom)
2025-04-23 15:46:05,669 [omNode-3@group-523986131536-LeaderElection20] INFO  server.RaftServerConfigKeys (ConfUtils.java:logGet(46)) - raft.server.log.appender.wait-time.min = 0ms (custom)
2025-04-23 15:46:05,669 [omNode-3@group-523986131536-LeaderElection20] INFO  grpc.GrpcConfigKeys (ConfUtils.java:logGet(46)) - raft.grpc.server.leader.outstanding.appends.max = 8 (default)
2025-04-23 15:46:05,669 [omNode-3@group-523986131536-LeaderElection20] INFO  server.RaftServerConfigKeys (ConfUtils.java:logGet(46)) - raft.server.rpc.request.timeout = 3000ms (default)
2025-04-23 15:46:05,669 [omNode-3@group-523986131536-LeaderElection20] INFO  grpc.GrpcConfigKeys (ConfUtils.java:logGet(46)) - raft.grpc.server.install_snapshot.request.element-limit = 8 (default)
2025-04-23 15:46:05,669 [omNode-3@group-523986131536-LeaderElection20] INFO  grpc.GrpcConfigKeys (ConfUtils.java:logGet(46)) - raft.grpc.server.install_snapshot.request.timeout = 3000ms (default)
2025-04-23 15:46:05,669 [omNode-3@group-523986131536-LeaderElection20] INFO  grpc.GrpcConfigKeys (ConfUtils.java:logGet(46)) - raft.grpc.server.log-message.batch.duration = 5s (default)
2025-04-23 15:46:05,669 [omNode-3@group-523986131536-LeaderElection20] INFO  server.RaftServerConfigKeys (ConfUtils.java:logGet(46)) - raft.server.log.appender.install.snapshot.enabled = false (custom)
2025-04-23 15:46:05,669 [omNode-3@group-523986131536-LeaderElection20] INFO  grpc.GrpcConfigKeys (ConfUtils.java:logGet(46)) - raft.grpc.server.heartbeat.channel = true (default)
2025-04-23 15:46:05,670 [omNode-3@group-523986131536-LeaderElection20] INFO  server.RaftServerConfigKeys (ConfUtils.java:logGet(46)) - raft.server.log.appender.snapshot.chunk.size.max = 16MB (=16777216) (default)
2025-04-23 15:46:05,670 [omNode-3@group-523986131536-LeaderElection20] INFO  server.RaftServerConfigKeys (ConfUtils.java:logGet(46)) - raft.server.log.appender.buffer.byte-limit = 4194304 (custom)
2025-04-23 15:46:05,670 [omNode-3@group-523986131536-LeaderElection20] INFO  server.RaftServerConfigKeys (ConfUtils.java:logGet(46)) - raft.server.log.appender.buffer.element-limit = 1024 (custom)
2025-04-23 15:46:05,670 [omNode-3@group-523986131536-LeaderElection20] INFO  server.RaftServerConfigKeys (ConfUtils.java:logGet(46)) - raft.server.log.appender.wait-time.min = 0ms (custom)
2025-04-23 15:46:05,670 [omNode-3@group-523986131536-LeaderElection20] INFO  grpc.GrpcConfigKeys (ConfUtils.java:logGet(46)) - raft.grpc.server.leader.outstanding.appends.max = 8 (default)
2025-04-23 15:46:05,670 [omNode-3@group-523986131536-LeaderElection20] INFO  server.RaftServerConfigKeys (ConfUtils.java:logGet(46)) - raft.server.rpc.request.timeout = 3000ms (default)
2025-04-23 15:46:05,670 [omNode-3@group-523986131536-LeaderElection20] INFO  grpc.GrpcConfigKeys (ConfUtils.java:logGet(46)) - raft.grpc.server.install_snapshot.request.element-limit = 8 (default)
2025-04-23 15:46:05,670 [omNode-3@group-523986131536-LeaderElection20] INFO  grpc.GrpcConfigKeys (ConfUtils.java:logGet(46)) - raft.grpc.server.install_snapshot.request.timeout = 3000ms (default)
2025-04-23 15:46:05,670 [omNode-3@group-523986131536-LeaderElection20] INFO  grpc.GrpcConfigKeys (ConfUtils.java:logGet(46)) - raft.grpc.server.log-message.batch.duration = 5s (default)
2025-04-23 15:46:05,670 [omNode-3@group-523986131536-LeaderElection20] INFO  server.RaftServerConfigKeys (ConfUtils.java:logGet(46)) - raft.server.log.appender.install.snapshot.enabled = false (custom)
2025-04-23 15:46:05,670 [omNode-3@group-523986131536-LeaderElection20] INFO  grpc.GrpcConfigKeys (ConfUtils.java:logGet(46)) - raft.grpc.server.heartbeat.channel = true (default)
2025-04-23 15:46:05,670 [omNode-3@group-523986131536-LeaderElection20] INFO  impl.RoleInfo (RoleInfo.java:updateAndGet(148)) - omNode-3: start omNode-3@group-523986131536-LeaderStateImpl
2025-04-23 15:46:05,670 [omNode-3@group-523986131536-LeaderElection20] INFO  server.RaftServer$Division (RaftServerImpl.java:setFirstElection(562)) - omNode-3@group-523986131536: set firstElectionSinceStartup to false for becomeLeader
2025-04-23 15:46:05,671 [omNode-3@group-523986131536-LeaderElection20] INFO  ratis.OzoneManagerStateMachine (OzoneManagerStateMachine.java:notifyLeaderChanged(169)) - omNode-3@group-523986131536: leader changed to omNode-3
2025-04-23 15:46:05,671 [omNode-3@group-523986131536-LeaderElection20] INFO  server.RaftServer$Division (ServerState.java:setLeader(272)) - omNode-3@group-523986131536: change Leader from null to omNode-3 at term 10 for becomeLeader, leader elected after 1073ms
2025-04-23 15:46:05,671 [omNode-3@group-523986131536-LeaderElection20] INFO  segmented.SegmentedRaftLogWorker (SegmentedRaftLogWorker.java:rollLogSegment(443)) - omNode-3@group-523986131536-SegmentedRaftLogWorker: Rolling segment log-103_104 to index:104
2025-04-23 15:46:05,671 [omNode-3@group-523986131536-LeaderElection20] INFO  server.RaftServer$Division (ServerState.java:setRaftConf(386)) - omNode-3@group-523986131536: set configuration conf: {index: 105, cur=peers:[omNode-3|localhost:15017, omNode-1|localhost:15009, omNode-2|localhost:15013]|listeners:[], old=null}
2025-04-23 15:46:05,671 [omNode-3@group-523986131536-SegmentedRaftLogWorker] INFO  segmented.SegmentedRaftLogWorker (SegmentedRaftLogWorker.java:execute(601)) - omNode-3@group-523986131536-SegmentedRaftLogWorker: Rolled log segment from /home/runner/work/ozone/ozone/hadoop-ozone/integration-test/target/test-dir/MiniOzoneClusterImpl-5cf50c17-c591-473f-a8c4-88d8665d28d7/omNode-3/ratis/c9bc4cf4-3bc3-3c60-a66b-523986131536/current/log_inprogress_103 to /home/runner/work/ozone/ozone/hadoop-ozone/integration-test/target/test-dir/MiniOzoneClusterImpl-5cf50c17-c591-473f-a8c4-88d8665d28d7/omNode-3/ratis/c9bc4cf4-3bc3-3c60-a66b-523986131536/current/log_103-104
2025-04-23 15:46:05,672 [omNode-3@group-523986131536-SegmentedRaftLogWorker] INFO  segmented.BufferedWriteChannel (BufferedWriteChannel.java:open(61)) - open log_inprogress_105 at position 0
2025-04-23 15:46:05,676 [omNode-1-server-thread1] INFO  ratis.OzoneManagerStateMachine (OzoneManagerStateMachine.java:notifyLeaderChanged(169)) - omNode-1@group-523986131536: leader changed to omNode-3
2025-04-23 15:46:05,676 [omNode-1-server-thread1] INFO  server.RaftServer$Division (ServerState.java:setLeader(272)) - omNode-1@group-523986131536: change Leader from null to omNode-3 at term 10 for appendEntries, leader elected after 629ms
2025-04-23 15:46:05,677 [omNode-1-server-thread1] INFO  server.RaftServer$Division (RaftServerImpl.java:checkInconsistentAppendEntries(1648)) - omNode-1@group-523986131536: Failed appendEntries as previous log entry ((t:9, i:104)) is not found
2025-04-23 15:46:05,677 [omNode-1-server-thread1] INFO  server.RaftServer$Division (RaftServerImpl.java:appendEntriesAsync(1580)) - omNode-1@group-523986131536: appendEntries* reply omNode-3<-omNode-1#0:FAIL-t10,INCONSISTENCY,nextIndex=103,followerCommit=102,matchIndex=-1
2025-04-23 15:46:05,679 [omNode-1-server-thread1] INFO  server.RaftServer$Division (RaftServerImpl.java:checkInconsistentAppendEntries(1648)) - omNode-1@group-523986131536: Failed appendEntries as previous log entry ((t:9, i:104)) is not found
2025-04-23 15:46:05,679 [omNode-1-server-thread1] INFO  server.RaftServer$Division (RaftServerImpl.java:appendEntriesAsync(1580)) - omNode-1@group-523986131536: appendEntries* reply omNode-3<-omNode-1#1:FAIL-t10,INCONSISTENCY,nextIndex=103,followerCommit=102,matchIndex=-1
2025-04-23 15:46:05,680 [grpc-default-executor-6] WARN  server.GrpcLogAppender (GrpcLogAppender.java:onNextImpl(519)) - omNode-3@group-523986131536->omNode-1-AppendLogResponseHandler: received INCONSISTENCY reply with nextIndex 103, errorCount=1, request=AppendEntriesRequest:cid=0,entriesCount=0
2025-04-23 15:46:05,680 [grpc-default-executor-6] INFO  leader.FollowerInfo (FollowerInfoImpl.java:info(70)) - omNode-3@group-523986131536->omNode-1: setNextIndex nextIndex: updateUnconditionally 106 -> 103
2025-04-23 15:46:05,680 [omNode-3@group-523986131536->omNode-1-GrpcLogAppender-LogAppenderDaemon] WARN  leader.LogAppenderDaemon (LogAppenderDaemon.java:run(89)) - omNode-3@group-523986131536->omNode-1-GrpcLogAppender-LogAppenderDaemon failed
java.lang.NullPointerException: omNode-3@group-523986131536->omNode-1: Previous TermIndex not found for firstIndex = 103
	at java.base/java.util.Objects.requireNonNull(Objects.java:360)
	at org.apache.ratis.server.leader.LogAppenderBase.assertProtos(LogAppenderBase.java:267)
	at org.apache.ratis.server.leader.LogAppenderBase.newAppendEntriesRequest(LogAppenderBase.java:252)
	at org.apache.ratis.grpc.server.GrpcLogAppender.appendLog(GrpcLogAppender.java:387)
	at org.apache.ratis.grpc.server.GrpcLogAppender.run(GrpcLogAppender.java:262)
	at org.apache.ratis.server.leader.LogAppenderDaemon.run(LogAppenderDaemon.java:80)
	at java.base/java.lang.Thread.run(Thread.java:1583)
2025-04-23 15:46:05,680 [grpc-default-executor-0] WARN  server.GrpcLogAppender (GrpcLogAppender.java:onNextImpl(519)) - omNode-3@group-523986131536->omNode-1-AppendLogResponseHandler: received INCONSISTENCY reply with nextIndex 103, errorCount=2, request=null
2025-04-23 15:46:05,681 [omNode-3@group-523986131536->omNode-1-GrpcLogAppender-LogAppenderDaemon] INFO  server.RaftServer$Division (LeaderStateImpl.java:restart(682)) - omNode-3@group-523986131536-LeaderStateImpl: Restarting GrpcLogAppender for omNode-3@group-523986131536->omNode-1
2025-04-23 15:46:05,681 [omNode-3@group-523986131536->omNode-1-GrpcLogAppender-LogAppenderDaemon] INFO  server.RaftServerConfigKeys (ConfUtils.java:logGet(46)) - raft.server.log.appender.snapshot.chunk.size.max = 16MB (=16777216) (default)
2025-04-23 15:46:05,681 [omNode-3@group-523986131536->omNode-1-GrpcLogAppender-LogAppenderDaemon] INFO  server.RaftServerConfigKeys (ConfUtils.java:logGet(46)) - raft.server.log.appender.buffer.byte-limit = 4194304 (custom)
2025-04-23 15:46:05,682 [omNode-3@group-523986131536->omNode-1-GrpcLogAppender-LogAppenderDaemon] INFO  server.RaftServerConfigKeys (ConfUtils.java:logGet(46)) - raft.server.log.appender.buffer.element-limit = 1024 (custom)
2025-04-23 15:46:05,682 [omNode-3@group-523986131536->omNode-1-GrpcLogAppender-LogAppenderDaemon] INFO  server.RaftServerConfigKeys (ConfUtils.java:logGet(46)) - raft.server.log.appender.wait-time.min = 0ms (custom)
2025-04-23 15:46:05,682 [omNode-3@group-523986131536->omNode-1-GrpcLogAppender-LogAppenderDaemon] INFO  grpc.GrpcConfigKeys (ConfUtils.java:logGet(46)) - raft.grpc.server.leader.outstanding.appends.max = 8 (default)
2025-04-23 15:46:05,682 [omNode-3@group-523986131536->omNode-1-GrpcLogAppender-LogAppenderDaemon] INFO  server.RaftServerConfigKeys (ConfUtils.java:logGet(46)) - raft.server.rpc.request.timeout = 3000ms (default)
2025-04-23 15:46:05,682 [omNode-3@group-523986131536->omNode-1-GrpcLogAppender-LogAppenderDaemon] INFO  grpc.GrpcConfigKeys (ConfUtils.java:logGet(46)) - raft.grpc.server.install_snapshot.request.element-limit = 8 (default)
2025-04-23 15:46:05,682 [omNode-3@group-523986131536->omNode-1-GrpcLogAppender-LogAppenderDaemon] INFO  grpc.GrpcConfigKeys (ConfUtils.java:logGet(46)) - raft.grpc.server.install_snapshot.request.timeout = 3000ms (default)
2025-04-23 15:46:05,682 [omNode-3@group-523986131536->omNode-1-GrpcLogAppender-LogAppenderDaemon] INFO  grpc.GrpcConfigKeys (ConfUtils.java:logGet(46)) - raft.grpc.server.log-message.batch.duration = 5s (default)
2025-04-23 15:46:05,682 [omNode-3@group-523986131536->omNode-1-GrpcLogAppender-LogAppenderDaemon] INFO  server.RaftServerConfigKeys (ConfUtils.java:logGet(46)) - raft.server.log.appender.install.snapshot.enabled = false (custom)
2025-04-23 15:46:05,682 [omNode-3@group-523986131536->omNode-1-GrpcLogAppender-LogAppenderDaemon] INFO  grpc.GrpcConfigKeys (ConfUtils.java:logGet(46)) - raft.grpc.server.heartbeat.channel = true (default)
2025-04-23 15:46:05,682 [omNode-2-server-thread1] INFO  ratis.OzoneManagerStateMachine (OzoneManagerStateMachine.java:notifyLeaderChanged(169)) - omNode-2@group-523986131536: leader changed to omNode-3
2025-04-23 15:46:05,682 [omNode-2-server-thread1] INFO  server.RaftServer$Division (ServerState.java:setLeader(272)) - omNode-2@group-523986131536: change Leader from null to omNode-3 at term 10 for appendEntries, leader elected after 181ms
2025-04-23 15:46:05,682 [omNode-2-server-thread1] INFO  server.RaftServer$Division (ServerState.java:setRaftConf(386)) - omNode-2@group-523986131536: set configuration conf: {index: 105, cur=peers:[omNode-3|localhost:15017, omNode-1|localhost:15009, omNode-2|localhost:15013]|listeners:[], old=null}
2025-04-23 15:46:05,683 [omNode-2-server-thread1] INFO  segmented.SegmentedRaftLogWorker (SegmentedRaftLogWorker.java:rollLogSegment(443)) - omNode-2@group-523986131536-SegmentedRaftLogWorker: Rolling segment log-103_104 to index:104
2025-04-23 15:46:05,683 [omNode-2@group-523986131536-SegmentedRaftLogWorker] INFO  segmented.SegmentedRaftLogWorker (SegmentedRaftLogWorker.java:execute(601)) - omNode-2@group-523986131536-SegmentedRaftLogWorker: Rolled log segment from /home/runner/work/ozone/ozone/hadoop-ozone/integration-test/target/test-dir/MiniOzoneClusterImpl-5cf50c17-c591-473f-a8c4-88d8665d28d7/omNode-2/ratis/c9bc4cf4-3bc3-3c60-a66b-523986131536/current/log_inprogress_103 to /home/runner/work/ozone/ozone/hadoop-ozone/integration-test/target/test-dir/MiniOzoneClusterImpl-5cf50c17-c591-473f-a8c4-88d8665d28d7/omNode-2/ratis/c9bc4cf4-3bc3-3c60-a66b-523986131536/current/log_103-104
2025-04-23 15:46:05,683 [omNode-2@group-523986131536-SegmentedRaftLogWorker] INFO  segmented.BufferedWriteChannel (BufferedWriteChannel.java:open(61)) - open log_inprogress_105 at position 0
2025-04-23 15:46:05,685 [omNode-3@group-523986131536-SegmentedRaftLogWorker] INFO  segmented.SegmentedRaftLogWorker (SegmentedRaftLogWorker.java:execute(644)) - omNode-3@group-523986131536-SegmentedRaftLogWorker: created new log segment /home/runner/work/ozone/ozone/hadoop-ozone/integration-test/target/test-dir/MiniOzoneClusterImpl-5cf50c17-c591-473f-a8c4-88d8665d28d7/omNode-3/ratis/c9bc4cf4-3bc3-3c60-a66b-523986131536/current/log_inprogress_105
2025-04-23 15:46:05,688 [omNode-3@group-523986131536->omNode-1-GrpcLogAppender-LogAppenderDaemon] INFO  server.GrpcLogAppender (GrpcLogAppender.java:notifyInstallSnapshot(791)) - omNode-3@group-523986131536->omNode-1-GrpcLogAppender: notifyInstallSnapshot with firstAvailable=(t:9, i:103), followerNextIndex=0
2025-04-23 15:46:05,693 [omNode-2@group-523986131536-SegmentedRaftLogWorker] INFO  segmented.SegmentedRaftLogWorker (SegmentedRaftLogWorker.java:execute(644)) - omNode-2@group-523986131536-SegmentedRaftLogWorker: created new log segment /home/runner/work/ozone/ozone/hadoop-ozone/integration-test/target/test-dir/MiniOzoneClusterImpl-5cf50c17-c591-473f-a8c4-88d8665d28d7/omNode-2/ratis/c9bc4cf4-3bc3-3c60-a66b-523986131536/current/log_inprogress_105
2025-04-23 15:46:05,694 [omNode-3@group-523986131536->omNode-1-GrpcLogAppender-LogAppenderDaemon] INFO  server.GrpcLogAppender (GrpcLogAppender.java:notifyInstallSnapshot(799)) - omNode-3@group-523986131536->omNode-1-GrpcLogAppender: send omNode-3->omNode-1#0-t10,notify:(t:9, i:103)
2025-04-23 15:46:05,697 [omNode-3@group-523986131536-StateMachineUpdater] INFO  ratis.OzoneManagerStateMachine (OzoneManagerStateMachine.java:notifyConfigurationChanged(231)) - notifyConfigurationChanged from Ratis: term=10, index=105, New Peer list: omNode-3(localhost:15017), omNode-1(localhost:15009), omNode-2(localhost:15013)
2025-04-23 15:46:05,697 [omNode-3@group-523986131536-StateMachineUpdater] INFO  server.RaftServer$Division (LeaderStateImpl.java:checkStartIndex(313)) - Leader omNode-3@group-523986131536-LeaderStateImpl is ready since appliedIndex == startIndex == 105
2025-04-23 15:46:05,699 [omNode-2@group-523986131536-StateMachineUpdater] INFO  ratis.OzoneManagerStateMachine (OzoneManagerStateMachine.java:notifyConfigurationChanged(231)) - notifyConfigurationChanged from Ratis: term=10, index=105, New Peer list: omNode-3(localhost:15017), omNode-1(localhost:15009), omNode-2(localhost:15013)
2025-04-23 15:46:05,699 [grpc-default-executor-0] INFO  impl.SnapshotInstallationHandler (SnapshotInstallationHandler.java:installSnapshot(97)) - omNode-1@group-523986131536: receive installSnapshot: omNode-3->omNode-1#0-t10,notify:(t:9, i:103)
2025-04-23 15:46:05,699 [grpc-default-executor-0] INFO  impl.SnapshotInstallationHandler (SnapshotInstallationHandler.java:notifyStateMachineToInstallSnapshot(258)) - omNode-1@group-523986131536: Received notification to install snapshot at index 103
2025-04-23 15:46:05,699 [grpc-default-executor-0] INFO  impl.SnapshotInstallationHandler (SnapshotInstallationHandler.java:notifyStateMachineToInstallSnapshot(268)) - omNode-1@group-523986131536: InstallSnapshot notification result: ALREADY_INSTALLED, current snapshot index: 102
2025-04-23 15:46:05,703 [grpc-default-executor-0] INFO  impl.SnapshotInstallationHandler (SnapshotInstallationHandler.java:installSnapshotImpl(143)) - omNode-1@group-523986131536: set new configuration index: 105
configurationEntry {
  peers {
    id: "omNode-3"
    address: "localhost:15017"
    startupRole: FOLLOWER
  }
  peers {
    id: "omNode-1"
    address: "localhost:15009"
    startupRole: FOLLOWER
  }
  peers {
    id: "omNode-2"
    address: "localhost:15013"
    startupRole: FOLLOWER
  }
}
 from snapshot
2025-04-23 15:46:05,704 [grpc-default-executor-0] INFO  server.RaftServer$Division (ServerState.java:setRaftConf(386)) - omNode-1@group-523986131536: set configuration conf: {index: 105, cur=peers:[omNode-3|localhost:15017, omNode-1|localhost:15009, omNode-2|localhost:15013]|listeners:[], old=null}
2025-04-23 15:46:05,705 [grpc-default-executor-0] INFO  ratis.OzoneManagerStateMachine (OzoneManagerStateMachine.java:notifyConfigurationChanged(231)) - notifyConfigurationChanged from Ratis: term=0, index=105, New Peer list: omNode-3(localhost:15017), omNode-1(localhost:15009), omNode-2(localhost:15013)
2025-04-23 15:46:05,705 [grpc-default-executor-0] INFO  impl.SnapshotInstallationHandler (SnapshotInstallationHandler.java:installSnapshot(108)) - omNode-1@group-523986131536: reply installSnapshot: omNode-3<-omNode-1#0:OK-t10,ALREADY_INSTALLED,snapshotIndex=102
2025-04-23 15:46:05,705 [grpc-default-executor-0] INFO  server.GrpcServerProtocolService (GrpcServerProtocolService.java:onCompleted(157)) - omNode-1: Completed INSTALL_SNAPSHOT, lastRequest: omNode-3->omNode-1#0-t10,notify:(t:9, i:103)
2025-04-23 15:46:05,705 [grpc-default-executor-0] INFO  server.GrpcServerProtocolService (GrpcServerProtocolService.java:lambda$onCompleted$5(159)) - omNode-1: Completed INSTALL_SNAPSHOT, lastReply: null
2025-04-23 15:46:05,705 [grpc-default-executor-6] INFO  server.GrpcLogAppender (GrpcLogAppender.java:onNext(655)) - omNode-3@group-523986131536->omNode-1-InstallSnapshotResponseHandler: received the first reply omNode-3<-omNode-1#0:OK-t10,ALREADY_INSTALLED,snapshotIndex=102
2025-04-23 15:46:05,705 [grpc-default-executor-6] INFO  server.GrpcLogAppender (GrpcLogAppender.java:onNext(676)) - omNode-3@group-523986131536->omNode-1-InstallSnapshotResponseHandler: Follower snapshot is already at index 102.
2025-04-23 15:46:05,706 [grpc-default-executor-6] INFO  leader.FollowerInfo (FollowerInfoImpl.java:info(64)) - omNode-3@group-523986131536->omNode-1: snapshotIndex: setUnconditionally 0 -> 102
2025-04-23 15:46:05,706 [grpc-default-executor-6] INFO  leader.FollowerInfo (FollowerInfoImpl.java:info(64)) - omNode-3@group-523986131536->omNode-1: matchIndex: setUnconditionally -1 -> 102
2025-04-23 15:46:05,706 [grpc-default-executor-6] INFO  leader.FollowerInfo (FollowerInfoImpl.java:info(64)) - omNode-3@group-523986131536->omNode-1: nextIndex: setUnconditionally 0 -> 103
2025-04-23 15:46:05,706 [grpc-default-executor-6] INFO  leader.FollowerInfo (FollowerInfoImpl.java:setAttemptedToInstallSnapshot(154)) - Follower omNode-3@group-523986131536->omNode-1 acknowledged installing snapshot
2025-04-23 15:46:05,706 [grpc-default-executor-6] INFO  server.GrpcLogAppender (GrpcLogAppender.java:increaseNextIndex(457)) - omNode-3@group-523986131536->omNode-1-GrpcLogAppender: updateNextIndex 103 for ALREADY_INSTALLED
2025-04-23 15:46:05,710 [omNode-1-server-thread2] INFO  server.RaftServer$Division (ServerState.java:setRaftConf(386)) - omNode-1@group-523986131536: set configuration conf: {index: 103, cur=peers:[omNode-3|localhost:15017, omNode-1|localhost:15009, omNode-2|localhost:15013]|listeners:[], old=null}
2025-04-23 15:46:05,711 [omNode-1-server-thread2] INFO  server.RaftServer$Division (ServerState.java:setRaftConf(386)) - omNode-1@group-523986131536: set configuration conf: {index: 105, cur=peers:[omNode-3|localhost:15017, omNode-1|localhost:15009, omNode-2|localhost:15013]|listeners:[], old=null}
2025-04-23 15:46:05,711 [omNode-1-server-thread2] INFO  segmented.SegmentedRaftLogWorker (SegmentedRaftLogWorker.java:rollLogSegment(443)) - omNode-1@group-523986131536-SegmentedRaftLogWorker: Rolling segment log-77_102 to index:102
2025-04-23 15:46:05,712 [omNode-1-server-thread2] INFO  segmented.SegmentedRaftLogWorker (SegmentedRaftLogWorker.java:rollLogSegment(443)) - omNode-1@group-523986131536-SegmentedRaftLogWorker: Rolling segment log-103_104 to index:104
2025-04-23 15:46:05,712 [omNode-1@group-523986131536-SegmentedRaftLogWorker] INFO  segmented.SegmentedRaftLogWorker (SegmentedRaftLogWorker.java:execute(601)) - omNode-1@group-523986131536-SegmentedRaftLogWorker: Rolled log segment from /home/runner/work/ozone/ozone/hadoop-ozone/integration-test/target/test-dir/MiniOzoneClusterImpl-5cf50c17-c591-473f-a8c4-88d8665d28d7/omNode-1/ratis/c9bc4cf4-3bc3-3c60-a66b-523986131536/current/log_inprogress_77 to /home/runner/work/ozone/ozone/hadoop-ozone/integration-test/target/test-dir/MiniOzoneClusterImpl-5cf50c17-c591-473f-a8c4-88d8665d28d7/omNode-1/ratis/c9bc4cf4-3bc3-3c60-a66b-523986131536/current/log_77-102
2025-04-23 15:46:05,712 [omNode-1@group-523986131536-SegmentedRaftLogWorker] INFO  segmented.BufferedWriteChannel (BufferedWriteChannel.java:open(61)) - open log_inprogress_103 at position 0
2025-04-23 15:46:05,720 [omNode-1@group-523986131536-SegmentedRaftLogWorker] INFO  segmented.SegmentedRaftLogWorker (SegmentedRaftLogWorker.java:execute(644)) - omNode-1@group-523986131536-SegmentedRaftLogWorker: created new log segment /home/runner/work/ozone/ozone/hadoop-ozone/integration-test/target/test-dir/MiniOzoneClusterImpl-5cf50c17-c591-473f-a8c4-88d8665d28d7/omNode-1/ratis/c9bc4cf4-3bc3-3c60-a66b-523986131536/current/log_inprogress_103
2025-04-23 15:46:05,721 [omNode-1@group-523986131536-SegmentedRaftLogWorker] INFO  segmented.SegmentedRaftLogWorker (SegmentedRaftLogWorker.java:execute(601)) - omNode-1@group-523986131536-SegmentedRaftLogWorker: Rolled log segment from /home/runner/work/ozone/ozone/hadoop-ozone/integration-test/target/test-dir/MiniOzoneClusterImpl-5cf50c17-c591-473f-a8c4-88d8665d28d7/omNode-1/ratis/c9bc4cf4-3bc3-3c60-a66b-523986131536/current/log_inprogress_103 to /home/runner/work/ozone/ozone/hadoop-ozone/integration-test/target/test-dir/MiniOzoneClusterImpl-5cf50c17-c591-473f-a8c4-88d8665d28d7/omNode-1/ratis/c9bc4cf4-3bc3-3c60-a66b-523986131536/current/log_103-104
2025-04-23 15:46:05,721 [omNode-1@group-523986131536-SegmentedRaftLogWorker] INFO  segmented.BufferedWriteChannel (BufferedWriteChannel.java:open(61)) - open log_inprogress_105 at position 0
2025-04-23 15:46:05,729 [omNode-1@group-523986131536-SegmentedRaftLogWorker] INFO  segmented.SegmentedRaftLogWorker (SegmentedRaftLogWorker.java:execute(644)) - omNode-1@group-523986131536-SegmentedRaftLogWorker: created new log segment /home/runner/work/ozone/ozone/hadoop-ozone/integration-test/target/test-dir/MiniOzoneClusterImpl-5cf50c17-c591-473f-a8c4-88d8665d28d7/omNode-1/ratis/c9bc4cf4-3bc3-3c60-a66b-523986131536/current/log_inprogress_105
2025-04-23 15:46:05,872 [timer6] WARN  server.GrpcLogAppender (LogUtils.java:warn(121)) - omNode-3@group-523986131536->omNode-1-AppendLogResponseHandler: Failed appendEntries (Repeated 4 times in the last 5.000s): org.apache.ratis.thirdparty.io.grpc.StatusRuntimeException: UNAVAILABLE: io exception
2025-04-23 15:46:05,873 [timer7] WARN  server.GrpcLogAppender (GrpcLogAppender.java:lambda$resetClient$1(221)) - omNode-3@group-523986131536->omNode-1-GrpcLogAppender: Follower failed (request=null, errorCount=22); keep nextIndex (105) unchanged and retry. (Repeated 4 times in the last 5.000s)
2025-04-23 15:46:05,876 [main] INFO  reflections.Reflections (Reflections.java:scan(219)) - Reflections took 365 ms to scan 22 urls, producing 61 keys and 7422 values
2025-04-23 15:46:05,877 [main] INFO  ipc.CallQueueManager (CallQueueManager.java:<init>(93)) - Using callQueue: class java.util.concurrent.LinkedBlockingQueue, queueCapacity: 2000, scheduler: class org.apache.hadoop.ipc.DefaultRpcScheduler, ipcBackoff: false, ipcFailOver: false.
2025-04-23 15:46:05,877 [main] INFO  ipc.Server (Server.java:<init>(1438)) - Listener at localhost:15010
2025-04-23 15:46:05,877 [Socket Reader #1 for port 15010] INFO  ipc.Server (Server.java:run(1474)) - Starting Socket Reader #1 for port 15010
2025-04-23 15:46:05,878 [Socket Reader #2 for port 15010] INFO  ipc.Server (Server.java:run(1474)) - Starting Socket Reader #2 for port 15010
2025-04-23 15:46:05,878 [Socket Reader #3 for port 15010] INFO  ipc.Server (Server.java:run(1474)) - Starting Socket Reader #3 for port 15010
2025-04-23 15:46:05,878 [Socket Reader #4 for port 15010] INFO  ipc.Server (Server.java:run(1474)) - Starting Socket Reader #4 for port 15010
2025-04-23 15:46:05,878 [Socket Reader #5 for port 15010] INFO  ipc.Server (Server.java:run(1474)) - Starting Socket Reader #5 for port 15010
2025-04-23 15:46:05,878 [Socket Reader #6 for port 15010] INFO  ipc.Server (Server.java:run(1474)) - Starting Socket Reader #6 for port 15010
2025-04-23 15:46:05,878 [Socket Reader #7 for port 15010] INFO  ipc.Server (Server.java:run(1474)) - Starting Socket Reader #7 for port 15010
2025-04-23 15:46:05,878 [Socket Reader #8 for port 15010] INFO  ipc.Server (Server.java:run(1474)) - Starting Socket Reader #8 for port 15010
2025-04-23 15:46:05,879 [Socket Reader #9 for port 15010] INFO  ipc.Server (Server.java:run(1474)) - Starting Socket Reader #9 for port 15010
2025-04-23 15:46:05,879 [Socket Reader #10 for port 15010] INFO  ipc.Server (Server.java:run(1474)) - Starting Socket Reader #10 for port 15010
2025-04-23 15:46:05,880 [main] INFO  http.BaseHttpServer (BaseHttpServer.java:newHttpServer2BuilderForOzone(229)) - Starting Web-server for ozoneManager at: http://0.0.0.0:15011
2025-04-23 15:46:05,880 [main] INFO  http.BaseHttpServer (BaseHttpServer.java:<init>(107)) - Hadoop Security Enabled: false Ozone Security Enabled: false Ozone HTTP Security Enabled: false 
2025-04-23 15:46:05,881 [main] WARN  server.AuthenticationFilter (AuthenticationFilter.java:constructSecretProvider(240)) - Unable to initialize FileSignerSecretProvider, falling back to use random secrets. Reason: Could not read signature secret file: /home/runner/hadoop-http-auth-signature-secret
2025-04-23 15:46:05,884 [main] INFO  http.HttpServer2 (HttpServer2.java:addGlobalFilter(1041)) - Added global filter 'safety' (class=org.apache.hadoop.hdds.server.http.HttpServer2$QuotingInputFilter)
2025-04-23 15:46:05,884 [main] INFO  http.HttpServer2 (HttpServer2.java:addFilter(1017)) - Added filter static_user_filter (class=org.apache.hadoop.http.lib.StaticUserWebFilter$StaticUserFilter) to context ozoneManager
2025-04-23 15:46:05,884 [main] INFO  http.HttpServer2 (HttpServer2.java:addFilter(1025)) - Added filter static_user_filter (class=org.apache.hadoop.http.lib.StaticUserWebFilter$StaticUserFilter) to context static
2025-04-23 15:46:05,884 [main] INFO  http.HttpServer2 (HttpServer2.java:addFilter(1025)) - Added filter static_user_filter (class=org.apache.hadoop.http.lib.StaticUserWebFilter$StaticUserFilter) to context logs
2025-04-23 15:46:05,885 [main] INFO  http.BaseHttpServer (BaseHttpServer.java:<init>(195)) - HTTP server of ozoneManager uses base directory /home/runner/work/ozone/ozone/hadoop-ozone/integration-test/target/test-dir/MiniOzoneClusterImpl-5cf50c17-c591-473f-a8c4-88d8665d28d7/omNode-2/webserver
2025-04-23 15:46:05,885 [main] INFO  http.HttpServer2 (HttpServer2.java:bindListener(1241)) - Jetty bound to port 15011
2025-04-23 15:46:05,885 [main] INFO  server.Server (Server.java:doStart(375)) - jetty-9.4.57.v20241219; built: 2025-01-08T21:24:30.412Z; git: df524e6b29271c2e09ba9aea83c18dc9db464a31; jvm 21.0.7+6-LTS
2025-04-23 15:46:05,887 [main] INFO  server.session (DefaultSessionIdManager.java:doStart(334)) - DefaultSessionIdManager workerName=node0
2025-04-23 15:46:05,887 [main] INFO  server.session (DefaultSessionIdManager.java:doStart(339)) - No SessionScavenger set, using defaults
2025-04-23 15:46:05,887 [main] INFO  server.session (HouseKeeper.java:startScavenging(132)) - node0 Scavenging every 600000ms
2025-04-23 15:46:05,887 [main] INFO  handler.ContextHandler (ContextHandler.java:doStart(921)) - Started o.e.j.s.ServletContextHandler@66d2f41c{logs,/logs,file:///home/runner/work/ozone/ozone/hadoop-ozone/integration-test/target/log,AVAILABLE}
2025-04-23 15:46:05,888 [main] INFO  handler.ContextHandler (ContextHandler.java:doStart(921)) - Started o.e.j.s.ServletContextHandler@52836725{static,/static,file:///home/runner/work/ozone/ozone/hadoop-ozone/integration-test/target/test-classes/webapps/static,AVAILABLE}
2025-04-23 15:46:05,893 [main] INFO  handler.ContextHandler (ContextHandler.java:doStart(921)) - Started o.e.j.w.WebAppContext@17aa07ca{ozoneManager,/,file:///home/runner/work/ozone/ozone/hadoop-ozone/integration-test/target/test-classes/webapps/ozoneManager/,AVAILABLE}{file:/home/runner/work/ozone/ozone/hadoop-ozone/integration-test/target/test-classes/webapps/ozoneManager}
2025-04-23 15:46:05,893 [main] INFO  server.AbstractConnector (AbstractConnector.java:doStart(333)) - Started ServerConnector@3c247a8a{HTTP/1.1, (http/1.1)}{0.0.0.0:15011}
2025-04-23 15:46:05,893 [main] INFO  server.Server (Server.java:doStart(415)) - Started @100875ms
2025-04-23 15:46:05,893 [main] WARN  impl.MetricsSystemImpl (MetricsSystemImpl.java:register(279)) - Sink prometheus already exists!
2025-04-23 15:46:05,894 [main] INFO  http.BaseHttpServer (BaseHttpServer.java:updateConnectorAddress(360)) - HTTP server of ozoneManager listening at http://0.0.0.0:15011
2025-04-23 15:46:05,894 [IPC Server Responder] INFO  ipc.Server (Server.java:run(1713)) - IPC Server Responder: starting
2025-04-23 15:46:05,894 [IPC Server listener on 15010] INFO  ipc.Server (Server.java:run(1553)) - IPC Server listener on 15010: starting
2025-04-23 15:46:05,897 [main] INFO  om.OzoneManager (OzoneManager.java:startTrashEmptier(2257)) - Trash Interval set to 0. Files deleted won't move to trash
]]></system-out>
  </testcase>
  <testcase name="twoOMDown" classname="org.apache.hadoop.ozone.om.TestOzoneManagerHAWithStoppedNodes" time="20.254">
    <system-out><![CDATA[2025-04-23 15:46:05,899 [main] INFO  om.OzoneManager (OzoneManager.java:stop(2347)) - omNode-1[localhost:15006]: Stopping Ozone Manager
2025-04-23 15:46:05,899 [main] INFO  ipc.Server (Server.java:stop(3697)) - Stopping server on 15006
2025-04-23 15:46:05,902 [IPC Server listener on 15006] INFO  ipc.Server (Server.java:run(1585)) - Stopping IPC Server listener on 15006
2025-04-23 15:46:05,902 [main] INFO  ratis.OzoneManagerRatisServer (OzoneManagerRatisServer.java:stop(634)) - Stopping org.apache.hadoop.ozone.om.ratis.OzoneManagerRatisServer@567e9a77 at port 15009
2025-04-23 15:46:05,902 [main] INFO  server.RaftServer (RaftServerProxy.java:lambda$close$9(417)) - omNode-1: close
2025-04-23 15:46:05,902 [main] INFO  server.GrpcService (GrpcService.java:closeImpl(343)) - omNode-1: shutdown server GrpcServerProtocolService now
2025-04-23 15:46:05,903 [omNode-1-impl-thread1] INFO  server.RaftServer$Division (RaftServerImpl.java:lambda$close$1(513)) - omNode-1@group-523986131536: shutdown
2025-04-23 15:46:05,903 [omNode-1-impl-thread1] INFO  util.JmxRegister (JmxRegister.java:unregister(74)) - Successfully un-registered JMX Bean with object name Ratis:service=RaftServer,group=group-523986131536,id=omNode-1
2025-04-23 15:46:05,903 [omNode-1-impl-thread1] INFO  impl.RoleInfo (RoleInfo.java:shutdownFollowerState(121)) - omNode-1: shutdown omNode-1@group-523986131536-FollowerState
2025-04-23 15:46:05,903 [omNode-1-impl-thread1] INFO  impl.StateMachineUpdater (StateMachineUpdater.java:stopAndJoin(164)) - omNode-1@group-523986131536-StateMachineUpdater: set stopIndex = 102
2025-04-23 15:46:05,903 [omNode-1@group-523986131536-FollowerState] INFO  impl.FollowerState (FollowerState.java:runImpl(170)) - omNode-1@group-523986131536-FollowerState was interrupted
2025-04-23 15:46:05,903 [omNode-1@group-523986131536-StateMachineUpdater] INFO  impl.StateMachineUpdater (StateMachineUpdater.java:stop(141)) - omNode-1@group-523986131536-StateMachineUpdater: closing OzoneManagerStateMachine, lastApplied=(t:8, i:102)
2025-04-23 15:46:05,903 [omNode-1@group-523986131536-StateMachineUpdater] INFO  ratis.OzoneManagerStateMachine (OzoneManagerStateMachine.java:close(550)) - Stopping OzoneManagerStateMachine:omNode-1:group-523986131536.
2025-04-23 15:46:05,903 [omNode-1@group-523986131536-StateMachineUpdater] INFO  ratis.OzoneManagerDoubleBuffer (OzoneManagerDoubleBuffer.java:stopDaemon(500)) - Stopping OMDoubleBuffer flush thread
2025-04-23 15:46:05,903 [omNode-1-OMDoubleBufferFlushThread] INFO  ratis.OzoneManagerDoubleBuffer (OzoneManagerDoubleBuffer.java:canFlush(559)) - OMDoubleBuffer flush thread omNode-1-OMDoubleBufferFlushThread is interrupted and will exit.
2025-04-23 15:46:05,904 [grpc-default-executor-5] WARN  server.GrpcServerProtocolService (LogUtils.java:warn(121)) - omNode-1: APPEND_ENTRIES onError, lastRequest: null: org.apache.ratis.thirdparty.io.grpc.StatusRuntimeException: CANCELLED: client cancelled
2025-04-23 15:46:05,904 [grpc-default-executor-6] WARN  server.GrpcServerProtocolService (LogUtils.java:warn(121)) - omNode-1: APPEND_ENTRIES onError, lastRequest: omNode-3->omNode-1#1-t10,previous=(t:9, i:104),leaderCommit=104,initializing? false,entries: size=1, first=(t:10, i:105), CONFIGURATIONENTRY(current:id:"omNode-3"address:"localhost:15017"startupRole:FOLLOWER, id:"omNode-1"address:"localhost:15009"startupRole:FOLLOWER, id:"omNode-2"address:"localhost:15013"startupRole:FOLLOWER, old:): org.apache.ratis.thirdparty.io.grpc.StatusRuntimeException: CANCELLED: client cancelled
2025-04-23 15:46:05,904 [IPC Server Responder] INFO  ipc.Server (Server.java:run(1718)) - Stopping IPC Server Responder
2025-04-23 15:46:05,904 [grpc-default-executor-2] WARN  server.GrpcServerProtocolService (LogUtils.java:warn(121)) - omNode-1: APPEND_ENTRIES onError, lastRequest: null: org.apache.ratis.thirdparty.io.grpc.StatusRuntimeException: CANCELLED: client cancelled
2025-04-23 15:46:05,904 [grpc-default-executor-5] WARN  server.GrpcLogAppender (LogUtils.java:warn(121)) - omNode-3@group-523986131536->omNode-1-AppendLogResponseHandler: Failed appendEntries: org.apache.ratis.thirdparty.io.grpc.StatusRuntimeException: CANCELLED: RST_STREAM closed stream. HTTP/2 error code: CANCEL
2025-04-23 15:46:05,904 [grpc-default-executor-5] WARN  server.GrpcLogAppender (GrpcLogAppender.java:lambda$resetClient$1(221)) - omNode-3@group-523986131536->omNode-1-GrpcLogAppender: Follower failed (request=null, errorCount=1); keep nextIndex (107) unchanged and retry.
2025-04-23 15:46:05,904 [grpc-default-executor-2] INFO  server.GrpcLogAppender (GrpcLogAppender.java:onError(537)) - omNode-3@group-523986131536->omNode-1-GrpcLogAppender is already stopped
2025-04-23 15:46:05,905 [grpc-default-executor-1] WARN  server.GrpcServerProtocolService (LogUtils.java:warn(121)) - omNode-1: APPEND_ENTRIES onError, lastRequest: omNode-3->omNode-1#1-t10,previous=(t:0, i:0),leaderCommit=4,initializing? true,entries: size=4, first=(t:9, i:103), CONFIGURATIONENTRY(current:id:"omNode-3"address:"localhost:15017"startupRole:FOLLOWER, id:"omNode-1"address:"localhost:15009"startupRole:FOLLOWER, id:"omNode-2"address:"localhost:15013"startupRole:FOLLOWER, old:): org.apache.ratis.thirdparty.io.grpc.StatusRuntimeException: CANCELLED: client cancelled
2025-04-23 15:46:05,905 [main] INFO  server.GrpcService (GrpcService.java:closeImpl(352)) - omNode-1: shutdown server GrpcServerProtocolService successfully
2025-04-23 15:46:05,905 [omNode-1@group-523986131536-cacheEviction-AwaitToRun] INFO  util.AwaitToRun (AwaitToRun.java:run(49)) - omNode-1@group-523986131536-cacheEviction-AwaitToRun-AwaitForSignal is interrupted
2025-04-23 15:46:05,906 [grpc-default-executor-6] INFO  server.GrpcLogAppender (GrpcLogAppender.java:onError(537)) - omNode-3@group-523986131536->omNode-1-GrpcLogAppender is already stopped
2025-04-23 15:46:06,730 [omNode-1-impl-thread1] INFO  segmented.SegmentedRaftLogWorker (SegmentedRaftLogWorker.java:close(252)) - omNode-1@group-523986131536-SegmentedRaftLogWorker close()
2025-04-23 15:46:06,731 [JvmPauseMonitor24] INFO  util.JvmPauseMonitor (JvmPauseMonitor.java:run(152)) - JvmPauseMonitor-omNode-1: Stopped
2025-04-23 15:46:06,731 [main] INFO  utils.BackgroundService (BackgroundService.java:shutdown(161)) - Shutting down service KeyDeletingService
2025-04-23 15:46:06,731 [main] INFO  utils.BackgroundService (BackgroundService.java:shutdown(161)) - Shutting down service DirectoryDeletingService
2025-04-23 15:46:06,733 [main] INFO  utils.BackgroundService (BackgroundService.java:shutdown(161)) - Shutting down service OpenKeyCleanupService
2025-04-23 15:46:06,733 [main] INFO  utils.BackgroundService (BackgroundService.java:shutdown(161)) - Shutting down service SstFilteringService
2025-04-23 15:46:06,733 [main] INFO  utils.BackgroundService (BackgroundService.java:shutdown(161)) - Shutting down service SnapshotDeletingService
2025-04-23 15:46:06,734 [main] INFO  utils.BackgroundService (BackgroundService.java:shutdown(161)) - Shutting down service MultipartUploadCleanupService
2025-04-23 15:46:06,734 [main] INFO  handler.ContextHandler (ContextHandler.java:doStop(1159)) - Stopped o.e.j.w.WebAppContext@35ea29ea{ozoneManager,/,null,STOPPED}{file:/home/runner/work/ozone/ozone/hadoop-ozone/integration-test/target/test-classes/webapps/ozoneManager}
2025-04-23 15:46:06,735 [main] INFO  server.AbstractConnector (AbstractConnector.java:doStop(383)) - Stopped ServerConnector@52833d4b{HTTP/1.1, (http/1.1)}{0.0.0.0:15007}
2025-04-23 15:46:06,735 [main] INFO  server.session (HouseKeeper.java:stopScavenging(149)) - node0 Stopped scavenging
2025-04-23 15:46:06,735 [main] INFO  handler.ContextHandler (ContextHandler.java:doStop(1159)) - Stopped o.e.j.s.ServletContextHandler@515bda81{static,/static,file:///home/runner/work/ozone/ozone/hadoop-ozone/integration-test/target/test-classes/webapps/static,STOPPED}
2025-04-23 15:46:06,735 [main] INFO  handler.ContextHandler (ContextHandler.java:doStop(1159)) - Stopped o.e.j.s.ServletContextHandler@480819a5{logs,/logs,file:///home/runner/work/ozone/ozone/hadoop-ozone/integration-test/target/log,STOPPED}
2025-04-23 15:46:06,737 [main] INFO  rocksdiff.RocksDBCheckpointDiffer (RocksDBCheckpointDiffer.java:close(304)) - Shutting down CompactionDagPruningService.
2025-04-23 15:46:06,739 [main] INFO  snapshot.SnapshotDiffManager (SnapshotDiffManager.java:closeExecutorService(1698)) - Shutting down executorService: 'SnapDiffExecutor'
2025-04-23 15:46:06,739 [main] INFO  utils.BackgroundService (BackgroundService.java:shutdown(161)) - Shutting down service SnapshotDiffCleanupService
2025-04-23 15:46:06,740 [main] INFO  om.OzoneManager (OzoneManager.java:stop(2347)) - omNode-2[localhost:15010]: Stopping Ozone Manager
2025-04-23 15:46:06,740 [main] INFO  ipc.Server (Server.java:stop(3697)) - Stopping server on 15010
2025-04-23 15:46:06,743 [IPC Server listener on 15010] INFO  ipc.Server (Server.java:run(1585)) - Stopping IPC Server listener on 15010
2025-04-23 15:46:06,743 [IPC Server Responder] INFO  ipc.Server (Server.java:run(1718)) - Stopping IPC Server Responder
2025-04-23 15:46:06,743 [main] INFO  ratis.OzoneManagerRatisServer (OzoneManagerRatisServer.java:stop(634)) - Stopping org.apache.hadoop.ozone.om.ratis.OzoneManagerRatisServer@7b90ec3a at port 15013
2025-04-23 15:46:06,743 [main] INFO  server.RaftServer (RaftServerProxy.java:lambda$close$9(417)) - omNode-2: close
2025-04-23 15:46:06,743 [main] INFO  server.GrpcService (GrpcService.java:closeImpl(343)) - omNode-2: shutdown server GrpcServerProtocolService now
2025-04-23 15:46:06,744 [grpc-default-executor-6] WARN  server.GrpcServerProtocolService (LogUtils.java:warn(121)) - omNode-2: APPEND_ENTRIES onError, lastRequest: null: org.apache.ratis.thirdparty.io.grpc.StatusRuntimeException: CANCELLED: client cancelled
2025-04-23 15:46:06,745 [grpc-default-executor-6] WARN  server.GrpcLogAppender (LogUtils.java:warn(121)) - omNode-3@group-523986131536->omNode-2-AppendLogResponseHandler: Failed appendEntries: org.apache.ratis.thirdparty.io.grpc.StatusRuntimeException: CANCELLED: RST_STREAM closed stream. HTTP/2 error code: CANCEL
2025-04-23 15:46:06,745 [grpc-default-executor-6] WARN  server.GrpcLogAppender (GrpcLogAppender.java:lambda$resetClient$1(221)) - omNode-3@group-523986131536->omNode-2-GrpcLogAppender: Follower failed (request=null, errorCount=1); keep nextIndex (107) unchanged and retry.
2025-04-23 15:46:06,745 [main] INFO  server.GrpcService (GrpcService.java:closeImpl(352)) - omNode-2: shutdown server GrpcServerProtocolService successfully
2025-04-23 15:46:06,745 [omNode-2-impl-thread1] INFO  server.RaftServer$Division (RaftServerImpl.java:lambda$close$1(513)) - omNode-2@group-523986131536: shutdown
2025-04-23 15:46:06,745 [grpc-default-executor-1] WARN  server.GrpcServerProtocolService (LogUtils.java:warn(121)) - omNode-2: APPEND_ENTRIES onError, lastRequest: omNode-3->omNode-2#2-t10,previous=(t:10, i:105),leaderCommit=105,initializing? false,entries: size=1, first=(t:10, i:106), METADATAENTRY(c:105): org.apache.ratis.thirdparty.io.grpc.StatusRuntimeException: CANCELLED: client cancelled
2025-04-23 15:46:06,745 [omNode-2-impl-thread1] INFO  util.JmxRegister (JmxRegister.java:unregister(74)) - Successfully un-registered JMX Bean with object name Ratis:service=RaftServer,group=group-523986131536,id=omNode-2
2025-04-23 15:46:06,746 [omNode-2-impl-thread1] INFO  impl.RoleInfo (RoleInfo.java:shutdownFollowerState(121)) - omNode-2: shutdown omNode-2@group-523986131536-FollowerState
2025-04-23 15:46:06,746 [omNode-2-impl-thread1] INFO  impl.StateMachineUpdater (StateMachineUpdater.java:stopAndJoin(164)) - omNode-2@group-523986131536-StateMachineUpdater: set stopIndex = 106
2025-04-23 15:46:06,746 [omNode-2@group-523986131536-FollowerState] INFO  impl.FollowerState (FollowerState.java:runImpl(170)) - omNode-2@group-523986131536-FollowerState was interrupted
2025-04-23 15:46:06,751 [omNode-2@group-523986131536-StateMachineUpdater] INFO  ratis.OzoneManagerStateMachine (OzoneManagerStateMachine.java:takeSnapshotImpl(510)) - omNode-2: taking snapshot. applied = (t:10, i:106), skipped = 104, notified = (t:10, i:106), current snapshot index = (t:10, i:106), took 5 ms
2025-04-23 15:46:06,751 [omNode-2@group-523986131536-StateMachineUpdater] INFO  impl.StateMachineUpdater (StateMachineUpdater.java:takeSnapshot(303)) - omNode-2@group-523986131536-StateMachineUpdater: Took a snapshot at index 106
2025-04-23 15:46:06,751 [omNode-2@group-523986131536-StateMachineUpdater] INFO  impl.StateMachineUpdater (StateMachineUpdater.java:lambda$new$0(102)) - omNode-2@group-523986131536-StateMachineUpdater: snapshotIndex: updateIncreasingly 104 -> 106
2025-04-23 15:46:06,751 [omNode-2@group-523986131536-StateMachineUpdater] INFO  impl.StateMachineUpdater (StateMachineUpdater.java:stop(141)) - omNode-2@group-523986131536-StateMachineUpdater: closing OzoneManagerStateMachine, lastApplied=(t:10, i:106)
2025-04-23 15:46:06,751 [omNode-2@group-523986131536-StateMachineUpdater] INFO  ratis.OzoneManagerStateMachine (OzoneManagerStateMachine.java:close(550)) - Stopping OzoneManagerStateMachine:omNode-2:group-523986131536.
2025-04-23 15:46:06,751 [omNode-2@group-523986131536-StateMachineUpdater] INFO  ratis.OzoneManagerDoubleBuffer (OzoneManagerDoubleBuffer.java:stopDaemon(500)) - Stopping OMDoubleBuffer flush thread
2025-04-23 15:46:06,751 [omNode-2-OMDoubleBufferFlushThread] INFO  ratis.OzoneManagerDoubleBuffer (OzoneManagerDoubleBuffer.java:canFlush(559)) - OMDoubleBuffer flush thread omNode-2-OMDoubleBufferFlushThread is interrupted and will exit.
2025-04-23 15:46:06,751 [omNode-2@group-523986131536-cacheEviction-AwaitToRun] INFO  util.AwaitToRun (AwaitToRun.java:run(49)) - omNode-2@group-523986131536-cacheEviction-AwaitToRun-AwaitForSignal is interrupted
2025-04-23 15:46:07,699 [omNode-2-impl-thread1] INFO  segmented.SegmentedRaftLogWorker (SegmentedRaftLogWorker.java:close(252)) - omNode-2@group-523986131536-SegmentedRaftLogWorker close()
2025-04-23 15:46:07,699 [JvmPauseMonitor25] INFO  util.JvmPauseMonitor (JvmPauseMonitor.java:run(152)) - JvmPauseMonitor-omNode-2: Stopped
2025-04-23 15:46:07,699 [main] INFO  utils.BackgroundService (BackgroundService.java:shutdown(161)) - Shutting down service KeyDeletingService
2025-04-23 15:46:07,700 [main] INFO  utils.BackgroundService (BackgroundService.java:shutdown(161)) - Shutting down service DirectoryDeletingService
2025-04-23 15:46:07,700 [main] INFO  utils.BackgroundService (BackgroundService.java:shutdown(161)) - Shutting down service OpenKeyCleanupService
2025-04-23 15:46:07,701 [main] INFO  utils.BackgroundService (BackgroundService.java:shutdown(161)) - Shutting down service SstFilteringService
2025-04-23 15:46:07,701 [main] INFO  utils.BackgroundService (BackgroundService.java:shutdown(161)) - Shutting down service SnapshotDeletingService
2025-04-23 15:46:07,701 [main] INFO  utils.BackgroundService (BackgroundService.java:shutdown(161)) - Shutting down service MultipartUploadCleanupService
2025-04-23 15:46:07,702 [main] INFO  handler.ContextHandler (ContextHandler.java:doStop(1159)) - Stopped o.e.j.w.WebAppContext@17aa07ca{ozoneManager,/,null,STOPPED}{file:/home/runner/work/ozone/ozone/hadoop-ozone/integration-test/target/test-classes/webapps/ozoneManager}
2025-04-23 15:46:07,703 [main] INFO  server.AbstractConnector (AbstractConnector.java:doStop(383)) - Stopped ServerConnector@3c247a8a{HTTP/1.1, (http/1.1)}{0.0.0.0:15011}
2025-04-23 15:46:07,703 [main] INFO  server.session (HouseKeeper.java:stopScavenging(149)) - node0 Stopped scavenging
2025-04-23 15:46:07,703 [main] INFO  handler.ContextHandler (ContextHandler.java:doStop(1159)) - Stopped o.e.j.s.ServletContextHandler@52836725{static,/static,file:///home/runner/work/ozone/ozone/hadoop-ozone/integration-test/target/test-classes/webapps/static,STOPPED}
2025-04-23 15:46:07,703 [main] INFO  handler.ContextHandler (ContextHandler.java:doStop(1159)) - Stopped o.e.j.s.ServletContextHandler@66d2f41c{logs,/logs,file:///home/runner/work/ozone/ozone/hadoop-ozone/integration-test/target/log,STOPPED}
2025-04-23 15:46:07,704 [main] INFO  rocksdiff.RocksDBCheckpointDiffer (RocksDBCheckpointDiffer.java:close(304)) - Shutting down CompactionDagPruningService.
2025-04-23 15:46:07,705 [main] INFO  snapshot.SnapshotDiffManager (SnapshotDiffManager.java:closeExecutorService(1698)) - Shutting down executorService: 'SnapDiffExecutor'
2025-04-23 15:46:07,705 [main] INFO  utils.BackgroundService (BackgroundService.java:shutdown(161)) - Shutting down service SnapshotDiffCleanupService
2025-04-23 15:46:08,130 [omNode-3@group-523986131536-LeaderStateImpl] WARN  server.RaftServer$Division (LeaderStateImpl.java:checkLeadership(1115)) - omNode-3@group-523986131536-LeaderStateImpl: Lost leadership on term: 10. Election timeout: 1200ms. In charge for: 2463ms. Conf: conf: {index: 105, cur=peers:[omNode-3|localhost:15017, omNode-1|localhost:15009, omNode-2|localhost:15013]|listeners:[], old=null}
2025-04-23 15:46:08,131 [omNode-3@group-523986131536-LeaderStateImpl] WARN  server.RaftServer$Division (LeaderStateImpl.java:lambda$checkLeadership$21(1119)) - Follower omNode-3@group-523986131536->omNode-2(c106,m106,n107, caughtUp=true, lastRpcSendTime=171, lastRpcResponseTime=1429)
2025-04-23 15:46:08,131 [omNode-3@group-523986131536-LeaderStateImpl] WARN  server.RaftServer$Division (LeaderStateImpl.java:lambda$checkLeadership$21(1119)) - Follower omNode-3@group-523986131536->omNode-1(c102,m106,n107, caughtUp=false, lastRpcSendTime=219, lastRpcResponseTime=2401)
2025-04-23 15:46:08,131 [omNode-3@group-523986131536-LeaderStateImpl] INFO  server.RaftServer$Division (RaftServerImpl.java:setRole(378)) - omNode-3@group-523986131536: changes role from    LEADER to FOLLOWER at term 10 for StepDownReason:LOST_MAJORITY_HEARTBEATS
2025-04-23 15:46:08,131 [omNode-3@group-523986131536-LeaderStateImpl] INFO  impl.RoleInfo (RoleInfo.java:shutdownLeaderState(103)) - omNode-3: shutdown omNode-3@group-523986131536-LeaderStateImpl
2025-04-23 15:46:08,131 [omNode-3@group-523986131536->omNode-2-GrpcLogAppender-LogAppenderDaemon] WARN  server.GrpcLogAppender (GrpcLogAppender.java:mayWait(293)) - omNode-3@group-523986131536->omNode-2-GrpcLogAppender: Wait interrupted by java.lang.InterruptedException
2025-04-23 15:46:08,132 [omNode-3@group-523986131536-LeaderStateImpl] INFO  impl.PendingRequests (PendingRequests.java:sendNotLeaderResponses(287)) - omNode-3@group-523986131536-PendingRequests: sendNotLeaderResponses
2025-04-23 15:46:08,131 [omNode-3@group-523986131536->omNode-1-GrpcLogAppender-LogAppenderDaemon] WARN  server.GrpcLogAppender (GrpcLogAppender.java:mayWait(293)) - omNode-3@group-523986131536->omNode-1-GrpcLogAppender: Wait interrupted by java.lang.InterruptedException
2025-04-23 15:46:08,132 [omNode-3@group-523986131536-LeaderStateImpl] INFO  server.RaftServer$Division (ServerState.java:setLeader(272)) - omNode-3@group-523986131536: change Leader from omNode-3 to null at term 10 for StepDownReason:LOST_MAJORITY_HEARTBEATS
2025-04-23 15:46:08,133 [omNode-3@group-523986131536-LeaderStateImpl] INFO  impl.RoleInfo (RoleInfo.java:updateAndGet(148)) - omNode-3: start omNode-3@group-523986131536-FollowerState
2025-04-23 15:46:09,226 [omNode-3@group-523986131536-FollowerState] INFO  impl.FollowerState (FollowerState.java:lostMajorityHeartbeatsRecently(113)) - omNode-3@group-523986131536-FollowerState: Skipping leader election since it stepped down recently (elapsed = 1093ms < waitTime = 10s)
2025-04-23 15:46:10,298 [omNode-3@group-523986131536-FollowerState] INFO  impl.FollowerState (FollowerState.java:lostMajorityHeartbeatsRecently(113)) - omNode-3@group-523986131536-FollowerState: Skipping leader election since it stepped down recently (elapsed = 2165ms < waitTime = 10s)
2025-04-23 15:46:10,904 [timer0] WARN  server.GrpcLogAppender (GrpcLogAppender.java:lambda$resetClient$1(221)) - omNode-3@group-523986131536->omNode-1-GrpcLogAppender: Follower failed (request=null, errorCount=14); keep nextIndex (107) unchanged and retry. (Repeated 14 times in the last 5.000s)
2025-04-23 15:46:10,904 [timer7] WARN  server.GrpcLogAppender (LogUtils.java:warn(121)) - omNode-3@group-523986131536->omNode-1-AppendLogResponseHandler: Failed appendEntries (Repeated 14 times in the last 5.000s): org.apache.ratis.thirdparty.io.grpc.StatusRuntimeException: UNAVAILABLE: io exception
2025-04-23 15:46:11,454 [omNode-3@group-523986131536-FollowerState] INFO  impl.FollowerState (FollowerState.java:lostMajorityHeartbeatsRecently(113)) - omNode-3@group-523986131536-FollowerState: Skipping leader election since it stepped down recently (elapsed = 3321ms < waitTime = 10s)
2025-04-23 15:46:11,745 [timer6] WARN  server.GrpcLogAppender (GrpcLogAppender.java:lambda$resetClient$1(221)) - omNode-3@group-523986131536->omNode-2-GrpcLogAppender: Follower failed (request=null, errorCount=10); keep nextIndex (107) unchanged and retry. (Repeated 10 times in the last 5.000s)
2025-04-23 15:46:11,745 [timer5] WARN  server.GrpcLogAppender (LogUtils.java:warn(121)) - omNode-3@group-523986131536->omNode-2-AppendLogResponseHandler: Failed appendEntries (Repeated 10 times in the last 5.000s): org.apache.ratis.thirdparty.io.grpc.StatusRuntimeException: UNAVAILABLE: io exception
2025-04-23 15:46:12,532 [omNode-3@group-523986131536-FollowerState] INFO  impl.FollowerState (FollowerState.java:lostMajorityHeartbeatsRecently(113)) - omNode-3@group-523986131536-FollowerState: Skipping leader election since it stepped down recently (elapsed = 4399ms < waitTime = 10s)
2025-04-23 15:46:13,542 [omNode-3@group-523986131536-FollowerState] INFO  impl.FollowerState (FollowerState.java:lostMajorityHeartbeatsRecently(113)) - omNode-3@group-523986131536-FollowerState: Skipping leader election since it stepped down recently (elapsed = 5409ms < waitTime = 10s)
2025-04-23 15:46:14,555 [omNode-3@group-523986131536-FollowerState] INFO  impl.FollowerState (FollowerState.java:lostMajorityHeartbeatsRecently(113)) - omNode-3@group-523986131536-FollowerState: Skipping leader election since it stepped down recently (elapsed = 6422ms < waitTime = 10s)
2025-04-23 15:46:15,631 [omNode-3@group-523986131536-FollowerState] INFO  impl.FollowerState (FollowerState.java:lostMajorityHeartbeatsRecently(113)) - omNode-3@group-523986131536-FollowerState: Skipping leader election since it stepped down recently (elapsed = 7498ms < waitTime = 10s)
2025-04-23 15:46:15,706 [main] INFO  rpc.RpcClient (RpcClient.java:createVolume(462)) - Creating Volume: volume34578, with user48598 as owner and space quota set to -1 bytes, counts quota set to -1
2025-04-23 15:46:15,709 [main] INFO  retry.RetryInvocationHandler (RetryInvocationHandler.java:log(426)) - com.google.protobuf.ServiceException: org.apache.hadoop.ipc.RemoteException(org.apache.hadoop.ozone.om.exceptions.OMNotLeaderException): OM:omNode-3 is not the leader. Could not determine the leader node.
	at org.apache.hadoop.ozone.om.ratis.OzoneManagerRatisServer.newOMNotLeaderException(OzoneManagerRatisServer.java:810)
	at org.apache.hadoop.ozone.om.OzoneManager.checkLeaderStatus(OzoneManager.java:4355)
	at org.apache.hadoop.ozone.om.ratis.utils.OzoneManagerRatisUtils.checkLeaderStatus(OzoneManagerRatisUtils.java:500)
	at org.apache.hadoop.ozone.protocolPB.OzoneManagerProtocolServerSideTranslatorPB.internalProcessRequest(OzoneManagerProtocolServerSideTranslatorPB.java:165)
	at org.apache.hadoop.ozone.protocolPB.OzoneManagerProtocolServerSideTranslatorPB.processRequest(OzoneManagerProtocolServerSideTranslatorPB.java:125)
	at org.apache.hadoop.hdds.server.OzoneProtocolMessageDispatcher.processRequest(OzoneProtocolMessageDispatcher.java:87)
	at org.apache.hadoop.ozone.protocolPB.OzoneManagerProtocolServerSideTranslatorPB.submitRequest(OzoneManagerProtocolServerSideTranslatorPB.java:116)
	at org.apache.hadoop.ozone.protocol.proto.OzoneManagerProtocolProtos$OzoneManagerService$2.callBlockingMethod(OzoneManagerProtocolProtos.java)
	at org.apache.hadoop.ipc.ProtobufRpcEngine$Server.processCall(ProtobufRpcEngine.java:484)
	at org.apache.hadoop.ipc.ProtobufRpcEngine2$Server$ProtoBufRpcInvoker.call(ProtobufRpcEngine2.java:595)
	at org.apache.hadoop.ipc.ProtobufRpcEngine2$Server$ProtoBufRpcInvoker.call(ProtobufRpcEngine2.java:573)
	at org.apache.hadoop.ipc.RPC$Server.call(RPC.java:1227)
	at org.apache.hadoop.ipc.Server$RpcCall.run(Server.java:1246)
	at org.apache.hadoop.ipc.Server$RpcCall.run(Server.java:1169)
	at java.base/java.security.AccessController.doPrivileged(AccessController.java:714)
	at java.base/javax.security.auth.Subject.doAs(Subject.java:525)
	at org.apache.hadoop.security.UserGroupInformation.doAs(UserGroupInformation.java:1953)
	at org.apache.hadoop.ipc.Server$Handler.run(Server.java:3198)
, while invoking $Proxy68.submitRequest over nodeId=omNode-3,nodeAddress=127.0.0.1:15014. Trying to failover after sleeping for 2000ms. Current retry count: 0.
2025-04-23 15:46:16,826 [omNode-3@group-523986131536-FollowerState] INFO  impl.FollowerState (FollowerState.java:lostMajorityHeartbeatsRecently(113)) - omNode-3@group-523986131536-FollowerState: Skipping leader election since it stepped down recently (elapsed = 8693ms < waitTime = 10s)
2025-04-23 15:46:17,710 [main] INFO  retry.RetryInvocationHandler (RetryInvocationHandler.java:log(426)) - com.google.protobuf.ServiceException: java.net.ConnectException: Call From fv-az1337-835/10.1.0.188 to localhost:15006 failed on connection exception: java.net.ConnectException: Connection refused; For more details see:  http://wiki.apache.org/hadoop/ConnectionRefused, while invoking $Proxy68.submitRequest over nodeId=omNode-1,nodeAddress=127.0.0.1:15006 after 1 failover attempts. Trying to failover immediately. Current retry count: 1.
2025-04-23 15:46:17,710 [main] INFO  retry.RetryInvocationHandler (RetryInvocationHandler.java:log(426)) - com.google.protobuf.ServiceException: java.net.ConnectException: Call From fv-az1337-835/10.1.0.188 to localhost:15010 failed on connection exception: java.net.ConnectException: Connection refused; For more details see:  http://wiki.apache.org/hadoop/ConnectionRefused, while invoking $Proxy68.submitRequest over nodeId=omNode-2,nodeAddress=127.0.0.1:15010 after 2 failover attempts. Trying to failover immediately. Current retry count: 2.
2025-04-23 15:46:17,712 [main] INFO  retry.RetryInvocationHandler (RetryInvocationHandler.java:log(426)) - com.google.protobuf.ServiceException: org.apache.hadoop.ipc.RemoteException(org.apache.hadoop.ozone.om.exceptions.OMNotLeaderException): OM:omNode-3 is not the leader. Could not determine the leader node.
	at org.apache.hadoop.ozone.om.ratis.OzoneManagerRatisServer.newOMNotLeaderException(OzoneManagerRatisServer.java:810)
	at org.apache.hadoop.ozone.om.OzoneManager.checkLeaderStatus(OzoneManager.java:4355)
	at org.apache.hadoop.ozone.om.ratis.utils.OzoneManagerRatisUtils.checkLeaderStatus(OzoneManagerRatisUtils.java:500)
	at org.apache.hadoop.ozone.protocolPB.OzoneManagerProtocolServerSideTranslatorPB.internalProcessRequest(OzoneManagerProtocolServerSideTranslatorPB.java:165)
	at org.apache.hadoop.ozone.protocolPB.OzoneManagerProtocolServerSideTranslatorPB.processRequest(OzoneManagerProtocolServerSideTranslatorPB.java:125)
	at org.apache.hadoop.hdds.server.OzoneProtocolMessageDispatcher.processRequest(OzoneProtocolMessageDispatcher.java:87)
	at org.apache.hadoop.ozone.protocolPB.OzoneManagerProtocolServerSideTranslatorPB.submitRequest(OzoneManagerProtocolServerSideTranslatorPB.java:116)
	at org.apache.hadoop.ozone.protocol.proto.OzoneManagerProtocolProtos$OzoneManagerService$2.callBlockingMethod(OzoneManagerProtocolProtos.java)
	at org.apache.hadoop.ipc.ProtobufRpcEngine$Server.processCall(ProtobufRpcEngine.java:484)
	at org.apache.hadoop.ipc.ProtobufRpcEngine2$Server$ProtoBufRpcInvoker.call(ProtobufRpcEngine2.java:595)
	at org.apache.hadoop.ipc.ProtobufRpcEngine2$Server$ProtoBufRpcInvoker.call(ProtobufRpcEngine2.java:573)
	at org.apache.hadoop.ipc.RPC$Server.call(RPC.java:1227)
	at org.apache.hadoop.ipc.Server$RpcCall.run(Server.java:1246)
	at org.apache.hadoop.ipc.Server$RpcCall.run(Server.java:1169)
	at java.base/java.security.AccessController.doPrivileged(AccessController.java:714)
	at java.base/javax.security.auth.Subject.doAs(Subject.java:525)
	at org.apache.hadoop.security.UserGroupInformation.doAs(UserGroupInformation.java:1953)
	at org.apache.hadoop.ipc.Server$Handler.run(Server.java:3198)
, while invoking $Proxy68.submitRequest over nodeId=omNode-3,nodeAddress=127.0.0.1:15014 after 3 failover attempts. Trying to failover after sleeping for 2000ms. Current retry count: 3.
2025-04-23 15:46:17,943 [omNode-3@group-523986131536-FollowerState] INFO  impl.FollowerState (FollowerState.java:lostMajorityHeartbeatsRecently(113)) - omNode-3@group-523986131536-FollowerState: Skipping leader election since it stepped down recently (elapsed = 9810ms < waitTime = 10s)
2025-04-23 15:46:19,018 [omNode-3@group-523986131536-FollowerState] INFO  impl.FollowerState (FollowerState.java:runImpl(161)) - omNode-3@group-523986131536-FollowerState: change to CANDIDATE, lastRpcElapsedTime:10885305026ns, electionTimeout:1075ms
2025-04-23 15:46:19,018 [omNode-3@group-523986131536-FollowerState] INFO  impl.RoleInfo (RoleInfo.java:shutdownFollowerState(121)) - omNode-3: shutdown omNode-3@group-523986131536-FollowerState
2025-04-23 15:46:19,018 [omNode-3@group-523986131536-FollowerState] INFO  server.RaftServer$Division (RaftServerImpl.java:setRole(378)) - omNode-3@group-523986131536: changes role from  FOLLOWER to CANDIDATE at term 10 for changeToCandidate
2025-04-23 15:46:19,018 [omNode-3@group-523986131536-FollowerState] INFO  server.RaftServerConfigKeys (ConfUtils.java:logGet(46)) - raft.server.leaderelection.pre-vote = true (default)
2025-04-23 15:46:19,018 [omNode-3@group-523986131536-FollowerState] INFO  impl.RoleInfo (RoleInfo.java:updateAndGet(148)) - omNode-3: start omNode-3@group-523986131536-LeaderElection21
2025-04-23 15:46:19,019 [omNode-3@group-523986131536-LeaderElection21] INFO  impl.LeaderElection (LeaderElection.java:askForVotes(332)) - omNode-3@group-523986131536-LeaderElection21 PRE_VOTE round 0: submit vote requests at term 10 for conf: {index: 105, cur=peers:[omNode-3|localhost:15017, omNode-1|localhost:15009, omNode-2|localhost:15013]|listeners:[], old=null}
2025-04-23 15:46:19,019 [omNode-3@group-523986131536-LeaderElection21] INFO  impl.LeaderElection (LogUtils.java:infoOrTrace(136)) - omNode-3@group-523986131536-LeaderElection21 got exception when requesting votes: java.util.concurrent.ExecutionException: org.apache.ratis.thirdparty.io.grpc.StatusRuntimeException: UNAVAILABLE: io exception
2025-04-23 15:46:19,019 [omNode-3@group-523986131536-LeaderElection21] INFO  impl.LeaderElection (LogUtils.java:infoOrTrace(136)) - omNode-3@group-523986131536-LeaderElection21 got exception when requesting votes: java.util.concurrent.ExecutionException: org.apache.ratis.thirdparty.io.grpc.StatusRuntimeException: UNAVAILABLE: io exception
2025-04-23 15:46:19,019 [omNode-3@group-523986131536-LeaderElection21] INFO  impl.LeaderElection (LeaderElection.java:logAndReturn(90)) - omNode-3@group-523986131536-LeaderElection21: PRE_VOTE REJECTED received 0 response(s) and 2 exception(s):
2025-04-23 15:46:19,019 [omNode-3@group-523986131536-LeaderElection21] INFO  impl.LeaderElection (LogUtils.java:infoOrTrace(136)) -   Exception 0: java.util.concurrent.ExecutionException: org.apache.ratis.thirdparty.io.grpc.StatusRuntimeException: UNAVAILABLE: io exception
2025-04-23 15:46:19,019 [omNode-3@group-523986131536-LeaderElection21] INFO  impl.LeaderElection (LogUtils.java:infoOrTrace(136)) -   Exception 1: java.util.concurrent.ExecutionException: org.apache.ratis.thirdparty.io.grpc.StatusRuntimeException: UNAVAILABLE: io exception
2025-04-23 15:46:19,020 [omNode-3@group-523986131536-LeaderElection21] INFO  impl.LeaderElection (LeaderElection.java:askForVotes(334)) - omNode-3@group-523986131536-LeaderElection21 PRE_VOTE round 0: result REJECTED
2025-04-23 15:46:19,020 [omNode-3@group-523986131536-LeaderElection21] INFO  server.RaftServer$Division (RaftServerImpl.java:setRole(378)) - omNode-3@group-523986131536: changes role from CANDIDATE to FOLLOWER at term 10 for REJECTED
2025-04-23 15:46:19,020 [omNode-3@group-523986131536-LeaderElection21] INFO  impl.RoleInfo (RoleInfo.java:shutdownLeaderElection(141)) - omNode-3: shutdown omNode-3@group-523986131536-LeaderElection21
2025-04-23 15:46:19,020 [omNode-3@group-523986131536-LeaderElection21] INFO  impl.RoleInfo (RoleInfo.java:updateAndGet(148)) - omNode-3: start omNode-3@group-523986131536-FollowerState
2025-04-23 15:46:19,712 [main] INFO  retry.RetryInvocationHandler (RetryInvocationHandler.java:log(426)) - com.google.protobuf.ServiceException: java.net.ConnectException: Call From fv-az1337-835/10.1.0.188 to localhost:15006 failed on connection exception: java.net.ConnectException: Connection refused; For more details see:  http://wiki.apache.org/hadoop/ConnectionRefused, while invoking $Proxy68.submitRequest over nodeId=omNode-1,nodeAddress=127.0.0.1:15006 after 4 failover attempts. Trying to failover immediately. Current retry count: 4.
2025-04-23 15:46:19,713 [main] ERROR ha.OMFailoverProxyProviderBase (OMFailoverProxyProviderBase.java:getRetryAction(261)) - Failed to connect to OMs: [omNode-1, omNode-2, omNode-3]. Attempted 5 failovers.
2025-04-23 15:46:19,752 [main] INFO  rpc.RpcClient (RpcClient.java:createVolume(462)) - Creating Volume: volume67180, with user50384 as owner and space quota set to -1 bytes, counts quota set to -1
2025-04-23 15:46:19,753 [main] INFO  retry.RetryInvocationHandler (RetryInvocationHandler.java:log(426)) - com.google.protobuf.ServiceException: java.net.ConnectException: Call From fv-az1337-835/10.1.0.188 to localhost:15010 failed on connection exception: java.net.ConnectException: Connection refused; For more details see:  http://wiki.apache.org/hadoop/ConnectionRefused, while invoking $Proxy68.submitRequest over nodeId=omNode-2,nodeAddress=127.0.0.1:15010. Trying to failover immediately. Current retry count: 0.
2025-04-23 15:46:19,754 [main] INFO  retry.RetryInvocationHandler (RetryInvocationHandler.java:log(426)) - com.google.protobuf.ServiceException: org.apache.hadoop.ipc.RemoteException(org.apache.hadoop.ozone.om.exceptions.OMNotLeaderException): OM:omNode-3 is not the leader. Could not determine the leader node.
	at org.apache.hadoop.ozone.om.ratis.OzoneManagerRatisServer.newOMNotLeaderException(OzoneManagerRatisServer.java:810)
	at org.apache.hadoop.ozone.om.OzoneManager.checkLeaderStatus(OzoneManager.java:4355)
	at org.apache.hadoop.ozone.om.ratis.utils.OzoneManagerRatisUtils.checkLeaderStatus(OzoneManagerRatisUtils.java:500)
	at org.apache.hadoop.ozone.protocolPB.OzoneManagerProtocolServerSideTranslatorPB.internalProcessRequest(OzoneManagerProtocolServerSideTranslatorPB.java:165)
	at org.apache.hadoop.ozone.protocolPB.OzoneManagerProtocolServerSideTranslatorPB.processRequest(OzoneManagerProtocolServerSideTranslatorPB.java:125)
	at org.apache.hadoop.hdds.server.OzoneProtocolMessageDispatcher.processRequest(OzoneProtocolMessageDispatcher.java:87)
	at org.apache.hadoop.ozone.protocolPB.OzoneManagerProtocolServerSideTranslatorPB.submitRequest(OzoneManagerProtocolServerSideTranslatorPB.java:116)
	at org.apache.hadoop.ozone.protocol.proto.OzoneManagerProtocolProtos$OzoneManagerService$2.callBlockingMethod(OzoneManagerProtocolProtos.java)
	at org.apache.hadoop.ipc.ProtobufRpcEngine$Server.processCall(ProtobufRpcEngine.java:484)
	at org.apache.hadoop.ipc.ProtobufRpcEngine2$Server$ProtoBufRpcInvoker.call(ProtobufRpcEngine2.java:595)
	at org.apache.hadoop.ipc.ProtobufRpcEngine2$Server$ProtoBufRpcInvoker.call(ProtobufRpcEngine2.java:573)
	at org.apache.hadoop.ipc.RPC$Server.call(RPC.java:1227)
	at org.apache.hadoop.ipc.Server$RpcCall.run(Server.java:1246)
	at org.apache.hadoop.ipc.Server$RpcCall.run(Server.java:1169)
	at java.base/java.security.AccessController.doPrivileged(AccessController.java:714)
	at java.base/javax.security.auth.Subject.doAs(Subject.java:525)
	at org.apache.hadoop.security.UserGroupInformation.doAs(UserGroupInformation.java:1953)
	at org.apache.hadoop.ipc.Server$Handler.run(Server.java:3198)
, while invoking $Proxy68.submitRequest over nodeId=omNode-3,nodeAddress=127.0.0.1:15014 after 1 failover attempts. Trying to failover after sleeping for 2000ms. Current retry count: 1.
2025-04-23 15:46:20,185 [omNode-3@group-523986131536-FollowerState] INFO  impl.FollowerState (FollowerState.java:runImpl(161)) - omNode-3@group-523986131536-FollowerState: change to CANDIDATE, lastRpcElapsedTime:1165380716ns, electionTimeout:1165ms
2025-04-23 15:46:20,185 [omNode-3@group-523986131536-FollowerState] INFO  impl.RoleInfo (RoleInfo.java:shutdownFollowerState(121)) - omNode-3: shutdown omNode-3@group-523986131536-FollowerState
2025-04-23 15:46:20,185 [omNode-3@group-523986131536-FollowerState] INFO  server.RaftServer$Division (RaftServerImpl.java:setRole(378)) - omNode-3@group-523986131536: changes role from  FOLLOWER to CANDIDATE at term 10 for changeToCandidate
2025-04-23 15:46:20,185 [omNode-3@group-523986131536-FollowerState] INFO  server.RaftServerConfigKeys (ConfUtils.java:logGet(46)) - raft.server.leaderelection.pre-vote = true (default)
2025-04-23 15:46:20,185 [omNode-3@group-523986131536-FollowerState] INFO  impl.RoleInfo (RoleInfo.java:updateAndGet(148)) - omNode-3: start omNode-3@group-523986131536-LeaderElection22
2025-04-23 15:46:20,186 [omNode-3@group-523986131536-LeaderElection22] INFO  impl.LeaderElection (LeaderElection.java:askForVotes(332)) - omNode-3@group-523986131536-LeaderElection22 PRE_VOTE round 0: submit vote requests at term 10 for conf: {index: 105, cur=peers:[omNode-3|localhost:15017, omNode-1|localhost:15009, omNode-2|localhost:15013]|listeners:[], old=null}
2025-04-23 15:46:20,187 [omNode-3@group-523986131536-LeaderElection22] INFO  impl.LeaderElection (LogUtils.java:infoOrTrace(136)) - omNode-3@group-523986131536-LeaderElection22 got exception when requesting votes: java.util.concurrent.ExecutionException: org.apache.ratis.thirdparty.io.grpc.StatusRuntimeException: UNAVAILABLE: io exception
2025-04-23 15:46:20,187 [omNode-3@group-523986131536-LeaderElection22] INFO  impl.LeaderElection (LogUtils.java:infoOrTrace(136)) - omNode-3@group-523986131536-LeaderElection22 got exception when requesting votes: java.util.concurrent.ExecutionException: org.apache.ratis.thirdparty.io.grpc.StatusRuntimeException: UNAVAILABLE: io exception
2025-04-23 15:46:20,187 [omNode-3@group-523986131536-LeaderElection22] INFO  impl.LeaderElection (LeaderElection.java:logAndReturn(90)) - omNode-3@group-523986131536-LeaderElection22: PRE_VOTE REJECTED received 0 response(s) and 2 exception(s):
2025-04-23 15:46:20,187 [omNode-3@group-523986131536-LeaderElection22] INFO  impl.LeaderElection (LogUtils.java:infoOrTrace(136)) -   Exception 0: java.util.concurrent.ExecutionException: org.apache.ratis.thirdparty.io.grpc.StatusRuntimeException: UNAVAILABLE: io exception
2025-04-23 15:46:20,187 [omNode-3@group-523986131536-LeaderElection22] INFO  impl.LeaderElection (LogUtils.java:infoOrTrace(136)) -   Exception 1: java.util.concurrent.ExecutionException: org.apache.ratis.thirdparty.io.grpc.StatusRuntimeException: UNAVAILABLE: io exception
2025-04-23 15:46:20,187 [omNode-3@group-523986131536-LeaderElection22] INFO  impl.LeaderElection (LeaderElection.java:askForVotes(334)) - omNode-3@group-523986131536-LeaderElection22 PRE_VOTE round 0: result REJECTED
2025-04-23 15:46:20,187 [omNode-3@group-523986131536-LeaderElection22] INFO  server.RaftServer$Division (RaftServerImpl.java:setRole(378)) - omNode-3@group-523986131536: changes role from CANDIDATE to FOLLOWER at term 10 for REJECTED
2025-04-23 15:46:20,187 [omNode-3@group-523986131536-LeaderElection22] INFO  impl.RoleInfo (RoleInfo.java:shutdownLeaderElection(141)) - omNode-3: shutdown omNode-3@group-523986131536-LeaderElection22
2025-04-23 15:46:20,187 [omNode-3@group-523986131536-LeaderElection22] INFO  impl.RoleInfo (RoleInfo.java:updateAndGet(148)) - omNode-3: start omNode-3@group-523986131536-FollowerState
2025-04-23 15:46:21,201 [omNode-3@group-523986131536-FollowerState] INFO  impl.FollowerState (FollowerState.java:runImpl(161)) - omNode-3@group-523986131536-FollowerState: change to CANDIDATE, lastRpcElapsedTime:1014410619ns, electionTimeout:1014ms
2025-04-23 15:46:21,201 [omNode-3@group-523986131536-FollowerState] INFO  impl.RoleInfo (RoleInfo.java:shutdownFollowerState(121)) - omNode-3: shutdown omNode-3@group-523986131536-FollowerState
2025-04-23 15:46:21,202 [omNode-3@group-523986131536-FollowerState] INFO  server.RaftServer$Division (RaftServerImpl.java:setRole(378)) - omNode-3@group-523986131536: changes role from  FOLLOWER to CANDIDATE at term 10 for changeToCandidate
2025-04-23 15:46:21,202 [omNode-3@group-523986131536-FollowerState] INFO  server.RaftServerConfigKeys (ConfUtils.java:logGet(46)) - raft.server.leaderelection.pre-vote = true (default)
2025-04-23 15:46:21,202 [omNode-3@group-523986131536-FollowerState] INFO  impl.RoleInfo (RoleInfo.java:updateAndGet(148)) - omNode-3: start omNode-3@group-523986131536-LeaderElection23
2025-04-23 15:46:21,202 [omNode-3@group-523986131536-LeaderElection23] INFO  impl.LeaderElection (LeaderElection.java:askForVotes(332)) - omNode-3@group-523986131536-LeaderElection23 PRE_VOTE round 0: submit vote requests at term 10 for conf: {index: 105, cur=peers:[omNode-3|localhost:15017, omNode-1|localhost:15009, omNode-2|localhost:15013]|listeners:[], old=null}
2025-04-23 15:46:21,203 [omNode-3@group-523986131536-LeaderElection23] INFO  impl.LeaderElection (LogUtils.java:infoOrTrace(136)) - omNode-3@group-523986131536-LeaderElection23 got exception when requesting votes: java.util.concurrent.ExecutionException: org.apache.ratis.thirdparty.io.grpc.StatusRuntimeException: UNAVAILABLE: io exception
2025-04-23 15:46:21,203 [omNode-3@group-523986131536-LeaderElection23] INFO  impl.LeaderElection (LogUtils.java:infoOrTrace(136)) - omNode-3@group-523986131536-LeaderElection23 got exception when requesting votes: java.util.concurrent.ExecutionException: org.apache.ratis.thirdparty.io.grpc.StatusRuntimeException: UNAVAILABLE: io exception
2025-04-23 15:46:21,203 [omNode-3@group-523986131536-LeaderElection23] INFO  impl.LeaderElection (LeaderElection.java:logAndReturn(90)) - omNode-3@group-523986131536-LeaderElection23: PRE_VOTE REJECTED received 0 response(s) and 2 exception(s):
2025-04-23 15:46:21,203 [omNode-3@group-523986131536-LeaderElection23] INFO  impl.LeaderElection (LogUtils.java:infoOrTrace(136)) -   Exception 0: java.util.concurrent.ExecutionException: org.apache.ratis.thirdparty.io.grpc.StatusRuntimeException: UNAVAILABLE: io exception
2025-04-23 15:46:21,203 [omNode-3@group-523986131536-LeaderElection23] INFO  impl.LeaderElection (LogUtils.java:infoOrTrace(136)) -   Exception 1: java.util.concurrent.ExecutionException: org.apache.ratis.thirdparty.io.grpc.StatusRuntimeException: UNAVAILABLE: io exception
2025-04-23 15:46:21,203 [omNode-3@group-523986131536-LeaderElection23] INFO  impl.LeaderElection (LeaderElection.java:askForVotes(334)) - omNode-3@group-523986131536-LeaderElection23 PRE_VOTE round 0: result REJECTED
2025-04-23 15:46:21,203 [omNode-3@group-523986131536-LeaderElection23] INFO  server.RaftServer$Division (RaftServerImpl.java:setRole(378)) - omNode-3@group-523986131536: changes role from CANDIDATE to FOLLOWER at term 10 for REJECTED
2025-04-23 15:46:21,203 [omNode-3@group-523986131536-LeaderElection23] INFO  impl.RoleInfo (RoleInfo.java:shutdownLeaderElection(141)) - omNode-3: shutdown omNode-3@group-523986131536-LeaderElection23
2025-04-23 15:46:21,203 [omNode-3@group-523986131536-LeaderElection23] INFO  impl.RoleInfo (RoleInfo.java:updateAndGet(148)) - omNode-3: start omNode-3@group-523986131536-FollowerState
2025-04-23 15:46:21,755 [main] INFO  retry.RetryInvocationHandler (RetryInvocationHandler.java:log(426)) - com.google.protobuf.ServiceException: java.net.ConnectException: Call From fv-az1337-835/10.1.0.188 to localhost:15006 failed on connection exception: java.net.ConnectException: Connection refused; For more details see:  http://wiki.apache.org/hadoop/ConnectionRefused, while invoking $Proxy68.submitRequest over nodeId=omNode-1,nodeAddress=127.0.0.1:15006 after 2 failover attempts. Trying to failover immediately. Current retry count: 2.
2025-04-23 15:46:21,756 [main] INFO  retry.RetryInvocationHandler (RetryInvocationHandler.java:log(426)) - com.google.protobuf.ServiceException: java.net.ConnectException: Call From fv-az1337-835/10.1.0.188 to localhost:15010 failed on connection exception: java.net.ConnectException: Connection refused; For more details see:  http://wiki.apache.org/hadoop/ConnectionRefused, while invoking $Proxy68.submitRequest over nodeId=omNode-2,nodeAddress=127.0.0.1:15010 after 3 failover attempts. Trying to failover immediately. Current retry count: 3.
2025-04-23 15:46:21,757 [main] INFO  retry.RetryInvocationHandler (RetryInvocationHandler.java:log(426)) - com.google.protobuf.ServiceException: org.apache.hadoop.ipc.RemoteException(org.apache.hadoop.ozone.om.exceptions.OMNotLeaderException): OM:omNode-3 is not the leader. Could not determine the leader node.
	at org.apache.hadoop.ozone.om.ratis.OzoneManagerRatisServer.newOMNotLeaderException(OzoneManagerRatisServer.java:810)
	at org.apache.hadoop.ozone.om.OzoneManager.checkLeaderStatus(OzoneManager.java:4355)
	at org.apache.hadoop.ozone.om.ratis.utils.OzoneManagerRatisUtils.checkLeaderStatus(OzoneManagerRatisUtils.java:500)
	at org.apache.hadoop.ozone.protocolPB.OzoneManagerProtocolServerSideTranslatorPB.internalProcessRequest(OzoneManagerProtocolServerSideTranslatorPB.java:165)
	at org.apache.hadoop.ozone.protocolPB.OzoneManagerProtocolServerSideTranslatorPB.processRequest(OzoneManagerProtocolServerSideTranslatorPB.java:125)
	at org.apache.hadoop.hdds.server.OzoneProtocolMessageDispatcher.processRequest(OzoneProtocolMessageDispatcher.java:87)
	at org.apache.hadoop.ozone.protocolPB.OzoneManagerProtocolServerSideTranslatorPB.submitRequest(OzoneManagerProtocolServerSideTranslatorPB.java:116)
	at org.apache.hadoop.ozone.protocol.proto.OzoneManagerProtocolProtos$OzoneManagerService$2.callBlockingMethod(OzoneManagerProtocolProtos.java)
	at org.apache.hadoop.ipc.ProtobufRpcEngine$Server.processCall(ProtobufRpcEngine.java:484)
	at org.apache.hadoop.ipc.ProtobufRpcEngine2$Server$ProtoBufRpcInvoker.call(ProtobufRpcEngine2.java:595)
	at org.apache.hadoop.ipc.ProtobufRpcEngine2$Server$ProtoBufRpcInvoker.call(ProtobufRpcEngine2.java:573)
	at org.apache.hadoop.ipc.RPC$Server.call(RPC.java:1227)
	at org.apache.hadoop.ipc.Server$RpcCall.run(Server.java:1246)
	at org.apache.hadoop.ipc.Server$RpcCall.run(Server.java:1169)
	at java.base/java.security.AccessController.doPrivileged(AccessController.java:714)
	at java.base/javax.security.auth.Subject.doAs(Subject.java:525)
	at org.apache.hadoop.security.UserGroupInformation.doAs(UserGroupInformation.java:1953)
	at org.apache.hadoop.ipc.Server$Handler.run(Server.java:3198)
, while invoking $Proxy68.submitRequest over nodeId=omNode-3,nodeAddress=127.0.0.1:15014 after 4 failover attempts. Trying to failover after sleeping for 2000ms. Current retry count: 4.
2025-04-23 15:46:22,321 [omNode-3@group-523986131536-FollowerState] INFO  impl.FollowerState (FollowerState.java:runImpl(161)) - omNode-3@group-523986131536-FollowerState: change to CANDIDATE, lastRpcElapsedTime:1118350286ns, electionTimeout:1118ms
2025-04-23 15:46:22,321 [omNode-3@group-523986131536-FollowerState] INFO  impl.RoleInfo (RoleInfo.java:shutdownFollowerState(121)) - omNode-3: shutdown omNode-3@group-523986131536-FollowerState
2025-04-23 15:46:22,321 [omNode-3@group-523986131536-FollowerState] INFO  server.RaftServer$Division (RaftServerImpl.java:setRole(378)) - omNode-3@group-523986131536: changes role from  FOLLOWER to CANDIDATE at term 10 for changeToCandidate
2025-04-23 15:46:22,322 [omNode-3@group-523986131536-FollowerState] INFO  server.RaftServerConfigKeys (ConfUtils.java:logGet(46)) - raft.server.leaderelection.pre-vote = true (default)
2025-04-23 15:46:22,322 [omNode-3@group-523986131536-FollowerState] INFO  impl.RoleInfo (RoleInfo.java:updateAndGet(148)) - omNode-3: start omNode-3@group-523986131536-LeaderElection24
2025-04-23 15:46:22,322 [omNode-3@group-523986131536-LeaderElection24] INFO  impl.LeaderElection (LeaderElection.java:askForVotes(332)) - omNode-3@group-523986131536-LeaderElection24 PRE_VOTE round 0: submit vote requests at term 10 for conf: {index: 105, cur=peers:[omNode-3|localhost:15017, omNode-1|localhost:15009, omNode-2|localhost:15013]|listeners:[], old=null}
2025-04-23 15:46:22,322 [omNode-3@group-523986131536-LeaderElection24] INFO  impl.LeaderElection (LogUtils.java:infoOrTrace(136)) - omNode-3@group-523986131536-LeaderElection24 got exception when requesting votes: java.util.concurrent.ExecutionException: org.apache.ratis.thirdparty.io.grpc.StatusRuntimeException: UNAVAILABLE: io exception
2025-04-23 15:46:22,323 [omNode-3@group-523986131536-LeaderElection24] INFO  impl.LeaderElection (LogUtils.java:infoOrTrace(136)) - omNode-3@group-523986131536-LeaderElection24 got exception when requesting votes: java.util.concurrent.ExecutionException: org.apache.ratis.thirdparty.io.grpc.StatusRuntimeException: UNAVAILABLE: io exception
2025-04-23 15:46:22,323 [omNode-3@group-523986131536-LeaderElection24] INFO  impl.LeaderElection (LeaderElection.java:logAndReturn(90)) - omNode-3@group-523986131536-LeaderElection24: PRE_VOTE REJECTED received 0 response(s) and 2 exception(s):
2025-04-23 15:46:22,323 [omNode-3@group-523986131536-LeaderElection24] INFO  impl.LeaderElection (LogUtils.java:infoOrTrace(136)) -   Exception 0: java.util.concurrent.ExecutionException: org.apache.ratis.thirdparty.io.grpc.StatusRuntimeException: UNAVAILABLE: io exception
2025-04-23 15:46:22,323 [omNode-3@group-523986131536-LeaderElection24] INFO  impl.LeaderElection (LogUtils.java:infoOrTrace(136)) -   Exception 1: java.util.concurrent.ExecutionException: org.apache.ratis.thirdparty.io.grpc.StatusRuntimeException: UNAVAILABLE: io exception
2025-04-23 15:46:22,323 [omNode-3@group-523986131536-LeaderElection24] INFO  impl.LeaderElection (LeaderElection.java:askForVotes(334)) - omNode-3@group-523986131536-LeaderElection24 PRE_VOTE round 0: result REJECTED
2025-04-23 15:46:22,323 [omNode-3@group-523986131536-LeaderElection24] INFO  server.RaftServer$Division (RaftServerImpl.java:setRole(378)) - omNode-3@group-523986131536: changes role from CANDIDATE to FOLLOWER at term 10 for REJECTED
2025-04-23 15:46:22,323 [omNode-3@group-523986131536-LeaderElection24] INFO  impl.RoleInfo (RoleInfo.java:shutdownLeaderElection(141)) - omNode-3: shutdown omNode-3@group-523986131536-LeaderElection24
2025-04-23 15:46:22,323 [omNode-3@group-523986131536-LeaderElection24] INFO  impl.RoleInfo (RoleInfo.java:updateAndGet(148)) - omNode-3: start omNode-3@group-523986131536-FollowerState
2025-04-23 15:46:23,447 [omNode-3@group-523986131536-FollowerState] INFO  impl.FollowerState (FollowerState.java:runImpl(161)) - omNode-3@group-523986131536-FollowerState: change to CANDIDATE, lastRpcElapsedTime:1124462255ns, electionTimeout:1124ms
2025-04-23 15:46:23,447 [omNode-3@group-523986131536-FollowerState] INFO  impl.RoleInfo (RoleInfo.java:shutdownFollowerState(121)) - omNode-3: shutdown omNode-3@group-523986131536-FollowerState
2025-04-23 15:46:23,448 [omNode-3@group-523986131536-FollowerState] INFO  server.RaftServer$Division (RaftServerImpl.java:setRole(378)) - omNode-3@group-523986131536: changes role from  FOLLOWER to CANDIDATE at term 10 for changeToCandidate
2025-04-23 15:46:23,448 [omNode-3@group-523986131536-FollowerState] INFO  server.RaftServerConfigKeys (ConfUtils.java:logGet(46)) - raft.server.leaderelection.pre-vote = true (default)
2025-04-23 15:46:23,448 [omNode-3@group-523986131536-FollowerState] INFO  impl.RoleInfo (RoleInfo.java:updateAndGet(148)) - omNode-3: start omNode-3@group-523986131536-LeaderElection25
2025-04-23 15:46:23,448 [omNode-3@group-523986131536-LeaderElection25] INFO  impl.LeaderElection (LeaderElection.java:askForVotes(332)) - omNode-3@group-523986131536-LeaderElection25 PRE_VOTE round 0: submit vote requests at term 10 for conf: {index: 105, cur=peers:[omNode-3|localhost:15017, omNode-1|localhost:15009, omNode-2|localhost:15013]|listeners:[], old=null}
2025-04-23 15:46:23,449 [omNode-3@group-523986131536-LeaderElection25] INFO  impl.LeaderElection (LogUtils.java:infoOrTrace(136)) - omNode-3@group-523986131536-LeaderElection25 got exception when requesting votes: java.util.concurrent.ExecutionException: org.apache.ratis.thirdparty.io.grpc.StatusRuntimeException: UNAVAILABLE: io exception
2025-04-23 15:46:23,449 [omNode-3@group-523986131536-LeaderElection25] INFO  impl.LeaderElection (LogUtils.java:infoOrTrace(136)) - omNode-3@group-523986131536-LeaderElection25 got exception when requesting votes: java.util.concurrent.ExecutionException: org.apache.ratis.thirdparty.io.grpc.StatusRuntimeException: UNAVAILABLE: io exception
2025-04-23 15:46:23,449 [omNode-3@group-523986131536-LeaderElection25] INFO  impl.LeaderElection (LeaderElection.java:logAndReturn(90)) - omNode-3@group-523986131536-LeaderElection25: PRE_VOTE REJECTED received 0 response(s) and 2 exception(s):
2025-04-23 15:46:23,449 [omNode-3@group-523986131536-LeaderElection25] INFO  impl.LeaderElection (LogUtils.java:infoOrTrace(136)) -   Exception 0: java.util.concurrent.ExecutionException: org.apache.ratis.thirdparty.io.grpc.StatusRuntimeException: UNAVAILABLE: io exception
2025-04-23 15:46:23,449 [omNode-3@group-523986131536-LeaderElection25] INFO  impl.LeaderElection (LogUtils.java:infoOrTrace(136)) -   Exception 1: java.util.concurrent.ExecutionException: org.apache.ratis.thirdparty.io.grpc.StatusRuntimeException: UNAVAILABLE: io exception
2025-04-23 15:46:23,449 [omNode-3@group-523986131536-LeaderElection25] INFO  impl.LeaderElection (LeaderElection.java:askForVotes(334)) - omNode-3@group-523986131536-LeaderElection25 PRE_VOTE round 0: result REJECTED
2025-04-23 15:46:23,449 [omNode-3@group-523986131536-LeaderElection25] INFO  server.RaftServer$Division (RaftServerImpl.java:setRole(378)) - omNode-3@group-523986131536: changes role from CANDIDATE to FOLLOWER at term 10 for REJECTED
2025-04-23 15:46:23,449 [omNode-3@group-523986131536-LeaderElection25] INFO  impl.RoleInfo (RoleInfo.java:shutdownLeaderElection(141)) - omNode-3: shutdown omNode-3@group-523986131536-LeaderElection25
2025-04-23 15:46:23,449 [omNode-3@group-523986131536-LeaderElection25] INFO  impl.RoleInfo (RoleInfo.java:updateAndGet(148)) - omNode-3: start omNode-3@group-523986131536-FollowerState
2025-04-23 15:46:23,758 [main] ERROR ha.OMFailoverProxyProviderBase (OMFailoverProxyProviderBase.java:getRetryAction(261)) - Failed to connect to OMs: [omNode-1, omNode-2, omNode-3]. Attempted 5 failovers.
2025-04-23 15:46:23,758 [main] INFO  om.OzoneManager (OzoneManager.java:stop(2347)) - omNode-3[localhost:15014]: Stopping Ozone Manager
2025-04-23 15:46:23,758 [main] INFO  ipc.Server (Server.java:stop(3697)) - Stopping server on 15014
2025-04-23 15:46:23,760 [IPC Server listener on 15014] INFO  ipc.Server (Server.java:run(1585)) - Stopping IPC Server listener on 15014
2025-04-23 15:46:23,760 [IPC Server Responder] INFO  ipc.Server (Server.java:run(1718)) - Stopping IPC Server Responder
2025-04-23 15:46:23,760 [main] INFO  ratis.OzoneManagerRatisServer (OzoneManagerRatisServer.java:stop(634)) - Stopping org.apache.hadoop.ozone.om.ratis.OzoneManagerRatisServer@490422ed at port 15017
2025-04-23 15:46:23,760 [main] INFO  server.RaftServer (RaftServerProxy.java:lambda$close$9(417)) - omNode-3: close
2025-04-23 15:46:23,761 [main] INFO  server.GrpcService (GrpcService.java:closeImpl(343)) - omNode-3: shutdown server GrpcServerProtocolService now
2025-04-23 15:46:23,761 [omNode-3-impl-thread1] INFO  server.RaftServer$Division (RaftServerImpl.java:lambda$close$1(513)) - omNode-3@group-523986131536: shutdown
2025-04-23 15:46:23,761 [omNode-3-impl-thread1] INFO  util.JmxRegister (JmxRegister.java:unregister(74)) - Successfully un-registered JMX Bean with object name Ratis:service=RaftServer,group=group-523986131536,id=omNode-3
2025-04-23 15:46:23,761 [omNode-3-impl-thread1] INFO  impl.RoleInfo (RoleInfo.java:shutdownFollowerState(121)) - omNode-3: shutdown omNode-3@group-523986131536-FollowerState
2025-04-23 15:46:23,761 [omNode-3-impl-thread1] INFO  impl.StateMachineUpdater (StateMachineUpdater.java:stopAndJoin(164)) - omNode-3@group-523986131536-StateMachineUpdater: set stopIndex = 106
2025-04-23 15:46:23,761 [omNode-3@group-523986131536-FollowerState] INFO  impl.FollowerState (FollowerState.java:runImpl(170)) - omNode-3@group-523986131536-FollowerState was interrupted
2025-04-23 15:46:23,762 [Thread-3695] INFO  server.GrpcServerProtocolClient (GrpcServerProtocolClient.java:close(105)) - omNode-1 Close channels
2025-04-23 15:46:23,762 [Thread-3696] INFO  server.GrpcServerProtocolClient (GrpcServerProtocolClient.java:close(105)) - omNode-2 Close channels
2025-04-23 15:46:23,763 [main] INFO  server.GrpcService (GrpcService.java:closeImpl(352)) - omNode-3: shutdown server GrpcServerProtocolService successfully
2025-04-23 15:46:23,767 [omNode-3@group-523986131536-StateMachineUpdater] INFO  ratis.OzoneManagerStateMachine (OzoneManagerStateMachine.java:takeSnapshotImpl(510)) - omNode-3: taking snapshot. applied = (t:10, i:106), skipped = 104, notified = (t:10, i:106), current snapshot index = (t:10, i:106), took 6 ms
2025-04-23 15:46:23,767 [omNode-3@group-523986131536-StateMachineUpdater] INFO  impl.StateMachineUpdater (StateMachineUpdater.java:takeSnapshot(303)) - omNode-3@group-523986131536-StateMachineUpdater: Took a snapshot at index 106
2025-04-23 15:46:23,767 [omNode-3@group-523986131536-StateMachineUpdater] INFO  impl.StateMachineUpdater (StateMachineUpdater.java:lambda$new$0(102)) - omNode-3@group-523986131536-StateMachineUpdater: snapshotIndex: updateIncreasingly 104 -> 106
2025-04-23 15:46:23,767 [omNode-3@group-523986131536-StateMachineUpdater] INFO  impl.StateMachineUpdater (StateMachineUpdater.java:stop(141)) - omNode-3@group-523986131536-StateMachineUpdater: closing OzoneManagerStateMachine, lastApplied=(t:10, i:106)
2025-04-23 15:46:23,767 [omNode-3@group-523986131536-StateMachineUpdater] INFO  ratis.OzoneManagerStateMachine (OzoneManagerStateMachine.java:close(550)) - Stopping OzoneManagerStateMachine:omNode-3:group-523986131536.
2025-04-23 15:46:23,767 [omNode-3@group-523986131536-StateMachineUpdater] INFO  ratis.OzoneManagerDoubleBuffer (OzoneManagerDoubleBuffer.java:stopDaemon(500)) - Stopping OMDoubleBuffer flush thread
2025-04-23 15:46:23,767 [omNode-3-OMDoubleBufferFlushThread] INFO  ratis.OzoneManagerDoubleBuffer (OzoneManagerDoubleBuffer.java:canFlush(559)) - OMDoubleBuffer flush thread omNode-3-OMDoubleBufferFlushThread is interrupted and will exit.
2025-04-23 15:46:23,768 [omNode-3@group-523986131536-cacheEviction-AwaitToRun] INFO  util.AwaitToRun (AwaitToRun.java:run(49)) - omNode-3@group-523986131536-cacheEviction-AwaitToRun-AwaitForSignal is interrupted
2025-04-23 15:46:24,699 [omNode-3-impl-thread1] INFO  segmented.SegmentedRaftLogWorker (SegmentedRaftLogWorker.java:close(252)) - omNode-3@group-523986131536-SegmentedRaftLogWorker close()
2025-04-23 15:46:24,699 [JvmPauseMonitor23] INFO  util.JvmPauseMonitor (JvmPauseMonitor.java:run(152)) - JvmPauseMonitor-omNode-3: Stopped
2025-04-23 15:46:24,699 [main] INFO  utils.BackgroundService (BackgroundService.java:shutdown(161)) - Shutting down service KeyDeletingService
2025-04-23 15:46:24,700 [main] INFO  utils.BackgroundService (BackgroundService.java:shutdown(161)) - Shutting down service DirectoryDeletingService
2025-04-23 15:46:24,701 [main] INFO  utils.BackgroundService (BackgroundService.java:shutdown(161)) - Shutting down service OpenKeyCleanupService
2025-04-23 15:46:24,701 [main] INFO  utils.BackgroundService (BackgroundService.java:shutdown(161)) - Shutting down service SstFilteringService
2025-04-23 15:46:24,701 [main] INFO  utils.BackgroundService (BackgroundService.java:shutdown(161)) - Shutting down service SnapshotDeletingService
2025-04-23 15:46:24,701 [main] INFO  utils.BackgroundService (BackgroundService.java:shutdown(161)) - Shutting down service MultipartUploadCleanupService
2025-04-23 15:46:24,702 [main] INFO  handler.ContextHandler (ContextHandler.java:doStop(1159)) - Stopped o.e.j.w.WebAppContext@3db1aaf2{ozoneManager,/,null,STOPPED}{file:/home/runner/work/ozone/ozone/hadoop-ozone/integration-test/target/test-classes/webapps/ozoneManager}
2025-04-23 15:46:24,703 [main] INFO  server.AbstractConnector (AbstractConnector.java:doStop(383)) - Stopped ServerConnector@48e4cb89{HTTP/1.1, (http/1.1)}{0.0.0.0:15015}
2025-04-23 15:46:24,703 [main] INFO  server.session (HouseKeeper.java:stopScavenging(149)) - node0 Stopped scavenging
2025-04-23 15:46:24,703 [main] INFO  handler.ContextHandler (ContextHandler.java:doStop(1159)) - Stopped o.e.j.s.ServletContextHandler@1a1607a9{static,/static,file:///home/runner/work/ozone/ozone/hadoop-ozone/integration-test/target/test-classes/webapps/static,STOPPED}
2025-04-23 15:46:24,703 [main] INFO  handler.ContextHandler (ContextHandler.java:doStop(1159)) - Stopped o.e.j.s.ServletContextHandler@33a4c55d{logs,/logs,file:///home/runner/work/ozone/ozone/hadoop-ozone/integration-test/target/log,STOPPED}
2025-04-23 15:46:24,703 [main] INFO  rocksdiff.RocksDBCheckpointDiffer (RocksDBCheckpointDiffer.java:close(304)) - Shutting down CompactionDagPruningService.
2025-04-23 15:46:24,705 [main] INFO  snapshot.SnapshotDiffManager (SnapshotDiffManager.java:closeExecutorService(1698)) - Shutting down executorService: 'SnapDiffExecutor'
2025-04-23 15:46:24,705 [main] INFO  utils.BackgroundService (BackgroundService.java:shutdown(161)) - Shutting down service SnapshotDiffCleanupService
2025-04-23 15:46:24,706 [main] INFO  om.OzoneManager (OzoneManager.java:stop(2347)) - omNode-1[localhost:15006]: Stopping Ozone Manager
2025-04-23 15:46:24,706 [main] INFO  om.OzoneManager (OzoneManager.java:stop(2347)) - omNode-2[localhost:15010]: Stopping Ozone Manager
2025-04-23 15:46:24,706 [main] INFO  om.OzoneManager (OzoneManager.java:restart(1878)) - OzoneManager RPC server is listening at localhost/127.0.0.1:15014
2025-04-23 15:46:24,706 [main] INFO  impl.MetricsSystemImpl (MetricsSystemImpl.java:init(158)) - OzoneManager metrics system started (again)
2025-04-23 15:46:24,717 [main] WARN  server.ServerUtils (ServerUtils.java:getDBPath(297)) - ozone.om.db.dirs is not configured. We recommend adding this setting. Falling back to ozone.metadata.dirs instead.
2025-04-23 15:46:24,767 [main] INFO  om.OzoneManager (OzoneManager.java:instantiateServices(933)) - S3 Multi-Tenancy is disabled
2025-04-23 15:46:24,767 [main] INFO  om.OmSnapshotManager (OmSnapshotManager.java:<init>(180)) - Ozone filesystem snapshot feature is enabled.
2025-04-23 15:46:24,767 [main] WARN  server.ServerUtils (ServerUtils.java:getDBPath(297)) - ozone.om.snapshot.diff.db.dir is not configured. We recommend adding this setting. Falling back to ozone.metadata.dirs instead.
2025-04-23 15:46:24,782 [main] WARN  server.ServerUtils (ServerUtils.java:getDefaultRatisDirectory(309)) - Storage directory for Ratis is not configured. It is a good idea to map this to an SSD disk. Falling back to ozone.metadata.dirs
2025-04-23 15:46:24,783 [main] INFO  server.RaftServerConfigKeys (ConfUtils.java:logGet(46)) - raft.server.log.appender.buffer.byte-limit = 4194304 (custom)
2025-04-23 15:46:24,783 [main] INFO  ratis.OzoneManagerRatisServer (OzoneManagerRatisServer.java:<init>(167)) - Instantiating OM Ratis server with groupID: om-service-test1 and peers: localhost:15017, localhost:15009, localhost:15013
2025-04-23 15:46:24,784 [main] INFO  ratis.OzoneManagerStateMachine (OzoneManagerStateMachine.java:loadSnapshotInfoFromDB(611)) - LastAppliedIndex is set from TransactionInfo from OM DB as (t:10, i:106)
2025-04-23 15:46:24,784 [main] INFO  server.RaftServer (ConfUtils.java:logGet(46)) - raft.rpc.type = GRPC (default)
2025-04-23 15:46:24,784 [main] INFO  grpc.GrpcConfigKeys (ConfUtils.java:logFallback(53)) - raft.grpc.admin.host = null (fallback to raft.grpc.server.host)
2025-04-23 15:46:24,784 [main] INFO  grpc.GrpcConfigKeys (ConfUtils.java:logFallback(53)) - raft.grpc.admin.port = 15017 (fallback to raft.grpc.server.port)
2025-04-23 15:46:24,784 [main] INFO  grpc.GrpcConfigKeys (ConfUtils.java:logFallback(53)) - raft.grpc.client.host = null (fallback to raft.grpc.server.host)
2025-04-23 15:46:24,784 [main] INFO  grpc.GrpcConfigKeys (ConfUtils.java:logFallback(53)) - raft.grpc.client.port = 15017 (fallback to raft.grpc.server.port)
2025-04-23 15:46:24,784 [main] INFO  grpc.GrpcConfigKeys (ConfUtils.java:logGet(46)) - raft.grpc.server.host = null (default)
2025-04-23 15:46:24,785 [main] INFO  grpc.GrpcConfigKeys (ConfUtils.java:logGet(46)) - raft.grpc.server.port = 15017 (custom)
2025-04-23 15:46:24,785 [main] INFO  server.GrpcService (ConfUtils.java:logGet(46)) - raft.grpc.message.size.max = 5242880 (custom)
2025-04-23 15:46:24,785 [main] INFO  server.GrpcService (ConfUtils.java:logGet(46)) - raft.grpc.flow.control.window = 1MB (=1048576) (default)
2025-04-23 15:46:24,785 [main] INFO  server.RaftServerConfigKeys (ConfUtils.java:logGet(46)) - raft.server.rpc.request.timeout = 3000ms (default)
2025-04-23 15:46:24,785 [main] INFO  grpc.GrpcConfigKeys (ConfUtils.java:logGet(46)) - raft.grpc.server.heartbeat.channel = true (default)
2025-04-23 15:46:24,785 [main] INFO  server.RaftServerConfigKeys (ConfUtils.java:logGet(46)) - raft.server.log.appender.buffer.byte-limit = 4194304 (custom)
2025-04-23 15:46:24,785 [main] INFO  grpc.GrpcConfigKeys (ConfUtils.java:logGet(46)) - raft.grpc.server.async.request.thread.pool.cached = true (default)
2025-04-23 15:46:24,785 [main] INFO  grpc.GrpcConfigKeys (ConfUtils.java:logGet(46)) - raft.grpc.server.async.request.thread.pool.size = 32 (default)
2025-04-23 15:46:24,786 [main] INFO  impl.DataStreamServerImpl (ConfUtils.java:logGet(46)) - raft.datastream.type = DISABLED (default)
2025-04-23 15:46:24,786 [main] INFO  server.RaftServerConfigKeys (ConfUtils.java:logGet(46)) - raft.server.sleep.deviation.threshold = 300ms (default)
2025-04-23 15:46:24,786 [main] INFO  server.RaftServerConfigKeys (ConfUtils.java:logGet(46)) - raft.server.close.threshold = 60s (default)
2025-04-23 15:46:24,786 [main] INFO  server.RaftServerConfigKeys (ConfUtils.java:logGet(46)) - raft.server.leaderelection.leader.step-down.wait-time = 10s (default)
2025-04-23 15:46:24,786 [main] INFO  server.RaftServerConfigKeys (ConfUtils.java:logGet(46)) - raft.server.storage.dir = [/home/runner/work/ozone/ozone/hadoop-ozone/integration-test/target/test-dir/MiniOzoneClusterImpl-5cf50c17-c591-473f-a8c4-88d8665d28d7/omNode-3/ratis] (custom)
2025-04-23 15:46:24,786 [main] INFO  server.RaftServerConfigKeys (ConfUtils.java:logGet(46)) - raft.server.threadpool.proxy.cached = true (default)
2025-04-23 15:46:24,786 [main] INFO  server.RaftServerConfigKeys (ConfUtils.java:logGet(46)) - raft.server.threadpool.proxy.size = 0 (default)
2025-04-23 15:46:24,787 [omNode-3-impl-thread1] INFO  server.RaftServer (RaftServerProxy.java:initGroupDir(265)) - omNode-3: found a subdirectory /home/runner/work/ozone/ozone/hadoop-ozone/integration-test/target/test-dir/MiniOzoneClusterImpl-5cf50c17-c591-473f-a8c4-88d8665d28d7/omNode-3/ratis/c9bc4cf4-3bc3-3c60-a66b-523986131536
2025-04-23 15:46:24,787 [main] INFO  server.RaftServer (RaftServerProxy.java:addNew(100)) - omNode-3: addNew group-523986131536:[omNode-3|localhost:15017, omNode-1|localhost:15009, omNode-2|localhost:15013] returns group-523986131536:java.util.concurrent.CompletableFuture@644a5479[Not completed]
2025-04-23 15:46:24,787 [main] INFO  om.OzoneManager (OzoneManager.java:initializeRatisServer(2303)) - OzoneManager Ratis server initialized at port 15017
2025-04-23 15:46:24,787 [main] INFO  ratis.OzoneManagerRatisServer (OzoneManagerRatisServer.java:start(628)) - Starting OzoneManagerRatisServer omNode-3 at port 15017
2025-04-23 15:46:24,787 [omNode-3-groupManagement] INFO  server.RaftServer$Division (RaftServerImpl.java:<init>(255)) - omNode-3: new RaftServerImpl for group-523986131536:[omNode-3|localhost:15017, omNode-1|localhost:15009, omNode-2|localhost:15013] with OzoneManagerStateMachine:uninitialized
2025-04-23 15:46:24,787 [omNode-3-groupManagement] INFO  server.RaftServerConfigKeys (ConfUtils.java:logGet(46)) - raft.server.rpc.timeout.min = 1s (custom)
2025-04-23 15:46:24,787 [omNode-3-groupManagement] INFO  server.RaftServerConfigKeys (ConfUtils.java:logGet(46)) - raft.server.rpc.timeout.max = 1200ms (custom)
2025-04-23 15:46:24,787 [omNode-3-groupManagement] INFO  server.RaftServerConfigKeys (ConfUtils.java:logGet(46)) - raft.server.rpc.sleep.time = 25ms (default)
2025-04-23 15:46:24,787 [omNode-3-groupManagement] INFO  server.RaftServerConfigKeys (ConfUtils.java:logGet(46)) - raft.server.rpc.slowness.timeout = 2s (custom)
2025-04-23 15:46:24,787 [omNode-3-groupManagement] INFO  server.RaftServerConfigKeys (ConfUtils.java:logGet(46)) - raft.server.leaderelection.leader.step-down.wait-time = 10s (default)
2025-04-23 15:46:24,787 [omNode-3-groupManagement] INFO  server.RaftServerConfigKeys (ConfUtils.java:logGet(46)) - raft.server.leaderelection.member.majority-add = false (default)
2025-04-23 15:46:24,787 [omNode-3-groupManagement] INFO  server.RaftServerConfigKeys (ConfUtils.java:logGet(46)) - raft.server.sleep.deviation.threshold = 300ms (default)
2025-04-23 15:46:24,787 [omNode-3-groupManagement] INFO  server.RaftServer$Division (ServerState.java:<init>(114)) - omNode-3@group-523986131536: ConfigurationManager, init=conf: {index: -1, cur=peers:[omNode-3|localhost:15017, omNode-1|localhost:15009, omNode-2|localhost:15013]|listeners:[], old=null}, confs=<EMPTY_MAP>
2025-04-23 15:46:24,787 [omNode-3-groupManagement] INFO  server.RaftServerConfigKeys (ConfUtils.java:logGet(46)) - raft.server.notification.no-leader.timeout = 2s (custom)
2025-04-23 15:46:24,787 [omNode-3-groupManagement] INFO  server.RaftServerConfigKeys (ConfUtils.java:logGet(46)) - raft.server.read.timeout = 10s (default)
2025-04-23 15:46:24,787 [omNode-3-groupManagement] INFO  server.RaftServerConfigKeys (ConfUtils.java:logGet(46)) - raft.server.retrycache.expirytime = 30000ms (custom)
2025-04-23 15:46:24,787 [omNode-3-groupManagement] INFO  server.RaftServerConfigKeys (ConfUtils.java:logGet(46)) - raft.server.retrycache.statistics.expirytime = 100ms (default)
2025-04-23 15:46:24,788 [omNode-3-groupManagement] INFO  server.RaftServerConfigKeys (ConfUtils.java:logGet(46)) - raft.server.read.option = DEFAULT (default)
2025-04-23 15:46:24,788 [omNode-3-groupManagement] INFO  server.RaftServerConfigKeys (ConfUtils.java:logGet(46)) - raft.server.read.read-after-write-consistent.write-index-cache.expiry-time = 60s (default)
2025-04-23 15:46:24,789 [omNode-3-groupManagement] INFO  server.RaftServerConfigKeys (ConfUtils.java:logGet(46)) - raft.server.rpc.request.timeout = 3000ms (default)
2025-04-23 15:46:24,789 [omNode-3-groupManagement] INFO  server.RaftServerConfigKeys (ConfUtils.java:logGet(46)) - raft.server.log.appender.install.snapshot.enabled = false (custom)
2025-04-23 15:46:24,789 [omNode-3-groupManagement] INFO  server.RaftServerConfigKeys (ConfUtils.java:logGet(46)) - raft.server.threadpool.server.cached = true (default)
2025-04-23 15:46:24,789 [omNode-3-groupManagement] INFO  server.RaftServerConfigKeys (ConfUtils.java:logGet(46)) - raft.server.threadpool.server.size = 0 (default)
2025-04-23 15:46:24,789 [omNode-3-groupManagement] INFO  server.RaftServerConfigKeys (ConfUtils.java:logGet(46)) - raft.server.threadpool.client.cached = true (default)
2025-04-23 15:46:24,789 [omNode-3-groupManagement] INFO  server.RaftServerConfigKeys (ConfUtils.java:logGet(46)) - raft.server.threadpool.client.size = 0 (default)
2025-04-23 15:46:24,789 [omNode-3-impl-thread1] INFO  server.RaftServerConfigKeys (ConfUtils.java:logGet(46)) - raft.server.storage.free-space.min = 0MB (=0) (default)
2025-04-23 15:46:24,789 [omNode-3-impl-thread1] INFO  server.RaftServerConfigKeys (ConfUtils.java:logGet(46)) - raft.server.log.corruption.policy = EXCEPTION (default)
2025-04-23 15:46:24,789 [omNode-3-impl-thread1] INFO  server.RaftServerConfigKeys (ConfUtils.java:logGet(46)) - raft.server.storage.dir = [/home/runner/work/ozone/ozone/hadoop-ozone/integration-test/target/test-dir/MiniOzoneClusterImpl-5cf50c17-c591-473f-a8c4-88d8665d28d7/omNode-3/ratis] (custom)
2025-04-23 15:46:24,790 [omNode-3-impl-thread1] INFO  storage.RaftStorageDirectory (RaftStorageDirectoryImpl.java:tryLock(229)) - Lock on /home/runner/work/ozone/ozone/hadoop-ozone/integration-test/target/test-dir/MiniOzoneClusterImpl-5cf50c17-c591-473f-a8c4-88d8665d28d7/omNode-3/ratis/c9bc4cf4-3bc3-3c60-a66b-523986131536/in_use.lock acquired by nodename 129659@fv-az1337-835
2025-04-23 15:46:24,790 [omNode-3-impl-thread1] INFO  storage.RaftStorage (RaftStorageImpl.java:analyzeAndRecoverStorage(118)) - Read RaftStorageMetadata{term=10, votedFor=omNode-3} from /home/runner/work/ozone/ozone/hadoop-ozone/integration-test/target/test-dir/MiniOzoneClusterImpl-5cf50c17-c591-473f-a8c4-88d8665d28d7/omNode-3/ratis/c9bc4cf4-3bc3-3c60-a66b-523986131536/current/raft-meta
2025-04-23 15:46:24,791 [omNode-3-impl-thread1] INFO  server.RaftServer$Division (ServerState.java:setRaftConf(386)) - omNode-3@group-523986131536: set configuration conf: {index: 105, cur=peers:[omNode-3|localhost:15017, omNode-1|localhost:15009, omNode-2|localhost:15013]|listeners:[], old=null}
2025-04-23 15:46:24,791 [omNode-3-impl-thread1] INFO  ratis.OzoneManagerStateMachine (OzoneManagerStateMachine.java:lambda$0(138)) - omNode-3: initialize group-523986131536 with (t:10, i:106)
2025-04-23 15:46:24,791 [omNode-3-impl-thread1] INFO  server.RaftServerConfigKeys (ConfUtils.java:logGet(46)) - raft.server.log.use.memory = false (default)
2025-04-23 15:46:24,791 [omNode-3-impl-thread1] INFO  server.RaftServerConfigKeys (ConfUtils.java:logGet(46)) - raft.server.log.purge.gap = 50 (custom)
2025-04-23 15:46:24,791 [omNode-3-impl-thread1] INFO  server.RaftServerConfigKeys (ConfUtils.java:logGet(46)) - raft.server.log.appender.buffer.byte-limit = 4194304 (custom)
2025-04-23 15:46:24,791 [omNode-3-impl-thread1] INFO  server.RaftServerConfigKeys (ConfUtils.java:logGet(46)) - raft.server.log.statemachine.data.read.timeout = 1000ms (default)
2025-04-23 15:46:24,791 [omNode-3-impl-thread1] INFO  server.RaftServerConfigKeys (ConfUtils.java:logGet(46)) - raft.server.log.purge.preservation.log.num = 0 (default)
2025-04-23 15:46:24,792 [omNode-3-impl-thread1] INFO  server.RaftServerConfigKeys (ConfUtils.java:logGet(46)) - raft.server.log.segment.size.max = 4194304 (custom)
2025-04-23 15:46:24,792 [omNode-3-impl-thread1] INFO  server.RaftServerConfigKeys (ConfUtils.java:logGet(46)) - raft.server.log.segment.cache.num.max = 2 (custom)
2025-04-23 15:46:24,792 [omNode-3-impl-thread1] INFO  server.RaftServerConfigKeys (ConfUtils.java:logGet(46)) - raft.server.log.segment.cache.size.max = 200MB (=209715200) (default)
2025-04-23 15:46:24,792 [omNode-3-impl-thread1] INFO  server.RaftServerConfigKeys (ConfUtils.java:logGet(46)) - raft.server.log.appender.buffer.byte-limit = 4194304 (custom)
2025-04-23 15:46:24,792 [omNode-3-impl-thread1] INFO  util.AwaitToRun (AwaitToRun.java:start(81)) - Thread[#4445,omNode-3@group-523986131536-cacheEviction-AwaitToRun,5,main] started
2025-04-23 15:46:24,792 [omNode-3-impl-thread1] INFO  segmented.SegmentedRaftLogWorker (SegmentedRaftLogWorker.java:<init>(188)) - new omNode-3@group-523986131536-SegmentedRaftLogWorker for RaftStorageImpl:Storage Directory /home/runner/work/ozone/ozone/hadoop-ozone/integration-test/target/test-dir/MiniOzoneClusterImpl-5cf50c17-c591-473f-a8c4-88d8665d28d7/omNode-3/ratis/c9bc4cf4-3bc3-3c60-a66b-523986131536
2025-04-23 15:46:24,792 [omNode-3-impl-thread1] INFO  server.RaftServerConfigKeys (ConfUtils.java:logGet(46)) - raft.server.log.queue.byte-limit = 64MB (=67108864) (default)
2025-04-23 15:46:24,792 [omNode-3-impl-thread1] INFO  server.RaftServerConfigKeys (ConfUtils.java:logGet(46)) - raft.server.log.queue.element-limit = 4096 (default)
2025-04-23 15:46:24,792 [omNode-3-impl-thread1] INFO  server.RaftServerConfigKeys (ConfUtils.java:logGet(46)) - raft.server.log.segment.size.max = 4194304 (custom)
2025-04-23 15:46:24,792 [omNode-3-impl-thread1] INFO  server.RaftServerConfigKeys (ConfUtils.java:logGet(46)) - raft.server.log.preallocated.size = 4194304 (custom)
2025-04-23 15:46:24,792 [omNode-3-impl-thread1] INFO  server.RaftServerConfigKeys (ConfUtils.java:logGet(46)) - raft.server.log.force.sync.num = 128 (default)
2025-04-23 15:46:24,792 [omNode-3-impl-thread1] INFO  server.RaftServerConfigKeys (ConfUtils.java:logGet(46)) - raft.server.log.statemachine.data.sync = true (default)
2025-04-23 15:46:24,792 [omNode-3-impl-thread1] INFO  server.RaftServerConfigKeys (ConfUtils.java:logGet(46)) - raft.server.log.statemachine.data.sync.timeout = 10s (default)
2025-04-23 15:46:24,792 [omNode-3-impl-thread1] INFO  server.RaftServerConfigKeys (ConfUtils.java:logGet(46)) - raft.server.log.statemachine.data.sync.timeout.retry = -1 (default)
2025-04-23 15:46:24,793 [omNode-3-impl-thread1] INFO  server.RaftServerConfigKeys (ConfUtils.java:logGet(46)) - raft.server.log.write.buffer.size = 4194312 (custom)
2025-04-23 15:46:24,793 [omNode-3-impl-thread1] INFO  server.RaftServerConfigKeys (ConfUtils.java:logGet(46)) - raft.server.log.appender.buffer.byte-limit = 4194304 (custom)
2025-04-23 15:46:24,793 [omNode-3-impl-thread1] INFO  server.RaftServerConfigKeys (ConfUtils.java:logGet(46)) - raft.server.log.unsafe-flush.enabled = false (default)
2025-04-23 15:46:24,793 [omNode-3-impl-thread1] INFO  server.RaftServerConfigKeys (ConfUtils.java:logGet(46)) - raft.server.log.async-flush.enabled = false (default)
2025-04-23 15:46:24,793 [omNode-3-impl-thread1] INFO  server.RaftServerConfigKeys (ConfUtils.java:logGet(46)) - raft.server.log.statemachine.data.caching.enabled = false (default)
2025-04-23 15:46:24,793 [omNode-3-impl-thread1] INFO  server.RaftServer$Division (ServerState.java:setRaftConf(386)) - omNode-3@group-523986131536: set configuration conf: {index: 103, cur=peers:[omNode-3|localhost:15017, omNode-1|localhost:15009, omNode-2|localhost:15013]|listeners:[], old=null}
2025-04-23 15:46:24,794 [omNode-3-impl-thread1] INFO  segmented.LogSegment (LogSegment.java:loadSegment(171)) - Successfully read 2 entries from segment file /home/runner/work/ozone/ozone/hadoop-ozone/integration-test/target/test-dir/MiniOzoneClusterImpl-5cf50c17-c591-473f-a8c4-88d8665d28d7/omNode-3/ratis/c9bc4cf4-3bc3-3c60-a66b-523986131536/current/log_103-104
2025-04-23 15:46:24,794 [omNode-3-impl-thread1] INFO  server.RaftServer$Division (ServerState.java:setRaftConf(386)) - omNode-3@group-523986131536: set configuration conf: {index: 105, cur=peers:[omNode-3|localhost:15017, omNode-1|localhost:15009, omNode-2|localhost:15013]|listeners:[], old=null}
2025-04-23 15:46:24,794 [omNode-3-impl-thread1] INFO  segmented.LogSegment (LogSegment.java:loadSegment(171)) - Successfully read 2 entries from segment file /home/runner/work/ozone/ozone/hadoop-ozone/integration-test/target/test-dir/MiniOzoneClusterImpl-5cf50c17-c591-473f-a8c4-88d8665d28d7/omNode-3/ratis/c9bc4cf4-3bc3-3c60-a66b-523986131536/current/log_inprogress_105
2025-04-23 15:46:24,794 [omNode-3-impl-thread1] INFO  segmented.SegmentedRaftLogWorker (SegmentedRaftLogWorker.java:lambda$new$0(139)) - omNode-3@group-523986131536-SegmentedRaftLogWorker: flushIndex: setUnconditionally 0 -> 106
2025-04-23 15:46:24,794 [omNode-3-impl-thread1] INFO  segmented.SegmentedRaftLogWorker (SegmentedRaftLogWorker.java:lambda$new$0(139)) - omNode-3@group-523986131536-SegmentedRaftLogWorker: safeCacheEvictIndex: setUnconditionally 0 -> 104
2025-04-23 15:46:24,794 [omNode-3-impl-thread1] INFO  segmented.BufferedWriteChannel (BufferedWriteChannel.java:open(61)) - open log_inprogress_105 (append) at position 125
2025-04-23 15:46:24,794 [omNode-3-impl-thread1] INFO  raftlog.RaftLog (RaftLogBase.java:lambda$new$0(54)) - omNode-3@group-523986131536-SegmentedRaftLog: purgeIndex: updateToMax old=-1, new=102, updated? true
2025-04-23 15:46:24,794 [omNode-3-impl-thread1] INFO  server.RaftServer$Division (RaftServerImpl.java:start(391)) - omNode-3@group-523986131536: start as a follower, conf=conf: {index: 105, cur=peers:[omNode-3|localhost:15017, omNode-1|localhost:15009, omNode-2|localhost:15013]|listeners:[], old=null}
2025-04-23 15:46:24,794 [omNode-3-impl-thread1] INFO  server.RaftServer$Division (RaftServerImpl.java:setRole(378)) - omNode-3@group-523986131536: changes role from      null to FOLLOWER at term 10 for startAsFollower
2025-04-23 15:46:24,795 [omNode-3-impl-thread1] INFO  impl.RoleInfo (RoleInfo.java:updateAndGet(148)) - omNode-3: start omNode-3@group-523986131536-FollowerState
2025-04-23 15:46:24,795 [omNode-3-impl-thread1] INFO  util.JmxRegister (JmxRegister.java:tryRegister(44)) - Successfully registered JMX Bean with object name Ratis:service=RaftServer,group=group-523986131536,id=omNode-3
2025-04-23 15:46:24,795 [omNode-3@group-523986131536-FollowerState] INFO  server.RaftServerConfigKeys (ConfUtils.java:logFallback(53)) - raft.server.rpc.first-election.timeout.min = 1s (fallback to raft.server.rpc.timeout.min)
2025-04-23 15:46:24,795 [omNode-3-impl-thread1] INFO  util.JmxRegister (JmxRegister.java:register(58)) - register mxBean class org.apache.ratis.server.impl.RaftServerJmxAdapter as Ratis:service=RaftServer,group=group-523986131536,id=omNode-3
2025-04-23 15:46:24,795 [omNode-3@group-523986131536-FollowerState] INFO  server.RaftServerConfigKeys (ConfUtils.java:logFallback(53)) - raft.server.rpc.first-election.timeout.max = 1200ms (fallback to raft.server.rpc.timeout.max)
2025-04-23 15:46:24,795 [omNode-3-impl-thread1] INFO  server.RaftServerConfigKeys (ConfUtils.java:logGet(46)) - raft.server.snapshot.trigger-when-stop.enabled = true (default)
2025-04-23 15:46:24,795 [omNode-3-impl-thread1] INFO  server.RaftServerConfigKeys (ConfUtils.java:logGet(46)) - raft.server.snapshot.trigger-when-remove.enabled = true (default)
2025-04-23 15:46:24,795 [omNode-3-impl-thread1] INFO  server.RaftServerConfigKeys (ConfUtils.java:logGet(46)) - raft.server.snapshot.auto.trigger.enabled = true (custom)
2025-04-23 15:46:24,795 [omNode-3-impl-thread1] INFO  server.RaftServerConfigKeys (ConfUtils.java:logGet(46)) - raft.server.snapshot.auto.trigger.threshold = 50 (custom)
2025-04-23 15:46:24,795 [omNode-3-impl-thread1] INFO  server.RaftServerConfigKeys (ConfUtils.java:logGet(46)) - raft.server.snapshot.retention.file.num = -1 (default)
2025-04-23 15:46:24,795 [omNode-3-impl-thread1] INFO  server.RaftServerConfigKeys (ConfUtils.java:logGet(46)) - raft.server.log.purge.upto.snapshot.index = true (custom)
2025-04-23 15:46:24,796 [omNode-3-impl-thread1] INFO  server.RaftServer$Division (RaftServerImpl.java:start(405)) - omNode-3@group-523986131536: Successfully started.
2025-04-23 15:46:24,796 [main] INFO  server.RaftServer (RaftServerProxy.java:startImpl(407)) - omNode-3: start RPC server
2025-04-23 15:46:24,796 [main] INFO  server.GrpcService (GrpcService.java:startImpl(334)) - omNode-3: GrpcService started, listening on 15017
2025-04-23 15:46:24,796 [main] INFO  om.OzoneManager (OzoneManager.java:getRpcServer(1360)) - Creating RPC Server
2025-04-23 15:46:24,796 [JvmPauseMonitor26] INFO  util.JvmPauseMonitor (JvmPauseMonitor.java:run(146)) - JvmPauseMonitor-omNode-3: Started
2025-04-23 15:46:25,137 [main] INFO  reflections.Reflections (Reflections.java:scan(219)) - Reflections took 340 ms to scan 22 urls, producing 61 keys and 7422 values
2025-04-23 15:46:25,138 [main] INFO  ipc.CallQueueManager (CallQueueManager.java:<init>(93)) - Using callQueue: class java.util.concurrent.LinkedBlockingQueue, queueCapacity: 2000, scheduler: class org.apache.hadoop.ipc.DefaultRpcScheduler, ipcBackoff: false, ipcFailOver: false.
2025-04-23 15:46:25,138 [main] INFO  ipc.Server (Server.java:<init>(1438)) - Listener at localhost:15014
2025-04-23 15:46:25,139 [Socket Reader #1 for port 15014] INFO  ipc.Server (Server.java:run(1474)) - Starting Socket Reader #1 for port 15014
2025-04-23 15:46:25,139 [Socket Reader #2 for port 15014] INFO  ipc.Server (Server.java:run(1474)) - Starting Socket Reader #2 for port 15014
2025-04-23 15:46:25,139 [Socket Reader #3 for port 15014] INFO  ipc.Server (Server.java:run(1474)) - Starting Socket Reader #3 for port 15014
2025-04-23 15:46:25,139 [Socket Reader #4 for port 15014] INFO  ipc.Server (Server.java:run(1474)) - Starting Socket Reader #4 for port 15014
2025-04-23 15:46:25,139 [Socket Reader #5 for port 15014] INFO  ipc.Server (Server.java:run(1474)) - Starting Socket Reader #5 for port 15014
2025-04-23 15:46:25,139 [Socket Reader #6 for port 15014] INFO  ipc.Server (Server.java:run(1474)) - Starting Socket Reader #6 for port 15014
2025-04-23 15:46:25,140 [Socket Reader #7 for port 15014] INFO  ipc.Server (Server.java:run(1474)) - Starting Socket Reader #7 for port 15014
2025-04-23 15:46:25,140 [Socket Reader #8 for port 15014] INFO  ipc.Server (Server.java:run(1474)) - Starting Socket Reader #8 for port 15014
2025-04-23 15:46:25,140 [Socket Reader #9 for port 15014] INFO  ipc.Server (Server.java:run(1474)) - Starting Socket Reader #9 for port 15014
2025-04-23 15:46:25,140 [Socket Reader #10 for port 15014] INFO  ipc.Server (Server.java:run(1474)) - Starting Socket Reader #10 for port 15014
2025-04-23 15:46:25,142 [main] INFO  http.BaseHttpServer (BaseHttpServer.java:newHttpServer2BuilderForOzone(229)) - Starting Web-server for ozoneManager at: http://0.0.0.0:15015
2025-04-23 15:46:25,142 [main] INFO  http.BaseHttpServer (BaseHttpServer.java:<init>(107)) - Hadoop Security Enabled: false Ozone Security Enabled: false Ozone HTTP Security Enabled: false 
2025-04-23 15:46:25,144 [main] WARN  server.AuthenticationFilter (AuthenticationFilter.java:constructSecretProvider(240)) - Unable to initialize FileSignerSecretProvider, falling back to use random secrets. Reason: Could not read signature secret file: /home/runner/hadoop-http-auth-signature-secret
2025-04-23 15:46:25,146 [main] INFO  http.HttpServer2 (HttpServer2.java:addGlobalFilter(1041)) - Added global filter 'safety' (class=org.apache.hadoop.hdds.server.http.HttpServer2$QuotingInputFilter)
2025-04-23 15:46:25,146 [main] INFO  http.HttpServer2 (HttpServer2.java:addFilter(1017)) - Added filter static_user_filter (class=org.apache.hadoop.http.lib.StaticUserWebFilter$StaticUserFilter) to context ozoneManager
2025-04-23 15:46:25,146 [main] INFO  http.HttpServer2 (HttpServer2.java:addFilter(1025)) - Added filter static_user_filter (class=org.apache.hadoop.http.lib.StaticUserWebFilter$StaticUserFilter) to context static
2025-04-23 15:46:25,146 [main] INFO  http.HttpServer2 (HttpServer2.java:addFilter(1025)) - Added filter static_user_filter (class=org.apache.hadoop.http.lib.StaticUserWebFilter$StaticUserFilter) to context logs
2025-04-23 15:46:25,147 [main] INFO  http.BaseHttpServer (BaseHttpServer.java:<init>(195)) - HTTP server of ozoneManager uses base directory /home/runner/work/ozone/ozone/hadoop-ozone/integration-test/target/test-dir/MiniOzoneClusterImpl-5cf50c17-c591-473f-a8c4-88d8665d28d7/omNode-3/webserver
2025-04-23 15:46:25,147 [main] INFO  http.HttpServer2 (HttpServer2.java:bindListener(1241)) - Jetty bound to port 15015
2025-04-23 15:46:25,147 [main] INFO  server.Server (Server.java:doStart(375)) - jetty-9.4.57.v20241219; built: 2025-01-08T21:24:30.412Z; git: df524e6b29271c2e09ba9aea83c18dc9db464a31; jvm 21.0.7+6-LTS
2025-04-23 15:46:25,148 [main] INFO  server.session (DefaultSessionIdManager.java:doStart(334)) - DefaultSessionIdManager workerName=node0
2025-04-23 15:46:25,148 [main] INFO  server.session (DefaultSessionIdManager.java:doStart(339)) - No SessionScavenger set, using defaults
2025-04-23 15:46:25,149 [main] INFO  server.session (HouseKeeper.java:startScavenging(132)) - node0 Scavenging every 600000ms
2025-04-23 15:46:25,149 [main] INFO  handler.ContextHandler (ContextHandler.java:doStart(921)) - Started o.e.j.s.ServletContextHandler@e8e9fb7{logs,/logs,file:///home/runner/work/ozone/ozone/hadoop-ozone/integration-test/target/log,AVAILABLE}
2025-04-23 15:46:25,150 [main] INFO  handler.ContextHandler (ContextHandler.java:doStart(921)) - Started o.e.j.s.ServletContextHandler@3adbd6fb{static,/static,file:///home/runner/work/ozone/ozone/hadoop-ozone/integration-test/target/test-classes/webapps/static,AVAILABLE}
2025-04-23 15:46:25,153 [main] INFO  handler.ContextHandler (ContextHandler.java:doStart(921)) - Started o.e.j.w.WebAppContext@2ce5e09d{ozoneManager,/,file:///home/runner/work/ozone/ozone/hadoop-ozone/integration-test/target/test-classes/webapps/ozoneManager/,AVAILABLE}{file:/home/runner/work/ozone/ozone/hadoop-ozone/integration-test/target/test-classes/webapps/ozoneManager}
2025-04-23 15:46:25,154 [main] INFO  server.AbstractConnector (AbstractConnector.java:doStart(333)) - Started ServerConnector@1ff9202e{HTTP/1.1, (http/1.1)}{0.0.0.0:15015}
2025-04-23 15:46:25,154 [main] INFO  server.Server (Server.java:doStart(415)) - Started @120136ms
2025-04-23 15:46:25,154 [main] WARN  impl.MetricsSystemImpl (MetricsSystemImpl.java:register(279)) - Sink prometheus already exists!
2025-04-23 15:46:25,154 [main] INFO  http.BaseHttpServer (BaseHttpServer.java:updateConnectorAddress(360)) - HTTP server of ozoneManager listening at http://0.0.0.0:15015
2025-04-23 15:46:25,155 [IPC Server Responder] INFO  ipc.Server (Server.java:run(1713)) - IPC Server Responder: starting
2025-04-23 15:46:25,155 [IPC Server listener on 15014] INFO  ipc.Server (Server.java:run(1553)) - IPC Server listener on 15014: starting
2025-04-23 15:46:25,157 [main] INFO  om.OzoneManager (OzoneManager.java:startTrashEmptier(2257)) - Trash Interval set to 0. Files deleted won't move to trash
2025-04-23 15:46:25,157 [main] INFO  om.OzoneManager (OzoneManager.java:restart(1878)) - OzoneManager RPC server is listening at localhost/127.0.0.1:15006
2025-04-23 15:46:25,157 [main] INFO  impl.MetricsSystemImpl (MetricsSystemImpl.java:init(158)) - OzoneManager metrics system started (again)
2025-04-23 15:46:25,169 [main] WARN  server.ServerUtils (ServerUtils.java:getDBPath(297)) - ozone.om.db.dirs is not configured. We recommend adding this setting. Falling back to ozone.metadata.dirs instead.
2025-04-23 15:46:25,208 [main] INFO  om.OzoneManager (OzoneManager.java:instantiateServices(933)) - S3 Multi-Tenancy is disabled
2025-04-23 15:46:25,209 [main] INFO  om.OmSnapshotManager (OmSnapshotManager.java:<init>(180)) - Ozone filesystem snapshot feature is enabled.
2025-04-23 15:46:25,209 [main] WARN  server.ServerUtils (ServerUtils.java:getDBPath(297)) - ozone.om.snapshot.diff.db.dir is not configured. We recommend adding this setting. Falling back to ozone.metadata.dirs instead.
2025-04-23 15:46:25,222 [main] WARN  dropwizard3.Dm3MetricRegistriesImpl (Dm3MetricRegistriesImpl.java:addReporterRegistration(114)) - New reporters are added after registries were created. Some metrics will be missing from the reporter. Please add reporter before adding any new registry.
2025-04-23 15:46:25,222 [main] WARN  dropwizard3.Dm3MetricRegistriesImpl (Dm3MetricRegistriesImpl.java:addReporterRegistration(114)) - New reporters are added after registries were created. Some metrics will be missing from the reporter. Please add reporter before adding any new registry.
2025-04-23 15:46:25,222 [main] WARN  server.ServerUtils (ServerUtils.java:getDefaultRatisDirectory(309)) - Storage directory for Ratis is not configured. It is a good idea to map this to an SSD disk. Falling back to ozone.metadata.dirs
2025-04-23 15:46:25,223 [main] INFO  server.RaftServerConfigKeys (ConfUtils.java:logGet(46)) - raft.server.log.appender.buffer.byte-limit = 4194304 (custom)
2025-04-23 15:46:25,224 [main] INFO  ratis.OzoneManagerRatisServer (OzoneManagerRatisServer.java:<init>(167)) - Instantiating OM Ratis server with groupID: om-service-test1 and peers: localhost:15009, localhost:15017, localhost:15013
2025-04-23 15:46:25,224 [main] INFO  ratis.OzoneManagerStateMachine (OzoneManagerStateMachine.java:loadSnapshotInfoFromDB(611)) - LastAppliedIndex is set from TransactionInfo from OM DB as (t:8, i:102)
2025-04-23 15:46:25,224 [main] INFO  server.RaftServer (ConfUtils.java:logGet(46)) - raft.rpc.type = GRPC (default)
2025-04-23 15:46:25,225 [main] INFO  grpc.GrpcConfigKeys (ConfUtils.java:logFallback(53)) - raft.grpc.admin.host = null (fallback to raft.grpc.server.host)
2025-04-23 15:46:25,225 [main] INFO  grpc.GrpcConfigKeys (ConfUtils.java:logFallback(53)) - raft.grpc.admin.port = 15009 (fallback to raft.grpc.server.port)
2025-04-23 15:46:25,225 [main] INFO  grpc.GrpcConfigKeys (ConfUtils.java:logFallback(53)) - raft.grpc.client.host = null (fallback to raft.grpc.server.host)
2025-04-23 15:46:25,225 [main] INFO  grpc.GrpcConfigKeys (ConfUtils.java:logFallback(53)) - raft.grpc.client.port = 15009 (fallback to raft.grpc.server.port)
2025-04-23 15:46:25,225 [main] INFO  grpc.GrpcConfigKeys (ConfUtils.java:logGet(46)) - raft.grpc.server.host = null (default)
2025-04-23 15:46:25,225 [main] INFO  grpc.GrpcConfigKeys (ConfUtils.java:logGet(46)) - raft.grpc.server.port = 15009 (custom)
2025-04-23 15:46:25,225 [main] INFO  server.GrpcService (ConfUtils.java:logGet(46)) - raft.grpc.message.size.max = 5242880 (custom)
2025-04-23 15:46:25,225 [main] INFO  server.GrpcService (ConfUtils.java:logGet(46)) - raft.grpc.flow.control.window = 1MB (=1048576) (default)
2025-04-23 15:46:25,225 [main] INFO  server.RaftServerConfigKeys (ConfUtils.java:logGet(46)) - raft.server.rpc.request.timeout = 3000ms (default)
2025-04-23 15:46:25,225 [main] INFO  grpc.GrpcConfigKeys (ConfUtils.java:logGet(46)) - raft.grpc.server.heartbeat.channel = true (default)
2025-04-23 15:46:25,225 [main] INFO  server.RaftServerConfigKeys (ConfUtils.java:logGet(46)) - raft.server.log.appender.buffer.byte-limit = 4194304 (custom)
2025-04-23 15:46:25,226 [main] INFO  grpc.GrpcConfigKeys (ConfUtils.java:logGet(46)) - raft.grpc.server.async.request.thread.pool.cached = true (default)
2025-04-23 15:46:25,226 [main] INFO  grpc.GrpcConfigKeys (ConfUtils.java:logGet(46)) - raft.grpc.server.async.request.thread.pool.size = 32 (default)
2025-04-23 15:46:25,226 [main] INFO  impl.DataStreamServerImpl (ConfUtils.java:logGet(46)) - raft.datastream.type = DISABLED (default)
2025-04-23 15:46:25,227 [main] INFO  server.RaftServerConfigKeys (ConfUtils.java:logGet(46)) - raft.server.sleep.deviation.threshold = 300ms (default)
2025-04-23 15:46:25,227 [main] INFO  server.RaftServerConfigKeys (ConfUtils.java:logGet(46)) - raft.server.close.threshold = 60s (default)
2025-04-23 15:46:25,227 [main] INFO  server.RaftServerConfigKeys (ConfUtils.java:logGet(46)) - raft.server.leaderelection.leader.step-down.wait-time = 10s (default)
2025-04-23 15:46:25,227 [main] INFO  server.RaftServerConfigKeys (ConfUtils.java:logGet(46)) - raft.server.storage.dir = [/home/runner/work/ozone/ozone/hadoop-ozone/integration-test/target/test-dir/MiniOzoneClusterImpl-5cf50c17-c591-473f-a8c4-88d8665d28d7/omNode-1/ratis] (custom)
2025-04-23 15:46:25,227 [main] INFO  server.RaftServerConfigKeys (ConfUtils.java:logGet(46)) - raft.server.threadpool.proxy.cached = true (default)
2025-04-23 15:46:25,227 [main] INFO  server.RaftServerConfigKeys (ConfUtils.java:logGet(46)) - raft.server.threadpool.proxy.size = 0 (default)
2025-04-23 15:46:25,227 [omNode-1-impl-thread1] INFO  server.RaftServer (RaftServerProxy.java:initGroupDir(265)) - omNode-1: found a subdirectory /home/runner/work/ozone/ozone/hadoop-ozone/integration-test/target/test-dir/MiniOzoneClusterImpl-5cf50c17-c591-473f-a8c4-88d8665d28d7/omNode-1/ratis/c9bc4cf4-3bc3-3c60-a66b-523986131536
2025-04-23 15:46:25,228 [main] INFO  server.RaftServer (RaftServerProxy.java:addNew(100)) - omNode-1: addNew group-523986131536:[omNode-3|localhost:15017, omNode-1|localhost:15009, omNode-2|localhost:15013] returns group-523986131536:java.util.concurrent.CompletableFuture@295c1997[Not completed]
2025-04-23 15:46:25,228 [main] INFO  om.OzoneManager (OzoneManager.java:initializeRatisServer(2303)) - OzoneManager Ratis server initialized at port 15009
2025-04-23 15:46:25,228 [main] INFO  ratis.OzoneManagerRatisServer (OzoneManagerRatisServer.java:start(628)) - Starting OzoneManagerRatisServer omNode-1 at port 15009
2025-04-23 15:46:25,228 [omNode-1-groupManagement] INFO  server.RaftServer$Division (RaftServerImpl.java:<init>(255)) - omNode-1: new RaftServerImpl for group-523986131536:[omNode-3|localhost:15017, omNode-1|localhost:15009, omNode-2|localhost:15013] with OzoneManagerStateMachine:uninitialized
2025-04-23 15:46:25,228 [omNode-1-groupManagement] INFO  server.RaftServerConfigKeys (ConfUtils.java:logGet(46)) - raft.server.rpc.timeout.min = 1s (custom)
2025-04-23 15:46:25,228 [omNode-1-groupManagement] INFO  server.RaftServerConfigKeys (ConfUtils.java:logGet(46)) - raft.server.rpc.timeout.max = 1200ms (custom)
2025-04-23 15:46:25,228 [omNode-1-groupManagement] INFO  server.RaftServerConfigKeys (ConfUtils.java:logGet(46)) - raft.server.rpc.sleep.time = 25ms (default)
2025-04-23 15:46:25,228 [omNode-1-groupManagement] INFO  server.RaftServerConfigKeys (ConfUtils.java:logGet(46)) - raft.server.rpc.slowness.timeout = 2s (custom)
2025-04-23 15:46:25,228 [omNode-1-groupManagement] INFO  server.RaftServerConfigKeys (ConfUtils.java:logGet(46)) - raft.server.leaderelection.leader.step-down.wait-time = 10s (default)
2025-04-23 15:46:25,228 [omNode-1-groupManagement] INFO  server.RaftServerConfigKeys (ConfUtils.java:logGet(46)) - raft.server.leaderelection.member.majority-add = false (default)
2025-04-23 15:46:25,228 [omNode-1-groupManagement] INFO  server.RaftServerConfigKeys (ConfUtils.java:logGet(46)) - raft.server.sleep.deviation.threshold = 300ms (default)
2025-04-23 15:46:25,229 [omNode-1-groupManagement] INFO  server.RaftServer$Division (ServerState.java:<init>(114)) - omNode-1@group-523986131536: ConfigurationManager, init=conf: {index: -1, cur=peers:[omNode-3|localhost:15017, omNode-1|localhost:15009, omNode-2|localhost:15013]|listeners:[], old=null}, confs=<EMPTY_MAP>
2025-04-23 15:46:25,229 [omNode-1-groupManagement] INFO  server.RaftServerConfigKeys (ConfUtils.java:logGet(46)) - raft.server.notification.no-leader.timeout = 2s (custom)
2025-04-23 15:46:25,229 [omNode-1-groupManagement] INFO  server.RaftServerConfigKeys (ConfUtils.java:logGet(46)) - raft.server.read.timeout = 10s (default)
2025-04-23 15:46:25,229 [omNode-1-groupManagement] INFO  server.RaftServerConfigKeys (ConfUtils.java:logGet(46)) - raft.server.retrycache.expirytime = 30000ms (custom)
2025-04-23 15:46:25,229 [omNode-1-groupManagement] INFO  server.RaftServerConfigKeys (ConfUtils.java:logGet(46)) - raft.server.retrycache.statistics.expirytime = 100ms (default)
2025-04-23 15:46:25,229 [omNode-1-groupManagement] INFO  server.RaftServerConfigKeys (ConfUtils.java:logGet(46)) - raft.server.read.option = DEFAULT (default)
2025-04-23 15:46:25,229 [omNode-1-groupManagement] INFO  server.RaftServerConfigKeys (ConfUtils.java:logGet(46)) - raft.server.read.read-after-write-consistent.write-index-cache.expiry-time = 60s (default)
2025-04-23 15:46:25,231 [omNode-1-groupManagement] INFO  server.RaftServerConfigKeys (ConfUtils.java:logGet(46)) - raft.server.rpc.request.timeout = 3000ms (default)
2025-04-23 15:46:25,231 [omNode-1-groupManagement] INFO  server.RaftServerConfigKeys (ConfUtils.java:logGet(46)) - raft.server.log.appender.install.snapshot.enabled = false (custom)
2025-04-23 15:46:25,231 [omNode-1-groupManagement] INFO  server.RaftServerConfigKeys (ConfUtils.java:logGet(46)) - raft.server.threadpool.server.cached = true (default)
2025-04-23 15:46:25,231 [omNode-1-groupManagement] INFO  server.RaftServerConfigKeys (ConfUtils.java:logGet(46)) - raft.server.threadpool.server.size = 0 (default)
2025-04-23 15:46:25,231 [omNode-1-groupManagement] INFO  server.RaftServerConfigKeys (ConfUtils.java:logGet(46)) - raft.server.threadpool.client.cached = true (default)
2025-04-23 15:46:25,231 [omNode-1-groupManagement] INFO  server.RaftServerConfigKeys (ConfUtils.java:logGet(46)) - raft.server.threadpool.client.size = 0 (default)
2025-04-23 15:46:25,231 [omNode-1-impl-thread1] INFO  server.RaftServerConfigKeys (ConfUtils.java:logGet(46)) - raft.server.storage.free-space.min = 0MB (=0) (default)
2025-04-23 15:46:25,231 [omNode-1-impl-thread1] INFO  server.RaftServerConfigKeys (ConfUtils.java:logGet(46)) - raft.server.log.corruption.policy = EXCEPTION (default)
2025-04-23 15:46:25,231 [omNode-1-impl-thread1] INFO  server.RaftServerConfigKeys (ConfUtils.java:logGet(46)) - raft.server.storage.dir = [/home/runner/work/ozone/ozone/hadoop-ozone/integration-test/target/test-dir/MiniOzoneClusterImpl-5cf50c17-c591-473f-a8c4-88d8665d28d7/omNode-1/ratis] (custom)
2025-04-23 15:46:25,232 [omNode-1-impl-thread1] INFO  storage.RaftStorageDirectory (RaftStorageDirectoryImpl.java:tryLock(229)) - Lock on /home/runner/work/ozone/ozone/hadoop-ozone/integration-test/target/test-dir/MiniOzoneClusterImpl-5cf50c17-c591-473f-a8c4-88d8665d28d7/omNode-1/ratis/c9bc4cf4-3bc3-3c60-a66b-523986131536/in_use.lock acquired by nodename 129659@fv-az1337-835
2025-04-23 15:46:25,232 [omNode-1-impl-thread1] INFO  storage.RaftStorage (RaftStorageImpl.java:analyzeAndRecoverStorage(118)) - Read RaftStorageMetadata{term=10, votedFor=omNode-3} from /home/runner/work/ozone/ozone/hadoop-ozone/integration-test/target/test-dir/MiniOzoneClusterImpl-5cf50c17-c591-473f-a8c4-88d8665d28d7/omNode-1/ratis/c9bc4cf4-3bc3-3c60-a66b-523986131536/current/raft-meta
2025-04-23 15:46:25,233 [omNode-1-impl-thread1] INFO  server.RaftServer$Division (ServerState.java:setRaftConf(386)) - omNode-1@group-523986131536: set configuration conf: {index: 105, cur=peers:[omNode-3|localhost:15017, omNode-1|localhost:15009, omNode-2|localhost:15013]|listeners:[], old=null}
2025-04-23 15:46:25,233 [omNode-1-impl-thread1] INFO  ratis.OzoneManagerStateMachine (OzoneManagerStateMachine.java:lambda$0(138)) - omNode-1: initialize group-523986131536 with (t:8, i:102)
2025-04-23 15:46:25,233 [omNode-1-impl-thread1] INFO  server.RaftServerConfigKeys (ConfUtils.java:logGet(46)) - raft.server.log.use.memory = false (default)
2025-04-23 15:46:25,233 [omNode-1-impl-thread1] INFO  server.RaftServerConfigKeys (ConfUtils.java:logGet(46)) - raft.server.log.purge.gap = 50 (custom)
2025-04-23 15:46:25,233 [omNode-1-impl-thread1] INFO  server.RaftServerConfigKeys (ConfUtils.java:logGet(46)) - raft.server.log.appender.buffer.byte-limit = 4194304 (custom)
2025-04-23 15:46:25,233 [omNode-1-impl-thread1] INFO  server.RaftServerConfigKeys (ConfUtils.java:logGet(46)) - raft.server.log.statemachine.data.read.timeout = 1000ms (default)
2025-04-23 15:46:25,233 [omNode-1-impl-thread1] INFO  server.RaftServerConfigKeys (ConfUtils.java:logGet(46)) - raft.server.log.purge.preservation.log.num = 0 (default)
2025-04-23 15:46:25,234 [omNode-1-impl-thread1] INFO  server.RaftServerConfigKeys (ConfUtils.java:logGet(46)) - raft.server.log.segment.size.max = 4194304 (custom)
2025-04-23 15:46:25,234 [omNode-1-impl-thread1] INFO  server.RaftServerConfigKeys (ConfUtils.java:logGet(46)) - raft.server.log.segment.cache.num.max = 2 (custom)
2025-04-23 15:46:25,234 [omNode-1-impl-thread1] INFO  server.RaftServerConfigKeys (ConfUtils.java:logGet(46)) - raft.server.log.segment.cache.size.max = 200MB (=209715200) (default)
2025-04-23 15:46:25,234 [omNode-1-impl-thread1] INFO  server.RaftServerConfigKeys (ConfUtils.java:logGet(46)) - raft.server.log.appender.buffer.byte-limit = 4194304 (custom)
2025-04-23 15:46:25,234 [omNode-1-impl-thread1] INFO  util.AwaitToRun (AwaitToRun.java:start(81)) - Thread[#4552,omNode-1@group-523986131536-cacheEviction-AwaitToRun,5,main] started
2025-04-23 15:46:25,234 [omNode-1-impl-thread1] INFO  segmented.SegmentedRaftLogWorker (SegmentedRaftLogWorker.java:<init>(188)) - new omNode-1@group-523986131536-SegmentedRaftLogWorker for RaftStorageImpl:Storage Directory /home/runner/work/ozone/ozone/hadoop-ozone/integration-test/target/test-dir/MiniOzoneClusterImpl-5cf50c17-c591-473f-a8c4-88d8665d28d7/omNode-1/ratis/c9bc4cf4-3bc3-3c60-a66b-523986131536
2025-04-23 15:46:25,234 [omNode-1-impl-thread1] INFO  server.RaftServerConfigKeys (ConfUtils.java:logGet(46)) - raft.server.log.queue.byte-limit = 64MB (=67108864) (default)
2025-04-23 15:46:25,234 [omNode-1-impl-thread1] INFO  server.RaftServerConfigKeys (ConfUtils.java:logGet(46)) - raft.server.log.queue.element-limit = 4096 (default)
2025-04-23 15:46:25,235 [omNode-1-impl-thread1] INFO  server.RaftServerConfigKeys (ConfUtils.java:logGet(46)) - raft.server.log.segment.size.max = 4194304 (custom)
2025-04-23 15:46:25,235 [omNode-1-impl-thread1] INFO  server.RaftServerConfigKeys (ConfUtils.java:logGet(46)) - raft.server.log.preallocated.size = 4194304 (custom)
2025-04-23 15:46:25,235 [omNode-1-impl-thread1] INFO  server.RaftServerConfigKeys (ConfUtils.java:logGet(46)) - raft.server.log.force.sync.num = 128 (default)
2025-04-23 15:46:25,235 [omNode-1-impl-thread1] INFO  server.RaftServerConfigKeys (ConfUtils.java:logGet(46)) - raft.server.log.statemachine.data.sync = true (default)
2025-04-23 15:46:25,235 [omNode-1-impl-thread1] INFO  server.RaftServerConfigKeys (ConfUtils.java:logGet(46)) - raft.server.log.statemachine.data.sync.timeout = 10s (default)
2025-04-23 15:46:25,235 [omNode-1-impl-thread1] INFO  server.RaftServerConfigKeys (ConfUtils.java:logGet(46)) - raft.server.log.statemachine.data.sync.timeout.retry = -1 (default)
2025-04-23 15:46:25,235 [omNode-1-impl-thread1] INFO  server.RaftServerConfigKeys (ConfUtils.java:logGet(46)) - raft.server.log.write.buffer.size = 4194312 (custom)
2025-04-23 15:46:25,236 [omNode-1-impl-thread1] INFO  server.RaftServerConfigKeys (ConfUtils.java:logGet(46)) - raft.server.log.appender.buffer.byte-limit = 4194304 (custom)
2025-04-23 15:46:25,236 [omNode-1-impl-thread1] INFO  server.RaftServerConfigKeys (ConfUtils.java:logGet(46)) - raft.server.log.unsafe-flush.enabled = false (default)
2025-04-23 15:46:25,236 [omNode-1-impl-thread1] INFO  server.RaftServerConfigKeys (ConfUtils.java:logGet(46)) - raft.server.log.async-flush.enabled = false (default)
2025-04-23 15:46:25,236 [omNode-1-impl-thread1] INFO  server.RaftServerConfigKeys (ConfUtils.java:logGet(46)) - raft.server.log.statemachine.data.caching.enabled = false (default)
2025-04-23 15:46:25,237 [omNode-1-impl-thread1] INFO  server.RaftServer$Division (ServerState.java:setRaftConf(386)) - omNode-1@group-523986131536: set configuration conf: {index: 77, cur=peers:[omNode-3|localhost:15017, omNode-1|localhost:15009, omNode-2|localhost:15013]|listeners:[], old=null}
2025-04-23 15:46:25,237 [omNode-1-impl-thread1] INFO  segmented.LogSegment (LogSegment.java:loadSegment(171)) - Successfully read 26 entries from segment file /home/runner/work/ozone/ozone/hadoop-ozone/integration-test/target/test-dir/MiniOzoneClusterImpl-5cf50c17-c591-473f-a8c4-88d8665d28d7/omNode-1/ratis/c9bc4cf4-3bc3-3c60-a66b-523986131536/current/log_77-102
2025-04-23 15:46:25,237 [omNode-1-impl-thread1] INFO  server.RaftServer$Division (ServerState.java:setRaftConf(386)) - omNode-1@group-523986131536: set configuration conf: {index: 103, cur=peers:[omNode-3|localhost:15017, omNode-1|localhost:15009, omNode-2|localhost:15013]|listeners:[], old=null}
2025-04-23 15:46:25,237 [omNode-1-impl-thread1] INFO  segmented.LogSegment (LogSegment.java:loadSegment(171)) - Successfully read 2 entries from segment file /home/runner/work/ozone/ozone/hadoop-ozone/integration-test/target/test-dir/MiniOzoneClusterImpl-5cf50c17-c591-473f-a8c4-88d8665d28d7/omNode-1/ratis/c9bc4cf4-3bc3-3c60-a66b-523986131536/current/log_103-104
2025-04-23 15:46:25,238 [omNode-1-impl-thread1] INFO  server.RaftServer$Division (ServerState.java:setRaftConf(386)) - omNode-1@group-523986131536: set configuration conf: {index: 105, cur=peers:[omNode-3|localhost:15017, omNode-1|localhost:15009, omNode-2|localhost:15013]|listeners:[], old=null}
2025-04-23 15:46:25,238 [omNode-1-impl-thread1] INFO  segmented.LogSegment (LogSegment.java:loadSegment(171)) - Successfully read 2 entries from segment file /home/runner/work/ozone/ozone/hadoop-ozone/integration-test/target/test-dir/MiniOzoneClusterImpl-5cf50c17-c591-473f-a8c4-88d8665d28d7/omNode-1/ratis/c9bc4cf4-3bc3-3c60-a66b-523986131536/current/log_inprogress_105
2025-04-23 15:46:25,238 [omNode-1-impl-thread1] INFO  segmented.SegmentedRaftLogWorker (SegmentedRaftLogWorker.java:lambda$new$0(139)) - omNode-1@group-523986131536-SegmentedRaftLogWorker: flushIndex: setUnconditionally 0 -> 106
2025-04-23 15:46:25,238 [omNode-1-impl-thread1] INFO  segmented.SegmentedRaftLogWorker (SegmentedRaftLogWorker.java:lambda$new$0(139)) - omNode-1@group-523986131536-SegmentedRaftLogWorker: safeCacheEvictIndex: setUnconditionally 0 -> 102
2025-04-23 15:46:25,238 [omNode-1-impl-thread1] INFO  segmented.BufferedWriteChannel (BufferedWriteChannel.java:open(61)) - open log_inprogress_105 (append) at position 125
2025-04-23 15:46:25,238 [omNode-1-impl-thread1] INFO  raftlog.RaftLog (RaftLogBase.java:lambda$new$0(54)) - omNode-1@group-523986131536-SegmentedRaftLog: commitIndex: updateToMax old=102, new=105, updated? true
2025-04-23 15:46:25,238 [omNode-1-impl-thread1] INFO  raftlog.RaftLog (RaftLogBase.java:lambda$new$0(54)) - omNode-1@group-523986131536-SegmentedRaftLog: purgeIndex: updateToMax old=-1, new=76, updated? true
2025-04-23 15:46:25,238 [omNode-1-impl-thread1] INFO  server.RaftServer$Division (RaftServerImpl.java:start(391)) - omNode-1@group-523986131536: start as a follower, conf=conf: {index: 105, cur=peers:[omNode-3|localhost:15017, omNode-1|localhost:15009, omNode-2|localhost:15013]|listeners:[], old=null}
2025-04-23 15:46:25,238 [omNode-1-impl-thread1] INFO  server.RaftServer$Division (RaftServerImpl.java:setRole(378)) - omNode-1@group-523986131536: changes role from      null to FOLLOWER at term 10 for startAsFollower
2025-04-23 15:46:25,238 [omNode-1-impl-thread1] INFO  impl.RoleInfo (RoleInfo.java:updateAndGet(148)) - omNode-1: start omNode-1@group-523986131536-FollowerState
2025-04-23 15:46:25,239 [omNode-1@group-523986131536-FollowerState] INFO  server.RaftServerConfigKeys (ConfUtils.java:logFallback(53)) - raft.server.rpc.first-election.timeout.min = 1s (fallback to raft.server.rpc.timeout.min)
2025-04-23 15:46:25,239 [omNode-1@group-523986131536-FollowerState] INFO  server.RaftServerConfigKeys (ConfUtils.java:logFallback(53)) - raft.server.rpc.first-election.timeout.max = 1200ms (fallback to raft.server.rpc.timeout.max)
2025-04-23 15:46:25,239 [omNode-1-impl-thread1] INFO  util.JmxRegister (JmxRegister.java:tryRegister(44)) - Successfully registered JMX Bean with object name Ratis:service=RaftServer,group=group-523986131536,id=omNode-1
2025-04-23 15:46:25,239 [omNode-1-impl-thread1] INFO  util.JmxRegister (JmxRegister.java:register(58)) - register mxBean class org.apache.ratis.server.impl.RaftServerJmxAdapter as Ratis:service=RaftServer,group=group-523986131536,id=omNode-1
2025-04-23 15:46:25,239 [omNode-1-impl-thread1] INFO  server.RaftServerConfigKeys (ConfUtils.java:logGet(46)) - raft.server.snapshot.trigger-when-stop.enabled = true (default)
2025-04-23 15:46:25,239 [omNode-1-impl-thread1] INFO  server.RaftServerConfigKeys (ConfUtils.java:logGet(46)) - raft.server.snapshot.trigger-when-remove.enabled = true (default)
2025-04-23 15:46:25,239 [omNode-1-impl-thread1] INFO  server.RaftServerConfigKeys (ConfUtils.java:logGet(46)) - raft.server.snapshot.auto.trigger.enabled = true (custom)
2025-04-23 15:46:25,239 [omNode-1-impl-thread1] INFO  server.RaftServerConfigKeys (ConfUtils.java:logGet(46)) - raft.server.snapshot.auto.trigger.threshold = 50 (custom)
2025-04-23 15:46:25,239 [omNode-1-impl-thread1] INFO  server.RaftServerConfigKeys (ConfUtils.java:logGet(46)) - raft.server.snapshot.retention.file.num = -1 (default)
2025-04-23 15:46:25,239 [omNode-1-impl-thread1] INFO  server.RaftServerConfigKeys (ConfUtils.java:logGet(46)) - raft.server.log.purge.upto.snapshot.index = true (custom)
2025-04-23 15:46:25,239 [omNode-1-impl-thread1] INFO  server.RaftServer$Division (RaftServerImpl.java:start(405)) - omNode-1@group-523986131536: Successfully started.
2025-04-23 15:46:25,239 [main] INFO  server.RaftServer (RaftServerProxy.java:startImpl(407)) - omNode-1: start RPC server
2025-04-23 15:46:25,240 [main] INFO  server.GrpcService (GrpcService.java:startImpl(334)) - omNode-1: GrpcService started, listening on 15009
2025-04-23 15:46:25,240 [main] INFO  om.OzoneManager (OzoneManager.java:getRpcServer(1360)) - Creating RPC Server
2025-04-23 15:46:25,241 [JvmPauseMonitor27] INFO  util.JvmPauseMonitor (JvmPauseMonitor.java:run(146)) - JvmPauseMonitor-omNode-1: Started
2025-04-23 15:46:25,241 [omNode-1@group-523986131536-StateMachineUpdater] INFO  ratis.OzoneManagerStateMachine (OzoneManagerStateMachine.java:notifyConfigurationChanged(231)) - notifyConfigurationChanged from Ratis: term=9, index=103, New Peer list: omNode-3(localhost:15017), omNode-1(localhost:15009), omNode-2(localhost:15013)
2025-04-23 15:46:25,261 [omNode-1@group-523986131536-StateMachineUpdater] INFO  ratis.OzoneManagerStateMachine (OzoneManagerStateMachine.java:notifyConfigurationChanged(231)) - notifyConfigurationChanged from Ratis: term=10, index=105, New Peer list: omNode-3(localhost:15017), omNode-1(localhost:15009), omNode-2(localhost:15013)
2025-04-23 15:46:25,587 [main] INFO  reflections.Reflections (Reflections.java:scan(219)) - Reflections took 346 ms to scan 22 urls, producing 61 keys and 7422 values
2025-04-23 15:46:25,588 [main] INFO  ipc.CallQueueManager (CallQueueManager.java:<init>(93)) - Using callQueue: class java.util.concurrent.LinkedBlockingQueue, queueCapacity: 2000, scheduler: class org.apache.hadoop.ipc.DefaultRpcScheduler, ipcBackoff: false, ipcFailOver: false.
2025-04-23 15:46:25,589 [main] INFO  ipc.Server (Server.java:<init>(1438)) - Listener at localhost:15006
2025-04-23 15:46:25,589 [Socket Reader #1 for port 15006] INFO  ipc.Server (Server.java:run(1474)) - Starting Socket Reader #1 for port 15006
2025-04-23 15:46:25,589 [Socket Reader #2 for port 15006] INFO  ipc.Server (Server.java:run(1474)) - Starting Socket Reader #2 for port 15006
2025-04-23 15:46:25,589 [Socket Reader #3 for port 15006] INFO  ipc.Server (Server.java:run(1474)) - Starting Socket Reader #3 for port 15006
2025-04-23 15:46:25,590 [Socket Reader #4 for port 15006] INFO  ipc.Server (Server.java:run(1474)) - Starting Socket Reader #4 for port 15006
2025-04-23 15:46:25,590 [Socket Reader #5 for port 15006] INFO  ipc.Server (Server.java:run(1474)) - Starting Socket Reader #5 for port 15006
2025-04-23 15:46:25,590 [Socket Reader #6 for port 15006] INFO  ipc.Server (Server.java:run(1474)) - Starting Socket Reader #6 for port 15006
2025-04-23 15:46:25,590 [Socket Reader #7 for port 15006] INFO  ipc.Server (Server.java:run(1474)) - Starting Socket Reader #7 for port 15006
2025-04-23 15:46:25,590 [Socket Reader #8 for port 15006] INFO  ipc.Server (Server.java:run(1474)) - Starting Socket Reader #8 for port 15006
2025-04-23 15:46:25,591 [Socket Reader #9 for port 15006] INFO  ipc.Server (Server.java:run(1474)) - Starting Socket Reader #9 for port 15006
2025-04-23 15:46:25,591 [Socket Reader #10 for port 15006] INFO  ipc.Server (Server.java:run(1474)) - Starting Socket Reader #10 for port 15006
2025-04-23 15:46:25,593 [main] INFO  http.BaseHttpServer (BaseHttpServer.java:newHttpServer2BuilderForOzone(229)) - Starting Web-server for ozoneManager at: http://0.0.0.0:15007
2025-04-23 15:46:25,593 [main] INFO  http.BaseHttpServer (BaseHttpServer.java:<init>(107)) - Hadoop Security Enabled: false Ozone Security Enabled: false Ozone HTTP Security Enabled: false 
2025-04-23 15:46:25,594 [main] WARN  server.AuthenticationFilter (AuthenticationFilter.java:constructSecretProvider(240)) - Unable to initialize FileSignerSecretProvider, falling back to use random secrets. Reason: Could not read signature secret file: /home/runner/hadoop-http-auth-signature-secret
2025-04-23 15:46:25,596 [main] INFO  http.HttpServer2 (HttpServer2.java:addGlobalFilter(1041)) - Added global filter 'safety' (class=org.apache.hadoop.hdds.server.http.HttpServer2$QuotingInputFilter)
2025-04-23 15:46:25,596 [main] INFO  http.HttpServer2 (HttpServer2.java:addFilter(1017)) - Added filter static_user_filter (class=org.apache.hadoop.http.lib.StaticUserWebFilter$StaticUserFilter) to context ozoneManager
2025-04-23 15:46:25,597 [main] INFO  http.HttpServer2 (HttpServer2.java:addFilter(1025)) - Added filter static_user_filter (class=org.apache.hadoop.http.lib.StaticUserWebFilter$StaticUserFilter) to context logs
2025-04-23 15:46:25,597 [main] INFO  http.HttpServer2 (HttpServer2.java:addFilter(1025)) - Added filter static_user_filter (class=org.apache.hadoop.http.lib.StaticUserWebFilter$StaticUserFilter) to context static
2025-04-23 15:46:25,597 [main] INFO  http.BaseHttpServer (BaseHttpServer.java:<init>(195)) - HTTP server of ozoneManager uses base directory /home/runner/work/ozone/ozone/hadoop-ozone/integration-test/target/test-dir/MiniOzoneClusterImpl-5cf50c17-c591-473f-a8c4-88d8665d28d7/omNode-1/webserver
2025-04-23 15:46:25,597 [main] INFO  http.HttpServer2 (HttpServer2.java:bindListener(1241)) - Jetty bound to port 15007
2025-04-23 15:46:25,597 [main] INFO  server.Server (Server.java:doStart(375)) - jetty-9.4.57.v20241219; built: 2025-01-08T21:24:30.412Z; git: df524e6b29271c2e09ba9aea83c18dc9db464a31; jvm 21.0.7+6-LTS
2025-04-23 15:46:25,599 [main] INFO  server.session (DefaultSessionIdManager.java:doStart(334)) - DefaultSessionIdManager workerName=node0
2025-04-23 15:46:25,599 [main] INFO  server.session (DefaultSessionIdManager.java:doStart(339)) - No SessionScavenger set, using defaults
2025-04-23 15:46:25,599 [main] INFO  server.session (HouseKeeper.java:startScavenging(132)) - node0 Scavenging every 600000ms
2025-04-23 15:46:25,600 [main] INFO  handler.ContextHandler (ContextHandler.java:doStart(921)) - Started o.e.j.s.ServletContextHandler@e7908{logs,/logs,file:///home/runner/work/ozone/ozone/hadoop-ozone/integration-test/target/log,AVAILABLE}
2025-04-23 15:46:25,600 [main] INFO  handler.ContextHandler (ContextHandler.java:doStart(921)) - Started o.e.j.s.ServletContextHandler@6fc019cb{static,/static,file:///home/runner/work/ozone/ozone/hadoop-ozone/integration-test/target/test-classes/webapps/static,AVAILABLE}
2025-04-23 15:46:25,604 [main] INFO  handler.ContextHandler (ContextHandler.java:doStart(921)) - Started o.e.j.w.WebAppContext@f8aeb66{ozoneManager,/,file:///home/runner/work/ozone/ozone/hadoop-ozone/integration-test/target/test-classes/webapps/ozoneManager/,AVAILABLE}{file:/home/runner/work/ozone/ozone/hadoop-ozone/integration-test/target/test-classes/webapps/ozoneManager}
2025-04-23 15:46:25,605 [main] INFO  server.AbstractConnector (AbstractConnector.java:doStart(333)) - Started ServerConnector@788abc19{HTTP/1.1, (http/1.1)}{0.0.0.0:15007}
2025-04-23 15:46:25,605 [main] INFO  server.Server (Server.java:doStart(415)) - Started @120586ms
2025-04-23 15:46:25,605 [main] WARN  impl.MetricsSystemImpl (MetricsSystemImpl.java:register(279)) - Sink prometheus already exists!
2025-04-23 15:46:25,605 [main] INFO  http.BaseHttpServer (BaseHttpServer.java:updateConnectorAddress(360)) - HTTP server of ozoneManager listening at http://0.0.0.0:15007
2025-04-23 15:46:25,605 [IPC Server Responder] INFO  ipc.Server (Server.java:run(1713)) - IPC Server Responder: starting
2025-04-23 15:46:25,605 [IPC Server listener on 15006] INFO  ipc.Server (Server.java:run(1553)) - IPC Server listener on 15006: starting
2025-04-23 15:46:25,608 [main] INFO  om.OzoneManager (OzoneManager.java:startTrashEmptier(2257)) - Trash Interval set to 0. Files deleted won't move to trash
2025-04-23 15:46:25,608 [main] INFO  om.OzoneManager (OzoneManager.java:restart(1878)) - OzoneManager RPC server is listening at localhost/127.0.0.1:15010
2025-04-23 15:46:25,608 [main] INFO  impl.MetricsSystemImpl (MetricsSystemImpl.java:init(158)) - OzoneManager metrics system started (again)
2025-04-23 15:46:25,624 [main] WARN  server.ServerUtils (ServerUtils.java:getDBPath(297)) - ozone.om.db.dirs is not configured. We recommend adding this setting. Falling back to ozone.metadata.dirs instead.
2025-04-23 15:46:25,674 [main] INFO  om.OzoneManager (OzoneManager.java:instantiateServices(933)) - S3 Multi-Tenancy is disabled
2025-04-23 15:46:25,674 [main] INFO  om.OmSnapshotManager (OmSnapshotManager.java:<init>(180)) - Ozone filesystem snapshot feature is enabled.
2025-04-23 15:46:25,674 [main] WARN  server.ServerUtils (ServerUtils.java:getDBPath(297)) - ozone.om.snapshot.diff.db.dir is not configured. We recommend adding this setting. Falling back to ozone.metadata.dirs instead.
2025-04-23 15:46:25,691 [main] WARN  dropwizard3.Dm3MetricRegistriesImpl (Dm3MetricRegistriesImpl.java:addReporterRegistration(114)) - New reporters are added after registries were created. Some metrics will be missing from the reporter. Please add reporter before adding any new registry.
2025-04-23 15:46:25,692 [main] WARN  dropwizard3.Dm3MetricRegistriesImpl (Dm3MetricRegistriesImpl.java:addReporterRegistration(114)) - New reporters are added after registries were created. Some metrics will be missing from the reporter. Please add reporter before adding any new registry.
2025-04-23 15:46:25,692 [main] WARN  server.ServerUtils (ServerUtils.java:getDefaultRatisDirectory(309)) - Storage directory for Ratis is not configured. It is a good idea to map this to an SSD disk. Falling back to ozone.metadata.dirs
2025-04-23 15:46:25,692 [main] INFO  server.RaftServerConfigKeys (ConfUtils.java:logGet(46)) - raft.server.log.appender.buffer.byte-limit = 4194304 (custom)
2025-04-23 15:46:25,693 [main] INFO  ratis.OzoneManagerRatisServer (OzoneManagerRatisServer.java:<init>(167)) - Instantiating OM Ratis server with groupID: om-service-test1 and peers: localhost:15013, localhost:15017, localhost:15009
2025-04-23 15:46:25,693 [main] INFO  ratis.OzoneManagerStateMachine (OzoneManagerStateMachine.java:loadSnapshotInfoFromDB(611)) - LastAppliedIndex is set from TransactionInfo from OM DB as (t:10, i:106)
2025-04-23 15:46:25,693 [main] INFO  server.RaftServer (ConfUtils.java:logGet(46)) - raft.rpc.type = GRPC (default)
2025-04-23 15:46:25,693 [main] INFO  grpc.GrpcConfigKeys (ConfUtils.java:logFallback(53)) - raft.grpc.admin.host = null (fallback to raft.grpc.server.host)
2025-04-23 15:46:25,694 [main] INFO  grpc.GrpcConfigKeys (ConfUtils.java:logFallback(53)) - raft.grpc.admin.port = 15013 (fallback to raft.grpc.server.port)
2025-04-23 15:46:25,694 [main] INFO  grpc.GrpcConfigKeys (ConfUtils.java:logFallback(53)) - raft.grpc.client.host = null (fallback to raft.grpc.server.host)
2025-04-23 15:46:25,694 [main] INFO  grpc.GrpcConfigKeys (ConfUtils.java:logFallback(53)) - raft.grpc.client.port = 15013 (fallback to raft.grpc.server.port)
2025-04-23 15:46:25,694 [main] INFO  grpc.GrpcConfigKeys (ConfUtils.java:logGet(46)) - raft.grpc.server.host = null (default)
2025-04-23 15:46:25,694 [main] INFO  grpc.GrpcConfigKeys (ConfUtils.java:logGet(46)) - raft.grpc.server.port = 15013 (custom)
2025-04-23 15:46:25,694 [main] INFO  server.GrpcService (ConfUtils.java:logGet(46)) - raft.grpc.message.size.max = 5242880 (custom)
2025-04-23 15:46:25,694 [main] INFO  server.GrpcService (ConfUtils.java:logGet(46)) - raft.grpc.flow.control.window = 1MB (=1048576) (default)
2025-04-23 15:46:25,694 [main] INFO  server.RaftServerConfigKeys (ConfUtils.java:logGet(46)) - raft.server.rpc.request.timeout = 3000ms (default)
2025-04-23 15:46:25,694 [main] INFO  grpc.GrpcConfigKeys (ConfUtils.java:logGet(46)) - raft.grpc.server.heartbeat.channel = true (default)
2025-04-23 15:46:25,694 [main] INFO  server.RaftServerConfigKeys (ConfUtils.java:logGet(46)) - raft.server.log.appender.buffer.byte-limit = 4194304 (custom)
2025-04-23 15:46:25,694 [main] INFO  grpc.GrpcConfigKeys (ConfUtils.java:logGet(46)) - raft.grpc.server.async.request.thread.pool.cached = true (default)
2025-04-23 15:46:25,694 [main] INFO  grpc.GrpcConfigKeys (ConfUtils.java:logGet(46)) - raft.grpc.server.async.request.thread.pool.size = 32 (default)
2025-04-23 15:46:25,695 [main] INFO  impl.DataStreamServerImpl (ConfUtils.java:logGet(46)) - raft.datastream.type = DISABLED (default)
2025-04-23 15:46:25,695 [main] INFO  server.RaftServerConfigKeys (ConfUtils.java:logGet(46)) - raft.server.sleep.deviation.threshold = 300ms (default)
2025-04-23 15:46:25,695 [main] INFO  server.RaftServerConfigKeys (ConfUtils.java:logGet(46)) - raft.server.close.threshold = 60s (default)
2025-04-23 15:46:25,695 [main] INFO  server.RaftServerConfigKeys (ConfUtils.java:logGet(46)) - raft.server.leaderelection.leader.step-down.wait-time = 10s (default)
2025-04-23 15:46:25,695 [main] INFO  server.RaftServerConfigKeys (ConfUtils.java:logGet(46)) - raft.server.storage.dir = [/home/runner/work/ozone/ozone/hadoop-ozone/integration-test/target/test-dir/MiniOzoneClusterImpl-5cf50c17-c591-473f-a8c4-88d8665d28d7/omNode-2/ratis] (custom)
2025-04-23 15:46:25,695 [main] INFO  server.RaftServerConfigKeys (ConfUtils.java:logGet(46)) - raft.server.threadpool.proxy.cached = true (default)
2025-04-23 15:46:25,696 [main] INFO  server.RaftServerConfigKeys (ConfUtils.java:logGet(46)) - raft.server.threadpool.proxy.size = 0 (default)
2025-04-23 15:46:25,696 [omNode-2-impl-thread1] INFO  server.RaftServer (RaftServerProxy.java:initGroupDir(265)) - omNode-2: found a subdirectory /home/runner/work/ozone/ozone/hadoop-ozone/integration-test/target/test-dir/MiniOzoneClusterImpl-5cf50c17-c591-473f-a8c4-88d8665d28d7/omNode-2/ratis/c9bc4cf4-3bc3-3c60-a66b-523986131536
2025-04-23 15:46:25,696 [main] INFO  server.RaftServer (RaftServerProxy.java:addNew(100)) - omNode-2: addNew group-523986131536:[omNode-3|localhost:15017, omNode-1|localhost:15009, omNode-2|localhost:15013] returns group-523986131536:java.util.concurrent.CompletableFuture@469d8df4[Not completed]
2025-04-23 15:46:25,696 [main] INFO  om.OzoneManager (OzoneManager.java:initializeRatisServer(2303)) - OzoneManager Ratis server initialized at port 15013
2025-04-23 15:46:25,696 [main] INFO  ratis.OzoneManagerRatisServer (OzoneManagerRatisServer.java:start(628)) - Starting OzoneManagerRatisServer omNode-2 at port 15013
2025-04-23 15:46:25,696 [omNode-2-groupManagement] INFO  server.RaftServer$Division (RaftServerImpl.java:<init>(255)) - omNode-2: new RaftServerImpl for group-523986131536:[omNode-3|localhost:15017, omNode-1|localhost:15009, omNode-2|localhost:15013] with OzoneManagerStateMachine:uninitialized
2025-04-23 15:46:25,697 [omNode-2-groupManagement] INFO  server.RaftServerConfigKeys (ConfUtils.java:logGet(46)) - raft.server.rpc.timeout.min = 1s (custom)
2025-04-23 15:46:25,697 [omNode-2-groupManagement] INFO  server.RaftServerConfigKeys (ConfUtils.java:logGet(46)) - raft.server.rpc.timeout.max = 1200ms (custom)
2025-04-23 15:46:25,697 [omNode-2-groupManagement] INFO  server.RaftServerConfigKeys (ConfUtils.java:logGet(46)) - raft.server.rpc.sleep.time = 25ms (default)
2025-04-23 15:46:25,697 [omNode-2-groupManagement] INFO  server.RaftServerConfigKeys (ConfUtils.java:logGet(46)) - raft.server.rpc.slowness.timeout = 2s (custom)
2025-04-23 15:46:25,697 [omNode-2-groupManagement] INFO  server.RaftServerConfigKeys (ConfUtils.java:logGet(46)) - raft.server.leaderelection.leader.step-down.wait-time = 10s (default)
2025-04-23 15:46:25,697 [omNode-2-groupManagement] INFO  server.RaftServerConfigKeys (ConfUtils.java:logGet(46)) - raft.server.leaderelection.member.majority-add = false (default)
2025-04-23 15:46:25,697 [omNode-2-groupManagement] INFO  server.RaftServerConfigKeys (ConfUtils.java:logGet(46)) - raft.server.sleep.deviation.threshold = 300ms (default)
2025-04-23 15:46:25,697 [omNode-2-groupManagement] INFO  server.RaftServer$Division (ServerState.java:<init>(114)) - omNode-2@group-523986131536: ConfigurationManager, init=conf: {index: -1, cur=peers:[omNode-3|localhost:15017, omNode-1|localhost:15009, omNode-2|localhost:15013]|listeners:[], old=null}, confs=<EMPTY_MAP>
2025-04-23 15:46:25,697 [omNode-2-groupManagement] INFO  server.RaftServerConfigKeys (ConfUtils.java:logGet(46)) - raft.server.notification.no-leader.timeout = 2s (custom)
2025-04-23 15:46:25,697 [omNode-2-groupManagement] INFO  server.RaftServerConfigKeys (ConfUtils.java:logGet(46)) - raft.server.read.timeout = 10s (default)
2025-04-23 15:46:25,697 [omNode-2-groupManagement] INFO  server.RaftServerConfigKeys (ConfUtils.java:logGet(46)) - raft.server.retrycache.expirytime = 30000ms (custom)
2025-04-23 15:46:25,697 [omNode-2-groupManagement] INFO  server.RaftServerConfigKeys (ConfUtils.java:logGet(46)) - raft.server.retrycache.statistics.expirytime = 100ms (default)
2025-04-23 15:46:25,697 [omNode-2-groupManagement] INFO  server.RaftServerConfigKeys (ConfUtils.java:logGet(46)) - raft.server.read.option = DEFAULT (default)
2025-04-23 15:46:25,697 [omNode-2-groupManagement] INFO  server.RaftServerConfigKeys (ConfUtils.java:logGet(46)) - raft.server.read.read-after-write-consistent.write-index-cache.expiry-time = 60s (default)
2025-04-23 15:46:25,699 [omNode-2-groupManagement] INFO  server.RaftServerConfigKeys (ConfUtils.java:logGet(46)) - raft.server.rpc.request.timeout = 3000ms (default)
2025-04-23 15:46:25,699 [omNode-2-groupManagement] INFO  server.RaftServerConfigKeys (ConfUtils.java:logGet(46)) - raft.server.log.appender.install.snapshot.enabled = false (custom)
2025-04-23 15:46:25,699 [omNode-2-groupManagement] INFO  server.RaftServerConfigKeys (ConfUtils.java:logGet(46)) - raft.server.threadpool.server.cached = true (default)
2025-04-23 15:46:25,699 [omNode-2-groupManagement] INFO  server.RaftServerConfigKeys (ConfUtils.java:logGet(46)) - raft.server.threadpool.server.size = 0 (default)
2025-04-23 15:46:25,699 [omNode-2-groupManagement] INFO  server.RaftServerConfigKeys (ConfUtils.java:logGet(46)) - raft.server.threadpool.client.cached = true (default)
2025-04-23 15:46:25,700 [omNode-2-groupManagement] INFO  server.RaftServerConfigKeys (ConfUtils.java:logGet(46)) - raft.server.threadpool.client.size = 0 (default)
2025-04-23 15:46:25,700 [omNode-2-impl-thread1] INFO  server.RaftServerConfigKeys (ConfUtils.java:logGet(46)) - raft.server.storage.free-space.min = 0MB (=0) (default)
2025-04-23 15:46:25,700 [omNode-2-impl-thread1] INFO  server.RaftServerConfigKeys (ConfUtils.java:logGet(46)) - raft.server.log.corruption.policy = EXCEPTION (default)
2025-04-23 15:46:25,700 [omNode-2-impl-thread1] INFO  server.RaftServerConfigKeys (ConfUtils.java:logGet(46)) - raft.server.storage.dir = [/home/runner/work/ozone/ozone/hadoop-ozone/integration-test/target/test-dir/MiniOzoneClusterImpl-5cf50c17-c591-473f-a8c4-88d8665d28d7/omNode-2/ratis] (custom)
2025-04-23 15:46:25,701 [omNode-2-impl-thread1] INFO  storage.RaftStorageDirectory (RaftStorageDirectoryImpl.java:tryLock(229)) - Lock on /home/runner/work/ozone/ozone/hadoop-ozone/integration-test/target/test-dir/MiniOzoneClusterImpl-5cf50c17-c591-473f-a8c4-88d8665d28d7/omNode-2/ratis/c9bc4cf4-3bc3-3c60-a66b-523986131536/in_use.lock acquired by nodename 129659@fv-az1337-835
2025-04-23 15:46:25,701 [omNode-2-impl-thread1] INFO  storage.RaftStorage (RaftStorageImpl.java:analyzeAndRecoverStorage(118)) - Read RaftStorageMetadata{term=10, votedFor=omNode-3} from /home/runner/work/ozone/ozone/hadoop-ozone/integration-test/target/test-dir/MiniOzoneClusterImpl-5cf50c17-c591-473f-a8c4-88d8665d28d7/omNode-2/ratis/c9bc4cf4-3bc3-3c60-a66b-523986131536/current/raft-meta
2025-04-23 15:46:25,702 [omNode-2-impl-thread1] INFO  server.RaftServer$Division (ServerState.java:setRaftConf(386)) - omNode-2@group-523986131536: set configuration conf: {index: 105, cur=peers:[omNode-3|localhost:15017, omNode-1|localhost:15009, omNode-2|localhost:15013]|listeners:[], old=null}
2025-04-23 15:46:25,702 [omNode-2-impl-thread1] INFO  ratis.OzoneManagerStateMachine (OzoneManagerStateMachine.java:lambda$0(138)) - omNode-2: initialize group-523986131536 with (t:10, i:106)
2025-04-23 15:46:25,702 [omNode-2-impl-thread1] INFO  server.RaftServerConfigKeys (ConfUtils.java:logGet(46)) - raft.server.log.use.memory = false (default)
2025-04-23 15:46:25,702 [omNode-2-impl-thread1] INFO  server.RaftServerConfigKeys (ConfUtils.java:logGet(46)) - raft.server.log.purge.gap = 50 (custom)
2025-04-23 15:46:25,702 [omNode-2-impl-thread1] INFO  server.RaftServerConfigKeys (ConfUtils.java:logGet(46)) - raft.server.log.appender.buffer.byte-limit = 4194304 (custom)
2025-04-23 15:46:25,702 [omNode-2-impl-thread1] INFO  server.RaftServerConfigKeys (ConfUtils.java:logGet(46)) - raft.server.log.statemachine.data.read.timeout = 1000ms (default)
2025-04-23 15:46:25,702 [omNode-2-impl-thread1] INFO  server.RaftServerConfigKeys (ConfUtils.java:logGet(46)) - raft.server.log.purge.preservation.log.num = 0 (default)
2025-04-23 15:46:25,703 [omNode-2-impl-thread1] INFO  server.RaftServerConfigKeys (ConfUtils.java:logGet(46)) - raft.server.log.segment.size.max = 4194304 (custom)
2025-04-23 15:46:25,703 [omNode-2-impl-thread1] INFO  server.RaftServerConfigKeys (ConfUtils.java:logGet(46)) - raft.server.log.segment.cache.num.max = 2 (custom)
2025-04-23 15:46:25,704 [omNode-2-impl-thread1] INFO  server.RaftServerConfigKeys (ConfUtils.java:logGet(46)) - raft.server.log.segment.cache.size.max = 200MB (=209715200) (default)
2025-04-23 15:46:25,704 [omNode-2-impl-thread1] INFO  server.RaftServerConfigKeys (ConfUtils.java:logGet(46)) - raft.server.log.appender.buffer.byte-limit = 4194304 (custom)
2025-04-23 15:46:25,704 [omNode-2-impl-thread1] INFO  util.AwaitToRun (AwaitToRun.java:start(81)) - Thread[#4665,omNode-2@group-523986131536-cacheEviction-AwaitToRun,5,main] started
2025-04-23 15:46:25,704 [omNode-2-impl-thread1] INFO  segmented.SegmentedRaftLogWorker (SegmentedRaftLogWorker.java:<init>(188)) - new omNode-2@group-523986131536-SegmentedRaftLogWorker for RaftStorageImpl:Storage Directory /home/runner/work/ozone/ozone/hadoop-ozone/integration-test/target/test-dir/MiniOzoneClusterImpl-5cf50c17-c591-473f-a8c4-88d8665d28d7/omNode-2/ratis/c9bc4cf4-3bc3-3c60-a66b-523986131536
2025-04-23 15:46:25,704 [omNode-2-impl-thread1] INFO  server.RaftServerConfigKeys (ConfUtils.java:logGet(46)) - raft.server.log.queue.byte-limit = 64MB (=67108864) (default)
2025-04-23 15:46:25,704 [omNode-2-impl-thread1] INFO  server.RaftServerConfigKeys (ConfUtils.java:logGet(46)) - raft.server.log.queue.element-limit = 4096 (default)
2025-04-23 15:46:25,704 [omNode-2-impl-thread1] INFO  server.RaftServerConfigKeys (ConfUtils.java:logGet(46)) - raft.server.log.segment.size.max = 4194304 (custom)
2025-04-23 15:46:25,704 [omNode-2-impl-thread1] INFO  server.RaftServerConfigKeys (ConfUtils.java:logGet(46)) - raft.server.log.preallocated.size = 4194304 (custom)
2025-04-23 15:46:25,704 [omNode-2-impl-thread1] INFO  server.RaftServerConfigKeys (ConfUtils.java:logGet(46)) - raft.server.log.force.sync.num = 128 (default)
2025-04-23 15:46:25,704 [omNode-2-impl-thread1] INFO  server.RaftServerConfigKeys (ConfUtils.java:logGet(46)) - raft.server.log.statemachine.data.sync = true (default)
2025-04-23 15:46:25,704 [omNode-2-impl-thread1] INFO  server.RaftServerConfigKeys (ConfUtils.java:logGet(46)) - raft.server.log.statemachine.data.sync.timeout = 10s (default)
2025-04-23 15:46:25,704 [omNode-2-impl-thread1] INFO  server.RaftServerConfigKeys (ConfUtils.java:logGet(46)) - raft.server.log.statemachine.data.sync.timeout.retry = -1 (default)
2025-04-23 15:46:25,705 [omNode-2-impl-thread1] INFO  server.RaftServerConfigKeys (ConfUtils.java:logGet(46)) - raft.server.log.write.buffer.size = 4194312 (custom)
2025-04-23 15:46:25,706 [omNode-2-impl-thread1] INFO  server.RaftServerConfigKeys (ConfUtils.java:logGet(46)) - raft.server.log.appender.buffer.byte-limit = 4194304 (custom)
2025-04-23 15:46:25,706 [omNode-2-impl-thread1] INFO  server.RaftServerConfigKeys (ConfUtils.java:logGet(46)) - raft.server.log.unsafe-flush.enabled = false (default)
2025-04-23 15:46:25,707 [omNode-2-impl-thread1] INFO  server.RaftServerConfigKeys (ConfUtils.java:logGet(46)) - raft.server.log.async-flush.enabled = false (default)
2025-04-23 15:46:25,707 [omNode-2-impl-thread1] INFO  server.RaftServerConfigKeys (ConfUtils.java:logGet(46)) - raft.server.log.statemachine.data.caching.enabled = false (default)
2025-04-23 15:46:25,707 [omNode-2-impl-thread1] INFO  server.RaftServer$Division (ServerState.java:setRaftConf(386)) - omNode-2@group-523986131536: set configuration conf: {index: 103, cur=peers:[omNode-3|localhost:15017, omNode-1|localhost:15009, omNode-2|localhost:15013]|listeners:[], old=null}
2025-04-23 15:46:25,707 [omNode-2-impl-thread1] INFO  segmented.LogSegment (LogSegment.java:loadSegment(171)) - Successfully read 2 entries from segment file /home/runner/work/ozone/ozone/hadoop-ozone/integration-test/target/test-dir/MiniOzoneClusterImpl-5cf50c17-c591-473f-a8c4-88d8665d28d7/omNode-2/ratis/c9bc4cf4-3bc3-3c60-a66b-523986131536/current/log_103-104
2025-04-23 15:46:25,707 [omNode-2-impl-thread1] INFO  server.RaftServer$Division (ServerState.java:setRaftConf(386)) - omNode-2@group-523986131536: set configuration conf: {index: 105, cur=peers:[omNode-3|localhost:15017, omNode-1|localhost:15009, omNode-2|localhost:15013]|listeners:[], old=null}
2025-04-23 15:46:25,708 [omNode-2-impl-thread1] INFO  segmented.LogSegment (LogSegment.java:loadSegment(171)) - Successfully read 2 entries from segment file /home/runner/work/ozone/ozone/hadoop-ozone/integration-test/target/test-dir/MiniOzoneClusterImpl-5cf50c17-c591-473f-a8c4-88d8665d28d7/omNode-2/ratis/c9bc4cf4-3bc3-3c60-a66b-523986131536/current/log_inprogress_105
2025-04-23 15:46:25,708 [omNode-2-impl-thread1] INFO  segmented.SegmentedRaftLogWorker (SegmentedRaftLogWorker.java:lambda$new$0(139)) - omNode-2@group-523986131536-SegmentedRaftLogWorker: flushIndex: setUnconditionally 0 -> 106
2025-04-23 15:46:25,708 [omNode-2-impl-thread1] INFO  segmented.SegmentedRaftLogWorker (SegmentedRaftLogWorker.java:lambda$new$0(139)) - omNode-2@group-523986131536-SegmentedRaftLogWorker: safeCacheEvictIndex: setUnconditionally 0 -> 104
2025-04-23 15:46:25,708 [omNode-2-impl-thread1] INFO  segmented.BufferedWriteChannel (BufferedWriteChannel.java:open(61)) - open log_inprogress_105 (append) at position 125
2025-04-23 15:46:25,708 [omNode-2-impl-thread1] INFO  raftlog.RaftLog (RaftLogBase.java:lambda$new$0(54)) - omNode-2@group-523986131536-SegmentedRaftLog: purgeIndex: updateToMax old=-1, new=102, updated? true
2025-04-23 15:46:25,708 [omNode-2-impl-thread1] INFO  server.RaftServer$Division (RaftServerImpl.java:start(391)) - omNode-2@group-523986131536: start as a follower, conf=conf: {index: 105, cur=peers:[omNode-3|localhost:15017, omNode-1|localhost:15009, omNode-2|localhost:15013]|listeners:[], old=null}
2025-04-23 15:46:25,708 [omNode-2-impl-thread1] INFO  server.RaftServer$Division (RaftServerImpl.java:setRole(378)) - omNode-2@group-523986131536: changes role from      null to FOLLOWER at term 10 for startAsFollower
2025-04-23 15:46:25,708 [omNode-2-impl-thread1] INFO  impl.RoleInfo (RoleInfo.java:updateAndGet(148)) - omNode-2: start omNode-2@group-523986131536-FollowerState
2025-04-23 15:46:25,709 [omNode-2-impl-thread1] INFO  util.JmxRegister (JmxRegister.java:tryRegister(44)) - Successfully registered JMX Bean with object name Ratis:service=RaftServer,group=group-523986131536,id=omNode-2
2025-04-23 15:46:25,709 [omNode-2-impl-thread1] INFO  util.JmxRegister (JmxRegister.java:register(58)) - register mxBean class org.apache.ratis.server.impl.RaftServerJmxAdapter as Ratis:service=RaftServer,group=group-523986131536,id=omNode-2
2025-04-23 15:46:25,709 [omNode-2-impl-thread1] INFO  server.RaftServerConfigKeys (ConfUtils.java:logGet(46)) - raft.server.snapshot.trigger-when-stop.enabled = true (default)
2025-04-23 15:46:25,709 [omNode-2-impl-thread1] INFO  server.RaftServerConfigKeys (ConfUtils.java:logGet(46)) - raft.server.snapshot.trigger-when-remove.enabled = true (default)
2025-04-23 15:46:25,709 [omNode-2-impl-thread1] INFO  server.RaftServerConfigKeys (ConfUtils.java:logGet(46)) - raft.server.snapshot.auto.trigger.enabled = true (custom)
2025-04-23 15:46:25,709 [omNode-2-impl-thread1] INFO  server.RaftServerConfigKeys (ConfUtils.java:logGet(46)) - raft.server.snapshot.auto.trigger.threshold = 50 (custom)
2025-04-23 15:46:25,709 [omNode-2-impl-thread1] INFO  server.RaftServerConfigKeys (ConfUtils.java:logGet(46)) - raft.server.snapshot.retention.file.num = -1 (default)
2025-04-23 15:46:25,709 [omNode-2-impl-thread1] INFO  server.RaftServerConfigKeys (ConfUtils.java:logGet(46)) - raft.server.log.purge.upto.snapshot.index = true (custom)
2025-04-23 15:46:25,709 [omNode-2@group-523986131536-FollowerState] INFO  server.RaftServerConfigKeys (ConfUtils.java:logFallback(53)) - raft.server.rpc.first-election.timeout.min = 1s (fallback to raft.server.rpc.timeout.min)
2025-04-23 15:46:25,709 [omNode-2@group-523986131536-FollowerState] INFO  server.RaftServerConfigKeys (ConfUtils.java:logFallback(53)) - raft.server.rpc.first-election.timeout.max = 1200ms (fallback to raft.server.rpc.timeout.max)
2025-04-23 15:46:25,709 [omNode-2-impl-thread1] INFO  server.RaftServer$Division (RaftServerImpl.java:start(405)) - omNode-2@group-523986131536: Successfully started.
2025-04-23 15:46:25,709 [main] INFO  server.RaftServer (RaftServerProxy.java:startImpl(407)) - omNode-2: start RPC server
2025-04-23 15:46:25,710 [main] INFO  server.GrpcService (GrpcService.java:startImpl(334)) - omNode-2: GrpcService started, listening on 15013
2025-04-23 15:46:25,710 [main] INFO  om.OzoneManager (OzoneManager.java:getRpcServer(1360)) - Creating RPC Server
2025-04-23 15:46:25,710 [JvmPauseMonitor28] INFO  util.JvmPauseMonitor (JvmPauseMonitor.java:run(146)) - JvmPauseMonitor-omNode-2: Started
2025-04-23 15:46:25,987 [omNode-3@group-523986131536-FollowerState] INFO  impl.FollowerState (FollowerState.java:runImpl(161)) - omNode-3@group-523986131536-FollowerState: change to CANDIDATE, lastRpcElapsedTime:1192538593ns, electionTimeout:1192ms
2025-04-23 15:46:25,987 [omNode-3@group-523986131536-FollowerState] INFO  impl.RoleInfo (RoleInfo.java:shutdownFollowerState(121)) - omNode-3: shutdown omNode-3@group-523986131536-FollowerState
2025-04-23 15:46:25,987 [omNode-3@group-523986131536-FollowerState] INFO  server.RaftServer$Division (RaftServerImpl.java:setRole(378)) - omNode-3@group-523986131536: changes role from  FOLLOWER to CANDIDATE at term 10 for changeToCandidate
2025-04-23 15:46:25,987 [omNode-3@group-523986131536-FollowerState] INFO  server.RaftServerConfigKeys (ConfUtils.java:logGet(46)) - raft.server.leaderelection.pre-vote = true (default)
2025-04-23 15:46:25,988 [omNode-3@group-523986131536-FollowerState] INFO  impl.RoleInfo (RoleInfo.java:updateAndGet(148)) - omNode-3: start omNode-3@group-523986131536-LeaderElection26
2025-04-23 15:46:25,988 [omNode-3@group-523986131536-LeaderElection26] INFO  impl.LeaderElection (LeaderElection.java:askForVotes(332)) - omNode-3@group-523986131536-LeaderElection26 PRE_VOTE round 0: submit vote requests at term 10 for conf: {index: 105, cur=peers:[omNode-3|localhost:15017, omNode-1|localhost:15009, omNode-2|localhost:15013]|listeners:[], old=null}
2025-04-23 15:46:25,988 [omNode-3@group-523986131536-LeaderElection26-1] INFO  server.GrpcServerProtocolClient (GrpcServerProtocolClient.java:<init>(65)) - Build channel for omNode-1|localhost:15009
2025-04-23 15:46:25,988 [omNode-3@group-523986131536-LeaderElection26-2] INFO  server.GrpcServerProtocolClient (GrpcServerProtocolClient.java:<init>(65)) - Build channel for omNode-2|localhost:15013
2025-04-23 15:46:25,988 [omNode-3@group-523986131536-LeaderElection26] INFO  server.RaftServerConfigKeys (ConfUtils.java:logFallback(53)) - raft.server.rpc.first-election.timeout.min = 1s (fallback to raft.server.rpc.timeout.min)
2025-04-23 15:46:25,989 [omNode-3@group-523986131536-LeaderElection26] INFO  server.RaftServerConfigKeys (ConfUtils.java:logFallback(53)) - raft.server.rpc.first-election.timeout.max = 1200ms (fallback to raft.server.rpc.timeout.max)
2025-04-23 15:46:25,992 [grpc-default-executor-1] INFO  server.RaftServer$Division (RaftServerImpl.java:requestVote(1407)) - omNode-1@group-523986131536: receive requestVote(PRE_VOTE, omNode-3, group-523986131536, 10, (t:10, i:106))
2025-04-23 15:46:25,993 [grpc-default-executor-1] INFO  impl.VoteContext (VoteContext.java:log(49)) - omNode-1@group-523986131536-FOLLOWER: accept PRE_VOTE from omNode-3: our priority 0 <= candidate's priority 0
2025-04-23 15:46:25,993 [grpc-default-executor-1] INFO  server.RaftServer$Division (RaftServerImpl.java:requestVote(1441)) - omNode-1@group-523986131536 replies to PRE_VOTE vote request: omNode-3<-omNode-1#0:OK-t10. Peer's state: omNode-1@group-523986131536:t10, leader=null, voted=omNode-3, raftlog=Memoized:omNode-1@group-523986131536-SegmentedRaftLog:OPENED:c105:last(t:10, i:106), conf=conf: {index: 105, cur=peers:[omNode-3|localhost:15017, omNode-1|localhost:15009, omNode-2|localhost:15013]|listeners:[], old=null}
2025-04-23 15:46:25,993 [grpc-default-executor-6] INFO  server.RaftServer$Division (RaftServerImpl.java:requestVote(1407)) - omNode-2@group-523986131536: receive requestVote(PRE_VOTE, omNode-3, group-523986131536, 10, (t:10, i:106))
2025-04-23 15:46:25,993 [grpc-default-executor-6] INFO  impl.VoteContext (VoteContext.java:log(49)) - omNode-2@group-523986131536-FOLLOWER: accept PRE_VOTE from omNode-3: our priority 0 <= candidate's priority 0
2025-04-23 15:46:25,993 [grpc-default-executor-6] INFO  server.RaftServer$Division (RaftServerImpl.java:requestVote(1441)) - omNode-2@group-523986131536 replies to PRE_VOTE vote request: omNode-3<-omNode-2#0:OK-t10. Peer's state: omNode-2@group-523986131536:t10, leader=null, voted=omNode-3, raftlog=Memoized:omNode-2@group-523986131536-SegmentedRaftLog:OPENED:c106:last(t:10, i:106), conf=conf: {index: 105, cur=peers:[omNode-3|localhost:15017, omNode-1|localhost:15009, omNode-2|localhost:15013]|listeners:[], old=null}
2025-04-23 15:46:25,994 [omNode-3@group-523986131536-LeaderElection26] INFO  impl.LeaderElection (LeaderElection.java:logAndReturn(90)) - omNode-3@group-523986131536-LeaderElection26: PRE_VOTE PASSED received 1 response(s) and 0 exception(s):
2025-04-23 15:46:25,994 [omNode-3@group-523986131536-LeaderElection26] INFO  impl.LeaderElection (LeaderElection.java:logAndReturn(94)) -   Response 0: omNode-3<-omNode-1#0:OK-t10
2025-04-23 15:46:25,994 [omNode-3@group-523986131536-LeaderElection26] INFO  impl.LeaderElection (LeaderElection.java:askForVotes(334)) - omNode-3@group-523986131536-LeaderElection26 PRE_VOTE round 0: result PASSED
2025-04-23 15:46:25,996 [omNode-3@group-523986131536-LeaderElection26] INFO  impl.LeaderElection (LeaderElection.java:askForVotes(332)) - omNode-3@group-523986131536-LeaderElection26 ELECTION round 0: submit vote requests at term 11 for conf: {index: 105, cur=peers:[omNode-3|localhost:15017, omNode-1|localhost:15009, omNode-2|localhost:15013]|listeners:[], old=null}
2025-04-23 15:46:25,997 [omNode-3@group-523986131536-LeaderElection26] INFO  server.RaftServerConfigKeys (ConfUtils.java:logFallback(53)) - raft.server.rpc.first-election.timeout.min = 1s (fallback to raft.server.rpc.timeout.min)
2025-04-23 15:46:25,997 [omNode-3@group-523986131536-LeaderElection26] INFO  server.RaftServerConfigKeys (ConfUtils.java:logFallback(53)) - raft.server.rpc.first-election.timeout.max = 1200ms (fallback to raft.server.rpc.timeout.max)
2025-04-23 15:46:25,998 [grpc-default-executor-6] INFO  server.RaftServer$Division (RaftServerImpl.java:requestVote(1407)) - omNode-1@group-523986131536: receive requestVote(ELECTION, omNode-3, group-523986131536, 11, (t:10, i:106))
2025-04-23 15:46:25,998 [grpc-default-executor-6] INFO  impl.VoteContext (VoteContext.java:log(49)) - omNode-1@group-523986131536-FOLLOWER: accept ELECTION from omNode-3: our priority 0 <= candidate's priority 0
2025-04-23 15:46:25,999 [grpc-default-executor-6] INFO  server.RaftServer$Division (RaftServerImpl.java:setRole(378)) - omNode-1@group-523986131536: changes role from  FOLLOWER to FOLLOWER at term 10 for candidate:omNode-3
2025-04-23 15:46:25,999 [grpc-default-executor-6] INFO  impl.RoleInfo (RoleInfo.java:shutdownFollowerState(121)) - omNode-1: shutdown omNode-1@group-523986131536-FollowerState
2025-04-23 15:46:25,999 [grpc-default-executor-6] INFO  impl.RoleInfo (RoleInfo.java:updateAndGet(148)) - omNode-1: start omNode-1@group-523986131536-FollowerState
2025-04-23 15:46:25,999 [omNode-1@group-523986131536-FollowerState] INFO  impl.FollowerState (FollowerState.java:runImpl(170)) - omNode-1@group-523986131536-FollowerState was interrupted
2025-04-23 15:46:26,000 [grpc-default-executor-6] INFO  server.RaftServer$Division (RaftServerImpl.java:setFirstElection(562)) - omNode-1@group-523986131536: set firstElectionSinceStartup to false for candidate:omNode-3
2025-04-23 15:46:26,001 [grpc-default-executor-1] INFO  server.RaftServer$Division (RaftServerImpl.java:requestVote(1407)) - omNode-2@group-523986131536: receive requestVote(ELECTION, omNode-3, group-523986131536, 11, (t:10, i:106))
2025-04-23 15:46:26,001 [grpc-default-executor-1] INFO  impl.VoteContext (VoteContext.java:log(49)) - omNode-2@group-523986131536-FOLLOWER: accept ELECTION from omNode-3: our priority 0 <= candidate's priority 0
2025-04-23 15:46:26,001 [grpc-default-executor-1] INFO  server.RaftServer$Division (RaftServerImpl.java:setRole(378)) - omNode-2@group-523986131536: changes role from  FOLLOWER to FOLLOWER at term 10 for candidate:omNode-3
2025-04-23 15:46:26,002 [grpc-default-executor-1] INFO  impl.RoleInfo (RoleInfo.java:shutdownFollowerState(121)) - omNode-2: shutdown omNode-2@group-523986131536-FollowerState
2025-04-23 15:46:26,002 [grpc-default-executor-1] INFO  impl.RoleInfo (RoleInfo.java:updateAndGet(148)) - omNode-2: start omNode-2@group-523986131536-FollowerState
2025-04-23 15:46:26,002 [grpc-default-executor-6] INFO  server.RaftServer$Division (RaftServerImpl.java:requestVote(1441)) - omNode-1@group-523986131536 replies to ELECTION vote request: omNode-3<-omNode-1#0:OK-t11. Peer's state: omNode-1@group-523986131536:t11, leader=null, voted=omNode-3, raftlog=Memoized:omNode-1@group-523986131536-SegmentedRaftLog:OPENED:c105:last(t:10, i:106), conf=conf: {index: 105, cur=peers:[omNode-3|localhost:15017, omNode-1|localhost:15009, omNode-2|localhost:15013]|listeners:[], old=null}
2025-04-23 15:46:26,003 [omNode-2@group-523986131536-FollowerState] INFO  impl.FollowerState (FollowerState.java:runImpl(170)) - omNode-2@group-523986131536-FollowerState was interrupted
2025-04-23 15:46:26,003 [grpc-default-executor-1] INFO  server.RaftServer$Division (RaftServerImpl.java:setFirstElection(562)) - omNode-2@group-523986131536: set firstElectionSinceStartup to false for candidate:omNode-3
2025-04-23 15:46:26,004 [omNode-3@group-523986131536-LeaderElection26] INFO  impl.LeaderElection (LeaderElection.java:logAndReturn(90)) - omNode-3@group-523986131536-LeaderElection26: ELECTION PASSED received 1 response(s) and 0 exception(s):
2025-04-23 15:46:26,004 [omNode-3@group-523986131536-LeaderElection26] INFO  impl.LeaderElection (LeaderElection.java:logAndReturn(94)) -   Response 0: omNode-3<-omNode-1#0:OK-t11
2025-04-23 15:46:26,004 [omNode-3@group-523986131536-LeaderElection26] INFO  impl.LeaderElection (LeaderElection.java:askForVotes(334)) - omNode-3@group-523986131536-LeaderElection26 ELECTION round 0: result PASSED
2025-04-23 15:46:26,004 [omNode-3@group-523986131536-LeaderElection26] INFO  impl.RoleInfo (RoleInfo.java:shutdownLeaderElection(141)) - omNode-3: shutdown omNode-3@group-523986131536-LeaderElection26
2025-04-23 15:46:26,004 [omNode-3@group-523986131536-LeaderElection26] INFO  server.RaftServer$Division (RaftServerImpl.java:setRole(378)) - omNode-3@group-523986131536: changes role from CANDIDATE to LEADER at term 11 for changeToLeader
2025-04-23 15:46:26,004 [omNode-3@group-523986131536-LeaderElection26] INFO  server.RaftServerConfigKeys (ConfUtils.java:logGet(46)) - raft.server.staging.catchup.gap = 1000 (default)
2025-04-23 15:46:26,005 [omNode-3@group-523986131536-LeaderElection26] INFO  server.RaftServerConfigKeys (ConfUtils.java:logGet(46)) - raft.server.write.element-limit = 4096 (default)
2025-04-23 15:46:26,005 [omNode-3@group-523986131536-LeaderElection26] INFO  server.RaftServerConfigKeys (ConfUtils.java:logGet(46)) - raft.server.write.byte-limit = 64MB (=67108864) (default)
2025-04-23 15:46:26,005 [omNode-3@group-523986131536-LeaderElection26] INFO  server.RaftServerConfigKeys (ConfUtils.java:logGet(46)) - raft.server.watch.timeout = 10s (default)
2025-04-23 15:46:26,005 [omNode-3@group-523986131536-LeaderElection26] INFO  server.RaftServerConfigKeys (ConfUtils.java:logGet(46)) - raft.server.watch.timeout.denomination = 1s (default)
2025-04-23 15:46:26,005 [omNode-3@group-523986131536-LeaderElection26] INFO  server.RaftServerConfigKeys (ConfUtils.java:logGet(46)) - raft.server.watch.element-limit = 65536 (default)
2025-04-23 15:46:26,006 [omNode-3@group-523986131536-LeaderElection26] INFO  server.RaftServerConfigKeys (ConfUtils.java:logGet(46)) - raft.server.read.leader.lease.enabled = false (default)
2025-04-23 15:46:26,006 [omNode-3@group-523986131536-LeaderElection26] INFO  server.RaftServerConfigKeys (ConfUtils.java:logGet(46)) - raft.server.read.leader.lease.timeout.ratio = 0.9 (default)
2025-04-23 15:46:26,006 [omNode-3@group-523986131536-LeaderElection26] INFO  server.RaftServerConfigKeys (ConfUtils.java:logGet(46)) - raft.server.rpc.timeout.min = 1s (custom)
2025-04-23 15:46:26,006 [omNode-3@group-523986131536-LeaderElection26] INFO  server.RaftServerConfigKeys (ConfUtils.java:logGet(46)) - raft.server.log.log-metadata.enabled = true (default)
2025-04-23 15:46:26,006 [omNode-3@group-523986131536-LeaderElection26] INFO  server.RaftServerConfigKeys (ConfUtils.java:logGet(46)) - raft.server.write.element-limit = 4096 (default)
2025-04-23 15:46:26,006 [omNode-3@group-523986131536-LeaderElection26] INFO  server.RaftServerConfigKeys (ConfUtils.java:logGet(46)) - raft.server.write.follower.gap.ratio.max = -1.0 (default)
2025-04-23 15:46:26,006 [grpc-default-executor-1] INFO  server.RaftServer$Division (RaftServerImpl.java:requestVote(1441)) - omNode-2@group-523986131536 replies to ELECTION vote request: omNode-3<-omNode-2#0:OK-t11. Peer's state: omNode-2@group-523986131536:t11, leader=null, voted=omNode-3, raftlog=Memoized:omNode-2@group-523986131536-SegmentedRaftLog:OPENED:c106:last(t:10, i:106), conf=conf: {index: 105, cur=peers:[omNode-3|localhost:15017, omNode-1|localhost:15009, omNode-2|localhost:15013]|listeners:[], old=null}
2025-04-23 15:46:26,007 [omNode-3@group-523986131536-LeaderElection26] INFO  server.RaftServerConfigKeys (ConfUtils.java:logGet(46)) - raft.server.log.appender.snapshot.chunk.size.max = 16MB (=16777216) (default)
2025-04-23 15:46:26,007 [omNode-3@group-523986131536-LeaderElection26] INFO  server.RaftServerConfigKeys (ConfUtils.java:logGet(46)) - raft.server.log.appender.buffer.byte-limit = 4194304 (custom)
2025-04-23 15:46:26,007 [omNode-3@group-523986131536-LeaderElection26] INFO  server.RaftServerConfigKeys (ConfUtils.java:logGet(46)) - raft.server.log.appender.buffer.element-limit = 1024 (custom)
2025-04-23 15:46:26,007 [omNode-3@group-523986131536-LeaderElection26] INFO  server.RaftServerConfigKeys (ConfUtils.java:logGet(46)) - raft.server.log.appender.wait-time.min = 0ms (custom)
2025-04-23 15:46:26,007 [omNode-3@group-523986131536-LeaderElection26] INFO  grpc.GrpcConfigKeys (ConfUtils.java:logGet(46)) - raft.grpc.server.leader.outstanding.appends.max = 8 (default)
2025-04-23 15:46:26,007 [omNode-3@group-523986131536-LeaderElection26] INFO  server.RaftServerConfigKeys (ConfUtils.java:logGet(46)) - raft.server.rpc.request.timeout = 3000ms (default)
2025-04-23 15:46:26,007 [omNode-3@group-523986131536-LeaderElection26] INFO  grpc.GrpcConfigKeys (ConfUtils.java:logGet(46)) - raft.grpc.server.install_snapshot.request.element-limit = 8 (default)
2025-04-23 15:46:26,007 [omNode-3@group-523986131536-LeaderElection26] INFO  grpc.GrpcConfigKeys (ConfUtils.java:logGet(46)) - raft.grpc.server.install_snapshot.request.timeout = 3000ms (default)
2025-04-23 15:46:26,008 [omNode-3@group-523986131536-LeaderElection26] INFO  grpc.GrpcConfigKeys (ConfUtils.java:logGet(46)) - raft.grpc.server.log-message.batch.duration = 5s (default)
2025-04-23 15:46:26,008 [omNode-3@group-523986131536-LeaderElection26] INFO  server.RaftServerConfigKeys (ConfUtils.java:logGet(46)) - raft.server.log.appender.install.snapshot.enabled = false (custom)
2025-04-23 15:46:26,008 [omNode-3@group-523986131536-LeaderElection26] INFO  grpc.GrpcConfigKeys (ConfUtils.java:logGet(46)) - raft.grpc.server.heartbeat.channel = true (default)
2025-04-23 15:46:26,008 [omNode-3@group-523986131536-LeaderElection26] INFO  server.RaftServerConfigKeys (ConfUtils.java:logGet(46)) - raft.server.log.appender.snapshot.chunk.size.max = 16MB (=16777216) (default)
2025-04-23 15:46:26,008 [omNode-3@group-523986131536-LeaderElection26] INFO  server.RaftServerConfigKeys (ConfUtils.java:logGet(46)) - raft.server.log.appender.buffer.byte-limit = 4194304 (custom)
2025-04-23 15:46:26,009 [omNode-3@group-523986131536-LeaderElection26] INFO  server.RaftServerConfigKeys (ConfUtils.java:logGet(46)) - raft.server.log.appender.buffer.element-limit = 1024 (custom)
2025-04-23 15:46:26,009 [omNode-3@group-523986131536-LeaderElection26] INFO  server.RaftServerConfigKeys (ConfUtils.java:logGet(46)) - raft.server.log.appender.wait-time.min = 0ms (custom)
2025-04-23 15:46:26,009 [omNode-3@group-523986131536-LeaderElection26] INFO  grpc.GrpcConfigKeys (ConfUtils.java:logGet(46)) - raft.grpc.server.leader.outstanding.appends.max = 8 (default)
2025-04-23 15:46:26,009 [omNode-3@group-523986131536-LeaderElection26] INFO  server.RaftServerConfigKeys (ConfUtils.java:logGet(46)) - raft.server.rpc.request.timeout = 3000ms (default)
2025-04-23 15:46:26,009 [omNode-3@group-523986131536-LeaderElection26] INFO  grpc.GrpcConfigKeys (ConfUtils.java:logGet(46)) - raft.grpc.server.install_snapshot.request.element-limit = 8 (default)
2025-04-23 15:46:26,009 [omNode-3@group-523986131536-LeaderElection26] INFO  grpc.GrpcConfigKeys (ConfUtils.java:logGet(46)) - raft.grpc.server.install_snapshot.request.timeout = 3000ms (default)
2025-04-23 15:46:26,009 [omNode-3@group-523986131536-LeaderElection26] INFO  grpc.GrpcConfigKeys (ConfUtils.java:logGet(46)) - raft.grpc.server.log-message.batch.duration = 5s (default)
2025-04-23 15:46:26,009 [omNode-3@group-523986131536-LeaderElection26] INFO  server.RaftServerConfigKeys (ConfUtils.java:logGet(46)) - raft.server.log.appender.install.snapshot.enabled = false (custom)
2025-04-23 15:46:26,009 [omNode-3@group-523986131536-LeaderElection26] INFO  grpc.GrpcConfigKeys (ConfUtils.java:logGet(46)) - raft.grpc.server.heartbeat.channel = true (default)
2025-04-23 15:46:26,009 [omNode-3@group-523986131536-LeaderElection26] INFO  impl.RoleInfo (RoleInfo.java:updateAndGet(148)) - omNode-3: start omNode-3@group-523986131536-LeaderStateImpl
2025-04-23 15:46:26,009 [omNode-3@group-523986131536-LeaderElection26] INFO  server.RaftServer$Division (RaftServerImpl.java:setFirstElection(562)) - omNode-3@group-523986131536: set firstElectionSinceStartup to false for becomeLeader
2025-04-23 15:46:26,009 [omNode-3@group-523986131536-LeaderElection26] INFO  ratis.OzoneManagerStateMachine (OzoneManagerStateMachine.java:notifyLeaderChanged(169)) - omNode-3@group-523986131536: leader changed to omNode-3
2025-04-23 15:46:26,009 [omNode-3@group-523986131536-LeaderElection26] INFO  server.RaftServer$Division (ServerState.java:setLeader(272)) - omNode-3@group-523986131536: change Leader from null to omNode-3 at term 11 for becomeLeader, leader elected after 1221ms
2025-04-23 15:46:26,010 [omNode-3@group-523986131536-LeaderElection26] INFO  segmented.SegmentedRaftLogWorker (SegmentedRaftLogWorker.java:rollLogSegment(443)) - omNode-3@group-523986131536-SegmentedRaftLogWorker: Rolling segment log-105_106 to index:106
2025-04-23 15:46:26,010 [omNode-3@group-523986131536-LeaderElection26] INFO  server.RaftServer$Division (ServerState.java:setRaftConf(386)) - omNode-3@group-523986131536: set configuration conf: {index: 107, cur=peers:[omNode-3|localhost:15017, omNode-1|localhost:15009, omNode-2|localhost:15013]|listeners:[], old=null}
2025-04-23 15:46:26,010 [omNode-3@group-523986131536-SegmentedRaftLogWorker] INFO  segmented.SegmentedRaftLogWorker (SegmentedRaftLogWorker.java:execute(601)) - omNode-3@group-523986131536-SegmentedRaftLogWorker: Rolled log segment from /home/runner/work/ozone/ozone/hadoop-ozone/integration-test/target/test-dir/MiniOzoneClusterImpl-5cf50c17-c591-473f-a8c4-88d8665d28d7/omNode-3/ratis/c9bc4cf4-3bc3-3c60-a66b-523986131536/current/log_inprogress_105 to /home/runner/work/ozone/ozone/hadoop-ozone/integration-test/target/test-dir/MiniOzoneClusterImpl-5cf50c17-c591-473f-a8c4-88d8665d28d7/omNode-3/ratis/c9bc4cf4-3bc3-3c60-a66b-523986131536/current/log_105-106
2025-04-23 15:46:26,010 [omNode-3@group-523986131536-SegmentedRaftLogWorker] INFO  segmented.BufferedWriteChannel (BufferedWriteChannel.java:open(61)) - open log_inprogress_107 at position 0
2025-04-23 15:46:26,018 [omNode-1-server-thread1] INFO  ratis.OzoneManagerStateMachine (OzoneManagerStateMachine.java:notifyLeaderChanged(169)) - omNode-1@group-523986131536: leader changed to omNode-3
2025-04-23 15:46:26,018 [omNode-1-server-thread1] INFO  server.RaftServer$Division (ServerState.java:setLeader(272)) - omNode-1@group-523986131536: change Leader from null to omNode-3 at term 11 for appendEntries, leader elected after 789ms
2025-04-23 15:46:26,019 [omNode-1-server-thread2] INFO  server.RaftServer$Division (ServerState.java:setRaftConf(386)) - omNode-1@group-523986131536: set configuration conf: {index: 107, cur=peers:[omNode-3|localhost:15017, omNode-1|localhost:15009, omNode-2|localhost:15013]|listeners:[], old=null}
2025-04-23 15:46:26,020 [omNode-2-server-thread1] INFO  ratis.OzoneManagerStateMachine (OzoneManagerStateMachine.java:notifyLeaderChanged(169)) - omNode-2@group-523986131536: leader changed to omNode-3
2025-04-23 15:46:26,020 [omNode-2-server-thread1] INFO  server.RaftServer$Division (ServerState.java:setLeader(272)) - omNode-2@group-523986131536: change Leader from null to omNode-3 at term 11 for appendEntries, leader elected after 322ms
2025-04-23 15:46:26,020 [omNode-1-server-thread2] INFO  segmented.SegmentedRaftLogWorker (SegmentedRaftLogWorker.java:rollLogSegment(443)) - omNode-1@group-523986131536-SegmentedRaftLogWorker: Rolling segment log-105_106 to index:106
2025-04-23 15:46:26,023 [omNode-1@group-523986131536-SegmentedRaftLogWorker] INFO  segmented.SegmentedRaftLogWorker (SegmentedRaftLogWorker.java:execute(601)) - omNode-1@group-523986131536-SegmentedRaftLogWorker: Rolled log segment from /home/runner/work/ozone/ozone/hadoop-ozone/integration-test/target/test-dir/MiniOzoneClusterImpl-5cf50c17-c591-473f-a8c4-88d8665d28d7/omNode-1/ratis/c9bc4cf4-3bc3-3c60-a66b-523986131536/current/log_inprogress_105 to /home/runner/work/ozone/ozone/hadoop-ozone/integration-test/target/test-dir/MiniOzoneClusterImpl-5cf50c17-c591-473f-a8c4-88d8665d28d7/omNode-1/ratis/c9bc4cf4-3bc3-3c60-a66b-523986131536/current/log_105-106
2025-04-23 15:46:26,023 [omNode-1@group-523986131536-SegmentedRaftLogWorker] INFO  segmented.BufferedWriteChannel (BufferedWriteChannel.java:open(61)) - open log_inprogress_107 at position 0
2025-04-23 15:46:26,023 [omNode-3@group-523986131536-SegmentedRaftLogWorker] INFO  segmented.SegmentedRaftLogWorker (SegmentedRaftLogWorker.java:execute(644)) - omNode-3@group-523986131536-SegmentedRaftLogWorker: created new log segment /home/runner/work/ozone/ozone/hadoop-ozone/integration-test/target/test-dir/MiniOzoneClusterImpl-5cf50c17-c591-473f-a8c4-88d8665d28d7/omNode-3/ratis/c9bc4cf4-3bc3-3c60-a66b-523986131536/current/log_inprogress_107
2025-04-23 15:46:26,024 [omNode-2-server-thread2] INFO  server.RaftServer$Division (ServerState.java:setRaftConf(386)) - omNode-2@group-523986131536: set configuration conf: {index: 107, cur=peers:[omNode-3|localhost:15017, omNode-1|localhost:15009, omNode-2|localhost:15013]|listeners:[], old=null}
2025-04-23 15:46:26,024 [omNode-2-server-thread2] INFO  segmented.SegmentedRaftLogWorker (SegmentedRaftLogWorker.java:rollLogSegment(443)) - omNode-2@group-523986131536-SegmentedRaftLogWorker: Rolling segment log-105_106 to index:106
2025-04-23 15:46:26,025 [omNode-2@group-523986131536-SegmentedRaftLogWorker] INFO  segmented.SegmentedRaftLogWorker (SegmentedRaftLogWorker.java:execute(601)) - omNode-2@group-523986131536-SegmentedRaftLogWorker: Rolled log segment from /home/runner/work/ozone/ozone/hadoop-ozone/integration-test/target/test-dir/MiniOzoneClusterImpl-5cf50c17-c591-473f-a8c4-88d8665d28d7/omNode-2/ratis/c9bc4cf4-3bc3-3c60-a66b-523986131536/current/log_inprogress_105 to /home/runner/work/ozone/ozone/hadoop-ozone/integration-test/target/test-dir/MiniOzoneClusterImpl-5cf50c17-c591-473f-a8c4-88d8665d28d7/omNode-2/ratis/c9bc4cf4-3bc3-3c60-a66b-523986131536/current/log_105-106
2025-04-23 15:46:26,025 [omNode-2@group-523986131536-SegmentedRaftLogWorker] INFO  segmented.BufferedWriteChannel (BufferedWriteChannel.java:open(61)) - open log_inprogress_107 at position 0
2025-04-23 15:46:26,037 [omNode-1@group-523986131536-SegmentedRaftLogWorker] INFO  segmented.SegmentedRaftLogWorker (SegmentedRaftLogWorker.java:execute(644)) - omNode-1@group-523986131536-SegmentedRaftLogWorker: created new log segment /home/runner/work/ozone/ozone/hadoop-ozone/integration-test/target/test-dir/MiniOzoneClusterImpl-5cf50c17-c591-473f-a8c4-88d8665d28d7/omNode-1/ratis/c9bc4cf4-3bc3-3c60-a66b-523986131536/current/log_inprogress_107
2025-04-23 15:46:26,038 [omNode-2@group-523986131536-SegmentedRaftLogWorker] INFO  segmented.SegmentedRaftLogWorker (SegmentedRaftLogWorker.java:execute(644)) - omNode-2@group-523986131536-SegmentedRaftLogWorker: created new log segment /home/runner/work/ozone/ozone/hadoop-ozone/integration-test/target/test-dir/MiniOzoneClusterImpl-5cf50c17-c591-473f-a8c4-88d8665d28d7/omNode-2/ratis/c9bc4cf4-3bc3-3c60-a66b-523986131536/current/log_inprogress_107
2025-04-23 15:46:26,041 [omNode-3@group-523986131536-StateMachineUpdater] INFO  ratis.OzoneManagerStateMachine (OzoneManagerStateMachine.java:notifyConfigurationChanged(231)) - notifyConfigurationChanged from Ratis: term=11, index=107, New Peer list: omNode-3(localhost:15017), omNode-1(localhost:15009), omNode-2(localhost:15013)
2025-04-23 15:46:26,041 [omNode-3@group-523986131536-StateMachineUpdater] INFO  server.RaftServer$Division (LeaderStateImpl.java:checkStartIndex(313)) - Leader omNode-3@group-523986131536-LeaderStateImpl is ready since appliedIndex == startIndex == 107
2025-04-23 15:46:26,043 [omNode-2@group-523986131536-StateMachineUpdater] INFO  ratis.OzoneManagerStateMachine (OzoneManagerStateMachine.java:notifyConfigurationChanged(231)) - notifyConfigurationChanged from Ratis: term=11, index=107, New Peer list: omNode-3(localhost:15017), omNode-1(localhost:15009), omNode-2(localhost:15013)
2025-04-23 15:46:26,044 [omNode-1@group-523986131536-StateMachineUpdater] INFO  ratis.OzoneManagerStateMachine (OzoneManagerStateMachine.java:notifyConfigurationChanged(231)) - notifyConfigurationChanged from Ratis: term=11, index=107, New Peer list: omNode-3(localhost:15017), omNode-1(localhost:15009), omNode-2(localhost:15013)
2025-04-23 15:46:26,132 [main] INFO  reflections.Reflections (Reflections.java:scan(219)) - Reflections took 421 ms to scan 22 urls, producing 61 keys and 7422 values
2025-04-23 15:46:26,133 [main] INFO  ipc.CallQueueManager (CallQueueManager.java:<init>(93)) - Using callQueue: class java.util.concurrent.LinkedBlockingQueue, queueCapacity: 2000, scheduler: class org.apache.hadoop.ipc.DefaultRpcScheduler, ipcBackoff: false, ipcFailOver: false.
2025-04-23 15:46:26,133 [main] INFO  ipc.Server (Server.java:<init>(1438)) - Listener at localhost:15010
2025-04-23 15:46:26,133 [Socket Reader #1 for port 15010] INFO  ipc.Server (Server.java:run(1474)) - Starting Socket Reader #1 for port 15010
2025-04-23 15:46:26,134 [Socket Reader #2 for port 15010] INFO  ipc.Server (Server.java:run(1474)) - Starting Socket Reader #2 for port 15010
2025-04-23 15:46:26,134 [Socket Reader #3 for port 15010] INFO  ipc.Server (Server.java:run(1474)) - Starting Socket Reader #3 for port 15010
2025-04-23 15:46:26,134 [Socket Reader #4 for port 15010] INFO  ipc.Server (Server.java:run(1474)) - Starting Socket Reader #4 for port 15010
2025-04-23 15:46:26,134 [Socket Reader #5 for port 15010] INFO  ipc.Server (Server.java:run(1474)) - Starting Socket Reader #5 for port 15010
2025-04-23 15:46:26,134 [Socket Reader #6 for port 15010] INFO  ipc.Server (Server.java:run(1474)) - Starting Socket Reader #6 for port 15010
2025-04-23 15:46:26,134 [Socket Reader #7 for port 15010] INFO  ipc.Server (Server.java:run(1474)) - Starting Socket Reader #7 for port 15010
2025-04-23 15:46:26,134 [Socket Reader #8 for port 15010] INFO  ipc.Server (Server.java:run(1474)) - Starting Socket Reader #8 for port 15010
2025-04-23 15:46:26,135 [Socket Reader #9 for port 15010] INFO  ipc.Server (Server.java:run(1474)) - Starting Socket Reader #9 for port 15010
2025-04-23 15:46:26,135 [Socket Reader #10 for port 15010] INFO  ipc.Server (Server.java:run(1474)) - Starting Socket Reader #10 for port 15010
2025-04-23 15:46:26,137 [main] INFO  http.BaseHttpServer (BaseHttpServer.java:newHttpServer2BuilderForOzone(229)) - Starting Web-server for ozoneManager at: http://0.0.0.0:15011
2025-04-23 15:46:26,137 [main] INFO  http.BaseHttpServer (BaseHttpServer.java:<init>(107)) - Hadoop Security Enabled: false Ozone Security Enabled: false Ozone HTTP Security Enabled: false 
2025-04-23 15:46:26,138 [main] WARN  server.AuthenticationFilter (AuthenticationFilter.java:constructSecretProvider(240)) - Unable to initialize FileSignerSecretProvider, falling back to use random secrets. Reason: Could not read signature secret file: /home/runner/hadoop-http-auth-signature-secret
2025-04-23 15:46:26,140 [main] INFO  http.HttpServer2 (HttpServer2.java:addGlobalFilter(1041)) - Added global filter 'safety' (class=org.apache.hadoop.hdds.server.http.HttpServer2$QuotingInputFilter)
2025-04-23 15:46:26,141 [main] INFO  http.HttpServer2 (HttpServer2.java:addFilter(1017)) - Added filter static_user_filter (class=org.apache.hadoop.http.lib.StaticUserWebFilter$StaticUserFilter) to context ozoneManager
2025-04-23 15:46:26,141 [main] INFO  http.HttpServer2 (HttpServer2.java:addFilter(1025)) - Added filter static_user_filter (class=org.apache.hadoop.http.lib.StaticUserWebFilter$StaticUserFilter) to context static
2025-04-23 15:46:26,141 [main] INFO  http.HttpServer2 (HttpServer2.java:addFilter(1025)) - Added filter static_user_filter (class=org.apache.hadoop.http.lib.StaticUserWebFilter$StaticUserFilter) to context logs
2025-04-23 15:46:26,141 [main] INFO  http.BaseHttpServer (BaseHttpServer.java:<init>(195)) - HTTP server of ozoneManager uses base directory /home/runner/work/ozone/ozone/hadoop-ozone/integration-test/target/test-dir/MiniOzoneClusterImpl-5cf50c17-c591-473f-a8c4-88d8665d28d7/omNode-2/webserver
2025-04-23 15:46:26,141 [main] INFO  http.HttpServer2 (HttpServer2.java:bindListener(1241)) - Jetty bound to port 15011
2025-04-23 15:46:26,142 [main] INFO  server.Server (Server.java:doStart(375)) - jetty-9.4.57.v20241219; built: 2025-01-08T21:24:30.412Z; git: df524e6b29271c2e09ba9aea83c18dc9db464a31; jvm 21.0.7+6-LTS
2025-04-23 15:46:26,143 [main] INFO  server.session (DefaultSessionIdManager.java:doStart(334)) - DefaultSessionIdManager workerName=node0
2025-04-23 15:46:26,143 [main] INFO  server.session (DefaultSessionIdManager.java:doStart(339)) - No SessionScavenger set, using defaults
2025-04-23 15:46:26,143 [main] INFO  server.session (HouseKeeper.java:startScavenging(132)) - node0 Scavenging every 600000ms
2025-04-23 15:46:26,144 [main] INFO  handler.ContextHandler (ContextHandler.java:doStart(921)) - Started o.e.j.s.ServletContextHandler@5fc9fcdf{logs,/logs,file:///home/runner/work/ozone/ozone/hadoop-ozone/integration-test/target/log,AVAILABLE}
2025-04-23 15:46:26,144 [main] INFO  handler.ContextHandler (ContextHandler.java:doStart(921)) - Started o.e.j.s.ServletContextHandler@59a20ac3{static,/static,file:///home/runner/work/ozone/ozone/hadoop-ozone/integration-test/target/test-classes/webapps/static,AVAILABLE}
2025-04-23 15:46:26,148 [main] INFO  handler.ContextHandler (ContextHandler.java:doStart(921)) - Started o.e.j.w.WebAppContext@5aa98e0a{ozoneManager,/,file:///home/runner/work/ozone/ozone/hadoop-ozone/integration-test/target/test-classes/webapps/ozoneManager/,AVAILABLE}{file:/home/runner/work/ozone/ozone/hadoop-ozone/integration-test/target/test-classes/webapps/ozoneManager}
2025-04-23 15:46:26,148 [main] INFO  server.AbstractConnector (AbstractConnector.java:doStart(333)) - Started ServerConnector@534639f0{HTTP/1.1, (http/1.1)}{0.0.0.0:15011}
2025-04-23 15:46:26,148 [main] INFO  server.Server (Server.java:doStart(415)) - Started @121130ms
2025-04-23 15:46:26,149 [main] WARN  impl.MetricsSystemImpl (MetricsSystemImpl.java:register(279)) - Sink prometheus already exists!
2025-04-23 15:46:26,149 [main] INFO  http.BaseHttpServer (BaseHttpServer.java:updateConnectorAddress(360)) - HTTP server of ozoneManager listening at http://0.0.0.0:15011
2025-04-23 15:46:26,149 [IPC Server Responder] INFO  ipc.Server (Server.java:run(1713)) - IPC Server Responder: starting
2025-04-23 15:46:26,149 [IPC Server listener on 15010] INFO  ipc.Server (Server.java:run(1553)) - IPC Server listener on 15010: starting
2025-04-23 15:46:26,152 [main] INFO  om.OzoneManager (OzoneManager.java:startTrashEmptier(2257)) - Trash Interval set to 0. Files deleted won't move to trash
]]></system-out>
  </testcase>
  <testcase name="testListVolumes" classname="org.apache.hadoop.ozone.om.TestOzoneManagerHAWithStoppedNodes" time="12.672">
    <system-out><![CDATA[2025-04-23 15:46:26,154 [main] INFO  rpc.RpcClient (RpcClient.java:createVolume(462)) - Creating Volume: vol-8762791164-0, with runner as owner and space quota set to -1 bytes, counts quota set to -1
2025-04-23 15:46:26,158 [main] INFO  retry.RetryInvocationHandler (RetryInvocationHandler.java:log(426)) - com.google.protobuf.ServiceException: org.apache.hadoop.ipc.RemoteException(org.apache.hadoop.ozone.om.exceptions.OMNotLeaderException): OM:omNode-1 is not the leader. Suggested leader is OM:omNode-3[localhost/127.0.0.1].
	at org.apache.hadoop.ozone.om.ratis.OzoneManagerRatisServer.newOMNotLeaderException(OzoneManagerRatisServer.java:813)
	at org.apache.hadoop.ozone.om.OzoneManager.checkLeaderStatus(OzoneManager.java:4355)
	at org.apache.hadoop.ozone.om.ratis.utils.OzoneManagerRatisUtils.checkLeaderStatus(OzoneManagerRatisUtils.java:500)
	at org.apache.hadoop.ozone.protocolPB.OzoneManagerProtocolServerSideTranslatorPB.internalProcessRequest(OzoneManagerProtocolServerSideTranslatorPB.java:165)
	at org.apache.hadoop.ozone.protocolPB.OzoneManagerProtocolServerSideTranslatorPB.processRequest(OzoneManagerProtocolServerSideTranslatorPB.java:125)
	at org.apache.hadoop.hdds.server.OzoneProtocolMessageDispatcher.processRequest(OzoneProtocolMessageDispatcher.java:87)
	at org.apache.hadoop.ozone.protocolPB.OzoneManagerProtocolServerSideTranslatorPB.submitRequest(OzoneManagerProtocolServerSideTranslatorPB.java:116)
	at org.apache.hadoop.ozone.protocol.proto.OzoneManagerProtocolProtos$OzoneManagerService$2.callBlockingMethod(OzoneManagerProtocolProtos.java)
	at org.apache.hadoop.ipc.ProtobufRpcEngine$Server.processCall(ProtobufRpcEngine.java:484)
	at org.apache.hadoop.ipc.ProtobufRpcEngine2$Server$ProtoBufRpcInvoker.call(ProtobufRpcEngine2.java:595)
	at org.apache.hadoop.ipc.ProtobufRpcEngine2$Server$ProtoBufRpcInvoker.call(ProtobufRpcEngine2.java:573)
	at org.apache.hadoop.ipc.RPC$Server.call(RPC.java:1227)
	at org.apache.hadoop.ipc.Server$RpcCall.run(Server.java:1246)
	at org.apache.hadoop.ipc.Server$RpcCall.run(Server.java:1169)
	at java.base/java.security.AccessController.doPrivileged(AccessController.java:714)
	at java.base/javax.security.auth.Subject.doAs(Subject.java:525)
	at org.apache.hadoop.security.UserGroupInformation.doAs(UserGroupInformation.java:1953)
	at org.apache.hadoop.ipc.Server$Handler.run(Server.java:3198)
, while invoking $Proxy68.submitRequest over nodeId=omNode-1,nodeAddress=127.0.0.1:15006. Trying to failover immediately. Current retry count: 0.
2025-04-23 15:46:26,160 [main] INFO  retry.RetryInvocationHandler (RetryInvocationHandler.java:log(426)) - com.google.protobuf.ServiceException: org.apache.hadoop.ipc.RemoteException(org.apache.hadoop.ozone.om.exceptions.OMNotLeaderException): OM:omNode-2 is not the leader. Suggested leader is OM:omNode-3[localhost/127.0.0.1].
	at org.apache.hadoop.ozone.om.ratis.OzoneManagerRatisServer.newOMNotLeaderException(OzoneManagerRatisServer.java:813)
	at org.apache.hadoop.ozone.om.OzoneManager.checkLeaderStatus(OzoneManager.java:4355)
	at org.apache.hadoop.ozone.om.ratis.utils.OzoneManagerRatisUtils.checkLeaderStatus(OzoneManagerRatisUtils.java:500)
	at org.apache.hadoop.ozone.protocolPB.OzoneManagerProtocolServerSideTranslatorPB.internalProcessRequest(OzoneManagerProtocolServerSideTranslatorPB.java:165)
	at org.apache.hadoop.ozone.protocolPB.OzoneManagerProtocolServerSideTranslatorPB.processRequest(OzoneManagerProtocolServerSideTranslatorPB.java:125)
	at org.apache.hadoop.hdds.server.OzoneProtocolMessageDispatcher.processRequest(OzoneProtocolMessageDispatcher.java:87)
	at org.apache.hadoop.ozone.protocolPB.OzoneManagerProtocolServerSideTranslatorPB.submitRequest(OzoneManagerProtocolServerSideTranslatorPB.java:116)
	at org.apache.hadoop.ozone.protocol.proto.OzoneManagerProtocolProtos$OzoneManagerService$2.callBlockingMethod(OzoneManagerProtocolProtos.java)
	at org.apache.hadoop.ipc.ProtobufRpcEngine$Server.processCall(ProtobufRpcEngine.java:484)
	at org.apache.hadoop.ipc.ProtobufRpcEngine2$Server$ProtoBufRpcInvoker.call(ProtobufRpcEngine2.java:595)
	at org.apache.hadoop.ipc.ProtobufRpcEngine2$Server$ProtoBufRpcInvoker.call(ProtobufRpcEngine2.java:573)
	at org.apache.hadoop.ipc.RPC$Server.call(RPC.java:1227)
	at org.apache.hadoop.ipc.Server$RpcCall.run(Server.java:1246)
	at org.apache.hadoop.ipc.Server$RpcCall.run(Server.java:1169)
	at java.base/java.security.AccessController.doPrivileged(AccessController.java:714)
	at java.base/javax.security.auth.Subject.doAs(Subject.java:525)
	at org.apache.hadoop.security.UserGroupInformation.doAs(UserGroupInformation.java:1953)
	at org.apache.hadoop.ipc.Server$Handler.run(Server.java:3198)
, while invoking $Proxy68.submitRequest over nodeId=omNode-2,nodeAddress=127.0.0.1:15010 after 1 failover attempts. Trying to failover immediately. Current retry count: 1.
2025-04-23 15:46:26,160 [main] INFO  retry.RetryInvocationHandler (RetryInvocationHandler.java:log(426)) - com.google.protobuf.ServiceException: java.io.EOFException: End of File Exception between local host is: "fv-az1337-835/10.1.0.188"; destination host is: "localhost":15014; : java.io.EOFException; For more details see:  http://wiki.apache.org/hadoop/EOFException, while invoking $Proxy68.submitRequest over nodeId=omNode-3,nodeAddress=127.0.0.1:15014 after 2 failover attempts. Trying to failover after sleeping for 2000ms. Current retry count: 2.
2025-04-23 15:46:28,162 [main] INFO  retry.RetryInvocationHandler (RetryInvocationHandler.java:log(426)) - com.google.protobuf.ServiceException: org.apache.hadoop.ipc.RemoteException(org.apache.hadoop.ozone.om.exceptions.OMNotLeaderException): OM:omNode-1 is not the leader. Suggested leader is OM:omNode-3[localhost/127.0.0.1].
	at org.apache.hadoop.ozone.om.ratis.OzoneManagerRatisServer.newOMNotLeaderException(OzoneManagerRatisServer.java:813)
	at org.apache.hadoop.ozone.om.OzoneManager.checkLeaderStatus(OzoneManager.java:4355)
	at org.apache.hadoop.ozone.om.ratis.utils.OzoneManagerRatisUtils.checkLeaderStatus(OzoneManagerRatisUtils.java:500)
	at org.apache.hadoop.ozone.protocolPB.OzoneManagerProtocolServerSideTranslatorPB.internalProcessRequest(OzoneManagerProtocolServerSideTranslatorPB.java:165)
	at org.apache.hadoop.ozone.protocolPB.OzoneManagerProtocolServerSideTranslatorPB.processRequest(OzoneManagerProtocolServerSideTranslatorPB.java:125)
	at org.apache.hadoop.hdds.server.OzoneProtocolMessageDispatcher.processRequest(OzoneProtocolMessageDispatcher.java:87)
	at org.apache.hadoop.ozone.protocolPB.OzoneManagerProtocolServerSideTranslatorPB.submitRequest(OzoneManagerProtocolServerSideTranslatorPB.java:116)
	at org.apache.hadoop.ozone.protocol.proto.OzoneManagerProtocolProtos$OzoneManagerService$2.callBlockingMethod(OzoneManagerProtocolProtos.java)
	at org.apache.hadoop.ipc.ProtobufRpcEngine$Server.processCall(ProtobufRpcEngine.java:484)
	at org.apache.hadoop.ipc.ProtobufRpcEngine2$Server$ProtoBufRpcInvoker.call(ProtobufRpcEngine2.java:595)
	at org.apache.hadoop.ipc.ProtobufRpcEngine2$Server$ProtoBufRpcInvoker.call(ProtobufRpcEngine2.java:573)
	at org.apache.hadoop.ipc.RPC$Server.call(RPC.java:1227)
	at org.apache.hadoop.ipc.Server$RpcCall.run(Server.java:1246)
	at org.apache.hadoop.ipc.Server$RpcCall.run(Server.java:1169)
	at java.base/java.security.AccessController.doPrivileged(AccessController.java:714)
	at java.base/javax.security.auth.Subject.doAs(Subject.java:525)
	at org.apache.hadoop.security.UserGroupInformation.doAs(UserGroupInformation.java:1953)
	at org.apache.hadoop.ipc.Server$Handler.run(Server.java:3198)
, while invoking $Proxy68.submitRequest over nodeId=omNode-1,nodeAddress=127.0.0.1:15006 after 3 failover attempts. Trying to failover immediately. Current retry count: 3.
2025-04-23 15:46:28,163 [main] INFO  retry.RetryInvocationHandler (RetryInvocationHandler.java:log(426)) - com.google.protobuf.ServiceException: org.apache.hadoop.ipc.RemoteException(org.apache.hadoop.ozone.om.exceptions.OMNotLeaderException): OM:omNode-2 is not the leader. Suggested leader is OM:omNode-3[localhost/127.0.0.1].
	at org.apache.hadoop.ozone.om.ratis.OzoneManagerRatisServer.newOMNotLeaderException(OzoneManagerRatisServer.java:813)
	at org.apache.hadoop.ozone.om.OzoneManager.checkLeaderStatus(OzoneManager.java:4355)
	at org.apache.hadoop.ozone.om.ratis.utils.OzoneManagerRatisUtils.checkLeaderStatus(OzoneManagerRatisUtils.java:500)
	at org.apache.hadoop.ozone.protocolPB.OzoneManagerProtocolServerSideTranslatorPB.internalProcessRequest(OzoneManagerProtocolServerSideTranslatorPB.java:165)
	at org.apache.hadoop.ozone.protocolPB.OzoneManagerProtocolServerSideTranslatorPB.processRequest(OzoneManagerProtocolServerSideTranslatorPB.java:125)
	at org.apache.hadoop.hdds.server.OzoneProtocolMessageDispatcher.processRequest(OzoneProtocolMessageDispatcher.java:87)
	at org.apache.hadoop.ozone.protocolPB.OzoneManagerProtocolServerSideTranslatorPB.submitRequest(OzoneManagerProtocolServerSideTranslatorPB.java:116)
	at org.apache.hadoop.ozone.protocol.proto.OzoneManagerProtocolProtos$OzoneManagerService$2.callBlockingMethod(OzoneManagerProtocolProtos.java)
	at org.apache.hadoop.ipc.ProtobufRpcEngine$Server.processCall(ProtobufRpcEngine.java:484)
	at org.apache.hadoop.ipc.ProtobufRpcEngine2$Server$ProtoBufRpcInvoker.call(ProtobufRpcEngine2.java:595)
	at org.apache.hadoop.ipc.ProtobufRpcEngine2$Server$ProtoBufRpcInvoker.call(ProtobufRpcEngine2.java:573)
	at org.apache.hadoop.ipc.RPC$Server.call(RPC.java:1227)
	at org.apache.hadoop.ipc.Server$RpcCall.run(Server.java:1246)
	at org.apache.hadoop.ipc.Server$RpcCall.run(Server.java:1169)
	at java.base/java.security.AccessController.doPrivileged(AccessController.java:714)
	at java.base/javax.security.auth.Subject.doAs(Subject.java:525)
	at org.apache.hadoop.security.UserGroupInformation.doAs(UserGroupInformation.java:1953)
	at org.apache.hadoop.ipc.Server$Handler.run(Server.java:3198)
, while invoking $Proxy68.submitRequest over nodeId=omNode-2,nodeAddress=127.0.0.1:15010 after 4 failover attempts. Trying to failover immediately. Current retry count: 4.
2025-04-23 15:46:28,170 [omNode-3-OMStateMachineApplyTransactionThread - 0] INFO  volume.OMVolumeCreateRequest (OMVolumeCreateRequest.java:validateAndUpdateCache(203)) - created volume:vol-8762791164-0 for user:runner
2025-04-23 15:46:28,170 [omNode-1-OMStateMachineApplyTransactionThread - 0] INFO  volume.OMVolumeCreateRequest (OMVolumeCreateRequest.java:validateAndUpdateCache(203)) - created volume:vol-8762791164-0 for user:runner
2025-04-23 15:46:28,171 [omNode-2-OMStateMachineApplyTransactionThread - 0] INFO  volume.OMVolumeCreateRequest (OMVolumeCreateRequest.java:validateAndUpdateCache(203)) - created volume:vol-8762791164-0 for user:runner
2025-04-23 15:46:28,172 [main] INFO  rpc.RpcClient (RpcClient.java:createVolume(462)) - Creating Volume: vol-8762791164-1, with runner as owner and space quota set to -1 bytes, counts quota set to -1
2025-04-23 15:46:28,175 [omNode-3-OMStateMachineApplyTransactionThread - 0] INFO  volume.OMVolumeCreateRequest (OMVolumeCreateRequest.java:validateAndUpdateCache(203)) - created volume:vol-8762791164-1 for user:runner
2025-04-23 15:46:28,176 [main] INFO  rpc.RpcClient (RpcClient.java:createVolume(462)) - Creating Volume: vol-8762791164-2, with runner as owner and space quota set to -1 bytes, counts quota set to -1
2025-04-23 15:46:28,177 [omNode-1-OMStateMachineApplyTransactionThread - 0] INFO  volume.OMVolumeCreateRequest (OMVolumeCreateRequest.java:validateAndUpdateCache(203)) - created volume:vol-8762791164-1 for user:runner
2025-04-23 15:46:28,177 [omNode-2-OMStateMachineApplyTransactionThread - 0] INFO  volume.OMVolumeCreateRequest (OMVolumeCreateRequest.java:validateAndUpdateCache(203)) - created volume:vol-8762791164-1 for user:runner
2025-04-23 15:46:28,180 [omNode-3-OMStateMachineApplyTransactionThread - 0] INFO  volume.OMVolumeCreateRequest (OMVolumeCreateRequest.java:validateAndUpdateCache(203)) - created volume:vol-8762791164-2 for user:runner
2025-04-23 15:46:28,181 [main] INFO  rpc.RpcClient (RpcClient.java:createVolume(462)) - Creating Volume: vol-8762791164-3, with runner as owner and space quota set to -1 bytes, counts quota set to -1
2025-04-23 15:46:28,182 [omNode-1-OMStateMachineApplyTransactionThread - 0] INFO  volume.OMVolumeCreateRequest (OMVolumeCreateRequest.java:validateAndUpdateCache(203)) - created volume:vol-8762791164-2 for user:runner
2025-04-23 15:46:28,182 [omNode-2-OMStateMachineApplyTransactionThread - 0] INFO  volume.OMVolumeCreateRequest (OMVolumeCreateRequest.java:validateAndUpdateCache(203)) - created volume:vol-8762791164-2 for user:runner
2025-04-23 15:46:28,185 [omNode-3-OMStateMachineApplyTransactionThread - 0] INFO  volume.OMVolumeCreateRequest (OMVolumeCreateRequest.java:validateAndUpdateCache(203)) - created volume:vol-8762791164-3 for user:runner
2025-04-23 15:46:28,186 [main] INFO  rpc.RpcClient (RpcClient.java:createVolume(462)) - Creating Volume: vol-8762791164-4, with runner as owner and space quota set to -1 bytes, counts quota set to -1
2025-04-23 15:46:28,186 [omNode-2-OMStateMachineApplyTransactionThread - 0] INFO  volume.OMVolumeCreateRequest (OMVolumeCreateRequest.java:validateAndUpdateCache(203)) - created volume:vol-8762791164-3 for user:runner
2025-04-23 15:46:28,187 [omNode-1-OMStateMachineApplyTransactionThread - 0] INFO  volume.OMVolumeCreateRequest (OMVolumeCreateRequest.java:validateAndUpdateCache(203)) - created volume:vol-8762791164-3 for user:runner
2025-04-23 15:46:28,191 [omNode-3-OMStateMachineApplyTransactionThread - 0] INFO  volume.OMVolumeCreateRequest (OMVolumeCreateRequest.java:validateAndUpdateCache(203)) - created volume:vol-8762791164-4 for user:runner
2025-04-23 15:46:28,192 [main] INFO  rpc.RpcClient (RpcClient.java:createVolume(462)) - Creating Volume: vol-8762791164-5, with runner as owner and space quota set to -1 bytes, counts quota set to -1
2025-04-23 15:46:28,194 [omNode-2-OMStateMachineApplyTransactionThread - 0] INFO  volume.OMVolumeCreateRequest (OMVolumeCreateRequest.java:validateAndUpdateCache(203)) - created volume:vol-8762791164-4 for user:runner
2025-04-23 15:46:28,194 [omNode-1-OMStateMachineApplyTransactionThread - 0] INFO  volume.OMVolumeCreateRequest (OMVolumeCreateRequest.java:validateAndUpdateCache(203)) - created volume:vol-8762791164-4 for user:runner
2025-04-23 15:46:28,196 [omNode-3-OMStateMachineApplyTransactionThread - 0] INFO  volume.OMVolumeCreateRequest (OMVolumeCreateRequest.java:validateAndUpdateCache(203)) - created volume:vol-8762791164-5 for user:runner
2025-04-23 15:46:28,197 [main] INFO  rpc.RpcClient (RpcClient.java:createVolume(462)) - Creating Volume: vol-8762791164-6, with runner as owner and space quota set to -1 bytes, counts quota set to -1
2025-04-23 15:46:28,199 [omNode-1-OMStateMachineApplyTransactionThread - 0] INFO  volume.OMVolumeCreateRequest (OMVolumeCreateRequest.java:validateAndUpdateCache(203)) - created volume:vol-8762791164-5 for user:runner
2025-04-23 15:46:28,199 [omNode-2-OMStateMachineApplyTransactionThread - 0] INFO  volume.OMVolumeCreateRequest (OMVolumeCreateRequest.java:validateAndUpdateCache(203)) - created volume:vol-8762791164-5 for user:runner
2025-04-23 15:46:28,201 [omNode-3-OMStateMachineApplyTransactionThread - 0] INFO  volume.OMVolumeCreateRequest (OMVolumeCreateRequest.java:validateAndUpdateCache(203)) - created volume:vol-8762791164-6 for user:runner
2025-04-23 15:46:28,202 [main] INFO  rpc.RpcClient (RpcClient.java:createVolume(462)) - Creating Volume: vol-8762791164-7, with runner as owner and space quota set to -1 bytes, counts quota set to -1
2025-04-23 15:46:28,203 [omNode-2-OMStateMachineApplyTransactionThread - 0] INFO  volume.OMVolumeCreateRequest (OMVolumeCreateRequest.java:validateAndUpdateCache(203)) - created volume:vol-8762791164-6 for user:runner
2025-04-23 15:46:28,204 [omNode-1-OMStateMachineApplyTransactionThread - 0] INFO  volume.OMVolumeCreateRequest (OMVolumeCreateRequest.java:validateAndUpdateCache(203)) - created volume:vol-8762791164-6 for user:runner
2025-04-23 15:46:28,207 [omNode-3-OMStateMachineApplyTransactionThread - 0] INFO  volume.OMVolumeCreateRequest (OMVolumeCreateRequest.java:validateAndUpdateCache(203)) - created volume:vol-8762791164-7 for user:runner
2025-04-23 15:46:28,209 [main] INFO  rpc.RpcClient (RpcClient.java:createVolume(462)) - Creating Volume: vol-8762791164-8, with runner as owner and space quota set to -1 bytes, counts quota set to -1
2025-04-23 15:46:28,209 [omNode-2-OMStateMachineApplyTransactionThread - 0] INFO  volume.OMVolumeCreateRequest (OMVolumeCreateRequest.java:validateAndUpdateCache(203)) - created volume:vol-8762791164-7 for user:runner
2025-04-23 15:46:28,209 [omNode-1-OMStateMachineApplyTransactionThread - 0] INFO  volume.OMVolumeCreateRequest (OMVolumeCreateRequest.java:validateAndUpdateCache(203)) - created volume:vol-8762791164-7 for user:runner
2025-04-23 15:46:28,212 [omNode-3-OMStateMachineApplyTransactionThread - 0] INFO  volume.OMVolumeCreateRequest (OMVolumeCreateRequest.java:validateAndUpdateCache(203)) - created volume:vol-8762791164-8 for user:runner
2025-04-23 15:46:28,214 [omNode-1-OMStateMachineApplyTransactionThread - 0] INFO  volume.OMVolumeCreateRequest (OMVolumeCreateRequest.java:validateAndUpdateCache(203)) - created volume:vol-8762791164-8 for user:runner
2025-04-23 15:46:28,216 [omNode-2-OMStateMachineApplyTransactionThread - 0] INFO  volume.OMVolumeCreateRequest (OMVolumeCreateRequest.java:validateAndUpdateCache(203)) - created volume:vol-8762791164-8 for user:runner
2025-04-23 15:46:28,217 [main] INFO  rpc.RpcClient (RpcClient.java:createVolume(462)) - Creating Volume: vol-8762791164-9, with runner as owner and space quota set to -1 bytes, counts quota set to -1
2025-04-23 15:46:28,220 [omNode-3-OMStateMachineApplyTransactionThread - 0] INFO  volume.OMVolumeCreateRequest (OMVolumeCreateRequest.java:validateAndUpdateCache(203)) - created volume:vol-8762791164-9 for user:runner
2025-04-23 15:46:28,222 [main] INFO  rpc.RpcClient (RpcClient.java:createVolume(462)) - Creating Volume: vol-8762791164-10, with runner as owner and space quota set to -1 bytes, counts quota set to -1
2025-04-23 15:46:28,222 [omNode-2-OMStateMachineApplyTransactionThread - 0] INFO  volume.OMVolumeCreateRequest (OMVolumeCreateRequest.java:validateAndUpdateCache(203)) - created volume:vol-8762791164-9 for user:runner
2025-04-23 15:46:28,223 [omNode-1-OMStateMachineApplyTransactionThread - 0] INFO  volume.OMVolumeCreateRequest (OMVolumeCreateRequest.java:validateAndUpdateCache(203)) - created volume:vol-8762791164-9 for user:runner
2025-04-23 15:46:28,226 [omNode-3-OMStateMachineApplyTransactionThread - 0] INFO  volume.OMVolumeCreateRequest (OMVolumeCreateRequest.java:validateAndUpdateCache(203)) - created volume:vol-8762791164-10 for user:runner
2025-04-23 15:46:28,227 [main] INFO  rpc.RpcClient (RpcClient.java:createVolume(462)) - Creating Volume: vol-8762791164-11, with runner as owner and space quota set to -1 bytes, counts quota set to -1
2025-04-23 15:46:28,228 [omNode-2-OMStateMachineApplyTransactionThread - 0] INFO  volume.OMVolumeCreateRequest (OMVolumeCreateRequest.java:validateAndUpdateCache(203)) - created volume:vol-8762791164-10 for user:runner
2025-04-23 15:46:28,228 [omNode-1-OMStateMachineApplyTransactionThread - 0] INFO  volume.OMVolumeCreateRequest (OMVolumeCreateRequest.java:validateAndUpdateCache(203)) - created volume:vol-8762791164-10 for user:runner
2025-04-23 15:46:28,232 [omNode-3-OMStateMachineApplyTransactionThread - 0] INFO  volume.OMVolumeCreateRequest (OMVolumeCreateRequest.java:validateAndUpdateCache(203)) - created volume:vol-8762791164-11 for user:runner
2025-04-23 15:46:28,233 [main] INFO  rpc.RpcClient (RpcClient.java:createVolume(462)) - Creating Volume: vol-8762791164-12, with runner as owner and space quota set to -1 bytes, counts quota set to -1
2025-04-23 15:46:28,234 [omNode-1-OMStateMachineApplyTransactionThread - 0] INFO  volume.OMVolumeCreateRequest (OMVolumeCreateRequest.java:validateAndUpdateCache(203)) - created volume:vol-8762791164-11 for user:runner
2025-04-23 15:46:28,235 [omNode-2-OMStateMachineApplyTransactionThread - 0] INFO  volume.OMVolumeCreateRequest (OMVolumeCreateRequest.java:validateAndUpdateCache(203)) - created volume:vol-8762791164-11 for user:runner
2025-04-23 15:46:28,237 [omNode-3-OMStateMachineApplyTransactionThread - 0] INFO  volume.OMVolumeCreateRequest (OMVolumeCreateRequest.java:validateAndUpdateCache(203)) - created volume:vol-8762791164-12 for user:runner
2025-04-23 15:46:28,238 [omNode-1-OMStateMachineApplyTransactionThread - 0] INFO  volume.OMVolumeCreateRequest (OMVolumeCreateRequest.java:validateAndUpdateCache(203)) - created volume:vol-8762791164-12 for user:runner
2025-04-23 15:46:28,239 [main] INFO  rpc.RpcClient (RpcClient.java:createVolume(462)) - Creating Volume: vol-8762791164-13, with runner as owner and space quota set to -1 bytes, counts quota set to -1
2025-04-23 15:46:28,239 [omNode-2-OMStateMachineApplyTransactionThread - 0] INFO  volume.OMVolumeCreateRequest (OMVolumeCreateRequest.java:validateAndUpdateCache(203)) - created volume:vol-8762791164-12 for user:runner
2025-04-23 15:46:28,241 [omNode-3-OMStateMachineApplyTransactionThread - 0] INFO  volume.OMVolumeCreateRequest (OMVolumeCreateRequest.java:validateAndUpdateCache(203)) - created volume:vol-8762791164-13 for user:runner
2025-04-23 15:46:28,242 [omNode-1-OMStateMachineApplyTransactionThread - 0] INFO  volume.OMVolumeCreateRequest (OMVolumeCreateRequest.java:validateAndUpdateCache(203)) - created volume:vol-8762791164-13 for user:runner
2025-04-23 15:46:28,242 [main] INFO  rpc.RpcClient (RpcClient.java:createVolume(462)) - Creating Volume: vol-8762791164-14, with runner as owner and space quota set to -1 bytes, counts quota set to -1
2025-04-23 15:46:28,244 [omNode-2-OMStateMachineApplyTransactionThread - 0] INFO  volume.OMVolumeCreateRequest (OMVolumeCreateRequest.java:validateAndUpdateCache(203)) - created volume:vol-8762791164-13 for user:runner
2025-04-23 15:46:28,246 [omNode-3-OMStateMachineApplyTransactionThread - 0] INFO  volume.OMVolumeCreateRequest (OMVolumeCreateRequest.java:validateAndUpdateCache(203)) - created volume:vol-8762791164-14 for user:runner
2025-04-23 15:46:28,247 [main] INFO  rpc.RpcClient (RpcClient.java:createVolume(462)) - Creating Volume: vol-8762791164-15, with runner as owner and space quota set to -1 bytes, counts quota set to -1
2025-04-23 15:46:28,249 [omNode-1-OMStateMachineApplyTransactionThread - 0] INFO  volume.OMVolumeCreateRequest (OMVolumeCreateRequest.java:validateAndUpdateCache(203)) - created volume:vol-8762791164-14 for user:runner
2025-04-23 15:46:28,250 [omNode-2-OMStateMachineApplyTransactionThread - 0] INFO  volume.OMVolumeCreateRequest (OMVolumeCreateRequest.java:validateAndUpdateCache(203)) - created volume:vol-8762791164-14 for user:runner
2025-04-23 15:46:28,256 [omNode-3-OMStateMachineApplyTransactionThread - 0] INFO  volume.OMVolumeCreateRequest (OMVolumeCreateRequest.java:validateAndUpdateCache(203)) - created volume:vol-8762791164-15 for user:runner
2025-04-23 15:46:28,257 [main] INFO  rpc.RpcClient (RpcClient.java:createVolume(462)) - Creating Volume: vol-8762791164-16, with runner as owner and space quota set to -1 bytes, counts quota set to -1
2025-04-23 15:46:28,258 [omNode-1-OMStateMachineApplyTransactionThread - 0] INFO  volume.OMVolumeCreateRequest (OMVolumeCreateRequest.java:validateAndUpdateCache(203)) - created volume:vol-8762791164-15 for user:runner
2025-04-23 15:46:28,258 [omNode-2-OMStateMachineApplyTransactionThread - 0] INFO  volume.OMVolumeCreateRequest (OMVolumeCreateRequest.java:validateAndUpdateCache(203)) - created volume:vol-8762791164-15 for user:runner
2025-04-23 15:46:28,264 [omNode-2-OMStateMachineApplyTransactionThread - 0] INFO  volume.OMVolumeCreateRequest (OMVolumeCreateRequest.java:validateAndUpdateCache(203)) - created volume:vol-8762791164-16 for user:runner
2025-04-23 15:46:28,264 [omNode-1-OMStateMachineApplyTransactionThread - 0] INFO  volume.OMVolumeCreateRequest (OMVolumeCreateRequest.java:validateAndUpdateCache(203)) - created volume:vol-8762791164-16 for user:runner
2025-04-23 15:46:28,271 [omNode-3-OMStateMachineApplyTransactionThread - 0] INFO  volume.OMVolumeCreateRequest (OMVolumeCreateRequest.java:validateAndUpdateCache(203)) - created volume:vol-8762791164-16 for user:runner
2025-04-23 15:46:28,272 [main] INFO  rpc.RpcClient (RpcClient.java:createVolume(462)) - Creating Volume: vol-8762791164-17, with runner as owner and space quota set to -1 bytes, counts quota set to -1
2025-04-23 15:46:28,278 [omNode-3-OMStateMachineApplyTransactionThread - 0] INFO  volume.OMVolumeCreateRequest (OMVolumeCreateRequest.java:validateAndUpdateCache(203)) - created volume:vol-8762791164-17 for user:runner
2025-04-23 15:46:28,278 [omNode-2-OMStateMachineApplyTransactionThread - 0] INFO  volume.OMVolumeCreateRequest (OMVolumeCreateRequest.java:validateAndUpdateCache(203)) - created volume:vol-8762791164-17 for user:runner
2025-04-23 15:46:28,279 [main] INFO  rpc.RpcClient (RpcClient.java:createVolume(462)) - Creating Volume: vol-8762791164-18, with runner as owner and space quota set to -1 bytes, counts quota set to -1
2025-04-23 15:46:28,280 [omNode-1-OMStateMachineApplyTransactionThread - 0] INFO  volume.OMVolumeCreateRequest (OMVolumeCreateRequest.java:validateAndUpdateCache(203)) - created volume:vol-8762791164-17 for user:runner
2025-04-23 15:46:28,282 [omNode-3-OMStateMachineApplyTransactionThread - 0] INFO  volume.OMVolumeCreateRequest (OMVolumeCreateRequest.java:validateAndUpdateCache(203)) - created volume:vol-8762791164-18 for user:runner
2025-04-23 15:46:28,284 [main] INFO  rpc.RpcClient (RpcClient.java:createVolume(462)) - Creating Volume: vol-8762791164-19, with runner as owner and space quota set to -1 bytes, counts quota set to -1
2025-04-23 15:46:28,284 [omNode-1-OMStateMachineApplyTransactionThread - 0] INFO  volume.OMVolumeCreateRequest (OMVolumeCreateRequest.java:validateAndUpdateCache(203)) - created volume:vol-8762791164-18 for user:runner
2025-04-23 15:46:28,285 [omNode-2-OMStateMachineApplyTransactionThread - 0] INFO  volume.OMVolumeCreateRequest (OMVolumeCreateRequest.java:validateAndUpdateCache(203)) - created volume:vol-8762791164-18 for user:runner
2025-04-23 15:46:28,288 [omNode-3-OMStateMachineApplyTransactionThread - 0] INFO  volume.OMVolumeCreateRequest (OMVolumeCreateRequest.java:validateAndUpdateCache(203)) - created volume:vol-8762791164-19 for user:runner
2025-04-23 15:46:28,289 [omNode-1-OMStateMachineApplyTransactionThread - 0] INFO  volume.OMVolumeCreateRequest (OMVolumeCreateRequest.java:validateAndUpdateCache(203)) - created volume:vol-8762791164-19 for user:runner
2025-04-23 15:46:28,290 [main] INFO  rpc.RpcClient (RpcClient.java:createVolume(462)) - Creating Volume: vol-8762791164-20, with runner as owner and space quota set to -1 bytes, counts quota set to -1
2025-04-23 15:46:28,290 [omNode-2-OMStateMachineApplyTransactionThread - 0] INFO  volume.OMVolumeCreateRequest (OMVolumeCreateRequest.java:validateAndUpdateCache(203)) - created volume:vol-8762791164-19 for user:runner
2025-04-23 15:46:28,293 [omNode-3-OMStateMachineApplyTransactionThread - 0] INFO  volume.OMVolumeCreateRequest (OMVolumeCreateRequest.java:validateAndUpdateCache(203)) - created volume:vol-8762791164-20 for user:runner
2025-04-23 15:46:28,294 [main] INFO  rpc.RpcClient (RpcClient.java:createVolume(462)) - Creating Volume: vol-8762791164-21, with runner as owner and space quota set to -1 bytes, counts quota set to -1
2025-04-23 15:46:28,295 [omNode-2-OMStateMachineApplyTransactionThread - 0] INFO  volume.OMVolumeCreateRequest (OMVolumeCreateRequest.java:validateAndUpdateCache(203)) - created volume:vol-8762791164-20 for user:runner
2025-04-23 15:46:28,297 [omNode-1-OMStateMachineApplyTransactionThread - 0] INFO  volume.OMVolumeCreateRequest (OMVolumeCreateRequest.java:validateAndUpdateCache(203)) - created volume:vol-8762791164-20 for user:runner
2025-04-23 15:46:28,299 [omNode-3-OMStateMachineApplyTransactionThread - 0] INFO  volume.OMVolumeCreateRequest (OMVolumeCreateRequest.java:validateAndUpdateCache(203)) - created volume:vol-8762791164-21 for user:runner
2025-04-23 15:46:28,300 [omNode-1-OMStateMachineApplyTransactionThread - 0] INFO  volume.OMVolumeCreateRequest (OMVolumeCreateRequest.java:validateAndUpdateCache(203)) - created volume:vol-8762791164-21 for user:runner
2025-04-23 15:46:28,300 [main] INFO  rpc.RpcClient (RpcClient.java:createVolume(462)) - Creating Volume: vol-8762791164-22, with runner as owner and space quota set to -1 bytes, counts quota set to -1
2025-04-23 15:46:28,300 [omNode-2-OMStateMachineApplyTransactionThread - 0] INFO  volume.OMVolumeCreateRequest (OMVolumeCreateRequest.java:validateAndUpdateCache(203)) - created volume:vol-8762791164-21 for user:runner
2025-04-23 15:46:28,303 [omNode-3-OMStateMachineApplyTransactionThread - 0] INFO  volume.OMVolumeCreateRequest (OMVolumeCreateRequest.java:validateAndUpdateCache(203)) - created volume:vol-8762791164-22 for user:runner
2025-04-23 15:46:28,304 [main] INFO  rpc.RpcClient (RpcClient.java:createVolume(462)) - Creating Volume: vol-8762791164-23, with runner as owner and space quota set to -1 bytes, counts quota set to -1
2025-04-23 15:46:28,310 [omNode-2-OMStateMachineApplyTransactionThread - 0] INFO  volume.OMVolumeCreateRequest (OMVolumeCreateRequest.java:validateAndUpdateCache(203)) - created volume:vol-8762791164-22 for user:runner
2025-04-23 15:46:28,311 [omNode-3-OMStateMachineApplyTransactionThread - 0] INFO  volume.OMVolumeCreateRequest (OMVolumeCreateRequest.java:validateAndUpdateCache(203)) - created volume:vol-8762791164-23 for user:runner
2025-04-23 15:46:28,313 [main] INFO  rpc.RpcClient (RpcClient.java:createVolume(462)) - Creating Volume: vol-8762791164-24, with runner as owner and space quota set to -1 bytes, counts quota set to -1
2025-04-23 15:46:28,314 [omNode-2-OMStateMachineApplyTransactionThread - 0] INFO  volume.OMVolumeCreateRequest (OMVolumeCreateRequest.java:validateAndUpdateCache(203)) - created volume:vol-8762791164-23 for user:runner
2025-04-23 15:46:28,332 [omNode-1@group-523986131536-StateMachineUpdater] INFO  ratis.OzoneManagerStateMachine (OzoneManagerStateMachine.java:takeSnapshotImpl(510)) - omNode-1: taking snapshot. applied = (t:11, i:152), skipped = 151, notified = (t:11, i:152), current snapshot index = (t:11, i:152), took 30 ms
2025-04-23 15:46:28,332 [omNode-1@group-523986131536-StateMachineUpdater] INFO  impl.StateMachineUpdater (StateMachineUpdater.java:takeSnapshot(303)) - omNode-1@group-523986131536-StateMachineUpdater: Took a snapshot at index 152
2025-04-23 15:46:28,332 [omNode-1@group-523986131536-StateMachineUpdater] INFO  impl.StateMachineUpdater (StateMachineUpdater.java:lambda$new$0(102)) - omNode-1@group-523986131536-StateMachineUpdater: snapshotIndex: updateIncreasingly 102 -> 152
2025-04-23 15:46:28,332 [omNode-1@group-523986131536-StateMachineUpdater] INFO  raftlog.RaftLog (RaftLogBase.java:purge(325)) - omNode-1@group-523986131536-SegmentedRaftLog: purge 152
2025-04-23 15:46:28,332 [omNode-1@group-523986131536-StateMachineUpdater] INFO  raftlog.RaftLog (RaftLogBase.java:lambda$new$0(54)) - omNode-1@group-523986131536-SegmentedRaftLog: snapshotIndex: updateIncreasingly 102 -> 152
2025-04-23 15:46:28,332 [omNode-1@group-523986131536-StateMachineUpdater] INFO  raftlog.RaftLog (SegmentedRaftLog.java:purgeImpl(382)) - omNode-1@group-523986131536-SegmentedRaftLog: purge(152)
  toTruncate: null
    toDelete: [(105, 106) isOpen? false, length=0, newEndIndex=0, (103, 104) isOpen? false, length=0, newEndIndex=0, (77, 102) isOpen? false, length=0, newEndIndex=0]
2025-04-23 15:46:28,332 [omNode-3@group-523986131536-StateMachineUpdater] INFO  ratis.OzoneManagerStateMachine (OzoneManagerStateMachine.java:takeSnapshotImpl(510)) - omNode-3: taking snapshot. applied = (t:11, i:156), skipped = 155, notified = (t:11, i:156), current snapshot index = (t:11, i:156), took 19 ms
2025-04-23 15:46:28,332 [omNode-3@group-523986131536-StateMachineUpdater] INFO  impl.StateMachineUpdater (StateMachineUpdater.java:takeSnapshot(303)) - omNode-3@group-523986131536-StateMachineUpdater: Took a snapshot at index 156
2025-04-23 15:46:28,332 [omNode-3@group-523986131536-StateMachineUpdater] INFO  impl.StateMachineUpdater (StateMachineUpdater.java:lambda$new$0(102)) - omNode-3@group-523986131536-StateMachineUpdater: snapshotIndex: updateIncreasingly 106 -> 156
2025-04-23 15:46:28,332 [omNode-3@group-523986131536-StateMachineUpdater] INFO  raftlog.RaftLog (RaftLogBase.java:purge(325)) - omNode-3@group-523986131536-SegmentedRaftLog: purge 156
2025-04-23 15:46:28,332 [omNode-3@group-523986131536-StateMachineUpdater] INFO  raftlog.RaftLog (RaftLogBase.java:lambda$new$0(54)) - omNode-3@group-523986131536-SegmentedRaftLog: snapshotIndex: updateIncreasingly 106 -> 156
2025-04-23 15:46:28,332 [omNode-3@group-523986131536-StateMachineUpdater] INFO  raftlog.RaftLog (SegmentedRaftLog.java:purgeImpl(382)) - omNode-3@group-523986131536-SegmentedRaftLog: purge(156)
  toTruncate: null
    toDelete: [(105, 106) isOpen? false, length=0, newEndIndex=0, (103, 104) isOpen? false, length=0, newEndIndex=0]
2025-04-23 15:46:28,332 [omNode-1@group-523986131536-SegmentedRaftLogWorker] INFO  segmented.SegmentedRaftLogWorker (SegmentedRaftLogWorker.java:execute(481)) - omNode-1@group-523986131536-SegmentedRaftLogWorker: Purged RaftLog segment: info=(105, 106) isOpen? false, length=0, newEndIndex=0, path=/home/runner/work/ozone/ozone/hadoop-ozone/integration-test/target/test-dir/MiniOzoneClusterImpl-5cf50c17-c591-473f-a8c4-88d8665d28d7/omNode-1/ratis/c9bc4cf4-3bc3-3c60-a66b-523986131536/current/log_105-106
2025-04-23 15:46:28,334 [omNode-1@group-523986131536-SegmentedRaftLogWorker] INFO  segmented.SegmentedRaftLogWorker (SegmentedRaftLogWorker.java:execute(481)) - omNode-1@group-523986131536-SegmentedRaftLogWorker: Purged RaftLog segment: info=(103, 104) isOpen? false, length=0, newEndIndex=0, path=/home/runner/work/ozone/ozone/hadoop-ozone/integration-test/target/test-dir/MiniOzoneClusterImpl-5cf50c17-c591-473f-a8c4-88d8665d28d7/omNode-1/ratis/c9bc4cf4-3bc3-3c60-a66b-523986131536/current/log_103-104
2025-04-23 15:46:28,334 [omNode-3-OMStateMachineApplyTransactionThread - 0] INFO  volume.OMVolumeCreateRequest (OMVolumeCreateRequest.java:validateAndUpdateCache(203)) - created volume:vol-8762791164-24 for user:runner
2025-04-23 15:46:28,334 [omNode-1@group-523986131536-SegmentedRaftLogWorker] INFO  segmented.SegmentedRaftLogWorker (SegmentedRaftLogWorker.java:execute(481)) - omNode-1@group-523986131536-SegmentedRaftLogWorker: Purged RaftLog segment: info=(77, 102) isOpen? false, length=0, newEndIndex=0, path=/home/runner/work/ozone/ozone/hadoop-ozone/integration-test/target/test-dir/MiniOzoneClusterImpl-5cf50c17-c591-473f-a8c4-88d8665d28d7/omNode-1/ratis/c9bc4cf4-3bc3-3c60-a66b-523986131536/current/log_77-102
2025-04-23 15:46:28,334 [omNode-1@group-523986131536-SegmentedRaftLogWorker] INFO  raftlog.RaftLog (RaftLogBase.java:lambda$new$0(54)) - omNode-1@group-523986131536-SegmentedRaftLog: purgeIndex: updateToMax old=76, new=106, updated? true
2025-04-23 15:46:28,334 [omNode-3@group-523986131536-SegmentedRaftLogWorker] INFO  segmented.SegmentedRaftLogWorker (SegmentedRaftLogWorker.java:execute(481)) - omNode-3@group-523986131536-SegmentedRaftLogWorker: Purged RaftLog segment: info=(105, 106) isOpen? false, length=0, newEndIndex=0, path=/home/runner/work/ozone/ozone/hadoop-ozone/integration-test/target/test-dir/MiniOzoneClusterImpl-5cf50c17-c591-473f-a8c4-88d8665d28d7/omNode-3/ratis/c9bc4cf4-3bc3-3c60-a66b-523986131536/current/log_105-106
2025-04-23 15:46:28,335 [omNode-1-OMStateMachineApplyTransactionThread - 0] INFO  volume.OMVolumeCreateRequest (OMVolumeCreateRequest.java:validateAndUpdateCache(203)) - created volume:vol-8762791164-22 for user:runner
2025-04-23 15:46:28,335 [omNode-3@group-523986131536-SegmentedRaftLogWorker] INFO  segmented.SegmentedRaftLogWorker (SegmentedRaftLogWorker.java:execute(481)) - omNode-3@group-523986131536-SegmentedRaftLogWorker: Purged RaftLog segment: info=(103, 104) isOpen? false, length=0, newEndIndex=0, path=/home/runner/work/ozone/ozone/hadoop-ozone/integration-test/target/test-dir/MiniOzoneClusterImpl-5cf50c17-c591-473f-a8c4-88d8665d28d7/omNode-3/ratis/c9bc4cf4-3bc3-3c60-a66b-523986131536/current/log_103-104
2025-04-23 15:46:28,335 [omNode-3@group-523986131536-SegmentedRaftLogWorker] INFO  raftlog.RaftLog (RaftLogBase.java:lambda$new$0(54)) - omNode-3@group-523986131536-SegmentedRaftLog: purgeIndex: updateToMax old=102, new=106, updated? true
2025-04-23 15:46:28,335 [omNode-1-OMStateMachineApplyTransactionThread - 0] INFO  volume.OMVolumeCreateRequest (OMVolumeCreateRequest.java:validateAndUpdateCache(203)) - created volume:vol-8762791164-23 for user:runner
2025-04-23 15:46:28,336 [main] INFO  rpc.RpcClient (RpcClient.java:createVolume(462)) - Creating Volume: vol-8762791164-25, with runner as owner and space quota set to -1 bytes, counts quota set to -1
2025-04-23 15:46:28,336 [omNode-1-OMStateMachineApplyTransactionThread - 0] INFO  volume.OMVolumeCreateRequest (OMVolumeCreateRequest.java:validateAndUpdateCache(203)) - created volume:vol-8762791164-24 for user:runner
2025-04-23 15:46:28,345 [omNode-3-OMStateMachineApplyTransactionThread - 0] INFO  volume.OMVolumeCreateRequest (OMVolumeCreateRequest.java:validateAndUpdateCache(203)) - created volume:vol-8762791164-25 for user:runner
2025-04-23 15:46:28,346 [omNode-1-OMStateMachineApplyTransactionThread - 0] INFO  volume.OMVolumeCreateRequest (OMVolumeCreateRequest.java:validateAndUpdateCache(203)) - created volume:vol-8762791164-25 for user:runner
2025-04-23 15:46:28,347 [omNode-2@group-523986131536-StateMachineUpdater] INFO  ratis.OzoneManagerStateMachine (OzoneManagerStateMachine.java:takeSnapshotImpl(510)) - omNode-2: taking snapshot. applied = (t:11, i:156), skipped = 155, notified = (t:11, i:156), current snapshot index = (t:11, i:156), took 30 ms
2025-04-23 15:46:28,347 [omNode-2@group-523986131536-StateMachineUpdater] INFO  impl.StateMachineUpdater (StateMachineUpdater.java:takeSnapshot(303)) - omNode-2@group-523986131536-StateMachineUpdater: Took a snapshot at index 156
2025-04-23 15:46:28,347 [omNode-2@group-523986131536-StateMachineUpdater] INFO  impl.StateMachineUpdater (StateMachineUpdater.java:lambda$new$0(102)) - omNode-2@group-523986131536-StateMachineUpdater: snapshotIndex: updateIncreasingly 106 -> 156
2025-04-23 15:46:28,347 [omNode-2@group-523986131536-StateMachineUpdater] INFO  raftlog.RaftLog (RaftLogBase.java:purge(325)) - omNode-2@group-523986131536-SegmentedRaftLog: purge 156
2025-04-23 15:46:28,348 [omNode-2@group-523986131536-StateMachineUpdater] INFO  raftlog.RaftLog (RaftLogBase.java:lambda$new$0(54)) - omNode-2@group-523986131536-SegmentedRaftLog: snapshotIndex: updateIncreasingly 106 -> 156
2025-04-23 15:46:28,348 [omNode-2@group-523986131536-StateMachineUpdater] INFO  raftlog.RaftLog (SegmentedRaftLog.java:purgeImpl(382)) - omNode-2@group-523986131536-SegmentedRaftLog: purge(156)
  toTruncate: null
    toDelete: [(105, 106) isOpen? false, length=0, newEndIndex=0, (103, 104) isOpen? false, length=0, newEndIndex=0]
2025-04-23 15:46:28,348 [omNode-2@group-523986131536-SegmentedRaftLogWorker] INFO  segmented.SegmentedRaftLogWorker (SegmentedRaftLogWorker.java:execute(481)) - omNode-2@group-523986131536-SegmentedRaftLogWorker: Purged RaftLog segment: info=(105, 106) isOpen? false, length=0, newEndIndex=0, path=/home/runner/work/ozone/ozone/hadoop-ozone/integration-test/target/test-dir/MiniOzoneClusterImpl-5cf50c17-c591-473f-a8c4-88d8665d28d7/omNode-2/ratis/c9bc4cf4-3bc3-3c60-a66b-523986131536/current/log_105-106
2025-04-23 15:46:28,348 [omNode-2@group-523986131536-SegmentedRaftLogWorker] INFO  segmented.SegmentedRaftLogWorker (SegmentedRaftLogWorker.java:execute(481)) - omNode-2@group-523986131536-SegmentedRaftLogWorker: Purged RaftLog segment: info=(103, 104) isOpen? false, length=0, newEndIndex=0, path=/home/runner/work/ozone/ozone/hadoop-ozone/integration-test/target/test-dir/MiniOzoneClusterImpl-5cf50c17-c591-473f-a8c4-88d8665d28d7/omNode-2/ratis/c9bc4cf4-3bc3-3c60-a66b-523986131536/current/log_103-104
2025-04-23 15:46:28,348 [omNode-2@group-523986131536-SegmentedRaftLogWorker] INFO  raftlog.RaftLog (RaftLogBase.java:lambda$new$0(54)) - omNode-2@group-523986131536-SegmentedRaftLog: purgeIndex: updateToMax old=102, new=106, updated? true
2025-04-23 15:46:28,349 [omNode-2-OMStateMachineApplyTransactionThread - 0] INFO  volume.OMVolumeCreateRequest (OMVolumeCreateRequest.java:validateAndUpdateCache(203)) - created volume:vol-8762791164-24 for user:runner
2025-04-23 15:46:28,349 [omNode-2-OMStateMachineApplyTransactionThread - 0] INFO  volume.OMVolumeCreateRequest (OMVolumeCreateRequest.java:validateAndUpdateCache(203)) - created volume:vol-8762791164-25 for user:runner
2025-04-23 15:46:28,350 [main] INFO  rpc.RpcClient (RpcClient.java:createVolume(462)) - Creating Volume: vol-8762791164-26, with runner as owner and space quota set to -1 bytes, counts quota set to -1
2025-04-23 15:46:28,357 [omNode-1-OMStateMachineApplyTransactionThread - 0] INFO  volume.OMVolumeCreateRequest (OMVolumeCreateRequest.java:validateAndUpdateCache(203)) - created volume:vol-8762791164-26 for user:runner
2025-04-23 15:46:28,357 [omNode-3-OMStateMachineApplyTransactionThread - 0] INFO  volume.OMVolumeCreateRequest (OMVolumeCreateRequest.java:validateAndUpdateCache(203)) - created volume:vol-8762791164-26 for user:runner
2025-04-23 15:46:28,358 [main] INFO  rpc.RpcClient (RpcClient.java:createVolume(462)) - Creating Volume: vol-8762791164-27, with runner as owner and space quota set to -1 bytes, counts quota set to -1
2025-04-23 15:46:28,358 [omNode-2-OMStateMachineApplyTransactionThread - 0] INFO  volume.OMVolumeCreateRequest (OMVolumeCreateRequest.java:validateAndUpdateCache(203)) - created volume:vol-8762791164-26 for user:runner
2025-04-23 15:46:28,362 [omNode-3-OMStateMachineApplyTransactionThread - 0] INFO  volume.OMVolumeCreateRequest (OMVolumeCreateRequest.java:validateAndUpdateCache(203)) - created volume:vol-8762791164-27 for user:runner
2025-04-23 15:46:28,363 [main] INFO  rpc.RpcClient (RpcClient.java:createVolume(462)) - Creating Volume: vol-8762791164-28, with runner as owner and space quota set to -1 bytes, counts quota set to -1
2025-04-23 15:46:28,363 [omNode-1-OMStateMachineApplyTransactionThread - 0] INFO  volume.OMVolumeCreateRequest (OMVolumeCreateRequest.java:validateAndUpdateCache(203)) - created volume:vol-8762791164-27 for user:runner
2025-04-23 15:46:28,363 [omNode-2-OMStateMachineApplyTransactionThread - 0] INFO  volume.OMVolumeCreateRequest (OMVolumeCreateRequest.java:validateAndUpdateCache(203)) - created volume:vol-8762791164-27 for user:runner
2025-04-23 15:46:28,366 [omNode-3-OMStateMachineApplyTransactionThread - 0] INFO  volume.OMVolumeCreateRequest (OMVolumeCreateRequest.java:validateAndUpdateCache(203)) - created volume:vol-8762791164-28 for user:runner
2025-04-23 15:46:28,367 [omNode-2-OMStateMachineApplyTransactionThread - 0] INFO  volume.OMVolumeCreateRequest (OMVolumeCreateRequest.java:validateAndUpdateCache(203)) - created volume:vol-8762791164-28 for user:runner
2025-04-23 15:46:28,368 [omNode-1-OMStateMachineApplyTransactionThread - 0] INFO  volume.OMVolumeCreateRequest (OMVolumeCreateRequest.java:validateAndUpdateCache(203)) - created volume:vol-8762791164-28 for user:runner
2025-04-23 15:46:28,367 [main] INFO  rpc.RpcClient (RpcClient.java:createVolume(462)) - Creating Volume: vol-8762791164-29, with runner as owner and space quota set to -1 bytes, counts quota set to -1
2025-04-23 15:46:28,373 [omNode-3-OMStateMachineApplyTransactionThread - 0] INFO  volume.OMVolumeCreateRequest (OMVolumeCreateRequest.java:validateAndUpdateCache(203)) - created volume:vol-8762791164-29 for user:runner
2025-04-23 15:46:28,376 [omNode-2-OMStateMachineApplyTransactionThread - 0] INFO  volume.OMVolumeCreateRequest (OMVolumeCreateRequest.java:validateAndUpdateCache(203)) - created volume:vol-8762791164-29 for user:runner
2025-04-23 15:46:28,376 [omNode-1-OMStateMachineApplyTransactionThread - 0] INFO  volume.OMVolumeCreateRequest (OMVolumeCreateRequest.java:validateAndUpdateCache(203)) - created volume:vol-8762791164-29 for user:runner
2025-04-23 15:46:28,376 [main] INFO  rpc.RpcClient (RpcClient.java:createVolume(462)) - Creating Volume: vol-8762791164-30, with runner as owner and space quota set to -1 bytes, counts quota set to -1
2025-04-23 15:46:28,383 [omNode-3-OMStateMachineApplyTransactionThread - 0] INFO  volume.OMVolumeCreateRequest (OMVolumeCreateRequest.java:validateAndUpdateCache(203)) - created volume:vol-8762791164-30 for user:runner
2025-04-23 15:46:28,384 [omNode-2-OMStateMachineApplyTransactionThread - 0] INFO  volume.OMVolumeCreateRequest (OMVolumeCreateRequest.java:validateAndUpdateCache(203)) - created volume:vol-8762791164-30 for user:runner
2025-04-23 15:46:28,384 [main] INFO  rpc.RpcClient (RpcClient.java:createVolume(462)) - Creating Volume: vol-8762791164-31, with runner as owner and space quota set to -1 bytes, counts quota set to -1
2025-04-23 15:46:28,384 [omNode-1-OMStateMachineApplyTransactionThread - 0] INFO  volume.OMVolumeCreateRequest (OMVolumeCreateRequest.java:validateAndUpdateCache(203)) - created volume:vol-8762791164-30 for user:runner
2025-04-23 15:46:28,388 [omNode-3-OMStateMachineApplyTransactionThread - 0] INFO  volume.OMVolumeCreateRequest (OMVolumeCreateRequest.java:validateAndUpdateCache(203)) - created volume:vol-8762791164-31 for user:runner
2025-04-23 15:46:28,389 [omNode-2-OMStateMachineApplyTransactionThread - 0] INFO  volume.OMVolumeCreateRequest (OMVolumeCreateRequest.java:validateAndUpdateCache(203)) - created volume:vol-8762791164-31 for user:runner
2025-04-23 15:46:28,389 [omNode-1-OMStateMachineApplyTransactionThread - 0] INFO  volume.OMVolumeCreateRequest (OMVolumeCreateRequest.java:validateAndUpdateCache(203)) - created volume:vol-8762791164-31 for user:runner
2025-04-23 15:46:28,389 [main] INFO  rpc.RpcClient (RpcClient.java:createVolume(462)) - Creating Volume: vol-8762791164-32, with runner as owner and space quota set to -1 bytes, counts quota set to -1
2025-04-23 15:46:28,392 [omNode-3-OMStateMachineApplyTransactionThread - 0] INFO  volume.OMVolumeCreateRequest (OMVolumeCreateRequest.java:validateAndUpdateCache(203)) - created volume:vol-8762791164-32 for user:runner
2025-04-23 15:46:28,393 [main] INFO  rpc.RpcClient (RpcClient.java:createVolume(462)) - Creating Volume: vol-8762791164-33, with runner as owner and space quota set to -1 bytes, counts quota set to -1
2025-04-23 15:46:28,394 [omNode-1-OMStateMachineApplyTransactionThread - 0] INFO  volume.OMVolumeCreateRequest (OMVolumeCreateRequest.java:validateAndUpdateCache(203)) - created volume:vol-8762791164-32 for user:runner
2025-04-23 15:46:28,394 [omNode-2-OMStateMachineApplyTransactionThread - 0] INFO  volume.OMVolumeCreateRequest (OMVolumeCreateRequest.java:validateAndUpdateCache(203)) - created volume:vol-8762791164-32 for user:runner
2025-04-23 15:46:28,397 [omNode-3-OMStateMachineApplyTransactionThread - 0] INFO  volume.OMVolumeCreateRequest (OMVolumeCreateRequest.java:validateAndUpdateCache(203)) - created volume:vol-8762791164-33 for user:runner
2025-04-23 15:46:28,398 [omNode-2-OMStateMachineApplyTransactionThread - 0] INFO  volume.OMVolumeCreateRequest (OMVolumeCreateRequest.java:validateAndUpdateCache(203)) - created volume:vol-8762791164-33 for user:runner
2025-04-23 15:46:28,398 [main] INFO  rpc.RpcClient (RpcClient.java:createVolume(462)) - Creating Volume: vol-8762791164-34, with runner as owner and space quota set to -1 bytes, counts quota set to -1
2025-04-23 15:46:28,398 [omNode-1-OMStateMachineApplyTransactionThread - 0] INFO  volume.OMVolumeCreateRequest (OMVolumeCreateRequest.java:validateAndUpdateCache(203)) - created volume:vol-8762791164-33 for user:runner
2025-04-23 15:46:28,401 [omNode-3-OMStateMachineApplyTransactionThread - 0] INFO  volume.OMVolumeCreateRequest (OMVolumeCreateRequest.java:validateAndUpdateCache(203)) - created volume:vol-8762791164-34 for user:runner
2025-04-23 15:46:28,402 [omNode-1-OMStateMachineApplyTransactionThread - 0] INFO  volume.OMVolumeCreateRequest (OMVolumeCreateRequest.java:validateAndUpdateCache(203)) - created volume:vol-8762791164-34 for user:runner
2025-04-23 15:46:28,402 [main] INFO  rpc.RpcClient (RpcClient.java:createVolume(462)) - Creating Volume: vol-8762791164-35, with runner as owner and space quota set to -1 bytes, counts quota set to -1
2025-04-23 15:46:28,403 [omNode-2-OMStateMachineApplyTransactionThread - 0] INFO  volume.OMVolumeCreateRequest (OMVolumeCreateRequest.java:validateAndUpdateCache(203)) - created volume:vol-8762791164-34 for user:runner
2025-04-23 15:46:28,406 [omNode-3-OMStateMachineApplyTransactionThread - 0] INFO  volume.OMVolumeCreateRequest (OMVolumeCreateRequest.java:validateAndUpdateCache(203)) - created volume:vol-8762791164-35 for user:runner
2025-04-23 15:46:28,408 [omNode-2-OMStateMachineApplyTransactionThread - 0] INFO  volume.OMVolumeCreateRequest (OMVolumeCreateRequest.java:validateAndUpdateCache(203)) - created volume:vol-8762791164-35 for user:runner
2025-04-23 15:46:28,408 [omNode-1-OMStateMachineApplyTransactionThread - 0] INFO  volume.OMVolumeCreateRequest (OMVolumeCreateRequest.java:validateAndUpdateCache(203)) - created volume:vol-8762791164-35 for user:runner
2025-04-23 15:46:28,408 [main] INFO  rpc.RpcClient (RpcClient.java:createVolume(462)) - Creating Volume: vol-8762791164-36, with runner as owner and space quota set to -1 bytes, counts quota set to -1
2025-04-23 15:46:28,411 [omNode-3-OMStateMachineApplyTransactionThread - 0] INFO  volume.OMVolumeCreateRequest (OMVolumeCreateRequest.java:validateAndUpdateCache(203)) - created volume:vol-8762791164-36 for user:runner
2025-04-23 15:46:28,412 [main] INFO  rpc.RpcClient (RpcClient.java:createVolume(462)) - Creating Volume: vol-8762791164-37, with runner as owner and space quota set to -1 bytes, counts quota set to -1
2025-04-23 15:46:28,413 [omNode-2-OMStateMachineApplyTransactionThread - 0] INFO  volume.OMVolumeCreateRequest (OMVolumeCreateRequest.java:validateAndUpdateCache(203)) - created volume:vol-8762791164-36 for user:runner
2025-04-23 15:46:28,414 [omNode-1-OMStateMachineApplyTransactionThread - 0] INFO  volume.OMVolumeCreateRequest (OMVolumeCreateRequest.java:validateAndUpdateCache(203)) - created volume:vol-8762791164-36 for user:runner
2025-04-23 15:46:28,416 [omNode-3-OMStateMachineApplyTransactionThread - 0] INFO  volume.OMVolumeCreateRequest (OMVolumeCreateRequest.java:validateAndUpdateCache(203)) - created volume:vol-8762791164-37 for user:runner
2025-04-23 15:46:28,417 [main] INFO  rpc.RpcClient (RpcClient.java:createVolume(462)) - Creating Volume: vol-8762791164-38, with runner as owner and space quota set to -1 bytes, counts quota set to -1
2025-04-23 15:46:28,423 [omNode-2-OMStateMachineApplyTransactionThread - 0] INFO  volume.OMVolumeCreateRequest (OMVolumeCreateRequest.java:validateAndUpdateCache(203)) - created volume:vol-8762791164-37 for user:runner
2025-04-23 15:46:28,423 [omNode-3-OMStateMachineApplyTransactionThread - 0] INFO  volume.OMVolumeCreateRequest (OMVolumeCreateRequest.java:validateAndUpdateCache(203)) - created volume:vol-8762791164-38 for user:runner
2025-04-23 15:46:28,423 [omNode-1-OMStateMachineApplyTransactionThread - 0] INFO  volume.OMVolumeCreateRequest (OMVolumeCreateRequest.java:validateAndUpdateCache(203)) - created volume:vol-8762791164-37 for user:runner
2025-04-23 15:46:28,425 [main] INFO  rpc.RpcClient (RpcClient.java:createVolume(462)) - Creating Volume: vol-8762791164-39, with runner as owner and space quota set to -1 bytes, counts quota set to -1
2025-04-23 15:46:28,427 [omNode-2-OMStateMachineApplyTransactionThread - 0] INFO  volume.OMVolumeCreateRequest (OMVolumeCreateRequest.java:validateAndUpdateCache(203)) - created volume:vol-8762791164-38 for user:runner
2025-04-23 15:46:28,428 [omNode-1-OMStateMachineApplyTransactionThread - 0] INFO  volume.OMVolumeCreateRequest (OMVolumeCreateRequest.java:validateAndUpdateCache(203)) - created volume:vol-8762791164-38 for user:runner
2025-04-23 15:46:28,429 [omNode-3-OMStateMachineApplyTransactionThread - 0] INFO  volume.OMVolumeCreateRequest (OMVolumeCreateRequest.java:validateAndUpdateCache(203)) - created volume:vol-8762791164-39 for user:runner
2025-04-23 15:46:28,430 [main] INFO  rpc.RpcClient (RpcClient.java:createVolume(462)) - Creating Volume: vol-8762791164-40, with runner as owner and space quota set to -1 bytes, counts quota set to -1
2025-04-23 15:46:28,431 [omNode-2-OMStateMachineApplyTransactionThread - 0] INFO  volume.OMVolumeCreateRequest (OMVolumeCreateRequest.java:validateAndUpdateCache(203)) - created volume:vol-8762791164-39 for user:runner
2025-04-23 15:46:28,432 [omNode-1-OMStateMachineApplyTransactionThread - 0] INFO  volume.OMVolumeCreateRequest (OMVolumeCreateRequest.java:validateAndUpdateCache(203)) - created volume:vol-8762791164-39 for user:runner
2025-04-23 15:46:28,435 [omNode-3-OMStateMachineApplyTransactionThread - 0] INFO  volume.OMVolumeCreateRequest (OMVolumeCreateRequest.java:validateAndUpdateCache(203)) - created volume:vol-8762791164-40 for user:runner
2025-04-23 15:46:28,436 [main] INFO  rpc.RpcClient (RpcClient.java:createVolume(462)) - Creating Volume: vol-8762791164-41, with runner as owner and space quota set to -1 bytes, counts quota set to -1
2025-04-23 15:46:28,437 [omNode-1-OMStateMachineApplyTransactionThread - 0] INFO  volume.OMVolumeCreateRequest (OMVolumeCreateRequest.java:validateAndUpdateCache(203)) - created volume:vol-8762791164-40 for user:runner
2025-04-23 15:46:28,438 [omNode-2-OMStateMachineApplyTransactionThread - 0] INFO  volume.OMVolumeCreateRequest (OMVolumeCreateRequest.java:validateAndUpdateCache(203)) - created volume:vol-8762791164-40 for user:runner
2025-04-23 15:46:28,442 [omNode-3-OMStateMachineApplyTransactionThread - 0] INFO  volume.OMVolumeCreateRequest (OMVolumeCreateRequest.java:validateAndUpdateCache(203)) - created volume:vol-8762791164-41 for user:runner
2025-04-23 15:46:28,443 [main] INFO  rpc.RpcClient (RpcClient.java:createVolume(462)) - Creating Volume: vol-8762791164-42, with runner as owner and space quota set to -1 bytes, counts quota set to -1
2025-04-23 15:46:28,444 [omNode-2-OMStateMachineApplyTransactionThread - 0] INFO  volume.OMVolumeCreateRequest (OMVolumeCreateRequest.java:validateAndUpdateCache(203)) - created volume:vol-8762791164-41 for user:runner
2025-04-23 15:46:28,445 [omNode-1-OMStateMachineApplyTransactionThread - 0] INFO  volume.OMVolumeCreateRequest (OMVolumeCreateRequest.java:validateAndUpdateCache(203)) - created volume:vol-8762791164-41 for user:runner
2025-04-23 15:46:28,448 [omNode-3-OMStateMachineApplyTransactionThread - 0] INFO  volume.OMVolumeCreateRequest (OMVolumeCreateRequest.java:validateAndUpdateCache(203)) - created volume:vol-8762791164-42 for user:runner
2025-04-23 15:46:28,450 [omNode-1-OMStateMachineApplyTransactionThread - 0] INFO  volume.OMVolumeCreateRequest (OMVolumeCreateRequest.java:validateAndUpdateCache(203)) - created volume:vol-8762791164-42 for user:runner
2025-04-23 15:46:28,450 [main] INFO  rpc.RpcClient (RpcClient.java:createVolume(462)) - Creating Volume: vol-8762791164-43, with runner as owner and space quota set to -1 bytes, counts quota set to -1
2025-04-23 15:46:28,453 [omNode-2-OMStateMachineApplyTransactionThread - 0] INFO  volume.OMVolumeCreateRequest (OMVolumeCreateRequest.java:validateAndUpdateCache(203)) - created volume:vol-8762791164-42 for user:runner
2025-04-23 15:46:28,456 [omNode-3-OMStateMachineApplyTransactionThread - 0] INFO  volume.OMVolumeCreateRequest (OMVolumeCreateRequest.java:validateAndUpdateCache(203)) - created volume:vol-8762791164-43 for user:runner
2025-04-23 15:46:28,457 [omNode-2-OMStateMachineApplyTransactionThread - 0] INFO  volume.OMVolumeCreateRequest (OMVolumeCreateRequest.java:validateAndUpdateCache(203)) - created volume:vol-8762791164-43 for user:runner
2025-04-23 15:46:28,458 [omNode-1-OMStateMachineApplyTransactionThread - 0] INFO  volume.OMVolumeCreateRequest (OMVolumeCreateRequest.java:validateAndUpdateCache(203)) - created volume:vol-8762791164-43 for user:runner
2025-04-23 15:46:28,459 [main] INFO  rpc.RpcClient (RpcClient.java:createVolume(462)) - Creating Volume: vol-8762791164-44, with runner as owner and space quota set to -1 bytes, counts quota set to -1
2025-04-23 15:46:28,462 [omNode-3-OMStateMachineApplyTransactionThread - 0] INFO  volume.OMVolumeCreateRequest (OMVolumeCreateRequest.java:validateAndUpdateCache(203)) - created volume:vol-8762791164-44 for user:runner
2025-04-23 15:46:28,463 [main] INFO  rpc.RpcClient (RpcClient.java:createVolume(462)) - Creating Volume: vol-8762791164-45, with runner as owner and space quota set to -1 bytes, counts quota set to -1
2025-04-23 15:46:28,463 [omNode-2-OMStateMachineApplyTransactionThread - 0] INFO  volume.OMVolumeCreateRequest (OMVolumeCreateRequest.java:validateAndUpdateCache(203)) - created volume:vol-8762791164-44 for user:runner
2025-04-23 15:46:28,466 [omNode-1-OMStateMachineApplyTransactionThread - 0] INFO  volume.OMVolumeCreateRequest (OMVolumeCreateRequest.java:validateAndUpdateCache(203)) - created volume:vol-8762791164-44 for user:runner
2025-04-23 15:46:28,466 [omNode-3-OMStateMachineApplyTransactionThread - 0] INFO  volume.OMVolumeCreateRequest (OMVolumeCreateRequest.java:validateAndUpdateCache(203)) - created volume:vol-8762791164-45 for user:runner
2025-04-23 15:46:28,467 [main] INFO  rpc.RpcClient (RpcClient.java:createVolume(462)) - Creating Volume: vol-8762791164-46, with runner as owner and space quota set to -1 bytes, counts quota set to -1
2025-04-23 15:46:28,470 [omNode-1-OMStateMachineApplyTransactionThread - 0] INFO  volume.OMVolumeCreateRequest (OMVolumeCreateRequest.java:validateAndUpdateCache(203)) - created volume:vol-8762791164-45 for user:runner
2025-04-23 15:46:28,471 [omNode-2-OMStateMachineApplyTransactionThread - 0] INFO  volume.OMVolumeCreateRequest (OMVolumeCreateRequest.java:validateAndUpdateCache(203)) - created volume:vol-8762791164-45 for user:runner
2025-04-23 15:46:28,473 [omNode-3-OMStateMachineApplyTransactionThread - 0] INFO  volume.OMVolumeCreateRequest (OMVolumeCreateRequest.java:validateAndUpdateCache(203)) - created volume:vol-8762791164-46 for user:runner
2025-04-23 15:46:28,474 [omNode-2-OMStateMachineApplyTransactionThread - 0] INFO  volume.OMVolumeCreateRequest (OMVolumeCreateRequest.java:validateAndUpdateCache(203)) - created volume:vol-8762791164-46 for user:runner
2025-04-23 15:46:28,474 [omNode-1-OMStateMachineApplyTransactionThread - 0] INFO  volume.OMVolumeCreateRequest (OMVolumeCreateRequest.java:validateAndUpdateCache(203)) - created volume:vol-8762791164-46 for user:runner
2025-04-23 15:46:28,475 [main] INFO  rpc.RpcClient (RpcClient.java:createVolume(462)) - Creating Volume: vol-8762791164-47, with runner as owner and space quota set to -1 bytes, counts quota set to -1
2025-04-23 15:46:28,479 [omNode-3-OMStateMachineApplyTransactionThread - 0] INFO  volume.OMVolumeCreateRequest (OMVolumeCreateRequest.java:validateAndUpdateCache(203)) - created volume:vol-8762791164-47 for user:runner
2025-04-23 15:46:28,482 [omNode-2-OMStateMachineApplyTransactionThread - 0] INFO  volume.OMVolumeCreateRequest (OMVolumeCreateRequest.java:validateAndUpdateCache(203)) - created volume:vol-8762791164-47 for user:runner
2025-04-23 15:46:28,482 [main] INFO  rpc.RpcClient (RpcClient.java:createVolume(462)) - Creating Volume: vol-8762791164-48, with runner as owner and space quota set to -1 bytes, counts quota set to -1
2025-04-23 15:46:28,487 [omNode-3-OMStateMachineApplyTransactionThread - 0] INFO  volume.OMVolumeCreateRequest (OMVolumeCreateRequest.java:validateAndUpdateCache(203)) - created volume:vol-8762791164-48 for user:runner
2025-04-23 15:46:28,487 [main] INFO  rpc.RpcClient (RpcClient.java:createVolume(462)) - Creating Volume: vol-8762791164-49, with runner as owner and space quota set to -1 bytes, counts quota set to -1
2025-04-23 15:46:28,488 [omNode-2-OMStateMachineApplyTransactionThread - 0] INFO  volume.OMVolumeCreateRequest (OMVolumeCreateRequest.java:validateAndUpdateCache(203)) - created volume:vol-8762791164-48 for user:runner
2025-04-23 15:46:28,492 [omNode-3-OMStateMachineApplyTransactionThread - 0] INFO  volume.OMVolumeCreateRequest (OMVolumeCreateRequest.java:validateAndUpdateCache(203)) - created volume:vol-8762791164-49 for user:runner
2025-04-23 15:46:28,494 [main] INFO  rpc.RpcClient (RpcClient.java:createVolume(462)) - Creating Volume: vol-8762791164-50, with runner as owner and space quota set to -1 bytes, counts quota set to -1
2025-04-23 15:46:28,506 [omNode-1@group-523986131536-StateMachineUpdater] INFO  ratis.OzoneManagerStateMachine (OzoneManagerStateMachine.java:takeSnapshotImpl(510)) - omNode-1: taking snapshot. applied = (t:11, i:202), skipped = 201, notified = (t:11, i:202), current snapshot index = (t:11, i:202), took 28 ms
2025-04-23 15:46:28,506 [omNode-1@group-523986131536-StateMachineUpdater] INFO  impl.StateMachineUpdater (StateMachineUpdater.java:takeSnapshot(303)) - omNode-1@group-523986131536-StateMachineUpdater: Took a snapshot at index 202
2025-04-23 15:46:28,506 [omNode-1@group-523986131536-StateMachineUpdater] INFO  impl.StateMachineUpdater (StateMachineUpdater.java:lambda$new$0(102)) - omNode-1@group-523986131536-StateMachineUpdater: snapshotIndex: updateIncreasingly 152 -> 202
2025-04-23 15:46:28,506 [omNode-1@group-523986131536-StateMachineUpdater] INFO  raftlog.RaftLog (RaftLogBase.java:purge(325)) - omNode-1@group-523986131536-SegmentedRaftLog: purge 202
2025-04-23 15:46:28,506 [omNode-1@group-523986131536-StateMachineUpdater] INFO  raftlog.RaftLog (RaftLogBase.java:lambda$new$0(54)) - omNode-1@group-523986131536-SegmentedRaftLog: snapshotIndex: updateIncreasingly 152 -> 202
2025-04-23 15:46:28,506 [omNode-1@group-523986131536-StateMachineUpdater] INFO  raftlog.RaftLog (RaftLogBase.java:lambda$new$0(54)) - omNode-1@group-523986131536-SegmentedRaftLog: purgeIndex: updateToMax old=106, new=202, updated? true
2025-04-23 15:46:28,508 [omNode-1-OMStateMachineApplyTransactionThread - 0] INFO  volume.OMVolumeCreateRequest (OMVolumeCreateRequest.java:validateAndUpdateCache(203)) - created volume:vol-8762791164-47 for user:runner
2025-04-23 15:46:28,509 [omNode-1-OMStateMachineApplyTransactionThread - 0] INFO  volume.OMVolumeCreateRequest (OMVolumeCreateRequest.java:validateAndUpdateCache(203)) - created volume:vol-8762791164-48 for user:runner
2025-04-23 15:46:28,510 [omNode-1-OMStateMachineApplyTransactionThread - 0] INFO  volume.OMVolumeCreateRequest (OMVolumeCreateRequest.java:validateAndUpdateCache(203)) - created volume:vol-8762791164-49 for user:runner
2025-04-23 15:46:28,511 [omNode-1-OMStateMachineApplyTransactionThread - 0] INFO  volume.OMVolumeCreateRequest (OMVolumeCreateRequest.java:validateAndUpdateCache(203)) - created volume:vol-8762791164-50 for user:runner
2025-04-23 15:46:28,514 [omNode-2@group-523986131536-StateMachineUpdater] INFO  ratis.OzoneManagerStateMachine (OzoneManagerStateMachine.java:takeSnapshotImpl(510)) - omNode-2: taking snapshot. applied = (t:11, i:206), skipped = 205, notified = (t:11, i:206), current snapshot index = (t:11, i:206), took 24 ms
2025-04-23 15:46:28,515 [omNode-2@group-523986131536-StateMachineUpdater] INFO  impl.StateMachineUpdater (StateMachineUpdater.java:takeSnapshot(303)) - omNode-2@group-523986131536-StateMachineUpdater: Took a snapshot at index 206
2025-04-23 15:46:28,515 [omNode-2@group-523986131536-StateMachineUpdater] INFO  impl.StateMachineUpdater (StateMachineUpdater.java:lambda$new$0(102)) - omNode-2@group-523986131536-StateMachineUpdater: snapshotIndex: updateIncreasingly 156 -> 206
2025-04-23 15:46:28,515 [omNode-2@group-523986131536-StateMachineUpdater] INFO  raftlog.RaftLog (RaftLogBase.java:purge(325)) - omNode-2@group-523986131536-SegmentedRaftLog: purge 206
2025-04-23 15:46:28,515 [omNode-2@group-523986131536-StateMachineUpdater] INFO  raftlog.RaftLog (RaftLogBase.java:lambda$new$0(54)) - omNode-2@group-523986131536-SegmentedRaftLog: snapshotIndex: updateIncreasingly 156 -> 206
2025-04-23 15:46:28,515 [omNode-2@group-523986131536-StateMachineUpdater] INFO  raftlog.RaftLog (RaftLogBase.java:lambda$new$0(54)) - omNode-2@group-523986131536-SegmentedRaftLog: purgeIndex: updateToMax old=106, new=206, updated? true
2025-04-23 15:46:28,515 [omNode-2-OMStateMachineApplyTransactionThread - 0] INFO  volume.OMVolumeCreateRequest (OMVolumeCreateRequest.java:validateAndUpdateCache(203)) - created volume:vol-8762791164-49 for user:runner
2025-04-23 15:46:28,517 [omNode-3@group-523986131536-StateMachineUpdater] INFO  ratis.OzoneManagerStateMachine (OzoneManagerStateMachine.java:takeSnapshotImpl(510)) - omNode-3: taking snapshot. applied = (t:11, i:206), skipped = 205, notified = (t:11, i:206), current snapshot index = (t:11, i:206), took 24 ms
2025-04-23 15:46:28,517 [omNode-3@group-523986131536-StateMachineUpdater] INFO  impl.StateMachineUpdater (StateMachineUpdater.java:takeSnapshot(303)) - omNode-3@group-523986131536-StateMachineUpdater: Took a snapshot at index 206
2025-04-23 15:46:28,517 [omNode-3@group-523986131536-StateMachineUpdater] INFO  impl.StateMachineUpdater (StateMachineUpdater.java:lambda$new$0(102)) - omNode-3@group-523986131536-StateMachineUpdater: snapshotIndex: updateIncreasingly 156 -> 206
2025-04-23 15:46:28,517 [omNode-3@group-523986131536-StateMachineUpdater] INFO  raftlog.RaftLog (RaftLogBase.java:purge(325)) - omNode-3@group-523986131536-SegmentedRaftLog: purge 206
2025-04-23 15:46:28,517 [omNode-3@group-523986131536-StateMachineUpdater] INFO  raftlog.RaftLog (RaftLogBase.java:lambda$new$0(54)) - omNode-3@group-523986131536-SegmentedRaftLog: snapshotIndex: updateIncreasingly 156 -> 206
2025-04-23 15:46:28,517 [omNode-3@group-523986131536-StateMachineUpdater] INFO  raftlog.RaftLog (RaftLogBase.java:lambda$new$0(54)) - omNode-3@group-523986131536-SegmentedRaftLog: purgeIndex: updateToMax old=106, new=206, updated? true
2025-04-23 15:46:28,517 [omNode-2-OMStateMachineApplyTransactionThread - 0] INFO  volume.OMVolumeCreateRequest (OMVolumeCreateRequest.java:validateAndUpdateCache(203)) - created volume:vol-8762791164-50 for user:runner
2025-04-23 15:46:28,517 [omNode-3-OMStateMachineApplyTransactionThread - 0] INFO  volume.OMVolumeCreateRequest (OMVolumeCreateRequest.java:validateAndUpdateCache(203)) - created volume:vol-8762791164-50 for user:runner
2025-04-23 15:46:28,518 [main] INFO  rpc.RpcClient (RpcClient.java:createVolume(462)) - Creating Volume: vol-8762791164-51, with runner as owner and space quota set to -1 bytes, counts quota set to -1
2025-04-23 15:46:28,522 [omNode-3-OMStateMachineApplyTransactionThread - 0] INFO  volume.OMVolumeCreateRequest (OMVolumeCreateRequest.java:validateAndUpdateCache(203)) - created volume:vol-8762791164-51 for user:runner
2025-04-23 15:46:28,533 [omNode-1-OMStateMachineApplyTransactionThread - 0] INFO  volume.OMVolumeCreateRequest (OMVolumeCreateRequest.java:validateAndUpdateCache(203)) - created volume:vol-8762791164-51 for user:runner
2025-04-23 15:46:28,533 [omNode-2-OMStateMachineApplyTransactionThread - 0] INFO  volume.OMVolumeCreateRequest (OMVolumeCreateRequest.java:validateAndUpdateCache(203)) - created volume:vol-8762791164-51 for user:runner
2025-04-23 15:46:28,533 [main] INFO  rpc.RpcClient (RpcClient.java:createVolume(462)) - Creating Volume: vol-8762791164-52, with runner as owner and space quota set to -1 bytes, counts quota set to -1
2025-04-23 15:46:28,537 [omNode-3-OMStateMachineApplyTransactionThread - 0] INFO  volume.OMVolumeCreateRequest (OMVolumeCreateRequest.java:validateAndUpdateCache(203)) - created volume:vol-8762791164-52 for user:runner
2025-04-23 15:46:28,537 [main] INFO  rpc.RpcClient (RpcClient.java:createVolume(462)) - Creating Volume: vol-8762791164-53, with runner as owner and space quota set to -1 bytes, counts quota set to -1
2025-04-23 15:46:28,539 [omNode-1-OMStateMachineApplyTransactionThread - 0] INFO  volume.OMVolumeCreateRequest (OMVolumeCreateRequest.java:validateAndUpdateCache(203)) - created volume:vol-8762791164-52 for user:runner
2025-04-23 15:46:28,539 [omNode-2-OMStateMachineApplyTransactionThread - 0] INFO  volume.OMVolumeCreateRequest (OMVolumeCreateRequest.java:validateAndUpdateCache(203)) - created volume:vol-8762791164-52 for user:runner
2025-04-23 15:46:28,541 [omNode-3-OMStateMachineApplyTransactionThread - 0] INFO  volume.OMVolumeCreateRequest (OMVolumeCreateRequest.java:validateAndUpdateCache(203)) - created volume:vol-8762791164-53 for user:runner
2025-04-23 15:46:28,543 [omNode-1-OMStateMachineApplyTransactionThread - 0] INFO  volume.OMVolumeCreateRequest (OMVolumeCreateRequest.java:validateAndUpdateCache(203)) - created volume:vol-8762791164-53 for user:runner
2025-04-23 15:46:28,543 [omNode-2-OMStateMachineApplyTransactionThread - 0] INFO  volume.OMVolumeCreateRequest (OMVolumeCreateRequest.java:validateAndUpdateCache(203)) - created volume:vol-8762791164-53 for user:runner
2025-04-23 15:46:28,545 [main] INFO  rpc.RpcClient (RpcClient.java:createVolume(462)) - Creating Volume: vol-8762791164-54, with runner as owner and space quota set to -1 bytes, counts quota set to -1
2025-04-23 15:46:28,549 [omNode-3-OMStateMachineApplyTransactionThread - 0] INFO  volume.OMVolumeCreateRequest (OMVolumeCreateRequest.java:validateAndUpdateCache(203)) - created volume:vol-8762791164-54 for user:runner
2025-04-23 15:46:28,550 [omNode-1-OMStateMachineApplyTransactionThread - 0] INFO  volume.OMVolumeCreateRequest (OMVolumeCreateRequest.java:validateAndUpdateCache(203)) - created volume:vol-8762791164-54 for user:runner
2025-04-23 15:46:28,551 [main] INFO  rpc.RpcClient (RpcClient.java:createVolume(462)) - Creating Volume: vol-8762791164-55, with runner as owner and space quota set to -1 bytes, counts quota set to -1
2025-04-23 15:46:28,552 [omNode-2-OMStateMachineApplyTransactionThread - 0] INFO  volume.OMVolumeCreateRequest (OMVolumeCreateRequest.java:validateAndUpdateCache(203)) - created volume:vol-8762791164-54 for user:runner
2025-04-23 15:46:28,554 [omNode-3-OMStateMachineApplyTransactionThread - 0] INFO  volume.OMVolumeCreateRequest (OMVolumeCreateRequest.java:validateAndUpdateCache(203)) - created volume:vol-8762791164-55 for user:runner
2025-04-23 15:46:28,555 [main] INFO  rpc.RpcClient (RpcClient.java:createVolume(462)) - Creating Volume: vol-8762791164-56, with runner as owner and space quota set to -1 bytes, counts quota set to -1
2025-04-23 15:46:28,557 [omNode-2-OMStateMachineApplyTransactionThread - 0] INFO  volume.OMVolumeCreateRequest (OMVolumeCreateRequest.java:validateAndUpdateCache(203)) - created volume:vol-8762791164-55 for user:runner
2025-04-23 15:46:28,557 [omNode-1-OMStateMachineApplyTransactionThread - 0] INFO  volume.OMVolumeCreateRequest (OMVolumeCreateRequest.java:validateAndUpdateCache(203)) - created volume:vol-8762791164-55 for user:runner
2025-04-23 15:46:28,560 [omNode-3-OMStateMachineApplyTransactionThread - 0] INFO  volume.OMVolumeCreateRequest (OMVolumeCreateRequest.java:validateAndUpdateCache(203)) - created volume:vol-8762791164-56 for user:runner
2025-04-23 15:46:28,562 [omNode-1-OMStateMachineApplyTransactionThread - 0] INFO  volume.OMVolumeCreateRequest (OMVolumeCreateRequest.java:validateAndUpdateCache(203)) - created volume:vol-8762791164-56 for user:runner
2025-04-23 15:46:28,562 [main] INFO  rpc.RpcClient (RpcClient.java:createVolume(462)) - Creating Volume: vol-8762791164-57, with runner as owner and space quota set to -1 bytes, counts quota set to -1
2025-04-23 15:46:28,562 [omNode-2-OMStateMachineApplyTransactionThread - 0] INFO  volume.OMVolumeCreateRequest (OMVolumeCreateRequest.java:validateAndUpdateCache(203)) - created volume:vol-8762791164-56 for user:runner
2025-04-23 15:46:28,570 [omNode-3-OMStateMachineApplyTransactionThread - 0] INFO  volume.OMVolumeCreateRequest (OMVolumeCreateRequest.java:validateAndUpdateCache(203)) - created volume:vol-8762791164-57 for user:runner
2025-04-23 15:46:28,571 [main] INFO  rpc.RpcClient (RpcClient.java:createVolume(462)) - Creating Volume: vol-8762791164-58, with runner as owner and space quota set to -1 bytes, counts quota set to -1
2025-04-23 15:46:28,572 [omNode-1-OMStateMachineApplyTransactionThread - 0] INFO  volume.OMVolumeCreateRequest (OMVolumeCreateRequest.java:validateAndUpdateCache(203)) - created volume:vol-8762791164-57 for user:runner
2025-04-23 15:46:28,573 [omNode-2-OMStateMachineApplyTransactionThread - 0] INFO  volume.OMVolumeCreateRequest (OMVolumeCreateRequest.java:validateAndUpdateCache(203)) - created volume:vol-8762791164-57 for user:runner
2025-04-23 15:46:28,578 [omNode-3-OMStateMachineApplyTransactionThread - 0] INFO  volume.OMVolumeCreateRequest (OMVolumeCreateRequest.java:validateAndUpdateCache(203)) - created volume:vol-8762791164-58 for user:runner
2025-04-23 15:46:28,579 [main] INFO  rpc.RpcClient (RpcClient.java:createVolume(462)) - Creating Volume: vol-8762791164-59, with runner as owner and space quota set to -1 bytes, counts quota set to -1
2025-04-23 15:46:28,579 [omNode-2-OMStateMachineApplyTransactionThread - 0] INFO  volume.OMVolumeCreateRequest (OMVolumeCreateRequest.java:validateAndUpdateCache(203)) - created volume:vol-8762791164-58 for user:runner
2025-04-23 15:46:28,580 [omNode-1-OMStateMachineApplyTransactionThread - 0] INFO  volume.OMVolumeCreateRequest (OMVolumeCreateRequest.java:validateAndUpdateCache(203)) - created volume:vol-8762791164-58 for user:runner
2025-04-23 15:46:28,583 [omNode-3-OMStateMachineApplyTransactionThread - 0] INFO  volume.OMVolumeCreateRequest (OMVolumeCreateRequest.java:validateAndUpdateCache(203)) - created volume:vol-8762791164-59 for user:runner
2025-04-23 15:46:28,584 [omNode-1-OMStateMachineApplyTransactionThread - 0] INFO  volume.OMVolumeCreateRequest (OMVolumeCreateRequest.java:validateAndUpdateCache(203)) - created volume:vol-8762791164-59 for user:runner
2025-04-23 15:46:28,585 [main] INFO  rpc.RpcClient (RpcClient.java:createVolume(462)) - Creating Volume: vol-8762791164-60, with runner as owner and space quota set to -1 bytes, counts quota set to -1
2025-04-23 15:46:28,585 [omNode-2-OMStateMachineApplyTransactionThread - 0] INFO  volume.OMVolumeCreateRequest (OMVolumeCreateRequest.java:validateAndUpdateCache(203)) - created volume:vol-8762791164-59 for user:runner
2025-04-23 15:46:28,589 [omNode-3-OMStateMachineApplyTransactionThread - 0] INFO  volume.OMVolumeCreateRequest (OMVolumeCreateRequest.java:validateAndUpdateCache(203)) - created volume:vol-8762791164-60 for user:runner
2025-04-23 15:46:28,590 [main] INFO  rpc.RpcClient (RpcClient.java:createVolume(462)) - Creating Volume: vol-8762791164-61, with runner as owner and space quota set to -1 bytes, counts quota set to -1
2025-04-23 15:46:28,592 [omNode-2-OMStateMachineApplyTransactionThread - 0] INFO  volume.OMVolumeCreateRequest (OMVolumeCreateRequest.java:validateAndUpdateCache(203)) - created volume:vol-8762791164-60 for user:runner
2025-04-23 15:46:28,593 [omNode-1-OMStateMachineApplyTransactionThread - 0] INFO  volume.OMVolumeCreateRequest (OMVolumeCreateRequest.java:validateAndUpdateCache(203)) - created volume:vol-8762791164-60 for user:runner
2025-04-23 15:46:28,595 [omNode-3-OMStateMachineApplyTransactionThread - 0] INFO  volume.OMVolumeCreateRequest (OMVolumeCreateRequest.java:validateAndUpdateCache(203)) - created volume:vol-8762791164-61 for user:runner
2025-04-23 15:46:28,596 [main] INFO  rpc.RpcClient (RpcClient.java:createVolume(462)) - Creating Volume: vol-8762791164-62, with runner as owner and space quota set to -1 bytes, counts quota set to -1
2025-04-23 15:46:28,597 [omNode-2-OMStateMachineApplyTransactionThread - 0] INFO  volume.OMVolumeCreateRequest (OMVolumeCreateRequest.java:validateAndUpdateCache(203)) - created volume:vol-8762791164-61 for user:runner
2025-04-23 15:46:28,598 [omNode-1-OMStateMachineApplyTransactionThread - 0] INFO  volume.OMVolumeCreateRequest (OMVolumeCreateRequest.java:validateAndUpdateCache(203)) - created volume:vol-8762791164-61 for user:runner
2025-04-23 15:46:28,600 [omNode-3-OMStateMachineApplyTransactionThread - 0] INFO  volume.OMVolumeCreateRequest (OMVolumeCreateRequest.java:validateAndUpdateCache(203)) - created volume:vol-8762791164-62 for user:runner
2025-04-23 15:46:28,601 [main] INFO  rpc.RpcClient (RpcClient.java:createVolume(462)) - Creating Volume: vol-8762791164-63, with runner as owner and space quota set to -1 bytes, counts quota set to -1
2025-04-23 15:46:28,601 [omNode-1-OMStateMachineApplyTransactionThread - 0] INFO  volume.OMVolumeCreateRequest (OMVolumeCreateRequest.java:validateAndUpdateCache(203)) - created volume:vol-8762791164-62 for user:runner
2025-04-23 15:46:28,604 [omNode-2-OMStateMachineApplyTransactionThread - 0] INFO  volume.OMVolumeCreateRequest (OMVolumeCreateRequest.java:validateAndUpdateCache(203)) - created volume:vol-8762791164-62 for user:runner
2025-04-23 15:46:28,606 [omNode-3-OMStateMachineApplyTransactionThread - 0] INFO  volume.OMVolumeCreateRequest (OMVolumeCreateRequest.java:validateAndUpdateCache(203)) - created volume:vol-8762791164-63 for user:runner
2025-04-23 15:46:28,607 [omNode-2-OMStateMachineApplyTransactionThread - 0] INFO  volume.OMVolumeCreateRequest (OMVolumeCreateRequest.java:validateAndUpdateCache(203)) - created volume:vol-8762791164-63 for user:runner
2025-04-23 15:46:28,608 [omNode-1-OMStateMachineApplyTransactionThread - 0] INFO  volume.OMVolumeCreateRequest (OMVolumeCreateRequest.java:validateAndUpdateCache(203)) - created volume:vol-8762791164-63 for user:runner
2025-04-23 15:46:28,608 [main] INFO  rpc.RpcClient (RpcClient.java:createVolume(462)) - Creating Volume: vol-8762791164-64, with runner as owner and space quota set to -1 bytes, counts quota set to -1
2025-04-23 15:46:28,611 [omNode-3-OMStateMachineApplyTransactionThread - 0] INFO  volume.OMVolumeCreateRequest (OMVolumeCreateRequest.java:validateAndUpdateCache(203)) - created volume:vol-8762791164-64 for user:runner
2025-04-23 15:46:28,612 [main] INFO  rpc.RpcClient (RpcClient.java:createVolume(462)) - Creating Volume: vol-8762791164-65, with runner as owner and space quota set to -1 bytes, counts quota set to -1
2025-04-23 15:46:28,613 [omNode-1-OMStateMachineApplyTransactionThread - 0] INFO  volume.OMVolumeCreateRequest (OMVolumeCreateRequest.java:validateAndUpdateCache(203)) - created volume:vol-8762791164-64 for user:runner
2025-04-23 15:46:28,614 [omNode-2-OMStateMachineApplyTransactionThread - 0] INFO  volume.OMVolumeCreateRequest (OMVolumeCreateRequest.java:validateAndUpdateCache(203)) - created volume:vol-8762791164-64 for user:runner
2025-04-23 15:46:28,618 [omNode-3-OMStateMachineApplyTransactionThread - 0] INFO  volume.OMVolumeCreateRequest (OMVolumeCreateRequest.java:validateAndUpdateCache(203)) - created volume:vol-8762791164-65 for user:runner
2025-04-23 15:46:28,619 [omNode-1-OMStateMachineApplyTransactionThread - 0] INFO  volume.OMVolumeCreateRequest (OMVolumeCreateRequest.java:validateAndUpdateCache(203)) - created volume:vol-8762791164-65 for user:runner
2025-04-23 15:46:28,620 [main] INFO  rpc.RpcClient (RpcClient.java:createVolume(462)) - Creating Volume: vol-8762791164-66, with runner as owner and space quota set to -1 bytes, counts quota set to -1
2025-04-23 15:46:28,622 [omNode-2-OMStateMachineApplyTransactionThread - 0] INFO  volume.OMVolumeCreateRequest (OMVolumeCreateRequest.java:validateAndUpdateCache(203)) - created volume:vol-8762791164-65 for user:runner
2025-04-23 15:46:28,625 [omNode-3-OMStateMachineApplyTransactionThread - 0] INFO  volume.OMVolumeCreateRequest (OMVolumeCreateRequest.java:validateAndUpdateCache(203)) - created volume:vol-8762791164-66 for user:runner
2025-04-23 15:46:28,626 [main] INFO  rpc.RpcClient (RpcClient.java:createVolume(462)) - Creating Volume: vol-8762791164-67, with runner as owner and space quota set to -1 bytes, counts quota set to -1
2025-04-23 15:46:28,627 [omNode-1-OMStateMachineApplyTransactionThread - 0] INFO  volume.OMVolumeCreateRequest (OMVolumeCreateRequest.java:validateAndUpdateCache(203)) - created volume:vol-8762791164-66 for user:runner
2025-04-23 15:46:28,630 [omNode-3-OMStateMachineApplyTransactionThread - 0] INFO  volume.OMVolumeCreateRequest (OMVolumeCreateRequest.java:validateAndUpdateCache(203)) - created volume:vol-8762791164-67 for user:runner
2025-04-23 15:46:28,630 [omNode-2-OMStateMachineApplyTransactionThread - 0] INFO  volume.OMVolumeCreateRequest (OMVolumeCreateRequest.java:validateAndUpdateCache(203)) - created volume:vol-8762791164-66 for user:runner
2025-04-23 15:46:28,631 [main] INFO  rpc.RpcClient (RpcClient.java:createVolume(462)) - Creating Volume: vol-8762791164-68, with runner as owner and space quota set to -1 bytes, counts quota set to -1
2025-04-23 15:46:28,632 [omNode-2-OMStateMachineApplyTransactionThread - 0] INFO  volume.OMVolumeCreateRequest (OMVolumeCreateRequest.java:validateAndUpdateCache(203)) - created volume:vol-8762791164-67 for user:runner
2025-04-23 15:46:28,634 [omNode-1-OMStateMachineApplyTransactionThread - 0] INFO  volume.OMVolumeCreateRequest (OMVolumeCreateRequest.java:validateAndUpdateCache(203)) - created volume:vol-8762791164-67 for user:runner
2025-04-23 15:46:28,636 [omNode-3-OMStateMachineApplyTransactionThread - 0] INFO  volume.OMVolumeCreateRequest (OMVolumeCreateRequest.java:validateAndUpdateCache(203)) - created volume:vol-8762791164-68 for user:runner
2025-04-23 15:46:28,637 [omNode-1-OMStateMachineApplyTransactionThread - 0] INFO  volume.OMVolumeCreateRequest (OMVolumeCreateRequest.java:validateAndUpdateCache(203)) - created volume:vol-8762791164-68 for user:runner
2025-04-23 15:46:28,638 [omNode-2-OMStateMachineApplyTransactionThread - 0] INFO  volume.OMVolumeCreateRequest (OMVolumeCreateRequest.java:validateAndUpdateCache(203)) - created volume:vol-8762791164-68 for user:runner
2025-04-23 15:46:28,639 [main] INFO  rpc.RpcClient (RpcClient.java:createVolume(462)) - Creating Volume: vol-8762791164-69, with runner as owner and space quota set to -1 bytes, counts quota set to -1
2025-04-23 15:46:28,643 [omNode-3-OMStateMachineApplyTransactionThread - 0] INFO  volume.OMVolumeCreateRequest (OMVolumeCreateRequest.java:validateAndUpdateCache(203)) - created volume:vol-8762791164-69 for user:runner
2025-04-23 15:46:28,646 [omNode-2-OMStateMachineApplyTransactionThread - 0] INFO  volume.OMVolumeCreateRequest (OMVolumeCreateRequest.java:validateAndUpdateCache(203)) - created volume:vol-8762791164-69 for user:runner
2025-04-23 15:46:28,646 [main] INFO  rpc.RpcClient (RpcClient.java:createVolume(462)) - Creating Volume: vol-8762791164-70, with runner as owner and space quota set to -1 bytes, counts quota set to -1
2025-04-23 15:46:28,647 [omNode-1-OMStateMachineApplyTransactionThread - 0] INFO  volume.OMVolumeCreateRequest (OMVolumeCreateRequest.java:validateAndUpdateCache(203)) - created volume:vol-8762791164-69 for user:runner
2025-04-23 15:46:28,651 [omNode-3-OMStateMachineApplyTransactionThread - 0] INFO  volume.OMVolumeCreateRequest (OMVolumeCreateRequest.java:validateAndUpdateCache(203)) - created volume:vol-8762791164-70 for user:runner
2025-04-23 15:46:28,651 [omNode-1-OMStateMachineApplyTransactionThread - 0] INFO  volume.OMVolumeCreateRequest (OMVolumeCreateRequest.java:validateAndUpdateCache(203)) - created volume:vol-8762791164-70 for user:runner
2025-04-23 15:46:28,652 [omNode-2-OMStateMachineApplyTransactionThread - 0] INFO  volume.OMVolumeCreateRequest (OMVolumeCreateRequest.java:validateAndUpdateCache(203)) - created volume:vol-8762791164-70 for user:runner
2025-04-23 15:46:28,653 [main] INFO  rpc.RpcClient (RpcClient.java:createVolume(462)) - Creating Volume: vol-8762791164-71, with runner as owner and space quota set to -1 bytes, counts quota set to -1
2025-04-23 15:46:28,655 [omNode-3-OMStateMachineApplyTransactionThread - 0] INFO  volume.OMVolumeCreateRequest (OMVolumeCreateRequest.java:validateAndUpdateCache(203)) - created volume:vol-8762791164-71 for user:runner
2025-04-23 15:46:28,656 [omNode-2-OMStateMachineApplyTransactionThread - 0] INFO  volume.OMVolumeCreateRequest (OMVolumeCreateRequest.java:validateAndUpdateCache(203)) - created volume:vol-8762791164-71 for user:runner
2025-04-23 15:46:28,656 [omNode-1-OMStateMachineApplyTransactionThread - 0] INFO  volume.OMVolumeCreateRequest (OMVolumeCreateRequest.java:validateAndUpdateCache(203)) - created volume:vol-8762791164-71 for user:runner
2025-04-23 15:46:28,657 [main] INFO  rpc.RpcClient (RpcClient.java:createVolume(462)) - Creating Volume: vol-8762791164-72, with runner as owner and space quota set to -1 bytes, counts quota set to -1
2025-04-23 15:46:28,661 [omNode-3-OMStateMachineApplyTransactionThread - 0] INFO  volume.OMVolumeCreateRequest (OMVolumeCreateRequest.java:validateAndUpdateCache(203)) - created volume:vol-8762791164-72 for user:runner
2025-04-23 15:46:28,662 [main] INFO  rpc.RpcClient (RpcClient.java:createVolume(462)) - Creating Volume: vol-8762791164-73, with runner as owner and space quota set to -1 bytes, counts quota set to -1
2025-04-23 15:46:28,662 [omNode-2-OMStateMachineApplyTransactionThread - 0] INFO  volume.OMVolumeCreateRequest (OMVolumeCreateRequest.java:validateAndUpdateCache(203)) - created volume:vol-8762791164-72 for user:runner
2025-04-23 15:46:28,664 [omNode-3-OMStateMachineApplyTransactionThread - 0] INFO  volume.OMVolumeCreateRequest (OMVolumeCreateRequest.java:validateAndUpdateCache(203)) - created volume:vol-8762791164-73 for user:runner
2025-04-23 15:46:28,665 [main] INFO  rpc.RpcClient (RpcClient.java:createVolume(462)) - Creating Volume: vol-8762791164-74, with runner as owner and space quota set to -1 bytes, counts quota set to -1
2025-04-23 15:46:28,666 [omNode-2-OMStateMachineApplyTransactionThread - 0] INFO  volume.OMVolumeCreateRequest (OMVolumeCreateRequest.java:validateAndUpdateCache(203)) - created volume:vol-8762791164-73 for user:runner
2025-04-23 15:46:28,677 [omNode-1@group-523986131536-StateMachineUpdater] INFO  ratis.OzoneManagerStateMachine (OzoneManagerStateMachine.java:takeSnapshotImpl(510)) - omNode-1: taking snapshot. applied = (t:11, i:252), skipped = 251, notified = (t:11, i:252), current snapshot index = (t:11, i:252), took 17 ms
2025-04-23 15:46:28,677 [omNode-1@group-523986131536-StateMachineUpdater] INFO  impl.StateMachineUpdater (StateMachineUpdater.java:takeSnapshot(303)) - omNode-1@group-523986131536-StateMachineUpdater: Took a snapshot at index 252
2025-04-23 15:46:28,677 [omNode-1@group-523986131536-StateMachineUpdater] INFO  impl.StateMachineUpdater (StateMachineUpdater.java:lambda$new$0(102)) - omNode-1@group-523986131536-StateMachineUpdater: snapshotIndex: updateIncreasingly 202 -> 252
2025-04-23 15:46:28,677 [omNode-1@group-523986131536-StateMachineUpdater] INFO  raftlog.RaftLog (RaftLogBase.java:purge(325)) - omNode-1@group-523986131536-SegmentedRaftLog: purge 252
2025-04-23 15:46:28,677 [omNode-1@group-523986131536-StateMachineUpdater] INFO  raftlog.RaftLog (RaftLogBase.java:lambda$new$0(54)) - omNode-1@group-523986131536-SegmentedRaftLog: snapshotIndex: updateIncreasingly 202 -> 252
2025-04-23 15:46:28,677 [omNode-1@group-523986131536-StateMachineUpdater] INFO  raftlog.RaftLog (RaftLogBase.java:lambda$new$0(54)) - omNode-1@group-523986131536-SegmentedRaftLog: purgeIndex: updateToMax old=202, new=252, updated? true
2025-04-23 15:46:28,679 [omNode-1-OMStateMachineApplyTransactionThread - 0] INFO  volume.OMVolumeCreateRequest (OMVolumeCreateRequest.java:validateAndUpdateCache(203)) - created volume:vol-8762791164-72 for user:runner
2025-04-23 15:46:28,679 [omNode-1-OMStateMachineApplyTransactionThread - 0] INFO  volume.OMVolumeCreateRequest (OMVolumeCreateRequest.java:validateAndUpdateCache(203)) - created volume:vol-8762791164-73 for user:runner
2025-04-23 15:46:28,680 [omNode-1-OMStateMachineApplyTransactionThread - 0] INFO  volume.OMVolumeCreateRequest (OMVolumeCreateRequest.java:validateAndUpdateCache(203)) - created volume:vol-8762791164-74 for user:runner
2025-04-23 15:46:28,683 [omNode-3@group-523986131536-StateMachineUpdater] INFO  ratis.OzoneManagerStateMachine (OzoneManagerStateMachine.java:takeSnapshotImpl(510)) - omNode-3: taking snapshot. applied = (t:11, i:256), skipped = 255, notified = (t:11, i:256), current snapshot index = (t:11, i:256), took 17 ms
2025-04-23 15:46:28,683 [omNode-3@group-523986131536-StateMachineUpdater] INFO  impl.StateMachineUpdater (StateMachineUpdater.java:takeSnapshot(303)) - omNode-3@group-523986131536-StateMachineUpdater: Took a snapshot at index 256
2025-04-23 15:46:28,683 [omNode-3@group-523986131536-StateMachineUpdater] INFO  impl.StateMachineUpdater (StateMachineUpdater.java:lambda$new$0(102)) - omNode-3@group-523986131536-StateMachineUpdater: snapshotIndex: updateIncreasingly 206 -> 256
2025-04-23 15:46:28,683 [omNode-3@group-523986131536-StateMachineUpdater] INFO  raftlog.RaftLog (RaftLogBase.java:purge(325)) - omNode-3@group-523986131536-SegmentedRaftLog: purge 256
2025-04-23 15:46:28,683 [omNode-3@group-523986131536-StateMachineUpdater] INFO  raftlog.RaftLog (RaftLogBase.java:lambda$new$0(54)) - omNode-3@group-523986131536-SegmentedRaftLog: snapshotIndex: updateIncreasingly 206 -> 256
2025-04-23 15:46:28,683 [omNode-3@group-523986131536-StateMachineUpdater] INFO  raftlog.RaftLog (RaftLogBase.java:lambda$new$0(54)) - omNode-3@group-523986131536-SegmentedRaftLog: purgeIndex: updateToMax old=206, new=256, updated? true
2025-04-23 15:46:28,684 [omNode-3-OMStateMachineApplyTransactionThread - 0] INFO  volume.OMVolumeCreateRequest (OMVolumeCreateRequest.java:validateAndUpdateCache(203)) - created volume:vol-8762791164-74 for user:runner
2025-04-23 15:46:28,684 [omNode-2@group-523986131536-StateMachineUpdater] INFO  ratis.OzoneManagerStateMachine (OzoneManagerStateMachine.java:takeSnapshotImpl(510)) - omNode-2: taking snapshot. applied = (t:11, i:256), skipped = 255, notified = (t:11, i:256), current snapshot index = (t:11, i:256), took 15 ms
2025-04-23 15:46:28,684 [omNode-2@group-523986131536-StateMachineUpdater] INFO  impl.StateMachineUpdater (StateMachineUpdater.java:takeSnapshot(303)) - omNode-2@group-523986131536-StateMachineUpdater: Took a snapshot at index 256
2025-04-23 15:46:28,684 [omNode-2@group-523986131536-StateMachineUpdater] INFO  impl.StateMachineUpdater (StateMachineUpdater.java:lambda$new$0(102)) - omNode-2@group-523986131536-StateMachineUpdater: snapshotIndex: updateIncreasingly 206 -> 256
2025-04-23 15:46:28,684 [omNode-2@group-523986131536-StateMachineUpdater] INFO  raftlog.RaftLog (RaftLogBase.java:purge(325)) - omNode-2@group-523986131536-SegmentedRaftLog: purge 256
2025-04-23 15:46:28,684 [omNode-2@group-523986131536-StateMachineUpdater] INFO  raftlog.RaftLog (RaftLogBase.java:lambda$new$0(54)) - omNode-2@group-523986131536-SegmentedRaftLog: snapshotIndex: updateIncreasingly 206 -> 256
2025-04-23 15:46:28,685 [omNode-2@group-523986131536-StateMachineUpdater] INFO  raftlog.RaftLog (RaftLogBase.java:lambda$new$0(54)) - omNode-2@group-523986131536-SegmentedRaftLog: purgeIndex: updateToMax old=206, new=256, updated? true
2025-04-23 15:46:28,685 [main] INFO  rpc.RpcClient (RpcClient.java:createVolume(462)) - Creating Volume: vol-8762791164-75, with runner as owner and space quota set to -1 bytes, counts quota set to -1
2025-04-23 15:46:28,685 [omNode-2-OMStateMachineApplyTransactionThread - 0] INFO  volume.OMVolumeCreateRequest (OMVolumeCreateRequest.java:validateAndUpdateCache(203)) - created volume:vol-8762791164-74 for user:runner
2025-04-23 15:46:28,688 [omNode-3-OMStateMachineApplyTransactionThread - 0] INFO  volume.OMVolumeCreateRequest (OMVolumeCreateRequest.java:validateAndUpdateCache(203)) - created volume:vol-8762791164-75 for user:runner
2025-04-23 15:46:28,688 [main] INFO  rpc.RpcClient (RpcClient.java:createVolume(462)) - Creating Volume: vol-8762791164-76, with runner as owner and space quota set to -1 bytes, counts quota set to -1
2025-04-23 15:46:28,689 [omNode-1-OMStateMachineApplyTransactionThread - 0] INFO  volume.OMVolumeCreateRequest (OMVolumeCreateRequest.java:validateAndUpdateCache(203)) - created volume:vol-8762791164-75 for user:runner
2025-04-23 15:46:28,689 [omNode-2-OMStateMachineApplyTransactionThread - 0] INFO  volume.OMVolumeCreateRequest (OMVolumeCreateRequest.java:validateAndUpdateCache(203)) - created volume:vol-8762791164-75 for user:runner
2025-04-23 15:46:28,691 [omNode-3-OMStateMachineApplyTransactionThread - 0] INFO  volume.OMVolumeCreateRequest (OMVolumeCreateRequest.java:validateAndUpdateCache(203)) - created volume:vol-8762791164-76 for user:runner
2025-04-23 15:46:28,692 [main] INFO  rpc.RpcClient (RpcClient.java:createVolume(462)) - Creating Volume: vol-8762791164-77, with runner as owner and space quota set to -1 bytes, counts quota set to -1
2025-04-23 15:46:28,692 [omNode-2-OMStateMachineApplyTransactionThread - 0] INFO  volume.OMVolumeCreateRequest (OMVolumeCreateRequest.java:validateAndUpdateCache(203)) - created volume:vol-8762791164-76 for user:runner
2025-04-23 15:46:28,692 [omNode-1-OMStateMachineApplyTransactionThread - 0] INFO  volume.OMVolumeCreateRequest (OMVolumeCreateRequest.java:validateAndUpdateCache(203)) - created volume:vol-8762791164-76 for user:runner
2025-04-23 15:46:28,695 [omNode-3-OMStateMachineApplyTransactionThread - 0] INFO  volume.OMVolumeCreateRequest (OMVolumeCreateRequest.java:validateAndUpdateCache(203)) - created volume:vol-8762791164-77 for user:runner
2025-04-23 15:46:28,696 [main] INFO  rpc.RpcClient (RpcClient.java:createVolume(462)) - Creating Volume: vol-8762791164-78, with runner as owner and space quota set to -1 bytes, counts quota set to -1
2025-04-23 15:46:28,696 [omNode-1-OMStateMachineApplyTransactionThread - 0] INFO  volume.OMVolumeCreateRequest (OMVolumeCreateRequest.java:validateAndUpdateCache(203)) - created volume:vol-8762791164-77 for user:runner
2025-04-23 15:46:28,698 [omNode-2-OMStateMachineApplyTransactionThread - 0] INFO  volume.OMVolumeCreateRequest (OMVolumeCreateRequest.java:validateAndUpdateCache(203)) - created volume:vol-8762791164-77 for user:runner
2025-04-23 15:46:28,699 [omNode-3-OMStateMachineApplyTransactionThread - 0] INFO  volume.OMVolumeCreateRequest (OMVolumeCreateRequest.java:validateAndUpdateCache(203)) - created volume:vol-8762791164-78 for user:runner
2025-04-23 15:46:28,700 [omNode-2-OMStateMachineApplyTransactionThread - 0] INFO  volume.OMVolumeCreateRequest (OMVolumeCreateRequest.java:validateAndUpdateCache(203)) - created volume:vol-8762791164-78 for user:runner
2025-04-23 15:46:28,701 [main] INFO  rpc.RpcClient (RpcClient.java:createVolume(462)) - Creating Volume: vol-8762791164-79, with runner as owner and space quota set to -1 bytes, counts quota set to -1
2025-04-23 15:46:28,702 [omNode-1-OMStateMachineApplyTransactionThread - 0] INFO  volume.OMVolumeCreateRequest (OMVolumeCreateRequest.java:validateAndUpdateCache(203)) - created volume:vol-8762791164-78 for user:runner
2025-04-23 15:46:28,705 [omNode-3-OMStateMachineApplyTransactionThread - 0] INFO  volume.OMVolumeCreateRequest (OMVolumeCreateRequest.java:validateAndUpdateCache(203)) - created volume:vol-8762791164-79 for user:runner
2025-04-23 15:46:28,706 [omNode-1-OMStateMachineApplyTransactionThread - 0] INFO  volume.OMVolumeCreateRequest (OMVolumeCreateRequest.java:validateAndUpdateCache(203)) - created volume:vol-8762791164-79 for user:runner
2025-04-23 15:46:28,706 [omNode-2-OMStateMachineApplyTransactionThread - 0] INFO  volume.OMVolumeCreateRequest (OMVolumeCreateRequest.java:validateAndUpdateCache(203)) - created volume:vol-8762791164-79 for user:runner
2025-04-23 15:46:28,708 [main] INFO  rpc.RpcClient (RpcClient.java:createVolume(462)) - Creating Volume: vol-8762791164-80, with runner as owner and space quota set to -1 bytes, counts quota set to -1
2025-04-23 15:46:28,711 [omNode-3-OMStateMachineApplyTransactionThread - 0] INFO  volume.OMVolumeCreateRequest (OMVolumeCreateRequest.java:validateAndUpdateCache(203)) - created volume:vol-8762791164-80 for user:runner
2025-04-23 15:46:28,712 [omNode-2-OMStateMachineApplyTransactionThread - 0] INFO  volume.OMVolumeCreateRequest (OMVolumeCreateRequest.java:validateAndUpdateCache(203)) - created volume:vol-8762791164-80 for user:runner
2025-04-23 15:46:28,712 [omNode-1-OMStateMachineApplyTransactionThread - 0] INFO  volume.OMVolumeCreateRequest (OMVolumeCreateRequest.java:validateAndUpdateCache(203)) - created volume:vol-8762791164-80 for user:runner
2025-04-23 15:46:28,713 [main] INFO  rpc.RpcClient (RpcClient.java:createVolume(462)) - Creating Volume: vol-8762791164-81, with runner as owner and space quota set to -1 bytes, counts quota set to -1
2025-04-23 15:46:28,716 [omNode-3-OMStateMachineApplyTransactionThread - 0] INFO  volume.OMVolumeCreateRequest (OMVolumeCreateRequest.java:validateAndUpdateCache(203)) - created volume:vol-8762791164-81 for user:runner
2025-04-23 15:46:28,718 [omNode-1-OMStateMachineApplyTransactionThread - 0] INFO  volume.OMVolumeCreateRequest (OMVolumeCreateRequest.java:validateAndUpdateCache(203)) - created volume:vol-8762791164-81 for user:runner
2025-04-23 15:46:28,718 [main] INFO  rpc.RpcClient (RpcClient.java:createVolume(462)) - Creating Volume: vol-8762791164-82, with runner as owner and space quota set to -1 bytes, counts quota set to -1
2025-04-23 15:46:28,719 [omNode-2-OMStateMachineApplyTransactionThread - 0] INFO  volume.OMVolumeCreateRequest (OMVolumeCreateRequest.java:validateAndUpdateCache(203)) - created volume:vol-8762791164-81 for user:runner
2025-04-23 15:46:28,723 [omNode-3-OMStateMachineApplyTransactionThread - 0] INFO  volume.OMVolumeCreateRequest (OMVolumeCreateRequest.java:validateAndUpdateCache(203)) - created volume:vol-8762791164-82 for user:runner
2025-04-23 15:46:28,724 [main] INFO  rpc.RpcClient (RpcClient.java:createVolume(462)) - Creating Volume: vol-8762791164-83, with runner as owner and space quota set to -1 bytes, counts quota set to -1
2025-04-23 15:46:28,727 [omNode-2-OMStateMachineApplyTransactionThread - 0] INFO  volume.OMVolumeCreateRequest (OMVolumeCreateRequest.java:validateAndUpdateCache(203)) - created volume:vol-8762791164-82 for user:runner
2025-04-23 15:46:28,728 [omNode-1-OMStateMachineApplyTransactionThread - 0] INFO  volume.OMVolumeCreateRequest (OMVolumeCreateRequest.java:validateAndUpdateCache(203)) - created volume:vol-8762791164-82 for user:runner
2025-04-23 15:46:28,729 [omNode-3-OMStateMachineApplyTransactionThread - 0] INFO  volume.OMVolumeCreateRequest (OMVolumeCreateRequest.java:validateAndUpdateCache(203)) - created volume:vol-8762791164-83 for user:runner
2025-04-23 15:46:28,730 [omNode-1-OMStateMachineApplyTransactionThread - 0] INFO  volume.OMVolumeCreateRequest (OMVolumeCreateRequest.java:validateAndUpdateCache(203)) - created volume:vol-8762791164-83 for user:runner
2025-04-23 15:46:28,731 [omNode-2-OMStateMachineApplyTransactionThread - 0] INFO  volume.OMVolumeCreateRequest (OMVolumeCreateRequest.java:validateAndUpdateCache(203)) - created volume:vol-8762791164-83 for user:runner
2025-04-23 15:46:28,731 [main] INFO  rpc.RpcClient (RpcClient.java:createVolume(462)) - Creating Volume: vol-8762791164-84, with runner as owner and space quota set to -1 bytes, counts quota set to -1
2025-04-23 15:46:28,736 [omNode-2-OMStateMachineApplyTransactionThread - 0] INFO  volume.OMVolumeCreateRequest (OMVolumeCreateRequest.java:validateAndUpdateCache(203)) - created volume:vol-8762791164-84 for user:runner
2025-04-23 15:46:28,736 [omNode-3-OMStateMachineApplyTransactionThread - 0] INFO  volume.OMVolumeCreateRequest (OMVolumeCreateRequest.java:validateAndUpdateCache(203)) - created volume:vol-8762791164-84 for user:runner
2025-04-23 15:46:28,738 [main] INFO  rpc.RpcClient (RpcClient.java:createVolume(462)) - Creating Volume: vol-8762791164-85, with runner as owner and space quota set to -1 bytes, counts quota set to -1
2025-04-23 15:46:28,740 [omNode-1-OMStateMachineApplyTransactionThread - 0] INFO  volume.OMVolumeCreateRequest (OMVolumeCreateRequest.java:validateAndUpdateCache(203)) - created volume:vol-8762791164-84 for user:runner
2025-04-23 15:46:28,743 [omNode-3-OMStateMachineApplyTransactionThread - 0] INFO  volume.OMVolumeCreateRequest (OMVolumeCreateRequest.java:validateAndUpdateCache(203)) - created volume:vol-8762791164-85 for user:runner
2025-04-23 15:46:28,744 [main] INFO  rpc.RpcClient (RpcClient.java:createVolume(462)) - Creating Volume: vol-8762791164-86, with runner as owner and space quota set to -1 bytes, counts quota set to -1
2025-04-23 15:46:28,744 [omNode-1-OMStateMachineApplyTransactionThread - 0] INFO  volume.OMVolumeCreateRequest (OMVolumeCreateRequest.java:validateAndUpdateCache(203)) - created volume:vol-8762791164-85 for user:runner
2025-04-23 15:46:28,745 [omNode-2-OMStateMachineApplyTransactionThread - 0] INFO  volume.OMVolumeCreateRequest (OMVolumeCreateRequest.java:validateAndUpdateCache(203)) - created volume:vol-8762791164-85 for user:runner
2025-04-23 15:46:28,748 [omNode-3-OMStateMachineApplyTransactionThread - 0] INFO  volume.OMVolumeCreateRequest (OMVolumeCreateRequest.java:validateAndUpdateCache(203)) - created volume:vol-8762791164-86 for user:runner
2025-04-23 15:46:28,752 [omNode-2-OMStateMachineApplyTransactionThread - 0] INFO  volume.OMVolumeCreateRequest (OMVolumeCreateRequest.java:validateAndUpdateCache(203)) - created volume:vol-8762791164-86 for user:runner
2025-04-23 15:46:28,752 [omNode-1-OMStateMachineApplyTransactionThread - 0] INFO  volume.OMVolumeCreateRequest (OMVolumeCreateRequest.java:validateAndUpdateCache(203)) - created volume:vol-8762791164-86 for user:runner
2025-04-23 15:46:28,753 [main] INFO  rpc.RpcClient (RpcClient.java:createVolume(462)) - Creating Volume: vol-8762791164-87, with runner as owner and space quota set to -1 bytes, counts quota set to -1
2025-04-23 15:46:28,756 [omNode-3-OMStateMachineApplyTransactionThread - 0] INFO  volume.OMVolumeCreateRequest (OMVolumeCreateRequest.java:validateAndUpdateCache(203)) - created volume:vol-8762791164-87 for user:runner
2025-04-23 15:46:28,757 [main] INFO  rpc.RpcClient (RpcClient.java:createVolume(462)) - Creating Volume: vol-8762791164-88, with runner as owner and space quota set to -1 bytes, counts quota set to -1
2025-04-23 15:46:28,760 [omNode-1-OMStateMachineApplyTransactionThread - 0] INFO  volume.OMVolumeCreateRequest (OMVolumeCreateRequest.java:validateAndUpdateCache(203)) - created volume:vol-8762791164-87 for user:runner
2025-04-23 15:46:28,761 [omNode-2-OMStateMachineApplyTransactionThread - 0] INFO  volume.OMVolumeCreateRequest (OMVolumeCreateRequest.java:validateAndUpdateCache(203)) - created volume:vol-8762791164-87 for user:runner
2025-04-23 15:46:28,764 [omNode-3-OMStateMachineApplyTransactionThread - 0] INFO  volume.OMVolumeCreateRequest (OMVolumeCreateRequest.java:validateAndUpdateCache(203)) - created volume:vol-8762791164-88 for user:runner
2025-04-23 15:46:28,764 [omNode-1-OMStateMachineApplyTransactionThread - 0] INFO  volume.OMVolumeCreateRequest (OMVolumeCreateRequest.java:validateAndUpdateCache(203)) - created volume:vol-8762791164-88 for user:runner
2025-04-23 15:46:28,766 [main] INFO  rpc.RpcClient (RpcClient.java:createVolume(462)) - Creating Volume: vol-8762791164-89, with runner as owner and space quota set to -1 bytes, counts quota set to -1
2025-04-23 15:46:28,766 [omNode-2-OMStateMachineApplyTransactionThread - 0] INFO  volume.OMVolumeCreateRequest (OMVolumeCreateRequest.java:validateAndUpdateCache(203)) - created volume:vol-8762791164-88 for user:runner
2025-04-23 15:46:28,769 [omNode-3-OMStateMachineApplyTransactionThread - 0] INFO  volume.OMVolumeCreateRequest (OMVolumeCreateRequest.java:validateAndUpdateCache(203)) - created volume:vol-8762791164-89 for user:runner
2025-04-23 15:46:28,771 [omNode-2-OMStateMachineApplyTransactionThread - 0] INFO  volume.OMVolumeCreateRequest (OMVolumeCreateRequest.java:validateAndUpdateCache(203)) - created volume:vol-8762791164-89 for user:runner
2025-04-23 15:46:28,771 [omNode-1-OMStateMachineApplyTransactionThread - 0] INFO  volume.OMVolumeCreateRequest (OMVolumeCreateRequest.java:validateAndUpdateCache(203)) - created volume:vol-8762791164-89 for user:runner
2025-04-23 15:46:28,771 [main] INFO  rpc.RpcClient (RpcClient.java:createVolume(462)) - Creating Volume: vol-8762791164-90, with runner as owner and space quota set to -1 bytes, counts quota set to -1
2025-04-23 15:46:28,776 [omNode-3-OMStateMachineApplyTransactionThread - 0] INFO  volume.OMVolumeCreateRequest (OMVolumeCreateRequest.java:validateAndUpdateCache(203)) - created volume:vol-8762791164-90 for user:runner
2025-04-23 15:46:28,777 [main] INFO  rpc.RpcClient (RpcClient.java:createVolume(462)) - Creating Volume: vol-8762791164-91, with runner as owner and space quota set to -1 bytes, counts quota set to -1
2025-04-23 15:46:28,777 [omNode-2-OMStateMachineApplyTransactionThread - 0] INFO  volume.OMVolumeCreateRequest (OMVolumeCreateRequest.java:validateAndUpdateCache(203)) - created volume:vol-8762791164-90 for user:runner
2025-04-23 15:46:28,779 [omNode-1-OMStateMachineApplyTransactionThread - 0] INFO  volume.OMVolumeCreateRequest (OMVolumeCreateRequest.java:validateAndUpdateCache(203)) - created volume:vol-8762791164-90 for user:runner
2025-04-23 15:46:28,781 [omNode-3-OMStateMachineApplyTransactionThread - 0] INFO  volume.OMVolumeCreateRequest (OMVolumeCreateRequest.java:validateAndUpdateCache(203)) - created volume:vol-8762791164-91 for user:runner
2025-04-23 15:46:28,782 [main] INFO  rpc.RpcClient (RpcClient.java:createVolume(462)) - Creating Volume: vol-8762791164-92, with runner as owner and space quota set to -1 bytes, counts quota set to -1
2025-04-23 15:46:28,782 [omNode-1-OMStateMachineApplyTransactionThread - 0] INFO  volume.OMVolumeCreateRequest (OMVolumeCreateRequest.java:validateAndUpdateCache(203)) - created volume:vol-8762791164-91 for user:runner
2025-04-23 15:46:28,782 [omNode-2-OMStateMachineApplyTransactionThread - 0] INFO  volume.OMVolumeCreateRequest (OMVolumeCreateRequest.java:validateAndUpdateCache(203)) - created volume:vol-8762791164-91 for user:runner
2025-04-23 15:46:28,787 [omNode-3-OMStateMachineApplyTransactionThread - 0] INFO  volume.OMVolumeCreateRequest (OMVolumeCreateRequest.java:validateAndUpdateCache(203)) - created volume:vol-8762791164-92 for user:runner
2025-04-23 15:46:28,789 [omNode-1-OMStateMachineApplyTransactionThread - 0] INFO  volume.OMVolumeCreateRequest (OMVolumeCreateRequest.java:validateAndUpdateCache(203)) - created volume:vol-8762791164-92 for user:runner
2025-04-23 15:46:28,789 [main] INFO  rpc.RpcClient (RpcClient.java:createVolume(462)) - Creating Volume: vol-8762791164-93, with runner as owner and space quota set to -1 bytes, counts quota set to -1
2025-04-23 15:46:28,791 [omNode-2-OMStateMachineApplyTransactionThread - 0] INFO  volume.OMVolumeCreateRequest (OMVolumeCreateRequest.java:validateAndUpdateCache(203)) - created volume:vol-8762791164-92 for user:runner
2025-04-23 15:46:28,794 [omNode-3-OMStateMachineApplyTransactionThread - 0] INFO  volume.OMVolumeCreateRequest (OMVolumeCreateRequest.java:validateAndUpdateCache(203)) - created volume:vol-8762791164-93 for user:runner
2025-04-23 15:46:28,795 [omNode-2-OMStateMachineApplyTransactionThread - 0] INFO  volume.OMVolumeCreateRequest (OMVolumeCreateRequest.java:validateAndUpdateCache(203)) - created volume:vol-8762791164-93 for user:runner
2025-04-23 15:46:28,794 [omNode-1-OMStateMachineApplyTransactionThread - 0] INFO  volume.OMVolumeCreateRequest (OMVolumeCreateRequest.java:validateAndUpdateCache(203)) - created volume:vol-8762791164-93 for user:runner
2025-04-23 15:46:28,797 [main] INFO  rpc.RpcClient (RpcClient.java:createVolume(462)) - Creating Volume: vol-8762791164-94, with runner as owner and space quota set to -1 bytes, counts quota set to -1
2025-04-23 15:46:28,802 [omNode-3-OMStateMachineApplyTransactionThread - 0] INFO  volume.OMVolumeCreateRequest (OMVolumeCreateRequest.java:validateAndUpdateCache(203)) - created volume:vol-8762791164-94 for user:runner
2025-04-23 15:46:28,803 [omNode-1-OMStateMachineApplyTransactionThread - 0] INFO  volume.OMVolumeCreateRequest (OMVolumeCreateRequest.java:validateAndUpdateCache(203)) - created volume:vol-8762791164-94 for user:runner
2025-04-23 15:46:28,804 [main] INFO  rpc.RpcClient (RpcClient.java:createVolume(462)) - Creating Volume: vol-8762791164-95, with runner as owner and space quota set to -1 bytes, counts quota set to -1
2025-04-23 15:46:28,805 [omNode-2-OMStateMachineApplyTransactionThread - 0] INFO  volume.OMVolumeCreateRequest (OMVolumeCreateRequest.java:validateAndUpdateCache(203)) - created volume:vol-8762791164-94 for user:runner
2025-04-23 15:46:28,808 [omNode-3-OMStateMachineApplyTransactionThread - 0] INFO  volume.OMVolumeCreateRequest (OMVolumeCreateRequest.java:validateAndUpdateCache(203)) - created volume:vol-8762791164-95 for user:runner
2025-04-23 15:46:28,809 [main] INFO  rpc.RpcClient (RpcClient.java:createVolume(462)) - Creating Volume: vol-8762791164-96, with runner as owner and space quota set to -1 bytes, counts quota set to -1
2025-04-23 15:46:28,811 [omNode-2-OMStateMachineApplyTransactionThread - 0] INFO  volume.OMVolumeCreateRequest (OMVolumeCreateRequest.java:validateAndUpdateCache(203)) - created volume:vol-8762791164-95 for user:runner
2025-04-23 15:46:28,813 [omNode-1-OMStateMachineApplyTransactionThread - 0] INFO  volume.OMVolumeCreateRequest (OMVolumeCreateRequest.java:validateAndUpdateCache(203)) - created volume:vol-8762791164-95 for user:runner
2025-04-23 15:46:28,814 [omNode-3-OMStateMachineApplyTransactionThread - 0] INFO  volume.OMVolumeCreateRequest (OMVolumeCreateRequest.java:validateAndUpdateCache(203)) - created volume:vol-8762791164-96 for user:runner
2025-04-23 15:46:28,816 [main] INFO  rpc.RpcClient (RpcClient.java:createVolume(462)) - Creating Volume: vol-8762791164-97, with runner as owner and space quota set to -1 bytes, counts quota set to -1
2025-04-23 15:46:28,816 [omNode-2-OMStateMachineApplyTransactionThread - 0] INFO  volume.OMVolumeCreateRequest (OMVolumeCreateRequest.java:validateAndUpdateCache(203)) - created volume:vol-8762791164-96 for user:runner
2025-04-23 15:46:28,816 [omNode-1-OMStateMachineApplyTransactionThread - 0] INFO  volume.OMVolumeCreateRequest (OMVolumeCreateRequest.java:validateAndUpdateCache(203)) - created volume:vol-8762791164-96 for user:runner
2025-04-23 15:46:28,820 [omNode-3-OMStateMachineApplyTransactionThread - 0] INFO  volume.OMVolumeCreateRequest (OMVolumeCreateRequest.java:validateAndUpdateCache(203)) - created volume:vol-8762791164-97 for user:runner
2025-04-23 15:46:28,820 [omNode-2-OMStateMachineApplyTransactionThread - 0] INFO  volume.OMVolumeCreateRequest (OMVolumeCreateRequest.java:validateAndUpdateCache(203)) - created volume:vol-8762791164-97 for user:runner
2025-04-23 15:46:28,821 [main] INFO  rpc.RpcClient (RpcClient.java:createVolume(462)) - Creating Volume: vol-8762791164-98, with runner as owner and space quota set to -1 bytes, counts quota set to -1
2025-04-23 15:46:28,824 [omNode-3-OMStateMachineApplyTransactionThread - 0] INFO  volume.OMVolumeCreateRequest (OMVolumeCreateRequest.java:validateAndUpdateCache(203)) - created volume:vol-8762791164-98 for user:runner
2025-04-23 15:46:28,826 [omNode-2-OMStateMachineApplyTransactionThread - 0] INFO  volume.OMVolumeCreateRequest (OMVolumeCreateRequest.java:validateAndUpdateCache(203)) - created volume:vol-8762791164-98 for user:runner
2025-04-23 15:46:28,826 [main] INFO  rpc.RpcClient (RpcClient.java:createVolume(462)) - Creating Volume: vol-8762791164-99, with runner as owner and space quota set to -1 bytes, counts quota set to -1
2025-04-23 15:46:28,836 [omNode-1@group-523986131536-StateMachineUpdater] INFO  ratis.OzoneManagerStateMachine (OzoneManagerStateMachine.java:takeSnapshotImpl(510)) - omNode-1: taking snapshot. applied = (t:11, i:302), skipped = 301, notified = (t:11, i:302), current snapshot index = (t:11, i:302), took 17 ms
2025-04-23 15:46:28,837 [omNode-1@group-523986131536-StateMachineUpdater] INFO  impl.StateMachineUpdater (StateMachineUpdater.java:takeSnapshot(303)) - omNode-1@group-523986131536-StateMachineUpdater: Took a snapshot at index 302
2025-04-23 15:46:28,837 [omNode-1@group-523986131536-StateMachineUpdater] INFO  impl.StateMachineUpdater (StateMachineUpdater.java:lambda$new$0(102)) - omNode-1@group-523986131536-StateMachineUpdater: snapshotIndex: updateIncreasingly 252 -> 302
2025-04-23 15:46:28,837 [omNode-1@group-523986131536-StateMachineUpdater] INFO  raftlog.RaftLog (RaftLogBase.java:purge(325)) - omNode-1@group-523986131536-SegmentedRaftLog: purge 302
2025-04-23 15:46:28,837 [omNode-1@group-523986131536-StateMachineUpdater] INFO  raftlog.RaftLog (RaftLogBase.java:lambda$new$0(54)) - omNode-1@group-523986131536-SegmentedRaftLog: snapshotIndex: updateIncreasingly 252 -> 302
2025-04-23 15:46:28,837 [omNode-1@group-523986131536-StateMachineUpdater] INFO  raftlog.RaftLog (RaftLogBase.java:lambda$new$0(54)) - omNode-1@group-523986131536-SegmentedRaftLog: purgeIndex: updateToMax old=252, new=302, updated? true
2025-04-23 15:46:28,838 [omNode-1-OMStateMachineApplyTransactionThread - 0] INFO  volume.OMVolumeCreateRequest (OMVolumeCreateRequest.java:validateAndUpdateCache(203)) - created volume:vol-8762791164-97 for user:runner
2025-04-23 15:46:28,838 [omNode-1-OMStateMachineApplyTransactionThread - 0] INFO  volume.OMVolumeCreateRequest (OMVolumeCreateRequest.java:validateAndUpdateCache(203)) - created volume:vol-8762791164-98 for user:runner
2025-04-23 15:46:28,840 [omNode-1-OMStateMachineApplyTransactionThread - 0] INFO  volume.OMVolumeCreateRequest (OMVolumeCreateRequest.java:validateAndUpdateCache(203)) - created volume:vol-8762791164-99 for user:runner
2025-04-23 15:46:28,845 [omNode-3@group-523986131536-StateMachineUpdater] INFO  ratis.OzoneManagerStateMachine (OzoneManagerStateMachine.java:takeSnapshotImpl(510)) - omNode-3: taking snapshot. applied = (t:11, i:306), skipped = 305, notified = (t:11, i:306), current snapshot index = (t:11, i:306), took 19 ms
2025-04-23 15:46:28,845 [omNode-3@group-523986131536-StateMachineUpdater] INFO  impl.StateMachineUpdater (StateMachineUpdater.java:takeSnapshot(303)) - omNode-3@group-523986131536-StateMachineUpdater: Took a snapshot at index 306
2025-04-23 15:46:28,845 [omNode-3@group-523986131536-StateMachineUpdater] INFO  impl.StateMachineUpdater (StateMachineUpdater.java:lambda$new$0(102)) - omNode-3@group-523986131536-StateMachineUpdater: snapshotIndex: updateIncreasingly 256 -> 306
2025-04-23 15:46:28,845 [omNode-3@group-523986131536-StateMachineUpdater] INFO  raftlog.RaftLog (RaftLogBase.java:purge(325)) - omNode-3@group-523986131536-SegmentedRaftLog: purge 306
2025-04-23 15:46:28,845 [omNode-3@group-523986131536-StateMachineUpdater] INFO  raftlog.RaftLog (RaftLogBase.java:lambda$new$0(54)) - omNode-3@group-523986131536-SegmentedRaftLog: snapshotIndex: updateIncreasingly 256 -> 306
2025-04-23 15:46:28,845 [omNode-3@group-523986131536-StateMachineUpdater] INFO  raftlog.RaftLog (RaftLogBase.java:lambda$new$0(54)) - omNode-3@group-523986131536-SegmentedRaftLog: purgeIndex: updateToMax old=256, new=306, updated? true
2025-04-23 15:46:28,846 [omNode-3-OMStateMachineApplyTransactionThread - 0] INFO  volume.OMVolumeCreateRequest (OMVolumeCreateRequest.java:validateAndUpdateCache(203)) - created volume:vol-8762791164-99 for user:runner
2025-04-23 15:46:28,847 [omNode-2@group-523986131536-StateMachineUpdater] INFO  ratis.OzoneManagerStateMachine (OzoneManagerStateMachine.java:takeSnapshotImpl(510)) - omNode-2: taking snapshot. applied = (t:11, i:306), skipped = 305, notified = (t:11, i:306), current snapshot index = (t:11, i:306), took 19 ms
2025-04-23 15:46:28,847 [omNode-2@group-523986131536-StateMachineUpdater] INFO  impl.StateMachineUpdater (StateMachineUpdater.java:takeSnapshot(303)) - omNode-2@group-523986131536-StateMachineUpdater: Took a snapshot at index 306
2025-04-23 15:46:28,847 [omNode-2@group-523986131536-StateMachineUpdater] INFO  impl.StateMachineUpdater (StateMachineUpdater.java:lambda$new$0(102)) - omNode-2@group-523986131536-StateMachineUpdater: snapshotIndex: updateIncreasingly 256 -> 306
2025-04-23 15:46:28,847 [omNode-2@group-523986131536-StateMachineUpdater] INFO  raftlog.RaftLog (RaftLogBase.java:purge(325)) - omNode-2@group-523986131536-SegmentedRaftLog: purge 306
2025-04-23 15:46:28,847 [omNode-2@group-523986131536-StateMachineUpdater] INFO  raftlog.RaftLog (RaftLogBase.java:lambda$new$0(54)) - omNode-2@group-523986131536-SegmentedRaftLog: snapshotIndex: updateIncreasingly 256 -> 306
2025-04-23 15:46:28,847 [omNode-2@group-523986131536-StateMachineUpdater] INFO  raftlog.RaftLog (RaftLogBase.java:lambda$new$0(54)) - omNode-2@group-523986131536-SegmentedRaftLog: purgeIndex: updateToMax old=256, new=306, updated? true
2025-04-23 15:46:28,848 [omNode-2-OMStateMachineApplyTransactionThread - 0] INFO  volume.OMVolumeCreateRequest (OMVolumeCreateRequest.java:validateAndUpdateCache(203)) - created volume:vol-8762791164-99 for user:runner
2025-04-23 15:46:28,871 [main] INFO  om.OzoneManager (OzoneManager.java:stop(2347)) - omNode-3[localhost:15014]: Stopping Ozone Manager
2025-04-23 15:46:28,871 [main] INFO  ipc.Server (Server.java:stop(3697)) - Stopping server on 15014
2025-04-23 15:46:28,873 [IPC Server listener on 15014] INFO  ipc.Server (Server.java:run(1585)) - Stopping IPC Server listener on 15014
2025-04-23 15:46:28,873 [IPC Server Responder] INFO  ipc.Server (Server.java:run(1718)) - Stopping IPC Server Responder
2025-04-23 15:46:28,873 [main] INFO  ratis.OzoneManagerRatisServer (OzoneManagerRatisServer.java:stop(634)) - Stopping org.apache.hadoop.ozone.om.ratis.OzoneManagerRatisServer@30ad0841 at port 15017
2025-04-23 15:46:28,874 [main] INFO  server.RaftServer (RaftServerProxy.java:lambda$close$9(417)) - omNode-3: close
2025-04-23 15:46:28,874 [main] INFO  server.GrpcService (GrpcService.java:closeImpl(343)) - omNode-3: shutdown server GrpcServerProtocolService now
2025-04-23 15:46:28,875 [omNode-3-impl-thread1] INFO  server.RaftServer$Division (RaftServerImpl.java:lambda$close$1(513)) - omNode-3@group-523986131536: shutdown
2025-04-23 15:46:28,875 [omNode-3-impl-thread1] INFO  util.JmxRegister (JmxRegister.java:unregister(74)) - Successfully un-registered JMX Bean with object name Ratis:service=RaftServer,group=group-523986131536,id=omNode-3
2025-04-23 15:46:28,875 [omNode-3-impl-thread1] INFO  impl.RoleInfo (RoleInfo.java:shutdownLeaderState(103)) - omNode-3: shutdown omNode-3@group-523986131536-LeaderStateImpl
2025-04-23 15:46:28,875 [omNode-3-impl-thread1] INFO  impl.PendingRequests (PendingRequests.java:sendNotLeaderResponses(287)) - omNode-3@group-523986131536-PendingRequests: sendNotLeaderResponses
2025-04-23 15:46:28,875 [omNode-3@group-523986131536->omNode-1-GrpcLogAppender-LogAppenderDaemon] WARN  server.GrpcLogAppender (GrpcLogAppender.java:mayWait(293)) - omNode-3@group-523986131536->omNode-1-GrpcLogAppender: Wait interrupted by java.lang.InterruptedException
2025-04-23 15:46:28,876 [omNode-3@group-523986131536->omNode-2-GrpcLogAppender-LogAppenderDaemon] WARN  server.GrpcLogAppender (GrpcLogAppender.java:mayWait(293)) - omNode-3@group-523986131536->omNode-2-GrpcLogAppender: Wait interrupted by java.lang.InterruptedException
2025-04-23 15:46:28,876 [grpc-default-executor-2] INFO  server.GrpcServerProtocolService (GrpcServerProtocolService.java:onCompleted(157)) - omNode-2: Completed APPEND_ENTRIES, lastRequest: omNode-3->omNode-2#514-t11,previous=(t:11, i:307),leaderCommit=307,initializing? false,entries: size=1, first=(t:11, i:308), METADATAENTRY(c:307)
2025-04-23 15:46:28,876 [grpc-default-executor-6] INFO  server.GrpcServerProtocolService (GrpcServerProtocolService.java:onCompleted(157)) - omNode-2: Completed APPEND_ENTRIES, lastRequest: null
2025-04-23 15:46:28,876 [Thread-4666] INFO  server.GrpcServerProtocolClient (GrpcServerProtocolClient.java:close(105)) - omNode-1 Close channels
2025-04-23 15:46:28,876 [Thread-4667] INFO  server.GrpcServerProtocolClient (GrpcServerProtocolClient.java:close(105)) - omNode-2 Close channels
2025-04-23 15:46:28,876 [grpc-default-executor-2] INFO  server.GrpcServerProtocolService (GrpcServerProtocolService.java:lambda$onCompleted$5(159)) - omNode-2: Completed APPEND_ENTRIES, lastReply: null
2025-04-23 15:46:28,877 [grpc-default-executor-7] INFO  server.GrpcServerProtocolService (GrpcServerProtocolService.java:onCompleted(157)) - omNode-1: Completed APPEND_ENTRIES, lastRequest: omNode-3->omNode-1#505-t11,previous=(t:11, i:307),leaderCommit=307,initializing? false,entries: size=1, first=(t:11, i:308), METADATAENTRY(c:307)
2025-04-23 15:46:28,877 [grpc-default-executor-7] INFO  server.GrpcServerProtocolService (GrpcServerProtocolService.java:lambda$onCompleted$5(159)) - omNode-1: Completed APPEND_ENTRIES, lastReply: null
2025-04-23 15:46:28,877 [grpc-default-executor-6] INFO  server.GrpcServerProtocolService (GrpcServerProtocolService.java:lambda$onCompleted$5(159)) - omNode-2: Completed APPEND_ENTRIES, lastReply: serverReply {
  requestorId: "omNode-3"
  replyId: "omNode-2"
  raftGroupId {
    id: "\311\274L\364;\303<`\246kR9\206\023\0256"
  }
  callId: 10
  success: true
}
term: 11
nextIndex: 109
followerCommit: 108
matchIndex: 18446744073709551615
isHearbeat: true

2025-04-23 15:46:28,877 [omNode-3-impl-thread1] INFO  impl.StateMachineUpdater (StateMachineUpdater.java:stopAndJoin(164)) - omNode-3@group-523986131536-StateMachineUpdater: set stopIndex = 308
2025-04-23 15:46:28,878 [grpc-default-executor-1] INFO  server.GrpcServerProtocolService (GrpcServerProtocolService.java:onCompleted(157)) - omNode-1: Completed APPEND_ENTRIES, lastRequest: null
2025-04-23 15:46:28,878 [grpc-default-executor-1] INFO  server.GrpcServerProtocolService (GrpcServerProtocolService.java:lambda$onCompleted$5(159)) - omNode-1: Completed APPEND_ENTRIES, lastReply: serverReply {
  requestorId: "omNode-3"
  replyId: "omNode-1"
  raftGroupId {
    id: "\311\274L\364;\303<`\246kR9\206\023\0256"
  }
  callId: 10
  success: true
}
term: 11
nextIndex: 109
followerCommit: 108
matchIndex: 18446744073709551615
isHearbeat: true

2025-04-23 15:46:28,878 [grpc-default-executor-2] INFO  server.GrpcLogAppender (GrpcLogAppender.java:onCompleted(550)) - omNode-3@group-523986131536->omNode-1-AppendLogResponseHandler: follower responses appendEntries COMPLETED
2025-04-23 15:46:28,878 [grpc-default-executor-2] WARN  server.GrpcLogAppender (GrpcLogAppender.java:resetClient(230)) - omNode-3@group-523986131536->omNode-1-GrpcLogAppender: Failed to getClient for omNode-1
org.apache.ratis.protocol.exceptions.AlreadyClosedException: omNode-3 is already CLOSED
	at org.apache.ratis.util.PeerProxyMap$PeerAndProxy.getProxy(PeerProxyMap.java:67)
	at org.apache.ratis.util.PeerProxyMap.getProxy(PeerProxyMap.java:124)
	at org.apache.ratis.grpc.server.GrpcLogAppender.getClient(GrpcLogAppender.java:200)
	at org.apache.ratis.grpc.server.GrpcLogAppender.resetClient(GrpcLogAppender.java:205)
	at org.apache.ratis.grpc.server.GrpcLogAppender.access$800(GrpcLogAppender.java:64)
	at org.apache.ratis.grpc.server.GrpcLogAppender$AppendLogResponseHandler.onCompleted(GrpcLogAppender.java:551)
	at org.apache.ratis.thirdparty.io.grpc.stub.ClientCalls$StreamObserverToCallListenerAdapter.onClose(ClientCalls.java:479)
	at org.apache.ratis.thirdparty.io.grpc.internal.ClientCallImpl.closeObserver(ClientCallImpl.java:567)
	at org.apache.ratis.thirdparty.io.grpc.internal.ClientCallImpl.access$300(ClientCallImpl.java:71)
	at org.apache.ratis.thirdparty.io.grpc.internal.ClientCallImpl$ClientStreamListenerImpl$1StreamClosed.runInternal(ClientCallImpl.java:735)
	at org.apache.ratis.thirdparty.io.grpc.internal.ClientCallImpl$ClientStreamListenerImpl$1StreamClosed.runInContext(ClientCallImpl.java:716)
	at org.apache.ratis.thirdparty.io.grpc.internal.ContextRunnable.run(ContextRunnable.java:37)
	at org.apache.ratis.thirdparty.io.grpc.internal.SerializingExecutor.run(SerializingExecutor.java:133)
	at java.base/java.util.concurrent.ThreadPoolExecutor.runWorker(ThreadPoolExecutor.java:1144)
	at java.base/java.util.concurrent.ThreadPoolExecutor$Worker.run(ThreadPoolExecutor.java:642)
	at java.base/java.lang.Thread.run(Thread.java:1583)
2025-04-23 15:46:28,879 [grpc-default-executor-7] INFO  server.GrpcLogAppender (GrpcLogAppender.java:onCompleted(550)) - omNode-3@group-523986131536->omNode-1-AppendLogResponseHandler: follower responses appendEntries COMPLETED
2025-04-23 15:46:28,879 [grpc-default-executor-7] WARN  server.GrpcLogAppender (GrpcLogAppender.java:resetClient(230)) - omNode-3@group-523986131536->omNode-1-GrpcLogAppender: Failed to getClient for omNode-1
org.apache.ratis.protocol.exceptions.AlreadyClosedException: omNode-3 is already CLOSED
	at org.apache.ratis.util.PeerProxyMap$PeerAndProxy.getProxy(PeerProxyMap.java:67)
	at org.apache.ratis.util.PeerProxyMap.getProxy(PeerProxyMap.java:124)
	at org.apache.ratis.grpc.server.GrpcLogAppender.getClient(GrpcLogAppender.java:200)
	at org.apache.ratis.grpc.server.GrpcLogAppender.resetClient(GrpcLogAppender.java:205)
	at org.apache.ratis.grpc.server.GrpcLogAppender.access$800(GrpcLogAppender.java:64)
	at org.apache.ratis.grpc.server.GrpcLogAppender$AppendLogResponseHandler.onCompleted(GrpcLogAppender.java:551)
	at org.apache.ratis.thirdparty.io.grpc.stub.ClientCalls$StreamObserverToCallListenerAdapter.onClose(ClientCalls.java:479)
	at org.apache.ratis.thirdparty.io.grpc.internal.ClientCallImpl.closeObserver(ClientCallImpl.java:567)
	at org.apache.ratis.thirdparty.io.grpc.internal.ClientCallImpl.access$300(ClientCallImpl.java:71)
	at org.apache.ratis.thirdparty.io.grpc.internal.ClientCallImpl$ClientStreamListenerImpl$1StreamClosed.runInternal(ClientCallImpl.java:735)
	at org.apache.ratis.thirdparty.io.grpc.internal.ClientCallImpl$ClientStreamListenerImpl$1StreamClosed.runInContext(ClientCallImpl.java:716)
	at org.apache.ratis.thirdparty.io.grpc.internal.ContextRunnable.run(ContextRunnable.java:37)
	at org.apache.ratis.thirdparty.io.grpc.internal.SerializingExecutor.run(SerializingExecutor.java:133)
	at java.base/java.util.concurrent.ThreadPoolExecutor.runWorker(ThreadPoolExecutor.java:1144)
	at java.base/java.util.concurrent.ThreadPoolExecutor$Worker.run(ThreadPoolExecutor.java:642)
	at java.base/java.lang.Thread.run(Thread.java:1583)
2025-04-23 15:46:28,882 [main] INFO  server.GrpcService (GrpcService.java:closeImpl(352)) - omNode-3: shutdown server GrpcServerProtocolService successfully
2025-04-23 15:46:28,879 [grpc-default-executor-1] INFO  server.GrpcLogAppender (GrpcLogAppender.java:onCompleted(550)) - omNode-3@group-523986131536->omNode-2-AppendLogResponseHandler: follower responses appendEntries COMPLETED
2025-04-23 15:46:28,879 [grpc-default-executor-6] INFO  server.GrpcLogAppender (GrpcLogAppender.java:onCompleted(550)) - omNode-3@group-523986131536->omNode-2-AppendLogResponseHandler: follower responses appendEntries COMPLETED
2025-04-23 15:46:28,882 [grpc-default-executor-1] WARN  server.GrpcLogAppender (GrpcLogAppender.java:resetClient(230)) - omNode-3@group-523986131536->omNode-2-GrpcLogAppender: Failed to getClient for omNode-2
org.apache.ratis.protocol.exceptions.AlreadyClosedException: omNode-3 is already CLOSED
	at org.apache.ratis.util.PeerProxyMap$PeerAndProxy.getProxy(PeerProxyMap.java:67)
	at org.apache.ratis.util.PeerProxyMap.getProxy(PeerProxyMap.java:124)
	at org.apache.ratis.grpc.server.GrpcLogAppender.getClient(GrpcLogAppender.java:200)
	at org.apache.ratis.grpc.server.GrpcLogAppender.resetClient(GrpcLogAppender.java:205)
	at org.apache.ratis.grpc.server.GrpcLogAppender.access$800(GrpcLogAppender.java:64)
	at org.apache.ratis.grpc.server.GrpcLogAppender$AppendLogResponseHandler.onCompleted(GrpcLogAppender.java:551)
	at org.apache.ratis.thirdparty.io.grpc.stub.ClientCalls$StreamObserverToCallListenerAdapter.onClose(ClientCalls.java:479)
	at org.apache.ratis.thirdparty.io.grpc.internal.DelayedClientCall$DelayedListener$3.run(DelayedClientCall.java:489)
	at org.apache.ratis.thirdparty.io.grpc.internal.DelayedClientCall$DelayedListener.delayOrExecute(DelayedClientCall.java:453)
	at org.apache.ratis.thirdparty.io.grpc.internal.DelayedClientCall$DelayedListener.onClose(DelayedClientCall.java:486)
	at org.apache.ratis.thirdparty.io.grpc.internal.ClientCallImpl.closeObserver(ClientCallImpl.java:567)
	at org.apache.ratis.thirdparty.io.grpc.internal.ClientCallImpl.access$300(ClientCallImpl.java:71)
	at org.apache.ratis.thirdparty.io.grpc.internal.ClientCallImpl$ClientStreamListenerImpl$1StreamClosed.runInternal(ClientCallImpl.java:735)
	at org.apache.ratis.thirdparty.io.grpc.internal.ClientCallImpl$ClientStreamListenerImpl$1StreamClosed.runInContext(ClientCallImpl.java:716)
	at org.apache.ratis.thirdparty.io.grpc.internal.ContextRunnable.run(ContextRunnable.java:37)
	at org.apache.ratis.thirdparty.io.grpc.internal.SerializingExecutor.run(SerializingExecutor.java:133)
	at java.base/java.util.concurrent.ThreadPoolExecutor.runWorker(ThreadPoolExecutor.java:1144)
	at java.base/java.util.concurrent.ThreadPoolExecutor$Worker.run(ThreadPoolExecutor.java:642)
	at java.base/java.lang.Thread.run(Thread.java:1583)
2025-04-23 15:46:28,882 [grpc-default-executor-6] WARN  server.GrpcLogAppender (GrpcLogAppender.java:resetClient(230)) - omNode-3@group-523986131536->omNode-2-GrpcLogAppender: Failed to getClient for omNode-2
org.apache.ratis.protocol.exceptions.AlreadyClosedException: omNode-3 is already CLOSED
	at org.apache.ratis.util.PeerProxyMap$PeerAndProxy.getProxy(PeerProxyMap.java:67)
	at org.apache.ratis.util.PeerProxyMap.getProxy(PeerProxyMap.java:124)
	at org.apache.ratis.grpc.server.GrpcLogAppender.getClient(GrpcLogAppender.java:200)
	at org.apache.ratis.grpc.server.GrpcLogAppender.resetClient(GrpcLogAppender.java:205)
	at org.apache.ratis.grpc.server.GrpcLogAppender.access$800(GrpcLogAppender.java:64)
	at org.apache.ratis.grpc.server.GrpcLogAppender$AppendLogResponseHandler.onCompleted(GrpcLogAppender.java:551)
	at org.apache.ratis.thirdparty.io.grpc.stub.ClientCalls$StreamObserverToCallListenerAdapter.onClose(ClientCalls.java:479)
	at org.apache.ratis.thirdparty.io.grpc.internal.ClientCallImpl.closeObserver(ClientCallImpl.java:567)
	at org.apache.ratis.thirdparty.io.grpc.internal.ClientCallImpl.access$300(ClientCallImpl.java:71)
	at org.apache.ratis.thirdparty.io.grpc.internal.ClientCallImpl$ClientStreamListenerImpl$1StreamClosed.runInternal(ClientCallImpl.java:735)
	at org.apache.ratis.thirdparty.io.grpc.internal.ClientCallImpl$ClientStreamListenerImpl$1StreamClosed.runInContext(ClientCallImpl.java:716)
	at org.apache.ratis.thirdparty.io.grpc.internal.ContextRunnable.run(ContextRunnable.java:37)
	at org.apache.ratis.thirdparty.io.grpc.internal.SerializingExecutor.run(SerializingExecutor.java:133)
	at java.base/java.util.concurrent.ThreadPoolExecutor.runWorker(ThreadPoolExecutor.java:1144)
	at java.base/java.util.concurrent.ThreadPoolExecutor$Worker.run(ThreadPoolExecutor.java:642)
	at java.base/java.lang.Thread.run(Thread.java:1583)
2025-04-23 15:46:28,893 [omNode-3@group-523986131536-StateMachineUpdater] INFO  ratis.OzoneManagerStateMachine (OzoneManagerStateMachine.java:takeSnapshotImpl(510)) - omNode-3: taking snapshot. applied = (t:11, i:308), skipped = 307, notified = (t:11, i:308), current snapshot index = (t:11, i:308), took 15 ms
2025-04-23 15:46:28,893 [omNode-3@group-523986131536-StateMachineUpdater] INFO  impl.StateMachineUpdater (StateMachineUpdater.java:takeSnapshot(303)) - omNode-3@group-523986131536-StateMachineUpdater: Took a snapshot at index 308
2025-04-23 15:46:28,894 [omNode-3@group-523986131536-StateMachineUpdater] INFO  impl.StateMachineUpdater (StateMachineUpdater.java:lambda$new$0(102)) - omNode-3@group-523986131536-StateMachineUpdater: snapshotIndex: updateIncreasingly 306 -> 308
2025-04-23 15:46:28,894 [omNode-3@group-523986131536-StateMachineUpdater] INFO  impl.StateMachineUpdater (StateMachineUpdater.java:stop(141)) - omNode-3@group-523986131536-StateMachineUpdater: closing OzoneManagerStateMachine, lastApplied=(t:11, i:308)
2025-04-23 15:46:28,894 [omNode-3@group-523986131536-StateMachineUpdater] INFO  ratis.OzoneManagerStateMachine (OzoneManagerStateMachine.java:close(550)) - Stopping OzoneManagerStateMachine:omNode-3:group-523986131536.
2025-04-23 15:46:28,894 [omNode-3@group-523986131536-StateMachineUpdater] INFO  ratis.OzoneManagerDoubleBuffer (OzoneManagerDoubleBuffer.java:stopDaemon(500)) - Stopping OMDoubleBuffer flush thread
2025-04-23 15:46:28,894 [omNode-3-OMDoubleBufferFlushThread] INFO  ratis.OzoneManagerDoubleBuffer (OzoneManagerDoubleBuffer.java:canFlush(559)) - OMDoubleBuffer flush thread omNode-3-OMDoubleBufferFlushThread is interrupted and will exit.
2025-04-23 15:46:28,896 [omNode-3@group-523986131536-cacheEviction-AwaitToRun] INFO  util.AwaitToRun (AwaitToRun.java:run(49)) - omNode-3@group-523986131536-cacheEviction-AwaitToRun-AwaitForSignal is interrupted
2025-04-23 15:46:29,830 [omNode-3-impl-thread1] INFO  segmented.SegmentedRaftLogWorker (SegmentedRaftLogWorker.java:close(252)) - omNode-3@group-523986131536-SegmentedRaftLogWorker close()
2025-04-23 15:46:29,831 [JvmPauseMonitor26] INFO  util.JvmPauseMonitor (JvmPauseMonitor.java:run(152)) - JvmPauseMonitor-omNode-3: Stopped
2025-04-23 15:46:29,831 [main] INFO  utils.BackgroundService (BackgroundService.java:shutdown(161)) - Shutting down service KeyDeletingService
2025-04-23 15:46:29,831 [main] INFO  utils.BackgroundService (BackgroundService.java:shutdown(161)) - Shutting down service DirectoryDeletingService
2025-04-23 15:46:29,832 [main] INFO  utils.BackgroundService (BackgroundService.java:shutdown(161)) - Shutting down service OpenKeyCleanupService
2025-04-23 15:46:29,833 [main] INFO  utils.BackgroundService (BackgroundService.java:shutdown(161)) - Shutting down service SstFilteringService
2025-04-23 15:46:29,833 [main] INFO  utils.BackgroundService (BackgroundService.java:shutdown(161)) - Shutting down service SnapshotDeletingService
2025-04-23 15:46:29,833 [main] INFO  utils.BackgroundService (BackgroundService.java:shutdown(161)) - Shutting down service MultipartUploadCleanupService
2025-04-23 15:46:29,834 [main] INFO  handler.ContextHandler (ContextHandler.java:doStop(1159)) - Stopped o.e.j.w.WebAppContext@2ce5e09d{ozoneManager,/,null,STOPPED}{file:/home/runner/work/ozone/ozone/hadoop-ozone/integration-test/target/test-classes/webapps/ozoneManager}
2025-04-23 15:46:29,835 [main] INFO  server.AbstractConnector (AbstractConnector.java:doStop(383)) - Stopped ServerConnector@1ff9202e{HTTP/1.1, (http/1.1)}{0.0.0.0:15015}
2025-04-23 15:46:29,835 [main] INFO  server.session (HouseKeeper.java:stopScavenging(149)) - node0 Stopped scavenging
2025-04-23 15:46:29,835 [main] INFO  handler.ContextHandler (ContextHandler.java:doStop(1159)) - Stopped o.e.j.s.ServletContextHandler@3adbd6fb{static,/static,file:///home/runner/work/ozone/ozone/hadoop-ozone/integration-test/target/test-classes/webapps/static,STOPPED}
2025-04-23 15:46:29,835 [main] INFO  handler.ContextHandler (ContextHandler.java:doStop(1159)) - Stopped o.e.j.s.ServletContextHandler@e8e9fb7{logs,/logs,file:///home/runner/work/ozone/ozone/hadoop-ozone/integration-test/target/log,STOPPED}
2025-04-23 15:46:29,836 [main] INFO  rocksdiff.RocksDBCheckpointDiffer (RocksDBCheckpointDiffer.java:close(304)) - Shutting down CompactionDagPruningService.
2025-04-23 15:46:29,838 [main] INFO  snapshot.SnapshotDiffManager (SnapshotDiffManager.java:closeExecutorService(1698)) - Shutting down executorService: 'SnapDiffExecutor'
2025-04-23 15:46:29,838 [main] INFO  utils.BackgroundService (BackgroundService.java:shutdown(161)) - Shutting down service SnapshotDiffCleanupService
2025-04-23 15:46:30,357 [omNode-2@group-523986131536-FollowerState] INFO  impl.FollowerState (FollowerState.java:runImpl(161)) - omNode-2@group-523986131536-FollowerState: change to CANDIDATE, lastRpcElapsedTime:1527493489ns, electionTimeout:1119ms
2025-04-23 15:46:30,357 [omNode-2@group-523986131536-FollowerState] INFO  impl.RoleInfo (RoleInfo.java:shutdownFollowerState(121)) - omNode-2: shutdown omNode-2@group-523986131536-FollowerState
2025-04-23 15:46:30,357 [omNode-2@group-523986131536-FollowerState] INFO  server.RaftServer$Division (RaftServerImpl.java:setRole(378)) - omNode-2@group-523986131536: changes role from  FOLLOWER to CANDIDATE at term 11 for changeToCandidate
2025-04-23 15:46:30,358 [omNode-2@group-523986131536-FollowerState] INFO  server.RaftServerConfigKeys (ConfUtils.java:logGet(46)) - raft.server.leaderelection.pre-vote = true (default)
2025-04-23 15:46:30,358 [omNode-2@group-523986131536-FollowerState] INFO  impl.RoleInfo (RoleInfo.java:updateAndGet(148)) - omNode-2: start omNode-2@group-523986131536-LeaderElection27
2025-04-23 15:46:30,358 [omNode-2@group-523986131536-LeaderElection27] INFO  server.RaftServer$Division (ServerState.java:setLeader(272)) - omNode-2@group-523986131536: change Leader from omNode-3 to null at term 11 for PRE_VOTE
2025-04-23 15:46:30,358 [omNode-2@group-523986131536-LeaderElection27] INFO  impl.LeaderElection (LeaderElection.java:askForVotes(332)) - omNode-2@group-523986131536-LeaderElection27 PRE_VOTE round 0: submit vote requests at term 11 for conf: {index: 107, cur=peers:[omNode-3|localhost:15017, omNode-1|localhost:15009, omNode-2|localhost:15013]|listeners:[], old=null}
2025-04-23 15:46:30,358 [omNode-2@group-523986131536-LeaderElection27-1] INFO  server.GrpcServerProtocolClient (GrpcServerProtocolClient.java:<init>(65)) - Build channel for omNode-3|localhost:15017
2025-04-23 15:46:30,359 [omNode-2@group-523986131536-LeaderElection27-2] INFO  server.GrpcServerProtocolClient (GrpcServerProtocolClient.java:<init>(65)) - Build channel for omNode-1|localhost:15009
2025-04-23 15:46:30,361 [omNode-2@group-523986131536-LeaderElection27] INFO  impl.LeaderElection (LogUtils.java:infoOrTrace(136)) - omNode-2@group-523986131536-LeaderElection27 got exception when requesting votes: java.util.concurrent.ExecutionException: org.apache.ratis.thirdparty.io.grpc.StatusRuntimeException: UNAVAILABLE: io exception
2025-04-23 15:46:30,362 [grpc-default-executor-1] INFO  server.RaftServer$Division (RaftServerImpl.java:requestVote(1407)) - omNode-1@group-523986131536: receive requestVote(PRE_VOTE, omNode-2, group-523986131536, 11, (t:11, i:308))
2025-04-23 15:46:30,362 [grpc-default-executor-1] INFO  impl.VoteContext (VoteContext.java:log(49)) - omNode-1@group-523986131536-FOLLOWER: accept PRE_VOTE from omNode-2: our priority 0 <= candidate's priority 0
2025-04-23 15:46:30,362 [grpc-default-executor-1] INFO  server.RaftServer$Division (RaftServerImpl.java:requestVote(1441)) - omNode-1@group-523986131536 replies to PRE_VOTE vote request: omNode-2<-omNode-1#0:OK-t11. Peer's state: omNode-1@group-523986131536:t11, leader=omNode-3, voted=omNode-3, raftlog=Memoized:omNode-1@group-523986131536-SegmentedRaftLog:OPENED:c307:last(t:11, i:308), conf=conf: {index: 107, cur=peers:[omNode-3|localhost:15017, omNode-1|localhost:15009, omNode-2|localhost:15013]|listeners:[], old=null}
2025-04-23 15:46:30,363 [omNode-2@group-523986131536-LeaderElection27] INFO  impl.LeaderElection (LeaderElection.java:logAndReturn(90)) - omNode-2@group-523986131536-LeaderElection27: PRE_VOTE PASSED received 1 response(s) and 1 exception(s):
2025-04-23 15:46:30,363 [omNode-2@group-523986131536-LeaderElection27] INFO  impl.LeaderElection (LeaderElection.java:logAndReturn(94)) -   Response 0: omNode-2<-omNode-1#0:OK-t11
2025-04-23 15:46:30,363 [omNode-2@group-523986131536-LeaderElection27] INFO  impl.LeaderElection (LogUtils.java:infoOrTrace(136)) -   Exception 1: java.util.concurrent.ExecutionException: org.apache.ratis.thirdparty.io.grpc.StatusRuntimeException: UNAVAILABLE: io exception
2025-04-23 15:46:30,363 [omNode-2@group-523986131536-LeaderElection27] INFO  impl.LeaderElection (LeaderElection.java:askForVotes(334)) - omNode-2@group-523986131536-LeaderElection27 PRE_VOTE round 0: result PASSED
2025-04-23 15:46:30,364 [omNode-2@group-523986131536-LeaderElection27] INFO  impl.LeaderElection (LeaderElection.java:askForVotes(332)) - omNode-2@group-523986131536-LeaderElection27 ELECTION round 0: submit vote requests at term 12 for conf: {index: 107, cur=peers:[omNode-3|localhost:15017, omNode-1|localhost:15009, omNode-2|localhost:15013]|listeners:[], old=null}
2025-04-23 15:46:30,365 [omNode-2@group-523986131536-LeaderElection27] INFO  impl.LeaderElection (LogUtils.java:infoOrTrace(136)) - omNode-2@group-523986131536-LeaderElection27 got exception when requesting votes: java.util.concurrent.ExecutionException: org.apache.ratis.thirdparty.io.grpc.StatusRuntimeException: UNAVAILABLE: io exception
2025-04-23 15:46:30,365 [grpc-default-executor-1] INFO  server.RaftServer$Division (RaftServerImpl.java:requestVote(1407)) - omNode-1@group-523986131536: receive requestVote(ELECTION, omNode-2, group-523986131536, 12, (t:11, i:308))
2025-04-23 15:46:30,365 [grpc-default-executor-1] INFO  impl.VoteContext (VoteContext.java:log(49)) - omNode-1@group-523986131536-FOLLOWER: accept ELECTION from omNode-2: our priority 0 <= candidate's priority 0
2025-04-23 15:46:30,365 [grpc-default-executor-1] INFO  server.RaftServer$Division (RaftServerImpl.java:setRole(378)) - omNode-1@group-523986131536: changes role from  FOLLOWER to FOLLOWER at term 11 for candidate:omNode-2
2025-04-23 15:46:30,365 [grpc-default-executor-1] INFO  impl.RoleInfo (RoleInfo.java:shutdownFollowerState(121)) - omNode-1: shutdown omNode-1@group-523986131536-FollowerState
2025-04-23 15:46:30,365 [grpc-default-executor-1] INFO  server.RaftServer$Division (ServerState.java:setLeader(272)) - omNode-1@group-523986131536: change Leader from omNode-3 to null at term 12 for updateCurrentTerm
2025-04-23 15:46:30,365 [omNode-1@group-523986131536-FollowerState] INFO  impl.FollowerState (FollowerState.java:runImpl(170)) - omNode-1@group-523986131536-FollowerState was interrupted
2025-04-23 15:46:30,365 [grpc-default-executor-1] INFO  impl.RoleInfo (RoleInfo.java:updateAndGet(148)) - omNode-1: start omNode-1@group-523986131536-FollowerState
2025-04-23 15:46:30,367 [grpc-default-executor-1] INFO  server.RaftServer$Division (RaftServerImpl.java:requestVote(1441)) - omNode-1@group-523986131536 replies to ELECTION vote request: omNode-2<-omNode-1#0:OK-t12. Peer's state: omNode-1@group-523986131536:t12, leader=null, voted=omNode-2, raftlog=Memoized:omNode-1@group-523986131536-SegmentedRaftLog:OPENED:c307:last(t:11, i:308), conf=conf: {index: 107, cur=peers:[omNode-3|localhost:15017, omNode-1|localhost:15009, omNode-2|localhost:15013]|listeners:[], old=null}
2025-04-23 15:46:30,367 [omNode-2@group-523986131536-LeaderElection27] INFO  impl.LeaderElection (LeaderElection.java:logAndReturn(90)) - omNode-2@group-523986131536-LeaderElection27: ELECTION PASSED received 1 response(s) and 1 exception(s):
2025-04-23 15:46:30,367 [omNode-2@group-523986131536-LeaderElection27] INFO  impl.LeaderElection (LeaderElection.java:logAndReturn(94)) -   Response 0: omNode-2<-omNode-1#0:OK-t12
2025-04-23 15:46:30,367 [omNode-2@group-523986131536-LeaderElection27] INFO  impl.LeaderElection (LogUtils.java:infoOrTrace(136)) -   Exception 1: java.util.concurrent.ExecutionException: org.apache.ratis.thirdparty.io.grpc.StatusRuntimeException: UNAVAILABLE: io exception
2025-04-23 15:46:30,367 [omNode-2@group-523986131536-LeaderElection27] INFO  impl.LeaderElection (LeaderElection.java:askForVotes(334)) - omNode-2@group-523986131536-LeaderElection27 ELECTION round 0: result PASSED
2025-04-23 15:46:30,367 [omNode-2@group-523986131536-LeaderElection27] INFO  impl.RoleInfo (RoleInfo.java:shutdownLeaderElection(141)) - omNode-2: shutdown omNode-2@group-523986131536-LeaderElection27
2025-04-23 15:46:30,367 [omNode-2@group-523986131536-LeaderElection27] INFO  server.RaftServer$Division (RaftServerImpl.java:setRole(378)) - omNode-2@group-523986131536: changes role from CANDIDATE to LEADER at term 12 for changeToLeader
2025-04-23 15:46:30,367 [omNode-2@group-523986131536-LeaderElection27] INFO  server.RaftServerConfigKeys (ConfUtils.java:logGet(46)) - raft.server.staging.catchup.gap = 1000 (default)
2025-04-23 15:46:30,368 [omNode-2@group-523986131536-LeaderElection27] INFO  server.RaftServerConfigKeys (ConfUtils.java:logGet(46)) - raft.server.write.element-limit = 4096 (default)
2025-04-23 15:46:30,368 [omNode-2@group-523986131536-LeaderElection27] INFO  server.RaftServerConfigKeys (ConfUtils.java:logGet(46)) - raft.server.write.byte-limit = 64MB (=67108864) (default)
2025-04-23 15:46:30,368 [omNode-2@group-523986131536-LeaderElection27] INFO  server.RaftServerConfigKeys (ConfUtils.java:logGet(46)) - raft.server.watch.timeout = 10s (default)
2025-04-23 15:46:30,368 [omNode-2@group-523986131536-LeaderElection27] INFO  server.RaftServerConfigKeys (ConfUtils.java:logGet(46)) - raft.server.watch.timeout.denomination = 1s (default)
2025-04-23 15:46:30,368 [omNode-2@group-523986131536-LeaderElection27] INFO  server.RaftServerConfigKeys (ConfUtils.java:logGet(46)) - raft.server.watch.element-limit = 65536 (default)
2025-04-23 15:46:30,368 [omNode-2@group-523986131536-LeaderElection27] INFO  server.RaftServerConfigKeys (ConfUtils.java:logGet(46)) - raft.server.read.leader.lease.enabled = false (default)
2025-04-23 15:46:30,368 [omNode-2@group-523986131536-LeaderElection27] INFO  server.RaftServerConfigKeys (ConfUtils.java:logGet(46)) - raft.server.read.leader.lease.timeout.ratio = 0.9 (default)
2025-04-23 15:46:30,368 [omNode-2@group-523986131536-LeaderElection27] INFO  server.RaftServerConfigKeys (ConfUtils.java:logGet(46)) - raft.server.rpc.timeout.min = 1s (custom)
2025-04-23 15:46:30,368 [omNode-2@group-523986131536-LeaderElection27] INFO  server.RaftServerConfigKeys (ConfUtils.java:logGet(46)) - raft.server.log.log-metadata.enabled = true (default)
2025-04-23 15:46:30,368 [omNode-2@group-523986131536-LeaderElection27] INFO  server.RaftServerConfigKeys (ConfUtils.java:logGet(46)) - raft.server.write.element-limit = 4096 (default)
2025-04-23 15:46:30,368 [omNode-2@group-523986131536-LeaderElection27] INFO  server.RaftServerConfigKeys (ConfUtils.java:logGet(46)) - raft.server.write.follower.gap.ratio.max = -1.0 (default)
2025-04-23 15:46:30,368 [omNode-2@group-523986131536-LeaderElection27] INFO  server.RaftServerConfigKeys (ConfUtils.java:logGet(46)) - raft.server.log.appender.snapshot.chunk.size.max = 16MB (=16777216) (default)
2025-04-23 15:46:30,369 [omNode-2@group-523986131536-LeaderElection27] INFO  server.RaftServerConfigKeys (ConfUtils.java:logGet(46)) - raft.server.log.appender.buffer.byte-limit = 4194304 (custom)
2025-04-23 15:46:30,369 [omNode-2@group-523986131536-LeaderElection27] INFO  server.RaftServerConfigKeys (ConfUtils.java:logGet(46)) - raft.server.log.appender.buffer.element-limit = 1024 (custom)
2025-04-23 15:46:30,369 [omNode-2@group-523986131536-LeaderElection27] INFO  server.RaftServerConfigKeys (ConfUtils.java:logGet(46)) - raft.server.log.appender.wait-time.min = 0ms (custom)
2025-04-23 15:46:30,369 [omNode-2@group-523986131536-LeaderElection27] INFO  grpc.GrpcConfigKeys (ConfUtils.java:logGet(46)) - raft.grpc.server.leader.outstanding.appends.max = 8 (default)
2025-04-23 15:46:30,369 [omNode-2@group-523986131536-LeaderElection27] INFO  server.RaftServerConfigKeys (ConfUtils.java:logGet(46)) - raft.server.rpc.request.timeout = 3000ms (default)
2025-04-23 15:46:30,369 [omNode-2@group-523986131536-LeaderElection27] INFO  grpc.GrpcConfigKeys (ConfUtils.java:logGet(46)) - raft.grpc.server.install_snapshot.request.element-limit = 8 (default)
2025-04-23 15:46:30,369 [omNode-2@group-523986131536-LeaderElection27] INFO  grpc.GrpcConfigKeys (ConfUtils.java:logGet(46)) - raft.grpc.server.install_snapshot.request.timeout = 3000ms (default)
2025-04-23 15:46:30,369 [omNode-2@group-523986131536-LeaderElection27] INFO  grpc.GrpcConfigKeys (ConfUtils.java:logGet(46)) - raft.grpc.server.log-message.batch.duration = 5s (default)
2025-04-23 15:46:30,369 [omNode-2@group-523986131536-LeaderElection27] INFO  server.RaftServerConfigKeys (ConfUtils.java:logGet(46)) - raft.server.log.appender.install.snapshot.enabled = false (custom)
2025-04-23 15:46:30,369 [omNode-2@group-523986131536-LeaderElection27] INFO  grpc.GrpcConfigKeys (ConfUtils.java:logGet(46)) - raft.grpc.server.heartbeat.channel = true (default)
2025-04-23 15:46:30,369 [omNode-2@group-523986131536-LeaderElection27] INFO  server.RaftServerConfigKeys (ConfUtils.java:logGet(46)) - raft.server.log.appender.snapshot.chunk.size.max = 16MB (=16777216) (default)
2025-04-23 15:46:30,369 [omNode-2@group-523986131536-LeaderElection27] INFO  server.RaftServerConfigKeys (ConfUtils.java:logGet(46)) - raft.server.log.appender.buffer.byte-limit = 4194304 (custom)
2025-04-23 15:46:30,369 [omNode-2@group-523986131536-LeaderElection27] INFO  server.RaftServerConfigKeys (ConfUtils.java:logGet(46)) - raft.server.log.appender.buffer.element-limit = 1024 (custom)
2025-04-23 15:46:30,369 [omNode-2@group-523986131536-LeaderElection27] INFO  server.RaftServerConfigKeys (ConfUtils.java:logGet(46)) - raft.server.log.appender.wait-time.min = 0ms (custom)
2025-04-23 15:46:30,370 [omNode-2@group-523986131536-LeaderElection27] INFO  grpc.GrpcConfigKeys (ConfUtils.java:logGet(46)) - raft.grpc.server.leader.outstanding.appends.max = 8 (default)
2025-04-23 15:46:30,370 [omNode-2@group-523986131536-LeaderElection27] INFO  server.RaftServerConfigKeys (ConfUtils.java:logGet(46)) - raft.server.rpc.request.timeout = 3000ms (default)
2025-04-23 15:46:30,370 [omNode-2@group-523986131536-LeaderElection27] INFO  grpc.GrpcConfigKeys (ConfUtils.java:logGet(46)) - raft.grpc.server.install_snapshot.request.element-limit = 8 (default)
2025-04-23 15:46:30,370 [omNode-2@group-523986131536-LeaderElection27] INFO  grpc.GrpcConfigKeys (ConfUtils.java:logGet(46)) - raft.grpc.server.install_snapshot.request.timeout = 3000ms (default)
2025-04-23 15:46:30,370 [omNode-2@group-523986131536-LeaderElection27] INFO  grpc.GrpcConfigKeys (ConfUtils.java:logGet(46)) - raft.grpc.server.log-message.batch.duration = 5s (default)
2025-04-23 15:46:30,370 [omNode-2@group-523986131536-LeaderElection27] INFO  server.RaftServerConfigKeys (ConfUtils.java:logGet(46)) - raft.server.log.appender.install.snapshot.enabled = false (custom)
2025-04-23 15:46:30,370 [omNode-2@group-523986131536-LeaderElection27] INFO  grpc.GrpcConfigKeys (ConfUtils.java:logGet(46)) - raft.grpc.server.heartbeat.channel = true (default)
2025-04-23 15:46:30,370 [omNode-2@group-523986131536-LeaderElection27] INFO  impl.RoleInfo (RoleInfo.java:updateAndGet(148)) - omNode-2: start omNode-2@group-523986131536-LeaderStateImpl
2025-04-23 15:46:30,370 [omNode-2@group-523986131536-LeaderElection27] INFO  ratis.OzoneManagerStateMachine (OzoneManagerStateMachine.java:notifyLeaderChanged(169)) - omNode-2@group-523986131536: leader changed to omNode-2
2025-04-23 15:46:30,370 [omNode-2@group-523986131536-LeaderElection27] INFO  server.RaftServer$Division (ServerState.java:setLeader(272)) - omNode-2@group-523986131536: change Leader from null to omNode-2 at term 12 for becomeLeader, leader elected after 11ms
2025-04-23 15:46:30,370 [omNode-2@group-523986131536-LeaderElection27] INFO  segmented.SegmentedRaftLogWorker (SegmentedRaftLogWorker.java:rollLogSegment(443)) - omNode-2@group-523986131536-SegmentedRaftLogWorker: Rolling segment log-107_308 to index:308
2025-04-23 15:46:30,370 [omNode-2@group-523986131536-LeaderElection27] INFO  server.RaftServer$Division (ServerState.java:setRaftConf(386)) - omNode-2@group-523986131536: set configuration conf: {index: 309, cur=peers:[omNode-3|localhost:15017, omNode-1|localhost:15009, omNode-2|localhost:15013]|listeners:[], old=null}
2025-04-23 15:46:30,371 [grpc-default-executor-1] WARN  server.GrpcLogAppender (LogUtils.java:warn(121)) - omNode-2@group-523986131536->omNode-3-AppendLogResponseHandler: Failed appendEntries: org.apache.ratis.thirdparty.io.grpc.StatusRuntimeException: UNAVAILABLE: io exception
2025-04-23 15:46:30,371 [omNode-2@group-523986131536-SegmentedRaftLogWorker] INFO  segmented.SegmentedRaftLogWorker (SegmentedRaftLogWorker.java:execute(601)) - omNode-2@group-523986131536-SegmentedRaftLogWorker: Rolled log segment from /home/runner/work/ozone/ozone/hadoop-ozone/integration-test/target/test-dir/MiniOzoneClusterImpl-5cf50c17-c591-473f-a8c4-88d8665d28d7/omNode-2/ratis/c9bc4cf4-3bc3-3c60-a66b-523986131536/current/log_inprogress_107 to /home/runner/work/ozone/ozone/hadoop-ozone/integration-test/target/test-dir/MiniOzoneClusterImpl-5cf50c17-c591-473f-a8c4-88d8665d28d7/omNode-2/ratis/c9bc4cf4-3bc3-3c60-a66b-523986131536/current/log_107-308
2025-04-23 15:46:30,371 [grpc-default-executor-1] WARN  server.GrpcLogAppender (GrpcLogAppender.java:lambda$resetClient$1(221)) - omNode-2@group-523986131536->omNode-3-GrpcLogAppender: Follower failed (request=null, errorCount=1); keep nextIndex (309) unchanged and retry.
2025-04-23 15:46:30,371 [omNode-2@group-523986131536-SegmentedRaftLogWorker] INFO  segmented.BufferedWriteChannel (BufferedWriteChannel.java:open(61)) - open log_inprogress_309 at position 0
2025-04-23 15:46:30,373 [grpc-default-executor-2] WARN  server.GrpcLogAppender (GrpcLogAppender.java:lambda$resetClient$1(221)) - omNode-2@group-523986131536->omNode-3-GrpcLogAppender: Follower failed (request=null, errorCount=3); keep nextIndex (310) unchanged and retry.
2025-04-23 15:46:30,376 [omNode-1-server-thread3] INFO  ratis.OzoneManagerStateMachine (OzoneManagerStateMachine.java:notifyLeaderChanged(169)) - omNode-1@group-523986131536: leader changed to omNode-2
2025-04-23 15:46:30,376 [omNode-1-server-thread3] INFO  server.RaftServer$Division (ServerState.java:setLeader(272)) - omNode-1@group-523986131536: change Leader from null to omNode-2 at term 12 for appendEntries, leader elected after 9ms
2025-04-23 15:46:30,377 [omNode-1-server-thread2] INFO  server.RaftServer$Division (ServerState.java:setRaftConf(386)) - omNode-1@group-523986131536: set configuration conf: {index: 309, cur=peers:[omNode-3|localhost:15017, omNode-1|localhost:15009, omNode-2|localhost:15013]|listeners:[], old=null}
2025-04-23 15:46:30,377 [omNode-1-server-thread2] INFO  segmented.SegmentedRaftLogWorker (SegmentedRaftLogWorker.java:rollLogSegment(443)) - omNode-1@group-523986131536-SegmentedRaftLogWorker: Rolling segment log-107_308 to index:308
2025-04-23 15:46:30,378 [omNode-1@group-523986131536-SegmentedRaftLogWorker] INFO  segmented.SegmentedRaftLogWorker (SegmentedRaftLogWorker.java:execute(601)) - omNode-1@group-523986131536-SegmentedRaftLogWorker: Rolled log segment from /home/runner/work/ozone/ozone/hadoop-ozone/integration-test/target/test-dir/MiniOzoneClusterImpl-5cf50c17-c591-473f-a8c4-88d8665d28d7/omNode-1/ratis/c9bc4cf4-3bc3-3c60-a66b-523986131536/current/log_inprogress_107 to /home/runner/work/ozone/ozone/hadoop-ozone/integration-test/target/test-dir/MiniOzoneClusterImpl-5cf50c17-c591-473f-a8c4-88d8665d28d7/omNode-1/ratis/c9bc4cf4-3bc3-3c60-a66b-523986131536/current/log_107-308
2025-04-23 15:46:30,378 [omNode-1@group-523986131536-SegmentedRaftLogWorker] INFO  segmented.BufferedWriteChannel (BufferedWriteChannel.java:open(61)) - open log_inprogress_309 at position 0
2025-04-23 15:46:30,390 [omNode-2@group-523986131536-SegmentedRaftLogWorker] INFO  segmented.SegmentedRaftLogWorker (SegmentedRaftLogWorker.java:execute(644)) - omNode-2@group-523986131536-SegmentedRaftLogWorker: created new log segment /home/runner/work/ozone/ozone/hadoop-ozone/integration-test/target/test-dir/MiniOzoneClusterImpl-5cf50c17-c591-473f-a8c4-88d8665d28d7/omNode-2/ratis/c9bc4cf4-3bc3-3c60-a66b-523986131536/current/log_inprogress_309
2025-04-23 15:46:30,391 [omNode-1@group-523986131536-SegmentedRaftLogWorker] INFO  segmented.SegmentedRaftLogWorker (SegmentedRaftLogWorker.java:execute(644)) - omNode-1@group-523986131536-SegmentedRaftLogWorker: created new log segment /home/runner/work/ozone/ozone/hadoop-ozone/integration-test/target/test-dir/MiniOzoneClusterImpl-5cf50c17-c591-473f-a8c4-88d8665d28d7/omNode-1/ratis/c9bc4cf4-3bc3-3c60-a66b-523986131536/current/log_inprogress_309
2025-04-23 15:46:30,392 [grpc-default-executor-2] WARN  server.GrpcLogAppender (GrpcLogAppender.java:lambda$resetClient$1(221)) - omNode-2@group-523986131536->omNode-3-GrpcLogAppender: Follower failed (request=null, errorCount=5); keep nextIndex (311) unchanged and retry.
2025-04-23 15:46:30,394 [omNode-2@group-523986131536-StateMachineUpdater] INFO  ratis.OzoneManagerStateMachine (OzoneManagerStateMachine.java:notifyConfigurationChanged(231)) - notifyConfigurationChanged from Ratis: term=12, index=309, New Peer list: omNode-3(localhost:15017), omNode-1(localhost:15009), omNode-2(localhost:15013)
2025-04-23 15:46:30,394 [omNode-2@group-523986131536-StateMachineUpdater] INFO  server.RaftServer$Division (LeaderStateImpl.java:checkStartIndex(313)) - Leader omNode-2@group-523986131536-LeaderStateImpl is ready since appliedIndex == startIndex == 309
2025-04-23 15:46:30,394 [omNode-1@group-523986131536-StateMachineUpdater] INFO  ratis.OzoneManagerStateMachine (OzoneManagerStateMachine.java:notifyConfigurationChanged(231)) - notifyConfigurationChanged from Ratis: term=12, index=309, New Peer list: omNode-3(localhost:15017), omNode-1(localhost:15009), omNode-2(localhost:15013)
2025-04-23 15:46:33,840 [main] INFO  retry.RetryInvocationHandler (RetryInvocationHandler.java:log(426)) - com.google.protobuf.ServiceException: java.io.EOFException: End of File Exception between local host is: "fv-az1337-835/10.1.0.188"; destination host is: "localhost":15014; : java.io.EOFException; For more details see:  http://wiki.apache.org/hadoop/EOFException, while invoking $Proxy68.submitRequest over nodeId=omNode-3,nodeAddress=127.0.0.1:15014. Trying to failover after sleeping for 2000ms. Current retry count: 0.
2025-04-23 15:46:35,371 [timer3] WARN  server.GrpcLogAppender (GrpcLogAppender.java:lambda$resetClient$1(221)) - omNode-2@group-523986131536->omNode-3-GrpcLogAppender: Follower failed (request=null, errorCount=2); keep nextIndex (309) unchanged and retry. (Repeated 2 times in the last 5.000s)
2025-04-23 15:46:35,371 [timer2] WARN  server.GrpcLogAppender (LogUtils.java:warn(121)) - omNode-2@group-523986131536->omNode-3-AppendLogResponseHandler: Failed appendEntries (Repeated 18 times in the last 5.001s): org.apache.ratis.thirdparty.io.grpc.StatusRuntimeException: UNAVAILABLE: io exception
2025-04-23 15:46:35,373 [timer5] WARN  server.GrpcLogAppender (GrpcLogAppender.java:lambda$resetClient$1(221)) - omNode-2@group-523986131536->omNode-3-GrpcLogAppender: Follower failed (request=null, errorCount=4); keep nextIndex (310) unchanged and retry. (Repeated 2 times in the last 5.000s)
2025-04-23 15:46:35,392 [timer2] WARN  server.GrpcLogAppender (GrpcLogAppender.java:lambda$resetClient$1(221)) - omNode-2@group-523986131536->omNode-3-GrpcLogAppender: Follower failed (request=null, errorCount=18); keep nextIndex (311) unchanged and retry. (Repeated 14 times in the last 5.000s)
2025-04-23 15:46:35,763 [grpc-default-executor-1] WARN  server.GrpcLogAppender (LogUtils.java:warn(121)) - omNode-2@group-523986131536->omNode-3-AppendLogResponseHandler: Failed appendEntries: org.apache.ratis.thirdparty.io.grpc.StatusRuntimeException: UNAVAILABLE: io exception
2025-04-23 15:46:35,764 [grpc-default-executor-6] WARN  server.GrpcLogAppender (GrpcLogAppender.java:lambda$resetClient$1(221)) - omNode-2@group-523986131536->omNode-3-GrpcLogAppender: Follower failed (request=null, errorCount=19); keep nextIndex (311) unchanged and retry.
2025-04-23 15:46:35,842 [main] INFO  retry.RetryInvocationHandler (RetryInvocationHandler.java:log(426)) - com.google.protobuf.ServiceException: org.apache.hadoop.ipc.RemoteException(org.apache.hadoop.ozone.om.exceptions.OMNotLeaderException): OM:omNode-1 is not the leader. Suggested leader is OM:omNode-2[localhost/127.0.0.1].
	at org.apache.hadoop.ozone.om.ratis.OzoneManagerRatisServer.newOMNotLeaderException(OzoneManagerRatisServer.java:813)
	at org.apache.hadoop.ozone.protocolPB.OzoneManagerProtocolServerSideTranslatorPB.createLeaderErrorException(OzoneManagerProtocolServerSideTranslatorPB.java:201)
	at org.apache.hadoop.ozone.protocolPB.OzoneManagerProtocolServerSideTranslatorPB.submitReadRequestToOM(OzoneManagerProtocolServerSideTranslatorPB.java:194)
	at org.apache.hadoop.ozone.protocolPB.OzoneManagerProtocolServerSideTranslatorPB.internalProcessRequest(OzoneManagerProtocolServerSideTranslatorPB.java:159)
	at org.apache.hadoop.ozone.protocolPB.OzoneManagerProtocolServerSideTranslatorPB.processRequest(OzoneManagerProtocolServerSideTranslatorPB.java:125)
	at org.apache.hadoop.hdds.server.OzoneProtocolMessageDispatcher.processRequest(OzoneProtocolMessageDispatcher.java:87)
	at org.apache.hadoop.ozone.protocolPB.OzoneManagerProtocolServerSideTranslatorPB.submitRequest(OzoneManagerProtocolServerSideTranslatorPB.java:116)
	at org.apache.hadoop.ozone.protocol.proto.OzoneManagerProtocolProtos$OzoneManagerService$2.callBlockingMethod(OzoneManagerProtocolProtos.java)
	at org.apache.hadoop.ipc.ProtobufRpcEngine$Server.processCall(ProtobufRpcEngine.java:484)
	at org.apache.hadoop.ipc.ProtobufRpcEngine2$Server$ProtoBufRpcInvoker.call(ProtobufRpcEngine2.java:595)
	at org.apache.hadoop.ipc.ProtobufRpcEngine2$Server$ProtoBufRpcInvoker.call(ProtobufRpcEngine2.java:573)
	at org.apache.hadoop.ipc.RPC$Server.call(RPC.java:1227)
	at org.apache.hadoop.ipc.Server$RpcCall.run(Server.java:1246)
	at org.apache.hadoop.ipc.Server$RpcCall.run(Server.java:1169)
	at java.base/java.security.AccessController.doPrivileged(AccessController.java:714)
	at java.base/javax.security.auth.Subject.doAs(Subject.java:525)
	at org.apache.hadoop.security.UserGroupInformation.doAs(UserGroupInformation.java:1953)
	at org.apache.hadoop.ipc.Server$Handler.run(Server.java:3198)
, while invoking $Proxy68.submitRequest over nodeId=omNode-1,nodeAddress=127.0.0.1:15006 after 1 failover attempts. Trying to failover immediately. Current retry count: 1.
2025-04-23 15:46:35,850 [main] INFO  om.OzoneManager (OzoneManager.java:stop(2347)) - omNode-3[localhost:15014]: Stopping Ozone Manager
2025-04-23 15:46:35,850 [main] INFO  om.OzoneManager (OzoneManager.java:stop(2347)) - omNode-1[localhost:15006]: Stopping Ozone Manager
2025-04-23 15:46:35,850 [main] INFO  ipc.Server (Server.java:stop(3697)) - Stopping server on 15006
2025-04-23 15:46:35,851 [IPC Server listener on 15006] INFO  ipc.Server (Server.java:run(1585)) - Stopping IPC Server listener on 15006
2025-04-23 15:46:35,854 [IPC Server Responder] INFO  ipc.Server (Server.java:run(1718)) - Stopping IPC Server Responder
2025-04-23 15:46:35,854 [main] INFO  ratis.OzoneManagerRatisServer (OzoneManagerRatisServer.java:stop(634)) - Stopping org.apache.hadoop.ozone.om.ratis.OzoneManagerRatisServer@310335bb at port 15009
2025-04-23 15:46:35,854 [main] INFO  server.RaftServer (RaftServerProxy.java:lambda$close$9(417)) - omNode-1: close
2025-04-23 15:46:35,854 [main] INFO  server.GrpcService (GrpcService.java:closeImpl(343)) - omNode-1: shutdown server GrpcServerProtocolService now
2025-04-23 15:46:35,854 [omNode-1-impl-thread1] INFO  server.RaftServer$Division (RaftServerImpl.java:lambda$close$1(513)) - omNode-1@group-523986131536: shutdown
2025-04-23 15:46:35,854 [omNode-1-impl-thread1] INFO  util.JmxRegister (JmxRegister.java:unregister(74)) - Successfully un-registered JMX Bean with object name Ratis:service=RaftServer,group=group-523986131536,id=omNode-1
2025-04-23 15:46:35,854 [omNode-1-impl-thread1] INFO  impl.RoleInfo (RoleInfo.java:shutdownFollowerState(121)) - omNode-1: shutdown omNode-1@group-523986131536-FollowerState
2025-04-23 15:46:35,854 [omNode-1-impl-thread1] INFO  impl.StateMachineUpdater (StateMachineUpdater.java:stopAndJoin(164)) - omNode-1@group-523986131536-StateMachineUpdater: set stopIndex = 310
2025-04-23 15:46:35,855 [omNode-1@group-523986131536-FollowerState] INFO  impl.FollowerState (FollowerState.java:runImpl(170)) - omNode-1@group-523986131536-FollowerState was interrupted
2025-04-23 15:46:35,855 [grpc-default-executor-2] WARN  server.GrpcLogAppender (LogUtils.java:warn(121)) - omNode-2@group-523986131536->omNode-1-AppendLogResponseHandler: Failed appendEntries: org.apache.ratis.thirdparty.io.grpc.StatusRuntimeException: CANCELLED: RST_STREAM closed stream. HTTP/2 error code: CANCEL
2025-04-23 15:46:35,855 [grpc-default-executor-6] WARN  server.GrpcServerProtocolService (LogUtils.java:warn(121)) - omNode-1: APPEND_ENTRIES onError, lastRequest: null: org.apache.ratis.thirdparty.io.grpc.StatusRuntimeException: CANCELLED: client cancelled
2025-04-23 15:46:35,855 [grpc-default-executor-2] WARN  server.GrpcLogAppender (GrpcLogAppender.java:lambda$resetClient$1(221)) - omNode-2@group-523986131536->omNode-1-GrpcLogAppender: Follower failed (request=null, errorCount=1); keep nextIndex (311) unchanged and retry.
2025-04-23 15:46:35,856 [main] INFO  server.GrpcService (GrpcService.java:closeImpl(352)) - omNode-1: shutdown server GrpcServerProtocolService successfully
2025-04-23 15:46:35,856 [grpc-default-executor-2] WARN  server.GrpcServerProtocolService (LogUtils.java:warn(121)) - omNode-1: APPEND_ENTRIES onError, lastRequest: omNode-2->omNode-1#2-t12,previous=(t:12, i:309),leaderCommit=309,initializing? false,entries: size=1, first=(t:12, i:310), METADATAENTRY(c:309): org.apache.ratis.thirdparty.io.grpc.StatusRuntimeException: CANCELLED: client cancelled
2025-04-23 15:46:35,866 [omNode-1@group-523986131536-StateMachineUpdater] INFO  ratis.OzoneManagerStateMachine (OzoneManagerStateMachine.java:takeSnapshotImpl(510)) - omNode-1: taking snapshot. applied = (t:12, i:310), skipped = 307, notified = (t:12, i:310), current snapshot index = (t:12, i:310), took 11 ms
2025-04-23 15:46:35,866 [omNode-1@group-523986131536-StateMachineUpdater] INFO  impl.StateMachineUpdater (StateMachineUpdater.java:takeSnapshot(303)) - omNode-1@group-523986131536-StateMachineUpdater: Took a snapshot at index 310
2025-04-23 15:46:35,866 [omNode-1@group-523986131536-StateMachineUpdater] INFO  impl.StateMachineUpdater (StateMachineUpdater.java:lambda$new$0(102)) - omNode-1@group-523986131536-StateMachineUpdater: snapshotIndex: updateIncreasingly 302 -> 310
2025-04-23 15:46:35,866 [omNode-1@group-523986131536-StateMachineUpdater] INFO  impl.StateMachineUpdater (StateMachineUpdater.java:stop(141)) - omNode-1@group-523986131536-StateMachineUpdater: closing OzoneManagerStateMachine, lastApplied=(t:12, i:310)
2025-04-23 15:46:35,866 [omNode-1@group-523986131536-StateMachineUpdater] INFO  ratis.OzoneManagerStateMachine (OzoneManagerStateMachine.java:close(550)) - Stopping OzoneManagerStateMachine:omNode-1:group-523986131536.
2025-04-23 15:46:35,866 [omNode-1@group-523986131536-StateMachineUpdater] INFO  ratis.OzoneManagerDoubleBuffer (OzoneManagerDoubleBuffer.java:stopDaemon(500)) - Stopping OMDoubleBuffer flush thread
2025-04-23 15:46:35,866 [omNode-1-OMDoubleBufferFlushThread] INFO  ratis.OzoneManagerDoubleBuffer (OzoneManagerDoubleBuffer.java:canFlush(559)) - OMDoubleBuffer flush thread omNode-1-OMDoubleBufferFlushThread is interrupted and will exit.
2025-04-23 15:46:35,867 [omNode-1@group-523986131536-cacheEviction-AwaitToRun] INFO  util.AwaitToRun (AwaitToRun.java:run(49)) - omNode-1@group-523986131536-cacheEviction-AwaitToRun-AwaitForSignal is interrupted
2025-04-23 15:46:36,394 [omNode-1-impl-thread1] INFO  segmented.SegmentedRaftLogWorker (SegmentedRaftLogWorker.java:close(252)) - omNode-1@group-523986131536-SegmentedRaftLogWorker close()
2025-04-23 15:46:36,394 [JvmPauseMonitor27] INFO  util.JvmPauseMonitor (JvmPauseMonitor.java:run(152)) - JvmPauseMonitor-omNode-1: Stopped
2025-04-23 15:46:36,395 [main] INFO  utils.BackgroundService (BackgroundService.java:shutdown(161)) - Shutting down service KeyDeletingService
2025-04-23 15:46:36,395 [main] INFO  utils.BackgroundService (BackgroundService.java:shutdown(161)) - Shutting down service DirectoryDeletingService
2025-04-23 15:46:36,396 [main] INFO  utils.BackgroundService (BackgroundService.java:shutdown(161)) - Shutting down service OpenKeyCleanupService
2025-04-23 15:46:36,396 [main] INFO  utils.BackgroundService (BackgroundService.java:shutdown(161)) - Shutting down service SstFilteringService
2025-04-23 15:46:36,396 [main] INFO  utils.BackgroundService (BackgroundService.java:shutdown(161)) - Shutting down service SnapshotDeletingService
2025-04-23 15:46:36,397 [main] INFO  utils.BackgroundService (BackgroundService.java:shutdown(161)) - Shutting down service MultipartUploadCleanupService
2025-04-23 15:46:36,397 [main] INFO  handler.ContextHandler (ContextHandler.java:doStop(1159)) - Stopped o.e.j.w.WebAppContext@f8aeb66{ozoneManager,/,null,STOPPED}{file:/home/runner/work/ozone/ozone/hadoop-ozone/integration-test/target/test-classes/webapps/ozoneManager}
2025-04-23 15:46:36,398 [main] INFO  server.AbstractConnector (AbstractConnector.java:doStop(383)) - Stopped ServerConnector@788abc19{HTTP/1.1, (http/1.1)}{0.0.0.0:15007}
2025-04-23 15:46:36,398 [main] INFO  server.session (HouseKeeper.java:stopScavenging(149)) - node0 Stopped scavenging
2025-04-23 15:46:36,398 [main] INFO  handler.ContextHandler (ContextHandler.java:doStop(1159)) - Stopped o.e.j.s.ServletContextHandler@6fc019cb{static,/static,file:///home/runner/work/ozone/ozone/hadoop-ozone/integration-test/target/test-classes/webapps/static,STOPPED}
2025-04-23 15:46:36,398 [main] INFO  handler.ContextHandler (ContextHandler.java:doStop(1159)) - Stopped o.e.j.s.ServletContextHandler@e7908{logs,/logs,file:///home/runner/work/ozone/ozone/hadoop-ozone/integration-test/target/log,STOPPED}
2025-04-23 15:46:36,399 [main] INFO  rocksdiff.RocksDBCheckpointDiffer (RocksDBCheckpointDiffer.java:close(304)) - Shutting down CompactionDagPruningService.
2025-04-23 15:46:36,400 [main] INFO  snapshot.SnapshotDiffManager (SnapshotDiffManager.java:closeExecutorService(1698)) - Shutting down executorService: 'SnapDiffExecutor'
2025-04-23 15:46:36,401 [main] INFO  utils.BackgroundService (BackgroundService.java:shutdown(161)) - Shutting down service SnapshotDiffCleanupService
2025-04-23 15:46:36,401 [main] INFO  om.OzoneManager (OzoneManager.java:stop(2347)) - omNode-2[localhost:15010]: Stopping Ozone Manager
2025-04-23 15:46:36,401 [main] INFO  ipc.Server (Server.java:stop(3697)) - Stopping server on 15010
2025-04-23 15:46:36,403 [IPC Server listener on 15010] INFO  ipc.Server (Server.java:run(1585)) - Stopping IPC Server listener on 15010
2025-04-23 15:46:36,404 [IPC Server Responder] INFO  ipc.Server (Server.java:run(1718)) - Stopping IPC Server Responder
2025-04-23 15:46:36,404 [main] INFO  ratis.OzoneManagerRatisServer (OzoneManagerRatisServer.java:stop(634)) - Stopping org.apache.hadoop.ozone.om.ratis.OzoneManagerRatisServer@2d6c6f6f at port 15013
2025-04-23 15:46:36,404 [main] INFO  server.RaftServer (RaftServerProxy.java:lambda$close$9(417)) - omNode-2: close
2025-04-23 15:46:36,404 [main] INFO  server.GrpcService (GrpcService.java:closeImpl(343)) - omNode-2: shutdown server GrpcServerProtocolService now
2025-04-23 15:46:36,404 [omNode-2-impl-thread1] INFO  server.RaftServer$Division (RaftServerImpl.java:lambda$close$1(513)) - omNode-2@group-523986131536: shutdown
2025-04-23 15:46:36,404 [omNode-2-impl-thread1] INFO  util.JmxRegister (JmxRegister.java:unregister(74)) - Successfully un-registered JMX Bean with object name Ratis:service=RaftServer,group=group-523986131536,id=omNode-2
2025-04-23 15:46:36,404 [omNode-2-impl-thread1] INFO  impl.RoleInfo (RoleInfo.java:shutdownLeaderState(103)) - omNode-2: shutdown omNode-2@group-523986131536-LeaderStateImpl
2025-04-23 15:46:36,404 [omNode-2-impl-thread1] INFO  impl.PendingRequests (PendingRequests.java:sendNotLeaderResponses(287)) - omNode-2@group-523986131536-PendingRequests: sendNotLeaderResponses
2025-04-23 15:46:36,404 [omNode-2@group-523986131536->omNode-1-GrpcLogAppender-LogAppenderDaemon] WARN  server.GrpcLogAppender (GrpcLogAppender.java:mayWait(293)) - omNode-2@group-523986131536->omNode-1-GrpcLogAppender: Wait interrupted by java.lang.InterruptedException
2025-04-23 15:46:36,404 [omNode-2@group-523986131536->omNode-3-GrpcLogAppender-LogAppenderDaemon] WARN  server.GrpcLogAppender (GrpcLogAppender.java:mayWait(293)) - omNode-2@group-523986131536->omNode-3-GrpcLogAppender: Wait interrupted by java.lang.InterruptedException
2025-04-23 15:46:36,405 [omNode-2-impl-thread1] INFO  impl.StateMachineUpdater (StateMachineUpdater.java:stopAndJoin(164)) - omNode-2@group-523986131536-StateMachineUpdater: set stopIndex = 310
2025-04-23 15:46:36,405 [Thread-4774] INFO  server.GrpcServerProtocolClient (GrpcServerProtocolClient.java:close(105)) - omNode-3 Close channels
2025-04-23 15:46:36,406 [Thread-4775] INFO  server.GrpcServerProtocolClient (GrpcServerProtocolClient.java:close(105)) - omNode-1 Close channels
2025-04-23 15:46:36,406 [main] INFO  server.GrpcService (GrpcService.java:closeImpl(352)) - omNode-2: shutdown server GrpcServerProtocolService successfully
2025-04-23 15:46:36,415 [omNode-2@group-523986131536-StateMachineUpdater] INFO  ratis.OzoneManagerStateMachine (OzoneManagerStateMachine.java:takeSnapshotImpl(510)) - omNode-2: taking snapshot. applied = (t:12, i:310), skipped = 307, notified = (t:12, i:310), current snapshot index = (t:12, i:310), took 10 ms
2025-04-23 15:46:36,416 [omNode-2@group-523986131536-StateMachineUpdater] INFO  impl.StateMachineUpdater (StateMachineUpdater.java:takeSnapshot(303)) - omNode-2@group-523986131536-StateMachineUpdater: Took a snapshot at index 310
2025-04-23 15:46:36,416 [omNode-2@group-523986131536-StateMachineUpdater] INFO  impl.StateMachineUpdater (StateMachineUpdater.java:lambda$new$0(102)) - omNode-2@group-523986131536-StateMachineUpdater: snapshotIndex: updateIncreasingly 306 -> 310
2025-04-23 15:46:36,416 [omNode-2@group-523986131536-StateMachineUpdater] INFO  impl.StateMachineUpdater (StateMachineUpdater.java:stop(141)) - omNode-2@group-523986131536-StateMachineUpdater: closing OzoneManagerStateMachine, lastApplied=(t:12, i:310)
2025-04-23 15:46:36,416 [omNode-2@group-523986131536-StateMachineUpdater] INFO  ratis.OzoneManagerStateMachine (OzoneManagerStateMachine.java:close(550)) - Stopping OzoneManagerStateMachine:omNode-2:group-523986131536.
2025-04-23 15:46:36,416 [omNode-2@group-523986131536-StateMachineUpdater] INFO  ratis.OzoneManagerDoubleBuffer (OzoneManagerDoubleBuffer.java:stopDaemon(500)) - Stopping OMDoubleBuffer flush thread
2025-04-23 15:46:36,416 [omNode-2-OMDoubleBufferFlushThread] INFO  ratis.OzoneManagerDoubleBuffer (OzoneManagerDoubleBuffer.java:canFlush(559)) - OMDoubleBuffer flush thread omNode-2-OMDoubleBufferFlushThread is interrupted and will exit.
2025-04-23 15:46:36,416 [omNode-2@group-523986131536-cacheEviction-AwaitToRun] INFO  util.AwaitToRun (AwaitToRun.java:run(49)) - omNode-2@group-523986131536-cacheEviction-AwaitToRun-AwaitForSignal is interrupted
2025-04-23 15:46:37,393 [omNode-2-impl-thread1] INFO  segmented.SegmentedRaftLogWorker (SegmentedRaftLogWorker.java:close(252)) - omNode-2@group-523986131536-SegmentedRaftLogWorker close()
2025-04-23 15:46:37,394 [JvmPauseMonitor28] INFO  util.JvmPauseMonitor (JvmPauseMonitor.java:run(152)) - JvmPauseMonitor-omNode-2: Stopped
2025-04-23 15:46:37,394 [main] INFO  utils.BackgroundService (BackgroundService.java:shutdown(161)) - Shutting down service KeyDeletingService
2025-04-23 15:46:37,395 [main] INFO  utils.BackgroundService (BackgroundService.java:shutdown(161)) - Shutting down service DirectoryDeletingService
2025-04-23 15:46:37,395 [main] INFO  utils.BackgroundService (BackgroundService.java:shutdown(161)) - Shutting down service OpenKeyCleanupService
2025-04-23 15:46:37,396 [main] INFO  utils.BackgroundService (BackgroundService.java:shutdown(161)) - Shutting down service SstFilteringService
2025-04-23 15:46:37,396 [main] INFO  utils.BackgroundService (BackgroundService.java:shutdown(161)) - Shutting down service SnapshotDeletingService
2025-04-23 15:46:37,396 [main] INFO  utils.BackgroundService (BackgroundService.java:shutdown(161)) - Shutting down service MultipartUploadCleanupService
2025-04-23 15:46:37,397 [main] INFO  handler.ContextHandler (ContextHandler.java:doStop(1159)) - Stopped o.e.j.w.WebAppContext@5aa98e0a{ozoneManager,/,null,STOPPED}{file:/home/runner/work/ozone/ozone/hadoop-ozone/integration-test/target/test-classes/webapps/ozoneManager}
2025-04-23 15:46:37,397 [main] INFO  server.AbstractConnector (AbstractConnector.java:doStop(383)) - Stopped ServerConnector@534639f0{HTTP/1.1, (http/1.1)}{0.0.0.0:15011}
2025-04-23 15:46:37,398 [main] INFO  server.session (HouseKeeper.java:stopScavenging(149)) - node0 Stopped scavenging
2025-04-23 15:46:37,398 [main] INFO  handler.ContextHandler (ContextHandler.java:doStop(1159)) - Stopped o.e.j.s.ServletContextHandler@59a20ac3{static,/static,file:///home/runner/work/ozone/ozone/hadoop-ozone/integration-test/target/test-classes/webapps/static,STOPPED}
2025-04-23 15:46:37,398 [main] INFO  handler.ContextHandler (ContextHandler.java:doStop(1159)) - Stopped o.e.j.s.ServletContextHandler@5fc9fcdf{logs,/logs,file:///home/runner/work/ozone/ozone/hadoop-ozone/integration-test/target/log,STOPPED}
2025-04-23 15:46:37,399 [main] INFO  rocksdiff.RocksDBCheckpointDiffer (RocksDBCheckpointDiffer.java:close(304)) - Shutting down CompactionDagPruningService.
2025-04-23 15:46:37,401 [main] INFO  snapshot.SnapshotDiffManager (SnapshotDiffManager.java:closeExecutorService(1698)) - Shutting down executorService: 'SnapDiffExecutor'
2025-04-23 15:46:37,401 [main] INFO  utils.BackgroundService (BackgroundService.java:shutdown(161)) - Shutting down service SnapshotDiffCleanupService
2025-04-23 15:46:37,402 [main] INFO  om.OzoneManager (OzoneManager.java:restart(1878)) - OzoneManager RPC server is listening at localhost/127.0.0.1:15014
2025-04-23 15:46:37,402 [main] INFO  impl.MetricsSystemImpl (MetricsSystemImpl.java:init(158)) - OzoneManager metrics system started (again)
2025-04-23 15:46:37,413 [main] WARN  server.ServerUtils (ServerUtils.java:getDBPath(297)) - ozone.om.db.dirs is not configured. We recommend adding this setting. Falling back to ozone.metadata.dirs instead.
2025-04-23 15:46:37,462 [main] INFO  om.OzoneManager (OzoneManager.java:instantiateServices(933)) - S3 Multi-Tenancy is disabled
2025-04-23 15:46:37,462 [main] INFO  om.OmSnapshotManager (OmSnapshotManager.java:<init>(180)) - Ozone filesystem snapshot feature is enabled.
2025-04-23 15:46:37,462 [main] WARN  server.ServerUtils (ServerUtils.java:getDBPath(297)) - ozone.om.snapshot.diff.db.dir is not configured. We recommend adding this setting. Falling back to ozone.metadata.dirs instead.
2025-04-23 15:46:37,477 [main] WARN  server.ServerUtils (ServerUtils.java:getDefaultRatisDirectory(309)) - Storage directory for Ratis is not configured. It is a good idea to map this to an SSD disk. Falling back to ozone.metadata.dirs
2025-04-23 15:46:37,477 [main] INFO  server.RaftServerConfigKeys (ConfUtils.java:logGet(46)) - raft.server.log.appender.buffer.byte-limit = 4194304 (custom)
2025-04-23 15:46:37,478 [main] INFO  ratis.OzoneManagerRatisServer (OzoneManagerRatisServer.java:<init>(167)) - Instantiating OM Ratis server with groupID: om-service-test1 and peers: localhost:15017, localhost:15009, localhost:15013
2025-04-23 15:46:37,479 [main] INFO  ratis.OzoneManagerStateMachine (OzoneManagerStateMachine.java:loadSnapshotInfoFromDB(611)) - LastAppliedIndex is set from TransactionInfo from OM DB as (t:11, i:308)
2025-04-23 15:46:37,479 [main] INFO  server.RaftServer (ConfUtils.java:logGet(46)) - raft.rpc.type = GRPC (default)
2025-04-23 15:46:37,479 [main] INFO  grpc.GrpcConfigKeys (ConfUtils.java:logFallback(53)) - raft.grpc.admin.host = null (fallback to raft.grpc.server.host)
2025-04-23 15:46:37,479 [main] INFO  grpc.GrpcConfigKeys (ConfUtils.java:logFallback(53)) - raft.grpc.admin.port = 15017 (fallback to raft.grpc.server.port)
2025-04-23 15:46:37,479 [main] INFO  grpc.GrpcConfigKeys (ConfUtils.java:logFallback(53)) - raft.grpc.client.host = null (fallback to raft.grpc.server.host)
2025-04-23 15:46:37,479 [main] INFO  grpc.GrpcConfigKeys (ConfUtils.java:logFallback(53)) - raft.grpc.client.port = 15017 (fallback to raft.grpc.server.port)
2025-04-23 15:46:37,480 [main] INFO  grpc.GrpcConfigKeys (ConfUtils.java:logGet(46)) - raft.grpc.server.host = null (default)
2025-04-23 15:46:37,480 [main] INFO  grpc.GrpcConfigKeys (ConfUtils.java:logGet(46)) - raft.grpc.server.port = 15017 (custom)
2025-04-23 15:46:37,480 [main] INFO  server.GrpcService (ConfUtils.java:logGet(46)) - raft.grpc.message.size.max = 5242880 (custom)
2025-04-23 15:46:37,480 [main] INFO  server.GrpcService (ConfUtils.java:logGet(46)) - raft.grpc.flow.control.window = 1MB (=1048576) (default)
2025-04-23 15:46:37,480 [main] INFO  server.RaftServerConfigKeys (ConfUtils.java:logGet(46)) - raft.server.rpc.request.timeout = 3000ms (default)
2025-04-23 15:46:37,480 [main] INFO  grpc.GrpcConfigKeys (ConfUtils.java:logGet(46)) - raft.grpc.server.heartbeat.channel = true (default)
2025-04-23 15:46:37,480 [main] INFO  server.RaftServerConfigKeys (ConfUtils.java:logGet(46)) - raft.server.log.appender.buffer.byte-limit = 4194304 (custom)
2025-04-23 15:46:37,480 [main] INFO  grpc.GrpcConfigKeys (ConfUtils.java:logGet(46)) - raft.grpc.server.async.request.thread.pool.cached = true (default)
2025-04-23 15:46:37,480 [main] INFO  grpc.GrpcConfigKeys (ConfUtils.java:logGet(46)) - raft.grpc.server.async.request.thread.pool.size = 32 (default)
2025-04-23 15:46:37,481 [main] INFO  impl.DataStreamServerImpl (ConfUtils.java:logGet(46)) - raft.datastream.type = DISABLED (default)
2025-04-23 15:46:37,481 [main] INFO  server.RaftServerConfigKeys (ConfUtils.java:logGet(46)) - raft.server.sleep.deviation.threshold = 300ms (default)
2025-04-23 15:46:37,481 [main] INFO  server.RaftServerConfigKeys (ConfUtils.java:logGet(46)) - raft.server.close.threshold = 60s (default)
2025-04-23 15:46:37,481 [main] INFO  server.RaftServerConfigKeys (ConfUtils.java:logGet(46)) - raft.server.leaderelection.leader.step-down.wait-time = 10s (default)
2025-04-23 15:46:37,481 [main] INFO  server.RaftServerConfigKeys (ConfUtils.java:logGet(46)) - raft.server.storage.dir = [/home/runner/work/ozone/ozone/hadoop-ozone/integration-test/target/test-dir/MiniOzoneClusterImpl-5cf50c17-c591-473f-a8c4-88d8665d28d7/omNode-3/ratis] (custom)
2025-04-23 15:46:37,482 [main] INFO  server.RaftServerConfigKeys (ConfUtils.java:logGet(46)) - raft.server.threadpool.proxy.cached = true (default)
2025-04-23 15:46:37,482 [main] INFO  server.RaftServerConfigKeys (ConfUtils.java:logGet(46)) - raft.server.threadpool.proxy.size = 0 (default)
2025-04-23 15:46:37,482 [omNode-3-impl-thread1] INFO  server.RaftServer (RaftServerProxy.java:initGroupDir(265)) - omNode-3: found a subdirectory /home/runner/work/ozone/ozone/hadoop-ozone/integration-test/target/test-dir/MiniOzoneClusterImpl-5cf50c17-c591-473f-a8c4-88d8665d28d7/omNode-3/ratis/c9bc4cf4-3bc3-3c60-a66b-523986131536
2025-04-23 15:46:37,482 [main] INFO  server.RaftServer (RaftServerProxy.java:addNew(100)) - omNode-3: addNew group-523986131536:[omNode-3|localhost:15017, omNode-1|localhost:15009, omNode-2|localhost:15013] returns group-523986131536:java.util.concurrent.CompletableFuture@94f582b[Not completed]
2025-04-23 15:46:37,482 [main] INFO  om.OzoneManager (OzoneManager.java:initializeRatisServer(2303)) - OzoneManager Ratis server initialized at port 15017
2025-04-23 15:46:37,483 [main] INFO  ratis.OzoneManagerRatisServer (OzoneManagerRatisServer.java:start(628)) - Starting OzoneManagerRatisServer omNode-3 at port 15017
2025-04-23 15:46:37,482 [omNode-3-groupManagement] INFO  server.RaftServer$Division (RaftServerImpl.java:<init>(255)) - omNode-3: new RaftServerImpl for group-523986131536:[omNode-3|localhost:15017, omNode-1|localhost:15009, omNode-2|localhost:15013] with OzoneManagerStateMachine:uninitialized
2025-04-23 15:46:37,483 [omNode-3-groupManagement] INFO  server.RaftServerConfigKeys (ConfUtils.java:logGet(46)) - raft.server.rpc.timeout.min = 1s (custom)
2025-04-23 15:46:37,483 [omNode-3-groupManagement] INFO  server.RaftServerConfigKeys (ConfUtils.java:logGet(46)) - raft.server.rpc.timeout.max = 1200ms (custom)
2025-04-23 15:46:37,483 [omNode-3-groupManagement] INFO  server.RaftServerConfigKeys (ConfUtils.java:logGet(46)) - raft.server.rpc.sleep.time = 25ms (default)
2025-04-23 15:46:37,483 [omNode-3-groupManagement] INFO  server.RaftServerConfigKeys (ConfUtils.java:logGet(46)) - raft.server.rpc.slowness.timeout = 2s (custom)
2025-04-23 15:46:37,483 [omNode-3-groupManagement] INFO  server.RaftServerConfigKeys (ConfUtils.java:logGet(46)) - raft.server.leaderelection.leader.step-down.wait-time = 10s (default)
2025-04-23 15:46:37,483 [omNode-3-groupManagement] INFO  server.RaftServerConfigKeys (ConfUtils.java:logGet(46)) - raft.server.leaderelection.member.majority-add = false (default)
2025-04-23 15:46:37,483 [omNode-3-groupManagement] INFO  server.RaftServerConfigKeys (ConfUtils.java:logGet(46)) - raft.server.sleep.deviation.threshold = 300ms (default)
2025-04-23 15:46:37,483 [omNode-3-groupManagement] INFO  server.RaftServer$Division (ServerState.java:<init>(114)) - omNode-3@group-523986131536: ConfigurationManager, init=conf: {index: -1, cur=peers:[omNode-3|localhost:15017, omNode-1|localhost:15009, omNode-2|localhost:15013]|listeners:[], old=null}, confs=<EMPTY_MAP>
2025-04-23 15:46:37,483 [omNode-3-groupManagement] INFO  server.RaftServerConfigKeys (ConfUtils.java:logGet(46)) - raft.server.notification.no-leader.timeout = 2s (custom)
2025-04-23 15:46:37,483 [omNode-3-groupManagement] INFO  server.RaftServerConfigKeys (ConfUtils.java:logGet(46)) - raft.server.read.timeout = 10s (default)
2025-04-23 15:46:37,483 [omNode-3-groupManagement] INFO  server.RaftServerConfigKeys (ConfUtils.java:logGet(46)) - raft.server.retrycache.expirytime = 30000ms (custom)
2025-04-23 15:46:37,483 [omNode-3-groupManagement] INFO  server.RaftServerConfigKeys (ConfUtils.java:logGet(46)) - raft.server.retrycache.statistics.expirytime = 100ms (default)
2025-04-23 15:46:37,483 [omNode-3-groupManagement] INFO  server.RaftServerConfigKeys (ConfUtils.java:logGet(46)) - raft.server.read.option = DEFAULT (default)
2025-04-23 15:46:37,483 [omNode-3-groupManagement] INFO  server.RaftServerConfigKeys (ConfUtils.java:logGet(46)) - raft.server.read.read-after-write-consistent.write-index-cache.expiry-time = 60s (default)
2025-04-23 15:46:37,484 [omNode-3-groupManagement] INFO  server.RaftServerConfigKeys (ConfUtils.java:logGet(46)) - raft.server.rpc.request.timeout = 3000ms (default)
2025-04-23 15:46:37,485 [omNode-3-groupManagement] INFO  server.RaftServerConfigKeys (ConfUtils.java:logGet(46)) - raft.server.log.appender.install.snapshot.enabled = false (custom)
2025-04-23 15:46:37,485 [omNode-3-groupManagement] INFO  server.RaftServerConfigKeys (ConfUtils.java:logGet(46)) - raft.server.threadpool.server.cached = true (default)
2025-04-23 15:46:37,485 [omNode-3-groupManagement] INFO  server.RaftServerConfigKeys (ConfUtils.java:logGet(46)) - raft.server.threadpool.server.size = 0 (default)
2025-04-23 15:46:37,485 [omNode-3-groupManagement] INFO  server.RaftServerConfigKeys (ConfUtils.java:logGet(46)) - raft.server.threadpool.client.cached = true (default)
2025-04-23 15:46:37,485 [omNode-3-groupManagement] INFO  server.RaftServerConfigKeys (ConfUtils.java:logGet(46)) - raft.server.threadpool.client.size = 0 (default)
2025-04-23 15:46:37,485 [omNode-3-impl-thread1] INFO  server.RaftServerConfigKeys (ConfUtils.java:logGet(46)) - raft.server.storage.free-space.min = 0MB (=0) (default)
2025-04-23 15:46:37,485 [omNode-3-impl-thread1] INFO  server.RaftServerConfigKeys (ConfUtils.java:logGet(46)) - raft.server.log.corruption.policy = EXCEPTION (default)
2025-04-23 15:46:37,485 [omNode-3-impl-thread1] INFO  server.RaftServerConfigKeys (ConfUtils.java:logGet(46)) - raft.server.storage.dir = [/home/runner/work/ozone/ozone/hadoop-ozone/integration-test/target/test-dir/MiniOzoneClusterImpl-5cf50c17-c591-473f-a8c4-88d8665d28d7/omNode-3/ratis] (custom)
2025-04-23 15:46:37,486 [omNode-3-impl-thread1] INFO  storage.RaftStorageDirectory (RaftStorageDirectoryImpl.java:tryLock(229)) - Lock on /home/runner/work/ozone/ozone/hadoop-ozone/integration-test/target/test-dir/MiniOzoneClusterImpl-5cf50c17-c591-473f-a8c4-88d8665d28d7/omNode-3/ratis/c9bc4cf4-3bc3-3c60-a66b-523986131536/in_use.lock acquired by nodename 129659@fv-az1337-835
2025-04-23 15:46:37,486 [omNode-3-impl-thread1] INFO  storage.RaftStorage (RaftStorageImpl.java:analyzeAndRecoverStorage(118)) - Read RaftStorageMetadata{term=11, votedFor=omNode-3} from /home/runner/work/ozone/ozone/hadoop-ozone/integration-test/target/test-dir/MiniOzoneClusterImpl-5cf50c17-c591-473f-a8c4-88d8665d28d7/omNode-3/ratis/c9bc4cf4-3bc3-3c60-a66b-523986131536/current/raft-meta
2025-04-23 15:46:37,486 [omNode-3-impl-thread1] INFO  server.RaftServer$Division (ServerState.java:setRaftConf(386)) - omNode-3@group-523986131536: set configuration conf: {index: 107, cur=peers:[omNode-3|localhost:15017, omNode-1|localhost:15009, omNode-2|localhost:15013]|listeners:[], old=null}
2025-04-23 15:46:37,486 [omNode-3-impl-thread1] INFO  ratis.OzoneManagerStateMachine (OzoneManagerStateMachine.java:lambda$0(138)) - omNode-3: initialize group-523986131536 with (t:11, i:308)
2025-04-23 15:46:37,486 [omNode-3-impl-thread1] INFO  server.RaftServerConfigKeys (ConfUtils.java:logGet(46)) - raft.server.log.use.memory = false (default)
2025-04-23 15:46:37,487 [omNode-3-impl-thread1] INFO  server.RaftServerConfigKeys (ConfUtils.java:logGet(46)) - raft.server.log.purge.gap = 50 (custom)
2025-04-23 15:46:37,487 [omNode-3-impl-thread1] INFO  server.RaftServerConfigKeys (ConfUtils.java:logGet(46)) - raft.server.log.appender.buffer.byte-limit = 4194304 (custom)
2025-04-23 15:46:37,487 [omNode-3-impl-thread1] INFO  server.RaftServerConfigKeys (ConfUtils.java:logGet(46)) - raft.server.log.statemachine.data.read.timeout = 1000ms (default)
2025-04-23 15:46:37,487 [omNode-3-impl-thread1] INFO  server.RaftServerConfigKeys (ConfUtils.java:logGet(46)) - raft.server.log.purge.preservation.log.num = 0 (default)
2025-04-23 15:46:37,487 [omNode-3-impl-thread1] INFO  server.RaftServerConfigKeys (ConfUtils.java:logGet(46)) - raft.server.log.segment.size.max = 4194304 (custom)
2025-04-23 15:46:37,488 [omNode-3-impl-thread1] INFO  server.RaftServerConfigKeys (ConfUtils.java:logGet(46)) - raft.server.log.segment.cache.num.max = 2 (custom)
2025-04-23 15:46:37,488 [omNode-3-impl-thread1] INFO  server.RaftServerConfigKeys (ConfUtils.java:logGet(46)) - raft.server.log.segment.cache.size.max = 200MB (=209715200) (default)
2025-04-23 15:46:37,488 [omNode-3-impl-thread1] INFO  server.RaftServerConfigKeys (ConfUtils.java:logGet(46)) - raft.server.log.appender.buffer.byte-limit = 4194304 (custom)
2025-04-23 15:46:37,490 [omNode-3-impl-thread1] INFO  util.AwaitToRun (AwaitToRun.java:start(81)) - Thread[#5614,omNode-3@group-523986131536-cacheEviction-AwaitToRun,5,main] started
2025-04-23 15:46:37,490 [omNode-3-impl-thread1] INFO  segmented.SegmentedRaftLogWorker (SegmentedRaftLogWorker.java:<init>(188)) - new omNode-3@group-523986131536-SegmentedRaftLogWorker for RaftStorageImpl:Storage Directory /home/runner/work/ozone/ozone/hadoop-ozone/integration-test/target/test-dir/MiniOzoneClusterImpl-5cf50c17-c591-473f-a8c4-88d8665d28d7/omNode-3/ratis/c9bc4cf4-3bc3-3c60-a66b-523986131536
2025-04-23 15:46:37,490 [omNode-3-impl-thread1] INFO  server.RaftServerConfigKeys (ConfUtils.java:logGet(46)) - raft.server.log.queue.byte-limit = 64MB (=67108864) (default)
2025-04-23 15:46:37,490 [omNode-3-impl-thread1] INFO  server.RaftServerConfigKeys (ConfUtils.java:logGet(46)) - raft.server.log.queue.element-limit = 4096 (default)
2025-04-23 15:46:37,490 [omNode-3-impl-thread1] INFO  server.RaftServerConfigKeys (ConfUtils.java:logGet(46)) - raft.server.log.segment.size.max = 4194304 (custom)
2025-04-23 15:46:37,490 [omNode-3-impl-thread1] INFO  server.RaftServerConfigKeys (ConfUtils.java:logGet(46)) - raft.server.log.preallocated.size = 4194304 (custom)
2025-04-23 15:46:37,490 [omNode-3-impl-thread1] INFO  server.RaftServerConfigKeys (ConfUtils.java:logGet(46)) - raft.server.log.force.sync.num = 128 (default)
2025-04-23 15:46:37,490 [omNode-3-impl-thread1] INFO  server.RaftServerConfigKeys (ConfUtils.java:logGet(46)) - raft.server.log.statemachine.data.sync = true (default)
2025-04-23 15:46:37,490 [omNode-3-impl-thread1] INFO  server.RaftServerConfigKeys (ConfUtils.java:logGet(46)) - raft.server.log.statemachine.data.sync.timeout = 10s (default)
2025-04-23 15:46:37,490 [omNode-3-impl-thread1] INFO  server.RaftServerConfigKeys (ConfUtils.java:logGet(46)) - raft.server.log.statemachine.data.sync.timeout.retry = -1 (default)
2025-04-23 15:46:37,490 [omNode-3-impl-thread1] INFO  server.RaftServerConfigKeys (ConfUtils.java:logGet(46)) - raft.server.log.write.buffer.size = 4194312 (custom)
2025-04-23 15:46:37,491 [omNode-3-impl-thread1] INFO  server.RaftServerConfigKeys (ConfUtils.java:logGet(46)) - raft.server.log.appender.buffer.byte-limit = 4194304 (custom)
2025-04-23 15:46:37,491 [omNode-3-impl-thread1] INFO  server.RaftServerConfigKeys (ConfUtils.java:logGet(46)) - raft.server.log.unsafe-flush.enabled = false (default)
2025-04-23 15:46:37,491 [omNode-3-impl-thread1] INFO  server.RaftServerConfigKeys (ConfUtils.java:logGet(46)) - raft.server.log.async-flush.enabled = false (default)
2025-04-23 15:46:37,491 [omNode-3-impl-thread1] INFO  server.RaftServerConfigKeys (ConfUtils.java:logGet(46)) - raft.server.log.statemachine.data.caching.enabled = false (default)
2025-04-23 15:46:37,491 [omNode-3-impl-thread1] INFO  server.RaftServer$Division (ServerState.java:setRaftConf(386)) - omNode-3@group-523986131536: set configuration conf: {index: 107, cur=peers:[omNode-3|localhost:15017, omNode-1|localhost:15009, omNode-2|localhost:15013]|listeners:[], old=null}
2025-04-23 15:46:37,492 [omNode-3-impl-thread1] INFO  segmented.LogSegment (LogSegment.java:loadSegment(171)) - Successfully read 202 entries from segment file /home/runner/work/ozone/ozone/hadoop-ozone/integration-test/target/test-dir/MiniOzoneClusterImpl-5cf50c17-c591-473f-a8c4-88d8665d28d7/omNode-3/ratis/c9bc4cf4-3bc3-3c60-a66b-523986131536/current/log_inprogress_107
2025-04-23 15:46:37,493 [omNode-3-impl-thread1] INFO  segmented.SegmentedRaftLogWorker (SegmentedRaftLogWorker.java:lambda$new$0(139)) - omNode-3@group-523986131536-SegmentedRaftLogWorker: flushIndex: setUnconditionally 0 -> 308
2025-04-23 15:46:37,493 [omNode-3-impl-thread1] INFO  segmented.SegmentedRaftLogWorker (SegmentedRaftLogWorker.java:lambda$new$0(139)) - omNode-3@group-523986131536-SegmentedRaftLogWorker: safeCacheEvictIndex: setUnconditionally 0 -> -1
2025-04-23 15:46:37,493 [omNode-3-impl-thread1] INFO  segmented.BufferedWriteChannel (BufferedWriteChannel.java:open(61)) - open log_inprogress_107 (append) at position 19586
2025-04-23 15:46:37,493 [omNode-3-impl-thread1] INFO  raftlog.RaftLog (RaftLogBase.java:lambda$new$0(54)) - omNode-3@group-523986131536-SegmentedRaftLog: purgeIndex: updateToMax old=-1, new=106, updated? true
2025-04-23 15:46:37,493 [omNode-3-impl-thread1] INFO  server.RaftServer$Division (RaftServerImpl.java:start(391)) - omNode-3@group-523986131536: start as a follower, conf=conf: {index: 107, cur=peers:[omNode-3|localhost:15017, omNode-1|localhost:15009, omNode-2|localhost:15013]|listeners:[], old=null}
2025-04-23 15:46:37,493 [omNode-3-impl-thread1] INFO  server.RaftServer$Division (RaftServerImpl.java:setRole(378)) - omNode-3@group-523986131536: changes role from      null to FOLLOWER at term 11 for startAsFollower
2025-04-23 15:46:37,493 [omNode-3-impl-thread1] INFO  impl.RoleInfo (RoleInfo.java:updateAndGet(148)) - omNode-3: start omNode-3@group-523986131536-FollowerState
2025-04-23 15:46:37,493 [omNode-3@group-523986131536-FollowerState] INFO  server.RaftServerConfigKeys (ConfUtils.java:logFallback(53)) - raft.server.rpc.first-election.timeout.min = 1s (fallback to raft.server.rpc.timeout.min)
2025-04-23 15:46:37,493 [omNode-3@group-523986131536-FollowerState] INFO  server.RaftServerConfigKeys (ConfUtils.java:logFallback(53)) - raft.server.rpc.first-election.timeout.max = 1200ms (fallback to raft.server.rpc.timeout.max)
2025-04-23 15:46:37,494 [omNode-3-impl-thread1] INFO  util.JmxRegister (JmxRegister.java:tryRegister(44)) - Successfully registered JMX Bean with object name Ratis:service=RaftServer,group=group-523986131536,id=omNode-3
2025-04-23 15:46:37,494 [omNode-3-impl-thread1] INFO  util.JmxRegister (JmxRegister.java:register(58)) - register mxBean class org.apache.ratis.server.impl.RaftServerJmxAdapter as Ratis:service=RaftServer,group=group-523986131536,id=omNode-3
2025-04-23 15:46:37,494 [omNode-3-impl-thread1] INFO  server.RaftServerConfigKeys (ConfUtils.java:logGet(46)) - raft.server.snapshot.trigger-when-stop.enabled = true (default)
2025-04-23 15:46:37,494 [omNode-3-impl-thread1] INFO  server.RaftServerConfigKeys (ConfUtils.java:logGet(46)) - raft.server.snapshot.trigger-when-remove.enabled = true (default)
2025-04-23 15:46:37,494 [omNode-3-impl-thread1] INFO  server.RaftServerConfigKeys (ConfUtils.java:logGet(46)) - raft.server.snapshot.auto.trigger.enabled = true (custom)
2025-04-23 15:46:37,494 [omNode-3-impl-thread1] INFO  server.RaftServerConfigKeys (ConfUtils.java:logGet(46)) - raft.server.snapshot.auto.trigger.threshold = 50 (custom)
2025-04-23 15:46:37,494 [omNode-3-impl-thread1] INFO  server.RaftServerConfigKeys (ConfUtils.java:logGet(46)) - raft.server.snapshot.retention.file.num = -1 (default)
2025-04-23 15:46:37,494 [omNode-3-impl-thread1] INFO  server.RaftServerConfigKeys (ConfUtils.java:logGet(46)) - raft.server.log.purge.upto.snapshot.index = true (custom)
2025-04-23 15:46:37,494 [omNode-3-impl-thread1] INFO  server.RaftServer$Division (RaftServerImpl.java:start(405)) - omNode-3@group-523986131536: Successfully started.
2025-04-23 15:46:37,494 [main] INFO  server.RaftServer (RaftServerProxy.java:startImpl(407)) - omNode-3: start RPC server
2025-04-23 15:46:37,495 [main] INFO  server.GrpcService (GrpcService.java:startImpl(334)) - omNode-3: GrpcService started, listening on 15017
2025-04-23 15:46:37,496 [JvmPauseMonitor29] INFO  util.JvmPauseMonitor (JvmPauseMonitor.java:run(146)) - JvmPauseMonitor-omNode-3: Started
2025-04-23 15:46:37,496 [main] INFO  om.OzoneManager (OzoneManager.java:getRpcServer(1360)) - Creating RPC Server
2025-04-23 15:46:37,853 [main] INFO  reflections.Reflections (Reflections.java:scan(219)) - Reflections took 357 ms to scan 22 urls, producing 61 keys and 7422 values
2025-04-23 15:46:37,854 [main] INFO  ipc.CallQueueManager (CallQueueManager.java:<init>(93)) - Using callQueue: class java.util.concurrent.LinkedBlockingQueue, queueCapacity: 2000, scheduler: class org.apache.hadoop.ipc.DefaultRpcScheduler, ipcBackoff: false, ipcFailOver: false.
2025-04-23 15:46:37,854 [main] INFO  ipc.Server (Server.java:<init>(1438)) - Listener at localhost:15014
2025-04-23 15:46:37,854 [Socket Reader #1 for port 15014] INFO  ipc.Server (Server.java:run(1474)) - Starting Socket Reader #1 for port 15014
2025-04-23 15:46:37,854 [Socket Reader #2 for port 15014] INFO  ipc.Server (Server.java:run(1474)) - Starting Socket Reader #2 for port 15014
2025-04-23 15:46:37,855 [Socket Reader #3 for port 15014] INFO  ipc.Server (Server.java:run(1474)) - Starting Socket Reader #3 for port 15014
2025-04-23 15:46:37,855 [Socket Reader #4 for port 15014] INFO  ipc.Server (Server.java:run(1474)) - Starting Socket Reader #4 for port 15014
2025-04-23 15:46:37,855 [Socket Reader #5 for port 15014] INFO  ipc.Server (Server.java:run(1474)) - Starting Socket Reader #5 for port 15014
2025-04-23 15:46:37,855 [Socket Reader #6 for port 15014] INFO  ipc.Server (Server.java:run(1474)) - Starting Socket Reader #6 for port 15014
2025-04-23 15:46:37,855 [Socket Reader #7 for port 15014] INFO  ipc.Server (Server.java:run(1474)) - Starting Socket Reader #7 for port 15014
2025-04-23 15:46:37,855 [Socket Reader #8 for port 15014] INFO  ipc.Server (Server.java:run(1474)) - Starting Socket Reader #8 for port 15014
2025-04-23 15:46:37,855 [Socket Reader #9 for port 15014] INFO  ipc.Server (Server.java:run(1474)) - Starting Socket Reader #9 for port 15014
2025-04-23 15:46:37,855 [Socket Reader #10 for port 15014] INFO  ipc.Server (Server.java:run(1474)) - Starting Socket Reader #10 for port 15014
2025-04-23 15:46:37,857 [main] INFO  http.BaseHttpServer (BaseHttpServer.java:newHttpServer2BuilderForOzone(229)) - Starting Web-server for ozoneManager at: http://0.0.0.0:15015
2025-04-23 15:46:37,857 [main] INFO  http.BaseHttpServer (BaseHttpServer.java:<init>(107)) - Hadoop Security Enabled: false Ozone Security Enabled: false Ozone HTTP Security Enabled: false 
2025-04-23 15:46:37,858 [main] WARN  server.AuthenticationFilter (AuthenticationFilter.java:constructSecretProvider(240)) - Unable to initialize FileSignerSecretProvider, falling back to use random secrets. Reason: Could not read signature secret file: /home/runner/hadoop-http-auth-signature-secret
2025-04-23 15:46:37,860 [main] INFO  http.HttpServer2 (HttpServer2.java:addGlobalFilter(1041)) - Added global filter 'safety' (class=org.apache.hadoop.hdds.server.http.HttpServer2$QuotingInputFilter)
2025-04-23 15:46:37,860 [main] INFO  http.HttpServer2 (HttpServer2.java:addFilter(1017)) - Added filter static_user_filter (class=org.apache.hadoop.http.lib.StaticUserWebFilter$StaticUserFilter) to context ozoneManager
2025-04-23 15:46:37,860 [main] INFO  http.HttpServer2 (HttpServer2.java:addFilter(1025)) - Added filter static_user_filter (class=org.apache.hadoop.http.lib.StaticUserWebFilter$StaticUserFilter) to context logs
2025-04-23 15:46:37,860 [main] INFO  http.HttpServer2 (HttpServer2.java:addFilter(1025)) - Added filter static_user_filter (class=org.apache.hadoop.http.lib.StaticUserWebFilter$StaticUserFilter) to context static
2025-04-23 15:46:37,861 [main] INFO  http.BaseHttpServer (BaseHttpServer.java:<init>(195)) - HTTP server of ozoneManager uses base directory /home/runner/work/ozone/ozone/hadoop-ozone/integration-test/target/test-dir/MiniOzoneClusterImpl-5cf50c17-c591-473f-a8c4-88d8665d28d7/omNode-3/webserver
2025-04-23 15:46:37,861 [main] INFO  http.HttpServer2 (HttpServer2.java:bindListener(1241)) - Jetty bound to port 15015
2025-04-23 15:46:37,861 [main] INFO  server.Server (Server.java:doStart(375)) - jetty-9.4.57.v20241219; built: 2025-01-08T21:24:30.412Z; git: df524e6b29271c2e09ba9aea83c18dc9db464a31; jvm 21.0.7+6-LTS
2025-04-23 15:46:37,863 [main] INFO  server.session (DefaultSessionIdManager.java:doStart(334)) - DefaultSessionIdManager workerName=node0
2025-04-23 15:46:37,863 [main] INFO  server.session (DefaultSessionIdManager.java:doStart(339)) - No SessionScavenger set, using defaults
2025-04-23 15:46:37,863 [main] INFO  server.session (HouseKeeper.java:startScavenging(132)) - node0 Scavenging every 600000ms
2025-04-23 15:46:37,864 [main] INFO  handler.ContextHandler (ContextHandler.java:doStart(921)) - Started o.e.j.s.ServletContextHandler@482b7363{logs,/logs,file:///home/runner/work/ozone/ozone/hadoop-ozone/integration-test/target/log,AVAILABLE}
2025-04-23 15:46:37,864 [main] INFO  handler.ContextHandler (ContextHandler.java:doStart(921)) - Started o.e.j.s.ServletContextHandler@628c9281{static,/static,file:///home/runner/work/ozone/ozone/hadoop-ozone/integration-test/target/test-classes/webapps/static,AVAILABLE}
2025-04-23 15:46:37,868 [main] INFO  handler.ContextHandler (ContextHandler.java:doStart(921)) - Started o.e.j.w.WebAppContext@9f7649f{ozoneManager,/,file:///home/runner/work/ozone/ozone/hadoop-ozone/integration-test/target/test-classes/webapps/ozoneManager/,AVAILABLE}{file:/home/runner/work/ozone/ozone/hadoop-ozone/integration-test/target/test-classes/webapps/ozoneManager}
2025-04-23 15:46:37,869 [main] INFO  server.AbstractConnector (AbstractConnector.java:doStart(333)) - Started ServerConnector@4333970{HTTP/1.1, (http/1.1)}{0.0.0.0:15015}
2025-04-23 15:46:37,869 [main] INFO  server.Server (Server.java:doStart(415)) - Started @132851ms
2025-04-23 15:46:37,869 [main] WARN  impl.MetricsSystemImpl (MetricsSystemImpl.java:register(279)) - Sink prometheus already exists!
2025-04-23 15:46:37,869 [main] INFO  http.BaseHttpServer (BaseHttpServer.java:updateConnectorAddress(360)) - HTTP server of ozoneManager listening at http://0.0.0.0:15015
2025-04-23 15:46:37,870 [IPC Server Responder] INFO  ipc.Server (Server.java:run(1713)) - IPC Server Responder: starting
2025-04-23 15:46:37,870 [IPC Server listener on 15014] INFO  ipc.Server (Server.java:run(1553)) - IPC Server listener on 15014: starting
2025-04-23 15:46:37,872 [main] INFO  om.OzoneManager (OzoneManager.java:startTrashEmptier(2257)) - Trash Interval set to 0. Files deleted won't move to trash
2025-04-23 15:46:37,872 [main] INFO  om.OzoneManager (OzoneManager.java:restart(1878)) - OzoneManager RPC server is listening at localhost/127.0.0.1:15006
2025-04-23 15:46:37,872 [main] INFO  impl.MetricsSystemImpl (MetricsSystemImpl.java:init(158)) - OzoneManager metrics system started (again)
2025-04-23 15:46:37,883 [main] WARN  server.ServerUtils (ServerUtils.java:getDBPath(297)) - ozone.om.db.dirs is not configured. We recommend adding this setting. Falling back to ozone.metadata.dirs instead.
2025-04-23 15:46:37,922 [main] INFO  om.OzoneManager (OzoneManager.java:instantiateServices(933)) - S3 Multi-Tenancy is disabled
2025-04-23 15:46:37,923 [main] INFO  om.OmSnapshotManager (OmSnapshotManager.java:<init>(180)) - Ozone filesystem snapshot feature is enabled.
2025-04-23 15:46:37,923 [main] WARN  server.ServerUtils (ServerUtils.java:getDBPath(297)) - ozone.om.snapshot.diff.db.dir is not configured. We recommend adding this setting. Falling back to ozone.metadata.dirs instead.
2025-04-23 15:46:37,939 [main] WARN  dropwizard3.Dm3MetricRegistriesImpl (Dm3MetricRegistriesImpl.java:addReporterRegistration(114)) - New reporters are added after registries were created. Some metrics will be missing from the reporter. Please add reporter before adding any new registry.
2025-04-23 15:46:37,939 [main] WARN  dropwizard3.Dm3MetricRegistriesImpl (Dm3MetricRegistriesImpl.java:addReporterRegistration(114)) - New reporters are added after registries were created. Some metrics will be missing from the reporter. Please add reporter before adding any new registry.
2025-04-23 15:46:37,939 [main] WARN  server.ServerUtils (ServerUtils.java:getDefaultRatisDirectory(309)) - Storage directory for Ratis is not configured. It is a good idea to map this to an SSD disk. Falling back to ozone.metadata.dirs
2025-04-23 15:46:37,939 [main] INFO  server.RaftServerConfigKeys (ConfUtils.java:logGet(46)) - raft.server.log.appender.buffer.byte-limit = 4194304 (custom)
2025-04-23 15:46:37,940 [main] INFO  ratis.OzoneManagerRatisServer (OzoneManagerRatisServer.java:<init>(167)) - Instantiating OM Ratis server with groupID: om-service-test1 and peers: localhost:15009, localhost:15017, localhost:15013
2025-04-23 15:46:37,940 [main] INFO  ratis.OzoneManagerStateMachine (OzoneManagerStateMachine.java:loadSnapshotInfoFromDB(611)) - LastAppliedIndex is set from TransactionInfo from OM DB as (t:12, i:310)
2025-04-23 15:46:37,941 [main] INFO  server.RaftServer (ConfUtils.java:logGet(46)) - raft.rpc.type = GRPC (default)
2025-04-23 15:46:37,941 [main] INFO  grpc.GrpcConfigKeys (ConfUtils.java:logFallback(53)) - raft.grpc.admin.host = null (fallback to raft.grpc.server.host)
2025-04-23 15:46:37,941 [main] INFO  grpc.GrpcConfigKeys (ConfUtils.java:logFallback(53)) - raft.grpc.admin.port = 15009 (fallback to raft.grpc.server.port)
2025-04-23 15:46:37,941 [main] INFO  grpc.GrpcConfigKeys (ConfUtils.java:logFallback(53)) - raft.grpc.client.host = null (fallback to raft.grpc.server.host)
2025-04-23 15:46:37,941 [main] INFO  grpc.GrpcConfigKeys (ConfUtils.java:logFallback(53)) - raft.grpc.client.port = 15009 (fallback to raft.grpc.server.port)
2025-04-23 15:46:37,942 [main] INFO  grpc.GrpcConfigKeys (ConfUtils.java:logGet(46)) - raft.grpc.server.host = null (default)
2025-04-23 15:46:37,942 [main] INFO  grpc.GrpcConfigKeys (ConfUtils.java:logGet(46)) - raft.grpc.server.port = 15009 (custom)
2025-04-23 15:46:37,942 [main] INFO  server.GrpcService (ConfUtils.java:logGet(46)) - raft.grpc.message.size.max = 5242880 (custom)
2025-04-23 15:46:37,942 [main] INFO  server.GrpcService (ConfUtils.java:logGet(46)) - raft.grpc.flow.control.window = 1MB (=1048576) (default)
2025-04-23 15:46:37,942 [main] INFO  server.RaftServerConfigKeys (ConfUtils.java:logGet(46)) - raft.server.rpc.request.timeout = 3000ms (default)
2025-04-23 15:46:37,942 [main] INFO  grpc.GrpcConfigKeys (ConfUtils.java:logGet(46)) - raft.grpc.server.heartbeat.channel = true (default)
2025-04-23 15:46:37,942 [main] INFO  server.RaftServerConfigKeys (ConfUtils.java:logGet(46)) - raft.server.log.appender.buffer.byte-limit = 4194304 (custom)
2025-04-23 15:46:37,942 [main] INFO  grpc.GrpcConfigKeys (ConfUtils.java:logGet(46)) - raft.grpc.server.async.request.thread.pool.cached = true (default)
2025-04-23 15:46:37,942 [main] INFO  grpc.GrpcConfigKeys (ConfUtils.java:logGet(46)) - raft.grpc.server.async.request.thread.pool.size = 32 (default)
2025-04-23 15:46:37,943 [main] INFO  impl.DataStreamServerImpl (ConfUtils.java:logGet(46)) - raft.datastream.type = DISABLED (default)
2025-04-23 15:46:37,943 [main] INFO  server.RaftServerConfigKeys (ConfUtils.java:logGet(46)) - raft.server.sleep.deviation.threshold = 300ms (default)
2025-04-23 15:46:37,943 [main] INFO  server.RaftServerConfigKeys (ConfUtils.java:logGet(46)) - raft.server.close.threshold = 60s (default)
2025-04-23 15:46:37,944 [main] INFO  server.RaftServerConfigKeys (ConfUtils.java:logGet(46)) - raft.server.leaderelection.leader.step-down.wait-time = 10s (default)
2025-04-23 15:46:37,944 [main] INFO  server.RaftServerConfigKeys (ConfUtils.java:logGet(46)) - raft.server.storage.dir = [/home/runner/work/ozone/ozone/hadoop-ozone/integration-test/target/test-dir/MiniOzoneClusterImpl-5cf50c17-c591-473f-a8c4-88d8665d28d7/omNode-1/ratis] (custom)
2025-04-23 15:46:37,944 [main] INFO  server.RaftServerConfigKeys (ConfUtils.java:logGet(46)) - raft.server.threadpool.proxy.cached = true (default)
2025-04-23 15:46:37,944 [main] INFO  server.RaftServerConfigKeys (ConfUtils.java:logGet(46)) - raft.server.threadpool.proxy.size = 0 (default)
2025-04-23 15:46:37,944 [omNode-1-impl-thread1] INFO  server.RaftServer (RaftServerProxy.java:initGroupDir(265)) - omNode-1: found a subdirectory /home/runner/work/ozone/ozone/hadoop-ozone/integration-test/target/test-dir/MiniOzoneClusterImpl-5cf50c17-c591-473f-a8c4-88d8665d28d7/omNode-1/ratis/c9bc4cf4-3bc3-3c60-a66b-523986131536
2025-04-23 15:46:37,945 [main] INFO  server.RaftServer (RaftServerProxy.java:addNew(100)) - omNode-1: addNew group-523986131536:[omNode-3|localhost:15017, omNode-1|localhost:15009, omNode-2|localhost:15013] returns group-523986131536:java.util.concurrent.CompletableFuture@113ee889[Not completed]
2025-04-23 15:46:37,945 [main] INFO  om.OzoneManager (OzoneManager.java:initializeRatisServer(2303)) - OzoneManager Ratis server initialized at port 15009
2025-04-23 15:46:37,945 [main] INFO  ratis.OzoneManagerRatisServer (OzoneManagerRatisServer.java:start(628)) - Starting OzoneManagerRatisServer omNode-1 at port 15009
2025-04-23 15:46:37,945 [omNode-1-groupManagement] INFO  server.RaftServer$Division (RaftServerImpl.java:<init>(255)) - omNode-1: new RaftServerImpl for group-523986131536:[omNode-3|localhost:15017, omNode-1|localhost:15009, omNode-2|localhost:15013] with OzoneManagerStateMachine:uninitialized
2025-04-23 15:46:37,945 [omNode-1-groupManagement] INFO  server.RaftServerConfigKeys (ConfUtils.java:logGet(46)) - raft.server.rpc.timeout.min = 1s (custom)
2025-04-23 15:46:37,945 [omNode-1-groupManagement] INFO  server.RaftServerConfigKeys (ConfUtils.java:logGet(46)) - raft.server.rpc.timeout.max = 1200ms (custom)
2025-04-23 15:46:37,945 [omNode-1-groupManagement] INFO  server.RaftServerConfigKeys (ConfUtils.java:logGet(46)) - raft.server.rpc.sleep.time = 25ms (default)
2025-04-23 15:46:37,945 [omNode-1-groupManagement] INFO  server.RaftServerConfigKeys (ConfUtils.java:logGet(46)) - raft.server.rpc.slowness.timeout = 2s (custom)
2025-04-23 15:46:37,945 [omNode-1-groupManagement] INFO  server.RaftServerConfigKeys (ConfUtils.java:logGet(46)) - raft.server.leaderelection.leader.step-down.wait-time = 10s (default)
2025-04-23 15:46:37,945 [omNode-1-groupManagement] INFO  server.RaftServerConfigKeys (ConfUtils.java:logGet(46)) - raft.server.leaderelection.member.majority-add = false (default)
2025-04-23 15:46:37,945 [omNode-1-groupManagement] INFO  server.RaftServerConfigKeys (ConfUtils.java:logGet(46)) - raft.server.sleep.deviation.threshold = 300ms (default)
2025-04-23 15:46:37,945 [omNode-1-groupManagement] INFO  server.RaftServer$Division (ServerState.java:<init>(114)) - omNode-1@group-523986131536: ConfigurationManager, init=conf: {index: -1, cur=peers:[omNode-3|localhost:15017, omNode-1|localhost:15009, omNode-2|localhost:15013]|listeners:[], old=null}, confs=<EMPTY_MAP>
2025-04-23 15:46:37,945 [omNode-1-groupManagement] INFO  server.RaftServerConfigKeys (ConfUtils.java:logGet(46)) - raft.server.notification.no-leader.timeout = 2s (custom)
2025-04-23 15:46:37,945 [omNode-1-groupManagement] INFO  server.RaftServerConfigKeys (ConfUtils.java:logGet(46)) - raft.server.read.timeout = 10s (default)
2025-04-23 15:46:37,946 [omNode-1-groupManagement] INFO  server.RaftServerConfigKeys (ConfUtils.java:logGet(46)) - raft.server.retrycache.expirytime = 30000ms (custom)
2025-04-23 15:46:37,946 [omNode-1-groupManagement] INFO  server.RaftServerConfigKeys (ConfUtils.java:logGet(46)) - raft.server.retrycache.statistics.expirytime = 100ms (default)
2025-04-23 15:46:37,946 [omNode-1-groupManagement] INFO  server.RaftServerConfigKeys (ConfUtils.java:logGet(46)) - raft.server.read.option = DEFAULT (default)
2025-04-23 15:46:37,946 [omNode-1-groupManagement] INFO  server.RaftServerConfigKeys (ConfUtils.java:logGet(46)) - raft.server.read.read-after-write-consistent.write-index-cache.expiry-time = 60s (default)
2025-04-23 15:46:37,947 [omNode-1-groupManagement] INFO  server.RaftServerConfigKeys (ConfUtils.java:logGet(46)) - raft.server.rpc.request.timeout = 3000ms (default)
2025-04-23 15:46:37,947 [omNode-1-groupManagement] INFO  server.RaftServerConfigKeys (ConfUtils.java:logGet(46)) - raft.server.log.appender.install.snapshot.enabled = false (custom)
2025-04-23 15:46:37,947 [omNode-1-groupManagement] INFO  server.RaftServerConfigKeys (ConfUtils.java:logGet(46)) - raft.server.threadpool.server.cached = true (default)
2025-04-23 15:46:37,947 [omNode-1-groupManagement] INFO  server.RaftServerConfigKeys (ConfUtils.java:logGet(46)) - raft.server.threadpool.server.size = 0 (default)
2025-04-23 15:46:37,947 [omNode-1-groupManagement] INFO  server.RaftServerConfigKeys (ConfUtils.java:logGet(46)) - raft.server.threadpool.client.cached = true (default)
2025-04-23 15:46:37,948 [omNode-1-groupManagement] INFO  server.RaftServerConfigKeys (ConfUtils.java:logGet(46)) - raft.server.threadpool.client.size = 0 (default)
2025-04-23 15:46:37,948 [omNode-1-impl-thread1] INFO  server.RaftServerConfigKeys (ConfUtils.java:logGet(46)) - raft.server.storage.free-space.min = 0MB (=0) (default)
2025-04-23 15:46:37,948 [omNode-1-impl-thread1] INFO  server.RaftServerConfigKeys (ConfUtils.java:logGet(46)) - raft.server.log.corruption.policy = EXCEPTION (default)
2025-04-23 15:46:37,948 [omNode-1-impl-thread1] INFO  server.RaftServerConfigKeys (ConfUtils.java:logGet(46)) - raft.server.storage.dir = [/home/runner/work/ozone/ozone/hadoop-ozone/integration-test/target/test-dir/MiniOzoneClusterImpl-5cf50c17-c591-473f-a8c4-88d8665d28d7/omNode-1/ratis] (custom)
2025-04-23 15:46:37,949 [omNode-1-impl-thread1] INFO  storage.RaftStorageDirectory (RaftStorageDirectoryImpl.java:tryLock(229)) - Lock on /home/runner/work/ozone/ozone/hadoop-ozone/integration-test/target/test-dir/MiniOzoneClusterImpl-5cf50c17-c591-473f-a8c4-88d8665d28d7/omNode-1/ratis/c9bc4cf4-3bc3-3c60-a66b-523986131536/in_use.lock acquired by nodename 129659@fv-az1337-835
2025-04-23 15:46:37,949 [omNode-1-impl-thread1] INFO  storage.RaftStorage (RaftStorageImpl.java:analyzeAndRecoverStorage(118)) - Read RaftStorageMetadata{term=12, votedFor=omNode-2} from /home/runner/work/ozone/ozone/hadoop-ozone/integration-test/target/test-dir/MiniOzoneClusterImpl-5cf50c17-c591-473f-a8c4-88d8665d28d7/omNode-1/ratis/c9bc4cf4-3bc3-3c60-a66b-523986131536/current/raft-meta
2025-04-23 15:46:37,950 [omNode-1-impl-thread1] INFO  server.RaftServer$Division (ServerState.java:setRaftConf(386)) - omNode-1@group-523986131536: set configuration conf: {index: 309, cur=peers:[omNode-3|localhost:15017, omNode-1|localhost:15009, omNode-2|localhost:15013]|listeners:[], old=null}
2025-04-23 15:46:37,950 [omNode-1-impl-thread1] INFO  ratis.OzoneManagerStateMachine (OzoneManagerStateMachine.java:lambda$0(138)) - omNode-1: initialize group-523986131536 with (t:12, i:310)
2025-04-23 15:46:37,950 [omNode-1-impl-thread1] INFO  server.RaftServerConfigKeys (ConfUtils.java:logGet(46)) - raft.server.log.use.memory = false (default)
2025-04-23 15:46:37,950 [omNode-1-impl-thread1] INFO  server.RaftServerConfigKeys (ConfUtils.java:logGet(46)) - raft.server.log.purge.gap = 50 (custom)
2025-04-23 15:46:37,950 [omNode-1-impl-thread1] INFO  server.RaftServerConfigKeys (ConfUtils.java:logGet(46)) - raft.server.log.appender.buffer.byte-limit = 4194304 (custom)
2025-04-23 15:46:37,950 [omNode-1-impl-thread1] INFO  server.RaftServerConfigKeys (ConfUtils.java:logGet(46)) - raft.server.log.statemachine.data.read.timeout = 1000ms (default)
2025-04-23 15:46:37,950 [omNode-1-impl-thread1] INFO  server.RaftServerConfigKeys (ConfUtils.java:logGet(46)) - raft.server.log.purge.preservation.log.num = 0 (default)
2025-04-23 15:46:37,951 [omNode-1-impl-thread1] INFO  server.RaftServerConfigKeys (ConfUtils.java:logGet(46)) - raft.server.log.segment.size.max = 4194304 (custom)
2025-04-23 15:46:37,951 [omNode-1-impl-thread1] INFO  server.RaftServerConfigKeys (ConfUtils.java:logGet(46)) - raft.server.log.segment.cache.num.max = 2 (custom)
2025-04-23 15:46:37,951 [omNode-1-impl-thread1] INFO  server.RaftServerConfigKeys (ConfUtils.java:logGet(46)) - raft.server.log.segment.cache.size.max = 200MB (=209715200) (default)
2025-04-23 15:46:37,951 [omNode-1-impl-thread1] INFO  server.RaftServerConfigKeys (ConfUtils.java:logGet(46)) - raft.server.log.appender.buffer.byte-limit = 4194304 (custom)
2025-04-23 15:46:37,951 [omNode-1-impl-thread1] INFO  util.AwaitToRun (AwaitToRun.java:start(81)) - Thread[#5721,omNode-1@group-523986131536-cacheEviction-AwaitToRun,5,main] started
2025-04-23 15:46:37,951 [omNode-1-impl-thread1] INFO  segmented.SegmentedRaftLogWorker (SegmentedRaftLogWorker.java:<init>(188)) - new omNode-1@group-523986131536-SegmentedRaftLogWorker for RaftStorageImpl:Storage Directory /home/runner/work/ozone/ozone/hadoop-ozone/integration-test/target/test-dir/MiniOzoneClusterImpl-5cf50c17-c591-473f-a8c4-88d8665d28d7/omNode-1/ratis/c9bc4cf4-3bc3-3c60-a66b-523986131536
2025-04-23 15:46:37,951 [omNode-1-impl-thread1] INFO  server.RaftServerConfigKeys (ConfUtils.java:logGet(46)) - raft.server.log.queue.byte-limit = 64MB (=67108864) (default)
2025-04-23 15:46:37,951 [omNode-1-impl-thread1] INFO  server.RaftServerConfigKeys (ConfUtils.java:logGet(46)) - raft.server.log.queue.element-limit = 4096 (default)
2025-04-23 15:46:37,952 [omNode-1-impl-thread1] INFO  server.RaftServerConfigKeys (ConfUtils.java:logGet(46)) - raft.server.log.segment.size.max = 4194304 (custom)
2025-04-23 15:46:37,952 [omNode-1-impl-thread1] INFO  server.RaftServerConfigKeys (ConfUtils.java:logGet(46)) - raft.server.log.preallocated.size = 4194304 (custom)
2025-04-23 15:46:37,952 [omNode-1-impl-thread1] INFO  server.RaftServerConfigKeys (ConfUtils.java:logGet(46)) - raft.server.log.force.sync.num = 128 (default)
2025-04-23 15:46:37,952 [omNode-1-impl-thread1] INFO  server.RaftServerConfigKeys (ConfUtils.java:logGet(46)) - raft.server.log.statemachine.data.sync = true (default)
2025-04-23 15:46:37,952 [omNode-1-impl-thread1] INFO  server.RaftServerConfigKeys (ConfUtils.java:logGet(46)) - raft.server.log.statemachine.data.sync.timeout = 10s (default)
2025-04-23 15:46:37,952 [omNode-1-impl-thread1] INFO  server.RaftServerConfigKeys (ConfUtils.java:logGet(46)) - raft.server.log.statemachine.data.sync.timeout.retry = -1 (default)
2025-04-23 15:46:37,952 [omNode-1-impl-thread1] INFO  server.RaftServerConfigKeys (ConfUtils.java:logGet(46)) - raft.server.log.write.buffer.size = 4194312 (custom)
2025-04-23 15:46:37,952 [omNode-1-impl-thread1] INFO  server.RaftServerConfigKeys (ConfUtils.java:logGet(46)) - raft.server.log.appender.buffer.byte-limit = 4194304 (custom)
2025-04-23 15:46:37,952 [omNode-1-impl-thread1] INFO  server.RaftServerConfigKeys (ConfUtils.java:logGet(46)) - raft.server.log.unsafe-flush.enabled = false (default)
2025-04-23 15:46:37,952 [omNode-1-impl-thread1] INFO  server.RaftServerConfigKeys (ConfUtils.java:logGet(46)) - raft.server.log.async-flush.enabled = false (default)
2025-04-23 15:46:37,952 [omNode-1-impl-thread1] INFO  server.RaftServerConfigKeys (ConfUtils.java:logGet(46)) - raft.server.log.statemachine.data.caching.enabled = false (default)
2025-04-23 15:46:37,952 [omNode-1-impl-thread1] INFO  server.RaftServer$Division (ServerState.java:setRaftConf(386)) - omNode-1@group-523986131536: set configuration conf: {index: 107, cur=peers:[omNode-3|localhost:15017, omNode-1|localhost:15009, omNode-2|localhost:15013]|listeners:[], old=null}
2025-04-23 15:46:37,954 [omNode-1-impl-thread1] INFO  segmented.LogSegment (LogSegment.java:loadSegment(171)) - Successfully read 202 entries from segment file /home/runner/work/ozone/ozone/hadoop-ozone/integration-test/target/test-dir/MiniOzoneClusterImpl-5cf50c17-c591-473f-a8c4-88d8665d28d7/omNode-1/ratis/c9bc4cf4-3bc3-3c60-a66b-523986131536/current/log_107-308
2025-04-23 15:46:37,954 [omNode-1-impl-thread1] INFO  server.RaftServer$Division (ServerState.java:setRaftConf(386)) - omNode-1@group-523986131536: set configuration conf: {index: 309, cur=peers:[omNode-3|localhost:15017, omNode-1|localhost:15009, omNode-2|localhost:15013]|listeners:[], old=null}
2025-04-23 15:46:37,954 [omNode-1-impl-thread1] INFO  segmented.LogSegment (LogSegment.java:loadSegment(171)) - Successfully read 2 entries from segment file /home/runner/work/ozone/ozone/hadoop-ozone/integration-test/target/test-dir/MiniOzoneClusterImpl-5cf50c17-c591-473f-a8c4-88d8665d28d7/omNode-1/ratis/c9bc4cf4-3bc3-3c60-a66b-523986131536/current/log_inprogress_309
2025-04-23 15:46:37,955 [omNode-1-impl-thread1] INFO  segmented.SegmentedRaftLogWorker (SegmentedRaftLogWorker.java:lambda$new$0(139)) - omNode-1@group-523986131536-SegmentedRaftLogWorker: flushIndex: setUnconditionally 0 -> 310
2025-04-23 15:46:37,955 [omNode-1-impl-thread1] INFO  segmented.SegmentedRaftLogWorker (SegmentedRaftLogWorker.java:lambda$new$0(139)) - omNode-1@group-523986131536-SegmentedRaftLogWorker: safeCacheEvictIndex: setUnconditionally 0 -> 308
2025-04-23 15:46:37,955 [omNode-1-impl-thread1] INFO  segmented.BufferedWriteChannel (BufferedWriteChannel.java:open(61)) - open log_inprogress_309 (append) at position 128
2025-04-23 15:46:37,955 [omNode-1-impl-thread1] INFO  raftlog.RaftLog (RaftLogBase.java:lambda$new$0(54)) - omNode-1@group-523986131536-SegmentedRaftLog: purgeIndex: updateToMax old=-1, new=106, updated? true
2025-04-23 15:46:37,955 [omNode-1-impl-thread1] INFO  server.RaftServer$Division (RaftServerImpl.java:start(391)) - omNode-1@group-523986131536: start as a follower, conf=conf: {index: 309, cur=peers:[omNode-3|localhost:15017, omNode-1|localhost:15009, omNode-2|localhost:15013]|listeners:[], old=null}
2025-04-23 15:46:37,955 [omNode-1-impl-thread1] INFO  server.RaftServer$Division (RaftServerImpl.java:setRole(378)) - omNode-1@group-523986131536: changes role from      null to FOLLOWER at term 12 for startAsFollower
2025-04-23 15:46:37,955 [omNode-1-impl-thread1] INFO  impl.RoleInfo (RoleInfo.java:updateAndGet(148)) - omNode-1: start omNode-1@group-523986131536-FollowerState
2025-04-23 15:46:37,956 [omNode-1-impl-thread1] INFO  util.JmxRegister (JmxRegister.java:tryRegister(44)) - Successfully registered JMX Bean with object name Ratis:service=RaftServer,group=group-523986131536,id=omNode-1
2025-04-23 15:46:37,956 [omNode-1-impl-thread1] INFO  util.JmxRegister (JmxRegister.java:register(58)) - register mxBean class org.apache.ratis.server.impl.RaftServerJmxAdapter as Ratis:service=RaftServer,group=group-523986131536,id=omNode-1
2025-04-23 15:46:37,956 [omNode-1@group-523986131536-FollowerState] INFO  server.RaftServerConfigKeys (ConfUtils.java:logFallback(53)) - raft.server.rpc.first-election.timeout.min = 1s (fallback to raft.server.rpc.timeout.min)
2025-04-23 15:46:37,956 [omNode-1-impl-thread1] INFO  server.RaftServerConfigKeys (ConfUtils.java:logGet(46)) - raft.server.snapshot.trigger-when-stop.enabled = true (default)
2025-04-23 15:46:37,956 [omNode-1-impl-thread1] INFO  server.RaftServerConfigKeys (ConfUtils.java:logGet(46)) - raft.server.snapshot.trigger-when-remove.enabled = true (default)
2025-04-23 15:46:37,956 [omNode-1@group-523986131536-FollowerState] INFO  server.RaftServerConfigKeys (ConfUtils.java:logFallback(53)) - raft.server.rpc.first-election.timeout.max = 1200ms (fallback to raft.server.rpc.timeout.max)
2025-04-23 15:46:37,956 [omNode-1-impl-thread1] INFO  server.RaftServerConfigKeys (ConfUtils.java:logGet(46)) - raft.server.snapshot.auto.trigger.enabled = true (custom)
2025-04-23 15:46:37,956 [omNode-1-impl-thread1] INFO  server.RaftServerConfigKeys (ConfUtils.java:logGet(46)) - raft.server.snapshot.auto.trigger.threshold = 50 (custom)
2025-04-23 15:46:37,956 [omNode-1-impl-thread1] INFO  server.RaftServerConfigKeys (ConfUtils.java:logGet(46)) - raft.server.snapshot.retention.file.num = -1 (default)
2025-04-23 15:46:37,956 [omNode-1-impl-thread1] INFO  server.RaftServerConfigKeys (ConfUtils.java:logGet(46)) - raft.server.log.purge.upto.snapshot.index = true (custom)
2025-04-23 15:46:37,956 [omNode-1-impl-thread1] INFO  server.RaftServer$Division (RaftServerImpl.java:start(405)) - omNode-1@group-523986131536: Successfully started.
2025-04-23 15:46:37,956 [main] INFO  server.RaftServer (RaftServerProxy.java:startImpl(407)) - omNode-1: start RPC server
2025-04-23 15:46:37,957 [main] INFO  server.GrpcService (GrpcService.java:startImpl(334)) - omNode-1: GrpcService started, listening on 15009
2025-04-23 15:46:37,957 [main] INFO  om.OzoneManager (OzoneManager.java:getRpcServer(1360)) - Creating RPC Server
2025-04-23 15:46:37,957 [JvmPauseMonitor30] INFO  util.JvmPauseMonitor (JvmPauseMonitor.java:run(146)) - JvmPauseMonitor-omNode-1: Started
2025-04-23 15:46:38,303 [main] INFO  reflections.Reflections (Reflections.java:scan(219)) - Reflections took 345 ms to scan 22 urls, producing 61 keys and 7422 values
2025-04-23 15:46:38,304 [main] INFO  ipc.CallQueueManager (CallQueueManager.java:<init>(93)) - Using callQueue: class java.util.concurrent.LinkedBlockingQueue, queueCapacity: 2000, scheduler: class org.apache.hadoop.ipc.DefaultRpcScheduler, ipcBackoff: false, ipcFailOver: false.
2025-04-23 15:46:38,304 [main] INFO  ipc.Server (Server.java:<init>(1438)) - Listener at localhost:15006
2025-04-23 15:46:38,304 [Socket Reader #1 for port 15006] INFO  ipc.Server (Server.java:run(1474)) - Starting Socket Reader #1 for port 15006
2025-04-23 15:46:38,305 [Socket Reader #2 for port 15006] INFO  ipc.Server (Server.java:run(1474)) - Starting Socket Reader #2 for port 15006
2025-04-23 15:46:38,305 [Socket Reader #3 for port 15006] INFO  ipc.Server (Server.java:run(1474)) - Starting Socket Reader #3 for port 15006
2025-04-23 15:46:38,305 [Socket Reader #4 for port 15006] INFO  ipc.Server (Server.java:run(1474)) - Starting Socket Reader #4 for port 15006
2025-04-23 15:46:38,305 [Socket Reader #5 for port 15006] INFO  ipc.Server (Server.java:run(1474)) - Starting Socket Reader #5 for port 15006
2025-04-23 15:46:38,305 [Socket Reader #6 for port 15006] INFO  ipc.Server (Server.java:run(1474)) - Starting Socket Reader #6 for port 15006
2025-04-23 15:46:38,305 [Socket Reader #7 for port 15006] INFO  ipc.Server (Server.java:run(1474)) - Starting Socket Reader #7 for port 15006
2025-04-23 15:46:38,305 [Socket Reader #8 for port 15006] INFO  ipc.Server (Server.java:run(1474)) - Starting Socket Reader #8 for port 15006
2025-04-23 15:46:38,306 [Socket Reader #9 for port 15006] INFO  ipc.Server (Server.java:run(1474)) - Starting Socket Reader #9 for port 15006
2025-04-23 15:46:38,306 [Socket Reader #10 for port 15006] INFO  ipc.Server (Server.java:run(1474)) - Starting Socket Reader #10 for port 15006
2025-04-23 15:46:38,307 [main] INFO  http.BaseHttpServer (BaseHttpServer.java:newHttpServer2BuilderForOzone(229)) - Starting Web-server for ozoneManager at: http://0.0.0.0:15007
2025-04-23 15:46:38,308 [main] INFO  http.BaseHttpServer (BaseHttpServer.java:<init>(107)) - Hadoop Security Enabled: false Ozone Security Enabled: false Ozone HTTP Security Enabled: false 
2025-04-23 15:46:38,308 [main] WARN  server.AuthenticationFilter (AuthenticationFilter.java:constructSecretProvider(240)) - Unable to initialize FileSignerSecretProvider, falling back to use random secrets. Reason: Could not read signature secret file: /home/runner/hadoop-http-auth-signature-secret
2025-04-23 15:46:38,310 [main] INFO  http.HttpServer2 (HttpServer2.java:addGlobalFilter(1041)) - Added global filter 'safety' (class=org.apache.hadoop.hdds.server.http.HttpServer2$QuotingInputFilter)
2025-04-23 15:46:38,310 [main] INFO  http.HttpServer2 (HttpServer2.java:addFilter(1017)) - Added filter static_user_filter (class=org.apache.hadoop.http.lib.StaticUserWebFilter$StaticUserFilter) to context ozoneManager
2025-04-23 15:46:38,310 [main] INFO  http.HttpServer2 (HttpServer2.java:addFilter(1025)) - Added filter static_user_filter (class=org.apache.hadoop.http.lib.StaticUserWebFilter$StaticUserFilter) to context static
2025-04-23 15:46:38,310 [main] INFO  http.HttpServer2 (HttpServer2.java:addFilter(1025)) - Added filter static_user_filter (class=org.apache.hadoop.http.lib.StaticUserWebFilter$StaticUserFilter) to context logs
2025-04-23 15:46:38,311 [main] INFO  http.BaseHttpServer (BaseHttpServer.java:<init>(195)) - HTTP server of ozoneManager uses base directory /home/runner/work/ozone/ozone/hadoop-ozone/integration-test/target/test-dir/MiniOzoneClusterImpl-5cf50c17-c591-473f-a8c4-88d8665d28d7/omNode-1/webserver
2025-04-23 15:46:38,311 [main] INFO  http.HttpServer2 (HttpServer2.java:bindListener(1241)) - Jetty bound to port 15007
2025-04-23 15:46:38,311 [main] INFO  server.Server (Server.java:doStart(375)) - jetty-9.4.57.v20241219; built: 2025-01-08T21:24:30.412Z; git: df524e6b29271c2e09ba9aea83c18dc9db464a31; jvm 21.0.7+6-LTS
2025-04-23 15:46:38,312 [main] INFO  server.session (DefaultSessionIdManager.java:doStart(334)) - DefaultSessionIdManager workerName=node0
2025-04-23 15:46:38,312 [main] INFO  server.session (DefaultSessionIdManager.java:doStart(339)) - No SessionScavenger set, using defaults
2025-04-23 15:46:38,312 [main] INFO  server.session (HouseKeeper.java:startScavenging(132)) - node0 Scavenging every 660000ms
2025-04-23 15:46:38,313 [main] INFO  handler.ContextHandler (ContextHandler.java:doStart(921)) - Started o.e.j.s.ServletContextHandler@7e0907d{logs,/logs,file:///home/runner/work/ozone/ozone/hadoop-ozone/integration-test/target/log,AVAILABLE}
2025-04-23 15:46:38,313 [main] INFO  handler.ContextHandler (ContextHandler.java:doStart(921)) - Started o.e.j.s.ServletContextHandler@5b674513{static,/static,file:///home/runner/work/ozone/ozone/hadoop-ozone/integration-test/target/test-classes/webapps/static,AVAILABLE}
2025-04-23 15:46:38,316 [main] INFO  handler.ContextHandler (ContextHandler.java:doStart(921)) - Started o.e.j.w.WebAppContext@125ffb49{ozoneManager,/,file:///home/runner/work/ozone/ozone/hadoop-ozone/integration-test/target/test-classes/webapps/ozoneManager/,AVAILABLE}{file:/home/runner/work/ozone/ozone/hadoop-ozone/integration-test/target/test-classes/webapps/ozoneManager}
2025-04-23 15:46:38,317 [main] INFO  server.AbstractConnector (AbstractConnector.java:doStart(333)) - Started ServerConnector@18a025b7{HTTP/1.1, (http/1.1)}{0.0.0.0:15007}
2025-04-23 15:46:38,317 [main] INFO  server.Server (Server.java:doStart(415)) - Started @133298ms
2025-04-23 15:46:38,317 [main] WARN  impl.MetricsSystemImpl (MetricsSystemImpl.java:register(279)) - Sink prometheus already exists!
2025-04-23 15:46:38,317 [main] INFO  http.BaseHttpServer (BaseHttpServer.java:updateConnectorAddress(360)) - HTTP server of ozoneManager listening at http://0.0.0.0:15007
2025-04-23 15:46:38,317 [IPC Server Responder] INFO  ipc.Server (Server.java:run(1713)) - IPC Server Responder: starting
2025-04-23 15:46:38,318 [IPC Server listener on 15006] INFO  ipc.Server (Server.java:run(1553)) - IPC Server listener on 15006: starting
2025-04-23 15:46:38,320 [main] INFO  om.OzoneManager (OzoneManager.java:startTrashEmptier(2257)) - Trash Interval set to 0. Files deleted won't move to trash
2025-04-23 15:46:38,320 [main] INFO  om.OzoneManager (OzoneManager.java:restart(1878)) - OzoneManager RPC server is listening at localhost/127.0.0.1:15010
2025-04-23 15:46:38,320 [main] INFO  impl.MetricsSystemImpl (MetricsSystemImpl.java:init(158)) - OzoneManager metrics system started (again)
2025-04-23 15:46:38,331 [main] WARN  server.ServerUtils (ServerUtils.java:getDBPath(297)) - ozone.om.db.dirs is not configured. We recommend adding this setting. Falling back to ozone.metadata.dirs instead.
2025-04-23 15:46:38,372 [main] INFO  om.OzoneManager (OzoneManager.java:instantiateServices(933)) - S3 Multi-Tenancy is disabled
2025-04-23 15:46:38,373 [main] INFO  om.OmSnapshotManager (OmSnapshotManager.java:<init>(180)) - Ozone filesystem snapshot feature is enabled.
2025-04-23 15:46:38,373 [main] WARN  server.ServerUtils (ServerUtils.java:getDBPath(297)) - ozone.om.snapshot.diff.db.dir is not configured. We recommend adding this setting. Falling back to ozone.metadata.dirs instead.
2025-04-23 15:46:38,388 [main] WARN  dropwizard3.Dm3MetricRegistriesImpl (Dm3MetricRegistriesImpl.java:addReporterRegistration(114)) - New reporters are added after registries were created. Some metrics will be missing from the reporter. Please add reporter before adding any new registry.
2025-04-23 15:46:38,388 [main] WARN  dropwizard3.Dm3MetricRegistriesImpl (Dm3MetricRegistriesImpl.java:addReporterRegistration(114)) - New reporters are added after registries were created. Some metrics will be missing from the reporter. Please add reporter before adding any new registry.
2025-04-23 15:46:38,389 [main] WARN  server.ServerUtils (ServerUtils.java:getDefaultRatisDirectory(309)) - Storage directory for Ratis is not configured. It is a good idea to map this to an SSD disk. Falling back to ozone.metadata.dirs
2025-04-23 15:46:38,389 [main] INFO  server.RaftServerConfigKeys (ConfUtils.java:logGet(46)) - raft.server.log.appender.buffer.byte-limit = 4194304 (custom)
2025-04-23 15:46:38,390 [main] INFO  ratis.OzoneManagerRatisServer (OzoneManagerRatisServer.java:<init>(167)) - Instantiating OM Ratis server with groupID: om-service-test1 and peers: localhost:15013, localhost:15017, localhost:15009
2025-04-23 15:46:38,390 [main] INFO  ratis.OzoneManagerStateMachine (OzoneManagerStateMachine.java:loadSnapshotInfoFromDB(611)) - LastAppliedIndex is set from TransactionInfo from OM DB as (t:12, i:310)
2025-04-23 15:46:38,390 [main] INFO  server.RaftServer (ConfUtils.java:logGet(46)) - raft.rpc.type = GRPC (default)
2025-04-23 15:46:38,390 [main] INFO  grpc.GrpcConfigKeys (ConfUtils.java:logFallback(53)) - raft.grpc.admin.host = null (fallback to raft.grpc.server.host)
2025-04-23 15:46:38,391 [main] INFO  grpc.GrpcConfigKeys (ConfUtils.java:logFallback(53)) - raft.grpc.admin.port = 15013 (fallback to raft.grpc.server.port)
2025-04-23 15:46:38,391 [main] INFO  grpc.GrpcConfigKeys (ConfUtils.java:logFallback(53)) - raft.grpc.client.host = null (fallback to raft.grpc.server.host)
2025-04-23 15:46:38,391 [main] INFO  grpc.GrpcConfigKeys (ConfUtils.java:logFallback(53)) - raft.grpc.client.port = 15013 (fallback to raft.grpc.server.port)
2025-04-23 15:46:38,391 [main] INFO  grpc.GrpcConfigKeys (ConfUtils.java:logGet(46)) - raft.grpc.server.host = null (default)
2025-04-23 15:46:38,391 [main] INFO  grpc.GrpcConfigKeys (ConfUtils.java:logGet(46)) - raft.grpc.server.port = 15013 (custom)
2025-04-23 15:46:38,391 [main] INFO  server.GrpcService (ConfUtils.java:logGet(46)) - raft.grpc.message.size.max = 5242880 (custom)
2025-04-23 15:46:38,391 [main] INFO  server.GrpcService (ConfUtils.java:logGet(46)) - raft.grpc.flow.control.window = 1MB (=1048576) (default)
2025-04-23 15:46:38,391 [main] INFO  server.RaftServerConfigKeys (ConfUtils.java:logGet(46)) - raft.server.rpc.request.timeout = 3000ms (default)
2025-04-23 15:46:38,391 [main] INFO  grpc.GrpcConfigKeys (ConfUtils.java:logGet(46)) - raft.grpc.server.heartbeat.channel = true (default)
2025-04-23 15:46:38,391 [main] INFO  server.RaftServerConfigKeys (ConfUtils.java:logGet(46)) - raft.server.log.appender.buffer.byte-limit = 4194304 (custom)
2025-04-23 15:46:38,391 [main] INFO  grpc.GrpcConfigKeys (ConfUtils.java:logGet(46)) - raft.grpc.server.async.request.thread.pool.cached = true (default)
2025-04-23 15:46:38,391 [main] INFO  grpc.GrpcConfigKeys (ConfUtils.java:logGet(46)) - raft.grpc.server.async.request.thread.pool.size = 32 (default)
2025-04-23 15:46:38,392 [main] INFO  impl.DataStreamServerImpl (ConfUtils.java:logGet(46)) - raft.datastream.type = DISABLED (default)
2025-04-23 15:46:38,392 [main] INFO  server.RaftServerConfigKeys (ConfUtils.java:logGet(46)) - raft.server.sleep.deviation.threshold = 300ms (default)
2025-04-23 15:46:38,392 [main] INFO  server.RaftServerConfigKeys (ConfUtils.java:logGet(46)) - raft.server.close.threshold = 60s (default)
2025-04-23 15:46:38,392 [main] INFO  server.RaftServerConfigKeys (ConfUtils.java:logGet(46)) - raft.server.leaderelection.leader.step-down.wait-time = 10s (default)
2025-04-23 15:46:38,392 [main] INFO  server.RaftServerConfigKeys (ConfUtils.java:logGet(46)) - raft.server.storage.dir = [/home/runner/work/ozone/ozone/hadoop-ozone/integration-test/target/test-dir/MiniOzoneClusterImpl-5cf50c17-c591-473f-a8c4-88d8665d28d7/omNode-2/ratis] (custom)
2025-04-23 15:46:38,392 [main] INFO  server.RaftServerConfigKeys (ConfUtils.java:logGet(46)) - raft.server.threadpool.proxy.cached = true (default)
2025-04-23 15:46:38,392 [main] INFO  server.RaftServerConfigKeys (ConfUtils.java:logGet(46)) - raft.server.threadpool.proxy.size = 0 (default)
2025-04-23 15:46:38,393 [omNode-2-impl-thread1] INFO  server.RaftServer (RaftServerProxy.java:initGroupDir(265)) - omNode-2: found a subdirectory /home/runner/work/ozone/ozone/hadoop-ozone/integration-test/target/test-dir/MiniOzoneClusterImpl-5cf50c17-c591-473f-a8c4-88d8665d28d7/omNode-2/ratis/c9bc4cf4-3bc3-3c60-a66b-523986131536
2025-04-23 15:46:38,393 [main] INFO  server.RaftServer (RaftServerProxy.java:addNew(100)) - omNode-2: addNew group-523986131536:[omNode-3|localhost:15017, omNode-1|localhost:15009, omNode-2|localhost:15013] returns group-523986131536:java.util.concurrent.CompletableFuture@7f59df6[Not completed]
2025-04-23 15:46:38,393 [main] INFO  om.OzoneManager (OzoneManager.java:initializeRatisServer(2303)) - OzoneManager Ratis server initialized at port 15013
2025-04-23 15:46:38,393 [main] INFO  ratis.OzoneManagerRatisServer (OzoneManagerRatisServer.java:start(628)) - Starting OzoneManagerRatisServer omNode-2 at port 15013
2025-04-23 15:46:38,393 [omNode-2-groupManagement] INFO  server.RaftServer$Division (RaftServerImpl.java:<init>(255)) - omNode-2: new RaftServerImpl for group-523986131536:[omNode-3|localhost:15017, omNode-1|localhost:15009, omNode-2|localhost:15013] with OzoneManagerStateMachine:uninitialized
2025-04-23 15:46:38,393 [omNode-2-groupManagement] INFO  server.RaftServerConfigKeys (ConfUtils.java:logGet(46)) - raft.server.rpc.timeout.min = 1s (custom)
2025-04-23 15:46:38,394 [omNode-2-groupManagement] INFO  server.RaftServerConfigKeys (ConfUtils.java:logGet(46)) - raft.server.rpc.timeout.max = 1200ms (custom)
2025-04-23 15:46:38,394 [omNode-2-groupManagement] INFO  server.RaftServerConfigKeys (ConfUtils.java:logGet(46)) - raft.server.rpc.sleep.time = 25ms (default)
2025-04-23 15:46:38,394 [omNode-2-groupManagement] INFO  server.RaftServerConfigKeys (ConfUtils.java:logGet(46)) - raft.server.rpc.slowness.timeout = 2s (custom)
2025-04-23 15:46:38,394 [omNode-2-groupManagement] INFO  server.RaftServerConfigKeys (ConfUtils.java:logGet(46)) - raft.server.leaderelection.leader.step-down.wait-time = 10s (default)
2025-04-23 15:46:38,394 [omNode-2-groupManagement] INFO  server.RaftServerConfigKeys (ConfUtils.java:logGet(46)) - raft.server.leaderelection.member.majority-add = false (default)
2025-04-23 15:46:38,394 [omNode-2-groupManagement] INFO  server.RaftServerConfigKeys (ConfUtils.java:logGet(46)) - raft.server.sleep.deviation.threshold = 300ms (default)
2025-04-23 15:46:38,394 [omNode-2-groupManagement] INFO  server.RaftServer$Division (ServerState.java:<init>(114)) - omNode-2@group-523986131536: ConfigurationManager, init=conf: {index: -1, cur=peers:[omNode-3|localhost:15017, omNode-1|localhost:15009, omNode-2|localhost:15013]|listeners:[], old=null}, confs=<EMPTY_MAP>
2025-04-23 15:46:38,394 [omNode-2-groupManagement] INFO  server.RaftServerConfigKeys (ConfUtils.java:logGet(46)) - raft.server.notification.no-leader.timeout = 2s (custom)
2025-04-23 15:46:38,394 [omNode-2-groupManagement] INFO  server.RaftServerConfigKeys (ConfUtils.java:logGet(46)) - raft.server.read.timeout = 10s (default)
2025-04-23 15:46:38,394 [omNode-2-groupManagement] INFO  server.RaftServerConfigKeys (ConfUtils.java:logGet(46)) - raft.server.retrycache.expirytime = 30000ms (custom)
2025-04-23 15:46:38,394 [omNode-2-groupManagement] INFO  server.RaftServerConfigKeys (ConfUtils.java:logGet(46)) - raft.server.retrycache.statistics.expirytime = 100ms (default)
2025-04-23 15:46:38,394 [omNode-2-groupManagement] INFO  server.RaftServerConfigKeys (ConfUtils.java:logGet(46)) - raft.server.read.option = DEFAULT (default)
2025-04-23 15:46:38,394 [omNode-2-groupManagement] INFO  server.RaftServerConfigKeys (ConfUtils.java:logGet(46)) - raft.server.read.read-after-write-consistent.write-index-cache.expiry-time = 60s (default)
2025-04-23 15:46:38,397 [omNode-2-groupManagement] INFO  server.RaftServerConfigKeys (ConfUtils.java:logGet(46)) - raft.server.rpc.request.timeout = 3000ms (default)
2025-04-23 15:46:38,397 [omNode-2-groupManagement] INFO  server.RaftServerConfigKeys (ConfUtils.java:logGet(46)) - raft.server.log.appender.install.snapshot.enabled = false (custom)
2025-04-23 15:46:38,397 [omNode-2-groupManagement] INFO  server.RaftServerConfigKeys (ConfUtils.java:logGet(46)) - raft.server.threadpool.server.cached = true (default)
2025-04-23 15:46:38,397 [omNode-2-groupManagement] INFO  server.RaftServerConfigKeys (ConfUtils.java:logGet(46)) - raft.server.threadpool.server.size = 0 (default)
2025-04-23 15:46:38,397 [omNode-2-groupManagement] INFO  server.RaftServerConfigKeys (ConfUtils.java:logGet(46)) - raft.server.threadpool.client.cached = true (default)
2025-04-23 15:46:38,397 [omNode-2-groupManagement] INFO  server.RaftServerConfigKeys (ConfUtils.java:logGet(46)) - raft.server.threadpool.client.size = 0 (default)
2025-04-23 15:46:38,397 [omNode-2-impl-thread1] INFO  server.RaftServerConfigKeys (ConfUtils.java:logGet(46)) - raft.server.storage.free-space.min = 0MB (=0) (default)
2025-04-23 15:46:38,397 [omNode-2-impl-thread1] INFO  server.RaftServerConfigKeys (ConfUtils.java:logGet(46)) - raft.server.log.corruption.policy = EXCEPTION (default)
2025-04-23 15:46:38,397 [omNode-2-impl-thread1] INFO  server.RaftServerConfigKeys (ConfUtils.java:logGet(46)) - raft.server.storage.dir = [/home/runner/work/ozone/ozone/hadoop-ozone/integration-test/target/test-dir/MiniOzoneClusterImpl-5cf50c17-c591-473f-a8c4-88d8665d28d7/omNode-2/ratis] (custom)
2025-04-23 15:46:38,398 [omNode-2-impl-thread1] INFO  storage.RaftStorageDirectory (RaftStorageDirectoryImpl.java:tryLock(229)) - Lock on /home/runner/work/ozone/ozone/hadoop-ozone/integration-test/target/test-dir/MiniOzoneClusterImpl-5cf50c17-c591-473f-a8c4-88d8665d28d7/omNode-2/ratis/c9bc4cf4-3bc3-3c60-a66b-523986131536/in_use.lock acquired by nodename 129659@fv-az1337-835
2025-04-23 15:46:38,398 [omNode-2-impl-thread1] INFO  storage.RaftStorage (RaftStorageImpl.java:analyzeAndRecoverStorage(118)) - Read RaftStorageMetadata{term=12, votedFor=omNode-2} from /home/runner/work/ozone/ozone/hadoop-ozone/integration-test/target/test-dir/MiniOzoneClusterImpl-5cf50c17-c591-473f-a8c4-88d8665d28d7/omNode-2/ratis/c9bc4cf4-3bc3-3c60-a66b-523986131536/current/raft-meta
2025-04-23 15:46:38,399 [omNode-2-impl-thread1] INFO  server.RaftServer$Division (ServerState.java:setRaftConf(386)) - omNode-2@group-523986131536: set configuration conf: {index: 309, cur=peers:[omNode-3|localhost:15017, omNode-1|localhost:15009, omNode-2|localhost:15013]|listeners:[], old=null}
2025-04-23 15:46:38,399 [omNode-2-impl-thread1] INFO  ratis.OzoneManagerStateMachine (OzoneManagerStateMachine.java:lambda$0(138)) - omNode-2: initialize group-523986131536 with (t:12, i:310)
2025-04-23 15:46:38,399 [omNode-2-impl-thread1] INFO  server.RaftServerConfigKeys (ConfUtils.java:logGet(46)) - raft.server.log.use.memory = false (default)
2025-04-23 15:46:38,399 [omNode-2-impl-thread1] INFO  server.RaftServerConfigKeys (ConfUtils.java:logGet(46)) - raft.server.log.purge.gap = 50 (custom)
2025-04-23 15:46:38,399 [omNode-2-impl-thread1] INFO  server.RaftServerConfigKeys (ConfUtils.java:logGet(46)) - raft.server.log.appender.buffer.byte-limit = 4194304 (custom)
2025-04-23 15:46:38,399 [omNode-2-impl-thread1] INFO  server.RaftServerConfigKeys (ConfUtils.java:logGet(46)) - raft.server.log.statemachine.data.read.timeout = 1000ms (default)
2025-04-23 15:46:38,399 [omNode-2-impl-thread1] INFO  server.RaftServerConfigKeys (ConfUtils.java:logGet(46)) - raft.server.log.purge.preservation.log.num = 0 (default)
2025-04-23 15:46:38,400 [omNode-2-impl-thread1] INFO  server.RaftServerConfigKeys (ConfUtils.java:logGet(46)) - raft.server.log.segment.size.max = 4194304 (custom)
2025-04-23 15:46:38,400 [omNode-2-impl-thread1] INFO  server.RaftServerConfigKeys (ConfUtils.java:logGet(46)) - raft.server.log.segment.cache.num.max = 2 (custom)
2025-04-23 15:46:38,400 [omNode-2-impl-thread1] INFO  server.RaftServerConfigKeys (ConfUtils.java:logGet(46)) - raft.server.log.segment.cache.size.max = 200MB (=209715200) (default)
2025-04-23 15:46:38,400 [omNode-2-impl-thread1] INFO  server.RaftServerConfigKeys (ConfUtils.java:logGet(46)) - raft.server.log.appender.buffer.byte-limit = 4194304 (custom)
2025-04-23 15:46:38,400 [omNode-2-impl-thread1] INFO  util.AwaitToRun (AwaitToRun.java:start(81)) - Thread[#5826,omNode-2@group-523986131536-cacheEviction-AwaitToRun,5,main] started
2025-04-23 15:46:38,401 [omNode-2-impl-thread1] INFO  segmented.SegmentedRaftLogWorker (SegmentedRaftLogWorker.java:<init>(188)) - new omNode-2@group-523986131536-SegmentedRaftLogWorker for RaftStorageImpl:Storage Directory /home/runner/work/ozone/ozone/hadoop-ozone/integration-test/target/test-dir/MiniOzoneClusterImpl-5cf50c17-c591-473f-a8c4-88d8665d28d7/omNode-2/ratis/c9bc4cf4-3bc3-3c60-a66b-523986131536
2025-04-23 15:46:38,401 [omNode-2-impl-thread1] INFO  server.RaftServerConfigKeys (ConfUtils.java:logGet(46)) - raft.server.log.queue.byte-limit = 64MB (=67108864) (default)
2025-04-23 15:46:38,401 [omNode-2-impl-thread1] INFO  server.RaftServerConfigKeys (ConfUtils.java:logGet(46)) - raft.server.log.queue.element-limit = 4096 (default)
2025-04-23 15:46:38,401 [omNode-2-impl-thread1] INFO  server.RaftServerConfigKeys (ConfUtils.java:logGet(46)) - raft.server.log.segment.size.max = 4194304 (custom)
2025-04-23 15:46:38,401 [omNode-2-impl-thread1] INFO  server.RaftServerConfigKeys (ConfUtils.java:logGet(46)) - raft.server.log.preallocated.size = 4194304 (custom)
2025-04-23 15:46:38,401 [omNode-2-impl-thread1] INFO  server.RaftServerConfigKeys (ConfUtils.java:logGet(46)) - raft.server.log.force.sync.num = 128 (default)
2025-04-23 15:46:38,401 [omNode-2-impl-thread1] INFO  server.RaftServerConfigKeys (ConfUtils.java:logGet(46)) - raft.server.log.statemachine.data.sync = true (default)
2025-04-23 15:46:38,401 [omNode-2-impl-thread1] INFO  server.RaftServerConfigKeys (ConfUtils.java:logGet(46)) - raft.server.log.statemachine.data.sync.timeout = 10s (default)
2025-04-23 15:46:38,401 [omNode-2-impl-thread1] INFO  server.RaftServerConfigKeys (ConfUtils.java:logGet(46)) - raft.server.log.statemachine.data.sync.timeout.retry = -1 (default)
2025-04-23 15:46:38,401 [omNode-2-impl-thread1] INFO  server.RaftServerConfigKeys (ConfUtils.java:logGet(46)) - raft.server.log.write.buffer.size = 4194312 (custom)
2025-04-23 15:46:38,401 [omNode-2-impl-thread1] INFO  server.RaftServerConfigKeys (ConfUtils.java:logGet(46)) - raft.server.log.appender.buffer.byte-limit = 4194304 (custom)
2025-04-23 15:46:38,401 [omNode-2-impl-thread1] INFO  server.RaftServerConfigKeys (ConfUtils.java:logGet(46)) - raft.server.log.unsafe-flush.enabled = false (default)
2025-04-23 15:46:38,402 [omNode-2-impl-thread1] INFO  server.RaftServerConfigKeys (ConfUtils.java:logGet(46)) - raft.server.log.async-flush.enabled = false (default)
2025-04-23 15:46:38,402 [omNode-2-impl-thread1] INFO  server.RaftServerConfigKeys (ConfUtils.java:logGet(46)) - raft.server.log.statemachine.data.caching.enabled = false (default)
2025-04-23 15:46:38,402 [omNode-2-impl-thread1] INFO  server.RaftServer$Division (ServerState.java:setRaftConf(386)) - omNode-2@group-523986131536: set configuration conf: {index: 107, cur=peers:[omNode-3|localhost:15017, omNode-1|localhost:15009, omNode-2|localhost:15013]|listeners:[], old=null}
2025-04-23 15:46:38,403 [omNode-2-impl-thread1] INFO  segmented.LogSegment (LogSegment.java:loadSegment(171)) - Successfully read 202 entries from segment file /home/runner/work/ozone/ozone/hadoop-ozone/integration-test/target/test-dir/MiniOzoneClusterImpl-5cf50c17-c591-473f-a8c4-88d8665d28d7/omNode-2/ratis/c9bc4cf4-3bc3-3c60-a66b-523986131536/current/log_107-308
2025-04-23 15:46:38,404 [omNode-2-impl-thread1] INFO  server.RaftServer$Division (ServerState.java:setRaftConf(386)) - omNode-2@group-523986131536: set configuration conf: {index: 309, cur=peers:[omNode-3|localhost:15017, omNode-1|localhost:15009, omNode-2|localhost:15013]|listeners:[], old=null}
2025-04-23 15:46:38,404 [omNode-2-impl-thread1] INFO  segmented.LogSegment (LogSegment.java:loadSegment(171)) - Successfully read 2 entries from segment file /home/runner/work/ozone/ozone/hadoop-ozone/integration-test/target/test-dir/MiniOzoneClusterImpl-5cf50c17-c591-473f-a8c4-88d8665d28d7/omNode-2/ratis/c9bc4cf4-3bc3-3c60-a66b-523986131536/current/log_inprogress_309
2025-04-23 15:46:38,404 [omNode-2-impl-thread1] INFO  segmented.SegmentedRaftLogWorker (SegmentedRaftLogWorker.java:lambda$new$0(139)) - omNode-2@group-523986131536-SegmentedRaftLogWorker: flushIndex: setUnconditionally 0 -> 310
2025-04-23 15:46:38,404 [omNode-2-impl-thread1] INFO  segmented.SegmentedRaftLogWorker (SegmentedRaftLogWorker.java:lambda$new$0(139)) - omNode-2@group-523986131536-SegmentedRaftLogWorker: safeCacheEvictIndex: setUnconditionally 0 -> 308
2025-04-23 15:46:38,404 [omNode-2-impl-thread1] INFO  segmented.BufferedWriteChannel (BufferedWriteChannel.java:open(61)) - open log_inprogress_309 (append) at position 128
2025-04-23 15:46:38,404 [omNode-2-impl-thread1] INFO  raftlog.RaftLog (RaftLogBase.java:lambda$new$0(54)) - omNode-2@group-523986131536-SegmentedRaftLog: purgeIndex: updateToMax old=-1, new=106, updated? true
2025-04-23 15:46:38,404 [omNode-2-impl-thread1] INFO  server.RaftServer$Division (RaftServerImpl.java:start(391)) - omNode-2@group-523986131536: start as a follower, conf=conf: {index: 309, cur=peers:[omNode-3|localhost:15017, omNode-1|localhost:15009, omNode-2|localhost:15013]|listeners:[], old=null}
2025-04-23 15:46:38,404 [omNode-2-impl-thread1] INFO  server.RaftServer$Division (RaftServerImpl.java:setRole(378)) - omNode-2@group-523986131536: changes role from      null to FOLLOWER at term 12 for startAsFollower
2025-04-23 15:46:38,404 [omNode-2-impl-thread1] INFO  impl.RoleInfo (RoleInfo.java:updateAndGet(148)) - omNode-2: start omNode-2@group-523986131536-FollowerState
2025-04-23 15:46:38,405 [omNode-2-impl-thread1] INFO  util.JmxRegister (JmxRegister.java:tryRegister(44)) - Successfully registered JMX Bean with object name Ratis:service=RaftServer,group=group-523986131536,id=omNode-2
2025-04-23 15:46:38,405 [omNode-2-impl-thread1] INFO  util.JmxRegister (JmxRegister.java:register(58)) - register mxBean class org.apache.ratis.server.impl.RaftServerJmxAdapter as Ratis:service=RaftServer,group=group-523986131536,id=omNode-2
2025-04-23 15:46:38,405 [omNode-2@group-523986131536-FollowerState] INFO  server.RaftServerConfigKeys (ConfUtils.java:logFallback(53)) - raft.server.rpc.first-election.timeout.min = 1s (fallback to raft.server.rpc.timeout.min)
2025-04-23 15:46:38,405 [omNode-2@group-523986131536-FollowerState] INFO  server.RaftServerConfigKeys (ConfUtils.java:logFallback(53)) - raft.server.rpc.first-election.timeout.max = 1200ms (fallback to raft.server.rpc.timeout.max)
2025-04-23 15:46:38,405 [omNode-2-impl-thread1] INFO  server.RaftServerConfigKeys (ConfUtils.java:logGet(46)) - raft.server.snapshot.trigger-when-stop.enabled = true (default)
2025-04-23 15:46:38,405 [omNode-2-impl-thread1] INFO  server.RaftServerConfigKeys (ConfUtils.java:logGet(46)) - raft.server.snapshot.trigger-when-remove.enabled = true (default)
2025-04-23 15:46:38,405 [omNode-2-impl-thread1] INFO  server.RaftServerConfigKeys (ConfUtils.java:logGet(46)) - raft.server.snapshot.auto.trigger.enabled = true (custom)
2025-04-23 15:46:38,405 [omNode-2-impl-thread1] INFO  server.RaftServerConfigKeys (ConfUtils.java:logGet(46)) - raft.server.snapshot.auto.trigger.threshold = 50 (custom)
2025-04-23 15:46:38,405 [omNode-2-impl-thread1] INFO  server.RaftServerConfigKeys (ConfUtils.java:logGet(46)) - raft.server.snapshot.retention.file.num = -1 (default)
2025-04-23 15:46:38,405 [omNode-2-impl-thread1] INFO  server.RaftServerConfigKeys (ConfUtils.java:logGet(46)) - raft.server.log.purge.upto.snapshot.index = true (custom)
2025-04-23 15:46:38,406 [omNode-2-impl-thread1] INFO  server.RaftServer$Division (RaftServerImpl.java:start(405)) - omNode-2@group-523986131536: Successfully started.
2025-04-23 15:46:38,406 [main] INFO  server.RaftServer (RaftServerProxy.java:startImpl(407)) - omNode-2: start RPC server
2025-04-23 15:46:38,406 [main] INFO  server.GrpcService (GrpcService.java:startImpl(334)) - omNode-2: GrpcService started, listening on 15013
2025-04-23 15:46:38,407 [main] INFO  om.OzoneManager (OzoneManager.java:getRpcServer(1360)) - Creating RPC Server
2025-04-23 15:46:38,407 [JvmPauseMonitor31] INFO  util.JvmPauseMonitor (JvmPauseMonitor.java:run(146)) - JvmPauseMonitor-omNode-2: Started
2025-04-23 15:46:38,534 [omNode-3@group-523986131536-FollowerState] INFO  impl.FollowerState (FollowerState.java:runImpl(161)) - omNode-3@group-523986131536-FollowerState: change to CANDIDATE, lastRpcElapsedTime:1040511771ns, electionTimeout:1040ms
2025-04-23 15:46:38,535 [omNode-3@group-523986131536-FollowerState] INFO  impl.RoleInfo (RoleInfo.java:shutdownFollowerState(121)) - omNode-3: shutdown omNode-3@group-523986131536-FollowerState
2025-04-23 15:46:38,535 [omNode-3@group-523986131536-FollowerState] INFO  server.RaftServer$Division (RaftServerImpl.java:setRole(378)) - omNode-3@group-523986131536: changes role from  FOLLOWER to CANDIDATE at term 11 for changeToCandidate
2025-04-23 15:46:38,535 [omNode-3@group-523986131536-FollowerState] INFO  server.RaftServerConfigKeys (ConfUtils.java:logGet(46)) - raft.server.leaderelection.pre-vote = true (default)
2025-04-23 15:46:38,535 [omNode-3@group-523986131536-FollowerState] INFO  impl.RoleInfo (RoleInfo.java:updateAndGet(148)) - omNode-3: start omNode-3@group-523986131536-LeaderElection28
2025-04-23 15:46:38,537 [omNode-3@group-523986131536-LeaderElection28] INFO  impl.LeaderElection (LeaderElection.java:askForVotes(332)) - omNode-3@group-523986131536-LeaderElection28 PRE_VOTE round 0: submit vote requests at term 11 for conf: {index: 107, cur=peers:[omNode-3|localhost:15017, omNode-1|localhost:15009, omNode-2|localhost:15013]|listeners:[], old=null}
2025-04-23 15:46:38,538 [omNode-3@group-523986131536-LeaderElection28-1] INFO  server.GrpcServerProtocolClient (GrpcServerProtocolClient.java:<init>(65)) - Build channel for omNode-1|localhost:15009
2025-04-23 15:46:38,538 [omNode-3@group-523986131536-LeaderElection28-2] INFO  server.GrpcServerProtocolClient (GrpcServerProtocolClient.java:<init>(65)) - Build channel for omNode-2|localhost:15013
2025-04-23 15:46:38,538 [omNode-3@group-523986131536-LeaderElection28] INFO  server.RaftServerConfigKeys (ConfUtils.java:logFallback(53)) - raft.server.rpc.first-election.timeout.min = 1s (fallback to raft.server.rpc.timeout.min)
2025-04-23 15:46:38,539 [omNode-3@group-523986131536-LeaderElection28] INFO  server.RaftServerConfigKeys (ConfUtils.java:logFallback(53)) - raft.server.rpc.first-election.timeout.max = 1200ms (fallback to raft.server.rpc.timeout.max)
2025-04-23 15:46:38,545 [grpc-default-executor-2] INFO  server.RaftServer$Division (RaftServerImpl.java:requestVote(1407)) - omNode-2@group-523986131536: receive requestVote(PRE_VOTE, omNode-3, group-523986131536, 11, (t:11, i:308))
2025-04-23 15:46:38,546 [grpc-default-executor-2] INFO  impl.VoteContext (VoteContext.java:log(49)) - omNode-2@group-523986131536-FOLLOWER: reject PRE_VOTE from omNode-3: our last entry (t:12, i:310) > candidate's last entry (t:11, i:308)
2025-04-23 15:46:38,546 [grpc-default-executor-2] INFO  server.RaftServer$Division (RaftServerImpl.java:requestVote(1441)) - omNode-2@group-523986131536 replies to PRE_VOTE vote request: omNode-3<-omNode-2#0:FAIL-t12. Peer's state: omNode-2@group-523986131536:t12, leader=null, voted=omNode-2, raftlog=Memoized:omNode-2@group-523986131536-SegmentedRaftLog:OPENED:c310:last(t:12, i:310), conf=conf: {index: 309, cur=peers:[omNode-3|localhost:15017, omNode-1|localhost:15009, omNode-2|localhost:15013]|listeners:[], old=null}
2025-04-23 15:46:38,547 [grpc-default-executor-6] INFO  server.RaftServer$Division (RaftServerImpl.java:requestVote(1407)) - omNode-1@group-523986131536: receive requestVote(PRE_VOTE, omNode-3, group-523986131536, 11, (t:11, i:308))
2025-04-23 15:46:38,547 [omNode-3@group-523986131536-LeaderElection28] INFO  impl.LeaderElection (LeaderElection.java:logAndReturn(90)) - omNode-3@group-523986131536-LeaderElection28: PRE_VOTE DISCOVERED_A_NEW_TERM (term=12) received 1 response(s) and 0 exception(s):
2025-04-23 15:46:38,547 [omNode-3@group-523986131536-LeaderElection28] INFO  impl.LeaderElection (LeaderElection.java:logAndReturn(94)) -   Response 0: omNode-3<-omNode-2#0:FAIL-t12
2025-04-23 15:46:38,547 [grpc-default-executor-6] INFO  impl.VoteContext (VoteContext.java:log(49)) - omNode-1@group-523986131536-FOLLOWER: reject PRE_VOTE from omNode-3: our last entry (t:12, i:310) > candidate's last entry (t:11, i:308)
2025-04-23 15:46:38,547 [grpc-default-executor-6] INFO  server.RaftServer$Division (RaftServerImpl.java:requestVote(1441)) - omNode-1@group-523986131536 replies to PRE_VOTE vote request: omNode-3<-omNode-1#0:FAIL-t12. Peer's state: omNode-1@group-523986131536:t12, leader=null, voted=omNode-2, raftlog=Memoized:omNode-1@group-523986131536-SegmentedRaftLog:OPENED:c310:last(t:12, i:310), conf=conf: {index: 309, cur=peers:[omNode-3|localhost:15017, omNode-1|localhost:15009, omNode-2|localhost:15013]|listeners:[], old=null}
2025-04-23 15:46:38,547 [omNode-3@group-523986131536-LeaderElection28] INFO  impl.LeaderElection (LeaderElection.java:askForVotes(334)) - omNode-3@group-523986131536-LeaderElection28 PRE_VOTE round 0: result DISCOVERED_A_NEW_TERM (term=12)
2025-04-23 15:46:38,547 [omNode-3@group-523986131536-LeaderElection28] INFO  server.RaftServer$Division (RaftServerImpl.java:setRole(378)) - omNode-3@group-523986131536: changes role from CANDIDATE to FOLLOWER at term 11 for DISCOVERED_A_NEW_TERM (term=12)
2025-04-23 15:46:38,547 [omNode-3@group-523986131536-LeaderElection28] INFO  impl.RoleInfo (RoleInfo.java:shutdownLeaderElection(141)) - omNode-3: shutdown omNode-3@group-523986131536-LeaderElection28
2025-04-23 15:46:38,547 [omNode-3@group-523986131536-LeaderElection28] INFO  impl.RoleInfo (RoleInfo.java:updateAndGet(148)) - omNode-3: start omNode-3@group-523986131536-FollowerState
2025-04-23 15:46:38,548 [omNode-3@group-523986131536-LeaderElection28] INFO  server.RaftServer$Division (RaftServerImpl.java:setFirstElection(562)) - omNode-3@group-523986131536: set firstElectionSinceStartup to false for DISCOVERED_A_NEW_TERM (term=12)
2025-04-23 15:46:38,807 [main] INFO  reflections.Reflections (Reflections.java:scan(219)) - Reflections took 400 ms to scan 22 urls, producing 61 keys and 7422 values
2025-04-23 15:46:38,808 [main] INFO  ipc.CallQueueManager (CallQueueManager.java:<init>(93)) - Using callQueue: class java.util.concurrent.LinkedBlockingQueue, queueCapacity: 2000, scheduler: class org.apache.hadoop.ipc.DefaultRpcScheduler, ipcBackoff: false, ipcFailOver: false.
2025-04-23 15:46:38,808 [main] INFO  ipc.Server (Server.java:<init>(1438)) - Listener at localhost:15010
2025-04-23 15:46:38,808 [Socket Reader #1 for port 15010] INFO  ipc.Server (Server.java:run(1474)) - Starting Socket Reader #1 for port 15010
2025-04-23 15:46:38,808 [Socket Reader #2 for port 15010] INFO  ipc.Server (Server.java:run(1474)) - Starting Socket Reader #2 for port 15010
2025-04-23 15:46:38,808 [Socket Reader #3 for port 15010] INFO  ipc.Server (Server.java:run(1474)) - Starting Socket Reader #3 for port 15010
2025-04-23 15:46:38,809 [Socket Reader #4 for port 15010] INFO  ipc.Server (Server.java:run(1474)) - Starting Socket Reader #4 for port 15010
2025-04-23 15:46:38,809 [Socket Reader #5 for port 15010] INFO  ipc.Server (Server.java:run(1474)) - Starting Socket Reader #5 for port 15010
2025-04-23 15:46:38,809 [Socket Reader #6 for port 15010] INFO  ipc.Server (Server.java:run(1474)) - Starting Socket Reader #6 for port 15010
2025-04-23 15:46:38,809 [Socket Reader #7 for port 15010] INFO  ipc.Server (Server.java:run(1474)) - Starting Socket Reader #7 for port 15010
2025-04-23 15:46:38,809 [Socket Reader #8 for port 15010] INFO  ipc.Server (Server.java:run(1474)) - Starting Socket Reader #8 for port 15010
2025-04-23 15:46:38,809 [Socket Reader #9 for port 15010] INFO  ipc.Server (Server.java:run(1474)) - Starting Socket Reader #9 for port 15010
2025-04-23 15:46:38,809 [Socket Reader #10 for port 15010] INFO  ipc.Server (Server.java:run(1474)) - Starting Socket Reader #10 for port 15010
2025-04-23 15:46:38,811 [main] INFO  http.BaseHttpServer (BaseHttpServer.java:newHttpServer2BuilderForOzone(229)) - Starting Web-server for ozoneManager at: http://0.0.0.0:15011
2025-04-23 15:46:38,811 [main] INFO  http.BaseHttpServer (BaseHttpServer.java:<init>(107)) - Hadoop Security Enabled: false Ozone Security Enabled: false Ozone HTTP Security Enabled: false 
2025-04-23 15:46:38,812 [main] WARN  server.AuthenticationFilter (AuthenticationFilter.java:constructSecretProvider(240)) - Unable to initialize FileSignerSecretProvider, falling back to use random secrets. Reason: Could not read signature secret file: /home/runner/hadoop-http-auth-signature-secret
2025-04-23 15:46:38,814 [main] INFO  http.HttpServer2 (HttpServer2.java:addGlobalFilter(1041)) - Added global filter 'safety' (class=org.apache.hadoop.hdds.server.http.HttpServer2$QuotingInputFilter)
2025-04-23 15:46:38,814 [main] INFO  http.HttpServer2 (HttpServer2.java:addFilter(1017)) - Added filter static_user_filter (class=org.apache.hadoop.http.lib.StaticUserWebFilter$StaticUserFilter) to context ozoneManager
2025-04-23 15:46:38,814 [main] INFO  http.HttpServer2 (HttpServer2.java:addFilter(1025)) - Added filter static_user_filter (class=org.apache.hadoop.http.lib.StaticUserWebFilter$StaticUserFilter) to context static
2025-04-23 15:46:38,814 [main] INFO  http.HttpServer2 (HttpServer2.java:addFilter(1025)) - Added filter static_user_filter (class=org.apache.hadoop.http.lib.StaticUserWebFilter$StaticUserFilter) to context logs
2025-04-23 15:46:38,815 [main] INFO  http.BaseHttpServer (BaseHttpServer.java:<init>(195)) - HTTP server of ozoneManager uses base directory /home/runner/work/ozone/ozone/hadoop-ozone/integration-test/target/test-dir/MiniOzoneClusterImpl-5cf50c17-c591-473f-a8c4-88d8665d28d7/omNode-2/webserver
2025-04-23 15:46:38,815 [main] INFO  http.HttpServer2 (HttpServer2.java:bindListener(1241)) - Jetty bound to port 15011
2025-04-23 15:46:38,815 [main] INFO  server.Server (Server.java:doStart(375)) - jetty-9.4.57.v20241219; built: 2025-01-08T21:24:30.412Z; git: df524e6b29271c2e09ba9aea83c18dc9db464a31; jvm 21.0.7+6-LTS
2025-04-23 15:46:38,816 [main] INFO  server.session (DefaultSessionIdManager.java:doStart(334)) - DefaultSessionIdManager workerName=node0
2025-04-23 15:46:38,817 [main] INFO  server.session (DefaultSessionIdManager.java:doStart(339)) - No SessionScavenger set, using defaults
2025-04-23 15:46:38,817 [main] INFO  server.session (HouseKeeper.java:startScavenging(132)) - node0 Scavenging every 600000ms
2025-04-23 15:46:38,817 [main] INFO  handler.ContextHandler (ContextHandler.java:doStart(921)) - Started o.e.j.s.ServletContextHandler@61638c16{logs,/logs,file:///home/runner/work/ozone/ozone/hadoop-ozone/integration-test/target/log,AVAILABLE}
2025-04-23 15:46:38,817 [main] INFO  handler.ContextHandler (ContextHandler.java:doStart(921)) - Started o.e.j.s.ServletContextHandler@2298e089{static,/static,file:///home/runner/work/ozone/ozone/hadoop-ozone/integration-test/target/test-classes/webapps/static,AVAILABLE}
2025-04-23 15:46:38,821 [main] INFO  handler.ContextHandler (ContextHandler.java:doStart(921)) - Started o.e.j.w.WebAppContext@2b1ccc5a{ozoneManager,/,file:///home/runner/work/ozone/ozone/hadoop-ozone/integration-test/target/test-classes/webapps/ozoneManager/,AVAILABLE}{file:/home/runner/work/ozone/ozone/hadoop-ozone/integration-test/target/test-classes/webapps/ozoneManager}
2025-04-23 15:46:38,821 [main] INFO  server.AbstractConnector (AbstractConnector.java:doStart(333)) - Started ServerConnector@44ad8c6e{HTTP/1.1, (http/1.1)}{0.0.0.0:15011}
2025-04-23 15:46:38,821 [main] INFO  server.Server (Server.java:doStart(415)) - Started @133803ms
2025-04-23 15:46:38,821 [main] WARN  impl.MetricsSystemImpl (MetricsSystemImpl.java:register(279)) - Sink prometheus already exists!
2025-04-23 15:46:38,822 [main] INFO  http.BaseHttpServer (BaseHttpServer.java:updateConnectorAddress(360)) - HTTP server of ozoneManager listening at http://0.0.0.0:15011
2025-04-23 15:46:38,822 [IPC Server Responder] INFO  ipc.Server (Server.java:run(1713)) - IPC Server Responder: starting
2025-04-23 15:46:38,822 [IPC Server listener on 15010] INFO  ipc.Server (Server.java:run(1553)) - IPC Server listener on 15010: starting
2025-04-23 15:46:38,824 [main] INFO  om.OzoneManager (OzoneManager.java:startTrashEmptier(2257)) - Trash Interval set to 0. Files deleted won't move to trash
]]></system-out>
  </testcase>
  <testcase name="oneOMDown" classname="org.apache.hadoop.ozone.om.TestOzoneManagerHAWithStoppedNodes" time="10.884">
    <system-out><![CDATA[2025-04-23 15:46:38,958 [omNode-1@group-523986131536-FollowerState] INFO  impl.FollowerState (FollowerState.java:runImpl(161)) - omNode-1@group-523986131536-FollowerState: change to CANDIDATE, lastRpcElapsedTime:1002821184ns, electionTimeout:1002ms
2025-04-23 15:46:38,958 [omNode-1@group-523986131536-FollowerState] INFO  impl.RoleInfo (RoleInfo.java:shutdownFollowerState(121)) - omNode-1: shutdown omNode-1@group-523986131536-FollowerState
2025-04-23 15:46:38,958 [omNode-1@group-523986131536-FollowerState] INFO  server.RaftServer$Division (RaftServerImpl.java:setRole(378)) - omNode-1@group-523986131536: changes role from  FOLLOWER to CANDIDATE at term 12 for changeToCandidate
2025-04-23 15:46:38,958 [omNode-1@group-523986131536-FollowerState] INFO  server.RaftServerConfigKeys (ConfUtils.java:logGet(46)) - raft.server.leaderelection.pre-vote = true (default)
2025-04-23 15:46:38,958 [omNode-1@group-523986131536-FollowerState] INFO  impl.RoleInfo (RoleInfo.java:updateAndGet(148)) - omNode-1: start omNode-1@group-523986131536-LeaderElection29
2025-04-23 15:46:38,959 [omNode-1@group-523986131536-LeaderElection29] INFO  impl.LeaderElection (LeaderElection.java:askForVotes(332)) - omNode-1@group-523986131536-LeaderElection29 PRE_VOTE round 0: submit vote requests at term 12 for conf: {index: 309, cur=peers:[omNode-3|localhost:15017, omNode-1|localhost:15009, omNode-2|localhost:15013]|listeners:[], old=null}
2025-04-23 15:46:38,959 [omNode-1@group-523986131536-LeaderElection29-1] INFO  server.GrpcServerProtocolClient (GrpcServerProtocolClient.java:<init>(65)) - Build channel for omNode-3|localhost:15017
2025-04-23 15:46:38,959 [omNode-1@group-523986131536-LeaderElection29] INFO  server.RaftServerConfigKeys (ConfUtils.java:logFallback(53)) - raft.server.rpc.first-election.timeout.min = 1s (fallback to raft.server.rpc.timeout.min)
2025-04-23 15:46:38,959 [omNode-1@group-523986131536-LeaderElection29] INFO  server.RaftServerConfigKeys (ConfUtils.java:logFallback(53)) - raft.server.rpc.first-election.timeout.max = 1200ms (fallback to raft.server.rpc.timeout.max)
2025-04-23 15:46:38,959 [omNode-1@group-523986131536-LeaderElection29-2] INFO  server.GrpcServerProtocolClient (GrpcServerProtocolClient.java:<init>(65)) - Build channel for omNode-2|localhost:15013
2025-04-23 15:46:38,963 [grpc-default-executor-2] INFO  server.RaftServer$Division (RaftServerImpl.java:requestVote(1407)) - omNode-3@group-523986131536: receive requestVote(PRE_VOTE, omNode-1, group-523986131536, 12, (t:12, i:310))
2025-04-23 15:46:38,963 [grpc-default-executor-6] INFO  server.RaftServer$Division (RaftServerImpl.java:requestVote(1407)) - omNode-2@group-523986131536: receive requestVote(PRE_VOTE, omNode-1, group-523986131536, 12, (t:12, i:310))
2025-04-23 15:46:38,963 [grpc-default-executor-2] INFO  impl.VoteContext (VoteContext.java:log(49)) - omNode-3@group-523986131536-FOLLOWER: accept PRE_VOTE from omNode-1: our last entry (t:11, i:308) < candidate's last entry (t:12, i:310)
2025-04-23 15:46:38,963 [grpc-default-executor-6] INFO  impl.VoteContext (VoteContext.java:log(49)) - omNode-2@group-523986131536-FOLLOWER: accept PRE_VOTE from omNode-1: our priority 0 <= candidate's priority 0
2025-04-23 15:46:38,963 [grpc-default-executor-2] INFO  server.RaftServer$Division (RaftServerImpl.java:requestVote(1441)) - omNode-3@group-523986131536 replies to PRE_VOTE vote request: omNode-1<-omNode-3#0:OK-t12. Peer's state: omNode-3@group-523986131536:t12, leader=null, voted=null, raftlog=Memoized:omNode-3@group-523986131536-SegmentedRaftLog:OPENED:c308:last(t:11, i:308), conf=conf: {index: 107, cur=peers:[omNode-3|localhost:15017, omNode-1|localhost:15009, omNode-2|localhost:15013]|listeners:[], old=null}
2025-04-23 15:46:38,963 [grpc-default-executor-6] INFO  server.RaftServer$Division (RaftServerImpl.java:requestVote(1441)) - omNode-2@group-523986131536 replies to PRE_VOTE vote request: omNode-1<-omNode-2#0:OK-t12. Peer's state: omNode-2@group-523986131536:t12, leader=null, voted=omNode-2, raftlog=Memoized:omNode-2@group-523986131536-SegmentedRaftLog:OPENED:c310:last(t:12, i:310), conf=conf: {index: 309, cur=peers:[omNode-3|localhost:15017, omNode-1|localhost:15009, omNode-2|localhost:15013]|listeners:[], old=null}
2025-04-23 15:46:38,964 [omNode-1@group-523986131536-LeaderElection29] INFO  impl.LeaderElection (LeaderElection.java:logAndReturn(90)) - omNode-1@group-523986131536-LeaderElection29: PRE_VOTE PASSED received 1 response(s) and 0 exception(s):
2025-04-23 15:46:38,964 [omNode-1@group-523986131536-LeaderElection29] INFO  impl.LeaderElection (LeaderElection.java:logAndReturn(94)) -   Response 0: omNode-1<-omNode-2#0:OK-t12
2025-04-23 15:46:38,964 [omNode-1@group-523986131536-LeaderElection29] INFO  impl.LeaderElection (LeaderElection.java:askForVotes(334)) - omNode-1@group-523986131536-LeaderElection29 PRE_VOTE round 0: result PASSED
2025-04-23 15:46:38,965 [omNode-1@group-523986131536-LeaderElection29] INFO  impl.LeaderElection (LeaderElection.java:askForVotes(332)) - omNode-1@group-523986131536-LeaderElection29 ELECTION round 0: submit vote requests at term 13 for conf: {index: 309, cur=peers:[omNode-3|localhost:15017, omNode-1|localhost:15009, omNode-2|localhost:15013]|listeners:[], old=null}
2025-04-23 15:46:38,965 [omNode-1@group-523986131536-LeaderElection29] INFO  server.RaftServerConfigKeys (ConfUtils.java:logFallback(53)) - raft.server.rpc.first-election.timeout.min = 1s (fallback to raft.server.rpc.timeout.min)
2025-04-23 15:46:38,965 [omNode-1@group-523986131536-LeaderElection29] INFO  server.RaftServerConfigKeys (ConfUtils.java:logFallback(53)) - raft.server.rpc.first-election.timeout.max = 1200ms (fallback to raft.server.rpc.timeout.max)
2025-04-23 15:46:38,966 [grpc-default-executor-6] INFO  server.RaftServer$Division (RaftServerImpl.java:requestVote(1407)) - omNode-3@group-523986131536: receive requestVote(ELECTION, omNode-1, group-523986131536, 13, (t:12, i:310))
2025-04-23 15:46:38,966 [grpc-default-executor-6] INFO  impl.VoteContext (VoteContext.java:log(49)) - omNode-3@group-523986131536-FOLLOWER: accept ELECTION from omNode-1: our last entry (t:11, i:308) < candidate's last entry (t:12, i:310)
2025-04-23 15:46:38,966 [grpc-default-executor-6] INFO  server.RaftServer$Division (RaftServerImpl.java:setRole(378)) - omNode-3@group-523986131536: changes role from  FOLLOWER to FOLLOWER at term 12 for candidate:omNode-1
2025-04-23 15:46:38,966 [grpc-default-executor-6] INFO  impl.RoleInfo (RoleInfo.java:shutdownFollowerState(121)) - omNode-3: shutdown omNode-3@group-523986131536-FollowerState
2025-04-23 15:46:38,966 [grpc-default-executor-2] INFO  server.RaftServer$Division (RaftServerImpl.java:requestVote(1407)) - omNode-2@group-523986131536: receive requestVote(ELECTION, omNode-1, group-523986131536, 13, (t:12, i:310))
2025-04-23 15:46:38,966 [grpc-default-executor-6] INFO  impl.RoleInfo (RoleInfo.java:updateAndGet(148)) - omNode-3: start omNode-3@group-523986131536-FollowerState
2025-04-23 15:46:38,966 [grpc-default-executor-2] INFO  impl.VoteContext (VoteContext.java:log(49)) - omNode-2@group-523986131536-FOLLOWER: accept ELECTION from omNode-1: our priority 0 <= candidate's priority 0
2025-04-23 15:46:38,966 [omNode-3@group-523986131536-FollowerState] INFO  impl.FollowerState (FollowerState.java:runImpl(170)) - omNode-3@group-523986131536-FollowerState was interrupted
2025-04-23 15:46:38,966 [grpc-default-executor-2] INFO  server.RaftServer$Division (RaftServerImpl.java:setRole(378)) - omNode-2@group-523986131536: changes role from  FOLLOWER to FOLLOWER at term 12 for candidate:omNode-1
2025-04-23 15:46:38,967 [grpc-default-executor-2] INFO  impl.RoleInfo (RoleInfo.java:shutdownFollowerState(121)) - omNode-2: shutdown omNode-2@group-523986131536-FollowerState
2025-04-23 15:46:38,967 [grpc-default-executor-2] INFO  impl.RoleInfo (RoleInfo.java:updateAndGet(148)) - omNode-2: start omNode-2@group-523986131536-FollowerState
2025-04-23 15:46:38,967 [omNode-2@group-523986131536-FollowerState] INFO  impl.FollowerState (FollowerState.java:runImpl(170)) - omNode-2@group-523986131536-FollowerState was interrupted
2025-04-23 15:46:38,967 [grpc-default-executor-2] INFO  server.RaftServer$Division (RaftServerImpl.java:setFirstElection(562)) - omNode-2@group-523986131536: set firstElectionSinceStartup to false for candidate:omNode-1
2025-04-23 15:46:38,968 [grpc-default-executor-6] INFO  server.RaftServer$Division (RaftServerImpl.java:requestVote(1441)) - omNode-3@group-523986131536 replies to ELECTION vote request: omNode-1<-omNode-3#0:OK-t13. Peer's state: omNode-3@group-523986131536:t13, leader=null, voted=omNode-1, raftlog=Memoized:omNode-3@group-523986131536-SegmentedRaftLog:OPENED:c308:last(t:11, i:308), conf=conf: {index: 107, cur=peers:[omNode-3|localhost:15017, omNode-1|localhost:15009, omNode-2|localhost:15013]|listeners:[], old=null}
2025-04-23 15:46:38,968 [grpc-default-executor-2] INFO  server.RaftServer$Division (RaftServerImpl.java:requestVote(1441)) - omNode-2@group-523986131536 replies to ELECTION vote request: omNode-1<-omNode-2#0:OK-t13. Peer's state: omNode-2@group-523986131536:t13, leader=null, voted=omNode-1, raftlog=Memoized:omNode-2@group-523986131536-SegmentedRaftLog:OPENED:c310:last(t:12, i:310), conf=conf: {index: 309, cur=peers:[omNode-3|localhost:15017, omNode-1|localhost:15009, omNode-2|localhost:15013]|listeners:[], old=null}
2025-04-23 15:46:38,968 [omNode-1@group-523986131536-LeaderElection29] INFO  impl.LeaderElection (LeaderElection.java:logAndReturn(90)) - omNode-1@group-523986131536-LeaderElection29: ELECTION PASSED received 1 response(s) and 0 exception(s):
2025-04-23 15:46:38,968 [omNode-1@group-523986131536-LeaderElection29] INFO  impl.LeaderElection (LeaderElection.java:logAndReturn(94)) -   Response 0: omNode-1<-omNode-3#0:OK-t13
2025-04-23 15:46:38,968 [omNode-1@group-523986131536-LeaderElection29] INFO  impl.LeaderElection (LeaderElection.java:askForVotes(334)) - omNode-1@group-523986131536-LeaderElection29 ELECTION round 0: result PASSED
2025-04-23 15:46:38,968 [omNode-1@group-523986131536-LeaderElection29] INFO  impl.RoleInfo (RoleInfo.java:shutdownLeaderElection(141)) - omNode-1: shutdown omNode-1@group-523986131536-LeaderElection29
2025-04-23 15:46:38,969 [omNode-1@group-523986131536-LeaderElection29] INFO  server.RaftServer$Division (RaftServerImpl.java:setRole(378)) - omNode-1@group-523986131536: changes role from CANDIDATE to LEADER at term 13 for changeToLeader
2025-04-23 15:46:38,969 [omNode-1@group-523986131536-LeaderElection29] INFO  server.RaftServerConfigKeys (ConfUtils.java:logGet(46)) - raft.server.staging.catchup.gap = 1000 (default)
2025-04-23 15:46:38,969 [omNode-1@group-523986131536-LeaderElection29] INFO  server.RaftServerConfigKeys (ConfUtils.java:logGet(46)) - raft.server.write.element-limit = 4096 (default)
2025-04-23 15:46:38,969 [omNode-1@group-523986131536-LeaderElection29] INFO  server.RaftServerConfigKeys (ConfUtils.java:logGet(46)) - raft.server.write.byte-limit = 64MB (=67108864) (default)
2025-04-23 15:46:38,969 [omNode-1@group-523986131536-LeaderElection29] INFO  server.RaftServerConfigKeys (ConfUtils.java:logGet(46)) - raft.server.watch.timeout = 10s (default)
2025-04-23 15:46:38,969 [omNode-1@group-523986131536-LeaderElection29] INFO  server.RaftServerConfigKeys (ConfUtils.java:logGet(46)) - raft.server.watch.timeout.denomination = 1s (default)
2025-04-23 15:46:38,969 [omNode-1@group-523986131536-LeaderElection29] INFO  server.RaftServerConfigKeys (ConfUtils.java:logGet(46)) - raft.server.watch.element-limit = 65536 (default)
2025-04-23 15:46:38,970 [omNode-1@group-523986131536-LeaderElection29] INFO  server.RaftServerConfigKeys (ConfUtils.java:logGet(46)) - raft.server.read.leader.lease.enabled = false (default)
2025-04-23 15:46:38,970 [omNode-1@group-523986131536-LeaderElection29] INFO  server.RaftServerConfigKeys (ConfUtils.java:logGet(46)) - raft.server.read.leader.lease.timeout.ratio = 0.9 (default)
2025-04-23 15:46:38,970 [omNode-1@group-523986131536-LeaderElection29] INFO  server.RaftServerConfigKeys (ConfUtils.java:logGet(46)) - raft.server.rpc.timeout.min = 1s (custom)
2025-04-23 15:46:38,970 [omNode-1@group-523986131536-LeaderElection29] INFO  server.RaftServerConfigKeys (ConfUtils.java:logGet(46)) - raft.server.log.log-metadata.enabled = true (default)
2025-04-23 15:46:38,970 [omNode-1@group-523986131536-LeaderElection29] INFO  server.RaftServerConfigKeys (ConfUtils.java:logGet(46)) - raft.server.write.element-limit = 4096 (default)
2025-04-23 15:46:38,970 [omNode-1@group-523986131536-LeaderElection29] INFO  server.RaftServerConfigKeys (ConfUtils.java:logGet(46)) - raft.server.write.follower.gap.ratio.max = -1.0 (default)
2025-04-23 15:46:38,970 [omNode-1@group-523986131536-LeaderElection29] INFO  server.RaftServerConfigKeys (ConfUtils.java:logGet(46)) - raft.server.log.appender.snapshot.chunk.size.max = 16MB (=16777216) (default)
2025-04-23 15:46:38,971 [omNode-1@group-523986131536-LeaderElection29] INFO  server.RaftServerConfigKeys (ConfUtils.java:logGet(46)) - raft.server.log.appender.buffer.byte-limit = 4194304 (custom)
2025-04-23 15:46:38,971 [omNode-1@group-523986131536-LeaderElection29] INFO  server.RaftServerConfigKeys (ConfUtils.java:logGet(46)) - raft.server.log.appender.buffer.element-limit = 1024 (custom)
2025-04-23 15:46:38,971 [omNode-1@group-523986131536-LeaderElection29] INFO  server.RaftServerConfigKeys (ConfUtils.java:logGet(46)) - raft.server.log.appender.wait-time.min = 0ms (custom)
2025-04-23 15:46:38,971 [omNode-1@group-523986131536-LeaderElection29] INFO  grpc.GrpcConfigKeys (ConfUtils.java:logGet(46)) - raft.grpc.server.leader.outstanding.appends.max = 8 (default)
2025-04-23 15:46:38,971 [omNode-1@group-523986131536-LeaderElection29] INFO  server.RaftServerConfigKeys (ConfUtils.java:logGet(46)) - raft.server.rpc.request.timeout = 3000ms (default)
2025-04-23 15:46:38,971 [omNode-1@group-523986131536-LeaderElection29] INFO  grpc.GrpcConfigKeys (ConfUtils.java:logGet(46)) - raft.grpc.server.install_snapshot.request.element-limit = 8 (default)
2025-04-23 15:46:38,971 [omNode-1@group-523986131536-LeaderElection29] INFO  grpc.GrpcConfigKeys (ConfUtils.java:logGet(46)) - raft.grpc.server.install_snapshot.request.timeout = 3000ms (default)
2025-04-23 15:46:38,971 [omNode-1@group-523986131536-LeaderElection29] INFO  grpc.GrpcConfigKeys (ConfUtils.java:logGet(46)) - raft.grpc.server.log-message.batch.duration = 5s (default)
2025-04-23 15:46:38,971 [omNode-1@group-523986131536-LeaderElection29] INFO  server.RaftServerConfigKeys (ConfUtils.java:logGet(46)) - raft.server.log.appender.install.snapshot.enabled = false (custom)
2025-04-23 15:46:38,971 [omNode-1@group-523986131536-LeaderElection29] INFO  grpc.GrpcConfigKeys (ConfUtils.java:logGet(46)) - raft.grpc.server.heartbeat.channel = true (default)
2025-04-23 15:46:38,972 [omNode-1@group-523986131536-LeaderElection29] INFO  server.RaftServerConfigKeys (ConfUtils.java:logGet(46)) - raft.server.log.appender.snapshot.chunk.size.max = 16MB (=16777216) (default)
2025-04-23 15:46:38,972 [omNode-1@group-523986131536-LeaderElection29] INFO  server.RaftServerConfigKeys (ConfUtils.java:logGet(46)) - raft.server.log.appender.buffer.byte-limit = 4194304 (custom)
2025-04-23 15:46:38,972 [omNode-1@group-523986131536-LeaderElection29] INFO  server.RaftServerConfigKeys (ConfUtils.java:logGet(46)) - raft.server.log.appender.buffer.element-limit = 1024 (custom)
2025-04-23 15:46:38,972 [omNode-1@group-523986131536-LeaderElection29] INFO  server.RaftServerConfigKeys (ConfUtils.java:logGet(46)) - raft.server.log.appender.wait-time.min = 0ms (custom)
2025-04-23 15:46:38,972 [omNode-1@group-523986131536-LeaderElection29] INFO  grpc.GrpcConfigKeys (ConfUtils.java:logGet(46)) - raft.grpc.server.leader.outstanding.appends.max = 8 (default)
2025-04-23 15:46:38,972 [omNode-1@group-523986131536-LeaderElection29] INFO  server.RaftServerConfigKeys (ConfUtils.java:logGet(46)) - raft.server.rpc.request.timeout = 3000ms (default)
2025-04-23 15:46:38,972 [omNode-1@group-523986131536-LeaderElection29] INFO  grpc.GrpcConfigKeys (ConfUtils.java:logGet(46)) - raft.grpc.server.install_snapshot.request.element-limit = 8 (default)
2025-04-23 15:46:38,972 [omNode-1@group-523986131536-LeaderElection29] INFO  grpc.GrpcConfigKeys (ConfUtils.java:logGet(46)) - raft.grpc.server.install_snapshot.request.timeout = 3000ms (default)
2025-04-23 15:46:38,972 [omNode-1@group-523986131536-LeaderElection29] INFO  grpc.GrpcConfigKeys (ConfUtils.java:logGet(46)) - raft.grpc.server.log-message.batch.duration = 5s (default)
2025-04-23 15:46:38,972 [omNode-1@group-523986131536-LeaderElection29] INFO  server.RaftServerConfigKeys (ConfUtils.java:logGet(46)) - raft.server.log.appender.install.snapshot.enabled = false (custom)
2025-04-23 15:46:38,972 [omNode-1@group-523986131536-LeaderElection29] INFO  grpc.GrpcConfigKeys (ConfUtils.java:logGet(46)) - raft.grpc.server.heartbeat.channel = true (default)
2025-04-23 15:46:38,972 [omNode-1@group-523986131536-LeaderElection29] INFO  impl.RoleInfo (RoleInfo.java:updateAndGet(148)) - omNode-1: start omNode-1@group-523986131536-LeaderStateImpl
2025-04-23 15:46:38,972 [omNode-1@group-523986131536-LeaderElection29] INFO  server.RaftServer$Division (RaftServerImpl.java:setFirstElection(562)) - omNode-1@group-523986131536: set firstElectionSinceStartup to false for becomeLeader
2025-04-23 15:46:38,973 [omNode-1@group-523986131536-LeaderElection29] INFO  ratis.OzoneManagerStateMachine (OzoneManagerStateMachine.java:notifyLeaderChanged(169)) - omNode-1@group-523986131536: leader changed to omNode-1
2025-04-23 15:46:38,973 [omNode-1@group-523986131536-LeaderElection29] INFO  server.RaftServer$Division (ServerState.java:setLeader(272)) - omNode-1@group-523986131536: change Leader from null to omNode-1 at term 13 for becomeLeader, leader elected after 1026ms
2025-04-23 15:46:38,973 [omNode-1@group-523986131536-LeaderElection29] INFO  segmented.SegmentedRaftLogWorker (SegmentedRaftLogWorker.java:rollLogSegment(443)) - omNode-1@group-523986131536-SegmentedRaftLogWorker: Rolling segment log-309_310 to index:310
2025-04-23 15:46:38,973 [omNode-1@group-523986131536-LeaderElection29] INFO  server.RaftServer$Division (ServerState.java:setRaftConf(386)) - omNode-1@group-523986131536: set configuration conf: {index: 311, cur=peers:[omNode-3|localhost:15017, omNode-1|localhost:15009, omNode-2|localhost:15013]|listeners:[], old=null}
2025-04-23 15:46:38,973 [omNode-1@group-523986131536-SegmentedRaftLogWorker] INFO  segmented.SegmentedRaftLogWorker (SegmentedRaftLogWorker.java:execute(601)) - omNode-1@group-523986131536-SegmentedRaftLogWorker: Rolled log segment from /home/runner/work/ozone/ozone/hadoop-ozone/integration-test/target/test-dir/MiniOzoneClusterImpl-5cf50c17-c591-473f-a8c4-88d8665d28d7/omNode-1/ratis/c9bc4cf4-3bc3-3c60-a66b-523986131536/current/log_inprogress_309 to /home/runner/work/ozone/ozone/hadoop-ozone/integration-test/target/test-dir/MiniOzoneClusterImpl-5cf50c17-c591-473f-a8c4-88d8665d28d7/omNode-1/ratis/c9bc4cf4-3bc3-3c60-a66b-523986131536/current/log_309-310
2025-04-23 15:46:38,973 [omNode-1@group-523986131536-SegmentedRaftLogWorker] INFO  segmented.BufferedWriteChannel (BufferedWriteChannel.java:open(61)) - open log_inprogress_311 at position 0
2025-04-23 15:46:38,978 [omNode-2-server-thread1] INFO  ratis.OzoneManagerStateMachine (OzoneManagerStateMachine.java:notifyLeaderChanged(169)) - omNode-2@group-523986131536: leader changed to omNode-1
2025-04-23 15:46:38,978 [omNode-2-server-thread1] INFO  server.RaftServer$Division (ServerState.java:setLeader(272)) - omNode-2@group-523986131536: change Leader from null to omNode-1 at term 13 for appendEntries, leader elected after 584ms
2025-04-23 15:46:38,979 [omNode-3-server-thread1] INFO  ratis.OzoneManagerStateMachine (OzoneManagerStateMachine.java:notifyLeaderChanged(169)) - omNode-3@group-523986131536: leader changed to omNode-1
2025-04-23 15:46:38,979 [omNode-3-server-thread1] INFO  server.RaftServer$Division (ServerState.java:setLeader(272)) - omNode-3@group-523986131536: change Leader from null to omNode-1 at term 13 for appendEntries, leader elected after 1495ms
2025-04-23 15:46:38,979 [omNode-3-server-thread1] INFO  server.RaftServer$Division (RaftServerImpl.java:checkInconsistentAppendEntries(1648)) - omNode-3@group-523986131536: Failed appendEntries as previous log entry ((t:12, i:310)) is not found
2025-04-23 15:46:38,979 [omNode-3-server-thread1] INFO  server.RaftServer$Division (RaftServerImpl.java:appendEntriesAsync(1580)) - omNode-3@group-523986131536: appendEntries* reply omNode-1<-omNode-3#1:FAIL-t13,INCONSISTENCY,nextIndex=309,followerCommit=308,matchIndex=-1
2025-04-23 15:46:38,980 [omNode-2-server-thread3] INFO  server.RaftServer$Division (ServerState.java:setRaftConf(386)) - omNode-2@group-523986131536: set configuration conf: {index: 311, cur=peers:[omNode-3|localhost:15017, omNode-1|localhost:15009, omNode-2|localhost:15013]|listeners:[], old=null}
2025-04-23 15:46:38,980 [omNode-3-server-thread2] INFO  server.RaftServer$Division (RaftServerImpl.java:checkInconsistentAppendEntries(1648)) - omNode-3@group-523986131536: Failed appendEntries as previous log entry ((t:12, i:310)) is not found
2025-04-23 15:46:38,980 [omNode-3-server-thread2] INFO  server.RaftServer$Division (RaftServerImpl.java:appendEntriesAsync(1580)) - omNode-3@group-523986131536: appendEntries* reply omNode-1<-omNode-3#0:FAIL-t13,INCONSISTENCY,nextIndex=309,followerCommit=308,matchIndex=-1
2025-04-23 15:46:38,980 [omNode-2-server-thread3] INFO  segmented.SegmentedRaftLogWorker (SegmentedRaftLogWorker.java:rollLogSegment(443)) - omNode-2@group-523986131536-SegmentedRaftLogWorker: Rolling segment log-309_310 to index:310
2025-04-23 15:46:38,981 [grpc-default-executor-2] WARN  server.GrpcLogAppender (GrpcLogAppender.java:onNextImpl(519)) - omNode-1@group-523986131536->omNode-3-AppendLogResponseHandler: received INCONSISTENCY reply with nextIndex 309, errorCount=2, request=AppendEntriesRequest:cid=0,entriesCount=0
2025-04-23 15:46:38,981 [omNode-2@group-523986131536-SegmentedRaftLogWorker] INFO  segmented.SegmentedRaftLogWorker (SegmentedRaftLogWorker.java:execute(601)) - omNode-2@group-523986131536-SegmentedRaftLogWorker: Rolled log segment from /home/runner/work/ozone/ozone/hadoop-ozone/integration-test/target/test-dir/MiniOzoneClusterImpl-5cf50c17-c591-473f-a8c4-88d8665d28d7/omNode-2/ratis/c9bc4cf4-3bc3-3c60-a66b-523986131536/current/log_inprogress_309 to /home/runner/work/ozone/ozone/hadoop-ozone/integration-test/target/test-dir/MiniOzoneClusterImpl-5cf50c17-c591-473f-a8c4-88d8665d28d7/omNode-2/ratis/c9bc4cf4-3bc3-3c60-a66b-523986131536/current/log_309-310
2025-04-23 15:46:38,980 [grpc-default-executor-7] WARN  server.GrpcLogAppender (GrpcLogAppender.java:onNextImpl(519)) - omNode-1@group-523986131536->omNode-3-AppendLogResponseHandler: received INCONSISTENCY reply with nextIndex 309, errorCount=1, request=AppendEntriesRequest:cid=1,entriesCount=1,entry=(t:13, i:311)
2025-04-23 15:46:38,981 [grpc-default-executor-2] INFO  leader.FollowerInfo (FollowerInfoImpl.java:info(70)) - omNode-1@group-523986131536->omNode-3: setNextIndex nextIndex: updateUnconditionally 312 -> 309
2025-04-23 15:46:38,981 [omNode-2@group-523986131536-SegmentedRaftLogWorker] INFO  segmented.BufferedWriteChannel (BufferedWriteChannel.java:open(61)) - open log_inprogress_311 at position 0
2025-04-23 15:46:38,981 [omNode-3-server-thread1] INFO  server.RaftServer$Division (ServerState.java:setRaftConf(386)) - omNode-3@group-523986131536: set configuration conf: {index: 309, cur=peers:[omNode-3|localhost:15017, omNode-1|localhost:15009, omNode-2|localhost:15013]|listeners:[], old=null}
2025-04-23 15:46:38,982 [omNode-3-server-thread1] INFO  server.RaftServer$Division (ServerState.java:setRaftConf(386)) - omNode-3@group-523986131536: set configuration conf: {index: 311, cur=peers:[omNode-3|localhost:15017, omNode-1|localhost:15009, omNode-2|localhost:15013]|listeners:[], old=null}
2025-04-23 15:46:38,982 [omNode-3-server-thread1] INFO  segmented.SegmentedRaftLogWorker (SegmentedRaftLogWorker.java:rollLogSegment(443)) - omNode-3@group-523986131536-SegmentedRaftLogWorker: Rolling segment log-107_308 to index:308
2025-04-23 15:46:38,982 [omNode-3-server-thread1] INFO  segmented.SegmentedRaftLogWorker (SegmentedRaftLogWorker.java:rollLogSegment(443)) - omNode-3@group-523986131536-SegmentedRaftLogWorker: Rolling segment log-309_310 to index:310
2025-04-23 15:46:38,982 [omNode-3@group-523986131536-SegmentedRaftLogWorker] INFO  segmented.SegmentedRaftLogWorker (SegmentedRaftLogWorker.java:execute(601)) - omNode-3@group-523986131536-SegmentedRaftLogWorker: Rolled log segment from /home/runner/work/ozone/ozone/hadoop-ozone/integration-test/target/test-dir/MiniOzoneClusterImpl-5cf50c17-c591-473f-a8c4-88d8665d28d7/omNode-3/ratis/c9bc4cf4-3bc3-3c60-a66b-523986131536/current/log_inprogress_107 to /home/runner/work/ozone/ozone/hadoop-ozone/integration-test/target/test-dir/MiniOzoneClusterImpl-5cf50c17-c591-473f-a8c4-88d8665d28d7/omNode-3/ratis/c9bc4cf4-3bc3-3c60-a66b-523986131536/current/log_107-308
2025-04-23 15:46:38,982 [omNode-3@group-523986131536-SegmentedRaftLogWorker] INFO  segmented.BufferedWriteChannel (BufferedWriteChannel.java:open(61)) - open log_inprogress_309 at position 0
2025-04-23 15:46:38,984 [omNode-1@group-523986131536-SegmentedRaftLogWorker] INFO  segmented.SegmentedRaftLogWorker (SegmentedRaftLogWorker.java:execute(644)) - omNode-1@group-523986131536-SegmentedRaftLogWorker: created new log segment /home/runner/work/ozone/ozone/hadoop-ozone/integration-test/target/test-dir/MiniOzoneClusterImpl-5cf50c17-c591-473f-a8c4-88d8665d28d7/omNode-1/ratis/c9bc4cf4-3bc3-3c60-a66b-523986131536/current/log_inprogress_311
2025-04-23 15:46:38,986 [bea46156-cfa9-40b4-9197-d8d351f5fc2c-BlockDeletingService#1] INFO  interfaces.ContainerDeletionChoosingPolicyTemplate (ContainerDeletionChoosingPolicyTemplate.java:chooseContainerForBlockDeletion(83)) - Chosen 0/5000 blocks from 0 candidate containers.
2025-04-23 15:46:38,994 [omNode-2@group-523986131536-SegmentedRaftLogWorker] INFO  segmented.SegmentedRaftLogWorker (SegmentedRaftLogWorker.java:execute(644)) - omNode-2@group-523986131536-SegmentedRaftLogWorker: created new log segment /home/runner/work/ozone/ozone/hadoop-ozone/integration-test/target/test-dir/MiniOzoneClusterImpl-5cf50c17-c591-473f-a8c4-88d8665d28d7/omNode-2/ratis/c9bc4cf4-3bc3-3c60-a66b-523986131536/current/log_inprogress_311
2025-04-23 15:46:38,995 [omNode-3@group-523986131536-SegmentedRaftLogWorker] INFO  segmented.SegmentedRaftLogWorker (SegmentedRaftLogWorker.java:execute(644)) - omNode-3@group-523986131536-SegmentedRaftLogWorker: created new log segment /home/runner/work/ozone/ozone/hadoop-ozone/integration-test/target/test-dir/MiniOzoneClusterImpl-5cf50c17-c591-473f-a8c4-88d8665d28d7/omNode-3/ratis/c9bc4cf4-3bc3-3c60-a66b-523986131536/current/log_inprogress_309
2025-04-23 15:46:38,996 [omNode-1@group-523986131536-StateMachineUpdater] INFO  ratis.OzoneManagerStateMachine (OzoneManagerStateMachine.java:notifyConfigurationChanged(231)) - notifyConfigurationChanged from Ratis: term=13, index=311, New Peer list: omNode-3(localhost:15017), omNode-1(localhost:15009), omNode-2(localhost:15013)
2025-04-23 15:46:38,996 [omNode-1@group-523986131536-StateMachineUpdater] INFO  server.RaftServer$Division (LeaderStateImpl.java:checkStartIndex(313)) - Leader omNode-1@group-523986131536-LeaderStateImpl is ready since appliedIndex == startIndex == 311
2025-04-23 15:46:38,996 [omNode-3@group-523986131536-SegmentedRaftLogWorker] INFO  segmented.SegmentedRaftLogWorker (SegmentedRaftLogWorker.java:execute(601)) - omNode-3@group-523986131536-SegmentedRaftLogWorker: Rolled log segment from /home/runner/work/ozone/ozone/hadoop-ozone/integration-test/target/test-dir/MiniOzoneClusterImpl-5cf50c17-c591-473f-a8c4-88d8665d28d7/omNode-3/ratis/c9bc4cf4-3bc3-3c60-a66b-523986131536/current/log_inprogress_309 to /home/runner/work/ozone/ozone/hadoop-ozone/integration-test/target/test-dir/MiniOzoneClusterImpl-5cf50c17-c591-473f-a8c4-88d8665d28d7/omNode-3/ratis/c9bc4cf4-3bc3-3c60-a66b-523986131536/current/log_309-310
2025-04-23 15:46:38,997 [omNode-3@group-523986131536-SegmentedRaftLogWorker] INFO  segmented.BufferedWriteChannel (BufferedWriteChannel.java:open(61)) - open log_inprogress_311 at position 0
2025-04-23 15:46:38,997 [omNode-2@group-523986131536-StateMachineUpdater] INFO  ratis.OzoneManagerStateMachine (OzoneManagerStateMachine.java:notifyConfigurationChanged(231)) - notifyConfigurationChanged from Ratis: term=13, index=311, New Peer list: omNode-3(localhost:15017), omNode-1(localhost:15009), omNode-2(localhost:15013)
2025-04-23 15:46:39,004 [omNode-3@group-523986131536-SegmentedRaftLogWorker] INFO  segmented.SegmentedRaftLogWorker (SegmentedRaftLogWorker.java:execute(644)) - omNode-3@group-523986131536-SegmentedRaftLogWorker: created new log segment /home/runner/work/ozone/ozone/hadoop-ozone/integration-test/target/test-dir/MiniOzoneClusterImpl-5cf50c17-c591-473f-a8c4-88d8665d28d7/omNode-3/ratis/c9bc4cf4-3bc3-3c60-a66b-523986131536/current/log_inprogress_311
2025-04-23 15:46:39,006 [omNode-3@group-523986131536-StateMachineUpdater] INFO  ratis.OzoneManagerStateMachine (OzoneManagerStateMachine.java:notifyConfigurationChanged(231)) - notifyConfigurationChanged from Ratis: term=12, index=309, New Peer list: omNode-3(localhost:15017), omNode-1(localhost:15009), omNode-2(localhost:15013)
2025-04-23 15:46:39,007 [omNode-3@group-523986131536-StateMachineUpdater] INFO  ratis.OzoneManagerStateMachine (OzoneManagerStateMachine.java:notifyConfigurationChanged(231)) - notifyConfigurationChanged from Ratis: term=13, index=311, New Peer list: omNode-3(localhost:15017), omNode-1(localhost:15009), omNode-2(localhost:15013)
2025-04-23 15:46:39,026 [main] INFO  om.OzoneManager (OzoneManager.java:stop(2347)) - omNode-1[localhost:15006]: Stopping Ozone Manager
2025-04-23 15:46:39,026 [main] INFO  ipc.Server (Server.java:stop(3697)) - Stopping server on 15006
2025-04-23 15:46:39,028 [IPC Server listener on 15006] INFO  ipc.Server (Server.java:run(1585)) - Stopping IPC Server listener on 15006
2025-04-23 15:46:39,028 [main] INFO  ratis.OzoneManagerRatisServer (OzoneManagerRatisServer.java:stop(634)) - Stopping org.apache.hadoop.ozone.om.ratis.OzoneManagerRatisServer@18ae51d3 at port 15009
2025-04-23 15:46:39,028 [IPC Server Responder] INFO  ipc.Server (Server.java:run(1718)) - Stopping IPC Server Responder
2025-04-23 15:46:39,029 [main] INFO  server.RaftServer (RaftServerProxy.java:lambda$close$9(417)) - omNode-1: close
2025-04-23 15:46:39,029 [main] INFO  server.GrpcService (GrpcService.java:closeImpl(343)) - omNode-1: shutdown server GrpcServerProtocolService now
2025-04-23 15:46:39,029 [omNode-1-impl-thread1] INFO  server.RaftServer$Division (RaftServerImpl.java:lambda$close$1(513)) - omNode-1@group-523986131536: shutdown
2025-04-23 15:46:39,029 [omNode-1-impl-thread1] INFO  util.JmxRegister (JmxRegister.java:unregister(74)) - Successfully un-registered JMX Bean with object name Ratis:service=RaftServer,group=group-523986131536,id=omNode-1
2025-04-23 15:46:39,029 [omNode-1-impl-thread1] INFO  impl.RoleInfo (RoleInfo.java:shutdownLeaderState(103)) - omNode-1: shutdown omNode-1@group-523986131536-LeaderStateImpl
2025-04-23 15:46:39,029 [omNode-1@group-523986131536->omNode-3-GrpcLogAppender-LogAppenderDaemon] WARN  server.GrpcLogAppender (GrpcLogAppender.java:mayWait(293)) - omNode-1@group-523986131536->omNode-3-GrpcLogAppender: Wait interrupted by java.lang.InterruptedException
2025-04-23 15:46:39,029 [omNode-1@group-523986131536->omNode-2-GrpcLogAppender-LogAppenderDaemon] WARN  server.GrpcLogAppender (GrpcLogAppender.java:mayWait(293)) - omNode-1@group-523986131536->omNode-2-GrpcLogAppender: Wait interrupted by java.lang.InterruptedException
2025-04-23 15:46:39,030 [Thread-5128] INFO  server.GrpcServerProtocolClient (GrpcServerProtocolClient.java:close(105)) - omNode-3 Close channels
2025-04-23 15:46:39,029 [omNode-1-impl-thread1] INFO  impl.PendingRequests (PendingRequests.java:sendNotLeaderResponses(287)) - omNode-1@group-523986131536-PendingRequests: sendNotLeaderResponses
2025-04-23 15:46:39,030 [grpc-default-executor-7] INFO  server.GrpcServerProtocolService (GrpcServerProtocolService.java:onCompleted(157)) - omNode-2: Completed APPEND_ENTRIES, lastRequest: omNode-1->omNode-2#2-t13,previous=(t:13, i:311),leaderCommit=311,initializing? false,entries: size=1, first=(t:13, i:312), METADATAENTRY(c:311)
2025-04-23 15:46:39,030 [grpc-default-executor-7] INFO  server.GrpcServerProtocolService (GrpcServerProtocolService.java:lambda$onCompleted$5(159)) - omNode-2: Completed APPEND_ENTRIES, lastReply: null
2025-04-23 15:46:39,030 [grpc-default-executor-2] INFO  server.GrpcServerProtocolService (GrpcServerProtocolService.java:onCompleted(157)) - omNode-3: Completed APPEND_ENTRIES, lastRequest: null
2025-04-23 15:46:39,030 [Thread-5130] INFO  server.GrpcServerProtocolClient (GrpcServerProtocolClient.java:close(105)) - omNode-2 Close channels
2025-04-23 15:46:39,031 [grpc-default-executor-2] INFO  server.GrpcServerProtocolService (GrpcServerProtocolService.java:lambda$onCompleted$5(159)) - omNode-3: Completed APPEND_ENTRIES, lastReply: serverReply {
  requestorId: "omNode-1"
  replyId: "omNode-3"
  raftGroupId {
    id: "\311\274L\364;\303<`\246kR9\206\023\0256"
  }
  callId: 2
  success: true
}
term: 13
nextIndex: 309
followerCommit: 308
matchIndex: 18446744073709551615
isHearbeat: true

2025-04-23 15:46:39,031 [grpc-default-executor-6] INFO  server.GrpcServerProtocolService (GrpcServerProtocolService.java:onCompleted(157)) - omNode-2: Completed APPEND_ENTRIES, lastRequest: null
2025-04-23 15:46:39,031 [grpc-default-executor-1] INFO  server.GrpcServerProtocolService (GrpcServerProtocolService.java:onCompleted(157)) - omNode-3: Completed APPEND_ENTRIES, lastRequest: omNode-1->omNode-3#5-t13,previous=(t:13, i:311),leaderCommit=311,initializing? false,entries: size=1, first=(t:13, i:312), METADATAENTRY(c:311)
2025-04-23 15:46:39,031 [grpc-default-executor-1] INFO  server.GrpcServerProtocolService (GrpcServerProtocolService.java:lambda$onCompleted$5(159)) - omNode-3: Completed APPEND_ENTRIES, lastReply: null
2025-04-23 15:46:39,031 [grpc-default-executor-6] INFO  server.GrpcServerProtocolService (GrpcServerProtocolService.java:lambda$onCompleted$5(159)) - omNode-2: Completed APPEND_ENTRIES, lastReply: serverReply {
  requestorId: "omNode-1"
  replyId: "omNode-2"
  raftGroupId {
    id: "\311\274L\364;\303<`\246kR9\206\023\0256"
  }
  success: true
}
term: 13
nextIndex: 311
followerCommit: 310
matchIndex: 18446744073709551615
isHearbeat: true

2025-04-23 15:46:39,031 [omNode-1-impl-thread1] INFO  impl.StateMachineUpdater (StateMachineUpdater.java:stopAndJoin(164)) - omNode-1@group-523986131536-StateMachineUpdater: set stopIndex = 312
2025-04-23 15:46:39,032 [grpc-default-executor-6] INFO  server.GrpcLogAppender (GrpcLogAppender.java:onCompleted(550)) - omNode-1@group-523986131536->omNode-2-AppendLogResponseHandler: follower responses appendEntries COMPLETED
2025-04-23 15:46:39,032 [grpc-default-executor-6] WARN  server.GrpcLogAppender (GrpcLogAppender.java:resetClient(230)) - omNode-1@group-523986131536->omNode-2-GrpcLogAppender: Failed to getClient for omNode-2
org.apache.ratis.protocol.exceptions.AlreadyClosedException: omNode-1 is already CLOSED
	at org.apache.ratis.util.PeerProxyMap$PeerAndProxy.getProxy(PeerProxyMap.java:67)
	at org.apache.ratis.util.PeerProxyMap.getProxy(PeerProxyMap.java:124)
	at org.apache.ratis.grpc.server.GrpcLogAppender.getClient(GrpcLogAppender.java:200)
	at org.apache.ratis.grpc.server.GrpcLogAppender.resetClient(GrpcLogAppender.java:205)
	at org.apache.ratis.grpc.server.GrpcLogAppender.access$800(GrpcLogAppender.java:64)
	at org.apache.ratis.grpc.server.GrpcLogAppender$AppendLogResponseHandler.onCompleted(GrpcLogAppender.java:551)
	at org.apache.ratis.thirdparty.io.grpc.stub.ClientCalls$StreamObserverToCallListenerAdapter.onClose(ClientCalls.java:479)
	at org.apache.ratis.thirdparty.io.grpc.internal.ClientCallImpl.closeObserver(ClientCallImpl.java:567)
	at org.apache.ratis.thirdparty.io.grpc.internal.ClientCallImpl.access$300(ClientCallImpl.java:71)
	at org.apache.ratis.thirdparty.io.grpc.internal.ClientCallImpl$ClientStreamListenerImpl$1StreamClosed.runInternal(ClientCallImpl.java:735)
	at org.apache.ratis.thirdparty.io.grpc.internal.ClientCallImpl$ClientStreamListenerImpl$1StreamClosed.runInContext(ClientCallImpl.java:716)
	at org.apache.ratis.thirdparty.io.grpc.internal.ContextRunnable.run(ContextRunnable.java:37)
	at org.apache.ratis.thirdparty.io.grpc.internal.SerializingExecutor.run(SerializingExecutor.java:133)
	at java.base/java.util.concurrent.ThreadPoolExecutor.runWorker(ThreadPoolExecutor.java:1144)
	at java.base/java.util.concurrent.ThreadPoolExecutor$Worker.run(ThreadPoolExecutor.java:642)
	at java.base/java.lang.Thread.run(Thread.java:1583)
2025-04-23 15:46:39,033 [grpc-default-executor-1] INFO  server.GrpcLogAppender (GrpcLogAppender.java:onCompleted(550)) - omNode-1@group-523986131536->omNode-3-AppendLogResponseHandler: follower responses appendEntries COMPLETED
2025-04-23 15:46:39,033 [grpc-default-executor-1] WARN  server.GrpcLogAppender (GrpcLogAppender.java:resetClient(230)) - omNode-1@group-523986131536->omNode-3-GrpcLogAppender: Failed to getClient for omNode-3
org.apache.ratis.protocol.exceptions.AlreadyClosedException: omNode-1 is already CLOSED
	at org.apache.ratis.util.PeerProxyMap$PeerAndProxy.getProxy(PeerProxyMap.java:67)
	at org.apache.ratis.util.PeerProxyMap.getProxy(PeerProxyMap.java:124)
	at org.apache.ratis.grpc.server.GrpcLogAppender.getClient(GrpcLogAppender.java:200)
	at org.apache.ratis.grpc.server.GrpcLogAppender.resetClient(GrpcLogAppender.java:205)
	at org.apache.ratis.grpc.server.GrpcLogAppender.access$800(GrpcLogAppender.java:64)
	at org.apache.ratis.grpc.server.GrpcLogAppender$AppendLogResponseHandler.onCompleted(GrpcLogAppender.java:551)
	at org.apache.ratis.thirdparty.io.grpc.stub.ClientCalls$StreamObserverToCallListenerAdapter.onClose(ClientCalls.java:479)
	at org.apache.ratis.thirdparty.io.grpc.internal.DelayedClientCall$DelayedListener$3.run(DelayedClientCall.java:489)
	at org.apache.ratis.thirdparty.io.grpc.internal.DelayedClientCall$DelayedListener.delayOrExecute(DelayedClientCall.java:453)
	at org.apache.ratis.thirdparty.io.grpc.internal.DelayedClientCall$DelayedListener.onClose(DelayedClientCall.java:486)
	at org.apache.ratis.thirdparty.io.grpc.internal.ClientCallImpl.closeObserver(ClientCallImpl.java:567)
	at org.apache.ratis.thirdparty.io.grpc.internal.ClientCallImpl.access$300(ClientCallImpl.java:71)
	at org.apache.ratis.thirdparty.io.grpc.internal.ClientCallImpl$ClientStreamListenerImpl$1StreamClosed.runInternal(ClientCallImpl.java:735)
	at org.apache.ratis.thirdparty.io.grpc.internal.ClientCallImpl$ClientStreamListenerImpl$1StreamClosed.runInContext(ClientCallImpl.java:716)
	at org.apache.ratis.thirdparty.io.grpc.internal.ContextRunnable.run(ContextRunnable.java:37)
	at org.apache.ratis.thirdparty.io.grpc.internal.SerializingExecutor.run(SerializingExecutor.java:133)
	at java.base/java.util.concurrent.ThreadPoolExecutor.runWorker(ThreadPoolExecutor.java:1144)
	at java.base/java.util.concurrent.ThreadPoolExecutor$Worker.run(ThreadPoolExecutor.java:642)
	at java.base/java.lang.Thread.run(Thread.java:1583)
2025-04-23 15:46:39,033 [grpc-default-executor-0] INFO  server.GrpcLogAppender (GrpcLogAppender.java:onCompleted(550)) - omNode-1@group-523986131536->omNode-3-AppendLogResponseHandler: follower responses appendEntries COMPLETED
2025-04-23 15:46:39,033 [grpc-default-executor-0] WARN  server.GrpcLogAppender (GrpcLogAppender.java:resetClient(230)) - omNode-1@group-523986131536->omNode-3-GrpcLogAppender: Failed to getClient for omNode-3
org.apache.ratis.protocol.exceptions.AlreadyClosedException: omNode-1 is already CLOSED
	at org.apache.ratis.util.PeerProxyMap$PeerAndProxy.getProxy(PeerProxyMap.java:67)
	at org.apache.ratis.util.PeerProxyMap.getProxy(PeerProxyMap.java:124)
	at org.apache.ratis.grpc.server.GrpcLogAppender.getClient(GrpcLogAppender.java:200)
	at org.apache.ratis.grpc.server.GrpcLogAppender.resetClient(GrpcLogAppender.java:205)
	at org.apache.ratis.grpc.server.GrpcLogAppender.access$800(GrpcLogAppender.java:64)
	at org.apache.ratis.grpc.server.GrpcLogAppender$AppendLogResponseHandler.onCompleted(GrpcLogAppender.java:551)
	at org.apache.ratis.thirdparty.io.grpc.stub.ClientCalls$StreamObserverToCallListenerAdapter.onClose(ClientCalls.java:479)
	at org.apache.ratis.thirdparty.io.grpc.internal.ClientCallImpl.closeObserver(ClientCallImpl.java:567)
	at org.apache.ratis.thirdparty.io.grpc.internal.ClientCallImpl.access$300(ClientCallImpl.java:71)
	at org.apache.ratis.thirdparty.io.grpc.internal.ClientCallImpl$ClientStreamListenerImpl$1StreamClosed.runInternal(ClientCallImpl.java:735)
	at org.apache.ratis.thirdparty.io.grpc.internal.ClientCallImpl$ClientStreamListenerImpl$1StreamClosed.runInContext(ClientCallImpl.java:716)
	at org.apache.ratis.thirdparty.io.grpc.internal.ContextRunnable.run(ContextRunnable.java:37)
	at org.apache.ratis.thirdparty.io.grpc.internal.SerializingExecutor.run(SerializingExecutor.java:133)
	at java.base/java.util.concurrent.ThreadPoolExecutor.runWorker(ThreadPoolExecutor.java:1144)
	at java.base/java.util.concurrent.ThreadPoolExecutor$Worker.run(ThreadPoolExecutor.java:642)
	at java.base/java.lang.Thread.run(Thread.java:1583)
2025-04-23 15:46:39,033 [grpc-default-executor-0] INFO  server.GrpcLogAppender (GrpcLogAppender.java:onCompleted(550)) - omNode-1@group-523986131536->omNode-2-AppendLogResponseHandler: follower responses appendEntries COMPLETED
2025-04-23 15:46:39,033 [grpc-default-executor-0] WARN  server.GrpcLogAppender (GrpcLogAppender.java:resetClient(230)) - omNode-1@group-523986131536->omNode-2-GrpcLogAppender: Failed to getClient for omNode-2
org.apache.ratis.protocol.exceptions.AlreadyClosedException: omNode-1 is already CLOSED
	at org.apache.ratis.util.PeerProxyMap$PeerAndProxy.getProxy(PeerProxyMap.java:67)
	at org.apache.ratis.util.PeerProxyMap.getProxy(PeerProxyMap.java:124)
	at org.apache.ratis.grpc.server.GrpcLogAppender.getClient(GrpcLogAppender.java:200)
	at org.apache.ratis.grpc.server.GrpcLogAppender.resetClient(GrpcLogAppender.java:205)
	at org.apache.ratis.grpc.server.GrpcLogAppender.access$800(GrpcLogAppender.java:64)
	at org.apache.ratis.grpc.server.GrpcLogAppender$AppendLogResponseHandler.onCompleted(GrpcLogAppender.java:551)
	at org.apache.ratis.thirdparty.io.grpc.stub.ClientCalls$StreamObserverToCallListenerAdapter.onClose(ClientCalls.java:479)
	at org.apache.ratis.thirdparty.io.grpc.internal.DelayedClientCall$DelayedListener$3.run(DelayedClientCall.java:489)
	at org.apache.ratis.thirdparty.io.grpc.internal.DelayedClientCall$DelayedListener.delayOrExecute(DelayedClientCall.java:453)
	at org.apache.ratis.thirdparty.io.grpc.internal.DelayedClientCall$DelayedListener.onClose(DelayedClientCall.java:486)
	at org.apache.ratis.thirdparty.io.grpc.internal.ClientCallImpl.closeObserver(ClientCallImpl.java:567)
	at org.apache.ratis.thirdparty.io.grpc.internal.ClientCallImpl.access$300(ClientCallImpl.java:71)
	at org.apache.ratis.thirdparty.io.grpc.internal.ClientCallImpl$ClientStreamListenerImpl$1StreamClosed.runInternal(ClientCallImpl.java:735)
	at org.apache.ratis.thirdparty.io.grpc.internal.ClientCallImpl$ClientStreamListenerImpl$1StreamClosed.runInContext(ClientCallImpl.java:716)
	at org.apache.ratis.thirdparty.io.grpc.internal.ContextRunnable.run(ContextRunnable.java:37)
	at org.apache.ratis.thirdparty.io.grpc.internal.SerializingExecutor.run(SerializingExecutor.java:133)
	at java.base/java.util.concurrent.ThreadPoolExecutor.runWorker(ThreadPoolExecutor.java:1144)
	at java.base/java.util.concurrent.ThreadPoolExecutor$Worker.run(ThreadPoolExecutor.java:642)
	at java.base/java.lang.Thread.run(Thread.java:1583)
2025-04-23 15:46:39,034 [main] INFO  server.GrpcService (GrpcService.java:closeImpl(352)) - omNode-1: shutdown server GrpcServerProtocolService successfully
2025-04-23 15:46:39,038 [omNode-1@group-523986131536-StateMachineUpdater] INFO  ratis.OzoneManagerStateMachine (OzoneManagerStateMachine.java:takeSnapshotImpl(510)) - omNode-1: taking snapshot. applied = (t:13, i:312), skipped = 310, notified = (t:13, i:312), current snapshot index = (t:13, i:312), took 7 ms
2025-04-23 15:46:39,038 [omNode-1@group-523986131536-StateMachineUpdater] INFO  impl.StateMachineUpdater (StateMachineUpdater.java:takeSnapshot(303)) - omNode-1@group-523986131536-StateMachineUpdater: Took a snapshot at index 312
2025-04-23 15:46:39,038 [omNode-1@group-523986131536-StateMachineUpdater] INFO  impl.StateMachineUpdater (StateMachineUpdater.java:lambda$new$0(102)) - omNode-1@group-523986131536-StateMachineUpdater: snapshotIndex: updateIncreasingly 310 -> 312
2025-04-23 15:46:39,038 [omNode-1@group-523986131536-StateMachineUpdater] INFO  raftlog.RaftLog (RaftLogBase.java:purge(325)) - omNode-1@group-523986131536-SegmentedRaftLog: purge 312
2025-04-23 15:46:39,038 [omNode-1@group-523986131536-StateMachineUpdater] INFO  raftlog.RaftLog (RaftLogBase.java:lambda$new$0(54)) - omNode-1@group-523986131536-SegmentedRaftLog: snapshotIndex: updateIncreasingly 310 -> 312
2025-04-23 15:46:39,038 [omNode-1@group-523986131536-StateMachineUpdater] INFO  raftlog.RaftLog (SegmentedRaftLog.java:purgeImpl(382)) - omNode-1@group-523986131536-SegmentedRaftLog: purge(312)
  toTruncate: null
    toDelete: [(309, 310) isOpen? false, length=0, newEndIndex=0, (107, 308) isOpen? false, length=0, newEndIndex=0]
2025-04-23 15:46:39,038 [omNode-1@group-523986131536-StateMachineUpdater] INFO  impl.StateMachineUpdater (StateMachineUpdater.java:stop(141)) - omNode-1@group-523986131536-StateMachineUpdater: closing OzoneManagerStateMachine, lastApplied=(t:13, i:312)
2025-04-23 15:46:39,038 [omNode-1@group-523986131536-StateMachineUpdater] INFO  ratis.OzoneManagerStateMachine (OzoneManagerStateMachine.java:close(550)) - Stopping OzoneManagerStateMachine:omNode-1:group-523986131536.
2025-04-23 15:46:39,038 [omNode-1@group-523986131536-StateMachineUpdater] INFO  ratis.OzoneManagerDoubleBuffer (OzoneManagerDoubleBuffer.java:stopDaemon(500)) - Stopping OMDoubleBuffer flush thread
2025-04-23 15:46:39,038 [omNode-1-OMDoubleBufferFlushThread] INFO  ratis.OzoneManagerDoubleBuffer (OzoneManagerDoubleBuffer.java:canFlush(559)) - OMDoubleBuffer flush thread omNode-1-OMDoubleBufferFlushThread is interrupted and will exit.
2025-04-23 15:46:39,038 [omNode-1@group-523986131536-SegmentedRaftLogWorker] INFO  segmented.SegmentedRaftLogWorker (SegmentedRaftLogWorker.java:execute(481)) - omNode-1@group-523986131536-SegmentedRaftLogWorker: Purged RaftLog segment: info=(309, 310) isOpen? false, length=0, newEndIndex=0, path=/home/runner/work/ozone/ozone/hadoop-ozone/integration-test/target/test-dir/MiniOzoneClusterImpl-5cf50c17-c591-473f-a8c4-88d8665d28d7/omNode-1/ratis/c9bc4cf4-3bc3-3c60-a66b-523986131536/current/log_309-310
2025-04-23 15:46:39,039 [omNode-1@group-523986131536-SegmentedRaftLogWorker] INFO  segmented.SegmentedRaftLogWorker (SegmentedRaftLogWorker.java:execute(481)) - omNode-1@group-523986131536-SegmentedRaftLogWorker: Purged RaftLog segment: info=(107, 308) isOpen? false, length=0, newEndIndex=0, path=/home/runner/work/ozone/ozone/hadoop-ozone/integration-test/target/test-dir/MiniOzoneClusterImpl-5cf50c17-c591-473f-a8c4-88d8665d28d7/omNode-1/ratis/c9bc4cf4-3bc3-3c60-a66b-523986131536/current/log_107-308
2025-04-23 15:46:39,039 [omNode-1@group-523986131536-cacheEviction-AwaitToRun] INFO  util.AwaitToRun (AwaitToRun.java:run(49)) - omNode-1@group-523986131536-cacheEviction-AwaitToRun-AwaitForSignal is interrupted
2025-04-23 15:46:39,039 [omNode-1@group-523986131536-SegmentedRaftLogWorker] INFO  raftlog.RaftLog (RaftLogBase.java:lambda$new$0(54)) - omNode-1@group-523986131536-SegmentedRaftLog: purgeIndex: updateToMax old=106, new=310, updated? true
2025-04-23 15:46:39,040 [omNode-1-impl-thread1] INFO  segmented.SegmentedRaftLogWorker (SegmentedRaftLogWorker.java:close(252)) - omNode-1@group-523986131536-SegmentedRaftLogWorker close()
2025-04-23 15:46:39,040 [JvmPauseMonitor30] INFO  util.JvmPauseMonitor (JvmPauseMonitor.java:run(152)) - JvmPauseMonitor-omNode-1: Stopped
2025-04-23 15:46:39,040 [main] INFO  utils.BackgroundService (BackgroundService.java:shutdown(161)) - Shutting down service KeyDeletingService
2025-04-23 15:46:39,041 [main] INFO  utils.BackgroundService (BackgroundService.java:shutdown(161)) - Shutting down service DirectoryDeletingService
2025-04-23 15:46:39,042 [main] INFO  utils.BackgroundService (BackgroundService.java:shutdown(161)) - Shutting down service OpenKeyCleanupService
2025-04-23 15:46:39,042 [main] INFO  utils.BackgroundService (BackgroundService.java:shutdown(161)) - Shutting down service SstFilteringService
2025-04-23 15:46:39,042 [main] INFO  utils.BackgroundService (BackgroundService.java:shutdown(161)) - Shutting down service SnapshotDeletingService
2025-04-23 15:46:39,043 [main] INFO  utils.BackgroundService (BackgroundService.java:shutdown(161)) - Shutting down service MultipartUploadCleanupService
2025-04-23 15:46:39,044 [main] INFO  handler.ContextHandler (ContextHandler.java:doStop(1159)) - Stopped o.e.j.w.WebAppContext@125ffb49{ozoneManager,/,null,STOPPED}{file:/home/runner/work/ozone/ozone/hadoop-ozone/integration-test/target/test-classes/webapps/ozoneManager}
2025-04-23 15:46:39,044 [main] INFO  server.AbstractConnector (AbstractConnector.java:doStop(383)) - Stopped ServerConnector@18a025b7{HTTP/1.1, (http/1.1)}{0.0.0.0:15007}
2025-04-23 15:46:39,044 [main] INFO  server.session (HouseKeeper.java:stopScavenging(149)) - node0 Stopped scavenging
2025-04-23 15:46:39,045 [main] INFO  handler.ContextHandler (ContextHandler.java:doStop(1159)) - Stopped o.e.j.s.ServletContextHandler@5b674513{static,/static,file:///home/runner/work/ozone/ozone/hadoop-ozone/integration-test/target/test-classes/webapps/static,STOPPED}
2025-04-23 15:46:39,045 [main] INFO  handler.ContextHandler (ContextHandler.java:doStop(1159)) - Stopped o.e.j.s.ServletContextHandler@7e0907d{logs,/logs,file:///home/runner/work/ozone/ozone/hadoop-ozone/integration-test/target/log,STOPPED}
2025-04-23 15:46:39,045 [main] INFO  rocksdiff.RocksDBCheckpointDiffer (RocksDBCheckpointDiffer.java:close(304)) - Shutting down CompactionDagPruningService.
2025-04-23 15:46:39,047 [main] INFO  snapshot.SnapshotDiffManager (SnapshotDiffManager.java:closeExecutorService(1698)) - Shutting down executorService: 'SnapDiffExecutor'
2025-04-23 15:46:39,047 [main] INFO  utils.BackgroundService (BackgroundService.java:shutdown(161)) - Shutting down service SnapshotDiffCleanupService
2025-04-23 15:46:39,184 [e48ea510-4cfd-493d-84b4-aa69255fcf6e-BlockDeletingService#1] INFO  interfaces.ContainerDeletionChoosingPolicyTemplate (ContainerDeletionChoosingPolicyTemplate.java:chooseContainerForBlockDeletion(83)) - Chosen 0/5000 blocks from 0 candidate containers.
2025-04-23 15:46:39,382 [1d13aa12-f904-4b76-b74f-beab0aa3318b-BlockDeletingService#1] INFO  interfaces.ContainerDeletionChoosingPolicyTemplate (ContainerDeletionChoosingPolicyTemplate.java:chooseContainerForBlockDeletion(83)) - Chosen 0/5000 blocks from 0 candidate containers.
2025-04-23 15:46:40,764 [timer6] WARN  server.GrpcLogAppender (LogUtils.java:warn(121)) - omNode-2@group-523986131536->omNode-3-AppendLogResponseHandler: Failed appendEntries (Repeated 2 times in the last 5.000s): org.apache.ratis.thirdparty.io.grpc.StatusRuntimeException: UNAVAILABLE: io exception
2025-04-23 15:46:40,765 [timer7] WARN  server.GrpcLogAppender (GrpcLogAppender.java:lambda$resetClient$1(221)) - omNode-2@group-523986131536->omNode-3-GrpcLogAppender: Follower failed (request=null, errorCount=20); keep nextIndex (311) unchanged and retry. (Repeated 2 times in the last 5.001s)
2025-04-23 15:46:40,855 [timer2] WARN  server.GrpcLogAppender (GrpcLogAppender.java:lambda$resetClient$1(221)) - omNode-2@group-523986131536->omNode-1-GrpcLogAppender: Follower failed (request=null, errorCount=6); keep nextIndex (311) unchanged and retry. (Repeated 6 times in the last 5.000s)
2025-04-23 15:46:40,856 [timer1] WARN  server.GrpcLogAppender (LogUtils.java:warn(121)) - omNode-2@group-523986131536->omNode-1-AppendLogResponseHandler: Failed appendEntries (Repeated 6 times in the last 5.000s): org.apache.ratis.thirdparty.io.grpc.StatusRuntimeException: UNAVAILABLE: io exception
2025-04-23 15:46:41,067 [omNode-2@group-523986131536-FollowerState] INFO  impl.FollowerState (FollowerState.java:runImpl(161)) - omNode-2@group-523986131536-FollowerState: change to CANDIDATE, lastRpcElapsedTime:2071435502ns, electionTimeout:1067ms
2025-04-23 15:46:41,067 [omNode-2@group-523986131536-FollowerState] INFO  impl.RoleInfo (RoleInfo.java:shutdownFollowerState(121)) - omNode-2: shutdown omNode-2@group-523986131536-FollowerState
2025-04-23 15:46:41,067 [omNode-2@group-523986131536-FollowerState] INFO  server.RaftServer$Division (RaftServerImpl.java:setRole(378)) - omNode-2@group-523986131536: changes role from  FOLLOWER to CANDIDATE at term 13 for changeToCandidate
2025-04-23 15:46:41,068 [omNode-2@group-523986131536-FollowerState] INFO  server.RaftServerConfigKeys (ConfUtils.java:logGet(46)) - raft.server.leaderelection.pre-vote = true (default)
2025-04-23 15:46:41,068 [omNode-2@group-523986131536-FollowerState] INFO  impl.RoleInfo (RoleInfo.java:updateAndGet(148)) - omNode-2: start omNode-2@group-523986131536-LeaderElection30
2025-04-23 15:46:41,068 [omNode-2@group-523986131536-LeaderElection30] INFO  server.RaftServer$Division (ServerState.java:setLeader(272)) - omNode-2@group-523986131536: change Leader from omNode-1 to null at term 13 for PRE_VOTE
2025-04-23 15:46:41,068 [omNode-2@group-523986131536-LeaderElection30] INFO  impl.LeaderElection (LeaderElection.java:askForVotes(332)) - omNode-2@group-523986131536-LeaderElection30 PRE_VOTE round 0: submit vote requests at term 13 for conf: {index: 311, cur=peers:[omNode-3|localhost:15017, omNode-1|localhost:15009, omNode-2|localhost:15013]|listeners:[], old=null}
2025-04-23 15:46:41,068 [omNode-2@group-523986131536-LeaderElection30-1] INFO  server.GrpcServerProtocolClient (GrpcServerProtocolClient.java:<init>(65)) - Build channel for omNode-3|localhost:15017
2025-04-23 15:46:41,068 [omNode-2@group-523986131536-LeaderElection30-2] INFO  server.GrpcServerProtocolClient (GrpcServerProtocolClient.java:<init>(65)) - Build channel for omNode-1|localhost:15009
2025-04-23 15:46:41,071 [omNode-2@group-523986131536-LeaderElection30] INFO  impl.LeaderElection (LogUtils.java:infoOrTrace(136)) - omNode-2@group-523986131536-LeaderElection30 got exception when requesting votes: java.util.concurrent.ExecutionException: org.apache.ratis.thirdparty.io.grpc.StatusRuntimeException: UNAVAILABLE: io exception
2025-04-23 15:46:41,071 [grpc-default-executor-6] INFO  server.RaftServer$Division (RaftServerImpl.java:requestVote(1407)) - omNode-3@group-523986131536: receive requestVote(PRE_VOTE, omNode-2, group-523986131536, 13, (t:13, i:312))
2025-04-23 15:46:41,072 [grpc-default-executor-6] INFO  impl.VoteContext (VoteContext.java:log(49)) - omNode-3@group-523986131536-FOLLOWER: accept PRE_VOTE from omNode-2: our priority 0 <= candidate's priority 0
2025-04-23 15:46:41,072 [grpc-default-executor-6] INFO  server.RaftServer$Division (RaftServerImpl.java:requestVote(1441)) - omNode-3@group-523986131536 replies to PRE_VOTE vote request: omNode-2<-omNode-3#0:OK-t13. Peer's state: omNode-3@group-523986131536:t13, leader=omNode-1, voted=omNode-1, raftlog=Memoized:omNode-3@group-523986131536-SegmentedRaftLog:OPENED:c311:last(t:13, i:312), conf=conf: {index: 311, cur=peers:[omNode-3|localhost:15017, omNode-1|localhost:15009, omNode-2|localhost:15013]|listeners:[], old=null}
2025-04-23 15:46:41,072 [omNode-2@group-523986131536-LeaderElection30] INFO  impl.LeaderElection (LeaderElection.java:logAndReturn(90)) - omNode-2@group-523986131536-LeaderElection30: PRE_VOTE PASSED received 1 response(s) and 1 exception(s):
2025-04-23 15:46:41,072 [omNode-2@group-523986131536-LeaderElection30] INFO  impl.LeaderElection (LeaderElection.java:logAndReturn(94)) -   Response 0: omNode-2<-omNode-3#0:OK-t13
2025-04-23 15:46:41,072 [omNode-2@group-523986131536-LeaderElection30] INFO  impl.LeaderElection (LogUtils.java:infoOrTrace(136)) -   Exception 1: java.util.concurrent.ExecutionException: org.apache.ratis.thirdparty.io.grpc.StatusRuntimeException: UNAVAILABLE: io exception
2025-04-23 15:46:41,072 [omNode-2@group-523986131536-LeaderElection30] INFO  impl.LeaderElection (LeaderElection.java:askForVotes(334)) - omNode-2@group-523986131536-LeaderElection30 PRE_VOTE round 0: result PASSED
2025-04-23 15:46:41,074 [omNode-2@group-523986131536-LeaderElection30] INFO  impl.LeaderElection (LeaderElection.java:askForVotes(332)) - omNode-2@group-523986131536-LeaderElection30 ELECTION round 0: submit vote requests at term 14 for conf: {index: 311, cur=peers:[omNode-3|localhost:15017, omNode-1|localhost:15009, omNode-2|localhost:15013]|listeners:[], old=null}
2025-04-23 15:46:41,074 [omNode-2@group-523986131536-LeaderElection30] INFO  impl.LeaderElection (LogUtils.java:infoOrTrace(136)) - omNode-2@group-523986131536-LeaderElection30 got exception when requesting votes: java.util.concurrent.ExecutionException: org.apache.ratis.thirdparty.io.grpc.StatusRuntimeException: UNAVAILABLE: io exception
2025-04-23 15:46:41,075 [grpc-default-executor-6] INFO  server.RaftServer$Division (RaftServerImpl.java:requestVote(1407)) - omNode-3@group-523986131536: receive requestVote(ELECTION, omNode-2, group-523986131536, 14, (t:13, i:312))
2025-04-23 15:46:41,075 [grpc-default-executor-6] INFO  impl.VoteContext (VoteContext.java:log(49)) - omNode-3@group-523986131536-FOLLOWER: accept ELECTION from omNode-2: our priority 0 <= candidate's priority 0
2025-04-23 15:46:41,075 [grpc-default-executor-6] INFO  server.RaftServer$Division (RaftServerImpl.java:setRole(378)) - omNode-3@group-523986131536: changes role from  FOLLOWER to FOLLOWER at term 13 for candidate:omNode-2
2025-04-23 15:46:41,075 [grpc-default-executor-6] INFO  impl.RoleInfo (RoleInfo.java:shutdownFollowerState(121)) - omNode-3: shutdown omNode-3@group-523986131536-FollowerState
2025-04-23 15:46:41,075 [grpc-default-executor-6] INFO  server.RaftServer$Division (ServerState.java:setLeader(272)) - omNode-3@group-523986131536: change Leader from omNode-1 to null at term 14 for updateCurrentTerm
2025-04-23 15:46:41,075 [omNode-3@group-523986131536-FollowerState] INFO  impl.FollowerState (FollowerState.java:runImpl(170)) - omNode-3@group-523986131536-FollowerState was interrupted
2025-04-23 15:46:41,075 [grpc-default-executor-6] INFO  impl.RoleInfo (RoleInfo.java:updateAndGet(148)) - omNode-3: start omNode-3@group-523986131536-FollowerState
2025-04-23 15:46:41,076 [grpc-default-executor-6] INFO  server.RaftServer$Division (RaftServerImpl.java:requestVote(1441)) - omNode-3@group-523986131536 replies to ELECTION vote request: omNode-2<-omNode-3#0:OK-t14. Peer's state: omNode-3@group-523986131536:t14, leader=null, voted=omNode-2, raftlog=Memoized:omNode-3@group-523986131536-SegmentedRaftLog:OPENED:c311:last(t:13, i:312), conf=conf: {index: 311, cur=peers:[omNode-3|localhost:15017, omNode-1|localhost:15009, omNode-2|localhost:15013]|listeners:[], old=null}
2025-04-23 15:46:41,076 [omNode-2@group-523986131536-LeaderElection30] INFO  impl.LeaderElection (LeaderElection.java:logAndReturn(90)) - omNode-2@group-523986131536-LeaderElection30: ELECTION PASSED received 1 response(s) and 1 exception(s):
2025-04-23 15:46:41,076 [omNode-2@group-523986131536-LeaderElection30] INFO  impl.LeaderElection (LeaderElection.java:logAndReturn(94)) -   Response 0: omNode-2<-omNode-3#0:OK-t14
2025-04-23 15:46:41,076 [omNode-2@group-523986131536-LeaderElection30] INFO  impl.LeaderElection (LogUtils.java:infoOrTrace(136)) -   Exception 1: java.util.concurrent.ExecutionException: org.apache.ratis.thirdparty.io.grpc.StatusRuntimeException: UNAVAILABLE: io exception
2025-04-23 15:46:41,076 [omNode-2@group-523986131536-LeaderElection30] INFO  impl.LeaderElection (LeaderElection.java:askForVotes(334)) - omNode-2@group-523986131536-LeaderElection30 ELECTION round 0: result PASSED
2025-04-23 15:46:41,076 [omNode-2@group-523986131536-LeaderElection30] INFO  impl.RoleInfo (RoleInfo.java:shutdownLeaderElection(141)) - omNode-2: shutdown omNode-2@group-523986131536-LeaderElection30
2025-04-23 15:46:41,076 [omNode-2@group-523986131536-LeaderElection30] INFO  server.RaftServer$Division (RaftServerImpl.java:setRole(378)) - omNode-2@group-523986131536: changes role from CANDIDATE to LEADER at term 14 for changeToLeader
2025-04-23 15:46:41,076 [omNode-2@group-523986131536-LeaderElection30] INFO  server.RaftServerConfigKeys (ConfUtils.java:logGet(46)) - raft.server.staging.catchup.gap = 1000 (default)
2025-04-23 15:46:41,077 [omNode-2@group-523986131536-LeaderElection30] INFO  server.RaftServerConfigKeys (ConfUtils.java:logGet(46)) - raft.server.write.element-limit = 4096 (default)
2025-04-23 15:46:41,077 [omNode-2@group-523986131536-LeaderElection30] INFO  server.RaftServerConfigKeys (ConfUtils.java:logGet(46)) - raft.server.write.byte-limit = 64MB (=67108864) (default)
2025-04-23 15:46:41,077 [omNode-2@group-523986131536-LeaderElection30] INFO  server.RaftServerConfigKeys (ConfUtils.java:logGet(46)) - raft.server.watch.timeout = 10s (default)
2025-04-23 15:46:41,077 [omNode-2@group-523986131536-LeaderElection30] INFO  server.RaftServerConfigKeys (ConfUtils.java:logGet(46)) - raft.server.watch.timeout.denomination = 1s (default)
2025-04-23 15:46:41,077 [omNode-2@group-523986131536-LeaderElection30] INFO  server.RaftServerConfigKeys (ConfUtils.java:logGet(46)) - raft.server.watch.element-limit = 65536 (default)
2025-04-23 15:46:41,077 [omNode-2@group-523986131536-LeaderElection30] INFO  server.RaftServerConfigKeys (ConfUtils.java:logGet(46)) - raft.server.read.leader.lease.enabled = false (default)
2025-04-23 15:46:41,077 [omNode-2@group-523986131536-LeaderElection30] INFO  server.RaftServerConfigKeys (ConfUtils.java:logGet(46)) - raft.server.read.leader.lease.timeout.ratio = 0.9 (default)
2025-04-23 15:46:41,077 [omNode-2@group-523986131536-LeaderElection30] INFO  server.RaftServerConfigKeys (ConfUtils.java:logGet(46)) - raft.server.rpc.timeout.min = 1s (custom)
2025-04-23 15:46:41,077 [omNode-2@group-523986131536-LeaderElection30] INFO  server.RaftServerConfigKeys (ConfUtils.java:logGet(46)) - raft.server.log.log-metadata.enabled = true (default)
2025-04-23 15:46:41,077 [omNode-2@group-523986131536-LeaderElection30] INFO  server.RaftServerConfigKeys (ConfUtils.java:logGet(46)) - raft.server.write.element-limit = 4096 (default)
2025-04-23 15:46:41,078 [omNode-2@group-523986131536-LeaderElection30] INFO  server.RaftServerConfigKeys (ConfUtils.java:logGet(46)) - raft.server.write.follower.gap.ratio.max = -1.0 (default)
2025-04-23 15:46:41,078 [omNode-2@group-523986131536-LeaderElection30] INFO  server.RaftServerConfigKeys (ConfUtils.java:logGet(46)) - raft.server.log.appender.snapshot.chunk.size.max = 16MB (=16777216) (default)
2025-04-23 15:46:41,078 [omNode-2@group-523986131536-LeaderElection30] INFO  server.RaftServerConfigKeys (ConfUtils.java:logGet(46)) - raft.server.log.appender.buffer.byte-limit = 4194304 (custom)
2025-04-23 15:46:41,078 [omNode-2@group-523986131536-LeaderElection30] INFO  server.RaftServerConfigKeys (ConfUtils.java:logGet(46)) - raft.server.log.appender.buffer.element-limit = 1024 (custom)
2025-04-23 15:46:41,078 [omNode-2@group-523986131536-LeaderElection30] INFO  server.RaftServerConfigKeys (ConfUtils.java:logGet(46)) - raft.server.log.appender.wait-time.min = 0ms (custom)
2025-04-23 15:46:41,078 [omNode-2@group-523986131536-LeaderElection30] INFO  grpc.GrpcConfigKeys (ConfUtils.java:logGet(46)) - raft.grpc.server.leader.outstanding.appends.max = 8 (default)
2025-04-23 15:46:41,078 [omNode-2@group-523986131536-LeaderElection30] INFO  server.RaftServerConfigKeys (ConfUtils.java:logGet(46)) - raft.server.rpc.request.timeout = 3000ms (default)
2025-04-23 15:46:41,078 [omNode-2@group-523986131536-LeaderElection30] INFO  grpc.GrpcConfigKeys (ConfUtils.java:logGet(46)) - raft.grpc.server.install_snapshot.request.element-limit = 8 (default)
2025-04-23 15:46:41,078 [omNode-2@group-523986131536-LeaderElection30] INFO  grpc.GrpcConfigKeys (ConfUtils.java:logGet(46)) - raft.grpc.server.install_snapshot.request.timeout = 3000ms (default)
2025-04-23 15:46:41,078 [omNode-2@group-523986131536-LeaderElection30] INFO  grpc.GrpcConfigKeys (ConfUtils.java:logGet(46)) - raft.grpc.server.log-message.batch.duration = 5s (default)
2025-04-23 15:46:41,078 [omNode-2@group-523986131536-LeaderElection30] INFO  server.RaftServerConfigKeys (ConfUtils.java:logGet(46)) - raft.server.log.appender.install.snapshot.enabled = false (custom)
2025-04-23 15:46:41,078 [omNode-2@group-523986131536-LeaderElection30] INFO  grpc.GrpcConfigKeys (ConfUtils.java:logGet(46)) - raft.grpc.server.heartbeat.channel = true (default)
2025-04-23 15:46:41,079 [omNode-2@group-523986131536-LeaderElection30] INFO  server.RaftServerConfigKeys (ConfUtils.java:logGet(46)) - raft.server.log.appender.snapshot.chunk.size.max = 16MB (=16777216) (default)
2025-04-23 15:46:41,079 [omNode-2@group-523986131536-LeaderElection30] INFO  server.RaftServerConfigKeys (ConfUtils.java:logGet(46)) - raft.server.log.appender.buffer.byte-limit = 4194304 (custom)
2025-04-23 15:46:41,079 [omNode-2@group-523986131536-LeaderElection30] INFO  server.RaftServerConfigKeys (ConfUtils.java:logGet(46)) - raft.server.log.appender.buffer.element-limit = 1024 (custom)
2025-04-23 15:46:41,079 [omNode-2@group-523986131536-LeaderElection30] INFO  server.RaftServerConfigKeys (ConfUtils.java:logGet(46)) - raft.server.log.appender.wait-time.min = 0ms (custom)
2025-04-23 15:46:41,079 [omNode-2@group-523986131536-LeaderElection30] INFO  grpc.GrpcConfigKeys (ConfUtils.java:logGet(46)) - raft.grpc.server.leader.outstanding.appends.max = 8 (default)
2025-04-23 15:46:41,079 [omNode-2@group-523986131536-LeaderElection30] INFO  server.RaftServerConfigKeys (ConfUtils.java:logGet(46)) - raft.server.rpc.request.timeout = 3000ms (default)
2025-04-23 15:46:41,079 [omNode-2@group-523986131536-LeaderElection30] INFO  grpc.GrpcConfigKeys (ConfUtils.java:logGet(46)) - raft.grpc.server.install_snapshot.request.element-limit = 8 (default)
2025-04-23 15:46:41,079 [omNode-2@group-523986131536-LeaderElection30] INFO  grpc.GrpcConfigKeys (ConfUtils.java:logGet(46)) - raft.grpc.server.install_snapshot.request.timeout = 3000ms (default)
2025-04-23 15:46:41,079 [omNode-2@group-523986131536-LeaderElection30] INFO  grpc.GrpcConfigKeys (ConfUtils.java:logGet(46)) - raft.grpc.server.log-message.batch.duration = 5s (default)
2025-04-23 15:46:41,079 [omNode-2@group-523986131536-LeaderElection30] INFO  server.RaftServerConfigKeys (ConfUtils.java:logGet(46)) - raft.server.log.appender.install.snapshot.enabled = false (custom)
2025-04-23 15:46:41,079 [omNode-2@group-523986131536-LeaderElection30] INFO  grpc.GrpcConfigKeys (ConfUtils.java:logGet(46)) - raft.grpc.server.heartbeat.channel = true (default)
2025-04-23 15:46:41,079 [omNode-2@group-523986131536-LeaderElection30] INFO  impl.RoleInfo (RoleInfo.java:updateAndGet(148)) - omNode-2: start omNode-2@group-523986131536-LeaderStateImpl
2025-04-23 15:46:41,079 [omNode-2@group-523986131536-LeaderElection30] INFO  ratis.OzoneManagerStateMachine (OzoneManagerStateMachine.java:notifyLeaderChanged(169)) - omNode-2@group-523986131536: leader changed to omNode-2
2025-04-23 15:46:41,079 [omNode-2@group-523986131536-LeaderElection30] INFO  server.RaftServer$Division (ServerState.java:setLeader(272)) - omNode-2@group-523986131536: change Leader from null to omNode-2 at term 14 for becomeLeader, leader elected after 11ms
2025-04-23 15:46:41,080 [omNode-2@group-523986131536-LeaderElection30] INFO  segmented.SegmentedRaftLogWorker (SegmentedRaftLogWorker.java:rollLogSegment(443)) - omNode-2@group-523986131536-SegmentedRaftLogWorker: Rolling segment log-311_312 to index:312
2025-04-23 15:46:41,080 [omNode-2@group-523986131536-LeaderElection30] INFO  server.RaftServer$Division (ServerState.java:setRaftConf(386)) - omNode-2@group-523986131536: set configuration conf: {index: 313, cur=peers:[omNode-3|localhost:15017, omNode-1|localhost:15009, omNode-2|localhost:15013]|listeners:[], old=null}
2025-04-23 15:46:41,081 [omNode-2@group-523986131536-SegmentedRaftLogWorker] INFO  segmented.SegmentedRaftLogWorker (SegmentedRaftLogWorker.java:execute(601)) - omNode-2@group-523986131536-SegmentedRaftLogWorker: Rolled log segment from /home/runner/work/ozone/ozone/hadoop-ozone/integration-test/target/test-dir/MiniOzoneClusterImpl-5cf50c17-c591-473f-a8c4-88d8665d28d7/omNode-2/ratis/c9bc4cf4-3bc3-3c60-a66b-523986131536/current/log_inprogress_311 to /home/runner/work/ozone/ozone/hadoop-ozone/integration-test/target/test-dir/MiniOzoneClusterImpl-5cf50c17-c591-473f-a8c4-88d8665d28d7/omNode-2/ratis/c9bc4cf4-3bc3-3c60-a66b-523986131536/current/log_311-312
2025-04-23 15:46:41,081 [omNode-2@group-523986131536-SegmentedRaftLogWorker] INFO  segmented.BufferedWriteChannel (BufferedWriteChannel.java:open(61)) - open log_inprogress_313 at position 0
2025-04-23 15:46:41,087 [grpc-default-executor-6] WARN  server.GrpcLogAppender (LogUtils.java:warn(121)) - omNode-2@group-523986131536->omNode-1-AppendLogResponseHandler: Failed appendEntries: org.apache.ratis.thirdparty.io.grpc.StatusRuntimeException: UNAVAILABLE: io exception
2025-04-23 15:46:41,088 [grpc-default-executor-6] WARN  server.GrpcLogAppender (GrpcLogAppender.java:lambda$resetClient$1(221)) - omNode-2@group-523986131536->omNode-1-GrpcLogAppender: Follower failed (request=null, errorCount=1); keep nextIndex (313) unchanged and retry.
2025-04-23 15:46:41,090 [omNode-3-server-thread1] INFO  ratis.OzoneManagerStateMachine (OzoneManagerStateMachine.java:notifyLeaderChanged(169)) - omNode-3@group-523986131536: leader changed to omNode-2
2025-04-23 15:46:41,090 [omNode-3-server-thread1] INFO  server.RaftServer$Division (ServerState.java:setLeader(272)) - omNode-3@group-523986131536: change Leader from null to omNode-2 at term 14 for appendEntries, leader elected after 15ms
2025-04-23 15:46:41,090 [omNode-2@group-523986131536-SegmentedRaftLogWorker] INFO  segmented.SegmentedRaftLogWorker (SegmentedRaftLogWorker.java:execute(644)) - omNode-2@group-523986131536-SegmentedRaftLogWorker: created new log segment /home/runner/work/ozone/ozone/hadoop-ozone/integration-test/target/test-dir/MiniOzoneClusterImpl-5cf50c17-c591-473f-a8c4-88d8665d28d7/omNode-2/ratis/c9bc4cf4-3bc3-3c60-a66b-523986131536/current/log_inprogress_313
2025-04-23 15:46:41,090 [grpc-default-executor-1] WARN  server.GrpcLogAppender (GrpcLogAppender.java:lambda$resetClient$1(221)) - omNode-2@group-523986131536->omNode-1-GrpcLogAppender: Follower failed (request=null, errorCount=3); keep nextIndex (314) unchanged and retry.
2025-04-23 15:46:41,092 [omNode-3-server-thread2] INFO  server.RaftServer$Division (ServerState.java:setRaftConf(386)) - omNode-3@group-523986131536: set configuration conf: {index: 313, cur=peers:[omNode-3|localhost:15017, omNode-1|localhost:15009, omNode-2|localhost:15013]|listeners:[], old=null}
2025-04-23 15:46:41,092 [omNode-3-server-thread2] INFO  segmented.SegmentedRaftLogWorker (SegmentedRaftLogWorker.java:rollLogSegment(443)) - omNode-3@group-523986131536-SegmentedRaftLogWorker: Rolling segment log-311_312 to index:312
2025-04-23 15:46:41,094 [omNode-3@group-523986131536-SegmentedRaftLogWorker] INFO  segmented.SegmentedRaftLogWorker (SegmentedRaftLogWorker.java:execute(601)) - omNode-3@group-523986131536-SegmentedRaftLogWorker: Rolled log segment from /home/runner/work/ozone/ozone/hadoop-ozone/integration-test/target/test-dir/MiniOzoneClusterImpl-5cf50c17-c591-473f-a8c4-88d8665d28d7/omNode-3/ratis/c9bc4cf4-3bc3-3c60-a66b-523986131536/current/log_inprogress_311 to /home/runner/work/ozone/ozone/hadoop-ozone/integration-test/target/test-dir/MiniOzoneClusterImpl-5cf50c17-c591-473f-a8c4-88d8665d28d7/omNode-3/ratis/c9bc4cf4-3bc3-3c60-a66b-523986131536/current/log_311-312
2025-04-23 15:46:41,094 [omNode-3@group-523986131536-SegmentedRaftLogWorker] INFO  segmented.BufferedWriteChannel (BufferedWriteChannel.java:open(61)) - open log_inprogress_313 at position 0
2025-04-23 15:46:41,101 [omNode-3@group-523986131536-SegmentedRaftLogWorker] INFO  segmented.SegmentedRaftLogWorker (SegmentedRaftLogWorker.java:execute(644)) - omNode-3@group-523986131536-SegmentedRaftLogWorker: created new log segment /home/runner/work/ozone/ozone/hadoop-ozone/integration-test/target/test-dir/MiniOzoneClusterImpl-5cf50c17-c591-473f-a8c4-88d8665d28d7/omNode-3/ratis/c9bc4cf4-3bc3-3c60-a66b-523986131536/current/log_inprogress_313
2025-04-23 15:46:41,103 [grpc-default-executor-6] WARN  server.GrpcLogAppender (GrpcLogAppender.java:lambda$resetClient$1(221)) - omNode-2@group-523986131536->omNode-1-GrpcLogAppender: Follower failed (request=null, errorCount=5); keep nextIndex (315) unchanged and retry.
2025-04-23 15:46:41,104 [omNode-2@group-523986131536-StateMachineUpdater] INFO  ratis.OzoneManagerStateMachine (OzoneManagerStateMachine.java:notifyConfigurationChanged(231)) - notifyConfigurationChanged from Ratis: term=14, index=313, New Peer list: omNode-3(localhost:15017), omNode-1(localhost:15009), omNode-2(localhost:15013)
2025-04-23 15:46:41,104 [omNode-2@group-523986131536-StateMachineUpdater] INFO  server.RaftServer$Division (LeaderStateImpl.java:checkStartIndex(313)) - Leader omNode-2@group-523986131536-LeaderStateImpl is ready since appliedIndex == startIndex == 313
2025-04-23 15:46:41,105 [omNode-3@group-523986131536-StateMachineUpdater] INFO  ratis.OzoneManagerStateMachine (OzoneManagerStateMachine.java:notifyConfigurationChanged(231)) - notifyConfigurationChanged from Ratis: term=14, index=313, New Peer list: omNode-3(localhost:15017), omNode-1(localhost:15009), omNode-2(localhost:15013)
2025-04-23 15:46:46,088 [timer6] WARN  server.GrpcLogAppender (LogUtils.java:warn(121)) - omNode-2@group-523986131536->omNode-1-AppendLogResponseHandler: Failed appendEntries (Repeated 18 times in the last 5.000s): org.apache.ratis.thirdparty.io.grpc.StatusRuntimeException: UNAVAILABLE: io exception
2025-04-23 15:46:46,088 [timer7] WARN  server.GrpcLogAppender (GrpcLogAppender.java:lambda$resetClient$1(221)) - omNode-2@group-523986131536->omNode-1-GrpcLogAppender: Follower failed (request=null, errorCount=2); keep nextIndex (313) unchanged and retry. (Repeated 2 times in the last 5.000s)
2025-04-23 15:46:46,091 [timer2] WARN  server.GrpcLogAppender (GrpcLogAppender.java:lambda$resetClient$1(221)) - omNode-2@group-523986131536->omNode-1-GrpcLogAppender: Follower failed (request=null, errorCount=4); keep nextIndex (314) unchanged and retry. (Repeated 2 times in the last 5.000s)
2025-04-23 15:46:46,103 [timer6] WARN  server.GrpcLogAppender (GrpcLogAppender.java:lambda$resetClient$1(221)) - omNode-2@group-523986131536->omNode-1-GrpcLogAppender: Follower failed (request=null, errorCount=18); keep nextIndex (315) unchanged and retry. (Repeated 14 times in the last 5.000s)
2025-04-23 15:46:46,532 [grpc-default-executor-0] WARN  server.GrpcLogAppender (LogUtils.java:warn(121)) - omNode-2@group-523986131536->omNode-1-AppendLogResponseHandler: Failed appendEntries: org.apache.ratis.thirdparty.io.grpc.StatusRuntimeException: UNAVAILABLE: io exception
2025-04-23 15:46:46,532 [grpc-default-executor-6] WARN  server.GrpcLogAppender (GrpcLogAppender.java:lambda$resetClient$1(221)) - omNode-2@group-523986131536->omNode-1-GrpcLogAppender: Follower failed (request=null, errorCount=19); keep nextIndex (315) unchanged and retry.
2025-04-23 15:46:47,048 [main] INFO  rpc.RpcClient (RpcClient.java:createVolume(462)) - Creating Volume: volume00751, with user92880 as owner and space quota set to -1 bytes, counts quota set to -1
2025-04-23 15:46:47,053 [grpc-default-executor-1] WARN  server.GrpcLogAppender (GrpcLogAppender.java:lambda$resetClient$1(221)) - omNode-2@group-523986131536->omNode-1-GrpcLogAppender: Follower failed (request=null, errorCount=23); keep nextIndex (317) unchanged and retry.
2025-04-23 15:46:47,063 [omNode-3-OMStateMachineApplyTransactionThread - 0] WARN  helpers.OzoneAclUtil (OzoneAclUtil.java:getDefaultAclList(77)) - Failed to get primary group from user user92880 (auth:SIMPLE)
2025-04-23 15:46:47,063 [omNode-2-OMStateMachineApplyTransactionThread - 0] WARN  helpers.OzoneAclUtil (OzoneAclUtil.java:getDefaultAclList(77)) - Failed to get primary group from user user92880 (auth:SIMPLE)
2025-04-23 15:46:47,063 [omNode-3-OMStateMachineApplyTransactionThread - 0] INFO  volume.OMVolumeCreateRequest (OMVolumeCreateRequest.java:validateAndUpdateCache(203)) - created volume:volume00751 for user:user92880
2025-04-23 15:46:47,063 [omNode-2-OMStateMachineApplyTransactionThread - 0] INFO  volume.OMVolumeCreateRequest (OMVolumeCreateRequest.java:validateAndUpdateCache(203)) - created volume:volume00751 for user:user92880
2025-04-23 15:46:47,066 [main] INFO  rpc.RpcClient (RpcClient.java:createVolume(462)) - Creating Volume: volume76914, with user52275 as owner and space quota set to -1 bytes, counts quota set to -1
2025-04-23 15:46:47,068 [grpc-default-executor-1] WARN  server.GrpcLogAppender (GrpcLogAppender.java:lambda$resetClient$1(221)) - omNode-2@group-523986131536->omNode-1-GrpcLogAppender: Follower failed (request=null, errorCount=25); keep nextIndex (318) unchanged and retry.
2025-04-23 15:46:47,070 [grpc-default-executor-0] WARN  server.GrpcLogAppender (GrpcLogAppender.java:lambda$resetClient$1(221)) - omNode-2@group-523986131536->omNode-1-GrpcLogAppender: Follower failed (request=null, errorCount=27); keep nextIndex (319) unchanged and retry.
2025-04-23 15:46:47,081 [omNode-3-OMStateMachineApplyTransactionThread - 0] WARN  helpers.OzoneAclUtil (OzoneAclUtil.java:getDefaultAclList(77)) - Failed to get primary group from user user52275 (auth:SIMPLE)
2025-04-23 15:46:47,081 [omNode-2-OMStateMachineApplyTransactionThread - 0] WARN  helpers.OzoneAclUtil (OzoneAclUtil.java:getDefaultAclList(77)) - Failed to get primary group from user user52275 (auth:SIMPLE)
2025-04-23 15:46:47,082 [omNode-2-OMStateMachineApplyTransactionThread - 0] INFO  volume.OMVolumeCreateRequest (OMVolumeCreateRequest.java:validateAndUpdateCache(203)) - created volume:volume76914 for user:user52275
2025-04-23 15:46:47,082 [omNode-3-OMStateMachineApplyTransactionThread - 0] INFO  volume.OMVolumeCreateRequest (OMVolumeCreateRequest.java:validateAndUpdateCache(203)) - created volume:volume76914 for user:user52275
2025-04-23 15:46:47,084 [main] INFO  rpc.RpcClient (RpcClient.java:createBucket(687)) - Creating Bucket: volume76914/92dd39ed-1a1d-4af2-a5ee-ab8b2d205ea9, with server-side default bucket layout, runner as owner, Versioning false, Storage Type set to DISK and Encryption set to false, Replication Type set to server-side default replication type, Namespace Quota set to -1, Space Quota set to -1 
2025-04-23 15:46:47,086 [grpc-default-executor-1] WARN  server.GrpcLogAppender (GrpcLogAppender.java:lambda$resetClient$1(221)) - omNode-2@group-523986131536->omNode-1-GrpcLogAppender: Follower failed (request=null, errorCount=29); keep nextIndex (320) unchanged and retry.
2025-04-23 15:46:47,087 [grpc-default-executor-1] WARN  server.GrpcLogAppender (GrpcLogAppender.java:lambda$resetClient$1(221)) - omNode-2@group-523986131536->omNode-1-GrpcLogAppender: Follower failed (request=null, errorCount=31); keep nextIndex (321) unchanged and retry.
2025-04-23 15:46:47,087 [omNode-2-OMStateMachineApplyTransactionThread - 0] INFO  bucket.OMBucketCreateRequest (OMBucketCreateRequest.java:validateAndUpdateCache(291)) - created bucket: 92dd39ed-1a1d-4af2-a5ee-ab8b2d205ea9 of layout OBJECT_STORE in volume: volume76914
2025-04-23 15:46:47,089 [omNode-3-OMStateMachineApplyTransactionThread - 0] INFO  bucket.OMBucketCreateRequest (OMBucketCreateRequest.java:validateAndUpdateCache(291)) - created bucket: 92dd39ed-1a1d-4af2-a5ee-ab8b2d205ea9 of layout OBJECT_STORE in volume: volume76914
2025-04-23 15:46:47,095 [grpc-default-executor-0] WARN  server.GrpcLogAppender (GrpcLogAppender.java:lambda$resetClient$1(221)) - omNode-2@group-523986131536->omNode-1-GrpcLogAppender: Follower failed (request=null, errorCount=33); keep nextIndex (322) unchanged and retry.
2025-04-23 15:46:47,096 [grpc-default-executor-1] WARN  server.GrpcLogAppender (GrpcLogAppender.java:lambda$resetClient$1(221)) - omNode-2@group-523986131536->omNode-1-GrpcLogAppender: Follower failed (request=null, errorCount=35); keep nextIndex (323) unchanged and retry.
2025-04-23 15:46:47,112 [grpc-default-executor-1] WARN  server.GrpcLogAppender (GrpcLogAppender.java:lambda$resetClient$1(221)) - omNode-2@group-523986131536->omNode-1-GrpcLogAppender: Follower failed (request=null, errorCount=37); keep nextIndex (324) unchanged and retry.
2025-04-23 15:46:47,114 [grpc-default-executor-0] WARN  server.GrpcLogAppender (GrpcLogAppender.java:lambda$resetClient$1(221)) - omNode-2@group-523986131536->omNode-1-GrpcLogAppender: Follower failed (request=null, errorCount=39); keep nextIndex (325) unchanged and retry.
2025-04-23 15:46:47,126 [main] INFO  om.OzoneManager (OzoneManager.java:stop(2347)) - omNode-3[localhost:15014]: Stopping Ozone Manager
2025-04-23 15:46:47,126 [main] INFO  ipc.Server (Server.java:stop(3697)) - Stopping server on 15014
2025-04-23 15:46:47,128 [IPC Server listener on 15014] INFO  ipc.Server (Server.java:run(1585)) - Stopping IPC Server listener on 15014
2025-04-23 15:46:47,128 [IPC Server Responder] INFO  ipc.Server (Server.java:run(1718)) - Stopping IPC Server Responder
2025-04-23 15:46:47,129 [main] INFO  ratis.OzoneManagerRatisServer (OzoneManagerRatisServer.java:stop(634)) - Stopping org.apache.hadoop.ozone.om.ratis.OzoneManagerRatisServer@1307569 at port 15017
2025-04-23 15:46:47,129 [main] INFO  server.RaftServer (RaftServerProxy.java:lambda$close$9(417)) - omNode-3: close
2025-04-23 15:46:47,129 [main] INFO  server.GrpcService (GrpcService.java:closeImpl(343)) - omNode-3: shutdown server GrpcServerProtocolService now
2025-04-23 15:46:47,129 [omNode-3-impl-thread1] INFO  server.RaftServer$Division (RaftServerImpl.java:lambda$close$1(513)) - omNode-3@group-523986131536: shutdown
2025-04-23 15:46:47,130 [omNode-3-impl-thread1] INFO  util.JmxRegister (JmxRegister.java:unregister(74)) - Successfully un-registered JMX Bean with object name Ratis:service=RaftServer,group=group-523986131536,id=omNode-3
2025-04-23 15:46:47,130 [omNode-3-impl-thread1] INFO  impl.RoleInfo (RoleInfo.java:shutdownFollowerState(121)) - omNode-3: shutdown omNode-3@group-523986131536-FollowerState
2025-04-23 15:46:47,130 [omNode-3-impl-thread1] INFO  impl.StateMachineUpdater (StateMachineUpdater.java:stopAndJoin(164)) - omNode-3@group-523986131536-StateMachineUpdater: set stopIndex = 323
2025-04-23 15:46:47,130 [omNode-3@group-523986131536-FollowerState] INFO  impl.FollowerState (FollowerState.java:runImpl(170)) - omNode-3@group-523986131536-FollowerState was interrupted
2025-04-23 15:46:47,131 [Thread-5188] INFO  server.GrpcServerProtocolClient (GrpcServerProtocolClient.java:close(105)) - omNode-2 Close channels
2025-04-23 15:46:47,131 [grpc-default-executor-1] WARN  server.GrpcServerProtocolService (LogUtils.java:warn(121)) - omNode-3: APPEND_ENTRIES onError, lastRequest: null: org.apache.ratis.thirdparty.io.grpc.StatusRuntimeException: CANCELLED: client cancelled
2025-04-23 15:46:47,131 [grpc-default-executor-7] WARN  server.GrpcLogAppender (LogUtils.java:warn(121)) - omNode-2@group-523986131536->omNode-3-AppendLogResponseHandler: Failed appendEntries: org.apache.ratis.thirdparty.io.grpc.StatusRuntimeException: CANCELLED: RST_STREAM closed stream. HTTP/2 error code: CANCEL
2025-04-23 15:46:47,131 [Thread-5187] INFO  server.GrpcServerProtocolClient (GrpcServerProtocolClient.java:close(105)) - omNode-1 Close channels
2025-04-23 15:46:47,132 [grpc-default-executor-6] WARN  server.GrpcServerProtocolService (LogUtils.java:warn(121)) - omNode-3: APPEND_ENTRIES onError, lastRequest: omNode-2->omNode-3#30-t14,previous=(t:14, i:323),leaderCommit=323,initializing? false,entries: size=1, first=(t:14, i:324), METADATAENTRY(c:323): org.apache.ratis.thirdparty.io.grpc.StatusRuntimeException: CANCELLED: client cancelled
2025-04-23 15:46:47,132 [main] INFO  server.GrpcService (GrpcService.java:closeImpl(352)) - omNode-3: shutdown server GrpcServerProtocolService successfully
2025-04-23 15:46:47,131 [grpc-default-executor-0] WARN  server.GrpcLogAppender (GrpcLogAppender.java:lambda$resetClient$1(221)) - omNode-2@group-523986131536->omNode-3-GrpcLogAppender: Follower failed (request=null, errorCount=1); keep nextIndex (325) unchanged and retry.
2025-04-23 15:46:47,150 [omNode-3@group-523986131536-StateMachineUpdater] INFO  ratis.OzoneManagerStateMachine (OzoneManagerStateMachine.java:takeSnapshotImpl(510)) - omNode-3: taking snapshot. applied = (t:14, i:323), skipped = 321, notified = (t:14, i:322), current snapshot index = (t:14, i:323), took 20 ms
2025-04-23 15:46:47,150 [omNode-3@group-523986131536-StateMachineUpdater] INFO  impl.StateMachineUpdater (StateMachineUpdater.java:takeSnapshot(303)) - omNode-3@group-523986131536-StateMachineUpdater: Took a snapshot at index 323
2025-04-23 15:46:47,151 [omNode-3@group-523986131536-StateMachineUpdater] INFO  impl.StateMachineUpdater (StateMachineUpdater.java:lambda$new$0(102)) - omNode-3@group-523986131536-StateMachineUpdater: snapshotIndex: updateIncreasingly 308 -> 323
2025-04-23 15:46:47,151 [omNode-3@group-523986131536-StateMachineUpdater] INFO  raftlog.RaftLog (RaftLogBase.java:purge(325)) - omNode-3@group-523986131536-SegmentedRaftLog: purge 323
2025-04-23 15:46:47,151 [omNode-3@group-523986131536-StateMachineUpdater] INFO  raftlog.RaftLog (RaftLogBase.java:lambda$new$0(54)) - omNode-3@group-523986131536-SegmentedRaftLog: snapshotIndex: updateIncreasingly 308 -> 323
2025-04-23 15:46:47,151 [omNode-3@group-523986131536-StateMachineUpdater] INFO  raftlog.RaftLog (SegmentedRaftLog.java:purgeImpl(382)) - omNode-3@group-523986131536-SegmentedRaftLog: purge(323)
  toTruncate: null
    toDelete: [(311, 312) isOpen? false, length=0, newEndIndex=0, (309, 310) isOpen? false, length=0, newEndIndex=0, (107, 308) isOpen? false, length=0, newEndIndex=0]
2025-04-23 15:46:47,151 [omNode-3@group-523986131536-StateMachineUpdater] INFO  impl.StateMachineUpdater (StateMachineUpdater.java:stop(141)) - omNode-3@group-523986131536-StateMachineUpdater: closing OzoneManagerStateMachine, lastApplied=(t:14, i:323)
2025-04-23 15:46:47,151 [omNode-3@group-523986131536-StateMachineUpdater] INFO  ratis.OzoneManagerStateMachine (OzoneManagerStateMachine.java:close(550)) - Stopping OzoneManagerStateMachine:omNode-3:group-523986131536.
2025-04-23 15:46:47,151 [omNode-3@group-523986131536-StateMachineUpdater] INFO  ratis.OzoneManagerDoubleBuffer (OzoneManagerDoubleBuffer.java:stopDaemon(500)) - Stopping OMDoubleBuffer flush thread
2025-04-23 15:46:47,151 [omNode-3-OMDoubleBufferFlushThread] INFO  ratis.OzoneManagerDoubleBuffer (OzoneManagerDoubleBuffer.java:canFlush(559)) - OMDoubleBuffer flush thread omNode-3-OMDoubleBufferFlushThread is interrupted and will exit.
2025-04-23 15:46:47,151 [omNode-3@group-523986131536-SegmentedRaftLogWorker] INFO  segmented.SegmentedRaftLogWorker (SegmentedRaftLogWorker.java:execute(481)) - omNode-3@group-523986131536-SegmentedRaftLogWorker: Purged RaftLog segment: info=(311, 312) isOpen? false, length=0, newEndIndex=0, path=/home/runner/work/ozone/ozone/hadoop-ozone/integration-test/target/test-dir/MiniOzoneClusterImpl-5cf50c17-c591-473f-a8c4-88d8665d28d7/omNode-3/ratis/c9bc4cf4-3bc3-3c60-a66b-523986131536/current/log_311-312
2025-04-23 15:46:47,151 [omNode-3@group-523986131536-SegmentedRaftLogWorker] INFO  segmented.SegmentedRaftLogWorker (SegmentedRaftLogWorker.java:execute(481)) - omNode-3@group-523986131536-SegmentedRaftLogWorker: Purged RaftLog segment: info=(309, 310) isOpen? false, length=0, newEndIndex=0, path=/home/runner/work/ozone/ozone/hadoop-ozone/integration-test/target/test-dir/MiniOzoneClusterImpl-5cf50c17-c591-473f-a8c4-88d8665d28d7/omNode-3/ratis/c9bc4cf4-3bc3-3c60-a66b-523986131536/current/log_309-310
2025-04-23 15:46:47,151 [omNode-3@group-523986131536-SegmentedRaftLogWorker] INFO  segmented.SegmentedRaftLogWorker (SegmentedRaftLogWorker.java:execute(481)) - omNode-3@group-523986131536-SegmentedRaftLogWorker: Purged RaftLog segment: info=(107, 308) isOpen? false, length=0, newEndIndex=0, path=/home/runner/work/ozone/ozone/hadoop-ozone/integration-test/target/test-dir/MiniOzoneClusterImpl-5cf50c17-c591-473f-a8c4-88d8665d28d7/omNode-3/ratis/c9bc4cf4-3bc3-3c60-a66b-523986131536/current/log_107-308
2025-04-23 15:46:47,151 [omNode-3@group-523986131536-cacheEviction-AwaitToRun] INFO  util.AwaitToRun (AwaitToRun.java:run(49)) - omNode-3@group-523986131536-cacheEviction-AwaitToRun-AwaitForSignal is interrupted
2025-04-23 15:46:47,152 [omNode-3@group-523986131536-SegmentedRaftLogWorker] INFO  raftlog.RaftLog (RaftLogBase.java:lambda$new$0(54)) - omNode-3@group-523986131536-SegmentedRaftLog: purgeIndex: updateToMax old=106, new=312, updated? true
2025-04-23 15:46:47,153 [omNode-3-impl-thread1] INFO  segmented.SegmentedRaftLogWorker (SegmentedRaftLogWorker.java:close(252)) - omNode-3@group-523986131536-SegmentedRaftLogWorker close()
2025-04-23 15:46:47,153 [JvmPauseMonitor29] INFO  util.JvmPauseMonitor (JvmPauseMonitor.java:run(152)) - JvmPauseMonitor-omNode-3: Stopped
2025-04-23 15:46:47,153 [main] INFO  utils.BackgroundService (BackgroundService.java:shutdown(161)) - Shutting down service KeyDeletingService
2025-04-23 15:46:47,154 [main] INFO  utils.BackgroundService (BackgroundService.java:shutdown(161)) - Shutting down service DirectoryDeletingService
2025-04-23 15:46:47,155 [main] INFO  utils.BackgroundService (BackgroundService.java:shutdown(161)) - Shutting down service OpenKeyCleanupService
2025-04-23 15:46:47,155 [main] INFO  utils.BackgroundService (BackgroundService.java:shutdown(161)) - Shutting down service SstFilteringService
2025-04-23 15:46:47,156 [main] INFO  utils.BackgroundService (BackgroundService.java:shutdown(161)) - Shutting down service SnapshotDeletingService
2025-04-23 15:46:47,156 [main] INFO  utils.BackgroundService (BackgroundService.java:shutdown(161)) - Shutting down service MultipartUploadCleanupService
2025-04-23 15:46:47,157 [main] INFO  handler.ContextHandler (ContextHandler.java:doStop(1159)) - Stopped o.e.j.w.WebAppContext@9f7649f{ozoneManager,/,null,STOPPED}{file:/home/runner/work/ozone/ozone/hadoop-ozone/integration-test/target/test-classes/webapps/ozoneManager}
2025-04-23 15:46:47,158 [main] INFO  server.AbstractConnector (AbstractConnector.java:doStop(383)) - Stopped ServerConnector@4333970{HTTP/1.1, (http/1.1)}{0.0.0.0:15015}
2025-04-23 15:46:47,158 [main] INFO  server.session (HouseKeeper.java:stopScavenging(149)) - node0 Stopped scavenging
2025-04-23 15:46:47,158 [main] INFO  handler.ContextHandler (ContextHandler.java:doStop(1159)) - Stopped o.e.j.s.ServletContextHandler@628c9281{static,/static,file:///home/runner/work/ozone/ozone/hadoop-ozone/integration-test/target/test-classes/webapps/static,STOPPED}
2025-04-23 15:46:47,158 [main] INFO  handler.ContextHandler (ContextHandler.java:doStop(1159)) - Stopped o.e.j.s.ServletContextHandler@482b7363{logs,/logs,file:///home/runner/work/ozone/ozone/hadoop-ozone/integration-test/target/log,STOPPED}
2025-04-23 15:46:47,159 [main] INFO  rocksdiff.RocksDBCheckpointDiffer (RocksDBCheckpointDiffer.java:close(304)) - Shutting down CompactionDagPruningService.
2025-04-23 15:46:47,161 [main] INFO  snapshot.SnapshotDiffManager (SnapshotDiffManager.java:closeExecutorService(1698)) - Shutting down executorService: 'SnapDiffExecutor'
2025-04-23 15:46:47,161 [main] INFO  utils.BackgroundService (BackgroundService.java:shutdown(161)) - Shutting down service SnapshotDiffCleanupService
2025-04-23 15:46:47,162 [main] INFO  om.OzoneManager (OzoneManager.java:stop(2347)) - omNode-1[localhost:15006]: Stopping Ozone Manager
2025-04-23 15:46:47,162 [main] INFO  om.OzoneManager (OzoneManager.java:stop(2347)) - omNode-2[localhost:15010]: Stopping Ozone Manager
2025-04-23 15:46:47,162 [main] INFO  ipc.Server (Server.java:stop(3697)) - Stopping server on 15010
2025-04-23 15:46:47,164 [IPC Server listener on 15010] INFO  ipc.Server (Server.java:run(1585)) - Stopping IPC Server listener on 15010
2025-04-23 15:46:47,164 [IPC Server Responder] INFO  ipc.Server (Server.java:run(1718)) - Stopping IPC Server Responder
2025-04-23 15:46:47,164 [main] INFO  ratis.OzoneManagerRatisServer (OzoneManagerRatisServer.java:stop(634)) - Stopping org.apache.hadoop.ozone.om.ratis.OzoneManagerRatisServer@10836bfe at port 15013
2025-04-23 15:46:47,164 [main] INFO  server.RaftServer (RaftServerProxy.java:lambda$close$9(417)) - omNode-2: close
2025-04-23 15:46:47,164 [main] INFO  server.GrpcService (GrpcService.java:closeImpl(343)) - omNode-2: shutdown server GrpcServerProtocolService now
2025-04-23 15:46:47,165 [omNode-2-impl-thread1] INFO  server.RaftServer$Division (RaftServerImpl.java:lambda$close$1(513)) - omNode-2@group-523986131536: shutdown
2025-04-23 15:46:47,165 [omNode-2-impl-thread1] INFO  util.JmxRegister (JmxRegister.java:unregister(74)) - Successfully un-registered JMX Bean with object name Ratis:service=RaftServer,group=group-523986131536,id=omNode-2
2025-04-23 15:46:47,165 [omNode-2-impl-thread1] INFO  impl.RoleInfo (RoleInfo.java:shutdownLeaderState(103)) - omNode-2: shutdown omNode-2@group-523986131536-LeaderStateImpl
2025-04-23 15:46:47,165 [omNode-2@group-523986131536->omNode-1-GrpcLogAppender-LogAppenderDaemon] WARN  server.GrpcLogAppender (GrpcLogAppender.java:mayWait(293)) - omNode-2@group-523986131536->omNode-1-GrpcLogAppender: Wait interrupted by java.lang.InterruptedException
2025-04-23 15:46:47,165 [omNode-2-impl-thread1] INFO  impl.PendingRequests (PendingRequests.java:sendNotLeaderResponses(287)) - omNode-2@group-523986131536-PendingRequests: sendNotLeaderResponses
2025-04-23 15:46:47,165 [omNode-2@group-523986131536->omNode-3-GrpcLogAppender-LogAppenderDaemon] WARN  server.GrpcLogAppender (GrpcLogAppender.java:mayWait(293)) - omNode-2@group-523986131536->omNode-3-GrpcLogAppender: Wait interrupted by java.lang.InterruptedException
2025-04-23 15:46:47,166 [omNode-2-impl-thread1] INFO  impl.StateMachineUpdater (StateMachineUpdater.java:stopAndJoin(164)) - omNode-2@group-523986131536-StateMachineUpdater: set stopIndex = 324
2025-04-23 15:46:47,166 [Thread-5301] INFO  server.GrpcServerProtocolClient (GrpcServerProtocolClient.java:close(105)) - omNode-3 Close channels
2025-04-23 15:46:47,166 [Thread-5302] INFO  server.GrpcServerProtocolClient (GrpcServerProtocolClient.java:close(105)) - omNode-1 Close channels
2025-04-23 15:46:47,167 [main] INFO  server.GrpcService (GrpcService.java:closeImpl(352)) - omNode-2: shutdown server GrpcServerProtocolService successfully
2025-04-23 15:46:47,184 [omNode-2@group-523986131536-StateMachineUpdater] INFO  ratis.OzoneManagerStateMachine (OzoneManagerStateMachine.java:takeSnapshotImpl(510)) - omNode-2: taking snapshot. applied = (t:14, i:324), skipped = 323, notified = (t:14, i:324), current snapshot index = (t:14, i:324), took 18 ms
2025-04-23 15:46:47,185 [omNode-2@group-523986131536-StateMachineUpdater] INFO  impl.StateMachineUpdater (StateMachineUpdater.java:takeSnapshot(303)) - omNode-2@group-523986131536-StateMachineUpdater: Took a snapshot at index 324
2025-04-23 15:46:47,185 [omNode-2@group-523986131536-StateMachineUpdater] INFO  impl.StateMachineUpdater (StateMachineUpdater.java:lambda$new$0(102)) - omNode-2@group-523986131536-StateMachineUpdater: snapshotIndex: updateIncreasingly 310 -> 324
2025-04-23 15:46:47,185 [omNode-2@group-523986131536-StateMachineUpdater] INFO  raftlog.RaftLog (RaftLogBase.java:purge(325)) - omNode-2@group-523986131536-SegmentedRaftLog: purge 324
2025-04-23 15:46:47,185 [omNode-2@group-523986131536-StateMachineUpdater] INFO  raftlog.RaftLog (RaftLogBase.java:lambda$new$0(54)) - omNode-2@group-523986131536-SegmentedRaftLog: snapshotIndex: updateIncreasingly 310 -> 324
2025-04-23 15:46:47,185 [omNode-2@group-523986131536-StateMachineUpdater] INFO  raftlog.RaftLog (SegmentedRaftLog.java:purgeImpl(382)) - omNode-2@group-523986131536-SegmentedRaftLog: purge(324)
  toTruncate: null
    toDelete: [(311, 312) isOpen? false, length=0, newEndIndex=0, (309, 310) isOpen? false, length=0, newEndIndex=0, (107, 308) isOpen? false, length=0, newEndIndex=0]
2025-04-23 15:46:47,185 [omNode-2@group-523986131536-SegmentedRaftLogWorker] INFO  segmented.SegmentedRaftLogWorker (SegmentedRaftLogWorker.java:execute(481)) - omNode-2@group-523986131536-SegmentedRaftLogWorker: Purged RaftLog segment: info=(311, 312) isOpen? false, length=0, newEndIndex=0, path=/home/runner/work/ozone/ozone/hadoop-ozone/integration-test/target/test-dir/MiniOzoneClusterImpl-5cf50c17-c591-473f-a8c4-88d8665d28d7/omNode-2/ratis/c9bc4cf4-3bc3-3c60-a66b-523986131536/current/log_311-312
2025-04-23 15:46:47,185 [omNode-2@group-523986131536-SegmentedRaftLogWorker] INFO  segmented.SegmentedRaftLogWorker (SegmentedRaftLogWorker.java:execute(481)) - omNode-2@group-523986131536-SegmentedRaftLogWorker: Purged RaftLog segment: info=(309, 310) isOpen? false, length=0, newEndIndex=0, path=/home/runner/work/ozone/ozone/hadoop-ozone/integration-test/target/test-dir/MiniOzoneClusterImpl-5cf50c17-c591-473f-a8c4-88d8665d28d7/omNode-2/ratis/c9bc4cf4-3bc3-3c60-a66b-523986131536/current/log_309-310
2025-04-23 15:46:47,185 [omNode-2@group-523986131536-SegmentedRaftLogWorker] INFO  segmented.SegmentedRaftLogWorker (SegmentedRaftLogWorker.java:execute(481)) - omNode-2@group-523986131536-SegmentedRaftLogWorker: Purged RaftLog segment: info=(107, 308) isOpen? false, length=0, newEndIndex=0, path=/home/runner/work/ozone/ozone/hadoop-ozone/integration-test/target/test-dir/MiniOzoneClusterImpl-5cf50c17-c591-473f-a8c4-88d8665d28d7/omNode-2/ratis/c9bc4cf4-3bc3-3c60-a66b-523986131536/current/log_107-308
2025-04-23 15:46:47,185 [omNode-2@group-523986131536-StateMachineUpdater] INFO  raftlog.RaftLog (RaftLogBase.java:lambda$new$0(54)) - omNode-2@group-523986131536-SegmentedRaftLog: purgeIndex: updateToMax old=106, new=312, updated? true
2025-04-23 15:46:47,185 [omNode-2@group-523986131536-StateMachineUpdater] INFO  impl.StateMachineUpdater (StateMachineUpdater.java:stop(141)) - omNode-2@group-523986131536-StateMachineUpdater: closing OzoneManagerStateMachine, lastApplied=(t:14, i:324)
2025-04-23 15:46:47,185 [omNode-2@group-523986131536-StateMachineUpdater] INFO  ratis.OzoneManagerStateMachine (OzoneManagerStateMachine.java:close(550)) - Stopping OzoneManagerStateMachine:omNode-2:group-523986131536.
2025-04-23 15:46:47,185 [omNode-2@group-523986131536-StateMachineUpdater] INFO  ratis.OzoneManagerDoubleBuffer (OzoneManagerDoubleBuffer.java:stopDaemon(500)) - Stopping OMDoubleBuffer flush thread
2025-04-23 15:46:47,186 [omNode-2-OMDoubleBufferFlushThread] INFO  ratis.OzoneManagerDoubleBuffer (OzoneManagerDoubleBuffer.java:canFlush(559)) - OMDoubleBuffer flush thread omNode-2-OMDoubleBufferFlushThread is interrupted and will exit.
2025-04-23 15:46:47,186 [omNode-2@group-523986131536-cacheEviction-AwaitToRun] INFO  util.AwaitToRun (AwaitToRun.java:run(49)) - omNode-2@group-523986131536-cacheEviction-AwaitToRun-AwaitForSignal is interrupted
2025-04-23 15:46:48,186 [omNode-2-impl-thread1] INFO  segmented.SegmentedRaftLogWorker (SegmentedRaftLogWorker.java:close(252)) - omNode-2@group-523986131536-SegmentedRaftLogWorker close()
2025-04-23 15:46:48,187 [JvmPauseMonitor31] INFO  util.JvmPauseMonitor (JvmPauseMonitor.java:run(152)) - JvmPauseMonitor-omNode-2: Stopped
2025-04-23 15:46:48,187 [main] INFO  utils.BackgroundService (BackgroundService.java:shutdown(161)) - Shutting down service KeyDeletingService
2025-04-23 15:46:48,187 [main] INFO  utils.BackgroundService (BackgroundService.java:shutdown(161)) - Shutting down service DirectoryDeletingService
2025-04-23 15:46:48,188 [main] INFO  utils.BackgroundService (BackgroundService.java:shutdown(161)) - Shutting down service OpenKeyCleanupService
2025-04-23 15:46:48,189 [main] INFO  utils.BackgroundService (BackgroundService.java:shutdown(161)) - Shutting down service SstFilteringService
2025-04-23 15:46:48,189 [main] INFO  utils.BackgroundService (BackgroundService.java:shutdown(161)) - Shutting down service SnapshotDeletingService
2025-04-23 15:46:48,189 [main] INFO  utils.BackgroundService (BackgroundService.java:shutdown(161)) - Shutting down service MultipartUploadCleanupService
2025-04-23 15:46:48,190 [main] INFO  handler.ContextHandler (ContextHandler.java:doStop(1159)) - Stopped o.e.j.w.WebAppContext@2b1ccc5a{ozoneManager,/,null,STOPPED}{file:/home/runner/work/ozone/ozone/hadoop-ozone/integration-test/target/test-classes/webapps/ozoneManager}
2025-04-23 15:46:48,190 [main] INFO  server.AbstractConnector (AbstractConnector.java:doStop(383)) - Stopped ServerConnector@44ad8c6e{HTTP/1.1, (http/1.1)}{0.0.0.0:15011}
2025-04-23 15:46:48,191 [main] INFO  server.session (HouseKeeper.java:stopScavenging(149)) - node0 Stopped scavenging
2025-04-23 15:46:48,191 [main] INFO  handler.ContextHandler (ContextHandler.java:doStop(1159)) - Stopped o.e.j.s.ServletContextHandler@2298e089{static,/static,file:///home/runner/work/ozone/ozone/hadoop-ozone/integration-test/target/test-classes/webapps/static,STOPPED}
2025-04-23 15:46:48,191 [main] INFO  handler.ContextHandler (ContextHandler.java:doStop(1159)) - Stopped o.e.j.s.ServletContextHandler@61638c16{logs,/logs,file:///home/runner/work/ozone/ozone/hadoop-ozone/integration-test/target/log,STOPPED}
2025-04-23 15:46:48,191 [main] INFO  rocksdiff.RocksDBCheckpointDiffer (RocksDBCheckpointDiffer.java:close(304)) - Shutting down CompactionDagPruningService.
2025-04-23 15:46:48,193 [main] INFO  snapshot.SnapshotDiffManager (SnapshotDiffManager.java:closeExecutorService(1698)) - Shutting down executorService: 'SnapDiffExecutor'
2025-04-23 15:46:48,193 [main] INFO  utils.BackgroundService (BackgroundService.java:shutdown(161)) - Shutting down service SnapshotDiffCleanupService
2025-04-23 15:46:48,194 [main] INFO  om.OzoneManager (OzoneManager.java:restart(1878)) - OzoneManager RPC server is listening at localhost/127.0.0.1:15014
2025-04-23 15:46:48,194 [main] INFO  impl.MetricsSystemImpl (MetricsSystemImpl.java:init(158)) - OzoneManager metrics system started (again)
2025-04-23 15:46:48,205 [main] WARN  server.ServerUtils (ServerUtils.java:getDBPath(297)) - ozone.om.db.dirs is not configured. We recommend adding this setting. Falling back to ozone.metadata.dirs instead.
2025-04-23 15:46:48,246 [main] INFO  om.OzoneManager (OzoneManager.java:instantiateServices(933)) - S3 Multi-Tenancy is disabled
2025-04-23 15:46:48,246 [main] INFO  om.OmSnapshotManager (OmSnapshotManager.java:<init>(180)) - Ozone filesystem snapshot feature is enabled.
2025-04-23 15:46:48,246 [main] WARN  server.ServerUtils (ServerUtils.java:getDBPath(297)) - ozone.om.snapshot.diff.db.dir is not configured. We recommend adding this setting. Falling back to ozone.metadata.dirs instead.
2025-04-23 15:46:48,270 [main] WARN  server.ServerUtils (ServerUtils.java:getDefaultRatisDirectory(309)) - Storage directory for Ratis is not configured. It is a good idea to map this to an SSD disk. Falling back to ozone.metadata.dirs
2025-04-23 15:46:48,270 [main] INFO  server.RaftServerConfigKeys (ConfUtils.java:logGet(46)) - raft.server.log.appender.buffer.byte-limit = 4194304 (custom)
2025-04-23 15:46:48,271 [main] INFO  ratis.OzoneManagerRatisServer (OzoneManagerRatisServer.java:<init>(167)) - Instantiating OM Ratis server with groupID: om-service-test1 and peers: localhost:15017, localhost:15009, localhost:15013
2025-04-23 15:46:48,272 [main] INFO  ratis.OzoneManagerStateMachine (OzoneManagerStateMachine.java:loadSnapshotInfoFromDB(611)) - LastAppliedIndex is set from TransactionInfo from OM DB as (t:14, i:323)
2025-04-23 15:46:48,272 [main] INFO  server.RaftServer (ConfUtils.java:logGet(46)) - raft.rpc.type = GRPC (default)
2025-04-23 15:46:48,272 [main] INFO  grpc.GrpcConfigKeys (ConfUtils.java:logFallback(53)) - raft.grpc.admin.host = null (fallback to raft.grpc.server.host)
2025-04-23 15:46:48,272 [main] INFO  grpc.GrpcConfigKeys (ConfUtils.java:logFallback(53)) - raft.grpc.admin.port = 15017 (fallback to raft.grpc.server.port)
2025-04-23 15:46:48,272 [main] INFO  grpc.GrpcConfigKeys (ConfUtils.java:logFallback(53)) - raft.grpc.client.host = null (fallback to raft.grpc.server.host)
2025-04-23 15:46:48,272 [main] INFO  grpc.GrpcConfigKeys (ConfUtils.java:logFallback(53)) - raft.grpc.client.port = 15017 (fallback to raft.grpc.server.port)
2025-04-23 15:46:48,273 [main] INFO  grpc.GrpcConfigKeys (ConfUtils.java:logGet(46)) - raft.grpc.server.host = null (default)
2025-04-23 15:46:48,273 [main] INFO  grpc.GrpcConfigKeys (ConfUtils.java:logGet(46)) - raft.grpc.server.port = 15017 (custom)
2025-04-23 15:46:48,273 [main] INFO  server.GrpcService (ConfUtils.java:logGet(46)) - raft.grpc.message.size.max = 5242880 (custom)
2025-04-23 15:46:48,273 [main] INFO  server.GrpcService (ConfUtils.java:logGet(46)) - raft.grpc.flow.control.window = 1MB (=1048576) (default)
2025-04-23 15:46:48,273 [main] INFO  server.RaftServerConfigKeys (ConfUtils.java:logGet(46)) - raft.server.rpc.request.timeout = 3000ms (default)
2025-04-23 15:46:48,273 [main] INFO  grpc.GrpcConfigKeys (ConfUtils.java:logGet(46)) - raft.grpc.server.heartbeat.channel = true (default)
2025-04-23 15:46:48,273 [main] INFO  server.RaftServerConfigKeys (ConfUtils.java:logGet(46)) - raft.server.log.appender.buffer.byte-limit = 4194304 (custom)
2025-04-23 15:46:48,273 [main] INFO  grpc.GrpcConfigKeys (ConfUtils.java:logGet(46)) - raft.grpc.server.async.request.thread.pool.cached = true (default)
2025-04-23 15:46:48,273 [main] INFO  grpc.GrpcConfigKeys (ConfUtils.java:logGet(46)) - raft.grpc.server.async.request.thread.pool.size = 32 (default)
2025-04-23 15:46:48,274 [main] INFO  impl.DataStreamServerImpl (ConfUtils.java:logGet(46)) - raft.datastream.type = DISABLED (default)
2025-04-23 15:46:48,274 [main] INFO  server.RaftServerConfigKeys (ConfUtils.java:logGet(46)) - raft.server.sleep.deviation.threshold = 300ms (default)
2025-04-23 15:46:48,274 [main] INFO  server.RaftServerConfigKeys (ConfUtils.java:logGet(46)) - raft.server.close.threshold = 60s (default)
2025-04-23 15:46:48,274 [main] INFO  server.RaftServerConfigKeys (ConfUtils.java:logGet(46)) - raft.server.leaderelection.leader.step-down.wait-time = 10s (default)
2025-04-23 15:46:48,275 [main] INFO  server.RaftServerConfigKeys (ConfUtils.java:logGet(46)) - raft.server.storage.dir = [/home/runner/work/ozone/ozone/hadoop-ozone/integration-test/target/test-dir/MiniOzoneClusterImpl-5cf50c17-c591-473f-a8c4-88d8665d28d7/omNode-3/ratis] (custom)
2025-04-23 15:46:48,275 [main] INFO  server.RaftServerConfigKeys (ConfUtils.java:logGet(46)) - raft.server.threadpool.proxy.cached = true (default)
2025-04-23 15:46:48,275 [main] INFO  server.RaftServerConfigKeys (ConfUtils.java:logGet(46)) - raft.server.threadpool.proxy.size = 0 (default)
2025-04-23 15:46:48,275 [omNode-3-impl-thread1] INFO  server.RaftServer (RaftServerProxy.java:initGroupDir(265)) - omNode-3: found a subdirectory /home/runner/work/ozone/ozone/hadoop-ozone/integration-test/target/test-dir/MiniOzoneClusterImpl-5cf50c17-c591-473f-a8c4-88d8665d28d7/omNode-3/ratis/c9bc4cf4-3bc3-3c60-a66b-523986131536
2025-04-23 15:46:48,275 [main] INFO  server.RaftServer (RaftServerProxy.java:addNew(100)) - omNode-3: addNew group-523986131536:[omNode-3|localhost:15017, omNode-1|localhost:15009, omNode-2|localhost:15013] returns group-523986131536:java.util.concurrent.CompletableFuture@621a8230[Not completed]
2025-04-23 15:46:48,276 [main] INFO  om.OzoneManager (OzoneManager.java:initializeRatisServer(2303)) - OzoneManager Ratis server initialized at port 15017
2025-04-23 15:46:48,276 [main] INFO  ratis.OzoneManagerRatisServer (OzoneManagerRatisServer.java:start(628)) - Starting OzoneManagerRatisServer omNode-3 at port 15017
2025-04-23 15:46:48,276 [omNode-3-groupManagement] INFO  server.RaftServer$Division (RaftServerImpl.java:<init>(255)) - omNode-3: new RaftServerImpl for group-523986131536:[omNode-3|localhost:15017, omNode-1|localhost:15009, omNode-2|localhost:15013] with OzoneManagerStateMachine:uninitialized
2025-04-23 15:46:48,276 [omNode-3-groupManagement] INFO  server.RaftServerConfigKeys (ConfUtils.java:logGet(46)) - raft.server.rpc.timeout.min = 1s (custom)
2025-04-23 15:46:48,276 [omNode-3-groupManagement] INFO  server.RaftServerConfigKeys (ConfUtils.java:logGet(46)) - raft.server.rpc.timeout.max = 1200ms (custom)
2025-04-23 15:46:48,276 [omNode-3-groupManagement] INFO  server.RaftServerConfigKeys (ConfUtils.java:logGet(46)) - raft.server.rpc.sleep.time = 25ms (default)
2025-04-23 15:46:48,276 [omNode-3-groupManagement] INFO  server.RaftServerConfigKeys (ConfUtils.java:logGet(46)) - raft.server.rpc.slowness.timeout = 2s (custom)
2025-04-23 15:46:48,276 [omNode-3-groupManagement] INFO  server.RaftServerConfigKeys (ConfUtils.java:logGet(46)) - raft.server.leaderelection.leader.step-down.wait-time = 10s (default)
2025-04-23 15:46:48,276 [omNode-3-groupManagement] INFO  server.RaftServerConfigKeys (ConfUtils.java:logGet(46)) - raft.server.leaderelection.member.majority-add = false (default)
2025-04-23 15:46:48,276 [omNode-3-groupManagement] INFO  server.RaftServerConfigKeys (ConfUtils.java:logGet(46)) - raft.server.sleep.deviation.threshold = 300ms (default)
2025-04-23 15:46:48,276 [omNode-3-groupManagement] INFO  server.RaftServer$Division (ServerState.java:<init>(114)) - omNode-3@group-523986131536: ConfigurationManager, init=conf: {index: -1, cur=peers:[omNode-3|localhost:15017, omNode-1|localhost:15009, omNode-2|localhost:15013]|listeners:[], old=null}, confs=<EMPTY_MAP>
2025-04-23 15:46:48,276 [omNode-3-groupManagement] INFO  server.RaftServerConfigKeys (ConfUtils.java:logGet(46)) - raft.server.notification.no-leader.timeout = 2s (custom)
2025-04-23 15:46:48,276 [omNode-3-groupManagement] INFO  server.RaftServerConfigKeys (ConfUtils.java:logGet(46)) - raft.server.read.timeout = 10s (default)
2025-04-23 15:46:48,276 [omNode-3-groupManagement] INFO  server.RaftServerConfigKeys (ConfUtils.java:logGet(46)) - raft.server.retrycache.expirytime = 30000ms (custom)
2025-04-23 15:46:48,276 [omNode-3-groupManagement] INFO  server.RaftServerConfigKeys (ConfUtils.java:logGet(46)) - raft.server.retrycache.statistics.expirytime = 100ms (default)
2025-04-23 15:46:48,276 [omNode-3-groupManagement] INFO  server.RaftServerConfigKeys (ConfUtils.java:logGet(46)) - raft.server.read.option = DEFAULT (default)
2025-04-23 15:46:48,276 [omNode-3-groupManagement] INFO  server.RaftServerConfigKeys (ConfUtils.java:logGet(46)) - raft.server.read.read-after-write-consistent.write-index-cache.expiry-time = 60s (default)
2025-04-23 15:46:48,278 [omNode-3-groupManagement] INFO  server.RaftServerConfigKeys (ConfUtils.java:logGet(46)) - raft.server.rpc.request.timeout = 3000ms (default)
2025-04-23 15:46:48,278 [omNode-3-groupManagement] INFO  server.RaftServerConfigKeys (ConfUtils.java:logGet(46)) - raft.server.log.appender.install.snapshot.enabled = false (custom)
2025-04-23 15:46:48,278 [omNode-3-groupManagement] INFO  server.RaftServerConfigKeys (ConfUtils.java:logGet(46)) - raft.server.threadpool.server.cached = true (default)
2025-04-23 15:46:48,278 [omNode-3-groupManagement] INFO  server.RaftServerConfigKeys (ConfUtils.java:logGet(46)) - raft.server.threadpool.server.size = 0 (default)
2025-04-23 15:46:48,278 [omNode-3-groupManagement] INFO  server.RaftServerConfigKeys (ConfUtils.java:logGet(46)) - raft.server.threadpool.client.cached = true (default)
2025-04-23 15:46:48,278 [omNode-3-groupManagement] INFO  server.RaftServerConfigKeys (ConfUtils.java:logGet(46)) - raft.server.threadpool.client.size = 0 (default)
2025-04-23 15:46:48,279 [omNode-3-impl-thread1] INFO  server.RaftServerConfigKeys (ConfUtils.java:logGet(46)) - raft.server.storage.free-space.min = 0MB (=0) (default)
2025-04-23 15:46:48,279 [omNode-3-impl-thread1] INFO  server.RaftServerConfigKeys (ConfUtils.java:logGet(46)) - raft.server.log.corruption.policy = EXCEPTION (default)
2025-04-23 15:46:48,279 [omNode-3-impl-thread1] INFO  server.RaftServerConfigKeys (ConfUtils.java:logGet(46)) - raft.server.storage.dir = [/home/runner/work/ozone/ozone/hadoop-ozone/integration-test/target/test-dir/MiniOzoneClusterImpl-5cf50c17-c591-473f-a8c4-88d8665d28d7/omNode-3/ratis] (custom)
2025-04-23 15:46:48,280 [omNode-3-impl-thread1] INFO  storage.RaftStorageDirectory (RaftStorageDirectoryImpl.java:tryLock(229)) - Lock on /home/runner/work/ozone/ozone/hadoop-ozone/integration-test/target/test-dir/MiniOzoneClusterImpl-5cf50c17-c591-473f-a8c4-88d8665d28d7/omNode-3/ratis/c9bc4cf4-3bc3-3c60-a66b-523986131536/in_use.lock acquired by nodename 129659@fv-az1337-835
2025-04-23 15:46:48,280 [omNode-3-impl-thread1] INFO  storage.RaftStorage (RaftStorageImpl.java:analyzeAndRecoverStorage(118)) - Read RaftStorageMetadata{term=14, votedFor=omNode-2} from /home/runner/work/ozone/ozone/hadoop-ozone/integration-test/target/test-dir/MiniOzoneClusterImpl-5cf50c17-c591-473f-a8c4-88d8665d28d7/omNode-3/ratis/c9bc4cf4-3bc3-3c60-a66b-523986131536/current/raft-meta
2025-04-23 15:46:48,281 [omNode-3-impl-thread1] INFO  server.RaftServer$Division (ServerState.java:setRaftConf(386)) - omNode-3@group-523986131536: set configuration conf: {index: 313, cur=peers:[omNode-3|localhost:15017, omNode-1|localhost:15009, omNode-2|localhost:15013]|listeners:[], old=null}
2025-04-23 15:46:48,281 [omNode-3-impl-thread1] INFO  ratis.OzoneManagerStateMachine (OzoneManagerStateMachine.java:lambda$0(138)) - omNode-3: initialize group-523986131536 with (t:14, i:323)
2025-04-23 15:46:48,281 [omNode-3-impl-thread1] INFO  server.RaftServerConfigKeys (ConfUtils.java:logGet(46)) - raft.server.log.use.memory = false (default)
2025-04-23 15:46:48,281 [omNode-3-impl-thread1] INFO  server.RaftServerConfigKeys (ConfUtils.java:logGet(46)) - raft.server.log.purge.gap = 50 (custom)
2025-04-23 15:46:48,281 [omNode-3-impl-thread1] INFO  server.RaftServerConfigKeys (ConfUtils.java:logGet(46)) - raft.server.log.appender.buffer.byte-limit = 4194304 (custom)
2025-04-23 15:46:48,281 [omNode-3-impl-thread1] INFO  server.RaftServerConfigKeys (ConfUtils.java:logGet(46)) - raft.server.log.statemachine.data.read.timeout = 1000ms (default)
2025-04-23 15:46:48,281 [omNode-3-impl-thread1] INFO  server.RaftServerConfigKeys (ConfUtils.java:logGet(46)) - raft.server.log.purge.preservation.log.num = 0 (default)
2025-04-23 15:46:48,281 [omNode-3-impl-thread1] INFO  server.RaftServerConfigKeys (ConfUtils.java:logGet(46)) - raft.server.log.segment.size.max = 4194304 (custom)
2025-04-23 15:46:48,282 [omNode-3-impl-thread1] INFO  server.RaftServerConfigKeys (ConfUtils.java:logGet(46)) - raft.server.log.segment.cache.num.max = 2 (custom)
2025-04-23 15:46:48,282 [omNode-3-impl-thread1] INFO  server.RaftServerConfigKeys (ConfUtils.java:logGet(46)) - raft.server.log.segment.cache.size.max = 200MB (=209715200) (default)
2025-04-23 15:46:48,282 [omNode-3-impl-thread1] INFO  server.RaftServerConfigKeys (ConfUtils.java:logGet(46)) - raft.server.log.appender.buffer.byte-limit = 4194304 (custom)
2025-04-23 15:46:48,282 [omNode-3-impl-thread1] INFO  util.AwaitToRun (AwaitToRun.java:start(81)) - Thread[#6253,omNode-3@group-523986131536-cacheEviction-AwaitToRun,5,main] started
2025-04-23 15:46:48,282 [omNode-3-impl-thread1] INFO  segmented.SegmentedRaftLogWorker (SegmentedRaftLogWorker.java:<init>(188)) - new omNode-3@group-523986131536-SegmentedRaftLogWorker for RaftStorageImpl:Storage Directory /home/runner/work/ozone/ozone/hadoop-ozone/integration-test/target/test-dir/MiniOzoneClusterImpl-5cf50c17-c591-473f-a8c4-88d8665d28d7/omNode-3/ratis/c9bc4cf4-3bc3-3c60-a66b-523986131536
2025-04-23 15:46:48,282 [omNode-3-impl-thread1] INFO  server.RaftServerConfigKeys (ConfUtils.java:logGet(46)) - raft.server.log.queue.byte-limit = 64MB (=67108864) (default)
2025-04-23 15:46:48,282 [omNode-3-impl-thread1] INFO  server.RaftServerConfigKeys (ConfUtils.java:logGet(46)) - raft.server.log.queue.element-limit = 4096 (default)
2025-04-23 15:46:48,282 [omNode-3-impl-thread1] INFO  server.RaftServerConfigKeys (ConfUtils.java:logGet(46)) - raft.server.log.segment.size.max = 4194304 (custom)
2025-04-23 15:46:48,282 [omNode-3-impl-thread1] INFO  server.RaftServerConfigKeys (ConfUtils.java:logGet(46)) - raft.server.log.preallocated.size = 4194304 (custom)
2025-04-23 15:46:48,282 [omNode-3-impl-thread1] INFO  server.RaftServerConfigKeys (ConfUtils.java:logGet(46)) - raft.server.log.force.sync.num = 128 (default)
2025-04-23 15:46:48,282 [omNode-3-impl-thread1] INFO  server.RaftServerConfigKeys (ConfUtils.java:logGet(46)) - raft.server.log.statemachine.data.sync = true (default)
2025-04-23 15:46:48,282 [omNode-3-impl-thread1] INFO  server.RaftServerConfigKeys (ConfUtils.java:logGet(46)) - raft.server.log.statemachine.data.sync.timeout = 10s (default)
2025-04-23 15:46:48,282 [omNode-3-impl-thread1] INFO  server.RaftServerConfigKeys (ConfUtils.java:logGet(46)) - raft.server.log.statemachine.data.sync.timeout.retry = -1 (default)
2025-04-23 15:46:48,283 [omNode-3-impl-thread1] INFO  server.RaftServerConfigKeys (ConfUtils.java:logGet(46)) - raft.server.log.write.buffer.size = 4194312 (custom)
2025-04-23 15:46:48,283 [omNode-3-impl-thread1] INFO  server.RaftServerConfigKeys (ConfUtils.java:logGet(46)) - raft.server.log.appender.buffer.byte-limit = 4194304 (custom)
2025-04-23 15:46:48,283 [omNode-3-impl-thread1] INFO  server.RaftServerConfigKeys (ConfUtils.java:logGet(46)) - raft.server.log.unsafe-flush.enabled = false (default)
2025-04-23 15:46:48,283 [omNode-3-impl-thread1] INFO  server.RaftServerConfigKeys (ConfUtils.java:logGet(46)) - raft.server.log.async-flush.enabled = false (default)
2025-04-23 15:46:48,283 [omNode-3-impl-thread1] INFO  server.RaftServerConfigKeys (ConfUtils.java:logGet(46)) - raft.server.log.statemachine.data.caching.enabled = false (default)
2025-04-23 15:46:48,283 [omNode-3-impl-thread1] INFO  server.RaftServer$Division (ServerState.java:setRaftConf(386)) - omNode-3@group-523986131536: set configuration conf: {index: 313, cur=peers:[omNode-3|localhost:15017, omNode-1|localhost:15009, omNode-2|localhost:15013]|listeners:[], old=null}
2025-04-23 15:46:48,284 [omNode-3-impl-thread1] INFO  segmented.LogSegment (LogSegment.java:loadSegment(171)) - Successfully read 12 entries from segment file /home/runner/work/ozone/ozone/hadoop-ozone/integration-test/target/test-dir/MiniOzoneClusterImpl-5cf50c17-c591-473f-a8c4-88d8665d28d7/omNode-3/ratis/c9bc4cf4-3bc3-3c60-a66b-523986131536/current/log_inprogress_313
2025-04-23 15:46:48,284 [omNode-3-impl-thread1] INFO  segmented.SegmentedRaftLogWorker (SegmentedRaftLogWorker.java:lambda$new$0(139)) - omNode-3@group-523986131536-SegmentedRaftLogWorker: flushIndex: setUnconditionally 0 -> 324
2025-04-23 15:46:48,284 [omNode-3-impl-thread1] INFO  segmented.SegmentedRaftLogWorker (SegmentedRaftLogWorker.java:lambda$new$0(139)) - omNode-3@group-523986131536-SegmentedRaftLogWorker: safeCacheEvictIndex: setUnconditionally 0 -> -1
2025-04-23 15:46:48,284 [omNode-3-impl-thread1] INFO  segmented.BufferedWriteChannel (BufferedWriteChannel.java:open(61)) - open log_inprogress_313 (append) at position 2083
2025-04-23 15:46:48,284 [omNode-3-impl-thread1] INFO  raftlog.RaftLog (RaftLogBase.java:lambda$new$0(54)) - omNode-3@group-523986131536-SegmentedRaftLog: purgeIndex: updateToMax old=-1, new=312, updated? true
2025-04-23 15:46:48,284 [omNode-3-impl-thread1] INFO  server.RaftServer$Division (RaftServerImpl.java:start(391)) - omNode-3@group-523986131536: start as a follower, conf=conf: {index: 313, cur=peers:[omNode-3|localhost:15017, omNode-1|localhost:15009, omNode-2|localhost:15013]|listeners:[], old=null}
2025-04-23 15:46:48,284 [omNode-3-impl-thread1] INFO  server.RaftServer$Division (RaftServerImpl.java:setRole(378)) - omNode-3@group-523986131536: changes role from      null to FOLLOWER at term 14 for startAsFollower
2025-04-23 15:46:48,284 [omNode-3-impl-thread1] INFO  impl.RoleInfo (RoleInfo.java:updateAndGet(148)) - omNode-3: start omNode-3@group-523986131536-FollowerState
2025-04-23 15:46:48,284 [omNode-3@group-523986131536-FollowerState] INFO  server.RaftServerConfigKeys (ConfUtils.java:logFallback(53)) - raft.server.rpc.first-election.timeout.min = 1s (fallback to raft.server.rpc.timeout.min)
2025-04-23 15:46:48,284 [omNode-3-impl-thread1] INFO  util.JmxRegister (JmxRegister.java:tryRegister(44)) - Successfully registered JMX Bean with object name Ratis:service=RaftServer,group=group-523986131536,id=omNode-3
2025-04-23 15:46:48,284 [omNode-3-impl-thread1] INFO  util.JmxRegister (JmxRegister.java:register(58)) - register mxBean class org.apache.ratis.server.impl.RaftServerJmxAdapter as Ratis:service=RaftServer,group=group-523986131536,id=omNode-3
2025-04-23 15:46:48,284 [omNode-3@group-523986131536-FollowerState] INFO  server.RaftServerConfigKeys (ConfUtils.java:logFallback(53)) - raft.server.rpc.first-election.timeout.max = 1200ms (fallback to raft.server.rpc.timeout.max)
2025-04-23 15:46:48,285 [omNode-3-impl-thread1] INFO  server.RaftServerConfigKeys (ConfUtils.java:logGet(46)) - raft.server.snapshot.trigger-when-stop.enabled = true (default)
2025-04-23 15:46:48,285 [omNode-3-impl-thread1] INFO  server.RaftServerConfigKeys (ConfUtils.java:logGet(46)) - raft.server.snapshot.trigger-when-remove.enabled = true (default)
2025-04-23 15:46:48,285 [omNode-3-impl-thread1] INFO  server.RaftServerConfigKeys (ConfUtils.java:logGet(46)) - raft.server.snapshot.auto.trigger.enabled = true (custom)
2025-04-23 15:46:48,285 [omNode-3-impl-thread1] INFO  server.RaftServerConfigKeys (ConfUtils.java:logGet(46)) - raft.server.snapshot.auto.trigger.threshold = 50 (custom)
2025-04-23 15:46:48,285 [omNode-3-impl-thread1] INFO  server.RaftServerConfigKeys (ConfUtils.java:logGet(46)) - raft.server.snapshot.retention.file.num = -1 (default)
2025-04-23 15:46:48,285 [omNode-3-impl-thread1] INFO  server.RaftServerConfigKeys (ConfUtils.java:logGet(46)) - raft.server.log.purge.upto.snapshot.index = true (custom)
2025-04-23 15:46:48,285 [omNode-3-impl-thread1] INFO  server.RaftServer$Division (RaftServerImpl.java:start(405)) - omNode-3@group-523986131536: Successfully started.
2025-04-23 15:46:48,285 [main] INFO  server.RaftServer (RaftServerProxy.java:startImpl(407)) - omNode-3: start RPC server
2025-04-23 15:46:48,286 [main] INFO  server.GrpcService (GrpcService.java:startImpl(334)) - omNode-3: GrpcService started, listening on 15017
2025-04-23 15:46:48,286 [main] INFO  om.OzoneManager (OzoneManager.java:getRpcServer(1360)) - Creating RPC Server
2025-04-23 15:46:48,287 [JvmPauseMonitor32] INFO  util.JvmPauseMonitor (JvmPauseMonitor.java:run(146)) - JvmPauseMonitor-omNode-3: Started
2025-04-23 15:46:48,740 [main] INFO  reflections.Reflections (Reflections.java:scan(219)) - Reflections took 454 ms to scan 22 urls, producing 61 keys and 7422 values
2025-04-23 15:46:48,741 [main] INFO  ipc.CallQueueManager (CallQueueManager.java:<init>(93)) - Using callQueue: class java.util.concurrent.LinkedBlockingQueue, queueCapacity: 2000, scheduler: class org.apache.hadoop.ipc.DefaultRpcScheduler, ipcBackoff: false, ipcFailOver: false.
2025-04-23 15:46:48,742 [main] INFO  ipc.Server (Server.java:<init>(1438)) - Listener at localhost:15014
2025-04-23 15:46:48,742 [Socket Reader #1 for port 15014] INFO  ipc.Server (Server.java:run(1474)) - Starting Socket Reader #1 for port 15014
2025-04-23 15:46:48,742 [Socket Reader #2 for port 15014] INFO  ipc.Server (Server.java:run(1474)) - Starting Socket Reader #2 for port 15014
2025-04-23 15:46:48,742 [Socket Reader #3 for port 15014] INFO  ipc.Server (Server.java:run(1474)) - Starting Socket Reader #3 for port 15014
2025-04-23 15:46:48,743 [Socket Reader #4 for port 15014] INFO  ipc.Server (Server.java:run(1474)) - Starting Socket Reader #4 for port 15014
2025-04-23 15:46:48,743 [Socket Reader #5 for port 15014] INFO  ipc.Server (Server.java:run(1474)) - Starting Socket Reader #5 for port 15014
2025-04-23 15:46:48,743 [Socket Reader #6 for port 15014] INFO  ipc.Server (Server.java:run(1474)) - Starting Socket Reader #6 for port 15014
2025-04-23 15:46:48,743 [Socket Reader #7 for port 15014] INFO  ipc.Server (Server.java:run(1474)) - Starting Socket Reader #7 for port 15014
2025-04-23 15:46:48,743 [Socket Reader #8 for port 15014] INFO  ipc.Server (Server.java:run(1474)) - Starting Socket Reader #8 for port 15014
2025-04-23 15:46:48,743 [Socket Reader #9 for port 15014] INFO  ipc.Server (Server.java:run(1474)) - Starting Socket Reader #9 for port 15014
2025-04-23 15:46:48,743 [Socket Reader #10 for port 15014] INFO  ipc.Server (Server.java:run(1474)) - Starting Socket Reader #10 for port 15014
2025-04-23 15:46:48,745 [main] INFO  http.BaseHttpServer (BaseHttpServer.java:newHttpServer2BuilderForOzone(229)) - Starting Web-server for ozoneManager at: http://0.0.0.0:15015
2025-04-23 15:46:48,745 [main] INFO  http.BaseHttpServer (BaseHttpServer.java:<init>(107)) - Hadoop Security Enabled: false Ozone Security Enabled: false Ozone HTTP Security Enabled: false 
2025-04-23 15:46:48,746 [main] WARN  server.AuthenticationFilter (AuthenticationFilter.java:constructSecretProvider(240)) - Unable to initialize FileSignerSecretProvider, falling back to use random secrets. Reason: Could not read signature secret file: /home/runner/hadoop-http-auth-signature-secret
2025-04-23 15:46:48,747 [main] INFO  http.HttpServer2 (HttpServer2.java:addGlobalFilter(1041)) - Added global filter 'safety' (class=org.apache.hadoop.hdds.server.http.HttpServer2$QuotingInputFilter)
2025-04-23 15:46:48,748 [main] INFO  http.HttpServer2 (HttpServer2.java:addFilter(1017)) - Added filter static_user_filter (class=org.apache.hadoop.http.lib.StaticUserWebFilter$StaticUserFilter) to context ozoneManager
2025-04-23 15:46:48,748 [main] INFO  http.HttpServer2 (HttpServer2.java:addFilter(1025)) - Added filter static_user_filter (class=org.apache.hadoop.http.lib.StaticUserWebFilter$StaticUserFilter) to context logs
2025-04-23 15:46:48,748 [main] INFO  http.HttpServer2 (HttpServer2.java:addFilter(1025)) - Added filter static_user_filter (class=org.apache.hadoop.http.lib.StaticUserWebFilter$StaticUserFilter) to context static
2025-04-23 15:46:48,748 [main] INFO  http.BaseHttpServer (BaseHttpServer.java:<init>(195)) - HTTP server of ozoneManager uses base directory /home/runner/work/ozone/ozone/hadoop-ozone/integration-test/target/test-dir/MiniOzoneClusterImpl-5cf50c17-c591-473f-a8c4-88d8665d28d7/omNode-3/webserver
2025-04-23 15:46:48,748 [main] INFO  http.HttpServer2 (HttpServer2.java:bindListener(1241)) - Jetty bound to port 15015
2025-04-23 15:46:48,749 [main] INFO  server.Server (Server.java:doStart(375)) - jetty-9.4.57.v20241219; built: 2025-01-08T21:24:30.412Z; git: df524e6b29271c2e09ba9aea83c18dc9db464a31; jvm 21.0.7+6-LTS
2025-04-23 15:46:48,750 [main] INFO  server.session (DefaultSessionIdManager.java:doStart(334)) - DefaultSessionIdManager workerName=node0
2025-04-23 15:46:48,750 [main] INFO  server.session (DefaultSessionIdManager.java:doStart(339)) - No SessionScavenger set, using defaults
2025-04-23 15:46:48,750 [main] INFO  server.session (HouseKeeper.java:startScavenging(132)) - node0 Scavenging every 660000ms
2025-04-23 15:46:48,751 [main] INFO  handler.ContextHandler (ContextHandler.java:doStart(921)) - Started o.e.j.s.ServletContextHandler@142813ea{logs,/logs,file:///home/runner/work/ozone/ozone/hadoop-ozone/integration-test/target/log,AVAILABLE}
2025-04-23 15:46:48,751 [main] INFO  handler.ContextHandler (ContextHandler.java:doStart(921)) - Started o.e.j.s.ServletContextHandler@42ed0a09{static,/static,file:///home/runner/work/ozone/ozone/hadoop-ozone/integration-test/target/test-classes/webapps/static,AVAILABLE}
2025-04-23 15:46:48,755 [main] INFO  handler.ContextHandler (ContextHandler.java:doStart(921)) - Started o.e.j.w.WebAppContext@7c104bea{ozoneManager,/,file:///home/runner/work/ozone/ozone/hadoop-ozone/integration-test/target/test-classes/webapps/ozoneManager/,AVAILABLE}{file:/home/runner/work/ozone/ozone/hadoop-ozone/integration-test/target/test-classes/webapps/ozoneManager}
2025-04-23 15:46:48,756 [main] INFO  server.AbstractConnector (AbstractConnector.java:doStart(333)) - Started ServerConnector@1b1790d9{HTTP/1.1, (http/1.1)}{0.0.0.0:15015}
2025-04-23 15:46:48,756 [main] INFO  server.Server (Server.java:doStart(415)) - Started @143737ms
2025-04-23 15:46:48,756 [main] WARN  impl.MetricsSystemImpl (MetricsSystemImpl.java:register(279)) - Sink prometheus already exists!
2025-04-23 15:46:48,756 [main] INFO  http.BaseHttpServer (BaseHttpServer.java:updateConnectorAddress(360)) - HTTP server of ozoneManager listening at http://0.0.0.0:15015
2025-04-23 15:46:48,756 [IPC Server Responder] INFO  ipc.Server (Server.java:run(1713)) - IPC Server Responder: starting
2025-04-23 15:46:48,757 [IPC Server listener on 15014] INFO  ipc.Server (Server.java:run(1553)) - IPC Server listener on 15014: starting
2025-04-23 15:46:48,759 [main] INFO  om.OzoneManager (OzoneManager.java:startTrashEmptier(2257)) - Trash Interval set to 0. Files deleted won't move to trash
2025-04-23 15:46:48,759 [main] INFO  om.OzoneManager (OzoneManager.java:restart(1878)) - OzoneManager RPC server is listening at localhost/127.0.0.1:15006
2025-04-23 15:46:48,759 [main] INFO  impl.MetricsSystemImpl (MetricsSystemImpl.java:init(158)) - OzoneManager metrics system started (again)
2025-04-23 15:46:48,771 [main] WARN  server.ServerUtils (ServerUtils.java:getDBPath(297)) - ozone.om.db.dirs is not configured. We recommend adding this setting. Falling back to ozone.metadata.dirs instead.
2025-04-23 15:46:48,811 [main] INFO  om.OzoneManager (OzoneManager.java:instantiateServices(933)) - S3 Multi-Tenancy is disabled
2025-04-23 15:46:48,811 [main] INFO  om.OmSnapshotManager (OmSnapshotManager.java:<init>(180)) - Ozone filesystem snapshot feature is enabled.
2025-04-23 15:46:48,811 [main] WARN  server.ServerUtils (ServerUtils.java:getDBPath(297)) - ozone.om.snapshot.diff.db.dir is not configured. We recommend adding this setting. Falling back to ozone.metadata.dirs instead.
2025-04-23 15:46:48,828 [main] WARN  dropwizard3.Dm3MetricRegistriesImpl (Dm3MetricRegistriesImpl.java:addReporterRegistration(114)) - New reporters are added after registries were created. Some metrics will be missing from the reporter. Please add reporter before adding any new registry.
2025-04-23 15:46:48,828 [main] WARN  dropwizard3.Dm3MetricRegistriesImpl (Dm3MetricRegistriesImpl.java:addReporterRegistration(114)) - New reporters are added after registries were created. Some metrics will be missing from the reporter. Please add reporter before adding any new registry.
2025-04-23 15:46:48,829 [main] WARN  server.ServerUtils (ServerUtils.java:getDefaultRatisDirectory(309)) - Storage directory for Ratis is not configured. It is a good idea to map this to an SSD disk. Falling back to ozone.metadata.dirs
2025-04-23 15:46:48,829 [main] INFO  server.RaftServerConfigKeys (ConfUtils.java:logGet(46)) - raft.server.log.appender.buffer.byte-limit = 4194304 (custom)
2025-04-23 15:46:48,830 [main] INFO  ratis.OzoneManagerRatisServer (OzoneManagerRatisServer.java:<init>(167)) - Instantiating OM Ratis server with groupID: om-service-test1 and peers: localhost:15009, localhost:15017, localhost:15013
2025-04-23 15:46:48,830 [main] INFO  ratis.OzoneManagerStateMachine (OzoneManagerStateMachine.java:loadSnapshotInfoFromDB(611)) - LastAppliedIndex is set from TransactionInfo from OM DB as (t:13, i:312)
2025-04-23 15:46:48,831 [main] INFO  server.RaftServer (ConfUtils.java:logGet(46)) - raft.rpc.type = GRPC (default)
2025-04-23 15:46:48,831 [main] INFO  grpc.GrpcConfigKeys (ConfUtils.java:logFallback(53)) - raft.grpc.admin.host = null (fallback to raft.grpc.server.host)
2025-04-23 15:46:48,831 [main] INFO  grpc.GrpcConfigKeys (ConfUtils.java:logFallback(53)) - raft.grpc.admin.port = 15009 (fallback to raft.grpc.server.port)
2025-04-23 15:46:48,831 [main] INFO  grpc.GrpcConfigKeys (ConfUtils.java:logFallback(53)) - raft.grpc.client.host = null (fallback to raft.grpc.server.host)
2025-04-23 15:46:48,831 [main] INFO  grpc.GrpcConfigKeys (ConfUtils.java:logFallback(53)) - raft.grpc.client.port = 15009 (fallback to raft.grpc.server.port)
2025-04-23 15:46:48,831 [main] INFO  grpc.GrpcConfigKeys (ConfUtils.java:logGet(46)) - raft.grpc.server.host = null (default)
2025-04-23 15:46:48,831 [main] INFO  grpc.GrpcConfigKeys (ConfUtils.java:logGet(46)) - raft.grpc.server.port = 15009 (custom)
2025-04-23 15:46:48,831 [main] INFO  server.GrpcService (ConfUtils.java:logGet(46)) - raft.grpc.message.size.max = 5242880 (custom)
2025-04-23 15:46:48,831 [main] INFO  server.GrpcService (ConfUtils.java:logGet(46)) - raft.grpc.flow.control.window = 1MB (=1048576) (default)
2025-04-23 15:46:48,832 [main] INFO  server.RaftServerConfigKeys (ConfUtils.java:logGet(46)) - raft.server.rpc.request.timeout = 3000ms (default)
2025-04-23 15:46:48,832 [main] INFO  grpc.GrpcConfigKeys (ConfUtils.java:logGet(46)) - raft.grpc.server.heartbeat.channel = true (default)
2025-04-23 15:46:48,832 [main] INFO  server.RaftServerConfigKeys (ConfUtils.java:logGet(46)) - raft.server.log.appender.buffer.byte-limit = 4194304 (custom)
2025-04-23 15:46:48,832 [main] INFO  grpc.GrpcConfigKeys (ConfUtils.java:logGet(46)) - raft.grpc.server.async.request.thread.pool.cached = true (default)
2025-04-23 15:46:48,832 [main] INFO  grpc.GrpcConfigKeys (ConfUtils.java:logGet(46)) - raft.grpc.server.async.request.thread.pool.size = 32 (default)
2025-04-23 15:46:48,833 [main] INFO  impl.DataStreamServerImpl (ConfUtils.java:logGet(46)) - raft.datastream.type = DISABLED (default)
2025-04-23 15:46:48,833 [main] INFO  server.RaftServerConfigKeys (ConfUtils.java:logGet(46)) - raft.server.sleep.deviation.threshold = 300ms (default)
2025-04-23 15:46:48,833 [main] INFO  server.RaftServerConfigKeys (ConfUtils.java:logGet(46)) - raft.server.close.threshold = 60s (default)
2025-04-23 15:46:48,833 [main] INFO  server.RaftServerConfigKeys (ConfUtils.java:logGet(46)) - raft.server.leaderelection.leader.step-down.wait-time = 10s (default)
2025-04-23 15:46:48,833 [main] INFO  server.RaftServerConfigKeys (ConfUtils.java:logGet(46)) - raft.server.storage.dir = [/home/runner/work/ozone/ozone/hadoop-ozone/integration-test/target/test-dir/MiniOzoneClusterImpl-5cf50c17-c591-473f-a8c4-88d8665d28d7/omNode-1/ratis] (custom)
2025-04-23 15:46:48,833 [main] INFO  server.RaftServerConfigKeys (ConfUtils.java:logGet(46)) - raft.server.threadpool.proxy.cached = true (default)
2025-04-23 15:46:48,834 [main] INFO  server.RaftServerConfigKeys (ConfUtils.java:logGet(46)) - raft.server.threadpool.proxy.size = 0 (default)
2025-04-23 15:46:48,834 [omNode-1-impl-thread1] INFO  server.RaftServer (RaftServerProxy.java:initGroupDir(265)) - omNode-1: found a subdirectory /home/runner/work/ozone/ozone/hadoop-ozone/integration-test/target/test-dir/MiniOzoneClusterImpl-5cf50c17-c591-473f-a8c4-88d8665d28d7/omNode-1/ratis/c9bc4cf4-3bc3-3c60-a66b-523986131536
2025-04-23 15:46:48,834 [main] INFO  server.RaftServer (RaftServerProxy.java:addNew(100)) - omNode-1: addNew group-523986131536:[omNode-3|localhost:15017, omNode-1|localhost:15009, omNode-2|localhost:15013] returns group-523986131536:java.util.concurrent.CompletableFuture@2cf1b1ca[Not completed]
2025-04-23 15:46:48,835 [main] INFO  om.OzoneManager (OzoneManager.java:initializeRatisServer(2303)) - OzoneManager Ratis server initialized at port 15009
2025-04-23 15:46:48,835 [main] INFO  ratis.OzoneManagerRatisServer (OzoneManagerRatisServer.java:start(628)) - Starting OzoneManagerRatisServer omNode-1 at port 15009
2025-04-23 15:46:48,835 [omNode-1-groupManagement] INFO  server.RaftServer$Division (RaftServerImpl.java:<init>(255)) - omNode-1: new RaftServerImpl for group-523986131536:[omNode-3|localhost:15017, omNode-1|localhost:15009, omNode-2|localhost:15013] with OzoneManagerStateMachine:uninitialized
2025-04-23 15:46:48,835 [omNode-1-groupManagement] INFO  server.RaftServerConfigKeys (ConfUtils.java:logGet(46)) - raft.server.rpc.timeout.min = 1s (custom)
2025-04-23 15:46:48,835 [omNode-1-groupManagement] INFO  server.RaftServerConfigKeys (ConfUtils.java:logGet(46)) - raft.server.rpc.timeout.max = 1200ms (custom)
2025-04-23 15:46:48,835 [omNode-1-groupManagement] INFO  server.RaftServerConfigKeys (ConfUtils.java:logGet(46)) - raft.server.rpc.sleep.time = 25ms (default)
2025-04-23 15:46:48,835 [omNode-1-groupManagement] INFO  server.RaftServerConfigKeys (ConfUtils.java:logGet(46)) - raft.server.rpc.slowness.timeout = 2s (custom)
2025-04-23 15:46:48,835 [omNode-1-groupManagement] INFO  server.RaftServerConfigKeys (ConfUtils.java:logGet(46)) - raft.server.leaderelection.leader.step-down.wait-time = 10s (default)
2025-04-23 15:46:48,835 [omNode-1-groupManagement] INFO  server.RaftServerConfigKeys (ConfUtils.java:logGet(46)) - raft.server.leaderelection.member.majority-add = false (default)
2025-04-23 15:46:48,835 [omNode-1-groupManagement] INFO  server.RaftServerConfigKeys (ConfUtils.java:logGet(46)) - raft.server.sleep.deviation.threshold = 300ms (default)
2025-04-23 15:46:48,835 [omNode-1-groupManagement] INFO  server.RaftServer$Division (ServerState.java:<init>(114)) - omNode-1@group-523986131536: ConfigurationManager, init=conf: {index: -1, cur=peers:[omNode-3|localhost:15017, omNode-1|localhost:15009, omNode-2|localhost:15013]|listeners:[], old=null}, confs=<EMPTY_MAP>
2025-04-23 15:46:48,835 [omNode-1-groupManagement] INFO  server.RaftServerConfigKeys (ConfUtils.java:logGet(46)) - raft.server.notification.no-leader.timeout = 2s (custom)
2025-04-23 15:46:48,835 [omNode-1-groupManagement] INFO  server.RaftServerConfigKeys (ConfUtils.java:logGet(46)) - raft.server.read.timeout = 10s (default)
2025-04-23 15:46:48,835 [omNode-1-groupManagement] INFO  server.RaftServerConfigKeys (ConfUtils.java:logGet(46)) - raft.server.retrycache.expirytime = 30000ms (custom)
2025-04-23 15:46:48,836 [omNode-1-groupManagement] INFO  server.RaftServerConfigKeys (ConfUtils.java:logGet(46)) - raft.server.retrycache.statistics.expirytime = 100ms (default)
2025-04-23 15:46:48,836 [omNode-1-groupManagement] INFO  server.RaftServerConfigKeys (ConfUtils.java:logGet(46)) - raft.server.read.option = DEFAULT (default)
2025-04-23 15:46:48,836 [omNode-1-groupManagement] INFO  server.RaftServerConfigKeys (ConfUtils.java:logGet(46)) - raft.server.read.read-after-write-consistent.write-index-cache.expiry-time = 60s (default)
2025-04-23 15:46:48,838 [omNode-1-groupManagement] INFO  server.RaftServerConfigKeys (ConfUtils.java:logGet(46)) - raft.server.rpc.request.timeout = 3000ms (default)
2025-04-23 15:46:48,838 [omNode-1-groupManagement] INFO  server.RaftServerConfigKeys (ConfUtils.java:logGet(46)) - raft.server.log.appender.install.snapshot.enabled = false (custom)
2025-04-23 15:46:48,838 [omNode-1-groupManagement] INFO  server.RaftServerConfigKeys (ConfUtils.java:logGet(46)) - raft.server.threadpool.server.cached = true (default)
2025-04-23 15:46:48,838 [omNode-1-groupManagement] INFO  server.RaftServerConfigKeys (ConfUtils.java:logGet(46)) - raft.server.threadpool.server.size = 0 (default)
2025-04-23 15:46:48,838 [omNode-1-groupManagement] INFO  server.RaftServerConfigKeys (ConfUtils.java:logGet(46)) - raft.server.threadpool.client.cached = true (default)
2025-04-23 15:46:48,838 [omNode-1-groupManagement] INFO  server.RaftServerConfigKeys (ConfUtils.java:logGet(46)) - raft.server.threadpool.client.size = 0 (default)
2025-04-23 15:46:48,838 [omNode-1-impl-thread1] INFO  server.RaftServerConfigKeys (ConfUtils.java:logGet(46)) - raft.server.storage.free-space.min = 0MB (=0) (default)
2025-04-23 15:46:48,838 [omNode-1-impl-thread1] INFO  server.RaftServerConfigKeys (ConfUtils.java:logGet(46)) - raft.server.log.corruption.policy = EXCEPTION (default)
2025-04-23 15:46:48,838 [omNode-1-impl-thread1] INFO  server.RaftServerConfigKeys (ConfUtils.java:logGet(46)) - raft.server.storage.dir = [/home/runner/work/ozone/ozone/hadoop-ozone/integration-test/target/test-dir/MiniOzoneClusterImpl-5cf50c17-c591-473f-a8c4-88d8665d28d7/omNode-1/ratis] (custom)
2025-04-23 15:46:48,839 [omNode-1-impl-thread1] INFO  storage.RaftStorageDirectory (RaftStorageDirectoryImpl.java:tryLock(229)) - Lock on /home/runner/work/ozone/ozone/hadoop-ozone/integration-test/target/test-dir/MiniOzoneClusterImpl-5cf50c17-c591-473f-a8c4-88d8665d28d7/omNode-1/ratis/c9bc4cf4-3bc3-3c60-a66b-523986131536/in_use.lock acquired by nodename 129659@fv-az1337-835
2025-04-23 15:46:48,840 [omNode-1-impl-thread1] INFO  storage.RaftStorage (RaftStorageImpl.java:analyzeAndRecoverStorage(118)) - Read RaftStorageMetadata{term=13, votedFor=omNode-1} from /home/runner/work/ozone/ozone/hadoop-ozone/integration-test/target/test-dir/MiniOzoneClusterImpl-5cf50c17-c591-473f-a8c4-88d8665d28d7/omNode-1/ratis/c9bc4cf4-3bc3-3c60-a66b-523986131536/current/raft-meta
2025-04-23 15:46:48,840 [omNode-1-impl-thread1] INFO  server.RaftServer$Division (ServerState.java:setRaftConf(386)) - omNode-1@group-523986131536: set configuration conf: {index: 311, cur=peers:[omNode-3|localhost:15017, omNode-1|localhost:15009, omNode-2|localhost:15013]|listeners:[], old=null}
2025-04-23 15:46:48,840 [omNode-1-impl-thread1] INFO  ratis.OzoneManagerStateMachine (OzoneManagerStateMachine.java:lambda$0(138)) - omNode-1: initialize group-523986131536 with (t:13, i:312)
2025-04-23 15:46:48,840 [omNode-1-impl-thread1] INFO  server.RaftServerConfigKeys (ConfUtils.java:logGet(46)) - raft.server.log.use.memory = false (default)
2025-04-23 15:46:48,840 [omNode-1-impl-thread1] INFO  server.RaftServerConfigKeys (ConfUtils.java:logGet(46)) - raft.server.log.purge.gap = 50 (custom)
2025-04-23 15:46:48,840 [omNode-1-impl-thread1] INFO  server.RaftServerConfigKeys (ConfUtils.java:logGet(46)) - raft.server.log.appender.buffer.byte-limit = 4194304 (custom)
2025-04-23 15:46:48,840 [omNode-1-impl-thread1] INFO  server.RaftServerConfigKeys (ConfUtils.java:logGet(46)) - raft.server.log.statemachine.data.read.timeout = 1000ms (default)
2025-04-23 15:46:48,840 [omNode-1-impl-thread1] INFO  server.RaftServerConfigKeys (ConfUtils.java:logGet(46)) - raft.server.log.purge.preservation.log.num = 0 (default)
2025-04-23 15:46:48,841 [omNode-1-impl-thread1] INFO  server.RaftServerConfigKeys (ConfUtils.java:logGet(46)) - raft.server.log.segment.size.max = 4194304 (custom)
2025-04-23 15:46:48,842 [omNode-1-impl-thread1] INFO  server.RaftServerConfigKeys (ConfUtils.java:logGet(46)) - raft.server.log.segment.cache.num.max = 2 (custom)
2025-04-23 15:46:48,842 [omNode-1-impl-thread1] INFO  server.RaftServerConfigKeys (ConfUtils.java:logGet(46)) - raft.server.log.segment.cache.size.max = 200MB (=209715200) (default)
2025-04-23 15:46:48,842 [omNode-1-impl-thread1] INFO  server.RaftServerConfigKeys (ConfUtils.java:logGet(46)) - raft.server.log.appender.buffer.byte-limit = 4194304 (custom)
2025-04-23 15:46:48,842 [omNode-1-impl-thread1] INFO  util.AwaitToRun (AwaitToRun.java:start(81)) - Thread[#6354,omNode-1@group-523986131536-cacheEviction-AwaitToRun,5,main] started
2025-04-23 15:46:48,842 [omNode-1-impl-thread1] INFO  segmented.SegmentedRaftLogWorker (SegmentedRaftLogWorker.java:<init>(188)) - new omNode-1@group-523986131536-SegmentedRaftLogWorker for RaftStorageImpl:Storage Directory /home/runner/work/ozone/ozone/hadoop-ozone/integration-test/target/test-dir/MiniOzoneClusterImpl-5cf50c17-c591-473f-a8c4-88d8665d28d7/omNode-1/ratis/c9bc4cf4-3bc3-3c60-a66b-523986131536
2025-04-23 15:46:48,842 [omNode-1-impl-thread1] INFO  server.RaftServerConfigKeys (ConfUtils.java:logGet(46)) - raft.server.log.queue.byte-limit = 64MB (=67108864) (default)
2025-04-23 15:46:48,842 [omNode-1-impl-thread1] INFO  server.RaftServerConfigKeys (ConfUtils.java:logGet(46)) - raft.server.log.queue.element-limit = 4096 (default)
2025-04-23 15:46:48,843 [omNode-1-impl-thread1] INFO  server.RaftServerConfigKeys (ConfUtils.java:logGet(46)) - raft.server.log.segment.size.max = 4194304 (custom)
2025-04-23 15:46:48,843 [omNode-1-impl-thread1] INFO  server.RaftServerConfigKeys (ConfUtils.java:logGet(46)) - raft.server.log.preallocated.size = 4194304 (custom)
2025-04-23 15:46:48,843 [omNode-1-impl-thread1] INFO  server.RaftServerConfigKeys (ConfUtils.java:logGet(46)) - raft.server.log.force.sync.num = 128 (default)
2025-04-23 15:46:48,843 [omNode-1-impl-thread1] INFO  server.RaftServerConfigKeys (ConfUtils.java:logGet(46)) - raft.server.log.statemachine.data.sync = true (default)
2025-04-23 15:46:48,843 [omNode-1-impl-thread1] INFO  server.RaftServerConfigKeys (ConfUtils.java:logGet(46)) - raft.server.log.statemachine.data.sync.timeout = 10s (default)
2025-04-23 15:46:48,843 [omNode-1-impl-thread1] INFO  server.RaftServerConfigKeys (ConfUtils.java:logGet(46)) - raft.server.log.statemachine.data.sync.timeout.retry = -1 (default)
2025-04-23 15:46:48,844 [omNode-1-impl-thread1] INFO  server.RaftServerConfigKeys (ConfUtils.java:logGet(46)) - raft.server.log.write.buffer.size = 4194312 (custom)
2025-04-23 15:46:48,844 [omNode-1-impl-thread1] INFO  server.RaftServerConfigKeys (ConfUtils.java:logGet(46)) - raft.server.log.appender.buffer.byte-limit = 4194304 (custom)
2025-04-23 15:46:48,844 [omNode-1-impl-thread1] INFO  server.RaftServerConfigKeys (ConfUtils.java:logGet(46)) - raft.server.log.unsafe-flush.enabled = false (default)
2025-04-23 15:46:48,844 [omNode-1-impl-thread1] INFO  server.RaftServerConfigKeys (ConfUtils.java:logGet(46)) - raft.server.log.async-flush.enabled = false (default)
2025-04-23 15:46:48,844 [omNode-1-impl-thread1] INFO  server.RaftServerConfigKeys (ConfUtils.java:logGet(46)) - raft.server.log.statemachine.data.caching.enabled = false (default)
2025-04-23 15:46:48,845 [omNode-1-impl-thread1] INFO  server.RaftServer$Division (ServerState.java:setRaftConf(386)) - omNode-1@group-523986131536: set configuration conf: {index: 311, cur=peers:[omNode-3|localhost:15017, omNode-1|localhost:15009, omNode-2|localhost:15013]|listeners:[], old=null}
2025-04-23 15:46:48,845 [omNode-1-impl-thread1] INFO  segmented.LogSegment (LogSegment.java:loadSegment(171)) - Successfully read 2 entries from segment file /home/runner/work/ozone/ozone/hadoop-ozone/integration-test/target/test-dir/MiniOzoneClusterImpl-5cf50c17-c591-473f-a8c4-88d8665d28d7/omNode-1/ratis/c9bc4cf4-3bc3-3c60-a66b-523986131536/current/log_inprogress_311
2025-04-23 15:46:48,845 [omNode-1-impl-thread1] INFO  segmented.SegmentedRaftLogWorker (SegmentedRaftLogWorker.java:lambda$new$0(139)) - omNode-1@group-523986131536-SegmentedRaftLogWorker: flushIndex: setUnconditionally 0 -> 312
2025-04-23 15:46:48,845 [omNode-1-impl-thread1] INFO  segmented.SegmentedRaftLogWorker (SegmentedRaftLogWorker.java:lambda$new$0(139)) - omNode-1@group-523986131536-SegmentedRaftLogWorker: safeCacheEvictIndex: setUnconditionally 0 -> -1
2025-04-23 15:46:48,845 [omNode-1-impl-thread1] INFO  segmented.BufferedWriteChannel (BufferedWriteChannel.java:open(61)) - open log_inprogress_311 (append) at position 128
2025-04-23 15:46:48,846 [omNode-1-impl-thread1] INFO  raftlog.RaftLog (RaftLogBase.java:lambda$new$0(54)) - omNode-1@group-523986131536-SegmentedRaftLog: purgeIndex: updateToMax old=-1, new=310, updated? true
2025-04-23 15:46:48,846 [omNode-1-impl-thread1] INFO  server.RaftServer$Division (RaftServerImpl.java:start(391)) - omNode-1@group-523986131536: start as a follower, conf=conf: {index: 311, cur=peers:[omNode-3|localhost:15017, omNode-1|localhost:15009, omNode-2|localhost:15013]|listeners:[], old=null}
2025-04-23 15:46:48,846 [omNode-1-impl-thread1] INFO  server.RaftServer$Division (RaftServerImpl.java:setRole(378)) - omNode-1@group-523986131536: changes role from      null to FOLLOWER at term 13 for startAsFollower
2025-04-23 15:46:48,846 [omNode-1-impl-thread1] INFO  impl.RoleInfo (RoleInfo.java:updateAndGet(148)) - omNode-1: start omNode-1@group-523986131536-FollowerState
2025-04-23 15:46:48,847 [omNode-1-impl-thread1] INFO  util.JmxRegister (JmxRegister.java:tryRegister(44)) - Successfully registered JMX Bean with object name Ratis:service=RaftServer,group=group-523986131536,id=omNode-1
2025-04-23 15:46:48,847 [omNode-1-impl-thread1] INFO  util.JmxRegister (JmxRegister.java:register(58)) - register mxBean class org.apache.ratis.server.impl.RaftServerJmxAdapter as Ratis:service=RaftServer,group=group-523986131536,id=omNode-1
2025-04-23 15:46:48,847 [omNode-1@group-523986131536-FollowerState] INFO  server.RaftServerConfigKeys (ConfUtils.java:logFallback(53)) - raft.server.rpc.first-election.timeout.min = 1s (fallback to raft.server.rpc.timeout.min)
2025-04-23 15:46:48,847 [omNode-1@group-523986131536-FollowerState] INFO  server.RaftServerConfigKeys (ConfUtils.java:logFallback(53)) - raft.server.rpc.first-election.timeout.max = 1200ms (fallback to raft.server.rpc.timeout.max)
2025-04-23 15:46:48,847 [omNode-1-impl-thread1] INFO  server.RaftServerConfigKeys (ConfUtils.java:logGet(46)) - raft.server.snapshot.trigger-when-stop.enabled = true (default)
2025-04-23 15:46:48,847 [omNode-1-impl-thread1] INFO  server.RaftServerConfigKeys (ConfUtils.java:logGet(46)) - raft.server.snapshot.trigger-when-remove.enabled = true (default)
2025-04-23 15:46:48,847 [omNode-1-impl-thread1] INFO  server.RaftServerConfigKeys (ConfUtils.java:logGet(46)) - raft.server.snapshot.auto.trigger.enabled = true (custom)
2025-04-23 15:46:48,847 [omNode-1-impl-thread1] INFO  server.RaftServerConfigKeys (ConfUtils.java:logGet(46)) - raft.server.snapshot.auto.trigger.threshold = 50 (custom)
2025-04-23 15:46:48,847 [omNode-1-impl-thread1] INFO  server.RaftServerConfigKeys (ConfUtils.java:logGet(46)) - raft.server.snapshot.retention.file.num = -1 (default)
2025-04-23 15:46:48,847 [omNode-1-impl-thread1] INFO  server.RaftServerConfigKeys (ConfUtils.java:logGet(46)) - raft.server.log.purge.upto.snapshot.index = true (custom)
2025-04-23 15:46:48,848 [omNode-1-impl-thread1] INFO  server.RaftServer$Division (RaftServerImpl.java:start(405)) - omNode-1@group-523986131536: Successfully started.
2025-04-23 15:46:48,848 [main] INFO  server.RaftServer (RaftServerProxy.java:startImpl(407)) - omNode-1: start RPC server
2025-04-23 15:46:48,848 [main] INFO  server.GrpcService (GrpcService.java:startImpl(334)) - omNode-1: GrpcService started, listening on 15009
2025-04-23 15:46:48,849 [main] INFO  om.OzoneManager (OzoneManager.java:getRpcServer(1360)) - Creating RPC Server
2025-04-23 15:46:48,849 [JvmPauseMonitor33] INFO  util.JvmPauseMonitor (JvmPauseMonitor.java:run(146)) - JvmPauseMonitor-omNode-1: Started
2025-04-23 15:46:49,207 [main] INFO  reflections.Reflections (Reflections.java:scan(219)) - Reflections took 357 ms to scan 22 urls, producing 61 keys and 7422 values
2025-04-23 15:46:49,208 [main] INFO  ipc.CallQueueManager (CallQueueManager.java:<init>(93)) - Using callQueue: class java.util.concurrent.LinkedBlockingQueue, queueCapacity: 2000, scheduler: class org.apache.hadoop.ipc.DefaultRpcScheduler, ipcBackoff: false, ipcFailOver: false.
2025-04-23 15:46:49,208 [main] INFO  ipc.Server (Server.java:<init>(1438)) - Listener at localhost:15006
2025-04-23 15:46:49,209 [Socket Reader #1 for port 15006] INFO  ipc.Server (Server.java:run(1474)) - Starting Socket Reader #1 for port 15006
2025-04-23 15:46:49,209 [Socket Reader #2 for port 15006] INFO  ipc.Server (Server.java:run(1474)) - Starting Socket Reader #2 for port 15006
2025-04-23 15:46:49,209 [Socket Reader #3 for port 15006] INFO  ipc.Server (Server.java:run(1474)) - Starting Socket Reader #3 for port 15006
2025-04-23 15:46:49,209 [Socket Reader #4 for port 15006] INFO  ipc.Server (Server.java:run(1474)) - Starting Socket Reader #4 for port 15006
2025-04-23 15:46:49,209 [Socket Reader #5 for port 15006] INFO  ipc.Server (Server.java:run(1474)) - Starting Socket Reader #5 for port 15006
2025-04-23 15:46:49,210 [Socket Reader #6 for port 15006] INFO  ipc.Server (Server.java:run(1474)) - Starting Socket Reader #6 for port 15006
2025-04-23 15:46:49,210 [Socket Reader #7 for port 15006] INFO  ipc.Server (Server.java:run(1474)) - Starting Socket Reader #7 for port 15006
2025-04-23 15:46:49,210 [Socket Reader #8 for port 15006] INFO  ipc.Server (Server.java:run(1474)) - Starting Socket Reader #8 for port 15006
2025-04-23 15:46:49,210 [Socket Reader #9 for port 15006] INFO  ipc.Server (Server.java:run(1474)) - Starting Socket Reader #9 for port 15006
2025-04-23 15:46:49,210 [Socket Reader #10 for port 15006] INFO  ipc.Server (Server.java:run(1474)) - Starting Socket Reader #10 for port 15006
2025-04-23 15:46:49,212 [main] INFO  http.BaseHttpServer (BaseHttpServer.java:newHttpServer2BuilderForOzone(229)) - Starting Web-server for ozoneManager at: http://0.0.0.0:15007
2025-04-23 15:46:49,212 [main] INFO  http.BaseHttpServer (BaseHttpServer.java:<init>(107)) - Hadoop Security Enabled: false Ozone Security Enabled: false Ozone HTTP Security Enabled: false 
2025-04-23 15:46:49,213 [main] WARN  server.AuthenticationFilter (AuthenticationFilter.java:constructSecretProvider(240)) - Unable to initialize FileSignerSecretProvider, falling back to use random secrets. Reason: Could not read signature secret file: /home/runner/hadoop-http-auth-signature-secret
2025-04-23 15:46:49,214 [main] INFO  http.HttpServer2 (HttpServer2.java:addGlobalFilter(1041)) - Added global filter 'safety' (class=org.apache.hadoop.hdds.server.http.HttpServer2$QuotingInputFilter)
2025-04-23 15:46:49,215 [main] INFO  http.HttpServer2 (HttpServer2.java:addFilter(1017)) - Added filter static_user_filter (class=org.apache.hadoop.http.lib.StaticUserWebFilter$StaticUserFilter) to context ozoneManager
2025-04-23 15:46:49,215 [main] INFO  http.HttpServer2 (HttpServer2.java:addFilter(1025)) - Added filter static_user_filter (class=org.apache.hadoop.http.lib.StaticUserWebFilter$StaticUserFilter) to context logs
2025-04-23 15:46:49,215 [main] INFO  http.HttpServer2 (HttpServer2.java:addFilter(1025)) - Added filter static_user_filter (class=org.apache.hadoop.http.lib.StaticUserWebFilter$StaticUserFilter) to context static
2025-04-23 15:46:49,215 [main] INFO  http.BaseHttpServer (BaseHttpServer.java:<init>(195)) - HTTP server of ozoneManager uses base directory /home/runner/work/ozone/ozone/hadoop-ozone/integration-test/target/test-dir/MiniOzoneClusterImpl-5cf50c17-c591-473f-a8c4-88d8665d28d7/omNode-1/webserver
2025-04-23 15:46:49,215 [main] INFO  http.HttpServer2 (HttpServer2.java:bindListener(1241)) - Jetty bound to port 15007
2025-04-23 15:46:49,215 [main] INFO  server.Server (Server.java:doStart(375)) - jetty-9.4.57.v20241219; built: 2025-01-08T21:24:30.412Z; git: df524e6b29271c2e09ba9aea83c18dc9db464a31; jvm 21.0.7+6-LTS
2025-04-23 15:46:49,217 [main] INFO  server.session (DefaultSessionIdManager.java:doStart(334)) - DefaultSessionIdManager workerName=node0
2025-04-23 15:46:49,217 [main] INFO  server.session (DefaultSessionIdManager.java:doStart(339)) - No SessionScavenger set, using defaults
2025-04-23 15:46:49,217 [main] INFO  server.session (HouseKeeper.java:startScavenging(132)) - node0 Scavenging every 600000ms
2025-04-23 15:46:49,217 [main] INFO  handler.ContextHandler (ContextHandler.java:doStart(921)) - Started o.e.j.s.ServletContextHandler@45363705{logs,/logs,file:///home/runner/work/ozone/ozone/hadoop-ozone/integration-test/target/log,AVAILABLE}
2025-04-23 15:46:49,218 [main] INFO  handler.ContextHandler (ContextHandler.java:doStart(921)) - Started o.e.j.s.ServletContextHandler@20035168{static,/static,file:///home/runner/work/ozone/ozone/hadoop-ozone/integration-test/target/test-classes/webapps/static,AVAILABLE}
2025-04-23 15:46:49,221 [main] INFO  handler.ContextHandler (ContextHandler.java:doStart(921)) - Started o.e.j.w.WebAppContext@71ea1339{ozoneManager,/,file:///home/runner/work/ozone/ozone/hadoop-ozone/integration-test/target/test-classes/webapps/ozoneManager/,AVAILABLE}{file:/home/runner/work/ozone/ozone/hadoop-ozone/integration-test/target/test-classes/webapps/ozoneManager}
2025-04-23 15:46:49,222 [main] INFO  server.AbstractConnector (AbstractConnector.java:doStart(333)) - Started ServerConnector@9d3afb8{HTTP/1.1, (http/1.1)}{0.0.0.0:15007}
2025-04-23 15:46:49,222 [main] INFO  server.Server (Server.java:doStart(415)) - Started @144203ms
2025-04-23 15:46:49,222 [main] WARN  impl.MetricsSystemImpl (MetricsSystemImpl.java:register(279)) - Sink prometheus already exists!
2025-04-23 15:46:49,222 [main] INFO  http.BaseHttpServer (BaseHttpServer.java:updateConnectorAddress(360)) - HTTP server of ozoneManager listening at http://0.0.0.0:15007
2025-04-23 15:46:49,223 [IPC Server Responder] INFO  ipc.Server (Server.java:run(1713)) - IPC Server Responder: starting
2025-04-23 15:46:49,223 [IPC Server listener on 15006] INFO  ipc.Server (Server.java:run(1553)) - IPC Server listener on 15006: starting
2025-04-23 15:46:49,225 [main] INFO  om.OzoneManager (OzoneManager.java:startTrashEmptier(2257)) - Trash Interval set to 0. Files deleted won't move to trash
2025-04-23 15:46:49,225 [main] INFO  om.OzoneManager (OzoneManager.java:restart(1878)) - OzoneManager RPC server is listening at localhost/127.0.0.1:15010
2025-04-23 15:46:49,225 [main] INFO  impl.MetricsSystemImpl (MetricsSystemImpl.java:init(158)) - OzoneManager metrics system started (again)
2025-04-23 15:46:49,235 [main] WARN  server.ServerUtils (ServerUtils.java:getDBPath(297)) - ozone.om.db.dirs is not configured. We recommend adding this setting. Falling back to ozone.metadata.dirs instead.
2025-04-23 15:46:49,281 [main] INFO  om.OzoneManager (OzoneManager.java:instantiateServices(933)) - S3 Multi-Tenancy is disabled
2025-04-23 15:46:49,282 [main] INFO  om.OmSnapshotManager (OmSnapshotManager.java:<init>(180)) - Ozone filesystem snapshot feature is enabled.
2025-04-23 15:46:49,282 [main] WARN  server.ServerUtils (ServerUtils.java:getDBPath(297)) - ozone.om.snapshot.diff.db.dir is not configured. We recommend adding this setting. Falling back to ozone.metadata.dirs instead.
2025-04-23 15:46:49,297 [main] WARN  dropwizard3.Dm3MetricRegistriesImpl (Dm3MetricRegistriesImpl.java:addReporterRegistration(114)) - New reporters are added after registries were created. Some metrics will be missing from the reporter. Please add reporter before adding any new registry.
2025-04-23 15:46:49,297 [main] WARN  dropwizard3.Dm3MetricRegistriesImpl (Dm3MetricRegistriesImpl.java:addReporterRegistration(114)) - New reporters are added after registries were created. Some metrics will be missing from the reporter. Please add reporter before adding any new registry.
2025-04-23 15:46:49,297 [main] WARN  server.ServerUtils (ServerUtils.java:getDefaultRatisDirectory(309)) - Storage directory for Ratis is not configured. It is a good idea to map this to an SSD disk. Falling back to ozone.metadata.dirs
2025-04-23 15:46:49,297 [main] INFO  server.RaftServerConfigKeys (ConfUtils.java:logGet(46)) - raft.server.log.appender.buffer.byte-limit = 4194304 (custom)
2025-04-23 15:46:49,298 [main] INFO  ratis.OzoneManagerRatisServer (OzoneManagerRatisServer.java:<init>(167)) - Instantiating OM Ratis server with groupID: om-service-test1 and peers: localhost:15013, localhost:15017, localhost:15009
2025-04-23 15:46:49,298 [main] INFO  ratis.OzoneManagerStateMachine (OzoneManagerStateMachine.java:loadSnapshotInfoFromDB(611)) - LastAppliedIndex is set from TransactionInfo from OM DB as (t:14, i:324)
2025-04-23 15:46:49,299 [main] INFO  server.RaftServer (ConfUtils.java:logGet(46)) - raft.rpc.type = GRPC (default)
2025-04-23 15:46:49,299 [main] INFO  grpc.GrpcConfigKeys (ConfUtils.java:logFallback(53)) - raft.grpc.admin.host = null (fallback to raft.grpc.server.host)
2025-04-23 15:46:49,299 [main] INFO  grpc.GrpcConfigKeys (ConfUtils.java:logFallback(53)) - raft.grpc.admin.port = 15013 (fallback to raft.grpc.server.port)
2025-04-23 15:46:49,299 [main] INFO  grpc.GrpcConfigKeys (ConfUtils.java:logFallback(53)) - raft.grpc.client.host = null (fallback to raft.grpc.server.host)
2025-04-23 15:46:49,299 [main] INFO  grpc.GrpcConfigKeys (ConfUtils.java:logFallback(53)) - raft.grpc.client.port = 15013 (fallback to raft.grpc.server.port)
2025-04-23 15:46:49,299 [main] INFO  grpc.GrpcConfigKeys (ConfUtils.java:logGet(46)) - raft.grpc.server.host = null (default)
2025-04-23 15:46:49,299 [main] INFO  grpc.GrpcConfigKeys (ConfUtils.java:logGet(46)) - raft.grpc.server.port = 15013 (custom)
2025-04-23 15:46:49,299 [main] INFO  server.GrpcService (ConfUtils.java:logGet(46)) - raft.grpc.message.size.max = 5242880 (custom)
2025-04-23 15:46:49,299 [main] INFO  server.GrpcService (ConfUtils.java:logGet(46)) - raft.grpc.flow.control.window = 1MB (=1048576) (default)
2025-04-23 15:46:49,299 [main] INFO  server.RaftServerConfigKeys (ConfUtils.java:logGet(46)) - raft.server.rpc.request.timeout = 3000ms (default)
2025-04-23 15:46:49,299 [main] INFO  grpc.GrpcConfigKeys (ConfUtils.java:logGet(46)) - raft.grpc.server.heartbeat.channel = true (default)
2025-04-23 15:46:49,299 [main] INFO  server.RaftServerConfigKeys (ConfUtils.java:logGet(46)) - raft.server.log.appender.buffer.byte-limit = 4194304 (custom)
2025-04-23 15:46:49,300 [main] INFO  grpc.GrpcConfigKeys (ConfUtils.java:logGet(46)) - raft.grpc.server.async.request.thread.pool.cached = true (default)
2025-04-23 15:46:49,300 [main] INFO  grpc.GrpcConfigKeys (ConfUtils.java:logGet(46)) - raft.grpc.server.async.request.thread.pool.size = 32 (default)
2025-04-23 15:46:49,300 [main] INFO  impl.DataStreamServerImpl (ConfUtils.java:logGet(46)) - raft.datastream.type = DISABLED (default)
2025-04-23 15:46:49,300 [main] INFO  server.RaftServerConfigKeys (ConfUtils.java:logGet(46)) - raft.server.sleep.deviation.threshold = 300ms (default)
2025-04-23 15:46:49,301 [main] INFO  server.RaftServerConfigKeys (ConfUtils.java:logGet(46)) - raft.server.close.threshold = 60s (default)
2025-04-23 15:46:49,301 [main] INFO  server.RaftServerConfigKeys (ConfUtils.java:logGet(46)) - raft.server.leaderelection.leader.step-down.wait-time = 10s (default)
2025-04-23 15:46:49,301 [main] INFO  server.RaftServerConfigKeys (ConfUtils.java:logGet(46)) - raft.server.storage.dir = [/home/runner/work/ozone/ozone/hadoop-ozone/integration-test/target/test-dir/MiniOzoneClusterImpl-5cf50c17-c591-473f-a8c4-88d8665d28d7/omNode-2/ratis] (custom)
2025-04-23 15:46:49,301 [main] INFO  server.RaftServerConfigKeys (ConfUtils.java:logGet(46)) - raft.server.threadpool.proxy.cached = true (default)
2025-04-23 15:46:49,301 [main] INFO  server.RaftServerConfigKeys (ConfUtils.java:logGet(46)) - raft.server.threadpool.proxy.size = 0 (default)
2025-04-23 15:46:49,301 [omNode-2-impl-thread1] INFO  server.RaftServer (RaftServerProxy.java:initGroupDir(265)) - omNode-2: found a subdirectory /home/runner/work/ozone/ozone/hadoop-ozone/integration-test/target/test-dir/MiniOzoneClusterImpl-5cf50c17-c591-473f-a8c4-88d8665d28d7/omNode-2/ratis/c9bc4cf4-3bc3-3c60-a66b-523986131536
2025-04-23 15:46:49,301 [main] INFO  server.RaftServer (RaftServerProxy.java:addNew(100)) - omNode-2: addNew group-523986131536:[omNode-3|localhost:15017, omNode-1|localhost:15009, omNode-2|localhost:15013] returns group-523986131536:java.util.concurrent.CompletableFuture@545ce05b[Not completed]
2025-04-23 15:46:49,302 [main] INFO  om.OzoneManager (OzoneManager.java:initializeRatisServer(2303)) - OzoneManager Ratis server initialized at port 15013
2025-04-23 15:46:49,302 [main] INFO  ratis.OzoneManagerRatisServer (OzoneManagerRatisServer.java:start(628)) - Starting OzoneManagerRatisServer omNode-2 at port 15013
2025-04-23 15:46:49,302 [omNode-2-groupManagement] INFO  server.RaftServer$Division (RaftServerImpl.java:<init>(255)) - omNode-2: new RaftServerImpl for group-523986131536:[omNode-3|localhost:15017, omNode-1|localhost:15009, omNode-2|localhost:15013] with OzoneManagerStateMachine:uninitialized
2025-04-23 15:46:49,302 [omNode-2-groupManagement] INFO  server.RaftServerConfigKeys (ConfUtils.java:logGet(46)) - raft.server.rpc.timeout.min = 1s (custom)
2025-04-23 15:46:49,302 [omNode-2-groupManagement] INFO  server.RaftServerConfigKeys (ConfUtils.java:logGet(46)) - raft.server.rpc.timeout.max = 1200ms (custom)
2025-04-23 15:46:49,302 [omNode-2-groupManagement] INFO  server.RaftServerConfigKeys (ConfUtils.java:logGet(46)) - raft.server.rpc.sleep.time = 25ms (default)
2025-04-23 15:46:49,302 [omNode-2-groupManagement] INFO  server.RaftServerConfigKeys (ConfUtils.java:logGet(46)) - raft.server.rpc.slowness.timeout = 2s (custom)
2025-04-23 15:46:49,302 [omNode-2-groupManagement] INFO  server.RaftServerConfigKeys (ConfUtils.java:logGet(46)) - raft.server.leaderelection.leader.step-down.wait-time = 10s (default)
2025-04-23 15:46:49,302 [omNode-2-groupManagement] INFO  server.RaftServerConfigKeys (ConfUtils.java:logGet(46)) - raft.server.leaderelection.member.majority-add = false (default)
2025-04-23 15:46:49,302 [omNode-2-groupManagement] INFO  server.RaftServerConfigKeys (ConfUtils.java:logGet(46)) - raft.server.sleep.deviation.threshold = 300ms (default)
2025-04-23 15:46:49,302 [omNode-2-groupManagement] INFO  server.RaftServer$Division (ServerState.java:<init>(114)) - omNode-2@group-523986131536: ConfigurationManager, init=conf: {index: -1, cur=peers:[omNode-3|localhost:15017, omNode-1|localhost:15009, omNode-2|localhost:15013]|listeners:[], old=null}, confs=<EMPTY_MAP>
2025-04-23 15:46:49,302 [omNode-2-groupManagement] INFO  server.RaftServerConfigKeys (ConfUtils.java:logGet(46)) - raft.server.notification.no-leader.timeout = 2s (custom)
2025-04-23 15:46:49,302 [omNode-2-groupManagement] INFO  server.RaftServerConfigKeys (ConfUtils.java:logGet(46)) - raft.server.read.timeout = 10s (default)
2025-04-23 15:46:49,302 [omNode-2-groupManagement] INFO  server.RaftServerConfigKeys (ConfUtils.java:logGet(46)) - raft.server.retrycache.expirytime = 30000ms (custom)
2025-04-23 15:46:49,302 [omNode-2-groupManagement] INFO  server.RaftServerConfigKeys (ConfUtils.java:logGet(46)) - raft.server.retrycache.statistics.expirytime = 100ms (default)
2025-04-23 15:46:49,302 [omNode-2-groupManagement] INFO  server.RaftServerConfigKeys (ConfUtils.java:logGet(46)) - raft.server.read.option = DEFAULT (default)
2025-04-23 15:46:49,302 [omNode-2-groupManagement] INFO  server.RaftServerConfigKeys (ConfUtils.java:logGet(46)) - raft.server.read.read-after-write-consistent.write-index-cache.expiry-time = 60s (default)
2025-04-23 15:46:49,304 [omNode-2-groupManagement] INFO  server.RaftServerConfigKeys (ConfUtils.java:logGet(46)) - raft.server.rpc.request.timeout = 3000ms (default)
2025-04-23 15:46:49,304 [omNode-2-groupManagement] INFO  server.RaftServerConfigKeys (ConfUtils.java:logGet(46)) - raft.server.log.appender.install.snapshot.enabled = false (custom)
2025-04-23 15:46:49,304 [omNode-2-groupManagement] INFO  server.RaftServerConfigKeys (ConfUtils.java:logGet(46)) - raft.server.threadpool.server.cached = true (default)
2025-04-23 15:46:49,304 [omNode-2-groupManagement] INFO  server.RaftServerConfigKeys (ConfUtils.java:logGet(46)) - raft.server.threadpool.server.size = 0 (default)
2025-04-23 15:46:49,304 [omNode-2-groupManagement] INFO  server.RaftServerConfigKeys (ConfUtils.java:logGet(46)) - raft.server.threadpool.client.cached = true (default)
2025-04-23 15:46:49,304 [omNode-2-groupManagement] INFO  server.RaftServerConfigKeys (ConfUtils.java:logGet(46)) - raft.server.threadpool.client.size = 0 (default)
2025-04-23 15:46:49,304 [omNode-2-impl-thread1] INFO  server.RaftServerConfigKeys (ConfUtils.java:logGet(46)) - raft.server.storage.free-space.min = 0MB (=0) (default)
2025-04-23 15:46:49,304 [omNode-2-impl-thread1] INFO  server.RaftServerConfigKeys (ConfUtils.java:logGet(46)) - raft.server.log.corruption.policy = EXCEPTION (default)
2025-04-23 15:46:49,304 [omNode-2-impl-thread1] INFO  server.RaftServerConfigKeys (ConfUtils.java:logGet(46)) - raft.server.storage.dir = [/home/runner/work/ozone/ozone/hadoop-ozone/integration-test/target/test-dir/MiniOzoneClusterImpl-5cf50c17-c591-473f-a8c4-88d8665d28d7/omNode-2/ratis] (custom)
2025-04-23 15:46:49,305 [omNode-2-impl-thread1] INFO  storage.RaftStorageDirectory (RaftStorageDirectoryImpl.java:tryLock(229)) - Lock on /home/runner/work/ozone/ozone/hadoop-ozone/integration-test/target/test-dir/MiniOzoneClusterImpl-5cf50c17-c591-473f-a8c4-88d8665d28d7/omNode-2/ratis/c9bc4cf4-3bc3-3c60-a66b-523986131536/in_use.lock acquired by nodename 129659@fv-az1337-835
2025-04-23 15:46:49,305 [omNode-2-impl-thread1] INFO  storage.RaftStorage (RaftStorageImpl.java:analyzeAndRecoverStorage(118)) - Read RaftStorageMetadata{term=14, votedFor=omNode-2} from /home/runner/work/ozone/ozone/hadoop-ozone/integration-test/target/test-dir/MiniOzoneClusterImpl-5cf50c17-c591-473f-a8c4-88d8665d28d7/omNode-2/ratis/c9bc4cf4-3bc3-3c60-a66b-523986131536/current/raft-meta
2025-04-23 15:46:49,305 [omNode-2-impl-thread1] INFO  server.RaftServer$Division (ServerState.java:setRaftConf(386)) - omNode-2@group-523986131536: set configuration conf: {index: 313, cur=peers:[omNode-3|localhost:15017, omNode-1|localhost:15009, omNode-2|localhost:15013]|listeners:[], old=null}
2025-04-23 15:46:49,306 [omNode-2-impl-thread1] INFO  ratis.OzoneManagerStateMachine (OzoneManagerStateMachine.java:lambda$0(138)) - omNode-2: initialize group-523986131536 with (t:14, i:324)
2025-04-23 15:46:49,306 [omNode-2-impl-thread1] INFO  server.RaftServerConfigKeys (ConfUtils.java:logGet(46)) - raft.server.log.use.memory = false (default)
2025-04-23 15:46:49,306 [omNode-2-impl-thread1] INFO  server.RaftServerConfigKeys (ConfUtils.java:logGet(46)) - raft.server.log.purge.gap = 50 (custom)
2025-04-23 15:46:49,306 [omNode-2-impl-thread1] INFO  server.RaftServerConfigKeys (ConfUtils.java:logGet(46)) - raft.server.log.appender.buffer.byte-limit = 4194304 (custom)
2025-04-23 15:46:49,306 [omNode-2-impl-thread1] INFO  server.RaftServerConfigKeys (ConfUtils.java:logGet(46)) - raft.server.log.statemachine.data.read.timeout = 1000ms (default)
2025-04-23 15:46:49,306 [omNode-2-impl-thread1] INFO  server.RaftServerConfigKeys (ConfUtils.java:logGet(46)) - raft.server.log.purge.preservation.log.num = 0 (default)
2025-04-23 15:46:49,306 [omNode-2-impl-thread1] INFO  server.RaftServerConfigKeys (ConfUtils.java:logGet(46)) - raft.server.log.segment.size.max = 4194304 (custom)
2025-04-23 15:46:49,307 [omNode-2-impl-thread1] INFO  server.RaftServerConfigKeys (ConfUtils.java:logGet(46)) - raft.server.log.segment.cache.num.max = 2 (custom)
2025-04-23 15:46:49,307 [omNode-2-impl-thread1] INFO  server.RaftServerConfigKeys (ConfUtils.java:logGet(46)) - raft.server.log.segment.cache.size.max = 200MB (=209715200) (default)
2025-04-23 15:46:49,307 [omNode-2-impl-thread1] INFO  server.RaftServerConfigKeys (ConfUtils.java:logGet(46)) - raft.server.log.appender.buffer.byte-limit = 4194304 (custom)
2025-04-23 15:46:49,307 [omNode-2-impl-thread1] INFO  util.AwaitToRun (AwaitToRun.java:start(81)) - Thread[#6459,omNode-2@group-523986131536-cacheEviction-AwaitToRun,5,main] started
2025-04-23 15:46:49,307 [omNode-2-impl-thread1] INFO  segmented.SegmentedRaftLogWorker (SegmentedRaftLogWorker.java:<init>(188)) - new omNode-2@group-523986131536-SegmentedRaftLogWorker for RaftStorageImpl:Storage Directory /home/runner/work/ozone/ozone/hadoop-ozone/integration-test/target/test-dir/MiniOzoneClusterImpl-5cf50c17-c591-473f-a8c4-88d8665d28d7/omNode-2/ratis/c9bc4cf4-3bc3-3c60-a66b-523986131536
2025-04-23 15:46:49,307 [omNode-2-impl-thread1] INFO  server.RaftServerConfigKeys (ConfUtils.java:logGet(46)) - raft.server.log.queue.byte-limit = 64MB (=67108864) (default)
2025-04-23 15:46:49,307 [omNode-2-impl-thread1] INFO  server.RaftServerConfigKeys (ConfUtils.java:logGet(46)) - raft.server.log.queue.element-limit = 4096 (default)
2025-04-23 15:46:49,307 [omNode-2-impl-thread1] INFO  server.RaftServerConfigKeys (ConfUtils.java:logGet(46)) - raft.server.log.segment.size.max = 4194304 (custom)
2025-04-23 15:46:49,307 [omNode-2-impl-thread1] INFO  server.RaftServerConfigKeys (ConfUtils.java:logGet(46)) - raft.server.log.preallocated.size = 4194304 (custom)
2025-04-23 15:46:49,307 [omNode-2-impl-thread1] INFO  server.RaftServerConfigKeys (ConfUtils.java:logGet(46)) - raft.server.log.force.sync.num = 128 (default)
2025-04-23 15:46:49,307 [omNode-2-impl-thread1] INFO  server.RaftServerConfigKeys (ConfUtils.java:logGet(46)) - raft.server.log.statemachine.data.sync = true (default)
2025-04-23 15:46:49,307 [omNode-2-impl-thread1] INFO  server.RaftServerConfigKeys (ConfUtils.java:logGet(46)) - raft.server.log.statemachine.data.sync.timeout = 10s (default)
2025-04-23 15:46:49,307 [omNode-2-impl-thread1] INFO  server.RaftServerConfigKeys (ConfUtils.java:logGet(46)) - raft.server.log.statemachine.data.sync.timeout.retry = -1 (default)
2025-04-23 15:46:49,307 [omNode-2-impl-thread1] INFO  server.RaftServerConfigKeys (ConfUtils.java:logGet(46)) - raft.server.log.write.buffer.size = 4194312 (custom)
2025-04-23 15:46:49,308 [omNode-2-impl-thread1] INFO  server.RaftServerConfigKeys (ConfUtils.java:logGet(46)) - raft.server.log.appender.buffer.byte-limit = 4194304 (custom)
2025-04-23 15:46:49,308 [omNode-2-impl-thread1] INFO  server.RaftServerConfigKeys (ConfUtils.java:logGet(46)) - raft.server.log.unsafe-flush.enabled = false (default)
2025-04-23 15:46:49,308 [omNode-2-impl-thread1] INFO  server.RaftServerConfigKeys (ConfUtils.java:logGet(46)) - raft.server.log.async-flush.enabled = false (default)
2025-04-23 15:46:49,308 [omNode-2-impl-thread1] INFO  server.RaftServerConfigKeys (ConfUtils.java:logGet(46)) - raft.server.log.statemachine.data.caching.enabled = false (default)
2025-04-23 15:46:49,308 [omNode-2-impl-thread1] INFO  server.RaftServer$Division (ServerState.java:setRaftConf(386)) - omNode-2@group-523986131536: set configuration conf: {index: 313, cur=peers:[omNode-3|localhost:15017, omNode-1|localhost:15009, omNode-2|localhost:15013]|listeners:[], old=null}
2025-04-23 15:46:49,308 [omNode-2-impl-thread1] INFO  segmented.LogSegment (LogSegment.java:loadSegment(171)) - Successfully read 12 entries from segment file /home/runner/work/ozone/ozone/hadoop-ozone/integration-test/target/test-dir/MiniOzoneClusterImpl-5cf50c17-c591-473f-a8c4-88d8665d28d7/omNode-2/ratis/c9bc4cf4-3bc3-3c60-a66b-523986131536/current/log_inprogress_313
2025-04-23 15:46:49,308 [omNode-2-impl-thread1] INFO  segmented.SegmentedRaftLogWorker (SegmentedRaftLogWorker.java:lambda$new$0(139)) - omNode-2@group-523986131536-SegmentedRaftLogWorker: flushIndex: setUnconditionally 0 -> 324
2025-04-23 15:46:49,308 [omNode-2-impl-thread1] INFO  segmented.SegmentedRaftLogWorker (SegmentedRaftLogWorker.java:lambda$new$0(139)) - omNode-2@group-523986131536-SegmentedRaftLogWorker: safeCacheEvictIndex: setUnconditionally 0 -> -1
2025-04-23 15:46:49,308 [omNode-2-impl-thread1] INFO  segmented.BufferedWriteChannel (BufferedWriteChannel.java:open(61)) - open log_inprogress_313 (append) at position 2083
2025-04-23 15:46:49,309 [omNode-2-impl-thread1] INFO  raftlog.RaftLog (RaftLogBase.java:lambda$new$0(54)) - omNode-2@group-523986131536-SegmentedRaftLog: purgeIndex: updateToMax old=-1, new=312, updated? true
2025-04-23 15:46:49,309 [omNode-2-impl-thread1] INFO  server.RaftServer$Division (RaftServerImpl.java:start(391)) - omNode-2@group-523986131536: start as a follower, conf=conf: {index: 313, cur=peers:[omNode-3|localhost:15017, omNode-1|localhost:15009, omNode-2|localhost:15013]|listeners:[], old=null}
2025-04-23 15:46:49,309 [omNode-2-impl-thread1] INFO  server.RaftServer$Division (RaftServerImpl.java:setRole(378)) - omNode-2@group-523986131536: changes role from      null to FOLLOWER at term 14 for startAsFollower
2025-04-23 15:46:49,309 [omNode-2-impl-thread1] INFO  impl.RoleInfo (RoleInfo.java:updateAndGet(148)) - omNode-2: start omNode-2@group-523986131536-FollowerState
2025-04-23 15:46:49,309 [omNode-2@group-523986131536-FollowerState] INFO  server.RaftServerConfigKeys (ConfUtils.java:logFallback(53)) - raft.server.rpc.first-election.timeout.min = 1s (fallback to raft.server.rpc.timeout.min)
2025-04-23 15:46:49,309 [omNode-2-impl-thread1] INFO  util.JmxRegister (JmxRegister.java:tryRegister(44)) - Successfully registered JMX Bean with object name Ratis:service=RaftServer,group=group-523986131536,id=omNode-2
2025-04-23 15:46:49,309 [omNode-2-impl-thread1] INFO  util.JmxRegister (JmxRegister.java:register(58)) - register mxBean class org.apache.ratis.server.impl.RaftServerJmxAdapter as Ratis:service=RaftServer,group=group-523986131536,id=omNode-2
2025-04-23 15:46:49,309 [omNode-2-impl-thread1] INFO  server.RaftServerConfigKeys (ConfUtils.java:logGet(46)) - raft.server.snapshot.trigger-when-stop.enabled = true (default)
2025-04-23 15:46:49,309 [omNode-2-impl-thread1] INFO  server.RaftServerConfigKeys (ConfUtils.java:logGet(46)) - raft.server.snapshot.trigger-when-remove.enabled = true (default)
2025-04-23 15:46:49,309 [omNode-2-impl-thread1] INFO  server.RaftServerConfigKeys (ConfUtils.java:logGet(46)) - raft.server.snapshot.auto.trigger.enabled = true (custom)
2025-04-23 15:46:49,309 [omNode-2-impl-thread1] INFO  server.RaftServerConfigKeys (ConfUtils.java:logGet(46)) - raft.server.snapshot.auto.trigger.threshold = 50 (custom)
2025-04-23 15:46:49,309 [omNode-2-impl-thread1] INFO  server.RaftServerConfigKeys (ConfUtils.java:logGet(46)) - raft.server.snapshot.retention.file.num = -1 (default)
2025-04-23 15:46:49,309 [omNode-2-impl-thread1] INFO  server.RaftServerConfigKeys (ConfUtils.java:logGet(46)) - raft.server.log.purge.upto.snapshot.index = true (custom)
2025-04-23 15:46:49,309 [omNode-2@group-523986131536-FollowerState] INFO  server.RaftServerConfigKeys (ConfUtils.java:logFallback(53)) - raft.server.rpc.first-election.timeout.max = 1200ms (fallback to raft.server.rpc.timeout.max)
2025-04-23 15:46:49,310 [omNode-2-impl-thread1] INFO  server.RaftServer$Division (RaftServerImpl.java:start(405)) - omNode-2@group-523986131536: Successfully started.
2025-04-23 15:46:49,310 [main] INFO  server.RaftServer (RaftServerProxy.java:startImpl(407)) - omNode-2: start RPC server
2025-04-23 15:46:49,310 [main] INFO  server.GrpcService (GrpcService.java:startImpl(334)) - omNode-2: GrpcService started, listening on 15013
2025-04-23 15:46:49,311 [main] INFO  om.OzoneManager (OzoneManager.java:getRpcServer(1360)) - Creating RPC Server
2025-04-23 15:46:49,311 [JvmPauseMonitor34] INFO  util.JvmPauseMonitor (JvmPauseMonitor.java:run(146)) - JvmPauseMonitor-omNode-2: Started
2025-04-23 15:46:49,369 [omNode-3@group-523986131536-FollowerState] INFO  impl.FollowerState (FollowerState.java:runImpl(161)) - omNode-3@group-523986131536-FollowerState: change to CANDIDATE, lastRpcElapsedTime:1085047438ns, electionTimeout:1084ms
2025-04-23 15:46:49,369 [omNode-3@group-523986131536-FollowerState] INFO  impl.RoleInfo (RoleInfo.java:shutdownFollowerState(121)) - omNode-3: shutdown omNode-3@group-523986131536-FollowerState
2025-04-23 15:46:49,370 [omNode-3@group-523986131536-FollowerState] INFO  server.RaftServer$Division (RaftServerImpl.java:setRole(378)) - omNode-3@group-523986131536: changes role from  FOLLOWER to CANDIDATE at term 14 for changeToCandidate
2025-04-23 15:46:49,370 [omNode-3@group-523986131536-FollowerState] INFO  server.RaftServerConfigKeys (ConfUtils.java:logGet(46)) - raft.server.leaderelection.pre-vote = true (default)
2025-04-23 15:46:49,370 [omNode-3@group-523986131536-FollowerState] INFO  impl.RoleInfo (RoleInfo.java:updateAndGet(148)) - omNode-3: start omNode-3@group-523986131536-LeaderElection31
2025-04-23 15:46:49,371 [omNode-3@group-523986131536-LeaderElection31] INFO  impl.LeaderElection (LeaderElection.java:askForVotes(332)) - omNode-3@group-523986131536-LeaderElection31 PRE_VOTE round 0: submit vote requests at term 14 for conf: {index: 313, cur=peers:[omNode-3|localhost:15017, omNode-1|localhost:15009, omNode-2|localhost:15013]|listeners:[], old=null}
2025-04-23 15:46:49,373 [omNode-3@group-523986131536-LeaderElection31-1] INFO  server.GrpcServerProtocolClient (GrpcServerProtocolClient.java:<init>(65)) - Build channel for omNode-1|localhost:15009
2025-04-23 15:46:49,374 [omNode-3@group-523986131536-LeaderElection31] INFO  server.RaftServerConfigKeys (ConfUtils.java:logFallback(53)) - raft.server.rpc.first-election.timeout.min = 1s (fallback to raft.server.rpc.timeout.min)
2025-04-23 15:46:49,374 [omNode-3@group-523986131536-LeaderElection31] INFO  server.RaftServerConfigKeys (ConfUtils.java:logFallback(53)) - raft.server.rpc.first-election.timeout.max = 1200ms (fallback to raft.server.rpc.timeout.max)
2025-04-23 15:46:49,374 [omNode-3@group-523986131536-LeaderElection31-2] INFO  server.GrpcServerProtocolClient (GrpcServerProtocolClient.java:<init>(65)) - Build channel for omNode-2|localhost:15013
2025-04-23 15:46:49,382 [grpc-default-executor-0] INFO  server.RaftServer$Division (RaftServerImpl.java:requestVote(1407)) - omNode-1@group-523986131536: receive requestVote(PRE_VOTE, omNode-3, group-523986131536, 14, (t:14, i:324))
2025-04-23 15:46:49,385 [grpc-default-executor-7] INFO  server.RaftServer$Division (RaftServerImpl.java:requestVote(1407)) - omNode-2@group-523986131536: receive requestVote(PRE_VOTE, omNode-3, group-523986131536, 14, (t:14, i:324))
2025-04-23 15:46:49,386 [grpc-default-executor-7] INFO  impl.VoteContext (VoteContext.java:log(49)) - omNode-2@group-523986131536-FOLLOWER: accept PRE_VOTE from omNode-3: our priority 0 <= candidate's priority 0
2025-04-23 15:46:49,386 [grpc-default-executor-7] INFO  server.RaftServer$Division (RaftServerImpl.java:requestVote(1441)) - omNode-2@group-523986131536 replies to PRE_VOTE vote request: omNode-3<-omNode-2#0:OK-t14. Peer's state: omNode-2@group-523986131536:t14, leader=null, voted=omNode-2, raftlog=Memoized:omNode-2@group-523986131536-SegmentedRaftLog:OPENED:c324:last(t:14, i:324), conf=conf: {index: 313, cur=peers:[omNode-3|localhost:15017, omNode-1|localhost:15009, omNode-2|localhost:15013]|listeners:[], old=null}
2025-04-23 15:46:49,386 [grpc-default-executor-0] INFO  impl.VoteContext (VoteContext.java:log(49)) - omNode-1@group-523986131536-FOLLOWER: accept PRE_VOTE from omNode-3: our last entry (t:13, i:312) < candidate's last entry (t:14, i:324)
2025-04-23 15:46:49,386 [grpc-default-executor-0] INFO  server.RaftServer$Division (RaftServerImpl.java:requestVote(1441)) - omNode-1@group-523986131536 replies to PRE_VOTE vote request: omNode-3<-omNode-1#0:OK-t13. Peer's state: omNode-1@group-523986131536:t13, leader=null, voted=omNode-1, raftlog=Memoized:omNode-1@group-523986131536-SegmentedRaftLog:OPENED:c312:last(t:13, i:312), conf=conf: {index: 311, cur=peers:[omNode-3|localhost:15017, omNode-1|localhost:15009, omNode-2|localhost:15013]|listeners:[], old=null}
2025-04-23 15:46:49,387 [omNode-3@group-523986131536-LeaderElection31] INFO  impl.LeaderElection (LeaderElection.java:logAndReturn(90)) - omNode-3@group-523986131536-LeaderElection31: PRE_VOTE PASSED received 1 response(s) and 0 exception(s):
2025-04-23 15:46:49,387 [omNode-3@group-523986131536-LeaderElection31] INFO  impl.LeaderElection (LeaderElection.java:logAndReturn(94)) -   Response 0: omNode-3<-omNode-2#0:OK-t14
2025-04-23 15:46:49,387 [omNode-3@group-523986131536-LeaderElection31] INFO  impl.LeaderElection (LeaderElection.java:askForVotes(334)) - omNode-3@group-523986131536-LeaderElection31 PRE_VOTE round 0: result PASSED
2025-04-23 15:46:49,391 [omNode-3@group-523986131536-LeaderElection31] INFO  impl.LeaderElection (LeaderElection.java:askForVotes(332)) - omNode-3@group-523986131536-LeaderElection31 ELECTION round 0: submit vote requests at term 15 for conf: {index: 313, cur=peers:[omNode-3|localhost:15017, omNode-1|localhost:15009, omNode-2|localhost:15013]|listeners:[], old=null}
2025-04-23 15:46:49,392 [omNode-3@group-523986131536-LeaderElection31] INFO  server.RaftServerConfigKeys (ConfUtils.java:logFallback(53)) - raft.server.rpc.first-election.timeout.min = 1s (fallback to raft.server.rpc.timeout.min)
2025-04-23 15:46:49,392 [omNode-3@group-523986131536-LeaderElection31] INFO  server.RaftServerConfigKeys (ConfUtils.java:logFallback(53)) - raft.server.rpc.first-election.timeout.max = 1200ms (fallback to raft.server.rpc.timeout.max)
2025-04-23 15:46:49,393 [grpc-default-executor-7] INFO  server.RaftServer$Division (RaftServerImpl.java:requestVote(1407)) - omNode-1@group-523986131536: receive requestVote(ELECTION, omNode-3, group-523986131536, 15, (t:14, i:324))
2025-04-23 15:46:49,393 [grpc-default-executor-7] INFO  impl.VoteContext (VoteContext.java:log(49)) - omNode-1@group-523986131536-FOLLOWER: accept ELECTION from omNode-3: our last entry (t:13, i:312) < candidate's last entry (t:14, i:324)
2025-04-23 15:46:49,393 [grpc-default-executor-7] INFO  server.RaftServer$Division (RaftServerImpl.java:setRole(378)) - omNode-1@group-523986131536: changes role from  FOLLOWER to FOLLOWER at term 13 for candidate:omNode-3
2025-04-23 15:46:49,393 [grpc-default-executor-7] INFO  impl.RoleInfo (RoleInfo.java:shutdownFollowerState(121)) - omNode-1: shutdown omNode-1@group-523986131536-FollowerState
2025-04-23 15:46:49,393 [grpc-default-executor-7] INFO  impl.RoleInfo (RoleInfo.java:updateAndGet(148)) - omNode-1: start omNode-1@group-523986131536-FollowerState
2025-04-23 15:46:49,394 [grpc-default-executor-0] INFO  server.RaftServer$Division (RaftServerImpl.java:requestVote(1407)) - omNode-2@group-523986131536: receive requestVote(ELECTION, omNode-3, group-523986131536, 15, (t:14, i:324))
2025-04-23 15:46:49,394 [grpc-default-executor-0] INFO  impl.VoteContext (VoteContext.java:log(49)) - omNode-2@group-523986131536-FOLLOWER: accept ELECTION from omNode-3: our priority 0 <= candidate's priority 0
2025-04-23 15:46:49,394 [grpc-default-executor-0] INFO  server.RaftServer$Division (RaftServerImpl.java:setRole(378)) - omNode-2@group-523986131536: changes role from  FOLLOWER to FOLLOWER at term 14 for candidate:omNode-3
2025-04-23 15:46:49,394 [grpc-default-executor-0] INFO  impl.RoleInfo (RoleInfo.java:shutdownFollowerState(121)) - omNode-2: shutdown omNode-2@group-523986131536-FollowerState
2025-04-23 15:46:49,394 [grpc-default-executor-0] INFO  impl.RoleInfo (RoleInfo.java:updateAndGet(148)) - omNode-2: start omNode-2@group-523986131536-FollowerState
2025-04-23 15:46:49,394 [omNode-1@group-523986131536-FollowerState] INFO  impl.FollowerState (FollowerState.java:runImpl(170)) - omNode-1@group-523986131536-FollowerState was interrupted
2025-04-23 15:46:49,394 [omNode-2@group-523986131536-FollowerState] INFO  impl.FollowerState (FollowerState.java:runImpl(170)) - omNode-2@group-523986131536-FollowerState was interrupted
2025-04-23 15:46:49,395 [omNode-1@group-523986131536-FollowerState] INFO  server.RaftServerConfigKeys (ConfUtils.java:logFallback(53)) - raft.server.rpc.first-election.timeout.min = 1s (fallback to raft.server.rpc.timeout.min)
2025-04-23 15:46:49,395 [omNode-1@group-523986131536-FollowerState] INFO  server.RaftServerConfigKeys (ConfUtils.java:logFallback(53)) - raft.server.rpc.first-election.timeout.max = 1200ms (fallback to raft.server.rpc.timeout.max)
2025-04-23 15:46:49,395 [grpc-default-executor-0] INFO  server.RaftServer$Division (RaftServerImpl.java:setFirstElection(562)) - omNode-2@group-523986131536: set firstElectionSinceStartup to false for candidate:omNode-3
2025-04-23 15:46:49,395 [grpc-default-executor-7] INFO  server.RaftServer$Division (RaftServerImpl.java:setFirstElection(562)) - omNode-1@group-523986131536: set firstElectionSinceStartup to false for candidate:omNode-3
2025-04-23 15:46:49,397 [grpc-default-executor-7] INFO  server.RaftServer$Division (RaftServerImpl.java:requestVote(1441)) - omNode-1@group-523986131536 replies to ELECTION vote request: omNode-3<-omNode-1#0:OK-t15. Peer's state: omNode-1@group-523986131536:t15, leader=null, voted=omNode-3, raftlog=Memoized:omNode-1@group-523986131536-SegmentedRaftLog:OPENED:c312:last(t:13, i:312), conf=conf: {index: 311, cur=peers:[omNode-3|localhost:15017, omNode-1|localhost:15009, omNode-2|localhost:15013]|listeners:[], old=null}
2025-04-23 15:46:49,398 [grpc-default-executor-0] INFO  server.RaftServer$Division (RaftServerImpl.java:requestVote(1441)) - omNode-2@group-523986131536 replies to ELECTION vote request: omNode-3<-omNode-2#0:OK-t15. Peer's state: omNode-2@group-523986131536:t15, leader=null, voted=omNode-3, raftlog=Memoized:omNode-2@group-523986131536-SegmentedRaftLog:OPENED:c324:last(t:14, i:324), conf=conf: {index: 313, cur=peers:[omNode-3|localhost:15017, omNode-1|localhost:15009, omNode-2|localhost:15013]|listeners:[], old=null}
2025-04-23 15:46:49,400 [omNode-3@group-523986131536-LeaderElection31] INFO  impl.LeaderElection (LeaderElection.java:logAndReturn(90)) - omNode-3@group-523986131536-LeaderElection31: ELECTION PASSED received 1 response(s) and 0 exception(s):
2025-04-23 15:46:49,400 [omNode-3@group-523986131536-LeaderElection31] INFO  impl.LeaderElection (LeaderElection.java:logAndReturn(94)) -   Response 0: omNode-3<-omNode-1#0:OK-t15
2025-04-23 15:46:49,400 [omNode-3@group-523986131536-LeaderElection31] INFO  impl.LeaderElection (LeaderElection.java:askForVotes(334)) - omNode-3@group-523986131536-LeaderElection31 ELECTION round 0: result PASSED
2025-04-23 15:46:49,400 [omNode-3@group-523986131536-LeaderElection31] INFO  impl.RoleInfo (RoleInfo.java:shutdownLeaderElection(141)) - omNode-3: shutdown omNode-3@group-523986131536-LeaderElection31
2025-04-23 15:46:49,401 [omNode-3@group-523986131536-LeaderElection31] INFO  server.RaftServer$Division (RaftServerImpl.java:setRole(378)) - omNode-3@group-523986131536: changes role from CANDIDATE to LEADER at term 15 for changeToLeader
2025-04-23 15:46:49,401 [omNode-3@group-523986131536-LeaderElection31] INFO  server.RaftServerConfigKeys (ConfUtils.java:logGet(46)) - raft.server.staging.catchup.gap = 1000 (default)
2025-04-23 15:46:49,402 [omNode-3@group-523986131536-LeaderElection31] INFO  server.RaftServerConfigKeys (ConfUtils.java:logGet(46)) - raft.server.write.element-limit = 4096 (default)
2025-04-23 15:46:49,402 [omNode-3@group-523986131536-LeaderElection31] INFO  server.RaftServerConfigKeys (ConfUtils.java:logGet(46)) - raft.server.write.byte-limit = 64MB (=67108864) (default)
2025-04-23 15:46:49,402 [omNode-3@group-523986131536-LeaderElection31] INFO  server.RaftServerConfigKeys (ConfUtils.java:logGet(46)) - raft.server.watch.timeout = 10s (default)
2025-04-23 15:46:49,402 [omNode-3@group-523986131536-LeaderElection31] INFO  server.RaftServerConfigKeys (ConfUtils.java:logGet(46)) - raft.server.watch.timeout.denomination = 1s (default)
2025-04-23 15:46:49,402 [omNode-3@group-523986131536-LeaderElection31] INFO  server.RaftServerConfigKeys (ConfUtils.java:logGet(46)) - raft.server.watch.element-limit = 65536 (default)
2025-04-23 15:46:49,403 [omNode-3@group-523986131536-LeaderElection31] INFO  server.RaftServerConfigKeys (ConfUtils.java:logGet(46)) - raft.server.read.leader.lease.enabled = false (default)
2025-04-23 15:46:49,405 [omNode-3@group-523986131536-LeaderElection31] INFO  server.RaftServerConfigKeys (ConfUtils.java:logGet(46)) - raft.server.read.leader.lease.timeout.ratio = 0.9 (default)
2025-04-23 15:46:49,405 [omNode-3@group-523986131536-LeaderElection31] INFO  server.RaftServerConfigKeys (ConfUtils.java:logGet(46)) - raft.server.rpc.timeout.min = 1s (custom)
2025-04-23 15:46:49,405 [omNode-3@group-523986131536-LeaderElection31] INFO  server.RaftServerConfigKeys (ConfUtils.java:logGet(46)) - raft.server.log.log-metadata.enabled = true (default)
2025-04-23 15:46:49,405 [omNode-3@group-523986131536-LeaderElection31] INFO  server.RaftServerConfigKeys (ConfUtils.java:logGet(46)) - raft.server.write.element-limit = 4096 (default)
2025-04-23 15:46:49,405 [omNode-3@group-523986131536-LeaderElection31] INFO  server.RaftServerConfigKeys (ConfUtils.java:logGet(46)) - raft.server.write.follower.gap.ratio.max = -1.0 (default)
2025-04-23 15:46:49,406 [omNode-3@group-523986131536-LeaderElection31] INFO  server.RaftServerConfigKeys (ConfUtils.java:logGet(46)) - raft.server.log.appender.snapshot.chunk.size.max = 16MB (=16777216) (default)
2025-04-23 15:46:49,406 [omNode-3@group-523986131536-LeaderElection31] INFO  server.RaftServerConfigKeys (ConfUtils.java:logGet(46)) - raft.server.log.appender.buffer.byte-limit = 4194304 (custom)
2025-04-23 15:46:49,406 [omNode-3@group-523986131536-LeaderElection31] INFO  server.RaftServerConfigKeys (ConfUtils.java:logGet(46)) - raft.server.log.appender.buffer.element-limit = 1024 (custom)
2025-04-23 15:46:49,406 [omNode-3@group-523986131536-LeaderElection31] INFO  server.RaftServerConfigKeys (ConfUtils.java:logGet(46)) - raft.server.log.appender.wait-time.min = 0ms (custom)
2025-04-23 15:46:49,406 [omNode-3@group-523986131536-LeaderElection31] INFO  grpc.GrpcConfigKeys (ConfUtils.java:logGet(46)) - raft.grpc.server.leader.outstanding.appends.max = 8 (default)
2025-04-23 15:46:49,408 [omNode-3@group-523986131536-LeaderElection31] INFO  server.RaftServerConfigKeys (ConfUtils.java:logGet(46)) - raft.server.rpc.request.timeout = 3000ms (default)
2025-04-23 15:46:49,408 [omNode-3@group-523986131536-LeaderElection31] INFO  grpc.GrpcConfigKeys (ConfUtils.java:logGet(46)) - raft.grpc.server.install_snapshot.request.element-limit = 8 (default)
2025-04-23 15:46:49,409 [omNode-3@group-523986131536-LeaderElection31] INFO  grpc.GrpcConfigKeys (ConfUtils.java:logGet(46)) - raft.grpc.server.install_snapshot.request.timeout = 3000ms (default)
2025-04-23 15:46:49,409 [omNode-3@group-523986131536-LeaderElection31] INFO  grpc.GrpcConfigKeys (ConfUtils.java:logGet(46)) - raft.grpc.server.log-message.batch.duration = 5s (default)
2025-04-23 15:46:49,410 [omNode-3@group-523986131536-LeaderElection31] INFO  server.RaftServerConfigKeys (ConfUtils.java:logGet(46)) - raft.server.log.appender.install.snapshot.enabled = false (custom)
2025-04-23 15:46:49,410 [omNode-3@group-523986131536-LeaderElection31] INFO  grpc.GrpcConfigKeys (ConfUtils.java:logGet(46)) - raft.grpc.server.heartbeat.channel = true (default)
2025-04-23 15:46:49,410 [omNode-3@group-523986131536-LeaderElection31] INFO  server.RaftServerConfigKeys (ConfUtils.java:logGet(46)) - raft.server.log.appender.snapshot.chunk.size.max = 16MB (=16777216) (default)
2025-04-23 15:46:49,410 [omNode-3@group-523986131536-LeaderElection31] INFO  server.RaftServerConfigKeys (ConfUtils.java:logGet(46)) - raft.server.log.appender.buffer.byte-limit = 4194304 (custom)
2025-04-23 15:46:49,410 [omNode-3@group-523986131536-LeaderElection31] INFO  server.RaftServerConfigKeys (ConfUtils.java:logGet(46)) - raft.server.log.appender.buffer.element-limit = 1024 (custom)
2025-04-23 15:46:49,410 [omNode-3@group-523986131536-LeaderElection31] INFO  server.RaftServerConfigKeys (ConfUtils.java:logGet(46)) - raft.server.log.appender.wait-time.min = 0ms (custom)
2025-04-23 15:46:49,410 [omNode-3@group-523986131536-LeaderElection31] INFO  grpc.GrpcConfigKeys (ConfUtils.java:logGet(46)) - raft.grpc.server.leader.outstanding.appends.max = 8 (default)
2025-04-23 15:46:49,413 [omNode-3@group-523986131536-LeaderElection31] INFO  server.RaftServerConfigKeys (ConfUtils.java:logGet(46)) - raft.server.rpc.request.timeout = 3000ms (default)
2025-04-23 15:46:49,413 [omNode-3@group-523986131536-LeaderElection31] INFO  grpc.GrpcConfigKeys (ConfUtils.java:logGet(46)) - raft.grpc.server.install_snapshot.request.element-limit = 8 (default)
2025-04-23 15:46:49,413 [omNode-3@group-523986131536-LeaderElection31] INFO  grpc.GrpcConfigKeys (ConfUtils.java:logGet(46)) - raft.grpc.server.install_snapshot.request.timeout = 3000ms (default)
2025-04-23 15:46:49,413 [omNode-3@group-523986131536-LeaderElection31] INFO  grpc.GrpcConfigKeys (ConfUtils.java:logGet(46)) - raft.grpc.server.log-message.batch.duration = 5s (default)
2025-04-23 15:46:49,413 [omNode-3@group-523986131536-LeaderElection31] INFO  server.RaftServerConfigKeys (ConfUtils.java:logGet(46)) - raft.server.log.appender.install.snapshot.enabled = false (custom)
2025-04-23 15:46:49,413 [omNode-3@group-523986131536-LeaderElection31] INFO  grpc.GrpcConfigKeys (ConfUtils.java:logGet(46)) - raft.grpc.server.heartbeat.channel = true (default)
2025-04-23 15:46:49,413 [omNode-3@group-523986131536-LeaderElection31] INFO  impl.RoleInfo (RoleInfo.java:updateAndGet(148)) - omNode-3: start omNode-3@group-523986131536-LeaderStateImpl
2025-04-23 15:46:49,413 [omNode-3@group-523986131536-LeaderElection31] INFO  server.RaftServer$Division (RaftServerImpl.java:setFirstElection(562)) - omNode-3@group-523986131536: set firstElectionSinceStartup to false for becomeLeader
2025-04-23 15:46:49,413 [omNode-3@group-523986131536-LeaderElection31] INFO  ratis.OzoneManagerStateMachine (OzoneManagerStateMachine.java:notifyLeaderChanged(169)) - omNode-3@group-523986131536: leader changed to omNode-3
2025-04-23 15:46:49,413 [omNode-3@group-523986131536-LeaderElection31] INFO  server.RaftServer$Division (ServerState.java:setLeader(272)) - omNode-3@group-523986131536: change Leader from null to omNode-3 at term 15 for becomeLeader, leader elected after 1136ms
2025-04-23 15:46:49,414 [omNode-3@group-523986131536-LeaderElection31] INFO  segmented.SegmentedRaftLogWorker (SegmentedRaftLogWorker.java:rollLogSegment(443)) - omNode-3@group-523986131536-SegmentedRaftLogWorker: Rolling segment log-313_324 to index:324
2025-04-23 15:46:49,415 [omNode-3@group-523986131536-SegmentedRaftLogWorker] INFO  segmented.SegmentedRaftLogWorker (SegmentedRaftLogWorker.java:execute(601)) - omNode-3@group-523986131536-SegmentedRaftLogWorker: Rolled log segment from /home/runner/work/ozone/ozone/hadoop-ozone/integration-test/target/test-dir/MiniOzoneClusterImpl-5cf50c17-c591-473f-a8c4-88d8665d28d7/omNode-3/ratis/c9bc4cf4-3bc3-3c60-a66b-523986131536/current/log_inprogress_313 to /home/runner/work/ozone/ozone/hadoop-ozone/integration-test/target/test-dir/MiniOzoneClusterImpl-5cf50c17-c591-473f-a8c4-88d8665d28d7/omNode-3/ratis/c9bc4cf4-3bc3-3c60-a66b-523986131536/current/log_313-324
2025-04-23 15:46:49,415 [omNode-3@group-523986131536-SegmentedRaftLogWorker] INFO  segmented.BufferedWriteChannel (BufferedWriteChannel.java:open(61)) - open log_inprogress_325 at position 0
2025-04-23 15:46:49,416 [omNode-3@group-523986131536-LeaderElection31] INFO  server.RaftServer$Division (ServerState.java:setRaftConf(386)) - omNode-3@group-523986131536: set configuration conf: {index: 325, cur=peers:[omNode-3|localhost:15017, omNode-1|localhost:15009, omNode-2|localhost:15013]|listeners:[], old=null}
2025-04-23 15:46:49,431 [omNode-2-server-thread1] INFO  ratis.OzoneManagerStateMachine (OzoneManagerStateMachine.java:notifyLeaderChanged(169)) - omNode-2@group-523986131536: leader changed to omNode-3
2025-04-23 15:46:49,431 [omNode-2-server-thread1] INFO  server.RaftServer$Division (ServerState.java:setLeader(272)) - omNode-2@group-523986131536: change Leader from null to omNode-3 at term 15 for appendEntries, leader elected after 128ms
2025-04-23 15:46:49,431 [omNode-2-server-thread1] INFO  server.RaftServer$Division (ServerState.java:setRaftConf(386)) - omNode-2@group-523986131536: set configuration conf: {index: 325, cur=peers:[omNode-3|localhost:15017, omNode-1|localhost:15009, omNode-2|localhost:15013]|listeners:[], old=null}
2025-04-23 15:46:49,432 [omNode-2-server-thread1] INFO  segmented.SegmentedRaftLogWorker (SegmentedRaftLogWorker.java:rollLogSegment(443)) - omNode-2@group-523986131536-SegmentedRaftLogWorker: Rolling segment log-313_324 to index:324
2025-04-23 15:46:49,432 [omNode-2@group-523986131536-SegmentedRaftLogWorker] INFO  segmented.SegmentedRaftLogWorker (SegmentedRaftLogWorker.java:execute(601)) - omNode-2@group-523986131536-SegmentedRaftLogWorker: Rolled log segment from /home/runner/work/ozone/ozone/hadoop-ozone/integration-test/target/test-dir/MiniOzoneClusterImpl-5cf50c17-c591-473f-a8c4-88d8665d28d7/omNode-2/ratis/c9bc4cf4-3bc3-3c60-a66b-523986131536/current/log_inprogress_313 to /home/runner/work/ozone/ozone/hadoop-ozone/integration-test/target/test-dir/MiniOzoneClusterImpl-5cf50c17-c591-473f-a8c4-88d8665d28d7/omNode-2/ratis/c9bc4cf4-3bc3-3c60-a66b-523986131536/current/log_313-324
2025-04-23 15:46:49,432 [omNode-1-server-thread1] INFO  ratis.OzoneManagerStateMachine (OzoneManagerStateMachine.java:notifyLeaderChanged(169)) - omNode-1@group-523986131536: leader changed to omNode-3
2025-04-23 15:46:49,432 [omNode-1-server-thread1] INFO  server.RaftServer$Division (ServerState.java:setLeader(272)) - omNode-1@group-523986131536: change Leader from null to omNode-3 at term 15 for appendEntries, leader elected after 596ms
2025-04-23 15:46:49,432 [omNode-1-server-thread1] INFO  server.RaftServer$Division (RaftServerImpl.java:checkInconsistentAppendEntries(1648)) - omNode-1@group-523986131536: Failed appendEntries as previous log entry ((t:14, i:324)) is not found
2025-04-23 15:46:49,432 [omNode-1-server-thread1] INFO  server.RaftServer$Division (RaftServerImpl.java:appendEntriesAsync(1580)) - omNode-1@group-523986131536: appendEntries* reply omNode-3<-omNode-1#0:FAIL-t15,INCONSISTENCY,nextIndex=313,followerCommit=312,matchIndex=-1
2025-04-23 15:46:49,433 [omNode-1-server-thread2] INFO  server.RaftServer$Division (RaftServerImpl.java:checkInconsistentAppendEntries(1648)) - omNode-1@group-523986131536: Failed appendEntries as previous log entry ((t:14, i:324)) is not found
2025-04-23 15:46:49,433 [omNode-1-server-thread2] INFO  server.RaftServer$Division (RaftServerImpl.java:appendEntriesAsync(1580)) - omNode-1@group-523986131536: appendEntries* reply omNode-3<-omNode-1#1:FAIL-t15,INCONSISTENCY,nextIndex=313,followerCommit=312,matchIndex=-1
2025-04-23 15:46:49,434 [omNode-2@group-523986131536-SegmentedRaftLogWorker] INFO  segmented.BufferedWriteChannel (BufferedWriteChannel.java:open(61)) - open log_inprogress_325 at position 0
2025-04-23 15:46:49,435 [grpc-default-executor-6] WARN  server.GrpcLogAppender (GrpcLogAppender.java:onNextImpl(519)) - omNode-3@group-523986131536->omNode-1-AppendLogResponseHandler: received INCONSISTENCY reply with nextIndex 313, errorCount=1, request=AppendEntriesRequest:cid=0,entriesCount=0
2025-04-23 15:46:49,435 [grpc-default-executor-6] INFO  leader.FollowerInfo (FollowerInfoImpl.java:info(70)) - omNode-3@group-523986131536->omNode-1: setNextIndex nextIndex: updateUnconditionally 326 -> 313
2025-04-23 15:46:49,438 [grpc-default-executor-0] WARN  server.GrpcLogAppender (GrpcLogAppender.java:onNextImpl(519)) - omNode-3@group-523986131536->omNode-1-AppendLogResponseHandler: received INCONSISTENCY reply with nextIndex 313, errorCount=2, request=null
2025-04-23 15:46:49,438 [omNode-3@group-523986131536->omNode-1-GrpcLogAppender-LogAppenderDaemon] WARN  leader.LogAppenderDaemon (LogAppenderDaemon.java:run(89)) - omNode-3@group-523986131536->omNode-1-GrpcLogAppender-LogAppenderDaemon failed
java.lang.NullPointerException: omNode-3@group-523986131536->omNode-1: Previous TermIndex not found for firstIndex = 313
	at java.base/java.util.Objects.requireNonNull(Objects.java:360)
	at org.apache.ratis.server.leader.LogAppenderBase.assertProtos(LogAppenderBase.java:267)
	at org.apache.ratis.server.leader.LogAppenderBase.newAppendEntriesRequest(LogAppenderBase.java:252)
	at org.apache.ratis.grpc.server.GrpcLogAppender.appendLog(GrpcLogAppender.java:387)
	at org.apache.ratis.grpc.server.GrpcLogAppender.run(GrpcLogAppender.java:262)
	at org.apache.ratis.server.leader.LogAppenderDaemon.run(LogAppenderDaemon.java:80)
	at java.base/java.lang.Thread.run(Thread.java:1583)
2025-04-23 15:46:49,438 [omNode-3@group-523986131536->omNode-1-GrpcLogAppender-LogAppenderDaemon] INFO  server.RaftServer$Division (LeaderStateImpl.java:restart(682)) - omNode-3@group-523986131536-LeaderStateImpl: Restarting GrpcLogAppender for omNode-3@group-523986131536->omNode-1
2025-04-23 15:46:49,439 [omNode-3@group-523986131536->omNode-1-GrpcLogAppender-LogAppenderDaemon] INFO  server.RaftServerConfigKeys (ConfUtils.java:logGet(46)) - raft.server.log.appender.snapshot.chunk.size.max = 16MB (=16777216) (default)
2025-04-23 15:46:49,439 [omNode-3@group-523986131536->omNode-1-GrpcLogAppender-LogAppenderDaemon] INFO  server.RaftServerConfigKeys (ConfUtils.java:logGet(46)) - raft.server.log.appender.buffer.byte-limit = 4194304 (custom)
2025-04-23 15:46:49,439 [omNode-3@group-523986131536->omNode-1-GrpcLogAppender-LogAppenderDaemon] INFO  server.RaftServerConfigKeys (ConfUtils.java:logGet(46)) - raft.server.log.appender.buffer.element-limit = 1024 (custom)
2025-04-23 15:46:49,439 [omNode-3@group-523986131536->omNode-1-GrpcLogAppender-LogAppenderDaemon] INFO  server.RaftServerConfigKeys (ConfUtils.java:logGet(46)) - raft.server.log.appender.wait-time.min = 0ms (custom)
2025-04-23 15:46:49,439 [omNode-3@group-523986131536->omNode-1-GrpcLogAppender-LogAppenderDaemon] INFO  grpc.GrpcConfigKeys (ConfUtils.java:logGet(46)) - raft.grpc.server.leader.outstanding.appends.max = 8 (default)
2025-04-23 15:46:49,439 [omNode-3@group-523986131536->omNode-1-GrpcLogAppender-LogAppenderDaemon] INFO  server.RaftServerConfigKeys (ConfUtils.java:logGet(46)) - raft.server.rpc.request.timeout = 3000ms (default)
2025-04-23 15:46:49,439 [omNode-3@group-523986131536->omNode-1-GrpcLogAppender-LogAppenderDaemon] INFO  grpc.GrpcConfigKeys (ConfUtils.java:logGet(46)) - raft.grpc.server.install_snapshot.request.element-limit = 8 (default)
2025-04-23 15:46:49,439 [omNode-3@group-523986131536->omNode-1-GrpcLogAppender-LogAppenderDaemon] INFO  grpc.GrpcConfigKeys (ConfUtils.java:logGet(46)) - raft.grpc.server.install_snapshot.request.timeout = 3000ms (default)
2025-04-23 15:46:49,439 [omNode-3@group-523986131536->omNode-1-GrpcLogAppender-LogAppenderDaemon] INFO  grpc.GrpcConfigKeys (ConfUtils.java:logGet(46)) - raft.grpc.server.log-message.batch.duration = 5s (default)
2025-04-23 15:46:49,439 [omNode-3@group-523986131536->omNode-1-GrpcLogAppender-LogAppenderDaemon] INFO  server.RaftServerConfigKeys (ConfUtils.java:logGet(46)) - raft.server.log.appender.install.snapshot.enabled = false (custom)
2025-04-23 15:46:49,439 [omNode-3@group-523986131536->omNode-1-GrpcLogAppender-LogAppenderDaemon] INFO  grpc.GrpcConfigKeys (ConfUtils.java:logGet(46)) - raft.grpc.server.heartbeat.channel = true (default)
2025-04-23 15:46:49,440 [omNode-3@group-523986131536-SegmentedRaftLogWorker] INFO  segmented.SegmentedRaftLogWorker (SegmentedRaftLogWorker.java:execute(644)) - omNode-3@group-523986131536-SegmentedRaftLogWorker: created new log segment /home/runner/work/ozone/ozone/hadoop-ozone/integration-test/target/test-dir/MiniOzoneClusterImpl-5cf50c17-c591-473f-a8c4-88d8665d28d7/omNode-3/ratis/c9bc4cf4-3bc3-3c60-a66b-523986131536/current/log_inprogress_325
2025-04-23 15:46:49,441 [omNode-3@group-523986131536->omNode-1-GrpcLogAppender-LogAppenderDaemon] INFO  server.GrpcLogAppender (GrpcLogAppender.java:notifyInstallSnapshot(791)) - omNode-3@group-523986131536->omNode-1-GrpcLogAppender: notifyInstallSnapshot with firstAvailable=(t:14, i:313), followerNextIndex=0
2025-04-23 15:46:49,441 [omNode-3@group-523986131536->omNode-1-GrpcLogAppender-LogAppenderDaemon] INFO  server.GrpcLogAppender (GrpcLogAppender.java:notifyInstallSnapshot(799)) - omNode-3@group-523986131536->omNode-1-GrpcLogAppender: send omNode-3->omNode-1#0-t15,notify:(t:14, i:313)
2025-04-23 15:46:49,442 [grpc-default-executor-1] INFO  impl.SnapshotInstallationHandler (SnapshotInstallationHandler.java:installSnapshot(97)) - omNode-1@group-523986131536: receive installSnapshot: omNode-3->omNode-1#0-t15,notify:(t:14, i:313)
2025-04-23 15:46:49,442 [grpc-default-executor-1] INFO  impl.SnapshotInstallationHandler (SnapshotInstallationHandler.java:notifyStateMachineToInstallSnapshot(258)) - omNode-1@group-523986131536: Received notification to install snapshot at index 313
2025-04-23 15:46:49,443 [grpc-default-executor-1] INFO  impl.SnapshotInstallationHandler (SnapshotInstallationHandler.java:notifyStateMachineToInstallSnapshot(268)) - omNode-1@group-523986131536: InstallSnapshot notification result: ALREADY_INSTALLED, current snapshot index: 312
2025-04-23 15:46:49,443 [grpc-default-executor-1] INFO  impl.SnapshotInstallationHandler (SnapshotInstallationHandler.java:installSnapshotImpl(143)) - omNode-1@group-523986131536: set new configuration index: 325
configurationEntry {
  peers {
    id: "omNode-3"
    address: "localhost:15017"
    startupRole: FOLLOWER
  }
  peers {
    id: "omNode-1"
    address: "localhost:15009"
    startupRole: FOLLOWER
  }
  peers {
    id: "omNode-2"
    address: "localhost:15013"
    startupRole: FOLLOWER
  }
}
 from snapshot
2025-04-23 15:46:49,443 [grpc-default-executor-1] INFO  server.RaftServer$Division (ServerState.java:setRaftConf(386)) - omNode-1@group-523986131536: set configuration conf: {index: 325, cur=peers:[omNode-3|localhost:15017, omNode-1|localhost:15009, omNode-2|localhost:15013]|listeners:[], old=null}
2025-04-23 15:46:49,448 [omNode-2@group-523986131536-SegmentedRaftLogWorker] INFO  segmented.SegmentedRaftLogWorker (SegmentedRaftLogWorker.java:execute(644)) - omNode-2@group-523986131536-SegmentedRaftLogWorker: created new log segment /home/runner/work/ozone/ozone/hadoop-ozone/integration-test/target/test-dir/MiniOzoneClusterImpl-5cf50c17-c591-473f-a8c4-88d8665d28d7/omNode-2/ratis/c9bc4cf4-3bc3-3c60-a66b-523986131536/current/log_inprogress_325
2025-04-23 15:46:49,449 [grpc-default-executor-1] INFO  ratis.OzoneManagerStateMachine (OzoneManagerStateMachine.java:notifyConfigurationChanged(231)) - notifyConfigurationChanged from Ratis: term=0, index=325, New Peer list: omNode-3(localhost:15017), omNode-1(localhost:15009), omNode-2(localhost:15013)
2025-04-23 15:46:49,449 [grpc-default-executor-1] INFO  impl.SnapshotInstallationHandler (SnapshotInstallationHandler.java:installSnapshot(108)) - omNode-1@group-523986131536: reply installSnapshot: omNode-3<-omNode-1#0:OK-t15,ALREADY_INSTALLED,snapshotIndex=312
2025-04-23 15:46:49,452 [grpc-default-executor-1] INFO  server.GrpcServerProtocolService (GrpcServerProtocolService.java:onCompleted(157)) - omNode-1: Completed INSTALL_SNAPSHOT, lastRequest: omNode-3->omNode-1#0-t15,notify:(t:14, i:313)
2025-04-23 15:46:49,452 [grpc-default-executor-1] INFO  server.GrpcServerProtocolService (GrpcServerProtocolService.java:lambda$onCompleted$5(159)) - omNode-1: Completed INSTALL_SNAPSHOT, lastReply: null
2025-04-23 15:46:49,456 [grpc-default-executor-0] INFO  server.GrpcLogAppender (GrpcLogAppender.java:onNext(655)) - omNode-3@group-523986131536->omNode-1-InstallSnapshotResponseHandler: received the first reply omNode-3<-omNode-1#0:OK-t15,ALREADY_INSTALLED,snapshotIndex=312
2025-04-23 15:46:49,456 [grpc-default-executor-0] INFO  server.GrpcLogAppender (GrpcLogAppender.java:onNext(676)) - omNode-3@group-523986131536->omNode-1-InstallSnapshotResponseHandler: Follower snapshot is already at index 312.
2025-04-23 15:46:49,456 [grpc-default-executor-0] INFO  leader.FollowerInfo (FollowerInfoImpl.java:info(64)) - omNode-3@group-523986131536->omNode-1: snapshotIndex: setUnconditionally 0 -> 312
2025-04-23 15:46:49,456 [grpc-default-executor-0] INFO  leader.FollowerInfo (FollowerInfoImpl.java:info(64)) - omNode-3@group-523986131536->omNode-1: matchIndex: setUnconditionally -1 -> 312
2025-04-23 15:46:49,456 [grpc-default-executor-0] INFO  leader.FollowerInfo (FollowerInfoImpl.java:info(64)) - omNode-3@group-523986131536->omNode-1: nextIndex: setUnconditionally 0 -> 313
2025-04-23 15:46:49,456 [grpc-default-executor-0] INFO  leader.FollowerInfo (FollowerInfoImpl.java:setAttemptedToInstallSnapshot(154)) - Follower omNode-3@group-523986131536->omNode-1 acknowledged installing snapshot
2025-04-23 15:46:49,457 [grpc-default-executor-0] INFO  server.GrpcLogAppender (GrpcLogAppender.java:increaseNextIndex(457)) - omNode-3@group-523986131536->omNode-1-GrpcLogAppender: updateNextIndex 313 for ALREADY_INSTALLED
2025-04-23 15:46:49,459 [omNode-3@group-523986131536-StateMachineUpdater] INFO  ratis.OzoneManagerStateMachine (OzoneManagerStateMachine.java:notifyConfigurationChanged(231)) - notifyConfigurationChanged from Ratis: term=15, index=325, New Peer list: omNode-3(localhost:15017), omNode-1(localhost:15009), omNode-2(localhost:15013)
2025-04-23 15:46:49,459 [omNode-3@group-523986131536-StateMachineUpdater] INFO  server.RaftServer$Division (LeaderStateImpl.java:checkStartIndex(313)) - Leader omNode-3@group-523986131536-LeaderStateImpl is ready since appliedIndex == startIndex == 325
2025-04-23 15:46:49,461 [omNode-1-server-thread2] INFO  server.RaftServer$Division (ServerState.java:setRaftConf(386)) - omNode-1@group-523986131536: set configuration conf: {index: 313, cur=peers:[omNode-3|localhost:15017, omNode-1|localhost:15009, omNode-2|localhost:15013]|listeners:[], old=null}
2025-04-23 15:46:49,461 [omNode-1-server-thread2] INFO  server.RaftServer$Division (ServerState.java:setRaftConf(386)) - omNode-1@group-523986131536: set configuration conf: {index: 325, cur=peers:[omNode-3|localhost:15017, omNode-1|localhost:15009, omNode-2|localhost:15013]|listeners:[], old=null}
2025-04-23 15:46:49,462 [omNode-2@group-523986131536-StateMachineUpdater] INFO  ratis.OzoneManagerStateMachine (OzoneManagerStateMachine.java:notifyConfigurationChanged(231)) - notifyConfigurationChanged from Ratis: term=15, index=325, New Peer list: omNode-3(localhost:15017), omNode-1(localhost:15009), omNode-2(localhost:15013)
2025-04-23 15:46:49,462 [omNode-1-server-thread2] INFO  segmented.SegmentedRaftLogWorker (SegmentedRaftLogWorker.java:rollLogSegment(443)) - omNode-1@group-523986131536-SegmentedRaftLogWorker: Rolling segment log-311_312 to index:312
2025-04-23 15:46:49,463 [omNode-1-server-thread2] INFO  segmented.SegmentedRaftLogWorker (SegmentedRaftLogWorker.java:rollLogSegment(443)) - omNode-1@group-523986131536-SegmentedRaftLogWorker: Rolling segment log-313_324 to index:324
2025-04-23 15:46:49,465 [omNode-1@group-523986131536-SegmentedRaftLogWorker] INFO  segmented.SegmentedRaftLogWorker (SegmentedRaftLogWorker.java:execute(601)) - omNode-1@group-523986131536-SegmentedRaftLogWorker: Rolled log segment from /home/runner/work/ozone/ozone/hadoop-ozone/integration-test/target/test-dir/MiniOzoneClusterImpl-5cf50c17-c591-473f-a8c4-88d8665d28d7/omNode-1/ratis/c9bc4cf4-3bc3-3c60-a66b-523986131536/current/log_inprogress_311 to /home/runner/work/ozone/ozone/hadoop-ozone/integration-test/target/test-dir/MiniOzoneClusterImpl-5cf50c17-c591-473f-a8c4-88d8665d28d7/omNode-1/ratis/c9bc4cf4-3bc3-3c60-a66b-523986131536/current/log_311-312
2025-04-23 15:46:49,465 [omNode-1@group-523986131536-SegmentedRaftLogWorker] INFO  segmented.BufferedWriteChannel (BufferedWriteChannel.java:open(61)) - open log_inprogress_313 at position 0
2025-04-23 15:46:49,478 [omNode-1@group-523986131536-SegmentedRaftLogWorker] INFO  segmented.SegmentedRaftLogWorker (SegmentedRaftLogWorker.java:execute(644)) - omNode-1@group-523986131536-SegmentedRaftLogWorker: created new log segment /home/runner/work/ozone/ozone/hadoop-ozone/integration-test/target/test-dir/MiniOzoneClusterImpl-5cf50c17-c591-473f-a8c4-88d8665d28d7/omNode-1/ratis/c9bc4cf4-3bc3-3c60-a66b-523986131536/current/log_inprogress_313
2025-04-23 15:46:49,481 [omNode-1@group-523986131536-SegmentedRaftLogWorker] INFO  segmented.SegmentedRaftLogWorker (SegmentedRaftLogWorker.java:execute(601)) - omNode-1@group-523986131536-SegmentedRaftLogWorker: Rolled log segment from /home/runner/work/ozone/ozone/hadoop-ozone/integration-test/target/test-dir/MiniOzoneClusterImpl-5cf50c17-c591-473f-a8c4-88d8665d28d7/omNode-1/ratis/c9bc4cf4-3bc3-3c60-a66b-523986131536/current/log_inprogress_313 to /home/runner/work/ozone/ozone/hadoop-ozone/integration-test/target/test-dir/MiniOzoneClusterImpl-5cf50c17-c591-473f-a8c4-88d8665d28d7/omNode-1/ratis/c9bc4cf4-3bc3-3c60-a66b-523986131536/current/log_313-324
2025-04-23 15:46:49,481 [omNode-1@group-523986131536-SegmentedRaftLogWorker] INFO  segmented.BufferedWriteChannel (BufferedWriteChannel.java:open(61)) - open log_inprogress_325 at position 0
2025-04-23 15:46:49,497 [omNode-1@group-523986131536-SegmentedRaftLogWorker] INFO  segmented.SegmentedRaftLogWorker (SegmentedRaftLogWorker.java:execute(644)) - omNode-1@group-523986131536-SegmentedRaftLogWorker: created new log segment /home/runner/work/ozone/ozone/hadoop-ozone/integration-test/target/test-dir/MiniOzoneClusterImpl-5cf50c17-c591-473f-a8c4-88d8665d28d7/omNode-1/ratis/c9bc4cf4-3bc3-3c60-a66b-523986131536/current/log_inprogress_325
2025-04-23 15:46:49,692 [main] INFO  reflections.Reflections (Reflections.java:scan(219)) - Reflections took 380 ms to scan 22 urls, producing 61 keys and 7422 values
2025-04-23 15:46:49,693 [main] INFO  ipc.CallQueueManager (CallQueueManager.java:<init>(93)) - Using callQueue: class java.util.concurrent.LinkedBlockingQueue, queueCapacity: 2000, scheduler: class org.apache.hadoop.ipc.DefaultRpcScheduler, ipcBackoff: false, ipcFailOver: false.
2025-04-23 15:46:49,693 [main] INFO  ipc.Server (Server.java:<init>(1438)) - Listener at localhost:15010
2025-04-23 15:46:49,693 [Socket Reader #1 for port 15010] INFO  ipc.Server (Server.java:run(1474)) - Starting Socket Reader #1 for port 15010
2025-04-23 15:46:49,693 [Socket Reader #2 for port 15010] INFO  ipc.Server (Server.java:run(1474)) - Starting Socket Reader #2 for port 15010
2025-04-23 15:46:49,694 [Socket Reader #3 for port 15010] INFO  ipc.Server (Server.java:run(1474)) - Starting Socket Reader #3 for port 15010
2025-04-23 15:46:49,694 [Socket Reader #4 for port 15010] INFO  ipc.Server (Server.java:run(1474)) - Starting Socket Reader #4 for port 15010
2025-04-23 15:46:49,694 [Socket Reader #5 for port 15010] INFO  ipc.Server (Server.java:run(1474)) - Starting Socket Reader #5 for port 15010
2025-04-23 15:46:49,694 [Socket Reader #6 for port 15010] INFO  ipc.Server (Server.java:run(1474)) - Starting Socket Reader #6 for port 15010
2025-04-23 15:46:49,694 [Socket Reader #7 for port 15010] INFO  ipc.Server (Server.java:run(1474)) - Starting Socket Reader #7 for port 15010
2025-04-23 15:46:49,694 [Socket Reader #8 for port 15010] INFO  ipc.Server (Server.java:run(1474)) - Starting Socket Reader #8 for port 15010
2025-04-23 15:46:49,694 [Socket Reader #9 for port 15010] INFO  ipc.Server (Server.java:run(1474)) - Starting Socket Reader #9 for port 15010
2025-04-23 15:46:49,694 [Socket Reader #10 for port 15010] INFO  ipc.Server (Server.java:run(1474)) - Starting Socket Reader #10 for port 15010
2025-04-23 15:46:49,696 [main] INFO  http.BaseHttpServer (BaseHttpServer.java:newHttpServer2BuilderForOzone(229)) - Starting Web-server for ozoneManager at: http://0.0.0.0:15011
2025-04-23 15:46:49,696 [main] INFO  http.BaseHttpServer (BaseHttpServer.java:<init>(107)) - Hadoop Security Enabled: false Ozone Security Enabled: false Ozone HTTP Security Enabled: false 
2025-04-23 15:46:49,697 [main] WARN  server.AuthenticationFilter (AuthenticationFilter.java:constructSecretProvider(240)) - Unable to initialize FileSignerSecretProvider, falling back to use random secrets. Reason: Could not read signature secret file: /home/runner/hadoop-http-auth-signature-secret
2025-04-23 15:46:49,698 [main] INFO  http.HttpServer2 (HttpServer2.java:addGlobalFilter(1041)) - Added global filter 'safety' (class=org.apache.hadoop.hdds.server.http.HttpServer2$QuotingInputFilter)
2025-04-23 15:46:49,699 [main] INFO  http.HttpServer2 (HttpServer2.java:addFilter(1017)) - Added filter static_user_filter (class=org.apache.hadoop.http.lib.StaticUserWebFilter$StaticUserFilter) to context ozoneManager
2025-04-23 15:46:49,699 [main] INFO  http.HttpServer2 (HttpServer2.java:addFilter(1025)) - Added filter static_user_filter (class=org.apache.hadoop.http.lib.StaticUserWebFilter$StaticUserFilter) to context static
2025-04-23 15:46:49,699 [main] INFO  http.HttpServer2 (HttpServer2.java:addFilter(1025)) - Added filter static_user_filter (class=org.apache.hadoop.http.lib.StaticUserWebFilter$StaticUserFilter) to context logs
2025-04-23 15:46:49,699 [main] INFO  http.BaseHttpServer (BaseHttpServer.java:<init>(195)) - HTTP server of ozoneManager uses base directory /home/runner/work/ozone/ozone/hadoop-ozone/integration-test/target/test-dir/MiniOzoneClusterImpl-5cf50c17-c591-473f-a8c4-88d8665d28d7/omNode-2/webserver
2025-04-23 15:46:49,700 [main] INFO  http.HttpServer2 (HttpServer2.java:bindListener(1241)) - Jetty bound to port 15011
2025-04-23 15:46:49,700 [main] INFO  server.Server (Server.java:doStart(375)) - jetty-9.4.57.v20241219; built: 2025-01-08T21:24:30.412Z; git: df524e6b29271c2e09ba9aea83c18dc9db464a31; jvm 21.0.7+6-LTS
2025-04-23 15:46:49,701 [main] INFO  server.session (DefaultSessionIdManager.java:doStart(334)) - DefaultSessionIdManager workerName=node0
2025-04-23 15:46:49,701 [main] INFO  server.session (DefaultSessionIdManager.java:doStart(339)) - No SessionScavenger set, using defaults
2025-04-23 15:46:49,701 [main] INFO  server.session (HouseKeeper.java:startScavenging(132)) - node0 Scavenging every 600000ms
2025-04-23 15:46:49,701 [main] INFO  handler.ContextHandler (ContextHandler.java:doStart(921)) - Started o.e.j.s.ServletContextHandler@26a4ff1c{logs,/logs,file:///home/runner/work/ozone/ozone/hadoop-ozone/integration-test/target/log,AVAILABLE}
2025-04-23 15:46:49,702 [main] INFO  handler.ContextHandler (ContextHandler.java:doStart(921)) - Started o.e.j.s.ServletContextHandler@60a7dc34{static,/static,file:///home/runner/work/ozone/ozone/hadoop-ozone/integration-test/target/test-classes/webapps/static,AVAILABLE}
2025-04-23 15:46:49,705 [main] INFO  handler.ContextHandler (ContextHandler.java:doStart(921)) - Started o.e.j.w.WebAppContext@1bdc975{ozoneManager,/,file:///home/runner/work/ozone/ozone/hadoop-ozone/integration-test/target/test-classes/webapps/ozoneManager/,AVAILABLE}{file:/home/runner/work/ozone/ozone/hadoop-ozone/integration-test/target/test-classes/webapps/ozoneManager}
2025-04-23 15:46:49,706 [main] INFO  server.AbstractConnector (AbstractConnector.java:doStart(333)) - Started ServerConnector@49ecf9a1{HTTP/1.1, (http/1.1)}{0.0.0.0:15011}
2025-04-23 15:46:49,706 [main] INFO  server.Server (Server.java:doStart(415)) - Started @144687ms
2025-04-23 15:46:49,706 [main] WARN  impl.MetricsSystemImpl (MetricsSystemImpl.java:register(279)) - Sink prometheus already exists!
2025-04-23 15:46:49,706 [main] INFO  http.BaseHttpServer (BaseHttpServer.java:updateConnectorAddress(360)) - HTTP server of ozoneManager listening at http://0.0.0.0:15011
2025-04-23 15:46:49,706 [IPC Server Responder] INFO  ipc.Server (Server.java:run(1713)) - IPC Server Responder: starting
2025-04-23 15:46:49,707 [IPC Server listener on 15010] INFO  ipc.Server (Server.java:run(1553)) - IPC Server listener on 15010: starting
2025-04-23 15:46:49,709 [main] INFO  om.OzoneManager (OzoneManager.java:startTrashEmptier(2257)) - Trash Interval set to 0. Files deleted won't move to trash
]]></system-out>
  </testcase>
  <testcase name="testRetryCacheWithDownedOM" classname="org.apache.hadoop.ozone.om.TestOzoneManagerHAWithStoppedNodes" time="11.504">
    <system-out><![CDATA[2025-04-23 15:46:49,711 [main] INFO  rpc.RpcClient (RpcClient.java:createVolume(462)) - Creating Volume: volume10988, with user45567 as owner and space quota set to -1 bytes, counts quota set to -1
2025-04-23 15:46:49,711 [main] INFO  retry.RetryInvocationHandler (RetryInvocationHandler.java:log(426)) - com.google.protobuf.ServiceException: java.io.EOFException: End of File Exception between local host is: "fv-az1337-835/10.1.0.188"; destination host is: "localhost":15010; : java.io.EOFException; For more details see:  http://wiki.apache.org/hadoop/EOFException, while invoking $Proxy68.submitRequest over nodeId=omNode-2,nodeAddress=127.0.0.1:15010. Trying to failover immediately. Current retry count: 0.
2025-04-23 15:46:49,716 [omNode-1@group-523986131536-StateMachineUpdater] INFO  ratis.OzoneManagerStateMachine (OzoneManagerStateMachine.java:notifyConfigurationChanged(231)) - notifyConfigurationChanged from Ratis: term=14, index=313, New Peer list: omNode-3(localhost:15017), omNode-1(localhost:15009), omNode-2(localhost:15013)
2025-04-23 15:46:49,717 [omNode-1-OMStateMachineApplyTransactionThread - 0] WARN  helpers.OzoneAclUtil (OzoneAclUtil.java:getDefaultAclList(77)) - Failed to get primary group from user user92880 (auth:SIMPLE)
2025-04-23 15:46:49,718 [omNode-1-OMStateMachineApplyTransactionThread - 0] INFO  volume.OMVolumeCreateRequest (OMVolumeCreateRequest.java:validateAndUpdateCache(203)) - created volume:volume00751 for user:user92880
2025-04-23 15:46:49,719 [omNode-1-OMStateMachineApplyTransactionThread - 0] WARN  helpers.OzoneAclUtil (OzoneAclUtil.java:getDefaultAclList(77)) - Failed to get primary group from user user52275 (auth:SIMPLE)
2025-04-23 15:46:49,719 [omNode-1-OMStateMachineApplyTransactionThread - 0] INFO  volume.OMVolumeCreateRequest (OMVolumeCreateRequest.java:validateAndUpdateCache(203)) - created volume:volume76914 for user:user52275
2025-04-23 15:46:49,719 [omNode-1-OMStateMachineApplyTransactionThread - 0] INFO  bucket.OMBucketCreateRequest (OMBucketCreateRequest.java:validateAndUpdateCache(291)) - created bucket: 92dd39ed-1a1d-4af2-a5ee-ab8b2d205ea9 of layout OBJECT_STORE in volume: volume76914
2025-04-23 15:46:49,722 [omNode-1@group-523986131536-StateMachineUpdater] INFO  ratis.OzoneManagerStateMachine (OzoneManagerStateMachine.java:notifyConfigurationChanged(231)) - notifyConfigurationChanged from Ratis: term=15, index=325, New Peer list: omNode-3(localhost:15017), omNode-1(localhost:15009), omNode-2(localhost:15013)
2025-04-23 15:46:49,728 [omNode-2-OMStateMachineApplyTransactionThread - 0] WARN  helpers.OzoneAclUtil (OzoneAclUtil.java:getDefaultAclList(77)) - Failed to get primary group from user user45567 (auth:SIMPLE)
2025-04-23 15:46:49,728 [omNode-2-OMStateMachineApplyTransactionThread - 0] INFO  volume.OMVolumeCreateRequest (OMVolumeCreateRequest.java:validateAndUpdateCache(203)) - created volume:volume10988 for user:user45567
2025-04-23 15:46:49,728 [omNode-1-OMStateMachineApplyTransactionThread - 0] WARN  helpers.OzoneAclUtil (OzoneAclUtil.java:getDefaultAclList(77)) - Failed to get primary group from user user45567 (auth:SIMPLE)
2025-04-23 15:46:49,728 [omNode-1-OMStateMachineApplyTransactionThread - 0] INFO  volume.OMVolumeCreateRequest (OMVolumeCreateRequest.java:validateAndUpdateCache(203)) - created volume:volume10988 for user:user45567
2025-04-23 15:46:49,728 [omNode-3-OMStateMachineApplyTransactionThread - 0] WARN  helpers.OzoneAclUtil (OzoneAclUtil.java:getDefaultAclList(77)) - Failed to get primary group from user user45567 (auth:SIMPLE)
2025-04-23 15:46:49,729 [omNode-3-OMStateMachineApplyTransactionThread - 0] INFO  volume.OMVolumeCreateRequest (OMVolumeCreateRequest.java:validateAndUpdateCache(203)) - created volume:volume10988 for user:user45567
2025-04-23 15:46:49,731 [main] INFO  rpc.RpcClient (RpcClient.java:createBucket(687)) - Creating Bucket: volume10988/442ae063-7e01-453e-8eab-a86ad0b1a87e, with server-side default bucket layout, runner as owner, Versioning false, Storage Type set to DISK and Encryption set to false, Replication Type set to server-side default replication type, Namespace Quota set to -1, Space Quota set to -1 
2025-04-23 15:46:49,739 [omNode-3-OMStateMachineApplyTransactionThread - 0] INFO  bucket.OMBucketCreateRequest (OMBucketCreateRequest.java:validateAndUpdateCache(291)) - created bucket: 442ae063-7e01-453e-8eab-a86ad0b1a87e of layout OBJECT_STORE in volume: volume10988
2025-04-23 15:46:49,739 [omNode-1-OMStateMachineApplyTransactionThread - 0] INFO  bucket.OMBucketCreateRequest (OMBucketCreateRequest.java:validateAndUpdateCache(291)) - created bucket: 442ae063-7e01-453e-8eab-a86ad0b1a87e of layout OBJECT_STORE in volume: volume10988
2025-04-23 15:46:49,740 [omNode-2-OMStateMachineApplyTransactionThread - 0] INFO  bucket.OMBucketCreateRequest (OMBucketCreateRequest.java:validateAndUpdateCache(291)) - created bucket: 442ae063-7e01-453e-8eab-a86ad0b1a87e of layout OBJECT_STORE in volume: volume10988
2025-04-23 15:46:49,774 [main] INFO  om.TestOzoneManagerHAWithStoppedNodes (TestOzoneManagerHAWithStoppedNodes.java:transferLeader(678)) - Transfer leadership from omNode-3(raft id omNode-3) to omNode-1(raft id omNode-1)
2025-04-23 15:46:49,783 [omNode-3-server-thread1] INFO  server.RaftServer$Division (RaftServerImpl.java:transferLeadershipAsync(1186)) - omNode-3@group-523986131536: receive transferLeadership TransferLeadershipRequest:client-6B17564D0820->omNode-3@group-523986131536, cid=36, seq=null, RO, null
2025-04-23 15:46:49,784 [omNode-3-server-thread1] INFO  impl.TransferLeadership (TransferLeadership.java:tryTransferLeadership(258)) - omNode-3@group-523986131536: start transferring leadership to omNode-1
2025-04-23 15:46:49,784 [omNode-3-server-thread1] INFO  impl.TransferLeadership (TransferLeadership.java:sendStartLeaderElection(210)) - omNode-3@group-523986131536: sendStartLeaderElection to follower omNode-1, lastEntry=(t:15, i:336)
2025-04-23 15:46:49,786 [omNode-3-server-thread1] INFO  impl.TransferLeadership (TransferLeadership.java:tryTransferLeadership(266)) - omNode-3@group-523986131536: SUCCESS sent StartLeaderElection to transferee omNode-1 immediately as it already has up-to-date log
2025-04-23 15:46:49,787 [grpc-default-executor-1] INFO  impl.RoleInfo (RoleInfo.java:shutdownFollowerState(121)) - omNode-1: shutdown omNode-1@group-523986131536-FollowerState
2025-04-23 15:46:49,787 [grpc-default-executor-1] INFO  server.RaftServer$Division (RaftServerImpl.java:setRole(378)) - omNode-1@group-523986131536: changes role from  FOLLOWER to CANDIDATE at term 15 for changeToCandidate
2025-04-23 15:46:49,787 [omNode-1@group-523986131536-FollowerState] INFO  impl.FollowerState (FollowerState.java:runImpl(170)) - omNode-1@group-523986131536-FollowerState was interrupted
2025-04-23 15:46:49,787 [grpc-default-executor-1] INFO  server.RaftServer$Division (ServerState.java:setLeader(272)) - omNode-1@group-523986131536: change Leader from omNode-3 to null at term 15 for ELECTION
2025-04-23 15:46:49,788 [grpc-default-executor-1] INFO  impl.RoleInfo (RoleInfo.java:updateAndGet(148)) - omNode-1: start omNode-1@group-523986131536-LeaderElection32
2025-04-23 15:46:49,789 [omNode-1@group-523986131536-LeaderElection32] INFO  impl.LeaderElection (LeaderElection.java:askForVotes(332)) - omNode-1@group-523986131536-LeaderElection32 ELECTION round 0: submit vote requests at term 16 for conf: {index: 325, cur=peers:[omNode-3|localhost:15017, omNode-1|localhost:15009, omNode-2|localhost:15013]|listeners:[], old=null}
2025-04-23 15:46:49,789 [omNode-1@group-523986131536-LeaderElection32-1] INFO  server.GrpcServerProtocolClient (GrpcServerProtocolClient.java:<init>(65)) - Build channel for omNode-3|localhost:15017
2025-04-23 15:46:49,789 [omNode-1@group-523986131536-LeaderElection32-2] INFO  server.GrpcServerProtocolClient (GrpcServerProtocolClient.java:<init>(65)) - Build channel for omNode-2|localhost:15013
2025-04-23 15:46:49,790 [omNode-3-server-thread2] INFO  impl.TransferLeadership (TransferLeadership.java:lambda$sendStartLeaderElection$2(224)) - omNode-3@group-523986131536: Received startLeaderElection reply from omNode-1: success? true
2025-04-23 15:46:49,792 [grpc-default-executor-1] INFO  server.RaftServer$Division (RaftServerImpl.java:requestVote(1407)) - omNode-3@group-523986131536: receive requestVote(ELECTION, omNode-1, group-523986131536, 16, (t:15, i:336))
2025-04-23 15:46:49,792 [grpc-default-executor-6] INFO  server.RaftServer$Division (RaftServerImpl.java:requestVote(1407)) - omNode-2@group-523986131536: receive requestVote(ELECTION, omNode-1, group-523986131536, 16, (t:15, i:336))
2025-04-23 15:46:49,792 [grpc-default-executor-6] INFO  impl.VoteContext (VoteContext.java:log(49)) - omNode-2@group-523986131536-FOLLOWER: accept ELECTION from omNode-1: our priority 0 <= candidate's priority 0
2025-04-23 15:46:49,792 [grpc-default-executor-6] INFO  server.RaftServer$Division (RaftServerImpl.java:setRole(378)) - omNode-2@group-523986131536: changes role from  FOLLOWER to FOLLOWER at term 15 for candidate:omNode-1
2025-04-23 15:46:49,792 [grpc-default-executor-6] INFO  impl.RoleInfo (RoleInfo.java:shutdownFollowerState(121)) - omNode-2: shutdown omNode-2@group-523986131536-FollowerState
2025-04-23 15:46:49,792 [omNode-2@group-523986131536-FollowerState] INFO  impl.FollowerState (FollowerState.java:runImpl(170)) - omNode-2@group-523986131536-FollowerState was interrupted
2025-04-23 15:46:49,792 [grpc-default-executor-1] INFO  impl.VoteContext (VoteContext.java:log(49)) - omNode-3@group-523986131536-LEADER: accept ELECTION from omNode-1: our priority 0 <= candidate's priority 0
2025-04-23 15:46:49,793 [grpc-default-executor-1] INFO  server.RaftServer$Division (RaftServerImpl.java:setRole(378)) - omNode-3@group-523986131536: changes role from    LEADER to FOLLOWER at term 15 for candidate:omNode-1
2025-04-23 15:46:49,793 [grpc-default-executor-1] INFO  impl.RoleInfo (RoleInfo.java:shutdownLeaderState(103)) - omNode-3: shutdown omNode-3@group-523986131536-LeaderStateImpl
2025-04-23 15:46:49,793 [grpc-default-executor-6] INFO  server.RaftServer$Division (ServerState.java:setLeader(272)) - omNode-2@group-523986131536: change Leader from omNode-3 to null at term 16 for updateCurrentTerm
2025-04-23 15:46:49,793 [grpc-default-executor-6] INFO  impl.RoleInfo (RoleInfo.java:updateAndGet(148)) - omNode-2: start omNode-2@group-523986131536-FollowerState
2025-04-23 15:46:49,793 [omNode-3@group-523986131536->omNode-2-GrpcLogAppender-LogAppenderDaemon] WARN  server.GrpcLogAppender (GrpcLogAppender.java:mayWait(293)) - omNode-3@group-523986131536->omNode-2-GrpcLogAppender: Wait interrupted by java.lang.InterruptedException
2025-04-23 15:46:49,793 [grpc-default-executor-1] INFO  impl.PendingRequests (PendingRequests.java:sendNotLeaderResponses(287)) - omNode-3@group-523986131536-PendingRequests: sendNotLeaderResponses
2025-04-23 15:46:49,793 [omNode-3@group-523986131536->omNode-1-GrpcLogAppender-LogAppenderDaemon] WARN  server.GrpcLogAppender (GrpcLogAppender.java:mayWait(293)) - omNode-3@group-523986131536->omNode-1-GrpcLogAppender: Wait interrupted by java.lang.InterruptedException
2025-04-23 15:46:49,793 [grpc-default-executor-7] INFO  server.GrpcServerProtocolService (GrpcServerProtocolService.java:onCompleted(157)) - omNode-2: Completed APPEND_ENTRIES, lastRequest: null
2025-04-23 15:46:49,794 [grpc-default-executor-2] INFO  server.GrpcServerProtocolService (GrpcServerProtocolService.java:onCompleted(157)) - omNode-1: Completed APPEND_ENTRIES, lastRequest: null
2025-04-23 15:46:49,794 [grpc-default-executor-2] INFO  server.GrpcServerProtocolService (GrpcServerProtocolService.java:lambda$onCompleted$5(159)) - omNode-1: Completed APPEND_ENTRIES, lastReply: serverReply {
  requestorId: "omNode-3"
  replyId: "omNode-1"
  raftGroupId {
    id: "\311\274L\364;\303<`\246kR9\206\023\0256"
  }
  success: true
}
term: 15
nextIndex: 327
followerCommit: 312
matchIndex: 18446744073709551615
isHearbeat: true

2025-04-23 15:46:49,794 [grpc-default-executor-0] INFO  server.GrpcServerProtocolService (GrpcServerProtocolService.java:onCompleted(157)) - omNode-2: Completed APPEND_ENTRIES, lastRequest: omNode-3->omNode-2#20-t15,previous=(t:15, i:335),leaderCommit=335,initializing? false,entries: size=1, first=(t:15, i:336), METADATAENTRY(c:335)
2025-04-23 15:46:49,794 [grpc-default-executor-0] INFO  server.GrpcServerProtocolService (GrpcServerProtocolService.java:lambda$onCompleted$5(159)) - omNode-2: Completed APPEND_ENTRIES, lastReply: null
2025-04-23 15:46:49,794 [grpc-default-executor-5] INFO  server.GrpcServerProtocolService (GrpcServerProtocolService.java:onCompleted(157)) - omNode-1: Completed APPEND_ENTRIES, lastRequest: omNode-3->omNode-1#23-t15,previous=(t:15, i:335),leaderCommit=335,initializing? true,entries: size=1, first=(t:15, i:336), METADATAENTRY(c:335)
2025-04-23 15:46:49,794 [grpc-default-executor-5] INFO  server.GrpcServerProtocolService (GrpcServerProtocolService.java:lambda$onCompleted$5(159)) - omNode-1: Completed APPEND_ENTRIES, lastReply: null
2025-04-23 15:46:49,794 [grpc-default-executor-7] INFO  server.GrpcServerProtocolService (GrpcServerProtocolService.java:lambda$onCompleted$5(159)) - omNode-2: Completed APPEND_ENTRIES, lastReply: serverReply {
  requestorId: "omNode-3"
  replyId: "omNode-2"
  raftGroupId {
    id: "\311\274L\364;\303<`\246kR9\206\023\0256"
  }
  success: true
}
term: 15
nextIndex: 326
followerCommit: 324
matchIndex: 18446744073709551615
isHearbeat: true

2025-04-23 15:46:49,795 [grpc-default-executor-6] INFO  server.RaftServer$Division (RaftServerImpl.java:requestVote(1441)) - omNode-2@group-523986131536 replies to ELECTION vote request: omNode-1<-omNode-2#0:OK-t16. Peer's state: omNode-2@group-523986131536:t16, leader=null, voted=omNode-1, raftlog=Memoized:omNode-2@group-523986131536-SegmentedRaftLog:OPENED:c335:last(t:15, i:336), conf=conf: {index: 325, cur=peers:[omNode-3|localhost:15017, omNode-1|localhost:15009, omNode-2|localhost:15013]|listeners:[], old=null}
2025-04-23 15:46:49,795 [grpc-default-executor-1] INFO  server.RaftServer$Division (ServerState.java:setLeader(272)) - omNode-3@group-523986131536: change Leader from omNode-3 to null at term 15 for candidate:omNode-1
2025-04-23 15:46:49,795 [grpc-default-executor-1] INFO  impl.RoleInfo (RoleInfo.java:updateAndGet(148)) - omNode-3: start omNode-3@group-523986131536-FollowerState
2025-04-23 15:46:49,795 [grpc-default-executor-0] INFO  server.GrpcLogAppender (GrpcLogAppender.java:onCompleted(550)) - omNode-3@group-523986131536->omNode-2-AppendLogResponseHandler: follower responses appendEntries COMPLETED
2025-04-23 15:46:49,795 [grpc-default-executor-0] INFO  server.GrpcLogAppender (GrpcLogAppender.java:onCompleted(550)) - omNode-3@group-523986131536->omNode-2-AppendLogResponseHandler: follower responses appendEntries COMPLETED
2025-04-23 15:46:49,796 [omNode-1@group-523986131536-LeaderElection32] INFO  impl.LeaderElection (LeaderElection.java:logAndReturn(90)) - omNode-1@group-523986131536-LeaderElection32: ELECTION PASSED received 1 response(s) and 0 exception(s):
2025-04-23 15:46:49,796 [omNode-1@group-523986131536-LeaderElection32] INFO  impl.LeaderElection (LeaderElection.java:logAndReturn(94)) -   Response 0: omNode-1<-omNode-2#0:OK-t16
2025-04-23 15:46:49,796 [omNode-1@group-523986131536-LeaderElection32] INFO  impl.LeaderElection (LeaderElection.java:askForVotes(334)) - omNode-1@group-523986131536-LeaderElection32 ELECTION round 0: result PASSED
2025-04-23 15:46:49,796 [omNode-1@group-523986131536-LeaderElection32] INFO  impl.RoleInfo (RoleInfo.java:shutdownLeaderElection(141)) - omNode-1: shutdown omNode-1@group-523986131536-LeaderElection32
2025-04-23 15:46:49,796 [omNode-1@group-523986131536-LeaderElection32] INFO  server.RaftServer$Division (RaftServerImpl.java:setRole(378)) - omNode-1@group-523986131536: changes role from CANDIDATE to LEADER at term 16 for changeToLeader
2025-04-23 15:46:49,796 [omNode-1@group-523986131536-LeaderElection32] INFO  server.RaftServerConfigKeys (ConfUtils.java:logGet(46)) - raft.server.staging.catchup.gap = 1000 (default)
2025-04-23 15:46:49,796 [grpc-default-executor-6] INFO  server.GrpcLogAppender (GrpcLogAppender.java:onCompleted(550)) - omNode-3@group-523986131536->omNode-1-AppendLogResponseHandler: follower responses appendEntries COMPLETED
2025-04-23 15:46:49,796 [omNode-1@group-523986131536-LeaderElection32] INFO  server.RaftServerConfigKeys (ConfUtils.java:logGet(46)) - raft.server.write.element-limit = 4096 (default)
2025-04-23 15:46:49,797 [grpc-default-executor-1] INFO  server.RaftServer$Division (RaftServerImpl.java:requestVote(1441)) - omNode-3@group-523986131536 replies to ELECTION vote request: omNode-1<-omNode-3#0:OK-t16. Peer's state: omNode-3@group-523986131536:t16, leader=null, voted=omNode-1, raftlog=Memoized:omNode-3@group-523986131536-SegmentedRaftLog:OPENED:c336:last(t:15, i:336), conf=conf: {index: 325, cur=peers:[omNode-3|localhost:15017, omNode-1|localhost:15009, omNode-2|localhost:15013]|listeners:[], old=null}
2025-04-23 15:46:49,797 [grpc-default-executor-2] INFO  server.GrpcLogAppender (GrpcLogAppender.java:onCompleted(550)) - omNode-3@group-523986131536->omNode-1-AppendLogResponseHandler: follower responses appendEntries COMPLETED
2025-04-23 15:46:49,797 [omNode-1@group-523986131536-LeaderElection32] INFO  server.RaftServerConfigKeys (ConfUtils.java:logGet(46)) - raft.server.write.byte-limit = 64MB (=67108864) (default)
2025-04-23 15:46:49,798 [omNode-1@group-523986131536-LeaderElection32] INFO  server.RaftServerConfigKeys (ConfUtils.java:logGet(46)) - raft.server.watch.timeout = 10s (default)
2025-04-23 15:46:49,798 [omNode-1@group-523986131536-LeaderElection32] INFO  server.RaftServerConfigKeys (ConfUtils.java:logGet(46)) - raft.server.watch.timeout.denomination = 1s (default)
2025-04-23 15:46:49,798 [omNode-1@group-523986131536-LeaderElection32] INFO  server.RaftServerConfigKeys (ConfUtils.java:logGet(46)) - raft.server.watch.element-limit = 65536 (default)
2025-04-23 15:46:49,798 [omNode-1@group-523986131536-LeaderElection32] INFO  server.RaftServerConfigKeys (ConfUtils.java:logGet(46)) - raft.server.read.leader.lease.enabled = false (default)
2025-04-23 15:46:49,798 [omNode-1@group-523986131536-LeaderElection32] INFO  server.RaftServerConfigKeys (ConfUtils.java:logGet(46)) - raft.server.read.leader.lease.timeout.ratio = 0.9 (default)
2025-04-23 15:46:49,798 [omNode-1@group-523986131536-LeaderElection32] INFO  server.RaftServerConfigKeys (ConfUtils.java:logGet(46)) - raft.server.rpc.timeout.min = 1s (custom)
2025-04-23 15:46:49,798 [omNode-1@group-523986131536-LeaderElection32] INFO  server.RaftServerConfigKeys (ConfUtils.java:logGet(46)) - raft.server.log.log-metadata.enabled = true (default)
2025-04-23 15:46:49,798 [omNode-1@group-523986131536-LeaderElection32] INFO  server.RaftServerConfigKeys (ConfUtils.java:logGet(46)) - raft.server.write.element-limit = 4096 (default)
2025-04-23 15:46:49,799 [omNode-1@group-523986131536-LeaderElection32] INFO  server.RaftServerConfigKeys (ConfUtils.java:logGet(46)) - raft.server.write.follower.gap.ratio.max = -1.0 (default)
2025-04-23 15:46:49,799 [omNode-1@group-523986131536-LeaderElection32] INFO  server.RaftServerConfigKeys (ConfUtils.java:logGet(46)) - raft.server.log.appender.snapshot.chunk.size.max = 16MB (=16777216) (default)
2025-04-23 15:46:49,799 [omNode-1@group-523986131536-LeaderElection32] INFO  server.RaftServerConfigKeys (ConfUtils.java:logGet(46)) - raft.server.log.appender.buffer.byte-limit = 4194304 (custom)
2025-04-23 15:46:49,799 [omNode-1@group-523986131536-LeaderElection32] INFO  server.RaftServerConfigKeys (ConfUtils.java:logGet(46)) - raft.server.log.appender.buffer.element-limit = 1024 (custom)
2025-04-23 15:46:49,799 [omNode-1@group-523986131536-LeaderElection32] INFO  server.RaftServerConfigKeys (ConfUtils.java:logGet(46)) - raft.server.log.appender.wait-time.min = 0ms (custom)
2025-04-23 15:46:49,799 [omNode-1@group-523986131536-LeaderElection32] INFO  grpc.GrpcConfigKeys (ConfUtils.java:logGet(46)) - raft.grpc.server.leader.outstanding.appends.max = 8 (default)
2025-04-23 15:46:49,799 [omNode-1@group-523986131536-LeaderElection32] INFO  server.RaftServerConfigKeys (ConfUtils.java:logGet(46)) - raft.server.rpc.request.timeout = 3000ms (default)
2025-04-23 15:46:49,799 [omNode-1@group-523986131536-LeaderElection32] INFO  grpc.GrpcConfigKeys (ConfUtils.java:logGet(46)) - raft.grpc.server.install_snapshot.request.element-limit = 8 (default)
2025-04-23 15:46:49,799 [omNode-1@group-523986131536-LeaderElection32] INFO  grpc.GrpcConfigKeys (ConfUtils.java:logGet(46)) - raft.grpc.server.install_snapshot.request.timeout = 3000ms (default)
2025-04-23 15:46:49,799 [omNode-1@group-523986131536-LeaderElection32] INFO  grpc.GrpcConfigKeys (ConfUtils.java:logGet(46)) - raft.grpc.server.log-message.batch.duration = 5s (default)
2025-04-23 15:46:49,799 [omNode-1@group-523986131536-LeaderElection32] INFO  server.RaftServerConfigKeys (ConfUtils.java:logGet(46)) - raft.server.log.appender.install.snapshot.enabled = false (custom)
2025-04-23 15:46:49,799 [omNode-1@group-523986131536-LeaderElection32] INFO  grpc.GrpcConfigKeys (ConfUtils.java:logGet(46)) - raft.grpc.server.heartbeat.channel = true (default)
2025-04-23 15:46:49,800 [omNode-1@group-523986131536-LeaderElection32] INFO  server.RaftServerConfigKeys (ConfUtils.java:logGet(46)) - raft.server.log.appender.snapshot.chunk.size.max = 16MB (=16777216) (default)
2025-04-23 15:46:49,800 [omNode-1@group-523986131536-LeaderElection32] INFO  server.RaftServerConfigKeys (ConfUtils.java:logGet(46)) - raft.server.log.appender.buffer.byte-limit = 4194304 (custom)
2025-04-23 15:46:49,800 [omNode-1@group-523986131536-LeaderElection32] INFO  server.RaftServerConfigKeys (ConfUtils.java:logGet(46)) - raft.server.log.appender.buffer.element-limit = 1024 (custom)
2025-04-23 15:46:49,800 [omNode-1@group-523986131536-LeaderElection32] INFO  server.RaftServerConfigKeys (ConfUtils.java:logGet(46)) - raft.server.log.appender.wait-time.min = 0ms (custom)
2025-04-23 15:46:49,800 [omNode-1@group-523986131536-LeaderElection32] INFO  grpc.GrpcConfigKeys (ConfUtils.java:logGet(46)) - raft.grpc.server.leader.outstanding.appends.max = 8 (default)
2025-04-23 15:46:49,800 [omNode-1@group-523986131536-LeaderElection32] INFO  server.RaftServerConfigKeys (ConfUtils.java:logGet(46)) - raft.server.rpc.request.timeout = 3000ms (default)
2025-04-23 15:46:49,800 [omNode-1@group-523986131536-LeaderElection32] INFO  grpc.GrpcConfigKeys (ConfUtils.java:logGet(46)) - raft.grpc.server.install_snapshot.request.element-limit = 8 (default)
2025-04-23 15:46:49,800 [omNode-1@group-523986131536-LeaderElection32] INFO  grpc.GrpcConfigKeys (ConfUtils.java:logGet(46)) - raft.grpc.server.install_snapshot.request.timeout = 3000ms (default)
2025-04-23 15:46:49,800 [omNode-1@group-523986131536-LeaderElection32] INFO  grpc.GrpcConfigKeys (ConfUtils.java:logGet(46)) - raft.grpc.server.log-message.batch.duration = 5s (default)
2025-04-23 15:46:49,800 [omNode-1@group-523986131536-LeaderElection32] INFO  server.RaftServerConfigKeys (ConfUtils.java:logGet(46)) - raft.server.log.appender.install.snapshot.enabled = false (custom)
2025-04-23 15:46:49,800 [omNode-1@group-523986131536-LeaderElection32] INFO  grpc.GrpcConfigKeys (ConfUtils.java:logGet(46)) - raft.grpc.server.heartbeat.channel = true (default)
2025-04-23 15:46:49,801 [omNode-1@group-523986131536-LeaderElection32] INFO  impl.RoleInfo (RoleInfo.java:updateAndGet(148)) - omNode-1: start omNode-1@group-523986131536-LeaderStateImpl
2025-04-23 15:46:49,801 [omNode-1@group-523986131536-LeaderElection32] INFO  ratis.OzoneManagerStateMachine (OzoneManagerStateMachine.java:notifyLeaderChanged(169)) - omNode-1@group-523986131536: leader changed to omNode-1
2025-04-23 15:46:49,801 [omNode-1@group-523986131536-LeaderElection32] INFO  server.RaftServer$Division (ServerState.java:setLeader(272)) - omNode-1@group-523986131536: change Leader from null to omNode-1 at term 16 for becomeLeader, leader elected after 13ms
2025-04-23 15:46:49,801 [omNode-1@group-523986131536-LeaderElection32] INFO  segmented.SegmentedRaftLogWorker (SegmentedRaftLogWorker.java:rollLogSegment(443)) - omNode-1@group-523986131536-SegmentedRaftLogWorker: Rolling segment log-325_336 to index:336
2025-04-23 15:46:49,801 [omNode-1@group-523986131536-LeaderElection32] INFO  server.RaftServer$Division (ServerState.java:setRaftConf(386)) - omNode-1@group-523986131536: set configuration conf: {index: 337, cur=peers:[omNode-3|localhost:15017, omNode-1|localhost:15009, omNode-2|localhost:15013]|listeners:[], old=null}
2025-04-23 15:46:49,802 [omNode-1@group-523986131536-SegmentedRaftLogWorker] INFO  segmented.SegmentedRaftLogWorker (SegmentedRaftLogWorker.java:execute(601)) - omNode-1@group-523986131536-SegmentedRaftLogWorker: Rolled log segment from /home/runner/work/ozone/ozone/hadoop-ozone/integration-test/target/test-dir/MiniOzoneClusterImpl-5cf50c17-c591-473f-a8c4-88d8665d28d7/omNode-1/ratis/c9bc4cf4-3bc3-3c60-a66b-523986131536/current/log_inprogress_325 to /home/runner/work/ozone/ozone/hadoop-ozone/integration-test/target/test-dir/MiniOzoneClusterImpl-5cf50c17-c591-473f-a8c4-88d8665d28d7/omNode-1/ratis/c9bc4cf4-3bc3-3c60-a66b-523986131536/current/log_325-336
2025-04-23 15:46:49,803 [omNode-1@group-523986131536-SegmentedRaftLogWorker] INFO  segmented.BufferedWriteChannel (BufferedWriteChannel.java:open(61)) - open log_inprogress_337 at position 0
2025-04-23 15:46:49,807 [omNode-3-server-thread1] INFO  ratis.OzoneManagerStateMachine (OzoneManagerStateMachine.java:notifyLeaderChanged(169)) - omNode-3@group-523986131536: leader changed to omNode-1
2025-04-23 15:46:49,807 [omNode-3-server-thread1] INFO  server.RaftServer$Division (ServerState.java:setLeader(272)) - omNode-3@group-523986131536: change Leader from null to omNode-1 at term 16 for appendEntries, leader elected after 11ms
2025-04-23 15:46:49,808 [omNode-3-server-thread1] INFO  server.RaftServer$Division (ServerState.java:setRaftConf(386)) - omNode-3@group-523986131536: set configuration conf: {index: 337, cur=peers:[omNode-3|localhost:15017, omNode-1|localhost:15009, omNode-2|localhost:15013]|listeners:[], old=null}
2025-04-23 15:46:49,809 [omNode-3-server-thread1] INFO  segmented.SegmentedRaftLogWorker (SegmentedRaftLogWorker.java:rollLogSegment(443)) - omNode-3@group-523986131536-SegmentedRaftLogWorker: Rolling segment log-325_336 to index:336
2025-04-23 15:46:49,809 [omNode-2-server-thread2] INFO  ratis.OzoneManagerStateMachine (OzoneManagerStateMachine.java:notifyLeaderChanged(169)) - omNode-2@group-523986131536: leader changed to omNode-1
2025-04-23 15:46:49,809 [omNode-2-server-thread2] INFO  server.RaftServer$Division (ServerState.java:setLeader(272)) - omNode-2@group-523986131536: change Leader from null to omNode-1 at term 16 for appendEntries, leader elected after 15ms
2025-04-23 15:46:49,809 [omNode-2-server-thread3] INFO  server.RaftServer$Division (ServerState.java:setRaftConf(386)) - omNode-2@group-523986131536: set configuration conf: {index: 337, cur=peers:[omNode-3|localhost:15017, omNode-1|localhost:15009, omNode-2|localhost:15013]|listeners:[], old=null}
2025-04-23 15:46:49,809 [omNode-2-server-thread3] INFO  segmented.SegmentedRaftLogWorker (SegmentedRaftLogWorker.java:rollLogSegment(443)) - omNode-2@group-523986131536-SegmentedRaftLogWorker: Rolling segment log-325_336 to index:336
2025-04-23 15:46:49,810 [omNode-3@group-523986131536-SegmentedRaftLogWorker] INFO  segmented.SegmentedRaftLogWorker (SegmentedRaftLogWorker.java:execute(601)) - omNode-3@group-523986131536-SegmentedRaftLogWorker: Rolled log segment from /home/runner/work/ozone/ozone/hadoop-ozone/integration-test/target/test-dir/MiniOzoneClusterImpl-5cf50c17-c591-473f-a8c4-88d8665d28d7/omNode-3/ratis/c9bc4cf4-3bc3-3c60-a66b-523986131536/current/log_inprogress_325 to /home/runner/work/ozone/ozone/hadoop-ozone/integration-test/target/test-dir/MiniOzoneClusterImpl-5cf50c17-c591-473f-a8c4-88d8665d28d7/omNode-3/ratis/c9bc4cf4-3bc3-3c60-a66b-523986131536/current/log_325-336
2025-04-23 15:46:49,811 [omNode-3@group-523986131536-SegmentedRaftLogWorker] INFO  segmented.BufferedWriteChannel (BufferedWriteChannel.java:open(61)) - open log_inprogress_337 at position 0
2025-04-23 15:46:49,811 [main] INFO  ozone.MiniOzoneHAClusterImpl (MiniOzoneHAClusterImpl.java:shutdownOzoneManager(215)) - Shutting down OzoneManager omNode-3
2025-04-23 15:46:49,811 [main] INFO  om.OzoneManager (OzoneManager.java:stop(2347)) - omNode-3[localhost:15014]: Stopping Ozone Manager
2025-04-23 15:46:49,811 [main] INFO  ipc.Server (Server.java:stop(3697)) - Stopping server on 15014
2025-04-23 15:46:49,812 [omNode-2@group-523986131536-SegmentedRaftLogWorker] INFO  segmented.SegmentedRaftLogWorker (SegmentedRaftLogWorker.java:execute(601)) - omNode-2@group-523986131536-SegmentedRaftLogWorker: Rolled log segment from /home/runner/work/ozone/ozone/hadoop-ozone/integration-test/target/test-dir/MiniOzoneClusterImpl-5cf50c17-c591-473f-a8c4-88d8665d28d7/omNode-2/ratis/c9bc4cf4-3bc3-3c60-a66b-523986131536/current/log_inprogress_325 to /home/runner/work/ozone/ozone/hadoop-ozone/integration-test/target/test-dir/MiniOzoneClusterImpl-5cf50c17-c591-473f-a8c4-88d8665d28d7/omNode-2/ratis/c9bc4cf4-3bc3-3c60-a66b-523986131536/current/log_325-336
2025-04-23 15:46:49,812 [omNode-2@group-523986131536-SegmentedRaftLogWorker] INFO  segmented.BufferedWriteChannel (BufferedWriteChannel.java:open(61)) - open log_inprogress_337 at position 0
2025-04-23 15:46:49,815 [IPC Server listener on 15014] INFO  ipc.Server (Server.java:run(1585)) - Stopping IPC Server listener on 15014
2025-04-23 15:46:49,815 [IPC Server Responder] INFO  ipc.Server (Server.java:run(1718)) - Stopping IPC Server Responder
2025-04-23 15:46:49,815 [main] INFO  ratis.OzoneManagerRatisServer (OzoneManagerRatisServer.java:stop(634)) - Stopping org.apache.hadoop.ozone.om.ratis.OzoneManagerRatisServer@1e16829e at port 15017
2025-04-23 15:46:49,815 [main] INFO  server.RaftServer (RaftServerProxy.java:lambda$close$9(417)) - omNode-3: close
2025-04-23 15:46:49,815 [main] INFO  server.GrpcService (GrpcService.java:closeImpl(343)) - omNode-3: shutdown server GrpcServerProtocolService now
2025-04-23 15:46:49,816 [omNode-3-impl-thread1] INFO  server.RaftServer$Division (RaftServerImpl.java:lambda$close$1(513)) - omNode-3@group-523986131536: shutdown
2025-04-23 15:46:49,816 [omNode-3-impl-thread1] INFO  util.JmxRegister (JmxRegister.java:unregister(74)) - Successfully un-registered JMX Bean with object name Ratis:service=RaftServer,group=group-523986131536,id=omNode-3
2025-04-23 15:46:49,816 [omNode-3-impl-thread1] INFO  impl.RoleInfo (RoleInfo.java:shutdownFollowerState(121)) - omNode-3: shutdown omNode-3@group-523986131536-FollowerState
2025-04-23 15:46:49,816 [omNode-3-impl-thread1] INFO  impl.StateMachineUpdater (StateMachineUpdater.java:stopAndJoin(164)) - omNode-3@group-523986131536-StateMachineUpdater: set stopIndex = 336
2025-04-23 15:46:49,816 [omNode-1@group-523986131536-SegmentedRaftLogWorker] INFO  segmented.SegmentedRaftLogWorker (SegmentedRaftLogWorker.java:execute(644)) - omNode-1@group-523986131536-SegmentedRaftLogWorker: created new log segment /home/runner/work/ozone/ozone/hadoop-ozone/integration-test/target/test-dir/MiniOzoneClusterImpl-5cf50c17-c591-473f-a8c4-88d8665d28d7/omNode-1/ratis/c9bc4cf4-3bc3-3c60-a66b-523986131536/current/log_inprogress_337
2025-04-23 15:46:49,817 [omNode-3@group-523986131536-FollowerState] INFO  impl.FollowerState (FollowerState.java:runImpl(170)) - omNode-3@group-523986131536-FollowerState was interrupted
2025-04-23 15:46:49,818 [grpc-default-executor-1] WARN  server.GrpcServerProtocolService (LogUtils.java:warn(121)) - omNode-3: APPEND_ENTRIES onError, lastRequest: omNode-1->omNode-3#1-t16,previous=(t:15, i:336),leaderCommit=335,initializing? false,entries: size=1, first=(t:16, i:337), CONFIGURATIONENTRY(current:id:"omNode-3"address:"localhost:15017"startupRole:FOLLOWER, id:"omNode-1"address:"localhost:15009"startupRole:FOLLOWER, id:"omNode-2"address:"localhost:15013"startupRole:FOLLOWER, old:): org.apache.ratis.thirdparty.io.grpc.StatusRuntimeException: CANCELLED: client cancelled
2025-04-23 15:46:49,818 [Thread-5718] INFO  server.GrpcServerProtocolClient (GrpcServerProtocolClient.java:close(105)) - omNode-1 Close channels
2025-04-23 15:46:49,819 [grpc-default-executor-1] WARN  server.GrpcLogAppender (LogUtils.java:warn(121)) - omNode-1@group-523986131536->omNode-3-AppendLogResponseHandler: Failed appendEntries: org.apache.ratis.thirdparty.io.grpc.StatusRuntimeException: CANCELLED: RST_STREAM closed stream. HTTP/2 error code: CANCEL
2025-04-23 15:46:49,819 [grpc-default-executor-7] WARN  server.GrpcServerProtocolService (LogUtils.java:warn(121)) - omNode-3: APPEND_ENTRIES onError, lastRequest: null: org.apache.ratis.thirdparty.io.grpc.StatusRuntimeException: CANCELLED: client cancelled
2025-04-23 15:46:49,819 [Thread-5719] INFO  server.GrpcServerProtocolClient (GrpcServerProtocolClient.java:close(105)) - omNode-2 Close channels
2025-04-23 15:46:49,819 [grpc-default-executor-1] WARN  server.GrpcLogAppender (GrpcLogAppender.java:lambda$resetClient$1(221)) - omNode-1@group-523986131536->omNode-3-GrpcLogAppender: Follower failed (request=null, errorCount=1); keep nextIndex (338) unchanged and retry.
2025-04-23 15:46:49,824 [omNode-3@group-523986131536-SegmentedRaftLogWorker] INFO  segmented.SegmentedRaftLogWorker (SegmentedRaftLogWorker.java:execute(644)) - omNode-3@group-523986131536-SegmentedRaftLogWorker: created new log segment /home/runner/work/ozone/ozone/hadoop-ozone/integration-test/target/test-dir/MiniOzoneClusterImpl-5cf50c17-c591-473f-a8c4-88d8665d28d7/omNode-3/ratis/c9bc4cf4-3bc3-3c60-a66b-523986131536/current/log_inprogress_337
2025-04-23 15:46:49,825 [omNode-2@group-523986131536-SegmentedRaftLogWorker] INFO  segmented.SegmentedRaftLogWorker (SegmentedRaftLogWorker.java:execute(644)) - omNode-2@group-523986131536-SegmentedRaftLogWorker: created new log segment /home/runner/work/ozone/ozone/hadoop-ozone/integration-test/target/test-dir/MiniOzoneClusterImpl-5cf50c17-c591-473f-a8c4-88d8665d28d7/omNode-2/ratis/c9bc4cf4-3bc3-3c60-a66b-523986131536/current/log_inprogress_337
2025-04-23 15:46:49,828 [omNode-1@group-523986131536-StateMachineUpdater] INFO  ratis.OzoneManagerStateMachine (OzoneManagerStateMachine.java:notifyConfigurationChanged(231)) - notifyConfigurationChanged from Ratis: term=16, index=337, New Peer list: omNode-3(localhost:15017), omNode-1(localhost:15009), omNode-2(localhost:15013)
2025-04-23 15:46:49,828 [grpc-default-executor-6] WARN  server.GrpcLogAppender (GrpcLogAppender.java:lambda$resetClient$1(221)) - omNode-1@group-523986131536->omNode-3-GrpcLogAppender: Follower failed (request=null, errorCount=3); keep nextIndex (339) unchanged and retry.
2025-04-23 15:46:49,828 [omNode-1@group-523986131536-StateMachineUpdater] INFO  server.RaftServer$Division (LeaderStateImpl.java:checkStartIndex(313)) - Leader omNode-1@group-523986131536-LeaderStateImpl is ready since appliedIndex == startIndex == 337
2025-04-23 15:46:49,829 [omNode-2@group-523986131536-StateMachineUpdater] INFO  ratis.OzoneManagerStateMachine (OzoneManagerStateMachine.java:notifyConfigurationChanged(231)) - notifyConfigurationChanged from Ratis: term=16, index=337, New Peer list: omNode-3(localhost:15017), omNode-1(localhost:15009), omNode-2(localhost:15013)
2025-04-23 15:46:49,842 [omNode-3@group-523986131536-StateMachineUpdater] INFO  ratis.OzoneManagerStateMachine (OzoneManagerStateMachine.java:takeSnapshotImpl(510)) - omNode-3: taking snapshot. applied = (t:15, i:336), skipped = 335, notified = (t:15, i:336), current snapshot index = (t:15, i:336), took 26 ms
2025-04-23 15:46:49,842 [omNode-3@group-523986131536-StateMachineUpdater] INFO  impl.StateMachineUpdater (StateMachineUpdater.java:takeSnapshot(303)) - omNode-3@group-523986131536-StateMachineUpdater: Took a snapshot at index 336
2025-04-23 15:46:49,842 [omNode-3@group-523986131536-StateMachineUpdater] INFO  impl.StateMachineUpdater (StateMachineUpdater.java:lambda$new$0(102)) - omNode-3@group-523986131536-StateMachineUpdater: snapshotIndex: updateIncreasingly 323 -> 336
2025-04-23 15:46:49,842 [omNode-3@group-523986131536-StateMachineUpdater] INFO  impl.StateMachineUpdater (StateMachineUpdater.java:stop(141)) - omNode-3@group-523986131536-StateMachineUpdater: closing OzoneManagerStateMachine, lastApplied=(t:15, i:336)
2025-04-23 15:46:49,842 [omNode-3@group-523986131536-StateMachineUpdater] INFO  ratis.OzoneManagerStateMachine (OzoneManagerStateMachine.java:close(550)) - Stopping OzoneManagerStateMachine:omNode-3:group-523986131536.
2025-04-23 15:46:49,842 [omNode-3@group-523986131536-StateMachineUpdater] INFO  ratis.OzoneManagerDoubleBuffer (OzoneManagerDoubleBuffer.java:stopDaemon(500)) - Stopping OMDoubleBuffer flush thread
2025-04-23 15:46:49,843 [omNode-3-OMDoubleBufferFlushThread] INFO  ratis.OzoneManagerDoubleBuffer (OzoneManagerDoubleBuffer.java:canFlush(559)) - OMDoubleBuffer flush thread omNode-3-OMDoubleBufferFlushThread is interrupted and will exit.
2025-04-23 15:46:49,843 [omNode-3@group-523986131536-cacheEviction-AwaitToRun] INFO  util.AwaitToRun (AwaitToRun.java:run(49)) - omNode-3@group-523986131536-cacheEviction-AwaitToRun-AwaitForSignal is interrupted
2025-04-23 15:46:49,845 [Thread-5803] WARN  rocksdiff.RocksDBCheckpointDiffer (RocksDBCheckpointDiffer.java:lambda$onCompactionCompleted$0(492)) - Input file not found in inflightCompactionsMap : /home/runner/work/ozone/ozone/hadoop-ozone/integration-test/target/test-dir/MiniOzoneClusterImpl-5cf50c17-c591-473f-a8c4-88d8665d28d7/omNode-3/om.db/000167.sst which should have been added on compactionBeginListener.
2025-04-23 15:46:49,845 [Thread-5803] WARN  rocksdiff.RocksDBCheckpointDiffer (RocksDBCheckpointDiffer.java:lambda$onCompactionCompleted$0(492)) - Input file not found in inflightCompactionsMap : /home/runner/work/ozone/ozone/hadoop-ozone/integration-test/target/test-dir/MiniOzoneClusterImpl-5cf50c17-c591-473f-a8c4-88d8665d28d7/omNode-3/om.db/000058.sst which should have been added on compactionBeginListener.
2025-04-23 15:46:49,845 [Thread-5803] WARN  rocksdiff.RocksDBCheckpointDiffer (RocksDBCheckpointDiffer.java:lambda$onCompactionCompleted$0(492)) - Input file not found in inflightCompactionsMap : /home/runner/work/ozone/ozone/hadoop-ozone/integration-test/target/test-dir/MiniOzoneClusterImpl-5cf50c17-c591-473f-a8c4-88d8665d28d7/omNode-3/om.db/000087.sst which should have been added on compactionBeginListener.
2025-04-23 15:46:49,845 [Thread-5803] WARN  rocksdiff.RocksDBCheckpointDiffer (RocksDBCheckpointDiffer.java:lambda$onCompactionCompleted$0(492)) - Input file not found in inflightCompactionsMap : /home/runner/work/ozone/ozone/hadoop-ozone/integration-test/target/test-dir/MiniOzoneClusterImpl-5cf50c17-c591-473f-a8c4-88d8665d28d7/omNode-3/om.db/000180.sst which should have been added on compactionBeginListener.
2025-04-23 15:46:50,826 [omNode-3-impl-thread1] INFO  segmented.SegmentedRaftLogWorker (SegmentedRaftLogWorker.java:close(252)) - omNode-3@group-523986131536-SegmentedRaftLogWorker close()
2025-04-23 15:46:51,532 [timer6] WARN  server.GrpcLogAppender (LogUtils.java:warn(121)) - omNode-2@group-523986131536->omNode-1-AppendLogResponseHandler: Failed appendEntries (Repeated 22 times in the last 5.000s): org.apache.ratis.thirdparty.io.grpc.StatusRuntimeException: UNAVAILABLE: io exception
2025-04-23 15:46:51,532 [timer7] WARN  server.GrpcLogAppender (GrpcLogAppender.java:lambda$resetClient$1(221)) - omNode-2@group-523986131536->omNode-1-GrpcLogAppender: Follower failed (request=null, errorCount=22); keep nextIndex (315) unchanged and retry. (Repeated 4 times in the last 5.000s)
2025-04-23 15:46:52,053 [timer4] WARN  server.GrpcLogAppender (GrpcLogAppender.java:lambda$resetClient$1(221)) - omNode-2@group-523986131536->omNode-1-GrpcLogAppender: Follower failed (request=null, errorCount=24); keep nextIndex (317) unchanged and retry. (Repeated 2 times in the last 5.000s)
2025-04-23 15:46:52,069 [timer7] WARN  server.GrpcLogAppender (GrpcLogAppender.java:lambda$resetClient$1(221)) - omNode-2@group-523986131536->omNode-1-GrpcLogAppender: Follower failed (request=null, errorCount=26); keep nextIndex (318) unchanged and retry. (Repeated 2 times in the last 5.001s)
2025-04-23 15:46:52,072 [timer2] WARN  server.GrpcLogAppender (GrpcLogAppender.java:lambda$resetClient$1(221)) - omNode-2@group-523986131536->omNode-1-GrpcLogAppender: Follower failed (request=null, errorCount=28); keep nextIndex (319) unchanged and retry. (Repeated 2 times in the last 5.002s)
2025-04-23 15:46:52,086 [timer5] WARN  server.GrpcLogAppender (GrpcLogAppender.java:lambda$resetClient$1(221)) - omNode-2@group-523986131536->omNode-1-GrpcLogAppender: Follower failed (request=null, errorCount=30); keep nextIndex (320) unchanged and retry. (Repeated 2 times in the last 5.000s)
2025-04-23 15:46:52,087 [timer0] WARN  server.GrpcLogAppender (GrpcLogAppender.java:lambda$resetClient$1(221)) - omNode-2@group-523986131536->omNode-1-GrpcLogAppender: Follower failed (request=null, errorCount=32); keep nextIndex (321) unchanged and retry. (Repeated 2 times in the last 5.000s)
2025-04-23 15:46:52,095 [timer3] WARN  server.GrpcLogAppender (GrpcLogAppender.java:lambda$resetClient$1(221)) - omNode-2@group-523986131536->omNode-1-GrpcLogAppender: Follower failed (request=null, errorCount=34); keep nextIndex (322) unchanged and retry. (Repeated 2 times in the last 5.000s)
2025-04-23 15:46:52,096 [timer6] WARN  server.GrpcLogAppender (GrpcLogAppender.java:lambda$resetClient$1(221)) - omNode-2@group-523986131536->omNode-1-GrpcLogAppender: Follower failed (request=null, errorCount=36); keep nextIndex (323) unchanged and retry. (Repeated 2 times in the last 5.000s)
2025-04-23 15:46:52,112 [timer3] WARN  server.GrpcLogAppender (GrpcLogAppender.java:lambda$resetClient$1(221)) - omNode-2@group-523986131536->omNode-1-GrpcLogAppender: Follower failed (request=null, errorCount=38); keep nextIndex (324) unchanged and retry. (Repeated 2 times in the last 5.000s)
2025-04-23 15:46:52,115 [timer6] WARN  server.GrpcLogAppender (GrpcLogAppender.java:lambda$resetClient$1(221)) - omNode-2@group-523986131536->omNode-1-GrpcLogAppender: Follower failed (request=null, errorCount=40); keep nextIndex (325) unchanged and retry. (Repeated 2 times in the last 5.001s)
2025-04-23 15:46:52,132 [timer0] WARN  server.GrpcLogAppender (LogUtils.java:warn(121)) - omNode-2@group-523986131536->omNode-3-AppendLogResponseHandler: Failed appendEntries (Repeated 2 times in the last 5.001s): org.apache.ratis.thirdparty.io.grpc.StatusRuntimeException: CANCELLED: RST_STREAM closed stream. HTTP/2 error code: CANCEL
2025-04-23 15:46:52,134 [timer1] WARN  server.GrpcLogAppender (GrpcLogAppender.java:lambda$resetClient$1(221)) - omNode-2@group-523986131536->omNode-3-GrpcLogAppender: Follower failed (request=null, errorCount=2); keep nextIndex (325) unchanged and retry. (Repeated 2 times in the last 5.002s)
2025-04-23 15:46:52,819 [Thread-5718] WARN  grpc.GrpcUtil (GrpcUtil.java:shutdownManagedChannel(233)) - Timed out gracefully shutting down connection: ManagedChannelOrphanWrapper{delegate=ManagedChannelImpl{logId=1185, target=localhost:15009}}. 
2025-04-23 15:46:52,819 [grpc-default-executor-5] INFO  server.GrpcLogAppender (GrpcLogAppender.java:onError(537)) - omNode-3@group-523986131536->omNode-1-GrpcLogAppender is already stopped
2025-04-23 15:46:52,819 [grpc-default-executor-7] WARN  server.GrpcServerProtocolService (LogUtils.java:warn(121)) - omNode-1: APPEND_ENTRIES onError, lastRequest: null: org.apache.ratis.thirdparty.io.grpc.StatusRuntimeException: CANCELLED: client cancelled
2025-04-23 15:46:54,819 [timer0] WARN  server.GrpcLogAppender (GrpcLogAppender.java:lambda$resetClient$1(221)) - omNode-1@group-523986131536->omNode-3-GrpcLogAppender: Follower failed (request=null, errorCount=2); keep nextIndex (338) unchanged and retry. (Repeated 2 times in the last 5.000s)
2025-04-23 15:46:54,819 [timer7] WARN  server.GrpcLogAppender (LogUtils.java:warn(121)) - omNode-1@group-523986131536->omNode-3-AppendLogResponseHandler: Failed appendEntries (Repeated 16 times in the last 5.000s): org.apache.ratis.thirdparty.io.grpc.StatusRuntimeException: UNAVAILABLE: io exception
2025-04-23 15:46:54,828 [timer2] WARN  server.GrpcLogAppender (GrpcLogAppender.java:lambda$resetClient$1(221)) - omNode-1@group-523986131536->omNode-3-GrpcLogAppender: Follower failed (request=null, errorCount=16); keep nextIndex (339) unchanged and retry. (Repeated 14 times in the last 5.000s)
2025-04-23 15:46:55,506 [grpc-default-executor-5] WARN  server.GrpcLogAppender (LogUtils.java:warn(121)) - omNode-1@group-523986131536->omNode-3-AppendLogResponseHandler: Failed appendEntries: org.apache.ratis.thirdparty.io.grpc.StatusRuntimeException: UNAVAILABLE: io exception
2025-04-23 15:46:55,507 [grpc-default-executor-7] WARN  server.GrpcLogAppender (GrpcLogAppender.java:lambda$resetClient$1(221)) - omNode-1@group-523986131536->omNode-3-GrpcLogAppender: Follower failed (request=null, errorCount=17); keep nextIndex (339) unchanged and retry.
2025-04-23 15:46:55,820 [Thread-5718] WARN  grpc.GrpcUtil (GrpcUtil.java:shutdownManagedChannel(233)) - Timed out gracefully shutting down connection: ManagedChannelOrphanWrapper{delegate=ManagedChannelImpl{logId=1179, target=localhost:15009}}. 
2025-04-23 15:46:55,820 [grpc-default-executor-7] INFO  server.GrpcLogAppender (GrpcLogAppender.java:onError(537)) - omNode-3@group-523986131536->omNode-1-GrpcLogAppender is already stopped
2025-04-23 15:46:55,820 [main] INFO  server.GrpcService (GrpcService.java:closeImpl(352)) - omNode-3: shutdown server GrpcServerProtocolService successfully
2025-04-23 15:46:55,821 [grpc-default-executor-5] WARN  server.GrpcServerProtocolService (LogUtils.java:warn(121)) - omNode-1: APPEND_ENTRIES onError, lastRequest: omNode-3->omNode-1#1-t15,previous=(t:14, i:324),leaderCommit=323,initializing? false,entries: size=1, first=(t:15, i:325), CONFIGURATIONENTRY(current:id:"omNode-3"address:"localhost:15017"startupRole:FOLLOWER, id:"omNode-1"address:"localhost:15009"startupRole:FOLLOWER, id:"omNode-2"address:"localhost:15013"startupRole:FOLLOWER, old:): org.apache.ratis.thirdparty.io.grpc.StatusRuntimeException: CANCELLED: client cancelled
2025-04-23 15:46:55,821 [JvmPauseMonitor32] INFO  util.JvmPauseMonitor (JvmPauseMonitor.java:run(152)) - JvmPauseMonitor-omNode-3: Stopped
2025-04-23 15:46:55,821 [main] INFO  utils.BackgroundService (BackgroundService.java:shutdown(161)) - Shutting down service KeyDeletingService
2025-04-23 15:46:55,821 [main] INFO  utils.BackgroundService (BackgroundService.java:shutdown(161)) - Shutting down service DirectoryDeletingService
2025-04-23 15:46:55,822 [main] INFO  utils.BackgroundService (BackgroundService.java:shutdown(161)) - Shutting down service OpenKeyCleanupService
2025-04-23 15:46:55,822 [main] INFO  utils.BackgroundService (BackgroundService.java:shutdown(161)) - Shutting down service SstFilteringService
2025-04-23 15:46:55,823 [main] INFO  utils.BackgroundService (BackgroundService.java:shutdown(161)) - Shutting down service SnapshotDeletingService
2025-04-23 15:46:55,823 [main] INFO  utils.BackgroundService (BackgroundService.java:shutdown(161)) - Shutting down service MultipartUploadCleanupService
2025-04-23 15:46:55,824 [main] INFO  handler.ContextHandler (ContextHandler.java:doStop(1159)) - Stopped o.e.j.w.WebAppContext@7c104bea{ozoneManager,/,null,STOPPED}{file:/home/runner/work/ozone/ozone/hadoop-ozone/integration-test/target/test-classes/webapps/ozoneManager}
2025-04-23 15:46:55,824 [main] INFO  server.AbstractConnector (AbstractConnector.java:doStop(383)) - Stopped ServerConnector@1b1790d9{HTTP/1.1, (http/1.1)}{0.0.0.0:15015}
2025-04-23 15:46:55,824 [main] INFO  server.session (HouseKeeper.java:stopScavenging(149)) - node0 Stopped scavenging
2025-04-23 15:46:55,824 [main] INFO  handler.ContextHandler (ContextHandler.java:doStop(1159)) - Stopped o.e.j.s.ServletContextHandler@42ed0a09{static,/static,file:///home/runner/work/ozone/ozone/hadoop-ozone/integration-test/target/test-classes/webapps/static,STOPPED}
2025-04-23 15:46:55,824 [main] INFO  handler.ContextHandler (ContextHandler.java:doStop(1159)) - Stopped o.e.j.s.ServletContextHandler@142813ea{logs,/logs,file:///home/runner/work/ozone/ozone/hadoop-ozone/integration-test/target/log,STOPPED}
2025-04-23 15:46:55,825 [main] INFO  rocksdiff.RocksDBCheckpointDiffer (RocksDBCheckpointDiffer.java:close(304)) - Shutting down CompactionDagPruningService.
2025-04-23 15:46:55,827 [main] INFO  snapshot.SnapshotDiffManager (SnapshotDiffManager.java:closeExecutorService(1698)) - Shutting down executorService: 'SnapDiffExecutor'
2025-04-23 15:46:55,827 [main] INFO  utils.BackgroundService (BackgroundService.java:shutdown(161)) - Shutting down service SnapshotDiffCleanupService
2025-04-23 15:46:55,830 [main] INFO  retry.RetryInvocationHandler (RetryInvocationHandler.java:log(426)) - com.google.protobuf.ServiceException: java.io.EOFException: End of File Exception between local host is: "fv-az1337-835/10.1.0.188"; destination host is: "localhost":15014; : java.io.EOFException; For more details see:  http://wiki.apache.org/hadoop/EOFException, while invoking $Proxy68.submitRequest over nodeId=omNode-3,nodeAddress=127.0.0.1:15014. Trying to failover after sleeping for 2000ms. Current retry count: 0.
15:46:57.836 [IPC Server handler 0 on default port 15006] ERROR OMAudit - user=runner | ip=127.0.0.1 | op=READ_KEY {volume=volume10988, bucket=442ae063-7e01-453e-8eab-a86ad0b1a87e, key=key97331, owner=null, dataSize=0, replicationConfig=null} | ret=FAILURE
org.apache.hadoop.ozone.om.exceptions.OMException: Key:key97331 not found
	at org.apache.hadoop.ozone.om.KeyManagerImpl.readKeyInfo(KeyManagerImpl.java:542) ~[ozone-manager-2.1.0-SNAPSHOT.jar:?]
	at org.apache.hadoop.ozone.om.KeyManagerImpl.lambda$13(KeyManagerImpl.java:2204) ~[ozone-manager-2.1.0-SNAPSHOT.jar:?]
	at org.apache.hadoop.ozone.util.MetricUtil.captureLatencyNs(MetricUtil.java:45) ~[hdds-common-2.1.0-SNAPSHOT.jar:?]
	at org.apache.hadoop.ozone.om.KeyManagerImpl.getKeyInfo(KeyManagerImpl.java:2202) ~[ozone-manager-2.1.0-SNAPSHOT.jar:?]
	at org.apache.hadoop.ozone.om.OmMetadataReader.getKeyInfo(OmMetadataReader.java:190) ~[ozone-manager-2.1.0-SNAPSHOT.jar:?]
	at org.apache.hadoop.ozone.om.OzoneManager.getKeyInfo(OzoneManager.java:3021) ~[ozone-manager-2.1.0-SNAPSHOT.jar:?]
	at org.apache.hadoop.ozone.protocolPB.OzoneManagerRequestHandler.getKeyInfo(OzoneManagerRequestHandler.java:654) ~[ozone-manager-2.1.0-SNAPSHOT.jar:?]
	at org.apache.hadoop.ozone.protocolPB.OzoneManagerRequestHandler.handleReadRequest(OzoneManagerRequestHandler.java:330) ~[ozone-manager-2.1.0-SNAPSHOT.jar:?]
	at org.apache.hadoop.ozone.protocolPB.OzoneManagerProtocolServerSideTranslatorPB.submitReadRequestToOM(OzoneManagerProtocolServerSideTranslatorPB.java:192) ~[ozone-manager-2.1.0-SNAPSHOT.jar:?]
	at org.apache.hadoop.ozone.protocolPB.OzoneManagerProtocolServerSideTranslatorPB.internalProcessRequest(OzoneManagerProtocolServerSideTranslatorPB.java:159) ~[ozone-manager-2.1.0-SNAPSHOT.jar:?]
	at org.apache.hadoop.ozone.protocolPB.OzoneManagerProtocolServerSideTranslatorPB.processRequest(OzoneManagerProtocolServerSideTranslatorPB.java:125) ~[ozone-manager-2.1.0-SNAPSHOT.jar:?]
	at org.apache.hadoop.hdds.server.OzoneProtocolMessageDispatcher.processRequest(OzoneProtocolMessageDispatcher.java:87) ~[hdds-server-framework-2.1.0-SNAPSHOT.jar:?]
	at org.apache.hadoop.ozone.protocolPB.OzoneManagerProtocolServerSideTranslatorPB.submitRequest(OzoneManagerProtocolServerSideTranslatorPB.java:116) ~[ozone-manager-2.1.0-SNAPSHOT.jar:?]
	at org.apache.hadoop.ozone.protocol.proto.OzoneManagerProtocolProtos$OzoneManagerService$2.callBlockingMethod(OzoneManagerProtocolProtos.java) ~[ozone-interface-client-2.1.0-SNAPSHOT.jar:?]
	at org.apache.hadoop.ipc.ProtobufRpcEngine$Server.processCall(ProtobufRpcEngine.java:484) ~[hadoop-common-3.4.1.jar:?]
	at org.apache.hadoop.ipc.ProtobufRpcEngine2$Server$ProtoBufRpcInvoker.call(ProtobufRpcEngine2.java:595) ~[hadoop-common-3.4.1.jar:?]
	at org.apache.hadoop.ipc.ProtobufRpcEngine2$Server$ProtoBufRpcInvoker.call(ProtobufRpcEngine2.java:573) ~[hadoop-common-3.4.1.jar:?]
	at org.apache.hadoop.ipc.RPC$Server.call(RPC.java:1227) ~[hadoop-common-3.4.1.jar:?]
	at org.apache.hadoop.ipc.Server$RpcCall.run(Server.java:1246) ~[hadoop-common-3.4.1.jar:?]
	at org.apache.hadoop.ipc.Server$RpcCall.run(Server.java:1169) ~[hadoop-common-3.4.1.jar:?]
	at java.base/java.security.AccessController.doPrivileged(AccessController.java:714) [?:?]
	at java.base/javax.security.auth.Subject.doAs(Subject.java:525) [?:?]
	at org.apache.hadoop.security.UserGroupInformation.doAs(UserGroupInformation.java:1953) [hadoop-common-3.4.1.jar:?]
	at org.apache.hadoop.ipc.Server$Handler.run(Server.java:3198) [hadoop-common-3.4.1.jar:?]
2025-04-23 15:46:57,850 [main] INFO  om.OzoneManager (OzoneManager.java:stop(2347)) - omNode-3[localhost:15014]: Stopping Ozone Manager
2025-04-23 15:46:57,850 [main] INFO  om.OzoneManager (OzoneManager.java:stop(2347)) - omNode-1[localhost:15006]: Stopping Ozone Manager
2025-04-23 15:46:57,851 [main] INFO  ipc.Server (Server.java:stop(3697)) - Stopping server on 15006
2025-04-23 15:46:57,852 [IPC Server listener on 15006] INFO  ipc.Server (Server.java:run(1585)) - Stopping IPC Server listener on 15006
2025-04-23 15:46:57,852 [main] INFO  ratis.OzoneManagerRatisServer (OzoneManagerRatisServer.java:stop(634)) - Stopping org.apache.hadoop.ozone.om.ratis.OzoneManagerRatisServer@4542cd90 at port 15009
2025-04-23 15:46:57,852 [main] INFO  server.RaftServer (RaftServerProxy.java:lambda$close$9(417)) - omNode-1: close
2025-04-23 15:46:57,853 [main] INFO  server.GrpcService (GrpcService.java:closeImpl(343)) - omNode-1: shutdown server GrpcServerProtocolService now
2025-04-23 15:46:57,852 [IPC Server Responder] INFO  ipc.Server (Server.java:run(1718)) - Stopping IPC Server Responder
2025-04-23 15:46:57,853 [omNode-1-impl-thread1] INFO  server.RaftServer$Division (RaftServerImpl.java:lambda$close$1(513)) - omNode-1@group-523986131536: shutdown
2025-04-23 15:46:57,853 [omNode-1-impl-thread1] INFO  util.JmxRegister (JmxRegister.java:unregister(74)) - Successfully un-registered JMX Bean with object name Ratis:service=RaftServer,group=group-523986131536,id=omNode-1
2025-04-23 15:46:57,853 [omNode-1-impl-thread1] INFO  impl.RoleInfo (RoleInfo.java:shutdownLeaderState(103)) - omNode-1: shutdown omNode-1@group-523986131536-LeaderStateImpl
2025-04-23 15:46:57,853 [omNode-1-impl-thread1] INFO  impl.PendingRequests (PendingRequests.java:sendNotLeaderResponses(287)) - omNode-1@group-523986131536-PendingRequests: sendNotLeaderResponses
2025-04-23 15:46:57,853 [omNode-1@group-523986131536->omNode-3-GrpcLogAppender-LogAppenderDaemon] WARN  server.GrpcLogAppender (GrpcLogAppender.java:mayWait(293)) - omNode-1@group-523986131536->omNode-3-GrpcLogAppender: Wait interrupted by java.lang.InterruptedException
2025-04-23 15:46:57,854 [omNode-1@group-523986131536->omNode-2-GrpcLogAppender-LogAppenderDaemon] WARN  server.GrpcLogAppender (GrpcLogAppender.java:mayWait(293)) - omNode-1@group-523986131536->omNode-2-GrpcLogAppender: Wait interrupted by java.lang.InterruptedException
2025-04-23 15:46:57,854 [omNode-1-impl-thread1] INFO  impl.StateMachineUpdater (StateMachineUpdater.java:stopAndJoin(164)) - omNode-1@group-523986131536-StateMachineUpdater: set stopIndex = 338
2025-04-23 15:46:57,855 [grpc-default-executor-5] INFO  server.GrpcServerProtocolService (GrpcServerProtocolService.java:onCompleted(157)) - omNode-2: Completed APPEND_ENTRIES, lastRequest: null
2025-04-23 15:46:57,855 [grpc-default-executor-7] INFO  server.GrpcServerProtocolService (GrpcServerProtocolService.java:onCompleted(157)) - omNode-2: Completed APPEND_ENTRIES, lastRequest: omNode-1->omNode-2#2-t16,previous=(t:16, i:337),leaderCommit=337,initializing? false,entries: size=1, first=(t:16, i:338), METADATAENTRY(c:337)
2025-04-23 15:46:57,856 [Thread-5814] INFO  server.GrpcServerProtocolClient (GrpcServerProtocolClient.java:close(105)) - omNode-3 Close channels
2025-04-23 15:46:57,856 [grpc-default-executor-7] INFO  server.GrpcServerProtocolService (GrpcServerProtocolService.java:lambda$onCompleted$5(159)) - omNode-2: Completed APPEND_ENTRIES, lastReply: null
2025-04-23 15:46:57,856 [grpc-default-executor-5] INFO  server.GrpcServerProtocolService (GrpcServerProtocolService.java:lambda$onCompleted$5(159)) - omNode-2: Completed APPEND_ENTRIES, lastReply: serverReply {
  requestorId: "omNode-1"
  replyId: "omNode-2"
  raftGroupId {
    id: "\311\274L\364;\303<`\246kR9\206\023\0256"
  }
  callId: 19
  success: true
}
term: 16
nextIndex: 339
followerCommit: 338
matchIndex: 18446744073709551615
isHearbeat: true

2025-04-23 15:46:57,857 [grpc-default-executor-5] INFO  server.GrpcLogAppender (GrpcLogAppender.java:onCompleted(550)) - omNode-1@group-523986131536->omNode-2-AppendLogResponseHandler: follower responses appendEntries COMPLETED
2025-04-23 15:46:57,857 [Thread-5816] INFO  server.GrpcServerProtocolClient (GrpcServerProtocolClient.java:close(105)) - omNode-2 Close channels
2025-04-23 15:46:57,857 [grpc-default-executor-7] INFO  server.GrpcLogAppender (GrpcLogAppender.java:onCompleted(550)) - omNode-1@group-523986131536->omNode-2-AppendLogResponseHandler: follower responses appendEntries COMPLETED
2025-04-23 15:46:57,857 [grpc-default-executor-7] WARN  server.GrpcLogAppender (GrpcLogAppender.java:resetClient(230)) - omNode-1@group-523986131536->omNode-2-GrpcLogAppender: Failed to getClient for omNode-2
org.apache.ratis.protocol.exceptions.AlreadyClosedException: omNode-1 is already CLOSED
	at org.apache.ratis.util.PeerProxyMap$PeerAndProxy.getProxy(PeerProxyMap.java:67)
	at org.apache.ratis.util.PeerProxyMap.getProxy(PeerProxyMap.java:124)
	at org.apache.ratis.grpc.server.GrpcLogAppender.getClient(GrpcLogAppender.java:200)
	at org.apache.ratis.grpc.server.GrpcLogAppender.resetClient(GrpcLogAppender.java:205)
	at org.apache.ratis.grpc.server.GrpcLogAppender.access$800(GrpcLogAppender.java:64)
	at org.apache.ratis.grpc.server.GrpcLogAppender$AppendLogResponseHandler.onCompleted(GrpcLogAppender.java:551)
	at org.apache.ratis.thirdparty.io.grpc.stub.ClientCalls$StreamObserverToCallListenerAdapter.onClose(ClientCalls.java:479)
	at org.apache.ratis.thirdparty.io.grpc.internal.ClientCallImpl.closeObserver(ClientCallImpl.java:567)
	at org.apache.ratis.thirdparty.io.grpc.internal.ClientCallImpl.access$300(ClientCallImpl.java:71)
	at org.apache.ratis.thirdparty.io.grpc.internal.ClientCallImpl$ClientStreamListenerImpl$1StreamClosed.runInternal(ClientCallImpl.java:735)
	at org.apache.ratis.thirdparty.io.grpc.internal.ClientCallImpl$ClientStreamListenerImpl$1StreamClosed.runInContext(ClientCallImpl.java:716)
	at org.apache.ratis.thirdparty.io.grpc.internal.ContextRunnable.run(ContextRunnable.java:37)
	at org.apache.ratis.thirdparty.io.grpc.internal.SerializingExecutor.run(SerializingExecutor.java:133)
	at java.base/java.util.concurrent.ThreadPoolExecutor.runWorker(ThreadPoolExecutor.java:1144)
	at java.base/java.util.concurrent.ThreadPoolExecutor$Worker.run(ThreadPoolExecutor.java:642)
	at java.base/java.lang.Thread.run(Thread.java:1583)
2025-04-23 15:46:57,857 [grpc-default-executor-5] WARN  server.GrpcLogAppender (GrpcLogAppender.java:resetClient(230)) - omNode-1@group-523986131536->omNode-2-GrpcLogAppender: Failed to getClient for omNode-2
org.apache.ratis.protocol.exceptions.AlreadyClosedException: omNode-1 is already CLOSED
	at org.apache.ratis.util.PeerProxyMap$PeerAndProxy.getProxy(PeerProxyMap.java:67)
	at org.apache.ratis.util.PeerProxyMap.getProxy(PeerProxyMap.java:124)
	at org.apache.ratis.grpc.server.GrpcLogAppender.getClient(GrpcLogAppender.java:200)
	at org.apache.ratis.grpc.server.GrpcLogAppender.resetClient(GrpcLogAppender.java:205)
	at org.apache.ratis.grpc.server.GrpcLogAppender.access$800(GrpcLogAppender.java:64)
	at org.apache.ratis.grpc.server.GrpcLogAppender$AppendLogResponseHandler.onCompleted(GrpcLogAppender.java:551)
	at org.apache.ratis.thirdparty.io.grpc.stub.ClientCalls$StreamObserverToCallListenerAdapter.onClose(ClientCalls.java:479)
	at org.apache.ratis.thirdparty.io.grpc.internal.DelayedClientCall$DelayedListener$3.run(DelayedClientCall.java:489)
	at org.apache.ratis.thirdparty.io.grpc.internal.DelayedClientCall$DelayedListener.delayOrExecute(DelayedClientCall.java:453)
	at org.apache.ratis.thirdparty.io.grpc.internal.DelayedClientCall$DelayedListener.onClose(DelayedClientCall.java:486)
	at org.apache.ratis.thirdparty.io.grpc.internal.ClientCallImpl.closeObserver(ClientCallImpl.java:567)
	at org.apache.ratis.thirdparty.io.grpc.internal.ClientCallImpl.access$300(ClientCallImpl.java:71)
	at org.apache.ratis.thirdparty.io.grpc.internal.ClientCallImpl$ClientStreamListenerImpl$1StreamClosed.runInternal(ClientCallImpl.java:735)
	at org.apache.ratis.thirdparty.io.grpc.internal.ClientCallImpl$ClientStreamListenerImpl$1StreamClosed.runInContext(ClientCallImpl.java:716)
	at org.apache.ratis.thirdparty.io.grpc.internal.ContextRunnable.run(ContextRunnable.java:37)
	at org.apache.ratis.thirdparty.io.grpc.internal.SerializingExecutor.run(SerializingExecutor.java:133)
	at java.base/java.util.concurrent.ThreadPoolExecutor.runWorker(ThreadPoolExecutor.java:1144)
	at java.base/java.util.concurrent.ThreadPoolExecutor$Worker.run(ThreadPoolExecutor.java:642)
	at java.base/java.lang.Thread.run(Thread.java:1583)
2025-04-23 15:46:57,859 [main] INFO  server.GrpcService (GrpcService.java:closeImpl(352)) - omNode-1: shutdown server GrpcServerProtocolService successfully
2025-04-23 15:46:57,875 [omNode-1@group-523986131536-StateMachineUpdater] INFO  ratis.OzoneManagerStateMachine (OzoneManagerStateMachine.java:takeSnapshotImpl(510)) - omNode-1: taking snapshot. applied = (t:16, i:338), skipped = 335, notified = (t:16, i:338), current snapshot index = (t:16, i:338), took 20 ms
2025-04-23 15:46:57,875 [omNode-1@group-523986131536-StateMachineUpdater] INFO  impl.StateMachineUpdater (StateMachineUpdater.java:takeSnapshot(303)) - omNode-1@group-523986131536-StateMachineUpdater: Took a snapshot at index 338
2025-04-23 15:46:57,875 [omNode-1@group-523986131536-StateMachineUpdater] INFO  impl.StateMachineUpdater (StateMachineUpdater.java:lambda$new$0(102)) - omNode-1@group-523986131536-StateMachineUpdater: snapshotIndex: updateIncreasingly 312 -> 338
2025-04-23 15:46:57,875 [omNode-1@group-523986131536-StateMachineUpdater] INFO  impl.StateMachineUpdater (StateMachineUpdater.java:stop(141)) - omNode-1@group-523986131536-StateMachineUpdater: closing OzoneManagerStateMachine, lastApplied=(t:16, i:338)
2025-04-23 15:46:57,875 [omNode-1@group-523986131536-StateMachineUpdater] INFO  ratis.OzoneManagerStateMachine (OzoneManagerStateMachine.java:close(550)) - Stopping OzoneManagerStateMachine:omNode-1:group-523986131536.
2025-04-23 15:46:57,875 [omNode-1@group-523986131536-StateMachineUpdater] INFO  ratis.OzoneManagerDoubleBuffer (OzoneManagerDoubleBuffer.java:stopDaemon(500)) - Stopping OMDoubleBuffer flush thread
2025-04-23 15:46:57,875 [omNode-1-OMDoubleBufferFlushThread] INFO  ratis.OzoneManagerDoubleBuffer (OzoneManagerDoubleBuffer.java:canFlush(559)) - OMDoubleBuffer flush thread omNode-1-OMDoubleBufferFlushThread is interrupted and will exit.
2025-04-23 15:46:57,875 [Thread-5900] WARN  rocksdiff.RocksDBCheckpointDiffer (RocksDBCheckpointDiffer.java:lambda$onCompactionCompleted$0(492)) - Input file not found in inflightCompactionsMap : /home/runner/work/ozone/ozone/hadoop-ozone/integration-test/target/test-dir/MiniOzoneClusterImpl-5cf50c17-c591-473f-a8c4-88d8665d28d7/omNode-1/om.db/000174.sst which should have been added on compactionBeginListener.
2025-04-23 15:46:57,875 [Thread-5900] WARN  rocksdiff.RocksDBCheckpointDiffer (RocksDBCheckpointDiffer.java:lambda$onCompactionCompleted$0(492)) - Input file not found in inflightCompactionsMap : /home/runner/work/ozone/ozone/hadoop-ozone/integration-test/target/test-dir/MiniOzoneClusterImpl-5cf50c17-c591-473f-a8c4-88d8665d28d7/omNode-1/om.db/000091.sst which should have been added on compactionBeginListener.
2025-04-23 15:46:57,875 [Thread-5900] WARN  rocksdiff.RocksDBCheckpointDiffer (RocksDBCheckpointDiffer.java:lambda$onCompactionCompleted$0(492)) - Input file not found in inflightCompactionsMap : /home/runner/work/ozone/ozone/hadoop-ozone/integration-test/target/test-dir/MiniOzoneClusterImpl-5cf50c17-c591-473f-a8c4-88d8665d28d7/omNode-1/om.db/000058.sst which should have been added on compactionBeginListener.
2025-04-23 15:46:57,875 [Thread-5900] WARN  rocksdiff.RocksDBCheckpointDiffer (RocksDBCheckpointDiffer.java:lambda$onCompactionCompleted$0(492)) - Input file not found in inflightCompactionsMap : /home/runner/work/ozone/ozone/hadoop-ozone/integration-test/target/test-dir/MiniOzoneClusterImpl-5cf50c17-c591-473f-a8c4-88d8665d28d7/omNode-1/om.db/000071.sst which should have been added on compactionBeginListener.
2025-04-23 15:46:57,875 [omNode-1@group-523986131536-cacheEviction-AwaitToRun] INFO  util.AwaitToRun (AwaitToRun.java:run(49)) - omNode-1@group-523986131536-cacheEviction-AwaitToRun-AwaitForSignal is interrupted
2025-04-23 15:46:58,829 [omNode-1-impl-thread1] INFO  segmented.SegmentedRaftLogWorker (SegmentedRaftLogWorker.java:close(252)) - omNode-1@group-523986131536-SegmentedRaftLogWorker close()
2025-04-23 15:46:58,829 [JvmPauseMonitor33] INFO  util.JvmPauseMonitor (JvmPauseMonitor.java:run(152)) - JvmPauseMonitor-omNode-1: Stopped
2025-04-23 15:46:58,829 [main] INFO  utils.BackgroundService (BackgroundService.java:shutdown(161)) - Shutting down service KeyDeletingService
2025-04-23 15:46:58,830 [main] INFO  utils.BackgroundService (BackgroundService.java:shutdown(161)) - Shutting down service DirectoryDeletingService
2025-04-23 15:46:58,830 [main] INFO  utils.BackgroundService (BackgroundService.java:shutdown(161)) - Shutting down service OpenKeyCleanupService
2025-04-23 15:46:58,831 [main] INFO  utils.BackgroundService (BackgroundService.java:shutdown(161)) - Shutting down service SstFilteringService
2025-04-23 15:46:58,831 [main] INFO  utils.BackgroundService (BackgroundService.java:shutdown(161)) - Shutting down service SnapshotDeletingService
2025-04-23 15:46:58,831 [main] INFO  utils.BackgroundService (BackgroundService.java:shutdown(161)) - Shutting down service MultipartUploadCleanupService
2025-04-23 15:46:58,832 [main] INFO  handler.ContextHandler (ContextHandler.java:doStop(1159)) - Stopped o.e.j.w.WebAppContext@71ea1339{ozoneManager,/,null,STOPPED}{file:/home/runner/work/ozone/ozone/hadoop-ozone/integration-test/target/test-classes/webapps/ozoneManager}
2025-04-23 15:46:58,833 [main] INFO  server.AbstractConnector (AbstractConnector.java:doStop(383)) - Stopped ServerConnector@9d3afb8{HTTP/1.1, (http/1.1)}{0.0.0.0:15007}
2025-04-23 15:46:58,833 [main] INFO  server.session (HouseKeeper.java:stopScavenging(149)) - node0 Stopped scavenging
2025-04-23 15:46:58,833 [main] INFO  handler.ContextHandler (ContextHandler.java:doStop(1159)) - Stopped o.e.j.s.ServletContextHandler@20035168{static,/static,file:///home/runner/work/ozone/ozone/hadoop-ozone/integration-test/target/test-classes/webapps/static,STOPPED}
2025-04-23 15:46:58,833 [main] INFO  handler.ContextHandler (ContextHandler.java:doStop(1159)) - Stopped o.e.j.s.ServletContextHandler@45363705{logs,/logs,file:///home/runner/work/ozone/ozone/hadoop-ozone/integration-test/target/log,STOPPED}
2025-04-23 15:46:58,834 [main] INFO  rocksdiff.RocksDBCheckpointDiffer (RocksDBCheckpointDiffer.java:close(304)) - Shutting down CompactionDagPruningService.
2025-04-23 15:46:58,835 [main] INFO  snapshot.SnapshotDiffManager (SnapshotDiffManager.java:closeExecutorService(1698)) - Shutting down executorService: 'SnapDiffExecutor'
2025-04-23 15:46:58,835 [main] INFO  utils.BackgroundService (BackgroundService.java:shutdown(161)) - Shutting down service SnapshotDiffCleanupService
2025-04-23 15:46:58,836 [main] INFO  om.OzoneManager (OzoneManager.java:stop(2347)) - omNode-2[localhost:15010]: Stopping Ozone Manager
2025-04-23 15:46:58,836 [main] INFO  ipc.Server (Server.java:stop(3697)) - Stopping server on 15010
2025-04-23 15:46:58,838 [IPC Server listener on 15010] INFO  ipc.Server (Server.java:run(1585)) - Stopping IPC Server listener on 15010
2025-04-23 15:46:58,838 [main] INFO  ratis.OzoneManagerRatisServer (OzoneManagerRatisServer.java:stop(634)) - Stopping org.apache.hadoop.ozone.om.ratis.OzoneManagerRatisServer@6feab5d4 at port 15013
2025-04-23 15:46:58,838 [main] INFO  server.RaftServer (RaftServerProxy.java:lambda$close$9(417)) - omNode-2: close
2025-04-23 15:46:58,838 [IPC Server Responder] INFO  ipc.Server (Server.java:run(1718)) - Stopping IPC Server Responder
2025-04-23 15:46:58,839 [main] INFO  server.GrpcService (GrpcService.java:closeImpl(343)) - omNode-2: shutdown server GrpcServerProtocolService now
2025-04-23 15:46:58,839 [omNode-2-impl-thread1] INFO  server.RaftServer$Division (RaftServerImpl.java:lambda$close$1(513)) - omNode-2@group-523986131536: shutdown
2025-04-23 15:46:58,839 [omNode-2-impl-thread1] INFO  util.JmxRegister (JmxRegister.java:unregister(74)) - Successfully un-registered JMX Bean with object name Ratis:service=RaftServer,group=group-523986131536,id=omNode-2
2025-04-23 15:46:58,839 [omNode-2-impl-thread1] INFO  impl.RoleInfo (RoleInfo.java:shutdownFollowerState(121)) - omNode-2: shutdown omNode-2@group-523986131536-FollowerState
2025-04-23 15:46:58,839 [omNode-2-impl-thread1] INFO  impl.StateMachineUpdater (StateMachineUpdater.java:stopAndJoin(164)) - omNode-2@group-523986131536-StateMachineUpdater: set stopIndex = 338
2025-04-23 15:46:58,839 [omNode-2@group-523986131536-FollowerState] INFO  impl.FollowerState (FollowerState.java:runImpl(170)) - omNode-2@group-523986131536-FollowerState was interrupted
2025-04-23 15:46:58,840 [main] INFO  server.GrpcService (GrpcService.java:closeImpl(352)) - omNode-2: shutdown server GrpcServerProtocolService successfully
2025-04-23 15:46:58,856 [omNode-2@group-523986131536-StateMachineUpdater] INFO  ratis.OzoneManagerStateMachine (OzoneManagerStateMachine.java:takeSnapshotImpl(510)) - omNode-2: taking snapshot. applied = (t:16, i:338), skipped = 335, notified = (t:16, i:338), current snapshot index = (t:16, i:338), took 17 ms
2025-04-23 15:46:58,856 [omNode-2@group-523986131536-StateMachineUpdater] INFO  impl.StateMachineUpdater (StateMachineUpdater.java:takeSnapshot(303)) - omNode-2@group-523986131536-StateMachineUpdater: Took a snapshot at index 338
2025-04-23 15:46:58,856 [omNode-2@group-523986131536-StateMachineUpdater] INFO  impl.StateMachineUpdater (StateMachineUpdater.java:lambda$new$0(102)) - omNode-2@group-523986131536-StateMachineUpdater: snapshotIndex: updateIncreasingly 324 -> 338
2025-04-23 15:46:58,857 [omNode-2@group-523986131536-StateMachineUpdater] INFO  impl.StateMachineUpdater (StateMachineUpdater.java:stop(141)) - omNode-2@group-523986131536-StateMachineUpdater: closing OzoneManagerStateMachine, lastApplied=(t:16, i:338)
2025-04-23 15:46:58,857 [omNode-2@group-523986131536-StateMachineUpdater] INFO  ratis.OzoneManagerStateMachine (OzoneManagerStateMachine.java:close(550)) - Stopping OzoneManagerStateMachine:omNode-2:group-523986131536.
2025-04-23 15:46:58,857 [omNode-2@group-523986131536-StateMachineUpdater] INFO  ratis.OzoneManagerDoubleBuffer (OzoneManagerDoubleBuffer.java:stopDaemon(500)) - Stopping OMDoubleBuffer flush thread
2025-04-23 15:46:58,857 [omNode-2-OMDoubleBufferFlushThread] INFO  ratis.OzoneManagerDoubleBuffer (OzoneManagerDoubleBuffer.java:canFlush(559)) - OMDoubleBuffer flush thread omNode-2-OMDoubleBufferFlushThread is interrupted and will exit.
2025-04-23 15:46:58,857 [Thread-5995] WARN  rocksdiff.RocksDBCheckpointDiffer (RocksDBCheckpointDiffer.java:lambda$onCompactionCompleted$0(492)) - Input file not found in inflightCompactionsMap : /home/runner/work/ozone/ozone/hadoop-ozone/integration-test/target/test-dir/MiniOzoneClusterImpl-5cf50c17-c591-473f-a8c4-88d8665d28d7/omNode-2/om.db/000165.sst which should have been added on compactionBeginListener.
2025-04-23 15:46:58,857 [Thread-5995] WARN  rocksdiff.RocksDBCheckpointDiffer (RocksDBCheckpointDiffer.java:lambda$onCompactionCompleted$0(492)) - Input file not found in inflightCompactionsMap : /home/runner/work/ozone/ozone/hadoop-ozone/integration-test/target/test-dir/MiniOzoneClusterImpl-5cf50c17-c591-473f-a8c4-88d8665d28d7/omNode-2/om.db/000058.sst which should have been added on compactionBeginListener.
2025-04-23 15:46:58,857 [Thread-5995] WARN  rocksdiff.RocksDBCheckpointDiffer (RocksDBCheckpointDiffer.java:lambda$onCompactionCompleted$0(492)) - Input file not found in inflightCompactionsMap : /home/runner/work/ozone/ozone/hadoop-ozone/integration-test/target/test-dir/MiniOzoneClusterImpl-5cf50c17-c591-473f-a8c4-88d8665d28d7/omNode-2/om.db/000179.sst which should have been added on compactionBeginListener.
2025-04-23 15:46:58,857 [Thread-5995] WARN  rocksdiff.RocksDBCheckpointDiffer (RocksDBCheckpointDiffer.java:lambda$onCompactionCompleted$0(492)) - Input file not found in inflightCompactionsMap : /home/runner/work/ozone/ozone/hadoop-ozone/integration-test/target/test-dir/MiniOzoneClusterImpl-5cf50c17-c591-473f-a8c4-88d8665d28d7/omNode-2/om.db/000087.sst which should have been added on compactionBeginListener.
2025-04-23 15:46:58,857 [omNode-2@group-523986131536-cacheEviction-AwaitToRun] INFO  util.AwaitToRun (AwaitToRun.java:run(49)) - omNode-2@group-523986131536-cacheEviction-AwaitToRun-AwaitForSignal is interrupted
2025-04-23 15:46:59,829 [omNode-2-impl-thread1] INFO  segmented.SegmentedRaftLogWorker (SegmentedRaftLogWorker.java:close(252)) - omNode-2@group-523986131536-SegmentedRaftLogWorker close()
2025-04-23 15:46:59,830 [JvmPauseMonitor34] INFO  util.JvmPauseMonitor (JvmPauseMonitor.java:run(152)) - JvmPauseMonitor-omNode-2: Stopped
2025-04-23 15:46:59,830 [main] INFO  utils.BackgroundService (BackgroundService.java:shutdown(161)) - Shutting down service KeyDeletingService
2025-04-23 15:46:59,831 [main] INFO  utils.BackgroundService (BackgroundService.java:shutdown(161)) - Shutting down service DirectoryDeletingService
2025-04-23 15:46:59,832 [main] INFO  utils.BackgroundService (BackgroundService.java:shutdown(161)) - Shutting down service OpenKeyCleanupService
2025-04-23 15:46:59,832 [main] INFO  utils.BackgroundService (BackgroundService.java:shutdown(161)) - Shutting down service SstFilteringService
2025-04-23 15:46:59,832 [main] INFO  utils.BackgroundService (BackgroundService.java:shutdown(161)) - Shutting down service SnapshotDeletingService
2025-04-23 15:46:59,833 [main] INFO  utils.BackgroundService (BackgroundService.java:shutdown(161)) - Shutting down service MultipartUploadCleanupService
2025-04-23 15:46:59,834 [main] INFO  handler.ContextHandler (ContextHandler.java:doStop(1159)) - Stopped o.e.j.w.WebAppContext@1bdc975{ozoneManager,/,null,STOPPED}{file:/home/runner/work/ozone/ozone/hadoop-ozone/integration-test/target/test-classes/webapps/ozoneManager}
2025-04-23 15:46:59,834 [main] INFO  server.AbstractConnector (AbstractConnector.java:doStop(383)) - Stopped ServerConnector@49ecf9a1{HTTP/1.1, (http/1.1)}{0.0.0.0:15011}
2025-04-23 15:46:59,834 [main] INFO  server.session (HouseKeeper.java:stopScavenging(149)) - node0 Stopped scavenging
2025-04-23 15:46:59,834 [main] INFO  handler.ContextHandler (ContextHandler.java:doStop(1159)) - Stopped o.e.j.s.ServletContextHandler@60a7dc34{static,/static,file:///home/runner/work/ozone/ozone/hadoop-ozone/integration-test/target/test-classes/webapps/static,STOPPED}
2025-04-23 15:46:59,834 [main] INFO  handler.ContextHandler (ContextHandler.java:doStop(1159)) - Stopped o.e.j.s.ServletContextHandler@26a4ff1c{logs,/logs,file:///home/runner/work/ozone/ozone/hadoop-ozone/integration-test/target/log,STOPPED}
2025-04-23 15:46:59,835 [main] INFO  rocksdiff.RocksDBCheckpointDiffer (RocksDBCheckpointDiffer.java:close(304)) - Shutting down CompactionDagPruningService.
2025-04-23 15:46:59,837 [main] INFO  snapshot.SnapshotDiffManager (SnapshotDiffManager.java:closeExecutorService(1698)) - Shutting down executorService: 'SnapDiffExecutor'
2025-04-23 15:46:59,837 [main] INFO  utils.BackgroundService (BackgroundService.java:shutdown(161)) - Shutting down service SnapshotDiffCleanupService
2025-04-23 15:46:59,838 [main] INFO  om.OzoneManager (OzoneManager.java:restart(1878)) - OzoneManager RPC server is listening at localhost/127.0.0.1:15014
2025-04-23 15:46:59,838 [main] INFO  impl.MetricsSystemImpl (MetricsSystemImpl.java:init(158)) - OzoneManager metrics system started (again)
2025-04-23 15:46:59,850 [main] WARN  server.ServerUtils (ServerUtils.java:getDBPath(297)) - ozone.om.db.dirs is not configured. We recommend adding this setting. Falling back to ozone.metadata.dirs instead.
2025-04-23 15:46:59,903 [main] INFO  om.OzoneManager (OzoneManager.java:instantiateServices(933)) - S3 Multi-Tenancy is disabled
2025-04-23 15:46:59,904 [main] INFO  om.OmSnapshotManager (OmSnapshotManager.java:<init>(180)) - Ozone filesystem snapshot feature is enabled.
2025-04-23 15:46:59,904 [main] WARN  server.ServerUtils (ServerUtils.java:getDBPath(297)) - ozone.om.snapshot.diff.db.dir is not configured. We recommend adding this setting. Falling back to ozone.metadata.dirs instead.
2025-04-23 15:46:59,923 [main] WARN  server.ServerUtils (ServerUtils.java:getDefaultRatisDirectory(309)) - Storage directory for Ratis is not configured. It is a good idea to map this to an SSD disk. Falling back to ozone.metadata.dirs
2025-04-23 15:46:59,923 [main] INFO  server.RaftServerConfigKeys (ConfUtils.java:logGet(46)) - raft.server.log.appender.buffer.byte-limit = 4194304 (custom)
2025-04-23 15:46:59,924 [main] INFO  ratis.OzoneManagerRatisServer (OzoneManagerRatisServer.java:<init>(167)) - Instantiating OM Ratis server with groupID: om-service-test1 and peers: localhost:15017, localhost:15009, localhost:15013
2025-04-23 15:46:59,924 [main] INFO  ratis.OzoneManagerStateMachine (OzoneManagerStateMachine.java:loadSnapshotInfoFromDB(611)) - LastAppliedIndex is set from TransactionInfo from OM DB as (t:15, i:336)
2025-04-23 15:46:59,925 [main] INFO  server.RaftServer (ConfUtils.java:logGet(46)) - raft.rpc.type = GRPC (default)
2025-04-23 15:46:59,925 [main] INFO  grpc.GrpcConfigKeys (ConfUtils.java:logFallback(53)) - raft.grpc.admin.host = null (fallback to raft.grpc.server.host)
2025-04-23 15:46:59,925 [main] INFO  grpc.GrpcConfigKeys (ConfUtils.java:logFallback(53)) - raft.grpc.admin.port = 15017 (fallback to raft.grpc.server.port)
2025-04-23 15:46:59,925 [main] INFO  grpc.GrpcConfigKeys (ConfUtils.java:logFallback(53)) - raft.grpc.client.host = null (fallback to raft.grpc.server.host)
2025-04-23 15:46:59,925 [main] INFO  grpc.GrpcConfigKeys (ConfUtils.java:logFallback(53)) - raft.grpc.client.port = 15017 (fallback to raft.grpc.server.port)
2025-04-23 15:46:59,925 [main] INFO  grpc.GrpcConfigKeys (ConfUtils.java:logGet(46)) - raft.grpc.server.host = null (default)
2025-04-23 15:46:59,926 [main] INFO  grpc.GrpcConfigKeys (ConfUtils.java:logGet(46)) - raft.grpc.server.port = 15017 (custom)
2025-04-23 15:46:59,926 [main] INFO  server.GrpcService (ConfUtils.java:logGet(46)) - raft.grpc.message.size.max = 5242880 (custom)
2025-04-23 15:46:59,926 [main] INFO  server.GrpcService (ConfUtils.java:logGet(46)) - raft.grpc.flow.control.window = 1MB (=1048576) (default)
2025-04-23 15:46:59,926 [main] INFO  server.RaftServerConfigKeys (ConfUtils.java:logGet(46)) - raft.server.rpc.request.timeout = 3000ms (default)
2025-04-23 15:46:59,926 [main] INFO  grpc.GrpcConfigKeys (ConfUtils.java:logGet(46)) - raft.grpc.server.heartbeat.channel = true (default)
2025-04-23 15:46:59,926 [main] INFO  server.RaftServerConfigKeys (ConfUtils.java:logGet(46)) - raft.server.log.appender.buffer.byte-limit = 4194304 (custom)
2025-04-23 15:46:59,926 [main] INFO  grpc.GrpcConfigKeys (ConfUtils.java:logGet(46)) - raft.grpc.server.async.request.thread.pool.cached = true (default)
2025-04-23 15:46:59,926 [main] INFO  grpc.GrpcConfigKeys (ConfUtils.java:logGet(46)) - raft.grpc.server.async.request.thread.pool.size = 32 (default)
2025-04-23 15:46:59,927 [main] INFO  impl.DataStreamServerImpl (ConfUtils.java:logGet(46)) - raft.datastream.type = DISABLED (default)
2025-04-23 15:46:59,927 [main] INFO  server.RaftServerConfigKeys (ConfUtils.java:logGet(46)) - raft.server.sleep.deviation.threshold = 300ms (default)
2025-04-23 15:46:59,927 [main] INFO  server.RaftServerConfigKeys (ConfUtils.java:logGet(46)) - raft.server.close.threshold = 60s (default)
2025-04-23 15:46:59,927 [main] INFO  server.RaftServerConfigKeys (ConfUtils.java:logGet(46)) - raft.server.leaderelection.leader.step-down.wait-time = 10s (default)
2025-04-23 15:46:59,928 [main] INFO  server.RaftServerConfigKeys (ConfUtils.java:logGet(46)) - raft.server.storage.dir = [/home/runner/work/ozone/ozone/hadoop-ozone/integration-test/target/test-dir/MiniOzoneClusterImpl-5cf50c17-c591-473f-a8c4-88d8665d28d7/omNode-3/ratis] (custom)
2025-04-23 15:46:59,928 [main] INFO  server.RaftServerConfigKeys (ConfUtils.java:logGet(46)) - raft.server.threadpool.proxy.cached = true (default)
2025-04-23 15:46:59,928 [main] INFO  server.RaftServerConfigKeys (ConfUtils.java:logGet(46)) - raft.server.threadpool.proxy.size = 0 (default)
2025-04-23 15:46:59,928 [omNode-3-impl-thread1] INFO  server.RaftServer (RaftServerProxy.java:initGroupDir(265)) - omNode-3: found a subdirectory /home/runner/work/ozone/ozone/hadoop-ozone/integration-test/target/test-dir/MiniOzoneClusterImpl-5cf50c17-c591-473f-a8c4-88d8665d28d7/omNode-3/ratis/c9bc4cf4-3bc3-3c60-a66b-523986131536
2025-04-23 15:46:59,929 [main] INFO  server.RaftServer (RaftServerProxy.java:addNew(100)) - omNode-3: addNew group-523986131536:[omNode-3|localhost:15017, omNode-1|localhost:15009, omNode-2|localhost:15013] returns group-523986131536:java.util.concurrent.CompletableFuture@74a99c7d[Not completed]
2025-04-23 15:46:59,929 [main] INFO  om.OzoneManager (OzoneManager.java:initializeRatisServer(2303)) - OzoneManager Ratis server initialized at port 15017
2025-04-23 15:46:59,929 [main] INFO  ratis.OzoneManagerRatisServer (OzoneManagerRatisServer.java:start(628)) - Starting OzoneManagerRatisServer omNode-3 at port 15017
2025-04-23 15:46:59,929 [omNode-3-groupManagement] INFO  server.RaftServer$Division (RaftServerImpl.java:<init>(255)) - omNode-3: new RaftServerImpl for group-523986131536:[omNode-3|localhost:15017, omNode-1|localhost:15009, omNode-2|localhost:15013] with OzoneManagerStateMachine:uninitialized
2025-04-23 15:46:59,929 [omNode-3-groupManagement] INFO  server.RaftServerConfigKeys (ConfUtils.java:logGet(46)) - raft.server.rpc.timeout.min = 1s (custom)
2025-04-23 15:46:59,929 [omNode-3-groupManagement] INFO  server.RaftServerConfigKeys (ConfUtils.java:logGet(46)) - raft.server.rpc.timeout.max = 1200ms (custom)
2025-04-23 15:46:59,929 [omNode-3-groupManagement] INFO  server.RaftServerConfigKeys (ConfUtils.java:logGet(46)) - raft.server.rpc.sleep.time = 25ms (default)
2025-04-23 15:46:59,929 [omNode-3-groupManagement] INFO  server.RaftServerConfigKeys (ConfUtils.java:logGet(46)) - raft.server.rpc.slowness.timeout = 2s (custom)
2025-04-23 15:46:59,929 [omNode-3-groupManagement] INFO  server.RaftServerConfigKeys (ConfUtils.java:logGet(46)) - raft.server.leaderelection.leader.step-down.wait-time = 10s (default)
2025-04-23 15:46:59,929 [omNode-3-groupManagement] INFO  server.RaftServerConfigKeys (ConfUtils.java:logGet(46)) - raft.server.leaderelection.member.majority-add = false (default)
2025-04-23 15:46:59,929 [omNode-3-groupManagement] INFO  server.RaftServerConfigKeys (ConfUtils.java:logGet(46)) - raft.server.sleep.deviation.threshold = 300ms (default)
2025-04-23 15:46:59,929 [omNode-3-groupManagement] INFO  server.RaftServer$Division (ServerState.java:<init>(114)) - omNode-3@group-523986131536: ConfigurationManager, init=conf: {index: -1, cur=peers:[omNode-3|localhost:15017, omNode-1|localhost:15009, omNode-2|localhost:15013]|listeners:[], old=null}, confs=<EMPTY_MAP>
2025-04-23 15:46:59,929 [omNode-3-groupManagement] INFO  server.RaftServerConfigKeys (ConfUtils.java:logGet(46)) - raft.server.notification.no-leader.timeout = 2s (custom)
2025-04-23 15:46:59,929 [omNode-3-groupManagement] INFO  server.RaftServerConfigKeys (ConfUtils.java:logGet(46)) - raft.server.read.timeout = 10s (default)
2025-04-23 15:46:59,929 [omNode-3-groupManagement] INFO  server.RaftServerConfigKeys (ConfUtils.java:logGet(46)) - raft.server.retrycache.expirytime = 30000ms (custom)
2025-04-23 15:46:59,930 [omNode-3-groupManagement] INFO  server.RaftServerConfigKeys (ConfUtils.java:logGet(46)) - raft.server.retrycache.statistics.expirytime = 100ms (default)
2025-04-23 15:46:59,930 [omNode-3-groupManagement] INFO  server.RaftServerConfigKeys (ConfUtils.java:logGet(46)) - raft.server.read.option = DEFAULT (default)
2025-04-23 15:46:59,930 [omNode-3-groupManagement] INFO  server.RaftServerConfigKeys (ConfUtils.java:logGet(46)) - raft.server.read.read-after-write-consistent.write-index-cache.expiry-time = 60s (default)
2025-04-23 15:46:59,931 [omNode-3-groupManagement] INFO  server.RaftServerConfigKeys (ConfUtils.java:logGet(46)) - raft.server.rpc.request.timeout = 3000ms (default)
2025-04-23 15:46:59,931 [omNode-3-groupManagement] INFO  server.RaftServerConfigKeys (ConfUtils.java:logGet(46)) - raft.server.log.appender.install.snapshot.enabled = false (custom)
2025-04-23 15:46:59,931 [omNode-3-groupManagement] INFO  server.RaftServerConfigKeys (ConfUtils.java:logGet(46)) - raft.server.threadpool.server.cached = true (default)
2025-04-23 15:46:59,932 [omNode-3-groupManagement] INFO  server.RaftServerConfigKeys (ConfUtils.java:logGet(46)) - raft.server.threadpool.server.size = 0 (default)
2025-04-23 15:46:59,932 [omNode-3-groupManagement] INFO  server.RaftServerConfigKeys (ConfUtils.java:logGet(46)) - raft.server.threadpool.client.cached = true (default)
2025-04-23 15:46:59,932 [omNode-3-groupManagement] INFO  server.RaftServerConfigKeys (ConfUtils.java:logGet(46)) - raft.server.threadpool.client.size = 0 (default)
2025-04-23 15:46:59,932 [omNode-3-impl-thread1] INFO  server.RaftServerConfigKeys (ConfUtils.java:logGet(46)) - raft.server.storage.free-space.min = 0MB (=0) (default)
2025-04-23 15:46:59,932 [omNode-3-impl-thread1] INFO  server.RaftServerConfigKeys (ConfUtils.java:logGet(46)) - raft.server.log.corruption.policy = EXCEPTION (default)
2025-04-23 15:46:59,932 [omNode-3-impl-thread1] INFO  server.RaftServerConfigKeys (ConfUtils.java:logGet(46)) - raft.server.storage.dir = [/home/runner/work/ozone/ozone/hadoop-ozone/integration-test/target/test-dir/MiniOzoneClusterImpl-5cf50c17-c591-473f-a8c4-88d8665d28d7/omNode-3/ratis] (custom)
2025-04-23 15:46:59,933 [omNode-3-impl-thread1] INFO  storage.RaftStorageDirectory (RaftStorageDirectoryImpl.java:tryLock(229)) - Lock on /home/runner/work/ozone/ozone/hadoop-ozone/integration-test/target/test-dir/MiniOzoneClusterImpl-5cf50c17-c591-473f-a8c4-88d8665d28d7/omNode-3/ratis/c9bc4cf4-3bc3-3c60-a66b-523986131536/in_use.lock acquired by nodename 129659@fv-az1337-835
2025-04-23 15:46:59,934 [omNode-3-impl-thread1] INFO  storage.RaftStorage (RaftStorageImpl.java:analyzeAndRecoverStorage(118)) - Read RaftStorageMetadata{term=16, votedFor=omNode-1} from /home/runner/work/ozone/ozone/hadoop-ozone/integration-test/target/test-dir/MiniOzoneClusterImpl-5cf50c17-c591-473f-a8c4-88d8665d28d7/omNode-3/ratis/c9bc4cf4-3bc3-3c60-a66b-523986131536/current/raft-meta
2025-04-23 15:46:59,934 [omNode-3-impl-thread1] INFO  server.RaftServer$Division (ServerState.java:setRaftConf(386)) - omNode-3@group-523986131536: set configuration conf: {index: 325, cur=peers:[omNode-3|localhost:15017, omNode-1|localhost:15009, omNode-2|localhost:15013]|listeners:[], old=null}
2025-04-23 15:46:59,934 [omNode-3-impl-thread1] INFO  ratis.OzoneManagerStateMachine (OzoneManagerStateMachine.java:lambda$0(138)) - omNode-3: initialize group-523986131536 with (t:15, i:336)
2025-04-23 15:46:59,934 [omNode-3-impl-thread1] INFO  server.RaftServerConfigKeys (ConfUtils.java:logGet(46)) - raft.server.log.use.memory = false (default)
2025-04-23 15:46:59,934 [omNode-3-impl-thread1] INFO  server.RaftServerConfigKeys (ConfUtils.java:logGet(46)) - raft.server.log.purge.gap = 50 (custom)
2025-04-23 15:46:59,934 [omNode-3-impl-thread1] INFO  server.RaftServerConfigKeys (ConfUtils.java:logGet(46)) - raft.server.log.appender.buffer.byte-limit = 4194304 (custom)
2025-04-23 15:46:59,934 [omNode-3-impl-thread1] INFO  server.RaftServerConfigKeys (ConfUtils.java:logGet(46)) - raft.server.log.statemachine.data.read.timeout = 1000ms (default)
2025-04-23 15:46:59,934 [omNode-3-impl-thread1] INFO  server.RaftServerConfigKeys (ConfUtils.java:logGet(46)) - raft.server.log.purge.preservation.log.num = 0 (default)
2025-04-23 15:46:59,935 [omNode-3-impl-thread1] INFO  server.RaftServerConfigKeys (ConfUtils.java:logGet(46)) - raft.server.log.segment.size.max = 4194304 (custom)
2025-04-23 15:46:59,935 [omNode-3-impl-thread1] INFO  server.RaftServerConfigKeys (ConfUtils.java:logGet(46)) - raft.server.log.segment.cache.num.max = 2 (custom)
2025-04-23 15:46:59,935 [omNode-3-impl-thread1] INFO  server.RaftServerConfigKeys (ConfUtils.java:logGet(46)) - raft.server.log.segment.cache.size.max = 200MB (=209715200) (default)
2025-04-23 15:46:59,935 [omNode-3-impl-thread1] INFO  server.RaftServerConfigKeys (ConfUtils.java:logGet(46)) - raft.server.log.appender.buffer.byte-limit = 4194304 (custom)
2025-04-23 15:46:59,936 [omNode-3-impl-thread1] INFO  util.AwaitToRun (AwaitToRun.java:start(81)) - Thread[#6913,omNode-3@group-523986131536-cacheEviction-AwaitToRun,5,main] started
2025-04-23 15:46:59,936 [omNode-3-impl-thread1] INFO  segmented.SegmentedRaftLogWorker (SegmentedRaftLogWorker.java:<init>(188)) - new omNode-3@group-523986131536-SegmentedRaftLogWorker for RaftStorageImpl:Storage Directory /home/runner/work/ozone/ozone/hadoop-ozone/integration-test/target/test-dir/MiniOzoneClusterImpl-5cf50c17-c591-473f-a8c4-88d8665d28d7/omNode-3/ratis/c9bc4cf4-3bc3-3c60-a66b-523986131536
2025-04-23 15:46:59,936 [omNode-3-impl-thread1] INFO  server.RaftServerConfigKeys (ConfUtils.java:logGet(46)) - raft.server.log.queue.byte-limit = 64MB (=67108864) (default)
2025-04-23 15:46:59,936 [omNode-3-impl-thread1] INFO  server.RaftServerConfigKeys (ConfUtils.java:logGet(46)) - raft.server.log.queue.element-limit = 4096 (default)
2025-04-23 15:46:59,936 [omNode-3-impl-thread1] INFO  server.RaftServerConfigKeys (ConfUtils.java:logGet(46)) - raft.server.log.segment.size.max = 4194304 (custom)
2025-04-23 15:46:59,936 [omNode-3-impl-thread1] INFO  server.RaftServerConfigKeys (ConfUtils.java:logGet(46)) - raft.server.log.preallocated.size = 4194304 (custom)
2025-04-23 15:46:59,936 [omNode-3-impl-thread1] INFO  server.RaftServerConfigKeys (ConfUtils.java:logGet(46)) - raft.server.log.force.sync.num = 128 (default)
2025-04-23 15:46:59,936 [omNode-3-impl-thread1] INFO  server.RaftServerConfigKeys (ConfUtils.java:logGet(46)) - raft.server.log.statemachine.data.sync = true (default)
2025-04-23 15:46:59,936 [omNode-3-impl-thread1] INFO  server.RaftServerConfigKeys (ConfUtils.java:logGet(46)) - raft.server.log.statemachine.data.sync.timeout = 10s (default)
2025-04-23 15:46:59,936 [omNode-3-impl-thread1] INFO  server.RaftServerConfigKeys (ConfUtils.java:logGet(46)) - raft.server.log.statemachine.data.sync.timeout.retry = -1 (default)
2025-04-23 15:46:59,936 [omNode-3-impl-thread1] INFO  server.RaftServerConfigKeys (ConfUtils.java:logGet(46)) - raft.server.log.write.buffer.size = 4194312 (custom)
2025-04-23 15:46:59,936 [omNode-3-impl-thread1] INFO  server.RaftServerConfigKeys (ConfUtils.java:logGet(46)) - raft.server.log.appender.buffer.byte-limit = 4194304 (custom)
2025-04-23 15:46:59,936 [omNode-3-impl-thread1] INFO  server.RaftServerConfigKeys (ConfUtils.java:logGet(46)) - raft.server.log.unsafe-flush.enabled = false (default)
2025-04-23 15:46:59,936 [omNode-3-impl-thread1] INFO  server.RaftServerConfigKeys (ConfUtils.java:logGet(46)) - raft.server.log.async-flush.enabled = false (default)
2025-04-23 15:46:59,937 [omNode-3-impl-thread1] INFO  server.RaftServerConfigKeys (ConfUtils.java:logGet(46)) - raft.server.log.statemachine.data.caching.enabled = false (default)
2025-04-23 15:46:59,937 [omNode-3-impl-thread1] INFO  server.RaftServer$Division (ServerState.java:setRaftConf(386)) - omNode-3@group-523986131536: set configuration conf: {index: 313, cur=peers:[omNode-3|localhost:15017, omNode-1|localhost:15009, omNode-2|localhost:15013]|listeners:[], old=null}
2025-04-23 15:46:59,937 [omNode-3-impl-thread1] INFO  segmented.LogSegment (LogSegment.java:loadSegment(171)) - Successfully read 12 entries from segment file /home/runner/work/ozone/ozone/hadoop-ozone/integration-test/target/test-dir/MiniOzoneClusterImpl-5cf50c17-c591-473f-a8c4-88d8665d28d7/omNode-3/ratis/c9bc4cf4-3bc3-3c60-a66b-523986131536/current/log_313-324
2025-04-23 15:46:59,937 [omNode-3-impl-thread1] INFO  server.RaftServer$Division (ServerState.java:setRaftConf(386)) - omNode-3@group-523986131536: set configuration conf: {index: 325, cur=peers:[omNode-3|localhost:15017, omNode-1|localhost:15009, omNode-2|localhost:15013]|listeners:[], old=null}
2025-04-23 15:46:59,938 [omNode-3-impl-thread1] INFO  segmented.LogSegment (LogSegment.java:loadSegment(171)) - Successfully read 12 entries from segment file /home/runner/work/ozone/ozone/hadoop-ozone/integration-test/target/test-dir/MiniOzoneClusterImpl-5cf50c17-c591-473f-a8c4-88d8665d28d7/omNode-3/ratis/c9bc4cf4-3bc3-3c60-a66b-523986131536/current/log_325-336
2025-04-23 15:46:59,938 [omNode-3-impl-thread1] INFO  server.RaftServer$Division (ServerState.java:setRaftConf(386)) - omNode-3@group-523986131536: set configuration conf: {index: 337, cur=peers:[omNode-3|localhost:15017, omNode-1|localhost:15009, omNode-2|localhost:15013]|listeners:[], old=null}
2025-04-23 15:46:59,938 [omNode-3-impl-thread1] INFO  segmented.LogSegment (LogSegment.java:loadSegment(171)) - Successfully read 1 entries from segment file /home/runner/work/ozone/ozone/hadoop-ozone/integration-test/target/test-dir/MiniOzoneClusterImpl-5cf50c17-c591-473f-a8c4-88d8665d28d7/omNode-3/ratis/c9bc4cf4-3bc3-3c60-a66b-523986131536/current/log_inprogress_337
2025-04-23 15:46:59,938 [omNode-3-impl-thread1] INFO  segmented.SegmentedRaftLogWorker (SegmentedRaftLogWorker.java:lambda$new$0(139)) - omNode-3@group-523986131536-SegmentedRaftLogWorker: flushIndex: setUnconditionally 0 -> 337
2025-04-23 15:46:59,938 [omNode-3-impl-thread1] INFO  segmented.SegmentedRaftLogWorker (SegmentedRaftLogWorker.java:lambda$new$0(139)) - omNode-3@group-523986131536-SegmentedRaftLogWorker: safeCacheEvictIndex: setUnconditionally 0 -> 336
2025-04-23 15:46:59,938 [omNode-3-impl-thread1] INFO  segmented.BufferedWriteChannel (BufferedWriteChannel.java:open(61)) - open log_inprogress_337 (append) at position 113
2025-04-23 15:46:59,938 [omNode-3-impl-thread1] INFO  raftlog.RaftLog (RaftLogBase.java:lambda$new$0(54)) - omNode-3@group-523986131536-SegmentedRaftLog: purgeIndex: updateToMax old=-1, new=312, updated? true
2025-04-23 15:46:59,938 [omNode-3-impl-thread1] INFO  server.RaftServer$Division (RaftServerImpl.java:start(391)) - omNode-3@group-523986131536: start as a follower, conf=conf: {index: 337, cur=peers:[omNode-3|localhost:15017, omNode-1|localhost:15009, omNode-2|localhost:15013]|listeners:[], old=null}
2025-04-23 15:46:59,938 [omNode-3-impl-thread1] INFO  server.RaftServer$Division (RaftServerImpl.java:setRole(378)) - omNode-3@group-523986131536: changes role from      null to FOLLOWER at term 16 for startAsFollower
2025-04-23 15:46:59,938 [omNode-3-impl-thread1] INFO  impl.RoleInfo (RoleInfo.java:updateAndGet(148)) - omNode-3: start omNode-3@group-523986131536-FollowerState
2025-04-23 15:46:59,939 [omNode-3@group-523986131536-FollowerState] INFO  server.RaftServerConfigKeys (ConfUtils.java:logFallback(53)) - raft.server.rpc.first-election.timeout.min = 1s (fallback to raft.server.rpc.timeout.min)
2025-04-23 15:46:59,939 [omNode-3-impl-thread1] INFO  util.JmxRegister (JmxRegister.java:tryRegister(44)) - Successfully registered JMX Bean with object name Ratis:service=RaftServer,group=group-523986131536,id=omNode-3
2025-04-23 15:46:59,939 [omNode-3-impl-thread1] INFO  util.JmxRegister (JmxRegister.java:register(58)) - register mxBean class org.apache.ratis.server.impl.RaftServerJmxAdapter as Ratis:service=RaftServer,group=group-523986131536,id=omNode-3
2025-04-23 15:46:59,939 [omNode-3-impl-thread1] INFO  server.RaftServerConfigKeys (ConfUtils.java:logGet(46)) - raft.server.snapshot.trigger-when-stop.enabled = true (default)
2025-04-23 15:46:59,939 [omNode-3-impl-thread1] INFO  server.RaftServerConfigKeys (ConfUtils.java:logGet(46)) - raft.server.snapshot.trigger-when-remove.enabled = true (default)
2025-04-23 15:46:59,939 [omNode-3-impl-thread1] INFO  server.RaftServerConfigKeys (ConfUtils.java:logGet(46)) - raft.server.snapshot.auto.trigger.enabled = true (custom)
2025-04-23 15:46:59,939 [omNode-3@group-523986131536-FollowerState] INFO  server.RaftServerConfigKeys (ConfUtils.java:logFallback(53)) - raft.server.rpc.first-election.timeout.max = 1200ms (fallback to raft.server.rpc.timeout.max)
2025-04-23 15:46:59,939 [omNode-3-impl-thread1] INFO  server.RaftServerConfigKeys (ConfUtils.java:logGet(46)) - raft.server.snapshot.auto.trigger.threshold = 50 (custom)
2025-04-23 15:46:59,939 [omNode-3-impl-thread1] INFO  server.RaftServerConfigKeys (ConfUtils.java:logGet(46)) - raft.server.snapshot.retention.file.num = -1 (default)
2025-04-23 15:46:59,939 [omNode-3-impl-thread1] INFO  server.RaftServerConfigKeys (ConfUtils.java:logGet(46)) - raft.server.log.purge.upto.snapshot.index = true (custom)
2025-04-23 15:46:59,940 [omNode-3-impl-thread1] INFO  server.RaftServer$Division (RaftServerImpl.java:start(405)) - omNode-3@group-523986131536: Successfully started.
2025-04-23 15:46:59,940 [main] INFO  server.RaftServer (RaftServerProxy.java:startImpl(407)) - omNode-3: start RPC server
2025-04-23 15:46:59,940 [main] INFO  server.GrpcService (GrpcService.java:startImpl(334)) - omNode-3: GrpcService started, listening on 15017
2025-04-23 15:46:59,940 [main] INFO  om.OzoneManager (OzoneManager.java:getRpcServer(1360)) - Creating RPC Server
2025-04-23 15:46:59,941 [JvmPauseMonitor35] INFO  util.JvmPauseMonitor (JvmPauseMonitor.java:run(146)) - JvmPauseMonitor-omNode-3: Started
2025-04-23 15:47:00,311 [main] INFO  reflections.Reflections (Reflections.java:scan(219)) - Reflections took 370 ms to scan 22 urls, producing 61 keys and 7422 values
2025-04-23 15:47:00,313 [main] INFO  ipc.CallQueueManager (CallQueueManager.java:<init>(93)) - Using callQueue: class java.util.concurrent.LinkedBlockingQueue, queueCapacity: 2000, scheduler: class org.apache.hadoop.ipc.DefaultRpcScheduler, ipcBackoff: false, ipcFailOver: false.
2025-04-23 15:47:00,313 [main] INFO  ipc.Server (Server.java:<init>(1438)) - Listener at localhost:15014
2025-04-23 15:47:00,313 [Socket Reader #1 for port 15014] INFO  ipc.Server (Server.java:run(1474)) - Starting Socket Reader #1 for port 15014
2025-04-23 15:47:00,313 [Socket Reader #2 for port 15014] INFO  ipc.Server (Server.java:run(1474)) - Starting Socket Reader #2 for port 15014
2025-04-23 15:47:00,314 [Socket Reader #3 for port 15014] INFO  ipc.Server (Server.java:run(1474)) - Starting Socket Reader #3 for port 15014
2025-04-23 15:47:00,314 [Socket Reader #4 for port 15014] INFO  ipc.Server (Server.java:run(1474)) - Starting Socket Reader #4 for port 15014
2025-04-23 15:47:00,314 [Socket Reader #5 for port 15014] INFO  ipc.Server (Server.java:run(1474)) - Starting Socket Reader #5 for port 15014
2025-04-23 15:47:00,314 [Socket Reader #6 for port 15014] INFO  ipc.Server (Server.java:run(1474)) - Starting Socket Reader #6 for port 15014
2025-04-23 15:47:00,314 [Socket Reader #7 for port 15014] INFO  ipc.Server (Server.java:run(1474)) - Starting Socket Reader #7 for port 15014
2025-04-23 15:47:00,314 [Socket Reader #8 for port 15014] INFO  ipc.Server (Server.java:run(1474)) - Starting Socket Reader #8 for port 15014
2025-04-23 15:47:00,314 [Socket Reader #9 for port 15014] INFO  ipc.Server (Server.java:run(1474)) - Starting Socket Reader #9 for port 15014
2025-04-23 15:47:00,315 [Socket Reader #10 for port 15014] INFO  ipc.Server (Server.java:run(1474)) - Starting Socket Reader #10 for port 15014
2025-04-23 15:47:00,317 [main] INFO  http.BaseHttpServer (BaseHttpServer.java:newHttpServer2BuilderForOzone(229)) - Starting Web-server for ozoneManager at: http://0.0.0.0:15015
2025-04-23 15:47:00,317 [main] INFO  http.BaseHttpServer (BaseHttpServer.java:<init>(107)) - Hadoop Security Enabled: false Ozone Security Enabled: false Ozone HTTP Security Enabled: false 
2025-04-23 15:47:00,318 [main] WARN  server.AuthenticationFilter (AuthenticationFilter.java:constructSecretProvider(240)) - Unable to initialize FileSignerSecretProvider, falling back to use random secrets. Reason: Could not read signature secret file: /home/runner/hadoop-http-auth-signature-secret
2025-04-23 15:47:00,319 [main] INFO  http.HttpServer2 (HttpServer2.java:addGlobalFilter(1041)) - Added global filter 'safety' (class=org.apache.hadoop.hdds.server.http.HttpServer2$QuotingInputFilter)
2025-04-23 15:47:00,319 [main] INFO  http.HttpServer2 (HttpServer2.java:addFilter(1017)) - Added filter static_user_filter (class=org.apache.hadoop.http.lib.StaticUserWebFilter$StaticUserFilter) to context ozoneManager
2025-04-23 15:47:00,320 [main] INFO  http.HttpServer2 (HttpServer2.java:addFilter(1025)) - Added filter static_user_filter (class=org.apache.hadoop.http.lib.StaticUserWebFilter$StaticUserFilter) to context static
2025-04-23 15:47:00,320 [main] INFO  http.HttpServer2 (HttpServer2.java:addFilter(1025)) - Added filter static_user_filter (class=org.apache.hadoop.http.lib.StaticUserWebFilter$StaticUserFilter) to context logs
2025-04-23 15:47:00,320 [main] INFO  http.BaseHttpServer (BaseHttpServer.java:<init>(195)) - HTTP server of ozoneManager uses base directory /home/runner/work/ozone/ozone/hadoop-ozone/integration-test/target/test-dir/MiniOzoneClusterImpl-5cf50c17-c591-473f-a8c4-88d8665d28d7/omNode-3/webserver
2025-04-23 15:47:00,320 [main] INFO  http.HttpServer2 (HttpServer2.java:bindListener(1241)) - Jetty bound to port 15015
2025-04-23 15:47:00,320 [main] INFO  server.Server (Server.java:doStart(375)) - jetty-9.4.57.v20241219; built: 2025-01-08T21:24:30.412Z; git: df524e6b29271c2e09ba9aea83c18dc9db464a31; jvm 21.0.7+6-LTS
2025-04-23 15:47:00,322 [main] INFO  server.session (DefaultSessionIdManager.java:doStart(334)) - DefaultSessionIdManager workerName=node0
2025-04-23 15:47:00,322 [main] INFO  server.session (DefaultSessionIdManager.java:doStart(339)) - No SessionScavenger set, using defaults
2025-04-23 15:47:00,322 [main] INFO  server.session (HouseKeeper.java:startScavenging(132)) - node0 Scavenging every 660000ms
2025-04-23 15:47:00,322 [main] INFO  handler.ContextHandler (ContextHandler.java:doStart(921)) - Started o.e.j.s.ServletContextHandler@32647fea{logs,/logs,file:///home/runner/work/ozone/ozone/hadoop-ozone/integration-test/target/log,AVAILABLE}
2025-04-23 15:47:00,323 [main] INFO  handler.ContextHandler (ContextHandler.java:doStart(921)) - Started o.e.j.s.ServletContextHandler@6fc179e4{static,/static,file:///home/runner/work/ozone/ozone/hadoop-ozone/integration-test/target/test-classes/webapps/static,AVAILABLE}
2025-04-23 15:47:00,326 [main] INFO  handler.ContextHandler (ContextHandler.java:doStart(921)) - Started o.e.j.w.WebAppContext@6f52d523{ozoneManager,/,file:///home/runner/work/ozone/ozone/hadoop-ozone/integration-test/target/test-classes/webapps/ozoneManager/,AVAILABLE}{file:/home/runner/work/ozone/ozone/hadoop-ozone/integration-test/target/test-classes/webapps/ozoneManager}
2025-04-23 15:47:00,327 [main] INFO  server.AbstractConnector (AbstractConnector.java:doStart(333)) - Started ServerConnector@2686583c{HTTP/1.1, (http/1.1)}{0.0.0.0:15015}
2025-04-23 15:47:00,327 [main] INFO  server.Server (Server.java:doStart(415)) - Started @155309ms
2025-04-23 15:47:00,327 [main] WARN  impl.MetricsSystemImpl (MetricsSystemImpl.java:register(279)) - Sink prometheus already exists!
2025-04-23 15:47:00,327 [main] INFO  http.BaseHttpServer (BaseHttpServer.java:updateConnectorAddress(360)) - HTTP server of ozoneManager listening at http://0.0.0.0:15015
2025-04-23 15:47:00,328 [IPC Server Responder] INFO  ipc.Server (Server.java:run(1713)) - IPC Server Responder: starting
2025-04-23 15:47:00,328 [IPC Server listener on 15014] INFO  ipc.Server (Server.java:run(1553)) - IPC Server listener on 15014: starting
2025-04-23 15:47:00,330 [main] INFO  om.OzoneManager (OzoneManager.java:startTrashEmptier(2257)) - Trash Interval set to 0. Files deleted won't move to trash
2025-04-23 15:47:00,331 [main] INFO  om.OzoneManager (OzoneManager.java:restart(1878)) - OzoneManager RPC server is listening at localhost/127.0.0.1:15006
2025-04-23 15:47:00,331 [main] INFO  impl.MetricsSystemImpl (MetricsSystemImpl.java:init(158)) - OzoneManager metrics system started (again)
2025-04-23 15:47:00,343 [main] WARN  server.ServerUtils (ServerUtils.java:getDBPath(297)) - ozone.om.db.dirs is not configured. We recommend adding this setting. Falling back to ozone.metadata.dirs instead.
2025-04-23 15:47:00,385 [main] INFO  om.OzoneManager (OzoneManager.java:instantiateServices(933)) - S3 Multi-Tenancy is disabled
2025-04-23 15:47:00,386 [main] INFO  om.OmSnapshotManager (OmSnapshotManager.java:<init>(180)) - Ozone filesystem snapshot feature is enabled.
2025-04-23 15:47:00,386 [main] WARN  server.ServerUtils (ServerUtils.java:getDBPath(297)) - ozone.om.snapshot.diff.db.dir is not configured. We recommend adding this setting. Falling back to ozone.metadata.dirs instead.
2025-04-23 15:47:00,401 [main] WARN  dropwizard3.Dm3MetricRegistriesImpl (Dm3MetricRegistriesImpl.java:addReporterRegistration(114)) - New reporters are added after registries were created. Some metrics will be missing from the reporter. Please add reporter before adding any new registry.
2025-04-23 15:47:00,401 [main] WARN  dropwizard3.Dm3MetricRegistriesImpl (Dm3MetricRegistriesImpl.java:addReporterRegistration(114)) - New reporters are added after registries were created. Some metrics will be missing from the reporter. Please add reporter before adding any new registry.
2025-04-23 15:47:00,401 [main] WARN  server.ServerUtils (ServerUtils.java:getDefaultRatisDirectory(309)) - Storage directory for Ratis is not configured. It is a good idea to map this to an SSD disk. Falling back to ozone.metadata.dirs
2025-04-23 15:47:00,401 [main] INFO  server.RaftServerConfigKeys (ConfUtils.java:logGet(46)) - raft.server.log.appender.buffer.byte-limit = 4194304 (custom)
2025-04-23 15:47:00,402 [main] INFO  ratis.OzoneManagerRatisServer (OzoneManagerRatisServer.java:<init>(167)) - Instantiating OM Ratis server with groupID: om-service-test1 and peers: localhost:15009, localhost:15017, localhost:15013
2025-04-23 15:47:00,402 [main] INFO  ratis.OzoneManagerStateMachine (OzoneManagerStateMachine.java:loadSnapshotInfoFromDB(611)) - LastAppliedIndex is set from TransactionInfo from OM DB as (t:16, i:338)
2025-04-23 15:47:00,403 [main] INFO  server.RaftServer (ConfUtils.java:logGet(46)) - raft.rpc.type = GRPC (default)
2025-04-23 15:47:00,403 [main] INFO  grpc.GrpcConfigKeys (ConfUtils.java:logFallback(53)) - raft.grpc.admin.host = null (fallback to raft.grpc.server.host)
2025-04-23 15:47:00,403 [main] INFO  grpc.GrpcConfigKeys (ConfUtils.java:logFallback(53)) - raft.grpc.admin.port = 15009 (fallback to raft.grpc.server.port)
2025-04-23 15:47:00,403 [main] INFO  grpc.GrpcConfigKeys (ConfUtils.java:logFallback(53)) - raft.grpc.client.host = null (fallback to raft.grpc.server.host)
2025-04-23 15:47:00,403 [main] INFO  grpc.GrpcConfigKeys (ConfUtils.java:logFallback(53)) - raft.grpc.client.port = 15009 (fallback to raft.grpc.server.port)
2025-04-23 15:47:00,403 [main] INFO  grpc.GrpcConfigKeys (ConfUtils.java:logGet(46)) - raft.grpc.server.host = null (default)
2025-04-23 15:47:00,403 [main] INFO  grpc.GrpcConfigKeys (ConfUtils.java:logGet(46)) - raft.grpc.server.port = 15009 (custom)
2025-04-23 15:47:00,403 [main] INFO  server.GrpcService (ConfUtils.java:logGet(46)) - raft.grpc.message.size.max = 5242880 (custom)
2025-04-23 15:47:00,403 [main] INFO  server.GrpcService (ConfUtils.java:logGet(46)) - raft.grpc.flow.control.window = 1MB (=1048576) (default)
2025-04-23 15:47:00,403 [main] INFO  server.RaftServerConfigKeys (ConfUtils.java:logGet(46)) - raft.server.rpc.request.timeout = 3000ms (default)
2025-04-23 15:47:00,404 [main] INFO  grpc.GrpcConfigKeys (ConfUtils.java:logGet(46)) - raft.grpc.server.heartbeat.channel = true (default)
2025-04-23 15:47:00,404 [main] INFO  server.RaftServerConfigKeys (ConfUtils.java:logGet(46)) - raft.server.log.appender.buffer.byte-limit = 4194304 (custom)
2025-04-23 15:47:00,404 [main] INFO  grpc.GrpcConfigKeys (ConfUtils.java:logGet(46)) - raft.grpc.server.async.request.thread.pool.cached = true (default)
2025-04-23 15:47:00,404 [main] INFO  grpc.GrpcConfigKeys (ConfUtils.java:logGet(46)) - raft.grpc.server.async.request.thread.pool.size = 32 (default)
2025-04-23 15:47:00,405 [main] INFO  impl.DataStreamServerImpl (ConfUtils.java:logGet(46)) - raft.datastream.type = DISABLED (default)
2025-04-23 15:47:00,405 [main] INFO  server.RaftServerConfigKeys (ConfUtils.java:logGet(46)) - raft.server.sleep.deviation.threshold = 300ms (default)
2025-04-23 15:47:00,405 [main] INFO  server.RaftServerConfigKeys (ConfUtils.java:logGet(46)) - raft.server.close.threshold = 60s (default)
2025-04-23 15:47:00,405 [main] INFO  server.RaftServerConfigKeys (ConfUtils.java:logGet(46)) - raft.server.leaderelection.leader.step-down.wait-time = 10s (default)
2025-04-23 15:47:00,405 [main] INFO  server.RaftServerConfigKeys (ConfUtils.java:logGet(46)) - raft.server.storage.dir = [/home/runner/work/ozone/ozone/hadoop-ozone/integration-test/target/test-dir/MiniOzoneClusterImpl-5cf50c17-c591-473f-a8c4-88d8665d28d7/omNode-1/ratis] (custom)
2025-04-23 15:47:00,405 [main] INFO  server.RaftServerConfigKeys (ConfUtils.java:logGet(46)) - raft.server.threadpool.proxy.cached = true (default)
2025-04-23 15:47:00,405 [main] INFO  server.RaftServerConfigKeys (ConfUtils.java:logGet(46)) - raft.server.threadpool.proxy.size = 0 (default)
2025-04-23 15:47:00,406 [omNode-1-impl-thread1] INFO  server.RaftServer (RaftServerProxy.java:initGroupDir(265)) - omNode-1: found a subdirectory /home/runner/work/ozone/ozone/hadoop-ozone/integration-test/target/test-dir/MiniOzoneClusterImpl-5cf50c17-c591-473f-a8c4-88d8665d28d7/omNode-1/ratis/c9bc4cf4-3bc3-3c60-a66b-523986131536
2025-04-23 15:47:00,406 [main] INFO  server.RaftServer (RaftServerProxy.java:addNew(100)) - omNode-1: addNew group-523986131536:[omNode-3|localhost:15017, omNode-1|localhost:15009, omNode-2|localhost:15013] returns group-523986131536:java.util.concurrent.CompletableFuture@38029fe2[Not completed]
2025-04-23 15:47:00,406 [main] INFO  om.OzoneManager (OzoneManager.java:initializeRatisServer(2303)) - OzoneManager Ratis server initialized at port 15009
2025-04-23 15:47:00,406 [main] INFO  ratis.OzoneManagerRatisServer (OzoneManagerRatisServer.java:start(628)) - Starting OzoneManagerRatisServer omNode-1 at port 15009
2025-04-23 15:47:00,406 [omNode-1-groupManagement] INFO  server.RaftServer$Division (RaftServerImpl.java:<init>(255)) - omNode-1: new RaftServerImpl for group-523986131536:[omNode-3|localhost:15017, omNode-1|localhost:15009, omNode-2|localhost:15013] with OzoneManagerStateMachine:uninitialized
2025-04-23 15:47:00,406 [omNode-1-groupManagement] INFO  server.RaftServerConfigKeys (ConfUtils.java:logGet(46)) - raft.server.rpc.timeout.min = 1s (custom)
2025-04-23 15:47:00,406 [omNode-1-groupManagement] INFO  server.RaftServerConfigKeys (ConfUtils.java:logGet(46)) - raft.server.rpc.timeout.max = 1200ms (custom)
2025-04-23 15:47:00,407 [omNode-1-groupManagement] INFO  server.RaftServerConfigKeys (ConfUtils.java:logGet(46)) - raft.server.rpc.sleep.time = 25ms (default)
2025-04-23 15:47:00,407 [omNode-1-groupManagement] INFO  server.RaftServerConfigKeys (ConfUtils.java:logGet(46)) - raft.server.rpc.slowness.timeout = 2s (custom)
2025-04-23 15:47:00,407 [omNode-1-groupManagement] INFO  server.RaftServerConfigKeys (ConfUtils.java:logGet(46)) - raft.server.leaderelection.leader.step-down.wait-time = 10s (default)
2025-04-23 15:47:00,407 [omNode-1-groupManagement] INFO  server.RaftServerConfigKeys (ConfUtils.java:logGet(46)) - raft.server.leaderelection.member.majority-add = false (default)
2025-04-23 15:47:00,407 [omNode-1-groupManagement] INFO  server.RaftServerConfigKeys (ConfUtils.java:logGet(46)) - raft.server.sleep.deviation.threshold = 300ms (default)
2025-04-23 15:47:00,407 [omNode-1-groupManagement] INFO  server.RaftServer$Division (ServerState.java:<init>(114)) - omNode-1@group-523986131536: ConfigurationManager, init=conf: {index: -1, cur=peers:[omNode-3|localhost:15017, omNode-1|localhost:15009, omNode-2|localhost:15013]|listeners:[], old=null}, confs=<EMPTY_MAP>
2025-04-23 15:47:00,407 [omNode-1-groupManagement] INFO  server.RaftServerConfigKeys (ConfUtils.java:logGet(46)) - raft.server.notification.no-leader.timeout = 2s (custom)
2025-04-23 15:47:00,407 [omNode-1-groupManagement] INFO  server.RaftServerConfigKeys (ConfUtils.java:logGet(46)) - raft.server.read.timeout = 10s (default)
2025-04-23 15:47:00,407 [omNode-1-groupManagement] INFO  server.RaftServerConfigKeys (ConfUtils.java:logGet(46)) - raft.server.retrycache.expirytime = 30000ms (custom)
2025-04-23 15:47:00,407 [omNode-1-groupManagement] INFO  server.RaftServerConfigKeys (ConfUtils.java:logGet(46)) - raft.server.retrycache.statistics.expirytime = 100ms (default)
2025-04-23 15:47:00,407 [omNode-1-groupManagement] INFO  server.RaftServerConfigKeys (ConfUtils.java:logGet(46)) - raft.server.read.option = DEFAULT (default)
2025-04-23 15:47:00,407 [omNode-1-groupManagement] INFO  server.RaftServerConfigKeys (ConfUtils.java:logGet(46)) - raft.server.read.read-after-write-consistent.write-index-cache.expiry-time = 60s (default)
2025-04-23 15:47:00,409 [omNode-1-groupManagement] INFO  server.RaftServerConfigKeys (ConfUtils.java:logGet(46)) - raft.server.rpc.request.timeout = 3000ms (default)
2025-04-23 15:47:00,409 [omNode-1-groupManagement] INFO  server.RaftServerConfigKeys (ConfUtils.java:logGet(46)) - raft.server.log.appender.install.snapshot.enabled = false (custom)
2025-04-23 15:47:00,409 [omNode-1-groupManagement] INFO  server.RaftServerConfigKeys (ConfUtils.java:logGet(46)) - raft.server.threadpool.server.cached = true (default)
2025-04-23 15:47:00,409 [omNode-1-groupManagement] INFO  server.RaftServerConfigKeys (ConfUtils.java:logGet(46)) - raft.server.threadpool.server.size = 0 (default)
2025-04-23 15:47:00,409 [omNode-1-groupManagement] INFO  server.RaftServerConfigKeys (ConfUtils.java:logGet(46)) - raft.server.threadpool.client.cached = true (default)
2025-04-23 15:47:00,409 [omNode-1-groupManagement] INFO  server.RaftServerConfigKeys (ConfUtils.java:logGet(46)) - raft.server.threadpool.client.size = 0 (default)
2025-04-23 15:47:00,409 [omNode-1-impl-thread1] INFO  server.RaftServerConfigKeys (ConfUtils.java:logGet(46)) - raft.server.storage.free-space.min = 0MB (=0) (default)
2025-04-23 15:47:00,409 [omNode-1-impl-thread1] INFO  server.RaftServerConfigKeys (ConfUtils.java:logGet(46)) - raft.server.log.corruption.policy = EXCEPTION (default)
2025-04-23 15:47:00,409 [omNode-1-impl-thread1] INFO  server.RaftServerConfigKeys (ConfUtils.java:logGet(46)) - raft.server.storage.dir = [/home/runner/work/ozone/ozone/hadoop-ozone/integration-test/target/test-dir/MiniOzoneClusterImpl-5cf50c17-c591-473f-a8c4-88d8665d28d7/omNode-1/ratis] (custom)
2025-04-23 15:47:00,410 [omNode-1-impl-thread1] INFO  storage.RaftStorageDirectory (RaftStorageDirectoryImpl.java:tryLock(229)) - Lock on /home/runner/work/ozone/ozone/hadoop-ozone/integration-test/target/test-dir/MiniOzoneClusterImpl-5cf50c17-c591-473f-a8c4-88d8665d28d7/omNode-1/ratis/c9bc4cf4-3bc3-3c60-a66b-523986131536/in_use.lock acquired by nodename 129659@fv-az1337-835
2025-04-23 15:47:00,411 [omNode-1-impl-thread1] INFO  storage.RaftStorage (RaftStorageImpl.java:analyzeAndRecoverStorage(118)) - Read RaftStorageMetadata{term=16, votedFor=omNode-1} from /home/runner/work/ozone/ozone/hadoop-ozone/integration-test/target/test-dir/MiniOzoneClusterImpl-5cf50c17-c591-473f-a8c4-88d8665d28d7/omNode-1/ratis/c9bc4cf4-3bc3-3c60-a66b-523986131536/current/raft-meta
2025-04-23 15:47:00,411 [omNode-1-impl-thread1] INFO  server.RaftServer$Division (ServerState.java:setRaftConf(386)) - omNode-1@group-523986131536: set configuration conf: {index: 337, cur=peers:[omNode-3|localhost:15017, omNode-1|localhost:15009, omNode-2|localhost:15013]|listeners:[], old=null}
2025-04-23 15:47:00,411 [omNode-1-impl-thread1] INFO  ratis.OzoneManagerStateMachine (OzoneManagerStateMachine.java:lambda$0(138)) - omNode-1: initialize group-523986131536 with (t:16, i:338)
2025-04-23 15:47:00,411 [omNode-1-impl-thread1] INFO  server.RaftServerConfigKeys (ConfUtils.java:logGet(46)) - raft.server.log.use.memory = false (default)
2025-04-23 15:47:00,411 [omNode-1-impl-thread1] INFO  server.RaftServerConfigKeys (ConfUtils.java:logGet(46)) - raft.server.log.purge.gap = 50 (custom)
2025-04-23 15:47:00,411 [omNode-1-impl-thread1] INFO  server.RaftServerConfigKeys (ConfUtils.java:logGet(46)) - raft.server.log.appender.buffer.byte-limit = 4194304 (custom)
2025-04-23 15:47:00,411 [omNode-1-impl-thread1] INFO  server.RaftServerConfigKeys (ConfUtils.java:logGet(46)) - raft.server.log.statemachine.data.read.timeout = 1000ms (default)
2025-04-23 15:47:00,411 [omNode-1-impl-thread1] INFO  server.RaftServerConfigKeys (ConfUtils.java:logGet(46)) - raft.server.log.purge.preservation.log.num = 0 (default)
2025-04-23 15:47:00,412 [omNode-1-impl-thread1] INFO  server.RaftServerConfigKeys (ConfUtils.java:logGet(46)) - raft.server.log.segment.size.max = 4194304 (custom)
2025-04-23 15:47:00,412 [omNode-1-impl-thread1] INFO  server.RaftServerConfigKeys (ConfUtils.java:logGet(46)) - raft.server.log.segment.cache.num.max = 2 (custom)
2025-04-23 15:47:00,412 [omNode-1-impl-thread1] INFO  server.RaftServerConfigKeys (ConfUtils.java:logGet(46)) - raft.server.log.segment.cache.size.max = 200MB (=209715200) (default)
2025-04-23 15:47:00,413 [omNode-1-impl-thread1] INFO  server.RaftServerConfigKeys (ConfUtils.java:logGet(46)) - raft.server.log.appender.buffer.byte-limit = 4194304 (custom)
2025-04-23 15:47:00,413 [omNode-1-impl-thread1] INFO  util.AwaitToRun (AwaitToRun.java:start(81)) - Thread[#7020,omNode-1@group-523986131536-cacheEviction-AwaitToRun,5,main] started
2025-04-23 15:47:00,413 [omNode-1-impl-thread1] INFO  segmented.SegmentedRaftLogWorker (SegmentedRaftLogWorker.java:<init>(188)) - new omNode-1@group-523986131536-SegmentedRaftLogWorker for RaftStorageImpl:Storage Directory /home/runner/work/ozone/ozone/hadoop-ozone/integration-test/target/test-dir/MiniOzoneClusterImpl-5cf50c17-c591-473f-a8c4-88d8665d28d7/omNode-1/ratis/c9bc4cf4-3bc3-3c60-a66b-523986131536
2025-04-23 15:47:00,413 [omNode-1-impl-thread1] INFO  server.RaftServerConfigKeys (ConfUtils.java:logGet(46)) - raft.server.log.queue.byte-limit = 64MB (=67108864) (default)
2025-04-23 15:47:00,413 [omNode-1-impl-thread1] INFO  server.RaftServerConfigKeys (ConfUtils.java:logGet(46)) - raft.server.log.queue.element-limit = 4096 (default)
2025-04-23 15:47:00,413 [omNode-1-impl-thread1] INFO  server.RaftServerConfigKeys (ConfUtils.java:logGet(46)) - raft.server.log.segment.size.max = 4194304 (custom)
2025-04-23 15:47:00,413 [omNode-1-impl-thread1] INFO  server.RaftServerConfigKeys (ConfUtils.java:logGet(46)) - raft.server.log.preallocated.size = 4194304 (custom)
2025-04-23 15:47:00,413 [omNode-1-impl-thread1] INFO  server.RaftServerConfigKeys (ConfUtils.java:logGet(46)) - raft.server.log.force.sync.num = 128 (default)
2025-04-23 15:47:00,413 [omNode-1-impl-thread1] INFO  server.RaftServerConfigKeys (ConfUtils.java:logGet(46)) - raft.server.log.statemachine.data.sync = true (default)
2025-04-23 15:47:00,413 [omNode-1-impl-thread1] INFO  server.RaftServerConfigKeys (ConfUtils.java:logGet(46)) - raft.server.log.statemachine.data.sync.timeout = 10s (default)
2025-04-23 15:47:00,413 [omNode-1-impl-thread1] INFO  server.RaftServerConfigKeys (ConfUtils.java:logGet(46)) - raft.server.log.statemachine.data.sync.timeout.retry = -1 (default)
2025-04-23 15:47:00,413 [omNode-1-impl-thread1] INFO  server.RaftServerConfigKeys (ConfUtils.java:logGet(46)) - raft.server.log.write.buffer.size = 4194312 (custom)
2025-04-23 15:47:00,416 [omNode-1-impl-thread1] INFO  server.RaftServerConfigKeys (ConfUtils.java:logGet(46)) - raft.server.log.appender.buffer.byte-limit = 4194304 (custom)
2025-04-23 15:47:00,416 [omNode-1-impl-thread1] INFO  server.RaftServerConfigKeys (ConfUtils.java:logGet(46)) - raft.server.log.unsafe-flush.enabled = false (default)
2025-04-23 15:47:00,416 [omNode-1-impl-thread1] INFO  server.RaftServerConfigKeys (ConfUtils.java:logGet(46)) - raft.server.log.async-flush.enabled = false (default)
2025-04-23 15:47:00,416 [omNode-1-impl-thread1] INFO  server.RaftServerConfigKeys (ConfUtils.java:logGet(46)) - raft.server.log.statemachine.data.caching.enabled = false (default)
2025-04-23 15:47:00,416 [omNode-1-impl-thread1] INFO  server.RaftServer$Division (ServerState.java:setRaftConf(386)) - omNode-1@group-523986131536: set configuration conf: {index: 311, cur=peers:[omNode-3|localhost:15017, omNode-1|localhost:15009, omNode-2|localhost:15013]|listeners:[], old=null}
2025-04-23 15:47:00,416 [omNode-1-impl-thread1] INFO  segmented.LogSegment (LogSegment.java:loadSegment(171)) - Successfully read 2 entries from segment file /home/runner/work/ozone/ozone/hadoop-ozone/integration-test/target/test-dir/MiniOzoneClusterImpl-5cf50c17-c591-473f-a8c4-88d8665d28d7/omNode-1/ratis/c9bc4cf4-3bc3-3c60-a66b-523986131536/current/log_311-312
2025-04-23 15:47:00,417 [omNode-1-impl-thread1] INFO  server.RaftServer$Division (ServerState.java:setRaftConf(386)) - omNode-1@group-523986131536: set configuration conf: {index: 313, cur=peers:[omNode-3|localhost:15017, omNode-1|localhost:15009, omNode-2|localhost:15013]|listeners:[], old=null}
2025-04-23 15:47:00,417 [omNode-1-impl-thread1] INFO  segmented.LogSegment (LogSegment.java:loadSegment(171)) - Successfully read 12 entries from segment file /home/runner/work/ozone/ozone/hadoop-ozone/integration-test/target/test-dir/MiniOzoneClusterImpl-5cf50c17-c591-473f-a8c4-88d8665d28d7/omNode-1/ratis/c9bc4cf4-3bc3-3c60-a66b-523986131536/current/log_313-324
2025-04-23 15:47:00,417 [omNode-1-impl-thread1] INFO  server.RaftServer$Division (ServerState.java:setRaftConf(386)) - omNode-1@group-523986131536: set configuration conf: {index: 325, cur=peers:[omNode-3|localhost:15017, omNode-1|localhost:15009, omNode-2|localhost:15013]|listeners:[], old=null}
2025-04-23 15:47:00,417 [omNode-1-impl-thread1] INFO  segmented.LogSegment (LogSegment.java:loadSegment(171)) - Successfully read 12 entries from segment file /home/runner/work/ozone/ozone/hadoop-ozone/integration-test/target/test-dir/MiniOzoneClusterImpl-5cf50c17-c591-473f-a8c4-88d8665d28d7/omNode-1/ratis/c9bc4cf4-3bc3-3c60-a66b-523986131536/current/log_325-336
2025-04-23 15:47:00,417 [omNode-1-impl-thread1] INFO  server.RaftServer$Division (ServerState.java:setRaftConf(386)) - omNode-1@group-523986131536: set configuration conf: {index: 337, cur=peers:[omNode-3|localhost:15017, omNode-1|localhost:15009, omNode-2|localhost:15013]|listeners:[], old=null}
2025-04-23 15:47:00,417 [omNode-1-impl-thread1] INFO  segmented.LogSegment (LogSegment.java:loadSegment(171)) - Successfully read 2 entries from segment file /home/runner/work/ozone/ozone/hadoop-ozone/integration-test/target/test-dir/MiniOzoneClusterImpl-5cf50c17-c591-473f-a8c4-88d8665d28d7/omNode-1/ratis/c9bc4cf4-3bc3-3c60-a66b-523986131536/current/log_inprogress_337
2025-04-23 15:47:00,417 [omNode-1-impl-thread1] INFO  segmented.SegmentedRaftLogWorker (SegmentedRaftLogWorker.java:lambda$new$0(139)) - omNode-1@group-523986131536-SegmentedRaftLogWorker: flushIndex: setUnconditionally 0 -> 338
2025-04-23 15:47:00,418 [omNode-1-impl-thread1] INFO  segmented.SegmentedRaftLogWorker (SegmentedRaftLogWorker.java:lambda$new$0(139)) - omNode-1@group-523986131536-SegmentedRaftLogWorker: safeCacheEvictIndex: setUnconditionally 0 -> 336
2025-04-23 15:47:00,418 [omNode-1-impl-thread1] INFO  segmented.BufferedWriteChannel (BufferedWriteChannel.java:open(61)) - open log_inprogress_337 (append) at position 128
2025-04-23 15:47:00,418 [omNode-1-impl-thread1] INFO  raftlog.RaftLog (RaftLogBase.java:lambda$new$0(54)) - omNode-1@group-523986131536-SegmentedRaftLog: purgeIndex: updateToMax old=-1, new=310, updated? true
2025-04-23 15:47:00,418 [omNode-1-impl-thread1] INFO  server.RaftServer$Division (RaftServerImpl.java:start(391)) - omNode-1@group-523986131536: start as a follower, conf=conf: {index: 337, cur=peers:[omNode-3|localhost:15017, omNode-1|localhost:15009, omNode-2|localhost:15013]|listeners:[], old=null}
2025-04-23 15:47:00,418 [omNode-1-impl-thread1] INFO  server.RaftServer$Division (RaftServerImpl.java:setRole(378)) - omNode-1@group-523986131536: changes role from      null to FOLLOWER at term 16 for startAsFollower
2025-04-23 15:47:00,418 [omNode-1-impl-thread1] INFO  impl.RoleInfo (RoleInfo.java:updateAndGet(148)) - omNode-1: start omNode-1@group-523986131536-FollowerState
2025-04-23 15:47:00,418 [omNode-1-impl-thread1] INFO  util.JmxRegister (JmxRegister.java:tryRegister(44)) - Successfully registered JMX Bean with object name Ratis:service=RaftServer,group=group-523986131536,id=omNode-1
2025-04-23 15:47:00,418 [omNode-1@group-523986131536-FollowerState] INFO  server.RaftServerConfigKeys (ConfUtils.java:logFallback(53)) - raft.server.rpc.first-election.timeout.min = 1s (fallback to raft.server.rpc.timeout.min)
2025-04-23 15:47:00,418 [omNode-1@group-523986131536-FollowerState] INFO  server.RaftServerConfigKeys (ConfUtils.java:logFallback(53)) - raft.server.rpc.first-election.timeout.max = 1200ms (fallback to raft.server.rpc.timeout.max)
2025-04-23 15:47:00,418 [omNode-1-impl-thread1] INFO  util.JmxRegister (JmxRegister.java:register(58)) - register mxBean class org.apache.ratis.server.impl.RaftServerJmxAdapter as Ratis:service=RaftServer,group=group-523986131536,id=omNode-1
2025-04-23 15:47:00,419 [omNode-1-impl-thread1] INFO  server.RaftServerConfigKeys (ConfUtils.java:logGet(46)) - raft.server.snapshot.trigger-when-stop.enabled = true (default)
2025-04-23 15:47:00,419 [omNode-1-impl-thread1] INFO  server.RaftServerConfigKeys (ConfUtils.java:logGet(46)) - raft.server.snapshot.trigger-when-remove.enabled = true (default)
2025-04-23 15:47:00,419 [omNode-1-impl-thread1] INFO  server.RaftServerConfigKeys (ConfUtils.java:logGet(46)) - raft.server.snapshot.auto.trigger.enabled = true (custom)
2025-04-23 15:47:00,419 [omNode-1-impl-thread1] INFO  server.RaftServerConfigKeys (ConfUtils.java:logGet(46)) - raft.server.snapshot.auto.trigger.threshold = 50 (custom)
2025-04-23 15:47:00,419 [omNode-1-impl-thread1] INFO  server.RaftServerConfigKeys (ConfUtils.java:logGet(46)) - raft.server.snapshot.retention.file.num = -1 (default)
2025-04-23 15:47:00,419 [omNode-1-impl-thread1] INFO  server.RaftServerConfigKeys (ConfUtils.java:logGet(46)) - raft.server.log.purge.upto.snapshot.index = true (custom)
2025-04-23 15:47:00,419 [omNode-1-impl-thread1] INFO  server.RaftServer$Division (RaftServerImpl.java:start(405)) - omNode-1@group-523986131536: Successfully started.
2025-04-23 15:47:00,419 [main] INFO  server.RaftServer (RaftServerProxy.java:startImpl(407)) - omNode-1: start RPC server
2025-04-23 15:47:00,420 [main] INFO  server.GrpcService (GrpcService.java:startImpl(334)) - omNode-1: GrpcService started, listening on 15009
2025-04-23 15:47:00,420 [main] INFO  om.OzoneManager (OzoneManager.java:getRpcServer(1360)) - Creating RPC Server
2025-04-23 15:47:00,420 [JvmPauseMonitor36] INFO  util.JvmPauseMonitor (JvmPauseMonitor.java:run(146)) - JvmPauseMonitor-omNode-1: Started
2025-04-23 15:47:00,507 [timer6] WARN  server.GrpcLogAppender (LogUtils.java:warn(121)) - omNode-1@group-523986131536->omNode-3-AppendLogResponseHandler: Failed appendEntries (Repeated 6 times in the last 5.001s): org.apache.ratis.thirdparty.io.grpc.StatusRuntimeException: UNAVAILABLE: io exception
2025-04-23 15:47:00,508 [timer7] WARN  server.GrpcLogAppender (GrpcLogAppender.java:lambda$resetClient$1(221)) - omNode-1@group-523986131536->omNode-3-GrpcLogAppender: Follower failed (request=null, errorCount=22); keep nextIndex (339) unchanged and retry. (Repeated 6 times in the last 5.001s)
2025-04-23 15:47:00,765 [main] INFO  reflections.Reflections (Reflections.java:scan(219)) - Reflections took 345 ms to scan 22 urls, producing 61 keys and 7422 values
2025-04-23 15:47:00,766 [main] INFO  ipc.CallQueueManager (CallQueueManager.java:<init>(93)) - Using callQueue: class java.util.concurrent.LinkedBlockingQueue, queueCapacity: 2000, scheduler: class org.apache.hadoop.ipc.DefaultRpcScheduler, ipcBackoff: false, ipcFailOver: false.
2025-04-23 15:47:00,766 [main] INFO  ipc.Server (Server.java:<init>(1438)) - Listener at localhost:15006
2025-04-23 15:47:00,767 [Socket Reader #1 for port 15006] INFO  ipc.Server (Server.java:run(1474)) - Starting Socket Reader #1 for port 15006
2025-04-23 15:47:00,767 [Socket Reader #2 for port 15006] INFO  ipc.Server (Server.java:run(1474)) - Starting Socket Reader #2 for port 15006
2025-04-23 15:47:00,767 [Socket Reader #3 for port 15006] INFO  ipc.Server (Server.java:run(1474)) - Starting Socket Reader #3 for port 15006
2025-04-23 15:47:00,767 [Socket Reader #4 for port 15006] INFO  ipc.Server (Server.java:run(1474)) - Starting Socket Reader #4 for port 15006
2025-04-23 15:47:00,767 [Socket Reader #5 for port 15006] INFO  ipc.Server (Server.java:run(1474)) - Starting Socket Reader #5 for port 15006
2025-04-23 15:47:00,767 [Socket Reader #6 for port 15006] INFO  ipc.Server (Server.java:run(1474)) - Starting Socket Reader #6 for port 15006
2025-04-23 15:47:00,767 [Socket Reader #7 for port 15006] INFO  ipc.Server (Server.java:run(1474)) - Starting Socket Reader #7 for port 15006
2025-04-23 15:47:00,768 [Socket Reader #8 for port 15006] INFO  ipc.Server (Server.java:run(1474)) - Starting Socket Reader #8 for port 15006
2025-04-23 15:47:00,768 [Socket Reader #9 for port 15006] INFO  ipc.Server (Server.java:run(1474)) - Starting Socket Reader #9 for port 15006
2025-04-23 15:47:00,768 [Socket Reader #10 for port 15006] INFO  ipc.Server (Server.java:run(1474)) - Starting Socket Reader #10 for port 15006
2025-04-23 15:47:00,770 [main] INFO  http.BaseHttpServer (BaseHttpServer.java:newHttpServer2BuilderForOzone(229)) - Starting Web-server for ozoneManager at: http://0.0.0.0:15007
2025-04-23 15:47:00,770 [main] INFO  http.BaseHttpServer (BaseHttpServer.java:<init>(107)) - Hadoop Security Enabled: false Ozone Security Enabled: false Ozone HTTP Security Enabled: false 
2025-04-23 15:47:00,771 [main] WARN  server.AuthenticationFilter (AuthenticationFilter.java:constructSecretProvider(240)) - Unable to initialize FileSignerSecretProvider, falling back to use random secrets. Reason: Could not read signature secret file: /home/runner/hadoop-http-auth-signature-secret
2025-04-23 15:47:00,772 [main] INFO  http.HttpServer2 (HttpServer2.java:addGlobalFilter(1041)) - Added global filter 'safety' (class=org.apache.hadoop.hdds.server.http.HttpServer2$QuotingInputFilter)
2025-04-23 15:47:00,773 [main] INFO  http.HttpServer2 (HttpServer2.java:addFilter(1017)) - Added filter static_user_filter (class=org.apache.hadoop.http.lib.StaticUserWebFilter$StaticUserFilter) to context ozoneManager
2025-04-23 15:47:00,773 [main] INFO  http.HttpServer2 (HttpServer2.java:addFilter(1025)) - Added filter static_user_filter (class=org.apache.hadoop.http.lib.StaticUserWebFilter$StaticUserFilter) to context logs
2025-04-23 15:47:00,773 [main] INFO  http.HttpServer2 (HttpServer2.java:addFilter(1025)) - Added filter static_user_filter (class=org.apache.hadoop.http.lib.StaticUserWebFilter$StaticUserFilter) to context static
2025-04-23 15:47:00,773 [main] INFO  http.BaseHttpServer (BaseHttpServer.java:<init>(195)) - HTTP server of ozoneManager uses base directory /home/runner/work/ozone/ozone/hadoop-ozone/integration-test/target/test-dir/MiniOzoneClusterImpl-5cf50c17-c591-473f-a8c4-88d8665d28d7/omNode-1/webserver
2025-04-23 15:47:00,773 [main] INFO  http.HttpServer2 (HttpServer2.java:bindListener(1241)) - Jetty bound to port 15007
2025-04-23 15:47:00,774 [main] INFO  server.Server (Server.java:doStart(375)) - jetty-9.4.57.v20241219; built: 2025-01-08T21:24:30.412Z; git: df524e6b29271c2e09ba9aea83c18dc9db464a31; jvm 21.0.7+6-LTS
2025-04-23 15:47:00,775 [main] INFO  server.session (DefaultSessionIdManager.java:doStart(334)) - DefaultSessionIdManager workerName=node0
2025-04-23 15:47:00,775 [main] INFO  server.session (DefaultSessionIdManager.java:doStart(339)) - No SessionScavenger set, using defaults
2025-04-23 15:47:00,775 [main] INFO  server.session (HouseKeeper.java:startScavenging(132)) - node0 Scavenging every 600000ms
2025-04-23 15:47:00,775 [main] INFO  handler.ContextHandler (ContextHandler.java:doStart(921)) - Started o.e.j.s.ServletContextHandler@3db8d129{logs,/logs,file:///home/runner/work/ozone/ozone/hadoop-ozone/integration-test/target/log,AVAILABLE}
2025-04-23 15:47:00,776 [main] INFO  handler.ContextHandler (ContextHandler.java:doStart(921)) - Started o.e.j.s.ServletContextHandler@34fa0f01{static,/static,file:///home/runner/work/ozone/ozone/hadoop-ozone/integration-test/target/test-classes/webapps/static,AVAILABLE}
2025-04-23 15:47:00,779 [main] INFO  handler.ContextHandler (ContextHandler.java:doStart(921)) - Started o.e.j.w.WebAppContext@267e7099{ozoneManager,/,file:///home/runner/work/ozone/ozone/hadoop-ozone/integration-test/target/test-classes/webapps/ozoneManager/,AVAILABLE}{file:/home/runner/work/ozone/ozone/hadoop-ozone/integration-test/target/test-classes/webapps/ozoneManager}
2025-04-23 15:47:00,780 [main] INFO  server.AbstractConnector (AbstractConnector.java:doStart(333)) - Started ServerConnector@ba2eed9{HTTP/1.1, (http/1.1)}{0.0.0.0:15007}
2025-04-23 15:47:00,780 [main] INFO  server.Server (Server.java:doStart(415)) - Started @155761ms
2025-04-23 15:47:00,780 [main] WARN  impl.MetricsSystemImpl (MetricsSystemImpl.java:register(279)) - Sink prometheus already exists!
2025-04-23 15:47:00,780 [main] INFO  http.BaseHttpServer (BaseHttpServer.java:updateConnectorAddress(360)) - HTTP server of ozoneManager listening at http://0.0.0.0:15007
2025-04-23 15:47:00,780 [IPC Server Responder] INFO  ipc.Server (Server.java:run(1713)) - IPC Server Responder: starting
2025-04-23 15:47:00,781 [IPC Server listener on 15006] INFO  ipc.Server (Server.java:run(1553)) - IPC Server listener on 15006: starting
2025-04-23 15:47:00,783 [main] INFO  om.OzoneManager (OzoneManager.java:startTrashEmptier(2257)) - Trash Interval set to 0. Files deleted won't move to trash
2025-04-23 15:47:00,783 [main] INFO  om.OzoneManager (OzoneManager.java:restart(1878)) - OzoneManager RPC server is listening at localhost/127.0.0.1:15010
2025-04-23 15:47:00,784 [main] INFO  impl.MetricsSystemImpl (MetricsSystemImpl.java:init(158)) - OzoneManager metrics system started (again)
2025-04-23 15:47:00,794 [main] WARN  server.ServerUtils (ServerUtils.java:getDBPath(297)) - ozone.om.db.dirs is not configured. We recommend adding this setting. Falling back to ozone.metadata.dirs instead.
2025-04-23 15:47:00,832 [main] INFO  om.OzoneManager (OzoneManager.java:instantiateServices(933)) - S3 Multi-Tenancy is disabled
2025-04-23 15:47:00,832 [main] INFO  om.OmSnapshotManager (OmSnapshotManager.java:<init>(180)) - Ozone filesystem snapshot feature is enabled.
2025-04-23 15:47:00,832 [main] WARN  server.ServerUtils (ServerUtils.java:getDBPath(297)) - ozone.om.snapshot.diff.db.dir is not configured. We recommend adding this setting. Falling back to ozone.metadata.dirs instead.
2025-04-23 15:47:00,846 [main] WARN  dropwizard3.Dm3MetricRegistriesImpl (Dm3MetricRegistriesImpl.java:addReporterRegistration(114)) - New reporters are added after registries were created. Some metrics will be missing from the reporter. Please add reporter before adding any new registry.
2025-04-23 15:47:00,846 [main] WARN  dropwizard3.Dm3MetricRegistriesImpl (Dm3MetricRegistriesImpl.java:addReporterRegistration(114)) - New reporters are added after registries were created. Some metrics will be missing from the reporter. Please add reporter before adding any new registry.
2025-04-23 15:47:00,846 [main] WARN  server.ServerUtils (ServerUtils.java:getDefaultRatisDirectory(309)) - Storage directory for Ratis is not configured. It is a good idea to map this to an SSD disk. Falling back to ozone.metadata.dirs
2025-04-23 15:47:00,847 [main] INFO  server.RaftServerConfigKeys (ConfUtils.java:logGet(46)) - raft.server.log.appender.buffer.byte-limit = 4194304 (custom)
2025-04-23 15:47:00,847 [main] INFO  ratis.OzoneManagerRatisServer (OzoneManagerRatisServer.java:<init>(167)) - Instantiating OM Ratis server with groupID: om-service-test1 and peers: localhost:15013, localhost:15017, localhost:15009
2025-04-23 15:47:00,848 [main] INFO  ratis.OzoneManagerStateMachine (OzoneManagerStateMachine.java:loadSnapshotInfoFromDB(611)) - LastAppliedIndex is set from TransactionInfo from OM DB as (t:16, i:338)
2025-04-23 15:47:00,848 [main] INFO  server.RaftServer (ConfUtils.java:logGet(46)) - raft.rpc.type = GRPC (default)
2025-04-23 15:47:00,848 [main] INFO  grpc.GrpcConfigKeys (ConfUtils.java:logFallback(53)) - raft.grpc.admin.host = null (fallback to raft.grpc.server.host)
2025-04-23 15:47:00,848 [main] INFO  grpc.GrpcConfigKeys (ConfUtils.java:logFallback(53)) - raft.grpc.admin.port = 15013 (fallback to raft.grpc.server.port)
2025-04-23 15:47:00,849 [main] INFO  grpc.GrpcConfigKeys (ConfUtils.java:logFallback(53)) - raft.grpc.client.host = null (fallback to raft.grpc.server.host)
2025-04-23 15:47:00,849 [main] INFO  grpc.GrpcConfigKeys (ConfUtils.java:logFallback(53)) - raft.grpc.client.port = 15013 (fallback to raft.grpc.server.port)
2025-04-23 15:47:00,849 [main] INFO  grpc.GrpcConfigKeys (ConfUtils.java:logGet(46)) - raft.grpc.server.host = null (default)
2025-04-23 15:47:00,849 [main] INFO  grpc.GrpcConfigKeys (ConfUtils.java:logGet(46)) - raft.grpc.server.port = 15013 (custom)
2025-04-23 15:47:00,849 [main] INFO  server.GrpcService (ConfUtils.java:logGet(46)) - raft.grpc.message.size.max = 5242880 (custom)
2025-04-23 15:47:00,849 [main] INFO  server.GrpcService (ConfUtils.java:logGet(46)) - raft.grpc.flow.control.window = 1MB (=1048576) (default)
2025-04-23 15:47:00,849 [main] INFO  server.RaftServerConfigKeys (ConfUtils.java:logGet(46)) - raft.server.rpc.request.timeout = 3000ms (default)
2025-04-23 15:47:00,849 [main] INFO  grpc.GrpcConfigKeys (ConfUtils.java:logGet(46)) - raft.grpc.server.heartbeat.channel = true (default)
2025-04-23 15:47:00,849 [main] INFO  server.RaftServerConfigKeys (ConfUtils.java:logGet(46)) - raft.server.log.appender.buffer.byte-limit = 4194304 (custom)
2025-04-23 15:47:00,850 [main] INFO  grpc.GrpcConfigKeys (ConfUtils.java:logGet(46)) - raft.grpc.server.async.request.thread.pool.cached = true (default)
2025-04-23 15:47:00,850 [main] INFO  grpc.GrpcConfigKeys (ConfUtils.java:logGet(46)) - raft.grpc.server.async.request.thread.pool.size = 32 (default)
2025-04-23 15:47:00,850 [main] INFO  impl.DataStreamServerImpl (ConfUtils.java:logGet(46)) - raft.datastream.type = DISABLED (default)
2025-04-23 15:47:00,851 [main] INFO  server.RaftServerConfigKeys (ConfUtils.java:logGet(46)) - raft.server.sleep.deviation.threshold = 300ms (default)
2025-04-23 15:47:00,851 [main] INFO  server.RaftServerConfigKeys (ConfUtils.java:logGet(46)) - raft.server.close.threshold = 60s (default)
2025-04-23 15:47:00,851 [main] INFO  server.RaftServerConfigKeys (ConfUtils.java:logGet(46)) - raft.server.leaderelection.leader.step-down.wait-time = 10s (default)
2025-04-23 15:47:00,851 [main] INFO  server.RaftServerConfigKeys (ConfUtils.java:logGet(46)) - raft.server.storage.dir = [/home/runner/work/ozone/ozone/hadoop-ozone/integration-test/target/test-dir/MiniOzoneClusterImpl-5cf50c17-c591-473f-a8c4-88d8665d28d7/omNode-2/ratis] (custom)
2025-04-23 15:47:00,851 [main] INFO  server.RaftServerConfigKeys (ConfUtils.java:logGet(46)) - raft.server.threadpool.proxy.cached = true (default)
2025-04-23 15:47:00,851 [main] INFO  server.RaftServerConfigKeys (ConfUtils.java:logGet(46)) - raft.server.threadpool.proxy.size = 0 (default)
2025-04-23 15:47:00,852 [omNode-2-impl-thread1] INFO  server.RaftServer (RaftServerProxy.java:initGroupDir(265)) - omNode-2: found a subdirectory /home/runner/work/ozone/ozone/hadoop-ozone/integration-test/target/test-dir/MiniOzoneClusterImpl-5cf50c17-c591-473f-a8c4-88d8665d28d7/omNode-2/ratis/c9bc4cf4-3bc3-3c60-a66b-523986131536
2025-04-23 15:47:00,852 [main] INFO  server.RaftServer (RaftServerProxy.java:addNew(100)) - omNode-2: addNew group-523986131536:[omNode-3|localhost:15017, omNode-1|localhost:15009, omNode-2|localhost:15013] returns group-523986131536:java.util.concurrent.CompletableFuture@68d2c6bc[Not completed]
2025-04-23 15:47:00,852 [main] INFO  om.OzoneManager (OzoneManager.java:initializeRatisServer(2303)) - OzoneManager Ratis server initialized at port 15013
2025-04-23 15:47:00,852 [main] INFO  ratis.OzoneManagerRatisServer (OzoneManagerRatisServer.java:start(628)) - Starting OzoneManagerRatisServer omNode-2 at port 15013
2025-04-23 15:47:00,852 [omNode-2-groupManagement] INFO  server.RaftServer$Division (RaftServerImpl.java:<init>(255)) - omNode-2: new RaftServerImpl for group-523986131536:[omNode-3|localhost:15017, omNode-1|localhost:15009, omNode-2|localhost:15013] with OzoneManagerStateMachine:uninitialized
2025-04-23 15:47:00,852 [omNode-2-groupManagement] INFO  server.RaftServerConfigKeys (ConfUtils.java:logGet(46)) - raft.server.rpc.timeout.min = 1s (custom)
2025-04-23 15:47:00,852 [omNode-2-groupManagement] INFO  server.RaftServerConfigKeys (ConfUtils.java:logGet(46)) - raft.server.rpc.timeout.max = 1200ms (custom)
2025-04-23 15:47:00,852 [omNode-2-groupManagement] INFO  server.RaftServerConfigKeys (ConfUtils.java:logGet(46)) - raft.server.rpc.sleep.time = 25ms (default)
2025-04-23 15:47:00,852 [omNode-2-groupManagement] INFO  server.RaftServerConfigKeys (ConfUtils.java:logGet(46)) - raft.server.rpc.slowness.timeout = 2s (custom)
2025-04-23 15:47:00,852 [omNode-2-groupManagement] INFO  server.RaftServerConfigKeys (ConfUtils.java:logGet(46)) - raft.server.leaderelection.leader.step-down.wait-time = 10s (default)
2025-04-23 15:47:00,853 [omNode-2-groupManagement] INFO  server.RaftServerConfigKeys (ConfUtils.java:logGet(46)) - raft.server.leaderelection.member.majority-add = false (default)
2025-04-23 15:47:00,853 [omNode-2-groupManagement] INFO  server.RaftServerConfigKeys (ConfUtils.java:logGet(46)) - raft.server.sleep.deviation.threshold = 300ms (default)
2025-04-23 15:47:00,853 [omNode-2-groupManagement] INFO  server.RaftServer$Division (ServerState.java:<init>(114)) - omNode-2@group-523986131536: ConfigurationManager, init=conf: {index: -1, cur=peers:[omNode-3|localhost:15017, omNode-1|localhost:15009, omNode-2|localhost:15013]|listeners:[], old=null}, confs=<EMPTY_MAP>
2025-04-23 15:47:00,853 [omNode-2-groupManagement] INFO  server.RaftServerConfigKeys (ConfUtils.java:logGet(46)) - raft.server.notification.no-leader.timeout = 2s (custom)
2025-04-23 15:47:00,853 [omNode-2-groupManagement] INFO  server.RaftServerConfigKeys (ConfUtils.java:logGet(46)) - raft.server.read.timeout = 10s (default)
2025-04-23 15:47:00,853 [omNode-2-groupManagement] INFO  server.RaftServerConfigKeys (ConfUtils.java:logGet(46)) - raft.server.retrycache.expirytime = 30000ms (custom)
2025-04-23 15:47:00,853 [omNode-2-groupManagement] INFO  server.RaftServerConfigKeys (ConfUtils.java:logGet(46)) - raft.server.retrycache.statistics.expirytime = 100ms (default)
2025-04-23 15:47:00,853 [omNode-2-groupManagement] INFO  server.RaftServerConfigKeys (ConfUtils.java:logGet(46)) - raft.server.read.option = DEFAULT (default)
2025-04-23 15:47:00,853 [omNode-2-groupManagement] INFO  server.RaftServerConfigKeys (ConfUtils.java:logGet(46)) - raft.server.read.read-after-write-consistent.write-index-cache.expiry-time = 60s (default)
2025-04-23 15:47:00,855 [omNode-2-groupManagement] INFO  server.RaftServerConfigKeys (ConfUtils.java:logGet(46)) - raft.server.rpc.request.timeout = 3000ms (default)
2025-04-23 15:47:00,855 [omNode-2-groupManagement] INFO  server.RaftServerConfigKeys (ConfUtils.java:logGet(46)) - raft.server.log.appender.install.snapshot.enabled = false (custom)
2025-04-23 15:47:00,855 [omNode-2-groupManagement] INFO  server.RaftServerConfigKeys (ConfUtils.java:logGet(46)) - raft.server.threadpool.server.cached = true (default)
2025-04-23 15:47:00,855 [omNode-2-groupManagement] INFO  server.RaftServerConfigKeys (ConfUtils.java:logGet(46)) - raft.server.threadpool.server.size = 0 (default)
2025-04-23 15:47:00,855 [omNode-2-groupManagement] INFO  server.RaftServerConfigKeys (ConfUtils.java:logGet(46)) - raft.server.threadpool.client.cached = true (default)
2025-04-23 15:47:00,855 [omNode-2-groupManagement] INFO  server.RaftServerConfigKeys (ConfUtils.java:logGet(46)) - raft.server.threadpool.client.size = 0 (default)
2025-04-23 15:47:00,855 [omNode-2-impl-thread1] INFO  server.RaftServerConfigKeys (ConfUtils.java:logGet(46)) - raft.server.storage.free-space.min = 0MB (=0) (default)
2025-04-23 15:47:00,855 [omNode-2-impl-thread1] INFO  server.RaftServerConfigKeys (ConfUtils.java:logGet(46)) - raft.server.log.corruption.policy = EXCEPTION (default)
2025-04-23 15:47:00,855 [omNode-2-impl-thread1] INFO  server.RaftServerConfigKeys (ConfUtils.java:logGet(46)) - raft.server.storage.dir = [/home/runner/work/ozone/ozone/hadoop-ozone/integration-test/target/test-dir/MiniOzoneClusterImpl-5cf50c17-c591-473f-a8c4-88d8665d28d7/omNode-2/ratis] (custom)
2025-04-23 15:47:00,856 [omNode-2-impl-thread1] INFO  storage.RaftStorageDirectory (RaftStorageDirectoryImpl.java:tryLock(229)) - Lock on /home/runner/work/ozone/ozone/hadoop-ozone/integration-test/target/test-dir/MiniOzoneClusterImpl-5cf50c17-c591-473f-a8c4-88d8665d28d7/omNode-2/ratis/c9bc4cf4-3bc3-3c60-a66b-523986131536/in_use.lock acquired by nodename 129659@fv-az1337-835
2025-04-23 15:47:00,856 [omNode-2-impl-thread1] INFO  storage.RaftStorage (RaftStorageImpl.java:analyzeAndRecoverStorage(118)) - Read RaftStorageMetadata{term=16, votedFor=omNode-1} from /home/runner/work/ozone/ozone/hadoop-ozone/integration-test/target/test-dir/MiniOzoneClusterImpl-5cf50c17-c591-473f-a8c4-88d8665d28d7/omNode-2/ratis/c9bc4cf4-3bc3-3c60-a66b-523986131536/current/raft-meta
2025-04-23 15:47:00,857 [omNode-2-impl-thread1] INFO  server.RaftServer$Division (ServerState.java:setRaftConf(386)) - omNode-2@group-523986131536: set configuration conf: {index: 337, cur=peers:[omNode-3|localhost:15017, omNode-1|localhost:15009, omNode-2|localhost:15013]|listeners:[], old=null}
2025-04-23 15:47:00,857 [omNode-2-impl-thread1] INFO  ratis.OzoneManagerStateMachine (OzoneManagerStateMachine.java:lambda$0(138)) - omNode-2: initialize group-523986131536 with (t:16, i:338)
2025-04-23 15:47:00,857 [omNode-2-impl-thread1] INFO  server.RaftServerConfigKeys (ConfUtils.java:logGet(46)) - raft.server.log.use.memory = false (default)
2025-04-23 15:47:00,857 [omNode-2-impl-thread1] INFO  server.RaftServerConfigKeys (ConfUtils.java:logGet(46)) - raft.server.log.purge.gap = 50 (custom)
2025-04-23 15:47:00,857 [omNode-2-impl-thread1] INFO  server.RaftServerConfigKeys (ConfUtils.java:logGet(46)) - raft.server.log.appender.buffer.byte-limit = 4194304 (custom)
2025-04-23 15:47:00,857 [omNode-2-impl-thread1] INFO  server.RaftServerConfigKeys (ConfUtils.java:logGet(46)) - raft.server.log.statemachine.data.read.timeout = 1000ms (default)
2025-04-23 15:47:00,857 [omNode-2-impl-thread1] INFO  server.RaftServerConfigKeys (ConfUtils.java:logGet(46)) - raft.server.log.purge.preservation.log.num = 0 (default)
2025-04-23 15:47:00,858 [omNode-2-impl-thread1] INFO  server.RaftServerConfigKeys (ConfUtils.java:logGet(46)) - raft.server.log.segment.size.max = 4194304 (custom)
2025-04-23 15:47:00,858 [omNode-2-impl-thread1] INFO  server.RaftServerConfigKeys (ConfUtils.java:logGet(46)) - raft.server.log.segment.cache.num.max = 2 (custom)
2025-04-23 15:47:00,858 [omNode-2-impl-thread1] INFO  server.RaftServerConfigKeys (ConfUtils.java:logGet(46)) - raft.server.log.segment.cache.size.max = 200MB (=209715200) (default)
2025-04-23 15:47:00,858 [omNode-2-impl-thread1] INFO  server.RaftServerConfigKeys (ConfUtils.java:logGet(46)) - raft.server.log.appender.buffer.byte-limit = 4194304 (custom)
2025-04-23 15:47:00,858 [omNode-2-impl-thread1] INFO  util.AwaitToRun (AwaitToRun.java:start(81)) - Thread[#7131,omNode-2@group-523986131536-cacheEviction-AwaitToRun,5,main] started
2025-04-23 15:47:00,858 [omNode-2-impl-thread1] INFO  segmented.SegmentedRaftLogWorker (SegmentedRaftLogWorker.java:<init>(188)) - new omNode-2@group-523986131536-SegmentedRaftLogWorker for RaftStorageImpl:Storage Directory /home/runner/work/ozone/ozone/hadoop-ozone/integration-test/target/test-dir/MiniOzoneClusterImpl-5cf50c17-c591-473f-a8c4-88d8665d28d7/omNode-2/ratis/c9bc4cf4-3bc3-3c60-a66b-523986131536
2025-04-23 15:47:00,858 [omNode-2-impl-thread1] INFO  server.RaftServerConfigKeys (ConfUtils.java:logGet(46)) - raft.server.log.queue.byte-limit = 64MB (=67108864) (default)
2025-04-23 15:47:00,858 [omNode-2-impl-thread1] INFO  server.RaftServerConfigKeys (ConfUtils.java:logGet(46)) - raft.server.log.queue.element-limit = 4096 (default)
2025-04-23 15:47:00,858 [omNode-2-impl-thread1] INFO  server.RaftServerConfigKeys (ConfUtils.java:logGet(46)) - raft.server.log.segment.size.max = 4194304 (custom)
2025-04-23 15:47:00,858 [omNode-2-impl-thread1] INFO  server.RaftServerConfigKeys (ConfUtils.java:logGet(46)) - raft.server.log.preallocated.size = 4194304 (custom)
2025-04-23 15:47:00,858 [omNode-2-impl-thread1] INFO  server.RaftServerConfigKeys (ConfUtils.java:logGet(46)) - raft.server.log.force.sync.num = 128 (default)
2025-04-23 15:47:00,858 [omNode-2-impl-thread1] INFO  server.RaftServerConfigKeys (ConfUtils.java:logGet(46)) - raft.server.log.statemachine.data.sync = true (default)
2025-04-23 15:47:00,858 [omNode-2-impl-thread1] INFO  server.RaftServerConfigKeys (ConfUtils.java:logGet(46)) - raft.server.log.statemachine.data.sync.timeout = 10s (default)
2025-04-23 15:47:00,858 [omNode-2-impl-thread1] INFO  server.RaftServerConfigKeys (ConfUtils.java:logGet(46)) - raft.server.log.statemachine.data.sync.timeout.retry = -1 (default)
2025-04-23 15:47:00,858 [omNode-2-impl-thread1] INFO  server.RaftServerConfigKeys (ConfUtils.java:logGet(46)) - raft.server.log.write.buffer.size = 4194312 (custom)
2025-04-23 15:47:00,859 [omNode-2-impl-thread1] INFO  server.RaftServerConfigKeys (ConfUtils.java:logGet(46)) - raft.server.log.appender.buffer.byte-limit = 4194304 (custom)
2025-04-23 15:47:00,859 [omNode-2-impl-thread1] INFO  server.RaftServerConfigKeys (ConfUtils.java:logGet(46)) - raft.server.log.unsafe-flush.enabled = false (default)
2025-04-23 15:47:00,859 [omNode-2-impl-thread1] INFO  server.RaftServerConfigKeys (ConfUtils.java:logGet(46)) - raft.server.log.async-flush.enabled = false (default)
2025-04-23 15:47:00,859 [omNode-2-impl-thread1] INFO  server.RaftServerConfigKeys (ConfUtils.java:logGet(46)) - raft.server.log.statemachine.data.caching.enabled = false (default)
2025-04-23 15:47:00,859 [omNode-2-impl-thread1] INFO  server.RaftServer$Division (ServerState.java:setRaftConf(386)) - omNode-2@group-523986131536: set configuration conf: {index: 313, cur=peers:[omNode-3|localhost:15017, omNode-1|localhost:15009, omNode-2|localhost:15013]|listeners:[], old=null}
2025-04-23 15:47:00,859 [omNode-2-impl-thread1] INFO  segmented.LogSegment (LogSegment.java:loadSegment(171)) - Successfully read 12 entries from segment file /home/runner/work/ozone/ozone/hadoop-ozone/integration-test/target/test-dir/MiniOzoneClusterImpl-5cf50c17-c591-473f-a8c4-88d8665d28d7/omNode-2/ratis/c9bc4cf4-3bc3-3c60-a66b-523986131536/current/log_313-324
2025-04-23 15:47:00,859 [omNode-2-impl-thread1] INFO  server.RaftServer$Division (ServerState.java:setRaftConf(386)) - omNode-2@group-523986131536: set configuration conf: {index: 325, cur=peers:[omNode-3|localhost:15017, omNode-1|localhost:15009, omNode-2|localhost:15013]|listeners:[], old=null}
2025-04-23 15:47:00,859 [omNode-2-impl-thread1] INFO  segmented.LogSegment (LogSegment.java:loadSegment(171)) - Successfully read 12 entries from segment file /home/runner/work/ozone/ozone/hadoop-ozone/integration-test/target/test-dir/MiniOzoneClusterImpl-5cf50c17-c591-473f-a8c4-88d8665d28d7/omNode-2/ratis/c9bc4cf4-3bc3-3c60-a66b-523986131536/current/log_325-336
2025-04-23 15:47:00,860 [omNode-2-impl-thread1] INFO  server.RaftServer$Division (ServerState.java:setRaftConf(386)) - omNode-2@group-523986131536: set configuration conf: {index: 337, cur=peers:[omNode-3|localhost:15017, omNode-1|localhost:15009, omNode-2|localhost:15013]|listeners:[], old=null}
2025-04-23 15:47:00,860 [omNode-2-impl-thread1] INFO  segmented.LogSegment (LogSegment.java:loadSegment(171)) - Successfully read 2 entries from segment file /home/runner/work/ozone/ozone/hadoop-ozone/integration-test/target/test-dir/MiniOzoneClusterImpl-5cf50c17-c591-473f-a8c4-88d8665d28d7/omNode-2/ratis/c9bc4cf4-3bc3-3c60-a66b-523986131536/current/log_inprogress_337
2025-04-23 15:47:00,860 [omNode-2-impl-thread1] INFO  segmented.SegmentedRaftLogWorker (SegmentedRaftLogWorker.java:lambda$new$0(139)) - omNode-2@group-523986131536-SegmentedRaftLogWorker: flushIndex: setUnconditionally 0 -> 338
2025-04-23 15:47:00,860 [omNode-2-impl-thread1] INFO  segmented.SegmentedRaftLogWorker (SegmentedRaftLogWorker.java:lambda$new$0(139)) - omNode-2@group-523986131536-SegmentedRaftLogWorker: safeCacheEvictIndex: setUnconditionally 0 -> 336
2025-04-23 15:47:00,860 [omNode-2-impl-thread1] INFO  segmented.BufferedWriteChannel (BufferedWriteChannel.java:open(61)) - open log_inprogress_337 (append) at position 128
2025-04-23 15:47:00,860 [omNode-2-impl-thread1] INFO  raftlog.RaftLog (RaftLogBase.java:lambda$new$0(54)) - omNode-2@group-523986131536-SegmentedRaftLog: purgeIndex: updateToMax old=-1, new=312, updated? true
2025-04-23 15:47:00,860 [omNode-2-impl-thread1] INFO  server.RaftServer$Division (RaftServerImpl.java:start(391)) - omNode-2@group-523986131536: start as a follower, conf=conf: {index: 337, cur=peers:[omNode-3|localhost:15017, omNode-1|localhost:15009, omNode-2|localhost:15013]|listeners:[], old=null}
2025-04-23 15:47:00,860 [omNode-2-impl-thread1] INFO  server.RaftServer$Division (RaftServerImpl.java:setRole(378)) - omNode-2@group-523986131536: changes role from      null to FOLLOWER at term 16 for startAsFollower
2025-04-23 15:47:00,860 [omNode-2-impl-thread1] INFO  impl.RoleInfo (RoleInfo.java:updateAndGet(148)) - omNode-2: start omNode-2@group-523986131536-FollowerState
2025-04-23 15:47:00,860 [omNode-2-impl-thread1] INFO  util.JmxRegister (JmxRegister.java:tryRegister(44)) - Successfully registered JMX Bean with object name Ratis:service=RaftServer,group=group-523986131536,id=omNode-2
2025-04-23 15:47:00,860 [omNode-2-impl-thread1] INFO  util.JmxRegister (JmxRegister.java:register(58)) - register mxBean class org.apache.ratis.server.impl.RaftServerJmxAdapter as Ratis:service=RaftServer,group=group-523986131536,id=omNode-2
2025-04-23 15:47:00,861 [omNode-2-impl-thread1] INFO  server.RaftServerConfigKeys (ConfUtils.java:logGet(46)) - raft.server.snapshot.trigger-when-stop.enabled = true (default)
2025-04-23 15:47:00,861 [omNode-2@group-523986131536-FollowerState] INFO  server.RaftServerConfigKeys (ConfUtils.java:logFallback(53)) - raft.server.rpc.first-election.timeout.min = 1s (fallback to raft.server.rpc.timeout.min)
2025-04-23 15:47:00,861 [omNode-2@group-523986131536-FollowerState] INFO  server.RaftServerConfigKeys (ConfUtils.java:logFallback(53)) - raft.server.rpc.first-election.timeout.max = 1200ms (fallback to raft.server.rpc.timeout.max)
2025-04-23 15:47:00,861 [omNode-2-impl-thread1] INFO  server.RaftServerConfigKeys (ConfUtils.java:logGet(46)) - raft.server.snapshot.trigger-when-remove.enabled = true (default)
2025-04-23 15:47:00,861 [omNode-2-impl-thread1] INFO  server.RaftServerConfigKeys (ConfUtils.java:logGet(46)) - raft.server.snapshot.auto.trigger.enabled = true (custom)
2025-04-23 15:47:00,861 [omNode-2-impl-thread1] INFO  server.RaftServerConfigKeys (ConfUtils.java:logGet(46)) - raft.server.snapshot.auto.trigger.threshold = 50 (custom)
2025-04-23 15:47:00,861 [omNode-2-impl-thread1] INFO  server.RaftServerConfigKeys (ConfUtils.java:logGet(46)) - raft.server.snapshot.retention.file.num = -1 (default)
2025-04-23 15:47:00,861 [omNode-2-impl-thread1] INFO  server.RaftServerConfigKeys (ConfUtils.java:logGet(46)) - raft.server.log.purge.upto.snapshot.index = true (custom)
2025-04-23 15:47:00,861 [omNode-2-impl-thread1] INFO  server.RaftServer$Division (RaftServerImpl.java:start(405)) - omNode-2@group-523986131536: Successfully started.
2025-04-23 15:47:00,862 [main] INFO  server.RaftServer (RaftServerProxy.java:startImpl(407)) - omNode-2: start RPC server
2025-04-23 15:47:00,862 [main] INFO  server.GrpcService (GrpcService.java:startImpl(334)) - omNode-2: GrpcService started, listening on 15013
2025-04-23 15:47:00,862 [main] INFO  om.OzoneManager (OzoneManager.java:getRpcServer(1360)) - Creating RPC Server
2025-04-23 15:47:00,862 [JvmPauseMonitor37] INFO  util.JvmPauseMonitor (JvmPauseMonitor.java:run(146)) - JvmPauseMonitor-omNode-2: Started
2025-04-23 15:47:01,019 [omNode-3@group-523986131536-FollowerState] INFO  impl.FollowerState (FollowerState.java:runImpl(161)) - omNode-3@group-523986131536-FollowerState: change to CANDIDATE, lastRpcElapsedTime:1080245485ns, electionTimeout:1079ms
2025-04-23 15:47:01,019 [omNode-3@group-523986131536-FollowerState] INFO  impl.RoleInfo (RoleInfo.java:shutdownFollowerState(121)) - omNode-3: shutdown omNode-3@group-523986131536-FollowerState
2025-04-23 15:47:01,019 [omNode-3@group-523986131536-FollowerState] INFO  server.RaftServer$Division (RaftServerImpl.java:setRole(378)) - omNode-3@group-523986131536: changes role from  FOLLOWER to CANDIDATE at term 16 for changeToCandidate
2025-04-23 15:47:01,019 [omNode-3@group-523986131536-FollowerState] INFO  server.RaftServerConfigKeys (ConfUtils.java:logGet(46)) - raft.server.leaderelection.pre-vote = true (default)
2025-04-23 15:47:01,019 [omNode-3@group-523986131536-FollowerState] INFO  impl.RoleInfo (RoleInfo.java:updateAndGet(148)) - omNode-3: start omNode-3@group-523986131536-LeaderElection33
2025-04-23 15:47:01,019 [omNode-3@group-523986131536-LeaderElection33] INFO  impl.LeaderElection (LeaderElection.java:askForVotes(332)) - omNode-3@group-523986131536-LeaderElection33 PRE_VOTE round 0: submit vote requests at term 16 for conf: {index: 337, cur=peers:[omNode-3|localhost:15017, omNode-1|localhost:15009, omNode-2|localhost:15013]|listeners:[], old=null}
2025-04-23 15:47:01,020 [omNode-3@group-523986131536-LeaderElection33-1] INFO  server.GrpcServerProtocolClient (GrpcServerProtocolClient.java:<init>(65)) - Build channel for omNode-1|localhost:15009
2025-04-23 15:47:01,020 [omNode-3@group-523986131536-LeaderElection33-2] INFO  server.GrpcServerProtocolClient (GrpcServerProtocolClient.java:<init>(65)) - Build channel for omNode-2|localhost:15013
2025-04-23 15:47:01,020 [omNode-3@group-523986131536-LeaderElection33] INFO  server.RaftServerConfigKeys (ConfUtils.java:logFallback(53)) - raft.server.rpc.first-election.timeout.min = 1s (fallback to raft.server.rpc.timeout.min)
2025-04-23 15:47:01,020 [omNode-3@group-523986131536-LeaderElection33] INFO  server.RaftServerConfigKeys (ConfUtils.java:logFallback(53)) - raft.server.rpc.first-election.timeout.max = 1200ms (fallback to raft.server.rpc.timeout.max)
2025-04-23 15:47:01,025 [grpc-default-executor-7] INFO  server.RaftServer$Division (RaftServerImpl.java:requestVote(1407)) - omNode-2@group-523986131536: receive requestVote(PRE_VOTE, omNode-3, group-523986131536, 16, (t:16, i:337))
2025-04-23 15:47:01,025 [grpc-default-executor-7] INFO  impl.VoteContext (VoteContext.java:log(49)) - omNode-2@group-523986131536-FOLLOWER: reject PRE_VOTE from omNode-3: our last entry (t:16, i:338) > candidate's last entry (t:16, i:337)
2025-04-23 15:47:01,025 [grpc-default-executor-7] INFO  server.RaftServer$Division (RaftServerImpl.java:requestVote(1441)) - omNode-2@group-523986131536 replies to PRE_VOTE vote request: omNode-3<-omNode-2#0:FAIL-t16. Peer's state: omNode-2@group-523986131536:t16, leader=null, voted=omNode-1, raftlog=Memoized:omNode-2@group-523986131536-SegmentedRaftLog:OPENED:c338:last(t:16, i:338), conf=conf: {index: 337, cur=peers:[omNode-3|localhost:15017, omNode-1|localhost:15009, omNode-2|localhost:15013]|listeners:[], old=null}
2025-04-23 15:47:01,025 [grpc-default-executor-5] INFO  server.RaftServer$Division (RaftServerImpl.java:requestVote(1407)) - omNode-1@group-523986131536: receive requestVote(PRE_VOTE, omNode-3, group-523986131536, 16, (t:16, i:337))
2025-04-23 15:47:01,025 [grpc-default-executor-5] INFO  impl.VoteContext (VoteContext.java:log(49)) - omNode-1@group-523986131536-FOLLOWER: reject PRE_VOTE from omNode-3: our last entry (t:16, i:338) > candidate's last entry (t:16, i:337)
2025-04-23 15:47:01,025 [grpc-default-executor-5] INFO  server.RaftServer$Division (RaftServerImpl.java:requestVote(1441)) - omNode-1@group-523986131536 replies to PRE_VOTE vote request: omNode-3<-omNode-1#0:FAIL-t16. Peer's state: omNode-1@group-523986131536:t16, leader=null, voted=omNode-1, raftlog=Memoized:omNode-1@group-523986131536-SegmentedRaftLog:OPENED:c338:last(t:16, i:338), conf=conf: {index: 337, cur=peers:[omNode-3|localhost:15017, omNode-1|localhost:15009, omNode-2|localhost:15013]|listeners:[], old=null}
2025-04-23 15:47:01,026 [omNode-3@group-523986131536-LeaderElection33] INFO  impl.LeaderElection (LeaderElection.java:logAndReturn(90)) - omNode-3@group-523986131536-LeaderElection33: PRE_VOTE REJECTED received 2 response(s) and 0 exception(s):
2025-04-23 15:47:01,026 [omNode-3@group-523986131536-LeaderElection33] INFO  impl.LeaderElection (LeaderElection.java:logAndReturn(94)) -   Response 0: omNode-3<-omNode-1#0:FAIL-t16
2025-04-23 15:47:01,026 [omNode-3@group-523986131536-LeaderElection33] INFO  impl.LeaderElection (LeaderElection.java:logAndReturn(94)) -   Response 1: omNode-3<-omNode-2#0:FAIL-t16
2025-04-23 15:47:01,027 [omNode-3@group-523986131536-LeaderElection33] INFO  impl.LeaderElection (LeaderElection.java:askForVotes(334)) - omNode-3@group-523986131536-LeaderElection33 PRE_VOTE round 0: result REJECTED
2025-04-23 15:47:01,027 [omNode-3@group-523986131536-LeaderElection33] INFO  server.RaftServer$Division (RaftServerImpl.java:setRole(378)) - omNode-3@group-523986131536: changes role from CANDIDATE to FOLLOWER at term 16 for REJECTED
2025-04-23 15:47:01,027 [omNode-3@group-523986131536-LeaderElection33] INFO  impl.RoleInfo (RoleInfo.java:shutdownLeaderElection(141)) - omNode-3: shutdown omNode-3@group-523986131536-LeaderElection33
2025-04-23 15:47:01,027 [omNode-3@group-523986131536-LeaderElection33] INFO  impl.RoleInfo (RoleInfo.java:updateAndGet(148)) - omNode-3: start omNode-3@group-523986131536-FollowerState
2025-04-23 15:47:01,027 [omNode-3@group-523986131536-LeaderElection33] INFO  server.RaftServer$Division (RaftServerImpl.java:setFirstElection(562)) - omNode-3@group-523986131536: set firstElectionSinceStartup to false for REJECTED
2025-04-23 15:47:01,196 [main] INFO  reflections.Reflections (Reflections.java:scan(219)) - Reflections took 333 ms to scan 22 urls, producing 61 keys and 7422 values
2025-04-23 15:47:01,197 [main] INFO  ipc.CallQueueManager (CallQueueManager.java:<init>(93)) - Using callQueue: class java.util.concurrent.LinkedBlockingQueue, queueCapacity: 2000, scheduler: class org.apache.hadoop.ipc.DefaultRpcScheduler, ipcBackoff: false, ipcFailOver: false.
2025-04-23 15:47:01,197 [main] INFO  ipc.Server (Server.java:<init>(1438)) - Listener at localhost:15010
2025-04-23 15:47:01,198 [Socket Reader #1 for port 15010] INFO  ipc.Server (Server.java:run(1474)) - Starting Socket Reader #1 for port 15010
2025-04-23 15:47:01,198 [Socket Reader #2 for port 15010] INFO  ipc.Server (Server.java:run(1474)) - Starting Socket Reader #2 for port 15010
2025-04-23 15:47:01,198 [Socket Reader #3 for port 15010] INFO  ipc.Server (Server.java:run(1474)) - Starting Socket Reader #3 for port 15010
2025-04-23 15:47:01,198 [Socket Reader #4 for port 15010] INFO  ipc.Server (Server.java:run(1474)) - Starting Socket Reader #4 for port 15010
2025-04-23 15:47:01,198 [Socket Reader #5 for port 15010] INFO  ipc.Server (Server.java:run(1474)) - Starting Socket Reader #5 for port 15010
2025-04-23 15:47:01,198 [Socket Reader #6 for port 15010] INFO  ipc.Server (Server.java:run(1474)) - Starting Socket Reader #6 for port 15010
2025-04-23 15:47:01,198 [Socket Reader #7 for port 15010] INFO  ipc.Server (Server.java:run(1474)) - Starting Socket Reader #7 for port 15010
2025-04-23 15:47:01,198 [Socket Reader #8 for port 15010] INFO  ipc.Server (Server.java:run(1474)) - Starting Socket Reader #8 for port 15010
2025-04-23 15:47:01,199 [Socket Reader #9 for port 15010] INFO  ipc.Server (Server.java:run(1474)) - Starting Socket Reader #9 for port 15010
2025-04-23 15:47:01,199 [Socket Reader #10 for port 15010] INFO  ipc.Server (Server.java:run(1474)) - Starting Socket Reader #10 for port 15010
2025-04-23 15:47:01,201 [main] INFO  http.BaseHttpServer (BaseHttpServer.java:newHttpServer2BuilderForOzone(229)) - Starting Web-server for ozoneManager at: http://0.0.0.0:15011
2025-04-23 15:47:01,201 [main] INFO  http.BaseHttpServer (BaseHttpServer.java:<init>(107)) - Hadoop Security Enabled: false Ozone Security Enabled: false Ozone HTTP Security Enabled: false 
2025-04-23 15:47:01,202 [main] WARN  server.AuthenticationFilter (AuthenticationFilter.java:constructSecretProvider(240)) - Unable to initialize FileSignerSecretProvider, falling back to use random secrets. Reason: Could not read signature secret file: /home/runner/hadoop-http-auth-signature-secret
2025-04-23 15:47:01,203 [main] INFO  http.HttpServer2 (HttpServer2.java:addGlobalFilter(1041)) - Added global filter 'safety' (class=org.apache.hadoop.hdds.server.http.HttpServer2$QuotingInputFilter)
2025-04-23 15:47:01,204 [main] INFO  http.HttpServer2 (HttpServer2.java:addFilter(1017)) - Added filter static_user_filter (class=org.apache.hadoop.http.lib.StaticUserWebFilter$StaticUserFilter) to context ozoneManager
2025-04-23 15:47:01,204 [main] INFO  http.HttpServer2 (HttpServer2.java:addFilter(1025)) - Added filter static_user_filter (class=org.apache.hadoop.http.lib.StaticUserWebFilter$StaticUserFilter) to context logs
2025-04-23 15:47:01,204 [main] INFO  http.HttpServer2 (HttpServer2.java:addFilter(1025)) - Added filter static_user_filter (class=org.apache.hadoop.http.lib.StaticUserWebFilter$StaticUserFilter) to context static
2025-04-23 15:47:01,204 [main] INFO  http.BaseHttpServer (BaseHttpServer.java:<init>(195)) - HTTP server of ozoneManager uses base directory /home/runner/work/ozone/ozone/hadoop-ozone/integration-test/target/test-dir/MiniOzoneClusterImpl-5cf50c17-c591-473f-a8c4-88d8665d28d7/omNode-2/webserver
2025-04-23 15:47:01,205 [main] INFO  http.HttpServer2 (HttpServer2.java:bindListener(1241)) - Jetty bound to port 15011
2025-04-23 15:47:01,205 [main] INFO  server.Server (Server.java:doStart(375)) - jetty-9.4.57.v20241219; built: 2025-01-08T21:24:30.412Z; git: df524e6b29271c2e09ba9aea83c18dc9db464a31; jvm 21.0.7+6-LTS
2025-04-23 15:47:01,206 [main] INFO  server.session (DefaultSessionIdManager.java:doStart(334)) - DefaultSessionIdManager workerName=node0
2025-04-23 15:47:01,206 [main] INFO  server.session (DefaultSessionIdManager.java:doStart(339)) - No SessionScavenger set, using defaults
2025-04-23 15:47:01,206 [main] INFO  server.session (HouseKeeper.java:startScavenging(132)) - node0 Scavenging every 660000ms
2025-04-23 15:47:01,207 [main] INFO  handler.ContextHandler (ContextHandler.java:doStart(921)) - Started o.e.j.s.ServletContextHandler@134c13dd{logs,/logs,file:///home/runner/work/ozone/ozone/hadoop-ozone/integration-test/target/log,AVAILABLE}
2025-04-23 15:47:01,207 [main] INFO  handler.ContextHandler (ContextHandler.java:doStart(921)) - Started o.e.j.s.ServletContextHandler@493f72fa{static,/static,file:///home/runner/work/ozone/ozone/hadoop-ozone/integration-test/target/test-classes/webapps/static,AVAILABLE}
2025-04-23 15:47:01,210 [main] INFO  handler.ContextHandler (ContextHandler.java:doStart(921)) - Started o.e.j.w.WebAppContext@65f8d7d1{ozoneManager,/,file:///home/runner/work/ozone/ozone/hadoop-ozone/integration-test/target/test-classes/webapps/ozoneManager/,AVAILABLE}{file:/home/runner/work/ozone/ozone/hadoop-ozone/integration-test/target/test-classes/webapps/ozoneManager}
2025-04-23 15:47:01,211 [main] INFO  server.AbstractConnector (AbstractConnector.java:doStart(333)) - Started ServerConnector@12425d4e{HTTP/1.1, (http/1.1)}{0.0.0.0:15011}
2025-04-23 15:47:01,211 [main] INFO  server.Server (Server.java:doStart(415)) - Started @156192ms
2025-04-23 15:47:01,211 [main] WARN  impl.MetricsSystemImpl (MetricsSystemImpl.java:register(279)) - Sink prometheus already exists!
2025-04-23 15:47:01,211 [main] INFO  http.BaseHttpServer (BaseHttpServer.java:updateConnectorAddress(360)) - HTTP server of ozoneManager listening at http://0.0.0.0:15011
2025-04-23 15:47:01,211 [IPC Server Responder] INFO  ipc.Server (Server.java:run(1713)) - IPC Server Responder: starting
2025-04-23 15:47:01,212 [IPC Server listener on 15010] INFO  ipc.Server (Server.java:run(1553)) - IPC Server listener on 15010: starting
2025-04-23 15:47:01,213 [main] INFO  om.OzoneManager (OzoneManager.java:startTrashEmptier(2257)) - Trash Interval set to 0. Files deleted won't move to trash
]]></system-out>
  </testcase>
  <testcase name="testIncrementalWaitTimeWithSameNodeFailover" classname="org.apache.hadoop.ozone.om.TestOzoneManagerHAWithStoppedNodes" time="6.015">
    <error message="org.apache.ratis.util.ExitUtils$ExitException: OM Ratis Server has received unrecoverable error, to avoid further DB corruption, terminating OM. Error Response received is:cmdType: CreateKey&#10;traceID: &quot;&quot;&#10;success: false&#10;message: &quot;com.google.protobuf.InvalidProtocolBufferException: Message missing required fields: volumeName, bucketName, keyName, dataSize, type, creationTime, modificationTime\n\tat com.google.protobuf.UninitializedMessageException.asInvalidProtocolBufferException(UninitializedMessageException.java:81)\n\tat com.google.protobuf.AbstractParser.checkMessageInitialized(AbstractParser.java:71)\n\tat com.google.protobuf.AbstractParser.parseFrom(AbstractParser.java:217)\n\tat com.google.protobuf.AbstractParser.parseFrom(AbstractParser.java:223)\n\tat com.google.protobuf.AbstractParser.parseFrom(AbstractParser.java:49)\n\tat org.apache.hadoop.hdds.utils.db.Proto2Codec.fromCodecBuffer(Proto2Codec.java:84)\n\tat org.apache.hadoop.hdds.utils.db.Proto2Codec.fromCodecBuffer(Proto2Codec.java:34)\n\tat org.apache.hadoop.hdds.utils.db.DelegatedCodec.fromCodecBuffer(DelegatedCodec.java:83)\n\tat org.apache.hadoop.hdds.utils.db.TypedTable.getFromTable(TypedTable.java:371)\n\tat org.apache.hadoop.hdds.utils.db.TypedTable.getFromTableIfExist(TypedTable.java:393)\n\tat org.apache.hadoop.hdds.utils.db.TypedTable.getIfExist(TypedTable.java:310)\n\tat org.apache.hadoop.ozone.om.request.key.OMKeyCreateRequest.validateAndUpdateCache(OMKeyCreateRequest.java:228)\n\tat org.apache.hadoop.ozone.protocolPB.OzoneManagerRequestHandler.lambda$0(OzoneManagerRequestHandler.java:419)\n\tat org.apache.hadoop.ozone.util.MetricUtil.captureLatencyNs(MetricUtil.java:45)\n\tat org.apache.hadoop.ozone.protocolPB.OzoneManagerRequestHandler.handleWriteRequestImpl(OzoneManagerRequestHandler.java:417)\n\tat org.apache.hadoop.ozone.protocolPB.RequestHandler.handleWriteRequest(RequestHandler.java:62)\n\tat org.apache.hadoop.ozone.om.ratis.OzoneManagerStateMachine.runCommand(OzoneManagerStateMachine.java:563)\n\tat org.apache.hadoop.ozone.om.ratis.OzoneManagerStateMachine.lambda$2(OzoneManagerStateMachine.java:379)\n\tat java.base/java.util.concurrent.CompletableFuture$AsyncSupply.run(CompletableFuture.java:1768)\n\tat java.base/java.util.concurrent.ThreadPoolExecutor.runWorker(ThreadPoolExecutor.java:1144)\n\tat java.base/java.util.concurrent.ThreadPoolExecutor$Worker.run(ThreadPoolExecutor.java:642)\n\tat java.base/java.lang.Thread.run(Thread.java:1583)\n&quot;&#10;status: INTERNAL_ERROR&#10;omLockDetails {&#10;  isLockAcquired: false&#10;  waitLockNanos: 2785&#10;  readLockNanos: 0&#10;  writeLockNanos: 6109203&#10;}&#10;" type="INTERNAL_ERROR org.apache.hadoop.ozone.om.exceptions.OMException"><![CDATA[INTERNAL_ERROR org.apache.hadoop.ozone.om.exceptions.OMException: org.apache.ratis.util.ExitUtils$ExitException: OM Ratis Server has received unrecoverable error, to avoid further DB corruption, terminating OM. Error Response received is:cmdType: CreateKey
traceID: ""
success: false
message: "com.google.protobuf.InvalidProtocolBufferException: Message missing required fields: volumeName, bucketName, keyName, dataSize, type, creationTime, modificationTime\n\tat com.google.protobuf.UninitializedMessageException.asInvalidProtocolBufferException(UninitializedMessageException.java:81)\n\tat com.google.protobuf.AbstractParser.checkMessageInitialized(AbstractParser.java:71)\n\tat com.google.protobuf.AbstractParser.parseFrom(AbstractParser.java:217)\n\tat com.google.protobuf.AbstractParser.parseFrom(AbstractParser.java:223)\n\tat com.google.protobuf.AbstractParser.parseFrom(AbstractParser.java:49)\n\tat org.apache.hadoop.hdds.utils.db.Proto2Codec.fromCodecBuffer(Proto2Codec.java:84)\n\tat org.apache.hadoop.hdds.utils.db.Proto2Codec.fromCodecBuffer(Proto2Codec.java:34)\n\tat org.apache.hadoop.hdds.utils.db.DelegatedCodec.fromCodecBuffer(DelegatedCodec.java:83)\n\tat org.apache.hadoop.hdds.utils.db.TypedTable.getFromTable(TypedTable.java:371)\n\tat org.apache.hadoop.hdds.utils.db.TypedTable.getFromTableIfExist(TypedTable.java:393)\n\tat org.apache.hadoop.hdds.utils.db.TypedTable.getIfExist(TypedTable.java:310)\n\tat org.apache.hadoop.ozone.om.request.key.OMKeyCreateRequest.validateAndUpdateCache(OMKeyCreateRequest.java:228)\n\tat org.apache.hadoop.ozone.protocolPB.OzoneManagerRequestHandler.lambda$0(OzoneManagerRequestHandler.java:419)\n\tat org.apache.hadoop.ozone.util.MetricUtil.captureLatencyNs(MetricUtil.java:45)\n\tat org.apache.hadoop.ozone.protocolPB.OzoneManagerRequestHandler.handleWriteRequestImpl(OzoneManagerRequestHandler.java:417)\n\tat org.apache.hadoop.ozone.protocolPB.RequestHandler.handleWriteRequest(RequestHandler.java:62)\n\tat org.apache.hadoop.ozone.om.ratis.OzoneManagerStateMachine.runCommand(OzoneManagerStateMachine.java:563)\n\tat org.apache.hadoop.ozone.om.ratis.OzoneManagerStateMachine.lambda$2(OzoneManagerStateMachine.java:379)\n\tat java.base/java.util.concurrent.CompletableFuture$AsyncSupply.run(CompletableFuture.java:1768)\n\tat java.base/java.util.concurrent.ThreadPoolExecutor.runWorker(ThreadPoolExecutor.java:1144)\n\tat java.base/java.util.concurrent.ThreadPoolExecutor$Worker.run(ThreadPoolExecutor.java:642)\n\tat java.base/java.lang.Thread.run(Thread.java:1583)\n"
status: INTERNAL_ERROR
omLockDetails {
  isLockAcquired: false
  waitLockNanos: 2785
  readLockNanos: 0
  writeLockNanos: 6109203
}

	at org.apache.hadoop.ozone.om.protocolPB.OzoneManagerProtocolClientSideTranslatorPB.handleError(OzoneManagerProtocolClientSideTranslatorPB.java:762)
	at org.apache.hadoop.ozone.om.protocolPB.OzoneManagerProtocolClientSideTranslatorPB.handleSubmitRequestAndSCMSafeModeRetry(OzoneManagerProtocolClientSideTranslatorPB.java:2358)
	at org.apache.hadoop.ozone.om.protocolPB.OzoneManagerProtocolClientSideTranslatorPB.openKey(OzoneManagerProtocolClientSideTranslatorPB.java:753)
	at org.apache.hadoop.ozone.client.rpc.RpcClient.createKey(RpcClient.java:1388)
	at org.apache.hadoop.ozone.client.rpc.RpcClient.createKey(RpcClient.java:1358)
	at org.apache.hadoop.ozone.client.rpc.RpcClient.createKey(RpcClient.java:1348)
	at org.apache.hadoop.ozone.client.OzoneBucket.createKey(OzoneBucket.java:451)
	at org.apache.hadoop.ozone.om.TestOzoneManagerHA.createKeyTest(TestOzoneManagerHA.java:425)
	at org.apache.hadoop.ozone.om.TestOzoneManagerHAWithStoppedNodes.testIncrementalWaitTimeWithSameNodeFailover(TestOzoneManagerHAWithStoppedNodes.java:493)
	at java.base/java.lang.reflect.Method.invoke(Method.java:580)
	at java.base/java.util.ArrayList.forEach(ArrayList.java:1596)
	at java.base/java.util.ArrayList.forEach(ArrayList.java:1596)
]]></error>
    <system-out><![CDATA[2025-04-23 15:47:01,543 [omNode-1@group-523986131536-FollowerState] INFO  impl.FollowerState (FollowerState.java:runImpl(161)) - omNode-1@group-523986131536-FollowerState: change to CANDIDATE, lastRpcElapsedTime:1124558895ns, electionTimeout:1124ms
2025-04-23 15:47:01,543 [omNode-1@group-523986131536-FollowerState] INFO  impl.RoleInfo (RoleInfo.java:shutdownFollowerState(121)) - omNode-1: shutdown omNode-1@group-523986131536-FollowerState
2025-04-23 15:47:01,543 [omNode-1@group-523986131536-FollowerState] INFO  server.RaftServer$Division (RaftServerImpl.java:setRole(378)) - omNode-1@group-523986131536: changes role from  FOLLOWER to CANDIDATE at term 16 for changeToCandidate
2025-04-23 15:47:01,543 [omNode-1@group-523986131536-FollowerState] INFO  server.RaftServerConfigKeys (ConfUtils.java:logGet(46)) - raft.server.leaderelection.pre-vote = true (default)
2025-04-23 15:47:01,543 [omNode-1@group-523986131536-FollowerState] INFO  impl.RoleInfo (RoleInfo.java:updateAndGet(148)) - omNode-1: start omNode-1@group-523986131536-LeaderElection34
2025-04-23 15:47:01,543 [omNode-1@group-523986131536-LeaderElection34] INFO  impl.LeaderElection (LeaderElection.java:askForVotes(332)) - omNode-1@group-523986131536-LeaderElection34 PRE_VOTE round 0: submit vote requests at term 16 for conf: {index: 337, cur=peers:[omNode-3|localhost:15017, omNode-1|localhost:15009, omNode-2|localhost:15013]|listeners:[], old=null}
2025-04-23 15:47:01,544 [omNode-1@group-523986131536-LeaderElection34-1] INFO  server.GrpcServerProtocolClient (GrpcServerProtocolClient.java:<init>(65)) - Build channel for omNode-3|localhost:15017
2025-04-23 15:47:01,544 [omNode-1@group-523986131536-LeaderElection34-2] INFO  server.GrpcServerProtocolClient (GrpcServerProtocolClient.java:<init>(65)) - Build channel for omNode-2|localhost:15013
2025-04-23 15:47:01,544 [omNode-1@group-523986131536-LeaderElection34] INFO  server.RaftServerConfigKeys (ConfUtils.java:logFallback(53)) - raft.server.rpc.first-election.timeout.min = 1s (fallback to raft.server.rpc.timeout.min)
2025-04-23 15:47:01,544 [omNode-1@group-523986131536-LeaderElection34] INFO  server.RaftServerConfigKeys (ConfUtils.java:logFallback(53)) - raft.server.rpc.first-election.timeout.max = 1200ms (fallback to raft.server.rpc.timeout.max)
2025-04-23 15:47:01,547 [grpc-default-executor-1] INFO  server.RaftServer$Division (RaftServerImpl.java:requestVote(1407)) - omNode-2@group-523986131536: receive requestVote(PRE_VOTE, omNode-1, group-523986131536, 16, (t:16, i:338))
2025-04-23 15:47:01,547 [grpc-default-executor-1] INFO  impl.VoteContext (VoteContext.java:log(49)) - omNode-2@group-523986131536-FOLLOWER: accept PRE_VOTE from omNode-1: our priority 0 <= candidate's priority 0
2025-04-23 15:47:01,547 [grpc-default-executor-1] INFO  server.RaftServer$Division (RaftServerImpl.java:requestVote(1441)) - omNode-2@group-523986131536 replies to PRE_VOTE vote request: omNode-1<-omNode-2#0:OK-t16. Peer's state: omNode-2@group-523986131536:t16, leader=null, voted=omNode-1, raftlog=Memoized:omNode-2@group-523986131536-SegmentedRaftLog:OPENED:c338:last(t:16, i:338), conf=conf: {index: 337, cur=peers:[omNode-3|localhost:15017, omNode-1|localhost:15009, omNode-2|localhost:15013]|listeners:[], old=null}
2025-04-23 15:47:01,547 [grpc-default-executor-5] INFO  server.RaftServer$Division (RaftServerImpl.java:requestVote(1407)) - omNode-3@group-523986131536: receive requestVote(PRE_VOTE, omNode-1, group-523986131536, 16, (t:16, i:338))
2025-04-23 15:47:01,547 [grpc-default-executor-5] INFO  impl.VoteContext (VoteContext.java:log(49)) - omNode-3@group-523986131536-FOLLOWER: accept PRE_VOTE from omNode-1: our last entry (t:16, i:337) < candidate's last entry (t:16, i:338)
2025-04-23 15:47:01,547 [grpc-default-executor-5] INFO  server.RaftServer$Division (RaftServerImpl.java:requestVote(1441)) - omNode-3@group-523986131536 replies to PRE_VOTE vote request: omNode-1<-omNode-3#0:OK-t16. Peer's state: omNode-3@group-523986131536:t16, leader=null, voted=omNode-1, raftlog=Memoized:omNode-3@group-523986131536-SegmentedRaftLog:OPENED:c336:last(t:16, i:337), conf=conf: {index: 337, cur=peers:[omNode-3|localhost:15017, omNode-1|localhost:15009, omNode-2|localhost:15013]|listeners:[], old=null}
2025-04-23 15:47:01,547 [omNode-1@group-523986131536-LeaderElection34] INFO  impl.LeaderElection (LeaderElection.java:logAndReturn(90)) - omNode-1@group-523986131536-LeaderElection34: PRE_VOTE PASSED received 1 response(s) and 0 exception(s):
2025-04-23 15:47:01,547 [omNode-1@group-523986131536-LeaderElection34] INFO  impl.LeaderElection (LeaderElection.java:logAndReturn(94)) -   Response 0: omNode-1<-omNode-2#0:OK-t16
2025-04-23 15:47:01,548 [omNode-1@group-523986131536-LeaderElection34] INFO  impl.LeaderElection (LeaderElection.java:askForVotes(334)) - omNode-1@group-523986131536-LeaderElection34 PRE_VOTE round 0: result PASSED
2025-04-23 15:47:01,549 [omNode-1@group-523986131536-LeaderElection34] INFO  impl.LeaderElection (LeaderElection.java:askForVotes(332)) - omNode-1@group-523986131536-LeaderElection34 ELECTION round 0: submit vote requests at term 17 for conf: {index: 337, cur=peers:[omNode-3|localhost:15017, omNode-1|localhost:15009, omNode-2|localhost:15013]|listeners:[], old=null}
2025-04-23 15:47:01,549 [omNode-1@group-523986131536-LeaderElection34] INFO  server.RaftServerConfigKeys (ConfUtils.java:logFallback(53)) - raft.server.rpc.first-election.timeout.min = 1s (fallback to raft.server.rpc.timeout.min)
2025-04-23 15:47:01,549 [omNode-1@group-523986131536-LeaderElection34] INFO  server.RaftServerConfigKeys (ConfUtils.java:logFallback(53)) - raft.server.rpc.first-election.timeout.max = 1200ms (fallback to raft.server.rpc.timeout.max)
2025-04-23 15:47:01,550 [grpc-default-executor-1] INFO  server.RaftServer$Division (RaftServerImpl.java:requestVote(1407)) - omNode-2@group-523986131536: receive requestVote(ELECTION, omNode-1, group-523986131536, 17, (t:16, i:338))
2025-04-23 15:47:01,550 [grpc-default-executor-1] INFO  impl.VoteContext (VoteContext.java:log(49)) - omNode-2@group-523986131536-FOLLOWER: accept ELECTION from omNode-1: our priority 0 <= candidate's priority 0
2025-04-23 15:47:01,550 [grpc-default-executor-1] INFO  server.RaftServer$Division (RaftServerImpl.java:setRole(378)) - omNode-2@group-523986131536: changes role from  FOLLOWER to FOLLOWER at term 16 for candidate:omNode-1
2025-04-23 15:47:01,550 [grpc-default-executor-1] INFO  impl.RoleInfo (RoleInfo.java:shutdownFollowerState(121)) - omNode-2: shutdown omNode-2@group-523986131536-FollowerState
2025-04-23 15:47:01,550 [grpc-default-executor-5] INFO  server.RaftServer$Division (RaftServerImpl.java:requestVote(1407)) - omNode-3@group-523986131536: receive requestVote(ELECTION, omNode-1, group-523986131536, 17, (t:16, i:338))
2025-04-23 15:47:01,550 [grpc-default-executor-5] INFO  impl.VoteContext (VoteContext.java:log(49)) - omNode-3@group-523986131536-FOLLOWER: accept ELECTION from omNode-1: our last entry (t:16, i:337) < candidate's last entry (t:16, i:338)
2025-04-23 15:47:01,550 [grpc-default-executor-5] INFO  server.RaftServer$Division (RaftServerImpl.java:setRole(378)) - omNode-3@group-523986131536: changes role from  FOLLOWER to FOLLOWER at term 16 for candidate:omNode-1
2025-04-23 15:47:01,550 [grpc-default-executor-5] INFO  impl.RoleInfo (RoleInfo.java:shutdownFollowerState(121)) - omNode-3: shutdown omNode-3@group-523986131536-FollowerState
2025-04-23 15:47:01,550 [grpc-default-executor-5] INFO  impl.RoleInfo (RoleInfo.java:updateAndGet(148)) - omNode-3: start omNode-3@group-523986131536-FollowerState
2025-04-23 15:47:01,550 [omNode-3@group-523986131536-FollowerState] INFO  impl.FollowerState (FollowerState.java:runImpl(170)) - omNode-3@group-523986131536-FollowerState was interrupted
2025-04-23 15:47:01,550 [grpc-default-executor-1] INFO  impl.RoleInfo (RoleInfo.java:updateAndGet(148)) - omNode-2: start omNode-2@group-523986131536-FollowerState
2025-04-23 15:47:01,550 [omNode-2@group-523986131536-FollowerState] INFO  impl.FollowerState (FollowerState.java:runImpl(170)) - omNode-2@group-523986131536-FollowerState was interrupted
2025-04-23 15:47:01,551 [grpc-default-executor-1] INFO  server.RaftServer$Division (RaftServerImpl.java:setFirstElection(562)) - omNode-2@group-523986131536: set firstElectionSinceStartup to false for candidate:omNode-1
2025-04-23 15:47:01,552 [grpc-default-executor-1] INFO  server.RaftServer$Division (RaftServerImpl.java:requestVote(1441)) - omNode-2@group-523986131536 replies to ELECTION vote request: omNode-1<-omNode-2#0:OK-t17. Peer's state: omNode-2@group-523986131536:t17, leader=null, voted=omNode-1, raftlog=Memoized:omNode-2@group-523986131536-SegmentedRaftLog:OPENED:c338:last(t:16, i:338), conf=conf: {index: 337, cur=peers:[omNode-3|localhost:15017, omNode-1|localhost:15009, omNode-2|localhost:15013]|listeners:[], old=null}
2025-04-23 15:47:01,552 [grpc-default-executor-5] INFO  server.RaftServer$Division (RaftServerImpl.java:requestVote(1441)) - omNode-3@group-523986131536 replies to ELECTION vote request: omNode-1<-omNode-3#0:OK-t17. Peer's state: omNode-3@group-523986131536:t17, leader=null, voted=omNode-1, raftlog=Memoized:omNode-3@group-523986131536-SegmentedRaftLog:OPENED:c336:last(t:16, i:337), conf=conf: {index: 337, cur=peers:[omNode-3|localhost:15017, omNode-1|localhost:15009, omNode-2|localhost:15013]|listeners:[], old=null}
2025-04-23 15:47:01,552 [omNode-1@group-523986131536-LeaderElection34] INFO  impl.LeaderElection (LeaderElection.java:logAndReturn(90)) - omNode-1@group-523986131536-LeaderElection34: ELECTION PASSED received 1 response(s) and 0 exception(s):
2025-04-23 15:47:01,552 [omNode-1@group-523986131536-LeaderElection34] INFO  impl.LeaderElection (LeaderElection.java:logAndReturn(94)) -   Response 0: omNode-1<-omNode-2#0:OK-t17
2025-04-23 15:47:01,552 [omNode-1@group-523986131536-LeaderElection34] INFO  impl.LeaderElection (LeaderElection.java:askForVotes(334)) - omNode-1@group-523986131536-LeaderElection34 ELECTION round 0: result PASSED
2025-04-23 15:47:01,553 [omNode-1@group-523986131536-LeaderElection34] INFO  impl.RoleInfo (RoleInfo.java:shutdownLeaderElection(141)) - omNode-1: shutdown omNode-1@group-523986131536-LeaderElection34
2025-04-23 15:47:01,553 [omNode-1@group-523986131536-LeaderElection34] INFO  server.RaftServer$Division (RaftServerImpl.java:setRole(378)) - omNode-1@group-523986131536: changes role from CANDIDATE to LEADER at term 17 for changeToLeader
2025-04-23 15:47:01,553 [omNode-1@group-523986131536-LeaderElection34] INFO  server.RaftServerConfigKeys (ConfUtils.java:logGet(46)) - raft.server.staging.catchup.gap = 1000 (default)
2025-04-23 15:47:01,553 [omNode-1@group-523986131536-LeaderElection34] INFO  server.RaftServerConfigKeys (ConfUtils.java:logGet(46)) - raft.server.write.element-limit = 4096 (default)
2025-04-23 15:47:01,553 [omNode-1@group-523986131536-LeaderElection34] INFO  server.RaftServerConfigKeys (ConfUtils.java:logGet(46)) - raft.server.write.byte-limit = 64MB (=67108864) (default)
2025-04-23 15:47:01,553 [omNode-1@group-523986131536-LeaderElection34] INFO  server.RaftServerConfigKeys (ConfUtils.java:logGet(46)) - raft.server.watch.timeout = 10s (default)
2025-04-23 15:47:01,553 [omNode-1@group-523986131536-LeaderElection34] INFO  server.RaftServerConfigKeys (ConfUtils.java:logGet(46)) - raft.server.watch.timeout.denomination = 1s (default)
2025-04-23 15:47:01,553 [omNode-1@group-523986131536-LeaderElection34] INFO  server.RaftServerConfigKeys (ConfUtils.java:logGet(46)) - raft.server.watch.element-limit = 65536 (default)
2025-04-23 15:47:01,554 [omNode-1@group-523986131536-LeaderElection34] INFO  server.RaftServerConfigKeys (ConfUtils.java:logGet(46)) - raft.server.read.leader.lease.enabled = false (default)
2025-04-23 15:47:01,554 [omNode-1@group-523986131536-LeaderElection34] INFO  server.RaftServerConfigKeys (ConfUtils.java:logGet(46)) - raft.server.read.leader.lease.timeout.ratio = 0.9 (default)
2025-04-23 15:47:01,554 [omNode-1@group-523986131536-LeaderElection34] INFO  server.RaftServerConfigKeys (ConfUtils.java:logGet(46)) - raft.server.rpc.timeout.min = 1s (custom)
2025-04-23 15:47:01,554 [omNode-1@group-523986131536-LeaderElection34] INFO  server.RaftServerConfigKeys (ConfUtils.java:logGet(46)) - raft.server.log.log-metadata.enabled = true (default)
2025-04-23 15:47:01,554 [omNode-1@group-523986131536-LeaderElection34] INFO  server.RaftServerConfigKeys (ConfUtils.java:logGet(46)) - raft.server.write.element-limit = 4096 (default)
2025-04-23 15:47:01,554 [omNode-1@group-523986131536-LeaderElection34] INFO  server.RaftServerConfigKeys (ConfUtils.java:logGet(46)) - raft.server.write.follower.gap.ratio.max = -1.0 (default)
2025-04-23 15:47:01,554 [omNode-1@group-523986131536-LeaderElection34] INFO  server.RaftServerConfigKeys (ConfUtils.java:logGet(46)) - raft.server.log.appender.snapshot.chunk.size.max = 16MB (=16777216) (default)
2025-04-23 15:47:01,554 [omNode-1@group-523986131536-LeaderElection34] INFO  server.RaftServerConfigKeys (ConfUtils.java:logGet(46)) - raft.server.log.appender.buffer.byte-limit = 4194304 (custom)
2025-04-23 15:47:01,554 [omNode-1@group-523986131536-LeaderElection34] INFO  server.RaftServerConfigKeys (ConfUtils.java:logGet(46)) - raft.server.log.appender.buffer.element-limit = 1024 (custom)
2025-04-23 15:47:01,555 [omNode-1@group-523986131536-LeaderElection34] INFO  server.RaftServerConfigKeys (ConfUtils.java:logGet(46)) - raft.server.log.appender.wait-time.min = 0ms (custom)
2025-04-23 15:47:01,555 [omNode-1@group-523986131536-LeaderElection34] INFO  grpc.GrpcConfigKeys (ConfUtils.java:logGet(46)) - raft.grpc.server.leader.outstanding.appends.max = 8 (default)
2025-04-23 15:47:01,555 [omNode-1@group-523986131536-LeaderElection34] INFO  server.RaftServerConfigKeys (ConfUtils.java:logGet(46)) - raft.server.rpc.request.timeout = 3000ms (default)
2025-04-23 15:47:01,555 [omNode-1@group-523986131536-LeaderElection34] INFO  grpc.GrpcConfigKeys (ConfUtils.java:logGet(46)) - raft.grpc.server.install_snapshot.request.element-limit = 8 (default)
2025-04-23 15:47:01,555 [omNode-1@group-523986131536-LeaderElection34] INFO  grpc.GrpcConfigKeys (ConfUtils.java:logGet(46)) - raft.grpc.server.install_snapshot.request.timeout = 3000ms (default)
2025-04-23 15:47:01,555 [omNode-1@group-523986131536-LeaderElection34] INFO  grpc.GrpcConfigKeys (ConfUtils.java:logGet(46)) - raft.grpc.server.log-message.batch.duration = 5s (default)
2025-04-23 15:47:01,555 [omNode-1@group-523986131536-LeaderElection34] INFO  server.RaftServerConfigKeys (ConfUtils.java:logGet(46)) - raft.server.log.appender.install.snapshot.enabled = false (custom)
2025-04-23 15:47:01,555 [omNode-1@group-523986131536-LeaderElection34] INFO  grpc.GrpcConfigKeys (ConfUtils.java:logGet(46)) - raft.grpc.server.heartbeat.channel = true (default)
2025-04-23 15:47:01,556 [omNode-1@group-523986131536-LeaderElection34] INFO  server.RaftServerConfigKeys (ConfUtils.java:logGet(46)) - raft.server.log.appender.snapshot.chunk.size.max = 16MB (=16777216) (default)
2025-04-23 15:47:01,556 [omNode-1@group-523986131536-LeaderElection34] INFO  server.RaftServerConfigKeys (ConfUtils.java:logGet(46)) - raft.server.log.appender.buffer.byte-limit = 4194304 (custom)
2025-04-23 15:47:01,556 [omNode-1@group-523986131536-LeaderElection34] INFO  server.RaftServerConfigKeys (ConfUtils.java:logGet(46)) - raft.server.log.appender.buffer.element-limit = 1024 (custom)
2025-04-23 15:47:01,556 [omNode-1@group-523986131536-LeaderElection34] INFO  server.RaftServerConfigKeys (ConfUtils.java:logGet(46)) - raft.server.log.appender.wait-time.min = 0ms (custom)
2025-04-23 15:47:01,556 [omNode-1@group-523986131536-LeaderElection34] INFO  grpc.GrpcConfigKeys (ConfUtils.java:logGet(46)) - raft.grpc.server.leader.outstanding.appends.max = 8 (default)
2025-04-23 15:47:01,556 [omNode-1@group-523986131536-LeaderElection34] INFO  server.RaftServerConfigKeys (ConfUtils.java:logGet(46)) - raft.server.rpc.request.timeout = 3000ms (default)
2025-04-23 15:47:01,556 [omNode-1@group-523986131536-LeaderElection34] INFO  grpc.GrpcConfigKeys (ConfUtils.java:logGet(46)) - raft.grpc.server.install_snapshot.request.element-limit = 8 (default)
2025-04-23 15:47:01,556 [omNode-1@group-523986131536-LeaderElection34] INFO  grpc.GrpcConfigKeys (ConfUtils.java:logGet(46)) - raft.grpc.server.install_snapshot.request.timeout = 3000ms (default)
2025-04-23 15:47:01,556 [omNode-1@group-523986131536-LeaderElection34] INFO  grpc.GrpcConfigKeys (ConfUtils.java:logGet(46)) - raft.grpc.server.log-message.batch.duration = 5s (default)
2025-04-23 15:47:01,556 [omNode-1@group-523986131536-LeaderElection34] INFO  server.RaftServerConfigKeys (ConfUtils.java:logGet(46)) - raft.server.log.appender.install.snapshot.enabled = false (custom)
2025-04-23 15:47:01,556 [omNode-1@group-523986131536-LeaderElection34] INFO  grpc.GrpcConfigKeys (ConfUtils.java:logGet(46)) - raft.grpc.server.heartbeat.channel = true (default)
2025-04-23 15:47:01,556 [omNode-1@group-523986131536-LeaderElection34] INFO  impl.RoleInfo (RoleInfo.java:updateAndGet(148)) - omNode-1: start omNode-1@group-523986131536-LeaderStateImpl
2025-04-23 15:47:01,556 [omNode-1@group-523986131536-LeaderElection34] INFO  server.RaftServer$Division (RaftServerImpl.java:setFirstElection(562)) - omNode-1@group-523986131536: set firstElectionSinceStartup to false for becomeLeader
2025-04-23 15:47:01,556 [omNode-1@group-523986131536-LeaderElection34] INFO  ratis.OzoneManagerStateMachine (OzoneManagerStateMachine.java:notifyLeaderChanged(169)) - omNode-1@group-523986131536: leader changed to omNode-1
2025-04-23 15:47:01,556 [omNode-1@group-523986131536-LeaderElection34] INFO  server.RaftServer$Division (ServerState.java:setLeader(272)) - omNode-1@group-523986131536: change Leader from null to omNode-1 at term 17 for becomeLeader, leader elected after 1149ms
2025-04-23 15:47:01,557 [omNode-1@group-523986131536-LeaderElection34] INFO  segmented.SegmentedRaftLogWorker (SegmentedRaftLogWorker.java:rollLogSegment(443)) - omNode-1@group-523986131536-SegmentedRaftLogWorker: Rolling segment log-337_338 to index:338
2025-04-23 15:47:01,557 [omNode-1@group-523986131536-LeaderElection34] INFO  server.RaftServer$Division (ServerState.java:setRaftConf(386)) - omNode-1@group-523986131536: set configuration conf: {index: 339, cur=peers:[omNode-3|localhost:15017, omNode-1|localhost:15009, omNode-2|localhost:15013]|listeners:[], old=null}
2025-04-23 15:47:01,557 [omNode-1@group-523986131536-SegmentedRaftLogWorker] INFO  segmented.SegmentedRaftLogWorker (SegmentedRaftLogWorker.java:execute(601)) - omNode-1@group-523986131536-SegmentedRaftLogWorker: Rolled log segment from /home/runner/work/ozone/ozone/hadoop-ozone/integration-test/target/test-dir/MiniOzoneClusterImpl-5cf50c17-c591-473f-a8c4-88d8665d28d7/omNode-1/ratis/c9bc4cf4-3bc3-3c60-a66b-523986131536/current/log_inprogress_337 to /home/runner/work/ozone/ozone/hadoop-ozone/integration-test/target/test-dir/MiniOzoneClusterImpl-5cf50c17-c591-473f-a8c4-88d8665d28d7/omNode-1/ratis/c9bc4cf4-3bc3-3c60-a66b-523986131536/current/log_337-338
2025-04-23 15:47:01,557 [omNode-1@group-523986131536-SegmentedRaftLogWorker] INFO  segmented.BufferedWriteChannel (BufferedWriteChannel.java:open(61)) - open log_inprogress_339 at position 0
2025-04-23 15:47:01,562 [omNode-3-server-thread1] INFO  ratis.OzoneManagerStateMachine (OzoneManagerStateMachine.java:notifyLeaderChanged(169)) - omNode-3@group-523986131536: leader changed to omNode-1
2025-04-23 15:47:01,562 [omNode-3-server-thread1] INFO  server.RaftServer$Division (ServerState.java:setLeader(272)) - omNode-3@group-523986131536: change Leader from null to omNode-1 at term 17 for appendEntries, leader elected after 1632ms
2025-04-23 15:47:01,562 [omNode-3-server-thread1] INFO  server.RaftServer$Division (RaftServerImpl.java:checkInconsistentAppendEntries(1648)) - omNode-3@group-523986131536: Failed appendEntries as previous log entry ((t:16, i:338)) is not found
2025-04-23 15:47:01,562 [omNode-3-server-thread1] INFO  server.RaftServer$Division (RaftServerImpl.java:appendEntriesAsync(1580)) - omNode-3@group-523986131536: appendEntries* reply omNode-1<-omNode-3#0:FAIL-t17,INCONSISTENCY,nextIndex=338,followerCommit=336,matchIndex=-1
2025-04-23 15:47:01,563 [grpc-default-executor-1] WARN  server.GrpcLogAppender (GrpcLogAppender.java:onNextImpl(519)) - omNode-1@group-523986131536->omNode-3-AppendLogResponseHandler: received INCONSISTENCY reply with nextIndex 338, errorCount=1, request=AppendEntriesRequest:cid=0,entriesCount=0
2025-04-23 15:47:01,563 [grpc-default-executor-1] INFO  leader.FollowerInfo (FollowerInfoImpl.java:info(70)) - omNode-1@group-523986131536->omNode-3: setNextIndex nextIndex: updateUnconditionally 340 -> 338
2025-04-23 15:47:01,563 [omNode-3-server-thread1] INFO  server.RaftServer$Division (RaftServerImpl.java:checkInconsistentAppendEntries(1648)) - omNode-3@group-523986131536: Failed appendEntries as previous log entry ((t:16, i:338)) is not found
2025-04-23 15:47:01,563 [omNode-3-server-thread1] INFO  server.RaftServer$Division (RaftServerImpl.java:appendEntriesAsync(1580)) - omNode-3@group-523986131536: appendEntries* reply omNode-1<-omNode-3#1:FAIL-t17,INCONSISTENCY,nextIndex=338,followerCommit=336,matchIndex=-1
2025-04-23 15:47:01,564 [grpc-default-executor-7] WARN  server.GrpcLogAppender (GrpcLogAppender.java:onNextImpl(519)) - omNode-1@group-523986131536->omNode-3-AppendLogResponseHandler: received INCONSISTENCY reply with nextIndex 338, errorCount=2, request=null
2025-04-23 15:47:01,564 [grpc-default-executor-7] INFO  leader.FollowerInfo (FollowerInfoImpl.java:info(70)) - omNode-1@group-523986131536->omNode-3: setNextIndex nextIndex: updateUnconditionally 340 -> 338
2025-04-23 15:47:01,564 [omNode-3-server-thread1] INFO  server.RaftServer$Division (ServerState.java:setRaftConf(386)) - omNode-3@group-523986131536: set configuration conf: {index: 339, cur=peers:[omNode-3|localhost:15017, omNode-1|localhost:15009, omNode-2|localhost:15013]|listeners:[], old=null}
2025-04-23 15:47:01,564 [omNode-2-server-thread1] INFO  ratis.OzoneManagerStateMachine (OzoneManagerStateMachine.java:notifyLeaderChanged(169)) - omNode-2@group-523986131536: leader changed to omNode-1
2025-04-23 15:47:01,564 [omNode-2-server-thread1] INFO  server.RaftServer$Division (ServerState.java:setLeader(272)) - omNode-2@group-523986131536: change Leader from null to omNode-1 at term 17 for appendEntries, leader elected after 711ms
2025-04-23 15:47:01,565 [omNode-3-server-thread1] INFO  segmented.SegmentedRaftLogWorker (SegmentedRaftLogWorker.java:rollLogSegment(443)) - omNode-3@group-523986131536-SegmentedRaftLogWorker: Rolling segment log-337_338 to index:338
2025-04-23 15:47:01,566 [omNode-3-server-thread1] INFO  server.RaftServer$Division (ServerState.java:setRaftConf(386)) - omNode-3@group-523986131536: set configuration conf: {index: 339, cur=peers:[omNode-3|localhost:15017, omNode-1|localhost:15009, omNode-2|localhost:15013]|listeners:[], old=null}
2025-04-23 15:47:01,566 [omNode-2-server-thread1] INFO  server.RaftServer$Division (ServerState.java:setRaftConf(386)) - omNode-2@group-523986131536: set configuration conf: {index: 339, cur=peers:[omNode-3|localhost:15017, omNode-1|localhost:15009, omNode-2|localhost:15013]|listeners:[], old=null}
2025-04-23 15:47:01,566 [omNode-2-server-thread1] INFO  segmented.SegmentedRaftLogWorker (SegmentedRaftLogWorker.java:rollLogSegment(443)) - omNode-2@group-523986131536-SegmentedRaftLogWorker: Rolling segment log-337_338 to index:338
2025-04-23 15:47:01,568 [omNode-2@group-523986131536-SegmentedRaftLogWorker] INFO  segmented.SegmentedRaftLogWorker (SegmentedRaftLogWorker.java:execute(601)) - omNode-2@group-523986131536-SegmentedRaftLogWorker: Rolled log segment from /home/runner/work/ozone/ozone/hadoop-ozone/integration-test/target/test-dir/MiniOzoneClusterImpl-5cf50c17-c591-473f-a8c4-88d8665d28d7/omNode-2/ratis/c9bc4cf4-3bc3-3c60-a66b-523986131536/current/log_inprogress_337 to /home/runner/work/ozone/ozone/hadoop-ozone/integration-test/target/test-dir/MiniOzoneClusterImpl-5cf50c17-c591-473f-a8c4-88d8665d28d7/omNode-2/ratis/c9bc4cf4-3bc3-3c60-a66b-523986131536/current/log_337-338
2025-04-23 15:47:01,568 [omNode-1@group-523986131536-SegmentedRaftLogWorker] INFO  segmented.SegmentedRaftLogWorker (SegmentedRaftLogWorker.java:execute(644)) - omNode-1@group-523986131536-SegmentedRaftLogWorker: created new log segment /home/runner/work/ozone/ozone/hadoop-ozone/integration-test/target/test-dir/MiniOzoneClusterImpl-5cf50c17-c591-473f-a8c4-88d8665d28d7/omNode-1/ratis/c9bc4cf4-3bc3-3c60-a66b-523986131536/current/log_inprogress_339
2025-04-23 15:47:01,568 [omNode-2@group-523986131536-SegmentedRaftLogWorker] INFO  segmented.BufferedWriteChannel (BufferedWriteChannel.java:open(61)) - open log_inprogress_339 at position 0
2025-04-23 15:47:01,568 [omNode-3@group-523986131536-StateMachineUpdater] INFO  ratis.OzoneManagerStateMachine (OzoneManagerStateMachine.java:notifyConfigurationChanged(231)) - notifyConfigurationChanged from Ratis: term=16, index=337, New Peer list: omNode-3(localhost:15017), omNode-1(localhost:15009), omNode-2(localhost:15013)
2025-04-23 15:47:01,578 [omNode-2@group-523986131536-SegmentedRaftLogWorker] INFO  segmented.SegmentedRaftLogWorker (SegmentedRaftLogWorker.java:execute(644)) - omNode-2@group-523986131536-SegmentedRaftLogWorker: created new log segment /home/runner/work/ozone/ozone/hadoop-ozone/integration-test/target/test-dir/MiniOzoneClusterImpl-5cf50c17-c591-473f-a8c4-88d8665d28d7/omNode-2/ratis/c9bc4cf4-3bc3-3c60-a66b-523986131536/current/log_inprogress_339
2025-04-23 15:47:01,578 [omNode-3@group-523986131536-SegmentedRaftLogWorker] INFO  segmented.SegmentedRaftLogWorker (SegmentedRaftLogWorker.java:execute(601)) - omNode-3@group-523986131536-SegmentedRaftLogWorker: Rolled log segment from /home/runner/work/ozone/ozone/hadoop-ozone/integration-test/target/test-dir/MiniOzoneClusterImpl-5cf50c17-c591-473f-a8c4-88d8665d28d7/omNode-3/ratis/c9bc4cf4-3bc3-3c60-a66b-523986131536/current/log_inprogress_337 to /home/runner/work/ozone/ozone/hadoop-ozone/integration-test/target/test-dir/MiniOzoneClusterImpl-5cf50c17-c591-473f-a8c4-88d8665d28d7/omNode-3/ratis/c9bc4cf4-3bc3-3c60-a66b-523986131536/current/log_337-338
2025-04-23 15:47:01,579 [omNode-3@group-523986131536-SegmentedRaftLogWorker] INFO  segmented.BufferedWriteChannel (BufferedWriteChannel.java:open(61)) - open log_inprogress_339 at position 0
2025-04-23 15:47:01,581 [omNode-1@group-523986131536-StateMachineUpdater] INFO  ratis.OzoneManagerStateMachine (OzoneManagerStateMachine.java:notifyConfigurationChanged(231)) - notifyConfigurationChanged from Ratis: term=17, index=339, New Peer list: omNode-3(localhost:15017), omNode-1(localhost:15009), omNode-2(localhost:15013)
2025-04-23 15:47:01,581 [omNode-1@group-523986131536-StateMachineUpdater] INFO  server.RaftServer$Division (LeaderStateImpl.java:checkStartIndex(313)) - Leader omNode-1@group-523986131536-LeaderStateImpl is ready since appliedIndex == startIndex == 339
2025-04-23 15:47:01,582 [omNode-2@group-523986131536-StateMachineUpdater] INFO  ratis.OzoneManagerStateMachine (OzoneManagerStateMachine.java:notifyConfigurationChanged(231)) - notifyConfigurationChanged from Ratis: term=17, index=339, New Peer list: omNode-3(localhost:15017), omNode-1(localhost:15009), omNode-2(localhost:15013)
2025-04-23 15:47:01,587 [omNode-3@group-523986131536-SegmentedRaftLogWorker] INFO  segmented.SegmentedRaftLogWorker (SegmentedRaftLogWorker.java:execute(644)) - omNode-3@group-523986131536-SegmentedRaftLogWorker: created new log segment /home/runner/work/ozone/ozone/hadoop-ozone/integration-test/target/test-dir/MiniOzoneClusterImpl-5cf50c17-c591-473f-a8c4-88d8665d28d7/omNode-3/ratis/c9bc4cf4-3bc3-3c60-a66b-523986131536/current/log_inprogress_339
2025-04-23 15:47:01,588 [omNode-3@group-523986131536-StateMachineUpdater] INFO  ratis.OzoneManagerStateMachine (OzoneManagerStateMachine.java:notifyConfigurationChanged(231)) - notifyConfigurationChanged from Ratis: term=17, index=339, New Peer list: omNode-3(localhost:15017), omNode-1(localhost:15009), omNode-2(localhost:15013)
2025-04-23 15:47:01,616 [main] INFO  om.OzoneManager (OzoneManager.java:stop(2347)) - omNode-1[localhost:15006]: Stopping Ozone Manager
2025-04-23 15:47:01,616 [main] INFO  ipc.Server (Server.java:stop(3697)) - Stopping server on 15006
2025-04-23 15:47:01,617 [IPC Server listener on 15006] INFO  ipc.Server (Server.java:run(1585)) - Stopping IPC Server listener on 15006
2025-04-23 15:47:01,617 [IPC Server Responder] INFO  ipc.Server (Server.java:run(1718)) - Stopping IPC Server Responder
2025-04-23 15:47:01,618 [main] INFO  ratis.OzoneManagerRatisServer (OzoneManagerRatisServer.java:stop(634)) - Stopping org.apache.hadoop.ozone.om.ratis.OzoneManagerRatisServer@7dbadb67 at port 15009
2025-04-23 15:47:01,618 [main] INFO  server.RaftServer (RaftServerProxy.java:lambda$close$9(417)) - omNode-1: close
2025-04-23 15:47:01,618 [main] INFO  server.GrpcService (GrpcService.java:closeImpl(343)) - omNode-1: shutdown server GrpcServerProtocolService now
2025-04-23 15:47:01,618 [omNode-1-impl-thread1] INFO  server.RaftServer$Division (RaftServerImpl.java:lambda$close$1(513)) - omNode-1@group-523986131536: shutdown
2025-04-23 15:47:01,618 [omNode-1-impl-thread1] INFO  util.JmxRegister (JmxRegister.java:unregister(74)) - Successfully un-registered JMX Bean with object name Ratis:service=RaftServer,group=group-523986131536,id=omNode-1
2025-04-23 15:47:01,618 [omNode-1-impl-thread1] INFO  impl.RoleInfo (RoleInfo.java:shutdownLeaderState(103)) - omNode-1: shutdown omNode-1@group-523986131536-LeaderStateImpl
2025-04-23 15:47:01,618 [omNode-1-impl-thread1] INFO  impl.PendingRequests (PendingRequests.java:sendNotLeaderResponses(287)) - omNode-1@group-523986131536-PendingRequests: sendNotLeaderResponses
2025-04-23 15:47:01,619 [Thread-6306] INFO  server.GrpcServerProtocolClient (GrpcServerProtocolClient.java:close(105)) - omNode-3 Close channels
2025-04-23 15:47:01,619 [omNode-1@group-523986131536->omNode-3-GrpcLogAppender-LogAppenderDaemon] WARN  server.GrpcLogAppender (GrpcLogAppender.java:mayWait(293)) - omNode-1@group-523986131536->omNode-3-GrpcLogAppender: Wait interrupted by java.lang.InterruptedException
2025-04-23 15:47:01,619 [Thread-6308] INFO  server.GrpcServerProtocolClient (GrpcServerProtocolClient.java:close(105)) - omNode-2 Close channels
2025-04-23 15:47:01,619 [omNode-1@group-523986131536->omNode-2-GrpcLogAppender-LogAppenderDaemon] WARN  server.GrpcLogAppender (GrpcLogAppender.java:mayWait(293)) - omNode-1@group-523986131536->omNode-2-GrpcLogAppender: Wait interrupted by java.lang.InterruptedException
2025-04-23 15:47:01,619 [grpc-default-executor-1] INFO  server.GrpcServerProtocolService (GrpcServerProtocolService.java:onCompleted(157)) - omNode-3: Completed APPEND_ENTRIES, lastRequest: null
2025-04-23 15:47:01,620 [grpc-default-executor-1] INFO  server.GrpcServerProtocolService (GrpcServerProtocolService.java:lambda$onCompleted$5(159)) - omNode-3: Completed APPEND_ENTRIES, lastReply: serverReply {
  requestorId: "omNode-1"
  replyId: "omNode-3"
  raftGroupId {
    id: "\311\274L\364;\303<`\246kR9\206\023\0256"
  }
}
term: 17
nextIndex: 338
result: INCONSISTENCY
followerCommit: 336
matchIndex: 18446744073709551615
isHearbeat: true

2025-04-23 15:47:01,620 [grpc-default-executor-7] INFO  server.GrpcServerProtocolService (GrpcServerProtocolService.java:onCompleted(157)) - omNode-3: Completed APPEND_ENTRIES, lastRequest: omNode-1->omNode-3#4-t17,previous=(t:17, i:339),leaderCommit=339,initializing? false,entries: size=1, first=(t:17, i:340), METADATAENTRY(c:339)
2025-04-23 15:47:01,620 [omNode-1-impl-thread1] INFO  impl.StateMachineUpdater (StateMachineUpdater.java:stopAndJoin(164)) - omNode-1@group-523986131536-StateMachineUpdater: set stopIndex = 340
2025-04-23 15:47:01,620 [grpc-default-executor-1] INFO  server.GrpcServerProtocolService (GrpcServerProtocolService.java:onCompleted(157)) - omNode-2: Completed APPEND_ENTRIES, lastRequest: null
2025-04-23 15:47:01,620 [grpc-default-executor-7] INFO  server.GrpcServerProtocolService (GrpcServerProtocolService.java:lambda$onCompleted$5(159)) - omNode-3: Completed APPEND_ENTRIES, lastReply: null
2025-04-23 15:47:01,620 [grpc-default-executor-2] INFO  server.GrpcServerProtocolService (GrpcServerProtocolService.java:onCompleted(157)) - omNode-2: Completed APPEND_ENTRIES, lastRequest: omNode-1->omNode-2#3-t17,previous=(t:17, i:339),leaderCommit=339,initializing? false,entries: size=1, first=(t:17, i:340), METADATAENTRY(c:339)
2025-04-23 15:47:01,620 [grpc-default-executor-2] INFO  server.GrpcServerProtocolService (GrpcServerProtocolService.java:lambda$onCompleted$5(159)) - omNode-2: Completed APPEND_ENTRIES, lastReply: null
2025-04-23 15:47:01,621 [grpc-default-executor-1] INFO  server.GrpcServerProtocolService (GrpcServerProtocolService.java:lambda$onCompleted$5(159)) - omNode-2: Completed APPEND_ENTRIES, lastReply: serverReply {
  requestorId: "omNode-1"
  replyId: "omNode-2"
  raftGroupId {
    id: "\311\274L\364;\303<`\246kR9\206\023\0256"
  }
  success: true
}
term: 17
nextIndex: 339
followerCommit: 338
matchIndex: 18446744073709551615
isHearbeat: true

2025-04-23 15:47:01,621 [grpc-default-executor-2] INFO  server.GrpcLogAppender (GrpcLogAppender.java:onCompleted(550)) - omNode-1@group-523986131536->omNode-2-AppendLogResponseHandler: follower responses appendEntries COMPLETED
2025-04-23 15:47:01,621 [grpc-default-executor-2] WARN  server.GrpcLogAppender (GrpcLogAppender.java:resetClient(230)) - omNode-1@group-523986131536->omNode-2-GrpcLogAppender: Failed to getClient for omNode-2
org.apache.ratis.protocol.exceptions.AlreadyClosedException: omNode-1 is already CLOSED
	at org.apache.ratis.util.PeerProxyMap$PeerAndProxy.getProxy(PeerProxyMap.java:67)
	at org.apache.ratis.util.PeerProxyMap.getProxy(PeerProxyMap.java:124)
	at org.apache.ratis.grpc.server.GrpcLogAppender.getClient(GrpcLogAppender.java:200)
	at org.apache.ratis.grpc.server.GrpcLogAppender.resetClient(GrpcLogAppender.java:205)
	at org.apache.ratis.grpc.server.GrpcLogAppender.access$800(GrpcLogAppender.java:64)
	at org.apache.ratis.grpc.server.GrpcLogAppender$AppendLogResponseHandler.onCompleted(GrpcLogAppender.java:551)
	at org.apache.ratis.thirdparty.io.grpc.stub.ClientCalls$StreamObserverToCallListenerAdapter.onClose(ClientCalls.java:479)
	at org.apache.ratis.thirdparty.io.grpc.internal.ClientCallImpl.closeObserver(ClientCallImpl.java:567)
	at org.apache.ratis.thirdparty.io.grpc.internal.ClientCallImpl.access$300(ClientCallImpl.java:71)
	at org.apache.ratis.thirdparty.io.grpc.internal.ClientCallImpl$ClientStreamListenerImpl$1StreamClosed.runInternal(ClientCallImpl.java:735)
	at org.apache.ratis.thirdparty.io.grpc.internal.ClientCallImpl$ClientStreamListenerImpl$1StreamClosed.runInContext(ClientCallImpl.java:716)
	at org.apache.ratis.thirdparty.io.grpc.internal.ContextRunnable.run(ContextRunnable.java:37)
	at org.apache.ratis.thirdparty.io.grpc.internal.SerializingExecutor.run(SerializingExecutor.java:133)
	at java.base/java.util.concurrent.ThreadPoolExecutor.runWorker(ThreadPoolExecutor.java:1144)
	at java.base/java.util.concurrent.ThreadPoolExecutor$Worker.run(ThreadPoolExecutor.java:642)
	at java.base/java.lang.Thread.run(Thread.java:1583)
2025-04-23 15:47:01,621 [grpc-default-executor-7] INFO  server.GrpcLogAppender (GrpcLogAppender.java:onCompleted(550)) - omNode-1@group-523986131536->omNode-2-AppendLogResponseHandler: follower responses appendEntries COMPLETED
2025-04-23 15:47:01,622 [grpc-default-executor-7] WARN  server.GrpcLogAppender (GrpcLogAppender.java:resetClient(230)) - omNode-1@group-523986131536->omNode-2-GrpcLogAppender: Failed to getClient for omNode-2
org.apache.ratis.protocol.exceptions.AlreadyClosedException: omNode-1 is already CLOSED
	at org.apache.ratis.util.PeerProxyMap$PeerAndProxy.getProxy(PeerProxyMap.java:67)
	at org.apache.ratis.util.PeerProxyMap.getProxy(PeerProxyMap.java:124)
	at org.apache.ratis.grpc.server.GrpcLogAppender.getClient(GrpcLogAppender.java:200)
	at org.apache.ratis.grpc.server.GrpcLogAppender.resetClient(GrpcLogAppender.java:205)
	at org.apache.ratis.grpc.server.GrpcLogAppender.access$800(GrpcLogAppender.java:64)
	at org.apache.ratis.grpc.server.GrpcLogAppender$AppendLogResponseHandler.onCompleted(GrpcLogAppender.java:551)
	at org.apache.ratis.thirdparty.io.grpc.stub.ClientCalls$StreamObserverToCallListenerAdapter.onClose(ClientCalls.java:479)
	at org.apache.ratis.thirdparty.io.grpc.internal.DelayedClientCall$DelayedListener$3.run(DelayedClientCall.java:489)
	at org.apache.ratis.thirdparty.io.grpc.internal.DelayedClientCall$DelayedListener.delayOrExecute(DelayedClientCall.java:453)
	at org.apache.ratis.thirdparty.io.grpc.internal.DelayedClientCall$DelayedListener.onClose(DelayedClientCall.java:486)
	at org.apache.ratis.thirdparty.io.grpc.internal.ClientCallImpl.closeObserver(ClientCallImpl.java:567)
	at org.apache.ratis.thirdparty.io.grpc.internal.ClientCallImpl.access$300(ClientCallImpl.java:71)
	at org.apache.ratis.thirdparty.io.grpc.internal.ClientCallImpl$ClientStreamListenerImpl$1StreamClosed.runInternal(ClientCallImpl.java:735)
	at org.apache.ratis.thirdparty.io.grpc.internal.ClientCallImpl$ClientStreamListenerImpl$1StreamClosed.runInContext(ClientCallImpl.java:716)
	at org.apache.ratis.thirdparty.io.grpc.internal.ContextRunnable.run(ContextRunnable.java:37)
	at org.apache.ratis.thirdparty.io.grpc.internal.SerializingExecutor.run(SerializingExecutor.java:133)
	at java.base/java.util.concurrent.ThreadPoolExecutor.runWorker(ThreadPoolExecutor.java:1144)
	at java.base/java.util.concurrent.ThreadPoolExecutor$Worker.run(ThreadPoolExecutor.java:642)
	at java.base/java.lang.Thread.run(Thread.java:1583)
2025-04-23 15:47:01,622 [grpc-default-executor-1] INFO  server.GrpcLogAppender (GrpcLogAppender.java:onCompleted(550)) - omNode-1@group-523986131536->omNode-3-AppendLogResponseHandler: follower responses appendEntries COMPLETED
2025-04-23 15:47:01,622 [grpc-default-executor-5] INFO  server.GrpcLogAppender (GrpcLogAppender.java:onCompleted(550)) - omNode-1@group-523986131536->omNode-3-AppendLogResponseHandler: follower responses appendEntries COMPLETED
2025-04-23 15:47:01,622 [grpc-default-executor-5] WARN  server.GrpcLogAppender (GrpcLogAppender.java:resetClient(230)) - omNode-1@group-523986131536->omNode-3-GrpcLogAppender: Failed to getClient for omNode-3
org.apache.ratis.protocol.exceptions.AlreadyClosedException: omNode-1 is already CLOSED
	at org.apache.ratis.util.PeerProxyMap$PeerAndProxy.getProxy(PeerProxyMap.java:67)
	at org.apache.ratis.util.PeerProxyMap.getProxy(PeerProxyMap.java:124)
	at org.apache.ratis.grpc.server.GrpcLogAppender.getClient(GrpcLogAppender.java:200)
	at org.apache.ratis.grpc.server.GrpcLogAppender.resetClient(GrpcLogAppender.java:205)
	at org.apache.ratis.grpc.server.GrpcLogAppender.access$800(GrpcLogAppender.java:64)
	at org.apache.ratis.grpc.server.GrpcLogAppender$AppendLogResponseHandler.onCompleted(GrpcLogAppender.java:551)
	at org.apache.ratis.thirdparty.io.grpc.stub.ClientCalls$StreamObserverToCallListenerAdapter.onClose(ClientCalls.java:479)
	at org.apache.ratis.thirdparty.io.grpc.internal.ClientCallImpl.closeObserver(ClientCallImpl.java:567)
	at org.apache.ratis.thirdparty.io.grpc.internal.ClientCallImpl.access$300(ClientCallImpl.java:71)
	at org.apache.ratis.thirdparty.io.grpc.internal.ClientCallImpl$ClientStreamListenerImpl$1StreamClosed.runInternal(ClientCallImpl.java:735)
	at org.apache.ratis.thirdparty.io.grpc.internal.ClientCallImpl$ClientStreamListenerImpl$1StreamClosed.runInContext(ClientCallImpl.java:716)
	at org.apache.ratis.thirdparty.io.grpc.internal.ContextRunnable.run(ContextRunnable.java:37)
	at org.apache.ratis.thirdparty.io.grpc.internal.SerializingExecutor.run(SerializingExecutor.java:133)
	at java.base/java.util.concurrent.ThreadPoolExecutor.runWorker(ThreadPoolExecutor.java:1144)
	at java.base/java.util.concurrent.ThreadPoolExecutor$Worker.run(ThreadPoolExecutor.java:642)
	at java.base/java.lang.Thread.run(Thread.java:1583)
2025-04-23 15:47:01,622 [main] INFO  server.GrpcService (GrpcService.java:closeImpl(352)) - omNode-1: shutdown server GrpcServerProtocolService successfully
2025-04-23 15:47:01,623 [grpc-default-executor-1] WARN  server.GrpcLogAppender (GrpcLogAppender.java:resetClient(230)) - omNode-1@group-523986131536->omNode-3-GrpcLogAppender: Failed to getClient for omNode-3
org.apache.ratis.protocol.exceptions.AlreadyClosedException: omNode-1 is already CLOSED
	at org.apache.ratis.util.PeerProxyMap$PeerAndProxy.getProxy(PeerProxyMap.java:67)
	at org.apache.ratis.util.PeerProxyMap.getProxy(PeerProxyMap.java:124)
	at org.apache.ratis.grpc.server.GrpcLogAppender.getClient(GrpcLogAppender.java:200)
	at org.apache.ratis.grpc.server.GrpcLogAppender.resetClient(GrpcLogAppender.java:205)
	at org.apache.ratis.grpc.server.GrpcLogAppender.access$800(GrpcLogAppender.java:64)
	at org.apache.ratis.grpc.server.GrpcLogAppender$AppendLogResponseHandler.onCompleted(GrpcLogAppender.java:551)
	at org.apache.ratis.thirdparty.io.grpc.stub.ClientCalls$StreamObserverToCallListenerAdapter.onClose(ClientCalls.java:479)
	at org.apache.ratis.thirdparty.io.grpc.internal.DelayedClientCall$DelayedListener$3.run(DelayedClientCall.java:489)
	at org.apache.ratis.thirdparty.io.grpc.internal.DelayedClientCall$DelayedListener.delayOrExecute(DelayedClientCall.java:453)
	at org.apache.ratis.thirdparty.io.grpc.internal.DelayedClientCall$DelayedListener.onClose(DelayedClientCall.java:486)
	at org.apache.ratis.thirdparty.io.grpc.internal.ClientCallImpl.closeObserver(ClientCallImpl.java:567)
	at org.apache.ratis.thirdparty.io.grpc.internal.ClientCallImpl.access$300(ClientCallImpl.java:71)
	at org.apache.ratis.thirdparty.io.grpc.internal.ClientCallImpl$ClientStreamListenerImpl$1StreamClosed.runInternal(ClientCallImpl.java:735)
	at org.apache.ratis.thirdparty.io.grpc.internal.ClientCallImpl$ClientStreamListenerImpl$1StreamClosed.runInContext(ClientCallImpl.java:716)
	at org.apache.ratis.thirdparty.io.grpc.internal.ContextRunnable.run(ContextRunnable.java:37)
	at org.apache.ratis.thirdparty.io.grpc.internal.SerializingExecutor.run(SerializingExecutor.java:133)
	at java.base/java.util.concurrent.ThreadPoolExecutor.runWorker(ThreadPoolExecutor.java:1144)
	at java.base/java.util.concurrent.ThreadPoolExecutor$Worker.run(ThreadPoolExecutor.java:642)
	at java.base/java.lang.Thread.run(Thread.java:1583)
2025-04-23 15:47:01,627 [omNode-1@group-523986131536-StateMachineUpdater] INFO  ratis.OzoneManagerStateMachine (OzoneManagerStateMachine.java:takeSnapshotImpl(510)) - omNode-1: taking snapshot. applied = (t:17, i:340), skipped = 338, notified = (t:17, i:340), current snapshot index = (t:17, i:340), took 6 ms
2025-04-23 15:47:01,627 [omNode-1@group-523986131536-StateMachineUpdater] INFO  impl.StateMachineUpdater (StateMachineUpdater.java:takeSnapshot(303)) - omNode-1@group-523986131536-StateMachineUpdater: Took a snapshot at index 340
2025-04-23 15:47:01,627 [omNode-1@group-523986131536-StateMachineUpdater] INFO  impl.StateMachineUpdater (StateMachineUpdater.java:lambda$new$0(102)) - omNode-1@group-523986131536-StateMachineUpdater: snapshotIndex: updateIncreasingly 338 -> 340
2025-04-23 15:47:01,627 [omNode-1@group-523986131536-StateMachineUpdater] INFO  impl.StateMachineUpdater (StateMachineUpdater.java:stop(141)) - omNode-1@group-523986131536-StateMachineUpdater: closing OzoneManagerStateMachine, lastApplied=(t:17, i:340)
2025-04-23 15:47:01,627 [omNode-1@group-523986131536-StateMachineUpdater] INFO  ratis.OzoneManagerStateMachine (OzoneManagerStateMachine.java:close(550)) - Stopping OzoneManagerStateMachine:omNode-1:group-523986131536.
2025-04-23 15:47:01,627 [omNode-1@group-523986131536-StateMachineUpdater] INFO  ratis.OzoneManagerDoubleBuffer (OzoneManagerDoubleBuffer.java:stopDaemon(500)) - Stopping OMDoubleBuffer flush thread
2025-04-23 15:47:01,627 [omNode-1-OMDoubleBufferFlushThread] INFO  ratis.OzoneManagerDoubleBuffer (OzoneManagerDoubleBuffer.java:canFlush(559)) - OMDoubleBuffer flush thread omNode-1-OMDoubleBufferFlushThread is interrupted and will exit.
2025-04-23 15:47:01,627 [omNode-1@group-523986131536-cacheEviction-AwaitToRun] INFO  util.AwaitToRun (AwaitToRun.java:run(49)) - omNode-1@group-523986131536-cacheEviction-AwaitToRun-AwaitForSignal is interrupted
2025-04-23 15:47:02,581 [omNode-1-impl-thread1] INFO  segmented.SegmentedRaftLogWorker (SegmentedRaftLogWorker.java:close(252)) - omNode-1@group-523986131536-SegmentedRaftLogWorker close()
2025-04-23 15:47:02,581 [JvmPauseMonitor36] INFO  util.JvmPauseMonitor (JvmPauseMonitor.java:run(152)) - JvmPauseMonitor-omNode-1: Stopped
2025-04-23 15:47:02,581 [main] INFO  utils.BackgroundService (BackgroundService.java:shutdown(161)) - Shutting down service KeyDeletingService
2025-04-23 15:47:02,582 [main] INFO  utils.BackgroundService (BackgroundService.java:shutdown(161)) - Shutting down service DirectoryDeletingService
2025-04-23 15:47:02,583 [main] INFO  utils.BackgroundService (BackgroundService.java:shutdown(161)) - Shutting down service OpenKeyCleanupService
2025-04-23 15:47:02,583 [main] INFO  utils.BackgroundService (BackgroundService.java:shutdown(161)) - Shutting down service SstFilteringService
2025-04-23 15:47:02,583 [main] INFO  utils.BackgroundService (BackgroundService.java:shutdown(161)) - Shutting down service SnapshotDeletingService
2025-04-23 15:47:02,583 [main] INFO  utils.BackgroundService (BackgroundService.java:shutdown(161)) - Shutting down service MultipartUploadCleanupService
2025-04-23 15:47:02,584 [main] INFO  handler.ContextHandler (ContextHandler.java:doStop(1159)) - Stopped o.e.j.w.WebAppContext@267e7099{ozoneManager,/,null,STOPPED}{file:/home/runner/work/ozone/ozone/hadoop-ozone/integration-test/target/test-classes/webapps/ozoneManager}
2025-04-23 15:47:02,585 [main] INFO  server.AbstractConnector (AbstractConnector.java:doStop(383)) - Stopped ServerConnector@ba2eed9{HTTP/1.1, (http/1.1)}{0.0.0.0:15007}
2025-04-23 15:47:02,585 [main] INFO  server.session (HouseKeeper.java:stopScavenging(149)) - node0 Stopped scavenging
2025-04-23 15:47:02,585 [main] INFO  handler.ContextHandler (ContextHandler.java:doStop(1159)) - Stopped o.e.j.s.ServletContextHandler@34fa0f01{static,/static,file:///home/runner/work/ozone/ozone/hadoop-ozone/integration-test/target/test-classes/webapps/static,STOPPED}
2025-04-23 15:47:02,585 [main] INFO  handler.ContextHandler (ContextHandler.java:doStop(1159)) - Stopped o.e.j.s.ServletContextHandler@3db8d129{logs,/logs,file:///home/runner/work/ozone/ozone/hadoop-ozone/integration-test/target/log,STOPPED}
2025-04-23 15:47:02,585 [main] INFO  rocksdiff.RocksDBCheckpointDiffer (RocksDBCheckpointDiffer.java:close(304)) - Shutting down CompactionDagPruningService.
2025-04-23 15:47:02,587 [main] INFO  snapshot.SnapshotDiffManager (SnapshotDiffManager.java:closeExecutorService(1698)) - Shutting down executorService: 'SnapDiffExecutor'
2025-04-23 15:47:02,587 [main] INFO  utils.BackgroundService (BackgroundService.java:shutdown(161)) - Shutting down service SnapshotDiffCleanupService
2025-04-23 15:47:03,735 [omNode-2@group-523986131536-FollowerState] INFO  impl.FollowerState (FollowerState.java:runImpl(161)) - omNode-2@group-523986131536-FollowerState: change to CANDIDATE, lastRpcElapsedTime:2154722706ns, electionTimeout:1183ms
2025-04-23 15:47:03,735 [omNode-2@group-523986131536-FollowerState] INFO  impl.RoleInfo (RoleInfo.java:shutdownFollowerState(121)) - omNode-2: shutdown omNode-2@group-523986131536-FollowerState
2025-04-23 15:47:03,735 [omNode-2@group-523986131536-FollowerState] INFO  server.RaftServer$Division (RaftServerImpl.java:setRole(378)) - omNode-2@group-523986131536: changes role from  FOLLOWER to CANDIDATE at term 17 for changeToCandidate
2025-04-23 15:47:03,735 [omNode-2@group-523986131536-FollowerState] INFO  server.RaftServerConfigKeys (ConfUtils.java:logGet(46)) - raft.server.leaderelection.pre-vote = true (default)
2025-04-23 15:47:03,736 [omNode-2@group-523986131536-FollowerState] INFO  impl.RoleInfo (RoleInfo.java:updateAndGet(148)) - omNode-2: start omNode-2@group-523986131536-LeaderElection35
2025-04-23 15:47:03,736 [omNode-2@group-523986131536-LeaderElection35] INFO  server.RaftServer$Division (ServerState.java:setLeader(272)) - omNode-2@group-523986131536: change Leader from omNode-1 to null at term 17 for PRE_VOTE
2025-04-23 15:47:03,736 [omNode-2@group-523986131536-LeaderElection35] INFO  impl.LeaderElection (LeaderElection.java:askForVotes(332)) - omNode-2@group-523986131536-LeaderElection35 PRE_VOTE round 0: submit vote requests at term 17 for conf: {index: 339, cur=peers:[omNode-3|localhost:15017, omNode-1|localhost:15009, omNode-2|localhost:15013]|listeners:[], old=null}
2025-04-23 15:47:03,736 [omNode-2@group-523986131536-LeaderElection35-1] INFO  server.GrpcServerProtocolClient (GrpcServerProtocolClient.java:<init>(65)) - Build channel for omNode-3|localhost:15017
2025-04-23 15:47:03,736 [omNode-2@group-523986131536-LeaderElection35-2] INFO  server.GrpcServerProtocolClient (GrpcServerProtocolClient.java:<init>(65)) - Build channel for omNode-1|localhost:15009
2025-04-23 15:47:03,739 [omNode-2@group-523986131536-LeaderElection35] INFO  impl.LeaderElection (LogUtils.java:infoOrTrace(136)) - omNode-2@group-523986131536-LeaderElection35 got exception when requesting votes: java.util.concurrent.ExecutionException: org.apache.ratis.thirdparty.io.grpc.StatusRuntimeException: UNAVAILABLE: io exception
2025-04-23 15:47:03,740 [grpc-default-executor-1] INFO  server.RaftServer$Division (RaftServerImpl.java:requestVote(1407)) - omNode-3@group-523986131536: receive requestVote(PRE_VOTE, omNode-2, group-523986131536, 17, (t:17, i:340))
2025-04-23 15:47:03,740 [grpc-default-executor-1] INFO  impl.VoteContext (VoteContext.java:log(49)) - omNode-3@group-523986131536-FOLLOWER: accept PRE_VOTE from omNode-2: our priority 0 <= candidate's priority 0
2025-04-23 15:47:03,740 [grpc-default-executor-1] INFO  server.RaftServer$Division (RaftServerImpl.java:requestVote(1441)) - omNode-3@group-523986131536 replies to PRE_VOTE vote request: omNode-2<-omNode-3#0:OK-t17. Peer's state: omNode-3@group-523986131536:t17, leader=omNode-1, voted=omNode-1, raftlog=Memoized:omNode-3@group-523986131536-SegmentedRaftLog:OPENED:c339:last(t:17, i:340), conf=conf: {index: 339, cur=peers:[omNode-3|localhost:15017, omNode-1|localhost:15009, omNode-2|localhost:15013]|listeners:[], old=null}
2025-04-23 15:47:03,740 [omNode-2@group-523986131536-LeaderElection35] INFO  impl.LeaderElection (LeaderElection.java:logAndReturn(90)) - omNode-2@group-523986131536-LeaderElection35: PRE_VOTE PASSED received 1 response(s) and 1 exception(s):
2025-04-23 15:47:03,741 [omNode-2@group-523986131536-LeaderElection35] INFO  impl.LeaderElection (LeaderElection.java:logAndReturn(94)) -   Response 0: omNode-2<-omNode-3#0:OK-t17
2025-04-23 15:47:03,741 [omNode-2@group-523986131536-LeaderElection35] INFO  impl.LeaderElection (LogUtils.java:infoOrTrace(136)) -   Exception 1: java.util.concurrent.ExecutionException: org.apache.ratis.thirdparty.io.grpc.StatusRuntimeException: UNAVAILABLE: io exception
2025-04-23 15:47:03,741 [omNode-2@group-523986131536-LeaderElection35] INFO  impl.LeaderElection (LeaderElection.java:askForVotes(334)) - omNode-2@group-523986131536-LeaderElection35 PRE_VOTE round 0: result PASSED
2025-04-23 15:47:03,742 [omNode-2@group-523986131536-LeaderElection35] INFO  impl.LeaderElection (LeaderElection.java:askForVotes(332)) - omNode-2@group-523986131536-LeaderElection35 ELECTION round 0: submit vote requests at term 18 for conf: {index: 339, cur=peers:[omNode-3|localhost:15017, omNode-1|localhost:15009, omNode-2|localhost:15013]|listeners:[], old=null}
2025-04-23 15:47:03,743 [omNode-2@group-523986131536-LeaderElection35] INFO  impl.LeaderElection (LogUtils.java:infoOrTrace(136)) - omNode-2@group-523986131536-LeaderElection35 got exception when requesting votes: java.util.concurrent.ExecutionException: org.apache.ratis.thirdparty.io.grpc.StatusRuntimeException: UNAVAILABLE: io exception
2025-04-23 15:47:03,743 [grpc-default-executor-1] INFO  server.RaftServer$Division (RaftServerImpl.java:requestVote(1407)) - omNode-3@group-523986131536: receive requestVote(ELECTION, omNode-2, group-523986131536, 18, (t:17, i:340))
2025-04-23 15:47:03,743 [grpc-default-executor-1] INFO  impl.VoteContext (VoteContext.java:log(49)) - omNode-3@group-523986131536-FOLLOWER: accept ELECTION from omNode-2: our priority 0 <= candidate's priority 0
2025-04-23 15:47:03,743 [grpc-default-executor-1] INFO  server.RaftServer$Division (RaftServerImpl.java:setRole(378)) - omNode-3@group-523986131536: changes role from  FOLLOWER to FOLLOWER at term 17 for candidate:omNode-2
2025-04-23 15:47:03,743 [grpc-default-executor-1] INFO  impl.RoleInfo (RoleInfo.java:shutdownFollowerState(121)) - omNode-3: shutdown omNode-3@group-523986131536-FollowerState
2025-04-23 15:47:03,743 [grpc-default-executor-1] INFO  server.RaftServer$Division (ServerState.java:setLeader(272)) - omNode-3@group-523986131536: change Leader from omNode-1 to null at term 18 for updateCurrentTerm
2025-04-23 15:47:03,743 [omNode-3@group-523986131536-FollowerState] INFO  impl.FollowerState (FollowerState.java:runImpl(170)) - omNode-3@group-523986131536-FollowerState was interrupted
2025-04-23 15:47:03,743 [grpc-default-executor-1] INFO  impl.RoleInfo (RoleInfo.java:updateAndGet(148)) - omNode-3: start omNode-3@group-523986131536-FollowerState
2025-04-23 15:47:03,744 [grpc-default-executor-1] INFO  server.RaftServer$Division (RaftServerImpl.java:requestVote(1441)) - omNode-3@group-523986131536 replies to ELECTION vote request: omNode-2<-omNode-3#0:OK-t18. Peer's state: omNode-3@group-523986131536:t18, leader=null, voted=omNode-2, raftlog=Memoized:omNode-3@group-523986131536-SegmentedRaftLog:OPENED:c339:last(t:17, i:340), conf=conf: {index: 339, cur=peers:[omNode-3|localhost:15017, omNode-1|localhost:15009, omNode-2|localhost:15013]|listeners:[], old=null}
2025-04-23 15:47:03,745 [omNode-2@group-523986131536-LeaderElection35] INFO  impl.LeaderElection (LeaderElection.java:logAndReturn(90)) - omNode-2@group-523986131536-LeaderElection35: ELECTION PASSED received 1 response(s) and 1 exception(s):
2025-04-23 15:47:03,745 [omNode-2@group-523986131536-LeaderElection35] INFO  impl.LeaderElection (LeaderElection.java:logAndReturn(94)) -   Response 0: omNode-2<-omNode-3#0:OK-t18
2025-04-23 15:47:03,745 [omNode-2@group-523986131536-LeaderElection35] INFO  impl.LeaderElection (LogUtils.java:infoOrTrace(136)) -   Exception 1: java.util.concurrent.ExecutionException: org.apache.ratis.thirdparty.io.grpc.StatusRuntimeException: UNAVAILABLE: io exception
2025-04-23 15:47:03,745 [omNode-2@group-523986131536-LeaderElection35] INFO  impl.LeaderElection (LeaderElection.java:askForVotes(334)) - omNode-2@group-523986131536-LeaderElection35 ELECTION round 0: result PASSED
2025-04-23 15:47:03,745 [omNode-2@group-523986131536-LeaderElection35] INFO  impl.RoleInfo (RoleInfo.java:shutdownLeaderElection(141)) - omNode-2: shutdown omNode-2@group-523986131536-LeaderElection35
2025-04-23 15:47:03,745 [omNode-2@group-523986131536-LeaderElection35] INFO  server.RaftServer$Division (RaftServerImpl.java:setRole(378)) - omNode-2@group-523986131536: changes role from CANDIDATE to LEADER at term 18 for changeToLeader
2025-04-23 15:47:03,745 [omNode-2@group-523986131536-LeaderElection35] INFO  server.RaftServerConfigKeys (ConfUtils.java:logGet(46)) - raft.server.staging.catchup.gap = 1000 (default)
2025-04-23 15:47:03,745 [omNode-2@group-523986131536-LeaderElection35] INFO  server.RaftServerConfigKeys (ConfUtils.java:logGet(46)) - raft.server.write.element-limit = 4096 (default)
2025-04-23 15:47:03,745 [omNode-2@group-523986131536-LeaderElection35] INFO  server.RaftServerConfigKeys (ConfUtils.java:logGet(46)) - raft.server.write.byte-limit = 64MB (=67108864) (default)
2025-04-23 15:47:03,746 [omNode-2@group-523986131536-LeaderElection35] INFO  server.RaftServerConfigKeys (ConfUtils.java:logGet(46)) - raft.server.watch.timeout = 10s (default)
2025-04-23 15:47:03,746 [omNode-2@group-523986131536-LeaderElection35] INFO  server.RaftServerConfigKeys (ConfUtils.java:logGet(46)) - raft.server.watch.timeout.denomination = 1s (default)
2025-04-23 15:47:03,746 [omNode-2@group-523986131536-LeaderElection35] INFO  server.RaftServerConfigKeys (ConfUtils.java:logGet(46)) - raft.server.watch.element-limit = 65536 (default)
2025-04-23 15:47:03,746 [omNode-2@group-523986131536-LeaderElection35] INFO  server.RaftServerConfigKeys (ConfUtils.java:logGet(46)) - raft.server.read.leader.lease.enabled = false (default)
2025-04-23 15:47:03,746 [omNode-2@group-523986131536-LeaderElection35] INFO  server.RaftServerConfigKeys (ConfUtils.java:logGet(46)) - raft.server.read.leader.lease.timeout.ratio = 0.9 (default)
2025-04-23 15:47:03,746 [omNode-2@group-523986131536-LeaderElection35] INFO  server.RaftServerConfigKeys (ConfUtils.java:logGet(46)) - raft.server.rpc.timeout.min = 1s (custom)
2025-04-23 15:47:03,746 [omNode-2@group-523986131536-LeaderElection35] INFO  server.RaftServerConfigKeys (ConfUtils.java:logGet(46)) - raft.server.log.log-metadata.enabled = true (default)
2025-04-23 15:47:03,746 [omNode-2@group-523986131536-LeaderElection35] INFO  server.RaftServerConfigKeys (ConfUtils.java:logGet(46)) - raft.server.write.element-limit = 4096 (default)
2025-04-23 15:47:03,746 [omNode-2@group-523986131536-LeaderElection35] INFO  server.RaftServerConfigKeys (ConfUtils.java:logGet(46)) - raft.server.write.follower.gap.ratio.max = -1.0 (default)
2025-04-23 15:47:03,747 [omNode-2@group-523986131536-LeaderElection35] INFO  server.RaftServerConfigKeys (ConfUtils.java:logGet(46)) - raft.server.log.appender.snapshot.chunk.size.max = 16MB (=16777216) (default)
2025-04-23 15:47:03,747 [omNode-2@group-523986131536-LeaderElection35] INFO  server.RaftServerConfigKeys (ConfUtils.java:logGet(46)) - raft.server.log.appender.buffer.byte-limit = 4194304 (custom)
2025-04-23 15:47:03,747 [omNode-2@group-523986131536-LeaderElection35] INFO  server.RaftServerConfigKeys (ConfUtils.java:logGet(46)) - raft.server.log.appender.buffer.element-limit = 1024 (custom)
2025-04-23 15:47:03,747 [omNode-2@group-523986131536-LeaderElection35] INFO  server.RaftServerConfigKeys (ConfUtils.java:logGet(46)) - raft.server.log.appender.wait-time.min = 0ms (custom)
2025-04-23 15:47:03,747 [omNode-2@group-523986131536-LeaderElection35] INFO  grpc.GrpcConfigKeys (ConfUtils.java:logGet(46)) - raft.grpc.server.leader.outstanding.appends.max = 8 (default)
2025-04-23 15:47:03,747 [omNode-2@group-523986131536-LeaderElection35] INFO  server.RaftServerConfigKeys (ConfUtils.java:logGet(46)) - raft.server.rpc.request.timeout = 3000ms (default)
2025-04-23 15:47:03,747 [omNode-2@group-523986131536-LeaderElection35] INFO  grpc.GrpcConfigKeys (ConfUtils.java:logGet(46)) - raft.grpc.server.install_snapshot.request.element-limit = 8 (default)
2025-04-23 15:47:03,747 [omNode-2@group-523986131536-LeaderElection35] INFO  grpc.GrpcConfigKeys (ConfUtils.java:logGet(46)) - raft.grpc.server.install_snapshot.request.timeout = 3000ms (default)
2025-04-23 15:47:03,747 [omNode-2@group-523986131536-LeaderElection35] INFO  grpc.GrpcConfigKeys (ConfUtils.java:logGet(46)) - raft.grpc.server.log-message.batch.duration = 5s (default)
2025-04-23 15:47:03,747 [omNode-2@group-523986131536-LeaderElection35] INFO  server.RaftServerConfigKeys (ConfUtils.java:logGet(46)) - raft.server.log.appender.install.snapshot.enabled = false (custom)
2025-04-23 15:47:03,747 [omNode-2@group-523986131536-LeaderElection35] INFO  grpc.GrpcConfigKeys (ConfUtils.java:logGet(46)) - raft.grpc.server.heartbeat.channel = true (default)
2025-04-23 15:47:03,747 [omNode-2@group-523986131536-LeaderElection35] INFO  server.RaftServerConfigKeys (ConfUtils.java:logGet(46)) - raft.server.log.appender.snapshot.chunk.size.max = 16MB (=16777216) (default)
2025-04-23 15:47:03,748 [omNode-2@group-523986131536-LeaderElection35] INFO  server.RaftServerConfigKeys (ConfUtils.java:logGet(46)) - raft.server.log.appender.buffer.byte-limit = 4194304 (custom)
2025-04-23 15:47:03,748 [omNode-2@group-523986131536-LeaderElection35] INFO  server.RaftServerConfigKeys (ConfUtils.java:logGet(46)) - raft.server.log.appender.buffer.element-limit = 1024 (custom)
2025-04-23 15:47:03,748 [omNode-2@group-523986131536-LeaderElection35] INFO  server.RaftServerConfigKeys (ConfUtils.java:logGet(46)) - raft.server.log.appender.wait-time.min = 0ms (custom)
2025-04-23 15:47:03,748 [omNode-2@group-523986131536-LeaderElection35] INFO  grpc.GrpcConfigKeys (ConfUtils.java:logGet(46)) - raft.grpc.server.leader.outstanding.appends.max = 8 (default)
2025-04-23 15:47:03,748 [omNode-2@group-523986131536-LeaderElection35] INFO  server.RaftServerConfigKeys (ConfUtils.java:logGet(46)) - raft.server.rpc.request.timeout = 3000ms (default)
2025-04-23 15:47:03,748 [omNode-2@group-523986131536-LeaderElection35] INFO  grpc.GrpcConfigKeys (ConfUtils.java:logGet(46)) - raft.grpc.server.install_snapshot.request.element-limit = 8 (default)
2025-04-23 15:47:03,748 [omNode-2@group-523986131536-LeaderElection35] INFO  grpc.GrpcConfigKeys (ConfUtils.java:logGet(46)) - raft.grpc.server.install_snapshot.request.timeout = 3000ms (default)
2025-04-23 15:47:03,748 [omNode-2@group-523986131536-LeaderElection35] INFO  grpc.GrpcConfigKeys (ConfUtils.java:logGet(46)) - raft.grpc.server.log-message.batch.duration = 5s (default)
2025-04-23 15:47:03,748 [omNode-2@group-523986131536-LeaderElection35] INFO  server.RaftServerConfigKeys (ConfUtils.java:logGet(46)) - raft.server.log.appender.install.snapshot.enabled = false (custom)
2025-04-23 15:47:03,748 [omNode-2@group-523986131536-LeaderElection35] INFO  grpc.GrpcConfigKeys (ConfUtils.java:logGet(46)) - raft.grpc.server.heartbeat.channel = true (default)
2025-04-23 15:47:03,748 [omNode-2@group-523986131536-LeaderElection35] INFO  impl.RoleInfo (RoleInfo.java:updateAndGet(148)) - omNode-2: start omNode-2@group-523986131536-LeaderStateImpl
2025-04-23 15:47:03,748 [omNode-2@group-523986131536-LeaderElection35] INFO  ratis.OzoneManagerStateMachine (OzoneManagerStateMachine.java:notifyLeaderChanged(169)) - omNode-2@group-523986131536: leader changed to omNode-2
2025-04-23 15:47:03,748 [omNode-2@group-523986131536-LeaderElection35] INFO  server.RaftServer$Division (ServerState.java:setLeader(272)) - omNode-2@group-523986131536: change Leader from null to omNode-2 at term 18 for becomeLeader, leader elected after 12ms
2025-04-23 15:47:03,748 [omNode-2@group-523986131536-LeaderElection35] INFO  segmented.SegmentedRaftLogWorker (SegmentedRaftLogWorker.java:rollLogSegment(443)) - omNode-2@group-523986131536-SegmentedRaftLogWorker: Rolling segment log-339_340 to index:340
2025-04-23 15:47:03,748 [omNode-2@group-523986131536-LeaderElection35] INFO  server.RaftServer$Division (ServerState.java:setRaftConf(386)) - omNode-2@group-523986131536: set configuration conf: {index: 341, cur=peers:[omNode-3|localhost:15017, omNode-1|localhost:15009, omNode-2|localhost:15013]|listeners:[], old=null}
2025-04-23 15:47:03,750 [omNode-2@group-523986131536-SegmentedRaftLogWorker] INFO  segmented.SegmentedRaftLogWorker (SegmentedRaftLogWorker.java:execute(601)) - omNode-2@group-523986131536-SegmentedRaftLogWorker: Rolled log segment from /home/runner/work/ozone/ozone/hadoop-ozone/integration-test/target/test-dir/MiniOzoneClusterImpl-5cf50c17-c591-473f-a8c4-88d8665d28d7/omNode-2/ratis/c9bc4cf4-3bc3-3c60-a66b-523986131536/current/log_inprogress_339 to /home/runner/work/ozone/ozone/hadoop-ozone/integration-test/target/test-dir/MiniOzoneClusterImpl-5cf50c17-c591-473f-a8c4-88d8665d28d7/omNode-2/ratis/c9bc4cf4-3bc3-3c60-a66b-523986131536/current/log_339-340
2025-04-23 15:47:03,750 [omNode-2@group-523986131536-SegmentedRaftLogWorker] INFO  segmented.BufferedWriteChannel (BufferedWriteChannel.java:open(61)) - open log_inprogress_341 at position 0
2025-04-23 15:47:03,752 [grpc-default-executor-5] WARN  server.GrpcLogAppender (LogUtils.java:warn(121)) - omNode-2@group-523986131536->omNode-1-AppendLogResponseHandler: Failed appendEntries: org.apache.ratis.thirdparty.io.grpc.StatusRuntimeException: UNAVAILABLE: io exception
2025-04-23 15:47:03,752 [grpc-default-executor-5] WARN  server.GrpcLogAppender (GrpcLogAppender.java:lambda$resetClient$1(221)) - omNode-2@group-523986131536->omNode-1-GrpcLogAppender: Follower failed (request=null, errorCount=1); keep nextIndex (341) unchanged and retry.
2025-04-23 15:47:03,753 [grpc-default-executor-1] WARN  server.GrpcLogAppender (GrpcLogAppender.java:lambda$resetClient$1(221)) - omNode-2@group-523986131536->omNode-1-GrpcLogAppender: Follower failed (request=null, errorCount=2); keep nextIndex (342) unchanged and retry.
2025-04-23 15:47:03,755 [omNode-3-server-thread1] INFO  ratis.OzoneManagerStateMachine (OzoneManagerStateMachine.java:notifyLeaderChanged(169)) - omNode-3@group-523986131536: leader changed to omNode-2
2025-04-23 15:47:03,755 [omNode-3-server-thread1] INFO  server.RaftServer$Division (ServerState.java:setLeader(272)) - omNode-3@group-523986131536: change Leader from null to omNode-2 at term 18 for appendEntries, leader elected after 11ms
2025-04-23 15:47:03,755 [omNode-3-server-thread2] INFO  server.RaftServer$Division (ServerState.java:setRaftConf(386)) - omNode-3@group-523986131536: set configuration conf: {index: 341, cur=peers:[omNode-3|localhost:15017, omNode-1|localhost:15009, omNode-2|localhost:15013]|listeners:[], old=null}
2025-04-23 15:47:03,756 [omNode-3-server-thread2] INFO  segmented.SegmentedRaftLogWorker (SegmentedRaftLogWorker.java:rollLogSegment(443)) - omNode-3@group-523986131536-SegmentedRaftLogWorker: Rolling segment log-339_340 to index:340
2025-04-23 15:47:03,757 [omNode-3@group-523986131536-SegmentedRaftLogWorker] INFO  segmented.SegmentedRaftLogWorker (SegmentedRaftLogWorker.java:execute(601)) - omNode-3@group-523986131536-SegmentedRaftLogWorker: Rolled log segment from /home/runner/work/ozone/ozone/hadoop-ozone/integration-test/target/test-dir/MiniOzoneClusterImpl-5cf50c17-c591-473f-a8c4-88d8665d28d7/omNode-3/ratis/c9bc4cf4-3bc3-3c60-a66b-523986131536/current/log_inprogress_339 to /home/runner/work/ozone/ozone/hadoop-ozone/integration-test/target/test-dir/MiniOzoneClusterImpl-5cf50c17-c591-473f-a8c4-88d8665d28d7/omNode-3/ratis/c9bc4cf4-3bc3-3c60-a66b-523986131536/current/log_339-340
2025-04-23 15:47:03,757 [omNode-3@group-523986131536-SegmentedRaftLogWorker] INFO  segmented.BufferedWriteChannel (BufferedWriteChannel.java:open(61)) - open log_inprogress_341 at position 0
2025-04-23 15:47:03,759 [omNode-2@group-523986131536-SegmentedRaftLogWorker] INFO  segmented.SegmentedRaftLogWorker (SegmentedRaftLogWorker.java:execute(644)) - omNode-2@group-523986131536-SegmentedRaftLogWorker: created new log segment /home/runner/work/ozone/ozone/hadoop-ozone/integration-test/target/test-dir/MiniOzoneClusterImpl-5cf50c17-c591-473f-a8c4-88d8665d28d7/omNode-2/ratis/c9bc4cf4-3bc3-3c60-a66b-523986131536/current/log_inprogress_341
2025-04-23 15:47:03,766 [omNode-3@group-523986131536-SegmentedRaftLogWorker] INFO  segmented.SegmentedRaftLogWorker (SegmentedRaftLogWorker.java:execute(644)) - omNode-3@group-523986131536-SegmentedRaftLogWorker: created new log segment /home/runner/work/ozone/ozone/hadoop-ozone/integration-test/target/test-dir/MiniOzoneClusterImpl-5cf50c17-c591-473f-a8c4-88d8665d28d7/omNode-3/ratis/c9bc4cf4-3bc3-3c60-a66b-523986131536/current/log_inprogress_341
2025-04-23 15:47:03,767 [grpc-default-executor-6] WARN  server.GrpcLogAppender (GrpcLogAppender.java:lambda$resetClient$1(221)) - omNode-2@group-523986131536->omNode-1-GrpcLogAppender: Follower failed (request=null, errorCount=5); keep nextIndex (343) unchanged and retry.
2025-04-23 15:47:03,768 [omNode-2@group-523986131536-StateMachineUpdater] INFO  ratis.OzoneManagerStateMachine (OzoneManagerStateMachine.java:notifyConfigurationChanged(231)) - notifyConfigurationChanged from Ratis: term=18, index=341, New Peer list: omNode-3(localhost:15017), omNode-1(localhost:15009), omNode-2(localhost:15013)
2025-04-23 15:47:03,768 [omNode-2@group-523986131536-StateMachineUpdater] INFO  server.RaftServer$Division (LeaderStateImpl.java:checkStartIndex(313)) - Leader omNode-2@group-523986131536-LeaderStateImpl is ready since appliedIndex == startIndex == 341
2025-04-23 15:47:03,769 [omNode-3@group-523986131536-StateMachineUpdater] INFO  ratis.OzoneManagerStateMachine (OzoneManagerStateMachine.java:notifyConfigurationChanged(231)) - notifyConfigurationChanged from Ratis: term=18, index=341, New Peer list: omNode-3(localhost:15017), omNode-1(localhost:15009), omNode-2(localhost:15013)
2025-04-23 15:47:03,789 [main] INFO  rpc.RpcClient (RpcClient.java:createVolume(462)) - Creating Volume: volume87108, with user02450 as owner and space quota set to -1 bytes, counts quota set to -1
2025-04-23 15:47:03,790 [main] INFO  retry.RetryInvocationHandler (RetryInvocationHandler.java:log(426)) - com.google.protobuf.ServiceException: java.io.EOFException: End of File Exception between local host is: "fv-az1337-835/10.1.0.188"; destination host is: "localhost":15006; : java.io.EOFException; For more details see:  http://wiki.apache.org/hadoop/EOFException, while invoking $Proxy68.submitRequest over nodeId=omNode-1,nodeAddress=127.0.0.1:15006. Trying to failover immediately. Current retry count: 0.
2025-04-23 15:47:03,792 [grpc-default-executor-1] WARN  server.GrpcLogAppender (GrpcLogAppender.java:lambda$resetClient$1(221)) - omNode-2@group-523986131536->omNode-1-GrpcLogAppender: Follower failed (request=null, errorCount=7); keep nextIndex (344) unchanged and retry.
2025-04-23 15:47:03,795 [grpc-default-executor-6] WARN  server.GrpcLogAppender (GrpcLogAppender.java:lambda$resetClient$1(221)) - omNode-2@group-523986131536->omNode-1-GrpcLogAppender: Follower failed (request=null, errorCount=9); keep nextIndex (345) unchanged and retry.
2025-04-23 15:47:03,804 [omNode-2-OMStateMachineApplyTransactionThread - 0] WARN  helpers.OzoneAclUtil (OzoneAclUtil.java:getDefaultAclList(77)) - Failed to get primary group from user user02450 (auth:SIMPLE)
2025-04-23 15:47:03,804 [omNode-3-OMStateMachineApplyTransactionThread - 0] WARN  helpers.OzoneAclUtil (OzoneAclUtil.java:getDefaultAclList(77)) - Failed to get primary group from user user02450 (auth:SIMPLE)
2025-04-23 15:47:03,804 [omNode-3-OMStateMachineApplyTransactionThread - 0] INFO  volume.OMVolumeCreateRequest (OMVolumeCreateRequest.java:validateAndUpdateCache(203)) - created volume:volume87108 for user:user02450
2025-04-23 15:47:03,804 [omNode-2-OMStateMachineApplyTransactionThread - 0] INFO  volume.OMVolumeCreateRequest (OMVolumeCreateRequest.java:validateAndUpdateCache(203)) - created volume:volume87108 for user:user02450
2025-04-23 15:47:03,806 [main] INFO  rpc.RpcClient (RpcClient.java:createBucket(687)) - Creating Bucket: volume87108/56c215be-4a3f-445a-8d68-c7146af47382, with server-side default bucket layout, runner as owner, Versioning false, Storage Type set to DISK and Encryption set to false, Replication Type set to server-side default replication type, Namespace Quota set to -1, Space Quota set to -1 
2025-04-23 15:47:03,808 [grpc-default-executor-7] WARN  server.GrpcLogAppender (GrpcLogAppender.java:lambda$resetClient$1(221)) - omNode-2@group-523986131536->omNode-1-GrpcLogAppender: Follower failed (request=null, errorCount=11); keep nextIndex (346) unchanged and retry.
2025-04-23 15:47:03,809 [grpc-default-executor-6] WARN  server.GrpcLogAppender (GrpcLogAppender.java:lambda$resetClient$1(221)) - omNode-2@group-523986131536->omNode-1-GrpcLogAppender: Follower failed (request=null, errorCount=13); keep nextIndex (347) unchanged and retry.
2025-04-23 15:47:03,809 [omNode-2-OMStateMachineApplyTransactionThread - 0] INFO  bucket.OMBucketCreateRequest (OMBucketCreateRequest.java:validateAndUpdateCache(291)) - created bucket: 56c215be-4a3f-445a-8d68-c7146af47382 of layout OBJECT_STORE in volume: volume87108
2025-04-23 15:47:03,811 [omNode-3-OMStateMachineApplyTransactionThread - 0] INFO  bucket.OMBucketCreateRequest (OMBucketCreateRequest.java:validateAndUpdateCache(291)) - created bucket: 56c215be-4a3f-445a-8d68-c7146af47382 of layout OBJECT_STORE in volume: volume87108
2025-04-23 15:47:03,816 [grpc-default-executor-1] WARN  server.GrpcLogAppender (GrpcLogAppender.java:lambda$resetClient$1(221)) - omNode-2@group-523986131536->omNode-1-GrpcLogAppender: Follower failed (request=null, errorCount=15); keep nextIndex (348) unchanged and retry.
2025-04-23 15:47:03,817 [grpc-default-executor-6] WARN  server.GrpcLogAppender (GrpcLogAppender.java:lambda$resetClient$1(221)) - omNode-2@group-523986131536->omNode-1-GrpcLogAppender: Follower failed (request=null, errorCount=17); keep nextIndex (349) unchanged and retry.
2025-04-23 15:47:03,823 [omNode-2-OMStateMachineApplyTransactionThread - 0] ERROR key.OMKeyCreateRequest (OMKeyCreateRequest.java:logResult(379)) - Key creation failed. Volume:volume87108, Bucket:56c215be-4a3f-445a-8d68-c7146af47382, Key:b6e4ec3f-d559-448a-83d8-7f7ce5e8f83a. 
com.google.protobuf.InvalidProtocolBufferException: Message missing required fields: volumeName, bucketName, keyName, dataSize, type, creationTime, modificationTime
	at com.google.protobuf.UninitializedMessageException.asInvalidProtocolBufferException(UninitializedMessageException.java:81)
	at com.google.protobuf.AbstractParser.checkMessageInitialized(AbstractParser.java:71)
	at com.google.protobuf.AbstractParser.parseFrom(AbstractParser.java:217)
	at com.google.protobuf.AbstractParser.parseFrom(AbstractParser.java:223)
	at com.google.protobuf.AbstractParser.parseFrom(AbstractParser.java:49)
	at org.apache.hadoop.hdds.utils.db.Proto2Codec.fromCodecBuffer(Proto2Codec.java:84)
	at org.apache.hadoop.hdds.utils.db.Proto2Codec.fromCodecBuffer(Proto2Codec.java:34)
	at org.apache.hadoop.hdds.utils.db.DelegatedCodec.fromCodecBuffer(DelegatedCodec.java:83)
	at org.apache.hadoop.hdds.utils.db.TypedTable.getFromTable(TypedTable.java:371)
	at org.apache.hadoop.hdds.utils.db.TypedTable.getFromTableIfExist(TypedTable.java:393)
	at org.apache.hadoop.hdds.utils.db.TypedTable.getIfExist(TypedTable.java:310)
	at org.apache.hadoop.ozone.om.request.key.OMKeyCreateRequest.validateAndUpdateCache(OMKeyCreateRequest.java:228)
	at org.apache.hadoop.ozone.protocolPB.OzoneManagerRequestHandler.lambda$0(OzoneManagerRequestHandler.java:419)
	at org.apache.hadoop.ozone.util.MetricUtil.captureLatencyNs(MetricUtil.java:45)
	at org.apache.hadoop.ozone.protocolPB.OzoneManagerRequestHandler.handleWriteRequestImpl(OzoneManagerRequestHandler.java:417)
	at org.apache.hadoop.ozone.protocolPB.RequestHandler.handleWriteRequest(RequestHandler.java:62)
	at org.apache.hadoop.ozone.om.ratis.OzoneManagerStateMachine.runCommand(OzoneManagerStateMachine.java:563)
	at org.apache.hadoop.ozone.om.ratis.OzoneManagerStateMachine.lambda$2(OzoneManagerStateMachine.java:379)
	at java.base/java.util.concurrent.CompletableFuture$AsyncSupply.run(CompletableFuture.java:1768)
	at java.base/java.util.concurrent.ThreadPoolExecutor.runWorker(ThreadPoolExecutor.java:1144)
	at java.base/java.util.concurrent.ThreadPoolExecutor$Worker.run(ThreadPoolExecutor.java:642)
	at java.base/java.lang.Thread.run(Thread.java:1583)
2025-04-23 15:47:03,823 [omNode-3-OMStateMachineApplyTransactionThread - 0] ERROR key.OMKeyCreateRequest (OMKeyCreateRequest.java:logResult(379)) - Key creation failed. Volume:volume87108, Bucket:56c215be-4a3f-445a-8d68-c7146af47382, Key:b6e4ec3f-d559-448a-83d8-7f7ce5e8f83a. 
com.google.protobuf.InvalidProtocolBufferException: Message missing required fields: volumeName, bucketName, keyName, dataSize, type, creationTime, modificationTime
	at com.google.protobuf.UninitializedMessageException.asInvalidProtocolBufferException(UninitializedMessageException.java:81)
	at com.google.protobuf.AbstractParser.checkMessageInitialized(AbstractParser.java:71)
	at com.google.protobuf.AbstractParser.parseFrom(AbstractParser.java:217)
	at com.google.protobuf.AbstractParser.parseFrom(AbstractParser.java:223)
	at com.google.protobuf.AbstractParser.parseFrom(AbstractParser.java:49)
	at org.apache.hadoop.hdds.utils.db.Proto2Codec.fromCodecBuffer(Proto2Codec.java:84)
	at org.apache.hadoop.hdds.utils.db.Proto2Codec.fromCodecBuffer(Proto2Codec.java:34)
	at org.apache.hadoop.hdds.utils.db.DelegatedCodec.fromCodecBuffer(DelegatedCodec.java:83)
	at org.apache.hadoop.hdds.utils.db.TypedTable.getFromTable(TypedTable.java:371)
	at org.apache.hadoop.hdds.utils.db.TypedTable.getFromTableIfExist(TypedTable.java:393)
	at org.apache.hadoop.hdds.utils.db.TypedTable.getIfExist(TypedTable.java:310)
	at org.apache.hadoop.ozone.om.request.key.OMKeyCreateRequest.validateAndUpdateCache(OMKeyCreateRequest.java:228)
	at org.apache.hadoop.ozone.protocolPB.OzoneManagerRequestHandler.lambda$0(OzoneManagerRequestHandler.java:419)
	at org.apache.hadoop.ozone.util.MetricUtil.captureLatencyNs(MetricUtil.java:45)
	at org.apache.hadoop.ozone.protocolPB.OzoneManagerRequestHandler.handleWriteRequestImpl(OzoneManagerRequestHandler.java:417)
	at org.apache.hadoop.ozone.protocolPB.RequestHandler.handleWriteRequest(RequestHandler.java:62)
	at org.apache.hadoop.ozone.om.ratis.OzoneManagerStateMachine.runCommand(OzoneManagerStateMachine.java:563)
	at org.apache.hadoop.ozone.om.ratis.OzoneManagerStateMachine.lambda$2(OzoneManagerStateMachine.java:379)
	at java.base/java.util.concurrent.CompletableFuture$AsyncSupply.run(CompletableFuture.java:1768)
	at java.base/java.util.concurrent.ThreadPoolExecutor.runWorker(ThreadPoolExecutor.java:1144)
	at java.base/java.util.concurrent.ThreadPoolExecutor$Worker.run(ThreadPoolExecutor.java:642)
	at java.base/java.lang.Thread.run(Thread.java:1583)
15:47:03.823 [omNode-2-OMStateMachineApplyTransactionThread - 0] ERROR OMAudit - user=runner | ip=127.0.0.1 | op=ALLOCATE_KEY {volume=volume87108, bucket=56c215be-4a3f-445a-8d68-c7146af47382, key=b6e4ec3f-d559-448a-83d8-7f7ce5e8f83a, dataSize=11, replicationType=RATIS, replicationFactor=ONE, Transaction=347} | ret=FAILURE
com.google.protobuf.InvalidProtocolBufferException: Message missing required fields: volumeName, bucketName, keyName, dataSize, type, creationTime, modificationTime
	at com.google.protobuf.UninitializedMessageException.asInvalidProtocolBufferException(UninitializedMessageException.java:81) ~[protobuf-java-2.5.0.jar:?]
	at com.google.protobuf.AbstractParser.checkMessageInitialized(AbstractParser.java:71) ~[protobuf-java-2.5.0.jar:?]
	at com.google.protobuf.AbstractParser.parseFrom(AbstractParser.java:217) ~[protobuf-java-2.5.0.jar:?]
	at com.google.protobuf.AbstractParser.parseFrom(AbstractParser.java:223) ~[protobuf-java-2.5.0.jar:?]
	at com.google.protobuf.AbstractParser.parseFrom(AbstractParser.java:49) ~[protobuf-java-2.5.0.jar:?]
	at org.apache.hadoop.hdds.utils.db.Proto2Codec.fromCodecBuffer(Proto2Codec.java:84) ~[hdds-common-2.1.0-SNAPSHOT.jar:?]
	at org.apache.hadoop.hdds.utils.db.Proto2Codec.fromCodecBuffer(Proto2Codec.java:34) ~[hdds-common-2.1.0-SNAPSHOT.jar:?]
	at org.apache.hadoop.hdds.utils.db.DelegatedCodec.fromCodecBuffer(DelegatedCodec.java:83) ~[hdds-common-2.1.0-SNAPSHOT.jar:?]
	at org.apache.hadoop.hdds.utils.db.TypedTable.getFromTable(TypedTable.java:371) ~[hdds-server-framework-2.1.0-SNAPSHOT.jar:?]
	at org.apache.hadoop.hdds.utils.db.TypedTable.getFromTableIfExist(TypedTable.java:393) ~[hdds-server-framework-2.1.0-SNAPSHOT.jar:?]
	at org.apache.hadoop.hdds.utils.db.TypedTable.getIfExist(TypedTable.java:310) ~[hdds-server-framework-2.1.0-SNAPSHOT.jar:?]
	at org.apache.hadoop.ozone.om.request.key.OMKeyCreateRequest.validateAndUpdateCache(OMKeyCreateRequest.java:228) ~[ozone-manager-2.1.0-SNAPSHOT.jar:?]
	at org.apache.hadoop.ozone.protocolPB.OzoneManagerRequestHandler.lambda$0(OzoneManagerRequestHandler.java:419) ~[ozone-manager-2.1.0-SNAPSHOT.jar:?]
	at org.apache.hadoop.ozone.util.MetricUtil.captureLatencyNs(MetricUtil.java:45) ~[hdds-common-2.1.0-SNAPSHOT.jar:?]
	at org.apache.hadoop.ozone.protocolPB.OzoneManagerRequestHandler.handleWriteRequestImpl(OzoneManagerRequestHandler.java:417) ~[ozone-manager-2.1.0-SNAPSHOT.jar:?]
	at org.apache.hadoop.ozone.protocolPB.RequestHandler.handleWriteRequest(RequestHandler.java:62) ~[ozone-manager-2.1.0-SNAPSHOT.jar:?]
	at org.apache.hadoop.ozone.om.ratis.OzoneManagerStateMachine.runCommand(OzoneManagerStateMachine.java:563) ~[ozone-manager-2.1.0-SNAPSHOT.jar:?]
	at org.apache.hadoop.ozone.om.ratis.OzoneManagerStateMachine.lambda$2(OzoneManagerStateMachine.java:379) ~[ozone-manager-2.1.0-SNAPSHOT.jar:?]
	at java.base/java.util.concurrent.CompletableFuture$AsyncSupply.run(CompletableFuture.java:1768) ~[?:?]
	at java.base/java.util.concurrent.ThreadPoolExecutor.runWorker(ThreadPoolExecutor.java:1144) ~[?:?]
	at java.base/java.util.concurrent.ThreadPoolExecutor$Worker.run(ThreadPoolExecutor.java:642) ~[?:?]
	at java.base/java.lang.Thread.run(Thread.java:1583) [?:?]
15:47:03.824 [omNode-3-OMStateMachineApplyTransactionThread - 0] ERROR OMAudit - user=runner | ip=127.0.0.1 | op=ALLOCATE_KEY {volume=volume87108, bucket=56c215be-4a3f-445a-8d68-c7146af47382, key=b6e4ec3f-d559-448a-83d8-7f7ce5e8f83a, dataSize=11, replicationType=RATIS, replicationFactor=ONE, Transaction=347} | ret=FAILURE
com.google.protobuf.InvalidProtocolBufferException: Message missing required fields: volumeName, bucketName, keyName, dataSize, type, creationTime, modificationTime
	at com.google.protobuf.UninitializedMessageException.asInvalidProtocolBufferException(UninitializedMessageException.java:81) ~[protobuf-java-2.5.0.jar:?]
	at com.google.protobuf.AbstractParser.checkMessageInitialized(AbstractParser.java:71) ~[protobuf-java-2.5.0.jar:?]
	at com.google.protobuf.AbstractParser.parseFrom(AbstractParser.java:217) ~[protobuf-java-2.5.0.jar:?]
	at com.google.protobuf.AbstractParser.parseFrom(AbstractParser.java:223) ~[protobuf-java-2.5.0.jar:?]
	at com.google.protobuf.AbstractParser.parseFrom(AbstractParser.java:49) ~[protobuf-java-2.5.0.jar:?]
	at org.apache.hadoop.hdds.utils.db.Proto2Codec.fromCodecBuffer(Proto2Codec.java:84) ~[hdds-common-2.1.0-SNAPSHOT.jar:?]
	at org.apache.hadoop.hdds.utils.db.Proto2Codec.fromCodecBuffer(Proto2Codec.java:34) ~[hdds-common-2.1.0-SNAPSHOT.jar:?]
	at org.apache.hadoop.hdds.utils.db.DelegatedCodec.fromCodecBuffer(DelegatedCodec.java:83) ~[hdds-common-2.1.0-SNAPSHOT.jar:?]
	at org.apache.hadoop.hdds.utils.db.TypedTable.getFromTable(TypedTable.java:371) ~[hdds-server-framework-2.1.0-SNAPSHOT.jar:?]
	at org.apache.hadoop.hdds.utils.db.TypedTable.getFromTableIfExist(TypedTable.java:393) ~[hdds-server-framework-2.1.0-SNAPSHOT.jar:?]
	at org.apache.hadoop.hdds.utils.db.TypedTable.getIfExist(TypedTable.java:310) ~[hdds-server-framework-2.1.0-SNAPSHOT.jar:?]
	at org.apache.hadoop.ozone.om.request.key.OMKeyCreateRequest.validateAndUpdateCache(OMKeyCreateRequest.java:228) ~[ozone-manager-2.1.0-SNAPSHOT.jar:?]
	at org.apache.hadoop.ozone.protocolPB.OzoneManagerRequestHandler.lambda$0(OzoneManagerRequestHandler.java:419) ~[ozone-manager-2.1.0-SNAPSHOT.jar:?]
	at org.apache.hadoop.ozone.util.MetricUtil.captureLatencyNs(MetricUtil.java:45) ~[hdds-common-2.1.0-SNAPSHOT.jar:?]
	at org.apache.hadoop.ozone.protocolPB.OzoneManagerRequestHandler.handleWriteRequestImpl(OzoneManagerRequestHandler.java:417) ~[ozone-manager-2.1.0-SNAPSHOT.jar:?]
	at org.apache.hadoop.ozone.protocolPB.RequestHandler.handleWriteRequest(RequestHandler.java:62) ~[ozone-manager-2.1.0-SNAPSHOT.jar:?]
	at org.apache.hadoop.ozone.om.ratis.OzoneManagerStateMachine.runCommand(OzoneManagerStateMachine.java:563) ~[ozone-manager-2.1.0-SNAPSHOT.jar:?]
	at org.apache.hadoop.ozone.om.ratis.OzoneManagerStateMachine.lambda$2(OzoneManagerStateMachine.java:379) ~[ozone-manager-2.1.0-SNAPSHOT.jar:?]
	at java.base/java.util.concurrent.CompletableFuture$AsyncSupply.run(CompletableFuture.java:1768) ~[?:?]
	at java.base/java.util.concurrent.ThreadPoolExecutor.runWorker(ThreadPoolExecutor.java:1144) ~[?:?]
	at java.base/java.util.concurrent.ThreadPoolExecutor$Worker.run(ThreadPoolExecutor.java:642) ~[?:?]
	at java.base/java.lang.Thread.run(Thread.java:1583) [?:?]
2025-04-23 15:47:03,883 [omNode-3-OMStateMachineApplyTransactionThread - 0] ERROR ratis.OzoneManagerStateMachine (ExitUtils.java:terminate(133)) - Terminating with exit status 1: OM Ratis Server has received unrecoverable error, to avoid further DB corruption, terminating OM. Error Response received is:cmdType: CreateKey
traceID: ""
success: false
message: "com.google.protobuf.InvalidProtocolBufferException: Message missing required fields: volumeName, bucketName, keyName, dataSize, type, creationTime, modificationTime\n\tat com.google.protobuf.UninitializedMessageException.asInvalidProtocolBufferException(UninitializedMessageException.java:81)\n\tat com.google.protobuf.AbstractParser.checkMessageInitialized(AbstractParser.java:71)\n\tat com.google.protobuf.AbstractParser.parseFrom(AbstractParser.java:217)\n\tat com.google.protobuf.AbstractParser.parseFrom(AbstractParser.java:223)\n\tat com.google.protobuf.AbstractParser.parseFrom(AbstractParser.java:49)\n\tat org.apache.hadoop.hdds.utils.db.Proto2Codec.fromCodecBuffer(Proto2Codec.java:84)\n\tat org.apache.hadoop.hdds.utils.db.Proto2Codec.fromCodecBuffer(Proto2Codec.java:34)\n\tat org.apache.hadoop.hdds.utils.db.DelegatedCodec.fromCodecBuffer(DelegatedCodec.java:83)\n\tat org.apache.hadoop.hdds.utils.db.TypedTable.getFromTable(TypedTable.java:371)\n\tat org.apache.hadoop.hdds.utils.db.TypedTable.getFromTableIfExist(TypedTable.java:393)\n\tat org.apache.hadoop.hdds.utils.db.TypedTable.getIfExist(TypedTable.java:310)\n\tat org.apache.hadoop.ozone.om.request.key.OMKeyCreateRequest.validateAndUpdateCache(OMKeyCreateRequest.java:228)\n\tat org.apache.hadoop.ozone.protocolPB.OzoneManagerRequestHandler.lambda$0(OzoneManagerRequestHandler.java:419)\n\tat org.apache.hadoop.ozone.util.MetricUtil.captureLatencyNs(MetricUtil.java:45)\n\tat org.apache.hadoop.ozone.protocolPB.OzoneManagerRequestHandler.handleWriteRequestImpl(OzoneManagerRequestHandler.java:417)\n\tat org.apache.hadoop.ozone.protocolPB.RequestHandler.handleWriteRequest(RequestHandler.java:62)\n\tat org.apache.hadoop.ozone.om.ratis.OzoneManagerStateMachine.runCommand(OzoneManagerStateMachine.java:563)\n\tat org.apache.hadoop.ozone.om.ratis.OzoneManagerStateMachine.lambda$2(OzoneManagerStateMachine.java:379)\n\tat java.base/java.util.concurrent.CompletableFuture$AsyncSupply.run(CompletableFuture.java:1768)\n\tat java.base/java.util.concurrent.ThreadPoolExecutor.runWorker(ThreadPoolExecutor.java:1144)\n\tat java.base/java.util.concurrent.ThreadPoolExecutor$Worker.run(ThreadPoolExecutor.java:642)\n\tat java.base/java.lang.Thread.run(Thread.java:1583)\n"
status: INTERNAL_ERROR
omLockDetails {
  isLockAcquired: false
  waitLockNanos: 1693
  readLockNanos: 0
  writeLockNanos: 4713044
}

INTERNAL_ERROR org.apache.hadoop.ozone.om.exceptions.OMException: com.google.protobuf.InvalidProtocolBufferException: Message missing required fields: volumeName, bucketName, keyName, dataSize, type, creationTime, modificationTime
	at com.google.protobuf.UninitializedMessageException.asInvalidProtocolBufferException(UninitializedMessageException.java:81)
	at com.google.protobuf.AbstractParser.checkMessageInitialized(AbstractParser.java:71)
	at com.google.protobuf.AbstractParser.parseFrom(AbstractParser.java:217)
	at com.google.protobuf.AbstractParser.parseFrom(AbstractParser.java:223)
	at com.google.protobuf.AbstractParser.parseFrom(AbstractParser.java:49)
	at org.apache.hadoop.hdds.utils.db.Proto2Codec.fromCodecBuffer(Proto2Codec.java:84)
	at org.apache.hadoop.hdds.utils.db.Proto2Codec.fromCodecBuffer(Proto2Codec.java:34)
	at org.apache.hadoop.hdds.utils.db.DelegatedCodec.fromCodecBuffer(DelegatedCodec.java:83)
	at org.apache.hadoop.hdds.utils.db.TypedTable.getFromTable(TypedTable.java:371)
	at org.apache.hadoop.hdds.utils.db.TypedTable.getFromTableIfExist(TypedTable.java:393)
	at org.apache.hadoop.hdds.utils.db.TypedTable.getIfExist(TypedTable.java:310)
	at org.apache.hadoop.ozone.om.request.key.OMKeyCreateRequest.validateAndUpdateCache(OMKeyCreateRequest.java:228)
	at org.apache.hadoop.ozone.protocolPB.OzoneManagerRequestHandler.lambda$0(OzoneManagerRequestHandler.java:419)
	at org.apache.hadoop.ozone.util.MetricUtil.captureLatencyNs(MetricUtil.java:45)
	at org.apache.hadoop.ozone.protocolPB.OzoneManagerRequestHandler.handleWriteRequestImpl(OzoneManagerRequestHandler.java:417)
	at org.apache.hadoop.ozone.protocolPB.RequestHandler.handleWriteRequest(RequestHandler.java:62)
	at org.apache.hadoop.ozone.om.ratis.OzoneManagerStateMachine.runCommand(OzoneManagerStateMachine.java:563)
	at org.apache.hadoop.ozone.om.ratis.OzoneManagerStateMachine.lambda$2(OzoneManagerStateMachine.java:379)
	at java.base/java.util.concurrent.CompletableFuture$AsyncSupply.run(CompletableFuture.java:1768)
	at java.base/java.util.concurrent.ThreadPoolExecutor.runWorker(ThreadPoolExecutor.java:1144)
	at java.base/java.util.concurrent.ThreadPoolExecutor$Worker.run(ThreadPoolExecutor.java:642)
	at java.base/java.lang.Thread.run(Thread.java:1583)

	at org.apache.hadoop.ozone.om.ratis.OzoneManagerStateMachine.terminate(OzoneManagerStateMachine.java:403)
	at org.apache.hadoop.ozone.om.ratis.OzoneManagerStateMachine.processResponse(OzoneManagerStateMachine.java:392)
	at java.base/java.util.concurrent.CompletableFuture$UniApply.tryFire(CompletableFuture.java:646)
	at java.base/java.util.concurrent.CompletableFuture.postComplete(CompletableFuture.java:510)
	at java.base/java.util.concurrent.CompletableFuture$AsyncSupply.run(CompletableFuture.java:1773)
	at java.base/java.util.concurrent.ThreadPoolExecutor.runWorker(ThreadPoolExecutor.java:1144)
	at java.base/java.util.concurrent.ThreadPoolExecutor$Worker.run(ThreadPoolExecutor.java:642)
	at java.base/java.lang.Thread.run(Thread.java:1583)
2025-04-23 15:47:03,883 [omNode-2-OMStateMachineApplyTransactionThread - 0] ERROR ratis.OzoneManagerStateMachine (ExitUtils.java:terminate(133)) - Terminating with exit status 1: OM Ratis Server has received unrecoverable error, to avoid further DB corruption, terminating OM. Error Response received is:cmdType: CreateKey
traceID: ""
success: false
message: "com.google.protobuf.InvalidProtocolBufferException: Message missing required fields: volumeName, bucketName, keyName, dataSize, type, creationTime, modificationTime\n\tat com.google.protobuf.UninitializedMessageException.asInvalidProtocolBufferException(UninitializedMessageException.java:81)\n\tat com.google.protobuf.AbstractParser.checkMessageInitialized(AbstractParser.java:71)\n\tat com.google.protobuf.AbstractParser.parseFrom(AbstractParser.java:217)\n\tat com.google.protobuf.AbstractParser.parseFrom(AbstractParser.java:223)\n\tat com.google.protobuf.AbstractParser.parseFrom(AbstractParser.java:49)\n\tat org.apache.hadoop.hdds.utils.db.Proto2Codec.fromCodecBuffer(Proto2Codec.java:84)\n\tat org.apache.hadoop.hdds.utils.db.Proto2Codec.fromCodecBuffer(Proto2Codec.java:34)\n\tat org.apache.hadoop.hdds.utils.db.DelegatedCodec.fromCodecBuffer(DelegatedCodec.java:83)\n\tat org.apache.hadoop.hdds.utils.db.TypedTable.getFromTable(TypedTable.java:371)\n\tat org.apache.hadoop.hdds.utils.db.TypedTable.getFromTableIfExist(TypedTable.java:393)\n\tat org.apache.hadoop.hdds.utils.db.TypedTable.getIfExist(TypedTable.java:310)\n\tat org.apache.hadoop.ozone.om.request.key.OMKeyCreateRequest.validateAndUpdateCache(OMKeyCreateRequest.java:228)\n\tat org.apache.hadoop.ozone.protocolPB.OzoneManagerRequestHandler.lambda$0(OzoneManagerRequestHandler.java:419)\n\tat org.apache.hadoop.ozone.util.MetricUtil.captureLatencyNs(MetricUtil.java:45)\n\tat org.apache.hadoop.ozone.protocolPB.OzoneManagerRequestHandler.handleWriteRequestImpl(OzoneManagerRequestHandler.java:417)\n\tat org.apache.hadoop.ozone.protocolPB.RequestHandler.handleWriteRequest(RequestHandler.java:62)\n\tat org.apache.hadoop.ozone.om.ratis.OzoneManagerStateMachine.runCommand(OzoneManagerStateMachine.java:563)\n\tat org.apache.hadoop.ozone.om.ratis.OzoneManagerStateMachine.lambda$2(OzoneManagerStateMachine.java:379)\n\tat java.base/java.util.concurrent.CompletableFuture$AsyncSupply.run(CompletableFuture.java:1768)\n\tat java.base/java.util.concurrent.ThreadPoolExecutor.runWorker(ThreadPoolExecutor.java:1144)\n\tat java.base/java.util.concurrent.ThreadPoolExecutor$Worker.run(ThreadPoolExecutor.java:642)\n\tat java.base/java.lang.Thread.run(Thread.java:1583)\n"
status: INTERNAL_ERROR
omLockDetails {
  isLockAcquired: false
  waitLockNanos: 2785
  readLockNanos: 0
  writeLockNanos: 6109203
}

INTERNAL_ERROR org.apache.hadoop.ozone.om.exceptions.OMException: com.google.protobuf.InvalidProtocolBufferException: Message missing required fields: volumeName, bucketName, keyName, dataSize, type, creationTime, modificationTime
	at com.google.protobuf.UninitializedMessageException.asInvalidProtocolBufferException(UninitializedMessageException.java:81)
	at com.google.protobuf.AbstractParser.checkMessageInitialized(AbstractParser.java:71)
	at com.google.protobuf.AbstractParser.parseFrom(AbstractParser.java:217)
	at com.google.protobuf.AbstractParser.parseFrom(AbstractParser.java:223)
	at com.google.protobuf.AbstractParser.parseFrom(AbstractParser.java:49)
	at org.apache.hadoop.hdds.utils.db.Proto2Codec.fromCodecBuffer(Proto2Codec.java:84)
	at org.apache.hadoop.hdds.utils.db.Proto2Codec.fromCodecBuffer(Proto2Codec.java:34)
	at org.apache.hadoop.hdds.utils.db.DelegatedCodec.fromCodecBuffer(DelegatedCodec.java:83)
	at org.apache.hadoop.hdds.utils.db.TypedTable.getFromTable(TypedTable.java:371)
	at org.apache.hadoop.hdds.utils.db.TypedTable.getFromTableIfExist(TypedTable.java:393)
	at org.apache.hadoop.hdds.utils.db.TypedTable.getIfExist(TypedTable.java:310)
	at org.apache.hadoop.ozone.om.request.key.OMKeyCreateRequest.validateAndUpdateCache(OMKeyCreateRequest.java:228)
	at org.apache.hadoop.ozone.protocolPB.OzoneManagerRequestHandler.lambda$0(OzoneManagerRequestHandler.java:419)
	at org.apache.hadoop.ozone.util.MetricUtil.captureLatencyNs(MetricUtil.java:45)
	at org.apache.hadoop.ozone.protocolPB.OzoneManagerRequestHandler.handleWriteRequestImpl(OzoneManagerRequestHandler.java:417)
	at org.apache.hadoop.ozone.protocolPB.RequestHandler.handleWriteRequest(RequestHandler.java:62)
	at org.apache.hadoop.ozone.om.ratis.OzoneManagerStateMachine.runCommand(OzoneManagerStateMachine.java:563)
	at org.apache.hadoop.ozone.om.ratis.OzoneManagerStateMachine.lambda$2(OzoneManagerStateMachine.java:379)
	at java.base/java.util.concurrent.CompletableFuture$AsyncSupply.run(CompletableFuture.java:1768)
	at java.base/java.util.concurrent.ThreadPoolExecutor.runWorker(ThreadPoolExecutor.java:1144)
	at java.base/java.util.concurrent.ThreadPoolExecutor$Worker.run(ThreadPoolExecutor.java:642)
	at java.base/java.lang.Thread.run(Thread.java:1583)

	at org.apache.hadoop.ozone.om.ratis.OzoneManagerStateMachine.terminate(OzoneManagerStateMachine.java:403)
	at org.apache.hadoop.ozone.om.ratis.OzoneManagerStateMachine.processResponse(OzoneManagerStateMachine.java:392)
	at java.base/java.util.concurrent.CompletableFuture$UniApply.tryFire(CompletableFuture.java:646)
	at java.base/java.util.concurrent.CompletableFuture.postComplete(CompletableFuture.java:510)
	at java.base/java.util.concurrent.CompletableFuture$AsyncSupply.run(CompletableFuture.java:1773)
	at java.base/java.util.concurrent.ThreadPoolExecutor.runWorker(ThreadPoolExecutor.java:1144)
	at java.base/java.util.concurrent.ThreadPoolExecutor$Worker.run(ThreadPoolExecutor.java:642)
	at java.base/java.lang.Thread.run(Thread.java:1583)
2025-04-23 15:47:03,884 [IPC Server handler 4 on default port 15010] ERROR ratis.OzoneManagerRatisServer (OzoneManagerRatisServer.java:exceptionToResponseStatus(591)) - Unknown error occurs
java.util.concurrent.CompletionException: org.apache.ratis.util.ExitUtils$ExitException: OM Ratis Server has received unrecoverable error, to avoid further DB corruption, terminating OM. Error Response received is:cmdType: CreateKey
traceID: ""
success: false
message: "com.google.protobuf.InvalidProtocolBufferException: Message missing required fields: volumeName, bucketName, keyName, dataSize, type, creationTime, modificationTime\n\tat com.google.protobuf.UninitializedMessageException.asInvalidProtocolBufferException(UninitializedMessageException.java:81)\n\tat com.google.protobuf.AbstractParser.checkMessageInitialized(AbstractParser.java:71)\n\tat com.google.protobuf.AbstractParser.parseFrom(AbstractParser.java:217)\n\tat com.google.protobuf.AbstractParser.parseFrom(AbstractParser.java:223)\n\tat com.google.protobuf.AbstractParser.parseFrom(AbstractParser.java:49)\n\tat org.apache.hadoop.hdds.utils.db.Proto2Codec.fromCodecBuffer(Proto2Codec.java:84)\n\tat org.apache.hadoop.hdds.utils.db.Proto2Codec.fromCodecBuffer(Proto2Codec.java:34)\n\tat org.apache.hadoop.hdds.utils.db.DelegatedCodec.fromCodecBuffer(DelegatedCodec.java:83)\n\tat org.apache.hadoop.hdds.utils.db.TypedTable.getFromTable(TypedTable.java:371)\n\tat org.apache.hadoop.hdds.utils.db.TypedTable.getFromTableIfExist(TypedTable.java:393)\n\tat org.apache.hadoop.hdds.utils.db.TypedTable.getIfExist(TypedTable.java:310)\n\tat org.apache.hadoop.ozone.om.request.key.OMKeyCreateRequest.validateAndUpdateCache(OMKeyCreateRequest.java:228)\n\tat org.apache.hadoop.ozone.protocolPB.OzoneManagerRequestHandler.lambda$0(OzoneManagerRequestHandler.java:419)\n\tat org.apache.hadoop.ozone.util.MetricUtil.captureLatencyNs(MetricUtil.java:45)\n\tat org.apache.hadoop.ozone.protocolPB.OzoneManagerRequestHandler.handleWriteRequestImpl(OzoneManagerRequestHandler.java:417)\n\tat org.apache.hadoop.ozone.protocolPB.RequestHandler.handleWriteRequest(RequestHandler.java:62)\n\tat org.apache.hadoop.ozone.om.ratis.OzoneManagerStateMachine.runCommand(OzoneManagerStateMachine.java:563)\n\tat org.apache.hadoop.ozone.om.ratis.OzoneManagerStateMachine.lambda$2(OzoneManagerStateMachine.java:379)\n\tat java.base/java.util.concurrent.CompletableFuture$AsyncSupply.run(CompletableFuture.java:1768)\n\tat java.base/java.util.concurrent.ThreadPoolExecutor.runWorker(ThreadPoolExecutor.java:1144)\n\tat java.base/java.util.concurrent.ThreadPoolExecutor$Worker.run(ThreadPoolExecutor.java:642)\n\tat java.base/java.lang.Thread.run(Thread.java:1583)\n"
status: INTERNAL_ERROR
omLockDetails {
  isLockAcquired: false
  waitLockNanos: 2785
  readLockNanos: 0
  writeLockNanos: 6109203
}

	at java.base/java.util.concurrent.CompletableFuture.encodeThrowable(CompletableFuture.java:315)
	at java.base/java.util.concurrent.CompletableFuture.completeThrowable(CompletableFuture.java:320)
	at java.base/java.util.concurrent.CompletableFuture$UniApply.tryFire(CompletableFuture.java:649)
	at java.base/java.util.concurrent.CompletableFuture.postComplete(CompletableFuture.java:510)
	at java.base/java.util.concurrent.CompletableFuture$AsyncSupply.run(CompletableFuture.java:1773)
	at java.base/java.util.concurrent.ThreadPoolExecutor.runWorker(ThreadPoolExecutor.java:1144)
	at java.base/java.util.concurrent.ThreadPoolExecutor$Worker.run(ThreadPoolExecutor.java:642)
	at java.base/java.lang.Thread.run(Thread.java:1583)
Caused by: org.apache.ratis.util.ExitUtils$ExitException: OM Ratis Server has received unrecoverable error, to avoid further DB corruption, terminating OM. Error Response received is:cmdType: CreateKey
traceID: ""
success: false
message: "com.google.protobuf.InvalidProtocolBufferException: Message missing required fields: volumeName, bucketName, keyName, dataSize, type, creationTime, modificationTime\n\tat com.google.protobuf.UninitializedMessageException.asInvalidProtocolBufferException(UninitializedMessageException.java:81)\n\tat com.google.protobuf.AbstractParser.checkMessageInitialized(AbstractParser.java:71)\n\tat com.google.protobuf.AbstractParser.parseFrom(AbstractParser.java:217)\n\tat com.google.protobuf.AbstractParser.parseFrom(AbstractParser.java:223)\n\tat com.google.protobuf.AbstractParser.parseFrom(AbstractParser.java:49)\n\tat org.apache.hadoop.hdds.utils.db.Proto2Codec.fromCodecBuffer(Proto2Codec.java:84)\n\tat org.apache.hadoop.hdds.utils.db.Proto2Codec.fromCodecBuffer(Proto2Codec.java:34)\n\tat org.apache.hadoop.hdds.utils.db.DelegatedCodec.fromCodecBuffer(DelegatedCodec.java:83)\n\tat org.apache.hadoop.hdds.utils.db.TypedTable.getFromTable(TypedTable.java:371)\n\tat org.apache.hadoop.hdds.utils.db.TypedTable.getFromTableIfExist(TypedTable.java:393)\n\tat org.apache.hadoop.hdds.utils.db.TypedTable.getIfExist(TypedTable.java:310)\n\tat org.apache.hadoop.ozone.om.request.key.OMKeyCreateRequest.validateAndUpdateCache(OMKeyCreateRequest.java:228)\n\tat org.apache.hadoop.ozone.protocolPB.OzoneManagerRequestHandler.lambda$0(OzoneManagerRequestHandler.java:419)\n\tat org.apache.hadoop.ozone.util.MetricUtil.captureLatencyNs(MetricUtil.java:45)\n\tat org.apache.hadoop.ozone.protocolPB.OzoneManagerRequestHandler.handleWriteRequestImpl(OzoneManagerRequestHandler.java:417)\n\tat org.apache.hadoop.ozone.protocolPB.RequestHandler.handleWriteRequest(RequestHandler.java:62)\n\tat org.apache.hadoop.ozone.om.ratis.OzoneManagerStateMachine.runCommand(OzoneManagerStateMachine.java:563)\n\tat org.apache.hadoop.ozone.om.ratis.OzoneManagerStateMachine.lambda$2(OzoneManagerStateMachine.java:379)\n\tat java.base/java.util.concurrent.CompletableFuture$AsyncSupply.run(CompletableFuture.java:1768)\n\tat java.base/java.util.concurrent.ThreadPoolExecutor.runWorker(ThreadPoolExecutor.java:1144)\n\tat java.base/java.util.concurrent.ThreadPoolExecutor$Worker.run(ThreadPoolExecutor.java:642)\n\tat java.base/java.lang.Thread.run(Thread.java:1583)\n"
status: INTERNAL_ERROR
omLockDetails {
  isLockAcquired: false
  waitLockNanos: 2785
  readLockNanos: 0
  writeLockNanos: 6109203
}

	at org.apache.ratis.util.ExitUtils.terminate(ExitUtils.java:141)
	at org.apache.ratis.util.ExitUtils.terminate(ExitUtils.java:151)
	at org.apache.hadoop.ozone.om.ratis.OzoneManagerStateMachine.terminate(OzoneManagerStateMachine.java:408)
	at org.apache.hadoop.ozone.om.ratis.OzoneManagerStateMachine.processResponse(OzoneManagerStateMachine.java:392)
	at java.base/java.util.concurrent.CompletableFuture$UniApply.tryFire(CompletableFuture.java:646)
	... 5 more
Caused by: INTERNAL_ERROR org.apache.hadoop.ozone.om.exceptions.OMException: com.google.protobuf.InvalidProtocolBufferException: Message missing required fields: volumeName, bucketName, keyName, dataSize, type, creationTime, modificationTime
	at com.google.protobuf.UninitializedMessageException.asInvalidProtocolBufferException(UninitializedMessageException.java:81)
	at com.google.protobuf.AbstractParser.checkMessageInitialized(AbstractParser.java:71)
	at com.google.protobuf.AbstractParser.parseFrom(AbstractParser.java:217)
	at com.google.protobuf.AbstractParser.parseFrom(AbstractParser.java:223)
	at com.google.protobuf.AbstractParser.parseFrom(AbstractParser.java:49)
	at org.apache.hadoop.hdds.utils.db.Proto2Codec.fromCodecBuffer(Proto2Codec.java:84)
	at org.apache.hadoop.hdds.utils.db.Proto2Codec.fromCodecBuffer(Proto2Codec.java:34)
	at org.apache.hadoop.hdds.utils.db.DelegatedCodec.fromCodecBuffer(DelegatedCodec.java:83)
	at org.apache.hadoop.hdds.utils.db.TypedTable.getFromTable(TypedTable.java:371)
	at org.apache.hadoop.hdds.utils.db.TypedTable.getFromTableIfExist(TypedTable.java:393)
	at org.apache.hadoop.hdds.utils.db.TypedTable.getIfExist(TypedTable.java:310)
	at org.apache.hadoop.ozone.om.request.key.OMKeyCreateRequest.validateAndUpdateCache(OMKeyCreateRequest.java:228)
	at org.apache.hadoop.ozone.protocolPB.OzoneManagerRequestHandler.lambda$0(OzoneManagerRequestHandler.java:419)
	at org.apache.hadoop.ozone.util.MetricUtil.captureLatencyNs(MetricUtil.java:45)
	at org.apache.hadoop.ozone.protocolPB.OzoneManagerRequestHandler.handleWriteRequestImpl(OzoneManagerRequestHandler.java:417)
	at org.apache.hadoop.ozone.protocolPB.RequestHandler.handleWriteRequest(RequestHandler.java:62)
	at org.apache.hadoop.ozone.om.ratis.OzoneManagerStateMachine.runCommand(OzoneManagerStateMachine.java:563)
	at org.apache.hadoop.ozone.om.ratis.OzoneManagerStateMachine.lambda$2(OzoneManagerStateMachine.java:379)
	at java.base/java.util.concurrent.CompletableFuture$AsyncSupply.run(CompletableFuture.java:1768)
	at java.base/java.util.concurrent.ThreadPoolExecutor.runWorker(ThreadPoolExecutor.java:1144)
	at java.base/java.util.concurrent.ThreadPoolExecutor$Worker.run(ThreadPoolExecutor.java:642)
	at java.base/java.lang.Thread.run(Thread.java:1583)

	at org.apache.hadoop.ozone.om.ratis.OzoneManagerStateMachine.terminate(OzoneManagerStateMachine.java:403)
	... 7 more
2025-04-23 15:47:03,887 [main] INFO  om.OzoneManager (OzoneManager.java:stop(2347)) - omNode-3[localhost:15014]: Stopping Ozone Manager
2025-04-23 15:47:03,887 [main] INFO  ipc.Server (Server.java:stop(3697)) - Stopping server on 15014
2025-04-23 15:47:03,889 [IPC Server listener on 15014] INFO  ipc.Server (Server.java:run(1585)) - Stopping IPC Server listener on 15014
2025-04-23 15:47:03,889 [IPC Server Responder] INFO  ipc.Server (Server.java:run(1718)) - Stopping IPC Server Responder
2025-04-23 15:47:03,889 [main] INFO  ratis.OzoneManagerRatisServer (OzoneManagerRatisServer.java:stop(634)) - Stopping org.apache.hadoop.ozone.om.ratis.OzoneManagerRatisServer@4977c244 at port 15017
2025-04-23 15:47:03,890 [main] INFO  server.RaftServer (RaftServerProxy.java:lambda$close$9(417)) - omNode-3: close
2025-04-23 15:47:03,890 [main] INFO  server.GrpcService (GrpcService.java:closeImpl(343)) - omNode-3: shutdown server GrpcServerProtocolService now
2025-04-23 15:47:03,890 [omNode-3-impl-thread1] INFO  server.RaftServer$Division (RaftServerImpl.java:lambda$close$1(513)) - omNode-3@group-523986131536: shutdown
2025-04-23 15:47:03,890 [omNode-3-impl-thread1] INFO  util.JmxRegister (JmxRegister.java:unregister(74)) - Successfully un-registered JMX Bean with object name Ratis:service=RaftServer,group=group-523986131536,id=omNode-3
2025-04-23 15:47:03,890 [omNode-3-impl-thread1] INFO  impl.RoleInfo (RoleInfo.java:shutdownFollowerState(121)) - omNode-3: shutdown omNode-3@group-523986131536-FollowerState
2025-04-23 15:47:03,890 [omNode-3-impl-thread1] INFO  impl.StateMachineUpdater (StateMachineUpdater.java:stopAndJoin(164)) - omNode-3@group-523986131536-StateMachineUpdater: set stopIndex = 347
2025-04-23 15:47:03,890 [omNode-3@group-523986131536-FollowerState] INFO  impl.FollowerState (FollowerState.java:runImpl(170)) - omNode-3@group-523986131536-FollowerState was interrupted
2025-04-23 15:47:03,891 [grpc-default-executor-5] WARN  server.GrpcLogAppender (LogUtils.java:warn(121)) - omNode-2@group-523986131536->omNode-3-AppendLogResponseHandler: Failed appendEntries: org.apache.ratis.thirdparty.io.grpc.StatusRuntimeException: CANCELLED: RST_STREAM closed stream. HTTP/2 error code: CANCEL
2025-04-23 15:47:03,891 [grpc-default-executor-5] WARN  server.GrpcLogAppender (GrpcLogAppender.java:lambda$resetClient$1(221)) - omNode-2@group-523986131536->omNode-3-GrpcLogAppender: Follower failed (request=null, errorCount=1); keep nextIndex (349) unchanged and retry.
2025-04-23 15:47:03,891 [grpc-default-executor-2] WARN  server.GrpcServerProtocolService (LogUtils.java:warn(121)) - omNode-3: APPEND_ENTRIES onError, lastRequest: null: org.apache.ratis.thirdparty.io.grpc.StatusRuntimeException: CANCELLED: client cancelled
2025-04-23 15:47:03,891 [grpc-default-executor-7] WARN  server.GrpcServerProtocolService (LogUtils.java:warn(121)) - omNode-3: APPEND_ENTRIES onError, lastRequest: omNode-2->omNode-3#12-t18,previous=(t:18, i:347),leaderCommit=347,initializing? false,entries: size=1, first=(t:18, i:348), METADATAENTRY(c:347): org.apache.ratis.thirdparty.io.grpc.StatusRuntimeException: CANCELLED: client cancelled
2025-04-23 15:47:03,892 [Thread-6336] INFO  server.GrpcServerProtocolClient (GrpcServerProtocolClient.java:close(105)) - omNode-1 Close channels
2025-04-23 15:47:03,892 [Thread-6337] INFO  server.GrpcServerProtocolClient (GrpcServerProtocolClient.java:close(105)) - omNode-2 Close channels
2025-04-23 15:47:03,893 [main] INFO  server.GrpcService (GrpcService.java:closeImpl(352)) - omNode-3: shutdown server GrpcServerProtocolService successfully
2025-04-23 15:47:03,906 [omNode-3@group-523986131536-StateMachineUpdater] INFO  ratis.OzoneManagerStateMachine (OzoneManagerStateMachine.java:takeSnapshotImpl(510)) - omNode-3: taking snapshot. applied = (t:18, i:347), skipped = 345, notified = (t:18, i:346), current snapshot index = (t:18, i:347), took 15 ms
2025-04-23 15:47:03,906 [omNode-3@group-523986131536-StateMachineUpdater] INFO  impl.StateMachineUpdater (StateMachineUpdater.java:takeSnapshot(303)) - omNode-3@group-523986131536-StateMachineUpdater: Took a snapshot at index 347
2025-04-23 15:47:03,906 [omNode-3@group-523986131536-StateMachineUpdater] INFO  impl.StateMachineUpdater (StateMachineUpdater.java:lambda$new$0(102)) - omNode-3@group-523986131536-StateMachineUpdater: snapshotIndex: updateIncreasingly 336 -> 347
2025-04-23 15:47:03,906 [omNode-3@group-523986131536-StateMachineUpdater] INFO  impl.StateMachineUpdater (StateMachineUpdater.java:stop(141)) - omNode-3@group-523986131536-StateMachineUpdater: closing OzoneManagerStateMachine, lastApplied=(t:18, i:347)
2025-04-23 15:47:03,906 [omNode-3@group-523986131536-StateMachineUpdater] INFO  ratis.OzoneManagerStateMachine (OzoneManagerStateMachine.java:close(550)) - Stopping OzoneManagerStateMachine:omNode-3:group-523986131536.
2025-04-23 15:47:03,906 [omNode-3@group-523986131536-StateMachineUpdater] INFO  ratis.OzoneManagerDoubleBuffer (OzoneManagerDoubleBuffer.java:stopDaemon(500)) - Stopping OMDoubleBuffer flush thread
2025-04-23 15:47:03,906 [omNode-3-OMDoubleBufferFlushThread] INFO  ratis.OzoneManagerDoubleBuffer (OzoneManagerDoubleBuffer.java:canFlush(559)) - OMDoubleBuffer flush thread omNode-3-OMDoubleBufferFlushThread is interrupted and will exit.
2025-04-23 15:47:03,907 [omNode-3@group-523986131536-cacheEviction-AwaitToRun] INFO  util.AwaitToRun (AwaitToRun.java:run(49)) - omNode-3@group-523986131536-cacheEviction-AwaitToRun-AwaitForSignal is interrupted
2025-04-23 15:47:04,819 [omNode-3-impl-thread1] INFO  segmented.SegmentedRaftLogWorker (SegmentedRaftLogWorker.java:close(252)) - omNode-3@group-523986131536-SegmentedRaftLogWorker close()
2025-04-23 15:47:04,820 [JvmPauseMonitor35] INFO  util.JvmPauseMonitor (JvmPauseMonitor.java:run(152)) - JvmPauseMonitor-omNode-3: Stopped
2025-04-23 15:47:04,820 [main] INFO  utils.BackgroundService (BackgroundService.java:shutdown(161)) - Shutting down service KeyDeletingService
2025-04-23 15:47:04,820 [main] INFO  utils.BackgroundService (BackgroundService.java:shutdown(161)) - Shutting down service DirectoryDeletingService
2025-04-23 15:47:04,821 [main] INFO  utils.BackgroundService (BackgroundService.java:shutdown(161)) - Shutting down service OpenKeyCleanupService
2025-04-23 15:47:04,821 [main] INFO  utils.BackgroundService (BackgroundService.java:shutdown(161)) - Shutting down service SstFilteringService
2025-04-23 15:47:04,821 [main] INFO  utils.BackgroundService (BackgroundService.java:shutdown(161)) - Shutting down service SnapshotDeletingService
2025-04-23 15:47:04,822 [main] INFO  utils.BackgroundService (BackgroundService.java:shutdown(161)) - Shutting down service MultipartUploadCleanupService
2025-04-23 15:47:04,823 [main] INFO  handler.ContextHandler (ContextHandler.java:doStop(1159)) - Stopped o.e.j.w.WebAppContext@6f52d523{ozoneManager,/,null,STOPPED}{file:/home/runner/work/ozone/ozone/hadoop-ozone/integration-test/target/test-classes/webapps/ozoneManager}
2025-04-23 15:47:04,823 [main] INFO  server.AbstractConnector (AbstractConnector.java:doStop(383)) - Stopped ServerConnector@2686583c{HTTP/1.1, (http/1.1)}{0.0.0.0:15015}
2025-04-23 15:47:04,823 [main] INFO  server.session (HouseKeeper.java:stopScavenging(149)) - node0 Stopped scavenging
2025-04-23 15:47:04,823 [main] INFO  handler.ContextHandler (ContextHandler.java:doStop(1159)) - Stopped o.e.j.s.ServletContextHandler@6fc179e4{static,/static,file:///home/runner/work/ozone/ozone/hadoop-ozone/integration-test/target/test-classes/webapps/static,STOPPED}
2025-04-23 15:47:04,824 [main] INFO  handler.ContextHandler (ContextHandler.java:doStop(1159)) - Stopped o.e.j.s.ServletContextHandler@32647fea{logs,/logs,file:///home/runner/work/ozone/ozone/hadoop-ozone/integration-test/target/log,STOPPED}
2025-04-23 15:47:04,824 [main] INFO  rocksdiff.RocksDBCheckpointDiffer (RocksDBCheckpointDiffer.java:close(304)) - Shutting down CompactionDagPruningService.
2025-04-23 15:47:04,826 [main] INFO  snapshot.SnapshotDiffManager (SnapshotDiffManager.java:closeExecutorService(1698)) - Shutting down executorService: 'SnapDiffExecutor'
2025-04-23 15:47:04,826 [main] INFO  utils.BackgroundService (BackgroundService.java:shutdown(161)) - Shutting down service SnapshotDiffCleanupService
2025-04-23 15:47:04,827 [main] INFO  om.OzoneManager (OzoneManager.java:stop(2347)) - omNode-1[localhost:15006]: Stopping Ozone Manager
2025-04-23 15:47:04,827 [main] INFO  om.OzoneManager (OzoneManager.java:stop(2347)) - omNode-2[localhost:15010]: Stopping Ozone Manager
2025-04-23 15:47:04,827 [main] INFO  ipc.Server (Server.java:stop(3697)) - Stopping server on 15010
2025-04-23 15:47:04,829 [IPC Server listener on 15010] INFO  ipc.Server (Server.java:run(1585)) - Stopping IPC Server listener on 15010
2025-04-23 15:47:04,829 [main] INFO  ratis.OzoneManagerRatisServer (OzoneManagerRatisServer.java:stop(634)) - Stopping org.apache.hadoop.ozone.om.ratis.OzoneManagerRatisServer@5d01c09b at port 15013
2025-04-23 15:47:04,829 [IPC Server Responder] INFO  ipc.Server (Server.java:run(1718)) - Stopping IPC Server Responder
2025-04-23 15:47:04,830 [main] INFO  server.RaftServer (RaftServerProxy.java:lambda$close$9(417)) - omNode-2: close
2025-04-23 15:47:04,830 [omNode-2-impl-thread1] INFO  server.RaftServer$Division (RaftServerImpl.java:lambda$close$1(513)) - omNode-2@group-523986131536: shutdown
2025-04-23 15:47:04,830 [omNode-2-impl-thread1] INFO  util.JmxRegister (JmxRegister.java:unregister(74)) - Successfully un-registered JMX Bean with object name Ratis:service=RaftServer,group=group-523986131536,id=omNode-2
2025-04-23 15:47:04,830 [omNode-2-impl-thread1] INFO  impl.RoleInfo (RoleInfo.java:shutdownLeaderState(103)) - omNode-2: shutdown omNode-2@group-523986131536-LeaderStateImpl
2025-04-23 15:47:04,830 [omNode-2-impl-thread1] INFO  impl.PendingRequests (PendingRequests.java:sendNotLeaderResponses(287)) - omNode-2@group-523986131536-PendingRequests: sendNotLeaderResponses
2025-04-23 15:47:04,830 [omNode-2@group-523986131536->omNode-3-GrpcLogAppender-LogAppenderDaemon] WARN  server.GrpcLogAppender (GrpcLogAppender.java:mayWait(293)) - omNode-2@group-523986131536->omNode-3-GrpcLogAppender: Wait interrupted by java.lang.InterruptedException
2025-04-23 15:47:04,830 [omNode-2@group-523986131536->omNode-1-GrpcLogAppender-LogAppenderDaemon] WARN  server.GrpcLogAppender (GrpcLogAppender.java:mayWait(293)) - omNode-2@group-523986131536->omNode-1-GrpcLogAppender: Wait interrupted by java.lang.InterruptedException
2025-04-23 15:47:04,831 [main] INFO  server.GrpcService (GrpcService.java:closeImpl(343)) - omNode-2: shutdown server GrpcServerProtocolService now
2025-04-23 15:47:04,831 [omNode-2-impl-thread1] INFO  impl.StateMachineUpdater (StateMachineUpdater.java:stopAndJoin(164)) - omNode-2@group-523986131536-StateMachineUpdater: set stopIndex = 348
2025-04-23 15:47:04,831 [Thread-6430] INFO  server.GrpcServerProtocolClient (GrpcServerProtocolClient.java:close(105)) - omNode-3 Close channels
2025-04-23 15:47:04,831 [Thread-6431] INFO  server.GrpcServerProtocolClient (GrpcServerProtocolClient.java:close(105)) - omNode-1 Close channels
2025-04-23 15:47:04,832 [main] INFO  server.GrpcService (GrpcService.java:closeImpl(352)) - omNode-2: shutdown server GrpcServerProtocolService successfully
2025-04-23 15:47:04,845 [omNode-2@group-523986131536-StateMachineUpdater] INFO  ratis.OzoneManagerStateMachine (OzoneManagerStateMachine.java:takeSnapshotImpl(510)) - omNode-2: taking snapshot. applied = (t:18, i:348), skipped = 347, notified = (t:18, i:348), current snapshot index = (t:18, i:348), took 14 ms
2025-04-23 15:47:04,845 [omNode-2@group-523986131536-StateMachineUpdater] INFO  impl.StateMachineUpdater (StateMachineUpdater.java:takeSnapshot(303)) - omNode-2@group-523986131536-StateMachineUpdater: Took a snapshot at index 348
2025-04-23 15:47:04,845 [omNode-2@group-523986131536-StateMachineUpdater] INFO  impl.StateMachineUpdater (StateMachineUpdater.java:lambda$new$0(102)) - omNode-2@group-523986131536-StateMachineUpdater: snapshotIndex: updateIncreasingly 338 -> 348
2025-04-23 15:47:04,845 [omNode-2@group-523986131536-StateMachineUpdater] INFO  impl.StateMachineUpdater (StateMachineUpdater.java:stop(141)) - omNode-2@group-523986131536-StateMachineUpdater: closing OzoneManagerStateMachine, lastApplied=(t:18, i:348)
2025-04-23 15:47:04,845 [omNode-2@group-523986131536-StateMachineUpdater] INFO  ratis.OzoneManagerStateMachine (OzoneManagerStateMachine.java:close(550)) - Stopping OzoneManagerStateMachine:omNode-2:group-523986131536.
2025-04-23 15:47:04,845 [omNode-2@group-523986131536-StateMachineUpdater] INFO  ratis.OzoneManagerDoubleBuffer (OzoneManagerDoubleBuffer.java:stopDaemon(500)) - Stopping OMDoubleBuffer flush thread
2025-04-23 15:47:04,845 [omNode-2-OMDoubleBufferFlushThread] INFO  ratis.OzoneManagerDoubleBuffer (OzoneManagerDoubleBuffer.java:canFlush(559)) - OMDoubleBuffer flush thread omNode-2-OMDoubleBufferFlushThread is interrupted and will exit.
2025-04-23 15:47:04,846 [omNode-2@group-523986131536-cacheEviction-AwaitToRun] INFO  util.AwaitToRun (AwaitToRun.java:run(49)) - omNode-2@group-523986131536-cacheEviction-AwaitToRun-AwaitForSignal is interrupted
2025-04-23 15:47:05,819 [omNode-2-impl-thread1] INFO  segmented.SegmentedRaftLogWorker (SegmentedRaftLogWorker.java:close(252)) - omNode-2@group-523986131536-SegmentedRaftLogWorker close()
2025-04-23 15:47:05,820 [JvmPauseMonitor37] INFO  util.JvmPauseMonitor (JvmPauseMonitor.java:run(152)) - JvmPauseMonitor-omNode-2: Stopped
2025-04-23 15:47:05,820 [main] INFO  utils.BackgroundService (BackgroundService.java:shutdown(161)) - Shutting down service KeyDeletingService
2025-04-23 15:47:05,820 [main] INFO  utils.BackgroundService (BackgroundService.java:shutdown(161)) - Shutting down service DirectoryDeletingService
2025-04-23 15:47:05,821 [main] INFO  utils.BackgroundService (BackgroundService.java:shutdown(161)) - Shutting down service OpenKeyCleanupService
2025-04-23 15:47:05,821 [main] INFO  utils.BackgroundService (BackgroundService.java:shutdown(161)) - Shutting down service SstFilteringService
2025-04-23 15:47:05,822 [main] INFO  utils.BackgroundService (BackgroundService.java:shutdown(161)) - Shutting down service SnapshotDeletingService
2025-04-23 15:47:05,822 [main] INFO  utils.BackgroundService (BackgroundService.java:shutdown(161)) - Shutting down service MultipartUploadCleanupService
2025-04-23 15:47:05,823 [main] INFO  handler.ContextHandler (ContextHandler.java:doStop(1159)) - Stopped o.e.j.w.WebAppContext@65f8d7d1{ozoneManager,/,null,STOPPED}{file:/home/runner/work/ozone/ozone/hadoop-ozone/integration-test/target/test-classes/webapps/ozoneManager}
2025-04-23 15:47:05,823 [main] INFO  server.AbstractConnector (AbstractConnector.java:doStop(383)) - Stopped ServerConnector@12425d4e{HTTP/1.1, (http/1.1)}{0.0.0.0:15011}
2025-04-23 15:47:05,823 [main] INFO  server.session (HouseKeeper.java:stopScavenging(149)) - node0 Stopped scavenging
2025-04-23 15:47:05,823 [main] INFO  handler.ContextHandler (ContextHandler.java:doStop(1159)) - Stopped o.e.j.s.ServletContextHandler@493f72fa{static,/static,file:///home/runner/work/ozone/ozone/hadoop-ozone/integration-test/target/test-classes/webapps/static,STOPPED}
2025-04-23 15:47:05,824 [main] INFO  handler.ContextHandler (ContextHandler.java:doStop(1159)) - Stopped o.e.j.s.ServletContextHandler@134c13dd{logs,/logs,file:///home/runner/work/ozone/ozone/hadoop-ozone/integration-test/target/log,STOPPED}
2025-04-23 15:47:05,824 [main] INFO  rocksdiff.RocksDBCheckpointDiffer (RocksDBCheckpointDiffer.java:close(304)) - Shutting down CompactionDagPruningService.
2025-04-23 15:47:05,826 [main] INFO  snapshot.SnapshotDiffManager (SnapshotDiffManager.java:closeExecutorService(1698)) - Shutting down executorService: 'SnapDiffExecutor'
2025-04-23 15:47:05,826 [main] INFO  utils.BackgroundService (BackgroundService.java:shutdown(161)) - Shutting down service SnapshotDiffCleanupService
2025-04-23 15:47:05,827 [main] INFO  om.OzoneManager (OzoneManager.java:restart(1878)) - OzoneManager RPC server is listening at localhost/127.0.0.1:15014
2025-04-23 15:47:05,827 [main] INFO  impl.MetricsSystemImpl (MetricsSystemImpl.java:init(158)) - OzoneManager metrics system started (again)
2025-04-23 15:47:05,838 [main] WARN  server.ServerUtils (ServerUtils.java:getDBPath(297)) - ozone.om.db.dirs is not configured. We recommend adding this setting. Falling back to ozone.metadata.dirs instead.
2025-04-23 15:47:05,879 [main] INFO  om.OzoneManager (OzoneManager.java:instantiateServices(933)) - S3 Multi-Tenancy is disabled
2025-04-23 15:47:05,880 [main] INFO  om.OmSnapshotManager (OmSnapshotManager.java:<init>(180)) - Ozone filesystem snapshot feature is enabled.
2025-04-23 15:47:05,880 [main] WARN  server.ServerUtils (ServerUtils.java:getDBPath(297)) - ozone.om.snapshot.diff.db.dir is not configured. We recommend adding this setting. Falling back to ozone.metadata.dirs instead.
2025-04-23 15:47:05,895 [main] WARN  server.ServerUtils (ServerUtils.java:getDefaultRatisDirectory(309)) - Storage directory for Ratis is not configured. It is a good idea to map this to an SSD disk. Falling back to ozone.metadata.dirs
2025-04-23 15:47:05,895 [main] INFO  server.RaftServerConfigKeys (ConfUtils.java:logGet(46)) - raft.server.log.appender.buffer.byte-limit = 4194304 (custom)
2025-04-23 15:47:05,896 [main] INFO  ratis.OzoneManagerRatisServer (OzoneManagerRatisServer.java:<init>(167)) - Instantiating OM Ratis server with groupID: om-service-test1 and peers: localhost:15017, localhost:15009, localhost:15013
2025-04-23 15:47:05,896 [main] INFO  ratis.OzoneManagerStateMachine (OzoneManagerStateMachine.java:loadSnapshotInfoFromDB(611)) - LastAppliedIndex is set from TransactionInfo from OM DB as (t:18, i:347)
2025-04-23 15:47:05,897 [main] INFO  server.RaftServer (ConfUtils.java:logGet(46)) - raft.rpc.type = GRPC (default)
2025-04-23 15:47:05,897 [main] INFO  grpc.GrpcConfigKeys (ConfUtils.java:logFallback(53)) - raft.grpc.admin.host = null (fallback to raft.grpc.server.host)
2025-04-23 15:47:05,897 [main] INFO  grpc.GrpcConfigKeys (ConfUtils.java:logFallback(53)) - raft.grpc.admin.port = 15017 (fallback to raft.grpc.server.port)
2025-04-23 15:47:05,897 [main] INFO  grpc.GrpcConfigKeys (ConfUtils.java:logFallback(53)) - raft.grpc.client.host = null (fallback to raft.grpc.server.host)
2025-04-23 15:47:05,897 [main] INFO  grpc.GrpcConfigKeys (ConfUtils.java:logFallback(53)) - raft.grpc.client.port = 15017 (fallback to raft.grpc.server.port)
2025-04-23 15:47:05,897 [main] INFO  grpc.GrpcConfigKeys (ConfUtils.java:logGet(46)) - raft.grpc.server.host = null (default)
2025-04-23 15:47:05,897 [main] INFO  grpc.GrpcConfigKeys (ConfUtils.java:logGet(46)) - raft.grpc.server.port = 15017 (custom)
2025-04-23 15:47:05,897 [main] INFO  server.GrpcService (ConfUtils.java:logGet(46)) - raft.grpc.message.size.max = 5242880 (custom)
2025-04-23 15:47:05,897 [main] INFO  server.GrpcService (ConfUtils.java:logGet(46)) - raft.grpc.flow.control.window = 1MB (=1048576) (default)
2025-04-23 15:47:05,897 [main] INFO  server.RaftServerConfigKeys (ConfUtils.java:logGet(46)) - raft.server.rpc.request.timeout = 3000ms (default)
2025-04-23 15:47:05,898 [main] INFO  grpc.GrpcConfigKeys (ConfUtils.java:logGet(46)) - raft.grpc.server.heartbeat.channel = true (default)
2025-04-23 15:47:05,898 [main] INFO  server.RaftServerConfigKeys (ConfUtils.java:logGet(46)) - raft.server.log.appender.buffer.byte-limit = 4194304 (custom)
2025-04-23 15:47:05,898 [main] INFO  grpc.GrpcConfigKeys (ConfUtils.java:logGet(46)) - raft.grpc.server.async.request.thread.pool.cached = true (default)
2025-04-23 15:47:05,898 [main] INFO  grpc.GrpcConfigKeys (ConfUtils.java:logGet(46)) - raft.grpc.server.async.request.thread.pool.size = 32 (default)
2025-04-23 15:47:05,898 [main] INFO  impl.DataStreamServerImpl (ConfUtils.java:logGet(46)) - raft.datastream.type = DISABLED (default)
2025-04-23 15:47:05,898 [main] INFO  server.RaftServerConfigKeys (ConfUtils.java:logGet(46)) - raft.server.sleep.deviation.threshold = 300ms (default)
2025-04-23 15:47:05,899 [main] INFO  server.RaftServerConfigKeys (ConfUtils.java:logGet(46)) - raft.server.close.threshold = 60s (default)
2025-04-23 15:47:05,899 [main] INFO  server.RaftServerConfigKeys (ConfUtils.java:logGet(46)) - raft.server.leaderelection.leader.step-down.wait-time = 10s (default)
2025-04-23 15:47:05,899 [main] INFO  server.RaftServerConfigKeys (ConfUtils.java:logGet(46)) - raft.server.storage.dir = [/home/runner/work/ozone/ozone/hadoop-ozone/integration-test/target/test-dir/MiniOzoneClusterImpl-5cf50c17-c591-473f-a8c4-88d8665d28d7/omNode-3/ratis] (custom)
2025-04-23 15:47:05,899 [main] INFO  server.RaftServerConfigKeys (ConfUtils.java:logGet(46)) - raft.server.threadpool.proxy.cached = true (default)
2025-04-23 15:47:05,899 [main] INFO  server.RaftServerConfigKeys (ConfUtils.java:logGet(46)) - raft.server.threadpool.proxy.size = 0 (default)
2025-04-23 15:47:05,899 [omNode-3-impl-thread1] INFO  server.RaftServer (RaftServerProxy.java:initGroupDir(265)) - omNode-3: found a subdirectory /home/runner/work/ozone/ozone/hadoop-ozone/integration-test/target/test-dir/MiniOzoneClusterImpl-5cf50c17-c591-473f-a8c4-88d8665d28d7/omNode-3/ratis/c9bc4cf4-3bc3-3c60-a66b-523986131536
2025-04-23 15:47:05,900 [main] INFO  server.RaftServer (RaftServerProxy.java:addNew(100)) - omNode-3: addNew group-523986131536:[omNode-3|localhost:15017, omNode-1|localhost:15009, omNode-2|localhost:15013] returns group-523986131536:java.util.concurrent.CompletableFuture@58dac970[Not completed]
2025-04-23 15:47:05,900 [main] INFO  om.OzoneManager (OzoneManager.java:initializeRatisServer(2303)) - OzoneManager Ratis server initialized at port 15017
2025-04-23 15:47:05,900 [main] INFO  ratis.OzoneManagerRatisServer (OzoneManagerRatisServer.java:start(628)) - Starting OzoneManagerRatisServer omNode-3 at port 15017
2025-04-23 15:47:05,900 [omNode-3-groupManagement] INFO  server.RaftServer$Division (RaftServerImpl.java:<init>(255)) - omNode-3: new RaftServerImpl for group-523986131536:[omNode-3|localhost:15017, omNode-1|localhost:15009, omNode-2|localhost:15013] with OzoneManagerStateMachine:uninitialized
2025-04-23 15:47:05,900 [omNode-3-groupManagement] INFO  server.RaftServerConfigKeys (ConfUtils.java:logGet(46)) - raft.server.rpc.timeout.min = 1s (custom)
2025-04-23 15:47:05,900 [omNode-3-groupManagement] INFO  server.RaftServerConfigKeys (ConfUtils.java:logGet(46)) - raft.server.rpc.timeout.max = 1200ms (custom)
2025-04-23 15:47:05,900 [omNode-3-groupManagement] INFO  server.RaftServerConfigKeys (ConfUtils.java:logGet(46)) - raft.server.rpc.sleep.time = 25ms (default)
2025-04-23 15:47:05,900 [omNode-3-groupManagement] INFO  server.RaftServerConfigKeys (ConfUtils.java:logGet(46)) - raft.server.rpc.slowness.timeout = 2s (custom)
2025-04-23 15:47:05,900 [omNode-3-groupManagement] INFO  server.RaftServerConfigKeys (ConfUtils.java:logGet(46)) - raft.server.leaderelection.leader.step-down.wait-time = 10s (default)
2025-04-23 15:47:05,900 [omNode-3-groupManagement] INFO  server.RaftServerConfigKeys (ConfUtils.java:logGet(46)) - raft.server.leaderelection.member.majority-add = false (default)
2025-04-23 15:47:05,900 [omNode-3-groupManagement] INFO  server.RaftServerConfigKeys (ConfUtils.java:logGet(46)) - raft.server.sleep.deviation.threshold = 300ms (default)
2025-04-23 15:47:05,900 [omNode-3-groupManagement] INFO  server.RaftServer$Division (ServerState.java:<init>(114)) - omNode-3@group-523986131536: ConfigurationManager, init=conf: {index: -1, cur=peers:[omNode-3|localhost:15017, omNode-1|localhost:15009, omNode-2|localhost:15013]|listeners:[], old=null}, confs=<EMPTY_MAP>
2025-04-23 15:47:05,900 [omNode-3-groupManagement] INFO  server.RaftServerConfigKeys (ConfUtils.java:logGet(46)) - raft.server.notification.no-leader.timeout = 2s (custom)
2025-04-23 15:47:05,900 [omNode-3-groupManagement] INFO  server.RaftServerConfigKeys (ConfUtils.java:logGet(46)) - raft.server.read.timeout = 10s (default)
2025-04-23 15:47:05,900 [omNode-3-groupManagement] INFO  server.RaftServerConfigKeys (ConfUtils.java:logGet(46)) - raft.server.retrycache.expirytime = 30000ms (custom)
2025-04-23 15:47:05,901 [omNode-3-groupManagement] INFO  server.RaftServerConfigKeys (ConfUtils.java:logGet(46)) - raft.server.retrycache.statistics.expirytime = 100ms (default)
2025-04-23 15:47:05,901 [omNode-3-groupManagement] INFO  server.RaftServerConfigKeys (ConfUtils.java:logGet(46)) - raft.server.read.option = DEFAULT (default)
2025-04-23 15:47:05,901 [omNode-3-groupManagement] INFO  server.RaftServerConfigKeys (ConfUtils.java:logGet(46)) - raft.server.read.read-after-write-consistent.write-index-cache.expiry-time = 60s (default)
2025-04-23 15:47:05,902 [omNode-3-groupManagement] INFO  server.RaftServerConfigKeys (ConfUtils.java:logGet(46)) - raft.server.rpc.request.timeout = 3000ms (default)
2025-04-23 15:47:05,902 [omNode-3-groupManagement] INFO  server.RaftServerConfigKeys (ConfUtils.java:logGet(46)) - raft.server.log.appender.install.snapshot.enabled = false (custom)
2025-04-23 15:47:05,902 [omNode-3-groupManagement] INFO  server.RaftServerConfigKeys (ConfUtils.java:logGet(46)) - raft.server.threadpool.server.cached = true (default)
2025-04-23 15:47:05,902 [omNode-3-groupManagement] INFO  server.RaftServerConfigKeys (ConfUtils.java:logGet(46)) - raft.server.threadpool.server.size = 0 (default)
2025-04-23 15:47:05,902 [omNode-3-groupManagement] INFO  server.RaftServerConfigKeys (ConfUtils.java:logGet(46)) - raft.server.threadpool.client.cached = true (default)
2025-04-23 15:47:05,902 [omNode-3-groupManagement] INFO  server.RaftServerConfigKeys (ConfUtils.java:logGet(46)) - raft.server.threadpool.client.size = 0 (default)
2025-04-23 15:47:05,902 [omNode-3-impl-thread1] INFO  server.RaftServerConfigKeys (ConfUtils.java:logGet(46)) - raft.server.storage.free-space.min = 0MB (=0) (default)
2025-04-23 15:47:05,902 [omNode-3-impl-thread1] INFO  server.RaftServerConfigKeys (ConfUtils.java:logGet(46)) - raft.server.log.corruption.policy = EXCEPTION (default)
2025-04-23 15:47:05,902 [omNode-3-impl-thread1] INFO  server.RaftServerConfigKeys (ConfUtils.java:logGet(46)) - raft.server.storage.dir = [/home/runner/work/ozone/ozone/hadoop-ozone/integration-test/target/test-dir/MiniOzoneClusterImpl-5cf50c17-c591-473f-a8c4-88d8665d28d7/omNode-3/ratis] (custom)
2025-04-23 15:47:05,903 [omNode-3-impl-thread1] INFO  storage.RaftStorageDirectory (RaftStorageDirectoryImpl.java:tryLock(229)) - Lock on /home/runner/work/ozone/ozone/hadoop-ozone/integration-test/target/test-dir/MiniOzoneClusterImpl-5cf50c17-c591-473f-a8c4-88d8665d28d7/omNode-3/ratis/c9bc4cf4-3bc3-3c60-a66b-523986131536/in_use.lock acquired by nodename 129659@fv-az1337-835
2025-04-23 15:47:05,904 [omNode-3-impl-thread1] INFO  storage.RaftStorage (RaftStorageImpl.java:analyzeAndRecoverStorage(118)) - Read RaftStorageMetadata{term=18, votedFor=omNode-2} from /home/runner/work/ozone/ozone/hadoop-ozone/integration-test/target/test-dir/MiniOzoneClusterImpl-5cf50c17-c591-473f-a8c4-88d8665d28d7/omNode-3/ratis/c9bc4cf4-3bc3-3c60-a66b-523986131536/current/raft-meta
2025-04-23 15:47:05,904 [omNode-3-impl-thread1] INFO  server.RaftServer$Division (ServerState.java:setRaftConf(386)) - omNode-3@group-523986131536: set configuration conf: {index: 341, cur=peers:[omNode-3|localhost:15017, omNode-1|localhost:15009, omNode-2|localhost:15013]|listeners:[], old=null}
2025-04-23 15:47:05,904 [omNode-3-impl-thread1] INFO  ratis.OzoneManagerStateMachine (OzoneManagerStateMachine.java:lambda$0(138)) - omNode-3: initialize group-523986131536 with (t:18, i:347)
2025-04-23 15:47:05,904 [omNode-3-impl-thread1] INFO  server.RaftServerConfigKeys (ConfUtils.java:logGet(46)) - raft.server.log.use.memory = false (default)
2025-04-23 15:47:05,904 [omNode-3-impl-thread1] INFO  server.RaftServerConfigKeys (ConfUtils.java:logGet(46)) - raft.server.log.purge.gap = 50 (custom)
2025-04-23 15:47:05,904 [omNode-3-impl-thread1] INFO  server.RaftServerConfigKeys (ConfUtils.java:logGet(46)) - raft.server.log.appender.buffer.byte-limit = 4194304 (custom)
2025-04-23 15:47:05,904 [omNode-3-impl-thread1] INFO  server.RaftServerConfigKeys (ConfUtils.java:logGet(46)) - raft.server.log.statemachine.data.read.timeout = 1000ms (default)
2025-04-23 15:47:05,904 [omNode-3-impl-thread1] INFO  server.RaftServerConfigKeys (ConfUtils.java:logGet(46)) - raft.server.log.purge.preservation.log.num = 0 (default)
2025-04-23 15:47:05,905 [omNode-3-impl-thread1] INFO  server.RaftServerConfigKeys (ConfUtils.java:logGet(46)) - raft.server.log.segment.size.max = 4194304 (custom)
2025-04-23 15:47:05,905 [omNode-3-impl-thread1] INFO  server.RaftServerConfigKeys (ConfUtils.java:logGet(46)) - raft.server.log.segment.cache.num.max = 2 (custom)
2025-04-23 15:47:05,905 [omNode-3-impl-thread1] INFO  server.RaftServerConfigKeys (ConfUtils.java:logGet(46)) - raft.server.log.segment.cache.size.max = 200MB (=209715200) (default)
2025-04-23 15:47:05,905 [omNode-3-impl-thread1] INFO  server.RaftServerConfigKeys (ConfUtils.java:logGet(46)) - raft.server.log.appender.buffer.byte-limit = 4194304 (custom)
2025-04-23 15:47:05,905 [omNode-3-impl-thread1] INFO  util.AwaitToRun (AwaitToRun.java:start(81)) - Thread[#7479,omNode-3@group-523986131536-cacheEviction-AwaitToRun,5,main] started
2025-04-23 15:47:05,905 [omNode-3-impl-thread1] INFO  segmented.SegmentedRaftLogWorker (SegmentedRaftLogWorker.java:<init>(188)) - new omNode-3@group-523986131536-SegmentedRaftLogWorker for RaftStorageImpl:Storage Directory /home/runner/work/ozone/ozone/hadoop-ozone/integration-test/target/test-dir/MiniOzoneClusterImpl-5cf50c17-c591-473f-a8c4-88d8665d28d7/omNode-3/ratis/c9bc4cf4-3bc3-3c60-a66b-523986131536
2025-04-23 15:47:05,905 [omNode-3-impl-thread1] INFO  server.RaftServerConfigKeys (ConfUtils.java:logGet(46)) - raft.server.log.queue.byte-limit = 64MB (=67108864) (default)
2025-04-23 15:47:05,905 [omNode-3-impl-thread1] INFO  server.RaftServerConfigKeys (ConfUtils.java:logGet(46)) - raft.server.log.queue.element-limit = 4096 (default)
2025-04-23 15:47:05,905 [omNode-3-impl-thread1] INFO  server.RaftServerConfigKeys (ConfUtils.java:logGet(46)) - raft.server.log.segment.size.max = 4194304 (custom)
2025-04-23 15:47:05,905 [omNode-3-impl-thread1] INFO  server.RaftServerConfigKeys (ConfUtils.java:logGet(46)) - raft.server.log.preallocated.size = 4194304 (custom)
2025-04-23 15:47:05,905 [omNode-3-impl-thread1] INFO  server.RaftServerConfigKeys (ConfUtils.java:logGet(46)) - raft.server.log.force.sync.num = 128 (default)
2025-04-23 15:47:05,905 [omNode-3-impl-thread1] INFO  server.RaftServerConfigKeys (ConfUtils.java:logGet(46)) - raft.server.log.statemachine.data.sync = true (default)
2025-04-23 15:47:05,905 [omNode-3-impl-thread1] INFO  server.RaftServerConfigKeys (ConfUtils.java:logGet(46)) - raft.server.log.statemachine.data.sync.timeout = 10s (default)
2025-04-23 15:47:05,906 [omNode-3-impl-thread1] INFO  server.RaftServerConfigKeys (ConfUtils.java:logGet(46)) - raft.server.log.statemachine.data.sync.timeout.retry = -1 (default)
2025-04-23 15:47:05,906 [omNode-3-impl-thread1] INFO  server.RaftServerConfigKeys (ConfUtils.java:logGet(46)) - raft.server.log.write.buffer.size = 4194312 (custom)
2025-04-23 15:47:05,908 [omNode-3-impl-thread1] INFO  server.RaftServerConfigKeys (ConfUtils.java:logGet(46)) - raft.server.log.appender.buffer.byte-limit = 4194304 (custom)
2025-04-23 15:47:05,908 [omNode-3-impl-thread1] INFO  server.RaftServerConfigKeys (ConfUtils.java:logGet(46)) - raft.server.log.unsafe-flush.enabled = false (default)
2025-04-23 15:47:05,908 [omNode-3-impl-thread1] INFO  server.RaftServerConfigKeys (ConfUtils.java:logGet(46)) - raft.server.log.async-flush.enabled = false (default)
2025-04-23 15:47:05,908 [omNode-3-impl-thread1] INFO  server.RaftServerConfigKeys (ConfUtils.java:logGet(46)) - raft.server.log.statemachine.data.caching.enabled = false (default)
2025-04-23 15:47:05,908 [omNode-3-impl-thread1] INFO  server.RaftServer$Division (ServerState.java:setRaftConf(386)) - omNode-3@group-523986131536: set configuration conf: {index: 313, cur=peers:[omNode-3|localhost:15017, omNode-1|localhost:15009, omNode-2|localhost:15013]|listeners:[], old=null}
2025-04-23 15:47:05,908 [omNode-3-impl-thread1] INFO  segmented.LogSegment (LogSegment.java:loadSegment(171)) - Successfully read 12 entries from segment file /home/runner/work/ozone/ozone/hadoop-ozone/integration-test/target/test-dir/MiniOzoneClusterImpl-5cf50c17-c591-473f-a8c4-88d8665d28d7/omNode-3/ratis/c9bc4cf4-3bc3-3c60-a66b-523986131536/current/log_313-324
2025-04-23 15:47:05,908 [omNode-3-impl-thread1] INFO  server.RaftServer$Division (ServerState.java:setRaftConf(386)) - omNode-3@group-523986131536: set configuration conf: {index: 325, cur=peers:[omNode-3|localhost:15017, omNode-1|localhost:15009, omNode-2|localhost:15013]|listeners:[], old=null}
2025-04-23 15:47:05,908 [omNode-3-impl-thread1] INFO  segmented.LogSegment (LogSegment.java:loadSegment(171)) - Successfully read 12 entries from segment file /home/runner/work/ozone/ozone/hadoop-ozone/integration-test/target/test-dir/MiniOzoneClusterImpl-5cf50c17-c591-473f-a8c4-88d8665d28d7/omNode-3/ratis/c9bc4cf4-3bc3-3c60-a66b-523986131536/current/log_325-336
2025-04-23 15:47:05,909 [omNode-3-impl-thread1] INFO  server.RaftServer$Division (ServerState.java:setRaftConf(386)) - omNode-3@group-523986131536: set configuration conf: {index: 337, cur=peers:[omNode-3|localhost:15017, omNode-1|localhost:15009, omNode-2|localhost:15013]|listeners:[], old=null}
2025-04-23 15:47:05,909 [omNode-3-impl-thread1] INFO  segmented.LogSegment (LogSegment.java:loadSegment(171)) - Successfully read 2 entries from segment file /home/runner/work/ozone/ozone/hadoop-ozone/integration-test/target/test-dir/MiniOzoneClusterImpl-5cf50c17-c591-473f-a8c4-88d8665d28d7/omNode-3/ratis/c9bc4cf4-3bc3-3c60-a66b-523986131536/current/log_337-338
2025-04-23 15:47:05,909 [omNode-3-impl-thread1] INFO  server.RaftServer$Division (ServerState.java:setRaftConf(386)) - omNode-3@group-523986131536: set configuration conf: {index: 339, cur=peers:[omNode-3|localhost:15017, omNode-1|localhost:15009, omNode-2|localhost:15013]|listeners:[], old=null}
2025-04-23 15:47:05,909 [omNode-3-impl-thread1] INFO  segmented.LogSegment (LogSegment.java:loadSegment(171)) - Successfully read 2 entries from segment file /home/runner/work/ozone/ozone/hadoop-ozone/integration-test/target/test-dir/MiniOzoneClusterImpl-5cf50c17-c591-473f-a8c4-88d8665d28d7/omNode-3/ratis/c9bc4cf4-3bc3-3c60-a66b-523986131536/current/log_339-340
2025-04-23 15:47:05,909 [omNode-3-impl-thread1] INFO  server.RaftServer$Division (ServerState.java:setRaftConf(386)) - omNode-3@group-523986131536: set configuration conf: {index: 341, cur=peers:[omNode-3|localhost:15017, omNode-1|localhost:15009, omNode-2|localhost:15013]|listeners:[], old=null}
2025-04-23 15:47:05,909 [omNode-3-impl-thread1] INFO  segmented.LogSegment (LogSegment.java:loadSegment(171)) - Successfully read 8 entries from segment file /home/runner/work/ozone/ozone/hadoop-ozone/integration-test/target/test-dir/MiniOzoneClusterImpl-5cf50c17-c591-473f-a8c4-88d8665d28d7/omNode-3/ratis/c9bc4cf4-3bc3-3c60-a66b-523986131536/current/log_inprogress_341
2025-04-23 15:47:05,909 [omNode-3-impl-thread1] INFO  segmented.SegmentedRaftLogWorker (SegmentedRaftLogWorker.java:lambda$new$0(139)) - omNode-3@group-523986131536-SegmentedRaftLogWorker: flushIndex: setUnconditionally 0 -> 348
2025-04-23 15:47:05,909 [omNode-3-impl-thread1] INFO  segmented.SegmentedRaftLogWorker (SegmentedRaftLogWorker.java:lambda$new$0(139)) - omNode-3@group-523986131536-SegmentedRaftLogWorker: safeCacheEvictIndex: setUnconditionally 0 -> 340
2025-04-23 15:47:05,910 [omNode-3-impl-thread1] INFO  segmented.BufferedWriteChannel (BufferedWriteChannel.java:open(61)) - open log_inprogress_341 (append) at position 1229
2025-04-23 15:47:05,910 [omNode-3-impl-thread1] INFO  raftlog.RaftLog (RaftLogBase.java:lambda$new$0(54)) - omNode-3@group-523986131536-SegmentedRaftLog: purgeIndex: updateToMax old=-1, new=312, updated? true
2025-04-23 15:47:05,910 [omNode-3-impl-thread1] INFO  server.RaftServer$Division (RaftServerImpl.java:start(391)) - omNode-3@group-523986131536: start as a follower, conf=conf: {index: 341, cur=peers:[omNode-3|localhost:15017, omNode-1|localhost:15009, omNode-2|localhost:15013]|listeners:[], old=null}
2025-04-23 15:47:05,910 [omNode-3-impl-thread1] INFO  server.RaftServer$Division (RaftServerImpl.java:setRole(378)) - omNode-3@group-523986131536: changes role from      null to FOLLOWER at term 18 for startAsFollower
2025-04-23 15:47:05,910 [omNode-3-impl-thread1] INFO  impl.RoleInfo (RoleInfo.java:updateAndGet(148)) - omNode-3: start omNode-3@group-523986131536-FollowerState
2025-04-23 15:47:05,910 [omNode-3-impl-thread1] INFO  util.JmxRegister (JmxRegister.java:tryRegister(44)) - Successfully registered JMX Bean with object name Ratis:service=RaftServer,group=group-523986131536,id=omNode-3
2025-04-23 15:47:05,910 [omNode-3-impl-thread1] INFO  util.JmxRegister (JmxRegister.java:register(58)) - register mxBean class org.apache.ratis.server.impl.RaftServerJmxAdapter as Ratis:service=RaftServer,group=group-523986131536,id=omNode-3
2025-04-23 15:47:05,910 [omNode-3-impl-thread1] INFO  server.RaftServerConfigKeys (ConfUtils.java:logGet(46)) - raft.server.snapshot.trigger-when-stop.enabled = true (default)
2025-04-23 15:47:05,910 [omNode-3-impl-thread1] INFO  server.RaftServerConfigKeys (ConfUtils.java:logGet(46)) - raft.server.snapshot.trigger-when-remove.enabled = true (default)
2025-04-23 15:47:05,910 [omNode-3-impl-thread1] INFO  server.RaftServerConfigKeys (ConfUtils.java:logGet(46)) - raft.server.snapshot.auto.trigger.enabled = true (custom)
2025-04-23 15:47:05,910 [omNode-3-impl-thread1] INFO  server.RaftServerConfigKeys (ConfUtils.java:logGet(46)) - raft.server.snapshot.auto.trigger.threshold = 50 (custom)
2025-04-23 15:47:05,910 [omNode-3@group-523986131536-FollowerState] INFO  server.RaftServerConfigKeys (ConfUtils.java:logFallback(53)) - raft.server.rpc.first-election.timeout.min = 1s (fallback to raft.server.rpc.timeout.min)
2025-04-23 15:47:05,910 [omNode-3@group-523986131536-FollowerState] INFO  server.RaftServerConfigKeys (ConfUtils.java:logFallback(53)) - raft.server.rpc.first-election.timeout.max = 1200ms (fallback to raft.server.rpc.timeout.max)
2025-04-23 15:47:05,910 [omNode-3-impl-thread1] INFO  server.RaftServerConfigKeys (ConfUtils.java:logGet(46)) - raft.server.snapshot.retention.file.num = -1 (default)
2025-04-23 15:47:05,911 [omNode-3-impl-thread1] INFO  server.RaftServerConfigKeys (ConfUtils.java:logGet(46)) - raft.server.log.purge.upto.snapshot.index = true (custom)
2025-04-23 15:47:05,911 [omNode-3-impl-thread1] INFO  server.RaftServer$Division (RaftServerImpl.java:start(405)) - omNode-3@group-523986131536: Successfully started.
2025-04-23 15:47:05,911 [main] INFO  server.RaftServer (RaftServerProxy.java:startImpl(407)) - omNode-3: start RPC server
2025-04-23 15:47:05,911 [main] INFO  server.GrpcService (GrpcService.java:startImpl(334)) - omNode-3: GrpcService started, listening on 15017
2025-04-23 15:47:05,912 [main] INFO  om.OzoneManager (OzoneManager.java:getRpcServer(1360)) - Creating RPC Server
2025-04-23 15:47:05,912 [JvmPauseMonitor38] INFO  util.JvmPauseMonitor (JvmPauseMonitor.java:run(146)) - JvmPauseMonitor-omNode-3: Started
2025-04-23 15:47:06,289 [main] INFO  reflections.Reflections (Reflections.java:scan(219)) - Reflections took 376 ms to scan 22 urls, producing 61 keys and 7422 values
2025-04-23 15:47:06,290 [main] INFO  ipc.CallQueueManager (CallQueueManager.java:<init>(93)) - Using callQueue: class java.util.concurrent.LinkedBlockingQueue, queueCapacity: 2000, scheduler: class org.apache.hadoop.ipc.DefaultRpcScheduler, ipcBackoff: false, ipcFailOver: false.
2025-04-23 15:47:06,290 [main] INFO  ipc.Server (Server.java:<init>(1438)) - Listener at localhost:15014
2025-04-23 15:47:06,291 [Socket Reader #1 for port 15014] INFO  ipc.Server (Server.java:run(1474)) - Starting Socket Reader #1 for port 15014
2025-04-23 15:47:06,291 [Socket Reader #2 for port 15014] INFO  ipc.Server (Server.java:run(1474)) - Starting Socket Reader #2 for port 15014
2025-04-23 15:47:06,291 [Socket Reader #3 for port 15014] INFO  ipc.Server (Server.java:run(1474)) - Starting Socket Reader #3 for port 15014
2025-04-23 15:47:06,291 [Socket Reader #4 for port 15014] INFO  ipc.Server (Server.java:run(1474)) - Starting Socket Reader #4 for port 15014
2025-04-23 15:47:06,291 [Socket Reader #6 for port 15014] INFO  ipc.Server (Server.java:run(1474)) - Starting Socket Reader #6 for port 15014
2025-04-23 15:47:06,291 [Socket Reader #5 for port 15014] INFO  ipc.Server (Server.java:run(1474)) - Starting Socket Reader #5 for port 15014
2025-04-23 15:47:06,292 [Socket Reader #7 for port 15014] INFO  ipc.Server (Server.java:run(1474)) - Starting Socket Reader #7 for port 15014
2025-04-23 15:47:06,292 [Socket Reader #8 for port 15014] INFO  ipc.Server (Server.java:run(1474)) - Starting Socket Reader #8 for port 15014
2025-04-23 15:47:06,292 [Socket Reader #9 for port 15014] INFO  ipc.Server (Server.java:run(1474)) - Starting Socket Reader #9 for port 15014
2025-04-23 15:47:06,292 [Socket Reader #10 for port 15014] INFO  ipc.Server (Server.java:run(1474)) - Starting Socket Reader #10 for port 15014
2025-04-23 15:47:06,294 [main] INFO  http.BaseHttpServer (BaseHttpServer.java:newHttpServer2BuilderForOzone(229)) - Starting Web-server for ozoneManager at: http://0.0.0.0:15015
2025-04-23 15:47:06,294 [main] INFO  http.BaseHttpServer (BaseHttpServer.java:<init>(107)) - Hadoop Security Enabled: false Ozone Security Enabled: false Ozone HTTP Security Enabled: false 
2025-04-23 15:47:06,295 [main] WARN  server.AuthenticationFilter (AuthenticationFilter.java:constructSecretProvider(240)) - Unable to initialize FileSignerSecretProvider, falling back to use random secrets. Reason: Could not read signature secret file: /home/runner/hadoop-http-auth-signature-secret
2025-04-23 15:47:06,297 [main] INFO  http.HttpServer2 (HttpServer2.java:addGlobalFilter(1041)) - Added global filter 'safety' (class=org.apache.hadoop.hdds.server.http.HttpServer2$QuotingInputFilter)
2025-04-23 15:47:06,297 [main] INFO  http.HttpServer2 (HttpServer2.java:addFilter(1017)) - Added filter static_user_filter (class=org.apache.hadoop.http.lib.StaticUserWebFilter$StaticUserFilter) to context ozoneManager
2025-04-23 15:47:06,297 [main] INFO  http.HttpServer2 (HttpServer2.java:addFilter(1025)) - Added filter static_user_filter (class=org.apache.hadoop.http.lib.StaticUserWebFilter$StaticUserFilter) to context logs
2025-04-23 15:47:06,297 [main] INFO  http.HttpServer2 (HttpServer2.java:addFilter(1025)) - Added filter static_user_filter (class=org.apache.hadoop.http.lib.StaticUserWebFilter$StaticUserFilter) to context static
2025-04-23 15:47:06,298 [main] INFO  http.BaseHttpServer (BaseHttpServer.java:<init>(195)) - HTTP server of ozoneManager uses base directory /home/runner/work/ozone/ozone/hadoop-ozone/integration-test/target/test-dir/MiniOzoneClusterImpl-5cf50c17-c591-473f-a8c4-88d8665d28d7/omNode-3/webserver
2025-04-23 15:47:06,298 [main] INFO  http.HttpServer2 (HttpServer2.java:bindListener(1241)) - Jetty bound to port 15015
2025-04-23 15:47:06,298 [main] INFO  server.Server (Server.java:doStart(375)) - jetty-9.4.57.v20241219; built: 2025-01-08T21:24:30.412Z; git: df524e6b29271c2e09ba9aea83c18dc9db464a31; jvm 21.0.7+6-LTS
2025-04-23 15:47:06,299 [main] INFO  server.session (DefaultSessionIdManager.java:doStart(334)) - DefaultSessionIdManager workerName=node0
2025-04-23 15:47:06,299 [main] INFO  server.session (DefaultSessionIdManager.java:doStart(339)) - No SessionScavenger set, using defaults
2025-04-23 15:47:06,299 [main] INFO  server.session (HouseKeeper.java:startScavenging(132)) - node0 Scavenging every 600000ms
2025-04-23 15:47:06,299 [main] INFO  handler.ContextHandler (ContextHandler.java:doStart(921)) - Started o.e.j.s.ServletContextHandler@3aedc1ff{logs,/logs,file:///home/runner/work/ozone/ozone/hadoop-ozone/integration-test/target/log,AVAILABLE}
2025-04-23 15:47:06,300 [main] INFO  handler.ContextHandler (ContextHandler.java:doStart(921)) - Started o.e.j.s.ServletContextHandler@6420ae1f{static,/static,file:///home/runner/work/ozone/ozone/hadoop-ozone/integration-test/target/test-classes/webapps/static,AVAILABLE}
2025-04-23 15:47:06,303 [main] INFO  handler.ContextHandler (ContextHandler.java:doStart(921)) - Started o.e.j.w.WebAppContext@59f17890{ozoneManager,/,file:///home/runner/work/ozone/ozone/hadoop-ozone/integration-test/target/test-classes/webapps/ozoneManager/,AVAILABLE}{file:/home/runner/work/ozone/ozone/hadoop-ozone/integration-test/target/test-classes/webapps/ozoneManager}
2025-04-23 15:47:06,303 [main] INFO  server.AbstractConnector (AbstractConnector.java:doStart(333)) - Started ServerConnector@2f44cc98{HTTP/1.1, (http/1.1)}{0.0.0.0:15015}
2025-04-23 15:47:06,304 [main] INFO  server.Server (Server.java:doStart(415)) - Started @161285ms
2025-04-23 15:47:06,304 [main] WARN  impl.MetricsSystemImpl (MetricsSystemImpl.java:register(279)) - Sink prometheus already exists!
2025-04-23 15:47:06,304 [main] INFO  http.BaseHttpServer (BaseHttpServer.java:updateConnectorAddress(360)) - HTTP server of ozoneManager listening at http://0.0.0.0:15015
2025-04-23 15:47:06,304 [IPC Server Responder] INFO  ipc.Server (Server.java:run(1713)) - IPC Server Responder: starting
2025-04-23 15:47:06,304 [IPC Server listener on 15014] INFO  ipc.Server (Server.java:run(1553)) - IPC Server listener on 15014: starting
2025-04-23 15:47:06,306 [main] INFO  om.OzoneManager (OzoneManager.java:startTrashEmptier(2257)) - Trash Interval set to 0. Files deleted won't move to trash
2025-04-23 15:47:06,306 [main] INFO  om.OzoneManager (OzoneManager.java:restart(1878)) - OzoneManager RPC server is listening at localhost/127.0.0.1:15006
2025-04-23 15:47:06,307 [main] INFO  impl.MetricsSystemImpl (MetricsSystemImpl.java:init(158)) - OzoneManager metrics system started (again)
2025-04-23 15:47:06,318 [main] WARN  server.ServerUtils (ServerUtils.java:getDBPath(297)) - ozone.om.db.dirs is not configured. We recommend adding this setting. Falling back to ozone.metadata.dirs instead.
2025-04-23 15:47:06,359 [main] INFO  om.OzoneManager (OzoneManager.java:instantiateServices(933)) - S3 Multi-Tenancy is disabled
2025-04-23 15:47:06,360 [main] INFO  om.OmSnapshotManager (OmSnapshotManager.java:<init>(180)) - Ozone filesystem snapshot feature is enabled.
2025-04-23 15:47:06,360 [main] WARN  server.ServerUtils (ServerUtils.java:getDBPath(297)) - ozone.om.snapshot.diff.db.dir is not configured. We recommend adding this setting. Falling back to ozone.metadata.dirs instead.
2025-04-23 15:47:06,374 [main] WARN  dropwizard3.Dm3MetricRegistriesImpl (Dm3MetricRegistriesImpl.java:addReporterRegistration(114)) - New reporters are added after registries were created. Some metrics will be missing from the reporter. Please add reporter before adding any new registry.
2025-04-23 15:47:06,374 [main] WARN  dropwizard3.Dm3MetricRegistriesImpl (Dm3MetricRegistriesImpl.java:addReporterRegistration(114)) - New reporters are added after registries were created. Some metrics will be missing from the reporter. Please add reporter before adding any new registry.
2025-04-23 15:47:06,374 [main] WARN  server.ServerUtils (ServerUtils.java:getDefaultRatisDirectory(309)) - Storage directory for Ratis is not configured. It is a good idea to map this to an SSD disk. Falling back to ozone.metadata.dirs
2025-04-23 15:47:06,375 [main] INFO  server.RaftServerConfigKeys (ConfUtils.java:logGet(46)) - raft.server.log.appender.buffer.byte-limit = 4194304 (custom)
2025-04-23 15:47:06,376 [main] INFO  ratis.OzoneManagerRatisServer (OzoneManagerRatisServer.java:<init>(167)) - Instantiating OM Ratis server with groupID: om-service-test1 and peers: localhost:15009, localhost:15017, localhost:15013
2025-04-23 15:47:06,376 [main] INFO  ratis.OzoneManagerStateMachine (OzoneManagerStateMachine.java:loadSnapshotInfoFromDB(611)) - LastAppliedIndex is set from TransactionInfo from OM DB as (t:17, i:340)
2025-04-23 15:47:06,377 [main] INFO  server.RaftServer (ConfUtils.java:logGet(46)) - raft.rpc.type = GRPC (default)
2025-04-23 15:47:06,377 [main] INFO  grpc.GrpcConfigKeys (ConfUtils.java:logFallback(53)) - raft.grpc.admin.host = null (fallback to raft.grpc.server.host)
2025-04-23 15:47:06,377 [main] INFO  grpc.GrpcConfigKeys (ConfUtils.java:logFallback(53)) - raft.grpc.admin.port = 15009 (fallback to raft.grpc.server.port)
2025-04-23 15:47:06,377 [main] INFO  grpc.GrpcConfigKeys (ConfUtils.java:logFallback(53)) - raft.grpc.client.host = null (fallback to raft.grpc.server.host)
2025-04-23 15:47:06,377 [main] INFO  grpc.GrpcConfigKeys (ConfUtils.java:logFallback(53)) - raft.grpc.client.port = 15009 (fallback to raft.grpc.server.port)
2025-04-23 15:47:06,377 [main] INFO  grpc.GrpcConfigKeys (ConfUtils.java:logGet(46)) - raft.grpc.server.host = null (default)
2025-04-23 15:47:06,377 [main] INFO  grpc.GrpcConfigKeys (ConfUtils.java:logGet(46)) - raft.grpc.server.port = 15009 (custom)
2025-04-23 15:47:06,378 [main] INFO  server.GrpcService (ConfUtils.java:logGet(46)) - raft.grpc.message.size.max = 5242880 (custom)
2025-04-23 15:47:06,378 [main] INFO  server.GrpcService (ConfUtils.java:logGet(46)) - raft.grpc.flow.control.window = 1MB (=1048576) (default)
2025-04-23 15:47:06,378 [main] INFO  server.RaftServerConfigKeys (ConfUtils.java:logGet(46)) - raft.server.rpc.request.timeout = 3000ms (default)
2025-04-23 15:47:06,378 [main] INFO  grpc.GrpcConfigKeys (ConfUtils.java:logGet(46)) - raft.grpc.server.heartbeat.channel = true (default)
2025-04-23 15:47:06,378 [main] INFO  server.RaftServerConfigKeys (ConfUtils.java:logGet(46)) - raft.server.log.appender.buffer.byte-limit = 4194304 (custom)
2025-04-23 15:47:06,378 [main] INFO  grpc.GrpcConfigKeys (ConfUtils.java:logGet(46)) - raft.grpc.server.async.request.thread.pool.cached = true (default)
2025-04-23 15:47:06,378 [main] INFO  grpc.GrpcConfigKeys (ConfUtils.java:logGet(46)) - raft.grpc.server.async.request.thread.pool.size = 32 (default)
2025-04-23 15:47:06,379 [main] INFO  impl.DataStreamServerImpl (ConfUtils.java:logGet(46)) - raft.datastream.type = DISABLED (default)
2025-04-23 15:47:06,379 [main] INFO  server.RaftServerConfigKeys (ConfUtils.java:logGet(46)) - raft.server.sleep.deviation.threshold = 300ms (default)
2025-04-23 15:47:06,379 [main] INFO  server.RaftServerConfigKeys (ConfUtils.java:logGet(46)) - raft.server.close.threshold = 60s (default)
2025-04-23 15:47:06,380 [main] INFO  server.RaftServerConfigKeys (ConfUtils.java:logGet(46)) - raft.server.leaderelection.leader.step-down.wait-time = 10s (default)
2025-04-23 15:47:06,380 [main] INFO  server.RaftServerConfigKeys (ConfUtils.java:logGet(46)) - raft.server.storage.dir = [/home/runner/work/ozone/ozone/hadoop-ozone/integration-test/target/test-dir/MiniOzoneClusterImpl-5cf50c17-c591-473f-a8c4-88d8665d28d7/omNode-1/ratis] (custom)
2025-04-23 15:47:06,380 [main] INFO  server.RaftServerConfigKeys (ConfUtils.java:logGet(46)) - raft.server.threadpool.proxy.cached = true (default)
2025-04-23 15:47:06,380 [main] INFO  server.RaftServerConfigKeys (ConfUtils.java:logGet(46)) - raft.server.threadpool.proxy.size = 0 (default)
2025-04-23 15:47:06,380 [omNode-1-impl-thread1] INFO  server.RaftServer (RaftServerProxy.java:initGroupDir(265)) - omNode-1: found a subdirectory /home/runner/work/ozone/ozone/hadoop-ozone/integration-test/target/test-dir/MiniOzoneClusterImpl-5cf50c17-c591-473f-a8c4-88d8665d28d7/omNode-1/ratis/c9bc4cf4-3bc3-3c60-a66b-523986131536
2025-04-23 15:47:06,381 [main] INFO  server.RaftServer (RaftServerProxy.java:addNew(100)) - omNode-1: addNew group-523986131536:[omNode-3|localhost:15017, omNode-1|localhost:15009, omNode-2|localhost:15013] returns group-523986131536:java.util.concurrent.CompletableFuture@3a20d777[Not completed]
2025-04-23 15:47:06,381 [main] INFO  om.OzoneManager (OzoneManager.java:initializeRatisServer(2303)) - OzoneManager Ratis server initialized at port 15009
2025-04-23 15:47:06,381 [main] INFO  ratis.OzoneManagerRatisServer (OzoneManagerRatisServer.java:start(628)) - Starting OzoneManagerRatisServer omNode-1 at port 15009
2025-04-23 15:47:06,381 [omNode-1-groupManagement] INFO  server.RaftServer$Division (RaftServerImpl.java:<init>(255)) - omNode-1: new RaftServerImpl for group-523986131536:[omNode-3|localhost:15017, omNode-1|localhost:15009, omNode-2|localhost:15013] with OzoneManagerStateMachine:uninitialized
2025-04-23 15:47:06,381 [omNode-1-groupManagement] INFO  server.RaftServerConfigKeys (ConfUtils.java:logGet(46)) - raft.server.rpc.timeout.min = 1s (custom)
2025-04-23 15:47:06,381 [omNode-1-groupManagement] INFO  server.RaftServerConfigKeys (ConfUtils.java:logGet(46)) - raft.server.rpc.timeout.max = 1200ms (custom)
2025-04-23 15:47:06,381 [omNode-1-groupManagement] INFO  server.RaftServerConfigKeys (ConfUtils.java:logGet(46)) - raft.server.rpc.sleep.time = 25ms (default)
2025-04-23 15:47:06,381 [omNode-1-groupManagement] INFO  server.RaftServerConfigKeys (ConfUtils.java:logGet(46)) - raft.server.rpc.slowness.timeout = 2s (custom)
2025-04-23 15:47:06,381 [omNode-1-groupManagement] INFO  server.RaftServerConfigKeys (ConfUtils.java:logGet(46)) - raft.server.leaderelection.leader.step-down.wait-time = 10s (default)
2025-04-23 15:47:06,381 [omNode-1-groupManagement] INFO  server.RaftServerConfigKeys (ConfUtils.java:logGet(46)) - raft.server.leaderelection.member.majority-add = false (default)
2025-04-23 15:47:06,381 [omNode-1-groupManagement] INFO  server.RaftServerConfigKeys (ConfUtils.java:logGet(46)) - raft.server.sleep.deviation.threshold = 300ms (default)
2025-04-23 15:47:06,381 [omNode-1-groupManagement] INFO  server.RaftServer$Division (ServerState.java:<init>(114)) - omNode-1@group-523986131536: ConfigurationManager, init=conf: {index: -1, cur=peers:[omNode-3|localhost:15017, omNode-1|localhost:15009, omNode-2|localhost:15013]|listeners:[], old=null}, confs=<EMPTY_MAP>
2025-04-23 15:47:06,382 [omNode-1-groupManagement] INFO  server.RaftServerConfigKeys (ConfUtils.java:logGet(46)) - raft.server.notification.no-leader.timeout = 2s (custom)
2025-04-23 15:47:06,382 [omNode-1-groupManagement] INFO  server.RaftServerConfigKeys (ConfUtils.java:logGet(46)) - raft.server.read.timeout = 10s (default)
2025-04-23 15:47:06,382 [omNode-1-groupManagement] INFO  server.RaftServerConfigKeys (ConfUtils.java:logGet(46)) - raft.server.retrycache.expirytime = 30000ms (custom)
2025-04-23 15:47:06,382 [omNode-1-groupManagement] INFO  server.RaftServerConfigKeys (ConfUtils.java:logGet(46)) - raft.server.retrycache.statistics.expirytime = 100ms (default)
2025-04-23 15:47:06,382 [omNode-1-groupManagement] INFO  server.RaftServerConfigKeys (ConfUtils.java:logGet(46)) - raft.server.read.option = DEFAULT (default)
2025-04-23 15:47:06,382 [omNode-1-groupManagement] INFO  server.RaftServerConfigKeys (ConfUtils.java:logGet(46)) - raft.server.read.read-after-write-consistent.write-index-cache.expiry-time = 60s (default)
2025-04-23 15:47:06,384 [omNode-1-groupManagement] INFO  server.RaftServerConfigKeys (ConfUtils.java:logGet(46)) - raft.server.rpc.request.timeout = 3000ms (default)
2025-04-23 15:47:06,384 [omNode-1-groupManagement] INFO  server.RaftServerConfigKeys (ConfUtils.java:logGet(46)) - raft.server.log.appender.install.snapshot.enabled = false (custom)
2025-04-23 15:47:06,384 [omNode-1-groupManagement] INFO  server.RaftServerConfigKeys (ConfUtils.java:logGet(46)) - raft.server.threadpool.server.cached = true (default)
2025-04-23 15:47:06,384 [omNode-1-groupManagement] INFO  server.RaftServerConfigKeys (ConfUtils.java:logGet(46)) - raft.server.threadpool.server.size = 0 (default)
2025-04-23 15:47:06,384 [omNode-1-groupManagement] INFO  server.RaftServerConfigKeys (ConfUtils.java:logGet(46)) - raft.server.threadpool.client.cached = true (default)
2025-04-23 15:47:06,384 [omNode-1-groupManagement] INFO  server.RaftServerConfigKeys (ConfUtils.java:logGet(46)) - raft.server.threadpool.client.size = 0 (default)
2025-04-23 15:47:06,384 [omNode-1-impl-thread1] INFO  server.RaftServerConfigKeys (ConfUtils.java:logGet(46)) - raft.server.storage.free-space.min = 0MB (=0) (default)
2025-04-23 15:47:06,384 [omNode-1-impl-thread1] INFO  server.RaftServerConfigKeys (ConfUtils.java:logGet(46)) - raft.server.log.corruption.policy = EXCEPTION (default)
2025-04-23 15:47:06,384 [omNode-1-impl-thread1] INFO  server.RaftServerConfigKeys (ConfUtils.java:logGet(46)) - raft.server.storage.dir = [/home/runner/work/ozone/ozone/hadoop-ozone/integration-test/target/test-dir/MiniOzoneClusterImpl-5cf50c17-c591-473f-a8c4-88d8665d28d7/omNode-1/ratis] (custom)
2025-04-23 15:47:06,385 [omNode-1-impl-thread1] INFO  storage.RaftStorageDirectory (RaftStorageDirectoryImpl.java:tryLock(229)) - Lock on /home/runner/work/ozone/ozone/hadoop-ozone/integration-test/target/test-dir/MiniOzoneClusterImpl-5cf50c17-c591-473f-a8c4-88d8665d28d7/omNode-1/ratis/c9bc4cf4-3bc3-3c60-a66b-523986131536/in_use.lock acquired by nodename 129659@fv-az1337-835
2025-04-23 15:47:06,385 [omNode-1-impl-thread1] INFO  storage.RaftStorage (RaftStorageImpl.java:analyzeAndRecoverStorage(118)) - Read RaftStorageMetadata{term=17, votedFor=omNode-1} from /home/runner/work/ozone/ozone/hadoop-ozone/integration-test/target/test-dir/MiniOzoneClusterImpl-5cf50c17-c591-473f-a8c4-88d8665d28d7/omNode-1/ratis/c9bc4cf4-3bc3-3c60-a66b-523986131536/current/raft-meta
2025-04-23 15:47:06,386 [omNode-1-impl-thread1] INFO  server.RaftServer$Division (ServerState.java:setRaftConf(386)) - omNode-1@group-523986131536: set configuration conf: {index: 339, cur=peers:[omNode-3|localhost:15017, omNode-1|localhost:15009, omNode-2|localhost:15013]|listeners:[], old=null}
2025-04-23 15:47:06,386 [omNode-1-impl-thread1] INFO  ratis.OzoneManagerStateMachine (OzoneManagerStateMachine.java:lambda$0(138)) - omNode-1: initialize group-523986131536 with (t:17, i:340)
2025-04-23 15:47:06,386 [omNode-1-impl-thread1] INFO  server.RaftServerConfigKeys (ConfUtils.java:logGet(46)) - raft.server.log.use.memory = false (default)
2025-04-23 15:47:06,386 [omNode-1-impl-thread1] INFO  server.RaftServerConfigKeys (ConfUtils.java:logGet(46)) - raft.server.log.purge.gap = 50 (custom)
2025-04-23 15:47:06,386 [omNode-1-impl-thread1] INFO  server.RaftServerConfigKeys (ConfUtils.java:logGet(46)) - raft.server.log.appender.buffer.byte-limit = 4194304 (custom)
2025-04-23 15:47:06,386 [omNode-1-impl-thread1] INFO  server.RaftServerConfigKeys (ConfUtils.java:logGet(46)) - raft.server.log.statemachine.data.read.timeout = 1000ms (default)
2025-04-23 15:47:06,386 [omNode-1-impl-thread1] INFO  server.RaftServerConfigKeys (ConfUtils.java:logGet(46)) - raft.server.log.purge.preservation.log.num = 0 (default)
2025-04-23 15:47:06,387 [omNode-1-impl-thread1] INFO  server.RaftServerConfigKeys (ConfUtils.java:logGet(46)) - raft.server.log.segment.size.max = 4194304 (custom)
2025-04-23 15:47:06,387 [omNode-1-impl-thread1] INFO  server.RaftServerConfigKeys (ConfUtils.java:logGet(46)) - raft.server.log.segment.cache.num.max = 2 (custom)
2025-04-23 15:47:06,387 [omNode-1-impl-thread1] INFO  server.RaftServerConfigKeys (ConfUtils.java:logGet(46)) - raft.server.log.segment.cache.size.max = 200MB (=209715200) (default)
2025-04-23 15:47:06,387 [omNode-1-impl-thread1] INFO  server.RaftServerConfigKeys (ConfUtils.java:logGet(46)) - raft.server.log.appender.buffer.byte-limit = 4194304 (custom)
2025-04-23 15:47:06,387 [omNode-1-impl-thread1] INFO  util.AwaitToRun (AwaitToRun.java:start(81)) - Thread[#7588,omNode-1@group-523986131536-cacheEviction-AwaitToRun,5,main] started
2025-04-23 15:47:06,388 [omNode-1-impl-thread1] INFO  segmented.SegmentedRaftLogWorker (SegmentedRaftLogWorker.java:<init>(188)) - new omNode-1@group-523986131536-SegmentedRaftLogWorker for RaftStorageImpl:Storage Directory /home/runner/work/ozone/ozone/hadoop-ozone/integration-test/target/test-dir/MiniOzoneClusterImpl-5cf50c17-c591-473f-a8c4-88d8665d28d7/omNode-1/ratis/c9bc4cf4-3bc3-3c60-a66b-523986131536
2025-04-23 15:47:06,388 [omNode-1-impl-thread1] INFO  server.RaftServerConfigKeys (ConfUtils.java:logGet(46)) - raft.server.log.queue.byte-limit = 64MB (=67108864) (default)
2025-04-23 15:47:06,388 [omNode-1-impl-thread1] INFO  server.RaftServerConfigKeys (ConfUtils.java:logGet(46)) - raft.server.log.queue.element-limit = 4096 (default)
2025-04-23 15:47:06,388 [omNode-1-impl-thread1] INFO  server.RaftServerConfigKeys (ConfUtils.java:logGet(46)) - raft.server.log.segment.size.max = 4194304 (custom)
2025-04-23 15:47:06,388 [omNode-1-impl-thread1] INFO  server.RaftServerConfigKeys (ConfUtils.java:logGet(46)) - raft.server.log.preallocated.size = 4194304 (custom)
2025-04-23 15:47:06,388 [omNode-1-impl-thread1] INFO  server.RaftServerConfigKeys (ConfUtils.java:logGet(46)) - raft.server.log.force.sync.num = 128 (default)
2025-04-23 15:47:06,388 [omNode-1-impl-thread1] INFO  server.RaftServerConfigKeys (ConfUtils.java:logGet(46)) - raft.server.log.statemachine.data.sync = true (default)
2025-04-23 15:47:06,388 [omNode-1-impl-thread1] INFO  server.RaftServerConfigKeys (ConfUtils.java:logGet(46)) - raft.server.log.statemachine.data.sync.timeout = 10s (default)
2025-04-23 15:47:06,388 [omNode-1-impl-thread1] INFO  server.RaftServerConfigKeys (ConfUtils.java:logGet(46)) - raft.server.log.statemachine.data.sync.timeout.retry = -1 (default)
2025-04-23 15:47:06,388 [omNode-1-impl-thread1] INFO  server.RaftServerConfigKeys (ConfUtils.java:logGet(46)) - raft.server.log.write.buffer.size = 4194312 (custom)
2025-04-23 15:47:06,391 [omNode-1-impl-thread1] INFO  server.RaftServerConfigKeys (ConfUtils.java:logGet(46)) - raft.server.log.appender.buffer.byte-limit = 4194304 (custom)
2025-04-23 15:47:06,391 [omNode-1-impl-thread1] INFO  server.RaftServerConfigKeys (ConfUtils.java:logGet(46)) - raft.server.log.unsafe-flush.enabled = false (default)
2025-04-23 15:47:06,391 [omNode-1-impl-thread1] INFO  server.RaftServerConfigKeys (ConfUtils.java:logGet(46)) - raft.server.log.async-flush.enabled = false (default)
2025-04-23 15:47:06,391 [omNode-1-impl-thread1] INFO  server.RaftServerConfigKeys (ConfUtils.java:logGet(46)) - raft.server.log.statemachine.data.caching.enabled = false (default)
2025-04-23 15:47:06,391 [omNode-1-impl-thread1] INFO  server.RaftServer$Division (ServerState.java:setRaftConf(386)) - omNode-1@group-523986131536: set configuration conf: {index: 311, cur=peers:[omNode-3|localhost:15017, omNode-1|localhost:15009, omNode-2|localhost:15013]|listeners:[], old=null}
2025-04-23 15:47:06,391 [omNode-1-impl-thread1] INFO  segmented.LogSegment (LogSegment.java:loadSegment(171)) - Successfully read 2 entries from segment file /home/runner/work/ozone/ozone/hadoop-ozone/integration-test/target/test-dir/MiniOzoneClusterImpl-5cf50c17-c591-473f-a8c4-88d8665d28d7/omNode-1/ratis/c9bc4cf4-3bc3-3c60-a66b-523986131536/current/log_311-312
2025-04-23 15:47:06,392 [omNode-1-impl-thread1] INFO  server.RaftServer$Division (ServerState.java:setRaftConf(386)) - omNode-1@group-523986131536: set configuration conf: {index: 313, cur=peers:[omNode-3|localhost:15017, omNode-1|localhost:15009, omNode-2|localhost:15013]|listeners:[], old=null}
2025-04-23 15:47:06,392 [omNode-1-impl-thread1] INFO  segmented.LogSegment (LogSegment.java:loadSegment(171)) - Successfully read 12 entries from segment file /home/runner/work/ozone/ozone/hadoop-ozone/integration-test/target/test-dir/MiniOzoneClusterImpl-5cf50c17-c591-473f-a8c4-88d8665d28d7/omNode-1/ratis/c9bc4cf4-3bc3-3c60-a66b-523986131536/current/log_313-324
2025-04-23 15:47:06,392 [omNode-1-impl-thread1] INFO  server.RaftServer$Division (ServerState.java:setRaftConf(386)) - omNode-1@group-523986131536: set configuration conf: {index: 325, cur=peers:[omNode-3|localhost:15017, omNode-1|localhost:15009, omNode-2|localhost:15013]|listeners:[], old=null}
2025-04-23 15:47:06,392 [omNode-1-impl-thread1] INFO  segmented.LogSegment (LogSegment.java:loadSegment(171)) - Successfully read 12 entries from segment file /home/runner/work/ozone/ozone/hadoop-ozone/integration-test/target/test-dir/MiniOzoneClusterImpl-5cf50c17-c591-473f-a8c4-88d8665d28d7/omNode-1/ratis/c9bc4cf4-3bc3-3c60-a66b-523986131536/current/log_325-336
2025-04-23 15:47:06,392 [omNode-1-impl-thread1] INFO  server.RaftServer$Division (ServerState.java:setRaftConf(386)) - omNode-1@group-523986131536: set configuration conf: {index: 337, cur=peers:[omNode-3|localhost:15017, omNode-1|localhost:15009, omNode-2|localhost:15013]|listeners:[], old=null}
2025-04-23 15:47:06,392 [omNode-1-impl-thread1] INFO  segmented.LogSegment (LogSegment.java:loadSegment(171)) - Successfully read 2 entries from segment file /home/runner/work/ozone/ozone/hadoop-ozone/integration-test/target/test-dir/MiniOzoneClusterImpl-5cf50c17-c591-473f-a8c4-88d8665d28d7/omNode-1/ratis/c9bc4cf4-3bc3-3c60-a66b-523986131536/current/log_337-338
2025-04-23 15:47:06,393 [omNode-1-impl-thread1] INFO  server.RaftServer$Division (ServerState.java:setRaftConf(386)) - omNode-1@group-523986131536: set configuration conf: {index: 339, cur=peers:[omNode-3|localhost:15017, omNode-1|localhost:15009, omNode-2|localhost:15013]|listeners:[], old=null}
2025-04-23 15:47:06,393 [omNode-1-impl-thread1] INFO  segmented.LogSegment (LogSegment.java:loadSegment(171)) - Successfully read 2 entries from segment file /home/runner/work/ozone/ozone/hadoop-ozone/integration-test/target/test-dir/MiniOzoneClusterImpl-5cf50c17-c591-473f-a8c4-88d8665d28d7/omNode-1/ratis/c9bc4cf4-3bc3-3c60-a66b-523986131536/current/log_inprogress_339
2025-04-23 15:47:06,393 [omNode-1-impl-thread1] INFO  segmented.SegmentedRaftLogWorker (SegmentedRaftLogWorker.java:lambda$new$0(139)) - omNode-1@group-523986131536-SegmentedRaftLogWorker: flushIndex: setUnconditionally 0 -> 340
2025-04-23 15:47:06,393 [omNode-1-impl-thread1] INFO  segmented.SegmentedRaftLogWorker (SegmentedRaftLogWorker.java:lambda$new$0(139)) - omNode-1@group-523986131536-SegmentedRaftLogWorker: safeCacheEvictIndex: setUnconditionally 0 -> 338
2025-04-23 15:47:06,393 [omNode-1-impl-thread1] INFO  segmented.BufferedWriteChannel (BufferedWriteChannel.java:open(61)) - open log_inprogress_339 (append) at position 128
2025-04-23 15:47:06,393 [omNode-1-impl-thread1] INFO  raftlog.RaftLog (RaftLogBase.java:lambda$new$0(54)) - omNode-1@group-523986131536-SegmentedRaftLog: purgeIndex: updateToMax old=-1, new=310, updated? true
2025-04-23 15:47:06,393 [omNode-1-impl-thread1] INFO  server.RaftServer$Division (RaftServerImpl.java:start(391)) - omNode-1@group-523986131536: start as a follower, conf=conf: {index: 339, cur=peers:[omNode-3|localhost:15017, omNode-1|localhost:15009, omNode-2|localhost:15013]|listeners:[], old=null}
2025-04-23 15:47:06,393 [omNode-1-impl-thread1] INFO  server.RaftServer$Division (RaftServerImpl.java:setRole(378)) - omNode-1@group-523986131536: changes role from      null to FOLLOWER at term 17 for startAsFollower
2025-04-23 15:47:06,393 [omNode-1-impl-thread1] INFO  impl.RoleInfo (RoleInfo.java:updateAndGet(148)) - omNode-1: start omNode-1@group-523986131536-FollowerState
2025-04-23 15:47:06,393 [omNode-1-impl-thread1] INFO  util.JmxRegister (JmxRegister.java:tryRegister(44)) - Successfully registered JMX Bean with object name Ratis:service=RaftServer,group=group-523986131536,id=omNode-1
2025-04-23 15:47:06,393 [omNode-1-impl-thread1] INFO  util.JmxRegister (JmxRegister.java:register(58)) - register mxBean class org.apache.ratis.server.impl.RaftServerJmxAdapter as Ratis:service=RaftServer,group=group-523986131536,id=omNode-1
2025-04-23 15:47:06,394 [omNode-1-impl-thread1] INFO  server.RaftServerConfigKeys (ConfUtils.java:logGet(46)) - raft.server.snapshot.trigger-when-stop.enabled = true (default)
2025-04-23 15:47:06,394 [omNode-1@group-523986131536-FollowerState] INFO  server.RaftServerConfigKeys (ConfUtils.java:logFallback(53)) - raft.server.rpc.first-election.timeout.min = 1s (fallback to raft.server.rpc.timeout.min)
2025-04-23 15:47:06,394 [omNode-1@group-523986131536-FollowerState] INFO  server.RaftServerConfigKeys (ConfUtils.java:logFallback(53)) - raft.server.rpc.first-election.timeout.max = 1200ms (fallback to raft.server.rpc.timeout.max)
2025-04-23 15:47:06,394 [omNode-1-impl-thread1] INFO  server.RaftServerConfigKeys (ConfUtils.java:logGet(46)) - raft.server.snapshot.trigger-when-remove.enabled = true (default)
2025-04-23 15:47:06,394 [omNode-1-impl-thread1] INFO  server.RaftServerConfigKeys (ConfUtils.java:logGet(46)) - raft.server.snapshot.auto.trigger.enabled = true (custom)
2025-04-23 15:47:06,394 [omNode-1-impl-thread1] INFO  server.RaftServerConfigKeys (ConfUtils.java:logGet(46)) - raft.server.snapshot.auto.trigger.threshold = 50 (custom)
2025-04-23 15:47:06,394 [omNode-1-impl-thread1] INFO  server.RaftServerConfigKeys (ConfUtils.java:logGet(46)) - raft.server.snapshot.retention.file.num = -1 (default)
2025-04-23 15:47:06,394 [omNode-1-impl-thread1] INFO  server.RaftServerConfigKeys (ConfUtils.java:logGet(46)) - raft.server.log.purge.upto.snapshot.index = true (custom)
2025-04-23 15:47:06,394 [omNode-1-impl-thread1] INFO  server.RaftServer$Division (RaftServerImpl.java:start(405)) - omNode-1@group-523986131536: Successfully started.
2025-04-23 15:47:06,395 [main] INFO  server.RaftServer (RaftServerProxy.java:startImpl(407)) - omNode-1: start RPC server
2025-04-23 15:47:06,395 [main] INFO  server.GrpcService (GrpcService.java:startImpl(334)) - omNode-1: GrpcService started, listening on 15009
2025-04-23 15:47:06,395 [JvmPauseMonitor39] INFO  util.JvmPauseMonitor (JvmPauseMonitor.java:run(146)) - JvmPauseMonitor-omNode-1: Started
2025-04-23 15:47:06,395 [main] INFO  om.OzoneManager (OzoneManager.java:getRpcServer(1360)) - Creating RPC Server
2025-04-23 15:47:06,746 [main] INFO  reflections.Reflections (Reflections.java:scan(219)) - Reflections took 349 ms to scan 22 urls, producing 61 keys and 7422 values
2025-04-23 15:47:06,747 [main] INFO  ipc.CallQueueManager (CallQueueManager.java:<init>(93)) - Using callQueue: class java.util.concurrent.LinkedBlockingQueue, queueCapacity: 2000, scheduler: class org.apache.hadoop.ipc.DefaultRpcScheduler, ipcBackoff: false, ipcFailOver: false.
2025-04-23 15:47:06,747 [main] INFO  ipc.Server (Server.java:<init>(1438)) - Listener at localhost:15006
2025-04-23 15:47:06,748 [Socket Reader #1 for port 15006] INFO  ipc.Server (Server.java:run(1474)) - Starting Socket Reader #1 for port 15006
2025-04-23 15:47:06,748 [Socket Reader #2 for port 15006] INFO  ipc.Server (Server.java:run(1474)) - Starting Socket Reader #2 for port 15006
2025-04-23 15:47:06,748 [Socket Reader #3 for port 15006] INFO  ipc.Server (Server.java:run(1474)) - Starting Socket Reader #3 for port 15006
2025-04-23 15:47:06,748 [Socket Reader #4 for port 15006] INFO  ipc.Server (Server.java:run(1474)) - Starting Socket Reader #4 for port 15006
2025-04-23 15:47:06,748 [Socket Reader #5 for port 15006] INFO  ipc.Server (Server.java:run(1474)) - Starting Socket Reader #5 for port 15006
2025-04-23 15:47:06,748 [Socket Reader #6 for port 15006] INFO  ipc.Server (Server.java:run(1474)) - Starting Socket Reader #6 for port 15006
2025-04-23 15:47:06,749 [Socket Reader #7 for port 15006] INFO  ipc.Server (Server.java:run(1474)) - Starting Socket Reader #7 for port 15006
2025-04-23 15:47:06,749 [Socket Reader #8 for port 15006] INFO  ipc.Server (Server.java:run(1474)) - Starting Socket Reader #8 for port 15006
2025-04-23 15:47:06,749 [Socket Reader #9 for port 15006] INFO  ipc.Server (Server.java:run(1474)) - Starting Socket Reader #9 for port 15006
2025-04-23 15:47:06,749 [Socket Reader #10 for port 15006] INFO  ipc.Server (Server.java:run(1474)) - Starting Socket Reader #10 for port 15006
2025-04-23 15:47:06,751 [main] INFO  http.BaseHttpServer (BaseHttpServer.java:newHttpServer2BuilderForOzone(229)) - Starting Web-server for ozoneManager at: http://0.0.0.0:15007
2025-04-23 15:47:06,751 [main] INFO  http.BaseHttpServer (BaseHttpServer.java:<init>(107)) - Hadoop Security Enabled: false Ozone Security Enabled: false Ozone HTTP Security Enabled: false 
2025-04-23 15:47:06,752 [main] WARN  server.AuthenticationFilter (AuthenticationFilter.java:constructSecretProvider(240)) - Unable to initialize FileSignerSecretProvider, falling back to use random secrets. Reason: Could not read signature secret file: /home/runner/hadoop-http-auth-signature-secret
2025-04-23 15:47:06,753 [main] INFO  http.HttpServer2 (HttpServer2.java:addGlobalFilter(1041)) - Added global filter 'safety' (class=org.apache.hadoop.hdds.server.http.HttpServer2$QuotingInputFilter)
2025-04-23 15:47:06,754 [main] INFO  http.HttpServer2 (HttpServer2.java:addFilter(1017)) - Added filter static_user_filter (class=org.apache.hadoop.http.lib.StaticUserWebFilter$StaticUserFilter) to context ozoneManager
2025-04-23 15:47:06,754 [main] INFO  http.HttpServer2 (HttpServer2.java:addFilter(1025)) - Added filter static_user_filter (class=org.apache.hadoop.http.lib.StaticUserWebFilter$StaticUserFilter) to context static
2025-04-23 15:47:06,754 [main] INFO  http.HttpServer2 (HttpServer2.java:addFilter(1025)) - Added filter static_user_filter (class=org.apache.hadoop.http.lib.StaticUserWebFilter$StaticUserFilter) to context logs
2025-04-23 15:47:06,754 [main] INFO  http.BaseHttpServer (BaseHttpServer.java:<init>(195)) - HTTP server of ozoneManager uses base directory /home/runner/work/ozone/ozone/hadoop-ozone/integration-test/target/test-dir/MiniOzoneClusterImpl-5cf50c17-c591-473f-a8c4-88d8665d28d7/omNode-1/webserver
2025-04-23 15:47:06,754 [main] INFO  http.HttpServer2 (HttpServer2.java:bindListener(1241)) - Jetty bound to port 15007
2025-04-23 15:47:06,754 [main] INFO  server.Server (Server.java:doStart(375)) - jetty-9.4.57.v20241219; built: 2025-01-08T21:24:30.412Z; git: df524e6b29271c2e09ba9aea83c18dc9db464a31; jvm 21.0.7+6-LTS
2025-04-23 15:47:06,756 [main] INFO  server.session (DefaultSessionIdManager.java:doStart(334)) - DefaultSessionIdManager workerName=node0
2025-04-23 15:47:06,756 [main] INFO  server.session (DefaultSessionIdManager.java:doStart(339)) - No SessionScavenger set, using defaults
2025-04-23 15:47:06,756 [main] INFO  server.session (HouseKeeper.java:startScavenging(132)) - node0 Scavenging every 660000ms
2025-04-23 15:47:06,756 [main] INFO  handler.ContextHandler (ContextHandler.java:doStart(921)) - Started o.e.j.s.ServletContextHandler@5639a38{logs,/logs,file:///home/runner/work/ozone/ozone/hadoop-ozone/integration-test/target/log,AVAILABLE}
2025-04-23 15:47:06,757 [main] INFO  handler.ContextHandler (ContextHandler.java:doStart(921)) - Started o.e.j.s.ServletContextHandler@3f7ada7{static,/static,file:///home/runner/work/ozone/ozone/hadoop-ozone/integration-test/target/test-classes/webapps/static,AVAILABLE}
2025-04-23 15:47:06,761 [main] INFO  handler.ContextHandler (ContextHandler.java:doStart(921)) - Started o.e.j.w.WebAppContext@62712587{ozoneManager,/,file:///home/runner/work/ozone/ozone/hadoop-ozone/integration-test/target/test-classes/webapps/ozoneManager/,AVAILABLE}{file:/home/runner/work/ozone/ozone/hadoop-ozone/integration-test/target/test-classes/webapps/ozoneManager}
2025-04-23 15:47:06,761 [main] INFO  server.AbstractConnector (AbstractConnector.java:doStart(333)) - Started ServerConnector@7f05283b{HTTP/1.1, (http/1.1)}{0.0.0.0:15007}
2025-04-23 15:47:06,761 [main] INFO  server.Server (Server.java:doStart(415)) - Started @161743ms
2025-04-23 15:47:06,761 [main] WARN  impl.MetricsSystemImpl (MetricsSystemImpl.java:register(279)) - Sink prometheus already exists!
2025-04-23 15:47:06,761 [main] INFO  http.BaseHttpServer (BaseHttpServer.java:updateConnectorAddress(360)) - HTTP server of ozoneManager listening at http://0.0.0.0:15007
2025-04-23 15:47:06,762 [IPC Server Responder] INFO  ipc.Server (Server.java:run(1713)) - IPC Server Responder: starting
2025-04-23 15:47:06,762 [IPC Server listener on 15006] INFO  ipc.Server (Server.java:run(1553)) - IPC Server listener on 15006: starting
2025-04-23 15:47:06,764 [main] INFO  om.OzoneManager (OzoneManager.java:startTrashEmptier(2257)) - Trash Interval set to 0. Files deleted won't move to trash
2025-04-23 15:47:06,764 [main] INFO  om.OzoneManager (OzoneManager.java:restart(1878)) - OzoneManager RPC server is listening at localhost/127.0.0.1:15010
2025-04-23 15:47:06,764 [main] INFO  impl.MetricsSystemImpl (MetricsSystemImpl.java:init(158)) - OzoneManager metrics system started (again)
2025-04-23 15:47:06,775 [main] WARN  server.ServerUtils (ServerUtils.java:getDBPath(297)) - ozone.om.db.dirs is not configured. We recommend adding this setting. Falling back to ozone.metadata.dirs instead.
2025-04-23 15:47:06,816 [main] INFO  om.OzoneManager (OzoneManager.java:instantiateServices(933)) - S3 Multi-Tenancy is disabled
2025-04-23 15:47:06,816 [main] INFO  om.OmSnapshotManager (OmSnapshotManager.java:<init>(180)) - Ozone filesystem snapshot feature is enabled.
2025-04-23 15:47:06,817 [main] WARN  server.ServerUtils (ServerUtils.java:getDBPath(297)) - ozone.om.snapshot.diff.db.dir is not configured. We recommend adding this setting. Falling back to ozone.metadata.dirs instead.
2025-04-23 15:47:06,831 [main] WARN  dropwizard3.Dm3MetricRegistriesImpl (Dm3MetricRegistriesImpl.java:addReporterRegistration(114)) - New reporters are added after registries were created. Some metrics will be missing from the reporter. Please add reporter before adding any new registry.
2025-04-23 15:47:06,831 [main] WARN  dropwizard3.Dm3MetricRegistriesImpl (Dm3MetricRegistriesImpl.java:addReporterRegistration(114)) - New reporters are added after registries were created. Some metrics will be missing from the reporter. Please add reporter before adding any new registry.
2025-04-23 15:47:06,831 [main] WARN  server.ServerUtils (ServerUtils.java:getDefaultRatisDirectory(309)) - Storage directory for Ratis is not configured. It is a good idea to map this to an SSD disk. Falling back to ozone.metadata.dirs
2025-04-23 15:47:06,831 [main] INFO  server.RaftServerConfigKeys (ConfUtils.java:logGet(46)) - raft.server.log.appender.buffer.byte-limit = 4194304 (custom)
2025-04-23 15:47:06,832 [main] INFO  ratis.OzoneManagerRatisServer (OzoneManagerRatisServer.java:<init>(167)) - Instantiating OM Ratis server with groupID: om-service-test1 and peers: localhost:15013, localhost:15017, localhost:15009
2025-04-23 15:47:06,832 [main] INFO  ratis.OzoneManagerStateMachine (OzoneManagerStateMachine.java:loadSnapshotInfoFromDB(611)) - LastAppliedIndex is set from TransactionInfo from OM DB as (t:18, i:348)
2025-04-23 15:47:06,833 [main] INFO  server.RaftServer (ConfUtils.java:logGet(46)) - raft.rpc.type = GRPC (default)
2025-04-23 15:47:06,833 [main] INFO  grpc.GrpcConfigKeys (ConfUtils.java:logFallback(53)) - raft.grpc.admin.host = null (fallback to raft.grpc.server.host)
2025-04-23 15:47:06,833 [main] INFO  grpc.GrpcConfigKeys (ConfUtils.java:logFallback(53)) - raft.grpc.admin.port = 15013 (fallback to raft.grpc.server.port)
2025-04-23 15:47:06,833 [main] INFO  grpc.GrpcConfigKeys (ConfUtils.java:logFallback(53)) - raft.grpc.client.host = null (fallback to raft.grpc.server.host)
2025-04-23 15:47:06,833 [main] INFO  grpc.GrpcConfigKeys (ConfUtils.java:logFallback(53)) - raft.grpc.client.port = 15013 (fallback to raft.grpc.server.port)
2025-04-23 15:47:06,833 [main] INFO  grpc.GrpcConfigKeys (ConfUtils.java:logGet(46)) - raft.grpc.server.host = null (default)
2025-04-23 15:47:06,833 [main] INFO  grpc.GrpcConfigKeys (ConfUtils.java:logGet(46)) - raft.grpc.server.port = 15013 (custom)
2025-04-23 15:47:06,833 [main] INFO  server.GrpcService (ConfUtils.java:logGet(46)) - raft.grpc.message.size.max = 5242880 (custom)
2025-04-23 15:47:06,834 [main] INFO  server.GrpcService (ConfUtils.java:logGet(46)) - raft.grpc.flow.control.window = 1MB (=1048576) (default)
2025-04-23 15:47:06,834 [main] INFO  server.RaftServerConfigKeys (ConfUtils.java:logGet(46)) - raft.server.rpc.request.timeout = 3000ms (default)
2025-04-23 15:47:06,834 [main] INFO  grpc.GrpcConfigKeys (ConfUtils.java:logGet(46)) - raft.grpc.server.heartbeat.channel = true (default)
2025-04-23 15:47:06,834 [main] INFO  server.RaftServerConfigKeys (ConfUtils.java:logGet(46)) - raft.server.log.appender.buffer.byte-limit = 4194304 (custom)
2025-04-23 15:47:06,834 [main] INFO  grpc.GrpcConfigKeys (ConfUtils.java:logGet(46)) - raft.grpc.server.async.request.thread.pool.cached = true (default)
2025-04-23 15:47:06,834 [main] INFO  grpc.GrpcConfigKeys (ConfUtils.java:logGet(46)) - raft.grpc.server.async.request.thread.pool.size = 32 (default)
2025-04-23 15:47:06,835 [main] INFO  impl.DataStreamServerImpl (ConfUtils.java:logGet(46)) - raft.datastream.type = DISABLED (default)
2025-04-23 15:47:06,835 [main] INFO  server.RaftServerConfigKeys (ConfUtils.java:logGet(46)) - raft.server.sleep.deviation.threshold = 300ms (default)
2025-04-23 15:47:06,835 [main] INFO  server.RaftServerConfigKeys (ConfUtils.java:logGet(46)) - raft.server.close.threshold = 60s (default)
2025-04-23 15:47:06,835 [main] INFO  server.RaftServerConfigKeys (ConfUtils.java:logGet(46)) - raft.server.leaderelection.leader.step-down.wait-time = 10s (default)
2025-04-23 15:47:06,835 [main] INFO  server.RaftServerConfigKeys (ConfUtils.java:logGet(46)) - raft.server.storage.dir = [/home/runner/work/ozone/ozone/hadoop-ozone/integration-test/target/test-dir/MiniOzoneClusterImpl-5cf50c17-c591-473f-a8c4-88d8665d28d7/omNode-2/ratis] (custom)
2025-04-23 15:47:06,835 [main] INFO  server.RaftServerConfigKeys (ConfUtils.java:logGet(46)) - raft.server.threadpool.proxy.cached = true (default)
2025-04-23 15:47:06,835 [main] INFO  server.RaftServerConfigKeys (ConfUtils.java:logGet(46)) - raft.server.threadpool.proxy.size = 0 (default)
2025-04-23 15:47:06,836 [omNode-2-impl-thread1] INFO  server.RaftServer (RaftServerProxy.java:initGroupDir(265)) - omNode-2: found a subdirectory /home/runner/work/ozone/ozone/hadoop-ozone/integration-test/target/test-dir/MiniOzoneClusterImpl-5cf50c17-c591-473f-a8c4-88d8665d28d7/omNode-2/ratis/c9bc4cf4-3bc3-3c60-a66b-523986131536
2025-04-23 15:47:06,836 [main] INFO  server.RaftServer (RaftServerProxy.java:addNew(100)) - omNode-2: addNew group-523986131536:[omNode-3|localhost:15017, omNode-1|localhost:15009, omNode-2|localhost:15013] returns group-523986131536:java.util.concurrent.CompletableFuture@62a42551[Not completed]
2025-04-23 15:47:06,836 [main] INFO  om.OzoneManager (OzoneManager.java:initializeRatisServer(2303)) - OzoneManager Ratis server initialized at port 15013
2025-04-23 15:47:06,836 [main] INFO  ratis.OzoneManagerRatisServer (OzoneManagerRatisServer.java:start(628)) - Starting OzoneManagerRatisServer omNode-2 at port 15013
2025-04-23 15:47:06,836 [omNode-2-groupManagement] INFO  server.RaftServer$Division (RaftServerImpl.java:<init>(255)) - omNode-2: new RaftServerImpl for group-523986131536:[omNode-3|localhost:15017, omNode-1|localhost:15009, omNode-2|localhost:15013] with OzoneManagerStateMachine:uninitialized
2025-04-23 15:47:06,836 [omNode-2-groupManagement] INFO  server.RaftServerConfigKeys (ConfUtils.java:logGet(46)) - raft.server.rpc.timeout.min = 1s (custom)
2025-04-23 15:47:06,837 [omNode-2-groupManagement] INFO  server.RaftServerConfigKeys (ConfUtils.java:logGet(46)) - raft.server.rpc.timeout.max = 1200ms (custom)
2025-04-23 15:47:06,837 [omNode-2-groupManagement] INFO  server.RaftServerConfigKeys (ConfUtils.java:logGet(46)) - raft.server.rpc.sleep.time = 25ms (default)
2025-04-23 15:47:06,837 [omNode-2-groupManagement] INFO  server.RaftServerConfigKeys (ConfUtils.java:logGet(46)) - raft.server.rpc.slowness.timeout = 2s (custom)
2025-04-23 15:47:06,837 [omNode-2-groupManagement] INFO  server.RaftServerConfigKeys (ConfUtils.java:logGet(46)) - raft.server.leaderelection.leader.step-down.wait-time = 10s (default)
2025-04-23 15:47:06,837 [omNode-2-groupManagement] INFO  server.RaftServerConfigKeys (ConfUtils.java:logGet(46)) - raft.server.leaderelection.member.majority-add = false (default)
2025-04-23 15:47:06,837 [omNode-2-groupManagement] INFO  server.RaftServerConfigKeys (ConfUtils.java:logGet(46)) - raft.server.sleep.deviation.threshold = 300ms (default)
2025-04-23 15:47:06,837 [omNode-2-groupManagement] INFO  server.RaftServer$Division (ServerState.java:<init>(114)) - omNode-2@group-523986131536: ConfigurationManager, init=conf: {index: -1, cur=peers:[omNode-3|localhost:15017, omNode-1|localhost:15009, omNode-2|localhost:15013]|listeners:[], old=null}, confs=<EMPTY_MAP>
2025-04-23 15:47:06,837 [omNode-2-groupManagement] INFO  server.RaftServerConfigKeys (ConfUtils.java:logGet(46)) - raft.server.notification.no-leader.timeout = 2s (custom)
2025-04-23 15:47:06,837 [omNode-2-groupManagement] INFO  server.RaftServerConfigKeys (ConfUtils.java:logGet(46)) - raft.server.read.timeout = 10s (default)
2025-04-23 15:47:06,837 [omNode-2-groupManagement] INFO  server.RaftServerConfigKeys (ConfUtils.java:logGet(46)) - raft.server.retrycache.expirytime = 30000ms (custom)
2025-04-23 15:47:06,837 [omNode-2-groupManagement] INFO  server.RaftServerConfigKeys (ConfUtils.java:logGet(46)) - raft.server.retrycache.statistics.expirytime = 100ms (default)
2025-04-23 15:47:06,837 [omNode-2-groupManagement] INFO  server.RaftServerConfigKeys (ConfUtils.java:logGet(46)) - raft.server.read.option = DEFAULT (default)
2025-04-23 15:47:06,837 [omNode-2-groupManagement] INFO  server.RaftServerConfigKeys (ConfUtils.java:logGet(46)) - raft.server.read.read-after-write-consistent.write-index-cache.expiry-time = 60s (default)
2025-04-23 15:47:06,839 [omNode-2-groupManagement] INFO  server.RaftServerConfigKeys (ConfUtils.java:logGet(46)) - raft.server.rpc.request.timeout = 3000ms (default)
2025-04-23 15:47:06,840 [omNode-2-groupManagement] INFO  server.RaftServerConfigKeys (ConfUtils.java:logGet(46)) - raft.server.log.appender.install.snapshot.enabled = false (custom)
2025-04-23 15:47:06,840 [omNode-2-groupManagement] INFO  server.RaftServerConfigKeys (ConfUtils.java:logGet(46)) - raft.server.threadpool.server.cached = true (default)
2025-04-23 15:47:06,840 [omNode-2-groupManagement] INFO  server.RaftServerConfigKeys (ConfUtils.java:logGet(46)) - raft.server.threadpool.server.size = 0 (default)
2025-04-23 15:47:06,840 [omNode-2-groupManagement] INFO  server.RaftServerConfigKeys (ConfUtils.java:logGet(46)) - raft.server.threadpool.client.cached = true (default)
2025-04-23 15:47:06,840 [omNode-2-groupManagement] INFO  server.RaftServerConfigKeys (ConfUtils.java:logGet(46)) - raft.server.threadpool.client.size = 0 (default)
2025-04-23 15:47:06,840 [omNode-2-impl-thread1] INFO  server.RaftServerConfigKeys (ConfUtils.java:logGet(46)) - raft.server.storage.free-space.min = 0MB (=0) (default)
2025-04-23 15:47:06,840 [omNode-2-impl-thread1] INFO  server.RaftServerConfigKeys (ConfUtils.java:logGet(46)) - raft.server.log.corruption.policy = EXCEPTION (default)
2025-04-23 15:47:06,840 [omNode-2-impl-thread1] INFO  server.RaftServerConfigKeys (ConfUtils.java:logGet(46)) - raft.server.storage.dir = [/home/runner/work/ozone/ozone/hadoop-ozone/integration-test/target/test-dir/MiniOzoneClusterImpl-5cf50c17-c591-473f-a8c4-88d8665d28d7/omNode-2/ratis] (custom)
2025-04-23 15:47:06,841 [omNode-2-impl-thread1] INFO  storage.RaftStorageDirectory (RaftStorageDirectoryImpl.java:tryLock(229)) - Lock on /home/runner/work/ozone/ozone/hadoop-ozone/integration-test/target/test-dir/MiniOzoneClusterImpl-5cf50c17-c591-473f-a8c4-88d8665d28d7/omNode-2/ratis/c9bc4cf4-3bc3-3c60-a66b-523986131536/in_use.lock acquired by nodename 129659@fv-az1337-835
2025-04-23 15:47:06,841 [omNode-2-impl-thread1] INFO  storage.RaftStorage (RaftStorageImpl.java:analyzeAndRecoverStorage(118)) - Read RaftStorageMetadata{term=18, votedFor=omNode-2} from /home/runner/work/ozone/ozone/hadoop-ozone/integration-test/target/test-dir/MiniOzoneClusterImpl-5cf50c17-c591-473f-a8c4-88d8665d28d7/omNode-2/ratis/c9bc4cf4-3bc3-3c60-a66b-523986131536/current/raft-meta
2025-04-23 15:47:06,841 [omNode-2-impl-thread1] INFO  server.RaftServer$Division (ServerState.java:setRaftConf(386)) - omNode-2@group-523986131536: set configuration conf: {index: 341, cur=peers:[omNode-3|localhost:15017, omNode-1|localhost:15009, omNode-2|localhost:15013]|listeners:[], old=null}
2025-04-23 15:47:06,841 [omNode-2-impl-thread1] INFO  ratis.OzoneManagerStateMachine (OzoneManagerStateMachine.java:lambda$0(138)) - omNode-2: initialize group-523986131536 with (t:18, i:348)
2025-04-23 15:47:06,842 [omNode-2-impl-thread1] INFO  server.RaftServerConfigKeys (ConfUtils.java:logGet(46)) - raft.server.log.use.memory = false (default)
2025-04-23 15:47:06,842 [omNode-2-impl-thread1] INFO  server.RaftServerConfigKeys (ConfUtils.java:logGet(46)) - raft.server.log.purge.gap = 50 (custom)
2025-04-23 15:47:06,842 [omNode-2-impl-thread1] INFO  server.RaftServerConfigKeys (ConfUtils.java:logGet(46)) - raft.server.log.appender.buffer.byte-limit = 4194304 (custom)
2025-04-23 15:47:06,842 [omNode-2-impl-thread1] INFO  server.RaftServerConfigKeys (ConfUtils.java:logGet(46)) - raft.server.log.statemachine.data.read.timeout = 1000ms (default)
2025-04-23 15:47:06,842 [omNode-2-impl-thread1] INFO  server.RaftServerConfigKeys (ConfUtils.java:logGet(46)) - raft.server.log.purge.preservation.log.num = 0 (default)
2025-04-23 15:47:06,842 [omNode-2-impl-thread1] INFO  server.RaftServerConfigKeys (ConfUtils.java:logGet(46)) - raft.server.log.segment.size.max = 4194304 (custom)
2025-04-23 15:47:06,843 [omNode-2-impl-thread1] INFO  server.RaftServerConfigKeys (ConfUtils.java:logGet(46)) - raft.server.log.segment.cache.num.max = 2 (custom)
2025-04-23 15:47:06,843 [omNode-2-impl-thread1] INFO  server.RaftServerConfigKeys (ConfUtils.java:logGet(46)) - raft.server.log.segment.cache.size.max = 200MB (=209715200) (default)
2025-04-23 15:47:06,843 [omNode-2-impl-thread1] INFO  server.RaftServerConfigKeys (ConfUtils.java:logGet(46)) - raft.server.log.appender.buffer.byte-limit = 4194304 (custom)
2025-04-23 15:47:06,843 [omNode-2-impl-thread1] INFO  util.AwaitToRun (AwaitToRun.java:start(81)) - Thread[#7691,omNode-2@group-523986131536-cacheEviction-AwaitToRun,5,main] started
2025-04-23 15:47:06,843 [omNode-2-impl-thread1] INFO  segmented.SegmentedRaftLogWorker (SegmentedRaftLogWorker.java:<init>(188)) - new omNode-2@group-523986131536-SegmentedRaftLogWorker for RaftStorageImpl:Storage Directory /home/runner/work/ozone/ozone/hadoop-ozone/integration-test/target/test-dir/MiniOzoneClusterImpl-5cf50c17-c591-473f-a8c4-88d8665d28d7/omNode-2/ratis/c9bc4cf4-3bc3-3c60-a66b-523986131536
2025-04-23 15:47:06,843 [omNode-2-impl-thread1] INFO  server.RaftServerConfigKeys (ConfUtils.java:logGet(46)) - raft.server.log.queue.byte-limit = 64MB (=67108864) (default)
2025-04-23 15:47:06,843 [omNode-2-impl-thread1] INFO  server.RaftServerConfigKeys (ConfUtils.java:logGet(46)) - raft.server.log.queue.element-limit = 4096 (default)
2025-04-23 15:47:06,843 [omNode-2-impl-thread1] INFO  server.RaftServerConfigKeys (ConfUtils.java:logGet(46)) - raft.server.log.segment.size.max = 4194304 (custom)
2025-04-23 15:47:06,843 [omNode-2-impl-thread1] INFO  server.RaftServerConfigKeys (ConfUtils.java:logGet(46)) - raft.server.log.preallocated.size = 4194304 (custom)
2025-04-23 15:47:06,843 [omNode-2-impl-thread1] INFO  server.RaftServerConfigKeys (ConfUtils.java:logGet(46)) - raft.server.log.force.sync.num = 128 (default)
2025-04-23 15:47:06,843 [omNode-2-impl-thread1] INFO  server.RaftServerConfigKeys (ConfUtils.java:logGet(46)) - raft.server.log.statemachine.data.sync = true (default)
2025-04-23 15:47:06,843 [omNode-2-impl-thread1] INFO  server.RaftServerConfigKeys (ConfUtils.java:logGet(46)) - raft.server.log.statemachine.data.sync.timeout = 10s (default)
2025-04-23 15:47:06,843 [omNode-2-impl-thread1] INFO  server.RaftServerConfigKeys (ConfUtils.java:logGet(46)) - raft.server.log.statemachine.data.sync.timeout.retry = -1 (default)
2025-04-23 15:47:06,844 [omNode-2-impl-thread1] INFO  server.RaftServerConfigKeys (ConfUtils.java:logGet(46)) - raft.server.log.write.buffer.size = 4194312 (custom)
2025-04-23 15:47:06,844 [omNode-2-impl-thread1] INFO  server.RaftServerConfigKeys (ConfUtils.java:logGet(46)) - raft.server.log.appender.buffer.byte-limit = 4194304 (custom)
2025-04-23 15:47:06,844 [omNode-2-impl-thread1] INFO  server.RaftServerConfigKeys (ConfUtils.java:logGet(46)) - raft.server.log.unsafe-flush.enabled = false (default)
2025-04-23 15:47:06,844 [omNode-2-impl-thread1] INFO  server.RaftServerConfigKeys (ConfUtils.java:logGet(46)) - raft.server.log.async-flush.enabled = false (default)
2025-04-23 15:47:06,844 [omNode-2-impl-thread1] INFO  server.RaftServerConfigKeys (ConfUtils.java:logGet(46)) - raft.server.log.statemachine.data.caching.enabled = false (default)
2025-04-23 15:47:06,844 [omNode-2-impl-thread1] INFO  server.RaftServer$Division (ServerState.java:setRaftConf(386)) - omNode-2@group-523986131536: set configuration conf: {index: 313, cur=peers:[omNode-3|localhost:15017, omNode-1|localhost:15009, omNode-2|localhost:15013]|listeners:[], old=null}
2025-04-23 15:47:06,844 [omNode-2-impl-thread1] INFO  segmented.LogSegment (LogSegment.java:loadSegment(171)) - Successfully read 12 entries from segment file /home/runner/work/ozone/ozone/hadoop-ozone/integration-test/target/test-dir/MiniOzoneClusterImpl-5cf50c17-c591-473f-a8c4-88d8665d28d7/omNode-2/ratis/c9bc4cf4-3bc3-3c60-a66b-523986131536/current/log_313-324
2025-04-23 15:47:06,845 [omNode-2-impl-thread1] INFO  server.RaftServer$Division (ServerState.java:setRaftConf(386)) - omNode-2@group-523986131536: set configuration conf: {index: 325, cur=peers:[omNode-3|localhost:15017, omNode-1|localhost:15009, omNode-2|localhost:15013]|listeners:[], old=null}
2025-04-23 15:47:06,845 [omNode-2-impl-thread1] INFO  segmented.LogSegment (LogSegment.java:loadSegment(171)) - Successfully read 12 entries from segment file /home/runner/work/ozone/ozone/hadoop-ozone/integration-test/target/test-dir/MiniOzoneClusterImpl-5cf50c17-c591-473f-a8c4-88d8665d28d7/omNode-2/ratis/c9bc4cf4-3bc3-3c60-a66b-523986131536/current/log_325-336
2025-04-23 15:47:06,845 [omNode-2-impl-thread1] INFO  server.RaftServer$Division (ServerState.java:setRaftConf(386)) - omNode-2@group-523986131536: set configuration conf: {index: 337, cur=peers:[omNode-3|localhost:15017, omNode-1|localhost:15009, omNode-2|localhost:15013]|listeners:[], old=null}
2025-04-23 15:47:06,845 [omNode-2-impl-thread1] INFO  segmented.LogSegment (LogSegment.java:loadSegment(171)) - Successfully read 2 entries from segment file /home/runner/work/ozone/ozone/hadoop-ozone/integration-test/target/test-dir/MiniOzoneClusterImpl-5cf50c17-c591-473f-a8c4-88d8665d28d7/omNode-2/ratis/c9bc4cf4-3bc3-3c60-a66b-523986131536/current/log_337-338
2025-04-23 15:47:06,845 [omNode-2-impl-thread1] INFO  server.RaftServer$Division (ServerState.java:setRaftConf(386)) - omNode-2@group-523986131536: set configuration conf: {index: 339, cur=peers:[omNode-3|localhost:15017, omNode-1|localhost:15009, omNode-2|localhost:15013]|listeners:[], old=null}
2025-04-23 15:47:06,845 [omNode-2-impl-thread1] INFO  segmented.LogSegment (LogSegment.java:loadSegment(171)) - Successfully read 2 entries from segment file /home/runner/work/ozone/ozone/hadoop-ozone/integration-test/target/test-dir/MiniOzoneClusterImpl-5cf50c17-c591-473f-a8c4-88d8665d28d7/omNode-2/ratis/c9bc4cf4-3bc3-3c60-a66b-523986131536/current/log_339-340
2025-04-23 15:47:06,846 [omNode-2-impl-thread1] INFO  server.RaftServer$Division (ServerState.java:setRaftConf(386)) - omNode-2@group-523986131536: set configuration conf: {index: 341, cur=peers:[omNode-3|localhost:15017, omNode-1|localhost:15009, omNode-2|localhost:15013]|listeners:[], old=null}
2025-04-23 15:47:06,846 [omNode-2-impl-thread1] INFO  segmented.LogSegment (LogSegment.java:loadSegment(171)) - Successfully read 8 entries from segment file /home/runner/work/ozone/ozone/hadoop-ozone/integration-test/target/test-dir/MiniOzoneClusterImpl-5cf50c17-c591-473f-a8c4-88d8665d28d7/omNode-2/ratis/c9bc4cf4-3bc3-3c60-a66b-523986131536/current/log_inprogress_341
2025-04-23 15:47:06,846 [omNode-2-impl-thread1] INFO  segmented.SegmentedRaftLogWorker (SegmentedRaftLogWorker.java:lambda$new$0(139)) - omNode-2@group-523986131536-SegmentedRaftLogWorker: flushIndex: setUnconditionally 0 -> 348
2025-04-23 15:47:06,846 [omNode-2-impl-thread1] INFO  segmented.SegmentedRaftLogWorker (SegmentedRaftLogWorker.java:lambda$new$0(139)) - omNode-2@group-523986131536-SegmentedRaftLogWorker: safeCacheEvictIndex: setUnconditionally 0 -> 340
2025-04-23 15:47:06,846 [omNode-2-impl-thread1] INFO  segmented.BufferedWriteChannel (BufferedWriteChannel.java:open(61)) - open log_inprogress_341 (append) at position 1229
2025-04-23 15:47:06,846 [omNode-2-impl-thread1] INFO  raftlog.RaftLog (RaftLogBase.java:lambda$new$0(54)) - omNode-2@group-523986131536-SegmentedRaftLog: purgeIndex: updateToMax old=-1, new=312, updated? true
2025-04-23 15:47:06,846 [omNode-2-impl-thread1] INFO  server.RaftServer$Division (RaftServerImpl.java:start(391)) - omNode-2@group-523986131536: start as a follower, conf=conf: {index: 341, cur=peers:[omNode-3|localhost:15017, omNode-1|localhost:15009, omNode-2|localhost:15013]|listeners:[], old=null}
2025-04-23 15:47:06,846 [omNode-2-impl-thread1] INFO  server.RaftServer$Division (RaftServerImpl.java:setRole(378)) - omNode-2@group-523986131536: changes role from      null to FOLLOWER at term 18 for startAsFollower
2025-04-23 15:47:06,846 [omNode-2-impl-thread1] INFO  impl.RoleInfo (RoleInfo.java:updateAndGet(148)) - omNode-2: start omNode-2@group-523986131536-FollowerState
2025-04-23 15:47:06,846 [omNode-2-impl-thread1] INFO  util.JmxRegister (JmxRegister.java:tryRegister(44)) - Successfully registered JMX Bean with object name Ratis:service=RaftServer,group=group-523986131536,id=omNode-2
2025-04-23 15:47:06,847 [omNode-2-impl-thread1] INFO  util.JmxRegister (JmxRegister.java:register(58)) - register mxBean class org.apache.ratis.server.impl.RaftServerJmxAdapter as Ratis:service=RaftServer,group=group-523986131536,id=omNode-2
2025-04-23 15:47:06,847 [omNode-2@group-523986131536-FollowerState] INFO  server.RaftServerConfigKeys (ConfUtils.java:logFallback(53)) - raft.server.rpc.first-election.timeout.min = 1s (fallback to raft.server.rpc.timeout.min)
2025-04-23 15:47:06,847 [omNode-2@group-523986131536-FollowerState] INFO  server.RaftServerConfigKeys (ConfUtils.java:logFallback(53)) - raft.server.rpc.first-election.timeout.max = 1200ms (fallback to raft.server.rpc.timeout.max)
2025-04-23 15:47:06,847 [omNode-2-impl-thread1] INFO  server.RaftServerConfigKeys (ConfUtils.java:logGet(46)) - raft.server.snapshot.trigger-when-stop.enabled = true (default)
2025-04-23 15:47:06,847 [omNode-2-impl-thread1] INFO  server.RaftServerConfigKeys (ConfUtils.java:logGet(46)) - raft.server.snapshot.trigger-when-remove.enabled = true (default)
2025-04-23 15:47:06,847 [omNode-2-impl-thread1] INFO  server.RaftServerConfigKeys (ConfUtils.java:logGet(46)) - raft.server.snapshot.auto.trigger.enabled = true (custom)
2025-04-23 15:47:06,847 [omNode-2-impl-thread1] INFO  server.RaftServerConfigKeys (ConfUtils.java:logGet(46)) - raft.server.snapshot.auto.trigger.threshold = 50 (custom)
2025-04-23 15:47:06,847 [omNode-2-impl-thread1] INFO  server.RaftServerConfigKeys (ConfUtils.java:logGet(46)) - raft.server.snapshot.retention.file.num = -1 (default)
2025-04-23 15:47:06,847 [omNode-2-impl-thread1] INFO  server.RaftServerConfigKeys (ConfUtils.java:logGet(46)) - raft.server.log.purge.upto.snapshot.index = true (custom)
2025-04-23 15:47:06,847 [omNode-2-impl-thread1] INFO  server.RaftServer$Division (RaftServerImpl.java:start(405)) - omNode-2@group-523986131536: Successfully started.
2025-04-23 15:47:06,847 [main] INFO  server.RaftServer (RaftServerProxy.java:startImpl(407)) - omNode-2: start RPC server
2025-04-23 15:47:06,848 [main] INFO  server.GrpcService (GrpcService.java:startImpl(334)) - omNode-2: GrpcService started, listening on 15013
2025-04-23 15:47:06,848 [main] INFO  om.OzoneManager (OzoneManager.java:getRpcServer(1360)) - Creating RPC Server
2025-04-23 15:47:06,848 [JvmPauseMonitor40] INFO  util.JvmPauseMonitor (JvmPauseMonitor.java:run(146)) - JvmPauseMonitor-omNode-2: Started
2025-04-23 15:47:07,010 [omNode-3@group-523986131536-FollowerState] INFO  impl.FollowerState (FollowerState.java:runImpl(161)) - omNode-3@group-523986131536-FollowerState: change to CANDIDATE, lastRpcElapsedTime:1099724502ns, electionTimeout:1099ms
2025-04-23 15:47:07,010 [omNode-3@group-523986131536-FollowerState] INFO  impl.RoleInfo (RoleInfo.java:shutdownFollowerState(121)) - omNode-3: shutdown omNode-3@group-523986131536-FollowerState
2025-04-23 15:47:07,010 [omNode-3@group-523986131536-FollowerState] INFO  server.RaftServer$Division (RaftServerImpl.java:setRole(378)) - omNode-3@group-523986131536: changes role from  FOLLOWER to CANDIDATE at term 18 for changeToCandidate
2025-04-23 15:47:07,010 [omNode-3@group-523986131536-FollowerState] INFO  server.RaftServerConfigKeys (ConfUtils.java:logGet(46)) - raft.server.leaderelection.pre-vote = true (default)
2025-04-23 15:47:07,010 [omNode-3@group-523986131536-FollowerState] INFO  impl.RoleInfo (RoleInfo.java:updateAndGet(148)) - omNode-3: start omNode-3@group-523986131536-LeaderElection36
2025-04-23 15:47:07,011 [omNode-3@group-523986131536-LeaderElection36] INFO  impl.LeaderElection (LeaderElection.java:askForVotes(332)) - omNode-3@group-523986131536-LeaderElection36 PRE_VOTE round 0: submit vote requests at term 18 for conf: {index: 341, cur=peers:[omNode-3|localhost:15017, omNode-1|localhost:15009, omNode-2|localhost:15013]|listeners:[], old=null}
2025-04-23 15:47:07,011 [omNode-3@group-523986131536-LeaderElection36-1] INFO  server.GrpcServerProtocolClient (GrpcServerProtocolClient.java:<init>(65)) - Build channel for omNode-1|localhost:15009
2025-04-23 15:47:07,011 [omNode-3@group-523986131536-LeaderElection36] INFO  server.RaftServerConfigKeys (ConfUtils.java:logFallback(53)) - raft.server.rpc.first-election.timeout.min = 1s (fallback to raft.server.rpc.timeout.min)
2025-04-23 15:47:07,011 [omNode-3@group-523986131536-LeaderElection36] INFO  server.RaftServerConfigKeys (ConfUtils.java:logFallback(53)) - raft.server.rpc.first-election.timeout.max = 1200ms (fallback to raft.server.rpc.timeout.max)
2025-04-23 15:47:07,011 [omNode-3@group-523986131536-LeaderElection36-2] INFO  server.GrpcServerProtocolClient (GrpcServerProtocolClient.java:<init>(65)) - Build channel for omNode-2|localhost:15013
2025-04-23 15:47:07,015 [grpc-default-executor-6] INFO  server.RaftServer$Division (RaftServerImpl.java:requestVote(1407)) - omNode-1@group-523986131536: receive requestVote(PRE_VOTE, omNode-3, group-523986131536, 18, (t:18, i:348))
2025-04-23 15:47:07,015 [grpc-default-executor-6] INFO  impl.VoteContext (VoteContext.java:log(49)) - omNode-1@group-523986131536-FOLLOWER: accept PRE_VOTE from omNode-3: our last entry (t:17, i:340) < candidate's last entry (t:18, i:348)
2025-04-23 15:47:07,015 [grpc-default-executor-6] INFO  server.RaftServer$Division (RaftServerImpl.java:requestVote(1441)) - omNode-1@group-523986131536 replies to PRE_VOTE vote request: omNode-3<-omNode-1#0:OK-t17. Peer's state: omNode-1@group-523986131536:t17, leader=null, voted=omNode-1, raftlog=Memoized:omNode-1@group-523986131536-SegmentedRaftLog:OPENED:c340:last(t:17, i:340), conf=conf: {index: 339, cur=peers:[omNode-3|localhost:15017, omNode-1|localhost:15009, omNode-2|localhost:15013]|listeners:[], old=null}
2025-04-23 15:47:07,016 [omNode-3@group-523986131536-LeaderElection36] INFO  impl.LeaderElection (LeaderElection.java:logAndReturn(90)) - omNode-3@group-523986131536-LeaderElection36: PRE_VOTE PASSED received 1 response(s) and 0 exception(s):
2025-04-23 15:47:07,016 [omNode-3@group-523986131536-LeaderElection36] INFO  impl.LeaderElection (LeaderElection.java:logAndReturn(94)) -   Response 0: omNode-3<-omNode-1#0:OK-t17
2025-04-23 15:47:07,016 [grpc-default-executor-7] INFO  server.RaftServer$Division (RaftServerImpl.java:requestVote(1407)) - omNode-2@group-523986131536: receive requestVote(PRE_VOTE, omNode-3, group-523986131536, 18, (t:18, i:348))
2025-04-23 15:47:07,016 [omNode-3@group-523986131536-LeaderElection36] INFO  impl.LeaderElection (LeaderElection.java:askForVotes(334)) - omNode-3@group-523986131536-LeaderElection36 PRE_VOTE round 0: result PASSED
2025-04-23 15:47:07,017 [grpc-default-executor-7] INFO  impl.VoteContext (VoteContext.java:log(49)) - omNode-2@group-523986131536-FOLLOWER: accept PRE_VOTE from omNode-3: our priority 0 <= candidate's priority 0
2025-04-23 15:47:07,017 [grpc-default-executor-7] INFO  server.RaftServer$Division (RaftServerImpl.java:requestVote(1441)) - omNode-2@group-523986131536 replies to PRE_VOTE vote request: omNode-3<-omNode-2#0:OK-t18. Peer's state: omNode-2@group-523986131536:t18, leader=null, voted=omNode-2, raftlog=Memoized:omNode-2@group-523986131536-SegmentedRaftLog:OPENED:c348:last(t:18, i:348), conf=conf: {index: 341, cur=peers:[omNode-3|localhost:15017, omNode-1|localhost:15009, omNode-2|localhost:15013]|listeners:[], old=null}
2025-04-23 15:47:07,018 [omNode-3@group-523986131536-LeaderElection36] INFO  impl.LeaderElection (LeaderElection.java:askForVotes(332)) - omNode-3@group-523986131536-LeaderElection36 ELECTION round 0: submit vote requests at term 19 for conf: {index: 341, cur=peers:[omNode-3|localhost:15017, omNode-1|localhost:15009, omNode-2|localhost:15013]|listeners:[], old=null}
2025-04-23 15:47:07,019 [omNode-3@group-523986131536-LeaderElection36] INFO  server.RaftServerConfigKeys (ConfUtils.java:logFallback(53)) - raft.server.rpc.first-election.timeout.min = 1s (fallback to raft.server.rpc.timeout.min)
2025-04-23 15:47:07,019 [omNode-3@group-523986131536-LeaderElection36] INFO  server.RaftServerConfigKeys (ConfUtils.java:logFallback(53)) - raft.server.rpc.first-election.timeout.max = 1200ms (fallback to raft.server.rpc.timeout.max)
2025-04-23 15:47:07,019 [grpc-default-executor-7] INFO  server.RaftServer$Division (RaftServerImpl.java:requestVote(1407)) - omNode-1@group-523986131536: receive requestVote(ELECTION, omNode-3, group-523986131536, 19, (t:18, i:348))
2025-04-23 15:47:07,019 [grpc-default-executor-6] INFO  server.RaftServer$Division (RaftServerImpl.java:requestVote(1407)) - omNode-2@group-523986131536: receive requestVote(ELECTION, omNode-3, group-523986131536, 19, (t:18, i:348))
2025-04-23 15:47:07,019 [grpc-default-executor-6] INFO  impl.VoteContext (VoteContext.java:log(49)) - omNode-2@group-523986131536-FOLLOWER: accept ELECTION from omNode-3: our priority 0 <= candidate's priority 0
2025-04-23 15:47:07,019 [grpc-default-executor-7] INFO  impl.VoteContext (VoteContext.java:log(49)) - omNode-1@group-523986131536-FOLLOWER: accept ELECTION from omNode-3: our last entry (t:17, i:340) < candidate's last entry (t:18, i:348)
2025-04-23 15:47:07,019 [grpc-default-executor-7] INFO  server.RaftServer$Division (RaftServerImpl.java:setRole(378)) - omNode-1@group-523986131536: changes role from  FOLLOWER to FOLLOWER at term 17 for candidate:omNode-3
2025-04-23 15:47:07,019 [grpc-default-executor-7] INFO  impl.RoleInfo (RoleInfo.java:shutdownFollowerState(121)) - omNode-1: shutdown omNode-1@group-523986131536-FollowerState
2025-04-23 15:47:07,019 [grpc-default-executor-7] INFO  impl.RoleInfo (RoleInfo.java:updateAndGet(148)) - omNode-1: start omNode-1@group-523986131536-FollowerState
2025-04-23 15:47:07,020 [omNode-1@group-523986131536-FollowerState] INFO  impl.FollowerState (FollowerState.java:runImpl(170)) - omNode-1@group-523986131536-FollowerState was interrupted
2025-04-23 15:47:07,019 [grpc-default-executor-6] INFO  server.RaftServer$Division (RaftServerImpl.java:setRole(378)) - omNode-2@group-523986131536: changes role from  FOLLOWER to FOLLOWER at term 18 for candidate:omNode-3
2025-04-23 15:47:07,020 [grpc-default-executor-6] INFO  impl.RoleInfo (RoleInfo.java:shutdownFollowerState(121)) - omNode-2: shutdown omNode-2@group-523986131536-FollowerState
2025-04-23 15:47:07,020 [grpc-default-executor-6] INFO  impl.RoleInfo (RoleInfo.java:updateAndGet(148)) - omNode-2: start omNode-2@group-523986131536-FollowerState
2025-04-23 15:47:07,020 [omNode-1@group-523986131536-FollowerState] INFO  server.RaftServerConfigKeys (ConfUtils.java:logFallback(53)) - raft.server.rpc.first-election.timeout.min = 1s (fallback to raft.server.rpc.timeout.min)
2025-04-23 15:47:07,020 [omNode-1@group-523986131536-FollowerState] INFO  server.RaftServerConfigKeys (ConfUtils.java:logFallback(53)) - raft.server.rpc.first-election.timeout.max = 1200ms (fallback to raft.server.rpc.timeout.max)
2025-04-23 15:47:07,020 [grpc-default-executor-7] INFO  server.RaftServer$Division (RaftServerImpl.java:setFirstElection(562)) - omNode-1@group-523986131536: set firstElectionSinceStartup to false for candidate:omNode-3
2025-04-23 15:47:07,020 [omNode-2@group-523986131536-FollowerState] INFO  impl.FollowerState (FollowerState.java:runImpl(170)) - omNode-2@group-523986131536-FollowerState was interrupted
2025-04-23 15:47:07,021 [omNode-2@group-523986131536-FollowerState] INFO  server.RaftServerConfigKeys (ConfUtils.java:logFallback(53)) - raft.server.rpc.first-election.timeout.min = 1s (fallback to raft.server.rpc.timeout.min)
2025-04-23 15:47:07,021 [omNode-2@group-523986131536-FollowerState] INFO  server.RaftServerConfigKeys (ConfUtils.java:logFallback(53)) - raft.server.rpc.first-election.timeout.max = 1200ms (fallback to raft.server.rpc.timeout.max)
2025-04-23 15:47:07,021 [grpc-default-executor-6] INFO  server.RaftServer$Division (RaftServerImpl.java:setFirstElection(562)) - omNode-2@group-523986131536: set firstElectionSinceStartup to false for candidate:omNode-3
2025-04-23 15:47:07,021 [grpc-default-executor-7] INFO  server.RaftServer$Division (RaftServerImpl.java:requestVote(1441)) - omNode-1@group-523986131536 replies to ELECTION vote request: omNode-3<-omNode-1#0:OK-t19. Peer's state: omNode-1@group-523986131536:t19, leader=null, voted=omNode-3, raftlog=Memoized:omNode-1@group-523986131536-SegmentedRaftLog:OPENED:c340:last(t:17, i:340), conf=conf: {index: 339, cur=peers:[omNode-3|localhost:15017, omNode-1|localhost:15009, omNode-2|localhost:15013]|listeners:[], old=null}
2025-04-23 15:47:07,022 [omNode-3@group-523986131536-LeaderElection36] INFO  impl.LeaderElection (LeaderElection.java:logAndReturn(90)) - omNode-3@group-523986131536-LeaderElection36: ELECTION PASSED received 1 response(s) and 0 exception(s):
2025-04-23 15:47:07,022 [omNode-3@group-523986131536-LeaderElection36] INFO  impl.LeaderElection (LeaderElection.java:logAndReturn(94)) -   Response 0: omNode-3<-omNode-1#0:OK-t19
2025-04-23 15:47:07,022 [omNode-3@group-523986131536-LeaderElection36] INFO  impl.LeaderElection (LeaderElection.java:askForVotes(334)) - omNode-3@group-523986131536-LeaderElection36 ELECTION round 0: result PASSED
2025-04-23 15:47:07,022 [omNode-3@group-523986131536-LeaderElection36] INFO  impl.RoleInfo (RoleInfo.java:shutdownLeaderElection(141)) - omNode-3: shutdown omNode-3@group-523986131536-LeaderElection36
2025-04-23 15:47:07,022 [omNode-3@group-523986131536-LeaderElection36] INFO  server.RaftServer$Division (RaftServerImpl.java:setRole(378)) - omNode-3@group-523986131536: changes role from CANDIDATE to LEADER at term 19 for changeToLeader
2025-04-23 15:47:07,022 [omNode-3@group-523986131536-LeaderElection36] INFO  server.RaftServerConfigKeys (ConfUtils.java:logGet(46)) - raft.server.staging.catchup.gap = 1000 (default)
2025-04-23 15:47:07,022 [omNode-3@group-523986131536-LeaderElection36] INFO  server.RaftServerConfigKeys (ConfUtils.java:logGet(46)) - raft.server.write.element-limit = 4096 (default)
2025-04-23 15:47:07,022 [omNode-3@group-523986131536-LeaderElection36] INFO  server.RaftServerConfigKeys (ConfUtils.java:logGet(46)) - raft.server.write.byte-limit = 64MB (=67108864) (default)
2025-04-23 15:47:07,023 [omNode-3@group-523986131536-LeaderElection36] INFO  server.RaftServerConfigKeys (ConfUtils.java:logGet(46)) - raft.server.watch.timeout = 10s (default)
2025-04-23 15:47:07,023 [omNode-3@group-523986131536-LeaderElection36] INFO  server.RaftServerConfigKeys (ConfUtils.java:logGet(46)) - raft.server.watch.timeout.denomination = 1s (default)
2025-04-23 15:47:07,023 [omNode-3@group-523986131536-LeaderElection36] INFO  server.RaftServerConfigKeys (ConfUtils.java:logGet(46)) - raft.server.watch.element-limit = 65536 (default)
2025-04-23 15:47:07,023 [grpc-default-executor-6] INFO  server.RaftServer$Division (RaftServerImpl.java:requestVote(1441)) - omNode-2@group-523986131536 replies to ELECTION vote request: omNode-3<-omNode-2#0:OK-t19. Peer's state: omNode-2@group-523986131536:t19, leader=null, voted=omNode-3, raftlog=Memoized:omNode-2@group-523986131536-SegmentedRaftLog:OPENED:c348:last(t:18, i:348), conf=conf: {index: 341, cur=peers:[omNode-3|localhost:15017, omNode-1|localhost:15009, omNode-2|localhost:15013]|listeners:[], old=null}
2025-04-23 15:47:07,023 [omNode-3@group-523986131536-LeaderElection36] INFO  server.RaftServerConfigKeys (ConfUtils.java:logGet(46)) - raft.server.read.leader.lease.enabled = false (default)
2025-04-23 15:47:07,023 [omNode-3@group-523986131536-LeaderElection36] INFO  server.RaftServerConfigKeys (ConfUtils.java:logGet(46)) - raft.server.read.leader.lease.timeout.ratio = 0.9 (default)
2025-04-23 15:47:07,023 [omNode-3@group-523986131536-LeaderElection36] INFO  server.RaftServerConfigKeys (ConfUtils.java:logGet(46)) - raft.server.rpc.timeout.min = 1s (custom)
2025-04-23 15:47:07,023 [omNode-3@group-523986131536-LeaderElection36] INFO  server.RaftServerConfigKeys (ConfUtils.java:logGet(46)) - raft.server.log.log-metadata.enabled = true (default)
2025-04-23 15:47:07,023 [omNode-3@group-523986131536-LeaderElection36] INFO  server.RaftServerConfigKeys (ConfUtils.java:logGet(46)) - raft.server.write.element-limit = 4096 (default)
2025-04-23 15:47:07,023 [omNode-3@group-523986131536-LeaderElection36] INFO  server.RaftServerConfigKeys (ConfUtils.java:logGet(46)) - raft.server.write.follower.gap.ratio.max = -1.0 (default)
2025-04-23 15:47:07,024 [omNode-3@group-523986131536-LeaderElection36] INFO  server.RaftServerConfigKeys (ConfUtils.java:logGet(46)) - raft.server.log.appender.snapshot.chunk.size.max = 16MB (=16777216) (default)
2025-04-23 15:47:07,024 [omNode-3@group-523986131536-LeaderElection36] INFO  server.RaftServerConfigKeys (ConfUtils.java:logGet(46)) - raft.server.log.appender.buffer.byte-limit = 4194304 (custom)
2025-04-23 15:47:07,024 [omNode-3@group-523986131536-LeaderElection36] INFO  server.RaftServerConfigKeys (ConfUtils.java:logGet(46)) - raft.server.log.appender.buffer.element-limit = 1024 (custom)
2025-04-23 15:47:07,024 [omNode-3@group-523986131536-LeaderElection36] INFO  server.RaftServerConfigKeys (ConfUtils.java:logGet(46)) - raft.server.log.appender.wait-time.min = 0ms (custom)
2025-04-23 15:47:07,024 [omNode-3@group-523986131536-LeaderElection36] INFO  grpc.GrpcConfigKeys (ConfUtils.java:logGet(46)) - raft.grpc.server.leader.outstanding.appends.max = 8 (default)
2025-04-23 15:47:07,024 [omNode-3@group-523986131536-LeaderElection36] INFO  server.RaftServerConfigKeys (ConfUtils.java:logGet(46)) - raft.server.rpc.request.timeout = 3000ms (default)
2025-04-23 15:47:07,024 [omNode-3@group-523986131536-LeaderElection36] INFO  grpc.GrpcConfigKeys (ConfUtils.java:logGet(46)) - raft.grpc.server.install_snapshot.request.element-limit = 8 (default)
2025-04-23 15:47:07,024 [omNode-3@group-523986131536-LeaderElection36] INFO  grpc.GrpcConfigKeys (ConfUtils.java:logGet(46)) - raft.grpc.server.install_snapshot.request.timeout = 3000ms (default)
2025-04-23 15:47:07,024 [omNode-3@group-523986131536-LeaderElection36] INFO  grpc.GrpcConfigKeys (ConfUtils.java:logGet(46)) - raft.grpc.server.log-message.batch.duration = 5s (default)
2025-04-23 15:47:07,024 [omNode-3@group-523986131536-LeaderElection36] INFO  server.RaftServerConfigKeys (ConfUtils.java:logGet(46)) - raft.server.log.appender.install.snapshot.enabled = false (custom)
2025-04-23 15:47:07,024 [omNode-3@group-523986131536-LeaderElection36] INFO  grpc.GrpcConfigKeys (ConfUtils.java:logGet(46)) - raft.grpc.server.heartbeat.channel = true (default)
2025-04-23 15:47:07,025 [omNode-3@group-523986131536-LeaderElection36] INFO  server.RaftServerConfigKeys (ConfUtils.java:logGet(46)) - raft.server.log.appender.snapshot.chunk.size.max = 16MB (=16777216) (default)
2025-04-23 15:47:07,025 [omNode-3@group-523986131536-LeaderElection36] INFO  server.RaftServerConfigKeys (ConfUtils.java:logGet(46)) - raft.server.log.appender.buffer.byte-limit = 4194304 (custom)
2025-04-23 15:47:07,025 [omNode-3@group-523986131536-LeaderElection36] INFO  server.RaftServerConfigKeys (ConfUtils.java:logGet(46)) - raft.server.log.appender.buffer.element-limit = 1024 (custom)
2025-04-23 15:47:07,025 [omNode-3@group-523986131536-LeaderElection36] INFO  server.RaftServerConfigKeys (ConfUtils.java:logGet(46)) - raft.server.log.appender.wait-time.min = 0ms (custom)
2025-04-23 15:47:07,025 [omNode-3@group-523986131536-LeaderElection36] INFO  grpc.GrpcConfigKeys (ConfUtils.java:logGet(46)) - raft.grpc.server.leader.outstanding.appends.max = 8 (default)
2025-04-23 15:47:07,025 [omNode-3@group-523986131536-LeaderElection36] INFO  server.RaftServerConfigKeys (ConfUtils.java:logGet(46)) - raft.server.rpc.request.timeout = 3000ms (default)
2025-04-23 15:47:07,025 [omNode-3@group-523986131536-LeaderElection36] INFO  grpc.GrpcConfigKeys (ConfUtils.java:logGet(46)) - raft.grpc.server.install_snapshot.request.element-limit = 8 (default)
2025-04-23 15:47:07,025 [omNode-3@group-523986131536-LeaderElection36] INFO  grpc.GrpcConfigKeys (ConfUtils.java:logGet(46)) - raft.grpc.server.install_snapshot.request.timeout = 3000ms (default)
2025-04-23 15:47:07,025 [omNode-3@group-523986131536-LeaderElection36] INFO  grpc.GrpcConfigKeys (ConfUtils.java:logGet(46)) - raft.grpc.server.log-message.batch.duration = 5s (default)
2025-04-23 15:47:07,026 [omNode-3@group-523986131536-LeaderElection36] INFO  server.RaftServerConfigKeys (ConfUtils.java:logGet(46)) - raft.server.log.appender.install.snapshot.enabled = false (custom)
2025-04-23 15:47:07,026 [omNode-3@group-523986131536-LeaderElection36] INFO  grpc.GrpcConfigKeys (ConfUtils.java:logGet(46)) - raft.grpc.server.heartbeat.channel = true (default)
2025-04-23 15:47:07,026 [omNode-3@group-523986131536-LeaderElection36] INFO  impl.RoleInfo (RoleInfo.java:updateAndGet(148)) - omNode-3: start omNode-3@group-523986131536-LeaderStateImpl
2025-04-23 15:47:07,026 [omNode-3@group-523986131536-LeaderElection36] INFO  server.RaftServer$Division (RaftServerImpl.java:setFirstElection(562)) - omNode-3@group-523986131536: set firstElectionSinceStartup to false for becomeLeader
2025-04-23 15:47:07,026 [omNode-3@group-523986131536-LeaderElection36] INFO  ratis.OzoneManagerStateMachine (OzoneManagerStateMachine.java:notifyLeaderChanged(169)) - omNode-3@group-523986131536: leader changed to omNode-3
2025-04-23 15:47:07,026 [omNode-3@group-523986131536-LeaderElection36] INFO  server.RaftServer$Division (ServerState.java:setLeader(272)) - omNode-3@group-523986131536: change Leader from null to omNode-3 at term 19 for becomeLeader, leader elected after 1125ms
2025-04-23 15:47:07,026 [omNode-3@group-523986131536-LeaderElection36] INFO  segmented.SegmentedRaftLogWorker (SegmentedRaftLogWorker.java:rollLogSegment(443)) - omNode-3@group-523986131536-SegmentedRaftLogWorker: Rolling segment log-341_348 to index:348
2025-04-23 15:47:07,026 [omNode-3@group-523986131536-LeaderElection36] INFO  server.RaftServer$Division (ServerState.java:setRaftConf(386)) - omNode-3@group-523986131536: set configuration conf: {index: 349, cur=peers:[omNode-3|localhost:15017, omNode-1|localhost:15009, omNode-2|localhost:15013]|listeners:[], old=null}
2025-04-23 15:47:07,027 [omNode-3@group-523986131536-SegmentedRaftLogWorker] INFO  segmented.SegmentedRaftLogWorker (SegmentedRaftLogWorker.java:execute(601)) - omNode-3@group-523986131536-SegmentedRaftLogWorker: Rolled log segment from /home/runner/work/ozone/ozone/hadoop-ozone/integration-test/target/test-dir/MiniOzoneClusterImpl-5cf50c17-c591-473f-a8c4-88d8665d28d7/omNode-3/ratis/c9bc4cf4-3bc3-3c60-a66b-523986131536/current/log_inprogress_341 to /home/runner/work/ozone/ozone/hadoop-ozone/integration-test/target/test-dir/MiniOzoneClusterImpl-5cf50c17-c591-473f-a8c4-88d8665d28d7/omNode-3/ratis/c9bc4cf4-3bc3-3c60-a66b-523986131536/current/log_341-348
2025-04-23 15:47:07,027 [omNode-3@group-523986131536-SegmentedRaftLogWorker] INFO  segmented.BufferedWriteChannel (BufferedWriteChannel.java:open(61)) - open log_inprogress_349 at position 0
2025-04-23 15:47:07,035 [omNode-1-server-thread1] INFO  ratis.OzoneManagerStateMachine (OzoneManagerStateMachine.java:notifyLeaderChanged(169)) - omNode-1@group-523986131536: leader changed to omNode-3
2025-04-23 15:47:07,036 [omNode-1-server-thread1] INFO  server.RaftServer$Division (ServerState.java:setLeader(272)) - omNode-1@group-523986131536: change Leader from null to omNode-3 at term 19 for appendEntries, leader elected after 653ms
2025-04-23 15:47:07,036 [omNode-1-server-thread1] INFO  server.RaftServer$Division (RaftServerImpl.java:checkInconsistentAppendEntries(1648)) - omNode-1@group-523986131536: Failed appendEntries as previous log entry ((t:18, i:348)) is not found
2025-04-23 15:47:07,036 [omNode-1-server-thread1] INFO  server.RaftServer$Division (RaftServerImpl.java:appendEntriesAsync(1580)) - omNode-1@group-523986131536: appendEntries* reply omNode-3<-omNode-1#0:FAIL-t19,INCONSISTENCY,nextIndex=341,followerCommit=340,matchIndex=-1
2025-04-23 15:47:07,037 [omNode-1-server-thread2] INFO  server.RaftServer$Division (RaftServerImpl.java:checkInconsistentAppendEntries(1648)) - omNode-1@group-523986131536: Failed appendEntries as previous log entry ((t:18, i:348)) is not found
2025-04-23 15:47:07,037 [omNode-1-server-thread2] INFO  server.RaftServer$Division (RaftServerImpl.java:appendEntriesAsync(1580)) - omNode-1@group-523986131536: appendEntries* reply omNode-3<-omNode-1#1:FAIL-t19,INCONSISTENCY,nextIndex=341,followerCommit=340,matchIndex=-1
2025-04-23 15:47:07,037 [omNode-2-server-thread1] INFO  ratis.OzoneManagerStateMachine (OzoneManagerStateMachine.java:notifyLeaderChanged(169)) - omNode-2@group-523986131536: leader changed to omNode-3
2025-04-23 15:47:07,037 [omNode-2-server-thread1] INFO  server.RaftServer$Division (ServerState.java:setLeader(272)) - omNode-2@group-523986131536: change Leader from null to omNode-3 at term 19 for appendEntries, leader elected after 200ms
2025-04-23 15:47:07,038 [grpc-default-executor-7] WARN  server.GrpcLogAppender (GrpcLogAppender.java:onNextImpl(519)) - omNode-3@group-523986131536->omNode-1-AppendLogResponseHandler: received INCONSISTENCY reply with nextIndex 341, errorCount=1, request=AppendEntriesRequest:cid=0,entriesCount=0
2025-04-23 15:47:07,038 [grpc-default-executor-6] WARN  server.GrpcLogAppender (GrpcLogAppender.java:onNextImpl(519)) - omNode-3@group-523986131536->omNode-1-AppendLogResponseHandler: received INCONSISTENCY reply with nextIndex 341, errorCount=2, request=AppendEntriesRequest:cid=1,entriesCount=1,entry=(t:19, i:349)
2025-04-23 15:47:07,038 [grpc-default-executor-7] INFO  leader.FollowerInfo (FollowerInfoImpl.java:info(70)) - omNode-3@group-523986131536->omNode-1: setNextIndex nextIndex: updateUnconditionally 350 -> 341
2025-04-23 15:47:07,038 [omNode-2-server-thread2] INFO  server.RaftServer$Division (ServerState.java:setRaftConf(386)) - omNode-2@group-523986131536: set configuration conf: {index: 349, cur=peers:[omNode-3|localhost:15017, omNode-1|localhost:15009, omNode-2|localhost:15013]|listeners:[], old=null}
2025-04-23 15:47:07,039 [omNode-3@group-523986131536-SegmentedRaftLogWorker] INFO  segmented.SegmentedRaftLogWorker (SegmentedRaftLogWorker.java:execute(644)) - omNode-3@group-523986131536-SegmentedRaftLogWorker: created new log segment /home/runner/work/ozone/ozone/hadoop-ozone/integration-test/target/test-dir/MiniOzoneClusterImpl-5cf50c17-c591-473f-a8c4-88d8665d28d7/omNode-3/ratis/c9bc4cf4-3bc3-3c60-a66b-523986131536/current/log_inprogress_349
2025-04-23 15:47:07,039 [omNode-1-server-thread2] INFO  server.RaftServer$Division (ServerState.java:setRaftConf(386)) - omNode-1@group-523986131536: set configuration conf: {index: 341, cur=peers:[omNode-3|localhost:15017, omNode-1|localhost:15009, omNode-2|localhost:15013]|listeners:[], old=null}
2025-04-23 15:47:07,039 [omNode-2-server-thread2] INFO  segmented.SegmentedRaftLogWorker (SegmentedRaftLogWorker.java:rollLogSegment(443)) - omNode-2@group-523986131536-SegmentedRaftLogWorker: Rolling segment log-341_348 to index:348
2025-04-23 15:47:07,039 [omNode-1-server-thread2] INFO  server.RaftServer$Division (ServerState.java:setRaftConf(386)) - omNode-1@group-523986131536: set configuration conf: {index: 349, cur=peers:[omNode-3|localhost:15017, omNode-1|localhost:15009, omNode-2|localhost:15013]|listeners:[], old=null}
2025-04-23 15:47:07,039 [omNode-1-server-thread2] INFO  segmented.SegmentedRaftLogWorker (SegmentedRaftLogWorker.java:rollLogSegment(443)) - omNode-1@group-523986131536-SegmentedRaftLogWorker: Rolling segment log-339_340 to index:340
2025-04-23 15:47:07,040 [omNode-2@group-523986131536-SegmentedRaftLogWorker] INFO  segmented.SegmentedRaftLogWorker (SegmentedRaftLogWorker.java:execute(601)) - omNode-2@group-523986131536-SegmentedRaftLogWorker: Rolled log segment from /home/runner/work/ozone/ozone/hadoop-ozone/integration-test/target/test-dir/MiniOzoneClusterImpl-5cf50c17-c591-473f-a8c4-88d8665d28d7/omNode-2/ratis/c9bc4cf4-3bc3-3c60-a66b-523986131536/current/log_inprogress_341 to /home/runner/work/ozone/ozone/hadoop-ozone/integration-test/target/test-dir/MiniOzoneClusterImpl-5cf50c17-c591-473f-a8c4-88d8665d28d7/omNode-2/ratis/c9bc4cf4-3bc3-3c60-a66b-523986131536/current/log_341-348
2025-04-23 15:47:07,040 [omNode-1@group-523986131536-SegmentedRaftLogWorker] INFO  segmented.SegmentedRaftLogWorker (SegmentedRaftLogWorker.java:execute(601)) - omNode-1@group-523986131536-SegmentedRaftLogWorker: Rolled log segment from /home/runner/work/ozone/ozone/hadoop-ozone/integration-test/target/test-dir/MiniOzoneClusterImpl-5cf50c17-c591-473f-a8c4-88d8665d28d7/omNode-1/ratis/c9bc4cf4-3bc3-3c60-a66b-523986131536/current/log_inprogress_339 to /home/runner/work/ozone/ozone/hadoop-ozone/integration-test/target/test-dir/MiniOzoneClusterImpl-5cf50c17-c591-473f-a8c4-88d8665d28d7/omNode-1/ratis/c9bc4cf4-3bc3-3c60-a66b-523986131536/current/log_339-340
2025-04-23 15:47:07,040 [omNode-2@group-523986131536-SegmentedRaftLogWorker] INFO  segmented.BufferedWriteChannel (BufferedWriteChannel.java:open(61)) - open log_inprogress_349 at position 0
2025-04-23 15:47:07,040 [omNode-1@group-523986131536-SegmentedRaftLogWorker] INFO  segmented.BufferedWriteChannel (BufferedWriteChannel.java:open(61)) - open log_inprogress_341 at position 0
2025-04-23 15:47:07,041 [omNode-1-server-thread2] INFO  segmented.SegmentedRaftLogWorker (SegmentedRaftLogWorker.java:rollLogSegment(443)) - omNode-1@group-523986131536-SegmentedRaftLogWorker: Rolling segment log-341_348 to index:348
2025-04-23 15:47:07,052 [omNode-1@group-523986131536-SegmentedRaftLogWorker] INFO  segmented.SegmentedRaftLogWorker (SegmentedRaftLogWorker.java:execute(644)) - omNode-1@group-523986131536-SegmentedRaftLogWorker: created new log segment /home/runner/work/ozone/ozone/hadoop-ozone/integration-test/target/test-dir/MiniOzoneClusterImpl-5cf50c17-c591-473f-a8c4-88d8665d28d7/omNode-1/ratis/c9bc4cf4-3bc3-3c60-a66b-523986131536/current/log_inprogress_341
2025-04-23 15:47:07,053 [omNode-2@group-523986131536-SegmentedRaftLogWorker] INFO  segmented.SegmentedRaftLogWorker (SegmentedRaftLogWorker.java:execute(644)) - omNode-2@group-523986131536-SegmentedRaftLogWorker: created new log segment /home/runner/work/ozone/ozone/hadoop-ozone/integration-test/target/test-dir/MiniOzoneClusterImpl-5cf50c17-c591-473f-a8c4-88d8665d28d7/omNode-2/ratis/c9bc4cf4-3bc3-3c60-a66b-523986131536/current/log_inprogress_349
2025-04-23 15:47:07,053 [omNode-1@group-523986131536-SegmentedRaftLogWorker] INFO  segmented.SegmentedRaftLogWorker (SegmentedRaftLogWorker.java:execute(601)) - omNode-1@group-523986131536-SegmentedRaftLogWorker: Rolled log segment from /home/runner/work/ozone/ozone/hadoop-ozone/integration-test/target/test-dir/MiniOzoneClusterImpl-5cf50c17-c591-473f-a8c4-88d8665d28d7/omNode-1/ratis/c9bc4cf4-3bc3-3c60-a66b-523986131536/current/log_inprogress_341 to /home/runner/work/ozone/ozone/hadoop-ozone/integration-test/target/test-dir/MiniOzoneClusterImpl-5cf50c17-c591-473f-a8c4-88d8665d28d7/omNode-1/ratis/c9bc4cf4-3bc3-3c60-a66b-523986131536/current/log_341-348
2025-04-23 15:47:07,054 [omNode-1@group-523986131536-SegmentedRaftLogWorker] INFO  segmented.BufferedWriteChannel (BufferedWriteChannel.java:open(61)) - open log_inprogress_349 at position 0
2025-04-23 15:47:07,055 [omNode-3@group-523986131536-StateMachineUpdater] INFO  ratis.OzoneManagerStateMachine (OzoneManagerStateMachine.java:notifyConfigurationChanged(231)) - notifyConfigurationChanged from Ratis: term=19, index=349, New Peer list: omNode-3(localhost:15017), omNode-1(localhost:15009), omNode-2(localhost:15013)
2025-04-23 15:47:07,055 [omNode-3@group-523986131536-StateMachineUpdater] INFO  server.RaftServer$Division (LeaderStateImpl.java:checkStartIndex(313)) - Leader omNode-3@group-523986131536-LeaderStateImpl is ready since appliedIndex == startIndex == 349
2025-04-23 15:47:07,056 [omNode-2@group-523986131536-StateMachineUpdater] INFO  ratis.OzoneManagerStateMachine (OzoneManagerStateMachine.java:notifyConfigurationChanged(231)) - notifyConfigurationChanged from Ratis: term=19, index=349, New Peer list: omNode-3(localhost:15017), omNode-1(localhost:15009), omNode-2(localhost:15013)
2025-04-23 15:47:07,062 [omNode-1@group-523986131536-SegmentedRaftLogWorker] INFO  segmented.SegmentedRaftLogWorker (SegmentedRaftLogWorker.java:execute(644)) - omNode-1@group-523986131536-SegmentedRaftLogWorker: created new log segment /home/runner/work/ozone/ozone/hadoop-ozone/integration-test/target/test-dir/MiniOzoneClusterImpl-5cf50c17-c591-473f-a8c4-88d8665d28d7/omNode-1/ratis/c9bc4cf4-3bc3-3c60-a66b-523986131536/current/log_inprogress_349
2025-04-23 15:47:07,063 [omNode-1@group-523986131536-StateMachineUpdater] INFO  ratis.OzoneManagerStateMachine (OzoneManagerStateMachine.java:notifyConfigurationChanged(231)) - notifyConfigurationChanged from Ratis: term=18, index=341, New Peer list: omNode-3(localhost:15017), omNode-1(localhost:15009), omNode-2(localhost:15013)
2025-04-23 15:47:07,064 [omNode-1-OMStateMachineApplyTransactionThread - 0] WARN  helpers.OzoneAclUtil (OzoneAclUtil.java:getDefaultAclList(77)) - Failed to get primary group from user user02450 (auth:SIMPLE)
2025-04-23 15:47:07,065 [omNode-1-OMStateMachineApplyTransactionThread - 0] INFO  volume.OMVolumeCreateRequest (OMVolumeCreateRequest.java:validateAndUpdateCache(203)) - created volume:volume87108 for user:user02450
2025-04-23 15:47:07,066 [omNode-1-OMStateMachineApplyTransactionThread - 0] INFO  bucket.OMBucketCreateRequest (OMBucketCreateRequest.java:validateAndUpdateCache(291)) - created bucket: 56c215be-4a3f-445a-8d68-c7146af47382 of layout OBJECT_STORE in volume: volume87108
2025-04-23 15:47:07,066 [omNode-1@group-523986131536-StateMachineUpdater] INFO  ratis.OzoneManagerStateMachine (OzoneManagerStateMachine.java:notifyConfigurationChanged(231)) - notifyConfigurationChanged from Ratis: term=19, index=349, New Peer list: omNode-3(localhost:15017), omNode-1(localhost:15009), omNode-2(localhost:15013)
2025-04-23 15:47:07,066 [omNode-1-OMStateMachineApplyTransactionThread - 0] ERROR key.OMKeyCreateRequest (OMKeyCreateRequest.java:logResult(379)) - Key creation failed. Volume:volume87108, Bucket:56c215be-4a3f-445a-8d68-c7146af47382, Key:b6e4ec3f-d559-448a-83d8-7f7ce5e8f83a. 
com.google.protobuf.InvalidProtocolBufferException: Message missing required fields: volumeName, bucketName, keyName, dataSize, type, creationTime, modificationTime
	at com.google.protobuf.UninitializedMessageException.asInvalidProtocolBufferException(UninitializedMessageException.java:81)
	at com.google.protobuf.AbstractParser.checkMessageInitialized(AbstractParser.java:71)
	at com.google.protobuf.AbstractParser.parseFrom(AbstractParser.java:217)
	at com.google.protobuf.AbstractParser.parseFrom(AbstractParser.java:223)
	at com.google.protobuf.AbstractParser.parseFrom(AbstractParser.java:49)
	at org.apache.hadoop.hdds.utils.db.Proto2Codec.fromCodecBuffer(Proto2Codec.java:84)
	at org.apache.hadoop.hdds.utils.db.Proto2Codec.fromCodecBuffer(Proto2Codec.java:34)
	at org.apache.hadoop.hdds.utils.db.DelegatedCodec.fromCodecBuffer(DelegatedCodec.java:83)
	at org.apache.hadoop.hdds.utils.db.TypedTable.getFromTable(TypedTable.java:371)
	at org.apache.hadoop.hdds.utils.db.TypedTable.getFromTableIfExist(TypedTable.java:393)
	at org.apache.hadoop.hdds.utils.db.TypedTable.getIfExist(TypedTable.java:310)
	at org.apache.hadoop.ozone.om.request.key.OMKeyCreateRequest.validateAndUpdateCache(OMKeyCreateRequest.java:228)
	at org.apache.hadoop.ozone.protocolPB.OzoneManagerRequestHandler.lambda$0(OzoneManagerRequestHandler.java:419)
	at org.apache.hadoop.ozone.util.MetricUtil.captureLatencyNs(MetricUtil.java:45)
	at org.apache.hadoop.ozone.protocolPB.OzoneManagerRequestHandler.handleWriteRequestImpl(OzoneManagerRequestHandler.java:417)
	at org.apache.hadoop.ozone.protocolPB.RequestHandler.handleWriteRequest(RequestHandler.java:62)
	at org.apache.hadoop.ozone.om.ratis.OzoneManagerStateMachine.runCommand(OzoneManagerStateMachine.java:563)
	at org.apache.hadoop.ozone.om.ratis.OzoneManagerStateMachine.lambda$2(OzoneManagerStateMachine.java:379)
	at java.base/java.util.concurrent.CompletableFuture$AsyncSupply.run(CompletableFuture.java:1768)
	at java.base/java.util.concurrent.ThreadPoolExecutor.runWorker(ThreadPoolExecutor.java:1144)
	at java.base/java.util.concurrent.ThreadPoolExecutor$Worker.run(ThreadPoolExecutor.java:642)
	at java.base/java.lang.Thread.run(Thread.java:1583)
15:47:07.067 [omNode-1-OMStateMachineApplyTransactionThread - 0] ERROR OMAudit - user=runner | ip=127.0.0.1 | op=ALLOCATE_KEY {volume=volume87108, bucket=56c215be-4a3f-445a-8d68-c7146af47382, key=b6e4ec3f-d559-448a-83d8-7f7ce5e8f83a, dataSize=11, replicationType=RATIS, replicationFactor=ONE, Transaction=347} | ret=FAILURE
com.google.protobuf.InvalidProtocolBufferException: Message missing required fields: volumeName, bucketName, keyName, dataSize, type, creationTime, modificationTime
	at com.google.protobuf.UninitializedMessageException.asInvalidProtocolBufferException(UninitializedMessageException.java:81) ~[protobuf-java-2.5.0.jar:?]
	at com.google.protobuf.AbstractParser.checkMessageInitialized(AbstractParser.java:71) ~[protobuf-java-2.5.0.jar:?]
	at com.google.protobuf.AbstractParser.parseFrom(AbstractParser.java:217) ~[protobuf-java-2.5.0.jar:?]
	at com.google.protobuf.AbstractParser.parseFrom(AbstractParser.java:223) ~[protobuf-java-2.5.0.jar:?]
	at com.google.protobuf.AbstractParser.parseFrom(AbstractParser.java:49) ~[protobuf-java-2.5.0.jar:?]
	at org.apache.hadoop.hdds.utils.db.Proto2Codec.fromCodecBuffer(Proto2Codec.java:84) ~[hdds-common-2.1.0-SNAPSHOT.jar:?]
	at org.apache.hadoop.hdds.utils.db.Proto2Codec.fromCodecBuffer(Proto2Codec.java:34) ~[hdds-common-2.1.0-SNAPSHOT.jar:?]
	at org.apache.hadoop.hdds.utils.db.DelegatedCodec.fromCodecBuffer(DelegatedCodec.java:83) ~[hdds-common-2.1.0-SNAPSHOT.jar:?]
	at org.apache.hadoop.hdds.utils.db.TypedTable.getFromTable(TypedTable.java:371) ~[hdds-server-framework-2.1.0-SNAPSHOT.jar:?]
	at org.apache.hadoop.hdds.utils.db.TypedTable.getFromTableIfExist(TypedTable.java:393) ~[hdds-server-framework-2.1.0-SNAPSHOT.jar:?]
	at org.apache.hadoop.hdds.utils.db.TypedTable.getIfExist(TypedTable.java:310) ~[hdds-server-framework-2.1.0-SNAPSHOT.jar:?]
	at org.apache.hadoop.ozone.om.request.key.OMKeyCreateRequest.validateAndUpdateCache(OMKeyCreateRequest.java:228) ~[ozone-manager-2.1.0-SNAPSHOT.jar:?]
	at org.apache.hadoop.ozone.protocolPB.OzoneManagerRequestHandler.lambda$0(OzoneManagerRequestHandler.java:419) ~[ozone-manager-2.1.0-SNAPSHOT.jar:?]
	at org.apache.hadoop.ozone.util.MetricUtil.captureLatencyNs(MetricUtil.java:45) ~[hdds-common-2.1.0-SNAPSHOT.jar:?]
	at org.apache.hadoop.ozone.protocolPB.OzoneManagerRequestHandler.handleWriteRequestImpl(OzoneManagerRequestHandler.java:417) ~[ozone-manager-2.1.0-SNAPSHOT.jar:?]
	at org.apache.hadoop.ozone.protocolPB.RequestHandler.handleWriteRequest(RequestHandler.java:62) ~[ozone-manager-2.1.0-SNAPSHOT.jar:?]
	at org.apache.hadoop.ozone.om.ratis.OzoneManagerStateMachine.runCommand(OzoneManagerStateMachine.java:563) ~[ozone-manager-2.1.0-SNAPSHOT.jar:?]
	at org.apache.hadoop.ozone.om.ratis.OzoneManagerStateMachine.lambda$2(OzoneManagerStateMachine.java:379) ~[ozone-manager-2.1.0-SNAPSHOT.jar:?]
	at java.base/java.util.concurrent.CompletableFuture$AsyncSupply.run(CompletableFuture.java:1768) ~[?:?]
	at java.base/java.util.concurrent.ThreadPoolExecutor.runWorker(ThreadPoolExecutor.java:1144) ~[?:?]
	at java.base/java.util.concurrent.ThreadPoolExecutor$Worker.run(ThreadPoolExecutor.java:642) ~[?:?]
	at java.base/java.lang.Thread.run(Thread.java:1583) [?:?]
2025-04-23 15:47:07,068 [omNode-1-OMStateMachineApplyTransactionThread - 0] ERROR ratis.OzoneManagerStateMachine (ExitUtils.java:terminate(133)) - Terminating with exit status 1: OM Ratis Server has received unrecoverable error, to avoid further DB corruption, terminating OM. Error Response received is:cmdType: CreateKey
traceID: ""
success: false
message: "com.google.protobuf.InvalidProtocolBufferException: Message missing required fields: volumeName, bucketName, keyName, dataSize, type, creationTime, modificationTime\n\tat com.google.protobuf.UninitializedMessageException.asInvalidProtocolBufferException(UninitializedMessageException.java:81)\n\tat com.google.protobuf.AbstractParser.checkMessageInitialized(AbstractParser.java:71)\n\tat com.google.protobuf.AbstractParser.parseFrom(AbstractParser.java:217)\n\tat com.google.protobuf.AbstractParser.parseFrom(AbstractParser.java:223)\n\tat com.google.protobuf.AbstractParser.parseFrom(AbstractParser.java:49)\n\tat org.apache.hadoop.hdds.utils.db.Proto2Codec.fromCodecBuffer(Proto2Codec.java:84)\n\tat org.apache.hadoop.hdds.utils.db.Proto2Codec.fromCodecBuffer(Proto2Codec.java:34)\n\tat org.apache.hadoop.hdds.utils.db.DelegatedCodec.fromCodecBuffer(DelegatedCodec.java:83)\n\tat org.apache.hadoop.hdds.utils.db.TypedTable.getFromTable(TypedTable.java:371)\n\tat org.apache.hadoop.hdds.utils.db.TypedTable.getFromTableIfExist(TypedTable.java:393)\n\tat org.apache.hadoop.hdds.utils.db.TypedTable.getIfExist(TypedTable.java:310)\n\tat org.apache.hadoop.ozone.om.request.key.OMKeyCreateRequest.validateAndUpdateCache(OMKeyCreateRequest.java:228)\n\tat org.apache.hadoop.ozone.protocolPB.OzoneManagerRequestHandler.lambda$0(OzoneManagerRequestHandler.java:419)\n\tat org.apache.hadoop.ozone.util.MetricUtil.captureLatencyNs(MetricUtil.java:45)\n\tat org.apache.hadoop.ozone.protocolPB.OzoneManagerRequestHandler.handleWriteRequestImpl(OzoneManagerRequestHandler.java:417)\n\tat org.apache.hadoop.ozone.protocolPB.RequestHandler.handleWriteRequest(RequestHandler.java:62)\n\tat org.apache.hadoop.ozone.om.ratis.OzoneManagerStateMachine.runCommand(OzoneManagerStateMachine.java:563)\n\tat org.apache.hadoop.ozone.om.ratis.OzoneManagerStateMachine.lambda$2(OzoneManagerStateMachine.java:379)\n\tat java.base/java.util.concurrent.CompletableFuture$AsyncSupply.run(CompletableFuture.java:1768)\n\tat java.base/java.util.concurrent.ThreadPoolExecutor.runWorker(ThreadPoolExecutor.java:1144)\n\tat java.base/java.util.concurrent.ThreadPoolExecutor$Worker.run(ThreadPoolExecutor.java:642)\n\tat java.base/java.lang.Thread.run(Thread.java:1583)\n"
status: INTERNAL_ERROR
omLockDetails {
  isLockAcquired: false
  waitLockNanos: 1944
  readLockNanos: 0
  writeLockNanos: 425746
}

INTERNAL_ERROR org.apache.hadoop.ozone.om.exceptions.OMException: com.google.protobuf.InvalidProtocolBufferException: Message missing required fields: volumeName, bucketName, keyName, dataSize, type, creationTime, modificationTime
	at com.google.protobuf.UninitializedMessageException.asInvalidProtocolBufferException(UninitializedMessageException.java:81)
	at com.google.protobuf.AbstractParser.checkMessageInitialized(AbstractParser.java:71)
	at com.google.protobuf.AbstractParser.parseFrom(AbstractParser.java:217)
	at com.google.protobuf.AbstractParser.parseFrom(AbstractParser.java:223)
	at com.google.protobuf.AbstractParser.parseFrom(AbstractParser.java:49)
	at org.apache.hadoop.hdds.utils.db.Proto2Codec.fromCodecBuffer(Proto2Codec.java:84)
	at org.apache.hadoop.hdds.utils.db.Proto2Codec.fromCodecBuffer(Proto2Codec.java:34)
	at org.apache.hadoop.hdds.utils.db.DelegatedCodec.fromCodecBuffer(DelegatedCodec.java:83)
	at org.apache.hadoop.hdds.utils.db.TypedTable.getFromTable(TypedTable.java:371)
	at org.apache.hadoop.hdds.utils.db.TypedTable.getFromTableIfExist(TypedTable.java:393)
	at org.apache.hadoop.hdds.utils.db.TypedTable.getIfExist(TypedTable.java:310)
	at org.apache.hadoop.ozone.om.request.key.OMKeyCreateRequest.validateAndUpdateCache(OMKeyCreateRequest.java:228)
	at org.apache.hadoop.ozone.protocolPB.OzoneManagerRequestHandler.lambda$0(OzoneManagerRequestHandler.java:419)
	at org.apache.hadoop.ozone.util.MetricUtil.captureLatencyNs(MetricUtil.java:45)
	at org.apache.hadoop.ozone.protocolPB.OzoneManagerRequestHandler.handleWriteRequestImpl(OzoneManagerRequestHandler.java:417)
	at org.apache.hadoop.ozone.protocolPB.RequestHandler.handleWriteRequest(RequestHandler.java:62)
	at org.apache.hadoop.ozone.om.ratis.OzoneManagerStateMachine.runCommand(OzoneManagerStateMachine.java:563)
	at org.apache.hadoop.ozone.om.ratis.OzoneManagerStateMachine.lambda$2(OzoneManagerStateMachine.java:379)
	at java.base/java.util.concurrent.CompletableFuture$AsyncSupply.run(CompletableFuture.java:1768)
	at java.base/java.util.concurrent.ThreadPoolExecutor.runWorker(ThreadPoolExecutor.java:1144)
	at java.base/java.util.concurrent.ThreadPoolExecutor$Worker.run(ThreadPoolExecutor.java:642)
	at java.base/java.lang.Thread.run(Thread.java:1583)

	at org.apache.hadoop.ozone.om.ratis.OzoneManagerStateMachine.terminate(OzoneManagerStateMachine.java:403)
	at org.apache.hadoop.ozone.om.ratis.OzoneManagerStateMachine.processResponse(OzoneManagerStateMachine.java:392)
	at java.base/java.util.concurrent.CompletableFuture$UniApply.tryFire(CompletableFuture.java:646)
	at java.base/java.util.concurrent.CompletableFuture.postComplete(CompletableFuture.java:510)
	at java.base/java.util.concurrent.CompletableFuture$AsyncSupply.run(CompletableFuture.java:1773)
	at java.base/java.util.concurrent.ThreadPoolExecutor.runWorker(ThreadPoolExecutor.java:1144)
	at java.base/java.util.concurrent.ThreadPoolExecutor$Worker.run(ThreadPoolExecutor.java:642)
	at java.base/java.lang.Thread.run(Thread.java:1583)
2025-04-23 15:47:07,212 [main] INFO  reflections.Reflections (Reflections.java:scan(219)) - Reflections took 363 ms to scan 22 urls, producing 61 keys and 7422 values
2025-04-23 15:47:07,213 [main] INFO  ipc.CallQueueManager (CallQueueManager.java:<init>(93)) - Using callQueue: class java.util.concurrent.LinkedBlockingQueue, queueCapacity: 2000, scheduler: class org.apache.hadoop.ipc.DefaultRpcScheduler, ipcBackoff: false, ipcFailOver: false.
2025-04-23 15:47:07,213 [main] INFO  ipc.Server (Server.java:<init>(1438)) - Listener at localhost:15010
2025-04-23 15:47:07,214 [Socket Reader #1 for port 15010] INFO  ipc.Server (Server.java:run(1474)) - Starting Socket Reader #1 for port 15010
2025-04-23 15:47:07,214 [Socket Reader #2 for port 15010] INFO  ipc.Server (Server.java:run(1474)) - Starting Socket Reader #2 for port 15010
2025-04-23 15:47:07,214 [Socket Reader #3 for port 15010] INFO  ipc.Server (Server.java:run(1474)) - Starting Socket Reader #3 for port 15010
2025-04-23 15:47:07,214 [Socket Reader #4 for port 15010] INFO  ipc.Server (Server.java:run(1474)) - Starting Socket Reader #4 for port 15010
2025-04-23 15:47:07,214 [Socket Reader #5 for port 15010] INFO  ipc.Server (Server.java:run(1474)) - Starting Socket Reader #5 for port 15010
2025-04-23 15:47:07,214 [Socket Reader #6 for port 15010] INFO  ipc.Server (Server.java:run(1474)) - Starting Socket Reader #6 for port 15010
2025-04-23 15:47:07,214 [Socket Reader #7 for port 15010] INFO  ipc.Server (Server.java:run(1474)) - Starting Socket Reader #7 for port 15010
2025-04-23 15:47:07,215 [Socket Reader #8 for port 15010] INFO  ipc.Server (Server.java:run(1474)) - Starting Socket Reader #8 for port 15010
2025-04-23 15:47:07,215 [Socket Reader #9 for port 15010] INFO  ipc.Server (Server.java:run(1474)) - Starting Socket Reader #9 for port 15010
2025-04-23 15:47:07,215 [Socket Reader #10 for port 15010] INFO  ipc.Server (Server.java:run(1474)) - Starting Socket Reader #10 for port 15010
2025-04-23 15:47:07,217 [main] INFO  http.BaseHttpServer (BaseHttpServer.java:newHttpServer2BuilderForOzone(229)) - Starting Web-server for ozoneManager at: http://0.0.0.0:15011
2025-04-23 15:47:07,217 [main] INFO  http.BaseHttpServer (BaseHttpServer.java:<init>(107)) - Hadoop Security Enabled: false Ozone Security Enabled: false Ozone HTTP Security Enabled: false 
2025-04-23 15:47:07,217 [main] WARN  server.AuthenticationFilter (AuthenticationFilter.java:constructSecretProvider(240)) - Unable to initialize FileSignerSecretProvider, falling back to use random secrets. Reason: Could not read signature secret file: /home/runner/hadoop-http-auth-signature-secret
2025-04-23 15:47:07,219 [main] INFO  http.HttpServer2 (HttpServer2.java:addGlobalFilter(1041)) - Added global filter 'safety' (class=org.apache.hadoop.hdds.server.http.HttpServer2$QuotingInputFilter)
2025-04-23 15:47:07,219 [main] INFO  http.HttpServer2 (HttpServer2.java:addFilter(1017)) - Added filter static_user_filter (class=org.apache.hadoop.http.lib.StaticUserWebFilter$StaticUserFilter) to context ozoneManager
2025-04-23 15:47:07,219 [main] INFO  http.HttpServer2 (HttpServer2.java:addFilter(1025)) - Added filter static_user_filter (class=org.apache.hadoop.http.lib.StaticUserWebFilter$StaticUserFilter) to context logs
2025-04-23 15:47:07,219 [main] INFO  http.HttpServer2 (HttpServer2.java:addFilter(1025)) - Added filter static_user_filter (class=org.apache.hadoop.http.lib.StaticUserWebFilter$StaticUserFilter) to context static
2025-04-23 15:47:07,220 [main] INFO  http.BaseHttpServer (BaseHttpServer.java:<init>(195)) - HTTP server of ozoneManager uses base directory /home/runner/work/ozone/ozone/hadoop-ozone/integration-test/target/test-dir/MiniOzoneClusterImpl-5cf50c17-c591-473f-a8c4-88d8665d28d7/omNode-2/webserver
2025-04-23 15:47:07,220 [main] INFO  http.HttpServer2 (HttpServer2.java:bindListener(1241)) - Jetty bound to port 15011
2025-04-23 15:47:07,220 [main] INFO  server.Server (Server.java:doStart(375)) - jetty-9.4.57.v20241219; built: 2025-01-08T21:24:30.412Z; git: df524e6b29271c2e09ba9aea83c18dc9db464a31; jvm 21.0.7+6-LTS
2025-04-23 15:47:07,221 [main] INFO  server.session (DefaultSessionIdManager.java:doStart(334)) - DefaultSessionIdManager workerName=node0
2025-04-23 15:47:07,221 [main] INFO  server.session (DefaultSessionIdManager.java:doStart(339)) - No SessionScavenger set, using defaults
2025-04-23 15:47:07,221 [main] INFO  server.session (HouseKeeper.java:startScavenging(132)) - node0 Scavenging every 600000ms
2025-04-23 15:47:07,222 [main] INFO  handler.ContextHandler (ContextHandler.java:doStart(921)) - Started o.e.j.s.ServletContextHandler@79613651{logs,/logs,file:///home/runner/work/ozone/ozone/hadoop-ozone/integration-test/target/log,AVAILABLE}
2025-04-23 15:47:07,222 [main] INFO  handler.ContextHandler (ContextHandler.java:doStart(921)) - Started o.e.j.s.ServletContextHandler@1bc62063{static,/static,file:///home/runner/work/ozone/ozone/hadoop-ozone/integration-test/target/test-classes/webapps/static,AVAILABLE}
2025-04-23 15:47:07,226 [main] INFO  handler.ContextHandler (ContextHandler.java:doStart(921)) - Started o.e.j.w.WebAppContext@18c38c5b{ozoneManager,/,file:///home/runner/work/ozone/ozone/hadoop-ozone/integration-test/target/test-classes/webapps/ozoneManager/,AVAILABLE}{file:/home/runner/work/ozone/ozone/hadoop-ozone/integration-test/target/test-classes/webapps/ozoneManager}
2025-04-23 15:47:07,226 [main] INFO  server.AbstractConnector (AbstractConnector.java:doStart(333)) - Started ServerConnector@3ab3f433{HTTP/1.1, (http/1.1)}{0.0.0.0:15011}
2025-04-23 15:47:07,226 [main] INFO  server.Server (Server.java:doStart(415)) - Started @162208ms
2025-04-23 15:47:07,226 [main] WARN  impl.MetricsSystemImpl (MetricsSystemImpl.java:register(279)) - Sink prometheus already exists!
2025-04-23 15:47:07,227 [main] INFO  http.BaseHttpServer (BaseHttpServer.java:updateConnectorAddress(360)) - HTTP server of ozoneManager listening at http://0.0.0.0:15011
2025-04-23 15:47:07,227 [IPC Server Responder] INFO  ipc.Server (Server.java:run(1713)) - IPC Server Responder: starting
2025-04-23 15:47:07,227 [IPC Server listener on 15010] INFO  ipc.Server (Server.java:run(1553)) - IPC Server listener on 15010: starting
2025-04-23 15:47:07,229 [main] INFO  om.OzoneManager (OzoneManager.java:startTrashEmptier(2257)) - Trash Interval set to 0. Files deleted won't move to trash
]]></system-out>
  </testcase>
  <testcase name="testOMRestart" classname="org.apache.hadoop.ozone.om.TestOzoneManagerHAWithStoppedNodes" time="38.224">
    <system-out><![CDATA[2025-04-23 15:47:07,246 [main] INFO  ozone.MiniOzoneClusterImpl (MiniOzoneClusterImpl.java:shutdown(393)) - Shutting down the Mini Ozone Cluster
2025-04-23 15:47:07,248 [main] INFO  db.CodecTestUtil (CodecTestUtil.java:gc(49)) - gc 0
2025-04-23 15:47:07,515 [main] INFO  ozone.MiniOzoneHAClusterImpl (MiniOzoneHAClusterImpl.java:stop(289)) - Stopping the OzoneManager omNode-3
2025-04-23 15:47:07,515 [main] INFO  om.OzoneManager (OzoneManager.java:stop(2347)) - omNode-3[localhost:15014]: Stopping Ozone Manager
2025-04-23 15:47:07,515 [main] INFO  ipc.Server (Server.java:stop(3697)) - Stopping server on 15014
2025-04-23 15:47:07,520 [IPC Server listener on 15014] INFO  ipc.Server (Server.java:run(1585)) - Stopping IPC Server listener on 15014
2025-04-23 15:47:07,520 [IPC Server Responder] INFO  ipc.Server (Server.java:run(1718)) - Stopping IPC Server Responder
2025-04-23 15:47:07,520 [main] INFO  ratis.OzoneManagerRatisServer (OzoneManagerRatisServer.java:stop(634)) - Stopping org.apache.hadoop.ozone.om.ratis.OzoneManagerRatisServer@39212b7d at port 15017
2025-04-23 15:47:07,520 [main] INFO  server.RaftServer (RaftServerProxy.java:lambda$close$9(417)) - omNode-3: close
2025-04-23 15:47:07,521 [main] INFO  server.GrpcService (GrpcService.java:closeImpl(343)) - omNode-3: shutdown server GrpcServerProtocolService now
2025-04-23 15:47:07,522 [omNode-3-impl-thread1] INFO  server.RaftServer$Division (RaftServerImpl.java:lambda$close$1(513)) - omNode-3@group-523986131536: shutdown
2025-04-23 15:47:07,522 [Thread-6814] INFO  server.GrpcServerProtocolClient (GrpcServerProtocolClient.java:close(105)) - omNode-1 Close channels
2025-04-23 15:47:07,522 [omNode-3-impl-thread1] INFO  util.JmxRegister (JmxRegister.java:unregister(74)) - Successfully un-registered JMX Bean with object name Ratis:service=RaftServer,group=group-523986131536,id=omNode-3
2025-04-23 15:47:07,522 [omNode-3-impl-thread1] INFO  impl.RoleInfo (RoleInfo.java:shutdownLeaderState(103)) - omNode-3: shutdown omNode-3@group-523986131536-LeaderStateImpl
2025-04-23 15:47:07,522 [omNode-3-impl-thread1] INFO  impl.PendingRequests (PendingRequests.java:sendNotLeaderResponses(287)) - omNode-3@group-523986131536-PendingRequests: sendNotLeaderResponses
2025-04-23 15:47:07,523 [Thread-6815] INFO  server.GrpcServerProtocolClient (GrpcServerProtocolClient.java:close(105)) - omNode-2 Close channels
2025-04-23 15:47:07,523 [omNode-3@group-523986131536->omNode-1-GrpcLogAppender-LogAppenderDaemon] WARN  server.GrpcLogAppender (GrpcLogAppender.java:mayWait(293)) - omNode-3@group-523986131536->omNode-1-GrpcLogAppender: Wait interrupted by java.lang.InterruptedException
2025-04-23 15:47:07,524 [omNode-3@group-523986131536->omNode-2-GrpcLogAppender-LogAppenderDaemon] WARN  server.GrpcLogAppender (GrpcLogAppender.java:mayWait(293)) - omNode-3@group-523986131536->omNode-2-GrpcLogAppender: Wait interrupted by java.lang.InterruptedException
2025-04-23 15:47:07,524 [grpc-default-executor-7] INFO  server.GrpcServerProtocolService (GrpcServerProtocolService.java:onCompleted(157)) - omNode-2: Completed APPEND_ENTRIES, lastRequest: null
2025-04-23 15:47:07,524 [grpc-default-executor-2] INFO  server.GrpcServerProtocolService (GrpcServerProtocolService.java:onCompleted(157)) - omNode-1: Completed APPEND_ENTRIES, lastRequest: omNode-3->omNode-1#5-t19,previous=(t:19, i:349),leaderCommit=349,initializing? false,entries: size=1, first=(t:19, i:350), METADATAENTRY(c:349)
2025-04-23 15:47:07,524 [grpc-default-executor-2] INFO  server.GrpcServerProtocolService (GrpcServerProtocolService.java:lambda$onCompleted$5(159)) - omNode-1: Completed APPEND_ENTRIES, lastReply: null
2025-04-23 15:47:07,524 [grpc-default-executor-6] INFO  server.GrpcServerProtocolService (GrpcServerProtocolService.java:onCompleted(157)) - omNode-2: Completed APPEND_ENTRIES, lastRequest: omNode-3->omNode-2#2-t19,previous=(t:19, i:349),leaderCommit=349,initializing? false,entries: size=1, first=(t:19, i:350), METADATAENTRY(c:349)
2025-04-23 15:47:07,524 [grpc-default-executor-6] INFO  server.GrpcServerProtocolService (GrpcServerProtocolService.java:lambda$onCompleted$5(159)) - omNode-2: Completed APPEND_ENTRIES, lastReply: null
2025-04-23 15:47:07,526 [grpc-default-executor-6] INFO  server.GrpcLogAppender (GrpcLogAppender.java:onCompleted(550)) - omNode-3@group-523986131536->omNode-1-AppendLogResponseHandler: follower responses appendEntries COMPLETED
2025-04-23 15:47:07,526 [grpc-default-executor-6] WARN  server.GrpcLogAppender (GrpcLogAppender.java:resetClient(230)) - omNode-3@group-523986131536->omNode-1-GrpcLogAppender: Failed to getClient for omNode-1
org.apache.ratis.protocol.exceptions.AlreadyClosedException: omNode-3 is already CLOSED
	at org.apache.ratis.util.PeerProxyMap$PeerAndProxy.getProxy(PeerProxyMap.java:67)
	at org.apache.ratis.util.PeerProxyMap.getProxy(PeerProxyMap.java:124)
	at org.apache.ratis.grpc.server.GrpcLogAppender.getClient(GrpcLogAppender.java:200)
	at org.apache.ratis.grpc.server.GrpcLogAppender.resetClient(GrpcLogAppender.java:205)
	at org.apache.ratis.grpc.server.GrpcLogAppender.access$800(GrpcLogAppender.java:64)
	at org.apache.ratis.grpc.server.GrpcLogAppender$AppendLogResponseHandler.onCompleted(GrpcLogAppender.java:551)
	at org.apache.ratis.thirdparty.io.grpc.stub.ClientCalls$StreamObserverToCallListenerAdapter.onClose(ClientCalls.java:479)
	at org.apache.ratis.thirdparty.io.grpc.internal.ClientCallImpl.closeObserver(ClientCallImpl.java:567)
	at org.apache.ratis.thirdparty.io.grpc.internal.ClientCallImpl.access$300(ClientCallImpl.java:71)
	at org.apache.ratis.thirdparty.io.grpc.internal.ClientCallImpl$ClientStreamListenerImpl$1StreamClosed.runInternal(ClientCallImpl.java:735)
	at org.apache.ratis.thirdparty.io.grpc.internal.ClientCallImpl$ClientStreamListenerImpl$1StreamClosed.runInContext(ClientCallImpl.java:716)
	at org.apache.ratis.thirdparty.io.grpc.internal.ContextRunnable.run(ContextRunnable.java:37)
	at org.apache.ratis.thirdparty.io.grpc.internal.SerializingExecutor.run(SerializingExecutor.java:133)
	at java.base/java.util.concurrent.ThreadPoolExecutor.runWorker(ThreadPoolExecutor.java:1144)
	at java.base/java.util.concurrent.ThreadPoolExecutor$Worker.run(ThreadPoolExecutor.java:642)
	at java.base/java.lang.Thread.run(Thread.java:1583)
2025-04-23 15:47:07,524 [grpc-default-executor-0] INFO  server.GrpcServerProtocolService (GrpcServerProtocolService.java:onCompleted(157)) - omNode-1: Completed APPEND_ENTRIES, lastRequest: null
2025-04-23 15:47:07,527 [grpc-default-executor-0] INFO  server.GrpcServerProtocolService (GrpcServerProtocolService.java:lambda$onCompleted$5(159)) - omNode-1: Completed APPEND_ENTRIES, lastReply: serverReply {
  requestorId: "omNode-3"
  replyId: "omNode-1"
  raftGroupId {
    id: "\311\274L\364;\303<`\246kR9\206\023\0256"
  }
}
term: 19
nextIndex: 341
result: INCONSISTENCY
followerCommit: 340
matchIndex: 18446744073709551615
isHearbeat: true

2025-04-23 15:47:07,527 [omNode-3-impl-thread1] INFO  impl.StateMachineUpdater (StateMachineUpdater.java:stopAndJoin(164)) - omNode-3@group-523986131536-StateMachineUpdater: set stopIndex = 350
2025-04-23 15:47:07,526 [grpc-default-executor-7] INFO  server.GrpcServerProtocolService (GrpcServerProtocolService.java:lambda$onCompleted$5(159)) - omNode-2: Completed APPEND_ENTRIES, lastReply: serverReply {
  requestorId: "omNode-3"
  replyId: "omNode-2"
  raftGroupId {
    id: "\311\274L\364;\303<`\246kR9\206\023\0256"
  }
  success: true
}
term: 19
nextIndex: 349
followerCommit: 348
matchIndex: 18446744073709551615
isHearbeat: true

2025-04-23 15:47:07,528 [grpc-default-executor-7] INFO  server.GrpcLogAppender (GrpcLogAppender.java:onCompleted(550)) - omNode-3@group-523986131536->omNode-2-AppendLogResponseHandler: follower responses appendEntries COMPLETED
2025-04-23 15:47:07,528 [grpc-default-executor-7] WARN  server.GrpcLogAppender (GrpcLogAppender.java:resetClient(230)) - omNode-3@group-523986131536->omNode-2-GrpcLogAppender: Failed to getClient for omNode-2
org.apache.ratis.protocol.exceptions.AlreadyClosedException: omNode-3 is already CLOSED
	at org.apache.ratis.util.PeerProxyMap$PeerAndProxy.getProxy(PeerProxyMap.java:67)
	at org.apache.ratis.util.PeerProxyMap.getProxy(PeerProxyMap.java:124)
	at org.apache.ratis.grpc.server.GrpcLogAppender.getClient(GrpcLogAppender.java:200)
	at org.apache.ratis.grpc.server.GrpcLogAppender.resetClient(GrpcLogAppender.java:205)
	at org.apache.ratis.grpc.server.GrpcLogAppender.access$800(GrpcLogAppender.java:64)
	at org.apache.ratis.grpc.server.GrpcLogAppender$AppendLogResponseHandler.onCompleted(GrpcLogAppender.java:551)
	at org.apache.ratis.thirdparty.io.grpc.stub.ClientCalls$StreamObserverToCallListenerAdapter.onClose(ClientCalls.java:479)
	at org.apache.ratis.thirdparty.io.grpc.internal.DelayedClientCall$DelayedListener$3.run(DelayedClientCall.java:489)
	at org.apache.ratis.thirdparty.io.grpc.internal.DelayedClientCall$DelayedListener.delayOrExecute(DelayedClientCall.java:453)
	at org.apache.ratis.thirdparty.io.grpc.internal.DelayedClientCall$DelayedListener.onClose(DelayedClientCall.java:486)
	at org.apache.ratis.thirdparty.io.grpc.internal.ClientCallImpl.closeObserver(ClientCallImpl.java:567)
	at org.apache.ratis.thirdparty.io.grpc.internal.ClientCallImpl.access$300(ClientCallImpl.java:71)
	at org.apache.ratis.thirdparty.io.grpc.internal.ClientCallImpl$ClientStreamListenerImpl$1StreamClosed.runInternal(ClientCallImpl.java:735)
	at org.apache.ratis.thirdparty.io.grpc.internal.ClientCallImpl$ClientStreamListenerImpl$1StreamClosed.runInContext(ClientCallImpl.java:716)
	at org.apache.ratis.thirdparty.io.grpc.internal.ContextRunnable.run(ContextRunnable.java:37)
	at org.apache.ratis.thirdparty.io.grpc.internal.SerializingExecutor.run(SerializingExecutor.java:133)
	at java.base/java.util.concurrent.ThreadPoolExecutor.runWorker(ThreadPoolExecutor.java:1144)
	at java.base/java.util.concurrent.ThreadPoolExecutor$Worker.run(ThreadPoolExecutor.java:642)
	at java.base/java.lang.Thread.run(Thread.java:1583)
2025-04-23 15:47:07,530 [grpc-default-executor-1] INFO  server.GrpcLogAppender (GrpcLogAppender.java:onCompleted(550)) - omNode-3@group-523986131536->omNode-2-AppendLogResponseHandler: follower responses appendEntries COMPLETED
2025-04-23 15:47:07,530 [grpc-default-executor-1] WARN  server.GrpcLogAppender (GrpcLogAppender.java:resetClient(230)) - omNode-3@group-523986131536->omNode-2-GrpcLogAppender: Failed to getClient for omNode-2
org.apache.ratis.protocol.exceptions.AlreadyClosedException: omNode-3 is already CLOSED
	at org.apache.ratis.util.PeerProxyMap$PeerAndProxy.getProxy(PeerProxyMap.java:67)
	at org.apache.ratis.util.PeerProxyMap.getProxy(PeerProxyMap.java:124)
	at org.apache.ratis.grpc.server.GrpcLogAppender.getClient(GrpcLogAppender.java:200)
	at org.apache.ratis.grpc.server.GrpcLogAppender.resetClient(GrpcLogAppender.java:205)
	at org.apache.ratis.grpc.server.GrpcLogAppender.access$800(GrpcLogAppender.java:64)
	at org.apache.ratis.grpc.server.GrpcLogAppender$AppendLogResponseHandler.onCompleted(GrpcLogAppender.java:551)
	at org.apache.ratis.thirdparty.io.grpc.stub.ClientCalls$StreamObserverToCallListenerAdapter.onClose(ClientCalls.java:479)
	at org.apache.ratis.thirdparty.io.grpc.internal.ClientCallImpl.closeObserver(ClientCallImpl.java:567)
	at org.apache.ratis.thirdparty.io.grpc.internal.ClientCallImpl.access$300(ClientCallImpl.java:71)
	at org.apache.ratis.thirdparty.io.grpc.internal.ClientCallImpl$ClientStreamListenerImpl$1StreamClosed.runInternal(ClientCallImpl.java:735)
	at org.apache.ratis.thirdparty.io.grpc.internal.ClientCallImpl$ClientStreamListenerImpl$1StreamClosed.runInContext(ClientCallImpl.java:716)
	at org.apache.ratis.thirdparty.io.grpc.internal.ContextRunnable.run(ContextRunnable.java:37)
	at org.apache.ratis.thirdparty.io.grpc.internal.SerializingExecutor.run(SerializingExecutor.java:133)
	at java.base/java.util.concurrent.ThreadPoolExecutor.runWorker(ThreadPoolExecutor.java:1144)
	at java.base/java.util.concurrent.ThreadPoolExecutor$Worker.run(ThreadPoolExecutor.java:642)
	at java.base/java.lang.Thread.run(Thread.java:1583)
2025-04-23 15:47:07,531 [grpc-default-executor-1] INFO  server.GrpcLogAppender (GrpcLogAppender.java:onCompleted(550)) - omNode-3@group-523986131536->omNode-1-AppendLogResponseHandler: follower responses appendEntries COMPLETED
2025-04-23 15:47:07,531 [grpc-default-executor-1] WARN  server.GrpcLogAppender (GrpcLogAppender.java:resetClient(230)) - omNode-3@group-523986131536->omNode-1-GrpcLogAppender: Failed to getClient for omNode-1
org.apache.ratis.protocol.exceptions.AlreadyClosedException: omNode-3 is already CLOSED
	at org.apache.ratis.util.PeerProxyMap$PeerAndProxy.getProxy(PeerProxyMap.java:67)
	at org.apache.ratis.util.PeerProxyMap.getProxy(PeerProxyMap.java:124)
	at org.apache.ratis.grpc.server.GrpcLogAppender.getClient(GrpcLogAppender.java:200)
	at org.apache.ratis.grpc.server.GrpcLogAppender.resetClient(GrpcLogAppender.java:205)
	at org.apache.ratis.grpc.server.GrpcLogAppender.access$800(GrpcLogAppender.java:64)
	at org.apache.ratis.grpc.server.GrpcLogAppender$AppendLogResponseHandler.onCompleted(GrpcLogAppender.java:551)
	at org.apache.ratis.thirdparty.io.grpc.stub.ClientCalls$StreamObserverToCallListenerAdapter.onClose(ClientCalls.java:479)
	at org.apache.ratis.thirdparty.io.grpc.internal.DelayedClientCall$DelayedListener$3.run(DelayedClientCall.java:489)
	at org.apache.ratis.thirdparty.io.grpc.internal.DelayedClientCall$DelayedListener.delayOrExecute(DelayedClientCall.java:453)
	at org.apache.ratis.thirdparty.io.grpc.internal.DelayedClientCall$DelayedListener.onClose(DelayedClientCall.java:486)
	at org.apache.ratis.thirdparty.io.grpc.internal.ClientCallImpl.closeObserver(ClientCallImpl.java:567)
	at org.apache.ratis.thirdparty.io.grpc.internal.ClientCallImpl.access$300(ClientCallImpl.java:71)
	at org.apache.ratis.thirdparty.io.grpc.internal.ClientCallImpl$ClientStreamListenerImpl$1StreamClosed.runInternal(ClientCallImpl.java:735)
	at org.apache.ratis.thirdparty.io.grpc.internal.ClientCallImpl$ClientStreamListenerImpl$1StreamClosed.runInContext(ClientCallImpl.java:716)
	at org.apache.ratis.thirdparty.io.grpc.internal.ContextRunnable.run(ContextRunnable.java:37)
	at org.apache.ratis.thirdparty.io.grpc.internal.SerializingExecutor.run(SerializingExecutor.java:133)
	at java.base/java.util.concurrent.ThreadPoolExecutor.runWorker(ThreadPoolExecutor.java:1144)
	at java.base/java.util.concurrent.ThreadPoolExecutor$Worker.run(ThreadPoolExecutor.java:642)
	at java.base/java.lang.Thread.run(Thread.java:1583)
2025-04-23 15:47:07,534 [main] INFO  server.GrpcService (GrpcService.java:closeImpl(352)) - omNode-3: shutdown server GrpcServerProtocolService successfully
2025-04-23 15:47:07,538 [omNode-3@group-523986131536-StateMachineUpdater] INFO  ratis.OzoneManagerStateMachine (OzoneManagerStateMachine.java:takeSnapshotImpl(510)) - omNode-3: taking snapshot. applied = (t:19, i:350), skipped = 347, notified = (t:19, i:350), current snapshot index = (t:19, i:350), took 11 ms
2025-04-23 15:47:07,539 [omNode-3@group-523986131536-StateMachineUpdater] INFO  impl.StateMachineUpdater (StateMachineUpdater.java:takeSnapshot(303)) - omNode-3@group-523986131536-StateMachineUpdater: Took a snapshot at index 350
2025-04-23 15:47:07,539 [omNode-3@group-523986131536-StateMachineUpdater] INFO  impl.StateMachineUpdater (StateMachineUpdater.java:lambda$new$0(102)) - omNode-3@group-523986131536-StateMachineUpdater: snapshotIndex: updateIncreasingly 347 -> 350
2025-04-23 15:47:07,539 [omNode-3@group-523986131536-StateMachineUpdater] INFO  impl.StateMachineUpdater (StateMachineUpdater.java:stop(141)) - omNode-3@group-523986131536-StateMachineUpdater: closing OzoneManagerStateMachine, lastApplied=(t:19, i:350)
2025-04-23 15:47:07,539 [omNode-3@group-523986131536-StateMachineUpdater] INFO  ratis.OzoneManagerStateMachine (OzoneManagerStateMachine.java:close(550)) - Stopping OzoneManagerStateMachine:omNode-3:group-523986131536.
2025-04-23 15:47:07,540 [omNode-3@group-523986131536-StateMachineUpdater] INFO  ratis.OzoneManagerDoubleBuffer (OzoneManagerDoubleBuffer.java:stopDaemon(500)) - Stopping OMDoubleBuffer flush thread
2025-04-23 15:47:07,540 [omNode-3-OMDoubleBufferFlushThread] INFO  ratis.OzoneManagerDoubleBuffer (OzoneManagerDoubleBuffer.java:canFlush(559)) - OMDoubleBuffer flush thread omNode-3-OMDoubleBufferFlushThread is interrupted and will exit.
2025-04-23 15:47:07,540 [omNode-3@group-523986131536-cacheEviction-AwaitToRun] INFO  util.AwaitToRun (AwaitToRun.java:run(49)) - omNode-3@group-523986131536-cacheEviction-AwaitToRun-AwaitForSignal is interrupted
2025-04-23 15:47:08,055 [omNode-3-impl-thread1] INFO  segmented.SegmentedRaftLogWorker (SegmentedRaftLogWorker.java:close(252)) - omNode-3@group-523986131536-SegmentedRaftLogWorker close()
2025-04-23 15:47:08,055 [JvmPauseMonitor38] INFO  util.JvmPauseMonitor (JvmPauseMonitor.java:run(152)) - JvmPauseMonitor-omNode-3: Stopped
2025-04-23 15:47:08,056 [main] INFO  utils.BackgroundService (BackgroundService.java:shutdown(161)) - Shutting down service KeyDeletingService
2025-04-23 15:47:08,056 [main] INFO  utils.BackgroundService (BackgroundService.java:shutdown(161)) - Shutting down service DirectoryDeletingService
2025-04-23 15:47:08,057 [main] INFO  utils.BackgroundService (BackgroundService.java:shutdown(161)) - Shutting down service OpenKeyCleanupService
2025-04-23 15:47:08,057 [main] INFO  utils.BackgroundService (BackgroundService.java:shutdown(161)) - Shutting down service SstFilteringService
2025-04-23 15:47:08,058 [main] INFO  utils.BackgroundService (BackgroundService.java:shutdown(161)) - Shutting down service SnapshotDeletingService
2025-04-23 15:47:08,058 [main] INFO  utils.BackgroundService (BackgroundService.java:shutdown(161)) - Shutting down service MultipartUploadCleanupService
2025-04-23 15:47:08,059 [main] INFO  handler.ContextHandler (ContextHandler.java:doStop(1159)) - Stopped o.e.j.w.WebAppContext@59f17890{ozoneManager,/,null,STOPPED}{file:/home/runner/work/ozone/ozone/hadoop-ozone/integration-test/target/test-classes/webapps/ozoneManager}
2025-04-23 15:47:08,060 [main] INFO  server.AbstractConnector (AbstractConnector.java:doStop(383)) - Stopped ServerConnector@2f44cc98{HTTP/1.1, (http/1.1)}{0.0.0.0:15015}
2025-04-23 15:47:08,060 [main] INFO  server.session (HouseKeeper.java:stopScavenging(149)) - node0 Stopped scavenging
2025-04-23 15:47:08,060 [main] INFO  handler.ContextHandler (ContextHandler.java:doStop(1159)) - Stopped o.e.j.s.ServletContextHandler@6420ae1f{static,/static,file:///home/runner/work/ozone/ozone/hadoop-ozone/integration-test/target/test-classes/webapps/static,STOPPED}
2025-04-23 15:47:08,060 [main] INFO  handler.ContextHandler (ContextHandler.java:doStop(1159)) - Stopped o.e.j.s.ServletContextHandler@3aedc1ff{logs,/logs,file:///home/runner/work/ozone/ozone/hadoop-ozone/integration-test/target/log,STOPPED}
2025-04-23 15:47:08,061 [main] INFO  rocksdiff.RocksDBCheckpointDiffer (RocksDBCheckpointDiffer.java:close(304)) - Shutting down CompactionDagPruningService.
2025-04-23 15:47:08,063 [main] INFO  snapshot.SnapshotDiffManager (SnapshotDiffManager.java:closeExecutorService(1698)) - Shutting down executorService: 'SnapDiffExecutor'
2025-04-23 15:47:08,063 [main] INFO  utils.BackgroundService (BackgroundService.java:shutdown(161)) - Shutting down service SnapshotDiffCleanupService
2025-04-23 15:47:08,064 [main] INFO  ozone.MiniOzoneHAClusterImpl (MiniOzoneHAClusterImpl.java:stop(289)) - Stopping the OzoneManager omNode-1
2025-04-23 15:47:08,065 [main] INFO  om.OzoneManager (OzoneManager.java:stop(2347)) - omNode-1[localhost:15006]: Stopping Ozone Manager
2025-04-23 15:47:08,065 [main] INFO  ipc.Server (Server.java:stop(3697)) - Stopping server on 15006
2025-04-23 15:47:08,066 [IPC Server listener on 15006] INFO  ipc.Server (Server.java:run(1585)) - Stopping IPC Server listener on 15006
2025-04-23 15:47:08,066 [IPC Server Responder] INFO  ipc.Server (Server.java:run(1718)) - Stopping IPC Server Responder
2025-04-23 15:47:08,066 [main] INFO  ratis.OzoneManagerRatisServer (OzoneManagerRatisServer.java:stop(634)) - Stopping org.apache.hadoop.ozone.om.ratis.OzoneManagerRatisServer@1e23f4b4 at port 15009
2025-04-23 15:47:08,067 [main] INFO  server.RaftServer (RaftServerProxy.java:lambda$close$9(417)) - omNode-1: close
2025-04-23 15:47:08,067 [main] INFO  server.GrpcService (GrpcService.java:closeImpl(343)) - omNode-1: shutdown server GrpcServerProtocolService now
2025-04-23 15:47:08,067 [omNode-1-impl-thread1] INFO  server.RaftServer$Division (RaftServerImpl.java:lambda$close$1(513)) - omNode-1@group-523986131536: shutdown
2025-04-23 15:47:08,067 [omNode-1-impl-thread1] INFO  util.JmxRegister (JmxRegister.java:unregister(74)) - Successfully un-registered JMX Bean with object name Ratis:service=RaftServer,group=group-523986131536,id=omNode-1
2025-04-23 15:47:08,067 [omNode-1-impl-thread1] INFO  impl.RoleInfo (RoleInfo.java:shutdownFollowerState(121)) - omNode-1: shutdown omNode-1@group-523986131536-FollowerState
2025-04-23 15:47:08,067 [omNode-1@group-523986131536-FollowerState] INFO  impl.FollowerState (FollowerState.java:runImpl(170)) - omNode-1@group-523986131536-FollowerState was interrupted
2025-04-23 15:47:08,067 [omNode-1-impl-thread1] INFO  impl.StateMachineUpdater (StateMachineUpdater.java:stopAndJoin(164)) - omNode-1@group-523986131536-StateMachineUpdater: set stopIndex = 349
2025-04-23 15:47:08,068 [main] INFO  server.GrpcService (GrpcService.java:closeImpl(352)) - omNode-1: shutdown server GrpcServerProtocolService successfully
2025-04-23 15:47:08,083 [omNode-1@group-523986131536-StateMachineUpdater] INFO  ratis.OzoneManagerStateMachine (OzoneManagerStateMachine.java:takeSnapshotImpl(510)) - omNode-1: taking snapshot. applied = (t:19, i:349), skipped = 347, notified = (t:19, i:349), current snapshot index = (t:19, i:349), took 16 ms
2025-04-23 15:47:08,083 [omNode-1@group-523986131536-StateMachineUpdater] INFO  impl.StateMachineUpdater (StateMachineUpdater.java:takeSnapshot(303)) - omNode-1@group-523986131536-StateMachineUpdater: Took a snapshot at index 349
2025-04-23 15:47:08,083 [omNode-1@group-523986131536-StateMachineUpdater] INFO  impl.StateMachineUpdater (StateMachineUpdater.java:lambda$new$0(102)) - omNode-1@group-523986131536-StateMachineUpdater: snapshotIndex: updateIncreasingly 340 -> 349
2025-04-23 15:47:08,083 [omNode-1@group-523986131536-StateMachineUpdater] INFO  impl.StateMachineUpdater (StateMachineUpdater.java:stop(141)) - omNode-1@group-523986131536-StateMachineUpdater: closing OzoneManagerStateMachine, lastApplied=(t:19, i:349)
2025-04-23 15:47:08,083 [omNode-1@group-523986131536-StateMachineUpdater] INFO  ratis.OzoneManagerStateMachine (OzoneManagerStateMachine.java:close(550)) - Stopping OzoneManagerStateMachine:omNode-1:group-523986131536.
2025-04-23 15:47:08,083 [omNode-1@group-523986131536-StateMachineUpdater] INFO  ratis.OzoneManagerDoubleBuffer (OzoneManagerDoubleBuffer.java:stopDaemon(500)) - Stopping OMDoubleBuffer flush thread
2025-04-23 15:47:08,083 [omNode-1-OMDoubleBufferFlushThread] INFO  ratis.OzoneManagerDoubleBuffer (OzoneManagerDoubleBuffer.java:canFlush(559)) - OMDoubleBuffer flush thread omNode-1-OMDoubleBufferFlushThread is interrupted and will exit.
2025-04-23 15:47:08,084 [omNode-1@group-523986131536-cacheEviction-AwaitToRun] INFO  util.AwaitToRun (AwaitToRun.java:run(49)) - omNode-1@group-523986131536-cacheEviction-AwaitToRun-AwaitForSignal is interrupted
2025-04-23 15:47:08,752 [timer6] WARN  server.GrpcLogAppender (LogUtils.java:warn(121)) - omNode-2@group-523986131536->omNode-1-AppendLogResponseHandler: Failed appendEntries (Repeated 20 times in the last 5.001s): org.apache.ratis.thirdparty.io.grpc.StatusRuntimeException: UNAVAILABLE: io exception
2025-04-23 15:47:08,753 [timer3] WARN  server.GrpcLogAppender (GrpcLogAppender.java:lambda$resetClient$1(221)) - omNode-2@group-523986131536->omNode-1-GrpcLogAppender: Follower failed (request=null, errorCount=4); keep nextIndex (342) unchanged and retry. (Repeated 3 times in the last 5.000s)
2025-04-23 15:47:08,767 [timer6] WARN  server.GrpcLogAppender (GrpcLogAppender.java:lambda$resetClient$1(221)) - omNode-2@group-523986131536->omNode-1-GrpcLogAppender: Follower failed (request=null, errorCount=6); keep nextIndex (343) unchanged and retry. (Repeated 2 times in the last 5.000s)
2025-04-23 15:47:08,792 [timer0] WARN  server.GrpcLogAppender (GrpcLogAppender.java:lambda$resetClient$1(221)) - omNode-2@group-523986131536->omNode-1-GrpcLogAppender: Follower failed (request=null, errorCount=8); keep nextIndex (344) unchanged and retry. (Repeated 2 times in the last 5.000s)
2025-04-23 15:47:08,795 [timer3] WARN  server.GrpcLogAppender (GrpcLogAppender.java:lambda$resetClient$1(221)) - omNode-2@group-523986131536->omNode-1-GrpcLogAppender: Follower failed (request=null, errorCount=10); keep nextIndex (345) unchanged and retry. (Repeated 2 times in the last 5.000s)
2025-04-23 15:47:08,808 [timer6] WARN  server.GrpcLogAppender (GrpcLogAppender.java:lambda$resetClient$1(221)) - omNode-2@group-523986131536->omNode-1-GrpcLogAppender: Follower failed (request=null, errorCount=12); keep nextIndex (346) unchanged and retry. (Repeated 2 times in the last 5.000s)
2025-04-23 15:47:08,809 [timer1] WARN  server.GrpcLogAppender (GrpcLogAppender.java:lambda$resetClient$1(221)) - omNode-2@group-523986131536->omNode-1-GrpcLogAppender: Follower failed (request=null, errorCount=14); keep nextIndex (347) unchanged and retry. (Repeated 2 times in the last 5.000s)
2025-04-23 15:47:08,816 [timer4] WARN  server.GrpcLogAppender (GrpcLogAppender.java:lambda$resetClient$1(221)) - omNode-2@group-523986131536->omNode-1-GrpcLogAppender: Follower failed (request=null, errorCount=16); keep nextIndex (348) unchanged and retry. (Repeated 2 times in the last 5.000s)
2025-04-23 15:47:08,817 [timer7] WARN  server.GrpcLogAppender (GrpcLogAppender.java:lambda$resetClient$1(221)) - omNode-2@group-523986131536->omNode-1-GrpcLogAppender: Follower failed (request=null, errorCount=20); keep nextIndex (349) unchanged and retry. (Repeated 4 times in the last 5.000s)
2025-04-23 15:47:08,891 [timer2] WARN  server.GrpcLogAppender (GrpcLogAppender.java:lambda$resetClient$1(221)) - omNode-2@group-523986131536->omNode-3-GrpcLogAppender: Follower failed (request=null, errorCount=8); keep nextIndex (349) unchanged and retry. (Repeated 8 times in the last 5.000s)
2025-04-23 15:47:08,891 [timer1] WARN  server.GrpcLogAppender (LogUtils.java:warn(121)) - omNode-2@group-523986131536->omNode-3-AppendLogResponseHandler: Failed appendEntries (Repeated 8 times in the last 5.001s): org.apache.ratis.thirdparty.io.grpc.StatusRuntimeException: UNAVAILABLE: io exception
2025-04-23 15:47:09,064 [omNode-1-impl-thread1] INFO  segmented.SegmentedRaftLogWorker (SegmentedRaftLogWorker.java:close(252)) - omNode-1@group-523986131536-SegmentedRaftLogWorker close()
2025-04-23 15:47:09,064 [JvmPauseMonitor39] INFO  util.JvmPauseMonitor (JvmPauseMonitor.java:run(152)) - JvmPauseMonitor-omNode-1: Stopped
2025-04-23 15:47:09,064 [main] INFO  utils.BackgroundService (BackgroundService.java:shutdown(161)) - Shutting down service KeyDeletingService
2025-04-23 15:47:09,065 [main] INFO  utils.BackgroundService (BackgroundService.java:shutdown(161)) - Shutting down service DirectoryDeletingService
2025-04-23 15:47:09,066 [main] INFO  utils.BackgroundService (BackgroundService.java:shutdown(161)) - Shutting down service OpenKeyCleanupService
2025-04-23 15:47:09,066 [main] INFO  utils.BackgroundService (BackgroundService.java:shutdown(161)) - Shutting down service SstFilteringService
2025-04-23 15:47:09,066 [main] INFO  utils.BackgroundService (BackgroundService.java:shutdown(161)) - Shutting down service SnapshotDeletingService
2025-04-23 15:47:09,067 [main] INFO  utils.BackgroundService (BackgroundService.java:shutdown(161)) - Shutting down service MultipartUploadCleanupService
2025-04-23 15:47:09,068 [main] INFO  handler.ContextHandler (ContextHandler.java:doStop(1159)) - Stopped o.e.j.w.WebAppContext@62712587{ozoneManager,/,null,STOPPED}{file:/home/runner/work/ozone/ozone/hadoop-ozone/integration-test/target/test-classes/webapps/ozoneManager}
2025-04-23 15:47:09,068 [main] INFO  server.AbstractConnector (AbstractConnector.java:doStop(383)) - Stopped ServerConnector@7f05283b{HTTP/1.1, (http/1.1)}{0.0.0.0:15007}
2025-04-23 15:47:09,068 [main] INFO  server.session (HouseKeeper.java:stopScavenging(149)) - node0 Stopped scavenging
2025-04-23 15:47:09,068 [main] INFO  handler.ContextHandler (ContextHandler.java:doStop(1159)) - Stopped o.e.j.s.ServletContextHandler@3f7ada7{static,/static,file:///home/runner/work/ozone/ozone/hadoop-ozone/integration-test/target/test-classes/webapps/static,STOPPED}
2025-04-23 15:47:09,069 [main] INFO  handler.ContextHandler (ContextHandler.java:doStop(1159)) - Stopped o.e.j.s.ServletContextHandler@5639a38{logs,/logs,file:///home/runner/work/ozone/ozone/hadoop-ozone/integration-test/target/log,STOPPED}
2025-04-23 15:47:09,069 [main] INFO  rocksdiff.RocksDBCheckpointDiffer (RocksDBCheckpointDiffer.java:close(304)) - Shutting down CompactionDagPruningService.
2025-04-23 15:47:09,071 [main] INFO  snapshot.SnapshotDiffManager (SnapshotDiffManager.java:closeExecutorService(1698)) - Shutting down executorService: 'SnapDiffExecutor'
2025-04-23 15:47:09,072 [main] INFO  utils.BackgroundService (BackgroundService.java:shutdown(161)) - Shutting down service SnapshotDiffCleanupService
2025-04-23 15:47:09,072 [main] INFO  ozone.MiniOzoneHAClusterImpl (MiniOzoneHAClusterImpl.java:stop(289)) - Stopping the OzoneManager omNode-2
2025-04-23 15:47:09,072 [main] INFO  om.OzoneManager (OzoneManager.java:stop(2347)) - omNode-2[localhost:15010]: Stopping Ozone Manager
2025-04-23 15:47:09,073 [main] INFO  ipc.Server (Server.java:stop(3697)) - Stopping server on 15010
2025-04-23 15:47:09,074 [IPC Server listener on 15010] INFO  ipc.Server (Server.java:run(1585)) - Stopping IPC Server listener on 15010
2025-04-23 15:47:09,075 [main] INFO  ratis.OzoneManagerRatisServer (OzoneManagerRatisServer.java:stop(634)) - Stopping org.apache.hadoop.ozone.om.ratis.OzoneManagerRatisServer@301123ec at port 15013
2025-04-23 15:47:09,075 [main] INFO  server.RaftServer (RaftServerProxy.java:lambda$close$9(417)) - omNode-2: close
2025-04-23 15:47:09,075 [main] INFO  server.GrpcService (GrpcService.java:closeImpl(343)) - omNode-2: shutdown server GrpcServerProtocolService now
2025-04-23 15:47:09,075 [omNode-2-impl-thread1] INFO  server.RaftServer$Division (RaftServerImpl.java:lambda$close$1(513)) - omNode-2@group-523986131536: shutdown
2025-04-23 15:47:09,075 [omNode-2-impl-thread1] INFO  util.JmxRegister (JmxRegister.java:unregister(74)) - Successfully un-registered JMX Bean with object name Ratis:service=RaftServer,group=group-523986131536,id=omNode-2
2025-04-23 15:47:09,075 [omNode-2-impl-thread1] INFO  impl.RoleInfo (RoleInfo.java:shutdownFollowerState(121)) - omNode-2: shutdown omNode-2@group-523986131536-FollowerState
2025-04-23 15:47:09,075 [IPC Server Responder] INFO  ipc.Server (Server.java:run(1718)) - Stopping IPC Server Responder
2025-04-23 15:47:09,075 [omNode-2-impl-thread1] INFO  impl.StateMachineUpdater (StateMachineUpdater.java:stopAndJoin(164)) - omNode-2@group-523986131536-StateMachineUpdater: set stopIndex = 349
2025-04-23 15:47:09,076 [omNode-2@group-523986131536-FollowerState] INFO  impl.FollowerState (FollowerState.java:runImpl(170)) - omNode-2@group-523986131536-FollowerState was interrupted
2025-04-23 15:47:09,076 [main] INFO  server.GrpcService (GrpcService.java:closeImpl(352)) - omNode-2: shutdown server GrpcServerProtocolService successfully
2025-04-23 15:47:09,081 [omNode-2@group-523986131536-StateMachineUpdater] INFO  ratis.OzoneManagerStateMachine (OzoneManagerStateMachine.java:takeSnapshotImpl(510)) - omNode-2: taking snapshot. applied = (t:19, i:349), skipped = 348, notified = (t:19, i:349), current snapshot index = (t:19, i:349), took 6 ms
2025-04-23 15:47:09,081 [omNode-2@group-523986131536-StateMachineUpdater] INFO  impl.StateMachineUpdater (StateMachineUpdater.java:takeSnapshot(303)) - omNode-2@group-523986131536-StateMachineUpdater: Took a snapshot at index 349
2025-04-23 15:47:09,081 [omNode-2@group-523986131536-StateMachineUpdater] INFO  impl.StateMachineUpdater (StateMachineUpdater.java:lambda$new$0(102)) - omNode-2@group-523986131536-StateMachineUpdater: snapshotIndex: updateIncreasingly 348 -> 349
2025-04-23 15:47:09,081 [omNode-2@group-523986131536-StateMachineUpdater] INFO  impl.StateMachineUpdater (StateMachineUpdater.java:stop(141)) - omNode-2@group-523986131536-StateMachineUpdater: closing OzoneManagerStateMachine, lastApplied=(t:19, i:349)
2025-04-23 15:47:09,081 [omNode-2@group-523986131536-StateMachineUpdater] INFO  ratis.OzoneManagerStateMachine (OzoneManagerStateMachine.java:close(550)) - Stopping OzoneManagerStateMachine:omNode-2:group-523986131536.
2025-04-23 15:47:09,081 [omNode-2@group-523986131536-StateMachineUpdater] INFO  ratis.OzoneManagerDoubleBuffer (OzoneManagerDoubleBuffer.java:stopDaemon(500)) - Stopping OMDoubleBuffer flush thread
2025-04-23 15:47:09,081 [omNode-2-OMDoubleBufferFlushThread] INFO  ratis.OzoneManagerDoubleBuffer (OzoneManagerDoubleBuffer.java:canFlush(559)) - OMDoubleBuffer flush thread omNode-2-OMDoubleBufferFlushThread is interrupted and will exit.
2025-04-23 15:47:09,081 [omNode-2@group-523986131536-cacheEviction-AwaitToRun] INFO  util.AwaitToRun (AwaitToRun.java:run(49)) - omNode-2@group-523986131536-cacheEviction-AwaitToRun-AwaitForSignal is interrupted
2025-04-23 15:47:10,056 [omNode-2-impl-thread1] INFO  segmented.SegmentedRaftLogWorker (SegmentedRaftLogWorker.java:close(252)) - omNode-2@group-523986131536-SegmentedRaftLogWorker close()
2025-04-23 15:47:10,056 [JvmPauseMonitor40] INFO  util.JvmPauseMonitor (JvmPauseMonitor.java:run(152)) - JvmPauseMonitor-omNode-2: Stopped
2025-04-23 15:47:10,057 [main] INFO  utils.BackgroundService (BackgroundService.java:shutdown(161)) - Shutting down service KeyDeletingService
2025-04-23 15:47:10,057 [main] INFO  utils.BackgroundService (BackgroundService.java:shutdown(161)) - Shutting down service DirectoryDeletingService
2025-04-23 15:47:10,058 [main] INFO  utils.BackgroundService (BackgroundService.java:shutdown(161)) - Shutting down service OpenKeyCleanupService
2025-04-23 15:47:10,058 [main] INFO  utils.BackgroundService (BackgroundService.java:shutdown(161)) - Shutting down service SstFilteringService
2025-04-23 15:47:10,059 [main] INFO  utils.BackgroundService (BackgroundService.java:shutdown(161)) - Shutting down service SnapshotDeletingService
2025-04-23 15:47:10,059 [main] INFO  utils.BackgroundService (BackgroundService.java:shutdown(161)) - Shutting down service MultipartUploadCleanupService
2025-04-23 15:47:10,060 [main] INFO  handler.ContextHandler (ContextHandler.java:doStop(1159)) - Stopped o.e.j.w.WebAppContext@18c38c5b{ozoneManager,/,null,STOPPED}{file:/home/runner/work/ozone/ozone/hadoop-ozone/integration-test/target/test-classes/webapps/ozoneManager}
2025-04-23 15:47:10,060 [main] INFO  server.AbstractConnector (AbstractConnector.java:doStop(383)) - Stopped ServerConnector@3ab3f433{HTTP/1.1, (http/1.1)}{0.0.0.0:15011}
2025-04-23 15:47:10,060 [main] INFO  server.session (HouseKeeper.java:stopScavenging(149)) - node0 Stopped scavenging
2025-04-23 15:47:10,061 [main] INFO  handler.ContextHandler (ContextHandler.java:doStop(1159)) - Stopped o.e.j.s.ServletContextHandler@1bc62063{static,/static,file:///home/runner/work/ozone/ozone/hadoop-ozone/integration-test/target/test-classes/webapps/static,STOPPED}
2025-04-23 15:47:10,061 [main] INFO  handler.ContextHandler (ContextHandler.java:doStop(1159)) - Stopped o.e.j.s.ServletContextHandler@79613651{logs,/logs,file:///home/runner/work/ozone/ozone/hadoop-ozone/integration-test/target/log,STOPPED}
2025-04-23 15:47:10,062 [main] INFO  rocksdiff.RocksDBCheckpointDiffer (RocksDBCheckpointDiffer.java:close(304)) - Shutting down CompactionDagPruningService.
2025-04-23 15:47:10,063 [main] INFO  snapshot.SnapshotDiffManager (SnapshotDiffManager.java:closeExecutorService(1698)) - Shutting down executorService: 'SnapDiffExecutor'
2025-04-23 15:47:10,063 [main] INFO  utils.BackgroundService (BackgroundService.java:shutdown(161)) - Shutting down service SnapshotDiffCleanupService
2025-04-23 15:47:10,064 [main] INFO  ozone.MiniOzoneHAClusterImpl (MiniOzoneHAClusterImpl.java:stop(296)) - Stopping the StorageContainerManager debc8cb4-4a2d-469c-9d41-f06aedad3f91
2025-04-23 15:47:10,064 [main] INFO  server.StorageContainerManager (StorageContainerManager.java:stop(1608)) - Container Balancer is not running.
2025-04-23 15:47:10,064 [main] INFO  server.StorageContainerManager (StorageContainerManager.java:stopReplicationManager(1742)) - Stopping Replication Manager Service.
2025-04-23 15:47:10,064 [main] INFO  replication.ReplicationManager (ReplicationManager.java:stop(318)) - Stopping Replication Monitor Thread.
2025-04-23 15:47:10,064 [main] INFO  server.StorageContainerManager (StorageContainerManager.java:stop(1617)) - Stopping the Datanode Admin Monitor.
2025-04-23 15:47:10,064 [OverReplicatedProcessor] WARN  replication.UnhealthyReplicationProcessor (UnhealthyReplicationProcessor.java:run(178)) - OverReplicatedProcessor interrupted. Exiting...
2025-04-23 15:47:10,064 [UnderReplicatedProcessor] WARN  replication.UnhealthyReplicationProcessor (UnhealthyReplicationProcessor.java:run(178)) - UnderReplicatedProcessor interrupted. Exiting...
2025-04-23 15:47:10,064 [main] INFO  server.StorageContainerManager (StorageContainerManager.java:stop(1624)) - Stopping datanode service RPC server
2025-04-23 15:47:10,065 [main] INFO  server.SCMDatanodeProtocolServer (SCMDatanodeProtocolServer.java:stop(448)) - Stopping the RPC server for DataNodes
2025-04-23 15:47:10,065 [main] INFO  ipc.Server (Server.java:stop(3697)) - Stopping server on 15002
2025-04-23 15:47:10,064 [ReplicationMonitor] INFO  replication.ReplicationManager (ReplicationManager.java:run(937)) - Replication Monitor Thread is stopped
2025-04-23 15:47:10,068 [IPC Server Responder] INFO  ipc.Server (Server.java:run(1718)) - Stopping IPC Server Responder
2025-04-23 15:47:10,068 [IPC Server listener on 15002] INFO  ipc.Server (Server.java:run(1585)) - Stopping IPC Server listener on 15002
2025-04-23 15:47:10,117 [SCMHeartbeatProcessor-0] WARN  node.NodeStateManager (NodeStateManager.java:scheduleNextHealthCheck(918)) - Current Thread is interrupted, shutting down HB processing thread for Node Manager.
2025-04-23 15:47:10,117 [main] INFO  server.StorageContainerManager (StorageContainerManager.java:stop(1632)) - Stopping block service RPC server
2025-04-23 15:47:10,118 [main] INFO  server.SCMBlockProtocolServer (SCMBlockProtocolServer.java:stop(175)) - Stopping the RPC server for Block Protocol
2025-04-23 15:47:10,118 [main] INFO  ipc.Server (Server.java:stop(3697)) - Stopping server on 15001
2025-04-23 15:47:10,122 [IPC Server listener on 15001] INFO  ipc.Server (Server.java:run(1585)) - Stopping IPC Server listener on 15001
2025-04-23 15:47:10,122 [IPC Server Responder] INFO  ipc.Server (Server.java:run(1718)) - Stopping IPC Server Responder
2025-04-23 15:47:10,122 [main] INFO  server.StorageContainerManager (StorageContainerManager.java:stop(1639)) - Stopping the StorageContainerLocationProtocol RPC server
2025-04-23 15:47:10,123 [main] INFO  server.SCMClientProtocolServer (SCMClientProtocolServer.java:stop(216)) - Stopping the RPC server for Client Protocol
2025-04-23 15:47:10,123 [main] INFO  ipc.Server (Server.java:stop(3697)) - Stopping server on 15000
2025-04-23 15:47:10,126 [IPC Server Responder] INFO  ipc.Server (Server.java:run(1718)) - Stopping IPC Server Responder
2025-04-23 15:47:10,126 [IPC Server listener on 15000] INFO  ipc.Server (Server.java:run(1585)) - Stopping IPC Server listener on 15000
2025-04-23 15:47:10,126 [main] INFO  server.StorageContainerManager (StorageContainerManager.java:stop(1646)) - Stopping Storage Container Manager HTTP server.
2025-04-23 15:47:10,127 [main] INFO  handler.ContextHandler (ContextHandler.java:doStop(1159)) - Stopped o.e.j.w.WebAppContext@288e50c1{scm,/,null,STOPPED}{file:/home/runner/work/ozone/ozone/hadoop-ozone/integration-test/target/test-classes/webapps/scm}
2025-04-23 15:47:10,128 [main] INFO  server.AbstractConnector (AbstractConnector.java:doStop(383)) - Stopped ServerConnector@2a738d47{HTTP/1.1, (http/1.1)}{0.0.0.0:15003}
2025-04-23 15:47:10,128 [main] INFO  server.session (HouseKeeper.java:stopScavenging(149)) - node0 Stopped scavenging
2025-04-23 15:47:10,128 [main] INFO  handler.ContextHandler (ContextHandler.java:doStop(1159)) - Stopped o.e.j.s.ServletContextHandler@195888a6{static,/static,file:///home/runner/work/ozone/ozone/hadoop-ozone/integration-test/target/test-classes/webapps/static,STOPPED}
2025-04-23 15:47:10,128 [main] INFO  handler.ContextHandler (ContextHandler.java:doStop(1159)) - Stopped o.e.j.s.ServletContextHandler@32da6cef{logs,/logs,file:///home/runner/work/ozone/ozone/hadoop-ozone/integration-test/target/log,STOPPED}
2025-04-23 15:47:10,129 [main] INFO  server.StorageContainerManager (StorageContainerManager.java:stop(1654)) - Stopping SCM LayoutVersionManager Service.
2025-04-23 15:47:10,129 [main] INFO  server.StorageContainerManager (StorageContainerManager.java:stop(1666)) - Stopping Block Manager Service.
2025-04-23 15:47:10,129 [main] INFO  utils.BackgroundService (BackgroundService.java:shutdown(161)) - Shutting down service SCMBlockDeletingService
2025-04-23 15:47:10,130 [main] INFO  utils.BackgroundService (BackgroundService.java:shutdown(161)) - Shutting down service SCMBlockDeletingService
2025-04-23 15:47:10,130 [main] INFO  server.StorageContainerManager (StorageContainerManager.java:stop(1691)) - Stopping SCM Event Queue.
2025-04-23 15:47:10,132 [main] INFO  server.StorageContainerManager (StorageContainerManager.java:stop(1698)) - Stopping SCM HA services.
2025-04-23 15:47:10,132 [main] INFO  ha.SCMRatisServerImpl (SCMRatisServerImpl.java:stop(266)) - stopping ratis server 0.0.0.0:15004
2025-04-23 15:47:10,132 [main] INFO  server.RaftServer (RaftServerProxy.java:lambda$close$9(417)) - debc8cb4-4a2d-469c-9d41-f06aedad3f91: close
2025-04-23 15:47:10,133 [debc8cb4-4a2d-469c-9d41-f06aedad3f91-impl-thread2] INFO  server.RaftServer$Division (RaftServerImpl.java:lambda$close$1(513)) - debc8cb4-4a2d-469c-9d41-f06aedad3f91@group-88D8665D28D7: shutdown
2025-04-23 15:47:10,133 [debc8cb4-4a2d-469c-9d41-f06aedad3f91-impl-thread2] INFO  util.JmxRegister (JmxRegister.java:unregister(74)) - Successfully un-registered JMX Bean with object name Ratis:service=RaftServer,group=group-88D8665D28D7,id=debc8cb4-4a2d-469c-9d41-f06aedad3f91
2025-04-23 15:47:10,133 [debc8cb4-4a2d-469c-9d41-f06aedad3f91-impl-thread2] INFO  impl.RoleInfo (RoleInfo.java:shutdownLeaderState(103)) - debc8cb4-4a2d-469c-9d41-f06aedad3f91: shutdown debc8cb4-4a2d-469c-9d41-f06aedad3f91@group-88D8665D28D7-LeaderStateImpl
2025-04-23 15:47:10,133 [debc8cb4-4a2d-469c-9d41-f06aedad3f91-impl-thread2] INFO  impl.PendingRequests (PendingRequests.java:sendNotLeaderResponses(287)) - debc8cb4-4a2d-469c-9d41-f06aedad3f91@group-88D8665D28D7-PendingRequests: sendNotLeaderResponses
2025-04-23 15:47:10,133 [debc8cb4-4a2d-469c-9d41-f06aedad3f91-impl-thread2] INFO  ha.SCMStateMachine (SCMStateMachine.java:notifyNotLeader(211)) - current leader SCM steps down.
2025-04-23 15:47:10,133 [debc8cb4-4a2d-469c-9d41-f06aedad3f91-impl-thread2] INFO  ha.SCMContext (SCMContext.java:updateLeaderAndTerm(95)) - update <isLeader,term> from <true,2> to <false,0>
2025-04-23 15:47:10,133 [debc8cb4-4a2d-469c-9d41-f06aedad3f91-impl-thread2] INFO  ha.SCMContext (SCMContext.java:updateLeaderAndTerm(101)) - update <isLeaderReady> from <true> to <false>
2025-04-23 15:47:10,133 [debc8cb4-4a2d-469c-9d41-f06aedad3f91-impl-thread2] INFO  BackgroundPipelineScrubber (BackgroundSCMService.java:notifyStatusChanged(84)) - Service BackgroundPipelineScrubber transitions to PAUSING.
2025-04-23 15:47:10,133 [debc8cb4-4a2d-469c-9d41-f06aedad3f91-impl-thread2] INFO  ExpiredContainerReplicaOpScrubber (BackgroundSCMService.java:notifyStatusChanged(84)) - Service ExpiredContainerReplicaOpScrubber transitions to PAUSING.
2025-04-23 15:47:10,133 [debc8cb4-4a2d-469c-9d41-f06aedad3f91-impl-thread2] INFO  SCMHATransactionMonitor (BackgroundSCMService.java:notifyStatusChanged(84)) - Service SCMHATransactionMonitor transitions to PAUSING.
2025-04-23 15:47:10,134 [main] INFO  server.GrpcService (GrpcService.java:closeImpl(343)) - debc8cb4-4a2d-469c-9d41-f06aedad3f91: shutdown server GrpcServerProtocolService now
2025-04-23 15:47:10,134 [debc8cb4-4a2d-469c-9d41-f06aedad3f91-impl-thread2] INFO  impl.StateMachineUpdater (StateMachineUpdater.java:stopAndJoin(164)) - debc8cb4-4a2d-469c-9d41-f06aedad3f91@group-88D8665D28D7-StateMachineUpdater: set stopIndex = 46
2025-04-23 15:47:10,135 [debc8cb4-4a2d-469c-9d41-f06aedad3f91@group-88D8665D28D7-StateMachineUpdater] INFO  ha.SCMStateMachine (SCMStateMachine.java:takeSnapshot(330)) - Current Snapshot Index 46, takeSnapshot took 1 ms
2025-04-23 15:47:10,135 [debc8cb4-4a2d-469c-9d41-f06aedad3f91@group-88D8665D28D7-StateMachineUpdater] INFO  impl.StateMachineUpdater (StateMachineUpdater.java:takeSnapshot(303)) - debc8cb4-4a2d-469c-9d41-f06aedad3f91@group-88D8665D28D7-StateMachineUpdater: Took a snapshot at index 46
2025-04-23 15:47:10,135 [debc8cb4-4a2d-469c-9d41-f06aedad3f91@group-88D8665D28D7-StateMachineUpdater] INFO  impl.StateMachineUpdater (StateMachineUpdater.java:lambda$new$0(102)) - debc8cb4-4a2d-469c-9d41-f06aedad3f91@group-88D8665D28D7-StateMachineUpdater: snapshotIndex: updateIncreasingly -1 -> 46
2025-04-23 15:47:10,135 [debc8cb4-4a2d-469c-9d41-f06aedad3f91@group-88D8665D28D7-StateMachineUpdater] INFO  impl.StateMachineUpdater (StateMachineUpdater.java:stop(141)) - debc8cb4-4a2d-469c-9d41-f06aedad3f91@group-88D8665D28D7-StateMachineUpdater: closing SCMStateMachine, lastApplied=(t:2, i:46)
2025-04-23 15:47:10,136 [debc8cb4-4a2d-469c-9d41-f06aedad3f91@group-88D8665D28D7-cacheEviction-AwaitToRun] INFO  util.AwaitToRun (AwaitToRun.java:run(49)) - debc8cb4-4a2d-469c-9d41-f06aedad3f91@group-88D8665D28D7-cacheEviction-AwaitToRun-AwaitForSignal is interrupted
2025-04-23 15:47:10,139 [main] INFO  server.GrpcService (GrpcService.java:closeImpl(352)) - debc8cb4-4a2d-469c-9d41-f06aedad3f91: shutdown server GrpcServerProtocolService successfully
2025-04-23 15:47:10,199 [debc8cb4-4a2d-469c-9d41-f06aedad3f91-impl-thread2] INFO  segmented.SegmentedRaftLogWorker (SegmentedRaftLogWorker.java:close(252)) - debc8cb4-4a2d-469c-9d41-f06aedad3f91@group-88D8665D28D7-SegmentedRaftLogWorker close()
2025-04-23 15:47:10,199 [JvmPauseMonitor1] INFO  util.JvmPauseMonitor (JvmPauseMonitor.java:run(152)) - JvmPauseMonitor-debc8cb4-4a2d-469c-9d41-f06aedad3f91: Stopped
2025-04-23 15:47:10,200 [main] INFO  SCMHATransactionMonitor (BackgroundSCMService.java:stop(127)) - Stopping SCMHATransactionMonitor Service.
2025-04-23 15:47:10,200 [SCMHATransactionMonitor] WARN  SCMHATransactionMonitor (BackgroundSCMService.java:run(111)) - SCMHATransactionMonitor is interrupted, exit
2025-04-23 15:47:10,200 [main] INFO  pipeline.BackgroundPipelineCreator (BackgroundPipelineCreator.java:stop(155)) - Stopping RatisPipelineUtilsThread.
2025-04-23 15:47:10,200 [RatisPipelineUtilsThread-0] WARN  pipeline.BackgroundPipelineCreator (BackgroundPipelineCreator.java:run(186)) - RatisPipelineUtilsThread is interrupted.
2025-04-23 15:47:10,200 [main] INFO  BackgroundPipelineScrubber (BackgroundSCMService.java:stop(127)) - Stopping BackgroundPipelineScrubber Service.
2025-04-23 15:47:10,200 [BackgroundPipelineScrubber] WARN  BackgroundPipelineScrubber (BackgroundSCMService.java:run(111)) - BackgroundPipelineScrubber is interrupted, exit
2025-04-23 15:47:10,202 [main] INFO  impl.MetricsSystemImpl (MetricsSystemImpl.java:stop(210)) - Stopping OzoneManager metrics system...
2025-04-23 15:47:10,205 [prometheus] INFO  impl.MetricsSinkAdapter (MetricsSinkAdapter.java:publishMetricsFromQueue(141)) - prometheus thread interrupted.
2025-04-23 15:47:10,205 [main] INFO  impl.MetricsSystemImpl (MetricsSystemImpl.java:stop(216)) - OzoneManager metrics system stopped.
2025-04-23 15:47:10,206 [main] WARN  pipeline.BackgroundPipelineCreator (BackgroundPipelineCreator.java:stop(151)) - RatisPipelineUtilsThread is not running, just ignore.
2025-04-23 15:47:10,206 [main] INFO  BackgroundPipelineScrubber (BackgroundSCMService.java:stop(122)) - BackgroundPipelineScrubber Service is not running, skip stop.
2025-04-23 15:47:10,206 [main] INFO  ExpiredContainerReplicaOpScrubber (BackgroundSCMService.java:stop(127)) - Stopping ExpiredContainerReplicaOpScrubber Service.
2025-04-23 15:47:10,206 [ExpiredContainerReplicaOpScrubber] WARN  ExpiredContainerReplicaOpScrubber (BackgroundSCMService.java:run(111)) - ExpiredContainerReplicaOpScrubber is interrupted, exit
2025-04-23 15:47:10,207 [main] INFO  utils.BackgroundService (BackgroundService.java:shutdown(161)) - Shutting down service SCMBlockDeletingService
2025-04-23 15:47:10,207 [main] INFO  replication.ReplicationManager (ReplicationManager.java:stop(325)) - Replication Monitor Thread is not running.
2025-04-23 15:47:10,207 [main] WARN  balancer.ContainerBalancer (ContainerBalancer.java:stop(349)) - Cannot stop Container Balancer because it's not running or stopping
2025-04-23 15:47:10,207 [main] INFO  SCMHATransactionMonitor (BackgroundSCMService.java:stop(122)) - SCMHATransactionMonitor Service is not running, skip stop.
2025-04-23 15:47:10,207 [LeaseManager#LeaseMonitor] WARN  lease.LeaseManager (LeaseManager.java:run(285)) - Lease manager is interrupted. Shutting down...
java.lang.InterruptedException
	at java.base/java.util.concurrent.locks.AbstractQueuedSynchronizer.tryAcquireSharedNanos(AbstractQueuedSynchronizer.java:1133)
	at java.base/java.util.concurrent.Semaphore.tryAcquire(Semaphore.java:415)
	at org.apache.hadoop.ozone.lease.LeaseManager$LeaseMonitor.run(LeaseManager.java:283)
	at java.base/java.lang.Thread.run(Thread.java:1583)
2025-04-23 15:47:10,207 [main] INFO  server.StorageContainerManager (StorageContainerManager.java:stop(1733)) - Stopping SCM MetadataStore.
2025-04-23 15:47:10,209 [main] INFO  ozone.MiniOzoneClusterImpl (MiniOzoneClusterImpl.java:stop(409)) - Stopping the Mini Ozone Cluster
2025-04-23 15:47:10,209 [main] INFO  ozone.MiniOzoneClusterImpl (MiniOzoneClusterImpl.java:stopDatanodes(475)) - Stopping the HddsDatanodes
2025-04-23 15:47:10,211 [main] INFO  ozoneimpl.OzoneContainer (OzoneContainer.java:stop(536)) - Attempting to stop container services.
2025-04-23 15:47:10,211 [ForkJoinPool.commonPool-worker-2] INFO  ozoneimpl.OzoneContainer (OzoneContainer.java:stop(536)) - Attempting to stop container services.
2025-04-23 15:47:10,212 [ContainerMetadataScanner] WARN  ozoneimpl.AbstractBackgroundContainerScanner (AbstractBackgroundContainerScanner.java:handleRemainingSleep(136)) - Background container scan was interrupted.
2025-04-23 15:47:10,212 [ContainerMetadataScanner] INFO  ozoneimpl.AbstractBackgroundContainerScanner (AbstractBackgroundContainerScanner.java:run(63)) - org.apache.hadoop.ozone.container.ozoneimpl.BackgroundContainerMetadataScanner@502aae9f exiting.
2025-04-23 15:47:10,212 [ContainerMetadataScanner] WARN  ozoneimpl.AbstractBackgroundContainerScanner (AbstractBackgroundContainerScanner.java:handleRemainingSleep(136)) - Background container scan was interrupted.
2025-04-23 15:47:10,212 [ContainerMetadataScanner] INFO  ozoneimpl.AbstractBackgroundContainerScanner (AbstractBackgroundContainerScanner.java:run(63)) - org.apache.hadoop.ozone.container.ozoneimpl.BackgroundContainerMetadataScanner@484c9971 exiting.
2025-04-23 15:47:10,212 [main] INFO  ozoneimpl.BackgroundContainerDataScanner (BackgroundContainerDataScanner.java:shutdown(141)) - ContainerDataScanner(/home/runner/work/ozone/ozone/hadoop-ozone/integration-test/target/test-dir/MiniOzoneClusterImpl-5cf50c17-c591-473f-a8c4-88d8665d28d7/ozone-meta/datanode-2/data-0/hdds) is shutting down. 
2025-04-23 15:47:10,212 [ForkJoinPool.commonPool-worker-2] INFO  ozoneimpl.BackgroundContainerDataScanner (BackgroundContainerDataScanner.java:shutdown(141)) - ContainerDataScanner(/home/runner/work/ozone/ozone/hadoop-ozone/integration-test/target/test-dir/MiniOzoneClusterImpl-5cf50c17-c591-473f-a8c4-88d8665d28d7/ozone-meta/datanode-1/data-0/hdds) is shutting down. 
2025-04-23 15:47:10,212 [ContainerDataScanner(/home/runner/work/ozone/ozone/hadoop-ozone/integration-test/target/test-dir/MiniOzoneClusterImpl-5cf50c17-c591-473f-a8c4-88d8665d28d7/ozone-meta/datanode-2/data-0/hdds)] WARN  ozoneimpl.AbstractBackgroundContainerScanner (AbstractBackgroundContainerScanner.java:handleRemainingSleep(136)) - Background container scan was interrupted.
2025-04-23 15:47:10,212 [ContainerDataScanner(/home/runner/work/ozone/ozone/hadoop-ozone/integration-test/target/test-dir/MiniOzoneClusterImpl-5cf50c17-c591-473f-a8c4-88d8665d28d7/ozone-meta/datanode-2/data-0/hdds)] INFO  ozoneimpl.AbstractBackgroundContainerScanner (AbstractBackgroundContainerScanner.java:run(63)) - ContainerDataScanner(/home/runner/work/ozone/ozone/hadoop-ozone/integration-test/target/test-dir/MiniOzoneClusterImpl-5cf50c17-c591-473f-a8c4-88d8665d28d7/ozone-meta/datanode-2/data-0/hdds, DS-b6809cb6-d717-462a-a7ae-19182db32c6d) exiting.
2025-04-23 15:47:10,212 [main] INFO  ozoneimpl.OnDemandContainerDataScanner (OnDemandContainerDataScanner.java:shutdownScanner(208)) - On-demand container scanner is shutting down.
2025-04-23 15:47:10,213 [ContainerDataScanner(/home/runner/work/ozone/ozone/hadoop-ozone/integration-test/target/test-dir/MiniOzoneClusterImpl-5cf50c17-c591-473f-a8c4-88d8665d28d7/ozone-meta/datanode-1/data-0/hdds)] WARN  ozoneimpl.AbstractBackgroundContainerScanner (AbstractBackgroundContainerScanner.java:handleRemainingSleep(136)) - Background container scan was interrupted.
2025-04-23 15:47:10,213 [ForkJoinPool.commonPool-worker-1] INFO  ozoneimpl.OzoneContainer (OzoneContainer.java:stop(536)) - Attempting to stop container services.
2025-04-23 15:47:10,213 [ContainerDataScanner(/home/runner/work/ozone/ozone/hadoop-ozone/integration-test/target/test-dir/MiniOzoneClusterImpl-5cf50c17-c591-473f-a8c4-88d8665d28d7/ozone-meta/datanode-1/data-0/hdds)] INFO  ozoneimpl.AbstractBackgroundContainerScanner (AbstractBackgroundContainerScanner.java:run(63)) - ContainerDataScanner(/home/runner/work/ozone/ozone/hadoop-ozone/integration-test/target/test-dir/MiniOzoneClusterImpl-5cf50c17-c591-473f-a8c4-88d8665d28d7/ozone-meta/datanode-1/data-0/hdds, DS-88ec3949-8848-4f17-b7ba-313fce8f01ca) exiting.
2025-04-23 15:47:10,213 [ForkJoinPool.commonPool-worker-2] INFO  ratis.XceiverServerRatis (XceiverServerRatis.java:stop(594)) - Closing XceiverServerRatis(bea46156-cfa9-40b4-9197-d8d351f5fc2c)
2025-04-23 15:47:10,213 [main] INFO  ratis.XceiverServerRatis (XceiverServerRatis.java:stop(594)) - Closing XceiverServerRatis(e48ea510-4cfd-493d-84b4-aa69255fcf6e)
2025-04-23 15:47:10,213 [ForkJoinPool.commonPool-worker-2] INFO  server.RaftServer (RaftServerProxy.java:lambda$close$9(417)) - bea46156-cfa9-40b4-9197-d8d351f5fc2c: close
2025-04-23 15:47:10,213 [ContainerMetadataScanner] WARN  ozoneimpl.AbstractBackgroundContainerScanner (AbstractBackgroundContainerScanner.java:handleRemainingSleep(136)) - Background container scan was interrupted.
2025-04-23 15:47:10,213 [ContainerMetadataScanner] INFO  ozoneimpl.AbstractBackgroundContainerScanner (AbstractBackgroundContainerScanner.java:run(63)) - org.apache.hadoop.ozone.container.ozoneimpl.BackgroundContainerMetadataScanner@20a68331 exiting.
2025-04-23 15:47:10,213 [main] INFO  server.RaftServer (RaftServerProxy.java:lambda$close$9(417)) - e48ea510-4cfd-493d-84b4-aa69255fcf6e: close
2025-04-23 15:47:10,213 [ForkJoinPool.commonPool-worker-1] INFO  ozoneimpl.BackgroundContainerDataScanner (BackgroundContainerDataScanner.java:shutdown(141)) - ContainerDataScanner(/home/runner/work/ozone/ozone/hadoop-ozone/integration-test/target/test-dir/MiniOzoneClusterImpl-5cf50c17-c591-473f-a8c4-88d8665d28d7/ozone-meta/datanode-3/data-0/hdds) is shutting down. 
2025-04-23 15:47:10,214 [ContainerDataScanner(/home/runner/work/ozone/ozone/hadoop-ozone/integration-test/target/test-dir/MiniOzoneClusterImpl-5cf50c17-c591-473f-a8c4-88d8665d28d7/ozone-meta/datanode-3/data-0/hdds)] WARN  ozoneimpl.AbstractBackgroundContainerScanner (AbstractBackgroundContainerScanner.java:handleRemainingSleep(136)) - Background container scan was interrupted.
2025-04-23 15:47:10,214 [ContainerDataScanner(/home/runner/work/ozone/ozone/hadoop-ozone/integration-test/target/test-dir/MiniOzoneClusterImpl-5cf50c17-c591-473f-a8c4-88d8665d28d7/ozone-meta/datanode-3/data-0/hdds)] INFO  ozoneimpl.AbstractBackgroundContainerScanner (AbstractBackgroundContainerScanner.java:run(63)) - ContainerDataScanner(/home/runner/work/ozone/ozone/hadoop-ozone/integration-test/target/test-dir/MiniOzoneClusterImpl-5cf50c17-c591-473f-a8c4-88d8665d28d7/ozone-meta/datanode-3/data-0/hdds, DS-6c7e6b4f-1481-4247-b032-7993761909be) exiting.
2025-04-23 15:47:10,214 [ForkJoinPool.commonPool-worker-1] INFO  ratis.XceiverServerRatis (XceiverServerRatis.java:stop(594)) - Closing XceiverServerRatis(1d13aa12-f904-4b76-b74f-beab0aa3318b)
2025-04-23 15:47:10,214 [ForkJoinPool.commonPool-worker-1] INFO  server.RaftServer (RaftServerProxy.java:lambda$close$9(417)) - 1d13aa12-f904-4b76-b74f-beab0aa3318b: close
2025-04-23 15:47:10,215 [e48ea510-4cfd-493d-84b4-aa69255fcf6e-impl-thread2] INFO  server.RaftServer$Division (RaftServerImpl.java:lambda$close$1(513)) - e48ea510-4cfd-493d-84b4-aa69255fcf6e@group-F552D2BA9679: shutdown
2025-04-23 15:47:10,215 [e48ea510-4cfd-493d-84b4-aa69255fcf6e-impl-thread2] INFO  util.JmxRegister (JmxRegister.java:unregister(74)) - Successfully un-registered JMX Bean with object name Ratis:service=RaftServer,group=group-F552D2BA9679,id=e48ea510-4cfd-493d-84b4-aa69255fcf6e
2025-04-23 15:47:10,215 [e48ea510-4cfd-493d-84b4-aa69255fcf6e-impl-thread2] INFO  impl.RoleInfo (RoleInfo.java:shutdownFollowerState(121)) - e48ea510-4cfd-493d-84b4-aa69255fcf6e: shutdown e48ea510-4cfd-493d-84b4-aa69255fcf6e@group-F552D2BA9679-FollowerState
2025-04-23 15:47:10,215 [e48ea510-4cfd-493d-84b4-aa69255fcf6e-impl-thread2] INFO  impl.StateMachineUpdater (StateMachineUpdater.java:stopAndJoin(164)) - e48ea510-4cfd-493d-84b4-aa69255fcf6e@group-F552D2BA9679-StateMachineUpdater: set stopIndex = 0
2025-04-23 15:47:10,215 [bea46156-cfa9-40b4-9197-d8d351f5fc2c-impl-thread2] INFO  server.RaftServer$Division (RaftServerImpl.java:lambda$close$1(513)) - bea46156-cfa9-40b4-9197-d8d351f5fc2c@group-F552D2BA9679: shutdown
2025-04-23 15:47:10,216 [bea46156-cfa9-40b4-9197-d8d351f5fc2c-impl-thread2] INFO  util.JmxRegister (JmxRegister.java:unregister(74)) - Successfully un-registered JMX Bean with object name Ratis:service=RaftServer,group=group-F552D2BA9679,id=bea46156-cfa9-40b4-9197-d8d351f5fc2c
2025-04-23 15:47:10,216 [bea46156-cfa9-40b4-9197-d8d351f5fc2c-impl-thread2] INFO  impl.RoleInfo (RoleInfo.java:shutdownLeaderState(103)) - bea46156-cfa9-40b4-9197-d8d351f5fc2c: shutdown bea46156-cfa9-40b4-9197-d8d351f5fc2c@group-F552D2BA9679-LeaderStateImpl
2025-04-23 15:47:10,216 [e48ea510-4cfd-493d-84b4-aa69255fcf6e@group-F552D2BA9679-StateMachineUpdater] INFO  ratis.ContainerStateMachine (ContainerStateMachine.java:takeSnapshot(426)) - group-F552D2BA9679: Taking a snapshot at:(t:1, i:0) file /home/runner/work/ozone/ozone/hadoop-ozone/integration-test/target/test-dir/MiniOzoneClusterImpl-5cf50c17-c591-473f-a8c4-88d8665d28d7/ozone-meta/datanode-2/ratis/24f3cc1f-6c83-4689-8af2-f552d2ba9679/sm/snapshot.1_0
2025-04-23 15:47:10,216 [e48ea510-4cfd-493d-84b4-aa69255fcf6e@group-F552D2BA9679-FollowerState] INFO  impl.FollowerState (FollowerState.java:runImpl(170)) - e48ea510-4cfd-493d-84b4-aa69255fcf6e@group-F552D2BA9679-FollowerState was interrupted
2025-04-23 15:47:10,216 [main] INFO  server.GrpcService (GrpcService.java:closeImpl(343)) - e48ea510-4cfd-493d-84b4-aa69255fcf6e: shutdown server org.apache.ratis.grpc.server.GrpcClientProtocolService now
2025-04-23 15:47:10,216 [e48ea510-4cfd-493d-84b4-aa69255fcf6e-impl-thread3] INFO  server.RaftServer$Division (RaftServerImpl.java:lambda$close$1(513)) - e48ea510-4cfd-493d-84b4-aa69255fcf6e@group-1AEB597AE35D: shutdown
2025-04-23 15:47:10,216 [e48ea510-4cfd-493d-84b4-aa69255fcf6e-impl-thread3] INFO  util.JmxRegister (JmxRegister.java:unregister(74)) - Successfully un-registered JMX Bean with object name Ratis:service=RaftServer,group=group-1AEB597AE35D,id=e48ea510-4cfd-493d-84b4-aa69255fcf6e
2025-04-23 15:47:10,216 [e48ea510-4cfd-493d-84b4-aa69255fcf6e-impl-thread3] INFO  impl.RoleInfo (RoleInfo.java:shutdownLeaderState(103)) - e48ea510-4cfd-493d-84b4-aa69255fcf6e: shutdown e48ea510-4cfd-493d-84b4-aa69255fcf6e@group-1AEB597AE35D-LeaderStateImpl
2025-04-23 15:47:10,216 [e48ea510-4cfd-493d-84b4-aa69255fcf6e-impl-thread3] INFO  impl.PendingRequests (PendingRequests.java:sendNotLeaderResponses(287)) - e48ea510-4cfd-493d-84b4-aa69255fcf6e@group-1AEB597AE35D-PendingRequests: sendNotLeaderResponses
2025-04-23 15:47:10,216 [bea46156-cfa9-40b4-9197-d8d351f5fc2c-impl-thread2] INFO  impl.PendingRequests (PendingRequests.java:sendNotLeaderResponses(287)) - bea46156-cfa9-40b4-9197-d8d351f5fc2c@group-F552D2BA9679-PendingRequests: sendNotLeaderResponses
2025-04-23 15:47:10,217 [bea46156-cfa9-40b4-9197-d8d351f5fc2c@group-F552D2BA9679->e48ea510-4cfd-493d-84b4-aa69255fcf6e-GrpcLogAppender-LogAppenderDaemon] WARN  server.GrpcLogAppender (GrpcLogAppender.java:mayWait(293)) - bea46156-cfa9-40b4-9197-d8d351f5fc2c@group-F552D2BA9679->e48ea510-4cfd-493d-84b4-aa69255fcf6e-GrpcLogAppender: Wait interrupted by java.lang.InterruptedException
2025-04-23 15:47:10,217 [e48ea510-4cfd-493d-84b4-aa69255fcf6e-impl-thread3] INFO  impl.StateMachineUpdater (StateMachineUpdater.java:stopAndJoin(164)) - e48ea510-4cfd-493d-84b4-aa69255fcf6e@group-1AEB597AE35D-StateMachineUpdater: set stopIndex = 15
2025-04-23 15:47:10,216 [e48ea510-4cfd-493d-84b4-aa69255fcf6e-impl-thread4] INFO  server.RaftServer$Division (RaftServerImpl.java:lambda$close$1(513)) - e48ea510-4cfd-493d-84b4-aa69255fcf6e@group-AC23FF7AA8B3: shutdown
2025-04-23 15:47:10,217 [e48ea510-4cfd-493d-84b4-aa69255fcf6e-impl-thread4] INFO  util.JmxRegister (JmxRegister.java:unregister(74)) - Successfully un-registered JMX Bean with object name Ratis:service=RaftServer,group=group-AC23FF7AA8B3,id=e48ea510-4cfd-493d-84b4-aa69255fcf6e
2025-04-23 15:47:10,217 [e48ea510-4cfd-493d-84b4-aa69255fcf6e-impl-thread4] INFO  impl.RoleInfo (RoleInfo.java:shutdownLeaderState(103)) - e48ea510-4cfd-493d-84b4-aa69255fcf6e: shutdown e48ea510-4cfd-493d-84b4-aa69255fcf6e@group-AC23FF7AA8B3-LeaderStateImpl
2025-04-23 15:47:10,217 [1d13aa12-f904-4b76-b74f-beab0aa3318b-impl-thread2] INFO  server.RaftServer$Division (RaftServerImpl.java:lambda$close$1(513)) - 1d13aa12-f904-4b76-b74f-beab0aa3318b@group-F552D2BA9679: shutdown
2025-04-23 15:47:10,217 [e48ea510-4cfd-493d-84b4-aa69255fcf6e@group-AC23FF7AA8B3->bea46156-cfa9-40b4-9197-d8d351f5fc2c-GrpcLogAppender-LogAppenderDaemon] WARN  server.GrpcLogAppender (GrpcLogAppender.java:mayWait(293)) - e48ea510-4cfd-493d-84b4-aa69255fcf6e@group-AC23FF7AA8B3->bea46156-cfa9-40b4-9197-d8d351f5fc2c-GrpcLogAppender: Wait interrupted by java.lang.InterruptedException
2025-04-23 15:47:10,217 [e48ea510-4cfd-493d-84b4-aa69255fcf6e@group-AC23FF7AA8B3->1d13aa12-f904-4b76-b74f-beab0aa3318b-GrpcLogAppender-LogAppenderDaemon] WARN  server.GrpcLogAppender (GrpcLogAppender.java:mayWait(293)) - e48ea510-4cfd-493d-84b4-aa69255fcf6e@group-AC23FF7AA8B3->1d13aa12-f904-4b76-b74f-beab0aa3318b-GrpcLogAppender: Wait interrupted by java.lang.InterruptedException
2025-04-23 15:47:10,217 [e48ea510-4cfd-493d-84b4-aa69255fcf6e-impl-thread4] INFO  impl.PendingRequests (PendingRequests.java:sendNotLeaderResponses(287)) - e48ea510-4cfd-493d-84b4-aa69255fcf6e@group-AC23FF7AA8B3-PendingRequests: sendNotLeaderResponses
2025-04-23 15:47:10,218 [e48ea510-4cfd-493d-84b4-aa69255fcf6e-impl-thread4] INFO  impl.StateMachineUpdater (StateMachineUpdater.java:stopAndJoin(164)) - e48ea510-4cfd-493d-84b4-aa69255fcf6e@group-AC23FF7AA8B3-StateMachineUpdater: set stopIndex = 0
2025-04-23 15:47:10,217 [1d13aa12-f904-4b76-b74f-beab0aa3318b-impl-thread2] INFO  util.JmxRegister (JmxRegister.java:unregister(74)) - Successfully un-registered JMX Bean with object name Ratis:service=RaftServer,group=group-F552D2BA9679,id=1d13aa12-f904-4b76-b74f-beab0aa3318b
2025-04-23 15:47:10,218 [1d13aa12-f904-4b76-b74f-beab0aa3318b-impl-thread2] INFO  impl.RoleInfo (RoleInfo.java:shutdownFollowerState(121)) - 1d13aa12-f904-4b76-b74f-beab0aa3318b: shutdown 1d13aa12-f904-4b76-b74f-beab0aa3318b@group-F552D2BA9679-FollowerState
2025-04-23 15:47:10,218 [1d13aa12-f904-4b76-b74f-beab0aa3318b@group-F552D2BA9679-StateMachineUpdater] INFO  ratis.ContainerStateMachine (ContainerStateMachine.java:takeSnapshot(426)) - group-F552D2BA9679: Taking a snapshot at:(t:1, i:0) file /home/runner/work/ozone/ozone/hadoop-ozone/integration-test/target/test-dir/MiniOzoneClusterImpl-5cf50c17-c591-473f-a8c4-88d8665d28d7/ozone-meta/datanode-3/ratis/24f3cc1f-6c83-4689-8af2-f552d2ba9679/sm/snapshot.1_0
2025-04-23 15:47:10,218 [e48ea510-4cfd-493d-84b4-aa69255fcf6e@group-1AEB597AE35D-StateMachineUpdater] INFO  ratis.ContainerStateMachine (ContainerStateMachine.java:takeSnapshot(426)) - group-1AEB597AE35D: Taking a snapshot at:(t:1, i:15) file /home/runner/work/ozone/ozone/hadoop-ozone/integration-test/target/test-dir/MiniOzoneClusterImpl-5cf50c17-c591-473f-a8c4-88d8665d28d7/ozone-meta/datanode-2/ratis/1ca3b68f-936d-4b1f-91a5-1aeb597ae35d/sm/snapshot.1_15
2025-04-23 15:47:10,218 [1d13aa12-f904-4b76-b74f-beab0aa3318b-impl-thread2] INFO  impl.StateMachineUpdater (StateMachineUpdater.java:stopAndJoin(164)) - 1d13aa12-f904-4b76-b74f-beab0aa3318b@group-F552D2BA9679-StateMachineUpdater: set stopIndex = 0
2025-04-23 15:47:10,218 [bea46156-cfa9-40b4-9197-d8d351f5fc2c@group-F552D2BA9679->1d13aa12-f904-4b76-b74f-beab0aa3318b-GrpcLogAppender-LogAppenderDaemon] WARN  server.GrpcLogAppender (GrpcLogAppender.java:mayWait(293)) - bea46156-cfa9-40b4-9197-d8d351f5fc2c@group-F552D2BA9679->1d13aa12-f904-4b76-b74f-beab0aa3318b-GrpcLogAppender: Wait interrupted by java.lang.InterruptedException
2025-04-23 15:47:10,218 [e48ea510-4cfd-493d-84b4-aa69255fcf6e@group-AC23FF7AA8B3-StateMachineUpdater] INFO  ratis.ContainerStateMachine (ContainerStateMachine.java:takeSnapshot(426)) - group-AC23FF7AA8B3: Taking a snapshot at:(t:1, i:0) file /home/runner/work/ozone/ozone/hadoop-ozone/integration-test/target/test-dir/MiniOzoneClusterImpl-5cf50c17-c591-473f-a8c4-88d8665d28d7/ozone-meta/datanode-2/ratis/8439014f-3643-4d4f-902f-ac23ff7aa8b3/sm/snapshot.1_0
2025-04-23 15:47:10,219 [bea46156-cfa9-40b4-9197-d8d351f5fc2c@group-F552D2BA9679-StateMachineUpdater] INFO  ratis.ContainerStateMachine (ContainerStateMachine.java:takeSnapshot(426)) - group-F552D2BA9679: Taking a snapshot at:(t:1, i:0) file /home/runner/work/ozone/ozone/hadoop-ozone/integration-test/target/test-dir/MiniOzoneClusterImpl-5cf50c17-c591-473f-a8c4-88d8665d28d7/ozone-meta/datanode-1/ratis/24f3cc1f-6c83-4689-8af2-f552d2ba9679/sm/snapshot.1_0
2025-04-23 15:47:10,219 [bea46156-cfa9-40b4-9197-d8d351f5fc2c-impl-thread2] INFO  impl.StateMachineUpdater (StateMachineUpdater.java:stopAndJoin(164)) - bea46156-cfa9-40b4-9197-d8d351f5fc2c@group-F552D2BA9679-StateMachineUpdater: set stopIndex = 0
2025-04-23 15:47:10,219 [1d13aa12-f904-4b76-b74f-beab0aa3318b@group-F552D2BA9679-FollowerState] INFO  impl.FollowerState (FollowerState.java:runImpl(170)) - 1d13aa12-f904-4b76-b74f-beab0aa3318b@group-F552D2BA9679-FollowerState was interrupted
2025-04-23 15:47:10,219 [1d13aa12-f904-4b76-b74f-beab0aa3318b-impl-thread3] INFO  server.RaftServer$Division (RaftServerImpl.java:lambda$close$1(513)) - 1d13aa12-f904-4b76-b74f-beab0aa3318b@group-5454E332233E: shutdown
2025-04-23 15:47:10,219 [1d13aa12-f904-4b76-b74f-beab0aa3318b-impl-thread3] INFO  util.JmxRegister (JmxRegister.java:unregister(74)) - Successfully un-registered JMX Bean with object name Ratis:service=RaftServer,group=group-5454E332233E,id=1d13aa12-f904-4b76-b74f-beab0aa3318b
2025-04-23 15:47:10,219 [1d13aa12-f904-4b76-b74f-beab0aa3318b-impl-thread3] INFO  impl.RoleInfo (RoleInfo.java:shutdownLeaderState(103)) - 1d13aa12-f904-4b76-b74f-beab0aa3318b: shutdown 1d13aa12-f904-4b76-b74f-beab0aa3318b@group-5454E332233E-LeaderStateImpl
2025-04-23 15:47:10,219 [1d13aa12-f904-4b76-b74f-beab0aa3318b-impl-thread3] INFO  impl.PendingRequests (PendingRequests.java:sendNotLeaderResponses(287)) - 1d13aa12-f904-4b76-b74f-beab0aa3318b@group-5454E332233E-PendingRequests: sendNotLeaderResponses
2025-04-23 15:47:10,220 [grpc-default-executor-7] INFO  server.GrpcServerProtocolService (GrpcServerProtocolService.java:onCompleted(157)) - 1d13aa12-f904-4b76-b74f-beab0aa3318b: Completed APPEND_ENTRIES, lastRequest: null
2025-04-23 15:47:10,220 [grpc-default-executor-7] INFO  server.GrpcServerProtocolService (GrpcServerProtocolService.java:lambda$onCompleted$5(159)) - 1d13aa12-f904-4b76-b74f-beab0aa3318b: Completed APPEND_ENTRIES, lastReply: serverReply {
  requestorId: "e48ea510-4cfd-493d-84b4-aa69255fcf6e"
  replyId: "1d13aa12-f904-4b76-b74f-beab0aa3318b"
  raftGroupId {
    id: "\2049\001O6CMO\220/\254#\377z\250\263"
  }
  callId: 61
  success: true
}
term: 1
nextIndex: 1
matchIndex: 18446744073709551615
isHearbeat: true

2025-04-23 15:47:10,220 [grpc-default-executor-0] INFO  server.GrpcServerProtocolService (GrpcServerProtocolService.java:onCompleted(157)) - e48ea510-4cfd-493d-84b4-aa69255fcf6e: Completed APPEND_ENTRIES, lastRequest: null
2025-04-23 15:47:10,220 [grpc-default-executor-0] INFO  server.GrpcServerProtocolService (GrpcServerProtocolService.java:lambda$onCompleted$5(159)) - e48ea510-4cfd-493d-84b4-aa69255fcf6e: Completed APPEND_ENTRIES, lastReply: serverReply {
  requestorId: "bea46156-cfa9-40b4-9197-d8d351f5fc2c"
  replyId: "e48ea510-4cfd-493d-84b4-aa69255fcf6e"
  raftGroupId {
    id: "$\363\314\037l\203F\211\212\362\365R\322\272\226y"
  }
  callId: 60
  success: true
}
term: 1
nextIndex: 1
matchIndex: 18446744073709551615
isHearbeat: true

2025-04-23 15:47:10,220 [1d13aa12-f904-4b76-b74f-beab0aa3318b@group-5454E332233E-StateMachineUpdater] INFO  ratis.ContainerStateMachine (ContainerStateMachine.java:takeSnapshot(426)) - group-5454E332233E: Taking a snapshot at:(t:1, i:12) file /home/runner/work/ozone/ozone/hadoop-ozone/integration-test/target/test-dir/MiniOzoneClusterImpl-5cf50c17-c591-473f-a8c4-88d8665d28d7/ozone-meta/datanode-3/ratis/7103c8d5-578f-4288-8714-5454e332233e/sm/snapshot.1_12
2025-04-23 15:47:10,221 [grpc-default-executor-0] INFO  server.GrpcLogAppender (GrpcLogAppender.java:onCompleted(550)) - e48ea510-4cfd-493d-84b4-aa69255fcf6e@group-AC23FF7AA8B3->1d13aa12-f904-4b76-b74f-beab0aa3318b-AppendLogResponseHandler: follower responses appendEntries COMPLETED
2025-04-23 15:47:10,221 [grpc-default-executor-1] INFO  server.GrpcServerProtocolService (GrpcServerProtocolService.java:onCompleted(157)) - e48ea510-4cfd-493d-84b4-aa69255fcf6e: Completed APPEND_ENTRIES, lastRequest: bea46156-cfa9-40b4-9197-d8d351f5fc2c->e48ea510-4cfd-493d-84b4-aa69255fcf6e#1-t1,previous=(t:0, i:0),leaderCommit=-1,initializing? false,entries: size=1, first=(t:1, i:0), CONFIGURATIONENTRY(current:id:"bea46156-cfa9-40b4-9197-d8d351f5fc2c"address:"127.0.0.1:15023"priority:1dataStreamAddress:"127.0.0.1:15024"clientAddress:"127.0.0.1:15021"adminAddress:"127.0.0.1:15022"startupRole:FOLLOWER, id:"e48ea510-4cfd-493d-84b4-aa69255fcf6e"address:"127.0.0.1:15031"dataStreamAddress:"127.0.0.1:15032"clientAddress:"127.0.0.1:15029"adminAddress:"127.0.0.1:15030"startupRole:FOLLOWER, id:"1d13aa12-f904-4b76-b74f-beab0aa3318b"address:"127.0.0.1:15039"dataStreamAddress:"127.0.0.1:15040"clientAddress:"127.0.0.1:15037"adminAddress:"127.0.0.1:15038"startupRole:FOLLOWER, old:)
2025-04-23 15:47:10,221 [grpc-default-executor-1] INFO  server.GrpcServerProtocolService (GrpcServerProtocolService.java:lambda$onCompleted$5(159)) - e48ea510-4cfd-493d-84b4-aa69255fcf6e: Completed APPEND_ENTRIES, lastReply: null
2025-04-23 15:47:10,221 [grpc-default-executor-5] INFO  server.GrpcServerProtocolService (GrpcServerProtocolService.java:onCompleted(157)) - 1d13aa12-f904-4b76-b74f-beab0aa3318b: Completed APPEND_ENTRIES, lastRequest: null
2025-04-23 15:47:10,221 [grpc-default-executor-6] INFO  server.GrpcServerProtocolService (GrpcServerProtocolService.java:onCompleted(157)) - bea46156-cfa9-40b4-9197-d8d351f5fc2c: Completed APPEND_ENTRIES, lastRequest: e48ea510-4cfd-493d-84b4-aa69255fcf6e->bea46156-cfa9-40b4-9197-d8d351f5fc2c#1-t1,previous=(t:0, i:0),leaderCommit=-1,initializing? false,entries: size=1, first=(t:1, i:0), CONFIGURATIONENTRY(current:id:"bea46156-cfa9-40b4-9197-d8d351f5fc2c"address:"127.0.0.1:15023"dataStreamAddress:"127.0.0.1:15024"clientAddress:"127.0.0.1:15021"adminAddress:"127.0.0.1:15022"startupRole:FOLLOWER, id:"e48ea510-4cfd-493d-84b4-aa69255fcf6e"address:"127.0.0.1:15031"priority:1dataStreamAddress:"127.0.0.1:15032"clientAddress:"127.0.0.1:15029"adminAddress:"127.0.0.1:15030"startupRole:FOLLOWER, id:"1d13aa12-f904-4b76-b74f-beab0aa3318b"address:"127.0.0.1:15039"dataStreamAddress:"127.0.0.1:15040"clientAddress:"127.0.0.1:15037"adminAddress:"127.0.0.1:15038"startupRole:FOLLOWER, old:)
2025-04-23 15:47:10,221 [grpc-default-executor-6] INFO  server.GrpcServerProtocolService (GrpcServerProtocolService.java:lambda$onCompleted$5(159)) - bea46156-cfa9-40b4-9197-d8d351f5fc2c: Completed APPEND_ENTRIES, lastReply: null
2025-04-23 15:47:10,221 [grpc-default-executor-5] INFO  server.GrpcServerProtocolService (GrpcServerProtocolService.java:lambda$onCompleted$5(159)) - 1d13aa12-f904-4b76-b74f-beab0aa3318b: Completed APPEND_ENTRIES, lastReply: serverReply {
  requestorId: "bea46156-cfa9-40b4-9197-d8d351f5fc2c"
  replyId: "1d13aa12-f904-4b76-b74f-beab0aa3318b"
  raftGroupId {
    id: "$\363\314\037l\203F\211\212\362\365R\322\272\226y"
  }
  callId: 62
  success: true
}
term: 1
nextIndex: 1
matchIndex: 18446744073709551615
isHearbeat: true

2025-04-23 15:47:10,221 [grpc-default-executor-1] INFO  server.GrpcServerProtocolService (GrpcServerProtocolService.java:onCompleted(157)) - bea46156-cfa9-40b4-9197-d8d351f5fc2c: Completed APPEND_ENTRIES, lastRequest: null
2025-04-23 15:47:10,222 [grpc-default-executor-1] INFO  server.GrpcServerProtocolService (GrpcServerProtocolService.java:lambda$onCompleted$5(159)) - bea46156-cfa9-40b4-9197-d8d351f5fc2c: Completed APPEND_ENTRIES, lastReply: serverReply {
  requestorId: "e48ea510-4cfd-493d-84b4-aa69255fcf6e"
  replyId: "bea46156-cfa9-40b4-9197-d8d351f5fc2c"
  raftGroupId {
    id: "\2049\001O6CMO\220/\254#\377z\250\263"
  }
  callId: 61
  success: true
}
term: 1
nextIndex: 1
matchIndex: 18446744073709551615
isHearbeat: true

2025-04-23 15:47:10,222 [1d13aa12-f904-4b76-b74f-beab0aa3318b-impl-thread4] INFO  server.RaftServer$Division (RaftServerImpl.java:lambda$close$1(513)) - 1d13aa12-f904-4b76-b74f-beab0aa3318b@group-AC23FF7AA8B3: shutdown
2025-04-23 15:47:10,222 [1d13aa12-f904-4b76-b74f-beab0aa3318b-impl-thread4] INFO  util.JmxRegister (JmxRegister.java:unregister(74)) - Successfully un-registered JMX Bean with object name Ratis:service=RaftServer,group=group-AC23FF7AA8B3,id=1d13aa12-f904-4b76-b74f-beab0aa3318b
2025-04-23 15:47:10,222 [1d13aa12-f904-4b76-b74f-beab0aa3318b-impl-thread4] INFO  impl.RoleInfo (RoleInfo.java:shutdownFollowerState(121)) - 1d13aa12-f904-4b76-b74f-beab0aa3318b: shutdown 1d13aa12-f904-4b76-b74f-beab0aa3318b@group-AC23FF7AA8B3-FollowerState
2025-04-23 15:47:10,222 [1d13aa12-f904-4b76-b74f-beab0aa3318b-impl-thread4] INFO  impl.StateMachineUpdater (StateMachineUpdater.java:stopAndJoin(164)) - 1d13aa12-f904-4b76-b74f-beab0aa3318b@group-AC23FF7AA8B3-StateMachineUpdater: set stopIndex = 0
2025-04-23 15:47:10,222 [1d13aa12-f904-4b76-b74f-beab0aa3318b@group-AC23FF7AA8B3-StateMachineUpdater] INFO  ratis.ContainerStateMachine (ContainerStateMachine.java:takeSnapshot(426)) - group-AC23FF7AA8B3: Taking a snapshot at:(t:1, i:0) file /home/runner/work/ozone/ozone/hadoop-ozone/integration-test/target/test-dir/MiniOzoneClusterImpl-5cf50c17-c591-473f-a8c4-88d8665d28d7/ozone-meta/datanode-3/ratis/8439014f-3643-4d4f-902f-ac23ff7aa8b3/sm/snapshot.1_0
2025-04-23 15:47:10,222 [grpc-default-executor-2] INFO  server.GrpcServerProtocolService (GrpcServerProtocolService.java:onCompleted(157)) - 1d13aa12-f904-4b76-b74f-beab0aa3318b: Completed APPEND_ENTRIES, lastRequest: bea46156-cfa9-40b4-9197-d8d351f5fc2c->1d13aa12-f904-4b76-b74f-beab0aa3318b#1-t1,previous=(t:0, i:0),leaderCommit=-1,initializing? false,entries: size=1, first=(t:1, i:0), CONFIGURATIONENTRY(current:id:"bea46156-cfa9-40b4-9197-d8d351f5fc2c"address:"127.0.0.1:15023"priority:1dataStreamAddress:"127.0.0.1:15024"clientAddress:"127.0.0.1:15021"adminAddress:"127.0.0.1:15022"startupRole:FOLLOWER, id:"e48ea510-4cfd-493d-84b4-aa69255fcf6e"address:"127.0.0.1:15031"dataStreamAddress:"127.0.0.1:15032"clientAddress:"127.0.0.1:15029"adminAddress:"127.0.0.1:15030"startupRole:FOLLOWER, id:"1d13aa12-f904-4b76-b74f-beab0aa3318b"address:"127.0.0.1:15039"dataStreamAddress:"127.0.0.1:15040"clientAddress:"127.0.0.1:15037"adminAddress:"127.0.0.1:15038"startupRole:FOLLOWER, old:)
2025-04-23 15:47:10,222 [grpc-default-executor-2] INFO  server.GrpcServerProtocolService (GrpcServerProtocolService.java:lambda$onCompleted$5(159)) - 1d13aa12-f904-4b76-b74f-beab0aa3318b: Completed APPEND_ENTRIES, lastReply: null
2025-04-23 15:47:10,222 [grpc-default-executor-1] INFO  server.GrpcLogAppender (GrpcLogAppender.java:onCompleted(550)) - bea46156-cfa9-40b4-9197-d8d351f5fc2c@group-F552D2BA9679->1d13aa12-f904-4b76-b74f-beab0aa3318b-AppendLogResponseHandler: follower responses appendEntries COMPLETED
2025-04-23 15:47:10,220 [1d13aa12-f904-4b76-b74f-beab0aa3318b-impl-thread3] INFO  impl.StateMachineUpdater (StateMachineUpdater.java:stopAndJoin(164)) - 1d13aa12-f904-4b76-b74f-beab0aa3318b@group-5454E332233E-StateMachineUpdater: set stopIndex = 12
2025-04-23 15:47:10,222 [1d13aa12-f904-4b76-b74f-beab0aa3318b@group-AC23FF7AA8B3-FollowerState] INFO  impl.FollowerState (FollowerState.java:runImpl(170)) - 1d13aa12-f904-4b76-b74f-beab0aa3318b@group-AC23FF7AA8B3-FollowerState was interrupted
2025-04-23 15:47:10,222 [ForkJoinPool.commonPool-worker-1] INFO  server.GrpcService (GrpcService.java:closeImpl(343)) - 1d13aa12-f904-4b76-b74f-beab0aa3318b: shutdown server org.apache.ratis.grpc.server.GrpcClientProtocolService now
2025-04-23 15:47:10,226 [Thread-6946] INFO  server.GrpcServerProtocolClient (GrpcServerProtocolClient.java:close(105)) - bea46156-cfa9-40b4-9197-d8d351f5fc2c Close channels
2025-04-23 15:47:10,227 [Thread-6953] INFO  server.GrpcServerProtocolClient (GrpcServerProtocolClient.java:close(105)) - 1d13aa12-f904-4b76-b74f-beab0aa3318b Close channels
2025-04-23 15:47:10,228 [grpc-default-executor-9] INFO  server.GrpcLogAppender (GrpcLogAppender.java:onCompleted(550)) - bea46156-cfa9-40b4-9197-d8d351f5fc2c@group-F552D2BA9679->e48ea510-4cfd-493d-84b4-aa69255fcf6e-AppendLogResponseHandler: follower responses appendEntries COMPLETED
2025-04-23 15:47:10,229 [grpc-default-executor-8] INFO  server.GrpcLogAppender (GrpcLogAppender.java:onCompleted(550)) - e48ea510-4cfd-493d-84b4-aa69255fcf6e@group-AC23FF7AA8B3->bea46156-cfa9-40b4-9197-d8d351f5fc2c-AppendLogResponseHandler: follower responses appendEntries COMPLETED
2025-04-23 15:47:10,229 [grpc-default-executor-8] WARN  server.GrpcLogAppender (GrpcLogAppender.java:resetClient(230)) - e48ea510-4cfd-493d-84b4-aa69255fcf6e@group-AC23FF7AA8B3->bea46156-cfa9-40b4-9197-d8d351f5fc2c-GrpcLogAppender: Failed to getClient for bea46156-cfa9-40b4-9197-d8d351f5fc2c
org.apache.ratis.protocol.exceptions.AlreadyClosedException: e48ea510-4cfd-493d-84b4-aa69255fcf6e is already CLOSED
	at org.apache.ratis.util.PeerProxyMap$PeerAndProxy.getProxy(PeerProxyMap.java:67)
	at org.apache.ratis.util.PeerProxyMap.getProxy(PeerProxyMap.java:124)
	at org.apache.ratis.grpc.server.GrpcLogAppender.getClient(GrpcLogAppender.java:200)
	at org.apache.ratis.grpc.server.GrpcLogAppender.resetClient(GrpcLogAppender.java:205)
	at org.apache.ratis.grpc.server.GrpcLogAppender.access$800(GrpcLogAppender.java:64)
	at org.apache.ratis.grpc.server.GrpcLogAppender$AppendLogResponseHandler.onCompleted(GrpcLogAppender.java:551)
	at org.apache.ratis.thirdparty.io.grpc.stub.ClientCalls$StreamObserverToCallListenerAdapter.onClose(ClientCalls.java:479)
	at org.apache.ratis.thirdparty.io.grpc.internal.ClientCallImpl.closeObserver(ClientCallImpl.java:567)
	at org.apache.ratis.thirdparty.io.grpc.internal.ClientCallImpl.access$300(ClientCallImpl.java:71)
	at org.apache.ratis.thirdparty.io.grpc.internal.ClientCallImpl$ClientStreamListenerImpl$1StreamClosed.runInternal(ClientCallImpl.java:735)
	at org.apache.ratis.thirdparty.io.grpc.internal.ClientCallImpl$ClientStreamListenerImpl$1StreamClosed.runInContext(ClientCallImpl.java:716)
	at org.apache.ratis.thirdparty.io.grpc.internal.ContextRunnable.run(ContextRunnable.java:37)
	at org.apache.ratis.thirdparty.io.grpc.internal.SerializingExecutor.run(SerializingExecutor.java:133)
	at java.base/java.util.concurrent.ThreadPoolExecutor.runWorker(ThreadPoolExecutor.java:1144)
	at java.base/java.util.concurrent.ThreadPoolExecutor$Worker.run(ThreadPoolExecutor.java:642)
	at java.base/java.lang.Thread.run(Thread.java:1583)
2025-04-23 15:47:10,230 [bea46156-cfa9-40b4-9197-d8d351f5fc2c-impl-thread3] INFO  server.RaftServer$Division (RaftServerImpl.java:lambda$close$1(513)) - bea46156-cfa9-40b4-9197-d8d351f5fc2c@group-BC06D3ED378B: shutdown
2025-04-23 15:47:10,230 [bea46156-cfa9-40b4-9197-d8d351f5fc2c-impl-thread3] INFO  util.JmxRegister (JmxRegister.java:unregister(74)) - Successfully un-registered JMX Bean with object name Ratis:service=RaftServer,group=group-BC06D3ED378B,id=bea46156-cfa9-40b4-9197-d8d351f5fc2c
2025-04-23 15:47:10,230 [bea46156-cfa9-40b4-9197-d8d351f5fc2c-impl-thread3] INFO  impl.RoleInfo (RoleInfo.java:shutdownLeaderState(103)) - bea46156-cfa9-40b4-9197-d8d351f5fc2c: shutdown bea46156-cfa9-40b4-9197-d8d351f5fc2c@group-BC06D3ED378B-LeaderStateImpl
2025-04-23 15:47:10,230 [bea46156-cfa9-40b4-9197-d8d351f5fc2c-impl-thread3] INFO  impl.PendingRequests (PendingRequests.java:sendNotLeaderResponses(287)) - bea46156-cfa9-40b4-9197-d8d351f5fc2c@group-BC06D3ED378B-PendingRequests: sendNotLeaderResponses
2025-04-23 15:47:10,230 [grpc-default-executor-10] INFO  server.GrpcServerProtocolService (GrpcServerProtocolService.java:onCompleted(157)) - 1d13aa12-f904-4b76-b74f-beab0aa3318b: Completed APPEND_ENTRIES, lastRequest: e48ea510-4cfd-493d-84b4-aa69255fcf6e->1d13aa12-f904-4b76-b74f-beab0aa3318b#1-t1,previous=(t:0, i:0),leaderCommit=-1,initializing? false,entries: size=1, first=(t:1, i:0), CONFIGURATIONENTRY(current:id:"bea46156-cfa9-40b4-9197-d8d351f5fc2c"address:"127.0.0.1:15023"dataStreamAddress:"127.0.0.1:15024"clientAddress:"127.0.0.1:15021"adminAddress:"127.0.0.1:15022"startupRole:FOLLOWER, id:"e48ea510-4cfd-493d-84b4-aa69255fcf6e"address:"127.0.0.1:15031"priority:1dataStreamAddress:"127.0.0.1:15032"clientAddress:"127.0.0.1:15029"adminAddress:"127.0.0.1:15030"startupRole:FOLLOWER, id:"1d13aa12-f904-4b76-b74f-beab0aa3318b"address:"127.0.0.1:15039"dataStreamAddress:"127.0.0.1:15040"clientAddress:"127.0.0.1:15037"adminAddress:"127.0.0.1:15038"startupRole:FOLLOWER, old:)
2025-04-23 15:47:10,230 [grpc-default-executor-10] INFO  server.GrpcServerProtocolService (GrpcServerProtocolService.java:lambda$onCompleted$5(159)) - 1d13aa12-f904-4b76-b74f-beab0aa3318b: Completed APPEND_ENTRIES, lastReply: null
2025-04-23 15:47:10,231 [grpc-default-executor-6] INFO  server.GrpcLogAppender (GrpcLogAppender.java:onCompleted(550)) - bea46156-cfa9-40b4-9197-d8d351f5fc2c@group-F552D2BA9679->1d13aa12-f904-4b76-b74f-beab0aa3318b-AppendLogResponseHandler: follower responses appendEntries COMPLETED
2025-04-23 15:47:10,231 [bea46156-cfa9-40b4-9197-d8d351f5fc2c@group-BC06D3ED378B-StateMachineUpdater] INFO  ratis.ContainerStateMachine (ContainerStateMachine.java:takeSnapshot(426)) - group-BC06D3ED378B: Taking a snapshot at:(t:1, i:6) file /home/runner/work/ozone/ozone/hadoop-ozone/integration-test/target/test-dir/MiniOzoneClusterImpl-5cf50c17-c591-473f-a8c4-88d8665d28d7/ozone-meta/datanode-1/ratis/de1ee7cc-3939-4530-9e15-bc06d3ed378b/sm/snapshot.1_6
2025-04-23 15:47:10,231 [bea46156-cfa9-40b4-9197-d8d351f5fc2c-impl-thread3] INFO  impl.StateMachineUpdater (StateMachineUpdater.java:stopAndJoin(164)) - bea46156-cfa9-40b4-9197-d8d351f5fc2c@group-BC06D3ED378B-StateMachineUpdater: set stopIndex = 6
2025-04-23 15:47:10,232 [grpc-default-executor-0] INFO  server.GrpcLogAppender (GrpcLogAppender.java:onCompleted(550)) - e48ea510-4cfd-493d-84b4-aa69255fcf6e@group-AC23FF7AA8B3->bea46156-cfa9-40b4-9197-d8d351f5fc2c-AppendLogResponseHandler: follower responses appendEntries COMPLETED
2025-04-23 15:47:10,232 [grpc-default-executor-0] WARN  server.GrpcLogAppender (GrpcLogAppender.java:resetClient(230)) - e48ea510-4cfd-493d-84b4-aa69255fcf6e@group-AC23FF7AA8B3->bea46156-cfa9-40b4-9197-d8d351f5fc2c-GrpcLogAppender: Failed to getClient for bea46156-cfa9-40b4-9197-d8d351f5fc2c
org.apache.ratis.protocol.exceptions.AlreadyClosedException: e48ea510-4cfd-493d-84b4-aa69255fcf6e is already CLOSED
	at org.apache.ratis.util.PeerProxyMap$PeerAndProxy.getProxy(PeerProxyMap.java:67)
	at org.apache.ratis.util.PeerProxyMap.getProxy(PeerProxyMap.java:124)
	at org.apache.ratis.grpc.server.GrpcLogAppender.getClient(GrpcLogAppender.java:200)
	at org.apache.ratis.grpc.server.GrpcLogAppender.resetClient(GrpcLogAppender.java:205)
	at org.apache.ratis.grpc.server.GrpcLogAppender.access$800(GrpcLogAppender.java:64)
	at org.apache.ratis.grpc.server.GrpcLogAppender$AppendLogResponseHandler.onCompleted(GrpcLogAppender.java:551)
	at org.apache.ratis.thirdparty.io.grpc.stub.ClientCalls$StreamObserverToCallListenerAdapter.onClose(ClientCalls.java:479)
	at org.apache.ratis.thirdparty.io.grpc.internal.DelayedClientCall$DelayedListener$3.run(DelayedClientCall.java:489)
	at org.apache.ratis.thirdparty.io.grpc.internal.DelayedClientCall$DelayedListener.delayOrExecute(DelayedClientCall.java:453)
	at org.apache.ratis.thirdparty.io.grpc.internal.DelayedClientCall$DelayedListener.onClose(DelayedClientCall.java:486)
	at org.apache.ratis.thirdparty.io.grpc.internal.ClientCallImpl.closeObserver(ClientCallImpl.java:567)
	at org.apache.ratis.thirdparty.io.grpc.internal.ClientCallImpl.access$300(ClientCallImpl.java:71)
	at org.apache.ratis.thirdparty.io.grpc.internal.ClientCallImpl$ClientStreamListenerImpl$1StreamClosed.runInternal(ClientCallImpl.java:735)
	at org.apache.ratis.thirdparty.io.grpc.internal.ClientCallImpl$ClientStreamListenerImpl$1StreamClosed.runInContext(ClientCallImpl.java:716)
	at org.apache.ratis.thirdparty.io.grpc.internal.ContextRunnable.run(ContextRunnable.java:37)
	at org.apache.ratis.thirdparty.io.grpc.internal.SerializingExecutor.run(SerializingExecutor.java:133)
	at java.base/java.util.concurrent.ThreadPoolExecutor.runWorker(ThreadPoolExecutor.java:1144)
	at java.base/java.util.concurrent.ThreadPoolExecutor$Worker.run(ThreadPoolExecutor.java:642)
	at java.base/java.lang.Thread.run(Thread.java:1583)
2025-04-23 15:47:10,232 [grpc-default-executor-6] INFO  server.GrpcLogAppender (GrpcLogAppender.java:onCompleted(550)) - e48ea510-4cfd-493d-84b4-aa69255fcf6e@group-AC23FF7AA8B3->1d13aa12-f904-4b76-b74f-beab0aa3318b-AppendLogResponseHandler: follower responses appendEntries COMPLETED
2025-04-23 15:47:10,232 [grpc-default-executor-6] WARN  server.GrpcLogAppender (GrpcLogAppender.java:resetClient(230)) - e48ea510-4cfd-493d-84b4-aa69255fcf6e@group-AC23FF7AA8B3->1d13aa12-f904-4b76-b74f-beab0aa3318b-GrpcLogAppender: Failed to getClient for 1d13aa12-f904-4b76-b74f-beab0aa3318b
org.apache.ratis.protocol.exceptions.AlreadyClosedException: e48ea510-4cfd-493d-84b4-aa69255fcf6e is already CLOSED
	at org.apache.ratis.util.PeerProxyMap$PeerAndProxy.getProxy(PeerProxyMap.java:67)
	at org.apache.ratis.util.PeerProxyMap.getProxy(PeerProxyMap.java:124)
	at org.apache.ratis.grpc.server.GrpcLogAppender.getClient(GrpcLogAppender.java:200)
	at org.apache.ratis.grpc.server.GrpcLogAppender.resetClient(GrpcLogAppender.java:205)
	at org.apache.ratis.grpc.server.GrpcLogAppender.access$800(GrpcLogAppender.java:64)
	at org.apache.ratis.grpc.server.GrpcLogAppender$AppendLogResponseHandler.onCompleted(GrpcLogAppender.java:551)
	at org.apache.ratis.thirdparty.io.grpc.stub.ClientCalls$StreamObserverToCallListenerAdapter.onClose(ClientCalls.java:479)
	at org.apache.ratis.thirdparty.io.grpc.internal.ClientCallImpl.closeObserver(ClientCallImpl.java:567)
	at org.apache.ratis.thirdparty.io.grpc.internal.ClientCallImpl.access$300(ClientCallImpl.java:71)
	at org.apache.ratis.thirdparty.io.grpc.internal.ClientCallImpl$ClientStreamListenerImpl$1StreamClosed.runInternal(ClientCallImpl.java:735)
	at org.apache.ratis.thirdparty.io.grpc.internal.ClientCallImpl$ClientStreamListenerImpl$1StreamClosed.runInContext(ClientCallImpl.java:716)
	at org.apache.ratis.thirdparty.io.grpc.internal.ContextRunnable.run(ContextRunnable.java:37)
	at org.apache.ratis.thirdparty.io.grpc.internal.SerializingExecutor.run(SerializingExecutor.java:133)
	at java.base/java.util.concurrent.ThreadPoolExecutor.runWorker(ThreadPoolExecutor.java:1144)
	at java.base/java.util.concurrent.ThreadPoolExecutor$Worker.run(ThreadPoolExecutor.java:642)
	at java.base/java.lang.Thread.run(Thread.java:1583)
2025-04-23 15:47:10,232 [grpc-default-executor-9] INFO  server.GrpcLogAppender (GrpcLogAppender.java:onCompleted(550)) - bea46156-cfa9-40b4-9197-d8d351f5fc2c@group-F552D2BA9679->e48ea510-4cfd-493d-84b4-aa69255fcf6e-AppendLogResponseHandler: follower responses appendEntries COMPLETED
2025-04-23 15:47:10,232 [bea46156-cfa9-40b4-9197-d8d351f5fc2c-impl-thread4] INFO  server.RaftServer$Division (RaftServerImpl.java:lambda$close$1(513)) - bea46156-cfa9-40b4-9197-d8d351f5fc2c@group-AC23FF7AA8B3: shutdown
2025-04-23 15:47:10,232 [bea46156-cfa9-40b4-9197-d8d351f5fc2c-impl-thread4] INFO  util.JmxRegister (JmxRegister.java:unregister(74)) - Successfully un-registered JMX Bean with object name Ratis:service=RaftServer,group=group-AC23FF7AA8B3,id=bea46156-cfa9-40b4-9197-d8d351f5fc2c
2025-04-23 15:47:10,232 [bea46156-cfa9-40b4-9197-d8d351f5fc2c-impl-thread4] INFO  impl.RoleInfo (RoleInfo.java:shutdownFollowerState(121)) - bea46156-cfa9-40b4-9197-d8d351f5fc2c: shutdown bea46156-cfa9-40b4-9197-d8d351f5fc2c@group-AC23FF7AA8B3-FollowerState
2025-04-23 15:47:10,232 [bea46156-cfa9-40b4-9197-d8d351f5fc2c-impl-thread4] INFO  impl.StateMachineUpdater (StateMachineUpdater.java:stopAndJoin(164)) - bea46156-cfa9-40b4-9197-d8d351f5fc2c@group-AC23FF7AA8B3-StateMachineUpdater: set stopIndex = 0
2025-04-23 15:47:10,232 [ForkJoinPool.commonPool-worker-2] INFO  server.GrpcService (GrpcService.java:closeImpl(343)) - bea46156-cfa9-40b4-9197-d8d351f5fc2c: shutdown server org.apache.ratis.grpc.server.GrpcClientProtocolService now
2025-04-23 15:47:10,232 [bea46156-cfa9-40b4-9197-d8d351f5fc2c@group-AC23FF7AA8B3-FollowerState] INFO  impl.FollowerState (FollowerState.java:runImpl(170)) - bea46156-cfa9-40b4-9197-d8d351f5fc2c@group-AC23FF7AA8B3-FollowerState was interrupted
2025-04-23 15:47:10,232 [main] INFO  server.GrpcService (GrpcService.java:closeImpl(352)) - e48ea510-4cfd-493d-84b4-aa69255fcf6e: shutdown server org.apache.ratis.grpc.server.GrpcClientProtocolService successfully
2025-04-23 15:47:10,233 [main] INFO  server.GrpcService (GrpcService.java:closeImpl(343)) - e48ea510-4cfd-493d-84b4-aa69255fcf6e: shutdown server GrpcServerProtocolService now
2025-04-23 15:47:10,233 [Thread-6955] INFO  server.GrpcServerProtocolClient (GrpcServerProtocolClient.java:close(105)) - e48ea510-4cfd-493d-84b4-aa69255fcf6e Close channels
2025-04-23 15:47:10,233 [ForkJoinPool.commonPool-worker-1] INFO  server.GrpcService (GrpcService.java:closeImpl(352)) - 1d13aa12-f904-4b76-b74f-beab0aa3318b: shutdown server org.apache.ratis.grpc.server.GrpcClientProtocolService successfully
2025-04-23 15:47:10,233 [ForkJoinPool.commonPool-worker-1] INFO  server.GrpcService (GrpcService.java:closeImpl(343)) - 1d13aa12-f904-4b76-b74f-beab0aa3318b: shutdown server GrpcServerProtocolService now
2025-04-23 15:47:10,233 [bea46156-cfa9-40b4-9197-d8d351f5fc2c@group-AC23FF7AA8B3-StateMachineUpdater] INFO  ratis.ContainerStateMachine (ContainerStateMachine.java:takeSnapshot(426)) - group-AC23FF7AA8B3: Taking a snapshot at:(t:1, i:0) file /home/runner/work/ozone/ozone/hadoop-ozone/integration-test/target/test-dir/MiniOzoneClusterImpl-5cf50c17-c591-473f-a8c4-88d8665d28d7/ozone-meta/datanode-1/ratis/8439014f-3643-4d4f-902f-ac23ff7aa8b3/sm/snapshot.1_0
2025-04-23 15:47:10,234 [Thread-6957] INFO  server.GrpcServerProtocolClient (GrpcServerProtocolClient.java:close(105)) - 1d13aa12-f904-4b76-b74f-beab0aa3318b Close channels
2025-04-23 15:47:10,235 [ForkJoinPool.commonPool-worker-1] INFO  server.GrpcService (GrpcService.java:closeImpl(352)) - 1d13aa12-f904-4b76-b74f-beab0aa3318b: shutdown server GrpcServerProtocolService successfully
2025-04-23 15:47:10,235 [ForkJoinPool.commonPool-worker-1] INFO  server.GrpcService (GrpcService.java:closeImpl(343)) - 1d13aa12-f904-4b76-b74f-beab0aa3318b: shutdown server org.apache.ratis.grpc.server.GrpcAdminProtocolService now
2025-04-23 15:47:10,235 [ForkJoinPool.commonPool-worker-1] INFO  server.GrpcService (GrpcService.java:closeImpl(352)) - 1d13aa12-f904-4b76-b74f-beab0aa3318b: shutdown server org.apache.ratis.grpc.server.GrpcAdminProtocolService successfully
2025-04-23 15:47:10,235 [ForkJoinPool.commonPool-worker-2] INFO  server.GrpcService (GrpcService.java:closeImpl(352)) - bea46156-cfa9-40b4-9197-d8d351f5fc2c: shutdown server org.apache.ratis.grpc.server.GrpcClientProtocolService successfully
2025-04-23 15:47:10,235 [ForkJoinPool.commonPool-worker-2] INFO  server.GrpcService (GrpcService.java:closeImpl(343)) - bea46156-cfa9-40b4-9197-d8d351f5fc2c: shutdown server GrpcServerProtocolService now
2025-04-23 15:47:10,236 [main] INFO  server.GrpcService (GrpcService.java:closeImpl(352)) - e48ea510-4cfd-493d-84b4-aa69255fcf6e: shutdown server GrpcServerProtocolService successfully
2025-04-23 15:47:10,236 [main] INFO  server.GrpcService (GrpcService.java:closeImpl(343)) - e48ea510-4cfd-493d-84b4-aa69255fcf6e: shutdown server org.apache.ratis.grpc.server.GrpcAdminProtocolService now
2025-04-23 15:47:10,236 [main] INFO  server.GrpcService (GrpcService.java:closeImpl(352)) - e48ea510-4cfd-493d-84b4-aa69255fcf6e: shutdown server org.apache.ratis.grpc.server.GrpcAdminProtocolService successfully
2025-04-23 15:47:10,237 [ForkJoinPool.commonPool-worker-2] INFO  server.GrpcService (GrpcService.java:closeImpl(352)) - bea46156-cfa9-40b4-9197-d8d351f5fc2c: shutdown server GrpcServerProtocolService successfully
2025-04-23 15:47:10,237 [ForkJoinPool.commonPool-worker-2] INFO  server.GrpcService (GrpcService.java:closeImpl(343)) - bea46156-cfa9-40b4-9197-d8d351f5fc2c: shutdown server org.apache.ratis.grpc.server.GrpcAdminProtocolService now
2025-04-23 15:47:10,239 [bea46156-cfa9-40b4-9197-d8d351f5fc2c@group-AC23FF7AA8B3-StateMachineUpdater] INFO  ratis.ContainerStateMachine (ContainerStateMachine.java:takeSnapshot(435)) - group-AC23FF7AA8B3: Finished taking a snapshot at:(t:1, i:0) file:/home/runner/work/ozone/ozone/hadoop-ozone/integration-test/target/test-dir/MiniOzoneClusterImpl-5cf50c17-c591-473f-a8c4-88d8665d28d7/ozone-meta/datanode-1/ratis/8439014f-3643-4d4f-902f-ac23ff7aa8b3/sm/snapshot.1_0 took: 7 ms
2025-04-23 15:47:10,239 [bea46156-cfa9-40b4-9197-d8d351f5fc2c@group-F552D2BA9679-StateMachineUpdater] INFO  ratis.ContainerStateMachine (ContainerStateMachine.java:takeSnapshot(435)) - group-F552D2BA9679: Finished taking a snapshot at:(t:1, i:0) file:/home/runner/work/ozone/ozone/hadoop-ozone/integration-test/target/test-dir/MiniOzoneClusterImpl-5cf50c17-c591-473f-a8c4-88d8665d28d7/ozone-meta/datanode-1/ratis/24f3cc1f-6c83-4689-8af2-f552d2ba9679/sm/snapshot.1_0 took: 20 ms
2025-04-23 15:47:10,239 [1d13aa12-f904-4b76-b74f-beab0aa3318b@group-F552D2BA9679-StateMachineUpdater] INFO  ratis.ContainerStateMachine (ContainerStateMachine.java:takeSnapshot(435)) - group-F552D2BA9679: Finished taking a snapshot at:(t:1, i:0) file:/home/runner/work/ozone/ozone/hadoop-ozone/integration-test/target/test-dir/MiniOzoneClusterImpl-5cf50c17-c591-473f-a8c4-88d8665d28d7/ozone-meta/datanode-3/ratis/24f3cc1f-6c83-4689-8af2-f552d2ba9679/sm/snapshot.1_0 took: 21 ms
2025-04-23 15:47:10,239 [1d13aa12-f904-4b76-b74f-beab0aa3318b@group-AC23FF7AA8B3-StateMachineUpdater] INFO  ratis.ContainerStateMachine (ContainerStateMachine.java:takeSnapshot(435)) - group-AC23FF7AA8B3: Finished taking a snapshot at:(t:1, i:0) file:/home/runner/work/ozone/ozone/hadoop-ozone/integration-test/target/test-dir/MiniOzoneClusterImpl-5cf50c17-c591-473f-a8c4-88d8665d28d7/ozone-meta/datanode-3/ratis/8439014f-3643-4d4f-902f-ac23ff7aa8b3/sm/snapshot.1_0 took: 17 ms
2025-04-23 15:47:10,239 [e48ea510-4cfd-493d-84b4-aa69255fcf6e@group-F552D2BA9679-StateMachineUpdater] INFO  ratis.ContainerStateMachine (ContainerStateMachine.java:takeSnapshot(435)) - group-F552D2BA9679: Finished taking a snapshot at:(t:1, i:0) file:/home/runner/work/ozone/ozone/hadoop-ozone/integration-test/target/test-dir/MiniOzoneClusterImpl-5cf50c17-c591-473f-a8c4-88d8665d28d7/ozone-meta/datanode-2/ratis/24f3cc1f-6c83-4689-8af2-f552d2ba9679/sm/snapshot.1_0 took: 23 ms
2025-04-23 15:47:10,240 [e48ea510-4cfd-493d-84b4-aa69255fcf6e@group-AC23FF7AA8B3-StateMachineUpdater] INFO  ratis.ContainerStateMachine (ContainerStateMachine.java:takeSnapshot(435)) - group-AC23FF7AA8B3: Finished taking a snapshot at:(t:1, i:0) file:/home/runner/work/ozone/ozone/hadoop-ozone/integration-test/target/test-dir/MiniOzoneClusterImpl-5cf50c17-c591-473f-a8c4-88d8665d28d7/ozone-meta/datanode-2/ratis/8439014f-3643-4d4f-902f-ac23ff7aa8b3/sm/snapshot.1_0 took: 22 ms
2025-04-23 15:47:10,241 [1d13aa12-f904-4b76-b74f-beab0aa3318b@group-AC23FF7AA8B3-StateMachineUpdater] INFO  impl.StateMachineUpdater (StateMachineUpdater.java:takeSnapshot(303)) - 1d13aa12-f904-4b76-b74f-beab0aa3318b@group-AC23FF7AA8B3-StateMachineUpdater: Took a snapshot at index 0
2025-04-23 15:47:10,241 [1d13aa12-f904-4b76-b74f-beab0aa3318b@group-AC23FF7AA8B3-StateMachineUpdater] INFO  impl.StateMachineUpdater (StateMachineUpdater.java:lambda$new$0(102)) - 1d13aa12-f904-4b76-b74f-beab0aa3318b@group-AC23FF7AA8B3-StateMachineUpdater: snapshotIndex: updateIncreasingly -1 -> 0
2025-04-23 15:47:10,241 [1d13aa12-f904-4b76-b74f-beab0aa3318b@group-AC23FF7AA8B3-StateMachineUpdater] INFO  impl.StateMachineUpdater (StateMachineUpdater.java:stop(141)) - 1d13aa12-f904-4b76-b74f-beab0aa3318b@group-AC23FF7AA8B3-StateMachineUpdater: closing ContainerStateMachine, lastApplied=(t:1, i:0)
2025-04-23 15:47:10,241 [e48ea510-4cfd-493d-84b4-aa69255fcf6e@group-AC23FF7AA8B3-StateMachineUpdater] INFO  impl.StateMachineUpdater (StateMachineUpdater.java:takeSnapshot(303)) - e48ea510-4cfd-493d-84b4-aa69255fcf6e@group-AC23FF7AA8B3-StateMachineUpdater: Took a snapshot at index 0
2025-04-23 15:47:10,241 [e48ea510-4cfd-493d-84b4-aa69255fcf6e@group-F552D2BA9679-StateMachineUpdater] INFO  impl.StateMachineUpdater (StateMachineUpdater.java:takeSnapshot(303)) - e48ea510-4cfd-493d-84b4-aa69255fcf6e@group-F552D2BA9679-StateMachineUpdater: Took a snapshot at index 0
2025-04-23 15:47:10,241 [1d13aa12-f904-4b76-b74f-beab0aa3318b@group-AC23FF7AA8B3-cacheEviction-AwaitToRun] INFO  util.AwaitToRun (AwaitToRun.java:run(49)) - 1d13aa12-f904-4b76-b74f-beab0aa3318b@group-AC23FF7AA8B3-cacheEviction-AwaitToRun-AwaitForSignal is interrupted
2025-04-23 15:47:10,241 [e48ea510-4cfd-493d-84b4-aa69255fcf6e@group-1AEB597AE35D-StateMachineUpdater] INFO  ratis.ContainerStateMachine (ContainerStateMachine.java:takeSnapshot(435)) - group-1AEB597AE35D: Finished taking a snapshot at:(t:1, i:15) file:/home/runner/work/ozone/ozone/hadoop-ozone/integration-test/target/test-dir/MiniOzoneClusterImpl-5cf50c17-c591-473f-a8c4-88d8665d28d7/ozone-meta/datanode-2/ratis/1ca3b68f-936d-4b1f-91a5-1aeb597ae35d/sm/snapshot.1_15 took: 23 ms
2025-04-23 15:47:10,241 [e48ea510-4cfd-493d-84b4-aa69255fcf6e@group-1AEB597AE35D-StateMachineUpdater] INFO  impl.StateMachineUpdater (StateMachineUpdater.java:takeSnapshot(303)) - e48ea510-4cfd-493d-84b4-aa69255fcf6e@group-1AEB597AE35D-StateMachineUpdater: Took a snapshot at index 15
2025-04-23 15:47:10,241 [e48ea510-4cfd-493d-84b4-aa69255fcf6e@group-1AEB597AE35D-StateMachineUpdater] INFO  impl.StateMachineUpdater (StateMachineUpdater.java:lambda$new$0(102)) - e48ea510-4cfd-493d-84b4-aa69255fcf6e@group-1AEB597AE35D-StateMachineUpdater: snapshotIndex: updateIncreasingly -1 -> 15
2025-04-23 15:47:10,242 [1d13aa12-f904-4b76-b74f-beab0aa3318b@group-5454E332233E-StateMachineUpdater] INFO  ratis.ContainerStateMachine (ContainerStateMachine.java:takeSnapshot(435)) - group-5454E332233E: Finished taking a snapshot at:(t:1, i:12) file:/home/runner/work/ozone/ozone/hadoop-ozone/integration-test/target/test-dir/MiniOzoneClusterImpl-5cf50c17-c591-473f-a8c4-88d8665d28d7/ozone-meta/datanode-3/ratis/7103c8d5-578f-4288-8714-5454e332233e/sm/snapshot.1_12 took: 21 ms
2025-04-23 15:47:10,242 [e48ea510-4cfd-493d-84b4-aa69255fcf6e@group-1AEB597AE35D-StateMachineUpdater] INFO  impl.StateMachineUpdater (StateMachineUpdater.java:stop(141)) - e48ea510-4cfd-493d-84b4-aa69255fcf6e@group-1AEB597AE35D-StateMachineUpdater: closing ContainerStateMachine, lastApplied=(t:1, i:15)
2025-04-23 15:47:10,242 [1d13aa12-f904-4b76-b74f-beab0aa3318b@group-5454E332233E-StateMachineUpdater] INFO  impl.StateMachineUpdater (StateMachineUpdater.java:takeSnapshot(303)) - 1d13aa12-f904-4b76-b74f-beab0aa3318b@group-5454E332233E-StateMachineUpdater: Took a snapshot at index 12
2025-04-23 15:47:10,242 [1d13aa12-f904-4b76-b74f-beab0aa3318b@group-5454E332233E-StateMachineUpdater] INFO  impl.StateMachineUpdater (StateMachineUpdater.java:lambda$new$0(102)) - 1d13aa12-f904-4b76-b74f-beab0aa3318b@group-5454E332233E-StateMachineUpdater: snapshotIndex: updateIncreasingly -1 -> 12
2025-04-23 15:47:10,242 [1d13aa12-f904-4b76-b74f-beab0aa3318b@group-5454E332233E-StateMachineUpdater] INFO  impl.StateMachineUpdater (StateMachineUpdater.java:stop(141)) - 1d13aa12-f904-4b76-b74f-beab0aa3318b@group-5454E332233E-StateMachineUpdater: closing ContainerStateMachine, lastApplied=(t:1, i:12)
2025-04-23 15:47:10,241 [bea46156-cfa9-40b4-9197-d8d351f5fc2c@group-BC06D3ED378B-StateMachineUpdater] INFO  ratis.ContainerStateMachine (ContainerStateMachine.java:takeSnapshot(435)) - group-BC06D3ED378B: Finished taking a snapshot at:(t:1, i:6) file:/home/runner/work/ozone/ozone/hadoop-ozone/integration-test/target/test-dir/MiniOzoneClusterImpl-5cf50c17-c591-473f-a8c4-88d8665d28d7/ozone-meta/datanode-1/ratis/de1ee7cc-3939-4530-9e15-bc06d3ed378b/sm/snapshot.1_6 took: 10 ms
2025-04-23 15:47:10,241 [1d13aa12-f904-4b76-b74f-beab0aa3318b@group-F552D2BA9679-StateMachineUpdater] INFO  impl.StateMachineUpdater (StateMachineUpdater.java:takeSnapshot(303)) - 1d13aa12-f904-4b76-b74f-beab0aa3318b@group-F552D2BA9679-StateMachineUpdater: Took a snapshot at index 0
2025-04-23 15:47:10,242 [1d13aa12-f904-4b76-b74f-beab0aa3318b@group-F552D2BA9679-StateMachineUpdater] INFO  impl.StateMachineUpdater (StateMachineUpdater.java:lambda$new$0(102)) - 1d13aa12-f904-4b76-b74f-beab0aa3318b@group-F552D2BA9679-StateMachineUpdater: snapshotIndex: updateIncreasingly -1 -> 0
2025-04-23 15:47:10,242 [1d13aa12-f904-4b76-b74f-beab0aa3318b@group-F552D2BA9679-StateMachineUpdater] INFO  impl.StateMachineUpdater (StateMachineUpdater.java:stop(141)) - 1d13aa12-f904-4b76-b74f-beab0aa3318b@group-F552D2BA9679-StateMachineUpdater: closing ContainerStateMachine, lastApplied=(t:1, i:0)
2025-04-23 15:47:10,241 [bea46156-cfa9-40b4-9197-d8d351f5fc2c@group-AC23FF7AA8B3-StateMachineUpdater] INFO  impl.StateMachineUpdater (StateMachineUpdater.java:takeSnapshot(303)) - bea46156-cfa9-40b4-9197-d8d351f5fc2c@group-AC23FF7AA8B3-StateMachineUpdater: Took a snapshot at index 0
2025-04-23 15:47:10,242 [bea46156-cfa9-40b4-9197-d8d351f5fc2c@group-AC23FF7AA8B3-StateMachineUpdater] INFO  impl.StateMachineUpdater (StateMachineUpdater.java:lambda$new$0(102)) - bea46156-cfa9-40b4-9197-d8d351f5fc2c@group-AC23FF7AA8B3-StateMachineUpdater: snapshotIndex: updateIncreasingly -1 -> 0
2025-04-23 15:47:10,242 [bea46156-cfa9-40b4-9197-d8d351f5fc2c@group-AC23FF7AA8B3-StateMachineUpdater] INFO  impl.StateMachineUpdater (StateMachineUpdater.java:stop(141)) - bea46156-cfa9-40b4-9197-d8d351f5fc2c@group-AC23FF7AA8B3-StateMachineUpdater: closing ContainerStateMachine, lastApplied=(t:1, i:0)
2025-04-23 15:47:10,243 [bea46156-cfa9-40b4-9197-d8d351f5fc2c@group-AC23FF7AA8B3-cacheEviction-AwaitToRun] INFO  util.AwaitToRun (AwaitToRun.java:run(49)) - bea46156-cfa9-40b4-9197-d8d351f5fc2c@group-AC23FF7AA8B3-cacheEviction-AwaitToRun-AwaitForSignal is interrupted
2025-04-23 15:47:10,243 [e48ea510-4cfd-493d-84b4-aa69255fcf6e@group-AC23FF7AA8B3-StateMachineUpdater] INFO  impl.StateMachineUpdater (StateMachineUpdater.java:lambda$new$0(102)) - e48ea510-4cfd-493d-84b4-aa69255fcf6e@group-AC23FF7AA8B3-StateMachineUpdater: snapshotIndex: updateIncreasingly -1 -> 0
2025-04-23 15:47:10,241 [bea46156-cfa9-40b4-9197-d8d351f5fc2c@group-F552D2BA9679-StateMachineUpdater] INFO  impl.StateMachineUpdater (StateMachineUpdater.java:takeSnapshot(303)) - bea46156-cfa9-40b4-9197-d8d351f5fc2c@group-F552D2BA9679-StateMachineUpdater: Took a snapshot at index 0
2025-04-23 15:47:10,243 [e48ea510-4cfd-493d-84b4-aa69255fcf6e@group-AC23FF7AA8B3-StateMachineUpdater] INFO  impl.StateMachineUpdater (StateMachineUpdater.java:stop(141)) - e48ea510-4cfd-493d-84b4-aa69255fcf6e@group-AC23FF7AA8B3-StateMachineUpdater: closing ContainerStateMachine, lastApplied=(t:1, i:0)
2025-04-23 15:47:10,242 [bea46156-cfa9-40b4-9197-d8d351f5fc2c@group-BC06D3ED378B-StateMachineUpdater] INFO  impl.StateMachineUpdater (StateMachineUpdater.java:takeSnapshot(303)) - bea46156-cfa9-40b4-9197-d8d351f5fc2c@group-BC06D3ED378B-StateMachineUpdater: Took a snapshot at index 6
2025-04-23 15:47:10,243 [bea46156-cfa9-40b4-9197-d8d351f5fc2c@group-BC06D3ED378B-StateMachineUpdater] INFO  impl.StateMachineUpdater (StateMachineUpdater.java:lambda$new$0(102)) - bea46156-cfa9-40b4-9197-d8d351f5fc2c@group-BC06D3ED378B-StateMachineUpdater: snapshotIndex: updateIncreasingly -1 -> 6
2025-04-23 15:47:10,243 [bea46156-cfa9-40b4-9197-d8d351f5fc2c@group-BC06D3ED378B-StateMachineUpdater] INFO  impl.StateMachineUpdater (StateMachineUpdater.java:stop(141)) - bea46156-cfa9-40b4-9197-d8d351f5fc2c@group-BC06D3ED378B-StateMachineUpdater: closing ContainerStateMachine, lastApplied=(t:1, i:6)
2025-04-23 15:47:10,243 [1d13aa12-f904-4b76-b74f-beab0aa3318b@group-F552D2BA9679-cacheEviction-AwaitToRun] INFO  util.AwaitToRun (AwaitToRun.java:run(49)) - 1d13aa12-f904-4b76-b74f-beab0aa3318b@group-F552D2BA9679-cacheEviction-AwaitToRun-AwaitForSignal is interrupted
2025-04-23 15:47:10,242 [1d13aa12-f904-4b76-b74f-beab0aa3318b@group-5454E332233E-cacheEviction-AwaitToRun] INFO  util.AwaitToRun (AwaitToRun.java:run(49)) - 1d13aa12-f904-4b76-b74f-beab0aa3318b@group-5454E332233E-cacheEviction-AwaitToRun-AwaitForSignal is interrupted
2025-04-23 15:47:10,241 [e48ea510-4cfd-493d-84b4-aa69255fcf6e@group-F552D2BA9679-StateMachineUpdater] INFO  impl.StateMachineUpdater (StateMachineUpdater.java:lambda$new$0(102)) - e48ea510-4cfd-493d-84b4-aa69255fcf6e@group-F552D2BA9679-StateMachineUpdater: snapshotIndex: updateIncreasingly -1 -> 0
2025-04-23 15:47:10,243 [e48ea510-4cfd-493d-84b4-aa69255fcf6e@group-F552D2BA9679-StateMachineUpdater] INFO  impl.StateMachineUpdater (StateMachineUpdater.java:stop(141)) - e48ea510-4cfd-493d-84b4-aa69255fcf6e@group-F552D2BA9679-StateMachineUpdater: closing ContainerStateMachine, lastApplied=(t:1, i:0)
2025-04-23 15:47:10,243 [e48ea510-4cfd-493d-84b4-aa69255fcf6e@group-1AEB597AE35D-cacheEviction-AwaitToRun] INFO  util.AwaitToRun (AwaitToRun.java:run(49)) - e48ea510-4cfd-493d-84b4-aa69255fcf6e@group-1AEB597AE35D-cacheEviction-AwaitToRun-AwaitForSignal is interrupted
2025-04-23 15:47:10,243 [bea46156-cfa9-40b4-9197-d8d351f5fc2c@group-F552D2BA9679-StateMachineUpdater] INFO  impl.StateMachineUpdater (StateMachineUpdater.java:lambda$new$0(102)) - bea46156-cfa9-40b4-9197-d8d351f5fc2c@group-F552D2BA9679-StateMachineUpdater: snapshotIndex: updateIncreasingly -1 -> 0
2025-04-23 15:47:10,244 [bea46156-cfa9-40b4-9197-d8d351f5fc2c@group-F552D2BA9679-StateMachineUpdater] INFO  impl.StateMachineUpdater (StateMachineUpdater.java:stop(141)) - bea46156-cfa9-40b4-9197-d8d351f5fc2c@group-F552D2BA9679-StateMachineUpdater: closing ContainerStateMachine, lastApplied=(t:1, i:0)
2025-04-23 15:47:10,244 [bea46156-cfa9-40b4-9197-d8d351f5fc2c@group-F552D2BA9679-cacheEviction-AwaitToRun] INFO  util.AwaitToRun (AwaitToRun.java:run(49)) - bea46156-cfa9-40b4-9197-d8d351f5fc2c@group-F552D2BA9679-cacheEviction-AwaitToRun-AwaitForSignal is interrupted
2025-04-23 15:47:10,244 [e48ea510-4cfd-493d-84b4-aa69255fcf6e@group-AC23FF7AA8B3-cacheEviction-AwaitToRun] INFO  util.AwaitToRun (AwaitToRun.java:run(49)) - e48ea510-4cfd-493d-84b4-aa69255fcf6e@group-AC23FF7AA8B3-cacheEviction-AwaitToRun-AwaitForSignal is interrupted
2025-04-23 15:47:10,244 [e48ea510-4cfd-493d-84b4-aa69255fcf6e@group-F552D2BA9679-cacheEviction-AwaitToRun] INFO  util.AwaitToRun (AwaitToRun.java:run(49)) - e48ea510-4cfd-493d-84b4-aa69255fcf6e@group-F552D2BA9679-cacheEviction-AwaitToRun-AwaitForSignal is interrupted
2025-04-23 15:47:10,244 [bea46156-cfa9-40b4-9197-d8d351f5fc2c@group-BC06D3ED378B-cacheEviction-AwaitToRun] INFO  util.AwaitToRun (AwaitToRun.java:run(49)) - bea46156-cfa9-40b4-9197-d8d351f5fc2c@group-BC06D3ED378B-cacheEviction-AwaitToRun-AwaitForSignal is interrupted
2025-04-23 15:47:10,246 [ForkJoinPool.commonPool-worker-2] INFO  server.GrpcService (GrpcService.java:closeImpl(352)) - bea46156-cfa9-40b4-9197-d8d351f5fc2c: shutdown server org.apache.ratis.grpc.server.GrpcAdminProtocolService successfully
2025-04-23 15:47:10,252 [1d13aa12-f904-4b76-b74f-beab0aa3318b-NettyServerStreamRpc-bossGroup--thread1] INFO  logging.LoggingHandler (AbstractInternalLogger.java:log(148)) - [id: 0xbfd05ee6, L:/0.0.0.0:15040] CLOSE
2025-04-23 15:47:10,252 [1d13aa12-f904-4b76-b74f-beab0aa3318b-NettyServerStreamRpc-bossGroup--thread1] INFO  logging.LoggingHandler (AbstractInternalLogger.java:log(148)) - [id: 0xbfd05ee6, L:/0.0.0.0:15040] INACTIVE
2025-04-23 15:47:10,252 [1d13aa12-f904-4b76-b74f-beab0aa3318b-NettyServerStreamRpc-bossGroup--thread1] INFO  logging.LoggingHandler (AbstractInternalLogger.java:log(148)) - [id: 0xbfd05ee6, L:/0.0.0.0:15040] UNREGISTERED
2025-04-23 15:47:10,253 [e48ea510-4cfd-493d-84b4-aa69255fcf6e-NettyServerStreamRpc-bossGroup--thread1] INFO  logging.LoggingHandler (AbstractInternalLogger.java:log(148)) - [id: 0x8a9cfd6d, L:/0.0.0.0:15032] CLOSE
2025-04-23 15:47:10,253 [e48ea510-4cfd-493d-84b4-aa69255fcf6e-NettyServerStreamRpc-bossGroup--thread1] INFO  logging.LoggingHandler (AbstractInternalLogger.java:log(148)) - [id: 0x8a9cfd6d, L:/0.0.0.0:15032] INACTIVE
2025-04-23 15:47:10,253 [e48ea510-4cfd-493d-84b4-aa69255fcf6e-NettyServerStreamRpc-bossGroup--thread1] INFO  logging.LoggingHandler (AbstractInternalLogger.java:log(148)) - [id: 0x8a9cfd6d, L:/0.0.0.0:15032] UNREGISTERED
2025-04-23 15:47:10,268 [bea46156-cfa9-40b4-9197-d8d351f5fc2c-NettyServerStreamRpc-bossGroup--thread1] INFO  logging.LoggingHandler (AbstractInternalLogger.java:log(148)) - [id: 0x1e8f8c49, L:/0.0.0.0:15024] CLOSE
2025-04-23 15:47:10,268 [bea46156-cfa9-40b4-9197-d8d351f5fc2c-NettyServerStreamRpc-bossGroup--thread1] INFO  logging.LoggingHandler (AbstractInternalLogger.java:log(148)) - [id: 0x1e8f8c49, L:/0.0.0.0:15024] INACTIVE
2025-04-23 15:47:10,268 [bea46156-cfa9-40b4-9197-d8d351f5fc2c-NettyServerStreamRpc-bossGroup--thread1] INFO  logging.LoggingHandler (AbstractInternalLogger.java:log(148)) - [id: 0x1e8f8c49, L:/0.0.0.0:15024] UNREGISTERED
2025-04-23 15:47:10,415 [1d13aa12-f904-4b76-b74f-beab0aa3318b-impl-thread4] INFO  segmented.SegmentedRaftLogWorker (SegmentedRaftLogWorker.java:close(252)) - 1d13aa12-f904-4b76-b74f-beab0aa3318b@group-AC23FF7AA8B3-SegmentedRaftLogWorker close()
2025-04-23 15:47:10,416 [bea46156-cfa9-40b4-9197-d8d351f5fc2c-impl-thread4] INFO  segmented.SegmentedRaftLogWorker (SegmentedRaftLogWorker.java:close(252)) - bea46156-cfa9-40b4-9197-d8d351f5fc2c@group-AC23FF7AA8B3-SegmentedRaftLogWorker close()
2025-04-23 15:47:10,417 [1d13aa12-f904-4b76-b74f-beab0aa3318b-impl-thread4] INFO  ratis.ContainerStateMachine (ContainerStateMachine.java:notifyServerShutdown(1037)) - group-AC23FF7AA8B3 is closed by HddsDatanodeService
2025-04-23 15:47:10,417 [bea46156-cfa9-40b4-9197-d8d351f5fc2c-impl-thread4] INFO  ratis.ContainerStateMachine (ContainerStateMachine.java:notifyServerShutdown(1037)) - group-AC23FF7AA8B3 is closed by HddsDatanodeService
2025-04-23 15:47:10,417 [e48ea510-4cfd-493d-84b4-aa69255fcf6e-impl-thread4] INFO  segmented.SegmentedRaftLogWorker (SegmentedRaftLogWorker.java:close(252)) - e48ea510-4cfd-493d-84b4-aa69255fcf6e@group-AC23FF7AA8B3-SegmentedRaftLogWorker close()
2025-04-23 15:47:10,417 [e48ea510-4cfd-493d-84b4-aa69255fcf6e-impl-thread4] INFO  ratis.ContainerStateMachine (ContainerStateMachine.java:notifyServerShutdown(1037)) - group-AC23FF7AA8B3 is closed by HddsDatanodeService
2025-04-23 15:47:10,760 [e48ea510-4cfd-493d-84b4-aa69255fcf6e-impl-thread3] INFO  segmented.SegmentedRaftLogWorker (SegmentedRaftLogWorker.java:close(252)) - e48ea510-4cfd-493d-84b4-aa69255fcf6e@group-1AEB597AE35D-SegmentedRaftLogWorker close()
2025-04-23 15:47:10,760 [e48ea510-4cfd-493d-84b4-aa69255fcf6e-impl-thread3] INFO  ratis.ContainerStateMachine (ContainerStateMachine.java:notifyServerShutdown(1037)) - group-1AEB597AE35D is closed by HddsDatanodeService
2025-04-23 15:47:10,811 [bea46156-cfa9-40b4-9197-d8d351f5fc2c-impl-thread3] INFO  segmented.SegmentedRaftLogWorker (SegmentedRaftLogWorker.java:close(252)) - bea46156-cfa9-40b4-9197-d8d351f5fc2c@group-BC06D3ED378B-SegmentedRaftLogWorker close()
2025-04-23 15:47:10,811 [bea46156-cfa9-40b4-9197-d8d351f5fc2c-impl-thread3] INFO  ratis.ContainerStateMachine (ContainerStateMachine.java:notifyServerShutdown(1037)) - group-BC06D3ED378B is closed by HddsDatanodeService
2025-04-23 15:47:11,087 [bea46156-cfa9-40b4-9197-d8d351f5fc2c-impl-thread2] INFO  segmented.SegmentedRaftLogWorker (SegmentedRaftLogWorker.java:close(252)) - bea46156-cfa9-40b4-9197-d8d351f5fc2c@group-F552D2BA9679-SegmentedRaftLogWorker close()
2025-04-23 15:47:11,087 [bea46156-cfa9-40b4-9197-d8d351f5fc2c-impl-thread2] INFO  ratis.ContainerStateMachine (ContainerStateMachine.java:notifyServerShutdown(1037)) - group-F552D2BA9679 is closed by HddsDatanodeService
2025-04-23 15:47:11,087 [JvmPauseMonitor5] INFO  util.JvmPauseMonitor (JvmPauseMonitor.java:run(152)) - JvmPauseMonitor-bea46156-cfa9-40b4-9197-d8d351f5fc2c: Stopped
2025-04-23 15:47:11,102 [e48ea510-4cfd-493d-84b4-aa69255fcf6e-impl-thread2] INFO  segmented.SegmentedRaftLogWorker (SegmentedRaftLogWorker.java:close(252)) - e48ea510-4cfd-493d-84b4-aa69255fcf6e@group-F552D2BA9679-SegmentedRaftLogWorker close()
2025-04-23 15:47:11,102 [e48ea510-4cfd-493d-84b4-aa69255fcf6e-impl-thread2] INFO  ratis.ContainerStateMachine (ContainerStateMachine.java:notifyServerShutdown(1037)) - group-F552D2BA9679 is closed by HddsDatanodeService
2025-04-23 15:47:11,102 [JvmPauseMonitor6] INFO  util.JvmPauseMonitor (JvmPauseMonitor.java:run(152)) - JvmPauseMonitor-e48ea510-4cfd-493d-84b4-aa69255fcf6e: Stopped
2025-04-23 15:47:11,102 [1d13aa12-f904-4b76-b74f-beab0aa3318b-impl-thread2] INFO  segmented.SegmentedRaftLogWorker (SegmentedRaftLogWorker.java:close(252)) - 1d13aa12-f904-4b76-b74f-beab0aa3318b@group-F552D2BA9679-SegmentedRaftLogWorker close()
2025-04-23 15:47:11,103 [1d13aa12-f904-4b76-b74f-beab0aa3318b-impl-thread2] INFO  ratis.ContainerStateMachine (ContainerStateMachine.java:notifyServerShutdown(1037)) - group-F552D2BA9679 is closed by HddsDatanodeService
2025-04-23 15:47:11,122 [1d13aa12-f904-4b76-b74f-beab0aa3318b-impl-thread3] INFO  segmented.SegmentedRaftLogWorker (SegmentedRaftLogWorker.java:close(252)) - 1d13aa12-f904-4b76-b74f-beab0aa3318b@group-5454E332233E-SegmentedRaftLogWorker close()
2025-04-23 15:47:11,122 [1d13aa12-f904-4b76-b74f-beab0aa3318b-impl-thread3] INFO  ratis.ContainerStateMachine (ContainerStateMachine.java:notifyServerShutdown(1037)) - group-5454E332233E is closed by HddsDatanodeService
2025-04-23 15:47:11,122 [JvmPauseMonitor7] INFO  util.JvmPauseMonitor (JvmPauseMonitor.java:run(152)) - JvmPauseMonitor-1d13aa12-f904-4b76-b74f-beab0aa3318b: Stopped
2025-04-23 15:47:13,099 [ForkJoinPool.commonPool-worker-2] INFO  utils.DatanodeStoreCache (DatanodeStoreCache.java:shutdownCache(115)) - Skip clearing cache in mini cluster mode. Entries left: [/home/runner/work/ozone/ozone/hadoop-ozone/integration-test/target/test-dir/MiniOzoneClusterImpl-5cf50c17-c591-473f-a8c4-88d8665d28d7/ozone-meta/datanode-1/data-0/hdds/5cf50c17-c591-473f-a8c4-88d8665d28d7/DS-88ec3949-8848-4f17-b7ba-313fce8f01ca/container.db, /home/runner/work/ozone/ozone/hadoop-ozone/integration-test/target/test-dir/MiniOzoneClusterImpl-5cf50c17-c591-473f-a8c4-88d8665d28d7/ozone-meta/datanode-2/data-0/hdds/5cf50c17-c591-473f-a8c4-88d8665d28d7/DS-b6809cb6-d717-462a-a7ae-19182db32c6d/container.db, /home/runner/work/ozone/ozone/hadoop-ozone/integration-test/target/test-dir/MiniOzoneClusterImpl-5cf50c17-c591-473f-a8c4-88d8665d28d7/ozone-meta/datanode-3/data-0/hdds/5cf50c17-c591-473f-a8c4-88d8665d28d7/DS-6c7e6b4f-1481-4247-b032-7993761909be/container.db]
2025-04-23 15:47:13,100 [ForkJoinPool.commonPool-worker-2] INFO  utils.DatanodeStoreCache (DatanodeStoreCache.java:removeDB(109)) - Removed db /home/runner/work/ozone/ozone/hadoop-ozone/integration-test/target/test-dir/MiniOzoneClusterImpl-5cf50c17-c591-473f-a8c4-88d8665d28d7/ozone-meta/datanode-1/data-0/hdds/5cf50c17-c591-473f-a8c4-88d8665d28d7/DS-88ec3949-8848-4f17-b7ba-313fce8f01ca/container.db from cache
2025-04-23 15:47:13,100 [ForkJoinPool.commonPool-worker-2] INFO  volume.HddsVolume (HddsVolume.java:closeDbStore(543)) - SchemaV3 db is stopped at /home/runner/work/ozone/ozone/hadoop-ozone/integration-test/target/test-dir/MiniOzoneClusterImpl-5cf50c17-c591-473f-a8c4-88d8665d28d7/ozone-meta/datanode-1/data-0/hdds/5cf50c17-c591-473f-a8c4-88d8665d28d7/DS-88ec3949-8848-4f17-b7ba-313fce8f01ca/container.db for volume DS-88ec3949-8848-4f17-b7ba-313fce8f01ca
2025-04-23 15:47:13,100 [ForkJoinPool.commonPool-worker-2] INFO  utils.BackgroundService (BackgroundService.java:shutdown(161)) - Shutting down service BlockDeletingService
2025-04-23 15:47:13,101 [ForkJoinPool.commonPool-worker-2] INFO  utils.BackgroundService (BackgroundService.java:shutdown(161)) - Shutting down service StaleRecoveringContainerScrubbingService
2025-04-23 15:47:13,102 [ForkJoinPool.commonPool-worker-2] INFO  statemachine.DatanodeStateMachine (DatanodeStateMachine.java:stopDaemon(629)) - Ozone container server stopped.
2025-04-23 15:47:13,105 [main] INFO  utils.DatanodeStoreCache (DatanodeStoreCache.java:shutdownCache(115)) - Skip clearing cache in mini cluster mode. Entries left: [/home/runner/work/ozone/ozone/hadoop-ozone/integration-test/target/test-dir/MiniOzoneClusterImpl-5cf50c17-c591-473f-a8c4-88d8665d28d7/ozone-meta/datanode-2/data-0/hdds/5cf50c17-c591-473f-a8c4-88d8665d28d7/DS-b6809cb6-d717-462a-a7ae-19182db32c6d/container.db, /home/runner/work/ozone/ozone/hadoop-ozone/integration-test/target/test-dir/MiniOzoneClusterImpl-5cf50c17-c591-473f-a8c4-88d8665d28d7/ozone-meta/datanode-3/data-0/hdds/5cf50c17-c591-473f-a8c4-88d8665d28d7/DS-6c7e6b4f-1481-4247-b032-7993761909be/container.db]
2025-04-23 15:47:13,106 [main] INFO  utils.DatanodeStoreCache (DatanodeStoreCache.java:removeDB(109)) - Removed db /home/runner/work/ozone/ozone/hadoop-ozone/integration-test/target/test-dir/MiniOzoneClusterImpl-5cf50c17-c591-473f-a8c4-88d8665d28d7/ozone-meta/datanode-2/data-0/hdds/5cf50c17-c591-473f-a8c4-88d8665d28d7/DS-b6809cb6-d717-462a-a7ae-19182db32c6d/container.db from cache
2025-04-23 15:47:13,106 [main] INFO  volume.HddsVolume (HddsVolume.java:closeDbStore(543)) - SchemaV3 db is stopped at /home/runner/work/ozone/ozone/hadoop-ozone/integration-test/target/test-dir/MiniOzoneClusterImpl-5cf50c17-c591-473f-a8c4-88d8665d28d7/ozone-meta/datanode-2/data-0/hdds/5cf50c17-c591-473f-a8c4-88d8665d28d7/DS-b6809cb6-d717-462a-a7ae-19182db32c6d/container.db for volume DS-b6809cb6-d717-462a-a7ae-19182db32c6d
2025-04-23 15:47:13,107 [main] INFO  utils.BackgroundService (BackgroundService.java:shutdown(161)) - Shutting down service BlockDeletingService
2025-04-23 15:47:13,107 [main] INFO  utils.BackgroundService (BackgroundService.java:shutdown(161)) - Shutting down service StaleRecoveringContainerScrubbingService
2025-04-23 15:47:13,108 [main] INFO  statemachine.DatanodeStateMachine (DatanodeStateMachine.java:stopDaemon(629)) - Ozone container server stopped.
2025-04-23 15:47:13,118 [ForkJoinPool.commonPool-worker-2] INFO  handler.ContextHandler (ContextHandler.java:doStop(1159)) - Stopped o.e.j.w.WebAppContext@188a953e{hddsDatanode,/,null,STOPPED}{jar:file:/home/runner/work/ozone/ozone/hadoop-hdds/container-service/target/hdds-container-service-2.1.0-SNAPSHOT.jar!/webapps/hddsDatanode}
2025-04-23 15:47:13,118 [ForkJoinPool.commonPool-worker-2] INFO  server.AbstractConnector (AbstractConnector.java:doStop(383)) - Stopped ServerConnector@1645fba9{HTTP/1.1, (http/1.1)}{0.0.0.0:15018}
2025-04-23 15:47:13,118 [ForkJoinPool.commonPool-worker-2] INFO  server.session (HouseKeeper.java:stopScavenging(149)) - node0 Stopped scavenging
2025-04-23 15:47:13,119 [ForkJoinPool.commonPool-worker-2] INFO  handler.ContextHandler (ContextHandler.java:doStop(1159)) - Stopped o.e.j.s.ServletContextHandler@3afbd1fd{static,/static,jar:file:/home/runner/work/ozone/ozone/hadoop-hdds/container-service/target/hdds-container-service-2.1.0-SNAPSHOT.jar!/webapps/static,STOPPED}
2025-04-23 15:47:13,119 [ForkJoinPool.commonPool-worker-2] INFO  handler.ContextHandler (ContextHandler.java:doStop(1159)) - Stopped o.e.j.s.ServletContextHandler@239153fe{logs,/logs,file:///home/runner/work/ozone/ozone/hadoop-ozone/integration-test/target/log,STOPPED}
2025-04-23 15:47:13,119 [ForkJoinPool.commonPool-worker-2] INFO  ozone.HddsDatanodeClientProtocolServer (HddsDatanodeClientProtocolServer.java:stop(82)) - Stopping the RPC server for Client Protocol
2025-04-23 15:47:13,119 [ForkJoinPool.commonPool-worker-2] INFO  ipc.Server (Server.java:stop(3697)) - Stopping server on 15019
2025-04-23 15:47:13,121 [IPC Server listener on 15019] INFO  ipc.Server (Server.java:run(1585)) - Stopping IPC Server listener on 15019
2025-04-23 15:47:13,121 [IPC Server Responder] INFO  ipc.Server (Server.java:run(1718)) - Stopping IPC Server Responder
2025-04-23 15:47:13,125 [main] INFO  handler.ContextHandler (ContextHandler.java:doStop(1159)) - Stopped o.e.j.w.WebAppContext@47a782a1{hddsDatanode,/,null,STOPPED}{jar:file:/home/runner/work/ozone/ozone/hadoop-hdds/container-service/target/hdds-container-service-2.1.0-SNAPSHOT.jar!/webapps/hddsDatanode}
2025-04-23 15:47:13,125 [main] INFO  server.AbstractConnector (AbstractConnector.java:doStop(383)) - Stopped ServerConnector@7af92277{HTTP/1.1, (http/1.1)}{0.0.0.0:15026}
2025-04-23 15:47:13,126 [main] INFO  server.session (HouseKeeper.java:stopScavenging(149)) - node0 Stopped scavenging
2025-04-23 15:47:13,126 [main] INFO  handler.ContextHandler (ContextHandler.java:doStop(1159)) - Stopped o.e.j.s.ServletContextHandler@38415212{static,/static,jar:file:/home/runner/work/ozone/ozone/hadoop-hdds/container-service/target/hdds-container-service-2.1.0-SNAPSHOT.jar!/webapps/static,STOPPED}
2025-04-23 15:47:13,126 [main] INFO  handler.ContextHandler (ContextHandler.java:doStop(1159)) - Stopped o.e.j.s.ServletContextHandler@74f8a334{logs,/logs,file:///home/runner/work/ozone/ozone/hadoop-ozone/integration-test/target/log,STOPPED}
2025-04-23 15:47:13,127 [ForkJoinPool.commonPool-worker-1] INFO  utils.DatanodeStoreCache (DatanodeStoreCache.java:shutdownCache(115)) - Skip clearing cache in mini cluster mode. Entries left: [/home/runner/work/ozone/ozone/hadoop-ozone/integration-test/target/test-dir/MiniOzoneClusterImpl-5cf50c17-c591-473f-a8c4-88d8665d28d7/ozone-meta/datanode-3/data-0/hdds/5cf50c17-c591-473f-a8c4-88d8665d28d7/DS-6c7e6b4f-1481-4247-b032-7993761909be/container.db]
2025-04-23 15:47:13,127 [main] INFO  ozone.HddsDatanodeClientProtocolServer (HddsDatanodeClientProtocolServer.java:stop(82)) - Stopping the RPC server for Client Protocol
2025-04-23 15:47:13,128 [main] INFO  ipc.Server (Server.java:stop(3697)) - Stopping server on 15027
2025-04-23 15:47:13,129 [ForkJoinPool.commonPool-worker-1] INFO  utils.DatanodeStoreCache (DatanodeStoreCache.java:removeDB(109)) - Removed db /home/runner/work/ozone/ozone/hadoop-ozone/integration-test/target/test-dir/MiniOzoneClusterImpl-5cf50c17-c591-473f-a8c4-88d8665d28d7/ozone-meta/datanode-3/data-0/hdds/5cf50c17-c591-473f-a8c4-88d8665d28d7/DS-6c7e6b4f-1481-4247-b032-7993761909be/container.db from cache
2025-04-23 15:47:13,129 [ForkJoinPool.commonPool-worker-1] INFO  volume.HddsVolume (HddsVolume.java:closeDbStore(543)) - SchemaV3 db is stopped at /home/runner/work/ozone/ozone/hadoop-ozone/integration-test/target/test-dir/MiniOzoneClusterImpl-5cf50c17-c591-473f-a8c4-88d8665d28d7/ozone-meta/datanode-3/data-0/hdds/5cf50c17-c591-473f-a8c4-88d8665d28d7/DS-6c7e6b4f-1481-4247-b032-7993761909be/container.db for volume DS-6c7e6b4f-1481-4247-b032-7993761909be
2025-04-23 15:47:13,129 [ForkJoinPool.commonPool-worker-1] INFO  utils.BackgroundService (BackgroundService.java:shutdown(161)) - Shutting down service BlockDeletingService
2025-04-23 15:47:13,130 [ForkJoinPool.commonPool-worker-1] INFO  utils.BackgroundService (BackgroundService.java:shutdown(161)) - Shutting down service StaleRecoveringContainerScrubbingService
2025-04-23 15:47:13,132 [IPC Server listener on 15027] INFO  ipc.Server (Server.java:run(1585)) - Stopping IPC Server listener on 15027
2025-04-23 15:47:13,132 [IPC Server Responder] INFO  ipc.Server (Server.java:run(1718)) - Stopping IPC Server Responder
2025-04-23 15:47:13,133 [ForkJoinPool.commonPool-worker-1] INFO  statemachine.DatanodeStateMachine (DatanodeStateMachine.java:stopDaemon(629)) - Ozone container server stopped.
2025-04-23 15:47:13,146 [ForkJoinPool.commonPool-worker-1] INFO  handler.ContextHandler (ContextHandler.java:doStop(1159)) - Stopped o.e.j.w.WebAppContext@27619307{hddsDatanode,/,null,STOPPED}{jar:file:/home/runner/work/ozone/ozone/hadoop-hdds/container-service/target/hdds-container-service-2.1.0-SNAPSHOT.jar!/webapps/hddsDatanode}
2025-04-23 15:47:13,147 [ForkJoinPool.commonPool-worker-1] INFO  server.AbstractConnector (AbstractConnector.java:doStop(383)) - Stopped ServerConnector@338e0952{HTTP/1.1, (http/1.1)}{0.0.0.0:15034}
2025-04-23 15:47:13,147 [ForkJoinPool.commonPool-worker-1] INFO  server.session (HouseKeeper.java:stopScavenging(149)) - node0 Stopped scavenging
2025-04-23 15:47:13,147 [ForkJoinPool.commonPool-worker-1] INFO  handler.ContextHandler (ContextHandler.java:doStop(1159)) - Stopped o.e.j.s.ServletContextHandler@342ad2a3{static,/static,jar:file:/home/runner/work/ozone/ozone/hadoop-hdds/container-service/target/hdds-container-service-2.1.0-SNAPSHOT.jar!/webapps/static,STOPPED}
2025-04-23 15:47:13,147 [ForkJoinPool.commonPool-worker-1] INFO  handler.ContextHandler (ContextHandler.java:doStop(1159)) - Stopped o.e.j.s.ServletContextHandler@5b792e4a{logs,/logs,file:///home/runner/work/ozone/ozone/hadoop-ozone/integration-test/target/log,STOPPED}
2025-04-23 15:47:13,148 [ForkJoinPool.commonPool-worker-1] INFO  ozone.HddsDatanodeClientProtocolServer (HddsDatanodeClientProtocolServer.java:stop(82)) - Stopping the RPC server for Client Protocol
2025-04-23 15:47:13,148 [ForkJoinPool.commonPool-worker-1] INFO  ipc.Server (Server.java:stop(3697)) - Stopping server on 15035
2025-04-23 15:47:13,150 [IPC Server listener on 15035] INFO  ipc.Server (Server.java:run(1585)) - Stopping IPC Server listener on 15035
2025-04-23 15:47:13,150 [IPC Server Responder] INFO  ipc.Server (Server.java:run(1718)) - Stopping IPC Server Responder
2025-04-23 15:47:13,169 [main] WARN  server.ServerUtils (ServerUtils.java:getScmDbDir(141)) - ozone.scm.db.dirs is not configured. We recommend adding this setting. Falling back to ozone.metadata.dirs instead.
2025-04-23 15:47:13,174 [main] INFO  ha.SCMHANodeDetails (SCMHANodeDetails.java:loadSCMHAConfig(162)) - ServiceID for StorageContainerManager is null
2025-04-23 15:47:13,174 [main] INFO  ha.SCMHANodeDetails (SCMHANodeDetails.java:loadSCMHAConfig(166)) - ozone.scm.default.service.id is not defined, falling back to ozone.scm.service.ids to find serviceID for StorageContainerManager if it is HA enabled cluster
2025-04-23 15:47:13,175 [main] INFO  server.RaftServerConfigKeys (ConfUtils.java:logGet(46)) - raft.server.log.appender.buffer.byte-limit = 4194304 (custom)
2025-04-23 15:47:13,176 [main] INFO  server.RaftServer (ConfUtils.java:logGet(46)) - raft.rpc.type = GRPC (default)
2025-04-23 15:47:13,176 [main] INFO  grpc.GrpcConfigKeys (ConfUtils.java:logFallback(53)) - raft.grpc.admin.host = null (fallback to raft.grpc.server.host)
2025-04-23 15:47:13,176 [main] INFO  grpc.GrpcConfigKeys (ConfUtils.java:logFallback(53)) - raft.grpc.admin.port = 15046 (fallback to raft.grpc.server.port)
2025-04-23 15:47:13,176 [main] INFO  grpc.GrpcConfigKeys (ConfUtils.java:logFallback(53)) - raft.grpc.client.host = null (fallback to raft.grpc.server.host)
2025-04-23 15:47:13,176 [main] INFO  grpc.GrpcConfigKeys (ConfUtils.java:logFallback(53)) - raft.grpc.client.port = 15046 (fallback to raft.grpc.server.port)
2025-04-23 15:47:13,176 [main] INFO  grpc.GrpcConfigKeys (ConfUtils.java:logGet(46)) - raft.grpc.server.host = null (default)
2025-04-23 15:47:13,176 [main] INFO  grpc.GrpcConfigKeys (ConfUtils.java:logGet(46)) - raft.grpc.server.port = 15046 (custom)
2025-04-23 15:47:13,176 [main] INFO  server.GrpcService (ConfUtils.java:logGet(46)) - raft.grpc.message.size.max = 5242880 (custom)
2025-04-23 15:47:13,177 [main] INFO  server.GrpcService (ConfUtils.java:logGet(46)) - raft.grpc.flow.control.window = 1MB (=1048576) (default)
2025-04-23 15:47:13,177 [main] INFO  server.RaftServerConfigKeys (ConfUtils.java:logGet(46)) - raft.server.rpc.request.timeout = 30000ms (custom)
2025-04-23 15:47:13,177 [main] INFO  grpc.GrpcConfigKeys (ConfUtils.java:logGet(46)) - raft.grpc.server.heartbeat.channel = true (default)
2025-04-23 15:47:13,177 [main] INFO  server.RaftServerConfigKeys (ConfUtils.java:logGet(46)) - raft.server.log.appender.buffer.byte-limit = 4194304 (custom)
2025-04-23 15:47:13,177 [main] INFO  grpc.GrpcConfigKeys (ConfUtils.java:logGet(46)) - raft.grpc.server.async.request.thread.pool.cached = true (default)
2025-04-23 15:47:13,177 [main] INFO  grpc.GrpcConfigKeys (ConfUtils.java:logGet(46)) - raft.grpc.server.async.request.thread.pool.size = 32 (default)
2025-04-23 15:47:13,178 [main] INFO  impl.DataStreamServerImpl (ConfUtils.java:logGet(46)) - raft.datastream.type = DISABLED (default)
2025-04-23 15:47:13,178 [main] INFO  server.RaftServerConfigKeys (ConfUtils.java:logGet(46)) - raft.server.sleep.deviation.threshold = 300ms (default)
2025-04-23 15:47:13,178 [main] INFO  server.RaftServerConfigKeys (ConfUtils.java:logGet(46)) - raft.server.close.threshold = 60s (default)
2025-04-23 15:47:13,178 [main] INFO  server.RaftServerConfigKeys (ConfUtils.java:logGet(46)) - raft.server.leaderelection.leader.step-down.wait-time = 10s (default)
2025-04-23 15:47:13,179 [main] INFO  server.RaftServerConfigKeys (ConfUtils.java:logGet(46)) - raft.server.storage.dir = [/home/runner/work/ozone/ozone/hadoop-ozone/integration-test/target/test-dir/MiniOzoneClusterImpl-11ed033c-ec90-4580-9385-902e6658689d/ozone-meta/scm-ha] (custom)
2025-04-23 15:47:13,179 [main] INFO  server.RaftServerConfigKeys (ConfUtils.java:logGet(46)) - raft.server.threadpool.proxy.cached = true (default)
2025-04-23 15:47:13,179 [main] INFO  server.RaftServerConfigKeys (ConfUtils.java:logGet(46)) - raft.server.threadpool.proxy.size = 0 (default)
2025-04-23 15:47:13,179 [main] INFO  server.RaftServer (RaftServerProxy.java:addNew(100)) - 42a608c1-c4a9-40f1-8254-ab35a5a5924c: addNew group-902E6658689D:[42a608c1-c4a9-40f1-8254-ab35a5a5924c|fv-az1337-835:15046] returns group-902E6658689D:java.util.concurrent.CompletableFuture@6fe37953[Not completed]
2025-04-23 15:47:13,180 [42a608c1-c4a9-40f1-8254-ab35a5a5924c-groupManagement] INFO  server.RaftServer$Division (RaftServerImpl.java:<init>(255)) - 42a608c1-c4a9-40f1-8254-ab35a5a5924c: new RaftServerImpl for group-902E6658689D:[42a608c1-c4a9-40f1-8254-ab35a5a5924c|fv-az1337-835:15046] with SCMStateMachine:uninitialized
2025-04-23 15:47:13,180 [42a608c1-c4a9-40f1-8254-ab35a5a5924c-groupManagement] INFO  server.RaftServerConfigKeys (ConfUtils.java:logGet(46)) - raft.server.rpc.timeout.min = 5000ms (custom)
2025-04-23 15:47:13,180 [42a608c1-c4a9-40f1-8254-ab35a5a5924c-groupManagement] INFO  server.RaftServerConfigKeys (ConfUtils.java:logGet(46)) - raft.server.rpc.timeout.max = 5200ms (custom)
2025-04-23 15:47:13,180 [42a608c1-c4a9-40f1-8254-ab35a5a5924c-groupManagement] INFO  server.RaftServerConfigKeys (ConfUtils.java:logGet(46)) - raft.server.rpc.sleep.time = 25ms (default)
2025-04-23 15:47:13,180 [42a608c1-c4a9-40f1-8254-ab35a5a5924c-groupManagement] INFO  server.RaftServerConfigKeys (ConfUtils.java:logGet(46)) - raft.server.rpc.slowness.timeout = 120000ms (custom)
2025-04-23 15:47:13,180 [42a608c1-c4a9-40f1-8254-ab35a5a5924c-groupManagement] INFO  server.RaftServerConfigKeys (ConfUtils.java:logGet(46)) - raft.server.leaderelection.leader.step-down.wait-time = 10s (default)
2025-04-23 15:47:13,180 [42a608c1-c4a9-40f1-8254-ab35a5a5924c-groupManagement] INFO  server.RaftServerConfigKeys (ConfUtils.java:logGet(46)) - raft.server.leaderelection.member.majority-add = false (default)
2025-04-23 15:47:13,180 [42a608c1-c4a9-40f1-8254-ab35a5a5924c-groupManagement] INFO  server.RaftServerConfigKeys (ConfUtils.java:logGet(46)) - raft.server.sleep.deviation.threshold = 300ms (default)
2025-04-23 15:47:13,180 [42a608c1-c4a9-40f1-8254-ab35a5a5924c-groupManagement] INFO  server.RaftServer$Division (ServerState.java:<init>(114)) - 42a608c1-c4a9-40f1-8254-ab35a5a5924c@group-902E6658689D: ConfigurationManager, init=conf: {index: -1, cur=peers:[42a608c1-c4a9-40f1-8254-ab35a5a5924c|fv-az1337-835:15046]|listeners:[], old=null}, confs=<EMPTY_MAP>
2025-04-23 15:47:13,180 [42a608c1-c4a9-40f1-8254-ab35a5a5924c-groupManagement] INFO  server.RaftServerConfigKeys (ConfUtils.java:logGet(46)) - raft.server.notification.no-leader.timeout = 60s (default)
2025-04-23 15:47:13,180 [42a608c1-c4a9-40f1-8254-ab35a5a5924c-groupManagement] INFO  server.RaftServerConfigKeys (ConfUtils.java:logGet(46)) - raft.server.read.timeout = 10s (default)
2025-04-23 15:47:13,180 [42a608c1-c4a9-40f1-8254-ab35a5a5924c-groupManagement] INFO  server.RaftServerConfigKeys (ConfUtils.java:logGet(46)) - raft.server.retrycache.expirytime = 60000ms (default)
2025-04-23 15:47:13,180 [42a608c1-c4a9-40f1-8254-ab35a5a5924c-groupManagement] INFO  server.RaftServerConfigKeys (ConfUtils.java:logGet(46)) - raft.server.retrycache.statistics.expirytime = 100ms (default)
2025-04-23 15:47:13,180 [42a608c1-c4a9-40f1-8254-ab35a5a5924c-groupManagement] INFO  server.RaftServerConfigKeys (ConfUtils.java:logGet(46)) - raft.server.read.option = DEFAULT (default)
2025-04-23 15:47:13,180 [42a608c1-c4a9-40f1-8254-ab35a5a5924c-groupManagement] INFO  server.RaftServerConfigKeys (ConfUtils.java:logGet(46)) - raft.server.read.read-after-write-consistent.write-index-cache.expiry-time = 60s (default)
2025-04-23 15:47:13,181 [42a608c1-c4a9-40f1-8254-ab35a5a5924c-groupManagement] INFO  server.RaftServerConfigKeys (ConfUtils.java:logGet(46)) - raft.server.rpc.request.timeout = 30000ms (custom)
2025-04-23 15:47:13,181 [42a608c1-c4a9-40f1-8254-ab35a5a5924c-groupManagement] INFO  server.RaftServerConfigKeys (ConfUtils.java:logGet(46)) - raft.server.log.appender.install.snapshot.enabled = false (custom)
2025-04-23 15:47:13,181 [42a608c1-c4a9-40f1-8254-ab35a5a5924c-groupManagement] INFO  server.RaftServerConfigKeys (ConfUtils.java:logGet(46)) - raft.server.threadpool.server.cached = true (default)
2025-04-23 15:47:13,181 [42a608c1-c4a9-40f1-8254-ab35a5a5924c-groupManagement] INFO  server.RaftServerConfigKeys (ConfUtils.java:logGet(46)) - raft.server.threadpool.server.size = 0 (default)
2025-04-23 15:47:13,181 [42a608c1-c4a9-40f1-8254-ab35a5a5924c-groupManagement] INFO  server.RaftServerConfigKeys (ConfUtils.java:logGet(46)) - raft.server.threadpool.client.cached = true (default)
2025-04-23 15:47:13,181 [42a608c1-c4a9-40f1-8254-ab35a5a5924c-groupManagement] INFO  server.RaftServerConfigKeys (ConfUtils.java:logGet(46)) - raft.server.threadpool.client.size = 0 (default)
2025-04-23 15:47:13,181 [42a608c1-c4a9-40f1-8254-ab35a5a5924c-impl-thread1] INFO  server.RaftServerConfigKeys (ConfUtils.java:logGet(46)) - raft.server.storage.free-space.min = 0MB (=0) (default)
2025-04-23 15:47:13,181 [42a608c1-c4a9-40f1-8254-ab35a5a5924c-impl-thread1] INFO  server.RaftServerConfigKeys (ConfUtils.java:logGet(46)) - raft.server.log.corruption.policy = EXCEPTION (default)
2025-04-23 15:47:13,181 [42a608c1-c4a9-40f1-8254-ab35a5a5924c-impl-thread1] INFO  server.RaftServerConfigKeys (ConfUtils.java:logGet(46)) - raft.server.storage.dir = [/home/runner/work/ozone/ozone/hadoop-ozone/integration-test/target/test-dir/MiniOzoneClusterImpl-11ed033c-ec90-4580-9385-902e6658689d/ozone-meta/scm-ha] (custom)
2025-04-23 15:47:13,181 [42a608c1-c4a9-40f1-8254-ab35a5a5924c-impl-thread1] INFO  storage.RaftStorageDirectory (RaftStorageDirectoryImpl.java:analyzeStorage(138)) - The storage directory /home/runner/work/ozone/ozone/hadoop-ozone/integration-test/target/test-dir/MiniOzoneClusterImpl-11ed033c-ec90-4580-9385-902e6658689d/ozone-meta/scm-ha/11ed033c-ec90-4580-9385-902e6658689d does not exist. Creating ...
2025-04-23 15:47:13,184 [42a608c1-c4a9-40f1-8254-ab35a5a5924c-impl-thread1] INFO  storage.RaftStorageDirectory (RaftStorageDirectoryImpl.java:tryLock(229)) - Lock on /home/runner/work/ozone/ozone/hadoop-ozone/integration-test/target/test-dir/MiniOzoneClusterImpl-11ed033c-ec90-4580-9385-902e6658689d/ozone-meta/scm-ha/11ed033c-ec90-4580-9385-902e6658689d/in_use.lock acquired by nodename 129659@fv-az1337-835
2025-04-23 15:47:13,185 [42a608c1-c4a9-40f1-8254-ab35a5a5924c-impl-thread1] INFO  storage.RaftStorage (RaftStorageImpl.java:format(98)) - Storage directory /home/runner/work/ozone/ozone/hadoop-ozone/integration-test/target/test-dir/MiniOzoneClusterImpl-11ed033c-ec90-4580-9385-902e6658689d/ozone-meta/scm-ha/11ed033c-ec90-4580-9385-902e6658689d has been successfully formatted.
2025-04-23 15:47:13,185 [42a608c1-c4a9-40f1-8254-ab35a5a5924c-impl-thread1] INFO  ha.SCMStateMachine (SCMStateMachine.java:lambda$initialize$0(135)) - 42a608c1-c4a9-40f1-8254-ab35a5a5924c: initialize group-902E6658689D
2025-04-23 15:47:13,185 [42a608c1-c4a9-40f1-8254-ab35a5a5924c-impl-thread1] INFO  server.RaftServerConfigKeys (ConfUtils.java:logGet(46)) - raft.server.log.use.memory = false (default)
2025-04-23 15:47:13,185 [42a608c1-c4a9-40f1-8254-ab35a5a5924c-impl-thread1] INFO  server.RaftServerConfigKeys (ConfUtils.java:logGet(46)) - raft.server.log.purge.gap = 1000000 (custom)
2025-04-23 15:47:13,185 [42a608c1-c4a9-40f1-8254-ab35a5a5924c-impl-thread1] INFO  server.RaftServerConfigKeys (ConfUtils.java:logGet(46)) - raft.server.log.appender.buffer.byte-limit = 4194304 (custom)
2025-04-23 15:47:13,185 [42a608c1-c4a9-40f1-8254-ab35a5a5924c-impl-thread1] INFO  server.RaftServerConfigKeys (ConfUtils.java:logGet(46)) - raft.server.log.statemachine.data.read.timeout = 1000ms (default)
2025-04-23 15:47:13,185 [42a608c1-c4a9-40f1-8254-ab35a5a5924c-impl-thread1] INFO  server.RaftServerConfigKeys (ConfUtils.java:logGet(46)) - raft.server.log.purge.preservation.log.num = 0 (default)
2025-04-23 15:47:13,185 [42a608c1-c4a9-40f1-8254-ab35a5a5924c-impl-thread1] INFO  server.RaftServerConfigKeys (ConfUtils.java:logGet(46)) - raft.server.log.segment.size.max = 4194304 (custom)
2025-04-23 15:47:13,185 [42a608c1-c4a9-40f1-8254-ab35a5a5924c-impl-thread1] INFO  server.RaftServerConfigKeys (ConfUtils.java:logGet(46)) - raft.server.log.segment.cache.num.max = 2 (custom)
2025-04-23 15:47:13,186 [42a608c1-c4a9-40f1-8254-ab35a5a5924c-impl-thread1] INFO  server.RaftServerConfigKeys (ConfUtils.java:logGet(46)) - raft.server.log.segment.cache.size.max = 200MB (=209715200) (default)
2025-04-23 15:47:13,186 [42a608c1-c4a9-40f1-8254-ab35a5a5924c-impl-thread1] INFO  server.RaftServerConfigKeys (ConfUtils.java:logGet(46)) - raft.server.log.appender.buffer.byte-limit = 4194304 (custom)
2025-04-23 15:47:13,186 [42a608c1-c4a9-40f1-8254-ab35a5a5924c-impl-thread1] INFO  util.AwaitToRun (AwaitToRun.java:start(81)) - Thread[#8021,42a608c1-c4a9-40f1-8254-ab35a5a5924c@group-902E6658689D-cacheEviction-AwaitToRun,5,main] started
2025-04-23 15:47:13,186 [42a608c1-c4a9-40f1-8254-ab35a5a5924c-impl-thread1] INFO  segmented.SegmentedRaftLogWorker (SegmentedRaftLogWorker.java:<init>(188)) - new 42a608c1-c4a9-40f1-8254-ab35a5a5924c@group-902E6658689D-SegmentedRaftLogWorker for RaftStorageImpl:Storage Directory /home/runner/work/ozone/ozone/hadoop-ozone/integration-test/target/test-dir/MiniOzoneClusterImpl-11ed033c-ec90-4580-9385-902e6658689d/ozone-meta/scm-ha/11ed033c-ec90-4580-9385-902e6658689d
2025-04-23 15:47:13,186 [42a608c1-c4a9-40f1-8254-ab35a5a5924c-impl-thread1] INFO  server.RaftServerConfigKeys (ConfUtils.java:logGet(46)) - raft.server.log.queue.byte-limit = 64MB (=67108864) (default)
2025-04-23 15:47:13,186 [42a608c1-c4a9-40f1-8254-ab35a5a5924c-impl-thread1] INFO  server.RaftServerConfigKeys (ConfUtils.java:logGet(46)) - raft.server.log.queue.element-limit = 4096 (default)
2025-04-23 15:47:13,186 [42a608c1-c4a9-40f1-8254-ab35a5a5924c-impl-thread1] INFO  server.RaftServerConfigKeys (ConfUtils.java:logGet(46)) - raft.server.log.segment.size.max = 4194304 (custom)
2025-04-23 15:47:13,186 [42a608c1-c4a9-40f1-8254-ab35a5a5924c-impl-thread1] INFO  server.RaftServerConfigKeys (ConfUtils.java:logGet(46)) - raft.server.log.preallocated.size = 4194304 (custom)
2025-04-23 15:47:13,186 [42a608c1-c4a9-40f1-8254-ab35a5a5924c-impl-thread1] INFO  server.RaftServerConfigKeys (ConfUtils.java:logGet(46)) - raft.server.log.force.sync.num = 128 (default)
2025-04-23 15:47:13,186 [42a608c1-c4a9-40f1-8254-ab35a5a5924c-impl-thread1] INFO  server.RaftServerConfigKeys (ConfUtils.java:logGet(46)) - raft.server.log.statemachine.data.sync = true (default)
2025-04-23 15:47:13,186 [42a608c1-c4a9-40f1-8254-ab35a5a5924c-impl-thread1] INFO  server.RaftServerConfigKeys (ConfUtils.java:logGet(46)) - raft.server.log.statemachine.data.sync.timeout = 10s (default)
2025-04-23 15:47:13,186 [42a608c1-c4a9-40f1-8254-ab35a5a5924c-impl-thread1] INFO  server.RaftServerConfigKeys (ConfUtils.java:logGet(46)) - raft.server.log.statemachine.data.sync.timeout.retry = -1 (default)
2025-04-23 15:47:13,186 [42a608c1-c4a9-40f1-8254-ab35a5a5924c-impl-thread1] INFO  server.RaftServerConfigKeys (ConfUtils.java:logGet(46)) - raft.server.log.write.buffer.size = 4194312 (custom)
2025-04-23 15:47:13,187 [42a608c1-c4a9-40f1-8254-ab35a5a5924c-impl-thread1] INFO  server.RaftServerConfigKeys (ConfUtils.java:logGet(46)) - raft.server.log.appender.buffer.byte-limit = 4194304 (custom)
2025-04-23 15:47:13,187 [42a608c1-c4a9-40f1-8254-ab35a5a5924c-impl-thread1] INFO  server.RaftServerConfigKeys (ConfUtils.java:logGet(46)) - raft.server.log.unsafe-flush.enabled = false (default)
2025-04-23 15:47:13,187 [42a608c1-c4a9-40f1-8254-ab35a5a5924c-impl-thread1] INFO  server.RaftServerConfigKeys (ConfUtils.java:logGet(46)) - raft.server.log.async-flush.enabled = false (default)
2025-04-23 15:47:13,187 [42a608c1-c4a9-40f1-8254-ab35a5a5924c-impl-thread1] INFO  server.RaftServerConfigKeys (ConfUtils.java:logGet(46)) - raft.server.log.statemachine.data.caching.enabled = false (default)
2025-04-23 15:47:13,187 [42a608c1-c4a9-40f1-8254-ab35a5a5924c-impl-thread1] INFO  segmented.SegmentedRaftLogWorker (SegmentedRaftLogWorker.java:lambda$new$0(139)) - 42a608c1-c4a9-40f1-8254-ab35a5a5924c@group-902E6658689D-SegmentedRaftLogWorker: flushIndex: setUnconditionally 0 -> -1
2025-04-23 15:47:13,187 [42a608c1-c4a9-40f1-8254-ab35a5a5924c-impl-thread1] INFO  segmented.SegmentedRaftLogWorker (SegmentedRaftLogWorker.java:lambda$new$0(139)) - 42a608c1-c4a9-40f1-8254-ab35a5a5924c@group-902E6658689D-SegmentedRaftLogWorker: safeCacheEvictIndex: setUnconditionally 0 -> -1
2025-04-23 15:47:13,187 [42a608c1-c4a9-40f1-8254-ab35a5a5924c-impl-thread1] INFO  server.RaftServer$Division (RaftServerImpl.java:start(391)) - 42a608c1-c4a9-40f1-8254-ab35a5a5924c@group-902E6658689D: start as a follower, conf=conf: {index: -1, cur=peers:[42a608c1-c4a9-40f1-8254-ab35a5a5924c|fv-az1337-835:15046]|listeners:[], old=null}
2025-04-23 15:47:13,187 [42a608c1-c4a9-40f1-8254-ab35a5a5924c-impl-thread1] INFO  server.RaftServer$Division (RaftServerImpl.java:setRole(378)) - 42a608c1-c4a9-40f1-8254-ab35a5a5924c@group-902E6658689D: changes role from      null to FOLLOWER at term 0 for startAsFollower
2025-04-23 15:47:13,187 [42a608c1-c4a9-40f1-8254-ab35a5a5924c-impl-thread1] INFO  impl.RoleInfo (RoleInfo.java:updateAndGet(148)) - 42a608c1-c4a9-40f1-8254-ab35a5a5924c: start 42a608c1-c4a9-40f1-8254-ab35a5a5924c@group-902E6658689D-FollowerState
2025-04-23 15:47:13,188 [42a608c1-c4a9-40f1-8254-ab35a5a5924c-impl-thread1] INFO  util.JmxRegister (JmxRegister.java:tryRegister(44)) - Successfully registered JMX Bean with object name Ratis:service=RaftServer,group=group-902E6658689D,id=42a608c1-c4a9-40f1-8254-ab35a5a5924c
2025-04-23 15:47:13,188 [42a608c1-c4a9-40f1-8254-ab35a5a5924c-impl-thread1] INFO  util.JmxRegister (JmxRegister.java:register(58)) - register mxBean class org.apache.ratis.server.impl.RaftServerJmxAdapter as Ratis:service=RaftServer,group=group-902E6658689D,id=42a608c1-c4a9-40f1-8254-ab35a5a5924c
2025-04-23 15:47:13,188 [42a608c1-c4a9-40f1-8254-ab35a5a5924c-impl-thread1] INFO  server.RaftServerConfigKeys (ConfUtils.java:logGet(46)) - raft.server.snapshot.trigger-when-stop.enabled = true (default)
2025-04-23 15:47:13,188 [42a608c1-c4a9-40f1-8254-ab35a5a5924c-impl-thread1] INFO  server.RaftServerConfigKeys (ConfUtils.java:logGet(46)) - raft.server.snapshot.trigger-when-remove.enabled = true (default)
2025-04-23 15:47:13,188 [42a608c1-c4a9-40f1-8254-ab35a5a5924c-impl-thread1] INFO  server.RaftServerConfigKeys (ConfUtils.java:logGet(46)) - raft.server.snapshot.auto.trigger.enabled = true (custom)
2025-04-23 15:47:13,188 [42a608c1-c4a9-40f1-8254-ab35a5a5924c-impl-thread1] INFO  server.RaftServerConfigKeys (ConfUtils.java:logGet(46)) - raft.server.snapshot.auto.trigger.threshold = 1000 (custom)
2025-04-23 15:47:13,188 [42a608c1-c4a9-40f1-8254-ab35a5a5924c-impl-thread1] INFO  server.RaftServerConfigKeys (ConfUtils.java:logGet(46)) - raft.server.snapshot.retention.file.num = -1 (default)
2025-04-23 15:47:13,188 [42a608c1-c4a9-40f1-8254-ab35a5a5924c-impl-thread1] INFO  server.RaftServerConfigKeys (ConfUtils.java:logGet(46)) - raft.server.log.purge.upto.snapshot.index = false (default)
2025-04-23 15:47:13,188 [42a608c1-c4a9-40f1-8254-ab35a5a5924c@group-902E6658689D-FollowerState] INFO  server.RaftServerConfigKeys (ConfUtils.java:logGet(46)) - raft.server.rpc.first-election.timeout.min = 1000ms (custom)
2025-04-23 15:47:13,188 [42a608c1-c4a9-40f1-8254-ab35a5a5924c@group-902E6658689D-FollowerState] INFO  server.RaftServerConfigKeys (ConfUtils.java:logGet(46)) - raft.server.rpc.first-election.timeout.max = 1200ms (custom)
2025-04-23 15:47:13,188 [42a608c1-c4a9-40f1-8254-ab35a5a5924c-impl-thread1] INFO  server.RaftServer$Division (RaftServerImpl.java:start(405)) - 42a608c1-c4a9-40f1-8254-ab35a5a5924c@group-902E6658689D: Successfully started.
2025-04-23 15:47:13,188 [main] INFO  server.RaftServer (RaftServerProxy.java:startImpl(407)) - 42a608c1-c4a9-40f1-8254-ab35a5a5924c: start RPC server
2025-04-23 15:47:13,190 [main] INFO  server.GrpcService (GrpcService.java:startImpl(334)) - 42a608c1-c4a9-40f1-8254-ab35a5a5924c: GrpcService started, listening on 15046
2025-04-23 15:47:13,190 [JvmPauseMonitor41] INFO  util.JvmPauseMonitor (JvmPauseMonitor.java:run(146)) - JvmPauseMonitor-42a608c1-c4a9-40f1-8254-ab35a5a5924c: Started
2025-04-23 15:47:14,246 [42a608c1-c4a9-40f1-8254-ab35a5a5924c@group-902E6658689D-FollowerState] INFO  impl.FollowerState (FollowerState.java:runImpl(161)) - 42a608c1-c4a9-40f1-8254-ab35a5a5924c@group-902E6658689D-FollowerState: change to CANDIDATE, lastRpcElapsedTime:1059054233ns, electionTimeout:1058ms
2025-04-23 15:47:14,247 [42a608c1-c4a9-40f1-8254-ab35a5a5924c@group-902E6658689D-FollowerState] INFO  impl.RoleInfo (RoleInfo.java:shutdownFollowerState(121)) - 42a608c1-c4a9-40f1-8254-ab35a5a5924c: shutdown 42a608c1-c4a9-40f1-8254-ab35a5a5924c@group-902E6658689D-FollowerState
2025-04-23 15:47:14,247 [42a608c1-c4a9-40f1-8254-ab35a5a5924c@group-902E6658689D-FollowerState] INFO  server.RaftServer$Division (RaftServerImpl.java:setRole(378)) - 42a608c1-c4a9-40f1-8254-ab35a5a5924c@group-902E6658689D: changes role from  FOLLOWER to CANDIDATE at term 0 for changeToCandidate
2025-04-23 15:47:14,247 [42a608c1-c4a9-40f1-8254-ab35a5a5924c@group-902E6658689D-FollowerState] INFO  server.RaftServerConfigKeys (ConfUtils.java:logGet(46)) - raft.server.leaderelection.pre-vote = true (default)
2025-04-23 15:47:14,247 [42a608c1-c4a9-40f1-8254-ab35a5a5924c@group-902E6658689D-FollowerState] INFO  impl.RoleInfo (RoleInfo.java:updateAndGet(148)) - 42a608c1-c4a9-40f1-8254-ab35a5a5924c: start 42a608c1-c4a9-40f1-8254-ab35a5a5924c@group-902E6658689D-LeaderElection37
2025-04-23 15:47:14,247 [42a608c1-c4a9-40f1-8254-ab35a5a5924c@group-902E6658689D-LeaderElection37] INFO  impl.LeaderElection (LeaderElection.java:askForVotes(332)) - 42a608c1-c4a9-40f1-8254-ab35a5a5924c@group-902E6658689D-LeaderElection37 PRE_VOTE round 0: submit vote requests at term 0 for conf: {index: -1, cur=peers:[42a608c1-c4a9-40f1-8254-ab35a5a5924c|fv-az1337-835:15046]|listeners:[], old=null}
2025-04-23 15:47:14,247 [42a608c1-c4a9-40f1-8254-ab35a5a5924c@group-902E6658689D-LeaderElection37] INFO  impl.LeaderElection (LeaderElection.java:askForVotes(334)) - 42a608c1-c4a9-40f1-8254-ab35a5a5924c@group-902E6658689D-LeaderElection37 PRE_VOTE round 0: result PASSED (term=0)
2025-04-23 15:47:14,248 [42a608c1-c4a9-40f1-8254-ab35a5a5924c@group-902E6658689D-LeaderElection37] INFO  impl.LeaderElection (LeaderElection.java:askForVotes(332)) - 42a608c1-c4a9-40f1-8254-ab35a5a5924c@group-902E6658689D-LeaderElection37 ELECTION round 0: submit vote requests at term 1 for conf: {index: -1, cur=peers:[42a608c1-c4a9-40f1-8254-ab35a5a5924c|fv-az1337-835:15046]|listeners:[], old=null}
2025-04-23 15:47:14,248 [42a608c1-c4a9-40f1-8254-ab35a5a5924c@group-902E6658689D-LeaderElection37] INFO  impl.LeaderElection (LeaderElection.java:askForVotes(334)) - 42a608c1-c4a9-40f1-8254-ab35a5a5924c@group-902E6658689D-LeaderElection37 ELECTION round 0: result PASSED (term=1)
2025-04-23 15:47:14,248 [42a608c1-c4a9-40f1-8254-ab35a5a5924c@group-902E6658689D-LeaderElection37] INFO  impl.RoleInfo (RoleInfo.java:shutdownLeaderElection(141)) - 42a608c1-c4a9-40f1-8254-ab35a5a5924c: shutdown 42a608c1-c4a9-40f1-8254-ab35a5a5924c@group-902E6658689D-LeaderElection37
2025-04-23 15:47:14,248 [42a608c1-c4a9-40f1-8254-ab35a5a5924c@group-902E6658689D-LeaderElection37] INFO  server.RaftServer$Division (RaftServerImpl.java:setRole(378)) - 42a608c1-c4a9-40f1-8254-ab35a5a5924c@group-902E6658689D: changes role from CANDIDATE to LEADER at term 1 for changeToLeader
2025-04-23 15:47:14,248 [42a608c1-c4a9-40f1-8254-ab35a5a5924c@group-902E6658689D-LeaderElection37] INFO  server.RaftServerConfigKeys (ConfUtils.java:logGet(46)) - raft.server.staging.catchup.gap = 1000 (default)
2025-04-23 15:47:14,249 [42a608c1-c4a9-40f1-8254-ab35a5a5924c@group-902E6658689D-LeaderElection37] INFO  server.RaftServerConfigKeys (ConfUtils.java:logGet(46)) - raft.server.write.element-limit = 4096 (default)
2025-04-23 15:47:14,249 [42a608c1-c4a9-40f1-8254-ab35a5a5924c@group-902E6658689D-LeaderElection37] INFO  server.RaftServerConfigKeys (ConfUtils.java:logGet(46)) - raft.server.write.byte-limit = 64MB (=67108864) (default)
2025-04-23 15:47:14,249 [42a608c1-c4a9-40f1-8254-ab35a5a5924c@group-902E6658689D-LeaderElection37] INFO  server.RaftServerConfigKeys (ConfUtils.java:logGet(46)) - raft.server.watch.timeout = 10s (default)
2025-04-23 15:47:14,249 [42a608c1-c4a9-40f1-8254-ab35a5a5924c@group-902E6658689D-LeaderElection37] INFO  server.RaftServerConfigKeys (ConfUtils.java:logGet(46)) - raft.server.watch.timeout.denomination = 1s (default)
2025-04-23 15:47:14,249 [42a608c1-c4a9-40f1-8254-ab35a5a5924c@group-902E6658689D-LeaderElection37] INFO  server.RaftServerConfigKeys (ConfUtils.java:logGet(46)) - raft.server.watch.element-limit = 65536 (default)
2025-04-23 15:47:14,249 [42a608c1-c4a9-40f1-8254-ab35a5a5924c@group-902E6658689D-LeaderElection37] INFO  server.RaftServerConfigKeys (ConfUtils.java:logGet(46)) - raft.server.read.leader.lease.enabled = false (default)
2025-04-23 15:47:14,249 [42a608c1-c4a9-40f1-8254-ab35a5a5924c@group-902E6658689D-LeaderElection37] INFO  server.RaftServerConfigKeys (ConfUtils.java:logGet(46)) - raft.server.read.leader.lease.timeout.ratio = 0.9 (default)
2025-04-23 15:47:14,249 [42a608c1-c4a9-40f1-8254-ab35a5a5924c@group-902E6658689D-LeaderElection37] INFO  server.RaftServerConfigKeys (ConfUtils.java:logGet(46)) - raft.server.rpc.timeout.min = 5000ms (custom)
2025-04-23 15:47:14,249 [42a608c1-c4a9-40f1-8254-ab35a5a5924c@group-902E6658689D-LeaderElection37] INFO  server.RaftServerConfigKeys (ConfUtils.java:logGet(46)) - raft.server.log.log-metadata.enabled = true (default)
2025-04-23 15:47:14,249 [42a608c1-c4a9-40f1-8254-ab35a5a5924c@group-902E6658689D-LeaderElection37] INFO  server.RaftServerConfigKeys (ConfUtils.java:logGet(46)) - raft.server.write.element-limit = 4096 (default)
2025-04-23 15:47:14,249 [42a608c1-c4a9-40f1-8254-ab35a5a5924c@group-902E6658689D-LeaderElection37] INFO  server.RaftServerConfigKeys (ConfUtils.java:logGet(46)) - raft.server.write.follower.gap.ratio.max = -1.0 (default)
2025-04-23 15:47:14,249 [42a608c1-c4a9-40f1-8254-ab35a5a5924c@group-902E6658689D-LeaderElection37] INFO  impl.RoleInfo (RoleInfo.java:updateAndGet(148)) - 42a608c1-c4a9-40f1-8254-ab35a5a5924c: start 42a608c1-c4a9-40f1-8254-ab35a5a5924c@group-902E6658689D-LeaderStateImpl
2025-04-23 15:47:14,249 [42a608c1-c4a9-40f1-8254-ab35a5a5924c@group-902E6658689D-LeaderElection37] INFO  server.RaftServer$Division (RaftServerImpl.java:setFirstElection(562)) - 42a608c1-c4a9-40f1-8254-ab35a5a5924c@group-902E6658689D: set firstElectionSinceStartup to false for becomeLeader
2025-04-23 15:47:14,249 [42a608c1-c4a9-40f1-8254-ab35a5a5924c@group-902E6658689D-LeaderElection37] INFO  server.RaftServer$Division (ServerState.java:setLeader(272)) - 42a608c1-c4a9-40f1-8254-ab35a5a5924c@group-902E6658689D: change Leader from null to 42a608c1-c4a9-40f1-8254-ab35a5a5924c at term 1 for becomeLeader, leader elected after 1069ms
2025-04-23 15:47:14,250 [42a608c1-c4a9-40f1-8254-ab35a5a5924c@group-902E6658689D-LeaderElection37] INFO  segmented.SegmentedRaftLogWorker (SegmentedRaftLogWorker.java:startLogSegment(438)) - 42a608c1-c4a9-40f1-8254-ab35a5a5924c@group-902E6658689D-SegmentedRaftLogWorker: Starting segment from index:0
2025-04-23 15:47:14,250 [42a608c1-c4a9-40f1-8254-ab35a5a5924c@group-902E6658689D-LeaderElection37] INFO  server.RaftServer$Division (ServerState.java:setRaftConf(386)) - 42a608c1-c4a9-40f1-8254-ab35a5a5924c@group-902E6658689D: set configuration conf: {index: 0, cur=peers:[42a608c1-c4a9-40f1-8254-ab35a5a5924c|fv-az1337-835:15046]|listeners:[], old=null}
2025-04-23 15:47:14,250 [42a608c1-c4a9-40f1-8254-ab35a5a5924c@group-902E6658689D-SegmentedRaftLogWorker] INFO  segmented.BufferedWriteChannel (BufferedWriteChannel.java:open(61)) - open log_inprogress_0 at position 0
2025-04-23 15:47:14,258 [42a608c1-c4a9-40f1-8254-ab35a5a5924c@group-902E6658689D-SegmentedRaftLogWorker] INFO  segmented.SegmentedRaftLogWorker (SegmentedRaftLogWorker.java:execute(644)) - 42a608c1-c4a9-40f1-8254-ab35a5a5924c@group-902E6658689D-SegmentedRaftLogWorker: created new log segment /home/runner/work/ozone/ozone/hadoop-ozone/integration-test/target/test-dir/MiniOzoneClusterImpl-11ed033c-ec90-4580-9385-902e6658689d/ozone-meta/scm-ha/11ed033c-ec90-4580-9385-902e6658689d/current/log_inprogress_0
2025-04-23 15:47:14,260 [42a608c1-c4a9-40f1-8254-ab35a5a5924c@group-902E6658689D-StateMachineUpdater] INFO  server.RaftServer$Division (LeaderStateImpl.java:checkStartIndex(313)) - Leader 42a608c1-c4a9-40f1-8254-ab35a5a5924c@group-902E6658689D-LeaderStateImpl is ready since appliedIndex == startIndex == 0
2025-04-23 15:47:15,190 [main] INFO  server.RaftServer (RaftServerProxy.java:lambda$close$9(417)) - 42a608c1-c4a9-40f1-8254-ab35a5a5924c: close
2025-04-23 15:47:15,190 [main] INFO  server.GrpcService (GrpcService.java:closeImpl(343)) - 42a608c1-c4a9-40f1-8254-ab35a5a5924c: shutdown server GrpcServerProtocolService now
2025-04-23 15:47:15,190 [42a608c1-c4a9-40f1-8254-ab35a5a5924c-impl-thread1] INFO  server.RaftServer$Division (RaftServerImpl.java:lambda$close$1(513)) - 42a608c1-c4a9-40f1-8254-ab35a5a5924c@group-902E6658689D: shutdown
2025-04-23 15:47:15,191 [42a608c1-c4a9-40f1-8254-ab35a5a5924c-impl-thread1] INFO  util.JmxRegister (JmxRegister.java:unregister(74)) - Successfully un-registered JMX Bean with object name Ratis:service=RaftServer,group=group-902E6658689D,id=42a608c1-c4a9-40f1-8254-ab35a5a5924c
2025-04-23 15:47:15,191 [42a608c1-c4a9-40f1-8254-ab35a5a5924c-impl-thread1] INFO  impl.RoleInfo (RoleInfo.java:shutdownLeaderState(103)) - 42a608c1-c4a9-40f1-8254-ab35a5a5924c: shutdown 42a608c1-c4a9-40f1-8254-ab35a5a5924c@group-902E6658689D-LeaderStateImpl
2025-04-23 15:47:15,191 [42a608c1-c4a9-40f1-8254-ab35a5a5924c-impl-thread1] INFO  impl.PendingRequests (PendingRequests.java:sendNotLeaderResponses(287)) - 42a608c1-c4a9-40f1-8254-ab35a5a5924c@group-902E6658689D-PendingRequests: sendNotLeaderResponses
2025-04-23 15:47:15,191 [42a608c1-c4a9-40f1-8254-ab35a5a5924c-impl-thread1] INFO  impl.StateMachineUpdater (StateMachineUpdater.java:stopAndJoin(164)) - 42a608c1-c4a9-40f1-8254-ab35a5a5924c@group-902E6658689D-StateMachineUpdater: set stopIndex = 0
2025-04-23 15:47:15,191 [42a608c1-c4a9-40f1-8254-ab35a5a5924c@group-902E6658689D-StateMachineUpdater] INFO  impl.StateMachineUpdater (StateMachineUpdater.java:takeSnapshot(303)) - 42a608c1-c4a9-40f1-8254-ab35a5a5924c@group-902E6658689D-StateMachineUpdater: Took a snapshot at index 0
2025-04-23 15:47:15,191 [42a608c1-c4a9-40f1-8254-ab35a5a5924c@group-902E6658689D-StateMachineUpdater] INFO  impl.StateMachineUpdater (StateMachineUpdater.java:lambda$new$0(102)) - 42a608c1-c4a9-40f1-8254-ab35a5a5924c@group-902E6658689D-StateMachineUpdater: snapshotIndex: updateIncreasingly -1 -> 0
2025-04-23 15:47:15,191 [main] INFO  server.GrpcService (GrpcService.java:closeImpl(352)) - 42a608c1-c4a9-40f1-8254-ab35a5a5924c: shutdown server GrpcServerProtocolService successfully
2025-04-23 15:47:15,191 [42a608c1-c4a9-40f1-8254-ab35a5a5924c@group-902E6658689D-StateMachineUpdater] INFO  impl.StateMachineUpdater (StateMachineUpdater.java:stop(141)) - 42a608c1-c4a9-40f1-8254-ab35a5a5924c@group-902E6658689D-StateMachineUpdater: closing SCMStateMachine, lastApplied=(t:1, i:0)
2025-04-23 15:47:15,192 [42a608c1-c4a9-40f1-8254-ab35a5a5924c@group-902E6658689D-cacheEviction-AwaitToRun] INFO  util.AwaitToRun (AwaitToRun.java:run(49)) - 42a608c1-c4a9-40f1-8254-ab35a5a5924c@group-902E6658689D-cacheEviction-AwaitToRun-AwaitForSignal is interrupted
2025-04-23 15:47:15,260 [42a608c1-c4a9-40f1-8254-ab35a5a5924c-impl-thread1] INFO  segmented.SegmentedRaftLogWorker (SegmentedRaftLogWorker.java:close(252)) - 42a608c1-c4a9-40f1-8254-ab35a5a5924c@group-902E6658689D-SegmentedRaftLogWorker close()
2025-04-23 15:47:15,261 [JvmPauseMonitor41] INFO  util.JvmPauseMonitor (JvmPauseMonitor.java:run(152)) - JvmPauseMonitor-42a608c1-c4a9-40f1-8254-ab35a5a5924c: Stopped
2025-04-23 15:47:15,261 [main] WARN  server.ServerUtils (ServerUtils.java:getScmDbDir(141)) - ozone.scm.db.dirs is not configured. We recommend adding this setting. Falling back to ozone.metadata.dirs instead.
2025-04-23 15:47:15,262 [main] INFO  ha.SCMHANodeDetails (SCMHANodeDetails.java:loadSCMHAConfig(162)) - ServiceID for StorageContainerManager is null
2025-04-23 15:47:15,262 [main] INFO  ha.SCMHANodeDetails (SCMHANodeDetails.java:loadSCMHAConfig(166)) - ozone.scm.default.service.id is not defined, falling back to ozone.scm.service.ids to find serviceID for StorageContainerManager if it is HA enabled cluster
2025-04-23 15:47:15,262 [main] WARN  utils.HAUtils (HAUtils.java:getMetaDir(337)) - ozone.scm.db.dirs is not configured. We recommend adding this setting. Falling back to ozone.metadata.dirs instead.
2025-04-23 15:47:15,263 [main] WARN  db.DBStoreBuilder (DBStoreBuilder.java:getDBDirPath(167)) - ozone.scm.db.dirs is not configured. We recommend adding this setting. Falling back to ozone.metadata.dirs instead.
2025-04-23 15:47:15,332 [main] INFO  net.NodeSchemaLoader (NodeSchemaLoader.java:loadSchemaFromFile(127)) - Loading schema from [jar:file:/home/runner/work/ozone/ozone/hadoop-hdds/common/target/hdds-common-2.1.0-SNAPSHOT.jar!/network-topology-default.xml]
2025-04-23 15:47:15,333 [main] INFO  net.NodeSchemaLoader (NodeSchemaLoader.java:loadSchema(174)) - Loading network topology layer schema file
2025-04-23 15:47:15,349 [main] INFO  ha.SCMRatisServerImpl (SCMRatisServerImpl.java:<init>(100)) - starting Raft server for scm:42a608c1-c4a9-40f1-8254-ab35a5a5924c
2025-04-23 15:47:15,349 [main] INFO  server.RaftServerConfigKeys (ConfUtils.java:logGet(46)) - raft.server.log.appender.buffer.byte-limit = 4194304 (custom)
2025-04-23 15:47:15,350 [main] INFO  server.RaftServer (ConfUtils.java:logGet(46)) - raft.rpc.type = GRPC (default)
2025-04-23 15:47:15,350 [main] INFO  grpc.GrpcConfigKeys (ConfUtils.java:logFallback(53)) - raft.grpc.admin.host = null (fallback to raft.grpc.server.host)
2025-04-23 15:47:15,350 [main] INFO  grpc.GrpcConfigKeys (ConfUtils.java:logFallback(53)) - raft.grpc.admin.port = 15046 (fallback to raft.grpc.server.port)
2025-04-23 15:47:15,350 [main] INFO  grpc.GrpcConfigKeys (ConfUtils.java:logFallback(53)) - raft.grpc.client.host = null (fallback to raft.grpc.server.host)
2025-04-23 15:47:15,350 [main] INFO  grpc.GrpcConfigKeys (ConfUtils.java:logFallback(53)) - raft.grpc.client.port = 15046 (fallback to raft.grpc.server.port)
2025-04-23 15:47:15,350 [main] INFO  grpc.GrpcConfigKeys (ConfUtils.java:logGet(46)) - raft.grpc.server.host = null (default)
2025-04-23 15:47:15,350 [main] INFO  grpc.GrpcConfigKeys (ConfUtils.java:logGet(46)) - raft.grpc.server.port = 15046 (custom)
2025-04-23 15:47:15,350 [main] INFO  server.GrpcService (ConfUtils.java:logGet(46)) - raft.grpc.message.size.max = 5242880 (custom)
2025-04-23 15:47:15,350 [main] INFO  server.GrpcService (ConfUtils.java:logGet(46)) - raft.grpc.flow.control.window = 1MB (=1048576) (default)
2025-04-23 15:47:15,350 [main] INFO  server.RaftServerConfigKeys (ConfUtils.java:logGet(46)) - raft.server.rpc.request.timeout = 30000ms (custom)
2025-04-23 15:47:15,350 [main] INFO  grpc.GrpcConfigKeys (ConfUtils.java:logGet(46)) - raft.grpc.server.heartbeat.channel = true (default)
2025-04-23 15:47:15,351 [main] INFO  server.RaftServerConfigKeys (ConfUtils.java:logGet(46)) - raft.server.log.appender.buffer.byte-limit = 4194304 (custom)
2025-04-23 15:47:15,351 [main] INFO  grpc.GrpcConfigKeys (ConfUtils.java:logGet(46)) - raft.grpc.server.async.request.thread.pool.cached = true (default)
2025-04-23 15:47:15,351 [main] INFO  grpc.GrpcConfigKeys (ConfUtils.java:logGet(46)) - raft.grpc.server.async.request.thread.pool.size = 32 (default)
2025-04-23 15:47:15,351 [main] INFO  impl.DataStreamServerImpl (ConfUtils.java:logGet(46)) - raft.datastream.type = DISABLED (default)
2025-04-23 15:47:15,351 [main] INFO  server.RaftServerConfigKeys (ConfUtils.java:logGet(46)) - raft.server.sleep.deviation.threshold = 300ms (default)
2025-04-23 15:47:15,352 [main] INFO  server.RaftServerConfigKeys (ConfUtils.java:logGet(46)) - raft.server.close.threshold = 60s (default)
2025-04-23 15:47:15,352 [main] INFO  server.RaftServerConfigKeys (ConfUtils.java:logGet(46)) - raft.server.leaderelection.leader.step-down.wait-time = 10s (default)
2025-04-23 15:47:15,352 [main] INFO  server.RaftServerConfigKeys (ConfUtils.java:logGet(46)) - raft.server.storage.dir = [/home/runner/work/ozone/ozone/hadoop-ozone/integration-test/target/test-dir/MiniOzoneClusterImpl-11ed033c-ec90-4580-9385-902e6658689d/ozone-meta/scm-ha] (custom)
2025-04-23 15:47:15,352 [main] INFO  server.RaftServerConfigKeys (ConfUtils.java:logGet(46)) - raft.server.threadpool.proxy.cached = true (default)
2025-04-23 15:47:15,352 [main] INFO  server.RaftServerConfigKeys (ConfUtils.java:logGet(46)) - raft.server.threadpool.proxy.size = 0 (default)
2025-04-23 15:47:15,352 [42a608c1-c4a9-40f1-8254-ab35a5a5924c-impl-thread1] INFO  server.RaftServer (RaftServerProxy.java:initGroupDir(265)) - 42a608c1-c4a9-40f1-8254-ab35a5a5924c: found a subdirectory /home/runner/work/ozone/ozone/hadoop-ozone/integration-test/target/test-dir/MiniOzoneClusterImpl-11ed033c-ec90-4580-9385-902e6658689d/ozone-meta/scm-ha/11ed033c-ec90-4580-9385-902e6658689d
2025-04-23 15:47:15,353 [main] INFO  server.RaftServer (RaftServerProxy.java:addNew(100)) - 42a608c1-c4a9-40f1-8254-ab35a5a5924c: addNew group-902E6658689D:[] returns group-902E6658689D:java.util.concurrent.CompletableFuture@43b393c1[Not completed]
2025-04-23 15:47:15,353 [42a608c1-c4a9-40f1-8254-ab35a5a5924c-groupManagement] INFO  server.RaftServer$Division (RaftServerImpl.java:<init>(255)) - 42a608c1-c4a9-40f1-8254-ab35a5a5924c: new RaftServerImpl for group-902E6658689D:[] with SCMStateMachine:uninitialized
2025-04-23 15:47:15,353 [42a608c1-c4a9-40f1-8254-ab35a5a5924c-groupManagement] INFO  server.RaftServerConfigKeys (ConfUtils.java:logGet(46)) - raft.server.rpc.timeout.min = 5000ms (custom)
2025-04-23 15:47:15,353 [42a608c1-c4a9-40f1-8254-ab35a5a5924c-groupManagement] INFO  server.RaftServerConfigKeys (ConfUtils.java:logGet(46)) - raft.server.rpc.timeout.max = 5200ms (custom)
2025-04-23 15:47:15,353 [42a608c1-c4a9-40f1-8254-ab35a5a5924c-groupManagement] INFO  server.RaftServerConfigKeys (ConfUtils.java:logGet(46)) - raft.server.rpc.sleep.time = 25ms (default)
2025-04-23 15:47:15,353 [42a608c1-c4a9-40f1-8254-ab35a5a5924c-groupManagement] INFO  server.RaftServerConfigKeys (ConfUtils.java:logGet(46)) - raft.server.rpc.slowness.timeout = 120000ms (custom)
2025-04-23 15:47:15,353 [42a608c1-c4a9-40f1-8254-ab35a5a5924c-groupManagement] INFO  server.RaftServerConfigKeys (ConfUtils.java:logGet(46)) - raft.server.leaderelection.leader.step-down.wait-time = 10s (default)
2025-04-23 15:47:15,353 [42a608c1-c4a9-40f1-8254-ab35a5a5924c-groupManagement] INFO  server.RaftServerConfigKeys (ConfUtils.java:logGet(46)) - raft.server.leaderelection.member.majority-add = false (default)
2025-04-23 15:47:15,353 [42a608c1-c4a9-40f1-8254-ab35a5a5924c-groupManagement] INFO  server.RaftServerConfigKeys (ConfUtils.java:logGet(46)) - raft.server.sleep.deviation.threshold = 300ms (default)
2025-04-23 15:47:15,353 [42a608c1-c4a9-40f1-8254-ab35a5a5924c-groupManagement] INFO  server.RaftServer$Division (ServerState.java:<init>(114)) - 42a608c1-c4a9-40f1-8254-ab35a5a5924c@group-902E6658689D: ConfigurationManager, init=conf: {index: -1, cur=peers:[]|listeners:[], old=null}, confs=<EMPTY_MAP>
2025-04-23 15:47:15,353 [42a608c1-c4a9-40f1-8254-ab35a5a5924c-groupManagement] INFO  server.RaftServerConfigKeys (ConfUtils.java:logGet(46)) - raft.server.notification.no-leader.timeout = 60s (default)
2025-04-23 15:47:15,353 [42a608c1-c4a9-40f1-8254-ab35a5a5924c-groupManagement] INFO  server.RaftServerConfigKeys (ConfUtils.java:logGet(46)) - raft.server.read.timeout = 10s (default)
2025-04-23 15:47:15,353 [42a608c1-c4a9-40f1-8254-ab35a5a5924c-groupManagement] INFO  server.RaftServerConfigKeys (ConfUtils.java:logGet(46)) - raft.server.retrycache.expirytime = 60000ms (default)
2025-04-23 15:47:15,353 [42a608c1-c4a9-40f1-8254-ab35a5a5924c-groupManagement] INFO  server.RaftServerConfigKeys (ConfUtils.java:logGet(46)) - raft.server.retrycache.statistics.expirytime = 100ms (default)
2025-04-23 15:47:15,353 [42a608c1-c4a9-40f1-8254-ab35a5a5924c-groupManagement] INFO  server.RaftServerConfigKeys (ConfUtils.java:logGet(46)) - raft.server.read.option = DEFAULT (default)
2025-04-23 15:47:15,353 [42a608c1-c4a9-40f1-8254-ab35a5a5924c-groupManagement] INFO  server.RaftServerConfigKeys (ConfUtils.java:logGet(46)) - raft.server.read.read-after-write-consistent.write-index-cache.expiry-time = 60s (default)
2025-04-23 15:47:15,354 [42a608c1-c4a9-40f1-8254-ab35a5a5924c-groupManagement] INFO  server.RaftServerConfigKeys (ConfUtils.java:logGet(46)) - raft.server.rpc.request.timeout = 30000ms (custom)
2025-04-23 15:47:15,354 [42a608c1-c4a9-40f1-8254-ab35a5a5924c-groupManagement] INFO  server.RaftServerConfigKeys (ConfUtils.java:logGet(46)) - raft.server.log.appender.install.snapshot.enabled = false (custom)
2025-04-23 15:47:15,354 [42a608c1-c4a9-40f1-8254-ab35a5a5924c-groupManagement] INFO  server.RaftServerConfigKeys (ConfUtils.java:logGet(46)) - raft.server.threadpool.server.cached = true (default)
2025-04-23 15:47:15,354 [42a608c1-c4a9-40f1-8254-ab35a5a5924c-groupManagement] INFO  server.RaftServerConfigKeys (ConfUtils.java:logGet(46)) - raft.server.threadpool.server.size = 0 (default)
2025-04-23 15:47:15,354 [42a608c1-c4a9-40f1-8254-ab35a5a5924c-groupManagement] INFO  server.RaftServerConfigKeys (ConfUtils.java:logGet(46)) - raft.server.threadpool.client.cached = true (default)
2025-04-23 15:47:15,354 [42a608c1-c4a9-40f1-8254-ab35a5a5924c-groupManagement] INFO  server.RaftServerConfigKeys (ConfUtils.java:logGet(46)) - raft.server.threadpool.client.size = 0 (default)
2025-04-23 15:47:15,354 [main] INFO  ha.SCMSnapshotProvider (SCMSnapshotProvider.java:<init>(62)) - Initializing SCM Snapshot Provider
2025-04-23 15:47:15,354 [main] WARN  server.ServerUtils (ServerUtils.java:getDefaultRatisDirectory(309)) - Storage directory for Ratis is not configured. It is a good idea to map this to an SSD disk. Falling back to ozone.metadata.dirs
2025-04-23 15:47:15,354 [main] WARN  ha.SCMHAUtils (SCMHAUtils.java:getSCMRatisSnapshotDirectory(120)) - SCM snapshot dir is not configured. Falling back to ozone.metadata.dirs config
2025-04-23 15:47:15,355 [main] INFO  upgrade.AbstractLayoutVersionManager (AbstractLayoutVersionManager.java:init(80)) - Initializing Layout version manager with metadata layout = HBASE_SUPPORT (version = 8), software layout = HBASE_SUPPORT (version = 8)
2025-04-23 15:47:15,357 [main] INFO  ha.SequenceIdGenerator (SequenceIdGenerator.java:upgradeToSequenceId(362)) - upgrade localId to 115816896921600000
2025-04-23 15:47:15,357 [main] INFO  ha.SequenceIdGenerator (SequenceIdGenerator.java:upgradeToSequenceId(372)) - upgrade delTxnId to 0
2025-04-23 15:47:15,358 [main] INFO  ha.SequenceIdGenerator (SequenceIdGenerator.java:upgradeToSequenceId(389)) - upgrade containerId to 0
2025-04-23 15:47:15,359 [main] INFO  ha.SequenceIdGenerator (SequenceIdGenerator.java:upgradeToCertificateSequenceId(426)) - upgrade CertificateId to 2
2025-04-23 15:47:15,359 [main] INFO  ha.SequenceIdGenerator (SequenceIdGenerator.java:<init>(239)) - Init the HA SequenceIdGenerator.
2025-04-23 15:47:15,360 [main] WARN  server.ServerUtils (ServerUtils.java:sanitizeUserArgs(77)) - ozone.scm.stale.node.interval value = 300000 is larger than max = 100000 based on the key value of ozone.scm.heartbeat.thread.interval, reset to the max value 100000.
2025-04-23 15:47:15,360 [main] WARN  server.ServerUtils (ServerUtils.java:sanitizeUserArgs(77)) - ozone.scm.stale.node.interval value = 300000 is larger than max = 100000 based on the key value of ozone.scm.heartbeat.thread.interval, reset to the max value 100000.
2025-04-23 15:47:15,360 [main] INFO  node.SCMNodeManager (SCMNodeManager.java:<init>(181)) - Entering startup safe mode.
2025-04-23 15:47:15,360 [main] INFO  algorithms.ContainerPlacementPolicyFactory (ContainerPlacementPolicyFactory.java:getPolicyInternal(85)) - Create container placement policy of type org.apache.hadoop.hdds.scm.container.placement.algorithms.SCMContainerPlacementRackAware
2025-04-23 15:47:15,360 [main] INFO  algorithms.ContainerPlacementPolicyFactory (ContainerPlacementPolicyFactory.java:getPolicyInternal(85)) - Create container placement policy of type org.apache.hadoop.hdds.scm.container.placement.algorithms.SCMContainerPlacementRackScatter
2025-04-23 15:47:15,361 [main] INFO  pipeline.PipelineStateManagerImpl (PipelineStateManagerImpl.java:initialize(75)) - No pipeline exists in current db
2025-04-23 15:47:15,361 [main] INFO  algorithms.LeaderChoosePolicyFactory (LeaderChoosePolicyFactory.java:getPolicy(56)) - Create leader choose policy of type org.apache.hadoop.hdds.scm.pipeline.leader.choose.algorithms.MinLeaderCountChoosePolicy
2025-04-23 15:47:15,361 [main] INFO  algorithms.ContainerPlacementPolicyFactory (ContainerPlacementPolicyFactory.java:getPolicyInternal(85)) - Create container placement policy of type org.apache.hadoop.hdds.scm.container.placement.algorithms.SCMContainerPlacementRackScatter
2025-04-23 15:47:15,361 [main] INFO  ha.SCMServiceManager (SCMServiceManager.java:register(42)) - Registering service BackgroundPipelineCreator.
2025-04-23 15:47:15,361 [main] INFO  pipeline.BackgroundPipelineCreator (BackgroundPipelineCreator.java:start(127)) - Starting RatisPipelineUtilsThread.
2025-04-23 15:47:15,362 [main] INFO  BackgroundPipelineScrubber (BackgroundSCMService.java:start(64)) - Starting BackgroundPipelineScrubber Service.
2025-04-23 15:47:15,362 [main] INFO  ha.SCMServiceManager (SCMServiceManager.java:register(42)) - Registering service BackgroundPipelineScrubber.
2025-04-23 15:47:15,362 [main] INFO  ExpiredContainerReplicaOpScrubber (BackgroundSCMService.java:start(64)) - Starting ExpiredContainerReplicaOpScrubber Service.
2025-04-23 15:47:15,362 [main] INFO  ha.SCMServiceManager (SCMServiceManager.java:register(42)) - Registering service ExpiredContainerReplicaOpScrubber.
2025-04-23 15:47:15,363 [main] INFO  algorithms.PipelineChoosePolicyFactory (PipelineChoosePolicyFactory.java:createPipelineChoosePolicyFromClass(78)) - Create pipeline choose policy of type org.apache.hadoop.hdds.scm.pipeline.choose.algorithms.RandomPipelineChoosePolicy
2025-04-23 15:47:15,363 [main] INFO  algorithms.PipelineChoosePolicyFactory (PipelineChoosePolicyFactory.java:createPipelineChoosePolicyFromClass(78)) - Create pipeline choose policy of type org.apache.hadoop.hdds.scm.pipeline.choose.algorithms.RandomPipelineChoosePolicy
2025-04-23 15:47:15,364 [main] INFO  ha.SCMServiceManager (SCMServiceManager.java:register(42)) - Registering service SCMBlockDeletingService.
2025-04-23 15:47:15,364 [main] INFO  replication.ReplicationManager (ReplicationManager.java:start(287)) - Starting Replication Monitor Thread.
2025-04-23 15:47:15,365 [main] INFO  ha.SCMServiceManager (SCMServiceManager.java:register(42)) - Registering service ReplicationManager.
2025-04-23 15:47:15,365 [main] INFO  safemode.RatisContainerSafeModeRule (RatisContainerSafeModeRule.java:initializeRule(161)) - Refreshed Containers with one replica threshold count 0.
2025-04-23 15:47:15,365 [main] INFO  safemode.ECContainerSafeModeRule (ECContainerSafeModeRule.java:initializeRule(205)) - Refreshed Containers with ec n replica threshold count 0.
2025-04-23 15:47:15,365 [main] INFO  safemode.HealthyPipelineSafeModeRule (HealthyPipelineSafeModeRule.java:initializeRule(178)) - Total pipeline count is 0, healthy pipeline threshold count is 1
2025-04-23 15:47:15,366 [main] INFO  safemode.OneReplicaPipelineSafeModeRule (OneReplicaPipelineSafeModeRule.java:initializeRule(191)) - Total pipeline count is 0, pipeline's with at least one datanode reported threshold count is 0
2025-04-23 15:47:15,366 [main] INFO  server.StorageContainerManager (StorageContainerManager.java:<init>(430)) - SCM start with adminUsers: [*, runner]
2025-04-23 15:47:15,366 [main] INFO  ipc.CallQueueManager (CallQueueManager.java:<init>(93)) - Using callQueue: class java.util.concurrent.LinkedBlockingQueue, queueCapacity: 10000, scheduler: class org.apache.hadoop.ipc.DefaultRpcScheduler, ipcBackoff: false, ipcFailOver: false.
2025-04-23 15:47:15,367 [main] INFO  ipc.Server (Server.java:<init>(1438)) - Listener at 0.0.0.0:15044
2025-04-23 15:47:15,367 [Socket Reader #1 for port 15044] INFO  ipc.Server (Server.java:run(1474)) - Starting Socket Reader #1 for port 15044
2025-04-23 15:47:15,367 [Socket Reader #2 for port 15044] INFO  ipc.Server (Server.java:run(1474)) - Starting Socket Reader #2 for port 15044
2025-04-23 15:47:15,367 [Socket Reader #3 for port 15044] INFO  ipc.Server (Server.java:run(1474)) - Starting Socket Reader #3 for port 15044
2025-04-23 15:47:15,367 [Socket Reader #4 for port 15044] INFO  ipc.Server (Server.java:run(1474)) - Starting Socket Reader #4 for port 15044
2025-04-23 15:47:15,367 [Socket Reader #5 for port 15044] INFO  ipc.Server (Server.java:run(1474)) - Starting Socket Reader #5 for port 15044
2025-04-23 15:47:15,368 [Socket Reader #6 for port 15044] INFO  ipc.Server (Server.java:run(1474)) - Starting Socket Reader #6 for port 15044
2025-04-23 15:47:15,368 [Socket Reader #7 for port 15044] INFO  ipc.Server (Server.java:run(1474)) - Starting Socket Reader #7 for port 15044
2025-04-23 15:47:15,368 [Socket Reader #8 for port 15044] INFO  ipc.Server (Server.java:run(1474)) - Starting Socket Reader #8 for port 15044
2025-04-23 15:47:15,368 [Socket Reader #10 for port 15044] INFO  ipc.Server (Server.java:run(1474)) - Starting Socket Reader #10 for port 15044
2025-04-23 15:47:15,369 [Socket Reader #9 for port 15044] INFO  ipc.Server (Server.java:run(1474)) - Starting Socket Reader #9 for port 15044
2025-04-23 15:47:15,369 [main] INFO  ipc.CallQueueManager (CallQueueManager.java:<init>(93)) - Using callQueue: class java.util.concurrent.LinkedBlockingQueue, queueCapacity: 10000, scheduler: class org.apache.hadoop.ipc.DefaultRpcScheduler, ipcBackoff: false, ipcFailOver: false.
2025-04-23 15:47:15,369 [main] INFO  ipc.Server (Server.java:<init>(1438)) - Listener at 0.0.0.0:15043
2025-04-23 15:47:15,369 [Socket Reader #1 for port 15043] INFO  ipc.Server (Server.java:run(1474)) - Starting Socket Reader #1 for port 15043
2025-04-23 15:47:15,370 [Socket Reader #2 for port 15043] INFO  ipc.Server (Server.java:run(1474)) - Starting Socket Reader #2 for port 15043
2025-04-23 15:47:15,370 [Socket Reader #3 for port 15043] INFO  ipc.Server (Server.java:run(1474)) - Starting Socket Reader #3 for port 15043
2025-04-23 15:47:15,370 [Socket Reader #4 for port 15043] INFO  ipc.Server (Server.java:run(1474)) - Starting Socket Reader #4 for port 15043
2025-04-23 15:47:15,370 [Socket Reader #5 for port 15043] INFO  ipc.Server (Server.java:run(1474)) - Starting Socket Reader #5 for port 15043
2025-04-23 15:47:15,370 [Socket Reader #6 for port 15043] INFO  ipc.Server (Server.java:run(1474)) - Starting Socket Reader #6 for port 15043
2025-04-23 15:47:15,370 [Socket Reader #7 for port 15043] INFO  ipc.Server (Server.java:run(1474)) - Starting Socket Reader #7 for port 15043
2025-04-23 15:47:15,370 [Socket Reader #8 for port 15043] INFO  ipc.Server (Server.java:run(1474)) - Starting Socket Reader #8 for port 15043
2025-04-23 15:47:15,370 [Socket Reader #9 for port 15043] INFO  ipc.Server (Server.java:run(1474)) - Starting Socket Reader #9 for port 15043
2025-04-23 15:47:15,371 [Socket Reader #10 for port 15043] INFO  ipc.Server (Server.java:run(1474)) - Starting Socket Reader #10 for port 15043
2025-04-23 15:47:15,371 [main] INFO  ipc.CallQueueManager (CallQueueManager.java:<init>(93)) - Using callQueue: class java.util.concurrent.LinkedBlockingQueue, queueCapacity: 10000, scheduler: class org.apache.hadoop.ipc.DefaultRpcScheduler, ipcBackoff: false, ipcFailOver: false.
2025-04-23 15:47:15,371 [main] INFO  ipc.Server (Server.java:<init>(1438)) - Listener at 0.0.0.0:15042
2025-04-23 15:47:15,372 [Socket Reader #1 for port 15042] INFO  ipc.Server (Server.java:run(1474)) - Starting Socket Reader #1 for port 15042
2025-04-23 15:47:15,372 [Socket Reader #2 for port 15042] INFO  ipc.Server (Server.java:run(1474)) - Starting Socket Reader #2 for port 15042
2025-04-23 15:47:15,372 [Socket Reader #3 for port 15042] INFO  ipc.Server (Server.java:run(1474)) - Starting Socket Reader #3 for port 15042
2025-04-23 15:47:15,372 [Socket Reader #4 for port 15042] INFO  ipc.Server (Server.java:run(1474)) - Starting Socket Reader #4 for port 15042
2025-04-23 15:47:15,372 [Socket Reader #5 for port 15042] INFO  ipc.Server (Server.java:run(1474)) - Starting Socket Reader #5 for port 15042
2025-04-23 15:47:15,372 [Socket Reader #6 for port 15042] INFO  ipc.Server (Server.java:run(1474)) - Starting Socket Reader #6 for port 15042
2025-04-23 15:47:15,373 [Socket Reader #7 for port 15042] INFO  ipc.Server (Server.java:run(1474)) - Starting Socket Reader #7 for port 15042
2025-04-23 15:47:15,373 [Socket Reader #9 for port 15042] INFO  ipc.Server (Server.java:run(1474)) - Starting Socket Reader #9 for port 15042
2025-04-23 15:47:15,373 [Socket Reader #10 for port 15042] INFO  ipc.Server (Server.java:run(1474)) - Starting Socket Reader #10 for port 15042
2025-04-23 15:47:15,373 [Socket Reader #8 for port 15042] INFO  ipc.Server (Server.java:run(1474)) - Starting Socket Reader #8 for port 15042
2025-04-23 15:47:15,376 [main] INFO  ha.SCMServiceManager (SCMServiceManager.java:register(42)) - Registering service ContainerBalancer.
2025-04-23 15:47:15,376 [main] INFO  ha.SCMContext (SCMContext.java:updateSafeModeStatus(224)) - Update SafeModeStatus from SafeModeStatus{safeModeStatus=true, preCheckPassed=false} to SafeModeStatus{safeModeStatus=true, preCheckPassed=false}.
2025-04-23 15:47:15,377 [main] INFO  server.StorageContainerManager (StorageContainerManager.java:start(1506)) - StorageContainerLocationProtocol RPC server is listening at /0.0.0.0:15042
2025-04-23 15:47:15,377 [main] INFO  ha.SCMRatisServerImpl (SCMRatisServerImpl.java:start(203)) - starting ratis server 0.0.0.0:15046
2025-04-23 15:47:15,377 [42a608c1-c4a9-40f1-8254-ab35a5a5924c-impl-thread1] INFO  server.RaftServerConfigKeys (ConfUtils.java:logGet(46)) - raft.server.storage.free-space.min = 0MB (=0) (default)
2025-04-23 15:47:15,377 [42a608c1-c4a9-40f1-8254-ab35a5a5924c-impl-thread1] INFO  server.RaftServerConfigKeys (ConfUtils.java:logGet(46)) - raft.server.log.corruption.policy = EXCEPTION (default)
2025-04-23 15:47:15,377 [42a608c1-c4a9-40f1-8254-ab35a5a5924c-impl-thread1] INFO  server.RaftServerConfigKeys (ConfUtils.java:logGet(46)) - raft.server.storage.dir = [/home/runner/work/ozone/ozone/hadoop-ozone/integration-test/target/test-dir/MiniOzoneClusterImpl-11ed033c-ec90-4580-9385-902e6658689d/ozone-meta/scm-ha] (custom)
2025-04-23 15:47:15,378 [42a608c1-c4a9-40f1-8254-ab35a5a5924c-impl-thread1] INFO  storage.RaftStorageDirectory (RaftStorageDirectoryImpl.java:tryLock(229)) - Lock on /home/runner/work/ozone/ozone/hadoop-ozone/integration-test/target/test-dir/MiniOzoneClusterImpl-11ed033c-ec90-4580-9385-902e6658689d/ozone-meta/scm-ha/11ed033c-ec90-4580-9385-902e6658689d/in_use.lock acquired by nodename 129659@fv-az1337-835
2025-04-23 15:47:15,379 [42a608c1-c4a9-40f1-8254-ab35a5a5924c-impl-thread1] INFO  storage.RaftStorage (RaftStorageImpl.java:analyzeAndRecoverStorage(118)) - Read RaftStorageMetadata{term=1, votedFor=42a608c1-c4a9-40f1-8254-ab35a5a5924c} from /home/runner/work/ozone/ozone/hadoop-ozone/integration-test/target/test-dir/MiniOzoneClusterImpl-11ed033c-ec90-4580-9385-902e6658689d/ozone-meta/scm-ha/11ed033c-ec90-4580-9385-902e6658689d/current/raft-meta
2025-04-23 15:47:15,379 [42a608c1-c4a9-40f1-8254-ab35a5a5924c-impl-thread1] INFO  server.RaftServer$Division (ServerState.java:setRaftConf(386)) - 42a608c1-c4a9-40f1-8254-ab35a5a5924c@group-902E6658689D: set configuration conf: {index: 0, cur=peers:[42a608c1-c4a9-40f1-8254-ab35a5a5924c|fv-az1337-835:15046]|listeners:[], old=null}
2025-04-23 15:47:15,379 [42a608c1-c4a9-40f1-8254-ab35a5a5924c-impl-thread1] INFO  ha.SCMStateMachine (SCMStateMachine.java:lambda$initialize$0(135)) - 42a608c1-c4a9-40f1-8254-ab35a5a5924c: initialize group-902E6658689D
2025-04-23 15:47:15,379 [42a608c1-c4a9-40f1-8254-ab35a5a5924c-impl-thread1] INFO  server.RaftServerConfigKeys (ConfUtils.java:logGet(46)) - raft.server.log.use.memory = false (default)
2025-04-23 15:47:15,379 [42a608c1-c4a9-40f1-8254-ab35a5a5924c-impl-thread1] INFO  server.RaftServerConfigKeys (ConfUtils.java:logGet(46)) - raft.server.log.purge.gap = 1000000 (custom)
2025-04-23 15:47:15,379 [42a608c1-c4a9-40f1-8254-ab35a5a5924c-impl-thread1] INFO  server.RaftServerConfigKeys (ConfUtils.java:logGet(46)) - raft.server.log.appender.buffer.byte-limit = 4194304 (custom)
2025-04-23 15:47:15,379 [42a608c1-c4a9-40f1-8254-ab35a5a5924c-impl-thread1] INFO  server.RaftServerConfigKeys (ConfUtils.java:logGet(46)) - raft.server.log.statemachine.data.read.timeout = 1000ms (default)
2025-04-23 15:47:15,379 [42a608c1-c4a9-40f1-8254-ab35a5a5924c-impl-thread1] INFO  server.RaftServerConfigKeys (ConfUtils.java:logGet(46)) - raft.server.log.purge.preservation.log.num = 0 (default)
2025-04-23 15:47:15,380 [42a608c1-c4a9-40f1-8254-ab35a5a5924c-impl-thread1] INFO  server.RaftServerConfigKeys (ConfUtils.java:logGet(46)) - raft.server.log.segment.size.max = 4194304 (custom)
2025-04-23 15:47:15,380 [42a608c1-c4a9-40f1-8254-ab35a5a5924c-impl-thread1] INFO  server.RaftServerConfigKeys (ConfUtils.java:logGet(46)) - raft.server.log.segment.cache.num.max = 2 (custom)
2025-04-23 15:47:15,380 [42a608c1-c4a9-40f1-8254-ab35a5a5924c-impl-thread1] INFO  server.RaftServerConfigKeys (ConfUtils.java:logGet(46)) - raft.server.log.segment.cache.size.max = 200MB (=209715200) (default)
2025-04-23 15:47:15,380 [42a608c1-c4a9-40f1-8254-ab35a5a5924c-impl-thread1] INFO  server.RaftServerConfigKeys (ConfUtils.java:logGet(46)) - raft.server.log.appender.buffer.byte-limit = 4194304 (custom)
2025-04-23 15:47:15,380 [42a608c1-c4a9-40f1-8254-ab35a5a5924c-impl-thread1] INFO  util.AwaitToRun (AwaitToRun.java:start(81)) - Thread[#8093,42a608c1-c4a9-40f1-8254-ab35a5a5924c@group-902E6658689D-cacheEviction-AwaitToRun,5,main] started
2025-04-23 15:47:15,380 [42a608c1-c4a9-40f1-8254-ab35a5a5924c-impl-thread1] INFO  segmented.SegmentedRaftLogWorker (SegmentedRaftLogWorker.java:<init>(188)) - new 42a608c1-c4a9-40f1-8254-ab35a5a5924c@group-902E6658689D-SegmentedRaftLogWorker for RaftStorageImpl:Storage Directory /home/runner/work/ozone/ozone/hadoop-ozone/integration-test/target/test-dir/MiniOzoneClusterImpl-11ed033c-ec90-4580-9385-902e6658689d/ozone-meta/scm-ha/11ed033c-ec90-4580-9385-902e6658689d
2025-04-23 15:47:15,380 [42a608c1-c4a9-40f1-8254-ab35a5a5924c-impl-thread1] INFO  server.RaftServerConfigKeys (ConfUtils.java:logGet(46)) - raft.server.log.queue.byte-limit = 64MB (=67108864) (default)
2025-04-23 15:47:15,380 [42a608c1-c4a9-40f1-8254-ab35a5a5924c-impl-thread1] INFO  server.RaftServerConfigKeys (ConfUtils.java:logGet(46)) - raft.server.log.queue.element-limit = 4096 (default)
2025-04-23 15:47:15,380 [42a608c1-c4a9-40f1-8254-ab35a5a5924c-impl-thread1] INFO  server.RaftServerConfigKeys (ConfUtils.java:logGet(46)) - raft.server.log.segment.size.max = 4194304 (custom)
2025-04-23 15:47:15,380 [42a608c1-c4a9-40f1-8254-ab35a5a5924c-impl-thread1] INFO  server.RaftServerConfigKeys (ConfUtils.java:logGet(46)) - raft.server.log.preallocated.size = 4194304 (custom)
2025-04-23 15:47:15,380 [42a608c1-c4a9-40f1-8254-ab35a5a5924c-impl-thread1] INFO  server.RaftServerConfigKeys (ConfUtils.java:logGet(46)) - raft.server.log.force.sync.num = 128 (default)
2025-04-23 15:47:15,380 [42a608c1-c4a9-40f1-8254-ab35a5a5924c-impl-thread1] INFO  server.RaftServerConfigKeys (ConfUtils.java:logGet(46)) - raft.server.log.statemachine.data.sync = true (default)
2025-04-23 15:47:15,380 [42a608c1-c4a9-40f1-8254-ab35a5a5924c-impl-thread1] INFO  server.RaftServerConfigKeys (ConfUtils.java:logGet(46)) - raft.server.log.statemachine.data.sync.timeout = 10s (default)
2025-04-23 15:47:15,380 [42a608c1-c4a9-40f1-8254-ab35a5a5924c-impl-thread1] INFO  server.RaftServerConfigKeys (ConfUtils.java:logGet(46)) - raft.server.log.statemachine.data.sync.timeout.retry = -1 (default)
2025-04-23 15:47:15,380 [42a608c1-c4a9-40f1-8254-ab35a5a5924c-impl-thread1] INFO  server.RaftServerConfigKeys (ConfUtils.java:logGet(46)) - raft.server.log.write.buffer.size = 4194312 (custom)
2025-04-23 15:47:15,381 [42a608c1-c4a9-40f1-8254-ab35a5a5924c-impl-thread1] INFO  server.RaftServerConfigKeys (ConfUtils.java:logGet(46)) - raft.server.log.appender.buffer.byte-limit = 4194304 (custom)
2025-04-23 15:47:15,381 [42a608c1-c4a9-40f1-8254-ab35a5a5924c-impl-thread1] INFO  server.RaftServerConfigKeys (ConfUtils.java:logGet(46)) - raft.server.log.unsafe-flush.enabled = false (default)
2025-04-23 15:47:15,381 [42a608c1-c4a9-40f1-8254-ab35a5a5924c-impl-thread1] INFO  server.RaftServerConfigKeys (ConfUtils.java:logGet(46)) - raft.server.log.async-flush.enabled = false (default)
2025-04-23 15:47:15,381 [42a608c1-c4a9-40f1-8254-ab35a5a5924c-impl-thread1] INFO  server.RaftServerConfigKeys (ConfUtils.java:logGet(46)) - raft.server.log.statemachine.data.caching.enabled = false (default)
2025-04-23 15:47:15,381 [42a608c1-c4a9-40f1-8254-ab35a5a5924c-impl-thread1] INFO  server.RaftServer$Division (ServerState.java:setRaftConf(386)) - 42a608c1-c4a9-40f1-8254-ab35a5a5924c@group-902E6658689D: set configuration conf: {index: 0, cur=peers:[42a608c1-c4a9-40f1-8254-ab35a5a5924c|fv-az1337-835:15046]|listeners:[], old=null}
2025-04-23 15:47:15,381 [42a608c1-c4a9-40f1-8254-ab35a5a5924c-impl-thread1] INFO  segmented.LogSegment (LogSegment.java:loadSegment(171)) - Successfully read 1 entries from segment file /home/runner/work/ozone/ozone/hadoop-ozone/integration-test/target/test-dir/MiniOzoneClusterImpl-11ed033c-ec90-4580-9385-902e6658689d/ozone-meta/scm-ha/11ed033c-ec90-4580-9385-902e6658689d/current/log_inprogress_0
2025-04-23 15:47:15,381 [42a608c1-c4a9-40f1-8254-ab35a5a5924c-impl-thread1] INFO  segmented.SegmentedRaftLogWorker (SegmentedRaftLogWorker.java:lambda$new$0(139)) - 42a608c1-c4a9-40f1-8254-ab35a5a5924c@group-902E6658689D-SegmentedRaftLogWorker: safeCacheEvictIndex: setUnconditionally 0 -> -1
2025-04-23 15:47:15,382 [42a608c1-c4a9-40f1-8254-ab35a5a5924c-impl-thread1] INFO  segmented.BufferedWriteChannel (BufferedWriteChannel.java:open(61)) - open log_inprogress_0 (append) at position 80
2025-04-23 15:47:15,382 [42a608c1-c4a9-40f1-8254-ab35a5a5924c-impl-thread1] INFO  server.RaftServer$Division (RaftServerImpl.java:start(391)) - 42a608c1-c4a9-40f1-8254-ab35a5a5924c@group-902E6658689D: start as a follower, conf=conf: {index: 0, cur=peers:[42a608c1-c4a9-40f1-8254-ab35a5a5924c|fv-az1337-835:15046]|listeners:[], old=null}
2025-04-23 15:47:15,382 [42a608c1-c4a9-40f1-8254-ab35a5a5924c-impl-thread1] INFO  server.RaftServer$Division (RaftServerImpl.java:setRole(378)) - 42a608c1-c4a9-40f1-8254-ab35a5a5924c@group-902E6658689D: changes role from      null to FOLLOWER at term 1 for startAsFollower
2025-04-23 15:47:15,382 [42a608c1-c4a9-40f1-8254-ab35a5a5924c-impl-thread1] INFO  impl.RoleInfo (RoleInfo.java:updateAndGet(148)) - 42a608c1-c4a9-40f1-8254-ab35a5a5924c: start 42a608c1-c4a9-40f1-8254-ab35a5a5924c@group-902E6658689D-FollowerState
2025-04-23 15:47:15,382 [42a608c1-c4a9-40f1-8254-ab35a5a5924c-impl-thread1] INFO  util.JmxRegister (JmxRegister.java:tryRegister(44)) - Successfully registered JMX Bean with object name Ratis:service=RaftServer,group=group-902E6658689D,id=42a608c1-c4a9-40f1-8254-ab35a5a5924c
2025-04-23 15:47:15,382 [42a608c1-c4a9-40f1-8254-ab35a5a5924c-impl-thread1] INFO  util.JmxRegister (JmxRegister.java:register(58)) - register mxBean class org.apache.ratis.server.impl.RaftServerJmxAdapter as Ratis:service=RaftServer,group=group-902E6658689D,id=42a608c1-c4a9-40f1-8254-ab35a5a5924c
2025-04-23 15:47:15,382 [42a608c1-c4a9-40f1-8254-ab35a5a5924c-impl-thread1] INFO  server.RaftServerConfigKeys (ConfUtils.java:logGet(46)) - raft.server.snapshot.trigger-when-stop.enabled = true (default)
2025-04-23 15:47:15,382 [42a608c1-c4a9-40f1-8254-ab35a5a5924c-impl-thread1] INFO  server.RaftServerConfigKeys (ConfUtils.java:logGet(46)) - raft.server.snapshot.trigger-when-remove.enabled = true (default)
2025-04-23 15:47:15,382 [42a608c1-c4a9-40f1-8254-ab35a5a5924c-impl-thread1] INFO  server.RaftServerConfigKeys (ConfUtils.java:logGet(46)) - raft.server.snapshot.auto.trigger.enabled = true (custom)
2025-04-23 15:47:15,382 [42a608c1-c4a9-40f1-8254-ab35a5a5924c-impl-thread1] INFO  server.RaftServerConfigKeys (ConfUtils.java:logGet(46)) - raft.server.snapshot.auto.trigger.threshold = 1000 (custom)
2025-04-23 15:47:15,382 [42a608c1-c4a9-40f1-8254-ab35a5a5924c-impl-thread1] INFO  server.RaftServerConfigKeys (ConfUtils.java:logGet(46)) - raft.server.snapshot.retention.file.num = -1 (default)
2025-04-23 15:47:15,382 [42a608c1-c4a9-40f1-8254-ab35a5a5924c-impl-thread1] INFO  server.RaftServerConfigKeys (ConfUtils.java:logGet(46)) - raft.server.log.purge.upto.snapshot.index = false (default)
2025-04-23 15:47:15,383 [42a608c1-c4a9-40f1-8254-ab35a5a5924c@group-902E6658689D-FollowerState] INFO  server.RaftServerConfigKeys (ConfUtils.java:logGet(46)) - raft.server.rpc.first-election.timeout.min = 1000ms (custom)
2025-04-23 15:47:15,383 [42a608c1-c4a9-40f1-8254-ab35a5a5924c@group-902E6658689D-FollowerState] INFO  server.RaftServerConfigKeys (ConfUtils.java:logGet(46)) - raft.server.rpc.first-election.timeout.max = 1200ms (custom)
2025-04-23 15:47:15,383 [42a608c1-c4a9-40f1-8254-ab35a5a5924c-impl-thread1] INFO  server.RaftServer$Division (RaftServerImpl.java:start(405)) - 42a608c1-c4a9-40f1-8254-ab35a5a5924c@group-902E6658689D: Successfully started.
2025-04-23 15:47:15,383 [main] INFO  server.RaftServer (RaftServerProxy.java:startImpl(407)) - 42a608c1-c4a9-40f1-8254-ab35a5a5924c: start RPC server
2025-04-23 15:47:15,384 [main] INFO  server.GrpcService (GrpcService.java:startImpl(334)) - 42a608c1-c4a9-40f1-8254-ab35a5a5924c: GrpcService started, listening on 15046
2025-04-23 15:47:15,384 [JvmPauseMonitor42] INFO  util.JvmPauseMonitor (JvmPauseMonitor.java:run(146)) - JvmPauseMonitor-42a608c1-c4a9-40f1-8254-ab35a5a5924c: Started
2025-04-23 15:47:15,385 [main] INFO  ha.SCMHAManagerImpl (SCMHAManagerImpl.java:start(131)) -  scm role is FOLLOWER peers [42a608c1-c4a9-40f1-8254-ab35a5a5924c|fv-az1337-835:15046]
2025-04-23 15:47:15,385 [main] INFO  ha.InterSCMGrpcService (InterSCMGrpcProtocolService.java:start(98)) - Starting SCM Grpc Service at port 15047
2025-04-23 15:47:15,385 [main] INFO  SCMHATransactionMonitor (BackgroundSCMService.java:start(64)) - Starting SCMHATransactionMonitor Service.
2025-04-23 15:47:15,385 [main] INFO  ha.SCMServiceManager (SCMServiceManager.java:register(42)) - Registering service SCMHATransactionMonitor.
2025-04-23 15:47:15,386 [main] INFO  SCMHATransactionMonitor (BackgroundSCMService.java:start(61)) - SCMHATransactionMonitor Service is already running, skip start.
2025-04-23 15:47:15,389 [main] WARN  impl.MetricsConfig (MetricsConfig.java:loadFirst(138)) - Cannot locate configuration: tried hadoop-metrics2-storagecontainermanager.properties,hadoop-metrics2.properties
2025-04-23 15:47:15,390 [main] INFO  impl.MetricsSystemImpl (MetricsSystemImpl.java:startTimer(378)) - Scheduled Metric snapshot period at 10 second(s).
2025-04-23 15:47:15,390 [main] INFO  impl.MetricsSystemImpl (MetricsSystemImpl.java:start(191)) - StorageContainerManager metrics system started
2025-04-23 15:47:15,404 [main] INFO  impl.MetricsSinkAdapter (MetricsSinkAdapter.java:start(204)) - Sink prometheus started
2025-04-23 15:47:15,404 [main] INFO  impl.MetricsSystemImpl (MetricsSystemImpl.java:registerSink(305)) - Registered sink prometheus
2025-04-23 15:47:15,437 [main] INFO  server.SCMClientProtocolServer (SCMClientProtocolServer.java:start(207)) - RPC server for Client  is listening at /0.0.0.0:15042
2025-04-23 15:47:15,440 [IPC Server Responder] INFO  ipc.Server (Server.java:run(1713)) - IPC Server Responder: starting
2025-04-23 15:47:15,440 [IPC Server listener on 15042] INFO  ipc.Server (Server.java:run(1553)) - IPC Server listener on 15042: starting
2025-04-23 15:47:15,453 [main] INFO  server.StorageContainerManager (StorageContainerManager.java:start(1519)) - ScmBlockLocationProtocol RPC server is listening at /0.0.0.0:15043
2025-04-23 15:47:15,453 [main] INFO  server.SCMBlockProtocolServer (SCMBlockProtocolServer.java:start(166)) - RPC server for Block Protocol is listening at /0.0.0.0:15043
2025-04-23 15:47:15,454 [IPC Server Responder] INFO  ipc.Server (Server.java:run(1713)) - IPC Server Responder: starting
2025-04-23 15:47:15,454 [IPC Server listener on 15043] INFO  ipc.Server (Server.java:run(1553)) - IPC Server listener on 15043: starting
2025-04-23 15:47:15,468 [main] INFO  http.BaseHttpServer (BaseHttpServer.java:newHttpServer2BuilderForOzone(229)) - Starting Web-server for scm at: http://0.0.0.0:15045
2025-04-23 15:47:15,468 [main] INFO  http.BaseHttpServer (BaseHttpServer.java:<init>(107)) - Hadoop Security Enabled: false Ozone Security Enabled: false Ozone HTTP Security Enabled: false 
2025-04-23 15:47:15,469 [main] WARN  server.AuthenticationFilter (AuthenticationFilter.java:constructSecretProvider(240)) - Unable to initialize FileSignerSecretProvider, falling back to use random secrets. Reason: Could not read signature secret file: /home/runner/hadoop-http-auth-signature-secret
2025-04-23 15:47:15,471 [main] INFO  http.HttpServer2 (HttpServer2.java:addGlobalFilter(1041)) - Added global filter 'safety' (class=org.apache.hadoop.hdds.server.http.HttpServer2$QuotingInputFilter)
2025-04-23 15:47:15,472 [main] INFO  http.HttpServer2 (HttpServer2.java:addFilter(1017)) - Added filter static_user_filter (class=org.apache.hadoop.http.lib.StaticUserWebFilter$StaticUserFilter) to context scm
2025-04-23 15:47:15,472 [main] INFO  http.HttpServer2 (HttpServer2.java:addFilter(1025)) - Added filter static_user_filter (class=org.apache.hadoop.http.lib.StaticUserWebFilter$StaticUserFilter) to context logs
2025-04-23 15:47:15,472 [main] INFO  http.HttpServer2 (HttpServer2.java:addFilter(1025)) - Added filter static_user_filter (class=org.apache.hadoop.http.lib.StaticUserWebFilter$StaticUserFilter) to context static
2025-04-23 15:47:15,473 [main] INFO  http.BaseHttpServer (BaseHttpServer.java:<init>(195)) - HTTP server of scm uses base directory /home/runner/work/ozone/ozone/hadoop-ozone/integration-test/target/test-dir/MiniOzoneClusterImpl-11ed033c-ec90-4580-9385-902e6658689d/ozone-meta/webserver
2025-04-23 15:47:15,473 [main] INFO  http.HttpServer2 (HttpServer2.java:bindListener(1241)) - Jetty bound to port 15045
2025-04-23 15:47:15,473 [main] INFO  server.Server (Server.java:doStart(375)) - jetty-9.4.57.v20241219; built: 2025-01-08T21:24:30.412Z; git: df524e6b29271c2e09ba9aea83c18dc9db464a31; jvm 21.0.7+6-LTS
2025-04-23 15:47:15,474 [main] INFO  server.session (DefaultSessionIdManager.java:doStart(334)) - DefaultSessionIdManager workerName=node0
2025-04-23 15:47:15,475 [main] INFO  server.session (DefaultSessionIdManager.java:doStart(339)) - No SessionScavenger set, using defaults
2025-04-23 15:47:15,475 [main] INFO  server.session (HouseKeeper.java:startScavenging(132)) - node0 Scavenging every 600000ms
2025-04-23 15:47:15,475 [main] INFO  handler.ContextHandler (ContextHandler.java:doStart(921)) - Started o.e.j.s.ServletContextHandler@4dee5999{logs,/logs,file:///home/runner/work/ozone/ozone/hadoop-ozone/integration-test/target/log,AVAILABLE}
2025-04-23 15:47:15,476 [main] INFO  handler.ContextHandler (ContextHandler.java:doStart(921)) - Started o.e.j.s.ServletContextHandler@5b5f9dc7{static,/static,file:///home/runner/work/ozone/ozone/hadoop-ozone/integration-test/target/test-classes/webapps/static,AVAILABLE}
2025-04-23 15:47:15,481 [main] INFO  handler.ContextHandler (ContextHandler.java:doStart(921)) - Started o.e.j.w.WebAppContext@3a9b49dd{scm,/,file:///home/runner/work/ozone/ozone/hadoop-ozone/integration-test/target/test-classes/webapps/scm/,AVAILABLE}{file:/home/runner/work/ozone/ozone/hadoop-ozone/integration-test/target/test-classes/webapps/scm}
2025-04-23 15:47:15,481 [main] INFO  server.AbstractConnector (AbstractConnector.java:doStart(333)) - Started ServerConnector@2854c3fb{HTTP/1.1, (http/1.1)}{0.0.0.0:15045}
2025-04-23 15:47:15,481 [main] INFO  server.Server (Server.java:doStart(415)) - Started @170463ms
2025-04-23 15:47:15,481 [main] WARN  impl.MetricsSystemImpl (MetricsSystemImpl.java:register(279)) - Sink prometheus already exists!
2025-04-23 15:47:15,482 [main] INFO  http.BaseHttpServer (BaseHttpServer.java:updateConnectorAddress(360)) - HTTP server of scm listening at http://0.0.0.0:15045
2025-04-23 15:47:15,483 [main] INFO  ha.OMHANodeDetails (OMHANodeDetails.java:loadOMHAConfig(120)) - ServiceID for OzoneManager is om-service-test1
2025-04-23 15:47:15,483 [main] INFO  ha.OMHANodeDetails (OMHANodeDetails.java:loadOMHAConfig(200)) - Found matching OM address with OMServiceId: om-service-test1, OMNodeId: omNode-1, RPC Address: localhost:15048 and Ratis port: 15051
2025-04-23 15:47:15,483 [main] INFO  ha.OMHANodeDetails (ConfUtils.java:setNodeSpecificConfigs(98)) - Setting configuration key ozone.om.http-address with value of key ozone.om.http-address.om-service-test1.omNode-1: 127.0.0.1:15049
2025-04-23 15:47:15,483 [main] INFO  ha.OMHANodeDetails (ConfUtils.java:setNodeSpecificConfigs(98)) - Setting configuration key ozone.om.https-address with value of key ozone.om.https-address.om-service-test1.omNode-1: 127.0.0.1:15050
2025-04-23 15:47:15,484 [main] INFO  ha.OMHANodeDetails (ConfUtils.java:setNodeSpecificConfigs(98)) - Setting configuration key ozone.om.address with value of key ozone.om.address.om-service-test1.omNode-1: 127.0.0.1:15048
2025-04-23 15:47:15,484 [main] WARN  server.ServerUtils (ServerUtils.java:getDBPath(297)) - ozone.om.db.dirs is not configured. We recommend adding this setting. Falling back to ozone.metadata.dirs instead.
2025-04-23 15:47:15,485 [main] INFO  proxy.SCMBlockLocationFailoverProxyProvider (SCMFailoverProxyProviderBase.java:<init>(120)) - Created fail-over proxy for protocol ScmBlockLocationProtocolPB with 1 nodes: [nodeId=scmNodeId,nodeAddress=/0.0.0.0:15043]
2025-04-23 15:47:16,517 [42a608c1-c4a9-40f1-8254-ab35a5a5924c@group-902E6658689D-FollowerState] INFO  impl.FollowerState (FollowerState.java:runImpl(161)) - 42a608c1-c4a9-40f1-8254-ab35a5a5924c@group-902E6658689D-FollowerState: change to CANDIDATE, lastRpcElapsedTime:1135088063ns, electionTimeout:1134ms
2025-04-23 15:47:16,517 [42a608c1-c4a9-40f1-8254-ab35a5a5924c@group-902E6658689D-FollowerState] INFO  impl.RoleInfo (RoleInfo.java:shutdownFollowerState(121)) - 42a608c1-c4a9-40f1-8254-ab35a5a5924c: shutdown 42a608c1-c4a9-40f1-8254-ab35a5a5924c@group-902E6658689D-FollowerState
2025-04-23 15:47:16,517 [42a608c1-c4a9-40f1-8254-ab35a5a5924c@group-902E6658689D-FollowerState] INFO  server.RaftServer$Division (RaftServerImpl.java:setRole(378)) - 42a608c1-c4a9-40f1-8254-ab35a5a5924c@group-902E6658689D: changes role from  FOLLOWER to CANDIDATE at term 1 for changeToCandidate
2025-04-23 15:47:16,517 [42a608c1-c4a9-40f1-8254-ab35a5a5924c@group-902E6658689D-FollowerState] INFO  server.RaftServerConfigKeys (ConfUtils.java:logGet(46)) - raft.server.leaderelection.pre-vote = true (default)
2025-04-23 15:47:16,517 [42a608c1-c4a9-40f1-8254-ab35a5a5924c@group-902E6658689D-FollowerState] INFO  impl.RoleInfo (RoleInfo.java:updateAndGet(148)) - 42a608c1-c4a9-40f1-8254-ab35a5a5924c: start 42a608c1-c4a9-40f1-8254-ab35a5a5924c@group-902E6658689D-LeaderElection38
2025-04-23 15:47:16,518 [42a608c1-c4a9-40f1-8254-ab35a5a5924c@group-902E6658689D-LeaderElection38] INFO  impl.LeaderElection (LeaderElection.java:askForVotes(332)) - 42a608c1-c4a9-40f1-8254-ab35a5a5924c@group-902E6658689D-LeaderElection38 PRE_VOTE round 0: submit vote requests at term 1 for conf: {index: 0, cur=peers:[42a608c1-c4a9-40f1-8254-ab35a5a5924c|fv-az1337-835:15046]|listeners:[], old=null}
2025-04-23 15:47:16,518 [42a608c1-c4a9-40f1-8254-ab35a5a5924c@group-902E6658689D-LeaderElection38] INFO  impl.LeaderElection (LeaderElection.java:askForVotes(334)) - 42a608c1-c4a9-40f1-8254-ab35a5a5924c@group-902E6658689D-LeaderElection38 PRE_VOTE round 0: result PASSED (term=1)
2025-04-23 15:47:16,519 [42a608c1-c4a9-40f1-8254-ab35a5a5924c@group-902E6658689D-LeaderElection38] INFO  impl.LeaderElection (LeaderElection.java:askForVotes(332)) - 42a608c1-c4a9-40f1-8254-ab35a5a5924c@group-902E6658689D-LeaderElection38 ELECTION round 0: submit vote requests at term 2 for conf: {index: 0, cur=peers:[42a608c1-c4a9-40f1-8254-ab35a5a5924c|fv-az1337-835:15046]|listeners:[], old=null}
2025-04-23 15:47:16,519 [42a608c1-c4a9-40f1-8254-ab35a5a5924c@group-902E6658689D-LeaderElection38] INFO  impl.LeaderElection (LeaderElection.java:askForVotes(334)) - 42a608c1-c4a9-40f1-8254-ab35a5a5924c@group-902E6658689D-LeaderElection38 ELECTION round 0: result PASSED (term=2)
2025-04-23 15:47:16,519 [42a608c1-c4a9-40f1-8254-ab35a5a5924c@group-902E6658689D-LeaderElection38] INFO  impl.RoleInfo (RoleInfo.java:shutdownLeaderElection(141)) - 42a608c1-c4a9-40f1-8254-ab35a5a5924c: shutdown 42a608c1-c4a9-40f1-8254-ab35a5a5924c@group-902E6658689D-LeaderElection38
2025-04-23 15:47:16,519 [42a608c1-c4a9-40f1-8254-ab35a5a5924c@group-902E6658689D-LeaderElection38] INFO  server.RaftServer$Division (RaftServerImpl.java:setRole(378)) - 42a608c1-c4a9-40f1-8254-ab35a5a5924c@group-902E6658689D: changes role from CANDIDATE to LEADER at term 2 for changeToLeader
2025-04-23 15:47:16,519 [42a608c1-c4a9-40f1-8254-ab35a5a5924c@group-902E6658689D-LeaderElection38] INFO  server.RaftServerConfigKeys (ConfUtils.java:logGet(46)) - raft.server.staging.catchup.gap = 1000 (default)
2025-04-23 15:47:16,519 [42a608c1-c4a9-40f1-8254-ab35a5a5924c@group-902E6658689D-LeaderElection38] INFO  server.RaftServerConfigKeys (ConfUtils.java:logGet(46)) - raft.server.write.element-limit = 4096 (default)
2025-04-23 15:47:16,519 [42a608c1-c4a9-40f1-8254-ab35a5a5924c@group-902E6658689D-LeaderElection38] INFO  server.RaftServerConfigKeys (ConfUtils.java:logGet(46)) - raft.server.write.byte-limit = 64MB (=67108864) (default)
2025-04-23 15:47:16,520 [42a608c1-c4a9-40f1-8254-ab35a5a5924c@group-902E6658689D-LeaderElection38] INFO  server.RaftServerConfigKeys (ConfUtils.java:logGet(46)) - raft.server.watch.timeout = 10s (default)
2025-04-23 15:47:16,520 [42a608c1-c4a9-40f1-8254-ab35a5a5924c@group-902E6658689D-LeaderElection38] INFO  server.RaftServerConfigKeys (ConfUtils.java:logGet(46)) - raft.server.watch.timeout.denomination = 1s (default)
2025-04-23 15:47:16,520 [42a608c1-c4a9-40f1-8254-ab35a5a5924c@group-902E6658689D-LeaderElection38] INFO  server.RaftServerConfigKeys (ConfUtils.java:logGet(46)) - raft.server.watch.element-limit = 65536 (default)
2025-04-23 15:47:16,520 [42a608c1-c4a9-40f1-8254-ab35a5a5924c@group-902E6658689D-LeaderElection38] INFO  server.RaftServerConfigKeys (ConfUtils.java:logGet(46)) - raft.server.read.leader.lease.enabled = false (default)
2025-04-23 15:47:16,520 [42a608c1-c4a9-40f1-8254-ab35a5a5924c@group-902E6658689D-LeaderElection38] INFO  server.RaftServerConfigKeys (ConfUtils.java:logGet(46)) - raft.server.read.leader.lease.timeout.ratio = 0.9 (default)
2025-04-23 15:47:16,520 [42a608c1-c4a9-40f1-8254-ab35a5a5924c@group-902E6658689D-LeaderElection38] INFO  server.RaftServerConfigKeys (ConfUtils.java:logGet(46)) - raft.server.rpc.timeout.min = 5000ms (custom)
2025-04-23 15:47:16,520 [42a608c1-c4a9-40f1-8254-ab35a5a5924c@group-902E6658689D-LeaderElection38] INFO  server.RaftServerConfigKeys (ConfUtils.java:logGet(46)) - raft.server.log.log-metadata.enabled = true (default)
2025-04-23 15:47:16,520 [42a608c1-c4a9-40f1-8254-ab35a5a5924c@group-902E6658689D-LeaderElection38] INFO  server.RaftServerConfigKeys (ConfUtils.java:logGet(46)) - raft.server.write.element-limit = 4096 (default)
2025-04-23 15:47:16,520 [42a608c1-c4a9-40f1-8254-ab35a5a5924c@group-902E6658689D-LeaderElection38] INFO  server.RaftServerConfigKeys (ConfUtils.java:logGet(46)) - raft.server.write.follower.gap.ratio.max = -1.0 (default)
2025-04-23 15:47:16,520 [42a608c1-c4a9-40f1-8254-ab35a5a5924c@group-902E6658689D-LeaderElection38] INFO  impl.RoleInfo (RoleInfo.java:updateAndGet(148)) - 42a608c1-c4a9-40f1-8254-ab35a5a5924c: start 42a608c1-c4a9-40f1-8254-ab35a5a5924c@group-902E6658689D-LeaderStateImpl
2025-04-23 15:47:16,520 [42a608c1-c4a9-40f1-8254-ab35a5a5924c@group-902E6658689D-LeaderElection38] INFO  server.RaftServer$Division (RaftServerImpl.java:setFirstElection(562)) - 42a608c1-c4a9-40f1-8254-ab35a5a5924c@group-902E6658689D: set firstElectionSinceStartup to false for becomeLeader
2025-04-23 15:47:16,520 [42a608c1-c4a9-40f1-8254-ab35a5a5924c@group-902E6658689D-LeaderElection38] INFO  ha.SCMStateMachine (SCMStateMachine.java:notifyLeaderChanged(291)) - current SCM becomes leader of term 2.
2025-04-23 15:47:16,520 [42a608c1-c4a9-40f1-8254-ab35a5a5924c@group-902E6658689D-LeaderElection38] INFO  ha.SCMContext (SCMContext.java:updateLeaderAndTerm(95)) - update <isLeader,term> from <false,0> to <true,2>
2025-04-23 15:47:16,520 [42a608c1-c4a9-40f1-8254-ab35a5a5924c@group-902E6658689D-LeaderElection38] INFO  server.RaftServer$Division (ServerState.java:setLeader(272)) - 42a608c1-c4a9-40f1-8254-ab35a5a5924c@group-902E6658689D: change Leader from null to 42a608c1-c4a9-40f1-8254-ab35a5a5924c at term 2 for becomeLeader, leader elected after 1166ms
2025-04-23 15:47:16,521 [42a608c1-c4a9-40f1-8254-ab35a5a5924c@group-902E6658689D-LeaderElection38] INFO  segmented.SegmentedRaftLogWorker (SegmentedRaftLogWorker.java:rollLogSegment(443)) - 42a608c1-c4a9-40f1-8254-ab35a5a5924c@group-902E6658689D-SegmentedRaftLogWorker: Rolling segment log-0_0 to index:0
2025-04-23 15:47:16,521 [42a608c1-c4a9-40f1-8254-ab35a5a5924c@group-902E6658689D-LeaderElection38] INFO  server.RaftServer$Division (ServerState.java:setRaftConf(386)) - 42a608c1-c4a9-40f1-8254-ab35a5a5924c@group-902E6658689D: set configuration conf: {index: 1, cur=peers:[42a608c1-c4a9-40f1-8254-ab35a5a5924c|fv-az1337-835:15046]|listeners:[], old=null}
2025-04-23 15:47:16,521 [42a608c1-c4a9-40f1-8254-ab35a5a5924c@group-902E6658689D-SegmentedRaftLogWorker] INFO  segmented.SegmentedRaftLogWorker (SegmentedRaftLogWorker.java:execute(601)) - 42a608c1-c4a9-40f1-8254-ab35a5a5924c@group-902E6658689D-SegmentedRaftLogWorker: Rolled log segment from /home/runner/work/ozone/ozone/hadoop-ozone/integration-test/target/test-dir/MiniOzoneClusterImpl-11ed033c-ec90-4580-9385-902e6658689d/ozone-meta/scm-ha/11ed033c-ec90-4580-9385-902e6658689d/current/log_inprogress_0 to /home/runner/work/ozone/ozone/hadoop-ozone/integration-test/target/test-dir/MiniOzoneClusterImpl-11ed033c-ec90-4580-9385-902e6658689d/ozone-meta/scm-ha/11ed033c-ec90-4580-9385-902e6658689d/current/log_0-0
2025-04-23 15:47:16,521 [42a608c1-c4a9-40f1-8254-ab35a5a5924c@group-902E6658689D-SegmentedRaftLogWorker] INFO  segmented.BufferedWriteChannel (BufferedWriteChannel.java:open(61)) - open log_inprogress_1 at position 0
2025-04-23 15:47:16,530 [42a608c1-c4a9-40f1-8254-ab35a5a5924c@group-902E6658689D-SegmentedRaftLogWorker] INFO  segmented.SegmentedRaftLogWorker (SegmentedRaftLogWorker.java:execute(644)) - 42a608c1-c4a9-40f1-8254-ab35a5a5924c@group-902E6658689D-SegmentedRaftLogWorker: created new log segment /home/runner/work/ozone/ozone/hadoop-ozone/integration-test/target/test-dir/MiniOzoneClusterImpl-11ed033c-ec90-4580-9385-902e6658689d/ozone-meta/scm-ha/11ed033c-ec90-4580-9385-902e6658689d/current/log_inprogress_1
2025-04-23 15:47:16,532 [42a608c1-c4a9-40f1-8254-ab35a5a5924c@group-902E6658689D-StateMachineUpdater] INFO  server.RaftServer$Division (LeaderStateImpl.java:checkStartIndex(313)) - Leader 42a608c1-c4a9-40f1-8254-ab35a5a5924c@group-902E6658689D-LeaderStateImpl is ready since appliedIndex == startIndex == 1
2025-04-23 15:47:16,532 [42a608c1-c4a9-40f1-8254-ab35a5a5924c@group-902E6658689D-StateMachineUpdater] INFO  ha.SCMContext (SCMContext.java:setLeaderReady(122)) - update <isLeaderReady> from <false> to <true>
2025-04-23 15:47:16,532 [42a608c1-c4a9-40f1-8254-ab35a5a5924c@group-902E6658689D-StateMachineUpdater] INFO  pipeline.BackgroundPipelineCreator (BackgroundPipelineCreator.java:notifyStatusChanged(269)) - Service BackgroundPipelineCreator transitions to RUNNING.
2025-04-23 15:47:16,533 [42a608c1-c4a9-40f1-8254-ab35a5a5924c@group-902E6658689D-StateMachineUpdater] INFO  safemode.RatisContainerSafeModeRule (RatisContainerSafeModeRule.java:initializeRule(161)) - Refreshed Containers with one replica threshold count 0.
2025-04-23 15:47:16,533 [42a608c1-c4a9-40f1-8254-ab35a5a5924c@group-902E6658689D-StateMachineUpdater] INFO  safemode.HealthyPipelineSafeModeRule (HealthyPipelineSafeModeRule.java:initializeRule(174)) - Refreshed total pipeline count is 0, healthy pipeline threshold count is 1
2025-04-23 15:47:16,533 [42a608c1-c4a9-40f1-8254-ab35a5a5924c@group-902E6658689D-StateMachineUpdater] INFO  safemode.ECContainerSafeModeRule (ECContainerSafeModeRule.java:initializeRule(205)) - Refreshed Containers with ec n replica threshold count 0.
2025-04-23 15:47:16,533 [42a608c1-c4a9-40f1-8254-ab35a5a5924c@group-902E6658689D-StateMachineUpdater] INFO  safemode.OneReplicaPipelineSafeModeRule (OneReplicaPipelineSafeModeRule.java:initializeRule(187)) - Refreshed Total pipeline count is 0, pipeline's with at least one datanode reported threshold count is 0
2025-04-23 15:47:16,533 [42a608c1-c4a9-40f1-8254-ab35a5a5924c@group-902E6658689D-StateMachineUpdater] INFO  server.SCMDatanodeProtocolServer (SCMDatanodeProtocolServer.java:start(193)) - ScmDatanodeProtocol RPC server for DataNodes is listening at /0.0.0.0:15044
2025-04-23 15:47:16,534 [IPC Server Responder] INFO  ipc.Server (Server.java:run(1713)) - IPC Server Responder: starting
2025-04-23 15:47:16,534 [IPC Server listener on 15044] INFO  ipc.Server (Server.java:run(1553)) - IPC Server listener on 15044: starting
OM initialization succeeded.Current cluster id for sd=/home/runner/work/ozone/ozone/hadoop-ozone/integration-test/target/test-dir/MiniOzoneClusterImpl-11ed033c-ec90-4580-9385-902e6658689d/omNode-1/om;cid=11ed033c-ec90-4580-9385-902e6658689d;layoutVersion=8
2025-04-23 15:47:17,492 [main] INFO  ha.OMHANodeDetails (OMHANodeDetails.java:loadOMHAConfig(120)) - ServiceID for OzoneManager is om-service-test1
2025-04-23 15:47:17,493 [main] INFO  ha.OMHANodeDetails (OMHANodeDetails.java:loadOMHAConfig(200)) - Found matching OM address with OMServiceId: om-service-test1, OMNodeId: omNode-1, RPC Address: localhost:15048 and Ratis port: 15051
2025-04-23 15:47:17,493 [main] INFO  ha.OMHANodeDetails (ConfUtils.java:setNodeSpecificConfigs(98)) - Setting configuration key ozone.om.http-address with value of key ozone.om.http-address.om-service-test1.omNode-1: 127.0.0.1:15049
2025-04-23 15:47:17,493 [main] INFO  ha.OMHANodeDetails (ConfUtils.java:setNodeSpecificConfigs(98)) - Setting configuration key ozone.om.https-address with value of key ozone.om.https-address.om-service-test1.omNode-1: 127.0.0.1:15050
2025-04-23 15:47:17,493 [main] INFO  ha.OMHANodeDetails (ConfUtils.java:setNodeSpecificConfigs(98)) - Setting configuration key ozone.om.address with value of key ozone.om.address.om-service-test1.omNode-1: 127.0.0.1:15048
2025-04-23 15:47:17,493 [main] WARN  server.ServerUtils (ServerUtils.java:getDBPath(297)) - ozone.om.db.dirs is not configured. We recommend adding this setting. Falling back to ozone.metadata.dirs instead.
2025-04-23 15:47:17,495 [main] INFO  upgrade.AbstractLayoutVersionManager (AbstractLayoutVersionManager.java:init(80)) - Initializing Layout version manager with metadata layout = DELEGATION_TOKEN_SYMMETRIC_SIGN (version = 8), software layout = DELEGATION_TOKEN_SYMMETRIC_SIGN (version = 8)
2025-04-23 15:47:17,552 [main] INFO  reflections.Reflections (Reflections.java:scan(219)) - Reflections took 57 ms to scan 2 urls, producing 203 keys and 603 values
2025-04-23 15:47:17,552 [main] INFO  upgrade.OMLayoutVersionManager (OMLayoutVersionManager.java:lambda$0(110)) - Skipping Upgrade Action QuotaRepairUpgradeAction since it has been finalized.
2025-04-23 15:47:17,552 [main] INFO  upgrade.OMLayoutVersionManager (OMLayoutVersionManager.java:lambda$0(110)) - Skipping Upgrade Action MockOmUpgradeAction since it has been finalized.
2025-04-23 15:47:17,552 [main] WARN  server.ServerUtils (ServerUtils.java:getDBPath(297)) - ozone.om.db.dirs is not configured. We recommend adding this setting. Falling back to ozone.metadata.dirs instead.
2025-04-23 15:47:17,552 [main] INFO  om.OzoneManager (OzoneManager.java:setReplicationFromConfig(4612)) - Set default replication in OM: RATIS/3 -> RATIS/THREE
2025-04-23 15:47:17,553 [main] INFO  proxy.SCMContainerLocationFailoverProxyProvider (SCMFailoverProxyProviderBase.java:<init>(120)) - Created fail-over proxy for protocol StorageContainerLocationProtocolPB with 1 nodes: [nodeId=scmNodeId,nodeAddress=/0.0.0.0:15042]
2025-04-23 15:47:17,553 [main] INFO  proxy.SCMBlockLocationFailoverProxyProvider (SCMFailoverProxyProviderBase.java:<init>(120)) - Created fail-over proxy for protocol ScmBlockLocationProtocolPB with 1 nodes: [nodeId=scmNodeId,nodeAddress=/0.0.0.0:15043]
2025-04-23 15:47:17,554 [main] INFO  proxy.SCMBlockLocationFailoverProxyProvider (SCMFailoverProxyProviderBase.java:<init>(120)) - Created fail-over proxy for protocol ScmBlockLocationProtocolPB with 1 nodes: [nodeId=scmNodeId,nodeAddress=/0.0.0.0:15043]
2025-04-23 15:47:17,557 [main] INFO  om.OzoneManager (OzoneManager.java:<init>(689)) - OM start with adminUsers: [*, runner]
2025-04-23 15:47:17,558 [main] WARN  server.ServerUtils (ServerUtils.java:getDBPath(297)) - ozone.om.db.dirs is not configured. We recommend adding this setting. Falling back to ozone.metadata.dirs instead.
2025-04-23 15:47:17,712 [main] INFO  om.OzoneManager (OzoneManager.java:instantiateServices(933)) - S3 Multi-Tenancy is disabled
2025-04-23 15:47:17,713 [main] INFO  om.OmSnapshotManager (OmSnapshotManager.java:<init>(180)) - Ozone filesystem snapshot feature is enabled.
2025-04-23 15:47:17,713 [main] WARN  server.ServerUtils (ServerUtils.java:getDBPath(297)) - ozone.om.snapshot.diff.db.dir is not configured. We recommend adding this setting. Falling back to ozone.metadata.dirs instead.
2025-04-23 15:47:17,732 [main] INFO  om.OzoneManager (OzoneManager.java:addS3GVolumeToDB(4670)) - Created Volume s3v With Owner runner required for S3Gateway operations.
2025-04-23 15:47:17,732 [main] WARN  server.ServerUtils (ServerUtils.java:getDefaultRatisDirectory(309)) - Storage directory for Ratis is not configured. It is a good idea to map this to an SSD disk. Falling back to ozone.metadata.dirs
2025-04-23 15:47:17,732 [main] WARN  utils.OzoneManagerRatisUtils (OzoneManagerRatisUtils.java:getOMRatisSnapshotDirectory(488)) - ozone.om.ratis.snapshot.dir is not configured. Falling back to ozone.metadata.dirs config
2025-04-23 15:47:17,733 [main] INFO  utils.RDBSnapshotProvider (RDBSnapshotProvider.java:init(85)) - Cleaning up the candidate dir: /home/runner/work/ozone/ozone/hadoop-ozone/integration-test/target/test-dir/MiniOzoneClusterImpl-11ed033c-ec90-4580-9385-902e6658689d/omNode-1/snapshot/om.db.candidate
2025-04-23 15:47:17,733 [main] INFO  ratis_snapshot.OmRatisSnapshotProvider (OmRatisSnapshotProvider.java:<init>(98)) - Initializing OM Snapshot Provider
2025-04-23 15:47:17,734 [main] WARN  dropwizard3.Dm3MetricRegistriesImpl (Dm3MetricRegistriesImpl.java:addReporterRegistration(114)) - New reporters are added after registries were created. Some metrics will be missing from the reporter. Please add reporter before adding any new registry.
2025-04-23 15:47:17,734 [main] WARN  dropwizard3.Dm3MetricRegistriesImpl (Dm3MetricRegistriesImpl.java:addReporterRegistration(114)) - New reporters are added after registries were created. Some metrics will be missing from the reporter. Please add reporter before adding any new registry.
2025-04-23 15:47:17,734 [main] WARN  server.ServerUtils (ServerUtils.java:getDefaultRatisDirectory(309)) - Storage directory for Ratis is not configured. It is a good idea to map this to an SSD disk. Falling back to ozone.metadata.dirs
2025-04-23 15:47:17,734 [main] INFO  server.RaftServerConfigKeys (ConfUtils.java:logGet(46)) - raft.server.log.appender.buffer.byte-limit = 4194304 (custom)
2025-04-23 15:47:17,735 [main] INFO  ratis.OzoneManagerRatisServer (OzoneManagerRatisServer.java:<init>(167)) - Instantiating OM Ratis server with groupID: om-service-test1 and peers: localhost:15051, localhost:15059, localhost:15055
2025-04-23 15:47:17,735 [main] INFO  ratis.OzoneManagerStateMachine (OzoneManagerStateMachine.java:loadSnapshotInfoFromDB(613)) - TransactionInfo not found in OM DB.
2025-04-23 15:47:17,736 [main] INFO  server.RaftServer (ConfUtils.java:logGet(46)) - raft.rpc.type = GRPC (default)
2025-04-23 15:47:17,736 [main] INFO  grpc.GrpcConfigKeys (ConfUtils.java:logFallback(53)) - raft.grpc.admin.host = null (fallback to raft.grpc.server.host)
2025-04-23 15:47:17,736 [main] INFO  grpc.GrpcConfigKeys (ConfUtils.java:logFallback(53)) - raft.grpc.admin.port = 15051 (fallback to raft.grpc.server.port)
2025-04-23 15:47:17,736 [main] INFO  grpc.GrpcConfigKeys (ConfUtils.java:logFallback(53)) - raft.grpc.client.host = null (fallback to raft.grpc.server.host)
2025-04-23 15:47:17,736 [main] INFO  grpc.GrpcConfigKeys (ConfUtils.java:logFallback(53)) - raft.grpc.client.port = 15051 (fallback to raft.grpc.server.port)
2025-04-23 15:47:17,736 [main] INFO  grpc.GrpcConfigKeys (ConfUtils.java:logGet(46)) - raft.grpc.server.host = null (default)
2025-04-23 15:47:17,736 [main] INFO  grpc.GrpcConfigKeys (ConfUtils.java:logGet(46)) - raft.grpc.server.port = 15051 (custom)
2025-04-23 15:47:17,736 [main] INFO  server.GrpcService (ConfUtils.java:logGet(46)) - raft.grpc.message.size.max = 5242880 (custom)
2025-04-23 15:47:17,736 [main] INFO  server.GrpcService (ConfUtils.java:logGet(46)) - raft.grpc.flow.control.window = 1MB (=1048576) (default)
2025-04-23 15:47:17,736 [main] INFO  server.RaftServerConfigKeys (ConfUtils.java:logGet(46)) - raft.server.rpc.request.timeout = 3000ms (default)
2025-04-23 15:47:17,737 [main] INFO  grpc.GrpcConfigKeys (ConfUtils.java:logGet(46)) - raft.grpc.server.heartbeat.channel = true (default)
2025-04-23 15:47:17,737 [main] INFO  server.RaftServerConfigKeys (ConfUtils.java:logGet(46)) - raft.server.log.appender.buffer.byte-limit = 4194304 (custom)
2025-04-23 15:47:17,737 [main] INFO  grpc.GrpcConfigKeys (ConfUtils.java:logGet(46)) - raft.grpc.server.async.request.thread.pool.cached = true (default)
2025-04-23 15:47:17,737 [main] INFO  grpc.GrpcConfigKeys (ConfUtils.java:logGet(46)) - raft.grpc.server.async.request.thread.pool.size = 32 (default)
2025-04-23 15:47:17,737 [main] INFO  impl.DataStreamServerImpl (ConfUtils.java:logGet(46)) - raft.datastream.type = DISABLED (default)
2025-04-23 15:47:17,737 [main] INFO  server.RaftServerConfigKeys (ConfUtils.java:logGet(46)) - raft.server.sleep.deviation.threshold = 300ms (default)
2025-04-23 15:47:17,738 [main] INFO  server.RaftServerConfigKeys (ConfUtils.java:logGet(46)) - raft.server.close.threshold = 60s (default)
2025-04-23 15:47:17,738 [main] INFO  server.RaftServerConfigKeys (ConfUtils.java:logGet(46)) - raft.server.leaderelection.leader.step-down.wait-time = 10s (default)
2025-04-23 15:47:17,738 [main] INFO  server.RaftServerConfigKeys (ConfUtils.java:logGet(46)) - raft.server.storage.dir = [/home/runner/work/ozone/ozone/hadoop-ozone/integration-test/target/test-dir/MiniOzoneClusterImpl-11ed033c-ec90-4580-9385-902e6658689d/omNode-1/ratis] (custom)
2025-04-23 15:47:17,738 [main] INFO  server.RaftServerConfigKeys (ConfUtils.java:logGet(46)) - raft.server.threadpool.proxy.cached = true (default)
2025-04-23 15:47:17,738 [main] INFO  server.RaftServerConfigKeys (ConfUtils.java:logGet(46)) - raft.server.threadpool.proxy.size = 0 (default)
2025-04-23 15:47:17,738 [main] INFO  server.RaftServer (RaftServerProxy.java:addNew(100)) - omNode-1: addNew group-523986131536:[omNode-3|localhost:15059, omNode-1|localhost:15051, omNode-2|localhost:15055] returns group-523986131536:java.util.concurrent.CompletableFuture@4f051024[Not completed]
2025-04-23 15:47:17,738 [main] INFO  om.OzoneManager (OzoneManager.java:initializeRatisServer(2303)) - OzoneManager Ratis server initialized at port 15051
2025-04-23 15:47:17,738 [omNode-1-groupManagement] INFO  server.RaftServer$Division (RaftServerImpl.java:<init>(255)) - omNode-1: new RaftServerImpl for group-523986131536:[omNode-3|localhost:15059, omNode-1|localhost:15051, omNode-2|localhost:15055] with OzoneManagerStateMachine:uninitialized
2025-04-23 15:47:17,739 [omNode-1-groupManagement] INFO  server.RaftServerConfigKeys (ConfUtils.java:logGet(46)) - raft.server.rpc.timeout.min = 1s (custom)
2025-04-23 15:47:17,739 [main] INFO  om.OzoneManager (OzoneManager.java:getRpcServer(1360)) - Creating RPC Server
2025-04-23 15:47:17,739 [omNode-1-groupManagement] INFO  server.RaftServerConfigKeys (ConfUtils.java:logGet(46)) - raft.server.rpc.timeout.max = 1200ms (custom)
2025-04-23 15:47:17,739 [omNode-1-groupManagement] INFO  server.RaftServerConfigKeys (ConfUtils.java:logGet(46)) - raft.server.rpc.sleep.time = 25ms (default)
2025-04-23 15:47:17,739 [omNode-1-groupManagement] INFO  server.RaftServerConfigKeys (ConfUtils.java:logGet(46)) - raft.server.rpc.slowness.timeout = 2s (custom)
2025-04-23 15:47:17,739 [omNode-1-groupManagement] INFO  server.RaftServerConfigKeys (ConfUtils.java:logGet(46)) - raft.server.leaderelection.leader.step-down.wait-time = 10s (default)
2025-04-23 15:47:17,739 [omNode-1-groupManagement] INFO  server.RaftServerConfigKeys (ConfUtils.java:logGet(46)) - raft.server.leaderelection.member.majority-add = false (default)
2025-04-23 15:47:17,739 [omNode-1-groupManagement] INFO  server.RaftServerConfigKeys (ConfUtils.java:logGet(46)) - raft.server.sleep.deviation.threshold = 300ms (default)
2025-04-23 15:47:17,739 [omNode-1-groupManagement] INFO  server.RaftServer$Division (ServerState.java:<init>(114)) - omNode-1@group-523986131536: ConfigurationManager, init=conf: {index: -1, cur=peers:[omNode-3|localhost:15059, omNode-1|localhost:15051, omNode-2|localhost:15055]|listeners:[], old=null}, confs=<EMPTY_MAP>
2025-04-23 15:47:17,739 [omNode-1-groupManagement] INFO  server.RaftServerConfigKeys (ConfUtils.java:logGet(46)) - raft.server.notification.no-leader.timeout = 2s (custom)
2025-04-23 15:47:17,739 [omNode-1-groupManagement] INFO  server.RaftServerConfigKeys (ConfUtils.java:logGet(46)) - raft.server.read.timeout = 10s (default)
2025-04-23 15:47:17,739 [omNode-1-groupManagement] INFO  server.RaftServerConfigKeys (ConfUtils.java:logGet(46)) - raft.server.retrycache.expirytime = 30000ms (custom)
2025-04-23 15:47:17,739 [omNode-1-groupManagement] INFO  server.RaftServerConfigKeys (ConfUtils.java:logGet(46)) - raft.server.retrycache.statistics.expirytime = 100ms (default)
2025-04-23 15:47:17,739 [omNode-1-groupManagement] INFO  server.RaftServerConfigKeys (ConfUtils.java:logGet(46)) - raft.server.read.option = DEFAULT (default)
2025-04-23 15:47:17,739 [omNode-1-groupManagement] INFO  server.RaftServerConfigKeys (ConfUtils.java:logGet(46)) - raft.server.read.read-after-write-consistent.write-index-cache.expiry-time = 60s (default)
2025-04-23 15:47:17,740 [omNode-1-groupManagement] INFO  server.RaftServerConfigKeys (ConfUtils.java:logGet(46)) - raft.server.rpc.request.timeout = 3000ms (default)
2025-04-23 15:47:17,741 [omNode-1-groupManagement] INFO  server.RaftServerConfigKeys (ConfUtils.java:logGet(46)) - raft.server.log.appender.install.snapshot.enabled = false (custom)
2025-04-23 15:47:17,741 [omNode-1-groupManagement] INFO  server.RaftServerConfigKeys (ConfUtils.java:logGet(46)) - raft.server.threadpool.server.cached = true (default)
2025-04-23 15:47:17,741 [omNode-1-groupManagement] INFO  server.RaftServerConfigKeys (ConfUtils.java:logGet(46)) - raft.server.threadpool.server.size = 0 (default)
2025-04-23 15:47:17,741 [omNode-1-groupManagement] INFO  server.RaftServerConfigKeys (ConfUtils.java:logGet(46)) - raft.server.threadpool.client.cached = true (default)
2025-04-23 15:47:17,741 [omNode-1-groupManagement] INFO  server.RaftServerConfigKeys (ConfUtils.java:logGet(46)) - raft.server.threadpool.client.size = 0 (default)
2025-04-23 15:47:18,138 [main] INFO  reflections.Reflections (Reflections.java:scan(219)) - Reflections took 399 ms to scan 22 urls, producing 61 keys and 7422 values
2025-04-23 15:47:18,140 [main] INFO  ipc.CallQueueManager (CallQueueManager.java:<init>(93)) - Using callQueue: class java.util.concurrent.LinkedBlockingQueue, queueCapacity: 2000, scheduler: class org.apache.hadoop.ipc.DefaultRpcScheduler, ipcBackoff: false, ipcFailOver: false.
2025-04-23 15:47:18,140 [main] INFO  ipc.Server (Server.java:<init>(1438)) - Listener at 127.0.0.1:15048
2025-04-23 15:47:18,141 [Socket Reader #1 for port 15048] INFO  ipc.Server (Server.java:run(1474)) - Starting Socket Reader #1 for port 15048
2025-04-23 15:47:18,141 [Socket Reader #2 for port 15048] INFO  ipc.Server (Server.java:run(1474)) - Starting Socket Reader #2 for port 15048
2025-04-23 15:47:18,141 [Socket Reader #3 for port 15048] INFO  ipc.Server (Server.java:run(1474)) - Starting Socket Reader #3 for port 15048
2025-04-23 15:47:18,141 [Socket Reader #4 for port 15048] INFO  ipc.Server (Server.java:run(1474)) - Starting Socket Reader #4 for port 15048
2025-04-23 15:47:18,141 [Socket Reader #5 for port 15048] INFO  ipc.Server (Server.java:run(1474)) - Starting Socket Reader #5 for port 15048
2025-04-23 15:47:18,141 [Socket Reader #6 for port 15048] INFO  ipc.Server (Server.java:run(1474)) - Starting Socket Reader #6 for port 15048
2025-04-23 15:47:18,142 [Socket Reader #7 for port 15048] INFO  ipc.Server (Server.java:run(1474)) - Starting Socket Reader #7 for port 15048
2025-04-23 15:47:18,142 [Socket Reader #8 for port 15048] INFO  ipc.Server (Server.java:run(1474)) - Starting Socket Reader #8 for port 15048
2025-04-23 15:47:18,142 [Socket Reader #9 for port 15048] INFO  ipc.Server (Server.java:run(1474)) - Starting Socket Reader #9 for port 15048
2025-04-23 15:47:18,142 [Socket Reader #10 for port 15048] INFO  ipc.Server (Server.java:run(1474)) - Starting Socket Reader #10 for port 15048
2025-04-23 15:47:18,162 [main] INFO  impl.MetricsSystemImpl (MetricsSystemImpl.java:init(158)) - OzoneManager metrics system started (again)
2025-04-23 15:47:18,171 [main] INFO  om.OzoneManager (OzoneManager.java:start(1787)) - OzoneManager RPC server is listening at localhost/127.0.0.1:15048
2025-04-23 15:47:18,171 [main] INFO  ratis.OzoneManagerRatisServer (OzoneManagerRatisServer.java:start(628)) - Starting OzoneManagerRatisServer omNode-1 at port 15051
2025-04-23 15:47:18,171 [omNode-1-impl-thread1] INFO  server.RaftServerConfigKeys (ConfUtils.java:logGet(46)) - raft.server.storage.free-space.min = 0MB (=0) (default)
2025-04-23 15:47:18,171 [omNode-1-impl-thread1] INFO  server.RaftServerConfigKeys (ConfUtils.java:logGet(46)) - raft.server.log.corruption.policy = EXCEPTION (default)
2025-04-23 15:47:18,171 [omNode-1-impl-thread1] INFO  server.RaftServerConfigKeys (ConfUtils.java:logGet(46)) - raft.server.storage.dir = [/home/runner/work/ozone/ozone/hadoop-ozone/integration-test/target/test-dir/MiniOzoneClusterImpl-11ed033c-ec90-4580-9385-902e6658689d/omNode-1/ratis] (custom)
2025-04-23 15:47:18,172 [omNode-1-impl-thread1] INFO  storage.RaftStorageDirectory (RaftStorageDirectoryImpl.java:analyzeStorage(138)) - The storage directory /home/runner/work/ozone/ozone/hadoop-ozone/integration-test/target/test-dir/MiniOzoneClusterImpl-11ed033c-ec90-4580-9385-902e6658689d/omNode-1/ratis/c9bc4cf4-3bc3-3c60-a66b-523986131536 does not exist. Creating ...
2025-04-23 15:47:18,173 [omNode-1-impl-thread1] INFO  storage.RaftStorageDirectory (RaftStorageDirectoryImpl.java:tryLock(229)) - Lock on /home/runner/work/ozone/ozone/hadoop-ozone/integration-test/target/test-dir/MiniOzoneClusterImpl-11ed033c-ec90-4580-9385-902e6658689d/omNode-1/ratis/c9bc4cf4-3bc3-3c60-a66b-523986131536/in_use.lock acquired by nodename 129659@fv-az1337-835
2025-04-23 15:47:18,174 [omNode-1-impl-thread1] INFO  storage.RaftStorage (RaftStorageImpl.java:format(98)) - Storage directory /home/runner/work/ozone/ozone/hadoop-ozone/integration-test/target/test-dir/MiniOzoneClusterImpl-11ed033c-ec90-4580-9385-902e6658689d/omNode-1/ratis/c9bc4cf4-3bc3-3c60-a66b-523986131536 has been successfully formatted.
2025-04-23 15:47:18,174 [omNode-1-impl-thread1] INFO  ratis.OzoneManagerStateMachine (OzoneManagerStateMachine.java:lambda$0(138)) - omNode-1: initialize group-523986131536 with (t:0, i:~)
2025-04-23 15:47:18,175 [omNode-1-impl-thread1] INFO  server.RaftServerConfigKeys (ConfUtils.java:logGet(46)) - raft.server.log.use.memory = false (default)
2025-04-23 15:47:18,175 [omNode-1-impl-thread1] INFO  server.RaftServerConfigKeys (ConfUtils.java:logGet(46)) - raft.server.log.purge.gap = 50 (custom)
2025-04-23 15:47:18,175 [omNode-1-impl-thread1] INFO  server.RaftServerConfigKeys (ConfUtils.java:logGet(46)) - raft.server.log.appender.buffer.byte-limit = 4194304 (custom)
2025-04-23 15:47:18,175 [omNode-1-impl-thread1] INFO  server.RaftServerConfigKeys (ConfUtils.java:logGet(46)) - raft.server.log.statemachine.data.read.timeout = 1000ms (default)
2025-04-23 15:47:18,175 [omNode-1-impl-thread1] INFO  server.RaftServerConfigKeys (ConfUtils.java:logGet(46)) - raft.server.log.purge.preservation.log.num = 0 (default)
2025-04-23 15:47:18,175 [omNode-1-impl-thread1] INFO  server.RaftServerConfigKeys (ConfUtils.java:logGet(46)) - raft.server.log.segment.size.max = 4194304 (custom)
2025-04-23 15:47:18,175 [omNode-1-impl-thread1] INFO  server.RaftServerConfigKeys (ConfUtils.java:logGet(46)) - raft.server.log.segment.cache.num.max = 2 (custom)
2025-04-23 15:47:18,176 [omNode-1-impl-thread1] INFO  server.RaftServerConfigKeys (ConfUtils.java:logGet(46)) - raft.server.log.segment.cache.size.max = 200MB (=209715200) (default)
2025-04-23 15:47:18,176 [omNode-1-impl-thread1] INFO  server.RaftServerConfigKeys (ConfUtils.java:logGet(46)) - raft.server.log.appender.buffer.byte-limit = 4194304 (custom)
2025-04-23 15:47:18,176 [omNode-1-impl-thread1] INFO  util.AwaitToRun (AwaitToRun.java:start(81)) - Thread[#8443,omNode-1@group-523986131536-cacheEviction-AwaitToRun,5,main] started
2025-04-23 15:47:18,176 [omNode-1-impl-thread1] INFO  segmented.SegmentedRaftLogWorker (SegmentedRaftLogWorker.java:<init>(188)) - new omNode-1@group-523986131536-SegmentedRaftLogWorker for RaftStorageImpl:Storage Directory /home/runner/work/ozone/ozone/hadoop-ozone/integration-test/target/test-dir/MiniOzoneClusterImpl-11ed033c-ec90-4580-9385-902e6658689d/omNode-1/ratis/c9bc4cf4-3bc3-3c60-a66b-523986131536
2025-04-23 15:47:18,176 [omNode-1-impl-thread1] INFO  server.RaftServerConfigKeys (ConfUtils.java:logGet(46)) - raft.server.log.queue.byte-limit = 64MB (=67108864) (default)
2025-04-23 15:47:18,176 [omNode-1-impl-thread1] INFO  server.RaftServerConfigKeys (ConfUtils.java:logGet(46)) - raft.server.log.queue.element-limit = 4096 (default)
2025-04-23 15:47:18,176 [omNode-1-impl-thread1] INFO  server.RaftServerConfigKeys (ConfUtils.java:logGet(46)) - raft.server.log.segment.size.max = 4194304 (custom)
2025-04-23 15:47:18,176 [omNode-1-impl-thread1] INFO  server.RaftServerConfigKeys (ConfUtils.java:logGet(46)) - raft.server.log.preallocated.size = 4194304 (custom)
2025-04-23 15:47:18,176 [omNode-1-impl-thread1] INFO  server.RaftServerConfigKeys (ConfUtils.java:logGet(46)) - raft.server.log.force.sync.num = 128 (default)
2025-04-23 15:47:18,176 [omNode-1-impl-thread1] INFO  server.RaftServerConfigKeys (ConfUtils.java:logGet(46)) - raft.server.log.statemachine.data.sync = true (default)
2025-04-23 15:47:18,176 [omNode-1-impl-thread1] INFO  server.RaftServerConfigKeys (ConfUtils.java:logGet(46)) - raft.server.log.statemachine.data.sync.timeout = 10s (default)
2025-04-23 15:47:18,176 [omNode-1-impl-thread1] INFO  server.RaftServerConfigKeys (ConfUtils.java:logGet(46)) - raft.server.log.statemachine.data.sync.timeout.retry = -1 (default)
2025-04-23 15:47:18,176 [omNode-1-impl-thread1] INFO  server.RaftServerConfigKeys (ConfUtils.java:logGet(46)) - raft.server.log.write.buffer.size = 4194312 (custom)
2025-04-23 15:47:18,177 [omNode-1-impl-thread1] INFO  server.RaftServerConfigKeys (ConfUtils.java:logGet(46)) - raft.server.log.appender.buffer.byte-limit = 4194304 (custom)
2025-04-23 15:47:18,177 [omNode-1-impl-thread1] INFO  server.RaftServerConfigKeys (ConfUtils.java:logGet(46)) - raft.server.log.unsafe-flush.enabled = false (default)
2025-04-23 15:47:18,177 [omNode-1-impl-thread1] INFO  server.RaftServerConfigKeys (ConfUtils.java:logGet(46)) - raft.server.log.async-flush.enabled = false (default)
2025-04-23 15:47:18,177 [omNode-1-impl-thread1] INFO  server.RaftServerConfigKeys (ConfUtils.java:logGet(46)) - raft.server.log.statemachine.data.caching.enabled = false (default)
2025-04-23 15:47:18,177 [omNode-1-impl-thread1] INFO  segmented.SegmentedRaftLogWorker (SegmentedRaftLogWorker.java:lambda$new$0(139)) - omNode-1@group-523986131536-SegmentedRaftLogWorker: flushIndex: setUnconditionally 0 -> -1
2025-04-23 15:47:18,178 [omNode-1-impl-thread1] INFO  segmented.SegmentedRaftLogWorker (SegmentedRaftLogWorker.java:lambda$new$0(139)) - omNode-1@group-523986131536-SegmentedRaftLogWorker: safeCacheEvictIndex: setUnconditionally 0 -> -1
2025-04-23 15:47:18,178 [omNode-1-impl-thread1] INFO  server.RaftServer$Division (RaftServerImpl.java:start(391)) - omNode-1@group-523986131536: start as a follower, conf=conf: {index: -1, cur=peers:[omNode-3|localhost:15059, omNode-1|localhost:15051, omNode-2|localhost:15055]|listeners:[], old=null}
2025-04-23 15:47:18,178 [omNode-1-impl-thread1] INFO  server.RaftServer$Division (RaftServerImpl.java:setRole(378)) - omNode-1@group-523986131536: changes role from      null to FOLLOWER at term 0 for startAsFollower
2025-04-23 15:47:18,178 [omNode-1-impl-thread1] INFO  impl.RoleInfo (RoleInfo.java:updateAndGet(148)) - omNode-1: start omNode-1@group-523986131536-FollowerState
2025-04-23 15:47:18,178 [omNode-1-impl-thread1] INFO  util.JmxRegister (JmxRegister.java:tryRegister(44)) - Successfully registered JMX Bean with object name Ratis:service=RaftServer,group=group-523986131536,id=omNode-1
2025-04-23 15:47:18,178 [omNode-1-impl-thread1] INFO  util.JmxRegister (JmxRegister.java:register(58)) - register mxBean class org.apache.ratis.server.impl.RaftServerJmxAdapter as Ratis:service=RaftServer,group=group-523986131536,id=omNode-1
2025-04-23 15:47:18,178 [omNode-1@group-523986131536-FollowerState] INFO  server.RaftServerConfigKeys (ConfUtils.java:logFallback(53)) - raft.server.rpc.first-election.timeout.min = 1s (fallback to raft.server.rpc.timeout.min)
2025-04-23 15:47:18,178 [omNode-1-impl-thread1] INFO  server.RaftServerConfigKeys (ConfUtils.java:logGet(46)) - raft.server.snapshot.trigger-when-stop.enabled = true (default)
2025-04-23 15:47:18,178 [omNode-1@group-523986131536-FollowerState] INFO  server.RaftServerConfigKeys (ConfUtils.java:logFallback(53)) - raft.server.rpc.first-election.timeout.max = 1200ms (fallback to raft.server.rpc.timeout.max)
2025-04-23 15:47:18,178 [omNode-1-impl-thread1] INFO  server.RaftServerConfigKeys (ConfUtils.java:logGet(46)) - raft.server.snapshot.trigger-when-remove.enabled = true (default)
2025-04-23 15:47:18,179 [omNode-1-impl-thread1] INFO  server.RaftServerConfigKeys (ConfUtils.java:logGet(46)) - raft.server.snapshot.auto.trigger.enabled = true (custom)
2025-04-23 15:47:18,179 [omNode-1-impl-thread1] INFO  server.RaftServerConfigKeys (ConfUtils.java:logGet(46)) - raft.server.snapshot.auto.trigger.threshold = 50 (custom)
2025-04-23 15:47:18,179 [omNode-1-impl-thread1] INFO  server.RaftServerConfigKeys (ConfUtils.java:logGet(46)) - raft.server.snapshot.retention.file.num = -1 (default)
2025-04-23 15:47:18,179 [omNode-1-impl-thread1] INFO  server.RaftServerConfigKeys (ConfUtils.java:logGet(46)) - raft.server.log.purge.upto.snapshot.index = true (custom)
2025-04-23 15:47:18,179 [omNode-1-impl-thread1] INFO  server.RaftServer$Division (RaftServerImpl.java:start(405)) - omNode-1@group-523986131536: Successfully started.
2025-04-23 15:47:18,179 [main] INFO  server.RaftServer (RaftServerProxy.java:startImpl(407)) - omNode-1: start RPC server
2025-04-23 15:47:18,180 [main] INFO  server.GrpcService (GrpcService.java:startImpl(334)) - omNode-1: GrpcService started, listening on 15051
2025-04-23 15:47:18,180 [JvmPauseMonitor43] INFO  util.JvmPauseMonitor (JvmPauseMonitor.java:run(146)) - JvmPauseMonitor-omNode-1: Started
2025-04-23 15:47:18,180 [main] INFO  om.OzoneManager (OzoneManager.java:start(1802)) - Version File has different layout version (8) than OM DB (null). That is expected if this OM has never been finalized to a newer layout version.
2025-04-23 15:47:18,184 [main] INFO  client.ScmTopologyClient (ScmTopologyClient.java:start(70)) - Initial network topology fetched from SCM: /.
2025-04-23 15:47:18,184 [main] INFO  net.NodeSchemaLoader (NodeSchemaLoader.java:loadSchemaFromFile(127)) - Loading schema from [jar:file:/home/runner/work/ozone/ozone/hadoop-hdds/common/target/hdds-common-2.1.0-SNAPSHOT.jar!/network-topology-default.xml]
2025-04-23 15:47:18,184 [main] INFO  net.NodeSchemaLoader (NodeSchemaLoader.java:loadSchema(174)) - Loading network topology layer schema file
2025-04-23 15:47:18,190 [main] INFO  http.BaseHttpServer (BaseHttpServer.java:newHttpServer2BuilderForOzone(229)) - Starting Web-server for ozoneManager at: http://0.0.0.0:15049
2025-04-23 15:47:18,190 [main] INFO  http.BaseHttpServer (BaseHttpServer.java:<init>(107)) - Hadoop Security Enabled: false Ozone Security Enabled: false Ozone HTTP Security Enabled: false 
2025-04-23 15:47:18,191 [main] WARN  server.AuthenticationFilter (AuthenticationFilter.java:constructSecretProvider(240)) - Unable to initialize FileSignerSecretProvider, falling back to use random secrets. Reason: Could not read signature secret file: /home/runner/hadoop-http-auth-signature-secret
2025-04-23 15:47:18,193 [main] INFO  http.HttpServer2 (HttpServer2.java:addGlobalFilter(1041)) - Added global filter 'safety' (class=org.apache.hadoop.hdds.server.http.HttpServer2$QuotingInputFilter)
2025-04-23 15:47:18,194 [main] INFO  http.HttpServer2 (HttpServer2.java:addFilter(1017)) - Added filter static_user_filter (class=org.apache.hadoop.http.lib.StaticUserWebFilter$StaticUserFilter) to context ozoneManager
2025-04-23 15:47:18,194 [main] INFO  http.HttpServer2 (HttpServer2.java:addFilter(1025)) - Added filter static_user_filter (class=org.apache.hadoop.http.lib.StaticUserWebFilter$StaticUserFilter) to context static
2025-04-23 15:47:18,194 [main] INFO  http.HttpServer2 (HttpServer2.java:addFilter(1025)) - Added filter static_user_filter (class=org.apache.hadoop.http.lib.StaticUserWebFilter$StaticUserFilter) to context logs
2025-04-23 15:47:18,194 [main] INFO  http.BaseHttpServer (BaseHttpServer.java:<init>(195)) - HTTP server of ozoneManager uses base directory /home/runner/work/ozone/ozone/hadoop-ozone/integration-test/target/test-dir/MiniOzoneClusterImpl-11ed033c-ec90-4580-9385-902e6658689d/omNode-1/webserver
2025-04-23 15:47:18,195 [main] INFO  http.HttpServer2 (HttpServer2.java:bindListener(1241)) - Jetty bound to port 15049
2025-04-23 15:47:18,195 [main] INFO  server.Server (Server.java:doStart(375)) - jetty-9.4.57.v20241219; built: 2025-01-08T21:24:30.412Z; git: df524e6b29271c2e09ba9aea83c18dc9db464a31; jvm 21.0.7+6-LTS
2025-04-23 15:47:18,196 [main] INFO  server.session (DefaultSessionIdManager.java:doStart(334)) - DefaultSessionIdManager workerName=node0
2025-04-23 15:47:18,196 [main] INFO  server.session (DefaultSessionIdManager.java:doStart(339)) - No SessionScavenger set, using defaults
2025-04-23 15:47:18,196 [main] INFO  server.session (HouseKeeper.java:startScavenging(132)) - node0 Scavenging every 660000ms
2025-04-23 15:47:18,197 [main] INFO  handler.ContextHandler (ContextHandler.java:doStart(921)) - Started o.e.j.s.ServletContextHandler@5bea1561{logs,/logs,file:///home/runner/work/ozone/ozone/hadoop-ozone/integration-test/target/log,AVAILABLE}
2025-04-23 15:47:18,197 [main] INFO  handler.ContextHandler (ContextHandler.java:doStart(921)) - Started o.e.j.s.ServletContextHandler@5b1a7e39{static,/static,file:///home/runner/work/ozone/ozone/hadoop-ozone/integration-test/target/test-classes/webapps/static,AVAILABLE}
2025-04-23 15:47:18,201 [main] INFO  handler.ContextHandler (ContextHandler.java:doStart(921)) - Started o.e.j.w.WebAppContext@723459bf{ozoneManager,/,file:///home/runner/work/ozone/ozone/hadoop-ozone/integration-test/target/test-classes/webapps/ozoneManager/,AVAILABLE}{file:/home/runner/work/ozone/ozone/hadoop-ozone/integration-test/target/test-classes/webapps/ozoneManager}
2025-04-23 15:47:18,201 [main] INFO  server.AbstractConnector (AbstractConnector.java:doStart(333)) - Started ServerConnector@3a4459c5{HTTP/1.1, (http/1.1)}{0.0.0.0:15049}
2025-04-23 15:47:18,201 [main] INFO  server.Server (Server.java:doStart(415)) - Started @173183ms
2025-04-23 15:47:18,201 [main] WARN  impl.MetricsSystemImpl (MetricsSystemImpl.java:register(279)) - Sink prometheus already exists!
2025-04-23 15:47:18,202 [main] INFO  http.BaseHttpServer (BaseHttpServer.java:updateConnectorAddress(360)) - HTTP server of ozoneManager listening at http://0.0.0.0:15049
2025-04-23 15:47:18,202 [IPC Server Responder] INFO  ipc.Server (Server.java:run(1713)) - IPC Server Responder: starting
2025-04-23 15:47:18,202 [IPC Server listener on 15048] INFO  ipc.Server (Server.java:run(1553)) - IPC Server listener on 15048: starting
2025-04-23 15:47:18,204 [main] INFO  om.OzoneManager (OzoneManager.java:startTrashEmptier(2257)) - Trash Interval set to 0. Files deleted won't move to trash
2025-04-23 15:47:18,206 [main] INFO  ozone.MiniOzoneHAClusterImpl (MiniOzoneHAClusterImpl.java:createOMService(516)) - Started OzoneManager omNode-1 RPC server at localhost/127.0.0.1:15048
2025-04-23 15:47:18,206 [main] INFO  ha.OMHANodeDetails (OMHANodeDetails.java:loadOMHAConfig(120)) - ServiceID for OzoneManager is om-service-test1
2025-04-23 15:47:18,206 [main] INFO  ha.OMHANodeDetails (OMHANodeDetails.java:loadOMHAConfig(200)) - Found matching OM address with OMServiceId: om-service-test1, OMNodeId: omNode-2, RPC Address: localhost:15052 and Ratis port: 15055
2025-04-23 15:47:18,207 [main] INFO  ha.OMHANodeDetails (ConfUtils.java:setNodeSpecificConfigs(98)) - Setting configuration key ozone.om.http-address with value of key ozone.om.http-address.om-service-test1.omNode-2: 127.0.0.1:15053
2025-04-23 15:47:18,207 [main] INFO  ha.OMHANodeDetails (ConfUtils.java:setNodeSpecificConfigs(98)) - Setting configuration key ozone.om.https-address with value of key ozone.om.https-address.om-service-test1.omNode-2: 127.0.0.1:15054
2025-04-23 15:47:18,207 [main] INFO  ha.OMHANodeDetails (ConfUtils.java:setNodeSpecificConfigs(98)) - Setting configuration key ozone.om.address with value of key ozone.om.address.om-service-test1.omNode-2: 127.0.0.1:15052
2025-04-23 15:47:18,207 [main] WARN  server.ServerUtils (ServerUtils.java:getDBPath(297)) - ozone.om.db.dirs is not configured. We recommend adding this setting. Falling back to ozone.metadata.dirs instead.
2025-04-23 15:47:18,208 [main] INFO  proxy.SCMBlockLocationFailoverProxyProvider (SCMFailoverProxyProviderBase.java:<init>(120)) - Created fail-over proxy for protocol ScmBlockLocationProtocolPB with 1 nodes: [nodeId=scmNodeId,nodeAddress=/0.0.0.0:15043]
OM initialization succeeded.Current cluster id for sd=/home/runner/work/ozone/ozone/hadoop-ozone/integration-test/target/test-dir/MiniOzoneClusterImpl-11ed033c-ec90-4580-9385-902e6658689d/omNode-2/om;cid=11ed033c-ec90-4580-9385-902e6658689d;layoutVersion=8
2025-04-23 15:47:18,213 [main] INFO  ha.OMHANodeDetails (OMHANodeDetails.java:loadOMHAConfig(120)) - ServiceID for OzoneManager is om-service-test1
2025-04-23 15:47:18,213 [main] INFO  ha.OMHANodeDetails (OMHANodeDetails.java:loadOMHAConfig(200)) - Found matching OM address with OMServiceId: om-service-test1, OMNodeId: omNode-2, RPC Address: localhost:15052 and Ratis port: 15055
2025-04-23 15:47:18,213 [main] INFO  ha.OMHANodeDetails (ConfUtils.java:setNodeSpecificConfigs(98)) - Setting configuration key ozone.om.http-address with value of key ozone.om.http-address.om-service-test1.omNode-2: 127.0.0.1:15053
2025-04-23 15:47:18,213 [main] INFO  ha.OMHANodeDetails (ConfUtils.java:setNodeSpecificConfigs(98)) - Setting configuration key ozone.om.https-address with value of key ozone.om.https-address.om-service-test1.omNode-2: 127.0.0.1:15054
2025-04-23 15:47:18,213 [main] INFO  ha.OMHANodeDetails (ConfUtils.java:setNodeSpecificConfigs(98)) - Setting configuration key ozone.om.address with value of key ozone.om.address.om-service-test1.omNode-2: 127.0.0.1:15052
2025-04-23 15:47:18,214 [main] WARN  server.ServerUtils (ServerUtils.java:getDBPath(297)) - ozone.om.db.dirs is not configured. We recommend adding this setting. Falling back to ozone.metadata.dirs instead.
2025-04-23 15:47:18,215 [main] INFO  upgrade.AbstractLayoutVersionManager (AbstractLayoutVersionManager.java:init(80)) - Initializing Layout version manager with metadata layout = DELEGATION_TOKEN_SYMMETRIC_SIGN (version = 8), software layout = DELEGATION_TOKEN_SYMMETRIC_SIGN (version = 8)
2025-04-23 15:47:18,270 [main] INFO  reflections.Reflections (Reflections.java:scan(219)) - Reflections took 55 ms to scan 2 urls, producing 203 keys and 603 values
2025-04-23 15:47:18,270 [main] INFO  upgrade.OMLayoutVersionManager (OMLayoutVersionManager.java:lambda$0(110)) - Skipping Upgrade Action QuotaRepairUpgradeAction since it has been finalized.
2025-04-23 15:47:18,270 [main] INFO  upgrade.OMLayoutVersionManager (OMLayoutVersionManager.java:lambda$0(110)) - Skipping Upgrade Action MockOmUpgradeAction since it has been finalized.
2025-04-23 15:47:18,271 [main] WARN  server.ServerUtils (ServerUtils.java:getDBPath(297)) - ozone.om.db.dirs is not configured. We recommend adding this setting. Falling back to ozone.metadata.dirs instead.
2025-04-23 15:47:18,271 [main] INFO  om.OzoneManager (OzoneManager.java:setReplicationFromConfig(4612)) - Set default replication in OM: RATIS/3 -> RATIS/THREE
2025-04-23 15:47:18,271 [main] INFO  proxy.SCMContainerLocationFailoverProxyProvider (SCMFailoverProxyProviderBase.java:<init>(120)) - Created fail-over proxy for protocol StorageContainerLocationProtocolPB with 1 nodes: [nodeId=scmNodeId,nodeAddress=/0.0.0.0:15042]
2025-04-23 15:47:18,272 [main] INFO  proxy.SCMBlockLocationFailoverProxyProvider (SCMFailoverProxyProviderBase.java:<init>(120)) - Created fail-over proxy for protocol ScmBlockLocationProtocolPB with 1 nodes: [nodeId=scmNodeId,nodeAddress=/0.0.0.0:15043]
2025-04-23 15:47:18,273 [main] INFO  proxy.SCMBlockLocationFailoverProxyProvider (SCMFailoverProxyProviderBase.java:<init>(120)) - Created fail-over proxy for protocol ScmBlockLocationProtocolPB with 1 nodes: [nodeId=scmNodeId,nodeAddress=/0.0.0.0:15043]
2025-04-23 15:47:18,276 [main] INFO  om.OzoneManager (OzoneManager.java:<init>(689)) - OM start with adminUsers: [*, runner]
2025-04-23 15:47:18,276 [main] WARN  server.ServerUtils (ServerUtils.java:getDBPath(297)) - ozone.om.db.dirs is not configured. We recommend adding this setting. Falling back to ozone.metadata.dirs instead.
2025-04-23 15:47:18,415 [main] INFO  om.OzoneManager (OzoneManager.java:instantiateServices(933)) - S3 Multi-Tenancy is disabled
2025-04-23 15:47:18,416 [main] INFO  om.OmSnapshotManager (OmSnapshotManager.java:<init>(180)) - Ozone filesystem snapshot feature is enabled.
2025-04-23 15:47:18,416 [main] WARN  server.ServerUtils (ServerUtils.java:getDBPath(297)) - ozone.om.snapshot.diff.db.dir is not configured. We recommend adding this setting. Falling back to ozone.metadata.dirs instead.
2025-04-23 15:47:18,439 [main] INFO  om.OzoneManager (OzoneManager.java:addS3GVolumeToDB(4670)) - Created Volume s3v With Owner runner required for S3Gateway operations.
2025-04-23 15:47:18,439 [main] WARN  server.ServerUtils (ServerUtils.java:getDefaultRatisDirectory(309)) - Storage directory for Ratis is not configured. It is a good idea to map this to an SSD disk. Falling back to ozone.metadata.dirs
2025-04-23 15:47:18,439 [main] WARN  utils.OzoneManagerRatisUtils (OzoneManagerRatisUtils.java:getOMRatisSnapshotDirectory(488)) - ozone.om.ratis.snapshot.dir is not configured. Falling back to ozone.metadata.dirs config
2025-04-23 15:47:18,439 [main] INFO  utils.RDBSnapshotProvider (RDBSnapshotProvider.java:init(85)) - Cleaning up the candidate dir: /home/runner/work/ozone/ozone/hadoop-ozone/integration-test/target/test-dir/MiniOzoneClusterImpl-11ed033c-ec90-4580-9385-902e6658689d/omNode-2/snapshot/om.db.candidate
2025-04-23 15:47:18,439 [main] INFO  ratis_snapshot.OmRatisSnapshotProvider (OmRatisSnapshotProvider.java:<init>(98)) - Initializing OM Snapshot Provider
2025-04-23 15:47:18,441 [main] WARN  dropwizard3.Dm3MetricRegistriesImpl (Dm3MetricRegistriesImpl.java:addReporterRegistration(114)) - New reporters are added after registries were created. Some metrics will be missing from the reporter. Please add reporter before adding any new registry.
2025-04-23 15:47:18,441 [main] WARN  dropwizard3.Dm3MetricRegistriesImpl (Dm3MetricRegistriesImpl.java:addReporterRegistration(114)) - New reporters are added after registries were created. Some metrics will be missing from the reporter. Please add reporter before adding any new registry.
2025-04-23 15:47:18,441 [main] WARN  server.ServerUtils (ServerUtils.java:getDefaultRatisDirectory(309)) - Storage directory for Ratis is not configured. It is a good idea to map this to an SSD disk. Falling back to ozone.metadata.dirs
2025-04-23 15:47:18,441 [main] INFO  server.RaftServerConfigKeys (ConfUtils.java:logGet(46)) - raft.server.log.appender.buffer.byte-limit = 4194304 (custom)
2025-04-23 15:47:18,442 [main] INFO  ratis.OzoneManagerRatisServer (OzoneManagerRatisServer.java:<init>(167)) - Instantiating OM Ratis server with groupID: om-service-test1 and peers: localhost:15055, localhost:15059, localhost:15051
2025-04-23 15:47:18,442 [main] INFO  ratis.OzoneManagerStateMachine (OzoneManagerStateMachine.java:loadSnapshotInfoFromDB(613)) - TransactionInfo not found in OM DB.
2025-04-23 15:47:18,443 [main] INFO  server.RaftServer (ConfUtils.java:logGet(46)) - raft.rpc.type = GRPC (default)
2025-04-23 15:47:18,443 [main] INFO  grpc.GrpcConfigKeys (ConfUtils.java:logFallback(53)) - raft.grpc.admin.host = null (fallback to raft.grpc.server.host)
2025-04-23 15:47:18,443 [main] INFO  grpc.GrpcConfigKeys (ConfUtils.java:logFallback(53)) - raft.grpc.admin.port = 15055 (fallback to raft.grpc.server.port)
2025-04-23 15:47:18,443 [main] INFO  grpc.GrpcConfigKeys (ConfUtils.java:logFallback(53)) - raft.grpc.client.host = null (fallback to raft.grpc.server.host)
2025-04-23 15:47:18,443 [main] INFO  grpc.GrpcConfigKeys (ConfUtils.java:logFallback(53)) - raft.grpc.client.port = 15055 (fallback to raft.grpc.server.port)
2025-04-23 15:47:18,443 [main] INFO  grpc.GrpcConfigKeys (ConfUtils.java:logGet(46)) - raft.grpc.server.host = null (default)
2025-04-23 15:47:18,443 [main] INFO  grpc.GrpcConfigKeys (ConfUtils.java:logGet(46)) - raft.grpc.server.port = 15055 (custom)
2025-04-23 15:47:18,443 [main] INFO  server.GrpcService (ConfUtils.java:logGet(46)) - raft.grpc.message.size.max = 5242880 (custom)
2025-04-23 15:47:18,443 [main] INFO  server.GrpcService (ConfUtils.java:logGet(46)) - raft.grpc.flow.control.window = 1MB (=1048576) (default)
2025-04-23 15:47:18,444 [main] INFO  server.RaftServerConfigKeys (ConfUtils.java:logGet(46)) - raft.server.rpc.request.timeout = 3000ms (default)
2025-04-23 15:47:18,444 [main] INFO  grpc.GrpcConfigKeys (ConfUtils.java:logGet(46)) - raft.grpc.server.heartbeat.channel = true (default)
2025-04-23 15:47:18,444 [main] INFO  server.RaftServerConfigKeys (ConfUtils.java:logGet(46)) - raft.server.log.appender.buffer.byte-limit = 4194304 (custom)
2025-04-23 15:47:18,444 [main] INFO  grpc.GrpcConfigKeys (ConfUtils.java:logGet(46)) - raft.grpc.server.async.request.thread.pool.cached = true (default)
2025-04-23 15:47:18,444 [main] INFO  grpc.GrpcConfigKeys (ConfUtils.java:logGet(46)) - raft.grpc.server.async.request.thread.pool.size = 32 (default)
2025-04-23 15:47:18,445 [main] INFO  impl.DataStreamServerImpl (ConfUtils.java:logGet(46)) - raft.datastream.type = DISABLED (default)
2025-04-23 15:47:18,445 [main] INFO  server.RaftServerConfigKeys (ConfUtils.java:logGet(46)) - raft.server.sleep.deviation.threshold = 300ms (default)
2025-04-23 15:47:18,445 [main] INFO  server.RaftServerConfigKeys (ConfUtils.java:logGet(46)) - raft.server.close.threshold = 60s (default)
2025-04-23 15:47:18,445 [main] INFO  server.RaftServerConfigKeys (ConfUtils.java:logGet(46)) - raft.server.leaderelection.leader.step-down.wait-time = 10s (default)
2025-04-23 15:47:18,445 [main] INFO  server.RaftServerConfigKeys (ConfUtils.java:logGet(46)) - raft.server.storage.dir = [/home/runner/work/ozone/ozone/hadoop-ozone/integration-test/target/test-dir/MiniOzoneClusterImpl-11ed033c-ec90-4580-9385-902e6658689d/omNode-2/ratis] (custom)
2025-04-23 15:47:18,445 [main] INFO  server.RaftServerConfigKeys (ConfUtils.java:logGet(46)) - raft.server.threadpool.proxy.cached = true (default)
2025-04-23 15:47:18,445 [main] INFO  server.RaftServerConfigKeys (ConfUtils.java:logGet(46)) - raft.server.threadpool.proxy.size = 0 (default)
2025-04-23 15:47:18,446 [main] INFO  server.RaftServer (RaftServerProxy.java:addNew(100)) - omNode-2: addNew group-523986131536:[omNode-3|localhost:15059, omNode-1|localhost:15051, omNode-2|localhost:15055] returns group-523986131536:java.util.concurrent.CompletableFuture@2d397646[Not completed]
2025-04-23 15:47:18,446 [main] INFO  om.OzoneManager (OzoneManager.java:initializeRatisServer(2303)) - OzoneManager Ratis server initialized at port 15055
2025-04-23 15:47:18,446 [main] INFO  om.OzoneManager (OzoneManager.java:getRpcServer(1360)) - Creating RPC Server
2025-04-23 15:47:18,449 [omNode-2-groupManagement] INFO  server.RaftServer$Division (RaftServerImpl.java:<init>(255)) - omNode-2: new RaftServerImpl for group-523986131536:[omNode-3|localhost:15059, omNode-1|localhost:15051, omNode-2|localhost:15055] with OzoneManagerStateMachine:uninitialized
2025-04-23 15:47:18,449 [omNode-2-groupManagement] INFO  server.RaftServerConfigKeys (ConfUtils.java:logGet(46)) - raft.server.rpc.timeout.min = 1s (custom)
2025-04-23 15:47:18,449 [omNode-2-groupManagement] INFO  server.RaftServerConfigKeys (ConfUtils.java:logGet(46)) - raft.server.rpc.timeout.max = 1200ms (custom)
2025-04-23 15:47:18,449 [omNode-2-groupManagement] INFO  server.RaftServerConfigKeys (ConfUtils.java:logGet(46)) - raft.server.rpc.sleep.time = 25ms (default)
2025-04-23 15:47:18,449 [omNode-2-groupManagement] INFO  server.RaftServerConfigKeys (ConfUtils.java:logGet(46)) - raft.server.rpc.slowness.timeout = 2s (custom)
2025-04-23 15:47:18,449 [omNode-2-groupManagement] INFO  server.RaftServerConfigKeys (ConfUtils.java:logGet(46)) - raft.server.leaderelection.leader.step-down.wait-time = 10s (default)
2025-04-23 15:47:18,449 [omNode-2-groupManagement] INFO  server.RaftServerConfigKeys (ConfUtils.java:logGet(46)) - raft.server.leaderelection.member.majority-add = false (default)
2025-04-23 15:47:18,449 [omNode-2-groupManagement] INFO  server.RaftServerConfigKeys (ConfUtils.java:logGet(46)) - raft.server.sleep.deviation.threshold = 300ms (default)
2025-04-23 15:47:18,449 [omNode-2-groupManagement] INFO  server.RaftServer$Division (ServerState.java:<init>(114)) - omNode-2@group-523986131536: ConfigurationManager, init=conf: {index: -1, cur=peers:[omNode-3|localhost:15059, omNode-1|localhost:15051, omNode-2|localhost:15055]|listeners:[], old=null}, confs=<EMPTY_MAP>
2025-04-23 15:47:18,449 [omNode-2-groupManagement] INFO  server.RaftServerConfigKeys (ConfUtils.java:logGet(46)) - raft.server.notification.no-leader.timeout = 2s (custom)
2025-04-23 15:47:18,449 [omNode-2-groupManagement] INFO  server.RaftServerConfigKeys (ConfUtils.java:logGet(46)) - raft.server.read.timeout = 10s (default)
2025-04-23 15:47:18,449 [omNode-2-groupManagement] INFO  server.RaftServerConfigKeys (ConfUtils.java:logGet(46)) - raft.server.retrycache.expirytime = 30000ms (custom)
2025-04-23 15:47:18,449 [omNode-2-groupManagement] INFO  server.RaftServerConfigKeys (ConfUtils.java:logGet(46)) - raft.server.retrycache.statistics.expirytime = 100ms (default)
2025-04-23 15:47:18,449 [omNode-2-groupManagement] INFO  server.RaftServerConfigKeys (ConfUtils.java:logGet(46)) - raft.server.read.option = DEFAULT (default)
2025-04-23 15:47:18,449 [omNode-2-groupManagement] INFO  server.RaftServerConfigKeys (ConfUtils.java:logGet(46)) - raft.server.read.read-after-write-consistent.write-index-cache.expiry-time = 60s (default)
2025-04-23 15:47:18,451 [omNode-2-groupManagement] INFO  server.RaftServerConfigKeys (ConfUtils.java:logGet(46)) - raft.server.rpc.request.timeout = 3000ms (default)
2025-04-23 15:47:18,451 [omNode-2-groupManagement] INFO  server.RaftServerConfigKeys (ConfUtils.java:logGet(46)) - raft.server.log.appender.install.snapshot.enabled = false (custom)
2025-04-23 15:47:18,451 [omNode-2-groupManagement] INFO  server.RaftServerConfigKeys (ConfUtils.java:logGet(46)) - raft.server.threadpool.server.cached = true (default)
2025-04-23 15:47:18,451 [omNode-2-groupManagement] INFO  server.RaftServerConfigKeys (ConfUtils.java:logGet(46)) - raft.server.threadpool.server.size = 0 (default)
2025-04-23 15:47:18,451 [omNode-2-groupManagement] INFO  server.RaftServerConfigKeys (ConfUtils.java:logGet(46)) - raft.server.threadpool.client.cached = true (default)
2025-04-23 15:47:18,451 [omNode-2-groupManagement] INFO  server.RaftServerConfigKeys (ConfUtils.java:logGet(46)) - raft.server.threadpool.client.size = 0 (default)
2025-04-23 15:47:18,805 [main] INFO  reflections.Reflections (Reflections.java:scan(219)) - Reflections took 359 ms to scan 22 urls, producing 61 keys and 7422 values
2025-04-23 15:47:18,806 [main] INFO  ipc.CallQueueManager (CallQueueManager.java:<init>(93)) - Using callQueue: class java.util.concurrent.LinkedBlockingQueue, queueCapacity: 2000, scheduler: class org.apache.hadoop.ipc.DefaultRpcScheduler, ipcBackoff: false, ipcFailOver: false.
2025-04-23 15:47:18,806 [main] INFO  ipc.Server (Server.java:<init>(1438)) - Listener at 127.0.0.1:15052
2025-04-23 15:47:18,806 [Socket Reader #1 for port 15052] INFO  ipc.Server (Server.java:run(1474)) - Starting Socket Reader #1 for port 15052
2025-04-23 15:47:18,807 [Socket Reader #2 for port 15052] INFO  ipc.Server (Server.java:run(1474)) - Starting Socket Reader #2 for port 15052
2025-04-23 15:47:18,807 [Socket Reader #3 for port 15052] INFO  ipc.Server (Server.java:run(1474)) - Starting Socket Reader #3 for port 15052
2025-04-23 15:47:18,807 [Socket Reader #4 for port 15052] INFO  ipc.Server (Server.java:run(1474)) - Starting Socket Reader #4 for port 15052
2025-04-23 15:47:18,807 [Socket Reader #5 for port 15052] INFO  ipc.Server (Server.java:run(1474)) - Starting Socket Reader #5 for port 15052
2025-04-23 15:47:18,807 [Socket Reader #6 for port 15052] INFO  ipc.Server (Server.java:run(1474)) - Starting Socket Reader #6 for port 15052
2025-04-23 15:47:18,807 [Socket Reader #7 for port 15052] INFO  ipc.Server (Server.java:run(1474)) - Starting Socket Reader #7 for port 15052
2025-04-23 15:47:18,808 [Socket Reader #8 for port 15052] INFO  ipc.Server (Server.java:run(1474)) - Starting Socket Reader #8 for port 15052
2025-04-23 15:47:18,808 [Socket Reader #9 for port 15052] INFO  ipc.Server (Server.java:run(1474)) - Starting Socket Reader #9 for port 15052
2025-04-23 15:47:18,808 [Socket Reader #10 for port 15052] INFO  ipc.Server (Server.java:run(1474)) - Starting Socket Reader #10 for port 15052
2025-04-23 15:47:18,826 [main] INFO  impl.MetricsSystemImpl (MetricsSystemImpl.java:init(158)) - OzoneManager metrics system started (again)
2025-04-23 15:47:18,834 [main] INFO  om.OzoneManager (OzoneManager.java:start(1787)) - OzoneManager RPC server is listening at localhost/127.0.0.1:15052
2025-04-23 15:47:18,834 [main] INFO  ratis.OzoneManagerRatisServer (OzoneManagerRatisServer.java:start(628)) - Starting OzoneManagerRatisServer omNode-2 at port 15055
2025-04-23 15:47:18,835 [omNode-2-impl-thread1] INFO  server.RaftServerConfigKeys (ConfUtils.java:logGet(46)) - raft.server.storage.free-space.min = 0MB (=0) (default)
2025-04-23 15:47:18,835 [omNode-2-impl-thread1] INFO  server.RaftServerConfigKeys (ConfUtils.java:logGet(46)) - raft.server.log.corruption.policy = EXCEPTION (default)
2025-04-23 15:47:18,835 [omNode-2-impl-thread1] INFO  server.RaftServerConfigKeys (ConfUtils.java:logGet(46)) - raft.server.storage.dir = [/home/runner/work/ozone/ozone/hadoop-ozone/integration-test/target/test-dir/MiniOzoneClusterImpl-11ed033c-ec90-4580-9385-902e6658689d/omNode-2/ratis] (custom)
2025-04-23 15:47:18,835 [omNode-2-impl-thread1] INFO  storage.RaftStorageDirectory (RaftStorageDirectoryImpl.java:analyzeStorage(138)) - The storage directory /home/runner/work/ozone/ozone/hadoop-ozone/integration-test/target/test-dir/MiniOzoneClusterImpl-11ed033c-ec90-4580-9385-902e6658689d/omNode-2/ratis/c9bc4cf4-3bc3-3c60-a66b-523986131536 does not exist. Creating ...
2025-04-23 15:47:18,836 [omNode-2-impl-thread1] INFO  storage.RaftStorageDirectory (RaftStorageDirectoryImpl.java:tryLock(229)) - Lock on /home/runner/work/ozone/ozone/hadoop-ozone/integration-test/target/test-dir/MiniOzoneClusterImpl-11ed033c-ec90-4580-9385-902e6658689d/omNode-2/ratis/c9bc4cf4-3bc3-3c60-a66b-523986131536/in_use.lock acquired by nodename 129659@fv-az1337-835
2025-04-23 15:47:18,837 [omNode-2-impl-thread1] INFO  storage.RaftStorage (RaftStorageImpl.java:format(98)) - Storage directory /home/runner/work/ozone/ozone/hadoop-ozone/integration-test/target/test-dir/MiniOzoneClusterImpl-11ed033c-ec90-4580-9385-902e6658689d/omNode-2/ratis/c9bc4cf4-3bc3-3c60-a66b-523986131536 has been successfully formatted.
2025-04-23 15:47:18,837 [omNode-2-impl-thread1] INFO  ratis.OzoneManagerStateMachine (OzoneManagerStateMachine.java:lambda$0(138)) - omNode-2: initialize group-523986131536 with (t:0, i:~)
2025-04-23 15:47:18,837 [omNode-2-impl-thread1] INFO  server.RaftServerConfigKeys (ConfUtils.java:logGet(46)) - raft.server.log.use.memory = false (default)
2025-04-23 15:47:18,837 [omNode-2-impl-thread1] INFO  server.RaftServerConfigKeys (ConfUtils.java:logGet(46)) - raft.server.log.purge.gap = 50 (custom)
2025-04-23 15:47:18,837 [omNode-2-impl-thread1] INFO  server.RaftServerConfigKeys (ConfUtils.java:logGet(46)) - raft.server.log.appender.buffer.byte-limit = 4194304 (custom)
2025-04-23 15:47:18,837 [omNode-2-impl-thread1] INFO  server.RaftServerConfigKeys (ConfUtils.java:logGet(46)) - raft.server.log.statemachine.data.read.timeout = 1000ms (default)
2025-04-23 15:47:18,837 [omNode-2-impl-thread1] INFO  server.RaftServerConfigKeys (ConfUtils.java:logGet(46)) - raft.server.log.purge.preservation.log.num = 0 (default)
2025-04-23 15:47:18,837 [omNode-2-impl-thread1] INFO  server.RaftServerConfigKeys (ConfUtils.java:logGet(46)) - raft.server.log.segment.size.max = 4194304 (custom)
2025-04-23 15:47:18,838 [omNode-2-impl-thread1] INFO  server.RaftServerConfigKeys (ConfUtils.java:logGet(46)) - raft.server.log.segment.cache.num.max = 2 (custom)
2025-04-23 15:47:18,838 [omNode-2-impl-thread1] INFO  server.RaftServerConfigKeys (ConfUtils.java:logGet(46)) - raft.server.log.segment.cache.size.max = 200MB (=209715200) (default)
2025-04-23 15:47:18,838 [omNode-2-impl-thread1] INFO  server.RaftServerConfigKeys (ConfUtils.java:logGet(46)) - raft.server.log.appender.buffer.byte-limit = 4194304 (custom)
2025-04-23 15:47:18,838 [omNode-2-impl-thread1] INFO  util.AwaitToRun (AwaitToRun.java:start(81)) - Thread[#8524,omNode-2@group-523986131536-cacheEviction-AwaitToRun,5,main] started
2025-04-23 15:47:18,838 [omNode-2-impl-thread1] INFO  segmented.SegmentedRaftLogWorker (SegmentedRaftLogWorker.java:<init>(188)) - new omNode-2@group-523986131536-SegmentedRaftLogWorker for RaftStorageImpl:Storage Directory /home/runner/work/ozone/ozone/hadoop-ozone/integration-test/target/test-dir/MiniOzoneClusterImpl-11ed033c-ec90-4580-9385-902e6658689d/omNode-2/ratis/c9bc4cf4-3bc3-3c60-a66b-523986131536
2025-04-23 15:47:18,838 [omNode-2-impl-thread1] INFO  server.RaftServerConfigKeys (ConfUtils.java:logGet(46)) - raft.server.log.queue.byte-limit = 64MB (=67108864) (default)
2025-04-23 15:47:18,838 [omNode-2-impl-thread1] INFO  server.RaftServerConfigKeys (ConfUtils.java:logGet(46)) - raft.server.log.queue.element-limit = 4096 (default)
2025-04-23 15:47:18,838 [omNode-2-impl-thread1] INFO  server.RaftServerConfigKeys (ConfUtils.java:logGet(46)) - raft.server.log.segment.size.max = 4194304 (custom)
2025-04-23 15:47:18,838 [omNode-2-impl-thread1] INFO  server.RaftServerConfigKeys (ConfUtils.java:logGet(46)) - raft.server.log.preallocated.size = 4194304 (custom)
2025-04-23 15:47:18,838 [omNode-2-impl-thread1] INFO  server.RaftServerConfigKeys (ConfUtils.java:logGet(46)) - raft.server.log.force.sync.num = 128 (default)
2025-04-23 15:47:18,838 [omNode-2-impl-thread1] INFO  server.RaftServerConfigKeys (ConfUtils.java:logGet(46)) - raft.server.log.statemachine.data.sync = true (default)
2025-04-23 15:47:18,838 [omNode-2-impl-thread1] INFO  server.RaftServerConfigKeys (ConfUtils.java:logGet(46)) - raft.server.log.statemachine.data.sync.timeout = 10s (default)
2025-04-23 15:47:18,838 [omNode-2-impl-thread1] INFO  server.RaftServerConfigKeys (ConfUtils.java:logGet(46)) - raft.server.log.statemachine.data.sync.timeout.retry = -1 (default)
2025-04-23 15:47:18,838 [omNode-2-impl-thread1] INFO  server.RaftServerConfigKeys (ConfUtils.java:logGet(46)) - raft.server.log.write.buffer.size = 4194312 (custom)
2025-04-23 15:47:18,838 [omNode-2-impl-thread1] INFO  server.RaftServerConfigKeys (ConfUtils.java:logGet(46)) - raft.server.log.appender.buffer.byte-limit = 4194304 (custom)
2025-04-23 15:47:18,838 [omNode-2-impl-thread1] INFO  server.RaftServerConfigKeys (ConfUtils.java:logGet(46)) - raft.server.log.unsafe-flush.enabled = false (default)
2025-04-23 15:47:18,838 [omNode-2-impl-thread1] INFO  server.RaftServerConfigKeys (ConfUtils.java:logGet(46)) - raft.server.log.async-flush.enabled = false (default)
2025-04-23 15:47:18,839 [omNode-2-impl-thread1] INFO  server.RaftServerConfigKeys (ConfUtils.java:logGet(46)) - raft.server.log.statemachine.data.caching.enabled = false (default)
2025-04-23 15:47:18,839 [omNode-2-impl-thread1] INFO  segmented.SegmentedRaftLogWorker (SegmentedRaftLogWorker.java:lambda$new$0(139)) - omNode-2@group-523986131536-SegmentedRaftLogWorker: flushIndex: setUnconditionally 0 -> -1
2025-04-23 15:47:18,839 [omNode-2-impl-thread1] INFO  segmented.SegmentedRaftLogWorker (SegmentedRaftLogWorker.java:lambda$new$0(139)) - omNode-2@group-523986131536-SegmentedRaftLogWorker: safeCacheEvictIndex: setUnconditionally 0 -> -1
2025-04-23 15:47:18,839 [omNode-2-impl-thread1] INFO  server.RaftServer$Division (RaftServerImpl.java:start(391)) - omNode-2@group-523986131536: start as a follower, conf=conf: {index: -1, cur=peers:[omNode-3|localhost:15059, omNode-1|localhost:15051, omNode-2|localhost:15055]|listeners:[], old=null}
2025-04-23 15:47:18,839 [omNode-2-impl-thread1] INFO  server.RaftServer$Division (RaftServerImpl.java:setRole(378)) - omNode-2@group-523986131536: changes role from      null to FOLLOWER at term 0 for startAsFollower
2025-04-23 15:47:18,839 [omNode-2-impl-thread1] INFO  impl.RoleInfo (RoleInfo.java:updateAndGet(148)) - omNode-2: start omNode-2@group-523986131536-FollowerState
2025-04-23 15:47:18,839 [omNode-2@group-523986131536-FollowerState] INFO  server.RaftServerConfigKeys (ConfUtils.java:logFallback(53)) - raft.server.rpc.first-election.timeout.min = 1s (fallback to raft.server.rpc.timeout.min)
2025-04-23 15:47:18,839 [omNode-2-impl-thread1] INFO  util.JmxRegister (JmxRegister.java:tryRegister(44)) - Successfully registered JMX Bean with object name Ratis:service=RaftServer,group=group-523986131536,id=omNode-2
2025-04-23 15:47:18,839 [omNode-2-impl-thread1] INFO  util.JmxRegister (JmxRegister.java:register(58)) - register mxBean class org.apache.ratis.server.impl.RaftServerJmxAdapter as Ratis:service=RaftServer,group=group-523986131536,id=omNode-2
2025-04-23 15:47:18,839 [omNode-2@group-523986131536-FollowerState] INFO  server.RaftServerConfigKeys (ConfUtils.java:logFallback(53)) - raft.server.rpc.first-election.timeout.max = 1200ms (fallback to raft.server.rpc.timeout.max)
2025-04-23 15:47:18,839 [omNode-2-impl-thread1] INFO  server.RaftServerConfigKeys (ConfUtils.java:logGet(46)) - raft.server.snapshot.trigger-when-stop.enabled = true (default)
2025-04-23 15:47:18,839 [omNode-2-impl-thread1] INFO  server.RaftServerConfigKeys (ConfUtils.java:logGet(46)) - raft.server.snapshot.trigger-when-remove.enabled = true (default)
2025-04-23 15:47:18,839 [omNode-2-impl-thread1] INFO  server.RaftServerConfigKeys (ConfUtils.java:logGet(46)) - raft.server.snapshot.auto.trigger.enabled = true (custom)
2025-04-23 15:47:18,839 [omNode-2-impl-thread1] INFO  server.RaftServerConfigKeys (ConfUtils.java:logGet(46)) - raft.server.snapshot.auto.trigger.threshold = 50 (custom)
2025-04-23 15:47:18,839 [omNode-2-impl-thread1] INFO  server.RaftServerConfigKeys (ConfUtils.java:logGet(46)) - raft.server.snapshot.retention.file.num = -1 (default)
2025-04-23 15:47:18,840 [omNode-2-impl-thread1] INFO  server.RaftServerConfigKeys (ConfUtils.java:logGet(46)) - raft.server.log.purge.upto.snapshot.index = true (custom)
2025-04-23 15:47:18,840 [omNode-2-impl-thread1] INFO  server.RaftServer$Division (RaftServerImpl.java:start(405)) - omNode-2@group-523986131536: Successfully started.
2025-04-23 15:47:18,840 [main] INFO  server.RaftServer (RaftServerProxy.java:startImpl(407)) - omNode-2: start RPC server
2025-04-23 15:47:18,840 [main] INFO  server.GrpcService (GrpcService.java:startImpl(334)) - omNode-2: GrpcService started, listening on 15055
2025-04-23 15:47:18,840 [JvmPauseMonitor44] INFO  util.JvmPauseMonitor (JvmPauseMonitor.java:run(146)) - JvmPauseMonitor-omNode-2: Started
2025-04-23 15:47:18,841 [main] INFO  om.OzoneManager (OzoneManager.java:start(1802)) - Version File has different layout version (8) than OM DB (null). That is expected if this OM has never been finalized to a newer layout version.
2025-04-23 15:47:18,842 [main] INFO  client.ScmTopologyClient (ScmTopologyClient.java:start(70)) - Initial network topology fetched from SCM: /.
2025-04-23 15:47:18,843 [main] INFO  net.NodeSchemaLoader (NodeSchemaLoader.java:loadSchemaFromFile(127)) - Loading schema from [jar:file:/home/runner/work/ozone/ozone/hadoop-hdds/common/target/hdds-common-2.1.0-SNAPSHOT.jar!/network-topology-default.xml]
2025-04-23 15:47:18,843 [main] INFO  net.NodeSchemaLoader (NodeSchemaLoader.java:loadSchema(174)) - Loading network topology layer schema file
2025-04-23 15:47:18,847 [main] INFO  http.BaseHttpServer (BaseHttpServer.java:newHttpServer2BuilderForOzone(229)) - Starting Web-server for ozoneManager at: http://0.0.0.0:15053
2025-04-23 15:47:18,847 [main] INFO  http.BaseHttpServer (BaseHttpServer.java:<init>(107)) - Hadoop Security Enabled: false Ozone Security Enabled: false Ozone HTTP Security Enabled: false 
2025-04-23 15:47:18,849 [main] WARN  server.AuthenticationFilter (AuthenticationFilter.java:constructSecretProvider(240)) - Unable to initialize FileSignerSecretProvider, falling back to use random secrets. Reason: Could not read signature secret file: /home/runner/hadoop-http-auth-signature-secret
2025-04-23 15:47:18,850 [main] INFO  http.HttpServer2 (HttpServer2.java:addGlobalFilter(1041)) - Added global filter 'safety' (class=org.apache.hadoop.hdds.server.http.HttpServer2$QuotingInputFilter)
2025-04-23 15:47:18,851 [main] INFO  http.HttpServer2 (HttpServer2.java:addFilter(1017)) - Added filter static_user_filter (class=org.apache.hadoop.http.lib.StaticUserWebFilter$StaticUserFilter) to context ozoneManager
2025-04-23 15:47:18,851 [main] INFO  http.HttpServer2 (HttpServer2.java:addFilter(1025)) - Added filter static_user_filter (class=org.apache.hadoop.http.lib.StaticUserWebFilter$StaticUserFilter) to context logs
2025-04-23 15:47:18,851 [main] INFO  http.HttpServer2 (HttpServer2.java:addFilter(1025)) - Added filter static_user_filter (class=org.apache.hadoop.http.lib.StaticUserWebFilter$StaticUserFilter) to context static
2025-04-23 15:47:18,851 [main] INFO  http.BaseHttpServer (BaseHttpServer.java:<init>(195)) - HTTP server of ozoneManager uses base directory /home/runner/work/ozone/ozone/hadoop-ozone/integration-test/target/test-dir/MiniOzoneClusterImpl-11ed033c-ec90-4580-9385-902e6658689d/omNode-2/webserver
2025-04-23 15:47:18,852 [main] INFO  http.HttpServer2 (HttpServer2.java:bindListener(1241)) - Jetty bound to port 15053
2025-04-23 15:47:18,852 [main] INFO  server.Server (Server.java:doStart(375)) - jetty-9.4.57.v20241219; built: 2025-01-08T21:24:30.412Z; git: df524e6b29271c2e09ba9aea83c18dc9db464a31; jvm 21.0.7+6-LTS
2025-04-23 15:47:18,853 [main] INFO  server.session (DefaultSessionIdManager.java:doStart(334)) - DefaultSessionIdManager workerName=node0
2025-04-23 15:47:18,853 [main] INFO  server.session (DefaultSessionIdManager.java:doStart(339)) - No SessionScavenger set, using defaults
2025-04-23 15:47:18,853 [main] INFO  server.session (HouseKeeper.java:startScavenging(132)) - node0 Scavenging every 600000ms
2025-04-23 15:47:18,854 [main] INFO  handler.ContextHandler (ContextHandler.java:doStart(921)) - Started o.e.j.s.ServletContextHandler@3aa66cc1{logs,/logs,file:///home/runner/work/ozone/ozone/hadoop-ozone/integration-test/target/log,AVAILABLE}
2025-04-23 15:47:18,854 [main] INFO  handler.ContextHandler (ContextHandler.java:doStart(921)) - Started o.e.j.s.ServletContextHandler@5a7a5cd{static,/static,file:///home/runner/work/ozone/ozone/hadoop-ozone/integration-test/target/test-classes/webapps/static,AVAILABLE}
2025-04-23 15:47:18,859 [main] INFO  handler.ContextHandler (ContextHandler.java:doStart(921)) - Started o.e.j.w.WebAppContext@57de3900{ozoneManager,/,file:///home/runner/work/ozone/ozone/hadoop-ozone/integration-test/target/test-classes/webapps/ozoneManager/,AVAILABLE}{file:/home/runner/work/ozone/ozone/hadoop-ozone/integration-test/target/test-classes/webapps/ozoneManager}
2025-04-23 15:47:18,859 [main] INFO  server.AbstractConnector (AbstractConnector.java:doStart(333)) - Started ServerConnector@7580c8c{HTTP/1.1, (http/1.1)}{0.0.0.0:15053}
2025-04-23 15:47:18,859 [main] INFO  server.Server (Server.java:doStart(415)) - Started @173841ms
2025-04-23 15:47:18,859 [main] WARN  impl.MetricsSystemImpl (MetricsSystemImpl.java:register(279)) - Sink prometheus already exists!
2025-04-23 15:47:18,860 [main] INFO  http.BaseHttpServer (BaseHttpServer.java:updateConnectorAddress(360)) - HTTP server of ozoneManager listening at http://0.0.0.0:15053
2025-04-23 15:47:18,860 [IPC Server Responder] INFO  ipc.Server (Server.java:run(1713)) - IPC Server Responder: starting
2025-04-23 15:47:18,860 [IPC Server listener on 15052] INFO  ipc.Server (Server.java:run(1553)) - IPC Server listener on 15052: starting
2025-04-23 15:47:18,863 [main] INFO  om.OzoneManager (OzoneManager.java:startTrashEmptier(2257)) - Trash Interval set to 0. Files deleted won't move to trash
2025-04-23 15:47:18,863 [main] INFO  ozone.MiniOzoneHAClusterImpl (MiniOzoneHAClusterImpl.java:createOMService(516)) - Started OzoneManager omNode-2 RPC server at localhost/127.0.0.1:15052
2025-04-23 15:47:18,864 [main] INFO  ha.OMHANodeDetails (OMHANodeDetails.java:loadOMHAConfig(120)) - ServiceID for OzoneManager is om-service-test1
2025-04-23 15:47:18,864 [main] INFO  ha.OMHANodeDetails (OMHANodeDetails.java:loadOMHAConfig(200)) - Found matching OM address with OMServiceId: om-service-test1, OMNodeId: omNode-3, RPC Address: localhost:15056 and Ratis port: 15059
2025-04-23 15:47:18,864 [main] INFO  ha.OMHANodeDetails (ConfUtils.java:setNodeSpecificConfigs(98)) - Setting configuration key ozone.om.http-address with value of key ozone.om.http-address.om-service-test1.omNode-3: 127.0.0.1:15057
2025-04-23 15:47:18,864 [main] INFO  ha.OMHANodeDetails (ConfUtils.java:setNodeSpecificConfigs(98)) - Setting configuration key ozone.om.https-address with value of key ozone.om.https-address.om-service-test1.omNode-3: 127.0.0.1:15058
2025-04-23 15:47:18,864 [main] INFO  ha.OMHANodeDetails (ConfUtils.java:setNodeSpecificConfigs(98)) - Setting configuration key ozone.om.address with value of key ozone.om.address.om-service-test1.omNode-3: 127.0.0.1:15056
2025-04-23 15:47:18,864 [main] WARN  server.ServerUtils (ServerUtils.java:getDBPath(297)) - ozone.om.db.dirs is not configured. We recommend adding this setting. Falling back to ozone.metadata.dirs instead.
2025-04-23 15:47:18,865 [main] INFO  proxy.SCMBlockLocationFailoverProxyProvider (SCMFailoverProxyProviderBase.java:<init>(120)) - Created fail-over proxy for protocol ScmBlockLocationProtocolPB with 1 nodes: [nodeId=scmNodeId,nodeAddress=/0.0.0.0:15043]
OM initialization succeeded.Current cluster id for sd=/home/runner/work/ozone/ozone/hadoop-ozone/integration-test/target/test-dir/MiniOzoneClusterImpl-11ed033c-ec90-4580-9385-902e6658689d/omNode-3/om;cid=11ed033c-ec90-4580-9385-902e6658689d;layoutVersion=8
2025-04-23 15:47:18,869 [main] INFO  ha.OMHANodeDetails (OMHANodeDetails.java:loadOMHAConfig(120)) - ServiceID for OzoneManager is om-service-test1
2025-04-23 15:47:18,870 [main] INFO  ha.OMHANodeDetails (OMHANodeDetails.java:loadOMHAConfig(200)) - Found matching OM address with OMServiceId: om-service-test1, OMNodeId: omNode-3, RPC Address: localhost:15056 and Ratis port: 15059
2025-04-23 15:47:18,870 [main] INFO  ha.OMHANodeDetails (ConfUtils.java:setNodeSpecificConfigs(98)) - Setting configuration key ozone.om.http-address with value of key ozone.om.http-address.om-service-test1.omNode-3: 127.0.0.1:15057
2025-04-23 15:47:18,870 [main] INFO  ha.OMHANodeDetails (ConfUtils.java:setNodeSpecificConfigs(98)) - Setting configuration key ozone.om.https-address with value of key ozone.om.https-address.om-service-test1.omNode-3: 127.0.0.1:15058
2025-04-23 15:47:18,870 [main] INFO  ha.OMHANodeDetails (ConfUtils.java:setNodeSpecificConfigs(98)) - Setting configuration key ozone.om.address with value of key ozone.om.address.om-service-test1.omNode-3: 127.0.0.1:15056
2025-04-23 15:47:18,870 [main] WARN  server.ServerUtils (ServerUtils.java:getDBPath(297)) - ozone.om.db.dirs is not configured. We recommend adding this setting. Falling back to ozone.metadata.dirs instead.
2025-04-23 15:47:18,871 [main] INFO  upgrade.AbstractLayoutVersionManager (AbstractLayoutVersionManager.java:init(80)) - Initializing Layout version manager with metadata layout = DELEGATION_TOKEN_SYMMETRIC_SIGN (version = 8), software layout = DELEGATION_TOKEN_SYMMETRIC_SIGN (version = 8)
2025-04-23 15:47:18,924 [main] INFO  reflections.Reflections (Reflections.java:scan(219)) - Reflections took 52 ms to scan 2 urls, producing 203 keys and 603 values
2025-04-23 15:47:18,924 [main] INFO  upgrade.OMLayoutVersionManager (OMLayoutVersionManager.java:lambda$0(110)) - Skipping Upgrade Action QuotaRepairUpgradeAction since it has been finalized.
2025-04-23 15:47:18,924 [main] INFO  upgrade.OMLayoutVersionManager (OMLayoutVersionManager.java:lambda$0(110)) - Skipping Upgrade Action MockOmUpgradeAction since it has been finalized.
2025-04-23 15:47:18,924 [main] WARN  server.ServerUtils (ServerUtils.java:getDBPath(297)) - ozone.om.db.dirs is not configured. We recommend adding this setting. Falling back to ozone.metadata.dirs instead.
2025-04-23 15:47:18,925 [main] INFO  om.OzoneManager (OzoneManager.java:setReplicationFromConfig(4612)) - Set default replication in OM: RATIS/3 -> RATIS/THREE
2025-04-23 15:47:18,925 [main] INFO  proxy.SCMContainerLocationFailoverProxyProvider (SCMFailoverProxyProviderBase.java:<init>(120)) - Created fail-over proxy for protocol StorageContainerLocationProtocolPB with 1 nodes: [nodeId=scmNodeId,nodeAddress=/0.0.0.0:15042]
2025-04-23 15:47:18,925 [main] INFO  proxy.SCMBlockLocationFailoverProxyProvider (SCMFailoverProxyProviderBase.java:<init>(120)) - Created fail-over proxy for protocol ScmBlockLocationProtocolPB with 1 nodes: [nodeId=scmNodeId,nodeAddress=/0.0.0.0:15043]
2025-04-23 15:47:18,926 [main] INFO  proxy.SCMBlockLocationFailoverProxyProvider (SCMFailoverProxyProviderBase.java:<init>(120)) - Created fail-over proxy for protocol ScmBlockLocationProtocolPB with 1 nodes: [nodeId=scmNodeId,nodeAddress=/0.0.0.0:15043]
2025-04-23 15:47:18,930 [main] INFO  om.OzoneManager (OzoneManager.java:<init>(689)) - OM start with adminUsers: [*, runner]
2025-04-23 15:47:18,930 [main] WARN  server.ServerUtils (ServerUtils.java:getDBPath(297)) - ozone.om.db.dirs is not configured. We recommend adding this setting. Falling back to ozone.metadata.dirs instead.
2025-04-23 15:47:19,078 [main] INFO  om.OzoneManager (OzoneManager.java:instantiateServices(933)) - S3 Multi-Tenancy is disabled
2025-04-23 15:47:19,079 [main] INFO  om.OmSnapshotManager (OmSnapshotManager.java:<init>(180)) - Ozone filesystem snapshot feature is enabled.
2025-04-23 15:47:19,079 [main] WARN  server.ServerUtils (ServerUtils.java:getDBPath(297)) - ozone.om.snapshot.diff.db.dir is not configured. We recommend adding this setting. Falling back to ozone.metadata.dirs instead.
2025-04-23 15:47:19,097 [main] INFO  om.OzoneManager (OzoneManager.java:addS3GVolumeToDB(4670)) - Created Volume s3v With Owner runner required for S3Gateway operations.
2025-04-23 15:47:19,098 [main] WARN  server.ServerUtils (ServerUtils.java:getDefaultRatisDirectory(309)) - Storage directory for Ratis is not configured. It is a good idea to map this to an SSD disk. Falling back to ozone.metadata.dirs
2025-04-23 15:47:19,098 [main] WARN  utils.OzoneManagerRatisUtils (OzoneManagerRatisUtils.java:getOMRatisSnapshotDirectory(488)) - ozone.om.ratis.snapshot.dir is not configured. Falling back to ozone.metadata.dirs config
2025-04-23 15:47:19,098 [main] INFO  utils.RDBSnapshotProvider (RDBSnapshotProvider.java:init(85)) - Cleaning up the candidate dir: /home/runner/work/ozone/ozone/hadoop-ozone/integration-test/target/test-dir/MiniOzoneClusterImpl-11ed033c-ec90-4580-9385-902e6658689d/omNode-3/snapshot/om.db.candidate
2025-04-23 15:47:19,098 [main] INFO  ratis_snapshot.OmRatisSnapshotProvider (OmRatisSnapshotProvider.java:<init>(98)) - Initializing OM Snapshot Provider
2025-04-23 15:47:19,099 [main] WARN  dropwizard3.Dm3MetricRegistriesImpl (Dm3MetricRegistriesImpl.java:addReporterRegistration(114)) - New reporters are added after registries were created. Some metrics will be missing from the reporter. Please add reporter before adding any new registry.
2025-04-23 15:47:19,099 [main] WARN  dropwizard3.Dm3MetricRegistriesImpl (Dm3MetricRegistriesImpl.java:addReporterRegistration(114)) - New reporters are added after registries were created. Some metrics will be missing from the reporter. Please add reporter before adding any new registry.
2025-04-23 15:47:19,099 [main] WARN  server.ServerUtils (ServerUtils.java:getDefaultRatisDirectory(309)) - Storage directory for Ratis is not configured. It is a good idea to map this to an SSD disk. Falling back to ozone.metadata.dirs
2025-04-23 15:47:19,099 [main] INFO  server.RaftServerConfigKeys (ConfUtils.java:logGet(46)) - raft.server.log.appender.buffer.byte-limit = 4194304 (custom)
2025-04-23 15:47:19,100 [main] INFO  ratis.OzoneManagerRatisServer (OzoneManagerRatisServer.java:<init>(167)) - Instantiating OM Ratis server with groupID: om-service-test1 and peers: localhost:15059, localhost:15051, localhost:15055
2025-04-23 15:47:19,100 [main] INFO  ratis.OzoneManagerStateMachine (OzoneManagerStateMachine.java:loadSnapshotInfoFromDB(613)) - TransactionInfo not found in OM DB.
2025-04-23 15:47:19,101 [main] INFO  server.RaftServer (ConfUtils.java:logGet(46)) - raft.rpc.type = GRPC (default)
2025-04-23 15:47:19,101 [main] INFO  grpc.GrpcConfigKeys (ConfUtils.java:logFallback(53)) - raft.grpc.admin.host = null (fallback to raft.grpc.server.host)
2025-04-23 15:47:19,101 [main] INFO  grpc.GrpcConfigKeys (ConfUtils.java:logFallback(53)) - raft.grpc.admin.port = 15059 (fallback to raft.grpc.server.port)
2025-04-23 15:47:19,101 [main] INFO  grpc.GrpcConfigKeys (ConfUtils.java:logFallback(53)) - raft.grpc.client.host = null (fallback to raft.grpc.server.host)
2025-04-23 15:47:19,101 [main] INFO  grpc.GrpcConfigKeys (ConfUtils.java:logFallback(53)) - raft.grpc.client.port = 15059 (fallback to raft.grpc.server.port)
2025-04-23 15:47:19,101 [main] INFO  grpc.GrpcConfigKeys (ConfUtils.java:logGet(46)) - raft.grpc.server.host = null (default)
2025-04-23 15:47:19,101 [main] INFO  grpc.GrpcConfigKeys (ConfUtils.java:logGet(46)) - raft.grpc.server.port = 15059 (custom)
2025-04-23 15:47:19,101 [main] INFO  server.GrpcService (ConfUtils.java:logGet(46)) - raft.grpc.message.size.max = 5242880 (custom)
2025-04-23 15:47:19,101 [main] INFO  server.GrpcService (ConfUtils.java:logGet(46)) - raft.grpc.flow.control.window = 1MB (=1048576) (default)
2025-04-23 15:47:19,101 [main] INFO  server.RaftServerConfigKeys (ConfUtils.java:logGet(46)) - raft.server.rpc.request.timeout = 3000ms (default)
2025-04-23 15:47:19,101 [main] INFO  grpc.GrpcConfigKeys (ConfUtils.java:logGet(46)) - raft.grpc.server.heartbeat.channel = true (default)
2025-04-23 15:47:19,101 [main] INFO  server.RaftServerConfigKeys (ConfUtils.java:logGet(46)) - raft.server.log.appender.buffer.byte-limit = 4194304 (custom)
2025-04-23 15:47:19,101 [main] INFO  grpc.GrpcConfigKeys (ConfUtils.java:logGet(46)) - raft.grpc.server.async.request.thread.pool.cached = true (default)
2025-04-23 15:47:19,101 [main] INFO  grpc.GrpcConfigKeys (ConfUtils.java:logGet(46)) - raft.grpc.server.async.request.thread.pool.size = 32 (default)
2025-04-23 15:47:19,102 [main] INFO  impl.DataStreamServerImpl (ConfUtils.java:logGet(46)) - raft.datastream.type = DISABLED (default)
2025-04-23 15:47:19,102 [main] INFO  server.RaftServerConfigKeys (ConfUtils.java:logGet(46)) - raft.server.sleep.deviation.threshold = 300ms (default)
2025-04-23 15:47:19,102 [main] INFO  server.RaftServerConfigKeys (ConfUtils.java:logGet(46)) - raft.server.close.threshold = 60s (default)
2025-04-23 15:47:19,102 [main] INFO  server.RaftServerConfigKeys (ConfUtils.java:logGet(46)) - raft.server.leaderelection.leader.step-down.wait-time = 10s (default)
2025-04-23 15:47:19,102 [main] INFO  server.RaftServerConfigKeys (ConfUtils.java:logGet(46)) - raft.server.storage.dir = [/home/runner/work/ozone/ozone/hadoop-ozone/integration-test/target/test-dir/MiniOzoneClusterImpl-11ed033c-ec90-4580-9385-902e6658689d/omNode-3/ratis] (custom)
2025-04-23 15:47:19,102 [main] INFO  server.RaftServerConfigKeys (ConfUtils.java:logGet(46)) - raft.server.threadpool.proxy.cached = true (default)
2025-04-23 15:47:19,102 [main] INFO  server.RaftServerConfigKeys (ConfUtils.java:logGet(46)) - raft.server.threadpool.proxy.size = 0 (default)
2025-04-23 15:47:19,103 [main] INFO  server.RaftServer (RaftServerProxy.java:addNew(100)) - omNode-3: addNew group-523986131536:[omNode-3|localhost:15059, omNode-1|localhost:15051, omNode-2|localhost:15055] returns group-523986131536:java.util.concurrent.CompletableFuture@58dacffd[Not completed]
2025-04-23 15:47:19,103 [main] INFO  om.OzoneManager (OzoneManager.java:initializeRatisServer(2303)) - OzoneManager Ratis server initialized at port 15059
2025-04-23 15:47:19,103 [omNode-3-groupManagement] INFO  server.RaftServer$Division (RaftServerImpl.java:<init>(255)) - omNode-3: new RaftServerImpl for group-523986131536:[omNode-3|localhost:15059, omNode-1|localhost:15051, omNode-2|localhost:15055] with OzoneManagerStateMachine:uninitialized
2025-04-23 15:47:19,103 [main] INFO  om.OzoneManager (OzoneManager.java:getRpcServer(1360)) - Creating RPC Server
2025-04-23 15:47:19,103 [omNode-3-groupManagement] INFO  server.RaftServerConfigKeys (ConfUtils.java:logGet(46)) - raft.server.rpc.timeout.min = 1s (custom)
2025-04-23 15:47:19,104 [omNode-3-groupManagement] INFO  server.RaftServerConfigKeys (ConfUtils.java:logGet(46)) - raft.server.rpc.timeout.max = 1200ms (custom)
2025-04-23 15:47:19,104 [omNode-3-groupManagement] INFO  server.RaftServerConfigKeys (ConfUtils.java:logGet(46)) - raft.server.rpc.sleep.time = 25ms (default)
2025-04-23 15:47:19,104 [omNode-3-groupManagement] INFO  server.RaftServerConfigKeys (ConfUtils.java:logGet(46)) - raft.server.rpc.slowness.timeout = 2s (custom)
2025-04-23 15:47:19,104 [omNode-3-groupManagement] INFO  server.RaftServerConfigKeys (ConfUtils.java:logGet(46)) - raft.server.leaderelection.leader.step-down.wait-time = 10s (default)
2025-04-23 15:47:19,104 [omNode-3-groupManagement] INFO  server.RaftServerConfigKeys (ConfUtils.java:logGet(46)) - raft.server.leaderelection.member.majority-add = false (default)
2025-04-23 15:47:19,104 [omNode-3-groupManagement] INFO  server.RaftServerConfigKeys (ConfUtils.java:logGet(46)) - raft.server.sleep.deviation.threshold = 300ms (default)
2025-04-23 15:47:19,104 [omNode-3-groupManagement] INFO  server.RaftServer$Division (ServerState.java:<init>(114)) - omNode-3@group-523986131536: ConfigurationManager, init=conf: {index: -1, cur=peers:[omNode-3|localhost:15059, omNode-1|localhost:15051, omNode-2|localhost:15055]|listeners:[], old=null}, confs=<EMPTY_MAP>
2025-04-23 15:47:19,104 [omNode-3-groupManagement] INFO  server.RaftServerConfigKeys (ConfUtils.java:logGet(46)) - raft.server.notification.no-leader.timeout = 2s (custom)
2025-04-23 15:47:19,104 [omNode-3-groupManagement] INFO  server.RaftServerConfigKeys (ConfUtils.java:logGet(46)) - raft.server.read.timeout = 10s (default)
2025-04-23 15:47:19,104 [omNode-3-groupManagement] INFO  server.RaftServerConfigKeys (ConfUtils.java:logGet(46)) - raft.server.retrycache.expirytime = 30000ms (custom)
2025-04-23 15:47:19,104 [omNode-3-groupManagement] INFO  server.RaftServerConfigKeys (ConfUtils.java:logGet(46)) - raft.server.retrycache.statistics.expirytime = 100ms (default)
2025-04-23 15:47:19,104 [omNode-3-groupManagement] INFO  server.RaftServerConfigKeys (ConfUtils.java:logGet(46)) - raft.server.read.option = DEFAULT (default)
2025-04-23 15:47:19,104 [omNode-3-groupManagement] INFO  server.RaftServerConfigKeys (ConfUtils.java:logGet(46)) - raft.server.read.read-after-write-consistent.write-index-cache.expiry-time = 60s (default)
2025-04-23 15:47:19,106 [omNode-3-groupManagement] INFO  server.RaftServerConfigKeys (ConfUtils.java:logGet(46)) - raft.server.rpc.request.timeout = 3000ms (default)
2025-04-23 15:47:19,106 [omNode-3-groupManagement] INFO  server.RaftServerConfigKeys (ConfUtils.java:logGet(46)) - raft.server.log.appender.install.snapshot.enabled = false (custom)
2025-04-23 15:47:19,106 [omNode-3-groupManagement] INFO  server.RaftServerConfigKeys (ConfUtils.java:logGet(46)) - raft.server.threadpool.server.cached = true (default)
2025-04-23 15:47:19,106 [omNode-3-groupManagement] INFO  server.RaftServerConfigKeys (ConfUtils.java:logGet(46)) - raft.server.threadpool.server.size = 0 (default)
2025-04-23 15:47:19,106 [omNode-3-groupManagement] INFO  server.RaftServerConfigKeys (ConfUtils.java:logGet(46)) - raft.server.threadpool.client.cached = true (default)
2025-04-23 15:47:19,106 [omNode-3-groupManagement] INFO  server.RaftServerConfigKeys (ConfUtils.java:logGet(46)) - raft.server.threadpool.client.size = 0 (default)
2025-04-23 15:47:19,213 [omNode-1@group-523986131536-FollowerState] INFO  impl.FollowerState (FollowerState.java:runImpl(161)) - omNode-1@group-523986131536-FollowerState: change to CANDIDATE, lastRpcElapsedTime:1034928857ns, electionTimeout:1033ms
2025-04-23 15:47:19,213 [omNode-1@group-523986131536-FollowerState] INFO  impl.RoleInfo (RoleInfo.java:shutdownFollowerState(121)) - omNode-1: shutdown omNode-1@group-523986131536-FollowerState
2025-04-23 15:47:19,213 [omNode-1@group-523986131536-FollowerState] INFO  server.RaftServer$Division (RaftServerImpl.java:setRole(378)) - omNode-1@group-523986131536: changes role from  FOLLOWER to CANDIDATE at term 0 for changeToCandidate
2025-04-23 15:47:19,213 [omNode-1@group-523986131536-FollowerState] INFO  server.RaftServerConfigKeys (ConfUtils.java:logGet(46)) - raft.server.leaderelection.pre-vote = true (default)
2025-04-23 15:47:19,213 [omNode-1@group-523986131536-FollowerState] INFO  impl.RoleInfo (RoleInfo.java:updateAndGet(148)) - omNode-1: start omNode-1@group-523986131536-LeaderElection39
2025-04-23 15:47:19,214 [omNode-1@group-523986131536-LeaderElection39] INFO  impl.LeaderElection (LeaderElection.java:askForVotes(332)) - omNode-1@group-523986131536-LeaderElection39 PRE_VOTE round 0: submit vote requests at term 0 for conf: {index: -1, cur=peers:[omNode-3|localhost:15059, omNode-1|localhost:15051, omNode-2|localhost:15055]|listeners:[], old=null}
2025-04-23 15:47:19,215 [omNode-1@group-523986131536-LeaderElection39-1] INFO  server.GrpcServerProtocolClient (GrpcServerProtocolClient.java:<init>(65)) - Build channel for omNode-3|localhost:15059
2025-04-23 15:47:19,215 [omNode-1@group-523986131536-LeaderElection39-2] INFO  server.GrpcServerProtocolClient (GrpcServerProtocolClient.java:<init>(65)) - Build channel for omNode-2|localhost:15055
2025-04-23 15:47:19,215 [omNode-1@group-523986131536-LeaderElection39] INFO  server.RaftServerConfigKeys (ConfUtils.java:logFallback(53)) - raft.server.rpc.first-election.timeout.min = 1s (fallback to raft.server.rpc.timeout.min)
2025-04-23 15:47:19,218 [omNode-1@group-523986131536-LeaderElection39] INFO  server.RaftServerConfigKeys (ConfUtils.java:logFallback(53)) - raft.server.rpc.first-election.timeout.max = 1200ms (fallback to raft.server.rpc.timeout.max)
2025-04-23 15:47:19,229 [omNode-1@group-523986131536-LeaderElection39] INFO  impl.LeaderElection (LogUtils.java:infoOrTrace(136)) - omNode-1@group-523986131536-LeaderElection39 got exception when requesting votes: java.util.concurrent.ExecutionException: org.apache.ratis.thirdparty.io.grpc.StatusRuntimeException: UNAVAILABLE: io exception
2025-04-23 15:47:19,239 [grpc-default-executor-0] INFO  server.RaftServer$Division (RaftServerImpl.java:requestVote(1407)) - omNode-2@group-523986131536: receive requestVote(PRE_VOTE, omNode-1, group-523986131536, 0, (t:0, i:~))
2025-04-23 15:47:19,239 [grpc-default-executor-0] INFO  impl.VoteContext (VoteContext.java:log(49)) - omNode-2@group-523986131536-FOLLOWER: accept PRE_VOTE from omNode-1: our priority 0 <= candidate's priority 0
2025-04-23 15:47:19,240 [grpc-default-executor-0] INFO  server.RaftServer$Division (RaftServerImpl.java:requestVote(1441)) - omNode-2@group-523986131536 replies to PRE_VOTE vote request: omNode-1<-omNode-2#0:OK-t0. Peer's state: omNode-2@group-523986131536:t0, leader=null, voted=, raftlog=Memoized:omNode-2@group-523986131536-SegmentedRaftLog:OPENED:c-1:lastnull, conf=conf: {index: -1, cur=peers:[omNode-3|localhost:15059, omNode-1|localhost:15051, omNode-2|localhost:15055]|listeners:[], old=null}
2025-04-23 15:47:19,241 [omNode-1@group-523986131536-LeaderElection39] INFO  impl.LeaderElection (LeaderElection.java:logAndReturn(90)) - omNode-1@group-523986131536-LeaderElection39: PRE_VOTE PASSED received 1 response(s) and 1 exception(s):
2025-04-23 15:47:19,241 [omNode-1@group-523986131536-LeaderElection39] INFO  impl.LeaderElection (LeaderElection.java:logAndReturn(94)) -   Response 0: omNode-1<-omNode-2#0:OK-t0
2025-04-23 15:47:19,241 [omNode-1@group-523986131536-LeaderElection39] INFO  impl.LeaderElection (LogUtils.java:infoOrTrace(136)) -   Exception 1: java.util.concurrent.ExecutionException: org.apache.ratis.thirdparty.io.grpc.StatusRuntimeException: UNAVAILABLE: io exception
2025-04-23 15:47:19,241 [omNode-1@group-523986131536-LeaderElection39] INFO  impl.LeaderElection (LeaderElection.java:askForVotes(334)) - omNode-1@group-523986131536-LeaderElection39 PRE_VOTE round 0: result PASSED
2025-04-23 15:47:19,243 [omNode-1@group-523986131536-LeaderElection39] INFO  impl.LeaderElection (LeaderElection.java:askForVotes(332)) - omNode-1@group-523986131536-LeaderElection39 ELECTION round 0: submit vote requests at term 1 for conf: {index: -1, cur=peers:[omNode-3|localhost:15059, omNode-1|localhost:15051, omNode-2|localhost:15055]|listeners:[], old=null}
2025-04-23 15:47:19,244 [omNode-1@group-523986131536-LeaderElection39] INFO  server.RaftServerConfigKeys (ConfUtils.java:logFallback(53)) - raft.server.rpc.first-election.timeout.min = 1s (fallback to raft.server.rpc.timeout.min)
2025-04-23 15:47:19,244 [omNode-1@group-523986131536-LeaderElection39] INFO  server.RaftServerConfigKeys (ConfUtils.java:logFallback(53)) - raft.server.rpc.first-election.timeout.max = 1200ms (fallback to raft.server.rpc.timeout.max)
2025-04-23 15:47:19,244 [omNode-1@group-523986131536-LeaderElection39] INFO  impl.LeaderElection (LogUtils.java:infoOrTrace(136)) - omNode-1@group-523986131536-LeaderElection39 got exception when requesting votes: java.util.concurrent.ExecutionException: org.apache.ratis.thirdparty.io.grpc.StatusRuntimeException: UNAVAILABLE: io exception
2025-04-23 15:47:19,247 [grpc-default-executor-0] INFO  server.RaftServer$Division (RaftServerImpl.java:requestVote(1407)) - omNode-2@group-523986131536: receive requestVote(ELECTION, omNode-1, group-523986131536, 1, (t:0, i:~))
2025-04-23 15:47:19,247 [grpc-default-executor-0] INFO  impl.VoteContext (VoteContext.java:log(49)) - omNode-2@group-523986131536-FOLLOWER: accept ELECTION from omNode-1: our priority 0 <= candidate's priority 0
2025-04-23 15:47:19,248 [grpc-default-executor-0] INFO  server.RaftServer$Division (RaftServerImpl.java:setRole(378)) - omNode-2@group-523986131536: changes role from  FOLLOWER to FOLLOWER at term 0 for candidate:omNode-1
2025-04-23 15:47:19,248 [grpc-default-executor-0] INFO  impl.RoleInfo (RoleInfo.java:shutdownFollowerState(121)) - omNode-2: shutdown omNode-2@group-523986131536-FollowerState
2025-04-23 15:47:19,248 [omNode-2@group-523986131536-FollowerState] INFO  impl.FollowerState (FollowerState.java:runImpl(170)) - omNode-2@group-523986131536-FollowerState was interrupted
2025-04-23 15:47:19,249 [grpc-default-executor-0] INFO  impl.RoleInfo (RoleInfo.java:updateAndGet(148)) - omNode-2: start omNode-2@group-523986131536-FollowerState
2025-04-23 15:47:19,249 [grpc-default-executor-0] INFO  server.RaftServer$Division (RaftServerImpl.java:setFirstElection(562)) - omNode-2@group-523986131536: set firstElectionSinceStartup to false for candidate:omNode-1
2025-04-23 15:47:19,255 [grpc-default-executor-0] INFO  server.RaftServer$Division (RaftServerImpl.java:requestVote(1441)) - omNode-2@group-523986131536 replies to ELECTION vote request: omNode-1<-omNode-2#0:OK-t1. Peer's state: omNode-2@group-523986131536:t1, leader=null, voted=omNode-1, raftlog=Memoized:omNode-2@group-523986131536-SegmentedRaftLog:OPENED:c-1:lastnull, conf=conf: {index: -1, cur=peers:[omNode-3|localhost:15059, omNode-1|localhost:15051, omNode-2|localhost:15055]|listeners:[], old=null}
2025-04-23 15:47:19,260 [omNode-1@group-523986131536-LeaderElection39] INFO  impl.LeaderElection (LeaderElection.java:logAndReturn(90)) - omNode-1@group-523986131536-LeaderElection39: ELECTION PASSED received 1 response(s) and 1 exception(s):
2025-04-23 15:47:19,260 [omNode-1@group-523986131536-LeaderElection39] INFO  impl.LeaderElection (LeaderElection.java:logAndReturn(94)) -   Response 0: omNode-1<-omNode-2#0:OK-t1
2025-04-23 15:47:19,260 [omNode-1@group-523986131536-LeaderElection39] INFO  impl.LeaderElection (LogUtils.java:infoOrTrace(136)) -   Exception 1: java.util.concurrent.ExecutionException: org.apache.ratis.thirdparty.io.grpc.StatusRuntimeException: UNAVAILABLE: io exception
2025-04-23 15:47:19,260 [omNode-1@group-523986131536-LeaderElection39] INFO  impl.LeaderElection (LeaderElection.java:askForVotes(334)) - omNode-1@group-523986131536-LeaderElection39 ELECTION round 0: result PASSED
2025-04-23 15:47:19,260 [omNode-1@group-523986131536-LeaderElection39] INFO  impl.RoleInfo (RoleInfo.java:shutdownLeaderElection(141)) - omNode-1: shutdown omNode-1@group-523986131536-LeaderElection39
2025-04-23 15:47:19,260 [omNode-1@group-523986131536-LeaderElection39] INFO  server.RaftServer$Division (RaftServerImpl.java:setRole(378)) - omNode-1@group-523986131536: changes role from CANDIDATE to LEADER at term 1 for changeToLeader
2025-04-23 15:47:19,260 [omNode-1@group-523986131536-LeaderElection39] INFO  server.RaftServerConfigKeys (ConfUtils.java:logGet(46)) - raft.server.staging.catchup.gap = 1000 (default)
2025-04-23 15:47:19,260 [omNode-1@group-523986131536-LeaderElection39] INFO  server.RaftServerConfigKeys (ConfUtils.java:logGet(46)) - raft.server.write.element-limit = 4096 (default)
2025-04-23 15:47:19,260 [omNode-1@group-523986131536-LeaderElection39] INFO  server.RaftServerConfigKeys (ConfUtils.java:logGet(46)) - raft.server.write.byte-limit = 64MB (=67108864) (default)
2025-04-23 15:47:19,260 [omNode-1@group-523986131536-LeaderElection39] INFO  server.RaftServerConfigKeys (ConfUtils.java:logGet(46)) - raft.server.watch.timeout = 10s (default)
2025-04-23 15:47:19,260 [omNode-1@group-523986131536-LeaderElection39] INFO  server.RaftServerConfigKeys (ConfUtils.java:logGet(46)) - raft.server.watch.timeout.denomination = 1s (default)
2025-04-23 15:47:19,261 [omNode-1@group-523986131536-LeaderElection39] INFO  server.RaftServerConfigKeys (ConfUtils.java:logGet(46)) - raft.server.watch.element-limit = 65536 (default)
2025-04-23 15:47:19,261 [omNode-1@group-523986131536-LeaderElection39] INFO  server.RaftServerConfigKeys (ConfUtils.java:logGet(46)) - raft.server.read.leader.lease.enabled = false (default)
2025-04-23 15:47:19,261 [omNode-1@group-523986131536-LeaderElection39] INFO  server.RaftServerConfigKeys (ConfUtils.java:logGet(46)) - raft.server.read.leader.lease.timeout.ratio = 0.9 (default)
2025-04-23 15:47:19,261 [omNode-1@group-523986131536-LeaderElection39] INFO  server.RaftServerConfigKeys (ConfUtils.java:logGet(46)) - raft.server.rpc.timeout.min = 1s (custom)
2025-04-23 15:47:19,261 [omNode-1@group-523986131536-LeaderElection39] INFO  server.RaftServerConfigKeys (ConfUtils.java:logGet(46)) - raft.server.log.log-metadata.enabled = true (default)
2025-04-23 15:47:19,261 [omNode-1@group-523986131536-LeaderElection39] INFO  server.RaftServerConfigKeys (ConfUtils.java:logGet(46)) - raft.server.write.element-limit = 4096 (default)
2025-04-23 15:47:19,261 [omNode-1@group-523986131536-LeaderElection39] INFO  server.RaftServerConfigKeys (ConfUtils.java:logGet(46)) - raft.server.write.follower.gap.ratio.max = -1.0 (default)
2025-04-23 15:47:19,262 [omNode-1@group-523986131536-LeaderElection39] INFO  server.RaftServerConfigKeys (ConfUtils.java:logGet(46)) - raft.server.log.appender.snapshot.chunk.size.max = 16MB (=16777216) (default)
2025-04-23 15:47:19,262 [omNode-1@group-523986131536-LeaderElection39] INFO  server.RaftServerConfigKeys (ConfUtils.java:logGet(46)) - raft.server.log.appender.buffer.byte-limit = 4194304 (custom)
2025-04-23 15:47:19,262 [omNode-1@group-523986131536-LeaderElection39] INFO  server.RaftServerConfigKeys (ConfUtils.java:logGet(46)) - raft.server.log.appender.buffer.element-limit = 1024 (custom)
2025-04-23 15:47:19,262 [omNode-1@group-523986131536-LeaderElection39] INFO  server.RaftServerConfigKeys (ConfUtils.java:logGet(46)) - raft.server.log.appender.wait-time.min = 0ms (custom)
2025-04-23 15:47:19,262 [omNode-1@group-523986131536-LeaderElection39] INFO  grpc.GrpcConfigKeys (ConfUtils.java:logGet(46)) - raft.grpc.server.leader.outstanding.appends.max = 8 (default)
2025-04-23 15:47:19,262 [omNode-1@group-523986131536-LeaderElection39] INFO  server.RaftServerConfigKeys (ConfUtils.java:logGet(46)) - raft.server.rpc.request.timeout = 3000ms (default)
2025-04-23 15:47:19,262 [omNode-1@group-523986131536-LeaderElection39] INFO  grpc.GrpcConfigKeys (ConfUtils.java:logGet(46)) - raft.grpc.server.install_snapshot.request.element-limit = 8 (default)
2025-04-23 15:47:19,262 [omNode-1@group-523986131536-LeaderElection39] INFO  grpc.GrpcConfigKeys (ConfUtils.java:logGet(46)) - raft.grpc.server.install_snapshot.request.timeout = 3000ms (default)
2025-04-23 15:47:19,262 [omNode-1@group-523986131536-LeaderElection39] INFO  grpc.GrpcConfigKeys (ConfUtils.java:logGet(46)) - raft.grpc.server.log-message.batch.duration = 5s (default)
2025-04-23 15:47:19,262 [omNode-1@group-523986131536-LeaderElection39] INFO  server.RaftServerConfigKeys (ConfUtils.java:logGet(46)) - raft.server.log.appender.install.snapshot.enabled = false (custom)
2025-04-23 15:47:19,262 [omNode-1@group-523986131536-LeaderElection39] INFO  grpc.GrpcConfigKeys (ConfUtils.java:logGet(46)) - raft.grpc.server.heartbeat.channel = true (default)
2025-04-23 15:47:19,266 [omNode-1@group-523986131536-LeaderElection39] INFO  server.RaftServerConfigKeys (ConfUtils.java:logGet(46)) - raft.server.log.appender.snapshot.chunk.size.max = 16MB (=16777216) (default)
2025-04-23 15:47:19,266 [omNode-1@group-523986131536-LeaderElection39] INFO  server.RaftServerConfigKeys (ConfUtils.java:logGet(46)) - raft.server.log.appender.buffer.byte-limit = 4194304 (custom)
2025-04-23 15:47:19,266 [omNode-1@group-523986131536-LeaderElection39] INFO  server.RaftServerConfigKeys (ConfUtils.java:logGet(46)) - raft.server.log.appender.buffer.element-limit = 1024 (custom)
2025-04-23 15:47:19,266 [omNode-1@group-523986131536-LeaderElection39] INFO  server.RaftServerConfigKeys (ConfUtils.java:logGet(46)) - raft.server.log.appender.wait-time.min = 0ms (custom)
2025-04-23 15:47:19,266 [omNode-1@group-523986131536-LeaderElection39] INFO  grpc.GrpcConfigKeys (ConfUtils.java:logGet(46)) - raft.grpc.server.leader.outstanding.appends.max = 8 (default)
2025-04-23 15:47:19,266 [omNode-1@group-523986131536-LeaderElection39] INFO  server.RaftServerConfigKeys (ConfUtils.java:logGet(46)) - raft.server.rpc.request.timeout = 3000ms (default)
2025-04-23 15:47:19,266 [omNode-1@group-523986131536-LeaderElection39] INFO  grpc.GrpcConfigKeys (ConfUtils.java:logGet(46)) - raft.grpc.server.install_snapshot.request.element-limit = 8 (default)
2025-04-23 15:47:19,266 [omNode-1@group-523986131536-LeaderElection39] INFO  grpc.GrpcConfigKeys (ConfUtils.java:logGet(46)) - raft.grpc.server.install_snapshot.request.timeout = 3000ms (default)
2025-04-23 15:47:19,266 [omNode-1@group-523986131536-LeaderElection39] INFO  grpc.GrpcConfigKeys (ConfUtils.java:logGet(46)) - raft.grpc.server.log-message.batch.duration = 5s (default)
2025-04-23 15:47:19,266 [omNode-1@group-523986131536-LeaderElection39] INFO  server.RaftServerConfigKeys (ConfUtils.java:logGet(46)) - raft.server.log.appender.install.snapshot.enabled = false (custom)
2025-04-23 15:47:19,266 [omNode-1@group-523986131536-LeaderElection39] INFO  grpc.GrpcConfigKeys (ConfUtils.java:logGet(46)) - raft.grpc.server.heartbeat.channel = true (default)
2025-04-23 15:47:19,266 [omNode-1@group-523986131536-LeaderElection39] INFO  impl.RoleInfo (RoleInfo.java:updateAndGet(148)) - omNode-1: start omNode-1@group-523986131536-LeaderStateImpl
2025-04-23 15:47:19,266 [omNode-1@group-523986131536-LeaderElection39] INFO  server.RaftServer$Division (RaftServerImpl.java:setFirstElection(562)) - omNode-1@group-523986131536: set firstElectionSinceStartup to false for becomeLeader
2025-04-23 15:47:19,267 [omNode-1@group-523986131536-LeaderElection39] INFO  ratis.OzoneManagerStateMachine (OzoneManagerStateMachine.java:notifyLeaderChanged(169)) - omNode-1@group-523986131536: leader changed to omNode-1
2025-04-23 15:47:19,267 [omNode-1@group-523986131536-LeaderElection39] INFO  server.RaftServer$Division (ServerState.java:setLeader(272)) - omNode-1@group-523986131536: change Leader from null to omNode-1 at term 1 for becomeLeader, leader elected after 1527ms
2025-04-23 15:47:19,267 [omNode-1@group-523986131536-LeaderElection39] INFO  segmented.SegmentedRaftLogWorker (SegmentedRaftLogWorker.java:startLogSegment(438)) - omNode-1@group-523986131536-SegmentedRaftLogWorker: Starting segment from index:0
2025-04-23 15:47:19,267 [omNode-1@group-523986131536-SegmentedRaftLogWorker] INFO  segmented.BufferedWriteChannel (BufferedWriteChannel.java:open(61)) - open log_inprogress_0 at position 0
2025-04-23 15:47:19,271 [omNode-1@group-523986131536-LeaderElection39] INFO  server.RaftServer$Division (ServerState.java:setRaftConf(386)) - omNode-1@group-523986131536: set configuration conf: {index: 0, cur=peers:[omNode-3|localhost:15059, omNode-1|localhost:15051, omNode-2|localhost:15055]|listeners:[], old=null}
2025-04-23 15:47:19,276 [grpc-default-executor-0] WARN  server.GrpcLogAppender (LogUtils.java:warn(121)) - omNode-1@group-523986131536->omNode-3-AppendLogResponseHandler: Failed appendEntries: org.apache.ratis.thirdparty.io.grpc.StatusRuntimeException: UNAVAILABLE: io exception
2025-04-23 15:47:19,278 [grpc-default-executor-0] WARN  server.GrpcLogAppender (GrpcLogAppender.java:lambda$resetClient$1(221)) - omNode-1@group-523986131536->omNode-3-GrpcLogAppender: Follower failed (request=null, errorCount=1); keep nextIndex (0) unchanged and retry.
2025-04-23 15:47:19,280 [grpc-default-executor-3] WARN  server.GrpcLogAppender (GrpcLogAppender.java:lambda$resetClient$1(221)) - omNode-1@group-523986131536->omNode-3-GrpcLogAppender: Follower failed (request=null, errorCount=2); keep nextIndex (1) unchanged and retry.
2025-04-23 15:47:19,286 [omNode-2-server-thread1] INFO  ratis.OzoneManagerStateMachine (OzoneManagerStateMachine.java:notifyLeaderChanged(169)) - omNode-2@group-523986131536: leader changed to omNode-1
2025-04-23 15:47:19,286 [omNode-2-server-thread1] INFO  server.RaftServer$Division (ServerState.java:setLeader(272)) - omNode-2@group-523986131536: change Leader from null to omNode-1 at term 1 for appendEntries, leader elected after 836ms
2025-04-23 15:47:19,286 [omNode-1@group-523986131536-SegmentedRaftLogWorker] INFO  segmented.SegmentedRaftLogWorker (SegmentedRaftLogWorker.java:execute(644)) - omNode-1@group-523986131536-SegmentedRaftLogWorker: created new log segment /home/runner/work/ozone/ozone/hadoop-ozone/integration-test/target/test-dir/MiniOzoneClusterImpl-11ed033c-ec90-4580-9385-902e6658689d/omNode-1/ratis/c9bc4cf4-3bc3-3c60-a66b-523986131536/current/log_inprogress_0
2025-04-23 15:47:19,287 [omNode-2-server-thread2] INFO  server.RaftServer$Division (ServerState.java:setRaftConf(386)) - omNode-2@group-523986131536: set configuration conf: {index: 0, cur=peers:[omNode-3|localhost:15059, omNode-1|localhost:15051, omNode-2|localhost:15055]|listeners:[], old=null}
2025-04-23 15:47:19,288 [omNode-2-server-thread2] INFO  segmented.SegmentedRaftLogWorker (SegmentedRaftLogWorker.java:startLogSegment(438)) - omNode-2@group-523986131536-SegmentedRaftLogWorker: Starting segment from index:0
2025-04-23 15:47:19,288 [omNode-2@group-523986131536-SegmentedRaftLogWorker] INFO  segmented.BufferedWriteChannel (BufferedWriteChannel.java:open(61)) - open log_inprogress_0 at position 0
2025-04-23 15:47:19,297 [omNode-2@group-523986131536-SegmentedRaftLogWorker] INFO  segmented.SegmentedRaftLogWorker (SegmentedRaftLogWorker.java:execute(644)) - omNode-2@group-523986131536-SegmentedRaftLogWorker: created new log segment /home/runner/work/ozone/ozone/hadoop-ozone/integration-test/target/test-dir/MiniOzoneClusterImpl-11ed033c-ec90-4580-9385-902e6658689d/omNode-2/ratis/c9bc4cf4-3bc3-3c60-a66b-523986131536/current/log_inprogress_0
2025-04-23 15:47:19,299 [omNode-1@group-523986131536-StateMachineUpdater] INFO  ratis.OzoneManagerStateMachine (OzoneManagerStateMachine.java:notifyConfigurationChanged(231)) - notifyConfigurationChanged from Ratis: term=1, index=0, New Peer list: omNode-3(localhost:15059), omNode-1(localhost:15051), omNode-2(localhost:15055)
2025-04-23 15:47:19,299 [omNode-1@group-523986131536-StateMachineUpdater] INFO  server.RaftServer$Division (LeaderStateImpl.java:checkStartIndex(313)) - Leader omNode-1@group-523986131536-LeaderStateImpl is ready since appliedIndex == startIndex == 0
2025-04-23 15:47:19,504 [main] INFO  reflections.Reflections (Reflections.java:scan(219)) - Reflections took 400 ms to scan 22 urls, producing 61 keys and 7422 values
2025-04-23 15:47:19,505 [main] INFO  ipc.CallQueueManager (CallQueueManager.java:<init>(93)) - Using callQueue: class java.util.concurrent.LinkedBlockingQueue, queueCapacity: 2000, scheduler: class org.apache.hadoop.ipc.DefaultRpcScheduler, ipcBackoff: false, ipcFailOver: false.
2025-04-23 15:47:19,505 [main] INFO  ipc.Server (Server.java:<init>(1438)) - Listener at 127.0.0.1:15056
2025-04-23 15:47:19,505 [Socket Reader #1 for port 15056] INFO  ipc.Server (Server.java:run(1474)) - Starting Socket Reader #1 for port 15056
2025-04-23 15:47:19,506 [Socket Reader #2 for port 15056] INFO  ipc.Server (Server.java:run(1474)) - Starting Socket Reader #2 for port 15056
2025-04-23 15:47:19,506 [Socket Reader #4 for port 15056] INFO  ipc.Server (Server.java:run(1474)) - Starting Socket Reader #4 for port 15056
2025-04-23 15:47:19,506 [Socket Reader #3 for port 15056] INFO  ipc.Server (Server.java:run(1474)) - Starting Socket Reader #3 for port 15056
2025-04-23 15:47:19,506 [Socket Reader #5 for port 15056] INFO  ipc.Server (Server.java:run(1474)) - Starting Socket Reader #5 for port 15056
2025-04-23 15:47:19,506 [Socket Reader #6 for port 15056] INFO  ipc.Server (Server.java:run(1474)) - Starting Socket Reader #6 for port 15056
2025-04-23 15:47:19,506 [Socket Reader #7 for port 15056] INFO  ipc.Server (Server.java:run(1474)) - Starting Socket Reader #7 for port 15056
2025-04-23 15:47:19,506 [Socket Reader #8 for port 15056] INFO  ipc.Server (Server.java:run(1474)) - Starting Socket Reader #8 for port 15056
2025-04-23 15:47:19,506 [Socket Reader #9 for port 15056] INFO  ipc.Server (Server.java:run(1474)) - Starting Socket Reader #9 for port 15056
2025-04-23 15:47:19,507 [Socket Reader #10 for port 15056] INFO  ipc.Server (Server.java:run(1474)) - Starting Socket Reader #10 for port 15056
2025-04-23 15:47:19,525 [main] INFO  impl.MetricsSystemImpl (MetricsSystemImpl.java:init(158)) - OzoneManager metrics system started (again)
2025-04-23 15:47:19,534 [main] INFO  om.OzoneManager (OzoneManager.java:start(1787)) - OzoneManager RPC server is listening at localhost/127.0.0.1:15056
2025-04-23 15:47:19,535 [main] INFO  ratis.OzoneManagerRatisServer (OzoneManagerRatisServer.java:start(628)) - Starting OzoneManagerRatisServer omNode-3 at port 15059
2025-04-23 15:47:19,535 [omNode-3-impl-thread1] INFO  server.RaftServerConfigKeys (ConfUtils.java:logGet(46)) - raft.server.storage.free-space.min = 0MB (=0) (default)
2025-04-23 15:47:19,535 [omNode-3-impl-thread1] INFO  server.RaftServerConfigKeys (ConfUtils.java:logGet(46)) - raft.server.log.corruption.policy = EXCEPTION (default)
2025-04-23 15:47:19,535 [omNode-3-impl-thread1] INFO  server.RaftServerConfigKeys (ConfUtils.java:logGet(46)) - raft.server.storage.dir = [/home/runner/work/ozone/ozone/hadoop-ozone/integration-test/target/test-dir/MiniOzoneClusterImpl-11ed033c-ec90-4580-9385-902e6658689d/omNode-3/ratis] (custom)
2025-04-23 15:47:19,535 [omNode-3-impl-thread1] INFO  storage.RaftStorageDirectory (RaftStorageDirectoryImpl.java:analyzeStorage(138)) - The storage directory /home/runner/work/ozone/ozone/hadoop-ozone/integration-test/target/test-dir/MiniOzoneClusterImpl-11ed033c-ec90-4580-9385-902e6658689d/omNode-3/ratis/c9bc4cf4-3bc3-3c60-a66b-523986131536 does not exist. Creating ...
2025-04-23 15:47:19,536 [omNode-3-impl-thread1] INFO  storage.RaftStorageDirectory (RaftStorageDirectoryImpl.java:tryLock(229)) - Lock on /home/runner/work/ozone/ozone/hadoop-ozone/integration-test/target/test-dir/MiniOzoneClusterImpl-11ed033c-ec90-4580-9385-902e6658689d/omNode-3/ratis/c9bc4cf4-3bc3-3c60-a66b-523986131536/in_use.lock acquired by nodename 129659@fv-az1337-835
2025-04-23 15:47:19,537 [omNode-3-impl-thread1] INFO  storage.RaftStorage (RaftStorageImpl.java:format(98)) - Storage directory /home/runner/work/ozone/ozone/hadoop-ozone/integration-test/target/test-dir/MiniOzoneClusterImpl-11ed033c-ec90-4580-9385-902e6658689d/omNode-3/ratis/c9bc4cf4-3bc3-3c60-a66b-523986131536 has been successfully formatted.
2025-04-23 15:47:19,537 [omNode-3-impl-thread1] INFO  ratis.OzoneManagerStateMachine (OzoneManagerStateMachine.java:lambda$0(138)) - omNode-3: initialize group-523986131536 with (t:0, i:~)
2025-04-23 15:47:19,537 [omNode-3-impl-thread1] INFO  server.RaftServerConfigKeys (ConfUtils.java:logGet(46)) - raft.server.log.use.memory = false (default)
2025-04-23 15:47:19,537 [omNode-3-impl-thread1] INFO  server.RaftServerConfigKeys (ConfUtils.java:logGet(46)) - raft.server.log.purge.gap = 50 (custom)
2025-04-23 15:47:19,537 [omNode-3-impl-thread1] INFO  server.RaftServerConfigKeys (ConfUtils.java:logGet(46)) - raft.server.log.appender.buffer.byte-limit = 4194304 (custom)
2025-04-23 15:47:19,537 [omNode-3-impl-thread1] INFO  server.RaftServerConfigKeys (ConfUtils.java:logGet(46)) - raft.server.log.statemachine.data.read.timeout = 1000ms (default)
2025-04-23 15:47:19,537 [omNode-3-impl-thread1] INFO  server.RaftServerConfigKeys (ConfUtils.java:logGet(46)) - raft.server.log.purge.preservation.log.num = 0 (default)
2025-04-23 15:47:19,538 [omNode-3-impl-thread1] INFO  server.RaftServerConfigKeys (ConfUtils.java:logGet(46)) - raft.server.log.segment.size.max = 4194304 (custom)
2025-04-23 15:47:19,538 [omNode-3-impl-thread1] INFO  server.RaftServerConfigKeys (ConfUtils.java:logGet(46)) - raft.server.log.segment.cache.num.max = 2 (custom)
2025-04-23 15:47:19,538 [omNode-3-impl-thread1] INFO  server.RaftServerConfigKeys (ConfUtils.java:logGet(46)) - raft.server.log.segment.cache.size.max = 200MB (=209715200) (default)
2025-04-23 15:47:19,538 [omNode-3-impl-thread1] INFO  server.RaftServerConfigKeys (ConfUtils.java:logGet(46)) - raft.server.log.appender.buffer.byte-limit = 4194304 (custom)
2025-04-23 15:47:19,541 [omNode-3-impl-thread1] INFO  util.AwaitToRun (AwaitToRun.java:start(81)) - Thread[#8629,omNode-3@group-523986131536-cacheEviction-AwaitToRun,5,main] started
2025-04-23 15:47:19,541 [omNode-3-impl-thread1] INFO  segmented.SegmentedRaftLogWorker (SegmentedRaftLogWorker.java:<init>(188)) - new omNode-3@group-523986131536-SegmentedRaftLogWorker for RaftStorageImpl:Storage Directory /home/runner/work/ozone/ozone/hadoop-ozone/integration-test/target/test-dir/MiniOzoneClusterImpl-11ed033c-ec90-4580-9385-902e6658689d/omNode-3/ratis/c9bc4cf4-3bc3-3c60-a66b-523986131536
2025-04-23 15:47:19,541 [omNode-3-impl-thread1] INFO  server.RaftServerConfigKeys (ConfUtils.java:logGet(46)) - raft.server.log.queue.byte-limit = 64MB (=67108864) (default)
2025-04-23 15:47:19,541 [omNode-3-impl-thread1] INFO  server.RaftServerConfigKeys (ConfUtils.java:logGet(46)) - raft.server.log.queue.element-limit = 4096 (default)
2025-04-23 15:47:19,541 [omNode-3-impl-thread1] INFO  server.RaftServerConfigKeys (ConfUtils.java:logGet(46)) - raft.server.log.segment.size.max = 4194304 (custom)
2025-04-23 15:47:19,541 [omNode-3-impl-thread1] INFO  server.RaftServerConfigKeys (ConfUtils.java:logGet(46)) - raft.server.log.preallocated.size = 4194304 (custom)
2025-04-23 15:47:19,541 [omNode-3-impl-thread1] INFO  server.RaftServerConfigKeys (ConfUtils.java:logGet(46)) - raft.server.log.force.sync.num = 128 (default)
2025-04-23 15:47:19,541 [omNode-3-impl-thread1] INFO  server.RaftServerConfigKeys (ConfUtils.java:logGet(46)) - raft.server.log.statemachine.data.sync = true (default)
2025-04-23 15:47:19,541 [omNode-3-impl-thread1] INFO  server.RaftServerConfigKeys (ConfUtils.java:logGet(46)) - raft.server.log.statemachine.data.sync.timeout = 10s (default)
2025-04-23 15:47:19,541 [omNode-3-impl-thread1] INFO  server.RaftServerConfigKeys (ConfUtils.java:logGet(46)) - raft.server.log.statemachine.data.sync.timeout.retry = -1 (default)
2025-04-23 15:47:19,541 [omNode-3-impl-thread1] INFO  server.RaftServerConfigKeys (ConfUtils.java:logGet(46)) - raft.server.log.write.buffer.size = 4194312 (custom)
2025-04-23 15:47:19,541 [omNode-3-impl-thread1] INFO  server.RaftServerConfigKeys (ConfUtils.java:logGet(46)) - raft.server.log.appender.buffer.byte-limit = 4194304 (custom)
2025-04-23 15:47:19,542 [omNode-3-impl-thread1] INFO  server.RaftServerConfigKeys (ConfUtils.java:logGet(46)) - raft.server.log.unsafe-flush.enabled = false (default)
2025-04-23 15:47:19,542 [omNode-3-impl-thread1] INFO  server.RaftServerConfigKeys (ConfUtils.java:logGet(46)) - raft.server.log.async-flush.enabled = false (default)
2025-04-23 15:47:19,542 [omNode-3-impl-thread1] INFO  server.RaftServerConfigKeys (ConfUtils.java:logGet(46)) - raft.server.log.statemachine.data.caching.enabled = false (default)
2025-04-23 15:47:19,542 [omNode-3-impl-thread1] INFO  segmented.SegmentedRaftLogWorker (SegmentedRaftLogWorker.java:lambda$new$0(139)) - omNode-3@group-523986131536-SegmentedRaftLogWorker: flushIndex: setUnconditionally 0 -> -1
2025-04-23 15:47:19,542 [omNode-3-impl-thread1] INFO  segmented.SegmentedRaftLogWorker (SegmentedRaftLogWorker.java:lambda$new$0(139)) - omNode-3@group-523986131536-SegmentedRaftLogWorker: safeCacheEvictIndex: setUnconditionally 0 -> -1
2025-04-23 15:47:19,543 [omNode-3-impl-thread1] INFO  server.RaftServer$Division (RaftServerImpl.java:start(391)) - omNode-3@group-523986131536: start as a follower, conf=conf: {index: -1, cur=peers:[omNode-3|localhost:15059, omNode-1|localhost:15051, omNode-2|localhost:15055]|listeners:[], old=null}
2025-04-23 15:47:19,543 [omNode-3-impl-thread1] INFO  server.RaftServer$Division (RaftServerImpl.java:setRole(378)) - omNode-3@group-523986131536: changes role from      null to FOLLOWER at term 0 for startAsFollower
2025-04-23 15:47:19,543 [omNode-3-impl-thread1] INFO  impl.RoleInfo (RoleInfo.java:updateAndGet(148)) - omNode-3: start omNode-3@group-523986131536-FollowerState
2025-04-23 15:47:19,543 [omNode-3-impl-thread1] INFO  util.JmxRegister (JmxRegister.java:tryRegister(44)) - Successfully registered JMX Bean with object name Ratis:service=RaftServer,group=group-523986131536,id=omNode-3
2025-04-23 15:47:19,543 [omNode-3-impl-thread1] INFO  util.JmxRegister (JmxRegister.java:register(58)) - register mxBean class org.apache.ratis.server.impl.RaftServerJmxAdapter as Ratis:service=RaftServer,group=group-523986131536,id=omNode-3
2025-04-23 15:47:19,543 [omNode-3-impl-thread1] INFO  server.RaftServerConfigKeys (ConfUtils.java:logGet(46)) - raft.server.snapshot.trigger-when-stop.enabled = true (default)
2025-04-23 15:47:19,543 [omNode-3-impl-thread1] INFO  server.RaftServerConfigKeys (ConfUtils.java:logGet(46)) - raft.server.snapshot.trigger-when-remove.enabled = true (default)
2025-04-23 15:47:19,544 [omNode-3-impl-thread1] INFO  server.RaftServerConfigKeys (ConfUtils.java:logGet(46)) - raft.server.snapshot.auto.trigger.enabled = true (custom)
2025-04-23 15:47:19,544 [omNode-3-impl-thread1] INFO  server.RaftServerConfigKeys (ConfUtils.java:logGet(46)) - raft.server.snapshot.auto.trigger.threshold = 50 (custom)
2025-04-23 15:47:19,544 [omNode-3-impl-thread1] INFO  server.RaftServerConfigKeys (ConfUtils.java:logGet(46)) - raft.server.snapshot.retention.file.num = -1 (default)
2025-04-23 15:47:19,544 [omNode-3-impl-thread1] INFO  server.RaftServerConfigKeys (ConfUtils.java:logGet(46)) - raft.server.log.purge.upto.snapshot.index = true (custom)
2025-04-23 15:47:19,544 [omNode-3@group-523986131536-FollowerState] INFO  server.RaftServerConfigKeys (ConfUtils.java:logFallback(53)) - raft.server.rpc.first-election.timeout.min = 1s (fallback to raft.server.rpc.timeout.min)
2025-04-23 15:47:19,544 [omNode-3@group-523986131536-FollowerState] INFO  server.RaftServerConfigKeys (ConfUtils.java:logFallback(53)) - raft.server.rpc.first-election.timeout.max = 1200ms (fallback to raft.server.rpc.timeout.max)
2025-04-23 15:47:19,545 [omNode-3-impl-thread1] INFO  server.RaftServer$Division (RaftServerImpl.java:start(405)) - omNode-3@group-523986131536: Successfully started.
2025-04-23 15:47:19,545 [main] INFO  server.RaftServer (RaftServerProxy.java:startImpl(407)) - omNode-3: start RPC server
2025-04-23 15:47:19,546 [main] INFO  server.GrpcService (GrpcService.java:startImpl(334)) - omNode-3: GrpcService started, listening on 15059
2025-04-23 15:47:19,551 [JvmPauseMonitor45] INFO  util.JvmPauseMonitor (JvmPauseMonitor.java:run(146)) - JvmPauseMonitor-omNode-3: Started
2025-04-23 15:47:19,551 [main] INFO  om.OzoneManager (OzoneManager.java:start(1802)) - Version File has different layout version (8) than OM DB (null). That is expected if this OM has never been finalized to a newer layout version.
2025-04-23 15:47:19,553 [main] INFO  client.ScmTopologyClient (ScmTopologyClient.java:start(70)) - Initial network topology fetched from SCM: /.
2025-04-23 15:47:19,554 [main] INFO  net.NodeSchemaLoader (NodeSchemaLoader.java:loadSchemaFromFile(127)) - Loading schema from [jar:file:/home/runner/work/ozone/ozone/hadoop-hdds/common/target/hdds-common-2.1.0-SNAPSHOT.jar!/network-topology-default.xml]
2025-04-23 15:47:19,554 [main] INFO  net.NodeSchemaLoader (NodeSchemaLoader.java:loadSchema(174)) - Loading network topology layer schema file
2025-04-23 15:47:19,558 [main] INFO  http.BaseHttpServer (BaseHttpServer.java:newHttpServer2BuilderForOzone(229)) - Starting Web-server for ozoneManager at: http://0.0.0.0:15057
2025-04-23 15:47:19,558 [main] INFO  http.BaseHttpServer (BaseHttpServer.java:<init>(107)) - Hadoop Security Enabled: false Ozone Security Enabled: false Ozone HTTP Security Enabled: false 
2025-04-23 15:47:19,559 [main] WARN  server.AuthenticationFilter (AuthenticationFilter.java:constructSecretProvider(240)) - Unable to initialize FileSignerSecretProvider, falling back to use random secrets. Reason: Could not read signature secret file: /home/runner/hadoop-http-auth-signature-secret
2025-04-23 15:47:19,560 [main] INFO  http.HttpServer2 (HttpServer2.java:addGlobalFilter(1041)) - Added global filter 'safety' (class=org.apache.hadoop.hdds.server.http.HttpServer2$QuotingInputFilter)
2025-04-23 15:47:19,561 [main] INFO  http.HttpServer2 (HttpServer2.java:addFilter(1017)) - Added filter static_user_filter (class=org.apache.hadoop.http.lib.StaticUserWebFilter$StaticUserFilter) to context ozoneManager
2025-04-23 15:47:19,561 [main] INFO  http.HttpServer2 (HttpServer2.java:addFilter(1025)) - Added filter static_user_filter (class=org.apache.hadoop.http.lib.StaticUserWebFilter$StaticUserFilter) to context static
2025-04-23 15:47:19,561 [main] INFO  http.HttpServer2 (HttpServer2.java:addFilter(1025)) - Added filter static_user_filter (class=org.apache.hadoop.http.lib.StaticUserWebFilter$StaticUserFilter) to context logs
2025-04-23 15:47:19,561 [main] INFO  http.BaseHttpServer (BaseHttpServer.java:<init>(195)) - HTTP server of ozoneManager uses base directory /home/runner/work/ozone/ozone/hadoop-ozone/integration-test/target/test-dir/MiniOzoneClusterImpl-11ed033c-ec90-4580-9385-902e6658689d/omNode-3/webserver
2025-04-23 15:47:19,562 [main] INFO  http.HttpServer2 (HttpServer2.java:bindListener(1241)) - Jetty bound to port 15057
2025-04-23 15:47:19,562 [main] INFO  server.Server (Server.java:doStart(375)) - jetty-9.4.57.v20241219; built: 2025-01-08T21:24:30.412Z; git: df524e6b29271c2e09ba9aea83c18dc9db464a31; jvm 21.0.7+6-LTS
2025-04-23 15:47:19,563 [main] INFO  server.session (DefaultSessionIdManager.java:doStart(334)) - DefaultSessionIdManager workerName=node0
2025-04-23 15:47:19,563 [main] INFO  server.session (DefaultSessionIdManager.java:doStart(339)) - No SessionScavenger set, using defaults
2025-04-23 15:47:19,563 [main] INFO  server.session (HouseKeeper.java:startScavenging(132)) - node0 Scavenging every 600000ms
2025-04-23 15:47:19,563 [main] INFO  handler.ContextHandler (ContextHandler.java:doStart(921)) - Started o.e.j.s.ServletContextHandler@69656798{logs,/logs,file:///home/runner/work/ozone/ozone/hadoop-ozone/integration-test/target/log,AVAILABLE}
2025-04-23 15:47:19,564 [main] INFO  handler.ContextHandler (ContextHandler.java:doStart(921)) - Started o.e.j.s.ServletContextHandler@e3ca149{static,/static,file:///home/runner/work/ozone/ozone/hadoop-ozone/integration-test/target/test-classes/webapps/static,AVAILABLE}
2025-04-23 15:47:19,567 [main] INFO  handler.ContextHandler (ContextHandler.java:doStart(921)) - Started o.e.j.w.WebAppContext@303ed642{ozoneManager,/,file:///home/runner/work/ozone/ozone/hadoop-ozone/integration-test/target/test-classes/webapps/ozoneManager/,AVAILABLE}{file:/home/runner/work/ozone/ozone/hadoop-ozone/integration-test/target/test-classes/webapps/ozoneManager}
2025-04-23 15:47:19,568 [main] INFO  server.AbstractConnector (AbstractConnector.java:doStart(333)) - Started ServerConnector@74e453c2{HTTP/1.1, (http/1.1)}{0.0.0.0:15057}
2025-04-23 15:47:19,568 [main] INFO  server.Server (Server.java:doStart(415)) - Started @174549ms
2025-04-23 15:47:19,568 [main] WARN  impl.MetricsSystemImpl (MetricsSystemImpl.java:register(279)) - Sink prometheus already exists!
2025-04-23 15:47:19,568 [main] INFO  http.BaseHttpServer (BaseHttpServer.java:updateConnectorAddress(360)) - HTTP server of ozoneManager listening at http://0.0.0.0:15057
2025-04-23 15:47:19,568 [IPC Server Responder] INFO  ipc.Server (Server.java:run(1713)) - IPC Server Responder: starting
2025-04-23 15:47:19,569 [IPC Server listener on 15056] INFO  ipc.Server (Server.java:run(1553)) - IPC Server listener on 15056: starting
2025-04-23 15:47:19,571 [main] INFO  om.OzoneManager (OzoneManager.java:startTrashEmptier(2257)) - Trash Interval set to 0. Files deleted won't move to trash
2025-04-23 15:47:19,571 [main] INFO  ozone.MiniOzoneHAClusterImpl (MiniOzoneHAClusterImpl.java:createOMService(516)) - Started OzoneManager omNode-3 RPC server at localhost/127.0.0.1:15056
2025-04-23 15:47:19,579 [main] WARN  dropwizard3.Dm3MetricRegistriesImpl (Dm3MetricRegistriesImpl.java:addReporterRegistration(114)) - New reporters are added after registries were created. Some metrics will be missing from the reporter. Please add reporter before adding any new registry.
2025-04-23 15:47:19,579 [main] WARN  dropwizard3.Dm3MetricRegistriesImpl (Dm3MetricRegistriesImpl.java:addReporterRegistration(114)) - New reporters are added after registries were created. Some metrics will be missing from the reporter. Please add reporter before adding any new registry.
2025-04-23 15:47:19,579 [main] INFO  impl.MetricsSystemImpl (MetricsSystemImpl.java:init(158)) - HddsDatanode metrics system started (again)
2025-04-23 15:47:19,589 [main] INFO  protocol.DatanodeDetails (DatanodeDetails.java:validateDatanodeIpAddress(199)) - Updating IP address of datanode 29e49559-ca15-4e73-8b82-6fc70a227cc4(fv-az1337-835.volajmlkxqluvnxrtphx4chkya.cx.internal.cloudapp.net/null) to 10.1.0.188
2025-04-23 15:47:19,589 [main] INFO  ozone.HddsDatanodeService (HddsDatanodeService.java:start(234)) - HddsDatanodeService 29e49559-ca15-4e73-8b82-6fc70a227cc4(fv-az1337-835.volajmlkxqluvnxrtphx4chkya.cx.internal.cloudapp.net/10.1.0.188)
2025-04-23 15:47:19,591 [main] INFO  upgrade.AbstractLayoutVersionManager (AbstractLayoutVersionManager.java:init(80)) - Initializing Layout version manager with metadata layout = HBASE_SUPPORT (version = 8), software layout = HBASE_SUPPORT (version = 8)
2025-04-23 15:47:19,592 [main] INFO  statemachine.DatanodeStateMachine (DatanodeStateMachine.java:getEndPointTaskThreadPoolSize(297)) - Datanode State Machine Task Thread Pool size 2
2025-04-23 15:47:19,594 [main] INFO  volume.HddsVolume (HddsVolume.java:<init>(158)) - HddsVolume: { id=DS-c0b31366-812c-4224-920e-097c198f04e8 dir=/home/runner/work/ozone/ozone/hadoop-ozone/integration-test/target/test-dir/MiniOzoneClusterImpl-11ed033c-ec90-4580-9385-902e6658689d/ozone-meta/datanode-1/data-0/hdds type=DISK capacity=9222449699674390527 used=0 available=9222449699674390527 minFree=5368709120 committed=0 }
2025-04-23 15:47:19,594 [main] INFO  volume.MutableVolumeSet (MutableVolumeSet.java:initializeVolumeSet(166)) - Added Volume : /home/runner/work/ozone/ozone/hadoop-ozone/integration-test/target/test-dir/MiniOzoneClusterImpl-11ed033c-ec90-4580-9385-902e6658689d/ozone-meta/datanode-1/data-0/hdds to VolumeSet
2025-04-23 15:47:19,595 [main] INFO  volume.MutableVolumeSet (MutableVolumeSet.java:initializeVolumeSet(166)) - Added Volume : /home/runner/work/ozone/ozone/hadoop-ozone/integration-test/target/test-dir/MiniOzoneClusterImpl-11ed033c-ec90-4580-9385-902e6658689d/ozone-meta/datanode-1/ratis to VolumeSet
2025-04-23 15:47:19,595 [main] INFO  ozoneimpl.OzoneContainer (HddsVolumeUtil.java:loadAllHddsVolumeDbStore(102)) - Load 1 volumes DbStore cost: 0ms
2025-04-23 15:47:19,596 [main] WARN  db.DBStoreBuilder (DBStoreBuilder.java:getDBDirPath(167)) - ozone.scm.datanode.id.dir is not configured. We recommend adding this setting. Falling back to ozone.metadata.dirs instead.
2025-04-23 15:47:19,596 [main] WARN  db.DBStoreBuilder (DBStoreBuilder.java:getDBDirPath(167)) - ozone.scm.datanode.id.dir is not configured. We recommend adding this setting. Falling back to ozone.metadata.dirs instead.
2025-04-23 15:47:19,608 [main] INFO  impl.FilePerChunkStrategy (FilePerChunkStrategy.java:<init>(79)) - ozone.chunk.read.mapped.buffer.max.count is load with 0
2025-04-23 15:47:19,608 [main] INFO  impl.FilePerBlockStrategy (FilePerBlockStrategy.java:<init>(87)) - ozone.chunk.read.mapped.buffer.max.count is load with 0
2025-04-23 15:47:19,609 [main] INFO  server.RaftServerConfigKeys (ConfUtils.java:logGet(46)) - raft.server.log.appender.buffer.byte-limit = 33554432 (custom)
2025-04-23 15:47:19,610 [main] INFO  server.RaftServer (ConfUtils.java:logGet(46)) - raft.rpc.type = GRPC (default)
2025-04-23 15:47:19,610 [main] INFO  grpc.GrpcConfigKeys (ConfUtils.java:logFallback(53)) - raft.grpc.admin.host = null (fallback to raft.grpc.server.host)
2025-04-23 15:47:19,610 [main] INFO  grpc.GrpcConfigKeys (ConfUtils.java:logGet(46)) - raft.grpc.admin.port = 15064 (custom)
2025-04-23 15:47:19,610 [main] INFO  grpc.GrpcConfigKeys (ConfUtils.java:logFallback(53)) - raft.grpc.client.host = null (fallback to raft.grpc.server.host)
2025-04-23 15:47:19,610 [main] INFO  grpc.GrpcConfigKeys (ConfUtils.java:logGet(46)) - raft.grpc.client.port = 15063 (custom)
2025-04-23 15:47:19,610 [main] INFO  grpc.GrpcConfigKeys (ConfUtils.java:logGet(46)) - raft.grpc.server.host = null (default)
2025-04-23 15:47:19,610 [main] INFO  grpc.GrpcConfigKeys (ConfUtils.java:logGet(46)) - raft.grpc.server.port = 15065 (custom)
2025-04-23 15:47:19,610 [main] INFO  server.GrpcService (ConfUtils.java:logGet(46)) - raft.grpc.message.size.max = 34603008 (custom)
2025-04-23 15:47:19,610 [main] INFO  server.GrpcService (ConfUtils.java:logGet(46)) - raft.grpc.flow.control.window = 5MB (=5242880) (custom)
2025-04-23 15:47:19,611 [main] INFO  server.RaftServerConfigKeys (ConfUtils.java:logGet(46)) - raft.server.rpc.request.timeout = 60s (custom)
2025-04-23 15:47:19,611 [main] INFO  grpc.GrpcConfigKeys (ConfUtils.java:logGet(46)) - raft.grpc.server.heartbeat.channel = true (default)
2025-04-23 15:47:19,611 [main] INFO  server.RaftServerConfigKeys (ConfUtils.java:logGet(46)) - raft.server.log.appender.buffer.byte-limit = 33554432 (custom)
2025-04-23 15:47:19,611 [main] INFO  grpc.GrpcConfigKeys (ConfUtils.java:logGet(46)) - raft.grpc.server.async.request.thread.pool.cached = true (default)
2025-04-23 15:47:19,611 [main] INFO  grpc.GrpcConfigKeys (ConfUtils.java:logGet(46)) - raft.grpc.server.async.request.thread.pool.size = 32 (default)
2025-04-23 15:47:19,612 [main] INFO  impl.DataStreamServerImpl (ConfUtils.java:logGet(46)) - raft.datastream.type = NETTY (custom)
2025-04-23 15:47:19,612 [main] INFO  server.RaftServerConfigKeys (ConfUtils.java:logGet(46)) - raft.server.data-stream.async.request.thread.pool.cached = false (default)
2025-04-23 15:47:19,612 [main] INFO  server.RaftServerConfigKeys (ConfUtils.java:logGet(46)) - raft.server.data-stream.async.request.thread.pool.size = 20 (custom)
2025-04-23 15:47:19,612 [main] INFO  server.RaftServerConfigKeys (ConfUtils.java:logGet(46)) - raft.server.data-stream.async.write.thread.pool.size = 16 (default)
2025-04-23 15:47:19,613 [main] INFO  netty.NettyConfigKeys$DataStream (ConfUtils.java:logGet(46)) - raft.netty.dataStream.server.channel.inactive.grace-period = 10min (default)
2025-04-23 15:47:19,613 [main] INFO  server.RaftServerConfigKeys (ConfUtils.java:logGet(46)) - raft.server.data-stream.client.pool.size = 10 (default)
2025-04-23 15:47:19,613 [main] INFO  netty.NettyConfigKeys$DataStream (ConfUtils.java:logGet(46)) - raft.netty.dataStream.server.use-epoll = true (default)
2025-04-23 15:47:19,613 [main] INFO  netty.NettyConfigKeys$DataStream (ConfUtils.java:logGet(46)) - raft.netty.dataStream.server.boss-group.size = 0 (default)
2025-04-23 15:47:19,613 [main] INFO  netty.NettyUtils (NettyUtils.java:newEventLoopGroup(74)) - Create EpollEventLoopGroup for 29e49559-ca15-4e73-8b82-6fc70a227cc4-NettyServerStreamRpc-bossGroup; Thread size is 0.
2025-04-23 15:47:19,613 [main] INFO  netty.NettyConfigKeys$DataStream (ConfUtils.java:logGet(46)) - raft.netty.dataStream.server.worker-group.size = 0 (default)
2025-04-23 15:47:19,613 [main] INFO  netty.NettyUtils (NettyUtils.java:newEventLoopGroup(74)) - Create EpollEventLoopGroup for 29e49559-ca15-4e73-8b82-6fc70a227cc4-NettyServerStreamRpc-workerGroup; Thread size is 0.
2025-04-23 15:47:19,614 [main] INFO  netty.NettyConfigKeys$DataStream (ConfUtils.java:logGet(46)) - raft.netty.dataStream.server.tls.conf = null (default)
2025-04-23 15:47:19,614 [main] INFO  netty.NettyConfigKeys$DataStream (ConfUtils.java:logGet(46)) - raft.netty.dataStream.host = null (default)
2025-04-23 15:47:19,614 [main] INFO  netty.NettyConfigKeys$DataStream (ConfUtils.java:logGet(46)) - raft.netty.dataStream.port = 15066 (custom)
2025-04-23 15:47:19,614 [main] INFO  server.RaftServerConfigKeys (ConfUtils.java:logGet(46)) - raft.server.sleep.deviation.threshold = 300ms (default)
2025-04-23 15:47:19,614 [main] INFO  server.RaftServerConfigKeys (ConfUtils.java:logGet(46)) - raft.server.close.threshold = 60s (default)
2025-04-23 15:47:19,615 [main] INFO  server.RaftServerConfigKeys (ConfUtils.java:logGet(46)) - raft.server.leaderelection.leader.step-down.wait-time = 10s (default)
2025-04-23 15:47:19,615 [main] INFO  server.RaftServerConfigKeys (ConfUtils.java:logGet(46)) - raft.server.storage.dir = [/home/runner/work/ozone/ozone/hadoop-ozone/integration-test/target/test-dir/MiniOzoneClusterImpl-11ed033c-ec90-4580-9385-902e6658689d/ozone-meta/datanode-1/ratis] (custom)
2025-04-23 15:47:19,615 [main] INFO  server.RaftServerConfigKeys (ConfUtils.java:logGet(46)) - raft.server.threadpool.proxy.cached = true (default)
2025-04-23 15:47:19,615 [main] INFO  server.RaftServerConfigKeys (ConfUtils.java:logGet(46)) - raft.server.threadpool.proxy.size = 0 (default)
2025-04-23 15:47:19,615 [29e49559-ca15-4e73-8b82-6fc70a227cc4-NettyServerStreamRpc-bossGroup--thread1] INFO  logging.LoggingHandler (AbstractInternalLogger.java:log(148)) - [id: 0xbdfebfa0] REGISTERED
2025-04-23 15:47:19,615 [29e49559-ca15-4e73-8b82-6fc70a227cc4-NettyServerStreamRpc-bossGroup--thread1] INFO  logging.LoggingHandler (AbstractInternalLogger.java:log(148)) - [id: 0xbdfebfa0] BIND: 0.0.0.0/0.0.0.0:15066
2025-04-23 15:47:19,615 [29e49559-ca15-4e73-8b82-6fc70a227cc4-impl-thread1] INFO  server.RaftServer (RaftServerProxy.java:initGroupDir(265)) - 29e49559-ca15-4e73-8b82-6fc70a227cc4: found a subdirectory /home/runner/work/ozone/ozone/hadoop-ozone/integration-test/target/test-dir/MiniOzoneClusterImpl-11ed033c-ec90-4580-9385-902e6658689d/ozone-meta/datanode-1/ratis/tmp
2025-04-23 15:47:19,615 [29e49559-ca15-4e73-8b82-6fc70a227cc4-NettyServerStreamRpc-bossGroup--thread1] INFO  logging.LoggingHandler (AbstractInternalLogger.java:log(148)) - [id: 0xbdfebfa0, L:/0.0.0.0:15066] ACTIVE
2025-04-23 15:47:19,615 [29e49559-ca15-4e73-8b82-6fc70a227cc4-impl-thread1] INFO  server.RaftServer (RaftServerProxy.java:initGroupDir(270)) - 29e49559-ca15-4e73-8b82-6fc70a227cc4: The directory /home/runner/work/ozone/ozone/hadoop-ozone/integration-test/target/test-dir/MiniOzoneClusterImpl-11ed033c-ec90-4580-9385-902e6658689d/ozone-meta/datanode-1/ratis/tmp is not a group directory; ignoring it. 
2025-04-23 15:47:19,616 [main] INFO  replication.ReplicationServer (ReplicationServer.java:<init>(84)) - Initializing replication server with thread count = 10 queue length = 4096
2025-04-23 15:47:19,616 [main] INFO  server.XceiverServerGrpc (XceiverServerGrpc.java:<init>(131)) - GrpcServer channel type EpollServerSocketChannel
2025-04-23 15:47:19,617 [main] INFO  replication.ReplicationSupervisor (ReplicationSupervisor.java:build(169)) - Initializing replication supervisor with thread count = 10
2025-04-23 15:47:19,617 [main] INFO  replication.ReplicationSupervisor (ReplicationSupervisor.java:nodeStateUpdated(358)) - Node state updated to IN_SERVICE, scaling executor pool size to 10
2025-04-23 15:47:19,619 [main] INFO  http.BaseHttpServer (BaseHttpServer.java:newHttpServer2BuilderForOzone(229)) - Starting Web-server for hddsDatanode at: http://0.0.0.0:15060
2025-04-23 15:47:19,619 [main] INFO  http.BaseHttpServer (BaseHttpServer.java:<init>(107)) - Hadoop Security Enabled: false Ozone Security Enabled: false Ozone HTTP Security Enabled: false 
2025-04-23 15:47:19,620 [main] WARN  server.AuthenticationFilter (AuthenticationFilter.java:constructSecretProvider(240)) - Unable to initialize FileSignerSecretProvider, falling back to use random secrets. Reason: Could not read signature secret file: /home/runner/hadoop-http-auth-signature-secret
2025-04-23 15:47:19,621 [main] INFO  http.HttpServer2 (HttpServer2.java:addGlobalFilter(1041)) - Added global filter 'safety' (class=org.apache.hadoop.hdds.server.http.HttpServer2$QuotingInputFilter)
2025-04-23 15:47:19,621 [main] INFO  http.HttpServer2 (HttpServer2.java:addFilter(1017)) - Added filter static_user_filter (class=org.apache.hadoop.http.lib.StaticUserWebFilter$StaticUserFilter) to context hddsDatanode
2025-04-23 15:47:19,621 [main] INFO  http.HttpServer2 (HttpServer2.java:addFilter(1025)) - Added filter static_user_filter (class=org.apache.hadoop.http.lib.StaticUserWebFilter$StaticUserFilter) to context logs
2025-04-23 15:47:19,621 [main] INFO  http.HttpServer2 (HttpServer2.java:addFilter(1025)) - Added filter static_user_filter (class=org.apache.hadoop.http.lib.StaticUserWebFilter$StaticUserFilter) to context static
2025-04-23 15:47:19,622 [main] INFO  http.BaseHttpServer (BaseHttpServer.java:<init>(195)) - HTTP server of hddsDatanode uses base directory /home/runner/work/ozone/ozone/hadoop-ozone/integration-test/target/test-dir/MiniOzoneClusterImpl-11ed033c-ec90-4580-9385-902e6658689d/ozone-meta/datanode-1/meta/webserver
2025-04-23 15:47:19,622 [main] INFO  http.HttpServer2 (HttpServer2.java:bindListener(1241)) - Jetty bound to port 15060
2025-04-23 15:47:19,622 [main] INFO  server.Server (Server.java:doStart(375)) - jetty-9.4.57.v20241219; built: 2025-01-08T21:24:30.412Z; git: df524e6b29271c2e09ba9aea83c18dc9db464a31; jvm 21.0.7+6-LTS
2025-04-23 15:47:19,623 [main] INFO  server.session (DefaultSessionIdManager.java:doStart(334)) - DefaultSessionIdManager workerName=node0
2025-04-23 15:47:19,623 [main] INFO  server.session (DefaultSessionIdManager.java:doStart(339)) - No SessionScavenger set, using defaults
2025-04-23 15:47:19,623 [main] INFO  server.session (HouseKeeper.java:startScavenging(132)) - node0 Scavenging every 600000ms
2025-04-23 15:47:19,624 [main] INFO  handler.ContextHandler (ContextHandler.java:doStart(921)) - Started o.e.j.s.ServletContextHandler@408dc4e5{logs,/logs,file:///home/runner/work/ozone/ozone/hadoop-ozone/integration-test/target/log,AVAILABLE}
2025-04-23 15:47:19,624 [main] INFO  handler.ContextHandler (ContextHandler.java:doStart(921)) - Started o.e.j.s.ServletContextHandler@265823f4{static,/static,jar:file:/home/runner/work/ozone/ozone/hadoop-hdds/container-service/target/hdds-container-service-2.1.0-SNAPSHOT.jar!/webapps/static,AVAILABLE}
2025-04-23 15:47:19,764 [main] INFO  handler.ContextHandler (ContextHandler.java:doStart(921)) - Started o.e.j.w.WebAppContext@718f0156{hddsDatanode,/,file:///home/runner/work/ozone/ozone/hadoop-ozone/integration-test/target/test-dir/MiniOzoneClusterImpl-11ed033c-ec90-4580-9385-902e6658689d/ozone-meta/datanode-1/meta/webserver/jetty-0_0_0_0-15060-hdds-container-service-2_1_0-SNAPSHOT_jar-_-any-9398727982562870746/webapp/,AVAILABLE}{jar:file:/home/runner/work/ozone/ozone/hadoop-hdds/container-service/target/hdds-container-service-2.1.0-SNAPSHOT.jar!/webapps/hddsDatanode}
2025-04-23 15:47:19,764 [main] INFO  server.AbstractConnector (AbstractConnector.java:doStart(333)) - Started ServerConnector@146a5360{HTTP/1.1, (http/1.1)}{0.0.0.0:15060}
2025-04-23 15:47:19,764 [main] INFO  server.Server (Server.java:doStart(415)) - Started @174746ms
2025-04-23 15:47:19,764 [main] WARN  impl.MetricsSystemImpl (MetricsSystemImpl.java:register(279)) - Sink prometheus already exists!
2025-04-23 15:47:19,765 [main] INFO  http.BaseHttpServer (BaseHttpServer.java:updateConnectorAddress(360)) - HTTP server of hddsDatanode listening at http://0.0.0.0:15060
2025-04-23 15:47:19,765 [main] INFO  ipc.CallQueueManager (CallQueueManager.java:<init>(93)) - Using callQueue: class java.util.concurrent.LinkedBlockingQueue, queueCapacity: 1000, scheduler: class org.apache.hadoop.ipc.DefaultRpcScheduler, ipcBackoff: false, ipcFailOver: false.
2025-04-23 15:47:19,766 [main] INFO  ipc.Server (Server.java:<init>(1438)) - Listener at 0.0.0.0:15061
2025-04-23 15:47:19,766 [Socket Reader #1 for port 15061] INFO  ipc.Server (Server.java:run(1474)) - Starting Socket Reader #1 for port 15061
2025-04-23 15:47:19,766 [Socket Reader #2 for port 15061] INFO  ipc.Server (Server.java:run(1474)) - Starting Socket Reader #2 for port 15061
2025-04-23 15:47:19,766 [Socket Reader #3 for port 15061] INFO  ipc.Server (Server.java:run(1474)) - Starting Socket Reader #3 for port 15061
2025-04-23 15:47:19,766 [Socket Reader #4 for port 15061] INFO  ipc.Server (Server.java:run(1474)) - Starting Socket Reader #4 for port 15061
2025-04-23 15:47:19,767 [Socket Reader #5 for port 15061] INFO  ipc.Server (Server.java:run(1474)) - Starting Socket Reader #5 for port 15061
2025-04-23 15:47:19,767 [Socket Reader #6 for port 15061] INFO  ipc.Server (Server.java:run(1474)) - Starting Socket Reader #6 for port 15061
2025-04-23 15:47:19,767 [Socket Reader #7 for port 15061] INFO  ipc.Server (Server.java:run(1474)) - Starting Socket Reader #7 for port 15061
2025-04-23 15:47:19,767 [Socket Reader #8 for port 15061] INFO  ipc.Server (Server.java:run(1474)) - Starting Socket Reader #8 for port 15061
2025-04-23 15:47:19,767 [Socket Reader #9 for port 15061] INFO  ipc.Server (Server.java:run(1474)) - Starting Socket Reader #9 for port 15061
2025-04-23 15:47:19,768 [Socket Reader #10 for port 15061] INFO  ipc.Server (Server.java:run(1474)) - Starting Socket Reader #10 for port 15061
2025-04-23 15:47:19,769 [main] INFO  ozone.HddsDatanodeService (HddsDatanodeService.java:start(325)) - Datanode start with admins: [*, runner]
2025-04-23 15:47:19,769 [main] INFO  ozone.HddsDatanodeClientProtocolServer (HddsDatanodeClientProtocolServer.java:start(76)) - RPC server for Client /0.0.0.0:15061
2025-04-23 15:47:19,769 [IPC Server Responder] INFO  ipc.Server (Server.java:run(1713)) - IPC Server Responder: starting
2025-04-23 15:47:19,769 [IPC Server listener on 15061] INFO  ipc.Server (Server.java:run(1553)) - IPC Server listener on 15061: starting
2025-04-23 15:47:19,771 [main] WARN  dropwizard3.Dm3MetricRegistriesImpl (Dm3MetricRegistriesImpl.java:addReporterRegistration(114)) - New reporters are added after registries were created. Some metrics will be missing from the reporter. Please add reporter before adding any new registry.
2025-04-23 15:47:19,771 [main] WARN  dropwizard3.Dm3MetricRegistriesImpl (Dm3MetricRegistriesImpl.java:addReporterRegistration(114)) - New reporters are added after registries were created. Some metrics will be missing from the reporter. Please add reporter before adding any new registry.
2025-04-23 15:47:19,771 [main] INFO  impl.MetricsSystemImpl (MetricsSystemImpl.java:init(158)) - HddsDatanode metrics system started (again)
2025-04-23 15:47:19,773 [29e49559-ca15-4e73-8b82-6fc70a227cc4-DatanodeStateMachineDaemonThread] INFO  statemachine.DatanodeStateMachine (DatanodeStateMachine.java:startStateMachineThread(340)) - Ozone container server started.
2025-04-23 15:47:19,778 [29e49559-ca15-4e73-8b82-6fc70a227cc4-DatanodeStateMachineTaskThread-0] INFO  datanode.InitDatanodeState (InitDatanodeState.java:persistContainerDatanodeDetails(139)) - DatanodeDetails is persisted to /home/runner/work/ozone/ozone/hadoop-ozone/integration-test/target/test-dir/MiniOzoneClusterImpl-11ed033c-ec90-4580-9385-902e6658689d/ozone-meta/datanode-1/meta/datanode.id
2025-04-23 15:47:19,784 [main] INFO  protocol.DatanodeDetails (DatanodeDetails.java:validateDatanodeIpAddress(199)) - Updating IP address of datanode 81823ae8-7d79-44ce-8d00-770ee83d4f4f(fv-az1337-835.volajmlkxqluvnxrtphx4chkya.cx.internal.cloudapp.net/null) to 10.1.0.188
2025-04-23 15:47:19,784 [main] INFO  ozone.HddsDatanodeService (HddsDatanodeService.java:start(234)) - HddsDatanodeService 81823ae8-7d79-44ce-8d00-770ee83d4f4f(fv-az1337-835.volajmlkxqluvnxrtphx4chkya.cx.internal.cloudapp.net/10.1.0.188)
2025-04-23 15:47:19,786 [main] INFO  upgrade.AbstractLayoutVersionManager (AbstractLayoutVersionManager.java:init(80)) - Initializing Layout version manager with metadata layout = HBASE_SUPPORT (version = 8), software layout = HBASE_SUPPORT (version = 8)
2025-04-23 15:47:19,786 [main] INFO  statemachine.DatanodeStateMachine (DatanodeStateMachine.java:getEndPointTaskThreadPoolSize(297)) - Datanode State Machine Task Thread Pool size 2
2025-04-23 15:47:19,788 [main] INFO  volume.HddsVolume (HddsVolume.java:<init>(158)) - HddsVolume: { id=DS-1dfedda2-1f0e-491f-b0fa-c32824dff995 dir=/home/runner/work/ozone/ozone/hadoop-ozone/integration-test/target/test-dir/MiniOzoneClusterImpl-11ed033c-ec90-4580-9385-902e6658689d/ozone-meta/datanode-2/data-0/hdds type=DISK capacity=9222449699674390527 used=0 available=9222449699674390527 minFree=5368709120 committed=0 }
2025-04-23 15:47:19,788 [main] INFO  volume.MutableVolumeSet (MutableVolumeSet.java:initializeVolumeSet(166)) - Added Volume : /home/runner/work/ozone/ozone/hadoop-ozone/integration-test/target/test-dir/MiniOzoneClusterImpl-11ed033c-ec90-4580-9385-902e6658689d/ozone-meta/datanode-2/data-0/hdds to VolumeSet
2025-04-23 15:47:19,789 [main] INFO  volume.MutableVolumeSet (MutableVolumeSet.java:initializeVolumeSet(166)) - Added Volume : /home/runner/work/ozone/ozone/hadoop-ozone/integration-test/target/test-dir/MiniOzoneClusterImpl-11ed033c-ec90-4580-9385-902e6658689d/ozone-meta/datanode-2/ratis to VolumeSet
2025-04-23 15:47:19,790 [main] INFO  ozoneimpl.OzoneContainer (HddsVolumeUtil.java:loadAllHddsVolumeDbStore(102)) - Load 1 volumes DbStore cost: 0ms
2025-04-23 15:47:19,790 [main] WARN  db.DBStoreBuilder (DBStoreBuilder.java:getDBDirPath(167)) - ozone.scm.datanode.id.dir is not configured. We recommend adding this setting. Falling back to ozone.metadata.dirs instead.
2025-04-23 15:47:19,791 [main] WARN  db.DBStoreBuilder (DBStoreBuilder.java:getDBDirPath(167)) - ozone.scm.datanode.id.dir is not configured. We recommend adding this setting. Falling back to ozone.metadata.dirs instead.
2025-04-23 15:47:19,801 [omNode-2@group-523986131536-StateMachineUpdater] INFO  ratis.OzoneManagerStateMachine (OzoneManagerStateMachine.java:notifyConfigurationChanged(231)) - notifyConfigurationChanged from Ratis: term=1, index=0, New Peer list: omNode-3(localhost:15059), omNode-1(localhost:15051), omNode-2(localhost:15055)
2025-04-23 15:47:19,803 [main] INFO  impl.FilePerChunkStrategy (FilePerChunkStrategy.java:<init>(79)) - ozone.chunk.read.mapped.buffer.max.count is load with 0
2025-04-23 15:47:19,804 [main] INFO  impl.FilePerBlockStrategy (FilePerBlockStrategy.java:<init>(87)) - ozone.chunk.read.mapped.buffer.max.count is load with 0
2025-04-23 15:47:19,804 [main] INFO  server.RaftServerConfigKeys (ConfUtils.java:logGet(46)) - raft.server.log.appender.buffer.byte-limit = 33554432 (custom)
2025-04-23 15:47:19,805 [main] INFO  server.RaftServer (ConfUtils.java:logGet(46)) - raft.rpc.type = GRPC (default)
2025-04-23 15:47:19,805 [main] INFO  grpc.GrpcConfigKeys (ConfUtils.java:logFallback(53)) - raft.grpc.admin.host = null (fallback to raft.grpc.server.host)
2025-04-23 15:47:19,806 [main] INFO  grpc.GrpcConfigKeys (ConfUtils.java:logGet(46)) - raft.grpc.admin.port = 15072 (custom)
2025-04-23 15:47:19,806 [main] INFO  grpc.GrpcConfigKeys (ConfUtils.java:logFallback(53)) - raft.grpc.client.host = null (fallback to raft.grpc.server.host)
2025-04-23 15:47:19,806 [main] INFO  grpc.GrpcConfigKeys (ConfUtils.java:logGet(46)) - raft.grpc.client.port = 15071 (custom)
2025-04-23 15:47:19,806 [main] INFO  grpc.GrpcConfigKeys (ConfUtils.java:logGet(46)) - raft.grpc.server.host = null (default)
2025-04-23 15:47:19,806 [main] INFO  grpc.GrpcConfigKeys (ConfUtils.java:logGet(46)) - raft.grpc.server.port = 15073 (custom)
2025-04-23 15:47:19,806 [main] INFO  server.GrpcService (ConfUtils.java:logGet(46)) - raft.grpc.message.size.max = 34603008 (custom)
2025-04-23 15:47:19,806 [main] INFO  server.GrpcService (ConfUtils.java:logGet(46)) - raft.grpc.flow.control.window = 5MB (=5242880) (custom)
2025-04-23 15:47:19,806 [main] INFO  server.RaftServerConfigKeys (ConfUtils.java:logGet(46)) - raft.server.rpc.request.timeout = 60s (custom)
2025-04-23 15:47:19,806 [main] INFO  grpc.GrpcConfigKeys (ConfUtils.java:logGet(46)) - raft.grpc.server.heartbeat.channel = true (default)
2025-04-23 15:47:19,806 [main] INFO  server.RaftServerConfigKeys (ConfUtils.java:logGet(46)) - raft.server.log.appender.buffer.byte-limit = 33554432 (custom)
2025-04-23 15:47:19,806 [main] INFO  grpc.GrpcConfigKeys (ConfUtils.java:logGet(46)) - raft.grpc.server.async.request.thread.pool.cached = true (default)
2025-04-23 15:47:19,807 [main] INFO  grpc.GrpcConfigKeys (ConfUtils.java:logGet(46)) - raft.grpc.server.async.request.thread.pool.size = 32 (default)
2025-04-23 15:47:19,808 [main] INFO  impl.DataStreamServerImpl (ConfUtils.java:logGet(46)) - raft.datastream.type = NETTY (custom)
2025-04-23 15:47:19,808 [main] INFO  server.RaftServerConfigKeys (ConfUtils.java:logGet(46)) - raft.server.data-stream.async.request.thread.pool.cached = false (default)
2025-04-23 15:47:19,808 [main] INFO  server.RaftServerConfigKeys (ConfUtils.java:logGet(46)) - raft.server.data-stream.async.request.thread.pool.size = 20 (custom)
2025-04-23 15:47:19,808 [main] INFO  server.RaftServerConfigKeys (ConfUtils.java:logGet(46)) - raft.server.data-stream.async.write.thread.pool.size = 16 (default)
2025-04-23 15:47:19,808 [main] INFO  netty.NettyConfigKeys$DataStream (ConfUtils.java:logGet(46)) - raft.netty.dataStream.server.channel.inactive.grace-period = 10min (default)
2025-04-23 15:47:19,808 [main] INFO  server.RaftServerConfigKeys (ConfUtils.java:logGet(46)) - raft.server.data-stream.client.pool.size = 10 (default)
2025-04-23 15:47:19,808 [main] INFO  netty.NettyConfigKeys$DataStream (ConfUtils.java:logGet(46)) - raft.netty.dataStream.server.use-epoll = true (default)
2025-04-23 15:47:19,809 [main] INFO  netty.NettyConfigKeys$DataStream (ConfUtils.java:logGet(46)) - raft.netty.dataStream.server.boss-group.size = 0 (default)
2025-04-23 15:47:19,809 [main] INFO  netty.NettyUtils (NettyUtils.java:newEventLoopGroup(74)) - Create EpollEventLoopGroup for 81823ae8-7d79-44ce-8d00-770ee83d4f4f-NettyServerStreamRpc-bossGroup; Thread size is 0.
2025-04-23 15:47:19,809 [main] INFO  netty.NettyConfigKeys$DataStream (ConfUtils.java:logGet(46)) - raft.netty.dataStream.server.worker-group.size = 0 (default)
2025-04-23 15:47:19,809 [main] INFO  netty.NettyUtils (NettyUtils.java:newEventLoopGroup(74)) - Create EpollEventLoopGroup for 81823ae8-7d79-44ce-8d00-770ee83d4f4f-NettyServerStreamRpc-workerGroup; Thread size is 0.
2025-04-23 15:47:19,810 [main] INFO  netty.NettyConfigKeys$DataStream (ConfUtils.java:logGet(46)) - raft.netty.dataStream.server.tls.conf = null (default)
2025-04-23 15:47:19,810 [main] INFO  netty.NettyConfigKeys$DataStream (ConfUtils.java:logGet(46)) - raft.netty.dataStream.host = null (default)
2025-04-23 15:47:19,810 [main] INFO  netty.NettyConfigKeys$DataStream (ConfUtils.java:logGet(46)) - raft.netty.dataStream.port = 15074 (custom)
2025-04-23 15:47:19,810 [main] INFO  server.RaftServerConfigKeys (ConfUtils.java:logGet(46)) - raft.server.sleep.deviation.threshold = 300ms (default)
2025-04-23 15:47:19,810 [main] INFO  server.RaftServerConfigKeys (ConfUtils.java:logGet(46)) - raft.server.close.threshold = 60s (default)
2025-04-23 15:47:19,810 [main] INFO  server.RaftServerConfigKeys (ConfUtils.java:logGet(46)) - raft.server.leaderelection.leader.step-down.wait-time = 10s (default)
2025-04-23 15:47:19,810 [81823ae8-7d79-44ce-8d00-770ee83d4f4f-NettyServerStreamRpc-bossGroup--thread1] INFO  logging.LoggingHandler (AbstractInternalLogger.java:log(148)) - [id: 0x8801ede2] REGISTERED
2025-04-23 15:47:19,810 [main] INFO  server.RaftServerConfigKeys (ConfUtils.java:logGet(46)) - raft.server.storage.dir = [/home/runner/work/ozone/ozone/hadoop-ozone/integration-test/target/test-dir/MiniOzoneClusterImpl-11ed033c-ec90-4580-9385-902e6658689d/ozone-meta/datanode-2/ratis] (custom)
2025-04-23 15:47:19,811 [81823ae8-7d79-44ce-8d00-770ee83d4f4f-NettyServerStreamRpc-bossGroup--thread1] INFO  logging.LoggingHandler (AbstractInternalLogger.java:log(148)) - [id: 0x8801ede2] BIND: 0.0.0.0/0.0.0.0:15074
2025-04-23 15:47:19,811 [81823ae8-7d79-44ce-8d00-770ee83d4f4f-NettyServerStreamRpc-bossGroup--thread1] INFO  logging.LoggingHandler (AbstractInternalLogger.java:log(148)) - [id: 0x8801ede2, L:/0.0.0.0:15074] ACTIVE
2025-04-23 15:47:19,811 [main] INFO  server.RaftServerConfigKeys (ConfUtils.java:logGet(46)) - raft.server.threadpool.proxy.cached = true (default)
2025-04-23 15:47:19,811 [main] INFO  server.RaftServerConfigKeys (ConfUtils.java:logGet(46)) - raft.server.threadpool.proxy.size = 0 (default)
2025-04-23 15:47:19,811 [81823ae8-7d79-44ce-8d00-770ee83d4f4f-impl-thread1] INFO  server.RaftServer (RaftServerProxy.java:initGroupDir(265)) - 81823ae8-7d79-44ce-8d00-770ee83d4f4f: found a subdirectory /home/runner/work/ozone/ozone/hadoop-ozone/integration-test/target/test-dir/MiniOzoneClusterImpl-11ed033c-ec90-4580-9385-902e6658689d/ozone-meta/datanode-2/ratis/tmp
2025-04-23 15:47:19,812 [81823ae8-7d79-44ce-8d00-770ee83d4f4f-impl-thread1] INFO  server.RaftServer (RaftServerProxy.java:initGroupDir(270)) - 81823ae8-7d79-44ce-8d00-770ee83d4f4f: The directory /home/runner/work/ozone/ozone/hadoop-ozone/integration-test/target/test-dir/MiniOzoneClusterImpl-11ed033c-ec90-4580-9385-902e6658689d/ozone-meta/datanode-2/ratis/tmp is not a group directory; ignoring it. 
2025-04-23 15:47:19,812 [main] INFO  replication.ReplicationServer (ReplicationServer.java:<init>(84)) - Initializing replication server with thread count = 10 queue length = 4096
2025-04-23 15:47:19,813 [main] INFO  server.XceiverServerGrpc (XceiverServerGrpc.java:<init>(131)) - GrpcServer channel type EpollServerSocketChannel
2025-04-23 15:47:19,814 [main] INFO  replication.ReplicationSupervisor (ReplicationSupervisor.java:build(169)) - Initializing replication supervisor with thread count = 10
2025-04-23 15:47:19,814 [main] INFO  replication.ReplicationSupervisor (ReplicationSupervisor.java:nodeStateUpdated(358)) - Node state updated to IN_SERVICE, scaling executor pool size to 10
2025-04-23 15:47:19,816 [main] INFO  http.BaseHttpServer (BaseHttpServer.java:newHttpServer2BuilderForOzone(229)) - Starting Web-server for hddsDatanode at: http://0.0.0.0:15068
2025-04-23 15:47:19,816 [main] INFO  http.BaseHttpServer (BaseHttpServer.java:<init>(107)) - Hadoop Security Enabled: false Ozone Security Enabled: false Ozone HTTP Security Enabled: false 
2025-04-23 15:47:19,817 [main] WARN  server.AuthenticationFilter (AuthenticationFilter.java:constructSecretProvider(240)) - Unable to initialize FileSignerSecretProvider, falling back to use random secrets. Reason: Could not read signature secret file: /home/runner/hadoop-http-auth-signature-secret
2025-04-23 15:47:19,818 [main] INFO  http.HttpServer2 (HttpServer2.java:addGlobalFilter(1041)) - Added global filter 'safety' (class=org.apache.hadoop.hdds.server.http.HttpServer2$QuotingInputFilter)
2025-04-23 15:47:19,819 [main] INFO  http.HttpServer2 (HttpServer2.java:addFilter(1017)) - Added filter static_user_filter (class=org.apache.hadoop.http.lib.StaticUserWebFilter$StaticUserFilter) to context hddsDatanode
2025-04-23 15:47:19,819 [main] INFO  http.HttpServer2 (HttpServer2.java:addFilter(1025)) - Added filter static_user_filter (class=org.apache.hadoop.http.lib.StaticUserWebFilter$StaticUserFilter) to context logs
2025-04-23 15:47:19,819 [main] INFO  http.HttpServer2 (HttpServer2.java:addFilter(1025)) - Added filter static_user_filter (class=org.apache.hadoop.http.lib.StaticUserWebFilter$StaticUserFilter) to context static
2025-04-23 15:47:19,820 [main] INFO  http.BaseHttpServer (BaseHttpServer.java:<init>(195)) - HTTP server of hddsDatanode uses base directory /home/runner/work/ozone/ozone/hadoop-ozone/integration-test/target/test-dir/MiniOzoneClusterImpl-11ed033c-ec90-4580-9385-902e6658689d/ozone-meta/datanode-2/meta/webserver
2025-04-23 15:47:19,820 [main] INFO  http.HttpServer2 (HttpServer2.java:bindListener(1241)) - Jetty bound to port 15068
2025-04-23 15:47:19,820 [main] INFO  server.Server (Server.java:doStart(375)) - jetty-9.4.57.v20241219; built: 2025-01-08T21:24:30.412Z; git: df524e6b29271c2e09ba9aea83c18dc9db464a31; jvm 21.0.7+6-LTS
2025-04-23 15:47:19,821 [main] INFO  server.session (DefaultSessionIdManager.java:doStart(334)) - DefaultSessionIdManager workerName=node0
2025-04-23 15:47:19,822 [main] INFO  server.session (DefaultSessionIdManager.java:doStart(339)) - No SessionScavenger set, using defaults
2025-04-23 15:47:19,822 [main] INFO  server.session (HouseKeeper.java:startScavenging(132)) - node0 Scavenging every 660000ms
2025-04-23 15:47:19,822 [main] INFO  handler.ContextHandler (ContextHandler.java:doStart(921)) - Started o.e.j.s.ServletContextHandler@17567912{logs,/logs,file:///home/runner/work/ozone/ozone/hadoop-ozone/integration-test/target/log,AVAILABLE}
2025-04-23 15:47:19,823 [main] INFO  handler.ContextHandler (ContextHandler.java:doStart(921)) - Started o.e.j.s.ServletContextHandler@15ec0379{static,/static,jar:file:/home/runner/work/ozone/ozone/hadoop-hdds/container-service/target/hdds-container-service-2.1.0-SNAPSHOT.jar!/webapps/static,AVAILABLE}
2025-04-23 15:47:19,953 [main] INFO  handler.ContextHandler (ContextHandler.java:doStart(921)) - Started o.e.j.w.WebAppContext@1ca4fbec{hddsDatanode,/,file:///home/runner/work/ozone/ozone/hadoop-ozone/integration-test/target/test-dir/MiniOzoneClusterImpl-11ed033c-ec90-4580-9385-902e6658689d/ozone-meta/datanode-2/meta/webserver/jetty-0_0_0_0-15068-hdds-container-service-2_1_0-SNAPSHOT_jar-_-any-11582103651046135859/webapp/,AVAILABLE}{jar:file:/home/runner/work/ozone/ozone/hadoop-hdds/container-service/target/hdds-container-service-2.1.0-SNAPSHOT.jar!/webapps/hddsDatanode}
2025-04-23 15:47:19,954 [main] INFO  server.AbstractConnector (AbstractConnector.java:doStart(333)) - Started ServerConnector@7ce2b329{HTTP/1.1, (http/1.1)}{0.0.0.0:15068}
2025-04-23 15:47:19,954 [main] INFO  server.Server (Server.java:doStart(415)) - Started @174936ms
2025-04-23 15:47:19,954 [main] WARN  impl.MetricsSystemImpl (MetricsSystemImpl.java:register(279)) - Sink prometheus already exists!
2025-04-23 15:47:19,955 [main] INFO  http.BaseHttpServer (BaseHttpServer.java:updateConnectorAddress(360)) - HTTP server of hddsDatanode listening at http://0.0.0.0:15068
2025-04-23 15:47:19,955 [main] INFO  ipc.CallQueueManager (CallQueueManager.java:<init>(93)) - Using callQueue: class java.util.concurrent.LinkedBlockingQueue, queueCapacity: 1000, scheduler: class org.apache.hadoop.ipc.DefaultRpcScheduler, ipcBackoff: false, ipcFailOver: false.
2025-04-23 15:47:19,955 [main] INFO  ipc.Server (Server.java:<init>(1438)) - Listener at 0.0.0.0:15069
2025-04-23 15:47:19,955 [Socket Reader #1 for port 15069] INFO  ipc.Server (Server.java:run(1474)) - Starting Socket Reader #1 for port 15069
2025-04-23 15:47:19,956 [Socket Reader #2 for port 15069] INFO  ipc.Server (Server.java:run(1474)) - Starting Socket Reader #2 for port 15069
2025-04-23 15:47:19,956 [Socket Reader #3 for port 15069] INFO  ipc.Server (Server.java:run(1474)) - Starting Socket Reader #3 for port 15069
2025-04-23 15:47:19,956 [Socket Reader #4 for port 15069] INFO  ipc.Server (Server.java:run(1474)) - Starting Socket Reader #4 for port 15069
2025-04-23 15:47:19,956 [Socket Reader #5 for port 15069] INFO  ipc.Server (Server.java:run(1474)) - Starting Socket Reader #5 for port 15069
2025-04-23 15:47:19,956 [Socket Reader #6 for port 15069] INFO  ipc.Server (Server.java:run(1474)) - Starting Socket Reader #6 for port 15069
2025-04-23 15:47:19,957 [Socket Reader #7 for port 15069] INFO  ipc.Server (Server.java:run(1474)) - Starting Socket Reader #7 for port 15069
2025-04-23 15:47:19,957 [Socket Reader #8 for port 15069] INFO  ipc.Server (Server.java:run(1474)) - Starting Socket Reader #8 for port 15069
2025-04-23 15:47:19,957 [Socket Reader #9 for port 15069] INFO  ipc.Server (Server.java:run(1474)) - Starting Socket Reader #9 for port 15069
2025-04-23 15:47:19,957 [Socket Reader #10 for port 15069] INFO  ipc.Server (Server.java:run(1474)) - Starting Socket Reader #10 for port 15069
2025-04-23 15:47:19,959 [main] INFO  ozone.HddsDatanodeService (HddsDatanodeService.java:start(325)) - Datanode start with admins: [*, runner]
2025-04-23 15:47:19,959 [main] INFO  ozone.HddsDatanodeClientProtocolServer (HddsDatanodeClientProtocolServer.java:start(76)) - RPC server for Client /0.0.0.0:15069
2025-04-23 15:47:19,959 [IPC Server Responder] INFO  ipc.Server (Server.java:run(1713)) - IPC Server Responder: starting
2025-04-23 15:47:19,959 [IPC Server listener on 15069] INFO  ipc.Server (Server.java:run(1553)) - IPC Server listener on 15069: starting
2025-04-23 15:47:19,961 [main] WARN  dropwizard3.Dm3MetricRegistriesImpl (Dm3MetricRegistriesImpl.java:addReporterRegistration(114)) - New reporters are added after registries were created. Some metrics will be missing from the reporter. Please add reporter before adding any new registry.
2025-04-23 15:47:19,961 [main] WARN  dropwizard3.Dm3MetricRegistriesImpl (Dm3MetricRegistriesImpl.java:addReporterRegistration(114)) - New reporters are added after registries were created. Some metrics will be missing from the reporter. Please add reporter before adding any new registry.
2025-04-23 15:47:19,961 [main] INFO  impl.MetricsSystemImpl (MetricsSystemImpl.java:init(158)) - HddsDatanode metrics system started (again)
2025-04-23 15:47:19,962 [81823ae8-7d79-44ce-8d00-770ee83d4f4f-DatanodeStateMachineDaemonThread] INFO  statemachine.DatanodeStateMachine (DatanodeStateMachine.java:startStateMachineThread(340)) - Ozone container server started.
2025-04-23 15:47:19,968 [81823ae8-7d79-44ce-8d00-770ee83d4f4f-DatanodeStateMachineTaskThread-0] INFO  datanode.InitDatanodeState (InitDatanodeState.java:persistContainerDatanodeDetails(139)) - DatanodeDetails is persisted to /home/runner/work/ozone/ozone/hadoop-ozone/integration-test/target/test-dir/MiniOzoneClusterImpl-11ed033c-ec90-4580-9385-902e6658689d/ozone-meta/datanode-2/meta/datanode.id
2025-04-23 15:47:19,974 [main] INFO  protocol.DatanodeDetails (DatanodeDetails.java:validateDatanodeIpAddress(199)) - Updating IP address of datanode cd535dae-68a6-4b81-b820-5294621ff3cf(fv-az1337-835.volajmlkxqluvnxrtphx4chkya.cx.internal.cloudapp.net/null) to 10.1.0.188
2025-04-23 15:47:19,974 [main] INFO  ozone.HddsDatanodeService (HddsDatanodeService.java:start(234)) - HddsDatanodeService cd535dae-68a6-4b81-b820-5294621ff3cf(fv-az1337-835.volajmlkxqluvnxrtphx4chkya.cx.internal.cloudapp.net/10.1.0.188)
2025-04-23 15:47:19,976 [main] INFO  upgrade.AbstractLayoutVersionManager (AbstractLayoutVersionManager.java:init(80)) - Initializing Layout version manager with metadata layout = HBASE_SUPPORT (version = 8), software layout = HBASE_SUPPORT (version = 8)
2025-04-23 15:47:19,977 [main] INFO  statemachine.DatanodeStateMachine (DatanodeStateMachine.java:getEndPointTaskThreadPoolSize(297)) - Datanode State Machine Task Thread Pool size 2
2025-04-23 15:47:19,979 [main] INFO  volume.HddsVolume (HddsVolume.java:<init>(158)) - HddsVolume: { id=DS-44dea332-0191-4020-a673-9b70ce9bd3e1 dir=/home/runner/work/ozone/ozone/hadoop-ozone/integration-test/target/test-dir/MiniOzoneClusterImpl-11ed033c-ec90-4580-9385-902e6658689d/ozone-meta/datanode-3/data-0/hdds type=DISK capacity=9222449699674390527 used=0 available=9222449699674390527 minFree=5368709120 committed=0 }
2025-04-23 15:47:19,979 [main] INFO  volume.MutableVolumeSet (MutableVolumeSet.java:initializeVolumeSet(166)) - Added Volume : /home/runner/work/ozone/ozone/hadoop-ozone/integration-test/target/test-dir/MiniOzoneClusterImpl-11ed033c-ec90-4580-9385-902e6658689d/ozone-meta/datanode-3/data-0/hdds to VolumeSet
2025-04-23 15:47:19,980 [main] INFO  volume.MutableVolumeSet (MutableVolumeSet.java:initializeVolumeSet(166)) - Added Volume : /home/runner/work/ozone/ozone/hadoop-ozone/integration-test/target/test-dir/MiniOzoneClusterImpl-11ed033c-ec90-4580-9385-902e6658689d/ozone-meta/datanode-3/ratis to VolumeSet
2025-04-23 15:47:19,980 [main] INFO  ozoneimpl.OzoneContainer (HddsVolumeUtil.java:loadAllHddsVolumeDbStore(102)) - Load 1 volumes DbStore cost: 0ms
2025-04-23 15:47:19,981 [main] WARN  db.DBStoreBuilder (DBStoreBuilder.java:getDBDirPath(167)) - ozone.scm.datanode.id.dir is not configured. We recommend adding this setting. Falling back to ozone.metadata.dirs instead.
2025-04-23 15:47:19,981 [main] WARN  db.DBStoreBuilder (DBStoreBuilder.java:getDBDirPath(167)) - ozone.scm.datanode.id.dir is not configured. We recommend adding this setting. Falling back to ozone.metadata.dirs instead.
2025-04-23 15:47:19,992 [main] INFO  impl.FilePerChunkStrategy (FilePerChunkStrategy.java:<init>(79)) - ozone.chunk.read.mapped.buffer.max.count is load with 0
2025-04-23 15:47:19,992 [main] INFO  impl.FilePerBlockStrategy (FilePerBlockStrategy.java:<init>(87)) - ozone.chunk.read.mapped.buffer.max.count is load with 0
2025-04-23 15:47:19,992 [main] INFO  server.RaftServerConfigKeys (ConfUtils.java:logGet(46)) - raft.server.log.appender.buffer.byte-limit = 33554432 (custom)
2025-04-23 15:47:19,993 [main] INFO  server.RaftServer (ConfUtils.java:logGet(46)) - raft.rpc.type = GRPC (default)
2025-04-23 15:47:19,993 [main] INFO  grpc.GrpcConfigKeys (ConfUtils.java:logFallback(53)) - raft.grpc.admin.host = null (fallback to raft.grpc.server.host)
2025-04-23 15:47:19,993 [main] INFO  grpc.GrpcConfigKeys (ConfUtils.java:logGet(46)) - raft.grpc.admin.port = 15080 (custom)
2025-04-23 15:47:19,993 [main] INFO  grpc.GrpcConfigKeys (ConfUtils.java:logFallback(53)) - raft.grpc.client.host = null (fallback to raft.grpc.server.host)
2025-04-23 15:47:19,993 [main] INFO  grpc.GrpcConfigKeys (ConfUtils.java:logGet(46)) - raft.grpc.client.port = 15079 (custom)
2025-04-23 15:47:19,993 [main] INFO  grpc.GrpcConfigKeys (ConfUtils.java:logGet(46)) - raft.grpc.server.host = null (default)
2025-04-23 15:47:19,993 [main] INFO  grpc.GrpcConfigKeys (ConfUtils.java:logGet(46)) - raft.grpc.server.port = 15081 (custom)
2025-04-23 15:47:19,993 [main] INFO  server.GrpcService (ConfUtils.java:logGet(46)) - raft.grpc.message.size.max = 34603008 (custom)
2025-04-23 15:47:19,993 [main] INFO  server.GrpcService (ConfUtils.java:logGet(46)) - raft.grpc.flow.control.window = 5MB (=5242880) (custom)
2025-04-23 15:47:19,994 [main] INFO  server.RaftServerConfigKeys (ConfUtils.java:logGet(46)) - raft.server.rpc.request.timeout = 60s (custom)
2025-04-23 15:47:19,994 [main] INFO  grpc.GrpcConfigKeys (ConfUtils.java:logGet(46)) - raft.grpc.server.heartbeat.channel = true (default)
2025-04-23 15:47:19,994 [main] INFO  server.RaftServerConfigKeys (ConfUtils.java:logGet(46)) - raft.server.log.appender.buffer.byte-limit = 33554432 (custom)
2025-04-23 15:47:19,994 [main] INFO  grpc.GrpcConfigKeys (ConfUtils.java:logGet(46)) - raft.grpc.server.async.request.thread.pool.cached = true (default)
2025-04-23 15:47:19,994 [main] INFO  grpc.GrpcConfigKeys (ConfUtils.java:logGet(46)) - raft.grpc.server.async.request.thread.pool.size = 32 (default)
2025-04-23 15:47:19,995 [main] INFO  impl.DataStreamServerImpl (ConfUtils.java:logGet(46)) - raft.datastream.type = NETTY (custom)
2025-04-23 15:47:19,996 [main] INFO  server.RaftServerConfigKeys (ConfUtils.java:logGet(46)) - raft.server.data-stream.async.request.thread.pool.cached = false (default)
2025-04-23 15:47:19,996 [main] INFO  server.RaftServerConfigKeys (ConfUtils.java:logGet(46)) - raft.server.data-stream.async.request.thread.pool.size = 20 (custom)
2025-04-23 15:47:19,996 [main] INFO  server.RaftServerConfigKeys (ConfUtils.java:logGet(46)) - raft.server.data-stream.async.write.thread.pool.size = 16 (default)
2025-04-23 15:47:19,996 [main] INFO  netty.NettyConfigKeys$DataStream (ConfUtils.java:logGet(46)) - raft.netty.dataStream.server.channel.inactive.grace-period = 10min (default)
2025-04-23 15:47:19,996 [main] INFO  server.RaftServerConfigKeys (ConfUtils.java:logGet(46)) - raft.server.data-stream.client.pool.size = 10 (default)
2025-04-23 15:47:19,996 [main] INFO  netty.NettyConfigKeys$DataStream (ConfUtils.java:logGet(46)) - raft.netty.dataStream.server.use-epoll = true (default)
2025-04-23 15:47:19,996 [main] INFO  netty.NettyConfigKeys$DataStream (ConfUtils.java:logGet(46)) - raft.netty.dataStream.server.boss-group.size = 0 (default)
2025-04-23 15:47:19,996 [main] INFO  netty.NettyUtils (NettyUtils.java:newEventLoopGroup(74)) - Create EpollEventLoopGroup for cd535dae-68a6-4b81-b820-5294621ff3cf-NettyServerStreamRpc-bossGroup; Thread size is 0.
2025-04-23 15:47:19,997 [main] INFO  netty.NettyConfigKeys$DataStream (ConfUtils.java:logGet(46)) - raft.netty.dataStream.server.worker-group.size = 0 (default)
2025-04-23 15:47:19,997 [main] INFO  netty.NettyUtils (NettyUtils.java:newEventLoopGroup(74)) - Create EpollEventLoopGroup for cd535dae-68a6-4b81-b820-5294621ff3cf-NettyServerStreamRpc-workerGroup; Thread size is 0.
2025-04-23 15:47:19,997 [main] INFO  netty.NettyConfigKeys$DataStream (ConfUtils.java:logGet(46)) - raft.netty.dataStream.server.tls.conf = null (default)
2025-04-23 15:47:19,997 [main] INFO  netty.NettyConfigKeys$DataStream (ConfUtils.java:logGet(46)) - raft.netty.dataStream.host = null (default)
2025-04-23 15:47:19,997 [main] INFO  netty.NettyConfigKeys$DataStream (ConfUtils.java:logGet(46)) - raft.netty.dataStream.port = 15082 (custom)
2025-04-23 15:47:19,998 [main] INFO  server.RaftServerConfigKeys (ConfUtils.java:logGet(46)) - raft.server.sleep.deviation.threshold = 300ms (default)
2025-04-23 15:47:19,998 [main] INFO  server.RaftServerConfigKeys (ConfUtils.java:logGet(46)) - raft.server.close.threshold = 60s (default)
2025-04-23 15:47:19,998 [main] INFO  server.RaftServerConfigKeys (ConfUtils.java:logGet(46)) - raft.server.leaderelection.leader.step-down.wait-time = 10s (default)
2025-04-23 15:47:19,998 [cd535dae-68a6-4b81-b820-5294621ff3cf-NettyServerStreamRpc-bossGroup--thread1] INFO  logging.LoggingHandler (AbstractInternalLogger.java:log(148)) - [id: 0xd9b0155d] REGISTERED
2025-04-23 15:47:19,998 [main] INFO  server.RaftServerConfigKeys (ConfUtils.java:logGet(46)) - raft.server.storage.dir = [/home/runner/work/ozone/ozone/hadoop-ozone/integration-test/target/test-dir/MiniOzoneClusterImpl-11ed033c-ec90-4580-9385-902e6658689d/ozone-meta/datanode-3/ratis] (custom)
2025-04-23 15:47:19,998 [main] INFO  server.RaftServerConfigKeys (ConfUtils.java:logGet(46)) - raft.server.threadpool.proxy.cached = true (default)
2025-04-23 15:47:19,998 [main] INFO  server.RaftServerConfigKeys (ConfUtils.java:logGet(46)) - raft.server.threadpool.proxy.size = 0 (default)
2025-04-23 15:47:19,998 [cd535dae-68a6-4b81-b820-5294621ff3cf-NettyServerStreamRpc-bossGroup--thread1] INFO  logging.LoggingHandler (AbstractInternalLogger.java:log(148)) - [id: 0xd9b0155d] BIND: 0.0.0.0/0.0.0.0:15082
2025-04-23 15:47:19,999 [cd535dae-68a6-4b81-b820-5294621ff3cf-NettyServerStreamRpc-bossGroup--thread1] INFO  logging.LoggingHandler (AbstractInternalLogger.java:log(148)) - [id: 0xd9b0155d, L:/0.0.0.0:15082] ACTIVE
2025-04-23 15:47:19,999 [cd535dae-68a6-4b81-b820-5294621ff3cf-impl-thread1] INFO  server.RaftServer (RaftServerProxy.java:initGroupDir(265)) - cd535dae-68a6-4b81-b820-5294621ff3cf: found a subdirectory /home/runner/work/ozone/ozone/hadoop-ozone/integration-test/target/test-dir/MiniOzoneClusterImpl-11ed033c-ec90-4580-9385-902e6658689d/ozone-meta/datanode-3/ratis/tmp
2025-04-23 15:47:19,999 [cd535dae-68a6-4b81-b820-5294621ff3cf-impl-thread1] INFO  server.RaftServer (RaftServerProxy.java:initGroupDir(270)) - cd535dae-68a6-4b81-b820-5294621ff3cf: The directory /home/runner/work/ozone/ozone/hadoop-ozone/integration-test/target/test-dir/MiniOzoneClusterImpl-11ed033c-ec90-4580-9385-902e6658689d/ozone-meta/datanode-3/ratis/tmp is not a group directory; ignoring it. 
2025-04-23 15:47:19,999 [main] INFO  replication.ReplicationServer (ReplicationServer.java:<init>(84)) - Initializing replication server with thread count = 10 queue length = 4096
2025-04-23 15:47:20,000 [main] INFO  server.XceiverServerGrpc (XceiverServerGrpc.java:<init>(131)) - GrpcServer channel type EpollServerSocketChannel
2025-04-23 15:47:20,001 [main] INFO  replication.ReplicationSupervisor (ReplicationSupervisor.java:build(169)) - Initializing replication supervisor with thread count = 10
2025-04-23 15:47:20,001 [main] INFO  replication.ReplicationSupervisor (ReplicationSupervisor.java:nodeStateUpdated(358)) - Node state updated to IN_SERVICE, scaling executor pool size to 10
2025-04-23 15:47:20,003 [main] INFO  http.BaseHttpServer (BaseHttpServer.java:newHttpServer2BuilderForOzone(229)) - Starting Web-server for hddsDatanode at: http://0.0.0.0:15076
2025-04-23 15:47:20,003 [main] INFO  http.BaseHttpServer (BaseHttpServer.java:<init>(107)) - Hadoop Security Enabled: false Ozone Security Enabled: false Ozone HTTP Security Enabled: false 
2025-04-23 15:47:20,003 [main] WARN  server.AuthenticationFilter (AuthenticationFilter.java:constructSecretProvider(240)) - Unable to initialize FileSignerSecretProvider, falling back to use random secrets. Reason: Could not read signature secret file: /home/runner/hadoop-http-auth-signature-secret
2025-04-23 15:47:20,005 [main] INFO  http.HttpServer2 (HttpServer2.java:addGlobalFilter(1041)) - Added global filter 'safety' (class=org.apache.hadoop.hdds.server.http.HttpServer2$QuotingInputFilter)
2025-04-23 15:47:20,005 [main] INFO  http.HttpServer2 (HttpServer2.java:addFilter(1017)) - Added filter static_user_filter (class=org.apache.hadoop.http.lib.StaticUserWebFilter$StaticUserFilter) to context hddsDatanode
2025-04-23 15:47:20,006 [main] INFO  http.HttpServer2 (HttpServer2.java:addFilter(1025)) - Added filter static_user_filter (class=org.apache.hadoop.http.lib.StaticUserWebFilter$StaticUserFilter) to context logs
2025-04-23 15:47:20,006 [main] INFO  http.HttpServer2 (HttpServer2.java:addFilter(1025)) - Added filter static_user_filter (class=org.apache.hadoop.http.lib.StaticUserWebFilter$StaticUserFilter) to context static
2025-04-23 15:47:20,006 [main] INFO  http.BaseHttpServer (BaseHttpServer.java:<init>(195)) - HTTP server of hddsDatanode uses base directory /home/runner/work/ozone/ozone/hadoop-ozone/integration-test/target/test-dir/MiniOzoneClusterImpl-11ed033c-ec90-4580-9385-902e6658689d/ozone-meta/datanode-3/meta/webserver
2025-04-23 15:47:20,006 [main] INFO  http.HttpServer2 (HttpServer2.java:bindListener(1241)) - Jetty bound to port 15076
2025-04-23 15:47:20,006 [main] INFO  server.Server (Server.java:doStart(375)) - jetty-9.4.57.v20241219; built: 2025-01-08T21:24:30.412Z; git: df524e6b29271c2e09ba9aea83c18dc9db464a31; jvm 21.0.7+6-LTS
2025-04-23 15:47:20,008 [main] INFO  server.session (DefaultSessionIdManager.java:doStart(334)) - DefaultSessionIdManager workerName=node0
2025-04-23 15:47:20,008 [main] INFO  server.session (DefaultSessionIdManager.java:doStart(339)) - No SessionScavenger set, using defaults
2025-04-23 15:47:20,008 [main] INFO  server.session (HouseKeeper.java:startScavenging(132)) - node0 Scavenging every 660000ms
2025-04-23 15:47:20,008 [main] INFO  handler.ContextHandler (ContextHandler.java:doStart(921)) - Started o.e.j.s.ServletContextHandler@f46ccd5{logs,/logs,file:///home/runner/work/ozone/ozone/hadoop-ozone/integration-test/target/log,AVAILABLE}
2025-04-23 15:47:20,009 [main] INFO  handler.ContextHandler (ContextHandler.java:doStart(921)) - Started o.e.j.s.ServletContextHandler@6adb9d16{static,/static,jar:file:/home/runner/work/ozone/ozone/hadoop-hdds/container-service/target/hdds-container-service-2.1.0-SNAPSHOT.jar!/webapps/static,AVAILABLE}
2025-04-23 15:47:20,035 [omNode-3-server-thread1] INFO  server.RaftServer$Division (RaftServerImpl.java:setFirstElection(562)) - omNode-3@group-523986131536: set firstElectionSinceStartup to false for appendEntries
2025-04-23 15:47:20,036 [omNode-3-server-thread1] INFO  ratis.OzoneManagerStateMachine (OzoneManagerStateMachine.java:notifyLeaderChanged(169)) - omNode-3@group-523986131536: leader changed to omNode-1
2025-04-23 15:47:20,036 [omNode-3-server-thread1] INFO  server.RaftServer$Division (ServerState.java:setLeader(272)) - omNode-3@group-523986131536: change Leader from null to omNode-1 at term 1 for appendEntries, leader elected after 931ms
2025-04-23 15:47:20,036 [omNode-3-server-thread1] INFO  server.RaftServer$Division (RaftServerImpl.java:checkInconsistentAppendEntries(1648)) - omNode-3@group-523986131536: Failed appendEntries as previous log entry ((t:1, i:0)) is not found
2025-04-23 15:47:20,037 [omNode-3-server-thread1] INFO  server.RaftServer$Division (RaftServerImpl.java:appendEntriesAsync(1580)) - omNode-3@group-523986131536: appendEntries* reply omNode-1<-omNode-3#1380:FAIL-t0,INCONSISTENCY,nextIndex=0,followerCommit=-1,matchIndex=-1
2025-04-23 15:47:20,037 [grpc-default-executor-4] WARN  server.GrpcLogAppender (GrpcLogAppender.java:onNextImpl(519)) - omNode-1@group-523986131536->omNode-3-AppendLogResponseHandler: received INCONSISTENCY reply with nextIndex 0, errorCount=9, request=AppendEntriesRequest:cid=1380,entriesCount=0
2025-04-23 15:47:20,037 [grpc-default-executor-4] INFO  leader.FollowerInfo (FollowerInfoImpl.java:info(70)) - omNode-1@group-523986131536->omNode-3: setNextIndex nextIndex: updateUnconditionally 1 -> 0
2025-04-23 15:47:20,038 [omNode-3-server-thread1] INFO  server.RaftServer$Division (ServerState.java:setRaftConf(386)) - omNode-3@group-523986131536: set configuration conf: {index: 0, cur=peers:[omNode-3|localhost:15059, omNode-1|localhost:15051, omNode-2|localhost:15055]|listeners:[], old=null}
2025-04-23 15:47:20,038 [omNode-3-server-thread1] INFO  segmented.SegmentedRaftLogWorker (SegmentedRaftLogWorker.java:startLogSegment(438)) - omNode-3@group-523986131536-SegmentedRaftLogWorker: Starting segment from index:0
2025-04-23 15:47:20,038 [omNode-3@group-523986131536-SegmentedRaftLogWorker] INFO  segmented.BufferedWriteChannel (BufferedWriteChannel.java:open(61)) - open log_inprogress_0 at position 0
2025-04-23 15:47:20,047 [omNode-3@group-523986131536-SegmentedRaftLogWorker] INFO  segmented.SegmentedRaftLogWorker (SegmentedRaftLogWorker.java:execute(644)) - omNode-3@group-523986131536-SegmentedRaftLogWorker: created new log segment /home/runner/work/ozone/ozone/hadoop-ozone/integration-test/target/test-dir/MiniOzoneClusterImpl-11ed033c-ec90-4580-9385-902e6658689d/omNode-3/ratis/c9bc4cf4-3bc3-3c60-a66b-523986131536/current/log_inprogress_0
2025-04-23 15:47:20,049 [omNode-3@group-523986131536-StateMachineUpdater] INFO  ratis.OzoneManagerStateMachine (OzoneManagerStateMachine.java:notifyConfigurationChanged(231)) - notifyConfigurationChanged from Ratis: term=1, index=0, New Peer list: omNode-3(localhost:15059), omNode-1(localhost:15051), omNode-2(localhost:15055)
2025-04-23 15:47:20,162 [main] INFO  handler.ContextHandler (ContextHandler.java:doStart(921)) - Started o.e.j.w.WebAppContext@2d6759c5{hddsDatanode,/,file:///home/runner/work/ozone/ozone/hadoop-ozone/integration-test/target/test-dir/MiniOzoneClusterImpl-11ed033c-ec90-4580-9385-902e6658689d/ozone-meta/datanode-3/meta/webserver/jetty-0_0_0_0-15076-hdds-container-service-2_1_0-SNAPSHOT_jar-_-any-550414615416459775/webapp/,AVAILABLE}{jar:file:/home/runner/work/ozone/ozone/hadoop-hdds/container-service/target/hdds-container-service-2.1.0-SNAPSHOT.jar!/webapps/hddsDatanode}
2025-04-23 15:47:20,163 [main] INFO  server.AbstractConnector (AbstractConnector.java:doStart(333)) - Started ServerConnector@2bd3f7db{HTTP/1.1, (http/1.1)}{0.0.0.0:15076}
2025-04-23 15:47:20,163 [main] INFO  server.Server (Server.java:doStart(415)) - Started @175145ms
2025-04-23 15:47:20,163 [main] WARN  impl.MetricsSystemImpl (MetricsSystemImpl.java:register(279)) - Sink prometheus already exists!
2025-04-23 15:47:20,164 [main] INFO  http.BaseHttpServer (BaseHttpServer.java:updateConnectorAddress(360)) - HTTP server of hddsDatanode listening at http://0.0.0.0:15076
2025-04-23 15:47:20,164 [main] INFO  ipc.CallQueueManager (CallQueueManager.java:<init>(93)) - Using callQueue: class java.util.concurrent.LinkedBlockingQueue, queueCapacity: 1000, scheduler: class org.apache.hadoop.ipc.DefaultRpcScheduler, ipcBackoff: false, ipcFailOver: false.
2025-04-23 15:47:20,164 [main] INFO  ipc.Server (Server.java:<init>(1438)) - Listener at 0.0.0.0:15077
2025-04-23 15:47:20,165 [Socket Reader #1 for port 15077] INFO  ipc.Server (Server.java:run(1474)) - Starting Socket Reader #1 for port 15077
2025-04-23 15:47:20,165 [Socket Reader #2 for port 15077] INFO  ipc.Server (Server.java:run(1474)) - Starting Socket Reader #2 for port 15077
2025-04-23 15:47:20,165 [Socket Reader #3 for port 15077] INFO  ipc.Server (Server.java:run(1474)) - Starting Socket Reader #3 for port 15077
2025-04-23 15:47:20,165 [Socket Reader #4 for port 15077] INFO  ipc.Server (Server.java:run(1474)) - Starting Socket Reader #4 for port 15077
2025-04-23 15:47:20,165 [Socket Reader #5 for port 15077] INFO  ipc.Server (Server.java:run(1474)) - Starting Socket Reader #5 for port 15077
2025-04-23 15:47:20,165 [Socket Reader #6 for port 15077] INFO  ipc.Server (Server.java:run(1474)) - Starting Socket Reader #6 for port 15077
2025-04-23 15:47:20,165 [Socket Reader #7 for port 15077] INFO  ipc.Server (Server.java:run(1474)) - Starting Socket Reader #7 for port 15077
2025-04-23 15:47:20,166 [Socket Reader #8 for port 15077] INFO  ipc.Server (Server.java:run(1474)) - Starting Socket Reader #8 for port 15077
2025-04-23 15:47:20,166 [Socket Reader #9 for port 15077] INFO  ipc.Server (Server.java:run(1474)) - Starting Socket Reader #9 for port 15077
2025-04-23 15:47:20,167 [Socket Reader #10 for port 15077] INFO  ipc.Server (Server.java:run(1474)) - Starting Socket Reader #10 for port 15077
2025-04-23 15:47:20,168 [main] INFO  ozone.HddsDatanodeService (HddsDatanodeService.java:start(325)) - Datanode start with admins: [*, runner]
2025-04-23 15:47:20,168 [main] INFO  ozone.HddsDatanodeClientProtocolServer (HddsDatanodeClientProtocolServer.java:start(76)) - RPC server for Client /0.0.0.0:15077
2025-04-23 15:47:20,168 [IPC Server listener on 15077] INFO  ipc.Server (Server.java:run(1553)) - IPC Server listener on 15077: starting
2025-04-23 15:47:20,169 [IPC Server Responder] INFO  ipc.Server (Server.java:run(1713)) - IPC Server Responder: starting
2025-04-23 15:47:20,171 [main] INFO  ozone.MiniOzoneClusterImpl (MiniOzoneClusterImpl.java:lambda$waitForClusterToBeReady$0(190)) - Waiting for nodes to be ready. Got 0 of 3 DN Heartbeats.
2025-04-23 15:47:20,171 [main] INFO  ozone.MiniOzoneClusterImpl (MiniOzoneClusterImpl.java:lambda$waitForClusterToBeReady$0(193)) - Waiting for cluster to exit safe mode
2025-04-23 15:47:20,171 [main] INFO  ozone.MiniOzoneClusterImpl (MiniOzoneClusterImpl.java:lambda$waitForClusterToBeReady$0(195)) - SCM became leader
2025-04-23 15:47:20,171 [cd535dae-68a6-4b81-b820-5294621ff3cf-DatanodeStateMachineDaemonThread] INFO  statemachine.DatanodeStateMachine (DatanodeStateMachine.java:startStateMachineThread(340)) - Ozone container server started.
2025-04-23 15:47:20,175 [cd535dae-68a6-4b81-b820-5294621ff3cf-DatanodeStateMachineTaskThread-0] INFO  datanode.InitDatanodeState (InitDatanodeState.java:persistContainerDatanodeDetails(139)) - DatanodeDetails is persisted to /home/runner/work/ozone/ozone/hadoop-ozone/integration-test/target/test-dir/MiniOzoneClusterImpl-11ed033c-ec90-4580-9385-902e6658689d/ozone-meta/datanode-3/meta/datanode.id
2025-04-23 15:47:20,306 [29e49559-ca15-4e73-8b82-6fc70a227cc4-EndpointStateMachineTaskThread-/0.0.0.0:15044-0 ] INFO  utils.DatanodeStoreCache (DatanodeStoreCache.java:addDB(71)) - Added db /home/runner/work/ozone/ozone/hadoop-ozone/integration-test/target/test-dir/MiniOzoneClusterImpl-11ed033c-ec90-4580-9385-902e6658689d/ozone-meta/datanode-1/data-0/hdds/11ed033c-ec90-4580-9385-902e6658689d/DS-6a66cc74-b50e-4157-b0d6-2dfad3b82b33/container.db to cache
2025-04-23 15:47:20,306 [29e49559-ca15-4e73-8b82-6fc70a227cc4-EndpointStateMachineTaskThread-/0.0.0.0:15044-0 ] INFO  volume.HddsVolume (HddsVolume.java:createDbStore(510)) - SchemaV3 db is created and loaded at /home/runner/work/ozone/ozone/hadoop-ozone/integration-test/target/test-dir/MiniOzoneClusterImpl-11ed033c-ec90-4580-9385-902e6658689d/ozone-meta/datanode-1/data-0/hdds/11ed033c-ec90-4580-9385-902e6658689d/DS-6a66cc74-b50e-4157-b0d6-2dfad3b82b33/container.db for volume DS-6a66cc74-b50e-4157-b0d6-2dfad3b82b33
2025-04-23 15:47:20,309 [29e49559-ca15-4e73-8b82-6fc70a227cc4-ContainerReader-0] INFO  ozoneimpl.ContainerReader (ContainerReader.java:readVolume(144)) - Start to verify containers on volume /home/runner/work/ozone/ozone/hadoop-ozone/integration-test/target/test-dir/MiniOzoneClusterImpl-11ed033c-ec90-4580-9385-902e6658689d/ozone-meta/datanode-1/data-0/hdds
2025-04-23 15:47:20,309 [29e49559-ca15-4e73-8b82-6fc70a227cc4-ContainerReader-0] INFO  ozoneimpl.ContainerReader (ContainerReader.java:readVolume(174)) - Finish verifying containers on volume /home/runner/work/ozone/ozone/hadoop-ozone/integration-test/target/test-dir/MiniOzoneClusterImpl-11ed033c-ec90-4580-9385-902e6658689d/ozone-meta/datanode-1/data-0/hdds
2025-04-23 15:47:20,309 [29e49559-ca15-4e73-8b82-6fc70a227cc4-EndpointStateMachineTaskThread-/0.0.0.0:15044-0 ] INFO  ozoneimpl.OzoneContainer (OzoneContainer.java:buildContainerSet(364)) - Build ContainerSet costs 0s
2025-04-23 15:47:20,309 [29e49559-ca15-4e73-8b82-6fc70a227cc4-EndpointStateMachineTaskThread-/0.0.0.0:15044-0 ] INFO  volume.ThrottledAsyncChecker (ThrottledAsyncChecker.java:schedule(138)) - Scheduling a check for /home/runner/work/ozone/ozone/hadoop-ozone/integration-test/target/test-dir/MiniOzoneClusterImpl-11ed033c-ec90-4580-9385-902e6658689d/ozone-meta/datanode-1/data-0/hdds
2025-04-23 15:47:20,310 [29e49559-ca15-4e73-8b82-6fc70a227cc4-EndpointStateMachineTaskThread-/0.0.0.0:15044-0 ] INFO  volume.StorageVolumeChecker (StorageVolumeChecker.java:checkAllVolumes(215)) - Scheduled health check for volume /home/runner/work/ozone/ozone/hadoop-ozone/integration-test/target/test-dir/MiniOzoneClusterImpl-11ed033c-ec90-4580-9385-902e6658689d/ozone-meta/datanode-1/data-0/hdds
2025-04-23 15:47:20,313 [29e49559-ca15-4e73-8b82-6fc70a227cc4-EndpointStateMachineTaskThread-/0.0.0.0:15044-0 ] INFO  volume.ThrottledAsyncChecker (ThrottledAsyncChecker.java:schedule(138)) - Scheduling a check for /home/runner/work/ozone/ozone/hadoop-ozone/integration-test/target/test-dir/MiniOzoneClusterImpl-11ed033c-ec90-4580-9385-902e6658689d/ozone-meta/datanode-1/ratis
2025-04-23 15:47:20,313 [29e49559-ca15-4e73-8b82-6fc70a227cc4-EndpointStateMachineTaskThread-/0.0.0.0:15044-0 ] INFO  volume.StorageVolumeChecker (StorageVolumeChecker.java:checkAllVolumes(215)) - Scheduled health check for volume /home/runner/work/ozone/ozone/hadoop-ozone/integration-test/target/test-dir/MiniOzoneClusterImpl-11ed033c-ec90-4580-9385-902e6658689d/ozone-meta/datanode-1/ratis
2025-04-23 15:47:20,314 [29e49559-ca15-4e73-8b82-6fc70a227cc4-EndpointStateMachineTaskThread-/0.0.0.0:15044-0 ] INFO  ozoneimpl.OzoneContainer (OzoneContainer.java:start(512)) - Attempting to start container services.
2025-04-23 15:47:20,315 [ContainerMetadataScanner] INFO  ozoneimpl.AbstractBackgroundContainerScanner (AbstractBackgroundContainerScanner.java:runIteration(89)) - Completed an iteration in 0 minutes. Number of iterations (since the data-node restart) : 1, Number of containers scanned in this iteration : 0, Number of unhealthy containers found in this iteration : 0
2025-04-23 15:47:20,315 [ContainerDataScanner(/home/runner/work/ozone/ozone/hadoop-ozone/integration-test/target/test-dir/MiniOzoneClusterImpl-11ed033c-ec90-4580-9385-902e6658689d/ozone-meta/datanode-1/data-0/hdds)] INFO  ozoneimpl.AbstractBackgroundContainerScanner (AbstractBackgroundContainerScanner.java:runIteration(89)) - Completed an iteration in 0 minutes. Number of iterations (since the data-node restart) : 1, Number of containers scanned in this iteration : 0, Number of unhealthy containers found in this iteration : 0
2025-04-23 15:47:20,316 [29e49559-ca15-4e73-8b82-6fc70a227cc4-EndpointStateMachineTaskThread-/0.0.0.0:15044-0 ] INFO  replication.ReplicationServer (ReplicationServer.java:start(137)) - ReplicationServer is started using port 15067
2025-04-23 15:47:20,316 [29e49559-ca15-4e73-8b82-6fc70a227cc4-EndpointStateMachineTaskThread-/0.0.0.0:15044-0 ] INFO  ratis.XceiverServerRatis (XceiverServerRatis.java:start(559)) - Starting XceiverServerRatis(29e49559-ca15-4e73-8b82-6fc70a227cc4)
2025-04-23 15:47:20,316 [29e49559-ca15-4e73-8b82-6fc70a227cc4-EndpointStateMachineTaskThread-/0.0.0.0:15044-0 ] INFO  server.RaftServer (RaftServerProxy.java:startImpl(407)) - 29e49559-ca15-4e73-8b82-6fc70a227cc4: start RPC server
2025-04-23 15:47:20,316 [29e49559-ca15-4e73-8b82-6fc70a227cc4-EndpointStateMachineTaskThread-/0.0.0.0:15044-0 ] INFO  server.GrpcService (GrpcService.java:startImpl(334)) - 29e49559-ca15-4e73-8b82-6fc70a227cc4: GrpcService started, listening on 15063
2025-04-23 15:47:20,317 [29e49559-ca15-4e73-8b82-6fc70a227cc4-EndpointStateMachineTaskThread-/0.0.0.0:15044-0 ] INFO  server.GrpcService (GrpcService.java:startImpl(334)) - 29e49559-ca15-4e73-8b82-6fc70a227cc4: GrpcService started, listening on 15065
2025-04-23 15:47:20,317 [29e49559-ca15-4e73-8b82-6fc70a227cc4-EndpointStateMachineTaskThread-/0.0.0.0:15044-0 ] INFO  server.GrpcService (GrpcService.java:startImpl(334)) - 29e49559-ca15-4e73-8b82-6fc70a227cc4: GrpcService started, listening on 15064
2025-04-23 15:47:20,317 [29e49559-ca15-4e73-8b82-6fc70a227cc4-EndpointStateMachineTaskThread-/0.0.0.0:15044-0 ] INFO  ratis.XceiverServerRatis (XceiverServerRatis.java:getRealPort(586)) - XceiverServerRatis(29e49559-ca15-4e73-8b82-6fc70a227cc4) is started using port RATIS=15063
2025-04-23 15:47:20,317 [29e49559-ca15-4e73-8b82-6fc70a227cc4-EndpointStateMachineTaskThread-/0.0.0.0:15044-0 ] INFO  ratis.XceiverServerRatis (XceiverServerRatis.java:getRealPort(586)) - XceiverServerRatis(29e49559-ca15-4e73-8b82-6fc70a227cc4) is started using port RATIS_ADMIN=15064
2025-04-23 15:47:20,317 [29e49559-ca15-4e73-8b82-6fc70a227cc4-EndpointStateMachineTaskThread-/0.0.0.0:15044-0 ] INFO  ratis.XceiverServerRatis (XceiverServerRatis.java:getRealPort(586)) - XceiverServerRatis(29e49559-ca15-4e73-8b82-6fc70a227cc4) is started using port RATIS_SERVER=15065
2025-04-23 15:47:20,317 [29e49559-ca15-4e73-8b82-6fc70a227cc4-EndpointStateMachineTaskThread-/0.0.0.0:15044-0 ] INFO  ratis.XceiverServerRatis (XceiverServerRatis.java:getRealPort(586)) - XceiverServerRatis(29e49559-ca15-4e73-8b82-6fc70a227cc4) is started using port RATIS_DATASTREAM=15066
2025-04-23 15:47:20,317 [JvmPauseMonitor46] INFO  util.JvmPauseMonitor (JvmPauseMonitor.java:run(146)) - JvmPauseMonitor-29e49559-ca15-4e73-8b82-6fc70a227cc4: Started
2025-04-23 15:47:20,318 [29e49559-ca15-4e73-8b82-6fc70a227cc4-BlockDeletingService#0] INFO  interfaces.ContainerDeletionChoosingPolicyTemplate (ContainerDeletionChoosingPolicyTemplate.java:chooseContainerForBlockDeletion(83)) - Chosen 0/5000 blocks from 0 candidate containers.
2025-04-23 15:47:20,495 [81823ae8-7d79-44ce-8d00-770ee83d4f4f-EndpointStateMachineTaskThread-/0.0.0.0:15044-0 ] INFO  utils.DatanodeStoreCache (DatanodeStoreCache.java:addDB(71)) - Added db /home/runner/work/ozone/ozone/hadoop-ozone/integration-test/target/test-dir/MiniOzoneClusterImpl-11ed033c-ec90-4580-9385-902e6658689d/ozone-meta/datanode-2/data-0/hdds/11ed033c-ec90-4580-9385-902e6658689d/DS-9381c2ad-b353-456b-9b78-2682b04b793b/container.db to cache
2025-04-23 15:47:20,495 [81823ae8-7d79-44ce-8d00-770ee83d4f4f-EndpointStateMachineTaskThread-/0.0.0.0:15044-0 ] INFO  volume.HddsVolume (HddsVolume.java:createDbStore(510)) - SchemaV3 db is created and loaded at /home/runner/work/ozone/ozone/hadoop-ozone/integration-test/target/test-dir/MiniOzoneClusterImpl-11ed033c-ec90-4580-9385-902e6658689d/ozone-meta/datanode-2/data-0/hdds/11ed033c-ec90-4580-9385-902e6658689d/DS-9381c2ad-b353-456b-9b78-2682b04b793b/container.db for volume DS-9381c2ad-b353-456b-9b78-2682b04b793b
2025-04-23 15:47:20,498 [81823ae8-7d79-44ce-8d00-770ee83d4f4f-ContainerReader-0] INFO  ozoneimpl.ContainerReader (ContainerReader.java:readVolume(144)) - Start to verify containers on volume /home/runner/work/ozone/ozone/hadoop-ozone/integration-test/target/test-dir/MiniOzoneClusterImpl-11ed033c-ec90-4580-9385-902e6658689d/ozone-meta/datanode-2/data-0/hdds
2025-04-23 15:47:20,498 [81823ae8-7d79-44ce-8d00-770ee83d4f4f-ContainerReader-0] INFO  ozoneimpl.ContainerReader (ContainerReader.java:readVolume(174)) - Finish verifying containers on volume /home/runner/work/ozone/ozone/hadoop-ozone/integration-test/target/test-dir/MiniOzoneClusterImpl-11ed033c-ec90-4580-9385-902e6658689d/ozone-meta/datanode-2/data-0/hdds
2025-04-23 15:47:20,498 [81823ae8-7d79-44ce-8d00-770ee83d4f4f-EndpointStateMachineTaskThread-/0.0.0.0:15044-0 ] INFO  ozoneimpl.OzoneContainer (OzoneContainer.java:buildContainerSet(364)) - Build ContainerSet costs 0s
2025-04-23 15:47:20,498 [81823ae8-7d79-44ce-8d00-770ee83d4f4f-EndpointStateMachineTaskThread-/0.0.0.0:15044-0 ] INFO  volume.ThrottledAsyncChecker (ThrottledAsyncChecker.java:schedule(138)) - Scheduling a check for /home/runner/work/ozone/ozone/hadoop-ozone/integration-test/target/test-dir/MiniOzoneClusterImpl-11ed033c-ec90-4580-9385-902e6658689d/ozone-meta/datanode-2/data-0/hdds
2025-04-23 15:47:20,499 [81823ae8-7d79-44ce-8d00-770ee83d4f4f-EndpointStateMachineTaskThread-/0.0.0.0:15044-0 ] INFO  volume.StorageVolumeChecker (StorageVolumeChecker.java:checkAllVolumes(215)) - Scheduled health check for volume /home/runner/work/ozone/ozone/hadoop-ozone/integration-test/target/test-dir/MiniOzoneClusterImpl-11ed033c-ec90-4580-9385-902e6658689d/ozone-meta/datanode-2/data-0/hdds
2025-04-23 15:47:20,502 [81823ae8-7d79-44ce-8d00-770ee83d4f4f-EndpointStateMachineTaskThread-/0.0.0.0:15044-0 ] INFO  volume.ThrottledAsyncChecker (ThrottledAsyncChecker.java:schedule(138)) - Scheduling a check for /home/runner/work/ozone/ozone/hadoop-ozone/integration-test/target/test-dir/MiniOzoneClusterImpl-11ed033c-ec90-4580-9385-902e6658689d/ozone-meta/datanode-2/ratis
2025-04-23 15:47:20,502 [81823ae8-7d79-44ce-8d00-770ee83d4f4f-EndpointStateMachineTaskThread-/0.0.0.0:15044-0 ] INFO  volume.StorageVolumeChecker (StorageVolumeChecker.java:checkAllVolumes(215)) - Scheduled health check for volume /home/runner/work/ozone/ozone/hadoop-ozone/integration-test/target/test-dir/MiniOzoneClusterImpl-11ed033c-ec90-4580-9385-902e6658689d/ozone-meta/datanode-2/ratis
2025-04-23 15:47:20,503 [81823ae8-7d79-44ce-8d00-770ee83d4f4f-EndpointStateMachineTaskThread-/0.0.0.0:15044-0 ] INFO  ozoneimpl.OzoneContainer (OzoneContainer.java:start(512)) - Attempting to start container services.
2025-04-23 15:47:20,503 [81823ae8-7d79-44ce-8d00-770ee83d4f4f-EndpointStateMachineTaskThread-/0.0.0.0:15044-0 ] WARN  ozoneimpl.OnDemandContainerDataScanner (OnDemandContainerDataScanner.java:init(74)) - Trying to initialize on demand scanner a second time on a datanode.
2025-04-23 15:47:20,503 [ContainerMetadataScanner] INFO  ozoneimpl.AbstractBackgroundContainerScanner (AbstractBackgroundContainerScanner.java:runIteration(89)) - Completed an iteration in 0 minutes. Number of iterations (since the data-node restart) : 1, Number of containers scanned in this iteration : 0, Number of unhealthy containers found in this iteration : 0
2025-04-23 15:47:20,503 [ContainerDataScanner(/home/runner/work/ozone/ozone/hadoop-ozone/integration-test/target/test-dir/MiniOzoneClusterImpl-11ed033c-ec90-4580-9385-902e6658689d/ozone-meta/datanode-2/data-0/hdds)] INFO  ozoneimpl.AbstractBackgroundContainerScanner (AbstractBackgroundContainerScanner.java:runIteration(89)) - Completed an iteration in 0 minutes. Number of iterations (since the data-node restart) : 1, Number of containers scanned in this iteration : 0, Number of unhealthy containers found in this iteration : 0
2025-04-23 15:47:20,504 [81823ae8-7d79-44ce-8d00-770ee83d4f4f-EndpointStateMachineTaskThread-/0.0.0.0:15044-0 ] INFO  replication.ReplicationServer (ReplicationServer.java:start(137)) - ReplicationServer is started using port 15075
2025-04-23 15:47:20,504 [81823ae8-7d79-44ce-8d00-770ee83d4f4f-EndpointStateMachineTaskThread-/0.0.0.0:15044-0 ] INFO  ratis.XceiverServerRatis (XceiverServerRatis.java:start(559)) - Starting XceiverServerRatis(81823ae8-7d79-44ce-8d00-770ee83d4f4f)
2025-04-23 15:47:20,504 [81823ae8-7d79-44ce-8d00-770ee83d4f4f-EndpointStateMachineTaskThread-/0.0.0.0:15044-0 ] INFO  server.RaftServer (RaftServerProxy.java:startImpl(407)) - 81823ae8-7d79-44ce-8d00-770ee83d4f4f: start RPC server
2025-04-23 15:47:20,505 [81823ae8-7d79-44ce-8d00-770ee83d4f4f-EndpointStateMachineTaskThread-/0.0.0.0:15044-0 ] INFO  server.GrpcService (GrpcService.java:startImpl(334)) - 81823ae8-7d79-44ce-8d00-770ee83d4f4f: GrpcService started, listening on 15071
2025-04-23 15:47:20,505 [81823ae8-7d79-44ce-8d00-770ee83d4f4f-EndpointStateMachineTaskThread-/0.0.0.0:15044-0 ] INFO  server.GrpcService (GrpcService.java:startImpl(334)) - 81823ae8-7d79-44ce-8d00-770ee83d4f4f: GrpcService started, listening on 15073
2025-04-23 15:47:20,505 [81823ae8-7d79-44ce-8d00-770ee83d4f4f-EndpointStateMachineTaskThread-/0.0.0.0:15044-0 ] INFO  server.GrpcService (GrpcService.java:startImpl(334)) - 81823ae8-7d79-44ce-8d00-770ee83d4f4f: GrpcService started, listening on 15072
2025-04-23 15:47:20,506 [81823ae8-7d79-44ce-8d00-770ee83d4f4f-EndpointStateMachineTaskThread-/0.0.0.0:15044-0 ] INFO  ratis.XceiverServerRatis (XceiverServerRatis.java:getRealPort(586)) - XceiverServerRatis(81823ae8-7d79-44ce-8d00-770ee83d4f4f) is started using port RATIS=15071
2025-04-23 15:47:20,506 [81823ae8-7d79-44ce-8d00-770ee83d4f4f-EndpointStateMachineTaskThread-/0.0.0.0:15044-0 ] INFO  ratis.XceiverServerRatis (XceiverServerRatis.java:getRealPort(586)) - XceiverServerRatis(81823ae8-7d79-44ce-8d00-770ee83d4f4f) is started using port RATIS_ADMIN=15072
2025-04-23 15:47:20,506 [81823ae8-7d79-44ce-8d00-770ee83d4f4f-EndpointStateMachineTaskThread-/0.0.0.0:15044-0 ] INFO  ratis.XceiverServerRatis (XceiverServerRatis.java:getRealPort(586)) - XceiverServerRatis(81823ae8-7d79-44ce-8d00-770ee83d4f4f) is started using port RATIS_SERVER=15073
2025-04-23 15:47:20,506 [81823ae8-7d79-44ce-8d00-770ee83d4f4f-EndpointStateMachineTaskThread-/0.0.0.0:15044-0 ] INFO  ratis.XceiverServerRatis (XceiverServerRatis.java:getRealPort(586)) - XceiverServerRatis(81823ae8-7d79-44ce-8d00-770ee83d4f4f) is started using port RATIS_DATASTREAM=15074
2025-04-23 15:47:20,506 [JvmPauseMonitor47] INFO  util.JvmPauseMonitor (JvmPauseMonitor.java:run(146)) - JvmPauseMonitor-81823ae8-7d79-44ce-8d00-770ee83d4f4f: Started
2025-04-23 15:47:20,506 [81823ae8-7d79-44ce-8d00-770ee83d4f4f-BlockDeletingService#0] INFO  interfaces.ContainerDeletionChoosingPolicyTemplate (ContainerDeletionChoosingPolicyTemplate.java:chooseContainerForBlockDeletion(83)) - Chosen 0/5000 blocks from 0 candidate containers.
2025-04-23 15:47:20,709 [cd535dae-68a6-4b81-b820-5294621ff3cf-EndpointStateMachineTaskThread-/0.0.0.0:15044-0 ] INFO  utils.DatanodeStoreCache (DatanodeStoreCache.java:addDB(71)) - Added db /home/runner/work/ozone/ozone/hadoop-ozone/integration-test/target/test-dir/MiniOzoneClusterImpl-11ed033c-ec90-4580-9385-902e6658689d/ozone-meta/datanode-3/data-0/hdds/11ed033c-ec90-4580-9385-902e6658689d/DS-ed37c416-af8d-4c44-8ec0-d1d074036736/container.db to cache
2025-04-23 15:47:20,709 [cd535dae-68a6-4b81-b820-5294621ff3cf-EndpointStateMachineTaskThread-/0.0.0.0:15044-0 ] INFO  volume.HddsVolume (HddsVolume.java:createDbStore(510)) - SchemaV3 db is created and loaded at /home/runner/work/ozone/ozone/hadoop-ozone/integration-test/target/test-dir/MiniOzoneClusterImpl-11ed033c-ec90-4580-9385-902e6658689d/ozone-meta/datanode-3/data-0/hdds/11ed033c-ec90-4580-9385-902e6658689d/DS-ed37c416-af8d-4c44-8ec0-d1d074036736/container.db for volume DS-ed37c416-af8d-4c44-8ec0-d1d074036736
2025-04-23 15:47:20,712 [cd535dae-68a6-4b81-b820-5294621ff3cf-ContainerReader-0] INFO  ozoneimpl.ContainerReader (ContainerReader.java:readVolume(144)) - Start to verify containers on volume /home/runner/work/ozone/ozone/hadoop-ozone/integration-test/target/test-dir/MiniOzoneClusterImpl-11ed033c-ec90-4580-9385-902e6658689d/ozone-meta/datanode-3/data-0/hdds
2025-04-23 15:47:20,712 [cd535dae-68a6-4b81-b820-5294621ff3cf-ContainerReader-0] INFO  ozoneimpl.ContainerReader (ContainerReader.java:readVolume(174)) - Finish verifying containers on volume /home/runner/work/ozone/ozone/hadoop-ozone/integration-test/target/test-dir/MiniOzoneClusterImpl-11ed033c-ec90-4580-9385-902e6658689d/ozone-meta/datanode-3/data-0/hdds
2025-04-23 15:47:20,713 [cd535dae-68a6-4b81-b820-5294621ff3cf-EndpointStateMachineTaskThread-/0.0.0.0:15044-0 ] INFO  ozoneimpl.OzoneContainer (OzoneContainer.java:buildContainerSet(364)) - Build ContainerSet costs 0s
2025-04-23 15:47:20,713 [cd535dae-68a6-4b81-b820-5294621ff3cf-EndpointStateMachineTaskThread-/0.0.0.0:15044-0 ] INFO  volume.ThrottledAsyncChecker (ThrottledAsyncChecker.java:schedule(138)) - Scheduling a check for /home/runner/work/ozone/ozone/hadoop-ozone/integration-test/target/test-dir/MiniOzoneClusterImpl-11ed033c-ec90-4580-9385-902e6658689d/ozone-meta/datanode-3/data-0/hdds
2025-04-23 15:47:20,713 [cd535dae-68a6-4b81-b820-5294621ff3cf-EndpointStateMachineTaskThread-/0.0.0.0:15044-0 ] INFO  volume.StorageVolumeChecker (StorageVolumeChecker.java:checkAllVolumes(215)) - Scheduled health check for volume /home/runner/work/ozone/ozone/hadoop-ozone/integration-test/target/test-dir/MiniOzoneClusterImpl-11ed033c-ec90-4580-9385-902e6658689d/ozone-meta/datanode-3/data-0/hdds
2025-04-23 15:47:20,717 [cd535dae-68a6-4b81-b820-5294621ff3cf-EndpointStateMachineTaskThread-/0.0.0.0:15044-0 ] INFO  volume.ThrottledAsyncChecker (ThrottledAsyncChecker.java:schedule(138)) - Scheduling a check for /home/runner/work/ozone/ozone/hadoop-ozone/integration-test/target/test-dir/MiniOzoneClusterImpl-11ed033c-ec90-4580-9385-902e6658689d/ozone-meta/datanode-3/ratis
2025-04-23 15:47:20,717 [cd535dae-68a6-4b81-b820-5294621ff3cf-EndpointStateMachineTaskThread-/0.0.0.0:15044-0 ] INFO  volume.StorageVolumeChecker (StorageVolumeChecker.java:checkAllVolumes(215)) - Scheduled health check for volume /home/runner/work/ozone/ozone/hadoop-ozone/integration-test/target/test-dir/MiniOzoneClusterImpl-11ed033c-ec90-4580-9385-902e6658689d/ozone-meta/datanode-3/ratis
2025-04-23 15:47:20,718 [cd535dae-68a6-4b81-b820-5294621ff3cf-EndpointStateMachineTaskThread-/0.0.0.0:15044-0 ] INFO  ozoneimpl.OzoneContainer (OzoneContainer.java:start(512)) - Attempting to start container services.
2025-04-23 15:47:20,718 [cd535dae-68a6-4b81-b820-5294621ff3cf-EndpointStateMachineTaskThread-/0.0.0.0:15044-0 ] WARN  ozoneimpl.OnDemandContainerDataScanner (OnDemandContainerDataScanner.java:init(74)) - Trying to initialize on demand scanner a second time on a datanode.
2025-04-23 15:47:20,718 [ContainerMetadataScanner] INFO  ozoneimpl.AbstractBackgroundContainerScanner (AbstractBackgroundContainerScanner.java:runIteration(89)) - Completed an iteration in 0 minutes. Number of iterations (since the data-node restart) : 1, Number of containers scanned in this iteration : 0, Number of unhealthy containers found in this iteration : 0
2025-04-23 15:47:20,719 [ContainerDataScanner(/home/runner/work/ozone/ozone/hadoop-ozone/integration-test/target/test-dir/MiniOzoneClusterImpl-11ed033c-ec90-4580-9385-902e6658689d/ozone-meta/datanode-3/data-0/hdds)] INFO  ozoneimpl.AbstractBackgroundContainerScanner (AbstractBackgroundContainerScanner.java:runIteration(89)) - Completed an iteration in 0 minutes. Number of iterations (since the data-node restart) : 1, Number of containers scanned in this iteration : 0, Number of unhealthy containers found in this iteration : 0
2025-04-23 15:47:20,719 [cd535dae-68a6-4b81-b820-5294621ff3cf-EndpointStateMachineTaskThread-/0.0.0.0:15044-0 ] INFO  replication.ReplicationServer (ReplicationServer.java:start(137)) - ReplicationServer is started using port 15083
2025-04-23 15:47:20,719 [cd535dae-68a6-4b81-b820-5294621ff3cf-EndpointStateMachineTaskThread-/0.0.0.0:15044-0 ] INFO  ratis.XceiverServerRatis (XceiverServerRatis.java:start(559)) - Starting XceiverServerRatis(cd535dae-68a6-4b81-b820-5294621ff3cf)
2025-04-23 15:47:20,720 [cd535dae-68a6-4b81-b820-5294621ff3cf-EndpointStateMachineTaskThread-/0.0.0.0:15044-0 ] INFO  server.RaftServer (RaftServerProxy.java:startImpl(407)) - cd535dae-68a6-4b81-b820-5294621ff3cf: start RPC server
2025-04-23 15:47:20,720 [cd535dae-68a6-4b81-b820-5294621ff3cf-EndpointStateMachineTaskThread-/0.0.0.0:15044-0 ] INFO  server.GrpcService (GrpcService.java:startImpl(334)) - cd535dae-68a6-4b81-b820-5294621ff3cf: GrpcService started, listening on 15079
2025-04-23 15:47:20,720 [cd535dae-68a6-4b81-b820-5294621ff3cf-EndpointStateMachineTaskThread-/0.0.0.0:15044-0 ] INFO  server.GrpcService (GrpcService.java:startImpl(334)) - cd535dae-68a6-4b81-b820-5294621ff3cf: GrpcService started, listening on 15081
2025-04-23 15:47:20,720 [cd535dae-68a6-4b81-b820-5294621ff3cf-EndpointStateMachineTaskThread-/0.0.0.0:15044-0 ] INFO  server.GrpcService (GrpcService.java:startImpl(334)) - cd535dae-68a6-4b81-b820-5294621ff3cf: GrpcService started, listening on 15080
2025-04-23 15:47:20,721 [cd535dae-68a6-4b81-b820-5294621ff3cf-EndpointStateMachineTaskThread-/0.0.0.0:15044-0 ] INFO  ratis.XceiverServerRatis (XceiverServerRatis.java:getRealPort(586)) - XceiverServerRatis(cd535dae-68a6-4b81-b820-5294621ff3cf) is started using port RATIS=15079
2025-04-23 15:47:20,721 [cd535dae-68a6-4b81-b820-5294621ff3cf-EndpointStateMachineTaskThread-/0.0.0.0:15044-0 ] INFO  ratis.XceiverServerRatis (XceiverServerRatis.java:getRealPort(586)) - XceiverServerRatis(cd535dae-68a6-4b81-b820-5294621ff3cf) is started using port RATIS_ADMIN=15080
2025-04-23 15:47:20,721 [cd535dae-68a6-4b81-b820-5294621ff3cf-EndpointStateMachineTaskThread-/0.0.0.0:15044-0 ] INFO  ratis.XceiverServerRatis (XceiverServerRatis.java:getRealPort(586)) - XceiverServerRatis(cd535dae-68a6-4b81-b820-5294621ff3cf) is started using port RATIS_SERVER=15081
2025-04-23 15:47:20,721 [cd535dae-68a6-4b81-b820-5294621ff3cf-EndpointStateMachineTaskThread-/0.0.0.0:15044-0 ] INFO  ratis.XceiverServerRatis (XceiverServerRatis.java:getRealPort(586)) - XceiverServerRatis(cd535dae-68a6-4b81-b820-5294621ff3cf) is started using port RATIS_DATASTREAM=15082
2025-04-23 15:47:20,721 [JvmPauseMonitor48] INFO  util.JvmPauseMonitor (JvmPauseMonitor.java:run(146)) - JvmPauseMonitor-cd535dae-68a6-4b81-b820-5294621ff3cf: Started
2025-04-23 15:47:20,722 [cd535dae-68a6-4b81-b820-5294621ff3cf-BlockDeletingService#0] INFO  interfaces.ContainerDeletionChoosingPolicyTemplate (ContainerDeletionChoosingPolicyTemplate.java:chooseContainerForBlockDeletion(83)) - Chosen 0/5000 blocks from 0 candidate containers.
2025-04-23 15:47:20,775 [IPC Server handler 9 on default port 15044] INFO  net.NetworkTopologyImpl (NetworkTopologyImpl.java:add(133)) - Added a new node: /default-rack/29e49559-ca15-4e73-8b82-6fc70a227cc4
2025-04-23 15:47:20,775 [IPC Server handler 9 on default port 15044] INFO  node.SCMNodeManager (SCMNodeManager.java:register(425)) - Registered datanode: 29e49559-ca15-4e73-8b82-6fc70a227cc4{ip: 127.0.0.1, host: localhost, ports: [HTTP=15060, CLIENT_RPC=15061, REPLICATION=15067, RATIS=15063, RATIS_ADMIN=15064, RATIS_SERVER=15065, RATIS_DATASTREAM=15066, STANDALONE=15062], networkLocation: /default-rack, certSerialId: null, persistedOpState: null, persistedOpStateExpiryEpochSec: 0}
2025-04-23 15:47:20,776 [EventQueue-NewNodeForNewNodeHandler] INFO  pipeline.BackgroundPipelineCreator (BackgroundPipelineCreator.java:notifyEventTriggered(291)) - trigger a one-shot run on RatisPipelineUtilsThread.
2025-04-23 15:47:20,776 [EventQueue-PipelineReportForOneReplicaPipelineSafeModeRule] INFO  safemode.SCMSafeModeManager (SCMSafeModeManager.java:validateSafeModeExitRules(186)) - AtleastOneDatanodeReportedRule rule is successfully validated
2025-04-23 15:47:20,776 [EventQueue-NodeRegistrationContainerReportForDataNodeSafeModeRule] INFO  safemode.SCMSafeModeManager (DataNodeSafeModeRule.java:process(79)) - SCM in safe mode. 1 DataNodes registered, 3 required.
2025-04-23 15:47:20,776 [RatisPipelineUtilsThread-0] INFO  pipeline.RatisPipelineProvider (RatisPipelineProvider.java:lambda$create$0(208)) - Sending CreatePipelineCommand for pipeline:PipelineID=03a0f193-b777-4f5e-ba3b-91716850738c to datanode:29e49559-ca15-4e73-8b82-6fc70a227cc4(localhost/127.0.0.1)
2025-04-23 15:47:20,777 [EventQueue-ContainerRegistrationReportForRatisContainerSafeModeRule] INFO  safemode.SCMSafeModeManager (SCMSafeModeManager.java:validateSafeModeExitRules(186)) - RatisContainerSafeModeRule rule is successfully validated
2025-04-23 15:47:20,777 [EventQueue-ContainerRegistrationReportForECContainerSafeModeRule] INFO  safemode.SCMSafeModeManager (SCMSafeModeManager.java:validateSafeModeExitRules(186)) - ECContainerSafeModeRule rule is successfully validated
2025-04-23 15:47:20,779 [42a608c1-c4a9-40f1-8254-ab35a5a5924c@group-902E6658689D-StateMachineUpdater] INFO  safemode.HealthyPipelineSafeModeRule (HealthyPipelineSafeModeRule.java:initializeRule(174)) - Refreshed total pipeline count is 0, healthy pipeline threshold count is 1
2025-04-23 15:47:20,779 [RatisPipelineUtilsThread-0] INFO  pipeline.BackgroundPipelineCreator (BackgroundPipelineCreator.java:createPipelines(247)) - Created new pipeline Pipeline{ Id: 03a0f193-b777-4f5e-ba3b-91716850738c, Nodes: [ {29e49559-ca15-4e73-8b82-6fc70a227cc4(localhost/127.0.0.1), ReplicaIndex: 0},], ReplicationConfig: RATIS/ONE, State:ALLOCATED, leaderId:, CreationTimestamp2025-04-23T15:47:20.776723363Z[Etc/UTC]}
2025-04-23 15:47:20,964 [IPC Server handler 16 on default port 15044] INFO  net.NetworkTopologyImpl (NetworkTopologyImpl.java:add(133)) - Added a new node: /default-rack/81823ae8-7d79-44ce-8d00-770ee83d4f4f
2025-04-23 15:47:20,964 [IPC Server handler 16 on default port 15044] INFO  node.SCMNodeManager (SCMNodeManager.java:register(425)) - Registered datanode: 81823ae8-7d79-44ce-8d00-770ee83d4f4f{ip: 127.0.0.1, host: localhost, ports: [HTTP=15068, CLIENT_RPC=15069, REPLICATION=15075, RATIS=15071, RATIS_ADMIN=15072, RATIS_SERVER=15073, RATIS_DATASTREAM=15074, STANDALONE=15070], networkLocation: /default-rack, certSerialId: null, persistedOpState: null, persistedOpStateExpiryEpochSec: 0}
2025-04-23 15:47:20,964 [EventQueue-NodeRegistrationContainerReportForDataNodeSafeModeRule] INFO  safemode.SCMSafeModeManager (DataNodeSafeModeRule.java:process(79)) - SCM in safe mode. 2 DataNodes registered, 3 required.
2025-04-23 15:47:20,964 [EventQueue-NewNodeForNewNodeHandler] INFO  pipeline.BackgroundPipelineCreator (BackgroundPipelineCreator.java:notifyEventTriggered(291)) - trigger a one-shot run on RatisPipelineUtilsThread.
2025-04-23 15:47:20,965 [RatisPipelineUtilsThread-0] INFO  pipeline.RatisPipelineProvider (RatisPipelineProvider.java:lambda$create$0(208)) - Sending CreatePipelineCommand for pipeline:PipelineID=4c31b59a-917e-49b9-9399-36caf7977cc2 to datanode:81823ae8-7d79-44ce-8d00-770ee83d4f4f(localhost/127.0.0.1)
2025-04-23 15:47:20,966 [42a608c1-c4a9-40f1-8254-ab35a5a5924c@group-902E6658689D-StateMachineUpdater] INFO  safemode.HealthyPipelineSafeModeRule (HealthyPipelineSafeModeRule.java:initializeRule(174)) - Refreshed total pipeline count is 0, healthy pipeline threshold count is 1
2025-04-23 15:47:20,966 [RatisPipelineUtilsThread-0] INFO  pipeline.BackgroundPipelineCreator (BackgroundPipelineCreator.java:createPipelines(247)) - Created new pipeline Pipeline{ Id: 4c31b59a-917e-49b9-9399-36caf7977cc2, Nodes: [ {81823ae8-7d79-44ce-8d00-770ee83d4f4f(localhost/127.0.0.1), ReplicaIndex: 0},], ReplicationConfig: RATIS/ONE, State:ALLOCATED, leaderId:, CreationTimestamp2025-04-23T15:47:20.965136309Z[Etc/UTC]}
2025-04-23 15:47:21,171 [main] INFO  ozone.MiniOzoneClusterImpl (MiniOzoneClusterImpl.java:lambda$waitForClusterToBeReady$0(190)) - Waiting for nodes to be ready. Got 2 of 3 DN Heartbeats.
2025-04-23 15:47:21,171 [main] INFO  ozone.MiniOzoneClusterImpl (MiniOzoneClusterImpl.java:lambda$waitForClusterToBeReady$0(193)) - Waiting for cluster to exit safe mode
2025-04-23 15:47:21,171 [main] INFO  ozone.MiniOzoneClusterImpl (MiniOzoneClusterImpl.java:lambda$waitForClusterToBeReady$0(195)) - SCM became leader
2025-04-23 15:47:21,172 [IPC Server handler 8 on default port 15044] INFO  net.NetworkTopologyImpl (NetworkTopologyImpl.java:add(133)) - Added a new node: /default-rack/cd535dae-68a6-4b81-b820-5294621ff3cf
2025-04-23 15:47:21,172 [IPC Server handler 8 on default port 15044] INFO  node.SCMNodeManager (SCMNodeManager.java:register(425)) - Registered datanode: cd535dae-68a6-4b81-b820-5294621ff3cf{ip: 127.0.0.1, host: localhost, ports: [HTTP=15076, CLIENT_RPC=15077, REPLICATION=15083, RATIS=15079, RATIS_ADMIN=15080, RATIS_SERVER=15081, RATIS_DATASTREAM=15082, STANDALONE=15078], networkLocation: /default-rack, certSerialId: null, persistedOpState: null, persistedOpStateExpiryEpochSec: 0}
2025-04-23 15:47:21,173 [EventQueue-NodeRegistrationContainerReportForDataNodeSafeModeRule] INFO  safemode.SCMSafeModeManager (DataNodeSafeModeRule.java:process(79)) - SCM in safe mode. 3 DataNodes registered, 3 required.
2025-04-23 15:47:21,173 [EventQueue-NodeRegistrationContainerReportForDataNodeSafeModeRule] INFO  safemode.SCMSafeModeManager (SCMSafeModeManager.java:validateSafeModeExitRules(186)) - DataNodeSafeModeRule rule is successfully validated
2025-04-23 15:47:21,173 [EventQueue-NodeRegistrationContainerReportForDataNodeSafeModeRule] INFO  safemode.SCMSafeModeManager (SCMSafeModeManager.java:completePreCheck(215)) - All SCM safe mode pre check rules have passed
2025-04-23 15:47:21,173 [EventQueue-NodeRegistrationContainerReportForDataNodeSafeModeRule] INFO  ha.SCMContext (SCMContext.java:updateSafeModeStatus(224)) - Update SafeModeStatus from SafeModeStatus{safeModeStatus=true, preCheckPassed=false} to SafeModeStatus{safeModeStatus=true, preCheckPassed=true}.
2025-04-23 15:47:21,173 [EventQueue-NewNodeForNewNodeHandler] INFO  pipeline.BackgroundPipelineCreator (BackgroundPipelineCreator.java:notifyEventTriggered(291)) - trigger a one-shot run on RatisPipelineUtilsThread.
2025-04-23 15:47:21,173 [EventQueue-NodeRegistrationContainerReportForDataNodeSafeModeRule] INFO  pipeline.BackgroundPipelineCreator (BackgroundPipelineCreator.java:notifyEventTriggered(291)) - trigger a one-shot run on RatisPipelineUtilsThread.
2025-04-23 15:47:21,173 [RatisPipelineUtilsThread-0] INFO  pipeline.RatisPipelineProvider (RatisPipelineProvider.java:lambda$create$0(208)) - Sending CreatePipelineCommand for pipeline:PipelineID=b3451622-8fb8-4a3c-a78c-8b98a78958f3 to datanode:cd535dae-68a6-4b81-b820-5294621ff3cf(localhost/127.0.0.1)
2025-04-23 15:47:21,175 [42a608c1-c4a9-40f1-8254-ab35a5a5924c@group-902E6658689D-StateMachineUpdater] INFO  safemode.HealthyPipelineSafeModeRule (HealthyPipelineSafeModeRule.java:initializeRule(174)) - Refreshed total pipeline count is 0, healthy pipeline threshold count is 1
2025-04-23 15:47:21,175 [RatisPipelineUtilsThread-0] INFO  pipeline.BackgroundPipelineCreator (BackgroundPipelineCreator.java:createPipelines(247)) - Created new pipeline Pipeline{ Id: b3451622-8fb8-4a3c-a78c-8b98a78958f3, Nodes: [ {cd535dae-68a6-4b81-b820-5294621ff3cf(localhost/127.0.0.1), ReplicaIndex: 0},], ReplicationConfig: RATIS/ONE, State:ALLOCATED, leaderId:, CreationTimestamp2025-04-23T15:47:21.173770005Z[Etc/UTC]}
2025-04-23 15:47:21,176 [RatisPipelineUtilsThread-0] INFO  pipeline.RatisPipelineProvider (RatisPipelineProvider.java:lambda$create$0(208)) - Sending CreatePipelineCommand for pipeline:PipelineID=802b2308-0205-45d7-8fb7-db58b9470a99 to datanode:cd535dae-68a6-4b81-b820-5294621ff3cf(localhost/127.0.0.1)
2025-04-23 15:47:21,176 [RatisPipelineUtilsThread-0] INFO  pipeline.RatisPipelineProvider (RatisPipelineProvider.java:lambda$create$0(208)) - Sending CreatePipelineCommand for pipeline:PipelineID=802b2308-0205-45d7-8fb7-db58b9470a99 to datanode:81823ae8-7d79-44ce-8d00-770ee83d4f4f(localhost/127.0.0.1)
2025-04-23 15:47:21,176 [RatisPipelineUtilsThread-0] INFO  pipeline.RatisPipelineProvider (RatisPipelineProvider.java:lambda$create$0(208)) - Sending CreatePipelineCommand for pipeline:PipelineID=802b2308-0205-45d7-8fb7-db58b9470a99 to datanode:29e49559-ca15-4e73-8b82-6fc70a227cc4(localhost/127.0.0.1)
2025-04-23 15:47:21,177 [42a608c1-c4a9-40f1-8254-ab35a5a5924c@group-902E6658689D-StateMachineUpdater] INFO  safemode.HealthyPipelineSafeModeRule (HealthyPipelineSafeModeRule.java:initializeRule(174)) - Refreshed total pipeline count is 0, healthy pipeline threshold count is 1
2025-04-23 15:47:21,178 [RatisPipelineUtilsThread-0] INFO  pipeline.BackgroundPipelineCreator (BackgroundPipelineCreator.java:createPipelines(247)) - Created new pipeline Pipeline{ Id: 802b2308-0205-45d7-8fb7-db58b9470a99, Nodes: [ {cd535dae-68a6-4b81-b820-5294621ff3cf(localhost/127.0.0.1), ReplicaIndex: 0}, {81823ae8-7d79-44ce-8d00-770ee83d4f4f(localhost/127.0.0.1), ReplicaIndex: 0}, {29e49559-ca15-4e73-8b82-6fc70a227cc4(localhost/127.0.0.1), ReplicaIndex: 0},], ReplicationConfig: RATIS/THREE, State:ALLOCATED, leaderId:, CreationTimestamp2025-04-23T15:47:21.176297787Z[Etc/UTC]}
2025-04-23 15:47:21,178 [RatisPipelineUtilsThread-0] INFO  pipeline.RatisPipelineProvider (RatisPipelineProvider.java:lambda$create$0(208)) - Sending CreatePipelineCommand for pipeline:PipelineID=155d96e7-00e4-4931-9a3b-415d9042b882 to datanode:cd535dae-68a6-4b81-b820-5294621ff3cf(localhost/127.0.0.1)
2025-04-23 15:47:21,178 [RatisPipelineUtilsThread-0] INFO  pipeline.RatisPipelineProvider (RatisPipelineProvider.java:lambda$create$0(208)) - Sending CreatePipelineCommand for pipeline:PipelineID=155d96e7-00e4-4931-9a3b-415d9042b882 to datanode:29e49559-ca15-4e73-8b82-6fc70a227cc4(localhost/127.0.0.1)
2025-04-23 15:47:21,178 [RatisPipelineUtilsThread-0] INFO  pipeline.RatisPipelineProvider (RatisPipelineProvider.java:lambda$create$0(208)) - Sending CreatePipelineCommand for pipeline:PipelineID=155d96e7-00e4-4931-9a3b-415d9042b882 to datanode:81823ae8-7d79-44ce-8d00-770ee83d4f4f(localhost/127.0.0.1)
2025-04-23 15:47:21,180 [42a608c1-c4a9-40f1-8254-ab35a5a5924c@group-902E6658689D-StateMachineUpdater] INFO  safemode.HealthyPipelineSafeModeRule (HealthyPipelineSafeModeRule.java:initializeRule(174)) - Refreshed total pipeline count is 0, healthy pipeline threshold count is 1
2025-04-23 15:47:21,180 [RatisPipelineUtilsThread-0] INFO  pipeline.PipelineManagerImpl (PipelineManagerImpl.java:recordMetricsForPipeline(921)) - Pipeline: PipelineID=155d96e7-00e4-4931-9a3b-415d9042b882 contains same datanodes as previous pipelines: PipelineID=802b2308-0205-45d7-8fb7-db58b9470a99 nodeIds: cd535dae-68a6-4b81-b820-5294621ff3cf, 29e49559-ca15-4e73-8b82-6fc70a227cc4, 81823ae8-7d79-44ce-8d00-770ee83d4f4f
2025-04-23 15:47:21,180 [RatisPipelineUtilsThread-0] INFO  pipeline.BackgroundPipelineCreator (BackgroundPipelineCreator.java:createPipelines(247)) - Created new pipeline Pipeline{ Id: 155d96e7-00e4-4931-9a3b-415d9042b882, Nodes: [ {cd535dae-68a6-4b81-b820-5294621ff3cf(localhost/127.0.0.1), ReplicaIndex: 0}, {29e49559-ca15-4e73-8b82-6fc70a227cc4(localhost/127.0.0.1), ReplicaIndex: 0}, {81823ae8-7d79-44ce-8d00-770ee83d4f4f(localhost/127.0.0.1), ReplicaIndex: 0},], ReplicationConfig: RATIS/THREE, State:ALLOCATED, leaderId:, CreationTimestamp2025-04-23T15:47:21.178868762Z[Etc/UTC]}
2025-04-23 15:47:22,172 [main] INFO  ozone.MiniOzoneClusterImpl (MiniOzoneClusterImpl.java:lambda$waitForClusterToBeReady$0(190)) - Nodes are ready. Got 3 of 3 DN Heartbeats.
2025-04-23 15:47:22,172 [main] INFO  ozone.MiniOzoneClusterImpl (MiniOzoneClusterImpl.java:lambda$waitForClusterToBeReady$0(193)) - Waiting for cluster to exit safe mode
2025-04-23 15:47:22,172 [main] INFO  ozone.MiniOzoneClusterImpl (MiniOzoneClusterImpl.java:lambda$waitForClusterToBeReady$0(195)) - SCM became leader
2025-04-23 15:47:22,464 [81823ae8-7d79-44ce-8d00-770ee83d4f4f-PipelineCommandHandlerThread-0] INFO  server.RaftServer (RaftServerProxy.java:addNew(100)) - 81823ae8-7d79-44ce-8d00-770ee83d4f4f: addNew group-36CAF7977CC2:[81823ae8-7d79-44ce-8d00-770ee83d4f4f|127.0.0.1:15073] returns group-36CAF7977CC2:java.util.concurrent.CompletableFuture@977eac1[Not completed]
2025-04-23 15:47:22,465 [81823ae8-7d79-44ce-8d00-770ee83d4f4f-groupManagement] INFO  server.RaftServer$Division (RaftServerImpl.java:<init>(255)) - 81823ae8-7d79-44ce-8d00-770ee83d4f4f: new RaftServerImpl for group-36CAF7977CC2:[81823ae8-7d79-44ce-8d00-770ee83d4f4f|127.0.0.1:15073] with ContainerStateMachine:uninitialized
2025-04-23 15:47:22,465 [81823ae8-7d79-44ce-8d00-770ee83d4f4f-groupManagement] INFO  server.RaftServerConfigKeys (ConfUtils.java:logGet(46)) - raft.server.rpc.timeout.min = 5s (custom)
2025-04-23 15:47:22,465 [81823ae8-7d79-44ce-8d00-770ee83d4f4f-groupManagement] INFO  server.RaftServerConfigKeys (ConfUtils.java:logGet(46)) - raft.server.rpc.timeout.max = 5200ms (custom)
2025-04-23 15:47:22,465 [81823ae8-7d79-44ce-8d00-770ee83d4f4f-groupManagement] INFO  server.RaftServerConfigKeys (ConfUtils.java:logGet(46)) - raft.server.rpc.sleep.time = 25ms (default)
2025-04-23 15:47:22,465 [81823ae8-7d79-44ce-8d00-770ee83d4f4f-groupManagement] INFO  server.RaftServerConfigKeys (ConfUtils.java:logGet(46)) - raft.server.rpc.slowness.timeout = 300s (custom)
2025-04-23 15:47:22,465 [81823ae8-7d79-44ce-8d00-770ee83d4f4f-groupManagement] INFO  server.RaftServerConfigKeys (ConfUtils.java:logGet(46)) - raft.server.leaderelection.leader.step-down.wait-time = 10s (default)
2025-04-23 15:47:22,465 [81823ae8-7d79-44ce-8d00-770ee83d4f4f-groupManagement] INFO  server.RaftServerConfigKeys (ConfUtils.java:logGet(46)) - raft.server.leaderelection.member.majority-add = false (default)
2025-04-23 15:47:22,465 [81823ae8-7d79-44ce-8d00-770ee83d4f4f-groupManagement] INFO  server.RaftServerConfigKeys (ConfUtils.java:logGet(46)) - raft.server.sleep.deviation.threshold = 300ms (default)
2025-04-23 15:47:22,465 [81823ae8-7d79-44ce-8d00-770ee83d4f4f-groupManagement] INFO  server.RaftServer$Division (ServerState.java:<init>(114)) - 81823ae8-7d79-44ce-8d00-770ee83d4f4f@group-36CAF7977CC2: ConfigurationManager, init=conf: {index: -1, cur=peers:[81823ae8-7d79-44ce-8d00-770ee83d4f4f|127.0.0.1:15073]|listeners:[], old=null}, confs=<EMPTY_MAP>
2025-04-23 15:47:22,466 [81823ae8-7d79-44ce-8d00-770ee83d4f4f-groupManagement] INFO  server.RaftServerConfigKeys (ConfUtils.java:logGet(46)) - raft.server.notification.no-leader.timeout = 300s (custom)
2025-04-23 15:47:22,466 [81823ae8-7d79-44ce-8d00-770ee83d4f4f-groupManagement] INFO  server.RaftServerConfigKeys (ConfUtils.java:logGet(46)) - raft.server.read.timeout = 10s (default)
2025-04-23 15:47:22,466 [81823ae8-7d79-44ce-8d00-770ee83d4f4f-groupManagement] INFO  server.RaftServerConfigKeys (ConfUtils.java:logGet(46)) - raft.server.retrycache.expirytime = 600000ms (custom)
2025-04-23 15:47:22,466 [81823ae8-7d79-44ce-8d00-770ee83d4f4f-groupManagement] INFO  server.RaftServerConfigKeys (ConfUtils.java:logGet(46)) - raft.server.retrycache.statistics.expirytime = 100ms (default)
2025-04-23 15:47:22,466 [81823ae8-7d79-44ce-8d00-770ee83d4f4f-groupManagement] INFO  server.RaftServerConfigKeys (ConfUtils.java:logGet(46)) - raft.server.read.option = DEFAULT (default)
2025-04-23 15:47:22,466 [81823ae8-7d79-44ce-8d00-770ee83d4f4f-groupManagement] INFO  server.RaftServerConfigKeys (ConfUtils.java:logGet(46)) - raft.server.read.read-after-write-consistent.write-index-cache.expiry-time = 60s (default)
2025-04-23 15:47:22,468 [81823ae8-7d79-44ce-8d00-770ee83d4f4f-groupManagement] INFO  server.RaftServerConfigKeys (ConfUtils.java:logGet(46)) - raft.server.rpc.request.timeout = 60s (custom)
2025-04-23 15:47:22,468 [81823ae8-7d79-44ce-8d00-770ee83d4f4f-groupManagement] INFO  server.RaftServerConfigKeys (ConfUtils.java:logGet(46)) - raft.server.log.appender.install.snapshot.enabled = false (custom)
2025-04-23 15:47:22,468 [81823ae8-7d79-44ce-8d00-770ee83d4f4f-groupManagement] INFO  server.RaftServerConfigKeys (ConfUtils.java:logGet(46)) - raft.server.threadpool.server.cached = true (default)
2025-04-23 15:47:22,468 [81823ae8-7d79-44ce-8d00-770ee83d4f4f-groupManagement] INFO  server.RaftServerConfigKeys (ConfUtils.java:logGet(46)) - raft.server.threadpool.server.size = 0 (default)
2025-04-23 15:47:22,468 [81823ae8-7d79-44ce-8d00-770ee83d4f4f-groupManagement] INFO  server.RaftServerConfigKeys (ConfUtils.java:logGet(46)) - raft.server.threadpool.client.cached = true (default)
2025-04-23 15:47:22,468 [81823ae8-7d79-44ce-8d00-770ee83d4f4f-groupManagement] INFO  server.RaftServerConfigKeys (ConfUtils.java:logGet(46)) - raft.server.threadpool.client.size = 0 (default)
2025-04-23 15:47:22,468 [81823ae8-7d79-44ce-8d00-770ee83d4f4f-groupManagement] INFO  server.RaftServerConfigKeys (ConfUtils.java:logGet(46)) - raft.server.storage.free-space.min = 0MB (=0) (default)
2025-04-23 15:47:22,468 [81823ae8-7d79-44ce-8d00-770ee83d4f4f-groupManagement] INFO  server.RaftServerConfigKeys (ConfUtils.java:logGet(46)) - raft.server.log.corruption.policy = EXCEPTION (default)
2025-04-23 15:47:22,469 [81823ae8-7d79-44ce-8d00-770ee83d4f4f-groupManagement] INFO  server.RaftServerConfigKeys (ConfUtils.java:logGet(46)) - raft.server.storage.dir = [/home/runner/work/ozone/ozone/hadoop-ozone/integration-test/target/test-dir/MiniOzoneClusterImpl-11ed033c-ec90-4580-9385-902e6658689d/ozone-meta/datanode-2/ratis] (custom)
2025-04-23 15:47:22,469 [81823ae8-7d79-44ce-8d00-770ee83d4f4f-groupManagement] INFO  storage.RaftStorageDirectory (RaftStorageDirectoryImpl.java:analyzeStorage(138)) - The storage directory /home/runner/work/ozone/ozone/hadoop-ozone/integration-test/target/test-dir/MiniOzoneClusterImpl-11ed033c-ec90-4580-9385-902e6658689d/ozone-meta/datanode-2/ratis/4c31b59a-917e-49b9-9399-36caf7977cc2 does not exist. Creating ...
2025-04-23 15:47:22,470 [81823ae8-7d79-44ce-8d00-770ee83d4f4f-groupManagement] INFO  storage.RaftStorageDirectory (RaftStorageDirectoryImpl.java:tryLock(229)) - Lock on /home/runner/work/ozone/ozone/hadoop-ozone/integration-test/target/test-dir/MiniOzoneClusterImpl-11ed033c-ec90-4580-9385-902e6658689d/ozone-meta/datanode-2/ratis/4c31b59a-917e-49b9-9399-36caf7977cc2/in_use.lock acquired by nodename 129659@fv-az1337-835
2025-04-23 15:47:22,471 [81823ae8-7d79-44ce-8d00-770ee83d4f4f-groupManagement] INFO  storage.RaftStorage (RaftStorageImpl.java:format(98)) - Storage directory /home/runner/work/ozone/ozone/hadoop-ozone/integration-test/target/test-dir/MiniOzoneClusterImpl-11ed033c-ec90-4580-9385-902e6658689d/ozone-meta/datanode-2/ratis/4c31b59a-917e-49b9-9399-36caf7977cc2 has been successfully formatted.
2025-04-23 15:47:22,471 [81823ae8-7d79-44ce-8d00-770ee83d4f4f-groupManagement] INFO  ratis.ContainerStateMachine (ContainerStateMachine.java:initialize(339)) - 81823ae8-7d79-44ce-8d00-770ee83d4f4f: initialize group-36CAF7977CC2
2025-04-23 15:47:22,471 [81823ae8-7d79-44ce-8d00-770ee83d4f4f-groupManagement] INFO  ratis.ContainerStateMachine (ContainerStateMachine.java:loadSnapshot(347)) - group-36CAF7977CC2: The snapshot info is null. Setting the last applied index to:(t:0, i:~)
2025-04-23 15:47:22,471 [81823ae8-7d79-44ce-8d00-770ee83d4f4f-groupManagement] INFO  server.RaftServerConfigKeys (ConfUtils.java:logGet(46)) - raft.server.log.use.memory = false (default)
2025-04-23 15:47:22,471 [81823ae8-7d79-44ce-8d00-770ee83d4f4f-groupManagement] INFO  server.RaftServerConfigKeys (ConfUtils.java:logGet(46)) - raft.server.log.purge.gap = 1000000 (custom)
2025-04-23 15:47:22,471 [81823ae8-7d79-44ce-8d00-770ee83d4f4f-groupManagement] INFO  server.RaftServerConfigKeys (ConfUtils.java:logGet(46)) - raft.server.log.appender.buffer.byte-limit = 33554432 (custom)
2025-04-23 15:47:22,471 [81823ae8-7d79-44ce-8d00-770ee83d4f4f-groupManagement] INFO  server.RaftServerConfigKeys (ConfUtils.java:logGet(46)) - raft.server.log.statemachine.data.read.timeout = 1000ms (default)
2025-04-23 15:47:22,471 [81823ae8-7d79-44ce-8d00-770ee83d4f4f-groupManagement] INFO  server.RaftServerConfigKeys (ConfUtils.java:logGet(46)) - raft.server.log.purge.preservation.log.num = 0 (default)
2025-04-23 15:47:22,472 [81823ae8-7d79-44ce-8d00-770ee83d4f4f-groupManagement] INFO  server.RaftServerConfigKeys (ConfUtils.java:logGet(46)) - raft.server.log.segment.size.max = 67108864 (custom)
2025-04-23 15:47:22,473 [81823ae8-7d79-44ce-8d00-770ee83d4f4f-groupManagement] INFO  server.RaftServerConfigKeys (ConfUtils.java:logGet(46)) - raft.server.log.segment.cache.num.max = 2 (custom)
2025-04-23 15:47:22,473 [81823ae8-7d79-44ce-8d00-770ee83d4f4f-groupManagement] INFO  server.RaftServerConfigKeys (ConfUtils.java:logGet(46)) - raft.server.log.segment.cache.size.max = 200MB (=209715200) (default)
2025-04-23 15:47:22,473 [81823ae8-7d79-44ce-8d00-770ee83d4f4f-groupManagement] INFO  server.RaftServerConfigKeys (ConfUtils.java:logGet(46)) - raft.server.log.appender.buffer.byte-limit = 33554432 (custom)
2025-04-23 15:47:22,473 [81823ae8-7d79-44ce-8d00-770ee83d4f4f-groupManagement] INFO  util.AwaitToRun (AwaitToRun.java:start(81)) - Thread[#8890,81823ae8-7d79-44ce-8d00-770ee83d4f4f@group-36CAF7977CC2-cacheEviction-AwaitToRun,5,main] started
2025-04-23 15:47:22,473 [81823ae8-7d79-44ce-8d00-770ee83d4f4f-groupManagement] INFO  segmented.SegmentedRaftLogWorker (SegmentedRaftLogWorker.java:<init>(188)) - new 81823ae8-7d79-44ce-8d00-770ee83d4f4f@group-36CAF7977CC2-SegmentedRaftLogWorker for RaftStorageImpl:Storage Directory /home/runner/work/ozone/ozone/hadoop-ozone/integration-test/target/test-dir/MiniOzoneClusterImpl-11ed033c-ec90-4580-9385-902e6658689d/ozone-meta/datanode-2/ratis/4c31b59a-917e-49b9-9399-36caf7977cc2
2025-04-23 15:47:22,473 [81823ae8-7d79-44ce-8d00-770ee83d4f4f-groupManagement] INFO  server.RaftServerConfigKeys (ConfUtils.java:logGet(46)) - raft.server.log.queue.byte-limit = 4294967296 (custom)
2025-04-23 15:47:22,473 [81823ae8-7d79-44ce-8d00-770ee83d4f4f-groupManagement] INFO  server.RaftServerConfigKeys (ConfUtils.java:logGet(46)) - raft.server.log.queue.element-limit = 1024 (custom)
2025-04-23 15:47:22,473 [81823ae8-7d79-44ce-8d00-770ee83d4f4f-groupManagement] INFO  server.RaftServerConfigKeys (ConfUtils.java:logGet(46)) - raft.server.log.segment.size.max = 67108864 (custom)
2025-04-23 15:47:22,473 [81823ae8-7d79-44ce-8d00-770ee83d4f4f-groupManagement] INFO  server.RaftServerConfigKeys (ConfUtils.java:logGet(46)) - raft.server.log.preallocated.size = 4194304 (custom)
2025-04-23 15:47:22,473 [81823ae8-7d79-44ce-8d00-770ee83d4f4f-groupManagement] INFO  server.RaftServerConfigKeys (ConfUtils.java:logGet(46)) - raft.server.log.force.sync.num = 128 (default)
2025-04-23 15:47:22,473 [81823ae8-7d79-44ce-8d00-770ee83d4f4f-groupManagement] INFO  server.RaftServerConfigKeys (ConfUtils.java:logGet(46)) - raft.server.log.statemachine.data.sync = true (default)
2025-04-23 15:47:22,473 [81823ae8-7d79-44ce-8d00-770ee83d4f4f-groupManagement] INFO  server.RaftServerConfigKeys (ConfUtils.java:logGet(46)) - raft.server.log.statemachine.data.sync.timeout = 10s (default)
2025-04-23 15:47:22,473 [81823ae8-7d79-44ce-8d00-770ee83d4f4f-groupManagement] INFO  server.RaftServerConfigKeys (ConfUtils.java:logGet(46)) - raft.server.log.statemachine.data.sync.timeout.retry = 30 (custom)
2025-04-23 15:47:22,474 [81823ae8-7d79-44ce-8d00-770ee83d4f4f-groupManagement] INFO  server.RaftServerConfigKeys (ConfUtils.java:logGet(46)) - raft.server.log.write.buffer.size = 33554440 (custom)
2025-04-23 15:47:22,474 [42a608c1-c4a9-40f1-8254-ab35a5a5924c@group-902E6658689D-StateMachineUpdater] INFO  safemode.HealthyPipelineSafeModeRule (HealthyPipelineSafeModeRule.java:initializeRule(174)) - Refreshed total pipeline count is 0, healthy pipeline threshold count is 1
2025-04-23 15:47:22,475 [EventQueue-PipelineReportForPipelineReportHandler] INFO  pipeline.PipelineReportHandler (PipelineReportHandler.java:processPipelineReport(134)) - Opened pipeline PipelineID=4c31b59a-917e-49b9-9399-36caf7977cc2
2025-04-23 15:47:22,475 [EventQueue-OpenPipelineForHealthyPipelineSafeModeRule] INFO  safemode.SCMSafeModeManager (HealthyPipelineSafeModeRule.java:process(141)) - SCM in safe mode. Healthy pipelines reported count is 0, required healthy pipeline reported count is 1
2025-04-23 15:47:22,478 [81823ae8-7d79-44ce-8d00-770ee83d4f4f-groupManagement] INFO  server.RaftServerConfigKeys (ConfUtils.java:logGet(46)) - raft.server.log.appender.buffer.byte-limit = 33554432 (custom)
2025-04-23 15:47:22,478 [81823ae8-7d79-44ce-8d00-770ee83d4f4f-groupManagement] INFO  server.RaftServerConfigKeys (ConfUtils.java:logGet(46)) - raft.server.log.unsafe-flush.enabled = false (default)
2025-04-23 15:47:22,478 [81823ae8-7d79-44ce-8d00-770ee83d4f4f-groupManagement] INFO  server.RaftServerConfigKeys (ConfUtils.java:logGet(46)) - raft.server.log.async-flush.enabled = false (default)
2025-04-23 15:47:22,478 [81823ae8-7d79-44ce-8d00-770ee83d4f4f-groupManagement] INFO  server.RaftServerConfigKeys (ConfUtils.java:logGet(46)) - raft.server.log.statemachine.data.caching.enabled = true (custom)
2025-04-23 15:47:22,478 [81823ae8-7d79-44ce-8d00-770ee83d4f4f-groupManagement] INFO  segmented.SegmentedRaftLogWorker (SegmentedRaftLogWorker.java:lambda$new$0(139)) - 81823ae8-7d79-44ce-8d00-770ee83d4f4f@group-36CAF7977CC2-SegmentedRaftLogWorker: flushIndex: setUnconditionally 0 -> -1
2025-04-23 15:47:22,478 [81823ae8-7d79-44ce-8d00-770ee83d4f4f-groupManagement] INFO  segmented.SegmentedRaftLogWorker (SegmentedRaftLogWorker.java:lambda$new$0(139)) - 81823ae8-7d79-44ce-8d00-770ee83d4f4f@group-36CAF7977CC2-SegmentedRaftLogWorker: safeCacheEvictIndex: setUnconditionally 0 -> -1
2025-04-23 15:47:22,479 [81823ae8-7d79-44ce-8d00-770ee83d4f4f-groupManagement] INFO  server.RaftServer$Division (RaftServerImpl.java:start(391)) - 81823ae8-7d79-44ce-8d00-770ee83d4f4f@group-36CAF7977CC2: start as a follower, conf=conf: {index: -1, cur=peers:[81823ae8-7d79-44ce-8d00-770ee83d4f4f|127.0.0.1:15073]|listeners:[], old=null}
2025-04-23 15:47:22,479 [81823ae8-7d79-44ce-8d00-770ee83d4f4f-groupManagement] INFO  server.RaftServer$Division (RaftServerImpl.java:setRole(378)) - 81823ae8-7d79-44ce-8d00-770ee83d4f4f@group-36CAF7977CC2: changes role from      null to FOLLOWER at term 0 for startAsFollower
2025-04-23 15:47:22,479 [81823ae8-7d79-44ce-8d00-770ee83d4f4f-groupManagement] INFO  impl.RoleInfo (RoleInfo.java:updateAndGet(148)) - 81823ae8-7d79-44ce-8d00-770ee83d4f4f: start 81823ae8-7d79-44ce-8d00-770ee83d4f4f@group-36CAF7977CC2-FollowerState
2025-04-23 15:47:22,479 [81823ae8-7d79-44ce-8d00-770ee83d4f4f-groupManagement] INFO  util.JmxRegister (JmxRegister.java:tryRegister(44)) - Successfully registered JMX Bean with object name Ratis:service=RaftServer,group=group-36CAF7977CC2,id=81823ae8-7d79-44ce-8d00-770ee83d4f4f
2025-04-23 15:47:22,479 [81823ae8-7d79-44ce-8d00-770ee83d4f4f@group-36CAF7977CC2-FollowerState] INFO  server.RaftServerConfigKeys (ConfUtils.java:logGet(46)) - raft.server.rpc.first-election.timeout.min = 1000ms (custom)
2025-04-23 15:47:22,479 [81823ae8-7d79-44ce-8d00-770ee83d4f4f-groupManagement] INFO  util.JmxRegister (JmxRegister.java:register(58)) - register mxBean class org.apache.ratis.server.impl.RaftServerJmxAdapter as Ratis:service=RaftServer,group=group-36CAF7977CC2,id=81823ae8-7d79-44ce-8d00-770ee83d4f4f
2025-04-23 15:47:22,479 [81823ae8-7d79-44ce-8d00-770ee83d4f4f@group-36CAF7977CC2-FollowerState] INFO  server.RaftServerConfigKeys (ConfUtils.java:logGet(46)) - raft.server.rpc.first-election.timeout.max = 1200ms (custom)
2025-04-23 15:47:22,479 [81823ae8-7d79-44ce-8d00-770ee83d4f4f-groupManagement] INFO  server.RaftServerConfigKeys (ConfUtils.java:logGet(46)) - raft.server.snapshot.trigger-when-stop.enabled = true (default)
2025-04-23 15:47:22,479 [81823ae8-7d79-44ce-8d00-770ee83d4f4f-groupManagement] INFO  server.RaftServerConfigKeys (ConfUtils.java:logGet(46)) - raft.server.snapshot.trigger-when-remove.enabled = true (default)
2025-04-23 15:47:22,479 [81823ae8-7d79-44ce-8d00-770ee83d4f4f-groupManagement] INFO  server.RaftServerConfigKeys (ConfUtils.java:logGet(46)) - raft.server.snapshot.auto.trigger.enabled = true (custom)
2025-04-23 15:47:22,479 [81823ae8-7d79-44ce-8d00-770ee83d4f4f-groupManagement] INFO  server.RaftServerConfigKeys (ConfUtils.java:logGet(46)) - raft.server.snapshot.auto.trigger.threshold = 100000 (custom)
2025-04-23 15:47:22,479 [81823ae8-7d79-44ce-8d00-770ee83d4f4f-groupManagement] INFO  server.RaftServerConfigKeys (ConfUtils.java:logGet(46)) - raft.server.snapshot.retention.file.num = 5 (custom)
2025-04-23 15:47:22,480 [81823ae8-7d79-44ce-8d00-770ee83d4f4f-groupManagement] INFO  server.RaftServerConfigKeys (ConfUtils.java:logGet(46)) - raft.server.log.purge.upto.snapshot.index = false (default)
2025-04-23 15:47:22,480 [81823ae8-7d79-44ce-8d00-770ee83d4f4f-groupManagement] INFO  server.RaftServer$Division (RaftServerImpl.java:start(405)) - 81823ae8-7d79-44ce-8d00-770ee83d4f4f@group-36CAF7977CC2: Successfully started.
2025-04-23 15:47:22,480 [81823ae8-7d79-44ce-8d00-770ee83d4f4f-PipelineCommandHandlerThread-0] INFO  ratis.XceiverServerRatis (XceiverServerRatis.java:addGroup(842)) - Created group PipelineID=4c31b59a-917e-49b9-9399-36caf7977cc2
2025-04-23 15:47:22,480 [81823ae8-7d79-44ce-8d00-770ee83d4f4f-PipelineCommandHandlerThread-0] INFO  commandhandler.CreatePipelineCommandHandler (CreatePipelineCommandHandler.java:lambda$handle$2(128)) - Created Pipeline RATIS ONE PipelineID=4c31b59a-917e-49b9-9399-36caf7977cc2.
2025-04-23 15:47:22,480 [81823ae8-7d79-44ce-8d00-770ee83d4f4f-PipelineCommandHandlerThread-0] INFO  server.RaftServer (RaftServerProxy.java:addNew(100)) - 81823ae8-7d79-44ce-8d00-770ee83d4f4f: addNew group-DB58B9470A99:[81823ae8-7d79-44ce-8d00-770ee83d4f4f|127.0.0.1:15073, cd535dae-68a6-4b81-b820-5294621ff3cf|127.0.0.1:15081, 29e49559-ca15-4e73-8b82-6fc70a227cc4|127.0.0.1:15065] returns group-DB58B9470A99:java.util.concurrent.CompletableFuture@27668a6a[Not completed]
2025-04-23 15:47:22,481 [81823ae8-7d79-44ce-8d00-770ee83d4f4f-groupManagement] INFO  server.RaftServer$Division (RaftServerImpl.java:<init>(255)) - 81823ae8-7d79-44ce-8d00-770ee83d4f4f: new RaftServerImpl for group-DB58B9470A99:[81823ae8-7d79-44ce-8d00-770ee83d4f4f|127.0.0.1:15073, cd535dae-68a6-4b81-b820-5294621ff3cf|127.0.0.1:15081, 29e49559-ca15-4e73-8b82-6fc70a227cc4|127.0.0.1:15065] with ContainerStateMachine:uninitialized
2025-04-23 15:47:22,481 [81823ae8-7d79-44ce-8d00-770ee83d4f4f-groupManagement] INFO  server.RaftServerConfigKeys (ConfUtils.java:logGet(46)) - raft.server.rpc.timeout.min = 5s (custom)
2025-04-23 15:47:22,482 [81823ae8-7d79-44ce-8d00-770ee83d4f4f-groupManagement] INFO  server.RaftServerConfigKeys (ConfUtils.java:logGet(46)) - raft.server.rpc.timeout.max = 5200ms (custom)
2025-04-23 15:47:22,482 [81823ae8-7d79-44ce-8d00-770ee83d4f4f-groupManagement] INFO  server.RaftServerConfigKeys (ConfUtils.java:logGet(46)) - raft.server.rpc.sleep.time = 25ms (default)
2025-04-23 15:47:22,482 [81823ae8-7d79-44ce-8d00-770ee83d4f4f-groupManagement] INFO  server.RaftServerConfigKeys (ConfUtils.java:logGet(46)) - raft.server.rpc.slowness.timeout = 300s (custom)
2025-04-23 15:47:22,482 [81823ae8-7d79-44ce-8d00-770ee83d4f4f-groupManagement] INFO  server.RaftServerConfigKeys (ConfUtils.java:logGet(46)) - raft.server.leaderelection.leader.step-down.wait-time = 10s (default)
2025-04-23 15:47:22,482 [81823ae8-7d79-44ce-8d00-770ee83d4f4f-groupManagement] INFO  server.RaftServerConfigKeys (ConfUtils.java:logGet(46)) - raft.server.leaderelection.member.majority-add = false (default)
2025-04-23 15:47:22,482 [81823ae8-7d79-44ce-8d00-770ee83d4f4f-groupManagement] INFO  server.RaftServerConfigKeys (ConfUtils.java:logGet(46)) - raft.server.sleep.deviation.threshold = 300ms (default)
2025-04-23 15:47:22,482 [81823ae8-7d79-44ce-8d00-770ee83d4f4f-groupManagement] INFO  server.RaftServer$Division (ServerState.java:<init>(114)) - 81823ae8-7d79-44ce-8d00-770ee83d4f4f@group-DB58B9470A99: ConfigurationManager, init=conf: {index: -1, cur=peers:[81823ae8-7d79-44ce-8d00-770ee83d4f4f|127.0.0.1:15073, cd535dae-68a6-4b81-b820-5294621ff3cf|127.0.0.1:15081, 29e49559-ca15-4e73-8b82-6fc70a227cc4|127.0.0.1:15065]|listeners:[], old=null}, confs=<EMPTY_MAP>
2025-04-23 15:47:22,482 [81823ae8-7d79-44ce-8d00-770ee83d4f4f-groupManagement] INFO  server.RaftServerConfigKeys (ConfUtils.java:logGet(46)) - raft.server.notification.no-leader.timeout = 300s (custom)
2025-04-23 15:47:22,482 [81823ae8-7d79-44ce-8d00-770ee83d4f4f-groupManagement] INFO  server.RaftServerConfigKeys (ConfUtils.java:logGet(46)) - raft.server.read.timeout = 10s (default)
2025-04-23 15:47:22,482 [81823ae8-7d79-44ce-8d00-770ee83d4f4f-groupManagement] INFO  server.RaftServerConfigKeys (ConfUtils.java:logGet(46)) - raft.server.retrycache.expirytime = 600000ms (custom)
2025-04-23 15:47:22,482 [81823ae8-7d79-44ce-8d00-770ee83d4f4f-groupManagement] INFO  server.RaftServerConfigKeys (ConfUtils.java:logGet(46)) - raft.server.retrycache.statistics.expirytime = 100ms (default)
2025-04-23 15:47:22,482 [81823ae8-7d79-44ce-8d00-770ee83d4f4f-groupManagement] INFO  server.RaftServerConfigKeys (ConfUtils.java:logGet(46)) - raft.server.read.option = DEFAULT (default)
2025-04-23 15:47:22,482 [81823ae8-7d79-44ce-8d00-770ee83d4f4f-groupManagement] INFO  server.RaftServerConfigKeys (ConfUtils.java:logGet(46)) - raft.server.read.read-after-write-consistent.write-index-cache.expiry-time = 60s (default)
2025-04-23 15:47:22,483 [81823ae8-7d79-44ce-8d00-770ee83d4f4f-groupManagement] INFO  server.RaftServerConfigKeys (ConfUtils.java:logGet(46)) - raft.server.rpc.request.timeout = 60s (custom)
2025-04-23 15:47:22,483 [81823ae8-7d79-44ce-8d00-770ee83d4f4f-groupManagement] INFO  server.RaftServerConfigKeys (ConfUtils.java:logGet(46)) - raft.server.log.appender.install.snapshot.enabled = false (custom)
2025-04-23 15:47:22,483 [81823ae8-7d79-44ce-8d00-770ee83d4f4f-groupManagement] INFO  server.RaftServerConfigKeys (ConfUtils.java:logGet(46)) - raft.server.threadpool.server.cached = true (default)
2025-04-23 15:47:22,483 [81823ae8-7d79-44ce-8d00-770ee83d4f4f-groupManagement] INFO  server.RaftServerConfigKeys (ConfUtils.java:logGet(46)) - raft.server.threadpool.server.size = 0 (default)
2025-04-23 15:47:22,483 [81823ae8-7d79-44ce-8d00-770ee83d4f4f-groupManagement] INFO  server.RaftServerConfigKeys (ConfUtils.java:logGet(46)) - raft.server.threadpool.client.cached = true (default)
2025-04-23 15:47:22,483 [81823ae8-7d79-44ce-8d00-770ee83d4f4f-groupManagement] INFO  server.RaftServerConfigKeys (ConfUtils.java:logGet(46)) - raft.server.threadpool.client.size = 0 (default)
2025-04-23 15:47:22,483 [81823ae8-7d79-44ce-8d00-770ee83d4f4f-groupManagement] INFO  server.RaftServerConfigKeys (ConfUtils.java:logGet(46)) - raft.server.storage.free-space.min = 0MB (=0) (default)
2025-04-23 15:47:22,484 [81823ae8-7d79-44ce-8d00-770ee83d4f4f-groupManagement] INFO  server.RaftServerConfigKeys (ConfUtils.java:logGet(46)) - raft.server.log.corruption.policy = EXCEPTION (default)
2025-04-23 15:47:22,484 [81823ae8-7d79-44ce-8d00-770ee83d4f4f-groupManagement] INFO  server.RaftServerConfigKeys (ConfUtils.java:logGet(46)) - raft.server.storage.dir = [/home/runner/work/ozone/ozone/hadoop-ozone/integration-test/target/test-dir/MiniOzoneClusterImpl-11ed033c-ec90-4580-9385-902e6658689d/ozone-meta/datanode-2/ratis] (custom)
2025-04-23 15:47:22,484 [81823ae8-7d79-44ce-8d00-770ee83d4f4f-groupManagement] INFO  storage.RaftStorageDirectory (RaftStorageDirectoryImpl.java:analyzeStorage(138)) - The storage directory /home/runner/work/ozone/ozone/hadoop-ozone/integration-test/target/test-dir/MiniOzoneClusterImpl-11ed033c-ec90-4580-9385-902e6658689d/ozone-meta/datanode-2/ratis/802b2308-0205-45d7-8fb7-db58b9470a99 does not exist. Creating ...
2025-04-23 15:47:22,485 [81823ae8-7d79-44ce-8d00-770ee83d4f4f-groupManagement] INFO  storage.RaftStorageDirectory (RaftStorageDirectoryImpl.java:tryLock(229)) - Lock on /home/runner/work/ozone/ozone/hadoop-ozone/integration-test/target/test-dir/MiniOzoneClusterImpl-11ed033c-ec90-4580-9385-902e6658689d/ozone-meta/datanode-2/ratis/802b2308-0205-45d7-8fb7-db58b9470a99/in_use.lock acquired by nodename 129659@fv-az1337-835
2025-04-23 15:47:22,486 [81823ae8-7d79-44ce-8d00-770ee83d4f4f-groupManagement] INFO  storage.RaftStorage (RaftStorageImpl.java:format(98)) - Storage directory /home/runner/work/ozone/ozone/hadoop-ozone/integration-test/target/test-dir/MiniOzoneClusterImpl-11ed033c-ec90-4580-9385-902e6658689d/ozone-meta/datanode-2/ratis/802b2308-0205-45d7-8fb7-db58b9470a99 has been successfully formatted.
2025-04-23 15:47:22,486 [81823ae8-7d79-44ce-8d00-770ee83d4f4f-groupManagement] INFO  ratis.ContainerStateMachine (ContainerStateMachine.java:initialize(339)) - 81823ae8-7d79-44ce-8d00-770ee83d4f4f: initialize group-DB58B9470A99
2025-04-23 15:47:22,486 [81823ae8-7d79-44ce-8d00-770ee83d4f4f-groupManagement] INFO  ratis.ContainerStateMachine (ContainerStateMachine.java:loadSnapshot(347)) - group-DB58B9470A99: The snapshot info is null. Setting the last applied index to:(t:0, i:~)
2025-04-23 15:47:22,486 [81823ae8-7d79-44ce-8d00-770ee83d4f4f-groupManagement] INFO  server.RaftServerConfigKeys (ConfUtils.java:logGet(46)) - raft.server.log.use.memory = false (default)
2025-04-23 15:47:22,486 [81823ae8-7d79-44ce-8d00-770ee83d4f4f-groupManagement] INFO  server.RaftServerConfigKeys (ConfUtils.java:logGet(46)) - raft.server.log.purge.gap = 1000000 (custom)
2025-04-23 15:47:22,486 [81823ae8-7d79-44ce-8d00-770ee83d4f4f-groupManagement] INFO  server.RaftServerConfigKeys (ConfUtils.java:logGet(46)) - raft.server.log.appender.buffer.byte-limit = 33554432 (custom)
2025-04-23 15:47:22,486 [81823ae8-7d79-44ce-8d00-770ee83d4f4f-groupManagement] INFO  server.RaftServerConfigKeys (ConfUtils.java:logGet(46)) - raft.server.log.statemachine.data.read.timeout = 1000ms (default)
2025-04-23 15:47:22,486 [81823ae8-7d79-44ce-8d00-770ee83d4f4f-groupManagement] INFO  server.RaftServerConfigKeys (ConfUtils.java:logGet(46)) - raft.server.log.purge.preservation.log.num = 0 (default)
2025-04-23 15:47:22,487 [81823ae8-7d79-44ce-8d00-770ee83d4f4f-groupManagement] INFO  server.RaftServerConfigKeys (ConfUtils.java:logGet(46)) - raft.server.log.segment.size.max = 67108864 (custom)
2025-04-23 15:47:22,487 [81823ae8-7d79-44ce-8d00-770ee83d4f4f-groupManagement] INFO  server.RaftServerConfigKeys (ConfUtils.java:logGet(46)) - raft.server.log.segment.cache.num.max = 2 (custom)
2025-04-23 15:47:22,487 [81823ae8-7d79-44ce-8d00-770ee83d4f4f-groupManagement] INFO  server.RaftServerConfigKeys (ConfUtils.java:logGet(46)) - raft.server.log.segment.cache.size.max = 200MB (=209715200) (default)
2025-04-23 15:47:22,487 [81823ae8-7d79-44ce-8d00-770ee83d4f4f-groupManagement] INFO  server.RaftServerConfigKeys (ConfUtils.java:logGet(46)) - raft.server.log.appender.buffer.byte-limit = 33554432 (custom)
2025-04-23 15:47:22,488 [81823ae8-7d79-44ce-8d00-770ee83d4f4f-groupManagement] INFO  util.AwaitToRun (AwaitToRun.java:start(81)) - Thread[#8895,81823ae8-7d79-44ce-8d00-770ee83d4f4f@group-DB58B9470A99-cacheEviction-AwaitToRun,5,main] started
2025-04-23 15:47:22,488 [81823ae8-7d79-44ce-8d00-770ee83d4f4f-groupManagement] INFO  segmented.SegmentedRaftLogWorker (SegmentedRaftLogWorker.java:<init>(188)) - new 81823ae8-7d79-44ce-8d00-770ee83d4f4f@group-DB58B9470A99-SegmentedRaftLogWorker for RaftStorageImpl:Storage Directory /home/runner/work/ozone/ozone/hadoop-ozone/integration-test/target/test-dir/MiniOzoneClusterImpl-11ed033c-ec90-4580-9385-902e6658689d/ozone-meta/datanode-2/ratis/802b2308-0205-45d7-8fb7-db58b9470a99
2025-04-23 15:47:22,488 [81823ae8-7d79-44ce-8d00-770ee83d4f4f-groupManagement] INFO  server.RaftServerConfigKeys (ConfUtils.java:logGet(46)) - raft.server.log.queue.byte-limit = 4294967296 (custom)
2025-04-23 15:47:22,488 [81823ae8-7d79-44ce-8d00-770ee83d4f4f-groupManagement] INFO  server.RaftServerConfigKeys (ConfUtils.java:logGet(46)) - raft.server.log.queue.element-limit = 1024 (custom)
2025-04-23 15:47:22,488 [81823ae8-7d79-44ce-8d00-770ee83d4f4f-groupManagement] INFO  server.RaftServerConfigKeys (ConfUtils.java:logGet(46)) - raft.server.log.segment.size.max = 67108864 (custom)
2025-04-23 15:47:22,488 [81823ae8-7d79-44ce-8d00-770ee83d4f4f-groupManagement] INFO  server.RaftServerConfigKeys (ConfUtils.java:logGet(46)) - raft.server.log.preallocated.size = 4194304 (custom)
2025-04-23 15:47:22,488 [81823ae8-7d79-44ce-8d00-770ee83d4f4f-groupManagement] INFO  server.RaftServerConfigKeys (ConfUtils.java:logGet(46)) - raft.server.log.force.sync.num = 128 (default)
2025-04-23 15:47:22,488 [81823ae8-7d79-44ce-8d00-770ee83d4f4f-groupManagement] INFO  server.RaftServerConfigKeys (ConfUtils.java:logGet(46)) - raft.server.log.statemachine.data.sync = true (default)
2025-04-23 15:47:22,488 [81823ae8-7d79-44ce-8d00-770ee83d4f4f-groupManagement] INFO  server.RaftServerConfigKeys (ConfUtils.java:logGet(46)) - raft.server.log.statemachine.data.sync.timeout = 10s (default)
2025-04-23 15:47:22,488 [81823ae8-7d79-44ce-8d00-770ee83d4f4f-groupManagement] INFO  server.RaftServerConfigKeys (ConfUtils.java:logGet(46)) - raft.server.log.statemachine.data.sync.timeout.retry = 30 (custom)
2025-04-23 15:47:22,488 [EventQueue-OpenPipelineForHealthyPipelineSafeModeRule] INFO  safemode.SCMSafeModeManager (HealthyPipelineSafeModeRule.java:process(141)) - SCM in safe mode. Healthy pipelines reported count is 0, required healthy pipeline reported count is 1
2025-04-23 15:47:22,488 [81823ae8-7d79-44ce-8d00-770ee83d4f4f-groupManagement] INFO  server.RaftServerConfigKeys (ConfUtils.java:logGet(46)) - raft.server.log.write.buffer.size = 33554440 (custom)
2025-04-23 15:47:22,493 [81823ae8-7d79-44ce-8d00-770ee83d4f4f-groupManagement] INFO  server.RaftServerConfigKeys (ConfUtils.java:logGet(46)) - raft.server.log.appender.buffer.byte-limit = 33554432 (custom)
2025-04-23 15:47:22,493 [81823ae8-7d79-44ce-8d00-770ee83d4f4f-groupManagement] INFO  server.RaftServerConfigKeys (ConfUtils.java:logGet(46)) - raft.server.log.unsafe-flush.enabled = false (default)
2025-04-23 15:47:22,493 [81823ae8-7d79-44ce-8d00-770ee83d4f4f-groupManagement] INFO  server.RaftServerConfigKeys (ConfUtils.java:logGet(46)) - raft.server.log.async-flush.enabled = false (default)
2025-04-23 15:47:22,493 [81823ae8-7d79-44ce-8d00-770ee83d4f4f-groupManagement] INFO  server.RaftServerConfigKeys (ConfUtils.java:logGet(46)) - raft.server.log.statemachine.data.caching.enabled = true (custom)
2025-04-23 15:47:22,493 [81823ae8-7d79-44ce-8d00-770ee83d4f4f-groupManagement] INFO  segmented.SegmentedRaftLogWorker (SegmentedRaftLogWorker.java:lambda$new$0(139)) - 81823ae8-7d79-44ce-8d00-770ee83d4f4f@group-DB58B9470A99-SegmentedRaftLogWorker: flushIndex: setUnconditionally 0 -> -1
2025-04-23 15:47:22,493 [81823ae8-7d79-44ce-8d00-770ee83d4f4f-groupManagement] INFO  segmented.SegmentedRaftLogWorker (SegmentedRaftLogWorker.java:lambda$new$0(139)) - 81823ae8-7d79-44ce-8d00-770ee83d4f4f@group-DB58B9470A99-SegmentedRaftLogWorker: safeCacheEvictIndex: setUnconditionally 0 -> -1
2025-04-23 15:47:22,493 [81823ae8-7d79-44ce-8d00-770ee83d4f4f-groupManagement] INFO  server.RaftServer$Division (RaftServerImpl.java:start(391)) - 81823ae8-7d79-44ce-8d00-770ee83d4f4f@group-DB58B9470A99: start as a follower, conf=conf: {index: -1, cur=peers:[81823ae8-7d79-44ce-8d00-770ee83d4f4f|127.0.0.1:15073, cd535dae-68a6-4b81-b820-5294621ff3cf|127.0.0.1:15081, 29e49559-ca15-4e73-8b82-6fc70a227cc4|127.0.0.1:15065]|listeners:[], old=null}
2025-04-23 15:47:22,494 [81823ae8-7d79-44ce-8d00-770ee83d4f4f-groupManagement] INFO  server.RaftServer$Division (RaftServerImpl.java:setRole(378)) - 81823ae8-7d79-44ce-8d00-770ee83d4f4f@group-DB58B9470A99: changes role from      null to FOLLOWER at term 0 for startAsFollower
2025-04-23 15:47:22,494 [81823ae8-7d79-44ce-8d00-770ee83d4f4f-groupManagement] INFO  impl.RoleInfo (RoleInfo.java:updateAndGet(148)) - 81823ae8-7d79-44ce-8d00-770ee83d4f4f: start 81823ae8-7d79-44ce-8d00-770ee83d4f4f@group-DB58B9470A99-FollowerState
2025-04-23 15:47:22,494 [81823ae8-7d79-44ce-8d00-770ee83d4f4f-groupManagement] INFO  util.JmxRegister (JmxRegister.java:tryRegister(44)) - Successfully registered JMX Bean with object name Ratis:service=RaftServer,group=group-DB58B9470A99,id=81823ae8-7d79-44ce-8d00-770ee83d4f4f
2025-04-23 15:47:22,494 [81823ae8-7d79-44ce-8d00-770ee83d4f4f-groupManagement] INFO  util.JmxRegister (JmxRegister.java:register(58)) - register mxBean class org.apache.ratis.server.impl.RaftServerJmxAdapter as Ratis:service=RaftServer,group=group-DB58B9470A99,id=81823ae8-7d79-44ce-8d00-770ee83d4f4f
2025-04-23 15:47:22,494 [81823ae8-7d79-44ce-8d00-770ee83d4f4f-groupManagement] INFO  server.RaftServerConfigKeys (ConfUtils.java:logGet(46)) - raft.server.snapshot.trigger-when-stop.enabled = true (default)
2025-04-23 15:47:22,494 [81823ae8-7d79-44ce-8d00-770ee83d4f4f-groupManagement] INFO  server.RaftServerConfigKeys (ConfUtils.java:logGet(46)) - raft.server.snapshot.trigger-when-remove.enabled = true (default)
2025-04-23 15:47:22,494 [81823ae8-7d79-44ce-8d00-770ee83d4f4f@group-DB58B9470A99-FollowerState] INFO  server.RaftServerConfigKeys (ConfUtils.java:logGet(46)) - raft.server.rpc.first-election.timeout.min = 1000ms (custom)
2025-04-23 15:47:22,494 [81823ae8-7d79-44ce-8d00-770ee83d4f4f@group-DB58B9470A99-FollowerState] INFO  server.RaftServerConfigKeys (ConfUtils.java:logGet(46)) - raft.server.rpc.first-election.timeout.max = 1200ms (custom)
2025-04-23 15:47:22,494 [81823ae8-7d79-44ce-8d00-770ee83d4f4f-groupManagement] INFO  server.RaftServerConfigKeys (ConfUtils.java:logGet(46)) - raft.server.snapshot.auto.trigger.enabled = true (custom)
2025-04-23 15:47:22,494 [81823ae8-7d79-44ce-8d00-770ee83d4f4f-groupManagement] INFO  server.RaftServerConfigKeys (ConfUtils.java:logGet(46)) - raft.server.snapshot.auto.trigger.threshold = 100000 (custom)
2025-04-23 15:47:22,494 [81823ae8-7d79-44ce-8d00-770ee83d4f4f-groupManagement] INFO  server.RaftServerConfigKeys (ConfUtils.java:logGet(46)) - raft.server.snapshot.retention.file.num = 5 (custom)
2025-04-23 15:47:22,494 [81823ae8-7d79-44ce-8d00-770ee83d4f4f-groupManagement] INFO  server.RaftServerConfigKeys (ConfUtils.java:logGet(46)) - raft.server.log.purge.upto.snapshot.index = false (default)
2025-04-23 15:47:22,495 [81823ae8-7d79-44ce-8d00-770ee83d4f4f-groupManagement] INFO  server.RaftServer$Division (RaftServerImpl.java:start(405)) - 81823ae8-7d79-44ce-8d00-770ee83d4f4f@group-DB58B9470A99: Successfully started.
2025-04-23 15:47:22,495 [81823ae8-7d79-44ce-8d00-770ee83d4f4f-PipelineCommandHandlerThread-0] INFO  ratis.XceiverServerRatis (XceiverServerRatis.java:addGroup(842)) - Created group PipelineID=802b2308-0205-45d7-8fb7-db58b9470a99
2025-04-23 15:47:22,499 [grpc-default-executor-4] INFO  server.RaftServer (RaftServerProxy.java:addNew(100)) - cd535dae-68a6-4b81-b820-5294621ff3cf: addNew group-DB58B9470A99:[81823ae8-7d79-44ce-8d00-770ee83d4f4f|127.0.0.1:15073, cd535dae-68a6-4b81-b820-5294621ff3cf|127.0.0.1:15081, 29e49559-ca15-4e73-8b82-6fc70a227cc4|127.0.0.1:15065] returns group-DB58B9470A99:java.util.concurrent.CompletableFuture@495a1c4c[Not completed]
2025-04-23 15:47:22,501 [cd535dae-68a6-4b81-b820-5294621ff3cf-groupManagement] INFO  server.RaftServer$Division (RaftServerImpl.java:<init>(255)) - cd535dae-68a6-4b81-b820-5294621ff3cf: new RaftServerImpl for group-DB58B9470A99:[81823ae8-7d79-44ce-8d00-770ee83d4f4f|127.0.0.1:15073, cd535dae-68a6-4b81-b820-5294621ff3cf|127.0.0.1:15081, 29e49559-ca15-4e73-8b82-6fc70a227cc4|127.0.0.1:15065] with ContainerStateMachine:uninitialized
2025-04-23 15:47:22,501 [cd535dae-68a6-4b81-b820-5294621ff3cf-groupManagement] INFO  server.RaftServerConfigKeys (ConfUtils.java:logGet(46)) - raft.server.rpc.timeout.min = 5s (custom)
2025-04-23 15:47:22,501 [cd535dae-68a6-4b81-b820-5294621ff3cf-groupManagement] INFO  server.RaftServerConfigKeys (ConfUtils.java:logGet(46)) - raft.server.rpc.timeout.max = 5200ms (custom)
2025-04-23 15:47:22,501 [cd535dae-68a6-4b81-b820-5294621ff3cf-groupManagement] INFO  server.RaftServerConfigKeys (ConfUtils.java:logGet(46)) - raft.server.rpc.sleep.time = 25ms (default)
2025-04-23 15:47:22,501 [cd535dae-68a6-4b81-b820-5294621ff3cf-groupManagement] INFO  server.RaftServerConfigKeys (ConfUtils.java:logGet(46)) - raft.server.rpc.slowness.timeout = 300s (custom)
2025-04-23 15:47:22,501 [cd535dae-68a6-4b81-b820-5294621ff3cf-groupManagement] INFO  server.RaftServerConfigKeys (ConfUtils.java:logGet(46)) - raft.server.leaderelection.leader.step-down.wait-time = 10s (default)
2025-04-23 15:47:22,501 [cd535dae-68a6-4b81-b820-5294621ff3cf-groupManagement] INFO  server.RaftServerConfigKeys (ConfUtils.java:logGet(46)) - raft.server.leaderelection.member.majority-add = false (default)
2025-04-23 15:47:22,501 [cd535dae-68a6-4b81-b820-5294621ff3cf-groupManagement] INFO  server.RaftServerConfigKeys (ConfUtils.java:logGet(46)) - raft.server.sleep.deviation.threshold = 300ms (default)
2025-04-23 15:47:22,501 [cd535dae-68a6-4b81-b820-5294621ff3cf-groupManagement] INFO  server.RaftServer$Division (ServerState.java:<init>(114)) - cd535dae-68a6-4b81-b820-5294621ff3cf@group-DB58B9470A99: ConfigurationManager, init=conf: {index: -1, cur=peers:[81823ae8-7d79-44ce-8d00-770ee83d4f4f|127.0.0.1:15073, cd535dae-68a6-4b81-b820-5294621ff3cf|127.0.0.1:15081, 29e49559-ca15-4e73-8b82-6fc70a227cc4|127.0.0.1:15065]|listeners:[], old=null}, confs=<EMPTY_MAP>
2025-04-23 15:47:22,501 [cd535dae-68a6-4b81-b820-5294621ff3cf-groupManagement] INFO  server.RaftServerConfigKeys (ConfUtils.java:logGet(46)) - raft.server.notification.no-leader.timeout = 300s (custom)
2025-04-23 15:47:22,501 [cd535dae-68a6-4b81-b820-5294621ff3cf-groupManagement] INFO  server.RaftServerConfigKeys (ConfUtils.java:logGet(46)) - raft.server.read.timeout = 10s (default)
2025-04-23 15:47:22,501 [cd535dae-68a6-4b81-b820-5294621ff3cf-groupManagement] INFO  server.RaftServerConfigKeys (ConfUtils.java:logGet(46)) - raft.server.retrycache.expirytime = 600000ms (custom)
2025-04-23 15:47:22,501 [cd535dae-68a6-4b81-b820-5294621ff3cf-groupManagement] INFO  server.RaftServerConfigKeys (ConfUtils.java:logGet(46)) - raft.server.retrycache.statistics.expirytime = 100ms (default)
2025-04-23 15:47:22,501 [cd535dae-68a6-4b81-b820-5294621ff3cf-groupManagement] INFO  server.RaftServerConfigKeys (ConfUtils.java:logGet(46)) - raft.server.read.option = DEFAULT (default)
2025-04-23 15:47:22,501 [cd535dae-68a6-4b81-b820-5294621ff3cf-groupManagement] INFO  server.RaftServerConfigKeys (ConfUtils.java:logGet(46)) - raft.server.read.read-after-write-consistent.write-index-cache.expiry-time = 60s (default)
2025-04-23 15:47:22,503 [cd535dae-68a6-4b81-b820-5294621ff3cf-groupManagement] INFO  server.RaftServerConfigKeys (ConfUtils.java:logGet(46)) - raft.server.rpc.request.timeout = 60s (custom)
2025-04-23 15:47:22,503 [cd535dae-68a6-4b81-b820-5294621ff3cf-groupManagement] INFO  server.RaftServerConfigKeys (ConfUtils.java:logGet(46)) - raft.server.log.appender.install.snapshot.enabled = false (custom)
2025-04-23 15:47:22,503 [cd535dae-68a6-4b81-b820-5294621ff3cf-groupManagement] INFO  server.RaftServerConfigKeys (ConfUtils.java:logGet(46)) - raft.server.threadpool.server.cached = true (default)
2025-04-23 15:47:22,503 [cd535dae-68a6-4b81-b820-5294621ff3cf-groupManagement] INFO  server.RaftServerConfigKeys (ConfUtils.java:logGet(46)) - raft.server.threadpool.server.size = 0 (default)
2025-04-23 15:47:22,503 [cd535dae-68a6-4b81-b820-5294621ff3cf-groupManagement] INFO  server.RaftServerConfigKeys (ConfUtils.java:logGet(46)) - raft.server.threadpool.client.cached = true (default)
2025-04-23 15:47:22,503 [cd535dae-68a6-4b81-b820-5294621ff3cf-groupManagement] INFO  server.RaftServerConfigKeys (ConfUtils.java:logGet(46)) - raft.server.threadpool.client.size = 0 (default)
2025-04-23 15:47:22,503 [cd535dae-68a6-4b81-b820-5294621ff3cf-groupManagement] INFO  server.RaftServerConfigKeys (ConfUtils.java:logGet(46)) - raft.server.storage.free-space.min = 0MB (=0) (default)
2025-04-23 15:47:22,503 [cd535dae-68a6-4b81-b820-5294621ff3cf-groupManagement] INFO  server.RaftServerConfigKeys (ConfUtils.java:logGet(46)) - raft.server.log.corruption.policy = EXCEPTION (default)
2025-04-23 15:47:22,503 [cd535dae-68a6-4b81-b820-5294621ff3cf-groupManagement] INFO  server.RaftServerConfigKeys (ConfUtils.java:logGet(46)) - raft.server.storage.dir = [/home/runner/work/ozone/ozone/hadoop-ozone/integration-test/target/test-dir/MiniOzoneClusterImpl-11ed033c-ec90-4580-9385-902e6658689d/ozone-meta/datanode-3/ratis] (custom)
2025-04-23 15:47:22,503 [cd535dae-68a6-4b81-b820-5294621ff3cf-groupManagement] INFO  storage.RaftStorageDirectory (RaftStorageDirectoryImpl.java:analyzeStorage(138)) - The storage directory /home/runner/work/ozone/ozone/hadoop-ozone/integration-test/target/test-dir/MiniOzoneClusterImpl-11ed033c-ec90-4580-9385-902e6658689d/ozone-meta/datanode-3/ratis/802b2308-0205-45d7-8fb7-db58b9470a99 does not exist. Creating ...
2025-04-23 15:47:22,504 [cd535dae-68a6-4b81-b820-5294621ff3cf-groupManagement] INFO  storage.RaftStorageDirectory (RaftStorageDirectoryImpl.java:tryLock(229)) - Lock on /home/runner/work/ozone/ozone/hadoop-ozone/integration-test/target/test-dir/MiniOzoneClusterImpl-11ed033c-ec90-4580-9385-902e6658689d/ozone-meta/datanode-3/ratis/802b2308-0205-45d7-8fb7-db58b9470a99/in_use.lock acquired by nodename 129659@fv-az1337-835
2025-04-23 15:47:22,506 [cd535dae-68a6-4b81-b820-5294621ff3cf-groupManagement] INFO  storage.RaftStorage (RaftStorageImpl.java:format(98)) - Storage directory /home/runner/work/ozone/ozone/hadoop-ozone/integration-test/target/test-dir/MiniOzoneClusterImpl-11ed033c-ec90-4580-9385-902e6658689d/ozone-meta/datanode-3/ratis/802b2308-0205-45d7-8fb7-db58b9470a99 has been successfully formatted.
2025-04-23 15:47:22,506 [cd535dae-68a6-4b81-b820-5294621ff3cf-groupManagement] INFO  ratis.ContainerStateMachine (ContainerStateMachine.java:initialize(339)) - cd535dae-68a6-4b81-b820-5294621ff3cf: initialize group-DB58B9470A99
2025-04-23 15:47:22,506 [cd535dae-68a6-4b81-b820-5294621ff3cf-groupManagement] INFO  ratis.ContainerStateMachine (ContainerStateMachine.java:loadSnapshot(347)) - group-DB58B9470A99: The snapshot info is null. Setting the last applied index to:(t:0, i:~)
2025-04-23 15:47:22,506 [cd535dae-68a6-4b81-b820-5294621ff3cf-groupManagement] INFO  server.RaftServerConfigKeys (ConfUtils.java:logGet(46)) - raft.server.log.use.memory = false (default)
2025-04-23 15:47:22,506 [cd535dae-68a6-4b81-b820-5294621ff3cf-groupManagement] INFO  server.RaftServerConfigKeys (ConfUtils.java:logGet(46)) - raft.server.log.purge.gap = 1000000 (custom)
2025-04-23 15:47:22,506 [cd535dae-68a6-4b81-b820-5294621ff3cf-groupManagement] INFO  server.RaftServerConfigKeys (ConfUtils.java:logGet(46)) - raft.server.log.appender.buffer.byte-limit = 33554432 (custom)
2025-04-23 15:47:22,506 [cd535dae-68a6-4b81-b820-5294621ff3cf-groupManagement] INFO  server.RaftServerConfigKeys (ConfUtils.java:logGet(46)) - raft.server.log.statemachine.data.read.timeout = 1000ms (default)
2025-04-23 15:47:22,506 [cd535dae-68a6-4b81-b820-5294621ff3cf-groupManagement] INFO  server.RaftServerConfigKeys (ConfUtils.java:logGet(46)) - raft.server.log.purge.preservation.log.num = 0 (default)
2025-04-23 15:47:22,507 [cd535dae-68a6-4b81-b820-5294621ff3cf-groupManagement] INFO  server.RaftServerConfigKeys (ConfUtils.java:logGet(46)) - raft.server.log.segment.size.max = 67108864 (custom)
2025-04-23 15:47:22,507 [cd535dae-68a6-4b81-b820-5294621ff3cf-groupManagement] INFO  server.RaftServerConfigKeys (ConfUtils.java:logGet(46)) - raft.server.log.segment.cache.num.max = 2 (custom)
2025-04-23 15:47:22,507 [cd535dae-68a6-4b81-b820-5294621ff3cf-groupManagement] INFO  server.RaftServerConfigKeys (ConfUtils.java:logGet(46)) - raft.server.log.segment.cache.size.max = 200MB (=209715200) (default)
2025-04-23 15:47:22,507 [cd535dae-68a6-4b81-b820-5294621ff3cf-groupManagement] INFO  server.RaftServerConfigKeys (ConfUtils.java:logGet(46)) - raft.server.log.appender.buffer.byte-limit = 33554432 (custom)
2025-04-23 15:47:22,508 [cd535dae-68a6-4b81-b820-5294621ff3cf-groupManagement] INFO  util.AwaitToRun (AwaitToRun.java:start(81)) - Thread[#8900,cd535dae-68a6-4b81-b820-5294621ff3cf@group-DB58B9470A99-cacheEviction-AwaitToRun,5,main] started
2025-04-23 15:47:22,508 [cd535dae-68a6-4b81-b820-5294621ff3cf-groupManagement] INFO  segmented.SegmentedRaftLogWorker (SegmentedRaftLogWorker.java:<init>(188)) - new cd535dae-68a6-4b81-b820-5294621ff3cf@group-DB58B9470A99-SegmentedRaftLogWorker for RaftStorageImpl:Storage Directory /home/runner/work/ozone/ozone/hadoop-ozone/integration-test/target/test-dir/MiniOzoneClusterImpl-11ed033c-ec90-4580-9385-902e6658689d/ozone-meta/datanode-3/ratis/802b2308-0205-45d7-8fb7-db58b9470a99
2025-04-23 15:47:22,508 [cd535dae-68a6-4b81-b820-5294621ff3cf-groupManagement] INFO  server.RaftServerConfigKeys (ConfUtils.java:logGet(46)) - raft.server.log.queue.byte-limit = 4294967296 (custom)
2025-04-23 15:47:22,508 [cd535dae-68a6-4b81-b820-5294621ff3cf-groupManagement] INFO  server.RaftServerConfigKeys (ConfUtils.java:logGet(46)) - raft.server.log.queue.element-limit = 1024 (custom)
2025-04-23 15:47:22,508 [cd535dae-68a6-4b81-b820-5294621ff3cf-groupManagement] INFO  server.RaftServerConfigKeys (ConfUtils.java:logGet(46)) - raft.server.log.segment.size.max = 67108864 (custom)
2025-04-23 15:47:22,508 [cd535dae-68a6-4b81-b820-5294621ff3cf-groupManagement] INFO  server.RaftServerConfigKeys (ConfUtils.java:logGet(46)) - raft.server.log.preallocated.size = 4194304 (custom)
2025-04-23 15:47:22,508 [cd535dae-68a6-4b81-b820-5294621ff3cf-groupManagement] INFO  server.RaftServerConfigKeys (ConfUtils.java:logGet(46)) - raft.server.log.force.sync.num = 128 (default)
2025-04-23 15:47:22,508 [cd535dae-68a6-4b81-b820-5294621ff3cf-groupManagement] INFO  server.RaftServerConfigKeys (ConfUtils.java:logGet(46)) - raft.server.log.statemachine.data.sync = true (default)
2025-04-23 15:47:22,508 [cd535dae-68a6-4b81-b820-5294621ff3cf-groupManagement] INFO  server.RaftServerConfigKeys (ConfUtils.java:logGet(46)) - raft.server.log.statemachine.data.sync.timeout = 10s (default)
2025-04-23 15:47:22,508 [cd535dae-68a6-4b81-b820-5294621ff3cf-groupManagement] INFO  server.RaftServerConfigKeys (ConfUtils.java:logGet(46)) - raft.server.log.statemachine.data.sync.timeout.retry = 30 (custom)
2025-04-23 15:47:22,508 [cd535dae-68a6-4b81-b820-5294621ff3cf-groupManagement] INFO  server.RaftServerConfigKeys (ConfUtils.java:logGet(46)) - raft.server.log.write.buffer.size = 33554440 (custom)
2025-04-23 15:47:22,513 [cd535dae-68a6-4b81-b820-5294621ff3cf-groupManagement] INFO  server.RaftServerConfigKeys (ConfUtils.java:logGet(46)) - raft.server.log.appender.buffer.byte-limit = 33554432 (custom)
2025-04-23 15:47:22,513 [cd535dae-68a6-4b81-b820-5294621ff3cf-groupManagement] INFO  server.RaftServerConfigKeys (ConfUtils.java:logGet(46)) - raft.server.log.unsafe-flush.enabled = false (default)
2025-04-23 15:47:22,513 [cd535dae-68a6-4b81-b820-5294621ff3cf-groupManagement] INFO  server.RaftServerConfigKeys (ConfUtils.java:logGet(46)) - raft.server.log.async-flush.enabled = false (default)
2025-04-23 15:47:22,513 [cd535dae-68a6-4b81-b820-5294621ff3cf-groupManagement] INFO  server.RaftServerConfigKeys (ConfUtils.java:logGet(46)) - raft.server.log.statemachine.data.caching.enabled = true (custom)
2025-04-23 15:47:22,513 [cd535dae-68a6-4b81-b820-5294621ff3cf-groupManagement] INFO  segmented.SegmentedRaftLogWorker (SegmentedRaftLogWorker.java:lambda$new$0(139)) - cd535dae-68a6-4b81-b820-5294621ff3cf@group-DB58B9470A99-SegmentedRaftLogWorker: flushIndex: setUnconditionally 0 -> -1
2025-04-23 15:47:22,513 [cd535dae-68a6-4b81-b820-5294621ff3cf-groupManagement] INFO  segmented.SegmentedRaftLogWorker (SegmentedRaftLogWorker.java:lambda$new$0(139)) - cd535dae-68a6-4b81-b820-5294621ff3cf@group-DB58B9470A99-SegmentedRaftLogWorker: safeCacheEvictIndex: setUnconditionally 0 -> -1
2025-04-23 15:47:22,514 [cd535dae-68a6-4b81-b820-5294621ff3cf-groupManagement] INFO  server.RaftServer$Division (RaftServerImpl.java:start(391)) - cd535dae-68a6-4b81-b820-5294621ff3cf@group-DB58B9470A99: start as a follower, conf=conf: {index: -1, cur=peers:[81823ae8-7d79-44ce-8d00-770ee83d4f4f|127.0.0.1:15073, cd535dae-68a6-4b81-b820-5294621ff3cf|127.0.0.1:15081, 29e49559-ca15-4e73-8b82-6fc70a227cc4|127.0.0.1:15065]|listeners:[], old=null}
2025-04-23 15:47:22,514 [cd535dae-68a6-4b81-b820-5294621ff3cf-groupManagement] INFO  server.RaftServer$Division (RaftServerImpl.java:setRole(378)) - cd535dae-68a6-4b81-b820-5294621ff3cf@group-DB58B9470A99: changes role from      null to FOLLOWER at term 0 for startAsFollower
2025-04-23 15:47:22,514 [cd535dae-68a6-4b81-b820-5294621ff3cf-groupManagement] INFO  impl.RoleInfo (RoleInfo.java:updateAndGet(148)) - cd535dae-68a6-4b81-b820-5294621ff3cf: start cd535dae-68a6-4b81-b820-5294621ff3cf@group-DB58B9470A99-FollowerState
2025-04-23 15:47:22,514 [cd535dae-68a6-4b81-b820-5294621ff3cf-groupManagement] INFO  util.JmxRegister (JmxRegister.java:tryRegister(44)) - Successfully registered JMX Bean with object name Ratis:service=RaftServer,group=group-DB58B9470A99,id=cd535dae-68a6-4b81-b820-5294621ff3cf
2025-04-23 15:47:22,514 [cd535dae-68a6-4b81-b820-5294621ff3cf-groupManagement] INFO  util.JmxRegister (JmxRegister.java:register(58)) - register mxBean class org.apache.ratis.server.impl.RaftServerJmxAdapter as Ratis:service=RaftServer,group=group-DB58B9470A99,id=cd535dae-68a6-4b81-b820-5294621ff3cf
2025-04-23 15:47:22,514 [cd535dae-68a6-4b81-b820-5294621ff3cf-groupManagement] INFO  server.RaftServerConfigKeys (ConfUtils.java:logGet(46)) - raft.server.snapshot.trigger-when-stop.enabled = true (default)
2025-04-23 15:47:22,514 [cd535dae-68a6-4b81-b820-5294621ff3cf-groupManagement] INFO  server.RaftServerConfigKeys (ConfUtils.java:logGet(46)) - raft.server.snapshot.trigger-when-remove.enabled = true (default)
2025-04-23 15:47:22,514 [cd535dae-68a6-4b81-b820-5294621ff3cf-groupManagement] INFO  server.RaftServerConfigKeys (ConfUtils.java:logGet(46)) - raft.server.snapshot.auto.trigger.enabled = true (custom)
2025-04-23 15:47:22,514 [cd535dae-68a6-4b81-b820-5294621ff3cf-groupManagement] INFO  server.RaftServerConfigKeys (ConfUtils.java:logGet(46)) - raft.server.snapshot.auto.trigger.threshold = 100000 (custom)
2025-04-23 15:47:22,514 [cd535dae-68a6-4b81-b820-5294621ff3cf-groupManagement] INFO  server.RaftServerConfigKeys (ConfUtils.java:logGet(46)) - raft.server.snapshot.retention.file.num = 5 (custom)
2025-04-23 15:47:22,514 [cd535dae-68a6-4b81-b820-5294621ff3cf-groupManagement] INFO  server.RaftServerConfigKeys (ConfUtils.java:logGet(46)) - raft.server.log.purge.upto.snapshot.index = false (default)
2025-04-23 15:47:22,514 [cd535dae-68a6-4b81-b820-5294621ff3cf@group-DB58B9470A99-FollowerState] INFO  server.RaftServerConfigKeys (ConfUtils.java:logGet(46)) - raft.server.rpc.first-election.timeout.min = 1000ms (custom)
2025-04-23 15:47:22,514 [cd535dae-68a6-4b81-b820-5294621ff3cf@group-DB58B9470A99-FollowerState] INFO  server.RaftServerConfigKeys (ConfUtils.java:logGet(46)) - raft.server.rpc.first-election.timeout.max = 1200ms (custom)
2025-04-23 15:47:22,515 [cd535dae-68a6-4b81-b820-5294621ff3cf-groupManagement] INFO  server.RaftServer$Division (RaftServerImpl.java:start(405)) - cd535dae-68a6-4b81-b820-5294621ff3cf@group-DB58B9470A99: Successfully started.
2025-04-23 15:47:22,522 [grpc-default-executor-4] INFO  server.RaftServer (RaftServerProxy.java:addNew(100)) - 29e49559-ca15-4e73-8b82-6fc70a227cc4: addNew group-DB58B9470A99:[81823ae8-7d79-44ce-8d00-770ee83d4f4f|127.0.0.1:15073, cd535dae-68a6-4b81-b820-5294621ff3cf|127.0.0.1:15081, 29e49559-ca15-4e73-8b82-6fc70a227cc4|127.0.0.1:15065] returns group-DB58B9470A99:java.util.concurrent.CompletableFuture@1b721e12[Not completed]
2025-04-23 15:47:22,523 [29e49559-ca15-4e73-8b82-6fc70a227cc4-groupManagement] INFO  server.RaftServer$Division (RaftServerImpl.java:<init>(255)) - 29e49559-ca15-4e73-8b82-6fc70a227cc4: new RaftServerImpl for group-DB58B9470A99:[81823ae8-7d79-44ce-8d00-770ee83d4f4f|127.0.0.1:15073, cd535dae-68a6-4b81-b820-5294621ff3cf|127.0.0.1:15081, 29e49559-ca15-4e73-8b82-6fc70a227cc4|127.0.0.1:15065] with ContainerStateMachine:uninitialized
2025-04-23 15:47:22,523 [29e49559-ca15-4e73-8b82-6fc70a227cc4-groupManagement] INFO  server.RaftServerConfigKeys (ConfUtils.java:logGet(46)) - raft.server.rpc.timeout.min = 5s (custom)
2025-04-23 15:47:22,523 [29e49559-ca15-4e73-8b82-6fc70a227cc4-groupManagement] INFO  server.RaftServerConfigKeys (ConfUtils.java:logGet(46)) - raft.server.rpc.timeout.max = 5200ms (custom)
2025-04-23 15:47:22,523 [29e49559-ca15-4e73-8b82-6fc70a227cc4-groupManagement] INFO  server.RaftServerConfigKeys (ConfUtils.java:logGet(46)) - raft.server.rpc.sleep.time = 25ms (default)
2025-04-23 15:47:22,523 [29e49559-ca15-4e73-8b82-6fc70a227cc4-groupManagement] INFO  server.RaftServerConfigKeys (ConfUtils.java:logGet(46)) - raft.server.rpc.slowness.timeout = 300s (custom)
2025-04-23 15:47:22,523 [29e49559-ca15-4e73-8b82-6fc70a227cc4-groupManagement] INFO  server.RaftServerConfigKeys (ConfUtils.java:logGet(46)) - raft.server.leaderelection.leader.step-down.wait-time = 10s (default)
2025-04-23 15:47:22,523 [29e49559-ca15-4e73-8b82-6fc70a227cc4-groupManagement] INFO  server.RaftServerConfigKeys (ConfUtils.java:logGet(46)) - raft.server.leaderelection.member.majority-add = false (default)
2025-04-23 15:47:22,523 [29e49559-ca15-4e73-8b82-6fc70a227cc4-groupManagement] INFO  server.RaftServerConfigKeys (ConfUtils.java:logGet(46)) - raft.server.sleep.deviation.threshold = 300ms (default)
2025-04-23 15:47:22,523 [29e49559-ca15-4e73-8b82-6fc70a227cc4-groupManagement] INFO  server.RaftServer$Division (ServerState.java:<init>(114)) - 29e49559-ca15-4e73-8b82-6fc70a227cc4@group-DB58B9470A99: ConfigurationManager, init=conf: {index: -1, cur=peers:[81823ae8-7d79-44ce-8d00-770ee83d4f4f|127.0.0.1:15073, cd535dae-68a6-4b81-b820-5294621ff3cf|127.0.0.1:15081, 29e49559-ca15-4e73-8b82-6fc70a227cc4|127.0.0.1:15065]|listeners:[], old=null}, confs=<EMPTY_MAP>
2025-04-23 15:47:22,523 [29e49559-ca15-4e73-8b82-6fc70a227cc4-groupManagement] INFO  server.RaftServerConfigKeys (ConfUtils.java:logGet(46)) - raft.server.notification.no-leader.timeout = 300s (custom)
2025-04-23 15:47:22,523 [29e49559-ca15-4e73-8b82-6fc70a227cc4-groupManagement] INFO  server.RaftServerConfigKeys (ConfUtils.java:logGet(46)) - raft.server.read.timeout = 10s (default)
2025-04-23 15:47:22,524 [29e49559-ca15-4e73-8b82-6fc70a227cc4-groupManagement] INFO  server.RaftServerConfigKeys (ConfUtils.java:logGet(46)) - raft.server.retrycache.expirytime = 600000ms (custom)
2025-04-23 15:47:22,524 [29e49559-ca15-4e73-8b82-6fc70a227cc4-groupManagement] INFO  server.RaftServerConfigKeys (ConfUtils.java:logGet(46)) - raft.server.retrycache.statistics.expirytime = 100ms (default)
2025-04-23 15:47:22,524 [29e49559-ca15-4e73-8b82-6fc70a227cc4-groupManagement] INFO  server.RaftServerConfigKeys (ConfUtils.java:logGet(46)) - raft.server.read.option = DEFAULT (default)
2025-04-23 15:47:22,524 [29e49559-ca15-4e73-8b82-6fc70a227cc4-groupManagement] INFO  server.RaftServerConfigKeys (ConfUtils.java:logGet(46)) - raft.server.read.read-after-write-consistent.write-index-cache.expiry-time = 60s (default)
2025-04-23 15:47:22,525 [29e49559-ca15-4e73-8b82-6fc70a227cc4-groupManagement] INFO  server.RaftServerConfigKeys (ConfUtils.java:logGet(46)) - raft.server.rpc.request.timeout = 60s (custom)
2025-04-23 15:47:22,525 [29e49559-ca15-4e73-8b82-6fc70a227cc4-groupManagement] INFO  server.RaftServerConfigKeys (ConfUtils.java:logGet(46)) - raft.server.log.appender.install.snapshot.enabled = false (custom)
2025-04-23 15:47:22,525 [29e49559-ca15-4e73-8b82-6fc70a227cc4-groupManagement] INFO  server.RaftServerConfigKeys (ConfUtils.java:logGet(46)) - raft.server.threadpool.server.cached = true (default)
2025-04-23 15:47:22,525 [29e49559-ca15-4e73-8b82-6fc70a227cc4-groupManagement] INFO  server.RaftServerConfigKeys (ConfUtils.java:logGet(46)) - raft.server.threadpool.server.size = 0 (default)
2025-04-23 15:47:22,525 [29e49559-ca15-4e73-8b82-6fc70a227cc4-groupManagement] INFO  server.RaftServerConfigKeys (ConfUtils.java:logGet(46)) - raft.server.threadpool.client.cached = true (default)
2025-04-23 15:47:22,525 [29e49559-ca15-4e73-8b82-6fc70a227cc4-groupManagement] INFO  server.RaftServerConfigKeys (ConfUtils.java:logGet(46)) - raft.server.threadpool.client.size = 0 (default)
2025-04-23 15:47:22,525 [29e49559-ca15-4e73-8b82-6fc70a227cc4-groupManagement] INFO  server.RaftServerConfigKeys (ConfUtils.java:logGet(46)) - raft.server.storage.free-space.min = 0MB (=0) (default)
2025-04-23 15:47:22,525 [29e49559-ca15-4e73-8b82-6fc70a227cc4-groupManagement] INFO  server.RaftServerConfigKeys (ConfUtils.java:logGet(46)) - raft.server.log.corruption.policy = EXCEPTION (default)
2025-04-23 15:47:22,525 [29e49559-ca15-4e73-8b82-6fc70a227cc4-groupManagement] INFO  server.RaftServerConfigKeys (ConfUtils.java:logGet(46)) - raft.server.storage.dir = [/home/runner/work/ozone/ozone/hadoop-ozone/integration-test/target/test-dir/MiniOzoneClusterImpl-11ed033c-ec90-4580-9385-902e6658689d/ozone-meta/datanode-1/ratis] (custom)
2025-04-23 15:47:22,526 [29e49559-ca15-4e73-8b82-6fc70a227cc4-groupManagement] INFO  storage.RaftStorageDirectory (RaftStorageDirectoryImpl.java:analyzeStorage(138)) - The storage directory /home/runner/work/ozone/ozone/hadoop-ozone/integration-test/target/test-dir/MiniOzoneClusterImpl-11ed033c-ec90-4580-9385-902e6658689d/ozone-meta/datanode-1/ratis/802b2308-0205-45d7-8fb7-db58b9470a99 does not exist. Creating ...
2025-04-23 15:47:22,527 [29e49559-ca15-4e73-8b82-6fc70a227cc4-groupManagement] INFO  storage.RaftStorageDirectory (RaftStorageDirectoryImpl.java:tryLock(229)) - Lock on /home/runner/work/ozone/ozone/hadoop-ozone/integration-test/target/test-dir/MiniOzoneClusterImpl-11ed033c-ec90-4580-9385-902e6658689d/ozone-meta/datanode-1/ratis/802b2308-0205-45d7-8fb7-db58b9470a99/in_use.lock acquired by nodename 129659@fv-az1337-835
2025-04-23 15:47:22,528 [29e49559-ca15-4e73-8b82-6fc70a227cc4-groupManagement] INFO  storage.RaftStorage (RaftStorageImpl.java:format(98)) - Storage directory /home/runner/work/ozone/ozone/hadoop-ozone/integration-test/target/test-dir/MiniOzoneClusterImpl-11ed033c-ec90-4580-9385-902e6658689d/ozone-meta/datanode-1/ratis/802b2308-0205-45d7-8fb7-db58b9470a99 has been successfully formatted.
2025-04-23 15:47:22,528 [29e49559-ca15-4e73-8b82-6fc70a227cc4-groupManagement] INFO  ratis.ContainerStateMachine (ContainerStateMachine.java:initialize(339)) - 29e49559-ca15-4e73-8b82-6fc70a227cc4: initialize group-DB58B9470A99
2025-04-23 15:47:22,528 [29e49559-ca15-4e73-8b82-6fc70a227cc4-groupManagement] INFO  ratis.ContainerStateMachine (ContainerStateMachine.java:loadSnapshot(347)) - group-DB58B9470A99: The snapshot info is null. Setting the last applied index to:(t:0, i:~)
2025-04-23 15:47:22,529 [29e49559-ca15-4e73-8b82-6fc70a227cc4-groupManagement] INFO  server.RaftServerConfigKeys (ConfUtils.java:logGet(46)) - raft.server.log.use.memory = false (default)
2025-04-23 15:47:22,529 [29e49559-ca15-4e73-8b82-6fc70a227cc4-groupManagement] INFO  server.RaftServerConfigKeys (ConfUtils.java:logGet(46)) - raft.server.log.purge.gap = 1000000 (custom)
2025-04-23 15:47:22,529 [29e49559-ca15-4e73-8b82-6fc70a227cc4-groupManagement] INFO  server.RaftServerConfigKeys (ConfUtils.java:logGet(46)) - raft.server.log.appender.buffer.byte-limit = 33554432 (custom)
2025-04-23 15:47:22,529 [29e49559-ca15-4e73-8b82-6fc70a227cc4-groupManagement] INFO  server.RaftServerConfigKeys (ConfUtils.java:logGet(46)) - raft.server.log.statemachine.data.read.timeout = 1000ms (default)
2025-04-23 15:47:22,529 [29e49559-ca15-4e73-8b82-6fc70a227cc4-groupManagement] INFO  server.RaftServerConfigKeys (ConfUtils.java:logGet(46)) - raft.server.log.purge.preservation.log.num = 0 (default)
2025-04-23 15:47:22,530 [29e49559-ca15-4e73-8b82-6fc70a227cc4-groupManagement] INFO  server.RaftServerConfigKeys (ConfUtils.java:logGet(46)) - raft.server.log.segment.size.max = 67108864 (custom)
2025-04-23 15:47:22,530 [29e49559-ca15-4e73-8b82-6fc70a227cc4-groupManagement] INFO  server.RaftServerConfigKeys (ConfUtils.java:logGet(46)) - raft.server.log.segment.cache.num.max = 2 (custom)
2025-04-23 15:47:22,530 [29e49559-ca15-4e73-8b82-6fc70a227cc4-groupManagement] INFO  server.RaftServerConfigKeys (ConfUtils.java:logGet(46)) - raft.server.log.segment.cache.size.max = 200MB (=209715200) (default)
2025-04-23 15:47:22,530 [29e49559-ca15-4e73-8b82-6fc70a227cc4-groupManagement] INFO  server.RaftServerConfigKeys (ConfUtils.java:logGet(46)) - raft.server.log.appender.buffer.byte-limit = 33554432 (custom)
2025-04-23 15:47:22,531 [29e49559-ca15-4e73-8b82-6fc70a227cc4-groupManagement] INFO  util.AwaitToRun (AwaitToRun.java:start(81)) - Thread[#8908,29e49559-ca15-4e73-8b82-6fc70a227cc4@group-DB58B9470A99-cacheEviction-AwaitToRun,5,main] started
2025-04-23 15:47:22,531 [29e49559-ca15-4e73-8b82-6fc70a227cc4-groupManagement] INFO  segmented.SegmentedRaftLogWorker (SegmentedRaftLogWorker.java:<init>(188)) - new 29e49559-ca15-4e73-8b82-6fc70a227cc4@group-DB58B9470A99-SegmentedRaftLogWorker for RaftStorageImpl:Storage Directory /home/runner/work/ozone/ozone/hadoop-ozone/integration-test/target/test-dir/MiniOzoneClusterImpl-11ed033c-ec90-4580-9385-902e6658689d/ozone-meta/datanode-1/ratis/802b2308-0205-45d7-8fb7-db58b9470a99
2025-04-23 15:47:22,531 [29e49559-ca15-4e73-8b82-6fc70a227cc4-groupManagement] INFO  server.RaftServerConfigKeys (ConfUtils.java:logGet(46)) - raft.server.log.queue.byte-limit = 4294967296 (custom)
2025-04-23 15:47:22,531 [29e49559-ca15-4e73-8b82-6fc70a227cc4-groupManagement] INFO  server.RaftServerConfigKeys (ConfUtils.java:logGet(46)) - raft.server.log.queue.element-limit = 1024 (custom)
2025-04-23 15:47:22,531 [29e49559-ca15-4e73-8b82-6fc70a227cc4-groupManagement] INFO  server.RaftServerConfigKeys (ConfUtils.java:logGet(46)) - raft.server.log.segment.size.max = 67108864 (custom)
2025-04-23 15:47:22,531 [29e49559-ca15-4e73-8b82-6fc70a227cc4-groupManagement] INFO  server.RaftServerConfigKeys (ConfUtils.java:logGet(46)) - raft.server.log.preallocated.size = 4194304 (custom)
2025-04-23 15:47:22,531 [29e49559-ca15-4e73-8b82-6fc70a227cc4-groupManagement] INFO  server.RaftServerConfigKeys (ConfUtils.java:logGet(46)) - raft.server.log.force.sync.num = 128 (default)
2025-04-23 15:47:22,531 [29e49559-ca15-4e73-8b82-6fc70a227cc4-groupManagement] INFO  server.RaftServerConfigKeys (ConfUtils.java:logGet(46)) - raft.server.log.statemachine.data.sync = true (default)
2025-04-23 15:47:22,531 [29e49559-ca15-4e73-8b82-6fc70a227cc4-groupManagement] INFO  server.RaftServerConfigKeys (ConfUtils.java:logGet(46)) - raft.server.log.statemachine.data.sync.timeout = 10s (default)
2025-04-23 15:47:22,531 [29e49559-ca15-4e73-8b82-6fc70a227cc4-groupManagement] INFO  server.RaftServerConfigKeys (ConfUtils.java:logGet(46)) - raft.server.log.statemachine.data.sync.timeout.retry = 30 (custom)
2025-04-23 15:47:22,532 [29e49559-ca15-4e73-8b82-6fc70a227cc4-groupManagement] INFO  server.RaftServerConfigKeys (ConfUtils.java:logGet(46)) - raft.server.log.write.buffer.size = 33554440 (custom)
2025-04-23 15:47:22,537 [29e49559-ca15-4e73-8b82-6fc70a227cc4-groupManagement] INFO  server.RaftServerConfigKeys (ConfUtils.java:logGet(46)) - raft.server.log.appender.buffer.byte-limit = 33554432 (custom)
2025-04-23 15:47:22,537 [29e49559-ca15-4e73-8b82-6fc70a227cc4-groupManagement] INFO  server.RaftServerConfigKeys (ConfUtils.java:logGet(46)) - raft.server.log.unsafe-flush.enabled = false (default)
2025-04-23 15:47:22,537 [29e49559-ca15-4e73-8b82-6fc70a227cc4-groupManagement] INFO  server.RaftServerConfigKeys (ConfUtils.java:logGet(46)) - raft.server.log.async-flush.enabled = false (default)
2025-04-23 15:47:22,537 [29e49559-ca15-4e73-8b82-6fc70a227cc4-groupManagement] INFO  server.RaftServerConfigKeys (ConfUtils.java:logGet(46)) - raft.server.log.statemachine.data.caching.enabled = true (custom)
2025-04-23 15:47:22,538 [29e49559-ca15-4e73-8b82-6fc70a227cc4-groupManagement] INFO  segmented.SegmentedRaftLogWorker (SegmentedRaftLogWorker.java:lambda$new$0(139)) - 29e49559-ca15-4e73-8b82-6fc70a227cc4@group-DB58B9470A99-SegmentedRaftLogWorker: flushIndex: setUnconditionally 0 -> -1
2025-04-23 15:47:22,538 [29e49559-ca15-4e73-8b82-6fc70a227cc4-groupManagement] INFO  segmented.SegmentedRaftLogWorker (SegmentedRaftLogWorker.java:lambda$new$0(139)) - 29e49559-ca15-4e73-8b82-6fc70a227cc4@group-DB58B9470A99-SegmentedRaftLogWorker: safeCacheEvictIndex: setUnconditionally 0 -> -1
2025-04-23 15:47:22,538 [29e49559-ca15-4e73-8b82-6fc70a227cc4-groupManagement] INFO  server.RaftServer$Division (RaftServerImpl.java:start(391)) - 29e49559-ca15-4e73-8b82-6fc70a227cc4@group-DB58B9470A99: start as a follower, conf=conf: {index: -1, cur=peers:[81823ae8-7d79-44ce-8d00-770ee83d4f4f|127.0.0.1:15073, cd535dae-68a6-4b81-b820-5294621ff3cf|127.0.0.1:15081, 29e49559-ca15-4e73-8b82-6fc70a227cc4|127.0.0.1:15065]|listeners:[], old=null}
2025-04-23 15:47:22,538 [29e49559-ca15-4e73-8b82-6fc70a227cc4-groupManagement] INFO  server.RaftServer$Division (RaftServerImpl.java:setRole(378)) - 29e49559-ca15-4e73-8b82-6fc70a227cc4@group-DB58B9470A99: changes role from      null to FOLLOWER at term 0 for startAsFollower
2025-04-23 15:47:22,538 [29e49559-ca15-4e73-8b82-6fc70a227cc4-groupManagement] INFO  impl.RoleInfo (RoleInfo.java:updateAndGet(148)) - 29e49559-ca15-4e73-8b82-6fc70a227cc4: start 29e49559-ca15-4e73-8b82-6fc70a227cc4@group-DB58B9470A99-FollowerState
2025-04-23 15:47:22,538 [29e49559-ca15-4e73-8b82-6fc70a227cc4-groupManagement] INFO  util.JmxRegister (JmxRegister.java:tryRegister(44)) - Successfully registered JMX Bean with object name Ratis:service=RaftServer,group=group-DB58B9470A99,id=29e49559-ca15-4e73-8b82-6fc70a227cc4
2025-04-23 15:47:22,538 [29e49559-ca15-4e73-8b82-6fc70a227cc4@group-DB58B9470A99-FollowerState] INFO  server.RaftServerConfigKeys (ConfUtils.java:logGet(46)) - raft.server.rpc.first-election.timeout.min = 1000ms (custom)
2025-04-23 15:47:22,539 [29e49559-ca15-4e73-8b82-6fc70a227cc4@group-DB58B9470A99-FollowerState] INFO  server.RaftServerConfigKeys (ConfUtils.java:logGet(46)) - raft.server.rpc.first-election.timeout.max = 1200ms (custom)
2025-04-23 15:47:22,538 [29e49559-ca15-4e73-8b82-6fc70a227cc4-groupManagement] INFO  util.JmxRegister (JmxRegister.java:register(58)) - register mxBean class org.apache.ratis.server.impl.RaftServerJmxAdapter as Ratis:service=RaftServer,group=group-DB58B9470A99,id=29e49559-ca15-4e73-8b82-6fc70a227cc4
2025-04-23 15:47:22,539 [29e49559-ca15-4e73-8b82-6fc70a227cc4-groupManagement] INFO  server.RaftServerConfigKeys (ConfUtils.java:logGet(46)) - raft.server.snapshot.trigger-when-stop.enabled = true (default)
2025-04-23 15:47:22,539 [29e49559-ca15-4e73-8b82-6fc70a227cc4-groupManagement] INFO  server.RaftServerConfigKeys (ConfUtils.java:logGet(46)) - raft.server.snapshot.trigger-when-remove.enabled = true (default)
2025-04-23 15:47:22,539 [29e49559-ca15-4e73-8b82-6fc70a227cc4-groupManagement] INFO  server.RaftServerConfigKeys (ConfUtils.java:logGet(46)) - raft.server.snapshot.auto.trigger.enabled = true (custom)
2025-04-23 15:47:22,539 [29e49559-ca15-4e73-8b82-6fc70a227cc4-groupManagement] INFO  server.RaftServerConfigKeys (ConfUtils.java:logGet(46)) - raft.server.snapshot.auto.trigger.threshold = 100000 (custom)
2025-04-23 15:47:22,539 [29e49559-ca15-4e73-8b82-6fc70a227cc4-groupManagement] INFO  server.RaftServerConfigKeys (ConfUtils.java:logGet(46)) - raft.server.snapshot.retention.file.num = 5 (custom)
2025-04-23 15:47:22,539 [29e49559-ca15-4e73-8b82-6fc70a227cc4-groupManagement] INFO  server.RaftServerConfigKeys (ConfUtils.java:logGet(46)) - raft.server.log.purge.upto.snapshot.index = false (default)
2025-04-23 15:47:22,539 [29e49559-ca15-4e73-8b82-6fc70a227cc4-groupManagement] INFO  server.RaftServer$Division (RaftServerImpl.java:start(405)) - 29e49559-ca15-4e73-8b82-6fc70a227cc4@group-DB58B9470A99: Successfully started.
2025-04-23 15:47:22,541 [81823ae8-7d79-44ce-8d00-770ee83d4f4f-PipelineCommandHandlerThread-0] INFO  commandhandler.CreatePipelineCommandHandler (CreatePipelineCommandHandler.java:lambda$handle$2(128)) - Created Pipeline RATIS THREE PipelineID=802b2308-0205-45d7-8fb7-db58b9470a99.
2025-04-23 15:47:22,542 [81823ae8-7d79-44ce-8d00-770ee83d4f4f-PipelineCommandHandlerThread-0] INFO  server.RaftServer (RaftServerProxy.java:addNew(100)) - 81823ae8-7d79-44ce-8d00-770ee83d4f4f: addNew group-415D9042B882:[81823ae8-7d79-44ce-8d00-770ee83d4f4f|127.0.0.1:15073, cd535dae-68a6-4b81-b820-5294621ff3cf|127.0.0.1:15081, 29e49559-ca15-4e73-8b82-6fc70a227cc4|127.0.0.1:15065] returns group-415D9042B882:java.util.concurrent.CompletableFuture@4584712a[Not completed]
2025-04-23 15:47:22,543 [81823ae8-7d79-44ce-8d00-770ee83d4f4f-groupManagement] INFO  server.RaftServer$Division (RaftServerImpl.java:<init>(255)) - 81823ae8-7d79-44ce-8d00-770ee83d4f4f: new RaftServerImpl for group-415D9042B882:[81823ae8-7d79-44ce-8d00-770ee83d4f4f|127.0.0.1:15073, cd535dae-68a6-4b81-b820-5294621ff3cf|127.0.0.1:15081, 29e49559-ca15-4e73-8b82-6fc70a227cc4|127.0.0.1:15065] with ContainerStateMachine:uninitialized
2025-04-23 15:47:22,543 [81823ae8-7d79-44ce-8d00-770ee83d4f4f-groupManagement] INFO  server.RaftServerConfigKeys (ConfUtils.java:logGet(46)) - raft.server.rpc.timeout.min = 5s (custom)
2025-04-23 15:47:22,543 [81823ae8-7d79-44ce-8d00-770ee83d4f4f-groupManagement] INFO  server.RaftServerConfigKeys (ConfUtils.java:logGet(46)) - raft.server.rpc.timeout.max = 5200ms (custom)
2025-04-23 15:47:22,543 [81823ae8-7d79-44ce-8d00-770ee83d4f4f-groupManagement] INFO  server.RaftServerConfigKeys (ConfUtils.java:logGet(46)) - raft.server.rpc.sleep.time = 25ms (default)
2025-04-23 15:47:22,543 [81823ae8-7d79-44ce-8d00-770ee83d4f4f-groupManagement] INFO  server.RaftServerConfigKeys (ConfUtils.java:logGet(46)) - raft.server.rpc.slowness.timeout = 300s (custom)
2025-04-23 15:47:22,543 [81823ae8-7d79-44ce-8d00-770ee83d4f4f-groupManagement] INFO  server.RaftServerConfigKeys (ConfUtils.java:logGet(46)) - raft.server.leaderelection.leader.step-down.wait-time = 10s (default)
2025-04-23 15:47:22,543 [81823ae8-7d79-44ce-8d00-770ee83d4f4f-groupManagement] INFO  server.RaftServerConfigKeys (ConfUtils.java:logGet(46)) - raft.server.leaderelection.member.majority-add = false (default)
2025-04-23 15:47:22,543 [81823ae8-7d79-44ce-8d00-770ee83d4f4f-groupManagement] INFO  server.RaftServerConfigKeys (ConfUtils.java:logGet(46)) - raft.server.sleep.deviation.threshold = 300ms (default)
2025-04-23 15:47:22,543 [81823ae8-7d79-44ce-8d00-770ee83d4f4f-groupManagement] INFO  server.RaftServer$Division (ServerState.java:<init>(114)) - 81823ae8-7d79-44ce-8d00-770ee83d4f4f@group-415D9042B882: ConfigurationManager, init=conf: {index: -1, cur=peers:[81823ae8-7d79-44ce-8d00-770ee83d4f4f|127.0.0.1:15073, cd535dae-68a6-4b81-b820-5294621ff3cf|127.0.0.1:15081, 29e49559-ca15-4e73-8b82-6fc70a227cc4|127.0.0.1:15065]|listeners:[], old=null}, confs=<EMPTY_MAP>
2025-04-23 15:47:22,543 [81823ae8-7d79-44ce-8d00-770ee83d4f4f-groupManagement] INFO  server.RaftServerConfigKeys (ConfUtils.java:logGet(46)) - raft.server.notification.no-leader.timeout = 300s (custom)
2025-04-23 15:47:22,544 [81823ae8-7d79-44ce-8d00-770ee83d4f4f-groupManagement] INFO  server.RaftServerConfigKeys (ConfUtils.java:logGet(46)) - raft.server.read.timeout = 10s (default)
2025-04-23 15:47:22,544 [81823ae8-7d79-44ce-8d00-770ee83d4f4f-groupManagement] INFO  server.RaftServerConfigKeys (ConfUtils.java:logGet(46)) - raft.server.retrycache.expirytime = 600000ms (custom)
2025-04-23 15:47:22,544 [81823ae8-7d79-44ce-8d00-770ee83d4f4f-groupManagement] INFO  server.RaftServerConfigKeys (ConfUtils.java:logGet(46)) - raft.server.retrycache.statistics.expirytime = 100ms (default)
2025-04-23 15:47:22,544 [81823ae8-7d79-44ce-8d00-770ee83d4f4f-groupManagement] INFO  server.RaftServerConfigKeys (ConfUtils.java:logGet(46)) - raft.server.read.option = DEFAULT (default)
2025-04-23 15:47:22,544 [81823ae8-7d79-44ce-8d00-770ee83d4f4f-groupManagement] INFO  server.RaftServerConfigKeys (ConfUtils.java:logGet(46)) - raft.server.read.read-after-write-consistent.write-index-cache.expiry-time = 60s (default)
2025-04-23 15:47:22,546 [81823ae8-7d79-44ce-8d00-770ee83d4f4f-groupManagement] INFO  server.RaftServerConfigKeys (ConfUtils.java:logGet(46)) - raft.server.rpc.request.timeout = 60s (custom)
2025-04-23 15:47:22,546 [81823ae8-7d79-44ce-8d00-770ee83d4f4f-groupManagement] INFO  server.RaftServerConfigKeys (ConfUtils.java:logGet(46)) - raft.server.log.appender.install.snapshot.enabled = false (custom)
2025-04-23 15:47:22,546 [81823ae8-7d79-44ce-8d00-770ee83d4f4f-groupManagement] INFO  server.RaftServerConfigKeys (ConfUtils.java:logGet(46)) - raft.server.threadpool.server.cached = true (default)
2025-04-23 15:47:22,546 [81823ae8-7d79-44ce-8d00-770ee83d4f4f-groupManagement] INFO  server.RaftServerConfigKeys (ConfUtils.java:logGet(46)) - raft.server.threadpool.server.size = 0 (default)
2025-04-23 15:47:22,546 [81823ae8-7d79-44ce-8d00-770ee83d4f4f-groupManagement] INFO  server.RaftServerConfigKeys (ConfUtils.java:logGet(46)) - raft.server.threadpool.client.cached = true (default)
2025-04-23 15:47:22,546 [81823ae8-7d79-44ce-8d00-770ee83d4f4f-groupManagement] INFO  server.RaftServerConfigKeys (ConfUtils.java:logGet(46)) - raft.server.threadpool.client.size = 0 (default)
2025-04-23 15:47:22,546 [81823ae8-7d79-44ce-8d00-770ee83d4f4f-groupManagement] INFO  server.RaftServerConfigKeys (ConfUtils.java:logGet(46)) - raft.server.storage.free-space.min = 0MB (=0) (default)
2025-04-23 15:47:22,546 [81823ae8-7d79-44ce-8d00-770ee83d4f4f-groupManagement] INFO  server.RaftServerConfigKeys (ConfUtils.java:logGet(46)) - raft.server.log.corruption.policy = EXCEPTION (default)
2025-04-23 15:47:22,546 [81823ae8-7d79-44ce-8d00-770ee83d4f4f-groupManagement] INFO  server.RaftServerConfigKeys (ConfUtils.java:logGet(46)) - raft.server.storage.dir = [/home/runner/work/ozone/ozone/hadoop-ozone/integration-test/target/test-dir/MiniOzoneClusterImpl-11ed033c-ec90-4580-9385-902e6658689d/ozone-meta/datanode-2/ratis] (custom)
2025-04-23 15:47:22,546 [81823ae8-7d79-44ce-8d00-770ee83d4f4f-groupManagement] INFO  storage.RaftStorageDirectory (RaftStorageDirectoryImpl.java:analyzeStorage(138)) - The storage directory /home/runner/work/ozone/ozone/hadoop-ozone/integration-test/target/test-dir/MiniOzoneClusterImpl-11ed033c-ec90-4580-9385-902e6658689d/ozone-meta/datanode-2/ratis/155d96e7-00e4-4931-9a3b-415d9042b882 does not exist. Creating ...
2025-04-23 15:47:22,547 [81823ae8-7d79-44ce-8d00-770ee83d4f4f-groupManagement] INFO  storage.RaftStorageDirectory (RaftStorageDirectoryImpl.java:tryLock(229)) - Lock on /home/runner/work/ozone/ozone/hadoop-ozone/integration-test/target/test-dir/MiniOzoneClusterImpl-11ed033c-ec90-4580-9385-902e6658689d/ozone-meta/datanode-2/ratis/155d96e7-00e4-4931-9a3b-415d9042b882/in_use.lock acquired by nodename 129659@fv-az1337-835
2025-04-23 15:47:22,548 [81823ae8-7d79-44ce-8d00-770ee83d4f4f-groupManagement] INFO  storage.RaftStorage (RaftStorageImpl.java:format(98)) - Storage directory /home/runner/work/ozone/ozone/hadoop-ozone/integration-test/target/test-dir/MiniOzoneClusterImpl-11ed033c-ec90-4580-9385-902e6658689d/ozone-meta/datanode-2/ratis/155d96e7-00e4-4931-9a3b-415d9042b882 has been successfully formatted.
2025-04-23 15:47:22,548 [81823ae8-7d79-44ce-8d00-770ee83d4f4f-groupManagement] INFO  ratis.ContainerStateMachine (ContainerStateMachine.java:initialize(339)) - 81823ae8-7d79-44ce-8d00-770ee83d4f4f: initialize group-415D9042B882
2025-04-23 15:47:22,548 [81823ae8-7d79-44ce-8d00-770ee83d4f4f-groupManagement] INFO  ratis.ContainerStateMachine (ContainerStateMachine.java:loadSnapshot(347)) - group-415D9042B882: The snapshot info is null. Setting the last applied index to:(t:0, i:~)
2025-04-23 15:47:22,548 [81823ae8-7d79-44ce-8d00-770ee83d4f4f-groupManagement] INFO  server.RaftServerConfigKeys (ConfUtils.java:logGet(46)) - raft.server.log.use.memory = false (default)
2025-04-23 15:47:22,548 [81823ae8-7d79-44ce-8d00-770ee83d4f4f-groupManagement] INFO  server.RaftServerConfigKeys (ConfUtils.java:logGet(46)) - raft.server.log.purge.gap = 1000000 (custom)
2025-04-23 15:47:22,548 [81823ae8-7d79-44ce-8d00-770ee83d4f4f-groupManagement] INFO  server.RaftServerConfigKeys (ConfUtils.java:logGet(46)) - raft.server.log.appender.buffer.byte-limit = 33554432 (custom)
2025-04-23 15:47:22,548 [81823ae8-7d79-44ce-8d00-770ee83d4f4f-groupManagement] INFO  server.RaftServerConfigKeys (ConfUtils.java:logGet(46)) - raft.server.log.statemachine.data.read.timeout = 1000ms (default)
2025-04-23 15:47:22,548 [81823ae8-7d79-44ce-8d00-770ee83d4f4f-groupManagement] INFO  server.RaftServerConfigKeys (ConfUtils.java:logGet(46)) - raft.server.log.purge.preservation.log.num = 0 (default)
2025-04-23 15:47:22,549 [81823ae8-7d79-44ce-8d00-770ee83d4f4f-groupManagement] INFO  server.RaftServerConfigKeys (ConfUtils.java:logGet(46)) - raft.server.log.segment.size.max = 67108864 (custom)
2025-04-23 15:47:22,549 [81823ae8-7d79-44ce-8d00-770ee83d4f4f-groupManagement] INFO  server.RaftServerConfigKeys (ConfUtils.java:logGet(46)) - raft.server.log.segment.cache.num.max = 2 (custom)
2025-04-23 15:47:22,549 [81823ae8-7d79-44ce-8d00-770ee83d4f4f-groupManagement] INFO  server.RaftServerConfigKeys (ConfUtils.java:logGet(46)) - raft.server.log.segment.cache.size.max = 200MB (=209715200) (default)
2025-04-23 15:47:22,549 [81823ae8-7d79-44ce-8d00-770ee83d4f4f-groupManagement] INFO  server.RaftServerConfigKeys (ConfUtils.java:logGet(46)) - raft.server.log.appender.buffer.byte-limit = 33554432 (custom)
2025-04-23 15:47:22,550 [81823ae8-7d79-44ce-8d00-770ee83d4f4f-groupManagement] INFO  util.AwaitToRun (AwaitToRun.java:start(81)) - Thread[#8915,81823ae8-7d79-44ce-8d00-770ee83d4f4f@group-415D9042B882-cacheEviction-AwaitToRun,5,main] started
2025-04-23 15:47:22,550 [EventQueue-OpenPipelineForHealthyPipelineSafeModeRule] INFO  safemode.SCMSafeModeManager (HealthyPipelineSafeModeRule.java:process(141)) - SCM in safe mode. Healthy pipelines reported count is 0, required healthy pipeline reported count is 1
2025-04-23 15:47:22,550 [81823ae8-7d79-44ce-8d00-770ee83d4f4f-groupManagement] INFO  segmented.SegmentedRaftLogWorker (SegmentedRaftLogWorker.java:<init>(188)) - new 81823ae8-7d79-44ce-8d00-770ee83d4f4f@group-415D9042B882-SegmentedRaftLogWorker for RaftStorageImpl:Storage Directory /home/runner/work/ozone/ozone/hadoop-ozone/integration-test/target/test-dir/MiniOzoneClusterImpl-11ed033c-ec90-4580-9385-902e6658689d/ozone-meta/datanode-2/ratis/155d96e7-00e4-4931-9a3b-415d9042b882
2025-04-23 15:47:22,550 [81823ae8-7d79-44ce-8d00-770ee83d4f4f-groupManagement] INFO  server.RaftServerConfigKeys (ConfUtils.java:logGet(46)) - raft.server.log.queue.byte-limit = 4294967296 (custom)
2025-04-23 15:47:22,550 [81823ae8-7d79-44ce-8d00-770ee83d4f4f-groupManagement] INFO  server.RaftServerConfigKeys (ConfUtils.java:logGet(46)) - raft.server.log.queue.element-limit = 1024 (custom)
2025-04-23 15:47:22,550 [81823ae8-7d79-44ce-8d00-770ee83d4f4f-groupManagement] INFO  server.RaftServerConfigKeys (ConfUtils.java:logGet(46)) - raft.server.log.segment.size.max = 67108864 (custom)
2025-04-23 15:47:22,550 [81823ae8-7d79-44ce-8d00-770ee83d4f4f-groupManagement] INFO  server.RaftServerConfigKeys (ConfUtils.java:logGet(46)) - raft.server.log.preallocated.size = 4194304 (custom)
2025-04-23 15:47:22,550 [81823ae8-7d79-44ce-8d00-770ee83d4f4f-groupManagement] INFO  server.RaftServerConfigKeys (ConfUtils.java:logGet(46)) - raft.server.log.force.sync.num = 128 (default)
2025-04-23 15:47:22,550 [81823ae8-7d79-44ce-8d00-770ee83d4f4f-groupManagement] INFO  server.RaftServerConfigKeys (ConfUtils.java:logGet(46)) - raft.server.log.statemachine.data.sync = true (default)
2025-04-23 15:47:22,550 [81823ae8-7d79-44ce-8d00-770ee83d4f4f-groupManagement] INFO  server.RaftServerConfigKeys (ConfUtils.java:logGet(46)) - raft.server.log.statemachine.data.sync.timeout = 10s (default)
2025-04-23 15:47:22,550 [81823ae8-7d79-44ce-8d00-770ee83d4f4f-groupManagement] INFO  server.RaftServerConfigKeys (ConfUtils.java:logGet(46)) - raft.server.log.statemachine.data.sync.timeout.retry = 30 (custom)
2025-04-23 15:47:22,550 [81823ae8-7d79-44ce-8d00-770ee83d4f4f-groupManagement] INFO  server.RaftServerConfigKeys (ConfUtils.java:logGet(46)) - raft.server.log.write.buffer.size = 33554440 (custom)
2025-04-23 15:47:22,555 [81823ae8-7d79-44ce-8d00-770ee83d4f4f-groupManagement] INFO  server.RaftServerConfigKeys (ConfUtils.java:logGet(46)) - raft.server.log.appender.buffer.byte-limit = 33554432 (custom)
2025-04-23 15:47:22,555 [81823ae8-7d79-44ce-8d00-770ee83d4f4f-groupManagement] INFO  server.RaftServerConfigKeys (ConfUtils.java:logGet(46)) - raft.server.log.unsafe-flush.enabled = false (default)
2025-04-23 15:47:22,555 [81823ae8-7d79-44ce-8d00-770ee83d4f4f-groupManagement] INFO  server.RaftServerConfigKeys (ConfUtils.java:logGet(46)) - raft.server.log.async-flush.enabled = false (default)
2025-04-23 15:47:22,555 [81823ae8-7d79-44ce-8d00-770ee83d4f4f-groupManagement] INFO  server.RaftServerConfigKeys (ConfUtils.java:logGet(46)) - raft.server.log.statemachine.data.caching.enabled = true (custom)
2025-04-23 15:47:22,555 [81823ae8-7d79-44ce-8d00-770ee83d4f4f-groupManagement] INFO  segmented.SegmentedRaftLogWorker (SegmentedRaftLogWorker.java:lambda$new$0(139)) - 81823ae8-7d79-44ce-8d00-770ee83d4f4f@group-415D9042B882-SegmentedRaftLogWorker: flushIndex: setUnconditionally 0 -> -1
2025-04-23 15:47:22,555 [81823ae8-7d79-44ce-8d00-770ee83d4f4f-groupManagement] INFO  segmented.SegmentedRaftLogWorker (SegmentedRaftLogWorker.java:lambda$new$0(139)) - 81823ae8-7d79-44ce-8d00-770ee83d4f4f@group-415D9042B882-SegmentedRaftLogWorker: safeCacheEvictIndex: setUnconditionally 0 -> -1
2025-04-23 15:47:22,556 [81823ae8-7d79-44ce-8d00-770ee83d4f4f-groupManagement] INFO  server.RaftServer$Division (RaftServerImpl.java:start(391)) - 81823ae8-7d79-44ce-8d00-770ee83d4f4f@group-415D9042B882: start as a follower, conf=conf: {index: -1, cur=peers:[81823ae8-7d79-44ce-8d00-770ee83d4f4f|127.0.0.1:15073, cd535dae-68a6-4b81-b820-5294621ff3cf|127.0.0.1:15081, 29e49559-ca15-4e73-8b82-6fc70a227cc4|127.0.0.1:15065]|listeners:[], old=null}
2025-04-23 15:47:22,556 [81823ae8-7d79-44ce-8d00-770ee83d4f4f-groupManagement] INFO  server.RaftServer$Division (RaftServerImpl.java:setRole(378)) - 81823ae8-7d79-44ce-8d00-770ee83d4f4f@group-415D9042B882: changes role from      null to FOLLOWER at term 0 for startAsFollower
2025-04-23 15:47:22,556 [81823ae8-7d79-44ce-8d00-770ee83d4f4f-groupManagement] INFO  impl.RoleInfo (RoleInfo.java:updateAndGet(148)) - 81823ae8-7d79-44ce-8d00-770ee83d4f4f: start 81823ae8-7d79-44ce-8d00-770ee83d4f4f@group-415D9042B882-FollowerState
2025-04-23 15:47:22,556 [81823ae8-7d79-44ce-8d00-770ee83d4f4f-groupManagement] INFO  util.JmxRegister (JmxRegister.java:tryRegister(44)) - Successfully registered JMX Bean with object name Ratis:service=RaftServer,group=group-415D9042B882,id=81823ae8-7d79-44ce-8d00-770ee83d4f4f
2025-04-23 15:47:22,556 [81823ae8-7d79-44ce-8d00-770ee83d4f4f-groupManagement] INFO  util.JmxRegister (JmxRegister.java:register(58)) - register mxBean class org.apache.ratis.server.impl.RaftServerJmxAdapter as Ratis:service=RaftServer,group=group-415D9042B882,id=81823ae8-7d79-44ce-8d00-770ee83d4f4f
2025-04-23 15:47:22,556 [81823ae8-7d79-44ce-8d00-770ee83d4f4f-groupManagement] INFO  server.RaftServerConfigKeys (ConfUtils.java:logGet(46)) - raft.server.snapshot.trigger-when-stop.enabled = true (default)
2025-04-23 15:47:22,556 [81823ae8-7d79-44ce-8d00-770ee83d4f4f-groupManagement] INFO  server.RaftServerConfigKeys (ConfUtils.java:logGet(46)) - raft.server.snapshot.trigger-when-remove.enabled = true (default)
2025-04-23 15:47:22,556 [81823ae8-7d79-44ce-8d00-770ee83d4f4f-groupManagement] INFO  server.RaftServerConfigKeys (ConfUtils.java:logGet(46)) - raft.server.snapshot.auto.trigger.enabled = true (custom)
2025-04-23 15:47:22,556 [81823ae8-7d79-44ce-8d00-770ee83d4f4f-groupManagement] INFO  server.RaftServerConfigKeys (ConfUtils.java:logGet(46)) - raft.server.snapshot.auto.trigger.threshold = 100000 (custom)
2025-04-23 15:47:22,556 [81823ae8-7d79-44ce-8d00-770ee83d4f4f-groupManagement] INFO  server.RaftServerConfigKeys (ConfUtils.java:logGet(46)) - raft.server.snapshot.retention.file.num = 5 (custom)
2025-04-23 15:47:22,556 [81823ae8-7d79-44ce-8d00-770ee83d4f4f-groupManagement] INFO  server.RaftServerConfigKeys (ConfUtils.java:logGet(46)) - raft.server.log.purge.upto.snapshot.index = false (default)
2025-04-23 15:47:22,556 [81823ae8-7d79-44ce-8d00-770ee83d4f4f@group-415D9042B882-FollowerState] INFO  server.RaftServerConfigKeys (ConfUtils.java:logGet(46)) - raft.server.rpc.first-election.timeout.min = 1000ms (custom)
2025-04-23 15:47:22,556 [81823ae8-7d79-44ce-8d00-770ee83d4f4f@group-415D9042B882-FollowerState] INFO  server.RaftServerConfigKeys (ConfUtils.java:logGet(46)) - raft.server.rpc.first-election.timeout.max = 1200ms (custom)
2025-04-23 15:47:22,557 [81823ae8-7d79-44ce-8d00-770ee83d4f4f-groupManagement] INFO  server.RaftServer$Division (RaftServerImpl.java:start(405)) - 81823ae8-7d79-44ce-8d00-770ee83d4f4f@group-415D9042B882: Successfully started.
2025-04-23 15:47:22,557 [81823ae8-7d79-44ce-8d00-770ee83d4f4f-PipelineCommandHandlerThread-0] INFO  ratis.XceiverServerRatis (XceiverServerRatis.java:addGroup(842)) - Created group PipelineID=155d96e7-00e4-4931-9a3b-415d9042b882
2025-04-23 15:47:22,561 [grpc-default-executor-4] INFO  server.RaftServer (RaftServerProxy.java:addNew(100)) - cd535dae-68a6-4b81-b820-5294621ff3cf: addNew group-415D9042B882:[81823ae8-7d79-44ce-8d00-770ee83d4f4f|127.0.0.1:15073, cd535dae-68a6-4b81-b820-5294621ff3cf|127.0.0.1:15081, 29e49559-ca15-4e73-8b82-6fc70a227cc4|127.0.0.1:15065] returns group-415D9042B882:java.util.concurrent.CompletableFuture@a932e16[Not completed]
2025-04-23 15:47:22,563 [cd535dae-68a6-4b81-b820-5294621ff3cf-groupManagement] INFO  server.RaftServer$Division (RaftServerImpl.java:<init>(255)) - cd535dae-68a6-4b81-b820-5294621ff3cf: new RaftServerImpl for group-415D9042B882:[81823ae8-7d79-44ce-8d00-770ee83d4f4f|127.0.0.1:15073, cd535dae-68a6-4b81-b820-5294621ff3cf|127.0.0.1:15081, 29e49559-ca15-4e73-8b82-6fc70a227cc4|127.0.0.1:15065] with ContainerStateMachine:uninitialized
2025-04-23 15:47:22,563 [cd535dae-68a6-4b81-b820-5294621ff3cf-groupManagement] INFO  server.RaftServerConfigKeys (ConfUtils.java:logGet(46)) - raft.server.rpc.timeout.min = 5s (custom)
2025-04-23 15:47:22,563 [cd535dae-68a6-4b81-b820-5294621ff3cf-groupManagement] INFO  server.RaftServerConfigKeys (ConfUtils.java:logGet(46)) - raft.server.rpc.timeout.max = 5200ms (custom)
2025-04-23 15:47:22,563 [cd535dae-68a6-4b81-b820-5294621ff3cf-groupManagement] INFO  server.RaftServerConfigKeys (ConfUtils.java:logGet(46)) - raft.server.rpc.sleep.time = 25ms (default)
2025-04-23 15:47:22,563 [cd535dae-68a6-4b81-b820-5294621ff3cf-groupManagement] INFO  server.RaftServerConfigKeys (ConfUtils.java:logGet(46)) - raft.server.rpc.slowness.timeout = 300s (custom)
2025-04-23 15:47:22,563 [cd535dae-68a6-4b81-b820-5294621ff3cf-groupManagement] INFO  server.RaftServerConfigKeys (ConfUtils.java:logGet(46)) - raft.server.leaderelection.leader.step-down.wait-time = 10s (default)
2025-04-23 15:47:22,563 [cd535dae-68a6-4b81-b820-5294621ff3cf-groupManagement] INFO  server.RaftServerConfigKeys (ConfUtils.java:logGet(46)) - raft.server.leaderelection.member.majority-add = false (default)
2025-04-23 15:47:22,563 [cd535dae-68a6-4b81-b820-5294621ff3cf-groupManagement] INFO  server.RaftServerConfigKeys (ConfUtils.java:logGet(46)) - raft.server.sleep.deviation.threshold = 300ms (default)
2025-04-23 15:47:22,563 [cd535dae-68a6-4b81-b820-5294621ff3cf-groupManagement] INFO  server.RaftServer$Division (ServerState.java:<init>(114)) - cd535dae-68a6-4b81-b820-5294621ff3cf@group-415D9042B882: ConfigurationManager, init=conf: {index: -1, cur=peers:[81823ae8-7d79-44ce-8d00-770ee83d4f4f|127.0.0.1:15073, cd535dae-68a6-4b81-b820-5294621ff3cf|127.0.0.1:15081, 29e49559-ca15-4e73-8b82-6fc70a227cc4|127.0.0.1:15065]|listeners:[], old=null}, confs=<EMPTY_MAP>
2025-04-23 15:47:22,563 [cd535dae-68a6-4b81-b820-5294621ff3cf-groupManagement] INFO  server.RaftServerConfigKeys (ConfUtils.java:logGet(46)) - raft.server.notification.no-leader.timeout = 300s (custom)
2025-04-23 15:47:22,563 [cd535dae-68a6-4b81-b820-5294621ff3cf-groupManagement] INFO  server.RaftServerConfigKeys (ConfUtils.java:logGet(46)) - raft.server.read.timeout = 10s (default)
2025-04-23 15:47:22,563 [cd535dae-68a6-4b81-b820-5294621ff3cf-groupManagement] INFO  server.RaftServerConfigKeys (ConfUtils.java:logGet(46)) - raft.server.retrycache.expirytime = 600000ms (custom)
2025-04-23 15:47:22,563 [cd535dae-68a6-4b81-b820-5294621ff3cf-groupManagement] INFO  server.RaftServerConfigKeys (ConfUtils.java:logGet(46)) - raft.server.retrycache.statistics.expirytime = 100ms (default)
2025-04-23 15:47:22,563 [cd535dae-68a6-4b81-b820-5294621ff3cf-groupManagement] INFO  server.RaftServerConfigKeys (ConfUtils.java:logGet(46)) - raft.server.read.option = DEFAULT (default)
2025-04-23 15:47:22,563 [cd535dae-68a6-4b81-b820-5294621ff3cf-groupManagement] INFO  server.RaftServerConfigKeys (ConfUtils.java:logGet(46)) - raft.server.read.read-after-write-consistent.write-index-cache.expiry-time = 60s (default)
2025-04-23 15:47:22,564 [cd535dae-68a6-4b81-b820-5294621ff3cf-groupManagement] INFO  server.RaftServerConfigKeys (ConfUtils.java:logGet(46)) - raft.server.rpc.request.timeout = 60s (custom)
2025-04-23 15:47:22,564 [cd535dae-68a6-4b81-b820-5294621ff3cf-groupManagement] INFO  server.RaftServerConfigKeys (ConfUtils.java:logGet(46)) - raft.server.log.appender.install.snapshot.enabled = false (custom)
2025-04-23 15:47:22,564 [cd535dae-68a6-4b81-b820-5294621ff3cf-groupManagement] INFO  server.RaftServerConfigKeys (ConfUtils.java:logGet(46)) - raft.server.threadpool.server.cached = true (default)
2025-04-23 15:47:22,564 [cd535dae-68a6-4b81-b820-5294621ff3cf-groupManagement] INFO  server.RaftServerConfigKeys (ConfUtils.java:logGet(46)) - raft.server.threadpool.server.size = 0 (default)
2025-04-23 15:47:22,565 [cd535dae-68a6-4b81-b820-5294621ff3cf-groupManagement] INFO  server.RaftServerConfigKeys (ConfUtils.java:logGet(46)) - raft.server.threadpool.client.cached = true (default)
2025-04-23 15:47:22,565 [cd535dae-68a6-4b81-b820-5294621ff3cf-groupManagement] INFO  server.RaftServerConfigKeys (ConfUtils.java:logGet(46)) - raft.server.threadpool.client.size = 0 (default)
2025-04-23 15:47:22,565 [cd535dae-68a6-4b81-b820-5294621ff3cf-groupManagement] INFO  server.RaftServerConfigKeys (ConfUtils.java:logGet(46)) - raft.server.storage.free-space.min = 0MB (=0) (default)
2025-04-23 15:47:22,565 [cd535dae-68a6-4b81-b820-5294621ff3cf-groupManagement] INFO  server.RaftServerConfigKeys (ConfUtils.java:logGet(46)) - raft.server.log.corruption.policy = EXCEPTION (default)
2025-04-23 15:47:22,565 [cd535dae-68a6-4b81-b820-5294621ff3cf-groupManagement] INFO  server.RaftServerConfigKeys (ConfUtils.java:logGet(46)) - raft.server.storage.dir = [/home/runner/work/ozone/ozone/hadoop-ozone/integration-test/target/test-dir/MiniOzoneClusterImpl-11ed033c-ec90-4580-9385-902e6658689d/ozone-meta/datanode-3/ratis] (custom)
2025-04-23 15:47:22,565 [cd535dae-68a6-4b81-b820-5294621ff3cf-groupManagement] INFO  storage.RaftStorageDirectory (RaftStorageDirectoryImpl.java:analyzeStorage(138)) - The storage directory /home/runner/work/ozone/ozone/hadoop-ozone/integration-test/target/test-dir/MiniOzoneClusterImpl-11ed033c-ec90-4580-9385-902e6658689d/ozone-meta/datanode-3/ratis/155d96e7-00e4-4931-9a3b-415d9042b882 does not exist. Creating ...
2025-04-23 15:47:22,566 [cd535dae-68a6-4b81-b820-5294621ff3cf-groupManagement] INFO  storage.RaftStorageDirectory (RaftStorageDirectoryImpl.java:tryLock(229)) - Lock on /home/runner/work/ozone/ozone/hadoop-ozone/integration-test/target/test-dir/MiniOzoneClusterImpl-11ed033c-ec90-4580-9385-902e6658689d/ozone-meta/datanode-3/ratis/155d96e7-00e4-4931-9a3b-415d9042b882/in_use.lock acquired by nodename 129659@fv-az1337-835
2025-04-23 15:47:22,567 [cd535dae-68a6-4b81-b820-5294621ff3cf-groupManagement] INFO  storage.RaftStorage (RaftStorageImpl.java:format(98)) - Storage directory /home/runner/work/ozone/ozone/hadoop-ozone/integration-test/target/test-dir/MiniOzoneClusterImpl-11ed033c-ec90-4580-9385-902e6658689d/ozone-meta/datanode-3/ratis/155d96e7-00e4-4931-9a3b-415d9042b882 has been successfully formatted.
2025-04-23 15:47:22,568 [cd535dae-68a6-4b81-b820-5294621ff3cf-groupManagement] INFO  ratis.ContainerStateMachine (ContainerStateMachine.java:initialize(339)) - cd535dae-68a6-4b81-b820-5294621ff3cf: initialize group-415D9042B882
2025-04-23 15:47:22,568 [cd535dae-68a6-4b81-b820-5294621ff3cf-groupManagement] INFO  ratis.ContainerStateMachine (ContainerStateMachine.java:loadSnapshot(347)) - group-415D9042B882: The snapshot info is null. Setting the last applied index to:(t:0, i:~)
2025-04-23 15:47:22,568 [cd535dae-68a6-4b81-b820-5294621ff3cf-groupManagement] INFO  server.RaftServerConfigKeys (ConfUtils.java:logGet(46)) - raft.server.log.use.memory = false (default)
2025-04-23 15:47:22,568 [cd535dae-68a6-4b81-b820-5294621ff3cf-groupManagement] INFO  server.RaftServerConfigKeys (ConfUtils.java:logGet(46)) - raft.server.log.purge.gap = 1000000 (custom)
2025-04-23 15:47:22,568 [cd535dae-68a6-4b81-b820-5294621ff3cf-groupManagement] INFO  server.RaftServerConfigKeys (ConfUtils.java:logGet(46)) - raft.server.log.appender.buffer.byte-limit = 33554432 (custom)
2025-04-23 15:47:22,568 [cd535dae-68a6-4b81-b820-5294621ff3cf-groupManagement] INFO  server.RaftServerConfigKeys (ConfUtils.java:logGet(46)) - raft.server.log.statemachine.data.read.timeout = 1000ms (default)
2025-04-23 15:47:22,568 [cd535dae-68a6-4b81-b820-5294621ff3cf-groupManagement] INFO  server.RaftServerConfigKeys (ConfUtils.java:logGet(46)) - raft.server.log.purge.preservation.log.num = 0 (default)
2025-04-23 15:47:22,569 [cd535dae-68a6-4b81-b820-5294621ff3cf-groupManagement] INFO  server.RaftServerConfigKeys (ConfUtils.java:logGet(46)) - raft.server.log.segment.size.max = 67108864 (custom)
2025-04-23 15:47:22,569 [cd535dae-68a6-4b81-b820-5294621ff3cf-groupManagement] INFO  server.RaftServerConfigKeys (ConfUtils.java:logGet(46)) - raft.server.log.segment.cache.num.max = 2 (custom)
2025-04-23 15:47:22,569 [cd535dae-68a6-4b81-b820-5294621ff3cf-groupManagement] INFO  server.RaftServerConfigKeys (ConfUtils.java:logGet(46)) - raft.server.log.segment.cache.size.max = 200MB (=209715200) (default)
2025-04-23 15:47:22,569 [cd535dae-68a6-4b81-b820-5294621ff3cf-groupManagement] INFO  server.RaftServerConfigKeys (ConfUtils.java:logGet(46)) - raft.server.log.appender.buffer.byte-limit = 33554432 (custom)
2025-04-23 15:47:22,569 [cd535dae-68a6-4b81-b820-5294621ff3cf-groupManagement] INFO  util.AwaitToRun (AwaitToRun.java:start(81)) - Thread[#8919,cd535dae-68a6-4b81-b820-5294621ff3cf@group-415D9042B882-cacheEviction-AwaitToRun,5,main] started
2025-04-23 15:47:22,569 [cd535dae-68a6-4b81-b820-5294621ff3cf-groupManagement] INFO  segmented.SegmentedRaftLogWorker (SegmentedRaftLogWorker.java:<init>(188)) - new cd535dae-68a6-4b81-b820-5294621ff3cf@group-415D9042B882-SegmentedRaftLogWorker for RaftStorageImpl:Storage Directory /home/runner/work/ozone/ozone/hadoop-ozone/integration-test/target/test-dir/MiniOzoneClusterImpl-11ed033c-ec90-4580-9385-902e6658689d/ozone-meta/datanode-3/ratis/155d96e7-00e4-4931-9a3b-415d9042b882
2025-04-23 15:47:22,570 [cd535dae-68a6-4b81-b820-5294621ff3cf-groupManagement] INFO  server.RaftServerConfigKeys (ConfUtils.java:logGet(46)) - raft.server.log.queue.byte-limit = 4294967296 (custom)
2025-04-23 15:47:22,570 [cd535dae-68a6-4b81-b820-5294621ff3cf-groupManagement] INFO  server.RaftServerConfigKeys (ConfUtils.java:logGet(46)) - raft.server.log.queue.element-limit = 1024 (custom)
2025-04-23 15:47:22,570 [cd535dae-68a6-4b81-b820-5294621ff3cf-groupManagement] INFO  server.RaftServerConfigKeys (ConfUtils.java:logGet(46)) - raft.server.log.segment.size.max = 67108864 (custom)
2025-04-23 15:47:22,570 [cd535dae-68a6-4b81-b820-5294621ff3cf-groupManagement] INFO  server.RaftServerConfigKeys (ConfUtils.java:logGet(46)) - raft.server.log.preallocated.size = 4194304 (custom)
2025-04-23 15:47:22,570 [cd535dae-68a6-4b81-b820-5294621ff3cf-groupManagement] INFO  server.RaftServerConfigKeys (ConfUtils.java:logGet(46)) - raft.server.log.force.sync.num = 128 (default)
2025-04-23 15:47:22,570 [cd535dae-68a6-4b81-b820-5294621ff3cf-groupManagement] INFO  server.RaftServerConfigKeys (ConfUtils.java:logGet(46)) - raft.server.log.statemachine.data.sync = true (default)
2025-04-23 15:47:22,570 [cd535dae-68a6-4b81-b820-5294621ff3cf-groupManagement] INFO  server.RaftServerConfigKeys (ConfUtils.java:logGet(46)) - raft.server.log.statemachine.data.sync.timeout = 10s (default)
2025-04-23 15:47:22,570 [cd535dae-68a6-4b81-b820-5294621ff3cf-groupManagement] INFO  server.RaftServerConfigKeys (ConfUtils.java:logGet(46)) - raft.server.log.statemachine.data.sync.timeout.retry = 30 (custom)
2025-04-23 15:47:22,570 [cd535dae-68a6-4b81-b820-5294621ff3cf-groupManagement] INFO  server.RaftServerConfigKeys (ConfUtils.java:logGet(46)) - raft.server.log.write.buffer.size = 33554440 (custom)
2025-04-23 15:47:22,575 [cd535dae-68a6-4b81-b820-5294621ff3cf-groupManagement] INFO  server.RaftServerConfigKeys (ConfUtils.java:logGet(46)) - raft.server.log.appender.buffer.byte-limit = 33554432 (custom)
2025-04-23 15:47:22,575 [cd535dae-68a6-4b81-b820-5294621ff3cf-groupManagement] INFO  server.RaftServerConfigKeys (ConfUtils.java:logGet(46)) - raft.server.log.unsafe-flush.enabled = false (default)
2025-04-23 15:47:22,575 [cd535dae-68a6-4b81-b820-5294621ff3cf-groupManagement] INFO  server.RaftServerConfigKeys (ConfUtils.java:logGet(46)) - raft.server.log.async-flush.enabled = false (default)
2025-04-23 15:47:22,575 [cd535dae-68a6-4b81-b820-5294621ff3cf-groupManagement] INFO  server.RaftServerConfigKeys (ConfUtils.java:logGet(46)) - raft.server.log.statemachine.data.caching.enabled = true (custom)
2025-04-23 15:47:22,575 [cd535dae-68a6-4b81-b820-5294621ff3cf-groupManagement] INFO  segmented.SegmentedRaftLogWorker (SegmentedRaftLogWorker.java:lambda$new$0(139)) - cd535dae-68a6-4b81-b820-5294621ff3cf@group-415D9042B882-SegmentedRaftLogWorker: flushIndex: setUnconditionally 0 -> -1
2025-04-23 15:47:22,575 [cd535dae-68a6-4b81-b820-5294621ff3cf-groupManagement] INFO  segmented.SegmentedRaftLogWorker (SegmentedRaftLogWorker.java:lambda$new$0(139)) - cd535dae-68a6-4b81-b820-5294621ff3cf@group-415D9042B882-SegmentedRaftLogWorker: safeCacheEvictIndex: setUnconditionally 0 -> -1
2025-04-23 15:47:22,575 [cd535dae-68a6-4b81-b820-5294621ff3cf-groupManagement] INFO  server.RaftServer$Division (RaftServerImpl.java:start(391)) - cd535dae-68a6-4b81-b820-5294621ff3cf@group-415D9042B882: start as a follower, conf=conf: {index: -1, cur=peers:[81823ae8-7d79-44ce-8d00-770ee83d4f4f|127.0.0.1:15073, cd535dae-68a6-4b81-b820-5294621ff3cf|127.0.0.1:15081, 29e49559-ca15-4e73-8b82-6fc70a227cc4|127.0.0.1:15065]|listeners:[], old=null}
2025-04-23 15:47:22,575 [cd535dae-68a6-4b81-b820-5294621ff3cf-groupManagement] INFO  server.RaftServer$Division (RaftServerImpl.java:setRole(378)) - cd535dae-68a6-4b81-b820-5294621ff3cf@group-415D9042B882: changes role from      null to FOLLOWER at term 0 for startAsFollower
2025-04-23 15:47:22,575 [cd535dae-68a6-4b81-b820-5294621ff3cf-groupManagement] INFO  impl.RoleInfo (RoleInfo.java:updateAndGet(148)) - cd535dae-68a6-4b81-b820-5294621ff3cf: start cd535dae-68a6-4b81-b820-5294621ff3cf@group-415D9042B882-FollowerState
2025-04-23 15:47:22,576 [cd535dae-68a6-4b81-b820-5294621ff3cf@group-415D9042B882-FollowerState] INFO  server.RaftServerConfigKeys (ConfUtils.java:logGet(46)) - raft.server.rpc.first-election.timeout.min = 1000ms (custom)
2025-04-23 15:47:22,576 [cd535dae-68a6-4b81-b820-5294621ff3cf-groupManagement] INFO  util.JmxRegister (JmxRegister.java:tryRegister(44)) - Successfully registered JMX Bean with object name Ratis:service=RaftServer,group=group-415D9042B882,id=cd535dae-68a6-4b81-b820-5294621ff3cf
2025-04-23 15:47:22,576 [cd535dae-68a6-4b81-b820-5294621ff3cf-groupManagement] INFO  util.JmxRegister (JmxRegister.java:register(58)) - register mxBean class org.apache.ratis.server.impl.RaftServerJmxAdapter as Ratis:service=RaftServer,group=group-415D9042B882,id=cd535dae-68a6-4b81-b820-5294621ff3cf
2025-04-23 15:47:22,576 [cd535dae-68a6-4b81-b820-5294621ff3cf-groupManagement] INFO  server.RaftServerConfigKeys (ConfUtils.java:logGet(46)) - raft.server.snapshot.trigger-when-stop.enabled = true (default)
2025-04-23 15:47:22,576 [cd535dae-68a6-4b81-b820-5294621ff3cf-groupManagement] INFO  server.RaftServerConfigKeys (ConfUtils.java:logGet(46)) - raft.server.snapshot.trigger-when-remove.enabled = true (default)
2025-04-23 15:47:22,576 [cd535dae-68a6-4b81-b820-5294621ff3cf-groupManagement] INFO  server.RaftServerConfigKeys (ConfUtils.java:logGet(46)) - raft.server.snapshot.auto.trigger.enabled = true (custom)
2025-04-23 15:47:22,576 [cd535dae-68a6-4b81-b820-5294621ff3cf-groupManagement] INFO  server.RaftServerConfigKeys (ConfUtils.java:logGet(46)) - raft.server.snapshot.auto.trigger.threshold = 100000 (custom)
2025-04-23 15:47:22,576 [cd535dae-68a6-4b81-b820-5294621ff3cf-groupManagement] INFO  server.RaftServerConfigKeys (ConfUtils.java:logGet(46)) - raft.server.snapshot.retention.file.num = 5 (custom)
2025-04-23 15:47:22,576 [cd535dae-68a6-4b81-b820-5294621ff3cf-groupManagement] INFO  server.RaftServerConfigKeys (ConfUtils.java:logGet(46)) - raft.server.log.purge.upto.snapshot.index = false (default)
2025-04-23 15:47:22,576 [cd535dae-68a6-4b81-b820-5294621ff3cf@group-415D9042B882-FollowerState] INFO  server.RaftServerConfigKeys (ConfUtils.java:logGet(46)) - raft.server.rpc.first-election.timeout.max = 1200ms (custom)
2025-04-23 15:47:22,577 [cd535dae-68a6-4b81-b820-5294621ff3cf-groupManagement] INFO  server.RaftServer$Division (RaftServerImpl.java:start(405)) - cd535dae-68a6-4b81-b820-5294621ff3cf@group-415D9042B882: Successfully started.
2025-04-23 15:47:22,583 [grpc-default-executor-4] INFO  server.RaftServer (RaftServerProxy.java:addNew(100)) - 29e49559-ca15-4e73-8b82-6fc70a227cc4: addNew group-415D9042B882:[81823ae8-7d79-44ce-8d00-770ee83d4f4f|127.0.0.1:15073, cd535dae-68a6-4b81-b820-5294621ff3cf|127.0.0.1:15081, 29e49559-ca15-4e73-8b82-6fc70a227cc4|127.0.0.1:15065] returns group-415D9042B882:java.util.concurrent.CompletableFuture@5ac0894d[Not completed]
2025-04-23 15:47:22,584 [29e49559-ca15-4e73-8b82-6fc70a227cc4-groupManagement] INFO  server.RaftServer$Division (RaftServerImpl.java:<init>(255)) - 29e49559-ca15-4e73-8b82-6fc70a227cc4: new RaftServerImpl for group-415D9042B882:[81823ae8-7d79-44ce-8d00-770ee83d4f4f|127.0.0.1:15073, cd535dae-68a6-4b81-b820-5294621ff3cf|127.0.0.1:15081, 29e49559-ca15-4e73-8b82-6fc70a227cc4|127.0.0.1:15065] with ContainerStateMachine:uninitialized
2025-04-23 15:47:22,584 [29e49559-ca15-4e73-8b82-6fc70a227cc4-groupManagement] INFO  server.RaftServerConfigKeys (ConfUtils.java:logGet(46)) - raft.server.rpc.timeout.min = 5s (custom)
2025-04-23 15:47:22,584 [29e49559-ca15-4e73-8b82-6fc70a227cc4-groupManagement] INFO  server.RaftServerConfigKeys (ConfUtils.java:logGet(46)) - raft.server.rpc.timeout.max = 5200ms (custom)
2025-04-23 15:47:22,584 [29e49559-ca15-4e73-8b82-6fc70a227cc4-groupManagement] INFO  server.RaftServerConfigKeys (ConfUtils.java:logGet(46)) - raft.server.rpc.sleep.time = 25ms (default)
2025-04-23 15:47:22,584 [29e49559-ca15-4e73-8b82-6fc70a227cc4-groupManagement] INFO  server.RaftServerConfigKeys (ConfUtils.java:logGet(46)) - raft.server.rpc.slowness.timeout = 300s (custom)
2025-04-23 15:47:22,584 [29e49559-ca15-4e73-8b82-6fc70a227cc4-groupManagement] INFO  server.RaftServerConfigKeys (ConfUtils.java:logGet(46)) - raft.server.leaderelection.leader.step-down.wait-time = 10s (default)
2025-04-23 15:47:22,584 [29e49559-ca15-4e73-8b82-6fc70a227cc4-groupManagement] INFO  server.RaftServerConfigKeys (ConfUtils.java:logGet(46)) - raft.server.leaderelection.member.majority-add = false (default)
2025-04-23 15:47:22,584 [29e49559-ca15-4e73-8b82-6fc70a227cc4-groupManagement] INFO  server.RaftServerConfigKeys (ConfUtils.java:logGet(46)) - raft.server.sleep.deviation.threshold = 300ms (default)
2025-04-23 15:47:22,584 [29e49559-ca15-4e73-8b82-6fc70a227cc4-groupManagement] INFO  server.RaftServer$Division (ServerState.java:<init>(114)) - 29e49559-ca15-4e73-8b82-6fc70a227cc4@group-415D9042B882: ConfigurationManager, init=conf: {index: -1, cur=peers:[81823ae8-7d79-44ce-8d00-770ee83d4f4f|127.0.0.1:15073, cd535dae-68a6-4b81-b820-5294621ff3cf|127.0.0.1:15081, 29e49559-ca15-4e73-8b82-6fc70a227cc4|127.0.0.1:15065]|listeners:[], old=null}, confs=<EMPTY_MAP>
2025-04-23 15:47:22,584 [29e49559-ca15-4e73-8b82-6fc70a227cc4-groupManagement] INFO  server.RaftServerConfigKeys (ConfUtils.java:logGet(46)) - raft.server.notification.no-leader.timeout = 300s (custom)
2025-04-23 15:47:22,584 [29e49559-ca15-4e73-8b82-6fc70a227cc4-groupManagement] INFO  server.RaftServerConfigKeys (ConfUtils.java:logGet(46)) - raft.server.read.timeout = 10s (default)
2025-04-23 15:47:22,584 [29e49559-ca15-4e73-8b82-6fc70a227cc4-groupManagement] INFO  server.RaftServerConfigKeys (ConfUtils.java:logGet(46)) - raft.server.retrycache.expirytime = 600000ms (custom)
2025-04-23 15:47:22,585 [29e49559-ca15-4e73-8b82-6fc70a227cc4-groupManagement] INFO  server.RaftServerConfigKeys (ConfUtils.java:logGet(46)) - raft.server.retrycache.statistics.expirytime = 100ms (default)
2025-04-23 15:47:22,585 [29e49559-ca15-4e73-8b82-6fc70a227cc4-groupManagement] INFO  server.RaftServerConfigKeys (ConfUtils.java:logGet(46)) - raft.server.read.option = DEFAULT (default)
2025-04-23 15:47:22,585 [29e49559-ca15-4e73-8b82-6fc70a227cc4-groupManagement] INFO  server.RaftServerConfigKeys (ConfUtils.java:logGet(46)) - raft.server.read.read-after-write-consistent.write-index-cache.expiry-time = 60s (default)
2025-04-23 15:47:22,587 [29e49559-ca15-4e73-8b82-6fc70a227cc4-groupManagement] INFO  server.RaftServerConfigKeys (ConfUtils.java:logGet(46)) - raft.server.rpc.request.timeout = 60s (custom)
2025-04-23 15:47:22,587 [29e49559-ca15-4e73-8b82-6fc70a227cc4-groupManagement] INFO  server.RaftServerConfigKeys (ConfUtils.java:logGet(46)) - raft.server.log.appender.install.snapshot.enabled = false (custom)
2025-04-23 15:47:22,587 [29e49559-ca15-4e73-8b82-6fc70a227cc4-groupManagement] INFO  server.RaftServerConfigKeys (ConfUtils.java:logGet(46)) - raft.server.threadpool.server.cached = true (default)
2025-04-23 15:47:22,587 [29e49559-ca15-4e73-8b82-6fc70a227cc4-groupManagement] INFO  server.RaftServerConfigKeys (ConfUtils.java:logGet(46)) - raft.server.threadpool.server.size = 0 (default)
2025-04-23 15:47:22,587 [29e49559-ca15-4e73-8b82-6fc70a227cc4-groupManagement] INFO  server.RaftServerConfigKeys (ConfUtils.java:logGet(46)) - raft.server.threadpool.client.cached = true (default)
2025-04-23 15:47:22,587 [29e49559-ca15-4e73-8b82-6fc70a227cc4-groupManagement] INFO  server.RaftServerConfigKeys (ConfUtils.java:logGet(46)) - raft.server.threadpool.client.size = 0 (default)
2025-04-23 15:47:22,587 [29e49559-ca15-4e73-8b82-6fc70a227cc4-groupManagement] INFO  server.RaftServerConfigKeys (ConfUtils.java:logGet(46)) - raft.server.storage.free-space.min = 0MB (=0) (default)
2025-04-23 15:47:22,587 [29e49559-ca15-4e73-8b82-6fc70a227cc4-groupManagement] INFO  server.RaftServerConfigKeys (ConfUtils.java:logGet(46)) - raft.server.log.corruption.policy = EXCEPTION (default)
2025-04-23 15:47:22,587 [29e49559-ca15-4e73-8b82-6fc70a227cc4-groupManagement] INFO  server.RaftServerConfigKeys (ConfUtils.java:logGet(46)) - raft.server.storage.dir = [/home/runner/work/ozone/ozone/hadoop-ozone/integration-test/target/test-dir/MiniOzoneClusterImpl-11ed033c-ec90-4580-9385-902e6658689d/ozone-meta/datanode-1/ratis] (custom)
2025-04-23 15:47:22,588 [29e49559-ca15-4e73-8b82-6fc70a227cc4-groupManagement] INFO  storage.RaftStorageDirectory (RaftStorageDirectoryImpl.java:analyzeStorage(138)) - The storage directory /home/runner/work/ozone/ozone/hadoop-ozone/integration-test/target/test-dir/MiniOzoneClusterImpl-11ed033c-ec90-4580-9385-902e6658689d/ozone-meta/datanode-1/ratis/155d96e7-00e4-4931-9a3b-415d9042b882 does not exist. Creating ...
2025-04-23 15:47:22,588 [29e49559-ca15-4e73-8b82-6fc70a227cc4-groupManagement] INFO  storage.RaftStorageDirectory (RaftStorageDirectoryImpl.java:tryLock(229)) - Lock on /home/runner/work/ozone/ozone/hadoop-ozone/integration-test/target/test-dir/MiniOzoneClusterImpl-11ed033c-ec90-4580-9385-902e6658689d/ozone-meta/datanode-1/ratis/155d96e7-00e4-4931-9a3b-415d9042b882/in_use.lock acquired by nodename 129659@fv-az1337-835
2025-04-23 15:47:22,589 [29e49559-ca15-4e73-8b82-6fc70a227cc4-groupManagement] INFO  storage.RaftStorage (RaftStorageImpl.java:format(98)) - Storage directory /home/runner/work/ozone/ozone/hadoop-ozone/integration-test/target/test-dir/MiniOzoneClusterImpl-11ed033c-ec90-4580-9385-902e6658689d/ozone-meta/datanode-1/ratis/155d96e7-00e4-4931-9a3b-415d9042b882 has been successfully formatted.
2025-04-23 15:47:22,590 [29e49559-ca15-4e73-8b82-6fc70a227cc4-groupManagement] INFO  ratis.ContainerStateMachine (ContainerStateMachine.java:initialize(339)) - 29e49559-ca15-4e73-8b82-6fc70a227cc4: initialize group-415D9042B882
2025-04-23 15:47:22,590 [29e49559-ca15-4e73-8b82-6fc70a227cc4-groupManagement] INFO  ratis.ContainerStateMachine (ContainerStateMachine.java:loadSnapshot(347)) - group-415D9042B882: The snapshot info is null. Setting the last applied index to:(t:0, i:~)
2025-04-23 15:47:22,590 [29e49559-ca15-4e73-8b82-6fc70a227cc4-groupManagement] INFO  server.RaftServerConfigKeys (ConfUtils.java:logGet(46)) - raft.server.log.use.memory = false (default)
2025-04-23 15:47:22,590 [29e49559-ca15-4e73-8b82-6fc70a227cc4-groupManagement] INFO  server.RaftServerConfigKeys (ConfUtils.java:logGet(46)) - raft.server.log.purge.gap = 1000000 (custom)
2025-04-23 15:47:22,590 [29e49559-ca15-4e73-8b82-6fc70a227cc4-groupManagement] INFO  server.RaftServerConfigKeys (ConfUtils.java:logGet(46)) - raft.server.log.appender.buffer.byte-limit = 33554432 (custom)
2025-04-23 15:47:22,590 [29e49559-ca15-4e73-8b82-6fc70a227cc4-groupManagement] INFO  server.RaftServerConfigKeys (ConfUtils.java:logGet(46)) - raft.server.log.statemachine.data.read.timeout = 1000ms (default)
2025-04-23 15:47:22,590 [29e49559-ca15-4e73-8b82-6fc70a227cc4-groupManagement] INFO  server.RaftServerConfigKeys (ConfUtils.java:logGet(46)) - raft.server.log.purge.preservation.log.num = 0 (default)
2025-04-23 15:47:22,591 [29e49559-ca15-4e73-8b82-6fc70a227cc4-groupManagement] INFO  server.RaftServerConfigKeys (ConfUtils.java:logGet(46)) - raft.server.log.segment.size.max = 67108864 (custom)
2025-04-23 15:47:22,591 [29e49559-ca15-4e73-8b82-6fc70a227cc4-groupManagement] INFO  server.RaftServerConfigKeys (ConfUtils.java:logGet(46)) - raft.server.log.segment.cache.num.max = 2 (custom)
2025-04-23 15:47:22,591 [29e49559-ca15-4e73-8b82-6fc70a227cc4-groupManagement] INFO  server.RaftServerConfigKeys (ConfUtils.java:logGet(46)) - raft.server.log.segment.cache.size.max = 200MB (=209715200) (default)
2025-04-23 15:47:22,591 [29e49559-ca15-4e73-8b82-6fc70a227cc4-groupManagement] INFO  server.RaftServerConfigKeys (ConfUtils.java:logGet(46)) - raft.server.log.appender.buffer.byte-limit = 33554432 (custom)
2025-04-23 15:47:22,592 [29e49559-ca15-4e73-8b82-6fc70a227cc4-groupManagement] INFO  util.AwaitToRun (AwaitToRun.java:start(81)) - Thread[#8926,29e49559-ca15-4e73-8b82-6fc70a227cc4@group-415D9042B882-cacheEviction-AwaitToRun,5,main] started
2025-04-23 15:47:22,592 [29e49559-ca15-4e73-8b82-6fc70a227cc4-groupManagement] INFO  segmented.SegmentedRaftLogWorker (SegmentedRaftLogWorker.java:<init>(188)) - new 29e49559-ca15-4e73-8b82-6fc70a227cc4@group-415D9042B882-SegmentedRaftLogWorker for RaftStorageImpl:Storage Directory /home/runner/work/ozone/ozone/hadoop-ozone/integration-test/target/test-dir/MiniOzoneClusterImpl-11ed033c-ec90-4580-9385-902e6658689d/ozone-meta/datanode-1/ratis/155d96e7-00e4-4931-9a3b-415d9042b882
2025-04-23 15:47:22,592 [29e49559-ca15-4e73-8b82-6fc70a227cc4-groupManagement] INFO  server.RaftServerConfigKeys (ConfUtils.java:logGet(46)) - raft.server.log.queue.byte-limit = 4294967296 (custom)
2025-04-23 15:47:22,592 [29e49559-ca15-4e73-8b82-6fc70a227cc4-groupManagement] INFO  server.RaftServerConfigKeys (ConfUtils.java:logGet(46)) - raft.server.log.queue.element-limit = 1024 (custom)
2025-04-23 15:47:22,592 [29e49559-ca15-4e73-8b82-6fc70a227cc4-groupManagement] INFO  server.RaftServerConfigKeys (ConfUtils.java:logGet(46)) - raft.server.log.segment.size.max = 67108864 (custom)
2025-04-23 15:47:22,592 [29e49559-ca15-4e73-8b82-6fc70a227cc4-groupManagement] INFO  server.RaftServerConfigKeys (ConfUtils.java:logGet(46)) - raft.server.log.preallocated.size = 4194304 (custom)
2025-04-23 15:47:22,592 [29e49559-ca15-4e73-8b82-6fc70a227cc4-groupManagement] INFO  server.RaftServerConfigKeys (ConfUtils.java:logGet(46)) - raft.server.log.force.sync.num = 128 (default)
2025-04-23 15:47:22,592 [29e49559-ca15-4e73-8b82-6fc70a227cc4-groupManagement] INFO  server.RaftServerConfigKeys (ConfUtils.java:logGet(46)) - raft.server.log.statemachine.data.sync = true (default)
2025-04-23 15:47:22,592 [29e49559-ca15-4e73-8b82-6fc70a227cc4-groupManagement] INFO  server.RaftServerConfigKeys (ConfUtils.java:logGet(46)) - raft.server.log.statemachine.data.sync.timeout = 10s (default)
2025-04-23 15:47:22,592 [29e49559-ca15-4e73-8b82-6fc70a227cc4-groupManagement] INFO  server.RaftServerConfigKeys (ConfUtils.java:logGet(46)) - raft.server.log.statemachine.data.sync.timeout.retry = 30 (custom)
2025-04-23 15:47:22,592 [29e49559-ca15-4e73-8b82-6fc70a227cc4-groupManagement] INFO  server.RaftServerConfigKeys (ConfUtils.java:logGet(46)) - raft.server.log.write.buffer.size = 33554440 (custom)
2025-04-23 15:47:22,597 [29e49559-ca15-4e73-8b82-6fc70a227cc4-groupManagement] INFO  server.RaftServerConfigKeys (ConfUtils.java:logGet(46)) - raft.server.log.appender.buffer.byte-limit = 33554432 (custom)
2025-04-23 15:47:22,597 [29e49559-ca15-4e73-8b82-6fc70a227cc4-groupManagement] INFO  server.RaftServerConfigKeys (ConfUtils.java:logGet(46)) - raft.server.log.unsafe-flush.enabled = false (default)
2025-04-23 15:47:22,597 [29e49559-ca15-4e73-8b82-6fc70a227cc4-groupManagement] INFO  server.RaftServerConfigKeys (ConfUtils.java:logGet(46)) - raft.server.log.async-flush.enabled = false (default)
2025-04-23 15:47:22,597 [29e49559-ca15-4e73-8b82-6fc70a227cc4-groupManagement] INFO  server.RaftServerConfigKeys (ConfUtils.java:logGet(46)) - raft.server.log.statemachine.data.caching.enabled = true (custom)
2025-04-23 15:47:22,597 [29e49559-ca15-4e73-8b82-6fc70a227cc4-groupManagement] INFO  segmented.SegmentedRaftLogWorker (SegmentedRaftLogWorker.java:lambda$new$0(139)) - 29e49559-ca15-4e73-8b82-6fc70a227cc4@group-415D9042B882-SegmentedRaftLogWorker: flushIndex: setUnconditionally 0 -> -1
2025-04-23 15:47:22,597 [29e49559-ca15-4e73-8b82-6fc70a227cc4-groupManagement] INFO  segmented.SegmentedRaftLogWorker (SegmentedRaftLogWorker.java:lambda$new$0(139)) - 29e49559-ca15-4e73-8b82-6fc70a227cc4@group-415D9042B882-SegmentedRaftLogWorker: safeCacheEvictIndex: setUnconditionally 0 -> -1
2025-04-23 15:47:22,598 [29e49559-ca15-4e73-8b82-6fc70a227cc4-groupManagement] INFO  server.RaftServer$Division (RaftServerImpl.java:start(391)) - 29e49559-ca15-4e73-8b82-6fc70a227cc4@group-415D9042B882: start as a follower, conf=conf: {index: -1, cur=peers:[81823ae8-7d79-44ce-8d00-770ee83d4f4f|127.0.0.1:15073, cd535dae-68a6-4b81-b820-5294621ff3cf|127.0.0.1:15081, 29e49559-ca15-4e73-8b82-6fc70a227cc4|127.0.0.1:15065]|listeners:[], old=null}
2025-04-23 15:47:22,598 [29e49559-ca15-4e73-8b82-6fc70a227cc4-groupManagement] INFO  server.RaftServer$Division (RaftServerImpl.java:setRole(378)) - 29e49559-ca15-4e73-8b82-6fc70a227cc4@group-415D9042B882: changes role from      null to FOLLOWER at term 0 for startAsFollower
2025-04-23 15:47:22,598 [29e49559-ca15-4e73-8b82-6fc70a227cc4-groupManagement] INFO  impl.RoleInfo (RoleInfo.java:updateAndGet(148)) - 29e49559-ca15-4e73-8b82-6fc70a227cc4: start 29e49559-ca15-4e73-8b82-6fc70a227cc4@group-415D9042B882-FollowerState
2025-04-23 15:47:22,598 [29e49559-ca15-4e73-8b82-6fc70a227cc4-groupManagement] INFO  util.JmxRegister (JmxRegister.java:tryRegister(44)) - Successfully registered JMX Bean with object name Ratis:service=RaftServer,group=group-415D9042B882,id=29e49559-ca15-4e73-8b82-6fc70a227cc4
2025-04-23 15:47:22,598 [29e49559-ca15-4e73-8b82-6fc70a227cc4@group-415D9042B882-FollowerState] INFO  server.RaftServerConfigKeys (ConfUtils.java:logGet(46)) - raft.server.rpc.first-election.timeout.min = 1000ms (custom)
2025-04-23 15:47:22,598 [29e49559-ca15-4e73-8b82-6fc70a227cc4@group-415D9042B882-FollowerState] INFO  server.RaftServerConfigKeys (ConfUtils.java:logGet(46)) - raft.server.rpc.first-election.timeout.max = 1200ms (custom)
2025-04-23 15:47:22,598 [29e49559-ca15-4e73-8b82-6fc70a227cc4-groupManagement] INFO  util.JmxRegister (JmxRegister.java:register(58)) - register mxBean class org.apache.ratis.server.impl.RaftServerJmxAdapter as Ratis:service=RaftServer,group=group-415D9042B882,id=29e49559-ca15-4e73-8b82-6fc70a227cc4
2025-04-23 15:47:22,598 [29e49559-ca15-4e73-8b82-6fc70a227cc4-groupManagement] INFO  server.RaftServerConfigKeys (ConfUtils.java:logGet(46)) - raft.server.snapshot.trigger-when-stop.enabled = true (default)
2025-04-23 15:47:22,598 [29e49559-ca15-4e73-8b82-6fc70a227cc4-groupManagement] INFO  server.RaftServerConfigKeys (ConfUtils.java:logGet(46)) - raft.server.snapshot.trigger-when-remove.enabled = true (default)
2025-04-23 15:47:22,598 [29e49559-ca15-4e73-8b82-6fc70a227cc4-groupManagement] INFO  server.RaftServerConfigKeys (ConfUtils.java:logGet(46)) - raft.server.snapshot.auto.trigger.enabled = true (custom)
2025-04-23 15:47:22,598 [29e49559-ca15-4e73-8b82-6fc70a227cc4-groupManagement] INFO  server.RaftServerConfigKeys (ConfUtils.java:logGet(46)) - raft.server.snapshot.auto.trigger.threshold = 100000 (custom)
2025-04-23 15:47:22,598 [29e49559-ca15-4e73-8b82-6fc70a227cc4-groupManagement] INFO  server.RaftServerConfigKeys (ConfUtils.java:logGet(46)) - raft.server.snapshot.retention.file.num = 5 (custom)
2025-04-23 15:47:22,598 [29e49559-ca15-4e73-8b82-6fc70a227cc4-groupManagement] INFO  server.RaftServerConfigKeys (ConfUtils.java:logGet(46)) - raft.server.log.purge.upto.snapshot.index = false (default)
2025-04-23 15:47:22,600 [29e49559-ca15-4e73-8b82-6fc70a227cc4-groupManagement] INFO  server.RaftServer$Division (RaftServerImpl.java:start(405)) - 29e49559-ca15-4e73-8b82-6fc70a227cc4@group-415D9042B882: Successfully started.
2025-04-23 15:47:22,609 [81823ae8-7d79-44ce-8d00-770ee83d4f4f-PipelineCommandHandlerThread-0] INFO  commandhandler.CreatePipelineCommandHandler (CreatePipelineCommandHandler.java:lambda$handle$2(128)) - Created Pipeline RATIS THREE PipelineID=155d96e7-00e4-4931-9a3b-415d9042b882.
2025-04-23 15:47:23,172 [main] INFO  ozone.MiniOzoneClusterImpl (MiniOzoneClusterImpl.java:lambda$waitForClusterToBeReady$0(190)) - Nodes are ready. Got 3 of 3 DN Heartbeats.
2025-04-23 15:47:23,172 [main] INFO  ozone.MiniOzoneClusterImpl (MiniOzoneClusterImpl.java:lambda$waitForClusterToBeReady$0(193)) - Waiting for cluster to exit safe mode
2025-04-23 15:47:23,172 [main] INFO  ozone.MiniOzoneClusterImpl (MiniOzoneClusterImpl.java:lambda$waitForClusterToBeReady$0(195)) - SCM became leader
2025-04-23 15:47:23,273 [29e49559-ca15-4e73-8b82-6fc70a227cc4-PipelineCommandHandlerThread-0] INFO  server.RaftServer (RaftServerProxy.java:addNew(100)) - 29e49559-ca15-4e73-8b82-6fc70a227cc4: addNew group-91716850738C:[29e49559-ca15-4e73-8b82-6fc70a227cc4|127.0.0.1:15065] returns group-91716850738C:java.util.concurrent.CompletableFuture@4a16469f[Not completed]
2025-04-23 15:47:23,274 [29e49559-ca15-4e73-8b82-6fc70a227cc4-groupManagement] INFO  server.RaftServer$Division (RaftServerImpl.java:<init>(255)) - 29e49559-ca15-4e73-8b82-6fc70a227cc4: new RaftServerImpl for group-91716850738C:[29e49559-ca15-4e73-8b82-6fc70a227cc4|127.0.0.1:15065] with ContainerStateMachine:uninitialized
2025-04-23 15:47:23,274 [29e49559-ca15-4e73-8b82-6fc70a227cc4-groupManagement] INFO  server.RaftServerConfigKeys (ConfUtils.java:logGet(46)) - raft.server.rpc.timeout.min = 5s (custom)
2025-04-23 15:47:23,274 [29e49559-ca15-4e73-8b82-6fc70a227cc4-groupManagement] INFO  server.RaftServerConfigKeys (ConfUtils.java:logGet(46)) - raft.server.rpc.timeout.max = 5200ms (custom)
2025-04-23 15:47:23,274 [29e49559-ca15-4e73-8b82-6fc70a227cc4-groupManagement] INFO  server.RaftServerConfigKeys (ConfUtils.java:logGet(46)) - raft.server.rpc.sleep.time = 25ms (default)
2025-04-23 15:47:23,274 [29e49559-ca15-4e73-8b82-6fc70a227cc4-groupManagement] INFO  server.RaftServerConfigKeys (ConfUtils.java:logGet(46)) - raft.server.rpc.slowness.timeout = 300s (custom)
2025-04-23 15:47:23,274 [29e49559-ca15-4e73-8b82-6fc70a227cc4-groupManagement] INFO  server.RaftServerConfigKeys (ConfUtils.java:logGet(46)) - raft.server.leaderelection.leader.step-down.wait-time = 10s (default)
2025-04-23 15:47:23,274 [29e49559-ca15-4e73-8b82-6fc70a227cc4-groupManagement] INFO  server.RaftServerConfigKeys (ConfUtils.java:logGet(46)) - raft.server.leaderelection.member.majority-add = false (default)
2025-04-23 15:47:23,274 [29e49559-ca15-4e73-8b82-6fc70a227cc4-groupManagement] INFO  server.RaftServerConfigKeys (ConfUtils.java:logGet(46)) - raft.server.sleep.deviation.threshold = 300ms (default)
2025-04-23 15:47:23,275 [29e49559-ca15-4e73-8b82-6fc70a227cc4-groupManagement] INFO  server.RaftServer$Division (ServerState.java:<init>(114)) - 29e49559-ca15-4e73-8b82-6fc70a227cc4@group-91716850738C: ConfigurationManager, init=conf: {index: -1, cur=peers:[29e49559-ca15-4e73-8b82-6fc70a227cc4|127.0.0.1:15065]|listeners:[], old=null}, confs=<EMPTY_MAP>
2025-04-23 15:47:23,275 [29e49559-ca15-4e73-8b82-6fc70a227cc4-groupManagement] INFO  server.RaftServerConfigKeys (ConfUtils.java:logGet(46)) - raft.server.notification.no-leader.timeout = 300s (custom)
2025-04-23 15:47:23,275 [29e49559-ca15-4e73-8b82-6fc70a227cc4-groupManagement] INFO  server.RaftServerConfigKeys (ConfUtils.java:logGet(46)) - raft.server.read.timeout = 10s (default)
2025-04-23 15:47:23,275 [29e49559-ca15-4e73-8b82-6fc70a227cc4-groupManagement] INFO  server.RaftServerConfigKeys (ConfUtils.java:logGet(46)) - raft.server.retrycache.expirytime = 600000ms (custom)
2025-04-23 15:47:23,275 [29e49559-ca15-4e73-8b82-6fc70a227cc4-groupManagement] INFO  server.RaftServerConfigKeys (ConfUtils.java:logGet(46)) - raft.server.retrycache.statistics.expirytime = 100ms (default)
2025-04-23 15:47:23,275 [29e49559-ca15-4e73-8b82-6fc70a227cc4-groupManagement] INFO  server.RaftServerConfigKeys (ConfUtils.java:logGet(46)) - raft.server.read.option = DEFAULT (default)
2025-04-23 15:47:23,275 [29e49559-ca15-4e73-8b82-6fc70a227cc4-groupManagement] INFO  server.RaftServerConfigKeys (ConfUtils.java:logGet(46)) - raft.server.read.read-after-write-consistent.write-index-cache.expiry-time = 60s (default)
2025-04-23 15:47:23,277 [29e49559-ca15-4e73-8b82-6fc70a227cc4-groupManagement] INFO  server.RaftServerConfigKeys (ConfUtils.java:logGet(46)) - raft.server.rpc.request.timeout = 60s (custom)
2025-04-23 15:47:23,277 [29e49559-ca15-4e73-8b82-6fc70a227cc4-groupManagement] INFO  server.RaftServerConfigKeys (ConfUtils.java:logGet(46)) - raft.server.log.appender.install.snapshot.enabled = false (custom)
2025-04-23 15:47:23,277 [29e49559-ca15-4e73-8b82-6fc70a227cc4-groupManagement] INFO  server.RaftServerConfigKeys (ConfUtils.java:logGet(46)) - raft.server.threadpool.server.cached = true (default)
2025-04-23 15:47:23,277 [29e49559-ca15-4e73-8b82-6fc70a227cc4-groupManagement] INFO  server.RaftServerConfigKeys (ConfUtils.java:logGet(46)) - raft.server.threadpool.server.size = 0 (default)
2025-04-23 15:47:23,277 [29e49559-ca15-4e73-8b82-6fc70a227cc4-groupManagement] INFO  server.RaftServerConfigKeys (ConfUtils.java:logGet(46)) - raft.server.threadpool.client.cached = true (default)
2025-04-23 15:47:23,277 [29e49559-ca15-4e73-8b82-6fc70a227cc4-groupManagement] INFO  server.RaftServerConfigKeys (ConfUtils.java:logGet(46)) - raft.server.threadpool.client.size = 0 (default)
2025-04-23 15:47:23,277 [29e49559-ca15-4e73-8b82-6fc70a227cc4-groupManagement] INFO  server.RaftServerConfigKeys (ConfUtils.java:logGet(46)) - raft.server.storage.free-space.min = 0MB (=0) (default)
2025-04-23 15:47:23,277 [29e49559-ca15-4e73-8b82-6fc70a227cc4-groupManagement] INFO  server.RaftServerConfigKeys (ConfUtils.java:logGet(46)) - raft.server.log.corruption.policy = EXCEPTION (default)
2025-04-23 15:47:23,277 [29e49559-ca15-4e73-8b82-6fc70a227cc4-groupManagement] INFO  server.RaftServerConfigKeys (ConfUtils.java:logGet(46)) - raft.server.storage.dir = [/home/runner/work/ozone/ozone/hadoop-ozone/integration-test/target/test-dir/MiniOzoneClusterImpl-11ed033c-ec90-4580-9385-902e6658689d/ozone-meta/datanode-1/ratis] (custom)
2025-04-23 15:47:23,278 [29e49559-ca15-4e73-8b82-6fc70a227cc4-groupManagement] INFO  storage.RaftStorageDirectory (RaftStorageDirectoryImpl.java:analyzeStorage(138)) - The storage directory /home/runner/work/ozone/ozone/hadoop-ozone/integration-test/target/test-dir/MiniOzoneClusterImpl-11ed033c-ec90-4580-9385-902e6658689d/ozone-meta/datanode-1/ratis/03a0f193-b777-4f5e-ba3b-91716850738c does not exist. Creating ...
2025-04-23 15:47:23,279 [29e49559-ca15-4e73-8b82-6fc70a227cc4-groupManagement] INFO  storage.RaftStorageDirectory (RaftStorageDirectoryImpl.java:tryLock(229)) - Lock on /home/runner/work/ozone/ozone/hadoop-ozone/integration-test/target/test-dir/MiniOzoneClusterImpl-11ed033c-ec90-4580-9385-902e6658689d/ozone-meta/datanode-1/ratis/03a0f193-b777-4f5e-ba3b-91716850738c/in_use.lock acquired by nodename 129659@fv-az1337-835
2025-04-23 15:47:23,279 [29e49559-ca15-4e73-8b82-6fc70a227cc4-groupManagement] INFO  storage.RaftStorage (RaftStorageImpl.java:format(98)) - Storage directory /home/runner/work/ozone/ozone/hadoop-ozone/integration-test/target/test-dir/MiniOzoneClusterImpl-11ed033c-ec90-4580-9385-902e6658689d/ozone-meta/datanode-1/ratis/03a0f193-b777-4f5e-ba3b-91716850738c has been successfully formatted.
2025-04-23 15:47:23,280 [29e49559-ca15-4e73-8b82-6fc70a227cc4-groupManagement] INFO  ratis.ContainerStateMachine (ContainerStateMachine.java:initialize(339)) - 29e49559-ca15-4e73-8b82-6fc70a227cc4: initialize group-91716850738C
2025-04-23 15:47:23,280 [29e49559-ca15-4e73-8b82-6fc70a227cc4-groupManagement] INFO  ratis.ContainerStateMachine (ContainerStateMachine.java:loadSnapshot(347)) - group-91716850738C: The snapshot info is null. Setting the last applied index to:(t:0, i:~)
2025-04-23 15:47:23,280 [29e49559-ca15-4e73-8b82-6fc70a227cc4-groupManagement] INFO  server.RaftServerConfigKeys (ConfUtils.java:logGet(46)) - raft.server.log.use.memory = false (default)
2025-04-23 15:47:23,280 [29e49559-ca15-4e73-8b82-6fc70a227cc4-groupManagement] INFO  server.RaftServerConfigKeys (ConfUtils.java:logGet(46)) - raft.server.log.purge.gap = 1000000 (custom)
2025-04-23 15:47:23,280 [29e49559-ca15-4e73-8b82-6fc70a227cc4-groupManagement] INFO  server.RaftServerConfigKeys (ConfUtils.java:logGet(46)) - raft.server.log.appender.buffer.byte-limit = 33554432 (custom)
2025-04-23 15:47:23,280 [29e49559-ca15-4e73-8b82-6fc70a227cc4-groupManagement] INFO  server.RaftServerConfigKeys (ConfUtils.java:logGet(46)) - raft.server.log.statemachine.data.read.timeout = 1000ms (default)
2025-04-23 15:47:23,280 [29e49559-ca15-4e73-8b82-6fc70a227cc4-groupManagement] INFO  server.RaftServerConfigKeys (ConfUtils.java:logGet(46)) - raft.server.log.purge.preservation.log.num = 0 (default)
2025-04-23 15:47:23,281 [29e49559-ca15-4e73-8b82-6fc70a227cc4-groupManagement] INFO  server.RaftServerConfigKeys (ConfUtils.java:logGet(46)) - raft.server.log.segment.size.max = 67108864 (custom)
2025-04-23 15:47:23,281 [29e49559-ca15-4e73-8b82-6fc70a227cc4-groupManagement] INFO  server.RaftServerConfigKeys (ConfUtils.java:logGet(46)) - raft.server.log.segment.cache.num.max = 2 (custom)
2025-04-23 15:47:23,281 [29e49559-ca15-4e73-8b82-6fc70a227cc4-groupManagement] INFO  server.RaftServerConfigKeys (ConfUtils.java:logGet(46)) - raft.server.log.segment.cache.size.max = 200MB (=209715200) (default)
2025-04-23 15:47:23,281 [29e49559-ca15-4e73-8b82-6fc70a227cc4-groupManagement] INFO  server.RaftServerConfigKeys (ConfUtils.java:logGet(46)) - raft.server.log.appender.buffer.byte-limit = 33554432 (custom)
2025-04-23 15:47:23,281 [29e49559-ca15-4e73-8b82-6fc70a227cc4-groupManagement] INFO  util.AwaitToRun (AwaitToRun.java:start(81)) - Thread[#8934,29e49559-ca15-4e73-8b82-6fc70a227cc4@group-91716850738C-cacheEviction-AwaitToRun,5,main] started
2025-04-23 15:47:23,282 [29e49559-ca15-4e73-8b82-6fc70a227cc4-groupManagement] INFO  segmented.SegmentedRaftLogWorker (SegmentedRaftLogWorker.java:<init>(188)) - new 29e49559-ca15-4e73-8b82-6fc70a227cc4@group-91716850738C-SegmentedRaftLogWorker for RaftStorageImpl:Storage Directory /home/runner/work/ozone/ozone/hadoop-ozone/integration-test/target/test-dir/MiniOzoneClusterImpl-11ed033c-ec90-4580-9385-902e6658689d/ozone-meta/datanode-1/ratis/03a0f193-b777-4f5e-ba3b-91716850738c
2025-04-23 15:47:23,282 [29e49559-ca15-4e73-8b82-6fc70a227cc4-groupManagement] INFO  server.RaftServerConfigKeys (ConfUtils.java:logGet(46)) - raft.server.log.queue.byte-limit = 4294967296 (custom)
2025-04-23 15:47:23,282 [29e49559-ca15-4e73-8b82-6fc70a227cc4-groupManagement] INFO  server.RaftServerConfigKeys (ConfUtils.java:logGet(46)) - raft.server.log.queue.element-limit = 1024 (custom)
2025-04-23 15:47:23,282 [29e49559-ca15-4e73-8b82-6fc70a227cc4-groupManagement] INFO  server.RaftServerConfigKeys (ConfUtils.java:logGet(46)) - raft.server.log.segment.size.max = 67108864 (custom)
2025-04-23 15:47:23,282 [29e49559-ca15-4e73-8b82-6fc70a227cc4-groupManagement] INFO  server.RaftServerConfigKeys (ConfUtils.java:logGet(46)) - raft.server.log.preallocated.size = 4194304 (custom)
2025-04-23 15:47:23,282 [29e49559-ca15-4e73-8b82-6fc70a227cc4-groupManagement] INFO  server.RaftServerConfigKeys (ConfUtils.java:logGet(46)) - raft.server.log.force.sync.num = 128 (default)
2025-04-23 15:47:23,282 [29e49559-ca15-4e73-8b82-6fc70a227cc4-groupManagement] INFO  server.RaftServerConfigKeys (ConfUtils.java:logGet(46)) - raft.server.log.statemachine.data.sync = true (default)
2025-04-23 15:47:23,282 [29e49559-ca15-4e73-8b82-6fc70a227cc4-groupManagement] INFO  server.RaftServerConfigKeys (ConfUtils.java:logGet(46)) - raft.server.log.statemachine.data.sync.timeout = 10s (default)
2025-04-23 15:47:23,282 [29e49559-ca15-4e73-8b82-6fc70a227cc4-groupManagement] INFO  server.RaftServerConfigKeys (ConfUtils.java:logGet(46)) - raft.server.log.statemachine.data.sync.timeout.retry = 30 (custom)
2025-04-23 15:47:23,282 [29e49559-ca15-4e73-8b82-6fc70a227cc4-groupManagement] INFO  server.RaftServerConfigKeys (ConfUtils.java:logGet(46)) - raft.server.log.write.buffer.size = 33554440 (custom)
2025-04-23 15:47:23,283 [42a608c1-c4a9-40f1-8254-ab35a5a5924c@group-902E6658689D-StateMachineUpdater] INFO  safemode.HealthyPipelineSafeModeRule (HealthyPipelineSafeModeRule.java:initializeRule(174)) - Refreshed total pipeline count is 0, healthy pipeline threshold count is 1
2025-04-23 15:47:23,284 [EventQueue-PipelineReportForPipelineReportHandler] INFO  pipeline.PipelineReportHandler (PipelineReportHandler.java:processPipelineReport(134)) - Opened pipeline PipelineID=03a0f193-b777-4f5e-ba3b-91716850738c
2025-04-23 15:47:23,284 [EventQueue-OpenPipelineForHealthyPipelineSafeModeRule] INFO  safemode.SCMSafeModeManager (HealthyPipelineSafeModeRule.java:process(141)) - SCM in safe mode. Healthy pipelines reported count is 0, required healthy pipeline reported count is 1
2025-04-23 15:47:23,287 [29e49559-ca15-4e73-8b82-6fc70a227cc4-groupManagement] INFO  server.RaftServerConfigKeys (ConfUtils.java:logGet(46)) - raft.server.log.appender.buffer.byte-limit = 33554432 (custom)
2025-04-23 15:47:23,287 [29e49559-ca15-4e73-8b82-6fc70a227cc4-groupManagement] INFO  server.RaftServerConfigKeys (ConfUtils.java:logGet(46)) - raft.server.log.unsafe-flush.enabled = false (default)
2025-04-23 15:47:23,287 [29e49559-ca15-4e73-8b82-6fc70a227cc4-groupManagement] INFO  server.RaftServerConfigKeys (ConfUtils.java:logGet(46)) - raft.server.log.async-flush.enabled = false (default)
2025-04-23 15:47:23,287 [29e49559-ca15-4e73-8b82-6fc70a227cc4-groupManagement] INFO  server.RaftServerConfigKeys (ConfUtils.java:logGet(46)) - raft.server.log.statemachine.data.caching.enabled = true (custom)
2025-04-23 15:47:23,287 [29e49559-ca15-4e73-8b82-6fc70a227cc4-groupManagement] INFO  segmented.SegmentedRaftLogWorker (SegmentedRaftLogWorker.java:lambda$new$0(139)) - 29e49559-ca15-4e73-8b82-6fc70a227cc4@group-91716850738C-SegmentedRaftLogWorker: flushIndex: setUnconditionally 0 -> -1
2025-04-23 15:47:23,287 [29e49559-ca15-4e73-8b82-6fc70a227cc4-groupManagement] INFO  segmented.SegmentedRaftLogWorker (SegmentedRaftLogWorker.java:lambda$new$0(139)) - 29e49559-ca15-4e73-8b82-6fc70a227cc4@group-91716850738C-SegmentedRaftLogWorker: safeCacheEvictIndex: setUnconditionally 0 -> -1
2025-04-23 15:47:23,288 [29e49559-ca15-4e73-8b82-6fc70a227cc4-groupManagement] INFO  server.RaftServer$Division (RaftServerImpl.java:start(391)) - 29e49559-ca15-4e73-8b82-6fc70a227cc4@group-91716850738C: start as a follower, conf=conf: {index: -1, cur=peers:[29e49559-ca15-4e73-8b82-6fc70a227cc4|127.0.0.1:15065]|listeners:[], old=null}
2025-04-23 15:47:23,288 [29e49559-ca15-4e73-8b82-6fc70a227cc4-groupManagement] INFO  server.RaftServer$Division (RaftServerImpl.java:setRole(378)) - 29e49559-ca15-4e73-8b82-6fc70a227cc4@group-91716850738C: changes role from      null to FOLLOWER at term 0 for startAsFollower
2025-04-23 15:47:23,288 [29e49559-ca15-4e73-8b82-6fc70a227cc4-groupManagement] INFO  impl.RoleInfo (RoleInfo.java:updateAndGet(148)) - 29e49559-ca15-4e73-8b82-6fc70a227cc4: start 29e49559-ca15-4e73-8b82-6fc70a227cc4@group-91716850738C-FollowerState
2025-04-23 15:47:23,288 [29e49559-ca15-4e73-8b82-6fc70a227cc4@group-91716850738C-FollowerState] INFO  server.RaftServerConfigKeys (ConfUtils.java:logGet(46)) - raft.server.rpc.first-election.timeout.min = 1000ms (custom)
2025-04-23 15:47:23,288 [29e49559-ca15-4e73-8b82-6fc70a227cc4-groupManagement] INFO  util.JmxRegister (JmxRegister.java:tryRegister(44)) - Successfully registered JMX Bean with object name Ratis:service=RaftServer,group=group-91716850738C,id=29e49559-ca15-4e73-8b82-6fc70a227cc4
2025-04-23 15:47:23,288 [29e49559-ca15-4e73-8b82-6fc70a227cc4-groupManagement] INFO  util.JmxRegister (JmxRegister.java:register(58)) - register mxBean class org.apache.ratis.server.impl.RaftServerJmxAdapter as Ratis:service=RaftServer,group=group-91716850738C,id=29e49559-ca15-4e73-8b82-6fc70a227cc4
2025-04-23 15:47:23,288 [29e49559-ca15-4e73-8b82-6fc70a227cc4@group-91716850738C-FollowerState] INFO  server.RaftServerConfigKeys (ConfUtils.java:logGet(46)) - raft.server.rpc.first-election.timeout.max = 1200ms (custom)
2025-04-23 15:47:23,288 [29e49559-ca15-4e73-8b82-6fc70a227cc4-groupManagement] INFO  server.RaftServerConfigKeys (ConfUtils.java:logGet(46)) - raft.server.snapshot.trigger-when-stop.enabled = true (default)
2025-04-23 15:47:23,288 [29e49559-ca15-4e73-8b82-6fc70a227cc4-groupManagement] INFO  server.RaftServerConfigKeys (ConfUtils.java:logGet(46)) - raft.server.snapshot.trigger-when-remove.enabled = true (default)
2025-04-23 15:47:23,288 [29e49559-ca15-4e73-8b82-6fc70a227cc4-groupManagement] INFO  server.RaftServerConfigKeys (ConfUtils.java:logGet(46)) - raft.server.snapshot.auto.trigger.enabled = true (custom)
2025-04-23 15:47:23,288 [29e49559-ca15-4e73-8b82-6fc70a227cc4-groupManagement] INFO  server.RaftServerConfigKeys (ConfUtils.java:logGet(46)) - raft.server.snapshot.auto.trigger.threshold = 100000 (custom)
2025-04-23 15:47:23,288 [29e49559-ca15-4e73-8b82-6fc70a227cc4-groupManagement] INFO  server.RaftServerConfigKeys (ConfUtils.java:logGet(46)) - raft.server.snapshot.retention.file.num = 5 (custom)
2025-04-23 15:47:23,288 [29e49559-ca15-4e73-8b82-6fc70a227cc4-groupManagement] INFO  server.RaftServerConfigKeys (ConfUtils.java:logGet(46)) - raft.server.log.purge.upto.snapshot.index = false (default)
2025-04-23 15:47:23,289 [29e49559-ca15-4e73-8b82-6fc70a227cc4-groupManagement] INFO  server.RaftServer$Division (RaftServerImpl.java:start(405)) - 29e49559-ca15-4e73-8b82-6fc70a227cc4@group-91716850738C: Successfully started.
2025-04-23 15:47:23,289 [29e49559-ca15-4e73-8b82-6fc70a227cc4-PipelineCommandHandlerThread-0] INFO  ratis.XceiverServerRatis (XceiverServerRatis.java:addGroup(842)) - Created group PipelineID=03a0f193-b777-4f5e-ba3b-91716850738c
2025-04-23 15:47:23,289 [29e49559-ca15-4e73-8b82-6fc70a227cc4-PipelineCommandHandlerThread-0] INFO  commandhandler.CreatePipelineCommandHandler (CreatePipelineCommandHandler.java:lambda$handle$2(128)) - Created Pipeline RATIS ONE PipelineID=03a0f193-b777-4f5e-ba3b-91716850738c.
2025-04-23 15:47:23,558 [81823ae8-7d79-44ce-8d00-770ee83d4f4f@group-36CAF7977CC2-FollowerState] INFO  impl.FollowerState (FollowerState.java:runImpl(161)) - 81823ae8-7d79-44ce-8d00-770ee83d4f4f@group-36CAF7977CC2-FollowerState: change to CANDIDATE, lastRpcElapsedTime:1079509008ns, electionTimeout:1079ms
2025-04-23 15:47:23,558 [81823ae8-7d79-44ce-8d00-770ee83d4f4f@group-36CAF7977CC2-FollowerState] INFO  impl.RoleInfo (RoleInfo.java:shutdownFollowerState(121)) - 81823ae8-7d79-44ce-8d00-770ee83d4f4f: shutdown 81823ae8-7d79-44ce-8d00-770ee83d4f4f@group-36CAF7977CC2-FollowerState
2025-04-23 15:47:23,559 [81823ae8-7d79-44ce-8d00-770ee83d4f4f@group-36CAF7977CC2-FollowerState] INFO  server.RaftServer$Division (RaftServerImpl.java:setRole(378)) - 81823ae8-7d79-44ce-8d00-770ee83d4f4f@group-36CAF7977CC2: changes role from  FOLLOWER to CANDIDATE at term 0 for changeToCandidate
2025-04-23 15:47:23,559 [81823ae8-7d79-44ce-8d00-770ee83d4f4f@group-36CAF7977CC2-FollowerState] INFO  server.RaftServerConfigKeys (ConfUtils.java:logGet(46)) - raft.server.leaderelection.pre-vote = true (default)
2025-04-23 15:47:23,559 [81823ae8-7d79-44ce-8d00-770ee83d4f4f@group-36CAF7977CC2-FollowerState] INFO  impl.RoleInfo (RoleInfo.java:updateAndGet(148)) - 81823ae8-7d79-44ce-8d00-770ee83d4f4f: start 81823ae8-7d79-44ce-8d00-770ee83d4f4f@group-36CAF7977CC2-LeaderElection40
2025-04-23 15:47:23,559 [81823ae8-7d79-44ce-8d00-770ee83d4f4f@group-36CAF7977CC2-LeaderElection40] INFO  impl.LeaderElection (LeaderElection.java:askForVotes(332)) - 81823ae8-7d79-44ce-8d00-770ee83d4f4f@group-36CAF7977CC2-LeaderElection40 PRE_VOTE round 0: submit vote requests at term 0 for conf: {index: -1, cur=peers:[81823ae8-7d79-44ce-8d00-770ee83d4f4f|127.0.0.1:15073]|listeners:[], old=null}
2025-04-23 15:47:23,559 [81823ae8-7d79-44ce-8d00-770ee83d4f4f@group-36CAF7977CC2-LeaderElection40] INFO  impl.LeaderElection (LeaderElection.java:askForVotes(334)) - 81823ae8-7d79-44ce-8d00-770ee83d4f4f@group-36CAF7977CC2-LeaderElection40 PRE_VOTE round 0: result PASSED (term=0)
2025-04-23 15:47:23,560 [81823ae8-7d79-44ce-8d00-770ee83d4f4f@group-36CAF7977CC2-LeaderElection40] INFO  impl.LeaderElection (LeaderElection.java:askForVotes(332)) - 81823ae8-7d79-44ce-8d00-770ee83d4f4f@group-36CAF7977CC2-LeaderElection40 ELECTION round 0: submit vote requests at term 1 for conf: {index: -1, cur=peers:[81823ae8-7d79-44ce-8d00-770ee83d4f4f|127.0.0.1:15073]|listeners:[], old=null}
2025-04-23 15:47:23,560 [81823ae8-7d79-44ce-8d00-770ee83d4f4f@group-36CAF7977CC2-LeaderElection40] INFO  impl.LeaderElection (LeaderElection.java:askForVotes(334)) - 81823ae8-7d79-44ce-8d00-770ee83d4f4f@group-36CAF7977CC2-LeaderElection40 ELECTION round 0: result PASSED (term=1)
2025-04-23 15:47:23,560 [81823ae8-7d79-44ce-8d00-770ee83d4f4f@group-36CAF7977CC2-LeaderElection40] INFO  impl.RoleInfo (RoleInfo.java:shutdownLeaderElection(141)) - 81823ae8-7d79-44ce-8d00-770ee83d4f4f: shutdown 81823ae8-7d79-44ce-8d00-770ee83d4f4f@group-36CAF7977CC2-LeaderElection40
2025-04-23 15:47:23,560 [81823ae8-7d79-44ce-8d00-770ee83d4f4f@group-36CAF7977CC2-LeaderElection40] INFO  server.RaftServer$Division (RaftServerImpl.java:setRole(378)) - 81823ae8-7d79-44ce-8d00-770ee83d4f4f@group-36CAF7977CC2: changes role from CANDIDATE to LEADER at term 1 for changeToLeader
2025-04-23 15:47:23,560 [81823ae8-7d79-44ce-8d00-770ee83d4f4f@group-36CAF7977CC2-LeaderElection40] INFO  server.RaftServerConfigKeys (ConfUtils.java:logGet(46)) - raft.server.staging.catchup.gap = 1000 (default)
2025-04-23 15:47:23,561 [81823ae8-7d79-44ce-8d00-770ee83d4f4f@group-36CAF7977CC2-LeaderElection40] INFO  server.RaftServerConfigKeys (ConfUtils.java:logGet(46)) - raft.server.write.element-limit = 1024 (custom)
2025-04-23 15:47:23,561 [81823ae8-7d79-44ce-8d00-770ee83d4f4f@group-36CAF7977CC2-LeaderElection40] INFO  server.RaftServerConfigKeys (ConfUtils.java:logGet(46)) - raft.server.write.byte-limit = 1024 M (=1073741824) (custom)
2025-04-23 15:47:23,561 [81823ae8-7d79-44ce-8d00-770ee83d4f4f@group-36CAF7977CC2-LeaderElection40] INFO  server.RaftServerConfigKeys (ConfUtils.java:logGet(46)) - raft.server.watch.timeout = 30s (custom)
2025-04-23 15:47:23,561 [81823ae8-7d79-44ce-8d00-770ee83d4f4f@group-36CAF7977CC2-LeaderElection40] INFO  server.RaftServerConfigKeys (ConfUtils.java:logGet(46)) - raft.server.watch.timeout.denomination = 1s (default)
2025-04-23 15:47:23,561 [81823ae8-7d79-44ce-8d00-770ee83d4f4f@group-36CAF7977CC2-LeaderElection40] INFO  server.RaftServerConfigKeys (ConfUtils.java:logGet(46)) - raft.server.watch.element-limit = 65536 (default)
2025-04-23 15:47:23,561 [81823ae8-7d79-44ce-8d00-770ee83d4f4f@group-36CAF7977CC2-LeaderElection40] INFO  server.RaftServerConfigKeys (ConfUtils.java:logGet(46)) - raft.server.read.leader.lease.enabled = false (default)
2025-04-23 15:47:23,561 [81823ae8-7d79-44ce-8d00-770ee83d4f4f@group-36CAF7977CC2-LeaderElection40] INFO  server.RaftServerConfigKeys (ConfUtils.java:logGet(46)) - raft.server.read.leader.lease.timeout.ratio = 0.9 (default)
2025-04-23 15:47:23,561 [81823ae8-7d79-44ce-8d00-770ee83d4f4f@group-36CAF7977CC2-LeaderElection40] INFO  server.RaftServerConfigKeys (ConfUtils.java:logGet(46)) - raft.server.rpc.timeout.min = 5s (custom)
2025-04-23 15:47:23,561 [81823ae8-7d79-44ce-8d00-770ee83d4f4f@group-36CAF7977CC2-LeaderElection40] INFO  server.RaftServerConfigKeys (ConfUtils.java:logGet(46)) - raft.server.log.log-metadata.enabled = true (default)
2025-04-23 15:47:23,561 [81823ae8-7d79-44ce-8d00-770ee83d4f4f@group-36CAF7977CC2-LeaderElection40] INFO  server.RaftServerConfigKeys (ConfUtils.java:logGet(46)) - raft.server.write.element-limit = 1024 (custom)
2025-04-23 15:47:23,561 [81823ae8-7d79-44ce-8d00-770ee83d4f4f@group-36CAF7977CC2-LeaderElection40] INFO  server.RaftServerConfigKeys (ConfUtils.java:logGet(46)) - raft.server.write.follower.gap.ratio.max = -1.0 (default)
2025-04-23 15:47:23,561 [81823ae8-7d79-44ce-8d00-770ee83d4f4f@group-36CAF7977CC2-LeaderElection40] INFO  impl.RoleInfo (RoleInfo.java:updateAndGet(148)) - 81823ae8-7d79-44ce-8d00-770ee83d4f4f: start 81823ae8-7d79-44ce-8d00-770ee83d4f4f@group-36CAF7977CC2-LeaderStateImpl
2025-04-23 15:47:23,561 [81823ae8-7d79-44ce-8d00-770ee83d4f4f@group-36CAF7977CC2-LeaderElection40] INFO  server.RaftServer$Division (RaftServerImpl.java:setFirstElection(562)) - 81823ae8-7d79-44ce-8d00-770ee83d4f4f@group-36CAF7977CC2: set firstElectionSinceStartup to false for becomeLeader
2025-04-23 15:47:23,561 [81823ae8-7d79-44ce-8d00-770ee83d4f4f@group-36CAF7977CC2-LeaderElection40] INFO  ratis.XceiverServerRatis (XceiverServerRatis.java:handleLeaderChangedNotification(942)) - Leader change notification received for group: group-36CAF7977CC2 with new leaderId: 81823ae8-7d79-44ce-8d00-770ee83d4f4f
2025-04-23 15:47:23,561 [81823ae8-7d79-44ce-8d00-770ee83d4f4f@group-36CAF7977CC2-LeaderElection40] INFO  server.RaftServer$Division (ServerState.java:setLeader(272)) - 81823ae8-7d79-44ce-8d00-770ee83d4f4f@group-36CAF7977CC2: change Leader from null to 81823ae8-7d79-44ce-8d00-770ee83d4f4f at term 1 for becomeLeader, leader elected after 1095ms
2025-04-23 15:47:23,562 [81823ae8-7d79-44ce-8d00-770ee83d4f4f@group-36CAF7977CC2-LeaderElection40] INFO  segmented.SegmentedRaftLogWorker (SegmentedRaftLogWorker.java:startLogSegment(438)) - 81823ae8-7d79-44ce-8d00-770ee83d4f4f@group-36CAF7977CC2-SegmentedRaftLogWorker: Starting segment from index:0
2025-04-23 15:47:23,562 [81823ae8-7d79-44ce-8d00-770ee83d4f4f@group-36CAF7977CC2-LeaderElection40] INFO  server.RaftServer$Division (ServerState.java:setRaftConf(386)) - 81823ae8-7d79-44ce-8d00-770ee83d4f4f@group-36CAF7977CC2: set configuration conf: {index: 0, cur=peers:[81823ae8-7d79-44ce-8d00-770ee83d4f4f|127.0.0.1:15073]|listeners:[], old=null}
2025-04-23 15:47:23,562 [81823ae8-7d79-44ce-8d00-770ee83d4f4f@group-36CAF7977CC2-SegmentedRaftLogWorker] INFO  segmented.BufferedWriteChannel (BufferedWriteChannel.java:open(61)) - open log_inprogress_0 at position 0
2025-04-23 15:47:23,563 [EventQueue-OpenPipelineForHealthyPipelineSafeModeRule] INFO  safemode.SCMSafeModeManager (HealthyPipelineSafeModeRule.java:process(141)) - SCM in safe mode. Healthy pipelines reported count is 0, required healthy pipeline reported count is 1
2025-04-23 15:47:23,571 [81823ae8-7d79-44ce-8d00-770ee83d4f4f@group-36CAF7977CC2-SegmentedRaftLogWorker] INFO  segmented.SegmentedRaftLogWorker (SegmentedRaftLogWorker.java:execute(644)) - 81823ae8-7d79-44ce-8d00-770ee83d4f4f@group-36CAF7977CC2-SegmentedRaftLogWorker: created new log segment /home/runner/work/ozone/ozone/hadoop-ozone/integration-test/target/test-dir/MiniOzoneClusterImpl-11ed033c-ec90-4580-9385-902e6658689d/ozone-meta/datanode-2/ratis/4c31b59a-917e-49b9-9399-36caf7977cc2/current/log_inprogress_0
2025-04-23 15:47:23,572 [81823ae8-7d79-44ce-8d00-770ee83d4f4f@group-36CAF7977CC2-StateMachineUpdater] INFO  server.RaftServer$Division (LeaderStateImpl.java:checkStartIndex(313)) - Leader 81823ae8-7d79-44ce-8d00-770ee83d4f4f@group-36CAF7977CC2-LeaderStateImpl is ready since appliedIndex == startIndex == 0
2025-04-23 15:47:23,621 [81823ae8-7d79-44ce-8d00-770ee83d4f4f@group-DB58B9470A99-FollowerState] INFO  impl.FollowerState (FollowerState.java:runImpl(161)) - 81823ae8-7d79-44ce-8d00-770ee83d4f4f@group-DB58B9470A99-FollowerState: change to CANDIDATE, lastRpcElapsedTime:1127694911ns, electionTimeout:1127ms
2025-04-23 15:47:23,621 [81823ae8-7d79-44ce-8d00-770ee83d4f4f@group-DB58B9470A99-FollowerState] INFO  impl.RoleInfo (RoleInfo.java:shutdownFollowerState(121)) - 81823ae8-7d79-44ce-8d00-770ee83d4f4f: shutdown 81823ae8-7d79-44ce-8d00-770ee83d4f4f@group-DB58B9470A99-FollowerState
2025-04-23 15:47:23,621 [81823ae8-7d79-44ce-8d00-770ee83d4f4f@group-DB58B9470A99-FollowerState] INFO  server.RaftServer$Division (RaftServerImpl.java:setRole(378)) - 81823ae8-7d79-44ce-8d00-770ee83d4f4f@group-DB58B9470A99: changes role from  FOLLOWER to CANDIDATE at term 0 for changeToCandidate
2025-04-23 15:47:23,621 [81823ae8-7d79-44ce-8d00-770ee83d4f4f@group-DB58B9470A99-FollowerState] INFO  server.RaftServerConfigKeys (ConfUtils.java:logGet(46)) - raft.server.leaderelection.pre-vote = true (default)
2025-04-23 15:47:23,622 [81823ae8-7d79-44ce-8d00-770ee83d4f4f@group-DB58B9470A99-FollowerState] INFO  impl.RoleInfo (RoleInfo.java:updateAndGet(148)) - 81823ae8-7d79-44ce-8d00-770ee83d4f4f: start 81823ae8-7d79-44ce-8d00-770ee83d4f4f@group-DB58B9470A99-LeaderElection41
2025-04-23 15:47:23,626 [81823ae8-7d79-44ce-8d00-770ee83d4f4f@group-415D9042B882-FollowerState] INFO  impl.FollowerState (FollowerState.java:runImpl(161)) - 81823ae8-7d79-44ce-8d00-770ee83d4f4f@group-415D9042B882-FollowerState: change to CANDIDATE, lastRpcElapsedTime:1069919191ns, electionTimeout:1069ms
2025-04-23 15:47:23,626 [81823ae8-7d79-44ce-8d00-770ee83d4f4f@group-415D9042B882-FollowerState] INFO  impl.RoleInfo (RoleInfo.java:shutdownFollowerState(121)) - 81823ae8-7d79-44ce-8d00-770ee83d4f4f: shutdown 81823ae8-7d79-44ce-8d00-770ee83d4f4f@group-415D9042B882-FollowerState
2025-04-23 15:47:23,626 [81823ae8-7d79-44ce-8d00-770ee83d4f4f@group-415D9042B882-FollowerState] INFO  server.RaftServer$Division (RaftServerImpl.java:setRole(378)) - 81823ae8-7d79-44ce-8d00-770ee83d4f4f@group-415D9042B882: changes role from  FOLLOWER to CANDIDATE at term 0 for changeToCandidate
2025-04-23 15:47:23,626 [81823ae8-7d79-44ce-8d00-770ee83d4f4f@group-415D9042B882-FollowerState] INFO  server.RaftServerConfigKeys (ConfUtils.java:logGet(46)) - raft.server.leaderelection.pre-vote = true (default)
2025-04-23 15:47:23,626 [81823ae8-7d79-44ce-8d00-770ee83d4f4f@group-415D9042B882-FollowerState] INFO  impl.RoleInfo (RoleInfo.java:updateAndGet(148)) - 81823ae8-7d79-44ce-8d00-770ee83d4f4f: start 81823ae8-7d79-44ce-8d00-770ee83d4f4f@group-415D9042B882-LeaderElection42
2025-04-23 15:47:23,626 [81823ae8-7d79-44ce-8d00-770ee83d4f4f@group-DB58B9470A99-LeaderElection41] INFO  impl.LeaderElection (LeaderElection.java:askForVotes(332)) - 81823ae8-7d79-44ce-8d00-770ee83d4f4f@group-DB58B9470A99-LeaderElection41 PRE_VOTE round 0: submit vote requests at term 0 for conf: {index: -1, cur=peers:[81823ae8-7d79-44ce-8d00-770ee83d4f4f|127.0.0.1:15073, cd535dae-68a6-4b81-b820-5294621ff3cf|127.0.0.1:15081, 29e49559-ca15-4e73-8b82-6fc70a227cc4|127.0.0.1:15065]|listeners:[], old=null}
2025-04-23 15:47:23,626 [81823ae8-7d79-44ce-8d00-770ee83d4f4f@group-415D9042B882-LeaderElection42] INFO  impl.LeaderElection (LeaderElection.java:askForVotes(332)) - 81823ae8-7d79-44ce-8d00-770ee83d4f4f@group-415D9042B882-LeaderElection42 PRE_VOTE round 0: submit vote requests at term 0 for conf: {index: -1, cur=peers:[81823ae8-7d79-44ce-8d00-770ee83d4f4f|127.0.0.1:15073, cd535dae-68a6-4b81-b820-5294621ff3cf|127.0.0.1:15081, 29e49559-ca15-4e73-8b82-6fc70a227cc4|127.0.0.1:15065]|listeners:[], old=null}
2025-04-23 15:47:23,627 [81823ae8-7d79-44ce-8d00-770ee83d4f4f@group-DB58B9470A99-LeaderElection41-1] INFO  server.GrpcServerProtocolClient (GrpcServerProtocolClient.java:<init>(65)) - Build channel for cd535dae-68a6-4b81-b820-5294621ff3cf|127.0.0.1:15081
2025-04-23 15:47:23,627 [81823ae8-7d79-44ce-8d00-770ee83d4f4f@group-DB58B9470A99-LeaderElection41] INFO  server.RaftServerConfigKeys (ConfUtils.java:logGet(46)) - raft.server.rpc.first-election.timeout.min = 1000ms (custom)
2025-04-23 15:47:23,627 [81823ae8-7d79-44ce-8d00-770ee83d4f4f@group-DB58B9470A99-LeaderElection41] INFO  server.RaftServerConfigKeys (ConfUtils.java:logGet(46)) - raft.server.rpc.first-election.timeout.max = 1200ms (custom)
2025-04-23 15:47:23,627 [81823ae8-7d79-44ce-8d00-770ee83d4f4f@group-DB58B9470A99-LeaderElection41-2] INFO  server.GrpcServerProtocolClient (GrpcServerProtocolClient.java:<init>(65)) - Build channel for 29e49559-ca15-4e73-8b82-6fc70a227cc4|127.0.0.1:15065
2025-04-23 15:47:23,627 [81823ae8-7d79-44ce-8d00-770ee83d4f4f@group-415D9042B882-LeaderElection42] INFO  server.RaftServerConfigKeys (ConfUtils.java:logGet(46)) - raft.server.rpc.first-election.timeout.min = 1000ms (custom)
2025-04-23 15:47:23,627 [81823ae8-7d79-44ce-8d00-770ee83d4f4f@group-415D9042B882-LeaderElection42] INFO  server.RaftServerConfigKeys (ConfUtils.java:logGet(46)) - raft.server.rpc.first-election.timeout.max = 1200ms (custom)
2025-04-23 15:47:23,630 [grpc-default-executor-2] INFO  server.RaftServer$Division (RaftServerImpl.java:requestVote(1407)) - cd535dae-68a6-4b81-b820-5294621ff3cf@group-DB58B9470A99: receive requestVote(PRE_VOTE, 81823ae8-7d79-44ce-8d00-770ee83d4f4f, group-DB58B9470A99, 0, (t:0, i:0))
2025-04-23 15:47:23,630 [grpc-default-executor-4] INFO  server.RaftServer$Division (RaftServerImpl.java:requestVote(1407)) - 29e49559-ca15-4e73-8b82-6fc70a227cc4@group-DB58B9470A99: receive requestVote(PRE_VOTE, 81823ae8-7d79-44ce-8d00-770ee83d4f4f, group-DB58B9470A99, 0, (t:0, i:0))
2025-04-23 15:47:23,631 [grpc-default-executor-2] INFO  impl.VoteContext (VoteContext.java:log(49)) - cd535dae-68a6-4b81-b820-5294621ff3cf@group-DB58B9470A99-FOLLOWER: accept PRE_VOTE from 81823ae8-7d79-44ce-8d00-770ee83d4f4f: our priority 0 <= candidate's priority 1
2025-04-23 15:47:23,630 [grpc-default-executor-7] INFO  server.RaftServer$Division (RaftServerImpl.java:requestVote(1407)) - cd535dae-68a6-4b81-b820-5294621ff3cf@group-415D9042B882: receive requestVote(PRE_VOTE, 81823ae8-7d79-44ce-8d00-770ee83d4f4f, group-415D9042B882, 0, (t:0, i:0))
2025-04-23 15:47:23,630 [grpc-default-executor-0] INFO  server.RaftServer$Division (RaftServerImpl.java:requestVote(1407)) - 29e49559-ca15-4e73-8b82-6fc70a227cc4@group-415D9042B882: receive requestVote(PRE_VOTE, 81823ae8-7d79-44ce-8d00-770ee83d4f4f, group-415D9042B882, 0, (t:0, i:0))
2025-04-23 15:47:23,631 [grpc-default-executor-7] INFO  impl.VoteContext (VoteContext.java:log(49)) - cd535dae-68a6-4b81-b820-5294621ff3cf@group-415D9042B882-FOLLOWER: accept PRE_VOTE from 81823ae8-7d79-44ce-8d00-770ee83d4f4f: our priority 0 <= candidate's priority 0
2025-04-23 15:47:23,631 [grpc-default-executor-0] INFO  impl.VoteContext (VoteContext.java:log(49)) - 29e49559-ca15-4e73-8b82-6fc70a227cc4@group-415D9042B882-FOLLOWER: reject PRE_VOTE from 81823ae8-7d79-44ce-8d00-770ee83d4f4f: our priority 1 > candidate's priority 0
2025-04-23 15:47:23,631 [grpc-default-executor-0] INFO  server.RaftServer$Division (RaftServerImpl.java:requestVote(1441)) - 29e49559-ca15-4e73-8b82-6fc70a227cc4@group-415D9042B882 replies to PRE_VOTE vote request: 81823ae8-7d79-44ce-8d00-770ee83d4f4f<-29e49559-ca15-4e73-8b82-6fc70a227cc4#0:FAIL-t0. Peer's state: 29e49559-ca15-4e73-8b82-6fc70a227cc4@group-415D9042B882:t0, leader=null, voted=, raftlog=Memoized:29e49559-ca15-4e73-8b82-6fc70a227cc4@group-415D9042B882-SegmentedRaftLog:OPENED:c-1:lastnull, conf=conf: {index: -1, cur=peers:[81823ae8-7d79-44ce-8d00-770ee83d4f4f|127.0.0.1:15073, cd535dae-68a6-4b81-b820-5294621ff3cf|127.0.0.1:15081, 29e49559-ca15-4e73-8b82-6fc70a227cc4|127.0.0.1:15065]|listeners:[], old=null}
2025-04-23 15:47:23,631 [grpc-default-executor-2] INFO  server.RaftServer$Division (RaftServerImpl.java:requestVote(1441)) - cd535dae-68a6-4b81-b820-5294621ff3cf@group-DB58B9470A99 replies to PRE_VOTE vote request: 81823ae8-7d79-44ce-8d00-770ee83d4f4f<-cd535dae-68a6-4b81-b820-5294621ff3cf#0:OK-t0. Peer's state: cd535dae-68a6-4b81-b820-5294621ff3cf@group-DB58B9470A99:t0, leader=null, voted=, raftlog=Memoized:cd535dae-68a6-4b81-b820-5294621ff3cf@group-DB58B9470A99-SegmentedRaftLog:OPENED:c-1:lastnull, conf=conf: {index: -1, cur=peers:[81823ae8-7d79-44ce-8d00-770ee83d4f4f|127.0.0.1:15073, cd535dae-68a6-4b81-b820-5294621ff3cf|127.0.0.1:15081, 29e49559-ca15-4e73-8b82-6fc70a227cc4|127.0.0.1:15065]|listeners:[], old=null}
2025-04-23 15:47:23,632 [81823ae8-7d79-44ce-8d00-770ee83d4f4f@group-415D9042B882-LeaderElection42] INFO  impl.LeaderElection (LeaderElection.java:logAndReturn(90)) - 81823ae8-7d79-44ce-8d00-770ee83d4f4f@group-415D9042B882-LeaderElection42: PRE_VOTE REJECTED received 1 response(s) and 0 exception(s):
2025-04-23 15:47:23,632 [81823ae8-7d79-44ce-8d00-770ee83d4f4f@group-415D9042B882-LeaderElection42] INFO  impl.LeaderElection (LeaderElection.java:logAndReturn(94)) -   Response 0: 81823ae8-7d79-44ce-8d00-770ee83d4f4f<-29e49559-ca15-4e73-8b82-6fc70a227cc4#0:FAIL-t0
2025-04-23 15:47:23,632 [81823ae8-7d79-44ce-8d00-770ee83d4f4f@group-415D9042B882-LeaderElection42] INFO  impl.LeaderElection (LeaderElection.java:askForVotes(334)) - 81823ae8-7d79-44ce-8d00-770ee83d4f4f@group-415D9042B882-LeaderElection42 PRE_VOTE round 0: result REJECTED
2025-04-23 15:47:23,632 [81823ae8-7d79-44ce-8d00-770ee83d4f4f@group-415D9042B882-LeaderElection42] INFO  server.RaftServer$Division (RaftServerImpl.java:setRole(378)) - 81823ae8-7d79-44ce-8d00-770ee83d4f4f@group-415D9042B882: changes role from CANDIDATE to FOLLOWER at term 0 for REJECTED
2025-04-23 15:47:23,632 [81823ae8-7d79-44ce-8d00-770ee83d4f4f@group-415D9042B882-LeaderElection42] INFO  impl.RoleInfo (RoleInfo.java:shutdownLeaderElection(141)) - 81823ae8-7d79-44ce-8d00-770ee83d4f4f: shutdown 81823ae8-7d79-44ce-8d00-770ee83d4f4f@group-415D9042B882-LeaderElection42
2025-04-23 15:47:23,631 [grpc-default-executor-4] INFO  impl.VoteContext (VoteContext.java:log(49)) - 29e49559-ca15-4e73-8b82-6fc70a227cc4@group-DB58B9470A99-FOLLOWER: accept PRE_VOTE from 81823ae8-7d79-44ce-8d00-770ee83d4f4f: our priority 0 <= candidate's priority 1
2025-04-23 15:47:23,632 [grpc-default-executor-4] INFO  server.RaftServer$Division (RaftServerImpl.java:requestVote(1441)) - 29e49559-ca15-4e73-8b82-6fc70a227cc4@group-DB58B9470A99 replies to PRE_VOTE vote request: 81823ae8-7d79-44ce-8d00-770ee83d4f4f<-29e49559-ca15-4e73-8b82-6fc70a227cc4#0:OK-t0. Peer's state: 29e49559-ca15-4e73-8b82-6fc70a227cc4@group-DB58B9470A99:t0, leader=null, voted=, raftlog=Memoized:29e49559-ca15-4e73-8b82-6fc70a227cc4@group-DB58B9470A99-SegmentedRaftLog:OPENED:c-1:lastnull, conf=conf: {index: -1, cur=peers:[81823ae8-7d79-44ce-8d00-770ee83d4f4f|127.0.0.1:15073, cd535dae-68a6-4b81-b820-5294621ff3cf|127.0.0.1:15081, 29e49559-ca15-4e73-8b82-6fc70a227cc4|127.0.0.1:15065]|listeners:[], old=null}
2025-04-23 15:47:23,632 [81823ae8-7d79-44ce-8d00-770ee83d4f4f@group-415D9042B882-LeaderElection42] INFO  impl.RoleInfo (RoleInfo.java:updateAndGet(148)) - 81823ae8-7d79-44ce-8d00-770ee83d4f4f: start 81823ae8-7d79-44ce-8d00-770ee83d4f4f@group-415D9042B882-FollowerState
2025-04-23 15:47:23,632 [81823ae8-7d79-44ce-8d00-770ee83d4f4f@group-415D9042B882-LeaderElection42] INFO  server.RaftServer$Division (RaftServerImpl.java:setFirstElection(562)) - 81823ae8-7d79-44ce-8d00-770ee83d4f4f@group-415D9042B882: set firstElectionSinceStartup to false for REJECTED
2025-04-23 15:47:23,631 [grpc-default-executor-7] INFO  server.RaftServer$Division (RaftServerImpl.java:requestVote(1441)) - cd535dae-68a6-4b81-b820-5294621ff3cf@group-415D9042B882 replies to PRE_VOTE vote request: 81823ae8-7d79-44ce-8d00-770ee83d4f4f<-cd535dae-68a6-4b81-b820-5294621ff3cf#0:OK-t0. Peer's state: cd535dae-68a6-4b81-b820-5294621ff3cf@group-415D9042B882:t0, leader=null, voted=, raftlog=Memoized:cd535dae-68a6-4b81-b820-5294621ff3cf@group-415D9042B882-SegmentedRaftLog:OPENED:c-1:lastnull, conf=conf: {index: -1, cur=peers:[81823ae8-7d79-44ce-8d00-770ee83d4f4f|127.0.0.1:15073, cd535dae-68a6-4b81-b820-5294621ff3cf|127.0.0.1:15081, 29e49559-ca15-4e73-8b82-6fc70a227cc4|127.0.0.1:15065]|listeners:[], old=null}
2025-04-23 15:47:23,633 [81823ae8-7d79-44ce-8d00-770ee83d4f4f@group-DB58B9470A99-LeaderElection41] INFO  impl.LeaderElection (LeaderElection.java:logAndReturn(90)) - 81823ae8-7d79-44ce-8d00-770ee83d4f4f@group-DB58B9470A99-LeaderElection41: PRE_VOTE PASSED received 1 response(s) and 0 exception(s):
2025-04-23 15:47:23,633 [81823ae8-7d79-44ce-8d00-770ee83d4f4f@group-DB58B9470A99-LeaderElection41] INFO  impl.LeaderElection (LeaderElection.java:logAndReturn(94)) -   Response 0: 81823ae8-7d79-44ce-8d00-770ee83d4f4f<-cd535dae-68a6-4b81-b820-5294621ff3cf#0:OK-t0
2025-04-23 15:47:23,633 [81823ae8-7d79-44ce-8d00-770ee83d4f4f@group-DB58B9470A99-LeaderElection41] INFO  impl.LeaderElection (LeaderElection.java:askForVotes(334)) - 81823ae8-7d79-44ce-8d00-770ee83d4f4f@group-DB58B9470A99-LeaderElection41 PRE_VOTE round 0: result PASSED
2025-04-23 15:47:23,634 [81823ae8-7d79-44ce-8d00-770ee83d4f4f@group-DB58B9470A99-LeaderElection41] INFO  impl.LeaderElection (LeaderElection.java:askForVotes(332)) - 81823ae8-7d79-44ce-8d00-770ee83d4f4f@group-DB58B9470A99-LeaderElection41 ELECTION round 0: submit vote requests at term 1 for conf: {index: -1, cur=peers:[81823ae8-7d79-44ce-8d00-770ee83d4f4f|127.0.0.1:15073, cd535dae-68a6-4b81-b820-5294621ff3cf|127.0.0.1:15081, 29e49559-ca15-4e73-8b82-6fc70a227cc4|127.0.0.1:15065]|listeners:[], old=null}
2025-04-23 15:47:23,635 [81823ae8-7d79-44ce-8d00-770ee83d4f4f@group-DB58B9470A99-LeaderElection41] INFO  server.RaftServerConfigKeys (ConfUtils.java:logGet(46)) - raft.server.rpc.first-election.timeout.min = 1000ms (custom)
2025-04-23 15:47:23,635 [81823ae8-7d79-44ce-8d00-770ee83d4f4f@group-DB58B9470A99-LeaderElection41] INFO  server.RaftServerConfigKeys (ConfUtils.java:logGet(46)) - raft.server.rpc.first-election.timeout.max = 1200ms (custom)
2025-04-23 15:47:23,635 [grpc-default-executor-4] INFO  server.RaftServer$Division (RaftServerImpl.java:requestVote(1407)) - cd535dae-68a6-4b81-b820-5294621ff3cf@group-DB58B9470A99: receive requestVote(ELECTION, 81823ae8-7d79-44ce-8d00-770ee83d4f4f, group-DB58B9470A99, 1, (t:0, i:0))
2025-04-23 15:47:23,636 [grpc-default-executor-4] INFO  impl.VoteContext (VoteContext.java:log(49)) - cd535dae-68a6-4b81-b820-5294621ff3cf@group-DB58B9470A99-FOLLOWER: accept ELECTION from 81823ae8-7d79-44ce-8d00-770ee83d4f4f: our priority 0 <= candidate's priority 1
2025-04-23 15:47:23,636 [grpc-default-executor-4] INFO  server.RaftServer$Division (RaftServerImpl.java:setRole(378)) - cd535dae-68a6-4b81-b820-5294621ff3cf@group-DB58B9470A99: changes role from  FOLLOWER to FOLLOWER at term 0 for candidate:81823ae8-7d79-44ce-8d00-770ee83d4f4f
2025-04-23 15:47:23,636 [grpc-default-executor-4] INFO  impl.RoleInfo (RoleInfo.java:shutdownFollowerState(121)) - cd535dae-68a6-4b81-b820-5294621ff3cf: shutdown cd535dae-68a6-4b81-b820-5294621ff3cf@group-DB58B9470A99-FollowerState
2025-04-23 15:47:23,636 [grpc-default-executor-4] INFO  impl.RoleInfo (RoleInfo.java:updateAndGet(148)) - cd535dae-68a6-4b81-b820-5294621ff3cf: start cd535dae-68a6-4b81-b820-5294621ff3cf@group-DB58B9470A99-FollowerState
2025-04-23 15:47:23,636 [grpc-default-executor-7] INFO  server.RaftServer$Division (RaftServerImpl.java:requestVote(1407)) - 29e49559-ca15-4e73-8b82-6fc70a227cc4@group-DB58B9470A99: receive requestVote(ELECTION, 81823ae8-7d79-44ce-8d00-770ee83d4f4f, group-DB58B9470A99, 1, (t:0, i:0))
2025-04-23 15:47:23,636 [grpc-default-executor-7] INFO  impl.VoteContext (VoteContext.java:log(49)) - 29e49559-ca15-4e73-8b82-6fc70a227cc4@group-DB58B9470A99-FOLLOWER: accept ELECTION from 81823ae8-7d79-44ce-8d00-770ee83d4f4f: our priority 0 <= candidate's priority 1
2025-04-23 15:47:23,636 [grpc-default-executor-7] INFO  server.RaftServer$Division (RaftServerImpl.java:setRole(378)) - 29e49559-ca15-4e73-8b82-6fc70a227cc4@group-DB58B9470A99: changes role from  FOLLOWER to FOLLOWER at term 0 for candidate:81823ae8-7d79-44ce-8d00-770ee83d4f4f
2025-04-23 15:47:23,636 [grpc-default-executor-7] INFO  impl.RoleInfo (RoleInfo.java:shutdownFollowerState(121)) - 29e49559-ca15-4e73-8b82-6fc70a227cc4: shutdown 29e49559-ca15-4e73-8b82-6fc70a227cc4@group-DB58B9470A99-FollowerState
2025-04-23 15:47:23,636 [cd535dae-68a6-4b81-b820-5294621ff3cf@group-DB58B9470A99-FollowerState] INFO  server.RaftServerConfigKeys (ConfUtils.java:logGet(46)) - raft.server.rpc.first-election.timeout.min = 1000ms (custom)
2025-04-23 15:47:23,636 [cd535dae-68a6-4b81-b820-5294621ff3cf@group-DB58B9470A99-FollowerState] INFO  impl.FollowerState (FollowerState.java:runImpl(170)) - cd535dae-68a6-4b81-b820-5294621ff3cf@group-DB58B9470A99-FollowerState was interrupted
2025-04-23 15:47:23,636 [grpc-default-executor-4] INFO  server.RaftServer$Division (RaftServerImpl.java:setFirstElection(562)) - cd535dae-68a6-4b81-b820-5294621ff3cf@group-DB58B9470A99: set firstElectionSinceStartup to false for candidate:81823ae8-7d79-44ce-8d00-770ee83d4f4f
2025-04-23 15:47:23,636 [cd535dae-68a6-4b81-b820-5294621ff3cf@group-DB58B9470A99-FollowerState] INFO  server.RaftServerConfigKeys (ConfUtils.java:logGet(46)) - raft.server.rpc.first-election.timeout.max = 1200ms (custom)
2025-04-23 15:47:23,636 [grpc-default-executor-7] INFO  impl.RoleInfo (RoleInfo.java:updateAndGet(148)) - 29e49559-ca15-4e73-8b82-6fc70a227cc4: start 29e49559-ca15-4e73-8b82-6fc70a227cc4@group-DB58B9470A99-FollowerState
2025-04-23 15:47:23,637 [29e49559-ca15-4e73-8b82-6fc70a227cc4@group-DB58B9470A99-FollowerState] INFO  impl.FollowerState (FollowerState.java:runImpl(170)) - 29e49559-ca15-4e73-8b82-6fc70a227cc4@group-DB58B9470A99-FollowerState was interrupted
2025-04-23 15:47:23,637 [grpc-default-executor-7] INFO  server.RaftServer$Division (RaftServerImpl.java:setFirstElection(562)) - 29e49559-ca15-4e73-8b82-6fc70a227cc4@group-DB58B9470A99: set firstElectionSinceStartup to false for candidate:81823ae8-7d79-44ce-8d00-770ee83d4f4f
2025-04-23 15:47:23,638 [grpc-default-executor-4] INFO  server.RaftServer$Division (RaftServerImpl.java:requestVote(1441)) - cd535dae-68a6-4b81-b820-5294621ff3cf@group-DB58B9470A99 replies to ELECTION vote request: 81823ae8-7d79-44ce-8d00-770ee83d4f4f<-cd535dae-68a6-4b81-b820-5294621ff3cf#0:OK-t1. Peer's state: cd535dae-68a6-4b81-b820-5294621ff3cf@group-DB58B9470A99:t1, leader=null, voted=81823ae8-7d79-44ce-8d00-770ee83d4f4f, raftlog=Memoized:cd535dae-68a6-4b81-b820-5294621ff3cf@group-DB58B9470A99-SegmentedRaftLog:OPENED:c-1:lastnull, conf=conf: {index: -1, cur=peers:[81823ae8-7d79-44ce-8d00-770ee83d4f4f|127.0.0.1:15073, cd535dae-68a6-4b81-b820-5294621ff3cf|127.0.0.1:15081, 29e49559-ca15-4e73-8b82-6fc70a227cc4|127.0.0.1:15065]|listeners:[], old=null}
2025-04-23 15:47:23,638 [81823ae8-7d79-44ce-8d00-770ee83d4f4f@group-DB58B9470A99-LeaderElection41] INFO  impl.LeaderElection (LeaderElection.java:logAndReturn(90)) - 81823ae8-7d79-44ce-8d00-770ee83d4f4f@group-DB58B9470A99-LeaderElection41: ELECTION PASSED received 1 response(s) and 0 exception(s):
2025-04-23 15:47:23,638 [81823ae8-7d79-44ce-8d00-770ee83d4f4f@group-DB58B9470A99-LeaderElection41] INFO  impl.LeaderElection (LeaderElection.java:logAndReturn(94)) -   Response 0: 81823ae8-7d79-44ce-8d00-770ee83d4f4f<-cd535dae-68a6-4b81-b820-5294621ff3cf#0:OK-t1
2025-04-23 15:47:23,638 [81823ae8-7d79-44ce-8d00-770ee83d4f4f@group-DB58B9470A99-LeaderElection41] INFO  impl.LeaderElection (LeaderElection.java:askForVotes(334)) - 81823ae8-7d79-44ce-8d00-770ee83d4f4f@group-DB58B9470A99-LeaderElection41 ELECTION round 0: result PASSED
2025-04-23 15:47:23,638 [81823ae8-7d79-44ce-8d00-770ee83d4f4f@group-DB58B9470A99-LeaderElection41] INFO  impl.RoleInfo (RoleInfo.java:shutdownLeaderElection(141)) - 81823ae8-7d79-44ce-8d00-770ee83d4f4f: shutdown 81823ae8-7d79-44ce-8d00-770ee83d4f4f@group-DB58B9470A99-LeaderElection41
2025-04-23 15:47:23,638 [81823ae8-7d79-44ce-8d00-770ee83d4f4f@group-DB58B9470A99-LeaderElection41] INFO  server.RaftServer$Division (RaftServerImpl.java:setRole(378)) - 81823ae8-7d79-44ce-8d00-770ee83d4f4f@group-DB58B9470A99: changes role from CANDIDATE to LEADER at term 1 for changeToLeader
2025-04-23 15:47:23,638 [81823ae8-7d79-44ce-8d00-770ee83d4f4f@group-DB58B9470A99-LeaderElection41] INFO  server.RaftServerConfigKeys (ConfUtils.java:logGet(46)) - raft.server.staging.catchup.gap = 1000 (default)
2025-04-23 15:47:23,639 [81823ae8-7d79-44ce-8d00-770ee83d4f4f@group-DB58B9470A99-LeaderElection41] INFO  server.RaftServerConfigKeys (ConfUtils.java:logGet(46)) - raft.server.write.element-limit = 1024 (custom)
2025-04-23 15:47:23,639 [81823ae8-7d79-44ce-8d00-770ee83d4f4f@group-DB58B9470A99-LeaderElection41] INFO  server.RaftServerConfigKeys (ConfUtils.java:logGet(46)) - raft.server.write.byte-limit = 1024 M (=1073741824) (custom)
2025-04-23 15:47:23,639 [81823ae8-7d79-44ce-8d00-770ee83d4f4f@group-DB58B9470A99-LeaderElection41] INFO  server.RaftServerConfigKeys (ConfUtils.java:logGet(46)) - raft.server.watch.timeout = 30s (custom)
2025-04-23 15:47:23,639 [81823ae8-7d79-44ce-8d00-770ee83d4f4f@group-DB58B9470A99-LeaderElection41] INFO  server.RaftServerConfigKeys (ConfUtils.java:logGet(46)) - raft.server.watch.timeout.denomination = 1s (default)
2025-04-23 15:47:23,639 [81823ae8-7d79-44ce-8d00-770ee83d4f4f@group-DB58B9470A99-LeaderElection41] INFO  server.RaftServerConfigKeys (ConfUtils.java:logGet(46)) - raft.server.watch.element-limit = 65536 (default)
2025-04-23 15:47:23,639 [81823ae8-7d79-44ce-8d00-770ee83d4f4f@group-DB58B9470A99-LeaderElection41] INFO  server.RaftServerConfigKeys (ConfUtils.java:logGet(46)) - raft.server.read.leader.lease.enabled = false (default)
2025-04-23 15:47:23,639 [81823ae8-7d79-44ce-8d00-770ee83d4f4f@group-DB58B9470A99-LeaderElection41] INFO  server.RaftServerConfigKeys (ConfUtils.java:logGet(46)) - raft.server.read.leader.lease.timeout.ratio = 0.9 (default)
2025-04-23 15:47:23,639 [81823ae8-7d79-44ce-8d00-770ee83d4f4f@group-DB58B9470A99-LeaderElection41] INFO  server.RaftServerConfigKeys (ConfUtils.java:logGet(46)) - raft.server.rpc.timeout.min = 5s (custom)
2025-04-23 15:47:23,639 [81823ae8-7d79-44ce-8d00-770ee83d4f4f@group-DB58B9470A99-LeaderElection41] INFO  server.RaftServerConfigKeys (ConfUtils.java:logGet(46)) - raft.server.log.log-metadata.enabled = true (default)
2025-04-23 15:47:23,639 [81823ae8-7d79-44ce-8d00-770ee83d4f4f@group-DB58B9470A99-LeaderElection41] INFO  server.RaftServerConfigKeys (ConfUtils.java:logGet(46)) - raft.server.write.element-limit = 1024 (custom)
2025-04-23 15:47:23,639 [81823ae8-7d79-44ce-8d00-770ee83d4f4f@group-DB58B9470A99-LeaderElection41] INFO  server.RaftServerConfigKeys (ConfUtils.java:logGet(46)) - raft.server.write.follower.gap.ratio.max = -1.0 (default)
2025-04-23 15:47:23,640 [81823ae8-7d79-44ce-8d00-770ee83d4f4f@group-DB58B9470A99-LeaderElection41] INFO  server.RaftServerConfigKeys (ConfUtils.java:logGet(46)) - raft.server.log.appender.snapshot.chunk.size.max = 16MB (=16777216) (default)
2025-04-23 15:47:23,640 [81823ae8-7d79-44ce-8d00-770ee83d4f4f@group-DB58B9470A99-LeaderElection41] INFO  server.RaftServerConfigKeys (ConfUtils.java:logGet(46)) - raft.server.log.appender.buffer.byte-limit = 33554432 (custom)
2025-04-23 15:47:23,640 [81823ae8-7d79-44ce-8d00-770ee83d4f4f@group-DB58B9470A99-LeaderElection41] INFO  server.RaftServerConfigKeys (ConfUtils.java:logGet(46)) - raft.server.log.appender.buffer.element-limit = 1024 (custom)
2025-04-23 15:47:23,640 [81823ae8-7d79-44ce-8d00-770ee83d4f4f@group-DB58B9470A99-LeaderElection41] INFO  server.RaftServerConfigKeys (ConfUtils.java:logGet(46)) - raft.server.log.appender.wait-time.min = 0μs (custom)
2025-04-23 15:47:23,640 [81823ae8-7d79-44ce-8d00-770ee83d4f4f@group-DB58B9470A99-LeaderElection41] INFO  grpc.GrpcConfigKeys (ConfUtils.java:logGet(46)) - raft.grpc.server.leader.outstanding.appends.max = 8 (default)
2025-04-23 15:47:23,640 [81823ae8-7d79-44ce-8d00-770ee83d4f4f@group-DB58B9470A99-LeaderElection41] INFO  server.RaftServerConfigKeys (ConfUtils.java:logGet(46)) - raft.server.rpc.request.timeout = 60s (custom)
2025-04-23 15:47:23,640 [81823ae8-7d79-44ce-8d00-770ee83d4f4f@group-DB58B9470A99-LeaderElection41] INFO  grpc.GrpcConfigKeys (ConfUtils.java:logGet(46)) - raft.grpc.server.install_snapshot.request.element-limit = 8 (default)
2025-04-23 15:47:23,640 [81823ae8-7d79-44ce-8d00-770ee83d4f4f@group-DB58B9470A99-LeaderElection41] INFO  grpc.GrpcConfigKeys (ConfUtils.java:logGet(46)) - raft.grpc.server.install_snapshot.request.timeout = 3000ms (default)
2025-04-23 15:47:23,640 [81823ae8-7d79-44ce-8d00-770ee83d4f4f@group-DB58B9470A99-LeaderElection41] INFO  grpc.GrpcConfigKeys (ConfUtils.java:logGet(46)) - raft.grpc.server.log-message.batch.duration = 5s (default)
2025-04-23 15:47:23,640 [81823ae8-7d79-44ce-8d00-770ee83d4f4f@group-DB58B9470A99-LeaderElection41] INFO  server.RaftServerConfigKeys (ConfUtils.java:logGet(46)) - raft.server.log.appender.install.snapshot.enabled = false (custom)
2025-04-23 15:47:23,640 [81823ae8-7d79-44ce-8d00-770ee83d4f4f@group-DB58B9470A99-LeaderElection41] INFO  grpc.GrpcConfigKeys (ConfUtils.java:logGet(46)) - raft.grpc.server.heartbeat.channel = true (default)
2025-04-23 15:47:23,641 [grpc-default-executor-7] INFO  server.RaftServer$Division (RaftServerImpl.java:requestVote(1441)) - 29e49559-ca15-4e73-8b82-6fc70a227cc4@group-DB58B9470A99 replies to ELECTION vote request: 81823ae8-7d79-44ce-8d00-770ee83d4f4f<-29e49559-ca15-4e73-8b82-6fc70a227cc4#0:OK-t1. Peer's state: 29e49559-ca15-4e73-8b82-6fc70a227cc4@group-DB58B9470A99:t1, leader=null, voted=81823ae8-7d79-44ce-8d00-770ee83d4f4f, raftlog=Memoized:29e49559-ca15-4e73-8b82-6fc70a227cc4@group-DB58B9470A99-SegmentedRaftLog:OPENED:c-1:lastnull, conf=conf: {index: -1, cur=peers:[81823ae8-7d79-44ce-8d00-770ee83d4f4f|127.0.0.1:15073, cd535dae-68a6-4b81-b820-5294621ff3cf|127.0.0.1:15081, 29e49559-ca15-4e73-8b82-6fc70a227cc4|127.0.0.1:15065]|listeners:[], old=null}
2025-04-23 15:47:23,641 [81823ae8-7d79-44ce-8d00-770ee83d4f4f@group-DB58B9470A99-LeaderElection41] INFO  server.RaftServerConfigKeys (ConfUtils.java:logGet(46)) - raft.server.log.appender.snapshot.chunk.size.max = 16MB (=16777216) (default)
2025-04-23 15:47:23,641 [81823ae8-7d79-44ce-8d00-770ee83d4f4f@group-DB58B9470A99-LeaderElection41] INFO  server.RaftServerConfigKeys (ConfUtils.java:logGet(46)) - raft.server.log.appender.buffer.byte-limit = 33554432 (custom)
2025-04-23 15:47:23,642 [81823ae8-7d79-44ce-8d00-770ee83d4f4f@group-DB58B9470A99-LeaderElection41] INFO  server.RaftServerConfigKeys (ConfUtils.java:logGet(46)) - raft.server.log.appender.buffer.element-limit = 1024 (custom)
2025-04-23 15:47:23,642 [81823ae8-7d79-44ce-8d00-770ee83d4f4f@group-DB58B9470A99-LeaderElection41] INFO  server.RaftServerConfigKeys (ConfUtils.java:logGet(46)) - raft.server.log.appender.wait-time.min = 0μs (custom)
2025-04-23 15:47:23,642 [81823ae8-7d79-44ce-8d00-770ee83d4f4f@group-DB58B9470A99-LeaderElection41] INFO  grpc.GrpcConfigKeys (ConfUtils.java:logGet(46)) - raft.grpc.server.leader.outstanding.appends.max = 8 (default)
2025-04-23 15:47:23,642 [81823ae8-7d79-44ce-8d00-770ee83d4f4f@group-DB58B9470A99-LeaderElection41] INFO  server.RaftServerConfigKeys (ConfUtils.java:logGet(46)) - raft.server.rpc.request.timeout = 60s (custom)
2025-04-23 15:47:23,642 [81823ae8-7d79-44ce-8d00-770ee83d4f4f@group-DB58B9470A99-LeaderElection41] INFO  grpc.GrpcConfigKeys (ConfUtils.java:logGet(46)) - raft.grpc.server.install_snapshot.request.element-limit = 8 (default)
2025-04-23 15:47:23,642 [81823ae8-7d79-44ce-8d00-770ee83d4f4f@group-DB58B9470A99-LeaderElection41] INFO  grpc.GrpcConfigKeys (ConfUtils.java:logGet(46)) - raft.grpc.server.install_snapshot.request.timeout = 3000ms (default)
2025-04-23 15:47:23,642 [81823ae8-7d79-44ce-8d00-770ee83d4f4f@group-DB58B9470A99-LeaderElection41] INFO  grpc.GrpcConfigKeys (ConfUtils.java:logGet(46)) - raft.grpc.server.log-message.batch.duration = 5s (default)
2025-04-23 15:47:23,642 [81823ae8-7d79-44ce-8d00-770ee83d4f4f@group-DB58B9470A99-LeaderElection41] INFO  server.RaftServerConfigKeys (ConfUtils.java:logGet(46)) - raft.server.log.appender.install.snapshot.enabled = false (custom)
2025-04-23 15:47:23,642 [81823ae8-7d79-44ce-8d00-770ee83d4f4f@group-DB58B9470A99-LeaderElection41] INFO  grpc.GrpcConfigKeys (ConfUtils.java:logGet(46)) - raft.grpc.server.heartbeat.channel = true (default)
2025-04-23 15:47:23,642 [81823ae8-7d79-44ce-8d00-770ee83d4f4f@group-DB58B9470A99-LeaderElection41] INFO  impl.RoleInfo (RoleInfo.java:updateAndGet(148)) - 81823ae8-7d79-44ce-8d00-770ee83d4f4f: start 81823ae8-7d79-44ce-8d00-770ee83d4f4f@group-DB58B9470A99-LeaderStateImpl
2025-04-23 15:47:23,642 [81823ae8-7d79-44ce-8d00-770ee83d4f4f@group-DB58B9470A99-LeaderElection41] INFO  server.RaftServer$Division (RaftServerImpl.java:setFirstElection(562)) - 81823ae8-7d79-44ce-8d00-770ee83d4f4f@group-DB58B9470A99: set firstElectionSinceStartup to false for becomeLeader
2025-04-23 15:47:23,642 [81823ae8-7d79-44ce-8d00-770ee83d4f4f@group-DB58B9470A99-LeaderElection41] INFO  ratis.XceiverServerRatis (XceiverServerRatis.java:handleLeaderChangedNotification(942)) - Leader change notification received for group: group-DB58B9470A99 with new leaderId: 81823ae8-7d79-44ce-8d00-770ee83d4f4f
2025-04-23 15:47:23,642 [81823ae8-7d79-44ce-8d00-770ee83d4f4f@group-DB58B9470A99-LeaderElection41] INFO  server.RaftServer$Division (ServerState.java:setLeader(272)) - 81823ae8-7d79-44ce-8d00-770ee83d4f4f@group-DB58B9470A99: change Leader from null to 81823ae8-7d79-44ce-8d00-770ee83d4f4f at term 1 for becomeLeader, leader elected after 1160ms
2025-04-23 15:47:23,642 [81823ae8-7d79-44ce-8d00-770ee83d4f4f@group-DB58B9470A99-LeaderElection41] INFO  segmented.SegmentedRaftLogWorker (SegmentedRaftLogWorker.java:startLogSegment(438)) - 81823ae8-7d79-44ce-8d00-770ee83d4f4f@group-DB58B9470A99-SegmentedRaftLogWorker: Starting segment from index:0
2025-04-23 15:47:23,643 [81823ae8-7d79-44ce-8d00-770ee83d4f4f@group-DB58B9470A99-LeaderElection41] INFO  server.RaftServer$Division (ServerState.java:setRaftConf(386)) - 81823ae8-7d79-44ce-8d00-770ee83d4f4f@group-DB58B9470A99: set configuration conf: {index: 0, cur=peers:[81823ae8-7d79-44ce-8d00-770ee83d4f4f|127.0.0.1:15073, cd535dae-68a6-4b81-b820-5294621ff3cf|127.0.0.1:15081, 29e49559-ca15-4e73-8b82-6fc70a227cc4|127.0.0.1:15065]|listeners:[], old=null}
2025-04-23 15:47:23,643 [81823ae8-7d79-44ce-8d00-770ee83d4f4f@group-DB58B9470A99-SegmentedRaftLogWorker] INFO  segmented.BufferedWriteChannel (BufferedWriteChannel.java:open(61)) - open log_inprogress_0 at position 0
2025-04-23 15:47:23,648 [cd535dae-68a6-4b81-b820-5294621ff3cf-server-thread1] INFO  ratis.XceiverServerRatis (XceiverServerRatis.java:handleLeaderChangedNotification(942)) - Leader change notification received for group: group-DB58B9470A99 with new leaderId: 81823ae8-7d79-44ce-8d00-770ee83d4f4f
2025-04-23 15:47:23,648 [cd535dae-68a6-4b81-b820-5294621ff3cf-server-thread1] INFO  server.RaftServer$Division (ServerState.java:setLeader(272)) - cd535dae-68a6-4b81-b820-5294621ff3cf@group-DB58B9470A99: change Leader from null to 81823ae8-7d79-44ce-8d00-770ee83d4f4f at term 1 for appendEntries, leader elected after 1147ms
2025-04-23 15:47:23,648 [42a608c1-c4a9-40f1-8254-ab35a5a5924c@group-902E6658689D-StateMachineUpdater] INFO  safemode.HealthyPipelineSafeModeRule (HealthyPipelineSafeModeRule.java:initializeRule(174)) - Refreshed total pipeline count is 1, healthy pipeline threshold count is 1
2025-04-23 15:47:23,649 [EventQueue-PipelineReportForPipelineReportHandler] INFO  pipeline.PipelineReportHandler (PipelineReportHandler.java:processPipelineReport(134)) - Opened pipeline PipelineID=802b2308-0205-45d7-8fb7-db58b9470a99
2025-04-23 15:47:23,650 [EventQueue-OpenPipelineForHealthyPipelineSafeModeRule] INFO  safemode.SCMSafeModeManager (HealthyPipelineSafeModeRule.java:process(141)) - SCM in safe mode. Healthy pipelines reported count is 1, required healthy pipeline reported count is 1
2025-04-23 15:47:23,650 [EventQueue-OpenPipelineForHealthyPipelineSafeModeRule] INFO  safemode.SCMSafeModeManager (SCMSafeModeManager.java:validateSafeModeExitRules(186)) - HealthyPipelineSafeModeRule rule is successfully validated
2025-04-23 15:47:23,650 [EventQueue-OpenPipelineForHealthyPipelineSafeModeRule] INFO  safemode.SCMSafeModeManager (SCMSafeModeManager.java:validateSafeModeExitRules(201)) - ScmSafeModeManager, all rules are successfully validated
2025-04-23 15:47:23,650 [EventQueue-OpenPipelineForHealthyPipelineSafeModeRule] INFO  safemode.SCMSafeModeManager (SCMSafeModeManager.java:exitSafeMode(231)) - SCM exiting safe mode.
2025-04-23 15:47:23,650 [EventQueue-OpenPipelineForHealthyPipelineSafeModeRule] INFO  ha.SCMContext (SCMContext.java:updateSafeModeStatus(224)) - Update SafeModeStatus from SafeModeStatus{safeModeStatus=true, preCheckPassed=true} to SafeModeStatus{safeModeStatus=false, preCheckPassed=true}.
2025-04-23 15:47:23,650 [EventQueue-OpenPipelineForHealthyPipelineSafeModeRule] INFO  BackgroundPipelineScrubber (BackgroundSCMService.java:notifyStatusChanged(78)) - Service BackgroundPipelineScrubber transitions to RUNNING.
2025-04-23 15:47:23,650 [EventQueue-OpenPipelineForHealthyPipelineSafeModeRule] INFO  ExpiredContainerReplicaOpScrubber (BackgroundSCMService.java:notifyStatusChanged(78)) - Service ExpiredContainerReplicaOpScrubber transitions to RUNNING.
2025-04-23 15:47:23,650 [EventQueue-OpenPipelineForHealthyPipelineSafeModeRule] INFO  block.SCMBlockDeletingService (SCMBlockDeletingService.java:notifyStatusChanged(250)) - notifyStatusChanged:RUNNING
2025-04-23 15:47:23,650 [EventQueue-OpenPipelineForHealthyPipelineSafeModeRule] INFO  replication.ReplicationManager (ReplicationManager.java:notifyStatusChanged(1386)) - Service ReplicationManager transitions to RUNNING.
2025-04-23 15:47:23,649 [cd535dae-68a6-4b81-b820-5294621ff3cf-server-thread2] INFO  server.RaftServer$Division (ServerState.java:setRaftConf(386)) - cd535dae-68a6-4b81-b820-5294621ff3cf@group-DB58B9470A99: set configuration conf: {index: 0, cur=peers:[81823ae8-7d79-44ce-8d00-770ee83d4f4f|127.0.0.1:15073, cd535dae-68a6-4b81-b820-5294621ff3cf|127.0.0.1:15081, 29e49559-ca15-4e73-8b82-6fc70a227cc4|127.0.0.1:15065]|listeners:[], old=null}
2025-04-23 15:47:23,651 [cd535dae-68a6-4b81-b820-5294621ff3cf-server-thread2] INFO  segmented.SegmentedRaftLogWorker (SegmentedRaftLogWorker.java:startLogSegment(438)) - cd535dae-68a6-4b81-b820-5294621ff3cf@group-DB58B9470A99-SegmentedRaftLogWorker: Starting segment from index:0
2025-04-23 15:47:23,651 [cd535dae-68a6-4b81-b820-5294621ff3cf@group-DB58B9470A99-SegmentedRaftLogWorker] INFO  segmented.BufferedWriteChannel (BufferedWriteChannel.java:open(61)) - open log_inprogress_0 at position 0
2025-04-23 15:47:23,651 [EventQueue-OpenPipelineForHealthyPipelineSafeModeRule] WARN  balancer.ContainerBalancer (ContainerBalancer.java:shouldRun(134)) - Could not find persisted configuration for ContainerBalancer when checking if ContainerBalancer should run. ContainerBalancer should not run now.
2025-04-23 15:47:23,651 [EventQueue-OpenPipelineForHealthyPipelineSafeModeRule] INFO  SCMHATransactionMonitor (BackgroundSCMService.java:notifyStatusChanged(78)) - Service SCMHATransactionMonitor transitions to RUNNING.
2025-04-23 15:47:23,653 [29e49559-ca15-4e73-8b82-6fc70a227cc4-server-thread2] INFO  ratis.XceiverServerRatis (XceiverServerRatis.java:handleLeaderChangedNotification(942)) - Leader change notification received for group: group-DB58B9470A99 with new leaderId: 81823ae8-7d79-44ce-8d00-770ee83d4f4f
2025-04-23 15:47:23,653 [29e49559-ca15-4e73-8b82-6fc70a227cc4-server-thread2] INFO  server.RaftServer$Division (ServerState.java:setLeader(272)) - 29e49559-ca15-4e73-8b82-6fc70a227cc4@group-DB58B9470A99: change Leader from null to 81823ae8-7d79-44ce-8d00-770ee83d4f4f at term 1 for appendEntries, leader elected after 1129ms
2025-04-23 15:47:23,653 [29e49559-ca15-4e73-8b82-6fc70a227cc4-server-thread2] INFO  server.RaftServer$Division (ServerState.java:setRaftConf(386)) - 29e49559-ca15-4e73-8b82-6fc70a227cc4@group-DB58B9470A99: set configuration conf: {index: 0, cur=peers:[81823ae8-7d79-44ce-8d00-770ee83d4f4f|127.0.0.1:15073, cd535dae-68a6-4b81-b820-5294621ff3cf|127.0.0.1:15081, 29e49559-ca15-4e73-8b82-6fc70a227cc4|127.0.0.1:15065]|listeners:[], old=null}
2025-04-23 15:47:23,653 [29e49559-ca15-4e73-8b82-6fc70a227cc4-server-thread2] INFO  segmented.SegmentedRaftLogWorker (SegmentedRaftLogWorker.java:startLogSegment(438)) - 29e49559-ca15-4e73-8b82-6fc70a227cc4@group-DB58B9470A99-SegmentedRaftLogWorker: Starting segment from index:0
2025-04-23 15:47:23,653 [29e49559-ca15-4e73-8b82-6fc70a227cc4@group-DB58B9470A99-SegmentedRaftLogWorker] INFO  segmented.BufferedWriteChannel (BufferedWriteChannel.java:open(61)) - open log_inprogress_0 at position 0
2025-04-23 15:47:23,658 [81823ae8-7d79-44ce-8d00-770ee83d4f4f@group-DB58B9470A99-SegmentedRaftLogWorker] INFO  segmented.SegmentedRaftLogWorker (SegmentedRaftLogWorker.java:execute(644)) - 81823ae8-7d79-44ce-8d00-770ee83d4f4f@group-DB58B9470A99-SegmentedRaftLogWorker: created new log segment /home/runner/work/ozone/ozone/hadoop-ozone/integration-test/target/test-dir/MiniOzoneClusterImpl-11ed033c-ec90-4580-9385-902e6658689d/ozone-meta/datanode-2/ratis/802b2308-0205-45d7-8fb7-db58b9470a99/current/log_inprogress_0
2025-04-23 15:47:23,664 [cd535dae-68a6-4b81-b820-5294621ff3cf@group-DB58B9470A99-SegmentedRaftLogWorker] INFO  segmented.SegmentedRaftLogWorker (SegmentedRaftLogWorker.java:execute(644)) - cd535dae-68a6-4b81-b820-5294621ff3cf@group-DB58B9470A99-SegmentedRaftLogWorker: created new log segment /home/runner/work/ozone/ozone/hadoop-ozone/integration-test/target/test-dir/MiniOzoneClusterImpl-11ed033c-ec90-4580-9385-902e6658689d/ozone-meta/datanode-3/ratis/802b2308-0205-45d7-8fb7-db58b9470a99/current/log_inprogress_0
2025-04-23 15:47:23,665 [29e49559-ca15-4e73-8b82-6fc70a227cc4@group-DB58B9470A99-SegmentedRaftLogWorker] INFO  segmented.SegmentedRaftLogWorker (SegmentedRaftLogWorker.java:execute(644)) - 29e49559-ca15-4e73-8b82-6fc70a227cc4@group-DB58B9470A99-SegmentedRaftLogWorker: created new log segment /home/runner/work/ozone/ozone/hadoop-ozone/integration-test/target/test-dir/MiniOzoneClusterImpl-11ed033c-ec90-4580-9385-902e6658689d/ozone-meta/datanode-1/ratis/802b2308-0205-45d7-8fb7-db58b9470a99/current/log_inprogress_0
2025-04-23 15:47:23,666 [81823ae8-7d79-44ce-8d00-770ee83d4f4f@group-DB58B9470A99-StateMachineUpdater] INFO  server.RaftServer$Division (LeaderStateImpl.java:checkStartIndex(313)) - Leader 81823ae8-7d79-44ce-8d00-770ee83d4f4f@group-DB58B9470A99-LeaderStateImpl is ready since appliedIndex == startIndex == 0
2025-04-23 15:47:23,670 [cd535dae-68a6-4b81-b820-5294621ff3cf@group-415D9042B882-FollowerState] INFO  server.RaftServerConfigKeys (ConfUtils.java:logGet(46)) - raft.server.rpc.first-election.timeout.min = 1000ms (custom)
2025-04-23 15:47:23,670 [cd535dae-68a6-4b81-b820-5294621ff3cf@group-415D9042B882-FollowerState] INFO  server.RaftServerConfigKeys (ConfUtils.java:logGet(46)) - raft.server.rpc.first-election.timeout.max = 1200ms (custom)
2025-04-23 15:47:23,672 [cd535dae-68a6-4b81-b820-5294621ff3cf-PipelineCommandHandlerThread-0] INFO  server.RaftServer (RaftServerProxy.java:addNew(100)) - cd535dae-68a6-4b81-b820-5294621ff3cf: addNew group-8B98A78958F3:[cd535dae-68a6-4b81-b820-5294621ff3cf|127.0.0.1:15081] returns group-8B98A78958F3:java.util.concurrent.CompletableFuture@3182d1db[Not completed]
2025-04-23 15:47:23,673 [cd535dae-68a6-4b81-b820-5294621ff3cf-groupManagement] INFO  server.RaftServer$Division (RaftServerImpl.java:<init>(255)) - cd535dae-68a6-4b81-b820-5294621ff3cf: new RaftServerImpl for group-8B98A78958F3:[cd535dae-68a6-4b81-b820-5294621ff3cf|127.0.0.1:15081] with ContainerStateMachine:uninitialized
2025-04-23 15:47:23,673 [cd535dae-68a6-4b81-b820-5294621ff3cf-groupManagement] INFO  server.RaftServerConfigKeys (ConfUtils.java:logGet(46)) - raft.server.rpc.timeout.min = 5s (custom)
2025-04-23 15:47:23,673 [cd535dae-68a6-4b81-b820-5294621ff3cf-groupManagement] INFO  server.RaftServerConfigKeys (ConfUtils.java:logGet(46)) - raft.server.rpc.timeout.max = 5200ms (custom)
2025-04-23 15:47:23,673 [cd535dae-68a6-4b81-b820-5294621ff3cf-groupManagement] INFO  server.RaftServerConfigKeys (ConfUtils.java:logGet(46)) - raft.server.rpc.sleep.time = 25ms (default)
2025-04-23 15:47:23,673 [cd535dae-68a6-4b81-b820-5294621ff3cf-groupManagement] INFO  server.RaftServerConfigKeys (ConfUtils.java:logGet(46)) - raft.server.rpc.slowness.timeout = 300s (custom)
2025-04-23 15:47:23,673 [cd535dae-68a6-4b81-b820-5294621ff3cf-groupManagement] INFO  server.RaftServerConfigKeys (ConfUtils.java:logGet(46)) - raft.server.leaderelection.leader.step-down.wait-time = 10s (default)
2025-04-23 15:47:23,673 [cd535dae-68a6-4b81-b820-5294621ff3cf-groupManagement] INFO  server.RaftServerConfigKeys (ConfUtils.java:logGet(46)) - raft.server.leaderelection.member.majority-add = false (default)
2025-04-23 15:47:23,673 [cd535dae-68a6-4b81-b820-5294621ff3cf-groupManagement] INFO  server.RaftServerConfigKeys (ConfUtils.java:logGet(46)) - raft.server.sleep.deviation.threshold = 300ms (default)
2025-04-23 15:47:23,673 [cd535dae-68a6-4b81-b820-5294621ff3cf-groupManagement] INFO  server.RaftServer$Division (ServerState.java:<init>(114)) - cd535dae-68a6-4b81-b820-5294621ff3cf@group-8B98A78958F3: ConfigurationManager, init=conf: {index: -1, cur=peers:[cd535dae-68a6-4b81-b820-5294621ff3cf|127.0.0.1:15081]|listeners:[], old=null}, confs=<EMPTY_MAP>
2025-04-23 15:47:23,673 [cd535dae-68a6-4b81-b820-5294621ff3cf-groupManagement] INFO  server.RaftServerConfigKeys (ConfUtils.java:logGet(46)) - raft.server.notification.no-leader.timeout = 300s (custom)
2025-04-23 15:47:23,673 [cd535dae-68a6-4b81-b820-5294621ff3cf-groupManagement] INFO  server.RaftServerConfigKeys (ConfUtils.java:logGet(46)) - raft.server.read.timeout = 10s (default)
2025-04-23 15:47:23,673 [cd535dae-68a6-4b81-b820-5294621ff3cf-groupManagement] INFO  server.RaftServerConfigKeys (ConfUtils.java:logGet(46)) - raft.server.retrycache.expirytime = 600000ms (custom)
2025-04-23 15:47:23,673 [cd535dae-68a6-4b81-b820-5294621ff3cf-groupManagement] INFO  server.RaftServerConfigKeys (ConfUtils.java:logGet(46)) - raft.server.retrycache.statistics.expirytime = 100ms (default)
2025-04-23 15:47:23,673 [cd535dae-68a6-4b81-b820-5294621ff3cf-groupManagement] INFO  server.RaftServerConfigKeys (ConfUtils.java:logGet(46)) - raft.server.read.option = DEFAULT (default)
2025-04-23 15:47:23,673 [cd535dae-68a6-4b81-b820-5294621ff3cf-groupManagement] INFO  server.RaftServerConfigKeys (ConfUtils.java:logGet(46)) - raft.server.read.read-after-write-consistent.write-index-cache.expiry-time = 60s (default)
2025-04-23 15:47:23,676 [cd535dae-68a6-4b81-b820-5294621ff3cf-groupManagement] INFO  server.RaftServerConfigKeys (ConfUtils.java:logGet(46)) - raft.server.rpc.request.timeout = 60s (custom)
2025-04-23 15:47:23,676 [cd535dae-68a6-4b81-b820-5294621ff3cf-groupManagement] INFO  server.RaftServerConfigKeys (ConfUtils.java:logGet(46)) - raft.server.log.appender.install.snapshot.enabled = false (custom)
2025-04-23 15:47:23,676 [cd535dae-68a6-4b81-b820-5294621ff3cf-groupManagement] INFO  server.RaftServerConfigKeys (ConfUtils.java:logGet(46)) - raft.server.threadpool.server.cached = true (default)
2025-04-23 15:47:23,676 [cd535dae-68a6-4b81-b820-5294621ff3cf-groupManagement] INFO  server.RaftServerConfigKeys (ConfUtils.java:logGet(46)) - raft.server.threadpool.server.size = 0 (default)
2025-04-23 15:47:23,676 [cd535dae-68a6-4b81-b820-5294621ff3cf-groupManagement] INFO  server.RaftServerConfigKeys (ConfUtils.java:logGet(46)) - raft.server.threadpool.client.cached = true (default)
2025-04-23 15:47:23,676 [cd535dae-68a6-4b81-b820-5294621ff3cf-groupManagement] INFO  server.RaftServerConfigKeys (ConfUtils.java:logGet(46)) - raft.server.threadpool.client.size = 0 (default)
2025-04-23 15:47:23,676 [cd535dae-68a6-4b81-b820-5294621ff3cf-groupManagement] INFO  server.RaftServerConfigKeys (ConfUtils.java:logGet(46)) - raft.server.storage.free-space.min = 0MB (=0) (default)
2025-04-23 15:47:23,676 [cd535dae-68a6-4b81-b820-5294621ff3cf-groupManagement] INFO  server.RaftServerConfigKeys (ConfUtils.java:logGet(46)) - raft.server.log.corruption.policy = EXCEPTION (default)
2025-04-23 15:47:23,676 [cd535dae-68a6-4b81-b820-5294621ff3cf-groupManagement] INFO  server.RaftServerConfigKeys (ConfUtils.java:logGet(46)) - raft.server.storage.dir = [/home/runner/work/ozone/ozone/hadoop-ozone/integration-test/target/test-dir/MiniOzoneClusterImpl-11ed033c-ec90-4580-9385-902e6658689d/ozone-meta/datanode-3/ratis] (custom)
2025-04-23 15:47:23,676 [cd535dae-68a6-4b81-b820-5294621ff3cf-groupManagement] INFO  storage.RaftStorageDirectory (RaftStorageDirectoryImpl.java:analyzeStorage(138)) - The storage directory /home/runner/work/ozone/ozone/hadoop-ozone/integration-test/target/test-dir/MiniOzoneClusterImpl-11ed033c-ec90-4580-9385-902e6658689d/ozone-meta/datanode-3/ratis/b3451622-8fb8-4a3c-a78c-8b98a78958f3 does not exist. Creating ...
2025-04-23 15:47:23,677 [cd535dae-68a6-4b81-b820-5294621ff3cf-groupManagement] INFO  storage.RaftStorageDirectory (RaftStorageDirectoryImpl.java:tryLock(229)) - Lock on /home/runner/work/ozone/ozone/hadoop-ozone/integration-test/target/test-dir/MiniOzoneClusterImpl-11ed033c-ec90-4580-9385-902e6658689d/ozone-meta/datanode-3/ratis/b3451622-8fb8-4a3c-a78c-8b98a78958f3/in_use.lock acquired by nodename 129659@fv-az1337-835
2025-04-23 15:47:23,678 [cd535dae-68a6-4b81-b820-5294621ff3cf-groupManagement] INFO  storage.RaftStorage (RaftStorageImpl.java:format(98)) - Storage directory /home/runner/work/ozone/ozone/hadoop-ozone/integration-test/target/test-dir/MiniOzoneClusterImpl-11ed033c-ec90-4580-9385-902e6658689d/ozone-meta/datanode-3/ratis/b3451622-8fb8-4a3c-a78c-8b98a78958f3 has been successfully formatted.
2025-04-23 15:47:23,678 [cd535dae-68a6-4b81-b820-5294621ff3cf-groupManagement] INFO  ratis.ContainerStateMachine (ContainerStateMachine.java:initialize(339)) - cd535dae-68a6-4b81-b820-5294621ff3cf: initialize group-8B98A78958F3
2025-04-23 15:47:23,678 [cd535dae-68a6-4b81-b820-5294621ff3cf-groupManagement] INFO  ratis.ContainerStateMachine (ContainerStateMachine.java:loadSnapshot(347)) - group-8B98A78958F3: The snapshot info is null. Setting the last applied index to:(t:0, i:~)
2025-04-23 15:47:23,678 [cd535dae-68a6-4b81-b820-5294621ff3cf-groupManagement] INFO  server.RaftServerConfigKeys (ConfUtils.java:logGet(46)) - raft.server.log.use.memory = false (default)
2025-04-23 15:47:23,678 [cd535dae-68a6-4b81-b820-5294621ff3cf-groupManagement] INFO  server.RaftServerConfigKeys (ConfUtils.java:logGet(46)) - raft.server.log.purge.gap = 1000000 (custom)
2025-04-23 15:47:23,678 [cd535dae-68a6-4b81-b820-5294621ff3cf-groupManagement] INFO  server.RaftServerConfigKeys (ConfUtils.java:logGet(46)) - raft.server.log.appender.buffer.byte-limit = 33554432 (custom)
2025-04-23 15:47:23,679 [cd535dae-68a6-4b81-b820-5294621ff3cf-groupManagement] INFO  server.RaftServerConfigKeys (ConfUtils.java:logGet(46)) - raft.server.log.statemachine.data.read.timeout = 1000ms (default)
2025-04-23 15:47:23,679 [cd535dae-68a6-4b81-b820-5294621ff3cf-groupManagement] INFO  server.RaftServerConfigKeys (ConfUtils.java:logGet(46)) - raft.server.log.purge.preservation.log.num = 0 (default)
2025-04-23 15:47:23,679 [cd535dae-68a6-4b81-b820-5294621ff3cf-groupManagement] INFO  server.RaftServerConfigKeys (ConfUtils.java:logGet(46)) - raft.server.log.segment.size.max = 67108864 (custom)
2025-04-23 15:47:23,679 [cd535dae-68a6-4b81-b820-5294621ff3cf-groupManagement] INFO  server.RaftServerConfigKeys (ConfUtils.java:logGet(46)) - raft.server.log.segment.cache.num.max = 2 (custom)
2025-04-23 15:47:23,679 [cd535dae-68a6-4b81-b820-5294621ff3cf-groupManagement] INFO  server.RaftServerConfigKeys (ConfUtils.java:logGet(46)) - raft.server.log.segment.cache.size.max = 200MB (=209715200) (default)
2025-04-23 15:47:23,679 [cd535dae-68a6-4b81-b820-5294621ff3cf-groupManagement] INFO  server.RaftServerConfigKeys (ConfUtils.java:logGet(46)) - raft.server.log.appender.buffer.byte-limit = 33554432 (custom)
2025-04-23 15:47:23,680 [cd535dae-68a6-4b81-b820-5294621ff3cf-groupManagement] INFO  util.AwaitToRun (AwaitToRun.java:start(81)) - Thread[#8960,cd535dae-68a6-4b81-b820-5294621ff3cf@group-8B98A78958F3-cacheEviction-AwaitToRun,5,main] started
2025-04-23 15:47:23,680 [cd535dae-68a6-4b81-b820-5294621ff3cf-groupManagement] INFO  segmented.SegmentedRaftLogWorker (SegmentedRaftLogWorker.java:<init>(188)) - new cd535dae-68a6-4b81-b820-5294621ff3cf@group-8B98A78958F3-SegmentedRaftLogWorker for RaftStorageImpl:Storage Directory /home/runner/work/ozone/ozone/hadoop-ozone/integration-test/target/test-dir/MiniOzoneClusterImpl-11ed033c-ec90-4580-9385-902e6658689d/ozone-meta/datanode-3/ratis/b3451622-8fb8-4a3c-a78c-8b98a78958f3
2025-04-23 15:47:23,680 [cd535dae-68a6-4b81-b820-5294621ff3cf-groupManagement] INFO  server.RaftServerConfigKeys (ConfUtils.java:logGet(46)) - raft.server.log.queue.byte-limit = 4294967296 (custom)
2025-04-23 15:47:23,680 [cd535dae-68a6-4b81-b820-5294621ff3cf-groupManagement] INFO  server.RaftServerConfigKeys (ConfUtils.java:logGet(46)) - raft.server.log.queue.element-limit = 1024 (custom)
2025-04-23 15:47:23,680 [cd535dae-68a6-4b81-b820-5294621ff3cf-groupManagement] INFO  server.RaftServerConfigKeys (ConfUtils.java:logGet(46)) - raft.server.log.segment.size.max = 67108864 (custom)
2025-04-23 15:47:23,680 [cd535dae-68a6-4b81-b820-5294621ff3cf-groupManagement] INFO  server.RaftServerConfigKeys (ConfUtils.java:logGet(46)) - raft.server.log.preallocated.size = 4194304 (custom)
2025-04-23 15:47:23,680 [cd535dae-68a6-4b81-b820-5294621ff3cf-groupManagement] INFO  server.RaftServerConfigKeys (ConfUtils.java:logGet(46)) - raft.server.log.force.sync.num = 128 (default)
2025-04-23 15:47:23,680 [cd535dae-68a6-4b81-b820-5294621ff3cf-groupManagement] INFO  server.RaftServerConfigKeys (ConfUtils.java:logGet(46)) - raft.server.log.statemachine.data.sync = true (default)
2025-04-23 15:47:23,680 [cd535dae-68a6-4b81-b820-5294621ff3cf-groupManagement] INFO  server.RaftServerConfigKeys (ConfUtils.java:logGet(46)) - raft.server.log.statemachine.data.sync.timeout = 10s (default)
2025-04-23 15:47:23,680 [cd535dae-68a6-4b81-b820-5294621ff3cf-groupManagement] INFO  server.RaftServerConfigKeys (ConfUtils.java:logGet(46)) - raft.server.log.statemachine.data.sync.timeout.retry = 30 (custom)
2025-04-23 15:47:23,680 [cd535dae-68a6-4b81-b820-5294621ff3cf-groupManagement] INFO  server.RaftServerConfigKeys (ConfUtils.java:logGet(46)) - raft.server.log.write.buffer.size = 33554440 (custom)
2025-04-23 15:47:23,681 [EventQueue-PipelineReportForPipelineReportHandler] INFO  pipeline.PipelineReportHandler (PipelineReportHandler.java:processPipelineReport(134)) - Opened pipeline PipelineID=b3451622-8fb8-4a3c-a78c-8b98a78958f3
2025-04-23 15:47:23,685 [cd535dae-68a6-4b81-b820-5294621ff3cf-groupManagement] INFO  server.RaftServerConfigKeys (ConfUtils.java:logGet(46)) - raft.server.log.appender.buffer.byte-limit = 33554432 (custom)
2025-04-23 15:47:23,685 [cd535dae-68a6-4b81-b820-5294621ff3cf-groupManagement] INFO  server.RaftServerConfigKeys (ConfUtils.java:logGet(46)) - raft.server.log.unsafe-flush.enabled = false (default)
2025-04-23 15:47:23,685 [cd535dae-68a6-4b81-b820-5294621ff3cf-groupManagement] INFO  server.RaftServerConfigKeys (ConfUtils.java:logGet(46)) - raft.server.log.async-flush.enabled = false (default)
2025-04-23 15:47:23,685 [cd535dae-68a6-4b81-b820-5294621ff3cf-groupManagement] INFO  server.RaftServerConfigKeys (ConfUtils.java:logGet(46)) - raft.server.log.statemachine.data.caching.enabled = true (custom)
2025-04-23 15:47:23,685 [cd535dae-68a6-4b81-b820-5294621ff3cf-groupManagement] INFO  segmented.SegmentedRaftLogWorker (SegmentedRaftLogWorker.java:lambda$new$0(139)) - cd535dae-68a6-4b81-b820-5294621ff3cf@group-8B98A78958F3-SegmentedRaftLogWorker: flushIndex: setUnconditionally 0 -> -1
2025-04-23 15:47:23,685 [cd535dae-68a6-4b81-b820-5294621ff3cf-groupManagement] INFO  segmented.SegmentedRaftLogWorker (SegmentedRaftLogWorker.java:lambda$new$0(139)) - cd535dae-68a6-4b81-b820-5294621ff3cf@group-8B98A78958F3-SegmentedRaftLogWorker: safeCacheEvictIndex: setUnconditionally 0 -> -1
2025-04-23 15:47:23,686 [cd535dae-68a6-4b81-b820-5294621ff3cf-groupManagement] INFO  server.RaftServer$Division (RaftServerImpl.java:start(391)) - cd535dae-68a6-4b81-b820-5294621ff3cf@group-8B98A78958F3: start as a follower, conf=conf: {index: -1, cur=peers:[cd535dae-68a6-4b81-b820-5294621ff3cf|127.0.0.1:15081]|listeners:[], old=null}
2025-04-23 15:47:23,686 [cd535dae-68a6-4b81-b820-5294621ff3cf-groupManagement] INFO  server.RaftServer$Division (RaftServerImpl.java:setRole(378)) - cd535dae-68a6-4b81-b820-5294621ff3cf@group-8B98A78958F3: changes role from      null to FOLLOWER at term 0 for startAsFollower
2025-04-23 15:47:23,686 [cd535dae-68a6-4b81-b820-5294621ff3cf-groupManagement] INFO  impl.RoleInfo (RoleInfo.java:updateAndGet(148)) - cd535dae-68a6-4b81-b820-5294621ff3cf: start cd535dae-68a6-4b81-b820-5294621ff3cf@group-8B98A78958F3-FollowerState
2025-04-23 15:47:23,686 [cd535dae-68a6-4b81-b820-5294621ff3cf-groupManagement] INFO  util.JmxRegister (JmxRegister.java:tryRegister(44)) - Successfully registered JMX Bean with object name Ratis:service=RaftServer,group=group-8B98A78958F3,id=cd535dae-68a6-4b81-b820-5294621ff3cf
2025-04-23 15:47:23,686 [cd535dae-68a6-4b81-b820-5294621ff3cf-groupManagement] INFO  util.JmxRegister (JmxRegister.java:register(58)) - register mxBean class org.apache.ratis.server.impl.RaftServerJmxAdapter as Ratis:service=RaftServer,group=group-8B98A78958F3,id=cd535dae-68a6-4b81-b820-5294621ff3cf
2025-04-23 15:47:23,686 [cd535dae-68a6-4b81-b820-5294621ff3cf@group-8B98A78958F3-FollowerState] INFO  server.RaftServerConfigKeys (ConfUtils.java:logGet(46)) - raft.server.rpc.first-election.timeout.min = 1000ms (custom)
2025-04-23 15:47:23,686 [cd535dae-68a6-4b81-b820-5294621ff3cf@group-8B98A78958F3-FollowerState] INFO  server.RaftServerConfigKeys (ConfUtils.java:logGet(46)) - raft.server.rpc.first-election.timeout.max = 1200ms (custom)
2025-04-23 15:47:23,686 [cd535dae-68a6-4b81-b820-5294621ff3cf-groupManagement] INFO  server.RaftServerConfigKeys (ConfUtils.java:logGet(46)) - raft.server.snapshot.trigger-when-stop.enabled = true (default)
2025-04-23 15:47:23,686 [cd535dae-68a6-4b81-b820-5294621ff3cf-groupManagement] INFO  server.RaftServerConfigKeys (ConfUtils.java:logGet(46)) - raft.server.snapshot.trigger-when-remove.enabled = true (default)
2025-04-23 15:47:23,686 [cd535dae-68a6-4b81-b820-5294621ff3cf-groupManagement] INFO  server.RaftServerConfigKeys (ConfUtils.java:logGet(46)) - raft.server.snapshot.auto.trigger.enabled = true (custom)
2025-04-23 15:47:23,686 [cd535dae-68a6-4b81-b820-5294621ff3cf-groupManagement] INFO  server.RaftServerConfigKeys (ConfUtils.java:logGet(46)) - raft.server.snapshot.auto.trigger.threshold = 100000 (custom)
2025-04-23 15:47:23,686 [cd535dae-68a6-4b81-b820-5294621ff3cf-groupManagement] INFO  server.RaftServerConfigKeys (ConfUtils.java:logGet(46)) - raft.server.snapshot.retention.file.num = 5 (custom)
2025-04-23 15:47:23,686 [cd535dae-68a6-4b81-b820-5294621ff3cf-groupManagement] INFO  server.RaftServerConfigKeys (ConfUtils.java:logGet(46)) - raft.server.log.purge.upto.snapshot.index = false (default)
2025-04-23 15:47:23,687 [cd535dae-68a6-4b81-b820-5294621ff3cf-groupManagement] INFO  server.RaftServer$Division (RaftServerImpl.java:start(405)) - cd535dae-68a6-4b81-b820-5294621ff3cf@group-8B98A78958F3: Successfully started.
2025-04-23 15:47:23,687 [cd535dae-68a6-4b81-b820-5294621ff3cf-PipelineCommandHandlerThread-0] INFO  ratis.XceiverServerRatis (XceiverServerRatis.java:addGroup(842)) - Created group PipelineID=b3451622-8fb8-4a3c-a78c-8b98a78958f3
2025-04-23 15:47:23,687 [cd535dae-68a6-4b81-b820-5294621ff3cf-PipelineCommandHandlerThread-0] INFO  commandhandler.CreatePipelineCommandHandler (CreatePipelineCommandHandler.java:lambda$handle$2(128)) - Created Pipeline RATIS ONE PipelineID=b3451622-8fb8-4a3c-a78c-8b98a78958f3.
2025-04-23 15:47:23,710 [29e49559-ca15-4e73-8b82-6fc70a227cc4@group-415D9042B882-FollowerState] INFO  impl.FollowerState (FollowerState.java:runImpl(161)) - 29e49559-ca15-4e73-8b82-6fc70a227cc4@group-415D9042B882-FollowerState: change to CANDIDATE, lastRpcElapsedTime:1112488387ns, electionTimeout:1112ms
2025-04-23 15:47:23,710 [29e49559-ca15-4e73-8b82-6fc70a227cc4@group-415D9042B882-FollowerState] INFO  impl.RoleInfo (RoleInfo.java:shutdownFollowerState(121)) - 29e49559-ca15-4e73-8b82-6fc70a227cc4: shutdown 29e49559-ca15-4e73-8b82-6fc70a227cc4@group-415D9042B882-FollowerState
2025-04-23 15:47:23,710 [29e49559-ca15-4e73-8b82-6fc70a227cc4@group-415D9042B882-FollowerState] INFO  server.RaftServer$Division (RaftServerImpl.java:setRole(378)) - 29e49559-ca15-4e73-8b82-6fc70a227cc4@group-415D9042B882: changes role from  FOLLOWER to CANDIDATE at term 0 for changeToCandidate
2025-04-23 15:47:23,710 [29e49559-ca15-4e73-8b82-6fc70a227cc4@group-415D9042B882-FollowerState] INFO  server.RaftServerConfigKeys (ConfUtils.java:logGet(46)) - raft.server.leaderelection.pre-vote = true (default)
2025-04-23 15:47:23,710 [29e49559-ca15-4e73-8b82-6fc70a227cc4@group-415D9042B882-FollowerState] INFO  impl.RoleInfo (RoleInfo.java:updateAndGet(148)) - 29e49559-ca15-4e73-8b82-6fc70a227cc4: start 29e49559-ca15-4e73-8b82-6fc70a227cc4@group-415D9042B882-LeaderElection43
2025-04-23 15:47:23,711 [29e49559-ca15-4e73-8b82-6fc70a227cc4@group-415D9042B882-LeaderElection43] INFO  impl.LeaderElection (LeaderElection.java:askForVotes(332)) - 29e49559-ca15-4e73-8b82-6fc70a227cc4@group-415D9042B882-LeaderElection43 PRE_VOTE round 0: submit vote requests at term 0 for conf: {index: -1, cur=peers:[81823ae8-7d79-44ce-8d00-770ee83d4f4f|127.0.0.1:15073, cd535dae-68a6-4b81-b820-5294621ff3cf|127.0.0.1:15081, 29e49559-ca15-4e73-8b82-6fc70a227cc4|127.0.0.1:15065]|listeners:[], old=null}
2025-04-23 15:47:23,711 [29e49559-ca15-4e73-8b82-6fc70a227cc4@group-415D9042B882-LeaderElection43-1] INFO  server.GrpcServerProtocolClient (GrpcServerProtocolClient.java:<init>(65)) - Build channel for 81823ae8-7d79-44ce-8d00-770ee83d4f4f|127.0.0.1:15073
2025-04-23 15:47:23,711 [29e49559-ca15-4e73-8b82-6fc70a227cc4@group-415D9042B882-LeaderElection43] INFO  server.RaftServerConfigKeys (ConfUtils.java:logGet(46)) - raft.server.rpc.first-election.timeout.min = 1000ms (custom)
2025-04-23 15:47:23,711 [29e49559-ca15-4e73-8b82-6fc70a227cc4@group-415D9042B882-LeaderElection43] INFO  server.RaftServerConfigKeys (ConfUtils.java:logGet(46)) - raft.server.rpc.first-election.timeout.max = 1200ms (custom)
2025-04-23 15:47:23,711 [29e49559-ca15-4e73-8b82-6fc70a227cc4@group-415D9042B882-LeaderElection43-2] INFO  server.GrpcServerProtocolClient (GrpcServerProtocolClient.java:<init>(65)) - Build channel for cd535dae-68a6-4b81-b820-5294621ff3cf|127.0.0.1:15081
2025-04-23 15:47:23,714 [grpc-default-executor-0] INFO  server.RaftServer$Division (RaftServerImpl.java:requestVote(1407)) - cd535dae-68a6-4b81-b820-5294621ff3cf@group-415D9042B882: receive requestVote(PRE_VOTE, 29e49559-ca15-4e73-8b82-6fc70a227cc4, group-415D9042B882, 0, (t:0, i:0))
2025-04-23 15:47:23,714 [grpc-default-executor-0] INFO  impl.VoteContext (VoteContext.java:log(49)) - cd535dae-68a6-4b81-b820-5294621ff3cf@group-415D9042B882-FOLLOWER: accept PRE_VOTE from 29e49559-ca15-4e73-8b82-6fc70a227cc4: our priority 0 <= candidate's priority 1
2025-04-23 15:47:23,714 [grpc-default-executor-5] INFO  server.RaftServer$Division (RaftServerImpl.java:requestVote(1407)) - 81823ae8-7d79-44ce-8d00-770ee83d4f4f@group-415D9042B882: receive requestVote(PRE_VOTE, 29e49559-ca15-4e73-8b82-6fc70a227cc4, group-415D9042B882, 0, (t:0, i:0))
2025-04-23 15:47:23,715 [grpc-default-executor-5] INFO  impl.VoteContext (VoteContext.java:log(49)) - 81823ae8-7d79-44ce-8d00-770ee83d4f4f@group-415D9042B882-FOLLOWER: accept PRE_VOTE from 29e49559-ca15-4e73-8b82-6fc70a227cc4: our priority 0 <= candidate's priority 1
2025-04-23 15:47:23,715 [grpc-default-executor-5] INFO  server.RaftServer$Division (RaftServerImpl.java:requestVote(1441)) - 81823ae8-7d79-44ce-8d00-770ee83d4f4f@group-415D9042B882 replies to PRE_VOTE vote request: 29e49559-ca15-4e73-8b82-6fc70a227cc4<-81823ae8-7d79-44ce-8d00-770ee83d4f4f#0:OK-t0. Peer's state: 81823ae8-7d79-44ce-8d00-770ee83d4f4f@group-415D9042B882:t0, leader=null, voted=, raftlog=Memoized:81823ae8-7d79-44ce-8d00-770ee83d4f4f@group-415D9042B882-SegmentedRaftLog:OPENED:c-1:lastnull, conf=conf: {index: -1, cur=peers:[81823ae8-7d79-44ce-8d00-770ee83d4f4f|127.0.0.1:15073, cd535dae-68a6-4b81-b820-5294621ff3cf|127.0.0.1:15081, 29e49559-ca15-4e73-8b82-6fc70a227cc4|127.0.0.1:15065]|listeners:[], old=null}
2025-04-23 15:47:23,715 [29e49559-ca15-4e73-8b82-6fc70a227cc4@group-415D9042B882-LeaderElection43] INFO  impl.LeaderElection (LeaderElection.java:logAndReturn(90)) - 29e49559-ca15-4e73-8b82-6fc70a227cc4@group-415D9042B882-LeaderElection43: PRE_VOTE PASSED received 1 response(s) and 0 exception(s):
2025-04-23 15:47:23,715 [29e49559-ca15-4e73-8b82-6fc70a227cc4@group-415D9042B882-LeaderElection43] INFO  impl.LeaderElection (LeaderElection.java:logAndReturn(94)) -   Response 0: 29e49559-ca15-4e73-8b82-6fc70a227cc4<-81823ae8-7d79-44ce-8d00-770ee83d4f4f#0:OK-t0
2025-04-23 15:47:23,715 [29e49559-ca15-4e73-8b82-6fc70a227cc4@group-415D9042B882-LeaderElection43] INFO  impl.LeaderElection (LeaderElection.java:askForVotes(334)) - 29e49559-ca15-4e73-8b82-6fc70a227cc4@group-415D9042B882-LeaderElection43 PRE_VOTE round 0: result PASSED
2025-04-23 15:47:23,714 [grpc-default-executor-0] INFO  server.RaftServer$Division (RaftServerImpl.java:requestVote(1441)) - cd535dae-68a6-4b81-b820-5294621ff3cf@group-415D9042B882 replies to PRE_VOTE vote request: 29e49559-ca15-4e73-8b82-6fc70a227cc4<-cd535dae-68a6-4b81-b820-5294621ff3cf#0:OK-t0. Peer's state: cd535dae-68a6-4b81-b820-5294621ff3cf@group-415D9042B882:t0, leader=null, voted=, raftlog=Memoized:cd535dae-68a6-4b81-b820-5294621ff3cf@group-415D9042B882-SegmentedRaftLog:OPENED:c-1:lastnull, conf=conf: {index: -1, cur=peers:[81823ae8-7d79-44ce-8d00-770ee83d4f4f|127.0.0.1:15073, cd535dae-68a6-4b81-b820-5294621ff3cf|127.0.0.1:15081, 29e49559-ca15-4e73-8b82-6fc70a227cc4|127.0.0.1:15065]|listeners:[], old=null}
2025-04-23 15:47:23,717 [29e49559-ca15-4e73-8b82-6fc70a227cc4@group-415D9042B882-LeaderElection43] INFO  impl.LeaderElection (LeaderElection.java:askForVotes(332)) - 29e49559-ca15-4e73-8b82-6fc70a227cc4@group-415D9042B882-LeaderElection43 ELECTION round 0: submit vote requests at term 1 for conf: {index: -1, cur=peers:[81823ae8-7d79-44ce-8d00-770ee83d4f4f|127.0.0.1:15073, cd535dae-68a6-4b81-b820-5294621ff3cf|127.0.0.1:15081, 29e49559-ca15-4e73-8b82-6fc70a227cc4|127.0.0.1:15065]|listeners:[], old=null}
2025-04-23 15:47:23,717 [29e49559-ca15-4e73-8b82-6fc70a227cc4@group-415D9042B882-LeaderElection43] INFO  server.RaftServerConfigKeys (ConfUtils.java:logGet(46)) - raft.server.rpc.first-election.timeout.min = 1000ms (custom)
2025-04-23 15:47:23,717 [29e49559-ca15-4e73-8b82-6fc70a227cc4@group-415D9042B882-LeaderElection43] INFO  server.RaftServerConfigKeys (ConfUtils.java:logGet(46)) - raft.server.rpc.first-election.timeout.max = 1200ms (custom)
2025-04-23 15:47:23,718 [grpc-default-executor-0] INFO  server.RaftServer$Division (RaftServerImpl.java:requestVote(1407)) - 81823ae8-7d79-44ce-8d00-770ee83d4f4f@group-415D9042B882: receive requestVote(ELECTION, 29e49559-ca15-4e73-8b82-6fc70a227cc4, group-415D9042B882, 1, (t:0, i:0))
2025-04-23 15:47:23,718 [grpc-default-executor-0] INFO  impl.VoteContext (VoteContext.java:log(49)) - 81823ae8-7d79-44ce-8d00-770ee83d4f4f@group-415D9042B882-FOLLOWER: accept ELECTION from 29e49559-ca15-4e73-8b82-6fc70a227cc4: our priority 0 <= candidate's priority 1
2025-04-23 15:47:23,718 [grpc-default-executor-0] INFO  server.RaftServer$Division (RaftServerImpl.java:setRole(378)) - 81823ae8-7d79-44ce-8d00-770ee83d4f4f@group-415D9042B882: changes role from  FOLLOWER to FOLLOWER at term 0 for candidate:29e49559-ca15-4e73-8b82-6fc70a227cc4
2025-04-23 15:47:23,718 [grpc-default-executor-0] INFO  impl.RoleInfo (RoleInfo.java:shutdownFollowerState(121)) - 81823ae8-7d79-44ce-8d00-770ee83d4f4f: shutdown 81823ae8-7d79-44ce-8d00-770ee83d4f4f@group-415D9042B882-FollowerState
2025-04-23 15:47:23,718 [grpc-default-executor-0] INFO  impl.RoleInfo (RoleInfo.java:updateAndGet(148)) - 81823ae8-7d79-44ce-8d00-770ee83d4f4f: start 81823ae8-7d79-44ce-8d00-770ee83d4f4f@group-415D9042B882-FollowerState
2025-04-23 15:47:23,718 [grpc-default-executor-5] INFO  server.RaftServer$Division (RaftServerImpl.java:requestVote(1407)) - cd535dae-68a6-4b81-b820-5294621ff3cf@group-415D9042B882: receive requestVote(ELECTION, 29e49559-ca15-4e73-8b82-6fc70a227cc4, group-415D9042B882, 1, (t:0, i:0))
2025-04-23 15:47:23,718 [grpc-default-executor-5] INFO  impl.VoteContext (VoteContext.java:log(49)) - cd535dae-68a6-4b81-b820-5294621ff3cf@group-415D9042B882-FOLLOWER: accept ELECTION from 29e49559-ca15-4e73-8b82-6fc70a227cc4: our priority 0 <= candidate's priority 1
2025-04-23 15:47:23,718 [grpc-default-executor-5] INFO  server.RaftServer$Division (RaftServerImpl.java:setRole(378)) - cd535dae-68a6-4b81-b820-5294621ff3cf@group-415D9042B882: changes role from  FOLLOWER to FOLLOWER at term 0 for candidate:29e49559-ca15-4e73-8b82-6fc70a227cc4
2025-04-23 15:47:23,719 [grpc-default-executor-5] INFO  impl.RoleInfo (RoleInfo.java:shutdownFollowerState(121)) - cd535dae-68a6-4b81-b820-5294621ff3cf: shutdown cd535dae-68a6-4b81-b820-5294621ff3cf@group-415D9042B882-FollowerState
2025-04-23 15:47:23,719 [grpc-default-executor-5] INFO  impl.RoleInfo (RoleInfo.java:updateAndGet(148)) - cd535dae-68a6-4b81-b820-5294621ff3cf: start cd535dae-68a6-4b81-b820-5294621ff3cf@group-415D9042B882-FollowerState
2025-04-23 15:47:23,719 [cd535dae-68a6-4b81-b820-5294621ff3cf@group-415D9042B882-FollowerState] INFO  impl.FollowerState (FollowerState.java:runImpl(170)) - cd535dae-68a6-4b81-b820-5294621ff3cf@group-415D9042B882-FollowerState was interrupted
2025-04-23 15:47:23,719 [grpc-default-executor-5] INFO  server.RaftServer$Division (RaftServerImpl.java:setFirstElection(562)) - cd535dae-68a6-4b81-b820-5294621ff3cf@group-415D9042B882: set firstElectionSinceStartup to false for candidate:29e49559-ca15-4e73-8b82-6fc70a227cc4
2025-04-23 15:47:23,719 [81823ae8-7d79-44ce-8d00-770ee83d4f4f@group-415D9042B882-FollowerState] INFO  impl.FollowerState (FollowerState.java:runImpl(170)) - 81823ae8-7d79-44ce-8d00-770ee83d4f4f@group-415D9042B882-FollowerState was interrupted
2025-04-23 15:47:23,720 [grpc-default-executor-5] INFO  server.RaftServer$Division (RaftServerImpl.java:requestVote(1441)) - cd535dae-68a6-4b81-b820-5294621ff3cf@group-415D9042B882 replies to ELECTION vote request: 29e49559-ca15-4e73-8b82-6fc70a227cc4<-cd535dae-68a6-4b81-b820-5294621ff3cf#0:OK-t1. Peer's state: cd535dae-68a6-4b81-b820-5294621ff3cf@group-415D9042B882:t1, leader=null, voted=29e49559-ca15-4e73-8b82-6fc70a227cc4, raftlog=Memoized:cd535dae-68a6-4b81-b820-5294621ff3cf@group-415D9042B882-SegmentedRaftLog:OPENED:c-1:lastnull, conf=conf: {index: -1, cur=peers:[81823ae8-7d79-44ce-8d00-770ee83d4f4f|127.0.0.1:15073, cd535dae-68a6-4b81-b820-5294621ff3cf|127.0.0.1:15081, 29e49559-ca15-4e73-8b82-6fc70a227cc4|127.0.0.1:15065]|listeners:[], old=null}
2025-04-23 15:47:23,720 [grpc-default-executor-0] INFO  server.RaftServer$Division (RaftServerImpl.java:requestVote(1441)) - 81823ae8-7d79-44ce-8d00-770ee83d4f4f@group-415D9042B882 replies to ELECTION vote request: 29e49559-ca15-4e73-8b82-6fc70a227cc4<-81823ae8-7d79-44ce-8d00-770ee83d4f4f#0:OK-t1. Peer's state: 81823ae8-7d79-44ce-8d00-770ee83d4f4f@group-415D9042B882:t1, leader=null, voted=29e49559-ca15-4e73-8b82-6fc70a227cc4, raftlog=Memoized:81823ae8-7d79-44ce-8d00-770ee83d4f4f@group-415D9042B882-SegmentedRaftLog:OPENED:c-1:lastnull, conf=conf: {index: -1, cur=peers:[81823ae8-7d79-44ce-8d00-770ee83d4f4f|127.0.0.1:15073, cd535dae-68a6-4b81-b820-5294621ff3cf|127.0.0.1:15081, 29e49559-ca15-4e73-8b82-6fc70a227cc4|127.0.0.1:15065]|listeners:[], old=null}
2025-04-23 15:47:23,721 [29e49559-ca15-4e73-8b82-6fc70a227cc4@group-415D9042B882-LeaderElection43] INFO  impl.LeaderElection (LeaderElection.java:logAndReturn(90)) - 29e49559-ca15-4e73-8b82-6fc70a227cc4@group-415D9042B882-LeaderElection43: ELECTION PASSED received 1 response(s) and 0 exception(s):
2025-04-23 15:47:23,721 [29e49559-ca15-4e73-8b82-6fc70a227cc4@group-415D9042B882-LeaderElection43] INFO  impl.LeaderElection (LeaderElection.java:logAndReturn(94)) -   Response 0: 29e49559-ca15-4e73-8b82-6fc70a227cc4<-81823ae8-7d79-44ce-8d00-770ee83d4f4f#0:OK-t1
2025-04-23 15:47:23,721 [29e49559-ca15-4e73-8b82-6fc70a227cc4@group-415D9042B882-LeaderElection43] INFO  impl.LeaderElection (LeaderElection.java:askForVotes(334)) - 29e49559-ca15-4e73-8b82-6fc70a227cc4@group-415D9042B882-LeaderElection43 ELECTION round 0: result PASSED
2025-04-23 15:47:23,721 [29e49559-ca15-4e73-8b82-6fc70a227cc4@group-415D9042B882-LeaderElection43] INFO  impl.RoleInfo (RoleInfo.java:shutdownLeaderElection(141)) - 29e49559-ca15-4e73-8b82-6fc70a227cc4: shutdown 29e49559-ca15-4e73-8b82-6fc70a227cc4@group-415D9042B882-LeaderElection43
2025-04-23 15:47:23,721 [29e49559-ca15-4e73-8b82-6fc70a227cc4@group-415D9042B882-LeaderElection43] INFO  server.RaftServer$Division (RaftServerImpl.java:setRole(378)) - 29e49559-ca15-4e73-8b82-6fc70a227cc4@group-415D9042B882: changes role from CANDIDATE to LEADER at term 1 for changeToLeader
2025-04-23 15:47:23,721 [29e49559-ca15-4e73-8b82-6fc70a227cc4@group-415D9042B882-LeaderElection43] INFO  server.RaftServerConfigKeys (ConfUtils.java:logGet(46)) - raft.server.staging.catchup.gap = 1000 (default)
2025-04-23 15:47:23,721 [29e49559-ca15-4e73-8b82-6fc70a227cc4@group-415D9042B882-LeaderElection43] INFO  server.RaftServerConfigKeys (ConfUtils.java:logGet(46)) - raft.server.write.element-limit = 1024 (custom)
2025-04-23 15:47:23,721 [29e49559-ca15-4e73-8b82-6fc70a227cc4@group-415D9042B882-LeaderElection43] INFO  server.RaftServerConfigKeys (ConfUtils.java:logGet(46)) - raft.server.write.byte-limit = 1024 M (=1073741824) (custom)
2025-04-23 15:47:23,721 [29e49559-ca15-4e73-8b82-6fc70a227cc4@group-415D9042B882-LeaderElection43] INFO  server.RaftServerConfigKeys (ConfUtils.java:logGet(46)) - raft.server.watch.timeout = 30s (custom)
2025-04-23 15:47:23,721 [29e49559-ca15-4e73-8b82-6fc70a227cc4@group-415D9042B882-LeaderElection43] INFO  server.RaftServerConfigKeys (ConfUtils.java:logGet(46)) - raft.server.watch.timeout.denomination = 1s (default)
2025-04-23 15:47:23,721 [29e49559-ca15-4e73-8b82-6fc70a227cc4@group-415D9042B882-LeaderElection43] INFO  server.RaftServerConfigKeys (ConfUtils.java:logGet(46)) - raft.server.watch.element-limit = 65536 (default)
2025-04-23 15:47:23,721 [29e49559-ca15-4e73-8b82-6fc70a227cc4@group-415D9042B882-LeaderElection43] INFO  server.RaftServerConfigKeys (ConfUtils.java:logGet(46)) - raft.server.read.leader.lease.enabled = false (default)
2025-04-23 15:47:23,721 [29e49559-ca15-4e73-8b82-6fc70a227cc4@group-415D9042B882-LeaderElection43] INFO  server.RaftServerConfigKeys (ConfUtils.java:logGet(46)) - raft.server.read.leader.lease.timeout.ratio = 0.9 (default)
2025-04-23 15:47:23,722 [29e49559-ca15-4e73-8b82-6fc70a227cc4@group-415D9042B882-LeaderElection43] INFO  server.RaftServerConfigKeys (ConfUtils.java:logGet(46)) - raft.server.rpc.timeout.min = 5s (custom)
2025-04-23 15:47:23,722 [29e49559-ca15-4e73-8b82-6fc70a227cc4@group-415D9042B882-LeaderElection43] INFO  server.RaftServerConfigKeys (ConfUtils.java:logGet(46)) - raft.server.log.log-metadata.enabled = true (default)
2025-04-23 15:47:23,722 [29e49559-ca15-4e73-8b82-6fc70a227cc4@group-415D9042B882-LeaderElection43] INFO  server.RaftServerConfigKeys (ConfUtils.java:logGet(46)) - raft.server.write.element-limit = 1024 (custom)
2025-04-23 15:47:23,722 [29e49559-ca15-4e73-8b82-6fc70a227cc4@group-415D9042B882-LeaderElection43] INFO  server.RaftServerConfigKeys (ConfUtils.java:logGet(46)) - raft.server.write.follower.gap.ratio.max = -1.0 (default)
2025-04-23 15:47:23,722 [29e49559-ca15-4e73-8b82-6fc70a227cc4@group-415D9042B882-LeaderElection43] INFO  server.RaftServerConfigKeys (ConfUtils.java:logGet(46)) - raft.server.log.appender.snapshot.chunk.size.max = 16MB (=16777216) (default)
2025-04-23 15:47:23,722 [29e49559-ca15-4e73-8b82-6fc70a227cc4@group-415D9042B882-LeaderElection43] INFO  server.RaftServerConfigKeys (ConfUtils.java:logGet(46)) - raft.server.log.appender.buffer.byte-limit = 33554432 (custom)
2025-04-23 15:47:23,722 [29e49559-ca15-4e73-8b82-6fc70a227cc4@group-415D9042B882-LeaderElection43] INFO  server.RaftServerConfigKeys (ConfUtils.java:logGet(46)) - raft.server.log.appender.buffer.element-limit = 1024 (custom)
2025-04-23 15:47:23,722 [29e49559-ca15-4e73-8b82-6fc70a227cc4@group-415D9042B882-LeaderElection43] INFO  server.RaftServerConfigKeys (ConfUtils.java:logGet(46)) - raft.server.log.appender.wait-time.min = 0μs (custom)
2025-04-23 15:47:23,722 [29e49559-ca15-4e73-8b82-6fc70a227cc4@group-415D9042B882-LeaderElection43] INFO  grpc.GrpcConfigKeys (ConfUtils.java:logGet(46)) - raft.grpc.server.leader.outstanding.appends.max = 8 (default)
2025-04-23 15:47:23,722 [29e49559-ca15-4e73-8b82-6fc70a227cc4@group-415D9042B882-LeaderElection43] INFO  server.RaftServerConfigKeys (ConfUtils.java:logGet(46)) - raft.server.rpc.request.timeout = 60s (custom)
2025-04-23 15:47:23,722 [29e49559-ca15-4e73-8b82-6fc70a227cc4@group-415D9042B882-LeaderElection43] INFO  grpc.GrpcConfigKeys (ConfUtils.java:logGet(46)) - raft.grpc.server.install_snapshot.request.element-limit = 8 (default)
2025-04-23 15:47:23,722 [29e49559-ca15-4e73-8b82-6fc70a227cc4@group-415D9042B882-LeaderElection43] INFO  grpc.GrpcConfigKeys (ConfUtils.java:logGet(46)) - raft.grpc.server.install_snapshot.request.timeout = 3000ms (default)
2025-04-23 15:47:23,722 [29e49559-ca15-4e73-8b82-6fc70a227cc4@group-415D9042B882-LeaderElection43] INFO  grpc.GrpcConfigKeys (ConfUtils.java:logGet(46)) - raft.grpc.server.log-message.batch.duration = 5s (default)
2025-04-23 15:47:23,722 [29e49559-ca15-4e73-8b82-6fc70a227cc4@group-415D9042B882-LeaderElection43] INFO  server.RaftServerConfigKeys (ConfUtils.java:logGet(46)) - raft.server.log.appender.install.snapshot.enabled = false (custom)
2025-04-23 15:47:23,722 [29e49559-ca15-4e73-8b82-6fc70a227cc4@group-415D9042B882-LeaderElection43] INFO  grpc.GrpcConfigKeys (ConfUtils.java:logGet(46)) - raft.grpc.server.heartbeat.channel = true (default)
2025-04-23 15:47:23,723 [29e49559-ca15-4e73-8b82-6fc70a227cc4@group-415D9042B882-LeaderElection43] INFO  server.RaftServerConfigKeys (ConfUtils.java:logGet(46)) - raft.server.log.appender.snapshot.chunk.size.max = 16MB (=16777216) (default)
2025-04-23 15:47:23,723 [29e49559-ca15-4e73-8b82-6fc70a227cc4@group-415D9042B882-LeaderElection43] INFO  server.RaftServerConfigKeys (ConfUtils.java:logGet(46)) - raft.server.log.appender.buffer.byte-limit = 33554432 (custom)
2025-04-23 15:47:23,723 [29e49559-ca15-4e73-8b82-6fc70a227cc4@group-415D9042B882-LeaderElection43] INFO  server.RaftServerConfigKeys (ConfUtils.java:logGet(46)) - raft.server.log.appender.buffer.element-limit = 1024 (custom)
2025-04-23 15:47:23,723 [29e49559-ca15-4e73-8b82-6fc70a227cc4@group-415D9042B882-LeaderElection43] INFO  server.RaftServerConfigKeys (ConfUtils.java:logGet(46)) - raft.server.log.appender.wait-time.min = 0μs (custom)
2025-04-23 15:47:23,723 [29e49559-ca15-4e73-8b82-6fc70a227cc4@group-415D9042B882-LeaderElection43] INFO  grpc.GrpcConfigKeys (ConfUtils.java:logGet(46)) - raft.grpc.server.leader.outstanding.appends.max = 8 (default)
2025-04-23 15:47:23,723 [29e49559-ca15-4e73-8b82-6fc70a227cc4@group-415D9042B882-LeaderElection43] INFO  server.RaftServerConfigKeys (ConfUtils.java:logGet(46)) - raft.server.rpc.request.timeout = 60s (custom)
2025-04-23 15:47:23,723 [29e49559-ca15-4e73-8b82-6fc70a227cc4@group-415D9042B882-LeaderElection43] INFO  grpc.GrpcConfigKeys (ConfUtils.java:logGet(46)) - raft.grpc.server.install_snapshot.request.element-limit = 8 (default)
2025-04-23 15:47:23,723 [29e49559-ca15-4e73-8b82-6fc70a227cc4@group-415D9042B882-LeaderElection43] INFO  grpc.GrpcConfigKeys (ConfUtils.java:logGet(46)) - raft.grpc.server.install_snapshot.request.timeout = 3000ms (default)
2025-04-23 15:47:23,723 [29e49559-ca15-4e73-8b82-6fc70a227cc4@group-415D9042B882-LeaderElection43] INFO  grpc.GrpcConfigKeys (ConfUtils.java:logGet(46)) - raft.grpc.server.log-message.batch.duration = 5s (default)
2025-04-23 15:47:23,723 [29e49559-ca15-4e73-8b82-6fc70a227cc4@group-415D9042B882-LeaderElection43] INFO  server.RaftServerConfigKeys (ConfUtils.java:logGet(46)) - raft.server.log.appender.install.snapshot.enabled = false (custom)
2025-04-23 15:47:23,723 [29e49559-ca15-4e73-8b82-6fc70a227cc4@group-415D9042B882-LeaderElection43] INFO  grpc.GrpcConfigKeys (ConfUtils.java:logGet(46)) - raft.grpc.server.heartbeat.channel = true (default)
2025-04-23 15:47:23,723 [29e49559-ca15-4e73-8b82-6fc70a227cc4@group-415D9042B882-LeaderElection43] INFO  impl.RoleInfo (RoleInfo.java:updateAndGet(148)) - 29e49559-ca15-4e73-8b82-6fc70a227cc4: start 29e49559-ca15-4e73-8b82-6fc70a227cc4@group-415D9042B882-LeaderStateImpl
2025-04-23 15:47:23,723 [29e49559-ca15-4e73-8b82-6fc70a227cc4@group-415D9042B882-LeaderElection43] INFO  server.RaftServer$Division (RaftServerImpl.java:setFirstElection(562)) - 29e49559-ca15-4e73-8b82-6fc70a227cc4@group-415D9042B882: set firstElectionSinceStartup to false for becomeLeader
2025-04-23 15:47:23,723 [29e49559-ca15-4e73-8b82-6fc70a227cc4@group-415D9042B882-LeaderElection43] INFO  ratis.XceiverServerRatis (XceiverServerRatis.java:handleLeaderChangedNotification(942)) - Leader change notification received for group: group-415D9042B882 with new leaderId: 29e49559-ca15-4e73-8b82-6fc70a227cc4
2025-04-23 15:47:23,724 [29e49559-ca15-4e73-8b82-6fc70a227cc4@group-415D9042B882-LeaderElection43] INFO  server.RaftServer$Division (ServerState.java:setLeader(272)) - 29e49559-ca15-4e73-8b82-6fc70a227cc4@group-415D9042B882: change Leader from null to 29e49559-ca15-4e73-8b82-6fc70a227cc4 at term 1 for becomeLeader, leader elected after 1139ms
2025-04-23 15:47:23,724 [29e49559-ca15-4e73-8b82-6fc70a227cc4@group-415D9042B882-LeaderElection43] INFO  segmented.SegmentedRaftLogWorker (SegmentedRaftLogWorker.java:startLogSegment(438)) - 29e49559-ca15-4e73-8b82-6fc70a227cc4@group-415D9042B882-SegmentedRaftLogWorker: Starting segment from index:0
2025-04-23 15:47:23,724 [29e49559-ca15-4e73-8b82-6fc70a227cc4@group-415D9042B882-LeaderElection43] INFO  server.RaftServer$Division (ServerState.java:setRaftConf(386)) - 29e49559-ca15-4e73-8b82-6fc70a227cc4@group-415D9042B882: set configuration conf: {index: 0, cur=peers:[81823ae8-7d79-44ce-8d00-770ee83d4f4f|127.0.0.1:15073, cd535dae-68a6-4b81-b820-5294621ff3cf|127.0.0.1:15081, 29e49559-ca15-4e73-8b82-6fc70a227cc4|127.0.0.1:15065]|listeners:[], old=null}
2025-04-23 15:47:23,724 [29e49559-ca15-4e73-8b82-6fc70a227cc4@group-415D9042B882-SegmentedRaftLogWorker] INFO  segmented.BufferedWriteChannel (BufferedWriteChannel.java:open(61)) - open log_inprogress_0 at position 0
2025-04-23 15:47:23,728 [EventQueue-PipelineReportForPipelineReportHandler] INFO  pipeline.PipelineReportHandler (PipelineReportHandler.java:processPipelineReport(134)) - Opened pipeline PipelineID=155d96e7-00e4-4931-9a3b-415d9042b882
2025-04-23 15:47:23,730 [cd535dae-68a6-4b81-b820-5294621ff3cf-server-thread1] INFO  ratis.XceiverServerRatis (XceiverServerRatis.java:handleLeaderChangedNotification(942)) - Leader change notification received for group: group-415D9042B882 with new leaderId: 29e49559-ca15-4e73-8b82-6fc70a227cc4
2025-04-23 15:47:23,731 [cd535dae-68a6-4b81-b820-5294621ff3cf-server-thread1] INFO  server.RaftServer$Division (ServerState.java:setLeader(272)) - cd535dae-68a6-4b81-b820-5294621ff3cf@group-415D9042B882: change Leader from null to 29e49559-ca15-4e73-8b82-6fc70a227cc4 at term 1 for appendEntries, leader elected after 1167ms
2025-04-23 15:47:23,731 [81823ae8-7d79-44ce-8d00-770ee83d4f4f-server-thread1] INFO  ratis.XceiverServerRatis (XceiverServerRatis.java:handleLeaderChangedNotification(942)) - Leader change notification received for group: group-415D9042B882 with new leaderId: 29e49559-ca15-4e73-8b82-6fc70a227cc4
2025-04-23 15:47:23,731 [81823ae8-7d79-44ce-8d00-770ee83d4f4f-server-thread1] INFO  server.RaftServer$Division (ServerState.java:setLeader(272)) - 81823ae8-7d79-44ce-8d00-770ee83d4f4f@group-415D9042B882: change Leader from null to 29e49559-ca15-4e73-8b82-6fc70a227cc4 at term 1 for appendEntries, leader elected after 1187ms
2025-04-23 15:47:23,731 [cd535dae-68a6-4b81-b820-5294621ff3cf-server-thread2] INFO  server.RaftServer$Division (ServerState.java:setRaftConf(386)) - cd535dae-68a6-4b81-b820-5294621ff3cf@group-415D9042B882: set configuration conf: {index: 0, cur=peers:[81823ae8-7d79-44ce-8d00-770ee83d4f4f|127.0.0.1:15073, cd535dae-68a6-4b81-b820-5294621ff3cf|127.0.0.1:15081, 29e49559-ca15-4e73-8b82-6fc70a227cc4|127.0.0.1:15065]|listeners:[], old=null}
2025-04-23 15:47:23,731 [cd535dae-68a6-4b81-b820-5294621ff3cf-server-thread2] INFO  segmented.SegmentedRaftLogWorker (SegmentedRaftLogWorker.java:startLogSegment(438)) - cd535dae-68a6-4b81-b820-5294621ff3cf@group-415D9042B882-SegmentedRaftLogWorker: Starting segment from index:0
2025-04-23 15:47:23,731 [81823ae8-7d79-44ce-8d00-770ee83d4f4f-server-thread2] INFO  server.RaftServer$Division (ServerState.java:setRaftConf(386)) - 81823ae8-7d79-44ce-8d00-770ee83d4f4f@group-415D9042B882: set configuration conf: {index: 0, cur=peers:[81823ae8-7d79-44ce-8d00-770ee83d4f4f|127.0.0.1:15073, cd535dae-68a6-4b81-b820-5294621ff3cf|127.0.0.1:15081, 29e49559-ca15-4e73-8b82-6fc70a227cc4|127.0.0.1:15065]|listeners:[], old=null}
2025-04-23 15:47:23,732 [81823ae8-7d79-44ce-8d00-770ee83d4f4f-server-thread2] INFO  segmented.SegmentedRaftLogWorker (SegmentedRaftLogWorker.java:startLogSegment(438)) - 81823ae8-7d79-44ce-8d00-770ee83d4f4f@group-415D9042B882-SegmentedRaftLogWorker: Starting segment from index:0
2025-04-23 15:47:23,732 [cd535dae-68a6-4b81-b820-5294621ff3cf@group-415D9042B882-SegmentedRaftLogWorker] INFO  segmented.BufferedWriteChannel (BufferedWriteChannel.java:open(61)) - open log_inprogress_0 at position 0
2025-04-23 15:47:23,732 [81823ae8-7d79-44ce-8d00-770ee83d4f4f@group-415D9042B882-SegmentedRaftLogWorker] INFO  segmented.BufferedWriteChannel (BufferedWriteChannel.java:open(61)) - open log_inprogress_0 at position 0
2025-04-23 15:47:23,736 [29e49559-ca15-4e73-8b82-6fc70a227cc4@group-415D9042B882-SegmentedRaftLogWorker] INFO  segmented.SegmentedRaftLogWorker (SegmentedRaftLogWorker.java:execute(644)) - 29e49559-ca15-4e73-8b82-6fc70a227cc4@group-415D9042B882-SegmentedRaftLogWorker: created new log segment /home/runner/work/ozone/ozone/hadoop-ozone/integration-test/target/test-dir/MiniOzoneClusterImpl-11ed033c-ec90-4580-9385-902e6658689d/ozone-meta/datanode-1/ratis/155d96e7-00e4-4931-9a3b-415d9042b882/current/log_inprogress_0
2025-04-23 15:47:23,745 [cd535dae-68a6-4b81-b820-5294621ff3cf@group-415D9042B882-SegmentedRaftLogWorker] INFO  segmented.SegmentedRaftLogWorker (SegmentedRaftLogWorker.java:execute(644)) - cd535dae-68a6-4b81-b820-5294621ff3cf@group-415D9042B882-SegmentedRaftLogWorker: created new log segment /home/runner/work/ozone/ozone/hadoop-ozone/integration-test/target/test-dir/MiniOzoneClusterImpl-11ed033c-ec90-4580-9385-902e6658689d/ozone-meta/datanode-3/ratis/155d96e7-00e4-4931-9a3b-415d9042b882/current/log_inprogress_0
2025-04-23 15:47:23,746 [81823ae8-7d79-44ce-8d00-770ee83d4f4f@group-415D9042B882-SegmentedRaftLogWorker] INFO  segmented.SegmentedRaftLogWorker (SegmentedRaftLogWorker.java:execute(644)) - 81823ae8-7d79-44ce-8d00-770ee83d4f4f@group-415D9042B882-SegmentedRaftLogWorker: created new log segment /home/runner/work/ozone/ozone/hadoop-ozone/integration-test/target/test-dir/MiniOzoneClusterImpl-11ed033c-ec90-4580-9385-902e6658689d/ozone-meta/datanode-2/ratis/155d96e7-00e4-4931-9a3b-415d9042b882/current/log_inprogress_0
2025-04-23 15:47:23,747 [29e49559-ca15-4e73-8b82-6fc70a227cc4@group-415D9042B882-StateMachineUpdater] INFO  server.RaftServer$Division (LeaderStateImpl.java:checkStartIndex(313)) - Leader 29e49559-ca15-4e73-8b82-6fc70a227cc4@group-415D9042B882-LeaderStateImpl is ready since appliedIndex == startIndex == 0
2025-04-23 15:47:24,172 [main] INFO  ozone.MiniOzoneClusterImpl (MiniOzoneClusterImpl.java:lambda$waitForClusterToBeReady$0(190)) - Nodes are ready. Got 3 of 3 DN Heartbeats.
2025-04-23 15:47:24,173 [main] INFO  ozone.MiniOzoneClusterImpl (MiniOzoneClusterImpl.java:lambda$waitForClusterToBeReady$0(193)) - Cluster exits safe mode
2025-04-23 15:47:24,173 [main] INFO  ozone.MiniOzoneClusterImpl (MiniOzoneClusterImpl.java:lambda$waitForClusterToBeReady$0(195)) - SCM became leader
2025-04-23 15:47:24,179 [main] INFO  rpc.RpcClient (RpcClient.java:createVolume(462)) - Creating Volume: volume03559, with user00571 as owner and space quota set to -1 bytes, counts quota set to -1
2025-04-23 15:47:24,192 [omNode-2-OMStateMachineApplyTransactionThread - 0] WARN  helpers.OzoneAclUtil (OzoneAclUtil.java:getDefaultAclList(77)) - Failed to get primary group from user user00571 (auth:SIMPLE)
2025-04-23 15:47:24,192 [omNode-1-OMStateMachineApplyTransactionThread - 0] WARN  helpers.OzoneAclUtil (OzoneAclUtil.java:getDefaultAclList(77)) - Failed to get primary group from user user00571 (auth:SIMPLE)
2025-04-23 15:47:24,192 [omNode-3-OMStateMachineApplyTransactionThread - 0] WARN  helpers.OzoneAclUtil (OzoneAclUtil.java:getDefaultAclList(77)) - Failed to get primary group from user user00571 (auth:SIMPLE)
2025-04-23 15:47:24,192 [omNode-3-OMStateMachineApplyTransactionThread - 0] INFO  volume.OMVolumeCreateRequest (OMVolumeCreateRequest.java:validateAndUpdateCache(203)) - created volume:volume03559 for user:user00571
2025-04-23 15:47:24,192 [omNode-1-OMStateMachineApplyTransactionThread - 0] INFO  volume.OMVolumeCreateRequest (OMVolumeCreateRequest.java:validateAndUpdateCache(203)) - created volume:volume03559 for user:user00571
2025-04-23 15:47:24,192 [omNode-2-OMStateMachineApplyTransactionThread - 0] INFO  volume.OMVolumeCreateRequest (OMVolumeCreateRequest.java:validateAndUpdateCache(203)) - created volume:volume03559 for user:user00571
2025-04-23 15:47:24,195 [main] INFO  rpc.RpcClient (RpcClient.java:createBucket(687)) - Creating Bucket: volume03559/bucket70890, with server-side default bucket layout, runner as owner, Versioning false, Storage Type set to DISK and Encryption set to false, Replication Type set to server-side default replication type, Namespace Quota set to -1, Space Quota set to -1 
2025-04-23 15:47:24,198 [omNode-1-OMStateMachineApplyTransactionThread - 0] INFO  bucket.OMBucketCreateRequest (OMBucketCreateRequest.java:validateAndUpdateCache(291)) - created bucket: bucket70890 of layout OBJECT_STORE in volume: volume03559
2025-04-23 15:47:24,199 [omNode-3-OMStateMachineApplyTransactionThread - 0] INFO  bucket.OMBucketCreateRequest (OMBucketCreateRequest.java:validateAndUpdateCache(291)) - created bucket: bucket70890 of layout OBJECT_STORE in volume: volume03559
2025-04-23 15:47:24,199 [omNode-2-OMStateMachineApplyTransactionThread - 0] INFO  bucket.OMBucketCreateRequest (OMBucketCreateRequest.java:validateAndUpdateCache(291)) - created bucket: bucket70890 of layout OBJECT_STORE in volume: volume03559
2025-04-23 15:47:24,204 [IPC Server handler 7 on default port 15043] INFO  ha.SequenceIdGenerator (SequenceIdGenerator.java:getNextId(143)) - Allocate a batch for containerId, change lastId from 0 to 1000.
2025-04-23 15:47:24,206 [42a608c1-c4a9-40f1-8254-ab35a5a5924c@group-902E6658689D-StateMachineUpdater] WARN  ha.SequenceIdGenerator (SequenceIdGenerator.java:allocateBatch(256)) - Failed to allocate a batch for localId, expected lastId is 0, actual lastId is 115816896921600000.
2025-04-23 15:47:24,207 [IPC Server handler 7 on default port 15043] INFO  ha.SequenceIdGenerator (SequenceIdGenerator.java:getNextId(143)) - Allocate a batch for localId, change lastId from 115816896921600000 to 115816896921601000.
2025-04-23 15:47:24,221 [grpc-default-executor-4] ERROR impl.OrderedAsync (OrderedAsync.java:lambda$null$6(215)) -  client-A245252B2D02: Failed* RaftClientRequest:client-A245252B2D02->cd535dae-68a6-4b81-b820-5294621ff3cf@group-8B98A78958F3, cid=41, seq=1*, Watch(0), null
java.util.concurrent.CompletionException: org.apache.ratis.protocol.exceptions.NotLeaderException: Server cd535dae-68a6-4b81-b820-5294621ff3cf@group-8B98A78958F3 is not the leader
	at java.base/java.util.concurrent.CompletableFuture.encodeThrowable(CompletableFuture.java:332)
	at java.base/java.util.concurrent.CompletableFuture.completeThrowable(CompletableFuture.java:347)
	at java.base/java.util.concurrent.CompletableFuture$UniAccept.tryFire(CompletableFuture.java:708)
	at java.base/java.util.concurrent.CompletableFuture.postComplete(CompletableFuture.java:510)
	at java.base/java.util.concurrent.CompletableFuture.completeExceptionally(CompletableFuture.java:2194)
	at org.apache.ratis.grpc.client.GrpcClientProtocolClient$AsyncStreamObservers.completeReplyExceptionally(GrpcClientProtocolClient.java:397)
	at org.apache.ratis.grpc.client.GrpcClientProtocolClient$AsyncStreamObservers.access$000(GrpcClientProtocolClient.java:303)
	at org.apache.ratis.grpc.client.GrpcClientProtocolClient$AsyncStreamObservers$1.onNext(GrpcClientProtocolClient.java:317)
	at org.apache.ratis.grpc.client.GrpcClientProtocolClient$AsyncStreamObservers$1.onNext(GrpcClientProtocolClient.java:308)
	at org.apache.ratis.thirdparty.io.grpc.stub.ClientCalls$StreamObserverToCallListenerAdapter.onMessage(ClientCalls.java:468)
	at org.apache.ratis.thirdparty.io.grpc.ForwardingClientCallListener.onMessage(ForwardingClientCallListener.java:33)
	at org.apache.ratis.thirdparty.io.grpc.internal.ClientCallImpl$ClientStreamListenerImpl$1MessagesAvailable.runInternal(ClientCallImpl.java:660)
	at org.apache.ratis.thirdparty.io.grpc.internal.ClientCallImpl$ClientStreamListenerImpl$1MessagesAvailable.runInContext(ClientCallImpl.java:647)
	at org.apache.ratis.thirdparty.io.grpc.internal.ContextRunnable.run(ContextRunnable.java:37)
	at org.apache.ratis.thirdparty.io.grpc.internal.SerializingExecutor.run(SerializingExecutor.java:133)
	at java.base/java.util.concurrent.ThreadPoolExecutor.runWorker(ThreadPoolExecutor.java:1144)
	at java.base/java.util.concurrent.ThreadPoolExecutor$Worker.run(ThreadPoolExecutor.java:642)
	at java.base/java.lang.Thread.run(Thread.java:1583)
Caused by: org.apache.ratis.protocol.exceptions.NotLeaderException: Server cd535dae-68a6-4b81-b820-5294621ff3cf@group-8B98A78958F3 is not the leader
	at org.apache.ratis.client.impl.ClientProtoUtils.toRaftClientReply(ClientProtoUtils.java:402)
	at org.apache.ratis.grpc.client.GrpcClientProtocolClient$AsyncStreamObservers$1.onNext(GrpcClientProtocolClient.java:313)
	... 10 more
2025-04-23 15:47:24,276 [timer6] WARN  server.GrpcLogAppender (LogUtils.java:warn(121)) - omNode-1@group-523986131536->omNode-3-AppendLogResponseHandler: Failed appendEntries (Repeated 8 times in the last 5.001s): org.apache.ratis.thirdparty.io.grpc.StatusRuntimeException: UNAVAILABLE: io exception
2025-04-23 15:47:24,281 [timer1] WARN  server.GrpcLogAppender (GrpcLogAppender.java:lambda$resetClient$1(221)) - omNode-1@group-523986131536->omNode-3-GrpcLogAppender: Follower failed (request=null, errorCount=8); keep nextIndex (1) unchanged and retry. (Repeated 7 times in the last 5.000s)
2025-04-23 15:47:24,320 [29e49559-ca15-4e73-8b82-6fc70a227cc4@group-91716850738C-FollowerState] INFO  impl.FollowerState (FollowerState.java:runImpl(161)) - 29e49559-ca15-4e73-8b82-6fc70a227cc4@group-91716850738C-FollowerState: change to CANDIDATE, lastRpcElapsedTime:1032523211ns, electionTimeout:1032ms
2025-04-23 15:47:24,320 [29e49559-ca15-4e73-8b82-6fc70a227cc4@group-91716850738C-FollowerState] INFO  impl.RoleInfo (RoleInfo.java:shutdownFollowerState(121)) - 29e49559-ca15-4e73-8b82-6fc70a227cc4: shutdown 29e49559-ca15-4e73-8b82-6fc70a227cc4@group-91716850738C-FollowerState
2025-04-23 15:47:24,320 [29e49559-ca15-4e73-8b82-6fc70a227cc4@group-91716850738C-FollowerState] INFO  server.RaftServer$Division (RaftServerImpl.java:setRole(378)) - 29e49559-ca15-4e73-8b82-6fc70a227cc4@group-91716850738C: changes role from  FOLLOWER to CANDIDATE at term 0 for changeToCandidate
2025-04-23 15:47:24,321 [29e49559-ca15-4e73-8b82-6fc70a227cc4@group-91716850738C-FollowerState] INFO  server.RaftServerConfigKeys (ConfUtils.java:logGet(46)) - raft.server.leaderelection.pre-vote = true (default)
2025-04-23 15:47:24,321 [29e49559-ca15-4e73-8b82-6fc70a227cc4@group-91716850738C-FollowerState] INFO  impl.RoleInfo (RoleInfo.java:updateAndGet(148)) - 29e49559-ca15-4e73-8b82-6fc70a227cc4: start 29e49559-ca15-4e73-8b82-6fc70a227cc4@group-91716850738C-LeaderElection44
2025-04-23 15:47:24,321 [29e49559-ca15-4e73-8b82-6fc70a227cc4@group-91716850738C-LeaderElection44] INFO  impl.LeaderElection (LeaderElection.java:askForVotes(332)) - 29e49559-ca15-4e73-8b82-6fc70a227cc4@group-91716850738C-LeaderElection44 PRE_VOTE round 0: submit vote requests at term 0 for conf: {index: -1, cur=peers:[29e49559-ca15-4e73-8b82-6fc70a227cc4|127.0.0.1:15065]|listeners:[], old=null}
2025-04-23 15:47:24,321 [29e49559-ca15-4e73-8b82-6fc70a227cc4@group-91716850738C-LeaderElection44] INFO  impl.LeaderElection (LeaderElection.java:askForVotes(334)) - 29e49559-ca15-4e73-8b82-6fc70a227cc4@group-91716850738C-LeaderElection44 PRE_VOTE round 0: result PASSED (term=0)
2025-04-23 15:47:24,322 [29e49559-ca15-4e73-8b82-6fc70a227cc4@group-91716850738C-LeaderElection44] INFO  impl.LeaderElection (LeaderElection.java:askForVotes(332)) - 29e49559-ca15-4e73-8b82-6fc70a227cc4@group-91716850738C-LeaderElection44 ELECTION round 0: submit vote requests at term 1 for conf: {index: -1, cur=peers:[29e49559-ca15-4e73-8b82-6fc70a227cc4|127.0.0.1:15065]|listeners:[], old=null}
2025-04-23 15:47:24,322 [29e49559-ca15-4e73-8b82-6fc70a227cc4@group-91716850738C-LeaderElection44] INFO  impl.LeaderElection (LeaderElection.java:askForVotes(334)) - 29e49559-ca15-4e73-8b82-6fc70a227cc4@group-91716850738C-LeaderElection44 ELECTION round 0: result PASSED (term=1)
2025-04-23 15:47:24,323 [29e49559-ca15-4e73-8b82-6fc70a227cc4@group-91716850738C-LeaderElection44] INFO  impl.RoleInfo (RoleInfo.java:shutdownLeaderElection(141)) - 29e49559-ca15-4e73-8b82-6fc70a227cc4: shutdown 29e49559-ca15-4e73-8b82-6fc70a227cc4@group-91716850738C-LeaderElection44
2025-04-23 15:47:24,323 [29e49559-ca15-4e73-8b82-6fc70a227cc4@group-91716850738C-LeaderElection44] INFO  server.RaftServer$Division (RaftServerImpl.java:setRole(378)) - 29e49559-ca15-4e73-8b82-6fc70a227cc4@group-91716850738C: changes role from CANDIDATE to LEADER at term 1 for changeToLeader
2025-04-23 15:47:24,323 [29e49559-ca15-4e73-8b82-6fc70a227cc4@group-91716850738C-LeaderElection44] INFO  server.RaftServerConfigKeys (ConfUtils.java:logGet(46)) - raft.server.staging.catchup.gap = 1000 (default)
2025-04-23 15:47:24,323 [29e49559-ca15-4e73-8b82-6fc70a227cc4@group-91716850738C-LeaderElection44] INFO  server.RaftServerConfigKeys (ConfUtils.java:logGet(46)) - raft.server.write.element-limit = 1024 (custom)
2025-04-23 15:47:24,323 [29e49559-ca15-4e73-8b82-6fc70a227cc4@group-91716850738C-LeaderElection44] INFO  server.RaftServerConfigKeys (ConfUtils.java:logGet(46)) - raft.server.write.byte-limit = 1024 M (=1073741824) (custom)
2025-04-23 15:47:24,323 [29e49559-ca15-4e73-8b82-6fc70a227cc4@group-91716850738C-LeaderElection44] INFO  server.RaftServerConfigKeys (ConfUtils.java:logGet(46)) - raft.server.watch.timeout = 30s (custom)
2025-04-23 15:47:24,323 [29e49559-ca15-4e73-8b82-6fc70a227cc4@group-91716850738C-LeaderElection44] INFO  server.RaftServerConfigKeys (ConfUtils.java:logGet(46)) - raft.server.watch.timeout.denomination = 1s (default)
2025-04-23 15:47:24,323 [29e49559-ca15-4e73-8b82-6fc70a227cc4@group-91716850738C-LeaderElection44] INFO  server.RaftServerConfigKeys (ConfUtils.java:logGet(46)) - raft.server.watch.element-limit = 65536 (default)
2025-04-23 15:47:24,323 [29e49559-ca15-4e73-8b82-6fc70a227cc4@group-91716850738C-LeaderElection44] INFO  server.RaftServerConfigKeys (ConfUtils.java:logGet(46)) - raft.server.read.leader.lease.enabled = false (default)
2025-04-23 15:47:24,323 [29e49559-ca15-4e73-8b82-6fc70a227cc4@group-91716850738C-LeaderElection44] INFO  server.RaftServerConfigKeys (ConfUtils.java:logGet(46)) - raft.server.read.leader.lease.timeout.ratio = 0.9 (default)
2025-04-23 15:47:24,323 [29e49559-ca15-4e73-8b82-6fc70a227cc4@group-91716850738C-LeaderElection44] INFO  server.RaftServerConfigKeys (ConfUtils.java:logGet(46)) - raft.server.rpc.timeout.min = 5s (custom)
2025-04-23 15:47:24,323 [29e49559-ca15-4e73-8b82-6fc70a227cc4@group-91716850738C-LeaderElection44] INFO  server.RaftServerConfigKeys (ConfUtils.java:logGet(46)) - raft.server.log.log-metadata.enabled = true (default)
2025-04-23 15:47:24,323 [29e49559-ca15-4e73-8b82-6fc70a227cc4@group-91716850738C-LeaderElection44] INFO  server.RaftServerConfigKeys (ConfUtils.java:logGet(46)) - raft.server.write.element-limit = 1024 (custom)
2025-04-23 15:47:24,323 [29e49559-ca15-4e73-8b82-6fc70a227cc4@group-91716850738C-LeaderElection44] INFO  server.RaftServerConfigKeys (ConfUtils.java:logGet(46)) - raft.server.write.follower.gap.ratio.max = -1.0 (default)
2025-04-23 15:47:24,323 [29e49559-ca15-4e73-8b82-6fc70a227cc4@group-91716850738C-LeaderElection44] INFO  impl.RoleInfo (RoleInfo.java:updateAndGet(148)) - 29e49559-ca15-4e73-8b82-6fc70a227cc4: start 29e49559-ca15-4e73-8b82-6fc70a227cc4@group-91716850738C-LeaderStateImpl
2025-04-23 15:47:24,323 [29e49559-ca15-4e73-8b82-6fc70a227cc4@group-91716850738C-LeaderElection44] INFO  server.RaftServer$Division (RaftServerImpl.java:setFirstElection(562)) - 29e49559-ca15-4e73-8b82-6fc70a227cc4@group-91716850738C: set firstElectionSinceStartup to false for becomeLeader
2025-04-23 15:47:24,323 [29e49559-ca15-4e73-8b82-6fc70a227cc4@group-91716850738C-LeaderElection44] INFO  ratis.XceiverServerRatis (XceiverServerRatis.java:handleLeaderChangedNotification(942)) - Leader change notification received for group: group-91716850738C with new leaderId: 29e49559-ca15-4e73-8b82-6fc70a227cc4
2025-04-23 15:47:24,324 [29e49559-ca15-4e73-8b82-6fc70a227cc4@group-91716850738C-LeaderElection44] INFO  server.RaftServer$Division (ServerState.java:setLeader(272)) - 29e49559-ca15-4e73-8b82-6fc70a227cc4@group-91716850738C: change Leader from null to 29e49559-ca15-4e73-8b82-6fc70a227cc4 at term 1 for becomeLeader, leader elected after 1048ms
2025-04-23 15:47:24,324 [29e49559-ca15-4e73-8b82-6fc70a227cc4@group-91716850738C-LeaderElection44] INFO  segmented.SegmentedRaftLogWorker (SegmentedRaftLogWorker.java:startLogSegment(438)) - 29e49559-ca15-4e73-8b82-6fc70a227cc4@group-91716850738C-SegmentedRaftLogWorker: Starting segment from index:0
2025-04-23 15:47:24,324 [29e49559-ca15-4e73-8b82-6fc70a227cc4@group-91716850738C-LeaderElection44] INFO  server.RaftServer$Division (ServerState.java:setRaftConf(386)) - 29e49559-ca15-4e73-8b82-6fc70a227cc4@group-91716850738C: set configuration conf: {index: 0, cur=peers:[29e49559-ca15-4e73-8b82-6fc70a227cc4|127.0.0.1:15065]|listeners:[], old=null}
2025-04-23 15:47:24,324 [29e49559-ca15-4e73-8b82-6fc70a227cc4@group-91716850738C-SegmentedRaftLogWorker] INFO  segmented.BufferedWriteChannel (BufferedWriteChannel.java:open(61)) - open log_inprogress_0 at position 0
2025-04-23 15:47:24,332 [29e49559-ca15-4e73-8b82-6fc70a227cc4@group-91716850738C-SegmentedRaftLogWorker] INFO  segmented.SegmentedRaftLogWorker (SegmentedRaftLogWorker.java:execute(644)) - 29e49559-ca15-4e73-8b82-6fc70a227cc4@group-91716850738C-SegmentedRaftLogWorker: created new log segment /home/runner/work/ozone/ozone/hadoop-ozone/integration-test/target/test-dir/MiniOzoneClusterImpl-11ed033c-ec90-4580-9385-902e6658689d/ozone-meta/datanode-1/ratis/03a0f193-b777-4f5e-ba3b-91716850738c/current/log_inprogress_0
2025-04-23 15:47:24,333 [29e49559-ca15-4e73-8b82-6fc70a227cc4@group-91716850738C-StateMachineUpdater] INFO  server.RaftServer$Division (LeaderStateImpl.java:checkStartIndex(313)) - Leader 29e49559-ca15-4e73-8b82-6fc70a227cc4@group-91716850738C-LeaderStateImpl is ready since appliedIndex == startIndex == 0
2025-04-23 15:47:24,810 [cd535dae-68a6-4b81-b820-5294621ff3cf@group-8B98A78958F3-FollowerState] INFO  impl.FollowerState (FollowerState.java:runImpl(161)) - cd535dae-68a6-4b81-b820-5294621ff3cf@group-8B98A78958F3-FollowerState: change to CANDIDATE, lastRpcElapsedTime:1124688323ns, electionTimeout:1124ms
2025-04-23 15:47:24,810 [cd535dae-68a6-4b81-b820-5294621ff3cf@group-8B98A78958F3-FollowerState] INFO  impl.RoleInfo (RoleInfo.java:shutdownFollowerState(121)) - cd535dae-68a6-4b81-b820-5294621ff3cf: shutdown cd535dae-68a6-4b81-b820-5294621ff3cf@group-8B98A78958F3-FollowerState
2025-04-23 15:47:24,810 [cd535dae-68a6-4b81-b820-5294621ff3cf@group-8B98A78958F3-FollowerState] INFO  server.RaftServer$Division (RaftServerImpl.java:setRole(378)) - cd535dae-68a6-4b81-b820-5294621ff3cf@group-8B98A78958F3: changes role from  FOLLOWER to CANDIDATE at term 0 for changeToCandidate
2025-04-23 15:47:24,811 [cd535dae-68a6-4b81-b820-5294621ff3cf@group-8B98A78958F3-FollowerState] INFO  server.RaftServerConfigKeys (ConfUtils.java:logGet(46)) - raft.server.leaderelection.pre-vote = true (default)
2025-04-23 15:47:24,811 [cd535dae-68a6-4b81-b820-5294621ff3cf@group-8B98A78958F3-FollowerState] INFO  impl.RoleInfo (RoleInfo.java:updateAndGet(148)) - cd535dae-68a6-4b81-b820-5294621ff3cf: start cd535dae-68a6-4b81-b820-5294621ff3cf@group-8B98A78958F3-LeaderElection45
2025-04-23 15:47:24,811 [cd535dae-68a6-4b81-b820-5294621ff3cf@group-8B98A78958F3-LeaderElection45] INFO  impl.LeaderElection (LeaderElection.java:askForVotes(332)) - cd535dae-68a6-4b81-b820-5294621ff3cf@group-8B98A78958F3-LeaderElection45 PRE_VOTE round 0: submit vote requests at term 0 for conf: {index: -1, cur=peers:[cd535dae-68a6-4b81-b820-5294621ff3cf|127.0.0.1:15081]|listeners:[], old=null}
2025-04-23 15:47:24,811 [cd535dae-68a6-4b81-b820-5294621ff3cf@group-8B98A78958F3-LeaderElection45] INFO  impl.LeaderElection (LeaderElection.java:askForVotes(334)) - cd535dae-68a6-4b81-b820-5294621ff3cf@group-8B98A78958F3-LeaderElection45 PRE_VOTE round 0: result PASSED (term=0)
2025-04-23 15:47:24,812 [cd535dae-68a6-4b81-b820-5294621ff3cf@group-8B98A78958F3-LeaderElection45] INFO  impl.LeaderElection (LeaderElection.java:askForVotes(332)) - cd535dae-68a6-4b81-b820-5294621ff3cf@group-8B98A78958F3-LeaderElection45 ELECTION round 0: submit vote requests at term 1 for conf: {index: -1, cur=peers:[cd535dae-68a6-4b81-b820-5294621ff3cf|127.0.0.1:15081]|listeners:[], old=null}
2025-04-23 15:47:24,812 [cd535dae-68a6-4b81-b820-5294621ff3cf@group-8B98A78958F3-LeaderElection45] INFO  impl.LeaderElection (LeaderElection.java:askForVotes(334)) - cd535dae-68a6-4b81-b820-5294621ff3cf@group-8B98A78958F3-LeaderElection45 ELECTION round 0: result PASSED (term=1)
2025-04-23 15:47:24,812 [cd535dae-68a6-4b81-b820-5294621ff3cf@group-8B98A78958F3-LeaderElection45] INFO  impl.RoleInfo (RoleInfo.java:shutdownLeaderElection(141)) - cd535dae-68a6-4b81-b820-5294621ff3cf: shutdown cd535dae-68a6-4b81-b820-5294621ff3cf@group-8B98A78958F3-LeaderElection45
2025-04-23 15:47:24,812 [cd535dae-68a6-4b81-b820-5294621ff3cf@group-8B98A78958F3-LeaderElection45] INFO  server.RaftServer$Division (RaftServerImpl.java:setRole(378)) - cd535dae-68a6-4b81-b820-5294621ff3cf@group-8B98A78958F3: changes role from CANDIDATE to LEADER at term 1 for changeToLeader
2025-04-23 15:47:24,813 [cd535dae-68a6-4b81-b820-5294621ff3cf@group-8B98A78958F3-LeaderElection45] INFO  server.RaftServerConfigKeys (ConfUtils.java:logGet(46)) - raft.server.staging.catchup.gap = 1000 (default)
2025-04-23 15:47:24,813 [cd535dae-68a6-4b81-b820-5294621ff3cf@group-8B98A78958F3-LeaderElection45] INFO  server.RaftServerConfigKeys (ConfUtils.java:logGet(46)) - raft.server.write.element-limit = 1024 (custom)
2025-04-23 15:47:24,813 [cd535dae-68a6-4b81-b820-5294621ff3cf@group-8B98A78958F3-LeaderElection45] INFO  server.RaftServerConfigKeys (ConfUtils.java:logGet(46)) - raft.server.write.byte-limit = 1024 M (=1073741824) (custom)
2025-04-23 15:47:24,813 [cd535dae-68a6-4b81-b820-5294621ff3cf@group-8B98A78958F3-LeaderElection45] INFO  server.RaftServerConfigKeys (ConfUtils.java:logGet(46)) - raft.server.watch.timeout = 30s (custom)
2025-04-23 15:47:24,813 [cd535dae-68a6-4b81-b820-5294621ff3cf@group-8B98A78958F3-LeaderElection45] INFO  server.RaftServerConfigKeys (ConfUtils.java:logGet(46)) - raft.server.watch.timeout.denomination = 1s (default)
2025-04-23 15:47:24,813 [cd535dae-68a6-4b81-b820-5294621ff3cf@group-8B98A78958F3-LeaderElection45] INFO  server.RaftServerConfigKeys (ConfUtils.java:logGet(46)) - raft.server.watch.element-limit = 65536 (default)
2025-04-23 15:47:24,813 [cd535dae-68a6-4b81-b820-5294621ff3cf@group-8B98A78958F3-LeaderElection45] INFO  server.RaftServerConfigKeys (ConfUtils.java:logGet(46)) - raft.server.read.leader.lease.enabled = false (default)
2025-04-23 15:47:24,813 [cd535dae-68a6-4b81-b820-5294621ff3cf@group-8B98A78958F3-LeaderElection45] INFO  server.RaftServerConfigKeys (ConfUtils.java:logGet(46)) - raft.server.read.leader.lease.timeout.ratio = 0.9 (default)
2025-04-23 15:47:24,813 [cd535dae-68a6-4b81-b820-5294621ff3cf@group-8B98A78958F3-LeaderElection45] INFO  server.RaftServerConfigKeys (ConfUtils.java:logGet(46)) - raft.server.rpc.timeout.min = 5s (custom)
2025-04-23 15:47:24,813 [cd535dae-68a6-4b81-b820-5294621ff3cf@group-8B98A78958F3-LeaderElection45] INFO  server.RaftServerConfigKeys (ConfUtils.java:logGet(46)) - raft.server.log.log-metadata.enabled = true (default)
2025-04-23 15:47:24,814 [cd535dae-68a6-4b81-b820-5294621ff3cf@group-8B98A78958F3-LeaderElection45] INFO  server.RaftServerConfigKeys (ConfUtils.java:logGet(46)) - raft.server.write.element-limit = 1024 (custom)
2025-04-23 15:47:24,814 [cd535dae-68a6-4b81-b820-5294621ff3cf@group-8B98A78958F3-LeaderElection45] INFO  server.RaftServerConfigKeys (ConfUtils.java:logGet(46)) - raft.server.write.follower.gap.ratio.max = -1.0 (default)
2025-04-23 15:47:24,814 [cd535dae-68a6-4b81-b820-5294621ff3cf@group-8B98A78958F3-LeaderElection45] INFO  impl.RoleInfo (RoleInfo.java:updateAndGet(148)) - cd535dae-68a6-4b81-b820-5294621ff3cf: start cd535dae-68a6-4b81-b820-5294621ff3cf@group-8B98A78958F3-LeaderStateImpl
2025-04-23 15:47:24,814 [cd535dae-68a6-4b81-b820-5294621ff3cf@group-8B98A78958F3-LeaderElection45] INFO  server.RaftServer$Division (RaftServerImpl.java:setFirstElection(562)) - cd535dae-68a6-4b81-b820-5294621ff3cf@group-8B98A78958F3: set firstElectionSinceStartup to false for becomeLeader
2025-04-23 15:47:24,814 [cd535dae-68a6-4b81-b820-5294621ff3cf@group-8B98A78958F3-LeaderElection45] INFO  ratis.XceiverServerRatis (XceiverServerRatis.java:handleLeaderChangedNotification(942)) - Leader change notification received for group: group-8B98A78958F3 with new leaderId: cd535dae-68a6-4b81-b820-5294621ff3cf
2025-04-23 15:47:24,814 [cd535dae-68a6-4b81-b820-5294621ff3cf@group-8B98A78958F3-LeaderElection45] INFO  server.RaftServer$Division (ServerState.java:setLeader(272)) - cd535dae-68a6-4b81-b820-5294621ff3cf@group-8B98A78958F3: change Leader from null to cd535dae-68a6-4b81-b820-5294621ff3cf at term 1 for becomeLeader, leader elected after 1140ms
2025-04-23 15:47:24,814 [cd535dae-68a6-4b81-b820-5294621ff3cf@group-8B98A78958F3-LeaderElection45] INFO  segmented.SegmentedRaftLogWorker (SegmentedRaftLogWorker.java:startLogSegment(438)) - cd535dae-68a6-4b81-b820-5294621ff3cf@group-8B98A78958F3-SegmentedRaftLogWorker: Starting segment from index:0
2025-04-23 15:47:24,814 [cd535dae-68a6-4b81-b820-5294621ff3cf@group-8B98A78958F3-LeaderElection45] INFO  server.RaftServer$Division (ServerState.java:setRaftConf(386)) - cd535dae-68a6-4b81-b820-5294621ff3cf@group-8B98A78958F3: set configuration conf: {index: 0, cur=peers:[cd535dae-68a6-4b81-b820-5294621ff3cf|127.0.0.1:15081]|listeners:[], old=null}
2025-04-23 15:47:24,815 [cd535dae-68a6-4b81-b820-5294621ff3cf@group-8B98A78958F3-SegmentedRaftLogWorker] INFO  segmented.BufferedWriteChannel (BufferedWriteChannel.java:open(61)) - open log_inprogress_0 at position 0
2025-04-23 15:47:24,823 [cd535dae-68a6-4b81-b820-5294621ff3cf@group-8B98A78958F3-SegmentedRaftLogWorker] INFO  segmented.SegmentedRaftLogWorker (SegmentedRaftLogWorker.java:execute(644)) - cd535dae-68a6-4b81-b820-5294621ff3cf@group-8B98A78958F3-SegmentedRaftLogWorker: created new log segment /home/runner/work/ozone/ozone/hadoop-ozone/integration-test/target/test-dir/MiniOzoneClusterImpl-11ed033c-ec90-4580-9385-902e6658689d/ozone-meta/datanode-3/ratis/b3451622-8fb8-4a3c-a78c-8b98a78958f3/current/log_inprogress_0
2025-04-23 15:47:24,824 [cd535dae-68a6-4b81-b820-5294621ff3cf@group-8B98A78958F3-StateMachineUpdater] INFO  server.RaftServer$Division (LeaderStateImpl.java:checkStartIndex(313)) - Leader cd535dae-68a6-4b81-b820-5294621ff3cf@group-8B98A78958F3-LeaderStateImpl is ready since appliedIndex == startIndex == 0
2025-04-23 15:47:30,466 [timer3] ERROR impl.OrderedAsync (OrderedAsync.java:lambda$null$6(215)) -  client-A245252B2D02: Failed* RaftClientRequest:client-A245252B2D02->cd535dae-68a6-4b81-b820-5294621ff3cf@group-8B98A78958F3, cid=41, seq=1*, Watch(0), null
java.util.concurrent.CompletionException: org.apache.ratis.protocol.exceptions.AlreadyClosedException: client-A245252B2D02->cd535dae-68a6-4b81-b820-5294621ff3cf is closed.
	at java.base/java.util.concurrent.CompletableFuture.encodeThrowable(CompletableFuture.java:332)
	at java.base/java.util.concurrent.CompletableFuture.uniAcceptNow(CompletableFuture.java:747)
	at java.base/java.util.concurrent.CompletableFuture.uniAcceptStage(CompletableFuture.java:735)
	at java.base/java.util.concurrent.CompletableFuture.thenAccept(CompletableFuture.java:2214)
	at org.apache.ratis.client.impl.OrderedAsync.sendRequestWithRetry(OrderedAsync.java:206)
	at org.apache.ratis.util.SlidingWindow$Client.sendOrDelayRequest(SlidingWindow.java:315)
	at org.apache.ratis.util.SlidingWindow$Client.retry(SlidingWindow.java:331)
	at org.apache.ratis.client.impl.OrderedAsync.lambda$handleException$8(OrderedAsync.java:253)
	at org.apache.ratis.util.TimeoutTimer.lambda$onTimeout$2(TimeoutTimer.java:101)
	at org.apache.ratis.util.LogUtils.runAndLog(LogUtils.java:38)
	at org.apache.ratis.util.LogUtils$1.run(LogUtils.java:78)
	at org.apache.ratis.util.TimeoutTimer$Task.run(TimeoutTimer.java:55)
	at java.base/java.util.TimerThread.mainLoop(Timer.java:566)
	at java.base/java.util.TimerThread.run(Timer.java:516)
Caused by: org.apache.ratis.protocol.exceptions.AlreadyClosedException: client-A245252B2D02->cd535dae-68a6-4b81-b820-5294621ff3cf is closed.
	at org.apache.ratis.grpc.client.GrpcClientProtocolClient$AsyncStreamObservers.onNext(GrpcClientProtocolClient.java:352)
	at org.apache.ratis.grpc.client.GrpcClientRpc.sendRequestAsync(GrpcClientRpc.java:71)
	... 10 more
2025-04-23 15:47:33,388 [main] INFO  om.OzoneManager (OzoneManager.java:stop(2347)) - omNode-3[localhost:15056]: Stopping Ozone Manager
2025-04-23 15:47:33,388 [main] INFO  ipc.Server (Server.java:stop(3697)) - Stopping server on 15056
2025-04-23 15:47:33,390 [IPC Server listener on 15056] INFO  ipc.Server (Server.java:run(1585)) - Stopping IPC Server listener on 15056
2025-04-23 15:47:33,390 [IPC Server Responder] INFO  ipc.Server (Server.java:run(1718)) - Stopping IPC Server Responder
2025-04-23 15:47:33,391 [main] INFO  ratis.OzoneManagerRatisServer (OzoneManagerRatisServer.java:stop(634)) - Stopping org.apache.hadoop.ozone.om.ratis.OzoneManagerRatisServer@2230ca79 at port 15059
2025-04-23 15:47:33,391 [main] INFO  server.RaftServer (RaftServerProxy.java:lambda$close$9(417)) - omNode-3: close
2025-04-23 15:47:33,391 [main] INFO  server.GrpcService (GrpcService.java:closeImpl(343)) - omNode-3: shutdown server GrpcServerProtocolService now
2025-04-23 15:47:33,391 [omNode-3-impl-thread1] INFO  server.RaftServer$Division (RaftServerImpl.java:lambda$close$1(513)) - omNode-3@group-523986131536: shutdown
2025-04-23 15:47:33,391 [omNode-3-impl-thread1] INFO  util.JmxRegister (JmxRegister.java:unregister(74)) - Successfully un-registered JMX Bean with object name Ratis:service=RaftServer,group=group-523986131536,id=omNode-3
2025-04-23 15:47:33,391 [omNode-3-impl-thread1] INFO  impl.RoleInfo (RoleInfo.java:shutdownFollowerState(121)) - omNode-3: shutdown omNode-3@group-523986131536-FollowerState
2025-04-23 15:47:33,391 [omNode-3-impl-thread1] INFO  impl.StateMachineUpdater (StateMachineUpdater.java:stopAndJoin(164)) - omNode-3@group-523986131536-StateMachineUpdater: set stopIndex = 43
2025-04-23 15:47:33,391 [omNode-3@group-523986131536-FollowerState] INFO  impl.FollowerState (FollowerState.java:runImpl(170)) - omNode-3@group-523986131536-FollowerState was interrupted
2025-04-23 15:47:33,392 [grpc-default-executor-0] WARN  server.GrpcServerProtocolService (LogUtils.java:warn(121)) - omNode-3: APPEND_ENTRIES onError, lastRequest: null: org.apache.ratis.thirdparty.io.grpc.StatusRuntimeException: CANCELLED: client cancelled
2025-04-23 15:47:33,392 [grpc-default-executor-3] WARN  server.GrpcLogAppender (LogUtils.java:warn(121)) - omNode-1@group-523986131536->omNode-3-AppendLogResponseHandler: Failed appendEntries: org.apache.ratis.thirdparty.io.grpc.StatusRuntimeException: CANCELLED: RST_STREAM closed stream. HTTP/2 error code: CANCEL
2025-04-23 15:47:33,392 [grpc-default-executor-4] WARN  server.GrpcLogAppender (GrpcLogAppender.java:lambda$resetClient$1(221)) - omNode-1@group-523986131536->omNode-3-GrpcLogAppender: Follower failed (request=null, errorCount=1); keep nextIndex (45) unchanged and retry.
2025-04-23 15:47:33,392 [grpc-default-executor-2] WARN  server.GrpcServerProtocolService (LogUtils.java:warn(121)) - omNode-3: APPEND_ENTRIES onError, lastRequest: omNode-1->omNode-3#1518-t1,previous=(t:1, i:43),leaderCommit=43,initializing? false,entries: size=1, first=(t:1, i:44), METADATAENTRY(c:43): org.apache.ratis.thirdparty.io.grpc.StatusRuntimeException: CANCELLED: client cancelled
2025-04-23 15:47:33,393 [main] INFO  server.GrpcService (GrpcService.java:closeImpl(352)) - omNode-3: shutdown server GrpcServerProtocolService successfully
2025-04-23 15:47:33,408 [omNode-3@group-523986131536-StateMachineUpdater] INFO  ratis.OzoneManagerStateMachine (OzoneManagerStateMachine.java:takeSnapshotImpl(510)) - omNode-3: taking snapshot. applied = (t:1, i:43), skipped = 41, notified = (t:1, i:42), current snapshot index = (t:1, i:43), took 16 ms
2025-04-23 15:47:33,408 [omNode-3@group-523986131536-StateMachineUpdater] INFO  impl.StateMachineUpdater (StateMachineUpdater.java:takeSnapshot(303)) - omNode-3@group-523986131536-StateMachineUpdater: Took a snapshot at index 43
2025-04-23 15:47:33,408 [omNode-3@group-523986131536-StateMachineUpdater] INFO  impl.StateMachineUpdater (StateMachineUpdater.java:lambda$new$0(102)) - omNode-3@group-523986131536-StateMachineUpdater: snapshotIndex: updateIncreasingly -1 -> 43
2025-04-23 15:47:33,408 [omNode-3@group-523986131536-StateMachineUpdater] INFO  impl.StateMachineUpdater (StateMachineUpdater.java:stop(141)) - omNode-3@group-523986131536-StateMachineUpdater: closing OzoneManagerStateMachine, lastApplied=(t:1, i:43)
2025-04-23 15:47:33,408 [omNode-3@group-523986131536-StateMachineUpdater] INFO  ratis.OzoneManagerStateMachine (OzoneManagerStateMachine.java:close(550)) - Stopping OzoneManagerStateMachine:omNode-3:group-523986131536.
2025-04-23 15:47:33,409 [omNode-3@group-523986131536-StateMachineUpdater] INFO  ratis.OzoneManagerDoubleBuffer (OzoneManagerDoubleBuffer.java:stopDaemon(500)) - Stopping OMDoubleBuffer flush thread
2025-04-23 15:47:33,409 [omNode-3-OMDoubleBufferFlushThread] INFO  ratis.OzoneManagerDoubleBuffer (OzoneManagerDoubleBuffer.java:canFlush(559)) - OMDoubleBuffer flush thread omNode-3-OMDoubleBufferFlushThread is interrupted and will exit.
2025-04-23 15:47:33,409 [omNode-3@group-523986131536-cacheEviction-AwaitToRun] INFO  util.AwaitToRun (AwaitToRun.java:run(49)) - omNode-3@group-523986131536-cacheEviction-AwaitToRun-AwaitForSignal is interrupted
2025-04-23 15:47:34,389 [omNode-3-impl-thread1] INFO  segmented.SegmentedRaftLogWorker (SegmentedRaftLogWorker.java:close(252)) - omNode-3@group-523986131536-SegmentedRaftLogWorker close()
2025-04-23 15:47:34,390 [JvmPauseMonitor45] INFO  util.JvmPauseMonitor (JvmPauseMonitor.java:run(152)) - JvmPauseMonitor-omNode-3: Stopped
2025-04-23 15:47:34,390 [main] INFO  utils.BackgroundService (BackgroundService.java:shutdown(161)) - Shutting down service KeyDeletingService
2025-04-23 15:47:34,390 [main] INFO  utils.BackgroundService (BackgroundService.java:shutdown(161)) - Shutting down service DirectoryDeletingService
2025-04-23 15:47:34,391 [main] INFO  utils.BackgroundService (BackgroundService.java:shutdown(161)) - Shutting down service OpenKeyCleanupService
2025-04-23 15:47:34,392 [main] INFO  utils.BackgroundService (BackgroundService.java:shutdown(161)) - Shutting down service SstFilteringService
2025-04-23 15:47:34,392 [main] INFO  utils.BackgroundService (BackgroundService.java:shutdown(161)) - Shutting down service SnapshotDeletingService
2025-04-23 15:47:34,392 [main] INFO  utils.BackgroundService (BackgroundService.java:shutdown(161)) - Shutting down service MultipartUploadCleanupService
2025-04-23 15:47:34,393 [main] INFO  handler.ContextHandler (ContextHandler.java:doStop(1159)) - Stopped o.e.j.w.WebAppContext@303ed642{ozoneManager,/,null,STOPPED}{file:/home/runner/work/ozone/ozone/hadoop-ozone/integration-test/target/test-classes/webapps/ozoneManager}
2025-04-23 15:47:34,394 [main] INFO  server.AbstractConnector (AbstractConnector.java:doStop(383)) - Stopped ServerConnector@74e453c2{HTTP/1.1, (http/1.1)}{0.0.0.0:15057}
2025-04-23 15:47:34,394 [main] INFO  server.session (HouseKeeper.java:stopScavenging(149)) - node0 Stopped scavenging
2025-04-23 15:47:34,394 [main] INFO  handler.ContextHandler (ContextHandler.java:doStop(1159)) - Stopped o.e.j.s.ServletContextHandler@e3ca149{static,/static,file:///home/runner/work/ozone/ozone/hadoop-ozone/integration-test/target/test-classes/webapps/static,STOPPED}
2025-04-23 15:47:34,394 [main] INFO  handler.ContextHandler (ContextHandler.java:doStop(1159)) - Stopped o.e.j.s.ServletContextHandler@69656798{logs,/logs,file:///home/runner/work/ozone/ozone/hadoop-ozone/integration-test/target/log,STOPPED}
2025-04-23 15:47:34,395 [main] INFO  rocksdiff.RocksDBCheckpointDiffer (RocksDBCheckpointDiffer.java:close(304)) - Shutting down CompactionDagPruningService.
2025-04-23 15:47:34,397 [main] INFO  snapshot.SnapshotDiffManager (SnapshotDiffManager.java:closeExecutorService(1698)) - Shutting down executorService: 'SnapDiffExecutor'
2025-04-23 15:47:34,397 [main] INFO  utils.BackgroundService (BackgroundService.java:shutdown(161)) - Shutting down service SnapshotDiffCleanupService
2025-04-23 15:47:34,402 [grpc-default-executor-5] WARN  server.GrpcLogAppender (GrpcLogAppender.java:lambda$resetClient$1(221)) - omNode-1@group-523986131536->omNode-3-GrpcLogAppender: Follower failed (request=null, errorCount=9); keep nextIndex (46) unchanged and retry.
2025-04-23 15:47:34,403 [grpc-default-executor-4] WARN  server.GrpcLogAppender (GrpcLogAppender.java:lambda$resetClient$1(221)) - omNode-1@group-523986131536->omNode-3-GrpcLogAppender: Follower failed (request=null, errorCount=11); keep nextIndex (47) unchanged and retry.
2025-04-23 15:47:34,413 [grpc-default-executor-5] WARN  server.GrpcLogAppender (GrpcLogAppender.java:lambda$resetClient$1(221)) - omNode-1@group-523986131536->omNode-3-GrpcLogAppender: Follower failed (request=null, errorCount=13); keep nextIndex (48) unchanged and retry.
2025-04-23 15:47:34,414 [grpc-default-executor-4] WARN  server.GrpcLogAppender (GrpcLogAppender.java:lambda$resetClient$1(221)) - omNode-1@group-523986131536->omNode-3-GrpcLogAppender: Follower failed (request=null, errorCount=15); keep nextIndex (49) unchanged and retry.
2025-04-23 15:47:34,421 [grpc-default-executor-4] WARN  server.GrpcLogAppender (GrpcLogAppender.java:lambda$resetClient$1(221)) - omNode-1@group-523986131536->omNode-3-GrpcLogAppender: Follower failed (request=null, errorCount=17); keep nextIndex (50) unchanged and retry.
2025-04-23 15:47:34,423 [grpc-default-executor-3] WARN  server.GrpcLogAppender (GrpcLogAppender.java:lambda$resetClient$1(221)) - omNode-1@group-523986131536->omNode-3-GrpcLogAppender: Follower failed (request=null, errorCount=19); keep nextIndex (51) unchanged and retry.
2025-04-23 15:47:34,433 [grpc-default-executor-5] WARN  server.GrpcLogAppender (GrpcLogAppender.java:lambda$resetClient$1(221)) - omNode-1@group-523986131536->omNode-3-GrpcLogAppender: Follower failed (request=null, errorCount=21); keep nextIndex (52) unchanged and retry.
2025-04-23 15:47:34,435 [grpc-default-executor-4] WARN  server.GrpcLogAppender (GrpcLogAppender.java:lambda$resetClient$1(221)) - omNode-1@group-523986131536->omNode-3-GrpcLogAppender: Follower failed (request=null, errorCount=23); keep nextIndex (53) unchanged and retry.
2025-04-23 15:47:34,449 [omNode-1@group-523986131536-StateMachineUpdater] INFO  ratis.OzoneManagerStateMachine (OzoneManagerStateMachine.java:takeSnapshotImpl(510)) - omNode-1: taking snapshot. applied = (t:1, i:50), skipped = 49, notified = (t:1, i:50), current snapshot index = (t:1, i:50), took 24 ms
2025-04-23 15:47:34,449 [omNode-1@group-523986131536-StateMachineUpdater] INFO  impl.StateMachineUpdater (StateMachineUpdater.java:takeSnapshot(303)) - omNode-1@group-523986131536-StateMachineUpdater: Took a snapshot at index 50
2025-04-23 15:47:34,449 [omNode-1@group-523986131536-StateMachineUpdater] INFO  impl.StateMachineUpdater (StateMachineUpdater.java:lambda$new$0(102)) - omNode-1@group-523986131536-StateMachineUpdater: snapshotIndex: updateIncreasingly -1 -> 50
2025-04-23 15:47:34,449 [omNode-1@group-523986131536-StateMachineUpdater] INFO  raftlog.RaftLog (RaftLogBase.java:purge(325)) - omNode-1@group-523986131536-SegmentedRaftLog: purge 50
2025-04-23 15:47:34,449 [omNode-1@group-523986131536-StateMachineUpdater] INFO  raftlog.RaftLog (RaftLogBase.java:lambda$new$0(54)) - omNode-1@group-523986131536-SegmentedRaftLog: snapshotIndex: updateIncreasingly -1 -> 50
2025-04-23 15:47:34,449 [omNode-1@group-523986131536-StateMachineUpdater] INFO  raftlog.RaftLog (RaftLogBase.java:lambda$new$0(54)) - omNode-1@group-523986131536-SegmentedRaftLog: purgeIndex: updateToMax old=-1, new=50, updated? true
2025-04-23 15:47:34,455 [omNode-2@group-523986131536-StateMachineUpdater] INFO  ratis.OzoneManagerStateMachine (OzoneManagerStateMachine.java:takeSnapshotImpl(510)) - omNode-2: taking snapshot. applied = (t:1, i:50), skipped = 49, notified = (t:1, i:50), current snapshot index = (t:1, i:50), took 21 ms
2025-04-23 15:47:34,456 [omNode-2@group-523986131536-StateMachineUpdater] INFO  impl.StateMachineUpdater (StateMachineUpdater.java:takeSnapshot(303)) - omNode-2@group-523986131536-StateMachineUpdater: Took a snapshot at index 50
2025-04-23 15:47:34,456 [omNode-2@group-523986131536-StateMachineUpdater] INFO  impl.StateMachineUpdater (StateMachineUpdater.java:lambda$new$0(102)) - omNode-2@group-523986131536-StateMachineUpdater: snapshotIndex: updateIncreasingly -1 -> 50
2025-04-23 15:47:34,456 [omNode-2@group-523986131536-StateMachineUpdater] INFO  raftlog.RaftLog (RaftLogBase.java:purge(325)) - omNode-2@group-523986131536-SegmentedRaftLog: purge 50
2025-04-23 15:47:34,456 [omNode-2@group-523986131536-StateMachineUpdater] INFO  raftlog.RaftLog (RaftLogBase.java:lambda$new$0(54)) - omNode-2@group-523986131536-SegmentedRaftLog: snapshotIndex: updateIncreasingly -1 -> 50
2025-04-23 15:47:34,456 [omNode-2@group-523986131536-StateMachineUpdater] INFO  raftlog.RaftLog (RaftLogBase.java:lambda$new$0(54)) - omNode-2@group-523986131536-SegmentedRaftLog: purgeIndex: updateToMax old=-1, new=50, updated? true
2025-04-23 15:47:34,458 [grpc-default-executor-5] WARN  server.GrpcLogAppender (GrpcLogAppender.java:lambda$resetClient$1(221)) - omNode-1@group-523986131536->omNode-3-GrpcLogAppender: Follower failed (request=null, errorCount=25); keep nextIndex (54) unchanged and retry.
2025-04-23 15:47:34,460 [grpc-default-executor-5] WARN  server.GrpcLogAppender (GrpcLogAppender.java:lambda$resetClient$1(221)) - omNode-1@group-523986131536->omNode-3-GrpcLogAppender: Follower failed (request=null, errorCount=27); keep nextIndex (55) unchanged and retry.
2025-04-23 15:47:34,475 [grpc-default-executor-3] WARN  server.GrpcLogAppender (GrpcLogAppender.java:lambda$resetClient$1(221)) - omNode-1@group-523986131536->omNode-3-GrpcLogAppender: Follower failed (request=null, errorCount=29); keep nextIndex (56) unchanged and retry.
2025-04-23 15:47:34,477 [grpc-default-executor-4] WARN  server.GrpcLogAppender (GrpcLogAppender.java:lambda$resetClient$1(221)) - omNode-1@group-523986131536->omNode-3-GrpcLogAppender: Follower failed (request=null, errorCount=31); keep nextIndex (57) unchanged and retry.
2025-04-23 15:47:34,481 [grpc-default-executor-3] WARN  server.GrpcLogAppender (GrpcLogAppender.java:lambda$resetClient$1(221)) - omNode-1@group-523986131536->omNode-3-GrpcLogAppender: Follower failed (request=null, errorCount=33); keep nextIndex (58) unchanged and retry.
2025-04-23 15:47:34,483 [grpc-default-executor-5] WARN  server.GrpcLogAppender (GrpcLogAppender.java:lambda$resetClient$1(221)) - omNode-1@group-523986131536->omNode-3-GrpcLogAppender: Follower failed (request=null, errorCount=35); keep nextIndex (59) unchanged and retry.
2025-04-23 15:47:34,493 [grpc-default-executor-4] WARN  server.GrpcLogAppender (GrpcLogAppender.java:lambda$resetClient$1(221)) - omNode-1@group-523986131536->omNode-3-GrpcLogAppender: Follower failed (request=null, errorCount=37); keep nextIndex (60) unchanged and retry.
2025-04-23 15:47:34,495 [grpc-default-executor-5] WARN  server.GrpcLogAppender (GrpcLogAppender.java:lambda$resetClient$1(221)) - omNode-1@group-523986131536->omNode-3-GrpcLogAppender: Follower failed (request=null, errorCount=39); keep nextIndex (61) unchanged and retry.
2025-04-23 15:47:34,500 [grpc-default-executor-3] WARN  server.GrpcLogAppender (GrpcLogAppender.java:lambda$resetClient$1(221)) - omNode-1@group-523986131536->omNode-3-GrpcLogAppender: Follower failed (request=null, errorCount=41); keep nextIndex (62) unchanged and retry.
2025-04-23 15:47:34,502 [grpc-default-executor-5] WARN  server.GrpcLogAppender (GrpcLogAppender.java:lambda$resetClient$1(221)) - omNode-1@group-523986131536->omNode-3-GrpcLogAppender: Follower failed (request=null, errorCount=43); keep nextIndex (63) unchanged and retry.
2025-04-23 15:47:34,511 [grpc-default-executor-3] WARN  server.GrpcLogAppender (GrpcLogAppender.java:lambda$resetClient$1(221)) - omNode-1@group-523986131536->omNode-3-GrpcLogAppender: Follower failed (request=null, errorCount=45); keep nextIndex (64) unchanged and retry.
2025-04-23 15:47:34,514 [grpc-default-executor-4] WARN  server.GrpcLogAppender (GrpcLogAppender.java:lambda$resetClient$1(221)) - omNode-1@group-523986131536->omNode-3-GrpcLogAppender: Follower failed (request=null, errorCount=47); keep nextIndex (65) unchanged and retry.
2025-04-23 15:47:34,519 [grpc-default-executor-5] WARN  server.GrpcLogAppender (GrpcLogAppender.java:lambda$resetClient$1(221)) - omNode-1@group-523986131536->omNode-3-GrpcLogAppender: Follower failed (request=null, errorCount=49); keep nextIndex (66) unchanged and retry.
2025-04-23 15:47:34,522 [grpc-default-executor-4] WARN  server.GrpcLogAppender (GrpcLogAppender.java:lambda$resetClient$1(221)) - omNode-1@group-523986131536->omNode-3-GrpcLogAppender: Follower failed (request=null, errorCount=51); keep nextIndex (67) unchanged and retry.
2025-04-23 15:47:34,530 [grpc-default-executor-5] WARN  server.GrpcLogAppender (GrpcLogAppender.java:lambda$resetClient$1(221)) - omNode-1@group-523986131536->omNode-3-GrpcLogAppender: Follower failed (request=null, errorCount=53); keep nextIndex (68) unchanged and retry.
2025-04-23 15:47:34,531 [grpc-default-executor-4] WARN  server.GrpcLogAppender (GrpcLogAppender.java:lambda$resetClient$1(221)) - omNode-1@group-523986131536->omNode-3-GrpcLogAppender: Follower failed (request=null, errorCount=55); keep nextIndex (69) unchanged and retry.
2025-04-23 15:47:34,536 [grpc-default-executor-5] WARN  server.GrpcLogAppender (GrpcLogAppender.java:lambda$resetClient$1(221)) - omNode-1@group-523986131536->omNode-3-GrpcLogAppender: Follower failed (request=null, errorCount=57); keep nextIndex (70) unchanged and retry.
2025-04-23 15:47:34,539 [grpc-default-executor-3] WARN  server.GrpcLogAppender (GrpcLogAppender.java:lambda$resetClient$1(221)) - omNode-1@group-523986131536->omNode-3-GrpcLogAppender: Follower failed (request=null, errorCount=59); keep nextIndex (71) unchanged and retry.
2025-04-23 15:47:34,547 [grpc-default-executor-4] WARN  server.GrpcLogAppender (GrpcLogAppender.java:lambda$resetClient$1(221)) - omNode-1@group-523986131536->omNode-3-GrpcLogAppender: Follower failed (request=null, errorCount=61); keep nextIndex (72) unchanged and retry.
2025-04-23 15:47:34,548 [grpc-default-executor-3] WARN  server.GrpcLogAppender (GrpcLogAppender.java:lambda$resetClient$1(221)) - omNode-1@group-523986131536->omNode-3-GrpcLogAppender: Follower failed (request=null, errorCount=63); keep nextIndex (73) unchanged and retry.
2025-04-23 15:47:34,553 [grpc-default-executor-5] WARN  server.GrpcLogAppender (GrpcLogAppender.java:lambda$resetClient$1(221)) - omNode-1@group-523986131536->omNode-3-GrpcLogAppender: Follower failed (request=null, errorCount=65); keep nextIndex (74) unchanged and retry.
2025-04-23 15:47:34,555 [grpc-default-executor-4] WARN  server.GrpcLogAppender (GrpcLogAppender.java:lambda$resetClient$1(221)) - omNode-1@group-523986131536->omNode-3-GrpcLogAppender: Follower failed (request=null, errorCount=67); keep nextIndex (75) unchanged and retry.
2025-04-23 15:47:34,564 [grpc-default-executor-3] WARN  server.GrpcLogAppender (GrpcLogAppender.java:lambda$resetClient$1(221)) - omNode-1@group-523986131536->omNode-3-GrpcLogAppender: Follower failed (request=null, errorCount=69); keep nextIndex (76) unchanged and retry.
2025-04-23 15:47:34,566 [grpc-default-executor-3] WARN  server.GrpcLogAppender (GrpcLogAppender.java:lambda$resetClient$1(221)) - omNode-1@group-523986131536->omNode-3-GrpcLogAppender: Follower failed (request=null, errorCount=71); keep nextIndex (77) unchanged and retry.
2025-04-23 15:47:34,570 [grpc-default-executor-5] WARN  server.GrpcLogAppender (GrpcLogAppender.java:lambda$resetClient$1(221)) - omNode-1@group-523986131536->omNode-3-GrpcLogAppender: Follower failed (request=null, errorCount=73); keep nextIndex (78) unchanged and retry.
2025-04-23 15:47:34,572 [grpc-default-executor-4] WARN  server.GrpcLogAppender (GrpcLogAppender.java:lambda$resetClient$1(221)) - omNode-1@group-523986131536->omNode-3-GrpcLogAppender: Follower failed (request=null, errorCount=75); keep nextIndex (79) unchanged and retry.
2025-04-23 15:47:34,581 [grpc-default-executor-3] WARN  server.GrpcLogAppender (GrpcLogAppender.java:lambda$resetClient$1(221)) - omNode-1@group-523986131536->omNode-3-GrpcLogAppender: Follower failed (request=null, errorCount=77); keep nextIndex (80) unchanged and retry.
2025-04-23 15:47:34,582 [grpc-default-executor-5] WARN  server.GrpcLogAppender (GrpcLogAppender.java:lambda$resetClient$1(221)) - omNode-1@group-523986131536->omNode-3-GrpcLogAppender: Follower failed (request=null, errorCount=79); keep nextIndex (81) unchanged and retry.
2025-04-23 15:47:34,587 [grpc-default-executor-4] WARN  server.GrpcLogAppender (GrpcLogAppender.java:lambda$resetClient$1(221)) - omNode-1@group-523986131536->omNode-3-GrpcLogAppender: Follower failed (request=null, errorCount=81); keep nextIndex (82) unchanged and retry.
2025-04-23 15:47:34,589 [grpc-default-executor-5] WARN  server.GrpcLogAppender (GrpcLogAppender.java:lambda$resetClient$1(221)) - omNode-1@group-523986131536->omNode-3-GrpcLogAppender: Follower failed (request=null, errorCount=83); keep nextIndex (83) unchanged and retry.
2025-04-23 15:47:34,597 [grpc-default-executor-3] WARN  server.GrpcLogAppender (GrpcLogAppender.java:lambda$resetClient$1(221)) - omNode-1@group-523986131536->omNode-3-GrpcLogAppender: Follower failed (request=null, errorCount=85); keep nextIndex (84) unchanged and retry.
2025-04-23 15:47:34,599 [grpc-default-executor-4] WARN  server.GrpcLogAppender (GrpcLogAppender.java:lambda$resetClient$1(221)) - omNode-1@group-523986131536->omNode-3-GrpcLogAppender: Follower failed (request=null, errorCount=87); keep nextIndex (85) unchanged and retry.
2025-04-23 15:47:34,602 [grpc-default-executor-5] WARN  server.GrpcLogAppender (GrpcLogAppender.java:lambda$resetClient$1(221)) - omNode-1@group-523986131536->omNode-3-GrpcLogAppender: Follower failed (request=null, errorCount=89); keep nextIndex (86) unchanged and retry.
2025-04-23 15:47:34,604 [grpc-default-executor-4] WARN  server.GrpcLogAppender (GrpcLogAppender.java:lambda$resetClient$1(221)) - omNode-1@group-523986131536->omNode-3-GrpcLogAppender: Follower failed (request=null, errorCount=91); keep nextIndex (87) unchanged and retry.
2025-04-23 15:47:34,611 [grpc-default-executor-3] WARN  server.GrpcLogAppender (GrpcLogAppender.java:lambda$resetClient$1(221)) - omNode-1@group-523986131536->omNode-3-GrpcLogAppender: Follower failed (request=null, errorCount=93); keep nextIndex (88) unchanged and retry.
2025-04-23 15:47:34,613 [grpc-default-executor-5] WARN  server.GrpcLogAppender (GrpcLogAppender.java:lambda$resetClient$1(221)) - omNode-1@group-523986131536->omNode-3-GrpcLogAppender: Follower failed (request=null, errorCount=95); keep nextIndex (89) unchanged and retry.
2025-04-23 15:47:34,617 [grpc-default-executor-5] WARN  server.GrpcLogAppender (GrpcLogAppender.java:lambda$resetClient$1(221)) - omNode-1@group-523986131536->omNode-3-GrpcLogAppender: Follower failed (request=null, errorCount=97); keep nextIndex (90) unchanged and retry.
2025-04-23 15:47:34,619 [grpc-default-executor-5] WARN  server.GrpcLogAppender (GrpcLogAppender.java:lambda$resetClient$1(221)) - omNode-1@group-523986131536->omNode-3-GrpcLogAppender: Follower failed (request=null, errorCount=99); keep nextIndex (91) unchanged and retry.
2025-04-23 15:47:34,628 [grpc-default-executor-4] WARN  server.GrpcLogAppender (GrpcLogAppender.java:lambda$resetClient$1(221)) - omNode-1@group-523986131536->omNode-3-GrpcLogAppender: Follower failed (request=null, errorCount=101); keep nextIndex (92) unchanged and retry.
2025-04-23 15:47:34,630 [grpc-default-executor-3] WARN  server.GrpcLogAppender (GrpcLogAppender.java:lambda$resetClient$1(221)) - omNode-1@group-523986131536->omNode-3-GrpcLogAppender: Follower failed (request=null, errorCount=103); keep nextIndex (93) unchanged and retry.
2025-04-23 15:47:34,635 [grpc-default-executor-4] WARN  server.GrpcLogAppender (GrpcLogAppender.java:lambda$resetClient$1(221)) - omNode-1@group-523986131536->omNode-3-GrpcLogAppender: Follower failed (request=null, errorCount=105); keep nextIndex (94) unchanged and retry.
2025-04-23 15:47:34,636 [grpc-default-executor-5] WARN  server.GrpcLogAppender (GrpcLogAppender.java:lambda$resetClient$1(221)) - omNode-1@group-523986131536->omNode-3-GrpcLogAppender: Follower failed (request=null, errorCount=107); keep nextIndex (95) unchanged and retry.
2025-04-23 15:47:34,646 [grpc-default-executor-4] WARN  server.GrpcLogAppender (GrpcLogAppender.java:lambda$resetClient$1(221)) - omNode-1@group-523986131536->omNode-3-GrpcLogAppender: Follower failed (request=null, errorCount=111); keep nextIndex (97) unchanged and retry.
2025-04-23 15:47:34,650 [grpc-default-executor-3] WARN  server.GrpcLogAppender (GrpcLogAppender.java:lambda$resetClient$1(221)) - omNode-1@group-523986131536->omNode-3-GrpcLogAppender: Follower failed (request=null, errorCount=113); keep nextIndex (98) unchanged and retry.
2025-04-23 15:47:34,652 [grpc-default-executor-4] WARN  server.GrpcLogAppender (GrpcLogAppender.java:lambda$resetClient$1(221)) - omNode-1@group-523986131536->omNode-3-GrpcLogAppender: Follower failed (request=null, errorCount=115); keep nextIndex (99) unchanged and retry.
2025-04-23 15:47:34,661 [grpc-default-executor-3] WARN  server.GrpcLogAppender (GrpcLogAppender.java:lambda$resetClient$1(221)) - omNode-1@group-523986131536->omNode-3-GrpcLogAppender: Follower failed (request=null, errorCount=117); keep nextIndex (100) unchanged and retry.
2025-04-23 15:47:34,662 [grpc-default-executor-5] WARN  server.GrpcLogAppender (GrpcLogAppender.java:lambda$resetClient$1(221)) - omNode-1@group-523986131536->omNode-3-GrpcLogAppender: Follower failed (request=null, errorCount=119); keep nextIndex (101) unchanged and retry.
2025-04-23 15:47:34,667 [grpc-default-executor-3] WARN  server.GrpcLogAppender (GrpcLogAppender.java:lambda$resetClient$1(221)) - omNode-1@group-523986131536->omNode-3-GrpcLogAppender: Follower failed (request=null, errorCount=121); keep nextIndex (102) unchanged and retry.
2025-04-23 15:47:34,670 [grpc-default-executor-4] WARN  server.GrpcLogAppender (GrpcLogAppender.java:lambda$resetClient$1(221)) - omNode-1@group-523986131536->omNode-3-GrpcLogAppender: Follower failed (request=null, errorCount=123); keep nextIndex (103) unchanged and retry.
2025-04-23 15:47:34,681 [grpc-default-executor-3] WARN  server.GrpcLogAppender (GrpcLogAppender.java:lambda$resetClient$1(221)) - omNode-1@group-523986131536->omNode-3-GrpcLogAppender: Follower failed (request=null, errorCount=125); keep nextIndex (104) unchanged and retry.
2025-04-23 15:47:34,682 [grpc-default-executor-5] WARN  server.GrpcLogAppender (GrpcLogAppender.java:lambda$resetClient$1(221)) - omNode-1@group-523986131536->omNode-3-GrpcLogAppender: Follower failed (request=null, errorCount=127); keep nextIndex (105) unchanged and retry.
2025-04-23 15:47:34,689 [omNode-2@group-523986131536-StateMachineUpdater] INFO  ratis.OzoneManagerStateMachine (OzoneManagerStateMachine.java:takeSnapshotImpl(510)) - omNode-2: taking snapshot. applied = (t:1, i:100), skipped = 99, notified = (t:1, i:100), current snapshot index = (t:1, i:100), took 20 ms
2025-04-23 15:47:34,689 [omNode-2@group-523986131536-StateMachineUpdater] INFO  impl.StateMachineUpdater (StateMachineUpdater.java:takeSnapshot(303)) - omNode-2@group-523986131536-StateMachineUpdater: Took a snapshot at index 100
2025-04-23 15:47:34,689 [omNode-2@group-523986131536-StateMachineUpdater] INFO  impl.StateMachineUpdater (StateMachineUpdater.java:lambda$new$0(102)) - omNode-2@group-523986131536-StateMachineUpdater: snapshotIndex: updateIncreasingly 50 -> 100
2025-04-23 15:47:34,689 [omNode-2@group-523986131536-StateMachineUpdater] INFO  raftlog.RaftLog (RaftLogBase.java:purge(325)) - omNode-2@group-523986131536-SegmentedRaftLog: purge 100
2025-04-23 15:47:34,689 [omNode-2@group-523986131536-StateMachineUpdater] INFO  raftlog.RaftLog (RaftLogBase.java:lambda$new$0(54)) - omNode-2@group-523986131536-SegmentedRaftLog: snapshotIndex: updateIncreasingly 50 -> 100
2025-04-23 15:47:34,689 [omNode-2@group-523986131536-StateMachineUpdater] INFO  raftlog.RaftLog (RaftLogBase.java:lambda$new$0(54)) - omNode-2@group-523986131536-SegmentedRaftLog: purgeIndex: updateToMax old=50, new=100, updated? true
2025-04-23 15:47:34,691 [omNode-1@group-523986131536-StateMachineUpdater] INFO  ratis.OzoneManagerStateMachine (OzoneManagerStateMachine.java:takeSnapshotImpl(510)) - omNode-1: taking snapshot. applied = (t:1, i:100), skipped = 99, notified = (t:1, i:100), current snapshot index = (t:1, i:100), took 20 ms
2025-04-23 15:47:34,692 [omNode-1@group-523986131536-StateMachineUpdater] INFO  impl.StateMachineUpdater (StateMachineUpdater.java:takeSnapshot(303)) - omNode-1@group-523986131536-StateMachineUpdater: Took a snapshot at index 100
2025-04-23 15:47:34,692 [omNode-1@group-523986131536-StateMachineUpdater] INFO  impl.StateMachineUpdater (StateMachineUpdater.java:lambda$new$0(102)) - omNode-1@group-523986131536-StateMachineUpdater: snapshotIndex: updateIncreasingly 50 -> 100
2025-04-23 15:47:34,692 [omNode-1@group-523986131536-StateMachineUpdater] INFO  raftlog.RaftLog (RaftLogBase.java:purge(325)) - omNode-1@group-523986131536-SegmentedRaftLog: purge 100
2025-04-23 15:47:34,692 [omNode-1@group-523986131536-StateMachineUpdater] INFO  raftlog.RaftLog (RaftLogBase.java:lambda$new$0(54)) - omNode-1@group-523986131536-SegmentedRaftLog: snapshotIndex: updateIncreasingly 50 -> 100
2025-04-23 15:47:34,692 [omNode-1@group-523986131536-StateMachineUpdater] INFO  raftlog.RaftLog (RaftLogBase.java:lambda$new$0(54)) - omNode-1@group-523986131536-SegmentedRaftLog: purgeIndex: updateToMax old=50, new=100, updated? true
2025-04-23 15:47:34,696 [grpc-default-executor-3] WARN  server.GrpcLogAppender (GrpcLogAppender.java:lambda$resetClient$1(221)) - omNode-1@group-523986131536->omNode-3-GrpcLogAppender: Follower failed (request=null, errorCount=129); keep nextIndex (106) unchanged and retry.
2025-04-23 15:47:34,698 [grpc-default-executor-3] WARN  server.GrpcLogAppender (GrpcLogAppender.java:lambda$resetClient$1(221)) - omNode-1@group-523986131536->omNode-3-GrpcLogAppender: Follower failed (request=null, errorCount=131); keep nextIndex (107) unchanged and retry.
2025-04-23 15:47:34,705 [grpc-default-executor-5] WARN  server.GrpcLogAppender (GrpcLogAppender.java:lambda$resetClient$1(221)) - omNode-1@group-523986131536->omNode-3-GrpcLogAppender: Follower failed (request=null, errorCount=133); keep nextIndex (108) unchanged and retry.
2025-04-23 15:47:34,708 [grpc-default-executor-4] WARN  server.GrpcLogAppender (GrpcLogAppender.java:lambda$resetClient$1(221)) - omNode-1@group-523986131536->omNode-3-GrpcLogAppender: Follower failed (request=null, errorCount=135); keep nextIndex (109) unchanged and retry.
2025-04-23 15:47:34,711 [grpc-default-executor-3] WARN  server.GrpcLogAppender (GrpcLogAppender.java:lambda$resetClient$1(221)) - omNode-1@group-523986131536->omNode-3-GrpcLogAppender: Follower failed (request=null, errorCount=137); keep nextIndex (110) unchanged and retry.
2025-04-23 15:47:34,713 [grpc-default-executor-4] WARN  server.GrpcLogAppender (GrpcLogAppender.java:lambda$resetClient$1(221)) - omNode-1@group-523986131536->omNode-3-GrpcLogAppender: Follower failed (request=null, errorCount=139); keep nextIndex (111) unchanged and retry.
2025-04-23 15:47:34,721 [grpc-default-executor-5] WARN  server.GrpcLogAppender (GrpcLogAppender.java:lambda$resetClient$1(221)) - omNode-1@group-523986131536->omNode-3-GrpcLogAppender: Follower failed (request=null, errorCount=141); keep nextIndex (112) unchanged and retry.
2025-04-23 15:47:34,722 [grpc-default-executor-4] WARN  server.GrpcLogAppender (GrpcLogAppender.java:lambda$resetClient$1(221)) - omNode-1@group-523986131536->omNode-3-GrpcLogAppender: Follower failed (request=null, errorCount=143); keep nextIndex (113) unchanged and retry.
2025-04-23 15:47:34,728 [grpc-default-executor-5] WARN  server.GrpcLogAppender (GrpcLogAppender.java:lambda$resetClient$1(221)) - omNode-1@group-523986131536->omNode-3-GrpcLogAppender: Follower failed (request=null, errorCount=145); keep nextIndex (114) unchanged and retry.
2025-04-23 15:47:34,731 [grpc-default-executor-5] WARN  server.GrpcLogAppender (GrpcLogAppender.java:lambda$resetClient$1(221)) - omNode-1@group-523986131536->omNode-3-GrpcLogAppender: Follower failed (request=null, errorCount=147); keep nextIndex (115) unchanged and retry.
2025-04-23 15:47:34,740 [grpc-default-executor-4] WARN  server.GrpcLogAppender (GrpcLogAppender.java:lambda$resetClient$1(221)) - omNode-1@group-523986131536->omNode-3-GrpcLogAppender: Follower failed (request=null, errorCount=149); keep nextIndex (116) unchanged and retry.
2025-04-23 15:47:34,742 [grpc-default-executor-5] WARN  server.GrpcLogAppender (GrpcLogAppender.java:lambda$resetClient$1(221)) - omNode-1@group-523986131536->omNode-3-GrpcLogAppender: Follower failed (request=null, errorCount=151); keep nextIndex (117) unchanged and retry.
2025-04-23 15:47:34,746 [grpc-default-executor-5] WARN  server.GrpcLogAppender (GrpcLogAppender.java:lambda$resetClient$1(221)) - omNode-1@group-523986131536->omNode-3-GrpcLogAppender: Follower failed (request=null, errorCount=153); keep nextIndex (118) unchanged and retry.
2025-04-23 15:47:34,748 [grpc-default-executor-3] WARN  server.GrpcLogAppender (GrpcLogAppender.java:lambda$resetClient$1(221)) - omNode-1@group-523986131536->omNode-3-GrpcLogAppender: Follower failed (request=null, errorCount=155); keep nextIndex (119) unchanged and retry.
2025-04-23 15:47:34,756 [grpc-default-executor-5] WARN  server.GrpcLogAppender (GrpcLogAppender.java:lambda$resetClient$1(221)) - omNode-1@group-523986131536->omNode-3-GrpcLogAppender: Follower failed (request=null, errorCount=157); keep nextIndex (120) unchanged and retry.
2025-04-23 15:47:34,759 [grpc-default-executor-5] WARN  server.GrpcLogAppender (GrpcLogAppender.java:lambda$resetClient$1(221)) - omNode-1@group-523986131536->omNode-3-GrpcLogAppender: Follower failed (request=null, errorCount=159); keep nextIndex (121) unchanged and retry.
2025-04-23 15:47:34,762 [grpc-default-executor-3] WARN  server.GrpcLogAppender (GrpcLogAppender.java:lambda$resetClient$1(221)) - omNode-1@group-523986131536->omNode-3-GrpcLogAppender: Follower failed (request=null, errorCount=161); keep nextIndex (122) unchanged and retry.
2025-04-23 15:47:34,764 [grpc-default-executor-5] WARN  server.GrpcLogAppender (GrpcLogAppender.java:lambda$resetClient$1(221)) - omNode-1@group-523986131536->omNode-3-GrpcLogAppender: Follower failed (request=null, errorCount=163); keep nextIndex (123) unchanged and retry.
2025-04-23 15:47:34,773 [grpc-default-executor-4] WARN  server.GrpcLogAppender (GrpcLogAppender.java:lambda$resetClient$1(221)) - omNode-1@group-523986131536->omNode-3-GrpcLogAppender: Follower failed (request=null, errorCount=165); keep nextIndex (124) unchanged and retry.
2025-04-23 15:47:34,776 [grpc-default-executor-3] WARN  server.GrpcLogAppender (GrpcLogAppender.java:lambda$resetClient$1(221)) - omNode-1@group-523986131536->omNode-3-GrpcLogAppender: Follower failed (request=null, errorCount=167); keep nextIndex (125) unchanged and retry.
2025-04-23 15:47:34,779 [grpc-default-executor-3] WARN  server.GrpcLogAppender (GrpcLogAppender.java:lambda$resetClient$1(221)) - omNode-1@group-523986131536->omNode-3-GrpcLogAppender: Follower failed (request=null, errorCount=169); keep nextIndex (126) unchanged and retry.
2025-04-23 15:47:34,780 [grpc-default-executor-3] WARN  server.GrpcLogAppender (GrpcLogAppender.java:lambda$resetClient$1(221)) - omNode-1@group-523986131536->omNode-3-GrpcLogAppender: Follower failed (request=null, errorCount=171); keep nextIndex (127) unchanged and retry.
2025-04-23 15:47:34,790 [grpc-default-executor-4] WARN  server.GrpcLogAppender (GrpcLogAppender.java:lambda$resetClient$1(221)) - omNode-1@group-523986131536->omNode-3-GrpcLogAppender: Follower failed (request=null, errorCount=173); keep nextIndex (128) unchanged and retry.
2025-04-23 15:47:34,791 [grpc-default-executor-3] WARN  server.GrpcLogAppender (GrpcLogAppender.java:lambda$resetClient$1(221)) - omNode-1@group-523986131536->omNode-3-GrpcLogAppender: Follower failed (request=null, errorCount=175); keep nextIndex (129) unchanged and retry.
2025-04-23 15:47:34,797 [grpc-default-executor-4] WARN  server.GrpcLogAppender (GrpcLogAppender.java:lambda$resetClient$1(221)) - omNode-1@group-523986131536->omNode-3-GrpcLogAppender: Follower failed (request=null, errorCount=177); keep nextIndex (130) unchanged and retry.
2025-04-23 15:47:34,798 [grpc-default-executor-5] WARN  server.GrpcLogAppender (GrpcLogAppender.java:lambda$resetClient$1(221)) - omNode-1@group-523986131536->omNode-3-GrpcLogAppender: Follower failed (request=null, errorCount=179); keep nextIndex (131) unchanged and retry.
2025-04-23 15:47:34,807 [grpc-default-executor-4] WARN  server.GrpcLogAppender (GrpcLogAppender.java:lambda$resetClient$1(221)) - omNode-1@group-523986131536->omNode-3-GrpcLogAppender: Follower failed (request=null, errorCount=181); keep nextIndex (132) unchanged and retry.
2025-04-23 15:47:34,809 [grpc-default-executor-5] WARN  server.GrpcLogAppender (GrpcLogAppender.java:lambda$resetClient$1(221)) - omNode-1@group-523986131536->omNode-3-GrpcLogAppender: Follower failed (request=null, errorCount=183); keep nextIndex (133) unchanged and retry.
2025-04-23 15:47:34,815 [grpc-default-executor-3] WARN  server.GrpcLogAppender (GrpcLogAppender.java:lambda$resetClient$1(221)) - omNode-1@group-523986131536->omNode-3-GrpcLogAppender: Follower failed (request=null, errorCount=185); keep nextIndex (134) unchanged and retry.
2025-04-23 15:47:34,818 [grpc-default-executor-4] WARN  server.GrpcLogAppender (GrpcLogAppender.java:lambda$resetClient$1(221)) - omNode-1@group-523986131536->omNode-3-GrpcLogAppender: Follower failed (request=null, errorCount=187); keep nextIndex (135) unchanged and retry.
2025-04-23 15:47:34,833 [grpc-default-executor-5] WARN  server.GrpcLogAppender (GrpcLogAppender.java:lambda$resetClient$1(221)) - omNode-1@group-523986131536->omNode-3-GrpcLogAppender: Follower failed (request=null, errorCount=189); keep nextIndex (136) unchanged and retry.
2025-04-23 15:47:34,835 [grpc-default-executor-5] WARN  server.GrpcLogAppender (GrpcLogAppender.java:lambda$resetClient$1(221)) - omNode-1@group-523986131536->omNode-3-GrpcLogAppender: Follower failed (request=null, errorCount=191); keep nextIndex (137) unchanged and retry.
2025-04-23 15:47:34,842 [grpc-default-executor-4] WARN  server.GrpcLogAppender (GrpcLogAppender.java:lambda$resetClient$1(221)) - omNode-1@group-523986131536->omNode-3-GrpcLogAppender: Follower failed (request=null, errorCount=193); keep nextIndex (138) unchanged and retry.
2025-04-23 15:47:34,844 [grpc-default-executor-3] WARN  server.GrpcLogAppender (GrpcLogAppender.java:lambda$resetClient$1(221)) - omNode-1@group-523986131536->omNode-3-GrpcLogAppender: Follower failed (request=null, errorCount=195); keep nextIndex (139) unchanged and retry.
2025-04-23 15:47:34,854 [grpc-default-executor-3] WARN  server.GrpcLogAppender (GrpcLogAppender.java:lambda$resetClient$1(221)) - omNode-1@group-523986131536->omNode-3-GrpcLogAppender: Follower failed (request=null, errorCount=197); keep nextIndex (140) unchanged and retry.
2025-04-23 15:47:34,856 [grpc-default-executor-5] WARN  server.GrpcLogAppender (GrpcLogAppender.java:lambda$resetClient$1(221)) - omNode-1@group-523986131536->omNode-3-GrpcLogAppender: Follower failed (request=null, errorCount=199); keep nextIndex (141) unchanged and retry.
2025-04-23 15:47:34,861 [grpc-default-executor-3] WARN  server.GrpcLogAppender (GrpcLogAppender.java:lambda$resetClient$1(221)) - omNode-1@group-523986131536->omNode-3-GrpcLogAppender: Follower failed (request=null, errorCount=201); keep nextIndex (142) unchanged and retry.
2025-04-23 15:47:34,862 [grpc-default-executor-5] WARN  server.GrpcLogAppender (GrpcLogAppender.java:lambda$resetClient$1(221)) - omNode-1@group-523986131536->omNode-3-GrpcLogAppender: Follower failed (request=null, errorCount=203); keep nextIndex (143) unchanged and retry.
2025-04-23 15:47:34,871 [grpc-default-executor-4] WARN  server.GrpcLogAppender (GrpcLogAppender.java:lambda$resetClient$1(221)) - omNode-1@group-523986131536->omNode-3-GrpcLogAppender: Follower failed (request=null, errorCount=205); keep nextIndex (144) unchanged and retry.
2025-04-23 15:47:34,873 [grpc-default-executor-3] WARN  server.GrpcLogAppender (GrpcLogAppender.java:lambda$resetClient$1(221)) - omNode-1@group-523986131536->omNode-3-GrpcLogAppender: Follower failed (request=null, errorCount=207); keep nextIndex (145) unchanged and retry.
2025-04-23 15:47:34,876 [grpc-default-executor-5] WARN  server.GrpcLogAppender (GrpcLogAppender.java:lambda$resetClient$1(221)) - omNode-1@group-523986131536->omNode-3-GrpcLogAppender: Follower failed (request=null, errorCount=209); keep nextIndex (146) unchanged and retry.
2025-04-23 15:47:34,878 [grpc-default-executor-5] WARN  server.GrpcLogAppender (GrpcLogAppender.java:lambda$resetClient$1(221)) - omNode-1@group-523986131536->omNode-3-GrpcLogAppender: Follower failed (request=null, errorCount=211); keep nextIndex (147) unchanged and retry.
2025-04-23 15:47:34,886 [grpc-default-executor-3] WARN  server.GrpcLogAppender (GrpcLogAppender.java:lambda$resetClient$1(221)) - omNode-1@group-523986131536->omNode-3-GrpcLogAppender: Follower failed (request=null, errorCount=213); keep nextIndex (148) unchanged and retry.
2025-04-23 15:47:34,888 [grpc-default-executor-4] WARN  server.GrpcLogAppender (GrpcLogAppender.java:lambda$resetClient$1(221)) - omNode-1@group-523986131536->omNode-3-GrpcLogAppender: Follower failed (request=null, errorCount=215); keep nextIndex (149) unchanged and retry.
2025-04-23 15:47:34,893 [grpc-default-executor-3] WARN  server.GrpcLogAppender (GrpcLogAppender.java:lambda$resetClient$1(221)) - omNode-1@group-523986131536->omNode-3-GrpcLogAppender: Follower failed (request=null, errorCount=217); keep nextIndex (150) unchanged and retry.
2025-04-23 15:47:34,895 [grpc-default-executor-5] WARN  server.GrpcLogAppender (GrpcLogAppender.java:lambda$resetClient$1(221)) - omNode-1@group-523986131536->omNode-3-GrpcLogAppender: Follower failed (request=null, errorCount=219); keep nextIndex (151) unchanged and retry.
2025-04-23 15:47:34,906 [grpc-default-executor-5] WARN  server.GrpcLogAppender (GrpcLogAppender.java:lambda$resetClient$1(221)) - omNode-1@group-523986131536->omNode-3-GrpcLogAppender: Follower failed (request=null, errorCount=223); keep nextIndex (152) unchanged and retry.
2025-04-23 15:47:34,907 [grpc-default-executor-3] WARN  server.GrpcLogAppender (GrpcLogAppender.java:lambda$resetClient$1(221)) - omNode-1@group-523986131536->omNode-3-GrpcLogAppender: Follower failed (request=null, errorCount=225); keep nextIndex (153) unchanged and retry.
2025-04-23 15:47:34,913 [grpc-default-executor-3] WARN  server.GrpcLogAppender (GrpcLogAppender.java:lambda$resetClient$1(221)) - omNode-1@group-523986131536->omNode-3-GrpcLogAppender: Follower failed (request=null, errorCount=227); keep nextIndex (154) unchanged and retry.
2025-04-23 15:47:34,914 [grpc-default-executor-3] WARN  server.GrpcLogAppender (GrpcLogAppender.java:lambda$resetClient$1(221)) - omNode-1@group-523986131536->omNode-3-GrpcLogAppender: Follower failed (request=null, errorCount=229); keep nextIndex (155) unchanged and retry.
2025-04-23 15:47:34,923 [omNode-2@group-523986131536-StateMachineUpdater] INFO  ratis.OzoneManagerStateMachine (OzoneManagerStateMachine.java:takeSnapshotImpl(510)) - omNode-2: taking snapshot. applied = (t:1, i:150), skipped = 149, notified = (t:1, i:150), current snapshot index = (t:1, i:150), took 18 ms
2025-04-23 15:47:34,923 [omNode-2@group-523986131536-StateMachineUpdater] INFO  impl.StateMachineUpdater (StateMachineUpdater.java:takeSnapshot(303)) - omNode-2@group-523986131536-StateMachineUpdater: Took a snapshot at index 150
2025-04-23 15:47:34,923 [omNode-2@group-523986131536-StateMachineUpdater] INFO  impl.StateMachineUpdater (StateMachineUpdater.java:lambda$new$0(102)) - omNode-2@group-523986131536-StateMachineUpdater: snapshotIndex: updateIncreasingly 100 -> 150
2025-04-23 15:47:34,923 [omNode-2@group-523986131536-StateMachineUpdater] INFO  raftlog.RaftLog (RaftLogBase.java:purge(325)) - omNode-2@group-523986131536-SegmentedRaftLog: purge 150
2025-04-23 15:47:34,923 [omNode-2@group-523986131536-StateMachineUpdater] INFO  raftlog.RaftLog (RaftLogBase.java:lambda$new$0(54)) - omNode-2@group-523986131536-SegmentedRaftLog: snapshotIndex: updateIncreasingly 100 -> 150
2025-04-23 15:47:34,924 [omNode-2@group-523986131536-StateMachineUpdater] INFO  raftlog.RaftLog (RaftLogBase.java:lambda$new$0(54)) - omNode-2@group-523986131536-SegmentedRaftLog: purgeIndex: updateToMax old=100, new=150, updated? true
2025-04-23 15:47:34,929 [omNode-1@group-523986131536-StateMachineUpdater] INFO  ratis.OzoneManagerStateMachine (OzoneManagerStateMachine.java:takeSnapshotImpl(510)) - omNode-1: taking snapshot. applied = (t:1, i:150), skipped = 149, notified = (t:1, i:150), current snapshot index = (t:1, i:150), took 22 ms
2025-04-23 15:47:34,929 [omNode-1@group-523986131536-StateMachineUpdater] INFO  impl.StateMachineUpdater (StateMachineUpdater.java:takeSnapshot(303)) - omNode-1@group-523986131536-StateMachineUpdater: Took a snapshot at index 150
2025-04-23 15:47:34,929 [omNode-1@group-523986131536-StateMachineUpdater] INFO  impl.StateMachineUpdater (StateMachineUpdater.java:lambda$new$0(102)) - omNode-1@group-523986131536-StateMachineUpdater: snapshotIndex: updateIncreasingly 100 -> 150
2025-04-23 15:47:34,929 [omNode-1@group-523986131536-StateMachineUpdater] INFO  raftlog.RaftLog (RaftLogBase.java:purge(325)) - omNode-1@group-523986131536-SegmentedRaftLog: purge 150
2025-04-23 15:47:34,929 [omNode-1@group-523986131536-StateMachineUpdater] INFO  raftlog.RaftLog (RaftLogBase.java:lambda$new$0(54)) - omNode-1@group-523986131536-SegmentedRaftLog: snapshotIndex: updateIncreasingly 100 -> 150
2025-04-23 15:47:34,929 [omNode-1@group-523986131536-StateMachineUpdater] INFO  raftlog.RaftLog (RaftLogBase.java:lambda$new$0(54)) - omNode-1@group-523986131536-SegmentedRaftLog: purgeIndex: updateToMax old=100, new=150, updated? true
2025-04-23 15:47:34,937 [grpc-default-executor-2] WARN  server.GrpcLogAppender (GrpcLogAppender.java:lambda$resetClient$1(221)) - omNode-1@group-523986131536->omNode-3-GrpcLogAppender: Follower failed (request=null, errorCount=231); keep nextIndex (156) unchanged and retry.
2025-04-23 15:47:34,939 [grpc-default-executor-2] WARN  server.GrpcLogAppender (GrpcLogAppender.java:lambda$resetClient$1(221)) - omNode-1@group-523986131536->omNode-3-GrpcLogAppender: Follower failed (request=null, errorCount=233); keep nextIndex (157) unchanged and retry.
2025-04-23 15:47:34,944 [grpc-default-executor-3] WARN  server.GrpcLogAppender (GrpcLogAppender.java:lambda$resetClient$1(221)) - omNode-1@group-523986131536->omNode-3-GrpcLogAppender: Follower failed (request=null, errorCount=235); keep nextIndex (158) unchanged and retry.
2025-04-23 15:47:34,946 [grpc-default-executor-5] WARN  server.GrpcLogAppender (GrpcLogAppender.java:lambda$resetClient$1(221)) - omNode-1@group-523986131536->omNode-3-GrpcLogAppender: Follower failed (request=null, errorCount=237); keep nextIndex (159) unchanged and retry.
2025-04-23 15:47:34,954 [grpc-default-executor-2] WARN  server.GrpcLogAppender (GrpcLogAppender.java:lambda$resetClient$1(221)) - omNode-1@group-523986131536->omNode-3-GrpcLogAppender: Follower failed (request=null, errorCount=239); keep nextIndex (160) unchanged and retry.
2025-04-23 15:47:34,955 [grpc-default-executor-5] WARN  server.GrpcLogAppender (GrpcLogAppender.java:lambda$resetClient$1(221)) - omNode-1@group-523986131536->omNode-3-GrpcLogAppender: Follower failed (request=null, errorCount=241); keep nextIndex (161) unchanged and retry.
2025-04-23 15:47:34,959 [grpc-default-executor-3] WARN  server.GrpcLogAppender (GrpcLogAppender.java:lambda$resetClient$1(221)) - omNode-1@group-523986131536->omNode-3-GrpcLogAppender: Follower failed (request=null, errorCount=243); keep nextIndex (162) unchanged and retry.
2025-04-23 15:47:34,962 [grpc-default-executor-2] WARN  server.GrpcLogAppender (GrpcLogAppender.java:lambda$resetClient$1(221)) - omNode-1@group-523986131536->omNode-3-GrpcLogAppender: Follower failed (request=null, errorCount=245); keep nextIndex (163) unchanged and retry.
2025-04-23 15:47:34,968 [grpc-default-executor-5] WARN  server.GrpcLogAppender (GrpcLogAppender.java:lambda$resetClient$1(221)) - omNode-1@group-523986131536->omNode-3-GrpcLogAppender: Follower failed (request=null, errorCount=247); keep nextIndex (164) unchanged and retry.
2025-04-23 15:47:34,969 [grpc-default-executor-2] WARN  server.GrpcLogAppender (GrpcLogAppender.java:lambda$resetClient$1(221)) - omNode-1@group-523986131536->omNode-3-GrpcLogAppender: Follower failed (request=null, errorCount=249); keep nextIndex (165) unchanged and retry.
2025-04-23 15:47:34,974 [grpc-default-executor-5] WARN  server.GrpcLogAppender (GrpcLogAppender.java:lambda$resetClient$1(221)) - omNode-1@group-523986131536->omNode-3-GrpcLogAppender: Follower failed (request=null, errorCount=251); keep nextIndex (166) unchanged and retry.
2025-04-23 15:47:34,975 [grpc-default-executor-3] WARN  server.GrpcLogAppender (GrpcLogAppender.java:lambda$resetClient$1(221)) - omNode-1@group-523986131536->omNode-3-GrpcLogAppender: Follower failed (request=null, errorCount=253); keep nextIndex (167) unchanged and retry.
2025-04-23 15:47:34,984 [grpc-default-executor-2] WARN  server.GrpcLogAppender (GrpcLogAppender.java:lambda$resetClient$1(221)) - omNode-1@group-523986131536->omNode-3-GrpcLogAppender: Follower failed (request=null, errorCount=255); keep nextIndex (168) unchanged and retry.
2025-04-23 15:47:34,987 [grpc-default-executor-2] WARN  server.GrpcLogAppender (GrpcLogAppender.java:lambda$resetClient$1(221)) - omNode-1@group-523986131536->omNode-3-GrpcLogAppender: Follower failed (request=null, errorCount=257); keep nextIndex (169) unchanged and retry.
2025-04-23 15:47:34,993 [grpc-default-executor-5] WARN  server.GrpcLogAppender (GrpcLogAppender.java:lambda$resetClient$1(221)) - omNode-1@group-523986131536->omNode-3-GrpcLogAppender: Follower failed (request=null, errorCount=259); keep nextIndex (170) unchanged and retry.
2025-04-23 15:47:34,995 [grpc-default-executor-2] WARN  server.GrpcLogAppender (GrpcLogAppender.java:lambda$resetClient$1(221)) - omNode-1@group-523986131536->omNode-3-GrpcLogAppender: Follower failed (request=null, errorCount=261); keep nextIndex (171) unchanged and retry.
2025-04-23 15:47:35,002 [grpc-default-executor-3] WARN  server.GrpcLogAppender (GrpcLogAppender.java:lambda$resetClient$1(221)) - omNode-1@group-523986131536->omNode-3-GrpcLogAppender: Follower failed (request=null, errorCount=263); keep nextIndex (172) unchanged and retry.
2025-04-23 15:47:35,004 [grpc-default-executor-3] WARN  server.GrpcLogAppender (GrpcLogAppender.java:lambda$resetClient$1(221)) - omNode-1@group-523986131536->omNode-3-GrpcLogAppender: Follower failed (request=null, errorCount=265); keep nextIndex (173) unchanged and retry.
2025-04-23 15:47:35,009 [grpc-default-executor-5] WARN  server.GrpcLogAppender (GrpcLogAppender.java:lambda$resetClient$1(221)) - omNode-1@group-523986131536->omNode-3-GrpcLogAppender: Follower failed (request=null, errorCount=267); keep nextIndex (174) unchanged and retry.
2025-04-23 15:47:35,011 [grpc-default-executor-3] WARN  server.GrpcLogAppender (GrpcLogAppender.java:lambda$resetClient$1(221)) - omNode-1@group-523986131536->omNode-3-GrpcLogAppender: Follower failed (request=null, errorCount=269); keep nextIndex (175) unchanged and retry.
2025-04-23 15:47:35,019 [grpc-default-executor-2] WARN  server.GrpcLogAppender (GrpcLogAppender.java:lambda$resetClient$1(221)) - omNode-1@group-523986131536->omNode-3-GrpcLogAppender: Follower failed (request=null, errorCount=271); keep nextIndex (176) unchanged and retry.
2025-04-23 15:47:35,020 [grpc-default-executor-3] WARN  server.GrpcLogAppender (GrpcLogAppender.java:lambda$resetClient$1(221)) - omNode-1@group-523986131536->omNode-3-GrpcLogAppender: Follower failed (request=null, errorCount=273); keep nextIndex (177) unchanged and retry.
2025-04-23 15:47:35,024 [grpc-default-executor-5] WARN  server.GrpcLogAppender (GrpcLogAppender.java:lambda$resetClient$1(221)) - omNode-1@group-523986131536->omNode-3-GrpcLogAppender: Follower failed (request=null, errorCount=275); keep nextIndex (178) unchanged and retry.
2025-04-23 15:47:35,033 [grpc-default-executor-2] WARN  server.GrpcLogAppender (GrpcLogAppender.java:lambda$resetClient$1(221)) - omNode-1@group-523986131536->omNode-3-GrpcLogAppender: Follower failed (request=null, errorCount=277); keep nextIndex (180) unchanged and retry.
2025-04-23 15:47:35,034 [grpc-default-executor-3] WARN  server.GrpcLogAppender (GrpcLogAppender.java:lambda$resetClient$1(221)) - omNode-1@group-523986131536->omNode-3-GrpcLogAppender: Follower failed (request=null, errorCount=279); keep nextIndex (181) unchanged and retry.
2025-04-23 15:47:35,038 [grpc-default-executor-5] WARN  server.GrpcLogAppender (GrpcLogAppender.java:lambda$resetClient$1(221)) - omNode-1@group-523986131536->omNode-3-GrpcLogAppender: Follower failed (request=null, errorCount=281); keep nextIndex (182) unchanged and retry.
2025-04-23 15:47:35,041 [grpc-default-executor-3] WARN  server.GrpcLogAppender (GrpcLogAppender.java:lambda$resetClient$1(221)) - omNode-1@group-523986131536->omNode-3-GrpcLogAppender: Follower failed (request=null, errorCount=283); keep nextIndex (183) unchanged and retry.
2025-04-23 15:47:35,049 [grpc-default-executor-3] WARN  server.GrpcLogAppender (GrpcLogAppender.java:lambda$resetClient$1(221)) - omNode-1@group-523986131536->omNode-3-GrpcLogAppender: Follower failed (request=null, errorCount=285); keep nextIndex (184) unchanged and retry.
2025-04-23 15:47:35,052 [grpc-default-executor-3] WARN  server.GrpcLogAppender (GrpcLogAppender.java:lambda$resetClient$1(221)) - omNode-1@group-523986131536->omNode-3-GrpcLogAppender: Follower failed (request=null, errorCount=287); keep nextIndex (185) unchanged and retry.
2025-04-23 15:47:35,057 [grpc-default-executor-3] WARN  server.GrpcLogAppender (GrpcLogAppender.java:lambda$resetClient$1(221)) - omNode-1@group-523986131536->omNode-3-GrpcLogAppender: Follower failed (request=null, errorCount=289); keep nextIndex (186) unchanged and retry.
2025-04-23 15:47:35,059 [grpc-default-executor-2] WARN  server.GrpcLogAppender (GrpcLogAppender.java:lambda$resetClient$1(221)) - omNode-1@group-523986131536->omNode-3-GrpcLogAppender: Follower failed (request=null, errorCount=291); keep nextIndex (187) unchanged and retry.
2025-04-23 15:47:35,070 [grpc-default-executor-3] WARN  server.GrpcLogAppender (GrpcLogAppender.java:lambda$resetClient$1(221)) - omNode-1@group-523986131536->omNode-3-GrpcLogAppender: Follower failed (request=null, errorCount=293); keep nextIndex (188) unchanged and retry.
2025-04-23 15:47:35,073 [grpc-default-executor-2] WARN  server.GrpcLogAppender (GrpcLogAppender.java:lambda$resetClient$1(221)) - omNode-1@group-523986131536->omNode-3-GrpcLogAppender: Follower failed (request=null, errorCount=295); keep nextIndex (189) unchanged and retry.
2025-04-23 15:47:35,079 [grpc-default-executor-3] WARN  server.GrpcLogAppender (GrpcLogAppender.java:lambda$resetClient$1(221)) - omNode-1@group-523986131536->omNode-3-GrpcLogAppender: Follower failed (request=null, errorCount=297); keep nextIndex (190) unchanged and retry.
2025-04-23 15:47:35,080 [grpc-default-executor-2] WARN  server.GrpcLogAppender (GrpcLogAppender.java:lambda$resetClient$1(221)) - omNode-1@group-523986131536->omNode-3-GrpcLogAppender: Follower failed (request=null, errorCount=299); keep nextIndex (191) unchanged and retry.
2025-04-23 15:47:35,089 [grpc-default-executor-2] WARN  server.GrpcLogAppender (GrpcLogAppender.java:lambda$resetClient$1(221)) - omNode-1@group-523986131536->omNode-3-GrpcLogAppender: Follower failed (request=null, errorCount=301); keep nextIndex (192) unchanged and retry.
2025-04-23 15:47:35,090 [grpc-default-executor-5] WARN  server.GrpcLogAppender (GrpcLogAppender.java:lambda$resetClient$1(221)) - omNode-1@group-523986131536->omNode-3-GrpcLogAppender: Follower failed (request=null, errorCount=303); keep nextIndex (193) unchanged and retry.
2025-04-23 15:47:35,095 [grpc-default-executor-5] WARN  server.GrpcLogAppender (GrpcLogAppender.java:lambda$resetClient$1(221)) - omNode-1@group-523986131536->omNode-3-GrpcLogAppender: Follower failed (request=null, errorCount=305); keep nextIndex (194) unchanged and retry.
2025-04-23 15:47:35,098 [grpc-default-executor-3] WARN  server.GrpcLogAppender (GrpcLogAppender.java:lambda$resetClient$1(221)) - omNode-1@group-523986131536->omNode-3-GrpcLogAppender: Follower failed (request=null, errorCount=307); keep nextIndex (195) unchanged and retry.
2025-04-23 15:47:35,104 [grpc-default-executor-5] WARN  server.GrpcLogAppender (GrpcLogAppender.java:lambda$resetClient$1(221)) - omNode-1@group-523986131536->omNode-3-GrpcLogAppender: Follower failed (request=null, errorCount=309); keep nextIndex (196) unchanged and retry.
2025-04-23 15:47:35,106 [grpc-default-executor-3] WARN  server.GrpcLogAppender (GrpcLogAppender.java:lambda$resetClient$1(221)) - omNode-1@group-523986131536->omNode-3-GrpcLogAppender: Follower failed (request=null, errorCount=311); keep nextIndex (197) unchanged and retry.
2025-04-23 15:47:35,111 [grpc-default-executor-3] WARN  server.GrpcLogAppender (GrpcLogAppender.java:lambda$resetClient$1(221)) - omNode-1@group-523986131536->omNode-3-GrpcLogAppender: Follower failed (request=null, errorCount=313); keep nextIndex (198) unchanged and retry.
2025-04-23 15:47:35,114 [grpc-default-executor-5] WARN  server.GrpcLogAppender (GrpcLogAppender.java:lambda$resetClient$1(221)) - omNode-1@group-523986131536->omNode-3-GrpcLogAppender: Follower failed (request=null, errorCount=315); keep nextIndex (199) unchanged and retry.
2025-04-23 15:47:35,125 [grpc-default-executor-3] WARN  server.GrpcLogAppender (GrpcLogAppender.java:lambda$resetClient$1(221)) - omNode-1@group-523986131536->omNode-3-GrpcLogAppender: Follower failed (request=null, errorCount=317); keep nextIndex (200) unchanged and retry.
2025-04-23 15:47:35,127 [grpc-default-executor-5] WARN  server.GrpcLogAppender (GrpcLogAppender.java:lambda$resetClient$1(221)) - omNode-1@group-523986131536->omNode-3-GrpcLogAppender: Follower failed (request=null, errorCount=319); keep nextIndex (201) unchanged and retry.
2025-04-23 15:47:35,133 [grpc-default-executor-2] WARN  server.GrpcLogAppender (GrpcLogAppender.java:lambda$resetClient$1(221)) - omNode-1@group-523986131536->omNode-3-GrpcLogAppender: Follower failed (request=null, errorCount=321); keep nextIndex (202) unchanged and retry.
2025-04-23 15:47:35,134 [grpc-default-executor-3] WARN  server.GrpcLogAppender (GrpcLogAppender.java:lambda$resetClient$1(221)) - omNode-1@group-523986131536->omNode-3-GrpcLogAppender: Follower failed (request=null, errorCount=323); keep nextIndex (203) unchanged and retry.
2025-04-23 15:47:35,148 [grpc-default-executor-5] WARN  server.GrpcLogAppender (GrpcLogAppender.java:lambda$resetClient$1(221)) - omNode-1@group-523986131536->omNode-3-GrpcLogAppender: Follower failed (request=null, errorCount=325); keep nextIndex (204) unchanged and retry.
2025-04-23 15:47:35,151 [grpc-default-executor-3] WARN  server.GrpcLogAppender (GrpcLogAppender.java:lambda$resetClient$1(221)) - omNode-1@group-523986131536->omNode-3-GrpcLogAppender: Follower failed (request=null, errorCount=327); keep nextIndex (205) unchanged and retry.
2025-04-23 15:47:35,156 [omNode-1@group-523986131536-StateMachineUpdater] INFO  ratis.OzoneManagerStateMachine (OzoneManagerStateMachine.java:takeSnapshotImpl(510)) - omNode-1: taking snapshot. applied = (t:1, i:200), skipped = 199, notified = (t:1, i:200), current snapshot index = (t:1, i:200), took 21 ms
2025-04-23 15:47:35,156 [omNode-1@group-523986131536-StateMachineUpdater] INFO  impl.StateMachineUpdater (StateMachineUpdater.java:takeSnapshot(303)) - omNode-1@group-523986131536-StateMachineUpdater: Took a snapshot at index 200
2025-04-23 15:47:35,156 [omNode-1@group-523986131536-StateMachineUpdater] INFO  impl.StateMachineUpdater (StateMachineUpdater.java:lambda$new$0(102)) - omNode-1@group-523986131536-StateMachineUpdater: snapshotIndex: updateIncreasingly 150 -> 200
2025-04-23 15:47:35,156 [omNode-1@group-523986131536-StateMachineUpdater] INFO  raftlog.RaftLog (RaftLogBase.java:purge(325)) - omNode-1@group-523986131536-SegmentedRaftLog: purge 200
2025-04-23 15:47:35,156 [omNode-1@group-523986131536-StateMachineUpdater] INFO  raftlog.RaftLog (RaftLogBase.java:lambda$new$0(54)) - omNode-1@group-523986131536-SegmentedRaftLog: snapshotIndex: updateIncreasingly 150 -> 200
2025-04-23 15:47:35,156 [omNode-1@group-523986131536-StateMachineUpdater] INFO  raftlog.RaftLog (RaftLogBase.java:lambda$new$0(54)) - omNode-1@group-523986131536-SegmentedRaftLog: purgeIndex: updateToMax old=150, new=200, updated? true
2025-04-23 15:47:35,158 [omNode-2@group-523986131536-StateMachineUpdater] INFO  ratis.OzoneManagerStateMachine (OzoneManagerStateMachine.java:takeSnapshotImpl(510)) - omNode-2: taking snapshot. applied = (t:1, i:200), skipped = 199, notified = (t:1, i:200), current snapshot index = (t:1, i:200), took 25 ms
2025-04-23 15:47:35,159 [omNode-2@group-523986131536-StateMachineUpdater] INFO  impl.StateMachineUpdater (StateMachineUpdater.java:takeSnapshot(303)) - omNode-2@group-523986131536-StateMachineUpdater: Took a snapshot at index 200
2025-04-23 15:47:35,159 [omNode-2@group-523986131536-StateMachineUpdater] INFO  impl.StateMachineUpdater (StateMachineUpdater.java:lambda$new$0(102)) - omNode-2@group-523986131536-StateMachineUpdater: snapshotIndex: updateIncreasingly 150 -> 200
2025-04-23 15:47:35,159 [omNode-2@group-523986131536-StateMachineUpdater] INFO  raftlog.RaftLog (RaftLogBase.java:purge(325)) - omNode-2@group-523986131536-SegmentedRaftLog: purge 200
2025-04-23 15:47:35,159 [omNode-2@group-523986131536-StateMachineUpdater] INFO  raftlog.RaftLog (RaftLogBase.java:lambda$new$0(54)) - omNode-2@group-523986131536-SegmentedRaftLog: snapshotIndex: updateIncreasingly 150 -> 200
2025-04-23 15:47:35,159 [omNode-2@group-523986131536-StateMachineUpdater] INFO  raftlog.RaftLog (RaftLogBase.java:lambda$new$0(54)) - omNode-2@group-523986131536-SegmentedRaftLog: purgeIndex: updateToMax old=150, new=200, updated? true
2025-04-23 15:47:35,164 [Thread-8384] WARN  rocksdiff.RocksDBCheckpointDiffer (RocksDBCheckpointDiffer.java:lambda$onCompactionCompleted$0(492)) - Input file not found in inflightCompactionsMap : /home/runner/work/ozone/ozone/hadoop-ozone/integration-test/target/test-dir/MiniOzoneClusterImpl-11ed033c-ec90-4580-9385-902e6658689d/omNode-2/om.db/000068.sst which should have been added on compactionBeginListener.
2025-04-23 15:47:35,164 [grpc-default-executor-2] WARN  server.GrpcLogAppender (GrpcLogAppender.java:lambda$resetClient$1(221)) - omNode-1@group-523986131536->omNode-3-GrpcLogAppender: Follower failed (request=null, errorCount=331); keep nextIndex (206) unchanged and retry.
2025-04-23 15:47:35,164 [Thread-8384] WARN  rocksdiff.RocksDBCheckpointDiffer (RocksDBCheckpointDiffer.java:lambda$onCompactionCompleted$0(492)) - Input file not found in inflightCompactionsMap : /home/runner/work/ozone/ozone/hadoop-ozone/integration-test/target/test-dir/MiniOzoneClusterImpl-11ed033c-ec90-4580-9385-902e6658689d/omNode-2/om.db/000057.sst which should have been added on compactionBeginListener.
2025-04-23 15:47:35,165 [Thread-8384] WARN  rocksdiff.RocksDBCheckpointDiffer (RocksDBCheckpointDiffer.java:lambda$onCompactionCompleted$0(492)) - Input file not found in inflightCompactionsMap : /home/runner/work/ozone/ozone/hadoop-ozone/integration-test/target/test-dir/MiniOzoneClusterImpl-11ed033c-ec90-4580-9385-902e6658689d/omNode-2/om.db/000073.sst which should have been added on compactionBeginListener.
2025-04-23 15:47:35,165 [Thread-8384] WARN  rocksdiff.RocksDBCheckpointDiffer (RocksDBCheckpointDiffer.java:lambda$onCompactionCompleted$0(492)) - Input file not found in inflightCompactionsMap : /home/runner/work/ozone/ozone/hadoop-ozone/integration-test/target/test-dir/MiniOzoneClusterImpl-11ed033c-ec90-4580-9385-902e6658689d/omNode-2/om.db/000063.sst which should have been added on compactionBeginListener.
2025-04-23 15:47:35,166 [grpc-default-executor-3] WARN  server.GrpcLogAppender (GrpcLogAppender.java:lambda$resetClient$1(221)) - omNode-1@group-523986131536->omNode-3-GrpcLogAppender: Follower failed (request=null, errorCount=333); keep nextIndex (207) unchanged and retry.
2025-04-23 15:47:35,169 [Thread-8398] WARN  rocksdiff.RocksDBCheckpointDiffer (RocksDBCheckpointDiffer.java:lambda$onCompactionCompleted$0(492)) - Input file not found in inflightCompactionsMap : /home/runner/work/ozone/ozone/hadoop-ozone/integration-test/target/test-dir/MiniOzoneClusterImpl-11ed033c-ec90-4580-9385-902e6658689d/omNode-1/om.db/000057.sst which should have been added on compactionBeginListener.
2025-04-23 15:47:35,169 [Thread-8398] WARN  rocksdiff.RocksDBCheckpointDiffer (RocksDBCheckpointDiffer.java:lambda$onCompactionCompleted$0(492)) - Input file not found in inflightCompactionsMap : /home/runner/work/ozone/ozone/hadoop-ozone/integration-test/target/test-dir/MiniOzoneClusterImpl-11ed033c-ec90-4580-9385-902e6658689d/omNode-1/om.db/000064.sst which should have been added on compactionBeginListener.
2025-04-23 15:47:35,169 [Thread-8398] WARN  rocksdiff.RocksDBCheckpointDiffer (RocksDBCheckpointDiffer.java:lambda$onCompactionCompleted$0(492)) - Input file not found in inflightCompactionsMap : /home/runner/work/ozone/ozone/hadoop-ozone/integration-test/target/test-dir/MiniOzoneClusterImpl-11ed033c-ec90-4580-9385-902e6658689d/omNode-1/om.db/000070.sst which should have been added on compactionBeginListener.
2025-04-23 15:47:35,169 [Thread-8398] WARN  rocksdiff.RocksDBCheckpointDiffer (RocksDBCheckpointDiffer.java:lambda$onCompactionCompleted$0(492)) - Input file not found in inflightCompactionsMap : /home/runner/work/ozone/ozone/hadoop-ozone/integration-test/target/test-dir/MiniOzoneClusterImpl-11ed033c-ec90-4580-9385-902e6658689d/omNode-1/om.db/000076.sst which should have been added on compactionBeginListener.
2025-04-23 15:47:35,173 [grpc-default-executor-3] WARN  server.GrpcLogAppender (GrpcLogAppender.java:lambda$resetClient$1(221)) - omNode-1@group-523986131536->omNode-3-GrpcLogAppender: Follower failed (request=null, errorCount=335); keep nextIndex (208) unchanged and retry.
2025-04-23 15:47:35,175 [grpc-default-executor-3] WARN  server.GrpcLogAppender (GrpcLogAppender.java:lambda$resetClient$1(221)) - omNode-1@group-523986131536->omNode-3-GrpcLogAppender: Follower failed (request=null, errorCount=337); keep nextIndex (209) unchanged and retry.
2025-04-23 15:47:35,179 [grpc-default-executor-5] WARN  server.GrpcLogAppender (GrpcLogAppender.java:lambda$resetClient$1(221)) - omNode-1@group-523986131536->omNode-3-GrpcLogAppender: Follower failed (request=null, errorCount=339); keep nextIndex (210) unchanged and retry.
2025-04-23 15:47:35,180 [grpc-default-executor-2] WARN  server.GrpcLogAppender (GrpcLogAppender.java:lambda$resetClient$1(221)) - omNode-1@group-523986131536->omNode-3-GrpcLogAppender: Follower failed (request=null, errorCount=341); keep nextIndex (211) unchanged and retry.
2025-04-23 15:47:35,188 [grpc-default-executor-2] WARN  server.GrpcLogAppender (GrpcLogAppender.java:lambda$resetClient$1(221)) - omNode-1@group-523986131536->omNode-3-GrpcLogAppender: Follower failed (request=null, errorCount=343); keep nextIndex (212) unchanged and retry.
2025-04-23 15:47:35,189 [grpc-default-executor-5] WARN  server.GrpcLogAppender (GrpcLogAppender.java:lambda$resetClient$1(221)) - omNode-1@group-523986131536->omNode-3-GrpcLogAppender: Follower failed (request=null, errorCount=345); keep nextIndex (213) unchanged and retry.
2025-04-23 15:47:35,193 [grpc-default-executor-2] WARN  server.GrpcLogAppender (GrpcLogAppender.java:lambda$resetClient$1(221)) - omNode-1@group-523986131536->omNode-3-GrpcLogAppender: Follower failed (request=null, errorCount=347); keep nextIndex (214) unchanged and retry.
2025-04-23 15:47:35,195 [grpc-default-executor-3] WARN  server.GrpcLogAppender (GrpcLogAppender.java:lambda$resetClient$1(221)) - omNode-1@group-523986131536->omNode-3-GrpcLogAppender: Follower failed (request=null, errorCount=349); keep nextIndex (215) unchanged and retry.
2025-04-23 15:47:35,203 [grpc-default-executor-2] WARN  server.GrpcLogAppender (GrpcLogAppender.java:lambda$resetClient$1(221)) - omNode-1@group-523986131536->omNode-3-GrpcLogAppender: Follower failed (request=null, errorCount=351); keep nextIndex (216) unchanged and retry.
2025-04-23 15:47:35,205 [grpc-default-executor-3] WARN  server.GrpcLogAppender (GrpcLogAppender.java:lambda$resetClient$1(221)) - omNode-1@group-523986131536->omNode-3-GrpcLogAppender: Follower failed (request=null, errorCount=353); keep nextIndex (217) unchanged and retry.
2025-04-23 15:47:35,209 [grpc-default-executor-2] WARN  server.GrpcLogAppender (GrpcLogAppender.java:lambda$resetClient$1(221)) - omNode-1@group-523986131536->omNode-3-GrpcLogAppender: Follower failed (request=null, errorCount=355); keep nextIndex (218) unchanged and retry.
2025-04-23 15:47:35,211 [grpc-default-executor-3] WARN  server.GrpcLogAppender (GrpcLogAppender.java:lambda$resetClient$1(221)) - omNode-1@group-523986131536->omNode-3-GrpcLogAppender: Follower failed (request=null, errorCount=357); keep nextIndex (219) unchanged and retry.
2025-04-23 15:47:35,219 [grpc-default-executor-5] WARN  server.GrpcLogAppender (GrpcLogAppender.java:lambda$resetClient$1(221)) - omNode-1@group-523986131536->omNode-3-GrpcLogAppender: Follower failed (request=null, errorCount=359); keep nextIndex (220) unchanged and retry.
2025-04-23 15:47:35,221 [grpc-default-executor-3] WARN  server.GrpcLogAppender (GrpcLogAppender.java:lambda$resetClient$1(221)) - omNode-1@group-523986131536->omNode-3-GrpcLogAppender: Follower failed (request=null, errorCount=361); keep nextIndex (221) unchanged and retry.
2025-04-23 15:47:35,226 [grpc-default-executor-2] WARN  server.GrpcLogAppender (GrpcLogAppender.java:lambda$resetClient$1(221)) - omNode-1@group-523986131536->omNode-3-GrpcLogAppender: Follower failed (request=null, errorCount=363); keep nextIndex (222) unchanged and retry.
2025-04-23 15:47:35,227 [grpc-default-executor-3] WARN  server.GrpcLogAppender (GrpcLogAppender.java:lambda$resetClient$1(221)) - omNode-1@group-523986131536->omNode-3-GrpcLogAppender: Follower failed (request=null, errorCount=365); keep nextIndex (223) unchanged and retry.
2025-04-23 15:47:35,236 [grpc-default-executor-2] WARN  server.GrpcLogAppender (GrpcLogAppender.java:lambda$resetClient$1(221)) - omNode-1@group-523986131536->omNode-3-GrpcLogAppender: Follower failed (request=null, errorCount=367); keep nextIndex (224) unchanged and retry.
2025-04-23 15:47:35,242 [grpc-default-executor-3] WARN  server.GrpcLogAppender (GrpcLogAppender.java:lambda$resetClient$1(221)) - omNode-1@group-523986131536->omNode-3-GrpcLogAppender: Follower failed (request=null, errorCount=369); keep nextIndex (225) unchanged and retry.
2025-04-23 15:47:35,244 [grpc-default-executor-2] WARN  server.GrpcLogAppender (GrpcLogAppender.java:lambda$resetClient$1(221)) - omNode-1@group-523986131536->omNode-3-GrpcLogAppender: Follower failed (request=null, errorCount=371); keep nextIndex (226) unchanged and retry.
2025-04-23 15:47:35,246 [grpc-default-executor-3] WARN  server.GrpcLogAppender (GrpcLogAppender.java:lambda$resetClient$1(221)) - omNode-1@group-523986131536->omNode-3-GrpcLogAppender: Follower failed (request=null, errorCount=373); keep nextIndex (227) unchanged and retry.
2025-04-23 15:47:35,254 [grpc-default-executor-5] WARN  server.GrpcLogAppender (GrpcLogAppender.java:lambda$resetClient$1(221)) - omNode-1@group-523986131536->omNode-3-GrpcLogAppender: Follower failed (request=null, errorCount=375); keep nextIndex (228) unchanged and retry.
2025-04-23 15:47:35,256 [grpc-default-executor-3] WARN  server.GrpcLogAppender (GrpcLogAppender.java:lambda$resetClient$1(221)) - omNode-1@group-523986131536->omNode-3-GrpcLogAppender: Follower failed (request=null, errorCount=377); keep nextIndex (229) unchanged and retry.
2025-04-23 15:47:35,265 [grpc-default-executor-5] WARN  server.GrpcLogAppender (GrpcLogAppender.java:lambda$resetClient$1(221)) - omNode-1@group-523986131536->omNode-3-GrpcLogAppender: Follower failed (request=null, errorCount=379); keep nextIndex (230) unchanged and retry.
2025-04-23 15:47:35,268 [grpc-default-executor-5] WARN  server.GrpcLogAppender (GrpcLogAppender.java:lambda$resetClient$1(221)) - omNode-1@group-523986131536->omNode-3-GrpcLogAppender: Follower failed (request=null, errorCount=381); keep nextIndex (231) unchanged and retry.
2025-04-23 15:47:35,283 [grpc-default-executor-4] WARN  server.GrpcLogAppender (GrpcLogAppender.java:lambda$resetClient$1(221)) - omNode-1@group-523986131536->omNode-3-GrpcLogAppender: Follower failed (request=null, errorCount=383); keep nextIndex (232) unchanged and retry.
2025-04-23 15:47:35,285 [grpc-default-executor-5] WARN  server.GrpcLogAppender (GrpcLogAppender.java:lambda$resetClient$1(221)) - omNode-1@group-523986131536->omNode-3-GrpcLogAppender: Follower failed (request=null, errorCount=385); keep nextIndex (233) unchanged and retry.
2025-04-23 15:47:35,294 [grpc-default-executor-4] WARN  server.GrpcLogAppender (GrpcLogAppender.java:lambda$resetClient$1(221)) - omNode-1@group-523986131536->omNode-3-GrpcLogAppender: Follower failed (request=null, errorCount=387); keep nextIndex (234) unchanged and retry.
2025-04-23 15:47:35,296 [grpc-default-executor-5] WARN  server.GrpcLogAppender (GrpcLogAppender.java:lambda$resetClient$1(221)) - omNode-1@group-523986131536->omNode-3-GrpcLogAppender: Follower failed (request=null, errorCount=389); keep nextIndex (235) unchanged and retry.
2025-04-23 15:47:35,305 [grpc-default-executor-4] WARN  server.GrpcLogAppender (GrpcLogAppender.java:lambda$resetClient$1(221)) - omNode-1@group-523986131536->omNode-3-GrpcLogAppender: Follower failed (request=null, errorCount=391); keep nextIndex (236) unchanged and retry.
2025-04-23 15:47:35,307 [grpc-default-executor-2] WARN  server.GrpcLogAppender (GrpcLogAppender.java:lambda$resetClient$1(221)) - omNode-1@group-523986131536->omNode-3-GrpcLogAppender: Follower failed (request=null, errorCount=393); keep nextIndex (237) unchanged and retry.
2025-04-23 15:47:35,312 [grpc-default-executor-4] WARN  server.GrpcLogAppender (GrpcLogAppender.java:lambda$resetClient$1(221)) - omNode-1@group-523986131536->omNode-3-GrpcLogAppender: Follower failed (request=null, errorCount=395); keep nextIndex (238) unchanged and retry.
2025-04-23 15:47:35,314 [grpc-default-executor-5] WARN  server.GrpcLogAppender (GrpcLogAppender.java:lambda$resetClient$1(221)) - omNode-1@group-523986131536->omNode-3-GrpcLogAppender: Follower failed (request=null, errorCount=397); keep nextIndex (239) unchanged and retry.
2025-04-23 15:47:35,324 [grpc-default-executor-4] WARN  server.GrpcLogAppender (GrpcLogAppender.java:lambda$resetClient$1(221)) - omNode-1@group-523986131536->omNode-3-GrpcLogAppender: Follower failed (request=null, errorCount=399); keep nextIndex (240) unchanged and retry.
2025-04-23 15:47:35,326 [grpc-default-executor-2] WARN  server.GrpcLogAppender (GrpcLogAppender.java:lambda$resetClient$1(221)) - omNode-1@group-523986131536->omNode-3-GrpcLogAppender: Follower failed (request=null, errorCount=401); keep nextIndex (241) unchanged and retry.
2025-04-23 15:47:35,330 [grpc-default-executor-4] WARN  server.GrpcLogAppender (GrpcLogAppender.java:lambda$resetClient$1(221)) - omNode-1@group-523986131536->omNode-3-GrpcLogAppender: Follower failed (request=null, errorCount=403); keep nextIndex (242) unchanged and retry.
2025-04-23 15:47:35,332 [grpc-default-executor-5] WARN  server.GrpcLogAppender (GrpcLogAppender.java:lambda$resetClient$1(221)) - omNode-1@group-523986131536->omNode-3-GrpcLogAppender: Follower failed (request=null, errorCount=405); keep nextIndex (243) unchanged and retry.
2025-04-23 15:47:35,341 [grpc-default-executor-4] WARN  server.GrpcLogAppender (GrpcLogAppender.java:lambda$resetClient$1(221)) - omNode-1@group-523986131536->omNode-3-GrpcLogAppender: Follower failed (request=null, errorCount=407); keep nextIndex (244) unchanged and retry.
2025-04-23 15:47:35,342 [grpc-default-executor-2] WARN  server.GrpcLogAppender (GrpcLogAppender.java:lambda$resetClient$1(221)) - omNode-1@group-523986131536->omNode-3-GrpcLogAppender: Follower failed (request=null, errorCount=409); keep nextIndex (245) unchanged and retry.
2025-04-23 15:47:35,347 [grpc-default-executor-4] WARN  server.GrpcLogAppender (GrpcLogAppender.java:lambda$resetClient$1(221)) - omNode-1@group-523986131536->omNode-3-GrpcLogAppender: Follower failed (request=null, errorCount=411); keep nextIndex (246) unchanged and retry.
2025-04-23 15:47:35,349 [grpc-default-executor-4] WARN  server.GrpcLogAppender (GrpcLogAppender.java:lambda$resetClient$1(221)) - omNode-1@group-523986131536->omNode-3-GrpcLogAppender: Follower failed (request=null, errorCount=413); keep nextIndex (247) unchanged and retry.
2025-04-23 15:47:35,358 [grpc-default-executor-4] WARN  server.GrpcLogAppender (GrpcLogAppender.java:lambda$resetClient$1(221)) - omNode-1@group-523986131536->omNode-3-GrpcLogAppender: Follower failed (request=null, errorCount=415); keep nextIndex (248) unchanged and retry.
2025-04-23 15:47:35,361 [grpc-default-executor-2] WARN  server.GrpcLogAppender (GrpcLogAppender.java:lambda$resetClient$1(221)) - omNode-1@group-523986131536->omNode-3-GrpcLogAppender: Follower failed (request=null, errorCount=417); keep nextIndex (249) unchanged and retry.
2025-04-23 15:47:35,367 [grpc-default-executor-5] WARN  server.GrpcLogAppender (GrpcLogAppender.java:lambda$resetClient$1(221)) - omNode-1@group-523986131536->omNode-3-GrpcLogAppender: Follower failed (request=null, errorCount=419); keep nextIndex (250) unchanged and retry.
2025-04-23 15:47:35,369 [grpc-default-executor-5] WARN  server.GrpcLogAppender (GrpcLogAppender.java:lambda$resetClient$1(221)) - omNode-1@group-523986131536->omNode-3-GrpcLogAppender: Follower failed (request=null, errorCount=421); keep nextIndex (251) unchanged and retry.
2025-04-23 15:47:35,379 [grpc-default-executor-4] WARN  server.GrpcLogAppender (GrpcLogAppender.java:lambda$resetClient$1(221)) - omNode-1@group-523986131536->omNode-3-GrpcLogAppender: Follower failed (request=null, errorCount=423); keep nextIndex (252) unchanged and retry.
2025-04-23 15:47:35,382 [grpc-default-executor-5] WARN  server.GrpcLogAppender (GrpcLogAppender.java:lambda$resetClient$1(221)) - omNode-1@group-523986131536->omNode-3-GrpcLogAppender: Follower failed (request=null, errorCount=425); keep nextIndex (253) unchanged and retry.
2025-04-23 15:47:35,390 [omNode-1@group-523986131536-StateMachineUpdater] INFO  ratis.OzoneManagerStateMachine (OzoneManagerStateMachine.java:takeSnapshotImpl(510)) - omNode-1: taking snapshot. applied = (t:1, i:250), skipped = 249, notified = (t:1, i:250), current snapshot index = (t:1, i:250), took 18 ms
2025-04-23 15:47:35,390 [omNode-1@group-523986131536-StateMachineUpdater] INFO  impl.StateMachineUpdater (StateMachineUpdater.java:takeSnapshot(303)) - omNode-1@group-523986131536-StateMachineUpdater: Took a snapshot at index 250
2025-04-23 15:47:35,390 [omNode-1@group-523986131536-StateMachineUpdater] INFO  impl.StateMachineUpdater (StateMachineUpdater.java:lambda$new$0(102)) - omNode-1@group-523986131536-StateMachineUpdater: snapshotIndex: updateIncreasingly 200 -> 250
2025-04-23 15:47:35,390 [omNode-1@group-523986131536-StateMachineUpdater] INFO  raftlog.RaftLog (RaftLogBase.java:purge(325)) - omNode-1@group-523986131536-SegmentedRaftLog: purge 250
2025-04-23 15:47:35,390 [omNode-1@group-523986131536-StateMachineUpdater] INFO  raftlog.RaftLog (RaftLogBase.java:lambda$new$0(54)) - omNode-1@group-523986131536-SegmentedRaftLog: snapshotIndex: updateIncreasingly 200 -> 250
2025-04-23 15:47:35,390 [omNode-1@group-523986131536-StateMachineUpdater] INFO  raftlog.RaftLog (RaftLogBase.java:lambda$new$0(54)) - omNode-1@group-523986131536-SegmentedRaftLog: purgeIndex: updateToMax old=200, new=250, updated? true
2025-04-23 15:47:35,395 [grpc-default-executor-4] WARN  server.GrpcLogAppender (GrpcLogAppender.java:lambda$resetClient$1(221)) - omNode-1@group-523986131536->omNode-3-GrpcLogAppender: Follower failed (request=null, errorCount=427); keep nextIndex (254) unchanged and retry.
2025-04-23 15:47:35,399 [grpc-default-executor-5] WARN  server.GrpcLogAppender (GrpcLogAppender.java:lambda$resetClient$1(221)) - omNode-1@group-523986131536->omNode-3-GrpcLogAppender: Follower failed (request=null, errorCount=429); keep nextIndex (255) unchanged and retry.
2025-04-23 15:47:35,402 [omNode-2@group-523986131536-StateMachineUpdater] INFO  ratis.OzoneManagerStateMachine (OzoneManagerStateMachine.java:takeSnapshotImpl(510)) - omNode-2: taking snapshot. applied = (t:1, i:250), skipped = 249, notified = (t:1, i:250), current snapshot index = (t:1, i:250), took 21 ms
2025-04-23 15:47:35,402 [omNode-2@group-523986131536-StateMachineUpdater] INFO  impl.StateMachineUpdater (StateMachineUpdater.java:takeSnapshot(303)) - omNode-2@group-523986131536-StateMachineUpdater: Took a snapshot at index 250
2025-04-23 15:47:35,403 [omNode-2@group-523986131536-StateMachineUpdater] INFO  impl.StateMachineUpdater (StateMachineUpdater.java:lambda$new$0(102)) - omNode-2@group-523986131536-StateMachineUpdater: snapshotIndex: updateIncreasingly 200 -> 250
2025-04-23 15:47:35,403 [omNode-2@group-523986131536-StateMachineUpdater] INFO  raftlog.RaftLog (RaftLogBase.java:purge(325)) - omNode-2@group-523986131536-SegmentedRaftLog: purge 250
2025-04-23 15:47:35,403 [omNode-2@group-523986131536-StateMachineUpdater] INFO  raftlog.RaftLog (RaftLogBase.java:lambda$new$0(54)) - omNode-2@group-523986131536-SegmentedRaftLog: snapshotIndex: updateIncreasingly 200 -> 250
2025-04-23 15:47:35,403 [omNode-2@group-523986131536-StateMachineUpdater] INFO  raftlog.RaftLog (RaftLogBase.java:lambda$new$0(54)) - omNode-2@group-523986131536-SegmentedRaftLog: purgeIndex: updateToMax old=200, new=250, updated? true
2025-04-23 15:47:35,411 [grpc-default-executor-2] WARN  server.GrpcLogAppender (GrpcLogAppender.java:lambda$resetClient$1(221)) - omNode-1@group-523986131536->omNode-3-GrpcLogAppender: Follower failed (request=null, errorCount=431); keep nextIndex (256) unchanged and retry.
2025-04-23 15:47:35,415 [grpc-default-executor-4] WARN  server.GrpcLogAppender (GrpcLogAppender.java:lambda$resetClient$1(221)) - omNode-1@group-523986131536->omNode-3-GrpcLogAppender: Follower failed (request=null, errorCount=433); keep nextIndex (257) unchanged and retry.
2025-04-23 15:47:35,424 [grpc-default-executor-2] WARN  server.GrpcLogAppender (GrpcLogAppender.java:lambda$resetClient$1(221)) - omNode-1@group-523986131536->omNode-3-GrpcLogAppender: Follower failed (request=null, errorCount=437); keep nextIndex (259) unchanged and retry.
2025-04-23 15:47:35,437 [grpc-default-executor-4] WARN  server.GrpcLogAppender (GrpcLogAppender.java:lambda$resetClient$1(221)) - omNode-1@group-523986131536->omNode-3-GrpcLogAppender: Follower failed (request=null, errorCount=439); keep nextIndex (260) unchanged and retry.
2025-04-23 15:47:35,441 [grpc-default-executor-2] WARN  server.GrpcLogAppender (GrpcLogAppender.java:lambda$resetClient$1(221)) - omNode-1@group-523986131536->omNode-3-GrpcLogAppender: Follower failed (request=null, errorCount=441); keep nextIndex (261) unchanged and retry.
2025-04-23 15:47:35,448 [grpc-default-executor-5] WARN  server.GrpcLogAppender (GrpcLogAppender.java:lambda$resetClient$1(221)) - omNode-1@group-523986131536->omNode-3-GrpcLogAppender: Follower failed (request=null, errorCount=443); keep nextIndex (262) unchanged and retry.
2025-04-23 15:47:35,450 [grpc-default-executor-2] WARN  server.GrpcLogAppender (GrpcLogAppender.java:lambda$resetClient$1(221)) - omNode-1@group-523986131536->omNode-3-GrpcLogAppender: Follower failed (request=null, errorCount=445); keep nextIndex (263) unchanged and retry.
2025-04-23 15:47:35,461 [grpc-default-executor-5] WARN  server.GrpcLogAppender (GrpcLogAppender.java:lambda$resetClient$1(221)) - omNode-1@group-523986131536->omNode-3-GrpcLogAppender: Follower failed (request=null, errorCount=447); keep nextIndex (264) unchanged and retry.
2025-04-23 15:47:35,465 [grpc-default-executor-4] WARN  server.GrpcLogAppender (GrpcLogAppender.java:lambda$resetClient$1(221)) - omNode-1@group-523986131536->omNode-3-GrpcLogAppender: Follower failed (request=null, errorCount=449); keep nextIndex (265) unchanged and retry.
2025-04-23 15:47:35,471 [grpc-default-executor-4] WARN  server.GrpcLogAppender (GrpcLogAppender.java:lambda$resetClient$1(221)) - omNode-1@group-523986131536->omNode-3-GrpcLogAppender: Follower failed (request=null, errorCount=451); keep nextIndex (266) unchanged and retry.
2025-04-23 15:47:35,472 [grpc-default-executor-4] WARN  server.GrpcLogAppender (GrpcLogAppender.java:lambda$resetClient$1(221)) - omNode-1@group-523986131536->omNode-3-GrpcLogAppender: Follower failed (request=null, errorCount=453); keep nextIndex (267) unchanged and retry.
2025-04-23 15:47:35,484 [grpc-default-executor-4] WARN  server.GrpcLogAppender (GrpcLogAppender.java:lambda$resetClient$1(221)) - omNode-1@group-523986131536->omNode-3-GrpcLogAppender: Follower failed (request=null, errorCount=455); keep nextIndex (268) unchanged and retry.
2025-04-23 15:47:35,487 [grpc-default-executor-2] WARN  server.GrpcLogAppender (GrpcLogAppender.java:lambda$resetClient$1(221)) - omNode-1@group-523986131536->omNode-3-GrpcLogAppender: Follower failed (request=null, errorCount=457); keep nextIndex (269) unchanged and retry.
2025-04-23 15:47:35,495 [grpc-default-executor-5] WARN  server.GrpcLogAppender (GrpcLogAppender.java:lambda$resetClient$1(221)) - omNode-1@group-523986131536->omNode-3-GrpcLogAppender: Follower failed (request=null, errorCount=459); keep nextIndex (270) unchanged and retry.
2025-04-23 15:47:35,496 [grpc-default-executor-2] WARN  server.GrpcLogAppender (GrpcLogAppender.java:lambda$resetClient$1(221)) - omNode-1@group-523986131536->omNode-3-GrpcLogAppender: Follower failed (request=null, errorCount=461); keep nextIndex (271) unchanged and retry.
2025-04-23 15:47:35,508 [grpc-default-executor-5] WARN  server.GrpcLogAppender (GrpcLogAppender.java:lambda$resetClient$1(221)) - omNode-1@group-523986131536->omNode-3-GrpcLogAppender: Follower failed (request=null, errorCount=463); keep nextIndex (272) unchanged and retry.
2025-04-23 15:47:35,510 [grpc-default-executor-5] WARN  server.GrpcLogAppender (GrpcLogAppender.java:lambda$resetClient$1(221)) - omNode-1@group-523986131536->omNode-3-GrpcLogAppender: Follower failed (request=null, errorCount=465); keep nextIndex (273) unchanged and retry.
2025-04-23 15:47:35,515 [grpc-default-executor-2] WARN  server.GrpcLogAppender (GrpcLogAppender.java:lambda$resetClient$1(221)) - omNode-1@group-523986131536->omNode-3-GrpcLogAppender: Follower failed (request=null, errorCount=467); keep nextIndex (274) unchanged and retry.
2025-04-23 15:47:35,518 [grpc-default-executor-4] WARN  server.GrpcLogAppender (GrpcLogAppender.java:lambda$resetClient$1(221)) - omNode-1@group-523986131536->omNode-3-GrpcLogAppender: Follower failed (request=null, errorCount=469); keep nextIndex (275) unchanged and retry.
2025-04-23 15:47:35,530 [grpc-default-executor-2] WARN  server.GrpcLogAppender (GrpcLogAppender.java:lambda$resetClient$1(221)) - omNode-1@group-523986131536->omNode-3-GrpcLogAppender: Follower failed (request=null, errorCount=471); keep nextIndex (276) unchanged and retry.
2025-04-23 15:47:35,531 [grpc-default-executor-4] WARN  server.GrpcLogAppender (GrpcLogAppender.java:lambda$resetClient$1(221)) - omNode-1@group-523986131536->omNode-3-GrpcLogAppender: Follower failed (request=null, errorCount=473); keep nextIndex (277) unchanged and retry.
2025-04-23 15:47:35,538 [grpc-default-executor-2] WARN  server.GrpcLogAppender (GrpcLogAppender.java:lambda$resetClient$1(221)) - omNode-1@group-523986131536->omNode-3-GrpcLogAppender: Follower failed (request=null, errorCount=475); keep nextIndex (278) unchanged and retry.
2025-04-23 15:47:35,540 [grpc-default-executor-5] WARN  server.GrpcLogAppender (GrpcLogAppender.java:lambda$resetClient$1(221)) - omNode-1@group-523986131536->omNode-3-GrpcLogAppender: Follower failed (request=null, errorCount=477); keep nextIndex (279) unchanged and retry.
2025-04-23 15:47:35,552 [grpc-default-executor-5] WARN  server.GrpcLogAppender (GrpcLogAppender.java:lambda$resetClient$1(221)) - omNode-1@group-523986131536->omNode-3-GrpcLogAppender: Follower failed (request=null, errorCount=479); keep nextIndex (280) unchanged and retry.
2025-04-23 15:47:35,553 [grpc-default-executor-4] WARN  server.GrpcLogAppender (GrpcLogAppender.java:lambda$resetClient$1(221)) - omNode-1@group-523986131536->omNode-3-GrpcLogAppender: Follower failed (request=null, errorCount=481); keep nextIndex (281) unchanged and retry.
2025-04-23 15:47:35,562 [grpc-default-executor-2] WARN  server.GrpcLogAppender (GrpcLogAppender.java:lambda$resetClient$1(221)) - omNode-1@group-523986131536->omNode-3-GrpcLogAppender: Follower failed (request=null, errorCount=483); keep nextIndex (282) unchanged and retry.
2025-04-23 15:47:35,566 [grpc-default-executor-5] WARN  server.GrpcLogAppender (GrpcLogAppender.java:lambda$resetClient$1(221)) - omNode-1@group-523986131536->omNode-3-GrpcLogAppender: Follower failed (request=null, errorCount=485); keep nextIndex (283) unchanged and retry.
2025-04-23 15:47:35,575 [grpc-default-executor-2] WARN  server.GrpcLogAppender (GrpcLogAppender.java:lambda$resetClient$1(221)) - omNode-1@group-523986131536->omNode-3-GrpcLogAppender: Follower failed (request=null, errorCount=487); keep nextIndex (284) unchanged and retry.
2025-04-23 15:47:35,577 [grpc-default-executor-5] WARN  server.GrpcLogAppender (GrpcLogAppender.java:lambda$resetClient$1(221)) - omNode-1@group-523986131536->omNode-3-GrpcLogAppender: Follower failed (request=null, errorCount=489); keep nextIndex (285) unchanged and retry.
2025-04-23 15:47:35,582 [grpc-default-executor-5] WARN  server.GrpcLogAppender (GrpcLogAppender.java:lambda$resetClient$1(221)) - omNode-1@group-523986131536->omNode-3-GrpcLogAppender: Follower failed (request=null, errorCount=491); keep nextIndex (286) unchanged and retry.
2025-04-23 15:47:35,584 [grpc-default-executor-2] WARN  server.GrpcLogAppender (GrpcLogAppender.java:lambda$resetClient$1(221)) - omNode-1@group-523986131536->omNode-3-GrpcLogAppender: Follower failed (request=null, errorCount=493); keep nextIndex (287) unchanged and retry.
2025-04-23 15:47:35,595 [grpc-default-executor-4] WARN  server.GrpcLogAppender (GrpcLogAppender.java:lambda$resetClient$1(221)) - omNode-1@group-523986131536->omNode-3-GrpcLogAppender: Follower failed (request=null, errorCount=495); keep nextIndex (288) unchanged and retry.
2025-04-23 15:47:35,597 [grpc-default-executor-5] WARN  server.GrpcLogAppender (GrpcLogAppender.java:lambda$resetClient$1(221)) - omNode-1@group-523986131536->omNode-3-GrpcLogAppender: Follower failed (request=null, errorCount=497); keep nextIndex (289) unchanged and retry.
2025-04-23 15:47:35,601 [grpc-default-executor-4] WARN  server.GrpcLogAppender (GrpcLogAppender.java:lambda$resetClient$1(221)) - omNode-1@group-523986131536->omNode-3-GrpcLogAppender: Follower failed (request=null, errorCount=499); keep nextIndex (290) unchanged and retry.
2025-04-23 15:47:35,604 [grpc-default-executor-5] WARN  server.GrpcLogAppender (GrpcLogAppender.java:lambda$resetClient$1(221)) - omNode-1@group-523986131536->omNode-3-GrpcLogAppender: Follower failed (request=null, errorCount=501); keep nextIndex (291) unchanged and retry.
2025-04-23 15:47:35,613 [grpc-default-executor-5] WARN  server.GrpcLogAppender (GrpcLogAppender.java:lambda$resetClient$1(221)) - omNode-1@group-523986131536->omNode-3-GrpcLogAppender: Follower failed (request=null, errorCount=503); keep nextIndex (292) unchanged and retry.
2025-04-23 15:47:35,616 [grpc-default-executor-2] WARN  server.GrpcLogAppender (GrpcLogAppender.java:lambda$resetClient$1(221)) - omNode-1@group-523986131536->omNode-3-GrpcLogAppender: Follower failed (request=null, errorCount=505); keep nextIndex (293) unchanged and retry.
2025-04-23 15:47:35,620 [grpc-default-executor-2] WARN  server.GrpcLogAppender (GrpcLogAppender.java:lambda$resetClient$1(221)) - omNode-1@group-523986131536->omNode-3-GrpcLogAppender: Follower failed (request=null, errorCount=507); keep nextIndex (294) unchanged and retry.
2025-04-23 15:47:35,621 [grpc-default-executor-5] WARN  server.GrpcLogAppender (GrpcLogAppender.java:lambda$resetClient$1(221)) - omNode-1@group-523986131536->omNode-3-GrpcLogAppender: Follower failed (request=null, errorCount=509); keep nextIndex (295) unchanged and retry.
2025-04-23 15:47:35,634 [grpc-default-executor-4] WARN  server.GrpcLogAppender (GrpcLogAppender.java:lambda$resetClient$1(221)) - omNode-1@group-523986131536->omNode-3-GrpcLogAppender: Follower failed (request=null, errorCount=511); keep nextIndex (296) unchanged and retry.
2025-04-23 15:47:35,636 [grpc-default-executor-2] WARN  server.GrpcLogAppender (GrpcLogAppender.java:lambda$resetClient$1(221)) - omNode-1@group-523986131536->omNode-3-GrpcLogAppender: Follower failed (request=null, errorCount=513); keep nextIndex (297) unchanged and retry.
2025-04-23 15:47:35,641 [grpc-default-executor-5] WARN  server.GrpcLogAppender (GrpcLogAppender.java:lambda$resetClient$1(221)) - omNode-1@group-523986131536->omNode-3-GrpcLogAppender: Follower failed (request=null, errorCount=515); keep nextIndex (298) unchanged and retry.
2025-04-23 15:47:35,642 [grpc-default-executor-2] WARN  server.GrpcLogAppender (GrpcLogAppender.java:lambda$resetClient$1(221)) - omNode-1@group-523986131536->omNode-3-GrpcLogAppender: Follower failed (request=null, errorCount=517); keep nextIndex (299) unchanged and retry.
2025-04-23 15:47:35,652 [grpc-default-executor-5] WARN  server.GrpcLogAppender (GrpcLogAppender.java:lambda$resetClient$1(221)) - omNode-1@group-523986131536->omNode-3-GrpcLogAppender: Follower failed (request=null, errorCount=519); keep nextIndex (300) unchanged and retry.
2025-04-23 15:47:35,654 [grpc-default-executor-2] WARN  server.GrpcLogAppender (GrpcLogAppender.java:lambda$resetClient$1(221)) - omNode-1@group-523986131536->omNode-3-GrpcLogAppender: Follower failed (request=null, errorCount=521); keep nextIndex (301) unchanged and retry.
2025-04-23 15:47:35,660 [grpc-default-executor-4] WARN  server.GrpcLogAppender (GrpcLogAppender.java:lambda$resetClient$1(221)) - omNode-1@group-523986131536->omNode-3-GrpcLogAppender: Follower failed (request=null, errorCount=523); keep nextIndex (302) unchanged and retry.
2025-04-23 15:47:35,663 [grpc-default-executor-2] WARN  server.GrpcLogAppender (GrpcLogAppender.java:lambda$resetClient$1(221)) - omNode-1@group-523986131536->omNode-3-GrpcLogAppender: Follower failed (request=null, errorCount=525); keep nextIndex (303) unchanged and retry.
2025-04-23 15:47:35,672 [omNode-1@group-523986131536-StateMachineUpdater] INFO  ratis.OzoneManagerStateMachine (OzoneManagerStateMachine.java:takeSnapshotImpl(510)) - omNode-1: taking snapshot. applied = (t:1, i:300), skipped = 299, notified = (t:1, i:300), current snapshot index = (t:1, i:300), took 17 ms
2025-04-23 15:47:35,672 [omNode-1@group-523986131536-StateMachineUpdater] INFO  impl.StateMachineUpdater (StateMachineUpdater.java:takeSnapshot(303)) - omNode-1@group-523986131536-StateMachineUpdater: Took a snapshot at index 300
2025-04-23 15:47:35,672 [omNode-1@group-523986131536-StateMachineUpdater] INFO  impl.StateMachineUpdater (StateMachineUpdater.java:lambda$new$0(102)) - omNode-1@group-523986131536-StateMachineUpdater: snapshotIndex: updateIncreasingly 250 -> 300
2025-04-23 15:47:35,672 [omNode-1@group-523986131536-StateMachineUpdater] INFO  raftlog.RaftLog (RaftLogBase.java:purge(325)) - omNode-1@group-523986131536-SegmentedRaftLog: purge 300
2025-04-23 15:47:35,672 [omNode-1@group-523986131536-StateMachineUpdater] INFO  raftlog.RaftLog (RaftLogBase.java:lambda$new$0(54)) - omNode-1@group-523986131536-SegmentedRaftLog: snapshotIndex: updateIncreasingly 250 -> 300
2025-04-23 15:47:35,672 [omNode-1@group-523986131536-StateMachineUpdater] INFO  raftlog.RaftLog (RaftLogBase.java:lambda$new$0(54)) - omNode-1@group-523986131536-SegmentedRaftLog: purgeIndex: updateToMax old=250, new=300, updated? true
2025-04-23 15:47:35,677 [omNode-2@group-523986131536-StateMachineUpdater] INFO  ratis.OzoneManagerStateMachine (OzoneManagerStateMachine.java:takeSnapshotImpl(510)) - omNode-2: taking snapshot. applied = (t:1, i:300), skipped = 299, notified = (t:1, i:300), current snapshot index = (t:1, i:300), took 16 ms
2025-04-23 15:47:35,677 [omNode-2@group-523986131536-StateMachineUpdater] INFO  impl.StateMachineUpdater (StateMachineUpdater.java:takeSnapshot(303)) - omNode-2@group-523986131536-StateMachineUpdater: Took a snapshot at index 300
2025-04-23 15:47:35,678 [omNode-2@group-523986131536-StateMachineUpdater] INFO  impl.StateMachineUpdater (StateMachineUpdater.java:lambda$new$0(102)) - omNode-2@group-523986131536-StateMachineUpdater: snapshotIndex: updateIncreasingly 250 -> 300
2025-04-23 15:47:35,678 [omNode-2@group-523986131536-StateMachineUpdater] INFO  raftlog.RaftLog (RaftLogBase.java:purge(325)) - omNode-2@group-523986131536-SegmentedRaftLog: purge 300
2025-04-23 15:47:35,678 [omNode-2@group-523986131536-StateMachineUpdater] INFO  raftlog.RaftLog (RaftLogBase.java:lambda$new$0(54)) - omNode-2@group-523986131536-SegmentedRaftLog: snapshotIndex: updateIncreasingly 250 -> 300
2025-04-23 15:47:35,678 [omNode-2@group-523986131536-StateMachineUpdater] INFO  raftlog.RaftLog (RaftLogBase.java:lambda$new$0(54)) - omNode-2@group-523986131536-SegmentedRaftLog: purgeIndex: updateToMax old=250, new=300, updated? true
2025-04-23 15:47:35,683 [grpc-default-executor-2] WARN  server.GrpcLogAppender (GrpcLogAppender.java:lambda$resetClient$1(221)) - omNode-1@group-523986131536->omNode-3-GrpcLogAppender: Follower failed (request=null, errorCount=529); keep nextIndex (305) unchanged and retry.
2025-04-23 15:47:35,688 [grpc-default-executor-5] WARN  server.GrpcLogAppender (GrpcLogAppender.java:lambda$resetClient$1(221)) - omNode-1@group-523986131536->omNode-3-GrpcLogAppender: Follower failed (request=null, errorCount=531); keep nextIndex (306) unchanged and retry.
2025-04-23 15:47:35,690 [grpc-default-executor-4] WARN  server.GrpcLogAppender (GrpcLogAppender.java:lambda$resetClient$1(221)) - omNode-1@group-523986131536->omNode-3-GrpcLogAppender: Follower failed (request=null, errorCount=533); keep nextIndex (307) unchanged and retry.
2025-04-23 15:47:35,698 [grpc-default-executor-2] WARN  server.GrpcLogAppender (GrpcLogAppender.java:lambda$resetClient$1(221)) - omNode-1@group-523986131536->omNode-3-GrpcLogAppender: Follower failed (request=null, errorCount=535); keep nextIndex (308) unchanged and retry.
2025-04-23 15:47:35,699 [grpc-default-executor-4] WARN  server.GrpcLogAppender (GrpcLogAppender.java:lambda$resetClient$1(221)) - omNode-1@group-523986131536->omNode-3-GrpcLogAppender: Follower failed (request=null, errorCount=537); keep nextIndex (309) unchanged and retry.
2025-04-23 15:47:35,702 [grpc-default-executor-5] WARN  server.GrpcLogAppender (GrpcLogAppender.java:lambda$resetClient$1(221)) - omNode-1@group-523986131536->omNode-3-GrpcLogAppender: Follower failed (request=null, errorCount=539); keep nextIndex (310) unchanged and retry.
2025-04-23 15:47:35,705 [grpc-default-executor-2] WARN  server.GrpcLogAppender (GrpcLogAppender.java:lambda$resetClient$1(221)) - omNode-1@group-523986131536->omNode-3-GrpcLogAppender: Follower failed (request=null, errorCount=541); keep nextIndex (311) unchanged and retry.
2025-04-23 15:47:35,712 [grpc-default-executor-5] WARN  server.GrpcLogAppender (GrpcLogAppender.java:lambda$resetClient$1(221)) - omNode-1@group-523986131536->omNode-3-GrpcLogAppender: Follower failed (request=null, errorCount=543); keep nextIndex (312) unchanged and retry.
2025-04-23 15:47:35,714 [grpc-default-executor-2] WARN  server.GrpcLogAppender (GrpcLogAppender.java:lambda$resetClient$1(221)) - omNode-1@group-523986131536->omNode-3-GrpcLogAppender: Follower failed (request=null, errorCount=545); keep nextIndex (313) unchanged and retry.
2025-04-23 15:47:35,717 [grpc-default-executor-4] WARN  server.GrpcLogAppender (GrpcLogAppender.java:lambda$resetClient$1(221)) - omNode-1@group-523986131536->omNode-3-GrpcLogAppender: Follower failed (request=null, errorCount=547); keep nextIndex (314) unchanged and retry.
2025-04-23 15:47:35,719 [grpc-default-executor-2] WARN  server.GrpcLogAppender (GrpcLogAppender.java:lambda$resetClient$1(221)) - omNode-1@group-523986131536->omNode-3-GrpcLogAppender: Follower failed (request=null, errorCount=549); keep nextIndex (315) unchanged and retry.
2025-04-23 15:47:35,730 [grpc-default-executor-5] WARN  server.GrpcLogAppender (GrpcLogAppender.java:lambda$resetClient$1(221)) - omNode-1@group-523986131536->omNode-3-GrpcLogAppender: Follower failed (request=null, errorCount=551); keep nextIndex (316) unchanged and retry.
2025-04-23 15:47:35,732 [grpc-default-executor-5] WARN  server.GrpcLogAppender (GrpcLogAppender.java:lambda$resetClient$1(221)) - omNode-1@group-523986131536->omNode-3-GrpcLogAppender: Follower failed (request=null, errorCount=553); keep nextIndex (317) unchanged and retry.
2025-04-23 15:47:35,739 [grpc-default-executor-5] WARN  server.GrpcLogAppender (GrpcLogAppender.java:lambda$resetClient$1(221)) - omNode-1@group-523986131536->omNode-3-GrpcLogAppender: Follower failed (request=null, errorCount=555); keep nextIndex (318) unchanged and retry.
2025-04-23 15:47:35,741 [grpc-default-executor-4] WARN  server.GrpcLogAppender (GrpcLogAppender.java:lambda$resetClient$1(221)) - omNode-1@group-523986131536->omNode-3-GrpcLogAppender: Follower failed (request=null, errorCount=557); keep nextIndex (319) unchanged and retry.
2025-04-23 15:47:35,752 [grpc-default-executor-4] WARN  server.GrpcLogAppender (GrpcLogAppender.java:lambda$resetClient$1(221)) - omNode-1@group-523986131536->omNode-3-GrpcLogAppender: Follower failed (request=null, errorCount=559); keep nextIndex (320) unchanged and retry.
2025-04-23 15:47:35,754 [grpc-default-executor-2] WARN  server.GrpcLogAppender (GrpcLogAppender.java:lambda$resetClient$1(221)) - omNode-1@group-523986131536->omNode-3-GrpcLogAppender: Follower failed (request=null, errorCount=561); keep nextIndex (321) unchanged and retry.
2025-04-23 15:47:35,759 [grpc-default-executor-4] WARN  server.GrpcLogAppender (GrpcLogAppender.java:lambda$resetClient$1(221)) - omNode-1@group-523986131536->omNode-3-GrpcLogAppender: Follower failed (request=null, errorCount=563); keep nextIndex (322) unchanged and retry.
2025-04-23 15:47:35,762 [grpc-default-executor-5] WARN  server.GrpcLogAppender (GrpcLogAppender.java:lambda$resetClient$1(221)) - omNode-1@group-523986131536->omNode-3-GrpcLogAppender: Follower failed (request=null, errorCount=565); keep nextIndex (323) unchanged and retry.
2025-04-23 15:47:35,772 [grpc-default-executor-5] WARN  server.GrpcLogAppender (GrpcLogAppender.java:lambda$resetClient$1(221)) - omNode-1@group-523986131536->omNode-3-GrpcLogAppender: Follower failed (request=null, errorCount=567); keep nextIndex (324) unchanged and retry.
2025-04-23 15:47:35,775 [grpc-default-executor-5] WARN  server.GrpcLogAppender (GrpcLogAppender.java:lambda$resetClient$1(221)) - omNode-1@group-523986131536->omNode-3-GrpcLogAppender: Follower failed (request=null, errorCount=569); keep nextIndex (325) unchanged and retry.
2025-04-23 15:47:35,782 [grpc-default-executor-4] WARN  server.GrpcLogAppender (GrpcLogAppender.java:lambda$resetClient$1(221)) - omNode-1@group-523986131536->omNode-3-GrpcLogAppender: Follower failed (request=null, errorCount=571); keep nextIndex (326) unchanged and retry.
2025-04-23 15:47:35,786 [grpc-default-executor-2] WARN  server.GrpcLogAppender (GrpcLogAppender.java:lambda$resetClient$1(221)) - omNode-1@group-523986131536->omNode-3-GrpcLogAppender: Follower failed (request=null, errorCount=573); keep nextIndex (327) unchanged and retry.
2025-04-23 15:47:35,802 [grpc-default-executor-4] WARN  server.GrpcLogAppender (GrpcLogAppender.java:lambda$resetClient$1(221)) - omNode-1@group-523986131536->omNode-3-GrpcLogAppender: Follower failed (request=null, errorCount=575); keep nextIndex (328) unchanged and retry.
2025-04-23 15:47:35,805 [grpc-default-executor-2] WARN  server.GrpcLogAppender (GrpcLogAppender.java:lambda$resetClient$1(221)) - omNode-1@group-523986131536->omNode-3-GrpcLogAppender: Follower failed (request=null, errorCount=577); keep nextIndex (329) unchanged and retry.
2025-04-23 15:47:35,814 [grpc-default-executor-5] WARN  server.GrpcLogAppender (GrpcLogAppender.java:lambda$resetClient$1(221)) - omNode-1@group-523986131536->omNode-3-GrpcLogAppender: Follower failed (request=null, errorCount=579); keep nextIndex (330) unchanged and retry.
2025-04-23 15:47:35,816 [grpc-default-executor-4] WARN  server.GrpcLogAppender (GrpcLogAppender.java:lambda$resetClient$1(221)) - omNode-1@group-523986131536->omNode-3-GrpcLogAppender: Follower failed (request=null, errorCount=581); keep nextIndex (331) unchanged and retry.
2025-04-23 15:47:35,845 [grpc-default-executor-2] WARN  server.GrpcLogAppender (GrpcLogAppender.java:lambda$resetClient$1(221)) - omNode-1@group-523986131536->omNode-3-GrpcLogAppender: Follower failed (request=null, errorCount=583); keep nextIndex (332) unchanged and retry.
2025-04-23 15:47:35,849 [grpc-default-executor-4] WARN  server.GrpcLogAppender (GrpcLogAppender.java:lambda$resetClient$1(221)) - omNode-1@group-523986131536->omNode-3-GrpcLogAppender: Follower failed (request=null, errorCount=585); keep nextIndex (333) unchanged and retry.
2025-04-23 15:47:35,861 [grpc-default-executor-5] WARN  server.GrpcLogAppender (GrpcLogAppender.java:lambda$resetClient$1(221)) - omNode-1@group-523986131536->omNode-3-GrpcLogAppender: Follower failed (request=null, errorCount=587); keep nextIndex (334) unchanged and retry.
2025-04-23 15:47:35,865 [grpc-default-executor-4] WARN  server.GrpcLogAppender (GrpcLogAppender.java:lambda$resetClient$1(221)) - omNode-1@group-523986131536->omNode-3-GrpcLogAppender: Follower failed (request=null, errorCount=589); keep nextIndex (335) unchanged and retry.
2025-04-23 15:47:35,877 [grpc-default-executor-5] WARN  server.GrpcLogAppender (GrpcLogAppender.java:lambda$resetClient$1(221)) - omNode-1@group-523986131536->omNode-3-GrpcLogAppender: Follower failed (request=null, errorCount=591); keep nextIndex (336) unchanged and retry.
2025-04-23 15:47:35,881 [grpc-default-executor-2] WARN  server.GrpcLogAppender (GrpcLogAppender.java:lambda$resetClient$1(221)) - omNode-1@group-523986131536->omNode-3-GrpcLogAppender: Follower failed (request=null, errorCount=593); keep nextIndex (337) unchanged and retry.
2025-04-23 15:47:35,886 [grpc-default-executor-2] WARN  server.GrpcLogAppender (GrpcLogAppender.java:lambda$resetClient$1(221)) - omNode-1@group-523986131536->omNode-3-GrpcLogAppender: Follower failed (request=null, errorCount=595); keep nextIndex (338) unchanged and retry.
2025-04-23 15:47:35,888 [grpc-default-executor-2] WARN  server.GrpcLogAppender (GrpcLogAppender.java:lambda$resetClient$1(221)) - omNode-1@group-523986131536->omNode-3-GrpcLogAppender: Follower failed (request=null, errorCount=597); keep nextIndex (339) unchanged and retry.
2025-04-23 15:47:35,898 [grpc-default-executor-4] WARN  server.GrpcLogAppender (GrpcLogAppender.java:lambda$resetClient$1(221)) - omNode-1@group-523986131536->omNode-3-GrpcLogAppender: Follower failed (request=null, errorCount=599); keep nextIndex (340) unchanged and retry.
2025-04-23 15:47:35,902 [grpc-default-executor-5] WARN  server.GrpcLogAppender (GrpcLogAppender.java:lambda$resetClient$1(221)) - omNode-1@group-523986131536->omNode-3-GrpcLogAppender: Follower failed (request=null, errorCount=601); keep nextIndex (341) unchanged and retry.
2025-04-23 15:47:35,909 [grpc-default-executor-2] WARN  server.GrpcLogAppender (GrpcLogAppender.java:lambda$resetClient$1(221)) - omNode-1@group-523986131536->omNode-3-GrpcLogAppender: Follower failed (request=null, errorCount=603); keep nextIndex (342) unchanged and retry.
2025-04-23 15:47:35,911 [grpc-default-executor-4] WARN  server.GrpcLogAppender (GrpcLogAppender.java:lambda$resetClient$1(221)) - omNode-1@group-523986131536->omNode-3-GrpcLogAppender: Follower failed (request=null, errorCount=605); keep nextIndex (343) unchanged and retry.
2025-04-23 15:47:35,923 [grpc-default-executor-5] WARN  server.GrpcLogAppender (GrpcLogAppender.java:lambda$resetClient$1(221)) - omNode-1@group-523986131536->omNode-3-GrpcLogAppender: Follower failed (request=null, errorCount=607); keep nextIndex (344) unchanged and retry.
2025-04-23 15:47:35,925 [grpc-default-executor-2] WARN  server.GrpcLogAppender (GrpcLogAppender.java:lambda$resetClient$1(221)) - omNode-1@group-523986131536->omNode-3-GrpcLogAppender: Follower failed (request=null, errorCount=609); keep nextIndex (345) unchanged and retry.
2025-04-23 15:47:35,931 [grpc-default-executor-5] WARN  server.GrpcLogAppender (GrpcLogAppender.java:lambda$resetClient$1(221)) - omNode-1@group-523986131536->omNode-3-GrpcLogAppender: Follower failed (request=null, errorCount=611); keep nextIndex (346) unchanged and retry.
2025-04-23 15:47:35,933 [grpc-default-executor-4] WARN  server.GrpcLogAppender (GrpcLogAppender.java:lambda$resetClient$1(221)) - omNode-1@group-523986131536->omNode-3-GrpcLogAppender: Follower failed (request=null, errorCount=613); keep nextIndex (347) unchanged and retry.
2025-04-23 15:47:35,945 [grpc-default-executor-4] WARN  server.GrpcLogAppender (GrpcLogAppender.java:lambda$resetClient$1(221)) - omNode-1@group-523986131536->omNode-3-GrpcLogAppender: Follower failed (request=null, errorCount=617); keep nextIndex (348) unchanged and retry.
2025-04-23 15:47:35,946 [grpc-default-executor-5] WARN  server.GrpcLogAppender (GrpcLogAppender.java:lambda$resetClient$1(221)) - omNode-1@group-523986131536->omNode-3-GrpcLogAppender: Follower failed (request=null, errorCount=619); keep nextIndex (349) unchanged and retry.
2025-04-23 15:47:35,952 [grpc-default-executor-5] WARN  server.GrpcLogAppender (GrpcLogAppender.java:lambda$resetClient$1(221)) - omNode-1@group-523986131536->omNode-3-GrpcLogAppender: Follower failed (request=null, errorCount=621); keep nextIndex (350) unchanged and retry.
2025-04-23 15:47:35,954 [grpc-default-executor-4] WARN  server.GrpcLogAppender (GrpcLogAppender.java:lambda$resetClient$1(221)) - omNode-1@group-523986131536->omNode-3-GrpcLogAppender: Follower failed (request=null, errorCount=623); keep nextIndex (351) unchanged and retry.
2025-04-23 15:47:35,965 [grpc-default-executor-5] WARN  server.GrpcLogAppender (GrpcLogAppender.java:lambda$resetClient$1(221)) - omNode-1@group-523986131536->omNode-3-GrpcLogAppender: Follower failed (request=null, errorCount=625); keep nextIndex (352) unchanged and retry.
2025-04-23 15:47:35,969 [grpc-default-executor-2] WARN  server.GrpcLogAppender (GrpcLogAppender.java:lambda$resetClient$1(221)) - omNode-1@group-523986131536->omNode-3-GrpcLogAppender: Follower failed (request=null, errorCount=627); keep nextIndex (353) unchanged and retry.
2025-04-23 15:47:35,976 [grpc-default-executor-5] WARN  server.GrpcLogAppender (GrpcLogAppender.java:lambda$resetClient$1(221)) - omNode-1@group-523986131536->omNode-3-GrpcLogAppender: Follower failed (request=null, errorCount=629); keep nextIndex (354) unchanged and retry.
2025-04-23 15:47:35,980 [grpc-default-executor-4] WARN  server.GrpcLogAppender (GrpcLogAppender.java:lambda$resetClient$1(221)) - omNode-1@group-523986131536->omNode-3-GrpcLogAppender: Follower failed (request=null, errorCount=631); keep nextIndex (355) unchanged and retry.
2025-04-23 15:47:35,995 [omNode-2@group-523986131536-StateMachineUpdater] INFO  ratis.OzoneManagerStateMachine (OzoneManagerStateMachine.java:takeSnapshotImpl(510)) - omNode-2: taking snapshot. applied = (t:1, i:350), skipped = 349, notified = (t:1, i:350), current snapshot index = (t:1, i:350), took 28 ms
2025-04-23 15:47:35,995 [omNode-2@group-523986131536-StateMachineUpdater] INFO  impl.StateMachineUpdater (StateMachineUpdater.java:takeSnapshot(303)) - omNode-2@group-523986131536-StateMachineUpdater: Took a snapshot at index 350
2025-04-23 15:47:35,995 [omNode-2@group-523986131536-StateMachineUpdater] INFO  impl.StateMachineUpdater (StateMachineUpdater.java:lambda$new$0(102)) - omNode-2@group-523986131536-StateMachineUpdater: snapshotIndex: updateIncreasingly 300 -> 350
2025-04-23 15:47:35,995 [omNode-2@group-523986131536-StateMachineUpdater] INFO  raftlog.RaftLog (RaftLogBase.java:purge(325)) - omNode-2@group-523986131536-SegmentedRaftLog: purge 350
2025-04-23 15:47:35,996 [omNode-2@group-523986131536-StateMachineUpdater] INFO  raftlog.RaftLog (RaftLogBase.java:lambda$new$0(54)) - omNode-2@group-523986131536-SegmentedRaftLog: snapshotIndex: updateIncreasingly 300 -> 350
2025-04-23 15:47:35,996 [omNode-2@group-523986131536-StateMachineUpdater] INFO  raftlog.RaftLog (RaftLogBase.java:lambda$new$0(54)) - omNode-2@group-523986131536-SegmentedRaftLog: purgeIndex: updateToMax old=300, new=350, updated? true
2025-04-23 15:47:35,997 [omNode-1@group-523986131536-StateMachineUpdater] INFO  ratis.OzoneManagerStateMachine (OzoneManagerStateMachine.java:takeSnapshotImpl(510)) - omNode-1: taking snapshot. applied = (t:1, i:350), skipped = 349, notified = (t:1, i:350), current snapshot index = (t:1, i:350), took 24 ms
2025-04-23 15:47:35,997 [omNode-1@group-523986131536-StateMachineUpdater] INFO  impl.StateMachineUpdater (StateMachineUpdater.java:takeSnapshot(303)) - omNode-1@group-523986131536-StateMachineUpdater: Took a snapshot at index 350
2025-04-23 15:47:35,997 [omNode-1@group-523986131536-StateMachineUpdater] INFO  impl.StateMachineUpdater (StateMachineUpdater.java:lambda$new$0(102)) - omNode-1@group-523986131536-StateMachineUpdater: snapshotIndex: updateIncreasingly 300 -> 350
2025-04-23 15:47:35,997 [omNode-1@group-523986131536-StateMachineUpdater] INFO  raftlog.RaftLog (RaftLogBase.java:purge(325)) - omNode-1@group-523986131536-SegmentedRaftLog: purge 350
2025-04-23 15:47:35,997 [omNode-1@group-523986131536-StateMachineUpdater] INFO  raftlog.RaftLog (RaftLogBase.java:lambda$new$0(54)) - omNode-1@group-523986131536-SegmentedRaftLog: snapshotIndex: updateIncreasingly 300 -> 350
2025-04-23 15:47:35,997 [omNode-1@group-523986131536-StateMachineUpdater] INFO  raftlog.RaftLog (RaftLogBase.java:lambda$new$0(54)) - omNode-1@group-523986131536-SegmentedRaftLog: purgeIndex: updateToMax old=300, new=350, updated? true
2025-04-23 15:47:36,007 [grpc-default-executor-4] WARN  server.GrpcLogAppender (GrpcLogAppender.java:lambda$resetClient$1(221)) - omNode-1@group-523986131536->omNode-3-GrpcLogAppender: Follower failed (request=null, errorCount=633); keep nextIndex (356) unchanged and retry.
2025-04-23 15:47:36,008 [grpc-default-executor-5] WARN  server.GrpcLogAppender (GrpcLogAppender.java:lambda$resetClient$1(221)) - omNode-1@group-523986131536->omNode-3-GrpcLogAppender: Follower failed (request=null, errorCount=635); keep nextIndex (357) unchanged and retry.
2025-04-23 15:47:36,014 [grpc-default-executor-4] WARN  server.GrpcLogAppender (GrpcLogAppender.java:lambda$resetClient$1(221)) - omNode-1@group-523986131536->omNode-3-GrpcLogAppender: Follower failed (request=null, errorCount=637); keep nextIndex (358) unchanged and retry.
2025-04-23 15:47:36,016 [grpc-default-executor-5] WARN  server.GrpcLogAppender (GrpcLogAppender.java:lambda$resetClient$1(221)) - omNode-1@group-523986131536->omNode-3-GrpcLogAppender: Follower failed (request=null, errorCount=639); keep nextIndex (359) unchanged and retry.
2025-04-23 15:47:36,025 [grpc-default-executor-2] WARN  server.GrpcLogAppender (GrpcLogAppender.java:lambda$resetClient$1(221)) - omNode-1@group-523986131536->omNode-3-GrpcLogAppender: Follower failed (request=null, errorCount=641); keep nextIndex (360) unchanged and retry.
2025-04-23 15:47:36,027 [grpc-default-executor-5] WARN  server.GrpcLogAppender (GrpcLogAppender.java:lambda$resetClient$1(221)) - omNode-1@group-523986131536->omNode-3-GrpcLogAppender: Follower failed (request=null, errorCount=643); keep nextIndex (361) unchanged and retry.
2025-04-23 15:47:36,032 [grpc-default-executor-2] WARN  server.GrpcLogAppender (GrpcLogAppender.java:lambda$resetClient$1(221)) - omNode-1@group-523986131536->omNode-3-GrpcLogAppender: Follower failed (request=null, errorCount=645); keep nextIndex (362) unchanged and retry.
2025-04-23 15:47:36,035 [grpc-default-executor-4] WARN  server.GrpcLogAppender (GrpcLogAppender.java:lambda$resetClient$1(221)) - omNode-1@group-523986131536->omNode-3-GrpcLogAppender: Follower failed (request=null, errorCount=647); keep nextIndex (363) unchanged and retry.
2025-04-23 15:47:36,044 [grpc-default-executor-4] WARN  server.GrpcLogAppender (GrpcLogAppender.java:lambda$resetClient$1(221)) - omNode-1@group-523986131536->omNode-3-GrpcLogAppender: Follower failed (request=null, errorCount=649); keep nextIndex (364) unchanged and retry.
2025-04-23 15:47:36,046 [grpc-default-executor-5] WARN  server.GrpcLogAppender (GrpcLogAppender.java:lambda$resetClient$1(221)) - omNode-1@group-523986131536->omNode-3-GrpcLogAppender: Follower failed (request=null, errorCount=651); keep nextIndex (365) unchanged and retry.
2025-04-23 15:47:36,054 [grpc-default-executor-4] WARN  server.GrpcLogAppender (GrpcLogAppender.java:lambda$resetClient$1(221)) - omNode-1@group-523986131536->omNode-3-GrpcLogAppender: Follower failed (request=null, errorCount=653); keep nextIndex (366) unchanged and retry.
2025-04-23 15:47:36,057 [grpc-default-executor-2] WARN  server.GrpcLogAppender (GrpcLogAppender.java:lambda$resetClient$1(221)) - omNode-1@group-523986131536->omNode-3-GrpcLogAppender: Follower failed (request=null, errorCount=655); keep nextIndex (367) unchanged and retry.
2025-04-23 15:47:36,069 [grpc-default-executor-5] WARN  server.GrpcLogAppender (GrpcLogAppender.java:lambda$resetClient$1(221)) - omNode-1@group-523986131536->omNode-3-GrpcLogAppender: Follower failed (request=null, errorCount=657); keep nextIndex (368) unchanged and retry.
2025-04-23 15:47:36,072 [grpc-default-executor-4] WARN  server.GrpcLogAppender (GrpcLogAppender.java:lambda$resetClient$1(221)) - omNode-1@group-523986131536->omNode-3-GrpcLogAppender: Follower failed (request=null, errorCount=659); keep nextIndex (369) unchanged and retry.
2025-04-23 15:47:36,079 [grpc-default-executor-5] WARN  server.GrpcLogAppender (GrpcLogAppender.java:lambda$resetClient$1(221)) - omNode-1@group-523986131536->omNode-3-GrpcLogAppender: Follower failed (request=null, errorCount=661); keep nextIndex (370) unchanged and retry.
2025-04-23 15:47:36,081 [grpc-default-executor-4] WARN  server.GrpcLogAppender (GrpcLogAppender.java:lambda$resetClient$1(221)) - omNode-1@group-523986131536->omNode-3-GrpcLogAppender: Follower failed (request=null, errorCount=663); keep nextIndex (371) unchanged and retry.
2025-04-23 15:47:36,091 [grpc-default-executor-4] WARN  server.GrpcLogAppender (GrpcLogAppender.java:lambda$resetClient$1(221)) - omNode-1@group-523986131536->omNode-3-GrpcLogAppender: Follower failed (request=null, errorCount=665); keep nextIndex (372) unchanged and retry.
2025-04-23 15:47:36,094 [grpc-default-executor-4] WARN  server.GrpcLogAppender (GrpcLogAppender.java:lambda$resetClient$1(221)) - omNode-1@group-523986131536->omNode-3-GrpcLogAppender: Follower failed (request=null, errorCount=667); keep nextIndex (373) unchanged and retry.
2025-04-23 15:47:36,100 [grpc-default-executor-5] WARN  server.GrpcLogAppender (GrpcLogAppender.java:lambda$resetClient$1(221)) - omNode-1@group-523986131536->omNode-3-GrpcLogAppender: Follower failed (request=null, errorCount=669); keep nextIndex (374) unchanged and retry.
2025-04-23 15:47:36,101 [grpc-default-executor-2] WARN  server.GrpcLogAppender (GrpcLogAppender.java:lambda$resetClient$1(221)) - omNode-1@group-523986131536->omNode-3-GrpcLogAppender: Follower failed (request=null, errorCount=671); keep nextIndex (375) unchanged and retry.
2025-04-23 15:47:36,111 [grpc-default-executor-4] WARN  server.GrpcLogAppender (GrpcLogAppender.java:lambda$resetClient$1(221)) - omNode-1@group-523986131536->omNode-3-GrpcLogAppender: Follower failed (request=null, errorCount=673); keep nextIndex (376) unchanged and retry.
2025-04-23 15:47:36,112 [grpc-default-executor-4] WARN  server.GrpcLogAppender (GrpcLogAppender.java:lambda$resetClient$1(221)) - omNode-1@group-523986131536->omNode-3-GrpcLogAppender: Follower failed (request=null, errorCount=675); keep nextIndex (377) unchanged and retry.
2025-04-23 15:47:36,118 [grpc-default-executor-4] WARN  server.GrpcLogAppender (GrpcLogAppender.java:lambda$resetClient$1(221)) - omNode-1@group-523986131536->omNode-3-GrpcLogAppender: Follower failed (request=null, errorCount=677); keep nextIndex (378) unchanged and retry.
2025-04-23 15:47:36,121 [grpc-default-executor-5] WARN  server.GrpcLogAppender (GrpcLogAppender.java:lambda$resetClient$1(221)) - omNode-1@group-523986131536->omNode-3-GrpcLogAppender: Follower failed (request=null, errorCount=679); keep nextIndex (379) unchanged and retry.
2025-04-23 15:47:36,130 [grpc-default-executor-4] WARN  server.GrpcLogAppender (GrpcLogAppender.java:lambda$resetClient$1(221)) - omNode-1@group-523986131536->omNode-3-GrpcLogAppender: Follower failed (request=null, errorCount=681); keep nextIndex (380) unchanged and retry.
2025-04-23 15:47:36,132 [grpc-default-executor-3] WARN  server.GrpcLogAppender (GrpcLogAppender.java:lambda$resetClient$1(221)) - omNode-1@group-523986131536->omNode-3-GrpcLogAppender: Follower failed (request=null, errorCount=683); keep nextIndex (381) unchanged and retry.
2025-04-23 15:47:36,142 [grpc-default-executor-3] WARN  server.GrpcLogAppender (GrpcLogAppender.java:lambda$resetClient$1(221)) - omNode-1@group-523986131536->omNode-3-GrpcLogAppender: Follower failed (request=null, errorCount=685); keep nextIndex (382) unchanged and retry.
2025-04-23 15:47:36,145 [grpc-default-executor-5] WARN  server.GrpcLogAppender (GrpcLogAppender.java:lambda$resetClient$1(221)) - omNode-1@group-523986131536->omNode-3-GrpcLogAppender: Follower failed (request=null, errorCount=687); keep nextIndex (383) unchanged and retry.
2025-04-23 15:47:36,154 [grpc-default-executor-3] WARN  server.GrpcLogAppender (GrpcLogAppender.java:lambda$resetClient$1(221)) - omNode-1@group-523986131536->omNode-3-GrpcLogAppender: Follower failed (request=null, errorCount=689); keep nextIndex (384) unchanged and retry.
2025-04-23 15:47:36,155 [grpc-default-executor-5] WARN  server.GrpcLogAppender (GrpcLogAppender.java:lambda$resetClient$1(221)) - omNode-1@group-523986131536->omNode-3-GrpcLogAppender: Follower failed (request=null, errorCount=691); keep nextIndex (385) unchanged and retry.
2025-04-23 15:47:36,161 [grpc-default-executor-4] WARN  server.GrpcLogAppender (GrpcLogAppender.java:lambda$resetClient$1(221)) - omNode-1@group-523986131536->omNode-3-GrpcLogAppender: Follower failed (request=null, errorCount=693); keep nextIndex (386) unchanged and retry.
2025-04-23 15:47:36,163 [grpc-default-executor-5] WARN  server.GrpcLogAppender (GrpcLogAppender.java:lambda$resetClient$1(221)) - omNode-1@group-523986131536->omNode-3-GrpcLogAppender: Follower failed (request=null, errorCount=695); keep nextIndex (387) unchanged and retry.
2025-04-23 15:47:36,171 [grpc-default-executor-2] WARN  server.GrpcLogAppender (GrpcLogAppender.java:lambda$resetClient$1(221)) - omNode-1@group-523986131536->omNode-3-GrpcLogAppender: Follower failed (request=null, errorCount=697); keep nextIndex (388) unchanged and retry.
2025-04-23 15:47:36,174 [grpc-default-executor-2] WARN  server.GrpcLogAppender (GrpcLogAppender.java:lambda$resetClient$1(221)) - omNode-1@group-523986131536->omNode-3-GrpcLogAppender: Follower failed (request=null, errorCount=699); keep nextIndex (389) unchanged and retry.
2025-04-23 15:47:36,179 [grpc-default-executor-5] WARN  server.GrpcLogAppender (GrpcLogAppender.java:lambda$resetClient$1(221)) - omNode-1@group-523986131536->omNode-3-GrpcLogAppender: Follower failed (request=null, errorCount=701); keep nextIndex (390) unchanged and retry.
2025-04-23 15:47:36,180 [grpc-default-executor-5] WARN  server.GrpcLogAppender (GrpcLogAppender.java:lambda$resetClient$1(221)) - omNode-1@group-523986131536->omNode-3-GrpcLogAppender: Follower failed (request=null, errorCount=703); keep nextIndex (391) unchanged and retry.
2025-04-23 15:47:36,187 [grpc-default-executor-4] WARN  server.GrpcLogAppender (GrpcLogAppender.java:lambda$resetClient$1(221)) - omNode-1@group-523986131536->omNode-3-GrpcLogAppender: Follower failed (request=null, errorCount=705); keep nextIndex (392) unchanged and retry.
2025-04-23 15:47:36,189 [grpc-default-executor-5] WARN  server.GrpcLogAppender (GrpcLogAppender.java:lambda$resetClient$1(221)) - omNode-1@group-523986131536->omNode-3-GrpcLogAppender: Follower failed (request=null, errorCount=707); keep nextIndex (393) unchanged and retry.
2025-04-23 15:47:36,198 [grpc-default-executor-5] WARN  server.GrpcLogAppender (GrpcLogAppender.java:lambda$resetClient$1(221)) - omNode-1@group-523986131536->omNode-3-GrpcLogAppender: Follower failed (request=null, errorCount=711); keep nextIndex (394) unchanged and retry.
2025-04-23 15:47:36,200 [grpc-default-executor-4] WARN  server.GrpcLogAppender (GrpcLogAppender.java:lambda$resetClient$1(221)) - omNode-1@group-523986131536->omNode-3-GrpcLogAppender: Follower failed (request=null, errorCount=713); keep nextIndex (395) unchanged and retry.
2025-04-23 15:47:36,208 [grpc-default-executor-2] WARN  server.GrpcLogAppender (GrpcLogAppender.java:lambda$resetClient$1(221)) - omNode-1@group-523986131536->omNode-3-GrpcLogAppender: Follower failed (request=null, errorCount=715); keep nextIndex (396) unchanged and retry.
2025-04-23 15:47:36,209 [grpc-default-executor-5] WARN  server.GrpcLogAppender (GrpcLogAppender.java:lambda$resetClient$1(221)) - omNode-1@group-523986131536->omNode-3-GrpcLogAppender: Follower failed (request=null, errorCount=717); keep nextIndex (397) unchanged and retry.
2025-04-23 15:47:36,214 [grpc-default-executor-2] WARN  server.GrpcLogAppender (GrpcLogAppender.java:lambda$resetClient$1(221)) - omNode-1@group-523986131536->omNode-3-GrpcLogAppender: Follower failed (request=null, errorCount=719); keep nextIndex (398) unchanged and retry.
2025-04-23 15:47:36,216 [grpc-default-executor-2] WARN  server.GrpcLogAppender (GrpcLogAppender.java:lambda$resetClient$1(221)) - omNode-1@group-523986131536->omNode-3-GrpcLogAppender: Follower failed (request=null, errorCount=721); keep nextIndex (399) unchanged and retry.
2025-04-23 15:47:36,223 [grpc-default-executor-4] WARN  server.GrpcLogAppender (GrpcLogAppender.java:lambda$resetClient$1(221)) - omNode-1@group-523986131536->omNode-3-GrpcLogAppender: Follower failed (request=null, errorCount=723); keep nextIndex (400) unchanged and retry.
2025-04-23 15:47:36,225 [grpc-default-executor-2] WARN  server.GrpcLogAppender (GrpcLogAppender.java:lambda$resetClient$1(221)) - omNode-1@group-523986131536->omNode-3-GrpcLogAppender: Follower failed (request=null, errorCount=725); keep nextIndex (401) unchanged and retry.
2025-04-23 15:47:36,230 [grpc-default-executor-5] WARN  server.GrpcLogAppender (GrpcLogAppender.java:lambda$resetClient$1(221)) - omNode-1@group-523986131536->omNode-3-GrpcLogAppender: Follower failed (request=null, errorCount=727); keep nextIndex (402) unchanged and retry.
2025-04-23 15:47:36,234 [grpc-default-executor-2] WARN  server.GrpcLogAppender (GrpcLogAppender.java:lambda$resetClient$1(221)) - omNode-1@group-523986131536->omNode-3-GrpcLogAppender: Follower failed (request=null, errorCount=729); keep nextIndex (403) unchanged and retry.
2025-04-23 15:47:36,255 [omNode-1@group-523986131536-StateMachineUpdater] INFO  ratis.OzoneManagerStateMachine (OzoneManagerStateMachine.java:takeSnapshotImpl(510)) - omNode-1: taking snapshot. applied = (t:1, i:400), skipped = 399, notified = (t:1, i:400), current snapshot index = (t:1, i:400), took 28 ms
2025-04-23 15:47:36,255 [omNode-1@group-523986131536-StateMachineUpdater] INFO  impl.StateMachineUpdater (StateMachineUpdater.java:takeSnapshot(303)) - omNode-1@group-523986131536-StateMachineUpdater: Took a snapshot at index 400
2025-04-23 15:47:36,256 [omNode-1@group-523986131536-StateMachineUpdater] INFO  impl.StateMachineUpdater (StateMachineUpdater.java:lambda$new$0(102)) - omNode-1@group-523986131536-StateMachineUpdater: snapshotIndex: updateIncreasingly 350 -> 400
2025-04-23 15:47:36,256 [omNode-1@group-523986131536-StateMachineUpdater] INFO  raftlog.RaftLog (RaftLogBase.java:purge(325)) - omNode-1@group-523986131536-SegmentedRaftLog: purge 400
2025-04-23 15:47:36,256 [omNode-1@group-523986131536-StateMachineUpdater] INFO  raftlog.RaftLog (RaftLogBase.java:lambda$new$0(54)) - omNode-1@group-523986131536-SegmentedRaftLog: snapshotIndex: updateIncreasingly 350 -> 400
2025-04-23 15:47:36,256 [omNode-1@group-523986131536-StateMachineUpdater] INFO  raftlog.RaftLog (RaftLogBase.java:lambda$new$0(54)) - omNode-1@group-523986131536-SegmentedRaftLog: purgeIndex: updateToMax old=350, new=400, updated? true
2025-04-23 15:47:36,264 [omNode-2@group-523986131536-StateMachineUpdater] INFO  ratis.OzoneManagerStateMachine (OzoneManagerStateMachine.java:takeSnapshotImpl(510)) - omNode-2: taking snapshot. applied = (t:1, i:400), skipped = 399, notified = (t:1, i:400), current snapshot index = (t:1, i:400), took 33 ms
2025-04-23 15:47:36,264 [omNode-2@group-523986131536-StateMachineUpdater] INFO  impl.StateMachineUpdater (StateMachineUpdater.java:takeSnapshot(303)) - omNode-2@group-523986131536-StateMachineUpdater: Took a snapshot at index 400
2025-04-23 15:47:36,264 [omNode-2@group-523986131536-StateMachineUpdater] INFO  impl.StateMachineUpdater (StateMachineUpdater.java:lambda$new$0(102)) - omNode-2@group-523986131536-StateMachineUpdater: snapshotIndex: updateIncreasingly 350 -> 400
2025-04-23 15:47:36,264 [omNode-2@group-523986131536-StateMachineUpdater] INFO  raftlog.RaftLog (RaftLogBase.java:purge(325)) - omNode-2@group-523986131536-SegmentedRaftLog: purge 400
2025-04-23 15:47:36,264 [omNode-2@group-523986131536-StateMachineUpdater] INFO  raftlog.RaftLog (RaftLogBase.java:lambda$new$0(54)) - omNode-2@group-523986131536-SegmentedRaftLog: snapshotIndex: updateIncreasingly 350 -> 400
2025-04-23 15:47:36,264 [omNode-2@group-523986131536-StateMachineUpdater] INFO  raftlog.RaftLog (RaftLogBase.java:lambda$new$0(54)) - omNode-2@group-523986131536-SegmentedRaftLog: purgeIndex: updateToMax old=350, new=400, updated? true
2025-04-23 15:47:36,268 [Thread-8936] WARN  rocksdiff.RocksDBCheckpointDiffer (RocksDBCheckpointDiffer.java:lambda$onCompactionCompleted$0(492)) - Input file not found in inflightCompactionsMap : /home/runner/work/ozone/ozone/hadoop-ozone/integration-test/target/test-dir/MiniOzoneClusterImpl-11ed033c-ec90-4580-9385-902e6658689d/omNode-1/om.db/000094.sst which should have been added on compactionBeginListener.
2025-04-23 15:47:36,268 [Thread-8936] WARN  rocksdiff.RocksDBCheckpointDiffer (RocksDBCheckpointDiffer.java:lambda$onCompactionCompleted$0(492)) - Input file not found in inflightCompactionsMap : /home/runner/work/ozone/ozone/hadoop-ozone/integration-test/target/test-dir/MiniOzoneClusterImpl-11ed033c-ec90-4580-9385-902e6658689d/omNode-1/om.db/000083.sst which should have been added on compactionBeginListener.
2025-04-23 15:47:36,268 [Thread-8936] WARN  rocksdiff.RocksDBCheckpointDiffer (RocksDBCheckpointDiffer.java:lambda$onCompactionCompleted$0(492)) - Input file not found in inflightCompactionsMap : /home/runner/work/ozone/ozone/hadoop-ozone/integration-test/target/test-dir/MiniOzoneClusterImpl-11ed033c-ec90-4580-9385-902e6658689d/omNode-1/om.db/000088.sst which should have been added on compactionBeginListener.
2025-04-23 15:47:36,268 [Thread-8936] WARN  rocksdiff.RocksDBCheckpointDiffer (RocksDBCheckpointDiffer.java:lambda$onCompactionCompleted$0(492)) - Input file not found in inflightCompactionsMap : /home/runner/work/ozone/ozone/hadoop-ozone/integration-test/target/test-dir/MiniOzoneClusterImpl-11ed033c-ec90-4580-9385-902e6658689d/omNode-1/om.db/000101.sst which should have been added on compactionBeginListener.
2025-04-23 15:47:36,268 [Thread-8936] WARN  rocksdiff.RocksDBCheckpointDiffer (RocksDBCheckpointDiffer.java:lambda$onCompactionCompleted$0(492)) - Input file not found in inflightCompactionsMap : /home/runner/work/ozone/ozone/hadoop-ozone/integration-test/target/test-dir/MiniOzoneClusterImpl-11ed033c-ec90-4580-9385-902e6658689d/omNode-1/om.db/000078.sst which should have been added on compactionBeginListener.
2025-04-23 15:47:36,280 [grpc-default-executor-2] WARN  server.GrpcLogAppender (GrpcLogAppender.java:lambda$resetClient$1(221)) - omNode-1@group-523986131536->omNode-3-GrpcLogAppender: Follower failed (request=null, errorCount=731); keep nextIndex (405) unchanged and retry.
2025-04-23 15:47:36,282 [Thread-8964] WARN  rocksdiff.RocksDBCheckpointDiffer (RocksDBCheckpointDiffer.java:lambda$onCompactionCompleted$0(492)) - Input file not found in inflightCompactionsMap : /home/runner/work/ozone/ozone/hadoop-ozone/integration-test/target/test-dir/MiniOzoneClusterImpl-11ed033c-ec90-4580-9385-902e6658689d/omNode-2/om.db/000074.sst which should have been added on compactionBeginListener.
2025-04-23 15:47:36,282 [Thread-8964] WARN  rocksdiff.RocksDBCheckpointDiffer (RocksDBCheckpointDiffer.java:lambda$onCompactionCompleted$0(492)) - Input file not found in inflightCompactionsMap : /home/runner/work/ozone/ozone/hadoop-ozone/integration-test/target/test-dir/MiniOzoneClusterImpl-11ed033c-ec90-4580-9385-902e6658689d/omNode-2/om.db/000096.sst which should have been added on compactionBeginListener.
2025-04-23 15:47:36,282 [Thread-8964] WARN  rocksdiff.RocksDBCheckpointDiffer (RocksDBCheckpointDiffer.java:lambda$onCompactionCompleted$0(492)) - Input file not found in inflightCompactionsMap : /home/runner/work/ozone/ozone/hadoop-ozone/integration-test/target/test-dir/MiniOzoneClusterImpl-11ed033c-ec90-4580-9385-902e6658689d/omNode-2/om.db/000084.sst which should have been added on compactionBeginListener.
2025-04-23 15:47:36,282 [Thread-8964] WARN  rocksdiff.RocksDBCheckpointDiffer (RocksDBCheckpointDiffer.java:lambda$onCompactionCompleted$0(492)) - Input file not found in inflightCompactionsMap : /home/runner/work/ozone/ozone/hadoop-ozone/integration-test/target/test-dir/MiniOzoneClusterImpl-11ed033c-ec90-4580-9385-902e6658689d/omNode-2/om.db/000089.sst which should have been added on compactionBeginListener.
2025-04-23 15:47:36,282 [Thread-8964] WARN  rocksdiff.RocksDBCheckpointDiffer (RocksDBCheckpointDiffer.java:lambda$onCompactionCompleted$0(492)) - Input file not found in inflightCompactionsMap : /home/runner/work/ozone/ozone/hadoop-ozone/integration-test/target/test-dir/MiniOzoneClusterImpl-11ed033c-ec90-4580-9385-902e6658689d/omNode-2/om.db/000079.sst which should have been added on compactionBeginListener.
2025-04-23 15:47:36,287 [grpc-default-executor-4] WARN  server.GrpcLogAppender (GrpcLogAppender.java:lambda$resetClient$1(221)) - omNode-1@group-523986131536->omNode-3-GrpcLogAppender: Follower failed (request=null, errorCount=733); keep nextIndex (406) unchanged and retry.
2025-04-23 15:47:36,290 [grpc-default-executor-2] WARN  server.GrpcLogAppender (GrpcLogAppender.java:lambda$resetClient$1(221)) - omNode-1@group-523986131536->omNode-3-GrpcLogAppender: Follower failed (request=null, errorCount=735); keep nextIndex (407) unchanged and retry.
2025-04-23 15:47:36,298 [grpc-default-executor-5] WARN  server.GrpcLogAppender (GrpcLogAppender.java:lambda$resetClient$1(221)) - omNode-1@group-523986131536->omNode-3-GrpcLogAppender: Follower failed (request=null, errorCount=737); keep nextIndex (408) unchanged and retry.
2025-04-23 15:47:36,299 [grpc-default-executor-5] WARN  server.GrpcLogAppender (GrpcLogAppender.java:lambda$resetClient$1(221)) - omNode-1@group-523986131536->omNode-3-GrpcLogAppender: Follower failed (request=null, errorCount=739); keep nextIndex (409) unchanged and retry.
2025-04-23 15:47:36,304 [grpc-default-executor-2] WARN  server.GrpcLogAppender (GrpcLogAppender.java:lambda$resetClient$1(221)) - omNode-1@group-523986131536->omNode-3-GrpcLogAppender: Follower failed (request=null, errorCount=741); keep nextIndex (410) unchanged and retry.
2025-04-23 15:47:36,306 [grpc-default-executor-5] WARN  server.GrpcLogAppender (GrpcLogAppender.java:lambda$resetClient$1(221)) - omNode-1@group-523986131536->omNode-3-GrpcLogAppender: Follower failed (request=null, errorCount=743); keep nextIndex (411) unchanged and retry.
2025-04-23 15:47:36,313 [grpc-default-executor-2] WARN  server.GrpcLogAppender (GrpcLogAppender.java:lambda$resetClient$1(221)) - omNode-1@group-523986131536->omNode-3-GrpcLogAppender: Follower failed (request=null, errorCount=745); keep nextIndex (412) unchanged and retry.
2025-04-23 15:47:36,315 [grpc-default-executor-5] WARN  server.GrpcLogAppender (GrpcLogAppender.java:lambda$resetClient$1(221)) - omNode-1@group-523986131536->omNode-3-GrpcLogAppender: Follower failed (request=null, errorCount=747); keep nextIndex (413) unchanged and retry.
2025-04-23 15:47:36,320 [grpc-default-executor-4] WARN  server.GrpcLogAppender (GrpcLogAppender.java:lambda$resetClient$1(221)) - omNode-1@group-523986131536->omNode-3-GrpcLogAppender: Follower failed (request=null, errorCount=749); keep nextIndex (414) unchanged and retry.
2025-04-23 15:47:36,321 [grpc-default-executor-5] WARN  server.GrpcLogAppender (GrpcLogAppender.java:lambda$resetClient$1(221)) - omNode-1@group-523986131536->omNode-3-GrpcLogAppender: Follower failed (request=null, errorCount=751); keep nextIndex (415) unchanged and retry.
2025-04-23 15:47:36,331 [grpc-default-executor-4] WARN  server.GrpcLogAppender (GrpcLogAppender.java:lambda$resetClient$1(221)) - omNode-1@group-523986131536->omNode-3-GrpcLogAppender: Follower failed (request=null, errorCount=753); keep nextIndex (416) unchanged and retry.
2025-04-23 15:47:36,333 [grpc-default-executor-4] WARN  server.GrpcLogAppender (GrpcLogAppender.java:lambda$resetClient$1(221)) - omNode-1@group-523986131536->omNode-3-GrpcLogAppender: Follower failed (request=null, errorCount=755); keep nextIndex (417) unchanged and retry.
2025-04-23 15:47:36,337 [grpc-default-executor-5] WARN  server.GrpcLogAppender (GrpcLogAppender.java:lambda$resetClient$1(221)) - omNode-1@group-523986131536->omNode-3-GrpcLogAppender: Follower failed (request=null, errorCount=757); keep nextIndex (418) unchanged and retry.
2025-04-23 15:47:36,339 [grpc-default-executor-4] WARN  server.GrpcLogAppender (GrpcLogAppender.java:lambda$resetClient$1(221)) - omNode-1@group-523986131536->omNode-3-GrpcLogAppender: Follower failed (request=null, errorCount=759); keep nextIndex (419) unchanged and retry.
2025-04-23 15:47:36,347 [grpc-default-executor-5] WARN  server.GrpcLogAppender (GrpcLogAppender.java:lambda$resetClient$1(221)) - omNode-1@group-523986131536->omNode-3-GrpcLogAppender: Follower failed (request=null, errorCount=761); keep nextIndex (420) unchanged and retry.
2025-04-23 15:47:36,349 [grpc-default-executor-5] WARN  server.GrpcLogAppender (GrpcLogAppender.java:lambda$resetClient$1(221)) - omNode-1@group-523986131536->omNode-3-GrpcLogAppender: Follower failed (request=null, errorCount=763); keep nextIndex (421) unchanged and retry.
2025-04-23 15:47:36,354 [grpc-default-executor-4] WARN  server.GrpcLogAppender (GrpcLogAppender.java:lambda$resetClient$1(221)) - omNode-1@group-523986131536->omNode-3-GrpcLogAppender: Follower failed (request=null, errorCount=765); keep nextIndex (422) unchanged and retry.
2025-04-23 15:47:36,358 [grpc-default-executor-4] WARN  server.GrpcLogAppender (GrpcLogAppender.java:lambda$resetClient$1(221)) - omNode-1@group-523986131536->omNode-3-GrpcLogAppender: Follower failed (request=null, errorCount=767); keep nextIndex (423) unchanged and retry.
2025-04-23 15:47:36,368 [grpc-default-executor-5] WARN  server.GrpcLogAppender (GrpcLogAppender.java:lambda$resetClient$1(221)) - omNode-1@group-523986131536->omNode-3-GrpcLogAppender: Follower failed (request=null, errorCount=769); keep nextIndex (424) unchanged and retry.
2025-04-23 15:47:36,371 [grpc-default-executor-2] WARN  server.GrpcLogAppender (GrpcLogAppender.java:lambda$resetClient$1(221)) - omNode-1@group-523986131536->omNode-3-GrpcLogAppender: Follower failed (request=null, errorCount=771); keep nextIndex (425) unchanged and retry.
2025-04-23 15:47:36,378 [grpc-default-executor-2] WARN  server.GrpcLogAppender (GrpcLogAppender.java:lambda$resetClient$1(221)) - omNode-1@group-523986131536->omNode-3-GrpcLogAppender: Follower failed (request=null, errorCount=773); keep nextIndex (426) unchanged and retry.
2025-04-23 15:47:36,380 [grpc-default-executor-4] WARN  server.GrpcLogAppender (GrpcLogAppender.java:lambda$resetClient$1(221)) - omNode-1@group-523986131536->omNode-3-GrpcLogAppender: Follower failed (request=null, errorCount=775); keep nextIndex (427) unchanged and retry.
2025-04-23 15:47:36,391 [grpc-default-executor-2] WARN  server.GrpcLogAppender (GrpcLogAppender.java:lambda$resetClient$1(221)) - omNode-1@group-523986131536->omNode-3-GrpcLogAppender: Follower failed (request=null, errorCount=777); keep nextIndex (428) unchanged and retry.
2025-04-23 15:47:36,393 [grpc-default-executor-5] WARN  server.GrpcLogAppender (GrpcLogAppender.java:lambda$resetClient$1(221)) - omNode-1@group-523986131536->omNode-3-GrpcLogAppender: Follower failed (request=null, errorCount=779); keep nextIndex (429) unchanged and retry.
2025-04-23 15:47:36,400 [grpc-default-executor-5] WARN  server.GrpcLogAppender (GrpcLogAppender.java:lambda$resetClient$1(221)) - omNode-1@group-523986131536->omNode-3-GrpcLogAppender: Follower failed (request=null, errorCount=781); keep nextIndex (430) unchanged and retry.
2025-04-23 15:47:36,403 [grpc-default-executor-4] WARN  server.GrpcLogAppender (GrpcLogAppender.java:lambda$resetClient$1(221)) - omNode-1@group-523986131536->omNode-3-GrpcLogAppender: Follower failed (request=null, errorCount=783); keep nextIndex (431) unchanged and retry.
2025-04-23 15:47:36,415 [grpc-default-executor-2] WARN  server.GrpcLogAppender (GrpcLogAppender.java:lambda$resetClient$1(221)) - omNode-1@group-523986131536->omNode-3-GrpcLogAppender: Follower failed (request=null, errorCount=785); keep nextIndex (432) unchanged and retry.
2025-04-23 15:47:36,417 [grpc-default-executor-5] WARN  server.GrpcLogAppender (GrpcLogAppender.java:lambda$resetClient$1(221)) - omNode-1@group-523986131536->omNode-3-GrpcLogAppender: Follower failed (request=null, errorCount=787); keep nextIndex (433) unchanged and retry.
2025-04-23 15:47:36,423 [grpc-default-executor-2] WARN  server.GrpcLogAppender (GrpcLogAppender.java:lambda$resetClient$1(221)) - omNode-1@group-523986131536->omNode-3-GrpcLogAppender: Follower failed (request=null, errorCount=789); keep nextIndex (434) unchanged and retry.
2025-04-23 15:47:36,425 [grpc-default-executor-2] WARN  server.GrpcLogAppender (GrpcLogAppender.java:lambda$resetClient$1(221)) - omNode-1@group-523986131536->omNode-3-GrpcLogAppender: Follower failed (request=null, errorCount=791); keep nextIndex (435) unchanged and retry.
2025-04-23 15:47:36,436 [grpc-default-executor-2] WARN  server.GrpcLogAppender (GrpcLogAppender.java:lambda$resetClient$1(221)) - omNode-1@group-523986131536->omNode-3-GrpcLogAppender: Follower failed (request=null, errorCount=793); keep nextIndex (436) unchanged and retry.
2025-04-23 15:47:36,437 [grpc-default-executor-2] WARN  server.GrpcLogAppender (GrpcLogAppender.java:lambda$resetClient$1(221)) - omNode-1@group-523986131536->omNode-3-GrpcLogAppender: Follower failed (request=null, errorCount=795); keep nextIndex (437) unchanged and retry.
2025-04-23 15:47:36,442 [grpc-default-executor-5] WARN  server.GrpcLogAppender (GrpcLogAppender.java:lambda$resetClient$1(221)) - omNode-1@group-523986131536->omNode-3-GrpcLogAppender: Follower failed (request=null, errorCount=797); keep nextIndex (438) unchanged and retry.
2025-04-23 15:47:36,444 [grpc-default-executor-3] WARN  server.GrpcLogAppender (GrpcLogAppender.java:lambda$resetClient$1(221)) - omNode-1@group-523986131536->omNode-3-GrpcLogAppender: Follower failed (request=null, errorCount=799); keep nextIndex (439) unchanged and retry.
2025-04-23 15:47:36,455 [grpc-default-executor-2] WARN  server.GrpcLogAppender (GrpcLogAppender.java:lambda$resetClient$1(221)) - omNode-1@group-523986131536->omNode-3-GrpcLogAppender: Follower failed (request=null, errorCount=803); keep nextIndex (440) unchanged and retry.
2025-04-23 15:47:36,457 [grpc-default-executor-5] WARN  server.GrpcLogAppender (GrpcLogAppender.java:lambda$resetClient$1(221)) - omNode-1@group-523986131536->omNode-3-GrpcLogAppender: Follower failed (request=null, errorCount=805); keep nextIndex (441) unchanged and retry.
2025-04-23 15:47:36,462 [grpc-default-executor-3] WARN  server.GrpcLogAppender (GrpcLogAppender.java:lambda$resetClient$1(221)) - omNode-1@group-523986131536->omNode-3-GrpcLogAppender: Follower failed (request=null, errorCount=807); keep nextIndex (442) unchanged and retry.
2025-04-23 15:47:36,463 [grpc-default-executor-5] WARN  server.GrpcLogAppender (GrpcLogAppender.java:lambda$resetClient$1(221)) - omNode-1@group-523986131536->omNode-3-GrpcLogAppender: Follower failed (request=null, errorCount=809); keep nextIndex (443) unchanged and retry.
2025-04-23 15:47:36,475 [grpc-default-executor-5] WARN  server.GrpcLogAppender (GrpcLogAppender.java:lambda$resetClient$1(221)) - omNode-1@group-523986131536->omNode-3-GrpcLogAppender: Follower failed (request=null, errorCount=811); keep nextIndex (444) unchanged and retry.
2025-04-23 15:47:36,477 [grpc-default-executor-3] WARN  server.GrpcLogAppender (GrpcLogAppender.java:lambda$resetClient$1(221)) - omNode-1@group-523986131536->omNode-3-GrpcLogAppender: Follower failed (request=null, errorCount=813); keep nextIndex (445) unchanged and retry.
2025-04-23 15:47:36,482 [grpc-default-executor-2] WARN  server.GrpcLogAppender (GrpcLogAppender.java:lambda$resetClient$1(221)) - omNode-1@group-523986131536->omNode-3-GrpcLogAppender: Follower failed (request=null, errorCount=815); keep nextIndex (446) unchanged and retry.
2025-04-23 15:47:36,483 [grpc-default-executor-2] WARN  server.GrpcLogAppender (GrpcLogAppender.java:lambda$resetClient$1(221)) - omNode-1@group-523986131536->omNode-3-GrpcLogAppender: Follower failed (request=null, errorCount=817); keep nextIndex (447) unchanged and retry.
2025-04-23 15:47:36,495 [grpc-default-executor-3] WARN  server.GrpcLogAppender (GrpcLogAppender.java:lambda$resetClient$1(221)) - omNode-1@group-523986131536->omNode-3-GrpcLogAppender: Follower failed (request=null, errorCount=819); keep nextIndex (448) unchanged and retry.
2025-04-23 15:47:36,497 [grpc-default-executor-3] WARN  server.GrpcLogAppender (GrpcLogAppender.java:lambda$resetClient$1(221)) - omNode-1@group-523986131536->omNode-3-GrpcLogAppender: Follower failed (request=null, errorCount=821); keep nextIndex (449) unchanged and retry.
2025-04-23 15:47:36,501 [grpc-default-executor-4] WARN  server.GrpcLogAppender (GrpcLogAppender.java:lambda$resetClient$1(221)) - omNode-1@group-523986131536->omNode-3-GrpcLogAppender: Follower failed (request=null, errorCount=823); keep nextIndex (450) unchanged and retry.
2025-04-23 15:47:36,503 [grpc-default-executor-2] WARN  server.GrpcLogAppender (GrpcLogAppender.java:lambda$resetClient$1(221)) - omNode-1@group-523986131536->omNode-3-GrpcLogAppender: Follower failed (request=null, errorCount=825); keep nextIndex (451) unchanged and retry.
2025-04-23 15:47:36,515 [grpc-default-executor-4] WARN  server.GrpcLogAppender (GrpcLogAppender.java:lambda$resetClient$1(221)) - omNode-1@group-523986131536->omNode-3-GrpcLogAppender: Follower failed (request=null, errorCount=827); keep nextIndex (452) unchanged and retry.
2025-04-23 15:47:36,517 [grpc-default-executor-2] WARN  server.GrpcLogAppender (GrpcLogAppender.java:lambda$resetClient$1(221)) - omNode-1@group-523986131536->omNode-3-GrpcLogAppender: Follower failed (request=null, errorCount=829); keep nextIndex (453) unchanged and retry.
2025-04-23 15:47:36,527 [omNode-1@group-523986131536-StateMachineUpdater] INFO  ratis.OzoneManagerStateMachine (OzoneManagerStateMachine.java:takeSnapshotImpl(510)) - omNode-1: taking snapshot. applied = (t:1, i:450), skipped = 449, notified = (t:1, i:450), current snapshot index = (t:1, i:450), took 21 ms
2025-04-23 15:47:36,527 [omNode-1@group-523986131536-StateMachineUpdater] INFO  impl.StateMachineUpdater (StateMachineUpdater.java:takeSnapshot(303)) - omNode-1@group-523986131536-StateMachineUpdater: Took a snapshot at index 450
2025-04-23 15:47:36,527 [omNode-1@group-523986131536-StateMachineUpdater] INFO  impl.StateMachineUpdater (StateMachineUpdater.java:lambda$new$0(102)) - omNode-1@group-523986131536-StateMachineUpdater: snapshotIndex: updateIncreasingly 400 -> 450
2025-04-23 15:47:36,528 [omNode-1@group-523986131536-StateMachineUpdater] INFO  raftlog.RaftLog (RaftLogBase.java:purge(325)) - omNode-1@group-523986131536-SegmentedRaftLog: purge 450
2025-04-23 15:47:36,528 [omNode-1@group-523986131536-StateMachineUpdater] INFO  raftlog.RaftLog (RaftLogBase.java:lambda$new$0(54)) - omNode-1@group-523986131536-SegmentedRaftLog: snapshotIndex: updateIncreasingly 400 -> 450
2025-04-23 15:47:36,528 [omNode-1@group-523986131536-StateMachineUpdater] INFO  raftlog.RaftLog (RaftLogBase.java:lambda$new$0(54)) - omNode-1@group-523986131536-SegmentedRaftLog: purgeIndex: updateToMax old=400, new=450, updated? true
2025-04-23 15:47:36,533 [omNode-2@group-523986131536-StateMachineUpdater] INFO  ratis.OzoneManagerStateMachine (OzoneManagerStateMachine.java:takeSnapshotImpl(510)) - omNode-2: taking snapshot. applied = (t:1, i:450), skipped = 449, notified = (t:1, i:450), current snapshot index = (t:1, i:450), took 19 ms
2025-04-23 15:47:36,535 [omNode-2@group-523986131536-StateMachineUpdater] INFO  impl.StateMachineUpdater (StateMachineUpdater.java:takeSnapshot(303)) - omNode-2@group-523986131536-StateMachineUpdater: Took a snapshot at index 450
2025-04-23 15:47:36,535 [omNode-2@group-523986131536-StateMachineUpdater] INFO  impl.StateMachineUpdater (StateMachineUpdater.java:lambda$new$0(102)) - omNode-2@group-523986131536-StateMachineUpdater: snapshotIndex: updateIncreasingly 400 -> 450
2025-04-23 15:47:36,535 [omNode-2@group-523986131536-StateMachineUpdater] INFO  raftlog.RaftLog (RaftLogBase.java:purge(325)) - omNode-2@group-523986131536-SegmentedRaftLog: purge 450
2025-04-23 15:47:36,535 [omNode-2@group-523986131536-StateMachineUpdater] INFO  raftlog.RaftLog (RaftLogBase.java:lambda$new$0(54)) - omNode-2@group-523986131536-SegmentedRaftLog: snapshotIndex: updateIncreasingly 400 -> 450
2025-04-23 15:47:36,536 [omNode-2@group-523986131536-StateMachineUpdater] INFO  raftlog.RaftLog (RaftLogBase.java:lambda$new$0(54)) - omNode-2@group-523986131536-SegmentedRaftLog: purgeIndex: updateToMax old=400, new=450, updated? true
2025-04-23 15:47:36,535 [grpc-default-executor-4] WARN  server.GrpcLogAppender (GrpcLogAppender.java:lambda$resetClient$1(221)) - omNode-1@group-523986131536->omNode-3-GrpcLogAppender: Follower failed (request=null, errorCount=831); keep nextIndex (454) unchanged and retry.
2025-04-23 15:47:36,539 [grpc-default-executor-4] WARN  server.GrpcLogAppender (GrpcLogAppender.java:lambda$resetClient$1(221)) - omNode-1@group-523986131536->omNode-3-GrpcLogAppender: Follower failed (request=null, errorCount=833); keep nextIndex (455) unchanged and retry.
2025-04-23 15:47:36,550 [grpc-default-executor-3] WARN  server.GrpcLogAppender (GrpcLogAppender.java:lambda$resetClient$1(221)) - omNode-1@group-523986131536->omNode-3-GrpcLogAppender: Follower failed (request=null, errorCount=835); keep nextIndex (456) unchanged and retry.
2025-04-23 15:47:36,553 [grpc-default-executor-4] WARN  server.GrpcLogAppender (GrpcLogAppender.java:lambda$resetClient$1(221)) - omNode-1@group-523986131536->omNode-3-GrpcLogAppender: Follower failed (request=null, errorCount=837); keep nextIndex (457) unchanged and retry.
2025-04-23 15:47:36,560 [grpc-default-executor-3] WARN  server.GrpcLogAppender (GrpcLogAppender.java:lambda$resetClient$1(221)) - omNode-1@group-523986131536->omNode-3-GrpcLogAppender: Follower failed (request=null, errorCount=839); keep nextIndex (458) unchanged and retry.
2025-04-23 15:47:36,562 [grpc-default-executor-5] WARN  server.GrpcLogAppender (GrpcLogAppender.java:lambda$resetClient$1(221)) - omNode-1@group-523986131536->omNode-3-GrpcLogAppender: Follower failed (request=null, errorCount=841); keep nextIndex (459) unchanged and retry.
2025-04-23 15:47:36,569 [grpc-default-executor-4] WARN  server.GrpcLogAppender (GrpcLogAppender.java:lambda$resetClient$1(221)) - omNode-1@group-523986131536->omNode-3-GrpcLogAppender: Follower failed (request=null, errorCount=843); keep nextIndex (460) unchanged and retry.
2025-04-23 15:47:36,571 [grpc-default-executor-4] WARN  server.GrpcLogAppender (GrpcLogAppender.java:lambda$resetClient$1(221)) - omNode-1@group-523986131536->omNode-3-GrpcLogAppender: Follower failed (request=null, errorCount=845); keep nextIndex (461) unchanged and retry.
2025-04-23 15:47:36,577 [grpc-default-executor-3] WARN  server.GrpcLogAppender (GrpcLogAppender.java:lambda$resetClient$1(221)) - omNode-1@group-523986131536->omNode-3-GrpcLogAppender: Follower failed (request=null, errorCount=847); keep nextIndex (462) unchanged and retry.
2025-04-23 15:47:36,579 [grpc-default-executor-4] WARN  server.GrpcLogAppender (GrpcLogAppender.java:lambda$resetClient$1(221)) - omNode-1@group-523986131536->omNode-3-GrpcLogAppender: Follower failed (request=null, errorCount=849); keep nextIndex (463) unchanged and retry.
2025-04-23 15:47:36,587 [grpc-default-executor-4] WARN  server.GrpcLogAppender (GrpcLogAppender.java:lambda$resetClient$1(221)) - omNode-1@group-523986131536->omNode-3-GrpcLogAppender: Follower failed (request=null, errorCount=851); keep nextIndex (464) unchanged and retry.
2025-04-23 15:47:36,591 [grpc-default-executor-3] WARN  server.GrpcLogAppender (GrpcLogAppender.java:lambda$resetClient$1(221)) - omNode-1@group-523986131536->omNode-3-GrpcLogAppender: Follower failed (request=null, errorCount=853); keep nextIndex (465) unchanged and retry.
2025-04-23 15:47:36,598 [grpc-default-executor-3] WARN  server.GrpcLogAppender (GrpcLogAppender.java:lambda$resetClient$1(221)) - omNode-1@group-523986131536->omNode-3-GrpcLogAppender: Follower failed (request=null, errorCount=855); keep nextIndex (466) unchanged and retry.
2025-04-23 15:47:36,599 [grpc-default-executor-5] WARN  server.GrpcLogAppender (GrpcLogAppender.java:lambda$resetClient$1(221)) - omNode-1@group-523986131536->omNode-3-GrpcLogAppender: Follower failed (request=null, errorCount=857); keep nextIndex (467) unchanged and retry.
2025-04-23 15:47:36,609 [grpc-default-executor-5] WARN  server.GrpcLogAppender (GrpcLogAppender.java:lambda$resetClient$1(221)) - omNode-1@group-523986131536->omNode-3-GrpcLogAppender: Follower failed (request=null, errorCount=859); keep nextIndex (468) unchanged and retry.
2025-04-23 15:47:36,610 [grpc-default-executor-4] WARN  server.GrpcLogAppender (GrpcLogAppender.java:lambda$resetClient$1(221)) - omNode-1@group-523986131536->omNode-3-GrpcLogAppender: Follower failed (request=null, errorCount=861); keep nextIndex (469) unchanged and retry.
2025-04-23 15:47:36,617 [grpc-default-executor-5] WARN  server.GrpcLogAppender (GrpcLogAppender.java:lambda$resetClient$1(221)) - omNode-1@group-523986131536->omNode-3-GrpcLogAppender: Follower failed (request=null, errorCount=863); keep nextIndex (470) unchanged and retry.
2025-04-23 15:47:36,619 [grpc-default-executor-3] WARN  server.GrpcLogAppender (GrpcLogAppender.java:lambda$resetClient$1(221)) - omNode-1@group-523986131536->omNode-3-GrpcLogAppender: Follower failed (request=null, errorCount=865); keep nextIndex (471) unchanged and retry.
2025-04-23 15:47:36,629 [grpc-default-executor-3] WARN  server.GrpcLogAppender (GrpcLogAppender.java:lambda$resetClient$1(221)) - omNode-1@group-523986131536->omNode-3-GrpcLogAppender: Follower failed (request=null, errorCount=867); keep nextIndex (472) unchanged and retry.
2025-04-23 15:47:36,633 [grpc-default-executor-3] WARN  server.GrpcLogAppender (GrpcLogAppender.java:lambda$resetClient$1(221)) - omNode-1@group-523986131536->omNode-3-GrpcLogAppender: Follower failed (request=null, errorCount=869); keep nextIndex (473) unchanged and retry.
2025-04-23 15:47:36,638 [grpc-default-executor-5] WARN  server.GrpcLogAppender (GrpcLogAppender.java:lambda$resetClient$1(221)) - omNode-1@group-523986131536->omNode-3-GrpcLogAppender: Follower failed (request=null, errorCount=871); keep nextIndex (474) unchanged and retry.
2025-04-23 15:47:36,639 [grpc-default-executor-5] WARN  server.GrpcLogAppender (GrpcLogAppender.java:lambda$resetClient$1(221)) - omNode-1@group-523986131536->omNode-3-GrpcLogAppender: Follower failed (request=null, errorCount=873); keep nextIndex (475) unchanged and retry.
2025-04-23 15:47:36,648 [grpc-default-executor-4] WARN  server.GrpcLogAppender (GrpcLogAppender.java:lambda$resetClient$1(221)) - omNode-1@group-523986131536->omNode-3-GrpcLogAppender: Follower failed (request=null, errorCount=875); keep nextIndex (476) unchanged and retry.
2025-04-23 15:47:36,650 [grpc-default-executor-5] WARN  server.GrpcLogAppender (GrpcLogAppender.java:lambda$resetClient$1(221)) - omNode-1@group-523986131536->omNode-3-GrpcLogAppender: Follower failed (request=null, errorCount=877); keep nextIndex (477) unchanged and retry.
2025-04-23 15:47:36,655 [grpc-default-executor-4] WARN  server.GrpcLogAppender (GrpcLogAppender.java:lambda$resetClient$1(221)) - omNode-1@group-523986131536->omNode-3-GrpcLogAppender: Follower failed (request=null, errorCount=879); keep nextIndex (478) unchanged and retry.
2025-04-23 15:47:36,657 [grpc-default-executor-4] WARN  server.GrpcLogAppender (GrpcLogAppender.java:lambda$resetClient$1(221)) - omNode-1@group-523986131536->omNode-3-GrpcLogAppender: Follower failed (request=null, errorCount=881); keep nextIndex (479) unchanged and retry.
2025-04-23 15:47:36,665 [grpc-default-executor-5] WARN  server.GrpcLogAppender (GrpcLogAppender.java:lambda$resetClient$1(221)) - omNode-1@group-523986131536->omNode-3-GrpcLogAppender: Follower failed (request=null, errorCount=883); keep nextIndex (480) unchanged and retry.
2025-04-23 15:47:36,667 [grpc-default-executor-3] WARN  server.GrpcLogAppender (GrpcLogAppender.java:lambda$resetClient$1(221)) - omNode-1@group-523986131536->omNode-3-GrpcLogAppender: Follower failed (request=null, errorCount=885); keep nextIndex (481) unchanged and retry.
2025-04-23 15:47:36,672 [grpc-default-executor-5] WARN  server.GrpcLogAppender (GrpcLogAppender.java:lambda$resetClient$1(221)) - omNode-1@group-523986131536->omNode-3-GrpcLogAppender: Follower failed (request=null, errorCount=887); keep nextIndex (482) unchanged and retry.
2025-04-23 15:47:36,673 [grpc-default-executor-5] WARN  server.GrpcLogAppender (GrpcLogAppender.java:lambda$resetClient$1(221)) - omNode-1@group-523986131536->omNode-3-GrpcLogAppender: Follower failed (request=null, errorCount=889); keep nextIndex (483) unchanged and retry.
2025-04-23 15:47:36,681 [grpc-default-executor-4] WARN  server.GrpcLogAppender (GrpcLogAppender.java:lambda$resetClient$1(221)) - omNode-1@group-523986131536->omNode-3-GrpcLogAppender: Follower failed (request=null, errorCount=891); keep nextIndex (484) unchanged and retry.
2025-04-23 15:47:36,682 [grpc-default-executor-3] WARN  server.GrpcLogAppender (GrpcLogAppender.java:lambda$resetClient$1(221)) - omNode-1@group-523986131536->omNode-3-GrpcLogAppender: Follower failed (request=null, errorCount=893); keep nextIndex (485) unchanged and retry.
2025-04-23 15:47:36,687 [grpc-default-executor-5] WARN  server.GrpcLogAppender (GrpcLogAppender.java:lambda$resetClient$1(221)) - omNode-1@group-523986131536->omNode-3-GrpcLogAppender: Follower failed (request=null, errorCount=895); keep nextIndex (486) unchanged and retry.
2025-04-23 15:47:36,689 [grpc-default-executor-4] WARN  server.GrpcLogAppender (GrpcLogAppender.java:lambda$resetClient$1(221)) - omNode-1@group-523986131536->omNode-3-GrpcLogAppender: Follower failed (request=null, errorCount=897); keep nextIndex (487) unchanged and retry.
2025-04-23 15:47:36,699 [grpc-default-executor-5] WARN  server.GrpcLogAppender (GrpcLogAppender.java:lambda$resetClient$1(221)) - omNode-1@group-523986131536->omNode-3-GrpcLogAppender: Follower failed (request=null, errorCount=899); keep nextIndex (488) unchanged and retry.
2025-04-23 15:47:36,701 [grpc-default-executor-2] WARN  server.GrpcLogAppender (GrpcLogAppender.java:lambda$resetClient$1(221)) - omNode-1@group-523986131536->omNode-3-GrpcLogAppender: Follower failed (request=null, errorCount=901); keep nextIndex (489) unchanged and retry.
2025-04-23 15:47:36,709 [grpc-default-executor-4] WARN  server.GrpcLogAppender (GrpcLogAppender.java:lambda$resetClient$1(221)) - omNode-1@group-523986131536->omNode-3-GrpcLogAppender: Follower failed (request=null, errorCount=905); keep nextIndex (490) unchanged and retry.
2025-04-23 15:47:36,711 [grpc-default-executor-4] WARN  server.GrpcLogAppender (GrpcLogAppender.java:lambda$resetClient$1(221)) - omNode-1@group-523986131536->omNode-3-GrpcLogAppender: Follower failed (request=null, errorCount=907); keep nextIndex (491) unchanged and retry.
2025-04-23 15:47:36,718 [grpc-default-executor-4] WARN  server.GrpcLogAppender (GrpcLogAppender.java:lambda$resetClient$1(221)) - omNode-1@group-523986131536->omNode-3-GrpcLogAppender: Follower failed (request=null, errorCount=909); keep nextIndex (492) unchanged and retry.
2025-04-23 15:47:36,720 [grpc-default-executor-2] WARN  server.GrpcLogAppender (GrpcLogAppender.java:lambda$resetClient$1(221)) - omNode-1@group-523986131536->omNode-3-GrpcLogAppender: Follower failed (request=null, errorCount=911); keep nextIndex (493) unchanged and retry.
2025-04-23 15:47:36,726 [grpc-default-executor-2] WARN  server.GrpcLogAppender (GrpcLogAppender.java:lambda$resetClient$1(221)) - omNode-1@group-523986131536->omNode-3-GrpcLogAppender: Follower failed (request=null, errorCount=913); keep nextIndex (494) unchanged and retry.
2025-04-23 15:47:36,728 [grpc-default-executor-5] WARN  server.GrpcLogAppender (GrpcLogAppender.java:lambda$resetClient$1(221)) - omNode-1@group-523986131536->omNode-3-GrpcLogAppender: Follower failed (request=null, errorCount=915); keep nextIndex (495) unchanged and retry.
2025-04-23 15:47:36,734 [grpc-default-executor-5] WARN  server.GrpcLogAppender (GrpcLogAppender.java:lambda$resetClient$1(221)) - omNode-1@group-523986131536->omNode-3-GrpcLogAppender: Follower failed (request=null, errorCount=917); keep nextIndex (496) unchanged and retry.
2025-04-23 15:47:36,735 [grpc-default-executor-2] WARN  server.GrpcLogAppender (GrpcLogAppender.java:lambda$resetClient$1(221)) - omNode-1@group-523986131536->omNode-3-GrpcLogAppender: Follower failed (request=null, errorCount=919); keep nextIndex (497) unchanged and retry.
2025-04-23 15:47:36,739 [grpc-default-executor-4] WARN  server.GrpcLogAppender (GrpcLogAppender.java:lambda$resetClient$1(221)) - omNode-1@group-523986131536->omNode-3-GrpcLogAppender: Follower failed (request=null, errorCount=921); keep nextIndex (498) unchanged and retry.
2025-04-23 15:47:36,741 [grpc-default-executor-5] WARN  server.GrpcLogAppender (GrpcLogAppender.java:lambda$resetClient$1(221)) - omNode-1@group-523986131536->omNode-3-GrpcLogAppender: Follower failed (request=null, errorCount=923); keep nextIndex (499) unchanged and retry.
2025-04-23 15:47:36,747 [grpc-default-executor-4] WARN  server.GrpcLogAppender (GrpcLogAppender.java:lambda$resetClient$1(221)) - omNode-1@group-523986131536->omNode-3-GrpcLogAppender: Follower failed (request=null, errorCount=925); keep nextIndex (500) unchanged and retry.
2025-04-23 15:47:36,749 [grpc-default-executor-5] WARN  server.GrpcLogAppender (GrpcLogAppender.java:lambda$resetClient$1(221)) - omNode-1@group-523986131536->omNode-3-GrpcLogAppender: Follower failed (request=null, errorCount=927); keep nextIndex (501) unchanged and retry.
2025-04-23 15:47:36,755 [grpc-default-executor-4] WARN  server.GrpcLogAppender (GrpcLogAppender.java:lambda$resetClient$1(221)) - omNode-1@group-523986131536->omNode-3-GrpcLogAppender: Follower failed (request=null, errorCount=929); keep nextIndex (502) unchanged and retry.
2025-04-23 15:47:36,758 [grpc-default-executor-5] WARN  server.GrpcLogAppender (GrpcLogAppender.java:lambda$resetClient$1(221)) - omNode-1@group-523986131536->omNode-3-GrpcLogAppender: Follower failed (request=null, errorCount=931); keep nextIndex (503) unchanged and retry.
2025-04-23 15:47:36,773 [grpc-default-executor-2] WARN  server.GrpcLogAppender (GrpcLogAppender.java:lambda$resetClient$1(221)) - omNode-1@group-523986131536->omNode-3-GrpcLogAppender: Follower failed (request=null, errorCount=933); keep nextIndex (504) unchanged and retry.
2025-04-23 15:47:36,776 [grpc-default-executor-4] WARN  server.GrpcLogAppender (GrpcLogAppender.java:lambda$resetClient$1(221)) - omNode-1@group-523986131536->omNode-3-GrpcLogAppender: Follower failed (request=null, errorCount=935); keep nextIndex (505) unchanged and retry.
2025-04-23 15:47:36,781 [omNode-2@group-523986131536-StateMachineUpdater] INFO  ratis.OzoneManagerStateMachine (OzoneManagerStateMachine.java:takeSnapshotImpl(510)) - omNode-2: taking snapshot. applied = (t:1, i:500), skipped = 499, notified = (t:1, i:500), current snapshot index = (t:1, i:500), took 25 ms
2025-04-23 15:47:36,782 [omNode-2@group-523986131536-StateMachineUpdater] INFO  impl.StateMachineUpdater (StateMachineUpdater.java:takeSnapshot(303)) - omNode-2@group-523986131536-StateMachineUpdater: Took a snapshot at index 500
2025-04-23 15:47:36,782 [omNode-2@group-523986131536-StateMachineUpdater] INFO  impl.StateMachineUpdater (StateMachineUpdater.java:lambda$new$0(102)) - omNode-2@group-523986131536-StateMachineUpdater: snapshotIndex: updateIncreasingly 450 -> 500
2025-04-23 15:47:36,782 [omNode-2@group-523986131536-StateMachineUpdater] INFO  raftlog.RaftLog (RaftLogBase.java:purge(325)) - omNode-2@group-523986131536-SegmentedRaftLog: purge 500
2025-04-23 15:47:36,782 [omNode-2@group-523986131536-StateMachineUpdater] INFO  raftlog.RaftLog (RaftLogBase.java:lambda$new$0(54)) - omNode-2@group-523986131536-SegmentedRaftLog: snapshotIndex: updateIncreasingly 450 -> 500
2025-04-23 15:47:36,782 [omNode-2@group-523986131536-StateMachineUpdater] INFO  raftlog.RaftLog (RaftLogBase.java:lambda$new$0(54)) - omNode-2@group-523986131536-SegmentedRaftLog: purgeIndex: updateToMax old=450, new=500, updated? true
2025-04-23 15:47:36,783 [omNode-1@group-523986131536-StateMachineUpdater] INFO  ratis.OzoneManagerStateMachine (OzoneManagerStateMachine.java:takeSnapshotImpl(510)) - omNode-1: taking snapshot. applied = (t:1, i:500), skipped = 499, notified = (t:1, i:500), current snapshot index = (t:1, i:500), took 26 ms
2025-04-23 15:47:36,783 [omNode-1@group-523986131536-StateMachineUpdater] INFO  impl.StateMachineUpdater (StateMachineUpdater.java:takeSnapshot(303)) - omNode-1@group-523986131536-StateMachineUpdater: Took a snapshot at index 500
2025-04-23 15:47:36,784 [omNode-1@group-523986131536-StateMachineUpdater] INFO  impl.StateMachineUpdater (StateMachineUpdater.java:lambda$new$0(102)) - omNode-1@group-523986131536-StateMachineUpdater: snapshotIndex: updateIncreasingly 450 -> 500
2025-04-23 15:47:36,784 [omNode-1@group-523986131536-StateMachineUpdater] INFO  raftlog.RaftLog (RaftLogBase.java:purge(325)) - omNode-1@group-523986131536-SegmentedRaftLog: purge 500
2025-04-23 15:47:36,784 [omNode-1@group-523986131536-StateMachineUpdater] INFO  raftlog.RaftLog (RaftLogBase.java:lambda$new$0(54)) - omNode-1@group-523986131536-SegmentedRaftLog: snapshotIndex: updateIncreasingly 450 -> 500
2025-04-23 15:47:36,784 [omNode-1@group-523986131536-StateMachineUpdater] INFO  raftlog.RaftLog (RaftLogBase.java:lambda$new$0(54)) - omNode-1@group-523986131536-SegmentedRaftLog: purgeIndex: updateToMax old=450, new=500, updated? true
2025-04-23 15:47:36,790 [grpc-default-executor-2] WARN  server.GrpcLogAppender (GrpcLogAppender.java:lambda$resetClient$1(221)) - omNode-1@group-523986131536->omNode-3-GrpcLogAppender: Follower failed (request=null, errorCount=937); keep nextIndex (506) unchanged and retry.
2025-04-23 15:47:36,792 [grpc-default-executor-5] WARN  server.GrpcLogAppender (GrpcLogAppender.java:lambda$resetClient$1(221)) - omNode-1@group-523986131536->omNode-3-GrpcLogAppender: Follower failed (request=null, errorCount=939); keep nextIndex (507) unchanged and retry.
2025-04-23 15:47:36,801 [grpc-default-executor-2] WARN  server.GrpcLogAppender (GrpcLogAppender.java:lambda$resetClient$1(221)) - omNode-1@group-523986131536->omNode-3-GrpcLogAppender: Follower failed (request=null, errorCount=941); keep nextIndex (508) unchanged and retry.
2025-04-23 15:47:36,802 [grpc-default-executor-4] WARN  server.GrpcLogAppender (GrpcLogAppender.java:lambda$resetClient$1(221)) - omNode-1@group-523986131536->omNode-3-GrpcLogAppender: Follower failed (request=null, errorCount=943); keep nextIndex (509) unchanged and retry.
2025-04-23 15:47:36,808 [grpc-default-executor-2] WARN  server.GrpcLogAppender (GrpcLogAppender.java:lambda$resetClient$1(221)) - omNode-1@group-523986131536->omNode-3-GrpcLogAppender: Follower failed (request=null, errorCount=945); keep nextIndex (510) unchanged and retry.
2025-04-23 15:47:36,809 [grpc-default-executor-2] WARN  server.GrpcLogAppender (GrpcLogAppender.java:lambda$resetClient$1(221)) - omNode-1@group-523986131536->omNode-3-GrpcLogAppender: Follower failed (request=null, errorCount=947); keep nextIndex (511) unchanged and retry.
2025-04-23 15:47:36,817 [grpc-default-executor-4] WARN  server.GrpcLogAppender (GrpcLogAppender.java:lambda$resetClient$1(221)) - omNode-1@group-523986131536->omNode-3-GrpcLogAppender: Follower failed (request=null, errorCount=949); keep nextIndex (512) unchanged and retry.
2025-04-23 15:47:36,821 [grpc-default-executor-2] WARN  server.GrpcLogAppender (GrpcLogAppender.java:lambda$resetClient$1(221)) - omNode-1@group-523986131536->omNode-3-GrpcLogAppender: Follower failed (request=null, errorCount=951); keep nextIndex (513) unchanged and retry.
2025-04-23 15:47:36,824 [grpc-default-executor-4] WARN  server.GrpcLogAppender (GrpcLogAppender.java:lambda$resetClient$1(221)) - omNode-1@group-523986131536->omNode-3-GrpcLogAppender: Follower failed (request=null, errorCount=953); keep nextIndex (514) unchanged and retry.
2025-04-23 15:47:36,826 [grpc-default-executor-2] WARN  server.GrpcLogAppender (GrpcLogAppender.java:lambda$resetClient$1(221)) - omNode-1@group-523986131536->omNode-3-GrpcLogAppender: Follower failed (request=null, errorCount=955); keep nextIndex (515) unchanged and retry.
2025-04-23 15:47:36,835 [grpc-default-executor-2] WARN  server.GrpcLogAppender (GrpcLogAppender.java:lambda$resetClient$1(221)) - omNode-1@group-523986131536->omNode-3-GrpcLogAppender: Follower failed (request=null, errorCount=957); keep nextIndex (516) unchanged and retry.
2025-04-23 15:47:36,837 [grpc-default-executor-5] WARN  server.GrpcLogAppender (GrpcLogAppender.java:lambda$resetClient$1(221)) - omNode-1@group-523986131536->omNode-3-GrpcLogAppender: Follower failed (request=null, errorCount=959); keep nextIndex (517) unchanged and retry.
2025-04-23 15:47:36,841 [grpc-default-executor-2] WARN  server.GrpcLogAppender (GrpcLogAppender.java:lambda$resetClient$1(221)) - omNode-1@group-523986131536->omNode-3-GrpcLogAppender: Follower failed (request=null, errorCount=961); keep nextIndex (518) unchanged and retry.
2025-04-23 15:47:36,843 [grpc-default-executor-5] WARN  server.GrpcLogAppender (GrpcLogAppender.java:lambda$resetClient$1(221)) - omNode-1@group-523986131536->omNode-3-GrpcLogAppender: Follower failed (request=null, errorCount=963); keep nextIndex (519) unchanged and retry.
2025-04-23 15:47:36,852 [grpc-default-executor-4] WARN  server.GrpcLogAppender (GrpcLogAppender.java:lambda$resetClient$1(221)) - omNode-1@group-523986131536->omNode-3-GrpcLogAppender: Follower failed (request=null, errorCount=965); keep nextIndex (520) unchanged and retry.
2025-04-23 15:47:36,853 [grpc-default-executor-4] WARN  server.GrpcLogAppender (GrpcLogAppender.java:lambda$resetClient$1(221)) - omNode-1@group-523986131536->omNode-3-GrpcLogAppender: Follower failed (request=null, errorCount=967); keep nextIndex (521) unchanged and retry.
2025-04-23 15:47:36,859 [grpc-default-executor-2] WARN  server.GrpcLogAppender (GrpcLogAppender.java:lambda$resetClient$1(221)) - omNode-1@group-523986131536->omNode-3-GrpcLogAppender: Follower failed (request=null, errorCount=969); keep nextIndex (522) unchanged and retry.
2025-04-23 15:47:36,860 [grpc-default-executor-4] WARN  server.GrpcLogAppender (GrpcLogAppender.java:lambda$resetClient$1(221)) - omNode-1@group-523986131536->omNode-3-GrpcLogAppender: Follower failed (request=null, errorCount=971); keep nextIndex (523) unchanged and retry.
2025-04-23 15:47:36,872 [grpc-default-executor-4] WARN  server.GrpcLogAppender (GrpcLogAppender.java:lambda$resetClient$1(221)) - omNode-1@group-523986131536->omNode-3-GrpcLogAppender: Follower failed (request=null, errorCount=973); keep nextIndex (524) unchanged and retry.
2025-04-23 15:47:36,874 [grpc-default-executor-5] WARN  server.GrpcLogAppender (GrpcLogAppender.java:lambda$resetClient$1(221)) - omNode-1@group-523986131536->omNode-3-GrpcLogAppender: Follower failed (request=null, errorCount=975); keep nextIndex (525) unchanged and retry.
2025-04-23 15:47:36,891 [grpc-default-executor-5] WARN  server.GrpcLogAppender (GrpcLogAppender.java:lambda$resetClient$1(221)) - omNode-1@group-523986131536->omNode-3-GrpcLogAppender: Follower failed (request=null, errorCount=977); keep nextIndex (526) unchanged and retry.
2025-04-23 15:47:36,892 [grpc-default-executor-4] WARN  server.GrpcLogAppender (GrpcLogAppender.java:lambda$resetClient$1(221)) - omNode-1@group-523986131536->omNode-3-GrpcLogAppender: Follower failed (request=null, errorCount=979); keep nextIndex (527) unchanged and retry.
2025-04-23 15:47:36,904 [grpc-default-executor-4] WARN  server.GrpcLogAppender (GrpcLogAppender.java:lambda$resetClient$1(221)) - omNode-1@group-523986131536->omNode-3-GrpcLogAppender: Follower failed (request=null, errorCount=981); keep nextIndex (528) unchanged and retry.
2025-04-23 15:47:36,906 [grpc-default-executor-4] WARN  server.GrpcLogAppender (GrpcLogAppender.java:lambda$resetClient$1(221)) - omNode-1@group-523986131536->omNode-3-GrpcLogAppender: Follower failed (request=null, errorCount=983); keep nextIndex (529) unchanged and retry.
2025-04-23 15:47:36,912 [grpc-default-executor-5] WARN  server.GrpcLogAppender (GrpcLogAppender.java:lambda$resetClient$1(221)) - omNode-1@group-523986131536->omNode-3-GrpcLogAppender: Follower failed (request=null, errorCount=985); keep nextIndex (530) unchanged and retry.
2025-04-23 15:47:36,914 [grpc-default-executor-2] WARN  server.GrpcLogAppender (GrpcLogAppender.java:lambda$resetClient$1(221)) - omNode-1@group-523986131536->omNode-3-GrpcLogAppender: Follower failed (request=null, errorCount=987); keep nextIndex (531) unchanged and retry.
2025-04-23 15:47:36,921 [grpc-default-executor-5] WARN  server.GrpcLogAppender (GrpcLogAppender.java:lambda$resetClient$1(221)) - omNode-1@group-523986131536->omNode-3-GrpcLogAppender: Follower failed (request=null, errorCount=989); keep nextIndex (532) unchanged and retry.
2025-04-23 15:47:36,924 [grpc-default-executor-5] WARN  server.GrpcLogAppender (GrpcLogAppender.java:lambda$resetClient$1(221)) - omNode-1@group-523986131536->omNode-3-GrpcLogAppender: Follower failed (request=null, errorCount=991); keep nextIndex (533) unchanged and retry.
2025-04-23 15:47:36,929 [grpc-default-executor-2] WARN  server.GrpcLogAppender (GrpcLogAppender.java:lambda$resetClient$1(221)) - omNode-1@group-523986131536->omNode-3-GrpcLogAppender: Follower failed (request=null, errorCount=993); keep nextIndex (534) unchanged and retry.
2025-04-23 15:47:36,931 [grpc-default-executor-5] WARN  server.GrpcLogAppender (GrpcLogAppender.java:lambda$resetClient$1(221)) - omNode-1@group-523986131536->omNode-3-GrpcLogAppender: Follower failed (request=null, errorCount=995); keep nextIndex (535) unchanged and retry.
2025-04-23 15:47:36,938 [grpc-default-executor-4] WARN  server.GrpcLogAppender (GrpcLogAppender.java:lambda$resetClient$1(221)) - omNode-1@group-523986131536->omNode-3-GrpcLogAppender: Follower failed (request=null, errorCount=997); keep nextIndex (536) unchanged and retry.
2025-04-23 15:47:36,940 [grpc-default-executor-2] WARN  server.GrpcLogAppender (GrpcLogAppender.java:lambda$resetClient$1(221)) - omNode-1@group-523986131536->omNode-3-GrpcLogAppender: Follower failed (request=null, errorCount=999); keep nextIndex (537) unchanged and retry.
2025-04-23 15:47:36,946 [grpc-default-executor-2] WARN  server.GrpcLogAppender (GrpcLogAppender.java:lambda$resetClient$1(221)) - omNode-1@group-523986131536->omNode-3-GrpcLogAppender: Follower failed (request=null, errorCount=1001); keep nextIndex (538) unchanged and retry.
2025-04-23 15:47:36,948 [grpc-default-executor-4] WARN  server.GrpcLogAppender (GrpcLogAppender.java:lambda$resetClient$1(221)) - omNode-1@group-523986131536->omNode-3-GrpcLogAppender: Follower failed (request=null, errorCount=1003); keep nextIndex (539) unchanged and retry.
2025-04-23 15:47:36,956 [grpc-default-executor-2] WARN  server.GrpcLogAppender (GrpcLogAppender.java:lambda$resetClient$1(221)) - omNode-1@group-523986131536->omNode-3-GrpcLogAppender: Follower failed (request=null, errorCount=1005); keep nextIndex (540) unchanged and retry.
2025-04-23 15:47:36,958 [grpc-default-executor-4] WARN  server.GrpcLogAppender (GrpcLogAppender.java:lambda$resetClient$1(221)) - omNode-1@group-523986131536->omNode-3-GrpcLogAppender: Follower failed (request=null, errorCount=1007); keep nextIndex (541) unchanged and retry.
2025-04-23 15:47:36,965 [grpc-default-executor-2] WARN  server.GrpcLogAppender (GrpcLogAppender.java:lambda$resetClient$1(221)) - omNode-1@group-523986131536->omNode-3-GrpcLogAppender: Follower failed (request=null, errorCount=1011); keep nextIndex (543) unchanged and retry.
2025-04-23 15:47:36,974 [grpc-default-executor-2] WARN  server.GrpcLogAppender (GrpcLogAppender.java:lambda$resetClient$1(221)) - omNode-1@group-523986131536->omNode-3-GrpcLogAppender: Follower failed (request=null, errorCount=1013); keep nextIndex (544) unchanged and retry.
2025-04-23 15:47:36,975 [grpc-default-executor-2] WARN  server.GrpcLogAppender (GrpcLogAppender.java:lambda$resetClient$1(221)) - omNode-1@group-523986131536->omNode-3-GrpcLogAppender: Follower failed (request=null, errorCount=1015); keep nextIndex (545) unchanged and retry.
2025-04-23 15:47:36,982 [main] INFO  om.OzoneManager (OzoneManager.java:restart(1878)) - OzoneManager RPC server is listening at localhost/127.0.0.1:15056
2025-04-23 15:47:36,983 [main] INFO  impl.MetricsSystemImpl (MetricsSystemImpl.java:init(158)) - OzoneManager metrics system started (again)
2025-04-23 15:47:36,998 [main] WARN  server.ServerUtils (ServerUtils.java:getDBPath(297)) - ozone.om.db.dirs is not configured. We recommend adding this setting. Falling back to ozone.metadata.dirs instead.
2025-04-23 15:47:37,047 [main] INFO  om.OzoneManager (OzoneManager.java:instantiateServices(933)) - S3 Multi-Tenancy is disabled
2025-04-23 15:47:37,047 [main] INFO  om.OmSnapshotManager (OmSnapshotManager.java:<init>(180)) - Ozone filesystem snapshot feature is enabled.
2025-04-23 15:47:37,048 [main] WARN  server.ServerUtils (ServerUtils.java:getDBPath(297)) - ozone.om.snapshot.diff.db.dir is not configured. We recommend adding this setting. Falling back to ozone.metadata.dirs instead.
2025-04-23 15:47:37,066 [main] WARN  server.ServerUtils (ServerUtils.java:getDefaultRatisDirectory(309)) - Storage directory for Ratis is not configured. It is a good idea to map this to an SSD disk. Falling back to ozone.metadata.dirs
2025-04-23 15:47:37,066 [main] INFO  server.RaftServerConfigKeys (ConfUtils.java:logGet(46)) - raft.server.log.appender.buffer.byte-limit = 4194304 (custom)
2025-04-23 15:47:37,067 [main] INFO  ratis.OzoneManagerRatisServer (OzoneManagerRatisServer.java:<init>(167)) - Instantiating OM Ratis server with groupID: om-service-test1 and peers: localhost:15059, localhost:15051, localhost:15055
2025-04-23 15:47:37,067 [main] INFO  ratis.OzoneManagerStateMachine (OzoneManagerStateMachine.java:loadSnapshotInfoFromDB(611)) - LastAppliedIndex is set from TransactionInfo from OM DB as (t:1, i:43)
2025-04-23 15:47:37,068 [main] INFO  server.RaftServer (ConfUtils.java:logGet(46)) - raft.rpc.type = GRPC (default)
2025-04-23 15:47:37,068 [main] INFO  grpc.GrpcConfigKeys (ConfUtils.java:logFallback(53)) - raft.grpc.admin.host = null (fallback to raft.grpc.server.host)
2025-04-23 15:47:37,068 [main] INFO  grpc.GrpcConfigKeys (ConfUtils.java:logFallback(53)) - raft.grpc.admin.port = 15059 (fallback to raft.grpc.server.port)
2025-04-23 15:47:37,068 [main] INFO  grpc.GrpcConfigKeys (ConfUtils.java:logFallback(53)) - raft.grpc.client.host = null (fallback to raft.grpc.server.host)
2025-04-23 15:47:37,068 [main] INFO  grpc.GrpcConfigKeys (ConfUtils.java:logFallback(53)) - raft.grpc.client.port = 15059 (fallback to raft.grpc.server.port)
2025-04-23 15:47:37,068 [main] INFO  grpc.GrpcConfigKeys (ConfUtils.java:logGet(46)) - raft.grpc.server.host = null (default)
2025-04-23 15:47:37,068 [main] INFO  grpc.GrpcConfigKeys (ConfUtils.java:logGet(46)) - raft.grpc.server.port = 15059 (custom)
2025-04-23 15:47:37,068 [main] INFO  server.GrpcService (ConfUtils.java:logGet(46)) - raft.grpc.message.size.max = 5242880 (custom)
2025-04-23 15:47:37,068 [main] INFO  server.GrpcService (ConfUtils.java:logGet(46)) - raft.grpc.flow.control.window = 1MB (=1048576) (default)
2025-04-23 15:47:37,068 [main] INFO  server.RaftServerConfigKeys (ConfUtils.java:logGet(46)) - raft.server.rpc.request.timeout = 3000ms (default)
2025-04-23 15:47:37,069 [main] INFO  grpc.GrpcConfigKeys (ConfUtils.java:logGet(46)) - raft.grpc.server.heartbeat.channel = true (default)
2025-04-23 15:47:37,069 [main] INFO  server.RaftServerConfigKeys (ConfUtils.java:logGet(46)) - raft.server.log.appender.buffer.byte-limit = 4194304 (custom)
2025-04-23 15:47:37,069 [main] INFO  grpc.GrpcConfigKeys (ConfUtils.java:logGet(46)) - raft.grpc.server.async.request.thread.pool.cached = true (default)
2025-04-23 15:47:37,069 [main] INFO  grpc.GrpcConfigKeys (ConfUtils.java:logGet(46)) - raft.grpc.server.async.request.thread.pool.size = 32 (default)
2025-04-23 15:47:37,069 [main] INFO  impl.DataStreamServerImpl (ConfUtils.java:logGet(46)) - raft.datastream.type = DISABLED (default)
2025-04-23 15:47:37,070 [main] INFO  server.RaftServerConfigKeys (ConfUtils.java:logGet(46)) - raft.server.sleep.deviation.threshold = 300ms (default)
2025-04-23 15:47:37,070 [main] INFO  server.RaftServerConfigKeys (ConfUtils.java:logGet(46)) - raft.server.close.threshold = 60s (default)
2025-04-23 15:47:37,070 [main] INFO  server.RaftServerConfigKeys (ConfUtils.java:logGet(46)) - raft.server.leaderelection.leader.step-down.wait-time = 10s (default)
2025-04-23 15:47:37,070 [main] INFO  server.RaftServerConfigKeys (ConfUtils.java:logGet(46)) - raft.server.storage.dir = [/home/runner/work/ozone/ozone/hadoop-ozone/integration-test/target/test-dir/MiniOzoneClusterImpl-11ed033c-ec90-4580-9385-902e6658689d/omNode-3/ratis] (custom)
2025-04-23 15:47:37,070 [main] INFO  server.RaftServerConfigKeys (ConfUtils.java:logGet(46)) - raft.server.threadpool.proxy.cached = true (default)
2025-04-23 15:47:37,070 [main] INFO  server.RaftServerConfigKeys (ConfUtils.java:logGet(46)) - raft.server.threadpool.proxy.size = 0 (default)
2025-04-23 15:47:37,070 [omNode-3-impl-thread1] INFO  server.RaftServer (RaftServerProxy.java:initGroupDir(265)) - omNode-3: found a subdirectory /home/runner/work/ozone/ozone/hadoop-ozone/integration-test/target/test-dir/MiniOzoneClusterImpl-11ed033c-ec90-4580-9385-902e6658689d/omNode-3/ratis/c9bc4cf4-3bc3-3c60-a66b-523986131536
2025-04-23 15:47:37,071 [main] INFO  server.RaftServer (RaftServerProxy.java:addNew(100)) - omNode-3: addNew group-523986131536:[omNode-3|localhost:15059, omNode-1|localhost:15051, omNode-2|localhost:15055] returns group-523986131536:java.util.concurrent.CompletableFuture@3cc2520f[Not completed]
2025-04-23 15:47:37,071 [main] INFO  om.OzoneManager (OzoneManager.java:initializeRatisServer(2303)) - OzoneManager Ratis server initialized at port 15059
2025-04-23 15:47:37,071 [omNode-3-groupManagement] INFO  server.RaftServer$Division (RaftServerImpl.java:<init>(255)) - omNode-3: new RaftServerImpl for group-523986131536:[omNode-3|localhost:15059, omNode-1|localhost:15051, omNode-2|localhost:15055] with OzoneManagerStateMachine:uninitialized
2025-04-23 15:47:37,071 [omNode-3-groupManagement] INFO  server.RaftServerConfigKeys (ConfUtils.java:logGet(46)) - raft.server.rpc.timeout.min = 1s (custom)
2025-04-23 15:47:37,071 [omNode-3-groupManagement] INFO  server.RaftServerConfigKeys (ConfUtils.java:logGet(46)) - raft.server.rpc.timeout.max = 1200ms (custom)
2025-04-23 15:47:37,071 [main] INFO  ratis.OzoneManagerRatisServer (OzoneManagerRatisServer.java:start(628)) - Starting OzoneManagerRatisServer omNode-3 at port 15059
2025-04-23 15:47:37,071 [omNode-3-groupManagement] INFO  server.RaftServerConfigKeys (ConfUtils.java:logGet(46)) - raft.server.rpc.sleep.time = 25ms (default)
2025-04-23 15:47:37,071 [omNode-3-groupManagement] INFO  server.RaftServerConfigKeys (ConfUtils.java:logGet(46)) - raft.server.rpc.slowness.timeout = 2s (custom)
2025-04-23 15:47:37,071 [omNode-3-groupManagement] INFO  server.RaftServerConfigKeys (ConfUtils.java:logGet(46)) - raft.server.leaderelection.leader.step-down.wait-time = 10s (default)
2025-04-23 15:47:37,071 [omNode-3-groupManagement] INFO  server.RaftServerConfigKeys (ConfUtils.java:logGet(46)) - raft.server.leaderelection.member.majority-add = false (default)
2025-04-23 15:47:37,071 [omNode-3-groupManagement] INFO  server.RaftServerConfigKeys (ConfUtils.java:logGet(46)) - raft.server.sleep.deviation.threshold = 300ms (default)
2025-04-23 15:47:37,071 [omNode-3-groupManagement] INFO  server.RaftServer$Division (ServerState.java:<init>(114)) - omNode-3@group-523986131536: ConfigurationManager, init=conf: {index: -1, cur=peers:[omNode-3|localhost:15059, omNode-1|localhost:15051, omNode-2|localhost:15055]|listeners:[], old=null}, confs=<EMPTY_MAP>
2025-04-23 15:47:37,071 [omNode-3-groupManagement] INFO  server.RaftServerConfigKeys (ConfUtils.java:logGet(46)) - raft.server.notification.no-leader.timeout = 2s (custom)
2025-04-23 15:47:37,071 [omNode-3-groupManagement] INFO  server.RaftServerConfigKeys (ConfUtils.java:logGet(46)) - raft.server.read.timeout = 10s (default)
2025-04-23 15:47:37,071 [omNode-3-groupManagement] INFO  server.RaftServerConfigKeys (ConfUtils.java:logGet(46)) - raft.server.retrycache.expirytime = 30000ms (custom)
2025-04-23 15:47:37,071 [omNode-3-groupManagement] INFO  server.RaftServerConfigKeys (ConfUtils.java:logGet(46)) - raft.server.retrycache.statistics.expirytime = 100ms (default)
2025-04-23 15:47:37,072 [omNode-3-groupManagement] INFO  server.RaftServerConfigKeys (ConfUtils.java:logGet(46)) - raft.server.read.option = DEFAULT (default)
2025-04-23 15:47:37,072 [omNode-3-groupManagement] INFO  server.RaftServerConfigKeys (ConfUtils.java:logGet(46)) - raft.server.read.read-after-write-consistent.write-index-cache.expiry-time = 60s (default)
2025-04-23 15:47:37,073 [omNode-3-groupManagement] INFO  server.RaftServerConfigKeys (ConfUtils.java:logGet(46)) - raft.server.rpc.request.timeout = 3000ms (default)
2025-04-23 15:47:37,073 [omNode-3-groupManagement] INFO  server.RaftServerConfigKeys (ConfUtils.java:logGet(46)) - raft.server.log.appender.install.snapshot.enabled = false (custom)
2025-04-23 15:47:37,073 [omNode-3-groupManagement] INFO  server.RaftServerConfigKeys (ConfUtils.java:logGet(46)) - raft.server.threadpool.server.cached = true (default)
2025-04-23 15:47:37,073 [omNode-3-groupManagement] INFO  server.RaftServerConfigKeys (ConfUtils.java:logGet(46)) - raft.server.threadpool.server.size = 0 (default)
2025-04-23 15:47:37,073 [omNode-3-groupManagement] INFO  server.RaftServerConfigKeys (ConfUtils.java:logGet(46)) - raft.server.threadpool.client.cached = true (default)
2025-04-23 15:47:37,073 [omNode-3-groupManagement] INFO  server.RaftServerConfigKeys (ConfUtils.java:logGet(46)) - raft.server.threadpool.client.size = 0 (default)
2025-04-23 15:47:37,074 [omNode-3-impl-thread1] INFO  server.RaftServerConfigKeys (ConfUtils.java:logGet(46)) - raft.server.storage.free-space.min = 0MB (=0) (default)
2025-04-23 15:47:37,074 [omNode-3-impl-thread1] INFO  server.RaftServerConfigKeys (ConfUtils.java:logGet(46)) - raft.server.log.corruption.policy = EXCEPTION (default)
2025-04-23 15:47:37,074 [omNode-3-impl-thread1] INFO  server.RaftServerConfigKeys (ConfUtils.java:logGet(46)) - raft.server.storage.dir = [/home/runner/work/ozone/ozone/hadoop-ozone/integration-test/target/test-dir/MiniOzoneClusterImpl-11ed033c-ec90-4580-9385-902e6658689d/omNode-3/ratis] (custom)
2025-04-23 15:47:37,074 [omNode-3-impl-thread1] INFO  storage.RaftStorageDirectory (RaftStorageDirectoryImpl.java:tryLock(229)) - Lock on /home/runner/work/ozone/ozone/hadoop-ozone/integration-test/target/test-dir/MiniOzoneClusterImpl-11ed033c-ec90-4580-9385-902e6658689d/omNode-3/ratis/c9bc4cf4-3bc3-3c60-a66b-523986131536/in_use.lock acquired by nodename 129659@fv-az1337-835
2025-04-23 15:47:37,075 [omNode-3-impl-thread1] INFO  storage.RaftStorage (RaftStorageImpl.java:analyzeAndRecoverStorage(118)) - Read RaftStorageMetadata{term=1, votedFor=} from /home/runner/work/ozone/ozone/hadoop-ozone/integration-test/target/test-dir/MiniOzoneClusterImpl-11ed033c-ec90-4580-9385-902e6658689d/omNode-3/ratis/c9bc4cf4-3bc3-3c60-a66b-523986131536/current/raft-meta
2025-04-23 15:47:37,075 [omNode-3-impl-thread1] INFO  server.RaftServer$Division (ServerState.java:setRaftConf(386)) - omNode-3@group-523986131536: set configuration conf: {index: 0, cur=peers:[omNode-3|localhost:15059, omNode-1|localhost:15051, omNode-2|localhost:15055]|listeners:[], old=null}
2025-04-23 15:47:37,075 [omNode-3-impl-thread1] INFO  ratis.OzoneManagerStateMachine (OzoneManagerStateMachine.java:lambda$0(138)) - omNode-3: initialize group-523986131536 with (t:1, i:43)
2025-04-23 15:47:37,075 [omNode-3-impl-thread1] INFO  server.RaftServerConfigKeys (ConfUtils.java:logGet(46)) - raft.server.log.use.memory = false (default)
2025-04-23 15:47:37,075 [omNode-3-impl-thread1] INFO  server.RaftServerConfigKeys (ConfUtils.java:logGet(46)) - raft.server.log.purge.gap = 50 (custom)
2025-04-23 15:47:37,075 [omNode-3-impl-thread1] INFO  server.RaftServerConfigKeys (ConfUtils.java:logGet(46)) - raft.server.log.appender.buffer.byte-limit = 4194304 (custom)
2025-04-23 15:47:37,076 [omNode-3-impl-thread1] INFO  server.RaftServerConfigKeys (ConfUtils.java:logGet(46)) - raft.server.log.statemachine.data.read.timeout = 1000ms (default)
2025-04-23 15:47:37,076 [omNode-3-impl-thread1] INFO  server.RaftServerConfigKeys (ConfUtils.java:logGet(46)) - raft.server.log.purge.preservation.log.num = 0 (default)
2025-04-23 15:47:37,076 [omNode-3-impl-thread1] INFO  server.RaftServerConfigKeys (ConfUtils.java:logGet(46)) - raft.server.log.segment.size.max = 4194304 (custom)
2025-04-23 15:47:37,077 [omNode-3-impl-thread1] INFO  server.RaftServerConfigKeys (ConfUtils.java:logGet(46)) - raft.server.log.segment.cache.num.max = 2 (custom)
2025-04-23 15:47:37,077 [omNode-3-impl-thread1] INFO  server.RaftServerConfigKeys (ConfUtils.java:logGet(46)) - raft.server.log.segment.cache.size.max = 200MB (=209715200) (default)
2025-04-23 15:47:37,077 [omNode-3-impl-thread1] INFO  server.RaftServerConfigKeys (ConfUtils.java:logGet(46)) - raft.server.log.appender.buffer.byte-limit = 4194304 (custom)
2025-04-23 15:47:37,077 [omNode-3-impl-thread1] INFO  util.AwaitToRun (AwaitToRun.java:start(81)) - Thread[#10430,omNode-3@group-523986131536-cacheEviction-AwaitToRun,5,main] started
2025-04-23 15:47:37,077 [omNode-3-impl-thread1] INFO  segmented.SegmentedRaftLogWorker (SegmentedRaftLogWorker.java:<init>(188)) - new omNode-3@group-523986131536-SegmentedRaftLogWorker for RaftStorageImpl:Storage Directory /home/runner/work/ozone/ozone/hadoop-ozone/integration-test/target/test-dir/MiniOzoneClusterImpl-11ed033c-ec90-4580-9385-902e6658689d/omNode-3/ratis/c9bc4cf4-3bc3-3c60-a66b-523986131536
2025-04-23 15:47:37,077 [omNode-3-impl-thread1] INFO  server.RaftServerConfigKeys (ConfUtils.java:logGet(46)) - raft.server.log.queue.byte-limit = 64MB (=67108864) (default)
2025-04-23 15:47:37,077 [omNode-3-impl-thread1] INFO  server.RaftServerConfigKeys (ConfUtils.java:logGet(46)) - raft.server.log.queue.element-limit = 4096 (default)
2025-04-23 15:47:37,077 [omNode-3-impl-thread1] INFO  server.RaftServerConfigKeys (ConfUtils.java:logGet(46)) - raft.server.log.segment.size.max = 4194304 (custom)
2025-04-23 15:47:37,077 [omNode-3-impl-thread1] INFO  server.RaftServerConfigKeys (ConfUtils.java:logGet(46)) - raft.server.log.preallocated.size = 4194304 (custom)
2025-04-23 15:47:37,077 [omNode-3-impl-thread1] INFO  server.RaftServerConfigKeys (ConfUtils.java:logGet(46)) - raft.server.log.force.sync.num = 128 (default)
2025-04-23 15:47:37,077 [omNode-3-impl-thread1] INFO  server.RaftServerConfigKeys (ConfUtils.java:logGet(46)) - raft.server.log.statemachine.data.sync = true (default)
2025-04-23 15:47:37,077 [omNode-3-impl-thread1] INFO  server.RaftServerConfigKeys (ConfUtils.java:logGet(46)) - raft.server.log.statemachine.data.sync.timeout = 10s (default)
2025-04-23 15:47:37,077 [omNode-3-impl-thread1] INFO  server.RaftServerConfigKeys (ConfUtils.java:logGet(46)) - raft.server.log.statemachine.data.sync.timeout.retry = -1 (default)
2025-04-23 15:47:37,078 [omNode-3-impl-thread1] INFO  server.RaftServerConfigKeys (ConfUtils.java:logGet(46)) - raft.server.log.write.buffer.size = 4194312 (custom)
2025-04-23 15:47:37,078 [omNode-3-impl-thread1] INFO  server.RaftServerConfigKeys (ConfUtils.java:logGet(46)) - raft.server.log.appender.buffer.byte-limit = 4194304 (custom)
2025-04-23 15:47:37,078 [omNode-3-impl-thread1] INFO  server.RaftServerConfigKeys (ConfUtils.java:logGet(46)) - raft.server.log.unsafe-flush.enabled = false (default)
2025-04-23 15:47:37,078 [omNode-3-impl-thread1] INFO  server.RaftServerConfigKeys (ConfUtils.java:logGet(46)) - raft.server.log.async-flush.enabled = false (default)
2025-04-23 15:47:37,078 [omNode-3-impl-thread1] INFO  server.RaftServerConfigKeys (ConfUtils.java:logGet(46)) - raft.server.log.statemachine.data.caching.enabled = false (default)
2025-04-23 15:47:37,079 [omNode-3-impl-thread1] INFO  server.RaftServer$Division (ServerState.java:setRaftConf(386)) - omNode-3@group-523986131536: set configuration conf: {index: 0, cur=peers:[omNode-3|localhost:15059, omNode-1|localhost:15051, omNode-2|localhost:15055]|listeners:[], old=null}
2025-04-23 15:47:37,079 [omNode-3-impl-thread1] INFO  segmented.LogSegment (LogSegment.java:loadSegment(171)) - Successfully read 45 entries from segment file /home/runner/work/ozone/ozone/hadoop-ozone/integration-test/target/test-dir/MiniOzoneClusterImpl-11ed033c-ec90-4580-9385-902e6658689d/omNode-3/ratis/c9bc4cf4-3bc3-3c60-a66b-523986131536/current/log_inprogress_0
2025-04-23 15:47:37,079 [omNode-3-impl-thread1] INFO  segmented.SegmentedRaftLogWorker (SegmentedRaftLogWorker.java:lambda$new$0(139)) - omNode-3@group-523986131536-SegmentedRaftLogWorker: flushIndex: setUnconditionally 0 -> 44
2025-04-23 15:47:37,079 [omNode-3-impl-thread1] INFO  segmented.SegmentedRaftLogWorker (SegmentedRaftLogWorker.java:lambda$new$0(139)) - omNode-3@group-523986131536-SegmentedRaftLogWorker: safeCacheEvictIndex: setUnconditionally 0 -> -1
2025-04-23 15:47:37,079 [omNode-3-impl-thread1] INFO  segmented.BufferedWriteChannel (BufferedWriteChannel.java:open(61)) - open log_inprogress_0 (append) at position 12810
2025-04-23 15:47:37,079 [omNode-3-impl-thread1] INFO  server.RaftServer$Division (RaftServerImpl.java:start(391)) - omNode-3@group-523986131536: start as a follower, conf=conf: {index: 0, cur=peers:[omNode-3|localhost:15059, omNode-1|localhost:15051, omNode-2|localhost:15055]|listeners:[], old=null}
2025-04-23 15:47:37,079 [omNode-3-impl-thread1] INFO  server.RaftServer$Division (RaftServerImpl.java:setRole(378)) - omNode-3@group-523986131536: changes role from      null to FOLLOWER at term 1 for startAsFollower
2025-04-23 15:47:37,079 [omNode-3-impl-thread1] INFO  impl.RoleInfo (RoleInfo.java:updateAndGet(148)) - omNode-3: start omNode-3@group-523986131536-FollowerState
2025-04-23 15:47:37,080 [omNode-3-impl-thread1] INFO  util.JmxRegister (JmxRegister.java:tryRegister(44)) - Successfully registered JMX Bean with object name Ratis:service=RaftServer,group=group-523986131536,id=omNode-3
2025-04-23 15:47:37,080 [omNode-3-impl-thread1] INFO  util.JmxRegister (JmxRegister.java:register(58)) - register mxBean class org.apache.ratis.server.impl.RaftServerJmxAdapter as Ratis:service=RaftServer,group=group-523986131536,id=omNode-3
2025-04-23 15:47:37,080 [omNode-3-impl-thread1] INFO  server.RaftServerConfigKeys (ConfUtils.java:logGet(46)) - raft.server.snapshot.trigger-when-stop.enabled = true (default)
2025-04-23 15:47:37,080 [omNode-3-impl-thread1] INFO  server.RaftServerConfigKeys (ConfUtils.java:logGet(46)) - raft.server.snapshot.trigger-when-remove.enabled = true (default)
2025-04-23 15:47:37,080 [omNode-3-impl-thread1] INFO  server.RaftServerConfigKeys (ConfUtils.java:logGet(46)) - raft.server.snapshot.auto.trigger.enabled = true (custom)
2025-04-23 15:47:37,080 [omNode-3-impl-thread1] INFO  server.RaftServerConfigKeys (ConfUtils.java:logGet(46)) - raft.server.snapshot.auto.trigger.threshold = 50 (custom)
2025-04-23 15:47:37,080 [omNode-3-impl-thread1] INFO  server.RaftServerConfigKeys (ConfUtils.java:logGet(46)) - raft.server.snapshot.retention.file.num = -1 (default)
2025-04-23 15:47:37,080 [omNode-3-impl-thread1] INFO  server.RaftServerConfigKeys (ConfUtils.java:logGet(46)) - raft.server.log.purge.upto.snapshot.index = true (custom)
2025-04-23 15:47:37,080 [omNode-3@group-523986131536-FollowerState] INFO  server.RaftServerConfigKeys (ConfUtils.java:logFallback(53)) - raft.server.rpc.first-election.timeout.min = 1s (fallback to raft.server.rpc.timeout.min)
2025-04-23 15:47:37,080 [omNode-3@group-523986131536-FollowerState] INFO  server.RaftServerConfigKeys (ConfUtils.java:logFallback(53)) - raft.server.rpc.first-election.timeout.max = 1200ms (fallback to raft.server.rpc.timeout.max)
2025-04-23 15:47:37,080 [omNode-3-impl-thread1] INFO  server.RaftServer$Division (RaftServerImpl.java:start(405)) - omNode-3@group-523986131536: Successfully started.
2025-04-23 15:47:37,081 [main] INFO  server.RaftServer (RaftServerProxy.java:startImpl(407)) - omNode-3: start RPC server
2025-04-23 15:47:37,081 [main] INFO  server.GrpcService (GrpcService.java:startImpl(334)) - omNode-3: GrpcService started, listening on 15059
2025-04-23 15:47:37,081 [main] INFO  om.OzoneManager (OzoneManager.java:getRpcServer(1360)) - Creating RPC Server
2025-04-23 15:47:37,081 [JvmPauseMonitor49] INFO  util.JvmPauseMonitor (JvmPauseMonitor.java:run(146)) - JvmPauseMonitor-omNode-3: Started
2025-04-23 15:47:37,438 [main] INFO  reflections.Reflections (Reflections.java:scan(219)) - Reflections took 356 ms to scan 22 urls, producing 61 keys and 7422 values
2025-04-23 15:47:37,439 [main] INFO  ipc.CallQueueManager (CallQueueManager.java:<init>(93)) - Using callQueue: class java.util.concurrent.LinkedBlockingQueue, queueCapacity: 2000, scheduler: class org.apache.hadoop.ipc.DefaultRpcScheduler, ipcBackoff: false, ipcFailOver: false.
2025-04-23 15:47:37,439 [main] INFO  ipc.Server (Server.java:<init>(1438)) - Listener at localhost:15056
2025-04-23 15:47:37,440 [Socket Reader #1 for port 15056] INFO  ipc.Server (Server.java:run(1474)) - Starting Socket Reader #1 for port 15056
2025-04-23 15:47:37,440 [Socket Reader #2 for port 15056] INFO  ipc.Server (Server.java:run(1474)) - Starting Socket Reader #2 for port 15056
2025-04-23 15:47:37,440 [Socket Reader #3 for port 15056] INFO  ipc.Server (Server.java:run(1474)) - Starting Socket Reader #3 for port 15056
2025-04-23 15:47:37,440 [Socket Reader #4 for port 15056] INFO  ipc.Server (Server.java:run(1474)) - Starting Socket Reader #4 for port 15056
2025-04-23 15:47:37,440 [Socket Reader #5 for port 15056] INFO  ipc.Server (Server.java:run(1474)) - Starting Socket Reader #5 for port 15056
2025-04-23 15:47:37,440 [Socket Reader #6 for port 15056] INFO  ipc.Server (Server.java:run(1474)) - Starting Socket Reader #6 for port 15056
2025-04-23 15:47:37,441 [Socket Reader #7 for port 15056] INFO  ipc.Server (Server.java:run(1474)) - Starting Socket Reader #7 for port 15056
2025-04-23 15:47:37,441 [Socket Reader #8 for port 15056] INFO  ipc.Server (Server.java:run(1474)) - Starting Socket Reader #8 for port 15056
2025-04-23 15:47:37,441 [Socket Reader #9 for port 15056] INFO  ipc.Server (Server.java:run(1474)) - Starting Socket Reader #9 for port 15056
2025-04-23 15:47:37,441 [Socket Reader #10 for port 15056] INFO  ipc.Server (Server.java:run(1474)) - Starting Socket Reader #10 for port 15056
2025-04-23 15:47:37,443 [main] INFO  http.BaseHttpServer (BaseHttpServer.java:newHttpServer2BuilderForOzone(229)) - Starting Web-server for ozoneManager at: http://0.0.0.0:15057
2025-04-23 15:47:37,443 [main] INFO  http.BaseHttpServer (BaseHttpServer.java:<init>(107)) - Hadoop Security Enabled: false Ozone Security Enabled: false Ozone HTTP Security Enabled: false 
2025-04-23 15:47:37,444 [main] WARN  server.AuthenticationFilter (AuthenticationFilter.java:constructSecretProvider(240)) - Unable to initialize FileSignerSecretProvider, falling back to use random secrets. Reason: Could not read signature secret file: /home/runner/hadoop-http-auth-signature-secret
2025-04-23 15:47:37,446 [main] INFO  http.HttpServer2 (HttpServer2.java:addGlobalFilter(1041)) - Added global filter 'safety' (class=org.apache.hadoop.hdds.server.http.HttpServer2$QuotingInputFilter)
2025-04-23 15:47:37,446 [main] INFO  http.HttpServer2 (HttpServer2.java:addFilter(1017)) - Added filter static_user_filter (class=org.apache.hadoop.http.lib.StaticUserWebFilter$StaticUserFilter) to context ozoneManager
2025-04-23 15:47:37,446 [main] INFO  http.HttpServer2 (HttpServer2.java:addFilter(1025)) - Added filter static_user_filter (class=org.apache.hadoop.http.lib.StaticUserWebFilter$StaticUserFilter) to context static
2025-04-23 15:47:37,446 [main] INFO  http.HttpServer2 (HttpServer2.java:addFilter(1025)) - Added filter static_user_filter (class=org.apache.hadoop.http.lib.StaticUserWebFilter$StaticUserFilter) to context logs
2025-04-23 15:47:37,447 [main] INFO  http.BaseHttpServer (BaseHttpServer.java:<init>(195)) - HTTP server of ozoneManager uses base directory /home/runner/work/ozone/ozone/hadoop-ozone/integration-test/target/test-dir/MiniOzoneClusterImpl-11ed033c-ec90-4580-9385-902e6658689d/omNode-3/webserver
2025-04-23 15:47:37,447 [main] INFO  http.HttpServer2 (HttpServer2.java:bindListener(1241)) - Jetty bound to port 15057
2025-04-23 15:47:37,447 [main] INFO  server.Server (Server.java:doStart(375)) - jetty-9.4.57.v20241219; built: 2025-01-08T21:24:30.412Z; git: df524e6b29271c2e09ba9aea83c18dc9db464a31; jvm 21.0.7+6-LTS
2025-04-23 15:47:37,448 [main] INFO  server.session (DefaultSessionIdManager.java:doStart(334)) - DefaultSessionIdManager workerName=node0
2025-04-23 15:47:37,449 [main] INFO  server.session (DefaultSessionIdManager.java:doStart(339)) - No SessionScavenger set, using defaults
2025-04-23 15:47:37,449 [main] INFO  server.session (HouseKeeper.java:startScavenging(132)) - node0 Scavenging every 600000ms
2025-04-23 15:47:37,449 [main] INFO  handler.ContextHandler (ContextHandler.java:doStart(921)) - Started o.e.j.s.ServletContextHandler@a25cf5e{logs,/logs,file:///home/runner/work/ozone/ozone/hadoop-ozone/integration-test/target/log,AVAILABLE}
2025-04-23 15:47:37,450 [main] INFO  handler.ContextHandler (ContextHandler.java:doStart(921)) - Started o.e.j.s.ServletContextHandler@4c0e7d3f{static,/static,file:///home/runner/work/ozone/ozone/hadoop-ozone/integration-test/target/test-classes/webapps/static,AVAILABLE}
2025-04-23 15:47:37,454 [main] INFO  handler.ContextHandler (ContextHandler.java:doStart(921)) - Started o.e.j.w.WebAppContext@56412124{ozoneManager,/,file:///home/runner/work/ozone/ozone/hadoop-ozone/integration-test/target/test-classes/webapps/ozoneManager/,AVAILABLE}{file:/home/runner/work/ozone/ozone/hadoop-ozone/integration-test/target/test-classes/webapps/ozoneManager}
2025-04-23 15:47:37,455 [main] INFO  server.AbstractConnector (AbstractConnector.java:doStart(333)) - Started ServerConnector@3555b5d2{HTTP/1.1, (http/1.1)}{0.0.0.0:15057}
2025-04-23 15:47:37,455 [main] INFO  server.Server (Server.java:doStart(415)) - Started @192437ms
2025-04-23 15:47:37,455 [main] WARN  impl.MetricsSystemImpl (MetricsSystemImpl.java:register(279)) - Sink prometheus already exists!
2025-04-23 15:47:37,455 [main] INFO  http.BaseHttpServer (BaseHttpServer.java:updateConnectorAddress(360)) - HTTP server of ozoneManager listening at http://0.0.0.0:15057
2025-04-23 15:47:37,456 [IPC Server Responder] INFO  ipc.Server (Server.java:run(1713)) - IPC Server Responder: starting
2025-04-23 15:47:37,456 [IPC Server listener on 15056] INFO  ipc.Server (Server.java:run(1553)) - IPC Server listener on 15056: starting
2025-04-23 15:47:37,458 [main] INFO  om.OzoneManager (OzoneManager.java:startTrashEmptier(2257)) - Trash Interval set to 0. Files deleted won't move to trash
2025-04-23 15:47:38,084 [omNode-3@group-523986131536-FollowerState] INFO  impl.FollowerState (FollowerState.java:runImpl(161)) - omNode-3@group-523986131536-FollowerState: change to CANDIDATE, lastRpcElapsedTime:1004896632ns, electionTimeout:1004ms
2025-04-23 15:47:38,084 [omNode-3@group-523986131536-FollowerState] INFO  impl.RoleInfo (RoleInfo.java:shutdownFollowerState(121)) - omNode-3: shutdown omNode-3@group-523986131536-FollowerState
2025-04-23 15:47:38,085 [omNode-3@group-523986131536-FollowerState] INFO  server.RaftServer$Division (RaftServerImpl.java:setRole(378)) - omNode-3@group-523986131536: changes role from  FOLLOWER to CANDIDATE at term 1 for changeToCandidate
2025-04-23 15:47:38,085 [omNode-3@group-523986131536-FollowerState] INFO  server.RaftServerConfigKeys (ConfUtils.java:logGet(46)) - raft.server.leaderelection.pre-vote = true (default)
2025-04-23 15:47:38,085 [omNode-3@group-523986131536-FollowerState] INFO  impl.RoleInfo (RoleInfo.java:updateAndGet(148)) - omNode-3: start omNode-3@group-523986131536-LeaderElection46
2025-04-23 15:47:38,085 [omNode-3@group-523986131536-LeaderElection46] INFO  impl.LeaderElection (LeaderElection.java:askForVotes(332)) - omNode-3@group-523986131536-LeaderElection46 PRE_VOTE round 0: submit vote requests at term 1 for conf: {index: 0, cur=peers:[omNode-3|localhost:15059, omNode-1|localhost:15051, omNode-2|localhost:15055]|listeners:[], old=null}
2025-04-23 15:47:38,085 [omNode-3@group-523986131536-LeaderElection46-1] INFO  server.GrpcServerProtocolClient (GrpcServerProtocolClient.java:<init>(65)) - Build channel for omNode-1|localhost:15051
2025-04-23 15:47:38,086 [omNode-3@group-523986131536-LeaderElection46-2] INFO  server.GrpcServerProtocolClient (GrpcServerProtocolClient.java:<init>(65)) - Build channel for omNode-2|localhost:15055
2025-04-23 15:47:38,086 [omNode-3@group-523986131536-LeaderElection46] INFO  server.RaftServerConfigKeys (ConfUtils.java:logFallback(53)) - raft.server.rpc.first-election.timeout.min = 1s (fallback to raft.server.rpc.timeout.min)
2025-04-23 15:47:38,086 [omNode-3@group-523986131536-LeaderElection46] INFO  server.RaftServerConfigKeys (ConfUtils.java:logFallback(53)) - raft.server.rpc.first-election.timeout.max = 1200ms (fallback to raft.server.rpc.timeout.max)
2025-04-23 15:47:38,089 [grpc-default-executor-5] INFO  server.RaftServer$Division (RaftServerImpl.java:requestVote(1407)) - omNode-2@group-523986131536: receive requestVote(PRE_VOTE, omNode-3, group-523986131536, 1, (t:1, i:44))
2025-04-23 15:47:38,089 [grpc-default-executor-5] INFO  impl.VoteContext (VoteContext.java:log(49)) - omNode-2@group-523986131536-FOLLOWER: reject PRE_VOTE from omNode-3: this server is a follower and still has a valid leader omNode-1 different than the candidate omNode-3
2025-04-23 15:47:38,089 [grpc-default-executor-4] INFO  server.RaftServer$Division (RaftServerImpl.java:requestVote(1407)) - omNode-1@group-523986131536: receive requestVote(PRE_VOTE, omNode-3, group-523986131536, 1, (t:1, i:44))
2025-04-23 15:47:38,089 [grpc-default-executor-5] INFO  server.RaftServer$Division (RaftServerImpl.java:requestVote(1441)) - omNode-2@group-523986131536 replies to PRE_VOTE vote request: omNode-3<-omNode-2#0:FAIL-t1. Peer's state: omNode-2@group-523986131536:t1, leader=omNode-1, voted=omNode-1, raftlog=Memoized:omNode-2@group-523986131536-SegmentedRaftLog:OPENED:c544:last(t:1, i:544), conf=conf: {index: 0, cur=peers:[omNode-3|localhost:15059, omNode-1|localhost:15051, omNode-2|localhost:15055]|listeners:[], old=null}
2025-04-23 15:47:38,089 [grpc-default-executor-4] INFO  impl.VoteContext (VoteContext.java:log(49)) - omNode-1@group-523986131536-LEADER: reject PRE_VOTE from omNode-3: this server is the leader and still has leadership
2025-04-23 15:47:38,089 [grpc-default-executor-4] INFO  server.RaftServer$Division (RaftServerImpl.java:requestVote(1441)) - omNode-1@group-523986131536 replies to PRE_VOTE vote request: omNode-3<-omNode-1#0:FAIL-t1. Peer's state: omNode-1@group-523986131536:t1, leader=omNode-1, voted=omNode-1, raftlog=Memoized:omNode-1@group-523986131536-SegmentedRaftLog:OPENED:c544:last(t:1, i:544), conf=conf: {index: 0, cur=peers:[omNode-3|localhost:15059, omNode-1|localhost:15051, omNode-2|localhost:15055]|listeners:[], old=null}
2025-04-23 15:47:38,090 [omNode-3@group-523986131536-LeaderElection46] INFO  impl.LeaderElection (LeaderElection.java:logAndReturn(90)) - omNode-3@group-523986131536-LeaderElection46: PRE_VOTE REJECTED received 2 response(s) and 0 exception(s):
2025-04-23 15:47:38,090 [omNode-3@group-523986131536-LeaderElection46] INFO  impl.LeaderElection (LeaderElection.java:logAndReturn(94)) -   Response 0: omNode-3<-omNode-1#0:FAIL-t1
2025-04-23 15:47:38,090 [omNode-3@group-523986131536-LeaderElection46] INFO  impl.LeaderElection (LeaderElection.java:logAndReturn(94)) -   Response 1: omNode-3<-omNode-2#0:FAIL-t1
2025-04-23 15:47:38,090 [omNode-3@group-523986131536-LeaderElection46] INFO  impl.LeaderElection (LeaderElection.java:askForVotes(334)) - omNode-3@group-523986131536-LeaderElection46 PRE_VOTE round 0: result REJECTED
2025-04-23 15:47:38,090 [omNode-3@group-523986131536-LeaderElection46] INFO  server.RaftServer$Division (RaftServerImpl.java:setRole(378)) - omNode-3@group-523986131536: changes role from CANDIDATE to FOLLOWER at term 1 for REJECTED
2025-04-23 15:47:38,090 [omNode-3@group-523986131536-LeaderElection46] INFO  impl.RoleInfo (RoleInfo.java:shutdownLeaderElection(141)) - omNode-3: shutdown omNode-3@group-523986131536-LeaderElection46
2025-04-23 15:47:38,090 [omNode-3@group-523986131536-LeaderElection46] INFO  impl.RoleInfo (RoleInfo.java:updateAndGet(148)) - omNode-3: start omNode-3@group-523986131536-FollowerState
2025-04-23 15:47:38,090 [omNode-3@group-523986131536-LeaderElection46] INFO  server.RaftServer$Division (RaftServerImpl.java:setFirstElection(562)) - omNode-3@group-523986131536: set firstElectionSinceStartup to false for REJECTED
2025-04-23 15:47:38,392 [timer4] WARN  server.GrpcLogAppender (GrpcLogAppender.java:lambda$resetClient$1(221)) - omNode-1@group-523986131536->omNode-3-GrpcLogAppender: Follower failed (request=null, errorCount=8); keep nextIndex (45) unchanged and retry. (Repeated 8 times in the last 5.000s)
2025-04-23 15:47:38,393 [timer3] WARN  server.GrpcLogAppender (LogUtils.java:warn(121)) - omNode-1@group-523986131536->omNode-3-AppendLogResponseHandler: Failed appendEntries (Repeated 1018 times in the last 5.001s): org.apache.ratis.thirdparty.io.grpc.StatusRuntimeException: UNAVAILABLE: io exception
2025-04-23 15:47:39,188 [omNode-3@group-523986131536-FollowerState] INFO  impl.FollowerState (FollowerState.java:runImpl(161)) - omNode-3@group-523986131536-FollowerState: change to CANDIDATE, lastRpcElapsedTime:1098263244ns, electionTimeout:1098ms
2025-04-23 15:47:39,189 [omNode-3@group-523986131536-FollowerState] INFO  impl.RoleInfo (RoleInfo.java:shutdownFollowerState(121)) - omNode-3: shutdown omNode-3@group-523986131536-FollowerState
2025-04-23 15:47:39,189 [omNode-3@group-523986131536-FollowerState] INFO  server.RaftServer$Division (RaftServerImpl.java:setRole(378)) - omNode-3@group-523986131536: changes role from  FOLLOWER to CANDIDATE at term 1 for changeToCandidate
2025-04-23 15:47:39,189 [omNode-3@group-523986131536-FollowerState] INFO  server.RaftServerConfigKeys (ConfUtils.java:logGet(46)) - raft.server.leaderelection.pre-vote = true (default)
2025-04-23 15:47:39,189 [omNode-3@group-523986131536-FollowerState] INFO  impl.RoleInfo (RoleInfo.java:updateAndGet(148)) - omNode-3: start omNode-3@group-523986131536-LeaderElection47
2025-04-23 15:47:39,189 [omNode-3@group-523986131536-LeaderElection47] INFO  impl.LeaderElection (LeaderElection.java:askForVotes(332)) - omNode-3@group-523986131536-LeaderElection47 PRE_VOTE round 0: submit vote requests at term 1 for conf: {index: 0, cur=peers:[omNode-3|localhost:15059, omNode-1|localhost:15051, omNode-2|localhost:15055]|listeners:[], old=null}
2025-04-23 15:47:39,190 [grpc-default-executor-5] INFO  server.RaftServer$Division (RaftServerImpl.java:requestVote(1407)) - omNode-1@group-523986131536: receive requestVote(PRE_VOTE, omNode-3, group-523986131536, 1, (t:1, i:44))
2025-04-23 15:47:39,190 [grpc-default-executor-4] INFO  server.RaftServer$Division (RaftServerImpl.java:requestVote(1407)) - omNode-2@group-523986131536: receive requestVote(PRE_VOTE, omNode-3, group-523986131536, 1, (t:1, i:44))
2025-04-23 15:47:39,190 [grpc-default-executor-5] INFO  impl.VoteContext (VoteContext.java:log(49)) - omNode-1@group-523986131536-LEADER: reject PRE_VOTE from omNode-3: this server is the leader and still has leadership
2025-04-23 15:47:39,190 [grpc-default-executor-4] INFO  impl.VoteContext (VoteContext.java:log(49)) - omNode-2@group-523986131536-FOLLOWER: reject PRE_VOTE from omNode-3: this server is a follower and still has a valid leader omNode-1 different than the candidate omNode-3
2025-04-23 15:47:39,191 [grpc-default-executor-5] INFO  server.RaftServer$Division (RaftServerImpl.java:requestVote(1441)) - omNode-1@group-523986131536 replies to PRE_VOTE vote request: omNode-3<-omNode-1#0:FAIL-t1. Peer's state: omNode-1@group-523986131536:t1, leader=omNode-1, voted=omNode-1, raftlog=Memoized:omNode-1@group-523986131536-SegmentedRaftLog:OPENED:c544:last(t:1, i:544), conf=conf: {index: 0, cur=peers:[omNode-3|localhost:15059, omNode-1|localhost:15051, omNode-2|localhost:15055]|listeners:[], old=null}
2025-04-23 15:47:39,191 [grpc-default-executor-4] INFO  server.RaftServer$Division (RaftServerImpl.java:requestVote(1441)) - omNode-2@group-523986131536 replies to PRE_VOTE vote request: omNode-3<-omNode-2#0:FAIL-t1. Peer's state: omNode-2@group-523986131536:t1, leader=omNode-1, voted=omNode-1, raftlog=Memoized:omNode-2@group-523986131536-SegmentedRaftLog:OPENED:c544:last(t:1, i:544), conf=conf: {index: 0, cur=peers:[omNode-3|localhost:15059, omNode-1|localhost:15051, omNode-2|localhost:15055]|listeners:[], old=null}
2025-04-23 15:47:39,191 [omNode-3@group-523986131536-LeaderElection47] INFO  impl.LeaderElection (LeaderElection.java:logAndReturn(90)) - omNode-3@group-523986131536-LeaderElection47: PRE_VOTE REJECTED received 2 response(s) and 0 exception(s):
2025-04-23 15:47:39,191 [omNode-3@group-523986131536-LeaderElection47] INFO  impl.LeaderElection (LeaderElection.java:logAndReturn(94)) -   Response 0: omNode-3<-omNode-1#0:FAIL-t1
2025-04-23 15:47:39,191 [omNode-3@group-523986131536-LeaderElection47] INFO  impl.LeaderElection (LeaderElection.java:logAndReturn(94)) -   Response 1: omNode-3<-omNode-2#0:FAIL-t1
2025-04-23 15:47:39,191 [omNode-3@group-523986131536-LeaderElection47] INFO  impl.LeaderElection (LeaderElection.java:askForVotes(334)) - omNode-3@group-523986131536-LeaderElection47 PRE_VOTE round 0: result REJECTED
2025-04-23 15:47:39,191 [omNode-3@group-523986131536-LeaderElection47] INFO  server.RaftServer$Division (RaftServerImpl.java:setRole(378)) - omNode-3@group-523986131536: changes role from CANDIDATE to FOLLOWER at term 1 for REJECTED
2025-04-23 15:47:39,191 [omNode-3@group-523986131536-LeaderElection47] INFO  impl.RoleInfo (RoleInfo.java:shutdownLeaderElection(141)) - omNode-3: shutdown omNode-3@group-523986131536-LeaderElection47
2025-04-23 15:47:39,191 [omNode-3@group-523986131536-LeaderElection47] INFO  impl.RoleInfo (RoleInfo.java:updateAndGet(148)) - omNode-3: start omNode-3@group-523986131536-FollowerState
2025-04-23 15:47:39,402 [timer1] WARN  server.GrpcLogAppender (GrpcLogAppender.java:lambda$resetClient$1(221)) - omNode-1@group-523986131536->omNode-3-GrpcLogAppender: Follower failed (request=null, errorCount=10); keep nextIndex (46) unchanged and retry. (Repeated 2 times in the last 5.000s)
2025-04-23 15:47:39,403 [timer4] WARN  server.GrpcLogAppender (GrpcLogAppender.java:lambda$resetClient$1(221)) - omNode-1@group-523986131536->omNode-3-GrpcLogAppender: Follower failed (request=null, errorCount=12); keep nextIndex (47) unchanged and retry. (Repeated 2 times in the last 4.999s)
2025-04-23 15:47:39,413 [timer1] WARN  server.GrpcLogAppender (GrpcLogAppender.java:lambda$resetClient$1(221)) - omNode-1@group-523986131536->omNode-3-GrpcLogAppender: Follower failed (request=null, errorCount=14); keep nextIndex (48) unchanged and retry. (Repeated 2 times in the last 5.000s)
2025-04-23 15:47:39,414 [timer4] WARN  server.GrpcLogAppender (GrpcLogAppender.java:lambda$resetClient$1(221)) - omNode-1@group-523986131536->omNode-3-GrpcLogAppender: Follower failed (request=null, errorCount=16); keep nextIndex (49) unchanged and retry. (Repeated 2 times in the last 5.000s)
2025-04-23 15:47:39,421 [timer7] WARN  server.GrpcLogAppender (GrpcLogAppender.java:lambda$resetClient$1(221)) - omNode-1@group-523986131536->omNode-3-GrpcLogAppender: Follower failed (request=null, errorCount=18); keep nextIndex (50) unchanged and retry. (Repeated 2 times in the last 5.000s)
2025-04-23 15:47:39,423 [timer1] WARN  server.GrpcLogAppender (GrpcLogAppender.java:lambda$resetClient$1(221)) - omNode-1@group-523986131536->omNode-3-GrpcLogAppender: Follower failed (request=null, errorCount=20); keep nextIndex (51) unchanged and retry. (Repeated 2 times in the last 5.000s)
2025-04-23 15:47:39,434 [timer7] WARN  server.GrpcLogAppender (GrpcLogAppender.java:lambda$resetClient$1(221)) - omNode-1@group-523986131536->omNode-3-GrpcLogAppender: Follower failed (request=null, errorCount=22); keep nextIndex (52) unchanged and retry. (Repeated 2 times in the last 5.001s)
2025-04-23 15:47:39,435 [timer2] WARN  server.GrpcLogAppender (GrpcLogAppender.java:lambda$resetClient$1(221)) - omNode-1@group-523986131536->omNode-3-GrpcLogAppender: Follower failed (request=null, errorCount=24); keep nextIndex (53) unchanged and retry. (Repeated 2 times in the last 5.000s)
2025-04-23 15:47:39,458 [timer5] WARN  server.GrpcLogAppender (GrpcLogAppender.java:lambda$resetClient$1(221)) - omNode-1@group-523986131536->omNode-3-GrpcLogAppender: Follower failed (request=null, errorCount=26); keep nextIndex (54) unchanged and retry. (Repeated 2 times in the last 5.000s)
2025-04-23 15:47:39,461 [timer0] WARN  server.GrpcLogAppender (GrpcLogAppender.java:lambda$resetClient$1(221)) - omNode-1@group-523986131536->omNode-3-GrpcLogAppender: Follower failed (request=null, errorCount=28); keep nextIndex (55) unchanged and retry. (Repeated 2 times in the last 5.001s)
2025-04-23 15:47:39,475 [timer5] WARN  server.GrpcLogAppender (GrpcLogAppender.java:lambda$resetClient$1(221)) - omNode-1@group-523986131536->omNode-3-GrpcLogAppender: Follower failed (request=null, errorCount=30); keep nextIndex (56) unchanged and retry. (Repeated 2 times in the last 5.000s)
2025-04-23 15:47:39,477 [timer0] WARN  server.GrpcLogAppender (GrpcLogAppender.java:lambda$resetClient$1(221)) - omNode-1@group-523986131536->omNode-3-GrpcLogAppender: Follower failed (request=null, errorCount=32); keep nextIndex (57) unchanged and retry. (Repeated 2 times in the last 5.000s)
2025-04-23 15:47:39,481 [timer3] WARN  server.GrpcLogAppender (GrpcLogAppender.java:lambda$resetClient$1(221)) - omNode-1@group-523986131536->omNode-3-GrpcLogAppender: Follower failed (request=null, errorCount=34); keep nextIndex (58) unchanged and retry. (Repeated 2 times in the last 5.000s)
2025-04-23 15:47:39,483 [timer5] WARN  server.GrpcLogAppender (GrpcLogAppender.java:lambda$resetClient$1(221)) - omNode-1@group-523986131536->omNode-3-GrpcLogAppender: Follower failed (request=null, errorCount=36); keep nextIndex (59) unchanged and retry. (Repeated 2 times in the last 5.000s)
2025-04-23 15:47:39,493 [timer2] WARN  server.GrpcLogAppender (GrpcLogAppender.java:lambda$resetClient$1(221)) - omNode-1@group-523986131536->omNode-3-GrpcLogAppender: Follower failed (request=null, errorCount=38); keep nextIndex (60) unchanged and retry. (Repeated 2 times in the last 4.999s)
2025-04-23 15:47:39,495 [timer5] WARN  server.GrpcLogAppender (GrpcLogAppender.java:lambda$resetClient$1(221)) - omNode-1@group-523986131536->omNode-3-GrpcLogAppender: Follower failed (request=null, errorCount=40); keep nextIndex (61) unchanged and retry. (Repeated 2 times in the last 5.001s)
2025-04-23 15:47:39,500 [timer0] WARN  server.GrpcLogAppender (GrpcLogAppender.java:lambda$resetClient$1(221)) - omNode-1@group-523986131536->omNode-3-GrpcLogAppender: Follower failed (request=null, errorCount=42); keep nextIndex (62) unchanged and retry. (Repeated 2 times in the last 5.000s)
2025-04-23 15:47:39,502 [timer3] WARN  server.GrpcLogAppender (GrpcLogAppender.java:lambda$resetClient$1(221)) - omNode-1@group-523986131536->omNode-3-GrpcLogAppender: Follower failed (request=null, errorCount=44); keep nextIndex (63) unchanged and retry. (Repeated 2 times in the last 4.999s)
2025-04-23 15:47:39,511 [timer0] WARN  server.GrpcLogAppender (GrpcLogAppender.java:lambda$resetClient$1(221)) - omNode-1@group-523986131536->omNode-3-GrpcLogAppender: Follower failed (request=null, errorCount=46); keep nextIndex (64) unchanged and retry. (Repeated 2 times in the last 5.000s)
2025-04-23 15:47:39,514 [timer3] WARN  server.GrpcLogAppender (GrpcLogAppender.java:lambda$resetClient$1(221)) - omNode-1@group-523986131536->omNode-3-GrpcLogAppender: Follower failed (request=null, errorCount=48); keep nextIndex (65) unchanged and retry. (Repeated 2 times in the last 5.000s)
2025-04-23 15:47:39,519 [timer6] WARN  server.GrpcLogAppender (GrpcLogAppender.java:lambda$resetClient$1(221)) - omNode-1@group-523986131536->omNode-3-GrpcLogAppender: Follower failed (request=null, errorCount=50); keep nextIndex (66) unchanged and retry. (Repeated 2 times in the last 5.000s)
2025-04-23 15:47:39,522 [timer1] WARN  server.GrpcLogAppender (GrpcLogAppender.java:lambda$resetClient$1(221)) - omNode-1@group-523986131536->omNode-3-GrpcLogAppender: Follower failed (request=null, errorCount=52); keep nextIndex (67) unchanged and retry. (Repeated 2 times in the last 5.000s)
2025-04-23 15:47:39,530 [timer6] WARN  server.GrpcLogAppender (GrpcLogAppender.java:lambda$resetClient$1(221)) - omNode-1@group-523986131536->omNode-3-GrpcLogAppender: Follower failed (request=null, errorCount=54); keep nextIndex (68) unchanged and retry. (Repeated 2 times in the last 5.000s)
2025-04-23 15:47:39,531 [timer1] WARN  server.GrpcLogAppender (GrpcLogAppender.java:lambda$resetClient$1(221)) - omNode-1@group-523986131536->omNode-3-GrpcLogAppender: Follower failed (request=null, errorCount=56); keep nextIndex (69) unchanged and retry. (Repeated 2 times in the last 5.000s)
2025-04-23 15:47:39,536 [timer4] WARN  server.GrpcLogAppender (GrpcLogAppender.java:lambda$resetClient$1(221)) - omNode-1@group-523986131536->omNode-3-GrpcLogAppender: Follower failed (request=null, errorCount=58); keep nextIndex (70) unchanged and retry. (Repeated 2 times in the last 5.000s)
2025-04-23 15:47:39,539 [timer7] WARN  server.GrpcLogAppender (GrpcLogAppender.java:lambda$resetClient$1(221)) - omNode-1@group-523986131536->omNode-3-GrpcLogAppender: Follower failed (request=null, errorCount=60); keep nextIndex (71) unchanged and retry. (Repeated 2 times in the last 5.000s)
2025-04-23 15:47:39,547 [timer4] WARN  server.GrpcLogAppender (GrpcLogAppender.java:lambda$resetClient$1(221)) - omNode-1@group-523986131536->omNode-3-GrpcLogAppender: Follower failed (request=null, errorCount=62); keep nextIndex (72) unchanged and retry. (Repeated 2 times in the last 5.000s)
2025-04-23 15:47:39,548 [timer7] WARN  server.GrpcLogAppender (GrpcLogAppender.java:lambda$resetClient$1(221)) - omNode-1@group-523986131536->omNode-3-GrpcLogAppender: Follower failed (request=null, errorCount=64); keep nextIndex (73) unchanged and retry. (Repeated 2 times in the last 5.000s)
2025-04-23 15:47:39,553 [timer1] WARN  server.GrpcLogAppender (GrpcLogAppender.java:lambda$resetClient$1(221)) - omNode-1@group-523986131536->omNode-3-GrpcLogAppender: Follower failed (request=null, errorCount=66); keep nextIndex (74) unchanged and retry. (Repeated 2 times in the last 5.000s)
2025-04-23 15:47:39,555 [timer4] WARN  server.GrpcLogAppender (GrpcLogAppender.java:lambda$resetClient$1(221)) - omNode-1@group-523986131536->omNode-3-GrpcLogAppender: Follower failed (request=null, errorCount=68); keep nextIndex (75) unchanged and retry. (Repeated 2 times in the last 5.000s)
2025-04-23 15:47:39,564 [timer1] WARN  server.GrpcLogAppender (GrpcLogAppender.java:lambda$resetClient$1(221)) - omNode-1@group-523986131536->omNode-3-GrpcLogAppender: Follower failed (request=null, errorCount=70); keep nextIndex (76) unchanged and retry. (Repeated 2 times in the last 5.000s)
2025-04-23 15:47:39,566 [timer4] WARN  server.GrpcLogAppender (GrpcLogAppender.java:lambda$resetClient$1(221)) - omNode-1@group-523986131536->omNode-3-GrpcLogAppender: Follower failed (request=null, errorCount=72); keep nextIndex (77) unchanged and retry. (Repeated 2 times in the last 5.000s)
2025-04-23 15:47:39,570 [timer7] WARN  server.GrpcLogAppender (GrpcLogAppender.java:lambda$resetClient$1(221)) - omNode-1@group-523986131536->omNode-3-GrpcLogAppender: Follower failed (request=null, errorCount=74); keep nextIndex (78) unchanged and retry. (Repeated 2 times in the last 5.000s)
2025-04-23 15:47:39,572 [timer2] WARN  server.GrpcLogAppender (GrpcLogAppender.java:lambda$resetClient$1(221)) - omNode-1@group-523986131536->omNode-3-GrpcLogAppender: Follower failed (request=null, errorCount=76); keep nextIndex (79) unchanged and retry. (Repeated 2 times in the last 5.000s)
2025-04-23 15:47:39,581 [timer7] WARN  server.GrpcLogAppender (GrpcLogAppender.java:lambda$resetClient$1(221)) - omNode-1@group-523986131536->omNode-3-GrpcLogAppender: Follower failed (request=null, errorCount=78); keep nextIndex (80) unchanged and retry. (Repeated 2 times in the last 5.001s)
2025-04-23 15:47:39,582 [timer2] WARN  server.GrpcLogAppender (GrpcLogAppender.java:lambda$resetClient$1(221)) - omNode-1@group-523986131536->omNode-3-GrpcLogAppender: Follower failed (request=null, errorCount=80); keep nextIndex (81) unchanged and retry. (Repeated 2 times in the last 5.000s)
2025-04-23 15:47:39,587 [timer5] WARN  server.GrpcLogAppender (GrpcLogAppender.java:lambda$resetClient$1(221)) - omNode-1@group-523986131536->omNode-3-GrpcLogAppender: Follower failed (request=null, errorCount=82); keep nextIndex (82) unchanged and retry. (Repeated 2 times in the last 4.999s)
2025-04-23 15:47:39,590 [timer0] WARN  server.GrpcLogAppender (GrpcLogAppender.java:lambda$resetClient$1(221)) - omNode-1@group-523986131536->omNode-3-GrpcLogAppender: Follower failed (request=null, errorCount=84); keep nextIndex (83) unchanged and retry. (Repeated 2 times in the last 5.001s)
2025-04-23 15:47:39,597 [timer5] WARN  server.GrpcLogAppender (GrpcLogAppender.java:lambda$resetClient$1(221)) - omNode-1@group-523986131536->omNode-3-GrpcLogAppender: Follower failed (request=null, errorCount=86); keep nextIndex (84) unchanged and retry. (Repeated 2 times in the last 5.000s)
2025-04-23 15:47:39,599 [timer0] WARN  server.GrpcLogAppender (GrpcLogAppender.java:lambda$resetClient$1(221)) - omNode-1@group-523986131536->omNode-3-GrpcLogAppender: Follower failed (request=null, errorCount=88); keep nextIndex (85) unchanged and retry. (Repeated 2 times in the last 5.000s)
2025-04-23 15:47:39,602 [timer3] WARN  server.GrpcLogAppender (GrpcLogAppender.java:lambda$resetClient$1(221)) - omNode-1@group-523986131536->omNode-3-GrpcLogAppender: Follower failed (request=null, errorCount=90); keep nextIndex (86) unchanged and retry. (Repeated 2 times in the last 5.000s)
2025-04-23 15:47:39,604 [timer6] WARN  server.GrpcLogAppender (GrpcLogAppender.java:lambda$resetClient$1(221)) - omNode-1@group-523986131536->omNode-3-GrpcLogAppender: Follower failed (request=null, errorCount=92); keep nextIndex (87) unchanged and retry. (Repeated 2 times in the last 5.000s)
2025-04-23 15:47:39,612 [timer2] WARN  server.GrpcLogAppender (GrpcLogAppender.java:lambda$resetClient$1(221)) - omNode-1@group-523986131536->omNode-3-GrpcLogAppender: Follower failed (request=null, errorCount=94); keep nextIndex (88) unchanged and retry. (Repeated 2 times in the last 5.000s)
2025-04-23 15:47:39,613 [timer5] WARN  server.GrpcLogAppender (GrpcLogAppender.java:lambda$resetClient$1(221)) - omNode-1@group-523986131536->omNode-3-GrpcLogAppender: Follower failed (request=null, errorCount=96); keep nextIndex (89) unchanged and retry. (Repeated 2 times in the last 5.000s)
2025-04-23 15:47:39,617 [timer0] WARN  server.GrpcLogAppender (GrpcLogAppender.java:lambda$resetClient$1(221)) - omNode-1@group-523986131536->omNode-3-GrpcLogAppender: Follower failed (request=null, errorCount=98); keep nextIndex (90) unchanged and retry. (Repeated 2 times in the last 5.000s)
2025-04-23 15:47:39,619 [timer3] WARN  server.GrpcLogAppender (GrpcLogAppender.java:lambda$resetClient$1(221)) - omNode-1@group-523986131536->omNode-3-GrpcLogAppender: Follower failed (request=null, errorCount=100); keep nextIndex (91) unchanged and retry. (Repeated 2 times in the last 5.001s)
2025-04-23 15:47:39,628 [timer0] WARN  server.GrpcLogAppender (GrpcLogAppender.java:lambda$resetClient$1(221)) - omNode-1@group-523986131536->omNode-3-GrpcLogAppender: Follower failed (request=null, errorCount=102); keep nextIndex (92) unchanged and retry. (Repeated 2 times in the last 5.000s)
2025-04-23 15:47:39,631 [timer3] WARN  server.GrpcLogAppender (GrpcLogAppender.java:lambda$resetClient$1(221)) - omNode-1@group-523986131536->omNode-3-GrpcLogAppender: Follower failed (request=null, errorCount=104); keep nextIndex (93) unchanged and retry. (Repeated 2 times in the last 5.001s)
2025-04-23 15:47:39,635 [timer6] WARN  server.GrpcLogAppender (GrpcLogAppender.java:lambda$resetClient$1(221)) - omNode-1@group-523986131536->omNode-3-GrpcLogAppender: Follower failed (request=null, errorCount=106); keep nextIndex (94) unchanged and retry. (Repeated 2 times in the last 5.000s)
2025-04-23 15:47:39,636 [timer1] WARN  server.GrpcLogAppender (GrpcLogAppender.java:lambda$resetClient$1(221)) - omNode-1@group-523986131536->omNode-3-GrpcLogAppender: Follower failed (request=null, errorCount=110); keep nextIndex (95) unchanged and retry. (Repeated 4 times in the last 5.000s)
2025-04-23 15:47:39,646 [timer0] WARN  server.GrpcLogAppender (GrpcLogAppender.java:lambda$resetClient$1(221)) - omNode-1@group-523986131536->omNode-3-GrpcLogAppender: Follower failed (request=null, errorCount=112); keep nextIndex (97) unchanged and retry. (Repeated 2 times in the last 5.000s)
2025-04-23 15:47:39,650 [timer3] WARN  server.GrpcLogAppender (GrpcLogAppender.java:lambda$resetClient$1(221)) - omNode-1@group-523986131536->omNode-3-GrpcLogAppender: Follower failed (request=null, errorCount=114); keep nextIndex (98) unchanged and retry. (Repeated 2 times in the last 5.000s)
2025-04-23 15:47:39,652 [timer5] WARN  server.GrpcLogAppender (GrpcLogAppender.java:lambda$resetClient$1(221)) - omNode-1@group-523986131536->omNode-3-GrpcLogAppender: Follower failed (request=null, errorCount=116); keep nextIndex (99) unchanged and retry. (Repeated 2 times in the last 5.000s)
2025-04-23 15:47:39,661 [timer2] WARN  server.GrpcLogAppender (GrpcLogAppender.java:lambda$resetClient$1(221)) - omNode-1@group-523986131536->omNode-3-GrpcLogAppender: Follower failed (request=null, errorCount=118); keep nextIndex (100) unchanged and retry. (Repeated 2 times in the last 5.000s)
2025-04-23 15:47:39,663 [timer5] WARN  server.GrpcLogAppender (GrpcLogAppender.java:lambda$resetClient$1(221)) - omNode-1@group-523986131536->omNode-3-GrpcLogAppender: Follower failed (request=null, errorCount=120); keep nextIndex (101) unchanged and retry. (Repeated 2 times in the last 5.001s)
2025-04-23 15:47:39,667 [timer0] WARN  server.GrpcLogAppender (GrpcLogAppender.java:lambda$resetClient$1(221)) - omNode-1@group-523986131536->omNode-3-GrpcLogAppender: Follower failed (request=null, errorCount=122); keep nextIndex (102) unchanged and retry. (Repeated 2 times in the last 5.000s)
2025-04-23 15:47:39,670 [timer3] WARN  server.GrpcLogAppender (GrpcLogAppender.java:lambda$resetClient$1(221)) - omNode-1@group-523986131536->omNode-3-GrpcLogAppender: Follower failed (request=null, errorCount=124); keep nextIndex (103) unchanged and retry. (Repeated 2 times in the last 5.000s)
2025-04-23 15:47:39,682 [timer0] WARN  server.GrpcLogAppender (GrpcLogAppender.java:lambda$resetClient$1(221)) - omNode-1@group-523986131536->omNode-3-GrpcLogAppender: Follower failed (request=null, errorCount=126); keep nextIndex (104) unchanged and retry. (Repeated 2 times in the last 5.001s)
2025-04-23 15:47:39,683 [timer2] WARN  server.GrpcLogAppender (GrpcLogAppender.java:lambda$resetClient$1(221)) - omNode-1@group-523986131536->omNode-3-GrpcLogAppender: Follower failed (request=null, errorCount=128); keep nextIndex (105) unchanged and retry. (Repeated 2 times in the last 5.000s)
2025-04-23 15:47:39,696 [timer5] WARN  server.GrpcLogAppender (GrpcLogAppender.java:lambda$resetClient$1(221)) - omNode-1@group-523986131536->omNode-3-GrpcLogAppender: Follower failed (request=null, errorCount=130); keep nextIndex (106) unchanged and retry. (Repeated 2 times in the last 5.000s)
2025-04-23 15:47:39,698 [timer0] WARN  server.GrpcLogAppender (GrpcLogAppender.java:lambda$resetClient$1(221)) - omNode-1@group-523986131536->omNode-3-GrpcLogAppender: Follower failed (request=null, errorCount=132); keep nextIndex (107) unchanged and retry. (Repeated 2 times in the last 5.000s)
2025-04-23 15:47:39,705 [timer5] WARN  server.GrpcLogAppender (GrpcLogAppender.java:lambda$resetClient$1(221)) - omNode-1@group-523986131536->omNode-3-GrpcLogAppender: Follower failed (request=null, errorCount=134); keep nextIndex (108) unchanged and retry. (Repeated 2 times in the last 5.000s)
2025-04-23 15:47:39,708 [timer0] WARN  server.GrpcLogAppender (GrpcLogAppender.java:lambda$resetClient$1(221)) - omNode-1@group-523986131536->omNode-3-GrpcLogAppender: Follower failed (request=null, errorCount=136); keep nextIndex (109) unchanged and retry. (Repeated 2 times in the last 5.000s)
2025-04-23 15:47:39,711 [timer3] WARN  server.GrpcLogAppender (GrpcLogAppender.java:lambda$resetClient$1(221)) - omNode-1@group-523986131536->omNode-3-GrpcLogAppender: Follower failed (request=null, errorCount=138); keep nextIndex (110) unchanged and retry. (Repeated 2 times in the last 5.000s)
2025-04-23 15:47:39,713 [timer6] WARN  server.GrpcLogAppender (GrpcLogAppender.java:lambda$resetClient$1(221)) - omNode-1@group-523986131536->omNode-3-GrpcLogAppender: Follower failed (request=null, errorCount=140); keep nextIndex (111) unchanged and retry. (Repeated 2 times in the last 5.001s)
2025-04-23 15:47:39,722 [timer3] WARN  server.GrpcLogAppender (GrpcLogAppender.java:lambda$resetClient$1(221)) - omNode-1@group-523986131536->omNode-3-GrpcLogAppender: Follower failed (request=null, errorCount=142); keep nextIndex (112) unchanged and retry. (Repeated 2 times in the last 5.001s)
2025-04-23 15:47:39,722 [timer6] WARN  server.GrpcLogAppender (GrpcLogAppender.java:lambda$resetClient$1(221)) - omNode-1@group-523986131536->omNode-3-GrpcLogAppender: Follower failed (request=null, errorCount=144); keep nextIndex (113) unchanged and retry. (Repeated 2 times in the last 4.999s)
2025-04-23 15:47:39,728 [timer7] WARN  server.GrpcLogAppender (GrpcLogAppender.java:lambda$resetClient$1(221)) - omNode-1@group-523986131536->omNode-3-GrpcLogAppender: Follower failed (request=null, errorCount=146); keep nextIndex (114) unchanged and retry. (Repeated 2 times in the last 5.000s)
2025-04-23 15:47:39,731 [timer2] WARN  server.GrpcLogAppender (GrpcLogAppender.java:lambda$resetClient$1(221)) - omNode-1@group-523986131536->omNode-3-GrpcLogAppender: Follower failed (request=null, errorCount=148); keep nextIndex (115) unchanged and retry. (Repeated 2 times in the last 5.000s)
2025-04-23 15:47:39,740 [timer7] WARN  server.GrpcLogAppender (GrpcLogAppender.java:lambda$resetClient$1(221)) - omNode-1@group-523986131536->omNode-3-GrpcLogAppender: Follower failed (request=null, errorCount=150); keep nextIndex (116) unchanged and retry. (Repeated 2 times in the last 5.000s)
2025-04-23 15:47:39,743 [timer2] WARN  server.GrpcLogAppender (GrpcLogAppender.java:lambda$resetClient$1(221)) - omNode-1@group-523986131536->omNode-3-GrpcLogAppender: Follower failed (request=null, errorCount=152); keep nextIndex (117) unchanged and retry. (Repeated 2 times in the last 5.001s)
2025-04-23 15:47:39,746 [timer4] WARN  server.GrpcLogAppender (GrpcLogAppender.java:lambda$resetClient$1(221)) - omNode-1@group-523986131536->omNode-3-GrpcLogAppender: Follower failed (request=null, errorCount=154); keep nextIndex (118) unchanged and retry. (Repeated 2 times in the last 5.000s)
2025-04-23 15:47:39,748 [timer0] WARN  server.GrpcLogAppender (GrpcLogAppender.java:lambda$resetClient$1(221)) - omNode-1@group-523986131536->omNode-3-GrpcLogAppender: Follower failed (request=null, errorCount=156); keep nextIndex (119) unchanged and retry. (Repeated 2 times in the last 5.000s)
2025-04-23 15:47:39,758 [timer5] WARN  server.GrpcLogAppender (GrpcLogAppender.java:lambda$resetClient$1(221)) - omNode-1@group-523986131536->omNode-3-GrpcLogAppender: Follower failed (request=null, errorCount=158); keep nextIndex (120) unchanged and retry. (Repeated 2 times in the last 5.001s)
2025-04-23 15:47:39,760 [timer0] WARN  server.GrpcLogAppender (GrpcLogAppender.java:lambda$resetClient$1(221)) - omNode-1@group-523986131536->omNode-3-GrpcLogAppender: Follower failed (request=null, errorCount=160); keep nextIndex (121) unchanged and retry. (Repeated 2 times in the last 5.001s)
2025-04-23 15:47:39,762 [timer3] WARN  server.GrpcLogAppender (GrpcLogAppender.java:lambda$resetClient$1(221)) - omNode-1@group-523986131536->omNode-3-GrpcLogAppender: Follower failed (request=null, errorCount=162); keep nextIndex (122) unchanged and retry. (Repeated 2 times in the last 5.000s)
2025-04-23 15:47:39,764 [timer4] WARN  server.GrpcLogAppender (GrpcLogAppender.java:lambda$resetClient$1(221)) - omNode-1@group-523986131536->omNode-3-GrpcLogAppender: Follower failed (request=null, errorCount=164); keep nextIndex (123) unchanged and retry. (Repeated 2 times in the last 5.000s)
2025-04-23 15:47:39,774 [timer2] WARN  server.GrpcLogAppender (GrpcLogAppender.java:lambda$resetClient$1(221)) - omNode-1@group-523986131536->omNode-3-GrpcLogAppender: Follower failed (request=null, errorCount=166); keep nextIndex (124) unchanged and retry. (Repeated 2 times in the last 5.000s)
2025-04-23 15:47:39,776 [timer5] WARN  server.GrpcLogAppender (GrpcLogAppender.java:lambda$resetClient$1(221)) - omNode-1@group-523986131536->omNode-3-GrpcLogAppender: Follower failed (request=null, errorCount=168); keep nextIndex (125) unchanged and retry. (Repeated 2 times in the last 5.000s)
2025-04-23 15:47:39,779 [timer0] WARN  server.GrpcLogAppender (GrpcLogAppender.java:lambda$resetClient$1(221)) - omNode-1@group-523986131536->omNode-3-GrpcLogAppender: Follower failed (request=null, errorCount=170); keep nextIndex (126) unchanged and retry. (Repeated 2 times in the last 5.000s)
2025-04-23 15:47:39,780 [timer3] WARN  server.GrpcLogAppender (GrpcLogAppender.java:lambda$resetClient$1(221)) - omNode-1@group-523986131536->omNode-3-GrpcLogAppender: Follower failed (request=null, errorCount=172); keep nextIndex (127) unchanged and retry. (Repeated 2 times in the last 5.000s)
2025-04-23 15:47:39,790 [timer0] WARN  server.GrpcLogAppender (GrpcLogAppender.java:lambda$resetClient$1(221)) - omNode-1@group-523986131536->omNode-3-GrpcLogAppender: Follower failed (request=null, errorCount=174); keep nextIndex (128) unchanged and retry. (Repeated 2 times in the last 5.000s)
2025-04-23 15:47:39,791 [timer3] WARN  server.GrpcLogAppender (GrpcLogAppender.java:lambda$resetClient$1(221)) - omNode-1@group-523986131536->omNode-3-GrpcLogAppender: Follower failed (request=null, errorCount=176); keep nextIndex (129) unchanged and retry. (Repeated 2 times in the last 5.000s)
2025-04-23 15:47:39,797 [timer6] WARN  server.GrpcLogAppender (GrpcLogAppender.java:lambda$resetClient$1(221)) - omNode-1@group-523986131536->omNode-3-GrpcLogAppender: Follower failed (request=null, errorCount=178); keep nextIndex (130) unchanged and retry. (Repeated 2 times in the last 5.000s)
2025-04-23 15:47:39,798 [timer1] WARN  server.GrpcLogAppender (GrpcLogAppender.java:lambda$resetClient$1(221)) - omNode-1@group-523986131536->omNode-3-GrpcLogAppender: Follower failed (request=null, errorCount=180); keep nextIndex (131) unchanged and retry. (Repeated 2 times in the last 5.000s)
2025-04-23 15:47:39,807 [timer6] WARN  server.GrpcLogAppender (GrpcLogAppender.java:lambda$resetClient$1(221)) - omNode-1@group-523986131536->omNode-3-GrpcLogAppender: Follower failed (request=null, errorCount=182); keep nextIndex (132) unchanged and retry. (Repeated 2 times in the last 5.000s)
2025-04-23 15:47:39,809 [timer1] WARN  server.GrpcLogAppender (GrpcLogAppender.java:lambda$resetClient$1(221)) - omNode-1@group-523986131536->omNode-3-GrpcLogAppender: Follower failed (request=null, errorCount=184); keep nextIndex (133) unchanged and retry. (Repeated 2 times in the last 5.000s)
2025-04-23 15:47:39,815 [timer3] WARN  server.GrpcLogAppender (GrpcLogAppender.java:lambda$resetClient$1(221)) - omNode-1@group-523986131536->omNode-3-GrpcLogAppender: Follower failed (request=null, errorCount=186); keep nextIndex (134) unchanged and retry. (Repeated 2 times in the last 5.000s)
2025-04-23 15:47:39,818 [timer0] WARN  server.GrpcLogAppender (GrpcLogAppender.java:lambda$resetClient$1(221)) - omNode-1@group-523986131536->omNode-3-GrpcLogAppender: Follower failed (request=null, errorCount=188); keep nextIndex (135) unchanged and retry. (Repeated 2 times in the last 5.000s)
2025-04-23 15:47:39,833 [timer4] WARN  server.GrpcLogAppender (GrpcLogAppender.java:lambda$resetClient$1(221)) - omNode-1@group-523986131536->omNode-3-GrpcLogAppender: Follower failed (request=null, errorCount=190); keep nextIndex (136) unchanged and retry. (Repeated 2 times in the last 5.000s)
2025-04-23 15:47:39,835 [timer7] WARN  server.GrpcLogAppender (GrpcLogAppender.java:lambda$resetClient$1(221)) - omNode-1@group-523986131536->omNode-3-GrpcLogAppender: Follower failed (request=null, errorCount=192); keep nextIndex (137) unchanged and retry. (Repeated 2 times in the last 5.000s)
2025-04-23 15:47:39,842 [timer1] WARN  server.GrpcLogAppender (GrpcLogAppender.java:lambda$resetClient$1(221)) - omNode-1@group-523986131536->omNode-3-GrpcLogAppender: Follower failed (request=null, errorCount=194); keep nextIndex (138) unchanged and retry. (Repeated 2 times in the last 5.000s)
2025-04-23 15:47:39,844 [timer5] WARN  server.GrpcLogAppender (GrpcLogAppender.java:lambda$resetClient$1(221)) - omNode-1@group-523986131536->omNode-3-GrpcLogAppender: Follower failed (request=null, errorCount=196); keep nextIndex (139) unchanged and retry. (Repeated 2 times in the last 5.001s)
2025-04-23 15:47:39,854 [timer1] WARN  server.GrpcLogAppender (GrpcLogAppender.java:lambda$resetClient$1(221)) - omNode-1@group-523986131536->omNode-3-GrpcLogAppender: Follower failed (request=null, errorCount=198); keep nextIndex (140) unchanged and retry. (Repeated 2 times in the last 5.000s)
2025-04-23 15:47:39,856 [timer4] WARN  server.GrpcLogAppender (GrpcLogAppender.java:lambda$resetClient$1(221)) - omNode-1@group-523986131536->omNode-3-GrpcLogAppender: Follower failed (request=null, errorCount=200); keep nextIndex (141) unchanged and retry. (Repeated 2 times in the last 5.001s)
2025-04-23 15:47:39,861 [timer7] WARN  server.GrpcLogAppender (GrpcLogAppender.java:lambda$resetClient$1(221)) - omNode-1@group-523986131536->omNode-3-GrpcLogAppender: Follower failed (request=null, errorCount=202); keep nextIndex (142) unchanged and retry. (Repeated 2 times in the last 5.000s)
2025-04-23 15:47:39,862 [timer2] WARN  server.GrpcLogAppender (GrpcLogAppender.java:lambda$resetClient$1(221)) - omNode-1@group-523986131536->omNode-3-GrpcLogAppender: Follower failed (request=null, errorCount=204); keep nextIndex (143) unchanged and retry. (Repeated 2 times in the last 5.000s)
2025-04-23 15:47:39,871 [timer7] WARN  server.GrpcLogAppender (GrpcLogAppender.java:lambda$resetClient$1(221)) - omNode-1@group-523986131536->omNode-3-GrpcLogAppender: Follower failed (request=null, errorCount=206); keep nextIndex (144) unchanged and retry. (Repeated 2 times in the last 5.000s)
2025-04-23 15:47:39,873 [timer2] WARN  server.GrpcLogAppender (GrpcLogAppender.java:lambda$resetClient$1(221)) - omNode-1@group-523986131536->omNode-3-GrpcLogAppender: Follower failed (request=null, errorCount=208); keep nextIndex (145) unchanged and retry. (Repeated 2 times in the last 5.001s)
2025-04-23 15:47:39,876 [timer5] WARN  server.GrpcLogAppender (GrpcLogAppender.java:lambda$resetClient$1(221)) - omNode-1@group-523986131536->omNode-3-GrpcLogAppender: Follower failed (request=null, errorCount=210); keep nextIndex (146) unchanged and retry. (Repeated 2 times in the last 5.000s)
2025-04-23 15:47:39,879 [timer0] WARN  server.GrpcLogAppender (GrpcLogAppender.java:lambda$resetClient$1(221)) - omNode-1@group-523986131536->omNode-3-GrpcLogAppender: Follower failed (request=null, errorCount=212); keep nextIndex (147) unchanged and retry. (Repeated 2 times in the last 5.000s)
2025-04-23 15:47:39,887 [timer5] WARN  server.GrpcLogAppender (GrpcLogAppender.java:lambda$resetClient$1(221)) - omNode-1@group-523986131536->omNode-3-GrpcLogAppender: Follower failed (request=null, errorCount=214); keep nextIndex (148) unchanged and retry. (Repeated 2 times in the last 5.001s)
2025-04-23 15:47:39,888 [timer0] WARN  server.GrpcLogAppender (GrpcLogAppender.java:lambda$resetClient$1(221)) - omNode-1@group-523986131536->omNode-3-GrpcLogAppender: Follower failed (request=null, errorCount=216); keep nextIndex (149) unchanged and retry. (Repeated 2 times in the last 5.000s)
2025-04-23 15:47:39,893 [timer3] WARN  server.GrpcLogAppender (GrpcLogAppender.java:lambda$resetClient$1(221)) - omNode-1@group-523986131536->omNode-3-GrpcLogAppender: Follower failed (request=null, errorCount=218); keep nextIndex (150) unchanged and retry. (Repeated 2 times in the last 5.000s)
2025-04-23 15:47:39,895 [timer5] WARN  server.GrpcLogAppender (GrpcLogAppender.java:lambda$resetClient$1(221)) - omNode-1@group-523986131536->omNode-3-GrpcLogAppender: Follower failed (request=null, errorCount=222); keep nextIndex (151) unchanged and retry. (Repeated 4 times in the last 5.000s)
2025-04-23 15:47:39,906 [timer3] WARN  server.GrpcLogAppender (GrpcLogAppender.java:lambda$resetClient$1(221)) - omNode-1@group-523986131536->omNode-3-GrpcLogAppender: Follower failed (request=null, errorCount=224); keep nextIndex (152) unchanged and retry. (Repeated 2 times in the last 5.000s)
2025-04-23 15:47:39,908 [timer6] WARN  server.GrpcLogAppender (GrpcLogAppender.java:lambda$resetClient$1(221)) - omNode-1@group-523986131536->omNode-3-GrpcLogAppender: Follower failed (request=null, errorCount=226); keep nextIndex (153) unchanged and retry. (Repeated 2 times in the last 5.000s)
2025-04-23 15:47:39,913 [timer1] WARN  server.GrpcLogAppender (GrpcLogAppender.java:lambda$resetClient$1(221)) - omNode-1@group-523986131536->omNode-3-GrpcLogAppender: Follower failed (request=null, errorCount=228); keep nextIndex (154) unchanged and retry. (Repeated 2 times in the last 5.001s)
2025-04-23 15:47:39,914 [timer4] WARN  server.GrpcLogAppender (GrpcLogAppender.java:lambda$resetClient$1(221)) - omNode-1@group-523986131536->omNode-3-GrpcLogAppender: Follower failed (request=null, errorCount=230); keep nextIndex (155) unchanged and retry. (Repeated 2 times in the last 4.999s)
2025-04-23 15:47:39,937 [timer1] WARN  server.GrpcLogAppender (GrpcLogAppender.java:lambda$resetClient$1(221)) - omNode-1@group-523986131536->omNode-3-GrpcLogAppender: Follower failed (request=null, errorCount=232); keep nextIndex (156) unchanged and retry. (Repeated 2 times in the last 5.000s)
2025-04-23 15:47:39,939 [timer4] WARN  server.GrpcLogAppender (GrpcLogAppender.java:lambda$resetClient$1(221)) - omNode-1@group-523986131536->omNode-3-GrpcLogAppender: Follower failed (request=null, errorCount=234); keep nextIndex (157) unchanged and retry. (Repeated 2 times in the last 4.999s)
2025-04-23 15:47:39,944 [timer7] WARN  server.GrpcLogAppender (GrpcLogAppender.java:lambda$resetClient$1(221)) - omNode-1@group-523986131536->omNode-3-GrpcLogAppender: Follower failed (request=null, errorCount=236); keep nextIndex (158) unchanged and retry. (Repeated 2 times in the last 5.000s)
2025-04-23 15:47:39,947 [timer1] WARN  server.GrpcLogAppender (GrpcLogAppender.java:lambda$resetClient$1(221)) - omNode-1@group-523986131536->omNode-3-GrpcLogAppender: Follower failed (request=null, errorCount=238); keep nextIndex (159) unchanged and retry. (Repeated 2 times in the last 5.001s)
2025-04-23 15:47:39,954 [timer7] WARN  server.GrpcLogAppender (GrpcLogAppender.java:lambda$resetClient$1(221)) - omNode-1@group-523986131536->omNode-3-GrpcLogAppender: Follower failed (request=null, errorCount=240); keep nextIndex (160) unchanged and retry. (Repeated 2 times in the last 5.001s)
2025-04-23 15:47:39,956 [timer2] WARN  server.GrpcLogAppender (GrpcLogAppender.java:lambda$resetClient$1(221)) - omNode-1@group-523986131536->omNode-3-GrpcLogAppender: Follower failed (request=null, errorCount=242); keep nextIndex (161) unchanged and retry. (Repeated 2 times in the last 5.000s)
2025-04-23 15:47:39,960 [timer5] WARN  server.GrpcLogAppender (GrpcLogAppender.java:lambda$resetClient$1(221)) - omNode-1@group-523986131536->omNode-3-GrpcLogAppender: Follower failed (request=null, errorCount=244); keep nextIndex (162) unchanged and retry. (Repeated 2 times in the last 5.001s)
2025-04-23 15:47:39,962 [timer0] WARN  server.GrpcLogAppender (GrpcLogAppender.java:lambda$resetClient$1(221)) - omNode-1@group-523986131536->omNode-3-GrpcLogAppender: Follower failed (request=null, errorCount=246); keep nextIndex (163) unchanged and retry. (Repeated 2 times in the last 5.001s)
2025-04-23 15:47:39,968 [timer5] WARN  server.GrpcLogAppender (GrpcLogAppender.java:lambda$resetClient$1(221)) - omNode-1@group-523986131536->omNode-3-GrpcLogAppender: Follower failed (request=null, errorCount=248); keep nextIndex (164) unchanged and retry. (Repeated 2 times in the last 5.000s)
2025-04-23 15:47:39,969 [timer0] WARN  server.GrpcLogAppender (GrpcLogAppender.java:lambda$resetClient$1(221)) - omNode-1@group-523986131536->omNode-3-GrpcLogAppender: Follower failed (request=null, errorCount=250); keep nextIndex (165) unchanged and retry. (Repeated 2 times in the last 5.000s)
2025-04-23 15:47:39,974 [timer3] WARN  server.GrpcLogAppender (GrpcLogAppender.java:lambda$resetClient$1(221)) - omNode-1@group-523986131536->omNode-3-GrpcLogAppender: Follower failed (request=null, errorCount=252); keep nextIndex (166) unchanged and retry. (Repeated 2 times in the last 5.000s)
2025-04-23 15:47:39,975 [timer4] WARN  server.GrpcLogAppender (GrpcLogAppender.java:lambda$resetClient$1(221)) - omNode-1@group-523986131536->omNode-3-GrpcLogAppender: Follower failed (request=null, errorCount=254); keep nextIndex (167) unchanged and retry. (Repeated 2 times in the last 5.000s)
2025-04-23 15:47:39,984 [timer2] WARN  server.GrpcLogAppender (GrpcLogAppender.java:lambda$resetClient$1(221)) - omNode-1@group-523986131536->omNode-3-GrpcLogAppender: Follower failed (request=null, errorCount=256); keep nextIndex (168) unchanged and retry. (Repeated 2 times in the last 5.000s)
2025-04-23 15:47:39,987 [timer5] WARN  server.GrpcLogAppender (GrpcLogAppender.java:lambda$resetClient$1(221)) - omNode-1@group-523986131536->omNode-3-GrpcLogAppender: Follower failed (request=null, errorCount=258); keep nextIndex (169) unchanged and retry. (Repeated 2 times in the last 5.001s)
2025-04-23 15:47:39,993 [timer7] WARN  server.GrpcLogAppender (GrpcLogAppender.java:lambda$resetClient$1(221)) - omNode-1@group-523986131536->omNode-3-GrpcLogAppender: Follower failed (request=null, errorCount=260); keep nextIndex (170) unchanged and retry. (Repeated 2 times in the last 5.000s)
2025-04-23 15:47:39,996 [timer3] WARN  server.GrpcLogAppender (GrpcLogAppender.java:lambda$resetClient$1(221)) - omNode-1@group-523986131536->omNode-3-GrpcLogAppender: Follower failed (request=null, errorCount=262); keep nextIndex (171) unchanged and retry. (Repeated 2 times in the last 5.001s)
2025-04-23 15:47:40,002 [timer0] WARN  server.GrpcLogAppender (GrpcLogAppender.java:lambda$resetClient$1(221)) - omNode-1@group-523986131536->omNode-3-GrpcLogAppender: Follower failed (request=null, errorCount=264); keep nextIndex (172) unchanged and retry. (Repeated 2 times in the last 4.999s)
2025-04-23 15:47:40,004 [timer2] WARN  server.GrpcLogAppender (GrpcLogAppender.java:lambda$resetClient$1(221)) - omNode-1@group-523986131536->omNode-3-GrpcLogAppender: Follower failed (request=null, errorCount=266); keep nextIndex (173) unchanged and retry. (Repeated 2 times in the last 5.000s)
2025-04-23 15:47:40,009 [timer6] WARN  server.GrpcLogAppender (GrpcLogAppender.java:lambda$resetClient$1(221)) - omNode-1@group-523986131536->omNode-3-GrpcLogAppender: Follower failed (request=null, errorCount=268); keep nextIndex (174) unchanged and retry. (Repeated 2 times in the last 5.000s)
2025-04-23 15:47:40,011 [timer1] WARN  server.GrpcLogAppender (GrpcLogAppender.java:lambda$resetClient$1(221)) - omNode-1@group-523986131536->omNode-3-GrpcLogAppender: Follower failed (request=null, errorCount=270); keep nextIndex (175) unchanged and retry. (Repeated 2 times in the last 5.000s)
2025-04-23 15:47:40,019 [timer6] WARN  server.GrpcLogAppender (GrpcLogAppender.java:lambda$resetClient$1(221)) - omNode-1@group-523986131536->omNode-3-GrpcLogAppender: Follower failed (request=null, errorCount=272); keep nextIndex (176) unchanged and retry. (Repeated 2 times in the last 5.000s)
2025-04-23 15:47:40,020 [timer1] WARN  server.GrpcLogAppender (GrpcLogAppender.java:lambda$resetClient$1(221)) - omNode-1@group-523986131536->omNode-3-GrpcLogAppender: Follower failed (request=null, errorCount=274); keep nextIndex (177) unchanged and retry. (Repeated 2 times in the last 5.000s)
2025-04-23 15:47:40,025 [timer4] WARN  server.GrpcLogAppender (GrpcLogAppender.java:lambda$resetClient$1(221)) - omNode-1@group-523986131536->omNode-3-GrpcLogAppender: Follower failed (request=null, errorCount=276); keep nextIndex (178) unchanged and retry. (Repeated 2 times in the last 5.001s)
2025-04-23 15:47:40,033 [timer2] WARN  server.GrpcLogAppender (GrpcLogAppender.java:lambda$resetClient$1(221)) - omNode-1@group-523986131536->omNode-3-GrpcLogAppender: Follower failed (request=null, errorCount=278); keep nextIndex (180) unchanged and retry. (Repeated 2 times in the last 5.000s)
2025-04-23 15:47:40,034 [timer5] WARN  server.GrpcLogAppender (GrpcLogAppender.java:lambda$resetClient$1(221)) - omNode-1@group-523986131536->omNode-3-GrpcLogAppender: Follower failed (request=null, errorCount=280); keep nextIndex (181) unchanged and retry. (Repeated 2 times in the last 4.999s)
2025-04-23 15:47:40,039 [timer0] WARN  server.GrpcLogAppender (GrpcLogAppender.java:lambda$resetClient$1(221)) - omNode-1@group-523986131536->omNode-3-GrpcLogAppender: Follower failed (request=null, errorCount=282); keep nextIndex (182) unchanged and retry. (Repeated 2 times in the last 5.000s)
2025-04-23 15:47:40,041 [timer3] WARN  server.GrpcLogAppender (GrpcLogAppender.java:lambda$resetClient$1(221)) - omNode-1@group-523986131536->omNode-3-GrpcLogAppender: Follower failed (request=null, errorCount=284); keep nextIndex (183) unchanged and retry. (Repeated 2 times in the last 5.000s)
2025-04-23 15:47:40,049 [timer2] WARN  server.GrpcLogAppender (GrpcLogAppender.java:lambda$resetClient$1(221)) - omNode-1@group-523986131536->omNode-3-GrpcLogAppender: Follower failed (request=null, errorCount=286); keep nextIndex (184) unchanged and retry. (Repeated 2 times in the last 5.000s)
2025-04-23 15:47:40,052 [timer3] WARN  server.GrpcLogAppender (GrpcLogAppender.java:lambda$resetClient$1(221)) - omNode-1@group-523986131536->omNode-3-GrpcLogAppender: Follower failed (request=null, errorCount=288); keep nextIndex (185) unchanged and retry. (Repeated 2 times in the last 4.999s)
2025-04-23 15:47:40,057 [timer5] WARN  server.GrpcLogAppender (GrpcLogAppender.java:lambda$resetClient$1(221)) - omNode-1@group-523986131536->omNode-3-GrpcLogAppender: Follower failed (request=null, errorCount=290); keep nextIndex (186) unchanged and retry. (Repeated 2 times in the last 5.000s)
2025-04-23 15:47:40,060 [timer1] WARN  server.GrpcLogAppender (GrpcLogAppender.java:lambda$resetClient$1(221)) - omNode-1@group-523986131536->omNode-3-GrpcLogAppender: Follower failed (request=null, errorCount=292); keep nextIndex (187) unchanged and retry. (Repeated 2 times in the last 5.001s)
2025-04-23 15:47:40,071 [timer5] WARN  server.GrpcLogAppender (GrpcLogAppender.java:lambda$resetClient$1(221)) - omNode-1@group-523986131536->omNode-3-GrpcLogAppender: Follower failed (request=null, errorCount=294); keep nextIndex (188) unchanged and retry. (Repeated 2 times in the last 5.000s)
2025-04-23 15:47:40,073 [timer0] WARN  server.GrpcLogAppender (GrpcLogAppender.java:lambda$resetClient$1(221)) - omNode-1@group-523986131536->omNode-3-GrpcLogAppender: Follower failed (request=null, errorCount=296); keep nextIndex (189) unchanged and retry. (Repeated 2 times in the last 5.000s)
2025-04-23 15:47:40,079 [timer3] WARN  server.GrpcLogAppender (GrpcLogAppender.java:lambda$resetClient$1(221)) - omNode-1@group-523986131536->omNode-3-GrpcLogAppender: Follower failed (request=null, errorCount=298); keep nextIndex (190) unchanged and retry. (Repeated 2 times in the last 5.000s)
2025-04-23 15:47:40,080 [timer5] WARN  server.GrpcLogAppender (GrpcLogAppender.java:lambda$resetClient$1(221)) - omNode-1@group-523986131536->omNode-3-GrpcLogAppender: Follower failed (request=null, errorCount=300); keep nextIndex (191) unchanged and retry. (Repeated 2 times in the last 5.000s)
2025-04-23 15:47:40,089 [timer3] WARN  server.GrpcLogAppender (GrpcLogAppender.java:lambda$resetClient$1(221)) - omNode-1@group-523986131536->omNode-3-GrpcLogAppender: Follower failed (request=null, errorCount=302); keep nextIndex (192) unchanged and retry. (Repeated 2 times in the last 5.000s)
2025-04-23 15:47:40,091 [timer6] WARN  server.GrpcLogAppender (GrpcLogAppender.java:lambda$resetClient$1(221)) - omNode-1@group-523986131536->omNode-3-GrpcLogAppender: Follower failed (request=null, errorCount=304); keep nextIndex (193) unchanged and retry. (Repeated 2 times in the last 5.001s)
2025-04-23 15:47:40,095 [timer1] WARN  server.GrpcLogAppender (GrpcLogAppender.java:lambda$resetClient$1(221)) - omNode-1@group-523986131536->omNode-3-GrpcLogAppender: Follower failed (request=null, errorCount=306); keep nextIndex (194) unchanged and retry. (Repeated 2 times in the last 5.000s)
2025-04-23 15:47:40,098 [timer3] WARN  server.GrpcLogAppender (GrpcLogAppender.java:lambda$resetClient$1(221)) - omNode-1@group-523986131536->omNode-3-GrpcLogAppender: Follower failed (request=null, errorCount=308); keep nextIndex (195) unchanged and retry. (Repeated 2 times in the last 5.001s)
2025-04-23 15:47:40,104 [timer7] WARN  server.GrpcLogAppender (GrpcLogAppender.java:lambda$resetClient$1(221)) - omNode-1@group-523986131536->omNode-3-GrpcLogAppender: Follower failed (request=null, errorCount=310); keep nextIndex (196) unchanged and retry. (Repeated 2 times in the last 5.000s)
2025-04-23 15:47:40,106 [timer2] WARN  server.GrpcLogAppender (GrpcLogAppender.java:lambda$resetClient$1(221)) - omNode-1@group-523986131536->omNode-3-GrpcLogAppender: Follower failed (request=null, errorCount=312); keep nextIndex (197) unchanged and retry. (Repeated 2 times in the last 5.001s)
2025-04-23 15:47:40,112 [timer4] WARN  server.GrpcLogAppender (GrpcLogAppender.java:lambda$resetClient$1(221)) - omNode-1@group-523986131536->omNode-3-GrpcLogAppender: Follower failed (request=null, errorCount=314); keep nextIndex (198) unchanged and retry. (Repeated 2 times in the last 5.001s)
2025-04-23 15:47:40,114 [timer0] WARN  server.GrpcLogAppender (GrpcLogAppender.java:lambda$resetClient$1(221)) - omNode-1@group-523986131536->omNode-3-GrpcLogAppender: Follower failed (request=null, errorCount=316); keep nextIndex (199) unchanged and retry. (Repeated 2 times in the last 5.000s)
2025-04-23 15:47:40,125 [timer5] WARN  server.GrpcLogAppender (GrpcLogAppender.java:lambda$resetClient$1(221)) - omNode-1@group-523986131536->omNode-3-GrpcLogAppender: Follower failed (request=null, errorCount=318); keep nextIndex (200) unchanged and retry. (Repeated 2 times in the last 5.000s)
2025-04-23 15:47:40,127 [timer0] WARN  server.GrpcLogAppender (GrpcLogAppender.java:lambda$resetClient$1(221)) - omNode-1@group-523986131536->omNode-3-GrpcLogAppender: Follower failed (request=null, errorCount=320); keep nextIndex (201) unchanged and retry. (Repeated 2 times in the last 5.000s)
2025-04-23 15:47:40,133 [timer3] WARN  server.GrpcLogAppender (GrpcLogAppender.java:lambda$resetClient$1(221)) - omNode-1@group-523986131536->omNode-3-GrpcLogAppender: Follower failed (request=null, errorCount=322); keep nextIndex (202) unchanged and retry. (Repeated 2 times in the last 5.001s)
2025-04-23 15:47:40,134 [timer6] WARN  server.GrpcLogAppender (GrpcLogAppender.java:lambda$resetClient$1(221)) - omNode-1@group-523986131536->omNode-3-GrpcLogAppender: Follower failed (request=null, errorCount=324); keep nextIndex (203) unchanged and retry. (Repeated 2 times in the last 5.000s)
2025-04-23 15:47:40,149 [timer3] WARN  server.GrpcLogAppender (GrpcLogAppender.java:lambda$resetClient$1(221)) - omNode-1@group-523986131536->omNode-3-GrpcLogAppender: Follower failed (request=null, errorCount=326); keep nextIndex (204) unchanged and retry. (Repeated 2 times in the last 5.001s)
2025-04-23 15:47:40,152 [timer6] WARN  server.GrpcLogAppender (GrpcLogAppender.java:lambda$resetClient$1(221)) - omNode-1@group-523986131536->omNode-3-GrpcLogAppender: Follower failed (request=null, errorCount=330); keep nextIndex (205) unchanged and retry. (Repeated 4 times in the last 5.000s)
2025-04-23 15:47:40,164 [timer3] WARN  server.GrpcLogAppender (GrpcLogAppender.java:lambda$resetClient$1(221)) - omNode-1@group-523986131536->omNode-3-GrpcLogAppender: Follower failed (request=null, errorCount=332); keep nextIndex (206) unchanged and retry. (Repeated 2 times in the last 5.000s)
2025-04-23 15:47:40,166 [timer5] WARN  server.GrpcLogAppender (GrpcLogAppender.java:lambda$resetClient$1(221)) - omNode-1@group-523986131536->omNode-3-GrpcLogAppender: Follower failed (request=null, errorCount=334); keep nextIndex (207) unchanged and retry. (Repeated 2 times in the last 5.001s)
2025-04-23 15:47:40,174 [timer2] WARN  server.GrpcLogAppender (GrpcLogAppender.java:lambda$resetClient$1(221)) - omNode-1@group-523986131536->omNode-3-GrpcLogAppender: Follower failed (request=null, errorCount=336); keep nextIndex (208) unchanged and retry. (Repeated 2 times in the last 5.000s)
2025-04-23 15:47:40,176 [timer5] WARN  server.GrpcLogAppender (GrpcLogAppender.java:lambda$resetClient$1(221)) - omNode-1@group-523986131536->omNode-3-GrpcLogAppender: Follower failed (request=null, errorCount=338); keep nextIndex (209) unchanged and retry. (Repeated 2 times in the last 5.001s)
2025-04-23 15:47:40,179 [timer0] WARN  server.GrpcLogAppender (GrpcLogAppender.java:lambda$resetClient$1(221)) - omNode-1@group-523986131536->omNode-3-GrpcLogAppender: Follower failed (request=null, errorCount=340); keep nextIndex (210) unchanged and retry. (Repeated 2 times in the last 5.001s)
2025-04-23 15:47:40,180 [timer3] WARN  server.GrpcLogAppender (GrpcLogAppender.java:lambda$resetClient$1(221)) - omNode-1@group-523986131536->omNode-3-GrpcLogAppender: Follower failed (request=null, errorCount=342); keep nextIndex (211) unchanged and retry. (Repeated 2 times in the last 5.000s)
2025-04-23 15:47:40,189 [timer0] WARN  server.GrpcLogAppender (GrpcLogAppender.java:lambda$resetClient$1(221)) - omNode-1@group-523986131536->omNode-3-GrpcLogAppender: Follower failed (request=null, errorCount=344); keep nextIndex (212) unchanged and retry. (Repeated 2 times in the last 5.001s)
2025-04-23 15:47:40,189 [timer3] WARN  server.GrpcLogAppender (GrpcLogAppender.java:lambda$resetClient$1(221)) - omNode-1@group-523986131536->omNode-3-GrpcLogAppender: Follower failed (request=null, errorCount=346); keep nextIndex (213) unchanged and retry. (Repeated 2 times in the last 5.000s)
2025-04-23 15:47:40,194 [timer6] WARN  server.GrpcLogAppender (GrpcLogAppender.java:lambda$resetClient$1(221)) - omNode-1@group-523986131536->omNode-3-GrpcLogAppender: Follower failed (request=null, errorCount=348); keep nextIndex (214) unchanged and retry. (Repeated 2 times in the last 5.000s)
2025-04-23 15:47:40,195 [timer1] WARN  server.GrpcLogAppender (GrpcLogAppender.java:lambda$resetClient$1(221)) - omNode-1@group-523986131536->omNode-3-GrpcLogAppender: Follower failed (request=null, errorCount=350); keep nextIndex (215) unchanged and retry. (Repeated 2 times in the last 5.000s)
2025-04-23 15:47:40,203 [timer6] WARN  server.GrpcLogAppender (GrpcLogAppender.java:lambda$resetClient$1(221)) - omNode-1@group-523986131536->omNode-3-GrpcLogAppender: Follower failed (request=null, errorCount=352); keep nextIndex (216) unchanged and retry. (Repeated 2 times in the last 4.999s)
2025-04-23 15:47:40,206 [timer1] WARN  server.GrpcLogAppender (GrpcLogAppender.java:lambda$resetClient$1(221)) - omNode-1@group-523986131536->omNode-3-GrpcLogAppender: Follower failed (request=null, errorCount=354); keep nextIndex (217) unchanged and retry. (Repeated 2 times in the last 5.001s)
2025-04-23 15:47:40,209 [timer4] WARN  server.GrpcLogAppender (GrpcLogAppender.java:lambda$resetClient$1(221)) - omNode-1@group-523986131536->omNode-3-GrpcLogAppender: Follower failed (request=null, errorCount=356); keep nextIndex (218) unchanged and retry. (Repeated 2 times in the last 5.000s)
2025-04-23 15:47:40,211 [timer7] WARN  server.GrpcLogAppender (GrpcLogAppender.java:lambda$resetClient$1(221)) - omNode-1@group-523986131536->omNode-3-GrpcLogAppender: Follower failed (request=null, errorCount=358); keep nextIndex (219) unchanged and retry. (Repeated 2 times in the last 5.000s)
2025-04-23 15:47:40,220 [timer4] WARN  server.GrpcLogAppender (GrpcLogAppender.java:lambda$resetClient$1(221)) - omNode-1@group-523986131536->omNode-3-GrpcLogAppender: Follower failed (request=null, errorCount=360); keep nextIndex (220) unchanged and retry. (Repeated 2 times in the last 5.001s)
2025-04-23 15:47:40,221 [timer7] WARN  server.GrpcLogAppender (GrpcLogAppender.java:lambda$resetClient$1(221)) - omNode-1@group-523986131536->omNode-3-GrpcLogAppender: Follower failed (request=null, errorCount=362); keep nextIndex (221) unchanged and retry. (Repeated 2 times in the last 5.000s)
2025-04-23 15:47:40,226 [timer2] WARN  server.GrpcLogAppender (GrpcLogAppender.java:lambda$resetClient$1(221)) - omNode-1@group-523986131536->omNode-3-GrpcLogAppender: Follower failed (request=null, errorCount=364); keep nextIndex (222) unchanged and retry. (Repeated 2 times in the last 5.000s)
2025-04-23 15:47:40,227 [timer5] WARN  server.GrpcLogAppender (GrpcLogAppender.java:lambda$resetClient$1(221)) - omNode-1@group-523986131536->omNode-3-GrpcLogAppender: Follower failed (request=null, errorCount=366); keep nextIndex (223) unchanged and retry. (Repeated 2 times in the last 5.000s)
2025-04-23 15:47:40,236 [timer0] WARN  server.GrpcLogAppender (GrpcLogAppender.java:lambda$resetClient$1(221)) - omNode-1@group-523986131536->omNode-3-GrpcLogAppender: Follower failed (request=null, errorCount=368); keep nextIndex (224) unchanged and retry. (Repeated 2 times in the last 5.000s)
2025-04-23 15:47:40,242 [timer3] WARN  server.GrpcLogAppender (GrpcLogAppender.java:lambda$resetClient$1(221)) - omNode-1@group-523986131536->omNode-3-GrpcLogAppender: Follower failed (request=null, errorCount=370); keep nextIndex (225) unchanged and retry. (Repeated 2 times in the last 5.000s)
2025-04-23 15:47:40,244 [timer6] WARN  server.GrpcLogAppender (GrpcLogAppender.java:lambda$resetClient$1(221)) - omNode-1@group-523986131536->omNode-3-GrpcLogAppender: Follower failed (request=null, errorCount=372); keep nextIndex (226) unchanged and retry. (Repeated 2 times in the last 5.000s)
2025-04-23 15:47:40,246 [timer1] WARN  server.GrpcLogAppender (GrpcLogAppender.java:lambda$resetClient$1(221)) - omNode-1@group-523986131536->omNode-3-GrpcLogAppender: Follower failed (request=null, errorCount=374); keep nextIndex (227) unchanged and retry. (Repeated 2 times in the last 5.000s)
2025-04-23 15:47:40,254 [timer5] WARN  server.GrpcLogAppender (GrpcLogAppender.java:lambda$resetClient$1(221)) - omNode-1@group-523986131536->omNode-3-GrpcLogAppender: Follower failed (request=null, errorCount=376); keep nextIndex (228) unchanged and retry. (Repeated 2 times in the last 5.000s)
2025-04-23 15:47:40,256 [timer7] WARN  server.GrpcLogAppender (GrpcLogAppender.java:lambda$resetClient$1(221)) - omNode-1@group-523986131536->omNode-3-GrpcLogAppender: Follower failed (request=null, errorCount=378); keep nextIndex (229) unchanged and retry. (Repeated 2 times in the last 5.000s)
2025-04-23 15:47:40,266 [timer2] WARN  server.GrpcLogAppender (GrpcLogAppender.java:lambda$resetClient$1(221)) - omNode-1@group-523986131536->omNode-3-GrpcLogAppender: Follower failed (request=null, errorCount=380); keep nextIndex (230) unchanged and retry. (Repeated 2 times in the last 5.000s)
2025-04-23 15:47:40,268 [timer5] WARN  server.GrpcLogAppender (GrpcLogAppender.java:lambda$resetClient$1(221)) - omNode-1@group-523986131536->omNode-3-GrpcLogAppender: Follower failed (request=null, errorCount=382); keep nextIndex (231) unchanged and retry. (Repeated 2 times in the last 5.000s)
2025-04-23 15:47:40,283 [timer1] WARN  server.GrpcLogAppender (GrpcLogAppender.java:lambda$resetClient$1(221)) - omNode-1@group-523986131536->omNode-3-GrpcLogAppender: Follower failed (request=null, errorCount=384); keep nextIndex (232) unchanged and retry. (Repeated 2 times in the last 5.000s)
2025-04-23 15:47:40,285 [timer5] WARN  server.GrpcLogAppender (GrpcLogAppender.java:lambda$resetClient$1(221)) - omNode-1@group-523986131536->omNode-3-GrpcLogAppender: Follower failed (request=null, errorCount=386); keep nextIndex (233) unchanged and retry. (Repeated 2 times in the last 5.000s)
2025-04-23 15:47:40,295 [timer0] WARN  server.GrpcLogAppender (GrpcLogAppender.java:lambda$resetClient$1(221)) - omNode-1@group-523986131536->omNode-3-GrpcLogAppender: Follower failed (request=null, errorCount=388); keep nextIndex (234) unchanged and retry. (Repeated 2 times in the last 5.000s)
2025-04-23 15:47:40,296 [timer3] WARN  server.GrpcLogAppender (GrpcLogAppender.java:lambda$resetClient$1(221)) - omNode-1@group-523986131536->omNode-3-GrpcLogAppender: Follower failed (request=null, errorCount=390); keep nextIndex (235) unchanged and retry. (Repeated 2 times in the last 5.000s)
2025-04-23 15:47:40,305 [timer7] WARN  server.GrpcLogAppender (GrpcLogAppender.java:lambda$resetClient$1(221)) - omNode-1@group-523986131536->omNode-3-GrpcLogAppender: Follower failed (request=null, errorCount=392); keep nextIndex (236) unchanged and retry. (Repeated 2 times in the last 5.000s)
2025-04-23 15:47:40,307 [timer3] WARN  server.GrpcLogAppender (GrpcLogAppender.java:lambda$resetClient$1(221)) - omNode-1@group-523986131536->omNode-3-GrpcLogAppender: Follower failed (request=null, errorCount=394); keep nextIndex (237) unchanged and retry. (Repeated 2 times in the last 5.000s)
2025-04-23 15:47:40,312 [timer6] WARN  server.GrpcLogAppender (GrpcLogAppender.java:lambda$resetClient$1(221)) - omNode-1@group-523986131536->omNode-3-GrpcLogAppender: Follower failed (request=null, errorCount=396); keep nextIndex (238) unchanged and retry. (Repeated 2 times in the last 5.000s)
2025-04-23 15:47:40,314 [timer1] WARN  server.GrpcLogAppender (GrpcLogAppender.java:lambda$resetClient$1(221)) - omNode-1@group-523986131536->omNode-3-GrpcLogAppender: Follower failed (request=null, errorCount=398); keep nextIndex (239) unchanged and retry. (Repeated 2 times in the last 5.000s)
2025-04-23 15:47:40,324 [timer6] WARN  server.GrpcLogAppender (GrpcLogAppender.java:lambda$resetClient$1(221)) - omNode-1@group-523986131536->omNode-3-GrpcLogAppender: Follower failed (request=null, errorCount=400); keep nextIndex (240) unchanged and retry. (Repeated 2 times in the last 5.000s)
2025-04-23 15:47:40,326 [timer1] WARN  server.GrpcLogAppender (GrpcLogAppender.java:lambda$resetClient$1(221)) - omNode-1@group-523986131536->omNode-3-GrpcLogAppender: Follower failed (request=null, errorCount=402); keep nextIndex (241) unchanged and retry. (Repeated 2 times in the last 5.000s)
2025-04-23 15:47:40,331 [timer4] WARN  server.GrpcLogAppender (GrpcLogAppender.java:lambda$resetClient$1(221)) - omNode-1@group-523986131536->omNode-3-GrpcLogAppender: Follower failed (request=null, errorCount=404); keep nextIndex (242) unchanged and retry. (Repeated 2 times in the last 5.000s)
2025-04-23 15:47:40,332 [timer7] WARN  server.GrpcLogAppender (GrpcLogAppender.java:lambda$resetClient$1(221)) - omNode-1@group-523986131536->omNode-3-GrpcLogAppender: Follower failed (request=null, errorCount=406); keep nextIndex (243) unchanged and retry. (Repeated 2 times in the last 5.000s)
2025-04-23 15:47:40,341 [timer4] WARN  server.GrpcLogAppender (GrpcLogAppender.java:lambda$resetClient$1(221)) - omNode-1@group-523986131536->omNode-3-GrpcLogAppender: Follower failed (request=null, errorCount=408); keep nextIndex (244) unchanged and retry. (Repeated 2 times in the last 5.000s)
2025-04-23 15:47:40,342 [timer7] WARN  server.GrpcLogAppender (GrpcLogAppender.java:lambda$resetClient$1(221)) - omNode-1@group-523986131536->omNode-3-GrpcLogAppender: Follower failed (request=null, errorCount=410); keep nextIndex (245) unchanged and retry. (Repeated 2 times in the last 5.000s)
2025-04-23 15:47:40,347 [timer1] WARN  server.GrpcLogAppender (GrpcLogAppender.java:lambda$resetClient$1(221)) - omNode-1@group-523986131536->omNode-3-GrpcLogAppender: Follower failed (request=null, errorCount=412); keep nextIndex (246) unchanged and retry. (Repeated 2 times in the last 5.000s)
2025-04-23 15:47:40,349 [timer5] WARN  server.GrpcLogAppender (GrpcLogAppender.java:lambda$resetClient$1(221)) - omNode-1@group-523986131536->omNode-3-GrpcLogAppender: Follower failed (request=null, errorCount=414); keep nextIndex (247) unchanged and retry. (Repeated 2 times in the last 5.000s)
2025-04-23 15:47:40,358 [omNode-3@group-523986131536-FollowerState] INFO  impl.FollowerState (FollowerState.java:runImpl(161)) - omNode-3@group-523986131536-FollowerState: change to CANDIDATE, lastRpcElapsedTime:1166290146ns, electionTimeout:1166ms
2025-04-23 15:47:40,358 [omNode-3@group-523986131536-FollowerState] INFO  impl.RoleInfo (RoleInfo.java:shutdownFollowerState(121)) - omNode-3: shutdown omNode-3@group-523986131536-FollowerState
2025-04-23 15:47:40,358 [omNode-3@group-523986131536-FollowerState] INFO  server.RaftServer$Division (RaftServerImpl.java:setRole(378)) - omNode-3@group-523986131536: changes role from  FOLLOWER to CANDIDATE at term 1 for changeToCandidate
2025-04-23 15:47:40,358 [omNode-3@group-523986131536-FollowerState] INFO  server.RaftServerConfigKeys (ConfUtils.java:logGet(46)) - raft.server.leaderelection.pre-vote = true (default)
2025-04-23 15:47:40,358 [omNode-3@group-523986131536-FollowerState] INFO  impl.RoleInfo (RoleInfo.java:updateAndGet(148)) - omNode-3: start omNode-3@group-523986131536-LeaderElection48
2025-04-23 15:47:40,358 [omNode-3@group-523986131536-LeaderElection48] INFO  impl.LeaderElection (LeaderElection.java:askForVotes(332)) - omNode-3@group-523986131536-LeaderElection48 PRE_VOTE round 0: submit vote requests at term 1 for conf: {index: 0, cur=peers:[omNode-3|localhost:15059, omNode-1|localhost:15051, omNode-2|localhost:15055]|listeners:[], old=null}
2025-04-23 15:47:40,358 [timer1] WARN  server.GrpcLogAppender (GrpcLogAppender.java:lambda$resetClient$1(221)) - omNode-1@group-523986131536->omNode-3-GrpcLogAppender: Follower failed (request=null, errorCount=416); keep nextIndex (248) unchanged and retry. (Repeated 2 times in the last 5.000s)
2025-04-23 15:47:40,359 [grpc-default-executor-5] INFO  server.RaftServer$Division (RaftServerImpl.java:requestVote(1407)) - omNode-2@group-523986131536: receive requestVote(PRE_VOTE, omNode-3, group-523986131536, 1, (t:1, i:44))
2025-04-23 15:47:40,359 [grpc-default-executor-5] INFO  impl.VoteContext (VoteContext.java:log(49)) - omNode-2@group-523986131536-FOLLOWER: reject PRE_VOTE from omNode-3: this server is a follower and still has a valid leader omNode-1 different than the candidate omNode-3
2025-04-23 15:47:40,359 [grpc-default-executor-4] INFO  server.RaftServer$Division (RaftServerImpl.java:requestVote(1407)) - omNode-1@group-523986131536: receive requestVote(PRE_VOTE, omNode-3, group-523986131536, 1, (t:1, i:44))
2025-04-23 15:47:40,360 [grpc-default-executor-5] INFO  server.RaftServer$Division (RaftServerImpl.java:requestVote(1441)) - omNode-2@group-523986131536 replies to PRE_VOTE vote request: omNode-3<-omNode-2#0:FAIL-t1. Peer's state: omNode-2@group-523986131536:t1, leader=omNode-1, voted=omNode-1, raftlog=Memoized:omNode-2@group-523986131536-SegmentedRaftLog:OPENED:c544:last(t:1, i:544), conf=conf: {index: 0, cur=peers:[omNode-3|localhost:15059, omNode-1|localhost:15051, omNode-2|localhost:15055]|listeners:[], old=null}
2025-04-23 15:47:40,360 [grpc-default-executor-4] INFO  impl.VoteContext (VoteContext.java:log(49)) - omNode-1@group-523986131536-LEADER: reject PRE_VOTE from omNode-3: this server is the leader and still has leadership
2025-04-23 15:47:40,360 [grpc-default-executor-4] INFO  server.RaftServer$Division (RaftServerImpl.java:requestVote(1441)) - omNode-1@group-523986131536 replies to PRE_VOTE vote request: omNode-3<-omNode-1#0:FAIL-t1. Peer's state: omNode-1@group-523986131536:t1, leader=omNode-1, voted=omNode-1, raftlog=Memoized:omNode-1@group-523986131536-SegmentedRaftLog:OPENED:c544:last(t:1, i:544), conf=conf: {index: 0, cur=peers:[omNode-3|localhost:15059, omNode-1|localhost:15051, omNode-2|localhost:15055]|listeners:[], old=null}
2025-04-23 15:47:40,360 [omNode-3@group-523986131536-LeaderElection48] INFO  impl.LeaderElection (LeaderElection.java:logAndReturn(90)) - omNode-3@group-523986131536-LeaderElection48: PRE_VOTE REJECTED received 2 response(s) and 0 exception(s):
2025-04-23 15:47:40,360 [omNode-3@group-523986131536-LeaderElection48] INFO  impl.LeaderElection (LeaderElection.java:logAndReturn(94)) -   Response 0: omNode-3<-omNode-1#0:FAIL-t1
2025-04-23 15:47:40,360 [omNode-3@group-523986131536-LeaderElection48] INFO  impl.LeaderElection (LeaderElection.java:logAndReturn(94)) -   Response 1: omNode-3<-omNode-2#0:FAIL-t1
2025-04-23 15:47:40,360 [omNode-3@group-523986131536-LeaderElection48] INFO  impl.LeaderElection (LeaderElection.java:askForVotes(334)) - omNode-3@group-523986131536-LeaderElection48 PRE_VOTE round 0: result REJECTED
2025-04-23 15:47:40,361 [omNode-3@group-523986131536-LeaderElection48] INFO  server.RaftServer$Division (RaftServerImpl.java:setRole(378)) - omNode-3@group-523986131536: changes role from CANDIDATE to FOLLOWER at term 1 for REJECTED
2025-04-23 15:47:40,361 [omNode-3@group-523986131536-LeaderElection48] INFO  impl.RoleInfo (RoleInfo.java:shutdownLeaderElection(141)) - omNode-3: shutdown omNode-3@group-523986131536-LeaderElection48
2025-04-23 15:47:40,361 [omNode-3@group-523986131536-LeaderElection48] INFO  impl.RoleInfo (RoleInfo.java:updateAndGet(148)) - omNode-3: start omNode-3@group-523986131536-FollowerState
2025-04-23 15:47:40,362 [timer6] WARN  server.GrpcLogAppender (GrpcLogAppender.java:lambda$resetClient$1(221)) - omNode-1@group-523986131536->omNode-3-GrpcLogAppender: Follower failed (request=null, errorCount=418); keep nextIndex (249) unchanged and retry. (Repeated 2 times in the last 5.000s)
2025-04-23 15:47:40,367 [timer7] WARN  server.GrpcLogAppender (GrpcLogAppender.java:lambda$resetClient$1(221)) - omNode-1@group-523986131536->omNode-3-GrpcLogAppender: Follower failed (request=null, errorCount=420); keep nextIndex (250) unchanged and retry. (Repeated 2 times in the last 5.000s)
2025-04-23 15:47:40,369 [timer3] WARN  server.GrpcLogAppender (GrpcLogAppender.java:lambda$resetClient$1(221)) - omNode-1@group-523986131536->omNode-3-GrpcLogAppender: Follower failed (request=null, errorCount=422); keep nextIndex (251) unchanged and retry. (Repeated 2 times in the last 5.000s)
2025-04-23 15:47:40,379 [timer7] WARN  server.GrpcLogAppender (GrpcLogAppender.java:lambda$resetClient$1(221)) - omNode-1@group-523986131536->omNode-3-GrpcLogAppender: Follower failed (request=null, errorCount=424); keep nextIndex (252) unchanged and retry. (Repeated 2 times in the last 4.999s)
2025-04-23 15:47:40,382 [timer3] WARN  server.GrpcLogAppender (GrpcLogAppender.java:lambda$resetClient$1(221)) - omNode-1@group-523986131536->omNode-3-GrpcLogAppender: Follower failed (request=null, errorCount=426); keep nextIndex (253) unchanged and retry. (Repeated 2 times in the last 5.000s)
2025-04-23 15:47:40,396 [timer7] WARN  server.GrpcLogAppender (GrpcLogAppender.java:lambda$resetClient$1(221)) - omNode-1@group-523986131536->omNode-3-GrpcLogAppender: Follower failed (request=null, errorCount=428); keep nextIndex (254) unchanged and retry. (Repeated 2 times in the last 5.001s)
2025-04-23 15:47:40,400 [timer1] WARN  server.GrpcLogAppender (GrpcLogAppender.java:lambda$resetClient$1(221)) - omNode-1@group-523986131536->omNode-3-GrpcLogAppender: Follower failed (request=null, errorCount=430); keep nextIndex (255) unchanged and retry. (Repeated 2 times in the last 5.001s)
2025-04-23 15:47:40,411 [timer6] WARN  server.GrpcLogAppender (GrpcLogAppender.java:lambda$resetClient$1(221)) - omNode-1@group-523986131536->omNode-3-GrpcLogAppender: Follower failed (request=null, errorCount=432); keep nextIndex (256) unchanged and retry. (Repeated 2 times in the last 4.999s)
2025-04-23 15:47:40,415 [timer1] WARN  server.GrpcLogAppender (GrpcLogAppender.java:lambda$resetClient$1(221)) - omNode-1@group-523986131536->omNode-3-GrpcLogAppender: Follower failed (request=null, errorCount=436); keep nextIndex (257) unchanged and retry. (Repeated 4 times in the last 5.000s)
2025-04-23 15:47:40,424 [timer6] WARN  server.GrpcLogAppender (GrpcLogAppender.java:lambda$resetClient$1(221)) - omNode-1@group-523986131536->omNode-3-GrpcLogAppender: Follower failed (request=null, errorCount=438); keep nextIndex (259) unchanged and retry. (Repeated 2 times in the last 5.000s)
2025-04-23 15:47:40,437 [timer2] WARN  server.GrpcLogAppender (GrpcLogAppender.java:lambda$resetClient$1(221)) - omNode-1@group-523986131536->omNode-3-GrpcLogAppender: Follower failed (request=null, errorCount=440); keep nextIndex (260) unchanged and retry. (Repeated 2 times in the last 5.000s)
2025-04-23 15:47:40,441 [timer5] WARN  server.GrpcLogAppender (GrpcLogAppender.java:lambda$resetClient$1(221)) - omNode-1@group-523986131536->omNode-3-GrpcLogAppender: Follower failed (request=null, errorCount=442); keep nextIndex (261) unchanged and retry. (Repeated 2 times in the last 5.001s)
2025-04-23 15:47:40,448 [timer0] WARN  server.GrpcLogAppender (GrpcLogAppender.java:lambda$resetClient$1(221)) - omNode-1@group-523986131536->omNode-3-GrpcLogAppender: Follower failed (request=null, errorCount=444); keep nextIndex (262) unchanged and retry. (Repeated 2 times in the last 5.000s)
2025-04-23 15:47:40,450 [timer3] WARN  server.GrpcLogAppender (GrpcLogAppender.java:lambda$resetClient$1(221)) - omNode-1@group-523986131536->omNode-3-GrpcLogAppender: Follower failed (request=null, errorCount=446); keep nextIndex (263) unchanged and retry. (Repeated 2 times in the last 4.999s)
2025-04-23 15:47:40,461 [timer0] WARN  server.GrpcLogAppender (GrpcLogAppender.java:lambda$resetClient$1(221)) - omNode-1@group-523986131536->omNode-3-GrpcLogAppender: Follower failed (request=null, errorCount=448); keep nextIndex (264) unchanged and retry. (Repeated 2 times in the last 5.000s)
2025-04-23 15:47:40,465 [timer3] WARN  server.GrpcLogAppender (GrpcLogAppender.java:lambda$resetClient$1(221)) - omNode-1@group-523986131536->omNode-3-GrpcLogAppender: Follower failed (request=null, errorCount=450); keep nextIndex (265) unchanged and retry. (Repeated 2 times in the last 5.000s)
2025-04-23 15:47:40,471 [timer5] WARN  server.GrpcLogAppender (GrpcLogAppender.java:lambda$resetClient$1(221)) - omNode-1@group-523986131536->omNode-3-GrpcLogAppender: Follower failed (request=null, errorCount=452); keep nextIndex (266) unchanged and retry. (Repeated 2 times in the last 5.001s)
2025-04-23 15:47:40,472 [timer0] WARN  server.GrpcLogAppender (GrpcLogAppender.java:lambda$resetClient$1(221)) - omNode-1@group-523986131536->omNode-3-GrpcLogAppender: Follower failed (request=null, errorCount=454); keep nextIndex (267) unchanged and retry. (Repeated 2 times in the last 5.000s)
2025-04-23 15:47:40,485 [timer5] WARN  server.GrpcLogAppender (GrpcLogAppender.java:lambda$resetClient$1(221)) - omNode-1@group-523986131536->omNode-3-GrpcLogAppender: Follower failed (request=null, errorCount=456); keep nextIndex (268) unchanged and retry. (Repeated 2 times in the last 5.000s)
2025-04-23 15:47:40,488 [timer0] WARN  server.GrpcLogAppender (GrpcLogAppender.java:lambda$resetClient$1(221)) - omNode-1@group-523986131536->omNode-3-GrpcLogAppender: Follower failed (request=null, errorCount=458); keep nextIndex (269) unchanged and retry. (Repeated 2 times in the last 5.000s)
2025-04-23 15:47:40,495 [timer3] WARN  server.GrpcLogAppender (GrpcLogAppender.java:lambda$resetClient$1(221)) - omNode-1@group-523986131536->omNode-3-GrpcLogAppender: Follower failed (request=null, errorCount=460); keep nextIndex (270) unchanged and retry. (Repeated 2 times in the last 5.000s)
2025-04-23 15:47:40,497 [timer5] WARN  server.GrpcLogAppender (GrpcLogAppender.java:lambda$resetClient$1(221)) - omNode-1@group-523986131536->omNode-3-GrpcLogAppender: Follower failed (request=null, errorCount=462); keep nextIndex (271) unchanged and retry. (Repeated 2 times in the last 5.000s)
2025-04-23 15:47:40,508 [timer1] WARN  server.GrpcLogAppender (GrpcLogAppender.java:lambda$resetClient$1(221)) - omNode-1@group-523986131536->omNode-3-GrpcLogAppender: Follower failed (request=null, errorCount=464); keep nextIndex (272) unchanged and retry. (Repeated 2 times in the last 5.000s)
2025-04-23 15:47:40,510 [timer4] WARN  server.GrpcLogAppender (GrpcLogAppender.java:lambda$resetClient$1(221)) - omNode-1@group-523986131536->omNode-3-GrpcLogAppender: Follower failed (request=null, errorCount=466); keep nextIndex (273) unchanged and retry. (Repeated 2 times in the last 5.000s)
2025-04-23 15:47:40,516 [timer6] WARN  server.GrpcLogAppender (GrpcLogAppender.java:lambda$resetClient$1(221)) - omNode-1@group-523986131536->omNode-3-GrpcLogAppender: Follower failed (request=null, errorCount=468); keep nextIndex (274) unchanged and retry. (Repeated 2 times in the last 5.000s)
2025-04-23 15:47:40,518 [timer1] WARN  server.GrpcLogAppender (GrpcLogAppender.java:lambda$resetClient$1(221)) - omNode-1@group-523986131536->omNode-3-GrpcLogAppender: Follower failed (request=null, errorCount=470); keep nextIndex (275) unchanged and retry. (Repeated 2 times in the last 5.000s)
2025-04-23 15:47:40,530 [timer6] WARN  server.GrpcLogAppender (GrpcLogAppender.java:lambda$resetClient$1(221)) - omNode-1@group-523986131536->omNode-3-GrpcLogAppender: Follower failed (request=null, errorCount=472); keep nextIndex (276) unchanged and retry. (Repeated 2 times in the last 5.000s)
2025-04-23 15:47:40,532 [timer1] WARN  server.GrpcLogAppender (GrpcLogAppender.java:lambda$resetClient$1(221)) - omNode-1@group-523986131536->omNode-3-GrpcLogAppender: Follower failed (request=null, errorCount=474); keep nextIndex (277) unchanged and retry. (Repeated 2 times in the last 5.000s)
2025-04-23 15:47:40,539 [timer4] WARN  server.GrpcLogAppender (GrpcLogAppender.java:lambda$resetClient$1(221)) - omNode-1@group-523986131536->omNode-3-GrpcLogAppender: Follower failed (request=null, errorCount=476); keep nextIndex (278) unchanged and retry. (Repeated 2 times in the last 5.001s)
2025-04-23 15:47:40,541 [timer6] WARN  server.GrpcLogAppender (GrpcLogAppender.java:lambda$resetClient$1(221)) - omNode-1@group-523986131536->omNode-3-GrpcLogAppender: Follower failed (request=null, errorCount=478); keep nextIndex (279) unchanged and retry. (Repeated 2 times in the last 5.001s)
2025-04-23 15:47:40,552 [timer4] WARN  server.GrpcLogAppender (GrpcLogAppender.java:lambda$resetClient$1(221)) - omNode-1@group-523986131536->omNode-3-GrpcLogAppender: Follower failed (request=null, errorCount=480); keep nextIndex (280) unchanged and retry. (Repeated 2 times in the last 5.000s)
2025-04-23 15:47:40,553 [timer6] WARN  server.GrpcLogAppender (GrpcLogAppender.java:lambda$resetClient$1(221)) - omNode-1@group-523986131536->omNode-3-GrpcLogAppender: Follower failed (request=null, errorCount=482); keep nextIndex (281) unchanged and retry. (Repeated 2 times in the last 5.000s)
2025-04-23 15:47:40,562 [timer1] WARN  server.GrpcLogAppender (GrpcLogAppender.java:lambda$resetClient$1(221)) - omNode-1@group-523986131536->omNode-3-GrpcLogAppender: Follower failed (request=null, errorCount=484); keep nextIndex (282) unchanged and retry. (Repeated 2 times in the last 5.000s)
2025-04-23 15:47:40,566 [timer4] WARN  server.GrpcLogAppender (GrpcLogAppender.java:lambda$resetClient$1(221)) - omNode-1@group-523986131536->omNode-3-GrpcLogAppender: Follower failed (request=null, errorCount=486); keep nextIndex (283) unchanged and retry. (Repeated 2 times in the last 5.000s)
2025-04-23 15:47:40,575 [timer0] WARN  server.GrpcLogAppender (GrpcLogAppender.java:lambda$resetClient$1(221)) - omNode-1@group-523986131536->omNode-3-GrpcLogAppender: Follower failed (request=null, errorCount=488); keep nextIndex (284) unchanged and retry. (Repeated 2 times in the last 4.999s)
2025-04-23 15:47:40,577 [timer3] WARN  server.GrpcLogAppender (GrpcLogAppender.java:lambda$resetClient$1(221)) - omNode-1@group-523986131536->omNode-3-GrpcLogAppender: Follower failed (request=null, errorCount=490); keep nextIndex (285) unchanged and retry. (Repeated 2 times in the last 5.000s)
2025-04-23 15:47:40,583 [timer6] WARN  server.GrpcLogAppender (GrpcLogAppender.java:lambda$resetClient$1(221)) - omNode-1@group-523986131536->omNode-3-GrpcLogAppender: Follower failed (request=null, errorCount=492); keep nextIndex (286) unchanged and retry. (Repeated 2 times in the last 5.001s)
2025-04-23 15:47:40,584 [timer1] WARN  server.GrpcLogAppender (GrpcLogAppender.java:lambda$resetClient$1(221)) - omNode-1@group-523986131536->omNode-3-GrpcLogAppender: Follower failed (request=null, errorCount=494); keep nextIndex (287) unchanged and retry. (Repeated 2 times in the last 5.000s)
2025-04-23 15:47:40,595 [timer5] WARN  server.GrpcLogAppender (GrpcLogAppender.java:lambda$resetClient$1(221)) - omNode-1@group-523986131536->omNode-3-GrpcLogAppender: Follower failed (request=null, errorCount=496); keep nextIndex (288) unchanged and retry. (Repeated 2 times in the last 5.000s)
2025-04-23 15:47:40,597 [timer0] WARN  server.GrpcLogAppender (GrpcLogAppender.java:lambda$resetClient$1(221)) - omNode-1@group-523986131536->omNode-3-GrpcLogAppender: Follower failed (request=null, errorCount=498); keep nextIndex (289) unchanged and retry. (Repeated 2 times in the last 5.000s)
2025-04-23 15:47:40,603 [timer3] WARN  server.GrpcLogAppender (GrpcLogAppender.java:lambda$resetClient$1(221)) - omNode-1@group-523986131536->omNode-3-GrpcLogAppender: Follower failed (request=null, errorCount=500); keep nextIndex (290) unchanged and retry. (Repeated 2 times in the last 5.001s)
2025-04-23 15:47:40,605 [timer6] WARN  server.GrpcLogAppender (GrpcLogAppender.java:lambda$resetClient$1(221)) - omNode-1@group-523986131536->omNode-3-GrpcLogAppender: Follower failed (request=null, errorCount=502); keep nextIndex (291) unchanged and retry. (Repeated 2 times in the last 5.000s)
2025-04-23 15:47:40,613 [timer3] WARN  server.GrpcLogAppender (GrpcLogAppender.java:lambda$resetClient$1(221)) - omNode-1@group-523986131536->omNode-3-GrpcLogAppender: Follower failed (request=null, errorCount=504); keep nextIndex (292) unchanged and retry. (Repeated 2 times in the last 4.999s)
2025-04-23 15:47:40,616 [timer6] WARN  server.GrpcLogAppender (GrpcLogAppender.java:lambda$resetClient$1(221)) - omNode-1@group-523986131536->omNode-3-GrpcLogAppender: Follower failed (request=null, errorCount=506); keep nextIndex (293) unchanged and retry. (Repeated 2 times in the last 5.000s)
2025-04-23 15:47:40,620 [timer1] WARN  server.GrpcLogAppender (GrpcLogAppender.java:lambda$resetClient$1(221)) - omNode-1@group-523986131536->omNode-3-GrpcLogAppender: Follower failed (request=null, errorCount=508); keep nextIndex (294) unchanged and retry. (Repeated 2 times in the last 5.000s)
2025-04-23 15:47:40,622 [timer4] WARN  server.GrpcLogAppender (GrpcLogAppender.java:lambda$resetClient$1(221)) - omNode-1@group-523986131536->omNode-3-GrpcLogAppender: Follower failed (request=null, errorCount=510); keep nextIndex (295) unchanged and retry. (Repeated 2 times in the last 5.000s)
2025-04-23 15:47:40,623 [omNode-3-server-thread1] INFO  ratis.OzoneManagerStateMachine (OzoneManagerStateMachine.java:notifyLeaderChanged(169)) - omNode-3@group-523986131536: leader changed to omNode-1
2025-04-23 15:47:40,624 [omNode-3-server-thread1] INFO  server.RaftServer$Division (ServerState.java:setLeader(272)) - omNode-3@group-523986131536: change Leader from null to omNode-1 at term 1 for appendEntries, leader elected after 3551ms
2025-04-23 15:47:40,624 [omNode-3-server-thread1] INFO  server.RaftServer$Division (RaftServerImpl.java:checkInconsistentAppendEntries(1648)) - omNode-3@group-523986131536: Failed appendEntries as previous log entry ((t:1, i:544)) is not found
2025-04-23 15:47:40,624 [omNode-3-server-thread1] INFO  server.RaftServer$Division (RaftServerImpl.java:appendEntriesAsync(1580)) - omNode-3@group-523986131536: appendEntries* reply omNode-1<-omNode-3#3437:FAIL-t1,INCONSISTENCY,nextIndex=45,followerCommit=43,matchIndex=-1
2025-04-23 15:47:40,624 [grpc-default-executor-5] WARN  server.GrpcLogAppender (GrpcLogAppender.java:onNextImpl(519)) - omNode-1@group-523986131536->omNode-3-AppendLogResponseHandler: received INCONSISTENCY reply with nextIndex 45, errorCount=1019, request=AppendEntriesRequest:cid=3437,entriesCount=0
2025-04-23 15:47:40,624 [grpc-default-executor-5] INFO  leader.FollowerInfo (FollowerInfoImpl.java:info(70)) - omNode-1@group-523986131536->omNode-3: setNextIndex nextIndex: updateUnconditionally 545 -> 45
2025-04-23 15:47:40,635 [timer1] WARN  server.GrpcLogAppender (GrpcLogAppender.java:lambda$resetClient$1(221)) - omNode-1@group-523986131536->omNode-3-GrpcLogAppender: Follower failed (request=null, errorCount=512); keep nextIndex (296) unchanged and retry. (Repeated 2 times in the last 5.001s)
2025-04-23 15:47:40,636 [timer3] WARN  server.GrpcLogAppender (GrpcLogAppender.java:lambda$resetClient$1(221)) - omNode-1@group-523986131536->omNode-3-GrpcLogAppender: Follower failed (request=null, errorCount=514); keep nextIndex (297) unchanged and retry. (Repeated 2 times in the last 5.000s)
2025-04-23 15:47:40,641 [timer6] WARN  server.GrpcLogAppender (GrpcLogAppender.java:lambda$resetClient$1(221)) - omNode-1@group-523986131536->omNode-3-GrpcLogAppender: Follower failed (request=null, errorCount=516); keep nextIndex (298) unchanged and retry. (Repeated 2 times in the last 5.000s)
2025-04-23 15:47:40,642 [timer0] WARN  server.GrpcLogAppender (GrpcLogAppender.java:lambda$resetClient$1(221)) - omNode-1@group-523986131536->omNode-3-GrpcLogAppender: Follower failed (request=null, errorCount=518); keep nextIndex (299) unchanged and retry. (Repeated 2 times in the last 5.000s)
2025-04-23 15:47:40,652 [timer6] WARN  server.GrpcLogAppender (GrpcLogAppender.java:lambda$resetClient$1(221)) - omNode-1@group-523986131536->omNode-3-GrpcLogAppender: Follower failed (request=null, errorCount=520); keep nextIndex (300) unchanged and retry. (Repeated 2 times in the last 5.000s)
2025-04-23 15:47:40,655 [timer1] WARN  server.GrpcLogAppender (GrpcLogAppender.java:lambda$resetClient$1(221)) - omNode-1@group-523986131536->omNode-3-GrpcLogAppender: Follower failed (request=null, errorCount=522); keep nextIndex (301) unchanged and retry. (Repeated 2 times in the last 5.001s)
2025-04-23 15:47:40,660 [timer4] WARN  server.GrpcLogAppender (GrpcLogAppender.java:lambda$resetClient$1(221)) - omNode-1@group-523986131536->omNode-3-GrpcLogAppender: Follower failed (request=null, errorCount=524); keep nextIndex (302) unchanged and retry. (Repeated 2 times in the last 5.000s)
2025-04-23 15:47:40,664 [timer7] WARN  server.GrpcLogAppender (GrpcLogAppender.java:lambda$resetClient$1(221)) - omNode-1@group-523986131536->omNode-3-GrpcLogAppender: Follower failed (request=null, errorCount=528); keep nextIndex (303) unchanged and retry. (Repeated 4 times in the last 5.002s)
2025-04-23 15:47:40,684 [timer4] WARN  server.GrpcLogAppender (GrpcLogAppender.java:lambda$resetClient$1(221)) - omNode-1@group-523986131536->omNode-3-GrpcLogAppender: Follower failed (request=null, errorCount=530); keep nextIndex (305) unchanged and retry. (Repeated 2 times in the last 5.001s)
2025-04-23 15:47:40,688 [timer7] WARN  server.GrpcLogAppender (GrpcLogAppender.java:lambda$resetClient$1(221)) - omNode-1@group-523986131536->omNode-3-GrpcLogAppender: Follower failed (request=null, errorCount=532); keep nextIndex (306) unchanged and retry. (Repeated 2 times in the last 5.000s)
2025-04-23 15:47:40,691 [timer2] WARN  server.GrpcLogAppender (GrpcLogAppender.java:lambda$resetClient$1(221)) - omNode-1@group-523986131536->omNode-3-GrpcLogAppender: Follower failed (request=null, errorCount=534); keep nextIndex (307) unchanged and retry. (Repeated 2 times in the last 5.000s)
2025-04-23 15:47:40,698 [timer6] WARN  server.GrpcLogAppender (GrpcLogAppender.java:lambda$resetClient$1(221)) - omNode-1@group-523986131536->omNode-3-GrpcLogAppender: Follower failed (request=null, errorCount=536); keep nextIndex (308) unchanged and retry. (Repeated 2 times in the last 5.001s)
2025-04-23 15:47:40,699 [timer1] WARN  server.GrpcLogAppender (GrpcLogAppender.java:lambda$resetClient$1(221)) - omNode-1@group-523986131536->omNode-3-GrpcLogAppender: Follower failed (request=null, errorCount=538); keep nextIndex (309) unchanged and retry. (Repeated 2 times in the last 5.000s)
2025-04-23 15:47:40,702 [timer4] WARN  server.GrpcLogAppender (GrpcLogAppender.java:lambda$resetClient$1(221)) - omNode-1@group-523986131536->omNode-3-GrpcLogAppender: Follower failed (request=null, errorCount=540); keep nextIndex (310) unchanged and retry. (Repeated 2 times in the last 4.999s)
2025-04-23 15:47:40,705 [timer7] WARN  server.GrpcLogAppender (GrpcLogAppender.java:lambda$resetClient$1(221)) - omNode-1@group-523986131536->omNode-3-GrpcLogAppender: Follower failed (request=null, errorCount=542); keep nextIndex (311) unchanged and retry. (Repeated 2 times in the last 5.000s)
2025-04-23 15:47:40,713 [timer4] WARN  server.GrpcLogAppender (GrpcLogAppender.java:lambda$resetClient$1(221)) - omNode-1@group-523986131536->omNode-3-GrpcLogAppender: Follower failed (request=null, errorCount=544); keep nextIndex (312) unchanged and retry. (Repeated 2 times in the last 5.001s)
2025-04-23 15:47:40,714 [timer7] WARN  server.GrpcLogAppender (GrpcLogAppender.java:lambda$resetClient$1(221)) - omNode-1@group-523986131536->omNode-3-GrpcLogAppender: Follower failed (request=null, errorCount=546); keep nextIndex (313) unchanged and retry. (Repeated 2 times in the last 5.000s)
2025-04-23 15:47:40,717 [timer2] WARN  server.GrpcLogAppender (GrpcLogAppender.java:lambda$resetClient$1(221)) - omNode-1@group-523986131536->omNode-3-GrpcLogAppender: Follower failed (request=null, errorCount=548); keep nextIndex (314) unchanged and retry. (Repeated 2 times in the last 4.999s)
2025-04-23 15:47:40,720 [timer5] WARN  server.GrpcLogAppender (GrpcLogAppender.java:lambda$resetClient$1(221)) - omNode-1@group-523986131536->omNode-3-GrpcLogAppender: Follower failed (request=null, errorCount=550); keep nextIndex (315) unchanged and retry. (Repeated 2 times in the last 5.000s)
2025-04-23 15:47:40,731 [timer2] WARN  server.GrpcLogAppender (GrpcLogAppender.java:lambda$resetClient$1(221)) - omNode-1@group-523986131536->omNode-3-GrpcLogAppender: Follower failed (request=null, errorCount=552); keep nextIndex (316) unchanged and retry. (Repeated 2 times in the last 5.001s)
2025-04-23 15:47:40,732 [timer3] WARN  server.GrpcLogAppender (GrpcLogAppender.java:lambda$resetClient$1(221)) - omNode-1@group-523986131536->omNode-3-GrpcLogAppender: Follower failed (request=null, errorCount=554); keep nextIndex (317) unchanged and retry. (Repeated 2 times in the last 5.000s)
2025-04-23 15:47:40,740 [timer6] WARN  server.GrpcLogAppender (GrpcLogAppender.java:lambda$resetClient$1(221)) - omNode-1@group-523986131536->omNode-3-GrpcLogAppender: Follower failed (request=null, errorCount=556); keep nextIndex (318) unchanged and retry. (Repeated 2 times in the last 5.001s)
2025-04-23 15:47:40,742 [timer1] WARN  server.GrpcLogAppender (GrpcLogAppender.java:lambda$resetClient$1(221)) - omNode-1@group-523986131536->omNode-3-GrpcLogAppender: Follower failed (request=null, errorCount=558); keep nextIndex (319) unchanged and retry. (Repeated 2 times in the last 5.001s)
2025-04-23 15:47:40,752 [timer6] WARN  server.GrpcLogAppender (GrpcLogAppender.java:lambda$resetClient$1(221)) - omNode-1@group-523986131536->omNode-3-GrpcLogAppender: Follower failed (request=null, errorCount=560); keep nextIndex (320) unchanged and retry. (Repeated 2 times in the last 5.000s)
2025-04-23 15:47:40,754 [timer7] WARN  server.GrpcLogAppender (GrpcLogAppender.java:lambda$resetClient$1(221)) - omNode-1@group-523986131536->omNode-3-GrpcLogAppender: Follower failed (request=null, errorCount=562); keep nextIndex (321) unchanged and retry. (Repeated 2 times in the last 5.000s)
2025-04-23 15:47:40,759 [timer2] WARN  server.GrpcLogAppender (GrpcLogAppender.java:lambda$resetClient$1(221)) - omNode-1@group-523986131536->omNode-3-GrpcLogAppender: Follower failed (request=null, errorCount=564); keep nextIndex (322) unchanged and retry. (Repeated 2 times in the last 5.000s)
2025-04-23 15:47:40,762 [timer5] WARN  server.GrpcLogAppender (GrpcLogAppender.java:lambda$resetClient$1(221)) - omNode-1@group-523986131536->omNode-3-GrpcLogAppender: Follower failed (request=null, errorCount=566); keep nextIndex (323) unchanged and retry. (Repeated 2 times in the last 5.000s)
2025-04-23 15:47:40,773 [timer2] WARN  server.GrpcLogAppender (GrpcLogAppender.java:lambda$resetClient$1(221)) - omNode-1@group-523986131536->omNode-3-GrpcLogAppender: Follower failed (request=null, errorCount=568); keep nextIndex (324) unchanged and retry. (Repeated 2 times in the last 5.000s)
2025-04-23 15:47:40,775 [timer5] WARN  server.GrpcLogAppender (GrpcLogAppender.java:lambda$resetClient$1(221)) - omNode-1@group-523986131536->omNode-3-GrpcLogAppender: Follower failed (request=null, errorCount=570); keep nextIndex (325) unchanged and retry. (Repeated 2 times in the last 5.000s)
2025-04-23 15:47:40,779 [omNode-3@group-523986131536-StateMachineUpdater] INFO  ratis.OzoneManagerStateMachine (OzoneManagerStateMachine.java:takeSnapshotImpl(510)) - omNode-3: taking snapshot. applied = (t:1, i:544), skipped = 543, notified = (t:1, i:544), current snapshot index = (t:1, i:544), took 22 ms
2025-04-23 15:47:40,780 [omNode-3@group-523986131536-StateMachineUpdater] INFO  impl.StateMachineUpdater (StateMachineUpdater.java:takeSnapshot(303)) - omNode-3@group-523986131536-StateMachineUpdater: Took a snapshot at index 544
2025-04-23 15:47:40,781 [omNode-3@group-523986131536-StateMachineUpdater] INFO  impl.StateMachineUpdater (StateMachineUpdater.java:lambda$new$0(102)) - omNode-3@group-523986131536-StateMachineUpdater: snapshotIndex: updateIncreasingly 43 -> 544
2025-04-23 15:47:40,781 [omNode-3@group-523986131536-StateMachineUpdater] INFO  raftlog.RaftLog (RaftLogBase.java:purge(325)) - omNode-3@group-523986131536-SegmentedRaftLog: purge 544
2025-04-23 15:47:40,781 [omNode-3@group-523986131536-StateMachineUpdater] INFO  raftlog.RaftLog (RaftLogBase.java:lambda$new$0(54)) - omNode-3@group-523986131536-SegmentedRaftLog: snapshotIndex: updateIncreasingly 43 -> 544
2025-04-23 15:47:40,781 [omNode-3@group-523986131536-StateMachineUpdater] INFO  raftlog.RaftLog (RaftLogBase.java:lambda$new$0(54)) - omNode-3@group-523986131536-SegmentedRaftLog: purgeIndex: updateToMax old=-1, new=544, updated? true
2025-04-23 15:47:40,783 [timer7] WARN  server.GrpcLogAppender (GrpcLogAppender.java:lambda$resetClient$1(221)) - omNode-1@group-523986131536->omNode-3-GrpcLogAppender: Follower failed (request=null, errorCount=572); keep nextIndex (326) unchanged and retry. (Repeated 2 times in the last 5.001s)
2025-04-23 15:47:40,786 [timer3] WARN  server.GrpcLogAppender (GrpcLogAppender.java:lambda$resetClient$1(221)) - omNode-1@group-523986131536->omNode-3-GrpcLogAppender: Follower failed (request=null, errorCount=574); keep nextIndex (327) unchanged and retry. (Repeated 2 times in the last 5.000s)
2025-04-23 15:47:40,802 [timer0] WARN  server.GrpcLogAppender (GrpcLogAppender.java:lambda$resetClient$1(221)) - omNode-1@group-523986131536->omNode-3-GrpcLogAppender: Follower failed (request=null, errorCount=576); keep nextIndex (328) unchanged and retry. (Repeated 2 times in the last 5.001s)
2025-04-23 15:47:40,808 [timer3] WARN  server.GrpcLogAppender (GrpcLogAppender.java:lambda$resetClient$1(221)) - omNode-1@group-523986131536->omNode-3-GrpcLogAppender: Follower failed (request=null, errorCount=578); keep nextIndex (329) unchanged and retry. (Repeated 2 times in the last 5.004s)
2025-04-23 15:47:40,813 [omNode-1@group-523986131536-StateMachineUpdater] INFO  ratis.OzoneManagerStateMachine (OzoneManagerStateMachine.java:takeSnapshotImpl(510)) - omNode-1: taking snapshot. applied = (t:1, i:550), skipped = 549, notified = (t:1, i:550), current snapshot index = (t:1, i:550), took 24 ms
2025-04-23 15:47:40,813 [omNode-1@group-523986131536-StateMachineUpdater] INFO  impl.StateMachineUpdater (StateMachineUpdater.java:takeSnapshot(303)) - omNode-1@group-523986131536-StateMachineUpdater: Took a snapshot at index 550
2025-04-23 15:47:40,813 [omNode-1@group-523986131536-StateMachineUpdater] INFO  impl.StateMachineUpdater (StateMachineUpdater.java:lambda$new$0(102)) - omNode-1@group-523986131536-StateMachineUpdater: snapshotIndex: updateIncreasingly 500 -> 550
2025-04-23 15:47:40,813 [omNode-1@group-523986131536-StateMachineUpdater] INFO  raftlog.RaftLog (RaftLogBase.java:purge(325)) - omNode-1@group-523986131536-SegmentedRaftLog: purge 550
2025-04-23 15:47:40,813 [omNode-1@group-523986131536-StateMachineUpdater] INFO  raftlog.RaftLog (RaftLogBase.java:lambda$new$0(54)) - omNode-1@group-523986131536-SegmentedRaftLog: snapshotIndex: updateIncreasingly 500 -> 550
2025-04-23 15:47:40,813 [omNode-1@group-523986131536-StateMachineUpdater] INFO  raftlog.RaftLog (RaftLogBase.java:lambda$new$0(54)) - omNode-1@group-523986131536-SegmentedRaftLog: purgeIndex: updateToMax old=500, new=550, updated? true
2025-04-23 15:47:40,815 [timer5] WARN  server.GrpcLogAppender (GrpcLogAppender.java:lambda$resetClient$1(221)) - omNode-1@group-523986131536->omNode-3-GrpcLogAppender: Follower failed (request=null, errorCount=580); keep nextIndex (330) unchanged and retry. (Repeated 2 times in the last 5.001s)
2025-04-23 15:47:40,817 [timer7] WARN  server.GrpcLogAppender (GrpcLogAppender.java:lambda$resetClient$1(221)) - omNode-1@group-523986131536->omNode-3-GrpcLogAppender: Follower failed (request=null, errorCount=582); keep nextIndex (331) unchanged and retry. (Repeated 2 times in the last 5.001s)
2025-04-23 15:47:40,820 [omNode-2@group-523986131536-StateMachineUpdater] INFO  ratis.OzoneManagerStateMachine (OzoneManagerStateMachine.java:takeSnapshotImpl(510)) - omNode-2: taking snapshot. applied = (t:1, i:550), skipped = 549, notified = (t:1, i:550), current snapshot index = (t:1, i:550), took 22 ms
2025-04-23 15:47:40,820 [omNode-2@group-523986131536-StateMachineUpdater] INFO  impl.StateMachineUpdater (StateMachineUpdater.java:takeSnapshot(303)) - omNode-2@group-523986131536-StateMachineUpdater: Took a snapshot at index 550
2025-04-23 15:47:40,820 [omNode-2@group-523986131536-StateMachineUpdater] INFO  impl.StateMachineUpdater (StateMachineUpdater.java:lambda$new$0(102)) - omNode-2@group-523986131536-StateMachineUpdater: snapshotIndex: updateIncreasingly 500 -> 550
2025-04-23 15:47:40,820 [omNode-2@group-523986131536-StateMachineUpdater] INFO  raftlog.RaftLog (RaftLogBase.java:purge(325)) - omNode-2@group-523986131536-SegmentedRaftLog: purge 550
2025-04-23 15:47:40,820 [omNode-2@group-523986131536-StateMachineUpdater] INFO  raftlog.RaftLog (RaftLogBase.java:lambda$new$0(54)) - omNode-2@group-523986131536-SegmentedRaftLog: snapshotIndex: updateIncreasingly 500 -> 550
2025-04-23 15:47:40,820 [omNode-2@group-523986131536-StateMachineUpdater] INFO  raftlog.RaftLog (RaftLogBase.java:lambda$new$0(54)) - omNode-2@group-523986131536-SegmentedRaftLog: purgeIndex: updateToMax old=500, new=550, updated? true
2025-04-23 15:47:40,845 [timer5] WARN  server.GrpcLogAppender (GrpcLogAppender.java:lambda$resetClient$1(221)) - omNode-1@group-523986131536->omNode-3-GrpcLogAppender: Follower failed (request=null, errorCount=584); keep nextIndex (332) unchanged and retry. (Repeated 2 times in the last 5.000s)
2025-04-23 15:47:40,849 [timer0] WARN  server.GrpcLogAppender (GrpcLogAppender.java:lambda$resetClient$1(221)) - omNode-1@group-523986131536->omNode-3-GrpcLogAppender: Follower failed (request=null, errorCount=586); keep nextIndex (333) unchanged and retry. (Repeated 2 times in the last 5.000s)
2025-04-23 15:47:40,861 [timer3] WARN  server.GrpcLogAppender (GrpcLogAppender.java:lambda$resetClient$1(221)) - omNode-1@group-523986131536->omNode-3-GrpcLogAppender: Follower failed (request=null, errorCount=588); keep nextIndex (334) unchanged and retry. (Repeated 2 times in the last 5.000s)
2025-04-23 15:47:40,865 [timer6] WARN  server.GrpcLogAppender (GrpcLogAppender.java:lambda$resetClient$1(221)) - omNode-1@group-523986131536->omNode-3-GrpcLogAppender: Follower failed (request=null, errorCount=590); keep nextIndex (335) unchanged and retry. (Repeated 2 times in the last 5.000s)
2025-04-23 15:47:40,878 [timer2] WARN  server.GrpcLogAppender (GrpcLogAppender.java:lambda$resetClient$1(221)) - omNode-1@group-523986131536->omNode-3-GrpcLogAppender: Follower failed (request=null, errorCount=592); keep nextIndex (336) unchanged and retry. (Repeated 2 times in the last 5.000s)
2025-04-23 15:47:40,881 [timer5] WARN  server.GrpcLogAppender (GrpcLogAppender.java:lambda$resetClient$1(221)) - omNode-1@group-523986131536->omNode-3-GrpcLogAppender: Follower failed (request=null, errorCount=594); keep nextIndex (337) unchanged and retry. (Repeated 2 times in the last 5.000s)
2025-04-23 15:47:40,886 [timer7] WARN  server.GrpcLogAppender (GrpcLogAppender.java:lambda$resetClient$1(221)) - omNode-1@group-523986131536->omNode-3-GrpcLogAppender: Follower failed (request=null, errorCount=596); keep nextIndex (338) unchanged and retry. (Repeated 2 times in the last 5.000s)
2025-04-23 15:47:40,889 [timer1] WARN  server.GrpcLogAppender (GrpcLogAppender.java:lambda$resetClient$1(221)) - omNode-1@group-523986131536->omNode-3-GrpcLogAppender: Follower failed (request=null, errorCount=598); keep nextIndex (339) unchanged and retry. (Repeated 2 times in the last 5.000s)
2025-04-23 15:47:40,899 [timer5] WARN  server.GrpcLogAppender (GrpcLogAppender.java:lambda$resetClient$1(221)) - omNode-1@group-523986131536->omNode-3-GrpcLogAppender: Follower failed (request=null, errorCount=600); keep nextIndex (340) unchanged and retry. (Repeated 2 times in the last 5.001s)
2025-04-23 15:47:40,903 [timer0] WARN  server.GrpcLogAppender (GrpcLogAppender.java:lambda$resetClient$1(221)) - omNode-1@group-523986131536->omNode-3-GrpcLogAppender: Follower failed (request=null, errorCount=602); keep nextIndex (341) unchanged and retry. (Repeated 2 times in the last 5.001s)
2025-04-23 15:47:40,910 [timer3] WARN  server.GrpcLogAppender (GrpcLogAppender.java:lambda$resetClient$1(221)) - omNode-1@group-523986131536->omNode-3-GrpcLogAppender: Follower failed (request=null, errorCount=604); keep nextIndex (342) unchanged and retry. (Repeated 2 times in the last 5.001s)
2025-04-23 15:47:40,911 [timer5] WARN  server.GrpcLogAppender (GrpcLogAppender.java:lambda$resetClient$1(221)) - omNode-1@group-523986131536->omNode-3-GrpcLogAppender: Follower failed (request=null, errorCount=606); keep nextIndex (343) unchanged and retry. (Repeated 2 times in the last 5.000s)
2025-04-23 15:47:40,924 [timer2] WARN  server.GrpcLogAppender (GrpcLogAppender.java:lambda$resetClient$1(221)) - omNode-1@group-523986131536->omNode-3-GrpcLogAppender: Follower failed (request=null, errorCount=608); keep nextIndex (344) unchanged and retry. (Repeated 2 times in the last 5.000s)
2025-04-23 15:47:40,927 [timer5] WARN  server.GrpcLogAppender (GrpcLogAppender.java:lambda$resetClient$1(221)) - omNode-1@group-523986131536->omNode-3-GrpcLogAppender: Follower failed (request=null, errorCount=610); keep nextIndex (345) unchanged and retry. (Repeated 2 times in the last 5.002s)
2025-04-23 15:47:40,932 [timer7] WARN  server.GrpcLogAppender (GrpcLogAppender.java:lambda$resetClient$1(221)) - omNode-1@group-523986131536->omNode-3-GrpcLogAppender: Follower failed (request=null, errorCount=612); keep nextIndex (346) unchanged and retry. (Repeated 2 times in the last 5.001s)
2025-04-23 15:47:40,934 [timer3] WARN  server.GrpcLogAppender (GrpcLogAppender.java:lambda$resetClient$1(221)) - omNode-1@group-523986131536->omNode-3-GrpcLogAppender: Follower failed (request=null, errorCount=616); keep nextIndex (347) unchanged and retry. (Repeated 4 times in the last 5.000s)
2025-04-23 15:47:40,945 [timer1] WARN  server.GrpcLogAppender (GrpcLogAppender.java:lambda$resetClient$1(221)) - omNode-1@group-523986131536->omNode-3-GrpcLogAppender: Follower failed (request=null, errorCount=618); keep nextIndex (348) unchanged and retry. (Repeated 2 times in the last 5.000s)
2025-04-23 15:47:40,946 [timer3] WARN  server.GrpcLogAppender (GrpcLogAppender.java:lambda$resetClient$1(221)) - omNode-1@group-523986131536->omNode-3-GrpcLogAppender: Follower failed (request=null, errorCount=620); keep nextIndex (349) unchanged and retry. (Repeated 2 times in the last 5.001s)
2025-04-23 15:47:40,953 [timer6] WARN  server.GrpcLogAppender (GrpcLogAppender.java:lambda$resetClient$1(221)) - omNode-1@group-523986131536->omNode-3-GrpcLogAppender: Follower failed (request=null, errorCount=622); keep nextIndex (350) unchanged and retry. (Repeated 2 times in the last 5.000s)
2025-04-23 15:47:40,954 [main] INFO  om.OzoneManager (OzoneManager.java:stop(2347)) - omNode-3[localhost:15056]: Stopping Ozone Manager
2025-04-23 15:47:40,954 [main] INFO  ipc.Server (Server.java:stop(3697)) - Stopping server on 15056
2025-04-23 15:47:40,954 [timer1] WARN  server.GrpcLogAppender (GrpcLogAppender.java:lambda$resetClient$1(221)) - omNode-1@group-523986131536->omNode-3-GrpcLogAppender: Follower failed (request=null, errorCount=624); keep nextIndex (351) unchanged and retry. (Repeated 2 times in the last 5.001s)
2025-04-23 15:47:40,957 [IPC Server listener on 15056] INFO  ipc.Server (Server.java:run(1585)) - Stopping IPC Server listener on 15056
2025-04-23 15:47:40,959 [IPC Server Responder] INFO  ipc.Server (Server.java:run(1718)) - Stopping IPC Server Responder
2025-04-23 15:47:40,959 [main] INFO  ratis.OzoneManagerRatisServer (OzoneManagerRatisServer.java:stop(634)) - Stopping org.apache.hadoop.ozone.om.ratis.OzoneManagerRatisServer@6db3a9e3 at port 15059
2025-04-23 15:47:40,960 [main] INFO  server.RaftServer (RaftServerProxy.java:lambda$close$9(417)) - omNode-3: close
2025-04-23 15:47:40,960 [omNode-3-impl-thread1] INFO  server.RaftServer$Division (RaftServerImpl.java:lambda$close$1(513)) - omNode-3@group-523986131536: shutdown
2025-04-23 15:47:40,961 [omNode-3-impl-thread1] INFO  util.JmxRegister (JmxRegister.java:unregister(74)) - Successfully un-registered JMX Bean with object name Ratis:service=RaftServer,group=group-523986131536,id=omNode-3
2025-04-23 15:47:40,961 [main] INFO  server.GrpcService (GrpcService.java:closeImpl(343)) - omNode-3: shutdown server GrpcServerProtocolService now
2025-04-23 15:47:40,962 [omNode-3-impl-thread1] INFO  impl.RoleInfo (RoleInfo.java:shutdownFollowerState(121)) - omNode-3: shutdown omNode-3@group-523986131536-FollowerState
2025-04-23 15:47:40,962 [omNode-3-impl-thread1] INFO  impl.StateMachineUpdater (StateMachineUpdater.java:stopAndJoin(164)) - omNode-3@group-523986131536-StateMachineUpdater: set stopIndex = 583
2025-04-23 15:47:40,963 [omNode-3@group-523986131536-FollowerState] INFO  impl.FollowerState (FollowerState.java:runImpl(170)) - omNode-3@group-523986131536-FollowerState was interrupted
2025-04-23 15:47:40,964 [grpc-default-executor-4] WARN  server.GrpcServerProtocolService (LogUtils.java:warn(121)) - omNode-3: APPEND_ENTRIES onError, lastRequest: omNode-1->omNode-3#3524-t1,previous=(t:1, i:583),leaderCommit=583,initializing? false,entries: size=1, first=(t:1, i:584), METADATAENTRY(c:583): org.apache.ratis.thirdparty.io.grpc.StatusRuntimeException: CANCELLED: client cancelled
2025-04-23 15:47:40,964 [grpc-default-executor-2] WARN  server.GrpcServerProtocolService (LogUtils.java:warn(121)) - omNode-3: APPEND_ENTRIES onError, lastRequest: null: org.apache.ratis.thirdparty.io.grpc.StatusRuntimeException: CANCELLED: client cancelled
2025-04-23 15:47:40,965 [grpc-default-executor-2] WARN  server.GrpcLogAppender (LogUtils.java:warn(121)) - omNode-1@group-523986131536->omNode-3-AppendLogResponseHandler: Failed appendEntries: org.apache.ratis.thirdparty.io.grpc.StatusRuntimeException: CANCELLED: RST_STREAM closed stream. HTTP/2 error code: CANCEL
2025-04-23 15:47:40,965 [grpc-default-executor-2] WARN  server.GrpcLogAppender (GrpcLogAppender.java:lambda$resetClient$1(221)) - omNode-1@group-523986131536->omNode-3-GrpcLogAppender: Follower failed (request=null, errorCount=1); keep nextIndex (585) unchanged and retry.
2025-04-23 15:47:40,965 [timer5] WARN  server.GrpcLogAppender (GrpcLogAppender.java:lambda$resetClient$1(221)) - omNode-1@group-523986131536->omNode-3-GrpcLogAppender: Follower failed (request=null, errorCount=626); keep nextIndex (352) unchanged and retry. (Repeated 2 times in the last 5.000s)
2025-04-23 15:47:40,966 [Thread-9396] INFO  server.GrpcServerProtocolClient (GrpcServerProtocolClient.java:close(105)) - omNode-1 Close channels
2025-04-23 15:47:40,968 [Thread-9397] INFO  server.GrpcServerProtocolClient (GrpcServerProtocolClient.java:close(105)) - omNode-2 Close channels
2025-04-23 15:47:40,969 [timer1] WARN  server.GrpcLogAppender (GrpcLogAppender.java:lambda$resetClient$1(221)) - omNode-1@group-523986131536->omNode-3-GrpcLogAppender: Follower failed (request=null, errorCount=628); keep nextIndex (353) unchanged and retry. (Repeated 2 times in the last 5.000s)
2025-04-23 15:47:40,969 [main] INFO  server.GrpcService (GrpcService.java:closeImpl(352)) - omNode-3: shutdown server GrpcServerProtocolService successfully
2025-04-23 15:47:40,976 [timer2] WARN  server.GrpcLogAppender (GrpcLogAppender.java:lambda$resetClient$1(221)) - omNode-1@group-523986131536->omNode-3-GrpcLogAppender: Follower failed (request=null, errorCount=630); keep nextIndex (354) unchanged and retry. (Repeated 2 times in the last 5.000s)
2025-04-23 15:47:40,980 [timer5] WARN  server.GrpcLogAppender (GrpcLogAppender.java:lambda$resetClient$1(221)) - omNode-1@group-523986131536->omNode-3-GrpcLogAppender: Follower failed (request=null, errorCount=632); keep nextIndex (355) unchanged and retry. (Repeated 2 times in the last 4.999s)
2025-04-23 15:47:40,994 [omNode-3@group-523986131536-StateMachineUpdater] INFO  ratis.OzoneManagerStateMachine (OzoneManagerStateMachine.java:takeSnapshotImpl(510)) - omNode-3: taking snapshot. applied = (t:1, i:583), skipped = 581, notified = (t:1, i:582), current snapshot index = (t:1, i:583), took 32 ms
2025-04-23 15:47:40,994 [omNode-3@group-523986131536-StateMachineUpdater] INFO  impl.StateMachineUpdater (StateMachineUpdater.java:takeSnapshot(303)) - omNode-3@group-523986131536-StateMachineUpdater: Took a snapshot at index 583
2025-04-23 15:47:40,994 [omNode-3@group-523986131536-StateMachineUpdater] INFO  impl.StateMachineUpdater (StateMachineUpdater.java:lambda$new$0(102)) - omNode-3@group-523986131536-StateMachineUpdater: snapshotIndex: updateIncreasingly 544 -> 583
2025-04-23 15:47:40,994 [omNode-3@group-523986131536-StateMachineUpdater] INFO  impl.StateMachineUpdater (StateMachineUpdater.java:stop(141)) - omNode-3@group-523986131536-StateMachineUpdater: closing OzoneManagerStateMachine, lastApplied=(t:1, i:583)
2025-04-23 15:47:40,994 [omNode-3@group-523986131536-StateMachineUpdater] INFO  ratis.OzoneManagerStateMachine (OzoneManagerStateMachine.java:close(550)) - Stopping OzoneManagerStateMachine:omNode-3:group-523986131536.
2025-04-23 15:47:40,994 [omNode-3@group-523986131536-StateMachineUpdater] INFO  ratis.OzoneManagerDoubleBuffer (OzoneManagerDoubleBuffer.java:stopDaemon(500)) - Stopping OMDoubleBuffer flush thread
2025-04-23 15:47:40,994 [omNode-3-OMDoubleBufferFlushThread] INFO  ratis.OzoneManagerDoubleBuffer (OzoneManagerDoubleBuffer.java:canFlush(559)) - OMDoubleBuffer flush thread omNode-3-OMDoubleBufferFlushThread is interrupted and will exit.
2025-04-23 15:47:40,995 [omNode-3@group-523986131536-cacheEviction-AwaitToRun] INFO  util.AwaitToRun (AwaitToRun.java:run(49)) - omNode-3@group-523986131536-cacheEviction-AwaitToRun-AwaitForSignal is interrupted
2025-04-23 15:47:41,007 [timer2] WARN  server.GrpcLogAppender (GrpcLogAppender.java:lambda$resetClient$1(221)) - omNode-1@group-523986131536->omNode-3-GrpcLogAppender: Follower failed (request=null, errorCount=634); keep nextIndex (356) unchanged and retry. (Repeated 2 times in the last 5.001s)
2025-04-23 15:47:41,008 [timer4] WARN  server.GrpcLogAppender (GrpcLogAppender.java:lambda$resetClient$1(221)) - omNode-1@group-523986131536->omNode-3-GrpcLogAppender: Follower failed (request=null, errorCount=636); keep nextIndex (357) unchanged and retry. (Repeated 2 times in the last 4.999s)
2025-04-23 15:47:41,014 [timer0] WARN  server.GrpcLogAppender (GrpcLogAppender.java:lambda$resetClient$1(221)) - omNode-1@group-523986131536->omNode-3-GrpcLogAppender: Follower failed (request=null, errorCount=638); keep nextIndex (358) unchanged and retry. (Repeated 2 times in the last 5.000s)
2025-04-23 15:47:41,016 [timer3] WARN  server.GrpcLogAppender (GrpcLogAppender.java:lambda$resetClient$1(221)) - omNode-1@group-523986131536->omNode-3-GrpcLogAppender: Follower failed (request=null, errorCount=640); keep nextIndex (359) unchanged and retry. (Repeated 2 times in the last 5.001s)
2025-04-23 15:47:41,025 [timer0] WARN  server.GrpcLogAppender (GrpcLogAppender.java:lambda$resetClient$1(221)) - omNode-1@group-523986131536->omNode-3-GrpcLogAppender: Follower failed (request=null, errorCount=642); keep nextIndex (360) unchanged and retry. (Repeated 2 times in the last 5.000s)
2025-04-23 15:47:41,028 [timer3] WARN  server.GrpcLogAppender (GrpcLogAppender.java:lambda$resetClient$1(221)) - omNode-1@group-523986131536->omNode-3-GrpcLogAppender: Follower failed (request=null, errorCount=644); keep nextIndex (361) unchanged and retry. (Repeated 2 times in the last 5.001s)
2025-04-23 15:47:41,032 [timer6] WARN  server.GrpcLogAppender (GrpcLogAppender.java:lambda$resetClient$1(221)) - omNode-1@group-523986131536->omNode-3-GrpcLogAppender: Follower failed (request=null, errorCount=646); keep nextIndex (362) unchanged and retry. (Repeated 2 times in the last 5.000s)
2025-04-23 15:47:41,036 [timer1] WARN  server.GrpcLogAppender (GrpcLogAppender.java:lambda$resetClient$1(221)) - omNode-1@group-523986131536->omNode-3-GrpcLogAppender: Follower failed (request=null, errorCount=648); keep nextIndex (363) unchanged and retry. (Repeated 2 times in the last 5.001s)
2025-04-23 15:47:41,044 [timer5] WARN  server.GrpcLogAppender (GrpcLogAppender.java:lambda$resetClient$1(221)) - omNode-1@group-523986131536->omNode-3-GrpcLogAppender: Follower failed (request=null, errorCount=650); keep nextIndex (364) unchanged and retry. (Repeated 2 times in the last 5.000s)
2025-04-23 15:47:41,046 [timer0] WARN  server.GrpcLogAppender (GrpcLogAppender.java:lambda$resetClient$1(221)) - omNode-1@group-523986131536->omNode-3-GrpcLogAppender: Follower failed (request=null, errorCount=652); keep nextIndex (365) unchanged and retry. (Repeated 2 times in the last 5.000s)
2025-04-23 15:47:41,055 [timer3] WARN  server.GrpcLogAppender (GrpcLogAppender.java:lambda$resetClient$1(221)) - omNode-1@group-523986131536->omNode-3-GrpcLogAppender: Follower failed (request=null, errorCount=654); keep nextIndex (366) unchanged and retry. (Repeated 2 times in the last 5.001s)
2025-04-23 15:47:41,057 [timer6] WARN  server.GrpcLogAppender (GrpcLogAppender.java:lambda$resetClient$1(221)) - omNode-1@group-523986131536->omNode-3-GrpcLogAppender: Follower failed (request=null, errorCount=656); keep nextIndex (367) unchanged and retry. (Repeated 2 times in the last 5.001s)
2025-04-23 15:47:41,069 [timer2] WARN  server.GrpcLogAppender (GrpcLogAppender.java:lambda$resetClient$1(221)) - omNode-1@group-523986131536->omNode-3-GrpcLogAppender: Follower failed (request=null, errorCount=658); keep nextIndex (368) unchanged and retry. (Repeated 2 times in the last 5.000s)
2025-04-23 15:47:41,072 [timer5] WARN  server.GrpcLogAppender (GrpcLogAppender.java:lambda$resetClient$1(221)) - omNode-1@group-523986131536->omNode-3-GrpcLogAppender: Follower failed (request=null, errorCount=660); keep nextIndex (369) unchanged and retry. (Repeated 2 times in the last 5.000s)
2025-04-23 15:47:41,079 [timer1] WARN  server.GrpcLogAppender (GrpcLogAppender.java:lambda$resetClient$1(221)) - omNode-1@group-523986131536->omNode-3-GrpcLogAppender: Follower failed (request=null, errorCount=662); keep nextIndex (370) unchanged and retry. (Repeated 2 times in the last 5.000s)
2025-04-23 15:47:41,081 [timer4] WARN  server.GrpcLogAppender (GrpcLogAppender.java:lambda$resetClient$1(221)) - omNode-1@group-523986131536->omNode-3-GrpcLogAppender: Follower failed (request=null, errorCount=664); keep nextIndex (371) unchanged and retry. (Repeated 2 times in the last 5.000s)
2025-04-23 15:47:41,091 [timer1] WARN  server.GrpcLogAppender (GrpcLogAppender.java:lambda$resetClient$1(221)) - omNode-1@group-523986131536->omNode-3-GrpcLogAppender: Follower failed (request=null, errorCount=666); keep nextIndex (372) unchanged and retry. (Repeated 2 times in the last 5.001s)
2025-04-23 15:47:41,095 [timer4] WARN  server.GrpcLogAppender (GrpcLogAppender.java:lambda$resetClient$1(221)) - omNode-1@group-523986131536->omNode-3-GrpcLogAppender: Follower failed (request=null, errorCount=668); keep nextIndex (373) unchanged and retry. (Repeated 2 times in the last 5.001s)
2025-04-23 15:47:41,100 [timer7] WARN  server.GrpcLogAppender (GrpcLogAppender.java:lambda$resetClient$1(221)) - omNode-1@group-523986131536->omNode-3-GrpcLogAppender: Follower failed (request=null, errorCount=670); keep nextIndex (374) unchanged and retry. (Repeated 2 times in the last 5.000s)
2025-04-23 15:47:41,102 [timer2] WARN  server.GrpcLogAppender (GrpcLogAppender.java:lambda$resetClient$1(221)) - omNode-1@group-523986131536->omNode-3-GrpcLogAppender: Follower failed (request=null, errorCount=672); keep nextIndex (375) unchanged and retry. (Repeated 2 times in the last 5.000s)
2025-04-23 15:47:41,111 [timer7] WARN  server.GrpcLogAppender (GrpcLogAppender.java:lambda$resetClient$1(221)) - omNode-1@group-523986131536->omNode-3-GrpcLogAppender: Follower failed (request=null, errorCount=674); keep nextIndex (376) unchanged and retry. (Repeated 2 times in the last 5.000s)
2025-04-23 15:47:41,113 [timer2] WARN  server.GrpcLogAppender (GrpcLogAppender.java:lambda$resetClient$1(221)) - omNode-1@group-523986131536->omNode-3-GrpcLogAppender: Follower failed (request=null, errorCount=676); keep nextIndex (377) unchanged and retry. (Repeated 2 times in the last 5.000s)
2025-04-23 15:47:41,120 [timer6] WARN  server.GrpcLogAppender (GrpcLogAppender.java:lambda$resetClient$1(221)) - omNode-1@group-523986131536->omNode-3-GrpcLogAppender: Follower failed (request=null, errorCount=678); keep nextIndex (378) unchanged and retry. (Repeated 2 times in the last 5.002s)
2025-04-23 15:47:41,121 [timer0] WARN  server.GrpcLogAppender (GrpcLogAppender.java:lambda$resetClient$1(221)) - omNode-1@group-523986131536->omNode-3-GrpcLogAppender: Follower failed (request=null, errorCount=680); keep nextIndex (379) unchanged and retry. (Repeated 2 times in the last 5.000s)
2025-04-23 15:47:41,130 [timer5] WARN  server.GrpcLogAppender (GrpcLogAppender.java:lambda$resetClient$1(221)) - omNode-1@group-523986131536->omNode-3-GrpcLogAppender: Follower failed (request=null, errorCount=682); keep nextIndex (380) unchanged and retry. (Repeated 2 times in the last 5.000s)
2025-04-23 15:47:41,132 [timer0] WARN  server.GrpcLogAppender (GrpcLogAppender.java:lambda$resetClient$1(221)) - omNode-1@group-523986131536->omNode-3-GrpcLogAppender: Follower failed (request=null, errorCount=684); keep nextIndex (381) unchanged and retry. (Repeated 2 times in the last 5.001s)
2025-04-23 15:47:41,143 [timer4] WARN  server.GrpcLogAppender (GrpcLogAppender.java:lambda$resetClient$1(221)) - omNode-1@group-523986131536->omNode-3-GrpcLogAppender: Follower failed (request=null, errorCount=686); keep nextIndex (382) unchanged and retry. (Repeated 2 times in the last 5.001s)
2025-04-23 15:47:41,146 [timer6] WARN  server.GrpcLogAppender (GrpcLogAppender.java:lambda$resetClient$1(221)) - omNode-1@group-523986131536->omNode-3-GrpcLogAppender: Follower failed (request=null, errorCount=688); keep nextIndex (383) unchanged and retry. (Repeated 2 times in the last 5.000s)
2025-04-23 15:47:41,154 [timer2] WARN  server.GrpcLogAppender (GrpcLogAppender.java:lambda$resetClient$1(221)) - omNode-1@group-523986131536->omNode-3-GrpcLogAppender: Follower failed (request=null, errorCount=690); keep nextIndex (384) unchanged and retry. (Repeated 2 times in the last 5.000s)
2025-04-23 15:47:41,155 [timer5] WARN  server.GrpcLogAppender (GrpcLogAppender.java:lambda$resetClient$1(221)) - omNode-1@group-523986131536->omNode-3-GrpcLogAppender: Follower failed (request=null, errorCount=692); keep nextIndex (385) unchanged and retry. (Repeated 2 times in the last 5.000s)
2025-04-23 15:47:41,161 [timer7] WARN  server.GrpcLogAppender (GrpcLogAppender.java:lambda$resetClient$1(221)) - omNode-1@group-523986131536->omNode-3-GrpcLogAppender: Follower failed (request=null, errorCount=694); keep nextIndex (386) unchanged and retry. (Repeated 2 times in the last 5.000s)
2025-04-23 15:47:41,163 [timer3] WARN  server.GrpcLogAppender (GrpcLogAppender.java:lambda$resetClient$1(221)) - omNode-1@group-523986131536->omNode-3-GrpcLogAppender: Follower failed (request=null, errorCount=696); keep nextIndex (387) unchanged and retry. (Repeated 2 times in the last 5.000s)
2025-04-23 15:47:41,172 [timer7] WARN  server.GrpcLogAppender (GrpcLogAppender.java:lambda$resetClient$1(221)) - omNode-1@group-523986131536->omNode-3-GrpcLogAppender: Follower failed (request=null, errorCount=698); keep nextIndex (388) unchanged and retry. (Repeated 2 times in the last 5.001s)
2025-04-23 15:47:41,174 [timer3] WARN  server.GrpcLogAppender (GrpcLogAppender.java:lambda$resetClient$1(221)) - omNode-1@group-523986131536->omNode-3-GrpcLogAppender: Follower failed (request=null, errorCount=700); keep nextIndex (389) unchanged and retry. (Repeated 2 times in the last 5.000s)
2025-04-23 15:47:41,179 [timer6] WARN  server.GrpcLogAppender (GrpcLogAppender.java:lambda$resetClient$1(221)) - omNode-1@group-523986131536->omNode-3-GrpcLogAppender: Follower failed (request=null, errorCount=702); keep nextIndex (390) unchanged and retry. (Repeated 2 times in the last 5.000s)
2025-04-23 15:47:41,180 [timer1] WARN  server.GrpcLogAppender (GrpcLogAppender.java:lambda$resetClient$1(221)) - omNode-1@group-523986131536->omNode-3-GrpcLogAppender: Follower failed (request=null, errorCount=704); keep nextIndex (391) unchanged and retry. (Repeated 2 times in the last 5.001s)
2025-04-23 15:47:41,188 [timer6] WARN  server.GrpcLogAppender (GrpcLogAppender.java:lambda$resetClient$1(221)) - omNode-1@group-523986131536->omNode-3-GrpcLogAppender: Follower failed (request=null, errorCount=706); keep nextIndex (392) unchanged and retry. (Repeated 2 times in the last 5.000s)
2025-04-23 15:47:41,190 [timer5] WARN  server.GrpcLogAppender (GrpcLogAppender.java:lambda$resetClient$1(221)) - omNode-1@group-523986131536->omNode-3-GrpcLogAppender: Follower failed (request=null, errorCount=710); keep nextIndex (393) unchanged and retry. (Repeated 4 times in the last 5.001s)
2025-04-23 15:47:41,198 [timer6] WARN  server.GrpcLogAppender (GrpcLogAppender.java:lambda$resetClient$1(221)) - omNode-1@group-523986131536->omNode-3-GrpcLogAppender: Follower failed (request=null, errorCount=712); keep nextIndex (394) unchanged and retry. (Repeated 2 times in the last 5.000s)
2025-04-23 15:47:41,201 [timer0] WARN  server.GrpcLogAppender (GrpcLogAppender.java:lambda$resetClient$1(221)) - omNode-1@group-523986131536->omNode-3-GrpcLogAppender: Follower failed (request=null, errorCount=714); keep nextIndex (395) unchanged and retry. (Repeated 2 times in the last 5.001s)
2025-04-23 15:47:41,208 [timer5] WARN  server.GrpcLogAppender (GrpcLogAppender.java:lambda$resetClient$1(221)) - omNode-1@group-523986131536->omNode-3-GrpcLogAppender: Follower failed (request=null, errorCount=716); keep nextIndex (396) unchanged and retry. (Repeated 2 times in the last 5.001s)
2025-04-23 15:47:41,210 [timer0] WARN  server.GrpcLogAppender (GrpcLogAppender.java:lambda$resetClient$1(221)) - omNode-1@group-523986131536->omNode-3-GrpcLogAppender: Follower failed (request=null, errorCount=718); keep nextIndex (397) unchanged and retry. (Repeated 2 times in the last 5.000s)
2025-04-23 15:47:41,214 [timer3] WARN  server.GrpcLogAppender (GrpcLogAppender.java:lambda$resetClient$1(221)) - omNode-1@group-523986131536->omNode-3-GrpcLogAppender: Follower failed (request=null, errorCount=720); keep nextIndex (398) unchanged and retry. (Repeated 2 times in the last 5.000s)
2025-04-23 15:47:41,216 [timer6] WARN  server.GrpcLogAppender (GrpcLogAppender.java:lambda$resetClient$1(221)) - omNode-1@group-523986131536->omNode-3-GrpcLogAppender: Follower failed (request=null, errorCount=722); keep nextIndex (399) unchanged and retry. (Repeated 2 times in the last 5.000s)
2025-04-23 15:47:41,223 [timer7] WARN  server.GrpcLogAppender (GrpcLogAppender.java:lambda$resetClient$1(221)) - omNode-1@group-523986131536->omNode-3-GrpcLogAppender: Follower failed (request=null, errorCount=724); keep nextIndex (400) unchanged and retry. (Repeated 2 times in the last 5.000s)
2025-04-23 15:47:41,225 [timer1] WARN  server.GrpcLogAppender (GrpcLogAppender.java:lambda$resetClient$1(221)) - omNode-1@group-523986131536->omNode-3-GrpcLogAppender: Follower failed (request=null, errorCount=726); keep nextIndex (401) unchanged and retry. (Repeated 2 times in the last 5.000s)
2025-04-23 15:47:41,230 [timer7] WARN  server.GrpcLogAppender (GrpcLogAppender.java:lambda$resetClient$1(221)) - omNode-1@group-523986131536->omNode-3-GrpcLogAppender: Follower failed (request=null, errorCount=728); keep nextIndex (402) unchanged and retry. (Repeated 2 times in the last 5.000s)
2025-04-23 15:47:41,234 [timer3] WARN  server.GrpcLogAppender (GrpcLogAppender.java:lambda$resetClient$1(221)) - omNode-1@group-523986131536->omNode-3-GrpcLogAppender: Follower failed (request=null, errorCount=730); keep nextIndex (403) unchanged and retry. (Repeated 2 times in the last 5.000s)
2025-04-23 15:47:41,281 [timer1] WARN  server.GrpcLogAppender (GrpcLogAppender.java:lambda$resetClient$1(221)) - omNode-1@group-523986131536->omNode-3-GrpcLogAppender: Follower failed (request=null, errorCount=732); keep nextIndex (405) unchanged and retry. (Repeated 2 times in the last 5.000s)
2025-04-23 15:47:41,287 [timer2] WARN  server.GrpcLogAppender (GrpcLogAppender.java:lambda$resetClient$1(221)) - omNode-1@group-523986131536->omNode-3-GrpcLogAppender: Follower failed (request=null, errorCount=734); keep nextIndex (406) unchanged and retry. (Repeated 2 times in the last 5.000s)
2025-04-23 15:47:41,290 [timer3] WARN  server.GrpcLogAppender (GrpcLogAppender.java:lambda$resetClient$1(221)) - omNode-1@group-523986131536->omNode-3-GrpcLogAppender: Follower failed (request=null, errorCount=736); keep nextIndex (407) unchanged and retry. (Repeated 2 times in the last 5.000s)
2025-04-23 15:47:41,299 [timer5] WARN  server.GrpcLogAppender (GrpcLogAppender.java:lambda$resetClient$1(221)) - omNode-1@group-523986131536->omNode-3-GrpcLogAppender: Follower failed (request=null, errorCount=738); keep nextIndex (408) unchanged and retry. (Repeated 2 times in the last 5.001s)
2025-04-23 15:47:41,299 [timer6] WARN  server.GrpcLogAppender (GrpcLogAppender.java:lambda$resetClient$1(221)) - omNode-1@group-523986131536->omNode-3-GrpcLogAppender: Follower failed (request=null, errorCount=740); keep nextIndex (409) unchanged and retry. (Repeated 2 times in the last 5.000s)
2025-04-23 15:47:41,304 [timer0] WARN  server.GrpcLogAppender (GrpcLogAppender.java:lambda$resetClient$1(221)) - omNode-1@group-523986131536->omNode-3-GrpcLogAppender: Follower failed (request=null, errorCount=742); keep nextIndex (410) unchanged and retry. (Repeated 2 times in the last 5.000s)
2025-04-23 15:47:41,306 [timer2] WARN  server.GrpcLogAppender (GrpcLogAppender.java:lambda$resetClient$1(221)) - omNode-1@group-523986131536->omNode-3-GrpcLogAppender: Follower failed (request=null, errorCount=744); keep nextIndex (411) unchanged and retry. (Repeated 2 times in the last 5.000s)
2025-04-23 15:47:41,314 [timer4] WARN  server.GrpcLogAppender (GrpcLogAppender.java:lambda$resetClient$1(221)) - omNode-1@group-523986131536->omNode-3-GrpcLogAppender: Follower failed (request=null, errorCount=746); keep nextIndex (412) unchanged and retry. (Repeated 2 times in the last 5.001s)
2025-04-23 15:47:41,315 [timer7] WARN  server.GrpcLogAppender (GrpcLogAppender.java:lambda$resetClient$1(221)) - omNode-1@group-523986131536->omNode-3-GrpcLogAppender: Follower failed (request=null, errorCount=748); keep nextIndex (413) unchanged and retry. (Repeated 2 times in the last 5.000s)
2025-04-23 15:47:41,320 [timer2] WARN  server.GrpcLogAppender (GrpcLogAppender.java:lambda$resetClient$1(221)) - omNode-1@group-523986131536->omNode-3-GrpcLogAppender: Follower failed (request=null, errorCount=750); keep nextIndex (414) unchanged and retry. (Repeated 2 times in the last 5.001s)
2025-04-23 15:47:41,321 [timer1] WARN  server.GrpcLogAppender (GrpcLogAppender.java:lambda$resetClient$1(221)) - omNode-1@group-523986131536->omNode-3-GrpcLogAppender: Follower failed (request=null, errorCount=752); keep nextIndex (415) unchanged and retry. (Repeated 2 times in the last 5.000s)
2025-04-23 15:47:41,332 [timer2] WARN  server.GrpcLogAppender (GrpcLogAppender.java:lambda$resetClient$1(221)) - omNode-1@group-523986131536->omNode-3-GrpcLogAppender: Follower failed (request=null, errorCount=754); keep nextIndex (416) unchanged and retry. (Repeated 2 times in the last 5.001s)
2025-04-23 15:47:41,333 [timer5] WARN  server.GrpcLogAppender (GrpcLogAppender.java:lambda$resetClient$1(221)) - omNode-1@group-523986131536->omNode-3-GrpcLogAppender: Follower failed (request=null, errorCount=756); keep nextIndex (417) unchanged and retry. (Repeated 2 times in the last 5.000s)
2025-04-23 15:47:41,338 [timer6] WARN  server.GrpcLogAppender (GrpcLogAppender.java:lambda$resetClient$1(221)) - omNode-1@group-523986131536->omNode-3-GrpcLogAppender: Follower failed (request=null, errorCount=758); keep nextIndex (418) unchanged and retry. (Repeated 2 times in the last 5.001s)
2025-04-23 15:47:41,340 [timer7] WARN  server.GrpcLogAppender (GrpcLogAppender.java:lambda$resetClient$1(221)) - omNode-1@group-523986131536->omNode-3-GrpcLogAppender: Follower failed (request=null, errorCount=760); keep nextIndex (419) unchanged and retry. (Repeated 2 times in the last 5.001s)
2025-04-23 15:47:41,347 [timer7] WARN  server.GrpcLogAppender (GrpcLogAppender.java:lambda$resetClient$1(221)) - omNode-1@group-523986131536->omNode-3-GrpcLogAppender: Follower failed (request=null, errorCount=762); keep nextIndex (420) unchanged and retry. (Repeated 2 times in the last 5.000s)
2025-04-23 15:47:41,349 [timer2] WARN  server.GrpcLogAppender (GrpcLogAppender.java:lambda$resetClient$1(221)) - omNode-1@group-523986131536->omNode-3-GrpcLogAppender: Follower failed (request=null, errorCount=764); keep nextIndex (421) unchanged and retry. (Repeated 2 times in the last 5.000s)
2025-04-23 15:47:41,354 [timer0] WARN  server.GrpcLogAppender (GrpcLogAppender.java:lambda$resetClient$1(221)) - omNode-1@group-523986131536->omNode-3-GrpcLogAppender: Follower failed (request=null, errorCount=766); keep nextIndex (422) unchanged and retry. (Repeated 2 times in the last 5.000s)
2025-04-23 15:47:41,358 [timer4] WARN  server.GrpcLogAppender (GrpcLogAppender.java:lambda$resetClient$1(221)) - omNode-1@group-523986131536->omNode-3-GrpcLogAppender: Follower failed (request=null, errorCount=768); keep nextIndex (423) unchanged and retry. (Repeated 2 times in the last 5.001s)
2025-04-23 15:47:41,369 [timer2] WARN  server.GrpcLogAppender (GrpcLogAppender.java:lambda$resetClient$1(221)) - omNode-1@group-523986131536->omNode-3-GrpcLogAppender: Follower failed (request=null, errorCount=770); keep nextIndex (424) unchanged and retry. (Repeated 2 times in the last 5.000s)
2025-04-23 15:47:41,371 [timer4] WARN  server.GrpcLogAppender (GrpcLogAppender.java:lambda$resetClient$1(221)) - omNode-1@group-523986131536->omNode-3-GrpcLogAppender: Follower failed (request=null, errorCount=772); keep nextIndex (425) unchanged and retry. (Repeated 2 times in the last 5.001s)
2025-04-23 15:47:41,380 [timer3] WARN  server.GrpcLogAppender (GrpcLogAppender.java:lambda$resetClient$1(221)) - omNode-1@group-523986131536->omNode-3-GrpcLogAppender: Follower failed (request=null, errorCount=774); keep nextIndex (426) unchanged and retry. (Repeated 2 times in the last 5.001s)
2025-04-23 15:47:41,380 [timer6] WARN  server.GrpcLogAppender (GrpcLogAppender.java:lambda$resetClient$1(221)) - omNode-1@group-523986131536->omNode-3-GrpcLogAppender: Follower failed (request=null, errorCount=776); keep nextIndex (427) unchanged and retry. (Repeated 2 times in the last 5.001s)
2025-04-23 15:47:41,391 [timer7] WARN  server.GrpcLogAppender (GrpcLogAppender.java:lambda$resetClient$1(221)) - omNode-1@group-523986131536->omNode-3-GrpcLogAppender: Follower failed (request=null, errorCount=778); keep nextIndex (428) unchanged and retry. (Repeated 2 times in the last 5.000s)
2025-04-23 15:47:41,394 [timer0] WARN  server.GrpcLogAppender (GrpcLogAppender.java:lambda$resetClient$1(221)) - omNode-1@group-523986131536->omNode-3-GrpcLogAppender: Follower failed (request=null, errorCount=780); keep nextIndex (429) unchanged and retry. (Repeated 2 times in the last 5.001s)
2025-04-23 15:47:41,402 [timer4] WARN  server.GrpcLogAppender (GrpcLogAppender.java:lambda$resetClient$1(221)) - omNode-1@group-523986131536->omNode-3-GrpcLogAppender: Follower failed (request=null, errorCount=782); keep nextIndex (430) unchanged and retry. (Repeated 2 times in the last 5.002s)
2025-04-23 15:47:41,403 [timer7] WARN  server.GrpcLogAppender (GrpcLogAppender.java:lambda$resetClient$1(221)) - omNode-1@group-523986131536->omNode-3-GrpcLogAppender: Follower failed (request=null, errorCount=784); keep nextIndex (431) unchanged and retry. (Repeated 2 times in the last 5.000s)
2025-04-23 15:47:41,415 [timer4] WARN  server.GrpcLogAppender (GrpcLogAppender.java:lambda$resetClient$1(221)) - omNode-1@group-523986131536->omNode-3-GrpcLogAppender: Follower failed (request=null, errorCount=786); keep nextIndex (432) unchanged and retry. (Repeated 2 times in the last 5.000s)
2025-04-23 15:47:41,417 [timer7] WARN  server.GrpcLogAppender (GrpcLogAppender.java:lambda$resetClient$1(221)) - omNode-1@group-523986131536->omNode-3-GrpcLogAppender: Follower failed (request=null, errorCount=788); keep nextIndex (433) unchanged and retry. (Repeated 2 times in the last 5.000s)
2025-04-23 15:47:41,423 [timer1] WARN  server.GrpcLogAppender (GrpcLogAppender.java:lambda$resetClient$1(221)) - omNode-1@group-523986131536->omNode-3-GrpcLogAppender: Follower failed (request=null, errorCount=790); keep nextIndex (434) unchanged and retry. (Repeated 2 times in the last 5.000s)
2025-04-23 15:47:41,425 [timer3] WARN  server.GrpcLogAppender (GrpcLogAppender.java:lambda$resetClient$1(221)) - omNode-1@group-523986131536->omNode-3-GrpcLogAppender: Follower failed (request=null, errorCount=792); keep nextIndex (435) unchanged and retry. (Repeated 2 times in the last 4.999s)
2025-04-23 15:47:41,436 [timer0] WARN  server.GrpcLogAppender (GrpcLogAppender.java:lambda$resetClient$1(221)) - omNode-1@group-523986131536->omNode-3-GrpcLogAppender: Follower failed (request=null, errorCount=794); keep nextIndex (436) unchanged and retry. (Repeated 2 times in the last 5.000s)
2025-04-23 15:47:41,437 [timer3] WARN  server.GrpcLogAppender (GrpcLogAppender.java:lambda$resetClient$1(221)) - omNode-1@group-523986131536->omNode-3-GrpcLogAppender: Follower failed (request=null, errorCount=796); keep nextIndex (437) unchanged and retry. (Repeated 2 times in the last 4.999s)
2025-04-23 15:47:41,444 [timer6] WARN  server.GrpcLogAppender (GrpcLogAppender.java:lambda$resetClient$1(221)) - omNode-1@group-523986131536->omNode-3-GrpcLogAppender: Follower failed (request=null, errorCount=798); keep nextIndex (438) unchanged and retry. (Repeated 2 times in the last 5.001s)
2025-04-23 15:47:41,444 [timer1] WARN  server.GrpcLogAppender (GrpcLogAppender.java:lambda$resetClient$1(221)) - omNode-1@group-523986131536->omNode-3-GrpcLogAppender: Follower failed (request=null, errorCount=802); keep nextIndex (439) unchanged and retry. (Repeated 4 times in the last 5.000s)
2025-04-23 15:47:41,455 [timer7] WARN  server.GrpcLogAppender (GrpcLogAppender.java:lambda$resetClient$1(221)) - omNode-1@group-523986131536->omNode-3-GrpcLogAppender: Follower failed (request=null, errorCount=804); keep nextIndex (440) unchanged and retry. (Repeated 2 times in the last 5.000s)
2025-04-23 15:47:41,457 [timer2] WARN  server.GrpcLogAppender (GrpcLogAppender.java:lambda$resetClient$1(221)) - omNode-1@group-523986131536->omNode-3-GrpcLogAppender: Follower failed (request=null, errorCount=806); keep nextIndex (441) unchanged and retry. (Repeated 2 times in the last 5.000s)
2025-04-23 15:47:41,462 [timer5] WARN  server.GrpcLogAppender (GrpcLogAppender.java:lambda$resetClient$1(221)) - omNode-1@group-523986131536->omNode-3-GrpcLogAppender: Follower failed (request=null, errorCount=808); keep nextIndex (442) unchanged and retry. (Repeated 2 times in the last 5.000s)
2025-04-23 15:47:41,463 [timer0] WARN  server.GrpcLogAppender (GrpcLogAppender.java:lambda$resetClient$1(221)) - omNode-1@group-523986131536->omNode-3-GrpcLogAppender: Follower failed (request=null, errorCount=810); keep nextIndex (443) unchanged and retry. (Repeated 2 times in the last 5.000s)
2025-04-23 15:47:41,475 [timer5] WARN  server.GrpcLogAppender (GrpcLogAppender.java:lambda$resetClient$1(221)) - omNode-1@group-523986131536->omNode-3-GrpcLogAppender: Follower failed (request=null, errorCount=812); keep nextIndex (444) unchanged and retry. (Repeated 2 times in the last 5.000s)
2025-04-23 15:47:41,478 [timer0] WARN  server.GrpcLogAppender (GrpcLogAppender.java:lambda$resetClient$1(221)) - omNode-1@group-523986131536->omNode-3-GrpcLogAppender: Follower failed (request=null, errorCount=814); keep nextIndex (445) unchanged and retry. (Repeated 2 times in the last 5.001s)
2025-04-23 15:47:41,482 [timer3] WARN  server.GrpcLogAppender (GrpcLogAppender.java:lambda$resetClient$1(221)) - omNode-1@group-523986131536->omNode-3-GrpcLogAppender: Follower failed (request=null, errorCount=816); keep nextIndex (446) unchanged and retry. (Repeated 2 times in the last 5.000s)
2025-04-23 15:47:41,484 [timer6] WARN  server.GrpcLogAppender (GrpcLogAppender.java:lambda$resetClient$1(221)) - omNode-1@group-523986131536->omNode-3-GrpcLogAppender: Follower failed (request=null, errorCount=818); keep nextIndex (447) unchanged and retry. (Repeated 2 times in the last 5.000s)
2025-04-23 15:47:41,495 [timer2] WARN  server.GrpcLogAppender (GrpcLogAppender.java:lambda$resetClient$1(221)) - omNode-1@group-523986131536->omNode-3-GrpcLogAppender: Follower failed (request=null, errorCount=820); keep nextIndex (448) unchanged and retry. (Repeated 2 times in the last 5.000s)
2025-04-23 15:47:41,497 [timer5] WARN  server.GrpcLogAppender (GrpcLogAppender.java:lambda$resetClient$1(221)) - omNode-1@group-523986131536->omNode-3-GrpcLogAppender: Follower failed (request=null, errorCount=822); keep nextIndex (449) unchanged and retry. (Repeated 2 times in the last 5.000s)
2025-04-23 15:47:41,501 [timer7] WARN  server.GrpcLogAppender (GrpcLogAppender.java:lambda$resetClient$1(221)) - omNode-1@group-523986131536->omNode-3-GrpcLogAppender: Follower failed (request=null, errorCount=824); keep nextIndex (450) unchanged and retry. (Repeated 2 times in the last 5.000s)
2025-04-23 15:47:41,503 [timer3] WARN  server.GrpcLogAppender (GrpcLogAppender.java:lambda$resetClient$1(221)) - omNode-1@group-523986131536->omNode-3-GrpcLogAppender: Follower failed (request=null, errorCount=826); keep nextIndex (451) unchanged and retry. (Repeated 2 times in the last 5.000s)
2025-04-23 15:47:41,516 [timer7] WARN  server.GrpcLogAppender (GrpcLogAppender.java:lambda$resetClient$1(221)) - omNode-1@group-523986131536->omNode-3-GrpcLogAppender: Follower failed (request=null, errorCount=828); keep nextIndex (452) unchanged and retry. (Repeated 2 times in the last 5.001s)
2025-04-23 15:47:41,517 [timer2] WARN  server.GrpcLogAppender (GrpcLogAppender.java:lambda$resetClient$1(221)) - omNode-1@group-523986131536->omNode-3-GrpcLogAppender: Follower failed (request=null, errorCount=830); keep nextIndex (453) unchanged and retry. (Repeated 2 times in the last 5.000s)
2025-04-23 15:47:41,536 [timer6] WARN  server.GrpcLogAppender (GrpcLogAppender.java:lambda$resetClient$1(221)) - omNode-1@group-523986131536->omNode-3-GrpcLogAppender: Follower failed (request=null, errorCount=832); keep nextIndex (454) unchanged and retry. (Repeated 2 times in the last 5.001s)
2025-04-23 15:47:41,539 [timer0] WARN  server.GrpcLogAppender (GrpcLogAppender.java:lambda$resetClient$1(221)) - omNode-1@group-523986131536->omNode-3-GrpcLogAppender: Follower failed (request=null, errorCount=834); keep nextIndex (455) unchanged and retry. (Repeated 2 times in the last 5.000s)
2025-04-23 15:47:41,550 [timer4] WARN  server.GrpcLogAppender (GrpcLogAppender.java:lambda$resetClient$1(221)) - omNode-1@group-523986131536->omNode-3-GrpcLogAppender: Follower failed (request=null, errorCount=836); keep nextIndex (456) unchanged and retry. (Repeated 2 times in the last 5.000s)
2025-04-23 15:47:41,553 [timer7] WARN  server.GrpcLogAppender (GrpcLogAppender.java:lambda$resetClient$1(221)) - omNode-1@group-523986131536->omNode-3-GrpcLogAppender: Follower failed (request=null, errorCount=838); keep nextIndex (457) unchanged and retry. (Repeated 2 times in the last 5.000s)
2025-04-23 15:47:41,560 [timer2] WARN  server.GrpcLogAppender (GrpcLogAppender.java:lambda$resetClient$1(221)) - omNode-1@group-523986131536->omNode-3-GrpcLogAppender: Follower failed (request=null, errorCount=840); keep nextIndex (458) unchanged and retry. (Repeated 2 times in the last 5.000s)
2025-04-23 15:47:41,562 [timer4] WARN  server.GrpcLogAppender (GrpcLogAppender.java:lambda$resetClient$1(221)) - omNode-1@group-523986131536->omNode-3-GrpcLogAppender: Follower failed (request=null, errorCount=842); keep nextIndex (459) unchanged and retry. (Repeated 2 times in the last 5.000s)
2025-04-23 15:47:41,569 [timer1] WARN  server.GrpcLogAppender (GrpcLogAppender.java:lambda$resetClient$1(221)) - omNode-1@group-523986131536->omNode-3-GrpcLogAppender: Follower failed (request=null, errorCount=844); keep nextIndex (460) unchanged and retry. (Repeated 2 times in the last 5.001s)
2025-04-23 15:47:41,571 [timer4] WARN  server.GrpcLogAppender (GrpcLogAppender.java:lambda$resetClient$1(221)) - omNode-1@group-523986131536->omNode-3-GrpcLogAppender: Follower failed (request=null, errorCount=846); keep nextIndex (461) unchanged and retry. (Repeated 2 times in the last 5.000s)
2025-04-23 15:47:41,577 [timer7] WARN  server.GrpcLogAppender (GrpcLogAppender.java:lambda$resetClient$1(221)) - omNode-1@group-523986131536->omNode-3-GrpcLogAppender: Follower failed (request=null, errorCount=848); keep nextIndex (462) unchanged and retry. (Repeated 2 times in the last 5.000s)
2025-04-23 15:47:41,579 [timer2] WARN  server.GrpcLogAppender (GrpcLogAppender.java:lambda$resetClient$1(221)) - omNode-1@group-523986131536->omNode-3-GrpcLogAppender: Follower failed (request=null, errorCount=850); keep nextIndex (463) unchanged and retry. (Repeated 2 times in the last 5.000s)
2025-04-23 15:47:41,588 [timer7] WARN  server.GrpcLogAppender (GrpcLogAppender.java:lambda$resetClient$1(221)) - omNode-1@group-523986131536->omNode-3-GrpcLogAppender: Follower failed (request=null, errorCount=852); keep nextIndex (464) unchanged and retry. (Repeated 2 times in the last 5.000s)
2025-04-23 15:47:41,592 [timer3] WARN  server.GrpcLogAppender (GrpcLogAppender.java:lambda$resetClient$1(221)) - omNode-1@group-523986131536->omNode-3-GrpcLogAppender: Follower failed (request=null, errorCount=854); keep nextIndex (465) unchanged and retry. (Repeated 2 times in the last 5.001s)
2025-04-23 15:47:41,598 [timer5] WARN  server.GrpcLogAppender (GrpcLogAppender.java:lambda$resetClient$1(221)) - omNode-1@group-523986131536->omNode-3-GrpcLogAppender: Follower failed (request=null, errorCount=856); keep nextIndex (466) unchanged and retry. (Repeated 2 times in the last 5.001s)
2025-04-23 15:47:41,600 [timer0] WARN  server.GrpcLogAppender (GrpcLogAppender.java:lambda$resetClient$1(221)) - omNode-1@group-523986131536->omNode-3-GrpcLogAppender: Follower failed (request=null, errorCount=858); keep nextIndex (467) unchanged and retry. (Repeated 2 times in the last 5.000s)
2025-04-23 15:47:41,609 [timer4] WARN  server.GrpcLogAppender (GrpcLogAppender.java:lambda$resetClient$1(221)) - omNode-1@group-523986131536->omNode-3-GrpcLogAppender: Follower failed (request=null, errorCount=860); keep nextIndex (468) unchanged and retry. (Repeated 2 times in the last 5.001s)
2025-04-23 15:47:41,610 [timer6] WARN  server.GrpcLogAppender (GrpcLogAppender.java:lambda$resetClient$1(221)) - omNode-1@group-523986131536->omNode-3-GrpcLogAppender: Follower failed (request=null, errorCount=862); keep nextIndex (469) unchanged and retry. (Repeated 2 times in the last 5.000s)
2025-04-23 15:47:41,617 [timer2] WARN  server.GrpcLogAppender (GrpcLogAppender.java:lambda$resetClient$1(221)) - omNode-1@group-523986131536->omNode-3-GrpcLogAppender: Follower failed (request=null, errorCount=864); keep nextIndex (470) unchanged and retry. (Repeated 2 times in the last 5.001s)
2025-04-23 15:47:41,619 [timer5] WARN  server.GrpcLogAppender (GrpcLogAppender.java:lambda$resetClient$1(221)) - omNode-1@group-523986131536->omNode-3-GrpcLogAppender: Follower failed (request=null, errorCount=866); keep nextIndex (471) unchanged and retry. (Repeated 2 times in the last 5.001s)
2025-04-23 15:47:41,630 [timer2] WARN  server.GrpcLogAppender (GrpcLogAppender.java:lambda$resetClient$1(221)) - omNode-1@group-523986131536->omNode-3-GrpcLogAppender: Follower failed (request=null, errorCount=868); keep nextIndex (472) unchanged and retry. (Repeated 2 times in the last 5.000s)
2025-04-23 15:47:41,634 [timer6] WARN  server.GrpcLogAppender (GrpcLogAppender.java:lambda$resetClient$1(221)) - omNode-1@group-523986131536->omNode-3-GrpcLogAppender: Follower failed (request=null, errorCount=870); keep nextIndex (473) unchanged and retry. (Repeated 2 times in the last 5.001s)
2025-04-23 15:47:41,638 [timer0] WARN  server.GrpcLogAppender (GrpcLogAppender.java:lambda$resetClient$1(221)) - omNode-1@group-523986131536->omNode-3-GrpcLogAppender: Follower failed (request=null, errorCount=872); keep nextIndex (474) unchanged and retry. (Repeated 2 times in the last 5.000s)
2025-04-23 15:47:41,639 [timer2] WARN  server.GrpcLogAppender (GrpcLogAppender.java:lambda$resetClient$1(221)) - omNode-1@group-523986131536->omNode-3-GrpcLogAppender: Follower failed (request=null, errorCount=874); keep nextIndex (475) unchanged and retry. (Repeated 2 times in the last 4.999s)
2025-04-23 15:47:41,648 [timer7] WARN  server.GrpcLogAppender (GrpcLogAppender.java:lambda$resetClient$1(221)) - omNode-1@group-523986131536->omNode-3-GrpcLogAppender: Follower failed (request=null, errorCount=876); keep nextIndex (476) unchanged and retry. (Repeated 2 times in the last 5.000s)
2025-04-23 15:47:41,652 [timer1] WARN  server.GrpcLogAppender (GrpcLogAppender.java:lambda$resetClient$1(221)) - omNode-1@group-523986131536->omNode-3-GrpcLogAppender: Follower failed (request=null, errorCount=878); keep nextIndex (477) unchanged and retry. (Repeated 2 times in the last 5.001s)
2025-04-23 15:47:41,655 [timer3] WARN  server.GrpcLogAppender (GrpcLogAppender.java:lambda$resetClient$1(221)) - omNode-1@group-523986131536->omNode-3-GrpcLogAppender: Follower failed (request=null, errorCount=880); keep nextIndex (478) unchanged and retry. (Repeated 2 times in the last 5.001s)
2025-04-23 15:47:41,657 [timer7] WARN  server.GrpcLogAppender (GrpcLogAppender.java:lambda$resetClient$1(221)) - omNode-1@group-523986131536->omNode-3-GrpcLogAppender: Follower failed (request=null, errorCount=882); keep nextIndex (479) unchanged and retry. (Repeated 2 times in the last 5.001s)
2025-04-23 15:47:41,665 [timer4] WARN  server.GrpcLogAppender (GrpcLogAppender.java:lambda$resetClient$1(221)) - omNode-1@group-523986131536->omNode-3-GrpcLogAppender: Follower failed (request=null, errorCount=884); keep nextIndex (480) unchanged and retry. (Repeated 2 times in the last 5.000s)
2025-04-23 15:47:41,667 [timer7] WARN  server.GrpcLogAppender (GrpcLogAppender.java:lambda$resetClient$1(221)) - omNode-1@group-523986131536->omNode-3-GrpcLogAppender: Follower failed (request=null, errorCount=886); keep nextIndex (481) unchanged and retry. (Repeated 2 times in the last 5.000s)
2025-04-23 15:47:41,672 [timer2] WARN  server.GrpcLogAppender (GrpcLogAppender.java:lambda$resetClient$1(221)) - omNode-1@group-523986131536->omNode-3-GrpcLogAppender: Follower failed (request=null, errorCount=888); keep nextIndex (482) unchanged and retry. (Repeated 2 times in the last 5.000s)
2025-04-23 15:47:41,674 [timer5] WARN  server.GrpcLogAppender (GrpcLogAppender.java:lambda$resetClient$1(221)) - omNode-1@group-523986131536->omNode-3-GrpcLogAppender: Follower failed (request=null, errorCount=890); keep nextIndex (483) unchanged and retry. (Repeated 2 times in the last 5.000s)
2025-04-23 15:47:41,681 [timer2] WARN  server.GrpcLogAppender (GrpcLogAppender.java:lambda$resetClient$1(221)) - omNode-1@group-523986131536->omNode-3-GrpcLogAppender: Follower failed (request=null, errorCount=892); keep nextIndex (484) unchanged and retry. (Repeated 2 times in the last 5.000s)
2025-04-23 15:47:41,682 [timer5] WARN  server.GrpcLogAppender (GrpcLogAppender.java:lambda$resetClient$1(221)) - omNode-1@group-523986131536->omNode-3-GrpcLogAppender: Follower failed (request=null, errorCount=894); keep nextIndex (485) unchanged and retry. (Repeated 2 times in the last 4.999s)
2025-04-23 15:47:41,687 [timer0] WARN  server.GrpcLogAppender (GrpcLogAppender.java:lambda$resetClient$1(221)) - omNode-1@group-523986131536->omNode-3-GrpcLogAppender: Follower failed (request=null, errorCount=896); keep nextIndex (486) unchanged and retry. (Repeated 2 times in the last 5.000s)
2025-04-23 15:47:41,689 [timer2] WARN  server.GrpcLogAppender (GrpcLogAppender.java:lambda$resetClient$1(221)) - omNode-1@group-523986131536->omNode-3-GrpcLogAppender: Follower failed (request=null, errorCount=898); keep nextIndex (487) unchanged and retry. (Repeated 2 times in the last 5.001s)
2025-04-23 15:47:41,699 [timer7] WARN  server.GrpcLogAppender (GrpcLogAppender.java:lambda$resetClient$1(221)) - omNode-1@group-523986131536->omNode-3-GrpcLogAppender: Follower failed (request=null, errorCount=900); keep nextIndex (488) unchanged and retry. (Repeated 2 times in the last 5.000s)
2025-04-23 15:47:41,701 [timer2] WARN  server.GrpcLogAppender (GrpcLogAppender.java:lambda$resetClient$1(221)) - omNode-1@group-523986131536->omNode-3-GrpcLogAppender: Follower failed (request=null, errorCount=904); keep nextIndex (489) unchanged and retry. (Repeated 4 times in the last 5.000s)
2025-04-23 15:47:41,709 [timer7] WARN  server.GrpcLogAppender (GrpcLogAppender.java:lambda$resetClient$1(221)) - omNode-1@group-523986131536->omNode-3-GrpcLogAppender: Follower failed (request=null, errorCount=906); keep nextIndex (490) unchanged and retry. (Repeated 2 times in the last 4.999s)
2025-04-23 15:47:41,711 [timer1] WARN  server.GrpcLogAppender (GrpcLogAppender.java:lambda$resetClient$1(221)) - omNode-1@group-523986131536->omNode-3-GrpcLogAppender: Follower failed (request=null, errorCount=908); keep nextIndex (491) unchanged and retry. (Repeated 2 times in the last 5.000s)
2025-04-23 15:47:41,718 [timer6] WARN  server.GrpcLogAppender (GrpcLogAppender.java:lambda$resetClient$1(221)) - omNode-1@group-523986131536->omNode-3-GrpcLogAppender: Follower failed (request=null, errorCount=910); keep nextIndex (492) unchanged and retry. (Repeated 2 times in the last 5.000s)
2025-04-23 15:47:41,720 [timer1] WARN  server.GrpcLogAppender (GrpcLogAppender.java:lambda$resetClient$1(221)) - omNode-1@group-523986131536->omNode-3-GrpcLogAppender: Follower failed (request=null, errorCount=912); keep nextIndex (493) unchanged and retry. (Repeated 2 times in the last 5.000s)
2025-04-23 15:47:41,726 [timer4] WARN  server.GrpcLogAppender (GrpcLogAppender.java:lambda$resetClient$1(221)) - omNode-1@group-523986131536->omNode-3-GrpcLogAppender: Follower failed (request=null, errorCount=914); keep nextIndex (494) unchanged and retry. (Repeated 2 times in the last 5.001s)
2025-04-23 15:47:41,728 [timer7] WARN  server.GrpcLogAppender (GrpcLogAppender.java:lambda$resetClient$1(221)) - omNode-1@group-523986131536->omNode-3-GrpcLogAppender: Follower failed (request=null, errorCount=916); keep nextIndex (495) unchanged and retry. (Repeated 2 times in the last 5.000s)
2025-04-23 15:47:41,734 [timer3] WARN  server.GrpcLogAppender (GrpcLogAppender.java:lambda$resetClient$1(221)) - omNode-1@group-523986131536->omNode-3-GrpcLogAppender: Follower failed (request=null, errorCount=918); keep nextIndex (496) unchanged and retry. (Repeated 2 times in the last 5.001s)
2025-04-23 15:47:41,735 [timer6] WARN  server.GrpcLogAppender (GrpcLogAppender.java:lambda$resetClient$1(221)) - omNode-1@group-523986131536->omNode-3-GrpcLogAppender: Follower failed (request=null, errorCount=920); keep nextIndex (497) unchanged and retry. (Repeated 2 times in the last 5.000s)
2025-04-23 15:47:41,739 [timer1] WARN  server.GrpcLogAppender (GrpcLogAppender.java:lambda$resetClient$1(221)) - omNode-1@group-523986131536->omNode-3-GrpcLogAppender: Follower failed (request=null, errorCount=922); keep nextIndex (498) unchanged and retry. (Repeated 2 times in the last 5.000s)
2025-04-23 15:47:41,742 [timer4] WARN  server.GrpcLogAppender (GrpcLogAppender.java:lambda$resetClient$1(221)) - omNode-1@group-523986131536->omNode-3-GrpcLogAppender: Follower failed (request=null, errorCount=924); keep nextIndex (499) unchanged and retry. (Repeated 2 times in the last 5.000s)
2025-04-23 15:47:41,747 [timer1] WARN  server.GrpcLogAppender (GrpcLogAppender.java:lambda$resetClient$1(221)) - omNode-1@group-523986131536->omNode-3-GrpcLogAppender: Follower failed (request=null, errorCount=926); keep nextIndex (500) unchanged and retry. (Repeated 2 times in the last 5.000s)
2025-04-23 15:47:41,750 [timer3] WARN  server.GrpcLogAppender (GrpcLogAppender.java:lambda$resetClient$1(221)) - omNode-1@group-523986131536->omNode-3-GrpcLogAppender: Follower failed (request=null, errorCount=928); keep nextIndex (501) unchanged and retry. (Repeated 2 times in the last 5.001s)
2025-04-23 15:47:41,755 [timer6] WARN  server.GrpcLogAppender (GrpcLogAppender.java:lambda$resetClient$1(221)) - omNode-1@group-523986131536->omNode-3-GrpcLogAppender: Follower failed (request=null, errorCount=930); keep nextIndex (502) unchanged and retry. (Repeated 2 times in the last 5.000s)
2025-04-23 15:47:41,758 [timer1] WARN  server.GrpcLogAppender (GrpcLogAppender.java:lambda$resetClient$1(221)) - omNode-1@group-523986131536->omNode-3-GrpcLogAppender: Follower failed (request=null, errorCount=932); keep nextIndex (503) unchanged and retry. (Repeated 2 times in the last 5.001s)
2025-04-23 15:47:41,773 [timer6] WARN  server.GrpcLogAppender (GrpcLogAppender.java:lambda$resetClient$1(221)) - omNode-1@group-523986131536->omNode-3-GrpcLogAppender: Follower failed (request=null, errorCount=934); keep nextIndex (504) unchanged and retry. (Repeated 2 times in the last 5.000s)
2025-04-23 15:47:41,776 [timer1] WARN  server.GrpcLogAppender (GrpcLogAppender.java:lambda$resetClient$1(221)) - omNode-1@group-523986131536->omNode-3-GrpcLogAppender: Follower failed (request=null, errorCount=936); keep nextIndex (505) unchanged and retry. (Repeated 2 times in the last 5.000s)
2025-04-23 15:47:41,790 [timer4] WARN  server.GrpcLogAppender (GrpcLogAppender.java:lambda$resetClient$1(221)) - omNode-1@group-523986131536->omNode-3-GrpcLogAppender: Follower failed (request=null, errorCount=938); keep nextIndex (506) unchanged and retry. (Repeated 2 times in the last 5.000s)
2025-04-23 15:47:41,792 [timer7] WARN  server.GrpcLogAppender (GrpcLogAppender.java:lambda$resetClient$1(221)) - omNode-1@group-523986131536->omNode-3-GrpcLogAppender: Follower failed (request=null, errorCount=940); keep nextIndex (507) unchanged and retry. (Repeated 2 times in the last 5.000s)
2025-04-23 15:47:41,801 [timer4] WARN  server.GrpcLogAppender (GrpcLogAppender.java:lambda$resetClient$1(221)) - omNode-1@group-523986131536->omNode-3-GrpcLogAppender: Follower failed (request=null, errorCount=942); keep nextIndex (508) unchanged and retry. (Repeated 2 times in the last 5.000s)
2025-04-23 15:47:41,802 [timer7] WARN  server.GrpcLogAppender (GrpcLogAppender.java:lambda$resetClient$1(221)) - omNode-1@group-523986131536->omNode-3-GrpcLogAppender: Follower failed (request=null, errorCount=944); keep nextIndex (509) unchanged and retry. (Repeated 2 times in the last 5.000s)
2025-04-23 15:47:41,808 [timer2] WARN  server.GrpcLogAppender (GrpcLogAppender.java:lambda$resetClient$1(221)) - omNode-1@group-523986131536->omNode-3-GrpcLogAppender: Follower failed (request=null, errorCount=946); keep nextIndex (510) unchanged and retry. (Repeated 2 times in the last 5.000s)
2025-04-23 15:47:41,809 [timer4] WARN  server.GrpcLogAppender (GrpcLogAppender.java:lambda$resetClient$1(221)) - omNode-1@group-523986131536->omNode-3-GrpcLogAppender: Follower failed (request=null, errorCount=948); keep nextIndex (511) unchanged and retry. (Repeated 2 times in the last 5.000s)
2025-04-23 15:47:41,817 [timer2] WARN  server.GrpcLogAppender (GrpcLogAppender.java:lambda$resetClient$1(221)) - omNode-1@group-523986131536->omNode-3-GrpcLogAppender: Follower failed (request=null, errorCount=950); keep nextIndex (512) unchanged and retry. (Repeated 2 times in the last 5.000s)
2025-04-23 15:47:41,821 [timer5] WARN  server.GrpcLogAppender (GrpcLogAppender.java:lambda$resetClient$1(221)) - omNode-1@group-523986131536->omNode-3-GrpcLogAppender: Follower failed (request=null, errorCount=952); keep nextIndex (513) unchanged and retry. (Repeated 2 times in the last 5.000s)
2025-04-23 15:47:41,825 [timer1] WARN  server.GrpcLogAppender (GrpcLogAppender.java:lambda$resetClient$1(221)) - omNode-1@group-523986131536->omNode-3-GrpcLogAppender: Follower failed (request=null, errorCount=954); keep nextIndex (514) unchanged and retry. (Repeated 2 times in the last 5.001s)
2025-04-23 15:47:41,826 [timer3] WARN  server.GrpcLogAppender (GrpcLogAppender.java:lambda$resetClient$1(221)) - omNode-1@group-523986131536->omNode-3-GrpcLogAppender: Follower failed (request=null, errorCount=956); keep nextIndex (515) unchanged and retry. (Repeated 2 times in the last 5.000s)
2025-04-23 15:47:41,835 [timer0] WARN  server.GrpcLogAppender (GrpcLogAppender.java:lambda$resetClient$1(221)) - omNode-1@group-523986131536->omNode-3-GrpcLogAppender: Follower failed (request=null, errorCount=958); keep nextIndex (516) unchanged and retry. (Repeated 2 times in the last 5.001s)
2025-04-23 15:47:41,837 [timer3] WARN  server.GrpcLogAppender (GrpcLogAppender.java:lambda$resetClient$1(221)) - omNode-1@group-523986131536->omNode-3-GrpcLogAppender: Follower failed (request=null, errorCount=960); keep nextIndex (517) unchanged and retry. (Repeated 2 times in the last 5.000s)
2025-04-23 15:47:41,841 [timer6] WARN  server.GrpcLogAppender (GrpcLogAppender.java:lambda$resetClient$1(221)) - omNode-1@group-523986131536->omNode-3-GrpcLogAppender: Follower failed (request=null, errorCount=962); keep nextIndex (518) unchanged and retry. (Repeated 2 times in the last 4.999s)
2025-04-23 15:47:41,843 [timer0] WARN  server.GrpcLogAppender (GrpcLogAppender.java:lambda$resetClient$1(221)) - omNode-1@group-523986131536->omNode-3-GrpcLogAppender: Follower failed (request=null, errorCount=964); keep nextIndex (519) unchanged and retry. (Repeated 2 times in the last 5.001s)
2025-04-23 15:47:41,852 [timer6] WARN  server.GrpcLogAppender (GrpcLogAppender.java:lambda$resetClient$1(221)) - omNode-1@group-523986131536->omNode-3-GrpcLogAppender: Follower failed (request=null, errorCount=966); keep nextIndex (520) unchanged and retry. (Repeated 2 times in the last 5.000s)
2025-04-23 15:47:41,855 [timer1] WARN  server.GrpcLogAppender (GrpcLogAppender.java:lambda$resetClient$1(221)) - omNode-1@group-523986131536->omNode-3-GrpcLogAppender: Follower failed (request=null, errorCount=968); keep nextIndex (521) unchanged and retry. (Repeated 2 times in the last 5.001s)
2025-04-23 15:47:41,859 [timer4] WARN  server.GrpcLogAppender (GrpcLogAppender.java:lambda$resetClient$1(221)) - omNode-1@group-523986131536->omNode-3-GrpcLogAppender: Follower failed (request=null, errorCount=970); keep nextIndex (522) unchanged and retry. (Repeated 2 times in the last 5.000s)
2025-04-23 15:47:41,860 [timer7] WARN  server.GrpcLogAppender (GrpcLogAppender.java:lambda$resetClient$1(221)) - omNode-1@group-523986131536->omNode-3-GrpcLogAppender: Follower failed (request=null, errorCount=972); keep nextIndex (523) unchanged and retry. (Repeated 2 times in the last 5.000s)
2025-04-23 15:47:41,872 [timer3] WARN  server.GrpcLogAppender (GrpcLogAppender.java:lambda$resetClient$1(221)) - omNode-1@group-523986131536->omNode-3-GrpcLogAppender: Follower failed (request=null, errorCount=974); keep nextIndex (524) unchanged and retry. (Repeated 2 times in the last 5.000s)
2025-04-23 15:47:41,874 [timer5] WARN  server.GrpcLogAppender (GrpcLogAppender.java:lambda$resetClient$1(221)) - omNode-1@group-523986131536->omNode-3-GrpcLogAppender: Follower failed (request=null, errorCount=976); keep nextIndex (525) unchanged and retry. (Repeated 2 times in the last 5.000s)
2025-04-23 15:47:41,891 [timer7] WARN  server.GrpcLogAppender (GrpcLogAppender.java:lambda$resetClient$1(221)) - omNode-1@group-523986131536->omNode-3-GrpcLogAppender: Follower failed (request=null, errorCount=978); keep nextIndex (526) unchanged and retry. (Repeated 2 times in the last 5.001s)
2025-04-23 15:47:41,892 [timer2] WARN  server.GrpcLogAppender (GrpcLogAppender.java:lambda$resetClient$1(221)) - omNode-1@group-523986131536->omNode-3-GrpcLogAppender: Follower failed (request=null, errorCount=980); keep nextIndex (527) unchanged and retry. (Repeated 2 times in the last 4.999s)
2025-04-23 15:47:41,904 [timer5] WARN  server.GrpcLogAppender (GrpcLogAppender.java:lambda$resetClient$1(221)) - omNode-1@group-523986131536->omNode-3-GrpcLogAppender: Follower failed (request=null, errorCount=982); keep nextIndex (528) unchanged and retry. (Repeated 2 times in the last 5.000s)
2025-04-23 15:47:41,906 [timer0] WARN  server.GrpcLogAppender (GrpcLogAppender.java:lambda$resetClient$1(221)) - omNode-1@group-523986131536->omNode-3-GrpcLogAppender: Follower failed (request=null, errorCount=984); keep nextIndex (529) unchanged and retry. (Repeated 2 times in the last 5.000s)
2025-04-23 15:47:41,912 [timer2] WARN  server.GrpcLogAppender (GrpcLogAppender.java:lambda$resetClient$1(221)) - omNode-1@group-523986131536->omNode-3-GrpcLogAppender: Follower failed (request=null, errorCount=986); keep nextIndex (530) unchanged and retry. (Repeated 2 times in the last 5.000s)
2025-04-23 15:47:41,914 [timer5] WARN  server.GrpcLogAppender (GrpcLogAppender.java:lambda$resetClient$1(221)) - omNode-1@group-523986131536->omNode-3-GrpcLogAppender: Follower failed (request=null, errorCount=988); keep nextIndex (531) unchanged and retry. (Repeated 2 times in the last 5.000s)
2025-04-23 15:47:41,921 [timer1] WARN  server.GrpcLogAppender (GrpcLogAppender.java:lambda$resetClient$1(221)) - omNode-1@group-523986131536->omNode-3-GrpcLogAppender: Follower failed (request=null, errorCount=990); keep nextIndex (532) unchanged and retry. (Repeated 2 times in the last 5.000s)
2025-04-23 15:47:41,924 [timer4] WARN  server.GrpcLogAppender (GrpcLogAppender.java:lambda$resetClient$1(221)) - omNode-1@group-523986131536->omNode-3-GrpcLogAppender: Follower failed (request=null, errorCount=992); keep nextIndex (533) unchanged and retry. (Repeated 2 times in the last 5.001s)
2025-04-23 15:47:41,930 [timer7] WARN  server.GrpcLogAppender (GrpcLogAppender.java:lambda$resetClient$1(221)) - omNode-1@group-523986131536->omNode-3-GrpcLogAppender: Follower failed (request=null, errorCount=994); keep nextIndex (534) unchanged and retry. (Repeated 2 times in the last 5.001s)
2025-04-23 15:47:41,931 [timer2] WARN  server.GrpcLogAppender (GrpcLogAppender.java:lambda$resetClient$1(221)) - omNode-1@group-523986131536->omNode-3-GrpcLogAppender: Follower failed (request=null, errorCount=996); keep nextIndex (535) unchanged and retry. (Repeated 2 times in the last 5.000s)
2025-04-23 15:47:41,938 [timer6] WARN  server.GrpcLogAppender (GrpcLogAppender.java:lambda$resetClient$1(221)) - omNode-1@group-523986131536->omNode-3-GrpcLogAppender: Follower failed (request=null, errorCount=998); keep nextIndex (536) unchanged and retry. (Repeated 2 times in the last 5.000s)
2025-04-23 15:47:41,940 [timer1] WARN  server.GrpcLogAppender (GrpcLogAppender.java:lambda$resetClient$1(221)) - omNode-1@group-523986131536->omNode-3-GrpcLogAppender: Follower failed (request=null, errorCount=1000); keep nextIndex (537) unchanged and retry. (Repeated 2 times in the last 5.000s)
2025-04-23 15:47:41,946 [timer4] WARN  server.GrpcLogAppender (GrpcLogAppender.java:lambda$resetClient$1(221)) - omNode-1@group-523986131536->omNode-3-GrpcLogAppender: Follower failed (request=null, errorCount=1002); keep nextIndex (538) unchanged and retry. (Repeated 2 times in the last 5.001s)
2025-04-23 15:47:41,948 [timer7] WARN  server.GrpcLogAppender (GrpcLogAppender.java:lambda$resetClient$1(221)) - omNode-1@group-523986131536->omNode-3-GrpcLogAppender: Follower failed (request=null, errorCount=1004); keep nextIndex (539) unchanged and retry. (Repeated 2 times in the last 5.000s)
2025-04-23 15:47:41,948 [omNode-3-impl-thread1] INFO  segmented.SegmentedRaftLogWorker (SegmentedRaftLogWorker.java:close(252)) - omNode-3@group-523986131536-SegmentedRaftLogWorker close()
2025-04-23 15:47:41,948 [JvmPauseMonitor49] INFO  util.JvmPauseMonitor (JvmPauseMonitor.java:run(152)) - JvmPauseMonitor-omNode-3: Stopped
2025-04-23 15:47:41,948 [main] INFO  utils.BackgroundService (BackgroundService.java:shutdown(161)) - Shutting down service KeyDeletingService
2025-04-23 15:47:41,949 [main] INFO  utils.BackgroundService (BackgroundService.java:shutdown(161)) - Shutting down service DirectoryDeletingService
2025-04-23 15:47:41,950 [main] INFO  utils.BackgroundService (BackgroundService.java:shutdown(161)) - Shutting down service OpenKeyCleanupService
2025-04-23 15:47:41,950 [main] INFO  utils.BackgroundService (BackgroundService.java:shutdown(161)) - Shutting down service SstFilteringService
2025-04-23 15:47:41,951 [main] INFO  utils.BackgroundService (BackgroundService.java:shutdown(161)) - Shutting down service SnapshotDeletingService
2025-04-23 15:47:41,951 [main] INFO  utils.BackgroundService (BackgroundService.java:shutdown(161)) - Shutting down service MultipartUploadCleanupService
2025-04-23 15:47:41,952 [main] INFO  handler.ContextHandler (ContextHandler.java:doStop(1159)) - Stopped o.e.j.w.WebAppContext@56412124{ozoneManager,/,null,STOPPED}{file:/home/runner/work/ozone/ozone/hadoop-ozone/integration-test/target/test-classes/webapps/ozoneManager}
2025-04-23 15:47:41,952 [main] INFO  server.AbstractConnector (AbstractConnector.java:doStop(383)) - Stopped ServerConnector@3555b5d2{HTTP/1.1, (http/1.1)}{0.0.0.0:15057}
2025-04-23 15:47:41,952 [main] INFO  server.session (HouseKeeper.java:stopScavenging(149)) - node0 Stopped scavenging
2025-04-23 15:47:41,952 [main] INFO  handler.ContextHandler (ContextHandler.java:doStop(1159)) - Stopped o.e.j.s.ServletContextHandler@4c0e7d3f{static,/static,file:///home/runner/work/ozone/ozone/hadoop-ozone/integration-test/target/test-classes/webapps/static,STOPPED}
2025-04-23 15:47:41,953 [main] INFO  handler.ContextHandler (ContextHandler.java:doStop(1159)) - Stopped o.e.j.s.ServletContextHandler@a25cf5e{logs,/logs,file:///home/runner/work/ozone/ozone/hadoop-ozone/integration-test/target/log,STOPPED}
2025-04-23 15:47:41,953 [main] INFO  rocksdiff.RocksDBCheckpointDiffer (RocksDBCheckpointDiffer.java:close(304)) - Shutting down CompactionDagPruningService.
2025-04-23 15:47:41,955 [main] INFO  snapshot.SnapshotDiffManager (SnapshotDiffManager.java:closeExecutorService(1698)) - Shutting down executorService: 'SnapDiffExecutor'
2025-04-23 15:47:41,956 [main] INFO  utils.BackgroundService (BackgroundService.java:shutdown(161)) - Shutting down service SnapshotDiffCleanupService
2025-04-23 15:47:41,956 [main] INFO  om.OzoneManager (OzoneManager.java:stop(2347)) - omNode-1[localhost:15048]: Stopping Ozone Manager
2025-04-23 15:47:41,956 [main] INFO  ipc.Server (Server.java:stop(3697)) - Stopping server on 15048
2025-04-23 15:47:41,958 [timer7] WARN  server.GrpcLogAppender (GrpcLogAppender.java:lambda$resetClient$1(221)) - omNode-1@group-523986131536->omNode-3-GrpcLogAppender: Follower failed (request=null, errorCount=1010); keep nextIndex (541) unchanged and retry. (Repeated 4 times in the last 5.000s)
2025-04-23 15:47:41,959 [timer4] WARN  server.GrpcLogAppender (GrpcLogAppender.java:lambda$resetClient$1(221)) - omNode-1@group-523986131536->omNode-3-GrpcLogAppender: Follower failed (request=null, errorCount=1006); keep nextIndex (540) unchanged and retry. (Repeated 2 times in the last 5.003s)
2025-04-23 15:47:41,960 [IPC Server listener on 15048] INFO  ipc.Server (Server.java:run(1585)) - Stopping IPC Server listener on 15048
2025-04-23 15:47:41,960 [main] INFO  ratis.OzoneManagerRatisServer (OzoneManagerRatisServer.java:stop(634)) - Stopping org.apache.hadoop.ozone.om.ratis.OzoneManagerRatisServer@7618077a at port 15051
2025-04-23 15:47:41,960 [main] INFO  server.RaftServer (RaftServerProxy.java:lambda$close$9(417)) - omNode-1: close
2025-04-23 15:47:41,960 [IPC Server Responder] INFO  ipc.Server (Server.java:run(1718)) - Stopping IPC Server Responder
2025-04-23 15:47:41,960 [main] INFO  server.GrpcService (GrpcService.java:closeImpl(343)) - omNode-1: shutdown server GrpcServerProtocolService now
2025-04-23 15:47:41,961 [omNode-1-impl-thread1] INFO  server.RaftServer$Division (RaftServerImpl.java:lambda$close$1(513)) - omNode-1@group-523986131536: shutdown
2025-04-23 15:47:41,961 [omNode-1-impl-thread1] INFO  util.JmxRegister (JmxRegister.java:unregister(74)) - Successfully un-registered JMX Bean with object name Ratis:service=RaftServer,group=group-523986131536,id=omNode-1
2025-04-23 15:47:41,961 [omNode-1-impl-thread1] INFO  impl.RoleInfo (RoleInfo.java:shutdownLeaderState(103)) - omNode-1: shutdown omNode-1@group-523986131536-LeaderStateImpl
2025-04-23 15:47:41,962 [omNode-1@group-523986131536->omNode-3-GrpcLogAppender-LogAppenderDaemon] WARN  server.GrpcLogAppender (GrpcLogAppender.java:mayWait(293)) - omNode-1@group-523986131536->omNode-3-GrpcLogAppender: Wait interrupted by java.lang.InterruptedException
2025-04-23 15:47:41,962 [omNode-1-impl-thread1] INFO  impl.PendingRequests (PendingRequests.java:sendNotLeaderResponses(287)) - omNode-1@group-523986131536-PendingRequests: sendNotLeaderResponses
2025-04-23 15:47:41,962 [omNode-1@group-523986131536->omNode-2-GrpcLogAppender-LogAppenderDaemon] WARN  server.GrpcLogAppender (GrpcLogAppender.java:mayWait(293)) - omNode-1@group-523986131536->omNode-2-GrpcLogAppender: Wait interrupted by java.lang.InterruptedException
2025-04-23 15:47:41,963 [grpc-default-executor-2] INFO  server.GrpcServerProtocolService (GrpcServerProtocolService.java:onCompleted(157)) - omNode-2: Completed APPEND_ENTRIES, lastRequest: omNode-1->omNode-2#1063-t1,previous=(t:1, i:583),leaderCommit=583,initializing? false,entries: size=1, first=(t:1, i:584), METADATAENTRY(c:583)
2025-04-23 15:47:41,963 [grpc-default-executor-2] INFO  server.GrpcServerProtocolService (GrpcServerProtocolService.java:lambda$onCompleted$5(159)) - omNode-2: Completed APPEND_ENTRIES, lastReply: null
2025-04-23 15:47:41,963 [grpc-default-executor-5] INFO  server.GrpcServerProtocolService (GrpcServerProtocolService.java:onCompleted(157)) - omNode-2: Completed APPEND_ENTRIES, lastRequest: null
2025-04-23 15:47:41,963 [grpc-default-executor-5] INFO  server.GrpcServerProtocolService (GrpcServerProtocolService.java:lambda$onCompleted$5(159)) - omNode-2: Completed APPEND_ENTRIES, lastReply: serverReply {
  requestorId: "omNode-1"
  replyId: "omNode-2"
  raftGroupId {
    id: "\311\274L\364;\303<`\246kR9\206\023\0256"
  }
  callId: 1068
  success: true
}
term: 1
nextIndex: 585
followerCommit: 584
matchIndex: 18446744073709551615
isHearbeat: true

2025-04-23 15:47:41,964 [Thread-9446] INFO  server.GrpcServerProtocolClient (GrpcServerProtocolClient.java:close(105)) - omNode-3 Close channels
2025-04-23 15:47:41,964 [omNode-1-impl-thread1] INFO  impl.StateMachineUpdater (StateMachineUpdater.java:stopAndJoin(164)) - omNode-1@group-523986131536-StateMachineUpdater: set stopIndex = 584
2025-04-23 15:47:41,964 [grpc-default-executor-2] INFO  server.GrpcLogAppender (GrpcLogAppender.java:onCompleted(550)) - omNode-1@group-523986131536->omNode-2-AppendLogResponseHandler: follower responses appendEntries COMPLETED
2025-04-23 15:47:41,965 [timer4] WARN  server.GrpcLogAppender (GrpcLogAppender.java:lambda$resetClient$1(221)) - omNode-1@group-523986131536->omNode-3-GrpcLogAppender: Follower failed (request=null, errorCount=1012); keep nextIndex (543) unchanged and retry. (Repeated 2 times in the last 5.000s)
2025-04-23 15:47:41,965 [grpc-default-executor-5] INFO  server.GrpcLogAppender (GrpcLogAppender.java:onCompleted(550)) - omNode-1@group-523986131536->omNode-2-AppendLogResponseHandler: follower responses appendEntries COMPLETED
2025-04-23 15:47:41,966 [Thread-9448] INFO  server.GrpcServerProtocolClient (GrpcServerProtocolClient.java:close(105)) - omNode-2 Close channels
2025-04-23 15:47:41,968 [main] INFO  server.GrpcService (GrpcService.java:closeImpl(352)) - omNode-1: shutdown server GrpcServerProtocolService successfully
2025-04-23 15:47:41,974 [timer2] WARN  server.GrpcLogAppender (GrpcLogAppender.java:lambda$resetClient$1(221)) - omNode-1@group-523986131536->omNode-3-GrpcLogAppender: Follower failed (request=null, errorCount=1014); keep nextIndex (544) unchanged and retry. (Repeated 2 times in the last 5.000s)
2025-04-23 15:47:41,975 [timer4] WARN  server.GrpcLogAppender (GrpcLogAppender.java:lambda$resetClient$1(221)) - omNode-1@group-523986131536->omNode-3-GrpcLogAppender: Follower failed (request=null, errorCount=1018); keep nextIndex (545) unchanged and retry. (Repeated 4 times in the last 5.000s)
2025-04-23 15:47:41,980 [omNode-1@group-523986131536-StateMachineUpdater] INFO  ratis.OzoneManagerStateMachine (OzoneManagerStateMachine.java:takeSnapshotImpl(510)) - omNode-1: taking snapshot. applied = (t:1, i:584), skipped = 583, notified = (t:1, i:584), current snapshot index = (t:1, i:584), took 16 ms
2025-04-23 15:47:41,980 [omNode-1@group-523986131536-StateMachineUpdater] INFO  impl.StateMachineUpdater (StateMachineUpdater.java:takeSnapshot(303)) - omNode-1@group-523986131536-StateMachineUpdater: Took a snapshot at index 584
2025-04-23 15:47:41,981 [omNode-1@group-523986131536-StateMachineUpdater] INFO  impl.StateMachineUpdater (StateMachineUpdater.java:lambda$new$0(102)) - omNode-1@group-523986131536-StateMachineUpdater: snapshotIndex: updateIncreasingly 550 -> 584
2025-04-23 15:47:41,981 [omNode-1@group-523986131536-StateMachineUpdater] INFO  impl.StateMachineUpdater (StateMachineUpdater.java:stop(141)) - omNode-1@group-523986131536-StateMachineUpdater: closing OzoneManagerStateMachine, lastApplied=(t:1, i:584)
2025-04-23 15:47:41,981 [omNode-1@group-523986131536-StateMachineUpdater] INFO  ratis.OzoneManagerStateMachine (OzoneManagerStateMachine.java:close(550)) - Stopping OzoneManagerStateMachine:omNode-1:group-523986131536.
2025-04-23 15:47:41,981 [omNode-1@group-523986131536-StateMachineUpdater] INFO  ratis.OzoneManagerDoubleBuffer (OzoneManagerDoubleBuffer.java:stopDaemon(500)) - Stopping OMDoubleBuffer flush thread
2025-04-23 15:47:41,981 [omNode-1-OMDoubleBufferFlushThread] INFO  ratis.OzoneManagerDoubleBuffer (OzoneManagerDoubleBuffer.java:canFlush(559)) - OMDoubleBuffer flush thread omNode-1-OMDoubleBufferFlushThread is interrupted and will exit.
2025-04-23 15:47:41,981 [omNode-1@group-523986131536-cacheEviction-AwaitToRun] INFO  util.AwaitToRun (AwaitToRun.java:run(49)) - omNode-1@group-523986131536-cacheEviction-AwaitToRun-AwaitForSignal is interrupted
2025-04-23 15:47:41,987 [Thread-9564] WARN  rocksdiff.RocksDBCheckpointDiffer (RocksDBCheckpointDiffer.java:lambda$onCompactionCompleted$0(492)) - Input file not found in inflightCompactionsMap : /home/runner/work/ozone/ozone/hadoop-ozone/integration-test/target/test-dir/MiniOzoneClusterImpl-11ed033c-ec90-4580-9385-902e6658689d/omNode-1/om.db/000107.sst which should have been added on compactionBeginListener.
2025-04-23 15:47:41,987 [Thread-9564] WARN  rocksdiff.RocksDBCheckpointDiffer (RocksDBCheckpointDiffer.java:lambda$onCompactionCompleted$0(492)) - Input file not found in inflightCompactionsMap : /home/runner/work/ozone/ozone/hadoop-ozone/integration-test/target/test-dir/MiniOzoneClusterImpl-11ed033c-ec90-4580-9385-902e6658689d/omNode-1/om.db/000125.sst which should have been added on compactionBeginListener.
2025-04-23 15:47:41,987 [Thread-9564] WARN  rocksdiff.RocksDBCheckpointDiffer (RocksDBCheckpointDiffer.java:lambda$onCompactionCompleted$0(492)) - Input file not found in inflightCompactionsMap : /home/runner/work/ozone/ozone/hadoop-ozone/integration-test/target/test-dir/MiniOzoneClusterImpl-11ed033c-ec90-4580-9385-902e6658689d/omNode-1/om.db/000113.sst which should have been added on compactionBeginListener.
2025-04-23 15:47:41,987 [Thread-9564] WARN  rocksdiff.RocksDBCheckpointDiffer (RocksDBCheckpointDiffer.java:lambda$onCompactionCompleted$0(492)) - Input file not found in inflightCompactionsMap : /home/runner/work/ozone/ozone/hadoop-ozone/integration-test/target/test-dir/MiniOzoneClusterImpl-11ed033c-ec90-4580-9385-902e6658689d/omNode-1/om.db/000118.sst which should have been added on compactionBeginListener.
2025-04-23 15:47:41,987 [Thread-9564] WARN  rocksdiff.RocksDBCheckpointDiffer (RocksDBCheckpointDiffer.java:lambda$onCompactionCompleted$0(492)) - Input file not found in inflightCompactionsMap : /home/runner/work/ozone/ozone/hadoop-ozone/integration-test/target/test-dir/MiniOzoneClusterImpl-11ed033c-ec90-4580-9385-902e6658689d/omNode-1/om.db/000102.sst which should have been added on compactionBeginListener.
2025-04-23 15:47:42,948 [omNode-1-impl-thread1] INFO  segmented.SegmentedRaftLogWorker (SegmentedRaftLogWorker.java:close(252)) - omNode-1@group-523986131536-SegmentedRaftLogWorker close()
2025-04-23 15:47:42,948 [JvmPauseMonitor43] INFO  util.JvmPauseMonitor (JvmPauseMonitor.java:run(152)) - JvmPauseMonitor-omNode-1: Stopped
2025-04-23 15:47:42,948 [main] INFO  utils.BackgroundService (BackgroundService.java:shutdown(161)) - Shutting down service KeyDeletingService
2025-04-23 15:47:42,949 [main] INFO  utils.BackgroundService (BackgroundService.java:shutdown(161)) - Shutting down service DirectoryDeletingService
2025-04-23 15:47:42,949 [main] INFO  utils.BackgroundService (BackgroundService.java:shutdown(161)) - Shutting down service OpenKeyCleanupService
2025-04-23 15:47:42,950 [main] INFO  utils.BackgroundService (BackgroundService.java:shutdown(161)) - Shutting down service SstFilteringService
2025-04-23 15:47:42,950 [main] INFO  utils.BackgroundService (BackgroundService.java:shutdown(161)) - Shutting down service SnapshotDeletingService
2025-04-23 15:47:42,950 [main] INFO  utils.BackgroundService (BackgroundService.java:shutdown(161)) - Shutting down service MultipartUploadCleanupService
2025-04-23 15:47:42,951 [main] INFO  handler.ContextHandler (ContextHandler.java:doStop(1159)) - Stopped o.e.j.w.WebAppContext@723459bf{ozoneManager,/,null,STOPPED}{file:/home/runner/work/ozone/ozone/hadoop-ozone/integration-test/target/test-classes/webapps/ozoneManager}
2025-04-23 15:47:42,952 [main] INFO  server.AbstractConnector (AbstractConnector.java:doStop(383)) - Stopped ServerConnector@3a4459c5{HTTP/1.1, (http/1.1)}{0.0.0.0:15049}
2025-04-23 15:47:42,952 [main] INFO  server.session (HouseKeeper.java:stopScavenging(149)) - node0 Stopped scavenging
2025-04-23 15:47:42,952 [main] INFO  handler.ContextHandler (ContextHandler.java:doStop(1159)) - Stopped o.e.j.s.ServletContextHandler@5b1a7e39{static,/static,file:///home/runner/work/ozone/ozone/hadoop-ozone/integration-test/target/test-classes/webapps/static,STOPPED}
2025-04-23 15:47:42,953 [main] INFO  handler.ContextHandler (ContextHandler.java:doStop(1159)) - Stopped o.e.j.s.ServletContextHandler@5bea1561{logs,/logs,file:///home/runner/work/ozone/ozone/hadoop-ozone/integration-test/target/log,STOPPED}
2025-04-23 15:47:42,954 [main] INFO  rocksdiff.RocksDBCheckpointDiffer (RocksDBCheckpointDiffer.java:close(304)) - Shutting down CompactionDagPruningService.
2025-04-23 15:47:42,955 [main] INFO  snapshot.SnapshotDiffManager (SnapshotDiffManager.java:closeExecutorService(1698)) - Shutting down executorService: 'SnapDiffExecutor'
2025-04-23 15:47:42,956 [main] INFO  utils.BackgroundService (BackgroundService.java:shutdown(161)) - Shutting down service SnapshotDiffCleanupService
2025-04-23 15:47:42,956 [main] INFO  om.OzoneManager (OzoneManager.java:stop(2347)) - omNode-2[localhost:15052]: Stopping Ozone Manager
2025-04-23 15:47:42,956 [main] INFO  ipc.Server (Server.java:stop(3697)) - Stopping server on 15052
2025-04-23 15:47:42,959 [IPC Server listener on 15052] INFO  ipc.Server (Server.java:run(1585)) - Stopping IPC Server listener on 15052
2025-04-23 15:47:42,959 [IPC Server Responder] INFO  ipc.Server (Server.java:run(1718)) - Stopping IPC Server Responder
2025-04-23 15:47:42,959 [main] INFO  ratis.OzoneManagerRatisServer (OzoneManagerRatisServer.java:stop(634)) - Stopping org.apache.hadoop.ozone.om.ratis.OzoneManagerRatisServer@68ab2fe at port 15055
2025-04-23 15:47:42,959 [main] INFO  server.RaftServer (RaftServerProxy.java:lambda$close$9(417)) - omNode-2: close
2025-04-23 15:47:42,959 [main] INFO  server.GrpcService (GrpcService.java:closeImpl(343)) - omNode-2: shutdown server GrpcServerProtocolService now
2025-04-23 15:47:42,959 [omNode-2-impl-thread1] INFO  server.RaftServer$Division (RaftServerImpl.java:lambda$close$1(513)) - omNode-2@group-523986131536: shutdown
2025-04-23 15:47:42,959 [omNode-2-impl-thread1] INFO  util.JmxRegister (JmxRegister.java:unregister(74)) - Successfully un-registered JMX Bean with object name Ratis:service=RaftServer,group=group-523986131536,id=omNode-2
2025-04-23 15:47:42,959 [omNode-2-impl-thread1] INFO  impl.RoleInfo (RoleInfo.java:shutdownFollowerState(121)) - omNode-2: shutdown omNode-2@group-523986131536-FollowerState
2025-04-23 15:47:42,959 [omNode-2-impl-thread1] INFO  impl.StateMachineUpdater (StateMachineUpdater.java:stopAndJoin(164)) - omNode-2@group-523986131536-StateMachineUpdater: set stopIndex = 584
2025-04-23 15:47:42,959 [omNode-2@group-523986131536-FollowerState] INFO  impl.FollowerState (FollowerState.java:runImpl(170)) - omNode-2@group-523986131536-FollowerState was interrupted
2025-04-23 15:47:42,960 [main] INFO  server.GrpcService (GrpcService.java:closeImpl(352)) - omNode-2: shutdown server GrpcServerProtocolService successfully
2025-04-23 15:47:42,976 [omNode-2@group-523986131536-StateMachineUpdater] INFO  ratis.OzoneManagerStateMachine (OzoneManagerStateMachine.java:takeSnapshotImpl(510)) - omNode-2: taking snapshot. applied = (t:1, i:584), skipped = 583, notified = (t:1, i:584), current snapshot index = (t:1, i:584), took 17 ms
2025-04-23 15:47:42,976 [omNode-2@group-523986131536-StateMachineUpdater] INFO  impl.StateMachineUpdater (StateMachineUpdater.java:takeSnapshot(303)) - omNode-2@group-523986131536-StateMachineUpdater: Took a snapshot at index 584
2025-04-23 15:47:42,976 [omNode-2@group-523986131536-StateMachineUpdater] INFO  impl.StateMachineUpdater (StateMachineUpdater.java:lambda$new$0(102)) - omNode-2@group-523986131536-StateMachineUpdater: snapshotIndex: updateIncreasingly 550 -> 584
2025-04-23 15:47:42,976 [omNode-2@group-523986131536-StateMachineUpdater] INFO  impl.StateMachineUpdater (StateMachineUpdater.java:stop(141)) - omNode-2@group-523986131536-StateMachineUpdater: closing OzoneManagerStateMachine, lastApplied=(t:1, i:584)
2025-04-23 15:47:42,976 [omNode-2@group-523986131536-StateMachineUpdater] INFO  ratis.OzoneManagerStateMachine (OzoneManagerStateMachine.java:close(550)) - Stopping OzoneManagerStateMachine:omNode-2:group-523986131536.
2025-04-23 15:47:42,976 [omNode-2@group-523986131536-StateMachineUpdater] INFO  ratis.OzoneManagerDoubleBuffer (OzoneManagerDoubleBuffer.java:stopDaemon(500)) - Stopping OMDoubleBuffer flush thread
2025-04-23 15:47:42,976 [omNode-2-OMDoubleBufferFlushThread] INFO  ratis.OzoneManagerDoubleBuffer (OzoneManagerDoubleBuffer.java:canFlush(559)) - OMDoubleBuffer flush thread omNode-2-OMDoubleBufferFlushThread is interrupted and will exit.
2025-04-23 15:47:42,977 [omNode-2@group-523986131536-cacheEviction-AwaitToRun] INFO  util.AwaitToRun (AwaitToRun.java:run(49)) - omNode-2@group-523986131536-cacheEviction-AwaitToRun-AwaitForSignal is interrupted
2025-04-23 15:47:42,982 [Thread-9693] WARN  rocksdiff.RocksDBCheckpointDiffer (RocksDBCheckpointDiffer.java:lambda$onCompactionCompleted$0(492)) - Input file not found in inflightCompactionsMap : /home/runner/work/ozone/ozone/hadoop-ozone/integration-test/target/test-dir/MiniOzoneClusterImpl-11ed033c-ec90-4580-9385-902e6658689d/omNode-2/om.db/000097.sst which should have been added on compactionBeginListener.
2025-04-23 15:47:42,982 [Thread-9693] WARN  rocksdiff.RocksDBCheckpointDiffer (RocksDBCheckpointDiffer.java:lambda$onCompactionCompleted$0(492)) - Input file not found in inflightCompactionsMap : /home/runner/work/ozone/ozone/hadoop-ozone/integration-test/target/test-dir/MiniOzoneClusterImpl-11ed033c-ec90-4580-9385-902e6658689d/omNode-2/om.db/000112.sst which should have been added on compactionBeginListener.
2025-04-23 15:47:42,982 [Thread-9693] WARN  rocksdiff.RocksDBCheckpointDiffer (RocksDBCheckpointDiffer.java:lambda$onCompactionCompleted$0(492)) - Input file not found in inflightCompactionsMap : /home/runner/work/ozone/ozone/hadoop-ozone/integration-test/target/test-dir/MiniOzoneClusterImpl-11ed033c-ec90-4580-9385-902e6658689d/omNode-2/om.db/000107.sst which should have been added on compactionBeginListener.
2025-04-23 15:47:42,982 [Thread-9693] WARN  rocksdiff.RocksDBCheckpointDiffer (RocksDBCheckpointDiffer.java:lambda$onCompactionCompleted$0(492)) - Input file not found in inflightCompactionsMap : /home/runner/work/ozone/ozone/hadoop-ozone/integration-test/target/test-dir/MiniOzoneClusterImpl-11ed033c-ec90-4580-9385-902e6658689d/omNode-2/om.db/000102.sst which should have been added on compactionBeginListener.
2025-04-23 15:47:42,982 [Thread-9693] WARN  rocksdiff.RocksDBCheckpointDiffer (RocksDBCheckpointDiffer.java:lambda$onCompactionCompleted$0(492)) - Input file not found in inflightCompactionsMap : /home/runner/work/ozone/ozone/hadoop-ozone/integration-test/target/test-dir/MiniOzoneClusterImpl-11ed033c-ec90-4580-9385-902e6658689d/omNode-2/om.db/000119.sst which should have been added on compactionBeginListener.
2025-04-23 15:47:43,950 [omNode-2-impl-thread1] INFO  segmented.SegmentedRaftLogWorker (SegmentedRaftLogWorker.java:close(252)) - omNode-2@group-523986131536-SegmentedRaftLogWorker close()
2025-04-23 15:47:43,951 [JvmPauseMonitor44] INFO  util.JvmPauseMonitor (JvmPauseMonitor.java:run(152)) - JvmPauseMonitor-omNode-2: Stopped
2025-04-23 15:47:43,951 [main] INFO  utils.BackgroundService (BackgroundService.java:shutdown(161)) - Shutting down service KeyDeletingService
2025-04-23 15:47:43,951 [main] INFO  utils.BackgroundService (BackgroundService.java:shutdown(161)) - Shutting down service DirectoryDeletingService
2025-04-23 15:47:43,953 [main] INFO  utils.BackgroundService (BackgroundService.java:shutdown(161)) - Shutting down service OpenKeyCleanupService
2025-04-23 15:47:43,953 [main] INFO  utils.BackgroundService (BackgroundService.java:shutdown(161)) - Shutting down service SstFilteringService
2025-04-23 15:47:43,953 [main] INFO  utils.BackgroundService (BackgroundService.java:shutdown(161)) - Shutting down service SnapshotDeletingService
2025-04-23 15:47:43,953 [main] INFO  utils.BackgroundService (BackgroundService.java:shutdown(161)) - Shutting down service MultipartUploadCleanupService
2025-04-23 15:47:43,954 [main] INFO  handler.ContextHandler (ContextHandler.java:doStop(1159)) - Stopped o.e.j.w.WebAppContext@57de3900{ozoneManager,/,null,STOPPED}{file:/home/runner/work/ozone/ozone/hadoop-ozone/integration-test/target/test-classes/webapps/ozoneManager}
2025-04-23 15:47:43,955 [main] INFO  server.AbstractConnector (AbstractConnector.java:doStop(383)) - Stopped ServerConnector@7580c8c{HTTP/1.1, (http/1.1)}{0.0.0.0:15053}
2025-04-23 15:47:43,955 [main] INFO  server.session (HouseKeeper.java:stopScavenging(149)) - node0 Stopped scavenging
2025-04-23 15:47:43,955 [main] INFO  handler.ContextHandler (ContextHandler.java:doStop(1159)) - Stopped o.e.j.s.ServletContextHandler@5a7a5cd{static,/static,file:///home/runner/work/ozone/ozone/hadoop-ozone/integration-test/target/test-classes/webapps/static,STOPPED}
2025-04-23 15:47:43,955 [main] INFO  handler.ContextHandler (ContextHandler.java:doStop(1159)) - Stopped o.e.j.s.ServletContextHandler@3aa66cc1{logs,/logs,file:///home/runner/work/ozone/ozone/hadoop-ozone/integration-test/target/log,STOPPED}
2025-04-23 15:47:43,956 [main] INFO  rocksdiff.RocksDBCheckpointDiffer (RocksDBCheckpointDiffer.java:close(304)) - Shutting down CompactionDagPruningService.
2025-04-23 15:47:43,958 [main] INFO  snapshot.SnapshotDiffManager (SnapshotDiffManager.java:closeExecutorService(1698)) - Shutting down executorService: 'SnapDiffExecutor'
2025-04-23 15:47:43,958 [main] INFO  utils.BackgroundService (BackgroundService.java:shutdown(161)) - Shutting down service SnapshotDiffCleanupService
2025-04-23 15:47:43,959 [main] INFO  om.OzoneManager (OzoneManager.java:restart(1878)) - OzoneManager RPC server is listening at localhost/127.0.0.1:15056
2025-04-23 15:47:43,959 [main] INFO  impl.MetricsSystemImpl (MetricsSystemImpl.java:init(158)) - OzoneManager metrics system started (again)
2025-04-23 15:47:43,971 [main] WARN  server.ServerUtils (ServerUtils.java:getDBPath(297)) - ozone.om.db.dirs is not configured. We recommend adding this setting. Falling back to ozone.metadata.dirs instead.
2025-04-23 15:47:44,018 [main] INFO  om.OzoneManager (OzoneManager.java:instantiateServices(933)) - S3 Multi-Tenancy is disabled
2025-04-23 15:47:44,018 [main] INFO  om.OmSnapshotManager (OmSnapshotManager.java:<init>(180)) - Ozone filesystem snapshot feature is enabled.
2025-04-23 15:47:44,018 [main] WARN  server.ServerUtils (ServerUtils.java:getDBPath(297)) - ozone.om.snapshot.diff.db.dir is not configured. We recommend adding this setting. Falling back to ozone.metadata.dirs instead.
2025-04-23 15:47:44,044 [main] WARN  server.ServerUtils (ServerUtils.java:getDefaultRatisDirectory(309)) - Storage directory for Ratis is not configured. It is a good idea to map this to an SSD disk. Falling back to ozone.metadata.dirs
2025-04-23 15:47:44,044 [main] INFO  server.RaftServerConfigKeys (ConfUtils.java:logGet(46)) - raft.server.log.appender.buffer.byte-limit = 4194304 (custom)
2025-04-23 15:47:44,045 [main] INFO  ratis.OzoneManagerRatisServer (OzoneManagerRatisServer.java:<init>(167)) - Instantiating OM Ratis server with groupID: om-service-test1 and peers: localhost:15059, localhost:15051, localhost:15055
2025-04-23 15:47:44,045 [main] INFO  ratis.OzoneManagerStateMachine (OzoneManagerStateMachine.java:loadSnapshotInfoFromDB(611)) - LastAppliedIndex is set from TransactionInfo from OM DB as (t:1, i:583)
2025-04-23 15:47:44,045 [main] INFO  server.RaftServer (ConfUtils.java:logGet(46)) - raft.rpc.type = GRPC (default)
2025-04-23 15:47:44,045 [main] INFO  grpc.GrpcConfigKeys (ConfUtils.java:logFallback(53)) - raft.grpc.admin.host = null (fallback to raft.grpc.server.host)
2025-04-23 15:47:44,045 [main] INFO  grpc.GrpcConfigKeys (ConfUtils.java:logFallback(53)) - raft.grpc.admin.port = 15059 (fallback to raft.grpc.server.port)
2025-04-23 15:47:44,045 [main] INFO  grpc.GrpcConfigKeys (ConfUtils.java:logFallback(53)) - raft.grpc.client.host = null (fallback to raft.grpc.server.host)
2025-04-23 15:47:44,045 [main] INFO  grpc.GrpcConfigKeys (ConfUtils.java:logFallback(53)) - raft.grpc.client.port = 15059 (fallback to raft.grpc.server.port)
2025-04-23 15:47:44,045 [main] INFO  grpc.GrpcConfigKeys (ConfUtils.java:logGet(46)) - raft.grpc.server.host = null (default)
2025-04-23 15:47:44,046 [main] INFO  grpc.GrpcConfigKeys (ConfUtils.java:logGet(46)) - raft.grpc.server.port = 15059 (custom)
2025-04-23 15:47:44,046 [main] INFO  server.GrpcService (ConfUtils.java:logGet(46)) - raft.grpc.message.size.max = 5242880 (custom)
2025-04-23 15:47:44,046 [main] INFO  server.GrpcService (ConfUtils.java:logGet(46)) - raft.grpc.flow.control.window = 1MB (=1048576) (default)
2025-04-23 15:47:44,046 [main] INFO  server.RaftServerConfigKeys (ConfUtils.java:logGet(46)) - raft.server.rpc.request.timeout = 3000ms (default)
2025-04-23 15:47:44,046 [main] INFO  grpc.GrpcConfigKeys (ConfUtils.java:logGet(46)) - raft.grpc.server.heartbeat.channel = true (default)
2025-04-23 15:47:44,046 [main] INFO  server.RaftServerConfigKeys (ConfUtils.java:logGet(46)) - raft.server.log.appender.buffer.byte-limit = 4194304 (custom)
2025-04-23 15:47:44,046 [main] INFO  grpc.GrpcConfigKeys (ConfUtils.java:logGet(46)) - raft.grpc.server.async.request.thread.pool.cached = true (default)
2025-04-23 15:47:44,046 [main] INFO  grpc.GrpcConfigKeys (ConfUtils.java:logGet(46)) - raft.grpc.server.async.request.thread.pool.size = 32 (default)
2025-04-23 15:47:44,047 [main] INFO  impl.DataStreamServerImpl (ConfUtils.java:logGet(46)) - raft.datastream.type = DISABLED (default)
2025-04-23 15:47:44,047 [main] INFO  server.RaftServerConfigKeys (ConfUtils.java:logGet(46)) - raft.server.sleep.deviation.threshold = 300ms (default)
2025-04-23 15:47:44,047 [main] INFO  server.RaftServerConfigKeys (ConfUtils.java:logGet(46)) - raft.server.close.threshold = 60s (default)
2025-04-23 15:47:44,047 [main] INFO  server.RaftServerConfigKeys (ConfUtils.java:logGet(46)) - raft.server.leaderelection.leader.step-down.wait-time = 10s (default)
2025-04-23 15:47:44,047 [main] INFO  server.RaftServerConfigKeys (ConfUtils.java:logGet(46)) - raft.server.storage.dir = [/home/runner/work/ozone/ozone/hadoop-ozone/integration-test/target/test-dir/MiniOzoneClusterImpl-11ed033c-ec90-4580-9385-902e6658689d/omNode-3/ratis] (custom)
2025-04-23 15:47:44,047 [main] INFO  server.RaftServerConfigKeys (ConfUtils.java:logGet(46)) - raft.server.threadpool.proxy.cached = true (default)
2025-04-23 15:47:44,047 [main] INFO  server.RaftServerConfigKeys (ConfUtils.java:logGet(46)) - raft.server.threadpool.proxy.size = 0 (default)
2025-04-23 15:47:44,047 [omNode-3-impl-thread1] INFO  server.RaftServer (RaftServerProxy.java:initGroupDir(265)) - omNode-3: found a subdirectory /home/runner/work/ozone/ozone/hadoop-ozone/integration-test/target/test-dir/MiniOzoneClusterImpl-11ed033c-ec90-4580-9385-902e6658689d/omNode-3/ratis/c9bc4cf4-3bc3-3c60-a66b-523986131536
2025-04-23 15:47:44,048 [main] INFO  server.RaftServer (RaftServerProxy.java:addNew(100)) - omNode-3: addNew group-523986131536:[omNode-3|localhost:15059, omNode-1|localhost:15051, omNode-2|localhost:15055] returns group-523986131536:java.util.concurrent.CompletableFuture@b6ae0eb[Not completed]
2025-04-23 15:47:44,048 [omNode-3-groupManagement] INFO  server.RaftServer$Division (RaftServerImpl.java:<init>(255)) - omNode-3: new RaftServerImpl for group-523986131536:[omNode-3|localhost:15059, omNode-1|localhost:15051, omNode-2|localhost:15055] with OzoneManagerStateMachine:uninitialized
2025-04-23 15:47:44,048 [main] INFO  om.OzoneManager (OzoneManager.java:initializeRatisServer(2303)) - OzoneManager Ratis server initialized at port 15059
2025-04-23 15:47:44,048 [main] INFO  ratis.OzoneManagerRatisServer (OzoneManagerRatisServer.java:start(628)) - Starting OzoneManagerRatisServer omNode-3 at port 15059
2025-04-23 15:47:44,048 [omNode-3-groupManagement] INFO  server.RaftServerConfigKeys (ConfUtils.java:logGet(46)) - raft.server.rpc.timeout.min = 1s (custom)
2025-04-23 15:47:44,048 [omNode-3-groupManagement] INFO  server.RaftServerConfigKeys (ConfUtils.java:logGet(46)) - raft.server.rpc.timeout.max = 1200ms (custom)
2025-04-23 15:47:44,048 [omNode-3-groupManagement] INFO  server.RaftServerConfigKeys (ConfUtils.java:logGet(46)) - raft.server.rpc.sleep.time = 25ms (default)
2025-04-23 15:47:44,048 [omNode-3-groupManagement] INFO  server.RaftServerConfigKeys (ConfUtils.java:logGet(46)) - raft.server.rpc.slowness.timeout = 2s (custom)
2025-04-23 15:47:44,048 [omNode-3-groupManagement] INFO  server.RaftServerConfigKeys (ConfUtils.java:logGet(46)) - raft.server.leaderelection.leader.step-down.wait-time = 10s (default)
2025-04-23 15:47:44,048 [omNode-3-groupManagement] INFO  server.RaftServerConfigKeys (ConfUtils.java:logGet(46)) - raft.server.leaderelection.member.majority-add = false (default)
2025-04-23 15:47:44,048 [omNode-3-groupManagement] INFO  server.RaftServerConfigKeys (ConfUtils.java:logGet(46)) - raft.server.sleep.deviation.threshold = 300ms (default)
2025-04-23 15:47:44,048 [omNode-3-groupManagement] INFO  server.RaftServer$Division (ServerState.java:<init>(114)) - omNode-3@group-523986131536: ConfigurationManager, init=conf: {index: -1, cur=peers:[omNode-3|localhost:15059, omNode-1|localhost:15051, omNode-2|localhost:15055]|listeners:[], old=null}, confs=<EMPTY_MAP>
2025-04-23 15:47:44,048 [omNode-3-groupManagement] INFO  server.RaftServerConfigKeys (ConfUtils.java:logGet(46)) - raft.server.notification.no-leader.timeout = 2s (custom)
2025-04-23 15:47:44,048 [omNode-3-groupManagement] INFO  server.RaftServerConfigKeys (ConfUtils.java:logGet(46)) - raft.server.read.timeout = 10s (default)
2025-04-23 15:47:44,048 [omNode-3-groupManagement] INFO  server.RaftServerConfigKeys (ConfUtils.java:logGet(46)) - raft.server.retrycache.expirytime = 30000ms (custom)
2025-04-23 15:47:44,048 [omNode-3-groupManagement] INFO  server.RaftServerConfigKeys (ConfUtils.java:logGet(46)) - raft.server.retrycache.statistics.expirytime = 100ms (default)
2025-04-23 15:47:44,048 [omNode-3-groupManagement] INFO  server.RaftServerConfigKeys (ConfUtils.java:logGet(46)) - raft.server.read.option = DEFAULT (default)
2025-04-23 15:47:44,048 [omNode-3-groupManagement] INFO  server.RaftServerConfigKeys (ConfUtils.java:logGet(46)) - raft.server.read.read-after-write-consistent.write-index-cache.expiry-time = 60s (default)
2025-04-23 15:47:44,050 [omNode-3-groupManagement] INFO  server.RaftServerConfigKeys (ConfUtils.java:logGet(46)) - raft.server.rpc.request.timeout = 3000ms (default)
2025-04-23 15:47:44,050 [omNode-3-groupManagement] INFO  server.RaftServerConfigKeys (ConfUtils.java:logGet(46)) - raft.server.log.appender.install.snapshot.enabled = false (custom)
2025-04-23 15:47:44,050 [omNode-3-groupManagement] INFO  server.RaftServerConfigKeys (ConfUtils.java:logGet(46)) - raft.server.threadpool.server.cached = true (default)
2025-04-23 15:47:44,050 [omNode-3-groupManagement] INFO  server.RaftServerConfigKeys (ConfUtils.java:logGet(46)) - raft.server.threadpool.server.size = 0 (default)
2025-04-23 15:47:44,050 [omNode-3-groupManagement] INFO  server.RaftServerConfigKeys (ConfUtils.java:logGet(46)) - raft.server.threadpool.client.cached = true (default)
2025-04-23 15:47:44,050 [omNode-3-groupManagement] INFO  server.RaftServerConfigKeys (ConfUtils.java:logGet(46)) - raft.server.threadpool.client.size = 0 (default)
2025-04-23 15:47:44,050 [omNode-3-impl-thread1] INFO  server.RaftServerConfigKeys (ConfUtils.java:logGet(46)) - raft.server.storage.free-space.min = 0MB (=0) (default)
2025-04-23 15:47:44,050 [omNode-3-impl-thread1] INFO  server.RaftServerConfigKeys (ConfUtils.java:logGet(46)) - raft.server.log.corruption.policy = EXCEPTION (default)
2025-04-23 15:47:44,050 [omNode-3-impl-thread1] INFO  server.RaftServerConfigKeys (ConfUtils.java:logGet(46)) - raft.server.storage.dir = [/home/runner/work/ozone/ozone/hadoop-ozone/integration-test/target/test-dir/MiniOzoneClusterImpl-11ed033c-ec90-4580-9385-902e6658689d/omNode-3/ratis] (custom)
2025-04-23 15:47:44,051 [omNode-3-impl-thread1] INFO  storage.RaftStorageDirectory (RaftStorageDirectoryImpl.java:tryLock(229)) - Lock on /home/runner/work/ozone/ozone/hadoop-ozone/integration-test/target/test-dir/MiniOzoneClusterImpl-11ed033c-ec90-4580-9385-902e6658689d/omNode-3/ratis/c9bc4cf4-3bc3-3c60-a66b-523986131536/in_use.lock acquired by nodename 129659@fv-az1337-835
2025-04-23 15:47:44,051 [omNode-3-impl-thread1] INFO  storage.RaftStorage (RaftStorageImpl.java:analyzeAndRecoverStorage(118)) - Read RaftStorageMetadata{term=1, votedFor=} from /home/runner/work/ozone/ozone/hadoop-ozone/integration-test/target/test-dir/MiniOzoneClusterImpl-11ed033c-ec90-4580-9385-902e6658689d/omNode-3/ratis/c9bc4cf4-3bc3-3c60-a66b-523986131536/current/raft-meta
2025-04-23 15:47:44,051 [omNode-3-impl-thread1] INFO  server.RaftServer$Division (ServerState.java:setRaftConf(386)) - omNode-3@group-523986131536: set configuration conf: {index: 0, cur=peers:[omNode-3|localhost:15059, omNode-1|localhost:15051, omNode-2|localhost:15055]|listeners:[], old=null}
2025-04-23 15:47:44,051 [omNode-3-impl-thread1] INFO  ratis.OzoneManagerStateMachine (OzoneManagerStateMachine.java:lambda$0(138)) - omNode-3: initialize group-523986131536 with (t:1, i:583)
2025-04-23 15:47:44,051 [omNode-3-impl-thread1] INFO  server.RaftServerConfigKeys (ConfUtils.java:logGet(46)) - raft.server.log.use.memory = false (default)
2025-04-23 15:47:44,051 [omNode-3-impl-thread1] INFO  server.RaftServerConfigKeys (ConfUtils.java:logGet(46)) - raft.server.log.purge.gap = 50 (custom)
2025-04-23 15:47:44,052 [omNode-3-impl-thread1] INFO  server.RaftServerConfigKeys (ConfUtils.java:logGet(46)) - raft.server.log.appender.buffer.byte-limit = 4194304 (custom)
2025-04-23 15:47:44,052 [omNode-3-impl-thread1] INFO  server.RaftServerConfigKeys (ConfUtils.java:logGet(46)) - raft.server.log.statemachine.data.read.timeout = 1000ms (default)
2025-04-23 15:47:44,052 [omNode-3-impl-thread1] INFO  server.RaftServerConfigKeys (ConfUtils.java:logGet(46)) - raft.server.log.purge.preservation.log.num = 0 (default)
2025-04-23 15:47:44,052 [omNode-3-impl-thread1] INFO  server.RaftServerConfigKeys (ConfUtils.java:logGet(46)) - raft.server.log.segment.size.max = 4194304 (custom)
2025-04-23 15:47:44,052 [omNode-3-impl-thread1] INFO  server.RaftServerConfigKeys (ConfUtils.java:logGet(46)) - raft.server.log.segment.cache.num.max = 2 (custom)
2025-04-23 15:47:44,052 [omNode-3-impl-thread1] INFO  server.RaftServerConfigKeys (ConfUtils.java:logGet(46)) - raft.server.log.segment.cache.size.max = 200MB (=209715200) (default)
2025-04-23 15:47:44,052 [omNode-3-impl-thread1] INFO  server.RaftServerConfigKeys (ConfUtils.java:logGet(46)) - raft.server.log.appender.buffer.byte-limit = 4194304 (custom)
2025-04-23 15:47:44,053 [omNode-3-impl-thread1] INFO  util.AwaitToRun (AwaitToRun.java:start(81)) - Thread[#11002,omNode-3@group-523986131536-cacheEviction-AwaitToRun,5,main] started
2025-04-23 15:47:44,053 [omNode-3-impl-thread1] INFO  segmented.SegmentedRaftLogWorker (SegmentedRaftLogWorker.java:<init>(188)) - new omNode-3@group-523986131536-SegmentedRaftLogWorker for RaftStorageImpl:Storage Directory /home/runner/work/ozone/ozone/hadoop-ozone/integration-test/target/test-dir/MiniOzoneClusterImpl-11ed033c-ec90-4580-9385-902e6658689d/omNode-3/ratis/c9bc4cf4-3bc3-3c60-a66b-523986131536
2025-04-23 15:47:44,053 [omNode-3-impl-thread1] INFO  server.RaftServerConfigKeys (ConfUtils.java:logGet(46)) - raft.server.log.queue.byte-limit = 64MB (=67108864) (default)
2025-04-23 15:47:44,053 [omNode-3-impl-thread1] INFO  server.RaftServerConfigKeys (ConfUtils.java:logGet(46)) - raft.server.log.queue.element-limit = 4096 (default)
2025-04-23 15:47:44,053 [omNode-3-impl-thread1] INFO  server.RaftServerConfigKeys (ConfUtils.java:logGet(46)) - raft.server.log.segment.size.max = 4194304 (custom)
2025-04-23 15:47:44,053 [omNode-3-impl-thread1] INFO  server.RaftServerConfigKeys (ConfUtils.java:logGet(46)) - raft.server.log.preallocated.size = 4194304 (custom)
2025-04-23 15:47:44,053 [omNode-3-impl-thread1] INFO  server.RaftServerConfigKeys (ConfUtils.java:logGet(46)) - raft.server.log.force.sync.num = 128 (default)
2025-04-23 15:47:44,053 [omNode-3-impl-thread1] INFO  server.RaftServerConfigKeys (ConfUtils.java:logGet(46)) - raft.server.log.statemachine.data.sync = true (default)
2025-04-23 15:47:44,053 [omNode-3-impl-thread1] INFO  server.RaftServerConfigKeys (ConfUtils.java:logGet(46)) - raft.server.log.statemachine.data.sync.timeout = 10s (default)
2025-04-23 15:47:44,053 [omNode-3-impl-thread1] INFO  server.RaftServerConfigKeys (ConfUtils.java:logGet(46)) - raft.server.log.statemachine.data.sync.timeout.retry = -1 (default)
2025-04-23 15:47:44,053 [omNode-3-impl-thread1] INFO  server.RaftServerConfigKeys (ConfUtils.java:logGet(46)) - raft.server.log.write.buffer.size = 4194312 (custom)
2025-04-23 15:47:44,053 [omNode-3-impl-thread1] INFO  server.RaftServerConfigKeys (ConfUtils.java:logGet(46)) - raft.server.log.appender.buffer.byte-limit = 4194304 (custom)
2025-04-23 15:47:44,053 [omNode-3-impl-thread1] INFO  server.RaftServerConfigKeys (ConfUtils.java:logGet(46)) - raft.server.log.unsafe-flush.enabled = false (default)
2025-04-23 15:47:44,053 [omNode-3-impl-thread1] INFO  server.RaftServerConfigKeys (ConfUtils.java:logGet(46)) - raft.server.log.async-flush.enabled = false (default)
2025-04-23 15:47:44,053 [omNode-3-impl-thread1] INFO  server.RaftServerConfigKeys (ConfUtils.java:logGet(46)) - raft.server.log.statemachine.data.caching.enabled = false (default)
2025-04-23 15:47:44,054 [omNode-3-impl-thread1] INFO  server.RaftServer$Division (ServerState.java:setRaftConf(386)) - omNode-3@group-523986131536: set configuration conf: {index: 0, cur=peers:[omNode-3|localhost:15059, omNode-1|localhost:15051, omNode-2|localhost:15055]|listeners:[], old=null}
2025-04-23 15:47:44,056 [omNode-3-impl-thread1] INFO  segmented.LogSegment (LogSegment.java:loadSegment(171)) - Successfully read 585 entries from segment file /home/runner/work/ozone/ozone/hadoop-ozone/integration-test/target/test-dir/MiniOzoneClusterImpl-11ed033c-ec90-4580-9385-902e6658689d/omNode-3/ratis/c9bc4cf4-3bc3-3c60-a66b-523986131536/current/log_inprogress_0
2025-04-23 15:47:44,056 [omNode-3-impl-thread1] INFO  segmented.SegmentedRaftLogWorker (SegmentedRaftLogWorker.java:lambda$new$0(139)) - omNode-3@group-523986131536-SegmentedRaftLogWorker: flushIndex: setUnconditionally 0 -> 584
2025-04-23 15:47:44,056 [omNode-3-impl-thread1] INFO  segmented.SegmentedRaftLogWorker (SegmentedRaftLogWorker.java:lambda$new$0(139)) - omNode-3@group-523986131536-SegmentedRaftLogWorker: safeCacheEvictIndex: setUnconditionally 0 -> -1
2025-04-23 15:47:44,056 [omNode-3-impl-thread1] INFO  segmented.BufferedWriteChannel (BufferedWriteChannel.java:open(61)) - open log_inprogress_0 (append) at position 179530
2025-04-23 15:47:44,056 [omNode-3-impl-thread1] INFO  server.RaftServer$Division (RaftServerImpl.java:start(391)) - omNode-3@group-523986131536: start as a follower, conf=conf: {index: 0, cur=peers:[omNode-3|localhost:15059, omNode-1|localhost:15051, omNode-2|localhost:15055]|listeners:[], old=null}
2025-04-23 15:47:44,056 [omNode-3-impl-thread1] INFO  server.RaftServer$Division (RaftServerImpl.java:setRole(378)) - omNode-3@group-523986131536: changes role from      null to FOLLOWER at term 1 for startAsFollower
2025-04-23 15:47:44,056 [omNode-3-impl-thread1] INFO  impl.RoleInfo (RoleInfo.java:updateAndGet(148)) - omNode-3: start omNode-3@group-523986131536-FollowerState
2025-04-23 15:47:44,057 [omNode-3-impl-thread1] INFO  util.JmxRegister (JmxRegister.java:tryRegister(44)) - Successfully registered JMX Bean with object name Ratis:service=RaftServer,group=group-523986131536,id=omNode-3
2025-04-23 15:47:44,057 [omNode-3-impl-thread1] INFO  util.JmxRegister (JmxRegister.java:register(58)) - register mxBean class org.apache.ratis.server.impl.RaftServerJmxAdapter as Ratis:service=RaftServer,group=group-523986131536,id=omNode-3
2025-04-23 15:47:44,057 [omNode-3-impl-thread1] INFO  server.RaftServerConfigKeys (ConfUtils.java:logGet(46)) - raft.server.snapshot.trigger-when-stop.enabled = true (default)
2025-04-23 15:47:44,057 [omNode-3@group-523986131536-FollowerState] INFO  server.RaftServerConfigKeys (ConfUtils.java:logFallback(53)) - raft.server.rpc.first-election.timeout.min = 1s (fallback to raft.server.rpc.timeout.min)
2025-04-23 15:47:44,057 [omNode-3@group-523986131536-FollowerState] INFO  server.RaftServerConfigKeys (ConfUtils.java:logFallback(53)) - raft.server.rpc.first-election.timeout.max = 1200ms (fallback to raft.server.rpc.timeout.max)
2025-04-23 15:47:44,057 [omNode-3-impl-thread1] INFO  server.RaftServerConfigKeys (ConfUtils.java:logGet(46)) - raft.server.snapshot.trigger-when-remove.enabled = true (default)
2025-04-23 15:47:44,057 [omNode-3-impl-thread1] INFO  server.RaftServerConfigKeys (ConfUtils.java:logGet(46)) - raft.server.snapshot.auto.trigger.enabled = true (custom)
2025-04-23 15:47:44,057 [omNode-3-impl-thread1] INFO  server.RaftServerConfigKeys (ConfUtils.java:logGet(46)) - raft.server.snapshot.auto.trigger.threshold = 50 (custom)
2025-04-23 15:47:44,057 [omNode-3-impl-thread1] INFO  server.RaftServerConfigKeys (ConfUtils.java:logGet(46)) - raft.server.snapshot.retention.file.num = -1 (default)
2025-04-23 15:47:44,057 [omNode-3-impl-thread1] INFO  server.RaftServerConfigKeys (ConfUtils.java:logGet(46)) - raft.server.log.purge.upto.snapshot.index = true (custom)
2025-04-23 15:47:44,057 [omNode-3-impl-thread1] INFO  server.RaftServer$Division (RaftServerImpl.java:start(405)) - omNode-3@group-523986131536: Successfully started.
2025-04-23 15:47:44,057 [main] INFO  server.RaftServer (RaftServerProxy.java:startImpl(407)) - omNode-3: start RPC server
2025-04-23 15:47:44,058 [main] INFO  server.GrpcService (GrpcService.java:startImpl(334)) - omNode-3: GrpcService started, listening on 15059
2025-04-23 15:47:44,058 [main] INFO  om.OzoneManager (OzoneManager.java:getRpcServer(1360)) - Creating RPC Server
2025-04-23 15:47:44,058 [JvmPauseMonitor50] INFO  util.JvmPauseMonitor (JvmPauseMonitor.java:run(146)) - JvmPauseMonitor-omNode-3: Started
2025-04-23 15:47:44,416 [main] INFO  reflections.Reflections (Reflections.java:scan(219)) - Reflections took 357 ms to scan 22 urls, producing 61 keys and 7422 values
2025-04-23 15:47:44,417 [main] INFO  ipc.CallQueueManager (CallQueueManager.java:<init>(93)) - Using callQueue: class java.util.concurrent.LinkedBlockingQueue, queueCapacity: 2000, scheduler: class org.apache.hadoop.ipc.DefaultRpcScheduler, ipcBackoff: false, ipcFailOver: false.
2025-04-23 15:47:44,417 [main] INFO  ipc.Server (Server.java:<init>(1438)) - Listener at localhost:15056
2025-04-23 15:47:44,418 [Socket Reader #1 for port 15056] INFO  ipc.Server (Server.java:run(1474)) - Starting Socket Reader #1 for port 15056
2025-04-23 15:47:44,418 [Socket Reader #2 for port 15056] INFO  ipc.Server (Server.java:run(1474)) - Starting Socket Reader #2 for port 15056
2025-04-23 15:47:44,418 [Socket Reader #3 for port 15056] INFO  ipc.Server (Server.java:run(1474)) - Starting Socket Reader #3 for port 15056
2025-04-23 15:47:44,418 [Socket Reader #4 for port 15056] INFO  ipc.Server (Server.java:run(1474)) - Starting Socket Reader #4 for port 15056
2025-04-23 15:47:44,418 [Socket Reader #5 for port 15056] INFO  ipc.Server (Server.java:run(1474)) - Starting Socket Reader #5 for port 15056
2025-04-23 15:47:44,419 [Socket Reader #6 for port 15056] INFO  ipc.Server (Server.java:run(1474)) - Starting Socket Reader #6 for port 15056
2025-04-23 15:47:44,419 [Socket Reader #7 for port 15056] INFO  ipc.Server (Server.java:run(1474)) - Starting Socket Reader #7 for port 15056
2025-04-23 15:47:44,419 [Socket Reader #8 for port 15056] INFO  ipc.Server (Server.java:run(1474)) - Starting Socket Reader #8 for port 15056
2025-04-23 15:47:44,419 [Socket Reader #9 for port 15056] INFO  ipc.Server (Server.java:run(1474)) - Starting Socket Reader #9 for port 15056
2025-04-23 15:47:44,419 [Socket Reader #10 for port 15056] INFO  ipc.Server (Server.java:run(1474)) - Starting Socket Reader #10 for port 15056
2025-04-23 15:47:44,421 [main] INFO  http.BaseHttpServer (BaseHttpServer.java:newHttpServer2BuilderForOzone(229)) - Starting Web-server for ozoneManager at: http://0.0.0.0:15057
2025-04-23 15:47:44,421 [main] INFO  http.BaseHttpServer (BaseHttpServer.java:<init>(107)) - Hadoop Security Enabled: false Ozone Security Enabled: false Ozone HTTP Security Enabled: false 
2025-04-23 15:47:44,423 [main] WARN  server.AuthenticationFilter (AuthenticationFilter.java:constructSecretProvider(240)) - Unable to initialize FileSignerSecretProvider, falling back to use random secrets. Reason: Could not read signature secret file: /home/runner/hadoop-http-auth-signature-secret
2025-04-23 15:47:44,425 [main] INFO  http.HttpServer2 (HttpServer2.java:addGlobalFilter(1041)) - Added global filter 'safety' (class=org.apache.hadoop.hdds.server.http.HttpServer2$QuotingInputFilter)
2025-04-23 15:47:44,425 [main] INFO  http.HttpServer2 (HttpServer2.java:addFilter(1017)) - Added filter static_user_filter (class=org.apache.hadoop.http.lib.StaticUserWebFilter$StaticUserFilter) to context ozoneManager
2025-04-23 15:47:44,425 [main] INFO  http.HttpServer2 (HttpServer2.java:addFilter(1025)) - Added filter static_user_filter (class=org.apache.hadoop.http.lib.StaticUserWebFilter$StaticUserFilter) to context logs
2025-04-23 15:47:44,425 [main] INFO  http.HttpServer2 (HttpServer2.java:addFilter(1025)) - Added filter static_user_filter (class=org.apache.hadoop.http.lib.StaticUserWebFilter$StaticUserFilter) to context static
2025-04-23 15:47:44,426 [main] INFO  http.BaseHttpServer (BaseHttpServer.java:<init>(195)) - HTTP server of ozoneManager uses base directory /home/runner/work/ozone/ozone/hadoop-ozone/integration-test/target/test-dir/MiniOzoneClusterImpl-11ed033c-ec90-4580-9385-902e6658689d/omNode-3/webserver
2025-04-23 15:47:44,426 [main] INFO  http.HttpServer2 (HttpServer2.java:bindListener(1241)) - Jetty bound to port 15057
2025-04-23 15:47:44,426 [main] INFO  server.Server (Server.java:doStart(375)) - jetty-9.4.57.v20241219; built: 2025-01-08T21:24:30.412Z; git: df524e6b29271c2e09ba9aea83c18dc9db464a31; jvm 21.0.7+6-LTS
2025-04-23 15:47:44,427 [main] INFO  server.session (DefaultSessionIdManager.java:doStart(334)) - DefaultSessionIdManager workerName=node0
2025-04-23 15:47:44,427 [main] INFO  server.session (DefaultSessionIdManager.java:doStart(339)) - No SessionScavenger set, using defaults
2025-04-23 15:47:44,428 [main] INFO  server.session (HouseKeeper.java:startScavenging(132)) - node0 Scavenging every 660000ms
2025-04-23 15:47:44,428 [main] INFO  handler.ContextHandler (ContextHandler.java:doStart(921)) - Started o.e.j.s.ServletContextHandler@4cc452f4{logs,/logs,file:///home/runner/work/ozone/ozone/hadoop-ozone/integration-test/target/log,AVAILABLE}
2025-04-23 15:47:44,428 [main] INFO  handler.ContextHandler (ContextHandler.java:doStart(921)) - Started o.e.j.s.ServletContextHandler@713a028a{static,/static,file:///home/runner/work/ozone/ozone/hadoop-ozone/integration-test/target/test-classes/webapps/static,AVAILABLE}
2025-04-23 15:47:44,433 [main] INFO  handler.ContextHandler (ContextHandler.java:doStart(921)) - Started o.e.j.w.WebAppContext@4f1ab299{ozoneManager,/,file:///home/runner/work/ozone/ozone/hadoop-ozone/integration-test/target/test-classes/webapps/ozoneManager/,AVAILABLE}{file:/home/runner/work/ozone/ozone/hadoop-ozone/integration-test/target/test-classes/webapps/ozoneManager}
2025-04-23 15:47:44,433 [main] INFO  server.AbstractConnector (AbstractConnector.java:doStart(333)) - Started ServerConnector@537b53c7{HTTP/1.1, (http/1.1)}{0.0.0.0:15057}
2025-04-23 15:47:44,433 [main] INFO  server.Server (Server.java:doStart(415)) - Started @199415ms
2025-04-23 15:47:44,434 [main] WARN  impl.MetricsSystemImpl (MetricsSystemImpl.java:register(279)) - Sink prometheus already exists!
2025-04-23 15:47:44,434 [main] INFO  http.BaseHttpServer (BaseHttpServer.java:updateConnectorAddress(360)) - HTTP server of ozoneManager listening at http://0.0.0.0:15057
2025-04-23 15:47:44,434 [IPC Server Responder] INFO  ipc.Server (Server.java:run(1713)) - IPC Server Responder: starting
2025-04-23 15:47:44,434 [IPC Server listener on 15056] INFO  ipc.Server (Server.java:run(1553)) - IPC Server listener on 15056: starting
2025-04-23 15:47:44,436 [main] INFO  om.OzoneManager (OzoneManager.java:startTrashEmptier(2257)) - Trash Interval set to 0. Files deleted won't move to trash
2025-04-23 15:47:44,437 [main] INFO  om.OzoneManager (OzoneManager.java:restart(1878)) - OzoneManager RPC server is listening at localhost/127.0.0.1:15048
2025-04-23 15:47:44,437 [main] INFO  impl.MetricsSystemImpl (MetricsSystemImpl.java:init(158)) - OzoneManager metrics system started (again)
2025-04-23 15:47:44,452 [main] WARN  server.ServerUtils (ServerUtils.java:getDBPath(297)) - ozone.om.db.dirs is not configured. We recommend adding this setting. Falling back to ozone.metadata.dirs instead.
2025-04-23 15:47:44,498 [main] INFO  om.OzoneManager (OzoneManager.java:instantiateServices(933)) - S3 Multi-Tenancy is disabled
2025-04-23 15:47:44,498 [main] INFO  om.OmSnapshotManager (OmSnapshotManager.java:<init>(180)) - Ozone filesystem snapshot feature is enabled.
2025-04-23 15:47:44,498 [main] WARN  server.ServerUtils (ServerUtils.java:getDBPath(297)) - ozone.om.snapshot.diff.db.dir is not configured. We recommend adding this setting. Falling back to ozone.metadata.dirs instead.
2025-04-23 15:47:44,513 [main] WARN  dropwizard3.Dm3MetricRegistriesImpl (Dm3MetricRegistriesImpl.java:addReporterRegistration(114)) - New reporters are added after registries were created. Some metrics will be missing from the reporter. Please add reporter before adding any new registry.
2025-04-23 15:47:44,513 [main] WARN  dropwizard3.Dm3MetricRegistriesImpl (Dm3MetricRegistriesImpl.java:addReporterRegistration(114)) - New reporters are added after registries were created. Some metrics will be missing from the reporter. Please add reporter before adding any new registry.
2025-04-23 15:47:44,514 [main] WARN  server.ServerUtils (ServerUtils.java:getDefaultRatisDirectory(309)) - Storage directory for Ratis is not configured. It is a good idea to map this to an SSD disk. Falling back to ozone.metadata.dirs
2025-04-23 15:47:44,514 [main] INFO  server.RaftServerConfigKeys (ConfUtils.java:logGet(46)) - raft.server.log.appender.buffer.byte-limit = 4194304 (custom)
2025-04-23 15:47:44,514 [main] INFO  ratis.OzoneManagerRatisServer (OzoneManagerRatisServer.java:<init>(167)) - Instantiating OM Ratis server with groupID: om-service-test1 and peers: localhost:15051, localhost:15059, localhost:15055
2025-04-23 15:47:44,515 [main] INFO  ratis.OzoneManagerStateMachine (OzoneManagerStateMachine.java:loadSnapshotInfoFromDB(611)) - LastAppliedIndex is set from TransactionInfo from OM DB as (t:1, i:584)
2025-04-23 15:47:44,515 [main] INFO  server.RaftServer (ConfUtils.java:logGet(46)) - raft.rpc.type = GRPC (default)
2025-04-23 15:47:44,515 [main] INFO  grpc.GrpcConfigKeys (ConfUtils.java:logFallback(53)) - raft.grpc.admin.host = null (fallback to raft.grpc.server.host)
2025-04-23 15:47:44,515 [main] INFO  grpc.GrpcConfigKeys (ConfUtils.java:logFallback(53)) - raft.grpc.admin.port = 15051 (fallback to raft.grpc.server.port)
2025-04-23 15:47:44,516 [main] INFO  grpc.GrpcConfigKeys (ConfUtils.java:logFallback(53)) - raft.grpc.client.host = null (fallback to raft.grpc.server.host)
2025-04-23 15:47:44,516 [main] INFO  grpc.GrpcConfigKeys (ConfUtils.java:logFallback(53)) - raft.grpc.client.port = 15051 (fallback to raft.grpc.server.port)
2025-04-23 15:47:44,516 [main] INFO  grpc.GrpcConfigKeys (ConfUtils.java:logGet(46)) - raft.grpc.server.host = null (default)
2025-04-23 15:47:44,516 [main] INFO  grpc.GrpcConfigKeys (ConfUtils.java:logGet(46)) - raft.grpc.server.port = 15051 (custom)
2025-04-23 15:47:44,516 [main] INFO  server.GrpcService (ConfUtils.java:logGet(46)) - raft.grpc.message.size.max = 5242880 (custom)
2025-04-23 15:47:44,516 [main] INFO  server.GrpcService (ConfUtils.java:logGet(46)) - raft.grpc.flow.control.window = 1MB (=1048576) (default)
2025-04-23 15:47:44,516 [main] INFO  server.RaftServerConfigKeys (ConfUtils.java:logGet(46)) - raft.server.rpc.request.timeout = 3000ms (default)
2025-04-23 15:47:44,516 [main] INFO  grpc.GrpcConfigKeys (ConfUtils.java:logGet(46)) - raft.grpc.server.heartbeat.channel = true (default)
2025-04-23 15:47:44,516 [main] INFO  server.RaftServerConfigKeys (ConfUtils.java:logGet(46)) - raft.server.log.appender.buffer.byte-limit = 4194304 (custom)
2025-04-23 15:47:44,516 [main] INFO  grpc.GrpcConfigKeys (ConfUtils.java:logGet(46)) - raft.grpc.server.async.request.thread.pool.cached = true (default)
2025-04-23 15:47:44,516 [main] INFO  grpc.GrpcConfigKeys (ConfUtils.java:logGet(46)) - raft.grpc.server.async.request.thread.pool.size = 32 (default)
2025-04-23 15:47:44,517 [main] INFO  impl.DataStreamServerImpl (ConfUtils.java:logGet(46)) - raft.datastream.type = DISABLED (default)
2025-04-23 15:47:44,517 [main] INFO  server.RaftServerConfigKeys (ConfUtils.java:logGet(46)) - raft.server.sleep.deviation.threshold = 300ms (default)
2025-04-23 15:47:44,517 [main] INFO  server.RaftServerConfigKeys (ConfUtils.java:logGet(46)) - raft.server.close.threshold = 60s (default)
2025-04-23 15:47:44,518 [main] INFO  server.RaftServerConfigKeys (ConfUtils.java:logGet(46)) - raft.server.leaderelection.leader.step-down.wait-time = 10s (default)
2025-04-23 15:47:44,518 [main] INFO  server.RaftServerConfigKeys (ConfUtils.java:logGet(46)) - raft.server.storage.dir = [/home/runner/work/ozone/ozone/hadoop-ozone/integration-test/target/test-dir/MiniOzoneClusterImpl-11ed033c-ec90-4580-9385-902e6658689d/omNode-1/ratis] (custom)
2025-04-23 15:47:44,518 [main] INFO  server.RaftServerConfigKeys (ConfUtils.java:logGet(46)) - raft.server.threadpool.proxy.cached = true (default)
2025-04-23 15:47:44,518 [main] INFO  server.RaftServerConfigKeys (ConfUtils.java:logGet(46)) - raft.server.threadpool.proxy.size = 0 (default)
2025-04-23 15:47:44,518 [omNode-1-impl-thread1] INFO  server.RaftServer (RaftServerProxy.java:initGroupDir(265)) - omNode-1: found a subdirectory /home/runner/work/ozone/ozone/hadoop-ozone/integration-test/target/test-dir/MiniOzoneClusterImpl-11ed033c-ec90-4580-9385-902e6658689d/omNode-1/ratis/c9bc4cf4-3bc3-3c60-a66b-523986131536
2025-04-23 15:47:44,519 [main] INFO  server.RaftServer (RaftServerProxy.java:addNew(100)) - omNode-1: addNew group-523986131536:[omNode-3|localhost:15059, omNode-1|localhost:15051, omNode-2|localhost:15055] returns group-523986131536:java.util.concurrent.CompletableFuture@35c2fd44[Not completed]
2025-04-23 15:47:44,519 [main] INFO  om.OzoneManager (OzoneManager.java:initializeRatisServer(2303)) - OzoneManager Ratis server initialized at port 15051
2025-04-23 15:47:44,519 [main] INFO  ratis.OzoneManagerRatisServer (OzoneManagerRatisServer.java:start(628)) - Starting OzoneManagerRatisServer omNode-1 at port 15051
2025-04-23 15:47:44,519 [omNode-1-groupManagement] INFO  server.RaftServer$Division (RaftServerImpl.java:<init>(255)) - omNode-1: new RaftServerImpl for group-523986131536:[omNode-3|localhost:15059, omNode-1|localhost:15051, omNode-2|localhost:15055] with OzoneManagerStateMachine:uninitialized
2025-04-23 15:47:44,519 [omNode-1-groupManagement] INFO  server.RaftServerConfigKeys (ConfUtils.java:logGet(46)) - raft.server.rpc.timeout.min = 1s (custom)
2025-04-23 15:47:44,519 [omNode-1-groupManagement] INFO  server.RaftServerConfigKeys (ConfUtils.java:logGet(46)) - raft.server.rpc.timeout.max = 1200ms (custom)
2025-04-23 15:47:44,519 [omNode-1-groupManagement] INFO  server.RaftServerConfigKeys (ConfUtils.java:logGet(46)) - raft.server.rpc.sleep.time = 25ms (default)
2025-04-23 15:47:44,519 [omNode-1-groupManagement] INFO  server.RaftServerConfigKeys (ConfUtils.java:logGet(46)) - raft.server.rpc.slowness.timeout = 2s (custom)
2025-04-23 15:47:44,519 [omNode-1-groupManagement] INFO  server.RaftServerConfigKeys (ConfUtils.java:logGet(46)) - raft.server.leaderelection.leader.step-down.wait-time = 10s (default)
2025-04-23 15:47:44,519 [omNode-1-groupManagement] INFO  server.RaftServerConfigKeys (ConfUtils.java:logGet(46)) - raft.server.leaderelection.member.majority-add = false (default)
2025-04-23 15:47:44,519 [omNode-1-groupManagement] INFO  server.RaftServerConfigKeys (ConfUtils.java:logGet(46)) - raft.server.sleep.deviation.threshold = 300ms (default)
2025-04-23 15:47:44,519 [omNode-1-groupManagement] INFO  server.RaftServer$Division (ServerState.java:<init>(114)) - omNode-1@group-523986131536: ConfigurationManager, init=conf: {index: -1, cur=peers:[omNode-3|localhost:15059, omNode-1|localhost:15051, omNode-2|localhost:15055]|listeners:[], old=null}, confs=<EMPTY_MAP>
2025-04-23 15:47:44,519 [omNode-1-groupManagement] INFO  server.RaftServerConfigKeys (ConfUtils.java:logGet(46)) - raft.server.notification.no-leader.timeout = 2s (custom)
2025-04-23 15:47:44,520 [omNode-1-groupManagement] INFO  server.RaftServerConfigKeys (ConfUtils.java:logGet(46)) - raft.server.read.timeout = 10s (default)
2025-04-23 15:47:44,520 [omNode-1-groupManagement] INFO  server.RaftServerConfigKeys (ConfUtils.java:logGet(46)) - raft.server.retrycache.expirytime = 30000ms (custom)
2025-04-23 15:47:44,520 [omNode-1-groupManagement] INFO  server.RaftServerConfigKeys (ConfUtils.java:logGet(46)) - raft.server.retrycache.statistics.expirytime = 100ms (default)
2025-04-23 15:47:44,520 [omNode-1-groupManagement] INFO  server.RaftServerConfigKeys (ConfUtils.java:logGet(46)) - raft.server.read.option = DEFAULT (default)
2025-04-23 15:47:44,520 [omNode-1-groupManagement] INFO  server.RaftServerConfigKeys (ConfUtils.java:logGet(46)) - raft.server.read.read-after-write-consistent.write-index-cache.expiry-time = 60s (default)
2025-04-23 15:47:44,522 [omNode-1-groupManagement] INFO  server.RaftServerConfigKeys (ConfUtils.java:logGet(46)) - raft.server.rpc.request.timeout = 3000ms (default)
2025-04-23 15:47:44,522 [omNode-1-groupManagement] INFO  server.RaftServerConfigKeys (ConfUtils.java:logGet(46)) - raft.server.log.appender.install.snapshot.enabled = false (custom)
2025-04-23 15:47:44,522 [omNode-1-groupManagement] INFO  server.RaftServerConfigKeys (ConfUtils.java:logGet(46)) - raft.server.threadpool.server.cached = true (default)
2025-04-23 15:47:44,522 [omNode-1-groupManagement] INFO  server.RaftServerConfigKeys (ConfUtils.java:logGet(46)) - raft.server.threadpool.server.size = 0 (default)
2025-04-23 15:47:44,522 [omNode-1-groupManagement] INFO  server.RaftServerConfigKeys (ConfUtils.java:logGet(46)) - raft.server.threadpool.client.cached = true (default)
2025-04-23 15:47:44,522 [omNode-1-groupManagement] INFO  server.RaftServerConfigKeys (ConfUtils.java:logGet(46)) - raft.server.threadpool.client.size = 0 (default)
2025-04-23 15:47:44,522 [omNode-1-impl-thread1] INFO  server.RaftServerConfigKeys (ConfUtils.java:logGet(46)) - raft.server.storage.free-space.min = 0MB (=0) (default)
2025-04-23 15:47:44,522 [omNode-1-impl-thread1] INFO  server.RaftServerConfigKeys (ConfUtils.java:logGet(46)) - raft.server.log.corruption.policy = EXCEPTION (default)
2025-04-23 15:47:44,522 [omNode-1-impl-thread1] INFO  server.RaftServerConfigKeys (ConfUtils.java:logGet(46)) - raft.server.storage.dir = [/home/runner/work/ozone/ozone/hadoop-ozone/integration-test/target/test-dir/MiniOzoneClusterImpl-11ed033c-ec90-4580-9385-902e6658689d/omNode-1/ratis] (custom)
2025-04-23 15:47:44,523 [omNode-1-impl-thread1] INFO  storage.RaftStorageDirectory (RaftStorageDirectoryImpl.java:tryLock(229)) - Lock on /home/runner/work/ozone/ozone/hadoop-ozone/integration-test/target/test-dir/MiniOzoneClusterImpl-11ed033c-ec90-4580-9385-902e6658689d/omNode-1/ratis/c9bc4cf4-3bc3-3c60-a66b-523986131536/in_use.lock acquired by nodename 129659@fv-az1337-835
2025-04-23 15:47:44,523 [omNode-1-impl-thread1] INFO  storage.RaftStorage (RaftStorageImpl.java:analyzeAndRecoverStorage(118)) - Read RaftStorageMetadata{term=1, votedFor=omNode-1} from /home/runner/work/ozone/ozone/hadoop-ozone/integration-test/target/test-dir/MiniOzoneClusterImpl-11ed033c-ec90-4580-9385-902e6658689d/omNode-1/ratis/c9bc4cf4-3bc3-3c60-a66b-523986131536/current/raft-meta
2025-04-23 15:47:44,524 [omNode-1-impl-thread1] INFO  server.RaftServer$Division (ServerState.java:setRaftConf(386)) - omNode-1@group-523986131536: set configuration conf: {index: 0, cur=peers:[omNode-3|localhost:15059, omNode-1|localhost:15051, omNode-2|localhost:15055]|listeners:[], old=null}
2025-04-23 15:47:44,524 [omNode-1-impl-thread1] INFO  ratis.OzoneManagerStateMachine (OzoneManagerStateMachine.java:lambda$0(138)) - omNode-1: initialize group-523986131536 with (t:1, i:584)
2025-04-23 15:47:44,524 [omNode-1-impl-thread1] INFO  server.RaftServerConfigKeys (ConfUtils.java:logGet(46)) - raft.server.log.use.memory = false (default)
2025-04-23 15:47:44,524 [omNode-1-impl-thread1] INFO  server.RaftServerConfigKeys (ConfUtils.java:logGet(46)) - raft.server.log.purge.gap = 50 (custom)
2025-04-23 15:47:44,524 [omNode-1-impl-thread1] INFO  server.RaftServerConfigKeys (ConfUtils.java:logGet(46)) - raft.server.log.appender.buffer.byte-limit = 4194304 (custom)
2025-04-23 15:47:44,524 [omNode-1-impl-thread1] INFO  server.RaftServerConfigKeys (ConfUtils.java:logGet(46)) - raft.server.log.statemachine.data.read.timeout = 1000ms (default)
2025-04-23 15:47:44,524 [omNode-1-impl-thread1] INFO  server.RaftServerConfigKeys (ConfUtils.java:logGet(46)) - raft.server.log.purge.preservation.log.num = 0 (default)
2025-04-23 15:47:44,525 [omNode-1-impl-thread1] INFO  server.RaftServerConfigKeys (ConfUtils.java:logGet(46)) - raft.server.log.segment.size.max = 4194304 (custom)
2025-04-23 15:47:44,525 [omNode-1-impl-thread1] INFO  server.RaftServerConfigKeys (ConfUtils.java:logGet(46)) - raft.server.log.segment.cache.num.max = 2 (custom)
2025-04-23 15:47:44,525 [omNode-1-impl-thread1] INFO  server.RaftServerConfigKeys (ConfUtils.java:logGet(46)) - raft.server.log.segment.cache.size.max = 200MB (=209715200) (default)
2025-04-23 15:47:44,525 [omNode-1-impl-thread1] INFO  server.RaftServerConfigKeys (ConfUtils.java:logGet(46)) - raft.server.log.appender.buffer.byte-limit = 4194304 (custom)
2025-04-23 15:47:44,526 [omNode-1-impl-thread1] INFO  util.AwaitToRun (AwaitToRun.java:start(81)) - Thread[#11085,omNode-1@group-523986131536-cacheEviction-AwaitToRun,5,main] started
2025-04-23 15:47:44,526 [omNode-1-impl-thread1] INFO  segmented.SegmentedRaftLogWorker (SegmentedRaftLogWorker.java:<init>(188)) - new omNode-1@group-523986131536-SegmentedRaftLogWorker for RaftStorageImpl:Storage Directory /home/runner/work/ozone/ozone/hadoop-ozone/integration-test/target/test-dir/MiniOzoneClusterImpl-11ed033c-ec90-4580-9385-902e6658689d/omNode-1/ratis/c9bc4cf4-3bc3-3c60-a66b-523986131536
2025-04-23 15:47:44,526 [omNode-1-impl-thread1] INFO  server.RaftServerConfigKeys (ConfUtils.java:logGet(46)) - raft.server.log.queue.byte-limit = 64MB (=67108864) (default)
2025-04-23 15:47:44,526 [omNode-1-impl-thread1] INFO  server.RaftServerConfigKeys (ConfUtils.java:logGet(46)) - raft.server.log.queue.element-limit = 4096 (default)
2025-04-23 15:47:44,526 [omNode-1-impl-thread1] INFO  server.RaftServerConfigKeys (ConfUtils.java:logGet(46)) - raft.server.log.segment.size.max = 4194304 (custom)
2025-04-23 15:47:44,526 [omNode-1-impl-thread1] INFO  server.RaftServerConfigKeys (ConfUtils.java:logGet(46)) - raft.server.log.preallocated.size = 4194304 (custom)
2025-04-23 15:47:44,526 [omNode-1-impl-thread1] INFO  server.RaftServerConfigKeys (ConfUtils.java:logGet(46)) - raft.server.log.force.sync.num = 128 (default)
2025-04-23 15:47:44,526 [omNode-1-impl-thread1] INFO  server.RaftServerConfigKeys (ConfUtils.java:logGet(46)) - raft.server.log.statemachine.data.sync = true (default)
2025-04-23 15:47:44,526 [omNode-1-impl-thread1] INFO  server.RaftServerConfigKeys (ConfUtils.java:logGet(46)) - raft.server.log.statemachine.data.sync.timeout = 10s (default)
2025-04-23 15:47:44,526 [omNode-1-impl-thread1] INFO  server.RaftServerConfigKeys (ConfUtils.java:logGet(46)) - raft.server.log.statemachine.data.sync.timeout.retry = -1 (default)
2025-04-23 15:47:44,526 [omNode-1-impl-thread1] INFO  server.RaftServerConfigKeys (ConfUtils.java:logGet(46)) - raft.server.log.write.buffer.size = 4194312 (custom)
2025-04-23 15:47:44,527 [omNode-1-impl-thread1] INFO  server.RaftServerConfigKeys (ConfUtils.java:logGet(46)) - raft.server.log.appender.buffer.byte-limit = 4194304 (custom)
2025-04-23 15:47:44,527 [omNode-1-impl-thread1] INFO  server.RaftServerConfigKeys (ConfUtils.java:logGet(46)) - raft.server.log.unsafe-flush.enabled = false (default)
2025-04-23 15:47:44,527 [omNode-1-impl-thread1] INFO  server.RaftServerConfigKeys (ConfUtils.java:logGet(46)) - raft.server.log.async-flush.enabled = false (default)
2025-04-23 15:47:44,527 [omNode-1-impl-thread1] INFO  server.RaftServerConfigKeys (ConfUtils.java:logGet(46)) - raft.server.log.statemachine.data.caching.enabled = false (default)
2025-04-23 15:47:44,527 [omNode-1-impl-thread1] INFO  server.RaftServer$Division (ServerState.java:setRaftConf(386)) - omNode-1@group-523986131536: set configuration conf: {index: 0, cur=peers:[omNode-3|localhost:15059, omNode-1|localhost:15051, omNode-2|localhost:15055]|listeners:[], old=null}
2025-04-23 15:47:44,530 [omNode-1-impl-thread1] INFO  segmented.LogSegment (LogSegment.java:loadSegment(171)) - Successfully read 585 entries from segment file /home/runner/work/ozone/ozone/hadoop-ozone/integration-test/target/test-dir/MiniOzoneClusterImpl-11ed033c-ec90-4580-9385-902e6658689d/omNode-1/ratis/c9bc4cf4-3bc3-3c60-a66b-523986131536/current/log_inprogress_0
2025-04-23 15:47:44,531 [omNode-1-impl-thread1] INFO  segmented.SegmentedRaftLogWorker (SegmentedRaftLogWorker.java:lambda$new$0(139)) - omNode-1@group-523986131536-SegmentedRaftLogWorker: flushIndex: setUnconditionally 0 -> 584
2025-04-23 15:47:44,531 [omNode-1-impl-thread1] INFO  segmented.SegmentedRaftLogWorker (SegmentedRaftLogWorker.java:lambda$new$0(139)) - omNode-1@group-523986131536-SegmentedRaftLogWorker: safeCacheEvictIndex: setUnconditionally 0 -> -1
2025-04-23 15:47:44,531 [omNode-1-impl-thread1] INFO  segmented.BufferedWriteChannel (BufferedWriteChannel.java:open(61)) - open log_inprogress_0 (append) at position 179530
2025-04-23 15:47:44,531 [omNode-1-impl-thread1] INFO  server.RaftServer$Division (RaftServerImpl.java:start(391)) - omNode-1@group-523986131536: start as a follower, conf=conf: {index: 0, cur=peers:[omNode-3|localhost:15059, omNode-1|localhost:15051, omNode-2|localhost:15055]|listeners:[], old=null}
2025-04-23 15:47:44,531 [omNode-1-impl-thread1] INFO  server.RaftServer$Division (RaftServerImpl.java:setRole(378)) - omNode-1@group-523986131536: changes role from      null to FOLLOWER at term 1 for startAsFollower
2025-04-23 15:47:44,531 [omNode-1-impl-thread1] INFO  impl.RoleInfo (RoleInfo.java:updateAndGet(148)) - omNode-1: start omNode-1@group-523986131536-FollowerState
2025-04-23 15:47:44,531 [omNode-1-impl-thread1] INFO  util.JmxRegister (JmxRegister.java:tryRegister(44)) - Successfully registered JMX Bean with object name Ratis:service=RaftServer,group=group-523986131536,id=omNode-1
2025-04-23 15:47:44,531 [omNode-1-impl-thread1] INFO  util.JmxRegister (JmxRegister.java:register(58)) - register mxBean class org.apache.ratis.server.impl.RaftServerJmxAdapter as Ratis:service=RaftServer,group=group-523986131536,id=omNode-1
2025-04-23 15:47:44,531 [omNode-1-impl-thread1] INFO  server.RaftServerConfigKeys (ConfUtils.java:logGet(46)) - raft.server.snapshot.trigger-when-stop.enabled = true (default)
2025-04-23 15:47:44,531 [omNode-1-impl-thread1] INFO  server.RaftServerConfigKeys (ConfUtils.java:logGet(46)) - raft.server.snapshot.trigger-when-remove.enabled = true (default)
2025-04-23 15:47:44,532 [omNode-1-impl-thread1] INFO  server.RaftServerConfigKeys (ConfUtils.java:logGet(46)) - raft.server.snapshot.auto.trigger.enabled = true (custom)
2025-04-23 15:47:44,532 [omNode-1-impl-thread1] INFO  server.RaftServerConfigKeys (ConfUtils.java:logGet(46)) - raft.server.snapshot.auto.trigger.threshold = 50 (custom)
2025-04-23 15:47:44,532 [omNode-1-impl-thread1] INFO  server.RaftServerConfigKeys (ConfUtils.java:logGet(46)) - raft.server.snapshot.retention.file.num = -1 (default)
2025-04-23 15:47:44,532 [omNode-1-impl-thread1] INFO  server.RaftServerConfigKeys (ConfUtils.java:logGet(46)) - raft.server.log.purge.upto.snapshot.index = true (custom)
2025-04-23 15:47:44,532 [omNode-1@group-523986131536-FollowerState] INFO  server.RaftServerConfigKeys (ConfUtils.java:logFallback(53)) - raft.server.rpc.first-election.timeout.min = 1s (fallback to raft.server.rpc.timeout.min)
2025-04-23 15:47:44,532 [omNode-1-impl-thread1] INFO  server.RaftServer$Division (RaftServerImpl.java:start(405)) - omNode-1@group-523986131536: Successfully started.
2025-04-23 15:47:44,532 [omNode-1@group-523986131536-FollowerState] INFO  server.RaftServerConfigKeys (ConfUtils.java:logFallback(53)) - raft.server.rpc.first-election.timeout.max = 1200ms (fallback to raft.server.rpc.timeout.max)
2025-04-23 15:47:44,532 [main] INFO  server.RaftServer (RaftServerProxy.java:startImpl(407)) - omNode-1: start RPC server
2025-04-23 15:47:44,533 [main] INFO  server.GrpcService (GrpcService.java:startImpl(334)) - omNode-1: GrpcService started, listening on 15051
2025-04-23 15:47:44,533 [main] INFO  om.OzoneManager (OzoneManager.java:getRpcServer(1360)) - Creating RPC Server
2025-04-23 15:47:44,533 [JvmPauseMonitor51] INFO  util.JvmPauseMonitor (JvmPauseMonitor.java:run(146)) - JvmPauseMonitor-omNode-1: Started
2025-04-23 15:47:44,906 [main] INFO  reflections.Reflections (Reflections.java:scan(219)) - Reflections took 372 ms to scan 22 urls, producing 61 keys and 7422 values
2025-04-23 15:47:44,907 [main] INFO  ipc.CallQueueManager (CallQueueManager.java:<init>(93)) - Using callQueue: class java.util.concurrent.LinkedBlockingQueue, queueCapacity: 2000, scheduler: class org.apache.hadoop.ipc.DefaultRpcScheduler, ipcBackoff: false, ipcFailOver: false.
2025-04-23 15:47:44,907 [main] INFO  ipc.Server (Server.java:<init>(1438)) - Listener at localhost:15048
2025-04-23 15:47:44,908 [Socket Reader #1 for port 15048] INFO  ipc.Server (Server.java:run(1474)) - Starting Socket Reader #1 for port 15048
2025-04-23 15:47:44,908 [Socket Reader #2 for port 15048] INFO  ipc.Server (Server.java:run(1474)) - Starting Socket Reader #2 for port 15048
2025-04-23 15:47:44,908 [Socket Reader #3 for port 15048] INFO  ipc.Server (Server.java:run(1474)) - Starting Socket Reader #3 for port 15048
2025-04-23 15:47:44,908 [Socket Reader #4 for port 15048] INFO  ipc.Server (Server.java:run(1474)) - Starting Socket Reader #4 for port 15048
2025-04-23 15:47:44,908 [Socket Reader #5 for port 15048] INFO  ipc.Server (Server.java:run(1474)) - Starting Socket Reader #5 for port 15048
2025-04-23 15:47:44,908 [Socket Reader #6 for port 15048] INFO  ipc.Server (Server.java:run(1474)) - Starting Socket Reader #6 for port 15048
2025-04-23 15:47:44,909 [Socket Reader #7 for port 15048] INFO  ipc.Server (Server.java:run(1474)) - Starting Socket Reader #7 for port 15048
2025-04-23 15:47:44,909 [Socket Reader #8 for port 15048] INFO  ipc.Server (Server.java:run(1474)) - Starting Socket Reader #8 for port 15048
2025-04-23 15:47:44,909 [Socket Reader #9 for port 15048] INFO  ipc.Server (Server.java:run(1474)) - Starting Socket Reader #9 for port 15048
2025-04-23 15:47:44,909 [Socket Reader #10 for port 15048] INFO  ipc.Server (Server.java:run(1474)) - Starting Socket Reader #10 for port 15048
2025-04-23 15:47:44,911 [main] INFO  http.BaseHttpServer (BaseHttpServer.java:newHttpServer2BuilderForOzone(229)) - Starting Web-server for ozoneManager at: http://0.0.0.0:15049
2025-04-23 15:47:44,911 [main] INFO  http.BaseHttpServer (BaseHttpServer.java:<init>(107)) - Hadoop Security Enabled: false Ozone Security Enabled: false Ozone HTTP Security Enabled: false 
2025-04-23 15:47:44,912 [main] WARN  server.AuthenticationFilter (AuthenticationFilter.java:constructSecretProvider(240)) - Unable to initialize FileSignerSecretProvider, falling back to use random secrets. Reason: Could not read signature secret file: /home/runner/hadoop-http-auth-signature-secret
2025-04-23 15:47:44,913 [main] INFO  http.HttpServer2 (HttpServer2.java:addGlobalFilter(1041)) - Added global filter 'safety' (class=org.apache.hadoop.hdds.server.http.HttpServer2$QuotingInputFilter)
2025-04-23 15:47:44,914 [main] INFO  http.HttpServer2 (HttpServer2.java:addFilter(1017)) - Added filter static_user_filter (class=org.apache.hadoop.http.lib.StaticUserWebFilter$StaticUserFilter) to context ozoneManager
2025-04-23 15:47:44,914 [main] INFO  http.HttpServer2 (HttpServer2.java:addFilter(1025)) - Added filter static_user_filter (class=org.apache.hadoop.http.lib.StaticUserWebFilter$StaticUserFilter) to context logs
2025-04-23 15:47:44,914 [main] INFO  http.HttpServer2 (HttpServer2.java:addFilter(1025)) - Added filter static_user_filter (class=org.apache.hadoop.http.lib.StaticUserWebFilter$StaticUserFilter) to context static
2025-04-23 15:47:44,914 [main] INFO  http.BaseHttpServer (BaseHttpServer.java:<init>(195)) - HTTP server of ozoneManager uses base directory /home/runner/work/ozone/ozone/hadoop-ozone/integration-test/target/test-dir/MiniOzoneClusterImpl-11ed033c-ec90-4580-9385-902e6658689d/omNode-1/webserver
2025-04-23 15:47:44,914 [main] INFO  http.HttpServer2 (HttpServer2.java:bindListener(1241)) - Jetty bound to port 15049
2025-04-23 15:47:44,914 [main] INFO  server.Server (Server.java:doStart(375)) - jetty-9.4.57.v20241219; built: 2025-01-08T21:24:30.412Z; git: df524e6b29271c2e09ba9aea83c18dc9db464a31; jvm 21.0.7+6-LTS
2025-04-23 15:47:44,915 [main] INFO  server.session (DefaultSessionIdManager.java:doStart(334)) - DefaultSessionIdManager workerName=node0
2025-04-23 15:47:44,916 [main] INFO  server.session (DefaultSessionIdManager.java:doStart(339)) - No SessionScavenger set, using defaults
2025-04-23 15:47:44,916 [main] INFO  server.session (HouseKeeper.java:startScavenging(132)) - node0 Scavenging every 660000ms
2025-04-23 15:47:44,916 [main] INFO  handler.ContextHandler (ContextHandler.java:doStart(921)) - Started o.e.j.s.ServletContextHandler@1d152964{logs,/logs,file:///home/runner/work/ozone/ozone/hadoop-ozone/integration-test/target/log,AVAILABLE}
2025-04-23 15:47:44,916 [main] INFO  handler.ContextHandler (ContextHandler.java:doStart(921)) - Started o.e.j.s.ServletContextHandler@2e317b19{static,/static,file:///home/runner/work/ozone/ozone/hadoop-ozone/integration-test/target/test-classes/webapps/static,AVAILABLE}
2025-04-23 15:47:44,920 [main] INFO  handler.ContextHandler (ContextHandler.java:doStart(921)) - Started o.e.j.w.WebAppContext@276218a7{ozoneManager,/,file:///home/runner/work/ozone/ozone/hadoop-ozone/integration-test/target/test-classes/webapps/ozoneManager/,AVAILABLE}{file:/home/runner/work/ozone/ozone/hadoop-ozone/integration-test/target/test-classes/webapps/ozoneManager}
2025-04-23 15:47:44,920 [main] INFO  server.AbstractConnector (AbstractConnector.java:doStart(333)) - Started ServerConnector@8b0ce7c{HTTP/1.1, (http/1.1)}{0.0.0.0:15049}
2025-04-23 15:47:44,920 [main] INFO  server.Server (Server.java:doStart(415)) - Started @199902ms
2025-04-23 15:47:44,920 [main] WARN  impl.MetricsSystemImpl (MetricsSystemImpl.java:register(279)) - Sink prometheus already exists!
2025-04-23 15:47:44,921 [main] INFO  http.BaseHttpServer (BaseHttpServer.java:updateConnectorAddress(360)) - HTTP server of ozoneManager listening at http://0.0.0.0:15049
2025-04-23 15:47:44,921 [IPC Server Responder] INFO  ipc.Server (Server.java:run(1713)) - IPC Server Responder: starting
2025-04-23 15:47:44,921 [IPC Server listener on 15048] INFO  ipc.Server (Server.java:run(1553)) - IPC Server listener on 15048: starting
2025-04-23 15:47:44,923 [main] INFO  om.OzoneManager (OzoneManager.java:startTrashEmptier(2257)) - Trash Interval set to 0. Files deleted won't move to trash
2025-04-23 15:47:44,923 [main] INFO  om.OzoneManager (OzoneManager.java:restart(1878)) - OzoneManager RPC server is listening at localhost/127.0.0.1:15052
2025-04-23 15:47:44,923 [main] INFO  impl.MetricsSystemImpl (MetricsSystemImpl.java:init(158)) - OzoneManager metrics system started (again)
2025-04-23 15:47:44,934 [main] WARN  server.ServerUtils (ServerUtils.java:getDBPath(297)) - ozone.om.db.dirs is not configured. We recommend adding this setting. Falling back to ozone.metadata.dirs instead.
2025-04-23 15:47:44,971 [main] INFO  om.OzoneManager (OzoneManager.java:instantiateServices(933)) - S3 Multi-Tenancy is disabled
2025-04-23 15:47:44,971 [main] INFO  om.OmSnapshotManager (OmSnapshotManager.java:<init>(180)) - Ozone filesystem snapshot feature is enabled.
2025-04-23 15:47:44,971 [main] WARN  server.ServerUtils (ServerUtils.java:getDBPath(297)) - ozone.om.snapshot.diff.db.dir is not configured. We recommend adding this setting. Falling back to ozone.metadata.dirs instead.
2025-04-23 15:47:44,985 [main] WARN  dropwizard3.Dm3MetricRegistriesImpl (Dm3MetricRegistriesImpl.java:addReporterRegistration(114)) - New reporters are added after registries were created. Some metrics will be missing from the reporter. Please add reporter before adding any new registry.
2025-04-23 15:47:44,985 [main] WARN  dropwizard3.Dm3MetricRegistriesImpl (Dm3MetricRegistriesImpl.java:addReporterRegistration(114)) - New reporters are added after registries were created. Some metrics will be missing from the reporter. Please add reporter before adding any new registry.
2025-04-23 15:47:44,985 [main] WARN  server.ServerUtils (ServerUtils.java:getDefaultRatisDirectory(309)) - Storage directory for Ratis is not configured. It is a good idea to map this to an SSD disk. Falling back to ozone.metadata.dirs
2025-04-23 15:47:44,986 [main] INFO  server.RaftServerConfigKeys (ConfUtils.java:logGet(46)) - raft.server.log.appender.buffer.byte-limit = 4194304 (custom)
2025-04-23 15:47:44,986 [main] INFO  ratis.OzoneManagerRatisServer (OzoneManagerRatisServer.java:<init>(167)) - Instantiating OM Ratis server with groupID: om-service-test1 and peers: localhost:15055, localhost:15059, localhost:15051
2025-04-23 15:47:44,986 [main] INFO  ratis.OzoneManagerStateMachine (OzoneManagerStateMachine.java:loadSnapshotInfoFromDB(611)) - LastAppliedIndex is set from TransactionInfo from OM DB as (t:1, i:584)
2025-04-23 15:47:44,987 [main] INFO  server.RaftServer (ConfUtils.java:logGet(46)) - raft.rpc.type = GRPC (default)
2025-04-23 15:47:44,987 [main] INFO  grpc.GrpcConfigKeys (ConfUtils.java:logFallback(53)) - raft.grpc.admin.host = null (fallback to raft.grpc.server.host)
2025-04-23 15:47:44,987 [main] INFO  grpc.GrpcConfigKeys (ConfUtils.java:logFallback(53)) - raft.grpc.admin.port = 15055 (fallback to raft.grpc.server.port)
2025-04-23 15:47:44,987 [main] INFO  grpc.GrpcConfigKeys (ConfUtils.java:logFallback(53)) - raft.grpc.client.host = null (fallback to raft.grpc.server.host)
2025-04-23 15:47:44,987 [main] INFO  grpc.GrpcConfigKeys (ConfUtils.java:logFallback(53)) - raft.grpc.client.port = 15055 (fallback to raft.grpc.server.port)
2025-04-23 15:47:44,987 [main] INFO  grpc.GrpcConfigKeys (ConfUtils.java:logGet(46)) - raft.grpc.server.host = null (default)
2025-04-23 15:47:44,987 [main] INFO  grpc.GrpcConfigKeys (ConfUtils.java:logGet(46)) - raft.grpc.server.port = 15055 (custom)
2025-04-23 15:47:44,988 [main] INFO  server.GrpcService (ConfUtils.java:logGet(46)) - raft.grpc.message.size.max = 5242880 (custom)
2025-04-23 15:47:44,988 [main] INFO  server.GrpcService (ConfUtils.java:logGet(46)) - raft.grpc.flow.control.window = 1MB (=1048576) (default)
2025-04-23 15:47:44,988 [main] INFO  server.RaftServerConfigKeys (ConfUtils.java:logGet(46)) - raft.server.rpc.request.timeout = 3000ms (default)
2025-04-23 15:47:44,988 [main] INFO  grpc.GrpcConfigKeys (ConfUtils.java:logGet(46)) - raft.grpc.server.heartbeat.channel = true (default)
2025-04-23 15:47:44,988 [main] INFO  server.RaftServerConfigKeys (ConfUtils.java:logGet(46)) - raft.server.log.appender.buffer.byte-limit = 4194304 (custom)
2025-04-23 15:47:44,988 [main] INFO  grpc.GrpcConfigKeys (ConfUtils.java:logGet(46)) - raft.grpc.server.async.request.thread.pool.cached = true (default)
2025-04-23 15:47:44,988 [main] INFO  grpc.GrpcConfigKeys (ConfUtils.java:logGet(46)) - raft.grpc.server.async.request.thread.pool.size = 32 (default)
2025-04-23 15:47:44,989 [main] INFO  impl.DataStreamServerImpl (ConfUtils.java:logGet(46)) - raft.datastream.type = DISABLED (default)
2025-04-23 15:47:44,989 [main] INFO  server.RaftServerConfigKeys (ConfUtils.java:logGet(46)) - raft.server.sleep.deviation.threshold = 300ms (default)
2025-04-23 15:47:44,989 [main] INFO  server.RaftServerConfigKeys (ConfUtils.java:logGet(46)) - raft.server.close.threshold = 60s (default)
2025-04-23 15:47:44,989 [main] INFO  server.RaftServerConfigKeys (ConfUtils.java:logGet(46)) - raft.server.leaderelection.leader.step-down.wait-time = 10s (default)
2025-04-23 15:47:44,989 [main] INFO  server.RaftServerConfigKeys (ConfUtils.java:logGet(46)) - raft.server.storage.dir = [/home/runner/work/ozone/ozone/hadoop-ozone/integration-test/target/test-dir/MiniOzoneClusterImpl-11ed033c-ec90-4580-9385-902e6658689d/omNode-2/ratis] (custom)
2025-04-23 15:47:44,989 [main] INFO  server.RaftServerConfigKeys (ConfUtils.java:logGet(46)) - raft.server.threadpool.proxy.cached = true (default)
2025-04-23 15:47:44,989 [main] INFO  server.RaftServerConfigKeys (ConfUtils.java:logGet(46)) - raft.server.threadpool.proxy.size = 0 (default)
2025-04-23 15:47:44,990 [omNode-2-impl-thread1] INFO  server.RaftServer (RaftServerProxy.java:initGroupDir(265)) - omNode-2: found a subdirectory /home/runner/work/ozone/ozone/hadoop-ozone/integration-test/target/test-dir/MiniOzoneClusterImpl-11ed033c-ec90-4580-9385-902e6658689d/omNode-2/ratis/c9bc4cf4-3bc3-3c60-a66b-523986131536
2025-04-23 15:47:44,990 [main] INFO  server.RaftServer (RaftServerProxy.java:addNew(100)) - omNode-2: addNew group-523986131536:[omNode-3|localhost:15059, omNode-1|localhost:15051, omNode-2|localhost:15055] returns group-523986131536:java.util.concurrent.CompletableFuture@79e58f1e[Not completed]
2025-04-23 15:47:44,990 [main] INFO  om.OzoneManager (OzoneManager.java:initializeRatisServer(2303)) - OzoneManager Ratis server initialized at port 15055
2025-04-23 15:47:44,990 [omNode-2-groupManagement] INFO  server.RaftServer$Division (RaftServerImpl.java:<init>(255)) - omNode-2: new RaftServerImpl for group-523986131536:[omNode-3|localhost:15059, omNode-1|localhost:15051, omNode-2|localhost:15055] with OzoneManagerStateMachine:uninitialized
2025-04-23 15:47:44,990 [omNode-2-groupManagement] INFO  server.RaftServerConfigKeys (ConfUtils.java:logGet(46)) - raft.server.rpc.timeout.min = 1s (custom)
2025-04-23 15:47:44,991 [omNode-2-groupManagement] INFO  server.RaftServerConfigKeys (ConfUtils.java:logGet(46)) - raft.server.rpc.timeout.max = 1200ms (custom)
2025-04-23 15:47:44,991 [omNode-2-groupManagement] INFO  server.RaftServerConfigKeys (ConfUtils.java:logGet(46)) - raft.server.rpc.sleep.time = 25ms (default)
2025-04-23 15:47:44,990 [main] INFO  ratis.OzoneManagerRatisServer (OzoneManagerRatisServer.java:start(628)) - Starting OzoneManagerRatisServer omNode-2 at port 15055
2025-04-23 15:47:44,991 [omNode-2-groupManagement] INFO  server.RaftServerConfigKeys (ConfUtils.java:logGet(46)) - raft.server.rpc.slowness.timeout = 2s (custom)
2025-04-23 15:47:44,991 [omNode-2-groupManagement] INFO  server.RaftServerConfigKeys (ConfUtils.java:logGet(46)) - raft.server.leaderelection.leader.step-down.wait-time = 10s (default)
2025-04-23 15:47:44,991 [omNode-2-groupManagement] INFO  server.RaftServerConfigKeys (ConfUtils.java:logGet(46)) - raft.server.leaderelection.member.majority-add = false (default)
2025-04-23 15:47:44,991 [omNode-2-groupManagement] INFO  server.RaftServerConfigKeys (ConfUtils.java:logGet(46)) - raft.server.sleep.deviation.threshold = 300ms (default)
2025-04-23 15:47:44,991 [omNode-2-groupManagement] INFO  server.RaftServer$Division (ServerState.java:<init>(114)) - omNode-2@group-523986131536: ConfigurationManager, init=conf: {index: -1, cur=peers:[omNode-3|localhost:15059, omNode-1|localhost:15051, omNode-2|localhost:15055]|listeners:[], old=null}, confs=<EMPTY_MAP>
2025-04-23 15:47:44,991 [omNode-2-groupManagement] INFO  server.RaftServerConfigKeys (ConfUtils.java:logGet(46)) - raft.server.notification.no-leader.timeout = 2s (custom)
2025-04-23 15:47:44,991 [omNode-2-groupManagement] INFO  server.RaftServerConfigKeys (ConfUtils.java:logGet(46)) - raft.server.read.timeout = 10s (default)
2025-04-23 15:47:44,991 [omNode-2-groupManagement] INFO  server.RaftServerConfigKeys (ConfUtils.java:logGet(46)) - raft.server.retrycache.expirytime = 30000ms (custom)
2025-04-23 15:47:44,991 [omNode-2-groupManagement] INFO  server.RaftServerConfigKeys (ConfUtils.java:logGet(46)) - raft.server.retrycache.statistics.expirytime = 100ms (default)
2025-04-23 15:47:44,991 [omNode-2-groupManagement] INFO  server.RaftServerConfigKeys (ConfUtils.java:logGet(46)) - raft.server.read.option = DEFAULT (default)
2025-04-23 15:47:44,991 [omNode-2-groupManagement] INFO  server.RaftServerConfigKeys (ConfUtils.java:logGet(46)) - raft.server.read.read-after-write-consistent.write-index-cache.expiry-time = 60s (default)
2025-04-23 15:47:44,993 [omNode-2-groupManagement] INFO  server.RaftServerConfigKeys (ConfUtils.java:logGet(46)) - raft.server.rpc.request.timeout = 3000ms (default)
2025-04-23 15:47:44,993 [omNode-2-groupManagement] INFO  server.RaftServerConfigKeys (ConfUtils.java:logGet(46)) - raft.server.log.appender.install.snapshot.enabled = false (custom)
2025-04-23 15:47:44,994 [omNode-2-groupManagement] INFO  server.RaftServerConfigKeys (ConfUtils.java:logGet(46)) - raft.server.threadpool.server.cached = true (default)
2025-04-23 15:47:44,994 [omNode-2-groupManagement] INFO  server.RaftServerConfigKeys (ConfUtils.java:logGet(46)) - raft.server.threadpool.server.size = 0 (default)
2025-04-23 15:47:44,994 [omNode-2-groupManagement] INFO  server.RaftServerConfigKeys (ConfUtils.java:logGet(46)) - raft.server.threadpool.client.cached = true (default)
2025-04-23 15:47:44,994 [omNode-2-groupManagement] INFO  server.RaftServerConfigKeys (ConfUtils.java:logGet(46)) - raft.server.threadpool.client.size = 0 (default)
2025-04-23 15:47:44,994 [omNode-2-impl-thread1] INFO  server.RaftServerConfigKeys (ConfUtils.java:logGet(46)) - raft.server.storage.free-space.min = 0MB (=0) (default)
2025-04-23 15:47:44,994 [omNode-2-impl-thread1] INFO  server.RaftServerConfigKeys (ConfUtils.java:logGet(46)) - raft.server.log.corruption.policy = EXCEPTION (default)
2025-04-23 15:47:44,994 [omNode-2-impl-thread1] INFO  server.RaftServerConfigKeys (ConfUtils.java:logGet(46)) - raft.server.storage.dir = [/home/runner/work/ozone/ozone/hadoop-ozone/integration-test/target/test-dir/MiniOzoneClusterImpl-11ed033c-ec90-4580-9385-902e6658689d/omNode-2/ratis] (custom)
2025-04-23 15:47:44,995 [omNode-2-impl-thread1] INFO  storage.RaftStorageDirectory (RaftStorageDirectoryImpl.java:tryLock(229)) - Lock on /home/runner/work/ozone/ozone/hadoop-ozone/integration-test/target/test-dir/MiniOzoneClusterImpl-11ed033c-ec90-4580-9385-902e6658689d/omNode-2/ratis/c9bc4cf4-3bc3-3c60-a66b-523986131536/in_use.lock acquired by nodename 129659@fv-az1337-835
2025-04-23 15:47:44,995 [omNode-2-impl-thread1] INFO  storage.RaftStorage (RaftStorageImpl.java:analyzeAndRecoverStorage(118)) - Read RaftStorageMetadata{term=1, votedFor=omNode-1} from /home/runner/work/ozone/ozone/hadoop-ozone/integration-test/target/test-dir/MiniOzoneClusterImpl-11ed033c-ec90-4580-9385-902e6658689d/omNode-2/ratis/c9bc4cf4-3bc3-3c60-a66b-523986131536/current/raft-meta
2025-04-23 15:47:44,995 [omNode-2-impl-thread1] INFO  server.RaftServer$Division (ServerState.java:setRaftConf(386)) - omNode-2@group-523986131536: set configuration conf: {index: 0, cur=peers:[omNode-3|localhost:15059, omNode-1|localhost:15051, omNode-2|localhost:15055]|listeners:[], old=null}
2025-04-23 15:47:44,995 [omNode-2-impl-thread1] INFO  ratis.OzoneManagerStateMachine (OzoneManagerStateMachine.java:lambda$0(138)) - omNode-2: initialize group-523986131536 with (t:1, i:584)
2025-04-23 15:47:44,995 [omNode-2-impl-thread1] INFO  server.RaftServerConfigKeys (ConfUtils.java:logGet(46)) - raft.server.log.use.memory = false (default)
2025-04-23 15:47:44,995 [omNode-2-impl-thread1] INFO  server.RaftServerConfigKeys (ConfUtils.java:logGet(46)) - raft.server.log.purge.gap = 50 (custom)
2025-04-23 15:47:44,995 [omNode-2-impl-thread1] INFO  server.RaftServerConfigKeys (ConfUtils.java:logGet(46)) - raft.server.log.appender.buffer.byte-limit = 4194304 (custom)
2025-04-23 15:47:44,995 [omNode-2-impl-thread1] INFO  server.RaftServerConfigKeys (ConfUtils.java:logGet(46)) - raft.server.log.statemachine.data.read.timeout = 1000ms (default)
2025-04-23 15:47:44,996 [omNode-2-impl-thread1] INFO  server.RaftServerConfigKeys (ConfUtils.java:logGet(46)) - raft.server.log.purge.preservation.log.num = 0 (default)
2025-04-23 15:47:44,997 [omNode-2-impl-thread1] INFO  server.RaftServerConfigKeys (ConfUtils.java:logGet(46)) - raft.server.log.segment.size.max = 4194304 (custom)
2025-04-23 15:47:44,997 [omNode-2-impl-thread1] INFO  server.RaftServerConfigKeys (ConfUtils.java:logGet(46)) - raft.server.log.segment.cache.num.max = 2 (custom)
2025-04-23 15:47:44,997 [omNode-2-impl-thread1] INFO  server.RaftServerConfigKeys (ConfUtils.java:logGet(46)) - raft.server.log.segment.cache.size.max = 200MB (=209715200) (default)
2025-04-23 15:47:44,997 [omNode-2-impl-thread1] INFO  server.RaftServerConfigKeys (ConfUtils.java:logGet(46)) - raft.server.log.appender.buffer.byte-limit = 4194304 (custom)
2025-04-23 15:47:44,997 [omNode-2-impl-thread1] INFO  util.AwaitToRun (AwaitToRun.java:start(81)) - Thread[#11168,omNode-2@group-523986131536-cacheEviction-AwaitToRun,5,main] started
2025-04-23 15:47:44,997 [omNode-2-impl-thread1] INFO  segmented.SegmentedRaftLogWorker (SegmentedRaftLogWorker.java:<init>(188)) - new omNode-2@group-523986131536-SegmentedRaftLogWorker for RaftStorageImpl:Storage Directory /home/runner/work/ozone/ozone/hadoop-ozone/integration-test/target/test-dir/MiniOzoneClusterImpl-11ed033c-ec90-4580-9385-902e6658689d/omNode-2/ratis/c9bc4cf4-3bc3-3c60-a66b-523986131536
2025-04-23 15:47:44,997 [omNode-2-impl-thread1] INFO  server.RaftServerConfigKeys (ConfUtils.java:logGet(46)) - raft.server.log.queue.byte-limit = 64MB (=67108864) (default)
2025-04-23 15:47:44,997 [omNode-2-impl-thread1] INFO  server.RaftServerConfigKeys (ConfUtils.java:logGet(46)) - raft.server.log.queue.element-limit = 4096 (default)
2025-04-23 15:47:44,998 [omNode-2-impl-thread1] INFO  server.RaftServerConfigKeys (ConfUtils.java:logGet(46)) - raft.server.log.segment.size.max = 4194304 (custom)
2025-04-23 15:47:44,998 [omNode-2-impl-thread1] INFO  server.RaftServerConfigKeys (ConfUtils.java:logGet(46)) - raft.server.log.preallocated.size = 4194304 (custom)
2025-04-23 15:47:44,998 [omNode-2-impl-thread1] INFO  server.RaftServerConfigKeys (ConfUtils.java:logGet(46)) - raft.server.log.force.sync.num = 128 (default)
2025-04-23 15:47:44,998 [omNode-2-impl-thread1] INFO  server.RaftServerConfigKeys (ConfUtils.java:logGet(46)) - raft.server.log.statemachine.data.sync = true (default)
2025-04-23 15:47:44,998 [omNode-2-impl-thread1] INFO  server.RaftServerConfigKeys (ConfUtils.java:logGet(46)) - raft.server.log.statemachine.data.sync.timeout = 10s (default)
2025-04-23 15:47:44,998 [omNode-2-impl-thread1] INFO  server.RaftServerConfigKeys (ConfUtils.java:logGet(46)) - raft.server.log.statemachine.data.sync.timeout.retry = -1 (default)
2025-04-23 15:47:44,998 [omNode-2-impl-thread1] INFO  server.RaftServerConfigKeys (ConfUtils.java:logGet(46)) - raft.server.log.write.buffer.size = 4194312 (custom)
2025-04-23 15:47:45,000 [omNode-2-impl-thread1] INFO  server.RaftServerConfigKeys (ConfUtils.java:logGet(46)) - raft.server.log.appender.buffer.byte-limit = 4194304 (custom)
2025-04-23 15:47:45,000 [omNode-2-impl-thread1] INFO  server.RaftServerConfigKeys (ConfUtils.java:logGet(46)) - raft.server.log.unsafe-flush.enabled = false (default)
2025-04-23 15:47:45,000 [omNode-2-impl-thread1] INFO  server.RaftServerConfigKeys (ConfUtils.java:logGet(46)) - raft.server.log.async-flush.enabled = false (default)
2025-04-23 15:47:45,000 [omNode-2-impl-thread1] INFO  server.RaftServerConfigKeys (ConfUtils.java:logGet(46)) - raft.server.log.statemachine.data.caching.enabled = false (default)
2025-04-23 15:47:45,000 [omNode-2-impl-thread1] INFO  server.RaftServer$Division (ServerState.java:setRaftConf(386)) - omNode-2@group-523986131536: set configuration conf: {index: 0, cur=peers:[omNode-3|localhost:15059, omNode-1|localhost:15051, omNode-2|localhost:15055]|listeners:[], old=null}
2025-04-23 15:47:45,004 [omNode-2-impl-thread1] INFO  segmented.LogSegment (LogSegment.java:loadSegment(171)) - Successfully read 585 entries from segment file /home/runner/work/ozone/ozone/hadoop-ozone/integration-test/target/test-dir/MiniOzoneClusterImpl-11ed033c-ec90-4580-9385-902e6658689d/omNode-2/ratis/c9bc4cf4-3bc3-3c60-a66b-523986131536/current/log_inprogress_0
2025-04-23 15:47:45,004 [omNode-2-impl-thread1] INFO  segmented.SegmentedRaftLogWorker (SegmentedRaftLogWorker.java:lambda$new$0(139)) - omNode-2@group-523986131536-SegmentedRaftLogWorker: flushIndex: setUnconditionally 0 -> 584
2025-04-23 15:47:45,004 [omNode-2-impl-thread1] INFO  segmented.SegmentedRaftLogWorker (SegmentedRaftLogWorker.java:lambda$new$0(139)) - omNode-2@group-523986131536-SegmentedRaftLogWorker: safeCacheEvictIndex: setUnconditionally 0 -> -1
2025-04-23 15:47:45,004 [omNode-2-impl-thread1] INFO  segmented.BufferedWriteChannel (BufferedWriteChannel.java:open(61)) - open log_inprogress_0 (append) at position 179530
2025-04-23 15:47:45,005 [omNode-2-impl-thread1] INFO  server.RaftServer$Division (RaftServerImpl.java:start(391)) - omNode-2@group-523986131536: start as a follower, conf=conf: {index: 0, cur=peers:[omNode-3|localhost:15059, omNode-1|localhost:15051, omNode-2|localhost:15055]|listeners:[], old=null}
2025-04-23 15:47:45,005 [omNode-2-impl-thread1] INFO  server.RaftServer$Division (RaftServerImpl.java:setRole(378)) - omNode-2@group-523986131536: changes role from      null to FOLLOWER at term 1 for startAsFollower
2025-04-23 15:47:45,005 [omNode-2-impl-thread1] INFO  impl.RoleInfo (RoleInfo.java:updateAndGet(148)) - omNode-2: start omNode-2@group-523986131536-FollowerState
2025-04-23 15:47:45,005 [omNode-2-impl-thread1] INFO  util.JmxRegister (JmxRegister.java:tryRegister(44)) - Successfully registered JMX Bean with object name Ratis:service=RaftServer,group=group-523986131536,id=omNode-2
2025-04-23 15:47:45,005 [omNode-2@group-523986131536-FollowerState] INFO  server.RaftServerConfigKeys (ConfUtils.java:logFallback(53)) - raft.server.rpc.first-election.timeout.min = 1s (fallback to raft.server.rpc.timeout.min)
2025-04-23 15:47:45,006 [omNode-2@group-523986131536-FollowerState] INFO  server.RaftServerConfigKeys (ConfUtils.java:logFallback(53)) - raft.server.rpc.first-election.timeout.max = 1200ms (fallback to raft.server.rpc.timeout.max)
2025-04-23 15:47:45,006 [omNode-2-impl-thread1] INFO  util.JmxRegister (JmxRegister.java:register(58)) - register mxBean class org.apache.ratis.server.impl.RaftServerJmxAdapter as Ratis:service=RaftServer,group=group-523986131536,id=omNode-2
2025-04-23 15:47:45,006 [omNode-2-impl-thread1] INFO  server.RaftServerConfigKeys (ConfUtils.java:logGet(46)) - raft.server.snapshot.trigger-when-stop.enabled = true (default)
2025-04-23 15:47:45,006 [omNode-2-impl-thread1] INFO  server.RaftServerConfigKeys (ConfUtils.java:logGet(46)) - raft.server.snapshot.trigger-when-remove.enabled = true (default)
2025-04-23 15:47:45,006 [omNode-2-impl-thread1] INFO  server.RaftServerConfigKeys (ConfUtils.java:logGet(46)) - raft.server.snapshot.auto.trigger.enabled = true (custom)
2025-04-23 15:47:45,006 [omNode-2-impl-thread1] INFO  server.RaftServerConfigKeys (ConfUtils.java:logGet(46)) - raft.server.snapshot.auto.trigger.threshold = 50 (custom)
2025-04-23 15:47:45,006 [omNode-2-impl-thread1] INFO  server.RaftServerConfigKeys (ConfUtils.java:logGet(46)) - raft.server.snapshot.retention.file.num = -1 (default)
2025-04-23 15:47:45,006 [omNode-2-impl-thread1] INFO  server.RaftServerConfigKeys (ConfUtils.java:logGet(46)) - raft.server.log.purge.upto.snapshot.index = true (custom)
2025-04-23 15:47:45,007 [omNode-2-impl-thread1] INFO  server.RaftServer$Division (RaftServerImpl.java:start(405)) - omNode-2@group-523986131536: Successfully started.
2025-04-23 15:47:45,007 [main] INFO  server.RaftServer (RaftServerProxy.java:startImpl(407)) - omNode-2: start RPC server
2025-04-23 15:47:45,007 [main] INFO  server.GrpcService (GrpcService.java:startImpl(334)) - omNode-2: GrpcService started, listening on 15055
2025-04-23 15:47:45,008 [JvmPauseMonitor52] INFO  util.JvmPauseMonitor (JvmPauseMonitor.java:run(146)) - JvmPauseMonitor-omNode-2: Started
2025-04-23 15:47:45,008 [main] INFO  om.OzoneManager (OzoneManager.java:getRpcServer(1360)) - Creating RPC Server
2025-04-23 15:47:45,126 [omNode-3@group-523986131536-FollowerState] INFO  impl.FollowerState (FollowerState.java:runImpl(161)) - omNode-3@group-523986131536-FollowerState: change to CANDIDATE, lastRpcElapsedTime:1069220016ns, electionTimeout:1067ms
2025-04-23 15:47:45,126 [omNode-3@group-523986131536-FollowerState] INFO  impl.RoleInfo (RoleInfo.java:shutdownFollowerState(121)) - omNode-3: shutdown omNode-3@group-523986131536-FollowerState
2025-04-23 15:47:45,126 [omNode-3@group-523986131536-FollowerState] INFO  server.RaftServer$Division (RaftServerImpl.java:setRole(378)) - omNode-3@group-523986131536: changes role from  FOLLOWER to CANDIDATE at term 1 for changeToCandidate
2025-04-23 15:47:45,126 [omNode-3@group-523986131536-FollowerState] INFO  server.RaftServerConfigKeys (ConfUtils.java:logGet(46)) - raft.server.leaderelection.pre-vote = true (default)
2025-04-23 15:47:45,126 [omNode-3@group-523986131536-FollowerState] INFO  impl.RoleInfo (RoleInfo.java:updateAndGet(148)) - omNode-3: start omNode-3@group-523986131536-LeaderElection49
2025-04-23 15:47:45,127 [omNode-3@group-523986131536-LeaderElection49] INFO  impl.LeaderElection (LeaderElection.java:askForVotes(332)) - omNode-3@group-523986131536-LeaderElection49 PRE_VOTE round 0: submit vote requests at term 1 for conf: {index: 0, cur=peers:[omNode-3|localhost:15059, omNode-1|localhost:15051, omNode-2|localhost:15055]|listeners:[], old=null}
2025-04-23 15:47:45,128 [omNode-3@group-523986131536-LeaderElection49-1] INFO  server.GrpcServerProtocolClient (GrpcServerProtocolClient.java:<init>(65)) - Build channel for omNode-1|localhost:15051
2025-04-23 15:47:45,129 [omNode-3@group-523986131536-LeaderElection49-2] INFO  server.GrpcServerProtocolClient (GrpcServerProtocolClient.java:<init>(65)) - Build channel for omNode-2|localhost:15055
2025-04-23 15:47:45,129 [omNode-3@group-523986131536-LeaderElection49] INFO  server.RaftServerConfigKeys (ConfUtils.java:logFallback(53)) - raft.server.rpc.first-election.timeout.min = 1s (fallback to raft.server.rpc.timeout.min)
2025-04-23 15:47:45,130 [omNode-3@group-523986131536-LeaderElection49] INFO  server.RaftServerConfigKeys (ConfUtils.java:logFallback(53)) - raft.server.rpc.first-election.timeout.max = 1200ms (fallback to raft.server.rpc.timeout.max)
2025-04-23 15:47:45,140 [grpc-default-executor-5] INFO  server.RaftServer$Division (RaftServerImpl.java:requestVote(1407)) - omNode-1@group-523986131536: receive requestVote(PRE_VOTE, omNode-3, group-523986131536, 1, (t:1, i:584))
2025-04-23 15:47:45,141 [grpc-default-executor-5] INFO  impl.VoteContext (VoteContext.java:log(49)) - omNode-1@group-523986131536-FOLLOWER: accept PRE_VOTE from omNode-3: our priority 0 <= candidate's priority 0
2025-04-23 15:47:45,141 [grpc-default-executor-5] INFO  server.RaftServer$Division (RaftServerImpl.java:requestVote(1441)) - omNode-1@group-523986131536 replies to PRE_VOTE vote request: omNode-3<-omNode-1#0:OK-t1. Peer's state: omNode-1@group-523986131536:t1, leader=null, voted=omNode-1, raftlog=Memoized:omNode-1@group-523986131536-SegmentedRaftLog:OPENED:c584:last(t:1, i:584), conf=conf: {index: 0, cur=peers:[omNode-3|localhost:15059, omNode-1|localhost:15051, omNode-2|localhost:15055]|listeners:[], old=null}
2025-04-23 15:47:45,145 [grpc-default-executor-5] INFO  server.RaftServer$Division (RaftServerImpl.java:requestVote(1407)) - omNode-2@group-523986131536: receive requestVote(PRE_VOTE, omNode-3, group-523986131536, 1, (t:1, i:584))
2025-04-23 15:47:45,145 [omNode-3@group-523986131536-LeaderElection49] INFO  impl.LeaderElection (LeaderElection.java:logAndReturn(90)) - omNode-3@group-523986131536-LeaderElection49: PRE_VOTE PASSED received 1 response(s) and 0 exception(s):
2025-04-23 15:47:45,145 [omNode-3@group-523986131536-LeaderElection49] INFO  impl.LeaderElection (LeaderElection.java:logAndReturn(94)) -   Response 0: omNode-3<-omNode-1#0:OK-t1
2025-04-23 15:47:45,145 [omNode-3@group-523986131536-LeaderElection49] INFO  impl.LeaderElection (LeaderElection.java:askForVotes(334)) - omNode-3@group-523986131536-LeaderElection49 PRE_VOTE round 0: result PASSED
2025-04-23 15:47:45,145 [grpc-default-executor-5] INFO  impl.VoteContext (VoteContext.java:log(49)) - omNode-2@group-523986131536-FOLLOWER: accept PRE_VOTE from omNode-3: our priority 0 <= candidate's priority 0
2025-04-23 15:47:45,146 [grpc-default-executor-5] INFO  server.RaftServer$Division (RaftServerImpl.java:requestVote(1441)) - omNode-2@group-523986131536 replies to PRE_VOTE vote request: omNode-3<-omNode-2#0:OK-t1. Peer's state: omNode-2@group-523986131536:t1, leader=null, voted=omNode-1, raftlog=Memoized:omNode-2@group-523986131536-SegmentedRaftLog:OPENED:c584:last(t:1, i:584), conf=conf: {index: 0, cur=peers:[omNode-3|localhost:15059, omNode-1|localhost:15051, omNode-2|localhost:15055]|listeners:[], old=null}
2025-04-23 15:47:45,148 [omNode-3@group-523986131536-LeaderElection49] INFO  impl.LeaderElection (LeaderElection.java:askForVotes(332)) - omNode-3@group-523986131536-LeaderElection49 ELECTION round 0: submit vote requests at term 2 for conf: {index: 0, cur=peers:[omNode-3|localhost:15059, omNode-1|localhost:15051, omNode-2|localhost:15055]|listeners:[], old=null}
2025-04-23 15:47:45,150 [omNode-3@group-523986131536-LeaderElection49] INFO  server.RaftServerConfigKeys (ConfUtils.java:logFallback(53)) - raft.server.rpc.first-election.timeout.min = 1s (fallback to raft.server.rpc.timeout.min)
2025-04-23 15:47:45,150 [omNode-3@group-523986131536-LeaderElection49] INFO  server.RaftServerConfigKeys (ConfUtils.java:logFallback(53)) - raft.server.rpc.first-election.timeout.max = 1200ms (fallback to raft.server.rpc.timeout.max)
2025-04-23 15:47:45,151 [grpc-default-executor-2] INFO  server.RaftServer$Division (RaftServerImpl.java:requestVote(1407)) - omNode-2@group-523986131536: receive requestVote(ELECTION, omNode-3, group-523986131536, 2, (t:1, i:584))
2025-04-23 15:47:45,151 [grpc-default-executor-5] INFO  server.RaftServer$Division (RaftServerImpl.java:requestVote(1407)) - omNode-1@group-523986131536: receive requestVote(ELECTION, omNode-3, group-523986131536, 2, (t:1, i:584))
2025-04-23 15:47:45,151 [grpc-default-executor-5] INFO  impl.VoteContext (VoteContext.java:log(49)) - omNode-1@group-523986131536-FOLLOWER: accept ELECTION from omNode-3: our priority 0 <= candidate's priority 0
2025-04-23 15:47:45,151 [grpc-default-executor-5] INFO  server.RaftServer$Division (RaftServerImpl.java:setRole(378)) - omNode-1@group-523986131536: changes role from  FOLLOWER to FOLLOWER at term 1 for candidate:omNode-3
2025-04-23 15:47:45,165 [grpc-default-executor-5] INFO  impl.RoleInfo (RoleInfo.java:shutdownFollowerState(121)) - omNode-1: shutdown omNode-1@group-523986131536-FollowerState
2025-04-23 15:47:45,165 [grpc-default-executor-5] INFO  impl.RoleInfo (RoleInfo.java:updateAndGet(148)) - omNode-1: start omNode-1@group-523986131536-FollowerState
2025-04-23 15:47:45,151 [grpc-default-executor-2] INFO  impl.VoteContext (VoteContext.java:log(49)) - omNode-2@group-523986131536-FOLLOWER: accept ELECTION from omNode-3: our priority 0 <= candidate's priority 0
2025-04-23 15:47:45,165 [grpc-default-executor-2] INFO  server.RaftServer$Division (RaftServerImpl.java:setRole(378)) - omNode-2@group-523986131536: changes role from  FOLLOWER to FOLLOWER at term 1 for candidate:omNode-3
2025-04-23 15:47:45,165 [grpc-default-executor-2] INFO  impl.RoleInfo (RoleInfo.java:shutdownFollowerState(121)) - omNode-2: shutdown omNode-2@group-523986131536-FollowerState
2025-04-23 15:47:45,165 [grpc-default-executor-2] INFO  impl.RoleInfo (RoleInfo.java:updateAndGet(148)) - omNode-2: start omNode-2@group-523986131536-FollowerState
2025-04-23 15:47:45,166 [omNode-2@group-523986131536-FollowerState] INFO  impl.FollowerState (FollowerState.java:runImpl(170)) - omNode-2@group-523986131536-FollowerState was interrupted
2025-04-23 15:47:45,166 [omNode-1@group-523986131536-FollowerState] INFO  server.RaftServerConfigKeys (ConfUtils.java:logFallback(53)) - raft.server.rpc.first-election.timeout.min = 1s (fallback to raft.server.rpc.timeout.min)
2025-04-23 15:47:45,166 [omNode-1@group-523986131536-FollowerState] INFO  server.RaftServerConfigKeys (ConfUtils.java:logFallback(53)) - raft.server.rpc.first-election.timeout.max = 1200ms (fallback to raft.server.rpc.timeout.max)
2025-04-23 15:47:45,167 [grpc-default-executor-5] INFO  server.RaftServer$Division (RaftServerImpl.java:setFirstElection(562)) - omNode-1@group-523986131536: set firstElectionSinceStartup to false for candidate:omNode-3
2025-04-23 15:47:45,167 [omNode-1@group-523986131536-FollowerState] INFO  impl.FollowerState (FollowerState.java:runImpl(170)) - omNode-1@group-523986131536-FollowerState was interrupted
2025-04-23 15:47:45,169 [grpc-default-executor-2] INFO  server.RaftServer$Division (RaftServerImpl.java:setFirstElection(562)) - omNode-2@group-523986131536: set firstElectionSinceStartup to false for candidate:omNode-3
2025-04-23 15:47:45,169 [grpc-default-executor-5] INFO  server.RaftServer$Division (RaftServerImpl.java:requestVote(1441)) - omNode-1@group-523986131536 replies to ELECTION vote request: omNode-3<-omNode-1#0:OK-t2. Peer's state: omNode-1@group-523986131536:t2, leader=null, voted=omNode-3, raftlog=Memoized:omNode-1@group-523986131536-SegmentedRaftLog:OPENED:c584:last(t:1, i:584), conf=conf: {index: 0, cur=peers:[omNode-3|localhost:15059, omNode-1|localhost:15051, omNode-2|localhost:15055]|listeners:[], old=null}
2025-04-23 15:47:45,171 [omNode-3@group-523986131536-LeaderElection49] INFO  impl.LeaderElection (LeaderElection.java:logAndReturn(90)) - omNode-3@group-523986131536-LeaderElection49: ELECTION PASSED received 1 response(s) and 0 exception(s):
2025-04-23 15:47:45,171 [omNode-3@group-523986131536-LeaderElection49] INFO  impl.LeaderElection (LeaderElection.java:logAndReturn(94)) -   Response 0: omNode-3<-omNode-1#0:OK-t2
2025-04-23 15:47:45,171 [omNode-3@group-523986131536-LeaderElection49] INFO  impl.LeaderElection (LeaderElection.java:askForVotes(334)) - omNode-3@group-523986131536-LeaderElection49 ELECTION round 0: result PASSED
2025-04-23 15:47:45,172 [omNode-3@group-523986131536-LeaderElection49] INFO  impl.RoleInfo (RoleInfo.java:shutdownLeaderElection(141)) - omNode-3: shutdown omNode-3@group-523986131536-LeaderElection49
2025-04-23 15:47:45,172 [omNode-3@group-523986131536-LeaderElection49] INFO  server.RaftServer$Division (RaftServerImpl.java:setRole(378)) - omNode-3@group-523986131536: changes role from CANDIDATE to LEADER at term 2 for changeToLeader
2025-04-23 15:47:45,172 [omNode-3@group-523986131536-LeaderElection49] INFO  server.RaftServerConfigKeys (ConfUtils.java:logGet(46)) - raft.server.staging.catchup.gap = 1000 (default)
2025-04-23 15:47:45,172 [omNode-3@group-523986131536-LeaderElection49] INFO  server.RaftServerConfigKeys (ConfUtils.java:logGet(46)) - raft.server.write.element-limit = 4096 (default)
2025-04-23 15:47:45,173 [omNode-3@group-523986131536-LeaderElection49] INFO  server.RaftServerConfigKeys (ConfUtils.java:logGet(46)) - raft.server.write.byte-limit = 64MB (=67108864) (default)
2025-04-23 15:47:45,173 [grpc-default-executor-2] INFO  server.RaftServer$Division (RaftServerImpl.java:requestVote(1441)) - omNode-2@group-523986131536 replies to ELECTION vote request: omNode-3<-omNode-2#0:OK-t2. Peer's state: omNode-2@group-523986131536:t2, leader=null, voted=omNode-3, raftlog=Memoized:omNode-2@group-523986131536-SegmentedRaftLog:OPENED:c584:last(t:1, i:584), conf=conf: {index: 0, cur=peers:[omNode-3|localhost:15059, omNode-1|localhost:15051, omNode-2|localhost:15055]|listeners:[], old=null}
2025-04-23 15:47:45,174 [omNode-3@group-523986131536-LeaderElection49] INFO  server.RaftServerConfigKeys (ConfUtils.java:logGet(46)) - raft.server.watch.timeout = 10s (default)
2025-04-23 15:47:45,174 [omNode-3@group-523986131536-LeaderElection49] INFO  server.RaftServerConfigKeys (ConfUtils.java:logGet(46)) - raft.server.watch.timeout.denomination = 1s (default)
2025-04-23 15:47:45,175 [omNode-3@group-523986131536-LeaderElection49] INFO  server.RaftServerConfigKeys (ConfUtils.java:logGet(46)) - raft.server.watch.element-limit = 65536 (default)
2025-04-23 15:47:45,175 [omNode-3@group-523986131536-LeaderElection49] INFO  server.RaftServerConfigKeys (ConfUtils.java:logGet(46)) - raft.server.read.leader.lease.enabled = false (default)
2025-04-23 15:47:45,175 [omNode-3@group-523986131536-LeaderElection49] INFO  server.RaftServerConfigKeys (ConfUtils.java:logGet(46)) - raft.server.read.leader.lease.timeout.ratio = 0.9 (default)
2025-04-23 15:47:45,176 [omNode-3@group-523986131536-LeaderElection49] INFO  server.RaftServerConfigKeys (ConfUtils.java:logGet(46)) - raft.server.rpc.timeout.min = 1s (custom)
2025-04-23 15:47:45,176 [omNode-3@group-523986131536-LeaderElection49] INFO  server.RaftServerConfigKeys (ConfUtils.java:logGet(46)) - raft.server.log.log-metadata.enabled = true (default)
2025-04-23 15:47:45,176 [omNode-3@group-523986131536-LeaderElection49] INFO  server.RaftServerConfigKeys (ConfUtils.java:logGet(46)) - raft.server.write.element-limit = 4096 (default)
2025-04-23 15:47:45,177 [omNode-3@group-523986131536-LeaderElection49] INFO  server.RaftServerConfigKeys (ConfUtils.java:logGet(46)) - raft.server.write.follower.gap.ratio.max = -1.0 (default)
2025-04-23 15:47:45,177 [omNode-3@group-523986131536-LeaderElection49] INFO  server.RaftServerConfigKeys (ConfUtils.java:logGet(46)) - raft.server.log.appender.snapshot.chunk.size.max = 16MB (=16777216) (default)
2025-04-23 15:47:45,178 [omNode-3@group-523986131536-LeaderElection49] INFO  server.RaftServerConfigKeys (ConfUtils.java:logGet(46)) - raft.server.log.appender.buffer.byte-limit = 4194304 (custom)
2025-04-23 15:47:45,178 [omNode-3@group-523986131536-LeaderElection49] INFO  server.RaftServerConfigKeys (ConfUtils.java:logGet(46)) - raft.server.log.appender.buffer.element-limit = 1024 (custom)
2025-04-23 15:47:45,178 [omNode-3@group-523986131536-LeaderElection49] INFO  server.RaftServerConfigKeys (ConfUtils.java:logGet(46)) - raft.server.log.appender.wait-time.min = 0ms (custom)
2025-04-23 15:47:45,178 [omNode-3@group-523986131536-LeaderElection49] INFO  grpc.GrpcConfigKeys (ConfUtils.java:logGet(46)) - raft.grpc.server.leader.outstanding.appends.max = 8 (default)
2025-04-23 15:47:45,178 [omNode-3@group-523986131536-LeaderElection49] INFO  server.RaftServerConfigKeys (ConfUtils.java:logGet(46)) - raft.server.rpc.request.timeout = 3000ms (default)
2025-04-23 15:47:45,178 [omNode-3@group-523986131536-LeaderElection49] INFO  grpc.GrpcConfigKeys (ConfUtils.java:logGet(46)) - raft.grpc.server.install_snapshot.request.element-limit = 8 (default)
2025-04-23 15:47:45,178 [omNode-3@group-523986131536-LeaderElection49] INFO  grpc.GrpcConfigKeys (ConfUtils.java:logGet(46)) - raft.grpc.server.install_snapshot.request.timeout = 3000ms (default)
2025-04-23 15:47:45,179 [omNode-3@group-523986131536-LeaderElection49] INFO  grpc.GrpcConfigKeys (ConfUtils.java:logGet(46)) - raft.grpc.server.log-message.batch.duration = 5s (default)
2025-04-23 15:47:45,179 [omNode-3@group-523986131536-LeaderElection49] INFO  server.RaftServerConfigKeys (ConfUtils.java:logGet(46)) - raft.server.log.appender.install.snapshot.enabled = false (custom)
2025-04-23 15:47:45,179 [omNode-3@group-523986131536-LeaderElection49] INFO  grpc.GrpcConfigKeys (ConfUtils.java:logGet(46)) - raft.grpc.server.heartbeat.channel = true (default)
2025-04-23 15:47:45,181 [omNode-3@group-523986131536-LeaderElection49] INFO  server.RaftServerConfigKeys (ConfUtils.java:logGet(46)) - raft.server.log.appender.snapshot.chunk.size.max = 16MB (=16777216) (default)
2025-04-23 15:47:45,181 [omNode-3@group-523986131536-LeaderElection49] INFO  server.RaftServerConfigKeys (ConfUtils.java:logGet(46)) - raft.server.log.appender.buffer.byte-limit = 4194304 (custom)
2025-04-23 15:47:45,181 [omNode-3@group-523986131536-LeaderElection49] INFO  server.RaftServerConfigKeys (ConfUtils.java:logGet(46)) - raft.server.log.appender.buffer.element-limit = 1024 (custom)
2025-04-23 15:47:45,181 [omNode-3@group-523986131536-LeaderElection49] INFO  server.RaftServerConfigKeys (ConfUtils.java:logGet(46)) - raft.server.log.appender.wait-time.min = 0ms (custom)
2025-04-23 15:47:45,181 [omNode-3@group-523986131536-LeaderElection49] INFO  grpc.GrpcConfigKeys (ConfUtils.java:logGet(46)) - raft.grpc.server.leader.outstanding.appends.max = 8 (default)
2025-04-23 15:47:45,181 [omNode-3@group-523986131536-LeaderElection49] INFO  server.RaftServerConfigKeys (ConfUtils.java:logGet(46)) - raft.server.rpc.request.timeout = 3000ms (default)
2025-04-23 15:47:45,182 [omNode-3@group-523986131536-LeaderElection49] INFO  grpc.GrpcConfigKeys (ConfUtils.java:logGet(46)) - raft.grpc.server.install_snapshot.request.element-limit = 8 (default)
2025-04-23 15:47:45,182 [omNode-3@group-523986131536-LeaderElection49] INFO  grpc.GrpcConfigKeys (ConfUtils.java:logGet(46)) - raft.grpc.server.install_snapshot.request.timeout = 3000ms (default)
2025-04-23 15:47:45,182 [omNode-3@group-523986131536-LeaderElection49] INFO  grpc.GrpcConfigKeys (ConfUtils.java:logGet(46)) - raft.grpc.server.log-message.batch.duration = 5s (default)
2025-04-23 15:47:45,182 [omNode-3@group-523986131536-LeaderElection49] INFO  server.RaftServerConfigKeys (ConfUtils.java:logGet(46)) - raft.server.log.appender.install.snapshot.enabled = false (custom)
2025-04-23 15:47:45,182 [omNode-3@group-523986131536-LeaderElection49] INFO  grpc.GrpcConfigKeys (ConfUtils.java:logGet(46)) - raft.grpc.server.heartbeat.channel = true (default)
2025-04-23 15:47:45,183 [omNode-3@group-523986131536-LeaderElection49] INFO  impl.RoleInfo (RoleInfo.java:updateAndGet(148)) - omNode-3: start omNode-3@group-523986131536-LeaderStateImpl
2025-04-23 15:47:45,183 [omNode-3@group-523986131536-LeaderElection49] INFO  server.RaftServer$Division (RaftServerImpl.java:setFirstElection(562)) - omNode-3@group-523986131536: set firstElectionSinceStartup to false for becomeLeader
2025-04-23 15:47:45,184 [omNode-3@group-523986131536-LeaderElection49] INFO  ratis.OzoneManagerStateMachine (OzoneManagerStateMachine.java:notifyLeaderChanged(169)) - omNode-3@group-523986131536: leader changed to omNode-3
2025-04-23 15:47:45,184 [omNode-3@group-523986131536-LeaderElection49] INFO  server.RaftServer$Division (ServerState.java:setLeader(272)) - omNode-3@group-523986131536: change Leader from null to omNode-3 at term 2 for becomeLeader, leader elected after 1134ms
2025-04-23 15:47:45,184 [omNode-3@group-523986131536-LeaderElection49] INFO  segmented.SegmentedRaftLogWorker (SegmentedRaftLogWorker.java:rollLogSegment(443)) - omNode-3@group-523986131536-SegmentedRaftLogWorker: Rolling segment log-0_584 to index:584
2025-04-23 15:47:45,185 [omNode-3@group-523986131536-LeaderElection49] INFO  server.RaftServer$Division (ServerState.java:setRaftConf(386)) - omNode-3@group-523986131536: set configuration conf: {index: 585, cur=peers:[omNode-3|localhost:15059, omNode-1|localhost:15051, omNode-2|localhost:15055]|listeners:[], old=null}
2025-04-23 15:47:45,185 [omNode-3@group-523986131536-SegmentedRaftLogWorker] INFO  segmented.SegmentedRaftLogWorker (SegmentedRaftLogWorker.java:execute(601)) - omNode-3@group-523986131536-SegmentedRaftLogWorker: Rolled log segment from /home/runner/work/ozone/ozone/hadoop-ozone/integration-test/target/test-dir/MiniOzoneClusterImpl-11ed033c-ec90-4580-9385-902e6658689d/omNode-3/ratis/c9bc4cf4-3bc3-3c60-a66b-523986131536/current/log_inprogress_0 to /home/runner/work/ozone/ozone/hadoop-ozone/integration-test/target/test-dir/MiniOzoneClusterImpl-11ed033c-ec90-4580-9385-902e6658689d/omNode-3/ratis/c9bc4cf4-3bc3-3c60-a66b-523986131536/current/log_0-584
2025-04-23 15:47:45,185 [omNode-3@group-523986131536-SegmentedRaftLogWorker] INFO  segmented.BufferedWriteChannel (BufferedWriteChannel.java:open(61)) - open log_inprogress_585 at position 0
2025-04-23 15:47:45,195 [omNode-1-server-thread1] INFO  ratis.OzoneManagerStateMachine (OzoneManagerStateMachine.java:notifyLeaderChanged(169)) - omNode-1@group-523986131536: leader changed to omNode-3
2025-04-23 15:47:45,195 [omNode-1-server-thread1] INFO  server.RaftServer$Division (ServerState.java:setLeader(272)) - omNode-1@group-523986131536: change Leader from null to omNode-3 at term 2 for appendEntries, leader elected after 675ms
2025-04-23 15:47:45,197 [omNode-2-server-thread1] INFO  ratis.OzoneManagerStateMachine (OzoneManagerStateMachine.java:notifyLeaderChanged(169)) - omNode-2@group-523986131536: leader changed to omNode-3
2025-04-23 15:47:45,197 [omNode-2-server-thread1] INFO  server.RaftServer$Division (ServerState.java:setLeader(272)) - omNode-2@group-523986131536: change Leader from null to omNode-3 at term 2 for appendEntries, leader elected after 205ms
2025-04-23 15:47:45,202 [omNode-1-server-thread3] INFO  server.RaftServer$Division (ServerState.java:setRaftConf(386)) - omNode-1@group-523986131536: set configuration conf: {index: 585, cur=peers:[omNode-3|localhost:15059, omNode-1|localhost:15051, omNode-2|localhost:15055]|listeners:[], old=null}
2025-04-23 15:47:45,202 [omNode-2-server-thread2] INFO  server.RaftServer$Division (ServerState.java:setRaftConf(386)) - omNode-2@group-523986131536: set configuration conf: {index: 585, cur=peers:[omNode-3|localhost:15059, omNode-1|localhost:15051, omNode-2|localhost:15055]|listeners:[], old=null}
2025-04-23 15:47:45,202 [omNode-1-server-thread3] INFO  segmented.SegmentedRaftLogWorker (SegmentedRaftLogWorker.java:rollLogSegment(443)) - omNode-1@group-523986131536-SegmentedRaftLogWorker: Rolling segment log-0_584 to index:584
2025-04-23 15:47:45,202 [omNode-2-server-thread2] INFO  segmented.SegmentedRaftLogWorker (SegmentedRaftLogWorker.java:rollLogSegment(443)) - omNode-2@group-523986131536-SegmentedRaftLogWorker: Rolling segment log-0_584 to index:584
2025-04-23 15:47:45,203 [omNode-2@group-523986131536-SegmentedRaftLogWorker] INFO  segmented.SegmentedRaftLogWorker (SegmentedRaftLogWorker.java:execute(601)) - omNode-2@group-523986131536-SegmentedRaftLogWorker: Rolled log segment from /home/runner/work/ozone/ozone/hadoop-ozone/integration-test/target/test-dir/MiniOzoneClusterImpl-11ed033c-ec90-4580-9385-902e6658689d/omNode-2/ratis/c9bc4cf4-3bc3-3c60-a66b-523986131536/current/log_inprogress_0 to /home/runner/work/ozone/ozone/hadoop-ozone/integration-test/target/test-dir/MiniOzoneClusterImpl-11ed033c-ec90-4580-9385-902e6658689d/omNode-2/ratis/c9bc4cf4-3bc3-3c60-a66b-523986131536/current/log_0-584
2025-04-23 15:47:45,203 [omNode-2@group-523986131536-SegmentedRaftLogWorker] INFO  segmented.BufferedWriteChannel (BufferedWriteChannel.java:open(61)) - open log_inprogress_585 at position 0
2025-04-23 15:47:45,204 [omNode-1@group-523986131536-SegmentedRaftLogWorker] INFO  segmented.SegmentedRaftLogWorker (SegmentedRaftLogWorker.java:execute(601)) - omNode-1@group-523986131536-SegmentedRaftLogWorker: Rolled log segment from /home/runner/work/ozone/ozone/hadoop-ozone/integration-test/target/test-dir/MiniOzoneClusterImpl-11ed033c-ec90-4580-9385-902e6658689d/omNode-1/ratis/c9bc4cf4-3bc3-3c60-a66b-523986131536/current/log_inprogress_0 to /home/runner/work/ozone/ozone/hadoop-ozone/integration-test/target/test-dir/MiniOzoneClusterImpl-11ed033c-ec90-4580-9385-902e6658689d/omNode-1/ratis/c9bc4cf4-3bc3-3c60-a66b-523986131536/current/log_0-584
2025-04-23 15:47:45,204 [omNode-1@group-523986131536-SegmentedRaftLogWorker] INFO  segmented.BufferedWriteChannel (BufferedWriteChannel.java:open(61)) - open log_inprogress_585 at position 0
2025-04-23 15:47:45,207 [omNode-3@group-523986131536-SegmentedRaftLogWorker] INFO  segmented.SegmentedRaftLogWorker (SegmentedRaftLogWorker.java:execute(644)) - omNode-3@group-523986131536-SegmentedRaftLogWorker: created new log segment /home/runner/work/ozone/ozone/hadoop-ozone/integration-test/target/test-dir/MiniOzoneClusterImpl-11ed033c-ec90-4580-9385-902e6658689d/omNode-3/ratis/c9bc4cf4-3bc3-3c60-a66b-523986131536/current/log_inprogress_585
2025-04-23 15:47:45,220 [omNode-2@group-523986131536-SegmentedRaftLogWorker] INFO  segmented.SegmentedRaftLogWorker (SegmentedRaftLogWorker.java:execute(644)) - omNode-2@group-523986131536-SegmentedRaftLogWorker: created new log segment /home/runner/work/ozone/ozone/hadoop-ozone/integration-test/target/test-dir/MiniOzoneClusterImpl-11ed033c-ec90-4580-9385-902e6658689d/omNode-2/ratis/c9bc4cf4-3bc3-3c60-a66b-523986131536/current/log_inprogress_585
2025-04-23 15:47:45,221 [omNode-1@group-523986131536-SegmentedRaftLogWorker] INFO  segmented.SegmentedRaftLogWorker (SegmentedRaftLogWorker.java:execute(644)) - omNode-1@group-523986131536-SegmentedRaftLogWorker: created new log segment /home/runner/work/ozone/ozone/hadoop-ozone/integration-test/target/test-dir/MiniOzoneClusterImpl-11ed033c-ec90-4580-9385-902e6658689d/omNode-1/ratis/c9bc4cf4-3bc3-3c60-a66b-523986131536/current/log_inprogress_585
2025-04-23 15:47:45,223 [omNode-3@group-523986131536-StateMachineUpdater] INFO  ratis.OzoneManagerStateMachine (OzoneManagerStateMachine.java:notifyConfigurationChanged(231)) - notifyConfigurationChanged from Ratis: term=2, index=585, New Peer list: omNode-3(localhost:15059), omNode-1(localhost:15051), omNode-2(localhost:15055)
2025-04-23 15:47:45,224 [omNode-3@group-523986131536-StateMachineUpdater] INFO  server.RaftServer$Division (LeaderStateImpl.java:checkStartIndex(313)) - Leader omNode-3@group-523986131536-LeaderStateImpl is ready since appliedIndex == startIndex == 585
2025-04-23 15:47:45,225 [omNode-1@group-523986131536-StateMachineUpdater] INFO  ratis.OzoneManagerStateMachine (OzoneManagerStateMachine.java:notifyConfigurationChanged(231)) - notifyConfigurationChanged from Ratis: term=2, index=585, New Peer list: omNode-3(localhost:15059), omNode-1(localhost:15051), omNode-2(localhost:15055)
2025-04-23 15:47:45,225 [omNode-2@group-523986131536-StateMachineUpdater] INFO  ratis.OzoneManagerStateMachine (OzoneManagerStateMachine.java:notifyConfigurationChanged(231)) - notifyConfigurationChanged from Ratis: term=2, index=585, New Peer list: omNode-3(localhost:15059), omNode-1(localhost:15051), omNode-2(localhost:15055)
2025-04-23 15:47:45,422 [main] INFO  reflections.Reflections (Reflections.java:scan(219)) - Reflections took 413 ms to scan 22 urls, producing 61 keys and 7422 values
2025-04-23 15:47:45,424 [main] INFO  ipc.CallQueueManager (CallQueueManager.java:<init>(93)) - Using callQueue: class java.util.concurrent.LinkedBlockingQueue, queueCapacity: 2000, scheduler: class org.apache.hadoop.ipc.DefaultRpcScheduler, ipcBackoff: false, ipcFailOver: false.
2025-04-23 15:47:45,424 [main] INFO  ipc.Server (Server.java:<init>(1438)) - Listener at localhost:15052
2025-04-23 15:47:45,425 [Socket Reader #2 for port 15052] INFO  ipc.Server (Server.java:run(1474)) - Starting Socket Reader #2 for port 15052
2025-04-23 15:47:45,425 [Socket Reader #3 for port 15052] INFO  ipc.Server (Server.java:run(1474)) - Starting Socket Reader #3 for port 15052
2025-04-23 15:47:45,425 [Socket Reader #4 for port 15052] INFO  ipc.Server (Server.java:run(1474)) - Starting Socket Reader #4 for port 15052
2025-04-23 15:47:45,426 [Socket Reader #5 for port 15052] INFO  ipc.Server (Server.java:run(1474)) - Starting Socket Reader #5 for port 15052
2025-04-23 15:47:45,426 [Socket Reader #6 for port 15052] INFO  ipc.Server (Server.java:run(1474)) - Starting Socket Reader #6 for port 15052
2025-04-23 15:47:45,425 [Socket Reader #1 for port 15052] INFO  ipc.Server (Server.java:run(1474)) - Starting Socket Reader #1 for port 15052
2025-04-23 15:47:45,427 [Socket Reader #8 for port 15052] INFO  ipc.Server (Server.java:run(1474)) - Starting Socket Reader #8 for port 15052
2025-04-23 15:47:45,427 [Socket Reader #9 for port 15052] INFO  ipc.Server (Server.java:run(1474)) - Starting Socket Reader #9 for port 15052
2025-04-23 15:47:45,427 [Socket Reader #7 for port 15052] INFO  ipc.Server (Server.java:run(1474)) - Starting Socket Reader #7 for port 15052
2025-04-23 15:47:45,427 [Socket Reader #10 for port 15052] INFO  ipc.Server (Server.java:run(1474)) - Starting Socket Reader #10 for port 15052
2025-04-23 15:47:45,429 [main] INFO  http.BaseHttpServer (BaseHttpServer.java:newHttpServer2BuilderForOzone(229)) - Starting Web-server for ozoneManager at: http://0.0.0.0:15053
2025-04-23 15:47:45,429 [main] INFO  http.BaseHttpServer (BaseHttpServer.java:<init>(107)) - Hadoop Security Enabled: false Ozone Security Enabled: false Ozone HTTP Security Enabled: false 
2025-04-23 15:47:45,430 [main] WARN  server.AuthenticationFilter (AuthenticationFilter.java:constructSecretProvider(240)) - Unable to initialize FileSignerSecretProvider, falling back to use random secrets. Reason: Could not read signature secret file: /home/runner/hadoop-http-auth-signature-secret
2025-04-23 15:47:45,432 [main] INFO  http.HttpServer2 (HttpServer2.java:addGlobalFilter(1041)) - Added global filter 'safety' (class=org.apache.hadoop.hdds.server.http.HttpServer2$QuotingInputFilter)
2025-04-23 15:47:45,432 [main] INFO  http.HttpServer2 (HttpServer2.java:addFilter(1017)) - Added filter static_user_filter (class=org.apache.hadoop.http.lib.StaticUserWebFilter$StaticUserFilter) to context ozoneManager
2025-04-23 15:47:45,433 [main] INFO  http.HttpServer2 (HttpServer2.java:addFilter(1025)) - Added filter static_user_filter (class=org.apache.hadoop.http.lib.StaticUserWebFilter$StaticUserFilter) to context logs
2025-04-23 15:47:45,433 [main] INFO  http.HttpServer2 (HttpServer2.java:addFilter(1025)) - Added filter static_user_filter (class=org.apache.hadoop.http.lib.StaticUserWebFilter$StaticUserFilter) to context static
2025-04-23 15:47:45,433 [main] INFO  http.BaseHttpServer (BaseHttpServer.java:<init>(195)) - HTTP server of ozoneManager uses base directory /home/runner/work/ozone/ozone/hadoop-ozone/integration-test/target/test-dir/MiniOzoneClusterImpl-11ed033c-ec90-4580-9385-902e6658689d/omNode-2/webserver
2025-04-23 15:47:45,433 [main] INFO  http.HttpServer2 (HttpServer2.java:bindListener(1241)) - Jetty bound to port 15053
2025-04-23 15:47:45,433 [main] INFO  server.Server (Server.java:doStart(375)) - jetty-9.4.57.v20241219; built: 2025-01-08T21:24:30.412Z; git: df524e6b29271c2e09ba9aea83c18dc9db464a31; jvm 21.0.7+6-LTS
2025-04-23 15:47:45,435 [main] INFO  server.session (DefaultSessionIdManager.java:doStart(334)) - DefaultSessionIdManager workerName=node0
2025-04-23 15:47:45,435 [main] INFO  server.session (DefaultSessionIdManager.java:doStart(339)) - No SessionScavenger set, using defaults
2025-04-23 15:47:45,435 [main] INFO  server.session (HouseKeeper.java:startScavenging(132)) - node0 Scavenging every 600000ms
2025-04-23 15:47:45,436 [main] INFO  handler.ContextHandler (ContextHandler.java:doStart(921)) - Started o.e.j.s.ServletContextHandler@316e47cf{logs,/logs,file:///home/runner/work/ozone/ozone/hadoop-ozone/integration-test/target/log,AVAILABLE}
2025-04-23 15:47:45,436 [main] INFO  handler.ContextHandler (ContextHandler.java:doStart(921)) - Started o.e.j.s.ServletContextHandler@2f8d50af{static,/static,file:///home/runner/work/ozone/ozone/hadoop-ozone/integration-test/target/test-classes/webapps/static,AVAILABLE}
2025-04-23 15:47:45,440 [main] INFO  handler.ContextHandler (ContextHandler.java:doStart(921)) - Started o.e.j.w.WebAppContext@3f00a9b4{ozoneManager,/,file:///home/runner/work/ozone/ozone/hadoop-ozone/integration-test/target/test-classes/webapps/ozoneManager/,AVAILABLE}{file:/home/runner/work/ozone/ozone/hadoop-ozone/integration-test/target/test-classes/webapps/ozoneManager}
2025-04-23 15:47:45,441 [main] INFO  server.AbstractConnector (AbstractConnector.java:doStart(333)) - Started ServerConnector@526ea474{HTTP/1.1, (http/1.1)}{0.0.0.0:15053}
2025-04-23 15:47:45,441 [main] INFO  server.Server (Server.java:doStart(415)) - Started @200423ms
2025-04-23 15:47:45,441 [main] WARN  impl.MetricsSystemImpl (MetricsSystemImpl.java:register(279)) - Sink prometheus already exists!
2025-04-23 15:47:45,442 [main] INFO  http.BaseHttpServer (BaseHttpServer.java:updateConnectorAddress(360)) - HTTP server of ozoneManager listening at http://0.0.0.0:15053
2025-04-23 15:47:45,442 [IPC Server Responder] INFO  ipc.Server (Server.java:run(1713)) - IPC Server Responder: starting
2025-04-23 15:47:45,442 [IPC Server listener on 15052] INFO  ipc.Server (Server.java:run(1553)) - IPC Server listener on 15052: starting
2025-04-23 15:47:45,445 [main] INFO  om.OzoneManager (OzoneManager.java:startTrashEmptier(2257)) - Trash Interval set to 0. Files deleted won't move to trash
]]></system-out>
  </testcase>
</testsuite>