<?xml version="1.0" encoding="UTF-8"?>
<testsuite xmlns:xsi="http://www.w3.org/2001/XMLSchema-instance" xsi:noNamespaceSchemaLocation="https://maven.apache.org/surefire/maven-surefire-plugin/xsd/surefire-test-report-3.0.xsd" version="3.0" name="org.apache.hadoop.ozone.shell.TestTransferLeadershipShell" time="283.383" tests="2" errors="0" skipped="0" failures="1">
  <properties>
    <property name="java.specification.version" value="17"/>
    <property name="sun.jnu.encoding" value="UTF-8"/>
    <property name="java.class.path" value="/home/runner/work/ozone/ozone/hadoop-ozone/integration-test/target/test-classes:/home/runner/work/ozone/ozone/hadoop-ozone/integration-test/target/classes:/home/runner/work/ozone/ozone/hadoop-ozone/common/target/ozone-common-2.0.0-SNAPSHOT.jar:/home/runner/.m2/repository/io/grpc/grpc-netty/1.58.0/grpc-netty-1.58.0.jar:/home/runner/.m2/repository/io/grpc/grpc-core/1.58.0/grpc-core-1.58.0.jar:/home/runner/.m2/repository/com/google/android/annotations/4.1.1.4/annotations-4.1.1.4.jar:/home/runner/.m2/repository/org/codehaus/mojo/animal-sniffer-annotations/1.23/animal-sniffer-annotations-1.23.jar:/home/runner/.m2/repository/io/grpc/grpc-context/1.58.0/grpc-context-1.58.0.jar:/home/runner/.m2/repository/io/grpc/grpc-util/1.58.0/grpc-util-1.58.0.jar:/home/runner/.m2/repository/com/google/errorprone/error_prone_annotations/2.29.2/error_prone_annotations-2.29.2.jar:/home/runner/.m2/repository/io/perfmark/perfmark-api/0.26.0/perfmark-api-0.26.0.jar:/home/runner/.m2/repository/io/netty/netty-codec-http2/4.1.109.Final/netty-codec-http2-4.1.109.Final.jar:/home/runner/.m2/repository/io/netty/netty-codec-http/4.1.109.Final/netty-codec-http-4.1.109.Final.jar:/home/runner/.m2/repository/io/netty/netty-handler-proxy/4.1.109.Final/netty-handler-proxy-4.1.109.Final.jar:/home/runner/.m2/repository/io/netty/netty-codec-socks/4.1.109.Final/netty-codec-socks-4.1.109.Final.jar:/home/runner/.m2/repository/io/netty/netty-tcnative-boringssl-static/2.0.65.Final/netty-tcnative-boringssl-static-2.0.65.Final.jar:/home/runner/.m2/repository/io/netty/netty-tcnative-classes/2.0.65.Final/netty-tcnative-classes-2.0.65.Final.jar:/home/runner/.m2/repository/io/netty/netty-tcnative-boringssl-static/2.0.65.Final/netty-tcnative-boringssl-static-2.0.65.Final-linux-x86_64.jar:/home/runner/.m2/repository/io/netty/netty-tcnative-boringssl-static/2.0.65.Final/netty-tcnative-boringssl-static-2.0.65.Final-linux-aarch_64.jar:/home/runner/.m2/repository/io/netty/netty-tcnative-boringssl-static/2.0.65.Final/netty-tcnative-boringssl-static-2.0.65.Final-osx-x86_64.jar:/home/runner/.m2/repository/io/netty/netty-tcnative-boringssl-static/2.0.65.Final/netty-tcnative-boringssl-static-2.0.65.Final-osx-aarch_64.jar:/home/runner/.m2/repository/io/netty/netty-tcnative-boringssl-static/2.0.65.Final/netty-tcnative-boringssl-static-2.0.65.Final-windows-x86_64.jar:/home/runner/.m2/repository/org/apache/commons/commons-compress/1.27.1/commons-compress-1.27.1.jar:/home/runner/work/ozone/ozone/hadoop-hdds/common/target/hdds-common-2.0.0-SNAPSHOT.jar:/home/runner/work/ozone/ozone/hadoop-hdds/client/target/hdds-client-2.0.0-SNAPSHOT.jar:/home/runner/work/ozone/ozone/hadoop-hdds/config/target/hdds-config-2.0.0-SNAPSHOT.jar:/home/runner/work/ozone/ozone/hadoop-hdds/interface-client/target/hdds-interface-client-2.0.0-SNAPSHOT.jar:/home/runner/.m2/repository/org/apache/hadoop/thirdparty/hadoop-shaded-protobuf_3_7/1.1.1/hadoop-shaded-protobuf_3_7-1.1.1.jar:/home/runner/work/ozone/ozone/hadoop-ozone/interface-client/target/ozone-interface-client-2.0.0-SNAPSHOT.jar:/home/runner/.m2/repository/org/apache/hadoop/hadoop-hdfs-client/3.3.6/hadoop-hdfs-client-3.3.6.jar:/home/runner/.m2/repository/com/squareup/okhttp3/okhttp/4.12.0/okhttp-4.12.0.jar:/home/runner/.m2/repository/com/squareup/okio/okio/3.6.0/okio-3.6.0.jar:/home/runner/.m2/repository/com/squareup/okio/okio-jvm/3.6.0/okio-jvm-3.6.0.jar:/home/runner/.m2/repository/org/jetbrains/kotlin/kotlin-stdlib-jdk8/1.9.25/kotlin-stdlib-jdk8-1.9.25.jar:/home/runner/.m2/repository/org/jetbrains/kotlin/kotlin-stdlib-jdk7/1.9.25/kotlin-stdlib-jdk7-1.9.25.jar:/home/runner/.m2/repository/org/jetbrains/kotlin/kotlin-stdlib-common/1.9.25/kotlin-stdlib-common-1.9.25.jar:/home/runner/.m2/repository/org/apache/httpcomponents/httpclient/4.5.14/httpclient-4.5.14.jar:/home/runner/.m2/repository/org/apache/httpcomponents/httpcore/4.4.16/httpcore-4.4.16.jar:/home/runner/.m2/repository/org/apache/ratis/ratis-common/3.1.1/ratis-common-3.1.1.jar:/home/runner/.m2/repository/org/apache/ratis/ratis-proto/3.1.1/ratis-proto-3.1.1.jar:/home/runner/.m2/repository/org/apache/ratis/ratis-thirdparty-misc/1.0.6/ratis-thirdparty-misc-1.0.6.jar:/home/runner/.m2/repository/org/slf4j/slf4j-api/2.0.16/slf4j-api-2.0.16.jar:/home/runner/.m2/repository/com/fasterxml/jackson/core/jackson-annotations/2.16.2/jackson-annotations-2.16.2.jar:/home/runner/.m2/repository/com/fasterxml/jackson/core/jackson-databind/2.16.2/jackson-databind-2.16.2.jar:/home/runner/.m2/repository/com/github/stephenc/jcip/jcip-annotations/1.0-1/jcip-annotations-1.0-1.jar:/home/runner/.m2/repository/com/google/guava/guava/32.1.3-jre/guava-32.1.3-jre.jar:/home/runner/.m2/repository/com/google/guava/failureaccess/1.0.1/failureaccess-1.0.1.jar:/home/runner/.m2/repository/com/google/guava/listenablefuture/9999.0-empty-to-avoid-conflict-with-guava/listenablefuture-9999.0-empty-to-avoid-conflict-with-guava.jar:/home/runner/.m2/repository/org/checkerframework/checker-qual/3.37.0/checker-qual-3.37.0.jar:/home/runner/.m2/repository/com/google/j2objc/j2objc-annotations/2.8/j2objc-annotations-2.8.jar:/home/runner/.m2/repository/com/google/protobuf/protobuf-java/2.5.0/protobuf-java-2.5.0.jar:/home/runner/.m2/repository/io/grpc/grpc-api/1.58.0/grpc-api-1.58.0.jar:/home/runner/.m2/repository/io/grpc/grpc-stub/1.58.0/grpc-stub-1.58.0.jar:/home/runner/.m2/repository/io/netty/netty-common/4.1.109.Final/netty-common-4.1.109.Final.jar:/home/runner/.m2/repository/io/netty/netty-handler/4.1.109.Final/netty-handler-4.1.109.Final.jar:/home/runner/.m2/repository/io/netty/netty-resolver/4.1.109.Final/netty-resolver-4.1.109.Final.jar:/home/runner/.m2/repository/jakarta/annotation/jakarta.annotation-api/2.1.1/jakarta.annotation-api-2.1.1.jar:/home/runner/work/ozone/ozone/hadoop-hdds/test-utils/target/hdds-test-utils-2.0.0-SNAPSHOT.jar:/home/runner/.m2/repository/org/assertj/assertj-core/3.26.3/assertj-core-3.26.3.jar:/home/runner/.m2/repository/net/bytebuddy/byte-buddy/1.14.18/byte-buddy-1.14.18.jar:/home/runner/.m2/repository/commons-io/commons-io/2.17.0/commons-io-2.17.0.jar:/home/runner/.m2/repository/commons-logging/commons-logging/1.2/commons-logging-1.2.jar:/home/runner/.m2/repository/org/junit/jupiter/junit-jupiter-api/5.10.3/junit-jupiter-api-5.10.3.jar:/home/runner/.m2/repository/org/opentest4j/opentest4j/1.3.0/opentest4j-1.3.0.jar:/home/runner/.m2/repository/org/junit/platform/junit-platform-commons/1.10.3/junit-platform-commons-1.10.3.jar:/home/runner/.m2/repository/ch/qos/reload4j/reload4j/1.2.25/reload4j-1.2.25.jar:/home/runner/.m2/repository/org/apache/logging/log4j/log4j-api/2.24.1/log4j-api-2.24.1.jar:/home/runner/work/ozone/ozone/hadoop-hdds/server-scm/target/hdds-server-scm-2.0.0-SNAPSHOT.jar:/home/runner/work/ozone/ozone/hadoop-hdds/container-service/target/hdds-container-service-2.0.0-SNAPSHOT.jar:/home/runner/work/ozone/ozone/hadoop-hdds/hadoop-dependency-server/target/hdds-hadoop-dependency-server-2.0.0-SNAPSHOT.jar:/home/runner/.m2/repository/com/nimbusds/nimbus-jose-jwt/9.40/nimbus-jose-jwt-9.40.jar:/home/runner/.m2/repository/org/apache/hadoop/hadoop-hdfs/3.3.6/hadoop-hdfs-3.3.6.jar:/home/runner/.m2/repository/commons-daemon/commons-daemon/1.4.0/commons-daemon-1.4.0.jar:/home/runner/.m2/repository/org/apache/kerby/kerb-core/1.0.1/kerb-core-1.0.1.jar:/home/runner/.m2/repository/org/apache/kerby/kerby-pkix/1.0.1/kerby-pkix-1.0.1.jar:/home/runner/.m2/repository/org/apache/kerby/kerby-asn1/1.0.1/kerby-asn1-1.0.1.jar:/home/runner/.m2/repository/org/apache/kerby/kerb-util/1.0.1/kerb-util-1.0.1.jar:/home/runner/.m2/repository/org/apache/kerby/kerby-config/1.0.1/kerby-config-1.0.1.jar:/home/runner/.m2/repository/org/apache/kerby/kerb-crypto/1.0.1/kerb-crypto-1.0.1.jar:/home/runner/.m2/repository/org/xerial/snappy/snappy-java/1.1.10.7/snappy-java-1.1.10.7.jar:/home/runner/work/ozone/ozone/hadoop-hdds/interface-admin/target/hdds-interface-admin-2.0.0-SNAPSHOT.jar:/home/runner/work/ozone/ozone/hadoop-hdds/interface-server/target/hdds-interface-server-2.0.0-SNAPSHOT.jar:/home/runner/work/ozone/ozone/hadoop-hdds/framework/target/hdds-server-framework-2.0.0-SNAPSHOT.jar:/home/runner/.m2/repository/org/apache/ratis/ratis-client/3.1.1/ratis-client-3.1.1.jar:/home/runner/.m2/repository/org/apache/ratis/ratis-grpc/3.1.1/ratis-grpc-3.1.1.jar:/home/runner/.m2/repository/org/apache/ratis/ratis-netty/3.1.1/ratis-netty-3.1.1.jar:/home/runner/.m2/repository/org/apache/ratis/ratis-server-api/3.1.1/ratis-server-api-3.1.1.jar:/home/runner/.m2/repository/org/bouncycastle/bcpkix-jdk18on/1.78.1/bcpkix-jdk18on-1.78.1.jar:/home/runner/.m2/repository/org/bouncycastle/bcprov-jdk18on/1.78.1/bcprov-jdk18on-1.78.1.jar:/home/runner/.m2/repository/io/dropwizard/metrics/metrics-core/3.2.6/metrics-core-3.2.6.jar:/home/runner/.m2/repository/org/apache/commons/commons-text/1.12.0/commons-text-1.12.0.jar:/home/runner/.m2/repository/org/eclipse/jetty/jetty-webapp/9.4.56.v20240826/jetty-webapp-9.4.56.v20240826.jar:/home/runner/.m2/repository/org/eclipse/jetty/jetty-xml/9.4.56.v20240826/jetty-xml-9.4.56.v20240826.jar:/home/runner/.m2/repository/com/fasterxml/jackson/core/jackson-core/2.16.2/jackson-core-2.16.2.jar:/home/runner/.m2/repository/info/picocli/picocli/4.7.5/picocli-4.7.5.jar:/home/runner/.m2/repository/javax/servlet/javax.servlet-api/3.1.0/javax.servlet-api-3.1.0.jar:/home/runner/.m2/repository/commons-collections/commons-collections/3.2.2/commons-collections-3.2.2.jar:/home/runner/work/ozone/ozone/hadoop-hdds/framework/target/hdds-server-framework-2.0.0-SNAPSHOT-tests.jar:/home/runner/work/ozone/ozone/hadoop-hdds/managed-rocksdb/target/hdds-managed-rocksdb-2.0.0-SNAPSHOT.jar:/home/runner/.m2/repository/org/slf4j/slf4j-reload4j/2.0.16/slf4j-reload4j-2.0.16.jar:/home/runner/.m2/repository/org/apache/commons/commons-configuration2/2.11.0/commons-configuration2-2.11.0.jar:/home/runner/.m2/repository/commons-codec/commons-codec/1.17.1/commons-codec-1.17.1.jar:/home/runner/.m2/repository/commons-fileupload/commons-fileupload/1.5/commons-fileupload-1.5.jar:/home/runner/.m2/repository/commons-validator/commons-validator/1.6/commons-validator-1.6.jar:/home/runner/.m2/repository/commons-beanutils/commons-beanutils/1.9.4/commons-beanutils-1.9.4.jar:/home/runner/.m2/repository/commons-digester/commons-digester/1.8.1/commons-digester-1.8.1.jar:/home/runner/.m2/repository/org/apache/logging/log4j/log4j-core/2.24.1/log4j-core-2.24.1.jar:/home/runner/.m2/repository/com/lmax/disruptor/3.4.4/disruptor-3.4.4.jar:/home/runner/.m2/repository/org/eclipse/jetty/jetty-http/9.4.56.v20240826/jetty-http-9.4.56.v20240826.jar:/home/runner/.m2/repository/org/eclipse/jetty/jetty-io/9.4.56.v20240826/jetty-io-9.4.56.v20240826.jar:/home/runner/.m2/repository/org/eclipse/jetty/jetty-util/9.4.56.v20240826/jetty-util-9.4.56.v20240826.jar:/home/runner/.m2/repository/org/eclipse/jetty/jetty-server/9.4.56.v20240826/jetty-server-9.4.56.v20240826.jar:/home/runner/.m2/repository/org/eclipse/jetty/jetty-servlet/9.4.56.v20240826/jetty-servlet-9.4.56.v20240826.jar:/home/runner/.m2/repository/org/eclipse/jetty/jetty-security/9.4.56.v20240826/jetty-security-9.4.56.v20240826.jar:/home/runner/.m2/repository/org/eclipse/jetty/jetty-util-ajax/9.4.56.v20240826/jetty-util-ajax-9.4.56.v20240826.jar:/home/runner/.m2/repository/org/glassfish/jersey/core/jersey-server/2.45/jersey-server-2.45.jar:/home/runner/.m2/repository/org/glassfish/jersey/core/jersey-client/2.45/jersey-client-2.45.jar:/home/runner/.m2/repository/org/glassfish/jersey/containers/jersey-container-servlet-core/2.45/jersey-container-servlet-core-2.45.jar:/home/runner/.m2/repository/org/rocksdb/rocksdbjni/7.7.3/rocksdbjni-7.7.3.jar:/home/runner/.m2/repository/org/apache/ratis/ratis-metrics-api/3.1.1/ratis-metrics-api-3.1.1.jar:/home/runner/.m2/repository/org/apache/ratis/ratis-metrics-dropwizard3/3.1.1/ratis-metrics-dropwizard3-3.1.1.jar:/home/runner/.m2/repository/io/opentracing/opentracing-api/0.33.0/opentracing-api-0.33.0.jar:/home/runner/.m2/repository/io/prometheus/simpleclient/0.16.0/simpleclient-0.16.0.jar:/home/runner/.m2/repository/io/prometheus/simpleclient_dropwizard/0.16.0/simpleclient_dropwizard-0.16.0.jar:/home/runner/.m2/repository/io/prometheus/simpleclient_common/0.16.0/simpleclient_common-0.16.0.jar:/home/runner/.m2/repository/com/fasterxml/jackson/datatype/jackson-datatype-jsr310/2.16.2/jackson-datatype-jsr310-2.16.2.jar:/home/runner/.m2/repository/com/github/jnr/jnr-constants/0.10.4/jnr-constants-0.10.4.jar:/home/runner/.m2/repository/com/github/jnr/jnr-posix/3.1.20/jnr-posix-3.1.20.jar:/home/runner/.m2/repository/com/github/jnr/jnr-ffi/2.2.17/jnr-ffi-2.2.17.jar:/home/runner/.m2/repository/com/github/jnr/jffi/1.3.13/jffi-1.3.13.jar:/home/runner/.m2/repository/com/github/jnr/jffi/1.3.13/jffi-1.3.13-native.jar:/home/runner/.m2/repository/org/ow2/asm/asm/9.7.1/asm-9.7.1.jar:/home/runner/.m2/repository/org/ow2/asm/asm-commons/9.7.1/asm-commons-9.7.1.jar:/home/runner/.m2/repository/org/ow2/asm/asm-analysis/9.7.1/asm-analysis-9.7.1.jar:/home/runner/.m2/repository/org/ow2/asm/asm-tree/9.7.1/asm-tree-9.7.1.jar:/home/runner/.m2/repository/org/ow2/asm/asm-util/9.7.1/asm-util-9.7.1.jar:/home/runner/.m2/repository/com/github/jnr/jnr-a64asm/1.0.0/jnr-a64asm-1.0.0.jar:/home/runner/.m2/repository/com/github/jnr/jnr-x86asm/1.0.2/jnr-x86asm-1.0.2.jar:/home/runner/.m2/repository/com/google/code/gson/gson/2.10.1/gson-2.10.1.jar:/home/runner/work/ozone/ozone/hadoop-hdds/rocksdb-checkpoint-differ/target/rocksdb-checkpoint-differ-2.0.0-SNAPSHOT.jar:/home/runner/.m2/repository/org/jgrapht/jgrapht-core/1.4.0/jgrapht-core-1.4.0.jar:/home/runner/.m2/repository/org/jheaps/jheaps/0.11/jheaps-0.11.jar:/home/runner/.m2/repository/org/jgrapht/jgrapht-ext/1.4.0/jgrapht-ext-1.4.0.jar:/home/runner/.m2/repository/com/github/vlsi/mxgraph/jgraphx/3.9.12/jgraphx-3.9.12.jar:/home/runner/.m2/repository/jakarta/ws/rs/jakarta.ws.rs-api/2.1.6/jakarta.ws.rs-api-2.1.6.jar:/home/runner/work/ozone/ozone/hadoop-ozone/ozone-manager/target/ozone-manager-2.0.0-SNAPSHOT.jar:/home/runner/.m2/repository/org/aspectj/aspectjrt/1.9.7/aspectjrt-1.9.7.jar:/home/runner/.m2/repository/org/aspectj/aspectjweaver/1.9.7/aspectjweaver-1.9.7.jar:/home/runner/work/ozone/ozone/hadoop-ozone/interface-storage/target/ozone-interface-storage-2.0.0-SNAPSHOT.jar:/home/runner/.m2/repository/org/apache/kerby/kerby-util/1.0.1/kerby-util-1.0.1.jar:/home/runner/.m2/repository/io/netty/netty-transport/4.1.109.Final/netty-transport-4.1.109.Final.jar:/home/runner/.m2/repository/org/reflections/reflections/0.10.2/reflections-0.10.2.jar:/home/runner/.m2/repository/com/sun/jersey/jersey-client/1.19.4/jersey-client-1.19.4.jar:/home/runner/.m2/repository/jakarta/xml/bind/jakarta.xml.bind-api/2.3.3/jakarta.xml.bind-api-2.3.3.jar:/home/runner/.m2/repository/org/codehaus/jackson/jackson-core-asl/1.9.13/jackson-core-asl-1.9.13.jar:/home/runner/.m2/repository/org/codehaus/jackson/jackson-mapper-asl/1.9.13/jackson-mapper-asl-1.9.13.jar:/home/runner/.m2/repository/org/codehaus/jackson/jackson-jaxrs/1.9.13/jackson-jaxrs-1.9.13.jar:/home/runner/.m2/repository/org/apache/ranger/ranger-plugins-common/2.3.0/ranger-plugins-common-2.3.0.jar:/home/runner/.m2/repository/commons-lang/commons-lang/2.6/commons-lang-2.6.jar:/home/runner/.m2/repository/org/apache/ranger/ranger-plugins-cred/2.3.0/ranger-plugins-cred-2.3.0.jar:/home/runner/.m2/repository/org/apache/ranger/ranger-plugins-audit/2.3.0/ranger-plugins-audit-2.3.0.jar:/home/runner/.m2/repository/org/eclipse/jetty/jetty-client/9.4.56.v20240826/jetty-client-9.4.56.v20240826.jar:/home/runner/.m2/repository/org/apache/httpcomponents/httpmime/4.5.6/httpmime-4.5.6.jar:/home/runner/.m2/repository/org/apache/httpcomponents/httpcore-nio/4.4.16/httpcore-nio-4.4.16.jar:/home/runner/.m2/repository/org/apache/httpcomponents/httpasyncclient/4.1.3/httpasyncclient-4.1.3.jar:/home/runner/.m2/repository/com/carrotsearch/hppc/0.8.0/hppc-0.8.0.jar:/home/runner/.m2/repository/org/apache/orc/orc-core/1.5.8/orc-core-1.5.8.jar:/home/runner/.m2/repository/net/java/dev/jna/jna/5.2.0/jna-5.2.0.jar:/home/runner/.m2/repository/net/java/dev/jna/jna-platform/5.2.0/jna-platform-5.2.0.jar:/home/runner/.m2/repository/com/kstruct/gethostname4j/0.0.2/gethostname4j-0.0.2.jar:/home/runner/.m2/repository/org/apache/ranger/ranger-plugin-classloader/2.3.0/ranger-plugin-classloader-2.3.0.jar:/home/runner/.m2/repository/org/apache/ranger/ranger-intg/2.3.0/ranger-intg-2.3.0.jar:/home/runner/work/ozone/ozone/hadoop-hdds/rocks-native/target/hdds-rocks-native-2.0.0-SNAPSHOT.jar:/home/runner/.m2/repository/org/apache/hadoop/hadoop-minikdc/3.3.6/hadoop-minikdc-3.3.6.jar:/home/runner/.m2/repository/org/apache/kerby/kerb-simplekdc/1.0.1/kerb-simplekdc-1.0.1.jar:/home/runner/.m2/repository/org/apache/kerby/kerb-client/1.0.1/kerb-client-1.0.1.jar:/home/runner/.m2/repository/org/apache/kerby/kerb-common/1.0.1/kerb-common-1.0.1.jar:/home/runner/.m2/repository/org/apache/kerby/token-provider/1.0.1/token-provider-1.0.1.jar:/home/runner/.m2/repository/org/apache/kerby/kerb-admin/1.0.1/kerb-admin-1.0.1.jar:/home/runner/.m2/repository/org/apache/kerby/kerb-server/1.0.1/kerb-server-1.0.1.jar:/home/runner/.m2/repository/org/apache/kerby/kerb-identity/1.0.1/kerb-identity-1.0.1.jar:/home/runner/.m2/repository/org/apache/kerby/kerby-xdr/1.0.1/kerby-xdr-1.0.1.jar:/home/runner/.m2/repository/junit/junit/4.13.2/junit-4.13.2.jar:/home/runner/.m2/repository/org/hamcrest/hamcrest-core/1.3/hamcrest-core-1.3.jar:/home/runner/work/ozone/ozone/hadoop-ozone/s3gateway/target/ozone-s3gateway-2.0.0-SNAPSHOT.jar:/home/runner/.m2/repository/org/javassist/javassist/3.30.2-GA/javassist-3.30.2-GA.jar:/home/runner/.m2/repository/org/jboss/weld/servlet/weld-servlet-shaded/3.1.9.Final/weld-servlet-shaded-3.1.9.Final.jar:/home/runner/.m2/repository/org/glassfish/jersey/core/jersey-common/2.45/jersey-common-2.45.jar:/home/runner/.m2/repository/org/glassfish/hk2/osgi-resource-locator/1.0.3/osgi-resource-locator-1.0.3.jar:/home/runner/.m2/repository/org/glassfish/jersey/ext/cdi/jersey-cdi1x/2.45/jersey-cdi1x-2.45.jar:/home/runner/.m2/repository/org/glassfish/jersey/inject/jersey-hk2/2.45/jersey-hk2-2.45.jar:/home/runner/.m2/repository/org/glassfish/hk2/hk2-locator/2.6.1/hk2-locator-2.6.1.jar:/home/runner/.m2/repository/org/glassfish/jersey/media/jersey-media-jaxb/2.45/jersey-media-jaxb-2.45.jar:/home/runner/.m2/repository/org/glassfish/hk2/hk2-api/2.6.1/hk2-api-2.6.1.jar:/home/runner/.m2/repository/org/glassfish/hk2/hk2-utils/2.6.1/hk2-utils-2.6.1.jar:/home/runner/.m2/repository/org/glassfish/hk2/external/aopalliance-repackaged/2.6.1/aopalliance-repackaged-2.6.1.jar:/home/runner/.m2/repository/com/fasterxml/jackson/dataformat/jackson-dataformat-xml/2.16.2/jackson-dataformat-xml-2.16.2.jar:/home/runner/.m2/repository/org/codehaus/woodstox/stax2-api/4.2.2/stax2-api-4.2.2.jar:/home/runner/.m2/repository/com/fasterxml/woodstox/woodstox-core/5.4.0/woodstox-core-5.4.0.jar:/home/runner/.m2/repository/com/fasterxml/jackson/module/jackson-module-jaxb-annotations/2.16.2/jackson-module-jaxb-annotations-2.16.2.jar:/home/runner/.m2/repository/javax/annotation/javax.annotation-api/1.3.2/javax.annotation-api-1.3.2.jar:/home/runner/.m2/repository/javax/enterprise/cdi-api/2.0/cdi-api-2.0.jar:/home/runner/.m2/repository/javax/el/javax.el-api/3.0.0/javax.el-api-3.0.0.jar:/home/runner/.m2/repository/javax/interceptor/javax.interceptor-api/1.2/javax.interceptor-api-1.2.jar:/home/runner/.m2/repository/org/glassfish/jaxb/jaxb-runtime/2.3.9/jaxb-runtime-2.3.9.jar:/home/runner/.m2/repository/org/glassfish/jaxb/txw2/2.3.9/txw2-2.3.9.jar:/home/runner/.m2/repository/com/sun/istack/istack-commons-runtime/3.0.12/istack-commons-runtime-3.0.12.jar:/home/runner/.m2/repository/com/sun/activation/jakarta.activation/1.2.2/jakarta.activation-1.2.2.jar:/home/runner/.m2/repository/jakarta/activation/jakarta.activation-api/1.2.2/jakarta.activation-api-1.2.2.jar:/home/runner/.m2/repository/io/grpc/grpc-protobuf/1.58.0/grpc-protobuf-1.58.0.jar:/home/runner/.m2/repository/com/google/api/grpc/proto-google-common-protos/2.22.0/proto-google-common-protos-2.22.0.jar:/home/runner/.m2/repository/io/grpc/grpc-protobuf-lite/1.58.0/grpc-protobuf-lite-1.58.0.jar:/home/runner/.m2/repository/io/opentracing/opentracing-noop/0.33.0/opentracing-noop-0.33.0.jar:/home/runner/.m2/repository/io/opentracing/opentracing-util/0.33.0/opentracing-util-0.33.0.jar:/home/runner/work/ozone/ozone/hadoop-ozone/csi/target/ozone-csi-2.0.0-SNAPSHOT.jar:/home/runner/.m2/repository/com/google/protobuf/protobuf-java-util/3.19.6/protobuf-java-util-3.19.6.jar:/home/runner/.m2/repository/io/netty/netty-transport-classes-epoll/4.1.109.Final/netty-transport-classes-epoll-4.1.109.Final.jar:/home/runner/.m2/repository/io/netty/netty-transport-native-epoll/4.1.109.Final/netty-transport-native-epoll-4.1.109.Final-linux-x86_64.jar:/home/runner/.m2/repository/io/netty/netty-transport-native-unix-common/4.1.109.Final/netty-transport-native-unix-common-4.1.109.Final.jar:/home/runner/work/ozone/ozone/hadoop-ozone/recon/target/ozone-recon-2.0.0-SNAPSHOT.jar:/home/runner/work/ozone/ozone/hadoop-ozone/recon-codegen/target/ozone-reconcodegen-2.0.0-SNAPSHOT.jar:/home/runner/.m2/repository/aopalliance/aopalliance/1.0/aopalliance-1.0.jar:/home/runner/.m2/repository/com/google/inject/guice/6.0.0/guice-6.0.0.jar:/home/runner/.m2/repository/jakarta/inject/jakarta.inject-api/2.0.1/jakarta.inject-api-2.0.1.jar:/home/runner/.m2/repository/com/google/inject/extensions/guice-assistedinject/6.0.0/guice-assistedinject-6.0.0.jar:/home/runner/.m2/repository/com/google/inject/extensions/guice-servlet/6.0.0/guice-servlet-6.0.0.jar:/home/runner/.m2/repository/org/glassfish/jersey/containers/jersey-container-servlet/2.45/jersey-container-servlet-2.45.jar:/home/runner/.m2/repository/org/glassfish/hk2/guice-bridge/2.6.1/guice-bridge-2.6.1.jar:/home/runner/.m2/repository/org/glassfish/hk2/external/jakarta.inject/2.6.1/jakarta.inject-2.6.1.jar:/home/runner/.m2/repository/org/glassfish/jersey/media/jersey-media-json-jackson/2.45/jersey-media-json-jackson-2.45.jar:/home/runner/.m2/repository/org/glassfish/jersey/ext/jersey-entity-filtering/2.45/jersey-entity-filtering-2.45.jar:/home/runner/.m2/repository/org/jooq/jooq/3.11.10/jooq-3.11.10.jar:/home/runner/.m2/repository/org/jooq/jooq-meta/3.11.10/jooq-meta-3.11.10.jar:/home/runner/.m2/repository/org/jooq/jooq-codegen/3.11.10/jooq-codegen-3.11.10.jar:/home/runner/.m2/repository/com/jolbox/bonecp/0.8.0.RELEASE/bonecp-0.8.0.RELEASE.jar:/home/runner/.m2/repository/org/apache/derby/derby/10.14.2.0/derby-10.14.2.0.jar:/home/runner/.m2/repository/org/xerial/sqlite-jdbc/3.46.1.3/sqlite-jdbc-3.46.1.3.jar:/home/runner/.m2/repository/org/springframework/spring-core/5.3.39/spring-core-5.3.39.jar:/home/runner/.m2/repository/org/springframework/spring-jdbc/5.3.39/spring-jdbc-5.3.39.jar:/home/runner/.m2/repository/org/springframework/spring-beans/5.3.39/spring-beans-5.3.39.jar:/home/runner/.m2/repository/org/springframework/spring-tx/5.3.39/spring-tx-5.3.39.jar:/home/runner/.m2/repository/jakarta/validation/jakarta.validation-api/2.0.2/jakarta.validation-api-2.0.2.jar:/home/runner/.m2/repository/javax/inject/javax.inject/1/javax.inject-1.jar:/home/runner/work/ozone/ozone/hadoop-ozone/client/target/ozone-client-2.0.0-SNAPSHOT.jar:/home/runner/work/ozone/ozone/hadoop-hdds/erasurecode/target/hdds-erasurecode-2.0.0-SNAPSHOT.jar:/home/runner/work/ozone/ozone/hadoop-ozone/ozonefs/target/ozone-filesystem-2.0.0-SNAPSHOT.jar:/home/runner/work/ozone/ozone/hadoop-ozone/ozonefs-common/target/ozone-filesystem-common-2.0.0-SNAPSHOT.jar:/home/runner/work/ozone/ozone/hadoop-ozone/tools/target/ozone-tools-2.0.0-SNAPSHOT.jar:/home/runner/.m2/repository/org/apache/ratis/ratis-tools/3.1.1/ratis-tools-3.1.1.jar:/home/runner/.m2/repository/org/apache/ratis/ratis-shell/3.1.1/ratis-shell-3.1.1.jar:/home/runner/.m2/repository/com/amazonaws/aws-java-sdk-core/1.12.661/aws-java-sdk-core-1.12.661.jar:/home/runner/.m2/repository/com/fasterxml/jackson/dataformat/jackson-dataformat-cbor/2.16.2/jackson-dataformat-cbor-2.16.2.jar:/home/runner/.m2/repository/joda-time/joda-time/2.12.7/joda-time-2.12.7.jar:/home/runner/.m2/repository/com/amazonaws/aws-java-sdk-s3/1.12.661/aws-java-sdk-s3-1.12.661.jar:/home/runner/.m2/repository/com/amazonaws/aws-java-sdk-kms/1.12.661/aws-java-sdk-kms-1.12.661.jar:/home/runner/.m2/repository/com/amazonaws/jmespath-java/1.12.661/jmespath-java-1.12.661.jar:/home/runner/.m2/repository/org/kohsuke/metainf-services/metainf-services/1.11/metainf-services-1.11.jar:/home/runner/work/ozone/ozone/hadoop-hdds/tools/target/hdds-tools-2.0.0-SNAPSHOT.jar:/home/runner/.m2/repository/commons-cli/commons-cli/1.8.0/commons-cli-1.8.0.jar:/home/runner/.m2/repository/org/apache/commons/commons-lang3/3.14.0/commons-lang3-3.14.0.jar:/home/runner/work/ozone/ozone/hadoop-ozone/ozone-manager/target/ozone-manager-2.0.0-SNAPSHOT-tests.jar:/home/runner/work/ozone/ozone/hadoop-hdds/common/target/hdds-common-2.0.0-SNAPSHOT-tests.jar:/home/runner/work/ozone/ozone/hadoop-hdds/hadoop-dependency-client/target/hdds-hadoop-dependency-client-2.0.0-SNAPSHOT.jar:/home/runner/work/ozone/ozone/hadoop-hdds/annotations/target/hdds-annotation-processing-2.0.0-SNAPSHOT.jar:/home/runner/.m2/repository/org/bouncycastle/bcutil-jdk18on/1.78.1/bcutil-jdk18on-1.78.1.jar:/home/runner/.m2/repository/io/jaegertracing/jaeger-client/1.8.1/jaeger-client-1.8.1.jar:/home/runner/.m2/repository/io/jaegertracing/jaeger-thrift/1.8.1/jaeger-thrift-1.8.1.jar:/home/runner/.m2/repository/org/apache/thrift/libthrift/0.15.0/libthrift-0.15.0.jar:/home/runner/.m2/repository/io/jaegertracing/jaeger-tracerresolver/1.8.1/jaeger-tracerresolver-1.8.1.jar:/home/runner/.m2/repository/io/opentracing/contrib/opentracing-tracerresolver/0.1.8/opentracing-tracerresolver-0.1.8.jar:/home/runner/.m2/repository/io/jaegertracing/jaeger-core/1.8.1/jaeger-core-1.8.1.jar:/home/runner/.m2/repository/org/jetbrains/kotlin/kotlin-stdlib/1.9.25/kotlin-stdlib-1.9.25.jar:/home/runner/.m2/repository/org/jetbrains/annotations/13.0/annotations-13.0.jar:/home/runner/.m2/repository/org/yaml/snakeyaml/2.0/snakeyaml-2.0.jar:/home/runner/.m2/repository/org/junit/platform/junit-platform-launcher/1.10.3/junit-platform-launcher-1.10.3.jar:/home/runner/.m2/repository/org/junit/platform/junit-platform-engine/1.10.3/junit-platform-engine-1.10.3.jar:/home/runner/.m2/repository/org/apiguardian/apiguardian-api/1.1.2/apiguardian-api-1.1.2.jar:/home/runner/.m2/repository/org/apache/hadoop/hadoop-kms/3.3.6/hadoop-kms-3.3.6.jar:/home/runner/.m2/repository/org/apache/hadoop/hadoop-auth/3.3.6/hadoop-auth-3.3.6.jar:/home/runner/.m2/repository/org/apache/zookeeper/zookeeper/3.8.4/zookeeper-3.8.4.jar:/home/runner/.m2/repository/org/apache/zookeeper/zookeeper-jute/3.8.4/zookeeper-jute-3.8.4.jar:/home/runner/.m2/repository/org/apache/yetus/audience-annotations/0.12.0/audience-annotations-0.12.0.jar:/home/runner/.m2/repository/org/apache/curator/curator-framework/4.2.0/curator-framework-4.2.0.jar:/home/runner/.m2/repository/org/apache/hadoop/thirdparty/hadoop-shaded-guava/1.2.0/hadoop-shaded-guava-1.2.0.jar:/home/runner/.m2/repository/com/sun/jersey/jersey-core/1.19.4/jersey-core-1.19.4.jar:/home/runner/.m2/repository/javax/ws/rs/jsr311-api/1.1.1/jsr311-api-1.1.1.jar:/home/runner/.m2/repository/com/sun/jersey/jersey-server/1.19.4/jersey-server-1.19.4.jar:/home/runner/.m2/repository/org/apache/hadoop/hadoop-common/3.3.6/hadoop-common-3.3.6.jar:/home/runner/.m2/repository/org/apache/commons/commons-math3/3.6.1/commons-math3-3.6.1.jar:/home/runner/.m2/repository/commons-net/commons-net/3.11.1/commons-net-3.11.1.jar:/home/runner/.m2/repository/com/github/pjfanning/jersey-json/1.20/jersey-json-1.20.jar:/home/runner/.m2/repository/org/codehaus/jettison/jettison/1.1/jettison-1.1.jar:/home/runner/.m2/repository/com/sun/xml/bind/jaxb-impl/2.2.3-1/jaxb-impl-2.2.3-1.jar:/home/runner/.m2/repository/com/google/re2j/re2j/1.7/re2j-1.7.jar:/home/runner/.m2/repository/com/jcraft/jsch/0.1.55/jsch-0.1.55.jar:/home/runner/.m2/repository/org/apache/curator/curator-client/4.2.0/curator-client-4.2.0.jar:/home/runner/.m2/repository/org/apache/curator/curator-recipes/5.2.0/curator-recipes-5.2.0.jar:/home/runner/.m2/repository/com/google/code/findbugs/jsr305/3.0.2/jsr305-3.0.2.jar:/home/runner/.m2/repository/dnsjava/dnsjava/2.1.9/dnsjava-2.1.9.jar:/home/runner/.m2/repository/org/apache/hadoop/hadoop-kms/3.3.6/hadoop-kms-3.3.6-tests.jar:/home/runner/work/ozone/ozone/hadoop-hdds/server-scm/target/hdds-server-scm-2.0.0-SNAPSHOT-tests.jar:/home/runner/work/ozone/ozone/hadoop-hdds/container-service/target/hdds-container-service-2.0.0-SNAPSHOT-tests.jar:/home/runner/.m2/repository/com/github/luben/zstd-jni/1.5.6-4/zstd-jni-1.5.6-4.jar:/home/runner/.m2/repository/io/netty/netty-buffer/4.1.109.Final/netty-buffer-4.1.109.Final.jar:/home/runner/.m2/repository/io/netty/netty-codec/4.1.109.Final/netty-codec-4.1.109.Final.jar:/home/runner/work/ozone/ozone/hadoop-hdds/hadoop-dependency-test/target/hdds-hadoop-dependency-test-2.0.0-SNAPSHOT.jar:/home/runner/.m2/repository/org/apache/hadoop/hadoop-common/3.3.6/hadoop-common-3.3.6-tests.jar:/home/runner/.m2/repository/org/apache/hadoop/hadoop-hdfs/3.3.6/hadoop-hdfs-3.3.6-tests.jar:/home/runner/.m2/repository/org/junit/jupiter/junit-jupiter-engine/5.10.3/junit-jupiter-engine-5.10.3.jar:/home/runner/.m2/repository/org/junit/jupiter/junit-jupiter-params/5.10.3/junit-jupiter-params-5.10.3.jar:/home/runner/.m2/repository/org/mockito/mockito-core/4.11.0/mockito-core-4.11.0.jar:/home/runner/.m2/repository/net/bytebuddy/byte-buddy-agent/1.12.19/byte-buddy-agent-1.12.19.jar:/home/runner/.m2/repository/org/objenesis/objenesis/3.3/objenesis-3.3.jar:/home/runner/.m2/repository/org/mockito/mockito-inline/4.11.0/mockito-inline-4.11.0.jar:/home/runner/.m2/repository/org/mockito/mockito-junit-jupiter/4.11.0/mockito-junit-jupiter-4.11.0.jar:/home/runner/.m2/repository/org/apache/hadoop/hadoop-distcp/3.3.6/hadoop-distcp-3.3.6.jar:/home/runner/.m2/repository/org/apache/hadoop/hadoop-mapreduce-client-jobclient/3.3.6/hadoop-mapreduce-client-jobclient-3.3.6.jar:/home/runner/.m2/repository/org/apache/hadoop/hadoop-mapreduce-client-common/3.3.6/hadoop-mapreduce-client-common-3.3.6.jar:/home/runner/.m2/repository/org/apache/hadoop/hadoop-yarn-common/3.3.6/hadoop-yarn-common-3.3.6.jar:/home/runner/.m2/repository/org/apache/hadoop/hadoop-yarn-api/3.3.6/hadoop-yarn-api-3.3.6.jar:/home/runner/.m2/repository/javax/xml/bind/jaxb-api/2.2.11/jaxb-api-2.2.11.jar:/home/runner/.m2/repository/com/sun/jersey/contribs/jersey-guice/1.19.4/jersey-guice-1.19.4.jar:/home/runner/.m2/repository/com/fasterxml/jackson/jaxrs/jackson-jaxrs-json-provider/2.16.2/jackson-jaxrs-json-provider-2.16.2.jar:/home/runner/.m2/repository/com/fasterxml/jackson/jaxrs/jackson-jaxrs-base/2.16.2/jackson-jaxrs-base-2.16.2.jar:/home/runner/.m2/repository/org/apache/hadoop/hadoop-yarn-client/3.3.6/hadoop-yarn-client-3.3.6.jar:/home/runner/.m2/repository/org/eclipse/jetty/websocket/websocket-client/9.4.51.v20230217/websocket-client-9.4.51.v20230217.jar:/home/runner/.m2/repository/org/eclipse/jetty/websocket/websocket-common/9.4.51.v20230217/websocket-common-9.4.51.v20230217.jar:/home/runner/.m2/repository/org/eclipse/jetty/websocket/websocket-api/9.4.51.v20230217/websocket-api-9.4.51.v20230217.jar:/home/runner/.m2/repository/org/jline/jline/3.9.0/jline-3.9.0.jar:/home/runner/.m2/repository/org/apache/hadoop/hadoop-mapreduce-client-core/3.3.6/hadoop-mapreduce-client-core-3.3.6.jar:/home/runner/.m2/repository/org/apache/avro/avro/1.7.7/avro-1.7.7.jar:/home/runner/.m2/repository/com/thoughtworks/paranamer/paranamer/2.3/paranamer-2.3.jar:/home/runner/.m2/repository/org/apache/hadoop/hadoop-annotations/3.3.6/hadoop-annotations-3.3.6.jar:/home/runner/.m2/repository/io/netty/netty/3.10.6.Final/netty-3.10.6.Final.jar:/home/runner/.m2/repository/org/apache/hadoop/hadoop-distcp/3.3.6/hadoop-distcp-3.3.6-tests.jar:/home/runner/.m2/repository/org/apache/ratis/ratis-server/3.1.1/ratis-server-3.1.1.jar:/home/runner/.m2/repository/org/hamcrest/hamcrest/2.2/hamcrest-2.2.jar:/home/runner/.m2/repository/org/slf4j/jul-to-slf4j/2.0.16/jul-to-slf4j-2.0.16.jar:/home/runner/work/ozone/ozone/hadoop-ozone/integration-test/target/gradle-enterprise/test-listeners.jar:"/>
    <property name="java.vm.vendor" value="Eclipse Adoptium"/>
    <property name="sun.arch.data.model" value="64"/>
    <property name="test.build.dir" value="/home/runner/work/ozone/ozone/hadoop-ozone/integration-test/target/test-dir"/>
    <property name="test.cache.data" value=""/>
    <property name="java.vendor.url" value="https://adoptium.net/"/>
    <property name="user.timezone" value="Etc/UTC"/>
    <property name="maven-surefire-plugin.argLineAccessArgs" value=" --add-opens java.management/com.sun.jmx.mbeanserver=ALL-UNNAMED --add-exports java.management/com.sun.jmx.mbeanserver=ALL-UNNAMED --add-opens java.base/java.nio=ALL-UNNAMED --add-opens java.base/java.lang=ALL-UNNAMED --add-opens java.base/java.lang.reflect=ALL-UNNAMED"/>
    <property name="os.name" value="Linux"/>
    <property name="java.vm.specification.version" value="17"/>
    <property name="test.build.data" value="/home/runner/work/ozone/ozone/hadoop-ozone/integration-test/target/test-dir"/>
    <property name="sun.java.launcher" value="SUN_STANDARD"/>
    <property name="sun.boot.library.path" value="/usr/lib/jvm/temurin-17-jdk-amd64/lib"/>
    <property name="sun.java.command" value="/home/runner/work/ozone/ozone/hadoop-ozone/integration-test/target/surefire/surefirebooter9973155385077351073.jar /home/runner/work/ozone/ozone/hadoop-ozone/integration-test/target/surefire 2024-10-28T08-03-56_927-jvmRun1 surefire1733179892290252271tmp surefire_116088891279010187830tmp"/>
    <property name="jdk.debug" value="release"/>
    <property name="native.lib.tmp.dir" value="/tmp"/>
    <property name="surefire.test.class.path" value="/home/runner/work/ozone/ozone/hadoop-ozone/integration-test/target/test-classes:/home/runner/work/ozone/ozone/hadoop-ozone/integration-test/target/classes:/home/runner/work/ozone/ozone/hadoop-ozone/common/target/ozone-common-2.0.0-SNAPSHOT.jar:/home/runner/.m2/repository/io/grpc/grpc-netty/1.58.0/grpc-netty-1.58.0.jar:/home/runner/.m2/repository/io/grpc/grpc-core/1.58.0/grpc-core-1.58.0.jar:/home/runner/.m2/repository/com/google/android/annotations/4.1.1.4/annotations-4.1.1.4.jar:/home/runner/.m2/repository/org/codehaus/mojo/animal-sniffer-annotations/1.23/animal-sniffer-annotations-1.23.jar:/home/runner/.m2/repository/io/grpc/grpc-context/1.58.0/grpc-context-1.58.0.jar:/home/runner/.m2/repository/io/grpc/grpc-util/1.58.0/grpc-util-1.58.0.jar:/home/runner/.m2/repository/com/google/errorprone/error_prone_annotations/2.29.2/error_prone_annotations-2.29.2.jar:/home/runner/.m2/repository/io/perfmark/perfmark-api/0.26.0/perfmark-api-0.26.0.jar:/home/runner/.m2/repository/io/netty/netty-codec-http2/4.1.109.Final/netty-codec-http2-4.1.109.Final.jar:/home/runner/.m2/repository/io/netty/netty-codec-http/4.1.109.Final/netty-codec-http-4.1.109.Final.jar:/home/runner/.m2/repository/io/netty/netty-handler-proxy/4.1.109.Final/netty-handler-proxy-4.1.109.Final.jar:/home/runner/.m2/repository/io/netty/netty-codec-socks/4.1.109.Final/netty-codec-socks-4.1.109.Final.jar:/home/runner/.m2/repository/io/netty/netty-tcnative-boringssl-static/2.0.65.Final/netty-tcnative-boringssl-static-2.0.65.Final.jar:/home/runner/.m2/repository/io/netty/netty-tcnative-classes/2.0.65.Final/netty-tcnative-classes-2.0.65.Final.jar:/home/runner/.m2/repository/io/netty/netty-tcnative-boringssl-static/2.0.65.Final/netty-tcnative-boringssl-static-2.0.65.Final-linux-x86_64.jar:/home/runner/.m2/repository/io/netty/netty-tcnative-boringssl-static/2.0.65.Final/netty-tcnative-boringssl-static-2.0.65.Final-linux-aarch_64.jar:/home/runner/.m2/repository/io/netty/netty-tcnative-boringssl-static/2.0.65.Final/netty-tcnative-boringssl-static-2.0.65.Final-osx-x86_64.jar:/home/runner/.m2/repository/io/netty/netty-tcnative-boringssl-static/2.0.65.Final/netty-tcnative-boringssl-static-2.0.65.Final-osx-aarch_64.jar:/home/runner/.m2/repository/io/netty/netty-tcnative-boringssl-static/2.0.65.Final/netty-tcnative-boringssl-static-2.0.65.Final-windows-x86_64.jar:/home/runner/.m2/repository/org/apache/commons/commons-compress/1.27.1/commons-compress-1.27.1.jar:/home/runner/work/ozone/ozone/hadoop-hdds/common/target/hdds-common-2.0.0-SNAPSHOT.jar:/home/runner/work/ozone/ozone/hadoop-hdds/client/target/hdds-client-2.0.0-SNAPSHOT.jar:/home/runner/work/ozone/ozone/hadoop-hdds/config/target/hdds-config-2.0.0-SNAPSHOT.jar:/home/runner/work/ozone/ozone/hadoop-hdds/interface-client/target/hdds-interface-client-2.0.0-SNAPSHOT.jar:/home/runner/.m2/repository/org/apache/hadoop/thirdparty/hadoop-shaded-protobuf_3_7/1.1.1/hadoop-shaded-protobuf_3_7-1.1.1.jar:/home/runner/work/ozone/ozone/hadoop-ozone/interface-client/target/ozone-interface-client-2.0.0-SNAPSHOT.jar:/home/runner/.m2/repository/org/apache/hadoop/hadoop-hdfs-client/3.3.6/hadoop-hdfs-client-3.3.6.jar:/home/runner/.m2/repository/com/squareup/okhttp3/okhttp/4.12.0/okhttp-4.12.0.jar:/home/runner/.m2/repository/com/squareup/okio/okio/3.6.0/okio-3.6.0.jar:/home/runner/.m2/repository/com/squareup/okio/okio-jvm/3.6.0/okio-jvm-3.6.0.jar:/home/runner/.m2/repository/org/jetbrains/kotlin/kotlin-stdlib-jdk8/1.9.25/kotlin-stdlib-jdk8-1.9.25.jar:/home/runner/.m2/repository/org/jetbrains/kotlin/kotlin-stdlib-jdk7/1.9.25/kotlin-stdlib-jdk7-1.9.25.jar:/home/runner/.m2/repository/org/jetbrains/kotlin/kotlin-stdlib-common/1.9.25/kotlin-stdlib-common-1.9.25.jar:/home/runner/.m2/repository/org/apache/httpcomponents/httpclient/4.5.14/httpclient-4.5.14.jar:/home/runner/.m2/repository/org/apache/httpcomponents/httpcore/4.4.16/httpcore-4.4.16.jar:/home/runner/.m2/repository/org/apache/ratis/ratis-common/3.1.1/ratis-common-3.1.1.jar:/home/runner/.m2/repository/org/apache/ratis/ratis-proto/3.1.1/ratis-proto-3.1.1.jar:/home/runner/.m2/repository/org/apache/ratis/ratis-thirdparty-misc/1.0.6/ratis-thirdparty-misc-1.0.6.jar:/home/runner/.m2/repository/org/slf4j/slf4j-api/2.0.16/slf4j-api-2.0.16.jar:/home/runner/.m2/repository/com/fasterxml/jackson/core/jackson-annotations/2.16.2/jackson-annotations-2.16.2.jar:/home/runner/.m2/repository/com/fasterxml/jackson/core/jackson-databind/2.16.2/jackson-databind-2.16.2.jar:/home/runner/.m2/repository/com/github/stephenc/jcip/jcip-annotations/1.0-1/jcip-annotations-1.0-1.jar:/home/runner/.m2/repository/com/google/guava/guava/32.1.3-jre/guava-32.1.3-jre.jar:/home/runner/.m2/repository/com/google/guava/failureaccess/1.0.1/failureaccess-1.0.1.jar:/home/runner/.m2/repository/com/google/guava/listenablefuture/9999.0-empty-to-avoid-conflict-with-guava/listenablefuture-9999.0-empty-to-avoid-conflict-with-guava.jar:/home/runner/.m2/repository/org/checkerframework/checker-qual/3.37.0/checker-qual-3.37.0.jar:/home/runner/.m2/repository/com/google/j2objc/j2objc-annotations/2.8/j2objc-annotations-2.8.jar:/home/runner/.m2/repository/com/google/protobuf/protobuf-java/2.5.0/protobuf-java-2.5.0.jar:/home/runner/.m2/repository/io/grpc/grpc-api/1.58.0/grpc-api-1.58.0.jar:/home/runner/.m2/repository/io/grpc/grpc-stub/1.58.0/grpc-stub-1.58.0.jar:/home/runner/.m2/repository/io/netty/netty-common/4.1.109.Final/netty-common-4.1.109.Final.jar:/home/runner/.m2/repository/io/netty/netty-handler/4.1.109.Final/netty-handler-4.1.109.Final.jar:/home/runner/.m2/repository/io/netty/netty-resolver/4.1.109.Final/netty-resolver-4.1.109.Final.jar:/home/runner/.m2/repository/jakarta/annotation/jakarta.annotation-api/2.1.1/jakarta.annotation-api-2.1.1.jar:/home/runner/work/ozone/ozone/hadoop-hdds/test-utils/target/hdds-test-utils-2.0.0-SNAPSHOT.jar:/home/runner/.m2/repository/org/assertj/assertj-core/3.26.3/assertj-core-3.26.3.jar:/home/runner/.m2/repository/net/bytebuddy/byte-buddy/1.14.18/byte-buddy-1.14.18.jar:/home/runner/.m2/repository/commons-io/commons-io/2.17.0/commons-io-2.17.0.jar:/home/runner/.m2/repository/commons-logging/commons-logging/1.2/commons-logging-1.2.jar:/home/runner/.m2/repository/org/junit/jupiter/junit-jupiter-api/5.10.3/junit-jupiter-api-5.10.3.jar:/home/runner/.m2/repository/org/opentest4j/opentest4j/1.3.0/opentest4j-1.3.0.jar:/home/runner/.m2/repository/org/junit/platform/junit-platform-commons/1.10.3/junit-platform-commons-1.10.3.jar:/home/runner/.m2/repository/ch/qos/reload4j/reload4j/1.2.25/reload4j-1.2.25.jar:/home/runner/.m2/repository/org/apache/logging/log4j/log4j-api/2.24.1/log4j-api-2.24.1.jar:/home/runner/work/ozone/ozone/hadoop-hdds/server-scm/target/hdds-server-scm-2.0.0-SNAPSHOT.jar:/home/runner/work/ozone/ozone/hadoop-hdds/container-service/target/hdds-container-service-2.0.0-SNAPSHOT.jar:/home/runner/work/ozone/ozone/hadoop-hdds/hadoop-dependency-server/target/hdds-hadoop-dependency-server-2.0.0-SNAPSHOT.jar:/home/runner/.m2/repository/com/nimbusds/nimbus-jose-jwt/9.40/nimbus-jose-jwt-9.40.jar:/home/runner/.m2/repository/org/apache/hadoop/hadoop-hdfs/3.3.6/hadoop-hdfs-3.3.6.jar:/home/runner/.m2/repository/commons-daemon/commons-daemon/1.4.0/commons-daemon-1.4.0.jar:/home/runner/.m2/repository/org/apache/kerby/kerb-core/1.0.1/kerb-core-1.0.1.jar:/home/runner/.m2/repository/org/apache/kerby/kerby-pkix/1.0.1/kerby-pkix-1.0.1.jar:/home/runner/.m2/repository/org/apache/kerby/kerby-asn1/1.0.1/kerby-asn1-1.0.1.jar:/home/runner/.m2/repository/org/apache/kerby/kerb-util/1.0.1/kerb-util-1.0.1.jar:/home/runner/.m2/repository/org/apache/kerby/kerby-config/1.0.1/kerby-config-1.0.1.jar:/home/runner/.m2/repository/org/apache/kerby/kerb-crypto/1.0.1/kerb-crypto-1.0.1.jar:/home/runner/.m2/repository/org/xerial/snappy/snappy-java/1.1.10.7/snappy-java-1.1.10.7.jar:/home/runner/work/ozone/ozone/hadoop-hdds/interface-admin/target/hdds-interface-admin-2.0.0-SNAPSHOT.jar:/home/runner/work/ozone/ozone/hadoop-hdds/interface-server/target/hdds-interface-server-2.0.0-SNAPSHOT.jar:/home/runner/work/ozone/ozone/hadoop-hdds/framework/target/hdds-server-framework-2.0.0-SNAPSHOT.jar:/home/runner/.m2/repository/org/apache/ratis/ratis-client/3.1.1/ratis-client-3.1.1.jar:/home/runner/.m2/repository/org/apache/ratis/ratis-grpc/3.1.1/ratis-grpc-3.1.1.jar:/home/runner/.m2/repository/org/apache/ratis/ratis-netty/3.1.1/ratis-netty-3.1.1.jar:/home/runner/.m2/repository/org/apache/ratis/ratis-server-api/3.1.1/ratis-server-api-3.1.1.jar:/home/runner/.m2/repository/org/bouncycastle/bcpkix-jdk18on/1.78.1/bcpkix-jdk18on-1.78.1.jar:/home/runner/.m2/repository/org/bouncycastle/bcprov-jdk18on/1.78.1/bcprov-jdk18on-1.78.1.jar:/home/runner/.m2/repository/io/dropwizard/metrics/metrics-core/3.2.6/metrics-core-3.2.6.jar:/home/runner/.m2/repository/org/apache/commons/commons-text/1.12.0/commons-text-1.12.0.jar:/home/runner/.m2/repository/org/eclipse/jetty/jetty-webapp/9.4.56.v20240826/jetty-webapp-9.4.56.v20240826.jar:/home/runner/.m2/repository/org/eclipse/jetty/jetty-xml/9.4.56.v20240826/jetty-xml-9.4.56.v20240826.jar:/home/runner/.m2/repository/com/fasterxml/jackson/core/jackson-core/2.16.2/jackson-core-2.16.2.jar:/home/runner/.m2/repository/info/picocli/picocli/4.7.5/picocli-4.7.5.jar:/home/runner/.m2/repository/javax/servlet/javax.servlet-api/3.1.0/javax.servlet-api-3.1.0.jar:/home/runner/.m2/repository/commons-collections/commons-collections/3.2.2/commons-collections-3.2.2.jar:/home/runner/work/ozone/ozone/hadoop-hdds/framework/target/hdds-server-framework-2.0.0-SNAPSHOT-tests.jar:/home/runner/work/ozone/ozone/hadoop-hdds/managed-rocksdb/target/hdds-managed-rocksdb-2.0.0-SNAPSHOT.jar:/home/runner/.m2/repository/org/slf4j/slf4j-reload4j/2.0.16/slf4j-reload4j-2.0.16.jar:/home/runner/.m2/repository/org/apache/commons/commons-configuration2/2.11.0/commons-configuration2-2.11.0.jar:/home/runner/.m2/repository/commons-codec/commons-codec/1.17.1/commons-codec-1.17.1.jar:/home/runner/.m2/repository/commons-fileupload/commons-fileupload/1.5/commons-fileupload-1.5.jar:/home/runner/.m2/repository/commons-validator/commons-validator/1.6/commons-validator-1.6.jar:/home/runner/.m2/repository/commons-beanutils/commons-beanutils/1.9.4/commons-beanutils-1.9.4.jar:/home/runner/.m2/repository/commons-digester/commons-digester/1.8.1/commons-digester-1.8.1.jar:/home/runner/.m2/repository/org/apache/logging/log4j/log4j-core/2.24.1/log4j-core-2.24.1.jar:/home/runner/.m2/repository/com/lmax/disruptor/3.4.4/disruptor-3.4.4.jar:/home/runner/.m2/repository/org/eclipse/jetty/jetty-http/9.4.56.v20240826/jetty-http-9.4.56.v20240826.jar:/home/runner/.m2/repository/org/eclipse/jetty/jetty-io/9.4.56.v20240826/jetty-io-9.4.56.v20240826.jar:/home/runner/.m2/repository/org/eclipse/jetty/jetty-util/9.4.56.v20240826/jetty-util-9.4.56.v20240826.jar:/home/runner/.m2/repository/org/eclipse/jetty/jetty-server/9.4.56.v20240826/jetty-server-9.4.56.v20240826.jar:/home/runner/.m2/repository/org/eclipse/jetty/jetty-servlet/9.4.56.v20240826/jetty-servlet-9.4.56.v20240826.jar:/home/runner/.m2/repository/org/eclipse/jetty/jetty-security/9.4.56.v20240826/jetty-security-9.4.56.v20240826.jar:/home/runner/.m2/repository/org/eclipse/jetty/jetty-util-ajax/9.4.56.v20240826/jetty-util-ajax-9.4.56.v20240826.jar:/home/runner/.m2/repository/org/glassfish/jersey/core/jersey-server/2.45/jersey-server-2.45.jar:/home/runner/.m2/repository/org/glassfish/jersey/core/jersey-client/2.45/jersey-client-2.45.jar:/home/runner/.m2/repository/org/glassfish/jersey/containers/jersey-container-servlet-core/2.45/jersey-container-servlet-core-2.45.jar:/home/runner/.m2/repository/org/rocksdb/rocksdbjni/7.7.3/rocksdbjni-7.7.3.jar:/home/runner/.m2/repository/org/apache/ratis/ratis-metrics-api/3.1.1/ratis-metrics-api-3.1.1.jar:/home/runner/.m2/repository/org/apache/ratis/ratis-metrics-dropwizard3/3.1.1/ratis-metrics-dropwizard3-3.1.1.jar:/home/runner/.m2/repository/io/opentracing/opentracing-api/0.33.0/opentracing-api-0.33.0.jar:/home/runner/.m2/repository/io/prometheus/simpleclient/0.16.0/simpleclient-0.16.0.jar:/home/runner/.m2/repository/io/prometheus/simpleclient_dropwizard/0.16.0/simpleclient_dropwizard-0.16.0.jar:/home/runner/.m2/repository/io/prometheus/simpleclient_common/0.16.0/simpleclient_common-0.16.0.jar:/home/runner/.m2/repository/com/fasterxml/jackson/datatype/jackson-datatype-jsr310/2.16.2/jackson-datatype-jsr310-2.16.2.jar:/home/runner/.m2/repository/com/github/jnr/jnr-constants/0.10.4/jnr-constants-0.10.4.jar:/home/runner/.m2/repository/com/github/jnr/jnr-posix/3.1.20/jnr-posix-3.1.20.jar:/home/runner/.m2/repository/com/github/jnr/jnr-ffi/2.2.17/jnr-ffi-2.2.17.jar:/home/runner/.m2/repository/com/github/jnr/jffi/1.3.13/jffi-1.3.13.jar:/home/runner/.m2/repository/com/github/jnr/jffi/1.3.13/jffi-1.3.13-native.jar:/home/runner/.m2/repository/org/ow2/asm/asm/9.7.1/asm-9.7.1.jar:/home/runner/.m2/repository/org/ow2/asm/asm-commons/9.7.1/asm-commons-9.7.1.jar:/home/runner/.m2/repository/org/ow2/asm/asm-analysis/9.7.1/asm-analysis-9.7.1.jar:/home/runner/.m2/repository/org/ow2/asm/asm-tree/9.7.1/asm-tree-9.7.1.jar:/home/runner/.m2/repository/org/ow2/asm/asm-util/9.7.1/asm-util-9.7.1.jar:/home/runner/.m2/repository/com/github/jnr/jnr-a64asm/1.0.0/jnr-a64asm-1.0.0.jar:/home/runner/.m2/repository/com/github/jnr/jnr-x86asm/1.0.2/jnr-x86asm-1.0.2.jar:/home/runner/.m2/repository/com/google/code/gson/gson/2.10.1/gson-2.10.1.jar:/home/runner/work/ozone/ozone/hadoop-hdds/rocksdb-checkpoint-differ/target/rocksdb-checkpoint-differ-2.0.0-SNAPSHOT.jar:/home/runner/.m2/repository/org/jgrapht/jgrapht-core/1.4.0/jgrapht-core-1.4.0.jar:/home/runner/.m2/repository/org/jheaps/jheaps/0.11/jheaps-0.11.jar:/home/runner/.m2/repository/org/jgrapht/jgrapht-ext/1.4.0/jgrapht-ext-1.4.0.jar:/home/runner/.m2/repository/com/github/vlsi/mxgraph/jgraphx/3.9.12/jgraphx-3.9.12.jar:/home/runner/.m2/repository/jakarta/ws/rs/jakarta.ws.rs-api/2.1.6/jakarta.ws.rs-api-2.1.6.jar:/home/runner/work/ozone/ozone/hadoop-ozone/ozone-manager/target/ozone-manager-2.0.0-SNAPSHOT.jar:/home/runner/.m2/repository/org/aspectj/aspectjrt/1.9.7/aspectjrt-1.9.7.jar:/home/runner/.m2/repository/org/aspectj/aspectjweaver/1.9.7/aspectjweaver-1.9.7.jar:/home/runner/work/ozone/ozone/hadoop-ozone/interface-storage/target/ozone-interface-storage-2.0.0-SNAPSHOT.jar:/home/runner/.m2/repository/org/apache/kerby/kerby-util/1.0.1/kerby-util-1.0.1.jar:/home/runner/.m2/repository/io/netty/netty-transport/4.1.109.Final/netty-transport-4.1.109.Final.jar:/home/runner/.m2/repository/org/reflections/reflections/0.10.2/reflections-0.10.2.jar:/home/runner/.m2/repository/com/sun/jersey/jersey-client/1.19.4/jersey-client-1.19.4.jar:/home/runner/.m2/repository/jakarta/xml/bind/jakarta.xml.bind-api/2.3.3/jakarta.xml.bind-api-2.3.3.jar:/home/runner/.m2/repository/org/codehaus/jackson/jackson-core-asl/1.9.13/jackson-core-asl-1.9.13.jar:/home/runner/.m2/repository/org/codehaus/jackson/jackson-mapper-asl/1.9.13/jackson-mapper-asl-1.9.13.jar:/home/runner/.m2/repository/org/codehaus/jackson/jackson-jaxrs/1.9.13/jackson-jaxrs-1.9.13.jar:/home/runner/.m2/repository/org/apache/ranger/ranger-plugins-common/2.3.0/ranger-plugins-common-2.3.0.jar:/home/runner/.m2/repository/commons-lang/commons-lang/2.6/commons-lang-2.6.jar:/home/runner/.m2/repository/org/apache/ranger/ranger-plugins-cred/2.3.0/ranger-plugins-cred-2.3.0.jar:/home/runner/.m2/repository/org/apache/ranger/ranger-plugins-audit/2.3.0/ranger-plugins-audit-2.3.0.jar:/home/runner/.m2/repository/org/eclipse/jetty/jetty-client/9.4.56.v20240826/jetty-client-9.4.56.v20240826.jar:/home/runner/.m2/repository/org/apache/httpcomponents/httpmime/4.5.6/httpmime-4.5.6.jar:/home/runner/.m2/repository/org/apache/httpcomponents/httpcore-nio/4.4.16/httpcore-nio-4.4.16.jar:/home/runner/.m2/repository/org/apache/httpcomponents/httpasyncclient/4.1.3/httpasyncclient-4.1.3.jar:/home/runner/.m2/repository/com/carrotsearch/hppc/0.8.0/hppc-0.8.0.jar:/home/runner/.m2/repository/org/apache/orc/orc-core/1.5.8/orc-core-1.5.8.jar:/home/runner/.m2/repository/net/java/dev/jna/jna/5.2.0/jna-5.2.0.jar:/home/runner/.m2/repository/net/java/dev/jna/jna-platform/5.2.0/jna-platform-5.2.0.jar:/home/runner/.m2/repository/com/kstruct/gethostname4j/0.0.2/gethostname4j-0.0.2.jar:/home/runner/.m2/repository/org/apache/ranger/ranger-plugin-classloader/2.3.0/ranger-plugin-classloader-2.3.0.jar:/home/runner/.m2/repository/org/apache/ranger/ranger-intg/2.3.0/ranger-intg-2.3.0.jar:/home/runner/work/ozone/ozone/hadoop-hdds/rocks-native/target/hdds-rocks-native-2.0.0-SNAPSHOT.jar:/home/runner/.m2/repository/org/apache/hadoop/hadoop-minikdc/3.3.6/hadoop-minikdc-3.3.6.jar:/home/runner/.m2/repository/org/apache/kerby/kerb-simplekdc/1.0.1/kerb-simplekdc-1.0.1.jar:/home/runner/.m2/repository/org/apache/kerby/kerb-client/1.0.1/kerb-client-1.0.1.jar:/home/runner/.m2/repository/org/apache/kerby/kerb-common/1.0.1/kerb-common-1.0.1.jar:/home/runner/.m2/repository/org/apache/kerby/token-provider/1.0.1/token-provider-1.0.1.jar:/home/runner/.m2/repository/org/apache/kerby/kerb-admin/1.0.1/kerb-admin-1.0.1.jar:/home/runner/.m2/repository/org/apache/kerby/kerb-server/1.0.1/kerb-server-1.0.1.jar:/home/runner/.m2/repository/org/apache/kerby/kerb-identity/1.0.1/kerb-identity-1.0.1.jar:/home/runner/.m2/repository/org/apache/kerby/kerby-xdr/1.0.1/kerby-xdr-1.0.1.jar:/home/runner/.m2/repository/junit/junit/4.13.2/junit-4.13.2.jar:/home/runner/.m2/repository/org/hamcrest/hamcrest-core/1.3/hamcrest-core-1.3.jar:/home/runner/work/ozone/ozone/hadoop-ozone/s3gateway/target/ozone-s3gateway-2.0.0-SNAPSHOT.jar:/home/runner/.m2/repository/org/javassist/javassist/3.30.2-GA/javassist-3.30.2-GA.jar:/home/runner/.m2/repository/org/jboss/weld/servlet/weld-servlet-shaded/3.1.9.Final/weld-servlet-shaded-3.1.9.Final.jar:/home/runner/.m2/repository/org/glassfish/jersey/core/jersey-common/2.45/jersey-common-2.45.jar:/home/runner/.m2/repository/org/glassfish/hk2/osgi-resource-locator/1.0.3/osgi-resource-locator-1.0.3.jar:/home/runner/.m2/repository/org/glassfish/jersey/ext/cdi/jersey-cdi1x/2.45/jersey-cdi1x-2.45.jar:/home/runner/.m2/repository/org/glassfish/jersey/inject/jersey-hk2/2.45/jersey-hk2-2.45.jar:/home/runner/.m2/repository/org/glassfish/hk2/hk2-locator/2.6.1/hk2-locator-2.6.1.jar:/home/runner/.m2/repository/org/glassfish/jersey/media/jersey-media-jaxb/2.45/jersey-media-jaxb-2.45.jar:/home/runner/.m2/repository/org/glassfish/hk2/hk2-api/2.6.1/hk2-api-2.6.1.jar:/home/runner/.m2/repository/org/glassfish/hk2/hk2-utils/2.6.1/hk2-utils-2.6.1.jar:/home/runner/.m2/repository/org/glassfish/hk2/external/aopalliance-repackaged/2.6.1/aopalliance-repackaged-2.6.1.jar:/home/runner/.m2/repository/com/fasterxml/jackson/dataformat/jackson-dataformat-xml/2.16.2/jackson-dataformat-xml-2.16.2.jar:/home/runner/.m2/repository/org/codehaus/woodstox/stax2-api/4.2.2/stax2-api-4.2.2.jar:/home/runner/.m2/repository/com/fasterxml/woodstox/woodstox-core/5.4.0/woodstox-core-5.4.0.jar:/home/runner/.m2/repository/com/fasterxml/jackson/module/jackson-module-jaxb-annotations/2.16.2/jackson-module-jaxb-annotations-2.16.2.jar:/home/runner/.m2/repository/javax/annotation/javax.annotation-api/1.3.2/javax.annotation-api-1.3.2.jar:/home/runner/.m2/repository/javax/enterprise/cdi-api/2.0/cdi-api-2.0.jar:/home/runner/.m2/repository/javax/el/javax.el-api/3.0.0/javax.el-api-3.0.0.jar:/home/runner/.m2/repository/javax/interceptor/javax.interceptor-api/1.2/javax.interceptor-api-1.2.jar:/home/runner/.m2/repository/org/glassfish/jaxb/jaxb-runtime/2.3.9/jaxb-runtime-2.3.9.jar:/home/runner/.m2/repository/org/glassfish/jaxb/txw2/2.3.9/txw2-2.3.9.jar:/home/runner/.m2/repository/com/sun/istack/istack-commons-runtime/3.0.12/istack-commons-runtime-3.0.12.jar:/home/runner/.m2/repository/com/sun/activation/jakarta.activation/1.2.2/jakarta.activation-1.2.2.jar:/home/runner/.m2/repository/jakarta/activation/jakarta.activation-api/1.2.2/jakarta.activation-api-1.2.2.jar:/home/runner/.m2/repository/io/grpc/grpc-protobuf/1.58.0/grpc-protobuf-1.58.0.jar:/home/runner/.m2/repository/com/google/api/grpc/proto-google-common-protos/2.22.0/proto-google-common-protos-2.22.0.jar:/home/runner/.m2/repository/io/grpc/grpc-protobuf-lite/1.58.0/grpc-protobuf-lite-1.58.0.jar:/home/runner/.m2/repository/io/opentracing/opentracing-noop/0.33.0/opentracing-noop-0.33.0.jar:/home/runner/.m2/repository/io/opentracing/opentracing-util/0.33.0/opentracing-util-0.33.0.jar:/home/runner/work/ozone/ozone/hadoop-ozone/csi/target/ozone-csi-2.0.0-SNAPSHOT.jar:/home/runner/.m2/repository/com/google/protobuf/protobuf-java-util/3.19.6/protobuf-java-util-3.19.6.jar:/home/runner/.m2/repository/io/netty/netty-transport-classes-epoll/4.1.109.Final/netty-transport-classes-epoll-4.1.109.Final.jar:/home/runner/.m2/repository/io/netty/netty-transport-native-epoll/4.1.109.Final/netty-transport-native-epoll-4.1.109.Final-linux-x86_64.jar:/home/runner/.m2/repository/io/netty/netty-transport-native-unix-common/4.1.109.Final/netty-transport-native-unix-common-4.1.109.Final.jar:/home/runner/work/ozone/ozone/hadoop-ozone/recon/target/ozone-recon-2.0.0-SNAPSHOT.jar:/home/runner/work/ozone/ozone/hadoop-ozone/recon-codegen/target/ozone-reconcodegen-2.0.0-SNAPSHOT.jar:/home/runner/.m2/repository/aopalliance/aopalliance/1.0/aopalliance-1.0.jar:/home/runner/.m2/repository/com/google/inject/guice/6.0.0/guice-6.0.0.jar:/home/runner/.m2/repository/jakarta/inject/jakarta.inject-api/2.0.1/jakarta.inject-api-2.0.1.jar:/home/runner/.m2/repository/com/google/inject/extensions/guice-assistedinject/6.0.0/guice-assistedinject-6.0.0.jar:/home/runner/.m2/repository/com/google/inject/extensions/guice-servlet/6.0.0/guice-servlet-6.0.0.jar:/home/runner/.m2/repository/org/glassfish/jersey/containers/jersey-container-servlet/2.45/jersey-container-servlet-2.45.jar:/home/runner/.m2/repository/org/glassfish/hk2/guice-bridge/2.6.1/guice-bridge-2.6.1.jar:/home/runner/.m2/repository/org/glassfish/hk2/external/jakarta.inject/2.6.1/jakarta.inject-2.6.1.jar:/home/runner/.m2/repository/org/glassfish/jersey/media/jersey-media-json-jackson/2.45/jersey-media-json-jackson-2.45.jar:/home/runner/.m2/repository/org/glassfish/jersey/ext/jersey-entity-filtering/2.45/jersey-entity-filtering-2.45.jar:/home/runner/.m2/repository/org/jooq/jooq/3.11.10/jooq-3.11.10.jar:/home/runner/.m2/repository/org/jooq/jooq-meta/3.11.10/jooq-meta-3.11.10.jar:/home/runner/.m2/repository/org/jooq/jooq-codegen/3.11.10/jooq-codegen-3.11.10.jar:/home/runner/.m2/repository/com/jolbox/bonecp/0.8.0.RELEASE/bonecp-0.8.0.RELEASE.jar:/home/runner/.m2/repository/org/apache/derby/derby/10.14.2.0/derby-10.14.2.0.jar:/home/runner/.m2/repository/org/xerial/sqlite-jdbc/3.46.1.3/sqlite-jdbc-3.46.1.3.jar:/home/runner/.m2/repository/org/springframework/spring-core/5.3.39/spring-core-5.3.39.jar:/home/runner/.m2/repository/org/springframework/spring-jdbc/5.3.39/spring-jdbc-5.3.39.jar:/home/runner/.m2/repository/org/springframework/spring-beans/5.3.39/spring-beans-5.3.39.jar:/home/runner/.m2/repository/org/springframework/spring-tx/5.3.39/spring-tx-5.3.39.jar:/home/runner/.m2/repository/jakarta/validation/jakarta.validation-api/2.0.2/jakarta.validation-api-2.0.2.jar:/home/runner/.m2/repository/javax/inject/javax.inject/1/javax.inject-1.jar:/home/runner/work/ozone/ozone/hadoop-ozone/client/target/ozone-client-2.0.0-SNAPSHOT.jar:/home/runner/work/ozone/ozone/hadoop-hdds/erasurecode/target/hdds-erasurecode-2.0.0-SNAPSHOT.jar:/home/runner/work/ozone/ozone/hadoop-ozone/ozonefs/target/ozone-filesystem-2.0.0-SNAPSHOT.jar:/home/runner/work/ozone/ozone/hadoop-ozone/ozonefs-common/target/ozone-filesystem-common-2.0.0-SNAPSHOT.jar:/home/runner/work/ozone/ozone/hadoop-ozone/tools/target/ozone-tools-2.0.0-SNAPSHOT.jar:/home/runner/.m2/repository/org/apache/ratis/ratis-tools/3.1.1/ratis-tools-3.1.1.jar:/home/runner/.m2/repository/org/apache/ratis/ratis-shell/3.1.1/ratis-shell-3.1.1.jar:/home/runner/.m2/repository/com/amazonaws/aws-java-sdk-core/1.12.661/aws-java-sdk-core-1.12.661.jar:/home/runner/.m2/repository/com/fasterxml/jackson/dataformat/jackson-dataformat-cbor/2.16.2/jackson-dataformat-cbor-2.16.2.jar:/home/runner/.m2/repository/joda-time/joda-time/2.12.7/joda-time-2.12.7.jar:/home/runner/.m2/repository/com/amazonaws/aws-java-sdk-s3/1.12.661/aws-java-sdk-s3-1.12.661.jar:/home/runner/.m2/repository/com/amazonaws/aws-java-sdk-kms/1.12.661/aws-java-sdk-kms-1.12.661.jar:/home/runner/.m2/repository/com/amazonaws/jmespath-java/1.12.661/jmespath-java-1.12.661.jar:/home/runner/.m2/repository/org/kohsuke/metainf-services/metainf-services/1.11/metainf-services-1.11.jar:/home/runner/work/ozone/ozone/hadoop-hdds/tools/target/hdds-tools-2.0.0-SNAPSHOT.jar:/home/runner/.m2/repository/commons-cli/commons-cli/1.8.0/commons-cli-1.8.0.jar:/home/runner/.m2/repository/org/apache/commons/commons-lang3/3.14.0/commons-lang3-3.14.0.jar:/home/runner/work/ozone/ozone/hadoop-ozone/ozone-manager/target/ozone-manager-2.0.0-SNAPSHOT-tests.jar:/home/runner/work/ozone/ozone/hadoop-hdds/common/target/hdds-common-2.0.0-SNAPSHOT-tests.jar:/home/runner/work/ozone/ozone/hadoop-hdds/hadoop-dependency-client/target/hdds-hadoop-dependency-client-2.0.0-SNAPSHOT.jar:/home/runner/work/ozone/ozone/hadoop-hdds/annotations/target/hdds-annotation-processing-2.0.0-SNAPSHOT.jar:/home/runner/.m2/repository/org/bouncycastle/bcutil-jdk18on/1.78.1/bcutil-jdk18on-1.78.1.jar:/home/runner/.m2/repository/io/jaegertracing/jaeger-client/1.8.1/jaeger-client-1.8.1.jar:/home/runner/.m2/repository/io/jaegertracing/jaeger-thrift/1.8.1/jaeger-thrift-1.8.1.jar:/home/runner/.m2/repository/org/apache/thrift/libthrift/0.15.0/libthrift-0.15.0.jar:/home/runner/.m2/repository/io/jaegertracing/jaeger-tracerresolver/1.8.1/jaeger-tracerresolver-1.8.1.jar:/home/runner/.m2/repository/io/opentracing/contrib/opentracing-tracerresolver/0.1.8/opentracing-tracerresolver-0.1.8.jar:/home/runner/.m2/repository/io/jaegertracing/jaeger-core/1.8.1/jaeger-core-1.8.1.jar:/home/runner/.m2/repository/org/jetbrains/kotlin/kotlin-stdlib/1.9.25/kotlin-stdlib-1.9.25.jar:/home/runner/.m2/repository/org/jetbrains/annotations/13.0/annotations-13.0.jar:/home/runner/.m2/repository/org/yaml/snakeyaml/2.0/snakeyaml-2.0.jar:/home/runner/.m2/repository/org/junit/platform/junit-platform-launcher/1.10.3/junit-platform-launcher-1.10.3.jar:/home/runner/.m2/repository/org/junit/platform/junit-platform-engine/1.10.3/junit-platform-engine-1.10.3.jar:/home/runner/.m2/repository/org/apiguardian/apiguardian-api/1.1.2/apiguardian-api-1.1.2.jar:/home/runner/.m2/repository/org/apache/hadoop/hadoop-kms/3.3.6/hadoop-kms-3.3.6.jar:/home/runner/.m2/repository/org/apache/hadoop/hadoop-auth/3.3.6/hadoop-auth-3.3.6.jar:/home/runner/.m2/repository/org/apache/zookeeper/zookeeper/3.8.4/zookeeper-3.8.4.jar:/home/runner/.m2/repository/org/apache/zookeeper/zookeeper-jute/3.8.4/zookeeper-jute-3.8.4.jar:/home/runner/.m2/repository/org/apache/yetus/audience-annotations/0.12.0/audience-annotations-0.12.0.jar:/home/runner/.m2/repository/org/apache/curator/curator-framework/4.2.0/curator-framework-4.2.0.jar:/home/runner/.m2/repository/org/apache/hadoop/thirdparty/hadoop-shaded-guava/1.2.0/hadoop-shaded-guava-1.2.0.jar:/home/runner/.m2/repository/com/sun/jersey/jersey-core/1.19.4/jersey-core-1.19.4.jar:/home/runner/.m2/repository/javax/ws/rs/jsr311-api/1.1.1/jsr311-api-1.1.1.jar:/home/runner/.m2/repository/com/sun/jersey/jersey-server/1.19.4/jersey-server-1.19.4.jar:/home/runner/.m2/repository/org/apache/hadoop/hadoop-common/3.3.6/hadoop-common-3.3.6.jar:/home/runner/.m2/repository/org/apache/commons/commons-math3/3.6.1/commons-math3-3.6.1.jar:/home/runner/.m2/repository/commons-net/commons-net/3.11.1/commons-net-3.11.1.jar:/home/runner/.m2/repository/com/github/pjfanning/jersey-json/1.20/jersey-json-1.20.jar:/home/runner/.m2/repository/org/codehaus/jettison/jettison/1.1/jettison-1.1.jar:/home/runner/.m2/repository/com/sun/xml/bind/jaxb-impl/2.2.3-1/jaxb-impl-2.2.3-1.jar:/home/runner/.m2/repository/com/google/re2j/re2j/1.7/re2j-1.7.jar:/home/runner/.m2/repository/com/jcraft/jsch/0.1.55/jsch-0.1.55.jar:/home/runner/.m2/repository/org/apache/curator/curator-client/4.2.0/curator-client-4.2.0.jar:/home/runner/.m2/repository/org/apache/curator/curator-recipes/5.2.0/curator-recipes-5.2.0.jar:/home/runner/.m2/repository/com/google/code/findbugs/jsr305/3.0.2/jsr305-3.0.2.jar:/home/runner/.m2/repository/dnsjava/dnsjava/2.1.9/dnsjava-2.1.9.jar:/home/runner/.m2/repository/org/apache/hadoop/hadoop-kms/3.3.6/hadoop-kms-3.3.6-tests.jar:/home/runner/work/ozone/ozone/hadoop-hdds/server-scm/target/hdds-server-scm-2.0.0-SNAPSHOT-tests.jar:/home/runner/work/ozone/ozone/hadoop-hdds/container-service/target/hdds-container-service-2.0.0-SNAPSHOT-tests.jar:/home/runner/.m2/repository/com/github/luben/zstd-jni/1.5.6-4/zstd-jni-1.5.6-4.jar:/home/runner/.m2/repository/io/netty/netty-buffer/4.1.109.Final/netty-buffer-4.1.109.Final.jar:/home/runner/.m2/repository/io/netty/netty-codec/4.1.109.Final/netty-codec-4.1.109.Final.jar:/home/runner/work/ozone/ozone/hadoop-hdds/hadoop-dependency-test/target/hdds-hadoop-dependency-test-2.0.0-SNAPSHOT.jar:/home/runner/.m2/repository/org/apache/hadoop/hadoop-common/3.3.6/hadoop-common-3.3.6-tests.jar:/home/runner/.m2/repository/org/apache/hadoop/hadoop-hdfs/3.3.6/hadoop-hdfs-3.3.6-tests.jar:/home/runner/.m2/repository/org/junit/jupiter/junit-jupiter-engine/5.10.3/junit-jupiter-engine-5.10.3.jar:/home/runner/.m2/repository/org/junit/jupiter/junit-jupiter-params/5.10.3/junit-jupiter-params-5.10.3.jar:/home/runner/.m2/repository/org/mockito/mockito-core/4.11.0/mockito-core-4.11.0.jar:/home/runner/.m2/repository/net/bytebuddy/byte-buddy-agent/1.12.19/byte-buddy-agent-1.12.19.jar:/home/runner/.m2/repository/org/objenesis/objenesis/3.3/objenesis-3.3.jar:/home/runner/.m2/repository/org/mockito/mockito-inline/4.11.0/mockito-inline-4.11.0.jar:/home/runner/.m2/repository/org/mockito/mockito-junit-jupiter/4.11.0/mockito-junit-jupiter-4.11.0.jar:/home/runner/.m2/repository/org/apache/hadoop/hadoop-distcp/3.3.6/hadoop-distcp-3.3.6.jar:/home/runner/.m2/repository/org/apache/hadoop/hadoop-mapreduce-client-jobclient/3.3.6/hadoop-mapreduce-client-jobclient-3.3.6.jar:/home/runner/.m2/repository/org/apache/hadoop/hadoop-mapreduce-client-common/3.3.6/hadoop-mapreduce-client-common-3.3.6.jar:/home/runner/.m2/repository/org/apache/hadoop/hadoop-yarn-common/3.3.6/hadoop-yarn-common-3.3.6.jar:/home/runner/.m2/repository/org/apache/hadoop/hadoop-yarn-api/3.3.6/hadoop-yarn-api-3.3.6.jar:/home/runner/.m2/repository/javax/xml/bind/jaxb-api/2.2.11/jaxb-api-2.2.11.jar:/home/runner/.m2/repository/com/sun/jersey/contribs/jersey-guice/1.19.4/jersey-guice-1.19.4.jar:/home/runner/.m2/repository/com/fasterxml/jackson/jaxrs/jackson-jaxrs-json-provider/2.16.2/jackson-jaxrs-json-provider-2.16.2.jar:/home/runner/.m2/repository/com/fasterxml/jackson/jaxrs/jackson-jaxrs-base/2.16.2/jackson-jaxrs-base-2.16.2.jar:/home/runner/.m2/repository/org/apache/hadoop/hadoop-yarn-client/3.3.6/hadoop-yarn-client-3.3.6.jar:/home/runner/.m2/repository/org/eclipse/jetty/websocket/websocket-client/9.4.51.v20230217/websocket-client-9.4.51.v20230217.jar:/home/runner/.m2/repository/org/eclipse/jetty/websocket/websocket-common/9.4.51.v20230217/websocket-common-9.4.51.v20230217.jar:/home/runner/.m2/repository/org/eclipse/jetty/websocket/websocket-api/9.4.51.v20230217/websocket-api-9.4.51.v20230217.jar:/home/runner/.m2/repository/org/jline/jline/3.9.0/jline-3.9.0.jar:/home/runner/.m2/repository/org/apache/hadoop/hadoop-mapreduce-client-core/3.3.6/hadoop-mapreduce-client-core-3.3.6.jar:/home/runner/.m2/repository/org/apache/avro/avro/1.7.7/avro-1.7.7.jar:/home/runner/.m2/repository/com/thoughtworks/paranamer/paranamer/2.3/paranamer-2.3.jar:/home/runner/.m2/repository/org/apache/hadoop/hadoop-annotations/3.3.6/hadoop-annotations-3.3.6.jar:/home/runner/.m2/repository/io/netty/netty/3.10.6.Final/netty-3.10.6.Final.jar:/home/runner/.m2/repository/org/apache/hadoop/hadoop-distcp/3.3.6/hadoop-distcp-3.3.6-tests.jar:/home/runner/.m2/repository/org/apache/ratis/ratis-server/3.1.1/ratis-server-3.1.1.jar:/home/runner/.m2/repository/org/hamcrest/hamcrest/2.2/hamcrest-2.2.jar:/home/runner/.m2/repository/org/slf4j/jul-to-slf4j/2.0.16/jul-to-slf4j-2.0.16.jar:/home/runner/work/ozone/ozone/hadoop-ozone/integration-test/target/gradle-enterprise/test-listeners.jar:"/>
    <property name="sun.cpu.endian" value="little"/>
    <property name="user.home" value="/home/runner"/>
    <property name="user.language" value="en"/>
    <property name="java.specification.vendor" value="Oracle Corporation"/>
    <property name="java.version.date" value="2024-07-16"/>
    <property name="java.home" value="/usr/lib/jvm/temurin-17-jdk-amd64"/>
    <property name="java.security.krb5.conf" value="/home/runner/work/ozone/ozone/hadoop-ozone/integration-test/target/test-classes/krb5.conf"/>
    <property name="file.separator" value="/"/>
    <property name="basedir" value="/home/runner/work/ozone/ozone/hadoop-ozone/integration-test"/>
    <property name="java.vm.compressedOopsMode" value="Zero based"/>
    <property name="line.separator" value="&#10;"/>
    <property name="java.vm.specification.vendor" value="Oracle Corporation"/>
    <property name="java.specification.name" value="Java Platform API Specification"/>
    <property name="skip.installnpx" value="true"/>
    <property name="surefire.real.class.path" value="/home/runner/work/ozone/ozone/hadoop-ozone/integration-test/target/surefire/surefirebooter9973155385077351073.jar"/>
    <property name="hadoop.log.dir" value="/home/runner/work/ozone/ozone/hadoop-ozone/integration-test/target/log"/>
    <property name="sun.management.compiler" value="HotSpot 64-Bit Tiered Compilers"/>
    <property name="java.runtime.version" value="17.0.12+7"/>
    <property name="skip.npx" value="true"/>
    <property name="user.name" value="runner"/>
    <property name="java.net.preferIPv4Stack" value="true"/>
    <property name="path.separator" value=":"/>
    <property name="java.security.egd" value="file:///dev/urandom"/>
    <property name="os.version" value="5.15.0-1074-azure"/>
    <property name="java.runtime.name" value="OpenJDK Runtime Environment"/>
    <property name="com.gradle.maven.scan.extension.test.listener.junitplatform.NestedExecutionSafeDelegatingTestExecutionListener" value="52af26ee"/>
    <property name="file.encoding" value="UTF-8"/>
    <property name="java.vm.name" value="OpenJDK 64-Bit Server VM"/>
    <property name="java.vendor.version" value="Temurin-17.0.12+7"/>
    <property name="test.build.webapps" value=""/>
    <property name="develocity.listener.surefire.forkId" value="1"/>
    <property name="localRepository" value="/home/runner/.m2/repository"/>
    <property name="java.vendor.url.bug" value="https://github.com/adoptium/adoptium-support/issues"/>
    <property name="jetty.git.hash" value="ec6782ff5ead824dabdcf47fa98f90a4aedff401"/>
    <property name="java.io.tmpdir" value="/tmp"/>
    <property name="require.test.libhadoop" value=""/>
    <property name="java.version" value="17.0.12"/>
    <property name="user.dir" value="/home/runner/work/ozone/ozone/hadoop-ozone/integration-test"/>
    <property name="os.arch" value="amd64"/>
    <property name="java.vm.specification.name" value="Java Virtual Machine Specification"/>
    <property name="test.build.classes" value="/home/runner/work/ozone/ozone/hadoop-ozone/integration-test/target/test-classes"/>
    <property name="org.apache.ratis.thirdparty.io.netty.allocator.useCacheForAllThreads" value="false"/>
    <property name="native.encoding" value="UTF-8"/>
    <property name="hadoop.tmp.dir" value="/home/runner/work/ozone/ozone/hadoop-ozone/integration-test/target/tmp"/>
    <property name="java.library.path" value="/usr/java/packages/lib:/usr/lib64:/lib64:/lib:/usr/lib"/>
    <property name="java.vm.info" value="mixed mode, sharing"/>
    <property name="java.vendor" value="Eclipse Adoptium"/>
    <property name="java.vm.version" value="17.0.12+7"/>
    <property name="sun.io.unicode.encoding" value="UnicodeLittle"/>
    <property name="develocity.listener.port" value="46613"/>
    <property name="java.class.version" value="61.0"/>
  </properties>
  <testcase name="testScmTransfer" classname="org.apache.hadoop.ozone.shell.TestTransferLeadershipShell" time="114.367"/>
  <testcase name="testOmTransfer" classname="org.apache.hadoop.ozone.shell.TestTransferLeadershipShell" time="168.991">
    <failure type="org.opentest4j.AssertionFailedError"><![CDATA[org.opentest4j.AssertionFailedError: expected: not same but was: <org.apache.hadoop.ozone.om.OzoneManager@4125fa08>
	at org.junit.jupiter.api.AssertionFailureBuilder.build(AssertionFailureBuilder.java:152)
	at org.junit.jupiter.api.AssertionFailureBuilder.buildAndThrow(AssertionFailureBuilder.java:132)
	at org.junit.jupiter.api.AssertNotSame.failSame(AssertNotSame.java:49)
	at org.junit.jupiter.api.AssertNotSame.assertNotSame(AssertNotSame.java:35)
	at org.junit.jupiter.api.AssertNotSame.assertNotSame(AssertNotSame.java:30)
	at org.junit.jupiter.api.Assertions.assertNotSame(Assertions.java:2900)
	at org.apache.hadoop.ozone.shell.TestTransferLeadershipShell.testOmTransfer(TestTransferLeadershipShell.java:107)
	at java.base/java.lang.reflect.Method.invoke(Method.java:569)
	at java.base/java.util.ArrayList.forEach(ArrayList.java:1511)
	at java.base/java.util.ArrayList.forEach(ArrayList.java:1511)
]]></failure>
    <system-out><![CDATA[2024-10-28 08:09:42,457 [main] WARN  server.ServerUtils (ServerUtils.java:getScmDbDir(143)) - ozone.scm.db.dirs is not configured. We recommend adding this setting. Falling back to ozone.metadata.dirs instead.
2024-10-28 08:09:42,458 [main] INFO  ha.SCMHANodeDetails (SCMHANodeDetails.java:loadSCMHAConfig(207)) - ServiceID for StorageContainerManager is scm-service-test1
2024-10-28 08:09:42,458 [main] INFO  ha.SCMHANodeDetails (SCMHANodeDetails.java:loadSCMHAConfig(218)) - ServiceID for StorageContainerManager is scm-service-test1
2024-10-28 08:09:42,458 [main] WARN  scm.ScmUtils (ScmUtils.java:logWarn(165)) - ConfigKey ozone.scm.block.client.address is deprecated, For configuring different ports for each SCM use PortConfigKey ozone.scm.block.client.port appended with serviceId and nodeId. If want to configure same port configure ozone.scm.block.client.port
2024-10-28 08:09:42,458 [main] WARN  scm.ScmUtils (ScmUtils.java:logWarn(165)) - ConfigKey ozone.scm.client.address is deprecated, For configuring different ports for each SCM use PortConfigKey ozone.scm.client.port appended with serviceId and nodeId. If want to configure same port configure ozone.scm.client.port
2024-10-28 08:09:42,458 [main] WARN  scm.ScmUtils (ScmUtils.java:logWarn(165)) - ConfigKey ozone.scm.datanode.address is deprecated, For configuring different ports for each SCM use PortConfigKey ozone.scm.datanode.port appended with serviceId and nodeId. If want to configure same port configure ozone.scm.datanode.port
2024-10-28 08:09:42,458 [main] WARN  scm.ScmUtils (ScmUtils.java:logWarn(165)) - ConfigKey ozone.scm.block.client.address is deprecated, For configuring different ports for each SCM use PortConfigKey ozone.scm.block.client.port appended with serviceId and nodeId. If want to configure same port configure ozone.scm.block.client.port
2024-10-28 08:09:42,459 [main] WARN  scm.ScmUtils (ScmUtils.java:logWarn(165)) - ConfigKey ozone.scm.client.address is deprecated, For configuring different ports for each SCM use PortConfigKey ozone.scm.client.port appended with serviceId and nodeId. If want to configure same port configure ozone.scm.client.port
2024-10-28 08:09:42,459 [main] WARN  scm.ScmUtils (ScmUtils.java:logWarn(165)) - ConfigKey ozone.scm.datanode.address is deprecated, For configuring different ports for each SCM use PortConfigKey ozone.scm.datanode.port appended with serviceId and nodeId. If want to configure same port configure ozone.scm.datanode.port
2024-10-28 08:09:42,459 [main] INFO  ha.SCMHANodeDetails (SCMHANodeDetails.java:loadSCMHAConfig(305)) - Found matching SCM address with SCMServiceId: scm-service-test1, SCMNodeId: scmNode-1, RPC Address: localhost:15078 and Ratis port: 15078
2024-10-28 08:09:42,459 [main] INFO  ha.SCMHANodeDetails (ConfUtils.java:setNodeSpecificConfigs(97)) - Setting configuration key ozone.scm.datanode.address with value of key ozone.scm.datanode.address.scm-service-test1.scmNode-1: 127.0.0.1:15079
2024-10-28 08:09:42,459 [main] INFO  ha.SCMHANodeDetails (ConfUtils.java:setNodeSpecificConfigs(97)) - Setting configuration key ozone.scm.block.client.address with value of key ozone.scm.block.client.address.scm-service-test1.scmNode-1: 127.0.0.1:15082
2024-10-28 08:09:42,459 [main] INFO  ha.SCMHANodeDetails (ConfUtils.java:setNodeSpecificConfigs(97)) - Setting configuration key ozone.scm.client.address with value of key ozone.scm.client.address.scm-service-test1.scmNode-1: 127.0.0.1:15080
2024-10-28 08:09:42,460 [main] INFO  ha.SCMHANodeDetails (ConfUtils.java:setNodeSpecificConfigs(97)) - Setting configuration key ozone.scm.security.service.address with value of key ozone.scm.security.service.address.scm-service-test1.scmNode-1: 127.0.0.1:15077
2024-10-28 08:09:42,460 [main] INFO  ha.SCMHANodeDetails (ConfUtils.java:setNodeSpecificConfigs(97)) - Setting configuration key ozone.scm.ratis.port with value of key ozone.scm.ratis.port.scm-service-test1.scmNode-1: 15078
2024-10-28 08:09:42,460 [main] INFO  ha.SCMHANodeDetails (ConfUtils.java:setNodeSpecificConfigs(97)) - Setting configuration key ozone.scm.grpc.port with value of key ozone.scm.grpc.port.scm-service-test1.scmNode-1: 15081
2024-10-28 08:09:42,460 [main] INFO  ha.SCMHANodeDetails (ConfUtils.java:setNodeSpecificConfigs(97)) - Setting configuration key ozone.scm.http-address with value of key ozone.scm.http-address.scm-service-test1.scmNode-1: 127.0.0.1:15075
2024-10-28 08:09:42,460 [main] INFO  ha.SCMHANodeDetails (ConfUtils.java:setNodeSpecificConfigs(97)) - Setting configuration key ozone.scm.https-address with value of key ozone.scm.https-address.scm-service-test1.scmNode-1: 127.0.0.1:15076
2024-10-28 08:09:42,460 [main] INFO  ha.SCMHANodeDetails (ConfUtils.java:setNodeSpecificConfigs(97)) - Setting configuration key ozone.scm.address with value of key ozone.scm.address.scm-service-test1.scmNode-1: 127.0.0.1
2024-10-28 08:09:42,460 [main] WARN  scm.ScmUtils (ScmUtils.java:logWarn(165)) - ConfigKey ozone.scm.block.client.address is deprecated, For configuring different ports for each SCM use PortConfigKey ozone.scm.block.client.port appended with serviceId and nodeId. If want to configure same port configure ozone.scm.block.client.port
2024-10-28 08:09:42,460 [main] WARN  scm.ScmUtils (ScmUtils.java:logWarn(165)) - ConfigKey ozone.scm.client.address is deprecated, For configuring different ports for each SCM use PortConfigKey ozone.scm.client.port appended with serviceId and nodeId. If want to configure same port configure ozone.scm.client.port
2024-10-28 08:09:42,461 [main] WARN  scm.ScmUtils (ScmUtils.java:logWarn(165)) - ConfigKey ozone.scm.datanode.address is deprecated, For configuring different ports for each SCM use PortConfigKey ozone.scm.datanode.port appended with serviceId and nodeId. If want to configure same port configure ozone.scm.datanode.port
2024-10-28 08:09:42,479 [d1f2ec58-f55e-45ab-93c5-34baa5ccb560-EndpointStateMachineTaskThread-/127.0.0.1:15012-0 ] INFO  ipc.Client (Client.java:handleConnectionFailure(950)) - Retrying connect to server: localhost/127.0.0.1:15012. Already tried 5 time(s); retry policy is RetryUpToMaximumCountWithFixedSleep(maxRetries=15, sleepTime=1000 MILLISECONDS)
2024-10-28 08:09:43,352 [dbc8bb5e-43aa-46e2-8b22-902d8de4f543-EndpointStateMachineTaskThread-/127.0.0.1:15020-0 ] INFO  ipc.Client (Client.java:handleConnectionFailure(950)) - Retrying connect to server: localhost/127.0.0.1:15020. Already tried 5 time(s); retry policy is RetryUpToMaximumCountWithFixedSleep(maxRetries=15, sleepTime=1000 MILLISECONDS)
2024-10-28 08:09:43,352 [dbc8bb5e-43aa-46e2-8b22-902d8de4f543-EndpointStateMachineTaskThread-/127.0.0.1:15004-0 ] INFO  ipc.Client (Client.java:handleConnectionFailure(950)) - Retrying connect to server: localhost/127.0.0.1:15004. Already tried 4 time(s); retry policy is RetryUpToMaximumCountWithFixedSleep(maxRetries=15, sleepTime=1000 MILLISECONDS)
2024-10-28 08:09:43,480 [d1f2ec58-f55e-45ab-93c5-34baa5ccb560-EndpointStateMachineTaskThread-/127.0.0.1:15012-0 ] INFO  ipc.Client (Client.java:handleConnectionFailure(950)) - Retrying connect to server: localhost/127.0.0.1:15012. Already tried 6 time(s); retry policy is RetryUpToMaximumCountWithFixedSleep(maxRetries=15, sleepTime=1000 MILLISECONDS)
2024-10-28 08:09:43,626 [timer7] WARN  server.GrpcLogAppender (LogUtils.java:warn(121)) - dbc8bb5e-43aa-46e2-8b22-902d8de4f543@group-4C9F3C103DD0->c1501d64-56a7-4321-969a-305f0b2a668b-AppendLogResponseHandler: Failed appendEntries (Repeated 2 times in the last 5.000s): org.apache.ratis.thirdparty.io.grpc.StatusRuntimeException: CANCELLED: RST_STREAM closed stream. HTTP/2 error code: CANCEL
2024-10-28 08:09:43,626 [timer0] WARN  server.GrpcLogAppender (GrpcLogAppender.java:lambda$resetClient$1(221)) - dbc8bb5e-43aa-46e2-8b22-902d8de4f543@group-4C9F3C103DD0->c1501d64-56a7-4321-969a-305f0b2a668b-GrpcLogAppender: Follower failed (request=null, errorCount=2); keep nextIndex (1) unchanged and retry. (Repeated 2 times in the last 5.000s)
2024-10-28 08:09:44,353 [dbc8bb5e-43aa-46e2-8b22-902d8de4f543-EndpointStateMachineTaskThread-/127.0.0.1:15004-0 ] INFO  ipc.Client (Client.java:handleConnectionFailure(950)) - Retrying connect to server: localhost/127.0.0.1:15004. Already tried 5 time(s); retry policy is RetryUpToMaximumCountWithFixedSleep(maxRetries=15, sleepTime=1000 MILLISECONDS)
2024-10-28 08:09:44,353 [dbc8bb5e-43aa-46e2-8b22-902d8de4f543-EndpointStateMachineTaskThread-/127.0.0.1:15020-0 ] INFO  ipc.Client (Client.java:handleConnectionFailure(950)) - Retrying connect to server: localhost/127.0.0.1:15020. Already tried 6 time(s); retry policy is RetryUpToMaximumCountWithFixedSleep(maxRetries=15, sleepTime=1000 MILLISECONDS)
2024-10-28 08:09:44,480 [d1f2ec58-f55e-45ab-93c5-34baa5ccb560-EndpointStateMachineTaskThread-/127.0.0.1:15012-0 ] INFO  ipc.Client (Client.java:handleConnectionFailure(950)) - Retrying connect to server: localhost/127.0.0.1:15012. Already tried 7 time(s); retry policy is RetryUpToMaximumCountWithFixedSleep(maxRetries=15, sleepTime=1000 MILLISECONDS)
2024-10-28 08:09:45,353 [dbc8bb5e-43aa-46e2-8b22-902d8de4f543-EndpointStateMachineTaskThread-/127.0.0.1:15020-0 ] INFO  ipc.Client (Client.java:handleConnectionFailure(950)) - Retrying connect to server: localhost/127.0.0.1:15020. Already tried 7 time(s); retry policy is RetryUpToMaximumCountWithFixedSleep(maxRetries=15, sleepTime=1000 MILLISECONDS)
2024-10-28 08:09:45,353 [dbc8bb5e-43aa-46e2-8b22-902d8de4f543-EndpointStateMachineTaskThread-/127.0.0.1:15004-0 ] INFO  ipc.Client (Client.java:handleConnectionFailure(950)) - Retrying connect to server: localhost/127.0.0.1:15004. Already tried 6 time(s); retry policy is RetryUpToMaximumCountWithFixedSleep(maxRetries=15, sleepTime=1000 MILLISECONDS)
2024-10-28 08:09:45,481 [d1f2ec58-f55e-45ab-93c5-34baa5ccb560-EndpointStateMachineTaskThread-/127.0.0.1:15012-0 ] INFO  ipc.Client (Client.java:handleConnectionFailure(950)) - Retrying connect to server: localhost/127.0.0.1:15012. Already tried 8 time(s); retry policy is RetryUpToMaximumCountWithFixedSleep(maxRetries=15, sleepTime=1000 MILLISECONDS)
2024-10-28 08:09:46,354 [dbc8bb5e-43aa-46e2-8b22-902d8de4f543-EndpointStateMachineTaskThread-/127.0.0.1:15020-0 ] INFO  ipc.Client (Client.java:handleConnectionFailure(950)) - Retrying connect to server: localhost/127.0.0.1:15020. Already tried 8 time(s); retry policy is RetryUpToMaximumCountWithFixedSleep(maxRetries=15, sleepTime=1000 MILLISECONDS)
2024-10-28 08:09:46,354 [dbc8bb5e-43aa-46e2-8b22-902d8de4f543-EndpointStateMachineTaskThread-/127.0.0.1:15004-0 ] INFO  ipc.Client (Client.java:handleConnectionFailure(950)) - Retrying connect to server: localhost/127.0.0.1:15004. Already tried 7 time(s); retry policy is RetryUpToMaximumCountWithFixedSleep(maxRetries=15, sleepTime=1000 MILLISECONDS)
2024-10-28 08:09:46,481 [d1f2ec58-f55e-45ab-93c5-34baa5ccb560-EndpointStateMachineTaskThread-/127.0.0.1:15012-0 ] INFO  ipc.Client (Client.java:handleConnectionFailure(950)) - Retrying connect to server: localhost/127.0.0.1:15012. Already tried 9 time(s); retry policy is RetryUpToMaximumCountWithFixedSleep(maxRetries=15, sleepTime=1000 MILLISECONDS)
2024-10-28 08:09:47,355 [dbc8bb5e-43aa-46e2-8b22-902d8de4f543-EndpointStateMachineTaskThread-/127.0.0.1:15020-0 ] INFO  ipc.Client (Client.java:handleConnectionFailure(950)) - Retrying connect to server: localhost/127.0.0.1:15020. Already tried 9 time(s); retry policy is RetryUpToMaximumCountWithFixedSleep(maxRetries=15, sleepTime=1000 MILLISECONDS)
2024-10-28 08:09:47,355 [dbc8bb5e-43aa-46e2-8b22-902d8de4f543-EndpointStateMachineTaskThread-/127.0.0.1:15004-0 ] INFO  ipc.Client (Client.java:handleConnectionFailure(950)) - Retrying connect to server: localhost/127.0.0.1:15004. Already tried 8 time(s); retry policy is RetryUpToMaximumCountWithFixedSleep(maxRetries=15, sleepTime=1000 MILLISECONDS)
2024-10-28 08:09:47,482 [d1f2ec58-f55e-45ab-93c5-34baa5ccb560-EndpointStateMachineTaskThread-/127.0.0.1:15012-0 ] INFO  ipc.Client (Client.java:handleConnectionFailure(950)) - Retrying connect to server: localhost/127.0.0.1:15012. Already tried 10 time(s); retry policy is RetryUpToMaximumCountWithFixedSleep(maxRetries=15, sleepTime=1000 MILLISECONDS)
2024-10-28 08:09:48,355 [dbc8bb5e-43aa-46e2-8b22-902d8de4f543-EndpointStateMachineTaskThread-/127.0.0.1:15020-0 ] INFO  ipc.Client (Client.java:handleConnectionFailure(950)) - Retrying connect to server: localhost/127.0.0.1:15020. Already tried 10 time(s); retry policy is RetryUpToMaximumCountWithFixedSleep(maxRetries=15, sleepTime=1000 MILLISECONDS)
2024-10-28 08:09:48,355 [dbc8bb5e-43aa-46e2-8b22-902d8de4f543-EndpointStateMachineTaskThread-/127.0.0.1:15004-0 ] INFO  ipc.Client (Client.java:handleConnectionFailure(950)) - Retrying connect to server: localhost/127.0.0.1:15004. Already tried 9 time(s); retry policy is RetryUpToMaximumCountWithFixedSleep(maxRetries=15, sleepTime=1000 MILLISECONDS)
2024-10-28 08:09:48,482 [d1f2ec58-f55e-45ab-93c5-34baa5ccb560-EndpointStateMachineTaskThread-/127.0.0.1:15012-0 ] INFO  ipc.Client (Client.java:handleConnectionFailure(950)) - Retrying connect to server: localhost/127.0.0.1:15012. Already tried 11 time(s); retry policy is RetryUpToMaximumCountWithFixedSleep(maxRetries=15, sleepTime=1000 MILLISECONDS)
2024-10-28 08:09:49,356 [dbc8bb5e-43aa-46e2-8b22-902d8de4f543-EndpointStateMachineTaskThread-/127.0.0.1:15020-0 ] INFO  ipc.Client (Client.java:handleConnectionFailure(950)) - Retrying connect to server: localhost/127.0.0.1:15020. Already tried 11 time(s); retry policy is RetryUpToMaximumCountWithFixedSleep(maxRetries=15, sleepTime=1000 MILLISECONDS)
2024-10-28 08:09:49,356 [dbc8bb5e-43aa-46e2-8b22-902d8de4f543-EndpointStateMachineTaskThread-/127.0.0.1:15004-0 ] INFO  ipc.Client (Client.java:handleConnectionFailure(950)) - Retrying connect to server: localhost/127.0.0.1:15004. Already tried 10 time(s); retry policy is RetryUpToMaximumCountWithFixedSleep(maxRetries=15, sleepTime=1000 MILLISECONDS)
2024-10-28 08:09:49,483 [d1f2ec58-f55e-45ab-93c5-34baa5ccb560-EndpointStateMachineTaskThread-/127.0.0.1:15012-0 ] INFO  ipc.Client (Client.java:handleConnectionFailure(950)) - Retrying connect to server: localhost/127.0.0.1:15012. Already tried 12 time(s); retry policy is RetryUpToMaximumCountWithFixedSleep(maxRetries=15, sleepTime=1000 MILLISECONDS)
2024-10-28 08:09:50,357 [dbc8bb5e-43aa-46e2-8b22-902d8de4f543-EndpointStateMachineTaskThread-/127.0.0.1:15004-0 ] INFO  ipc.Client (Client.java:handleConnectionFailure(950)) - Retrying connect to server: localhost/127.0.0.1:15004. Already tried 11 time(s); retry policy is RetryUpToMaximumCountWithFixedSleep(maxRetries=15, sleepTime=1000 MILLISECONDS)
2024-10-28 08:09:50,357 [dbc8bb5e-43aa-46e2-8b22-902d8de4f543-EndpointStateMachineTaskThread-/127.0.0.1:15020-0 ] INFO  ipc.Client (Client.java:handleConnectionFailure(950)) - Retrying connect to server: localhost/127.0.0.1:15020. Already tried 12 time(s); retry policy is RetryUpToMaximumCountWithFixedSleep(maxRetries=15, sleepTime=1000 MILLISECONDS)
2024-10-28 08:09:50,483 [d1f2ec58-f55e-45ab-93c5-34baa5ccb560-EndpointStateMachineTaskThread-/127.0.0.1:15012-0 ] INFO  ipc.Client (Client.java:handleConnectionFailure(950)) - Retrying connect to server: localhost/127.0.0.1:15012. Already tried 13 time(s); retry policy is RetryUpToMaximumCountWithFixedSleep(maxRetries=15, sleepTime=1000 MILLISECONDS)
2024-10-28 08:09:51,358 [dbc8bb5e-43aa-46e2-8b22-902d8de4f543-EndpointStateMachineTaskThread-/127.0.0.1:15020-0 ] INFO  ipc.Client (Client.java:handleConnectionFailure(950)) - Retrying connect to server: localhost/127.0.0.1:15020. Already tried 13 time(s); retry policy is RetryUpToMaximumCountWithFixedSleep(maxRetries=15, sleepTime=1000 MILLISECONDS)
2024-10-28 08:09:51,358 [dbc8bb5e-43aa-46e2-8b22-902d8de4f543-EndpointStateMachineTaskThread-/127.0.0.1:15004-0 ] INFO  ipc.Client (Client.java:handleConnectionFailure(950)) - Retrying connect to server: localhost/127.0.0.1:15004. Already tried 12 time(s); retry policy is RetryUpToMaximumCountWithFixedSleep(maxRetries=15, sleepTime=1000 MILLISECONDS)
2024-10-28 08:09:51,484 [d1f2ec58-f55e-45ab-93c5-34baa5ccb560-EndpointStateMachineTaskThread-/127.0.0.1:15012-0 ] INFO  ipc.Client (Client.java:handleConnectionFailure(950)) - Retrying connect to server: localhost/127.0.0.1:15012. Already tried 14 time(s); retry policy is RetryUpToMaximumCountWithFixedSleep(maxRetries=15, sleepTime=1000 MILLISECONDS)
2024-10-28 08:09:51,484 [d1f2ec58-f55e-45ab-93c5-34baa5ccb560-EndpointStateMachineTaskThread-/127.0.0.1:15012-0 ] WARN  statemachine.EndpointStateMachine (EndpointStateMachine.java:logIfNeeded(240)) - Unable to communicate to SCM server at localhost/127.0.0.1:15012 for past 0 seconds.
java.net.ConnectException: Call From fv-az886-152/10.1.0.23 to localhost:15012 failed on connection exception: java.net.ConnectException: Connection refused; For more details see:  http://wiki.apache.org/hadoop/ConnectionRefused
	at java.base/jdk.internal.reflect.NativeConstructorAccessorImpl.newInstance0(Native Method)
	at java.base/jdk.internal.reflect.NativeConstructorAccessorImpl.newInstance(NativeConstructorAccessorImpl.java:77)
	at java.base/jdk.internal.reflect.DelegatingConstructorAccessorImpl.newInstance(DelegatingConstructorAccessorImpl.java:45)
	at java.base/java.lang.reflect.Constructor.newInstanceWithCaller(Constructor.java:500)
	at java.base/java.lang.reflect.Constructor.newInstance(Constructor.java:481)
	at org.apache.hadoop.net.NetUtils.wrapWithMessage(NetUtils.java:930)
	at org.apache.hadoop.net.NetUtils.wrapException(NetUtils.java:845)
	at org.apache.hadoop.ipc.Client.getRpcResponse(Client.java:1571)
	at org.apache.hadoop.ipc.Client.call(Client.java:1513)
	at org.apache.hadoop.ipc.Client.call(Client.java:1410)
	at org.apache.hadoop.ipc.ProtobufRpcEngine$Invoker.invoke(ProtobufRpcEngine.java:250)
	at org.apache.hadoop.ipc.ProtobufRpcEngine$Invoker.invoke(ProtobufRpcEngine.java:132)
	at jdk.proxy2/jdk.proxy2.$Proxy110.submitRequest(Unknown Source)
	at org.apache.hadoop.ozone.protocolPB.StorageContainerDatanodeProtocolClientSideTranslatorPB.submitRequest(StorageContainerDatanodeProtocolClientSideTranslatorPB.java:115)
	at org.apache.hadoop.ozone.protocolPB.StorageContainerDatanodeProtocolClientSideTranslatorPB.sendHeartbeat(StorageContainerDatanodeProtocolClientSideTranslatorPB.java:146)
	at org.apache.hadoop.ozone.container.common.states.endpoint.HeartbeatEndpointTask.call(HeartbeatEndpointTask.java:183)
	at org.apache.hadoop.ozone.container.common.states.endpoint.HeartbeatEndpointTask.call(HeartbeatEndpointTask.java:87)
	at java.base/java.util.concurrent.FutureTask.run(FutureTask.java:264)
	at java.base/java.util.concurrent.ThreadPoolExecutor.runWorker(ThreadPoolExecutor.java:1136)
	at java.base/java.util.concurrent.ThreadPoolExecutor$Worker.run(ThreadPoolExecutor.java:635)
	at java.base/java.lang.Thread.run(Thread.java:840)
Caused by: java.net.ConnectException: Connection refused
	at java.base/sun.nio.ch.Net.pollConnect(Native Method)
	at java.base/sun.nio.ch.Net.pollConnectNow(Net.java:672)
	at java.base/sun.nio.ch.SocketChannelImpl.finishConnect(SocketChannelImpl.java:946)
	at org.apache.hadoop.net.SocketIOWithTimeout.connect(SocketIOWithTimeout.java:205)
	at org.apache.hadoop.net.NetUtils.connect(NetUtils.java:600)
	at org.apache.hadoop.ipc.Client$Connection.setupConnection(Client.java:652)
	at org.apache.hadoop.ipc.Client$Connection.setupIOstreams(Client.java:773)
	at org.apache.hadoop.ipc.Client$Connection.access$3800(Client.java:347)
	at org.apache.hadoop.ipc.Client.getConnection(Client.java:1632)
	at org.apache.hadoop.ipc.Client.call(Client.java:1457)
	... 12 more
2024-10-28 08:09:52,358 [dbc8bb5e-43aa-46e2-8b22-902d8de4f543-EndpointStateMachineTaskThread-/127.0.0.1:15004-0 ] INFO  ipc.Client (Client.java:handleConnectionFailure(950)) - Retrying connect to server: localhost/127.0.0.1:15004. Already tried 13 time(s); retry policy is RetryUpToMaximumCountWithFixedSleep(maxRetries=15, sleepTime=1000 MILLISECONDS)
2024-10-28 08:09:52,358 [dbc8bb5e-43aa-46e2-8b22-902d8de4f543-EndpointStateMachineTaskThread-/127.0.0.1:15020-0 ] INFO  ipc.Client (Client.java:handleConnectionFailure(950)) - Retrying connect to server: localhost/127.0.0.1:15020. Already tried 14 time(s); retry policy is RetryUpToMaximumCountWithFixedSleep(maxRetries=15, sleepTime=1000 MILLISECONDS)
2024-10-28 08:09:52,359 [dbc8bb5e-43aa-46e2-8b22-902d8de4f543-EndpointStateMachineTaskThread-/127.0.0.1:15020-0 ] WARN  statemachine.EndpointStateMachine (EndpointStateMachine.java:logIfNeeded(240)) - Unable to communicate to SCM server at localhost/127.0.0.1:15020 for past 0 seconds.
java.net.ConnectException: Call From fv-az886-152/10.1.0.23 to localhost:15020 failed on connection exception: java.net.ConnectException: Connection refused; For more details see:  http://wiki.apache.org/hadoop/ConnectionRefused
	at java.base/jdk.internal.reflect.NativeConstructorAccessorImpl.newInstance0(Native Method)
	at java.base/jdk.internal.reflect.NativeConstructorAccessorImpl.newInstance(NativeConstructorAccessorImpl.java:77)
	at java.base/jdk.internal.reflect.DelegatingConstructorAccessorImpl.newInstance(DelegatingConstructorAccessorImpl.java:45)
	at java.base/java.lang.reflect.Constructor.newInstanceWithCaller(Constructor.java:500)
	at java.base/java.lang.reflect.Constructor.newInstance(Constructor.java:481)
	at org.apache.hadoop.net.NetUtils.wrapWithMessage(NetUtils.java:930)
	at org.apache.hadoop.net.NetUtils.wrapException(NetUtils.java:845)
	at org.apache.hadoop.ipc.Client.getRpcResponse(Client.java:1571)
	at org.apache.hadoop.ipc.Client.call(Client.java:1513)
	at org.apache.hadoop.ipc.Client.call(Client.java:1410)
	at org.apache.hadoop.ipc.ProtobufRpcEngine$Invoker.invoke(ProtobufRpcEngine.java:250)
	at org.apache.hadoop.ipc.ProtobufRpcEngine$Invoker.invoke(ProtobufRpcEngine.java:132)
	at jdk.proxy2/jdk.proxy2.$Proxy110.submitRequest(Unknown Source)
	at org.apache.hadoop.ozone.protocolPB.StorageContainerDatanodeProtocolClientSideTranslatorPB.submitRequest(StorageContainerDatanodeProtocolClientSideTranslatorPB.java:115)
	at org.apache.hadoop.ozone.protocolPB.StorageContainerDatanodeProtocolClientSideTranslatorPB.sendHeartbeat(StorageContainerDatanodeProtocolClientSideTranslatorPB.java:146)
	at org.apache.hadoop.ozone.container.common.states.endpoint.HeartbeatEndpointTask.call(HeartbeatEndpointTask.java:183)
	at org.apache.hadoop.ozone.container.common.states.endpoint.HeartbeatEndpointTask.call(HeartbeatEndpointTask.java:87)
	at java.base/java.util.concurrent.FutureTask.run(FutureTask.java:264)
	at java.base/java.util.concurrent.ThreadPoolExecutor.runWorker(ThreadPoolExecutor.java:1136)
	at java.base/java.util.concurrent.ThreadPoolExecutor$Worker.run(ThreadPoolExecutor.java:635)
	at java.base/java.lang.Thread.run(Thread.java:840)
Caused by: java.net.ConnectException: Connection refused
	at java.base/sun.nio.ch.Net.pollConnect(Native Method)
	at java.base/sun.nio.ch.Net.pollConnectNow(Net.java:672)
	at java.base/sun.nio.ch.SocketChannelImpl.finishConnect(SocketChannelImpl.java:946)
	at org.apache.hadoop.net.SocketIOWithTimeout.connect(SocketIOWithTimeout.java:205)
	at org.apache.hadoop.net.NetUtils.connect(NetUtils.java:600)
	at org.apache.hadoop.ipc.Client$Connection.setupConnection(Client.java:652)
	at org.apache.hadoop.ipc.Client$Connection.setupIOstreams(Client.java:773)
	at org.apache.hadoop.ipc.Client$Connection.access$3800(Client.java:347)
	at org.apache.hadoop.ipc.Client.getConnection(Client.java:1632)
	at org.apache.hadoop.ipc.Client.call(Client.java:1457)
	... 12 more
2024-10-28 08:09:52,485 [dbc8bb5e-43aa-46e2-8b22-902d8de4f543-EndpointStateMachineTaskThread-/127.0.0.1:15012-0 ] INFO  ipc.Client (Client.java:handleConnectionFailure(950)) - Retrying connect to server: localhost/127.0.0.1:15012. Already tried 0 time(s); retry policy is RetryUpToMaximumCountWithFixedSleep(maxRetries=15, sleepTime=1000 MILLISECONDS)
2024-10-28 08:09:53,359 [dbc8bb5e-43aa-46e2-8b22-902d8de4f543-EndpointStateMachineTaskThread-/127.0.0.1:15004-0 ] INFO  ipc.Client (Client.java:handleConnectionFailure(950)) - Retrying connect to server: localhost/127.0.0.1:15004. Already tried 14 time(s); retry policy is RetryUpToMaximumCountWithFixedSleep(maxRetries=15, sleepTime=1000 MILLISECONDS)
2024-10-28 08:09:53,359 [c1501d64-56a7-4321-969a-305f0b2a668b-EndpointStateMachineTaskThread-/127.0.0.1:15020-0 ] INFO  ipc.Client (Client.java:handleConnectionFailure(950)) - Retrying connect to server: localhost/127.0.0.1:15020. Already tried 0 time(s); retry policy is RetryUpToMaximumCountWithFixedSleep(maxRetries=15, sleepTime=1000 MILLISECONDS)
2024-10-28 08:09:53,360 [dbc8bb5e-43aa-46e2-8b22-902d8de4f543-EndpointStateMachineTaskThread-/127.0.0.1:15004-0 ] WARN  statemachine.EndpointStateMachine (EndpointStateMachine.java:logIfNeeded(240)) - Unable to communicate to SCM server at localhost/127.0.0.1:15004 for past 0 seconds.
java.net.ConnectException: Call From fv-az886-152/10.1.0.23 to localhost:15004 failed on connection exception: java.net.ConnectException: Connection refused; For more details see:  http://wiki.apache.org/hadoop/ConnectionRefused
	at java.base/jdk.internal.reflect.NativeConstructorAccessorImpl.newInstance0(Native Method)
	at java.base/jdk.internal.reflect.NativeConstructorAccessorImpl.newInstance(NativeConstructorAccessorImpl.java:77)
	at java.base/jdk.internal.reflect.DelegatingConstructorAccessorImpl.newInstance(DelegatingConstructorAccessorImpl.java:45)
	at java.base/java.lang.reflect.Constructor.newInstanceWithCaller(Constructor.java:500)
	at java.base/java.lang.reflect.Constructor.newInstance(Constructor.java:481)
	at org.apache.hadoop.net.NetUtils.wrapWithMessage(NetUtils.java:930)
	at org.apache.hadoop.net.NetUtils.wrapException(NetUtils.java:845)
	at org.apache.hadoop.ipc.Client.getRpcResponse(Client.java:1571)
	at org.apache.hadoop.ipc.Client.call(Client.java:1513)
	at org.apache.hadoop.ipc.Client.call(Client.java:1410)
	at org.apache.hadoop.ipc.ProtobufRpcEngine$Invoker.invoke(ProtobufRpcEngine.java:250)
	at org.apache.hadoop.ipc.ProtobufRpcEngine$Invoker.invoke(ProtobufRpcEngine.java:132)
	at jdk.proxy2/jdk.proxy2.$Proxy110.submitRequest(Unknown Source)
	at org.apache.hadoop.ozone.protocolPB.StorageContainerDatanodeProtocolClientSideTranslatorPB.submitRequest(StorageContainerDatanodeProtocolClientSideTranslatorPB.java:115)
	at org.apache.hadoop.ozone.protocolPB.StorageContainerDatanodeProtocolClientSideTranslatorPB.sendHeartbeat(StorageContainerDatanodeProtocolClientSideTranslatorPB.java:146)
	at org.apache.hadoop.ozone.container.common.states.endpoint.HeartbeatEndpointTask.call(HeartbeatEndpointTask.java:183)
	at org.apache.hadoop.ozone.container.common.states.endpoint.HeartbeatEndpointTask.call(HeartbeatEndpointTask.java:87)
	at java.base/java.util.concurrent.FutureTask.run(FutureTask.java:264)
	at java.base/java.util.concurrent.ThreadPoolExecutor.runWorker(ThreadPoolExecutor.java:1136)
	at java.base/java.util.concurrent.ThreadPoolExecutor$Worker.run(ThreadPoolExecutor.java:635)
	at java.base/java.lang.Thread.run(Thread.java:840)
Caused by: java.net.ConnectException: Connection refused
	at java.base/sun.nio.ch.Net.pollConnect(Native Method)
	at java.base/sun.nio.ch.Net.pollConnectNow(Net.java:672)
	at java.base/sun.nio.ch.SocketChannelImpl.finishConnect(SocketChannelImpl.java:946)
	at org.apache.hadoop.net.SocketIOWithTimeout.connect(SocketIOWithTimeout.java:205)
	at org.apache.hadoop.net.NetUtils.connect(NetUtils.java:600)
	at org.apache.hadoop.ipc.Client$Connection.setupConnection(Client.java:652)
	at org.apache.hadoop.ipc.Client$Connection.setupIOstreams(Client.java:773)
	at org.apache.hadoop.ipc.Client$Connection.access$3800(Client.java:347)
	at org.apache.hadoop.ipc.Client.getConnection(Client.java:1632)
	at org.apache.hadoop.ipc.Client.call(Client.java:1457)
	... 12 more
2024-10-28 08:09:53,485 [dbc8bb5e-43aa-46e2-8b22-902d8de4f543-EndpointStateMachineTaskThread-/127.0.0.1:15012-0 ] INFO  ipc.Client (Client.java:handleConnectionFailure(950)) - Retrying connect to server: localhost/127.0.0.1:15012. Already tried 1 time(s); retry policy is RetryUpToMaximumCountWithFixedSleep(maxRetries=15, sleepTime=1000 MILLISECONDS)
2024-10-28 08:09:54,360 [c1501d64-56a7-4321-969a-305f0b2a668b-EndpointStateMachineTaskThread-/127.0.0.1:15020-0 ] INFO  ipc.Client (Client.java:handleConnectionFailure(950)) - Retrying connect to server: localhost/127.0.0.1:15020. Already tried 1 time(s); retry policy is RetryUpToMaximumCountWithFixedSleep(maxRetries=15, sleepTime=1000 MILLISECONDS)
2024-10-28 08:09:54,360 [d1f2ec58-f55e-45ab-93c5-34baa5ccb560-EndpointStateMachineTaskThread-/127.0.0.1:15004-0 ] INFO  ipc.Client (Client.java:handleConnectionFailure(950)) - Retrying connect to server: localhost/127.0.0.1:15004. Already tried 0 time(s); retry policy is RetryUpToMaximumCountWithFixedSleep(maxRetries=15, sleepTime=1000 MILLISECONDS)
2024-10-28 08:09:54,485 [dbc8bb5e-43aa-46e2-8b22-902d8de4f543-EndpointStateMachineTaskThread-/127.0.0.1:15012-0 ] INFO  ipc.Client (Client.java:handleConnectionFailure(950)) - Retrying connect to server: localhost/127.0.0.1:15012. Already tried 2 time(s); retry policy is RetryUpToMaximumCountWithFixedSleep(maxRetries=15, sleepTime=1000 MILLISECONDS)
2024-10-28 08:09:55,361 [d1f2ec58-f55e-45ab-93c5-34baa5ccb560-EndpointStateMachineTaskThread-/127.0.0.1:15004-0 ] INFO  ipc.Client (Client.java:handleConnectionFailure(950)) - Retrying connect to server: localhost/127.0.0.1:15004. Already tried 1 time(s); retry policy is RetryUpToMaximumCountWithFixedSleep(maxRetries=15, sleepTime=1000 MILLISECONDS)
2024-10-28 08:09:55,361 [c1501d64-56a7-4321-969a-305f0b2a668b-EndpointStateMachineTaskThread-/127.0.0.1:15020-0 ] INFO  ipc.Client (Client.java:handleConnectionFailure(950)) - Retrying connect to server: localhost/127.0.0.1:15020. Already tried 2 time(s); retry policy is RetryUpToMaximumCountWithFixedSleep(maxRetries=15, sleepTime=1000 MILLISECONDS)
2024-10-28 08:09:55,486 [dbc8bb5e-43aa-46e2-8b22-902d8de4f543-EndpointStateMachineTaskThread-/127.0.0.1:15012-0 ] INFO  ipc.Client (Client.java:handleConnectionFailure(950)) - Retrying connect to server: localhost/127.0.0.1:15012. Already tried 3 time(s); retry policy is RetryUpToMaximumCountWithFixedSleep(maxRetries=15, sleepTime=1000 MILLISECONDS)
2024-10-28 08:09:56,361 [d1f2ec58-f55e-45ab-93c5-34baa5ccb560-EndpointStateMachineTaskThread-/127.0.0.1:15004-0 ] INFO  ipc.Client (Client.java:handleConnectionFailure(950)) - Retrying connect to server: localhost/127.0.0.1:15004. Already tried 2 time(s); retry policy is RetryUpToMaximumCountWithFixedSleep(maxRetries=15, sleepTime=1000 MILLISECONDS)
2024-10-28 08:09:56,361 [c1501d64-56a7-4321-969a-305f0b2a668b-EndpointStateMachineTaskThread-/127.0.0.1:15020-0 ] INFO  ipc.Client (Client.java:handleConnectionFailure(950)) - Retrying connect to server: localhost/127.0.0.1:15020. Already tried 3 time(s); retry policy is RetryUpToMaximumCountWithFixedSleep(maxRetries=15, sleepTime=1000 MILLISECONDS)
2024-10-28 08:09:56,486 [dbc8bb5e-43aa-46e2-8b22-902d8de4f543-EndpointStateMachineTaskThread-/127.0.0.1:15012-0 ] INFO  ipc.Client (Client.java:handleConnectionFailure(950)) - Retrying connect to server: localhost/127.0.0.1:15012. Already tried 4 time(s); retry policy is RetryUpToMaximumCountWithFixedSleep(maxRetries=15, sleepTime=1000 MILLISECONDS)
2024-10-28 08:09:57,362 [c1501d64-56a7-4321-969a-305f0b2a668b-EndpointStateMachineTaskThread-/127.0.0.1:15020-0 ] INFO  ipc.Client (Client.java:handleConnectionFailure(950)) - Retrying connect to server: localhost/127.0.0.1:15020. Already tried 4 time(s); retry policy is RetryUpToMaximumCountWithFixedSleep(maxRetries=15, sleepTime=1000 MILLISECONDS)
2024-10-28 08:09:57,362 [d1f2ec58-f55e-45ab-93c5-34baa5ccb560-EndpointStateMachineTaskThread-/127.0.0.1:15004-0 ] INFO  ipc.Client (Client.java:handleConnectionFailure(950)) - Retrying connect to server: localhost/127.0.0.1:15004. Already tried 3 time(s); retry policy is RetryUpToMaximumCountWithFixedSleep(maxRetries=15, sleepTime=1000 MILLISECONDS)
2024-10-28 08:09:57,487 [dbc8bb5e-43aa-46e2-8b22-902d8de4f543-EndpointStateMachineTaskThread-/127.0.0.1:15012-0 ] INFO  ipc.Client (Client.java:handleConnectionFailure(950)) - Retrying connect to server: localhost/127.0.0.1:15012. Already tried 5 time(s); retry policy is RetryUpToMaximumCountWithFixedSleep(maxRetries=15, sleepTime=1000 MILLISECONDS)
2024-10-28 08:09:58,363 [c1501d64-56a7-4321-969a-305f0b2a668b-EndpointStateMachineTaskThread-/127.0.0.1:15020-0 ] INFO  ipc.Client (Client.java:handleConnectionFailure(950)) - Retrying connect to server: localhost/127.0.0.1:15020. Already tried 5 time(s); retry policy is RetryUpToMaximumCountWithFixedSleep(maxRetries=15, sleepTime=1000 MILLISECONDS)
2024-10-28 08:09:58,363 [d1f2ec58-f55e-45ab-93c5-34baa5ccb560-EndpointStateMachineTaskThread-/127.0.0.1:15004-0 ] INFO  ipc.Client (Client.java:handleConnectionFailure(950)) - Retrying connect to server: localhost/127.0.0.1:15004. Already tried 4 time(s); retry policy is RetryUpToMaximumCountWithFixedSleep(maxRetries=15, sleepTime=1000 MILLISECONDS)
2024-10-28 08:09:58,487 [dbc8bb5e-43aa-46e2-8b22-902d8de4f543-EndpointStateMachineTaskThread-/127.0.0.1:15012-0 ] INFO  ipc.Client (Client.java:handleConnectionFailure(950)) - Retrying connect to server: localhost/127.0.0.1:15012. Already tried 6 time(s); retry policy is RetryUpToMaximumCountWithFixedSleep(maxRetries=15, sleepTime=1000 MILLISECONDS)
2024-10-28 08:09:59,364 [d1f2ec58-f55e-45ab-93c5-34baa5ccb560-EndpointStateMachineTaskThread-/127.0.0.1:15004-0 ] INFO  ipc.Client (Client.java:handleConnectionFailure(950)) - Retrying connect to server: localhost/127.0.0.1:15004. Already tried 5 time(s); retry policy is RetryUpToMaximumCountWithFixedSleep(maxRetries=15, sleepTime=1000 MILLISECONDS)
2024-10-28 08:09:59,364 [c1501d64-56a7-4321-969a-305f0b2a668b-EndpointStateMachineTaskThread-/127.0.0.1:15020-0 ] INFO  ipc.Client (Client.java:handleConnectionFailure(950)) - Retrying connect to server: localhost/127.0.0.1:15020. Already tried 6 time(s); retry policy is RetryUpToMaximumCountWithFixedSleep(maxRetries=15, sleepTime=1000 MILLISECONDS)
2024-10-28 08:09:59,487 [dbc8bb5e-43aa-46e2-8b22-902d8de4f543-EndpointStateMachineTaskThread-/127.0.0.1:15012-0 ] INFO  ipc.Client (Client.java:handleConnectionFailure(950)) - Retrying connect to server: localhost/127.0.0.1:15012. Already tried 7 time(s); retry policy is RetryUpToMaximumCountWithFixedSleep(maxRetries=15, sleepTime=1000 MILLISECONDS)
2024-10-28 08:10:00,364 [d1f2ec58-f55e-45ab-93c5-34baa5ccb560-EndpointStateMachineTaskThread-/127.0.0.1:15004-0 ] INFO  ipc.Client (Client.java:handleConnectionFailure(950)) - Retrying connect to server: localhost/127.0.0.1:15004. Already tried 6 time(s); retry policy is RetryUpToMaximumCountWithFixedSleep(maxRetries=15, sleepTime=1000 MILLISECONDS)
2024-10-28 08:10:00,364 [c1501d64-56a7-4321-969a-305f0b2a668b-EndpointStateMachineTaskThread-/127.0.0.1:15020-0 ] INFO  ipc.Client (Client.java:handleConnectionFailure(950)) - Retrying connect to server: localhost/127.0.0.1:15020. Already tried 7 time(s); retry policy is RetryUpToMaximumCountWithFixedSleep(maxRetries=15, sleepTime=1000 MILLISECONDS)
2024-10-28 08:10:00,488 [dbc8bb5e-43aa-46e2-8b22-902d8de4f543-EndpointStateMachineTaskThread-/127.0.0.1:15012-0 ] INFO  ipc.Client (Client.java:handleConnectionFailure(950)) - Retrying connect to server: localhost/127.0.0.1:15012. Already tried 8 time(s); retry policy is RetryUpToMaximumCountWithFixedSleep(maxRetries=15, sleepTime=1000 MILLISECONDS)
2024-10-28 08:10:01,365 [c1501d64-56a7-4321-969a-305f0b2a668b-EndpointStateMachineTaskThread-/127.0.0.1:15020-0 ] INFO  ipc.Client (Client.java:handleConnectionFailure(950)) - Retrying connect to server: localhost/127.0.0.1:15020. Already tried 8 time(s); retry policy is RetryUpToMaximumCountWithFixedSleep(maxRetries=15, sleepTime=1000 MILLISECONDS)
2024-10-28 08:10:01,365 [d1f2ec58-f55e-45ab-93c5-34baa5ccb560-EndpointStateMachineTaskThread-/127.0.0.1:15004-0 ] INFO  ipc.Client (Client.java:handleConnectionFailure(950)) - Retrying connect to server: localhost/127.0.0.1:15004. Already tried 7 time(s); retry policy is RetryUpToMaximumCountWithFixedSleep(maxRetries=15, sleepTime=1000 MILLISECONDS)
2024-10-28 08:10:01,488 [dbc8bb5e-43aa-46e2-8b22-902d8de4f543-EndpointStateMachineTaskThread-/127.0.0.1:15012-0 ] INFO  ipc.Client (Client.java:handleConnectionFailure(950)) - Retrying connect to server: localhost/127.0.0.1:15012. Already tried 9 time(s); retry policy is RetryUpToMaximumCountWithFixedSleep(maxRetries=15, sleepTime=1000 MILLISECONDS)
2024-10-28 08:10:02,366 [c1501d64-56a7-4321-969a-305f0b2a668b-EndpointStateMachineTaskThread-/127.0.0.1:15020-0 ] INFO  ipc.Client (Client.java:handleConnectionFailure(950)) - Retrying connect to server: localhost/127.0.0.1:15020. Already tried 9 time(s); retry policy is RetryUpToMaximumCountWithFixedSleep(maxRetries=15, sleepTime=1000 MILLISECONDS)
2024-10-28 08:10:02,366 [d1f2ec58-f55e-45ab-93c5-34baa5ccb560-EndpointStateMachineTaskThread-/127.0.0.1:15004-0 ] INFO  ipc.Client (Client.java:handleConnectionFailure(950)) - Retrying connect to server: localhost/127.0.0.1:15004. Already tried 8 time(s); retry policy is RetryUpToMaximumCountWithFixedSleep(maxRetries=15, sleepTime=1000 MILLISECONDS)
2024-10-28 08:10:02,489 [dbc8bb5e-43aa-46e2-8b22-902d8de4f543-EndpointStateMachineTaskThread-/127.0.0.1:15012-0 ] INFO  ipc.Client (Client.java:handleConnectionFailure(950)) - Retrying connect to server: localhost/127.0.0.1:15012. Already tried 10 time(s); retry policy is RetryUpToMaximumCountWithFixedSleep(maxRetries=15, sleepTime=1000 MILLISECONDS)
2024-10-28 08:10:03,366 [d1f2ec58-f55e-45ab-93c5-34baa5ccb560-EndpointStateMachineTaskThread-/127.0.0.1:15004-0 ] INFO  ipc.Client (Client.java:handleConnectionFailure(950)) - Retrying connect to server: localhost/127.0.0.1:15004. Already tried 9 time(s); retry policy is RetryUpToMaximumCountWithFixedSleep(maxRetries=15, sleepTime=1000 MILLISECONDS)
2024-10-28 08:10:03,366 [c1501d64-56a7-4321-969a-305f0b2a668b-EndpointStateMachineTaskThread-/127.0.0.1:15020-0 ] INFO  ipc.Client (Client.java:handleConnectionFailure(950)) - Retrying connect to server: localhost/127.0.0.1:15020. Already tried 10 time(s); retry policy is RetryUpToMaximumCountWithFixedSleep(maxRetries=15, sleepTime=1000 MILLISECONDS)
2024-10-28 08:10:03,489 [dbc8bb5e-43aa-46e2-8b22-902d8de4f543-EndpointStateMachineTaskThread-/127.0.0.1:15012-0 ] INFO  ipc.Client (Client.java:handleConnectionFailure(950)) - Retrying connect to server: localhost/127.0.0.1:15012. Already tried 11 time(s); retry policy is RetryUpToMaximumCountWithFixedSleep(maxRetries=15, sleepTime=1000 MILLISECONDS)
2024-10-28 08:10:04,367 [c1501d64-56a7-4321-969a-305f0b2a668b-EndpointStateMachineTaskThread-/127.0.0.1:15020-0 ] INFO  ipc.Client (Client.java:handleConnectionFailure(950)) - Retrying connect to server: localhost/127.0.0.1:15020. Already tried 11 time(s); retry policy is RetryUpToMaximumCountWithFixedSleep(maxRetries=15, sleepTime=1000 MILLISECONDS)
2024-10-28 08:10:04,367 [d1f2ec58-f55e-45ab-93c5-34baa5ccb560-EndpointStateMachineTaskThread-/127.0.0.1:15004-0 ] INFO  ipc.Client (Client.java:handleConnectionFailure(950)) - Retrying connect to server: localhost/127.0.0.1:15004. Already tried 10 time(s); retry policy is RetryUpToMaximumCountWithFixedSleep(maxRetries=15, sleepTime=1000 MILLISECONDS)
2024-10-28 08:10:04,490 [dbc8bb5e-43aa-46e2-8b22-902d8de4f543-EndpointStateMachineTaskThread-/127.0.0.1:15012-0 ] INFO  ipc.Client (Client.java:handleConnectionFailure(950)) - Retrying connect to server: localhost/127.0.0.1:15012. Already tried 12 time(s); retry policy is RetryUpToMaximumCountWithFixedSleep(maxRetries=15, sleepTime=1000 MILLISECONDS)
2024-10-28 08:10:05,368 [d1f2ec58-f55e-45ab-93c5-34baa5ccb560-EndpointStateMachineTaskThread-/127.0.0.1:15004-0 ] INFO  ipc.Client (Client.java:handleConnectionFailure(950)) - Retrying connect to server: localhost/127.0.0.1:15004. Already tried 11 time(s); retry policy is RetryUpToMaximumCountWithFixedSleep(maxRetries=15, sleepTime=1000 MILLISECONDS)
2024-10-28 08:10:05,368 [c1501d64-56a7-4321-969a-305f0b2a668b-EndpointStateMachineTaskThread-/127.0.0.1:15020-0 ] INFO  ipc.Client (Client.java:handleConnectionFailure(950)) - Retrying connect to server: localhost/127.0.0.1:15020. Already tried 12 time(s); retry policy is RetryUpToMaximumCountWithFixedSleep(maxRetries=15, sleepTime=1000 MILLISECONDS)
2024-10-28 08:10:05,490 [dbc8bb5e-43aa-46e2-8b22-902d8de4f543-EndpointStateMachineTaskThread-/127.0.0.1:15012-0 ] INFO  ipc.Client (Client.java:handleConnectionFailure(950)) - Retrying connect to server: localhost/127.0.0.1:15012. Already tried 13 time(s); retry policy is RetryUpToMaximumCountWithFixedSleep(maxRetries=15, sleepTime=1000 MILLISECONDS)
2024-10-28 08:10:06,369 [d1f2ec58-f55e-45ab-93c5-34baa5ccb560-EndpointStateMachineTaskThread-/127.0.0.1:15004-0 ] INFO  ipc.Client (Client.java:handleConnectionFailure(950)) - Retrying connect to server: localhost/127.0.0.1:15004. Already tried 12 time(s); retry policy is RetryUpToMaximumCountWithFixedSleep(maxRetries=15, sleepTime=1000 MILLISECONDS)
2024-10-28 08:10:06,369 [c1501d64-56a7-4321-969a-305f0b2a668b-EndpointStateMachineTaskThread-/127.0.0.1:15020-0 ] INFO  ipc.Client (Client.java:handleConnectionFailure(950)) - Retrying connect to server: localhost/127.0.0.1:15020. Already tried 13 time(s); retry policy is RetryUpToMaximumCountWithFixedSleep(maxRetries=15, sleepTime=1000 MILLISECONDS)
2024-10-28 08:10:06,490 [dbc8bb5e-43aa-46e2-8b22-902d8de4f543-EndpointStateMachineTaskThread-/127.0.0.1:15012-0 ] INFO  ipc.Client (Client.java:handleConnectionFailure(950)) - Retrying connect to server: localhost/127.0.0.1:15012. Already tried 14 time(s); retry policy is RetryUpToMaximumCountWithFixedSleep(maxRetries=15, sleepTime=1000 MILLISECONDS)
2024-10-28 08:10:07,369 [c1501d64-56a7-4321-969a-305f0b2a668b-EndpointStateMachineTaskThread-/127.0.0.1:15020-0 ] INFO  ipc.Client (Client.java:handleConnectionFailure(950)) - Retrying connect to server: localhost/127.0.0.1:15020. Already tried 14 time(s); retry policy is RetryUpToMaximumCountWithFixedSleep(maxRetries=15, sleepTime=1000 MILLISECONDS)
2024-10-28 08:10:07,369 [d1f2ec58-f55e-45ab-93c5-34baa5ccb560-EndpointStateMachineTaskThread-/127.0.0.1:15004-0 ] INFO  ipc.Client (Client.java:handleConnectionFailure(950)) - Retrying connect to server: localhost/127.0.0.1:15004. Already tried 13 time(s); retry policy is RetryUpToMaximumCountWithFixedSleep(maxRetries=15, sleepTime=1000 MILLISECONDS)
2024-10-28 08:10:07,491 [d1f2ec58-f55e-45ab-93c5-34baa5ccb560-EndpointStateMachineTaskThread-/127.0.0.1:15012-0 ] INFO  ipc.Client (Client.java:handleConnectionFailure(950)) - Retrying connect to server: localhost/127.0.0.1:15012. Already tried 0 time(s); retry policy is RetryUpToMaximumCountWithFixedSleep(maxRetries=15, sleepTime=1000 MILLISECONDS)
2024-10-28 08:10:08,370 [d1f2ec58-f55e-45ab-93c5-34baa5ccb560-EndpointStateMachineTaskThread-/127.0.0.1:15004-0 ] INFO  ipc.Client (Client.java:handleConnectionFailure(950)) - Retrying connect to server: localhost/127.0.0.1:15004. Already tried 14 time(s); retry policy is RetryUpToMaximumCountWithFixedSleep(maxRetries=15, sleepTime=1000 MILLISECONDS)
2024-10-28 08:10:08,370 [dbc8bb5e-43aa-46e2-8b22-902d8de4f543-EndpointStateMachineTaskThread-/127.0.0.1:15020-0 ] INFO  ipc.Client (Client.java:handleConnectionFailure(950)) - Retrying connect to server: localhost/127.0.0.1:15020. Already tried 0 time(s); retry policy is RetryUpToMaximumCountWithFixedSleep(maxRetries=15, sleepTime=1000 MILLISECONDS)
2024-10-28 08:10:08,371 [d1f2ec58-f55e-45ab-93c5-34baa5ccb560-EndpointStateMachineTaskThread-/127.0.0.1:15004-0 ] WARN  statemachine.EndpointStateMachine (EndpointStateMachine.java:logIfNeeded(240)) - Unable to communicate to SCM server at localhost/127.0.0.1:15004 for past 0 seconds.
java.net.ConnectException: Call From fv-az886-152/10.1.0.23 to localhost:15004 failed on connection exception: java.net.ConnectException: Connection refused; For more details see:  http://wiki.apache.org/hadoop/ConnectionRefused
	at java.base/jdk.internal.reflect.NativeConstructorAccessorImpl.newInstance0(Native Method)
	at java.base/jdk.internal.reflect.NativeConstructorAccessorImpl.newInstance(NativeConstructorAccessorImpl.java:77)
	at java.base/jdk.internal.reflect.DelegatingConstructorAccessorImpl.newInstance(DelegatingConstructorAccessorImpl.java:45)
	at java.base/java.lang.reflect.Constructor.newInstanceWithCaller(Constructor.java:500)
	at java.base/java.lang.reflect.Constructor.newInstance(Constructor.java:481)
	at org.apache.hadoop.net.NetUtils.wrapWithMessage(NetUtils.java:930)
	at org.apache.hadoop.net.NetUtils.wrapException(NetUtils.java:845)
	at org.apache.hadoop.ipc.Client.getRpcResponse(Client.java:1571)
	at org.apache.hadoop.ipc.Client.call(Client.java:1513)
	at org.apache.hadoop.ipc.Client.call(Client.java:1410)
	at org.apache.hadoop.ipc.ProtobufRpcEngine$Invoker.invoke(ProtobufRpcEngine.java:250)
	at org.apache.hadoop.ipc.ProtobufRpcEngine$Invoker.invoke(ProtobufRpcEngine.java:132)
	at jdk.proxy2/jdk.proxy2.$Proxy110.submitRequest(Unknown Source)
	at org.apache.hadoop.ozone.protocolPB.StorageContainerDatanodeProtocolClientSideTranslatorPB.submitRequest(StorageContainerDatanodeProtocolClientSideTranslatorPB.java:115)
	at org.apache.hadoop.ozone.protocolPB.StorageContainerDatanodeProtocolClientSideTranslatorPB.sendHeartbeat(StorageContainerDatanodeProtocolClientSideTranslatorPB.java:146)
	at org.apache.hadoop.ozone.container.common.states.endpoint.HeartbeatEndpointTask.call(HeartbeatEndpointTask.java:183)
	at org.apache.hadoop.ozone.container.common.states.endpoint.HeartbeatEndpointTask.call(HeartbeatEndpointTask.java:87)
	at java.base/java.util.concurrent.FutureTask.run(FutureTask.java:264)
	at java.base/java.util.concurrent.ThreadPoolExecutor.runWorker(ThreadPoolExecutor.java:1136)
	at java.base/java.util.concurrent.ThreadPoolExecutor$Worker.run(ThreadPoolExecutor.java:635)
	at java.base/java.lang.Thread.run(Thread.java:840)
Caused by: java.net.ConnectException: Connection refused
	at java.base/sun.nio.ch.Net.pollConnect(Native Method)
	at java.base/sun.nio.ch.Net.pollConnectNow(Net.java:672)
	at java.base/sun.nio.ch.SocketChannelImpl.finishConnect(SocketChannelImpl.java:946)
	at org.apache.hadoop.net.SocketIOWithTimeout.connect(SocketIOWithTimeout.java:205)
	at org.apache.hadoop.net.NetUtils.connect(NetUtils.java:600)
	at org.apache.hadoop.ipc.Client$Connection.setupConnection(Client.java:652)
	at org.apache.hadoop.ipc.Client$Connection.setupIOstreams(Client.java:773)
	at org.apache.hadoop.ipc.Client$Connection.access$3800(Client.java:347)
	at org.apache.hadoop.ipc.Client.getConnection(Client.java:1632)
	at org.apache.hadoop.ipc.Client.call(Client.java:1457)
	... 12 more
2024-10-28 08:10:09,371 [dbc8bb5e-43aa-46e2-8b22-902d8de4f543-EndpointStateMachineTaskThread-/127.0.0.1:15020-0 ] INFO  ipc.Client (Client.java:handleConnectionFailure(950)) - Retrying connect to server: localhost/127.0.0.1:15020. Already tried 1 time(s); retry policy is RetryUpToMaximumCountWithFixedSleep(maxRetries=15, sleepTime=1000 MILLISECONDS)
2024-10-28 08:10:08,492 [d1f2ec58-f55e-45ab-93c5-34baa5ccb560-EndpointStateMachineTaskThread-/127.0.0.1:15012-0 ] INFO  ipc.Client (Client.java:handleConnectionFailure(950)) - Retrying connect to server: localhost/127.0.0.1:15012. Already tried 1 time(s); retry policy is RetryUpToMaximumCountWithFixedSleep(maxRetries=15, sleepTime=1000 MILLISECONDS)
2024-10-28 08:10:12,051 [main] INFO  server.RaftServerConfigKeys (ConfUtils.java:logGet(46)) - raft.server.log.appender.buffer.byte-limit = 4194304 (custom)
2024-10-28 08:10:12,052 [main] INFO  server.RaftServer (ConfUtils.java:logGet(46)) - raft.rpc.type = GRPC (default)
2024-10-28 08:10:12,053 [main] INFO  grpc.GrpcConfigKeys (ConfUtils.java:logFallback(53)) - raft.grpc.admin.host = null (fallback to raft.grpc.server.host)
2024-10-28 08:10:12,053 [main] INFO  grpc.GrpcConfigKeys (ConfUtils.java:logFallback(53)) - raft.grpc.admin.port = 15078 (fallback to raft.grpc.server.port)
2024-10-28 08:10:12,053 [main] INFO  grpc.GrpcConfigKeys (ConfUtils.java:logFallback(53)) - raft.grpc.client.host = null (fallback to raft.grpc.server.host)
2024-10-28 08:10:12,053 [main] INFO  grpc.GrpcConfigKeys (ConfUtils.java:logFallback(53)) - raft.grpc.client.port = 15078 (fallback to raft.grpc.server.port)
2024-10-28 08:10:12,053 [main] INFO  grpc.GrpcConfigKeys (ConfUtils.java:logGet(46)) - raft.grpc.server.host = null (default)
2024-10-28 08:10:12,053 [main] INFO  grpc.GrpcConfigKeys (ConfUtils.java:logGet(46)) - raft.grpc.server.port = 15078 (custom)
2024-10-28 08:10:12,053 [main] INFO  server.GrpcService (ConfUtils.java:logGet(46)) - raft.grpc.message.size.max = 5242880 (custom)
2024-10-28 08:10:12,053 [main] INFO  server.GrpcService (ConfUtils.java:logGet(46)) - raft.grpc.flow.control.window = 1MB (=1048576) (default)
2024-10-28 08:10:12,053 [main] INFO  server.RaftServerConfigKeys (ConfUtils.java:logGet(46)) - raft.server.rpc.request.timeout = 30000ms (custom)
2024-10-28 08:10:12,054 [main] INFO  grpc.GrpcConfigKeys (ConfUtils.java:logGet(46)) - raft.grpc.server.heartbeat.channel = true (default)
2024-10-28 08:10:12,054 [main] INFO  server.RaftServerConfigKeys (ConfUtils.java:logGet(46)) - raft.server.log.appender.buffer.byte-limit = 4194304 (custom)
2024-10-28 08:10:12,054 [main] INFO  grpc.GrpcConfigKeys (ConfUtils.java:logGet(46)) - raft.grpc.server.async.request.thread.pool.cached = true (default)
2024-10-28 08:10:12,054 [main] INFO  grpc.GrpcConfigKeys (ConfUtils.java:logGet(46)) - raft.grpc.server.async.request.thread.pool.size = 32 (default)
2024-10-28 08:10:12,055 [main] INFO  impl.DataStreamServerImpl (ConfUtils.java:logGet(46)) - raft.datastream.type = DISABLED (default)
2024-10-28 08:10:12,055 [main] INFO  server.RaftServerConfigKeys (ConfUtils.java:logGet(46)) - raft.server.sleep.deviation.threshold = 300ms (default)
2024-10-28 08:10:12,055 [main] INFO  server.RaftServerConfigKeys (ConfUtils.java:logGet(46)) - raft.server.close.threshold = 60s (default)
2024-10-28 08:10:12,056 [main] INFO  server.RaftServerConfigKeys (ConfUtils.java:logGet(46)) - raft.server.leaderelection.leader.step-down.wait-time = 10s (default)
2024-10-28 08:10:12,056 [main] INFO  server.RaftServerConfigKeys (ConfUtils.java:logGet(46)) - raft.server.storage.dir = [/home/runner/work/ozone/ozone/hadoop-ozone/integration-test/target/test-dir/MiniOzoneClusterImpl-0da7ab08-e378-40bf-aed1-312ccc1152ed/scmNode-1/scm-ha] (custom)
2024-10-28 08:10:12,056 [main] INFO  server.RaftServerConfigKeys (ConfUtils.java:logGet(46)) - raft.server.threadpool.proxy.cached = true (default)
2024-10-28 08:10:12,056 [main] INFO  server.RaftServerConfigKeys (ConfUtils.java:logGet(46)) - raft.server.threadpool.proxy.size = 0 (default)
2024-10-28 08:10:12,057 [main] INFO  server.RaftServer (RaftServerProxy.java:addNew(100)) - 41ad025f-af8e-4c4e-9124-a1617073bc42: addNew group-312CCC1152ED:[41ad025f-af8e-4c4e-9124-a1617073bc42|localhost:15078] returns group-312CCC1152ED:java.util.concurrent.CompletableFuture@65b0d7e0[Not completed]
2024-10-28 08:10:12,057 [41ad025f-af8e-4c4e-9124-a1617073bc42-groupManagement] INFO  server.RaftServer$Division (RaftServerImpl.java:<init>(254)) - 41ad025f-af8e-4c4e-9124-a1617073bc42: new RaftServerImpl for group-312CCC1152ED:[41ad025f-af8e-4c4e-9124-a1617073bc42|localhost:15078] with SCMStateMachine:uninitialized
2024-10-28 08:10:12,057 [41ad025f-af8e-4c4e-9124-a1617073bc42-groupManagement] INFO  server.RaftServerConfigKeys (ConfUtils.java:logGet(46)) - raft.server.rpc.timeout.min = 5000ms (custom)
2024-10-28 08:10:12,057 [41ad025f-af8e-4c4e-9124-a1617073bc42-groupManagement] INFO  server.RaftServerConfigKeys (ConfUtils.java:logGet(46)) - raft.server.rpc.timeout.max = 5200ms (custom)
2024-10-28 08:10:12,057 [41ad025f-af8e-4c4e-9124-a1617073bc42-groupManagement] INFO  server.RaftServerConfigKeys (ConfUtils.java:logGet(46)) - raft.server.rpc.sleep.time = 25ms (default)
2024-10-28 08:10:12,057 [41ad025f-af8e-4c4e-9124-a1617073bc42-groupManagement] INFO  server.RaftServerConfigKeys (ConfUtils.java:logGet(46)) - raft.server.rpc.slowness.timeout = 120000ms (custom)
2024-10-28 08:10:12,057 [41ad025f-af8e-4c4e-9124-a1617073bc42-groupManagement] INFO  server.RaftServerConfigKeys (ConfUtils.java:logGet(46)) - raft.server.leaderelection.leader.step-down.wait-time = 10s (default)
2024-10-28 08:10:12,057 [41ad025f-af8e-4c4e-9124-a1617073bc42-groupManagement] INFO  server.RaftServerConfigKeys (ConfUtils.java:logGet(46)) - raft.server.leaderelection.member.majority-add = false (default)
2024-10-28 08:10:12,057 [41ad025f-af8e-4c4e-9124-a1617073bc42-groupManagement] INFO  server.RaftServerConfigKeys (ConfUtils.java:logGet(46)) - raft.server.sleep.deviation.threshold = 300ms (default)
2024-10-28 08:10:12,058 [41ad025f-af8e-4c4e-9124-a1617073bc42-groupManagement] INFO  server.RaftServer$Division (ServerState.java:<init>(114)) - 41ad025f-af8e-4c4e-9124-a1617073bc42@group-312CCC1152ED: ConfigurationManager, init=conf: {index: -1, cur=peers:[41ad025f-af8e-4c4e-9124-a1617073bc42|localhost:15078]|listeners:[], old=null}, confs=<EMPTY_MAP>
2024-10-28 08:10:12,058 [41ad025f-af8e-4c4e-9124-a1617073bc42-groupManagement] INFO  server.RaftServerConfigKeys (ConfUtils.java:logGet(46)) - raft.server.notification.no-leader.timeout = 60s (default)
2024-10-28 08:10:12,058 [41ad025f-af8e-4c4e-9124-a1617073bc42-groupManagement] INFO  server.RaftServerConfigKeys (ConfUtils.java:logGet(46)) - raft.server.read.timeout = 10s (default)
2024-10-28 08:10:12,058 [41ad025f-af8e-4c4e-9124-a1617073bc42-groupManagement] INFO  server.RaftServerConfigKeys (ConfUtils.java:logGet(46)) - raft.server.retrycache.expirytime = 60000ms (default)
2024-10-28 08:10:12,058 [41ad025f-af8e-4c4e-9124-a1617073bc42-groupManagement] INFO  server.RaftServerConfigKeys (ConfUtils.java:logGet(46)) - raft.server.retrycache.statistics.expirytime = 100ms (default)
2024-10-28 08:10:12,058 [41ad025f-af8e-4c4e-9124-a1617073bc42-groupManagement] INFO  server.RaftServerConfigKeys (ConfUtils.java:logGet(46)) - raft.server.read.option = DEFAULT (default)
2024-10-28 08:10:12,058 [41ad025f-af8e-4c4e-9124-a1617073bc42-groupManagement] INFO  server.RaftServerConfigKeys (ConfUtils.java:logGet(46)) - raft.server.read.read-after-write-consistent.write-index-cache.expiry-time = 60s (default)
2024-10-28 08:10:12,059 [41ad025f-af8e-4c4e-9124-a1617073bc42-groupManagement] INFO  server.RaftServerConfigKeys (ConfUtils.java:logGet(46)) - raft.server.rpc.request.timeout = 30000ms (custom)
2024-10-28 08:10:12,059 [41ad025f-af8e-4c4e-9124-a1617073bc42-groupManagement] INFO  server.RaftServerConfigKeys (ConfUtils.java:logGet(46)) - raft.server.log.appender.install.snapshot.enabled = false (custom)
2024-10-28 08:10:12,059 [41ad025f-af8e-4c4e-9124-a1617073bc42-groupManagement] INFO  server.RaftServerConfigKeys (ConfUtils.java:logGet(46)) - raft.server.threadpool.server.cached = true (default)
2024-10-28 08:10:12,059 [41ad025f-af8e-4c4e-9124-a1617073bc42-groupManagement] INFO  server.RaftServerConfigKeys (ConfUtils.java:logGet(46)) - raft.server.threadpool.server.size = 0 (default)
2024-10-28 08:10:12,059 [41ad025f-af8e-4c4e-9124-a1617073bc42-groupManagement] INFO  server.RaftServerConfigKeys (ConfUtils.java:logGet(46)) - raft.server.threadpool.client.cached = true (default)
2024-10-28 08:10:12,059 [41ad025f-af8e-4c4e-9124-a1617073bc42-groupManagement] INFO  server.RaftServerConfigKeys (ConfUtils.java:logGet(46)) - raft.server.threadpool.client.size = 0 (default)
2024-10-28 08:10:12,060 [41ad025f-af8e-4c4e-9124-a1617073bc42-impl-thread1] INFO  server.RaftServerConfigKeys (ConfUtils.java:logGet(46)) - raft.server.storage.free-space.min = 0MB (=0) (default)
2024-10-28 08:10:12,060 [41ad025f-af8e-4c4e-9124-a1617073bc42-impl-thread1] INFO  server.RaftServerConfigKeys (ConfUtils.java:logGet(46)) - raft.server.log.corruption.policy = EXCEPTION (default)
2024-10-28 08:10:12,060 [41ad025f-af8e-4c4e-9124-a1617073bc42-impl-thread1] INFO  server.RaftServerConfigKeys (ConfUtils.java:logGet(46)) - raft.server.storage.dir = [/home/runner/work/ozone/ozone/hadoop-ozone/integration-test/target/test-dir/MiniOzoneClusterImpl-0da7ab08-e378-40bf-aed1-312ccc1152ed/scmNode-1/scm-ha] (custom)
2024-10-28 08:10:12,060 [41ad025f-af8e-4c4e-9124-a1617073bc42-impl-thread1] INFO  storage.RaftStorageDirectory (RaftStorageDirectoryImpl.java:analyzeStorage(138)) - The storage directory /home/runner/work/ozone/ozone/hadoop-ozone/integration-test/target/test-dir/MiniOzoneClusterImpl-0da7ab08-e378-40bf-aed1-312ccc1152ed/scmNode-1/scm-ha/0da7ab08-e378-40bf-aed1-312ccc1152ed does not exist. Creating ...
2024-10-28 08:10:12,113 [41ad025f-af8e-4c4e-9124-a1617073bc42-impl-thread1] INFO  storage.RaftStorageDirectory (RaftStorageDirectoryImpl.java:tryLock(229)) - Lock on /home/runner/work/ozone/ozone/hadoop-ozone/integration-test/target/test-dir/MiniOzoneClusterImpl-0da7ab08-e378-40bf-aed1-312ccc1152ed/scmNode-1/scm-ha/0da7ab08-e378-40bf-aed1-312ccc1152ed/in_use.lock acquired by nodename 9135@fv-az886-152
2024-10-28 08:10:12,114 [41ad025f-af8e-4c4e-9124-a1617073bc42-impl-thread1] INFO  storage.RaftStorage (RaftStorageImpl.java:format(98)) - Storage directory /home/runner/work/ozone/ozone/hadoop-ozone/integration-test/target/test-dir/MiniOzoneClusterImpl-0da7ab08-e378-40bf-aed1-312ccc1152ed/scmNode-1/scm-ha/0da7ab08-e378-40bf-aed1-312ccc1152ed has been successfully formatted.
2024-10-28 08:10:12,115 [41ad025f-af8e-4c4e-9124-a1617073bc42-impl-thread1] INFO  ha.SCMStateMachine (SCMStateMachine.java:lambda$initialize$0(140)) - 41ad025f-af8e-4c4e-9124-a1617073bc42: initialize group-312CCC1152ED
2024-10-28 08:10:12,115 [41ad025f-af8e-4c4e-9124-a1617073bc42-impl-thread1] INFO  server.RaftServerConfigKeys (ConfUtils.java:logGet(46)) - raft.server.log.use.memory = false (default)
2024-10-28 08:10:12,115 [41ad025f-af8e-4c4e-9124-a1617073bc42-impl-thread1] INFO  server.RaftServerConfigKeys (ConfUtils.java:logGet(46)) - raft.server.log.purge.gap = 1000000 (custom)
2024-10-28 08:10:12,115 [41ad025f-af8e-4c4e-9124-a1617073bc42-impl-thread1] INFO  server.RaftServerConfigKeys (ConfUtils.java:logGet(46)) - raft.server.log.appender.buffer.byte-limit = 4194304 (custom)
2024-10-28 08:10:12,115 [41ad025f-af8e-4c4e-9124-a1617073bc42-impl-thread1] INFO  server.RaftServerConfigKeys (ConfUtils.java:logGet(46)) - raft.server.log.statemachine.data.read.timeout = 1000ms (default)
2024-10-28 08:10:12,115 [41ad025f-af8e-4c4e-9124-a1617073bc42-impl-thread1] INFO  server.RaftServerConfigKeys (ConfUtils.java:logGet(46)) - raft.server.log.purge.preservation.log.num = 0 (default)
2024-10-28 08:10:12,115 [41ad025f-af8e-4c4e-9124-a1617073bc42-impl-thread1] INFO  server.RaftServerConfigKeys (ConfUtils.java:logGet(46)) - raft.server.log.segment.size.max = 4194304 (custom)
2024-10-28 08:10:12,116 [41ad025f-af8e-4c4e-9124-a1617073bc42-impl-thread1] INFO  server.RaftServerConfigKeys (ConfUtils.java:logGet(46)) - raft.server.log.segment.cache.num.max = 2 (custom)
2024-10-28 08:10:12,116 [41ad025f-af8e-4c4e-9124-a1617073bc42-impl-thread1] INFO  server.RaftServerConfigKeys (ConfUtils.java:logGet(46)) - raft.server.log.segment.cache.size.max = 200MB (=209715200) (default)
2024-10-28 08:10:12,116 [41ad025f-af8e-4c4e-9124-a1617073bc42-impl-thread1] INFO  server.RaftServerConfigKeys (ConfUtils.java:logGet(46)) - raft.server.log.appender.buffer.byte-limit = 4194304 (custom)
2024-10-28 08:10:12,116 [41ad025f-af8e-4c4e-9124-a1617073bc42-impl-thread1] INFO  util.AwaitToRun (AwaitToRun.java:start(81)) - Thread[41ad025f-af8e-4c4e-9124-a1617073bc42@group-312CCC1152ED-cacheEviction-AwaitToRun,5,main] started
2024-10-28 08:10:12,116 [41ad025f-af8e-4c4e-9124-a1617073bc42-impl-thread1] INFO  segmented.SegmentedRaftLogWorker (SegmentedRaftLogWorker.java:<init>(187)) - new 41ad025f-af8e-4c4e-9124-a1617073bc42@group-312CCC1152ED-SegmentedRaftLogWorker for RaftStorageImpl:Storage Directory /home/runner/work/ozone/ozone/hadoop-ozone/integration-test/target/test-dir/MiniOzoneClusterImpl-0da7ab08-e378-40bf-aed1-312ccc1152ed/scmNode-1/scm-ha/0da7ab08-e378-40bf-aed1-312ccc1152ed
2024-10-28 08:10:12,116 [41ad025f-af8e-4c4e-9124-a1617073bc42-impl-thread1] INFO  server.RaftServerConfigKeys (ConfUtils.java:logGet(46)) - raft.server.log.queue.byte-limit = 64MB (=67108864) (default)
2024-10-28 08:10:12,116 [41ad025f-af8e-4c4e-9124-a1617073bc42-impl-thread1] INFO  server.RaftServerConfigKeys (ConfUtils.java:logGet(46)) - raft.server.log.queue.element-limit = 4096 (default)
2024-10-28 08:10:12,116 [41ad025f-af8e-4c4e-9124-a1617073bc42-impl-thread1] INFO  server.RaftServerConfigKeys (ConfUtils.java:logGet(46)) - raft.server.log.segment.size.max = 4194304 (custom)
2024-10-28 08:10:12,116 [41ad025f-af8e-4c4e-9124-a1617073bc42-impl-thread1] INFO  server.RaftServerConfigKeys (ConfUtils.java:logGet(46)) - raft.server.log.preallocated.size = 4194304 (custom)
2024-10-28 08:10:12,116 [41ad025f-af8e-4c4e-9124-a1617073bc42-impl-thread1] INFO  server.RaftServerConfigKeys (ConfUtils.java:logGet(46)) - raft.server.log.force.sync.num = 128 (default)
2024-10-28 08:10:12,116 [41ad025f-af8e-4c4e-9124-a1617073bc42-impl-thread1] INFO  server.RaftServerConfigKeys (ConfUtils.java:logGet(46)) - raft.server.log.statemachine.data.sync = true (default)
2024-10-28 08:10:12,116 [41ad025f-af8e-4c4e-9124-a1617073bc42-impl-thread1] INFO  server.RaftServerConfigKeys (ConfUtils.java:logGet(46)) - raft.server.log.statemachine.data.sync.timeout = 10s (default)
2024-10-28 08:10:12,116 [41ad025f-af8e-4c4e-9124-a1617073bc42-impl-thread1] INFO  server.RaftServerConfigKeys (ConfUtils.java:logGet(46)) - raft.server.log.statemachine.data.sync.timeout.retry = -1 (default)
2024-10-28 08:10:12,117 [41ad025f-af8e-4c4e-9124-a1617073bc42-impl-thread1] INFO  server.RaftServerConfigKeys (ConfUtils.java:logGet(46)) - raft.server.log.write.buffer.size = 4194312 (custom)
2024-10-28 08:10:12,117 [41ad025f-af8e-4c4e-9124-a1617073bc42-impl-thread1] INFO  server.RaftServerConfigKeys (ConfUtils.java:logGet(46)) - raft.server.log.appender.buffer.byte-limit = 4194304 (custom)
2024-10-28 08:10:12,117 [41ad025f-af8e-4c4e-9124-a1617073bc42-impl-thread1] INFO  server.RaftServerConfigKeys (ConfUtils.java:logGet(46)) - raft.server.log.unsafe-flush.enabled = false (default)
2024-10-28 08:10:12,117 [41ad025f-af8e-4c4e-9124-a1617073bc42-impl-thread1] INFO  server.RaftServerConfigKeys (ConfUtils.java:logGet(46)) - raft.server.log.async-flush.enabled = false (default)
2024-10-28 08:10:12,117 [41ad025f-af8e-4c4e-9124-a1617073bc42-impl-thread1] INFO  server.RaftServerConfigKeys (ConfUtils.java:logGet(46)) - raft.server.log.statemachine.data.caching.enabled = false (default)
2024-10-28 08:10:12,117 [41ad025f-af8e-4c4e-9124-a1617073bc42-impl-thread1] INFO  segmented.SegmentedRaftLogWorker (SegmentedRaftLogWorker.java:lambda$new$0(138)) - 41ad025f-af8e-4c4e-9124-a1617073bc42@group-312CCC1152ED-SegmentedRaftLogWorker: flushIndex: setUnconditionally 0 -> -1
2024-10-28 08:10:12,117 [41ad025f-af8e-4c4e-9124-a1617073bc42-impl-thread1] INFO  segmented.SegmentedRaftLogWorker (SegmentedRaftLogWorker.java:lambda$new$0(138)) - 41ad025f-af8e-4c4e-9124-a1617073bc42@group-312CCC1152ED-SegmentedRaftLogWorker: safeCacheEvictIndex: setUnconditionally 0 -> -1
2024-10-28 08:10:12,118 [41ad025f-af8e-4c4e-9124-a1617073bc42-impl-thread1] INFO  server.RaftServer$Division (RaftServerImpl.java:start(390)) - 41ad025f-af8e-4c4e-9124-a1617073bc42@group-312CCC1152ED: start as a follower, conf=conf: {index: -1, cur=peers:[41ad025f-af8e-4c4e-9124-a1617073bc42|localhost:15078]|listeners:[], old=null}
2024-10-28 08:10:12,118 [41ad025f-af8e-4c4e-9124-a1617073bc42-impl-thread1] INFO  server.RaftServer$Division (RaftServerImpl.java:setRole(377)) - 41ad025f-af8e-4c4e-9124-a1617073bc42@group-312CCC1152ED: changes role from      null to FOLLOWER at term 0 for startAsFollower
2024-10-28 08:10:12,118 [41ad025f-af8e-4c4e-9124-a1617073bc42-impl-thread1] INFO  impl.RoleInfo (RoleInfo.java:updateAndGet(148)) - 41ad025f-af8e-4c4e-9124-a1617073bc42: start 41ad025f-af8e-4c4e-9124-a1617073bc42@group-312CCC1152ED-FollowerState
2024-10-28 08:10:12,118 [41ad025f-af8e-4c4e-9124-a1617073bc42@group-312CCC1152ED-FollowerState] INFO  server.RaftServerConfigKeys (ConfUtils.java:logFallback(53)) - raft.server.rpc.first-election.timeout.min = 5000ms (fallback to raft.server.rpc.timeout.min)
2024-10-28 08:10:12,118 [41ad025f-af8e-4c4e-9124-a1617073bc42-impl-thread1] INFO  util.JmxRegister (JmxRegister.java:tryRegister(44)) - Successfully registered JMX Bean with object name Ratis:service=RaftServer,group=group-312CCC1152ED,id=41ad025f-af8e-4c4e-9124-a1617073bc42
2024-10-28 08:10:12,118 [41ad025f-af8e-4c4e-9124-a1617073bc42-impl-thread1] INFO  util.JmxRegister (JmxRegister.java:register(58)) - register mxBean class org.apache.ratis.server.impl.RaftServerJmxAdapter as Ratis:service=RaftServer,group=group-312CCC1152ED,id=41ad025f-af8e-4c4e-9124-a1617073bc42
2024-10-28 08:10:12,118 [41ad025f-af8e-4c4e-9124-a1617073bc42@group-312CCC1152ED-FollowerState] INFO  server.RaftServerConfigKeys (ConfUtils.java:logFallback(53)) - raft.server.rpc.first-election.timeout.max = 5200ms (fallback to raft.server.rpc.timeout.max)
2024-10-28 08:10:12,118 [41ad025f-af8e-4c4e-9124-a1617073bc42-impl-thread1] INFO  server.RaftServerConfigKeys (ConfUtils.java:logGet(46)) - raft.server.snapshot.trigger-when-stop.enabled = true (default)
2024-10-28 08:10:12,119 [41ad025f-af8e-4c4e-9124-a1617073bc42-impl-thread1] INFO  server.RaftServerConfigKeys (ConfUtils.java:logGet(46)) - raft.server.snapshot.trigger-when-remove.enabled = true (default)
2024-10-28 08:10:12,119 [41ad025f-af8e-4c4e-9124-a1617073bc42-impl-thread1] INFO  server.RaftServerConfigKeys (ConfUtils.java:logGet(46)) - raft.server.snapshot.auto.trigger.enabled = true (custom)
2024-10-28 08:10:12,119 [41ad025f-af8e-4c4e-9124-a1617073bc42-impl-thread1] INFO  server.RaftServerConfigKeys (ConfUtils.java:logGet(46)) - raft.server.snapshot.auto.trigger.threshold = 5 (custom)
2024-10-28 08:10:12,119 [41ad025f-af8e-4c4e-9124-a1617073bc42-impl-thread1] INFO  server.RaftServerConfigKeys (ConfUtils.java:logGet(46)) - raft.server.snapshot.retention.file.num = -1 (default)
2024-10-28 08:10:12,119 [41ad025f-af8e-4c4e-9124-a1617073bc42-impl-thread1] INFO  server.RaftServerConfigKeys (ConfUtils.java:logGet(46)) - raft.server.log.purge.upto.snapshot.index = false (default)
2024-10-28 08:10:12,119 [main] INFO  server.RaftServer (RaftServerProxy.java:startImpl(407)) - 41ad025f-af8e-4c4e-9124-a1617073bc42: start RPC server
2024-10-28 08:10:12,122 [main] INFO  server.GrpcService (GrpcService.java:startImpl(334)) - 41ad025f-af8e-4c4e-9124-a1617073bc42: GrpcService started, listening on 15078
2024-10-28 08:10:12,123 [JvmPauseMonitor10] INFO  util.JvmPauseMonitor (JvmPauseMonitor.java:run(146)) - JvmPauseMonitor-41ad025f-af8e-4c4e-9124-a1617073bc42: Started
2024-10-28 08:10:13,024 [dbc8bb5e-43aa-46e2-8b22-902d8de4f543-EndpointStateMachineTaskThread-/127.0.0.1:15020-0 ] INFO  ipc.Client (Client.java:handleConnectionFailure(950)) - Retrying connect to server: localhost/127.0.0.1:15020. Already tried 2 time(s); retry policy is RetryUpToMaximumCountWithFixedSleep(maxRetries=15, sleepTime=1000 MILLISECONDS)
2024-10-28 08:10:13,024 [d1f2ec58-f55e-45ab-93c5-34baa5ccb560-EndpointStateMachineTaskThread-/127.0.0.1:15012-0 ] INFO  ipc.Client (Client.java:handleConnectionFailure(950)) - Retrying connect to server: localhost/127.0.0.1:15012. Already tried 2 time(s); retry policy is RetryUpToMaximumCountWithFixedSleep(maxRetries=15, sleepTime=1000 MILLISECONDS)
2024-10-28 08:10:14,024 [dbc8bb5e-43aa-46e2-8b22-902d8de4f543-EndpointStateMachineTaskThread-/127.0.0.1:15020-0 ] INFO  ipc.Client (Client.java:handleConnectionFailure(950)) - Retrying connect to server: localhost/127.0.0.1:15020. Already tried 3 time(s); retry policy is RetryUpToMaximumCountWithFixedSleep(maxRetries=15, sleepTime=1000 MILLISECONDS)
2024-10-28 08:10:14,025 [d1f2ec58-f55e-45ab-93c5-34baa5ccb560-EndpointStateMachineTaskThread-/127.0.0.1:15012-0 ] INFO  ipc.Client (Client.java:handleConnectionFailure(950)) - Retrying connect to server: localhost/127.0.0.1:15012. Already tried 3 time(s); retry policy is RetryUpToMaximumCountWithFixedSleep(maxRetries=15, sleepTime=1000 MILLISECONDS)
2024-10-28 08:10:15,025 [dbc8bb5e-43aa-46e2-8b22-902d8de4f543-EndpointStateMachineTaskThread-/127.0.0.1:15020-0 ] INFO  ipc.Client (Client.java:handleConnectionFailure(950)) - Retrying connect to server: localhost/127.0.0.1:15020. Already tried 4 time(s); retry policy is RetryUpToMaximumCountWithFixedSleep(maxRetries=15, sleepTime=1000 MILLISECONDS)
2024-10-28 08:10:15,025 [d1f2ec58-f55e-45ab-93c5-34baa5ccb560-EndpointStateMachineTaskThread-/127.0.0.1:15012-0 ] INFO  ipc.Client (Client.java:handleConnectionFailure(950)) - Retrying connect to server: localhost/127.0.0.1:15012. Already tried 4 time(s); retry policy is RetryUpToMaximumCountWithFixedSleep(maxRetries=15, sleepTime=1000 MILLISECONDS)
2024-10-28 08:10:16,026 [d1f2ec58-f55e-45ab-93c5-34baa5ccb560-EndpointStateMachineTaskThread-/127.0.0.1:15012-0 ] INFO  ipc.Client (Client.java:handleConnectionFailure(950)) - Retrying connect to server: localhost/127.0.0.1:15012. Already tried 5 time(s); retry policy is RetryUpToMaximumCountWithFixedSleep(maxRetries=15, sleepTime=1000 MILLISECONDS)
2024-10-28 08:10:16,027 [dbc8bb5e-43aa-46e2-8b22-902d8de4f543-EndpointStateMachineTaskThread-/127.0.0.1:15020-0 ] INFO  ipc.Client (Client.java:handleConnectionFailure(950)) - Retrying connect to server: localhost/127.0.0.1:15020. Already tried 5 time(s); retry policy is RetryUpToMaximumCountWithFixedSleep(maxRetries=15, sleepTime=1000 MILLISECONDS)
2024-10-28 08:10:17,027 [d1f2ec58-f55e-45ab-93c5-34baa5ccb560-EndpointStateMachineTaskThread-/127.0.0.1:15012-0 ] INFO  ipc.Client (Client.java:handleConnectionFailure(950)) - Retrying connect to server: localhost/127.0.0.1:15012. Already tried 6 time(s); retry policy is RetryUpToMaximumCountWithFixedSleep(maxRetries=15, sleepTime=1000 MILLISECONDS)
2024-10-28 08:10:17,027 [dbc8bb5e-43aa-46e2-8b22-902d8de4f543-EndpointStateMachineTaskThread-/127.0.0.1:15020-0 ] INFO  ipc.Client (Client.java:handleConnectionFailure(950)) - Retrying connect to server: localhost/127.0.0.1:15020. Already tried 6 time(s); retry policy is RetryUpToMaximumCountWithFixedSleep(maxRetries=15, sleepTime=1000 MILLISECONDS)
2024-10-28 08:10:17,151 [41ad025f-af8e-4c4e-9124-a1617073bc42@group-312CCC1152ED-FollowerState] INFO  impl.FollowerState (FollowerState.java:run(144)) - 41ad025f-af8e-4c4e-9124-a1617073bc42@group-312CCC1152ED-FollowerState: change to CANDIDATE, lastRpcElapsedTime:5033317493ns, electionTimeout:5032ms
2024-10-28 08:10:17,151 [41ad025f-af8e-4c4e-9124-a1617073bc42@group-312CCC1152ED-FollowerState] INFO  impl.RoleInfo (RoleInfo.java:shutdownFollowerState(119)) - 41ad025f-af8e-4c4e-9124-a1617073bc42: shutdown 41ad025f-af8e-4c4e-9124-a1617073bc42@group-312CCC1152ED-FollowerState
2024-10-28 08:10:17,151 [41ad025f-af8e-4c4e-9124-a1617073bc42@group-312CCC1152ED-FollowerState] INFO  server.RaftServer$Division (RaftServerImpl.java:setRole(377)) - 41ad025f-af8e-4c4e-9124-a1617073bc42@group-312CCC1152ED: changes role from  FOLLOWER to CANDIDATE at term 0 for changeToCandidate
2024-10-28 08:10:17,152 [41ad025f-af8e-4c4e-9124-a1617073bc42@group-312CCC1152ED-FollowerState] INFO  server.RaftServerConfigKeys (ConfUtils.java:logGet(46)) - raft.server.leaderelection.pre-vote = true (default)
2024-10-28 08:10:17,152 [41ad025f-af8e-4c4e-9124-a1617073bc42@group-312CCC1152ED-FollowerState] INFO  impl.RoleInfo (RoleInfo.java:updateAndGet(148)) - 41ad025f-af8e-4c4e-9124-a1617073bc42: start 41ad025f-af8e-4c4e-9124-a1617073bc42@group-312CCC1152ED-LeaderElection12
2024-10-28 08:10:17,152 [41ad025f-af8e-4c4e-9124-a1617073bc42@group-312CCC1152ED-LeaderElection12] INFO  impl.LeaderElection (LeaderElection.java:askForVotes(325)) - 41ad025f-af8e-4c4e-9124-a1617073bc42@group-312CCC1152ED-LeaderElection12 PRE_VOTE round 0: submit vote requests at term 0 for conf: {index: -1, cur=peers:[41ad025f-af8e-4c4e-9124-a1617073bc42|localhost:15078]|listeners:[], old=null}
2024-10-28 08:10:17,152 [41ad025f-af8e-4c4e-9124-a1617073bc42@group-312CCC1152ED-LeaderElection12] INFO  impl.LeaderElection (LeaderElection.java:askForVotes(327)) - 41ad025f-af8e-4c4e-9124-a1617073bc42@group-312CCC1152ED-LeaderElection12 PRE_VOTE round 0: result PASSED (term=0)
2024-10-28 08:10:17,154 [41ad025f-af8e-4c4e-9124-a1617073bc42@group-312CCC1152ED-LeaderElection12] INFO  impl.LeaderElection (LeaderElection.java:askForVotes(325)) - 41ad025f-af8e-4c4e-9124-a1617073bc42@group-312CCC1152ED-LeaderElection12 ELECTION round 0: submit vote requests at term 1 for conf: {index: -1, cur=peers:[41ad025f-af8e-4c4e-9124-a1617073bc42|localhost:15078]|listeners:[], old=null}
2024-10-28 08:10:17,154 [41ad025f-af8e-4c4e-9124-a1617073bc42@group-312CCC1152ED-LeaderElection12] INFO  impl.LeaderElection (LeaderElection.java:askForVotes(327)) - 41ad025f-af8e-4c4e-9124-a1617073bc42@group-312CCC1152ED-LeaderElection12 ELECTION round 0: result PASSED (term=1)
2024-10-28 08:10:17,154 [41ad025f-af8e-4c4e-9124-a1617073bc42@group-312CCC1152ED-LeaderElection12] INFO  impl.RoleInfo (RoleInfo.java:shutdownLeaderElection(139)) - 41ad025f-af8e-4c4e-9124-a1617073bc42: shutdown 41ad025f-af8e-4c4e-9124-a1617073bc42@group-312CCC1152ED-LeaderElection12
2024-10-28 08:10:17,154 [41ad025f-af8e-4c4e-9124-a1617073bc42@group-312CCC1152ED-LeaderElection12] INFO  server.RaftServer$Division (RaftServerImpl.java:setRole(377)) - 41ad025f-af8e-4c4e-9124-a1617073bc42@group-312CCC1152ED: changes role from CANDIDATE to LEADER at term 1 for changeToLeader
2024-10-28 08:10:17,154 [41ad025f-af8e-4c4e-9124-a1617073bc42@group-312CCC1152ED-LeaderElection12] INFO  server.RaftServerConfigKeys (ConfUtils.java:logGet(46)) - raft.server.staging.catchup.gap = 1000 (default)
2024-10-28 08:10:17,154 [41ad025f-af8e-4c4e-9124-a1617073bc42@group-312CCC1152ED-LeaderElection12] INFO  server.RaftServerConfigKeys (ConfUtils.java:logGet(46)) - raft.server.write.element-limit = 4096 (default)
2024-10-28 08:10:17,154 [41ad025f-af8e-4c4e-9124-a1617073bc42@group-312CCC1152ED-LeaderElection12] INFO  server.RaftServerConfigKeys (ConfUtils.java:logGet(46)) - raft.server.write.byte-limit = 64MB (=67108864) (default)
2024-10-28 08:10:17,154 [41ad025f-af8e-4c4e-9124-a1617073bc42@group-312CCC1152ED-LeaderElection12] INFO  server.RaftServerConfigKeys (ConfUtils.java:logGet(46)) - raft.server.watch.timeout = 10s (default)
2024-10-28 08:10:17,154 [41ad025f-af8e-4c4e-9124-a1617073bc42@group-312CCC1152ED-LeaderElection12] INFO  server.RaftServerConfigKeys (ConfUtils.java:logGet(46)) - raft.server.watch.timeout.denomination = 1s (default)
2024-10-28 08:10:17,155 [41ad025f-af8e-4c4e-9124-a1617073bc42@group-312CCC1152ED-LeaderElection12] INFO  server.RaftServerConfigKeys (ConfUtils.java:logGet(46)) - raft.server.watch.element-limit = 65536 (default)
2024-10-28 08:10:17,155 [41ad025f-af8e-4c4e-9124-a1617073bc42@group-312CCC1152ED-LeaderElection12] INFO  server.RaftServerConfigKeys (ConfUtils.java:logGet(46)) - raft.server.read.leader.lease.enabled = false (default)
2024-10-28 08:10:17,155 [41ad025f-af8e-4c4e-9124-a1617073bc42@group-312CCC1152ED-LeaderElection12] INFO  server.RaftServerConfigKeys (ConfUtils.java:logGet(46)) - raft.server.read.leader.lease.timeout.ratio = 0.9 (default)
2024-10-28 08:10:17,155 [41ad025f-af8e-4c4e-9124-a1617073bc42@group-312CCC1152ED-LeaderElection12] INFO  server.RaftServerConfigKeys (ConfUtils.java:logGet(46)) - raft.server.rpc.timeout.min = 5000ms (custom)
2024-10-28 08:10:17,155 [41ad025f-af8e-4c4e-9124-a1617073bc42@group-312CCC1152ED-LeaderElection12] INFO  server.RaftServerConfigKeys (ConfUtils.java:logGet(46)) - raft.server.log.log-metadata.enabled = true (default)
2024-10-28 08:10:17,155 [41ad025f-af8e-4c4e-9124-a1617073bc42@group-312CCC1152ED-LeaderElection12] INFO  server.RaftServerConfigKeys (ConfUtils.java:logGet(46)) - raft.server.write.element-limit = 4096 (default)
2024-10-28 08:10:17,155 [41ad025f-af8e-4c4e-9124-a1617073bc42@group-312CCC1152ED-LeaderElection12] INFO  server.RaftServerConfigKeys (ConfUtils.java:logGet(46)) - raft.server.write.follower.gap.ratio.max = -1.0 (default)
2024-10-28 08:10:17,155 [41ad025f-af8e-4c4e-9124-a1617073bc42@group-312CCC1152ED-LeaderElection12] INFO  impl.RoleInfo (RoleInfo.java:updateAndGet(148)) - 41ad025f-af8e-4c4e-9124-a1617073bc42: start 41ad025f-af8e-4c4e-9124-a1617073bc42@group-312CCC1152ED-LeaderStateImpl
2024-10-28 08:10:17,155 [41ad025f-af8e-4c4e-9124-a1617073bc42@group-312CCC1152ED-LeaderElection12] INFO  server.RaftServer$Division (RaftServerImpl.java:setFirstElection(558)) - 41ad025f-af8e-4c4e-9124-a1617073bc42@group-312CCC1152ED: set firstElectionSinceStartup to false for becomeLeader
2024-10-28 08:10:17,155 [41ad025f-af8e-4c4e-9124-a1617073bc42@group-312CCC1152ED-LeaderElection12] INFO  server.RaftServer$Division (ServerState.java:setLeader(272)) - 41ad025f-af8e-4c4e-9124-a1617073bc42@group-312CCC1152ED: change Leader from null to 41ad025f-af8e-4c4e-9124-a1617073bc42 at term 1 for becomeLeader, leader elected after 5097ms
2024-10-28 08:10:17,156 [41ad025f-af8e-4c4e-9124-a1617073bc42@group-312CCC1152ED-LeaderElection12] INFO  segmented.SegmentedRaftLogWorker (SegmentedRaftLogWorker.java:startLogSegment(437)) - 41ad025f-af8e-4c4e-9124-a1617073bc42@group-312CCC1152ED-SegmentedRaftLogWorker: Starting segment from index:0
2024-10-28 08:10:17,156 [41ad025f-af8e-4c4e-9124-a1617073bc42@group-312CCC1152ED-SegmentedRaftLogWorker] INFO  segmented.BufferedWriteChannel (BufferedWriteChannel.java:open(61)) - open log_inprogress_0 at position 0
2024-10-28 08:10:17,156 [41ad025f-af8e-4c4e-9124-a1617073bc42@group-312CCC1152ED-LeaderElection12] INFO  server.RaftServer$Division (ServerState.java:setRaftConf(386)) - 41ad025f-af8e-4c4e-9124-a1617073bc42@group-312CCC1152ED: set configuration conf: {index: 0, cur=peers:[41ad025f-af8e-4c4e-9124-a1617073bc42|localhost:15078]|listeners:[], old=null}
2024-10-28 08:10:18,027 [d1f2ec58-f55e-45ab-93c5-34baa5ccb560-EndpointStateMachineTaskThread-/127.0.0.1:15012-0 ] INFO  ipc.Client (Client.java:handleConnectionFailure(950)) - Retrying connect to server: localhost/127.0.0.1:15012. Already tried 7 time(s); retry policy is RetryUpToMaximumCountWithFixedSleep(maxRetries=15, sleepTime=1000 MILLISECONDS)
2024-10-28 08:10:18,027 [dbc8bb5e-43aa-46e2-8b22-902d8de4f543-EndpointStateMachineTaskThread-/127.0.0.1:15020-0 ] INFO  ipc.Client (Client.java:handleConnectionFailure(950)) - Retrying connect to server: localhost/127.0.0.1:15020. Already tried 7 time(s); retry policy is RetryUpToMaximumCountWithFixedSleep(maxRetries=15, sleepTime=1000 MILLISECONDS)
2024-10-28 08:10:19,028 [d1f2ec58-f55e-45ab-93c5-34baa5ccb560-EndpointStateMachineTaskThread-/127.0.0.1:15012-0 ] INFO  ipc.Client (Client.java:handleConnectionFailure(950)) - Retrying connect to server: localhost/127.0.0.1:15012. Already tried 8 time(s); retry policy is RetryUpToMaximumCountWithFixedSleep(maxRetries=15, sleepTime=1000 MILLISECONDS)
2024-10-28 08:10:19,028 [dbc8bb5e-43aa-46e2-8b22-902d8de4f543-EndpointStateMachineTaskThread-/127.0.0.1:15020-0 ] INFO  ipc.Client (Client.java:handleConnectionFailure(950)) - Retrying connect to server: localhost/127.0.0.1:15020. Already tried 8 time(s); retry policy is RetryUpToMaximumCountWithFixedSleep(maxRetries=15, sleepTime=1000 MILLISECONDS)
2024-10-28 08:10:20,029 [dbc8bb5e-43aa-46e2-8b22-902d8de4f543-EndpointStateMachineTaskThread-/127.0.0.1:15020-0 ] INFO  ipc.Client (Client.java:handleConnectionFailure(950)) - Retrying connect to server: localhost/127.0.0.1:15020. Already tried 9 time(s); retry policy is RetryUpToMaximumCountWithFixedSleep(maxRetries=15, sleepTime=1000 MILLISECONDS)
2024-10-28 08:10:20,029 [d1f2ec58-f55e-45ab-93c5-34baa5ccb560-EndpointStateMachineTaskThread-/127.0.0.1:15012-0 ] INFO  ipc.Client (Client.java:handleConnectionFailure(950)) - Retrying connect to server: localhost/127.0.0.1:15012. Already tried 9 time(s); retry policy is RetryUpToMaximumCountWithFixedSleep(maxRetries=15, sleepTime=1000 MILLISECONDS)
2024-10-28 08:10:21,029 [dbc8bb5e-43aa-46e2-8b22-902d8de4f543-EndpointStateMachineTaskThread-/127.0.0.1:15020-0 ] INFO  ipc.Client (Client.java:handleConnectionFailure(950)) - Retrying connect to server: localhost/127.0.0.1:15020. Already tried 10 time(s); retry policy is RetryUpToMaximumCountWithFixedSleep(maxRetries=15, sleepTime=1000 MILLISECONDS)
2024-10-28 08:10:21,029 [d1f2ec58-f55e-45ab-93c5-34baa5ccb560-EndpointStateMachineTaskThread-/127.0.0.1:15012-0 ] INFO  ipc.Client (Client.java:handleConnectionFailure(950)) - Retrying connect to server: localhost/127.0.0.1:15012. Already tried 10 time(s); retry policy is RetryUpToMaximumCountWithFixedSleep(maxRetries=15, sleepTime=1000 MILLISECONDS)
2024-10-28 08:10:22,030 [d1f2ec58-f55e-45ab-93c5-34baa5ccb560-EndpointStateMachineTaskThread-/127.0.0.1:15012-0 ] INFO  ipc.Client (Client.java:handleConnectionFailure(950)) - Retrying connect to server: localhost/127.0.0.1:15012. Already tried 11 time(s); retry policy is RetryUpToMaximumCountWithFixedSleep(maxRetries=15, sleepTime=1000 MILLISECONDS)
2024-10-28 08:10:22,030 [dbc8bb5e-43aa-46e2-8b22-902d8de4f543-EndpointStateMachineTaskThread-/127.0.0.1:15020-0 ] INFO  ipc.Client (Client.java:handleConnectionFailure(950)) - Retrying connect to server: localhost/127.0.0.1:15020. Already tried 11 time(s); retry policy is RetryUpToMaximumCountWithFixedSleep(maxRetries=15, sleepTime=1000 MILLISECONDS)
2024-10-28 08:10:23,030 [d1f2ec58-f55e-45ab-93c5-34baa5ccb560-EndpointStateMachineTaskThread-/127.0.0.1:15012-0 ] INFO  ipc.Client (Client.java:handleConnectionFailure(950)) - Retrying connect to server: localhost/127.0.0.1:15012. Already tried 12 time(s); retry policy is RetryUpToMaximumCountWithFixedSleep(maxRetries=15, sleepTime=1000 MILLISECONDS)
2024-10-28 08:10:23,031 [dbc8bb5e-43aa-46e2-8b22-902d8de4f543-EndpointStateMachineTaskThread-/127.0.0.1:15020-0 ] INFO  ipc.Client (Client.java:handleConnectionFailure(950)) - Retrying connect to server: localhost/127.0.0.1:15020. Already tried 12 time(s); retry policy is RetryUpToMaximumCountWithFixedSleep(maxRetries=15, sleepTime=1000 MILLISECONDS)
2024-10-28 08:10:24,031 [d1f2ec58-f55e-45ab-93c5-34baa5ccb560-EndpointStateMachineTaskThread-/127.0.0.1:15012-0 ] INFO  ipc.Client (Client.java:handleConnectionFailure(950)) - Retrying connect to server: localhost/127.0.0.1:15012. Already tried 13 time(s); retry policy is RetryUpToMaximumCountWithFixedSleep(maxRetries=15, sleepTime=1000 MILLISECONDS)
2024-10-28 08:10:24,031 [dbc8bb5e-43aa-46e2-8b22-902d8de4f543-EndpointStateMachineTaskThread-/127.0.0.1:15020-0 ] INFO  ipc.Client (Client.java:handleConnectionFailure(950)) - Retrying connect to server: localhost/127.0.0.1:15020. Already tried 13 time(s); retry policy is RetryUpToMaximumCountWithFixedSleep(maxRetries=15, sleepTime=1000 MILLISECONDS)
2024-10-28 08:10:24,174 [41ad025f-af8e-4c4e-9124-a1617073bc42@group-312CCC1152ED-SegmentedRaftLogWorker] INFO  segmented.SegmentedRaftLogWorker (SegmentedRaftLogWorker.java:execute(641)) - 41ad025f-af8e-4c4e-9124-a1617073bc42@group-312CCC1152ED-SegmentedRaftLogWorker: created new log segment /home/runner/work/ozone/ozone/hadoop-ozone/integration-test/target/test-dir/MiniOzoneClusterImpl-0da7ab08-e378-40bf-aed1-312ccc1152ed/scmNode-1/scm-ha/0da7ab08-e378-40bf-aed1-312ccc1152ed/current/log_inprogress_0
2024-10-28 08:10:24,177 [41ad025f-af8e-4c4e-9124-a1617073bc42@group-312CCC1152ED-StateMachineUpdater] INFO  server.RaftServer$Division (LeaderStateImpl.java:checkStartIndex(316)) - Leader 41ad025f-af8e-4c4e-9124-a1617073bc42@group-312CCC1152ED-LeaderStateImpl is ready since appliedIndex == startIndex == 0
2024-10-28 08:10:25,032 [dbc8bb5e-43aa-46e2-8b22-902d8de4f543-EndpointStateMachineTaskThread-/127.0.0.1:15020-0 ] INFO  ipc.Client (Client.java:handleConnectionFailure(950)) - Retrying connect to server: localhost/127.0.0.1:15020. Already tried 14 time(s); retry policy is RetryUpToMaximumCountWithFixedSleep(maxRetries=15, sleepTime=1000 MILLISECONDS)
2024-10-28 08:10:25,032 [d1f2ec58-f55e-45ab-93c5-34baa5ccb560-EndpointStateMachineTaskThread-/127.0.0.1:15012-0 ] INFO  ipc.Client (Client.java:handleConnectionFailure(950)) - Retrying connect to server: localhost/127.0.0.1:15012. Already tried 14 time(s); retry policy is RetryUpToMaximumCountWithFixedSleep(maxRetries=15, sleepTime=1000 MILLISECONDS)
2024-10-28 08:10:26,033 [dbc8bb5e-43aa-46e2-8b22-902d8de4f543-EndpointStateMachineTaskThread-/127.0.0.1:15012-0 ] INFO  ipc.Client (Client.java:handleConnectionFailure(950)) - Retrying connect to server: localhost/127.0.0.1:15012. Already tried 0 time(s); retry policy is RetryUpToMaximumCountWithFixedSleep(maxRetries=15, sleepTime=1000 MILLISECONDS)
2024-10-28 08:10:26,033 [d1f2ec58-f55e-45ab-93c5-34baa5ccb560-EndpointStateMachineTaskThread-/127.0.0.1:15020-0 ] INFO  ipc.Client (Client.java:handleConnectionFailure(950)) - Retrying connect to server: localhost/127.0.0.1:15020. Already tried 0 time(s); retry policy is RetryUpToMaximumCountWithFixedSleep(maxRetries=15, sleepTime=1000 MILLISECONDS)
2024-10-28 08:10:26,123 [main] INFO  server.RaftServer (RaftServerProxy.java:lambda$close$9(417)) - 41ad025f-af8e-4c4e-9124-a1617073bc42: close
2024-10-28 08:10:26,124 [main] INFO  server.GrpcService (GrpcService.java:closeImpl(343)) - 41ad025f-af8e-4c4e-9124-a1617073bc42: shutdown server GrpcServerProtocolService now
2024-10-28 08:10:26,124 [41ad025f-af8e-4c4e-9124-a1617073bc42-impl-thread1] INFO  server.RaftServer$Division (RaftServerImpl.java:lambda$close$1(509)) - 41ad025f-af8e-4c4e-9124-a1617073bc42@group-312CCC1152ED: shutdown
2024-10-28 08:10:26,124 [41ad025f-af8e-4c4e-9124-a1617073bc42-impl-thread1] INFO  util.JmxRegister (JmxRegister.java:unregister(74)) - Successfully un-registered JMX Bean with object name Ratis:service=RaftServer,group=group-312CCC1152ED,id=41ad025f-af8e-4c4e-9124-a1617073bc42
2024-10-28 08:10:26,124 [41ad025f-af8e-4c4e-9124-a1617073bc42-impl-thread1] INFO  impl.RoleInfo (RoleInfo.java:shutdownLeaderState(103)) - 41ad025f-af8e-4c4e-9124-a1617073bc42: shutdown 41ad025f-af8e-4c4e-9124-a1617073bc42@group-312CCC1152ED-LeaderStateImpl
2024-10-28 08:10:26,124 [41ad025f-af8e-4c4e-9124-a1617073bc42-impl-thread1] INFO  impl.PendingRequests (PendingRequests.java:sendNotLeaderResponses(287)) - 41ad025f-af8e-4c4e-9124-a1617073bc42@group-312CCC1152ED-PendingRequests: sendNotLeaderResponses
2024-10-28 08:10:26,125 [main] INFO  server.GrpcService (GrpcService.java:closeImpl(352)) - 41ad025f-af8e-4c4e-9124-a1617073bc42: shutdown server GrpcServerProtocolService successfully
2024-10-28 08:10:26,125 [41ad025f-af8e-4c4e-9124-a1617073bc42@group-312CCC1152ED-StateMachineUpdater] INFO  impl.StateMachineUpdater (StateMachineUpdater.java:takeSnapshot(303)) - 41ad025f-af8e-4c4e-9124-a1617073bc42@group-312CCC1152ED-StateMachineUpdater: Took a snapshot at index 0
2024-10-28 08:10:26,125 [41ad025f-af8e-4c4e-9124-a1617073bc42@group-312CCC1152ED-StateMachineUpdater] INFO  impl.StateMachineUpdater (StateMachineUpdater.java:lambda$new$0(102)) - 41ad025f-af8e-4c4e-9124-a1617073bc42@group-312CCC1152ED-StateMachineUpdater: snapshotIndex: updateIncreasingly -1 -> 0
2024-10-28 08:10:26,125 [41ad025f-af8e-4c4e-9124-a1617073bc42@group-312CCC1152ED-StateMachineUpdater] INFO  impl.StateMachineUpdater (StateMachineUpdater.java:stop(141)) - 41ad025f-af8e-4c4e-9124-a1617073bc42@group-312CCC1152ED-StateMachineUpdater: closing SCMStateMachine, lastApplied=(t:1, i:0)
2024-10-28 08:10:26,125 [41ad025f-af8e-4c4e-9124-a1617073bc42-impl-thread1] INFO  impl.StateMachineUpdater (StateMachineUpdater.java:stopAndJoin(164)) - 41ad025f-af8e-4c4e-9124-a1617073bc42@group-312CCC1152ED-StateMachineUpdater: set stopIndex = 0
2024-10-28 08:10:26,125 [41ad025f-af8e-4c4e-9124-a1617073bc42@group-312CCC1152ED-cacheEviction-AwaitToRun] INFO  util.AwaitToRun (AwaitToRun.java:run(49)) - 41ad025f-af8e-4c4e-9124-a1617073bc42@group-312CCC1152ED-cacheEviction-AwaitToRun-AwaitForSignal is interrupted
2024-10-28 08:10:26,176 [41ad025f-af8e-4c4e-9124-a1617073bc42-impl-thread1] INFO  segmented.SegmentedRaftLogWorker (SegmentedRaftLogWorker.java:close(251)) - 41ad025f-af8e-4c4e-9124-a1617073bc42@group-312CCC1152ED-SegmentedRaftLogWorker close()
2024-10-28 08:10:26,177 [JvmPauseMonitor10] INFO  util.JvmPauseMonitor (JvmPauseMonitor.java:run(152)) - JvmPauseMonitor-41ad025f-af8e-4c4e-9124-a1617073bc42: Stopped
2024-10-28 08:10:26,177 [main] WARN  server.ServerUtils (ServerUtils.java:getScmDbDir(143)) - ozone.scm.db.dirs is not configured. We recommend adding this setting. Falling back to ozone.metadata.dirs instead.
2024-10-28 08:10:26,178 [main] INFO  server.StorageContainerManager (StorageContainerManager.java:scmInit(1308)) - SCM initialization succeeded. Current cluster id for sd=/home/runner/work/ozone/ozone/hadoop-ozone/integration-test/target/test-dir/MiniOzoneClusterImpl-0da7ab08-e378-40bf-aed1-312ccc1152ed/scmNode-1/scm; cid=0da7ab08-e378-40bf-aed1-312ccc1152ed; layoutVersion=8; scmId=41ad025f-af8e-4c4e-9124-a1617073bc42
2024-10-28 08:10:26,178 [main] WARN  server.ServerUtils (ServerUtils.java:getScmDbDir(143)) - ozone.scm.db.dirs is not configured. We recommend adding this setting. Falling back to ozone.metadata.dirs instead.
2024-10-28 08:10:26,178 [main] INFO  ha.SCMHANodeDetails (SCMHANodeDetails.java:loadSCMHAConfig(207)) - ServiceID for StorageContainerManager is scm-service-test1
2024-10-28 08:10:26,178 [main] INFO  ha.SCMHANodeDetails (SCMHANodeDetails.java:loadSCMHAConfig(218)) - ServiceID for StorageContainerManager is scm-service-test1
2024-10-28 08:10:26,179 [main] WARN  scm.ScmUtils (ScmUtils.java:logWarn(165)) - ConfigKey ozone.scm.block.client.address is deprecated, For configuring different ports for each SCM use PortConfigKey ozone.scm.block.client.port appended with serviceId and nodeId. If want to configure same port configure ozone.scm.block.client.port
2024-10-28 08:10:26,179 [main] WARN  scm.ScmUtils (ScmUtils.java:logWarn(165)) - ConfigKey ozone.scm.client.address is deprecated, For configuring different ports for each SCM use PortConfigKey ozone.scm.client.port appended with serviceId and nodeId. If want to configure same port configure ozone.scm.client.port
2024-10-28 08:10:26,179 [main] WARN  scm.ScmUtils (ScmUtils.java:logWarn(165)) - ConfigKey ozone.scm.datanode.address is deprecated, For configuring different ports for each SCM use PortConfigKey ozone.scm.datanode.port appended with serviceId and nodeId. If want to configure same port configure ozone.scm.datanode.port
2024-10-28 08:10:26,179 [main] WARN  scm.ScmUtils (ScmUtils.java:logWarn(165)) - ConfigKey ozone.scm.block.client.address is deprecated, For configuring different ports for each SCM use PortConfigKey ozone.scm.block.client.port appended with serviceId and nodeId. If want to configure same port configure ozone.scm.block.client.port
2024-10-28 08:10:26,179 [main] WARN  scm.ScmUtils (ScmUtils.java:logWarn(165)) - ConfigKey ozone.scm.client.address is deprecated, For configuring different ports for each SCM use PortConfigKey ozone.scm.client.port appended with serviceId and nodeId. If want to configure same port configure ozone.scm.client.port
2024-10-28 08:10:26,179 [main] WARN  scm.ScmUtils (ScmUtils.java:logWarn(165)) - ConfigKey ozone.scm.datanode.address is deprecated, For configuring different ports for each SCM use PortConfigKey ozone.scm.datanode.port appended with serviceId and nodeId. If want to configure same port configure ozone.scm.datanode.port
2024-10-28 08:10:26,179 [main] INFO  ha.SCMHANodeDetails (SCMHANodeDetails.java:loadSCMHAConfig(305)) - Found matching SCM address with SCMServiceId: scm-service-test1, SCMNodeId: scmNode-1, RPC Address: localhost:15078 and Ratis port: 15078
2024-10-28 08:10:26,179 [main] INFO  ha.SCMHANodeDetails (ConfUtils.java:setNodeSpecificConfigs(97)) - Setting configuration key ozone.scm.datanode.address with value of key ozone.scm.datanode.address.scm-service-test1.scmNode-1: 127.0.0.1:15079
2024-10-28 08:10:26,179 [main] INFO  ha.SCMHANodeDetails (ConfUtils.java:setNodeSpecificConfigs(97)) - Setting configuration key ozone.scm.block.client.address with value of key ozone.scm.block.client.address.scm-service-test1.scmNode-1: 127.0.0.1:15082
2024-10-28 08:10:26,180 [main] INFO  ha.SCMHANodeDetails (ConfUtils.java:setNodeSpecificConfigs(97)) - Setting configuration key ozone.scm.client.address with value of key ozone.scm.client.address.scm-service-test1.scmNode-1: 127.0.0.1:15080
2024-10-28 08:10:26,180 [main] INFO  ha.SCMHANodeDetails (ConfUtils.java:setNodeSpecificConfigs(97)) - Setting configuration key ozone.scm.security.service.address with value of key ozone.scm.security.service.address.scm-service-test1.scmNode-1: 127.0.0.1:15077
2024-10-28 08:10:26,180 [main] INFO  ha.SCMHANodeDetails (ConfUtils.java:setNodeSpecificConfigs(97)) - Setting configuration key ozone.scm.ratis.port with value of key ozone.scm.ratis.port.scm-service-test1.scmNode-1: 15078
2024-10-28 08:10:26,180 [main] INFO  ha.SCMHANodeDetails (ConfUtils.java:setNodeSpecificConfigs(97)) - Setting configuration key ozone.scm.grpc.port with value of key ozone.scm.grpc.port.scm-service-test1.scmNode-1: 15081
2024-10-28 08:10:26,180 [main] INFO  ha.SCMHANodeDetails (ConfUtils.java:setNodeSpecificConfigs(97)) - Setting configuration key ozone.scm.http-address with value of key ozone.scm.http-address.scm-service-test1.scmNode-1: 127.0.0.1:15075
2024-10-28 08:10:26,180 [main] INFO  ha.SCMHANodeDetails (ConfUtils.java:setNodeSpecificConfigs(97)) - Setting configuration key ozone.scm.https-address with value of key ozone.scm.https-address.scm-service-test1.scmNode-1: 127.0.0.1:15076
2024-10-28 08:10:26,180 [main] INFO  ha.SCMHANodeDetails (ConfUtils.java:setNodeSpecificConfigs(97)) - Setting configuration key ozone.scm.address with value of key ozone.scm.address.scm-service-test1.scmNode-1: 127.0.0.1
2024-10-28 08:10:26,180 [main] WARN  scm.ScmUtils (ScmUtils.java:logWarn(165)) - ConfigKey ozone.scm.block.client.address is deprecated, For configuring different ports for each SCM use PortConfigKey ozone.scm.block.client.port appended with serviceId and nodeId. If want to configure same port configure ozone.scm.block.client.port
2024-10-28 08:10:26,180 [main] WARN  scm.ScmUtils (ScmUtils.java:logWarn(165)) - ConfigKey ozone.scm.client.address is deprecated, For configuring different ports for each SCM use PortConfigKey ozone.scm.client.port appended with serviceId and nodeId. If want to configure same port configure ozone.scm.client.port
2024-10-28 08:10:26,180 [main] WARN  scm.ScmUtils (ScmUtils.java:logWarn(165)) - ConfigKey ozone.scm.datanode.address is deprecated, For configuring different ports for each SCM use PortConfigKey ozone.scm.datanode.port appended with serviceId and nodeId. If want to configure same port configure ozone.scm.datanode.port
2024-10-28 08:10:26,181 [main] WARN  utils.HAUtils (HAUtils.java:getMetaDir(337)) - ozone.scm.db.dirs is not configured. We recommend adding this setting. Falling back to ozone.metadata.dirs instead.
2024-10-28 08:10:26,181 [main] WARN  db.DBStoreBuilder (DBStoreBuilder.java:applyDBDefinition(171)) - ozone.scm.db.dirs is not configured. We recommend adding this setting. Falling back to ozone.metadata.dirs instead.
2024-10-28 08:10:26,233 [main] INFO  net.NodeSchemaLoader (NodeSchemaLoader.java:loadSchemaFromFile(129)) - Loading schema from [jar:file:/home/runner/work/ozone/ozone/hadoop-hdds/common/target/hdds-common-2.0.0-SNAPSHOT.jar!/network-topology-default.xml]
2024-10-28 08:10:26,233 [main] INFO  net.NodeSchemaLoader (NodeSchemaLoader.java:loadSchema(176)) - Loading network topology layer schema file
2024-10-28 08:10:26,249 [main] INFO  ha.SCMRatisServerImpl (SCMRatisServerImpl.java:<init>(99)) - starting Raft server for scm:41ad025f-af8e-4c4e-9124-a1617073bc42
2024-10-28 08:10:26,249 [main] INFO  server.RaftServerConfigKeys (ConfUtils.java:logGet(46)) - raft.server.log.appender.buffer.byte-limit = 4194304 (custom)
2024-10-28 08:10:26,250 [main] INFO  server.RaftServer (ConfUtils.java:logGet(46)) - raft.rpc.type = GRPC (default)
2024-10-28 08:10:26,250 [main] INFO  grpc.GrpcConfigKeys (ConfUtils.java:logFallback(53)) - raft.grpc.admin.host = null (fallback to raft.grpc.server.host)
2024-10-28 08:10:26,250 [main] INFO  grpc.GrpcConfigKeys (ConfUtils.java:logFallback(53)) - raft.grpc.admin.port = 15078 (fallback to raft.grpc.server.port)
2024-10-28 08:10:26,251 [main] INFO  grpc.GrpcConfigKeys (ConfUtils.java:logFallback(53)) - raft.grpc.client.host = null (fallback to raft.grpc.server.host)
2024-10-28 08:10:26,251 [main] INFO  grpc.GrpcConfigKeys (ConfUtils.java:logFallback(53)) - raft.grpc.client.port = 15078 (fallback to raft.grpc.server.port)
2024-10-28 08:10:26,251 [main] INFO  grpc.GrpcConfigKeys (ConfUtils.java:logGet(46)) - raft.grpc.server.host = null (default)
2024-10-28 08:10:26,251 [main] INFO  grpc.GrpcConfigKeys (ConfUtils.java:logGet(46)) - raft.grpc.server.port = 15078 (custom)
2024-10-28 08:10:26,251 [main] INFO  server.GrpcService (ConfUtils.java:logGet(46)) - raft.grpc.message.size.max = 5242880 (custom)
2024-10-28 08:10:26,251 [main] INFO  server.GrpcService (ConfUtils.java:logGet(46)) - raft.grpc.flow.control.window = 1MB (=1048576) (default)
2024-10-28 08:10:26,251 [main] INFO  server.RaftServerConfigKeys (ConfUtils.java:logGet(46)) - raft.server.rpc.request.timeout = 30000ms (custom)
2024-10-28 08:10:26,251 [main] INFO  grpc.GrpcConfigKeys (ConfUtils.java:logGet(46)) - raft.grpc.server.heartbeat.channel = true (default)
2024-10-28 08:10:26,252 [main] INFO  server.RaftServerConfigKeys (ConfUtils.java:logGet(46)) - raft.server.log.appender.buffer.byte-limit = 4194304 (custom)
2024-10-28 08:10:26,252 [main] INFO  grpc.GrpcConfigKeys (ConfUtils.java:logGet(46)) - raft.grpc.server.async.request.thread.pool.cached = true (default)
2024-10-28 08:10:26,252 [main] INFO  grpc.GrpcConfigKeys (ConfUtils.java:logGet(46)) - raft.grpc.server.async.request.thread.pool.size = 32 (default)
2024-10-28 08:10:26,253 [main] INFO  impl.DataStreamServerImpl (ConfUtils.java:logGet(46)) - raft.datastream.type = DISABLED (default)
2024-10-28 08:10:26,253 [main] INFO  server.RaftServerConfigKeys (ConfUtils.java:logGet(46)) - raft.server.sleep.deviation.threshold = 300ms (default)
2024-10-28 08:10:26,253 [main] INFO  server.RaftServerConfigKeys (ConfUtils.java:logGet(46)) - raft.server.close.threshold = 60s (default)
2024-10-28 08:10:26,253 [main] INFO  server.RaftServerConfigKeys (ConfUtils.java:logGet(46)) - raft.server.leaderelection.leader.step-down.wait-time = 10s (default)
2024-10-28 08:10:26,253 [main] INFO  server.RaftServerConfigKeys (ConfUtils.java:logGet(46)) - raft.server.storage.dir = [/home/runner/work/ozone/ozone/hadoop-ozone/integration-test/target/test-dir/MiniOzoneClusterImpl-0da7ab08-e378-40bf-aed1-312ccc1152ed/scmNode-1/scm-ha] (custom)
2024-10-28 08:10:26,253 [main] INFO  server.RaftServerConfigKeys (ConfUtils.java:logGet(46)) - raft.server.threadpool.proxy.cached = true (default)
2024-10-28 08:10:26,253 [main] INFO  server.RaftServerConfigKeys (ConfUtils.java:logGet(46)) - raft.server.threadpool.proxy.size = 0 (default)
2024-10-28 08:10:26,254 [41ad025f-af8e-4c4e-9124-a1617073bc42-impl-thread1] INFO  server.RaftServer (RaftServerProxy.java:initGroupDir(265)) - 41ad025f-af8e-4c4e-9124-a1617073bc42: found a subdirectory /home/runner/work/ozone/ozone/hadoop-ozone/integration-test/target/test-dir/MiniOzoneClusterImpl-0da7ab08-e378-40bf-aed1-312ccc1152ed/scmNode-1/scm-ha/0da7ab08-e378-40bf-aed1-312ccc1152ed
2024-10-28 08:10:26,254 [main] INFO  server.RaftServer (RaftServerProxy.java:addNew(100)) - 41ad025f-af8e-4c4e-9124-a1617073bc42: addNew group-312CCC1152ED:[] returns group-312CCC1152ED:java.util.concurrent.CompletableFuture@1ab63c78[Not completed]
2024-10-28 08:10:26,254 [41ad025f-af8e-4c4e-9124-a1617073bc42-groupManagement] INFO  server.RaftServer$Division (RaftServerImpl.java:<init>(254)) - 41ad025f-af8e-4c4e-9124-a1617073bc42: new RaftServerImpl for group-312CCC1152ED:[] with SCMStateMachine:uninitialized
2024-10-28 08:10:26,255 [41ad025f-af8e-4c4e-9124-a1617073bc42-groupManagement] INFO  server.RaftServerConfigKeys (ConfUtils.java:logGet(46)) - raft.server.rpc.timeout.min = 5000ms (custom)
2024-10-28 08:10:26,255 [41ad025f-af8e-4c4e-9124-a1617073bc42-groupManagement] INFO  server.RaftServerConfigKeys (ConfUtils.java:logGet(46)) - raft.server.rpc.timeout.max = 5200ms (custom)
2024-10-28 08:10:26,255 [41ad025f-af8e-4c4e-9124-a1617073bc42-groupManagement] INFO  server.RaftServerConfigKeys (ConfUtils.java:logGet(46)) - raft.server.rpc.sleep.time = 25ms (default)
2024-10-28 08:10:26,255 [41ad025f-af8e-4c4e-9124-a1617073bc42-groupManagement] INFO  server.RaftServerConfigKeys (ConfUtils.java:logGet(46)) - raft.server.rpc.slowness.timeout = 120000ms (custom)
2024-10-28 08:10:26,255 [41ad025f-af8e-4c4e-9124-a1617073bc42-groupManagement] INFO  server.RaftServerConfigKeys (ConfUtils.java:logGet(46)) - raft.server.leaderelection.leader.step-down.wait-time = 10s (default)
2024-10-28 08:10:26,255 [41ad025f-af8e-4c4e-9124-a1617073bc42-groupManagement] INFO  server.RaftServerConfigKeys (ConfUtils.java:logGet(46)) - raft.server.leaderelection.member.majority-add = false (default)
2024-10-28 08:10:26,255 [41ad025f-af8e-4c4e-9124-a1617073bc42-groupManagement] INFO  server.RaftServerConfigKeys (ConfUtils.java:logGet(46)) - raft.server.sleep.deviation.threshold = 300ms (default)
2024-10-28 08:10:26,255 [41ad025f-af8e-4c4e-9124-a1617073bc42-groupManagement] INFO  server.RaftServer$Division (ServerState.java:<init>(114)) - 41ad025f-af8e-4c4e-9124-a1617073bc42@group-312CCC1152ED: ConfigurationManager, init=conf: {index: -1, cur=peers:[]|listeners:[], old=null}, confs=<EMPTY_MAP>
2024-10-28 08:10:26,255 [41ad025f-af8e-4c4e-9124-a1617073bc42-groupManagement] INFO  server.RaftServerConfigKeys (ConfUtils.java:logGet(46)) - raft.server.notification.no-leader.timeout = 60s (default)
2024-10-28 08:10:26,255 [41ad025f-af8e-4c4e-9124-a1617073bc42-groupManagement] INFO  server.RaftServerConfigKeys (ConfUtils.java:logGet(46)) - raft.server.read.timeout = 10s (default)
2024-10-28 08:10:26,255 [41ad025f-af8e-4c4e-9124-a1617073bc42-groupManagement] INFO  server.RaftServerConfigKeys (ConfUtils.java:logGet(46)) - raft.server.retrycache.expirytime = 60000ms (default)
2024-10-28 08:10:26,256 [41ad025f-af8e-4c4e-9124-a1617073bc42-groupManagement] INFO  server.RaftServerConfigKeys (ConfUtils.java:logGet(46)) - raft.server.retrycache.statistics.expirytime = 100ms (default)
2024-10-28 08:10:26,256 [41ad025f-af8e-4c4e-9124-a1617073bc42-groupManagement] INFO  server.RaftServerConfigKeys (ConfUtils.java:logGet(46)) - raft.server.read.option = DEFAULT (default)
2024-10-28 08:10:26,256 [41ad025f-af8e-4c4e-9124-a1617073bc42-groupManagement] INFO  server.RaftServerConfigKeys (ConfUtils.java:logGet(46)) - raft.server.read.read-after-write-consistent.write-index-cache.expiry-time = 60s (default)
2024-10-28 08:10:26,257 [41ad025f-af8e-4c4e-9124-a1617073bc42-groupManagement] INFO  server.RaftServerConfigKeys (ConfUtils.java:logGet(46)) - raft.server.rpc.request.timeout = 30000ms (custom)
2024-10-28 08:10:26,257 [41ad025f-af8e-4c4e-9124-a1617073bc42-groupManagement] INFO  server.RaftServerConfigKeys (ConfUtils.java:logGet(46)) - raft.server.log.appender.install.snapshot.enabled = false (custom)
2024-10-28 08:10:26,257 [41ad025f-af8e-4c4e-9124-a1617073bc42-groupManagement] INFO  server.RaftServerConfigKeys (ConfUtils.java:logGet(46)) - raft.server.threadpool.server.cached = true (default)
2024-10-28 08:10:26,257 [41ad025f-af8e-4c4e-9124-a1617073bc42-groupManagement] INFO  server.RaftServerConfigKeys (ConfUtils.java:logGet(46)) - raft.server.threadpool.server.size = 0 (default)
2024-10-28 08:10:26,257 [41ad025f-af8e-4c4e-9124-a1617073bc42-groupManagement] INFO  server.RaftServerConfigKeys (ConfUtils.java:logGet(46)) - raft.server.threadpool.client.cached = true (default)
2024-10-28 08:10:26,257 [41ad025f-af8e-4c4e-9124-a1617073bc42-groupManagement] INFO  server.RaftServerConfigKeys (ConfUtils.java:logGet(46)) - raft.server.threadpool.client.size = 0 (default)
2024-10-28 08:10:26,257 [main] INFO  ha.SCMSnapshotProvider (SCMSnapshotProvider.java:<init>(66)) - Initializing SCM Snapshot Provider
2024-10-28 08:10:26,257 [main] WARN  server.ServerUtils (ServerUtils.java:getDefaultRatisDirectory(311)) - Storage directory for Ratis is not configured. It is a good idea to map this to an SSD disk. Falling back to ozone.metadata.dirs
2024-10-28 08:10:26,258 [main] WARN  ha.SCMHAUtils (SCMHAUtils.java:getSCMRatisSnapshotDirectory(158)) - SCM snapshot dir is not configured. Falling back to ozone.metadata.dirs config
2024-10-28 08:10:26,259 [main] INFO  upgrade.AbstractLayoutVersionManager (AbstractLayoutVersionManager.java:init(83)) - Initializing Layout version manager with metadata layout = HBASE_SUPPORT (version = 8), software layout = HBASE_SUPPORT (version = 8)
2024-10-28 08:10:26,260 [main] INFO  ha.SequenceIdGenerator (SequenceIdGenerator.java:upgradeToSequenceId(369)) - upgrade localId to 113750153625600000
2024-10-28 08:10:26,261 [main] INFO  ha.SequenceIdGenerator (SequenceIdGenerator.java:upgradeToSequenceId(379)) - upgrade delTxnId to 0
2024-10-28 08:10:26,261 [main] INFO  ha.SequenceIdGenerator (SequenceIdGenerator.java:upgradeToSequenceId(396)) - upgrade containerId to 0
2024-10-28 08:10:26,262 [main] INFO  ha.SequenceIdGenerator (SequenceIdGenerator.java:upgradeToCertificateSequenceId(433)) - upgrade CertificateId to 2
2024-10-28 08:10:26,262 [main] INFO  ha.SequenceIdGenerator (SequenceIdGenerator.java:<init>(240)) - Init the HA SequenceIdGenerator.
2024-10-28 08:10:26,263 [main] WARN  server.ServerUtils (ServerUtils.java:sanitizeUserArgs(79)) - ozone.scm.stale.node.interval value = 300000 is larger than max = 100000 based on the key value of ozone.scm.heartbeat.thread.interval, reset to the max value 100000.
2024-10-28 08:10:26,263 [main] WARN  server.ServerUtils (ServerUtils.java:sanitizeUserArgs(79)) - ozone.scm.stale.node.interval value = 300000 is larger than max = 100000 based on the key value of ozone.scm.heartbeat.thread.interval, reset to the max value 100000.
2024-10-28 08:10:26,263 [main] INFO  node.SCMNodeManager (SCMNodeManager.java:<init>(180)) - Entering startup safe mode.
2024-10-28 08:10:26,264 [main] INFO  algorithms.ContainerPlacementPolicyFactory (ContainerPlacementPolicyFactory.java:getPolicyInternal(86)) - Create container placement policy of type org.apache.hadoop.hdds.scm.container.placement.algorithms.SCMContainerPlacementRackAware
2024-10-28 08:10:26,264 [main] INFO  algorithms.ContainerPlacementPolicyFactory (ContainerPlacementPolicyFactory.java:getPolicyInternal(86)) - Create container placement policy of type org.apache.hadoop.hdds.scm.container.placement.algorithms.SCMContainerPlacementRackScatter
2024-10-28 08:10:26,264 [main] INFO  pipeline.PipelineStateManagerImpl (PipelineStateManagerImpl.java:initialize(78)) - No pipeline exists in current db
2024-10-28 08:10:26,264 [main] INFO  algorithms.LeaderChoosePolicyFactory (LeaderChoosePolicyFactory.java:getPolicy(57)) - Create leader choose policy of type org.apache.hadoop.hdds.scm.pipeline.leader.choose.algorithms.MinLeaderCountChoosePolicy
2024-10-28 08:10:26,264 [main] INFO  algorithms.ContainerPlacementPolicyFactory (ContainerPlacementPolicyFactory.java:getPolicyInternal(86)) - Create container placement policy of type org.apache.hadoop.hdds.scm.container.placement.algorithms.SCMContainerPlacementRackScatter
2024-10-28 08:10:26,265 [main] INFO  ha.SCMServiceManager (SCMServiceManager.java:register(42)) - Registering service BackgroundPipelineCreator.
2024-10-28 08:10:26,265 [main] INFO  pipeline.BackgroundPipelineCreator (BackgroundPipelineCreator.java:start(127)) - Starting scmNode-1-RatisPipelineUtilsThread.
2024-10-28 08:10:26,265 [main] INFO  BackgroundPipelineScrubber (BackgroundSCMService.java:start(65)) - Starting BackgroundPipelineScrubber Service.
2024-10-28 08:10:26,265 [main] INFO  ha.SCMServiceManager (SCMServiceManager.java:register(42)) - Registering service BackgroundPipelineScrubber.
2024-10-28 08:10:26,265 [main] INFO  ExpiredContainerReplicaOpScrubber (BackgroundSCMService.java:start(65)) - Starting ExpiredContainerReplicaOpScrubber Service.
2024-10-28 08:10:26,266 [main] INFO  ha.SCMServiceManager (SCMServiceManager.java:register(42)) - Registering service ExpiredContainerReplicaOpScrubber.
2024-10-28 08:10:26,266 [main] INFO  algorithms.PipelineChoosePolicyFactory (PipelineChoosePolicyFactory.java:createPipelineChoosePolicyFromClass(80)) - Create pipeline choose policy of type org.apache.hadoop.hdds.scm.pipeline.choose.algorithms.RandomPipelineChoosePolicy
2024-10-28 08:10:26,267 [main] INFO  algorithms.PipelineChoosePolicyFactory (PipelineChoosePolicyFactory.java:createPipelineChoosePolicyFromClass(80)) - Create pipeline choose policy of type org.apache.hadoop.hdds.scm.pipeline.choose.algorithms.RandomPipelineChoosePolicy
2024-10-28 08:10:26,267 [main] INFO  ha.SCMServiceManager (SCMServiceManager.java:register(42)) - Registering service SCMBlockDeletingService.
2024-10-28 08:10:26,268 [main] INFO  replication.ReplicationManager (ReplicationManager.java:start(296)) - Starting Replication Monitor Thread.
2024-10-28 08:10:26,271 [main] INFO  ha.SCMServiceManager (SCMServiceManager.java:register(42)) - Registering service ReplicationManager.
2024-10-28 08:10:26,271 [main] INFO  safemode.ContainerSafeModeRule (ContainerSafeModeRule.java:<init>(91)) - containers with one replica threshold count 0
2024-10-28 08:10:26,272 [main] INFO  safemode.HealthyPipelineSafeModeRule (HealthyPipelineSafeModeRule.java:initializeRule(176)) - Total pipeline count is 0, healthy pipeline threshold count is 1
2024-10-28 08:10:26,272 [main] INFO  safemode.OneReplicaPipelineSafeModeRule (OneReplicaPipelineSafeModeRule.java:initializeRule(193)) - Total pipeline count is 0, pipeline's with at least one datanode reported threshold count is 0
2024-10-28 08:10:26,272 [main] INFO  server.StorageContainerManager (StorageContainerManager.java:<init>(443)) - SCM start with adminUsers: [runner]
2024-10-28 08:10:26,273 [main] INFO  ipc.CallQueueManager (CallQueueManager.java:<init>(90)) - Using callQueue: class java.util.concurrent.LinkedBlockingQueue, queueCapacity: 10000, scheduler: class org.apache.hadoop.ipc.DefaultRpcScheduler, ipcBackoff: false.
2024-10-28 08:10:26,273 [main] INFO  ipc.Server (Server.java:<init>(1287)) - Listener at 0.0.0.0:15079
2024-10-28 08:10:26,276 [Socket Reader #1 for port 15079] INFO  ipc.Server (Server.java:run(1323)) - Starting Socket Reader #1 for port 15079
2024-10-28 08:10:26,276 [Socket Reader #3 for port 15079] INFO  ipc.Server (Server.java:run(1323)) - Starting Socket Reader #3 for port 15079
2024-10-28 08:10:26,276 [Socket Reader #2 for port 15079] INFO  ipc.Server (Server.java:run(1323)) - Starting Socket Reader #2 for port 15079
2024-10-28 08:10:26,277 [Socket Reader #4 for port 15079] INFO  ipc.Server (Server.java:run(1323)) - Starting Socket Reader #4 for port 15079
2024-10-28 08:10:26,277 [Socket Reader #6 for port 15079] INFO  ipc.Server (Server.java:run(1323)) - Starting Socket Reader #6 for port 15079
2024-10-28 08:10:26,277 [Socket Reader #5 for port 15079] INFO  ipc.Server (Server.java:run(1323)) - Starting Socket Reader #5 for port 15079
2024-10-28 08:10:26,280 [Socket Reader #7 for port 15079] INFO  ipc.Server (Server.java:run(1323)) - Starting Socket Reader #7 for port 15079
2024-10-28 08:10:26,280 [Socket Reader #8 for port 15079] INFO  ipc.Server (Server.java:run(1323)) - Starting Socket Reader #8 for port 15079
2024-10-28 08:10:26,282 [Socket Reader #9 for port 15079] INFO  ipc.Server (Server.java:run(1323)) - Starting Socket Reader #9 for port 15079
2024-10-28 08:10:26,282 [Socket Reader #10 for port 15079] INFO  ipc.Server (Server.java:run(1323)) - Starting Socket Reader #10 for port 15079
2024-10-28 08:10:26,283 [main] INFO  ipc.CallQueueManager (CallQueueManager.java:<init>(90)) - Using callQueue: class java.util.concurrent.LinkedBlockingQueue, queueCapacity: 10000, scheduler: class org.apache.hadoop.ipc.DefaultRpcScheduler, ipcBackoff: false.
2024-10-28 08:10:26,283 [main] INFO  ipc.Server (Server.java:<init>(1287)) - Listener at 0.0.0.0:15082
2024-10-28 08:10:26,283 [Socket Reader #1 for port 15082] INFO  ipc.Server (Server.java:run(1323)) - Starting Socket Reader #1 for port 15082
2024-10-28 08:10:26,283 [Socket Reader #2 for port 15082] INFO  ipc.Server (Server.java:run(1323)) - Starting Socket Reader #2 for port 15082
2024-10-28 08:10:26,284 [Socket Reader #3 for port 15082] INFO  ipc.Server (Server.java:run(1323)) - Starting Socket Reader #3 for port 15082
2024-10-28 08:10:26,284 [Socket Reader #4 for port 15082] INFO  ipc.Server (Server.java:run(1323)) - Starting Socket Reader #4 for port 15082
2024-10-28 08:10:26,284 [Socket Reader #5 for port 15082] INFO  ipc.Server (Server.java:run(1323)) - Starting Socket Reader #5 for port 15082
2024-10-28 08:10:26,284 [Socket Reader #7 for port 15082] INFO  ipc.Server (Server.java:run(1323)) - Starting Socket Reader #7 for port 15082
2024-10-28 08:10:26,284 [Socket Reader #8 for port 15082] INFO  ipc.Server (Server.java:run(1323)) - Starting Socket Reader #8 for port 15082
2024-10-28 08:10:26,284 [Socket Reader #9 for port 15082] INFO  ipc.Server (Server.java:run(1323)) - Starting Socket Reader #9 for port 15082
2024-10-28 08:10:26,285 [Socket Reader #10 for port 15082] INFO  ipc.Server (Server.java:run(1323)) - Starting Socket Reader #10 for port 15082
2024-10-28 08:10:26,285 [main] INFO  ipc.CallQueueManager (CallQueueManager.java:<init>(90)) - Using callQueue: class java.util.concurrent.LinkedBlockingQueue, queueCapacity: 10000, scheduler: class org.apache.hadoop.ipc.DefaultRpcScheduler, ipcBackoff: false.
2024-10-28 08:10:26,285 [main] INFO  ipc.Server (Server.java:<init>(1287)) - Listener at 0.0.0.0:15080
2024-10-28 08:10:26,286 [Socket Reader #6 for port 15082] INFO  ipc.Server (Server.java:run(1323)) - Starting Socket Reader #6 for port 15082
2024-10-28 08:10:26,291 [Socket Reader #5 for port 15080] INFO  ipc.Server (Server.java:run(1323)) - Starting Socket Reader #5 for port 15080
2024-10-28 08:10:26,292 [Socket Reader #6 for port 15080] INFO  ipc.Server (Server.java:run(1323)) - Starting Socket Reader #6 for port 15080
2024-10-28 08:10:26,292 [Socket Reader #8 for port 15080] INFO  ipc.Server (Server.java:run(1323)) - Starting Socket Reader #8 for port 15080
2024-10-28 08:10:26,292 [Socket Reader #7 for port 15080] INFO  ipc.Server (Server.java:run(1323)) - Starting Socket Reader #7 for port 15080
2024-10-28 08:10:26,286 [Socket Reader #4 for port 15080] INFO  ipc.Server (Server.java:run(1323)) - Starting Socket Reader #4 for port 15080
2024-10-28 08:10:26,286 [Socket Reader #3 for port 15080] INFO  ipc.Server (Server.java:run(1323)) - Starting Socket Reader #3 for port 15080
2024-10-28 08:10:26,286 [Socket Reader #2 for port 15080] INFO  ipc.Server (Server.java:run(1323)) - Starting Socket Reader #2 for port 15080
2024-10-28 08:10:26,286 [Socket Reader #1 for port 15080] INFO  ipc.Server (Server.java:run(1323)) - Starting Socket Reader #1 for port 15080
2024-10-28 08:10:26,293 [Socket Reader #10 for port 15080] INFO  ipc.Server (Server.java:run(1323)) - Starting Socket Reader #10 for port 15080
2024-10-28 08:10:26,292 [Socket Reader #9 for port 15080] INFO  ipc.Server (Server.java:run(1323)) - Starting Socket Reader #9 for port 15080
2024-10-28 08:10:26,297 [main] INFO  ha.SCMServiceManager (SCMServiceManager.java:register(42)) - Registering service ContainerBalancer.
2024-10-28 08:10:26,297 [main] INFO  ha.SCMContext (SCMContext.java:updateSafeModeStatus(225)) - Update SafeModeStatus from SafeModeStatus{safeModeStatus=true, preCheckPassed=false} to SafeModeStatus{safeModeStatus=true, preCheckPassed=false}.
2024-10-28 08:10:26,298 [main] INFO  server.StorageContainerManager (StorageContainerManager.java:start(1546)) - StorageContainerLocationProtocol RPC server is listening at /0.0.0.0:15080
2024-10-28 08:10:26,298 [main] INFO  ha.SCMRatisServerImpl (SCMRatisServerImpl.java:start(192)) - starting ratis server 0.0.0.0:15078
2024-10-28 08:10:26,298 [41ad025f-af8e-4c4e-9124-a1617073bc42-impl-thread1] INFO  server.RaftServerConfigKeys (ConfUtils.java:logGet(46)) - raft.server.storage.free-space.min = 0MB (=0) (default)
2024-10-28 08:10:26,298 [41ad025f-af8e-4c4e-9124-a1617073bc42-impl-thread1] INFO  server.RaftServerConfigKeys (ConfUtils.java:logGet(46)) - raft.server.log.corruption.policy = EXCEPTION (default)
2024-10-28 08:10:26,298 [41ad025f-af8e-4c4e-9124-a1617073bc42-impl-thread1] INFO  server.RaftServerConfigKeys (ConfUtils.java:logGet(46)) - raft.server.storage.dir = [/home/runner/work/ozone/ozone/hadoop-ozone/integration-test/target/test-dir/MiniOzoneClusterImpl-0da7ab08-e378-40bf-aed1-312ccc1152ed/scmNode-1/scm-ha] (custom)
2024-10-28 08:10:26,299 [41ad025f-af8e-4c4e-9124-a1617073bc42-impl-thread1] INFO  storage.RaftStorageDirectory (RaftStorageDirectoryImpl.java:tryLock(229)) - Lock on /home/runner/work/ozone/ozone/hadoop-ozone/integration-test/target/test-dir/MiniOzoneClusterImpl-0da7ab08-e378-40bf-aed1-312ccc1152ed/scmNode-1/scm-ha/0da7ab08-e378-40bf-aed1-312ccc1152ed/in_use.lock acquired by nodename 9135@fv-az886-152
2024-10-28 08:10:26,300 [41ad025f-af8e-4c4e-9124-a1617073bc42-impl-thread1] INFO  storage.RaftStorage (RaftStorageImpl.java:analyzeAndRecoverStorage(118)) - Read RaftStorageMetadata{term=1, votedFor=41ad025f-af8e-4c4e-9124-a1617073bc42} from /home/runner/work/ozone/ozone/hadoop-ozone/integration-test/target/test-dir/MiniOzoneClusterImpl-0da7ab08-e378-40bf-aed1-312ccc1152ed/scmNode-1/scm-ha/0da7ab08-e378-40bf-aed1-312ccc1152ed/current/raft-meta
2024-10-28 08:10:26,300 [41ad025f-af8e-4c4e-9124-a1617073bc42-impl-thread1] INFO  server.RaftServer$Division (ServerState.java:setRaftConf(386)) - 41ad025f-af8e-4c4e-9124-a1617073bc42@group-312CCC1152ED: set configuration conf: {index: 0, cur=peers:[41ad025f-af8e-4c4e-9124-a1617073bc42|localhost:15078]|listeners:[], old=null}
2024-10-28 08:10:26,300 [41ad025f-af8e-4c4e-9124-a1617073bc42-impl-thread1] INFO  ha.SCMStateMachine (SCMStateMachine.java:lambda$initialize$0(140)) - 41ad025f-af8e-4c4e-9124-a1617073bc42: initialize group-312CCC1152ED
2024-10-28 08:10:26,300 [41ad025f-af8e-4c4e-9124-a1617073bc42-impl-thread1] INFO  server.RaftServerConfigKeys (ConfUtils.java:logGet(46)) - raft.server.log.use.memory = false (default)
2024-10-28 08:10:26,300 [41ad025f-af8e-4c4e-9124-a1617073bc42-impl-thread1] INFO  server.RaftServerConfigKeys (ConfUtils.java:logGet(46)) - raft.server.log.purge.gap = 1000000 (custom)
2024-10-28 08:10:26,300 [41ad025f-af8e-4c4e-9124-a1617073bc42-impl-thread1] INFO  server.RaftServerConfigKeys (ConfUtils.java:logGet(46)) - raft.server.log.appender.buffer.byte-limit = 4194304 (custom)
2024-10-28 08:10:26,300 [41ad025f-af8e-4c4e-9124-a1617073bc42-impl-thread1] INFO  server.RaftServerConfigKeys (ConfUtils.java:logGet(46)) - raft.server.log.statemachine.data.read.timeout = 1000ms (default)
2024-10-28 08:10:26,300 [41ad025f-af8e-4c4e-9124-a1617073bc42-impl-thread1] INFO  server.RaftServerConfigKeys (ConfUtils.java:logGet(46)) - raft.server.log.purge.preservation.log.num = 0 (default)
2024-10-28 08:10:26,301 [41ad025f-af8e-4c4e-9124-a1617073bc42-impl-thread1] INFO  server.RaftServerConfigKeys (ConfUtils.java:logGet(46)) - raft.server.log.segment.size.max = 4194304 (custom)
2024-10-28 08:10:26,301 [41ad025f-af8e-4c4e-9124-a1617073bc42-impl-thread1] INFO  server.RaftServerConfigKeys (ConfUtils.java:logGet(46)) - raft.server.log.segment.cache.num.max = 2 (custom)
2024-10-28 08:10:26,301 [41ad025f-af8e-4c4e-9124-a1617073bc42-impl-thread1] INFO  server.RaftServerConfigKeys (ConfUtils.java:logGet(46)) - raft.server.log.segment.cache.size.max = 200MB (=209715200) (default)
2024-10-28 08:10:26,301 [41ad025f-af8e-4c4e-9124-a1617073bc42-impl-thread1] INFO  server.RaftServerConfigKeys (ConfUtils.java:logGet(46)) - raft.server.log.appender.buffer.byte-limit = 4194304 (custom)
2024-10-28 08:10:26,302 [41ad025f-af8e-4c4e-9124-a1617073bc42-impl-thread1] INFO  util.AwaitToRun (AwaitToRun.java:start(81)) - Thread[41ad025f-af8e-4c4e-9124-a1617073bc42@group-312CCC1152ED-cacheEviction-AwaitToRun,5,main] started
2024-10-28 08:10:26,302 [41ad025f-af8e-4c4e-9124-a1617073bc42-impl-thread1] INFO  segmented.SegmentedRaftLogWorker (SegmentedRaftLogWorker.java:<init>(187)) - new 41ad025f-af8e-4c4e-9124-a1617073bc42@group-312CCC1152ED-SegmentedRaftLogWorker for RaftStorageImpl:Storage Directory /home/runner/work/ozone/ozone/hadoop-ozone/integration-test/target/test-dir/MiniOzoneClusterImpl-0da7ab08-e378-40bf-aed1-312ccc1152ed/scmNode-1/scm-ha/0da7ab08-e378-40bf-aed1-312ccc1152ed
2024-10-28 08:10:26,302 [41ad025f-af8e-4c4e-9124-a1617073bc42-impl-thread1] INFO  server.RaftServerConfigKeys (ConfUtils.java:logGet(46)) - raft.server.log.queue.byte-limit = 64MB (=67108864) (default)
2024-10-28 08:10:26,302 [41ad025f-af8e-4c4e-9124-a1617073bc42-impl-thread1] INFO  server.RaftServerConfigKeys (ConfUtils.java:logGet(46)) - raft.server.log.queue.element-limit = 4096 (default)
2024-10-28 08:10:26,302 [41ad025f-af8e-4c4e-9124-a1617073bc42-impl-thread1] INFO  server.RaftServerConfigKeys (ConfUtils.java:logGet(46)) - raft.server.log.segment.size.max = 4194304 (custom)
2024-10-28 08:10:26,302 [41ad025f-af8e-4c4e-9124-a1617073bc42-impl-thread1] INFO  server.RaftServerConfigKeys (ConfUtils.java:logGet(46)) - raft.server.log.preallocated.size = 4194304 (custom)
2024-10-28 08:10:26,302 [41ad025f-af8e-4c4e-9124-a1617073bc42-impl-thread1] INFO  server.RaftServerConfigKeys (ConfUtils.java:logGet(46)) - raft.server.log.force.sync.num = 128 (default)
2024-10-28 08:10:26,302 [41ad025f-af8e-4c4e-9124-a1617073bc42-impl-thread1] INFO  server.RaftServerConfigKeys (ConfUtils.java:logGet(46)) - raft.server.log.statemachine.data.sync = true (default)
2024-10-28 08:10:26,302 [41ad025f-af8e-4c4e-9124-a1617073bc42-impl-thread1] INFO  server.RaftServerConfigKeys (ConfUtils.java:logGet(46)) - raft.server.log.statemachine.data.sync.timeout = 10s (default)
2024-10-28 08:10:26,302 [41ad025f-af8e-4c4e-9124-a1617073bc42-impl-thread1] INFO  server.RaftServerConfigKeys (ConfUtils.java:logGet(46)) - raft.server.log.statemachine.data.sync.timeout.retry = -1 (default)
2024-10-28 08:10:26,302 [41ad025f-af8e-4c4e-9124-a1617073bc42-impl-thread1] INFO  server.RaftServerConfigKeys (ConfUtils.java:logGet(46)) - raft.server.log.write.buffer.size = 4194312 (custom)
2024-10-28 08:10:26,304 [41ad025f-af8e-4c4e-9124-a1617073bc42-impl-thread1] INFO  server.RaftServerConfigKeys (ConfUtils.java:logGet(46)) - raft.server.log.appender.buffer.byte-limit = 4194304 (custom)
2024-10-28 08:10:26,304 [41ad025f-af8e-4c4e-9124-a1617073bc42-impl-thread1] INFO  server.RaftServerConfigKeys (ConfUtils.java:logGet(46)) - raft.server.log.unsafe-flush.enabled = false (default)
2024-10-28 08:10:26,304 [41ad025f-af8e-4c4e-9124-a1617073bc42-impl-thread1] INFO  server.RaftServerConfigKeys (ConfUtils.java:logGet(46)) - raft.server.log.async-flush.enabled = false (default)
2024-10-28 08:10:26,304 [41ad025f-af8e-4c4e-9124-a1617073bc42-impl-thread1] INFO  server.RaftServerConfigKeys (ConfUtils.java:logGet(46)) - raft.server.log.statemachine.data.caching.enabled = false (default)
2024-10-28 08:10:26,305 [41ad025f-af8e-4c4e-9124-a1617073bc42-impl-thread1] INFO  server.RaftServer$Division (ServerState.java:setRaftConf(386)) - 41ad025f-af8e-4c4e-9124-a1617073bc42@group-312CCC1152ED: set configuration conf: {index: 0, cur=peers:[41ad025f-af8e-4c4e-9124-a1617073bc42|localhost:15078]|listeners:[], old=null}
2024-10-28 08:10:26,305 [41ad025f-af8e-4c4e-9124-a1617073bc42-impl-thread1] INFO  segmented.LogSegment (LogSegment.java:loadSegment(171)) - Successfully read 1 entries from segment file /home/runner/work/ozone/ozone/hadoop-ozone/integration-test/target/test-dir/MiniOzoneClusterImpl-0da7ab08-e378-40bf-aed1-312ccc1152ed/scmNode-1/scm-ha/0da7ab08-e378-40bf-aed1-312ccc1152ed/current/log_inprogress_0
2024-10-28 08:10:26,305 [41ad025f-af8e-4c4e-9124-a1617073bc42-impl-thread1] INFO  segmented.SegmentedRaftLogWorker (SegmentedRaftLogWorker.java:lambda$new$0(138)) - 41ad025f-af8e-4c4e-9124-a1617073bc42@group-312CCC1152ED-SegmentedRaftLogWorker: safeCacheEvictIndex: setUnconditionally 0 -> -1
2024-10-28 08:10:26,305 [41ad025f-af8e-4c4e-9124-a1617073bc42-impl-thread1] INFO  segmented.BufferedWriteChannel (BufferedWriteChannel.java:open(61)) - open log_inprogress_0 (append) at position 76
2024-10-28 08:10:26,305 [41ad025f-af8e-4c4e-9124-a1617073bc42-impl-thread1] INFO  server.RaftServer$Division (RaftServerImpl.java:start(390)) - 41ad025f-af8e-4c4e-9124-a1617073bc42@group-312CCC1152ED: start as a follower, conf=conf: {index: 0, cur=peers:[41ad025f-af8e-4c4e-9124-a1617073bc42|localhost:15078]|listeners:[], old=null}
2024-10-28 08:10:26,305 [41ad025f-af8e-4c4e-9124-a1617073bc42-impl-thread1] INFO  server.RaftServer$Division (RaftServerImpl.java:setRole(377)) - 41ad025f-af8e-4c4e-9124-a1617073bc42@group-312CCC1152ED: changes role from      null to FOLLOWER at term 1 for startAsFollower
2024-10-28 08:10:26,306 [41ad025f-af8e-4c4e-9124-a1617073bc42-impl-thread1] INFO  impl.RoleInfo (RoleInfo.java:updateAndGet(148)) - 41ad025f-af8e-4c4e-9124-a1617073bc42: start 41ad025f-af8e-4c4e-9124-a1617073bc42@group-312CCC1152ED-FollowerState
2024-10-28 08:10:26,306 [41ad025f-af8e-4c4e-9124-a1617073bc42@group-312CCC1152ED-FollowerState] INFO  server.RaftServerConfigKeys (ConfUtils.java:logFallback(53)) - raft.server.rpc.first-election.timeout.min = 5000ms (fallback to raft.server.rpc.timeout.min)
2024-10-28 08:10:26,306 [41ad025f-af8e-4c4e-9124-a1617073bc42@group-312CCC1152ED-FollowerState] INFO  server.RaftServerConfigKeys (ConfUtils.java:logFallback(53)) - raft.server.rpc.first-election.timeout.max = 5200ms (fallback to raft.server.rpc.timeout.max)
2024-10-28 08:10:26,306 [41ad025f-af8e-4c4e-9124-a1617073bc42-impl-thread1] INFO  util.JmxRegister (JmxRegister.java:tryRegister(44)) - Successfully registered JMX Bean with object name Ratis:service=RaftServer,group=group-312CCC1152ED,id=41ad025f-af8e-4c4e-9124-a1617073bc42
2024-10-28 08:10:26,306 [41ad025f-af8e-4c4e-9124-a1617073bc42-impl-thread1] INFO  util.JmxRegister (JmxRegister.java:register(58)) - register mxBean class org.apache.ratis.server.impl.RaftServerJmxAdapter as Ratis:service=RaftServer,group=group-312CCC1152ED,id=41ad025f-af8e-4c4e-9124-a1617073bc42
2024-10-28 08:10:26,306 [41ad025f-af8e-4c4e-9124-a1617073bc42-impl-thread1] INFO  server.RaftServerConfigKeys (ConfUtils.java:logGet(46)) - raft.server.snapshot.trigger-when-stop.enabled = true (default)
2024-10-28 08:10:26,306 [41ad025f-af8e-4c4e-9124-a1617073bc42-impl-thread1] INFO  server.RaftServerConfigKeys (ConfUtils.java:logGet(46)) - raft.server.snapshot.trigger-when-remove.enabled = true (default)
2024-10-28 08:10:26,307 [41ad025f-af8e-4c4e-9124-a1617073bc42-impl-thread1] INFO  server.RaftServerConfigKeys (ConfUtils.java:logGet(46)) - raft.server.snapshot.auto.trigger.enabled = true (custom)
2024-10-28 08:10:26,307 [41ad025f-af8e-4c4e-9124-a1617073bc42-impl-thread1] INFO  server.RaftServerConfigKeys (ConfUtils.java:logGet(46)) - raft.server.snapshot.auto.trigger.threshold = 5 (custom)
2024-10-28 08:10:26,307 [41ad025f-af8e-4c4e-9124-a1617073bc42-impl-thread1] INFO  server.RaftServerConfigKeys (ConfUtils.java:logGet(46)) - raft.server.snapshot.retention.file.num = -1 (default)
2024-10-28 08:10:26,307 [41ad025f-af8e-4c4e-9124-a1617073bc42-impl-thread1] INFO  server.RaftServerConfigKeys (ConfUtils.java:logGet(46)) - raft.server.log.purge.upto.snapshot.index = false (default)
2024-10-28 08:10:26,307 [main] INFO  server.RaftServer (RaftServerProxy.java:startImpl(407)) - 41ad025f-af8e-4c4e-9124-a1617073bc42: start RPC server
2024-10-28 08:10:26,308 [main] INFO  server.GrpcService (GrpcService.java:startImpl(334)) - 41ad025f-af8e-4c4e-9124-a1617073bc42: GrpcService started, listening on 15078
2024-10-28 08:10:26,308 [main] INFO  ha.SCMHAManagerImpl (SCMHAManagerImpl.java:start(146)) -  scm role is FOLLOWER peers [41ad025f-af8e-4c4e-9124-a1617073bc42|localhost:15078]
2024-10-28 08:10:26,308 [main] INFO  ha.InterSCMGrpcService (InterSCMGrpcProtocolService.java:start(99)) - Starting SCM Grpc Service at port 15081
2024-10-28 08:10:26,308 [JvmPauseMonitor11] INFO  util.JvmPauseMonitor (JvmPauseMonitor.java:run(146)) - JvmPauseMonitor-41ad025f-af8e-4c4e-9124-a1617073bc42: Started
2024-10-28 08:10:26,309 [main] INFO  SCMHATransactionMonitor (BackgroundSCMService.java:start(65)) - Starting SCMHATransactionMonitor Service.
2024-10-28 08:10:26,309 [main] INFO  ha.SCMServiceManager (SCMServiceManager.java:register(42)) - Registering service SCMHATransactionMonitor.
2024-10-28 08:10:26,309 [main] INFO  SCMHATransactionMonitor (BackgroundSCMService.java:start(62)) - SCMHATransactionMonitor Service is already running, skip start.
2024-10-28 08:10:26,310 [main] WARN  impl.MetricsConfig (MetricsConfig.java:loadFirst(136)) - Cannot locate configuration: tried hadoop-metrics2-storagecontainermanager.properties,hadoop-metrics2.properties
2024-10-28 08:10:26,310 [main] INFO  impl.MetricsSystemImpl (MetricsSystemImpl.java:startTimer(378)) - Scheduled Metric snapshot period at 10 second(s).
2024-10-28 08:10:26,311 [main] INFO  impl.MetricsSystemImpl (MetricsSystemImpl.java:start(191)) - StorageContainerManager metrics system started
2024-10-28 08:10:26,325 [main] INFO  impl.MetricsSinkAdapter (MetricsSinkAdapter.java:start(204)) - Sink prometheus started
2024-10-28 08:10:26,325 [main] INFO  impl.MetricsSystemImpl (MetricsSystemImpl.java:registerSink(305)) - Registered sink prometheus
2024-10-28 08:10:26,353 [main] INFO  server.SCMClientProtocolServer (SCMClientProtocolServer.java:start(215)) - RPC server for Client  is listening at /0.0.0.0:15080
2024-10-28 08:10:26,354 [IPC Server Responder] INFO  ipc.Server (Server.java:run(1562)) - IPC Server Responder: starting
2024-10-28 08:10:26,360 [IPC Server listener on 15080] INFO  ipc.Server (Server.java:run(1402)) - IPC Server listener on 15080: starting
2024-10-28 08:10:26,396 [main] INFO  server.StorageContainerManager (StorageContainerManager.java:start(1559)) - ScmBlockLocationProtocol RPC server is listening at /0.0.0.0:15082
2024-10-28 08:10:26,396 [main] INFO  server.SCMBlockProtocolServer (SCMBlockProtocolServer.java:start(172)) - RPC server for Block Protocol is listening at /0.0.0.0:15082
2024-10-28 08:10:26,397 [IPC Server Responder] INFO  ipc.Server (Server.java:run(1562)) - IPC Server Responder: starting
2024-10-28 08:10:26,397 [IPC Server listener on 15082] INFO  ipc.Server (Server.java:run(1402)) - IPC Server listener on 15082: starting
2024-10-28 08:10:26,406 [main] INFO  http.BaseHttpServer (BaseHttpServer.java:newHttpServer2BuilderForOzone(223)) - Starting Web-server for scm at: http://0.0.0.0:15075
2024-10-28 08:10:26,406 [main] INFO  http.BaseHttpServer (BaseHttpServer.java:<init>(110)) - Hadoop Security Enabled: false Ozone Security Enabled: false Ozone HTTP Security Enabled: false 
2024-10-28 08:10:26,407 [main] WARN  server.AuthenticationFilter (AuthenticationFilter.java:constructSecretProvider(240)) - Unable to initialize FileSignerSecretProvider, falling back to use random secrets. Reason: Could not read signature secret file: /home/runner/hadoop-http-auth-signature-secret
2024-10-28 08:10:26,408 [main] INFO  http.HttpRequestLog (HttpRequestLog.java:getRequestLog(86)) - Http request log for http.requests.scm is not defined
2024-10-28 08:10:26,409 [main] INFO  http.HttpServer2 (HttpServer2.java:addGlobalFilter(1035)) - Added global filter 'safety' (class=org.apache.hadoop.hdds.server.http.HttpServer2$QuotingInputFilter)
2024-10-28 08:10:26,409 [main] INFO  http.HttpServer2 (HttpServer2.java:addFilter(1011)) - Added filter static_user_filter (class=org.apache.hadoop.http.lib.StaticUserWebFilter$StaticUserFilter) to context scm
2024-10-28 08:10:26,409 [main] INFO  http.HttpServer2 (HttpServer2.java:addFilter(1019)) - Added filter static_user_filter (class=org.apache.hadoop.http.lib.StaticUserWebFilter$StaticUserFilter) to context static
2024-10-28 08:10:26,410 [main] INFO  http.HttpServer2 (HttpServer2.java:addFilter(1019)) - Added filter static_user_filter (class=org.apache.hadoop.http.lib.StaticUserWebFilter$StaticUserFilter) to context logs
2024-10-28 08:10:26,410 [main] INFO  http.BaseHttpServer (BaseHttpServer.java:<init>(189)) - HTTP server of scm uses base directory /home/runner/work/ozone/ozone/hadoop-ozone/integration-test/target/test-dir/MiniOzoneClusterImpl-0da7ab08-e378-40bf-aed1-312ccc1152ed/scmNode-1/webserver
2024-10-28 08:10:26,411 [main] INFO  http.HttpServer2 (HttpServer2.java:bindListener(1235)) - Jetty bound to port 15075
2024-10-28 08:10:26,411 [main] INFO  server.Server (Server.java:doStart(375)) - jetty-9.4.56.v20240826; built: 2024-08-26T17:15:05.868Z; git: ec6782ff5ead824dabdcf47fa98f90a4aedff401; jvm 17.0.12+7
2024-10-28 08:10:26,412 [main] INFO  server.session (DefaultSessionIdManager.java:doStart(334)) - DefaultSessionIdManager workerName=node0
2024-10-28 08:10:26,412 [main] INFO  server.session (DefaultSessionIdManager.java:doStart(339)) - No SessionScavenger set, using defaults
2024-10-28 08:10:26,412 [main] INFO  server.session (HouseKeeper.java:startScavenging(132)) - node0 Scavenging every 660000ms
2024-10-28 08:10:26,413 [main] INFO  handler.ContextHandler (ContextHandler.java:doStart(921)) - Started o.e.j.s.ServletContextHandler@4d25f209{logs,/logs,file:///home/runner/work/ozone/ozone/hadoop-ozone/integration-test/target/log,AVAILABLE}
2024-10-28 08:10:26,413 [main] INFO  handler.ContextHandler (ContextHandler.java:doStart(921)) - Started o.e.j.s.ServletContextHandler@f79deff{static,/static,file:///home/runner/work/ozone/ozone/hadoop-ozone/integration-test/target/test-classes/webapps/static,AVAILABLE}
2024-10-28 08:10:26,419 [main] INFO  handler.ContextHandler (ContextHandler.java:doStart(921)) - Started o.e.j.w.WebAppContext@3983235{scm,/,file:///home/runner/work/ozone/ozone/hadoop-ozone/integration-test/target/test-classes/webapps/scm/,AVAILABLE}{file:/home/runner/work/ozone/ozone/hadoop-ozone/integration-test/target/test-classes/webapps/scm}
2024-10-28 08:10:26,419 [main] INFO  server.AbstractConnector (AbstractConnector.java:doStart(333)) - Started ServerConnector@124d184c{HTTP/1.1, (http/1.1)}{0.0.0.0:15075}
2024-10-28 08:10:26,420 [main] INFO  server.Server (Server.java:doStart(415)) - Started @159216ms
2024-10-28 08:10:26,420 [main] WARN  impl.MetricsSystemImpl (MetricsSystemImpl.java:register(279)) - Sink prometheus already exists!
2024-10-28 08:10:26,420 [main] INFO  http.BaseHttpServer (BaseHttpServer.java:updateConnectorAddress(354)) - HTTP server of scm listening at http://0.0.0.0:15075
2024-10-28 08:10:26,420 [main] INFO  ozone.MiniOzoneHAClusterImpl (MiniOzoneHAClusterImpl.java:createSCMService(590)) - Started SCM RPC server at /0.0.0.0:15080
2024-10-28 08:10:26,421 [main] WARN  server.ServerUtils (ServerUtils.java:getScmDbDir(143)) - ozone.scm.db.dirs is not configured. We recommend adding this setting. Falling back to ozone.metadata.dirs instead.
2024-10-28 08:10:26,421 [main] INFO  ha.SCMHANodeDetails (SCMHANodeDetails.java:loadSCMHAConfig(207)) - ServiceID for StorageContainerManager is scm-service-test1
2024-10-28 08:10:26,421 [main] INFO  ha.SCMHANodeDetails (SCMHANodeDetails.java:loadSCMHAConfig(218)) - ServiceID for StorageContainerManager is scm-service-test1
2024-10-28 08:10:26,422 [main] WARN  scm.ScmUtils (ScmUtils.java:logWarn(165)) - ConfigKey ozone.scm.block.client.address is deprecated, For configuring different ports for each SCM use PortConfigKey ozone.scm.block.client.port appended with serviceId and nodeId. If want to configure same port configure ozone.scm.block.client.port
2024-10-28 08:10:26,422 [main] WARN  scm.ScmUtils (ScmUtils.java:logWarn(165)) - ConfigKey ozone.scm.client.address is deprecated, For configuring different ports for each SCM use PortConfigKey ozone.scm.client.port appended with serviceId and nodeId. If want to configure same port configure ozone.scm.client.port
2024-10-28 08:10:26,422 [main] WARN  scm.ScmUtils (ScmUtils.java:logWarn(165)) - ConfigKey ozone.scm.datanode.address is deprecated, For configuring different ports for each SCM use PortConfigKey ozone.scm.datanode.port appended with serviceId and nodeId. If want to configure same port configure ozone.scm.datanode.port
2024-10-28 08:10:26,423 [main] WARN  scm.ScmUtils (ScmUtils.java:logWarn(165)) - ConfigKey ozone.scm.block.client.address is deprecated, For configuring different ports for each SCM use PortConfigKey ozone.scm.block.client.port appended with serviceId and nodeId. If want to configure same port configure ozone.scm.block.client.port
2024-10-28 08:10:26,423 [main] WARN  scm.ScmUtils (ScmUtils.java:logWarn(165)) - ConfigKey ozone.scm.client.address is deprecated, For configuring different ports for each SCM use PortConfigKey ozone.scm.client.port appended with serviceId and nodeId. If want to configure same port configure ozone.scm.client.port
2024-10-28 08:10:26,423 [main] WARN  scm.ScmUtils (ScmUtils.java:logWarn(165)) - ConfigKey ozone.scm.datanode.address is deprecated, For configuring different ports for each SCM use PortConfigKey ozone.scm.datanode.port appended with serviceId and nodeId. If want to configure same port configure ozone.scm.datanode.port
2024-10-28 08:10:26,423 [main] INFO  ha.SCMHANodeDetails (SCMHANodeDetails.java:loadSCMHAConfig(305)) - Found matching SCM address with SCMServiceId: scm-service-test1, SCMNodeId: scmNode-2, RPC Address: localhost:15086 and Ratis port: 15086
2024-10-28 08:10:26,423 [main] INFO  ha.SCMHANodeDetails (ConfUtils.java:setNodeSpecificConfigs(97)) - Setting configuration key ozone.scm.datanode.address with value of key ozone.scm.datanode.address.scm-service-test1.scmNode-2: 127.0.0.1:15087
2024-10-28 08:10:26,424 [main] INFO  ha.SCMHANodeDetails (ConfUtils.java:setNodeSpecificConfigs(97)) - Setting configuration key ozone.scm.block.client.address with value of key ozone.scm.block.client.address.scm-service-test1.scmNode-2: 127.0.0.1:15090
2024-10-28 08:10:26,424 [main] INFO  ha.SCMHANodeDetails (ConfUtils.java:setNodeSpecificConfigs(97)) - Setting configuration key ozone.scm.client.address with value of key ozone.scm.client.address.scm-service-test1.scmNode-2: 127.0.0.1:15088
2024-10-28 08:10:26,424 [main] INFO  ha.SCMHANodeDetails (ConfUtils.java:setNodeSpecificConfigs(97)) - Setting configuration key ozone.scm.security.service.address with value of key ozone.scm.security.service.address.scm-service-test1.scmNode-2: 127.0.0.1:15085
2024-10-28 08:10:26,424 [main] INFO  ha.SCMHANodeDetails (ConfUtils.java:setNodeSpecificConfigs(97)) - Setting configuration key ozone.scm.ratis.port with value of key ozone.scm.ratis.port.scm-service-test1.scmNode-2: 15086
2024-10-28 08:10:26,424 [main] INFO  ha.SCMHANodeDetails (ConfUtils.java:setNodeSpecificConfigs(97)) - Setting configuration key ozone.scm.grpc.port with value of key ozone.scm.grpc.port.scm-service-test1.scmNode-2: 15089
2024-10-28 08:10:26,424 [main] INFO  ha.SCMHANodeDetails (ConfUtils.java:setNodeSpecificConfigs(97)) - Setting configuration key ozone.scm.http-address with value of key ozone.scm.http-address.scm-service-test1.scmNode-2: 127.0.0.1:15083
2024-10-28 08:10:26,424 [main] INFO  ha.SCMHANodeDetails (ConfUtils.java:setNodeSpecificConfigs(97)) - Setting configuration key ozone.scm.https-address with value of key ozone.scm.https-address.scm-service-test1.scmNode-2: 127.0.0.1:15084
2024-10-28 08:10:26,424 [main] INFO  ha.SCMHANodeDetails (ConfUtils.java:setNodeSpecificConfigs(97)) - Setting configuration key ozone.scm.address with value of key ozone.scm.address.scm-service-test1.scmNode-2: 127.0.0.1
2024-10-28 08:10:26,425 [main] WARN  scm.ScmUtils (ScmUtils.java:logWarn(165)) - ConfigKey ozone.scm.block.client.address is deprecated, For configuring different ports for each SCM use PortConfigKey ozone.scm.block.client.port appended with serviceId and nodeId. If want to configure same port configure ozone.scm.block.client.port
2024-10-28 08:10:26,425 [main] WARN  scm.ScmUtils (ScmUtils.java:logWarn(165)) - ConfigKey ozone.scm.client.address is deprecated, For configuring different ports for each SCM use PortConfigKey ozone.scm.client.port appended with serviceId and nodeId. If want to configure same port configure ozone.scm.client.port
2024-10-28 08:10:26,425 [main] WARN  scm.ScmUtils (ScmUtils.java:logWarn(165)) - ConfigKey ozone.scm.datanode.address is deprecated, For configuring different ports for each SCM use PortConfigKey ozone.scm.datanode.port appended with serviceId and nodeId. If want to configure same port configure ozone.scm.datanode.port
2024-10-28 08:10:26,426 [main] INFO  ha.SCMNodeInfo (SCMNodeInfo.java:getPort(196)) - ConfigKey ozone.scm.client.address is deprecated, For configuring different ports for each SCM use PortConfigKey ozone.scm.client.port appended with serviceId and nodeId
2024-10-28 08:10:26,427 [main] INFO  ha.SCMNodeInfo (SCMNodeInfo.java:getPort(196)) - ConfigKey ozone.scm.block.client.address is deprecated, For configuring different ports for each SCM use PortConfigKey ozone.scm.block.client.port appended with serviceId and nodeId
2024-10-28 08:10:26,427 [main] INFO  ha.SCMNodeInfo (SCMNodeInfo.java:getPort(196)) - ConfigKey ozone.scm.security.service.address is deprecated, For configuring different ports for each SCM use PortConfigKey ozone.scm.security.service.port appended with serviceId and nodeId
2024-10-28 08:10:26,427 [main] INFO  ha.SCMNodeInfo (SCMNodeInfo.java:getPort(196)) - ConfigKey ozone.scm.datanode.address is deprecated, For configuring different ports for each SCM use PortConfigKey ozone.scm.datanode.port appended with serviceId and nodeId
2024-10-28 08:10:26,427 [main] INFO  ha.SCMNodeInfo (SCMNodeInfo.java:getPort(196)) - ConfigKey ozone.scm.client.address is deprecated, For configuring different ports for each SCM use PortConfigKey ozone.scm.client.port appended with serviceId and nodeId
2024-10-28 08:10:26,427 [main] INFO  ha.SCMNodeInfo (SCMNodeInfo.java:getPort(196)) - ConfigKey ozone.scm.block.client.address is deprecated, For configuring different ports for each SCM use PortConfigKey ozone.scm.block.client.port appended with serviceId and nodeId
2024-10-28 08:10:26,427 [main] INFO  ha.SCMNodeInfo (SCMNodeInfo.java:getPort(196)) - ConfigKey ozone.scm.security.service.address is deprecated, For configuring different ports for each SCM use PortConfigKey ozone.scm.security.service.port appended with serviceId and nodeId
2024-10-28 08:10:26,427 [main] INFO  ha.SCMNodeInfo (SCMNodeInfo.java:getPort(196)) - ConfigKey ozone.scm.datanode.address is deprecated, For configuring different ports for each SCM use PortConfigKey ozone.scm.datanode.port appended with serviceId and nodeId
2024-10-28 08:10:26,428 [main] INFO  proxy.SCMBlockLocationFailoverProxyProvider (SCMBlockLocationFailoverProxyProvider.java:<init>(115)) - Created block location fail-over proxy with 2 nodes: [nodeId=scmNode-3,nodeAddress=/127.0.0.1:15098, nodeId=scmNode-1,nodeAddress=/127.0.0.1:15082]
2024-10-28 08:10:27,034 [dbc8bb5e-43aa-46e2-8b22-902d8de4f543-EndpointStateMachineTaskThread-/127.0.0.1:15012-0 ] INFO  ipc.Client (Client.java:handleConnectionFailure(950)) - Retrying connect to server: localhost/127.0.0.1:15012. Already tried 1 time(s); retry policy is RetryUpToMaximumCountWithFixedSleep(maxRetries=15, sleepTime=1000 MILLISECONDS)
2024-10-28 08:10:27,034 [d1f2ec58-f55e-45ab-93c5-34baa5ccb560-EndpointStateMachineTaskThread-/127.0.0.1:15020-0 ] INFO  ipc.Client (Client.java:handleConnectionFailure(950)) - Retrying connect to server: localhost/127.0.0.1:15020. Already tried 1 time(s); retry policy is RetryUpToMaximumCountWithFixedSleep(maxRetries=15, sleepTime=1000 MILLISECONDS)
2024-10-28 08:10:28,034 [dbc8bb5e-43aa-46e2-8b22-902d8de4f543-EndpointStateMachineTaskThread-/127.0.0.1:15012-0 ] INFO  ipc.Client (Client.java:handleConnectionFailure(950)) - Retrying connect to server: localhost/127.0.0.1:15012. Already tried 2 time(s); retry policy is RetryUpToMaximumCountWithFixedSleep(maxRetries=15, sleepTime=1000 MILLISECONDS)
2024-10-28 08:10:28,035 [d1f2ec58-f55e-45ab-93c5-34baa5ccb560-EndpointStateMachineTaskThread-/127.0.0.1:15020-0 ] INFO  ipc.Client (Client.java:handleConnectionFailure(950)) - Retrying connect to server: localhost/127.0.0.1:15020. Already tried 2 time(s); retry policy is RetryUpToMaximumCountWithFixedSleep(maxRetries=15, sleepTime=1000 MILLISECONDS)
2024-10-28 08:10:29,035 [dbc8bb5e-43aa-46e2-8b22-902d8de4f543-EndpointStateMachineTaskThread-/127.0.0.1:15012-0 ] INFO  ipc.Client (Client.java:handleConnectionFailure(950)) - Retrying connect to server: localhost/127.0.0.1:15012. Already tried 3 time(s); retry policy is RetryUpToMaximumCountWithFixedSleep(maxRetries=15, sleepTime=1000 MILLISECONDS)
2024-10-28 08:10:29,035 [d1f2ec58-f55e-45ab-93c5-34baa5ccb560-EndpointStateMachineTaskThread-/127.0.0.1:15020-0 ] INFO  ipc.Client (Client.java:handleConnectionFailure(950)) - Retrying connect to server: localhost/127.0.0.1:15020. Already tried 3 time(s); retry policy is RetryUpToMaximumCountWithFixedSleep(maxRetries=15, sleepTime=1000 MILLISECONDS)
2024-10-28 08:10:30,036 [d1f2ec58-f55e-45ab-93c5-34baa5ccb560-EndpointStateMachineTaskThread-/127.0.0.1:15020-0 ] INFO  ipc.Client (Client.java:handleConnectionFailure(950)) - Retrying connect to server: localhost/127.0.0.1:15020. Already tried 4 time(s); retry policy is RetryUpToMaximumCountWithFixedSleep(maxRetries=15, sleepTime=1000 MILLISECONDS)
2024-10-28 08:10:30,036 [dbc8bb5e-43aa-46e2-8b22-902d8de4f543-EndpointStateMachineTaskThread-/127.0.0.1:15012-0 ] INFO  ipc.Client (Client.java:handleConnectionFailure(950)) - Retrying connect to server: localhost/127.0.0.1:15012. Already tried 4 time(s); retry policy is RetryUpToMaximumCountWithFixedSleep(maxRetries=15, sleepTime=1000 MILLISECONDS)
2024-10-28 08:10:30,437 [main] INFO  retry.RetryInvocationHandler (RetryInvocationHandler.java:log(422)) - com.google.protobuf.ServiceException: org.apache.hadoop.ipc.RemoteException(org.apache.hadoop.hdds.ratis.ServerNotLeaderException): Server:41ad025f-af8e-4c4e-9124-a1617073bc42 is not the leader. Could not determine the leader node.
	at org.apache.hadoop.hdds.ratis.ServerNotLeaderException.convertToNotLeaderException(ServerNotLeaderException.java:105)
	at org.apache.hadoop.hdds.scm.ha.RatisUtil.checkRatisException(RatisUtil.java:248)
	at org.apache.hadoop.hdds.scm.protocol.ScmBlockLocationProtocolServerSideTranslatorPB.send(ScmBlockLocationProtocolServerSideTranslatorPB.java:111)
	at org.apache.hadoop.hdds.protocol.proto.ScmBlockLocationProtocolProtos$ScmBlockLocationProtocolService$2.callBlockingMethod(ScmBlockLocationProtocolProtos.java:15776)
	at org.apache.hadoop.ipc.ProtobufRpcEngine$Server.processCall(ProtobufRpcEngine.java:484)
	at org.apache.hadoop.ipc.ProtobufRpcEngine2$Server$ProtoBufRpcInvoker.call(ProtobufRpcEngine2.java:595)
	at org.apache.hadoop.ipc.ProtobufRpcEngine2$Server$ProtoBufRpcInvoker.call(ProtobufRpcEngine2.java:573)
	at org.apache.hadoop.ipc.RPC$Server.call(RPC.java:1227)
	at org.apache.hadoop.ipc.Server$RpcCall.run(Server.java:1094)
	at org.apache.hadoop.ipc.Server$RpcCall.run(Server.java:1017)
	at java.base/java.security.AccessController.doPrivileged(AccessController.java:712)
	at java.base/javax.security.auth.Subject.doAs(Subject.java:439)
	at org.apache.hadoop.security.UserGroupInformation.doAs(UserGroupInformation.java:1899)
	at org.apache.hadoop.ipc.Server$Handler.run(Server.java:3048)
, while invoking $Proxy101.send over nodeId=scmNode-1,nodeAddress=/127.0.0.1:15082 after 2 failover attempts. Trying to failover after sleeping for 2000ms. Current retry count: 2.
2024-10-28 08:10:31,036 [dbc8bb5e-43aa-46e2-8b22-902d8de4f543-EndpointStateMachineTaskThread-/127.0.0.1:15012-0 ] INFO  ipc.Client (Client.java:handleConnectionFailure(950)) - Retrying connect to server: localhost/127.0.0.1:15012. Already tried 5 time(s); retry policy is RetryUpToMaximumCountWithFixedSleep(maxRetries=15, sleepTime=1000 MILLISECONDS)
2024-10-28 08:10:31,036 [d1f2ec58-f55e-45ab-93c5-34baa5ccb560-EndpointStateMachineTaskThread-/127.0.0.1:15020-0 ] INFO  ipc.Client (Client.java:handleConnectionFailure(950)) - Retrying connect to server: localhost/127.0.0.1:15020. Already tried 5 time(s); retry policy is RetryUpToMaximumCountWithFixedSleep(maxRetries=15, sleepTime=1000 MILLISECONDS)
2024-10-28 08:10:31,309 [41ad025f-af8e-4c4e-9124-a1617073bc42@group-312CCC1152ED-FollowerState] INFO  impl.FollowerState (FollowerState.java:run(144)) - 41ad025f-af8e-4c4e-9124-a1617073bc42@group-312CCC1152ED-FollowerState: change to CANDIDATE, lastRpcElapsedTime:5003572091ns, electionTimeout:5003ms
2024-10-28 08:10:31,309 [41ad025f-af8e-4c4e-9124-a1617073bc42@group-312CCC1152ED-FollowerState] INFO  impl.RoleInfo (RoleInfo.java:shutdownFollowerState(119)) - 41ad025f-af8e-4c4e-9124-a1617073bc42: shutdown 41ad025f-af8e-4c4e-9124-a1617073bc42@group-312CCC1152ED-FollowerState
2024-10-28 08:10:31,309 [41ad025f-af8e-4c4e-9124-a1617073bc42@group-312CCC1152ED-FollowerState] INFO  server.RaftServer$Division (RaftServerImpl.java:setRole(377)) - 41ad025f-af8e-4c4e-9124-a1617073bc42@group-312CCC1152ED: changes role from  FOLLOWER to CANDIDATE at term 1 for changeToCandidate
2024-10-28 08:10:31,310 [41ad025f-af8e-4c4e-9124-a1617073bc42@group-312CCC1152ED-FollowerState] INFO  server.RaftServerConfigKeys (ConfUtils.java:logGet(46)) - raft.server.leaderelection.pre-vote = true (default)
2024-10-28 08:10:31,310 [41ad025f-af8e-4c4e-9124-a1617073bc42@group-312CCC1152ED-FollowerState] INFO  impl.RoleInfo (RoleInfo.java:updateAndGet(148)) - 41ad025f-af8e-4c4e-9124-a1617073bc42: start 41ad025f-af8e-4c4e-9124-a1617073bc42@group-312CCC1152ED-LeaderElection13
2024-10-28 08:10:31,310 [41ad025f-af8e-4c4e-9124-a1617073bc42@group-312CCC1152ED-LeaderElection13] INFO  impl.LeaderElection (LeaderElection.java:askForVotes(325)) - 41ad025f-af8e-4c4e-9124-a1617073bc42@group-312CCC1152ED-LeaderElection13 PRE_VOTE round 0: submit vote requests at term 1 for conf: {index: 0, cur=peers:[41ad025f-af8e-4c4e-9124-a1617073bc42|localhost:15078]|listeners:[], old=null}
2024-10-28 08:10:31,310 [41ad025f-af8e-4c4e-9124-a1617073bc42@group-312CCC1152ED-LeaderElection13] INFO  impl.LeaderElection (LeaderElection.java:askForVotes(327)) - 41ad025f-af8e-4c4e-9124-a1617073bc42@group-312CCC1152ED-LeaderElection13 PRE_VOTE round 0: result PASSED (term=1)
2024-10-28 08:10:32,037 [dbc8bb5e-43aa-46e2-8b22-902d8de4f543-EndpointStateMachineTaskThread-/127.0.0.1:15012-0 ] INFO  ipc.Client (Client.java:handleConnectionFailure(950)) - Retrying connect to server: localhost/127.0.0.1:15012. Already tried 6 time(s); retry policy is RetryUpToMaximumCountWithFixedSleep(maxRetries=15, sleepTime=1000 MILLISECONDS)
2024-10-28 08:10:32,037 [d1f2ec58-f55e-45ab-93c5-34baa5ccb560-EndpointStateMachineTaskThread-/127.0.0.1:15020-0 ] INFO  ipc.Client (Client.java:handleConnectionFailure(950)) - Retrying connect to server: localhost/127.0.0.1:15020. Already tried 6 time(s); retry policy is RetryUpToMaximumCountWithFixedSleep(maxRetries=15, sleepTime=1000 MILLISECONDS)
2024-10-28 08:10:32,081 [41ad025f-af8e-4c4e-9124-a1617073bc42@group-312CCC1152ED-LeaderElection13] INFO  impl.LeaderElection (LeaderElection.java:askForVotes(325)) - 41ad025f-af8e-4c4e-9124-a1617073bc42@group-312CCC1152ED-LeaderElection13 ELECTION round 0: submit vote requests at term 2 for conf: {index: 0, cur=peers:[41ad025f-af8e-4c4e-9124-a1617073bc42|localhost:15078]|listeners:[], old=null}
2024-10-28 08:10:32,081 [41ad025f-af8e-4c4e-9124-a1617073bc42@group-312CCC1152ED-LeaderElection13] INFO  impl.LeaderElection (LeaderElection.java:askForVotes(327)) - 41ad025f-af8e-4c4e-9124-a1617073bc42@group-312CCC1152ED-LeaderElection13 ELECTION round 0: result PASSED (term=2)
2024-10-28 08:10:32,081 [41ad025f-af8e-4c4e-9124-a1617073bc42@group-312CCC1152ED-LeaderElection13] INFO  impl.RoleInfo (RoleInfo.java:shutdownLeaderElection(139)) - 41ad025f-af8e-4c4e-9124-a1617073bc42: shutdown 41ad025f-af8e-4c4e-9124-a1617073bc42@group-312CCC1152ED-LeaderElection13
2024-10-28 08:10:32,081 [41ad025f-af8e-4c4e-9124-a1617073bc42@group-312CCC1152ED-LeaderElection13] INFO  server.RaftServer$Division (RaftServerImpl.java:setRole(377)) - 41ad025f-af8e-4c4e-9124-a1617073bc42@group-312CCC1152ED: changes role from CANDIDATE to LEADER at term 2 for changeToLeader
2024-10-28 08:10:32,081 [41ad025f-af8e-4c4e-9124-a1617073bc42@group-312CCC1152ED-LeaderElection13] INFO  server.RaftServerConfigKeys (ConfUtils.java:logGet(46)) - raft.server.staging.catchup.gap = 1000 (default)
2024-10-28 08:10:32,081 [41ad025f-af8e-4c4e-9124-a1617073bc42@group-312CCC1152ED-LeaderElection13] INFO  server.RaftServerConfigKeys (ConfUtils.java:logGet(46)) - raft.server.write.element-limit = 4096 (default)
2024-10-28 08:10:32,082 [41ad025f-af8e-4c4e-9124-a1617073bc42@group-312CCC1152ED-LeaderElection13] INFO  server.RaftServerConfigKeys (ConfUtils.java:logGet(46)) - raft.server.write.byte-limit = 64MB (=67108864) (default)
2024-10-28 08:10:32,082 [41ad025f-af8e-4c4e-9124-a1617073bc42@group-312CCC1152ED-LeaderElection13] INFO  server.RaftServerConfigKeys (ConfUtils.java:logGet(46)) - raft.server.watch.timeout = 10s (default)
2024-10-28 08:10:32,082 [41ad025f-af8e-4c4e-9124-a1617073bc42@group-312CCC1152ED-LeaderElection13] INFO  server.RaftServerConfigKeys (ConfUtils.java:logGet(46)) - raft.server.watch.timeout.denomination = 1s (default)
2024-10-28 08:10:32,082 [41ad025f-af8e-4c4e-9124-a1617073bc42@group-312CCC1152ED-LeaderElection13] INFO  server.RaftServerConfigKeys (ConfUtils.java:logGet(46)) - raft.server.watch.element-limit = 65536 (default)
2024-10-28 08:10:32,082 [41ad025f-af8e-4c4e-9124-a1617073bc42@group-312CCC1152ED-LeaderElection13] INFO  server.RaftServerConfigKeys (ConfUtils.java:logGet(46)) - raft.server.read.leader.lease.enabled = false (default)
2024-10-28 08:10:32,082 [41ad025f-af8e-4c4e-9124-a1617073bc42@group-312CCC1152ED-LeaderElection13] INFO  server.RaftServerConfigKeys (ConfUtils.java:logGet(46)) - raft.server.read.leader.lease.timeout.ratio = 0.9 (default)
2024-10-28 08:10:32,082 [41ad025f-af8e-4c4e-9124-a1617073bc42@group-312CCC1152ED-LeaderElection13] INFO  server.RaftServerConfigKeys (ConfUtils.java:logGet(46)) - raft.server.rpc.timeout.min = 5000ms (custom)
2024-10-28 08:10:32,082 [41ad025f-af8e-4c4e-9124-a1617073bc42@group-312CCC1152ED-LeaderElection13] INFO  server.RaftServerConfigKeys (ConfUtils.java:logGet(46)) - raft.server.log.log-metadata.enabled = true (default)
2024-10-28 08:10:32,083 [41ad025f-af8e-4c4e-9124-a1617073bc42@group-312CCC1152ED-LeaderElection13] INFO  server.RaftServerConfigKeys (ConfUtils.java:logGet(46)) - raft.server.write.element-limit = 4096 (default)
2024-10-28 08:10:32,083 [41ad025f-af8e-4c4e-9124-a1617073bc42@group-312CCC1152ED-LeaderElection13] INFO  server.RaftServerConfigKeys (ConfUtils.java:logGet(46)) - raft.server.write.follower.gap.ratio.max = -1.0 (default)
2024-10-28 08:10:32,083 [41ad025f-af8e-4c4e-9124-a1617073bc42@group-312CCC1152ED-LeaderElection13] INFO  impl.RoleInfo (RoleInfo.java:updateAndGet(148)) - 41ad025f-af8e-4c4e-9124-a1617073bc42: start 41ad025f-af8e-4c4e-9124-a1617073bc42@group-312CCC1152ED-LeaderStateImpl
2024-10-28 08:10:32,083 [41ad025f-af8e-4c4e-9124-a1617073bc42@group-312CCC1152ED-LeaderElection13] INFO  server.RaftServer$Division (RaftServerImpl.java:setFirstElection(558)) - 41ad025f-af8e-4c4e-9124-a1617073bc42@group-312CCC1152ED: set firstElectionSinceStartup to false for becomeLeader
2024-10-28 08:10:32,083 [41ad025f-af8e-4c4e-9124-a1617073bc42@group-312CCC1152ED-LeaderElection13] INFO  ha.SCMStateMachine (SCMStateMachine.java:notifyLeaderChanged(296)) - current SCM becomes leader of term 2.
2024-10-28 08:10:32,083 [41ad025f-af8e-4c4e-9124-a1617073bc42@group-312CCC1152ED-LeaderElection13] INFO  ha.SCMContext (SCMContext.java:updateLeaderAndTerm(96)) - update <isLeader,term> from <false,0> to <true,2>
2024-10-28 08:10:32,083 [41ad025f-af8e-4c4e-9124-a1617073bc42@group-312CCC1152ED-LeaderElection13] INFO  server.RaftServer$Division (ServerState.java:setLeader(272)) - 41ad025f-af8e-4c4e-9124-a1617073bc42@group-312CCC1152ED: change Leader from null to 41ad025f-af8e-4c4e-9124-a1617073bc42 at term 2 for becomeLeader, leader elected after 5827ms
2024-10-28 08:10:32,083 [41ad025f-af8e-4c4e-9124-a1617073bc42@group-312CCC1152ED-LeaderElection13] INFO  segmented.SegmentedRaftLogWorker (SegmentedRaftLogWorker.java:rollLogSegment(442)) - 41ad025f-af8e-4c4e-9124-a1617073bc42@group-312CCC1152ED-SegmentedRaftLogWorker: Rolling segment log-0_0 to index:0
2024-10-28 08:10:32,084 [41ad025f-af8e-4c4e-9124-a1617073bc42@group-312CCC1152ED-LeaderElection13] INFO  server.RaftServer$Division (ServerState.java:setRaftConf(386)) - 41ad025f-af8e-4c4e-9124-a1617073bc42@group-312CCC1152ED: set configuration conf: {index: 1, cur=peers:[41ad025f-af8e-4c4e-9124-a1617073bc42|localhost:15078]|listeners:[], old=null}
2024-10-28 08:10:32,084 [41ad025f-af8e-4c4e-9124-a1617073bc42@group-312CCC1152ED-SegmentedRaftLogWorker] INFO  segmented.SegmentedRaftLogWorker (SegmentedRaftLogWorker.java:execute(598)) - 41ad025f-af8e-4c4e-9124-a1617073bc42@group-312CCC1152ED-SegmentedRaftLogWorker: Rolled log segment from /home/runner/work/ozone/ozone/hadoop-ozone/integration-test/target/test-dir/MiniOzoneClusterImpl-0da7ab08-e378-40bf-aed1-312ccc1152ed/scmNode-1/scm-ha/0da7ab08-e378-40bf-aed1-312ccc1152ed/current/log_inprogress_0 to /home/runner/work/ozone/ozone/hadoop-ozone/integration-test/target/test-dir/MiniOzoneClusterImpl-0da7ab08-e378-40bf-aed1-312ccc1152ed/scmNode-1/scm-ha/0da7ab08-e378-40bf-aed1-312ccc1152ed/current/log_0-0
2024-10-28 08:10:32,084 [41ad025f-af8e-4c4e-9124-a1617073bc42@group-312CCC1152ED-SegmentedRaftLogWorker] INFO  segmented.BufferedWriteChannel (BufferedWriteChannel.java:open(61)) - open log_inprogress_1 at position 0
2024-10-28 08:10:32,094 [41ad025f-af8e-4c4e-9124-a1617073bc42@group-312CCC1152ED-SegmentedRaftLogWorker] INFO  segmented.SegmentedRaftLogWorker (SegmentedRaftLogWorker.java:execute(641)) - 41ad025f-af8e-4c4e-9124-a1617073bc42@group-312CCC1152ED-SegmentedRaftLogWorker: created new log segment /home/runner/work/ozone/ozone/hadoop-ozone/integration-test/target/test-dir/MiniOzoneClusterImpl-0da7ab08-e378-40bf-aed1-312ccc1152ed/scmNode-1/scm-ha/0da7ab08-e378-40bf-aed1-312ccc1152ed/current/log_inprogress_1
2024-10-28 08:10:32,097 [41ad025f-af8e-4c4e-9124-a1617073bc42@group-312CCC1152ED-StateMachineUpdater] INFO  server.RaftServer$Division (LeaderStateImpl.java:checkStartIndex(316)) - Leader 41ad025f-af8e-4c4e-9124-a1617073bc42@group-312CCC1152ED-LeaderStateImpl is ready since appliedIndex == startIndex == 1
2024-10-28 08:10:32,097 [41ad025f-af8e-4c4e-9124-a1617073bc42@group-312CCC1152ED-StateMachineUpdater] INFO  ha.SCMContext (SCMContext.java:setLeaderReady(123)) - update <isLeaderReady> from <false> to <true>
2024-10-28 08:10:32,097 [41ad025f-af8e-4c4e-9124-a1617073bc42@group-312CCC1152ED-StateMachineUpdater] INFO  pipeline.BackgroundPipelineCreator (BackgroundPipelineCreator.java:notifyStatusChanged(258)) - Service BackgroundPipelineCreator transitions to RUNNING.
2024-10-28 08:10:32,098 [41ad025f-af8e-4c4e-9124-a1617073bc42@group-312CCC1152ED-StateMachineUpdater] INFO  safemode.HealthyPipelineSafeModeRule (HealthyPipelineSafeModeRule.java:initializeRule(172)) - Refreshed total pipeline count is 0, healthy pipeline threshold count is 1
2024-10-28 08:10:32,098 [41ad025f-af8e-4c4e-9124-a1617073bc42@group-312CCC1152ED-StateMachineUpdater] INFO  safemode.ContainerSafeModeRule (ContainerSafeModeRule.java:reInitializeRule(191)) - Refreshed one replica container threshold 0, currentThreshold 0
2024-10-28 08:10:32,098 [41ad025f-af8e-4c4e-9124-a1617073bc42@group-312CCC1152ED-StateMachineUpdater] INFO  safemode.OneReplicaPipelineSafeModeRule (OneReplicaPipelineSafeModeRule.java:initializeRule(189)) - Refreshed Total pipeline count is 0, pipeline's with at least one datanode reported threshold count is 0
2024-10-28 08:10:32,098 [41ad025f-af8e-4c4e-9124-a1617073bc42@group-312CCC1152ED-StateMachineUpdater] INFO  server.SCMDatanodeProtocolServer (SCMDatanodeProtocolServer.java:start(199)) - ScmDatanodeProtocol RPC server for DataNodes is listening at /0.0.0.0:15079
2024-10-28 08:10:32,099 [IPC Server Responder] INFO  ipc.Server (Server.java:run(1562)) - IPC Server Responder: starting
2024-10-28 08:10:32,099 [IPC Server listener on 15079] INFO  ipc.Server (Server.java:run(1402)) - IPC Server listener on 15079: starting
2024-10-28 08:10:32,438 [main] INFO  retry.RetryInvocationHandler (RetryInvocationHandler.java:log(422)) - com.google.protobuf.ServiceException: java.net.ConnectException: Call From fv-az886-152/10.1.0.23 to localhost:15098 failed on connection exception: java.net.ConnectException: Connection refused; For more details see:  http://wiki.apache.org/hadoop/ConnectionRefused, while invoking $Proxy101.send over nodeId=scmNode-3,nodeAddress=/127.0.0.1:15098 after 3 failover attempts. Trying to failover after sleeping for 2000ms. Current retry count: 3.
2024-10-28 08:10:33,038 [dbc8bb5e-43aa-46e2-8b22-902d8de4f543-EndpointStateMachineTaskThread-/127.0.0.1:15012-0 ] INFO  ipc.Client (Client.java:handleConnectionFailure(950)) - Retrying connect to server: localhost/127.0.0.1:15012. Already tried 7 time(s); retry policy is RetryUpToMaximumCountWithFixedSleep(maxRetries=15, sleepTime=1000 MILLISECONDS)
2024-10-28 08:10:33,038 [d1f2ec58-f55e-45ab-93c5-34baa5ccb560-EndpointStateMachineTaskThread-/127.0.0.1:15020-0 ] INFO  ipc.Client (Client.java:handleConnectionFailure(950)) - Retrying connect to server: localhost/127.0.0.1:15020. Already tried 7 time(s); retry policy is RetryUpToMaximumCountWithFixedSleep(maxRetries=15, sleepTime=1000 MILLISECONDS)
2024-10-28 08:10:34,038 [dbc8bb5e-43aa-46e2-8b22-902d8de4f543-EndpointStateMachineTaskThread-/127.0.0.1:15012-0 ] INFO  ipc.Client (Client.java:handleConnectionFailure(950)) - Retrying connect to server: localhost/127.0.0.1:15012. Already tried 8 time(s); retry policy is RetryUpToMaximumCountWithFixedSleep(maxRetries=15, sleepTime=1000 MILLISECONDS)
2024-10-28 08:10:34,038 [d1f2ec58-f55e-45ab-93c5-34baa5ccb560-EndpointStateMachineTaskThread-/127.0.0.1:15020-0 ] INFO  ipc.Client (Client.java:handleConnectionFailure(950)) - Retrying connect to server: localhost/127.0.0.1:15020. Already tried 8 time(s); retry policy is RetryUpToMaximumCountWithFixedSleep(maxRetries=15, sleepTime=1000 MILLISECONDS)
2024-10-28 08:10:34,440 [main] INFO  server.StorageContainerManager (StorageContainerManager.java:scmBootstrap(1215)) - SCM BootStrap  is successful for ClusterID 0da7ab08-e378-40bf-aed1-312ccc1152ed, SCMID 22ff29b6-698b-46d6-babb-0a5352f8b68f
2024-10-28 08:10:34,440 [main] INFO  server.StorageContainerManager (StorageContainerManager.java:scmBootstrap(1217)) - Primary SCM Node ID 41ad025f-af8e-4c4e-9124-a1617073bc42
2024-10-28 08:10:34,441 [main] WARN  server.ServerUtils (ServerUtils.java:getScmDbDir(143)) - ozone.scm.db.dirs is not configured. We recommend adding this setting. Falling back to ozone.metadata.dirs instead.
2024-10-28 08:10:34,441 [main] INFO  ha.SCMHANodeDetails (SCMHANodeDetails.java:loadSCMHAConfig(207)) - ServiceID for StorageContainerManager is scm-service-test1
2024-10-28 08:10:34,441 [main] INFO  ha.SCMHANodeDetails (SCMHANodeDetails.java:loadSCMHAConfig(218)) - ServiceID for StorageContainerManager is scm-service-test1
2024-10-28 08:10:34,441 [main] WARN  scm.ScmUtils (ScmUtils.java:logWarn(165)) - ConfigKey ozone.scm.block.client.address is deprecated, For configuring different ports for each SCM use PortConfigKey ozone.scm.block.client.port appended with serviceId and nodeId. If want to configure same port configure ozone.scm.block.client.port
2024-10-28 08:10:34,441 [main] WARN  scm.ScmUtils (ScmUtils.java:logWarn(165)) - ConfigKey ozone.scm.client.address is deprecated, For configuring different ports for each SCM use PortConfigKey ozone.scm.client.port appended with serviceId and nodeId. If want to configure same port configure ozone.scm.client.port
2024-10-28 08:10:34,441 [main] WARN  scm.ScmUtils (ScmUtils.java:logWarn(165)) - ConfigKey ozone.scm.datanode.address is deprecated, For configuring different ports for each SCM use PortConfigKey ozone.scm.datanode.port appended with serviceId and nodeId. If want to configure same port configure ozone.scm.datanode.port
2024-10-28 08:10:34,442 [main] WARN  scm.ScmUtils (ScmUtils.java:logWarn(165)) - ConfigKey ozone.scm.block.client.address is deprecated, For configuring different ports for each SCM use PortConfigKey ozone.scm.block.client.port appended with serviceId and nodeId. If want to configure same port configure ozone.scm.block.client.port
2024-10-28 08:10:34,442 [main] WARN  scm.ScmUtils (ScmUtils.java:logWarn(165)) - ConfigKey ozone.scm.client.address is deprecated, For configuring different ports for each SCM use PortConfigKey ozone.scm.client.port appended with serviceId and nodeId. If want to configure same port configure ozone.scm.client.port
2024-10-28 08:10:34,442 [main] WARN  scm.ScmUtils (ScmUtils.java:logWarn(165)) - ConfigKey ozone.scm.datanode.address is deprecated, For configuring different ports for each SCM use PortConfigKey ozone.scm.datanode.port appended with serviceId and nodeId. If want to configure same port configure ozone.scm.datanode.port
2024-10-28 08:10:34,442 [main] INFO  ha.SCMHANodeDetails (SCMHANodeDetails.java:loadSCMHAConfig(305)) - Found matching SCM address with SCMServiceId: scm-service-test1, SCMNodeId: scmNode-2, RPC Address: localhost:15086 and Ratis port: 15086
2024-10-28 08:10:34,442 [main] INFO  ha.SCMHANodeDetails (ConfUtils.java:setNodeSpecificConfigs(97)) - Setting configuration key ozone.scm.datanode.address with value of key ozone.scm.datanode.address.scm-service-test1.scmNode-2: 127.0.0.1:15087
2024-10-28 08:10:34,442 [main] INFO  ha.SCMHANodeDetails (ConfUtils.java:setNodeSpecificConfigs(97)) - Setting configuration key ozone.scm.block.client.address with value of key ozone.scm.block.client.address.scm-service-test1.scmNode-2: 127.0.0.1:15090
2024-10-28 08:10:34,442 [main] INFO  ha.SCMHANodeDetails (ConfUtils.java:setNodeSpecificConfigs(97)) - Setting configuration key ozone.scm.client.address with value of key ozone.scm.client.address.scm-service-test1.scmNode-2: 127.0.0.1:15088
2024-10-28 08:10:34,442 [main] INFO  ha.SCMHANodeDetails (ConfUtils.java:setNodeSpecificConfigs(97)) - Setting configuration key ozone.scm.security.service.address with value of key ozone.scm.security.service.address.scm-service-test1.scmNode-2: 127.0.0.1:15085
2024-10-28 08:10:34,443 [main] INFO  ha.SCMHANodeDetails (ConfUtils.java:setNodeSpecificConfigs(97)) - Setting configuration key ozone.scm.ratis.port with value of key ozone.scm.ratis.port.scm-service-test1.scmNode-2: 15086
2024-10-28 08:10:34,443 [main] INFO  ha.SCMHANodeDetails (ConfUtils.java:setNodeSpecificConfigs(97)) - Setting configuration key ozone.scm.grpc.port with value of key ozone.scm.grpc.port.scm-service-test1.scmNode-2: 15089
2024-10-28 08:10:34,443 [main] INFO  ha.SCMHANodeDetails (ConfUtils.java:setNodeSpecificConfigs(97)) - Setting configuration key ozone.scm.http-address with value of key ozone.scm.http-address.scm-service-test1.scmNode-2: 127.0.0.1:15083
2024-10-28 08:10:34,443 [main] INFO  ha.SCMHANodeDetails (ConfUtils.java:setNodeSpecificConfigs(97)) - Setting configuration key ozone.scm.https-address with value of key ozone.scm.https-address.scm-service-test1.scmNode-2: 127.0.0.1:15084
2024-10-28 08:10:34,443 [main] INFO  ha.SCMHANodeDetails (ConfUtils.java:setNodeSpecificConfigs(97)) - Setting configuration key ozone.scm.address with value of key ozone.scm.address.scm-service-test1.scmNode-2: 127.0.0.1
2024-10-28 08:10:34,443 [main] WARN  scm.ScmUtils (ScmUtils.java:logWarn(165)) - ConfigKey ozone.scm.block.client.address is deprecated, For configuring different ports for each SCM use PortConfigKey ozone.scm.block.client.port appended with serviceId and nodeId. If want to configure same port configure ozone.scm.block.client.port
2024-10-28 08:10:34,443 [main] WARN  scm.ScmUtils (ScmUtils.java:logWarn(165)) - ConfigKey ozone.scm.client.address is deprecated, For configuring different ports for each SCM use PortConfigKey ozone.scm.client.port appended with serviceId and nodeId. If want to configure same port configure ozone.scm.client.port
2024-10-28 08:10:34,443 [main] WARN  scm.ScmUtils (ScmUtils.java:logWarn(165)) - ConfigKey ozone.scm.datanode.address is deprecated, For configuring different ports for each SCM use PortConfigKey ozone.scm.datanode.port appended with serviceId and nodeId. If want to configure same port configure ozone.scm.datanode.port
2024-10-28 08:10:34,444 [main] WARN  utils.HAUtils (HAUtils.java:getMetaDir(337)) - ozone.scm.db.dirs is not configured. We recommend adding this setting. Falling back to ozone.metadata.dirs instead.
2024-10-28 08:10:34,444 [main] WARN  db.DBStoreBuilder (DBStoreBuilder.java:applyDBDefinition(171)) - ozone.scm.db.dirs is not configured. We recommend adding this setting. Falling back to ozone.metadata.dirs instead.
2024-10-28 08:10:34,499 [main] INFO  net.NodeSchemaLoader (NodeSchemaLoader.java:loadSchemaFromFile(129)) - Loading schema from [jar:file:/home/runner/work/ozone/ozone/hadoop-hdds/common/target/hdds-common-2.0.0-SNAPSHOT.jar!/network-topology-default.xml]
2024-10-28 08:10:34,499 [main] INFO  net.NodeSchemaLoader (NodeSchemaLoader.java:loadSchema(176)) - Loading network topology layer schema file
2024-10-28 08:10:34,501 [main] WARN  dropwizard3.Dm3MetricRegistriesImpl (Dm3MetricRegistriesImpl.java:addReporterRegistration(114)) - New reporters are added after registries were created. Some metrics will be missing from the reporter. Please add reporter before adding any new registry.
2024-10-28 08:10:34,502 [main] WARN  dropwizard3.Dm3MetricRegistriesImpl (Dm3MetricRegistriesImpl.java:addReporterRegistration(114)) - New reporters are added after registries were created. Some metrics will be missing from the reporter. Please add reporter before adding any new registry.
2024-10-28 08:10:34,516 [main] INFO  ha.SCMRatisServerImpl (SCMRatisServerImpl.java:<init>(99)) - starting Raft server for scm:22ff29b6-698b-46d6-babb-0a5352f8b68f
2024-10-28 08:10:34,517 [main] INFO  server.RaftServerConfigKeys (ConfUtils.java:logGet(46)) - raft.server.log.appender.buffer.byte-limit = 4194304 (custom)
2024-10-28 08:10:34,518 [main] INFO  server.RaftServer (ConfUtils.java:logGet(46)) - raft.rpc.type = GRPC (default)
2024-10-28 08:10:34,518 [main] INFO  grpc.GrpcConfigKeys (ConfUtils.java:logFallback(53)) - raft.grpc.admin.host = null (fallback to raft.grpc.server.host)
2024-10-28 08:10:34,518 [main] INFO  grpc.GrpcConfigKeys (ConfUtils.java:logFallback(53)) - raft.grpc.admin.port = 15086 (fallback to raft.grpc.server.port)
2024-10-28 08:10:34,518 [main] INFO  grpc.GrpcConfigKeys (ConfUtils.java:logFallback(53)) - raft.grpc.client.host = null (fallback to raft.grpc.server.host)
2024-10-28 08:10:34,518 [main] INFO  grpc.GrpcConfigKeys (ConfUtils.java:logFallback(53)) - raft.grpc.client.port = 15086 (fallback to raft.grpc.server.port)
2024-10-28 08:10:34,518 [main] INFO  grpc.GrpcConfigKeys (ConfUtils.java:logGet(46)) - raft.grpc.server.host = null (default)
2024-10-28 08:10:34,518 [main] INFO  grpc.GrpcConfigKeys (ConfUtils.java:logGet(46)) - raft.grpc.server.port = 15086 (custom)
2024-10-28 08:10:34,518 [main] INFO  server.GrpcService (ConfUtils.java:logGet(46)) - raft.grpc.message.size.max = 5242880 (custom)
2024-10-28 08:10:34,519 [main] INFO  server.GrpcService (ConfUtils.java:logGet(46)) - raft.grpc.flow.control.window = 1MB (=1048576) (default)
2024-10-28 08:10:34,519 [main] INFO  server.RaftServerConfigKeys (ConfUtils.java:logGet(46)) - raft.server.rpc.request.timeout = 30000ms (custom)
2024-10-28 08:10:34,519 [main] INFO  grpc.GrpcConfigKeys (ConfUtils.java:logGet(46)) - raft.grpc.server.heartbeat.channel = true (default)
2024-10-28 08:10:34,519 [main] INFO  server.RaftServerConfigKeys (ConfUtils.java:logGet(46)) - raft.server.log.appender.buffer.byte-limit = 4194304 (custom)
2024-10-28 08:10:34,519 [main] INFO  grpc.GrpcConfigKeys (ConfUtils.java:logGet(46)) - raft.grpc.server.async.request.thread.pool.cached = true (default)
2024-10-28 08:10:34,519 [main] INFO  grpc.GrpcConfigKeys (ConfUtils.java:logGet(46)) - raft.grpc.server.async.request.thread.pool.size = 32 (default)
2024-10-28 08:10:34,520 [main] INFO  impl.DataStreamServerImpl (ConfUtils.java:logGet(46)) - raft.datastream.type = DISABLED (default)
2024-10-28 08:10:34,520 [main] INFO  server.RaftServerConfigKeys (ConfUtils.java:logGet(46)) - raft.server.sleep.deviation.threshold = 300ms (default)
2024-10-28 08:10:34,520 [main] INFO  server.RaftServerConfigKeys (ConfUtils.java:logGet(46)) - raft.server.close.threshold = 60s (default)
2024-10-28 08:10:34,520 [main] INFO  server.RaftServerConfigKeys (ConfUtils.java:logGet(46)) - raft.server.leaderelection.leader.step-down.wait-time = 10s (default)
2024-10-28 08:10:34,520 [main] INFO  server.RaftServerConfigKeys (ConfUtils.java:logGet(46)) - raft.server.storage.dir = [/home/runner/work/ozone/ozone/hadoop-ozone/integration-test/target/test-dir/MiniOzoneClusterImpl-0da7ab08-e378-40bf-aed1-312ccc1152ed/scmNode-2/scm-ha] (custom)
2024-10-28 08:10:34,521 [main] INFO  server.RaftServerConfigKeys (ConfUtils.java:logGet(46)) - raft.server.threadpool.proxy.cached = true (default)
2024-10-28 08:10:34,521 [main] INFO  server.RaftServerConfigKeys (ConfUtils.java:logGet(46)) - raft.server.threadpool.proxy.size = 0 (default)
2024-10-28 08:10:34,521 [main] INFO  server.RaftServer (RaftServerProxy.java:addNew(100)) - 22ff29b6-698b-46d6-babb-0a5352f8b68f: addNew group-312CCC1152ED:[] returns group-312CCC1152ED:java.util.concurrent.CompletableFuture@7fbf5c22[Not completed]
2024-10-28 08:10:34,521 [22ff29b6-698b-46d6-babb-0a5352f8b68f-groupManagement] INFO  server.RaftServer$Division (RaftServerImpl.java:<init>(254)) - 22ff29b6-698b-46d6-babb-0a5352f8b68f: new RaftServerImpl for group-312CCC1152ED:[] with SCMStateMachine:uninitialized
2024-10-28 08:10:34,522 [22ff29b6-698b-46d6-babb-0a5352f8b68f-groupManagement] INFO  server.RaftServerConfigKeys (ConfUtils.java:logGet(46)) - raft.server.rpc.timeout.min = 5000ms (custom)
2024-10-28 08:10:34,522 [22ff29b6-698b-46d6-babb-0a5352f8b68f-groupManagement] INFO  server.RaftServerConfigKeys (ConfUtils.java:logGet(46)) - raft.server.rpc.timeout.max = 5200ms (custom)
2024-10-28 08:10:34,522 [22ff29b6-698b-46d6-babb-0a5352f8b68f-groupManagement] INFO  server.RaftServerConfigKeys (ConfUtils.java:logGet(46)) - raft.server.rpc.sleep.time = 25ms (default)
2024-10-28 08:10:34,522 [22ff29b6-698b-46d6-babb-0a5352f8b68f-groupManagement] INFO  server.RaftServerConfigKeys (ConfUtils.java:logGet(46)) - raft.server.rpc.slowness.timeout = 120000ms (custom)
2024-10-28 08:10:34,522 [22ff29b6-698b-46d6-babb-0a5352f8b68f-groupManagement] INFO  server.RaftServerConfigKeys (ConfUtils.java:logGet(46)) - raft.server.leaderelection.leader.step-down.wait-time = 10s (default)
2024-10-28 08:10:34,522 [22ff29b6-698b-46d6-babb-0a5352f8b68f-groupManagement] INFO  server.RaftServerConfigKeys (ConfUtils.java:logGet(46)) - raft.server.leaderelection.member.majority-add = false (default)
2024-10-28 08:10:34,522 [22ff29b6-698b-46d6-babb-0a5352f8b68f-groupManagement] INFO  server.RaftServerConfigKeys (ConfUtils.java:logGet(46)) - raft.server.sleep.deviation.threshold = 300ms (default)
2024-10-28 08:10:34,523 [22ff29b6-698b-46d6-babb-0a5352f8b68f-groupManagement] INFO  server.RaftServer$Division (ServerState.java:<init>(114)) - 22ff29b6-698b-46d6-babb-0a5352f8b68f@group-312CCC1152ED: ConfigurationManager, init=conf: {index: -1, cur=peers:[]|listeners:[], old=null}, confs=<EMPTY_MAP>
2024-10-28 08:10:34,523 [22ff29b6-698b-46d6-babb-0a5352f8b68f-groupManagement] INFO  server.RaftServerConfigKeys (ConfUtils.java:logGet(46)) - raft.server.notification.no-leader.timeout = 60s (default)
2024-10-28 08:10:34,523 [22ff29b6-698b-46d6-babb-0a5352f8b68f-groupManagement] INFO  server.RaftServerConfigKeys (ConfUtils.java:logGet(46)) - raft.server.read.timeout = 10s (default)
2024-10-28 08:10:34,523 [22ff29b6-698b-46d6-babb-0a5352f8b68f-groupManagement] INFO  server.RaftServerConfigKeys (ConfUtils.java:logGet(46)) - raft.server.retrycache.expirytime = 60000ms (default)
2024-10-28 08:10:34,523 [22ff29b6-698b-46d6-babb-0a5352f8b68f-groupManagement] INFO  server.RaftServerConfigKeys (ConfUtils.java:logGet(46)) - raft.server.retrycache.statistics.expirytime = 100ms (default)
2024-10-28 08:10:34,523 [22ff29b6-698b-46d6-babb-0a5352f8b68f-groupManagement] INFO  server.RaftServerConfigKeys (ConfUtils.java:logGet(46)) - raft.server.read.option = DEFAULT (default)
2024-10-28 08:10:34,523 [22ff29b6-698b-46d6-babb-0a5352f8b68f-groupManagement] INFO  server.RaftServerConfigKeys (ConfUtils.java:logGet(46)) - raft.server.read.read-after-write-consistent.write-index-cache.expiry-time = 60s (default)
2024-10-28 08:10:34,524 [22ff29b6-698b-46d6-babb-0a5352f8b68f-groupManagement] INFO  server.RaftServerConfigKeys (ConfUtils.java:logGet(46)) - raft.server.rpc.request.timeout = 30000ms (custom)
2024-10-28 08:10:34,525 [22ff29b6-698b-46d6-babb-0a5352f8b68f-groupManagement] INFO  server.RaftServerConfigKeys (ConfUtils.java:logGet(46)) - raft.server.log.appender.install.snapshot.enabled = false (custom)
2024-10-28 08:10:34,525 [22ff29b6-698b-46d6-babb-0a5352f8b68f-groupManagement] INFO  server.RaftServerConfigKeys (ConfUtils.java:logGet(46)) - raft.server.threadpool.server.cached = true (default)
2024-10-28 08:10:34,525 [22ff29b6-698b-46d6-babb-0a5352f8b68f-groupManagement] INFO  server.RaftServerConfigKeys (ConfUtils.java:logGet(46)) - raft.server.threadpool.server.size = 0 (default)
2024-10-28 08:10:34,525 [22ff29b6-698b-46d6-babb-0a5352f8b68f-groupManagement] INFO  server.RaftServerConfigKeys (ConfUtils.java:logGet(46)) - raft.server.threadpool.client.cached = true (default)
2024-10-28 08:10:34,525 [22ff29b6-698b-46d6-babb-0a5352f8b68f-groupManagement] INFO  server.RaftServerConfigKeys (ConfUtils.java:logGet(46)) - raft.server.threadpool.client.size = 0 (default)
2024-10-28 08:10:34,526 [main] INFO  ha.SCMSnapshotProvider (SCMSnapshotProvider.java:<init>(66)) - Initializing SCM Snapshot Provider
2024-10-28 08:10:34,526 [main] WARN  server.ServerUtils (ServerUtils.java:getDefaultRatisDirectory(311)) - Storage directory for Ratis is not configured. It is a good idea to map this to an SSD disk. Falling back to ozone.metadata.dirs
2024-10-28 08:10:34,527 [main] WARN  ha.SCMHAUtils (SCMHAUtils.java:getSCMRatisSnapshotDirectory(158)) - SCM snapshot dir is not configured. Falling back to ozone.metadata.dirs config
2024-10-28 08:10:34,527 [main] INFO  upgrade.AbstractLayoutVersionManager (AbstractLayoutVersionManager.java:init(83)) - Initializing Layout version manager with metadata layout = HBASE_SUPPORT (version = 8), software layout = HBASE_SUPPORT (version = 8)
2024-10-28 08:10:34,529 [main] INFO  ha.SequenceIdGenerator (SequenceIdGenerator.java:upgradeToSequenceId(369)) - upgrade localId to 113750153625600000
2024-10-28 08:10:34,530 [main] INFO  ha.SequenceIdGenerator (SequenceIdGenerator.java:upgradeToSequenceId(379)) - upgrade delTxnId to 0
2024-10-28 08:10:34,531 [main] INFO  ha.SequenceIdGenerator (SequenceIdGenerator.java:upgradeToSequenceId(396)) - upgrade containerId to 0
2024-10-28 08:10:34,532 [main] INFO  ha.SequenceIdGenerator (SequenceIdGenerator.java:upgradeToCertificateSequenceId(433)) - upgrade CertificateId to 2
2024-10-28 08:10:34,532 [main] INFO  ha.SequenceIdGenerator (SequenceIdGenerator.java:<init>(240)) - Init the HA SequenceIdGenerator.
2024-10-28 08:10:34,532 [main] WARN  server.ServerUtils (ServerUtils.java:sanitizeUserArgs(79)) - ozone.scm.stale.node.interval value = 300000 is larger than max = 100000 based on the key value of ozone.scm.heartbeat.thread.interval, reset to the max value 100000.
2024-10-28 08:10:34,532 [main] WARN  server.ServerUtils (ServerUtils.java:sanitizeUserArgs(79)) - ozone.scm.stale.node.interval value = 300000 is larger than max = 100000 based on the key value of ozone.scm.heartbeat.thread.interval, reset to the max value 100000.
2024-10-28 08:10:34,533 [main] INFO  node.SCMNodeManager (SCMNodeManager.java:<init>(180)) - Entering startup safe mode.
2024-10-28 08:10:34,533 [main] INFO  algorithms.ContainerPlacementPolicyFactory (ContainerPlacementPolicyFactory.java:getPolicyInternal(86)) - Create container placement policy of type org.apache.hadoop.hdds.scm.container.placement.algorithms.SCMContainerPlacementRackAware
2024-10-28 08:10:34,534 [main] INFO  algorithms.ContainerPlacementPolicyFactory (ContainerPlacementPolicyFactory.java:getPolicyInternal(86)) - Create container placement policy of type org.apache.hadoop.hdds.scm.container.placement.algorithms.SCMContainerPlacementRackScatter
2024-10-28 08:10:34,534 [main] INFO  pipeline.PipelineStateManagerImpl (PipelineStateManagerImpl.java:initialize(78)) - No pipeline exists in current db
2024-10-28 08:10:34,534 [main] INFO  algorithms.LeaderChoosePolicyFactory (LeaderChoosePolicyFactory.java:getPolicy(57)) - Create leader choose policy of type org.apache.hadoop.hdds.scm.pipeline.leader.choose.algorithms.MinLeaderCountChoosePolicy
2024-10-28 08:10:34,534 [main] INFO  algorithms.ContainerPlacementPolicyFactory (ContainerPlacementPolicyFactory.java:getPolicyInternal(86)) - Create container placement policy of type org.apache.hadoop.hdds.scm.container.placement.algorithms.SCMContainerPlacementRackScatter
2024-10-28 08:10:34,534 [main] INFO  ha.SCMServiceManager (SCMServiceManager.java:register(42)) - Registering service BackgroundPipelineCreator.
2024-10-28 08:10:34,534 [main] INFO  pipeline.BackgroundPipelineCreator (BackgroundPipelineCreator.java:start(127)) - Starting scmNode-2-RatisPipelineUtilsThread.
2024-10-28 08:10:34,535 [main] INFO  BackgroundPipelineScrubber (BackgroundSCMService.java:start(65)) - Starting BackgroundPipelineScrubber Service.
2024-10-28 08:10:34,535 [main] INFO  ha.SCMServiceManager (SCMServiceManager.java:register(42)) - Registering service BackgroundPipelineScrubber.
2024-10-28 08:10:34,535 [main] INFO  ExpiredContainerReplicaOpScrubber (BackgroundSCMService.java:start(65)) - Starting ExpiredContainerReplicaOpScrubber Service.
2024-10-28 08:10:34,535 [main] INFO  ha.SCMServiceManager (SCMServiceManager.java:register(42)) - Registering service ExpiredContainerReplicaOpScrubber.
2024-10-28 08:10:34,536 [main] INFO  algorithms.PipelineChoosePolicyFactory (PipelineChoosePolicyFactory.java:createPipelineChoosePolicyFromClass(80)) - Create pipeline choose policy of type org.apache.hadoop.hdds.scm.pipeline.choose.algorithms.RandomPipelineChoosePolicy
2024-10-28 08:10:34,536 [main] INFO  algorithms.PipelineChoosePolicyFactory (PipelineChoosePolicyFactory.java:createPipelineChoosePolicyFromClass(80)) - Create pipeline choose policy of type org.apache.hadoop.hdds.scm.pipeline.choose.algorithms.RandomPipelineChoosePolicy
2024-10-28 08:10:34,537 [main] INFO  ha.SCMServiceManager (SCMServiceManager.java:register(42)) - Registering service SCMBlockDeletingService.
2024-10-28 08:10:34,537 [main] INFO  replication.ReplicationManager (ReplicationManager.java:start(296)) - Starting Replication Monitor Thread.
2024-10-28 08:10:34,540 [main] INFO  ha.SCMServiceManager (SCMServiceManager.java:register(42)) - Registering service ReplicationManager.
2024-10-28 08:10:34,540 [main] INFO  safemode.ContainerSafeModeRule (ContainerSafeModeRule.java:<init>(91)) - containers with one replica threshold count 0
2024-10-28 08:10:34,541 [main] INFO  safemode.HealthyPipelineSafeModeRule (HealthyPipelineSafeModeRule.java:initializeRule(176)) - Total pipeline count is 0, healthy pipeline threshold count is 1
2024-10-28 08:10:34,541 [main] INFO  safemode.OneReplicaPipelineSafeModeRule (OneReplicaPipelineSafeModeRule.java:initializeRule(193)) - Total pipeline count is 0, pipeline's with at least one datanode reported threshold count is 0
2024-10-28 08:10:34,541 [main] INFO  server.StorageContainerManager (StorageContainerManager.java:<init>(443)) - SCM start with adminUsers: [runner]
2024-10-28 08:10:34,542 [main] INFO  ipc.CallQueueManager (CallQueueManager.java:<init>(90)) - Using callQueue: class java.util.concurrent.LinkedBlockingQueue, queueCapacity: 10000, scheduler: class org.apache.hadoop.ipc.DefaultRpcScheduler, ipcBackoff: false.
2024-10-28 08:10:34,542 [main] INFO  ipc.Server (Server.java:<init>(1287)) - Listener at 0.0.0.0:15087
2024-10-28 08:10:34,544 [Socket Reader #1 for port 15087] INFO  ipc.Server (Server.java:run(1323)) - Starting Socket Reader #1 for port 15087
2024-10-28 08:10:34,544 [Socket Reader #3 for port 15087] INFO  ipc.Server (Server.java:run(1323)) - Starting Socket Reader #3 for port 15087
2024-10-28 08:10:34,545 [Socket Reader #2 for port 15087] INFO  ipc.Server (Server.java:run(1323)) - Starting Socket Reader #2 for port 15087
2024-10-28 08:10:34,546 [Socket Reader #4 for port 15087] INFO  ipc.Server (Server.java:run(1323)) - Starting Socket Reader #4 for port 15087
2024-10-28 08:10:34,546 [Socket Reader #6 for port 15087] INFO  ipc.Server (Server.java:run(1323)) - Starting Socket Reader #6 for port 15087
2024-10-28 08:10:34,546 [Socket Reader #8 for port 15087] INFO  ipc.Server (Server.java:run(1323)) - Starting Socket Reader #8 for port 15087
2024-10-28 08:10:34,546 [Socket Reader #9 for port 15087] INFO  ipc.Server (Server.java:run(1323)) - Starting Socket Reader #9 for port 15087
2024-10-28 08:10:34,547 [Socket Reader #10 for port 15087] INFO  ipc.Server (Server.java:run(1323)) - Starting Socket Reader #10 for port 15087
2024-10-28 08:10:34,547 [Socket Reader #7 for port 15087] INFO  ipc.Server (Server.java:run(1323)) - Starting Socket Reader #7 for port 15087
2024-10-28 08:10:34,547 [Socket Reader #5 for port 15087] INFO  ipc.Server (Server.java:run(1323)) - Starting Socket Reader #5 for port 15087
2024-10-28 08:10:34,548 [main] INFO  ipc.CallQueueManager (CallQueueManager.java:<init>(90)) - Using callQueue: class java.util.concurrent.LinkedBlockingQueue, queueCapacity: 10000, scheduler: class org.apache.hadoop.ipc.DefaultRpcScheduler, ipcBackoff: false.
2024-10-28 08:10:34,548 [main] INFO  ipc.Server (Server.java:<init>(1287)) - Listener at 0.0.0.0:15090
2024-10-28 08:10:34,549 [Socket Reader #1 for port 15090] INFO  ipc.Server (Server.java:run(1323)) - Starting Socket Reader #1 for port 15090
2024-10-28 08:10:34,549 [Socket Reader #2 for port 15090] INFO  ipc.Server (Server.java:run(1323)) - Starting Socket Reader #2 for port 15090
2024-10-28 08:10:34,550 [Socket Reader #4 for port 15090] INFO  ipc.Server (Server.java:run(1323)) - Starting Socket Reader #4 for port 15090
2024-10-28 08:10:34,550 [Socket Reader #3 for port 15090] INFO  ipc.Server (Server.java:run(1323)) - Starting Socket Reader #3 for port 15090
2024-10-28 08:10:34,550 [Socket Reader #5 for port 15090] INFO  ipc.Server (Server.java:run(1323)) - Starting Socket Reader #5 for port 15090
2024-10-28 08:10:34,550 [Socket Reader #6 for port 15090] INFO  ipc.Server (Server.java:run(1323)) - Starting Socket Reader #6 for port 15090
2024-10-28 08:10:34,556 [Socket Reader #7 for port 15090] INFO  ipc.Server (Server.java:run(1323)) - Starting Socket Reader #7 for port 15090
2024-10-28 08:10:34,556 [Socket Reader #8 for port 15090] INFO  ipc.Server (Server.java:run(1323)) - Starting Socket Reader #8 for port 15090
2024-10-28 08:10:34,557 [Socket Reader #9 for port 15090] INFO  ipc.Server (Server.java:run(1323)) - Starting Socket Reader #9 for port 15090
2024-10-28 08:10:34,558 [Socket Reader #10 for port 15090] INFO  ipc.Server (Server.java:run(1323)) - Starting Socket Reader #10 for port 15090
2024-10-28 08:10:34,559 [main] INFO  ipc.CallQueueManager (CallQueueManager.java:<init>(90)) - Using callQueue: class java.util.concurrent.LinkedBlockingQueue, queueCapacity: 10000, scheduler: class org.apache.hadoop.ipc.DefaultRpcScheduler, ipcBackoff: false.
2024-10-28 08:10:34,559 [main] INFO  ipc.Server (Server.java:<init>(1287)) - Listener at 0.0.0.0:15088
2024-10-28 08:10:34,560 [Socket Reader #1 for port 15088] INFO  ipc.Server (Server.java:run(1323)) - Starting Socket Reader #1 for port 15088
2024-10-28 08:10:34,560 [Socket Reader #2 for port 15088] INFO  ipc.Server (Server.java:run(1323)) - Starting Socket Reader #2 for port 15088
2024-10-28 08:10:34,561 [Socket Reader #3 for port 15088] INFO  ipc.Server (Server.java:run(1323)) - Starting Socket Reader #3 for port 15088
2024-10-28 08:10:34,561 [Socket Reader #4 for port 15088] INFO  ipc.Server (Server.java:run(1323)) - Starting Socket Reader #4 for port 15088
2024-10-28 08:10:34,561 [Socket Reader #5 for port 15088] INFO  ipc.Server (Server.java:run(1323)) - Starting Socket Reader #5 for port 15088
2024-10-28 08:10:34,564 [Socket Reader #6 for port 15088] INFO  ipc.Server (Server.java:run(1323)) - Starting Socket Reader #6 for port 15088
2024-10-28 08:10:34,564 [Socket Reader #7 for port 15088] INFO  ipc.Server (Server.java:run(1323)) - Starting Socket Reader #7 for port 15088
2024-10-28 08:10:34,567 [Socket Reader #8 for port 15088] INFO  ipc.Server (Server.java:run(1323)) - Starting Socket Reader #8 for port 15088
2024-10-28 08:10:34,568 [Socket Reader #9 for port 15088] INFO  ipc.Server (Server.java:run(1323)) - Starting Socket Reader #9 for port 15088
2024-10-28 08:10:34,568 [Socket Reader #10 for port 15088] INFO  ipc.Server (Server.java:run(1323)) - Starting Socket Reader #10 for port 15088
2024-10-28 08:10:34,576 [main] INFO  ha.SCMServiceManager (SCMServiceManager.java:register(42)) - Registering service ContainerBalancer.
2024-10-28 08:10:34,576 [main] INFO  ha.SCMContext (SCMContext.java:updateSafeModeStatus(225)) - Update SafeModeStatus from SafeModeStatus{safeModeStatus=true, preCheckPassed=false} to SafeModeStatus{safeModeStatus=true, preCheckPassed=false}.
2024-10-28 08:10:34,576 [main] INFO  server.StorageContainerManager (StorageContainerManager.java:start(1546)) - StorageContainerLocationProtocol RPC server is listening at /0.0.0.0:15088
2024-10-28 08:10:34,577 [main] INFO  ha.SCMRatisServerImpl (SCMRatisServerImpl.java:start(192)) - starting ratis server 0.0.0.0:15086
2024-10-28 08:10:34,577 [22ff29b6-698b-46d6-babb-0a5352f8b68f-impl-thread1] INFO  server.RaftServerConfigKeys (ConfUtils.java:logGet(46)) - raft.server.storage.free-space.min = 0MB (=0) (default)
2024-10-28 08:10:34,577 [22ff29b6-698b-46d6-babb-0a5352f8b68f-impl-thread1] INFO  server.RaftServerConfigKeys (ConfUtils.java:logGet(46)) - raft.server.log.corruption.policy = EXCEPTION (default)
2024-10-28 08:10:34,577 [22ff29b6-698b-46d6-babb-0a5352f8b68f-impl-thread1] INFO  server.RaftServerConfigKeys (ConfUtils.java:logGet(46)) - raft.server.storage.dir = [/home/runner/work/ozone/ozone/hadoop-ozone/integration-test/target/test-dir/MiniOzoneClusterImpl-0da7ab08-e378-40bf-aed1-312ccc1152ed/scmNode-2/scm-ha] (custom)
2024-10-28 08:10:34,577 [22ff29b6-698b-46d6-babb-0a5352f8b68f-impl-thread1] INFO  storage.RaftStorageDirectory (RaftStorageDirectoryImpl.java:analyzeStorage(138)) - The storage directory /home/runner/work/ozone/ozone/hadoop-ozone/integration-test/target/test-dir/MiniOzoneClusterImpl-0da7ab08-e378-40bf-aed1-312ccc1152ed/scmNode-2/scm-ha/0da7ab08-e378-40bf-aed1-312ccc1152ed does not exist. Creating ...
2024-10-28 08:10:34,579 [22ff29b6-698b-46d6-babb-0a5352f8b68f-impl-thread1] INFO  storage.RaftStorageDirectory (RaftStorageDirectoryImpl.java:tryLock(229)) - Lock on /home/runner/work/ozone/ozone/hadoop-ozone/integration-test/target/test-dir/MiniOzoneClusterImpl-0da7ab08-e378-40bf-aed1-312ccc1152ed/scmNode-2/scm-ha/0da7ab08-e378-40bf-aed1-312ccc1152ed/in_use.lock acquired by nodename 9135@fv-az886-152
2024-10-28 08:10:34,580 [22ff29b6-698b-46d6-babb-0a5352f8b68f-impl-thread1] INFO  storage.RaftStorage (RaftStorageImpl.java:format(98)) - Storage directory /home/runner/work/ozone/ozone/hadoop-ozone/integration-test/target/test-dir/MiniOzoneClusterImpl-0da7ab08-e378-40bf-aed1-312ccc1152ed/scmNode-2/scm-ha/0da7ab08-e378-40bf-aed1-312ccc1152ed has been successfully formatted.
2024-10-28 08:10:34,580 [22ff29b6-698b-46d6-babb-0a5352f8b68f-impl-thread1] INFO  ha.SCMStateMachine (SCMStateMachine.java:lambda$initialize$0(140)) - 22ff29b6-698b-46d6-babb-0a5352f8b68f: initialize group-312CCC1152ED
2024-10-28 08:10:34,580 [22ff29b6-698b-46d6-babb-0a5352f8b68f-impl-thread1] INFO  server.RaftServerConfigKeys (ConfUtils.java:logGet(46)) - raft.server.log.use.memory = false (default)
2024-10-28 08:10:34,580 [22ff29b6-698b-46d6-babb-0a5352f8b68f-impl-thread1] INFO  server.RaftServerConfigKeys (ConfUtils.java:logGet(46)) - raft.server.log.purge.gap = 1000000 (custom)
2024-10-28 08:10:34,580 [22ff29b6-698b-46d6-babb-0a5352f8b68f-impl-thread1] INFO  server.RaftServerConfigKeys (ConfUtils.java:logGet(46)) - raft.server.log.appender.buffer.byte-limit = 4194304 (custom)
2024-10-28 08:10:34,580 [22ff29b6-698b-46d6-babb-0a5352f8b68f-impl-thread1] INFO  server.RaftServerConfigKeys (ConfUtils.java:logGet(46)) - raft.server.log.statemachine.data.read.timeout = 1000ms (default)
2024-10-28 08:10:34,580 [22ff29b6-698b-46d6-babb-0a5352f8b68f-impl-thread1] INFO  server.RaftServerConfigKeys (ConfUtils.java:logGet(46)) - raft.server.log.purge.preservation.log.num = 0 (default)
2024-10-28 08:10:34,581 [22ff29b6-698b-46d6-babb-0a5352f8b68f-impl-thread1] INFO  server.RaftServerConfigKeys (ConfUtils.java:logGet(46)) - raft.server.log.segment.size.max = 4194304 (custom)
2024-10-28 08:10:34,581 [22ff29b6-698b-46d6-babb-0a5352f8b68f-impl-thread1] INFO  server.RaftServerConfigKeys (ConfUtils.java:logGet(46)) - raft.server.log.segment.cache.num.max = 2 (custom)
2024-10-28 08:10:34,581 [22ff29b6-698b-46d6-babb-0a5352f8b68f-impl-thread1] INFO  server.RaftServerConfigKeys (ConfUtils.java:logGet(46)) - raft.server.log.segment.cache.size.max = 200MB (=209715200) (default)
2024-10-28 08:10:34,581 [22ff29b6-698b-46d6-babb-0a5352f8b68f-impl-thread1] INFO  server.RaftServerConfigKeys (ConfUtils.java:logGet(46)) - raft.server.log.appender.buffer.byte-limit = 4194304 (custom)
2024-10-28 08:10:34,581 [22ff29b6-698b-46d6-babb-0a5352f8b68f-impl-thread1] INFO  util.AwaitToRun (AwaitToRun.java:start(81)) - Thread[22ff29b6-698b-46d6-babb-0a5352f8b68f@group-312CCC1152ED-cacheEviction-AwaitToRun,5,main] started
2024-10-28 08:10:34,581 [22ff29b6-698b-46d6-babb-0a5352f8b68f-impl-thread1] INFO  segmented.SegmentedRaftLogWorker (SegmentedRaftLogWorker.java:<init>(187)) - new 22ff29b6-698b-46d6-babb-0a5352f8b68f@group-312CCC1152ED-SegmentedRaftLogWorker for RaftStorageImpl:Storage Directory /home/runner/work/ozone/ozone/hadoop-ozone/integration-test/target/test-dir/MiniOzoneClusterImpl-0da7ab08-e378-40bf-aed1-312ccc1152ed/scmNode-2/scm-ha/0da7ab08-e378-40bf-aed1-312ccc1152ed
2024-10-28 08:10:34,581 [22ff29b6-698b-46d6-babb-0a5352f8b68f-impl-thread1] INFO  server.RaftServerConfigKeys (ConfUtils.java:logGet(46)) - raft.server.log.queue.byte-limit = 64MB (=67108864) (default)
2024-10-28 08:10:34,581 [22ff29b6-698b-46d6-babb-0a5352f8b68f-impl-thread1] INFO  server.RaftServerConfigKeys (ConfUtils.java:logGet(46)) - raft.server.log.queue.element-limit = 4096 (default)
2024-10-28 08:10:34,581 [22ff29b6-698b-46d6-babb-0a5352f8b68f-impl-thread1] INFO  server.RaftServerConfigKeys (ConfUtils.java:logGet(46)) - raft.server.log.segment.size.max = 4194304 (custom)
2024-10-28 08:10:34,581 [22ff29b6-698b-46d6-babb-0a5352f8b68f-impl-thread1] INFO  server.RaftServerConfigKeys (ConfUtils.java:logGet(46)) - raft.server.log.preallocated.size = 4194304 (custom)
2024-10-28 08:10:34,581 [22ff29b6-698b-46d6-babb-0a5352f8b68f-impl-thread1] INFO  server.RaftServerConfigKeys (ConfUtils.java:logGet(46)) - raft.server.log.force.sync.num = 128 (default)
2024-10-28 08:10:34,581 [22ff29b6-698b-46d6-babb-0a5352f8b68f-impl-thread1] INFO  server.RaftServerConfigKeys (ConfUtils.java:logGet(46)) - raft.server.log.statemachine.data.sync = true (default)
2024-10-28 08:10:34,582 [22ff29b6-698b-46d6-babb-0a5352f8b68f-impl-thread1] INFO  server.RaftServerConfigKeys (ConfUtils.java:logGet(46)) - raft.server.log.statemachine.data.sync.timeout = 10s (default)
2024-10-28 08:10:34,582 [22ff29b6-698b-46d6-babb-0a5352f8b68f-impl-thread1] INFO  server.RaftServerConfigKeys (ConfUtils.java:logGet(46)) - raft.server.log.statemachine.data.sync.timeout.retry = -1 (default)
2024-10-28 08:10:34,582 [22ff29b6-698b-46d6-babb-0a5352f8b68f-impl-thread1] INFO  server.RaftServerConfigKeys (ConfUtils.java:logGet(46)) - raft.server.log.write.buffer.size = 4194312 (custom)
2024-10-28 08:10:34,583 [22ff29b6-698b-46d6-babb-0a5352f8b68f-impl-thread1] INFO  server.RaftServerConfigKeys (ConfUtils.java:logGet(46)) - raft.server.log.appender.buffer.byte-limit = 4194304 (custom)
2024-10-28 08:10:34,583 [22ff29b6-698b-46d6-babb-0a5352f8b68f-impl-thread1] INFO  server.RaftServerConfigKeys (ConfUtils.java:logGet(46)) - raft.server.log.unsafe-flush.enabled = false (default)
2024-10-28 08:10:34,584 [22ff29b6-698b-46d6-babb-0a5352f8b68f-impl-thread1] INFO  server.RaftServerConfigKeys (ConfUtils.java:logGet(46)) - raft.server.log.async-flush.enabled = false (default)
2024-10-28 08:10:34,584 [22ff29b6-698b-46d6-babb-0a5352f8b68f-impl-thread1] INFO  server.RaftServerConfigKeys (ConfUtils.java:logGet(46)) - raft.server.log.statemachine.data.caching.enabled = false (default)
2024-10-28 08:10:34,584 [22ff29b6-698b-46d6-babb-0a5352f8b68f-impl-thread1] INFO  segmented.SegmentedRaftLogWorker (SegmentedRaftLogWorker.java:lambda$new$0(138)) - 22ff29b6-698b-46d6-babb-0a5352f8b68f@group-312CCC1152ED-SegmentedRaftLogWorker: flushIndex: setUnconditionally 0 -> -1
2024-10-28 08:10:34,584 [22ff29b6-698b-46d6-babb-0a5352f8b68f-impl-thread1] INFO  segmented.SegmentedRaftLogWorker (SegmentedRaftLogWorker.java:lambda$new$0(138)) - 22ff29b6-698b-46d6-babb-0a5352f8b68f@group-312CCC1152ED-SegmentedRaftLogWorker: safeCacheEvictIndex: setUnconditionally 0 -> -1
2024-10-28 08:10:34,584 [22ff29b6-698b-46d6-babb-0a5352f8b68f-impl-thread1] INFO  server.RaftServer$Division (RaftServerImpl.java:start(396)) - 22ff29b6-698b-46d6-babb-0a5352f8b68f@group-312CCC1152ED: start with initializing state, conf=conf: {index: -1, cur=peers:[]|listeners:[], old=null}
2024-10-28 08:10:34,584 [22ff29b6-698b-46d6-babb-0a5352f8b68f-impl-thread1] INFO  server.RaftServer$Division (RaftServerImpl.java:setRole(377)) - 22ff29b6-698b-46d6-babb-0a5352f8b68f@group-312CCC1152ED: changes role from      null to FOLLOWER at term 0 for start
2024-10-28 08:10:34,585 [22ff29b6-698b-46d6-babb-0a5352f8b68f-impl-thread1] INFO  util.JmxRegister (JmxRegister.java:tryRegister(44)) - Successfully registered JMX Bean with object name Ratis:service=RaftServer,group=group-312CCC1152ED,id=22ff29b6-698b-46d6-babb-0a5352f8b68f
2024-10-28 08:10:34,585 [22ff29b6-698b-46d6-babb-0a5352f8b68f-impl-thread1] INFO  util.JmxRegister (JmxRegister.java:register(58)) - register mxBean class org.apache.ratis.server.impl.RaftServerJmxAdapter as Ratis:service=RaftServer,group=group-312CCC1152ED,id=22ff29b6-698b-46d6-babb-0a5352f8b68f
2024-10-28 08:10:34,585 [22ff29b6-698b-46d6-babb-0a5352f8b68f-impl-thread1] INFO  server.RaftServerConfigKeys (ConfUtils.java:logGet(46)) - raft.server.snapshot.trigger-when-stop.enabled = true (default)
2024-10-28 08:10:34,585 [22ff29b6-698b-46d6-babb-0a5352f8b68f-impl-thread1] INFO  server.RaftServerConfigKeys (ConfUtils.java:logGet(46)) - raft.server.snapshot.trigger-when-remove.enabled = true (default)
2024-10-28 08:10:34,585 [22ff29b6-698b-46d6-babb-0a5352f8b68f-impl-thread1] INFO  server.RaftServerConfigKeys (ConfUtils.java:logGet(46)) - raft.server.snapshot.auto.trigger.enabled = true (custom)
2024-10-28 08:10:34,585 [22ff29b6-698b-46d6-babb-0a5352f8b68f-impl-thread1] INFO  server.RaftServerConfigKeys (ConfUtils.java:logGet(46)) - raft.server.snapshot.auto.trigger.threshold = 5 (custom)
2024-10-28 08:10:34,585 [22ff29b6-698b-46d6-babb-0a5352f8b68f-impl-thread1] INFO  server.RaftServerConfigKeys (ConfUtils.java:logGet(46)) - raft.server.snapshot.retention.file.num = -1 (default)
2024-10-28 08:10:34,585 [22ff29b6-698b-46d6-babb-0a5352f8b68f-impl-thread1] INFO  server.RaftServerConfigKeys (ConfUtils.java:logGet(46)) - raft.server.log.purge.upto.snapshot.index = false (default)
2024-10-28 08:10:34,588 [main] INFO  server.RaftServer (RaftServerProxy.java:startImpl(407)) - 22ff29b6-698b-46d6-babb-0a5352f8b68f: start RPC server
2024-10-28 08:10:34,588 [main] INFO  server.GrpcService (GrpcService.java:startImpl(334)) - 22ff29b6-698b-46d6-babb-0a5352f8b68f: GrpcService started, listening on 15086
2024-10-28 08:10:34,589 [main] INFO  ha.SCMNodeInfo (SCMNodeInfo.java:getPort(196)) - ConfigKey ozone.scm.client.address is deprecated, For configuring different ports for each SCM use PortConfigKey ozone.scm.client.port appended with serviceId and nodeId
2024-10-28 08:10:34,590 [main] INFO  ha.SCMNodeInfo (SCMNodeInfo.java:getPort(196)) - ConfigKey ozone.scm.block.client.address is deprecated, For configuring different ports for each SCM use PortConfigKey ozone.scm.block.client.port appended with serviceId and nodeId
2024-10-28 08:10:34,590 [main] INFO  ha.SCMNodeInfo (SCMNodeInfo.java:getPort(196)) - ConfigKey ozone.scm.security.service.address is deprecated, For configuring different ports for each SCM use PortConfigKey ozone.scm.security.service.port appended with serviceId and nodeId
2024-10-28 08:10:34,590 [main] INFO  ha.SCMNodeInfo (SCMNodeInfo.java:getPort(196)) - ConfigKey ozone.scm.datanode.address is deprecated, For configuring different ports for each SCM use PortConfigKey ozone.scm.datanode.port appended with serviceId and nodeId
2024-10-28 08:10:34,590 [main] INFO  ha.SCMNodeInfo (SCMNodeInfo.java:getPort(196)) - ConfigKey ozone.scm.client.address is deprecated, For configuring different ports for each SCM use PortConfigKey ozone.scm.client.port appended with serviceId and nodeId
2024-10-28 08:10:34,590 [main] INFO  ha.SCMNodeInfo (SCMNodeInfo.java:getPort(196)) - ConfigKey ozone.scm.block.client.address is deprecated, For configuring different ports for each SCM use PortConfigKey ozone.scm.block.client.port appended with serviceId and nodeId
2024-10-28 08:10:34,590 [main] INFO  ha.SCMNodeInfo (SCMNodeInfo.java:getPort(196)) - ConfigKey ozone.scm.security.service.address is deprecated, For configuring different ports for each SCM use PortConfigKey ozone.scm.security.service.port appended with serviceId and nodeId
2024-10-28 08:10:34,590 [main] INFO  ha.SCMNodeInfo (SCMNodeInfo.java:getPort(196)) - ConfigKey ozone.scm.datanode.address is deprecated, For configuring different ports for each SCM use PortConfigKey ozone.scm.datanode.port appended with serviceId and nodeId
2024-10-28 08:10:34,592 [main] INFO  proxy.SCMBlockLocationFailoverProxyProvider (SCMBlockLocationFailoverProxyProvider.java:<init>(115)) - Created block location fail-over proxy with 2 nodes: [nodeId=scmNode-3,nodeAddress=/127.0.0.1:15098, nodeId=scmNode-1,nodeAddress=/127.0.0.1:15082]
2024-10-28 08:10:34,593 [JvmPauseMonitor12] INFO  util.JvmPauseMonitor (JvmPauseMonitor.java:run(146)) - JvmPauseMonitor-22ff29b6-698b-46d6-babb-0a5352f8b68f: Started
2024-10-28 08:10:34,596 [IPC Server handler 3 on default port 15082] INFO  ha.SCMRatisServerImpl (SCMRatisServerImpl.java:addSCM(317)) - 41ad025f-af8e-4c4e-9124-a1617073bc42: Submitting SetConfiguration request to Ratis server with new SCM peers list: [41ad025f-af8e-4c4e-9124-a1617073bc42|localhost:15078, 22ff29b6-698b-46d6-babb-0a5352f8b68f|localhost:15086]
2024-10-28 08:10:34,597 [IPC Server handler 3 on default port 15082] INFO  server.RaftServer$Division (RaftServerImpl.java:setConfigurationAsync(1283)) - 41ad025f-af8e-4c4e-9124-a1617073bc42@group-312CCC1152ED: receive setConfiguration SetConfigurationRequest:client-FAC3EFF07AB8->41ad025f-af8e-4c4e-9124-a1617073bc42@group-312CCC1152ED, cid=0, seq=null, RW, null, SET_UNCONDITIONALLY, servers:[41ad025f-af8e-4c4e-9124-a1617073bc42|localhost:15078, 22ff29b6-698b-46d6-babb-0a5352f8b68f|localhost:15086], listeners:[]
2024-10-28 08:10:34,597 [IPC Server handler 3 on default port 15082] INFO  server.RaftServer$Division (LeaderStateImpl.java:startSetConfiguration(488)) - 41ad025f-af8e-4c4e-9124-a1617073bc42@group-312CCC1152ED-LeaderStateImpl: startSetConfiguration SetConfigurationRequest:client-FAC3EFF07AB8->41ad025f-af8e-4c4e-9124-a1617073bc42@group-312CCC1152ED, cid=0, seq=null, RW, null, SET_UNCONDITIONALLY, servers:[41ad025f-af8e-4c4e-9124-a1617073bc42|localhost:15078, 22ff29b6-698b-46d6-babb-0a5352f8b68f|localhost:15086], listeners:[]
2024-10-28 08:10:34,597 [IPC Server handler 3 on default port 15082] INFO  server.RaftServerConfigKeys (ConfUtils.java:logGet(46)) - raft.server.log.appender.snapshot.chunk.size.max = 16MB (=16777216) (default)
2024-10-28 08:10:34,597 [IPC Server handler 3 on default port 15082] INFO  server.RaftServerConfigKeys (ConfUtils.java:logGet(46)) - raft.server.log.appender.buffer.byte-limit = 4194304 (custom)
2024-10-28 08:10:34,597 [IPC Server handler 3 on default port 15082] INFO  server.RaftServerConfigKeys (ConfUtils.java:logGet(46)) - raft.server.log.appender.buffer.element-limit = 1024 (custom)
2024-10-28 08:10:34,598 [IPC Server handler 3 on default port 15082] INFO  server.RaftServerConfigKeys (ConfUtils.java:logGet(46)) - raft.server.log.appender.wait-time.min = 0ms (custom)
2024-10-28 08:10:34,598 [IPC Server handler 3 on default port 15082] INFO  grpc.GrpcConfigKeys (ConfUtils.java:logGet(46)) - raft.grpc.server.leader.outstanding.appends.max = 8 (default)
2024-10-28 08:10:34,598 [IPC Server handler 3 on default port 15082] INFO  server.RaftServerConfigKeys (ConfUtils.java:logGet(46)) - raft.server.rpc.request.timeout = 30000ms (custom)
2024-10-28 08:10:34,598 [IPC Server handler 3 on default port 15082] INFO  grpc.GrpcConfigKeys (ConfUtils.java:logGet(46)) - raft.grpc.server.install_snapshot.request.element-limit = 8 (default)
2024-10-28 08:10:34,598 [IPC Server handler 3 on default port 15082] INFO  grpc.GrpcConfigKeys (ConfUtils.java:logGet(46)) - raft.grpc.server.install_snapshot.request.timeout = 3000ms (default)
2024-10-28 08:10:34,598 [IPC Server handler 3 on default port 15082] INFO  grpc.GrpcConfigKeys (ConfUtils.java:logGet(46)) - raft.grpc.server.log-message.batch.duration = 5s (default)
2024-10-28 08:10:34,598 [IPC Server handler 3 on default port 15082] INFO  server.RaftServerConfigKeys (ConfUtils.java:logGet(46)) - raft.server.log.appender.install.snapshot.enabled = false (custom)
2024-10-28 08:10:34,598 [IPC Server handler 3 on default port 15082] INFO  grpc.GrpcConfigKeys (ConfUtils.java:logGet(46)) - raft.grpc.server.heartbeat.channel = true (default)
2024-10-28 08:10:34,599 [41ad025f-af8e-4c4e-9124-a1617073bc42@group-312CCC1152ED->22ff29b6-698b-46d6-babb-0a5352f8b68f-GrpcLogAppender-LogAppenderDaemon] INFO  server.GrpcLogAppender (GrpcLogAppender.java:notifyInstallSnapshot(789)) - 41ad025f-af8e-4c4e-9124-a1617073bc42@group-312CCC1152ED->22ff29b6-698b-46d6-babb-0a5352f8b68f-GrpcLogAppender: notifyInstallSnapshot with firstAvailable=(t:1, i:0), followerNextIndex=0
2024-10-28 08:10:34,600 [41ad025f-af8e-4c4e-9124-a1617073bc42@group-312CCC1152ED->22ff29b6-698b-46d6-babb-0a5352f8b68f-GrpcLogAppender-LogAppenderDaemon] INFO  server.GrpcLogAppender (GrpcLogAppender.java:notifyInstallSnapshot(797)) - 41ad025f-af8e-4c4e-9124-a1617073bc42@group-312CCC1152ED->22ff29b6-698b-46d6-babb-0a5352f8b68f-GrpcLogAppender: send 41ad025f-af8e-4c4e-9124-a1617073bc42->22ff29b6-698b-46d6-babb-0a5352f8b68f#0-t2,notify:(t:1, i:0)
2024-10-28 08:10:34,600 [41ad025f-af8e-4c4e-9124-a1617073bc42@group-312CCC1152ED->22ff29b6-698b-46d6-babb-0a5352f8b68f-GrpcLogAppender-LogAppenderDaemon] INFO  server.GrpcServerProtocolClient (GrpcServerProtocolClient.java:<init>(65)) - Build channel for 22ff29b6-698b-46d6-babb-0a5352f8b68f|localhost:15086
2024-10-28 08:10:34,610 [grpc-default-executor-0] INFO  impl.SnapshotInstallationHandler (SnapshotInstallationHandler.java:installSnapshot(94)) - 22ff29b6-698b-46d6-babb-0a5352f8b68f@group-312CCC1152ED: receive installSnapshot: 41ad025f-af8e-4c4e-9124-a1617073bc42->22ff29b6-698b-46d6-babb-0a5352f8b68f#0-t2,notify:(t:1, i:0)
2024-10-28 08:10:34,611 [grpc-default-executor-0] INFO  server.RaftServer$Division (RaftServerImpl.java:setFirstElection(558)) - 22ff29b6-698b-46d6-babb-0a5352f8b68f@group-312CCC1152ED: set firstElectionSinceStartup to false for installSnapshot
2024-10-28 08:10:34,611 [grpc-default-executor-0] INFO  ha.SCMStateMachine (SCMStateMachine.java:notifyLeaderChanged(292)) - leader changed, yet current SCM is still follower.
2024-10-28 08:10:34,611 [grpc-default-executor-0] INFO  server.RaftServer$Division (ServerState.java:setLeader(272)) - 22ff29b6-698b-46d6-babb-0a5352f8b68f@group-312CCC1152ED: change Leader from null to 41ad025f-af8e-4c4e-9124-a1617073bc42 at term 2 for installSnapshot, leader elected after 88ms
2024-10-28 08:10:34,611 [grpc-default-executor-0] INFO  impl.SnapshotInstallationHandler (SnapshotInstallationHandler.java:notifyStateMachineToInstallSnapshot(232)) - 22ff29b6-698b-46d6-babb-0a5352f8b68f@group-312CCC1152ED: Received notification to install snapshot at index 0
2024-10-28 08:10:34,612 [grpc-default-executor-0] INFO  impl.SnapshotInstallationHandler (SnapshotInstallationHandler.java:notifyStateMachineToInstallSnapshot(266)) - 22ff29b6-698b-46d6-babb-0a5352f8b68f@group-312CCC1152ED: notifyInstallSnapshot: nextIndex is 0 but the leader's first available index is 0.
2024-10-28 08:10:34,612 [grpc-default-executor-0] INFO  ha.SCMStateMachine (SCMStateMachine.java:notifyInstallSnapshotFromLeader(245)) - Received install snapshot notification from SCM leader: localhost:15078 with term index: (t:1, i:0)
2024-10-28 08:10:34,615 [scmNode-2-SCMInstallSnapshot-0] INFO  ha.SCMHAManagerImpl (SCMHAManagerImpl.java:getDBCheckpointFromLeader(270)) - Downloading checkpoint from leader SCM scmNode-1 and reloading state from the checkpoint.
2024-10-28 08:10:34,615 [grpc-default-executor-0] INFO  impl.SnapshotInstallationHandler (SnapshotInstallationHandler.java:installSnapshotImpl(140)) - 22ff29b6-698b-46d6-babb-0a5352f8b68f@group-312CCC1152ED: set new configuration index: 1
configurationEntry {
  peers {
    id: "41ad025f-af8e-4c4e-9124-a1617073bc42"
    address: "localhost:15078"
    startupRole: FOLLOWER
  }
}
 from snapshot
2024-10-28 08:10:34,616 [grpc-default-executor-0] INFO  server.RaftServer$Division (ServerState.java:setRaftConf(386)) - 22ff29b6-698b-46d6-babb-0a5352f8b68f@group-312CCC1152ED: set configuration conf: {index: 1, cur=peers:[41ad025f-af8e-4c4e-9124-a1617073bc42|localhost:15078]|listeners:[], old=null}
2024-10-28 08:10:34,617 [grpc-default-executor-0] INFO  impl.SnapshotInstallationHandler (SnapshotInstallationHandler.java:installSnapshot(105)) - 22ff29b6-698b-46d6-babb-0a5352f8b68f@group-312CCC1152ED: reply installSnapshot: 41ad025f-af8e-4c4e-9124-a1617073bc42<-22ff29b6-698b-46d6-babb-0a5352f8b68f#0:FAIL-t0,IN_PROGRESS,snapshotIndex=0
2024-10-28 08:10:34,617 [grpc-default-executor-0] INFO  server.GrpcServerProtocolService (GrpcServerProtocolService.java:onCompleted(157)) - 22ff29b6-698b-46d6-babb-0a5352f8b68f: Completed INSTALL_SNAPSHOT, lastRequest: 41ad025f-af8e-4c4e-9124-a1617073bc42->22ff29b6-698b-46d6-babb-0a5352f8b68f#0-t2,notify:(t:1, i:0)
2024-10-28 08:10:34,618 [grpc-default-executor-0] INFO  server.GrpcServerProtocolService (GrpcServerProtocolService.java:lambda$onCompleted$5(159)) - 22ff29b6-698b-46d6-babb-0a5352f8b68f: Completed INSTALL_SNAPSHOT, lastReply: null
2024-10-28 08:10:34,619 [grpc-default-executor-0] INFO  server.GrpcLogAppender (GrpcLogAppender.java:onNext(655)) - 41ad025f-af8e-4c4e-9124-a1617073bc42@group-312CCC1152ED->22ff29b6-698b-46d6-babb-0a5352f8b68f-InstallSnapshotResponseHandler: received the first reply 41ad025f-af8e-4c4e-9124-a1617073bc42<-22ff29b6-698b-46d6-babb-0a5352f8b68f#0:FAIL-t0,IN_PROGRESS,snapshotIndex=0
2024-10-28 08:10:34,619 [grpc-default-executor-0] INFO  server.GrpcLogAppender (GrpcLogAppender.java:onNext(671)) - 41ad025f-af8e-4c4e-9124-a1617073bc42@group-312CCC1152ED->22ff29b6-698b-46d6-babb-0a5352f8b68f-InstallSnapshotResponseHandler: InstallSnapshot in progress.
2024-10-28 08:10:34,623 [grpc-default-executor-0] INFO  ha.SCMDBCheckpointProvider (SCMDBCheckpointProvider.java:writeDBCheckPointToSream(49)) - Received request to obtain SCM DB checkpoint snapshot
2024-10-28 08:10:34,625 [41ad025f-af8e-4c4e-9124-a1617073bc42@group-312CCC1152ED->22ff29b6-698b-46d6-babb-0a5352f8b68f-GrpcLogAppender-LogAppenderDaemon] INFO  server.GrpcLogAppender (GrpcLogAppender.java:notifyInstallSnapshot(789)) - 41ad025f-af8e-4c4e-9124-a1617073bc42@group-312CCC1152ED->22ff29b6-698b-46d6-babb-0a5352f8b68f-GrpcLogAppender: notifyInstallSnapshot with firstAvailable=(t:1, i:0), followerNextIndex=0
2024-10-28 08:10:34,625 [41ad025f-af8e-4c4e-9124-a1617073bc42@group-312CCC1152ED->22ff29b6-698b-46d6-babb-0a5352f8b68f-GrpcLogAppender-LogAppenderDaemon] INFO  server.GrpcLogAppender (GrpcLogAppender.java:notifyInstallSnapshot(797)) - 41ad025f-af8e-4c4e-9124-a1617073bc42@group-312CCC1152ED->22ff29b6-698b-46d6-babb-0a5352f8b68f-GrpcLogAppender: send 41ad025f-af8e-4c4e-9124-a1617073bc42->22ff29b6-698b-46d6-babb-0a5352f8b68f#0-t2,notify:(t:1, i:0)
2024-10-28 08:10:34,626 [22ff29b6-698b-46d6-babb-0a5352f8b68f-server-thread1] INFO  server.RaftServer$Division (RaftServerImpl.java:checkInconsistentAppendEntries(1607)) - 22ff29b6-698b-46d6-babb-0a5352f8b68f@group-312CCC1152ED: Failed appendEntries as snapshot (0) installation is in progress
2024-10-28 08:10:34,626 [grpc-default-executor-2] INFO  impl.SnapshotInstallationHandler (SnapshotInstallationHandler.java:installSnapshot(94)) - 22ff29b6-698b-46d6-babb-0a5352f8b68f@group-312CCC1152ED: receive installSnapshot: 41ad025f-af8e-4c4e-9124-a1617073bc42->22ff29b6-698b-46d6-babb-0a5352f8b68f#0-t2,notify:(t:1, i:0)
2024-10-28 08:10:34,626 [22ff29b6-698b-46d6-babb-0a5352f8b68f-server-thread1] INFO  server.RaftServer$Division (RaftServerImpl.java:appendEntriesAsync(1562)) - 22ff29b6-698b-46d6-babb-0a5352f8b68f@group-312CCC1152ED: appendEntries* reply 41ad025f-af8e-4c4e-9124-a1617073bc42<-22ff29b6-698b-46d6-babb-0a5352f8b68f#0:FAIL-t2,INCONSISTENCY,nextIndex=0,followerCommit=-1,matchIndex=-1
2024-10-28 08:10:34,627 [grpc-default-executor-2] INFO  impl.SnapshotInstallationHandler (SnapshotInstallationHandler.java:installSnapshotImpl(140)) - 22ff29b6-698b-46d6-babb-0a5352f8b68f@group-312CCC1152ED: set new configuration index: 1
configurationEntry {
  peers {
    id: "41ad025f-af8e-4c4e-9124-a1617073bc42"
    address: "localhost:15078"
    startupRole: FOLLOWER
  }
}
 from snapshot
2024-10-28 08:10:34,627 [grpc-default-executor-2] INFO  server.RaftServer$Division (ServerState.java:setRaftConf(386)) - 22ff29b6-698b-46d6-babb-0a5352f8b68f@group-312CCC1152ED: set configuration conf: {index: 1, cur=peers:[41ad025f-af8e-4c4e-9124-a1617073bc42|localhost:15078]|listeners:[], old=null}
2024-10-28 08:10:34,628 [grpc-default-executor-1] WARN  server.GrpcLogAppender (GrpcLogAppender.java:onNextImpl(519)) - 41ad025f-af8e-4c4e-9124-a1617073bc42@group-312CCC1152ED->22ff29b6-698b-46d6-babb-0a5352f8b68f-AppendLogResponseHandler: received INCONSISTENCY reply with nextIndex 0, errorCount=1, request=AppendEntriesRequest:cid=0,entriesCount=0
2024-10-28 08:10:34,628 [grpc-default-executor-2] INFO  impl.SnapshotInstallationHandler (SnapshotInstallationHandler.java:installSnapshot(105)) - 22ff29b6-698b-46d6-babb-0a5352f8b68f@group-312CCC1152ED: reply installSnapshot: 41ad025f-af8e-4c4e-9124-a1617073bc42<-22ff29b6-698b-46d6-babb-0a5352f8b68f#0:FAIL-t2,IN_PROGRESS,snapshotIndex=0
2024-10-28 08:10:34,629 [grpc-default-executor-2] INFO  server.GrpcServerProtocolService (GrpcServerProtocolService.java:onCompleted(157)) - 22ff29b6-698b-46d6-babb-0a5352f8b68f: Completed INSTALL_SNAPSHOT, lastRequest: 41ad025f-af8e-4c4e-9124-a1617073bc42->22ff29b6-698b-46d6-babb-0a5352f8b68f#0-t2,notify:(t:1, i:0)
2024-10-28 08:10:34,629 [grpc-default-executor-2] INFO  server.GrpcServerProtocolService (GrpcServerProtocolService.java:lambda$onCompleted$5(159)) - 22ff29b6-698b-46d6-babb-0a5352f8b68f: Completed INSTALL_SNAPSHOT, lastReply: null
2024-10-28 08:10:34,629 [grpc-default-executor-2] INFO  server.GrpcLogAppender (GrpcLogAppender.java:onNext(655)) - 41ad025f-af8e-4c4e-9124-a1617073bc42@group-312CCC1152ED->22ff29b6-698b-46d6-babb-0a5352f8b68f-InstallSnapshotResponseHandler: received a reply 41ad025f-af8e-4c4e-9124-a1617073bc42<-22ff29b6-698b-46d6-babb-0a5352f8b68f#0:FAIL-t2,IN_PROGRESS,snapshotIndex=0
2024-10-28 08:10:34,629 [grpc-default-executor-2] INFO  server.GrpcLogAppender (GrpcLogAppender.java:onNext(671)) - 41ad025f-af8e-4c4e-9124-a1617073bc42@group-312CCC1152ED->22ff29b6-698b-46d6-babb-0a5352f8b68f-InstallSnapshotResponseHandler: InstallSnapshot in progress.
2024-10-28 08:10:34,629 [41ad025f-af8e-4c4e-9124-a1617073bc42@group-312CCC1152ED->22ff29b6-698b-46d6-babb-0a5352f8b68f-GrpcLogAppender-LogAppenderDaemon] INFO  server.GrpcLogAppender (GrpcLogAppender.java:notifyInstallSnapshot(789)) - 41ad025f-af8e-4c4e-9124-a1617073bc42@group-312CCC1152ED->22ff29b6-698b-46d6-babb-0a5352f8b68f-GrpcLogAppender: notifyInstallSnapshot with firstAvailable=(t:1, i:0), followerNextIndex=0
2024-10-28 08:10:34,630 [41ad025f-af8e-4c4e-9124-a1617073bc42@group-312CCC1152ED->22ff29b6-698b-46d6-babb-0a5352f8b68f-GrpcLogAppender-LogAppenderDaemon] INFO  server.GrpcLogAppender (GrpcLogAppender.java:notifyInstallSnapshot(797)) - 41ad025f-af8e-4c4e-9124-a1617073bc42@group-312CCC1152ED->22ff29b6-698b-46d6-babb-0a5352f8b68f-GrpcLogAppender: send 41ad025f-af8e-4c4e-9124-a1617073bc42->22ff29b6-698b-46d6-babb-0a5352f8b68f#0-t2,notify:(t:1, i:0)
2024-10-28 08:10:34,630 [22ff29b6-698b-46d6-babb-0a5352f8b68f-server-thread1] INFO  server.RaftServer$Division (RaftServerImpl.java:checkInconsistentAppendEntries(1607)) - 22ff29b6-698b-46d6-babb-0a5352f8b68f@group-312CCC1152ED: Failed appendEntries as snapshot (0) installation is in progress
2024-10-28 08:10:34,630 [22ff29b6-698b-46d6-babb-0a5352f8b68f-server-thread1] INFO  server.RaftServer$Division (RaftServerImpl.java:appendEntriesAsync(1562)) - 22ff29b6-698b-46d6-babb-0a5352f8b68f@group-312CCC1152ED: appendEntries* reply 41ad025f-af8e-4c4e-9124-a1617073bc42<-22ff29b6-698b-46d6-babb-0a5352f8b68f#1:FAIL-t2,INCONSISTENCY,nextIndex=0,followerCommit=-1,matchIndex=-1
2024-10-28 08:10:34,631 [grpc-default-executor-2] WARN  server.GrpcLogAppender (GrpcLogAppender.java:onNextImpl(519)) - 41ad025f-af8e-4c4e-9124-a1617073bc42@group-312CCC1152ED->22ff29b6-698b-46d6-babb-0a5352f8b68f-AppendLogResponseHandler: received INCONSISTENCY reply with nextIndex 0, errorCount=1, request=AppendEntriesRequest:cid=1,entriesCount=0
2024-10-28 08:10:34,631 [grpc-default-executor-2] INFO  impl.SnapshotInstallationHandler (SnapshotInstallationHandler.java:installSnapshot(94)) - 22ff29b6-698b-46d6-babb-0a5352f8b68f@group-312CCC1152ED: receive installSnapshot: 41ad025f-af8e-4c4e-9124-a1617073bc42->22ff29b6-698b-46d6-babb-0a5352f8b68f#0-t2,notify:(t:1, i:0)
2024-10-28 08:10:34,632 [grpc-default-executor-2] INFO  impl.SnapshotInstallationHandler (SnapshotInstallationHandler.java:installSnapshotImpl(140)) - 22ff29b6-698b-46d6-babb-0a5352f8b68f@group-312CCC1152ED: set new configuration index: 1
configurationEntry {
  peers {
    id: "41ad025f-af8e-4c4e-9124-a1617073bc42"
    address: "localhost:15078"
    startupRole: FOLLOWER
  }
}
 from snapshot
2024-10-28 08:10:34,632 [grpc-default-executor-2] INFO  server.RaftServer$Division (ServerState.java:setRaftConf(386)) - 22ff29b6-698b-46d6-babb-0a5352f8b68f@group-312CCC1152ED: set configuration conf: {index: 1, cur=peers:[41ad025f-af8e-4c4e-9124-a1617073bc42|localhost:15078]|listeners:[], old=null}
2024-10-28 08:10:34,633 [grpc-default-executor-2] INFO  impl.SnapshotInstallationHandler (SnapshotInstallationHandler.java:installSnapshot(105)) - 22ff29b6-698b-46d6-babb-0a5352f8b68f@group-312CCC1152ED: reply installSnapshot: 41ad025f-af8e-4c4e-9124-a1617073bc42<-22ff29b6-698b-46d6-babb-0a5352f8b68f#0:FAIL-t2,IN_PROGRESS,snapshotIndex=0
2024-10-28 08:10:34,633 [grpc-default-executor-0] INFO  db.RDBCheckpointManager (RDBCheckpointManager.java:createCheckpoint(89)) - Created checkpoint in rocksDB at /home/runner/work/ozone/ozone/hadoop-ozone/integration-test/target/test-dir/MiniOzoneClusterImpl-0da7ab08-e378-40bf-aed1-312ccc1152ed/scmNode-1/db.checkpoints/scm.db_checkpoint_1730103034630 in 2 milliseconds
2024-10-28 08:10:34,633 [grpc-default-executor-2] INFO  server.GrpcServerProtocolService (GrpcServerProtocolService.java:onCompleted(157)) - 22ff29b6-698b-46d6-babb-0a5352f8b68f: Completed INSTALL_SNAPSHOT, lastRequest: 41ad025f-af8e-4c4e-9124-a1617073bc42->22ff29b6-698b-46d6-babb-0a5352f8b68f#0-t2,notify:(t:1, i:0)
2024-10-28 08:10:34,633 [grpc-default-executor-2] INFO  server.GrpcServerProtocolService (GrpcServerProtocolService.java:lambda$onCompleted$5(159)) - 22ff29b6-698b-46d6-babb-0a5352f8b68f: Completed INSTALL_SNAPSHOT, lastReply: null
2024-10-28 08:10:34,633 [grpc-default-executor-1] INFO  server.GrpcLogAppender (GrpcLogAppender.java:onNext(655)) - 41ad025f-af8e-4c4e-9124-a1617073bc42@group-312CCC1152ED->22ff29b6-698b-46d6-babb-0a5352f8b68f-InstallSnapshotResponseHandler: received a reply 41ad025f-af8e-4c4e-9124-a1617073bc42<-22ff29b6-698b-46d6-babb-0a5352f8b68f#0:FAIL-t2,IN_PROGRESS,snapshotIndex=0
2024-10-28 08:10:34,633 [grpc-default-executor-1] INFO  server.GrpcLogAppender (GrpcLogAppender.java:onNext(671)) - 41ad025f-af8e-4c4e-9124-a1617073bc42@group-312CCC1152ED->22ff29b6-698b-46d6-babb-0a5352f8b68f-InstallSnapshotResponseHandler: InstallSnapshot in progress.
2024-10-28 08:10:34,633 [41ad025f-af8e-4c4e-9124-a1617073bc42@group-312CCC1152ED->22ff29b6-698b-46d6-babb-0a5352f8b68f-GrpcLogAppender-LogAppenderDaemon] INFO  server.GrpcLogAppender (GrpcLogAppender.java:notifyInstallSnapshot(789)) - 41ad025f-af8e-4c4e-9124-a1617073bc42@group-312CCC1152ED->22ff29b6-698b-46d6-babb-0a5352f8b68f-GrpcLogAppender: notifyInstallSnapshot with firstAvailable=(t:1, i:0), followerNextIndex=0
2024-10-28 08:10:34,634 [41ad025f-af8e-4c4e-9124-a1617073bc42@group-312CCC1152ED->22ff29b6-698b-46d6-babb-0a5352f8b68f-GrpcLogAppender-LogAppenderDaemon] INFO  server.GrpcLogAppender (GrpcLogAppender.java:notifyInstallSnapshot(797)) - 41ad025f-af8e-4c4e-9124-a1617073bc42@group-312CCC1152ED->22ff29b6-698b-46d6-babb-0a5352f8b68f-GrpcLogAppender: send 41ad025f-af8e-4c4e-9124-a1617073bc42->22ff29b6-698b-46d6-babb-0a5352f8b68f#0-t2,notify:(t:1, i:0)
2024-10-28 08:10:34,634 [22ff29b6-698b-46d6-babb-0a5352f8b68f-server-thread1] INFO  server.RaftServer$Division (RaftServerImpl.java:checkInconsistentAppendEntries(1607)) - 22ff29b6-698b-46d6-babb-0a5352f8b68f@group-312CCC1152ED: Failed appendEntries as snapshot (0) installation is in progress
2024-10-28 08:10:34,634 [22ff29b6-698b-46d6-babb-0a5352f8b68f-server-thread1] INFO  server.RaftServer$Division (RaftServerImpl.java:appendEntriesAsync(1562)) - 22ff29b6-698b-46d6-babb-0a5352f8b68f@group-312CCC1152ED: appendEntries* reply 41ad025f-af8e-4c4e-9124-a1617073bc42<-22ff29b6-698b-46d6-babb-0a5352f8b68f#2:FAIL-t2,INCONSISTENCY,nextIndex=0,followerCommit=-1,matchIndex=-1
2024-10-28 08:10:34,634 [grpc-default-executor-2] INFO  impl.SnapshotInstallationHandler (SnapshotInstallationHandler.java:installSnapshot(94)) - 22ff29b6-698b-46d6-babb-0a5352f8b68f@group-312CCC1152ED: receive installSnapshot: 41ad025f-af8e-4c4e-9124-a1617073bc42->22ff29b6-698b-46d6-babb-0a5352f8b68f#0-t2,notify:(t:1, i:0)
2024-10-28 08:10:34,635 [grpc-default-executor-2] INFO  impl.SnapshotInstallationHandler (SnapshotInstallationHandler.java:installSnapshotImpl(140)) - 22ff29b6-698b-46d6-babb-0a5352f8b68f@group-312CCC1152ED: set new configuration index: 1
configurationEntry {
  peers {
    id: "41ad025f-af8e-4c4e-9124-a1617073bc42"
    address: "localhost:15078"
    startupRole: FOLLOWER
  }
}
 from snapshot
2024-10-28 08:10:34,635 [grpc-default-executor-2] INFO  server.RaftServer$Division (ServerState.java:setRaftConf(386)) - 22ff29b6-698b-46d6-babb-0a5352f8b68f@group-312CCC1152ED: set configuration conf: {index: 1, cur=peers:[41ad025f-af8e-4c4e-9124-a1617073bc42|localhost:15078]|listeners:[], old=null}
2024-10-28 08:10:34,635 [grpc-default-executor-1] WARN  server.GrpcLogAppender (GrpcLogAppender.java:onNextImpl(519)) - 41ad025f-af8e-4c4e-9124-a1617073bc42@group-312CCC1152ED->22ff29b6-698b-46d6-babb-0a5352f8b68f-AppendLogResponseHandler: received INCONSISTENCY reply with nextIndex 0, errorCount=1, request=AppendEntriesRequest:cid=2,entriesCount=0
2024-10-28 08:10:34,636 [grpc-default-executor-2] INFO  impl.SnapshotInstallationHandler (SnapshotInstallationHandler.java:installSnapshot(105)) - 22ff29b6-698b-46d6-babb-0a5352f8b68f@group-312CCC1152ED: reply installSnapshot: 41ad025f-af8e-4c4e-9124-a1617073bc42<-22ff29b6-698b-46d6-babb-0a5352f8b68f#0:FAIL-t2,IN_PROGRESS,snapshotIndex=0
2024-10-28 08:10:34,636 [grpc-default-executor-2] INFO  server.GrpcServerProtocolService (GrpcServerProtocolService.java:onCompleted(157)) - 22ff29b6-698b-46d6-babb-0a5352f8b68f: Completed INSTALL_SNAPSHOT, lastRequest: 41ad025f-af8e-4c4e-9124-a1617073bc42->22ff29b6-698b-46d6-babb-0a5352f8b68f#0-t2,notify:(t:1, i:0)
2024-10-28 08:10:34,636 [grpc-default-executor-2] INFO  server.GrpcServerProtocolService (GrpcServerProtocolService.java:lambda$onCompleted$5(159)) - 22ff29b6-698b-46d6-babb-0a5352f8b68f: Completed INSTALL_SNAPSHOT, lastReply: null
2024-10-28 08:10:34,636 [grpc-default-executor-1] INFO  server.GrpcLogAppender (GrpcLogAppender.java:onNext(655)) - 41ad025f-af8e-4c4e-9124-a1617073bc42@group-312CCC1152ED->22ff29b6-698b-46d6-babb-0a5352f8b68f-InstallSnapshotResponseHandler: received a reply 41ad025f-af8e-4c4e-9124-a1617073bc42<-22ff29b6-698b-46d6-babb-0a5352f8b68f#0:FAIL-t2,IN_PROGRESS,snapshotIndex=0
2024-10-28 08:10:34,637 [grpc-default-executor-1] INFO  server.GrpcLogAppender (GrpcLogAppender.java:onNext(671)) - 41ad025f-af8e-4c4e-9124-a1617073bc42@group-312CCC1152ED->22ff29b6-698b-46d6-babb-0a5352f8b68f-InstallSnapshotResponseHandler: InstallSnapshot in progress.
2024-10-28 08:10:34,637 [41ad025f-af8e-4c4e-9124-a1617073bc42@group-312CCC1152ED->22ff29b6-698b-46d6-babb-0a5352f8b68f-GrpcLogAppender-LogAppenderDaemon] INFO  server.GrpcLogAppender (GrpcLogAppender.java:notifyInstallSnapshot(789)) - 41ad025f-af8e-4c4e-9124-a1617073bc42@group-312CCC1152ED->22ff29b6-698b-46d6-babb-0a5352f8b68f-GrpcLogAppender: notifyInstallSnapshot with firstAvailable=(t:1, i:0), followerNextIndex=0
2024-10-28 08:10:34,637 [41ad025f-af8e-4c4e-9124-a1617073bc42@group-312CCC1152ED->22ff29b6-698b-46d6-babb-0a5352f8b68f-GrpcLogAppender-LogAppenderDaemon] INFO  server.GrpcLogAppender (GrpcLogAppender.java:notifyInstallSnapshot(797)) - 41ad025f-af8e-4c4e-9124-a1617073bc42@group-312CCC1152ED->22ff29b6-698b-46d6-babb-0a5352f8b68f-GrpcLogAppender: send 41ad025f-af8e-4c4e-9124-a1617073bc42->22ff29b6-698b-46d6-babb-0a5352f8b68f#0-t2,notify:(t:1, i:0)
2024-10-28 08:10:34,638 [grpc-default-executor-0] INFO  ha.SCMGrpcOutputStream (SCMGrpcOutputStream.java:close(111)) - Sent 62976 bytes for cluster 0da7ab08-e378-40bf-aed1-312ccc1152ed
2024-10-28 08:10:34,638 [22ff29b6-698b-46d6-babb-0a5352f8b68f-server-thread1] INFO  server.RaftServer$Division (RaftServerImpl.java:checkInconsistentAppendEntries(1607)) - 22ff29b6-698b-46d6-babb-0a5352f8b68f@group-312CCC1152ED: Failed appendEntries as snapshot (0) installation is in progress
2024-10-28 08:10:34,638 [grpc-default-executor-0] INFO  ha.SCMDBCheckpointProvider (SCMDBCheckpointProvider.java:writeDBCheckPointToSream(75)) - Time taken to write the checkpoint to response output stream: 5 milliseconds
2024-10-28 08:10:34,638 [grpc-default-executor-0] INFO  db.RocksDBCheckpoint (RocksDBCheckpoint.java:cleanupCheckpoint(78)) - Cleaning up RocksDB checkpoint at /home/runner/work/ozone/ozone/hadoop-ozone/integration-test/target/test-dir/MiniOzoneClusterImpl-0da7ab08-e378-40bf-aed1-312ccc1152ed/scmNode-1/db.checkpoints/scm.db_checkpoint_1730103034630
2024-10-28 08:10:34,638 [22ff29b6-698b-46d6-babb-0a5352f8b68f-server-thread1] INFO  server.RaftServer$Division (RaftServerImpl.java:appendEntriesAsync(1562)) - 22ff29b6-698b-46d6-babb-0a5352f8b68f@group-312CCC1152ED: appendEntries* reply 41ad025f-af8e-4c4e-9124-a1617073bc42<-22ff29b6-698b-46d6-babb-0a5352f8b68f#3:FAIL-t2,INCONSISTENCY,nextIndex=0,followerCommit=-1,matchIndex=-1
2024-10-28 08:10:34,639 [grpc-default-executor-1] INFO  impl.SnapshotInstallationHandler (SnapshotInstallationHandler.java:installSnapshot(94)) - 22ff29b6-698b-46d6-babb-0a5352f8b68f@group-312CCC1152ED: receive installSnapshot: 41ad025f-af8e-4c4e-9124-a1617073bc42->22ff29b6-698b-46d6-babb-0a5352f8b68f#0-t2,notify:(t:1, i:0)
2024-10-28 08:10:34,639 [grpc-default-executor-1] INFO  impl.SnapshotInstallationHandler (SnapshotInstallationHandler.java:installSnapshotImpl(140)) - 22ff29b6-698b-46d6-babb-0a5352f8b68f@group-312CCC1152ED: set new configuration index: 1
configurationEntry {
  peers {
    id: "41ad025f-af8e-4c4e-9124-a1617073bc42"
    address: "localhost:15078"
    startupRole: FOLLOWER
  }
}
 from snapshot
2024-10-28 08:10:34,639 [grpc-default-executor-1] INFO  server.RaftServer$Division (ServerState.java:setRaftConf(386)) - 22ff29b6-698b-46d6-babb-0a5352f8b68f@group-312CCC1152ED: set configuration conf: {index: 1, cur=peers:[41ad025f-af8e-4c4e-9124-a1617073bc42|localhost:15078]|listeners:[], old=null}
2024-10-28 08:10:34,640 [grpc-default-executor-1] INFO  impl.SnapshotInstallationHandler (SnapshotInstallationHandler.java:installSnapshot(105)) - 22ff29b6-698b-46d6-babb-0a5352f8b68f@group-312CCC1152ED: reply installSnapshot: 41ad025f-af8e-4c4e-9124-a1617073bc42<-22ff29b6-698b-46d6-babb-0a5352f8b68f#0:FAIL-t2,IN_PROGRESS,snapshotIndex=0
2024-10-28 08:10:34,640 [grpc-default-executor-1] INFO  server.GrpcServerProtocolService (GrpcServerProtocolService.java:onCompleted(157)) - 22ff29b6-698b-46d6-babb-0a5352f8b68f: Completed INSTALL_SNAPSHOT, lastRequest: 41ad025f-af8e-4c4e-9124-a1617073bc42->22ff29b6-698b-46d6-babb-0a5352f8b68f#0-t2,notify:(t:1, i:0)
2024-10-28 08:10:34,640 [grpc-default-executor-1] INFO  server.GrpcServerProtocolService (GrpcServerProtocolService.java:lambda$onCompleted$5(159)) - 22ff29b6-698b-46d6-babb-0a5352f8b68f: Completed INSTALL_SNAPSHOT, lastReply: null
2024-10-28 08:10:34,641 [grpc-default-executor-1] INFO  ha.InterSCMGrpcClient (InterSCMGrpcClient.java:onCompleted(172)) - Checkpoint is downloaded to /home/runner/work/ozone/ozone/hadoop-ozone/integration-test/target/test-dir/MiniOzoneClusterImpl-0da7ab08-e378-40bf-aed1-312ccc1152ed/scmNode-2/snapshot/scm.db-scmNode-1-1730103034615.tar
2024-10-28 08:10:34,642 [grpc-default-executor-1] WARN  server.GrpcLogAppender (GrpcLogAppender.java:onNextImpl(519)) - 41ad025f-af8e-4c4e-9124-a1617073bc42@group-312CCC1152ED->22ff29b6-698b-46d6-babb-0a5352f8b68f-AppendLogResponseHandler: received INCONSISTENCY reply with nextIndex 0, errorCount=1, request=AppendEntriesRequest:cid=3,entriesCount=0
2024-10-28 08:10:34,642 [grpc-default-executor-1] INFO  server.GrpcLogAppender (GrpcLogAppender.java:onNext(655)) - 41ad025f-af8e-4c4e-9124-a1617073bc42@group-312CCC1152ED->22ff29b6-698b-46d6-babb-0a5352f8b68f-InstallSnapshotResponseHandler: received a reply 41ad025f-af8e-4c4e-9124-a1617073bc42<-22ff29b6-698b-46d6-babb-0a5352f8b68f#0:FAIL-t2,IN_PROGRESS,snapshotIndex=0
2024-10-28 08:10:34,642 [grpc-default-executor-1] INFO  server.GrpcLogAppender (GrpcLogAppender.java:onNext(671)) - 41ad025f-af8e-4c4e-9124-a1617073bc42@group-312CCC1152ED->22ff29b6-698b-46d6-babb-0a5352f8b68f-InstallSnapshotResponseHandler: InstallSnapshot in progress.
2024-10-28 08:10:34,643 [22ff29b6-698b-46d6-babb-0a5352f8b68f-server-thread1] INFO  server.RaftServer$Division (RaftServerImpl.java:checkInconsistentAppendEntries(1607)) - 22ff29b6-698b-46d6-babb-0a5352f8b68f@group-312CCC1152ED: Failed appendEntries as snapshot (0) installation is in progress
2024-10-28 08:10:34,643 [22ff29b6-698b-46d6-babb-0a5352f8b68f-server-thread1] INFO  server.RaftServer$Division (RaftServerImpl.java:appendEntriesAsync(1562)) - 22ff29b6-698b-46d6-babb-0a5352f8b68f@group-312CCC1152ED: appendEntries* reply 41ad025f-af8e-4c4e-9124-a1617073bc42<-22ff29b6-698b-46d6-babb-0a5352f8b68f#4:FAIL-t2,INCONSISTENCY,nextIndex=0,followerCommit=-1,matchIndex=-1
2024-10-28 08:10:34,643 [grpc-default-executor-1] WARN  server.GrpcLogAppender (GrpcLogAppender.java:onNextImpl(519)) - 41ad025f-af8e-4c4e-9124-a1617073bc42@group-312CCC1152ED->22ff29b6-698b-46d6-babb-0a5352f8b68f-AppendLogResponseHandler: received INCONSISTENCY reply with nextIndex 0, errorCount=1, request=AppendEntriesRequest:cid=4,entriesCount=0
2024-10-28 08:10:34,643 [41ad025f-af8e-4c4e-9124-a1617073bc42@group-312CCC1152ED->22ff29b6-698b-46d6-babb-0a5352f8b68f-GrpcLogAppender-LogAppenderDaemon] INFO  server.GrpcLogAppender (GrpcLogAppender.java:notifyInstallSnapshot(789)) - 41ad025f-af8e-4c4e-9124-a1617073bc42@group-312CCC1152ED->22ff29b6-698b-46d6-babb-0a5352f8b68f-GrpcLogAppender: notifyInstallSnapshot with firstAvailable=(t:1, i:0), followerNextIndex=0
2024-10-28 08:10:34,644 [41ad025f-af8e-4c4e-9124-a1617073bc42@group-312CCC1152ED->22ff29b6-698b-46d6-babb-0a5352f8b68f-GrpcLogAppender-LogAppenderDaemon] INFO  server.GrpcLogAppender (GrpcLogAppender.java:notifyInstallSnapshot(797)) - 41ad025f-af8e-4c4e-9124-a1617073bc42@group-312CCC1152ED->22ff29b6-698b-46d6-babb-0a5352f8b68f-GrpcLogAppender: send 41ad025f-af8e-4c4e-9124-a1617073bc42->22ff29b6-698b-46d6-babb-0a5352f8b68f#0-t2,notify:(t:1, i:0)
2024-10-28 08:10:34,644 [grpc-default-executor-1] INFO  impl.SnapshotInstallationHandler (SnapshotInstallationHandler.java:installSnapshot(94)) - 22ff29b6-698b-46d6-babb-0a5352f8b68f@group-312CCC1152ED: receive installSnapshot: 41ad025f-af8e-4c4e-9124-a1617073bc42->22ff29b6-698b-46d6-babb-0a5352f8b68f#0-t2,notify:(t:1, i:0)
2024-10-28 08:10:34,644 [grpc-default-executor-1] INFO  impl.SnapshotInstallationHandler (SnapshotInstallationHandler.java:installSnapshotImpl(140)) - 22ff29b6-698b-46d6-babb-0a5352f8b68f@group-312CCC1152ED: set new configuration index: 1
configurationEntry {
  peers {
    id: "41ad025f-af8e-4c4e-9124-a1617073bc42"
    address: "localhost:15078"
    startupRole: FOLLOWER
  }
}
 from snapshot
2024-10-28 08:10:34,645 [grpc-default-executor-1] INFO  server.RaftServer$Division (ServerState.java:setRaftConf(386)) - 22ff29b6-698b-46d6-babb-0a5352f8b68f@group-312CCC1152ED: set configuration conf: {index: 1, cur=peers:[41ad025f-af8e-4c4e-9124-a1617073bc42|localhost:15078]|listeners:[], old=null}
2024-10-28 08:10:34,646 [grpc-default-executor-1] INFO  impl.SnapshotInstallationHandler (SnapshotInstallationHandler.java:installSnapshot(105)) - 22ff29b6-698b-46d6-babb-0a5352f8b68f@group-312CCC1152ED: reply installSnapshot: 41ad025f-af8e-4c4e-9124-a1617073bc42<-22ff29b6-698b-46d6-babb-0a5352f8b68f#0:FAIL-t2,IN_PROGRESS,snapshotIndex=0
2024-10-28 08:10:34,646 [grpc-default-executor-1] INFO  server.GrpcServerProtocolService (GrpcServerProtocolService.java:onCompleted(157)) - 22ff29b6-698b-46d6-babb-0a5352f8b68f: Completed INSTALL_SNAPSHOT, lastRequest: 41ad025f-af8e-4c4e-9124-a1617073bc42->22ff29b6-698b-46d6-babb-0a5352f8b68f#0-t2,notify:(t:1, i:0)
2024-10-28 08:10:34,646 [grpc-default-executor-1] INFO  server.GrpcServerProtocolService (GrpcServerProtocolService.java:lambda$onCompleted$5(159)) - 22ff29b6-698b-46d6-babb-0a5352f8b68f: Completed INSTALL_SNAPSHOT, lastReply: null
2024-10-28 08:10:34,647 [grpc-default-executor-0] INFO  server.GrpcLogAppender (GrpcLogAppender.java:onNext(655)) - 41ad025f-af8e-4c4e-9124-a1617073bc42@group-312CCC1152ED->22ff29b6-698b-46d6-babb-0a5352f8b68f-InstallSnapshotResponseHandler: received a reply 41ad025f-af8e-4c4e-9124-a1617073bc42<-22ff29b6-698b-46d6-babb-0a5352f8b68f#0:FAIL-t2,IN_PROGRESS,snapshotIndex=0
2024-10-28 08:10:34,647 [grpc-default-executor-0] INFO  server.GrpcLogAppender (GrpcLogAppender.java:onNext(671)) - 41ad025f-af8e-4c4e-9124-a1617073bc42@group-312CCC1152ED->22ff29b6-698b-46d6-babb-0a5352f8b68f-InstallSnapshotResponseHandler: InstallSnapshot in progress.
2024-10-28 08:10:34,648 [41ad025f-af8e-4c4e-9124-a1617073bc42@group-312CCC1152ED->22ff29b6-698b-46d6-babb-0a5352f8b68f-GrpcLogAppender-LogAppenderDaemon] INFO  server.GrpcLogAppender (GrpcLogAppender.java:notifyInstallSnapshot(789)) - 41ad025f-af8e-4c4e-9124-a1617073bc42@group-312CCC1152ED->22ff29b6-698b-46d6-babb-0a5352f8b68f-GrpcLogAppender: notifyInstallSnapshot with firstAvailable=(t:1, i:0), followerNextIndex=0
2024-10-28 08:10:34,648 [41ad025f-af8e-4c4e-9124-a1617073bc42@group-312CCC1152ED->22ff29b6-698b-46d6-babb-0a5352f8b68f-GrpcLogAppender-LogAppenderDaemon] INFO  server.GrpcLogAppender (GrpcLogAppender.java:notifyInstallSnapshot(797)) - 41ad025f-af8e-4c4e-9124-a1617073bc42@group-312CCC1152ED->22ff29b6-698b-46d6-babb-0a5352f8b68f-GrpcLogAppender: send 41ad025f-af8e-4c4e-9124-a1617073bc42->22ff29b6-698b-46d6-babb-0a5352f8b68f#0-t2,notify:(t:1, i:0)
2024-10-28 08:10:34,649 [22ff29b6-698b-46d6-babb-0a5352f8b68f-server-thread1] INFO  server.RaftServer$Division (RaftServerImpl.java:checkInconsistentAppendEntries(1607)) - 22ff29b6-698b-46d6-babb-0a5352f8b68f@group-312CCC1152ED: Failed appendEntries as snapshot (0) installation is in progress
2024-10-28 08:10:34,649 [22ff29b6-698b-46d6-babb-0a5352f8b68f-server-thread1] INFO  server.RaftServer$Division (RaftServerImpl.java:appendEntriesAsync(1562)) - 22ff29b6-698b-46d6-babb-0a5352f8b68f@group-312CCC1152ED: appendEntries* reply 41ad025f-af8e-4c4e-9124-a1617073bc42<-22ff29b6-698b-46d6-babb-0a5352f8b68f#5:FAIL-t2,INCONSISTENCY,nextIndex=0,followerCommit=-1,matchIndex=-1
2024-10-28 08:10:34,650 [grpc-default-executor-1] WARN  server.GrpcLogAppender (GrpcLogAppender.java:onNextImpl(519)) - 41ad025f-af8e-4c4e-9124-a1617073bc42@group-312CCC1152ED->22ff29b6-698b-46d6-babb-0a5352f8b68f-AppendLogResponseHandler: received INCONSISTENCY reply with nextIndex 0, errorCount=1, request=AppendEntriesRequest:cid=5,entriesCount=0
2024-10-28 08:10:34,650 [grpc-default-executor-0] INFO  impl.SnapshotInstallationHandler (SnapshotInstallationHandler.java:installSnapshot(94)) - 22ff29b6-698b-46d6-babb-0a5352f8b68f@group-312CCC1152ED: receive installSnapshot: 41ad025f-af8e-4c4e-9124-a1617073bc42->22ff29b6-698b-46d6-babb-0a5352f8b68f#0-t2,notify:(t:1, i:0)
2024-10-28 08:10:34,651 [grpc-default-executor-0] INFO  impl.SnapshotInstallationHandler (SnapshotInstallationHandler.java:installSnapshotImpl(140)) - 22ff29b6-698b-46d6-babb-0a5352f8b68f@group-312CCC1152ED: set new configuration index: 1
configurationEntry {
  peers {
    id: "41ad025f-af8e-4c4e-9124-a1617073bc42"
    address: "localhost:15078"
    startupRole: FOLLOWER
  }
}
 from snapshot
2024-10-28 08:10:34,651 [grpc-default-executor-0] INFO  server.RaftServer$Division (ServerState.java:setRaftConf(386)) - 22ff29b6-698b-46d6-babb-0a5352f8b68f@group-312CCC1152ED: set configuration conf: {index: 1, cur=peers:[41ad025f-af8e-4c4e-9124-a1617073bc42|localhost:15078]|listeners:[], old=null}
2024-10-28 08:10:34,652 [grpc-default-executor-0] INFO  impl.SnapshotInstallationHandler (SnapshotInstallationHandler.java:installSnapshot(105)) - 22ff29b6-698b-46d6-babb-0a5352f8b68f@group-312CCC1152ED: reply installSnapshot: 41ad025f-af8e-4c4e-9124-a1617073bc42<-22ff29b6-698b-46d6-babb-0a5352f8b68f#0:FAIL-t2,IN_PROGRESS,snapshotIndex=0
2024-10-28 08:10:34,653 [grpc-default-executor-0] INFO  server.GrpcServerProtocolService (GrpcServerProtocolService.java:onCompleted(157)) - 22ff29b6-698b-46d6-babb-0a5352f8b68f: Completed INSTALL_SNAPSHOT, lastRequest: 41ad025f-af8e-4c4e-9124-a1617073bc42->22ff29b6-698b-46d6-babb-0a5352f8b68f#0-t2,notify:(t:1, i:0)
2024-10-28 08:10:34,653 [grpc-default-executor-0] INFO  server.GrpcServerProtocolService (GrpcServerProtocolService.java:lambda$onCompleted$5(159)) - 22ff29b6-698b-46d6-babb-0a5352f8b68f: Completed INSTALL_SNAPSHOT, lastReply: null
2024-10-28 08:10:34,653 [grpc-default-executor-1] INFO  server.GrpcLogAppender (GrpcLogAppender.java:onNext(655)) - 41ad025f-af8e-4c4e-9124-a1617073bc42@group-312CCC1152ED->22ff29b6-698b-46d6-babb-0a5352f8b68f-InstallSnapshotResponseHandler: received a reply 41ad025f-af8e-4c4e-9124-a1617073bc42<-22ff29b6-698b-46d6-babb-0a5352f8b68f#0:FAIL-t2,IN_PROGRESS,snapshotIndex=0
2024-10-28 08:10:34,653 [grpc-default-executor-1] INFO  server.GrpcLogAppender (GrpcLogAppender.java:onNext(671)) - 41ad025f-af8e-4c4e-9124-a1617073bc42@group-312CCC1152ED->22ff29b6-698b-46d6-babb-0a5352f8b68f-InstallSnapshotResponseHandler: InstallSnapshot in progress.
2024-10-28 08:10:34,654 [41ad025f-af8e-4c4e-9124-a1617073bc42@group-312CCC1152ED->22ff29b6-698b-46d6-babb-0a5352f8b68f-GrpcLogAppender-LogAppenderDaemon] INFO  server.GrpcLogAppender (GrpcLogAppender.java:notifyInstallSnapshot(789)) - 41ad025f-af8e-4c4e-9124-a1617073bc42@group-312CCC1152ED->22ff29b6-698b-46d6-babb-0a5352f8b68f-GrpcLogAppender: notifyInstallSnapshot with firstAvailable=(t:1, i:0), followerNextIndex=0
2024-10-28 08:10:34,654 [41ad025f-af8e-4c4e-9124-a1617073bc42@group-312CCC1152ED->22ff29b6-698b-46d6-babb-0a5352f8b68f-GrpcLogAppender-LogAppenderDaemon] INFO  server.GrpcLogAppender (GrpcLogAppender.java:notifyInstallSnapshot(797)) - 41ad025f-af8e-4c4e-9124-a1617073bc42@group-312CCC1152ED->22ff29b6-698b-46d6-babb-0a5352f8b68f-GrpcLogAppender: send 41ad025f-af8e-4c4e-9124-a1617073bc42->22ff29b6-698b-46d6-babb-0a5352f8b68f#0-t2,notify:(t:1, i:0)
2024-10-28 08:10:34,654 [22ff29b6-698b-46d6-babb-0a5352f8b68f-server-thread1] INFO  server.RaftServer$Division (RaftServerImpl.java:checkInconsistentAppendEntries(1607)) - 22ff29b6-698b-46d6-babb-0a5352f8b68f@group-312CCC1152ED: Failed appendEntries as snapshot (0) installation is in progress
2024-10-28 08:10:34,654 [22ff29b6-698b-46d6-babb-0a5352f8b68f-server-thread1] INFO  server.RaftServer$Division (RaftServerImpl.java:appendEntriesAsync(1562)) - 22ff29b6-698b-46d6-babb-0a5352f8b68f@group-312CCC1152ED: appendEntries* reply 41ad025f-af8e-4c4e-9124-a1617073bc42<-22ff29b6-698b-46d6-babb-0a5352f8b68f#6:FAIL-t2,INCONSISTENCY,nextIndex=0,followerCommit=-1,matchIndex=-1
2024-10-28 08:10:34,655 [grpc-default-executor-0] INFO  impl.SnapshotInstallationHandler (SnapshotInstallationHandler.java:installSnapshot(94)) - 22ff29b6-698b-46d6-babb-0a5352f8b68f@group-312CCC1152ED: receive installSnapshot: 41ad025f-af8e-4c4e-9124-a1617073bc42->22ff29b6-698b-46d6-babb-0a5352f8b68f#0-t2,notify:(t:1, i:0)
2024-10-28 08:10:34,655 [grpc-default-executor-0] INFO  impl.SnapshotInstallationHandler (SnapshotInstallationHandler.java:installSnapshotImpl(140)) - 22ff29b6-698b-46d6-babb-0a5352f8b68f@group-312CCC1152ED: set new configuration index: 1
configurationEntry {
  peers {
    id: "41ad025f-af8e-4c4e-9124-a1617073bc42"
    address: "localhost:15078"
    startupRole: FOLLOWER
  }
}
 from snapshot
2024-10-28 08:10:34,655 [grpc-default-executor-0] INFO  server.RaftServer$Division (ServerState.java:setRaftConf(386)) - 22ff29b6-698b-46d6-babb-0a5352f8b68f@group-312CCC1152ED: set configuration conf: {index: 1, cur=peers:[41ad025f-af8e-4c4e-9124-a1617073bc42|localhost:15078]|listeners:[], old=null}
2024-10-28 08:10:34,655 [grpc-default-executor-1] WARN  server.GrpcLogAppender (GrpcLogAppender.java:onNextImpl(519)) - 41ad025f-af8e-4c4e-9124-a1617073bc42@group-312CCC1152ED->22ff29b6-698b-46d6-babb-0a5352f8b68f-AppendLogResponseHandler: received INCONSISTENCY reply with nextIndex 0, errorCount=1, request=AppendEntriesRequest:cid=6,entriesCount=0
2024-10-28 08:10:34,657 [scmNode-2-SCMInstallSnapshot-0] INFO  ha.SCMSnapshotProvider (SCMSnapshotProvider.java:getSCMDBSnapshot(131)) - Successfully downloaded latest checkpoint from leader SCM: scmNode-1 path /home/runner/work/ozone/ozone/hadoop-ozone/integration-test/target/test-dir/MiniOzoneClusterImpl-0da7ab08-e378-40bf-aed1-312ccc1152ed/scmNode-2/snapshot/scm.db-scmNode-1-1730103034615
2024-10-28 08:10:34,657 [scmNode-2-SCMInstallSnapshot-0] INFO  ha.SCMHAManagerImpl (SCMHAManagerImpl.java:downloadCheckpointFromLeader(205)) - Downloaded checkpoint from Leader scmNode-1 to the location /home/runner/work/ozone/ozone/hadoop-ozone/integration-test/target/test-dir/MiniOzoneClusterImpl-0da7ab08-e378-40bf-aed1-312ccc1152ed/scmNode-2/snapshot/scm.db-scmNode-1-1730103034615
2024-10-28 08:10:34,657 [scmNode-2-SCMInstallSnapshot-0] INFO  ha.SCMStateMachine (SCMStateMachine.java:lambda$notifyInstallSnapshotFromLeader$2(261)) - Got secret keys from leaders null
2024-10-28 08:10:34,660 [grpc-default-executor-0] INFO  impl.SnapshotInstallationHandler (SnapshotInstallationHandler.java:installSnapshot(105)) - 22ff29b6-698b-46d6-babb-0a5352f8b68f@group-312CCC1152ED: reply installSnapshot: 41ad025f-af8e-4c4e-9124-a1617073bc42<-22ff29b6-698b-46d6-babb-0a5352f8b68f#0:FAIL-t2,IN_PROGRESS,snapshotIndex=0
2024-10-28 08:10:34,660 [grpc-default-executor-0] INFO  server.GrpcServerProtocolService (GrpcServerProtocolService.java:onCompleted(157)) - 22ff29b6-698b-46d6-babb-0a5352f8b68f: Completed INSTALL_SNAPSHOT, lastRequest: 41ad025f-af8e-4c4e-9124-a1617073bc42->22ff29b6-698b-46d6-babb-0a5352f8b68f#0-t2,notify:(t:1, i:0)
2024-10-28 08:10:34,660 [grpc-default-executor-0] INFO  server.GrpcServerProtocolService (GrpcServerProtocolService.java:lambda$onCompleted$5(159)) - 22ff29b6-698b-46d6-babb-0a5352f8b68f: Completed INSTALL_SNAPSHOT, lastReply: null
2024-10-28 08:10:34,661 [grpc-default-executor-1] INFO  server.GrpcLogAppender (GrpcLogAppender.java:onNext(655)) - 41ad025f-af8e-4c4e-9124-a1617073bc42@group-312CCC1152ED->22ff29b6-698b-46d6-babb-0a5352f8b68f-InstallSnapshotResponseHandler: received a reply 41ad025f-af8e-4c4e-9124-a1617073bc42<-22ff29b6-698b-46d6-babb-0a5352f8b68f#0:FAIL-t2,IN_PROGRESS,snapshotIndex=0
2024-10-28 08:10:34,661 [grpc-default-executor-1] INFO  server.GrpcLogAppender (GrpcLogAppender.java:onNext(671)) - 41ad025f-af8e-4c4e-9124-a1617073bc42@group-312CCC1152ED->22ff29b6-698b-46d6-babb-0a5352f8b68f-InstallSnapshotResponseHandler: InstallSnapshot in progress.
2024-10-28 08:10:34,661 [41ad025f-af8e-4c4e-9124-a1617073bc42@group-312CCC1152ED->22ff29b6-698b-46d6-babb-0a5352f8b68f-GrpcLogAppender-LogAppenderDaemon] INFO  server.GrpcLogAppender (GrpcLogAppender.java:notifyInstallSnapshot(789)) - 41ad025f-af8e-4c4e-9124-a1617073bc42@group-312CCC1152ED->22ff29b6-698b-46d6-babb-0a5352f8b68f-GrpcLogAppender: notifyInstallSnapshot with firstAvailable=(t:1, i:0), followerNextIndex=0
2024-10-28 08:10:34,661 [41ad025f-af8e-4c4e-9124-a1617073bc42@group-312CCC1152ED->22ff29b6-698b-46d6-babb-0a5352f8b68f-GrpcLogAppender-LogAppenderDaemon] INFO  server.GrpcLogAppender (GrpcLogAppender.java:notifyInstallSnapshot(797)) - 41ad025f-af8e-4c4e-9124-a1617073bc42@group-312CCC1152ED->22ff29b6-698b-46d6-babb-0a5352f8b68f-GrpcLogAppender: send 41ad025f-af8e-4c4e-9124-a1617073bc42->22ff29b6-698b-46d6-babb-0a5352f8b68f#0-t2,notify:(t:1, i:0)
2024-10-28 08:10:34,662 [22ff29b6-698b-46d6-babb-0a5352f8b68f-server-thread1] INFO  server.RaftServer$Division (RaftServerImpl.java:checkInconsistentAppendEntries(1607)) - 22ff29b6-698b-46d6-babb-0a5352f8b68f@group-312CCC1152ED: Failed appendEntries as snapshot (0) installation is in progress
2024-10-28 08:10:34,662 [22ff29b6-698b-46d6-babb-0a5352f8b68f-server-thread1] INFO  server.RaftServer$Division (RaftServerImpl.java:appendEntriesAsync(1562)) - 22ff29b6-698b-46d6-babb-0a5352f8b68f@group-312CCC1152ED: appendEntries* reply 41ad025f-af8e-4c4e-9124-a1617073bc42<-22ff29b6-698b-46d6-babb-0a5352f8b68f#7:FAIL-t2,INCONSISTENCY,nextIndex=0,followerCommit=-1,matchIndex=-1
2024-10-28 08:10:34,663 [grpc-default-executor-1] INFO  impl.SnapshotInstallationHandler (SnapshotInstallationHandler.java:installSnapshot(94)) - 22ff29b6-698b-46d6-babb-0a5352f8b68f@group-312CCC1152ED: receive installSnapshot: 41ad025f-af8e-4c4e-9124-a1617073bc42->22ff29b6-698b-46d6-babb-0a5352f8b68f#0-t2,notify:(t:1, i:0)
2024-10-28 08:10:34,663 [grpc-default-executor-1] INFO  impl.SnapshotInstallationHandler (SnapshotInstallationHandler.java:installSnapshotImpl(140)) - 22ff29b6-698b-46d6-babb-0a5352f8b68f@group-312CCC1152ED: set new configuration index: 1
configurationEntry {
  peers {
    id: "41ad025f-af8e-4c4e-9124-a1617073bc42"
    address: "localhost:15078"
    startupRole: FOLLOWER
  }
}
 from snapshot
2024-10-28 08:10:34,663 [grpc-default-executor-1] INFO  server.RaftServer$Division (ServerState.java:setRaftConf(386)) - 22ff29b6-698b-46d6-babb-0a5352f8b68f@group-312CCC1152ED: set configuration conf: {index: 1, cur=peers:[41ad025f-af8e-4c4e-9124-a1617073bc42|localhost:15078]|listeners:[], old=null}
2024-10-28 08:10:34,664 [grpc-default-executor-3] WARN  server.GrpcLogAppender (GrpcLogAppender.java:onNextImpl(519)) - 41ad025f-af8e-4c4e-9124-a1617073bc42@group-312CCC1152ED->22ff29b6-698b-46d6-babb-0a5352f8b68f-AppendLogResponseHandler: received INCONSISTENCY reply with nextIndex 0, errorCount=1, request=AppendEntriesRequest:cid=7,entriesCount=0
2024-10-28 08:10:34,665 [grpc-default-executor-1] INFO  impl.SnapshotInstallationHandler (SnapshotInstallationHandler.java:installSnapshot(105)) - 22ff29b6-698b-46d6-babb-0a5352f8b68f@group-312CCC1152ED: reply installSnapshot: 41ad025f-af8e-4c4e-9124-a1617073bc42<-22ff29b6-698b-46d6-babb-0a5352f8b68f#0:FAIL-t2,IN_PROGRESS,snapshotIndex=0
2024-10-28 08:10:34,665 [grpc-default-executor-1] INFO  server.GrpcServerProtocolService (GrpcServerProtocolService.java:onCompleted(157)) - 22ff29b6-698b-46d6-babb-0a5352f8b68f: Completed INSTALL_SNAPSHOT, lastRequest: 41ad025f-af8e-4c4e-9124-a1617073bc42->22ff29b6-698b-46d6-babb-0a5352f8b68f#0-t2,notify:(t:1, i:0)
2024-10-28 08:10:34,665 [grpc-default-executor-1] INFO  server.GrpcServerProtocolService (GrpcServerProtocolService.java:lambda$onCompleted$5(159)) - 22ff29b6-698b-46d6-babb-0a5352f8b68f: Completed INSTALL_SNAPSHOT, lastReply: null
2024-10-28 08:10:34,666 [grpc-default-executor-1] INFO  server.GrpcLogAppender (GrpcLogAppender.java:onNext(655)) - 41ad025f-af8e-4c4e-9124-a1617073bc42@group-312CCC1152ED->22ff29b6-698b-46d6-babb-0a5352f8b68f-InstallSnapshotResponseHandler: received a reply 41ad025f-af8e-4c4e-9124-a1617073bc42<-22ff29b6-698b-46d6-babb-0a5352f8b68f#0:FAIL-t2,IN_PROGRESS,snapshotIndex=0
2024-10-28 08:10:34,666 [grpc-default-executor-1] INFO  server.GrpcLogAppender (GrpcLogAppender.java:onNext(671)) - 41ad025f-af8e-4c4e-9124-a1617073bc42@group-312CCC1152ED->22ff29b6-698b-46d6-babb-0a5352f8b68f-InstallSnapshotResponseHandler: InstallSnapshot in progress.
2024-10-28 08:10:34,666 [41ad025f-af8e-4c4e-9124-a1617073bc42@group-312CCC1152ED->22ff29b6-698b-46d6-babb-0a5352f8b68f-GrpcLogAppender-LogAppenderDaemon] INFO  server.GrpcLogAppender (GrpcLogAppender.java:notifyInstallSnapshot(789)) - 41ad025f-af8e-4c4e-9124-a1617073bc42@group-312CCC1152ED->22ff29b6-698b-46d6-babb-0a5352f8b68f-GrpcLogAppender: notifyInstallSnapshot with firstAvailable=(t:1, i:0), followerNextIndex=0
2024-10-28 08:10:34,666 [41ad025f-af8e-4c4e-9124-a1617073bc42@group-312CCC1152ED->22ff29b6-698b-46d6-babb-0a5352f8b68f-GrpcLogAppender-LogAppenderDaemon] INFO  server.GrpcLogAppender (GrpcLogAppender.java:notifyInstallSnapshot(797)) - 41ad025f-af8e-4c4e-9124-a1617073bc42@group-312CCC1152ED->22ff29b6-698b-46d6-babb-0a5352f8b68f-GrpcLogAppender: send 41ad025f-af8e-4c4e-9124-a1617073bc42->22ff29b6-698b-46d6-babb-0a5352f8b68f#0-t2,notify:(t:1, i:0)
2024-10-28 08:10:34,667 [grpc-default-executor-1] INFO  impl.SnapshotInstallationHandler (SnapshotInstallationHandler.java:installSnapshot(94)) - 22ff29b6-698b-46d6-babb-0a5352f8b68f@group-312CCC1152ED: receive installSnapshot: 41ad025f-af8e-4c4e-9124-a1617073bc42->22ff29b6-698b-46d6-babb-0a5352f8b68f#0-t2,notify:(t:1, i:0)
2024-10-28 08:10:34,667 [grpc-default-executor-1] INFO  impl.SnapshotInstallationHandler (SnapshotInstallationHandler.java:installSnapshotImpl(140)) - 22ff29b6-698b-46d6-babb-0a5352f8b68f@group-312CCC1152ED: set new configuration index: 1
configurationEntry {
  peers {
    id: "41ad025f-af8e-4c4e-9124-a1617073bc42"
    address: "localhost:15078"
    startupRole: FOLLOWER
  }
}
 from snapshot
2024-10-28 08:10:34,668 [grpc-default-executor-1] INFO  server.RaftServer$Division (ServerState.java:setRaftConf(386)) - 22ff29b6-698b-46d6-babb-0a5352f8b68f@group-312CCC1152ED: set configuration conf: {index: 1, cur=peers:[41ad025f-af8e-4c4e-9124-a1617073bc42|localhost:15078]|listeners:[], old=null}
2024-10-28 08:10:34,668 [22ff29b6-698b-46d6-babb-0a5352f8b68f-server-thread1] INFO  server.RaftServer$Division (RaftServerImpl.java:checkInconsistentAppendEntries(1607)) - 22ff29b6-698b-46d6-babb-0a5352f8b68f@group-312CCC1152ED: Failed appendEntries as snapshot (0) installation is in progress
2024-10-28 08:10:34,669 [22ff29b6-698b-46d6-babb-0a5352f8b68f-server-thread1] INFO  server.RaftServer$Division (RaftServerImpl.java:appendEntriesAsync(1562)) - 22ff29b6-698b-46d6-babb-0a5352f8b68f@group-312CCC1152ED: appendEntries* reply 41ad025f-af8e-4c4e-9124-a1617073bc42<-22ff29b6-698b-46d6-babb-0a5352f8b68f#8:FAIL-t2,INCONSISTENCY,nextIndex=0,followerCommit=-1,matchIndex=-1
2024-10-28 08:10:34,669 [grpc-default-executor-3] WARN  server.GrpcLogAppender (GrpcLogAppender.java:onNextImpl(519)) - 41ad025f-af8e-4c4e-9124-a1617073bc42@group-312CCC1152ED->22ff29b6-698b-46d6-babb-0a5352f8b68f-AppendLogResponseHandler: received INCONSISTENCY reply with nextIndex 0, errorCount=1, request=AppendEntriesRequest:cid=8,entriesCount=0
2024-10-28 08:10:34,669 [grpc-default-executor-1] INFO  impl.SnapshotInstallationHandler (SnapshotInstallationHandler.java:installSnapshot(105)) - 22ff29b6-698b-46d6-babb-0a5352f8b68f@group-312CCC1152ED: reply installSnapshot: 41ad025f-af8e-4c4e-9124-a1617073bc42<-22ff29b6-698b-46d6-babb-0a5352f8b68f#0:FAIL-t2,IN_PROGRESS,snapshotIndex=0
2024-10-28 08:10:34,670 [grpc-default-executor-1] INFO  server.GrpcServerProtocolService (GrpcServerProtocolService.java:onCompleted(157)) - 22ff29b6-698b-46d6-babb-0a5352f8b68f: Completed INSTALL_SNAPSHOT, lastRequest: 41ad025f-af8e-4c4e-9124-a1617073bc42->22ff29b6-698b-46d6-babb-0a5352f8b68f#0-t2,notify:(t:1, i:0)
2024-10-28 08:10:34,670 [grpc-default-executor-1] INFO  server.GrpcServerProtocolService (GrpcServerProtocolService.java:lambda$onCompleted$5(159)) - 22ff29b6-698b-46d6-babb-0a5352f8b68f: Completed INSTALL_SNAPSHOT, lastReply: null
2024-10-28 08:10:34,670 [grpc-default-executor-0] INFO  server.GrpcLogAppender (GrpcLogAppender.java:onNext(655)) - 41ad025f-af8e-4c4e-9124-a1617073bc42@group-312CCC1152ED->22ff29b6-698b-46d6-babb-0a5352f8b68f-InstallSnapshotResponseHandler: received a reply 41ad025f-af8e-4c4e-9124-a1617073bc42<-22ff29b6-698b-46d6-babb-0a5352f8b68f#0:FAIL-t2,IN_PROGRESS,snapshotIndex=0
2024-10-28 08:10:34,670 [grpc-default-executor-0] INFO  server.GrpcLogAppender (GrpcLogAppender.java:onNext(671)) - 41ad025f-af8e-4c4e-9124-a1617073bc42@group-312CCC1152ED->22ff29b6-698b-46d6-babb-0a5352f8b68f-InstallSnapshotResponseHandler: InstallSnapshot in progress.
2024-10-28 08:10:34,671 [22ff29b6-698b-46d6-babb-0a5352f8b68f-server-thread1] INFO  server.RaftServer$Division (RaftServerImpl.java:checkInconsistentAppendEntries(1607)) - 22ff29b6-698b-46d6-babb-0a5352f8b68f@group-312CCC1152ED: Failed appendEntries as snapshot (0) installation is in progress
2024-10-28 08:10:34,671 [22ff29b6-698b-46d6-babb-0a5352f8b68f-server-thread1] INFO  server.RaftServer$Division (RaftServerImpl.java:appendEntriesAsync(1562)) - 22ff29b6-698b-46d6-babb-0a5352f8b68f@group-312CCC1152ED: appendEntries* reply 41ad025f-af8e-4c4e-9124-a1617073bc42<-22ff29b6-698b-46d6-babb-0a5352f8b68f#9:FAIL-t2,INCONSISTENCY,nextIndex=0,followerCommit=-1,matchIndex=-1
2024-10-28 08:10:34,671 [41ad025f-af8e-4c4e-9124-a1617073bc42@group-312CCC1152ED->22ff29b6-698b-46d6-babb-0a5352f8b68f-GrpcLogAppender-LogAppenderDaemon] INFO  server.GrpcLogAppender (GrpcLogAppender.java:notifyInstallSnapshot(789)) - 41ad025f-af8e-4c4e-9124-a1617073bc42@group-312CCC1152ED->22ff29b6-698b-46d6-babb-0a5352f8b68f-GrpcLogAppender: notifyInstallSnapshot with firstAvailable=(t:1, i:0), followerNextIndex=0
2024-10-28 08:10:34,672 [41ad025f-af8e-4c4e-9124-a1617073bc42@group-312CCC1152ED->22ff29b6-698b-46d6-babb-0a5352f8b68f-GrpcLogAppender-LogAppenderDaemon] INFO  server.GrpcLogAppender (GrpcLogAppender.java:notifyInstallSnapshot(797)) - 41ad025f-af8e-4c4e-9124-a1617073bc42@group-312CCC1152ED->22ff29b6-698b-46d6-babb-0a5352f8b68f-GrpcLogAppender: send 41ad025f-af8e-4c4e-9124-a1617073bc42->22ff29b6-698b-46d6-babb-0a5352f8b68f#0-t2,notify:(t:1, i:0)
2024-10-28 08:10:34,672 [grpc-default-executor-1] WARN  server.GrpcLogAppender (GrpcLogAppender.java:onNextImpl(519)) - 41ad025f-af8e-4c4e-9124-a1617073bc42@group-312CCC1152ED->22ff29b6-698b-46d6-babb-0a5352f8b68f-AppendLogResponseHandler: received INCONSISTENCY reply with nextIndex 0, errorCount=1, request=AppendEntriesRequest:cid=9,entriesCount=0
2024-10-28 08:10:34,673 [grpc-default-executor-0] INFO  impl.SnapshotInstallationHandler (SnapshotInstallationHandler.java:installSnapshot(94)) - 22ff29b6-698b-46d6-babb-0a5352f8b68f@group-312CCC1152ED: receive installSnapshot: 41ad025f-af8e-4c4e-9124-a1617073bc42->22ff29b6-698b-46d6-babb-0a5352f8b68f#0-t2,notify:(t:1, i:0)
2024-10-28 08:10:34,673 [grpc-default-executor-0] INFO  impl.SnapshotInstallationHandler (SnapshotInstallationHandler.java:installSnapshotImpl(140)) - 22ff29b6-698b-46d6-babb-0a5352f8b68f@group-312CCC1152ED: set new configuration index: 1
configurationEntry {
  peers {
    id: "41ad025f-af8e-4c4e-9124-a1617073bc42"
    address: "localhost:15078"
    startupRole: FOLLOWER
  }
}
 from snapshot
2024-10-28 08:10:34,673 [grpc-default-executor-0] INFO  server.RaftServer$Division (ServerState.java:setRaftConf(386)) - 22ff29b6-698b-46d6-babb-0a5352f8b68f@group-312CCC1152ED: set configuration conf: {index: 1, cur=peers:[41ad025f-af8e-4c4e-9124-a1617073bc42|localhost:15078]|listeners:[], old=null}
2024-10-28 08:10:34,674 [grpc-default-executor-0] INFO  impl.SnapshotInstallationHandler (SnapshotInstallationHandler.java:installSnapshot(105)) - 22ff29b6-698b-46d6-babb-0a5352f8b68f@group-312CCC1152ED: reply installSnapshot: 41ad025f-af8e-4c4e-9124-a1617073bc42<-22ff29b6-698b-46d6-babb-0a5352f8b68f#0:FAIL-t2,IN_PROGRESS,snapshotIndex=0
2024-10-28 08:10:34,674 [grpc-default-executor-0] INFO  server.GrpcServerProtocolService (GrpcServerProtocolService.java:onCompleted(157)) - 22ff29b6-698b-46d6-babb-0a5352f8b68f: Completed INSTALL_SNAPSHOT, lastRequest: 41ad025f-af8e-4c4e-9124-a1617073bc42->22ff29b6-698b-46d6-babb-0a5352f8b68f#0-t2,notify:(t:1, i:0)
2024-10-28 08:10:34,674 [grpc-default-executor-0] INFO  server.GrpcServerProtocolService (GrpcServerProtocolService.java:lambda$onCompleted$5(159)) - 22ff29b6-698b-46d6-babb-0a5352f8b68f: Completed INSTALL_SNAPSHOT, lastReply: null
2024-10-28 08:10:34,675 [grpc-default-executor-1] INFO  server.GrpcLogAppender (GrpcLogAppender.java:onNext(655)) - 41ad025f-af8e-4c4e-9124-a1617073bc42@group-312CCC1152ED->22ff29b6-698b-46d6-babb-0a5352f8b68f-InstallSnapshotResponseHandler: received a reply 41ad025f-af8e-4c4e-9124-a1617073bc42<-22ff29b6-698b-46d6-babb-0a5352f8b68f#0:FAIL-t2,IN_PROGRESS,snapshotIndex=0
2024-10-28 08:10:34,675 [grpc-default-executor-1] INFO  server.GrpcLogAppender (GrpcLogAppender.java:onNext(671)) - 41ad025f-af8e-4c4e-9124-a1617073bc42@group-312CCC1152ED->22ff29b6-698b-46d6-babb-0a5352f8b68f-InstallSnapshotResponseHandler: InstallSnapshot in progress.
2024-10-28 08:10:34,675 [41ad025f-af8e-4c4e-9124-a1617073bc42@group-312CCC1152ED->22ff29b6-698b-46d6-babb-0a5352f8b68f-GrpcLogAppender-LogAppenderDaemon] INFO  server.GrpcLogAppender (GrpcLogAppender.java:notifyInstallSnapshot(789)) - 41ad025f-af8e-4c4e-9124-a1617073bc42@group-312CCC1152ED->22ff29b6-698b-46d6-babb-0a5352f8b68f-GrpcLogAppender: notifyInstallSnapshot with firstAvailable=(t:1, i:0), followerNextIndex=0
2024-10-28 08:10:34,675 [41ad025f-af8e-4c4e-9124-a1617073bc42@group-312CCC1152ED->22ff29b6-698b-46d6-babb-0a5352f8b68f-GrpcLogAppender-LogAppenderDaemon] INFO  server.GrpcLogAppender (GrpcLogAppender.java:notifyInstallSnapshot(797)) - 41ad025f-af8e-4c4e-9124-a1617073bc42@group-312CCC1152ED->22ff29b6-698b-46d6-babb-0a5352f8b68f-GrpcLogAppender: send 41ad025f-af8e-4c4e-9124-a1617073bc42->22ff29b6-698b-46d6-babb-0a5352f8b68f#0-t2,notify:(t:1, i:0)
2024-10-28 08:10:34,675 [22ff29b6-698b-46d6-babb-0a5352f8b68f-server-thread1] INFO  server.RaftServer$Division (RaftServerImpl.java:checkInconsistentAppendEntries(1607)) - 22ff29b6-698b-46d6-babb-0a5352f8b68f@group-312CCC1152ED: Failed appendEntries as snapshot (0) installation is in progress
2024-10-28 08:10:34,675 [22ff29b6-698b-46d6-babb-0a5352f8b68f-server-thread1] INFO  server.RaftServer$Division (RaftServerImpl.java:appendEntriesAsync(1562)) - 22ff29b6-698b-46d6-babb-0a5352f8b68f@group-312CCC1152ED: appendEntries* reply 41ad025f-af8e-4c4e-9124-a1617073bc42<-22ff29b6-698b-46d6-babb-0a5352f8b68f#10:FAIL-t2,INCONSISTENCY,nextIndex=0,followerCommit=-1,matchIndex=-1
2024-10-28 08:10:34,676 [grpc-default-executor-0] WARN  server.GrpcLogAppender (GrpcLogAppender.java:onNextImpl(519)) - 41ad025f-af8e-4c4e-9124-a1617073bc42@group-312CCC1152ED->22ff29b6-698b-46d6-babb-0a5352f8b68f-AppendLogResponseHandler: received INCONSISTENCY reply with nextIndex 0, errorCount=1, request=AppendEntriesRequest:cid=10,entriesCount=0
2024-10-28 08:10:34,676 [grpc-default-executor-3] INFO  impl.SnapshotInstallationHandler (SnapshotInstallationHandler.java:installSnapshot(94)) - 22ff29b6-698b-46d6-babb-0a5352f8b68f@group-312CCC1152ED: receive installSnapshot: 41ad025f-af8e-4c4e-9124-a1617073bc42->22ff29b6-698b-46d6-babb-0a5352f8b68f#0-t2,notify:(t:1, i:0)
2024-10-28 08:10:34,676 [grpc-default-executor-3] INFO  impl.SnapshotInstallationHandler (SnapshotInstallationHandler.java:installSnapshotImpl(140)) - 22ff29b6-698b-46d6-babb-0a5352f8b68f@group-312CCC1152ED: set new configuration index: 1
configurationEntry {
  peers {
    id: "41ad025f-af8e-4c4e-9124-a1617073bc42"
    address: "localhost:15078"
    startupRole: FOLLOWER
  }
}
 from snapshot
2024-10-28 08:10:34,676 [grpc-default-executor-3] INFO  server.RaftServer$Division (ServerState.java:setRaftConf(386)) - 22ff29b6-698b-46d6-babb-0a5352f8b68f@group-312CCC1152ED: set configuration conf: {index: 1, cur=peers:[41ad025f-af8e-4c4e-9124-a1617073bc42|localhost:15078]|listeners:[], old=null}
2024-10-28 08:10:34,677 [grpc-default-executor-3] INFO  impl.SnapshotInstallationHandler (SnapshotInstallationHandler.java:installSnapshot(105)) - 22ff29b6-698b-46d6-babb-0a5352f8b68f@group-312CCC1152ED: reply installSnapshot: 41ad025f-af8e-4c4e-9124-a1617073bc42<-22ff29b6-698b-46d6-babb-0a5352f8b68f#0:FAIL-t2,IN_PROGRESS,snapshotIndex=0
2024-10-28 08:10:34,677 [grpc-default-executor-3] INFO  server.GrpcServerProtocolService (GrpcServerProtocolService.java:onCompleted(157)) - 22ff29b6-698b-46d6-babb-0a5352f8b68f: Completed INSTALL_SNAPSHOT, lastRequest: 41ad025f-af8e-4c4e-9124-a1617073bc42->22ff29b6-698b-46d6-babb-0a5352f8b68f#0-t2,notify:(t:1, i:0)
2024-10-28 08:10:34,677 [grpc-default-executor-3] INFO  server.GrpcServerProtocolService (GrpcServerProtocolService.java:lambda$onCompleted$5(159)) - 22ff29b6-698b-46d6-babb-0a5352f8b68f: Completed INSTALL_SNAPSHOT, lastReply: null
2024-10-28 08:10:34,678 [grpc-default-executor-3] INFO  server.GrpcLogAppender (GrpcLogAppender.java:onNext(655)) - 41ad025f-af8e-4c4e-9124-a1617073bc42@group-312CCC1152ED->22ff29b6-698b-46d6-babb-0a5352f8b68f-InstallSnapshotResponseHandler: received a reply 41ad025f-af8e-4c4e-9124-a1617073bc42<-22ff29b6-698b-46d6-babb-0a5352f8b68f#0:FAIL-t2,IN_PROGRESS,snapshotIndex=0
2024-10-28 08:10:34,678 [grpc-default-executor-3] INFO  server.GrpcLogAppender (GrpcLogAppender.java:onNext(671)) - 41ad025f-af8e-4c4e-9124-a1617073bc42@group-312CCC1152ED->22ff29b6-698b-46d6-babb-0a5352f8b68f-InstallSnapshotResponseHandler: InstallSnapshot in progress.
2024-10-28 08:10:34,678 [22ff29b6-698b-46d6-babb-0a5352f8b68f-server-thread1] INFO  server.RaftServer$Division (RaftServerImpl.java:checkInconsistentAppendEntries(1607)) - 22ff29b6-698b-46d6-babb-0a5352f8b68f@group-312CCC1152ED: Failed appendEntries as snapshot (0) installation is in progress
2024-10-28 08:10:34,678 [22ff29b6-698b-46d6-babb-0a5352f8b68f-server-thread1] INFO  server.RaftServer$Division (RaftServerImpl.java:appendEntriesAsync(1562)) - 22ff29b6-698b-46d6-babb-0a5352f8b68f@group-312CCC1152ED: appendEntries* reply 41ad025f-af8e-4c4e-9124-a1617073bc42<-22ff29b6-698b-46d6-babb-0a5352f8b68f#11:FAIL-t2,INCONSISTENCY,nextIndex=0,followerCommit=-1,matchIndex=-1
2024-10-28 08:10:34,679 [grpc-default-executor-3] WARN  server.GrpcLogAppender (GrpcLogAppender.java:onNextImpl(519)) - 41ad025f-af8e-4c4e-9124-a1617073bc42@group-312CCC1152ED->22ff29b6-698b-46d6-babb-0a5352f8b68f-AppendLogResponseHandler: received INCONSISTENCY reply with nextIndex 0, errorCount=1, request=AppendEntriesRequest:cid=11,entriesCount=0
2024-10-28 08:10:34,679 [41ad025f-af8e-4c4e-9124-a1617073bc42@group-312CCC1152ED->22ff29b6-698b-46d6-babb-0a5352f8b68f-GrpcLogAppender-LogAppenderDaemon] INFO  server.GrpcLogAppender (GrpcLogAppender.java:notifyInstallSnapshot(789)) - 41ad025f-af8e-4c4e-9124-a1617073bc42@group-312CCC1152ED->22ff29b6-698b-46d6-babb-0a5352f8b68f-GrpcLogAppender: notifyInstallSnapshot with firstAvailable=(t:1, i:0), followerNextIndex=0
2024-10-28 08:10:34,679 [41ad025f-af8e-4c4e-9124-a1617073bc42@group-312CCC1152ED->22ff29b6-698b-46d6-babb-0a5352f8b68f-GrpcLogAppender-LogAppenderDaemon] INFO  server.GrpcLogAppender (GrpcLogAppender.java:notifyInstallSnapshot(797)) - 41ad025f-af8e-4c4e-9124-a1617073bc42@group-312CCC1152ED->22ff29b6-698b-46d6-babb-0a5352f8b68f-GrpcLogAppender: send 41ad025f-af8e-4c4e-9124-a1617073bc42->22ff29b6-698b-46d6-babb-0a5352f8b68f#0-t2,notify:(t:1, i:0)
2024-10-28 08:10:34,680 [grpc-default-executor-3] INFO  impl.SnapshotInstallationHandler (SnapshotInstallationHandler.java:installSnapshot(94)) - 22ff29b6-698b-46d6-babb-0a5352f8b68f@group-312CCC1152ED: receive installSnapshot: 41ad025f-af8e-4c4e-9124-a1617073bc42->22ff29b6-698b-46d6-babb-0a5352f8b68f#0-t2,notify:(t:1, i:0)
2024-10-28 08:10:34,680 [grpc-default-executor-3] INFO  impl.SnapshotInstallationHandler (SnapshotInstallationHandler.java:installSnapshotImpl(140)) - 22ff29b6-698b-46d6-babb-0a5352f8b68f@group-312CCC1152ED: set new configuration index: 1
configurationEntry {
  peers {
    id: "41ad025f-af8e-4c4e-9124-a1617073bc42"
    address: "localhost:15078"
    startupRole: FOLLOWER
  }
}
 from snapshot
2024-10-28 08:10:34,680 [grpc-default-executor-3] INFO  server.RaftServer$Division (ServerState.java:setRaftConf(386)) - 22ff29b6-698b-46d6-babb-0a5352f8b68f@group-312CCC1152ED: set configuration conf: {index: 1, cur=peers:[41ad025f-af8e-4c4e-9124-a1617073bc42|localhost:15078]|listeners:[], old=null}
2024-10-28 08:10:34,681 [grpc-default-executor-3] INFO  impl.SnapshotInstallationHandler (SnapshotInstallationHandler.java:installSnapshot(105)) - 22ff29b6-698b-46d6-babb-0a5352f8b68f@group-312CCC1152ED: reply installSnapshot: 41ad025f-af8e-4c4e-9124-a1617073bc42<-22ff29b6-698b-46d6-babb-0a5352f8b68f#0:FAIL-t2,IN_PROGRESS,snapshotIndex=0
2024-10-28 08:10:34,681 [grpc-default-executor-3] INFO  server.GrpcServerProtocolService (GrpcServerProtocolService.java:onCompleted(157)) - 22ff29b6-698b-46d6-babb-0a5352f8b68f: Completed INSTALL_SNAPSHOT, lastRequest: 41ad025f-af8e-4c4e-9124-a1617073bc42->22ff29b6-698b-46d6-babb-0a5352f8b68f#0-t2,notify:(t:1, i:0)
2024-10-28 08:10:34,681 [grpc-default-executor-3] INFO  server.GrpcServerProtocolService (GrpcServerProtocolService.java:lambda$onCompleted$5(159)) - 22ff29b6-698b-46d6-babb-0a5352f8b68f: Completed INSTALL_SNAPSHOT, lastReply: null
2024-10-28 08:10:34,682 [grpc-default-executor-0] INFO  server.GrpcLogAppender (GrpcLogAppender.java:onNext(655)) - 41ad025f-af8e-4c4e-9124-a1617073bc42@group-312CCC1152ED->22ff29b6-698b-46d6-babb-0a5352f8b68f-InstallSnapshotResponseHandler: received a reply 41ad025f-af8e-4c4e-9124-a1617073bc42<-22ff29b6-698b-46d6-babb-0a5352f8b68f#0:FAIL-t2,IN_PROGRESS,snapshotIndex=0
2024-10-28 08:10:34,682 [grpc-default-executor-0] INFO  server.GrpcLogAppender (GrpcLogAppender.java:onNext(671)) - 41ad025f-af8e-4c4e-9124-a1617073bc42@group-312CCC1152ED->22ff29b6-698b-46d6-babb-0a5352f8b68f-InstallSnapshotResponseHandler: InstallSnapshot in progress.
2024-10-28 08:10:34,682 [41ad025f-af8e-4c4e-9124-a1617073bc42@group-312CCC1152ED->22ff29b6-698b-46d6-babb-0a5352f8b68f-GrpcLogAppender-LogAppenderDaemon] INFO  server.GrpcLogAppender (GrpcLogAppender.java:notifyInstallSnapshot(789)) - 41ad025f-af8e-4c4e-9124-a1617073bc42@group-312CCC1152ED->22ff29b6-698b-46d6-babb-0a5352f8b68f-GrpcLogAppender: notifyInstallSnapshot with firstAvailable=(t:1, i:0), followerNextIndex=0
2024-10-28 08:10:34,682 [41ad025f-af8e-4c4e-9124-a1617073bc42@group-312CCC1152ED->22ff29b6-698b-46d6-babb-0a5352f8b68f-GrpcLogAppender-LogAppenderDaemon] INFO  server.GrpcLogAppender (GrpcLogAppender.java:notifyInstallSnapshot(797)) - 41ad025f-af8e-4c4e-9124-a1617073bc42@group-312CCC1152ED->22ff29b6-698b-46d6-babb-0a5352f8b68f-GrpcLogAppender: send 41ad025f-af8e-4c4e-9124-a1617073bc42->22ff29b6-698b-46d6-babb-0a5352f8b68f#0-t2,notify:(t:1, i:0)
2024-10-28 08:10:34,683 [22ff29b6-698b-46d6-babb-0a5352f8b68f-server-thread1] INFO  server.RaftServer$Division (RaftServerImpl.java:checkInconsistentAppendEntries(1607)) - 22ff29b6-698b-46d6-babb-0a5352f8b68f@group-312CCC1152ED: Failed appendEntries as snapshot (0) installation is in progress
2024-10-28 08:10:34,683 [22ff29b6-698b-46d6-babb-0a5352f8b68f-server-thread1] INFO  server.RaftServer$Division (RaftServerImpl.java:appendEntriesAsync(1562)) - 22ff29b6-698b-46d6-babb-0a5352f8b68f@group-312CCC1152ED: appendEntries* reply 41ad025f-af8e-4c4e-9124-a1617073bc42<-22ff29b6-698b-46d6-babb-0a5352f8b68f#12:FAIL-t2,INCONSISTENCY,nextIndex=0,followerCommit=-1,matchIndex=-1
2024-10-28 08:10:34,684 [grpc-default-executor-0] INFO  impl.SnapshotInstallationHandler (SnapshotInstallationHandler.java:installSnapshot(94)) - 22ff29b6-698b-46d6-babb-0a5352f8b68f@group-312CCC1152ED: receive installSnapshot: 41ad025f-af8e-4c4e-9124-a1617073bc42->22ff29b6-698b-46d6-babb-0a5352f8b68f#0-t2,notify:(t:1, i:0)
2024-10-28 08:10:34,684 [grpc-default-executor-0] INFO  impl.SnapshotInstallationHandler (SnapshotInstallationHandler.java:installSnapshotImpl(140)) - 22ff29b6-698b-46d6-babb-0a5352f8b68f@group-312CCC1152ED: set new configuration index: 1
configurationEntry {
  peers {
    id: "41ad025f-af8e-4c4e-9124-a1617073bc42"
    address: "localhost:15078"
    startupRole: FOLLOWER
  }
}
 from snapshot
2024-10-28 08:10:34,684 [grpc-default-executor-0] INFO  server.RaftServer$Division (ServerState.java:setRaftConf(386)) - 22ff29b6-698b-46d6-babb-0a5352f8b68f@group-312CCC1152ED: set configuration conf: {index: 1, cur=peers:[41ad025f-af8e-4c4e-9124-a1617073bc42|localhost:15078]|listeners:[], old=null}
2024-10-28 08:10:34,685 [grpc-default-executor-3] WARN  server.GrpcLogAppender (GrpcLogAppender.java:onNextImpl(519)) - 41ad025f-af8e-4c4e-9124-a1617073bc42@group-312CCC1152ED->22ff29b6-698b-46d6-babb-0a5352f8b68f-AppendLogResponseHandler: received INCONSISTENCY reply with nextIndex 0, errorCount=1, request=AppendEntriesRequest:cid=12,entriesCount=0
2024-10-28 08:10:34,685 [grpc-default-executor-0] INFO  impl.SnapshotInstallationHandler (SnapshotInstallationHandler.java:installSnapshot(105)) - 22ff29b6-698b-46d6-babb-0a5352f8b68f@group-312CCC1152ED: reply installSnapshot: 41ad025f-af8e-4c4e-9124-a1617073bc42<-22ff29b6-698b-46d6-babb-0a5352f8b68f#0:FAIL-t2,IN_PROGRESS,snapshotIndex=0
2024-10-28 08:10:34,685 [grpc-default-executor-0] INFO  server.GrpcServerProtocolService (GrpcServerProtocolService.java:onCompleted(157)) - 22ff29b6-698b-46d6-babb-0a5352f8b68f: Completed INSTALL_SNAPSHOT, lastRequest: 41ad025f-af8e-4c4e-9124-a1617073bc42->22ff29b6-698b-46d6-babb-0a5352f8b68f#0-t2,notify:(t:1, i:0)
2024-10-28 08:10:34,685 [grpc-default-executor-0] INFO  server.GrpcServerProtocolService (GrpcServerProtocolService.java:lambda$onCompleted$5(159)) - 22ff29b6-698b-46d6-babb-0a5352f8b68f: Completed INSTALL_SNAPSHOT, lastReply: null
2024-10-28 08:10:34,686 [grpc-default-executor-3] INFO  server.GrpcLogAppender (GrpcLogAppender.java:onNext(655)) - 41ad025f-af8e-4c4e-9124-a1617073bc42@group-312CCC1152ED->22ff29b6-698b-46d6-babb-0a5352f8b68f-InstallSnapshotResponseHandler: received a reply 41ad025f-af8e-4c4e-9124-a1617073bc42<-22ff29b6-698b-46d6-babb-0a5352f8b68f#0:FAIL-t2,IN_PROGRESS,snapshotIndex=0
2024-10-28 08:10:34,686 [grpc-default-executor-3] INFO  server.GrpcLogAppender (GrpcLogAppender.java:onNext(671)) - 41ad025f-af8e-4c4e-9124-a1617073bc42@group-312CCC1152ED->22ff29b6-698b-46d6-babb-0a5352f8b68f-InstallSnapshotResponseHandler: InstallSnapshot in progress.
2024-10-28 08:10:34,686 [22ff29b6-698b-46d6-babb-0a5352f8b68f-server-thread1] INFO  server.RaftServer$Division (RaftServerImpl.java:checkInconsistentAppendEntries(1607)) - 22ff29b6-698b-46d6-babb-0a5352f8b68f@group-312CCC1152ED: Failed appendEntries as snapshot (0) installation is in progress
2024-10-28 08:10:34,687 [22ff29b6-698b-46d6-babb-0a5352f8b68f-server-thread1] INFO  server.RaftServer$Division (RaftServerImpl.java:appendEntriesAsync(1562)) - 22ff29b6-698b-46d6-babb-0a5352f8b68f@group-312CCC1152ED: appendEntries* reply 41ad025f-af8e-4c4e-9124-a1617073bc42<-22ff29b6-698b-46d6-babb-0a5352f8b68f#13:FAIL-t2,INCONSISTENCY,nextIndex=0,followerCommit=-1,matchIndex=-1
2024-10-28 08:10:34,687 [grpc-default-executor-3] WARN  server.GrpcLogAppender (GrpcLogAppender.java:onNextImpl(519)) - 41ad025f-af8e-4c4e-9124-a1617073bc42@group-312CCC1152ED->22ff29b6-698b-46d6-babb-0a5352f8b68f-AppendLogResponseHandler: received INCONSISTENCY reply with nextIndex 0, errorCount=1, request=AppendEntriesRequest:cid=13,entriesCount=0
2024-10-28 08:10:34,687 [41ad025f-af8e-4c4e-9124-a1617073bc42@group-312CCC1152ED->22ff29b6-698b-46d6-babb-0a5352f8b68f-GrpcLogAppender-LogAppenderDaemon] INFO  server.GrpcLogAppender (GrpcLogAppender.java:notifyInstallSnapshot(789)) - 41ad025f-af8e-4c4e-9124-a1617073bc42@group-312CCC1152ED->22ff29b6-698b-46d6-babb-0a5352f8b68f-GrpcLogAppender: notifyInstallSnapshot with firstAvailable=(t:1, i:0), followerNextIndex=0
2024-10-28 08:10:34,687 [41ad025f-af8e-4c4e-9124-a1617073bc42@group-312CCC1152ED->22ff29b6-698b-46d6-babb-0a5352f8b68f-GrpcLogAppender-LogAppenderDaemon] INFO  server.GrpcLogAppender (GrpcLogAppender.java:notifyInstallSnapshot(797)) - 41ad025f-af8e-4c4e-9124-a1617073bc42@group-312CCC1152ED->22ff29b6-698b-46d6-babb-0a5352f8b68f-GrpcLogAppender: send 41ad025f-af8e-4c4e-9124-a1617073bc42->22ff29b6-698b-46d6-babb-0a5352f8b68f#0-t2,notify:(t:1, i:0)
2024-10-28 08:10:34,688 [grpc-default-executor-1] INFO  impl.SnapshotInstallationHandler (SnapshotInstallationHandler.java:installSnapshot(94)) - 22ff29b6-698b-46d6-babb-0a5352f8b68f@group-312CCC1152ED: receive installSnapshot: 41ad025f-af8e-4c4e-9124-a1617073bc42->22ff29b6-698b-46d6-babb-0a5352f8b68f#0-t2,notify:(t:1, i:0)
2024-10-28 08:10:34,688 [grpc-default-executor-1] INFO  impl.SnapshotInstallationHandler (SnapshotInstallationHandler.java:installSnapshotImpl(140)) - 22ff29b6-698b-46d6-babb-0a5352f8b68f@group-312CCC1152ED: set new configuration index: 1
configurationEntry {
  peers {
    id: "41ad025f-af8e-4c4e-9124-a1617073bc42"
    address: "localhost:15078"
    startupRole: FOLLOWER
  }
}
 from snapshot
2024-10-28 08:10:34,689 [grpc-default-executor-1] INFO  server.RaftServer$Division (ServerState.java:setRaftConf(386)) - 22ff29b6-698b-46d6-babb-0a5352f8b68f@group-312CCC1152ED: set configuration conf: {index: 1, cur=peers:[41ad025f-af8e-4c4e-9124-a1617073bc42|localhost:15078]|listeners:[], old=null}
2024-10-28 08:10:34,689 [grpc-default-executor-1] INFO  impl.SnapshotInstallationHandler (SnapshotInstallationHandler.java:installSnapshot(105)) - 22ff29b6-698b-46d6-babb-0a5352f8b68f@group-312CCC1152ED: reply installSnapshot: 41ad025f-af8e-4c4e-9124-a1617073bc42<-22ff29b6-698b-46d6-babb-0a5352f8b68f#0:FAIL-t2,IN_PROGRESS,snapshotIndex=0
2024-10-28 08:10:34,689 [grpc-default-executor-1] INFO  server.GrpcServerProtocolService (GrpcServerProtocolService.java:onCompleted(157)) - 22ff29b6-698b-46d6-babb-0a5352f8b68f: Completed INSTALL_SNAPSHOT, lastRequest: 41ad025f-af8e-4c4e-9124-a1617073bc42->22ff29b6-698b-46d6-babb-0a5352f8b68f#0-t2,notify:(t:1, i:0)
2024-10-28 08:10:34,689 [grpc-default-executor-1] INFO  server.GrpcServerProtocolService (GrpcServerProtocolService.java:lambda$onCompleted$5(159)) - 22ff29b6-698b-46d6-babb-0a5352f8b68f: Completed INSTALL_SNAPSHOT, lastReply: null
2024-10-28 08:10:34,690 [grpc-default-executor-3] INFO  server.GrpcLogAppender (GrpcLogAppender.java:onNext(655)) - 41ad025f-af8e-4c4e-9124-a1617073bc42@group-312CCC1152ED->22ff29b6-698b-46d6-babb-0a5352f8b68f-InstallSnapshotResponseHandler: received a reply 41ad025f-af8e-4c4e-9124-a1617073bc42<-22ff29b6-698b-46d6-babb-0a5352f8b68f#0:FAIL-t2,IN_PROGRESS,snapshotIndex=0
2024-10-28 08:10:34,690 [grpc-default-executor-3] INFO  server.GrpcLogAppender (GrpcLogAppender.java:onNext(671)) - 41ad025f-af8e-4c4e-9124-a1617073bc42@group-312CCC1152ED->22ff29b6-698b-46d6-babb-0a5352f8b68f-InstallSnapshotResponseHandler: InstallSnapshot in progress.
2024-10-28 08:10:34,690 [41ad025f-af8e-4c4e-9124-a1617073bc42@group-312CCC1152ED->22ff29b6-698b-46d6-babb-0a5352f8b68f-GrpcLogAppender-LogAppenderDaemon] INFO  server.GrpcLogAppender (GrpcLogAppender.java:notifyInstallSnapshot(789)) - 41ad025f-af8e-4c4e-9124-a1617073bc42@group-312CCC1152ED->22ff29b6-698b-46d6-babb-0a5352f8b68f-GrpcLogAppender: notifyInstallSnapshot with firstAvailable=(t:1, i:0), followerNextIndex=0
2024-10-28 08:10:34,690 [41ad025f-af8e-4c4e-9124-a1617073bc42@group-312CCC1152ED->22ff29b6-698b-46d6-babb-0a5352f8b68f-GrpcLogAppender-LogAppenderDaemon] INFO  server.GrpcLogAppender (GrpcLogAppender.java:notifyInstallSnapshot(797)) - 41ad025f-af8e-4c4e-9124-a1617073bc42@group-312CCC1152ED->22ff29b6-698b-46d6-babb-0a5352f8b68f-GrpcLogAppender: send 41ad025f-af8e-4c4e-9124-a1617073bc42->22ff29b6-698b-46d6-babb-0a5352f8b68f#0-t2,notify:(t:1, i:0)
2024-10-28 08:10:34,691 [22ff29b6-698b-46d6-babb-0a5352f8b68f-server-thread1] INFO  server.RaftServer$Division (RaftServerImpl.java:checkInconsistentAppendEntries(1607)) - 22ff29b6-698b-46d6-babb-0a5352f8b68f@group-312CCC1152ED: Failed appendEntries as snapshot (0) installation is in progress
2024-10-28 08:10:34,691 [22ff29b6-698b-46d6-babb-0a5352f8b68f-server-thread1] INFO  server.RaftServer$Division (RaftServerImpl.java:appendEntriesAsync(1562)) - 22ff29b6-698b-46d6-babb-0a5352f8b68f@group-312CCC1152ED: appendEntries* reply 41ad025f-af8e-4c4e-9124-a1617073bc42<-22ff29b6-698b-46d6-babb-0a5352f8b68f#14:FAIL-t2,INCONSISTENCY,nextIndex=0,followerCommit=-1,matchIndex=-1
2024-10-28 08:10:34,691 [grpc-default-executor-1] INFO  impl.SnapshotInstallationHandler (SnapshotInstallationHandler.java:installSnapshot(94)) - 22ff29b6-698b-46d6-babb-0a5352f8b68f@group-312CCC1152ED: receive installSnapshot: 41ad025f-af8e-4c4e-9124-a1617073bc42->22ff29b6-698b-46d6-babb-0a5352f8b68f#0-t2,notify:(t:1, i:0)
2024-10-28 08:10:34,691 [grpc-default-executor-1] INFO  impl.SnapshotInstallationHandler (SnapshotInstallationHandler.java:installSnapshotImpl(140)) - 22ff29b6-698b-46d6-babb-0a5352f8b68f@group-312CCC1152ED: set new configuration index: 1
configurationEntry {
  peers {
    id: "41ad025f-af8e-4c4e-9124-a1617073bc42"
    address: "localhost:15078"
    startupRole: FOLLOWER
  }
}
 from snapshot
2024-10-28 08:10:34,691 [grpc-default-executor-1] INFO  server.RaftServer$Division (ServerState.java:setRaftConf(386)) - 22ff29b6-698b-46d6-babb-0a5352f8b68f@group-312CCC1152ED: set configuration conf: {index: 1, cur=peers:[41ad025f-af8e-4c4e-9124-a1617073bc42|localhost:15078]|listeners:[], old=null}
2024-10-28 08:10:34,692 [grpc-default-executor-3] WARN  server.GrpcLogAppender (GrpcLogAppender.java:onNextImpl(519)) - 41ad025f-af8e-4c4e-9124-a1617073bc42@group-312CCC1152ED->22ff29b6-698b-46d6-babb-0a5352f8b68f-AppendLogResponseHandler: received INCONSISTENCY reply with nextIndex 0, errorCount=1, request=AppendEntriesRequest:cid=14,entriesCount=0
2024-10-28 08:10:34,692 [grpc-default-executor-1] INFO  impl.SnapshotInstallationHandler (SnapshotInstallationHandler.java:installSnapshot(105)) - 22ff29b6-698b-46d6-babb-0a5352f8b68f@group-312CCC1152ED: reply installSnapshot: 41ad025f-af8e-4c4e-9124-a1617073bc42<-22ff29b6-698b-46d6-babb-0a5352f8b68f#0:FAIL-t2,IN_PROGRESS,snapshotIndex=0
2024-10-28 08:10:34,693 [grpc-default-executor-1] INFO  server.GrpcServerProtocolService (GrpcServerProtocolService.java:onCompleted(157)) - 22ff29b6-698b-46d6-babb-0a5352f8b68f: Completed INSTALL_SNAPSHOT, lastRequest: 41ad025f-af8e-4c4e-9124-a1617073bc42->22ff29b6-698b-46d6-babb-0a5352f8b68f#0-t2,notify:(t:1, i:0)
2024-10-28 08:10:34,693 [grpc-default-executor-1] INFO  server.GrpcServerProtocolService (GrpcServerProtocolService.java:lambda$onCompleted$5(159)) - 22ff29b6-698b-46d6-babb-0a5352f8b68f: Completed INSTALL_SNAPSHOT, lastReply: null
2024-10-28 08:10:34,693 [grpc-default-executor-0] INFO  server.GrpcLogAppender (GrpcLogAppender.java:onNext(655)) - 41ad025f-af8e-4c4e-9124-a1617073bc42@group-312CCC1152ED->22ff29b6-698b-46d6-babb-0a5352f8b68f-InstallSnapshotResponseHandler: received a reply 41ad025f-af8e-4c4e-9124-a1617073bc42<-22ff29b6-698b-46d6-babb-0a5352f8b68f#0:FAIL-t2,IN_PROGRESS,snapshotIndex=0
2024-10-28 08:10:34,693 [grpc-default-executor-0] INFO  server.GrpcLogAppender (GrpcLogAppender.java:onNext(671)) - 41ad025f-af8e-4c4e-9124-a1617073bc42@group-312CCC1152ED->22ff29b6-698b-46d6-babb-0a5352f8b68f-InstallSnapshotResponseHandler: InstallSnapshot in progress.
2024-10-28 08:10:34,694 [22ff29b6-698b-46d6-babb-0a5352f8b68f-server-thread1] INFO  server.RaftServer$Division (RaftServerImpl.java:checkInconsistentAppendEntries(1607)) - 22ff29b6-698b-46d6-babb-0a5352f8b68f@group-312CCC1152ED: Failed appendEntries as snapshot (0) installation is in progress
2024-10-28 08:10:34,694 [22ff29b6-698b-46d6-babb-0a5352f8b68f-server-thread1] INFO  server.RaftServer$Division (RaftServerImpl.java:appendEntriesAsync(1562)) - 22ff29b6-698b-46d6-babb-0a5352f8b68f@group-312CCC1152ED: appendEntries* reply 41ad025f-af8e-4c4e-9124-a1617073bc42<-22ff29b6-698b-46d6-babb-0a5352f8b68f#15:FAIL-t2,INCONSISTENCY,nextIndex=0,followerCommit=-1,matchIndex=-1
2024-10-28 08:10:34,694 [grpc-default-executor-0] WARN  server.GrpcLogAppender (GrpcLogAppender.java:onNextImpl(519)) - 41ad025f-af8e-4c4e-9124-a1617073bc42@group-312CCC1152ED->22ff29b6-698b-46d6-babb-0a5352f8b68f-AppendLogResponseHandler: received INCONSISTENCY reply with nextIndex 0, errorCount=1, request=AppendEntriesRequest:cid=15,entriesCount=0
2024-10-28 08:10:34,694 [41ad025f-af8e-4c4e-9124-a1617073bc42@group-312CCC1152ED->22ff29b6-698b-46d6-babb-0a5352f8b68f-GrpcLogAppender-LogAppenderDaemon] INFO  server.GrpcLogAppender (GrpcLogAppender.java:notifyInstallSnapshot(789)) - 41ad025f-af8e-4c4e-9124-a1617073bc42@group-312CCC1152ED->22ff29b6-698b-46d6-babb-0a5352f8b68f-GrpcLogAppender: notifyInstallSnapshot with firstAvailable=(t:1, i:0), followerNextIndex=0
2024-10-28 08:10:34,694 [41ad025f-af8e-4c4e-9124-a1617073bc42@group-312CCC1152ED->22ff29b6-698b-46d6-babb-0a5352f8b68f-GrpcLogAppender-LogAppenderDaemon] INFO  server.GrpcLogAppender (GrpcLogAppender.java:notifyInstallSnapshot(797)) - 41ad025f-af8e-4c4e-9124-a1617073bc42@group-312CCC1152ED->22ff29b6-698b-46d6-babb-0a5352f8b68f-GrpcLogAppender: send 41ad025f-af8e-4c4e-9124-a1617073bc42->22ff29b6-698b-46d6-babb-0a5352f8b68f#0-t2,notify:(t:1, i:0)
2024-10-28 08:10:34,695 [grpc-default-executor-0] INFO  impl.SnapshotInstallationHandler (SnapshotInstallationHandler.java:installSnapshot(94)) - 22ff29b6-698b-46d6-babb-0a5352f8b68f@group-312CCC1152ED: receive installSnapshot: 41ad025f-af8e-4c4e-9124-a1617073bc42->22ff29b6-698b-46d6-babb-0a5352f8b68f#0-t2,notify:(t:1, i:0)
2024-10-28 08:10:34,695 [grpc-default-executor-0] INFO  impl.SnapshotInstallationHandler (SnapshotInstallationHandler.java:installSnapshotImpl(140)) - 22ff29b6-698b-46d6-babb-0a5352f8b68f@group-312CCC1152ED: set new configuration index: 1
configurationEntry {
  peers {
    id: "41ad025f-af8e-4c4e-9124-a1617073bc42"
    address: "localhost:15078"
    startupRole: FOLLOWER
  }
}
 from snapshot
2024-10-28 08:10:34,695 [grpc-default-executor-0] INFO  server.RaftServer$Division (ServerState.java:setRaftConf(386)) - 22ff29b6-698b-46d6-babb-0a5352f8b68f@group-312CCC1152ED: set configuration conf: {index: 1, cur=peers:[41ad025f-af8e-4c4e-9124-a1617073bc42|localhost:15078]|listeners:[], old=null}
2024-10-28 08:10:34,697 [grpc-default-executor-0] INFO  impl.SnapshotInstallationHandler (SnapshotInstallationHandler.java:installSnapshot(105)) - 22ff29b6-698b-46d6-babb-0a5352f8b68f@group-312CCC1152ED: reply installSnapshot: 41ad025f-af8e-4c4e-9124-a1617073bc42<-22ff29b6-698b-46d6-babb-0a5352f8b68f#0:FAIL-t2,IN_PROGRESS,snapshotIndex=0
2024-10-28 08:10:34,697 [grpc-default-executor-0] INFO  server.GrpcServerProtocolService (GrpcServerProtocolService.java:onCompleted(157)) - 22ff29b6-698b-46d6-babb-0a5352f8b68f: Completed INSTALL_SNAPSHOT, lastRequest: 41ad025f-af8e-4c4e-9124-a1617073bc42->22ff29b6-698b-46d6-babb-0a5352f8b68f#0-t2,notify:(t:1, i:0)
2024-10-28 08:10:34,697 [grpc-default-executor-0] INFO  server.GrpcServerProtocolService (GrpcServerProtocolService.java:lambda$onCompleted$5(159)) - 22ff29b6-698b-46d6-babb-0a5352f8b68f: Completed INSTALL_SNAPSHOT, lastReply: null
2024-10-28 08:10:34,698 [grpc-default-executor-1] INFO  server.GrpcLogAppender (GrpcLogAppender.java:onNext(655)) - 41ad025f-af8e-4c4e-9124-a1617073bc42@group-312CCC1152ED->22ff29b6-698b-46d6-babb-0a5352f8b68f-InstallSnapshotResponseHandler: received a reply 41ad025f-af8e-4c4e-9124-a1617073bc42<-22ff29b6-698b-46d6-babb-0a5352f8b68f#0:FAIL-t2,IN_PROGRESS,snapshotIndex=0
2024-10-28 08:10:34,698 [grpc-default-executor-1] INFO  server.GrpcLogAppender (GrpcLogAppender.java:onNext(671)) - 41ad025f-af8e-4c4e-9124-a1617073bc42@group-312CCC1152ED->22ff29b6-698b-46d6-babb-0a5352f8b68f-InstallSnapshotResponseHandler: InstallSnapshot in progress.
2024-10-28 08:10:34,698 [41ad025f-af8e-4c4e-9124-a1617073bc42@group-312CCC1152ED->22ff29b6-698b-46d6-babb-0a5352f8b68f-GrpcLogAppender-LogAppenderDaemon] INFO  server.GrpcLogAppender (GrpcLogAppender.java:notifyInstallSnapshot(789)) - 41ad025f-af8e-4c4e-9124-a1617073bc42@group-312CCC1152ED->22ff29b6-698b-46d6-babb-0a5352f8b68f-GrpcLogAppender: notifyInstallSnapshot with firstAvailable=(t:1, i:0), followerNextIndex=0
2024-10-28 08:10:34,698 [41ad025f-af8e-4c4e-9124-a1617073bc42@group-312CCC1152ED->22ff29b6-698b-46d6-babb-0a5352f8b68f-GrpcLogAppender-LogAppenderDaemon] INFO  server.GrpcLogAppender (GrpcLogAppender.java:notifyInstallSnapshot(797)) - 41ad025f-af8e-4c4e-9124-a1617073bc42@group-312CCC1152ED->22ff29b6-698b-46d6-babb-0a5352f8b68f-GrpcLogAppender: send 41ad025f-af8e-4c4e-9124-a1617073bc42->22ff29b6-698b-46d6-babb-0a5352f8b68f#0-t2,notify:(t:1, i:0)
2024-10-28 08:10:34,699 [22ff29b6-698b-46d6-babb-0a5352f8b68f-server-thread1] INFO  server.RaftServer$Division (RaftServerImpl.java:checkInconsistentAppendEntries(1607)) - 22ff29b6-698b-46d6-babb-0a5352f8b68f@group-312CCC1152ED: Failed appendEntries as snapshot (0) installation is in progress
2024-10-28 08:10:34,699 [22ff29b6-698b-46d6-babb-0a5352f8b68f-server-thread1] INFO  server.RaftServer$Division (RaftServerImpl.java:appendEntriesAsync(1562)) - 22ff29b6-698b-46d6-babb-0a5352f8b68f@group-312CCC1152ED: appendEntries* reply 41ad025f-af8e-4c4e-9124-a1617073bc42<-22ff29b6-698b-46d6-babb-0a5352f8b68f#16:FAIL-t2,INCONSISTENCY,nextIndex=0,followerCommit=-1,matchIndex=-1
2024-10-28 08:10:34,699 [grpc-default-executor-2] INFO  impl.SnapshotInstallationHandler (SnapshotInstallationHandler.java:installSnapshot(94)) - 22ff29b6-698b-46d6-babb-0a5352f8b68f@group-312CCC1152ED: receive installSnapshot: 41ad025f-af8e-4c4e-9124-a1617073bc42->22ff29b6-698b-46d6-babb-0a5352f8b68f#0-t2,notify:(t:1, i:0)
2024-10-28 08:10:34,699 [grpc-default-executor-2] INFO  impl.SnapshotInstallationHandler (SnapshotInstallationHandler.java:installSnapshotImpl(140)) - 22ff29b6-698b-46d6-babb-0a5352f8b68f@group-312CCC1152ED: set new configuration index: 1
configurationEntry {
  peers {
    id: "41ad025f-af8e-4c4e-9124-a1617073bc42"
    address: "localhost:15078"
    startupRole: FOLLOWER
  }
}
 from snapshot
2024-10-28 08:10:34,699 [grpc-default-executor-2] INFO  server.RaftServer$Division (ServerState.java:setRaftConf(386)) - 22ff29b6-698b-46d6-babb-0a5352f8b68f@group-312CCC1152ED: set configuration conf: {index: 1, cur=peers:[41ad025f-af8e-4c4e-9124-a1617073bc42|localhost:15078]|listeners:[], old=null}
2024-10-28 08:10:34,700 [grpc-default-executor-0] WARN  server.GrpcLogAppender (GrpcLogAppender.java:onNextImpl(519)) - 41ad025f-af8e-4c4e-9124-a1617073bc42@group-312CCC1152ED->22ff29b6-698b-46d6-babb-0a5352f8b68f-AppendLogResponseHandler: received INCONSISTENCY reply with nextIndex 0, errorCount=1, request=AppendEntriesRequest:cid=16,entriesCount=0
2024-10-28 08:10:34,700 [grpc-default-executor-2] INFO  impl.SnapshotInstallationHandler (SnapshotInstallationHandler.java:installSnapshot(105)) - 22ff29b6-698b-46d6-babb-0a5352f8b68f@group-312CCC1152ED: reply installSnapshot: 41ad025f-af8e-4c4e-9124-a1617073bc42<-22ff29b6-698b-46d6-babb-0a5352f8b68f#0:FAIL-t2,IN_PROGRESS,snapshotIndex=0
2024-10-28 08:10:34,700 [grpc-default-executor-2] INFO  server.GrpcServerProtocolService (GrpcServerProtocolService.java:onCompleted(157)) - 22ff29b6-698b-46d6-babb-0a5352f8b68f: Completed INSTALL_SNAPSHOT, lastRequest: 41ad025f-af8e-4c4e-9124-a1617073bc42->22ff29b6-698b-46d6-babb-0a5352f8b68f#0-t2,notify:(t:1, i:0)
2024-10-28 08:10:34,701 [grpc-default-executor-2] INFO  server.GrpcServerProtocolService (GrpcServerProtocolService.java:lambda$onCompleted$5(159)) - 22ff29b6-698b-46d6-babb-0a5352f8b68f: Completed INSTALL_SNAPSHOT, lastReply: null
2024-10-28 08:10:34,701 [grpc-default-executor-0] INFO  server.GrpcLogAppender (GrpcLogAppender.java:onNext(655)) - 41ad025f-af8e-4c4e-9124-a1617073bc42@group-312CCC1152ED->22ff29b6-698b-46d6-babb-0a5352f8b68f-InstallSnapshotResponseHandler: received a reply 41ad025f-af8e-4c4e-9124-a1617073bc42<-22ff29b6-698b-46d6-babb-0a5352f8b68f#0:FAIL-t2,IN_PROGRESS,snapshotIndex=0
2024-10-28 08:10:34,701 [grpc-default-executor-0] INFO  server.GrpcLogAppender (GrpcLogAppender.java:onNext(671)) - 41ad025f-af8e-4c4e-9124-a1617073bc42@group-312CCC1152ED->22ff29b6-698b-46d6-babb-0a5352f8b68f-InstallSnapshotResponseHandler: InstallSnapshot in progress.
2024-10-28 08:10:34,701 [22ff29b6-698b-46d6-babb-0a5352f8b68f-server-thread1] INFO  server.RaftServer$Division (RaftServerImpl.java:checkInconsistentAppendEntries(1607)) - 22ff29b6-698b-46d6-babb-0a5352f8b68f@group-312CCC1152ED: Failed appendEntries as snapshot (0) installation is in progress
2024-10-28 08:10:34,701 [22ff29b6-698b-46d6-babb-0a5352f8b68f-server-thread1] INFO  server.RaftServer$Division (RaftServerImpl.java:appendEntriesAsync(1562)) - 22ff29b6-698b-46d6-babb-0a5352f8b68f@group-312CCC1152ED: appendEntries* reply 41ad025f-af8e-4c4e-9124-a1617073bc42<-22ff29b6-698b-46d6-babb-0a5352f8b68f#17:FAIL-t2,INCONSISTENCY,nextIndex=0,followerCommit=-1,matchIndex=-1
2024-10-28 08:10:34,702 [grpc-default-executor-0] WARN  server.GrpcLogAppender (GrpcLogAppender.java:onNextImpl(519)) - 41ad025f-af8e-4c4e-9124-a1617073bc42@group-312CCC1152ED->22ff29b6-698b-46d6-babb-0a5352f8b68f-AppendLogResponseHandler: received INCONSISTENCY reply with nextIndex 0, errorCount=1, request=AppendEntriesRequest:cid=17,entriesCount=0
2024-10-28 08:10:34,702 [41ad025f-af8e-4c4e-9124-a1617073bc42@group-312CCC1152ED->22ff29b6-698b-46d6-babb-0a5352f8b68f-GrpcLogAppender-LogAppenderDaemon] INFO  server.GrpcLogAppender (GrpcLogAppender.java:notifyInstallSnapshot(789)) - 41ad025f-af8e-4c4e-9124-a1617073bc42@group-312CCC1152ED->22ff29b6-698b-46d6-babb-0a5352f8b68f-GrpcLogAppender: notifyInstallSnapshot with firstAvailable=(t:1, i:0), followerNextIndex=0
2024-10-28 08:10:34,702 [41ad025f-af8e-4c4e-9124-a1617073bc42@group-312CCC1152ED->22ff29b6-698b-46d6-babb-0a5352f8b68f-GrpcLogAppender-LogAppenderDaemon] INFO  server.GrpcLogAppender (GrpcLogAppender.java:notifyInstallSnapshot(797)) - 41ad025f-af8e-4c4e-9124-a1617073bc42@group-312CCC1152ED->22ff29b6-698b-46d6-babb-0a5352f8b68f-GrpcLogAppender: send 41ad025f-af8e-4c4e-9124-a1617073bc42->22ff29b6-698b-46d6-babb-0a5352f8b68f#0-t2,notify:(t:1, i:0)
2024-10-28 08:10:34,703 [grpc-default-executor-0] INFO  impl.SnapshotInstallationHandler (SnapshotInstallationHandler.java:installSnapshot(94)) - 22ff29b6-698b-46d6-babb-0a5352f8b68f@group-312CCC1152ED: receive installSnapshot: 41ad025f-af8e-4c4e-9124-a1617073bc42->22ff29b6-698b-46d6-babb-0a5352f8b68f#0-t2,notify:(t:1, i:0)
2024-10-28 08:10:34,703 [grpc-default-executor-0] INFO  impl.SnapshotInstallationHandler (SnapshotInstallationHandler.java:installSnapshotImpl(140)) - 22ff29b6-698b-46d6-babb-0a5352f8b68f@group-312CCC1152ED: set new configuration index: 1
configurationEntry {
  peers {
    id: "41ad025f-af8e-4c4e-9124-a1617073bc42"
    address: "localhost:15078"
    startupRole: FOLLOWER
  }
}
 from snapshot
2024-10-28 08:10:34,703 [grpc-default-executor-0] INFO  server.RaftServer$Division (ServerState.java:setRaftConf(386)) - 22ff29b6-698b-46d6-babb-0a5352f8b68f@group-312CCC1152ED: set configuration conf: {index: 1, cur=peers:[41ad025f-af8e-4c4e-9124-a1617073bc42|localhost:15078]|listeners:[], old=null}
2024-10-28 08:10:34,704 [grpc-default-executor-0] INFO  impl.SnapshotInstallationHandler (SnapshotInstallationHandler.java:installSnapshot(105)) - 22ff29b6-698b-46d6-babb-0a5352f8b68f@group-312CCC1152ED: reply installSnapshot: 41ad025f-af8e-4c4e-9124-a1617073bc42<-22ff29b6-698b-46d6-babb-0a5352f8b68f#0:FAIL-t2,IN_PROGRESS,snapshotIndex=0
2024-10-28 08:10:34,704 [grpc-default-executor-0] INFO  server.GrpcServerProtocolService (GrpcServerProtocolService.java:onCompleted(157)) - 22ff29b6-698b-46d6-babb-0a5352f8b68f: Completed INSTALL_SNAPSHOT, lastRequest: 41ad025f-af8e-4c4e-9124-a1617073bc42->22ff29b6-698b-46d6-babb-0a5352f8b68f#0-t2,notify:(t:1, i:0)
2024-10-28 08:10:34,704 [grpc-default-executor-0] INFO  server.GrpcServerProtocolService (GrpcServerProtocolService.java:lambda$onCompleted$5(159)) - 22ff29b6-698b-46d6-babb-0a5352f8b68f: Completed INSTALL_SNAPSHOT, lastReply: null
2024-10-28 08:10:34,705 [grpc-default-executor-2] INFO  server.GrpcLogAppender (GrpcLogAppender.java:onNext(655)) - 41ad025f-af8e-4c4e-9124-a1617073bc42@group-312CCC1152ED->22ff29b6-698b-46d6-babb-0a5352f8b68f-InstallSnapshotResponseHandler: received a reply 41ad025f-af8e-4c4e-9124-a1617073bc42<-22ff29b6-698b-46d6-babb-0a5352f8b68f#0:FAIL-t2,IN_PROGRESS,snapshotIndex=0
2024-10-28 08:10:34,705 [grpc-default-executor-2] INFO  server.GrpcLogAppender (GrpcLogAppender.java:onNext(671)) - 41ad025f-af8e-4c4e-9124-a1617073bc42@group-312CCC1152ED->22ff29b6-698b-46d6-babb-0a5352f8b68f-InstallSnapshotResponseHandler: InstallSnapshot in progress.
2024-10-28 08:10:34,705 [22ff29b6-698b-46d6-babb-0a5352f8b68f-server-thread1] INFO  server.RaftServer$Division (RaftServerImpl.java:checkInconsistentAppendEntries(1607)) - 22ff29b6-698b-46d6-babb-0a5352f8b68f@group-312CCC1152ED: Failed appendEntries as snapshot (0) installation is in progress
2024-10-28 08:10:34,705 [22ff29b6-698b-46d6-babb-0a5352f8b68f-server-thread1] INFO  server.RaftServer$Division (RaftServerImpl.java:appendEntriesAsync(1562)) - 22ff29b6-698b-46d6-babb-0a5352f8b68f@group-312CCC1152ED: appendEntries* reply 41ad025f-af8e-4c4e-9124-a1617073bc42<-22ff29b6-698b-46d6-babb-0a5352f8b68f#18:FAIL-t2,INCONSISTENCY,nextIndex=0,followerCommit=-1,matchIndex=-1
2024-10-28 08:10:34,706 [grpc-default-executor-2] WARN  server.GrpcLogAppender (GrpcLogAppender.java:onNextImpl(519)) - 41ad025f-af8e-4c4e-9124-a1617073bc42@group-312CCC1152ED->22ff29b6-698b-46d6-babb-0a5352f8b68f-AppendLogResponseHandler: received INCONSISTENCY reply with nextIndex 0, errorCount=1, request=AppendEntriesRequest:cid=18,entriesCount=0
2024-10-28 08:10:34,706 [41ad025f-af8e-4c4e-9124-a1617073bc42@group-312CCC1152ED->22ff29b6-698b-46d6-babb-0a5352f8b68f-GrpcLogAppender-LogAppenderDaemon] INFO  server.GrpcLogAppender (GrpcLogAppender.java:notifyInstallSnapshot(789)) - 41ad025f-af8e-4c4e-9124-a1617073bc42@group-312CCC1152ED->22ff29b6-698b-46d6-babb-0a5352f8b68f-GrpcLogAppender: notifyInstallSnapshot with firstAvailable=(t:1, i:0), followerNextIndex=0
2024-10-28 08:10:34,706 [41ad025f-af8e-4c4e-9124-a1617073bc42@group-312CCC1152ED->22ff29b6-698b-46d6-babb-0a5352f8b68f-GrpcLogAppender-LogAppenderDaemon] INFO  server.GrpcLogAppender (GrpcLogAppender.java:notifyInstallSnapshot(797)) - 41ad025f-af8e-4c4e-9124-a1617073bc42@group-312CCC1152ED->22ff29b6-698b-46d6-babb-0a5352f8b68f-GrpcLogAppender: send 41ad025f-af8e-4c4e-9124-a1617073bc42->22ff29b6-698b-46d6-babb-0a5352f8b68f#0-t2,notify:(t:1, i:0)
2024-10-28 08:10:34,707 [grpc-default-executor-2] INFO  impl.SnapshotInstallationHandler (SnapshotInstallationHandler.java:installSnapshot(94)) - 22ff29b6-698b-46d6-babb-0a5352f8b68f@group-312CCC1152ED: receive installSnapshot: 41ad025f-af8e-4c4e-9124-a1617073bc42->22ff29b6-698b-46d6-babb-0a5352f8b68f#0-t2,notify:(t:1, i:0)
2024-10-28 08:10:34,707 [grpc-default-executor-2] INFO  impl.SnapshotInstallationHandler (SnapshotInstallationHandler.java:installSnapshotImpl(140)) - 22ff29b6-698b-46d6-babb-0a5352f8b68f@group-312CCC1152ED: set new configuration index: 1
configurationEntry {
  peers {
    id: "41ad025f-af8e-4c4e-9124-a1617073bc42"
    address: "localhost:15078"
    startupRole: FOLLOWER
  }
}
 from snapshot
2024-10-28 08:10:34,707 [grpc-default-executor-2] INFO  server.RaftServer$Division (ServerState.java:setRaftConf(386)) - 22ff29b6-698b-46d6-babb-0a5352f8b68f@group-312CCC1152ED: set configuration conf: {index: 1, cur=peers:[41ad025f-af8e-4c4e-9124-a1617073bc42|localhost:15078]|listeners:[], old=null}
2024-10-28 08:10:34,708 [grpc-default-executor-2] INFO  impl.SnapshotInstallationHandler (SnapshotInstallationHandler.java:installSnapshot(105)) - 22ff29b6-698b-46d6-babb-0a5352f8b68f@group-312CCC1152ED: reply installSnapshot: 41ad025f-af8e-4c4e-9124-a1617073bc42<-22ff29b6-698b-46d6-babb-0a5352f8b68f#0:FAIL-t2,IN_PROGRESS,snapshotIndex=0
2024-10-28 08:10:34,708 [grpc-default-executor-2] INFO  server.GrpcServerProtocolService (GrpcServerProtocolService.java:onCompleted(157)) - 22ff29b6-698b-46d6-babb-0a5352f8b68f: Completed INSTALL_SNAPSHOT, lastRequest: 41ad025f-af8e-4c4e-9124-a1617073bc42->22ff29b6-698b-46d6-babb-0a5352f8b68f#0-t2,notify:(t:1, i:0)
2024-10-28 08:10:34,708 [grpc-default-executor-2] INFO  server.GrpcServerProtocolService (GrpcServerProtocolService.java:lambda$onCompleted$5(159)) - 22ff29b6-698b-46d6-babb-0a5352f8b68f: Completed INSTALL_SNAPSHOT, lastReply: null
2024-10-28 08:10:34,709 [grpc-default-executor-0] INFO  server.GrpcLogAppender (GrpcLogAppender.java:onNext(655)) - 41ad025f-af8e-4c4e-9124-a1617073bc42@group-312CCC1152ED->22ff29b6-698b-46d6-babb-0a5352f8b68f-InstallSnapshotResponseHandler: received a reply 41ad025f-af8e-4c4e-9124-a1617073bc42<-22ff29b6-698b-46d6-babb-0a5352f8b68f#0:FAIL-t2,IN_PROGRESS,snapshotIndex=0
2024-10-28 08:10:34,709 [grpc-default-executor-0] INFO  server.GrpcLogAppender (GrpcLogAppender.java:onNext(671)) - 41ad025f-af8e-4c4e-9124-a1617073bc42@group-312CCC1152ED->22ff29b6-698b-46d6-babb-0a5352f8b68f-InstallSnapshotResponseHandler: InstallSnapshot in progress.
2024-10-28 08:10:34,709 [22ff29b6-698b-46d6-babb-0a5352f8b68f-server-thread1] INFO  server.RaftServer$Division (RaftServerImpl.java:checkInconsistentAppendEntries(1607)) - 22ff29b6-698b-46d6-babb-0a5352f8b68f@group-312CCC1152ED: Failed appendEntries as snapshot (0) installation is in progress
2024-10-28 08:10:34,709 [22ff29b6-698b-46d6-babb-0a5352f8b68f-server-thread1] INFO  server.RaftServer$Division (RaftServerImpl.java:appendEntriesAsync(1562)) - 22ff29b6-698b-46d6-babb-0a5352f8b68f@group-312CCC1152ED: appendEntries* reply 41ad025f-af8e-4c4e-9124-a1617073bc42<-22ff29b6-698b-46d6-babb-0a5352f8b68f#19:FAIL-t2,INCONSISTENCY,nextIndex=0,followerCommit=-1,matchIndex=-1
2024-10-28 08:10:34,710 [grpc-default-executor-0] WARN  server.GrpcLogAppender (GrpcLogAppender.java:onNextImpl(519)) - 41ad025f-af8e-4c4e-9124-a1617073bc42@group-312CCC1152ED->22ff29b6-698b-46d6-babb-0a5352f8b68f-AppendLogResponseHandler: received INCONSISTENCY reply with nextIndex 0, errorCount=1, request=AppendEntriesRequest:cid=19,entriesCount=0
2024-10-28 08:10:34,710 [41ad025f-af8e-4c4e-9124-a1617073bc42@group-312CCC1152ED->22ff29b6-698b-46d6-babb-0a5352f8b68f-GrpcLogAppender-LogAppenderDaemon] INFO  server.GrpcLogAppender (GrpcLogAppender.java:notifyInstallSnapshot(789)) - 41ad025f-af8e-4c4e-9124-a1617073bc42@group-312CCC1152ED->22ff29b6-698b-46d6-babb-0a5352f8b68f-GrpcLogAppender: notifyInstallSnapshot with firstAvailable=(t:1, i:0), followerNextIndex=0
2024-10-28 08:10:34,710 [41ad025f-af8e-4c4e-9124-a1617073bc42@group-312CCC1152ED->22ff29b6-698b-46d6-babb-0a5352f8b68f-GrpcLogAppender-LogAppenderDaemon] INFO  server.GrpcLogAppender (GrpcLogAppender.java:notifyInstallSnapshot(797)) - 41ad025f-af8e-4c4e-9124-a1617073bc42@group-312CCC1152ED->22ff29b6-698b-46d6-babb-0a5352f8b68f-GrpcLogAppender: send 41ad025f-af8e-4c4e-9124-a1617073bc42->22ff29b6-698b-46d6-babb-0a5352f8b68f#0-t2,notify:(t:1, i:0)
2024-10-28 08:10:34,711 [grpc-default-executor-0] INFO  impl.SnapshotInstallationHandler (SnapshotInstallationHandler.java:installSnapshot(94)) - 22ff29b6-698b-46d6-babb-0a5352f8b68f@group-312CCC1152ED: receive installSnapshot: 41ad025f-af8e-4c4e-9124-a1617073bc42->22ff29b6-698b-46d6-babb-0a5352f8b68f#0-t2,notify:(t:1, i:0)
2024-10-28 08:10:34,711 [grpc-default-executor-0] INFO  impl.SnapshotInstallationHandler (SnapshotInstallationHandler.java:installSnapshotImpl(140)) - 22ff29b6-698b-46d6-babb-0a5352f8b68f@group-312CCC1152ED: set new configuration index: 1
configurationEntry {
  peers {
    id: "41ad025f-af8e-4c4e-9124-a1617073bc42"
    address: "localhost:15078"
    startupRole: FOLLOWER
  }
}
 from snapshot
2024-10-28 08:10:34,711 [grpc-default-executor-0] INFO  server.RaftServer$Division (ServerState.java:setRaftConf(386)) - 22ff29b6-698b-46d6-babb-0a5352f8b68f@group-312CCC1152ED: set configuration conf: {index: 1, cur=peers:[41ad025f-af8e-4c4e-9124-a1617073bc42|localhost:15078]|listeners:[], old=null}
2024-10-28 08:10:34,712 [grpc-default-executor-0] INFO  impl.SnapshotInstallationHandler (SnapshotInstallationHandler.java:installSnapshot(105)) - 22ff29b6-698b-46d6-babb-0a5352f8b68f@group-312CCC1152ED: reply installSnapshot: 41ad025f-af8e-4c4e-9124-a1617073bc42<-22ff29b6-698b-46d6-babb-0a5352f8b68f#0:FAIL-t2,IN_PROGRESS,snapshotIndex=0
2024-10-28 08:10:34,712 [grpc-default-executor-0] INFO  server.GrpcServerProtocolService (GrpcServerProtocolService.java:onCompleted(157)) - 22ff29b6-698b-46d6-babb-0a5352f8b68f: Completed INSTALL_SNAPSHOT, lastRequest: 41ad025f-af8e-4c4e-9124-a1617073bc42->22ff29b6-698b-46d6-babb-0a5352f8b68f#0-t2,notify:(t:1, i:0)
2024-10-28 08:10:34,712 [grpc-default-executor-0] INFO  server.GrpcServerProtocolService (GrpcServerProtocolService.java:lambda$onCompleted$5(159)) - 22ff29b6-698b-46d6-babb-0a5352f8b68f: Completed INSTALL_SNAPSHOT, lastReply: null
2024-10-28 08:10:34,713 [grpc-default-executor-2] INFO  server.GrpcLogAppender (GrpcLogAppender.java:onNext(655)) - 41ad025f-af8e-4c4e-9124-a1617073bc42@group-312CCC1152ED->22ff29b6-698b-46d6-babb-0a5352f8b68f-InstallSnapshotResponseHandler: received a reply 41ad025f-af8e-4c4e-9124-a1617073bc42<-22ff29b6-698b-46d6-babb-0a5352f8b68f#0:FAIL-t2,IN_PROGRESS,snapshotIndex=0
2024-10-28 08:10:34,713 [grpc-default-executor-2] INFO  server.GrpcLogAppender (GrpcLogAppender.java:onNext(671)) - 41ad025f-af8e-4c4e-9124-a1617073bc42@group-312CCC1152ED->22ff29b6-698b-46d6-babb-0a5352f8b68f-InstallSnapshotResponseHandler: InstallSnapshot in progress.
2024-10-28 08:10:34,713 [41ad025f-af8e-4c4e-9124-a1617073bc42@group-312CCC1152ED->22ff29b6-698b-46d6-babb-0a5352f8b68f-GrpcLogAppender-LogAppenderDaemon] INFO  server.GrpcLogAppender (GrpcLogAppender.java:notifyInstallSnapshot(789)) - 41ad025f-af8e-4c4e-9124-a1617073bc42@group-312CCC1152ED->22ff29b6-698b-46d6-babb-0a5352f8b68f-GrpcLogAppender: notifyInstallSnapshot with firstAvailable=(t:1, i:0), followerNextIndex=0
2024-10-28 08:10:34,713 [41ad025f-af8e-4c4e-9124-a1617073bc42@group-312CCC1152ED->22ff29b6-698b-46d6-babb-0a5352f8b68f-GrpcLogAppender-LogAppenderDaemon] INFO  server.GrpcLogAppender (GrpcLogAppender.java:notifyInstallSnapshot(797)) - 41ad025f-af8e-4c4e-9124-a1617073bc42@group-312CCC1152ED->22ff29b6-698b-46d6-babb-0a5352f8b68f-GrpcLogAppender: send 41ad025f-af8e-4c4e-9124-a1617073bc42->22ff29b6-698b-46d6-babb-0a5352f8b68f#0-t2,notify:(t:1, i:0)
2024-10-28 08:10:34,714 [22ff29b6-698b-46d6-babb-0a5352f8b68f-server-thread1] INFO  server.RaftServer$Division (RaftServerImpl.java:checkInconsistentAppendEntries(1607)) - 22ff29b6-698b-46d6-babb-0a5352f8b68f@group-312CCC1152ED: Failed appendEntries as snapshot (0) installation is in progress
2024-10-28 08:10:34,714 [22ff29b6-698b-46d6-babb-0a5352f8b68f-server-thread1] INFO  server.RaftServer$Division (RaftServerImpl.java:appendEntriesAsync(1562)) - 22ff29b6-698b-46d6-babb-0a5352f8b68f@group-312CCC1152ED: appendEntries* reply 41ad025f-af8e-4c4e-9124-a1617073bc42<-22ff29b6-698b-46d6-babb-0a5352f8b68f#20:FAIL-t2,INCONSISTENCY,nextIndex=0,followerCommit=-1,matchIndex=-1
2024-10-28 08:10:34,714 [grpc-default-executor-1] WARN  server.GrpcLogAppender (GrpcLogAppender.java:onNextImpl(519)) - 41ad025f-af8e-4c4e-9124-a1617073bc42@group-312CCC1152ED->22ff29b6-698b-46d6-babb-0a5352f8b68f-AppendLogResponseHandler: received INCONSISTENCY reply with nextIndex 0, errorCount=1, request=AppendEntriesRequest:cid=20,entriesCount=0
2024-10-28 08:10:34,715 [grpc-default-executor-3] INFO  impl.SnapshotInstallationHandler (SnapshotInstallationHandler.java:installSnapshot(94)) - 22ff29b6-698b-46d6-babb-0a5352f8b68f@group-312CCC1152ED: receive installSnapshot: 41ad025f-af8e-4c4e-9124-a1617073bc42->22ff29b6-698b-46d6-babb-0a5352f8b68f#0-t2,notify:(t:1, i:0)
2024-10-28 08:10:34,715 [grpc-default-executor-3] INFO  impl.SnapshotInstallationHandler (SnapshotInstallationHandler.java:installSnapshotImpl(140)) - 22ff29b6-698b-46d6-babb-0a5352f8b68f@group-312CCC1152ED: set new configuration index: 1
configurationEntry {
  peers {
    id: "41ad025f-af8e-4c4e-9124-a1617073bc42"
    address: "localhost:15078"
    startupRole: FOLLOWER
  }
}
 from snapshot
2024-10-28 08:10:34,715 [grpc-default-executor-3] INFO  server.RaftServer$Division (ServerState.java:setRaftConf(386)) - 22ff29b6-698b-46d6-babb-0a5352f8b68f@group-312CCC1152ED: set configuration conf: {index: 1, cur=peers:[41ad025f-af8e-4c4e-9124-a1617073bc42|localhost:15078]|listeners:[], old=null}
2024-10-28 08:10:34,716 [grpc-default-executor-3] INFO  impl.SnapshotInstallationHandler (SnapshotInstallationHandler.java:installSnapshot(105)) - 22ff29b6-698b-46d6-babb-0a5352f8b68f@group-312CCC1152ED: reply installSnapshot: 41ad025f-af8e-4c4e-9124-a1617073bc42<-22ff29b6-698b-46d6-babb-0a5352f8b68f#0:FAIL-t2,IN_PROGRESS,snapshotIndex=0
2024-10-28 08:10:34,717 [grpc-default-executor-3] INFO  server.GrpcServerProtocolService (GrpcServerProtocolService.java:onCompleted(157)) - 22ff29b6-698b-46d6-babb-0a5352f8b68f: Completed INSTALL_SNAPSHOT, lastRequest: 41ad025f-af8e-4c4e-9124-a1617073bc42->22ff29b6-698b-46d6-babb-0a5352f8b68f#0-t2,notify:(t:1, i:0)
2024-10-28 08:10:34,717 [grpc-default-executor-3] INFO  server.GrpcServerProtocolService (GrpcServerProtocolService.java:lambda$onCompleted$5(159)) - 22ff29b6-698b-46d6-babb-0a5352f8b68f: Completed INSTALL_SNAPSHOT, lastReply: null
2024-10-28 08:10:34,717 [grpc-default-executor-1] INFO  server.GrpcLogAppender (GrpcLogAppender.java:onNext(655)) - 41ad025f-af8e-4c4e-9124-a1617073bc42@group-312CCC1152ED->22ff29b6-698b-46d6-babb-0a5352f8b68f-InstallSnapshotResponseHandler: received a reply 41ad025f-af8e-4c4e-9124-a1617073bc42<-22ff29b6-698b-46d6-babb-0a5352f8b68f#0:FAIL-t2,IN_PROGRESS,snapshotIndex=0
2024-10-28 08:10:34,717 [grpc-default-executor-1] INFO  server.GrpcLogAppender (GrpcLogAppender.java:onNext(671)) - 41ad025f-af8e-4c4e-9124-a1617073bc42@group-312CCC1152ED->22ff29b6-698b-46d6-babb-0a5352f8b68f-InstallSnapshotResponseHandler: InstallSnapshot in progress.
2024-10-28 08:10:34,717 [41ad025f-af8e-4c4e-9124-a1617073bc42@group-312CCC1152ED->22ff29b6-698b-46d6-babb-0a5352f8b68f-GrpcLogAppender-LogAppenderDaemon] INFO  server.GrpcLogAppender (GrpcLogAppender.java:notifyInstallSnapshot(789)) - 41ad025f-af8e-4c4e-9124-a1617073bc42@group-312CCC1152ED->22ff29b6-698b-46d6-babb-0a5352f8b68f-GrpcLogAppender: notifyInstallSnapshot with firstAvailable=(t:1, i:0), followerNextIndex=0
2024-10-28 08:10:34,717 [41ad025f-af8e-4c4e-9124-a1617073bc42@group-312CCC1152ED->22ff29b6-698b-46d6-babb-0a5352f8b68f-GrpcLogAppender-LogAppenderDaemon] INFO  server.GrpcLogAppender (GrpcLogAppender.java:notifyInstallSnapshot(797)) - 41ad025f-af8e-4c4e-9124-a1617073bc42@group-312CCC1152ED->22ff29b6-698b-46d6-babb-0a5352f8b68f-GrpcLogAppender: send 41ad025f-af8e-4c4e-9124-a1617073bc42->22ff29b6-698b-46d6-babb-0a5352f8b68f#0-t2,notify:(t:1, i:0)
2024-10-28 08:10:34,718 [22ff29b6-698b-46d6-babb-0a5352f8b68f-server-thread1] INFO  server.RaftServer$Division (RaftServerImpl.java:checkInconsistentAppendEntries(1607)) - 22ff29b6-698b-46d6-babb-0a5352f8b68f@group-312CCC1152ED: Failed appendEntries as snapshot (0) installation is in progress
2024-10-28 08:10:34,718 [22ff29b6-698b-46d6-babb-0a5352f8b68f-server-thread1] INFO  server.RaftServer$Division (RaftServerImpl.java:appendEntriesAsync(1562)) - 22ff29b6-698b-46d6-babb-0a5352f8b68f@group-312CCC1152ED: appendEntries* reply 41ad025f-af8e-4c4e-9124-a1617073bc42<-22ff29b6-698b-46d6-babb-0a5352f8b68f#21:FAIL-t2,INCONSISTENCY,nextIndex=0,followerCommit=-1,matchIndex=-1
2024-10-28 08:10:34,718 [grpc-default-executor-0] INFO  impl.SnapshotInstallationHandler (SnapshotInstallationHandler.java:installSnapshot(94)) - 22ff29b6-698b-46d6-babb-0a5352f8b68f@group-312CCC1152ED: receive installSnapshot: 41ad025f-af8e-4c4e-9124-a1617073bc42->22ff29b6-698b-46d6-babb-0a5352f8b68f#0-t2,notify:(t:1, i:0)
2024-10-28 08:10:34,718 [grpc-default-executor-1] WARN  server.GrpcLogAppender (GrpcLogAppender.java:onNextImpl(519)) - 41ad025f-af8e-4c4e-9124-a1617073bc42@group-312CCC1152ED->22ff29b6-698b-46d6-babb-0a5352f8b68f-AppendLogResponseHandler: received INCONSISTENCY reply with nextIndex 0, errorCount=1, request=AppendEntriesRequest:cid=21,entriesCount=0
2024-10-28 08:10:34,718 [grpc-default-executor-0] INFO  impl.SnapshotInstallationHandler (SnapshotInstallationHandler.java:installSnapshotImpl(140)) - 22ff29b6-698b-46d6-babb-0a5352f8b68f@group-312CCC1152ED: set new configuration index: 1
configurationEntry {
  peers {
    id: "41ad025f-af8e-4c4e-9124-a1617073bc42"
    address: "localhost:15078"
    startupRole: FOLLOWER
  }
}
 from snapshot
2024-10-28 08:10:34,719 [grpc-default-executor-0] INFO  server.RaftServer$Division (ServerState.java:setRaftConf(386)) - 22ff29b6-698b-46d6-babb-0a5352f8b68f@group-312CCC1152ED: set configuration conf: {index: 1, cur=peers:[41ad025f-af8e-4c4e-9124-a1617073bc42|localhost:15078]|listeners:[], old=null}
2024-10-28 08:10:34,720 [grpc-default-executor-0] INFO  impl.SnapshotInstallationHandler (SnapshotInstallationHandler.java:installSnapshot(105)) - 22ff29b6-698b-46d6-babb-0a5352f8b68f@group-312CCC1152ED: reply installSnapshot: 41ad025f-af8e-4c4e-9124-a1617073bc42<-22ff29b6-698b-46d6-babb-0a5352f8b68f#0:FAIL-t2,IN_PROGRESS,snapshotIndex=0
2024-10-28 08:10:34,720 [grpc-default-executor-0] INFO  server.GrpcServerProtocolService (GrpcServerProtocolService.java:onCompleted(157)) - 22ff29b6-698b-46d6-babb-0a5352f8b68f: Completed INSTALL_SNAPSHOT, lastRequest: 41ad025f-af8e-4c4e-9124-a1617073bc42->22ff29b6-698b-46d6-babb-0a5352f8b68f#0-t2,notify:(t:1, i:0)
2024-10-28 08:10:34,720 [grpc-default-executor-0] INFO  server.GrpcServerProtocolService (GrpcServerProtocolService.java:lambda$onCompleted$5(159)) - 22ff29b6-698b-46d6-babb-0a5352f8b68f: Completed INSTALL_SNAPSHOT, lastReply: null
2024-10-28 08:10:34,720 [grpc-default-executor-1] INFO  server.GrpcLogAppender (GrpcLogAppender.java:onNext(655)) - 41ad025f-af8e-4c4e-9124-a1617073bc42@group-312CCC1152ED->22ff29b6-698b-46d6-babb-0a5352f8b68f-InstallSnapshotResponseHandler: received a reply 41ad025f-af8e-4c4e-9124-a1617073bc42<-22ff29b6-698b-46d6-babb-0a5352f8b68f#0:FAIL-t2,IN_PROGRESS,snapshotIndex=0
2024-10-28 08:10:34,720 [grpc-default-executor-1] INFO  server.GrpcLogAppender (GrpcLogAppender.java:onNext(671)) - 41ad025f-af8e-4c4e-9124-a1617073bc42@group-312CCC1152ED->22ff29b6-698b-46d6-babb-0a5352f8b68f-InstallSnapshotResponseHandler: InstallSnapshot in progress.
2024-10-28 08:10:34,721 [22ff29b6-698b-46d6-babb-0a5352f8b68f-server-thread1] INFO  server.RaftServer$Division (RaftServerImpl.java:checkInconsistentAppendEntries(1607)) - 22ff29b6-698b-46d6-babb-0a5352f8b68f@group-312CCC1152ED: Failed appendEntries as snapshot (0) installation is in progress
2024-10-28 08:10:34,721 [22ff29b6-698b-46d6-babb-0a5352f8b68f-server-thread1] INFO  server.RaftServer$Division (RaftServerImpl.java:appendEntriesAsync(1562)) - 22ff29b6-698b-46d6-babb-0a5352f8b68f@group-312CCC1152ED: appendEntries* reply 41ad025f-af8e-4c4e-9124-a1617073bc42<-22ff29b6-698b-46d6-babb-0a5352f8b68f#22:FAIL-t2,INCONSISTENCY,nextIndex=0,followerCommit=-1,matchIndex=-1
2024-10-28 08:10:34,721 [grpc-default-executor-1] WARN  server.GrpcLogAppender (GrpcLogAppender.java:onNextImpl(519)) - 41ad025f-af8e-4c4e-9124-a1617073bc42@group-312CCC1152ED->22ff29b6-698b-46d6-babb-0a5352f8b68f-AppendLogResponseHandler: received INCONSISTENCY reply with nextIndex 0, errorCount=1, request=AppendEntriesRequest:cid=22,entriesCount=0
2024-10-28 08:10:34,721 [41ad025f-af8e-4c4e-9124-a1617073bc42@group-312CCC1152ED->22ff29b6-698b-46d6-babb-0a5352f8b68f-GrpcLogAppender-LogAppenderDaemon] INFO  server.GrpcLogAppender (GrpcLogAppender.java:notifyInstallSnapshot(789)) - 41ad025f-af8e-4c4e-9124-a1617073bc42@group-312CCC1152ED->22ff29b6-698b-46d6-babb-0a5352f8b68f-GrpcLogAppender: notifyInstallSnapshot with firstAvailable=(t:1, i:0), followerNextIndex=0
2024-10-28 08:10:34,721 [41ad025f-af8e-4c4e-9124-a1617073bc42@group-312CCC1152ED->22ff29b6-698b-46d6-babb-0a5352f8b68f-GrpcLogAppender-LogAppenderDaemon] INFO  server.GrpcLogAppender (GrpcLogAppender.java:notifyInstallSnapshot(797)) - 41ad025f-af8e-4c4e-9124-a1617073bc42@group-312CCC1152ED->22ff29b6-698b-46d6-babb-0a5352f8b68f-GrpcLogAppender: send 41ad025f-af8e-4c4e-9124-a1617073bc42->22ff29b6-698b-46d6-babb-0a5352f8b68f#0-t2,notify:(t:1, i:0)
2024-10-28 08:10:34,722 [grpc-default-executor-3] INFO  impl.SnapshotInstallationHandler (SnapshotInstallationHandler.java:installSnapshot(94)) - 22ff29b6-698b-46d6-babb-0a5352f8b68f@group-312CCC1152ED: receive installSnapshot: 41ad025f-af8e-4c4e-9124-a1617073bc42->22ff29b6-698b-46d6-babb-0a5352f8b68f#0-t2,notify:(t:1, i:0)
2024-10-28 08:10:34,722 [grpc-default-executor-3] INFO  impl.SnapshotInstallationHandler (SnapshotInstallationHandler.java:installSnapshotImpl(140)) - 22ff29b6-698b-46d6-babb-0a5352f8b68f@group-312CCC1152ED: set new configuration index: 1
configurationEntry {
  peers {
    id: "41ad025f-af8e-4c4e-9124-a1617073bc42"
    address: "localhost:15078"
    startupRole: FOLLOWER
  }
}
 from snapshot
2024-10-28 08:10:34,722 [grpc-default-executor-3] INFO  server.RaftServer$Division (ServerState.java:setRaftConf(386)) - 22ff29b6-698b-46d6-babb-0a5352f8b68f@group-312CCC1152ED: set configuration conf: {index: 1, cur=peers:[41ad025f-af8e-4c4e-9124-a1617073bc42|localhost:15078]|listeners:[], old=null}
2024-10-28 08:10:34,724 [grpc-default-executor-3] INFO  impl.SnapshotInstallationHandler (SnapshotInstallationHandler.java:installSnapshot(105)) - 22ff29b6-698b-46d6-babb-0a5352f8b68f@group-312CCC1152ED: reply installSnapshot: 41ad025f-af8e-4c4e-9124-a1617073bc42<-22ff29b6-698b-46d6-babb-0a5352f8b68f#0:FAIL-t2,IN_PROGRESS,snapshotIndex=0
2024-10-28 08:10:34,724 [grpc-default-executor-3] INFO  server.GrpcServerProtocolService (GrpcServerProtocolService.java:onCompleted(157)) - 22ff29b6-698b-46d6-babb-0a5352f8b68f: Completed INSTALL_SNAPSHOT, lastRequest: 41ad025f-af8e-4c4e-9124-a1617073bc42->22ff29b6-698b-46d6-babb-0a5352f8b68f#0-t2,notify:(t:1, i:0)
2024-10-28 08:10:34,724 [grpc-default-executor-3] INFO  server.GrpcServerProtocolService (GrpcServerProtocolService.java:lambda$onCompleted$5(159)) - 22ff29b6-698b-46d6-babb-0a5352f8b68f: Completed INSTALL_SNAPSHOT, lastReply: null
2024-10-28 08:10:34,725 [grpc-default-executor-1] INFO  server.GrpcLogAppender (GrpcLogAppender.java:onNext(655)) - 41ad025f-af8e-4c4e-9124-a1617073bc42@group-312CCC1152ED->22ff29b6-698b-46d6-babb-0a5352f8b68f-InstallSnapshotResponseHandler: received a reply 41ad025f-af8e-4c4e-9124-a1617073bc42<-22ff29b6-698b-46d6-babb-0a5352f8b68f#0:FAIL-t2,IN_PROGRESS,snapshotIndex=0
2024-10-28 08:10:34,725 [grpc-default-executor-1] INFO  server.GrpcLogAppender (GrpcLogAppender.java:onNext(671)) - 41ad025f-af8e-4c4e-9124-a1617073bc42@group-312CCC1152ED->22ff29b6-698b-46d6-babb-0a5352f8b68f-InstallSnapshotResponseHandler: InstallSnapshot in progress.
2024-10-28 08:10:34,725 [22ff29b6-698b-46d6-babb-0a5352f8b68f-server-thread1] INFO  server.RaftServer$Division (RaftServerImpl.java:checkInconsistentAppendEntries(1607)) - 22ff29b6-698b-46d6-babb-0a5352f8b68f@group-312CCC1152ED: Failed appendEntries as snapshot (0) installation is in progress
2024-10-28 08:10:34,725 [22ff29b6-698b-46d6-babb-0a5352f8b68f-server-thread1] INFO  server.RaftServer$Division (RaftServerImpl.java:appendEntriesAsync(1562)) - 22ff29b6-698b-46d6-babb-0a5352f8b68f@group-312CCC1152ED: appendEntries* reply 41ad025f-af8e-4c4e-9124-a1617073bc42<-22ff29b6-698b-46d6-babb-0a5352f8b68f#23:FAIL-t2,INCONSISTENCY,nextIndex=0,followerCommit=-1,matchIndex=-1
2024-10-28 08:10:34,726 [grpc-default-executor-1] WARN  server.GrpcLogAppender (GrpcLogAppender.java:onNextImpl(519)) - 41ad025f-af8e-4c4e-9124-a1617073bc42@group-312CCC1152ED->22ff29b6-698b-46d6-babb-0a5352f8b68f-AppendLogResponseHandler: received INCONSISTENCY reply with nextIndex 0, errorCount=1, request=AppendEntriesRequest:cid=23,entriesCount=0
2024-10-28 08:10:34,726 [41ad025f-af8e-4c4e-9124-a1617073bc42@group-312CCC1152ED->22ff29b6-698b-46d6-babb-0a5352f8b68f-GrpcLogAppender-LogAppenderDaemon] INFO  server.GrpcLogAppender (GrpcLogAppender.java:notifyInstallSnapshot(789)) - 41ad025f-af8e-4c4e-9124-a1617073bc42@group-312CCC1152ED->22ff29b6-698b-46d6-babb-0a5352f8b68f-GrpcLogAppender: notifyInstallSnapshot with firstAvailable=(t:1, i:0), followerNextIndex=0
2024-10-28 08:10:34,726 [41ad025f-af8e-4c4e-9124-a1617073bc42@group-312CCC1152ED->22ff29b6-698b-46d6-babb-0a5352f8b68f-GrpcLogAppender-LogAppenderDaemon] INFO  server.GrpcLogAppender (GrpcLogAppender.java:notifyInstallSnapshot(797)) - 41ad025f-af8e-4c4e-9124-a1617073bc42@group-312CCC1152ED->22ff29b6-698b-46d6-babb-0a5352f8b68f-GrpcLogAppender: send 41ad025f-af8e-4c4e-9124-a1617073bc42->22ff29b6-698b-46d6-babb-0a5352f8b68f#0-t2,notify:(t:1, i:0)
2024-10-28 08:10:34,727 [grpc-default-executor-0] INFO  impl.SnapshotInstallationHandler (SnapshotInstallationHandler.java:installSnapshot(94)) - 22ff29b6-698b-46d6-babb-0a5352f8b68f@group-312CCC1152ED: receive installSnapshot: 41ad025f-af8e-4c4e-9124-a1617073bc42->22ff29b6-698b-46d6-babb-0a5352f8b68f#0-t2,notify:(t:1, i:0)
2024-10-28 08:10:34,727 [grpc-default-executor-0] INFO  impl.SnapshotInstallationHandler (SnapshotInstallationHandler.java:installSnapshotImpl(140)) - 22ff29b6-698b-46d6-babb-0a5352f8b68f@group-312CCC1152ED: set new configuration index: 1
configurationEntry {
  peers {
    id: "41ad025f-af8e-4c4e-9124-a1617073bc42"
    address: "localhost:15078"
    startupRole: FOLLOWER
  }
}
 from snapshot
2024-10-28 08:10:34,727 [grpc-default-executor-0] INFO  server.RaftServer$Division (ServerState.java:setRaftConf(386)) - 22ff29b6-698b-46d6-babb-0a5352f8b68f@group-312CCC1152ED: set configuration conf: {index: 1, cur=peers:[41ad025f-af8e-4c4e-9124-a1617073bc42|localhost:15078]|listeners:[], old=null}
2024-10-28 08:10:34,728 [grpc-default-executor-0] INFO  impl.SnapshotInstallationHandler (SnapshotInstallationHandler.java:installSnapshot(105)) - 22ff29b6-698b-46d6-babb-0a5352f8b68f@group-312CCC1152ED: reply installSnapshot: 41ad025f-af8e-4c4e-9124-a1617073bc42<-22ff29b6-698b-46d6-babb-0a5352f8b68f#0:FAIL-t2,IN_PROGRESS,snapshotIndex=0
2024-10-28 08:10:34,728 [grpc-default-executor-0] INFO  server.GrpcServerProtocolService (GrpcServerProtocolService.java:onCompleted(157)) - 22ff29b6-698b-46d6-babb-0a5352f8b68f: Completed INSTALL_SNAPSHOT, lastRequest: 41ad025f-af8e-4c4e-9124-a1617073bc42->22ff29b6-698b-46d6-babb-0a5352f8b68f#0-t2,notify:(t:1, i:0)
2024-10-28 08:10:34,728 [grpc-default-executor-0] INFO  server.GrpcServerProtocolService (GrpcServerProtocolService.java:lambda$onCompleted$5(159)) - 22ff29b6-698b-46d6-babb-0a5352f8b68f: Completed INSTALL_SNAPSHOT, lastReply: null
2024-10-28 08:10:34,729 [grpc-default-executor-1] INFO  server.GrpcLogAppender (GrpcLogAppender.java:onNext(655)) - 41ad025f-af8e-4c4e-9124-a1617073bc42@group-312CCC1152ED->22ff29b6-698b-46d6-babb-0a5352f8b68f-InstallSnapshotResponseHandler: received a reply 41ad025f-af8e-4c4e-9124-a1617073bc42<-22ff29b6-698b-46d6-babb-0a5352f8b68f#0:FAIL-t2,IN_PROGRESS,snapshotIndex=0
2024-10-28 08:10:34,729 [grpc-default-executor-1] INFO  server.GrpcLogAppender (GrpcLogAppender.java:onNext(671)) - 41ad025f-af8e-4c4e-9124-a1617073bc42@group-312CCC1152ED->22ff29b6-698b-46d6-babb-0a5352f8b68f-InstallSnapshotResponseHandler: InstallSnapshot in progress.
2024-10-28 08:10:34,729 [22ff29b6-698b-46d6-babb-0a5352f8b68f-server-thread1] INFO  server.RaftServer$Division (RaftServerImpl.java:checkInconsistentAppendEntries(1607)) - 22ff29b6-698b-46d6-babb-0a5352f8b68f@group-312CCC1152ED: Failed appendEntries as snapshot (0) installation is in progress
2024-10-28 08:10:34,729 [22ff29b6-698b-46d6-babb-0a5352f8b68f-server-thread1] INFO  server.RaftServer$Division (RaftServerImpl.java:appendEntriesAsync(1562)) - 22ff29b6-698b-46d6-babb-0a5352f8b68f@group-312CCC1152ED: appendEntries* reply 41ad025f-af8e-4c4e-9124-a1617073bc42<-22ff29b6-698b-46d6-babb-0a5352f8b68f#24:FAIL-t2,INCONSISTENCY,nextIndex=0,followerCommit=-1,matchIndex=-1
2024-10-28 08:10:34,729 [grpc-default-executor-1] WARN  server.GrpcLogAppender (GrpcLogAppender.java:onNextImpl(519)) - 41ad025f-af8e-4c4e-9124-a1617073bc42@group-312CCC1152ED->22ff29b6-698b-46d6-babb-0a5352f8b68f-AppendLogResponseHandler: received INCONSISTENCY reply with nextIndex 0, errorCount=1, request=AppendEntriesRequest:cid=24,entriesCount=0
2024-10-28 08:10:34,730 [41ad025f-af8e-4c4e-9124-a1617073bc42@group-312CCC1152ED->22ff29b6-698b-46d6-babb-0a5352f8b68f-GrpcLogAppender-LogAppenderDaemon] INFO  server.GrpcLogAppender (GrpcLogAppender.java:notifyInstallSnapshot(789)) - 41ad025f-af8e-4c4e-9124-a1617073bc42@group-312CCC1152ED->22ff29b6-698b-46d6-babb-0a5352f8b68f-GrpcLogAppender: notifyInstallSnapshot with firstAvailable=(t:1, i:0), followerNextIndex=0
2024-10-28 08:10:34,730 [41ad025f-af8e-4c4e-9124-a1617073bc42@group-312CCC1152ED->22ff29b6-698b-46d6-babb-0a5352f8b68f-GrpcLogAppender-LogAppenderDaemon] INFO  server.GrpcLogAppender (GrpcLogAppender.java:notifyInstallSnapshot(797)) - 41ad025f-af8e-4c4e-9124-a1617073bc42@group-312CCC1152ED->22ff29b6-698b-46d6-babb-0a5352f8b68f-GrpcLogAppender: send 41ad025f-af8e-4c4e-9124-a1617073bc42->22ff29b6-698b-46d6-babb-0a5352f8b68f#0-t2,notify:(t:1, i:0)
2024-10-28 08:10:34,731 [grpc-default-executor-1] INFO  impl.SnapshotInstallationHandler (SnapshotInstallationHandler.java:installSnapshot(94)) - 22ff29b6-698b-46d6-babb-0a5352f8b68f@group-312CCC1152ED: receive installSnapshot: 41ad025f-af8e-4c4e-9124-a1617073bc42->22ff29b6-698b-46d6-babb-0a5352f8b68f#0-t2,notify:(t:1, i:0)
2024-10-28 08:10:34,731 [grpc-default-executor-1] INFO  impl.SnapshotInstallationHandler (SnapshotInstallationHandler.java:installSnapshotImpl(140)) - 22ff29b6-698b-46d6-babb-0a5352f8b68f@group-312CCC1152ED: set new configuration index: 1
configurationEntry {
  peers {
    id: "41ad025f-af8e-4c4e-9124-a1617073bc42"
    address: "localhost:15078"
    startupRole: FOLLOWER
  }
}
 from snapshot
2024-10-28 08:10:34,731 [grpc-default-executor-1] INFO  server.RaftServer$Division (ServerState.java:setRaftConf(386)) - 22ff29b6-698b-46d6-babb-0a5352f8b68f@group-312CCC1152ED: set configuration conf: {index: 1, cur=peers:[41ad025f-af8e-4c4e-9124-a1617073bc42|localhost:15078]|listeners:[], old=null}
2024-10-28 08:10:34,733 [grpc-default-executor-1] INFO  impl.SnapshotInstallationHandler (SnapshotInstallationHandler.java:installSnapshot(105)) - 22ff29b6-698b-46d6-babb-0a5352f8b68f@group-312CCC1152ED: reply installSnapshot: 41ad025f-af8e-4c4e-9124-a1617073bc42<-22ff29b6-698b-46d6-babb-0a5352f8b68f#0:FAIL-t2,IN_PROGRESS,snapshotIndex=0
2024-10-28 08:10:34,733 [grpc-default-executor-1] INFO  server.GrpcServerProtocolService (GrpcServerProtocolService.java:onCompleted(157)) - 22ff29b6-698b-46d6-babb-0a5352f8b68f: Completed INSTALL_SNAPSHOT, lastRequest: 41ad025f-af8e-4c4e-9124-a1617073bc42->22ff29b6-698b-46d6-babb-0a5352f8b68f#0-t2,notify:(t:1, i:0)
2024-10-28 08:10:34,733 [grpc-default-executor-1] INFO  server.GrpcServerProtocolService (GrpcServerProtocolService.java:lambda$onCompleted$5(159)) - 22ff29b6-698b-46d6-babb-0a5352f8b68f: Completed INSTALL_SNAPSHOT, lastReply: null
2024-10-28 08:10:34,734 [grpc-default-executor-0] INFO  server.GrpcLogAppender (GrpcLogAppender.java:onNext(655)) - 41ad025f-af8e-4c4e-9124-a1617073bc42@group-312CCC1152ED->22ff29b6-698b-46d6-babb-0a5352f8b68f-InstallSnapshotResponseHandler: received a reply 41ad025f-af8e-4c4e-9124-a1617073bc42<-22ff29b6-698b-46d6-babb-0a5352f8b68f#0:FAIL-t2,IN_PROGRESS,snapshotIndex=0
2024-10-28 08:10:34,734 [grpc-default-executor-0] INFO  server.GrpcLogAppender (GrpcLogAppender.java:onNext(671)) - 41ad025f-af8e-4c4e-9124-a1617073bc42@group-312CCC1152ED->22ff29b6-698b-46d6-babb-0a5352f8b68f-InstallSnapshotResponseHandler: InstallSnapshot in progress.
2024-10-28 08:10:34,734 [41ad025f-af8e-4c4e-9124-a1617073bc42@group-312CCC1152ED->22ff29b6-698b-46d6-babb-0a5352f8b68f-GrpcLogAppender-LogAppenderDaemon] INFO  server.GrpcLogAppender (GrpcLogAppender.java:notifyInstallSnapshot(789)) - 41ad025f-af8e-4c4e-9124-a1617073bc42@group-312CCC1152ED->22ff29b6-698b-46d6-babb-0a5352f8b68f-GrpcLogAppender: notifyInstallSnapshot with firstAvailable=(t:1, i:0), followerNextIndex=0
2024-10-28 08:10:34,735 [41ad025f-af8e-4c4e-9124-a1617073bc42@group-312CCC1152ED->22ff29b6-698b-46d6-babb-0a5352f8b68f-GrpcLogAppender-LogAppenderDaemon] INFO  server.GrpcLogAppender (GrpcLogAppender.java:notifyInstallSnapshot(797)) - 41ad025f-af8e-4c4e-9124-a1617073bc42@group-312CCC1152ED->22ff29b6-698b-46d6-babb-0a5352f8b68f-GrpcLogAppender: send 41ad025f-af8e-4c4e-9124-a1617073bc42->22ff29b6-698b-46d6-babb-0a5352f8b68f#0-t2,notify:(t:1, i:0)
2024-10-28 08:10:34,735 [22ff29b6-698b-46d6-babb-0a5352f8b68f-server-thread1] INFO  server.RaftServer$Division (RaftServerImpl.java:checkInconsistentAppendEntries(1607)) - 22ff29b6-698b-46d6-babb-0a5352f8b68f@group-312CCC1152ED: Failed appendEntries as snapshot (0) installation is in progress
2024-10-28 08:10:34,735 [grpc-default-executor-3] INFO  impl.SnapshotInstallationHandler (SnapshotInstallationHandler.java:installSnapshot(94)) - 22ff29b6-698b-46d6-babb-0a5352f8b68f@group-312CCC1152ED: receive installSnapshot: 41ad025f-af8e-4c4e-9124-a1617073bc42->22ff29b6-698b-46d6-babb-0a5352f8b68f#0-t2,notify:(t:1, i:0)
2024-10-28 08:10:34,735 [22ff29b6-698b-46d6-babb-0a5352f8b68f-server-thread1] INFO  server.RaftServer$Division (RaftServerImpl.java:appendEntriesAsync(1562)) - 22ff29b6-698b-46d6-babb-0a5352f8b68f@group-312CCC1152ED: appendEntries* reply 41ad025f-af8e-4c4e-9124-a1617073bc42<-22ff29b6-698b-46d6-babb-0a5352f8b68f#25:FAIL-t2,INCONSISTENCY,nextIndex=0,followerCommit=-1,matchIndex=-1
2024-10-28 08:10:34,736 [grpc-default-executor-3] INFO  impl.SnapshotInstallationHandler (SnapshotInstallationHandler.java:installSnapshotImpl(140)) - 22ff29b6-698b-46d6-babb-0a5352f8b68f@group-312CCC1152ED: set new configuration index: 1
configurationEntry {
  peers {
    id: "41ad025f-af8e-4c4e-9124-a1617073bc42"
    address: "localhost:15078"
    startupRole: FOLLOWER
  }
}
 from snapshot
2024-10-28 08:10:34,736 [grpc-default-executor-3] INFO  server.RaftServer$Division (ServerState.java:setRaftConf(386)) - 22ff29b6-698b-46d6-babb-0a5352f8b68f@group-312CCC1152ED: set configuration conf: {index: 1, cur=peers:[41ad025f-af8e-4c4e-9124-a1617073bc42|localhost:15078]|listeners:[], old=null}
2024-10-28 08:10:34,737 [grpc-default-executor-1] WARN  server.GrpcLogAppender (GrpcLogAppender.java:onNextImpl(519)) - 41ad025f-af8e-4c4e-9124-a1617073bc42@group-312CCC1152ED->22ff29b6-698b-46d6-babb-0a5352f8b68f-AppendLogResponseHandler: received INCONSISTENCY reply with nextIndex 0, errorCount=1, request=AppendEntriesRequest:cid=25,entriesCount=0
2024-10-28 08:10:34,737 [grpc-default-executor-3] INFO  impl.SnapshotInstallationHandler (SnapshotInstallationHandler.java:installSnapshot(105)) - 22ff29b6-698b-46d6-babb-0a5352f8b68f@group-312CCC1152ED: reply installSnapshot: 41ad025f-af8e-4c4e-9124-a1617073bc42<-22ff29b6-698b-46d6-babb-0a5352f8b68f#0:FAIL-t2,IN_PROGRESS,snapshotIndex=0
2024-10-28 08:10:34,737 [grpc-default-executor-3] INFO  server.GrpcServerProtocolService (GrpcServerProtocolService.java:onCompleted(157)) - 22ff29b6-698b-46d6-babb-0a5352f8b68f: Completed INSTALL_SNAPSHOT, lastRequest: 41ad025f-af8e-4c4e-9124-a1617073bc42->22ff29b6-698b-46d6-babb-0a5352f8b68f#0-t2,notify:(t:1, i:0)
2024-10-28 08:10:34,737 [grpc-default-executor-3] INFO  server.GrpcServerProtocolService (GrpcServerProtocolService.java:lambda$onCompleted$5(159)) - 22ff29b6-698b-46d6-babb-0a5352f8b68f: Completed INSTALL_SNAPSHOT, lastReply: null
2024-10-28 08:10:34,738 [grpc-default-executor-3] INFO  server.GrpcLogAppender (GrpcLogAppender.java:onNext(655)) - 41ad025f-af8e-4c4e-9124-a1617073bc42@group-312CCC1152ED->22ff29b6-698b-46d6-babb-0a5352f8b68f-InstallSnapshotResponseHandler: received a reply 41ad025f-af8e-4c4e-9124-a1617073bc42<-22ff29b6-698b-46d6-babb-0a5352f8b68f#0:FAIL-t2,IN_PROGRESS,snapshotIndex=0
2024-10-28 08:10:34,740 [grpc-default-executor-3] INFO  server.GrpcLogAppender (GrpcLogAppender.java:onNext(671)) - 41ad025f-af8e-4c4e-9124-a1617073bc42@group-312CCC1152ED->22ff29b6-698b-46d6-babb-0a5352f8b68f-InstallSnapshotResponseHandler: InstallSnapshot in progress.
2024-10-28 08:10:34,740 [22ff29b6-698b-46d6-babb-0a5352f8b68f-server-thread1] INFO  server.RaftServer$Division (RaftServerImpl.java:checkInconsistentAppendEntries(1607)) - 22ff29b6-698b-46d6-babb-0a5352f8b68f@group-312CCC1152ED: Failed appendEntries as snapshot (0) installation is in progress
2024-10-28 08:10:34,740 [22ff29b6-698b-46d6-babb-0a5352f8b68f-server-thread1] INFO  server.RaftServer$Division (RaftServerImpl.java:appendEntriesAsync(1562)) - 22ff29b6-698b-46d6-babb-0a5352f8b68f@group-312CCC1152ED: appendEntries* reply 41ad025f-af8e-4c4e-9124-a1617073bc42<-22ff29b6-698b-46d6-babb-0a5352f8b68f#26:FAIL-t2,INCONSISTENCY,nextIndex=0,followerCommit=-1,matchIndex=-1
2024-10-28 08:10:34,741 [grpc-default-executor-3] WARN  server.GrpcLogAppender (GrpcLogAppender.java:onNextImpl(519)) - 41ad025f-af8e-4c4e-9124-a1617073bc42@group-312CCC1152ED->22ff29b6-698b-46d6-babb-0a5352f8b68f-AppendLogResponseHandler: received INCONSISTENCY reply with nextIndex 0, errorCount=1, request=AppendEntriesRequest:cid=26,entriesCount=0
2024-10-28 08:10:34,741 [41ad025f-af8e-4c4e-9124-a1617073bc42@group-312CCC1152ED->22ff29b6-698b-46d6-babb-0a5352f8b68f-GrpcLogAppender-LogAppenderDaemon] INFO  server.GrpcLogAppender (GrpcLogAppender.java:notifyInstallSnapshot(789)) - 41ad025f-af8e-4c4e-9124-a1617073bc42@group-312CCC1152ED->22ff29b6-698b-46d6-babb-0a5352f8b68f-GrpcLogAppender: notifyInstallSnapshot with firstAvailable=(t:1, i:0), followerNextIndex=0
2024-10-28 08:10:34,741 [41ad025f-af8e-4c4e-9124-a1617073bc42@group-312CCC1152ED->22ff29b6-698b-46d6-babb-0a5352f8b68f-GrpcLogAppender-LogAppenderDaemon] INFO  server.GrpcLogAppender (GrpcLogAppender.java:notifyInstallSnapshot(797)) - 41ad025f-af8e-4c4e-9124-a1617073bc42@group-312CCC1152ED->22ff29b6-698b-46d6-babb-0a5352f8b68f-GrpcLogAppender: send 41ad025f-af8e-4c4e-9124-a1617073bc42->22ff29b6-698b-46d6-babb-0a5352f8b68f#0-t2,notify:(t:1, i:0)
2024-10-28 08:10:34,742 [grpc-default-executor-3] INFO  impl.SnapshotInstallationHandler (SnapshotInstallationHandler.java:installSnapshot(94)) - 22ff29b6-698b-46d6-babb-0a5352f8b68f@group-312CCC1152ED: receive installSnapshot: 41ad025f-af8e-4c4e-9124-a1617073bc42->22ff29b6-698b-46d6-babb-0a5352f8b68f#0-t2,notify:(t:1, i:0)
2024-10-28 08:10:34,742 [grpc-default-executor-3] INFO  impl.SnapshotInstallationHandler (SnapshotInstallationHandler.java:installSnapshotImpl(140)) - 22ff29b6-698b-46d6-babb-0a5352f8b68f@group-312CCC1152ED: set new configuration index: 1
configurationEntry {
  peers {
    id: "41ad025f-af8e-4c4e-9124-a1617073bc42"
    address: "localhost:15078"
    startupRole: FOLLOWER
  }
}
 from snapshot
2024-10-28 08:10:34,742 [grpc-default-executor-3] INFO  server.RaftServer$Division (ServerState.java:setRaftConf(386)) - 22ff29b6-698b-46d6-babb-0a5352f8b68f@group-312CCC1152ED: set configuration conf: {index: 1, cur=peers:[41ad025f-af8e-4c4e-9124-a1617073bc42|localhost:15078]|listeners:[], old=null}
2024-10-28 08:10:34,743 [grpc-default-executor-3] INFO  impl.SnapshotInstallationHandler (SnapshotInstallationHandler.java:installSnapshot(105)) - 22ff29b6-698b-46d6-babb-0a5352f8b68f@group-312CCC1152ED: reply installSnapshot: 41ad025f-af8e-4c4e-9124-a1617073bc42<-22ff29b6-698b-46d6-babb-0a5352f8b68f#0:FAIL-t2,IN_PROGRESS,snapshotIndex=0
2024-10-28 08:10:34,743 [grpc-default-executor-3] INFO  server.GrpcServerProtocolService (GrpcServerProtocolService.java:onCompleted(157)) - 22ff29b6-698b-46d6-babb-0a5352f8b68f: Completed INSTALL_SNAPSHOT, lastRequest: 41ad025f-af8e-4c4e-9124-a1617073bc42->22ff29b6-698b-46d6-babb-0a5352f8b68f#0-t2,notify:(t:1, i:0)
2024-10-28 08:10:34,744 [grpc-default-executor-3] INFO  server.GrpcServerProtocolService (GrpcServerProtocolService.java:lambda$onCompleted$5(159)) - 22ff29b6-698b-46d6-babb-0a5352f8b68f: Completed INSTALL_SNAPSHOT, lastReply: null
2024-10-28 08:10:34,744 [grpc-default-executor-1] INFO  server.GrpcLogAppender (GrpcLogAppender.java:onNext(655)) - 41ad025f-af8e-4c4e-9124-a1617073bc42@group-312CCC1152ED->22ff29b6-698b-46d6-babb-0a5352f8b68f-InstallSnapshotResponseHandler: received a reply 41ad025f-af8e-4c4e-9124-a1617073bc42<-22ff29b6-698b-46d6-babb-0a5352f8b68f#0:FAIL-t2,IN_PROGRESS,snapshotIndex=0
2024-10-28 08:10:34,744 [grpc-default-executor-1] INFO  server.GrpcLogAppender (GrpcLogAppender.java:onNext(671)) - 41ad025f-af8e-4c4e-9124-a1617073bc42@group-312CCC1152ED->22ff29b6-698b-46d6-babb-0a5352f8b68f-InstallSnapshotResponseHandler: InstallSnapshot in progress.
2024-10-28 08:10:34,744 [41ad025f-af8e-4c4e-9124-a1617073bc42@group-312CCC1152ED->22ff29b6-698b-46d6-babb-0a5352f8b68f-GrpcLogAppender-LogAppenderDaemon] INFO  server.GrpcLogAppender (GrpcLogAppender.java:notifyInstallSnapshot(789)) - 41ad025f-af8e-4c4e-9124-a1617073bc42@group-312CCC1152ED->22ff29b6-698b-46d6-babb-0a5352f8b68f-GrpcLogAppender: notifyInstallSnapshot with firstAvailable=(t:1, i:0), followerNextIndex=0
2024-10-28 08:10:34,744 [41ad025f-af8e-4c4e-9124-a1617073bc42@group-312CCC1152ED->22ff29b6-698b-46d6-babb-0a5352f8b68f-GrpcLogAppender-LogAppenderDaemon] INFO  server.GrpcLogAppender (GrpcLogAppender.java:notifyInstallSnapshot(797)) - 41ad025f-af8e-4c4e-9124-a1617073bc42@group-312CCC1152ED->22ff29b6-698b-46d6-babb-0a5352f8b68f-GrpcLogAppender: send 41ad025f-af8e-4c4e-9124-a1617073bc42->22ff29b6-698b-46d6-babb-0a5352f8b68f#0-t2,notify:(t:1, i:0)
2024-10-28 08:10:34,745 [grpc-default-executor-0] INFO  impl.SnapshotInstallationHandler (SnapshotInstallationHandler.java:installSnapshot(94)) - 22ff29b6-698b-46d6-babb-0a5352f8b68f@group-312CCC1152ED: receive installSnapshot: 41ad025f-af8e-4c4e-9124-a1617073bc42->22ff29b6-698b-46d6-babb-0a5352f8b68f#0-t2,notify:(t:1, i:0)
2024-10-28 08:10:34,745 [grpc-default-executor-0] INFO  impl.SnapshotInstallationHandler (SnapshotInstallationHandler.java:installSnapshotImpl(140)) - 22ff29b6-698b-46d6-babb-0a5352f8b68f@group-312CCC1152ED: set new configuration index: 1
configurationEntry {
  peers {
    id: "41ad025f-af8e-4c4e-9124-a1617073bc42"
    address: "localhost:15078"
    startupRole: FOLLOWER
  }
}
 from snapshot
2024-10-28 08:10:34,746 [grpc-default-executor-0] INFO  server.RaftServer$Division (ServerState.java:setRaftConf(386)) - 22ff29b6-698b-46d6-babb-0a5352f8b68f@group-312CCC1152ED: set configuration conf: {index: 1, cur=peers:[41ad025f-af8e-4c4e-9124-a1617073bc42|localhost:15078]|listeners:[], old=null}
2024-10-28 08:10:34,746 [22ff29b6-698b-46d6-babb-0a5352f8b68f-server-thread1] INFO  server.RaftServer$Division (RaftServerImpl.java:checkInconsistentAppendEntries(1607)) - 22ff29b6-698b-46d6-babb-0a5352f8b68f@group-312CCC1152ED: Failed appendEntries as snapshot (0) installation is in progress
2024-10-28 08:10:34,746 [22ff29b6-698b-46d6-babb-0a5352f8b68f-server-thread1] INFO  server.RaftServer$Division (RaftServerImpl.java:appendEntriesAsync(1562)) - 22ff29b6-698b-46d6-babb-0a5352f8b68f@group-312CCC1152ED: appendEntries* reply 41ad025f-af8e-4c4e-9124-a1617073bc42<-22ff29b6-698b-46d6-babb-0a5352f8b68f#27:FAIL-t2,INCONSISTENCY,nextIndex=0,followerCommit=-1,matchIndex=-1
2024-10-28 08:10:34,747 [grpc-default-executor-1] WARN  server.GrpcLogAppender (GrpcLogAppender.java:onNextImpl(519)) - 41ad025f-af8e-4c4e-9124-a1617073bc42@group-312CCC1152ED->22ff29b6-698b-46d6-babb-0a5352f8b68f-AppendLogResponseHandler: received INCONSISTENCY reply with nextIndex 0, errorCount=1, request=AppendEntriesRequest:cid=27,entriesCount=0
2024-10-28 08:10:34,747 [grpc-default-executor-0] INFO  impl.SnapshotInstallationHandler (SnapshotInstallationHandler.java:installSnapshot(105)) - 22ff29b6-698b-46d6-babb-0a5352f8b68f@group-312CCC1152ED: reply installSnapshot: 41ad025f-af8e-4c4e-9124-a1617073bc42<-22ff29b6-698b-46d6-babb-0a5352f8b68f#0:FAIL-t2,IN_PROGRESS,snapshotIndex=0
2024-10-28 08:10:34,747 [grpc-default-executor-1] INFO  server.GrpcLogAppender (GrpcLogAppender.java:onNext(655)) - 41ad025f-af8e-4c4e-9124-a1617073bc42@group-312CCC1152ED->22ff29b6-698b-46d6-babb-0a5352f8b68f-InstallSnapshotResponseHandler: received a reply 41ad025f-af8e-4c4e-9124-a1617073bc42<-22ff29b6-698b-46d6-babb-0a5352f8b68f#0:FAIL-t2,IN_PROGRESS,snapshotIndex=0
2024-10-28 08:10:34,747 [grpc-default-executor-1] INFO  server.GrpcLogAppender (GrpcLogAppender.java:onNext(671)) - 41ad025f-af8e-4c4e-9124-a1617073bc42@group-312CCC1152ED->22ff29b6-698b-46d6-babb-0a5352f8b68f-InstallSnapshotResponseHandler: InstallSnapshot in progress.
2024-10-28 08:10:34,747 [grpc-default-executor-0] INFO  server.GrpcServerProtocolService (GrpcServerProtocolService.java:onCompleted(157)) - 22ff29b6-698b-46d6-babb-0a5352f8b68f: Completed INSTALL_SNAPSHOT, lastRequest: 41ad025f-af8e-4c4e-9124-a1617073bc42->22ff29b6-698b-46d6-babb-0a5352f8b68f#0-t2,notify:(t:1, i:0)
2024-10-28 08:10:34,747 [grpc-default-executor-0] INFO  server.GrpcServerProtocolService (GrpcServerProtocolService.java:lambda$onCompleted$5(159)) - 22ff29b6-698b-46d6-babb-0a5352f8b68f: Completed INSTALL_SNAPSHOT, lastReply: null
2024-10-28 08:10:34,748 [22ff29b6-698b-46d6-babb-0a5352f8b68f-server-thread1] INFO  server.RaftServer$Division (RaftServerImpl.java:checkInconsistentAppendEntries(1607)) - 22ff29b6-698b-46d6-babb-0a5352f8b68f@group-312CCC1152ED: Failed appendEntries as snapshot (0) installation is in progress
2024-10-28 08:10:34,748 [22ff29b6-698b-46d6-babb-0a5352f8b68f-server-thread1] INFO  server.RaftServer$Division (RaftServerImpl.java:appendEntriesAsync(1562)) - 22ff29b6-698b-46d6-babb-0a5352f8b68f@group-312CCC1152ED: appendEntries* reply 41ad025f-af8e-4c4e-9124-a1617073bc42<-22ff29b6-698b-46d6-babb-0a5352f8b68f#28:FAIL-t2,INCONSISTENCY,nextIndex=0,followerCommit=-1,matchIndex=-1
2024-10-28 08:10:34,748 [grpc-default-executor-1] WARN  server.GrpcLogAppender (GrpcLogAppender.java:onNextImpl(519)) - 41ad025f-af8e-4c4e-9124-a1617073bc42@group-312CCC1152ED->22ff29b6-698b-46d6-babb-0a5352f8b68f-AppendLogResponseHandler: received INCONSISTENCY reply with nextIndex 0, errorCount=1, request=AppendEntriesRequest:cid=28,entriesCount=0
2024-10-28 08:10:34,749 [41ad025f-af8e-4c4e-9124-a1617073bc42@group-312CCC1152ED->22ff29b6-698b-46d6-babb-0a5352f8b68f-GrpcLogAppender-LogAppenderDaemon] INFO  server.GrpcLogAppender (GrpcLogAppender.java:notifyInstallSnapshot(789)) - 41ad025f-af8e-4c4e-9124-a1617073bc42@group-312CCC1152ED->22ff29b6-698b-46d6-babb-0a5352f8b68f-GrpcLogAppender: notifyInstallSnapshot with firstAvailable=(t:1, i:0), followerNextIndex=0
2024-10-28 08:10:34,749 [41ad025f-af8e-4c4e-9124-a1617073bc42@group-312CCC1152ED->22ff29b6-698b-46d6-babb-0a5352f8b68f-GrpcLogAppender-LogAppenderDaemon] INFO  server.GrpcLogAppender (GrpcLogAppender.java:notifyInstallSnapshot(797)) - 41ad025f-af8e-4c4e-9124-a1617073bc42@group-312CCC1152ED->22ff29b6-698b-46d6-babb-0a5352f8b68f-GrpcLogAppender: send 41ad025f-af8e-4c4e-9124-a1617073bc42->22ff29b6-698b-46d6-babb-0a5352f8b68f#0-t2,notify:(t:1, i:0)
2024-10-28 08:10:34,749 [grpc-default-executor-1] INFO  impl.SnapshotInstallationHandler (SnapshotInstallationHandler.java:installSnapshot(94)) - 22ff29b6-698b-46d6-babb-0a5352f8b68f@group-312CCC1152ED: receive installSnapshot: 41ad025f-af8e-4c4e-9124-a1617073bc42->22ff29b6-698b-46d6-babb-0a5352f8b68f#0-t2,notify:(t:1, i:0)
2024-10-28 08:10:34,750 [grpc-default-executor-1] INFO  impl.SnapshotInstallationHandler (SnapshotInstallationHandler.java:installSnapshotImpl(140)) - 22ff29b6-698b-46d6-babb-0a5352f8b68f@group-312CCC1152ED: set new configuration index: 1
configurationEntry {
  peers {
    id: "41ad025f-af8e-4c4e-9124-a1617073bc42"
    address: "localhost:15078"
    startupRole: FOLLOWER
  }
}
 from snapshot
2024-10-28 08:10:34,750 [grpc-default-executor-1] INFO  server.RaftServer$Division (ServerState.java:setRaftConf(386)) - 22ff29b6-698b-46d6-babb-0a5352f8b68f@group-312CCC1152ED: set configuration conf: {index: 1, cur=peers:[41ad025f-af8e-4c4e-9124-a1617073bc42|localhost:15078]|listeners:[], old=null}
2024-10-28 08:10:34,751 [grpc-default-executor-1] INFO  impl.SnapshotInstallationHandler (SnapshotInstallationHandler.java:installSnapshot(105)) - 22ff29b6-698b-46d6-babb-0a5352f8b68f@group-312CCC1152ED: reply installSnapshot: 41ad025f-af8e-4c4e-9124-a1617073bc42<-22ff29b6-698b-46d6-babb-0a5352f8b68f#0:FAIL-t2,IN_PROGRESS,snapshotIndex=0
2024-10-28 08:10:34,751 [grpc-default-executor-1] INFO  server.GrpcServerProtocolService (GrpcServerProtocolService.java:onCompleted(157)) - 22ff29b6-698b-46d6-babb-0a5352f8b68f: Completed INSTALL_SNAPSHOT, lastRequest: 41ad025f-af8e-4c4e-9124-a1617073bc42->22ff29b6-698b-46d6-babb-0a5352f8b68f#0-t2,notify:(t:1, i:0)
2024-10-28 08:10:34,751 [grpc-default-executor-1] INFO  server.GrpcServerProtocolService (GrpcServerProtocolService.java:lambda$onCompleted$5(159)) - 22ff29b6-698b-46d6-babb-0a5352f8b68f: Completed INSTALL_SNAPSHOT, lastReply: null
2024-10-28 08:10:34,751 [grpc-default-executor-0] INFO  server.GrpcLogAppender (GrpcLogAppender.java:onNext(655)) - 41ad025f-af8e-4c4e-9124-a1617073bc42@group-312CCC1152ED->22ff29b6-698b-46d6-babb-0a5352f8b68f-InstallSnapshotResponseHandler: received a reply 41ad025f-af8e-4c4e-9124-a1617073bc42<-22ff29b6-698b-46d6-babb-0a5352f8b68f#0:FAIL-t2,IN_PROGRESS,snapshotIndex=0
2024-10-28 08:10:34,751 [grpc-default-executor-0] INFO  server.GrpcLogAppender (GrpcLogAppender.java:onNext(671)) - 41ad025f-af8e-4c4e-9124-a1617073bc42@group-312CCC1152ED->22ff29b6-698b-46d6-babb-0a5352f8b68f-InstallSnapshotResponseHandler: InstallSnapshot in progress.
2024-10-28 08:10:34,752 [41ad025f-af8e-4c4e-9124-a1617073bc42@group-312CCC1152ED->22ff29b6-698b-46d6-babb-0a5352f8b68f-GrpcLogAppender-LogAppenderDaemon] INFO  server.GrpcLogAppender (GrpcLogAppender.java:notifyInstallSnapshot(789)) - 41ad025f-af8e-4c4e-9124-a1617073bc42@group-312CCC1152ED->22ff29b6-698b-46d6-babb-0a5352f8b68f-GrpcLogAppender: notifyInstallSnapshot with firstAvailable=(t:1, i:0), followerNextIndex=0
2024-10-28 08:10:34,752 [41ad025f-af8e-4c4e-9124-a1617073bc42@group-312CCC1152ED->22ff29b6-698b-46d6-babb-0a5352f8b68f-GrpcLogAppender-LogAppenderDaemon] INFO  server.GrpcLogAppender (GrpcLogAppender.java:notifyInstallSnapshot(797)) - 41ad025f-af8e-4c4e-9124-a1617073bc42@group-312CCC1152ED->22ff29b6-698b-46d6-babb-0a5352f8b68f-GrpcLogAppender: send 41ad025f-af8e-4c4e-9124-a1617073bc42->22ff29b6-698b-46d6-babb-0a5352f8b68f#0-t2,notify:(t:1, i:0)
2024-10-28 08:10:34,752 [22ff29b6-698b-46d6-babb-0a5352f8b68f-server-thread1] INFO  server.RaftServer$Division (RaftServerImpl.java:checkInconsistentAppendEntries(1607)) - 22ff29b6-698b-46d6-babb-0a5352f8b68f@group-312CCC1152ED: Failed appendEntries as snapshot (0) installation is in progress
2024-10-28 08:10:34,752 [22ff29b6-698b-46d6-babb-0a5352f8b68f-server-thread1] INFO  server.RaftServer$Division (RaftServerImpl.java:appendEntriesAsync(1562)) - 22ff29b6-698b-46d6-babb-0a5352f8b68f@group-312CCC1152ED: appendEntries* reply 41ad025f-af8e-4c4e-9124-a1617073bc42<-22ff29b6-698b-46d6-babb-0a5352f8b68f#29:FAIL-t2,INCONSISTENCY,nextIndex=0,followerCommit=-1,matchIndex=-1
2024-10-28 08:10:34,753 [grpc-default-executor-0] INFO  impl.SnapshotInstallationHandler (SnapshotInstallationHandler.java:installSnapshot(94)) - 22ff29b6-698b-46d6-babb-0a5352f8b68f@group-312CCC1152ED: receive installSnapshot: 41ad025f-af8e-4c4e-9124-a1617073bc42->22ff29b6-698b-46d6-babb-0a5352f8b68f#0-t2,notify:(t:1, i:0)
2024-10-28 08:10:34,753 [grpc-default-executor-1] WARN  server.GrpcLogAppender (GrpcLogAppender.java:onNextImpl(519)) - 41ad025f-af8e-4c4e-9124-a1617073bc42@group-312CCC1152ED->22ff29b6-698b-46d6-babb-0a5352f8b68f-AppendLogResponseHandler: received INCONSISTENCY reply with nextIndex 0, errorCount=1, request=AppendEntriesRequest:cid=29,entriesCount=0
2024-10-28 08:10:34,753 [grpc-default-executor-0] INFO  impl.SnapshotInstallationHandler (SnapshotInstallationHandler.java:installSnapshotImpl(140)) - 22ff29b6-698b-46d6-babb-0a5352f8b68f@group-312CCC1152ED: set new configuration index: 1
configurationEntry {
  peers {
    id: "41ad025f-af8e-4c4e-9124-a1617073bc42"
    address: "localhost:15078"
    startupRole: FOLLOWER
  }
}
 from snapshot
2024-10-28 08:10:34,753 [grpc-default-executor-0] INFO  server.RaftServer$Division (ServerState.java:setRaftConf(386)) - 22ff29b6-698b-46d6-babb-0a5352f8b68f@group-312CCC1152ED: set configuration conf: {index: 1, cur=peers:[41ad025f-af8e-4c4e-9124-a1617073bc42|localhost:15078]|listeners:[], old=null}
2024-10-28 08:10:34,754 [grpc-default-executor-0] INFO  impl.SnapshotInstallationHandler (SnapshotInstallationHandler.java:installSnapshot(105)) - 22ff29b6-698b-46d6-babb-0a5352f8b68f@group-312CCC1152ED: reply installSnapshot: 41ad025f-af8e-4c4e-9124-a1617073bc42<-22ff29b6-698b-46d6-babb-0a5352f8b68f#0:FAIL-t2,IN_PROGRESS,snapshotIndex=0
2024-10-28 08:10:34,755 [grpc-default-executor-0] INFO  server.GrpcServerProtocolService (GrpcServerProtocolService.java:onCompleted(157)) - 22ff29b6-698b-46d6-babb-0a5352f8b68f: Completed INSTALL_SNAPSHOT, lastRequest: 41ad025f-af8e-4c4e-9124-a1617073bc42->22ff29b6-698b-46d6-babb-0a5352f8b68f#0-t2,notify:(t:1, i:0)
2024-10-28 08:10:34,755 [grpc-default-executor-0] INFO  server.GrpcServerProtocolService (GrpcServerProtocolService.java:lambda$onCompleted$5(159)) - 22ff29b6-698b-46d6-babb-0a5352f8b68f: Completed INSTALL_SNAPSHOT, lastReply: null
2024-10-28 08:10:34,755 [grpc-default-executor-1] INFO  server.GrpcLogAppender (GrpcLogAppender.java:onNext(655)) - 41ad025f-af8e-4c4e-9124-a1617073bc42@group-312CCC1152ED->22ff29b6-698b-46d6-babb-0a5352f8b68f-InstallSnapshotResponseHandler: received a reply 41ad025f-af8e-4c4e-9124-a1617073bc42<-22ff29b6-698b-46d6-babb-0a5352f8b68f#0:FAIL-t2,IN_PROGRESS,snapshotIndex=0
2024-10-28 08:10:34,755 [grpc-default-executor-1] INFO  server.GrpcLogAppender (GrpcLogAppender.java:onNext(671)) - 41ad025f-af8e-4c4e-9124-a1617073bc42@group-312CCC1152ED->22ff29b6-698b-46d6-babb-0a5352f8b68f-InstallSnapshotResponseHandler: InstallSnapshot in progress.
2024-10-28 08:10:34,756 [22ff29b6-698b-46d6-babb-0a5352f8b68f-server-thread1] INFO  server.RaftServer$Division (RaftServerImpl.java:checkInconsistentAppendEntries(1607)) - 22ff29b6-698b-46d6-babb-0a5352f8b68f@group-312CCC1152ED: Failed appendEntries as snapshot (0) installation is in progress
2024-10-28 08:10:34,756 [22ff29b6-698b-46d6-babb-0a5352f8b68f-server-thread1] INFO  server.RaftServer$Division (RaftServerImpl.java:appendEntriesAsync(1562)) - 22ff29b6-698b-46d6-babb-0a5352f8b68f@group-312CCC1152ED: appendEntries* reply 41ad025f-af8e-4c4e-9124-a1617073bc42<-22ff29b6-698b-46d6-babb-0a5352f8b68f#30:FAIL-t2,INCONSISTENCY,nextIndex=0,followerCommit=-1,matchIndex=-1
2024-10-28 08:10:34,756 [grpc-default-executor-1] WARN  server.GrpcLogAppender (GrpcLogAppender.java:onNextImpl(519)) - 41ad025f-af8e-4c4e-9124-a1617073bc42@group-312CCC1152ED->22ff29b6-698b-46d6-babb-0a5352f8b68f-AppendLogResponseHandler: received INCONSISTENCY reply with nextIndex 0, errorCount=1, request=AppendEntriesRequest:cid=30,entriesCount=0
2024-10-28 08:10:34,756 [41ad025f-af8e-4c4e-9124-a1617073bc42@group-312CCC1152ED->22ff29b6-698b-46d6-babb-0a5352f8b68f-GrpcLogAppender-LogAppenderDaemon] INFO  server.GrpcLogAppender (GrpcLogAppender.java:notifyInstallSnapshot(789)) - 41ad025f-af8e-4c4e-9124-a1617073bc42@group-312CCC1152ED->22ff29b6-698b-46d6-babb-0a5352f8b68f-GrpcLogAppender: notifyInstallSnapshot with firstAvailable=(t:1, i:0), followerNextIndex=0
2024-10-28 08:10:34,756 [41ad025f-af8e-4c4e-9124-a1617073bc42@group-312CCC1152ED->22ff29b6-698b-46d6-babb-0a5352f8b68f-GrpcLogAppender-LogAppenderDaemon] INFO  server.GrpcLogAppender (GrpcLogAppender.java:notifyInstallSnapshot(797)) - 41ad025f-af8e-4c4e-9124-a1617073bc42@group-312CCC1152ED->22ff29b6-698b-46d6-babb-0a5352f8b68f-GrpcLogAppender: send 41ad025f-af8e-4c4e-9124-a1617073bc42->22ff29b6-698b-46d6-babb-0a5352f8b68f#0-t2,notify:(t:1, i:0)
2024-10-28 08:10:34,757 [grpc-default-executor-1] INFO  impl.SnapshotInstallationHandler (SnapshotInstallationHandler.java:installSnapshot(94)) - 22ff29b6-698b-46d6-babb-0a5352f8b68f@group-312CCC1152ED: receive installSnapshot: 41ad025f-af8e-4c4e-9124-a1617073bc42->22ff29b6-698b-46d6-babb-0a5352f8b68f#0-t2,notify:(t:1, i:0)
2024-10-28 08:10:34,757 [grpc-default-executor-1] INFO  impl.SnapshotInstallationHandler (SnapshotInstallationHandler.java:installSnapshotImpl(140)) - 22ff29b6-698b-46d6-babb-0a5352f8b68f@group-312CCC1152ED: set new configuration index: 1
configurationEntry {
  peers {
    id: "41ad025f-af8e-4c4e-9124-a1617073bc42"
    address: "localhost:15078"
    startupRole: FOLLOWER
  }
}
 from snapshot
2024-10-28 08:10:34,758 [grpc-default-executor-1] INFO  server.RaftServer$Division (ServerState.java:setRaftConf(386)) - 22ff29b6-698b-46d6-babb-0a5352f8b68f@group-312CCC1152ED: set configuration conf: {index: 1, cur=peers:[41ad025f-af8e-4c4e-9124-a1617073bc42|localhost:15078]|listeners:[], old=null}
2024-10-28 08:10:34,759 [grpc-default-executor-1] INFO  impl.SnapshotInstallationHandler (SnapshotInstallationHandler.java:installSnapshot(105)) - 22ff29b6-698b-46d6-babb-0a5352f8b68f@group-312CCC1152ED: reply installSnapshot: 41ad025f-af8e-4c4e-9124-a1617073bc42<-22ff29b6-698b-46d6-babb-0a5352f8b68f#0:FAIL-t2,IN_PROGRESS,snapshotIndex=0
2024-10-28 08:10:34,760 [grpc-default-executor-1] INFO  server.GrpcServerProtocolService (GrpcServerProtocolService.java:onCompleted(157)) - 22ff29b6-698b-46d6-babb-0a5352f8b68f: Completed INSTALL_SNAPSHOT, lastRequest: 41ad025f-af8e-4c4e-9124-a1617073bc42->22ff29b6-698b-46d6-babb-0a5352f8b68f#0-t2,notify:(t:1, i:0)
2024-10-28 08:10:34,760 [grpc-default-executor-0] INFO  server.GrpcLogAppender (GrpcLogAppender.java:onNext(655)) - 41ad025f-af8e-4c4e-9124-a1617073bc42@group-312CCC1152ED->22ff29b6-698b-46d6-babb-0a5352f8b68f-InstallSnapshotResponseHandler: received a reply 41ad025f-af8e-4c4e-9124-a1617073bc42<-22ff29b6-698b-46d6-babb-0a5352f8b68f#0:FAIL-t2,IN_PROGRESS,snapshotIndex=0
2024-10-28 08:10:34,760 [grpc-default-executor-1] INFO  server.GrpcServerProtocolService (GrpcServerProtocolService.java:lambda$onCompleted$5(159)) - 22ff29b6-698b-46d6-babb-0a5352f8b68f: Completed INSTALL_SNAPSHOT, lastReply: null
2024-10-28 08:10:34,760 [grpc-default-executor-0] INFO  server.GrpcLogAppender (GrpcLogAppender.java:onNext(671)) - 41ad025f-af8e-4c4e-9124-a1617073bc42@group-312CCC1152ED->22ff29b6-698b-46d6-babb-0a5352f8b68f-InstallSnapshotResponseHandler: InstallSnapshot in progress.
2024-10-28 08:10:34,760 [41ad025f-af8e-4c4e-9124-a1617073bc42@group-312CCC1152ED->22ff29b6-698b-46d6-babb-0a5352f8b68f-GrpcLogAppender-LogAppenderDaemon] INFO  server.GrpcLogAppender (GrpcLogAppender.java:notifyInstallSnapshot(789)) - 41ad025f-af8e-4c4e-9124-a1617073bc42@group-312CCC1152ED->22ff29b6-698b-46d6-babb-0a5352f8b68f-GrpcLogAppender: notifyInstallSnapshot with firstAvailable=(t:1, i:0), followerNextIndex=0
2024-10-28 08:10:34,761 [41ad025f-af8e-4c4e-9124-a1617073bc42@group-312CCC1152ED->22ff29b6-698b-46d6-babb-0a5352f8b68f-GrpcLogAppender-LogAppenderDaemon] INFO  server.GrpcLogAppender (GrpcLogAppender.java:notifyInstallSnapshot(797)) - 41ad025f-af8e-4c4e-9124-a1617073bc42@group-312CCC1152ED->22ff29b6-698b-46d6-babb-0a5352f8b68f-GrpcLogAppender: send 41ad025f-af8e-4c4e-9124-a1617073bc42->22ff29b6-698b-46d6-babb-0a5352f8b68f#0-t2,notify:(t:1, i:0)
2024-10-28 08:10:34,761 [scmNode-2-SCMInstallSnapshot-0] INFO  ha.SCMHAManagerImpl (SCMHAManagerImpl.java:verifyCheckpointFromLeader(237)) - 22ff29b6-698b-46d6-babb-0a5352f8b68f: Verify checkpoint 2#2 from leader scmNode-1
2024-10-28 08:10:34,761 [scmNode-2-SCMInstallSnapshot-0] INFO  impl.SnapshotInstallationHandler (SnapshotInstallationHandler.java:lambda$notifyStateMachineToInstallSnapshot$2(289)) - 22ff29b6-698b-46d6-babb-0a5352f8b68f@group-312CCC1152ED: StateMachine successfully installed snapshot index 2. Reloading the StateMachine.
2024-10-28 08:10:34,761 [22ff29b6-698b-46d6-babb-0a5352f8b68f-server-thread1] INFO  server.RaftServer$Division (RaftServerImpl.java:checkInconsistentAppendEntries(1607)) - 22ff29b6-698b-46d6-babb-0a5352f8b68f@group-312CCC1152ED: Failed appendEntries as snapshot (0) installation is in progress
2024-10-28 08:10:34,761 [22ff29b6-698b-46d6-babb-0a5352f8b68f-server-thread1] INFO  server.RaftServer$Division (RaftServerImpl.java:appendEntriesAsync(1562)) - 22ff29b6-698b-46d6-babb-0a5352f8b68f@group-312CCC1152ED: appendEntries* reply 41ad025f-af8e-4c4e-9124-a1617073bc42<-22ff29b6-698b-46d6-babb-0a5352f8b68f#31:FAIL-t2,INCONSISTENCY,nextIndex=0,followerCommit=-1,matchIndex=-1
2024-10-28 08:10:34,761 [grpc-default-executor-3] INFO  impl.SnapshotInstallationHandler (SnapshotInstallationHandler.java:installSnapshot(94)) - 22ff29b6-698b-46d6-babb-0a5352f8b68f@group-312CCC1152ED: receive installSnapshot: 41ad025f-af8e-4c4e-9124-a1617073bc42->22ff29b6-698b-46d6-babb-0a5352f8b68f#0-t2,notify:(t:1, i:0)
2024-10-28 08:10:34,762 [grpc-default-executor-3] INFO  impl.SnapshotInstallationHandler (SnapshotInstallationHandler.java:installSnapshotImpl(140)) - 22ff29b6-698b-46d6-babb-0a5352f8b68f@group-312CCC1152ED: set new configuration index: 1
configurationEntry {
  peers {
    id: "41ad025f-af8e-4c4e-9124-a1617073bc42"
    address: "localhost:15078"
    startupRole: FOLLOWER
  }
}
 from snapshot
2024-10-28 08:10:34,762 [grpc-default-executor-3] INFO  server.RaftServer$Division (ServerState.java:setRaftConf(386)) - 22ff29b6-698b-46d6-babb-0a5352f8b68f@group-312CCC1152ED: set configuration conf: {index: 1, cur=peers:[41ad025f-af8e-4c4e-9124-a1617073bc42|localhost:15078]|listeners:[], old=null}
2024-10-28 08:10:34,762 [grpc-default-executor-0] WARN  server.GrpcLogAppender (GrpcLogAppender.java:onNextImpl(519)) - 41ad025f-af8e-4c4e-9124-a1617073bc42@group-312CCC1152ED->22ff29b6-698b-46d6-babb-0a5352f8b68f-AppendLogResponseHandler: received INCONSISTENCY reply with nextIndex 0, errorCount=1, request=AppendEntriesRequest:cid=31,entriesCount=0
2024-10-28 08:10:34,763 [grpc-default-executor-3] INFO  impl.SnapshotInstallationHandler (SnapshotInstallationHandler.java:installSnapshot(105)) - 22ff29b6-698b-46d6-babb-0a5352f8b68f@group-312CCC1152ED: reply installSnapshot: 41ad025f-af8e-4c4e-9124-a1617073bc42<-22ff29b6-698b-46d6-babb-0a5352f8b68f#0:FAIL-t2,IN_PROGRESS,snapshotIndex=0
2024-10-28 08:10:34,763 [grpc-default-executor-3] INFO  server.GrpcServerProtocolService (GrpcServerProtocolService.java:onCompleted(157)) - 22ff29b6-698b-46d6-babb-0a5352f8b68f: Completed INSTALL_SNAPSHOT, lastRequest: 41ad025f-af8e-4c4e-9124-a1617073bc42->22ff29b6-698b-46d6-babb-0a5352f8b68f#0-t2,notify:(t:1, i:0)
2024-10-28 08:10:34,763 [grpc-default-executor-3] INFO  server.GrpcServerProtocolService (GrpcServerProtocolService.java:lambda$onCompleted$5(159)) - 22ff29b6-698b-46d6-babb-0a5352f8b68f: Completed INSTALL_SNAPSHOT, lastReply: null
2024-10-28 08:10:34,764 [grpc-default-executor-3] INFO  server.GrpcLogAppender (GrpcLogAppender.java:onNext(655)) - 41ad025f-af8e-4c4e-9124-a1617073bc42@group-312CCC1152ED->22ff29b6-698b-46d6-babb-0a5352f8b68f-InstallSnapshotResponseHandler: received a reply 41ad025f-af8e-4c4e-9124-a1617073bc42<-22ff29b6-698b-46d6-babb-0a5352f8b68f#0:FAIL-t2,IN_PROGRESS,snapshotIndex=0
2024-10-28 08:10:34,764 [grpc-default-executor-3] INFO  server.GrpcLogAppender (GrpcLogAppender.java:onNext(671)) - 41ad025f-af8e-4c4e-9124-a1617073bc42@group-312CCC1152ED->22ff29b6-698b-46d6-babb-0a5352f8b68f-InstallSnapshotResponseHandler: InstallSnapshot in progress.
2024-10-28 08:10:34,764 [41ad025f-af8e-4c4e-9124-a1617073bc42@group-312CCC1152ED->22ff29b6-698b-46d6-babb-0a5352f8b68f-GrpcLogAppender-LogAppenderDaemon] INFO  server.GrpcLogAppender (GrpcLogAppender.java:notifyInstallSnapshot(789)) - 41ad025f-af8e-4c4e-9124-a1617073bc42@group-312CCC1152ED->22ff29b6-698b-46d6-babb-0a5352f8b68f-GrpcLogAppender: notifyInstallSnapshot with firstAvailable=(t:1, i:0), followerNextIndex=0
2024-10-28 08:10:34,764 [41ad025f-af8e-4c4e-9124-a1617073bc42@group-312CCC1152ED->22ff29b6-698b-46d6-babb-0a5352f8b68f-GrpcLogAppender-LogAppenderDaemon] INFO  server.GrpcLogAppender (GrpcLogAppender.java:notifyInstallSnapshot(797)) - 41ad025f-af8e-4c4e-9124-a1617073bc42@group-312CCC1152ED->22ff29b6-698b-46d6-babb-0a5352f8b68f-GrpcLogAppender: send 41ad025f-af8e-4c4e-9124-a1617073bc42->22ff29b6-698b-46d6-babb-0a5352f8b68f#0-t2,notify:(t:1, i:0)
2024-10-28 08:10:34,765 [22ff29b6-698b-46d6-babb-0a5352f8b68f-server-thread1] INFO  server.RaftServer$Division (RaftServerImpl.java:checkInconsistentAppendEntries(1607)) - 22ff29b6-698b-46d6-babb-0a5352f8b68f@group-312CCC1152ED: Failed appendEntries as snapshot (0) installation is in progress
2024-10-28 08:10:34,765 [grpc-default-executor-0] INFO  impl.SnapshotInstallationHandler (SnapshotInstallationHandler.java:installSnapshot(94)) - 22ff29b6-698b-46d6-babb-0a5352f8b68f@group-312CCC1152ED: receive installSnapshot: 41ad025f-af8e-4c4e-9124-a1617073bc42->22ff29b6-698b-46d6-babb-0a5352f8b68f#0-t2,notify:(t:1, i:0)
2024-10-28 08:10:34,765 [22ff29b6-698b-46d6-babb-0a5352f8b68f-server-thread1] INFO  server.RaftServer$Division (RaftServerImpl.java:appendEntriesAsync(1562)) - 22ff29b6-698b-46d6-babb-0a5352f8b68f@group-312CCC1152ED: appendEntries* reply 41ad025f-af8e-4c4e-9124-a1617073bc42<-22ff29b6-698b-46d6-babb-0a5352f8b68f#32:FAIL-t2,INCONSISTENCY,nextIndex=0,followerCommit=-1,matchIndex=-1
2024-10-28 08:10:34,765 [grpc-default-executor-0] INFO  ha.SCMStateMachine (SCMStateMachine.java:pause(396)) - 22ff29b6-698b-46d6-babb-0a5352f8b68f: Try to pause from current LifeCycle state SCMStateMachine:22ff29b6-698b-46d6-babb-0a5352f8b68f:group-312CCC1152ED:RUNNING
2024-10-28 08:10:34,765 [grpc-default-executor-0] INFO  raftlog.RaftLog (RaftLogBase.java:lambda$new$0(54)) - 22ff29b6-698b-46d6-babb-0a5352f8b68f@group-312CCC1152ED-SegmentedRaftLog: snapshotIndex: updateIncreasingly -1 -> 2
2024-10-28 08:10:34,765 [grpc-default-executor-3] WARN  server.GrpcLogAppender (GrpcLogAppender.java:onNextImpl(519)) - 41ad025f-af8e-4c4e-9124-a1617073bc42@group-312CCC1152ED->22ff29b6-698b-46d6-babb-0a5352f8b68f-AppendLogResponseHandler: received INCONSISTENCY reply with nextIndex 0, errorCount=1, request=AppendEntriesRequest:cid=32,entriesCount=0
2024-10-28 08:10:34,765 [grpc-default-executor-0] INFO  segmented.SegmentedRaftLogWorker (SegmentedRaftLogWorker.java:lambda$new$0(138)) - 22ff29b6-698b-46d6-babb-0a5352f8b68f@group-312CCC1152ED-SegmentedRaftLogWorker: flushIndex: setUnconditionally -1 -> 2
2024-10-28 08:10:34,765 [grpc-default-executor-0] INFO  segmented.SegmentedRaftLogWorker (SegmentedRaftLogWorker.java:lambda$new$0(138)) - 22ff29b6-698b-46d6-babb-0a5352f8b68f@group-312CCC1152ED-SegmentedRaftLogWorker: safeCacheEvictIndex: setUnconditionally -1 -> 2
2024-10-28 08:10:34,765 [grpc-default-executor-0] INFO  raftlog.RaftLog (RaftLogBase.java:lambda$new$0(54)) - 22ff29b6-698b-46d6-babb-0a5352f8b68f@group-312CCC1152ED-SegmentedRaftLog: purgeIndex: updateToMax old=-1, new=2, updated? true
2024-10-28 08:10:34,765 [grpc-default-executor-0] INFO  impl.SnapshotInstallationHandler (SnapshotInstallationHandler.java:notifyStateMachineToInstallSnapshot(333)) - 22ff29b6-698b-46d6-babb-0a5352f8b68f@group-312CCC1152ED: InstallSnapshot notification result: SNAPSHOT_INSTALLED, at index: (t:2, i:2)
2024-10-28 08:10:34,766 [grpc-default-executor-0] INFO  impl.SnapshotInstallationHandler (SnapshotInstallationHandler.java:installSnapshotImpl(140)) - 22ff29b6-698b-46d6-babb-0a5352f8b68f@group-312CCC1152ED: set new configuration index: 1
configurationEntry {
  peers {
    id: "41ad025f-af8e-4c4e-9124-a1617073bc42"
    address: "localhost:15078"
    startupRole: FOLLOWER
  }
}
 from snapshot
2024-10-28 08:10:34,766 [grpc-default-executor-0] INFO  server.RaftServer$Division (ServerState.java:setRaftConf(386)) - 22ff29b6-698b-46d6-babb-0a5352f8b68f@group-312CCC1152ED: set configuration conf: {index: 1, cur=peers:[41ad025f-af8e-4c4e-9124-a1617073bc42|localhost:15078]|listeners:[], old=null}
2024-10-28 08:10:34,767 [grpc-default-executor-0] INFO  impl.SnapshotInstallationHandler (SnapshotInstallationHandler.java:installSnapshot(105)) - 22ff29b6-698b-46d6-babb-0a5352f8b68f@group-312CCC1152ED: reply installSnapshot: 41ad025f-af8e-4c4e-9124-a1617073bc42<-22ff29b6-698b-46d6-babb-0a5352f8b68f#0:OK-t2,SNAPSHOT_INSTALLED,snapshotIndex=2
2024-10-28 08:10:34,767 [grpc-default-executor-0] INFO  server.GrpcServerProtocolService (GrpcServerProtocolService.java:onCompleted(157)) - 22ff29b6-698b-46d6-babb-0a5352f8b68f: Completed INSTALL_SNAPSHOT, lastRequest: 41ad025f-af8e-4c4e-9124-a1617073bc42->22ff29b6-698b-46d6-babb-0a5352f8b68f#0-t2,notify:(t:1, i:0)
2024-10-28 08:10:34,767 [grpc-default-executor-0] INFO  server.GrpcServerProtocolService (GrpcServerProtocolService.java:lambda$onCompleted$5(159)) - 22ff29b6-698b-46d6-babb-0a5352f8b68f: Completed INSTALL_SNAPSHOT, lastReply: null
2024-10-28 08:10:34,767 [grpc-default-executor-0] INFO  server.GrpcLogAppender (GrpcLogAppender.java:onNext(655)) - 41ad025f-af8e-4c4e-9124-a1617073bc42@group-312CCC1152ED->22ff29b6-698b-46d6-babb-0a5352f8b68f-InstallSnapshotResponseHandler: received a reply 41ad025f-af8e-4c4e-9124-a1617073bc42<-22ff29b6-698b-46d6-babb-0a5352f8b68f#0:OK-t2,SNAPSHOT_INSTALLED,snapshotIndex=2
2024-10-28 08:10:34,767 [grpc-default-executor-0] INFO  server.GrpcLogAppender (GrpcLogAppender.java:onNext(693)) - 41ad025f-af8e-4c4e-9124-a1617073bc42@group-312CCC1152ED->22ff29b6-698b-46d6-babb-0a5352f8b68f-InstallSnapshotResponseHandler: Follower installed snapshot at index 2
2024-10-28 08:10:34,767 [grpc-default-executor-0] INFO  leader.FollowerInfo (FollowerInfoImpl.java:info(64)) - 41ad025f-af8e-4c4e-9124-a1617073bc42@group-312CCC1152ED->22ff29b6-698b-46d6-babb-0a5352f8b68f: snapshotIndex: setUnconditionally 0 -> 2
2024-10-28 08:10:34,768 [grpc-default-executor-0] INFO  leader.FollowerInfo (FollowerInfoImpl.java:info(64)) - 41ad025f-af8e-4c4e-9124-a1617073bc42@group-312CCC1152ED->22ff29b6-698b-46d6-babb-0a5352f8b68f: matchIndex: setUnconditionally -1 -> 2
2024-10-28 08:10:34,768 [grpc-default-executor-0] INFO  leader.FollowerInfo (FollowerInfoImpl.java:info(64)) - 41ad025f-af8e-4c4e-9124-a1617073bc42@group-312CCC1152ED->22ff29b6-698b-46d6-babb-0a5352f8b68f: nextIndex: setUnconditionally 0 -> 3
2024-10-28 08:10:34,768 [grpc-default-executor-0] INFO  leader.FollowerInfo (FollowerInfoImpl.java:setAttemptedToInstallSnapshot(154)) - Follower 41ad025f-af8e-4c4e-9124-a1617073bc42@group-312CCC1152ED->22ff29b6-698b-46d6-babb-0a5352f8b68f acknowledged installing snapshot
2024-10-28 08:10:34,768 [grpc-default-executor-0] INFO  server.GrpcLogAppender (GrpcLogAppender.java:increaseNextIndex(457)) - 41ad025f-af8e-4c4e-9124-a1617073bc42@group-312CCC1152ED->22ff29b6-698b-46d6-babb-0a5352f8b68f-GrpcLogAppender: updateNextIndex 3 for SNAPSHOT_INSTALLED
2024-10-28 08:10:34,768 [grpc-default-executor-0] INFO  server.GrpcLogAppender (GrpcLogAppender.java:onFollowerCatchup(621)) - 41ad025f-af8e-4c4e-9124-a1617073bc42@group-312CCC1152ED->22ff29b6-698b-46d6-babb-0a5352f8b68f-InstallSnapshotResponseHandler: Follower can catch up leader after install the snapshot, as leader's start index is 3
2024-10-28 08:10:34,808 [22ff29b6-698b-46d6-babb-0a5352f8b68f@group-312CCC1152ED-StateMachineUpdater] INFO  ha.SCMHAManagerImpl (SCMHAManagerImpl.java:installCheckpoint(289)) - 22ff29b6-698b-46d6-babb-0a5352f8b68f: Install checkpoint 2#2
2024-10-28 08:10:34,812 [22ff29b6-698b-46d6-babb-0a5352f8b68f@group-312CCC1152ED-StateMachineUpdater] INFO  ha.SCMHAManagerImpl (SCMHAManagerImpl.java:installCheckpoint(327)) - Replaced DB with checkpoint, term: 2, index: 2
2024-10-28 08:10:34,812 [22ff29b6-698b-46d6-babb-0a5352f8b68f@group-312CCC1152ED-StateMachineUpdater] WARN  utils.HAUtils (HAUtils.java:getMetaDir(337)) - ozone.scm.db.dirs is not configured. We recommend adding this setting. Falling back to ozone.metadata.dirs instead.
2024-10-28 08:10:34,812 [22ff29b6-698b-46d6-babb-0a5352f8b68f@group-312CCC1152ED-StateMachineUpdater] WARN  db.DBStoreBuilder (DBStoreBuilder.java:applyDBDefinition(171)) - ozone.scm.db.dirs is not configured. We recommend adding this setting. Falling back to ozone.metadata.dirs instead.
2024-10-28 08:10:34,829 [22ff29b6-698b-46d6-babb-0a5352f8b68f@group-312CCC1152ED-StateMachineUpdater] INFO  ha.SequenceIdGenerator (SequenceIdGenerator.java:reinitialize(185)) - reinitialize SequenceIdGenerator.
2024-10-28 08:10:34,830 [22ff29b6-698b-46d6-babb-0a5352f8b68f@group-312CCC1152ED-StateMachineUpdater] INFO  pipeline.PipelineStateManagerImpl (PipelineStateManagerImpl.java:initialize(78)) - No pipeline exists in current db
2024-10-28 08:10:34,831 [22ff29b6-698b-46d6-babb-0a5352f8b68f@group-312CCC1152ED-StateMachineUpdater] INFO  ha.SCMHAManagerImpl (SCMHAManagerImpl.java:installCheckpoint(342)) - Reloaded SCM state with Term: 2 and Index: 2
2024-10-28 08:10:34,831 [22ff29b6-698b-46d6-babb-0a5352f8b68f@group-312CCC1152ED-StateMachineUpdater] INFO  ha.SCMStateMachine (SCMStateMachine.java:reinitialize(422)) - 22ff29b6-698b-46d6-babb-0a5352f8b68f: SCMStateMachine is reinitializing. newTermIndex = (t:2, i:2)
2024-10-28 08:10:34,832 [22ff29b6-698b-46d6-babb-0a5352f8b68f@group-312CCC1152ED-StateMachineUpdater] INFO  impl.StateMachineUpdater (StateMachineUpdater.java:lambda$new$0(102)) - 22ff29b6-698b-46d6-babb-0a5352f8b68f@group-312CCC1152ED-StateMachineUpdater: snapshotIndex: setUnconditionally -1 -> 2
2024-10-28 08:10:34,832 [22ff29b6-698b-46d6-babb-0a5352f8b68f@group-312CCC1152ED-StateMachineUpdater] INFO  impl.StateMachineUpdater (StateMachineUpdater.java:lambda$new$0(102)) - 22ff29b6-698b-46d6-babb-0a5352f8b68f@group-312CCC1152ED-StateMachineUpdater: appliedIndex: setUnconditionally -1 -> 2
2024-10-28 08:10:35,039 [dbc8bb5e-43aa-46e2-8b22-902d8de4f543-EndpointStateMachineTaskThread-/127.0.0.1:15012-0 ] INFO  ipc.Client (Client.java:handleConnectionFailure(950)) - Retrying connect to server: localhost/127.0.0.1:15012. Already tried 9 time(s); retry policy is RetryUpToMaximumCountWithFixedSleep(maxRetries=15, sleepTime=1000 MILLISECONDS)
2024-10-28 08:10:35,039 [d1f2ec58-f55e-45ab-93c5-34baa5ccb560-EndpointStateMachineTaskThread-/127.0.0.1:15020-0 ] INFO  ipc.Client (Client.java:handleConnectionFailure(950)) - Retrying connect to server: localhost/127.0.0.1:15020. Already tried 9 time(s); retry policy is RetryUpToMaximumCountWithFixedSleep(maxRetries=15, sleepTime=1000 MILLISECONDS)
2024-10-28 08:10:36,039 [dbc8bb5e-43aa-46e2-8b22-902d8de4f543-EndpointStateMachineTaskThread-/127.0.0.1:15012-0 ] INFO  ipc.Client (Client.java:handleConnectionFailure(950)) - Retrying connect to server: localhost/127.0.0.1:15012. Already tried 10 time(s); retry policy is RetryUpToMaximumCountWithFixedSleep(maxRetries=15, sleepTime=1000 MILLISECONDS)
2024-10-28 08:10:36,040 [d1f2ec58-f55e-45ab-93c5-34baa5ccb560-EndpointStateMachineTaskThread-/127.0.0.1:15020-0 ] INFO  ipc.Client (Client.java:handleConnectionFailure(950)) - Retrying connect to server: localhost/127.0.0.1:15020. Already tried 10 time(s); retry policy is RetryUpToMaximumCountWithFixedSleep(maxRetries=15, sleepTime=1000 MILLISECONDS)
2024-10-28 08:10:37,040 [dbc8bb5e-43aa-46e2-8b22-902d8de4f543-EndpointStateMachineTaskThread-/127.0.0.1:15012-0 ] INFO  ipc.Client (Client.java:handleConnectionFailure(950)) - Retrying connect to server: localhost/127.0.0.1:15012. Already tried 11 time(s); retry policy is RetryUpToMaximumCountWithFixedSleep(maxRetries=15, sleepTime=1000 MILLISECONDS)
2024-10-28 08:10:37,040 [d1f2ec58-f55e-45ab-93c5-34baa5ccb560-EndpointStateMachineTaskThread-/127.0.0.1:15020-0 ] INFO  ipc.Client (Client.java:handleConnectionFailure(950)) - Retrying connect to server: localhost/127.0.0.1:15020. Already tried 11 time(s); retry policy is RetryUpToMaximumCountWithFixedSleep(maxRetries=15, sleepTime=1000 MILLISECONDS)
2024-10-28 08:10:37,296 [41ad025f-af8e-4c4e-9124-a1617073bc42@group-312CCC1152ED-LeaderStateImpl] INFO  server.RaftServer$Division (ServerState.java:setRaftConf(386)) - 41ad025f-af8e-4c4e-9124-a1617073bc42@group-312CCC1152ED: set configuration conf: {index: 3, cur=peers:[22ff29b6-698b-46d6-babb-0a5352f8b68f|localhost:15086, 41ad025f-af8e-4c4e-9124-a1617073bc42|localhost:15078]|listeners:[], old=peers:[41ad025f-af8e-4c4e-9124-a1617073bc42|localhost:15078]|listeners:[]}
2024-10-28 08:10:37,297 [22ff29b6-698b-46d6-babb-0a5352f8b68f-server-thread1] INFO  impl.RoleInfo (RoleInfo.java:updateAndGet(148)) - 22ff29b6-698b-46d6-babb-0a5352f8b68f: start 22ff29b6-698b-46d6-babb-0a5352f8b68f@group-312CCC1152ED-FollowerState
2024-10-28 08:10:37,298 [22ff29b6-698b-46d6-babb-0a5352f8b68f-server-thread1] INFO  server.RaftServer$Division (ServerState.java:setRaftConf(386)) - 22ff29b6-698b-46d6-babb-0a5352f8b68f@group-312CCC1152ED: set configuration conf: {index: 3, cur=peers:[22ff29b6-698b-46d6-babb-0a5352f8b68f|localhost:15086, 41ad025f-af8e-4c4e-9124-a1617073bc42|localhost:15078]|listeners:[], old=peers:[41ad025f-af8e-4c4e-9124-a1617073bc42|localhost:15078]|listeners:[]}
2024-10-28 08:10:37,298 [22ff29b6-698b-46d6-babb-0a5352f8b68f-server-thread1] INFO  segmented.SegmentedRaftLogWorker (SegmentedRaftLogWorker.java:startLogSegment(437)) - 22ff29b6-698b-46d6-babb-0a5352f8b68f@group-312CCC1152ED-SegmentedRaftLogWorker: Starting segment from index:3
2024-10-28 08:10:37,298 [22ff29b6-698b-46d6-babb-0a5352f8b68f-server-thread1] INFO  server.RaftServer$Division (RaftServerImpl.java:appendEntriesAsync(1578)) -  FOLLOWER 22ff29b6-698b-46d6-babb-0a5352f8b68f@group-312CCC1152ED:t2, leader=41ad025f-af8e-4c4e-9124-a1617073bc42, voted=null, raftlog=Memoized:22ff29b6-698b-46d6-babb-0a5352f8b68f@group-312CCC1152ED-SegmentedRaftLog:OPENED:c2:last(t:2, i:3), conf=conf: {index: 3, cur=peers:[22ff29b6-698b-46d6-babb-0a5352f8b68f|localhost:15086, 41ad025f-af8e-4c4e-9124-a1617073bc42|localhost:15078]|listeners:[], old=peers:[41ad025f-af8e-4c4e-9124-a1617073bc42|localhost:15078]|listeners:[]} RUNNING: Follower has completed install the snapshot 2.
2024-10-28 08:10:37,298 [22ff29b6-698b-46d6-babb-0a5352f8b68f@group-312CCC1152ED-SegmentedRaftLogWorker] INFO  segmented.BufferedWriteChannel (BufferedWriteChannel.java:open(61)) - open log_inprogress_3 at position 0
2024-10-28 08:10:37,308 [22ff29b6-698b-46d6-babb-0a5352f8b68f@group-312CCC1152ED-SegmentedRaftLogWorker] INFO  segmented.SegmentedRaftLogWorker (SegmentedRaftLogWorker.java:execute(641)) - 22ff29b6-698b-46d6-babb-0a5352f8b68f@group-312CCC1152ED-SegmentedRaftLogWorker: created new log segment /home/runner/work/ozone/ozone/hadoop-ozone/integration-test/target/test-dir/MiniOzoneClusterImpl-0da7ab08-e378-40bf-aed1-312ccc1152ed/scmNode-2/scm-ha/0da7ab08-e378-40bf-aed1-312ccc1152ed/current/log_inprogress_3
2024-10-28 08:10:37,310 [41ad025f-af8e-4c4e-9124-a1617073bc42@group-312CCC1152ED-LeaderStateImpl] INFO  server.RaftServer$Division (ServerState.java:setRaftConf(386)) - 41ad025f-af8e-4c4e-9124-a1617073bc42@group-312CCC1152ED: set configuration conf: {index: 5, cur=peers:[22ff29b6-698b-46d6-babb-0a5352f8b68f|localhost:15086, 41ad025f-af8e-4c4e-9124-a1617073bc42|localhost:15078]|listeners:[], old=null}
2024-10-28 08:10:37,313 [22ff29b6-698b-46d6-babb-0a5352f8b68f-server-thread1] INFO  server.RaftServer$Division (ServerState.java:setRaftConf(386)) - 22ff29b6-698b-46d6-babb-0a5352f8b68f@group-312CCC1152ED: set configuration conf: {index: 5, cur=peers:[22ff29b6-698b-46d6-babb-0a5352f8b68f|localhost:15086, 41ad025f-af8e-4c4e-9124-a1617073bc42|localhost:15078]|listeners:[], old=null}
2024-10-28 08:10:37,315 [IPC Server handler 3 on default port 15082] INFO  ha.SCMRatisServerImpl (SCMRatisServerImpl.java:addSCM(328)) - Successfully added new SCM: 22ff29b6-698b-46d6-babb-0a5352f8b68f.
2024-10-28 08:10:37,315 [main] INFO  ha.SCMHAManagerImpl (SCMHAManagerImpl.java:start(142)) - Successfully added SCM scmNode-2 to group group-312CCC1152ED:[22ff29b6-698b-46d6-babb-0a5352f8b68f|localhost:15086, 41ad025f-af8e-4c4e-9124-a1617073bc42|localhost:15078]
2024-10-28 08:10:37,315 [main] INFO  ha.InterSCMGrpcService (InterSCMGrpcProtocolService.java:start(99)) - Starting SCM Grpc Service at port 15089
2024-10-28 08:10:37,316 [22ff29b6-698b-46d6-babb-0a5352f8b68f@group-312CCC1152ED-StateMachineUpdater] INFO  safemode.HealthyPipelineSafeModeRule (HealthyPipelineSafeModeRule.java:initializeRule(172)) - Refreshed total pipeline count is 0, healthy pipeline threshold count is 1
2024-10-28 08:10:37,316 [22ff29b6-698b-46d6-babb-0a5352f8b68f@group-312CCC1152ED-StateMachineUpdater] INFO  safemode.ContainerSafeModeRule (ContainerSafeModeRule.java:reInitializeRule(191)) - Refreshed one replica container threshold 0, currentThreshold 0
2024-10-28 08:10:37,316 [22ff29b6-698b-46d6-babb-0a5352f8b68f@group-312CCC1152ED-StateMachineUpdater] INFO  safemode.OneReplicaPipelineSafeModeRule (OneReplicaPipelineSafeModeRule.java:initializeRule(189)) - Refreshed Total pipeline count is 0, pipeline's with at least one datanode reported threshold count is 0
2024-10-28 08:10:37,316 [22ff29b6-698b-46d6-babb-0a5352f8b68f@group-312CCC1152ED-StateMachineUpdater] INFO  server.SCMDatanodeProtocolServer (SCMDatanodeProtocolServer.java:start(199)) - ScmDatanodeProtocol RPC server for DataNodes is listening at /0.0.0.0:15087
2024-10-28 08:10:37,316 [IPC Server Responder] INFO  ipc.Server (Server.java:run(1562)) - IPC Server Responder: starting
2024-10-28 08:10:37,317 [IPC Server listener on 15087] INFO  ipc.Server (Server.java:run(1402)) - IPC Server listener on 15087: starting
2024-10-28 08:10:37,318 [main] INFO  SCMHATransactionMonitor (BackgroundSCMService.java:start(65)) - Starting SCMHATransactionMonitor Service.
2024-10-28 08:10:37,318 [41ad025f-af8e-4c4e-9124-a1617073bc42@group-312CCC1152ED-StateMachineUpdater] INFO  ha.SCMStateMachine (SCMStateMachine.java:takeSnapshot(335)) - Current Snapshot Index 5, takeSnapshot took 0 ms
2024-10-28 08:10:37,318 [41ad025f-af8e-4c4e-9124-a1617073bc42@group-312CCC1152ED-StateMachineUpdater] INFO  impl.StateMachineUpdater (StateMachineUpdater.java:takeSnapshot(303)) - 41ad025f-af8e-4c4e-9124-a1617073bc42@group-312CCC1152ED-StateMachineUpdater: Took a snapshot at index 5
2024-10-28 08:10:37,318 [41ad025f-af8e-4c4e-9124-a1617073bc42@group-312CCC1152ED-StateMachineUpdater] INFO  impl.StateMachineUpdater (StateMachineUpdater.java:lambda$new$0(102)) - 41ad025f-af8e-4c4e-9124-a1617073bc42@group-312CCC1152ED-StateMachineUpdater: snapshotIndex: updateIncreasingly -1 -> 5
2024-10-28 08:10:37,318 [main] INFO  ha.SCMServiceManager (SCMServiceManager.java:register(42)) - Registering service SCMHATransactionMonitor.
2024-10-28 08:10:37,318 [main] INFO  SCMHATransactionMonitor (BackgroundSCMService.java:start(62)) - SCMHATransactionMonitor Service is already running, skip start.
2024-10-28 08:10:37,318 [main] INFO  impl.MetricsSystemImpl (MetricsSystemImpl.java:init(158)) - StorageContainerManager metrics system started (again)
2024-10-28 08:10:37,328 [main] INFO  server.SCMClientProtocolServer (SCMClientProtocolServer.java:start(215)) - RPC server for Client  is listening at /0.0.0.0:15088
2024-10-28 08:10:37,329 [IPC Server Responder] INFO  ipc.Server (Server.java:run(1562)) - IPC Server Responder: starting
2024-10-28 08:10:37,329 [IPC Server listener on 15088] INFO  ipc.Server (Server.java:run(1402)) - IPC Server listener on 15088: starting
2024-10-28 08:10:37,337 [main] INFO  server.StorageContainerManager (StorageContainerManager.java:start(1559)) - ScmBlockLocationProtocol RPC server is listening at /0.0.0.0:15090
2024-10-28 08:10:37,337 [main] INFO  server.SCMBlockProtocolServer (SCMBlockProtocolServer.java:start(172)) - RPC server for Block Protocol is listening at /0.0.0.0:15090
2024-10-28 08:10:37,337 [IPC Server Responder] INFO  ipc.Server (Server.java:run(1562)) - IPC Server Responder: starting
2024-10-28 08:10:37,337 [IPC Server listener on 15090] INFO  ipc.Server (Server.java:run(1402)) - IPC Server listener on 15090: starting
2024-10-28 08:10:37,347 [main] INFO  http.BaseHttpServer (BaseHttpServer.java:newHttpServer2BuilderForOzone(223)) - Starting Web-server for scm at: http://0.0.0.0:15083
2024-10-28 08:10:37,347 [main] INFO  http.BaseHttpServer (BaseHttpServer.java:<init>(110)) - Hadoop Security Enabled: false Ozone Security Enabled: false Ozone HTTP Security Enabled: false 
2024-10-28 08:10:37,348 [main] WARN  server.AuthenticationFilter (AuthenticationFilter.java:constructSecretProvider(240)) - Unable to initialize FileSignerSecretProvider, falling back to use random secrets. Reason: Could not read signature secret file: /home/runner/hadoop-http-auth-signature-secret
2024-10-28 08:10:37,349 [main] INFO  http.HttpRequestLog (HttpRequestLog.java:getRequestLog(86)) - Http request log for http.requests.scm is not defined
2024-10-28 08:10:37,350 [main] INFO  http.HttpServer2 (HttpServer2.java:addGlobalFilter(1035)) - Added global filter 'safety' (class=org.apache.hadoop.hdds.server.http.HttpServer2$QuotingInputFilter)
2024-10-28 08:10:37,351 [main] INFO  http.HttpServer2 (HttpServer2.java:addFilter(1011)) - Added filter static_user_filter (class=org.apache.hadoop.http.lib.StaticUserWebFilter$StaticUserFilter) to context scm
2024-10-28 08:10:37,351 [main] INFO  http.HttpServer2 (HttpServer2.java:addFilter(1019)) - Added filter static_user_filter (class=org.apache.hadoop.http.lib.StaticUserWebFilter$StaticUserFilter) to context static
2024-10-28 08:10:37,351 [main] INFO  http.HttpServer2 (HttpServer2.java:addFilter(1019)) - Added filter static_user_filter (class=org.apache.hadoop.http.lib.StaticUserWebFilter$StaticUserFilter) to context logs
2024-10-28 08:10:37,351 [main] INFO  http.BaseHttpServer (BaseHttpServer.java:<init>(189)) - HTTP server of scm uses base directory /home/runner/work/ozone/ozone/hadoop-ozone/integration-test/target/test-dir/MiniOzoneClusterImpl-0da7ab08-e378-40bf-aed1-312ccc1152ed/scmNode-2/webserver
2024-10-28 08:10:37,352 [main] INFO  http.HttpServer2 (HttpServer2.java:bindListener(1235)) - Jetty bound to port 15083
2024-10-28 08:10:37,352 [main] INFO  server.Server (Server.java:doStart(375)) - jetty-9.4.56.v20240826; built: 2024-08-26T17:15:05.868Z; git: ec6782ff5ead824dabdcf47fa98f90a4aedff401; jvm 17.0.12+7
2024-10-28 08:10:37,353 [main] INFO  server.session (DefaultSessionIdManager.java:doStart(334)) - DefaultSessionIdManager workerName=node0
2024-10-28 08:10:37,353 [main] INFO  server.session (DefaultSessionIdManager.java:doStart(339)) - No SessionScavenger set, using defaults
2024-10-28 08:10:37,353 [main] INFO  server.session (HouseKeeper.java:startScavenging(132)) - node0 Scavenging every 600000ms
2024-10-28 08:10:37,354 [main] INFO  handler.ContextHandler (ContextHandler.java:doStart(921)) - Started o.e.j.s.ServletContextHandler@5fafcb97{logs,/logs,file:///home/runner/work/ozone/ozone/hadoop-ozone/integration-test/target/log,AVAILABLE}
2024-10-28 08:10:37,354 [main] INFO  handler.ContextHandler (ContextHandler.java:doStart(921)) - Started o.e.j.s.ServletContextHandler@195f7478{static,/static,file:///home/runner/work/ozone/ozone/hadoop-ozone/integration-test/target/test-classes/webapps/static,AVAILABLE}
2024-10-28 08:10:37,358 [main] INFO  handler.ContextHandler (ContextHandler.java:doStart(921)) - Started o.e.j.w.WebAppContext@7973195e{scm,/,file:///home/runner/work/ozone/ozone/hadoop-ozone/integration-test/target/test-classes/webapps/scm/,AVAILABLE}{file:/home/runner/work/ozone/ozone/hadoop-ozone/integration-test/target/test-classes/webapps/scm}
2024-10-28 08:10:37,359 [main] INFO  server.AbstractConnector (AbstractConnector.java:doStart(333)) - Started ServerConnector@2dd9a1db{HTTP/1.1, (http/1.1)}{0.0.0.0:15083}
2024-10-28 08:10:37,359 [main] INFO  server.Server (Server.java:doStart(415)) - Started @170156ms
2024-10-28 08:10:37,359 [main] WARN  impl.MetricsSystemImpl (MetricsSystemImpl.java:register(279)) - Sink prometheus already exists!
2024-10-28 08:10:37,360 [main] INFO  http.BaseHttpServer (BaseHttpServer.java:updateConnectorAddress(354)) - HTTP server of scm listening at http://0.0.0.0:15083
2024-10-28 08:10:37,360 [main] INFO  ozone.MiniOzoneHAClusterImpl (MiniOzoneHAClusterImpl.java:createSCMService(590)) - Started SCM RPC server at /0.0.0.0:15088
2024-10-28 08:10:37,361 [main] WARN  server.ServerUtils (ServerUtils.java:getScmDbDir(143)) - ozone.scm.db.dirs is not configured. We recommend adding this setting. Falling back to ozone.metadata.dirs instead.
2024-10-28 08:10:37,361 [main] INFO  ha.SCMHANodeDetails (SCMHANodeDetails.java:loadSCMHAConfig(207)) - ServiceID for StorageContainerManager is scm-service-test1
2024-10-28 08:10:37,361 [main] INFO  ha.SCMHANodeDetails (SCMHANodeDetails.java:loadSCMHAConfig(218)) - ServiceID for StorageContainerManager is scm-service-test1
2024-10-28 08:10:37,361 [main] WARN  scm.ScmUtils (ScmUtils.java:logWarn(165)) - ConfigKey ozone.scm.block.client.address is deprecated, For configuring different ports for each SCM use PortConfigKey ozone.scm.block.client.port appended with serviceId and nodeId. If want to configure same port configure ozone.scm.block.client.port
2024-10-28 08:10:37,361 [main] WARN  scm.ScmUtils (ScmUtils.java:logWarn(165)) - ConfigKey ozone.scm.client.address is deprecated, For configuring different ports for each SCM use PortConfigKey ozone.scm.client.port appended with serviceId and nodeId. If want to configure same port configure ozone.scm.client.port
2024-10-28 08:10:37,361 [main] WARN  scm.ScmUtils (ScmUtils.java:logWarn(165)) - ConfigKey ozone.scm.datanode.address is deprecated, For configuring different ports for each SCM use PortConfigKey ozone.scm.datanode.port appended with serviceId and nodeId. If want to configure same port configure ozone.scm.datanode.port
2024-10-28 08:10:37,363 [main] WARN  scm.ScmUtils (ScmUtils.java:logWarn(165)) - ConfigKey ozone.scm.block.client.address is deprecated, For configuring different ports for each SCM use PortConfigKey ozone.scm.block.client.port appended with serviceId and nodeId. If want to configure same port configure ozone.scm.block.client.port
2024-10-28 08:10:37,363 [main] WARN  scm.ScmUtils (ScmUtils.java:logWarn(165)) - ConfigKey ozone.scm.client.address is deprecated, For configuring different ports for each SCM use PortConfigKey ozone.scm.client.port appended with serviceId and nodeId. If want to configure same port configure ozone.scm.client.port
2024-10-28 08:10:37,363 [main] WARN  scm.ScmUtils (ScmUtils.java:logWarn(165)) - ConfigKey ozone.scm.datanode.address is deprecated, For configuring different ports for each SCM use PortConfigKey ozone.scm.datanode.port appended with serviceId and nodeId. If want to configure same port configure ozone.scm.datanode.port
2024-10-28 08:10:37,364 [main] INFO  ha.SCMHANodeDetails (SCMHANodeDetails.java:loadSCMHAConfig(305)) - Found matching SCM address with SCMServiceId: scm-service-test1, SCMNodeId: scmNode-3, RPC Address: localhost:15094 and Ratis port: 15094
2024-10-28 08:10:37,364 [main] INFO  ha.SCMHANodeDetails (ConfUtils.java:setNodeSpecificConfigs(97)) - Setting configuration key ozone.scm.datanode.address with value of key ozone.scm.datanode.address.scm-service-test1.scmNode-3: 127.0.0.1:15095
2024-10-28 08:10:37,364 [main] INFO  ha.SCMHANodeDetails (ConfUtils.java:setNodeSpecificConfigs(97)) - Setting configuration key ozone.scm.block.client.address with value of key ozone.scm.block.client.address.scm-service-test1.scmNode-3: 127.0.0.1:15098
2024-10-28 08:10:37,364 [main] INFO  ha.SCMHANodeDetails (ConfUtils.java:setNodeSpecificConfigs(97)) - Setting configuration key ozone.scm.client.address with value of key ozone.scm.client.address.scm-service-test1.scmNode-3: 127.0.0.1:15096
2024-10-28 08:10:37,364 [main] INFO  ha.SCMHANodeDetails (ConfUtils.java:setNodeSpecificConfigs(97)) - Setting configuration key ozone.scm.security.service.address with value of key ozone.scm.security.service.address.scm-service-test1.scmNode-3: 127.0.0.1:15093
2024-10-28 08:10:37,364 [main] INFO  ha.SCMHANodeDetails (ConfUtils.java:setNodeSpecificConfigs(97)) - Setting configuration key ozone.scm.ratis.port with value of key ozone.scm.ratis.port.scm-service-test1.scmNode-3: 15094
2024-10-28 08:10:37,365 [main] INFO  ha.SCMHANodeDetails (ConfUtils.java:setNodeSpecificConfigs(97)) - Setting configuration key ozone.scm.grpc.port with value of key ozone.scm.grpc.port.scm-service-test1.scmNode-3: 15097
2024-10-28 08:10:37,365 [main] INFO  ha.SCMHANodeDetails (ConfUtils.java:setNodeSpecificConfigs(97)) - Setting configuration key ozone.scm.http-address with value of key ozone.scm.http-address.scm-service-test1.scmNode-3: 127.0.0.1:15091
2024-10-28 08:10:37,365 [main] INFO  ha.SCMHANodeDetails (ConfUtils.java:setNodeSpecificConfigs(97)) - Setting configuration key ozone.scm.https-address with value of key ozone.scm.https-address.scm-service-test1.scmNode-3: 127.0.0.1:15092
2024-10-28 08:10:37,365 [main] INFO  ha.SCMHANodeDetails (ConfUtils.java:setNodeSpecificConfigs(97)) - Setting configuration key ozone.scm.address with value of key ozone.scm.address.scm-service-test1.scmNode-3: 127.0.0.1
2024-10-28 08:10:37,365 [main] WARN  scm.ScmUtils (ScmUtils.java:logWarn(165)) - ConfigKey ozone.scm.block.client.address is deprecated, For configuring different ports for each SCM use PortConfigKey ozone.scm.block.client.port appended with serviceId and nodeId. If want to configure same port configure ozone.scm.block.client.port
2024-10-28 08:10:37,365 [main] WARN  scm.ScmUtils (ScmUtils.java:logWarn(165)) - ConfigKey ozone.scm.client.address is deprecated, For configuring different ports for each SCM use PortConfigKey ozone.scm.client.port appended with serviceId and nodeId. If want to configure same port configure ozone.scm.client.port
2024-10-28 08:10:37,365 [main] WARN  scm.ScmUtils (ScmUtils.java:logWarn(165)) - ConfigKey ozone.scm.datanode.address is deprecated, For configuring different ports for each SCM use PortConfigKey ozone.scm.datanode.port appended with serviceId and nodeId. If want to configure same port configure ozone.scm.datanode.port
2024-10-28 08:10:37,366 [main] INFO  ha.SCMNodeInfo (SCMNodeInfo.java:getPort(196)) - ConfigKey ozone.scm.client.address is deprecated, For configuring different ports for each SCM use PortConfigKey ozone.scm.client.port appended with serviceId and nodeId
2024-10-28 08:10:37,366 [main] INFO  ha.SCMNodeInfo (SCMNodeInfo.java:getPort(196)) - ConfigKey ozone.scm.block.client.address is deprecated, For configuring different ports for each SCM use PortConfigKey ozone.scm.block.client.port appended with serviceId and nodeId
2024-10-28 08:10:37,367 [main] INFO  ha.SCMNodeInfo (SCMNodeInfo.java:getPort(196)) - ConfigKey ozone.scm.security.service.address is deprecated, For configuring different ports for each SCM use PortConfigKey ozone.scm.security.service.port appended with serviceId and nodeId
2024-10-28 08:10:37,367 [main] INFO  ha.SCMNodeInfo (SCMNodeInfo.java:getPort(196)) - ConfigKey ozone.scm.datanode.address is deprecated, For configuring different ports for each SCM use PortConfigKey ozone.scm.datanode.port appended with serviceId and nodeId
2024-10-28 08:10:37,367 [main] INFO  ha.SCMNodeInfo (SCMNodeInfo.java:getPort(196)) - ConfigKey ozone.scm.client.address is deprecated, For configuring different ports for each SCM use PortConfigKey ozone.scm.client.port appended with serviceId and nodeId
2024-10-28 08:10:37,367 [main] INFO  ha.SCMNodeInfo (SCMNodeInfo.java:getPort(196)) - ConfigKey ozone.scm.block.client.address is deprecated, For configuring different ports for each SCM use PortConfigKey ozone.scm.block.client.port appended with serviceId and nodeId
2024-10-28 08:10:37,367 [main] INFO  ha.SCMNodeInfo (SCMNodeInfo.java:getPort(196)) - ConfigKey ozone.scm.security.service.address is deprecated, For configuring different ports for each SCM use PortConfigKey ozone.scm.security.service.port appended with serviceId and nodeId
2024-10-28 08:10:37,367 [main] INFO  ha.SCMNodeInfo (SCMNodeInfo.java:getPort(196)) - ConfigKey ozone.scm.datanode.address is deprecated, For configuring different ports for each SCM use PortConfigKey ozone.scm.datanode.port appended with serviceId and nodeId
2024-10-28 08:10:37,367 [main] INFO  proxy.SCMBlockLocationFailoverProxyProvider (SCMBlockLocationFailoverProxyProvider.java:<init>(115)) - Created block location fail-over proxy with 2 nodes: [nodeId=scmNode-2,nodeAddress=/127.0.0.1:15090, nodeId=scmNode-1,nodeAddress=/127.0.0.1:15082]
2024-10-28 08:10:37,370 [main] INFO  server.StorageContainerManager (StorageContainerManager.java:scmBootstrap(1215)) - SCM BootStrap  is successful for ClusterID 0da7ab08-e378-40bf-aed1-312ccc1152ed, SCMID c77964d9-ca67-4df9-b70f-2db5af48a5e3
2024-10-28 08:10:37,370 [main] INFO  server.StorageContainerManager (StorageContainerManager.java:scmBootstrap(1217)) - Primary SCM Node ID 41ad025f-af8e-4c4e-9124-a1617073bc42
2024-10-28 08:10:37,371 [main] WARN  server.ServerUtils (ServerUtils.java:getScmDbDir(143)) - ozone.scm.db.dirs is not configured. We recommend adding this setting. Falling back to ozone.metadata.dirs instead.
2024-10-28 08:10:37,371 [main] INFO  ha.SCMHANodeDetails (SCMHANodeDetails.java:loadSCMHAConfig(207)) - ServiceID for StorageContainerManager is scm-service-test1
2024-10-28 08:10:37,371 [main] INFO  ha.SCMHANodeDetails (SCMHANodeDetails.java:loadSCMHAConfig(218)) - ServiceID for StorageContainerManager is scm-service-test1
2024-10-28 08:10:37,371 [main] WARN  scm.ScmUtils (ScmUtils.java:logWarn(165)) - ConfigKey ozone.scm.block.client.address is deprecated, For configuring different ports for each SCM use PortConfigKey ozone.scm.block.client.port appended with serviceId and nodeId. If want to configure same port configure ozone.scm.block.client.port
2024-10-28 08:10:37,371 [main] WARN  scm.ScmUtils (ScmUtils.java:logWarn(165)) - ConfigKey ozone.scm.client.address is deprecated, For configuring different ports for each SCM use PortConfigKey ozone.scm.client.port appended with serviceId and nodeId. If want to configure same port configure ozone.scm.client.port
2024-10-28 08:10:37,371 [main] WARN  scm.ScmUtils (ScmUtils.java:logWarn(165)) - ConfigKey ozone.scm.datanode.address is deprecated, For configuring different ports for each SCM use PortConfigKey ozone.scm.datanode.port appended with serviceId and nodeId. If want to configure same port configure ozone.scm.datanode.port
2024-10-28 08:10:37,371 [main] WARN  scm.ScmUtils (ScmUtils.java:logWarn(165)) - ConfigKey ozone.scm.block.client.address is deprecated, For configuring different ports for each SCM use PortConfigKey ozone.scm.block.client.port appended with serviceId and nodeId. If want to configure same port configure ozone.scm.block.client.port
2024-10-28 08:10:37,371 [main] WARN  scm.ScmUtils (ScmUtils.java:logWarn(165)) - ConfigKey ozone.scm.client.address is deprecated, For configuring different ports for each SCM use PortConfigKey ozone.scm.client.port appended with serviceId and nodeId. If want to configure same port configure ozone.scm.client.port
2024-10-28 08:10:37,371 [main] WARN  scm.ScmUtils (ScmUtils.java:logWarn(165)) - ConfigKey ozone.scm.datanode.address is deprecated, For configuring different ports for each SCM use PortConfigKey ozone.scm.datanode.port appended with serviceId and nodeId. If want to configure same port configure ozone.scm.datanode.port
2024-10-28 08:10:37,371 [main] INFO  ha.SCMHANodeDetails (SCMHANodeDetails.java:loadSCMHAConfig(305)) - Found matching SCM address with SCMServiceId: scm-service-test1, SCMNodeId: scmNode-3, RPC Address: localhost:15094 and Ratis port: 15094
2024-10-28 08:10:37,372 [main] INFO  ha.SCMHANodeDetails (ConfUtils.java:setNodeSpecificConfigs(97)) - Setting configuration key ozone.scm.datanode.address with value of key ozone.scm.datanode.address.scm-service-test1.scmNode-3: 127.0.0.1:15095
2024-10-28 08:10:37,372 [main] INFO  ha.SCMHANodeDetails (ConfUtils.java:setNodeSpecificConfigs(97)) - Setting configuration key ozone.scm.block.client.address with value of key ozone.scm.block.client.address.scm-service-test1.scmNode-3: 127.0.0.1:15098
2024-10-28 08:10:37,372 [main] INFO  ha.SCMHANodeDetails (ConfUtils.java:setNodeSpecificConfigs(97)) - Setting configuration key ozone.scm.client.address with value of key ozone.scm.client.address.scm-service-test1.scmNode-3: 127.0.0.1:15096
2024-10-28 08:10:37,372 [main] INFO  ha.SCMHANodeDetails (ConfUtils.java:setNodeSpecificConfigs(97)) - Setting configuration key ozone.scm.security.service.address with value of key ozone.scm.security.service.address.scm-service-test1.scmNode-3: 127.0.0.1:15093
2024-10-28 08:10:37,372 [main] INFO  ha.SCMHANodeDetails (ConfUtils.java:setNodeSpecificConfigs(97)) - Setting configuration key ozone.scm.ratis.port with value of key ozone.scm.ratis.port.scm-service-test1.scmNode-3: 15094
2024-10-28 08:10:37,372 [main] INFO  ha.SCMHANodeDetails (ConfUtils.java:setNodeSpecificConfigs(97)) - Setting configuration key ozone.scm.grpc.port with value of key ozone.scm.grpc.port.scm-service-test1.scmNode-3: 15097
2024-10-28 08:10:37,372 [main] INFO  ha.SCMHANodeDetails (ConfUtils.java:setNodeSpecificConfigs(97)) - Setting configuration key ozone.scm.http-address with value of key ozone.scm.http-address.scm-service-test1.scmNode-3: 127.0.0.1:15091
2024-10-28 08:10:37,372 [main] INFO  ha.SCMHANodeDetails (ConfUtils.java:setNodeSpecificConfigs(97)) - Setting configuration key ozone.scm.https-address with value of key ozone.scm.https-address.scm-service-test1.scmNode-3: 127.0.0.1:15092
2024-10-28 08:10:37,372 [main] INFO  ha.SCMHANodeDetails (ConfUtils.java:setNodeSpecificConfigs(97)) - Setting configuration key ozone.scm.address with value of key ozone.scm.address.scm-service-test1.scmNode-3: 127.0.0.1
2024-10-28 08:10:37,372 [main] WARN  scm.ScmUtils (ScmUtils.java:logWarn(165)) - ConfigKey ozone.scm.block.client.address is deprecated, For configuring different ports for each SCM use PortConfigKey ozone.scm.block.client.port appended with serviceId and nodeId. If want to configure same port configure ozone.scm.block.client.port
2024-10-28 08:10:37,372 [main] WARN  scm.ScmUtils (ScmUtils.java:logWarn(165)) - ConfigKey ozone.scm.client.address is deprecated, For configuring different ports for each SCM use PortConfigKey ozone.scm.client.port appended with serviceId and nodeId. If want to configure same port configure ozone.scm.client.port
2024-10-28 08:10:37,372 [main] WARN  scm.ScmUtils (ScmUtils.java:logWarn(165)) - ConfigKey ozone.scm.datanode.address is deprecated, For configuring different ports for each SCM use PortConfigKey ozone.scm.datanode.port appended with serviceId and nodeId. If want to configure same port configure ozone.scm.datanode.port
2024-10-28 08:10:37,373 [main] WARN  utils.HAUtils (HAUtils.java:getMetaDir(337)) - ozone.scm.db.dirs is not configured. We recommend adding this setting. Falling back to ozone.metadata.dirs instead.
2024-10-28 08:10:37,373 [main] WARN  db.DBStoreBuilder (DBStoreBuilder.java:applyDBDefinition(171)) - ozone.scm.db.dirs is not configured. We recommend adding this setting. Falling back to ozone.metadata.dirs instead.
2024-10-28 08:10:37,438 [main] INFO  net.NodeSchemaLoader (NodeSchemaLoader.java:loadSchemaFromFile(129)) - Loading schema from [jar:file:/home/runner/work/ozone/ozone/hadoop-hdds/common/target/hdds-common-2.0.0-SNAPSHOT.jar!/network-topology-default.xml]
2024-10-28 08:10:37,438 [main] INFO  net.NodeSchemaLoader (NodeSchemaLoader.java:loadSchema(176)) - Loading network topology layer schema file
2024-10-28 08:10:37,440 [main] WARN  dropwizard3.Dm3MetricRegistriesImpl (Dm3MetricRegistriesImpl.java:addReporterRegistration(114)) - New reporters are added after registries were created. Some metrics will be missing from the reporter. Please add reporter before adding any new registry.
2024-10-28 08:10:37,441 [main] WARN  dropwizard3.Dm3MetricRegistriesImpl (Dm3MetricRegistriesImpl.java:addReporterRegistration(114)) - New reporters are added after registries were created. Some metrics will be missing from the reporter. Please add reporter before adding any new registry.
2024-10-28 08:10:37,455 [main] INFO  ha.SCMRatisServerImpl (SCMRatisServerImpl.java:<init>(99)) - starting Raft server for scm:c77964d9-ca67-4df9-b70f-2db5af48a5e3
2024-10-28 08:10:37,456 [main] INFO  server.RaftServerConfigKeys (ConfUtils.java:logGet(46)) - raft.server.log.appender.buffer.byte-limit = 4194304 (custom)
2024-10-28 08:10:37,457 [main] INFO  server.RaftServer (ConfUtils.java:logGet(46)) - raft.rpc.type = GRPC (default)
2024-10-28 08:10:37,457 [main] INFO  grpc.GrpcConfigKeys (ConfUtils.java:logFallback(53)) - raft.grpc.admin.host = null (fallback to raft.grpc.server.host)
2024-10-28 08:10:37,457 [main] INFO  grpc.GrpcConfigKeys (ConfUtils.java:logFallback(53)) - raft.grpc.admin.port = 15094 (fallback to raft.grpc.server.port)
2024-10-28 08:10:37,457 [main] INFO  grpc.GrpcConfigKeys (ConfUtils.java:logFallback(53)) - raft.grpc.client.host = null (fallback to raft.grpc.server.host)
2024-10-28 08:10:37,457 [main] INFO  grpc.GrpcConfigKeys (ConfUtils.java:logFallback(53)) - raft.grpc.client.port = 15094 (fallback to raft.grpc.server.port)
2024-10-28 08:10:37,457 [main] INFO  grpc.GrpcConfigKeys (ConfUtils.java:logGet(46)) - raft.grpc.server.host = null (default)
2024-10-28 08:10:37,457 [main] INFO  grpc.GrpcConfigKeys (ConfUtils.java:logGet(46)) - raft.grpc.server.port = 15094 (custom)
2024-10-28 08:10:37,457 [main] INFO  server.GrpcService (ConfUtils.java:logGet(46)) - raft.grpc.message.size.max = 5242880 (custom)
2024-10-28 08:10:37,458 [main] INFO  server.GrpcService (ConfUtils.java:logGet(46)) - raft.grpc.flow.control.window = 1MB (=1048576) (default)
2024-10-28 08:10:37,458 [main] INFO  server.RaftServerConfigKeys (ConfUtils.java:logGet(46)) - raft.server.rpc.request.timeout = 30000ms (custom)
2024-10-28 08:10:37,458 [main] INFO  grpc.GrpcConfigKeys (ConfUtils.java:logGet(46)) - raft.grpc.server.heartbeat.channel = true (default)
2024-10-28 08:10:37,458 [main] INFO  server.RaftServerConfigKeys (ConfUtils.java:logGet(46)) - raft.server.log.appender.buffer.byte-limit = 4194304 (custom)
2024-10-28 08:10:37,458 [main] INFO  grpc.GrpcConfigKeys (ConfUtils.java:logGet(46)) - raft.grpc.server.async.request.thread.pool.cached = true (default)
2024-10-28 08:10:37,458 [main] INFO  grpc.GrpcConfigKeys (ConfUtils.java:logGet(46)) - raft.grpc.server.async.request.thread.pool.size = 32 (default)
2024-10-28 08:10:37,459 [main] INFO  impl.DataStreamServerImpl (ConfUtils.java:logGet(46)) - raft.datastream.type = DISABLED (default)
2024-10-28 08:10:37,459 [main] INFO  server.RaftServerConfigKeys (ConfUtils.java:logGet(46)) - raft.server.sleep.deviation.threshold = 300ms (default)
2024-10-28 08:10:37,459 [main] INFO  server.RaftServerConfigKeys (ConfUtils.java:logGet(46)) - raft.server.close.threshold = 60s (default)
2024-10-28 08:10:37,459 [main] INFO  server.RaftServerConfigKeys (ConfUtils.java:logGet(46)) - raft.server.leaderelection.leader.step-down.wait-time = 10s (default)
2024-10-28 08:10:37,459 [main] INFO  server.RaftServerConfigKeys (ConfUtils.java:logGet(46)) - raft.server.storage.dir = [/home/runner/work/ozone/ozone/hadoop-ozone/integration-test/target/test-dir/MiniOzoneClusterImpl-0da7ab08-e378-40bf-aed1-312ccc1152ed/scmNode-3/scm-ha] (custom)
2024-10-28 08:10:37,460 [main] INFO  server.RaftServerConfigKeys (ConfUtils.java:logGet(46)) - raft.server.threadpool.proxy.cached = true (default)
2024-10-28 08:10:37,460 [main] INFO  server.RaftServerConfigKeys (ConfUtils.java:logGet(46)) - raft.server.threadpool.proxy.size = 0 (default)
2024-10-28 08:10:37,460 [main] INFO  server.RaftServer (RaftServerProxy.java:addNew(100)) - c77964d9-ca67-4df9-b70f-2db5af48a5e3: addNew group-312CCC1152ED:[] returns group-312CCC1152ED:java.util.concurrent.CompletableFuture@4d1e93a6[Not completed]
2024-10-28 08:10:37,460 [c77964d9-ca67-4df9-b70f-2db5af48a5e3-groupManagement] INFO  server.RaftServer$Division (RaftServerImpl.java:<init>(254)) - c77964d9-ca67-4df9-b70f-2db5af48a5e3: new RaftServerImpl for group-312CCC1152ED:[] with SCMStateMachine:uninitialized
2024-10-28 08:10:37,461 [c77964d9-ca67-4df9-b70f-2db5af48a5e3-groupManagement] INFO  server.RaftServerConfigKeys (ConfUtils.java:logGet(46)) - raft.server.rpc.timeout.min = 5000ms (custom)
2024-10-28 08:10:37,461 [c77964d9-ca67-4df9-b70f-2db5af48a5e3-groupManagement] INFO  server.RaftServerConfigKeys (ConfUtils.java:logGet(46)) - raft.server.rpc.timeout.max = 5200ms (custom)
2024-10-28 08:10:37,461 [c77964d9-ca67-4df9-b70f-2db5af48a5e3-groupManagement] INFO  server.RaftServerConfigKeys (ConfUtils.java:logGet(46)) - raft.server.rpc.sleep.time = 25ms (default)
2024-10-28 08:10:37,461 [c77964d9-ca67-4df9-b70f-2db5af48a5e3-groupManagement] INFO  server.RaftServerConfigKeys (ConfUtils.java:logGet(46)) - raft.server.rpc.slowness.timeout = 120000ms (custom)
2024-10-28 08:10:37,461 [c77964d9-ca67-4df9-b70f-2db5af48a5e3-groupManagement] INFO  server.RaftServerConfigKeys (ConfUtils.java:logGet(46)) - raft.server.leaderelection.leader.step-down.wait-time = 10s (default)
2024-10-28 08:10:37,461 [c77964d9-ca67-4df9-b70f-2db5af48a5e3-groupManagement] INFO  server.RaftServerConfigKeys (ConfUtils.java:logGet(46)) - raft.server.leaderelection.member.majority-add = false (default)
2024-10-28 08:10:37,461 [c77964d9-ca67-4df9-b70f-2db5af48a5e3-groupManagement] INFO  server.RaftServerConfigKeys (ConfUtils.java:logGet(46)) - raft.server.sleep.deviation.threshold = 300ms (default)
2024-10-28 08:10:37,461 [c77964d9-ca67-4df9-b70f-2db5af48a5e3-groupManagement] INFO  server.RaftServer$Division (ServerState.java:<init>(114)) - c77964d9-ca67-4df9-b70f-2db5af48a5e3@group-312CCC1152ED: ConfigurationManager, init=conf: {index: -1, cur=peers:[]|listeners:[], old=null}, confs=<EMPTY_MAP>
2024-10-28 08:10:37,461 [c77964d9-ca67-4df9-b70f-2db5af48a5e3-groupManagement] INFO  server.RaftServerConfigKeys (ConfUtils.java:logGet(46)) - raft.server.notification.no-leader.timeout = 60s (default)
2024-10-28 08:10:37,461 [c77964d9-ca67-4df9-b70f-2db5af48a5e3-groupManagement] INFO  server.RaftServerConfigKeys (ConfUtils.java:logGet(46)) - raft.server.read.timeout = 10s (default)
2024-10-28 08:10:37,461 [c77964d9-ca67-4df9-b70f-2db5af48a5e3-groupManagement] INFO  server.RaftServerConfigKeys (ConfUtils.java:logGet(46)) - raft.server.retrycache.expirytime = 60000ms (default)
2024-10-28 08:10:37,462 [c77964d9-ca67-4df9-b70f-2db5af48a5e3-groupManagement] INFO  server.RaftServerConfigKeys (ConfUtils.java:logGet(46)) - raft.server.retrycache.statistics.expirytime = 100ms (default)
2024-10-28 08:10:37,462 [c77964d9-ca67-4df9-b70f-2db5af48a5e3-groupManagement] INFO  server.RaftServerConfigKeys (ConfUtils.java:logGet(46)) - raft.server.read.option = DEFAULT (default)
2024-10-28 08:10:37,462 [c77964d9-ca67-4df9-b70f-2db5af48a5e3-groupManagement] INFO  server.RaftServerConfigKeys (ConfUtils.java:logGet(46)) - raft.server.read.read-after-write-consistent.write-index-cache.expiry-time = 60s (default)
2024-10-28 08:10:37,463 [c77964d9-ca67-4df9-b70f-2db5af48a5e3-groupManagement] INFO  server.RaftServerConfigKeys (ConfUtils.java:logGet(46)) - raft.server.rpc.request.timeout = 30000ms (custom)
2024-10-28 08:10:37,463 [c77964d9-ca67-4df9-b70f-2db5af48a5e3-groupManagement] INFO  server.RaftServerConfigKeys (ConfUtils.java:logGet(46)) - raft.server.log.appender.install.snapshot.enabled = false (custom)
2024-10-28 08:10:37,463 [c77964d9-ca67-4df9-b70f-2db5af48a5e3-groupManagement] INFO  server.RaftServerConfigKeys (ConfUtils.java:logGet(46)) - raft.server.threadpool.server.cached = true (default)
2024-10-28 08:10:37,463 [c77964d9-ca67-4df9-b70f-2db5af48a5e3-groupManagement] INFO  server.RaftServerConfigKeys (ConfUtils.java:logGet(46)) - raft.server.threadpool.server.size = 0 (default)
2024-10-28 08:10:37,463 [c77964d9-ca67-4df9-b70f-2db5af48a5e3-groupManagement] INFO  server.RaftServerConfigKeys (ConfUtils.java:logGet(46)) - raft.server.threadpool.client.cached = true (default)
2024-10-28 08:10:37,463 [c77964d9-ca67-4df9-b70f-2db5af48a5e3-groupManagement] INFO  server.RaftServerConfigKeys (ConfUtils.java:logGet(46)) - raft.server.threadpool.client.size = 0 (default)
2024-10-28 08:10:37,463 [main] INFO  ha.SCMSnapshotProvider (SCMSnapshotProvider.java:<init>(66)) - Initializing SCM Snapshot Provider
2024-10-28 08:10:37,463 [main] WARN  server.ServerUtils (ServerUtils.java:getDefaultRatisDirectory(311)) - Storage directory for Ratis is not configured. It is a good idea to map this to an SSD disk. Falling back to ozone.metadata.dirs
2024-10-28 08:10:37,464 [main] WARN  ha.SCMHAUtils (SCMHAUtils.java:getSCMRatisSnapshotDirectory(158)) - SCM snapshot dir is not configured. Falling back to ozone.metadata.dirs config
2024-10-28 08:10:37,464 [main] INFO  upgrade.AbstractLayoutVersionManager (AbstractLayoutVersionManager.java:init(83)) - Initializing Layout version manager with metadata layout = HBASE_SUPPORT (version = 8), software layout = HBASE_SUPPORT (version = 8)
2024-10-28 08:10:37,466 [main] INFO  ha.SequenceIdGenerator (SequenceIdGenerator.java:upgradeToSequenceId(369)) - upgrade localId to 113750153625600000
2024-10-28 08:10:37,466 [main] INFO  ha.SequenceIdGenerator (SequenceIdGenerator.java:upgradeToSequenceId(379)) - upgrade delTxnId to 0
2024-10-28 08:10:37,467 [main] INFO  ha.SequenceIdGenerator (SequenceIdGenerator.java:upgradeToSequenceId(396)) - upgrade containerId to 0
2024-10-28 08:10:37,468 [main] INFO  ha.SequenceIdGenerator (SequenceIdGenerator.java:upgradeToCertificateSequenceId(433)) - upgrade CertificateId to 2
2024-10-28 08:10:37,468 [main] INFO  ha.SequenceIdGenerator (SequenceIdGenerator.java:<init>(240)) - Init the HA SequenceIdGenerator.
2024-10-28 08:10:37,469 [main] WARN  server.ServerUtils (ServerUtils.java:sanitizeUserArgs(79)) - ozone.scm.stale.node.interval value = 300000 is larger than max = 100000 based on the key value of ozone.scm.heartbeat.thread.interval, reset to the max value 100000.
2024-10-28 08:10:37,469 [main] WARN  server.ServerUtils (ServerUtils.java:sanitizeUserArgs(79)) - ozone.scm.stale.node.interval value = 300000 is larger than max = 100000 based on the key value of ozone.scm.heartbeat.thread.interval, reset to the max value 100000.
2024-10-28 08:10:37,469 [main] INFO  node.SCMNodeManager (SCMNodeManager.java:<init>(180)) - Entering startup safe mode.
2024-10-28 08:10:37,470 [main] INFO  algorithms.ContainerPlacementPolicyFactory (ContainerPlacementPolicyFactory.java:getPolicyInternal(86)) - Create container placement policy of type org.apache.hadoop.hdds.scm.container.placement.algorithms.SCMContainerPlacementRackAware
2024-10-28 08:10:37,470 [main] INFO  algorithms.ContainerPlacementPolicyFactory (ContainerPlacementPolicyFactory.java:getPolicyInternal(86)) - Create container placement policy of type org.apache.hadoop.hdds.scm.container.placement.algorithms.SCMContainerPlacementRackScatter
2024-10-28 08:10:37,470 [main] INFO  pipeline.PipelineStateManagerImpl (PipelineStateManagerImpl.java:initialize(78)) - No pipeline exists in current db
2024-10-28 08:10:37,470 [main] INFO  algorithms.LeaderChoosePolicyFactory (LeaderChoosePolicyFactory.java:getPolicy(57)) - Create leader choose policy of type org.apache.hadoop.hdds.scm.pipeline.leader.choose.algorithms.MinLeaderCountChoosePolicy
2024-10-28 08:10:37,470 [main] INFO  algorithms.ContainerPlacementPolicyFactory (ContainerPlacementPolicyFactory.java:getPolicyInternal(86)) - Create container placement policy of type org.apache.hadoop.hdds.scm.container.placement.algorithms.SCMContainerPlacementRackScatter
2024-10-28 08:10:37,471 [main] INFO  ha.SCMServiceManager (SCMServiceManager.java:register(42)) - Registering service BackgroundPipelineCreator.
2024-10-28 08:10:37,471 [main] INFO  pipeline.BackgroundPipelineCreator (BackgroundPipelineCreator.java:start(127)) - Starting scmNode-3-RatisPipelineUtilsThread.
2024-10-28 08:10:37,471 [main] INFO  BackgroundPipelineScrubber (BackgroundSCMService.java:start(65)) - Starting BackgroundPipelineScrubber Service.
2024-10-28 08:10:37,471 [main] INFO  ha.SCMServiceManager (SCMServiceManager.java:register(42)) - Registering service BackgroundPipelineScrubber.
2024-10-28 08:10:37,472 [main] INFO  ExpiredContainerReplicaOpScrubber (BackgroundSCMService.java:start(65)) - Starting ExpiredContainerReplicaOpScrubber Service.
2024-10-28 08:10:37,472 [main] INFO  ha.SCMServiceManager (SCMServiceManager.java:register(42)) - Registering service ExpiredContainerReplicaOpScrubber.
2024-10-28 08:10:37,473 [main] INFO  algorithms.PipelineChoosePolicyFactory (PipelineChoosePolicyFactory.java:createPipelineChoosePolicyFromClass(80)) - Create pipeline choose policy of type org.apache.hadoop.hdds.scm.pipeline.choose.algorithms.RandomPipelineChoosePolicy
2024-10-28 08:10:37,473 [main] INFO  algorithms.PipelineChoosePolicyFactory (PipelineChoosePolicyFactory.java:createPipelineChoosePolicyFromClass(80)) - Create pipeline choose policy of type org.apache.hadoop.hdds.scm.pipeline.choose.algorithms.RandomPipelineChoosePolicy
2024-10-28 08:10:37,473 [main] INFO  ha.SCMServiceManager (SCMServiceManager.java:register(42)) - Registering service SCMBlockDeletingService.
2024-10-28 08:10:37,474 [main] INFO  replication.ReplicationManager (ReplicationManager.java:start(296)) - Starting Replication Monitor Thread.
2024-10-28 08:10:37,475 [main] INFO  ha.SCMServiceManager (SCMServiceManager.java:register(42)) - Registering service ReplicationManager.
2024-10-28 08:10:37,475 [main] INFO  safemode.ContainerSafeModeRule (ContainerSafeModeRule.java:<init>(91)) - containers with one replica threshold count 0
2024-10-28 08:10:37,475 [main] INFO  safemode.HealthyPipelineSafeModeRule (HealthyPipelineSafeModeRule.java:initializeRule(176)) - Total pipeline count is 0, healthy pipeline threshold count is 1
2024-10-28 08:10:37,475 [main] INFO  safemode.OneReplicaPipelineSafeModeRule (OneReplicaPipelineSafeModeRule.java:initializeRule(193)) - Total pipeline count is 0, pipeline's with at least one datanode reported threshold count is 0
2024-10-28 08:10:37,476 [main] INFO  server.StorageContainerManager (StorageContainerManager.java:<init>(443)) - SCM start with adminUsers: [runner]
2024-10-28 08:10:37,476 [main] INFO  ipc.CallQueueManager (CallQueueManager.java:<init>(90)) - Using callQueue: class java.util.concurrent.LinkedBlockingQueue, queueCapacity: 10000, scheduler: class org.apache.hadoop.ipc.DefaultRpcScheduler, ipcBackoff: false.
2024-10-28 08:10:37,476 [main] INFO  ipc.Server (Server.java:<init>(1287)) - Listener at 0.0.0.0:15095
2024-10-28 08:10:37,477 [Socket Reader #1 for port 15095] INFO  ipc.Server (Server.java:run(1323)) - Starting Socket Reader #1 for port 15095
2024-10-28 08:10:37,477 [Socket Reader #2 for port 15095] INFO  ipc.Server (Server.java:run(1323)) - Starting Socket Reader #2 for port 15095
2024-10-28 08:10:37,477 [Socket Reader #3 for port 15095] INFO  ipc.Server (Server.java:run(1323)) - Starting Socket Reader #3 for port 15095
2024-10-28 08:10:37,477 [Socket Reader #4 for port 15095] INFO  ipc.Server (Server.java:run(1323)) - Starting Socket Reader #4 for port 15095
2024-10-28 08:10:37,477 [Socket Reader #5 for port 15095] INFO  ipc.Server (Server.java:run(1323)) - Starting Socket Reader #5 for port 15095
2024-10-28 08:10:37,477 [Socket Reader #6 for port 15095] INFO  ipc.Server (Server.java:run(1323)) - Starting Socket Reader #6 for port 15095
2024-10-28 08:10:37,478 [Socket Reader #7 for port 15095] INFO  ipc.Server (Server.java:run(1323)) - Starting Socket Reader #7 for port 15095
2024-10-28 08:10:37,478 [Socket Reader #8 for port 15095] INFO  ipc.Server (Server.java:run(1323)) - Starting Socket Reader #8 for port 15095
2024-10-28 08:10:37,478 [Socket Reader #9 for port 15095] INFO  ipc.Server (Server.java:run(1323)) - Starting Socket Reader #9 for port 15095
2024-10-28 08:10:37,478 [Socket Reader #10 for port 15095] INFO  ipc.Server (Server.java:run(1323)) - Starting Socket Reader #10 for port 15095
2024-10-28 08:10:37,479 [main] INFO  ipc.CallQueueManager (CallQueueManager.java:<init>(90)) - Using callQueue: class java.util.concurrent.LinkedBlockingQueue, queueCapacity: 10000, scheduler: class org.apache.hadoop.ipc.DefaultRpcScheduler, ipcBackoff: false.
2024-10-28 08:10:37,479 [main] INFO  ipc.Server (Server.java:<init>(1287)) - Listener at 0.0.0.0:15098
2024-10-28 08:10:37,480 [Socket Reader #1 for port 15098] INFO  ipc.Server (Server.java:run(1323)) - Starting Socket Reader #1 for port 15098
2024-10-28 08:10:37,480 [Socket Reader #2 for port 15098] INFO  ipc.Server (Server.java:run(1323)) - Starting Socket Reader #2 for port 15098
2024-10-28 08:10:37,480 [Socket Reader #3 for port 15098] INFO  ipc.Server (Server.java:run(1323)) - Starting Socket Reader #3 for port 15098
2024-10-28 08:10:37,480 [Socket Reader #4 for port 15098] INFO  ipc.Server (Server.java:run(1323)) - Starting Socket Reader #4 for port 15098
2024-10-28 08:10:37,480 [Socket Reader #5 for port 15098] INFO  ipc.Server (Server.java:run(1323)) - Starting Socket Reader #5 for port 15098
2024-10-28 08:10:37,481 [Socket Reader #6 for port 15098] INFO  ipc.Server (Server.java:run(1323)) - Starting Socket Reader #6 for port 15098
2024-10-28 08:10:37,481 [Socket Reader #7 for port 15098] INFO  ipc.Server (Server.java:run(1323)) - Starting Socket Reader #7 for port 15098
2024-10-28 08:10:37,481 [Socket Reader #8 for port 15098] INFO  ipc.Server (Server.java:run(1323)) - Starting Socket Reader #8 for port 15098
2024-10-28 08:10:37,481 [Socket Reader #9 for port 15098] INFO  ipc.Server (Server.java:run(1323)) - Starting Socket Reader #9 for port 15098
2024-10-28 08:10:37,481 [Socket Reader #10 for port 15098] INFO  ipc.Server (Server.java:run(1323)) - Starting Socket Reader #10 for port 15098
2024-10-28 08:10:37,482 [main] INFO  ipc.CallQueueManager (CallQueueManager.java:<init>(90)) - Using callQueue: class java.util.concurrent.LinkedBlockingQueue, queueCapacity: 10000, scheduler: class org.apache.hadoop.ipc.DefaultRpcScheduler, ipcBackoff: false.
2024-10-28 08:10:37,482 [main] INFO  ipc.Server (Server.java:<init>(1287)) - Listener at 0.0.0.0:15096
2024-10-28 08:10:37,483 [Socket Reader #1 for port 15096] INFO  ipc.Server (Server.java:run(1323)) - Starting Socket Reader #1 for port 15096
2024-10-28 08:10:37,483 [Socket Reader #2 for port 15096] INFO  ipc.Server (Server.java:run(1323)) - Starting Socket Reader #2 for port 15096
2024-10-28 08:10:37,483 [Socket Reader #3 for port 15096] INFO  ipc.Server (Server.java:run(1323)) - Starting Socket Reader #3 for port 15096
2024-10-28 08:10:37,483 [Socket Reader #4 for port 15096] INFO  ipc.Server (Server.java:run(1323)) - Starting Socket Reader #4 for port 15096
2024-10-28 08:10:37,483 [Socket Reader #5 for port 15096] INFO  ipc.Server (Server.java:run(1323)) - Starting Socket Reader #5 for port 15096
2024-10-28 08:10:37,483 [Socket Reader #6 for port 15096] INFO  ipc.Server (Server.java:run(1323)) - Starting Socket Reader #6 for port 15096
2024-10-28 08:10:37,484 [Socket Reader #7 for port 15096] INFO  ipc.Server (Server.java:run(1323)) - Starting Socket Reader #7 for port 15096
2024-10-28 08:10:37,484 [Socket Reader #8 for port 15096] INFO  ipc.Server (Server.java:run(1323)) - Starting Socket Reader #8 for port 15096
2024-10-28 08:10:37,484 [Socket Reader #9 for port 15096] INFO  ipc.Server (Server.java:run(1323)) - Starting Socket Reader #9 for port 15096
2024-10-28 08:10:37,484 [Socket Reader #10 for port 15096] INFO  ipc.Server (Server.java:run(1323)) - Starting Socket Reader #10 for port 15096
2024-10-28 08:10:37,489 [main] INFO  ha.SCMServiceManager (SCMServiceManager.java:register(42)) - Registering service ContainerBalancer.
2024-10-28 08:10:37,489 [main] INFO  ha.SCMContext (SCMContext.java:updateSafeModeStatus(225)) - Update SafeModeStatus from SafeModeStatus{safeModeStatus=true, preCheckPassed=false} to SafeModeStatus{safeModeStatus=true, preCheckPassed=false}.
2024-10-28 08:10:37,489 [main] INFO  server.StorageContainerManager (StorageContainerManager.java:start(1546)) - StorageContainerLocationProtocol RPC server is listening at /0.0.0.0:15096
2024-10-28 08:10:37,489 [main] INFO  ha.SCMRatisServerImpl (SCMRatisServerImpl.java:start(192)) - starting ratis server 0.0.0.0:15094
2024-10-28 08:10:37,489 [c77964d9-ca67-4df9-b70f-2db5af48a5e3-impl-thread1] INFO  server.RaftServerConfigKeys (ConfUtils.java:logGet(46)) - raft.server.storage.free-space.min = 0MB (=0) (default)
2024-10-28 08:10:37,490 [c77964d9-ca67-4df9-b70f-2db5af48a5e3-impl-thread1] INFO  server.RaftServerConfigKeys (ConfUtils.java:logGet(46)) - raft.server.log.corruption.policy = EXCEPTION (default)
2024-10-28 08:10:37,490 [c77964d9-ca67-4df9-b70f-2db5af48a5e3-impl-thread1] INFO  server.RaftServerConfigKeys (ConfUtils.java:logGet(46)) - raft.server.storage.dir = [/home/runner/work/ozone/ozone/hadoop-ozone/integration-test/target/test-dir/MiniOzoneClusterImpl-0da7ab08-e378-40bf-aed1-312ccc1152ed/scmNode-3/scm-ha] (custom)
2024-10-28 08:10:37,490 [c77964d9-ca67-4df9-b70f-2db5af48a5e3-impl-thread1] INFO  storage.RaftStorageDirectory (RaftStorageDirectoryImpl.java:analyzeStorage(138)) - The storage directory /home/runner/work/ozone/ozone/hadoop-ozone/integration-test/target/test-dir/MiniOzoneClusterImpl-0da7ab08-e378-40bf-aed1-312ccc1152ed/scmNode-3/scm-ha/0da7ab08-e378-40bf-aed1-312ccc1152ed does not exist. Creating ...
2024-10-28 08:10:37,491 [c77964d9-ca67-4df9-b70f-2db5af48a5e3-impl-thread1] INFO  storage.RaftStorageDirectory (RaftStorageDirectoryImpl.java:tryLock(229)) - Lock on /home/runner/work/ozone/ozone/hadoop-ozone/integration-test/target/test-dir/MiniOzoneClusterImpl-0da7ab08-e378-40bf-aed1-312ccc1152ed/scmNode-3/scm-ha/0da7ab08-e378-40bf-aed1-312ccc1152ed/in_use.lock acquired by nodename 9135@fv-az886-152
2024-10-28 08:10:37,493 [c77964d9-ca67-4df9-b70f-2db5af48a5e3-impl-thread1] INFO  storage.RaftStorage (RaftStorageImpl.java:format(98)) - Storage directory /home/runner/work/ozone/ozone/hadoop-ozone/integration-test/target/test-dir/MiniOzoneClusterImpl-0da7ab08-e378-40bf-aed1-312ccc1152ed/scmNode-3/scm-ha/0da7ab08-e378-40bf-aed1-312ccc1152ed has been successfully formatted.
2024-10-28 08:10:37,493 [c77964d9-ca67-4df9-b70f-2db5af48a5e3-impl-thread1] INFO  ha.SCMStateMachine (SCMStateMachine.java:lambda$initialize$0(140)) - c77964d9-ca67-4df9-b70f-2db5af48a5e3: initialize group-312CCC1152ED
2024-10-28 08:10:37,493 [c77964d9-ca67-4df9-b70f-2db5af48a5e3-impl-thread1] INFO  server.RaftServerConfigKeys (ConfUtils.java:logGet(46)) - raft.server.log.use.memory = false (default)
2024-10-28 08:10:37,493 [c77964d9-ca67-4df9-b70f-2db5af48a5e3-impl-thread1] INFO  server.RaftServerConfigKeys (ConfUtils.java:logGet(46)) - raft.server.log.purge.gap = 1000000 (custom)
2024-10-28 08:10:37,493 [c77964d9-ca67-4df9-b70f-2db5af48a5e3-impl-thread1] INFO  server.RaftServerConfigKeys (ConfUtils.java:logGet(46)) - raft.server.log.appender.buffer.byte-limit = 4194304 (custom)
2024-10-28 08:10:37,493 [c77964d9-ca67-4df9-b70f-2db5af48a5e3-impl-thread1] INFO  server.RaftServerConfigKeys (ConfUtils.java:logGet(46)) - raft.server.log.statemachine.data.read.timeout = 1000ms (default)
2024-10-28 08:10:37,493 [c77964d9-ca67-4df9-b70f-2db5af48a5e3-impl-thread1] INFO  server.RaftServerConfigKeys (ConfUtils.java:logGet(46)) - raft.server.log.purge.preservation.log.num = 0 (default)
2024-10-28 08:10:37,494 [c77964d9-ca67-4df9-b70f-2db5af48a5e3-impl-thread1] INFO  server.RaftServerConfigKeys (ConfUtils.java:logGet(46)) - raft.server.log.segment.size.max = 4194304 (custom)
2024-10-28 08:10:37,494 [c77964d9-ca67-4df9-b70f-2db5af48a5e3-impl-thread1] INFO  server.RaftServerConfigKeys (ConfUtils.java:logGet(46)) - raft.server.log.segment.cache.num.max = 2 (custom)
2024-10-28 08:10:37,494 [c77964d9-ca67-4df9-b70f-2db5af48a5e3-impl-thread1] INFO  server.RaftServerConfigKeys (ConfUtils.java:logGet(46)) - raft.server.log.segment.cache.size.max = 200MB (=209715200) (default)
2024-10-28 08:10:37,494 [c77964d9-ca67-4df9-b70f-2db5af48a5e3-impl-thread1] INFO  server.RaftServerConfigKeys (ConfUtils.java:logGet(46)) - raft.server.log.appender.buffer.byte-limit = 4194304 (custom)
2024-10-28 08:10:37,496 [c77964d9-ca67-4df9-b70f-2db5af48a5e3-impl-thread1] INFO  util.AwaitToRun (AwaitToRun.java:start(81)) - Thread[c77964d9-ca67-4df9-b70f-2db5af48a5e3@group-312CCC1152ED-cacheEviction-AwaitToRun,5,main] started
2024-10-28 08:10:37,496 [c77964d9-ca67-4df9-b70f-2db5af48a5e3-impl-thread1] INFO  segmented.SegmentedRaftLogWorker (SegmentedRaftLogWorker.java:<init>(187)) - new c77964d9-ca67-4df9-b70f-2db5af48a5e3@group-312CCC1152ED-SegmentedRaftLogWorker for RaftStorageImpl:Storage Directory /home/runner/work/ozone/ozone/hadoop-ozone/integration-test/target/test-dir/MiniOzoneClusterImpl-0da7ab08-e378-40bf-aed1-312ccc1152ed/scmNode-3/scm-ha/0da7ab08-e378-40bf-aed1-312ccc1152ed
2024-10-28 08:10:37,496 [c77964d9-ca67-4df9-b70f-2db5af48a5e3-impl-thread1] INFO  server.RaftServerConfigKeys (ConfUtils.java:logGet(46)) - raft.server.log.queue.byte-limit = 64MB (=67108864) (default)
2024-10-28 08:10:37,496 [c77964d9-ca67-4df9-b70f-2db5af48a5e3-impl-thread1] INFO  server.RaftServerConfigKeys (ConfUtils.java:logGet(46)) - raft.server.log.queue.element-limit = 4096 (default)
2024-10-28 08:10:37,496 [c77964d9-ca67-4df9-b70f-2db5af48a5e3-impl-thread1] INFO  server.RaftServerConfigKeys (ConfUtils.java:logGet(46)) - raft.server.log.segment.size.max = 4194304 (custom)
2024-10-28 08:10:37,496 [c77964d9-ca67-4df9-b70f-2db5af48a5e3-impl-thread1] INFO  server.RaftServerConfigKeys (ConfUtils.java:logGet(46)) - raft.server.log.preallocated.size = 4194304 (custom)
2024-10-28 08:10:37,496 [c77964d9-ca67-4df9-b70f-2db5af48a5e3-impl-thread1] INFO  server.RaftServerConfigKeys (ConfUtils.java:logGet(46)) - raft.server.log.force.sync.num = 128 (default)
2024-10-28 08:10:37,496 [c77964d9-ca67-4df9-b70f-2db5af48a5e3-impl-thread1] INFO  server.RaftServerConfigKeys (ConfUtils.java:logGet(46)) - raft.server.log.statemachine.data.sync = true (default)
2024-10-28 08:10:37,496 [c77964d9-ca67-4df9-b70f-2db5af48a5e3-impl-thread1] INFO  server.RaftServerConfigKeys (ConfUtils.java:logGet(46)) - raft.server.log.statemachine.data.sync.timeout = 10s (default)
2024-10-28 08:10:37,496 [c77964d9-ca67-4df9-b70f-2db5af48a5e3-impl-thread1] INFO  server.RaftServerConfigKeys (ConfUtils.java:logGet(46)) - raft.server.log.statemachine.data.sync.timeout.retry = -1 (default)
2024-10-28 08:10:37,496 [c77964d9-ca67-4df9-b70f-2db5af48a5e3-impl-thread1] INFO  server.RaftServerConfigKeys (ConfUtils.java:logGet(46)) - raft.server.log.write.buffer.size = 4194312 (custom)
2024-10-28 08:10:37,497 [c77964d9-ca67-4df9-b70f-2db5af48a5e3-impl-thread1] INFO  server.RaftServerConfigKeys (ConfUtils.java:logGet(46)) - raft.server.log.appender.buffer.byte-limit = 4194304 (custom)
2024-10-28 08:10:37,497 [c77964d9-ca67-4df9-b70f-2db5af48a5e3-impl-thread1] INFO  server.RaftServerConfigKeys (ConfUtils.java:logGet(46)) - raft.server.log.unsafe-flush.enabled = false (default)
2024-10-28 08:10:37,497 [c77964d9-ca67-4df9-b70f-2db5af48a5e3-impl-thread1] INFO  server.RaftServerConfigKeys (ConfUtils.java:logGet(46)) - raft.server.log.async-flush.enabled = false (default)
2024-10-28 08:10:37,497 [c77964d9-ca67-4df9-b70f-2db5af48a5e3-impl-thread1] INFO  server.RaftServerConfigKeys (ConfUtils.java:logGet(46)) - raft.server.log.statemachine.data.caching.enabled = false (default)
2024-10-28 08:10:37,497 [c77964d9-ca67-4df9-b70f-2db5af48a5e3-impl-thread1] INFO  segmented.SegmentedRaftLogWorker (SegmentedRaftLogWorker.java:lambda$new$0(138)) - c77964d9-ca67-4df9-b70f-2db5af48a5e3@group-312CCC1152ED-SegmentedRaftLogWorker: flushIndex: setUnconditionally 0 -> -1
2024-10-28 08:10:37,497 [c77964d9-ca67-4df9-b70f-2db5af48a5e3-impl-thread1] INFO  segmented.SegmentedRaftLogWorker (SegmentedRaftLogWorker.java:lambda$new$0(138)) - c77964d9-ca67-4df9-b70f-2db5af48a5e3@group-312CCC1152ED-SegmentedRaftLogWorker: safeCacheEvictIndex: setUnconditionally 0 -> -1
2024-10-28 08:10:37,497 [c77964d9-ca67-4df9-b70f-2db5af48a5e3-impl-thread1] INFO  server.RaftServer$Division (RaftServerImpl.java:start(396)) - c77964d9-ca67-4df9-b70f-2db5af48a5e3@group-312CCC1152ED: start with initializing state, conf=conf: {index: -1, cur=peers:[]|listeners:[], old=null}
2024-10-28 08:10:37,497 [c77964d9-ca67-4df9-b70f-2db5af48a5e3-impl-thread1] INFO  server.RaftServer$Division (RaftServerImpl.java:setRole(377)) - c77964d9-ca67-4df9-b70f-2db5af48a5e3@group-312CCC1152ED: changes role from      null to FOLLOWER at term 0 for start
2024-10-28 08:10:37,498 [c77964d9-ca67-4df9-b70f-2db5af48a5e3-impl-thread1] INFO  util.JmxRegister (JmxRegister.java:tryRegister(44)) - Successfully registered JMX Bean with object name Ratis:service=RaftServer,group=group-312CCC1152ED,id=c77964d9-ca67-4df9-b70f-2db5af48a5e3
2024-10-28 08:10:37,498 [c77964d9-ca67-4df9-b70f-2db5af48a5e3-impl-thread1] INFO  util.JmxRegister (JmxRegister.java:register(58)) - register mxBean class org.apache.ratis.server.impl.RaftServerJmxAdapter as Ratis:service=RaftServer,group=group-312CCC1152ED,id=c77964d9-ca67-4df9-b70f-2db5af48a5e3
2024-10-28 08:10:37,498 [c77964d9-ca67-4df9-b70f-2db5af48a5e3-impl-thread1] INFO  server.RaftServerConfigKeys (ConfUtils.java:logGet(46)) - raft.server.snapshot.trigger-when-stop.enabled = true (default)
2024-10-28 08:10:37,498 [c77964d9-ca67-4df9-b70f-2db5af48a5e3-impl-thread1] INFO  server.RaftServerConfigKeys (ConfUtils.java:logGet(46)) - raft.server.snapshot.trigger-when-remove.enabled = true (default)
2024-10-28 08:10:37,498 [c77964d9-ca67-4df9-b70f-2db5af48a5e3-impl-thread1] INFO  server.RaftServerConfigKeys (ConfUtils.java:logGet(46)) - raft.server.snapshot.auto.trigger.enabled = true (custom)
2024-10-28 08:10:37,498 [c77964d9-ca67-4df9-b70f-2db5af48a5e3-impl-thread1] INFO  server.RaftServerConfigKeys (ConfUtils.java:logGet(46)) - raft.server.snapshot.auto.trigger.threshold = 5 (custom)
2024-10-28 08:10:37,498 [c77964d9-ca67-4df9-b70f-2db5af48a5e3-impl-thread1] INFO  server.RaftServerConfigKeys (ConfUtils.java:logGet(46)) - raft.server.snapshot.retention.file.num = -1 (default)
2024-10-28 08:10:37,498 [c77964d9-ca67-4df9-b70f-2db5af48a5e3-impl-thread1] INFO  server.RaftServerConfigKeys (ConfUtils.java:logGet(46)) - raft.server.log.purge.upto.snapshot.index = false (default)
2024-10-28 08:10:37,498 [main] INFO  server.RaftServer (RaftServerProxy.java:startImpl(407)) - c77964d9-ca67-4df9-b70f-2db5af48a5e3: start RPC server
2024-10-28 08:10:37,499 [main] INFO  server.GrpcService (GrpcService.java:startImpl(334)) - c77964d9-ca67-4df9-b70f-2db5af48a5e3: GrpcService started, listening on 15094
2024-10-28 08:10:37,499 [JvmPauseMonitor13] INFO  util.JvmPauseMonitor (JvmPauseMonitor.java:run(146)) - JvmPauseMonitor-c77964d9-ca67-4df9-b70f-2db5af48a5e3: Started
2024-10-28 08:10:37,500 [main] INFO  ha.SCMNodeInfo (SCMNodeInfo.java:getPort(196)) - ConfigKey ozone.scm.client.address is deprecated, For configuring different ports for each SCM use PortConfigKey ozone.scm.client.port appended with serviceId and nodeId
2024-10-28 08:10:37,500 [main] INFO  ha.SCMNodeInfo (SCMNodeInfo.java:getPort(196)) - ConfigKey ozone.scm.block.client.address is deprecated, For configuring different ports for each SCM use PortConfigKey ozone.scm.block.client.port appended with serviceId and nodeId
2024-10-28 08:10:37,500 [main] INFO  ha.SCMNodeInfo (SCMNodeInfo.java:getPort(196)) - ConfigKey ozone.scm.security.service.address is deprecated, For configuring different ports for each SCM use PortConfigKey ozone.scm.security.service.port appended with serviceId and nodeId
2024-10-28 08:10:37,500 [main] INFO  ha.SCMNodeInfo (SCMNodeInfo.java:getPort(196)) - ConfigKey ozone.scm.datanode.address is deprecated, For configuring different ports for each SCM use PortConfigKey ozone.scm.datanode.port appended with serviceId and nodeId
2024-10-28 08:10:37,500 [main] INFO  ha.SCMNodeInfo (SCMNodeInfo.java:getPort(196)) - ConfigKey ozone.scm.client.address is deprecated, For configuring different ports for each SCM use PortConfigKey ozone.scm.client.port appended with serviceId and nodeId
2024-10-28 08:10:37,500 [main] INFO  ha.SCMNodeInfo (SCMNodeInfo.java:getPort(196)) - ConfigKey ozone.scm.block.client.address is deprecated, For configuring different ports for each SCM use PortConfigKey ozone.scm.block.client.port appended with serviceId and nodeId
2024-10-28 08:10:37,500 [main] INFO  ha.SCMNodeInfo (SCMNodeInfo.java:getPort(196)) - ConfigKey ozone.scm.security.service.address is deprecated, For configuring different ports for each SCM use PortConfigKey ozone.scm.security.service.port appended with serviceId and nodeId
2024-10-28 08:10:37,500 [main] INFO  ha.SCMNodeInfo (SCMNodeInfo.java:getPort(196)) - ConfigKey ozone.scm.datanode.address is deprecated, For configuring different ports for each SCM use PortConfigKey ozone.scm.datanode.port appended with serviceId and nodeId
2024-10-28 08:10:37,500 [main] INFO  proxy.SCMBlockLocationFailoverProxyProvider (SCMBlockLocationFailoverProxyProvider.java:<init>(115)) - Created block location fail-over proxy with 2 nodes: [nodeId=scmNode-2,nodeAddress=/127.0.0.1:15090, nodeId=scmNode-1,nodeAddress=/127.0.0.1:15082]
2024-10-28 08:10:37,505 [IPC Server handler 3 on default port 15082] INFO  ha.SCMRatisServerImpl (SCMRatisServerImpl.java:addSCM(317)) - 41ad025f-af8e-4c4e-9124-a1617073bc42: Submitting SetConfiguration request to Ratis server with new SCM peers list: [22ff29b6-698b-46d6-babb-0a5352f8b68f|localhost:15086, 41ad025f-af8e-4c4e-9124-a1617073bc42|localhost:15078, c77964d9-ca67-4df9-b70f-2db5af48a5e3|localhost:15094]
2024-10-28 08:10:37,505 [IPC Server handler 3 on default port 15082] INFO  server.RaftServer$Division (RaftServerImpl.java:setConfigurationAsync(1283)) - 41ad025f-af8e-4c4e-9124-a1617073bc42@group-312CCC1152ED: receive setConfiguration SetConfigurationRequest:client-FAC3EFF07AB8->41ad025f-af8e-4c4e-9124-a1617073bc42@group-312CCC1152ED, cid=1, seq=null, RW, null, SET_UNCONDITIONALLY, servers:[22ff29b6-698b-46d6-babb-0a5352f8b68f|localhost:15086, 41ad025f-af8e-4c4e-9124-a1617073bc42|localhost:15078, c77964d9-ca67-4df9-b70f-2db5af48a5e3|localhost:15094], listeners:[]
2024-10-28 08:10:37,505 [IPC Server handler 3 on default port 15082] INFO  server.RaftServer$Division (LeaderStateImpl.java:startSetConfiguration(488)) - 41ad025f-af8e-4c4e-9124-a1617073bc42@group-312CCC1152ED-LeaderStateImpl: startSetConfiguration SetConfigurationRequest:client-FAC3EFF07AB8->41ad025f-af8e-4c4e-9124-a1617073bc42@group-312CCC1152ED, cid=1, seq=null, RW, null, SET_UNCONDITIONALLY, servers:[22ff29b6-698b-46d6-babb-0a5352f8b68f|localhost:15086, 41ad025f-af8e-4c4e-9124-a1617073bc42|localhost:15078, c77964d9-ca67-4df9-b70f-2db5af48a5e3|localhost:15094], listeners:[]
2024-10-28 08:10:37,505 [IPC Server handler 3 on default port 15082] INFO  server.RaftServerConfigKeys (ConfUtils.java:logGet(46)) - raft.server.log.appender.snapshot.chunk.size.max = 16MB (=16777216) (default)
2024-10-28 08:10:37,505 [IPC Server handler 3 on default port 15082] INFO  server.RaftServerConfigKeys (ConfUtils.java:logGet(46)) - raft.server.log.appender.buffer.byte-limit = 4194304 (custom)
2024-10-28 08:10:37,505 [IPC Server handler 3 on default port 15082] INFO  server.RaftServerConfigKeys (ConfUtils.java:logGet(46)) - raft.server.log.appender.buffer.element-limit = 1024 (custom)
2024-10-28 08:10:37,505 [IPC Server handler 3 on default port 15082] INFO  server.RaftServerConfigKeys (ConfUtils.java:logGet(46)) - raft.server.log.appender.wait-time.min = 0ms (custom)
2024-10-28 08:10:37,505 [IPC Server handler 3 on default port 15082] INFO  grpc.GrpcConfigKeys (ConfUtils.java:logGet(46)) - raft.grpc.server.leader.outstanding.appends.max = 8 (default)
2024-10-28 08:10:37,506 [IPC Server handler 3 on default port 15082] INFO  server.RaftServerConfigKeys (ConfUtils.java:logGet(46)) - raft.server.rpc.request.timeout = 30000ms (custom)
2024-10-28 08:10:37,506 [IPC Server handler 3 on default port 15082] INFO  grpc.GrpcConfigKeys (ConfUtils.java:logGet(46)) - raft.grpc.server.install_snapshot.request.element-limit = 8 (default)
2024-10-28 08:10:37,506 [IPC Server handler 3 on default port 15082] INFO  grpc.GrpcConfigKeys (ConfUtils.java:logGet(46)) - raft.grpc.server.install_snapshot.request.timeout = 3000ms (default)
2024-10-28 08:10:37,506 [IPC Server handler 3 on default port 15082] INFO  grpc.GrpcConfigKeys (ConfUtils.java:logGet(46)) - raft.grpc.server.log-message.batch.duration = 5s (default)
2024-10-28 08:10:37,506 [IPC Server handler 3 on default port 15082] INFO  server.RaftServerConfigKeys (ConfUtils.java:logGet(46)) - raft.server.log.appender.install.snapshot.enabled = false (custom)
2024-10-28 08:10:37,506 [IPC Server handler 3 on default port 15082] INFO  grpc.GrpcConfigKeys (ConfUtils.java:logGet(46)) - raft.grpc.server.heartbeat.channel = true (default)
2024-10-28 08:10:37,511 [41ad025f-af8e-4c4e-9124-a1617073bc42@group-312CCC1152ED->c77964d9-ca67-4df9-b70f-2db5af48a5e3-GrpcLogAppender-LogAppenderDaemon] INFO  server.GrpcLogAppender (GrpcLogAppender.java:notifyInstallSnapshot(789)) - 41ad025f-af8e-4c4e-9124-a1617073bc42@group-312CCC1152ED->c77964d9-ca67-4df9-b70f-2db5af48a5e3-GrpcLogAppender: notifyInstallSnapshot with firstAvailable=(t:1, i:0), followerNextIndex=0
2024-10-28 08:10:37,511 [41ad025f-af8e-4c4e-9124-a1617073bc42@group-312CCC1152ED->c77964d9-ca67-4df9-b70f-2db5af48a5e3-GrpcLogAppender-LogAppenderDaemon] INFO  server.GrpcLogAppender (GrpcLogAppender.java:notifyInstallSnapshot(797)) - 41ad025f-af8e-4c4e-9124-a1617073bc42@group-312CCC1152ED->c77964d9-ca67-4df9-b70f-2db5af48a5e3-GrpcLogAppender: send 41ad025f-af8e-4c4e-9124-a1617073bc42->c77964d9-ca67-4df9-b70f-2db5af48a5e3#0-t2,notify:(t:1, i:0)
2024-10-28 08:10:37,511 [41ad025f-af8e-4c4e-9124-a1617073bc42@group-312CCC1152ED->c77964d9-ca67-4df9-b70f-2db5af48a5e3-GrpcLogAppender-LogAppenderDaemon] INFO  server.GrpcServerProtocolClient (GrpcServerProtocolClient.java:<init>(65)) - Build channel for c77964d9-ca67-4df9-b70f-2db5af48a5e3|localhost:15094
2024-10-28 08:10:37,516 [grpc-default-executor-0] INFO  impl.SnapshotInstallationHandler (SnapshotInstallationHandler.java:installSnapshot(94)) - c77964d9-ca67-4df9-b70f-2db5af48a5e3@group-312CCC1152ED: receive installSnapshot: 41ad025f-af8e-4c4e-9124-a1617073bc42->c77964d9-ca67-4df9-b70f-2db5af48a5e3#0-t2,notify:(t:1, i:0)
2024-10-28 08:10:37,518 [grpc-default-executor-0] INFO  server.RaftServer$Division (RaftServerImpl.java:setFirstElection(558)) - c77964d9-ca67-4df9-b70f-2db5af48a5e3@group-312CCC1152ED: set firstElectionSinceStartup to false for installSnapshot
2024-10-28 08:10:37,518 [grpc-default-executor-0] INFO  ha.SCMStateMachine (SCMStateMachine.java:notifyLeaderChanged(292)) - leader changed, yet current SCM is still follower.
2024-10-28 08:10:37,518 [grpc-default-executor-0] INFO  server.RaftServer$Division (ServerState.java:setLeader(272)) - c77964d9-ca67-4df9-b70f-2db5af48a5e3@group-312CCC1152ED: change Leader from null to 41ad025f-af8e-4c4e-9124-a1617073bc42 at term 2 for installSnapshot, leader elected after 56ms
2024-10-28 08:10:37,518 [grpc-default-executor-0] INFO  impl.SnapshotInstallationHandler (SnapshotInstallationHandler.java:notifyStateMachineToInstallSnapshot(232)) - c77964d9-ca67-4df9-b70f-2db5af48a5e3@group-312CCC1152ED: Received notification to install snapshot at index 0
2024-10-28 08:10:37,518 [grpc-default-executor-0] INFO  impl.SnapshotInstallationHandler (SnapshotInstallationHandler.java:notifyStateMachineToInstallSnapshot(266)) - c77964d9-ca67-4df9-b70f-2db5af48a5e3@group-312CCC1152ED: notifyInstallSnapshot: nextIndex is 0 but the leader's first available index is 0.
2024-10-28 08:10:37,518 [grpc-default-executor-0] INFO  ha.SCMStateMachine (SCMStateMachine.java:notifyInstallSnapshotFromLeader(245)) - Received install snapshot notification from SCM leader: localhost:15078 with term index: (t:1, i:0)
2024-10-28 08:10:37,519 [grpc-default-executor-0] INFO  impl.SnapshotInstallationHandler (SnapshotInstallationHandler.java:installSnapshotImpl(140)) - c77964d9-ca67-4df9-b70f-2db5af48a5e3@group-312CCC1152ED: set new configuration index: 5
configurationEntry {
  peers {
    id: "22ff29b6-698b-46d6-babb-0a5352f8b68f"
    address: "localhost:15086"
    startupRole: FOLLOWER
  }
  peers {
    id: "41ad025f-af8e-4c4e-9124-a1617073bc42"
    address: "localhost:15078"
    startupRole: FOLLOWER
  }
}
 from snapshot
2024-10-28 08:10:37,519 [grpc-default-executor-0] INFO  server.RaftServer$Division (ServerState.java:setRaftConf(386)) - c77964d9-ca67-4df9-b70f-2db5af48a5e3@group-312CCC1152ED: set configuration conf: {index: 5, cur=peers:[22ff29b6-698b-46d6-babb-0a5352f8b68f|localhost:15086, 41ad025f-af8e-4c4e-9124-a1617073bc42|localhost:15078]|listeners:[], old=null}
2024-10-28 08:10:37,520 [grpc-default-executor-0] INFO  impl.SnapshotInstallationHandler (SnapshotInstallationHandler.java:installSnapshot(105)) - c77964d9-ca67-4df9-b70f-2db5af48a5e3@group-312CCC1152ED: reply installSnapshot: 41ad025f-af8e-4c4e-9124-a1617073bc42<-c77964d9-ca67-4df9-b70f-2db5af48a5e3#0:FAIL-t0,IN_PROGRESS,snapshotIndex=0
2024-10-28 08:10:37,521 [scmNode-3-SCMInstallSnapshot-0] INFO  ha.SCMHAManagerImpl (SCMHAManagerImpl.java:getDBCheckpointFromLeader(270)) - Downloading checkpoint from leader SCM scmNode-1 and reloading state from the checkpoint.
2024-10-28 08:10:37,521 [grpc-default-executor-0] INFO  server.GrpcServerProtocolService (GrpcServerProtocolService.java:onCompleted(157)) - c77964d9-ca67-4df9-b70f-2db5af48a5e3: Completed INSTALL_SNAPSHOT, lastRequest: 41ad025f-af8e-4c4e-9124-a1617073bc42->c77964d9-ca67-4df9-b70f-2db5af48a5e3#0-t2,notify:(t:1, i:0)
2024-10-28 08:10:37,522 [grpc-default-executor-1] INFO  server.GrpcLogAppender (GrpcLogAppender.java:onNext(655)) - 41ad025f-af8e-4c4e-9124-a1617073bc42@group-312CCC1152ED->c77964d9-ca67-4df9-b70f-2db5af48a5e3-InstallSnapshotResponseHandler: received the first reply 41ad025f-af8e-4c4e-9124-a1617073bc42<-c77964d9-ca67-4df9-b70f-2db5af48a5e3#0:FAIL-t0,IN_PROGRESS,snapshotIndex=0
2024-10-28 08:10:37,523 [grpc-default-executor-1] INFO  server.GrpcLogAppender (GrpcLogAppender.java:onNext(671)) - 41ad025f-af8e-4c4e-9124-a1617073bc42@group-312CCC1152ED->c77964d9-ca67-4df9-b70f-2db5af48a5e3-InstallSnapshotResponseHandler: InstallSnapshot in progress.
2024-10-28 08:10:37,525 [grpc-default-executor-1] INFO  ha.SCMDBCheckpointProvider (SCMDBCheckpointProvider.java:writeDBCheckPointToSream(49)) - Received request to obtain SCM DB checkpoint snapshot
2024-10-28 08:10:37,526 [grpc-default-executor-0] INFO  server.GrpcServerProtocolService (GrpcServerProtocolService.java:lambda$onCompleted$5(159)) - c77964d9-ca67-4df9-b70f-2db5af48a5e3: Completed INSTALL_SNAPSHOT, lastReply: null
2024-10-28 08:10:37,531 [grpc-default-executor-1] INFO  db.RDBCheckpointManager (RDBCheckpointManager.java:createCheckpoint(89)) - Created checkpoint in rocksDB at /home/runner/work/ozone/ozone/hadoop-ozone/integration-test/target/test-dir/MiniOzoneClusterImpl-0da7ab08-e378-40bf-aed1-312ccc1152ed/scmNode-1/db.checkpoints/scm.db_checkpoint_1730103037528 in 2 milliseconds
2024-10-28 08:10:37,535 [41ad025f-af8e-4c4e-9124-a1617073bc42@group-312CCC1152ED->c77964d9-ca67-4df9-b70f-2db5af48a5e3-GrpcLogAppender-LogAppenderDaemon] INFO  server.GrpcLogAppender (GrpcLogAppender.java:notifyInstallSnapshot(789)) - 41ad025f-af8e-4c4e-9124-a1617073bc42@group-312CCC1152ED->c77964d9-ca67-4df9-b70f-2db5af48a5e3-GrpcLogAppender: notifyInstallSnapshot with firstAvailable=(t:1, i:0), followerNextIndex=0
2024-10-28 08:10:37,535 [41ad025f-af8e-4c4e-9124-a1617073bc42@group-312CCC1152ED->c77964d9-ca67-4df9-b70f-2db5af48a5e3-GrpcLogAppender-LogAppenderDaemon] INFO  server.GrpcLogAppender (GrpcLogAppender.java:notifyInstallSnapshot(797)) - 41ad025f-af8e-4c4e-9124-a1617073bc42@group-312CCC1152ED->c77964d9-ca67-4df9-b70f-2db5af48a5e3-GrpcLogAppender: send 41ad025f-af8e-4c4e-9124-a1617073bc42->c77964d9-ca67-4df9-b70f-2db5af48a5e3#0-t2,notify:(t:1, i:0)
2024-10-28 08:10:37,536 [c77964d9-ca67-4df9-b70f-2db5af48a5e3-server-thread1] INFO  server.RaftServer$Division (RaftServerImpl.java:checkInconsistentAppendEntries(1607)) - c77964d9-ca67-4df9-b70f-2db5af48a5e3@group-312CCC1152ED: Failed appendEntries as snapshot (0) installation is in progress
2024-10-28 08:10:37,536 [c77964d9-ca67-4df9-b70f-2db5af48a5e3-server-thread1] INFO  server.RaftServer$Division (RaftServerImpl.java:appendEntriesAsync(1562)) - c77964d9-ca67-4df9-b70f-2db5af48a5e3@group-312CCC1152ED: appendEntries* reply 41ad025f-af8e-4c4e-9124-a1617073bc42<-c77964d9-ca67-4df9-b70f-2db5af48a5e3#0:FAIL-t2,INCONSISTENCY,nextIndex=0,followerCommit=-1,matchIndex=-1
2024-10-28 08:10:37,536 [grpc-default-executor-3] INFO  impl.SnapshotInstallationHandler (SnapshotInstallationHandler.java:installSnapshot(94)) - c77964d9-ca67-4df9-b70f-2db5af48a5e3@group-312CCC1152ED: receive installSnapshot: 41ad025f-af8e-4c4e-9124-a1617073bc42->c77964d9-ca67-4df9-b70f-2db5af48a5e3#0-t2,notify:(t:1, i:0)
2024-10-28 08:10:37,537 [grpc-default-executor-3] INFO  impl.SnapshotInstallationHandler (SnapshotInstallationHandler.java:installSnapshotImpl(140)) - c77964d9-ca67-4df9-b70f-2db5af48a5e3@group-312CCC1152ED: set new configuration index: 5
configurationEntry {
  peers {
    id: "22ff29b6-698b-46d6-babb-0a5352f8b68f"
    address: "localhost:15086"
    startupRole: FOLLOWER
  }
  peers {
    id: "41ad025f-af8e-4c4e-9124-a1617073bc42"
    address: "localhost:15078"
    startupRole: FOLLOWER
  }
}
 from snapshot
2024-10-28 08:10:37,537 [grpc-default-executor-3] INFO  server.RaftServer$Division (ServerState.java:setRaftConf(386)) - c77964d9-ca67-4df9-b70f-2db5af48a5e3@group-312CCC1152ED: set configuration conf: {index: 5, cur=peers:[22ff29b6-698b-46d6-babb-0a5352f8b68f|localhost:15086, 41ad025f-af8e-4c4e-9124-a1617073bc42|localhost:15078]|listeners:[], old=null}
2024-10-28 08:10:37,538 [grpc-default-executor-2] WARN  server.GrpcLogAppender (GrpcLogAppender.java:onNextImpl(519)) - 41ad025f-af8e-4c4e-9124-a1617073bc42@group-312CCC1152ED->c77964d9-ca67-4df9-b70f-2db5af48a5e3-AppendLogResponseHandler: received INCONSISTENCY reply with nextIndex 0, errorCount=1, request=AppendEntriesRequest:cid=0,entriesCount=0
2024-10-28 08:10:37,539 [grpc-default-executor-3] INFO  impl.SnapshotInstallationHandler (SnapshotInstallationHandler.java:installSnapshot(105)) - c77964d9-ca67-4df9-b70f-2db5af48a5e3@group-312CCC1152ED: reply installSnapshot: 41ad025f-af8e-4c4e-9124-a1617073bc42<-c77964d9-ca67-4df9-b70f-2db5af48a5e3#0:FAIL-t2,IN_PROGRESS,snapshotIndex=0
2024-10-28 08:10:37,539 [grpc-default-executor-3] INFO  server.GrpcServerProtocolService (GrpcServerProtocolService.java:onCompleted(157)) - c77964d9-ca67-4df9-b70f-2db5af48a5e3: Completed INSTALL_SNAPSHOT, lastRequest: 41ad025f-af8e-4c4e-9124-a1617073bc42->c77964d9-ca67-4df9-b70f-2db5af48a5e3#0-t2,notify:(t:1, i:0)
2024-10-28 08:10:37,539 [grpc-default-executor-3] INFO  server.GrpcServerProtocolService (GrpcServerProtocolService.java:lambda$onCompleted$5(159)) - c77964d9-ca67-4df9-b70f-2db5af48a5e3: Completed INSTALL_SNAPSHOT, lastReply: null
2024-10-28 08:10:37,540 [grpc-default-executor-3] INFO  server.GrpcLogAppender (GrpcLogAppender.java:onNext(655)) - 41ad025f-af8e-4c4e-9124-a1617073bc42@group-312CCC1152ED->c77964d9-ca67-4df9-b70f-2db5af48a5e3-InstallSnapshotResponseHandler: received a reply 41ad025f-af8e-4c4e-9124-a1617073bc42<-c77964d9-ca67-4df9-b70f-2db5af48a5e3#0:FAIL-t2,IN_PROGRESS,snapshotIndex=0
2024-10-28 08:10:37,540 [grpc-default-executor-3] INFO  server.GrpcLogAppender (GrpcLogAppender.java:onNext(671)) - 41ad025f-af8e-4c4e-9124-a1617073bc42@group-312CCC1152ED->c77964d9-ca67-4df9-b70f-2db5af48a5e3-InstallSnapshotResponseHandler: InstallSnapshot in progress.
2024-10-28 08:10:37,540 [c77964d9-ca67-4df9-b70f-2db5af48a5e3-server-thread1] INFO  server.RaftServer$Division (RaftServerImpl.java:checkInconsistentAppendEntries(1607)) - c77964d9-ca67-4df9-b70f-2db5af48a5e3@group-312CCC1152ED: Failed appendEntries as snapshot (0) installation is in progress
2024-10-28 08:10:37,540 [c77964d9-ca67-4df9-b70f-2db5af48a5e3-server-thread1] INFO  server.RaftServer$Division (RaftServerImpl.java:appendEntriesAsync(1562)) - c77964d9-ca67-4df9-b70f-2db5af48a5e3@group-312CCC1152ED: appendEntries* reply 41ad025f-af8e-4c4e-9124-a1617073bc42<-c77964d9-ca67-4df9-b70f-2db5af48a5e3#1:FAIL-t2,INCONSISTENCY,nextIndex=0,followerCommit=-1,matchIndex=-1
2024-10-28 08:10:37,541 [grpc-default-executor-3] WARN  server.GrpcLogAppender (GrpcLogAppender.java:onNextImpl(519)) - 41ad025f-af8e-4c4e-9124-a1617073bc42@group-312CCC1152ED->c77964d9-ca67-4df9-b70f-2db5af48a5e3-AppendLogResponseHandler: received INCONSISTENCY reply with nextIndex 0, errorCount=1, request=AppendEntriesRequest:cid=1,entriesCount=0
2024-10-28 08:10:37,541 [41ad025f-af8e-4c4e-9124-a1617073bc42@group-312CCC1152ED->c77964d9-ca67-4df9-b70f-2db5af48a5e3-GrpcLogAppender-LogAppenderDaemon] INFO  server.GrpcLogAppender (GrpcLogAppender.java:notifyInstallSnapshot(789)) - 41ad025f-af8e-4c4e-9124-a1617073bc42@group-312CCC1152ED->c77964d9-ca67-4df9-b70f-2db5af48a5e3-GrpcLogAppender: notifyInstallSnapshot with firstAvailable=(t:1, i:0), followerNextIndex=0
2024-10-28 08:10:37,541 [grpc-default-executor-1] INFO  ha.SCMGrpcOutputStream (SCMGrpcOutputStream.java:close(111)) - Sent 66560 bytes for cluster 0da7ab08-e378-40bf-aed1-312ccc1152ed
2024-10-28 08:10:37,541 [41ad025f-af8e-4c4e-9124-a1617073bc42@group-312CCC1152ED->c77964d9-ca67-4df9-b70f-2db5af48a5e3-GrpcLogAppender-LogAppenderDaemon] INFO  server.GrpcLogAppender (GrpcLogAppender.java:notifyInstallSnapshot(797)) - 41ad025f-af8e-4c4e-9124-a1617073bc42@group-312CCC1152ED->c77964d9-ca67-4df9-b70f-2db5af48a5e3-GrpcLogAppender: send 41ad025f-af8e-4c4e-9124-a1617073bc42->c77964d9-ca67-4df9-b70f-2db5af48a5e3#0-t2,notify:(t:1, i:0)
2024-10-28 08:10:37,541 [grpc-default-executor-1] INFO  ha.SCMDBCheckpointProvider (SCMDBCheckpointProvider.java:writeDBCheckPointToSream(75)) - Time taken to write the checkpoint to response output stream: 9 milliseconds
2024-10-28 08:10:37,541 [grpc-default-executor-1] INFO  db.RocksDBCheckpoint (RocksDBCheckpoint.java:cleanupCheckpoint(78)) - Cleaning up RocksDB checkpoint at /home/runner/work/ozone/ozone/hadoop-ozone/integration-test/target/test-dir/MiniOzoneClusterImpl-0da7ab08-e378-40bf-aed1-312ccc1152ed/scmNode-1/db.checkpoints/scm.db_checkpoint_1730103037528
2024-10-28 08:10:37,543 [grpc-default-executor-2] INFO  ha.InterSCMGrpcClient (InterSCMGrpcClient.java:onCompleted(172)) - Checkpoint is downloaded to /home/runner/work/ozone/ozone/hadoop-ozone/integration-test/target/test-dir/MiniOzoneClusterImpl-0da7ab08-e378-40bf-aed1-312ccc1152ed/scmNode-3/snapshot/scm.db-scmNode-1-1730103037521.tar
2024-10-28 08:10:37,543 [grpc-default-executor-3] INFO  impl.SnapshotInstallationHandler (SnapshotInstallationHandler.java:installSnapshot(94)) - c77964d9-ca67-4df9-b70f-2db5af48a5e3@group-312CCC1152ED: receive installSnapshot: 41ad025f-af8e-4c4e-9124-a1617073bc42->c77964d9-ca67-4df9-b70f-2db5af48a5e3#0-t2,notify:(t:1, i:0)
2024-10-28 08:10:37,544 [grpc-default-executor-3] INFO  impl.SnapshotInstallationHandler (SnapshotInstallationHandler.java:installSnapshotImpl(140)) - c77964d9-ca67-4df9-b70f-2db5af48a5e3@group-312CCC1152ED: set new configuration index: 5
configurationEntry {
  peers {
    id: "22ff29b6-698b-46d6-babb-0a5352f8b68f"
    address: "localhost:15086"
    startupRole: FOLLOWER
  }
  peers {
    id: "41ad025f-af8e-4c4e-9124-a1617073bc42"
    address: "localhost:15078"
    startupRole: FOLLOWER
  }
}
 from snapshot
2024-10-28 08:10:37,544 [grpc-default-executor-3] INFO  server.RaftServer$Division (ServerState.java:setRaftConf(386)) - c77964d9-ca67-4df9-b70f-2db5af48a5e3@group-312CCC1152ED: set configuration conf: {index: 5, cur=peers:[22ff29b6-698b-46d6-babb-0a5352f8b68f|localhost:15086, 41ad025f-af8e-4c4e-9124-a1617073bc42|localhost:15078]|listeners:[], old=null}
2024-10-28 08:10:37,546 [grpc-default-executor-3] INFO  impl.SnapshotInstallationHandler (SnapshotInstallationHandler.java:installSnapshot(105)) - c77964d9-ca67-4df9-b70f-2db5af48a5e3@group-312CCC1152ED: reply installSnapshot: 41ad025f-af8e-4c4e-9124-a1617073bc42<-c77964d9-ca67-4df9-b70f-2db5af48a5e3#0:FAIL-t2,IN_PROGRESS,snapshotIndex=0
2024-10-28 08:10:37,546 [grpc-default-executor-3] INFO  server.GrpcServerProtocolService (GrpcServerProtocolService.java:onCompleted(157)) - c77964d9-ca67-4df9-b70f-2db5af48a5e3: Completed INSTALL_SNAPSHOT, lastRequest: 41ad025f-af8e-4c4e-9124-a1617073bc42->c77964d9-ca67-4df9-b70f-2db5af48a5e3#0-t2,notify:(t:1, i:0)
2024-10-28 08:10:37,546 [grpc-default-executor-3] INFO  server.GrpcServerProtocolService (GrpcServerProtocolService.java:lambda$onCompleted$5(159)) - c77964d9-ca67-4df9-b70f-2db5af48a5e3: Completed INSTALL_SNAPSHOT, lastReply: null
2024-10-28 08:10:37,546 [grpc-default-executor-3] INFO  server.GrpcLogAppender (GrpcLogAppender.java:onNext(655)) - 41ad025f-af8e-4c4e-9124-a1617073bc42@group-312CCC1152ED->c77964d9-ca67-4df9-b70f-2db5af48a5e3-InstallSnapshotResponseHandler: received a reply 41ad025f-af8e-4c4e-9124-a1617073bc42<-c77964d9-ca67-4df9-b70f-2db5af48a5e3#0:FAIL-t2,IN_PROGRESS,snapshotIndex=0
2024-10-28 08:10:37,547 [grpc-default-executor-3] INFO  server.GrpcLogAppender (GrpcLogAppender.java:onNext(671)) - 41ad025f-af8e-4c4e-9124-a1617073bc42@group-312CCC1152ED->c77964d9-ca67-4df9-b70f-2db5af48a5e3-InstallSnapshotResponseHandler: InstallSnapshot in progress.
2024-10-28 08:10:37,548 [c77964d9-ca67-4df9-b70f-2db5af48a5e3-server-thread1] INFO  server.RaftServer$Division (RaftServerImpl.java:checkInconsistentAppendEntries(1607)) - c77964d9-ca67-4df9-b70f-2db5af48a5e3@group-312CCC1152ED: Failed appendEntries as snapshot (0) installation is in progress
2024-10-28 08:10:37,548 [41ad025f-af8e-4c4e-9124-a1617073bc42@group-312CCC1152ED->c77964d9-ca67-4df9-b70f-2db5af48a5e3-GrpcLogAppender-LogAppenderDaemon] INFO  server.GrpcLogAppender (GrpcLogAppender.java:notifyInstallSnapshot(789)) - 41ad025f-af8e-4c4e-9124-a1617073bc42@group-312CCC1152ED->c77964d9-ca67-4df9-b70f-2db5af48a5e3-GrpcLogAppender: notifyInstallSnapshot with firstAvailable=(t:1, i:0), followerNextIndex=0
2024-10-28 08:10:37,548 [41ad025f-af8e-4c4e-9124-a1617073bc42@group-312CCC1152ED->c77964d9-ca67-4df9-b70f-2db5af48a5e3-GrpcLogAppender-LogAppenderDaemon] INFO  server.GrpcLogAppender (GrpcLogAppender.java:notifyInstallSnapshot(797)) - 41ad025f-af8e-4c4e-9124-a1617073bc42@group-312CCC1152ED->c77964d9-ca67-4df9-b70f-2db5af48a5e3-GrpcLogAppender: send 41ad025f-af8e-4c4e-9124-a1617073bc42->c77964d9-ca67-4df9-b70f-2db5af48a5e3#0-t2,notify:(t:1, i:0)
2024-10-28 08:10:37,549 [grpc-default-executor-2] INFO  impl.SnapshotInstallationHandler (SnapshotInstallationHandler.java:installSnapshot(94)) - c77964d9-ca67-4df9-b70f-2db5af48a5e3@group-312CCC1152ED: receive installSnapshot: 41ad025f-af8e-4c4e-9124-a1617073bc42->c77964d9-ca67-4df9-b70f-2db5af48a5e3#0-t2,notify:(t:1, i:0)
2024-10-28 08:10:37,550 [c77964d9-ca67-4df9-b70f-2db5af48a5e3-server-thread1] INFO  server.RaftServer$Division (RaftServerImpl.java:appendEntriesAsync(1562)) - c77964d9-ca67-4df9-b70f-2db5af48a5e3@group-312CCC1152ED: appendEntries* reply 41ad025f-af8e-4c4e-9124-a1617073bc42<-c77964d9-ca67-4df9-b70f-2db5af48a5e3#2:FAIL-t2,INCONSISTENCY,nextIndex=0,followerCommit=-1,matchIndex=-1
2024-10-28 08:10:37,550 [grpc-default-executor-2] INFO  impl.SnapshotInstallationHandler (SnapshotInstallationHandler.java:installSnapshotImpl(140)) - c77964d9-ca67-4df9-b70f-2db5af48a5e3@group-312CCC1152ED: set new configuration index: 5
configurationEntry {
  peers {
    id: "22ff29b6-698b-46d6-babb-0a5352f8b68f"
    address: "localhost:15086"
    startupRole: FOLLOWER
  }
  peers {
    id: "41ad025f-af8e-4c4e-9124-a1617073bc42"
    address: "localhost:15078"
    startupRole: FOLLOWER
  }
}
 from snapshot
2024-10-28 08:10:37,550 [grpc-default-executor-2] INFO  server.RaftServer$Division (ServerState.java:setRaftConf(386)) - c77964d9-ca67-4df9-b70f-2db5af48a5e3@group-312CCC1152ED: set configuration conf: {index: 5, cur=peers:[22ff29b6-698b-46d6-babb-0a5352f8b68f|localhost:15086, 41ad025f-af8e-4c4e-9124-a1617073bc42|localhost:15078]|listeners:[], old=null}
2024-10-28 08:10:37,551 [grpc-default-executor-3] WARN  server.GrpcLogAppender (GrpcLogAppender.java:onNextImpl(519)) - 41ad025f-af8e-4c4e-9124-a1617073bc42@group-312CCC1152ED->c77964d9-ca67-4df9-b70f-2db5af48a5e3-AppendLogResponseHandler: received INCONSISTENCY reply with nextIndex 0, errorCount=1, request=AppendEntriesRequest:cid=2,entriesCount=0
2024-10-28 08:10:37,552 [grpc-default-executor-2] INFO  impl.SnapshotInstallationHandler (SnapshotInstallationHandler.java:installSnapshot(105)) - c77964d9-ca67-4df9-b70f-2db5af48a5e3@group-312CCC1152ED: reply installSnapshot: 41ad025f-af8e-4c4e-9124-a1617073bc42<-c77964d9-ca67-4df9-b70f-2db5af48a5e3#0:FAIL-t2,IN_PROGRESS,snapshotIndex=0
2024-10-28 08:10:37,552 [grpc-default-executor-2] INFO  server.GrpcServerProtocolService (GrpcServerProtocolService.java:onCompleted(157)) - c77964d9-ca67-4df9-b70f-2db5af48a5e3: Completed INSTALL_SNAPSHOT, lastRequest: 41ad025f-af8e-4c4e-9124-a1617073bc42->c77964d9-ca67-4df9-b70f-2db5af48a5e3#0-t2,notify:(t:1, i:0)
2024-10-28 08:10:37,552 [grpc-default-executor-2] INFO  server.GrpcServerProtocolService (GrpcServerProtocolService.java:lambda$onCompleted$5(159)) - c77964d9-ca67-4df9-b70f-2db5af48a5e3: Completed INSTALL_SNAPSHOT, lastReply: null
2024-10-28 08:10:37,554 [scmNode-3-SCMInstallSnapshot-0] INFO  ha.SCMSnapshotProvider (SCMSnapshotProvider.java:getSCMDBSnapshot(131)) - Successfully downloaded latest checkpoint from leader SCM: scmNode-1 path /home/runner/work/ozone/ozone/hadoop-ozone/integration-test/target/test-dir/MiniOzoneClusterImpl-0da7ab08-e378-40bf-aed1-312ccc1152ed/scmNode-3/snapshot/scm.db-scmNode-1-1730103037521
2024-10-28 08:10:37,554 [scmNode-3-SCMInstallSnapshot-0] INFO  ha.SCMHAManagerImpl (SCMHAManagerImpl.java:downloadCheckpointFromLeader(205)) - Downloaded checkpoint from Leader scmNode-1 to the location /home/runner/work/ozone/ozone/hadoop-ozone/integration-test/target/test-dir/MiniOzoneClusterImpl-0da7ab08-e378-40bf-aed1-312ccc1152ed/scmNode-3/snapshot/scm.db-scmNode-1-1730103037521
2024-10-28 08:10:37,554 [grpc-default-executor-2] INFO  server.GrpcLogAppender (GrpcLogAppender.java:onNext(655)) - 41ad025f-af8e-4c4e-9124-a1617073bc42@group-312CCC1152ED->c77964d9-ca67-4df9-b70f-2db5af48a5e3-InstallSnapshotResponseHandler: received a reply 41ad025f-af8e-4c4e-9124-a1617073bc42<-c77964d9-ca67-4df9-b70f-2db5af48a5e3#0:FAIL-t2,IN_PROGRESS,snapshotIndex=0
2024-10-28 08:10:37,554 [grpc-default-executor-2] INFO  server.GrpcLogAppender (GrpcLogAppender.java:onNext(671)) - 41ad025f-af8e-4c4e-9124-a1617073bc42@group-312CCC1152ED->c77964d9-ca67-4df9-b70f-2db5af48a5e3-InstallSnapshotResponseHandler: InstallSnapshot in progress.
2024-10-28 08:10:37,554 [scmNode-3-SCMInstallSnapshot-0] INFO  ha.SCMStateMachine (SCMStateMachine.java:lambda$notifyInstallSnapshotFromLeader$2(261)) - Got secret keys from leaders null
2024-10-28 08:10:37,555 [41ad025f-af8e-4c4e-9124-a1617073bc42@group-312CCC1152ED->c77964d9-ca67-4df9-b70f-2db5af48a5e3-GrpcLogAppender-LogAppenderDaemon] INFO  server.GrpcLogAppender (GrpcLogAppender.java:notifyInstallSnapshot(789)) - 41ad025f-af8e-4c4e-9124-a1617073bc42@group-312CCC1152ED->c77964d9-ca67-4df9-b70f-2db5af48a5e3-GrpcLogAppender: notifyInstallSnapshot with firstAvailable=(t:1, i:0), followerNextIndex=0
2024-10-28 08:10:37,555 [41ad025f-af8e-4c4e-9124-a1617073bc42@group-312CCC1152ED->c77964d9-ca67-4df9-b70f-2db5af48a5e3-GrpcLogAppender-LogAppenderDaemon] INFO  server.GrpcLogAppender (GrpcLogAppender.java:notifyInstallSnapshot(797)) - 41ad025f-af8e-4c4e-9124-a1617073bc42@group-312CCC1152ED->c77964d9-ca67-4df9-b70f-2db5af48a5e3-GrpcLogAppender: send 41ad025f-af8e-4c4e-9124-a1617073bc42->c77964d9-ca67-4df9-b70f-2db5af48a5e3#0-t2,notify:(t:1, i:0)
2024-10-28 08:10:37,556 [c77964d9-ca67-4df9-b70f-2db5af48a5e3-server-thread1] INFO  server.RaftServer$Division (RaftServerImpl.java:checkInconsistentAppendEntries(1607)) - c77964d9-ca67-4df9-b70f-2db5af48a5e3@group-312CCC1152ED: Failed appendEntries as snapshot (0) installation is in progress
2024-10-28 08:10:37,556 [c77964d9-ca67-4df9-b70f-2db5af48a5e3-server-thread1] INFO  server.RaftServer$Division (RaftServerImpl.java:appendEntriesAsync(1562)) - c77964d9-ca67-4df9-b70f-2db5af48a5e3@group-312CCC1152ED: appendEntries* reply 41ad025f-af8e-4c4e-9124-a1617073bc42<-c77964d9-ca67-4df9-b70f-2db5af48a5e3#3:FAIL-t2,INCONSISTENCY,nextIndex=0,followerCommit=-1,matchIndex=-1
2024-10-28 08:10:37,556 [grpc-default-executor-2] WARN  server.GrpcLogAppender (GrpcLogAppender.java:onNextImpl(519)) - 41ad025f-af8e-4c4e-9124-a1617073bc42@group-312CCC1152ED->c77964d9-ca67-4df9-b70f-2db5af48a5e3-AppendLogResponseHandler: received INCONSISTENCY reply with nextIndex 0, errorCount=1, request=AppendEntriesRequest:cid=3,entriesCount=0
2024-10-28 08:10:37,556 [grpc-default-executor-3] INFO  impl.SnapshotInstallationHandler (SnapshotInstallationHandler.java:installSnapshot(94)) - c77964d9-ca67-4df9-b70f-2db5af48a5e3@group-312CCC1152ED: receive installSnapshot: 41ad025f-af8e-4c4e-9124-a1617073bc42->c77964d9-ca67-4df9-b70f-2db5af48a5e3#0-t2,notify:(t:1, i:0)
2024-10-28 08:10:37,557 [grpc-default-executor-3] INFO  impl.SnapshotInstallationHandler (SnapshotInstallationHandler.java:installSnapshotImpl(140)) - c77964d9-ca67-4df9-b70f-2db5af48a5e3@group-312CCC1152ED: set new configuration index: 5
configurationEntry {
  peers {
    id: "22ff29b6-698b-46d6-babb-0a5352f8b68f"
    address: "localhost:15086"
    startupRole: FOLLOWER
  }
  peers {
    id: "41ad025f-af8e-4c4e-9124-a1617073bc42"
    address: "localhost:15078"
    startupRole: FOLLOWER
  }
}
 from snapshot
2024-10-28 08:10:37,557 [grpc-default-executor-3] INFO  server.RaftServer$Division (ServerState.java:setRaftConf(386)) - c77964d9-ca67-4df9-b70f-2db5af48a5e3@group-312CCC1152ED: set configuration conf: {index: 5, cur=peers:[22ff29b6-698b-46d6-babb-0a5352f8b68f|localhost:15086, 41ad025f-af8e-4c4e-9124-a1617073bc42|localhost:15078]|listeners:[], old=null}
2024-10-28 08:10:37,558 [grpc-default-executor-3] INFO  impl.SnapshotInstallationHandler (SnapshotInstallationHandler.java:installSnapshot(105)) - c77964d9-ca67-4df9-b70f-2db5af48a5e3@group-312CCC1152ED: reply installSnapshot: 41ad025f-af8e-4c4e-9124-a1617073bc42<-c77964d9-ca67-4df9-b70f-2db5af48a5e3#0:FAIL-t2,IN_PROGRESS,snapshotIndex=0
2024-10-28 08:10:37,559 [grpc-default-executor-3] INFO  server.GrpcServerProtocolService (GrpcServerProtocolService.java:onCompleted(157)) - c77964d9-ca67-4df9-b70f-2db5af48a5e3: Completed INSTALL_SNAPSHOT, lastRequest: 41ad025f-af8e-4c4e-9124-a1617073bc42->c77964d9-ca67-4df9-b70f-2db5af48a5e3#0-t2,notify:(t:1, i:0)
2024-10-28 08:10:37,559 [grpc-default-executor-3] INFO  server.GrpcServerProtocolService (GrpcServerProtocolService.java:lambda$onCompleted$5(159)) - c77964d9-ca67-4df9-b70f-2db5af48a5e3: Completed INSTALL_SNAPSHOT, lastReply: null
2024-10-28 08:10:37,559 [grpc-default-executor-3] INFO  server.GrpcLogAppender (GrpcLogAppender.java:onNext(655)) - 41ad025f-af8e-4c4e-9124-a1617073bc42@group-312CCC1152ED->c77964d9-ca67-4df9-b70f-2db5af48a5e3-InstallSnapshotResponseHandler: received a reply 41ad025f-af8e-4c4e-9124-a1617073bc42<-c77964d9-ca67-4df9-b70f-2db5af48a5e3#0:FAIL-t2,IN_PROGRESS,snapshotIndex=0
2024-10-28 08:10:37,559 [grpc-default-executor-3] INFO  server.GrpcLogAppender (GrpcLogAppender.java:onNext(671)) - 41ad025f-af8e-4c4e-9124-a1617073bc42@group-312CCC1152ED->c77964d9-ca67-4df9-b70f-2db5af48a5e3-InstallSnapshotResponseHandler: InstallSnapshot in progress.
2024-10-28 08:10:37,560 [c77964d9-ca67-4df9-b70f-2db5af48a5e3-server-thread1] INFO  server.RaftServer$Division (RaftServerImpl.java:checkInconsistentAppendEntries(1607)) - c77964d9-ca67-4df9-b70f-2db5af48a5e3@group-312CCC1152ED: Failed appendEntries as snapshot (0) installation is in progress
2024-10-28 08:10:37,560 [c77964d9-ca67-4df9-b70f-2db5af48a5e3-server-thread1] INFO  server.RaftServer$Division (RaftServerImpl.java:appendEntriesAsync(1562)) - c77964d9-ca67-4df9-b70f-2db5af48a5e3@group-312CCC1152ED: appendEntries* reply 41ad025f-af8e-4c4e-9124-a1617073bc42<-c77964d9-ca67-4df9-b70f-2db5af48a5e3#4:FAIL-t2,INCONSISTENCY,nextIndex=0,followerCommit=-1,matchIndex=-1
2024-10-28 08:10:37,560 [grpc-default-executor-3] WARN  server.GrpcLogAppender (GrpcLogAppender.java:onNextImpl(519)) - 41ad025f-af8e-4c4e-9124-a1617073bc42@group-312CCC1152ED->c77964d9-ca67-4df9-b70f-2db5af48a5e3-AppendLogResponseHandler: received INCONSISTENCY reply with nextIndex 0, errorCount=1, request=AppendEntriesRequest:cid=4,entriesCount=0
2024-10-28 08:10:37,560 [41ad025f-af8e-4c4e-9124-a1617073bc42@group-312CCC1152ED->c77964d9-ca67-4df9-b70f-2db5af48a5e3-GrpcLogAppender-LogAppenderDaemon] INFO  server.GrpcLogAppender (GrpcLogAppender.java:notifyInstallSnapshot(789)) - 41ad025f-af8e-4c4e-9124-a1617073bc42@group-312CCC1152ED->c77964d9-ca67-4df9-b70f-2db5af48a5e3-GrpcLogAppender: notifyInstallSnapshot with firstAvailable=(t:1, i:0), followerNextIndex=0
2024-10-28 08:10:37,561 [41ad025f-af8e-4c4e-9124-a1617073bc42@group-312CCC1152ED->c77964d9-ca67-4df9-b70f-2db5af48a5e3-GrpcLogAppender-LogAppenderDaemon] INFO  server.GrpcLogAppender (GrpcLogAppender.java:notifyInstallSnapshot(797)) - 41ad025f-af8e-4c4e-9124-a1617073bc42@group-312CCC1152ED->c77964d9-ca67-4df9-b70f-2db5af48a5e3-GrpcLogAppender: send 41ad025f-af8e-4c4e-9124-a1617073bc42->c77964d9-ca67-4df9-b70f-2db5af48a5e3#0-t2,notify:(t:1, i:0)
2024-10-28 08:10:37,562 [grpc-default-executor-3] INFO  impl.SnapshotInstallationHandler (SnapshotInstallationHandler.java:installSnapshot(94)) - c77964d9-ca67-4df9-b70f-2db5af48a5e3@group-312CCC1152ED: receive installSnapshot: 41ad025f-af8e-4c4e-9124-a1617073bc42->c77964d9-ca67-4df9-b70f-2db5af48a5e3#0-t2,notify:(t:1, i:0)
2024-10-28 08:10:37,562 [grpc-default-executor-3] INFO  impl.SnapshotInstallationHandler (SnapshotInstallationHandler.java:installSnapshotImpl(140)) - c77964d9-ca67-4df9-b70f-2db5af48a5e3@group-312CCC1152ED: set new configuration index: 5
configurationEntry {
  peers {
    id: "22ff29b6-698b-46d6-babb-0a5352f8b68f"
    address: "localhost:15086"
    startupRole: FOLLOWER
  }
  peers {
    id: "41ad025f-af8e-4c4e-9124-a1617073bc42"
    address: "localhost:15078"
    startupRole: FOLLOWER
  }
}
 from snapshot
2024-10-28 08:10:37,562 [grpc-default-executor-3] INFO  server.RaftServer$Division (ServerState.java:setRaftConf(386)) - c77964d9-ca67-4df9-b70f-2db5af48a5e3@group-312CCC1152ED: set configuration conf: {index: 5, cur=peers:[22ff29b6-698b-46d6-babb-0a5352f8b68f|localhost:15086, 41ad025f-af8e-4c4e-9124-a1617073bc42|localhost:15078]|listeners:[], old=null}
2024-10-28 08:10:37,564 [grpc-default-executor-3] INFO  impl.SnapshotInstallationHandler (SnapshotInstallationHandler.java:installSnapshot(105)) - c77964d9-ca67-4df9-b70f-2db5af48a5e3@group-312CCC1152ED: reply installSnapshot: 41ad025f-af8e-4c4e-9124-a1617073bc42<-c77964d9-ca67-4df9-b70f-2db5af48a5e3#0:FAIL-t2,IN_PROGRESS,snapshotIndex=0
2024-10-28 08:10:37,565 [grpc-default-executor-3] INFO  server.GrpcServerProtocolService (GrpcServerProtocolService.java:onCompleted(157)) - c77964d9-ca67-4df9-b70f-2db5af48a5e3: Completed INSTALL_SNAPSHOT, lastRequest: 41ad025f-af8e-4c4e-9124-a1617073bc42->c77964d9-ca67-4df9-b70f-2db5af48a5e3#0-t2,notify:(t:1, i:0)
2024-10-28 08:10:37,565 [grpc-default-executor-3] INFO  server.GrpcServerProtocolService (GrpcServerProtocolService.java:lambda$onCompleted$5(159)) - c77964d9-ca67-4df9-b70f-2db5af48a5e3: Completed INSTALL_SNAPSHOT, lastReply: null
2024-10-28 08:10:37,565 [grpc-default-executor-2] INFO  server.GrpcLogAppender (GrpcLogAppender.java:onNext(655)) - 41ad025f-af8e-4c4e-9124-a1617073bc42@group-312CCC1152ED->c77964d9-ca67-4df9-b70f-2db5af48a5e3-InstallSnapshotResponseHandler: received a reply 41ad025f-af8e-4c4e-9124-a1617073bc42<-c77964d9-ca67-4df9-b70f-2db5af48a5e3#0:FAIL-t2,IN_PROGRESS,snapshotIndex=0
2024-10-28 08:10:37,566 [grpc-default-executor-2] INFO  server.GrpcLogAppender (GrpcLogAppender.java:onNext(671)) - 41ad025f-af8e-4c4e-9124-a1617073bc42@group-312CCC1152ED->c77964d9-ca67-4df9-b70f-2db5af48a5e3-InstallSnapshotResponseHandler: InstallSnapshot in progress.
2024-10-28 08:10:37,567 [41ad025f-af8e-4c4e-9124-a1617073bc42@group-312CCC1152ED->c77964d9-ca67-4df9-b70f-2db5af48a5e3-GrpcLogAppender-LogAppenderDaemon] INFO  server.GrpcLogAppender (GrpcLogAppender.java:notifyInstallSnapshot(789)) - 41ad025f-af8e-4c4e-9124-a1617073bc42@group-312CCC1152ED->c77964d9-ca67-4df9-b70f-2db5af48a5e3-GrpcLogAppender: notifyInstallSnapshot with firstAvailable=(t:1, i:0), followerNextIndex=0
2024-10-28 08:10:37,567 [41ad025f-af8e-4c4e-9124-a1617073bc42@group-312CCC1152ED->c77964d9-ca67-4df9-b70f-2db5af48a5e3-GrpcLogAppender-LogAppenderDaemon] INFO  server.GrpcLogAppender (GrpcLogAppender.java:notifyInstallSnapshot(797)) - 41ad025f-af8e-4c4e-9124-a1617073bc42@group-312CCC1152ED->c77964d9-ca67-4df9-b70f-2db5af48a5e3-GrpcLogAppender: send 41ad025f-af8e-4c4e-9124-a1617073bc42->c77964d9-ca67-4df9-b70f-2db5af48a5e3#0-t2,notify:(t:1, i:0)
2024-10-28 08:10:37,567 [c77964d9-ca67-4df9-b70f-2db5af48a5e3-server-thread1] INFO  server.RaftServer$Division (RaftServerImpl.java:checkInconsistentAppendEntries(1607)) - c77964d9-ca67-4df9-b70f-2db5af48a5e3@group-312CCC1152ED: Failed appendEntries as snapshot (0) installation is in progress
2024-10-28 08:10:37,568 [c77964d9-ca67-4df9-b70f-2db5af48a5e3-server-thread1] INFO  server.RaftServer$Division (RaftServerImpl.java:appendEntriesAsync(1562)) - c77964d9-ca67-4df9-b70f-2db5af48a5e3@group-312CCC1152ED: appendEntries* reply 41ad025f-af8e-4c4e-9124-a1617073bc42<-c77964d9-ca67-4df9-b70f-2db5af48a5e3#5:FAIL-t2,INCONSISTENCY,nextIndex=0,followerCommit=-1,matchIndex=-1
2024-10-28 08:10:37,568 [grpc-default-executor-1] INFO  impl.SnapshotInstallationHandler (SnapshotInstallationHandler.java:installSnapshot(94)) - c77964d9-ca67-4df9-b70f-2db5af48a5e3@group-312CCC1152ED: receive installSnapshot: 41ad025f-af8e-4c4e-9124-a1617073bc42->c77964d9-ca67-4df9-b70f-2db5af48a5e3#0-t2,notify:(t:1, i:0)
2024-10-28 08:10:37,568 [grpc-default-executor-2] WARN  server.GrpcLogAppender (GrpcLogAppender.java:onNextImpl(519)) - 41ad025f-af8e-4c4e-9124-a1617073bc42@group-312CCC1152ED->c77964d9-ca67-4df9-b70f-2db5af48a5e3-AppendLogResponseHandler: received INCONSISTENCY reply with nextIndex 0, errorCount=1, request=AppendEntriesRequest:cid=5,entriesCount=0
2024-10-28 08:10:37,568 [grpc-default-executor-1] INFO  impl.SnapshotInstallationHandler (SnapshotInstallationHandler.java:installSnapshotImpl(140)) - c77964d9-ca67-4df9-b70f-2db5af48a5e3@group-312CCC1152ED: set new configuration index: 5
configurationEntry {
  peers {
    id: "22ff29b6-698b-46d6-babb-0a5352f8b68f"
    address: "localhost:15086"
    startupRole: FOLLOWER
  }
  peers {
    id: "41ad025f-af8e-4c4e-9124-a1617073bc42"
    address: "localhost:15078"
    startupRole: FOLLOWER
  }
}
 from snapshot
2024-10-28 08:10:37,568 [grpc-default-executor-1] INFO  server.RaftServer$Division (ServerState.java:setRaftConf(386)) - c77964d9-ca67-4df9-b70f-2db5af48a5e3@group-312CCC1152ED: set configuration conf: {index: 5, cur=peers:[22ff29b6-698b-46d6-babb-0a5352f8b68f|localhost:15086, 41ad025f-af8e-4c4e-9124-a1617073bc42|localhost:15078]|listeners:[], old=null}
2024-10-28 08:10:37,570 [grpc-default-executor-1] INFO  impl.SnapshotInstallationHandler (SnapshotInstallationHandler.java:installSnapshot(105)) - c77964d9-ca67-4df9-b70f-2db5af48a5e3@group-312CCC1152ED: reply installSnapshot: 41ad025f-af8e-4c4e-9124-a1617073bc42<-c77964d9-ca67-4df9-b70f-2db5af48a5e3#0:FAIL-t2,IN_PROGRESS,snapshotIndex=0
2024-10-28 08:10:37,570 [grpc-default-executor-1] INFO  server.GrpcServerProtocolService (GrpcServerProtocolService.java:onCompleted(157)) - c77964d9-ca67-4df9-b70f-2db5af48a5e3: Completed INSTALL_SNAPSHOT, lastRequest: 41ad025f-af8e-4c4e-9124-a1617073bc42->c77964d9-ca67-4df9-b70f-2db5af48a5e3#0-t2,notify:(t:1, i:0)
2024-10-28 08:10:37,570 [grpc-default-executor-1] INFO  server.GrpcServerProtocolService (GrpcServerProtocolService.java:lambda$onCompleted$5(159)) - c77964d9-ca67-4df9-b70f-2db5af48a5e3: Completed INSTALL_SNAPSHOT, lastReply: null
2024-10-28 08:10:37,571 [grpc-default-executor-2] INFO  server.GrpcLogAppender (GrpcLogAppender.java:onNext(655)) - 41ad025f-af8e-4c4e-9124-a1617073bc42@group-312CCC1152ED->c77964d9-ca67-4df9-b70f-2db5af48a5e3-InstallSnapshotResponseHandler: received a reply 41ad025f-af8e-4c4e-9124-a1617073bc42<-c77964d9-ca67-4df9-b70f-2db5af48a5e3#0:FAIL-t2,IN_PROGRESS,snapshotIndex=0
2024-10-28 08:10:37,571 [grpc-default-executor-2] INFO  server.GrpcLogAppender (GrpcLogAppender.java:onNext(671)) - 41ad025f-af8e-4c4e-9124-a1617073bc42@group-312CCC1152ED->c77964d9-ca67-4df9-b70f-2db5af48a5e3-InstallSnapshotResponseHandler: InstallSnapshot in progress.
2024-10-28 08:10:37,571 [41ad025f-af8e-4c4e-9124-a1617073bc42@group-312CCC1152ED->c77964d9-ca67-4df9-b70f-2db5af48a5e3-GrpcLogAppender-LogAppenderDaemon] INFO  server.GrpcLogAppender (GrpcLogAppender.java:notifyInstallSnapshot(789)) - 41ad025f-af8e-4c4e-9124-a1617073bc42@group-312CCC1152ED->c77964d9-ca67-4df9-b70f-2db5af48a5e3-GrpcLogAppender: notifyInstallSnapshot with firstAvailable=(t:1, i:0), followerNextIndex=0
2024-10-28 08:10:37,571 [41ad025f-af8e-4c4e-9124-a1617073bc42@group-312CCC1152ED->c77964d9-ca67-4df9-b70f-2db5af48a5e3-GrpcLogAppender-LogAppenderDaemon] INFO  server.GrpcLogAppender (GrpcLogAppender.java:notifyInstallSnapshot(797)) - 41ad025f-af8e-4c4e-9124-a1617073bc42@group-312CCC1152ED->c77964d9-ca67-4df9-b70f-2db5af48a5e3-GrpcLogAppender: send 41ad025f-af8e-4c4e-9124-a1617073bc42->c77964d9-ca67-4df9-b70f-2db5af48a5e3#0-t2,notify:(t:1, i:0)
2024-10-28 08:10:37,571 [c77964d9-ca67-4df9-b70f-2db5af48a5e3-server-thread1] INFO  server.RaftServer$Division (RaftServerImpl.java:checkInconsistentAppendEntries(1607)) - c77964d9-ca67-4df9-b70f-2db5af48a5e3@group-312CCC1152ED: Failed appendEntries as snapshot (0) installation is in progress
2024-10-28 08:10:37,571 [c77964d9-ca67-4df9-b70f-2db5af48a5e3-server-thread1] INFO  server.RaftServer$Division (RaftServerImpl.java:appendEntriesAsync(1562)) - c77964d9-ca67-4df9-b70f-2db5af48a5e3@group-312CCC1152ED: appendEntries* reply 41ad025f-af8e-4c4e-9124-a1617073bc42<-c77964d9-ca67-4df9-b70f-2db5af48a5e3#6:FAIL-t2,INCONSISTENCY,nextIndex=0,followerCommit=-1,matchIndex=-1
2024-10-28 08:10:37,572 [grpc-default-executor-2] WARN  server.GrpcLogAppender (GrpcLogAppender.java:onNextImpl(519)) - 41ad025f-af8e-4c4e-9124-a1617073bc42@group-312CCC1152ED->c77964d9-ca67-4df9-b70f-2db5af48a5e3-AppendLogResponseHandler: received INCONSISTENCY reply with nextIndex 0, errorCount=1, request=AppendEntriesRequest:cid=6,entriesCount=0
2024-10-28 08:10:37,572 [grpc-default-executor-1] INFO  impl.SnapshotInstallationHandler (SnapshotInstallationHandler.java:installSnapshot(94)) - c77964d9-ca67-4df9-b70f-2db5af48a5e3@group-312CCC1152ED: receive installSnapshot: 41ad025f-af8e-4c4e-9124-a1617073bc42->c77964d9-ca67-4df9-b70f-2db5af48a5e3#0-t2,notify:(t:1, i:0)
2024-10-28 08:10:37,572 [grpc-default-executor-1] INFO  impl.SnapshotInstallationHandler (SnapshotInstallationHandler.java:installSnapshotImpl(140)) - c77964d9-ca67-4df9-b70f-2db5af48a5e3@group-312CCC1152ED: set new configuration index: 5
configurationEntry {
  peers {
    id: "22ff29b6-698b-46d6-babb-0a5352f8b68f"
    address: "localhost:15086"
    startupRole: FOLLOWER
  }
  peers {
    id: "41ad025f-af8e-4c4e-9124-a1617073bc42"
    address: "localhost:15078"
    startupRole: FOLLOWER
  }
}
 from snapshot
2024-10-28 08:10:37,573 [grpc-default-executor-1] INFO  server.RaftServer$Division (ServerState.java:setRaftConf(386)) - c77964d9-ca67-4df9-b70f-2db5af48a5e3@group-312CCC1152ED: set configuration conf: {index: 5, cur=peers:[22ff29b6-698b-46d6-babb-0a5352f8b68f|localhost:15086, 41ad025f-af8e-4c4e-9124-a1617073bc42|localhost:15078]|listeners:[], old=null}
2024-10-28 08:10:37,574 [grpc-default-executor-1] INFO  impl.SnapshotInstallationHandler (SnapshotInstallationHandler.java:installSnapshot(105)) - c77964d9-ca67-4df9-b70f-2db5af48a5e3@group-312CCC1152ED: reply installSnapshot: 41ad025f-af8e-4c4e-9124-a1617073bc42<-c77964d9-ca67-4df9-b70f-2db5af48a5e3#0:FAIL-t2,IN_PROGRESS,snapshotIndex=0
2024-10-28 08:10:37,574 [grpc-default-executor-1] INFO  server.GrpcServerProtocolService (GrpcServerProtocolService.java:onCompleted(157)) - c77964d9-ca67-4df9-b70f-2db5af48a5e3: Completed INSTALL_SNAPSHOT, lastRequest: 41ad025f-af8e-4c4e-9124-a1617073bc42->c77964d9-ca67-4df9-b70f-2db5af48a5e3#0-t2,notify:(t:1, i:0)
2024-10-28 08:10:37,574 [grpc-default-executor-1] INFO  server.GrpcServerProtocolService (GrpcServerProtocolService.java:lambda$onCompleted$5(159)) - c77964d9-ca67-4df9-b70f-2db5af48a5e3: Completed INSTALL_SNAPSHOT, lastReply: null
2024-10-28 08:10:37,575 [grpc-default-executor-2] INFO  server.GrpcLogAppender (GrpcLogAppender.java:onNext(655)) - 41ad025f-af8e-4c4e-9124-a1617073bc42@group-312CCC1152ED->c77964d9-ca67-4df9-b70f-2db5af48a5e3-InstallSnapshotResponseHandler: received a reply 41ad025f-af8e-4c4e-9124-a1617073bc42<-c77964d9-ca67-4df9-b70f-2db5af48a5e3#0:FAIL-t2,IN_PROGRESS,snapshotIndex=0
2024-10-28 08:10:37,575 [grpc-default-executor-2] INFO  server.GrpcLogAppender (GrpcLogAppender.java:onNext(671)) - 41ad025f-af8e-4c4e-9124-a1617073bc42@group-312CCC1152ED->c77964d9-ca67-4df9-b70f-2db5af48a5e3-InstallSnapshotResponseHandler: InstallSnapshot in progress.
2024-10-28 08:10:37,575 [41ad025f-af8e-4c4e-9124-a1617073bc42@group-312CCC1152ED->c77964d9-ca67-4df9-b70f-2db5af48a5e3-GrpcLogAppender-LogAppenderDaemon] INFO  server.GrpcLogAppender (GrpcLogAppender.java:notifyInstallSnapshot(789)) - 41ad025f-af8e-4c4e-9124-a1617073bc42@group-312CCC1152ED->c77964d9-ca67-4df9-b70f-2db5af48a5e3-GrpcLogAppender: notifyInstallSnapshot with firstAvailable=(t:1, i:0), followerNextIndex=0
2024-10-28 08:10:37,575 [41ad025f-af8e-4c4e-9124-a1617073bc42@group-312CCC1152ED->c77964d9-ca67-4df9-b70f-2db5af48a5e3-GrpcLogAppender-LogAppenderDaemon] INFO  server.GrpcLogAppender (GrpcLogAppender.java:notifyInstallSnapshot(797)) - 41ad025f-af8e-4c4e-9124-a1617073bc42@group-312CCC1152ED->c77964d9-ca67-4df9-b70f-2db5af48a5e3-GrpcLogAppender: send 41ad025f-af8e-4c4e-9124-a1617073bc42->c77964d9-ca67-4df9-b70f-2db5af48a5e3#0-t2,notify:(t:1, i:0)
2024-10-28 08:10:37,576 [c77964d9-ca67-4df9-b70f-2db5af48a5e3-server-thread1] INFO  server.RaftServer$Division (RaftServerImpl.java:checkInconsistentAppendEntries(1607)) - c77964d9-ca67-4df9-b70f-2db5af48a5e3@group-312CCC1152ED: Failed appendEntries as snapshot (0) installation is in progress
2024-10-28 08:10:37,577 [c77964d9-ca67-4df9-b70f-2db5af48a5e3-server-thread1] INFO  server.RaftServer$Division (RaftServerImpl.java:appendEntriesAsync(1562)) - c77964d9-ca67-4df9-b70f-2db5af48a5e3@group-312CCC1152ED: appendEntries* reply 41ad025f-af8e-4c4e-9124-a1617073bc42<-c77964d9-ca67-4df9-b70f-2db5af48a5e3#7:FAIL-t2,INCONSISTENCY,nextIndex=0,followerCommit=-1,matchIndex=-1
2024-10-28 08:10:37,577 [grpc-default-executor-2] INFO  impl.SnapshotInstallationHandler (SnapshotInstallationHandler.java:installSnapshot(94)) - c77964d9-ca67-4df9-b70f-2db5af48a5e3@group-312CCC1152ED: receive installSnapshot: 41ad025f-af8e-4c4e-9124-a1617073bc42->c77964d9-ca67-4df9-b70f-2db5af48a5e3#0-t2,notify:(t:1, i:0)
2024-10-28 08:10:37,577 [grpc-default-executor-2] INFO  impl.SnapshotInstallationHandler (SnapshotInstallationHandler.java:installSnapshotImpl(140)) - c77964d9-ca67-4df9-b70f-2db5af48a5e3@group-312CCC1152ED: set new configuration index: 5
configurationEntry {
  peers {
    id: "22ff29b6-698b-46d6-babb-0a5352f8b68f"
    address: "localhost:15086"
    startupRole: FOLLOWER
  }
  peers {
    id: "41ad025f-af8e-4c4e-9124-a1617073bc42"
    address: "localhost:15078"
    startupRole: FOLLOWER
  }
}
 from snapshot
2024-10-28 08:10:37,577 [grpc-default-executor-2] INFO  server.RaftServer$Division (ServerState.java:setRaftConf(386)) - c77964d9-ca67-4df9-b70f-2db5af48a5e3@group-312CCC1152ED: set configuration conf: {index: 5, cur=peers:[22ff29b6-698b-46d6-babb-0a5352f8b68f|localhost:15086, 41ad025f-af8e-4c4e-9124-a1617073bc42|localhost:15078]|listeners:[], old=null}
2024-10-28 08:10:37,579 [grpc-default-executor-1] WARN  server.GrpcLogAppender (GrpcLogAppender.java:onNextImpl(519)) - 41ad025f-af8e-4c4e-9124-a1617073bc42@group-312CCC1152ED->c77964d9-ca67-4df9-b70f-2db5af48a5e3-AppendLogResponseHandler: received INCONSISTENCY reply with nextIndex 0, errorCount=1, request=AppendEntriesRequest:cid=7,entriesCount=0
2024-10-28 08:10:37,580 [grpc-default-executor-2] INFO  impl.SnapshotInstallationHandler (SnapshotInstallationHandler.java:installSnapshot(105)) - c77964d9-ca67-4df9-b70f-2db5af48a5e3@group-312CCC1152ED: reply installSnapshot: 41ad025f-af8e-4c4e-9124-a1617073bc42<-c77964d9-ca67-4df9-b70f-2db5af48a5e3#0:FAIL-t2,IN_PROGRESS,snapshotIndex=0
2024-10-28 08:10:37,580 [grpc-default-executor-2] INFO  server.GrpcServerProtocolService (GrpcServerProtocolService.java:onCompleted(157)) - c77964d9-ca67-4df9-b70f-2db5af48a5e3: Completed INSTALL_SNAPSHOT, lastRequest: 41ad025f-af8e-4c4e-9124-a1617073bc42->c77964d9-ca67-4df9-b70f-2db5af48a5e3#0-t2,notify:(t:1, i:0)
2024-10-28 08:10:37,580 [grpc-default-executor-2] INFO  server.GrpcServerProtocolService (GrpcServerProtocolService.java:lambda$onCompleted$5(159)) - c77964d9-ca67-4df9-b70f-2db5af48a5e3: Completed INSTALL_SNAPSHOT, lastReply: null
2024-10-28 08:10:37,581 [grpc-default-executor-2] INFO  server.GrpcLogAppender (GrpcLogAppender.java:onNext(655)) - 41ad025f-af8e-4c4e-9124-a1617073bc42@group-312CCC1152ED->c77964d9-ca67-4df9-b70f-2db5af48a5e3-InstallSnapshotResponseHandler: received a reply 41ad025f-af8e-4c4e-9124-a1617073bc42<-c77964d9-ca67-4df9-b70f-2db5af48a5e3#0:FAIL-t2,IN_PROGRESS,snapshotIndex=0
2024-10-28 08:10:37,581 [grpc-default-executor-2] INFO  server.GrpcLogAppender (GrpcLogAppender.java:onNext(671)) - 41ad025f-af8e-4c4e-9124-a1617073bc42@group-312CCC1152ED->c77964d9-ca67-4df9-b70f-2db5af48a5e3-InstallSnapshotResponseHandler: InstallSnapshot in progress.
2024-10-28 08:10:37,582 [c77964d9-ca67-4df9-b70f-2db5af48a5e3-server-thread1] INFO  server.RaftServer$Division (RaftServerImpl.java:checkInconsistentAppendEntries(1607)) - c77964d9-ca67-4df9-b70f-2db5af48a5e3@group-312CCC1152ED: Failed appendEntries as snapshot (0) installation is in progress
2024-10-28 08:10:37,582 [c77964d9-ca67-4df9-b70f-2db5af48a5e3-server-thread1] INFO  server.RaftServer$Division (RaftServerImpl.java:appendEntriesAsync(1562)) - c77964d9-ca67-4df9-b70f-2db5af48a5e3@group-312CCC1152ED: appendEntries* reply 41ad025f-af8e-4c4e-9124-a1617073bc42<-c77964d9-ca67-4df9-b70f-2db5af48a5e3#8:FAIL-t2,INCONSISTENCY,nextIndex=0,followerCommit=-1,matchIndex=-1
2024-10-28 08:10:37,582 [grpc-default-executor-2] WARN  server.GrpcLogAppender (GrpcLogAppender.java:onNextImpl(519)) - 41ad025f-af8e-4c4e-9124-a1617073bc42@group-312CCC1152ED->c77964d9-ca67-4df9-b70f-2db5af48a5e3-AppendLogResponseHandler: received INCONSISTENCY reply with nextIndex 0, errorCount=1, request=AppendEntriesRequest:cid=8,entriesCount=0
2024-10-28 08:10:37,582 [41ad025f-af8e-4c4e-9124-a1617073bc42@group-312CCC1152ED->c77964d9-ca67-4df9-b70f-2db5af48a5e3-GrpcLogAppender-LogAppenderDaemon] INFO  server.GrpcLogAppender (GrpcLogAppender.java:notifyInstallSnapshot(789)) - 41ad025f-af8e-4c4e-9124-a1617073bc42@group-312CCC1152ED->c77964d9-ca67-4df9-b70f-2db5af48a5e3-GrpcLogAppender: notifyInstallSnapshot with firstAvailable=(t:1, i:0), followerNextIndex=0
2024-10-28 08:10:37,582 [41ad025f-af8e-4c4e-9124-a1617073bc42@group-312CCC1152ED->c77964d9-ca67-4df9-b70f-2db5af48a5e3-GrpcLogAppender-LogAppenderDaemon] INFO  server.GrpcLogAppender (GrpcLogAppender.java:notifyInstallSnapshot(797)) - 41ad025f-af8e-4c4e-9124-a1617073bc42@group-312CCC1152ED->c77964d9-ca67-4df9-b70f-2db5af48a5e3-GrpcLogAppender: send 41ad025f-af8e-4c4e-9124-a1617073bc42->c77964d9-ca67-4df9-b70f-2db5af48a5e3#0-t2,notify:(t:1, i:0)
2024-10-28 08:10:37,583 [grpc-default-executor-1] INFO  impl.SnapshotInstallationHandler (SnapshotInstallationHandler.java:installSnapshot(94)) - c77964d9-ca67-4df9-b70f-2db5af48a5e3@group-312CCC1152ED: receive installSnapshot: 41ad025f-af8e-4c4e-9124-a1617073bc42->c77964d9-ca67-4df9-b70f-2db5af48a5e3#0-t2,notify:(t:1, i:0)
2024-10-28 08:10:37,584 [grpc-default-executor-1] INFO  impl.SnapshotInstallationHandler (SnapshotInstallationHandler.java:installSnapshotImpl(140)) - c77964d9-ca67-4df9-b70f-2db5af48a5e3@group-312CCC1152ED: set new configuration index: 5
configurationEntry {
  peers {
    id: "22ff29b6-698b-46d6-babb-0a5352f8b68f"
    address: "localhost:15086"
    startupRole: FOLLOWER
  }
  peers {
    id: "41ad025f-af8e-4c4e-9124-a1617073bc42"
    address: "localhost:15078"
    startupRole: FOLLOWER
  }
}
 from snapshot
2024-10-28 08:10:37,584 [grpc-default-executor-1] INFO  server.RaftServer$Division (ServerState.java:setRaftConf(386)) - c77964d9-ca67-4df9-b70f-2db5af48a5e3@group-312CCC1152ED: set configuration conf: {index: 5, cur=peers:[22ff29b6-698b-46d6-babb-0a5352f8b68f|localhost:15086, 41ad025f-af8e-4c4e-9124-a1617073bc42|localhost:15078]|listeners:[], old=null}
2024-10-28 08:10:37,585 [grpc-default-executor-1] INFO  impl.SnapshotInstallationHandler (SnapshotInstallationHandler.java:installSnapshot(105)) - c77964d9-ca67-4df9-b70f-2db5af48a5e3@group-312CCC1152ED: reply installSnapshot: 41ad025f-af8e-4c4e-9124-a1617073bc42<-c77964d9-ca67-4df9-b70f-2db5af48a5e3#0:FAIL-t2,IN_PROGRESS,snapshotIndex=0
2024-10-28 08:10:37,585 [grpc-default-executor-1] INFO  server.GrpcServerProtocolService (GrpcServerProtocolService.java:onCompleted(157)) - c77964d9-ca67-4df9-b70f-2db5af48a5e3: Completed INSTALL_SNAPSHOT, lastRequest: 41ad025f-af8e-4c4e-9124-a1617073bc42->c77964d9-ca67-4df9-b70f-2db5af48a5e3#0-t2,notify:(t:1, i:0)
2024-10-28 08:10:37,585 [grpc-default-executor-1] INFO  server.GrpcServerProtocolService (GrpcServerProtocolService.java:lambda$onCompleted$5(159)) - c77964d9-ca67-4df9-b70f-2db5af48a5e3: Completed INSTALL_SNAPSHOT, lastReply: null
2024-10-28 08:10:37,586 [grpc-default-executor-2] INFO  server.GrpcLogAppender (GrpcLogAppender.java:onNext(655)) - 41ad025f-af8e-4c4e-9124-a1617073bc42@group-312CCC1152ED->c77964d9-ca67-4df9-b70f-2db5af48a5e3-InstallSnapshotResponseHandler: received a reply 41ad025f-af8e-4c4e-9124-a1617073bc42<-c77964d9-ca67-4df9-b70f-2db5af48a5e3#0:FAIL-t2,IN_PROGRESS,snapshotIndex=0
2024-10-28 08:10:37,586 [grpc-default-executor-2] INFO  server.GrpcLogAppender (GrpcLogAppender.java:onNext(671)) - 41ad025f-af8e-4c4e-9124-a1617073bc42@group-312CCC1152ED->c77964d9-ca67-4df9-b70f-2db5af48a5e3-InstallSnapshotResponseHandler: InstallSnapshot in progress.
2024-10-28 08:10:37,586 [c77964d9-ca67-4df9-b70f-2db5af48a5e3-server-thread1] INFO  server.RaftServer$Division (RaftServerImpl.java:checkInconsistentAppendEntries(1607)) - c77964d9-ca67-4df9-b70f-2db5af48a5e3@group-312CCC1152ED: Failed appendEntries as snapshot (0) installation is in progress
2024-10-28 08:10:37,587 [c77964d9-ca67-4df9-b70f-2db5af48a5e3-server-thread1] INFO  server.RaftServer$Division (RaftServerImpl.java:appendEntriesAsync(1562)) - c77964d9-ca67-4df9-b70f-2db5af48a5e3@group-312CCC1152ED: appendEntries* reply 41ad025f-af8e-4c4e-9124-a1617073bc42<-c77964d9-ca67-4df9-b70f-2db5af48a5e3#9:FAIL-t2,INCONSISTENCY,nextIndex=0,followerCommit=-1,matchIndex=-1
2024-10-28 08:10:37,588 [41ad025f-af8e-4c4e-9124-a1617073bc42@group-312CCC1152ED->c77964d9-ca67-4df9-b70f-2db5af48a5e3-GrpcLogAppender-LogAppenderDaemon] INFO  server.GrpcLogAppender (GrpcLogAppender.java:notifyInstallSnapshot(789)) - 41ad025f-af8e-4c4e-9124-a1617073bc42@group-312CCC1152ED->c77964d9-ca67-4df9-b70f-2db5af48a5e3-GrpcLogAppender: notifyInstallSnapshot with firstAvailable=(t:1, i:0), followerNextIndex=0
2024-10-28 08:10:37,588 [41ad025f-af8e-4c4e-9124-a1617073bc42@group-312CCC1152ED->c77964d9-ca67-4df9-b70f-2db5af48a5e3-GrpcLogAppender-LogAppenderDaemon] INFO  server.GrpcLogAppender (GrpcLogAppender.java:notifyInstallSnapshot(797)) - 41ad025f-af8e-4c4e-9124-a1617073bc42@group-312CCC1152ED->c77964d9-ca67-4df9-b70f-2db5af48a5e3-GrpcLogAppender: send 41ad025f-af8e-4c4e-9124-a1617073bc42->c77964d9-ca67-4df9-b70f-2db5af48a5e3#0-t2,notify:(t:1, i:0)
2024-10-28 08:10:37,589 [grpc-default-executor-0] INFO  impl.SnapshotInstallationHandler (SnapshotInstallationHandler.java:installSnapshot(94)) - c77964d9-ca67-4df9-b70f-2db5af48a5e3@group-312CCC1152ED: receive installSnapshot: 41ad025f-af8e-4c4e-9124-a1617073bc42->c77964d9-ca67-4df9-b70f-2db5af48a5e3#0-t2,notify:(t:1, i:0)
2024-10-28 08:10:37,589 [grpc-default-executor-0] INFO  impl.SnapshotInstallationHandler (SnapshotInstallationHandler.java:installSnapshotImpl(140)) - c77964d9-ca67-4df9-b70f-2db5af48a5e3@group-312CCC1152ED: set new configuration index: 5
configurationEntry {
  peers {
    id: "22ff29b6-698b-46d6-babb-0a5352f8b68f"
    address: "localhost:15086"
    startupRole: FOLLOWER
  }
  peers {
    id: "41ad025f-af8e-4c4e-9124-a1617073bc42"
    address: "localhost:15078"
    startupRole: FOLLOWER
  }
}
 from snapshot
2024-10-28 08:10:37,589 [grpc-default-executor-0] INFO  server.RaftServer$Division (ServerState.java:setRaftConf(386)) - c77964d9-ca67-4df9-b70f-2db5af48a5e3@group-312CCC1152ED: set configuration conf: {index: 5, cur=peers:[22ff29b6-698b-46d6-babb-0a5352f8b68f|localhost:15086, 41ad025f-af8e-4c4e-9124-a1617073bc42|localhost:15078]|listeners:[], old=null}
2024-10-28 08:10:37,589 [grpc-default-executor-2] WARN  server.GrpcLogAppender (GrpcLogAppender.java:onNextImpl(519)) - 41ad025f-af8e-4c4e-9124-a1617073bc42@group-312CCC1152ED->c77964d9-ca67-4df9-b70f-2db5af48a5e3-AppendLogResponseHandler: received INCONSISTENCY reply with nextIndex 0, errorCount=1, request=AppendEntriesRequest:cid=9,entriesCount=0
2024-10-28 08:10:37,591 [grpc-default-executor-0] INFO  impl.SnapshotInstallationHandler (SnapshotInstallationHandler.java:installSnapshot(105)) - c77964d9-ca67-4df9-b70f-2db5af48a5e3@group-312CCC1152ED: reply installSnapshot: 41ad025f-af8e-4c4e-9124-a1617073bc42<-c77964d9-ca67-4df9-b70f-2db5af48a5e3#0:FAIL-t2,IN_PROGRESS,snapshotIndex=0
2024-10-28 08:10:37,591 [grpc-default-executor-0] INFO  server.GrpcServerProtocolService (GrpcServerProtocolService.java:onCompleted(157)) - c77964d9-ca67-4df9-b70f-2db5af48a5e3: Completed INSTALL_SNAPSHOT, lastRequest: 41ad025f-af8e-4c4e-9124-a1617073bc42->c77964d9-ca67-4df9-b70f-2db5af48a5e3#0-t2,notify:(t:1, i:0)
2024-10-28 08:10:37,591 [grpc-default-executor-0] INFO  server.GrpcServerProtocolService (GrpcServerProtocolService.java:lambda$onCompleted$5(159)) - c77964d9-ca67-4df9-b70f-2db5af48a5e3: Completed INSTALL_SNAPSHOT, lastReply: null
2024-10-28 08:10:37,591 [grpc-default-executor-0] INFO  server.GrpcLogAppender (GrpcLogAppender.java:onNext(655)) - 41ad025f-af8e-4c4e-9124-a1617073bc42@group-312CCC1152ED->c77964d9-ca67-4df9-b70f-2db5af48a5e3-InstallSnapshotResponseHandler: received a reply 41ad025f-af8e-4c4e-9124-a1617073bc42<-c77964d9-ca67-4df9-b70f-2db5af48a5e3#0:FAIL-t2,IN_PROGRESS,snapshotIndex=0
2024-10-28 08:10:37,591 [grpc-default-executor-0] INFO  server.GrpcLogAppender (GrpcLogAppender.java:onNext(671)) - 41ad025f-af8e-4c4e-9124-a1617073bc42@group-312CCC1152ED->c77964d9-ca67-4df9-b70f-2db5af48a5e3-InstallSnapshotResponseHandler: InstallSnapshot in progress.
2024-10-28 08:10:37,592 [41ad025f-af8e-4c4e-9124-a1617073bc42@group-312CCC1152ED->c77964d9-ca67-4df9-b70f-2db5af48a5e3-GrpcLogAppender-LogAppenderDaemon] INFO  server.GrpcLogAppender (GrpcLogAppender.java:notifyInstallSnapshot(789)) - 41ad025f-af8e-4c4e-9124-a1617073bc42@group-312CCC1152ED->c77964d9-ca67-4df9-b70f-2db5af48a5e3-GrpcLogAppender: notifyInstallSnapshot with firstAvailable=(t:1, i:0), followerNextIndex=0
2024-10-28 08:10:37,592 [41ad025f-af8e-4c4e-9124-a1617073bc42@group-312CCC1152ED->c77964d9-ca67-4df9-b70f-2db5af48a5e3-GrpcLogAppender-LogAppenderDaemon] INFO  server.GrpcLogAppender (GrpcLogAppender.java:notifyInstallSnapshot(797)) - 41ad025f-af8e-4c4e-9124-a1617073bc42@group-312CCC1152ED->c77964d9-ca67-4df9-b70f-2db5af48a5e3-GrpcLogAppender: send 41ad025f-af8e-4c4e-9124-a1617073bc42->c77964d9-ca67-4df9-b70f-2db5af48a5e3#0-t2,notify:(t:1, i:0)
2024-10-28 08:10:37,593 [c77964d9-ca67-4df9-b70f-2db5af48a5e3-server-thread1] INFO  server.RaftServer$Division (RaftServerImpl.java:checkInconsistentAppendEntries(1607)) - c77964d9-ca67-4df9-b70f-2db5af48a5e3@group-312CCC1152ED: Failed appendEntries as snapshot (0) installation is in progress
2024-10-28 08:10:37,593 [c77964d9-ca67-4df9-b70f-2db5af48a5e3-server-thread1] INFO  server.RaftServer$Division (RaftServerImpl.java:appendEntriesAsync(1562)) - c77964d9-ca67-4df9-b70f-2db5af48a5e3@group-312CCC1152ED: appendEntries* reply 41ad025f-af8e-4c4e-9124-a1617073bc42<-c77964d9-ca67-4df9-b70f-2db5af48a5e3#10:FAIL-t2,INCONSISTENCY,nextIndex=0,followerCommit=-1,matchIndex=-1
2024-10-28 08:10:37,593 [grpc-default-executor-2] INFO  impl.SnapshotInstallationHandler (SnapshotInstallationHandler.java:installSnapshot(94)) - c77964d9-ca67-4df9-b70f-2db5af48a5e3@group-312CCC1152ED: receive installSnapshot: 41ad025f-af8e-4c4e-9124-a1617073bc42->c77964d9-ca67-4df9-b70f-2db5af48a5e3#0-t2,notify:(t:1, i:0)
2024-10-28 08:10:37,593 [grpc-default-executor-2] INFO  impl.SnapshotInstallationHandler (SnapshotInstallationHandler.java:installSnapshotImpl(140)) - c77964d9-ca67-4df9-b70f-2db5af48a5e3@group-312CCC1152ED: set new configuration index: 5
configurationEntry {
  peers {
    id: "22ff29b6-698b-46d6-babb-0a5352f8b68f"
    address: "localhost:15086"
    startupRole: FOLLOWER
  }
  peers {
    id: "41ad025f-af8e-4c4e-9124-a1617073bc42"
    address: "localhost:15078"
    startupRole: FOLLOWER
  }
}
 from snapshot
2024-10-28 08:10:37,593 [grpc-default-executor-2] INFO  server.RaftServer$Division (ServerState.java:setRaftConf(386)) - c77964d9-ca67-4df9-b70f-2db5af48a5e3@group-312CCC1152ED: set configuration conf: {index: 5, cur=peers:[22ff29b6-698b-46d6-babb-0a5352f8b68f|localhost:15086, 41ad025f-af8e-4c4e-9124-a1617073bc42|localhost:15078]|listeners:[], old=null}
2024-10-28 08:10:37,595 [grpc-default-executor-0] WARN  server.GrpcLogAppender (GrpcLogAppender.java:onNextImpl(519)) - 41ad025f-af8e-4c4e-9124-a1617073bc42@group-312CCC1152ED->c77964d9-ca67-4df9-b70f-2db5af48a5e3-AppendLogResponseHandler: received INCONSISTENCY reply with nextIndex 0, errorCount=1, request=AppendEntriesRequest:cid=10,entriesCount=0
2024-10-28 08:10:37,596 [grpc-default-executor-2] INFO  impl.SnapshotInstallationHandler (SnapshotInstallationHandler.java:installSnapshot(105)) - c77964d9-ca67-4df9-b70f-2db5af48a5e3@group-312CCC1152ED: reply installSnapshot: 41ad025f-af8e-4c4e-9124-a1617073bc42<-c77964d9-ca67-4df9-b70f-2db5af48a5e3#0:FAIL-t2,IN_PROGRESS,snapshotIndex=0
2024-10-28 08:10:37,596 [grpc-default-executor-2] INFO  server.GrpcServerProtocolService (GrpcServerProtocolService.java:onCompleted(157)) - c77964d9-ca67-4df9-b70f-2db5af48a5e3: Completed INSTALL_SNAPSHOT, lastRequest: 41ad025f-af8e-4c4e-9124-a1617073bc42->c77964d9-ca67-4df9-b70f-2db5af48a5e3#0-t2,notify:(t:1, i:0)
2024-10-28 08:10:37,596 [grpc-default-executor-2] INFO  server.GrpcServerProtocolService (GrpcServerProtocolService.java:lambda$onCompleted$5(159)) - c77964d9-ca67-4df9-b70f-2db5af48a5e3: Completed INSTALL_SNAPSHOT, lastReply: null
2024-10-28 08:10:37,597 [grpc-default-executor-0] INFO  server.GrpcLogAppender (GrpcLogAppender.java:onNext(655)) - 41ad025f-af8e-4c4e-9124-a1617073bc42@group-312CCC1152ED->c77964d9-ca67-4df9-b70f-2db5af48a5e3-InstallSnapshotResponseHandler: received a reply 41ad025f-af8e-4c4e-9124-a1617073bc42<-c77964d9-ca67-4df9-b70f-2db5af48a5e3#0:FAIL-t2,IN_PROGRESS,snapshotIndex=0
2024-10-28 08:10:37,597 [grpc-default-executor-0] INFO  server.GrpcLogAppender (GrpcLogAppender.java:onNext(671)) - 41ad025f-af8e-4c4e-9124-a1617073bc42@group-312CCC1152ED->c77964d9-ca67-4df9-b70f-2db5af48a5e3-InstallSnapshotResponseHandler: InstallSnapshot in progress.
2024-10-28 08:10:37,597 [41ad025f-af8e-4c4e-9124-a1617073bc42@group-312CCC1152ED->c77964d9-ca67-4df9-b70f-2db5af48a5e3-GrpcLogAppender-LogAppenderDaemon] INFO  server.GrpcLogAppender (GrpcLogAppender.java:notifyInstallSnapshot(789)) - 41ad025f-af8e-4c4e-9124-a1617073bc42@group-312CCC1152ED->c77964d9-ca67-4df9-b70f-2db5af48a5e3-GrpcLogAppender: notifyInstallSnapshot with firstAvailable=(t:1, i:0), followerNextIndex=0
2024-10-28 08:10:37,598 [41ad025f-af8e-4c4e-9124-a1617073bc42@group-312CCC1152ED->c77964d9-ca67-4df9-b70f-2db5af48a5e3-GrpcLogAppender-LogAppenderDaemon] INFO  server.GrpcLogAppender (GrpcLogAppender.java:notifyInstallSnapshot(797)) - 41ad025f-af8e-4c4e-9124-a1617073bc42@group-312CCC1152ED->c77964d9-ca67-4df9-b70f-2db5af48a5e3-GrpcLogAppender: send 41ad025f-af8e-4c4e-9124-a1617073bc42->c77964d9-ca67-4df9-b70f-2db5af48a5e3#0-t2,notify:(t:1, i:0)
2024-10-28 08:10:37,599 [c77964d9-ca67-4df9-b70f-2db5af48a5e3-server-thread1] INFO  server.RaftServer$Division (RaftServerImpl.java:checkInconsistentAppendEntries(1607)) - c77964d9-ca67-4df9-b70f-2db5af48a5e3@group-312CCC1152ED: Failed appendEntries as snapshot (0) installation is in progress
2024-10-28 08:10:37,599 [grpc-default-executor-0] INFO  impl.SnapshotInstallationHandler (SnapshotInstallationHandler.java:installSnapshot(94)) - c77964d9-ca67-4df9-b70f-2db5af48a5e3@group-312CCC1152ED: receive installSnapshot: 41ad025f-af8e-4c4e-9124-a1617073bc42->c77964d9-ca67-4df9-b70f-2db5af48a5e3#0-t2,notify:(t:1, i:0)
2024-10-28 08:10:37,599 [c77964d9-ca67-4df9-b70f-2db5af48a5e3-server-thread1] INFO  server.RaftServer$Division (RaftServerImpl.java:appendEntriesAsync(1562)) - c77964d9-ca67-4df9-b70f-2db5af48a5e3@group-312CCC1152ED: appendEntries* reply 41ad025f-af8e-4c4e-9124-a1617073bc42<-c77964d9-ca67-4df9-b70f-2db5af48a5e3#11:FAIL-t2,INCONSISTENCY,nextIndex=0,followerCommit=-1,matchIndex=-1
2024-10-28 08:10:37,599 [grpc-default-executor-0] INFO  impl.SnapshotInstallationHandler (SnapshotInstallationHandler.java:installSnapshotImpl(140)) - c77964d9-ca67-4df9-b70f-2db5af48a5e3@group-312CCC1152ED: set new configuration index: 5
configurationEntry {
  peers {
    id: "22ff29b6-698b-46d6-babb-0a5352f8b68f"
    address: "localhost:15086"
    startupRole: FOLLOWER
  }
  peers {
    id: "41ad025f-af8e-4c4e-9124-a1617073bc42"
    address: "localhost:15078"
    startupRole: FOLLOWER
  }
}
 from snapshot
2024-10-28 08:10:37,599 [grpc-default-executor-0] INFO  server.RaftServer$Division (ServerState.java:setRaftConf(386)) - c77964d9-ca67-4df9-b70f-2db5af48a5e3@group-312CCC1152ED: set configuration conf: {index: 5, cur=peers:[22ff29b6-698b-46d6-babb-0a5352f8b68f|localhost:15086, 41ad025f-af8e-4c4e-9124-a1617073bc42|localhost:15078]|listeners:[], old=null}
2024-10-28 08:10:37,600 [grpc-default-executor-2] WARN  server.GrpcLogAppender (GrpcLogAppender.java:onNextImpl(519)) - 41ad025f-af8e-4c4e-9124-a1617073bc42@group-312CCC1152ED->c77964d9-ca67-4df9-b70f-2db5af48a5e3-AppendLogResponseHandler: received INCONSISTENCY reply with nextIndex 0, errorCount=1, request=AppendEntriesRequest:cid=11,entriesCount=0
2024-10-28 08:10:37,601 [grpc-default-executor-0] INFO  impl.SnapshotInstallationHandler (SnapshotInstallationHandler.java:installSnapshot(105)) - c77964d9-ca67-4df9-b70f-2db5af48a5e3@group-312CCC1152ED: reply installSnapshot: 41ad025f-af8e-4c4e-9124-a1617073bc42<-c77964d9-ca67-4df9-b70f-2db5af48a5e3#0:FAIL-t2,IN_PROGRESS,snapshotIndex=0
2024-10-28 08:10:37,601 [grpc-default-executor-0] INFO  server.GrpcServerProtocolService (GrpcServerProtocolService.java:onCompleted(157)) - c77964d9-ca67-4df9-b70f-2db5af48a5e3: Completed INSTALL_SNAPSHOT, lastRequest: 41ad025f-af8e-4c4e-9124-a1617073bc42->c77964d9-ca67-4df9-b70f-2db5af48a5e3#0-t2,notify:(t:1, i:0)
2024-10-28 08:10:37,601 [grpc-default-executor-0] INFO  server.GrpcServerProtocolService (GrpcServerProtocolService.java:lambda$onCompleted$5(159)) - c77964d9-ca67-4df9-b70f-2db5af48a5e3: Completed INSTALL_SNAPSHOT, lastReply: null
2024-10-28 08:10:37,602 [grpc-default-executor-2] INFO  server.GrpcLogAppender (GrpcLogAppender.java:onNext(655)) - 41ad025f-af8e-4c4e-9124-a1617073bc42@group-312CCC1152ED->c77964d9-ca67-4df9-b70f-2db5af48a5e3-InstallSnapshotResponseHandler: received a reply 41ad025f-af8e-4c4e-9124-a1617073bc42<-c77964d9-ca67-4df9-b70f-2db5af48a5e3#0:FAIL-t2,IN_PROGRESS,snapshotIndex=0
2024-10-28 08:10:37,602 [grpc-default-executor-2] INFO  server.GrpcLogAppender (GrpcLogAppender.java:onNext(671)) - 41ad025f-af8e-4c4e-9124-a1617073bc42@group-312CCC1152ED->c77964d9-ca67-4df9-b70f-2db5af48a5e3-InstallSnapshotResponseHandler: InstallSnapshot in progress.
2024-10-28 08:10:37,603 [c77964d9-ca67-4df9-b70f-2db5af48a5e3-server-thread1] INFO  server.RaftServer$Division (RaftServerImpl.java:checkInconsistentAppendEntries(1607)) - c77964d9-ca67-4df9-b70f-2db5af48a5e3@group-312CCC1152ED: Failed appendEntries as snapshot (0) installation is in progress
2024-10-28 08:10:37,603 [c77964d9-ca67-4df9-b70f-2db5af48a5e3-server-thread1] INFO  server.RaftServer$Division (RaftServerImpl.java:appendEntriesAsync(1562)) - c77964d9-ca67-4df9-b70f-2db5af48a5e3@group-312CCC1152ED: appendEntries* reply 41ad025f-af8e-4c4e-9124-a1617073bc42<-c77964d9-ca67-4df9-b70f-2db5af48a5e3#12:FAIL-t2,INCONSISTENCY,nextIndex=0,followerCommit=-1,matchIndex=-1
2024-10-28 08:10:37,604 [41ad025f-af8e-4c4e-9124-a1617073bc42@group-312CCC1152ED->c77964d9-ca67-4df9-b70f-2db5af48a5e3-GrpcLogAppender-LogAppenderDaemon] INFO  server.GrpcLogAppender (GrpcLogAppender.java:notifyInstallSnapshot(789)) - 41ad025f-af8e-4c4e-9124-a1617073bc42@group-312CCC1152ED->c77964d9-ca67-4df9-b70f-2db5af48a5e3-GrpcLogAppender: notifyInstallSnapshot with firstAvailable=(t:1, i:0), followerNextIndex=0
2024-10-28 08:10:37,604 [41ad025f-af8e-4c4e-9124-a1617073bc42@group-312CCC1152ED->c77964d9-ca67-4df9-b70f-2db5af48a5e3-GrpcLogAppender-LogAppenderDaemon] INFO  server.GrpcLogAppender (GrpcLogAppender.java:notifyInstallSnapshot(797)) - 41ad025f-af8e-4c4e-9124-a1617073bc42@group-312CCC1152ED->c77964d9-ca67-4df9-b70f-2db5af48a5e3-GrpcLogAppender: send 41ad025f-af8e-4c4e-9124-a1617073bc42->c77964d9-ca67-4df9-b70f-2db5af48a5e3#0-t2,notify:(t:1, i:0)
2024-10-28 08:10:37,604 [grpc-default-executor-2] WARN  server.GrpcLogAppender (GrpcLogAppender.java:onNextImpl(519)) - 41ad025f-af8e-4c4e-9124-a1617073bc42@group-312CCC1152ED->c77964d9-ca67-4df9-b70f-2db5af48a5e3-AppendLogResponseHandler: received INCONSISTENCY reply with nextIndex 0, errorCount=1, request=AppendEntriesRequest:cid=12,entriesCount=0
2024-10-28 08:10:37,605 [grpc-default-executor-0] INFO  impl.SnapshotInstallationHandler (SnapshotInstallationHandler.java:installSnapshot(94)) - c77964d9-ca67-4df9-b70f-2db5af48a5e3@group-312CCC1152ED: receive installSnapshot: 41ad025f-af8e-4c4e-9124-a1617073bc42->c77964d9-ca67-4df9-b70f-2db5af48a5e3#0-t2,notify:(t:1, i:0)
2024-10-28 08:10:37,605 [grpc-default-executor-0] INFO  impl.SnapshotInstallationHandler (SnapshotInstallationHandler.java:installSnapshotImpl(140)) - c77964d9-ca67-4df9-b70f-2db5af48a5e3@group-312CCC1152ED: set new configuration index: 5
configurationEntry {
  peers {
    id: "22ff29b6-698b-46d6-babb-0a5352f8b68f"
    address: "localhost:15086"
    startupRole: FOLLOWER
  }
  peers {
    id: "41ad025f-af8e-4c4e-9124-a1617073bc42"
    address: "localhost:15078"
    startupRole: FOLLOWER
  }
}
 from snapshot
2024-10-28 08:10:37,605 [grpc-default-executor-0] INFO  server.RaftServer$Division (ServerState.java:setRaftConf(386)) - c77964d9-ca67-4df9-b70f-2db5af48a5e3@group-312CCC1152ED: set configuration conf: {index: 5, cur=peers:[22ff29b6-698b-46d6-babb-0a5352f8b68f|localhost:15086, 41ad025f-af8e-4c4e-9124-a1617073bc42|localhost:15078]|listeners:[], old=null}
2024-10-28 08:10:37,607 [grpc-default-executor-0] INFO  impl.SnapshotInstallationHandler (SnapshotInstallationHandler.java:installSnapshot(105)) - c77964d9-ca67-4df9-b70f-2db5af48a5e3@group-312CCC1152ED: reply installSnapshot: 41ad025f-af8e-4c4e-9124-a1617073bc42<-c77964d9-ca67-4df9-b70f-2db5af48a5e3#0:FAIL-t2,IN_PROGRESS,snapshotIndex=0
2024-10-28 08:10:37,607 [grpc-default-executor-0] INFO  server.GrpcServerProtocolService (GrpcServerProtocolService.java:onCompleted(157)) - c77964d9-ca67-4df9-b70f-2db5af48a5e3: Completed INSTALL_SNAPSHOT, lastRequest: 41ad025f-af8e-4c4e-9124-a1617073bc42->c77964d9-ca67-4df9-b70f-2db5af48a5e3#0-t2,notify:(t:1, i:0)
2024-10-28 08:10:37,607 [grpc-default-executor-0] INFO  server.GrpcServerProtocolService (GrpcServerProtocolService.java:lambda$onCompleted$5(159)) - c77964d9-ca67-4df9-b70f-2db5af48a5e3: Completed INSTALL_SNAPSHOT, lastReply: null
2024-10-28 08:10:37,608 [grpc-default-executor-2] INFO  server.GrpcLogAppender (GrpcLogAppender.java:onNext(655)) - 41ad025f-af8e-4c4e-9124-a1617073bc42@group-312CCC1152ED->c77964d9-ca67-4df9-b70f-2db5af48a5e3-InstallSnapshotResponseHandler: received a reply 41ad025f-af8e-4c4e-9124-a1617073bc42<-c77964d9-ca67-4df9-b70f-2db5af48a5e3#0:FAIL-t2,IN_PROGRESS,snapshotIndex=0
2024-10-28 08:10:37,608 [grpc-default-executor-2] INFO  server.GrpcLogAppender (GrpcLogAppender.java:onNext(671)) - 41ad025f-af8e-4c4e-9124-a1617073bc42@group-312CCC1152ED->c77964d9-ca67-4df9-b70f-2db5af48a5e3-InstallSnapshotResponseHandler: InstallSnapshot in progress.
2024-10-28 08:10:37,609 [c77964d9-ca67-4df9-b70f-2db5af48a5e3-server-thread1] INFO  server.RaftServer$Division (RaftServerImpl.java:checkInconsistentAppendEntries(1607)) - c77964d9-ca67-4df9-b70f-2db5af48a5e3@group-312CCC1152ED: Failed appendEntries as snapshot (0) installation is in progress
2024-10-28 08:10:37,609 [c77964d9-ca67-4df9-b70f-2db5af48a5e3-server-thread1] INFO  server.RaftServer$Division (RaftServerImpl.java:appendEntriesAsync(1562)) - c77964d9-ca67-4df9-b70f-2db5af48a5e3@group-312CCC1152ED: appendEntries* reply 41ad025f-af8e-4c4e-9124-a1617073bc42<-c77964d9-ca67-4df9-b70f-2db5af48a5e3#13:FAIL-t2,INCONSISTENCY,nextIndex=0,followerCommit=-1,matchIndex=-1
2024-10-28 08:10:37,609 [grpc-default-executor-2] WARN  server.GrpcLogAppender (GrpcLogAppender.java:onNextImpl(519)) - 41ad025f-af8e-4c4e-9124-a1617073bc42@group-312CCC1152ED->c77964d9-ca67-4df9-b70f-2db5af48a5e3-AppendLogResponseHandler: received INCONSISTENCY reply with nextIndex 0, errorCount=1, request=AppendEntriesRequest:cid=13,entriesCount=0
2024-10-28 08:10:37,609 [41ad025f-af8e-4c4e-9124-a1617073bc42@group-312CCC1152ED->c77964d9-ca67-4df9-b70f-2db5af48a5e3-GrpcLogAppender-LogAppenderDaemon] INFO  server.GrpcLogAppender (GrpcLogAppender.java:notifyInstallSnapshot(789)) - 41ad025f-af8e-4c4e-9124-a1617073bc42@group-312CCC1152ED->c77964d9-ca67-4df9-b70f-2db5af48a5e3-GrpcLogAppender: notifyInstallSnapshot with firstAvailable=(t:1, i:0), followerNextIndex=0
2024-10-28 08:10:37,609 [41ad025f-af8e-4c4e-9124-a1617073bc42@group-312CCC1152ED->c77964d9-ca67-4df9-b70f-2db5af48a5e3-GrpcLogAppender-LogAppenderDaemon] INFO  server.GrpcLogAppender (GrpcLogAppender.java:notifyInstallSnapshot(797)) - 41ad025f-af8e-4c4e-9124-a1617073bc42@group-312CCC1152ED->c77964d9-ca67-4df9-b70f-2db5af48a5e3-GrpcLogAppender: send 41ad025f-af8e-4c4e-9124-a1617073bc42->c77964d9-ca67-4df9-b70f-2db5af48a5e3#0-t2,notify:(t:1, i:0)
2024-10-28 08:10:37,610 [grpc-default-executor-2] INFO  impl.SnapshotInstallationHandler (SnapshotInstallationHandler.java:installSnapshot(94)) - c77964d9-ca67-4df9-b70f-2db5af48a5e3@group-312CCC1152ED: receive installSnapshot: 41ad025f-af8e-4c4e-9124-a1617073bc42->c77964d9-ca67-4df9-b70f-2db5af48a5e3#0-t2,notify:(t:1, i:0)
2024-10-28 08:10:37,611 [grpc-default-executor-2] INFO  impl.SnapshotInstallationHandler (SnapshotInstallationHandler.java:installSnapshotImpl(140)) - c77964d9-ca67-4df9-b70f-2db5af48a5e3@group-312CCC1152ED: set new configuration index: 5
configurationEntry {
  peers {
    id: "22ff29b6-698b-46d6-babb-0a5352f8b68f"
    address: "localhost:15086"
    startupRole: FOLLOWER
  }
  peers {
    id: "41ad025f-af8e-4c4e-9124-a1617073bc42"
    address: "localhost:15078"
    startupRole: FOLLOWER
  }
}
 from snapshot
2024-10-28 08:10:37,611 [grpc-default-executor-2] INFO  server.RaftServer$Division (ServerState.java:setRaftConf(386)) - c77964d9-ca67-4df9-b70f-2db5af48a5e3@group-312CCC1152ED: set configuration conf: {index: 5, cur=peers:[22ff29b6-698b-46d6-babb-0a5352f8b68f|localhost:15086, 41ad025f-af8e-4c4e-9124-a1617073bc42|localhost:15078]|listeners:[], old=null}
2024-10-28 08:10:37,612 [scmNode-3-SCMInstallSnapshot-0] INFO  ha.SCMHAManagerImpl (SCMHAManagerImpl.java:verifyCheckpointFromLeader(237)) - c77964d9-ca67-4df9-b70f-2db5af48a5e3: Verify checkpoint 2#6 from leader scmNode-1
2024-10-28 08:10:37,612 [scmNode-3-SCMInstallSnapshot-0] INFO  impl.SnapshotInstallationHandler (SnapshotInstallationHandler.java:lambda$notifyStateMachineToInstallSnapshot$2(289)) - c77964d9-ca67-4df9-b70f-2db5af48a5e3@group-312CCC1152ED: StateMachine successfully installed snapshot index 6. Reloading the StateMachine.
2024-10-28 08:10:37,613 [grpc-default-executor-2] INFO  impl.SnapshotInstallationHandler (SnapshotInstallationHandler.java:installSnapshot(105)) - c77964d9-ca67-4df9-b70f-2db5af48a5e3@group-312CCC1152ED: reply installSnapshot: 41ad025f-af8e-4c4e-9124-a1617073bc42<-c77964d9-ca67-4df9-b70f-2db5af48a5e3#0:FAIL-t2,IN_PROGRESS,snapshotIndex=0
2024-10-28 08:10:37,613 [grpc-default-executor-2] INFO  server.GrpcServerProtocolService (GrpcServerProtocolService.java:onCompleted(157)) - c77964d9-ca67-4df9-b70f-2db5af48a5e3: Completed INSTALL_SNAPSHOT, lastRequest: 41ad025f-af8e-4c4e-9124-a1617073bc42->c77964d9-ca67-4df9-b70f-2db5af48a5e3#0-t2,notify:(t:1, i:0)
2024-10-28 08:10:37,613 [grpc-default-executor-2] INFO  server.GrpcServerProtocolService (GrpcServerProtocolService.java:lambda$onCompleted$5(159)) - c77964d9-ca67-4df9-b70f-2db5af48a5e3: Completed INSTALL_SNAPSHOT, lastReply: null
2024-10-28 08:10:37,614 [grpc-default-executor-0] INFO  server.GrpcLogAppender (GrpcLogAppender.java:onNext(655)) - 41ad025f-af8e-4c4e-9124-a1617073bc42@group-312CCC1152ED->c77964d9-ca67-4df9-b70f-2db5af48a5e3-InstallSnapshotResponseHandler: received a reply 41ad025f-af8e-4c4e-9124-a1617073bc42<-c77964d9-ca67-4df9-b70f-2db5af48a5e3#0:FAIL-t2,IN_PROGRESS,snapshotIndex=0
2024-10-28 08:10:37,614 [grpc-default-executor-0] INFO  server.GrpcLogAppender (GrpcLogAppender.java:onNext(671)) - 41ad025f-af8e-4c4e-9124-a1617073bc42@group-312CCC1152ED->c77964d9-ca67-4df9-b70f-2db5af48a5e3-InstallSnapshotResponseHandler: InstallSnapshot in progress.
2024-10-28 08:10:37,614 [41ad025f-af8e-4c4e-9124-a1617073bc42@group-312CCC1152ED->c77964d9-ca67-4df9-b70f-2db5af48a5e3-GrpcLogAppender-LogAppenderDaemon] INFO  server.GrpcLogAppender (GrpcLogAppender.java:notifyInstallSnapshot(789)) - 41ad025f-af8e-4c4e-9124-a1617073bc42@group-312CCC1152ED->c77964d9-ca67-4df9-b70f-2db5af48a5e3-GrpcLogAppender: notifyInstallSnapshot with firstAvailable=(t:1, i:0), followerNextIndex=0
2024-10-28 08:10:37,615 [41ad025f-af8e-4c4e-9124-a1617073bc42@group-312CCC1152ED->c77964d9-ca67-4df9-b70f-2db5af48a5e3-GrpcLogAppender-LogAppenderDaemon] INFO  server.GrpcLogAppender (GrpcLogAppender.java:notifyInstallSnapshot(797)) - 41ad025f-af8e-4c4e-9124-a1617073bc42@group-312CCC1152ED->c77964d9-ca67-4df9-b70f-2db5af48a5e3-GrpcLogAppender: send 41ad025f-af8e-4c4e-9124-a1617073bc42->c77964d9-ca67-4df9-b70f-2db5af48a5e3#0-t2,notify:(t:1, i:0)
2024-10-28 08:10:37,616 [c77964d9-ca67-4df9-b70f-2db5af48a5e3-server-thread1] INFO  server.RaftServer$Division (RaftServerImpl.java:checkInconsistentAppendEntries(1607)) - c77964d9-ca67-4df9-b70f-2db5af48a5e3@group-312CCC1152ED: Failed appendEntries as snapshot (0) installation is in progress
2024-10-28 08:10:37,616 [c77964d9-ca67-4df9-b70f-2db5af48a5e3-server-thread1] INFO  server.RaftServer$Division (RaftServerImpl.java:appendEntriesAsync(1562)) - c77964d9-ca67-4df9-b70f-2db5af48a5e3@group-312CCC1152ED: appendEntries* reply 41ad025f-af8e-4c4e-9124-a1617073bc42<-c77964d9-ca67-4df9-b70f-2db5af48a5e3#14:FAIL-t2,INCONSISTENCY,nextIndex=0,followerCommit=-1,matchIndex=-1
2024-10-28 08:10:37,616 [grpc-default-executor-2] INFO  impl.SnapshotInstallationHandler (SnapshotInstallationHandler.java:installSnapshot(94)) - c77964d9-ca67-4df9-b70f-2db5af48a5e3@group-312CCC1152ED: receive installSnapshot: 41ad025f-af8e-4c4e-9124-a1617073bc42->c77964d9-ca67-4df9-b70f-2db5af48a5e3#0-t2,notify:(t:1, i:0)
2024-10-28 08:10:37,617 [grpc-default-executor-2] INFO  ha.SCMStateMachine (SCMStateMachine.java:pause(396)) - c77964d9-ca67-4df9-b70f-2db5af48a5e3: Try to pause from current LifeCycle state SCMStateMachine:c77964d9-ca67-4df9-b70f-2db5af48a5e3:group-312CCC1152ED:RUNNING
2024-10-28 08:10:37,620 [grpc-default-executor-0] WARN  server.GrpcLogAppender (GrpcLogAppender.java:onNextImpl(519)) - 41ad025f-af8e-4c4e-9124-a1617073bc42@group-312CCC1152ED->c77964d9-ca67-4df9-b70f-2db5af48a5e3-AppendLogResponseHandler: received INCONSISTENCY reply with nextIndex 0, errorCount=1, request=AppendEntriesRequest:cid=14,entriesCount=0
2024-10-28 08:10:37,620 [grpc-default-executor-2] INFO  raftlog.RaftLog (RaftLogBase.java:lambda$new$0(54)) - c77964d9-ca67-4df9-b70f-2db5af48a5e3@group-312CCC1152ED-SegmentedRaftLog: snapshotIndex: updateIncreasingly -1 -> 6
2024-10-28 08:10:37,621 [grpc-default-executor-2] INFO  segmented.SegmentedRaftLogWorker (SegmentedRaftLogWorker.java:lambda$new$0(138)) - c77964d9-ca67-4df9-b70f-2db5af48a5e3@group-312CCC1152ED-SegmentedRaftLogWorker: flushIndex: setUnconditionally -1 -> 6
2024-10-28 08:10:37,621 [grpc-default-executor-2] INFO  segmented.SegmentedRaftLogWorker (SegmentedRaftLogWorker.java:lambda$new$0(138)) - c77964d9-ca67-4df9-b70f-2db5af48a5e3@group-312CCC1152ED-SegmentedRaftLogWorker: safeCacheEvictIndex: setUnconditionally -1 -> 6
2024-10-28 08:10:37,621 [grpc-default-executor-2] INFO  raftlog.RaftLog (RaftLogBase.java:lambda$new$0(54)) - c77964d9-ca67-4df9-b70f-2db5af48a5e3@group-312CCC1152ED-SegmentedRaftLog: purgeIndex: updateToMax old=-1, new=6, updated? true
2024-10-28 08:10:37,621 [grpc-default-executor-2] INFO  impl.SnapshotInstallationHandler (SnapshotInstallationHandler.java:notifyStateMachineToInstallSnapshot(333)) - c77964d9-ca67-4df9-b70f-2db5af48a5e3@group-312CCC1152ED: InstallSnapshot notification result: SNAPSHOT_INSTALLED, at index: (t:2, i:6)
2024-10-28 08:10:37,622 [grpc-default-executor-2] INFO  impl.SnapshotInstallationHandler (SnapshotInstallationHandler.java:installSnapshotImpl(140)) - c77964d9-ca67-4df9-b70f-2db5af48a5e3@group-312CCC1152ED: set new configuration index: 5
configurationEntry {
  peers {
    id: "22ff29b6-698b-46d6-babb-0a5352f8b68f"
    address: "localhost:15086"
    startupRole: FOLLOWER
  }
  peers {
    id: "41ad025f-af8e-4c4e-9124-a1617073bc42"
    address: "localhost:15078"
    startupRole: FOLLOWER
  }
}
 from snapshot
2024-10-28 08:10:37,622 [grpc-default-executor-2] INFO  server.RaftServer$Division (ServerState.java:setRaftConf(386)) - c77964d9-ca67-4df9-b70f-2db5af48a5e3@group-312CCC1152ED: set configuration conf: {index: 5, cur=peers:[22ff29b6-698b-46d6-babb-0a5352f8b68f|localhost:15086, 41ad025f-af8e-4c4e-9124-a1617073bc42|localhost:15078]|listeners:[], old=null}
2024-10-28 08:10:37,625 [grpc-default-executor-2] INFO  impl.SnapshotInstallationHandler (SnapshotInstallationHandler.java:installSnapshot(105)) - c77964d9-ca67-4df9-b70f-2db5af48a5e3@group-312CCC1152ED: reply installSnapshot: 41ad025f-af8e-4c4e-9124-a1617073bc42<-c77964d9-ca67-4df9-b70f-2db5af48a5e3#0:OK-t2,SNAPSHOT_INSTALLED,snapshotIndex=6
2024-10-28 08:10:37,626 [grpc-default-executor-0] INFO  server.GrpcLogAppender (GrpcLogAppender.java:onNext(655)) - 41ad025f-af8e-4c4e-9124-a1617073bc42@group-312CCC1152ED->c77964d9-ca67-4df9-b70f-2db5af48a5e3-InstallSnapshotResponseHandler: received a reply 41ad025f-af8e-4c4e-9124-a1617073bc42<-c77964d9-ca67-4df9-b70f-2db5af48a5e3#0:OK-t2,SNAPSHOT_INSTALLED,snapshotIndex=6
2024-10-28 08:10:37,626 [grpc-default-executor-0] INFO  server.GrpcLogAppender (GrpcLogAppender.java:onNext(693)) - 41ad025f-af8e-4c4e-9124-a1617073bc42@group-312CCC1152ED->c77964d9-ca67-4df9-b70f-2db5af48a5e3-InstallSnapshotResponseHandler: Follower installed snapshot at index 6
2024-10-28 08:10:37,626 [grpc-default-executor-0] INFO  leader.FollowerInfo (FollowerInfoImpl.java:info(64)) - 41ad025f-af8e-4c4e-9124-a1617073bc42@group-312CCC1152ED->c77964d9-ca67-4df9-b70f-2db5af48a5e3: snapshotIndex: setUnconditionally 0 -> 6
2024-10-28 08:10:37,626 [grpc-default-executor-0] INFO  leader.FollowerInfo (FollowerInfoImpl.java:info(64)) - 41ad025f-af8e-4c4e-9124-a1617073bc42@group-312CCC1152ED->c77964d9-ca67-4df9-b70f-2db5af48a5e3: matchIndex: setUnconditionally -1 -> 6
2024-10-28 08:10:37,626 [grpc-default-executor-0] INFO  leader.FollowerInfo (FollowerInfoImpl.java:info(64)) - 41ad025f-af8e-4c4e-9124-a1617073bc42@group-312CCC1152ED->c77964d9-ca67-4df9-b70f-2db5af48a5e3: nextIndex: setUnconditionally 0 -> 7
2024-10-28 08:10:37,626 [grpc-default-executor-0] INFO  leader.FollowerInfo (FollowerInfoImpl.java:setAttemptedToInstallSnapshot(154)) - Follower 41ad025f-af8e-4c4e-9124-a1617073bc42@group-312CCC1152ED->c77964d9-ca67-4df9-b70f-2db5af48a5e3 acknowledged installing snapshot
2024-10-28 08:10:37,626 [grpc-default-executor-0] INFO  server.GrpcLogAppender (GrpcLogAppender.java:increaseNextIndex(457)) - 41ad025f-af8e-4c4e-9124-a1617073bc42@group-312CCC1152ED->c77964d9-ca67-4df9-b70f-2db5af48a5e3-GrpcLogAppender: updateNextIndex 7 for SNAPSHOT_INSTALLED
2024-10-28 08:10:37,626 [grpc-default-executor-0] INFO  server.GrpcLogAppender (GrpcLogAppender.java:onFollowerCatchup(621)) - 41ad025f-af8e-4c4e-9124-a1617073bc42@group-312CCC1152ED->c77964d9-ca67-4df9-b70f-2db5af48a5e3-InstallSnapshotResponseHandler: Follower can catch up leader after install the snapshot, as leader's start index is 7
2024-10-28 08:10:37,626 [grpc-default-executor-2] INFO  server.GrpcServerProtocolService (GrpcServerProtocolService.java:onCompleted(157)) - c77964d9-ca67-4df9-b70f-2db5af48a5e3: Completed INSTALL_SNAPSHOT, lastRequest: 41ad025f-af8e-4c4e-9124-a1617073bc42->c77964d9-ca67-4df9-b70f-2db5af48a5e3#0-t2,notify:(t:1, i:0)
2024-10-28 08:10:37,627 [grpc-default-executor-2] INFO  server.GrpcServerProtocolService (GrpcServerProtocolService.java:lambda$onCompleted$5(159)) - c77964d9-ca67-4df9-b70f-2db5af48a5e3: Completed INSTALL_SNAPSHOT, lastReply: null
2024-10-28 08:10:37,657 [c77964d9-ca67-4df9-b70f-2db5af48a5e3@group-312CCC1152ED-StateMachineUpdater] INFO  ha.SCMHAManagerImpl (SCMHAManagerImpl.java:installCheckpoint(289)) - c77964d9-ca67-4df9-b70f-2db5af48a5e3: Install checkpoint 2#6
2024-10-28 08:10:37,662 [c77964d9-ca67-4df9-b70f-2db5af48a5e3@group-312CCC1152ED-StateMachineUpdater] INFO  ha.SCMHAManagerImpl (SCMHAManagerImpl.java:installCheckpoint(327)) - Replaced DB with checkpoint, term: 2, index: 6
2024-10-28 08:10:37,662 [c77964d9-ca67-4df9-b70f-2db5af48a5e3@group-312CCC1152ED-StateMachineUpdater] WARN  utils.HAUtils (HAUtils.java:getMetaDir(337)) - ozone.scm.db.dirs is not configured. We recommend adding this setting. Falling back to ozone.metadata.dirs instead.
2024-10-28 08:10:37,662 [c77964d9-ca67-4df9-b70f-2db5af48a5e3@group-312CCC1152ED-StateMachineUpdater] WARN  db.DBStoreBuilder (DBStoreBuilder.java:applyDBDefinition(171)) - ozone.scm.db.dirs is not configured. We recommend adding this setting. Falling back to ozone.metadata.dirs instead.
2024-10-28 08:10:37,768 [c77964d9-ca67-4df9-b70f-2db5af48a5e3@group-312CCC1152ED-StateMachineUpdater] INFO  ha.SequenceIdGenerator (SequenceIdGenerator.java:reinitialize(185)) - reinitialize SequenceIdGenerator.
2024-10-28 08:10:37,769 [c77964d9-ca67-4df9-b70f-2db5af48a5e3@group-312CCC1152ED-StateMachineUpdater] INFO  pipeline.PipelineStateManagerImpl (PipelineStateManagerImpl.java:initialize(78)) - No pipeline exists in current db
2024-10-28 08:10:37,769 [c77964d9-ca67-4df9-b70f-2db5af48a5e3@group-312CCC1152ED-StateMachineUpdater] INFO  ha.SCMHAManagerImpl (SCMHAManagerImpl.java:installCheckpoint(342)) - Reloaded SCM state with Term: 2 and Index: 6
2024-10-28 08:10:37,770 [c77964d9-ca67-4df9-b70f-2db5af48a5e3@group-312CCC1152ED-StateMachineUpdater] INFO  ha.SCMStateMachine (SCMStateMachine.java:reinitialize(422)) - c77964d9-ca67-4df9-b70f-2db5af48a5e3: SCMStateMachine is reinitializing. newTermIndex = (t:2, i:6)
2024-10-28 08:10:37,770 [c77964d9-ca67-4df9-b70f-2db5af48a5e3@group-312CCC1152ED-StateMachineUpdater] INFO  impl.StateMachineUpdater (StateMachineUpdater.java:lambda$new$0(102)) - c77964d9-ca67-4df9-b70f-2db5af48a5e3@group-312CCC1152ED-StateMachineUpdater: snapshotIndex: setUnconditionally -1 -> 6
2024-10-28 08:10:37,770 [c77964d9-ca67-4df9-b70f-2db5af48a5e3@group-312CCC1152ED-StateMachineUpdater] INFO  impl.StateMachineUpdater (StateMachineUpdater.java:lambda$new$0(102)) - c77964d9-ca67-4df9-b70f-2db5af48a5e3@group-312CCC1152ED-StateMachineUpdater: appliedIndex: setUnconditionally -1 -> 6
2024-10-28 08:10:38,041 [dbc8bb5e-43aa-46e2-8b22-902d8de4f543-EndpointStateMachineTaskThread-/127.0.0.1:15012-0 ] INFO  ipc.Client (Client.java:handleConnectionFailure(950)) - Retrying connect to server: localhost/127.0.0.1:15012. Already tried 12 time(s); retry policy is RetryUpToMaximumCountWithFixedSleep(maxRetries=15, sleepTime=1000 MILLISECONDS)
2024-10-28 08:10:38,041 [d1f2ec58-f55e-45ab-93c5-34baa5ccb560-EndpointStateMachineTaskThread-/127.0.0.1:15020-0 ] INFO  ipc.Client (Client.java:handleConnectionFailure(950)) - Retrying connect to server: localhost/127.0.0.1:15020. Already tried 12 time(s); retry policy is RetryUpToMaximumCountWithFixedSleep(maxRetries=15, sleepTime=1000 MILLISECONDS)
2024-10-28 08:10:39,042 [d1f2ec58-f55e-45ab-93c5-34baa5ccb560-EndpointStateMachineTaskThread-/127.0.0.1:15020-0 ] INFO  ipc.Client (Client.java:handleConnectionFailure(950)) - Retrying connect to server: localhost/127.0.0.1:15020. Already tried 13 time(s); retry policy is RetryUpToMaximumCountWithFixedSleep(maxRetries=15, sleepTime=1000 MILLISECONDS)
2024-10-28 08:10:39,042 [dbc8bb5e-43aa-46e2-8b22-902d8de4f543-EndpointStateMachineTaskThread-/127.0.0.1:15012-0 ] INFO  ipc.Client (Client.java:handleConnectionFailure(950)) - Retrying connect to server: localhost/127.0.0.1:15012. Already tried 13 time(s); retry policy is RetryUpToMaximumCountWithFixedSleep(maxRetries=15, sleepTime=1000 MILLISECONDS)
2024-10-28 08:10:40,042 [dbc8bb5e-43aa-46e2-8b22-902d8de4f543-EndpointStateMachineTaskThread-/127.0.0.1:15012-0 ] INFO  ipc.Client (Client.java:handleConnectionFailure(950)) - Retrying connect to server: localhost/127.0.0.1:15012. Already tried 14 time(s); retry policy is RetryUpToMaximumCountWithFixedSleep(maxRetries=15, sleepTime=1000 MILLISECONDS)
2024-10-28 08:10:40,042 [d1f2ec58-f55e-45ab-93c5-34baa5ccb560-EndpointStateMachineTaskThread-/127.0.0.1:15020-0 ] INFO  ipc.Client (Client.java:handleConnectionFailure(950)) - Retrying connect to server: localhost/127.0.0.1:15020. Already tried 14 time(s); retry policy is RetryUpToMaximumCountWithFixedSleep(maxRetries=15, sleepTime=1000 MILLISECONDS)
2024-10-28 08:10:40,043 [d1f2ec58-f55e-45ab-93c5-34baa5ccb560-EndpointStateMachineTaskThread-/127.0.0.1:15020-0 ] WARN  statemachine.EndpointStateMachine (EndpointStateMachine.java:logIfNeeded(240)) - Unable to communicate to SCM server at localhost/127.0.0.1:15020 for past 0 seconds.
java.net.ConnectException: Call From fv-az886-152/10.1.0.23 to localhost:15020 failed on connection exception: java.net.ConnectException: Connection refused; For more details see:  http://wiki.apache.org/hadoop/ConnectionRefused
	at java.base/jdk.internal.reflect.GeneratedConstructorAccessor50.newInstance(Unknown Source)
	at java.base/jdk.internal.reflect.DelegatingConstructorAccessorImpl.newInstance(DelegatingConstructorAccessorImpl.java:45)
	at java.base/java.lang.reflect.Constructor.newInstanceWithCaller(Constructor.java:500)
	at java.base/java.lang.reflect.Constructor.newInstance(Constructor.java:481)
	at org.apache.hadoop.net.NetUtils.wrapWithMessage(NetUtils.java:930)
	at org.apache.hadoop.net.NetUtils.wrapException(NetUtils.java:845)
	at org.apache.hadoop.ipc.Client.getRpcResponse(Client.java:1571)
	at org.apache.hadoop.ipc.Client.call(Client.java:1513)
	at org.apache.hadoop.ipc.Client.call(Client.java:1410)
	at org.apache.hadoop.ipc.ProtobufRpcEngine$Invoker.invoke(ProtobufRpcEngine.java:250)
	at org.apache.hadoop.ipc.ProtobufRpcEngine$Invoker.invoke(ProtobufRpcEngine.java:132)
	at jdk.proxy2/jdk.proxy2.$Proxy110.submitRequest(Unknown Source)
	at org.apache.hadoop.ozone.protocolPB.StorageContainerDatanodeProtocolClientSideTranslatorPB.submitRequest(StorageContainerDatanodeProtocolClientSideTranslatorPB.java:115)
	at org.apache.hadoop.ozone.protocolPB.StorageContainerDatanodeProtocolClientSideTranslatorPB.sendHeartbeat(StorageContainerDatanodeProtocolClientSideTranslatorPB.java:146)
	at org.apache.hadoop.ozone.container.common.states.endpoint.HeartbeatEndpointTask.call(HeartbeatEndpointTask.java:183)
	at org.apache.hadoop.ozone.container.common.states.endpoint.HeartbeatEndpointTask.call(HeartbeatEndpointTask.java:87)
	at java.base/java.util.concurrent.FutureTask.run(FutureTask.java:264)
	at java.base/java.util.concurrent.ThreadPoolExecutor.runWorker(ThreadPoolExecutor.java:1136)
	at java.base/java.util.concurrent.ThreadPoolExecutor$Worker.run(ThreadPoolExecutor.java:635)
	at java.base/java.lang.Thread.run(Thread.java:840)
Caused by: java.net.ConnectException: Connection refused
	at java.base/sun.nio.ch.Net.pollConnect(Native Method)
	at java.base/sun.nio.ch.Net.pollConnectNow(Net.java:672)
	at java.base/sun.nio.ch.SocketChannelImpl.finishConnect(SocketChannelImpl.java:946)
	at org.apache.hadoop.net.SocketIOWithTimeout.connect(SocketIOWithTimeout.java:205)
	at org.apache.hadoop.net.NetUtils.connect(NetUtils.java:600)
	at org.apache.hadoop.ipc.Client$Connection.setupConnection(Client.java:652)
	at org.apache.hadoop.ipc.Client$Connection.setupIOstreams(Client.java:773)
	at org.apache.hadoop.ipc.Client$Connection.access$3800(Client.java:347)
	at org.apache.hadoop.ipc.Client.getConnection(Client.java:1632)
	at org.apache.hadoop.ipc.Client.call(Client.java:1457)
	... 12 more
2024-10-28 08:10:41,043 [d1f2ec58-f55e-45ab-93c5-34baa5ccb560-EndpointStateMachineTaskThread-/127.0.0.1:15012-0 ] INFO  ipc.Client (Client.java:handleConnectionFailure(950)) - Retrying connect to server: localhost/127.0.0.1:15012. Already tried 0 time(s); retry policy is RetryUpToMaximumCountWithFixedSleep(maxRetries=15, sleepTime=1000 MILLISECONDS)
2024-10-28 08:10:41,044 [d1f2ec58-f55e-45ab-93c5-34baa5ccb560-EndpointStateMachineTaskThread-/127.0.0.1:15020-0 ] INFO  ipc.Client (Client.java:handleConnectionFailure(950)) - Retrying connect to server: localhost/127.0.0.1:15020. Already tried 0 time(s); retry policy is RetryUpToMaximumCountWithFixedSleep(maxRetries=15, sleepTime=1000 MILLISECONDS)
2024-10-28 08:10:42,044 [d1f2ec58-f55e-45ab-93c5-34baa5ccb560-EndpointStateMachineTaskThread-/127.0.0.1:15012-0 ] INFO  ipc.Client (Client.java:handleConnectionFailure(950)) - Retrying connect to server: localhost/127.0.0.1:15012. Already tried 1 time(s); retry policy is RetryUpToMaximumCountWithFixedSleep(maxRetries=15, sleepTime=1000 MILLISECONDS)
2024-10-28 08:10:42,045 [d1f2ec58-f55e-45ab-93c5-34baa5ccb560-EndpointStateMachineTaskThread-/127.0.0.1:15020-0 ] INFO  ipc.Client (Client.java:handleConnectionFailure(950)) - Retrying connect to server: localhost/127.0.0.1:15020. Already tried 1 time(s); retry policy is RetryUpToMaximumCountWithFixedSleep(maxRetries=15, sleepTime=1000 MILLISECONDS)
2024-10-28 08:10:42,519 [41ad025f-af8e-4c4e-9124-a1617073bc42@group-312CCC1152ED-LeaderStateImpl] INFO  server.RaftServer$Division (ServerState.java:setRaftConf(386)) - 41ad025f-af8e-4c4e-9124-a1617073bc42@group-312CCC1152ED: set configuration conf: {index: 7, cur=peers:[22ff29b6-698b-46d6-babb-0a5352f8b68f|localhost:15086, c77964d9-ca67-4df9-b70f-2db5af48a5e3|localhost:15094, 41ad025f-af8e-4c4e-9124-a1617073bc42|localhost:15078]|listeners:[], old=peers:[22ff29b6-698b-46d6-babb-0a5352f8b68f|localhost:15086, 41ad025f-af8e-4c4e-9124-a1617073bc42|localhost:15078]|listeners:[]}
2024-10-28 08:10:42,520 [22ff29b6-698b-46d6-babb-0a5352f8b68f-server-thread1] INFO  server.RaftServer$Division (ServerState.java:setRaftConf(386)) - 22ff29b6-698b-46d6-babb-0a5352f8b68f@group-312CCC1152ED: set configuration conf: {index: 7, cur=peers:[22ff29b6-698b-46d6-babb-0a5352f8b68f|localhost:15086, c77964d9-ca67-4df9-b70f-2db5af48a5e3|localhost:15094, 41ad025f-af8e-4c4e-9124-a1617073bc42|localhost:15078]|listeners:[], old=peers:[22ff29b6-698b-46d6-babb-0a5352f8b68f|localhost:15086, 41ad025f-af8e-4c4e-9124-a1617073bc42|localhost:15078]|listeners:[]}
2024-10-28 08:10:42,520 [c77964d9-ca67-4df9-b70f-2db5af48a5e3-server-thread1] INFO  impl.RoleInfo (RoleInfo.java:updateAndGet(148)) - c77964d9-ca67-4df9-b70f-2db5af48a5e3: start c77964d9-ca67-4df9-b70f-2db5af48a5e3@group-312CCC1152ED-FollowerState
2024-10-28 08:10:42,522 [41ad025f-af8e-4c4e-9124-a1617073bc42@group-312CCC1152ED-LeaderStateImpl] INFO  server.RaftServer$Division (ServerState.java:setRaftConf(386)) - 41ad025f-af8e-4c4e-9124-a1617073bc42@group-312CCC1152ED: set configuration conf: {index: 9, cur=peers:[22ff29b6-698b-46d6-babb-0a5352f8b68f|localhost:15086, c77964d9-ca67-4df9-b70f-2db5af48a5e3|localhost:15094, 41ad025f-af8e-4c4e-9124-a1617073bc42|localhost:15078]|listeners:[], old=null}
2024-10-28 08:10:42,522 [c77964d9-ca67-4df9-b70f-2db5af48a5e3-server-thread1] INFO  server.RaftServer$Division (ServerState.java:setRaftConf(386)) - c77964d9-ca67-4df9-b70f-2db5af48a5e3@group-312CCC1152ED: set configuration conf: {index: 7, cur=peers:[22ff29b6-698b-46d6-babb-0a5352f8b68f|localhost:15086, c77964d9-ca67-4df9-b70f-2db5af48a5e3|localhost:15094, 41ad025f-af8e-4c4e-9124-a1617073bc42|localhost:15078]|listeners:[], old=peers:[22ff29b6-698b-46d6-babb-0a5352f8b68f|localhost:15086, 41ad025f-af8e-4c4e-9124-a1617073bc42|localhost:15078]|listeners:[]}
2024-10-28 08:10:42,522 [c77964d9-ca67-4df9-b70f-2db5af48a5e3-server-thread1] INFO  segmented.SegmentedRaftLogWorker (SegmentedRaftLogWorker.java:startLogSegment(437)) - c77964d9-ca67-4df9-b70f-2db5af48a5e3@group-312CCC1152ED-SegmentedRaftLogWorker: Starting segment from index:7
2024-10-28 08:10:42,522 [c77964d9-ca67-4df9-b70f-2db5af48a5e3-server-thread1] INFO  server.RaftServer$Division (RaftServerImpl.java:appendEntriesAsync(1578)) -  FOLLOWER c77964d9-ca67-4df9-b70f-2db5af48a5e3@group-312CCC1152ED:t2, leader=41ad025f-af8e-4c4e-9124-a1617073bc42, voted=null, raftlog=Memoized:c77964d9-ca67-4df9-b70f-2db5af48a5e3@group-312CCC1152ED-SegmentedRaftLog:OPENED:c6:last(t:2, i:7), conf=conf: {index: 7, cur=peers:[22ff29b6-698b-46d6-babb-0a5352f8b68f|localhost:15086, c77964d9-ca67-4df9-b70f-2db5af48a5e3|localhost:15094, 41ad025f-af8e-4c4e-9124-a1617073bc42|localhost:15078]|listeners:[], old=peers:[22ff29b6-698b-46d6-babb-0a5352f8b68f|localhost:15086, 41ad025f-af8e-4c4e-9124-a1617073bc42|localhost:15078]|listeners:[]} RUNNING: Follower has completed install the snapshot 6.
2024-10-28 08:10:42,523 [c77964d9-ca67-4df9-b70f-2db5af48a5e3-server-thread1] INFO  server.RaftServer$Division (ServerState.java:setRaftConf(386)) - c77964d9-ca67-4df9-b70f-2db5af48a5e3@group-312CCC1152ED: set configuration conf: {index: 9, cur=peers:[22ff29b6-698b-46d6-babb-0a5352f8b68f|localhost:15086, c77964d9-ca67-4df9-b70f-2db5af48a5e3|localhost:15094, 41ad025f-af8e-4c4e-9124-a1617073bc42|localhost:15078]|listeners:[], old=null}
2024-10-28 08:10:42,523 [c77964d9-ca67-4df9-b70f-2db5af48a5e3@group-312CCC1152ED-SegmentedRaftLogWorker] INFO  segmented.BufferedWriteChannel (BufferedWriteChannel.java:open(61)) - open log_inprogress_7 at position 0
2024-10-28 08:10:42,524 [22ff29b6-698b-46d6-babb-0a5352f8b68f-server-thread1] INFO  server.RaftServer$Division (ServerState.java:setRaftConf(386)) - 22ff29b6-698b-46d6-babb-0a5352f8b68f@group-312CCC1152ED: set configuration conf: {index: 9, cur=peers:[22ff29b6-698b-46d6-babb-0a5352f8b68f|localhost:15086, c77964d9-ca67-4df9-b70f-2db5af48a5e3|localhost:15094, 41ad025f-af8e-4c4e-9124-a1617073bc42|localhost:15078]|listeners:[], old=null}
2024-10-28 08:10:42,525 [IPC Server handler 3 on default port 15082] INFO  ha.SCMRatisServerImpl (SCMRatisServerImpl.java:addSCM(328)) - Successfully added new SCM: c77964d9-ca67-4df9-b70f-2db5af48a5e3.
2024-10-28 08:10:42,525 [main] INFO  ha.SCMHAManagerImpl (SCMHAManagerImpl.java:start(142)) - Successfully added SCM scmNode-3 to group group-312CCC1152ED:[22ff29b6-698b-46d6-babb-0a5352f8b68f|localhost:15086, c77964d9-ca67-4df9-b70f-2db5af48a5e3|localhost:15094, 41ad025f-af8e-4c4e-9124-a1617073bc42|localhost:15078]
2024-10-28 08:10:42,526 [main] INFO  ha.InterSCMGrpcService (InterSCMGrpcProtocolService.java:start(99)) - Starting SCM Grpc Service at port 15097
2024-10-28 08:10:42,526 [main] INFO  SCMHATransactionMonitor (BackgroundSCMService.java:start(65)) - Starting SCMHATransactionMonitor Service.
2024-10-28 08:10:42,527 [main] INFO  ha.SCMServiceManager (SCMServiceManager.java:register(42)) - Registering service SCMHATransactionMonitor.
2024-10-28 08:10:42,527 [main] INFO  SCMHATransactionMonitor (BackgroundSCMService.java:start(62)) - SCMHATransactionMonitor Service is already running, skip start.
2024-10-28 08:10:42,527 [main] INFO  impl.MetricsSystemImpl (MetricsSystemImpl.java:init(158)) - StorageContainerManager metrics system started (again)
2024-10-28 08:10:42,529 [22ff29b6-698b-46d6-babb-0a5352f8b68f@group-312CCC1152ED-StateMachineUpdater] INFO  ha.SCMStateMachine (SCMStateMachine.java:takeSnapshot(335)) - Current Snapshot Index 7, takeSnapshot took 0 ms
2024-10-28 08:10:42,529 [22ff29b6-698b-46d6-babb-0a5352f8b68f@group-312CCC1152ED-StateMachineUpdater] INFO  impl.StateMachineUpdater (StateMachineUpdater.java:takeSnapshot(303)) - 22ff29b6-698b-46d6-babb-0a5352f8b68f@group-312CCC1152ED-StateMachineUpdater: Took a snapshot at index 7
2024-10-28 08:10:42,529 [22ff29b6-698b-46d6-babb-0a5352f8b68f@group-312CCC1152ED-StateMachineUpdater] INFO  impl.StateMachineUpdater (StateMachineUpdater.java:lambda$new$0(102)) - 22ff29b6-698b-46d6-babb-0a5352f8b68f@group-312CCC1152ED-StateMachineUpdater: snapshotIndex: updateIncreasingly 2 -> 7
2024-10-28 08:10:42,535 [c77964d9-ca67-4df9-b70f-2db5af48a5e3@group-312CCC1152ED-SegmentedRaftLogWorker] INFO  segmented.SegmentedRaftLogWorker (SegmentedRaftLogWorker.java:execute(641)) - c77964d9-ca67-4df9-b70f-2db5af48a5e3@group-312CCC1152ED-SegmentedRaftLogWorker: created new log segment /home/runner/work/ozone/ozone/hadoop-ozone/integration-test/target/test-dir/MiniOzoneClusterImpl-0da7ab08-e378-40bf-aed1-312ccc1152ed/scmNode-3/scm-ha/0da7ab08-e378-40bf-aed1-312ccc1152ed/current/log_inprogress_7
2024-10-28 08:10:42,536 [41ad025f-af8e-4c4e-9124-a1617073bc42@group-312CCC1152ED-StateMachineUpdater] INFO  ha.SCMStateMachine (SCMStateMachine.java:takeSnapshot(335)) - Current Snapshot Index 10, takeSnapshot took 0 ms
2024-10-28 08:10:42,536 [41ad025f-af8e-4c4e-9124-a1617073bc42@group-312CCC1152ED-StateMachineUpdater] INFO  impl.StateMachineUpdater (StateMachineUpdater.java:takeSnapshot(303)) - 41ad025f-af8e-4c4e-9124-a1617073bc42@group-312CCC1152ED-StateMachineUpdater: Took a snapshot at index 10
2024-10-28 08:10:42,536 [41ad025f-af8e-4c4e-9124-a1617073bc42@group-312CCC1152ED-StateMachineUpdater] INFO  impl.StateMachineUpdater (StateMachineUpdater.java:lambda$new$0(102)) - 41ad025f-af8e-4c4e-9124-a1617073bc42@group-312CCC1152ED-StateMachineUpdater: snapshotIndex: updateIncreasingly 5 -> 10
2024-10-28 08:10:42,538 [c77964d9-ca67-4df9-b70f-2db5af48a5e3@group-312CCC1152ED-StateMachineUpdater] INFO  safemode.HealthyPipelineSafeModeRule (HealthyPipelineSafeModeRule.java:initializeRule(172)) - Refreshed total pipeline count is 0, healthy pipeline threshold count is 1
2024-10-28 08:10:42,538 [c77964d9-ca67-4df9-b70f-2db5af48a5e3@group-312CCC1152ED-StateMachineUpdater] INFO  safemode.ContainerSafeModeRule (ContainerSafeModeRule.java:reInitializeRule(191)) - Refreshed one replica container threshold 0, currentThreshold 0
2024-10-28 08:10:42,538 [c77964d9-ca67-4df9-b70f-2db5af48a5e3@group-312CCC1152ED-StateMachineUpdater] INFO  safemode.OneReplicaPipelineSafeModeRule (OneReplicaPipelineSafeModeRule.java:initializeRule(189)) - Refreshed Total pipeline count is 0, pipeline's with at least one datanode reported threshold count is 0
2024-10-28 08:10:42,538 [c77964d9-ca67-4df9-b70f-2db5af48a5e3@group-312CCC1152ED-StateMachineUpdater] INFO  server.SCMDatanodeProtocolServer (SCMDatanodeProtocolServer.java:start(199)) - ScmDatanodeProtocol RPC server for DataNodes is listening at /0.0.0.0:15095
2024-10-28 08:10:42,540 [main] INFO  server.SCMClientProtocolServer (SCMClientProtocolServer.java:start(215)) - RPC server for Client  is listening at /0.0.0.0:15096
2024-10-28 08:10:42,552 [IPC Server Responder] INFO  ipc.Server (Server.java:run(1562)) - IPC Server Responder: starting
2024-10-28 08:10:42,553 [IPC Server listener on 15095] INFO  ipc.Server (Server.java:run(1402)) - IPC Server listener on 15095: starting
2024-10-28 08:10:42,554 [IPC Server Responder] INFO  ipc.Server (Server.java:run(1562)) - IPC Server Responder: starting
2024-10-28 08:10:42,554 [IPC Server listener on 15096] INFO  ipc.Server (Server.java:run(1402)) - IPC Server listener on 15096: starting
2024-10-28 08:10:42,570 [main] INFO  server.StorageContainerManager (StorageContainerManager.java:start(1559)) - ScmBlockLocationProtocol RPC server is listening at /0.0.0.0:15098
2024-10-28 08:10:42,570 [main] INFO  server.SCMBlockProtocolServer (SCMBlockProtocolServer.java:start(172)) - RPC server for Block Protocol is listening at /0.0.0.0:15098
2024-10-28 08:10:42,574 [IPC Server Responder] INFO  ipc.Server (Server.java:run(1562)) - IPC Server Responder: starting
2024-10-28 08:10:42,576 [IPC Server listener on 15098] INFO  ipc.Server (Server.java:run(1402)) - IPC Server listener on 15098: starting
2024-10-28 08:10:42,597 [main] INFO  http.BaseHttpServer (BaseHttpServer.java:newHttpServer2BuilderForOzone(223)) - Starting Web-server for scm at: http://0.0.0.0:15091
2024-10-28 08:10:42,598 [main] INFO  http.BaseHttpServer (BaseHttpServer.java:<init>(110)) - Hadoop Security Enabled: false Ozone Security Enabled: false Ozone HTTP Security Enabled: false 
2024-10-28 08:10:42,599 [main] WARN  server.AuthenticationFilter (AuthenticationFilter.java:constructSecretProvider(240)) - Unable to initialize FileSignerSecretProvider, falling back to use random secrets. Reason: Could not read signature secret file: /home/runner/hadoop-http-auth-signature-secret
2024-10-28 08:10:42,604 [main] INFO  http.HttpRequestLog (HttpRequestLog.java:getRequestLog(86)) - Http request log for http.requests.scm is not defined
2024-10-28 08:10:42,605 [main] INFO  http.HttpServer2 (HttpServer2.java:addGlobalFilter(1035)) - Added global filter 'safety' (class=org.apache.hadoop.hdds.server.http.HttpServer2$QuotingInputFilter)
2024-10-28 08:10:42,606 [main] INFO  http.HttpServer2 (HttpServer2.java:addFilter(1011)) - Added filter static_user_filter (class=org.apache.hadoop.http.lib.StaticUserWebFilter$StaticUserFilter) to context scm
2024-10-28 08:10:42,606 [main] INFO  http.HttpServer2 (HttpServer2.java:addFilter(1019)) - Added filter static_user_filter (class=org.apache.hadoop.http.lib.StaticUserWebFilter$StaticUserFilter) to context logs
2024-10-28 08:10:42,606 [main] INFO  http.HttpServer2 (HttpServer2.java:addFilter(1019)) - Added filter static_user_filter (class=org.apache.hadoop.http.lib.StaticUserWebFilter$StaticUserFilter) to context static
2024-10-28 08:10:42,607 [main] INFO  http.BaseHttpServer (BaseHttpServer.java:<init>(189)) - HTTP server of scm uses base directory /home/runner/work/ozone/ozone/hadoop-ozone/integration-test/target/test-dir/MiniOzoneClusterImpl-0da7ab08-e378-40bf-aed1-312ccc1152ed/scmNode-3/webserver
2024-10-28 08:10:42,607 [main] INFO  http.HttpServer2 (HttpServer2.java:bindListener(1235)) - Jetty bound to port 15091
2024-10-28 08:10:42,607 [main] INFO  server.Server (Server.java:doStart(375)) - jetty-9.4.56.v20240826; built: 2024-08-26T17:15:05.868Z; git: ec6782ff5ead824dabdcf47fa98f90a4aedff401; jvm 17.0.12+7
2024-10-28 08:10:42,608 [main] INFO  server.session (DefaultSessionIdManager.java:doStart(334)) - DefaultSessionIdManager workerName=node0
2024-10-28 08:10:42,608 [main] INFO  server.session (DefaultSessionIdManager.java:doStart(339)) - No SessionScavenger set, using defaults
2024-10-28 08:10:42,608 [main] INFO  server.session (HouseKeeper.java:startScavenging(132)) - node0 Scavenging every 660000ms
2024-10-28 08:10:42,609 [main] INFO  handler.ContextHandler (ContextHandler.java:doStart(921)) - Started o.e.j.s.ServletContextHandler@4e2d1a0f{logs,/logs,file:///home/runner/work/ozone/ozone/hadoop-ozone/integration-test/target/log,AVAILABLE}
2024-10-28 08:10:42,610 [main] INFO  handler.ContextHandler (ContextHandler.java:doStart(921)) - Started o.e.j.s.ServletContextHandler@1138b3b0{static,/static,file:///home/runner/work/ozone/ozone/hadoop-ozone/integration-test/target/test-classes/webapps/static,AVAILABLE}
2024-10-28 08:10:42,613 [main] INFO  handler.ContextHandler (ContextHandler.java:doStart(921)) - Started o.e.j.w.WebAppContext@5973a046{scm,/,file:///home/runner/work/ozone/ozone/hadoop-ozone/integration-test/target/test-classes/webapps/scm/,AVAILABLE}{file:/home/runner/work/ozone/ozone/hadoop-ozone/integration-test/target/test-classes/webapps/scm}
2024-10-28 08:10:42,614 [main] INFO  server.AbstractConnector (AbstractConnector.java:doStart(333)) - Started ServerConnector@162fc7cd{HTTP/1.1, (http/1.1)}{0.0.0.0:15091}
2024-10-28 08:10:42,614 [main] INFO  server.Server (Server.java:doStart(415)) - Started @175411ms
2024-10-28 08:10:42,614 [main] WARN  impl.MetricsSystemImpl (MetricsSystemImpl.java:register(279)) - Sink prometheus already exists!
2024-10-28 08:10:42,615 [main] INFO  http.BaseHttpServer (BaseHttpServer.java:updateConnectorAddress(354)) - HTTP server of scm listening at http://0.0.0.0:15091
2024-10-28 08:10:42,615 [main] INFO  ozone.MiniOzoneHAClusterImpl (MiniOzoneHAClusterImpl.java:createSCMService(590)) - Started SCM RPC server at /0.0.0.0:15096
2024-10-28 08:10:42,615 [main] INFO  ha.OMHANodeDetails (OMHANodeDetails.java:loadOMHAConfig(121)) - ServiceID for OzoneManager is om-service-test1
2024-10-28 08:10:42,616 [main] INFO  ha.OMHANodeDetails (OMHANodeDetails.java:loadOMHAConfig(201)) - Found matching OM address with OMServiceId: om-service-test1, OMNodeId: omNode-1, RPC Address: localhost:15111 and Ratis port: 15114
2024-10-28 08:10:42,616 [main] INFO  ha.OMHANodeDetails (ConfUtils.java:setNodeSpecificConfigs(97)) - Setting configuration key ozone.om.http-address with value of key ozone.om.http-address.om-service-test1.omNode-1: 127.0.0.1:15112
2024-10-28 08:10:42,616 [main] INFO  ha.OMHANodeDetails (ConfUtils.java:setNodeSpecificConfigs(97)) - Setting configuration key ozone.om.https-address with value of key ozone.om.https-address.om-service-test1.omNode-1: 127.0.0.1:15113
2024-10-28 08:10:42,616 [main] INFO  ha.OMHANodeDetails (ConfUtils.java:setNodeSpecificConfigs(97)) - Setting configuration key ozone.om.address with value of key ozone.om.address.om-service-test1.omNode-1: 127.0.0.1:15111
2024-10-28 08:10:42,616 [main] WARN  server.ServerUtils (ServerUtils.java:getDBPath(299)) - ozone.om.db.dirs is not configured. We recommend adding this setting. Falling back to ozone.metadata.dirs instead.
2024-10-28 08:10:42,617 [main] INFO  ha.SCMNodeInfo (SCMNodeInfo.java:getPort(196)) - ConfigKey ozone.scm.client.address is deprecated, For configuring different ports for each SCM use PortConfigKey ozone.scm.client.port appended with serviceId and nodeId
2024-10-28 08:10:42,617 [main] INFO  ha.SCMNodeInfo (SCMNodeInfo.java:getPort(196)) - ConfigKey ozone.scm.block.client.address is deprecated, For configuring different ports for each SCM use PortConfigKey ozone.scm.block.client.port appended with serviceId and nodeId
2024-10-28 08:10:42,617 [main] INFO  ha.SCMNodeInfo (SCMNodeInfo.java:getPort(196)) - ConfigKey ozone.scm.security.service.address is deprecated, For configuring different ports for each SCM use PortConfigKey ozone.scm.security.service.port appended with serviceId and nodeId
2024-10-28 08:10:42,617 [main] INFO  ha.SCMNodeInfo (SCMNodeInfo.java:getPort(196)) - ConfigKey ozone.scm.datanode.address is deprecated, For configuring different ports for each SCM use PortConfigKey ozone.scm.datanode.port appended with serviceId and nodeId
2024-10-28 08:10:42,617 [main] INFO  ha.SCMNodeInfo (SCMNodeInfo.java:getPort(196)) - ConfigKey ozone.scm.client.address is deprecated, For configuring different ports for each SCM use PortConfigKey ozone.scm.client.port appended with serviceId and nodeId
2024-10-28 08:10:42,617 [main] INFO  ha.SCMNodeInfo (SCMNodeInfo.java:getPort(196)) - ConfigKey ozone.scm.block.client.address is deprecated, For configuring different ports for each SCM use PortConfigKey ozone.scm.block.client.port appended with serviceId and nodeId
2024-10-28 08:10:42,617 [main] INFO  ha.SCMNodeInfo (SCMNodeInfo.java:getPort(196)) - ConfigKey ozone.scm.security.service.address is deprecated, For configuring different ports for each SCM use PortConfigKey ozone.scm.security.service.port appended with serviceId and nodeId
2024-10-28 08:10:42,617 [main] INFO  ha.SCMNodeInfo (SCMNodeInfo.java:getPort(196)) - ConfigKey ozone.scm.datanode.address is deprecated, For configuring different ports for each SCM use PortConfigKey ozone.scm.datanode.port appended with serviceId and nodeId
2024-10-28 08:10:42,617 [main] INFO  ha.SCMNodeInfo (SCMNodeInfo.java:getPort(196)) - ConfigKey ozone.scm.client.address is deprecated, For configuring different ports for each SCM use PortConfigKey ozone.scm.client.port appended with serviceId and nodeId
2024-10-28 08:10:42,617 [main] INFO  ha.SCMNodeInfo (SCMNodeInfo.java:getPort(196)) - ConfigKey ozone.scm.block.client.address is deprecated, For configuring different ports for each SCM use PortConfigKey ozone.scm.block.client.port appended with serviceId and nodeId
2024-10-28 08:10:42,617 [main] INFO  ha.SCMNodeInfo (SCMNodeInfo.java:getPort(196)) - ConfigKey ozone.scm.security.service.address is deprecated, For configuring different ports for each SCM use PortConfigKey ozone.scm.security.service.port appended with serviceId and nodeId
2024-10-28 08:10:42,617 [main] INFO  ha.SCMNodeInfo (SCMNodeInfo.java:getPort(196)) - ConfigKey ozone.scm.datanode.address is deprecated, For configuring different ports for each SCM use PortConfigKey ozone.scm.datanode.port appended with serviceId and nodeId
2024-10-28 08:10:42,618 [main] INFO  proxy.SCMBlockLocationFailoverProxyProvider (SCMBlockLocationFailoverProxyProvider.java:<init>(115)) - Created block location fail-over proxy with 3 nodes: [nodeId=scmNode-2,nodeAddress=/127.0.0.1:15090, nodeId=scmNode-3,nodeAddress=/127.0.0.1:15098, nodeId=scmNode-1,nodeAddress=/127.0.0.1:15082]
OM initialization succeeded.Current cluster id for sd=/home/runner/work/ozone/ozone/hadoop-ozone/integration-test/target/test-dir/MiniOzoneClusterImpl-0da7ab08-e378-40bf-aed1-312ccc1152ed/omNode-1/om;cid=0da7ab08-e378-40bf-aed1-312ccc1152ed;layoutVersion=7
2024-10-28 08:10:42,622 [main] INFO  ha.OMHANodeDetails (OMHANodeDetails.java:loadOMHAConfig(121)) - ServiceID for OzoneManager is om-service-test1
2024-10-28 08:10:42,622 [main] INFO  ha.OMHANodeDetails (OMHANodeDetails.java:loadOMHAConfig(201)) - Found matching OM address with OMServiceId: om-service-test1, OMNodeId: omNode-1, RPC Address: localhost:15111 and Ratis port: 15114
2024-10-28 08:10:42,622 [main] INFO  ha.OMHANodeDetails (ConfUtils.java:setNodeSpecificConfigs(97)) - Setting configuration key ozone.om.http-address with value of key ozone.om.http-address.om-service-test1.omNode-1: 127.0.0.1:15112
2024-10-28 08:10:42,622 [main] INFO  ha.OMHANodeDetails (ConfUtils.java:setNodeSpecificConfigs(97)) - Setting configuration key ozone.om.https-address with value of key ozone.om.https-address.om-service-test1.omNode-1: 127.0.0.1:15113
2024-10-28 08:10:42,622 [main] INFO  ha.OMHANodeDetails (ConfUtils.java:setNodeSpecificConfigs(97)) - Setting configuration key ozone.om.address with value of key ozone.om.address.om-service-test1.omNode-1: 127.0.0.1:15111
2024-10-28 08:10:42,622 [main] WARN  server.ServerUtils (ServerUtils.java:getDBPath(299)) - ozone.om.db.dirs is not configured. We recommend adding this setting. Falling back to ozone.metadata.dirs instead.
2024-10-28 08:10:42,623 [main] INFO  upgrade.AbstractLayoutVersionManager (AbstractLayoutVersionManager.java:init(83)) - Initializing Layout version manager with metadata layout = HBASE_SUPPORT (version = 7), software layout = HBASE_SUPPORT (version = 7)
2024-10-28 08:10:42,669 [main] INFO  reflections.Reflections (Reflections.java:scan(219)) - Reflections took 45 ms to scan 2 urls, producing 190 keys and 567 values
2024-10-28 08:10:42,670 [main] INFO  upgrade.OMLayoutVersionManager (OMLayoutVersionManager.java:lambda$0(113)) - Skipping Upgrade Action QuotaRepairUpgradeAction since it has been finalized.
2024-10-28 08:10:42,670 [main] INFO  upgrade.OMLayoutVersionManager (OMLayoutVersionManager.java:lambda$0(113)) - Skipping Upgrade Action MockOmUpgradeAction since it has been finalized.
2024-10-28 08:10:42,670 [main] WARN  server.ServerUtils (ServerUtils.java:getDBPath(299)) - ozone.om.db.dirs is not configured. We recommend adding this setting. Falling back to ozone.metadata.dirs instead.
2024-10-28 08:10:42,670 [main] INFO  ha.SCMNodeInfo (SCMNodeInfo.java:getPort(196)) - ConfigKey ozone.scm.client.address is deprecated, For configuring different ports for each SCM use PortConfigKey ozone.scm.client.port appended with serviceId and nodeId
2024-10-28 08:10:42,671 [main] INFO  ha.SCMNodeInfo (SCMNodeInfo.java:getPort(196)) - ConfigKey ozone.scm.block.client.address is deprecated, For configuring different ports for each SCM use PortConfigKey ozone.scm.block.client.port appended with serviceId and nodeId
2024-10-28 08:10:42,671 [main] INFO  ha.SCMNodeInfo (SCMNodeInfo.java:getPort(196)) - ConfigKey ozone.scm.security.service.address is deprecated, For configuring different ports for each SCM use PortConfigKey ozone.scm.security.service.port appended with serviceId and nodeId
2024-10-28 08:10:42,671 [main] INFO  ha.SCMNodeInfo (SCMNodeInfo.java:getPort(196)) - ConfigKey ozone.scm.datanode.address is deprecated, For configuring different ports for each SCM use PortConfigKey ozone.scm.datanode.port appended with serviceId and nodeId
2024-10-28 08:10:42,671 [main] INFO  ha.SCMNodeInfo (SCMNodeInfo.java:getPort(196)) - ConfigKey ozone.scm.client.address is deprecated, For configuring different ports for each SCM use PortConfigKey ozone.scm.client.port appended with serviceId and nodeId
2024-10-28 08:10:42,671 [main] INFO  ha.SCMNodeInfo (SCMNodeInfo.java:getPort(196)) - ConfigKey ozone.scm.block.client.address is deprecated, For configuring different ports for each SCM use PortConfigKey ozone.scm.block.client.port appended with serviceId and nodeId
2024-10-28 08:10:42,671 [main] INFO  ha.SCMNodeInfo (SCMNodeInfo.java:getPort(196)) - ConfigKey ozone.scm.security.service.address is deprecated, For configuring different ports for each SCM use PortConfigKey ozone.scm.security.service.port appended with serviceId and nodeId
2024-10-28 08:10:42,671 [main] INFO  ha.SCMNodeInfo (SCMNodeInfo.java:getPort(196)) - ConfigKey ozone.scm.datanode.address is deprecated, For configuring different ports for each SCM use PortConfigKey ozone.scm.datanode.port appended with serviceId and nodeId
2024-10-28 08:10:42,671 [main] INFO  ha.SCMNodeInfo (SCMNodeInfo.java:getPort(196)) - ConfigKey ozone.scm.client.address is deprecated, For configuring different ports for each SCM use PortConfigKey ozone.scm.client.port appended with serviceId and nodeId
2024-10-28 08:10:42,671 [main] INFO  ha.SCMNodeInfo (SCMNodeInfo.java:getPort(196)) - ConfigKey ozone.scm.block.client.address is deprecated, For configuring different ports for each SCM use PortConfigKey ozone.scm.block.client.port appended with serviceId and nodeId
2024-10-28 08:10:42,671 [main] INFO  ha.SCMNodeInfo (SCMNodeInfo.java:getPort(196)) - ConfigKey ozone.scm.security.service.address is deprecated, For configuring different ports for each SCM use PortConfigKey ozone.scm.security.service.port appended with serviceId and nodeId
2024-10-28 08:10:42,671 [main] INFO  ha.SCMNodeInfo (SCMNodeInfo.java:getPort(196)) - ConfigKey ozone.scm.datanode.address is deprecated, For configuring different ports for each SCM use PortConfigKey ozone.scm.datanode.port appended with serviceId and nodeId
2024-10-28 08:10:42,672 [main] INFO  ha.SCMNodeInfo (SCMNodeInfo.java:getPort(196)) - ConfigKey ozone.scm.client.address is deprecated, For configuring different ports for each SCM use PortConfigKey ozone.scm.client.port appended with serviceId and nodeId
2024-10-28 08:10:42,672 [main] INFO  ha.SCMNodeInfo (SCMNodeInfo.java:getPort(196)) - ConfigKey ozone.scm.block.client.address is deprecated, For configuring different ports for each SCM use PortConfigKey ozone.scm.block.client.port appended with serviceId and nodeId
2024-10-28 08:10:42,672 [main] INFO  ha.SCMNodeInfo (SCMNodeInfo.java:getPort(196)) - ConfigKey ozone.scm.security.service.address is deprecated, For configuring different ports for each SCM use PortConfigKey ozone.scm.security.service.port appended with serviceId and nodeId
2024-10-28 08:10:42,672 [main] INFO  ha.SCMNodeInfo (SCMNodeInfo.java:getPort(196)) - ConfigKey ozone.scm.datanode.address is deprecated, For configuring different ports for each SCM use PortConfigKey ozone.scm.datanode.port appended with serviceId and nodeId
2024-10-28 08:10:42,672 [main] INFO  ha.SCMNodeInfo (SCMNodeInfo.java:getPort(196)) - ConfigKey ozone.scm.client.address is deprecated, For configuring different ports for each SCM use PortConfigKey ozone.scm.client.port appended with serviceId and nodeId
2024-10-28 08:10:42,672 [main] INFO  ha.SCMNodeInfo (SCMNodeInfo.java:getPort(196)) - ConfigKey ozone.scm.block.client.address is deprecated, For configuring different ports for each SCM use PortConfigKey ozone.scm.block.client.port appended with serviceId and nodeId
2024-10-28 08:10:42,672 [main] INFO  ha.SCMNodeInfo (SCMNodeInfo.java:getPort(196)) - ConfigKey ozone.scm.security.service.address is deprecated, For configuring different ports for each SCM use PortConfigKey ozone.scm.security.service.port appended with serviceId and nodeId
2024-10-28 08:10:42,672 [main] INFO  ha.SCMNodeInfo (SCMNodeInfo.java:getPort(196)) - ConfigKey ozone.scm.datanode.address is deprecated, For configuring different ports for each SCM use PortConfigKey ozone.scm.datanode.port appended with serviceId and nodeId
2024-10-28 08:10:42,672 [main] INFO  ha.SCMNodeInfo (SCMNodeInfo.java:getPort(196)) - ConfigKey ozone.scm.client.address is deprecated, For configuring different ports for each SCM use PortConfigKey ozone.scm.client.port appended with serviceId and nodeId
2024-10-28 08:10:42,673 [main] INFO  ha.SCMNodeInfo (SCMNodeInfo.java:getPort(196)) - ConfigKey ozone.scm.block.client.address is deprecated, For configuring different ports for each SCM use PortConfigKey ozone.scm.block.client.port appended with serviceId and nodeId
2024-10-28 08:10:42,673 [main] INFO  ha.SCMNodeInfo (SCMNodeInfo.java:getPort(196)) - ConfigKey ozone.scm.security.service.address is deprecated, For configuring different ports for each SCM use PortConfigKey ozone.scm.security.service.port appended with serviceId and nodeId
2024-10-28 08:10:42,673 [main] INFO  ha.SCMNodeInfo (SCMNodeInfo.java:getPort(196)) - ConfigKey ozone.scm.datanode.address is deprecated, For configuring different ports for each SCM use PortConfigKey ozone.scm.datanode.port appended with serviceId and nodeId
2024-10-28 08:10:42,673 [main] INFO  proxy.SCMBlockLocationFailoverProxyProvider (SCMBlockLocationFailoverProxyProvider.java:<init>(115)) - Created block location fail-over proxy with 3 nodes: [nodeId=scmNode-2,nodeAddress=/127.0.0.1:15090, nodeId=scmNode-3,nodeAddress=/127.0.0.1:15098, nodeId=scmNode-1,nodeAddress=/127.0.0.1:15082]
2024-10-28 08:10:42,674 [main] INFO  ha.SCMNodeInfo (SCMNodeInfo.java:getPort(196)) - ConfigKey ozone.scm.client.address is deprecated, For configuring different ports for each SCM use PortConfigKey ozone.scm.client.port appended with serviceId and nodeId
2024-10-28 08:10:42,674 [main] INFO  ha.SCMNodeInfo (SCMNodeInfo.java:getPort(196)) - ConfigKey ozone.scm.block.client.address is deprecated, For configuring different ports for each SCM use PortConfigKey ozone.scm.block.client.port appended with serviceId and nodeId
2024-10-28 08:10:42,674 [main] INFO  ha.SCMNodeInfo (SCMNodeInfo.java:getPort(196)) - ConfigKey ozone.scm.security.service.address is deprecated, For configuring different ports for each SCM use PortConfigKey ozone.scm.security.service.port appended with serviceId and nodeId
2024-10-28 08:10:42,674 [main] INFO  ha.SCMNodeInfo (SCMNodeInfo.java:getPort(196)) - ConfigKey ozone.scm.datanode.address is deprecated, For configuring different ports for each SCM use PortConfigKey ozone.scm.datanode.port appended with serviceId and nodeId
2024-10-28 08:10:42,675 [main] INFO  ha.SCMNodeInfo (SCMNodeInfo.java:getPort(196)) - ConfigKey ozone.scm.client.address is deprecated, For configuring different ports for each SCM use PortConfigKey ozone.scm.client.port appended with serviceId and nodeId
2024-10-28 08:10:42,675 [main] INFO  ha.SCMNodeInfo (SCMNodeInfo.java:getPort(196)) - ConfigKey ozone.scm.block.client.address is deprecated, For configuring different ports for each SCM use PortConfigKey ozone.scm.block.client.port appended with serviceId and nodeId
2024-10-28 08:10:42,675 [main] INFO  ha.SCMNodeInfo (SCMNodeInfo.java:getPort(196)) - ConfigKey ozone.scm.security.service.address is deprecated, For configuring different ports for each SCM use PortConfigKey ozone.scm.security.service.port appended with serviceId and nodeId
2024-10-28 08:10:42,675 [main] INFO  ha.SCMNodeInfo (SCMNodeInfo.java:getPort(196)) - ConfigKey ozone.scm.datanode.address is deprecated, For configuring different ports for each SCM use PortConfigKey ozone.scm.datanode.port appended with serviceId and nodeId
2024-10-28 08:10:42,675 [main] INFO  ha.SCMNodeInfo (SCMNodeInfo.java:getPort(196)) - ConfigKey ozone.scm.client.address is deprecated, For configuring different ports for each SCM use PortConfigKey ozone.scm.client.port appended with serviceId and nodeId
2024-10-28 08:10:42,675 [main] INFO  ha.SCMNodeInfo (SCMNodeInfo.java:getPort(196)) - ConfigKey ozone.scm.block.client.address is deprecated, For configuring different ports for each SCM use PortConfigKey ozone.scm.block.client.port appended with serviceId and nodeId
2024-10-28 08:10:42,675 [main] INFO  ha.SCMNodeInfo (SCMNodeInfo.java:getPort(196)) - ConfigKey ozone.scm.security.service.address is deprecated, For configuring different ports for each SCM use PortConfigKey ozone.scm.security.service.port appended with serviceId and nodeId
2024-10-28 08:10:42,675 [main] INFO  ha.SCMNodeInfo (SCMNodeInfo.java:getPort(196)) - ConfigKey ozone.scm.datanode.address is deprecated, For configuring different ports for each SCM use PortConfigKey ozone.scm.datanode.port appended with serviceId and nodeId
2024-10-28 08:10:42,675 [main] INFO  proxy.SCMBlockLocationFailoverProxyProvider (SCMBlockLocationFailoverProxyProvider.java:<init>(115)) - Created block location fail-over proxy with 3 nodes: [nodeId=scmNode-2,nodeAddress=/127.0.0.1:15090, nodeId=scmNode-3,nodeAddress=/127.0.0.1:15098, nodeId=scmNode-1,nodeAddress=/127.0.0.1:15082]
2024-10-28 08:10:42,681 [main] INFO  om.OzoneManager (OzoneManager.java:<init>(693)) - OM start with adminUsers: [runner]
2024-10-28 08:10:42,682 [main] WARN  server.ServerUtils (ServerUtils.java:getDBPath(299)) - ozone.om.db.dirs is not configured. We recommend adding this setting. Falling back to ozone.metadata.dirs instead.
2024-10-28 08:10:42,683 [main] INFO  helpers.OmKeyInfo (OmKeyInfo.java:getCodec(73)) - OmKeyInfo.getCodec ignorePipeline = true
2024-10-28 08:10:42,858 [main] INFO  om.OzoneManager (OzoneManager.java:instantiateServices(824)) - S3 Multi-Tenancy is disabled
2024-10-28 08:10:42,859 [main] INFO  om.OmSnapshotManager (OmSnapshotManager.java:<init>(182)) - Ozone filesystem snapshot feature is enabled.
2024-10-28 08:10:42,859 [main] WARN  server.ServerUtils (ServerUtils.java:getDBPath(299)) - ozone.om.snapshot.diff.db.dir is not configured. We recommend adding this setting. Falling back to ozone.metadata.dirs instead.
2024-10-28 08:10:42,877 [main] INFO  utils.NativeLibraryLoader (NativeLibraryLoader.java:loadLibrary(120)) - Loading Library: ozone_rocksdb_tools
2024-10-28 08:10:42,877 [main] WARN  snapshot.SnapshotDiffManager (SnapshotDiffManager.java:initNativeLibraryForEfficientDiff(287)) - Native Library for raw sst file reading loading failed. Fallback to performing a full diff instead. Unable to load library ozone_rocksdb_tools from both java.library.path & resource file libozone_rocksdb_tools.so from jar.
2024-10-28 08:10:42,879 [main] INFO  om.OzoneManager (OzoneManager.java:addS3GVolumeToDB(4560)) - Created Volume s3v With Owner runner required for S3Gateway operations.
2024-10-28 08:10:42,879 [main] WARN  server.ServerUtils (ServerUtils.java:getDefaultRatisDirectory(311)) - Storage directory for Ratis is not configured. It is a good idea to map this to an SSD disk. Falling back to ozone.metadata.dirs
2024-10-28 08:10:42,880 [main] WARN  utils.OzoneManagerRatisUtils (OzoneManagerRatisUtils.java:getOMRatisSnapshotDirectory(483)) - ozone.om.ratis.snapshot.dir is not configured. Falling back to ozone.metadata.dirs config
2024-10-28 08:10:42,880 [main] INFO  utils.RDBSnapshotProvider (RDBSnapshotProvider.java:init(87)) - Cleaning up the candidate dir: /home/runner/work/ozone/ozone/hadoop-ozone/integration-test/target/test-dir/MiniOzoneClusterImpl-0da7ab08-e378-40bf-aed1-312ccc1152ed/omNode-1/snapshot/om.db.candidate
2024-10-28 08:10:42,880 [main] INFO  ratis_snapshot.OmRatisSnapshotProvider (OmRatisSnapshotProvider.java:<init>(99)) - Initializing OM Snapshot Provider
2024-10-28 08:10:42,881 [main] WARN  dropwizard3.Dm3MetricRegistriesImpl (Dm3MetricRegistriesImpl.java:addReporterRegistration(114)) - New reporters are added after registries were created. Some metrics will be missing from the reporter. Please add reporter before adding any new registry.
2024-10-28 08:10:42,881 [main] WARN  dropwizard3.Dm3MetricRegistriesImpl (Dm3MetricRegistriesImpl.java:addReporterRegistration(114)) - New reporters are added after registries were created. Some metrics will be missing from the reporter. Please add reporter before adding any new registry.
2024-10-28 08:10:42,882 [main] WARN  server.ServerUtils (ServerUtils.java:getDefaultRatisDirectory(311)) - Storage directory for Ratis is not configured. It is a good idea to map this to an SSD disk. Falling back to ozone.metadata.dirs
2024-10-28 08:10:42,882 [main] INFO  server.RaftServerConfigKeys (ConfUtils.java:logGet(46)) - raft.server.log.appender.buffer.byte-limit = 4194304 (custom)
2024-10-28 08:10:42,883 [main] INFO  ratis.OzoneManagerRatisServer (OzoneManagerRatisServer.java:<init>(169)) - Instantiating OM Ratis server with groupID: om-service-test1 and peers: localhost:15114, localhost:15122, localhost:15118
2024-10-28 08:10:42,883 [main] INFO  ratis.OzoneManagerStateMachine (OzoneManagerStateMachine.java:loadSnapshotInfoFromDB(601)) - TransactionInfo not found in OM DB.
2024-10-28 08:10:42,884 [main] INFO  server.RaftServer (ConfUtils.java:logGet(46)) - raft.rpc.type = GRPC (default)
2024-10-28 08:10:42,884 [main] INFO  grpc.GrpcConfigKeys (ConfUtils.java:logFallback(53)) - raft.grpc.admin.host = null (fallback to raft.grpc.server.host)
2024-10-28 08:10:42,884 [main] INFO  grpc.GrpcConfigKeys (ConfUtils.java:logFallback(53)) - raft.grpc.admin.port = 15114 (fallback to raft.grpc.server.port)
2024-10-28 08:10:42,884 [main] INFO  grpc.GrpcConfigKeys (ConfUtils.java:logFallback(53)) - raft.grpc.client.host = null (fallback to raft.grpc.server.host)
2024-10-28 08:10:42,884 [main] INFO  grpc.GrpcConfigKeys (ConfUtils.java:logFallback(53)) - raft.grpc.client.port = 15114 (fallback to raft.grpc.server.port)
2024-10-28 08:10:42,884 [main] INFO  grpc.GrpcConfigKeys (ConfUtils.java:logGet(46)) - raft.grpc.server.host = null (default)
2024-10-28 08:10:42,884 [main] INFO  grpc.GrpcConfigKeys (ConfUtils.java:logGet(46)) - raft.grpc.server.port = 15114 (custom)
2024-10-28 08:10:42,885 [main] INFO  server.GrpcService (ConfUtils.java:logGet(46)) - raft.grpc.message.size.max = 5242880 (custom)
2024-10-28 08:10:42,885 [main] INFO  server.GrpcService (ConfUtils.java:logGet(46)) - raft.grpc.flow.control.window = 1MB (=1048576) (default)
2024-10-28 08:10:42,885 [main] INFO  server.RaftServerConfigKeys (ConfUtils.java:logGet(46)) - raft.server.rpc.request.timeout = 3000ms (default)
2024-10-28 08:10:42,885 [main] INFO  grpc.GrpcConfigKeys (ConfUtils.java:logGet(46)) - raft.grpc.server.heartbeat.channel = true (default)
2024-10-28 08:10:42,885 [main] INFO  server.RaftServerConfigKeys (ConfUtils.java:logGet(46)) - raft.server.log.appender.buffer.byte-limit = 4194304 (custom)
2024-10-28 08:10:42,885 [main] INFO  grpc.GrpcConfigKeys (ConfUtils.java:logGet(46)) - raft.grpc.server.async.request.thread.pool.cached = true (default)
2024-10-28 08:10:42,885 [main] INFO  grpc.GrpcConfigKeys (ConfUtils.java:logGet(46)) - raft.grpc.server.async.request.thread.pool.size = 32 (default)
2024-10-28 08:10:42,886 [main] INFO  impl.DataStreamServerImpl (ConfUtils.java:logGet(46)) - raft.datastream.type = DISABLED (default)
2024-10-28 08:10:42,886 [main] INFO  server.RaftServerConfigKeys (ConfUtils.java:logGet(46)) - raft.server.sleep.deviation.threshold = 300ms (default)
2024-10-28 08:10:42,886 [main] INFO  server.RaftServerConfigKeys (ConfUtils.java:logGet(46)) - raft.server.close.threshold = 60s (default)
2024-10-28 08:10:42,886 [main] INFO  server.RaftServerConfigKeys (ConfUtils.java:logGet(46)) - raft.server.leaderelection.leader.step-down.wait-time = 10s (default)
2024-10-28 08:10:42,887 [main] INFO  server.RaftServerConfigKeys (ConfUtils.java:logGet(46)) - raft.server.storage.dir = [/home/runner/work/ozone/ozone/hadoop-ozone/integration-test/target/test-dir/MiniOzoneClusterImpl-0da7ab08-e378-40bf-aed1-312ccc1152ed/omNode-1/ratis] (custom)
2024-10-28 08:10:42,887 [main] INFO  server.RaftServerConfigKeys (ConfUtils.java:logGet(46)) - raft.server.threadpool.proxy.cached = true (default)
2024-10-28 08:10:42,887 [main] INFO  server.RaftServerConfigKeys (ConfUtils.java:logGet(46)) - raft.server.threadpool.proxy.size = 0 (default)
2024-10-28 08:10:42,887 [main] INFO  server.RaftServer (RaftServerProxy.java:addNew(100)) - omNode-1: addNew group-523986131536:[omNode-3|localhost:15122, omNode-1|localhost:15114, omNode-2|localhost:15118] returns group-523986131536:java.util.concurrent.CompletableFuture@52c3818d[Not completed]
2024-10-28 08:10:42,888 [main] INFO  om.OzoneManager (OzoneManager.java:initializeRatisServer(2199)) - OzoneManager Ratis server initialized at port 15114
2024-10-28 08:10:42,888 [main] INFO  om.OzoneManager (OzoneManager.java:getRpcServer(1246)) - Creating RPC Server
2024-10-28 08:10:42,888 [omNode-1-groupManagement] INFO  server.RaftServer$Division (RaftServerImpl.java:<init>(254)) - omNode-1: new RaftServerImpl for group-523986131536:[omNode-3|localhost:15122, omNode-1|localhost:15114, omNode-2|localhost:15118] with OzoneManagerStateMachine:uninitialized
2024-10-28 08:10:42,911 [omNode-1-groupManagement] INFO  server.RaftServerConfigKeys (ConfUtils.java:logGet(46)) - raft.server.rpc.timeout.min = 1s (custom)
2024-10-28 08:10:42,911 [omNode-1-groupManagement] INFO  server.RaftServerConfigKeys (ConfUtils.java:logGet(46)) - raft.server.rpc.timeout.max = 1200ms (custom)
2024-10-28 08:10:42,911 [omNode-1-groupManagement] INFO  server.RaftServerConfigKeys (ConfUtils.java:logGet(46)) - raft.server.rpc.sleep.time = 25ms (default)
2024-10-28 08:10:42,911 [omNode-1-groupManagement] INFO  server.RaftServerConfigKeys (ConfUtils.java:logGet(46)) - raft.server.rpc.slowness.timeout = 2s (custom)
2024-10-28 08:10:42,912 [omNode-1-groupManagement] INFO  server.RaftServerConfigKeys (ConfUtils.java:logGet(46)) - raft.server.leaderelection.leader.step-down.wait-time = 10s (default)
2024-10-28 08:10:42,912 [omNode-1-groupManagement] INFO  server.RaftServerConfigKeys (ConfUtils.java:logGet(46)) - raft.server.leaderelection.member.majority-add = false (default)
2024-10-28 08:10:42,912 [omNode-1-groupManagement] INFO  server.RaftServerConfigKeys (ConfUtils.java:logGet(46)) - raft.server.sleep.deviation.threshold = 300ms (default)
2024-10-28 08:10:42,912 [omNode-1-groupManagement] INFO  server.RaftServer$Division (ServerState.java:<init>(114)) - omNode-1@group-523986131536: ConfigurationManager, init=conf: {index: -1, cur=peers:[omNode-3|localhost:15122, omNode-1|localhost:15114, omNode-2|localhost:15118]|listeners:[], old=null}, confs=<EMPTY_MAP>
2024-10-28 08:10:42,914 [omNode-1-groupManagement] INFO  server.RaftServerConfigKeys (ConfUtils.java:logGet(46)) - raft.server.notification.no-leader.timeout = 2s (custom)
2024-10-28 08:10:42,914 [omNode-1-groupManagement] INFO  server.RaftServerConfigKeys (ConfUtils.java:logGet(46)) - raft.server.read.timeout = 10s (default)
2024-10-28 08:10:42,914 [omNode-1-groupManagement] INFO  server.RaftServerConfigKeys (ConfUtils.java:logGet(46)) - raft.server.retrycache.expirytime = 300s (custom)
2024-10-28 08:10:42,914 [omNode-1-groupManagement] INFO  server.RaftServerConfigKeys (ConfUtils.java:logGet(46)) - raft.server.retrycache.statistics.expirytime = 100ms (default)
2024-10-28 08:10:42,915 [omNode-1-groupManagement] INFO  server.RaftServerConfigKeys (ConfUtils.java:logGet(46)) - raft.server.read.option = DEFAULT (default)
2024-10-28 08:10:42,915 [omNode-1-groupManagement] INFO  server.RaftServerConfigKeys (ConfUtils.java:logGet(46)) - raft.server.read.read-after-write-consistent.write-index-cache.expiry-time = 60s (default)
2024-10-28 08:10:42,922 [omNode-1-groupManagement] INFO  server.RaftServerConfigKeys (ConfUtils.java:logGet(46)) - raft.server.rpc.request.timeout = 3000ms (default)
2024-10-28 08:10:42,922 [omNode-1-groupManagement] INFO  server.RaftServerConfigKeys (ConfUtils.java:logGet(46)) - raft.server.log.appender.install.snapshot.enabled = false (custom)
2024-10-28 08:10:42,922 [omNode-1-groupManagement] INFO  server.RaftServerConfigKeys (ConfUtils.java:logGet(46)) - raft.server.threadpool.server.cached = true (default)
2024-10-28 08:10:42,922 [omNode-1-groupManagement] INFO  server.RaftServerConfigKeys (ConfUtils.java:logGet(46)) - raft.server.threadpool.server.size = 0 (default)
2024-10-28 08:10:42,922 [omNode-1-groupManagement] INFO  server.RaftServerConfigKeys (ConfUtils.java:logGet(46)) - raft.server.threadpool.client.cached = true (default)
2024-10-28 08:10:42,922 [omNode-1-groupManagement] INFO  server.RaftServerConfigKeys (ConfUtils.java:logGet(46)) - raft.server.threadpool.client.size = 0 (default)
2024-10-28 08:10:43,045 [d1f2ec58-f55e-45ab-93c5-34baa5ccb560-EndpointStateMachineTaskThread-/127.0.0.1:15012-0 ] INFO  ipc.Client (Client.java:handleConnectionFailure(950)) - Retrying connect to server: localhost/127.0.0.1:15012. Already tried 2 time(s); retry policy is RetryUpToMaximumCountWithFixedSleep(maxRetries=15, sleepTime=1000 MILLISECONDS)
2024-10-28 08:10:43,045 [d1f2ec58-f55e-45ab-93c5-34baa5ccb560-EndpointStateMachineTaskThread-/127.0.0.1:15020-0 ] INFO  ipc.Client (Client.java:handleConnectionFailure(950)) - Retrying connect to server: localhost/127.0.0.1:15020. Already tried 2 time(s); retry policy is RetryUpToMaximumCountWithFixedSleep(maxRetries=15, sleepTime=1000 MILLISECONDS)
2024-10-28 08:10:43,246 [main] INFO  reflections.Reflections (Reflections.java:scan(219)) - Reflections took 358 ms to scan 20 urls, producing 60 keys and 7263 values
2024-10-28 08:10:43,248 [main] INFO  ipc.CallQueueManager (CallQueueManager.java:<init>(90)) - Using callQueue: class java.util.concurrent.LinkedBlockingQueue, queueCapacity: 2000, scheduler: class org.apache.hadoop.ipc.DefaultRpcScheduler, ipcBackoff: false.
2024-10-28 08:10:43,249 [main] INFO  ipc.Server (Server.java:<init>(1287)) - Listener at 127.0.0.1:15111
2024-10-28 08:10:43,249 [Socket Reader #1 for port 15111] INFO  ipc.Server (Server.java:run(1323)) - Starting Socket Reader #1 for port 15111
2024-10-28 08:10:43,249 [Socket Reader #2 for port 15111] INFO  ipc.Server (Server.java:run(1323)) - Starting Socket Reader #2 for port 15111
2024-10-28 08:10:43,250 [Socket Reader #3 for port 15111] INFO  ipc.Server (Server.java:run(1323)) - Starting Socket Reader #3 for port 15111
2024-10-28 08:10:43,250 [Socket Reader #4 for port 15111] INFO  ipc.Server (Server.java:run(1323)) - Starting Socket Reader #4 for port 15111
2024-10-28 08:10:43,250 [Socket Reader #5 for port 15111] INFO  ipc.Server (Server.java:run(1323)) - Starting Socket Reader #5 for port 15111
2024-10-28 08:10:43,251 [Socket Reader #7 for port 15111] INFO  ipc.Server (Server.java:run(1323)) - Starting Socket Reader #7 for port 15111
2024-10-28 08:10:43,251 [Socket Reader #8 for port 15111] INFO  ipc.Server (Server.java:run(1323)) - Starting Socket Reader #8 for port 15111
2024-10-28 08:10:43,251 [Socket Reader #6 for port 15111] INFO  ipc.Server (Server.java:run(1323)) - Starting Socket Reader #6 for port 15111
2024-10-28 08:10:43,251 [Socket Reader #9 for port 15111] INFO  ipc.Server (Server.java:run(1323)) - Starting Socket Reader #9 for port 15111
2024-10-28 08:10:43,260 [Socket Reader #10 for port 15111] INFO  ipc.Server (Server.java:run(1323)) - Starting Socket Reader #10 for port 15111
2024-10-28 08:10:43,279 [main] INFO  impl.MetricsSystemImpl (MetricsSystemImpl.java:init(158)) - OzoneManager metrics system started (again)
2024-10-28 08:10:43,288 [main] INFO  om.OzoneManager (OzoneManager.java:start(1674)) - OzoneManager RPC server is listening at localhost/127.0.0.1:15111
2024-10-28 08:10:43,289 [main] INFO  ratis.OzoneManagerRatisServer (OzoneManagerRatisServer.java:start(603)) - Starting OzoneManagerRatisServer omNode-1 at port 15114
2024-10-28 08:10:43,289 [omNode-1-impl-thread1] INFO  server.RaftServerConfigKeys (ConfUtils.java:logGet(46)) - raft.server.storage.free-space.min = 0MB (=0) (default)
2024-10-28 08:10:43,289 [omNode-1-impl-thread1] INFO  server.RaftServerConfigKeys (ConfUtils.java:logGet(46)) - raft.server.log.corruption.policy = EXCEPTION (default)
2024-10-28 08:10:43,290 [omNode-1-impl-thread1] INFO  server.RaftServerConfigKeys (ConfUtils.java:logGet(46)) - raft.server.storage.dir = [/home/runner/work/ozone/ozone/hadoop-ozone/integration-test/target/test-dir/MiniOzoneClusterImpl-0da7ab08-e378-40bf-aed1-312ccc1152ed/omNode-1/ratis] (custom)
2024-10-28 08:10:43,290 [omNode-1-impl-thread1] INFO  storage.RaftStorageDirectory (RaftStorageDirectoryImpl.java:analyzeStorage(138)) - The storage directory /home/runner/work/ozone/ozone/hadoop-ozone/integration-test/target/test-dir/MiniOzoneClusterImpl-0da7ab08-e378-40bf-aed1-312ccc1152ed/omNode-1/ratis/c9bc4cf4-3bc3-3c60-a66b-523986131536 does not exist. Creating ...
2024-10-28 08:10:43,291 [omNode-1-impl-thread1] INFO  storage.RaftStorageDirectory (RaftStorageDirectoryImpl.java:tryLock(229)) - Lock on /home/runner/work/ozone/ozone/hadoop-ozone/integration-test/target/test-dir/MiniOzoneClusterImpl-0da7ab08-e378-40bf-aed1-312ccc1152ed/omNode-1/ratis/c9bc4cf4-3bc3-3c60-a66b-523986131536/in_use.lock acquired by nodename 9135@fv-az886-152
2024-10-28 08:10:43,292 [omNode-1-impl-thread1] INFO  storage.RaftStorage (RaftStorageImpl.java:format(98)) - Storage directory /home/runner/work/ozone/ozone/hadoop-ozone/integration-test/target/test-dir/MiniOzoneClusterImpl-0da7ab08-e378-40bf-aed1-312ccc1152ed/omNode-1/ratis/c9bc4cf4-3bc3-3c60-a66b-523986131536 has been successfully formatted.
2024-10-28 08:10:43,292 [omNode-1-impl-thread1] INFO  ratis.OzoneManagerStateMachine (OzoneManagerStateMachine.java:lambda$0(138)) - omNode-1: initialize group-523986131536 with (t:0, i:~)
2024-10-28 08:10:43,292 [omNode-1-impl-thread1] INFO  server.RaftServerConfigKeys (ConfUtils.java:logGet(46)) - raft.server.log.use.memory = false (default)
2024-10-28 08:10:43,293 [omNode-1-impl-thread1] INFO  server.RaftServerConfigKeys (ConfUtils.java:logGet(46)) - raft.server.log.purge.gap = 1000000 (custom)
2024-10-28 08:10:43,293 [omNode-1-impl-thread1] INFO  server.RaftServerConfigKeys (ConfUtils.java:logGet(46)) - raft.server.log.appender.buffer.byte-limit = 4194304 (custom)
2024-10-28 08:10:43,293 [omNode-1-impl-thread1] INFO  server.RaftServerConfigKeys (ConfUtils.java:logGet(46)) - raft.server.log.statemachine.data.read.timeout = 1000ms (default)
2024-10-28 08:10:43,293 [omNode-1-impl-thread1] INFO  server.RaftServerConfigKeys (ConfUtils.java:logGet(46)) - raft.server.log.purge.preservation.log.num = 0 (default)
2024-10-28 08:10:43,294 [omNode-1-impl-thread1] INFO  server.RaftServerConfigKeys (ConfUtils.java:logGet(46)) - raft.server.log.segment.size.max = 4194304 (custom)
2024-10-28 08:10:43,294 [omNode-1-impl-thread1] INFO  server.RaftServerConfigKeys (ConfUtils.java:logGet(46)) - raft.server.log.segment.cache.num.max = 2 (custom)
2024-10-28 08:10:43,294 [omNode-1-impl-thread1] INFO  server.RaftServerConfigKeys (ConfUtils.java:logGet(46)) - raft.server.log.segment.cache.size.max = 200MB (=209715200) (default)
2024-10-28 08:10:43,294 [omNode-1-impl-thread1] INFO  server.RaftServerConfigKeys (ConfUtils.java:logGet(46)) - raft.server.log.appender.buffer.byte-limit = 4194304 (custom)
2024-10-28 08:10:43,295 [omNode-1-impl-thread1] INFO  util.AwaitToRun (AwaitToRun.java:start(81)) - Thread[omNode-1@group-523986131536-cacheEviction-AwaitToRun,5,main] started
2024-10-28 08:10:43,295 [omNode-1-impl-thread1] INFO  segmented.SegmentedRaftLogWorker (SegmentedRaftLogWorker.java:<init>(187)) - new omNode-1@group-523986131536-SegmentedRaftLogWorker for RaftStorageImpl:Storage Directory /home/runner/work/ozone/ozone/hadoop-ozone/integration-test/target/test-dir/MiniOzoneClusterImpl-0da7ab08-e378-40bf-aed1-312ccc1152ed/omNode-1/ratis/c9bc4cf4-3bc3-3c60-a66b-523986131536
2024-10-28 08:10:43,295 [omNode-1-impl-thread1] INFO  server.RaftServerConfigKeys (ConfUtils.java:logGet(46)) - raft.server.log.queue.byte-limit = 64MB (=67108864) (default)
2024-10-28 08:10:43,295 [omNode-1-impl-thread1] INFO  server.RaftServerConfigKeys (ConfUtils.java:logGet(46)) - raft.server.log.queue.element-limit = 4096 (default)
2024-10-28 08:10:43,295 [omNode-1-impl-thread1] INFO  server.RaftServerConfigKeys (ConfUtils.java:logGet(46)) - raft.server.log.segment.size.max = 4194304 (custom)
2024-10-28 08:10:43,295 [omNode-1-impl-thread1] INFO  server.RaftServerConfigKeys (ConfUtils.java:logGet(46)) - raft.server.log.preallocated.size = 4194304 (custom)
2024-10-28 08:10:43,295 [omNode-1-impl-thread1] INFO  server.RaftServerConfigKeys (ConfUtils.java:logGet(46)) - raft.server.log.force.sync.num = 128 (default)
2024-10-28 08:10:43,295 [omNode-1-impl-thread1] INFO  server.RaftServerConfigKeys (ConfUtils.java:logGet(46)) - raft.server.log.statemachine.data.sync = true (default)
2024-10-28 08:10:43,295 [omNode-1-impl-thread1] INFO  server.RaftServerConfigKeys (ConfUtils.java:logGet(46)) - raft.server.log.statemachine.data.sync.timeout = 10s (default)
2024-10-28 08:10:43,295 [omNode-1-impl-thread1] INFO  server.RaftServerConfigKeys (ConfUtils.java:logGet(46)) - raft.server.log.statemachine.data.sync.timeout.retry = -1 (default)
2024-10-28 08:10:43,296 [omNode-1-impl-thread1] INFO  server.RaftServerConfigKeys (ConfUtils.java:logGet(46)) - raft.server.log.write.buffer.size = 4194312 (custom)
2024-10-28 08:10:43,298 [omNode-1-impl-thread1] INFO  server.RaftServerConfigKeys (ConfUtils.java:logGet(46)) - raft.server.log.appender.buffer.byte-limit = 4194304 (custom)
2024-10-28 08:10:43,298 [omNode-1-impl-thread1] INFO  server.RaftServerConfigKeys (ConfUtils.java:logGet(46)) - raft.server.log.unsafe-flush.enabled = false (default)
2024-10-28 08:10:43,298 [omNode-1-impl-thread1] INFO  server.RaftServerConfigKeys (ConfUtils.java:logGet(46)) - raft.server.log.async-flush.enabled = false (default)
2024-10-28 08:10:43,298 [omNode-1-impl-thread1] INFO  server.RaftServerConfigKeys (ConfUtils.java:logGet(46)) - raft.server.log.statemachine.data.caching.enabled = false (default)
2024-10-28 08:10:43,298 [omNode-1-impl-thread1] INFO  segmented.SegmentedRaftLogWorker (SegmentedRaftLogWorker.java:lambda$new$0(138)) - omNode-1@group-523986131536-SegmentedRaftLogWorker: flushIndex: setUnconditionally 0 -> -1
2024-10-28 08:10:43,298 [omNode-1-impl-thread1] INFO  segmented.SegmentedRaftLogWorker (SegmentedRaftLogWorker.java:lambda$new$0(138)) - omNode-1@group-523986131536-SegmentedRaftLogWorker: safeCacheEvictIndex: setUnconditionally 0 -> -1
2024-10-28 08:10:43,298 [omNode-1-impl-thread1] INFO  server.RaftServer$Division (RaftServerImpl.java:start(390)) - omNode-1@group-523986131536: start as a follower, conf=conf: {index: -1, cur=peers:[omNode-3|localhost:15122, omNode-1|localhost:15114, omNode-2|localhost:15118]|listeners:[], old=null}
2024-10-28 08:10:43,299 [omNode-1-impl-thread1] INFO  server.RaftServer$Division (RaftServerImpl.java:setRole(377)) - omNode-1@group-523986131536: changes role from      null to FOLLOWER at term 0 for startAsFollower
2024-10-28 08:10:43,299 [omNode-1-impl-thread1] INFO  impl.RoleInfo (RoleInfo.java:updateAndGet(148)) - omNode-1: start omNode-1@group-523986131536-FollowerState
2024-10-28 08:10:43,299 [omNode-1-impl-thread1] INFO  util.JmxRegister (JmxRegister.java:tryRegister(44)) - Successfully registered JMX Bean with object name Ratis:service=RaftServer,group=group-523986131536,id=omNode-1
2024-10-28 08:10:43,299 [omNode-1-impl-thread1] INFO  util.JmxRegister (JmxRegister.java:register(58)) - register mxBean class org.apache.ratis.server.impl.RaftServerJmxAdapter as Ratis:service=RaftServer,group=group-523986131536,id=omNode-1
2024-10-28 08:10:43,299 [omNode-1@group-523986131536-FollowerState] INFO  server.RaftServerConfigKeys (ConfUtils.java:logFallback(53)) - raft.server.rpc.first-election.timeout.min = 1s (fallback to raft.server.rpc.timeout.min)
2024-10-28 08:10:43,299 [omNode-1-impl-thread1] INFO  server.RaftServerConfigKeys (ConfUtils.java:logGet(46)) - raft.server.snapshot.trigger-when-stop.enabled = true (default)
2024-10-28 08:10:43,300 [omNode-1-impl-thread1] INFO  server.RaftServerConfigKeys (ConfUtils.java:logGet(46)) - raft.server.snapshot.trigger-when-remove.enabled = true (default)
2024-10-28 08:10:43,300 [omNode-1-impl-thread1] INFO  server.RaftServerConfigKeys (ConfUtils.java:logGet(46)) - raft.server.snapshot.auto.trigger.enabled = true (custom)
2024-10-28 08:10:43,300 [omNode-1-impl-thread1] INFO  server.RaftServerConfigKeys (ConfUtils.java:logGet(46)) - raft.server.snapshot.auto.trigger.threshold = 400000 (default)
2024-10-28 08:10:43,300 [omNode-1-impl-thread1] INFO  server.RaftServerConfigKeys (ConfUtils.java:logGet(46)) - raft.server.snapshot.retention.file.num = -1 (default)
2024-10-28 08:10:43,300 [omNode-1-impl-thread1] INFO  server.RaftServerConfigKeys (ConfUtils.java:logGet(46)) - raft.server.log.purge.upto.snapshot.index = true (custom)
2024-10-28 08:10:43,300 [omNode-1@group-523986131536-FollowerState] INFO  server.RaftServerConfigKeys (ConfUtils.java:logFallback(53)) - raft.server.rpc.first-election.timeout.max = 1200ms (fallback to raft.server.rpc.timeout.max)
2024-10-28 08:10:43,304 [main] INFO  server.RaftServer (RaftServerProxy.java:startImpl(407)) - omNode-1: start RPC server
2024-10-28 08:10:43,304 [main] INFO  server.GrpcService (GrpcService.java:startImpl(334)) - omNode-1: GrpcService started, listening on 15114
2024-10-28 08:10:43,305 [JvmPauseMonitor14] INFO  util.JvmPauseMonitor (JvmPauseMonitor.java:run(146)) - JvmPauseMonitor-omNode-1: Started
2024-10-28 08:10:43,305 [main] INFO  om.OzoneManager (OzoneManager.java:start(1689)) - Version File has different layout version (7) than OM DB (null). That is expected if this OM has never been finalized to a newer layout version.
2024-10-28 08:10:43,307 [main] INFO  client.ScmTopologyClient (ScmTopologyClient.java:start(72)) - Initial network topology fetched from SCM: /.
2024-10-28 08:10:43,307 [main] INFO  net.NodeSchemaLoader (NodeSchemaLoader.java:loadSchemaFromFile(129)) - Loading schema from [jar:file:/home/runner/work/ozone/ozone/hadoop-hdds/common/target/hdds-common-2.0.0-SNAPSHOT.jar!/network-topology-default.xml]
2024-10-28 08:10:43,308 [main] INFO  net.NodeSchemaLoader (NodeSchemaLoader.java:loadSchema(176)) - Loading network topology layer schema file
2024-10-28 08:10:43,329 [main] INFO  http.BaseHttpServer (BaseHttpServer.java:newHttpServer2BuilderForOzone(223)) - Starting Web-server for ozoneManager at: http://0.0.0.0:15112
2024-10-28 08:10:43,329 [main] INFO  http.BaseHttpServer (BaseHttpServer.java:<init>(110)) - Hadoop Security Enabled: false Ozone Security Enabled: false Ozone HTTP Security Enabled: false 
2024-10-28 08:10:43,330 [main] WARN  server.AuthenticationFilter (AuthenticationFilter.java:constructSecretProvider(240)) - Unable to initialize FileSignerSecretProvider, falling back to use random secrets. Reason: Could not read signature secret file: /home/runner/hadoop-http-auth-signature-secret
2024-10-28 08:10:43,332 [main] INFO  http.HttpRequestLog (HttpRequestLog.java:getRequestLog(86)) - Http request log for http.requests.ozoneManager is not defined
2024-10-28 08:10:43,334 [main] INFO  http.HttpServer2 (HttpServer2.java:addGlobalFilter(1035)) - Added global filter 'safety' (class=org.apache.hadoop.hdds.server.http.HttpServer2$QuotingInputFilter)
2024-10-28 08:10:43,335 [main] INFO  http.HttpServer2 (HttpServer2.java:addFilter(1011)) - Added filter static_user_filter (class=org.apache.hadoop.http.lib.StaticUserWebFilter$StaticUserFilter) to context ozoneManager
2024-10-28 08:10:43,335 [main] INFO  http.HttpServer2 (HttpServer2.java:addFilter(1019)) - Added filter static_user_filter (class=org.apache.hadoop.http.lib.StaticUserWebFilter$StaticUserFilter) to context logs
2024-10-28 08:10:43,336 [main] INFO  http.HttpServer2 (HttpServer2.java:addFilter(1019)) - Added filter static_user_filter (class=org.apache.hadoop.http.lib.StaticUserWebFilter$StaticUserFilter) to context static
2024-10-28 08:10:43,337 [main] INFO  http.BaseHttpServer (BaseHttpServer.java:<init>(189)) - HTTP server of ozoneManager uses base directory /home/runner/work/ozone/ozone/hadoop-ozone/integration-test/target/test-dir/MiniOzoneClusterImpl-0da7ab08-e378-40bf-aed1-312ccc1152ed/omNode-1/webserver
2024-10-28 08:10:43,337 [main] INFO  http.HttpServer2 (HttpServer2.java:bindListener(1235)) - Jetty bound to port 15112
2024-10-28 08:10:43,338 [main] INFO  server.Server (Server.java:doStart(375)) - jetty-9.4.56.v20240826; built: 2024-08-26T17:15:05.868Z; git: ec6782ff5ead824dabdcf47fa98f90a4aedff401; jvm 17.0.12+7
2024-10-28 08:10:43,348 [main] INFO  server.session (DefaultSessionIdManager.java:doStart(334)) - DefaultSessionIdManager workerName=node0
2024-10-28 08:10:43,348 [main] INFO  server.session (DefaultSessionIdManager.java:doStart(339)) - No SessionScavenger set, using defaults
2024-10-28 08:10:43,349 [main] INFO  server.session (HouseKeeper.java:startScavenging(132)) - node0 Scavenging every 600000ms
2024-10-28 08:10:43,350 [main] INFO  handler.ContextHandler (ContextHandler.java:doStart(921)) - Started o.e.j.s.ServletContextHandler@7d241cc5{logs,/logs,file:///home/runner/work/ozone/ozone/hadoop-ozone/integration-test/target/log,AVAILABLE}
2024-10-28 08:10:43,350 [main] INFO  handler.ContextHandler (ContextHandler.java:doStart(921)) - Started o.e.j.s.ServletContextHandler@6e226e7d{static,/static,file:///home/runner/work/ozone/ozone/hadoop-ozone/integration-test/target/test-classes/webapps/static,AVAILABLE}
2024-10-28 08:10:43,356 [main] INFO  handler.ContextHandler (ContextHandler.java:doStart(921)) - Started o.e.j.w.WebAppContext@290150cb{ozoneManager,/,file:///home/runner/work/ozone/ozone/hadoop-ozone/integration-test/target/test-classes/webapps/ozoneManager/,AVAILABLE}{file:/home/runner/work/ozone/ozone/hadoop-ozone/integration-test/target/test-classes/webapps/ozoneManager}
2024-10-28 08:10:43,357 [main] INFO  server.AbstractConnector (AbstractConnector.java:doStart(333)) - Started ServerConnector@75fc5f4c{HTTP/1.1, (http/1.1)}{0.0.0.0:15112}
2024-10-28 08:10:43,357 [main] INFO  server.Server (Server.java:doStart(415)) - Started @176153ms
2024-10-28 08:10:43,357 [main] WARN  impl.MetricsSystemImpl (MetricsSystemImpl.java:register(279)) - Sink prometheus already exists!
2024-10-28 08:10:43,358 [main] INFO  http.BaseHttpServer (BaseHttpServer.java:updateConnectorAddress(354)) - HTTP server of ozoneManager listening at http://0.0.0.0:15112
2024-10-28 08:10:43,360 [IPC Server Responder] INFO  ipc.Server (Server.java:run(1562)) - IPC Server Responder: starting
2024-10-28 08:10:43,360 [IPC Server listener on 15111] INFO  ipc.Server (Server.java:run(1402)) - IPC Server listener on 15111: starting
2024-10-28 08:10:43,372 [main] INFO  om.OzoneManager (OzoneManager.java:startTrashEmptier(2152)) - Trash Interval set to 0. Files deleted won't move to trash
2024-10-28 08:10:43,372 [main] INFO  ozone.MiniOzoneHAClusterImpl (MiniOzoneHAClusterImpl.java:createOMService(517)) - Started OzoneManager omNode-1 RPC server at localhost/127.0.0.1:15111
2024-10-28 08:10:43,373 [main] INFO  ha.OMHANodeDetails (OMHANodeDetails.java:loadOMHAConfig(121)) - ServiceID for OzoneManager is om-service-test1
2024-10-28 08:10:43,374 [main] INFO  ha.OMHANodeDetails (OMHANodeDetails.java:loadOMHAConfig(201)) - Found matching OM address with OMServiceId: om-service-test1, OMNodeId: omNode-2, RPC Address: localhost:15115 and Ratis port: 15118
2024-10-28 08:10:43,374 [main] INFO  ha.OMHANodeDetails (ConfUtils.java:setNodeSpecificConfigs(97)) - Setting configuration key ozone.om.http-address with value of key ozone.om.http-address.om-service-test1.omNode-2: 127.0.0.1:15116
2024-10-28 08:10:43,374 [main] INFO  ha.OMHANodeDetails (ConfUtils.java:setNodeSpecificConfigs(97)) - Setting configuration key ozone.om.https-address with value of key ozone.om.https-address.om-service-test1.omNode-2: 127.0.0.1:15117
2024-10-28 08:10:43,374 [main] INFO  ha.OMHANodeDetails (ConfUtils.java:setNodeSpecificConfigs(97)) - Setting configuration key ozone.om.address with value of key ozone.om.address.om-service-test1.omNode-2: 127.0.0.1:15115
2024-10-28 08:10:43,374 [main] WARN  server.ServerUtils (ServerUtils.java:getDBPath(299)) - ozone.om.db.dirs is not configured. We recommend adding this setting. Falling back to ozone.metadata.dirs instead.
2024-10-28 08:10:43,375 [main] INFO  ha.SCMNodeInfo (SCMNodeInfo.java:getPort(196)) - ConfigKey ozone.scm.client.address is deprecated, For configuring different ports for each SCM use PortConfigKey ozone.scm.client.port appended with serviceId and nodeId
2024-10-28 08:10:43,376 [main] INFO  ha.SCMNodeInfo (SCMNodeInfo.java:getPort(196)) - ConfigKey ozone.scm.block.client.address is deprecated, For configuring different ports for each SCM use PortConfigKey ozone.scm.block.client.port appended with serviceId and nodeId
2024-10-28 08:10:43,376 [main] INFO  ha.SCMNodeInfo (SCMNodeInfo.java:getPort(196)) - ConfigKey ozone.scm.security.service.address is deprecated, For configuring different ports for each SCM use PortConfigKey ozone.scm.security.service.port appended with serviceId and nodeId
2024-10-28 08:10:43,376 [main] INFO  ha.SCMNodeInfo (SCMNodeInfo.java:getPort(196)) - ConfigKey ozone.scm.datanode.address is deprecated, For configuring different ports for each SCM use PortConfigKey ozone.scm.datanode.port appended with serviceId and nodeId
2024-10-28 08:10:43,376 [main] INFO  ha.SCMNodeInfo (SCMNodeInfo.java:getPort(196)) - ConfigKey ozone.scm.client.address is deprecated, For configuring different ports for each SCM use PortConfigKey ozone.scm.client.port appended with serviceId and nodeId
2024-10-28 08:10:43,376 [main] INFO  ha.SCMNodeInfo (SCMNodeInfo.java:getPort(196)) - ConfigKey ozone.scm.block.client.address is deprecated, For configuring different ports for each SCM use PortConfigKey ozone.scm.block.client.port appended with serviceId and nodeId
2024-10-28 08:10:43,376 [main] INFO  ha.SCMNodeInfo (SCMNodeInfo.java:getPort(196)) - ConfigKey ozone.scm.security.service.address is deprecated, For configuring different ports for each SCM use PortConfigKey ozone.scm.security.service.port appended with serviceId and nodeId
2024-10-28 08:10:43,376 [main] INFO  ha.SCMNodeInfo (SCMNodeInfo.java:getPort(196)) - ConfigKey ozone.scm.datanode.address is deprecated, For configuring different ports for each SCM use PortConfigKey ozone.scm.datanode.port appended with serviceId and nodeId
2024-10-28 08:10:43,376 [main] INFO  ha.SCMNodeInfo (SCMNodeInfo.java:getPort(196)) - ConfigKey ozone.scm.client.address is deprecated, For configuring different ports for each SCM use PortConfigKey ozone.scm.client.port appended with serviceId and nodeId
2024-10-28 08:10:43,377 [main] INFO  ha.SCMNodeInfo (SCMNodeInfo.java:getPort(196)) - ConfigKey ozone.scm.block.client.address is deprecated, For configuring different ports for each SCM use PortConfigKey ozone.scm.block.client.port appended with serviceId and nodeId
2024-10-28 08:10:43,377 [main] INFO  ha.SCMNodeInfo (SCMNodeInfo.java:getPort(196)) - ConfigKey ozone.scm.security.service.address is deprecated, For configuring different ports for each SCM use PortConfigKey ozone.scm.security.service.port appended with serviceId and nodeId
2024-10-28 08:10:43,377 [main] INFO  ha.SCMNodeInfo (SCMNodeInfo.java:getPort(196)) - ConfigKey ozone.scm.datanode.address is deprecated, For configuring different ports for each SCM use PortConfigKey ozone.scm.datanode.port appended with serviceId and nodeId
2024-10-28 08:10:43,377 [main] INFO  proxy.SCMBlockLocationFailoverProxyProvider (SCMBlockLocationFailoverProxyProvider.java:<init>(115)) - Created block location fail-over proxy with 3 nodes: [nodeId=scmNode-2,nodeAddress=/127.0.0.1:15090, nodeId=scmNode-3,nodeAddress=/127.0.0.1:15098, nodeId=scmNode-1,nodeAddress=/127.0.0.1:15082]
OM initialization succeeded.Current cluster id for sd=/home/runner/work/ozone/ozone/hadoop-ozone/integration-test/target/test-dir/MiniOzoneClusterImpl-0da7ab08-e378-40bf-aed1-312ccc1152ed/omNode-2/om;cid=0da7ab08-e378-40bf-aed1-312ccc1152ed;layoutVersion=7
2024-10-28 08:10:43,383 [main] INFO  ha.OMHANodeDetails (OMHANodeDetails.java:loadOMHAConfig(121)) - ServiceID for OzoneManager is om-service-test1
2024-10-28 08:10:43,383 [main] INFO  ha.OMHANodeDetails (OMHANodeDetails.java:loadOMHAConfig(201)) - Found matching OM address with OMServiceId: om-service-test1, OMNodeId: omNode-2, RPC Address: localhost:15115 and Ratis port: 15118
2024-10-28 08:10:43,383 [main] INFO  ha.OMHANodeDetails (ConfUtils.java:setNodeSpecificConfigs(97)) - Setting configuration key ozone.om.http-address with value of key ozone.om.http-address.om-service-test1.omNode-2: 127.0.0.1:15116
2024-10-28 08:10:43,383 [main] INFO  ha.OMHANodeDetails (ConfUtils.java:setNodeSpecificConfigs(97)) - Setting configuration key ozone.om.https-address with value of key ozone.om.https-address.om-service-test1.omNode-2: 127.0.0.1:15117
2024-10-28 08:10:43,383 [main] INFO  ha.OMHANodeDetails (ConfUtils.java:setNodeSpecificConfigs(97)) - Setting configuration key ozone.om.address with value of key ozone.om.address.om-service-test1.omNode-2: 127.0.0.1:15115
2024-10-28 08:10:43,384 [main] WARN  server.ServerUtils (ServerUtils.java:getDBPath(299)) - ozone.om.db.dirs is not configured. We recommend adding this setting. Falling back to ozone.metadata.dirs instead.
2024-10-28 08:10:43,385 [main] INFO  upgrade.AbstractLayoutVersionManager (AbstractLayoutVersionManager.java:init(83)) - Initializing Layout version manager with metadata layout = HBASE_SUPPORT (version = 7), software layout = HBASE_SUPPORT (version = 7)
2024-10-28 08:10:43,431 [main] INFO  reflections.Reflections (Reflections.java:scan(219)) - Reflections took 46 ms to scan 2 urls, producing 190 keys and 567 values
2024-10-28 08:10:43,431 [main] INFO  upgrade.OMLayoutVersionManager (OMLayoutVersionManager.java:lambda$0(113)) - Skipping Upgrade Action QuotaRepairUpgradeAction since it has been finalized.
2024-10-28 08:10:43,431 [main] INFO  upgrade.OMLayoutVersionManager (OMLayoutVersionManager.java:lambda$0(113)) - Skipping Upgrade Action MockOmUpgradeAction since it has been finalized.
2024-10-28 08:10:43,431 [main] WARN  server.ServerUtils (ServerUtils.java:getDBPath(299)) - ozone.om.db.dirs is not configured. We recommend adding this setting. Falling back to ozone.metadata.dirs instead.
2024-10-28 08:10:43,432 [main] INFO  ha.SCMNodeInfo (SCMNodeInfo.java:getPort(196)) - ConfigKey ozone.scm.client.address is deprecated, For configuring different ports for each SCM use PortConfigKey ozone.scm.client.port appended with serviceId and nodeId
2024-10-28 08:10:43,432 [main] INFO  ha.SCMNodeInfo (SCMNodeInfo.java:getPort(196)) - ConfigKey ozone.scm.block.client.address is deprecated, For configuring different ports for each SCM use PortConfigKey ozone.scm.block.client.port appended with serviceId and nodeId
2024-10-28 08:10:43,432 [main] INFO  ha.SCMNodeInfo (SCMNodeInfo.java:getPort(196)) - ConfigKey ozone.scm.security.service.address is deprecated, For configuring different ports for each SCM use PortConfigKey ozone.scm.security.service.port appended with serviceId and nodeId
2024-10-28 08:10:43,432 [main] INFO  ha.SCMNodeInfo (SCMNodeInfo.java:getPort(196)) - ConfigKey ozone.scm.datanode.address is deprecated, For configuring different ports for each SCM use PortConfigKey ozone.scm.datanode.port appended with serviceId and nodeId
2024-10-28 08:10:43,432 [main] INFO  ha.SCMNodeInfo (SCMNodeInfo.java:getPort(196)) - ConfigKey ozone.scm.client.address is deprecated, For configuring different ports for each SCM use PortConfigKey ozone.scm.client.port appended with serviceId and nodeId
2024-10-28 08:10:43,432 [main] INFO  ha.SCMNodeInfo (SCMNodeInfo.java:getPort(196)) - ConfigKey ozone.scm.block.client.address is deprecated, For configuring different ports for each SCM use PortConfigKey ozone.scm.block.client.port appended with serviceId and nodeId
2024-10-28 08:10:43,432 [main] INFO  ha.SCMNodeInfo (SCMNodeInfo.java:getPort(196)) - ConfigKey ozone.scm.security.service.address is deprecated, For configuring different ports for each SCM use PortConfigKey ozone.scm.security.service.port appended with serviceId and nodeId
2024-10-28 08:10:43,432 [main] INFO  ha.SCMNodeInfo (SCMNodeInfo.java:getPort(196)) - ConfigKey ozone.scm.datanode.address is deprecated, For configuring different ports for each SCM use PortConfigKey ozone.scm.datanode.port appended with serviceId and nodeId
2024-10-28 08:10:43,433 [main] INFO  ha.SCMNodeInfo (SCMNodeInfo.java:getPort(196)) - ConfigKey ozone.scm.client.address is deprecated, For configuring different ports for each SCM use PortConfigKey ozone.scm.client.port appended with serviceId and nodeId
2024-10-28 08:10:43,433 [main] INFO  ha.SCMNodeInfo (SCMNodeInfo.java:getPort(196)) - ConfigKey ozone.scm.block.client.address is deprecated, For configuring different ports for each SCM use PortConfigKey ozone.scm.block.client.port appended with serviceId and nodeId
2024-10-28 08:10:43,433 [main] INFO  ha.SCMNodeInfo (SCMNodeInfo.java:getPort(196)) - ConfigKey ozone.scm.security.service.address is deprecated, For configuring different ports for each SCM use PortConfigKey ozone.scm.security.service.port appended with serviceId and nodeId
2024-10-28 08:10:43,433 [main] INFO  ha.SCMNodeInfo (SCMNodeInfo.java:getPort(196)) - ConfigKey ozone.scm.datanode.address is deprecated, For configuring different ports for each SCM use PortConfigKey ozone.scm.datanode.port appended with serviceId and nodeId
2024-10-28 08:10:43,433 [main] INFO  ha.SCMNodeInfo (SCMNodeInfo.java:getPort(196)) - ConfigKey ozone.scm.client.address is deprecated, For configuring different ports for each SCM use PortConfigKey ozone.scm.client.port appended with serviceId and nodeId
2024-10-28 08:10:43,433 [main] INFO  ha.SCMNodeInfo (SCMNodeInfo.java:getPort(196)) - ConfigKey ozone.scm.block.client.address is deprecated, For configuring different ports for each SCM use PortConfigKey ozone.scm.block.client.port appended with serviceId and nodeId
2024-10-28 08:10:43,433 [main] INFO  ha.SCMNodeInfo (SCMNodeInfo.java:getPort(196)) - ConfigKey ozone.scm.security.service.address is deprecated, For configuring different ports for each SCM use PortConfigKey ozone.scm.security.service.port appended with serviceId and nodeId
2024-10-28 08:10:43,433 [main] INFO  ha.SCMNodeInfo (SCMNodeInfo.java:getPort(196)) - ConfigKey ozone.scm.datanode.address is deprecated, For configuring different ports for each SCM use PortConfigKey ozone.scm.datanode.port appended with serviceId and nodeId
2024-10-28 08:10:43,433 [main] INFO  ha.SCMNodeInfo (SCMNodeInfo.java:getPort(196)) - ConfigKey ozone.scm.client.address is deprecated, For configuring different ports for each SCM use PortConfigKey ozone.scm.client.port appended with serviceId and nodeId
2024-10-28 08:10:43,434 [main] INFO  ha.SCMNodeInfo (SCMNodeInfo.java:getPort(196)) - ConfigKey ozone.scm.block.client.address is deprecated, For configuring different ports for each SCM use PortConfigKey ozone.scm.block.client.port appended with serviceId and nodeId
2024-10-28 08:10:43,434 [main] INFO  ha.SCMNodeInfo (SCMNodeInfo.java:getPort(196)) - ConfigKey ozone.scm.security.service.address is deprecated, For configuring different ports for each SCM use PortConfigKey ozone.scm.security.service.port appended with serviceId and nodeId
2024-10-28 08:10:43,434 [main] INFO  ha.SCMNodeInfo (SCMNodeInfo.java:getPort(196)) - ConfigKey ozone.scm.datanode.address is deprecated, For configuring different ports for each SCM use PortConfigKey ozone.scm.datanode.port appended with serviceId and nodeId
2024-10-28 08:10:43,434 [main] INFO  ha.SCMNodeInfo (SCMNodeInfo.java:getPort(196)) - ConfigKey ozone.scm.client.address is deprecated, For configuring different ports for each SCM use PortConfigKey ozone.scm.client.port appended with serviceId and nodeId
2024-10-28 08:10:43,434 [main] INFO  ha.SCMNodeInfo (SCMNodeInfo.java:getPort(196)) - ConfigKey ozone.scm.block.client.address is deprecated, For configuring different ports for each SCM use PortConfigKey ozone.scm.block.client.port appended with serviceId and nodeId
2024-10-28 08:10:43,434 [main] INFO  ha.SCMNodeInfo (SCMNodeInfo.java:getPort(196)) - ConfigKey ozone.scm.security.service.address is deprecated, For configuring different ports for each SCM use PortConfigKey ozone.scm.security.service.port appended with serviceId and nodeId
2024-10-28 08:10:43,434 [main] INFO  ha.SCMNodeInfo (SCMNodeInfo.java:getPort(196)) - ConfigKey ozone.scm.datanode.address is deprecated, For configuring different ports for each SCM use PortConfigKey ozone.scm.datanode.port appended with serviceId and nodeId
2024-10-28 08:10:43,434 [main] INFO  proxy.SCMBlockLocationFailoverProxyProvider (SCMBlockLocationFailoverProxyProvider.java:<init>(115)) - Created block location fail-over proxy with 3 nodes: [nodeId=scmNode-2,nodeAddress=/127.0.0.1:15090, nodeId=scmNode-3,nodeAddress=/127.0.0.1:15098, nodeId=scmNode-1,nodeAddress=/127.0.0.1:15082]
2024-10-28 08:10:43,435 [main] INFO  ha.SCMNodeInfo (SCMNodeInfo.java:getPort(196)) - ConfigKey ozone.scm.client.address is deprecated, For configuring different ports for each SCM use PortConfigKey ozone.scm.client.port appended with serviceId and nodeId
2024-10-28 08:10:43,436 [main] INFO  ha.SCMNodeInfo (SCMNodeInfo.java:getPort(196)) - ConfigKey ozone.scm.block.client.address is deprecated, For configuring different ports for each SCM use PortConfigKey ozone.scm.block.client.port appended with serviceId and nodeId
2024-10-28 08:10:43,436 [main] INFO  ha.SCMNodeInfo (SCMNodeInfo.java:getPort(196)) - ConfigKey ozone.scm.security.service.address is deprecated, For configuring different ports for each SCM use PortConfigKey ozone.scm.security.service.port appended with serviceId and nodeId
2024-10-28 08:10:43,436 [main] INFO  ha.SCMNodeInfo (SCMNodeInfo.java:getPort(196)) - ConfigKey ozone.scm.datanode.address is deprecated, For configuring different ports for each SCM use PortConfigKey ozone.scm.datanode.port appended with serviceId and nodeId
2024-10-28 08:10:43,436 [main] INFO  ha.SCMNodeInfo (SCMNodeInfo.java:getPort(196)) - ConfigKey ozone.scm.client.address is deprecated, For configuring different ports for each SCM use PortConfigKey ozone.scm.client.port appended with serviceId and nodeId
2024-10-28 08:10:43,436 [main] INFO  ha.SCMNodeInfo (SCMNodeInfo.java:getPort(196)) - ConfigKey ozone.scm.block.client.address is deprecated, For configuring different ports for each SCM use PortConfigKey ozone.scm.block.client.port appended with serviceId and nodeId
2024-10-28 08:10:43,436 [main] INFO  ha.SCMNodeInfo (SCMNodeInfo.java:getPort(196)) - ConfigKey ozone.scm.security.service.address is deprecated, For configuring different ports for each SCM use PortConfigKey ozone.scm.security.service.port appended with serviceId and nodeId
2024-10-28 08:10:43,436 [main] INFO  ha.SCMNodeInfo (SCMNodeInfo.java:getPort(196)) - ConfigKey ozone.scm.datanode.address is deprecated, For configuring different ports for each SCM use PortConfigKey ozone.scm.datanode.port appended with serviceId and nodeId
2024-10-28 08:10:43,436 [main] INFO  ha.SCMNodeInfo (SCMNodeInfo.java:getPort(196)) - ConfigKey ozone.scm.client.address is deprecated, For configuring different ports for each SCM use PortConfigKey ozone.scm.client.port appended with serviceId and nodeId
2024-10-28 08:10:43,436 [main] INFO  ha.SCMNodeInfo (SCMNodeInfo.java:getPort(196)) - ConfigKey ozone.scm.block.client.address is deprecated, For configuring different ports for each SCM use PortConfigKey ozone.scm.block.client.port appended with serviceId and nodeId
2024-10-28 08:10:43,436 [main] INFO  ha.SCMNodeInfo (SCMNodeInfo.java:getPort(196)) - ConfigKey ozone.scm.security.service.address is deprecated, For configuring different ports for each SCM use PortConfigKey ozone.scm.security.service.port appended with serviceId and nodeId
2024-10-28 08:10:43,436 [main] INFO  ha.SCMNodeInfo (SCMNodeInfo.java:getPort(196)) - ConfigKey ozone.scm.datanode.address is deprecated, For configuring different ports for each SCM use PortConfigKey ozone.scm.datanode.port appended with serviceId and nodeId
2024-10-28 08:10:43,436 [main] INFO  proxy.SCMBlockLocationFailoverProxyProvider (SCMBlockLocationFailoverProxyProvider.java:<init>(115)) - Created block location fail-over proxy with 3 nodes: [nodeId=scmNode-2,nodeAddress=/127.0.0.1:15090, nodeId=scmNode-3,nodeAddress=/127.0.0.1:15098, nodeId=scmNode-1,nodeAddress=/127.0.0.1:15082]
2024-10-28 08:10:43,440 [main] INFO  om.OzoneManager (OzoneManager.java:<init>(693)) - OM start with adminUsers: [runner]
2024-10-28 08:10:43,441 [main] WARN  server.ServerUtils (ServerUtils.java:getDBPath(299)) - ozone.om.db.dirs is not configured. We recommend adding this setting. Falling back to ozone.metadata.dirs instead.
2024-10-28 08:10:43,441 [main] INFO  helpers.OmKeyInfo (OmKeyInfo.java:getCodec(73)) - OmKeyInfo.getCodec ignorePipeline = true
2024-10-28 08:10:43,606 [main] INFO  om.OzoneManager (OzoneManager.java:instantiateServices(824)) - S3 Multi-Tenancy is disabled
2024-10-28 08:10:43,606 [main] INFO  om.OmSnapshotManager (OmSnapshotManager.java:<init>(182)) - Ozone filesystem snapshot feature is enabled.
2024-10-28 08:10:43,606 [main] WARN  server.ServerUtils (ServerUtils.java:getDBPath(299)) - ozone.om.snapshot.diff.db.dir is not configured. We recommend adding this setting. Falling back to ozone.metadata.dirs instead.
2024-10-28 08:10:43,623 [main] INFO  utils.NativeLibraryLoader (NativeLibraryLoader.java:loadLibrary(120)) - Loading Library: ozone_rocksdb_tools
2024-10-28 08:10:43,624 [main] WARN  snapshot.SnapshotDiffManager (SnapshotDiffManager.java:initNativeLibraryForEfficientDiff(287)) - Native Library for raw sst file reading loading failed. Fallback to performing a full diff instead. Unable to load library ozone_rocksdb_tools from both java.library.path & resource file libozone_rocksdb_tools.so from jar.
2024-10-28 08:10:43,626 [main] INFO  om.OzoneManager (OzoneManager.java:addS3GVolumeToDB(4560)) - Created Volume s3v With Owner runner required for S3Gateway operations.
2024-10-28 08:10:43,626 [main] WARN  server.ServerUtils (ServerUtils.java:getDefaultRatisDirectory(311)) - Storage directory for Ratis is not configured. It is a good idea to map this to an SSD disk. Falling back to ozone.metadata.dirs
2024-10-28 08:10:43,626 [main] WARN  utils.OzoneManagerRatisUtils (OzoneManagerRatisUtils.java:getOMRatisSnapshotDirectory(483)) - ozone.om.ratis.snapshot.dir is not configured. Falling back to ozone.metadata.dirs config
2024-10-28 08:10:43,627 [main] INFO  utils.RDBSnapshotProvider (RDBSnapshotProvider.java:init(87)) - Cleaning up the candidate dir: /home/runner/work/ozone/ozone/hadoop-ozone/integration-test/target/test-dir/MiniOzoneClusterImpl-0da7ab08-e378-40bf-aed1-312ccc1152ed/omNode-2/snapshot/om.db.candidate
2024-10-28 08:10:43,627 [main] INFO  ratis_snapshot.OmRatisSnapshotProvider (OmRatisSnapshotProvider.java:<init>(99)) - Initializing OM Snapshot Provider
2024-10-28 08:10:43,628 [main] WARN  dropwizard3.Dm3MetricRegistriesImpl (Dm3MetricRegistriesImpl.java:addReporterRegistration(114)) - New reporters are added after registries were created. Some metrics will be missing from the reporter. Please add reporter before adding any new registry.
2024-10-28 08:10:43,628 [main] WARN  dropwizard3.Dm3MetricRegistriesImpl (Dm3MetricRegistriesImpl.java:addReporterRegistration(114)) - New reporters are added after registries were created. Some metrics will be missing from the reporter. Please add reporter before adding any new registry.
2024-10-28 08:10:43,629 [main] WARN  server.ServerUtils (ServerUtils.java:getDefaultRatisDirectory(311)) - Storage directory for Ratis is not configured. It is a good idea to map this to an SSD disk. Falling back to ozone.metadata.dirs
2024-10-28 08:10:43,629 [main] INFO  server.RaftServerConfigKeys (ConfUtils.java:logGet(46)) - raft.server.log.appender.buffer.byte-limit = 4194304 (custom)
2024-10-28 08:10:43,630 [main] INFO  ratis.OzoneManagerRatisServer (OzoneManagerRatisServer.java:<init>(169)) - Instantiating OM Ratis server with groupID: om-service-test1 and peers: localhost:15118, localhost:15122, localhost:15114
2024-10-28 08:10:43,631 [main] INFO  ratis.OzoneManagerStateMachine (OzoneManagerStateMachine.java:loadSnapshotInfoFromDB(601)) - TransactionInfo not found in OM DB.
2024-10-28 08:10:43,631 [main] INFO  server.RaftServer (ConfUtils.java:logGet(46)) - raft.rpc.type = GRPC (default)
2024-10-28 08:10:43,632 [main] INFO  grpc.GrpcConfigKeys (ConfUtils.java:logFallback(53)) - raft.grpc.admin.host = null (fallback to raft.grpc.server.host)
2024-10-28 08:10:43,632 [main] INFO  grpc.GrpcConfigKeys (ConfUtils.java:logFallback(53)) - raft.grpc.admin.port = 15118 (fallback to raft.grpc.server.port)
2024-10-28 08:10:43,632 [main] INFO  grpc.GrpcConfigKeys (ConfUtils.java:logFallback(53)) - raft.grpc.client.host = null (fallback to raft.grpc.server.host)
2024-10-28 08:10:43,632 [main] INFO  grpc.GrpcConfigKeys (ConfUtils.java:logFallback(53)) - raft.grpc.client.port = 15118 (fallback to raft.grpc.server.port)
2024-10-28 08:10:43,632 [main] INFO  grpc.GrpcConfigKeys (ConfUtils.java:logGet(46)) - raft.grpc.server.host = null (default)
2024-10-28 08:10:43,632 [main] INFO  grpc.GrpcConfigKeys (ConfUtils.java:logGet(46)) - raft.grpc.server.port = 15118 (custom)
2024-10-28 08:10:43,632 [main] INFO  server.GrpcService (ConfUtils.java:logGet(46)) - raft.grpc.message.size.max = 5242880 (custom)
2024-10-28 08:10:43,632 [main] INFO  server.GrpcService (ConfUtils.java:logGet(46)) - raft.grpc.flow.control.window = 1MB (=1048576) (default)
2024-10-28 08:10:43,633 [main] INFO  server.RaftServerConfigKeys (ConfUtils.java:logGet(46)) - raft.server.rpc.request.timeout = 3000ms (default)
2024-10-28 08:10:43,633 [main] INFO  grpc.GrpcConfigKeys (ConfUtils.java:logGet(46)) - raft.grpc.server.heartbeat.channel = true (default)
2024-10-28 08:10:43,633 [main] INFO  server.RaftServerConfigKeys (ConfUtils.java:logGet(46)) - raft.server.log.appender.buffer.byte-limit = 4194304 (custom)
2024-10-28 08:10:43,633 [main] INFO  grpc.GrpcConfigKeys (ConfUtils.java:logGet(46)) - raft.grpc.server.async.request.thread.pool.cached = true (default)
2024-10-28 08:10:43,633 [main] INFO  grpc.GrpcConfigKeys (ConfUtils.java:logGet(46)) - raft.grpc.server.async.request.thread.pool.size = 32 (default)
2024-10-28 08:10:43,634 [main] INFO  impl.DataStreamServerImpl (ConfUtils.java:logGet(46)) - raft.datastream.type = DISABLED (default)
2024-10-28 08:10:43,634 [main] INFO  server.RaftServerConfigKeys (ConfUtils.java:logGet(46)) - raft.server.sleep.deviation.threshold = 300ms (default)
2024-10-28 08:10:43,634 [main] INFO  server.RaftServerConfigKeys (ConfUtils.java:logGet(46)) - raft.server.close.threshold = 60s (default)
2024-10-28 08:10:43,635 [main] INFO  server.RaftServerConfigKeys (ConfUtils.java:logGet(46)) - raft.server.leaderelection.leader.step-down.wait-time = 10s (default)
2024-10-28 08:10:43,635 [main] INFO  server.RaftServerConfigKeys (ConfUtils.java:logGet(46)) - raft.server.storage.dir = [/home/runner/work/ozone/ozone/hadoop-ozone/integration-test/target/test-dir/MiniOzoneClusterImpl-0da7ab08-e378-40bf-aed1-312ccc1152ed/omNode-2/ratis] (custom)
2024-10-28 08:10:43,635 [main] INFO  server.RaftServerConfigKeys (ConfUtils.java:logGet(46)) - raft.server.threadpool.proxy.cached = true (default)
2024-10-28 08:10:43,635 [main] INFO  server.RaftServerConfigKeys (ConfUtils.java:logGet(46)) - raft.server.threadpool.proxy.size = 0 (default)
2024-10-28 08:10:43,636 [main] INFO  server.RaftServer (RaftServerProxy.java:addNew(100)) - omNode-2: addNew group-523986131536:[omNode-3|localhost:15122, omNode-1|localhost:15114, omNode-2|localhost:15118] returns group-523986131536:java.util.concurrent.CompletableFuture@17e0fabe[Not completed]
2024-10-28 08:10:43,636 [main] INFO  om.OzoneManager (OzoneManager.java:initializeRatisServer(2199)) - OzoneManager Ratis server initialized at port 15118
2024-10-28 08:10:43,636 [main] INFO  om.OzoneManager (OzoneManager.java:getRpcServer(1246)) - Creating RPC Server
2024-10-28 08:10:43,636 [omNode-2-groupManagement] INFO  server.RaftServer$Division (RaftServerImpl.java:<init>(254)) - omNode-2: new RaftServerImpl for group-523986131536:[omNode-3|localhost:15122, omNode-1|localhost:15114, omNode-2|localhost:15118] with OzoneManagerStateMachine:uninitialized
2024-10-28 08:10:43,636 [omNode-2-groupManagement] INFO  server.RaftServerConfigKeys (ConfUtils.java:logGet(46)) - raft.server.rpc.timeout.min = 1s (custom)
2024-10-28 08:10:43,637 [omNode-2-groupManagement] INFO  server.RaftServerConfigKeys (ConfUtils.java:logGet(46)) - raft.server.rpc.timeout.max = 1200ms (custom)
2024-10-28 08:10:43,637 [omNode-2-groupManagement] INFO  server.RaftServerConfigKeys (ConfUtils.java:logGet(46)) - raft.server.rpc.sleep.time = 25ms (default)
2024-10-28 08:10:43,637 [omNode-2-groupManagement] INFO  server.RaftServerConfigKeys (ConfUtils.java:logGet(46)) - raft.server.rpc.slowness.timeout = 2s (custom)
2024-10-28 08:10:43,637 [omNode-2-groupManagement] INFO  server.RaftServerConfigKeys (ConfUtils.java:logGet(46)) - raft.server.leaderelection.leader.step-down.wait-time = 10s (default)
2024-10-28 08:10:43,637 [omNode-2-groupManagement] INFO  server.RaftServerConfigKeys (ConfUtils.java:logGet(46)) - raft.server.leaderelection.member.majority-add = false (default)
2024-10-28 08:10:43,637 [omNode-2-groupManagement] INFO  server.RaftServerConfigKeys (ConfUtils.java:logGet(46)) - raft.server.sleep.deviation.threshold = 300ms (default)
2024-10-28 08:10:43,637 [omNode-2-groupManagement] INFO  server.RaftServer$Division (ServerState.java:<init>(114)) - omNode-2@group-523986131536: ConfigurationManager, init=conf: {index: -1, cur=peers:[omNode-3|localhost:15122, omNode-1|localhost:15114, omNode-2|localhost:15118]|listeners:[], old=null}, confs=<EMPTY_MAP>
2024-10-28 08:10:43,637 [omNode-2-groupManagement] INFO  server.RaftServerConfigKeys (ConfUtils.java:logGet(46)) - raft.server.notification.no-leader.timeout = 2s (custom)
2024-10-28 08:10:43,637 [omNode-2-groupManagement] INFO  server.RaftServerConfigKeys (ConfUtils.java:logGet(46)) - raft.server.read.timeout = 10s (default)
2024-10-28 08:10:43,637 [omNode-2-groupManagement] INFO  server.RaftServerConfigKeys (ConfUtils.java:logGet(46)) - raft.server.retrycache.expirytime = 300s (custom)
2024-10-28 08:10:43,637 [omNode-2-groupManagement] INFO  server.RaftServerConfigKeys (ConfUtils.java:logGet(46)) - raft.server.retrycache.statistics.expirytime = 100ms (default)
2024-10-28 08:10:43,641 [omNode-2-groupManagement] INFO  server.RaftServerConfigKeys (ConfUtils.java:logGet(46)) - raft.server.read.option = DEFAULT (default)
2024-10-28 08:10:43,642 [omNode-2-groupManagement] INFO  server.RaftServerConfigKeys (ConfUtils.java:logGet(46)) - raft.server.read.read-after-write-consistent.write-index-cache.expiry-time = 60s (default)
2024-10-28 08:10:43,660 [omNode-2-groupManagement] INFO  server.RaftServerConfigKeys (ConfUtils.java:logGet(46)) - raft.server.rpc.request.timeout = 3000ms (default)
2024-10-28 08:10:43,660 [omNode-2-groupManagement] INFO  server.RaftServerConfigKeys (ConfUtils.java:logGet(46)) - raft.server.log.appender.install.snapshot.enabled = false (custom)
2024-10-28 08:10:43,660 [omNode-2-groupManagement] INFO  server.RaftServerConfigKeys (ConfUtils.java:logGet(46)) - raft.server.threadpool.server.cached = true (default)
2024-10-28 08:10:43,660 [omNode-2-groupManagement] INFO  server.RaftServerConfigKeys (ConfUtils.java:logGet(46)) - raft.server.threadpool.server.size = 0 (default)
2024-10-28 08:10:43,660 [omNode-2-groupManagement] INFO  server.RaftServerConfigKeys (ConfUtils.java:logGet(46)) - raft.server.threadpool.client.cached = true (default)
2024-10-28 08:10:43,660 [omNode-2-groupManagement] INFO  server.RaftServerConfigKeys (ConfUtils.java:logGet(46)) - raft.server.threadpool.client.size = 0 (default)
2024-10-28 08:10:43,971 [main] INFO  reflections.Reflections (Reflections.java:scan(219)) - Reflections took 333 ms to scan 20 urls, producing 60 keys and 7263 values
2024-10-28 08:10:43,973 [main] INFO  ipc.CallQueueManager (CallQueueManager.java:<init>(90)) - Using callQueue: class java.util.concurrent.LinkedBlockingQueue, queueCapacity: 2000, scheduler: class org.apache.hadoop.ipc.DefaultRpcScheduler, ipcBackoff: false.
2024-10-28 08:10:43,973 [main] INFO  ipc.Server (Server.java:<init>(1287)) - Listener at 127.0.0.1:15115
2024-10-28 08:10:43,973 [Socket Reader #1 for port 15115] INFO  ipc.Server (Server.java:run(1323)) - Starting Socket Reader #1 for port 15115
2024-10-28 08:10:43,974 [Socket Reader #3 for port 15115] INFO  ipc.Server (Server.java:run(1323)) - Starting Socket Reader #3 for port 15115
2024-10-28 08:10:43,974 [Socket Reader #2 for port 15115] INFO  ipc.Server (Server.java:run(1323)) - Starting Socket Reader #2 for port 15115
2024-10-28 08:10:43,974 [Socket Reader #4 for port 15115] INFO  ipc.Server (Server.java:run(1323)) - Starting Socket Reader #4 for port 15115
2024-10-28 08:10:43,976 [Socket Reader #5 for port 15115] INFO  ipc.Server (Server.java:run(1323)) - Starting Socket Reader #5 for port 15115
2024-10-28 08:10:43,977 [Socket Reader #6 for port 15115] INFO  ipc.Server (Server.java:run(1323)) - Starting Socket Reader #6 for port 15115
2024-10-28 08:10:43,977 [Socket Reader #7 for port 15115] INFO  ipc.Server (Server.java:run(1323)) - Starting Socket Reader #7 for port 15115
2024-10-28 08:10:43,980 [Socket Reader #8 for port 15115] INFO  ipc.Server (Server.java:run(1323)) - Starting Socket Reader #8 for port 15115
2024-10-28 08:10:43,984 [Socket Reader #9 for port 15115] INFO  ipc.Server (Server.java:run(1323)) - Starting Socket Reader #9 for port 15115
2024-10-28 08:10:43,987 [Socket Reader #10 for port 15115] INFO  ipc.Server (Server.java:run(1323)) - Starting Socket Reader #10 for port 15115
2024-10-28 08:10:44,005 [main] INFO  impl.MetricsSystemImpl (MetricsSystemImpl.java:init(158)) - OzoneManager metrics system started (again)
2024-10-28 08:10:44,013 [main] INFO  om.OzoneManager (OzoneManager.java:start(1674)) - OzoneManager RPC server is listening at localhost/127.0.0.1:15115
2024-10-28 08:10:44,014 [main] INFO  ratis.OzoneManagerRatisServer (OzoneManagerRatisServer.java:start(603)) - Starting OzoneManagerRatisServer omNode-2 at port 15118
2024-10-28 08:10:44,014 [omNode-2-impl-thread1] INFO  server.RaftServerConfigKeys (ConfUtils.java:logGet(46)) - raft.server.storage.free-space.min = 0MB (=0) (default)
2024-10-28 08:10:44,014 [omNode-2-impl-thread1] INFO  server.RaftServerConfigKeys (ConfUtils.java:logGet(46)) - raft.server.log.corruption.policy = EXCEPTION (default)
2024-10-28 08:10:44,014 [omNode-2-impl-thread1] INFO  server.RaftServerConfigKeys (ConfUtils.java:logGet(46)) - raft.server.storage.dir = [/home/runner/work/ozone/ozone/hadoop-ozone/integration-test/target/test-dir/MiniOzoneClusterImpl-0da7ab08-e378-40bf-aed1-312ccc1152ed/omNode-2/ratis] (custom)
2024-10-28 08:10:44,015 [omNode-2-impl-thread1] INFO  storage.RaftStorageDirectory (RaftStorageDirectoryImpl.java:analyzeStorage(138)) - The storage directory /home/runner/work/ozone/ozone/hadoop-ozone/integration-test/target/test-dir/MiniOzoneClusterImpl-0da7ab08-e378-40bf-aed1-312ccc1152ed/omNode-2/ratis/c9bc4cf4-3bc3-3c60-a66b-523986131536 does not exist. Creating ...
2024-10-28 08:10:44,016 [omNode-2-impl-thread1] INFO  storage.RaftStorageDirectory (RaftStorageDirectoryImpl.java:tryLock(229)) - Lock on /home/runner/work/ozone/ozone/hadoop-ozone/integration-test/target/test-dir/MiniOzoneClusterImpl-0da7ab08-e378-40bf-aed1-312ccc1152ed/omNode-2/ratis/c9bc4cf4-3bc3-3c60-a66b-523986131536/in_use.lock acquired by nodename 9135@fv-az886-152
2024-10-28 08:10:44,017 [omNode-2-impl-thread1] INFO  storage.RaftStorage (RaftStorageImpl.java:format(98)) - Storage directory /home/runner/work/ozone/ozone/hadoop-ozone/integration-test/target/test-dir/MiniOzoneClusterImpl-0da7ab08-e378-40bf-aed1-312ccc1152ed/omNode-2/ratis/c9bc4cf4-3bc3-3c60-a66b-523986131536 has been successfully formatted.
2024-10-28 08:10:44,017 [omNode-2-impl-thread1] INFO  ratis.OzoneManagerStateMachine (OzoneManagerStateMachine.java:lambda$0(138)) - omNode-2: initialize group-523986131536 with (t:0, i:~)
2024-10-28 08:10:44,017 [omNode-2-impl-thread1] INFO  server.RaftServerConfigKeys (ConfUtils.java:logGet(46)) - raft.server.log.use.memory = false (default)
2024-10-28 08:10:44,018 [omNode-2-impl-thread1] INFO  server.RaftServerConfigKeys (ConfUtils.java:logGet(46)) - raft.server.log.purge.gap = 1000000 (custom)
2024-10-28 08:10:44,018 [omNode-2-impl-thread1] INFO  server.RaftServerConfigKeys (ConfUtils.java:logGet(46)) - raft.server.log.appender.buffer.byte-limit = 4194304 (custom)
2024-10-28 08:10:44,018 [omNode-2-impl-thread1] INFO  server.RaftServerConfigKeys (ConfUtils.java:logGet(46)) - raft.server.log.statemachine.data.read.timeout = 1000ms (default)
2024-10-28 08:10:44,018 [omNode-2-impl-thread1] INFO  server.RaftServerConfigKeys (ConfUtils.java:logGet(46)) - raft.server.log.purge.preservation.log.num = 0 (default)
2024-10-28 08:10:44,019 [omNode-2-impl-thread1] INFO  server.RaftServerConfigKeys (ConfUtils.java:logGet(46)) - raft.server.log.segment.size.max = 4194304 (custom)
2024-10-28 08:10:44,019 [omNode-2-impl-thread1] INFO  server.RaftServerConfigKeys (ConfUtils.java:logGet(46)) - raft.server.log.segment.cache.num.max = 2 (custom)
2024-10-28 08:10:44,019 [omNode-2-impl-thread1] INFO  server.RaftServerConfigKeys (ConfUtils.java:logGet(46)) - raft.server.log.segment.cache.size.max = 200MB (=209715200) (default)
2024-10-28 08:10:44,019 [omNode-2-impl-thread1] INFO  server.RaftServerConfigKeys (ConfUtils.java:logGet(46)) - raft.server.log.appender.buffer.byte-limit = 4194304 (custom)
2024-10-28 08:10:44,019 [omNode-2-impl-thread1] INFO  util.AwaitToRun (AwaitToRun.java:start(81)) - Thread[omNode-2@group-523986131536-cacheEviction-AwaitToRun,5,main] started
2024-10-28 08:10:44,019 [omNode-2-impl-thread1] INFO  segmented.SegmentedRaftLogWorker (SegmentedRaftLogWorker.java:<init>(187)) - new omNode-2@group-523986131536-SegmentedRaftLogWorker for RaftStorageImpl:Storage Directory /home/runner/work/ozone/ozone/hadoop-ozone/integration-test/target/test-dir/MiniOzoneClusterImpl-0da7ab08-e378-40bf-aed1-312ccc1152ed/omNode-2/ratis/c9bc4cf4-3bc3-3c60-a66b-523986131536
2024-10-28 08:10:44,019 [omNode-2-impl-thread1] INFO  server.RaftServerConfigKeys (ConfUtils.java:logGet(46)) - raft.server.log.queue.byte-limit = 64MB (=67108864) (default)
2024-10-28 08:10:44,020 [omNode-2-impl-thread1] INFO  server.RaftServerConfigKeys (ConfUtils.java:logGet(46)) - raft.server.log.queue.element-limit = 4096 (default)
2024-10-28 08:10:44,020 [omNode-2-impl-thread1] INFO  server.RaftServerConfigKeys (ConfUtils.java:logGet(46)) - raft.server.log.segment.size.max = 4194304 (custom)
2024-10-28 08:10:44,020 [omNode-2-impl-thread1] INFO  server.RaftServerConfigKeys (ConfUtils.java:logGet(46)) - raft.server.log.preallocated.size = 4194304 (custom)
2024-10-28 08:10:44,020 [omNode-2-impl-thread1] INFO  server.RaftServerConfigKeys (ConfUtils.java:logGet(46)) - raft.server.log.force.sync.num = 128 (default)
2024-10-28 08:10:44,020 [omNode-2-impl-thread1] INFO  server.RaftServerConfigKeys (ConfUtils.java:logGet(46)) - raft.server.log.statemachine.data.sync = true (default)
2024-10-28 08:10:44,020 [omNode-2-impl-thread1] INFO  server.RaftServerConfigKeys (ConfUtils.java:logGet(46)) - raft.server.log.statemachine.data.sync.timeout = 10s (default)
2024-10-28 08:10:44,020 [omNode-2-impl-thread1] INFO  server.RaftServerConfigKeys (ConfUtils.java:logGet(46)) - raft.server.log.statemachine.data.sync.timeout.retry = -1 (default)
2024-10-28 08:10:44,020 [omNode-2-impl-thread1] INFO  server.RaftServerConfigKeys (ConfUtils.java:logGet(46)) - raft.server.log.write.buffer.size = 4194312 (custom)
2024-10-28 08:10:44,022 [omNode-2-impl-thread1] INFO  server.RaftServerConfigKeys (ConfUtils.java:logGet(46)) - raft.server.log.appender.buffer.byte-limit = 4194304 (custom)
2024-10-28 08:10:44,022 [omNode-2-impl-thread1] INFO  server.RaftServerConfigKeys (ConfUtils.java:logGet(46)) - raft.server.log.unsafe-flush.enabled = false (default)
2024-10-28 08:10:44,022 [omNode-2-impl-thread1] INFO  server.RaftServerConfigKeys (ConfUtils.java:logGet(46)) - raft.server.log.async-flush.enabled = false (default)
2024-10-28 08:10:44,022 [omNode-2-impl-thread1] INFO  server.RaftServerConfigKeys (ConfUtils.java:logGet(46)) - raft.server.log.statemachine.data.caching.enabled = false (default)
2024-10-28 08:10:44,022 [omNode-2-impl-thread1] INFO  segmented.SegmentedRaftLogWorker (SegmentedRaftLogWorker.java:lambda$new$0(138)) - omNode-2@group-523986131536-SegmentedRaftLogWorker: flushIndex: setUnconditionally 0 -> -1
2024-10-28 08:10:44,022 [omNode-2-impl-thread1] INFO  segmented.SegmentedRaftLogWorker (SegmentedRaftLogWorker.java:lambda$new$0(138)) - omNode-2@group-523986131536-SegmentedRaftLogWorker: safeCacheEvictIndex: setUnconditionally 0 -> -1
2024-10-28 08:10:44,022 [omNode-2-impl-thread1] INFO  server.RaftServer$Division (RaftServerImpl.java:start(390)) - omNode-2@group-523986131536: start as a follower, conf=conf: {index: -1, cur=peers:[omNode-3|localhost:15122, omNode-1|localhost:15114, omNode-2|localhost:15118]|listeners:[], old=null}
2024-10-28 08:10:44,023 [omNode-2-impl-thread1] INFO  server.RaftServer$Division (RaftServerImpl.java:setRole(377)) - omNode-2@group-523986131536: changes role from      null to FOLLOWER at term 0 for startAsFollower
2024-10-28 08:10:44,023 [omNode-2-impl-thread1] INFO  impl.RoleInfo (RoleInfo.java:updateAndGet(148)) - omNode-2: start omNode-2@group-523986131536-FollowerState
2024-10-28 08:10:44,024 [omNode-2-impl-thread1] INFO  util.JmxRegister (JmxRegister.java:tryRegister(44)) - Successfully registered JMX Bean with object name Ratis:service=RaftServer,group=group-523986131536,id=omNode-2
2024-10-28 08:10:44,024 [omNode-2-impl-thread1] INFO  util.JmxRegister (JmxRegister.java:register(58)) - register mxBean class org.apache.ratis.server.impl.RaftServerJmxAdapter as Ratis:service=RaftServer,group=group-523986131536,id=omNode-2
2024-10-28 08:10:44,024 [omNode-2-impl-thread1] INFO  server.RaftServerConfigKeys (ConfUtils.java:logGet(46)) - raft.server.snapshot.trigger-when-stop.enabled = true (default)
2024-10-28 08:10:44,024 [omNode-2-impl-thread1] INFO  server.RaftServerConfigKeys (ConfUtils.java:logGet(46)) - raft.server.snapshot.trigger-when-remove.enabled = true (default)
2024-10-28 08:10:44,024 [omNode-2-impl-thread1] INFO  server.RaftServerConfigKeys (ConfUtils.java:logGet(46)) - raft.server.snapshot.auto.trigger.enabled = true (custom)
2024-10-28 08:10:44,024 [omNode-2-impl-thread1] INFO  server.RaftServerConfigKeys (ConfUtils.java:logGet(46)) - raft.server.snapshot.auto.trigger.threshold = 400000 (default)
2024-10-28 08:10:44,024 [omNode-2-impl-thread1] INFO  server.RaftServerConfigKeys (ConfUtils.java:logGet(46)) - raft.server.snapshot.retention.file.num = -1 (default)
2024-10-28 08:10:44,024 [omNode-2-impl-thread1] INFO  server.RaftServerConfigKeys (ConfUtils.java:logGet(46)) - raft.server.log.purge.upto.snapshot.index = true (custom)
2024-10-28 08:10:44,025 [omNode-2@group-523986131536-FollowerState] INFO  server.RaftServerConfigKeys (ConfUtils.java:logFallback(53)) - raft.server.rpc.first-election.timeout.min = 1s (fallback to raft.server.rpc.timeout.min)
2024-10-28 08:10:44,025 [omNode-2@group-523986131536-FollowerState] INFO  server.RaftServerConfigKeys (ConfUtils.java:logFallback(53)) - raft.server.rpc.first-election.timeout.max = 1200ms (fallback to raft.server.rpc.timeout.max)
2024-10-28 08:10:44,026 [main] INFO  server.RaftServer (RaftServerProxy.java:startImpl(407)) - omNode-2: start RPC server
2024-10-28 08:10:44,026 [main] INFO  server.GrpcService (GrpcService.java:startImpl(334)) - omNode-2: GrpcService started, listening on 15118
2024-10-28 08:10:44,027 [JvmPauseMonitor15] INFO  util.JvmPauseMonitor (JvmPauseMonitor.java:run(146)) - JvmPauseMonitor-omNode-2: Started
2024-10-28 08:10:44,027 [main] INFO  om.OzoneManager (OzoneManager.java:start(1689)) - Version File has different layout version (7) than OM DB (null). That is expected if this OM has never been finalized to a newer layout version.
2024-10-28 08:10:44,040 [main] INFO  client.ScmTopologyClient (ScmTopologyClient.java:start(72)) - Initial network topology fetched from SCM: /.
2024-10-28 08:10:44,041 [main] INFO  net.NodeSchemaLoader (NodeSchemaLoader.java:loadSchemaFromFile(129)) - Loading schema from [jar:file:/home/runner/work/ozone/ozone/hadoop-hdds/common/target/hdds-common-2.0.0-SNAPSHOT.jar!/network-topology-default.xml]
2024-10-28 08:10:44,041 [main] INFO  net.NodeSchemaLoader (NodeSchemaLoader.java:loadSchema(176)) - Loading network topology layer schema file
2024-10-28 08:10:44,045 [main] INFO  http.BaseHttpServer (BaseHttpServer.java:newHttpServer2BuilderForOzone(223)) - Starting Web-server for ozoneManager at: http://0.0.0.0:15116
2024-10-28 08:10:44,045 [main] INFO  http.BaseHttpServer (BaseHttpServer.java:<init>(110)) - Hadoop Security Enabled: false Ozone Security Enabled: false Ozone HTTP Security Enabled: false 
2024-10-28 08:10:44,045 [d1f2ec58-f55e-45ab-93c5-34baa5ccb560-EndpointStateMachineTaskThread-/127.0.0.1:15020-0 ] INFO  ipc.Client (Client.java:handleConnectionFailure(950)) - Retrying connect to server: localhost/127.0.0.1:15020. Already tried 3 time(s); retry policy is RetryUpToMaximumCountWithFixedSleep(maxRetries=15, sleepTime=1000 MILLISECONDS)
2024-10-28 08:10:44,045 [d1f2ec58-f55e-45ab-93c5-34baa5ccb560-EndpointStateMachineTaskThread-/127.0.0.1:15012-0 ] INFO  ipc.Client (Client.java:handleConnectionFailure(950)) - Retrying connect to server: localhost/127.0.0.1:15012. Already tried 3 time(s); retry policy is RetryUpToMaximumCountWithFixedSleep(maxRetries=15, sleepTime=1000 MILLISECONDS)
2024-10-28 08:10:44,047 [main] WARN  server.AuthenticationFilter (AuthenticationFilter.java:constructSecretProvider(240)) - Unable to initialize FileSignerSecretProvider, falling back to use random secrets. Reason: Could not read signature secret file: /home/runner/hadoop-http-auth-signature-secret
2024-10-28 08:10:44,047 [main] INFO  http.HttpRequestLog (HttpRequestLog.java:getRequestLog(86)) - Http request log for http.requests.ozoneManager is not defined
2024-10-28 08:10:44,049 [main] INFO  http.HttpServer2 (HttpServer2.java:addGlobalFilter(1035)) - Added global filter 'safety' (class=org.apache.hadoop.hdds.server.http.HttpServer2$QuotingInputFilter)
2024-10-28 08:10:44,049 [main] INFO  http.HttpServer2 (HttpServer2.java:addFilter(1011)) - Added filter static_user_filter (class=org.apache.hadoop.http.lib.StaticUserWebFilter$StaticUserFilter) to context ozoneManager
2024-10-28 08:10:44,049 [main] INFO  http.HttpServer2 (HttpServer2.java:addFilter(1019)) - Added filter static_user_filter (class=org.apache.hadoop.http.lib.StaticUserWebFilter$StaticUserFilter) to context static
2024-10-28 08:10:44,049 [main] INFO  http.HttpServer2 (HttpServer2.java:addFilter(1019)) - Added filter static_user_filter (class=org.apache.hadoop.http.lib.StaticUserWebFilter$StaticUserFilter) to context logs
2024-10-28 08:10:44,050 [main] INFO  http.BaseHttpServer (BaseHttpServer.java:<init>(189)) - HTTP server of ozoneManager uses base directory /home/runner/work/ozone/ozone/hadoop-ozone/integration-test/target/test-dir/MiniOzoneClusterImpl-0da7ab08-e378-40bf-aed1-312ccc1152ed/omNode-2/webserver
2024-10-28 08:10:44,050 [main] INFO  http.HttpServer2 (HttpServer2.java:bindListener(1235)) - Jetty bound to port 15116
2024-10-28 08:10:44,050 [main] INFO  server.Server (Server.java:doStart(375)) - jetty-9.4.56.v20240826; built: 2024-08-26T17:15:05.868Z; git: ec6782ff5ead824dabdcf47fa98f90a4aedff401; jvm 17.0.12+7
2024-10-28 08:10:44,053 [main] INFO  server.session (DefaultSessionIdManager.java:doStart(334)) - DefaultSessionIdManager workerName=node0
2024-10-28 08:10:44,053 [main] INFO  server.session (DefaultSessionIdManager.java:doStart(339)) - No SessionScavenger set, using defaults
2024-10-28 08:10:44,053 [main] INFO  server.session (HouseKeeper.java:startScavenging(132)) - node0 Scavenging every 600000ms
2024-10-28 08:10:44,054 [main] INFO  handler.ContextHandler (ContextHandler.java:doStart(921)) - Started o.e.j.s.ServletContextHandler@1c92cb4b{logs,/logs,file:///home/runner/work/ozone/ozone/hadoop-ozone/integration-test/target/log,AVAILABLE}
2024-10-28 08:10:44,054 [main] INFO  handler.ContextHandler (ContextHandler.java:doStart(921)) - Started o.e.j.s.ServletContextHandler@58f7bea0{static,/static,file:///home/runner/work/ozone/ozone/hadoop-ozone/integration-test/target/test-classes/webapps/static,AVAILABLE}
2024-10-28 08:10:44,058 [main] INFO  handler.ContextHandler (ContextHandler.java:doStart(921)) - Started o.e.j.w.WebAppContext@62c4efd4{ozoneManager,/,file:///home/runner/work/ozone/ozone/hadoop-ozone/integration-test/target/test-classes/webapps/ozoneManager/,AVAILABLE}{file:/home/runner/work/ozone/ozone/hadoop-ozone/integration-test/target/test-classes/webapps/ozoneManager}
2024-10-28 08:10:44,059 [main] INFO  server.AbstractConnector (AbstractConnector.java:doStart(333)) - Started ServerConnector@6aff34b5{HTTP/1.1, (http/1.1)}{0.0.0.0:15116}
2024-10-28 08:10:44,059 [main] INFO  server.Server (Server.java:doStart(415)) - Started @176855ms
2024-10-28 08:10:44,059 [main] WARN  impl.MetricsSystemImpl (MetricsSystemImpl.java:register(279)) - Sink prometheus already exists!
2024-10-28 08:10:44,060 [main] INFO  http.BaseHttpServer (BaseHttpServer.java:updateConnectorAddress(354)) - HTTP server of ozoneManager listening at http://0.0.0.0:15116
2024-10-28 08:10:44,061 [IPC Server Responder] INFO  ipc.Server (Server.java:run(1562)) - IPC Server Responder: starting
2024-10-28 08:10:44,061 [IPC Server listener on 15115] INFO  ipc.Server (Server.java:run(1402)) - IPC Server listener on 15115: starting
2024-10-28 08:10:44,063 [main] INFO  om.OzoneManager (OzoneManager.java:startTrashEmptier(2152)) - Trash Interval set to 0. Files deleted won't move to trash
2024-10-28 08:10:44,063 [main] INFO  ozone.MiniOzoneHAClusterImpl (MiniOzoneHAClusterImpl.java:createOMService(517)) - Started OzoneManager omNode-2 RPC server at localhost/127.0.0.1:15115
2024-10-28 08:10:44,064 [main] INFO  ha.OMHANodeDetails (OMHANodeDetails.java:loadOMHAConfig(121)) - ServiceID for OzoneManager is om-service-test1
2024-10-28 08:10:44,065 [main] INFO  ha.OMHANodeDetails (OMHANodeDetails.java:loadOMHAConfig(201)) - Found matching OM address with OMServiceId: om-service-test1, OMNodeId: omNode-3, RPC Address: localhost:15119 and Ratis port: 15122
2024-10-28 08:10:44,065 [main] INFO  ha.OMHANodeDetails (ConfUtils.java:setNodeSpecificConfigs(97)) - Setting configuration key ozone.om.http-address with value of key ozone.om.http-address.om-service-test1.omNode-3: 127.0.0.1:15120
2024-10-28 08:10:44,065 [main] INFO  ha.OMHANodeDetails (ConfUtils.java:setNodeSpecificConfigs(97)) - Setting configuration key ozone.om.https-address with value of key ozone.om.https-address.om-service-test1.omNode-3: 127.0.0.1:15121
2024-10-28 08:10:44,065 [main] INFO  ha.OMHANodeDetails (ConfUtils.java:setNodeSpecificConfigs(97)) - Setting configuration key ozone.om.address with value of key ozone.om.address.om-service-test1.omNode-3: 127.0.0.1:15119
2024-10-28 08:10:44,065 [main] WARN  server.ServerUtils (ServerUtils.java:getDBPath(299)) - ozone.om.db.dirs is not configured. We recommend adding this setting. Falling back to ozone.metadata.dirs instead.
2024-10-28 08:10:44,066 [main] INFO  ha.SCMNodeInfo (SCMNodeInfo.java:getPort(196)) - ConfigKey ozone.scm.client.address is deprecated, For configuring different ports for each SCM use PortConfigKey ozone.scm.client.port appended with serviceId and nodeId
2024-10-28 08:10:44,066 [main] INFO  ha.SCMNodeInfo (SCMNodeInfo.java:getPort(196)) - ConfigKey ozone.scm.block.client.address is deprecated, For configuring different ports for each SCM use PortConfigKey ozone.scm.block.client.port appended with serviceId and nodeId
2024-10-28 08:10:44,066 [main] INFO  ha.SCMNodeInfo (SCMNodeInfo.java:getPort(196)) - ConfigKey ozone.scm.security.service.address is deprecated, For configuring different ports for each SCM use PortConfigKey ozone.scm.security.service.port appended with serviceId and nodeId
2024-10-28 08:10:44,066 [main] INFO  ha.SCMNodeInfo (SCMNodeInfo.java:getPort(196)) - ConfigKey ozone.scm.datanode.address is deprecated, For configuring different ports for each SCM use PortConfigKey ozone.scm.datanode.port appended with serviceId and nodeId
2024-10-28 08:10:44,066 [main] INFO  ha.SCMNodeInfo (SCMNodeInfo.java:getPort(196)) - ConfigKey ozone.scm.client.address is deprecated, For configuring different ports for each SCM use PortConfigKey ozone.scm.client.port appended with serviceId and nodeId
2024-10-28 08:10:44,066 [main] INFO  ha.SCMNodeInfo (SCMNodeInfo.java:getPort(196)) - ConfigKey ozone.scm.block.client.address is deprecated, For configuring different ports for each SCM use PortConfigKey ozone.scm.block.client.port appended with serviceId and nodeId
2024-10-28 08:10:44,067 [main] INFO  ha.SCMNodeInfo (SCMNodeInfo.java:getPort(196)) - ConfigKey ozone.scm.security.service.address is deprecated, For configuring different ports for each SCM use PortConfigKey ozone.scm.security.service.port appended with serviceId and nodeId
2024-10-28 08:10:44,067 [main] INFO  ha.SCMNodeInfo (SCMNodeInfo.java:getPort(196)) - ConfigKey ozone.scm.datanode.address is deprecated, For configuring different ports for each SCM use PortConfigKey ozone.scm.datanode.port appended with serviceId and nodeId
2024-10-28 08:10:44,067 [main] INFO  ha.SCMNodeInfo (SCMNodeInfo.java:getPort(196)) - ConfigKey ozone.scm.client.address is deprecated, For configuring different ports for each SCM use PortConfigKey ozone.scm.client.port appended with serviceId and nodeId
2024-10-28 08:10:44,067 [main] INFO  ha.SCMNodeInfo (SCMNodeInfo.java:getPort(196)) - ConfigKey ozone.scm.block.client.address is deprecated, For configuring different ports for each SCM use PortConfigKey ozone.scm.block.client.port appended with serviceId and nodeId
2024-10-28 08:10:44,067 [main] INFO  ha.SCMNodeInfo (SCMNodeInfo.java:getPort(196)) - ConfigKey ozone.scm.security.service.address is deprecated, For configuring different ports for each SCM use PortConfigKey ozone.scm.security.service.port appended with serviceId and nodeId
2024-10-28 08:10:44,067 [main] INFO  ha.SCMNodeInfo (SCMNodeInfo.java:getPort(196)) - ConfigKey ozone.scm.datanode.address is deprecated, For configuring different ports for each SCM use PortConfigKey ozone.scm.datanode.port appended with serviceId and nodeId
2024-10-28 08:10:44,067 [main] INFO  proxy.SCMBlockLocationFailoverProxyProvider (SCMBlockLocationFailoverProxyProvider.java:<init>(115)) - Created block location fail-over proxy with 3 nodes: [nodeId=scmNode-2,nodeAddress=/127.0.0.1:15090, nodeId=scmNode-3,nodeAddress=/127.0.0.1:15098, nodeId=scmNode-1,nodeAddress=/127.0.0.1:15082]
OM initialization succeeded.Current cluster id for sd=/home/runner/work/ozone/ozone/hadoop-ozone/integration-test/target/test-dir/MiniOzoneClusterImpl-0da7ab08-e378-40bf-aed1-312ccc1152ed/omNode-3/om;cid=0da7ab08-e378-40bf-aed1-312ccc1152ed;layoutVersion=7
2024-10-28 08:10:44,071 [main] INFO  ha.OMHANodeDetails (OMHANodeDetails.java:loadOMHAConfig(121)) - ServiceID for OzoneManager is om-service-test1
2024-10-28 08:10:44,072 [main] INFO  ha.OMHANodeDetails (OMHANodeDetails.java:loadOMHAConfig(201)) - Found matching OM address with OMServiceId: om-service-test1, OMNodeId: omNode-3, RPC Address: localhost:15119 and Ratis port: 15122
2024-10-28 08:10:44,072 [main] INFO  ha.OMHANodeDetails (ConfUtils.java:setNodeSpecificConfigs(97)) - Setting configuration key ozone.om.http-address with value of key ozone.om.http-address.om-service-test1.omNode-3: 127.0.0.1:15120
2024-10-28 08:10:44,072 [main] INFO  ha.OMHANodeDetails (ConfUtils.java:setNodeSpecificConfigs(97)) - Setting configuration key ozone.om.https-address with value of key ozone.om.https-address.om-service-test1.omNode-3: 127.0.0.1:15121
2024-10-28 08:10:44,072 [main] INFO  ha.OMHANodeDetails (ConfUtils.java:setNodeSpecificConfigs(97)) - Setting configuration key ozone.om.address with value of key ozone.om.address.om-service-test1.omNode-3: 127.0.0.1:15119
2024-10-28 08:10:44,072 [main] WARN  server.ServerUtils (ServerUtils.java:getDBPath(299)) - ozone.om.db.dirs is not configured. We recommend adding this setting. Falling back to ozone.metadata.dirs instead.
2024-10-28 08:10:44,073 [main] INFO  upgrade.AbstractLayoutVersionManager (AbstractLayoutVersionManager.java:init(83)) - Initializing Layout version manager with metadata layout = HBASE_SUPPORT (version = 7), software layout = HBASE_SUPPORT (version = 7)
2024-10-28 08:10:44,118 [main] INFO  reflections.Reflections (Reflections.java:scan(219)) - Reflections took 44 ms to scan 2 urls, producing 190 keys and 567 values
2024-10-28 08:10:44,118 [main] INFO  upgrade.OMLayoutVersionManager (OMLayoutVersionManager.java:lambda$0(113)) - Skipping Upgrade Action QuotaRepairUpgradeAction since it has been finalized.
2024-10-28 08:10:44,118 [main] INFO  upgrade.OMLayoutVersionManager (OMLayoutVersionManager.java:lambda$0(113)) - Skipping Upgrade Action MockOmUpgradeAction since it has been finalized.
2024-10-28 08:10:44,118 [main] WARN  server.ServerUtils (ServerUtils.java:getDBPath(299)) - ozone.om.db.dirs is not configured. We recommend adding this setting. Falling back to ozone.metadata.dirs instead.
2024-10-28 08:10:44,119 [main] INFO  ha.SCMNodeInfo (SCMNodeInfo.java:getPort(196)) - ConfigKey ozone.scm.client.address is deprecated, For configuring different ports for each SCM use PortConfigKey ozone.scm.client.port appended with serviceId and nodeId
2024-10-28 08:10:44,119 [main] INFO  ha.SCMNodeInfo (SCMNodeInfo.java:getPort(196)) - ConfigKey ozone.scm.block.client.address is deprecated, For configuring different ports for each SCM use PortConfigKey ozone.scm.block.client.port appended with serviceId and nodeId
2024-10-28 08:10:44,119 [main] INFO  ha.SCMNodeInfo (SCMNodeInfo.java:getPort(196)) - ConfigKey ozone.scm.security.service.address is deprecated, For configuring different ports for each SCM use PortConfigKey ozone.scm.security.service.port appended with serviceId and nodeId
2024-10-28 08:10:44,119 [main] INFO  ha.SCMNodeInfo (SCMNodeInfo.java:getPort(196)) - ConfigKey ozone.scm.datanode.address is deprecated, For configuring different ports for each SCM use PortConfigKey ozone.scm.datanode.port appended with serviceId and nodeId
2024-10-28 08:10:44,119 [main] INFO  ha.SCMNodeInfo (SCMNodeInfo.java:getPort(196)) - ConfigKey ozone.scm.client.address is deprecated, For configuring different ports for each SCM use PortConfigKey ozone.scm.client.port appended with serviceId and nodeId
2024-10-28 08:10:44,119 [main] INFO  ha.SCMNodeInfo (SCMNodeInfo.java:getPort(196)) - ConfigKey ozone.scm.block.client.address is deprecated, For configuring different ports for each SCM use PortConfigKey ozone.scm.block.client.port appended with serviceId and nodeId
2024-10-28 08:10:44,119 [main] INFO  ha.SCMNodeInfo (SCMNodeInfo.java:getPort(196)) - ConfigKey ozone.scm.security.service.address is deprecated, For configuring different ports for each SCM use PortConfigKey ozone.scm.security.service.port appended with serviceId and nodeId
2024-10-28 08:10:44,120 [main] INFO  ha.SCMNodeInfo (SCMNodeInfo.java:getPort(196)) - ConfigKey ozone.scm.datanode.address is deprecated, For configuring different ports for each SCM use PortConfigKey ozone.scm.datanode.port appended with serviceId and nodeId
2024-10-28 08:10:44,120 [main] INFO  ha.SCMNodeInfo (SCMNodeInfo.java:getPort(196)) - ConfigKey ozone.scm.client.address is deprecated, For configuring different ports for each SCM use PortConfigKey ozone.scm.client.port appended with serviceId and nodeId
2024-10-28 08:10:44,120 [main] INFO  ha.SCMNodeInfo (SCMNodeInfo.java:getPort(196)) - ConfigKey ozone.scm.block.client.address is deprecated, For configuring different ports for each SCM use PortConfigKey ozone.scm.block.client.port appended with serviceId and nodeId
2024-10-28 08:10:44,120 [main] INFO  ha.SCMNodeInfo (SCMNodeInfo.java:getPort(196)) - ConfigKey ozone.scm.security.service.address is deprecated, For configuring different ports for each SCM use PortConfigKey ozone.scm.security.service.port appended with serviceId and nodeId
2024-10-28 08:10:44,120 [main] INFO  ha.SCMNodeInfo (SCMNodeInfo.java:getPort(196)) - ConfigKey ozone.scm.datanode.address is deprecated, For configuring different ports for each SCM use PortConfigKey ozone.scm.datanode.port appended with serviceId and nodeId
2024-10-28 08:10:44,124 [main] INFO  ha.SCMNodeInfo (SCMNodeInfo.java:getPort(196)) - ConfigKey ozone.scm.client.address is deprecated, For configuring different ports for each SCM use PortConfigKey ozone.scm.client.port appended with serviceId and nodeId
2024-10-28 08:10:44,124 [main] INFO  ha.SCMNodeInfo (SCMNodeInfo.java:getPort(196)) - ConfigKey ozone.scm.block.client.address is deprecated, For configuring different ports for each SCM use PortConfigKey ozone.scm.block.client.port appended with serviceId and nodeId
2024-10-28 08:10:44,124 [main] INFO  ha.SCMNodeInfo (SCMNodeInfo.java:getPort(196)) - ConfigKey ozone.scm.security.service.address is deprecated, For configuring different ports for each SCM use PortConfigKey ozone.scm.security.service.port appended with serviceId and nodeId
2024-10-28 08:10:44,124 [main] INFO  ha.SCMNodeInfo (SCMNodeInfo.java:getPort(196)) - ConfigKey ozone.scm.datanode.address is deprecated, For configuring different ports for each SCM use PortConfigKey ozone.scm.datanode.port appended with serviceId and nodeId
2024-10-28 08:10:44,124 [main] INFO  ha.SCMNodeInfo (SCMNodeInfo.java:getPort(196)) - ConfigKey ozone.scm.client.address is deprecated, For configuring different ports for each SCM use PortConfigKey ozone.scm.client.port appended with serviceId and nodeId
2024-10-28 08:10:44,124 [main] INFO  ha.SCMNodeInfo (SCMNodeInfo.java:getPort(196)) - ConfigKey ozone.scm.block.client.address is deprecated, For configuring different ports for each SCM use PortConfigKey ozone.scm.block.client.port appended with serviceId and nodeId
2024-10-28 08:10:44,125 [main] INFO  ha.SCMNodeInfo (SCMNodeInfo.java:getPort(196)) - ConfigKey ozone.scm.security.service.address is deprecated, For configuring different ports for each SCM use PortConfigKey ozone.scm.security.service.port appended with serviceId and nodeId
2024-10-28 08:10:44,125 [main] INFO  ha.SCMNodeInfo (SCMNodeInfo.java:getPort(196)) - ConfigKey ozone.scm.datanode.address is deprecated, For configuring different ports for each SCM use PortConfigKey ozone.scm.datanode.port appended with serviceId and nodeId
2024-10-28 08:10:44,125 [main] INFO  ha.SCMNodeInfo (SCMNodeInfo.java:getPort(196)) - ConfigKey ozone.scm.client.address is deprecated, For configuring different ports for each SCM use PortConfigKey ozone.scm.client.port appended with serviceId and nodeId
2024-10-28 08:10:44,125 [main] INFO  ha.SCMNodeInfo (SCMNodeInfo.java:getPort(196)) - ConfigKey ozone.scm.block.client.address is deprecated, For configuring different ports for each SCM use PortConfigKey ozone.scm.block.client.port appended with serviceId and nodeId
2024-10-28 08:10:44,125 [main] INFO  ha.SCMNodeInfo (SCMNodeInfo.java:getPort(196)) - ConfigKey ozone.scm.security.service.address is deprecated, For configuring different ports for each SCM use PortConfigKey ozone.scm.security.service.port appended with serviceId and nodeId
2024-10-28 08:10:44,125 [main] INFO  ha.SCMNodeInfo (SCMNodeInfo.java:getPort(196)) - ConfigKey ozone.scm.datanode.address is deprecated, For configuring different ports for each SCM use PortConfigKey ozone.scm.datanode.port appended with serviceId and nodeId
2024-10-28 08:10:44,125 [main] INFO  proxy.SCMBlockLocationFailoverProxyProvider (SCMBlockLocationFailoverProxyProvider.java:<init>(115)) - Created block location fail-over proxy with 3 nodes: [nodeId=scmNode-2,nodeAddress=/127.0.0.1:15090, nodeId=scmNode-3,nodeAddress=/127.0.0.1:15098, nodeId=scmNode-1,nodeAddress=/127.0.0.1:15082]
2024-10-28 08:10:44,127 [main] INFO  ha.SCMNodeInfo (SCMNodeInfo.java:getPort(196)) - ConfigKey ozone.scm.client.address is deprecated, For configuring different ports for each SCM use PortConfigKey ozone.scm.client.port appended with serviceId and nodeId
2024-10-28 08:10:44,127 [main] INFO  ha.SCMNodeInfo (SCMNodeInfo.java:getPort(196)) - ConfigKey ozone.scm.block.client.address is deprecated, For configuring different ports for each SCM use PortConfigKey ozone.scm.block.client.port appended with serviceId and nodeId
2024-10-28 08:10:44,127 [main] INFO  ha.SCMNodeInfo (SCMNodeInfo.java:getPort(196)) - ConfigKey ozone.scm.security.service.address is deprecated, For configuring different ports for each SCM use PortConfigKey ozone.scm.security.service.port appended with serviceId and nodeId
2024-10-28 08:10:44,127 [main] INFO  ha.SCMNodeInfo (SCMNodeInfo.java:getPort(196)) - ConfigKey ozone.scm.datanode.address is deprecated, For configuring different ports for each SCM use PortConfigKey ozone.scm.datanode.port appended with serviceId and nodeId
2024-10-28 08:10:44,127 [main] INFO  ha.SCMNodeInfo (SCMNodeInfo.java:getPort(196)) - ConfigKey ozone.scm.client.address is deprecated, For configuring different ports for each SCM use PortConfigKey ozone.scm.client.port appended with serviceId and nodeId
2024-10-28 08:10:44,127 [main] INFO  ha.SCMNodeInfo (SCMNodeInfo.java:getPort(196)) - ConfigKey ozone.scm.block.client.address is deprecated, For configuring different ports for each SCM use PortConfigKey ozone.scm.block.client.port appended with serviceId and nodeId
2024-10-28 08:10:44,127 [main] INFO  ha.SCMNodeInfo (SCMNodeInfo.java:getPort(196)) - ConfigKey ozone.scm.security.service.address is deprecated, For configuring different ports for each SCM use PortConfigKey ozone.scm.security.service.port appended with serviceId and nodeId
2024-10-28 08:10:44,127 [main] INFO  ha.SCMNodeInfo (SCMNodeInfo.java:getPort(196)) - ConfigKey ozone.scm.datanode.address is deprecated, For configuring different ports for each SCM use PortConfigKey ozone.scm.datanode.port appended with serviceId and nodeId
2024-10-28 08:10:44,128 [main] INFO  ha.SCMNodeInfo (SCMNodeInfo.java:getPort(196)) - ConfigKey ozone.scm.client.address is deprecated, For configuring different ports for each SCM use PortConfigKey ozone.scm.client.port appended with serviceId and nodeId
2024-10-28 08:10:44,128 [main] INFO  ha.SCMNodeInfo (SCMNodeInfo.java:getPort(196)) - ConfigKey ozone.scm.block.client.address is deprecated, For configuring different ports for each SCM use PortConfigKey ozone.scm.block.client.port appended with serviceId and nodeId
2024-10-28 08:10:44,128 [main] INFO  ha.SCMNodeInfo (SCMNodeInfo.java:getPort(196)) - ConfigKey ozone.scm.security.service.address is deprecated, For configuring different ports for each SCM use PortConfigKey ozone.scm.security.service.port appended with serviceId and nodeId
2024-10-28 08:10:44,128 [main] INFO  ha.SCMNodeInfo (SCMNodeInfo.java:getPort(196)) - ConfigKey ozone.scm.datanode.address is deprecated, For configuring different ports for each SCM use PortConfigKey ozone.scm.datanode.port appended with serviceId and nodeId
2024-10-28 08:10:44,128 [main] INFO  proxy.SCMBlockLocationFailoverProxyProvider (SCMBlockLocationFailoverProxyProvider.java:<init>(115)) - Created block location fail-over proxy with 3 nodes: [nodeId=scmNode-2,nodeAddress=/127.0.0.1:15090, nodeId=scmNode-3,nodeAddress=/127.0.0.1:15098, nodeId=scmNode-1,nodeAddress=/127.0.0.1:15082]
2024-10-28 08:10:44,132 [main] INFO  om.OzoneManager (OzoneManager.java:<init>(693)) - OM start with adminUsers: [runner]
2024-10-28 08:10:44,133 [main] WARN  server.ServerUtils (ServerUtils.java:getDBPath(299)) - ozone.om.db.dirs is not configured. We recommend adding this setting. Falling back to ozone.metadata.dirs instead.
2024-10-28 08:10:44,133 [main] INFO  helpers.OmKeyInfo (OmKeyInfo.java:getCodec(73)) - OmKeyInfo.getCodec ignorePipeline = true
2024-10-28 08:10:44,302 [main] INFO  om.OzoneManager (OzoneManager.java:instantiateServices(824)) - S3 Multi-Tenancy is disabled
2024-10-28 08:10:44,302 [main] INFO  om.OmSnapshotManager (OmSnapshotManager.java:<init>(182)) - Ozone filesystem snapshot feature is enabled.
2024-10-28 08:10:44,303 [main] WARN  server.ServerUtils (ServerUtils.java:getDBPath(299)) - ozone.om.snapshot.diff.db.dir is not configured. We recommend adding this setting. Falling back to ozone.metadata.dirs instead.
2024-10-28 08:10:44,320 [main] INFO  utils.NativeLibraryLoader (NativeLibraryLoader.java:loadLibrary(120)) - Loading Library: ozone_rocksdb_tools
2024-10-28 08:10:44,321 [main] WARN  snapshot.SnapshotDiffManager (SnapshotDiffManager.java:initNativeLibraryForEfficientDiff(287)) - Native Library for raw sst file reading loading failed. Fallback to performing a full diff instead. Unable to load library ozone_rocksdb_tools from both java.library.path & resource file libozone_rocksdb_tools.so from jar.
2024-10-28 08:10:44,323 [main] INFO  om.OzoneManager (OzoneManager.java:addS3GVolumeToDB(4560)) - Created Volume s3v With Owner runner required for S3Gateway operations.
2024-10-28 08:10:44,323 [main] WARN  server.ServerUtils (ServerUtils.java:getDefaultRatisDirectory(311)) - Storage directory for Ratis is not configured. It is a good idea to map this to an SSD disk. Falling back to ozone.metadata.dirs
2024-10-28 08:10:44,324 [main] WARN  utils.OzoneManagerRatisUtils (OzoneManagerRatisUtils.java:getOMRatisSnapshotDirectory(483)) - ozone.om.ratis.snapshot.dir is not configured. Falling back to ozone.metadata.dirs config
2024-10-28 08:10:44,324 [main] INFO  utils.RDBSnapshotProvider (RDBSnapshotProvider.java:init(87)) - Cleaning up the candidate dir: /home/runner/work/ozone/ozone/hadoop-ozone/integration-test/target/test-dir/MiniOzoneClusterImpl-0da7ab08-e378-40bf-aed1-312ccc1152ed/omNode-3/snapshot/om.db.candidate
2024-10-28 08:10:44,324 [main] INFO  ratis_snapshot.OmRatisSnapshotProvider (OmRatisSnapshotProvider.java:<init>(99)) - Initializing OM Snapshot Provider
2024-10-28 08:10:44,325 [main] WARN  dropwizard3.Dm3MetricRegistriesImpl (Dm3MetricRegistriesImpl.java:addReporterRegistration(114)) - New reporters are added after registries were created. Some metrics will be missing from the reporter. Please add reporter before adding any new registry.
2024-10-28 08:10:44,325 [main] WARN  dropwizard3.Dm3MetricRegistriesImpl (Dm3MetricRegistriesImpl.java:addReporterRegistration(114)) - New reporters are added after registries were created. Some metrics will be missing from the reporter. Please add reporter before adding any new registry.
2024-10-28 08:10:44,326 [main] WARN  server.ServerUtils (ServerUtils.java:getDefaultRatisDirectory(311)) - Storage directory for Ratis is not configured. It is a good idea to map this to an SSD disk. Falling back to ozone.metadata.dirs
2024-10-28 08:10:44,326 [main] INFO  server.RaftServerConfigKeys (ConfUtils.java:logGet(46)) - raft.server.log.appender.buffer.byte-limit = 4194304 (custom)
2024-10-28 08:10:44,327 [main] INFO  ratis.OzoneManagerRatisServer (OzoneManagerRatisServer.java:<init>(169)) - Instantiating OM Ratis server with groupID: om-service-test1 and peers: localhost:15122, localhost:15114, localhost:15118
2024-10-28 08:10:44,327 [main] INFO  ratis.OzoneManagerStateMachine (OzoneManagerStateMachine.java:loadSnapshotInfoFromDB(601)) - TransactionInfo not found in OM DB.
2024-10-28 08:10:44,328 [main] INFO  server.RaftServer (ConfUtils.java:logGet(46)) - raft.rpc.type = GRPC (default)
2024-10-28 08:10:44,328 [main] INFO  grpc.GrpcConfigKeys (ConfUtils.java:logFallback(53)) - raft.grpc.admin.host = null (fallback to raft.grpc.server.host)
2024-10-28 08:10:44,328 [main] INFO  grpc.GrpcConfigKeys (ConfUtils.java:logFallback(53)) - raft.grpc.admin.port = 15122 (fallback to raft.grpc.server.port)
2024-10-28 08:10:44,328 [main] INFO  grpc.GrpcConfigKeys (ConfUtils.java:logFallback(53)) - raft.grpc.client.host = null (fallback to raft.grpc.server.host)
2024-10-28 08:10:44,329 [main] INFO  grpc.GrpcConfigKeys (ConfUtils.java:logFallback(53)) - raft.grpc.client.port = 15122 (fallback to raft.grpc.server.port)
2024-10-28 08:10:44,329 [main] INFO  grpc.GrpcConfigKeys (ConfUtils.java:logGet(46)) - raft.grpc.server.host = null (default)
2024-10-28 08:10:44,329 [main] INFO  grpc.GrpcConfigKeys (ConfUtils.java:logGet(46)) - raft.grpc.server.port = 15122 (custom)
2024-10-28 08:10:44,329 [main] INFO  server.GrpcService (ConfUtils.java:logGet(46)) - raft.grpc.message.size.max = 5242880 (custom)
2024-10-28 08:10:44,329 [main] INFO  server.GrpcService (ConfUtils.java:logGet(46)) - raft.grpc.flow.control.window = 1MB (=1048576) (default)
2024-10-28 08:10:44,329 [main] INFO  server.RaftServerConfigKeys (ConfUtils.java:logGet(46)) - raft.server.rpc.request.timeout = 3000ms (default)
2024-10-28 08:10:44,329 [main] INFO  grpc.GrpcConfigKeys (ConfUtils.java:logGet(46)) - raft.grpc.server.heartbeat.channel = true (default)
2024-10-28 08:10:44,330 [main] INFO  server.RaftServerConfigKeys (ConfUtils.java:logGet(46)) - raft.server.log.appender.buffer.byte-limit = 4194304 (custom)
2024-10-28 08:10:44,330 [main] INFO  grpc.GrpcConfigKeys (ConfUtils.java:logGet(46)) - raft.grpc.server.async.request.thread.pool.cached = true (default)
2024-10-28 08:10:44,330 [main] INFO  grpc.GrpcConfigKeys (ConfUtils.java:logGet(46)) - raft.grpc.server.async.request.thread.pool.size = 32 (default)
2024-10-28 08:10:44,331 [main] INFO  impl.DataStreamServerImpl (ConfUtils.java:logGet(46)) - raft.datastream.type = DISABLED (default)
2024-10-28 08:10:44,331 [main] INFO  server.RaftServerConfigKeys (ConfUtils.java:logGet(46)) - raft.server.sleep.deviation.threshold = 300ms (default)
2024-10-28 08:10:44,331 [main] INFO  server.RaftServerConfigKeys (ConfUtils.java:logGet(46)) - raft.server.close.threshold = 60s (default)
2024-10-28 08:10:44,331 [main] INFO  server.RaftServerConfigKeys (ConfUtils.java:logGet(46)) - raft.server.leaderelection.leader.step-down.wait-time = 10s (default)
2024-10-28 08:10:44,332 [main] INFO  server.RaftServerConfigKeys (ConfUtils.java:logGet(46)) - raft.server.storage.dir = [/home/runner/work/ozone/ozone/hadoop-ozone/integration-test/target/test-dir/MiniOzoneClusterImpl-0da7ab08-e378-40bf-aed1-312ccc1152ed/omNode-3/ratis] (custom)
2024-10-28 08:10:44,332 [main] INFO  server.RaftServerConfigKeys (ConfUtils.java:logGet(46)) - raft.server.threadpool.proxy.cached = true (default)
2024-10-28 08:10:44,332 [main] INFO  server.RaftServerConfigKeys (ConfUtils.java:logGet(46)) - raft.server.threadpool.proxy.size = 0 (default)
2024-10-28 08:10:44,333 [main] INFO  server.RaftServer (RaftServerProxy.java:addNew(100)) - omNode-3: addNew group-523986131536:[omNode-3|localhost:15122, omNode-1|localhost:15114, omNode-2|localhost:15118] returns group-523986131536:java.util.concurrent.CompletableFuture@3313ccdd[Not completed]
2024-10-28 08:10:44,333 [main] INFO  om.OzoneManager (OzoneManager.java:initializeRatisServer(2199)) - OzoneManager Ratis server initialized at port 15122
2024-10-28 08:10:44,333 [omNode-3-groupManagement] INFO  server.RaftServer$Division (RaftServerImpl.java:<init>(254)) - omNode-3: new RaftServerImpl for group-523986131536:[omNode-3|localhost:15122, omNode-1|localhost:15114, omNode-2|localhost:15118] with OzoneManagerStateMachine:uninitialized
2024-10-28 08:10:44,333 [main] INFO  om.OzoneManager (OzoneManager.java:getRpcServer(1246)) - Creating RPC Server
2024-10-28 08:10:44,334 [omNode-3-groupManagement] INFO  server.RaftServerConfigKeys (ConfUtils.java:logGet(46)) - raft.server.rpc.timeout.min = 1s (custom)
2024-10-28 08:10:44,334 [omNode-3-groupManagement] INFO  server.RaftServerConfigKeys (ConfUtils.java:logGet(46)) - raft.server.rpc.timeout.max = 1200ms (custom)
2024-10-28 08:10:44,334 [omNode-3-groupManagement] INFO  server.RaftServerConfigKeys (ConfUtils.java:logGet(46)) - raft.server.rpc.sleep.time = 25ms (default)
2024-10-28 08:10:44,334 [omNode-3-groupManagement] INFO  server.RaftServerConfigKeys (ConfUtils.java:logGet(46)) - raft.server.rpc.slowness.timeout = 2s (custom)
2024-10-28 08:10:44,334 [omNode-3-groupManagement] INFO  server.RaftServerConfigKeys (ConfUtils.java:logGet(46)) - raft.server.leaderelection.leader.step-down.wait-time = 10s (default)
2024-10-28 08:10:44,334 [omNode-3-groupManagement] INFO  server.RaftServerConfigKeys (ConfUtils.java:logGet(46)) - raft.server.leaderelection.member.majority-add = false (default)
2024-10-28 08:10:44,334 [omNode-3-groupManagement] INFO  server.RaftServerConfigKeys (ConfUtils.java:logGet(46)) - raft.server.sleep.deviation.threshold = 300ms (default)
2024-10-28 08:10:44,335 [omNode-3-groupManagement] INFO  server.RaftServer$Division (ServerState.java:<init>(114)) - omNode-3@group-523986131536: ConfigurationManager, init=conf: {index: -1, cur=peers:[omNode-3|localhost:15122, omNode-1|localhost:15114, omNode-2|localhost:15118]|listeners:[], old=null}, confs=<EMPTY_MAP>
2024-10-28 08:10:44,335 [omNode-3-groupManagement] INFO  server.RaftServerConfigKeys (ConfUtils.java:logGet(46)) - raft.server.notification.no-leader.timeout = 2s (custom)
2024-10-28 08:10:44,335 [omNode-3-groupManagement] INFO  server.RaftServerConfigKeys (ConfUtils.java:logGet(46)) - raft.server.read.timeout = 10s (default)
2024-10-28 08:10:44,335 [omNode-3-groupManagement] INFO  server.RaftServerConfigKeys (ConfUtils.java:logGet(46)) - raft.server.retrycache.expirytime = 300s (custom)
2024-10-28 08:10:44,335 [omNode-3-groupManagement] INFO  server.RaftServerConfigKeys (ConfUtils.java:logGet(46)) - raft.server.retrycache.statistics.expirytime = 100ms (default)
2024-10-28 08:10:44,335 [omNode-3-groupManagement] INFO  server.RaftServerConfigKeys (ConfUtils.java:logGet(46)) - raft.server.read.option = DEFAULT (default)
2024-10-28 08:10:44,335 [omNode-3-groupManagement] INFO  server.RaftServerConfigKeys (ConfUtils.java:logGet(46)) - raft.server.read.read-after-write-consistent.write-index-cache.expiry-time = 60s (default)
2024-10-28 08:10:44,338 [omNode-3-groupManagement] INFO  server.RaftServerConfigKeys (ConfUtils.java:logGet(46)) - raft.server.rpc.request.timeout = 3000ms (default)
2024-10-28 08:10:44,338 [omNode-3-groupManagement] INFO  server.RaftServerConfigKeys (ConfUtils.java:logGet(46)) - raft.server.log.appender.install.snapshot.enabled = false (custom)
2024-10-28 08:10:44,338 [omNode-3-groupManagement] INFO  server.RaftServerConfigKeys (ConfUtils.java:logGet(46)) - raft.server.threadpool.server.cached = true (default)
2024-10-28 08:10:44,338 [omNode-3-groupManagement] INFO  server.RaftServerConfigKeys (ConfUtils.java:logGet(46)) - raft.server.threadpool.server.size = 0 (default)
2024-10-28 08:10:44,339 [omNode-3-groupManagement] INFO  server.RaftServerConfigKeys (ConfUtils.java:logGet(46)) - raft.server.threadpool.client.cached = true (default)
2024-10-28 08:10:44,339 [omNode-3-groupManagement] INFO  server.RaftServerConfigKeys (ConfUtils.java:logGet(46)) - raft.server.threadpool.client.size = 0 (default)
2024-10-28 08:10:44,471 [omNode-1@group-523986131536-FollowerState] INFO  impl.FollowerState (FollowerState.java:run(144)) - omNode-1@group-523986131536-FollowerState: change to CANDIDATE, lastRpcElapsedTime:1171810594ns, electionTimeout:1170ms
2024-10-28 08:10:44,471 [omNode-1@group-523986131536-FollowerState] INFO  impl.RoleInfo (RoleInfo.java:shutdownFollowerState(119)) - omNode-1: shutdown omNode-1@group-523986131536-FollowerState
2024-10-28 08:10:44,471 [omNode-1@group-523986131536-FollowerState] INFO  server.RaftServer$Division (RaftServerImpl.java:setRole(377)) - omNode-1@group-523986131536: changes role from  FOLLOWER to CANDIDATE at term 0 for changeToCandidate
2024-10-28 08:10:44,471 [omNode-1@group-523986131536-FollowerState] INFO  server.RaftServerConfigKeys (ConfUtils.java:logGet(46)) - raft.server.leaderelection.pre-vote = true (default)
2024-10-28 08:10:44,471 [omNode-1@group-523986131536-FollowerState] INFO  impl.RoleInfo (RoleInfo.java:updateAndGet(148)) - omNode-1: start omNode-1@group-523986131536-LeaderElection14
2024-10-28 08:10:44,475 [omNode-1@group-523986131536-LeaderElection14] INFO  impl.LeaderElection (LeaderElection.java:askForVotes(325)) - omNode-1@group-523986131536-LeaderElection14 PRE_VOTE round 0: submit vote requests at term 0 for conf: {index: -1, cur=peers:[omNode-3|localhost:15122, omNode-1|localhost:15114, omNode-2|localhost:15118]|listeners:[], old=null}
2024-10-28 08:10:44,484 [omNode-1@group-523986131536-LeaderElection14-1] INFO  server.GrpcServerProtocolClient (GrpcServerProtocolClient.java:<init>(65)) - Build channel for omNode-3|localhost:15122
2024-10-28 08:10:44,490 [omNode-1@group-523986131536-LeaderElection14] INFO  server.RaftServerConfigKeys (ConfUtils.java:logFallback(53)) - raft.server.rpc.first-election.timeout.min = 1s (fallback to raft.server.rpc.timeout.min)
2024-10-28 08:10:44,490 [omNode-1@group-523986131536-LeaderElection14] INFO  server.RaftServerConfigKeys (ConfUtils.java:logFallback(53)) - raft.server.rpc.first-election.timeout.max = 1200ms (fallback to raft.server.rpc.timeout.max)
2024-10-28 08:10:44,490 [omNode-1@group-523986131536-LeaderElection14] INFO  impl.LeaderElection (LogUtils.java:infoOrTrace(136)) - omNode-1@group-523986131536-LeaderElection14 got exception when requesting votes: java.util.concurrent.ExecutionException: org.apache.ratis.thirdparty.io.grpc.StatusRuntimeException: UNAVAILABLE: io exception
2024-10-28 08:10:44,490 [omNode-1@group-523986131536-LeaderElection14-2] INFO  server.GrpcServerProtocolClient (GrpcServerProtocolClient.java:<init>(65)) - Build channel for omNode-2|localhost:15118
2024-10-28 08:10:44,497 [grpc-default-executor-0] INFO  server.RaftServer$Division (RaftServerImpl.java:requestVote(1394)) - omNode-2@group-523986131536: receive requestVote(PRE_VOTE, omNode-1, group-523986131536, 0, (t:0, i:~))
2024-10-28 08:10:44,497 [grpc-default-executor-0] INFO  impl.VoteContext (VoteContext.java:log(49)) - omNode-2@group-523986131536-FOLLOWER: accept PRE_VOTE from omNode-1: our priority 0 <= candidate's priority 0
2024-10-28 08:10:44,497 [grpc-default-executor-0] INFO  server.RaftServer$Division (RaftServerImpl.java:requestVote(1427)) - omNode-2@group-523986131536 replies to PRE_VOTE vote request: omNode-1<-omNode-2#0:OK-t0. Peer's state: omNode-2@group-523986131536:t0, leader=null, voted=, raftlog=Memoized:omNode-2@group-523986131536-SegmentedRaftLog:OPENED:c-1:lastnull, conf=conf: {index: -1, cur=peers:[omNode-3|localhost:15122, omNode-1|localhost:15114, omNode-2|localhost:15118]|listeners:[], old=null}
2024-10-28 08:10:44,498 [omNode-1@group-523986131536-LeaderElection14] INFO  impl.LeaderElection (LeaderElection.java:logAndReturn(89)) - omNode-1@group-523986131536-LeaderElection14: PRE_VOTE PASSED received 1 response(s) and 1 exception(s):
2024-10-28 08:10:44,498 [omNode-1@group-523986131536-LeaderElection14] INFO  impl.LeaderElection (LeaderElection.java:logAndReturn(93)) -   Response 0: omNode-1<-omNode-2#0:OK-t0
2024-10-28 08:10:44,498 [omNode-1@group-523986131536-LeaderElection14] INFO  impl.LeaderElection (LogUtils.java:infoOrTrace(136)) -   Exception 1: java.util.concurrent.ExecutionException: org.apache.ratis.thirdparty.io.grpc.StatusRuntimeException: UNAVAILABLE: io exception
2024-10-28 08:10:44,498 [omNode-1@group-523986131536-LeaderElection14] INFO  impl.LeaderElection (LeaderElection.java:askForVotes(327)) - omNode-1@group-523986131536-LeaderElection14 PRE_VOTE round 0: result PASSED
2024-10-28 08:10:44,500 [omNode-1@group-523986131536-LeaderElection14] INFO  impl.LeaderElection (LeaderElection.java:askForVotes(325)) - omNode-1@group-523986131536-LeaderElection14 ELECTION round 0: submit vote requests at term 1 for conf: {index: -1, cur=peers:[omNode-3|localhost:15122, omNode-1|localhost:15114, omNode-2|localhost:15118]|listeners:[], old=null}
2024-10-28 08:10:44,514 [omNode-1@group-523986131536-LeaderElection14] INFO  server.RaftServerConfigKeys (ConfUtils.java:logFallback(53)) - raft.server.rpc.first-election.timeout.min = 1s (fallback to raft.server.rpc.timeout.min)
2024-10-28 08:10:44,514 [omNode-1@group-523986131536-LeaderElection14] INFO  server.RaftServerConfigKeys (ConfUtils.java:logFallback(53)) - raft.server.rpc.first-election.timeout.max = 1200ms (fallback to raft.server.rpc.timeout.max)
2024-10-28 08:10:44,514 [omNode-1@group-523986131536-LeaderElection14] INFO  impl.LeaderElection (LogUtils.java:infoOrTrace(136)) - omNode-1@group-523986131536-LeaderElection14 got exception when requesting votes: java.util.concurrent.ExecutionException: org.apache.ratis.thirdparty.io.grpc.StatusRuntimeException: UNAVAILABLE: io exception
2024-10-28 08:10:44,516 [grpc-default-executor-0] INFO  server.RaftServer$Division (RaftServerImpl.java:requestVote(1394)) - omNode-2@group-523986131536: receive requestVote(ELECTION, omNode-1, group-523986131536, 1, (t:0, i:~))
2024-10-28 08:10:44,516 [grpc-default-executor-0] INFO  impl.VoteContext (VoteContext.java:log(49)) - omNode-2@group-523986131536-FOLLOWER: accept ELECTION from omNode-1: our priority 0 <= candidate's priority 0
2024-10-28 08:10:44,517 [grpc-default-executor-0] INFO  server.RaftServer$Division (RaftServerImpl.java:setRole(377)) - omNode-2@group-523986131536: changes role from  FOLLOWER to FOLLOWER at term 0 for candidate:omNode-1
2024-10-28 08:10:44,517 [grpc-default-executor-0] INFO  impl.RoleInfo (RoleInfo.java:shutdownFollowerState(119)) - omNode-2: shutdown omNode-2@group-523986131536-FollowerState
2024-10-28 08:10:44,517 [grpc-default-executor-0] INFO  impl.RoleInfo (RoleInfo.java:updateAndGet(148)) - omNode-2: start omNode-2@group-523986131536-FollowerState
2024-10-28 08:10:44,517 [omNode-2@group-523986131536-FollowerState] INFO  impl.FollowerState (FollowerState.java:run(153)) - omNode-2@group-523986131536-FollowerState was interrupted
2024-10-28 08:10:44,517 [grpc-default-executor-0] INFO  server.RaftServer$Division (RaftServerImpl.java:setFirstElection(558)) - omNode-2@group-523986131536: set firstElectionSinceStartup to false for candidate:omNode-1
2024-10-28 08:10:44,518 [grpc-default-executor-0] INFO  server.RaftServer$Division (RaftServerImpl.java:requestVote(1427)) - omNode-2@group-523986131536 replies to ELECTION vote request: omNode-1<-omNode-2#0:OK-t1. Peer's state: omNode-2@group-523986131536:t1, leader=null, voted=omNode-1, raftlog=Memoized:omNode-2@group-523986131536-SegmentedRaftLog:OPENED:c-1:lastnull, conf=conf: {index: -1, cur=peers:[omNode-3|localhost:15122, omNode-1|localhost:15114, omNode-2|localhost:15118]|listeners:[], old=null}
2024-10-28 08:10:44,520 [omNode-1@group-523986131536-LeaderElection14] INFO  impl.LeaderElection (LeaderElection.java:logAndReturn(89)) - omNode-1@group-523986131536-LeaderElection14: ELECTION PASSED received 1 response(s) and 1 exception(s):
2024-10-28 08:10:44,520 [omNode-1@group-523986131536-LeaderElection14] INFO  impl.LeaderElection (LeaderElection.java:logAndReturn(93)) -   Response 0: omNode-1<-omNode-2#0:OK-t1
2024-10-28 08:10:44,520 [omNode-1@group-523986131536-LeaderElection14] INFO  impl.LeaderElection (LogUtils.java:infoOrTrace(136)) -   Exception 1: java.util.concurrent.ExecutionException: org.apache.ratis.thirdparty.io.grpc.StatusRuntimeException: UNAVAILABLE: io exception
2024-10-28 08:10:44,520 [omNode-1@group-523986131536-LeaderElection14] INFO  impl.LeaderElection (LeaderElection.java:askForVotes(327)) - omNode-1@group-523986131536-LeaderElection14 ELECTION round 0: result PASSED
2024-10-28 08:10:44,520 [omNode-1@group-523986131536-LeaderElection14] INFO  impl.RoleInfo (RoleInfo.java:shutdownLeaderElection(139)) - omNode-1: shutdown omNode-1@group-523986131536-LeaderElection14
2024-10-28 08:10:44,520 [omNode-1@group-523986131536-LeaderElection14] INFO  server.RaftServer$Division (RaftServerImpl.java:setRole(377)) - omNode-1@group-523986131536: changes role from CANDIDATE to LEADER at term 1 for changeToLeader
2024-10-28 08:10:44,521 [omNode-1@group-523986131536-LeaderElection14] INFO  server.RaftServerConfigKeys (ConfUtils.java:logGet(46)) - raft.server.staging.catchup.gap = 1000 (default)
2024-10-28 08:10:44,521 [omNode-1@group-523986131536-LeaderElection14] INFO  server.RaftServerConfigKeys (ConfUtils.java:logGet(46)) - raft.server.write.element-limit = 4096 (default)
2024-10-28 08:10:44,522 [omNode-1@group-523986131536-LeaderElection14] INFO  server.RaftServerConfigKeys (ConfUtils.java:logGet(46)) - raft.server.write.byte-limit = 64MB (=67108864) (default)
2024-10-28 08:10:44,522 [omNode-1@group-523986131536-LeaderElection14] INFO  server.RaftServerConfigKeys (ConfUtils.java:logGet(46)) - raft.server.watch.timeout = 10s (default)
2024-10-28 08:10:44,522 [omNode-1@group-523986131536-LeaderElection14] INFO  server.RaftServerConfigKeys (ConfUtils.java:logGet(46)) - raft.server.watch.timeout.denomination = 1s (default)
2024-10-28 08:10:44,522 [omNode-1@group-523986131536-LeaderElection14] INFO  server.RaftServerConfigKeys (ConfUtils.java:logGet(46)) - raft.server.watch.element-limit = 65536 (default)
2024-10-28 08:10:44,522 [omNode-1@group-523986131536-LeaderElection14] INFO  server.RaftServerConfigKeys (ConfUtils.java:logGet(46)) - raft.server.read.leader.lease.enabled = false (default)
2024-10-28 08:10:44,522 [omNode-1@group-523986131536-LeaderElection14] INFO  server.RaftServerConfigKeys (ConfUtils.java:logGet(46)) - raft.server.read.leader.lease.timeout.ratio = 0.9 (default)
2024-10-28 08:10:44,522 [omNode-1@group-523986131536-LeaderElection14] INFO  server.RaftServerConfigKeys (ConfUtils.java:logGet(46)) - raft.server.rpc.timeout.min = 1s (custom)
2024-10-28 08:10:44,522 [omNode-1@group-523986131536-LeaderElection14] INFO  server.RaftServerConfigKeys (ConfUtils.java:logGet(46)) - raft.server.log.log-metadata.enabled = true (default)
2024-10-28 08:10:44,522 [omNode-1@group-523986131536-LeaderElection14] INFO  server.RaftServerConfigKeys (ConfUtils.java:logGet(46)) - raft.server.write.element-limit = 4096 (default)
2024-10-28 08:10:44,523 [omNode-1@group-523986131536-LeaderElection14] INFO  server.RaftServerConfigKeys (ConfUtils.java:logGet(46)) - raft.server.write.follower.gap.ratio.max = -1.0 (default)
2024-10-28 08:10:44,523 [omNode-1@group-523986131536-LeaderElection14] INFO  server.RaftServerConfigKeys (ConfUtils.java:logGet(46)) - raft.server.log.appender.snapshot.chunk.size.max = 16MB (=16777216) (default)
2024-10-28 08:10:44,523 [omNode-1@group-523986131536-LeaderElection14] INFO  server.RaftServerConfigKeys (ConfUtils.java:logGet(46)) - raft.server.log.appender.buffer.byte-limit = 4194304 (custom)
2024-10-28 08:10:44,523 [omNode-1@group-523986131536-LeaderElection14] INFO  server.RaftServerConfigKeys (ConfUtils.java:logGet(46)) - raft.server.log.appender.buffer.element-limit = 1024 (custom)
2024-10-28 08:10:44,523 [omNode-1@group-523986131536-LeaderElection14] INFO  server.RaftServerConfigKeys (ConfUtils.java:logGet(46)) - raft.server.log.appender.wait-time.min = 0ms (custom)
2024-10-28 08:10:44,523 [omNode-1@group-523986131536-LeaderElection14] INFO  grpc.GrpcConfigKeys (ConfUtils.java:logGet(46)) - raft.grpc.server.leader.outstanding.appends.max = 8 (default)
2024-10-28 08:10:44,523 [omNode-1@group-523986131536-LeaderElection14] INFO  server.RaftServerConfigKeys (ConfUtils.java:logGet(46)) - raft.server.rpc.request.timeout = 3000ms (default)
2024-10-28 08:10:44,524 [omNode-1@group-523986131536-LeaderElection14] INFO  grpc.GrpcConfigKeys (ConfUtils.java:logGet(46)) - raft.grpc.server.install_snapshot.request.element-limit = 8 (default)
2024-10-28 08:10:44,524 [omNode-1@group-523986131536-LeaderElection14] INFO  grpc.GrpcConfigKeys (ConfUtils.java:logGet(46)) - raft.grpc.server.install_snapshot.request.timeout = 3000ms (default)
2024-10-28 08:10:44,525 [omNode-1@group-523986131536-LeaderElection14] INFO  grpc.GrpcConfigKeys (ConfUtils.java:logGet(46)) - raft.grpc.server.log-message.batch.duration = 5s (default)
2024-10-28 08:10:44,525 [omNode-1@group-523986131536-LeaderElection14] INFO  server.RaftServerConfigKeys (ConfUtils.java:logGet(46)) - raft.server.log.appender.install.snapshot.enabled = false (custom)
2024-10-28 08:10:44,525 [omNode-1@group-523986131536-LeaderElection14] INFO  grpc.GrpcConfigKeys (ConfUtils.java:logGet(46)) - raft.grpc.server.heartbeat.channel = true (default)
2024-10-28 08:10:44,527 [omNode-1@group-523986131536-LeaderElection14] INFO  server.RaftServerConfigKeys (ConfUtils.java:logGet(46)) - raft.server.log.appender.snapshot.chunk.size.max = 16MB (=16777216) (default)
2024-10-28 08:10:44,527 [omNode-1@group-523986131536-LeaderElection14] INFO  server.RaftServerConfigKeys (ConfUtils.java:logGet(46)) - raft.server.log.appender.buffer.byte-limit = 4194304 (custom)
2024-10-28 08:10:44,528 [omNode-1@group-523986131536-LeaderElection14] INFO  server.RaftServerConfigKeys (ConfUtils.java:logGet(46)) - raft.server.log.appender.buffer.element-limit = 1024 (custom)
2024-10-28 08:10:44,529 [omNode-1@group-523986131536-LeaderElection14] INFO  server.RaftServerConfigKeys (ConfUtils.java:logGet(46)) - raft.server.log.appender.wait-time.min = 0ms (custom)
2024-10-28 08:10:44,529 [omNode-1@group-523986131536-LeaderElection14] INFO  grpc.GrpcConfigKeys (ConfUtils.java:logGet(46)) - raft.grpc.server.leader.outstanding.appends.max = 8 (default)
2024-10-28 08:10:44,530 [omNode-1@group-523986131536-LeaderElection14] INFO  server.RaftServerConfigKeys (ConfUtils.java:logGet(46)) - raft.server.rpc.request.timeout = 3000ms (default)
2024-10-28 08:10:44,530 [omNode-1@group-523986131536-LeaderElection14] INFO  grpc.GrpcConfigKeys (ConfUtils.java:logGet(46)) - raft.grpc.server.install_snapshot.request.element-limit = 8 (default)
2024-10-28 08:10:44,531 [omNode-1@group-523986131536-LeaderElection14] INFO  grpc.GrpcConfigKeys (ConfUtils.java:logGet(46)) - raft.grpc.server.install_snapshot.request.timeout = 3000ms (default)
2024-10-28 08:10:44,531 [omNode-1@group-523986131536-LeaderElection14] INFO  grpc.GrpcConfigKeys (ConfUtils.java:logGet(46)) - raft.grpc.server.log-message.batch.duration = 5s (default)
2024-10-28 08:10:44,532 [omNode-1@group-523986131536-LeaderElection14] INFO  server.RaftServerConfigKeys (ConfUtils.java:logGet(46)) - raft.server.log.appender.install.snapshot.enabled = false (custom)
2024-10-28 08:10:44,533 [omNode-1@group-523986131536-LeaderElection14] INFO  grpc.GrpcConfigKeys (ConfUtils.java:logGet(46)) - raft.grpc.server.heartbeat.channel = true (default)
2024-10-28 08:10:44,533 [omNode-1@group-523986131536-LeaderElection14] INFO  impl.RoleInfo (RoleInfo.java:updateAndGet(148)) - omNode-1: start omNode-1@group-523986131536-LeaderStateImpl
2024-10-28 08:10:44,534 [omNode-1@group-523986131536-LeaderElection14] INFO  server.RaftServer$Division (RaftServerImpl.java:setFirstElection(558)) - omNode-1@group-523986131536: set firstElectionSinceStartup to false for becomeLeader
2024-10-28 08:10:44,535 [omNode-1@group-523986131536-LeaderElection14] INFO  ratis.OzoneManagerStateMachine (OzoneManagerStateMachine.java:notifyLeaderChanged(164)) - omNode-1@group-523986131536: leader changed to omNode-1
2024-10-28 08:10:44,535 [omNode-1@group-523986131536-LeaderElection14] INFO  server.RaftServer$Division (ServerState.java:setLeader(272)) - omNode-1@group-523986131536: change Leader from null to omNode-1 at term 1 for becomeLeader, leader elected after 1619ms
2024-10-28 08:10:44,536 [omNode-1@group-523986131536-LeaderElection14] INFO  segmented.SegmentedRaftLogWorker (SegmentedRaftLogWorker.java:startLogSegment(437)) - omNode-1@group-523986131536-SegmentedRaftLogWorker: Starting segment from index:0
2024-10-28 08:10:44,537 [omNode-1@group-523986131536-SegmentedRaftLogWorker] INFO  segmented.BufferedWriteChannel (BufferedWriteChannel.java:open(61)) - open log_inprogress_0 at position 0
2024-10-28 08:10:44,545 [omNode-1@group-523986131536-LeaderElection14] INFO  server.RaftServer$Division (ServerState.java:setRaftConf(386)) - omNode-1@group-523986131536: set configuration conf: {index: 0, cur=peers:[omNode-3|localhost:15122, omNode-1|localhost:15114, omNode-2|localhost:15118]|listeners:[], old=null}
2024-10-28 08:10:44,550 [omNode-1@group-523986131536-SegmentedRaftLogWorker] INFO  segmented.SegmentedRaftLogWorker (SegmentedRaftLogWorker.java:execute(641)) - omNode-1@group-523986131536-SegmentedRaftLogWorker: created new log segment /home/runner/work/ozone/ozone/hadoop-ozone/integration-test/target/test-dir/MiniOzoneClusterImpl-0da7ab08-e378-40bf-aed1-312ccc1152ed/omNode-1/ratis/c9bc4cf4-3bc3-3c60-a66b-523986131536/current/log_inprogress_0
2024-10-28 08:10:44,552 [grpc-default-executor-0] WARN  server.GrpcLogAppender (LogUtils.java:warn(121)) - omNode-1@group-523986131536->omNode-3-AppendLogResponseHandler: Failed appendEntries: org.apache.ratis.thirdparty.io.grpc.StatusRuntimeException: UNAVAILABLE: io exception
2024-10-28 08:10:44,553 [grpc-default-executor-0] WARN  server.GrpcLogAppender (GrpcLogAppender.java:lambda$resetClient$1(221)) - omNode-1@group-523986131536->omNode-3-GrpcLogAppender: Follower failed (request=null, errorCount=1); keep nextIndex (0) unchanged and retry.
2024-10-28 08:10:44,559 [grpc-default-executor-2] WARN  server.GrpcLogAppender (GrpcLogAppender.java:lambda$resetClient$1(221)) - omNode-1@group-523986131536->omNode-3-GrpcLogAppender: Follower failed (request=null, errorCount=3); keep nextIndex (1) unchanged and retry.
2024-10-28 08:10:44,563 [omNode-2-server-thread1] INFO  ratis.OzoneManagerStateMachine (OzoneManagerStateMachine.java:notifyLeaderChanged(164)) - omNode-2@group-523986131536: leader changed to omNode-1
2024-10-28 08:10:44,563 [omNode-2-server-thread1] INFO  server.RaftServer$Division (ServerState.java:setLeader(272)) - omNode-2@group-523986131536: change Leader from null to omNode-1 at term 1 for appendEntries, leader elected after 925ms
2024-10-28 08:10:44,575 [omNode-2-server-thread3] INFO  server.RaftServer$Division (ServerState.java:setRaftConf(386)) - omNode-2@group-523986131536: set configuration conf: {index: 0, cur=peers:[omNode-3|localhost:15122, omNode-1|localhost:15114, omNode-2|localhost:15118]|listeners:[], old=null}
2024-10-28 08:10:44,575 [omNode-2-server-thread3] INFO  segmented.SegmentedRaftLogWorker (SegmentedRaftLogWorker.java:startLogSegment(437)) - omNode-2@group-523986131536-SegmentedRaftLogWorker: Starting segment from index:0
2024-10-28 08:10:44,577 [omNode-2@group-523986131536-SegmentedRaftLogWorker] INFO  segmented.BufferedWriteChannel (BufferedWriteChannel.java:open(61)) - open log_inprogress_0 at position 0
2024-10-28 08:10:44,586 [omNode-2@group-523986131536-SegmentedRaftLogWorker] INFO  segmented.SegmentedRaftLogWorker (SegmentedRaftLogWorker.java:execute(641)) - omNode-2@group-523986131536-SegmentedRaftLogWorker: created new log segment /home/runner/work/ozone/ozone/hadoop-ozone/integration-test/target/test-dir/MiniOzoneClusterImpl-0da7ab08-e378-40bf-aed1-312ccc1152ed/omNode-2/ratis/c9bc4cf4-3bc3-3c60-a66b-523986131536/current/log_inprogress_0
2024-10-28 08:10:44,589 [omNode-1@group-523986131536-StateMachineUpdater] INFO  ratis.OzoneManagerStateMachine (OzoneManagerStateMachine.java:notifyConfigurationChanged(218)) - Received Configuration change notification from Ratis. New Peer list:
[id: "omNode-3"
address: "localhost:15122"
startupRole: FOLLOWER
, id: "omNode-1"
address: "localhost:15114"
startupRole: FOLLOWER
, id: "omNode-2"
address: "localhost:15118"
startupRole: FOLLOWER
]
2024-10-28 08:10:44,589 [omNode-1@group-523986131536-StateMachineUpdater] INFO  server.RaftServer$Division (LeaderStateImpl.java:checkStartIndex(316)) - Leader omNode-1@group-523986131536-LeaderStateImpl is ready since appliedIndex == startIndex == 0
2024-10-28 08:10:44,709 [main] INFO  reflections.Reflections (Reflections.java:scan(219)) - Reflections took 375 ms to scan 20 urls, producing 60 keys and 7263 values
2024-10-28 08:10:44,710 [main] INFO  ipc.CallQueueManager (CallQueueManager.java:<init>(90)) - Using callQueue: class java.util.concurrent.LinkedBlockingQueue, queueCapacity: 2000, scheduler: class org.apache.hadoop.ipc.DefaultRpcScheduler, ipcBackoff: false.
2024-10-28 08:10:44,711 [main] INFO  ipc.Server (Server.java:<init>(1287)) - Listener at 127.0.0.1:15119
2024-10-28 08:10:44,712 [Socket Reader #1 for port 15119] INFO  ipc.Server (Server.java:run(1323)) - Starting Socket Reader #1 for port 15119
2024-10-28 08:10:44,719 [Socket Reader #2 for port 15119] INFO  ipc.Server (Server.java:run(1323)) - Starting Socket Reader #2 for port 15119
2024-10-28 08:10:44,721 [Socket Reader #3 for port 15119] INFO  ipc.Server (Server.java:run(1323)) - Starting Socket Reader #3 for port 15119
2024-10-28 08:10:44,721 [Socket Reader #5 for port 15119] INFO  ipc.Server (Server.java:run(1323)) - Starting Socket Reader #5 for port 15119
2024-10-28 08:10:44,722 [Socket Reader #4 for port 15119] INFO  ipc.Server (Server.java:run(1323)) - Starting Socket Reader #4 for port 15119
2024-10-28 08:10:44,724 [Socket Reader #6 for port 15119] INFO  ipc.Server (Server.java:run(1323)) - Starting Socket Reader #6 for port 15119
2024-10-28 08:10:44,724 [Socket Reader #7 for port 15119] INFO  ipc.Server (Server.java:run(1323)) - Starting Socket Reader #7 for port 15119
2024-10-28 08:10:44,728 [Socket Reader #8 for port 15119] INFO  ipc.Server (Server.java:run(1323)) - Starting Socket Reader #8 for port 15119
2024-10-28 08:10:44,728 [Socket Reader #10 for port 15119] INFO  ipc.Server (Server.java:run(1323)) - Starting Socket Reader #10 for port 15119
2024-10-28 08:10:44,729 [Socket Reader #9 for port 15119] INFO  ipc.Server (Server.java:run(1323)) - Starting Socket Reader #9 for port 15119
2024-10-28 08:10:44,753 [main] INFO  impl.MetricsSystemImpl (MetricsSystemImpl.java:init(158)) - OzoneManager metrics system started (again)
2024-10-28 08:10:44,772 [main] INFO  om.OzoneManager (OzoneManager.java:start(1674)) - OzoneManager RPC server is listening at localhost/127.0.0.1:15119
2024-10-28 08:10:44,773 [main] INFO  ratis.OzoneManagerRatisServer (OzoneManagerRatisServer.java:start(603)) - Starting OzoneManagerRatisServer omNode-3 at port 15122
2024-10-28 08:10:44,773 [omNode-3-impl-thread1] INFO  server.RaftServerConfigKeys (ConfUtils.java:logGet(46)) - raft.server.storage.free-space.min = 0MB (=0) (default)
2024-10-28 08:10:44,773 [omNode-3-impl-thread1] INFO  server.RaftServerConfigKeys (ConfUtils.java:logGet(46)) - raft.server.log.corruption.policy = EXCEPTION (default)
2024-10-28 08:10:44,773 [omNode-3-impl-thread1] INFO  server.RaftServerConfigKeys (ConfUtils.java:logGet(46)) - raft.server.storage.dir = [/home/runner/work/ozone/ozone/hadoop-ozone/integration-test/target/test-dir/MiniOzoneClusterImpl-0da7ab08-e378-40bf-aed1-312ccc1152ed/omNode-3/ratis] (custom)
2024-10-28 08:10:44,774 [omNode-3-impl-thread1] INFO  storage.RaftStorageDirectory (RaftStorageDirectoryImpl.java:analyzeStorage(138)) - The storage directory /home/runner/work/ozone/ozone/hadoop-ozone/integration-test/target/test-dir/MiniOzoneClusterImpl-0da7ab08-e378-40bf-aed1-312ccc1152ed/omNode-3/ratis/c9bc4cf4-3bc3-3c60-a66b-523986131536 does not exist. Creating ...
2024-10-28 08:10:44,775 [omNode-3-impl-thread1] INFO  storage.RaftStorageDirectory (RaftStorageDirectoryImpl.java:tryLock(229)) - Lock on /home/runner/work/ozone/ozone/hadoop-ozone/integration-test/target/test-dir/MiniOzoneClusterImpl-0da7ab08-e378-40bf-aed1-312ccc1152ed/omNode-3/ratis/c9bc4cf4-3bc3-3c60-a66b-523986131536/in_use.lock acquired by nodename 9135@fv-az886-152
2024-10-28 08:10:44,776 [omNode-3-impl-thread1] INFO  storage.RaftStorage (RaftStorageImpl.java:format(98)) - Storage directory /home/runner/work/ozone/ozone/hadoop-ozone/integration-test/target/test-dir/MiniOzoneClusterImpl-0da7ab08-e378-40bf-aed1-312ccc1152ed/omNode-3/ratis/c9bc4cf4-3bc3-3c60-a66b-523986131536 has been successfully formatted.
2024-10-28 08:10:44,776 [omNode-3-impl-thread1] INFO  ratis.OzoneManagerStateMachine (OzoneManagerStateMachine.java:lambda$0(138)) - omNode-3: initialize group-523986131536 with (t:0, i:~)
2024-10-28 08:10:44,776 [omNode-3-impl-thread1] INFO  server.RaftServerConfigKeys (ConfUtils.java:logGet(46)) - raft.server.log.use.memory = false (default)
2024-10-28 08:10:44,777 [omNode-3-impl-thread1] INFO  server.RaftServerConfigKeys (ConfUtils.java:logGet(46)) - raft.server.log.purge.gap = 1000000 (custom)
2024-10-28 08:10:44,777 [omNode-3-impl-thread1] INFO  server.RaftServerConfigKeys (ConfUtils.java:logGet(46)) - raft.server.log.appender.buffer.byte-limit = 4194304 (custom)
2024-10-28 08:10:44,777 [omNode-3-impl-thread1] INFO  server.RaftServerConfigKeys (ConfUtils.java:logGet(46)) - raft.server.log.statemachine.data.read.timeout = 1000ms (default)
2024-10-28 08:10:44,777 [omNode-3-impl-thread1] INFO  server.RaftServerConfigKeys (ConfUtils.java:logGet(46)) - raft.server.log.purge.preservation.log.num = 0 (default)
2024-10-28 08:10:44,778 [omNode-3-impl-thread1] INFO  server.RaftServerConfigKeys (ConfUtils.java:logGet(46)) - raft.server.log.segment.size.max = 4194304 (custom)
2024-10-28 08:10:44,778 [omNode-3-impl-thread1] INFO  server.RaftServerConfigKeys (ConfUtils.java:logGet(46)) - raft.server.log.segment.cache.num.max = 2 (custom)
2024-10-28 08:10:44,778 [omNode-3-impl-thread1] INFO  server.RaftServerConfigKeys (ConfUtils.java:logGet(46)) - raft.server.log.segment.cache.size.max = 200MB (=209715200) (default)
2024-10-28 08:10:44,778 [omNode-3-impl-thread1] INFO  server.RaftServerConfigKeys (ConfUtils.java:logGet(46)) - raft.server.log.appender.buffer.byte-limit = 4194304 (custom)
2024-10-28 08:10:44,779 [omNode-3-impl-thread1] INFO  util.AwaitToRun (AwaitToRun.java:start(81)) - Thread[omNode-3@group-523986131536-cacheEviction-AwaitToRun,5,main] started
2024-10-28 08:10:44,779 [omNode-3-impl-thread1] INFO  segmented.SegmentedRaftLogWorker (SegmentedRaftLogWorker.java:<init>(187)) - new omNode-3@group-523986131536-SegmentedRaftLogWorker for RaftStorageImpl:Storage Directory /home/runner/work/ozone/ozone/hadoop-ozone/integration-test/target/test-dir/MiniOzoneClusterImpl-0da7ab08-e378-40bf-aed1-312ccc1152ed/omNode-3/ratis/c9bc4cf4-3bc3-3c60-a66b-523986131536
2024-10-28 08:10:44,779 [omNode-3-impl-thread1] INFO  server.RaftServerConfigKeys (ConfUtils.java:logGet(46)) - raft.server.log.queue.byte-limit = 64MB (=67108864) (default)
2024-10-28 08:10:44,779 [omNode-3-impl-thread1] INFO  server.RaftServerConfigKeys (ConfUtils.java:logGet(46)) - raft.server.log.queue.element-limit = 4096 (default)
2024-10-28 08:10:44,779 [omNode-3-impl-thread1] INFO  server.RaftServerConfigKeys (ConfUtils.java:logGet(46)) - raft.server.log.segment.size.max = 4194304 (custom)
2024-10-28 08:10:44,779 [omNode-3-impl-thread1] INFO  server.RaftServerConfigKeys (ConfUtils.java:logGet(46)) - raft.server.log.preallocated.size = 4194304 (custom)
2024-10-28 08:10:44,779 [omNode-3-impl-thread1] INFO  server.RaftServerConfigKeys (ConfUtils.java:logGet(46)) - raft.server.log.force.sync.num = 128 (default)
2024-10-28 08:10:44,779 [omNode-3-impl-thread1] INFO  server.RaftServerConfigKeys (ConfUtils.java:logGet(46)) - raft.server.log.statemachine.data.sync = true (default)
2024-10-28 08:10:44,779 [omNode-3-impl-thread1] INFO  server.RaftServerConfigKeys (ConfUtils.java:logGet(46)) - raft.server.log.statemachine.data.sync.timeout = 10s (default)
2024-10-28 08:10:44,779 [omNode-3-impl-thread1] INFO  server.RaftServerConfigKeys (ConfUtils.java:logGet(46)) - raft.server.log.statemachine.data.sync.timeout.retry = -1 (default)
2024-10-28 08:10:44,780 [omNode-3-impl-thread1] INFO  server.RaftServerConfigKeys (ConfUtils.java:logGet(46)) - raft.server.log.write.buffer.size = 4194312 (custom)
2024-10-28 08:10:44,780 [omNode-3-impl-thread1] INFO  server.RaftServerConfigKeys (ConfUtils.java:logGet(46)) - raft.server.log.appender.buffer.byte-limit = 4194304 (custom)
2024-10-28 08:10:44,780 [omNode-3-impl-thread1] INFO  server.RaftServerConfigKeys (ConfUtils.java:logGet(46)) - raft.server.log.unsafe-flush.enabled = false (default)
2024-10-28 08:10:44,780 [omNode-3-impl-thread1] INFO  server.RaftServerConfigKeys (ConfUtils.java:logGet(46)) - raft.server.log.async-flush.enabled = false (default)
2024-10-28 08:10:44,780 [omNode-3-impl-thread1] INFO  server.RaftServerConfigKeys (ConfUtils.java:logGet(46)) - raft.server.log.statemachine.data.caching.enabled = false (default)
2024-10-28 08:10:44,780 [omNode-3-impl-thread1] INFO  segmented.SegmentedRaftLogWorker (SegmentedRaftLogWorker.java:lambda$new$0(138)) - omNode-3@group-523986131536-SegmentedRaftLogWorker: flushIndex: setUnconditionally 0 -> -1
2024-10-28 08:10:44,780 [omNode-3-impl-thread1] INFO  segmented.SegmentedRaftLogWorker (SegmentedRaftLogWorker.java:lambda$new$0(138)) - omNode-3@group-523986131536-SegmentedRaftLogWorker: safeCacheEvictIndex: setUnconditionally 0 -> -1
2024-10-28 08:10:44,781 [omNode-3-impl-thread1] INFO  server.RaftServer$Division (RaftServerImpl.java:start(390)) - omNode-3@group-523986131536: start as a follower, conf=conf: {index: -1, cur=peers:[omNode-3|localhost:15122, omNode-1|localhost:15114, omNode-2|localhost:15118]|listeners:[], old=null}
2024-10-28 08:10:44,781 [omNode-3-impl-thread1] INFO  server.RaftServer$Division (RaftServerImpl.java:setRole(377)) - omNode-3@group-523986131536: changes role from      null to FOLLOWER at term 0 for startAsFollower
2024-10-28 08:10:44,781 [omNode-3-impl-thread1] INFO  impl.RoleInfo (RoleInfo.java:updateAndGet(148)) - omNode-3: start omNode-3@group-523986131536-FollowerState
2024-10-28 08:10:44,784 [omNode-3-impl-thread1] INFO  util.JmxRegister (JmxRegister.java:tryRegister(44)) - Successfully registered JMX Bean with object name Ratis:service=RaftServer,group=group-523986131536,id=omNode-3
2024-10-28 08:10:44,784 [omNode-3-impl-thread1] INFO  util.JmxRegister (JmxRegister.java:register(58)) - register mxBean class org.apache.ratis.server.impl.RaftServerJmxAdapter as Ratis:service=RaftServer,group=group-523986131536,id=omNode-3
2024-10-28 08:10:44,784 [omNode-3-impl-thread1] INFO  server.RaftServerConfigKeys (ConfUtils.java:logGet(46)) - raft.server.snapshot.trigger-when-stop.enabled = true (default)
2024-10-28 08:10:44,784 [omNode-3-impl-thread1] INFO  server.RaftServerConfigKeys (ConfUtils.java:logGet(46)) - raft.server.snapshot.trigger-when-remove.enabled = true (default)
2024-10-28 08:10:44,784 [omNode-3-impl-thread1] INFO  server.RaftServerConfigKeys (ConfUtils.java:logGet(46)) - raft.server.snapshot.auto.trigger.enabled = true (custom)
2024-10-28 08:10:44,784 [omNode-3-impl-thread1] INFO  server.RaftServerConfigKeys (ConfUtils.java:logGet(46)) - raft.server.snapshot.auto.trigger.threshold = 400000 (default)
2024-10-28 08:10:44,784 [omNode-3-impl-thread1] INFO  server.RaftServerConfigKeys (ConfUtils.java:logGet(46)) - raft.server.snapshot.retention.file.num = -1 (default)
2024-10-28 08:10:44,784 [omNode-3-impl-thread1] INFO  server.RaftServerConfigKeys (ConfUtils.java:logGet(46)) - raft.server.log.purge.upto.snapshot.index = true (custom)
2024-10-28 08:10:44,784 [omNode-3@group-523986131536-FollowerState] INFO  server.RaftServerConfigKeys (ConfUtils.java:logFallback(53)) - raft.server.rpc.first-election.timeout.min = 1s (fallback to raft.server.rpc.timeout.min)
2024-10-28 08:10:44,785 [omNode-3@group-523986131536-FollowerState] INFO  server.RaftServerConfigKeys (ConfUtils.java:logFallback(53)) - raft.server.rpc.first-election.timeout.max = 1200ms (fallback to raft.server.rpc.timeout.max)
2024-10-28 08:10:44,785 [main] INFO  server.RaftServer (RaftServerProxy.java:startImpl(407)) - omNode-3: start RPC server
2024-10-28 08:10:44,786 [main] INFO  server.GrpcService (GrpcService.java:startImpl(334)) - omNode-3: GrpcService started, listening on 15122
2024-10-28 08:10:44,788 [JvmPauseMonitor16] INFO  util.JvmPauseMonitor (JvmPauseMonitor.java:run(146)) - JvmPauseMonitor-omNode-3: Started
2024-10-28 08:10:44,788 [main] INFO  om.OzoneManager (OzoneManager.java:start(1689)) - Version File has different layout version (7) than OM DB (null). That is expected if this OM has never been finalized to a newer layout version.
2024-10-28 08:10:44,790 [main] INFO  client.ScmTopologyClient (ScmTopologyClient.java:start(72)) - Initial network topology fetched from SCM: /.
2024-10-28 08:10:44,791 [main] INFO  net.NodeSchemaLoader (NodeSchemaLoader.java:loadSchemaFromFile(129)) - Loading schema from [jar:file:/home/runner/work/ozone/ozone/hadoop-hdds/common/target/hdds-common-2.0.0-SNAPSHOT.jar!/network-topology-default.xml]
2024-10-28 08:10:44,791 [main] INFO  net.NodeSchemaLoader (NodeSchemaLoader.java:loadSchema(176)) - Loading network topology layer schema file
2024-10-28 08:10:44,797 [main] INFO  http.BaseHttpServer (BaseHttpServer.java:newHttpServer2BuilderForOzone(223)) - Starting Web-server for ozoneManager at: http://0.0.0.0:15120
2024-10-28 08:10:44,797 [main] INFO  http.BaseHttpServer (BaseHttpServer.java:<init>(110)) - Hadoop Security Enabled: false Ozone Security Enabled: false Ozone HTTP Security Enabled: false 
2024-10-28 08:10:44,798 [main] WARN  server.AuthenticationFilter (AuthenticationFilter.java:constructSecretProvider(240)) - Unable to initialize FileSignerSecretProvider, falling back to use random secrets. Reason: Could not read signature secret file: /home/runner/hadoop-http-auth-signature-secret
2024-10-28 08:10:44,799 [main] INFO  http.HttpRequestLog (HttpRequestLog.java:getRequestLog(86)) - Http request log for http.requests.ozoneManager is not defined
2024-10-28 08:10:44,800 [main] INFO  http.HttpServer2 (HttpServer2.java:addGlobalFilter(1035)) - Added global filter 'safety' (class=org.apache.hadoop.hdds.server.http.HttpServer2$QuotingInputFilter)
2024-10-28 08:10:44,801 [main] INFO  http.HttpServer2 (HttpServer2.java:addFilter(1011)) - Added filter static_user_filter (class=org.apache.hadoop.http.lib.StaticUserWebFilter$StaticUserFilter) to context ozoneManager
2024-10-28 08:10:44,801 [main] INFO  http.HttpServer2 (HttpServer2.java:addFilter(1019)) - Added filter static_user_filter (class=org.apache.hadoop.http.lib.StaticUserWebFilter$StaticUserFilter) to context logs
2024-10-28 08:10:44,801 [main] INFO  http.HttpServer2 (HttpServer2.java:addFilter(1019)) - Added filter static_user_filter (class=org.apache.hadoop.http.lib.StaticUserWebFilter$StaticUserFilter) to context static
2024-10-28 08:10:44,802 [main] INFO  http.BaseHttpServer (BaseHttpServer.java:<init>(189)) - HTTP server of ozoneManager uses base directory /home/runner/work/ozone/ozone/hadoop-ozone/integration-test/target/test-dir/MiniOzoneClusterImpl-0da7ab08-e378-40bf-aed1-312ccc1152ed/omNode-3/webserver
2024-10-28 08:10:44,802 [main] INFO  http.HttpServer2 (HttpServer2.java:bindListener(1235)) - Jetty bound to port 15120
2024-10-28 08:10:44,802 [main] INFO  server.Server (Server.java:doStart(375)) - jetty-9.4.56.v20240826; built: 2024-08-26T17:15:05.868Z; git: ec6782ff5ead824dabdcf47fa98f90a4aedff401; jvm 17.0.12+7
2024-10-28 08:10:44,808 [main] INFO  server.session (DefaultSessionIdManager.java:doStart(334)) - DefaultSessionIdManager workerName=node0
2024-10-28 08:10:44,808 [main] INFO  server.session (DefaultSessionIdManager.java:doStart(339)) - No SessionScavenger set, using defaults
2024-10-28 08:10:44,808 [main] INFO  server.session (HouseKeeper.java:startScavenging(132)) - node0 Scavenging every 660000ms
2024-10-28 08:10:44,812 [main] INFO  handler.ContextHandler (ContextHandler.java:doStart(921)) - Started o.e.j.s.ServletContextHandler@3994d744{logs,/logs,file:///home/runner/work/ozone/ozone/hadoop-ozone/integration-test/target/log,AVAILABLE}
2024-10-28 08:10:44,812 [main] INFO  handler.ContextHandler (ContextHandler.java:doStart(921)) - Started o.e.j.s.ServletContextHandler@73439017{static,/static,file:///home/runner/work/ozone/ozone/hadoop-ozone/integration-test/target/test-classes/webapps/static,AVAILABLE}
2024-10-28 08:10:44,818 [main] INFO  handler.ContextHandler (ContextHandler.java:doStart(921)) - Started o.e.j.w.WebAppContext@76762af0{ozoneManager,/,file:///home/runner/work/ozone/ozone/hadoop-ozone/integration-test/target/test-classes/webapps/ozoneManager/,AVAILABLE}{file:/home/runner/work/ozone/ozone/hadoop-ozone/integration-test/target/test-classes/webapps/ozoneManager}
2024-10-28 08:10:44,818 [main] INFO  server.AbstractConnector (AbstractConnector.java:doStart(333)) - Started ServerConnector@179f606c{HTTP/1.1, (http/1.1)}{0.0.0.0:15120}
2024-10-28 08:10:44,819 [main] INFO  server.Server (Server.java:doStart(415)) - Started @177615ms
2024-10-28 08:10:44,819 [main] WARN  impl.MetricsSystemImpl (MetricsSystemImpl.java:register(279)) - Sink prometheus already exists!
2024-10-28 08:10:44,819 [main] INFO  http.BaseHttpServer (BaseHttpServer.java:updateConnectorAddress(354)) - HTTP server of ozoneManager listening at http://0.0.0.0:15120
2024-10-28 08:10:44,820 [IPC Server Responder] INFO  ipc.Server (Server.java:run(1562)) - IPC Server Responder: starting
2024-10-28 08:10:44,825 [IPC Server listener on 15119] INFO  ipc.Server (Server.java:run(1402)) - IPC Server listener on 15119: starting
2024-10-28 08:10:44,832 [main] INFO  om.OzoneManager (OzoneManager.java:startTrashEmptier(2152)) - Trash Interval set to 0. Files deleted won't move to trash
2024-10-28 08:10:44,833 [main] INFO  ozone.MiniOzoneHAClusterImpl (MiniOzoneHAClusterImpl.java:createOMService(517)) - Started OzoneManager omNode-3 RPC server at localhost/127.0.0.1:15119
2024-10-28 08:10:44,839 [main] WARN  dropwizard3.Dm3MetricRegistriesImpl (Dm3MetricRegistriesImpl.java:addReporterRegistration(114)) - New reporters are added after registries were created. Some metrics will be missing from the reporter. Please add reporter before adding any new registry.
2024-10-28 08:10:44,839 [main] WARN  dropwizard3.Dm3MetricRegistriesImpl (Dm3MetricRegistriesImpl.java:addReporterRegistration(114)) - New reporters are added after registries were created. Some metrics will be missing from the reporter. Please add reporter before adding any new registry.
2024-10-28 08:10:44,840 [main] INFO  impl.MetricsSystemImpl (MetricsSystemImpl.java:init(158)) - HddsDatanode metrics system started (again)
2024-10-28 08:10:44,854 [main] INFO  ozone.HddsDatanodeService (HddsDatanodeService.java:start(234)) - HddsDatanodeService host:fv-az886-152.zcyxlggriy4uppruju113mie5f.cx.internal.cloudapp.net ip:10.1.0.23
2024-10-28 08:10:44,856 [main] INFO  upgrade.AbstractLayoutVersionManager (AbstractLayoutVersionManager.java:init(83)) - Initializing Layout version manager with metadata layout = HBASE_SUPPORT (version = 8), software layout = HBASE_SUPPORT (version = 8)
2024-10-28 08:10:44,856 [main] INFO  ha.SCMNodeInfo (SCMNodeInfo.java:getPort(196)) - ConfigKey ozone.scm.client.address is deprecated, For configuring different ports for each SCM use PortConfigKey ozone.scm.client.port appended with serviceId and nodeId
2024-10-28 08:10:44,856 [main] INFO  ha.SCMNodeInfo (SCMNodeInfo.java:getPort(196)) - ConfigKey ozone.scm.block.client.address is deprecated, For configuring different ports for each SCM use PortConfigKey ozone.scm.block.client.port appended with serviceId and nodeId
2024-10-28 08:10:44,857 [main] INFO  ha.SCMNodeInfo (SCMNodeInfo.java:getPort(196)) - ConfigKey ozone.scm.security.service.address is deprecated, For configuring different ports for each SCM use PortConfigKey ozone.scm.security.service.port appended with serviceId and nodeId
2024-10-28 08:10:44,857 [main] INFO  ha.SCMNodeInfo (SCMNodeInfo.java:getPort(196)) - ConfigKey ozone.scm.datanode.address is deprecated, For configuring different ports for each SCM use PortConfigKey ozone.scm.datanode.port appended with serviceId and nodeId
2024-10-28 08:10:44,857 [main] INFO  ha.SCMNodeInfo (SCMNodeInfo.java:getPort(196)) - ConfigKey ozone.scm.client.address is deprecated, For configuring different ports for each SCM use PortConfigKey ozone.scm.client.port appended with serviceId and nodeId
2024-10-28 08:10:44,857 [main] INFO  ha.SCMNodeInfo (SCMNodeInfo.java:getPort(196)) - ConfigKey ozone.scm.block.client.address is deprecated, For configuring different ports for each SCM use PortConfigKey ozone.scm.block.client.port appended with serviceId and nodeId
2024-10-28 08:10:44,857 [main] INFO  ha.SCMNodeInfo (SCMNodeInfo.java:getPort(196)) - ConfigKey ozone.scm.security.service.address is deprecated, For configuring different ports for each SCM use PortConfigKey ozone.scm.security.service.port appended with serviceId and nodeId
2024-10-28 08:10:44,857 [main] INFO  ha.SCMNodeInfo (SCMNodeInfo.java:getPort(196)) - ConfigKey ozone.scm.datanode.address is deprecated, For configuring different ports for each SCM use PortConfigKey ozone.scm.datanode.port appended with serviceId and nodeId
2024-10-28 08:10:44,857 [main] INFO  ha.SCMNodeInfo (SCMNodeInfo.java:getPort(196)) - ConfigKey ozone.scm.client.address is deprecated, For configuring different ports for each SCM use PortConfigKey ozone.scm.client.port appended with serviceId and nodeId
2024-10-28 08:10:44,857 [main] INFO  ha.SCMNodeInfo (SCMNodeInfo.java:getPort(196)) - ConfigKey ozone.scm.block.client.address is deprecated, For configuring different ports for each SCM use PortConfigKey ozone.scm.block.client.port appended with serviceId and nodeId
2024-10-28 08:10:44,857 [main] INFO  ha.SCMNodeInfo (SCMNodeInfo.java:getPort(196)) - ConfigKey ozone.scm.security.service.address is deprecated, For configuring different ports for each SCM use PortConfigKey ozone.scm.security.service.port appended with serviceId and nodeId
2024-10-28 08:10:44,857 [main] INFO  ha.SCMNodeInfo (SCMNodeInfo.java:getPort(196)) - ConfigKey ozone.scm.datanode.address is deprecated, For configuring different ports for each SCM use PortConfigKey ozone.scm.datanode.port appended with serviceId and nodeId
2024-10-28 08:10:44,857 [main] INFO  statemachine.DatanodeStateMachine (DatanodeStateMachine.java:getEndPointTaskThreadPoolSize(294)) - Datanode State Machine Task Thread Pool size 4
2024-10-28 08:10:44,859 [main] INFO  volume.HddsVolume (HddsVolume.java:<init>(127)) - Creating HddsVolume: /home/runner/work/ozone/ozone/hadoop-ozone/integration-test/target/test-dir/MiniOzoneClusterImpl-0da7ab08-e378-40bf-aed1-312ccc1152ed/ozone-meta/datanode-1/data-0/hdds of storage type : DISK capacity : 9222449699674390527
2024-10-28 08:10:44,859 [main] INFO  volume.MutableVolumeSet (MutableVolumeSet.java:initializeVolumeSet(173)) - Added Volume : /home/runner/work/ozone/ozone/hadoop-ozone/integration-test/target/test-dir/MiniOzoneClusterImpl-0da7ab08-e378-40bf-aed1-312ccc1152ed/ozone-meta/datanode-1/data-0/hdds to VolumeSet
2024-10-28 08:10:44,860 [main] INFO  volume.MutableVolumeSet (MutableVolumeSet.java:initializeVolumeSet(173)) - Added Volume : /home/runner/work/ozone/ozone/hadoop-ozone/integration-test/target/test-dir/MiniOzoneClusterImpl-0da7ab08-e378-40bf-aed1-312ccc1152ed/ozone-meta/datanode-1/ratis to VolumeSet
2024-10-28 08:10:44,860 [main] INFO  ozoneimpl.OzoneContainer (HddsVolumeUtil.java:loadAllHddsVolumeDbStore(103)) - Load 1 volumes DbStore cost: 0ms
2024-10-28 08:10:44,861 [main] INFO  impl.FilePerChunkStrategy (FilePerChunkStrategy.java:<init>(84)) - ozone.chunk.read.mapped.buffer.max.count is load with 0
2024-10-28 08:10:44,861 [main] INFO  impl.FilePerBlockStrategy (FilePerBlockStrategy.java:<init>(91)) - ozone.chunk.read.mapped.buffer.max.count is load with 0
2024-10-28 08:10:44,862 [main] INFO  server.RaftServerConfigKeys (ConfUtils.java:logGet(46)) - raft.server.log.appender.buffer.byte-limit = 33554432 (custom)
2024-10-28 08:10:44,863 [main] INFO  server.RaftServer (ConfUtils.java:logGet(46)) - raft.rpc.type = GRPC (default)
2024-10-28 08:10:44,863 [main] INFO  grpc.GrpcConfigKeys (ConfUtils.java:logFallback(53)) - raft.grpc.admin.host = null (fallback to raft.grpc.server.host)
2024-10-28 08:10:44,863 [main] INFO  grpc.GrpcConfigKeys (ConfUtils.java:logGet(46)) - raft.grpc.admin.port = 15127 (custom)
2024-10-28 08:10:44,863 [main] INFO  grpc.GrpcConfigKeys (ConfUtils.java:logFallback(53)) - raft.grpc.client.host = null (fallback to raft.grpc.server.host)
2024-10-28 08:10:44,864 [main] INFO  grpc.GrpcConfigKeys (ConfUtils.java:logGet(46)) - raft.grpc.client.port = 15127 (custom)
2024-10-28 08:10:44,864 [main] INFO  grpc.GrpcConfigKeys (ConfUtils.java:logGet(46)) - raft.grpc.server.host = null (default)
2024-10-28 08:10:44,864 [main] INFO  grpc.GrpcConfigKeys (ConfUtils.java:logGet(46)) - raft.grpc.server.port = 15127 (custom)
2024-10-28 08:10:44,864 [main] INFO  server.GrpcService (ConfUtils.java:logGet(46)) - raft.grpc.message.size.max = 34603008 (custom)
2024-10-28 08:10:44,864 [main] INFO  server.GrpcService (ConfUtils.java:logGet(46)) - raft.grpc.flow.control.window = 5MB (=5242880) (custom)
2024-10-28 08:10:44,864 [main] INFO  server.RaftServerConfigKeys (ConfUtils.java:logGet(46)) - raft.server.rpc.request.timeout = 60s (custom)
2024-10-28 08:10:44,864 [main] INFO  grpc.GrpcConfigKeys (ConfUtils.java:logGet(46)) - raft.grpc.server.heartbeat.channel = true (default)
2024-10-28 08:10:44,864 [main] INFO  server.RaftServerConfigKeys (ConfUtils.java:logGet(46)) - raft.server.log.appender.buffer.byte-limit = 33554432 (custom)
2024-10-28 08:10:44,865 [main] INFO  grpc.GrpcConfigKeys (ConfUtils.java:logGet(46)) - raft.grpc.server.async.request.thread.pool.cached = true (default)
2024-10-28 08:10:44,865 [main] INFO  grpc.GrpcConfigKeys (ConfUtils.java:logGet(46)) - raft.grpc.server.async.request.thread.pool.size = 32 (default)
2024-10-28 08:10:44,866 [main] INFO  impl.DataStreamServerImpl (ConfUtils.java:logGet(46)) - raft.datastream.type = NETTY (custom)
2024-10-28 08:10:44,866 [main] INFO  server.RaftServerConfigKeys (ConfUtils.java:logGet(46)) - raft.server.data-stream.async.request.thread.pool.cached = false (default)
2024-10-28 08:10:44,866 [main] INFO  server.RaftServerConfigKeys (ConfUtils.java:logGet(46)) - raft.server.data-stream.async.request.thread.pool.size = 20 (custom)
2024-10-28 08:10:44,866 [main] INFO  server.RaftServerConfigKeys (ConfUtils.java:logGet(46)) - raft.server.data-stream.async.write.thread.pool.size = 16 (default)
2024-10-28 08:10:44,866 [main] INFO  netty.NettyConfigKeys$DataStream (ConfUtils.java:logGet(46)) - raft.netty.dataStream.server.channel.inactive.grace-period = 10min (default)
2024-10-28 08:10:44,866 [main] INFO  server.RaftServerConfigKeys (ConfUtils.java:logGet(46)) - raft.server.data-stream.client.pool.size = 10 (default)
2024-10-28 08:10:44,867 [main] INFO  netty.NettyConfigKeys$DataStream (ConfUtils.java:logGet(46)) - raft.netty.dataStream.server.use-epoll = true (default)
2024-10-28 08:10:44,867 [main] INFO  netty.NettyConfigKeys$DataStream (ConfUtils.java:logGet(46)) - raft.netty.dataStream.server.boss-group.size = 0 (default)
2024-10-28 08:10:44,867 [main] INFO  netty.NettyUtils (NettyUtils.java:newEventLoopGroup(74)) - Create EpollEventLoopGroup for 0506bfaa-e0bf-41a1-ae8b-a3d5b458913d-NettyServerStreamRpc-bossGroup; Thread size is 0.
2024-10-28 08:10:44,867 [main] INFO  netty.NettyConfigKeys$DataStream (ConfUtils.java:logGet(46)) - raft.netty.dataStream.server.worker-group.size = 0 (default)
2024-10-28 08:10:44,867 [main] INFO  netty.NettyUtils (NettyUtils.java:newEventLoopGroup(74)) - Create EpollEventLoopGroup for 0506bfaa-e0bf-41a1-ae8b-a3d5b458913d-NettyServerStreamRpc-workerGroup; Thread size is 0.
2024-10-28 08:10:44,868 [main] INFO  netty.NettyConfigKeys$DataStream (ConfUtils.java:logGet(46)) - raft.netty.dataStream.server.tls.conf = null (default)
2024-10-28 08:10:44,868 [main] INFO  netty.NettyConfigKeys$DataStream (ConfUtils.java:logGet(46)) - raft.netty.dataStream.host = null (default)
2024-10-28 08:10:44,868 [main] INFO  netty.NettyConfigKeys$DataStream (ConfUtils.java:logGet(46)) - raft.netty.dataStream.port = 15130 (custom)
2024-10-28 08:10:44,868 [main] INFO  server.RaftServerConfigKeys (ConfUtils.java:logGet(46)) - raft.server.sleep.deviation.threshold = 300ms (default)
2024-10-28 08:10:44,869 [main] INFO  server.RaftServerConfigKeys (ConfUtils.java:logGet(46)) - raft.server.close.threshold = 60s (default)
2024-10-28 08:10:44,869 [main] INFO  server.RaftServerConfigKeys (ConfUtils.java:logGet(46)) - raft.server.leaderelection.leader.step-down.wait-time = 10s (default)
2024-10-28 08:10:44,869 [0506bfaa-e0bf-41a1-ae8b-a3d5b458913d-NettyServerStreamRpc-bossGroup--thread1] INFO  logging.LoggingHandler (AbstractInternalLogger.java:log(148)) - [id: 0x008fb7ba] REGISTERED
2024-10-28 08:10:44,869 [main] INFO  server.RaftServerConfigKeys (ConfUtils.java:logGet(46)) - raft.server.storage.dir = [/home/runner/work/ozone/ozone/hadoop-ozone/integration-test/target/test-dir/MiniOzoneClusterImpl-0da7ab08-e378-40bf-aed1-312ccc1152ed/ozone-meta/datanode-1/ratis] (custom)
2024-10-28 08:10:44,869 [main] INFO  server.RaftServerConfigKeys (ConfUtils.java:logGet(46)) - raft.server.threadpool.proxy.cached = true (default)
2024-10-28 08:10:44,869 [main] INFO  server.RaftServerConfigKeys (ConfUtils.java:logGet(46)) - raft.server.threadpool.proxy.size = 0 (default)
2024-10-28 08:10:44,869 [0506bfaa-e0bf-41a1-ae8b-a3d5b458913d-NettyServerStreamRpc-bossGroup--thread1] INFO  logging.LoggingHandler (AbstractInternalLogger.java:log(148)) - [id: 0x008fb7ba] BIND: 0.0.0.0/0.0.0.0:15130
2024-10-28 08:10:44,870 [0506bfaa-e0bf-41a1-ae8b-a3d5b458913d-NettyServerStreamRpc-bossGroup--thread1] INFO  logging.LoggingHandler (AbstractInternalLogger.java:log(148)) - [id: 0x008fb7ba, L:/0.0.0.0:15130] ACTIVE
2024-10-28 08:10:44,870 [0506bfaa-e0bf-41a1-ae8b-a3d5b458913d-impl-thread1] INFO  server.RaftServer (RaftServerProxy.java:initGroupDir(265)) - 0506bfaa-e0bf-41a1-ae8b-a3d5b458913d: found a subdirectory /home/runner/work/ozone/ozone/hadoop-ozone/integration-test/target/test-dir/MiniOzoneClusterImpl-0da7ab08-e378-40bf-aed1-312ccc1152ed/ozone-meta/datanode-1/ratis/tmp
2024-10-28 08:10:44,870 [0506bfaa-e0bf-41a1-ae8b-a3d5b458913d-impl-thread1] INFO  server.RaftServer (RaftServerProxy.java:initGroupDir(270)) - 0506bfaa-e0bf-41a1-ae8b-a3d5b458913d: The directory /home/runner/work/ozone/ozone/hadoop-ozone/integration-test/target/test-dir/MiniOzoneClusterImpl-0da7ab08-e378-40bf-aed1-312ccc1152ed/ozone-meta/datanode-1/ratis/tmp is not a group directory; ignoring it. 
2024-10-28 08:10:44,870 [main] INFO  replication.ReplicationServer (ReplicationServer.java:<init>(86)) - Initializing replication server with thread count = 10 queue length = 4096
2024-10-28 08:10:44,871 [main] INFO  server.XceiverServerGrpc (XceiverServerGrpc.java:<init>(142)) - GrpcServer channel type EpollServerSocketChannel
2024-10-28 08:10:44,872 [main] INFO  replication.ReplicationSupervisor (ReplicationSupervisor.java:build(171)) - Initializing replication supervisor with thread count = 10
2024-10-28 08:10:44,872 [main] INFO  replication.ReplicationSupervisor (ReplicationSupervisor.java:nodeStateUpdated(348)) - Node state updated to IN_SERVICE, scaling executor pool size to 10
2024-10-28 08:10:44,875 [main] INFO  http.BaseHttpServer (BaseHttpServer.java:newHttpServer2BuilderForOzone(223)) - Starting Web-server for hddsDatanode at: http://0.0.0.0:15124
2024-10-28 08:10:44,875 [main] INFO  http.BaseHttpServer (BaseHttpServer.java:<init>(110)) - Hadoop Security Enabled: false Ozone Security Enabled: false Ozone HTTP Security Enabled: false 
2024-10-28 08:10:44,876 [main] WARN  server.AuthenticationFilter (AuthenticationFilter.java:constructSecretProvider(240)) - Unable to initialize FileSignerSecretProvider, falling back to use random secrets. Reason: Could not read signature secret file: /home/runner/hadoop-http-auth-signature-secret
2024-10-28 08:10:44,877 [main] INFO  http.HttpRequestLog (HttpRequestLog.java:getRequestLog(86)) - Http request log for http.requests.hddsDatanode is not defined
2024-10-28 08:10:44,878 [main] INFO  http.HttpServer2 (HttpServer2.java:addGlobalFilter(1035)) - Added global filter 'safety' (class=org.apache.hadoop.hdds.server.http.HttpServer2$QuotingInputFilter)
2024-10-28 08:10:44,878 [main] INFO  http.HttpServer2 (HttpServer2.java:addFilter(1011)) - Added filter static_user_filter (class=org.apache.hadoop.http.lib.StaticUserWebFilter$StaticUserFilter) to context hddsDatanode
2024-10-28 08:10:44,878 [main] INFO  http.HttpServer2 (HttpServer2.java:addFilter(1019)) - Added filter static_user_filter (class=org.apache.hadoop.http.lib.StaticUserWebFilter$StaticUserFilter) to context static
2024-10-28 08:10:44,879 [main] INFO  http.HttpServer2 (HttpServer2.java:addFilter(1019)) - Added filter static_user_filter (class=org.apache.hadoop.http.lib.StaticUserWebFilter$StaticUserFilter) to context logs
2024-10-28 08:10:44,879 [main] INFO  http.BaseHttpServer (BaseHttpServer.java:<init>(189)) - HTTP server of hddsDatanode uses base directory /home/runner/work/ozone/ozone/hadoop-ozone/integration-test/target/test-dir/MiniOzoneClusterImpl-0da7ab08-e378-40bf-aed1-312ccc1152ed/ozone-meta/datanode-1/meta/webserver
2024-10-28 08:10:44,880 [main] INFO  http.HttpServer2 (HttpServer2.java:bindListener(1235)) - Jetty bound to port 15124
2024-10-28 08:10:44,880 [main] INFO  server.Server (Server.java:doStart(375)) - jetty-9.4.56.v20240826; built: 2024-08-26T17:15:05.868Z; git: ec6782ff5ead824dabdcf47fa98f90a4aedff401; jvm 17.0.12+7
2024-10-28 08:10:44,883 [main] INFO  server.session (DefaultSessionIdManager.java:doStart(334)) - DefaultSessionIdManager workerName=node0
2024-10-28 08:10:44,883 [main] INFO  server.session (DefaultSessionIdManager.java:doStart(339)) - No SessionScavenger set, using defaults
2024-10-28 08:10:44,883 [main] INFO  server.session (HouseKeeper.java:startScavenging(132)) - node0 Scavenging every 600000ms
2024-10-28 08:10:44,884 [main] INFO  handler.ContextHandler (ContextHandler.java:doStart(921)) - Started o.e.j.s.ServletContextHandler@7646dfd9{logs,/logs,file:///home/runner/work/ozone/ozone/hadoop-ozone/integration-test/target/log,AVAILABLE}
2024-10-28 08:10:44,885 [main] INFO  handler.ContextHandler (ContextHandler.java:doStart(921)) - Started o.e.j.s.ServletContextHandler@801fe56{static,/static,jar:file:/home/runner/work/ozone/ozone/hadoop-hdds/container-service/target/hdds-container-service-2.0.0-SNAPSHOT.jar!/webapps/static,AVAILABLE}
2024-10-28 08:10:45,046 [d1f2ec58-f55e-45ab-93c5-34baa5ccb560-EndpointStateMachineTaskThread-/127.0.0.1:15020-0 ] INFO  ipc.Client (Client.java:handleConnectionFailure(950)) - Retrying connect to server: localhost/127.0.0.1:15020. Already tried 4 time(s); retry policy is RetryUpToMaximumCountWithFixedSleep(maxRetries=15, sleepTime=1000 MILLISECONDS)
2024-10-28 08:10:45,046 [d1f2ec58-f55e-45ab-93c5-34baa5ccb560-EndpointStateMachineTaskThread-/127.0.0.1:15012-0 ] INFO  ipc.Client (Client.java:handleConnectionFailure(950)) - Retrying connect to server: localhost/127.0.0.1:15012. Already tried 4 time(s); retry policy is RetryUpToMaximumCountWithFixedSleep(maxRetries=15, sleepTime=1000 MILLISECONDS)
2024-10-28 08:10:45,065 [omNode-3-server-thread1] INFO  server.RaftServer$Division (RaftServerImpl.java:setFirstElection(558)) - omNode-3@group-523986131536: set firstElectionSinceStartup to false for appendEntries
2024-10-28 08:10:45,065 [omNode-3-server-thread1] INFO  ratis.OzoneManagerStateMachine (OzoneManagerStateMachine.java:notifyLeaderChanged(164)) - omNode-3@group-523986131536: leader changed to omNode-1
2024-10-28 08:10:45,066 [omNode-3-server-thread1] INFO  server.RaftServer$Division (ServerState.java:setLeader(272)) - omNode-3@group-523986131536: change Leader from null to omNode-1 at term 1 for appendEntries, leader elected after 730ms
2024-10-28 08:10:45,066 [omNode-3-server-thread1] INFO  server.RaftServer$Division (RaftServerImpl.java:checkInconsistentAppendEntries(1629)) - omNode-3@group-523986131536: Failed appendEntries as previous log entry ((t:1, i:0)) is not found
2024-10-28 08:10:45,066 [omNode-3-server-thread1] INFO  server.RaftServer$Division (RaftServerImpl.java:appendEntriesAsync(1562)) - omNode-3@group-523986131536: appendEntries* reply omNode-1<-omNode-3#907:FAIL-t0,INCONSISTENCY,nextIndex=0,followerCommit=-1,matchIndex=-1
2024-10-28 08:10:45,067 [grpc-default-executor-2] WARN  server.GrpcLogAppender (GrpcLogAppender.java:onNextImpl(519)) - omNode-1@group-523986131536->omNode-3-AppendLogResponseHandler: received INCONSISTENCY reply with nextIndex 0, errorCount=7, request=AppendEntriesRequest:cid=907,entriesCount=0
2024-10-28 08:10:45,067 [grpc-default-executor-2] INFO  leader.FollowerInfo (FollowerInfoImpl.java:info(70)) - omNode-1@group-523986131536->omNode-3: setNextIndex nextIndex: updateUnconditionally 1 -> 0
2024-10-28 08:10:45,068 [omNode-3-server-thread1] INFO  server.RaftServer$Division (ServerState.java:setRaftConf(386)) - omNode-3@group-523986131536: set configuration conf: {index: 0, cur=peers:[omNode-3|localhost:15122, omNode-1|localhost:15114, omNode-2|localhost:15118]|listeners:[], old=null}
2024-10-28 08:10:45,068 [omNode-3-server-thread1] INFO  segmented.SegmentedRaftLogWorker (SegmentedRaftLogWorker.java:startLogSegment(437)) - omNode-3@group-523986131536-SegmentedRaftLogWorker: Starting segment from index:0
2024-10-28 08:10:45,068 [omNode-3@group-523986131536-SegmentedRaftLogWorker] INFO  segmented.BufferedWriteChannel (BufferedWriteChannel.java:open(61)) - open log_inprogress_0 at position 0
2024-10-28 08:10:45,079 [omNode-3@group-523986131536-SegmentedRaftLogWorker] INFO  segmented.SegmentedRaftLogWorker (SegmentedRaftLogWorker.java:execute(641)) - omNode-3@group-523986131536-SegmentedRaftLogWorker: created new log segment /home/runner/work/ozone/ozone/hadoop-ozone/integration-test/target/test-dir/MiniOzoneClusterImpl-0da7ab08-e378-40bf-aed1-312ccc1152ed/omNode-3/ratis/c9bc4cf4-3bc3-3c60-a66b-523986131536/current/log_inprogress_0
2024-10-28 08:10:45,082 [omNode-3@group-523986131536-StateMachineUpdater] INFO  ratis.OzoneManagerStateMachine (OzoneManagerStateMachine.java:notifyConfigurationChanged(218)) - Received Configuration change notification from Ratis. New Peer list:
[id: "omNode-3"
address: "localhost:15122"
startupRole: FOLLOWER
, id: "omNode-1"
address: "localhost:15114"
startupRole: FOLLOWER
, id: "omNode-2"
address: "localhost:15118"
startupRole: FOLLOWER
]
2024-10-28 08:10:45,091 [omNode-2@group-523986131536-StateMachineUpdater] INFO  ratis.OzoneManagerStateMachine (OzoneManagerStateMachine.java:notifyConfigurationChanged(218)) - Received Configuration change notification from Ratis. New Peer list:
[id: "omNode-3"
address: "localhost:15122"
startupRole: FOLLOWER
, id: "omNode-1"
address: "localhost:15114"
startupRole: FOLLOWER
, id: "omNode-2"
address: "localhost:15118"
startupRole: FOLLOWER
]
2024-10-28 08:10:45,113 [main] INFO  handler.ContextHandler (ContextHandler.java:doStart(921)) - Started o.e.j.w.WebAppContext@27f1fc37{hddsDatanode,/,file:///home/runner/work/ozone/ozone/hadoop-ozone/integration-test/target/test-dir/MiniOzoneClusterImpl-0da7ab08-e378-40bf-aed1-312ccc1152ed/ozone-meta/datanode-1/meta/webserver/jetty-0_0_0_0-15124-hdds-container-service-2_0_0-SNAPSHOT_jar-_-any-16471040780060156033/webapp/,AVAILABLE}{jar:file:/home/runner/work/ozone/ozone/hadoop-hdds/container-service/target/hdds-container-service-2.0.0-SNAPSHOT.jar!/webapps/hddsDatanode}
2024-10-28 08:10:45,114 [main] INFO  server.AbstractConnector (AbstractConnector.java:doStart(333)) - Started ServerConnector@6c171b61{HTTP/1.1, (http/1.1)}{0.0.0.0:15124}
2024-10-28 08:10:45,115 [main] INFO  server.Server (Server.java:doStart(415)) - Started @177911ms
2024-10-28 08:10:45,115 [main] WARN  impl.MetricsSystemImpl (MetricsSystemImpl.java:register(279)) - Sink prometheus already exists!
2024-10-28 08:10:45,115 [main] INFO  http.BaseHttpServer (BaseHttpServer.java:updateConnectorAddress(354)) - HTTP server of hddsDatanode listening at http://0.0.0.0:15124
2024-10-28 08:10:45,116 [main] INFO  ipc.CallQueueManager (CallQueueManager.java:<init>(90)) - Using callQueue: class java.util.concurrent.LinkedBlockingQueue, queueCapacity: 1000, scheduler: class org.apache.hadoop.ipc.DefaultRpcScheduler, ipcBackoff: false.
2024-10-28 08:10:45,116 [main] INFO  ipc.Server (Server.java:<init>(1287)) - Listener at 0.0.0.0:15125
2024-10-28 08:10:45,116 [Socket Reader #1 for port 15125] INFO  ipc.Server (Server.java:run(1323)) - Starting Socket Reader #1 for port 15125
2024-10-28 08:10:45,120 [Socket Reader #2 for port 15125] INFO  ipc.Server (Server.java:run(1323)) - Starting Socket Reader #2 for port 15125
2024-10-28 08:10:45,124 [Socket Reader #3 for port 15125] INFO  ipc.Server (Server.java:run(1323)) - Starting Socket Reader #3 for port 15125
2024-10-28 08:10:45,124 [Socket Reader #5 for port 15125] INFO  ipc.Server (Server.java:run(1323)) - Starting Socket Reader #5 for port 15125
2024-10-28 08:10:45,124 [Socket Reader #4 for port 15125] INFO  ipc.Server (Server.java:run(1323)) - Starting Socket Reader #4 for port 15125
2024-10-28 08:10:45,124 [Socket Reader #7 for port 15125] INFO  ipc.Server (Server.java:run(1323)) - Starting Socket Reader #7 for port 15125
2024-10-28 08:10:45,124 [Socket Reader #6 for port 15125] INFO  ipc.Server (Server.java:run(1323)) - Starting Socket Reader #6 for port 15125
2024-10-28 08:10:45,125 [Socket Reader #8 for port 15125] INFO  ipc.Server (Server.java:run(1323)) - Starting Socket Reader #8 for port 15125
2024-10-28 08:10:45,125 [Socket Reader #9 for port 15125] INFO  ipc.Server (Server.java:run(1323)) - Starting Socket Reader #9 for port 15125
2024-10-28 08:10:45,129 [Socket Reader #10 for port 15125] INFO  ipc.Server (Server.java:run(1323)) - Starting Socket Reader #10 for port 15125
2024-10-28 08:10:45,132 [main] INFO  ozone.HddsDatanodeService (HddsDatanodeService.java:start(318)) - Datanode start with admins: [runner]
2024-10-28 08:10:45,132 [main] INFO  ozone.HddsDatanodeClientProtocolServer (HddsDatanodeClientProtocolServer.java:start(79)) - RPC server for Client /0.0.0.0:15125
2024-10-28 08:10:45,135 [IPC Server listener on 15125] INFO  ipc.Server (Server.java:run(1402)) - IPC Server listener on 15125: starting
2024-10-28 08:10:45,135 [IPC Server Responder] INFO  ipc.Server (Server.java:run(1562)) - IPC Server Responder: starting
2024-10-28 08:10:45,141 [main] WARN  dropwizard3.Dm3MetricRegistriesImpl (Dm3MetricRegistriesImpl.java:addReporterRegistration(114)) - New reporters are added after registries were created. Some metrics will be missing from the reporter. Please add reporter before adding any new registry.
2024-10-28 08:10:45,141 [main] WARN  dropwizard3.Dm3MetricRegistriesImpl (Dm3MetricRegistriesImpl.java:addReporterRegistration(114)) - New reporters are added after registries were created. Some metrics will be missing from the reporter. Please add reporter before adding any new registry.
2024-10-28 08:10:45,141 [main] INFO  impl.MetricsSystemImpl (MetricsSystemImpl.java:init(158)) - HddsDatanode metrics system started (again)
2024-10-28 08:10:45,144 [0506bfaa-e0bf-41a1-ae8b-a3d5b458913d-DatanodeStateMachineDaemonThread] INFO  statemachine.DatanodeStateMachine (DatanodeStateMachine.java:startStateMachineThread(337)) - Ozone container server started.
2024-10-28 08:10:45,148 [0506bfaa-e0bf-41a1-ae8b-a3d5b458913d-DatanodeStateMachineTaskThread-0] INFO  ha.SCMNodeInfo (SCMNodeInfo.java:getPort(196)) - ConfigKey ozone.scm.client.address is deprecated, For configuring different ports for each SCM use PortConfigKey ozone.scm.client.port appended with serviceId and nodeId
2024-10-28 08:10:45,148 [0506bfaa-e0bf-41a1-ae8b-a3d5b458913d-DatanodeStateMachineTaskThread-0] INFO  ha.SCMNodeInfo (SCMNodeInfo.java:getPort(196)) - ConfigKey ozone.scm.block.client.address is deprecated, For configuring different ports for each SCM use PortConfigKey ozone.scm.block.client.port appended with serviceId and nodeId
2024-10-28 08:10:45,149 [0506bfaa-e0bf-41a1-ae8b-a3d5b458913d-DatanodeStateMachineTaskThread-0] INFO  ha.SCMNodeInfo (SCMNodeInfo.java:getPort(196)) - ConfigKey ozone.scm.security.service.address is deprecated, For configuring different ports for each SCM use PortConfigKey ozone.scm.security.service.port appended with serviceId and nodeId
2024-10-28 08:10:45,149 [0506bfaa-e0bf-41a1-ae8b-a3d5b458913d-DatanodeStateMachineTaskThread-0] INFO  ha.SCMNodeInfo (SCMNodeInfo.java:getPort(196)) - ConfigKey ozone.scm.datanode.address is deprecated, For configuring different ports for each SCM use PortConfigKey ozone.scm.datanode.port appended with serviceId and nodeId
2024-10-28 08:10:45,149 [0506bfaa-e0bf-41a1-ae8b-a3d5b458913d-DatanodeStateMachineTaskThread-0] INFO  ha.SCMNodeInfo (SCMNodeInfo.java:getPort(196)) - ConfigKey ozone.scm.client.address is deprecated, For configuring different ports for each SCM use PortConfigKey ozone.scm.client.port appended with serviceId and nodeId
2024-10-28 08:10:45,150 [0506bfaa-e0bf-41a1-ae8b-a3d5b458913d-DatanodeStateMachineTaskThread-0] INFO  ha.SCMNodeInfo (SCMNodeInfo.java:getPort(196)) - ConfigKey ozone.scm.block.client.address is deprecated, For configuring different ports for each SCM use PortConfigKey ozone.scm.block.client.port appended with serviceId and nodeId
2024-10-28 08:10:45,150 [0506bfaa-e0bf-41a1-ae8b-a3d5b458913d-DatanodeStateMachineTaskThread-0] INFO  ha.SCMNodeInfo (SCMNodeInfo.java:getPort(196)) - ConfigKey ozone.scm.security.service.address is deprecated, For configuring different ports for each SCM use PortConfigKey ozone.scm.security.service.port appended with serviceId and nodeId
2024-10-28 08:10:45,150 [0506bfaa-e0bf-41a1-ae8b-a3d5b458913d-DatanodeStateMachineTaskThread-0] INFO  ha.SCMNodeInfo (SCMNodeInfo.java:getPort(196)) - ConfigKey ozone.scm.datanode.address is deprecated, For configuring different ports for each SCM use PortConfigKey ozone.scm.datanode.port appended with serviceId and nodeId
2024-10-28 08:10:45,151 [0506bfaa-e0bf-41a1-ae8b-a3d5b458913d-DatanodeStateMachineTaskThread-0] INFO  ha.SCMNodeInfo (SCMNodeInfo.java:getPort(196)) - ConfigKey ozone.scm.client.address is deprecated, For configuring different ports for each SCM use PortConfigKey ozone.scm.client.port appended with serviceId and nodeId
2024-10-28 08:10:45,151 [0506bfaa-e0bf-41a1-ae8b-a3d5b458913d-DatanodeStateMachineTaskThread-0] INFO  ha.SCMNodeInfo (SCMNodeInfo.java:getPort(196)) - ConfigKey ozone.scm.block.client.address is deprecated, For configuring different ports for each SCM use PortConfigKey ozone.scm.block.client.port appended with serviceId and nodeId
2024-10-28 08:10:45,151 [0506bfaa-e0bf-41a1-ae8b-a3d5b458913d-DatanodeStateMachineTaskThread-0] INFO  ha.SCMNodeInfo (SCMNodeInfo.java:getPort(196)) - ConfigKey ozone.scm.security.service.address is deprecated, For configuring different ports for each SCM use PortConfigKey ozone.scm.security.service.port appended with serviceId and nodeId
2024-10-28 08:10:45,151 [0506bfaa-e0bf-41a1-ae8b-a3d5b458913d-DatanodeStateMachineTaskThread-0] INFO  ha.SCMNodeInfo (SCMNodeInfo.java:getPort(196)) - ConfigKey ozone.scm.datanode.address is deprecated, For configuring different ports for each SCM use PortConfigKey ozone.scm.datanode.port appended with serviceId and nodeId
2024-10-28 08:10:45,154 [main] INFO  ozone.HddsDatanodeService (HddsDatanodeService.java:start(234)) - HddsDatanodeService host:fv-az886-152.zcyxlggriy4uppruju113mie5f.cx.internal.cloudapp.net ip:10.1.0.23
2024-10-28 08:10:45,155 [0506bfaa-e0bf-41a1-ae8b-a3d5b458913d-DatanodeStateMachineTaskThread-0] INFO  datanode.InitDatanodeState (InitDatanodeState.java:persistContainerDatanodeDetails(139)) - DatanodeDetails is persisted to /home/runner/work/ozone/ozone/hadoop-ozone/integration-test/target/test-dir/MiniOzoneClusterImpl-0da7ab08-e378-40bf-aed1-312ccc1152ed/ozone-meta/datanode-1/meta/datanode.id
2024-10-28 08:10:45,158 [main] INFO  upgrade.AbstractLayoutVersionManager (AbstractLayoutVersionManager.java:init(83)) - Initializing Layout version manager with metadata layout = HBASE_SUPPORT (version = 8), software layout = HBASE_SUPPORT (version = 8)
2024-10-28 08:10:45,158 [main] INFO  ha.SCMNodeInfo (SCMNodeInfo.java:getPort(196)) - ConfigKey ozone.scm.client.address is deprecated, For configuring different ports for each SCM use PortConfigKey ozone.scm.client.port appended with serviceId and nodeId
2024-10-28 08:10:45,158 [main] INFO  ha.SCMNodeInfo (SCMNodeInfo.java:getPort(196)) - ConfigKey ozone.scm.block.client.address is deprecated, For configuring different ports for each SCM use PortConfigKey ozone.scm.block.client.port appended with serviceId and nodeId
2024-10-28 08:10:45,159 [main] INFO  ha.SCMNodeInfo (SCMNodeInfo.java:getPort(196)) - ConfigKey ozone.scm.security.service.address is deprecated, For configuring different ports for each SCM use PortConfigKey ozone.scm.security.service.port appended with serviceId and nodeId
2024-10-28 08:10:45,159 [main] INFO  ha.SCMNodeInfo (SCMNodeInfo.java:getPort(196)) - ConfigKey ozone.scm.datanode.address is deprecated, For configuring different ports for each SCM use PortConfigKey ozone.scm.datanode.port appended with serviceId and nodeId
2024-10-28 08:10:45,160 [main] INFO  ha.SCMNodeInfo (SCMNodeInfo.java:getPort(196)) - ConfigKey ozone.scm.client.address is deprecated, For configuring different ports for each SCM use PortConfigKey ozone.scm.client.port appended with serviceId and nodeId
2024-10-28 08:10:45,160 [main] INFO  ha.SCMNodeInfo (SCMNodeInfo.java:getPort(196)) - ConfigKey ozone.scm.block.client.address is deprecated, For configuring different ports for each SCM use PortConfigKey ozone.scm.block.client.port appended with serviceId and nodeId
2024-10-28 08:10:45,160 [main] INFO  ha.SCMNodeInfo (SCMNodeInfo.java:getPort(196)) - ConfigKey ozone.scm.security.service.address is deprecated, For configuring different ports for each SCM use PortConfigKey ozone.scm.security.service.port appended with serviceId and nodeId
2024-10-28 08:10:45,160 [main] INFO  ha.SCMNodeInfo (SCMNodeInfo.java:getPort(196)) - ConfigKey ozone.scm.datanode.address is deprecated, For configuring different ports for each SCM use PortConfigKey ozone.scm.datanode.port appended with serviceId and nodeId
2024-10-28 08:10:45,160 [main] INFO  ha.SCMNodeInfo (SCMNodeInfo.java:getPort(196)) - ConfigKey ozone.scm.client.address is deprecated, For configuring different ports for each SCM use PortConfigKey ozone.scm.client.port appended with serviceId and nodeId
2024-10-28 08:10:45,160 [main] INFO  ha.SCMNodeInfo (SCMNodeInfo.java:getPort(196)) - ConfigKey ozone.scm.block.client.address is deprecated, For configuring different ports for each SCM use PortConfigKey ozone.scm.block.client.port appended with serviceId and nodeId
2024-10-28 08:10:45,160 [main] INFO  ha.SCMNodeInfo (SCMNodeInfo.java:getPort(196)) - ConfigKey ozone.scm.security.service.address is deprecated, For configuring different ports for each SCM use PortConfigKey ozone.scm.security.service.port appended with serviceId and nodeId
2024-10-28 08:10:45,160 [main] INFO  ha.SCMNodeInfo (SCMNodeInfo.java:getPort(196)) - ConfigKey ozone.scm.datanode.address is deprecated, For configuring different ports for each SCM use PortConfigKey ozone.scm.datanode.port appended with serviceId and nodeId
2024-10-28 08:10:45,160 [main] INFO  statemachine.DatanodeStateMachine (DatanodeStateMachine.java:getEndPointTaskThreadPoolSize(294)) - Datanode State Machine Task Thread Pool size 4
2024-10-28 08:10:45,162 [main] INFO  volume.HddsVolume (HddsVolume.java:<init>(127)) - Creating HddsVolume: /home/runner/work/ozone/ozone/hadoop-ozone/integration-test/target/test-dir/MiniOzoneClusterImpl-0da7ab08-e378-40bf-aed1-312ccc1152ed/ozone-meta/datanode-2/data-0/hdds of storage type : DISK capacity : 9222449699674390527
2024-10-28 08:10:45,162 [main] INFO  volume.MutableVolumeSet (MutableVolumeSet.java:initializeVolumeSet(173)) - Added Volume : /home/runner/work/ozone/ozone/hadoop-ozone/integration-test/target/test-dir/MiniOzoneClusterImpl-0da7ab08-e378-40bf-aed1-312ccc1152ed/ozone-meta/datanode-2/data-0/hdds to VolumeSet
2024-10-28 08:10:45,163 [main] INFO  volume.MutableVolumeSet (MutableVolumeSet.java:initializeVolumeSet(173)) - Added Volume : /home/runner/work/ozone/ozone/hadoop-ozone/integration-test/target/test-dir/MiniOzoneClusterImpl-0da7ab08-e378-40bf-aed1-312ccc1152ed/ozone-meta/datanode-2/ratis to VolumeSet
2024-10-28 08:10:45,164 [main] INFO  ozoneimpl.OzoneContainer (HddsVolumeUtil.java:loadAllHddsVolumeDbStore(103)) - Load 1 volumes DbStore cost: 0ms
2024-10-28 08:10:45,169 [main] INFO  impl.FilePerChunkStrategy (FilePerChunkStrategy.java:<init>(84)) - ozone.chunk.read.mapped.buffer.max.count is load with 0
2024-10-28 08:10:45,169 [main] INFO  impl.FilePerBlockStrategy (FilePerBlockStrategy.java:<init>(91)) - ozone.chunk.read.mapped.buffer.max.count is load with 0
2024-10-28 08:10:45,170 [main] INFO  server.RaftServerConfigKeys (ConfUtils.java:logGet(46)) - raft.server.log.appender.buffer.byte-limit = 33554432 (custom)
2024-10-28 08:10:45,172 [main] INFO  server.RaftServer (ConfUtils.java:logGet(46)) - raft.rpc.type = GRPC (default)
2024-10-28 08:10:45,172 [main] INFO  grpc.GrpcConfigKeys (ConfUtils.java:logFallback(53)) - raft.grpc.admin.host = null (fallback to raft.grpc.server.host)
2024-10-28 08:10:45,172 [main] INFO  grpc.GrpcConfigKeys (ConfUtils.java:logGet(46)) - raft.grpc.admin.port = 15136 (custom)
2024-10-28 08:10:45,172 [main] INFO  grpc.GrpcConfigKeys (ConfUtils.java:logFallback(53)) - raft.grpc.client.host = null (fallback to raft.grpc.server.host)
2024-10-28 08:10:45,172 [main] INFO  grpc.GrpcConfigKeys (ConfUtils.java:logGet(46)) - raft.grpc.client.port = 15136 (custom)
2024-10-28 08:10:45,172 [main] INFO  grpc.GrpcConfigKeys (ConfUtils.java:logGet(46)) - raft.grpc.server.host = null (default)
2024-10-28 08:10:45,173 [main] INFO  grpc.GrpcConfigKeys (ConfUtils.java:logGet(46)) - raft.grpc.server.port = 15136 (custom)
2024-10-28 08:10:45,173 [main] INFO  server.GrpcService (ConfUtils.java:logGet(46)) - raft.grpc.message.size.max = 34603008 (custom)
2024-10-28 08:10:45,173 [main] INFO  server.GrpcService (ConfUtils.java:logGet(46)) - raft.grpc.flow.control.window = 5MB (=5242880) (custom)
2024-10-28 08:10:45,173 [main] INFO  server.RaftServerConfigKeys (ConfUtils.java:logGet(46)) - raft.server.rpc.request.timeout = 60s (custom)
2024-10-28 08:10:45,173 [main] INFO  grpc.GrpcConfigKeys (ConfUtils.java:logGet(46)) - raft.grpc.server.heartbeat.channel = true (default)
2024-10-28 08:10:45,173 [main] INFO  server.RaftServerConfigKeys (ConfUtils.java:logGet(46)) - raft.server.log.appender.buffer.byte-limit = 33554432 (custom)
2024-10-28 08:10:45,173 [main] INFO  grpc.GrpcConfigKeys (ConfUtils.java:logGet(46)) - raft.grpc.server.async.request.thread.pool.cached = true (default)
2024-10-28 08:10:45,174 [main] INFO  grpc.GrpcConfigKeys (ConfUtils.java:logGet(46)) - raft.grpc.server.async.request.thread.pool.size = 32 (default)
2024-10-28 08:10:45,175 [main] INFO  impl.DataStreamServerImpl (ConfUtils.java:logGet(46)) - raft.datastream.type = NETTY (custom)
2024-10-28 08:10:45,175 [main] INFO  server.RaftServerConfigKeys (ConfUtils.java:logGet(46)) - raft.server.data-stream.async.request.thread.pool.cached = false (default)
2024-10-28 08:10:45,175 [main] INFO  server.RaftServerConfigKeys (ConfUtils.java:logGet(46)) - raft.server.data-stream.async.request.thread.pool.size = 20 (custom)
2024-10-28 08:10:45,175 [main] INFO  server.RaftServerConfigKeys (ConfUtils.java:logGet(46)) - raft.server.data-stream.async.write.thread.pool.size = 16 (default)
2024-10-28 08:10:45,175 [main] INFO  netty.NettyConfigKeys$DataStream (ConfUtils.java:logGet(46)) - raft.netty.dataStream.server.channel.inactive.grace-period = 10min (default)
2024-10-28 08:10:45,176 [main] INFO  server.RaftServerConfigKeys (ConfUtils.java:logGet(46)) - raft.server.data-stream.client.pool.size = 10 (default)
2024-10-28 08:10:45,176 [main] INFO  netty.NettyConfigKeys$DataStream (ConfUtils.java:logGet(46)) - raft.netty.dataStream.server.use-epoll = true (default)
2024-10-28 08:10:45,176 [main] INFO  netty.NettyConfigKeys$DataStream (ConfUtils.java:logGet(46)) - raft.netty.dataStream.server.boss-group.size = 0 (default)
2024-10-28 08:10:45,176 [main] INFO  netty.NettyUtils (NettyUtils.java:newEventLoopGroup(74)) - Create EpollEventLoopGroup for 2dd66384-ce76-40f1-abb4-2732924b3f06-NettyServerStreamRpc-bossGroup; Thread size is 0.
2024-10-28 08:10:45,177 [main] INFO  netty.NettyConfigKeys$DataStream (ConfUtils.java:logGet(46)) - raft.netty.dataStream.server.worker-group.size = 0 (default)
2024-10-28 08:10:45,177 [main] INFO  netty.NettyUtils (NettyUtils.java:newEventLoopGroup(74)) - Create EpollEventLoopGroup for 2dd66384-ce76-40f1-abb4-2732924b3f06-NettyServerStreamRpc-workerGroup; Thread size is 0.
2024-10-28 08:10:45,177 [main] INFO  netty.NettyConfigKeys$DataStream (ConfUtils.java:logGet(46)) - raft.netty.dataStream.server.tls.conf = null (default)
2024-10-28 08:10:45,177 [main] INFO  netty.NettyConfigKeys$DataStream (ConfUtils.java:logGet(46)) - raft.netty.dataStream.host = null (default)
2024-10-28 08:10:45,177 [main] INFO  netty.NettyConfigKeys$DataStream (ConfUtils.java:logGet(46)) - raft.netty.dataStream.port = 15139 (custom)
2024-10-28 08:10:45,178 [main] INFO  server.RaftServerConfigKeys (ConfUtils.java:logGet(46)) - raft.server.sleep.deviation.threshold = 300ms (default)
2024-10-28 08:10:45,178 [main] INFO  server.RaftServerConfigKeys (ConfUtils.java:logGet(46)) - raft.server.close.threshold = 60s (default)
2024-10-28 08:10:45,178 [main] INFO  server.RaftServerConfigKeys (ConfUtils.java:logGet(46)) - raft.server.leaderelection.leader.step-down.wait-time = 10s (default)
2024-10-28 08:10:45,178 [main] INFO  server.RaftServerConfigKeys (ConfUtils.java:logGet(46)) - raft.server.storage.dir = [/home/runner/work/ozone/ozone/hadoop-ozone/integration-test/target/test-dir/MiniOzoneClusterImpl-0da7ab08-e378-40bf-aed1-312ccc1152ed/ozone-meta/datanode-2/ratis] (custom)
2024-10-28 08:10:45,178 [main] INFO  server.RaftServerConfigKeys (ConfUtils.java:logGet(46)) - raft.server.threadpool.proxy.cached = true (default)
2024-10-28 08:10:45,178 [main] INFO  server.RaftServerConfigKeys (ConfUtils.java:logGet(46)) - raft.server.threadpool.proxy.size = 0 (default)
2024-10-28 08:10:45,179 [2dd66384-ce76-40f1-abb4-2732924b3f06-NettyServerStreamRpc-bossGroup--thread1] INFO  logging.LoggingHandler (AbstractInternalLogger.java:log(148)) - [id: 0x13903625] REGISTERED
2024-10-28 08:10:45,179 [2dd66384-ce76-40f1-abb4-2732924b3f06-NettyServerStreamRpc-bossGroup--thread1] INFO  logging.LoggingHandler (AbstractInternalLogger.java:log(148)) - [id: 0x13903625] BIND: 0.0.0.0/0.0.0.0:15139
2024-10-28 08:10:45,179 [2dd66384-ce76-40f1-abb4-2732924b3f06-NettyServerStreamRpc-bossGroup--thread1] INFO  logging.LoggingHandler (AbstractInternalLogger.java:log(148)) - [id: 0x13903625, L:/0.0.0.0:15139] ACTIVE
2024-10-28 08:10:45,180 [2dd66384-ce76-40f1-abb4-2732924b3f06-impl-thread1] INFO  server.RaftServer (RaftServerProxy.java:initGroupDir(265)) - 2dd66384-ce76-40f1-abb4-2732924b3f06: found a subdirectory /home/runner/work/ozone/ozone/hadoop-ozone/integration-test/target/test-dir/MiniOzoneClusterImpl-0da7ab08-e378-40bf-aed1-312ccc1152ed/ozone-meta/datanode-2/ratis/tmp
2024-10-28 08:10:45,180 [2dd66384-ce76-40f1-abb4-2732924b3f06-impl-thread1] INFO  server.RaftServer (RaftServerProxy.java:initGroupDir(270)) - 2dd66384-ce76-40f1-abb4-2732924b3f06: The directory /home/runner/work/ozone/ozone/hadoop-ozone/integration-test/target/test-dir/MiniOzoneClusterImpl-0da7ab08-e378-40bf-aed1-312ccc1152ed/ozone-meta/datanode-2/ratis/tmp is not a group directory; ignoring it. 
2024-10-28 08:10:45,180 [main] INFO  replication.ReplicationServer (ReplicationServer.java:<init>(86)) - Initializing replication server with thread count = 10 queue length = 4096
2024-10-28 08:10:45,181 [main] INFO  server.XceiverServerGrpc (XceiverServerGrpc.java:<init>(142)) - GrpcServer channel type EpollServerSocketChannel
2024-10-28 08:10:45,183 [main] INFO  replication.ReplicationSupervisor (ReplicationSupervisor.java:build(171)) - Initializing replication supervisor with thread count = 10
2024-10-28 08:10:45,183 [main] INFO  replication.ReplicationSupervisor (ReplicationSupervisor.java:nodeStateUpdated(348)) - Node state updated to IN_SERVICE, scaling executor pool size to 10
2024-10-28 08:10:45,187 [main] INFO  http.BaseHttpServer (BaseHttpServer.java:newHttpServer2BuilderForOzone(223)) - Starting Web-server for hddsDatanode at: http://0.0.0.0:15133
2024-10-28 08:10:45,187 [main] INFO  http.BaseHttpServer (BaseHttpServer.java:<init>(110)) - Hadoop Security Enabled: false Ozone Security Enabled: false Ozone HTTP Security Enabled: false 
2024-10-28 08:10:45,189 [main] WARN  server.AuthenticationFilter (AuthenticationFilter.java:constructSecretProvider(240)) - Unable to initialize FileSignerSecretProvider, falling back to use random secrets. Reason: Could not read signature secret file: /home/runner/hadoop-http-auth-signature-secret
2024-10-28 08:10:45,200 [main] INFO  http.HttpRequestLog (HttpRequestLog.java:getRequestLog(86)) - Http request log for http.requests.hddsDatanode is not defined
2024-10-28 08:10:45,202 [main] INFO  http.HttpServer2 (HttpServer2.java:addGlobalFilter(1035)) - Added global filter 'safety' (class=org.apache.hadoop.hdds.server.http.HttpServer2$QuotingInputFilter)
2024-10-28 08:10:45,203 [main] INFO  http.HttpServer2 (HttpServer2.java:addFilter(1011)) - Added filter static_user_filter (class=org.apache.hadoop.http.lib.StaticUserWebFilter$StaticUserFilter) to context hddsDatanode
2024-10-28 08:10:45,203 [main] INFO  http.HttpServer2 (HttpServer2.java:addFilter(1019)) - Added filter static_user_filter (class=org.apache.hadoop.http.lib.StaticUserWebFilter$StaticUserFilter) to context logs
2024-10-28 08:10:45,203 [main] INFO  http.HttpServer2 (HttpServer2.java:addFilter(1019)) - Added filter static_user_filter (class=org.apache.hadoop.http.lib.StaticUserWebFilter$StaticUserFilter) to context static
2024-10-28 08:10:45,203 [main] INFO  http.BaseHttpServer (BaseHttpServer.java:<init>(189)) - HTTP server of hddsDatanode uses base directory /home/runner/work/ozone/ozone/hadoop-ozone/integration-test/target/test-dir/MiniOzoneClusterImpl-0da7ab08-e378-40bf-aed1-312ccc1152ed/ozone-meta/datanode-2/meta/webserver
2024-10-28 08:10:45,204 [main] INFO  http.HttpServer2 (HttpServer2.java:bindListener(1235)) - Jetty bound to port 15133
2024-10-28 08:10:45,204 [main] INFO  server.Server (Server.java:doStart(375)) - jetty-9.4.56.v20240826; built: 2024-08-26T17:15:05.868Z; git: ec6782ff5ead824dabdcf47fa98f90a4aedff401; jvm 17.0.12+7
2024-10-28 08:10:45,219 [main] INFO  server.session (DefaultSessionIdManager.java:doStart(334)) - DefaultSessionIdManager workerName=node0
2024-10-28 08:10:45,219 [main] INFO  server.session (DefaultSessionIdManager.java:doStart(339)) - No SessionScavenger set, using defaults
2024-10-28 08:10:45,219 [main] INFO  server.session (HouseKeeper.java:startScavenging(132)) - node0 Scavenging every 600000ms
2024-10-28 08:10:45,220 [main] INFO  handler.ContextHandler (ContextHandler.java:doStart(921)) - Started o.e.j.s.ServletContextHandler@bfe9e2c{logs,/logs,file:///home/runner/work/ozone/ozone/hadoop-ozone/integration-test/target/log,AVAILABLE}
2024-10-28 08:10:45,220 [main] INFO  handler.ContextHandler (ContextHandler.java:doStart(921)) - Started o.e.j.s.ServletContextHandler@66fa0706{static,/static,jar:file:/home/runner/work/ozone/ozone/hadoop-hdds/container-service/target/hdds-container-service-2.0.0-SNAPSHOT.jar!/webapps/static,AVAILABLE}
2024-10-28 08:10:45,425 [main] INFO  handler.ContextHandler (ContextHandler.java:doStart(921)) - Started o.e.j.w.WebAppContext@13f8f39c{hddsDatanode,/,file:///home/runner/work/ozone/ozone/hadoop-ozone/integration-test/target/test-dir/MiniOzoneClusterImpl-0da7ab08-e378-40bf-aed1-312ccc1152ed/ozone-meta/datanode-2/meta/webserver/jetty-0_0_0_0-15133-hdds-container-service-2_0_0-SNAPSHOT_jar-_-any-4545237769578887995/webapp/,AVAILABLE}{jar:file:/home/runner/work/ozone/ozone/hadoop-hdds/container-service/target/hdds-container-service-2.0.0-SNAPSHOT.jar!/webapps/hddsDatanode}
2024-10-28 08:10:45,425 [main] INFO  server.AbstractConnector (AbstractConnector.java:doStart(333)) - Started ServerConnector@7e1f94ab{HTTP/1.1, (http/1.1)}{0.0.0.0:15133}
2024-10-28 08:10:45,426 [main] INFO  server.Server (Server.java:doStart(415)) - Started @178222ms
2024-10-28 08:10:45,426 [main] WARN  impl.MetricsSystemImpl (MetricsSystemImpl.java:register(279)) - Sink prometheus already exists!
2024-10-28 08:10:45,426 [main] INFO  http.BaseHttpServer (BaseHttpServer.java:updateConnectorAddress(354)) - HTTP server of hddsDatanode listening at http://0.0.0.0:15133
2024-10-28 08:10:45,427 [main] INFO  ipc.CallQueueManager (CallQueueManager.java:<init>(90)) - Using callQueue: class java.util.concurrent.LinkedBlockingQueue, queueCapacity: 1000, scheduler: class org.apache.hadoop.ipc.DefaultRpcScheduler, ipcBackoff: false.
2024-10-28 08:10:45,427 [main] INFO  ipc.Server (Server.java:<init>(1287)) - Listener at 0.0.0.0:15134
2024-10-28 08:10:45,428 [Socket Reader #1 for port 15134] INFO  ipc.Server (Server.java:run(1323)) - Starting Socket Reader #1 for port 15134
2024-10-28 08:10:45,436 [Socket Reader #2 for port 15134] INFO  ipc.Server (Server.java:run(1323)) - Starting Socket Reader #2 for port 15134
2024-10-28 08:10:45,440 [Socket Reader #3 for port 15134] INFO  ipc.Server (Server.java:run(1323)) - Starting Socket Reader #3 for port 15134
2024-10-28 08:10:45,448 [Socket Reader #4 for port 15134] INFO  ipc.Server (Server.java:run(1323)) - Starting Socket Reader #4 for port 15134
2024-10-28 08:10:45,452 [Socket Reader #5 for port 15134] INFO  ipc.Server (Server.java:run(1323)) - Starting Socket Reader #5 for port 15134
2024-10-28 08:10:45,456 [Socket Reader #6 for port 15134] INFO  ipc.Server (Server.java:run(1323)) - Starting Socket Reader #6 for port 15134
2024-10-28 08:10:45,456 [Socket Reader #7 for port 15134] INFO  ipc.Server (Server.java:run(1323)) - Starting Socket Reader #7 for port 15134
2024-10-28 08:10:45,460 [Socket Reader #8 for port 15134] INFO  ipc.Server (Server.java:run(1323)) - Starting Socket Reader #8 for port 15134
2024-10-28 08:10:45,468 [Socket Reader #9 for port 15134] INFO  ipc.Server (Server.java:run(1323)) - Starting Socket Reader #9 for port 15134
2024-10-28 08:10:45,476 [Socket Reader #10 for port 15134] INFO  ipc.Server (Server.java:run(1323)) - Starting Socket Reader #10 for port 15134
2024-10-28 08:10:45,488 [main] INFO  ozone.HddsDatanodeService (HddsDatanodeService.java:start(318)) - Datanode start with admins: [runner]
2024-10-28 08:10:45,488 [main] INFO  ozone.HddsDatanodeClientProtocolServer (HddsDatanodeClientProtocolServer.java:start(79)) - RPC server for Client /0.0.0.0:15134
2024-10-28 08:10:45,489 [IPC Server Responder] INFO  ipc.Server (Server.java:run(1562)) - IPC Server Responder: starting
2024-10-28 08:10:45,508 [IPC Server listener on 15134] INFO  ipc.Server (Server.java:run(1402)) - IPC Server listener on 15134: starting
2024-10-28 08:10:45,512 [main] WARN  dropwizard3.Dm3MetricRegistriesImpl (Dm3MetricRegistriesImpl.java:addReporterRegistration(114)) - New reporters are added after registries were created. Some metrics will be missing from the reporter. Please add reporter before adding any new registry.
2024-10-28 08:10:45,512 [main] WARN  dropwizard3.Dm3MetricRegistriesImpl (Dm3MetricRegistriesImpl.java:addReporterRegistration(114)) - New reporters are added after registries were created. Some metrics will be missing from the reporter. Please add reporter before adding any new registry.
2024-10-28 08:10:45,512 [main] INFO  impl.MetricsSystemImpl (MetricsSystemImpl.java:init(158)) - HddsDatanode metrics system started (again)
2024-10-28 08:10:45,523 [main] INFO  ozone.HddsDatanodeService (HddsDatanodeService.java:start(234)) - HddsDatanodeService host:fv-az886-152.zcyxlggriy4uppruju113mie5f.cx.internal.cloudapp.net ip:10.1.0.23
2024-10-28 08:10:45,527 [main] INFO  upgrade.AbstractLayoutVersionManager (AbstractLayoutVersionManager.java:init(83)) - Initializing Layout version manager with metadata layout = HBASE_SUPPORT (version = 8), software layout = HBASE_SUPPORT (version = 8)
2024-10-28 08:10:45,527 [main] INFO  ha.SCMNodeInfo (SCMNodeInfo.java:getPort(196)) - ConfigKey ozone.scm.client.address is deprecated, For configuring different ports for each SCM use PortConfigKey ozone.scm.client.port appended with serviceId and nodeId
2024-10-28 08:10:45,528 [main] INFO  ha.SCMNodeInfo (SCMNodeInfo.java:getPort(196)) - ConfigKey ozone.scm.block.client.address is deprecated, For configuring different ports for each SCM use PortConfigKey ozone.scm.block.client.port appended with serviceId and nodeId
2024-10-28 08:10:45,528 [main] INFO  ha.SCMNodeInfo (SCMNodeInfo.java:getPort(196)) - ConfigKey ozone.scm.security.service.address is deprecated, For configuring different ports for each SCM use PortConfigKey ozone.scm.security.service.port appended with serviceId and nodeId
2024-10-28 08:10:45,528 [main] INFO  ha.SCMNodeInfo (SCMNodeInfo.java:getPort(196)) - ConfigKey ozone.scm.datanode.address is deprecated, For configuring different ports for each SCM use PortConfigKey ozone.scm.datanode.port appended with serviceId and nodeId
2024-10-28 08:10:45,528 [main] INFO  ha.SCMNodeInfo (SCMNodeInfo.java:getPort(196)) - ConfigKey ozone.scm.client.address is deprecated, For configuring different ports for each SCM use PortConfigKey ozone.scm.client.port appended with serviceId and nodeId
2024-10-28 08:10:45,528 [main] INFO  ha.SCMNodeInfo (SCMNodeInfo.java:getPort(196)) - ConfigKey ozone.scm.block.client.address is deprecated, For configuring different ports for each SCM use PortConfigKey ozone.scm.block.client.port appended with serviceId and nodeId
2024-10-28 08:10:45,528 [main] INFO  ha.SCMNodeInfo (SCMNodeInfo.java:getPort(196)) - ConfigKey ozone.scm.security.service.address is deprecated, For configuring different ports for each SCM use PortConfigKey ozone.scm.security.service.port appended with serviceId and nodeId
2024-10-28 08:10:45,528 [main] INFO  ha.SCMNodeInfo (SCMNodeInfo.java:getPort(196)) - ConfigKey ozone.scm.datanode.address is deprecated, For configuring different ports for each SCM use PortConfigKey ozone.scm.datanode.port appended with serviceId and nodeId
2024-10-28 08:10:45,529 [main] INFO  ha.SCMNodeInfo (SCMNodeInfo.java:getPort(196)) - ConfigKey ozone.scm.client.address is deprecated, For configuring different ports for each SCM use PortConfigKey ozone.scm.client.port appended with serviceId and nodeId
2024-10-28 08:10:45,529 [main] INFO  ha.SCMNodeInfo (SCMNodeInfo.java:getPort(196)) - ConfigKey ozone.scm.block.client.address is deprecated, For configuring different ports for each SCM use PortConfigKey ozone.scm.block.client.port appended with serviceId and nodeId
2024-10-28 08:10:45,529 [main] INFO  ha.SCMNodeInfo (SCMNodeInfo.java:getPort(196)) - ConfigKey ozone.scm.security.service.address is deprecated, For configuring different ports for each SCM use PortConfigKey ozone.scm.security.service.port appended with serviceId and nodeId
2024-10-28 08:10:45,529 [main] INFO  ha.SCMNodeInfo (SCMNodeInfo.java:getPort(196)) - ConfigKey ozone.scm.datanode.address is deprecated, For configuring different ports for each SCM use PortConfigKey ozone.scm.datanode.port appended with serviceId and nodeId
2024-10-28 08:10:45,529 [main] INFO  statemachine.DatanodeStateMachine (DatanodeStateMachine.java:getEndPointTaskThreadPoolSize(294)) - Datanode State Machine Task Thread Pool size 4
2024-10-28 08:10:45,532 [main] INFO  volume.HddsVolume (HddsVolume.java:<init>(127)) - Creating HddsVolume: /home/runner/work/ozone/ozone/hadoop-ozone/integration-test/target/test-dir/MiniOzoneClusterImpl-0da7ab08-e378-40bf-aed1-312ccc1152ed/ozone-meta/datanode-3/data-0/hdds of storage type : DISK capacity : 9222449699674390527
2024-10-28 08:10:45,533 [main] INFO  volume.MutableVolumeSet (MutableVolumeSet.java:initializeVolumeSet(173)) - Added Volume : /home/runner/work/ozone/ozone/hadoop-ozone/integration-test/target/test-dir/MiniOzoneClusterImpl-0da7ab08-e378-40bf-aed1-312ccc1152ed/ozone-meta/datanode-3/data-0/hdds to VolumeSet
2024-10-28 08:10:45,534 [main] INFO  volume.MutableVolumeSet (MutableVolumeSet.java:initializeVolumeSet(173)) - Added Volume : /home/runner/work/ozone/ozone/hadoop-ozone/integration-test/target/test-dir/MiniOzoneClusterImpl-0da7ab08-e378-40bf-aed1-312ccc1152ed/ozone-meta/datanode-3/ratis to VolumeSet
2024-10-28 08:10:45,535 [main] INFO  ozoneimpl.OzoneContainer (HddsVolumeUtil.java:loadAllHddsVolumeDbStore(103)) - Load 1 volumes DbStore cost: 0ms
2024-10-28 08:10:45,541 [main] INFO  impl.FilePerChunkStrategy (FilePerChunkStrategy.java:<init>(84)) - ozone.chunk.read.mapped.buffer.max.count is load with 0
2024-10-28 08:10:45,541 [main] INFO  impl.FilePerBlockStrategy (FilePerBlockStrategy.java:<init>(91)) - ozone.chunk.read.mapped.buffer.max.count is load with 0
2024-10-28 08:10:45,542 [main] INFO  server.RaftServerConfigKeys (ConfUtils.java:logGet(46)) - raft.server.log.appender.buffer.byte-limit = 33554432 (custom)
2024-10-28 08:10:45,544 [main] INFO  server.RaftServer (ConfUtils.java:logGet(46)) - raft.rpc.type = GRPC (default)
2024-10-28 08:10:45,544 [main] INFO  grpc.GrpcConfigKeys (ConfUtils.java:logFallback(53)) - raft.grpc.admin.host = null (fallback to raft.grpc.server.host)
2024-10-28 08:10:45,545 [main] INFO  grpc.GrpcConfigKeys (ConfUtils.java:logGet(46)) - raft.grpc.admin.port = 15145 (custom)
2024-10-28 08:10:45,545 [main] INFO  grpc.GrpcConfigKeys (ConfUtils.java:logFallback(53)) - raft.grpc.client.host = null (fallback to raft.grpc.server.host)
2024-10-28 08:10:45,545 [main] INFO  grpc.GrpcConfigKeys (ConfUtils.java:logGet(46)) - raft.grpc.client.port = 15145 (custom)
2024-10-28 08:10:45,546 [main] INFO  grpc.GrpcConfigKeys (ConfUtils.java:logGet(46)) - raft.grpc.server.host = null (default)
2024-10-28 08:10:45,546 [main] INFO  grpc.GrpcConfigKeys (ConfUtils.java:logGet(46)) - raft.grpc.server.port = 15145 (custom)
2024-10-28 08:10:45,547 [main] INFO  server.GrpcService (ConfUtils.java:logGet(46)) - raft.grpc.message.size.max = 34603008 (custom)
2024-10-28 08:10:45,547 [main] INFO  server.GrpcService (ConfUtils.java:logGet(46)) - raft.grpc.flow.control.window = 5MB (=5242880) (custom)
2024-10-28 08:10:45,547 [main] INFO  server.RaftServerConfigKeys (ConfUtils.java:logGet(46)) - raft.server.rpc.request.timeout = 60s (custom)
2024-10-28 08:10:45,548 [main] INFO  grpc.GrpcConfigKeys (ConfUtils.java:logGet(46)) - raft.grpc.server.heartbeat.channel = true (default)
2024-10-28 08:10:45,548 [main] INFO  server.RaftServerConfigKeys (ConfUtils.java:logGet(46)) - raft.server.log.appender.buffer.byte-limit = 33554432 (custom)
2024-10-28 08:10:45,548 [main] INFO  grpc.GrpcConfigKeys (ConfUtils.java:logGet(46)) - raft.grpc.server.async.request.thread.pool.cached = true (default)
2024-10-28 08:10:45,548 [main] INFO  grpc.GrpcConfigKeys (ConfUtils.java:logGet(46)) - raft.grpc.server.async.request.thread.pool.size = 32 (default)
2024-10-28 08:10:45,549 [main] INFO  impl.DataStreamServerImpl (ConfUtils.java:logGet(46)) - raft.datastream.type = NETTY (custom)
2024-10-28 08:10:45,550 [main] INFO  server.RaftServerConfigKeys (ConfUtils.java:logGet(46)) - raft.server.data-stream.async.request.thread.pool.cached = false (default)
2024-10-28 08:10:45,550 [main] INFO  server.RaftServerConfigKeys (ConfUtils.java:logGet(46)) - raft.server.data-stream.async.request.thread.pool.size = 20 (custom)
2024-10-28 08:10:45,550 [main] INFO  server.RaftServerConfigKeys (ConfUtils.java:logGet(46)) - raft.server.data-stream.async.write.thread.pool.size = 16 (default)
2024-10-28 08:10:45,551 [main] INFO  netty.NettyConfigKeys$DataStream (ConfUtils.java:logGet(46)) - raft.netty.dataStream.server.channel.inactive.grace-period = 10min (default)
2024-10-28 08:10:45,551 [main] INFO  server.RaftServerConfigKeys (ConfUtils.java:logGet(46)) - raft.server.data-stream.client.pool.size = 10 (default)
2024-10-28 08:10:45,551 [main] INFO  netty.NettyConfigKeys$DataStream (ConfUtils.java:logGet(46)) - raft.netty.dataStream.server.use-epoll = true (default)
2024-10-28 08:10:45,552 [main] INFO  netty.NettyConfigKeys$DataStream (ConfUtils.java:logGet(46)) - raft.netty.dataStream.server.boss-group.size = 0 (default)
2024-10-28 08:10:45,552 [main] INFO  netty.NettyUtils (NettyUtils.java:newEventLoopGroup(74)) - Create EpollEventLoopGroup for 5164dc07-7390-4e62-85ea-fa0d5359a577-NettyServerStreamRpc-bossGroup; Thread size is 0.
2024-10-28 08:10:45,553 [main] INFO  netty.NettyConfigKeys$DataStream (ConfUtils.java:logGet(46)) - raft.netty.dataStream.server.worker-group.size = 0 (default)
2024-10-28 08:10:45,553 [main] INFO  netty.NettyUtils (NettyUtils.java:newEventLoopGroup(74)) - Create EpollEventLoopGroup for 5164dc07-7390-4e62-85ea-fa0d5359a577-NettyServerStreamRpc-workerGroup; Thread size is 0.
2024-10-28 08:10:45,554 [main] INFO  netty.NettyConfigKeys$DataStream (ConfUtils.java:logGet(46)) - raft.netty.dataStream.server.tls.conf = null (default)
2024-10-28 08:10:45,554 [main] INFO  netty.NettyConfigKeys$DataStream (ConfUtils.java:logGet(46)) - raft.netty.dataStream.host = null (default)
2024-10-28 08:10:45,555 [main] INFO  netty.NettyConfigKeys$DataStream (ConfUtils.java:logGet(46)) - raft.netty.dataStream.port = 15148 (custom)
2024-10-28 08:10:45,556 [2dd66384-ce76-40f1-abb4-2732924b3f06-DatanodeStateMachineDaemonThread] INFO  statemachine.DatanodeStateMachine (DatanodeStateMachine.java:startStateMachineThread(337)) - Ozone container server started.
2024-10-28 08:10:45,556 [2dd66384-ce76-40f1-abb4-2732924b3f06-DatanodeStateMachineTaskThread-0] INFO  ha.SCMNodeInfo (SCMNodeInfo.java:getPort(196)) - ConfigKey ozone.scm.client.address is deprecated, For configuring different ports for each SCM use PortConfigKey ozone.scm.client.port appended with serviceId and nodeId
2024-10-28 08:10:45,556 [2dd66384-ce76-40f1-abb4-2732924b3f06-DatanodeStateMachineTaskThread-0] INFO  ha.SCMNodeInfo (SCMNodeInfo.java:getPort(196)) - ConfigKey ozone.scm.block.client.address is deprecated, For configuring different ports for each SCM use PortConfigKey ozone.scm.block.client.port appended with serviceId and nodeId
2024-10-28 08:10:45,557 [2dd66384-ce76-40f1-abb4-2732924b3f06-DatanodeStateMachineTaskThread-0] INFO  ha.SCMNodeInfo (SCMNodeInfo.java:getPort(196)) - ConfigKey ozone.scm.security.service.address is deprecated, For configuring different ports for each SCM use PortConfigKey ozone.scm.security.service.port appended with serviceId and nodeId
2024-10-28 08:10:45,557 [2dd66384-ce76-40f1-abb4-2732924b3f06-DatanodeStateMachineTaskThread-0] INFO  ha.SCMNodeInfo (SCMNodeInfo.java:getPort(196)) - ConfigKey ozone.scm.datanode.address is deprecated, For configuring different ports for each SCM use PortConfigKey ozone.scm.datanode.port appended with serviceId and nodeId
2024-10-28 08:10:45,557 [2dd66384-ce76-40f1-abb4-2732924b3f06-DatanodeStateMachineTaskThread-0] INFO  ha.SCMNodeInfo (SCMNodeInfo.java:getPort(196)) - ConfigKey ozone.scm.client.address is deprecated, For configuring different ports for each SCM use PortConfigKey ozone.scm.client.port appended with serviceId and nodeId
2024-10-28 08:10:45,557 [2dd66384-ce76-40f1-abb4-2732924b3f06-DatanodeStateMachineTaskThread-0] INFO  ha.SCMNodeInfo (SCMNodeInfo.java:getPort(196)) - ConfigKey ozone.scm.block.client.address is deprecated, For configuring different ports for each SCM use PortConfigKey ozone.scm.block.client.port appended with serviceId and nodeId
2024-10-28 08:10:45,557 [2dd66384-ce76-40f1-abb4-2732924b3f06-DatanodeStateMachineTaskThread-0] INFO  ha.SCMNodeInfo (SCMNodeInfo.java:getPort(196)) - ConfigKey ozone.scm.security.service.address is deprecated, For configuring different ports for each SCM use PortConfigKey ozone.scm.security.service.port appended with serviceId and nodeId
2024-10-28 08:10:45,557 [2dd66384-ce76-40f1-abb4-2732924b3f06-DatanodeStateMachineTaskThread-0] INFO  ha.SCMNodeInfo (SCMNodeInfo.java:getPort(196)) - ConfigKey ozone.scm.datanode.address is deprecated, For configuring different ports for each SCM use PortConfigKey ozone.scm.datanode.port appended with serviceId and nodeId
2024-10-28 08:10:45,557 [2dd66384-ce76-40f1-abb4-2732924b3f06-DatanodeStateMachineTaskThread-0] INFO  ha.SCMNodeInfo (SCMNodeInfo.java:getPort(196)) - ConfigKey ozone.scm.client.address is deprecated, For configuring different ports for each SCM use PortConfigKey ozone.scm.client.port appended with serviceId and nodeId
2024-10-28 08:10:45,557 [2dd66384-ce76-40f1-abb4-2732924b3f06-DatanodeStateMachineTaskThread-0] INFO  ha.SCMNodeInfo (SCMNodeInfo.java:getPort(196)) - ConfigKey ozone.scm.block.client.address is deprecated, For configuring different ports for each SCM use PortConfigKey ozone.scm.block.client.port appended with serviceId and nodeId
2024-10-28 08:10:45,557 [2dd66384-ce76-40f1-abb4-2732924b3f06-DatanodeStateMachineTaskThread-0] INFO  ha.SCMNodeInfo (SCMNodeInfo.java:getPort(196)) - ConfigKey ozone.scm.security.service.address is deprecated, For configuring different ports for each SCM use PortConfigKey ozone.scm.security.service.port appended with serviceId and nodeId
2024-10-28 08:10:45,557 [2dd66384-ce76-40f1-abb4-2732924b3f06-DatanodeStateMachineTaskThread-0] INFO  ha.SCMNodeInfo (SCMNodeInfo.java:getPort(196)) - ConfigKey ozone.scm.datanode.address is deprecated, For configuring different ports for each SCM use PortConfigKey ozone.scm.datanode.port appended with serviceId and nodeId
2024-10-28 08:10:45,560 [2dd66384-ce76-40f1-abb4-2732924b3f06-DatanodeStateMachineTaskThread-0] INFO  datanode.InitDatanodeState (InitDatanodeState.java:persistContainerDatanodeDetails(139)) - DatanodeDetails is persisted to /home/runner/work/ozone/ozone/hadoop-ozone/integration-test/target/test-dir/MiniOzoneClusterImpl-0da7ab08-e378-40bf-aed1-312ccc1152ed/ozone-meta/datanode-2/meta/datanode.id
2024-10-28 08:10:45,564 [main] INFO  server.RaftServerConfigKeys (ConfUtils.java:logGet(46)) - raft.server.sleep.deviation.threshold = 300ms (default)
2024-10-28 08:10:45,564 [main] INFO  server.RaftServerConfigKeys (ConfUtils.java:logGet(46)) - raft.server.close.threshold = 60s (default)
2024-10-28 08:10:45,564 [main] INFO  server.RaftServerConfigKeys (ConfUtils.java:logGet(46)) - raft.server.leaderelection.leader.step-down.wait-time = 10s (default)
2024-10-28 08:10:45,564 [main] INFO  server.RaftServerConfigKeys (ConfUtils.java:logGet(46)) - raft.server.storage.dir = [/home/runner/work/ozone/ozone/hadoop-ozone/integration-test/target/test-dir/MiniOzoneClusterImpl-0da7ab08-e378-40bf-aed1-312ccc1152ed/ozone-meta/datanode-3/ratis] (custom)
2024-10-28 08:10:45,564 [main] INFO  server.RaftServerConfigKeys (ConfUtils.java:logGet(46)) - raft.server.threadpool.proxy.cached = true (default)
2024-10-28 08:10:45,565 [main] INFO  server.RaftServerConfigKeys (ConfUtils.java:logGet(46)) - raft.server.threadpool.proxy.size = 0 (default)
2024-10-28 08:10:45,566 [5164dc07-7390-4e62-85ea-fa0d5359a577-NettyServerStreamRpc-bossGroup--thread1] INFO  logging.LoggingHandler (AbstractInternalLogger.java:log(148)) - [id: 0x95cf5656] REGISTERED
2024-10-28 08:10:45,567 [5164dc07-7390-4e62-85ea-fa0d5359a577-NettyServerStreamRpc-bossGroup--thread1] INFO  logging.LoggingHandler (AbstractInternalLogger.java:log(148)) - [id: 0x95cf5656] BIND: 0.0.0.0/0.0.0.0:15148
2024-10-28 08:10:45,567 [5164dc07-7390-4e62-85ea-fa0d5359a577-NettyServerStreamRpc-bossGroup--thread1] INFO  logging.LoggingHandler (AbstractInternalLogger.java:log(148)) - [id: 0x95cf5656, L:/0.0.0.0:15148] ACTIVE
2024-10-28 08:10:45,574 [5164dc07-7390-4e62-85ea-fa0d5359a577-impl-thread1] INFO  server.RaftServer (RaftServerProxy.java:initGroupDir(265)) - 5164dc07-7390-4e62-85ea-fa0d5359a577: found a subdirectory /home/runner/work/ozone/ozone/hadoop-ozone/integration-test/target/test-dir/MiniOzoneClusterImpl-0da7ab08-e378-40bf-aed1-312ccc1152ed/ozone-meta/datanode-3/ratis/tmp
2024-10-28 08:10:45,574 [5164dc07-7390-4e62-85ea-fa0d5359a577-impl-thread1] INFO  server.RaftServer (RaftServerProxy.java:initGroupDir(270)) - 5164dc07-7390-4e62-85ea-fa0d5359a577: The directory /home/runner/work/ozone/ozone/hadoop-ozone/integration-test/target/test-dir/MiniOzoneClusterImpl-0da7ab08-e378-40bf-aed1-312ccc1152ed/ozone-meta/datanode-3/ratis/tmp is not a group directory; ignoring it. 
2024-10-28 08:10:45,574 [main] INFO  replication.ReplicationServer (ReplicationServer.java:<init>(86)) - Initializing replication server with thread count = 10 queue length = 4096
2024-10-28 08:10:45,576 [main] INFO  server.XceiverServerGrpc (XceiverServerGrpc.java:<init>(142)) - GrpcServer channel type EpollServerSocketChannel
2024-10-28 08:10:45,577 [main] INFO  replication.ReplicationSupervisor (ReplicationSupervisor.java:build(171)) - Initializing replication supervisor with thread count = 10
2024-10-28 08:10:45,578 [main] INFO  replication.ReplicationSupervisor (ReplicationSupervisor.java:nodeStateUpdated(348)) - Node state updated to IN_SERVICE, scaling executor pool size to 10
2024-10-28 08:10:45,580 [main] INFO  http.BaseHttpServer (BaseHttpServer.java:newHttpServer2BuilderForOzone(223)) - Starting Web-server for hddsDatanode at: http://0.0.0.0:15142
2024-10-28 08:10:45,580 [main] INFO  http.BaseHttpServer (BaseHttpServer.java:<init>(110)) - Hadoop Security Enabled: false Ozone Security Enabled: false Ozone HTTP Security Enabled: false 
2024-10-28 08:10:45,581 [main] WARN  server.AuthenticationFilter (AuthenticationFilter.java:constructSecretProvider(240)) - Unable to initialize FileSignerSecretProvider, falling back to use random secrets. Reason: Could not read signature secret file: /home/runner/hadoop-http-auth-signature-secret
2024-10-28 08:10:45,588 [main] INFO  http.HttpRequestLog (HttpRequestLog.java:getRequestLog(86)) - Http request log for http.requests.hddsDatanode is not defined
2024-10-28 08:10:45,589 [main] INFO  http.HttpServer2 (HttpServer2.java:addGlobalFilter(1035)) - Added global filter 'safety' (class=org.apache.hadoop.hdds.server.http.HttpServer2$QuotingInputFilter)
2024-10-28 08:10:45,590 [main] INFO  http.HttpServer2 (HttpServer2.java:addFilter(1011)) - Added filter static_user_filter (class=org.apache.hadoop.http.lib.StaticUserWebFilter$StaticUserFilter) to context hddsDatanode
2024-10-28 08:10:45,590 [main] INFO  http.HttpServer2 (HttpServer2.java:addFilter(1019)) - Added filter static_user_filter (class=org.apache.hadoop.http.lib.StaticUserWebFilter$StaticUserFilter) to context static
2024-10-28 08:10:45,590 [main] INFO  http.HttpServer2 (HttpServer2.java:addFilter(1019)) - Added filter static_user_filter (class=org.apache.hadoop.http.lib.StaticUserWebFilter$StaticUserFilter) to context logs
2024-10-28 08:10:45,591 [main] INFO  http.BaseHttpServer (BaseHttpServer.java:<init>(189)) - HTTP server of hddsDatanode uses base directory /home/runner/work/ozone/ozone/hadoop-ozone/integration-test/target/test-dir/MiniOzoneClusterImpl-0da7ab08-e378-40bf-aed1-312ccc1152ed/ozone-meta/datanode-3/meta/webserver
2024-10-28 08:10:45,591 [main] INFO  http.HttpServer2 (HttpServer2.java:bindListener(1235)) - Jetty bound to port 15142
2024-10-28 08:10:45,591 [main] INFO  server.Server (Server.java:doStart(375)) - jetty-9.4.56.v20240826; built: 2024-08-26T17:15:05.868Z; git: ec6782ff5ead824dabdcf47fa98f90a4aedff401; jvm 17.0.12+7
2024-10-28 08:10:45,612 [main] INFO  server.session (DefaultSessionIdManager.java:doStart(334)) - DefaultSessionIdManager workerName=node0
2024-10-28 08:10:45,612 [main] INFO  server.session (DefaultSessionIdManager.java:doStart(339)) - No SessionScavenger set, using defaults
2024-10-28 08:10:45,612 [main] INFO  server.session (HouseKeeper.java:startScavenging(132)) - node0 Scavenging every 660000ms
2024-10-28 08:10:45,614 [main] INFO  handler.ContextHandler (ContextHandler.java:doStart(921)) - Started o.e.j.s.ServletContextHandler@5202cabe{logs,/logs,file:///home/runner/work/ozone/ozone/hadoop-ozone/integration-test/target/log,AVAILABLE}
2024-10-28 08:10:45,615 [main] INFO  handler.ContextHandler (ContextHandler.java:doStart(921)) - Started o.e.j.s.ServletContextHandler@45860663{static,/static,jar:file:/home/runner/work/ozone/ozone/hadoop-hdds/container-service/target/hdds-container-service-2.0.0-SNAPSHOT.jar!/webapps/static,AVAILABLE}
2024-10-28 08:10:45,818 [main] INFO  handler.ContextHandler (ContextHandler.java:doStart(921)) - Started o.e.j.w.WebAppContext@328faaed{hddsDatanode,/,file:///home/runner/work/ozone/ozone/hadoop-ozone/integration-test/target/test-dir/MiniOzoneClusterImpl-0da7ab08-e378-40bf-aed1-312ccc1152ed/ozone-meta/datanode-3/meta/webserver/jetty-0_0_0_0-15142-hdds-container-service-2_0_0-SNAPSHOT_jar-_-any-2362993707334364457/webapp/,AVAILABLE}{jar:file:/home/runner/work/ozone/ozone/hadoop-hdds/container-service/target/hdds-container-service-2.0.0-SNAPSHOT.jar!/webapps/hddsDatanode}
2024-10-28 08:10:45,819 [main] INFO  server.AbstractConnector (AbstractConnector.java:doStart(333)) - Started ServerConnector@81c76c9{HTTP/1.1, (http/1.1)}{0.0.0.0:15142}
2024-10-28 08:10:45,819 [main] INFO  server.Server (Server.java:doStart(415)) - Started @178616ms
2024-10-28 08:10:45,819 [main] WARN  impl.MetricsSystemImpl (MetricsSystemImpl.java:register(279)) - Sink prometheus already exists!
2024-10-28 08:10:45,820 [main] INFO  http.BaseHttpServer (BaseHttpServer.java:updateConnectorAddress(354)) - HTTP server of hddsDatanode listening at http://0.0.0.0:15142
2024-10-28 08:10:45,820 [main] INFO  ipc.CallQueueManager (CallQueueManager.java:<init>(90)) - Using callQueue: class java.util.concurrent.LinkedBlockingQueue, queueCapacity: 1000, scheduler: class org.apache.hadoop.ipc.DefaultRpcScheduler, ipcBackoff: false.
2024-10-28 08:10:45,821 [main] INFO  ipc.Server (Server.java:<init>(1287)) - Listener at 0.0.0.0:15143
2024-10-28 08:10:45,821 [Socket Reader #1 for port 15143] INFO  ipc.Server (Server.java:run(1323)) - Starting Socket Reader #1 for port 15143
2024-10-28 08:10:45,821 [Socket Reader #2 for port 15143] INFO  ipc.Server (Server.java:run(1323)) - Starting Socket Reader #2 for port 15143
2024-10-28 08:10:45,821 [Socket Reader #3 for port 15143] INFO  ipc.Server (Server.java:run(1323)) - Starting Socket Reader #3 for port 15143
2024-10-28 08:10:45,821 [Socket Reader #4 for port 15143] INFO  ipc.Server (Server.java:run(1323)) - Starting Socket Reader #4 for port 15143
2024-10-28 08:10:45,822 [Socket Reader #5 for port 15143] INFO  ipc.Server (Server.java:run(1323)) - Starting Socket Reader #5 for port 15143
2024-10-28 08:10:45,822 [Socket Reader #6 for port 15143] INFO  ipc.Server (Server.java:run(1323)) - Starting Socket Reader #6 for port 15143
2024-10-28 08:10:45,822 [Socket Reader #7 for port 15143] INFO  ipc.Server (Server.java:run(1323)) - Starting Socket Reader #7 for port 15143
2024-10-28 08:10:45,822 [Socket Reader #8 for port 15143] INFO  ipc.Server (Server.java:run(1323)) - Starting Socket Reader #8 for port 15143
2024-10-28 08:10:45,822 [Socket Reader #9 for port 15143] INFO  ipc.Server (Server.java:run(1323)) - Starting Socket Reader #9 for port 15143
2024-10-28 08:10:45,822 [Socket Reader #10 for port 15143] INFO  ipc.Server (Server.java:run(1323)) - Starting Socket Reader #10 for port 15143
2024-10-28 08:10:45,824 [main] INFO  ozone.HddsDatanodeService (HddsDatanodeService.java:start(318)) - Datanode start with admins: [runner]
2024-10-28 08:10:45,824 [main] INFO  ozone.HddsDatanodeClientProtocolServer (HddsDatanodeClientProtocolServer.java:start(79)) - RPC server for Client /0.0.0.0:15143
2024-10-28 08:10:45,824 [IPC Server Responder] INFO  ipc.Server (Server.java:run(1562)) - IPC Server Responder: starting
2024-10-28 08:10:45,825 [IPC Server listener on 15143] INFO  ipc.Server (Server.java:run(1402)) - IPC Server listener on 15143: starting
2024-10-28 08:10:45,827 [5164dc07-7390-4e62-85ea-fa0d5359a577-DatanodeStateMachineDaemonThread] INFO  statemachine.DatanodeStateMachine (DatanodeStateMachine.java:startStateMachineThread(337)) - Ozone container server started.
2024-10-28 08:10:45,827 [main] INFO  ozone.MiniOzoneClusterImpl (MiniOzoneClusterImpl.java:lambda$waitForClusterToBeReady$0(219)) - Waiting for nodes to be ready. Got 0 of 3 DN Heartbeats.
2024-10-28 08:10:45,827 [main] INFO  ozone.MiniOzoneClusterImpl (MiniOzoneClusterImpl.java:lambda$waitForClusterToBeReady$0(222)) - Waiting for cluster to exit safe mode
2024-10-28 08:10:45,827 [main] INFO  ozone.MiniOzoneClusterImpl (MiniOzoneClusterImpl.java:lambda$waitForClusterToBeReady$0(224)) - SCM became leader
2024-10-28 08:10:45,827 [5164dc07-7390-4e62-85ea-fa0d5359a577-DatanodeStateMachineTaskThread-0] INFO  ha.SCMNodeInfo (SCMNodeInfo.java:getPort(196)) - ConfigKey ozone.scm.client.address is deprecated, For configuring different ports for each SCM use PortConfigKey ozone.scm.client.port appended with serviceId and nodeId
2024-10-28 08:10:45,828 [5164dc07-7390-4e62-85ea-fa0d5359a577-DatanodeStateMachineTaskThread-0] INFO  ha.SCMNodeInfo (SCMNodeInfo.java:getPort(196)) - ConfigKey ozone.scm.block.client.address is deprecated, For configuring different ports for each SCM use PortConfigKey ozone.scm.block.client.port appended with serviceId and nodeId
2024-10-28 08:10:45,828 [5164dc07-7390-4e62-85ea-fa0d5359a577-DatanodeStateMachineTaskThread-0] INFO  ha.SCMNodeInfo (SCMNodeInfo.java:getPort(196)) - ConfigKey ozone.scm.security.service.address is deprecated, For configuring different ports for each SCM use PortConfigKey ozone.scm.security.service.port appended with serviceId and nodeId
2024-10-28 08:10:45,828 [5164dc07-7390-4e62-85ea-fa0d5359a577-DatanodeStateMachineTaskThread-0] INFO  ha.SCMNodeInfo (SCMNodeInfo.java:getPort(196)) - ConfigKey ozone.scm.datanode.address is deprecated, For configuring different ports for each SCM use PortConfigKey ozone.scm.datanode.port appended with serviceId and nodeId
2024-10-28 08:10:45,828 [5164dc07-7390-4e62-85ea-fa0d5359a577-DatanodeStateMachineTaskThread-0] INFO  ha.SCMNodeInfo (SCMNodeInfo.java:getPort(196)) - ConfigKey ozone.scm.client.address is deprecated, For configuring different ports for each SCM use PortConfigKey ozone.scm.client.port appended with serviceId and nodeId
2024-10-28 08:10:45,828 [5164dc07-7390-4e62-85ea-fa0d5359a577-DatanodeStateMachineTaskThread-0] INFO  ha.SCMNodeInfo (SCMNodeInfo.java:getPort(196)) - ConfigKey ozone.scm.block.client.address is deprecated, For configuring different ports for each SCM use PortConfigKey ozone.scm.block.client.port appended with serviceId and nodeId
2024-10-28 08:10:45,828 [5164dc07-7390-4e62-85ea-fa0d5359a577-DatanodeStateMachineTaskThread-0] INFO  ha.SCMNodeInfo (SCMNodeInfo.java:getPort(196)) - ConfigKey ozone.scm.security.service.address is deprecated, For configuring different ports for each SCM use PortConfigKey ozone.scm.security.service.port appended with serviceId and nodeId
2024-10-28 08:10:45,828 [5164dc07-7390-4e62-85ea-fa0d5359a577-DatanodeStateMachineTaskThread-0] INFO  ha.SCMNodeInfo (SCMNodeInfo.java:getPort(196)) - ConfigKey ozone.scm.datanode.address is deprecated, For configuring different ports for each SCM use PortConfigKey ozone.scm.datanode.port appended with serviceId and nodeId
2024-10-28 08:10:45,828 [5164dc07-7390-4e62-85ea-fa0d5359a577-DatanodeStateMachineTaskThread-0] INFO  ha.SCMNodeInfo (SCMNodeInfo.java:getPort(196)) - ConfigKey ozone.scm.client.address is deprecated, For configuring different ports for each SCM use PortConfigKey ozone.scm.client.port appended with serviceId and nodeId
2024-10-28 08:10:45,828 [5164dc07-7390-4e62-85ea-fa0d5359a577-DatanodeStateMachineTaskThread-0] INFO  ha.SCMNodeInfo (SCMNodeInfo.java:getPort(196)) - ConfigKey ozone.scm.block.client.address is deprecated, For configuring different ports for each SCM use PortConfigKey ozone.scm.block.client.port appended with serviceId and nodeId
2024-10-28 08:10:45,828 [5164dc07-7390-4e62-85ea-fa0d5359a577-DatanodeStateMachineTaskThread-0] INFO  ha.SCMNodeInfo (SCMNodeInfo.java:getPort(196)) - ConfigKey ozone.scm.security.service.address is deprecated, For configuring different ports for each SCM use PortConfigKey ozone.scm.security.service.port appended with serviceId and nodeId
2024-10-28 08:10:45,828 [5164dc07-7390-4e62-85ea-fa0d5359a577-DatanodeStateMachineTaskThread-0] INFO  ha.SCMNodeInfo (SCMNodeInfo.java:getPort(196)) - ConfigKey ozone.scm.datanode.address is deprecated, For configuring different ports for each SCM use PortConfigKey ozone.scm.datanode.port appended with serviceId and nodeId
2024-10-28 08:10:45,830 [5164dc07-7390-4e62-85ea-fa0d5359a577-DatanodeStateMachineTaskThread-0] INFO  datanode.InitDatanodeState (InitDatanodeState.java:persistContainerDatanodeDetails(139)) - DatanodeDetails is persisted to /home/runner/work/ozone/ozone/hadoop-ozone/integration-test/target/test-dir/MiniOzoneClusterImpl-0da7ab08-e378-40bf-aed1-312ccc1152ed/ozone-meta/datanode-3/meta/datanode.id
2024-10-28 08:10:46,047 [d1f2ec58-f55e-45ab-93c5-34baa5ccb560-EndpointStateMachineTaskThread-/127.0.0.1:15020-0 ] INFO  ipc.Client (Client.java:handleConnectionFailure(950)) - Retrying connect to server: localhost/127.0.0.1:15020. Already tried 5 time(s); retry policy is RetryUpToMaximumCountWithFixedSleep(maxRetries=15, sleepTime=1000 MILLISECONDS)
2024-10-28 08:10:46,047 [d1f2ec58-f55e-45ab-93c5-34baa5ccb560-EndpointStateMachineTaskThread-/127.0.0.1:15012-0 ] INFO  ipc.Client (Client.java:handleConnectionFailure(950)) - Retrying connect to server: localhost/127.0.0.1:15012. Already tried 5 time(s); retry policy is RetryUpToMaximumCountWithFixedSleep(maxRetries=15, sleepTime=1000 MILLISECONDS)
2024-10-28 08:10:46,828 [main] INFO  ozone.MiniOzoneClusterImpl (MiniOzoneClusterImpl.java:lambda$waitForClusterToBeReady$0(219)) - Waiting for nodes to be ready. Got 0 of 3 DN Heartbeats.
2024-10-28 08:10:46,828 [main] INFO  ozone.MiniOzoneClusterImpl (MiniOzoneClusterImpl.java:lambda$waitForClusterToBeReady$0(222)) - Waiting for cluster to exit safe mode
2024-10-28 08:10:46,828 [main] INFO  ozone.MiniOzoneClusterImpl (MiniOzoneClusterImpl.java:lambda$waitForClusterToBeReady$0(224)) - SCM became leader
2024-10-28 08:10:47,047 [d1f2ec58-f55e-45ab-93c5-34baa5ccb560-EndpointStateMachineTaskThread-/127.0.0.1:15020-0 ] INFO  ipc.Client (Client.java:handleConnectionFailure(950)) - Retrying connect to server: localhost/127.0.0.1:15020. Already tried 6 time(s); retry policy is RetryUpToMaximumCountWithFixedSleep(maxRetries=15, sleepTime=1000 MILLISECONDS)
2024-10-28 08:10:47,047 [d1f2ec58-f55e-45ab-93c5-34baa5ccb560-EndpointStateMachineTaskThread-/127.0.0.1:15012-0 ] INFO  ipc.Client (Client.java:handleConnectionFailure(950)) - Retrying connect to server: localhost/127.0.0.1:15012. Already tried 6 time(s); retry policy is RetryUpToMaximumCountWithFixedSleep(maxRetries=15, sleepTime=1000 MILLISECONDS)
2024-10-28 08:10:47,178 [0506bfaa-e0bf-41a1-ae8b-a3d5b458913d-EndpointStateMachineTaskThread-/127.0.0.1:15095-0 ] INFO  utils.DatanodeStoreCache (DatanodeStoreCache.java:addDB(72)) - Added db /home/runner/work/ozone/ozone/hadoop-ozone/integration-test/target/test-dir/MiniOzoneClusterImpl-0da7ab08-e378-40bf-aed1-312ccc1152ed/ozone-meta/datanode-1/data-0/hdds/0da7ab08-e378-40bf-aed1-312ccc1152ed/DS-430f4329-e4dd-470b-aa5e-57fa8d4f6da8/container.db to cache
2024-10-28 08:10:47,178 [0506bfaa-e0bf-41a1-ae8b-a3d5b458913d-EndpointStateMachineTaskThread-/127.0.0.1:15095-0 ] INFO  volume.HddsVolume (HddsVolume.java:createDbStore(429)) - SchemaV3 db is created and loaded at /home/runner/work/ozone/ozone/hadoop-ozone/integration-test/target/test-dir/MiniOzoneClusterImpl-0da7ab08-e378-40bf-aed1-312ccc1152ed/ozone-meta/datanode-1/data-0/hdds/0da7ab08-e378-40bf-aed1-312ccc1152ed/DS-430f4329-e4dd-470b-aa5e-57fa8d4f6da8/container.db for volume DS-430f4329-e4dd-470b-aa5e-57fa8d4f6da8
2024-10-28 08:10:47,180 [0506bfaa-e0bf-41a1-ae8b-a3d5b458913d-ContainerReader-0] INFO  ozoneimpl.ContainerReader (ContainerReader.java:readVolume(148)) - Start to verify containers on volume /home/runner/work/ozone/ozone/hadoop-ozone/integration-test/target/test-dir/MiniOzoneClusterImpl-0da7ab08-e378-40bf-aed1-312ccc1152ed/ozone-meta/datanode-1/data-0/hdds
2024-10-28 08:10:47,180 [0506bfaa-e0bf-41a1-ae8b-a3d5b458913d-ContainerReader-0] INFO  ozoneimpl.ContainerReader (ContainerReader.java:readVolume(178)) - Finish verifying containers on volume /home/runner/work/ozone/ozone/hadoop-ozone/integration-test/target/test-dir/MiniOzoneClusterImpl-0da7ab08-e378-40bf-aed1-312ccc1152ed/ozone-meta/datanode-1/data-0/hdds
2024-10-28 08:10:47,180 [0506bfaa-e0bf-41a1-ae8b-a3d5b458913d-EndpointStateMachineTaskThread-/127.0.0.1:15095-0 ] INFO  ozoneimpl.OzoneContainer (OzoneContainer.java:buildContainerSet(344)) - Build ContainerSet costs 0s
2024-10-28 08:10:47,181 [0506bfaa-e0bf-41a1-ae8b-a3d5b458913d-EndpointStateMachineTaskThread-/127.0.0.1:15095-0 ] INFO  volume.ThrottledAsyncChecker (ThrottledAsyncChecker.java:schedule(141)) - Scheduling a check for /home/runner/work/ozone/ozone/hadoop-ozone/integration-test/target/test-dir/MiniOzoneClusterImpl-0da7ab08-e378-40bf-aed1-312ccc1152ed/ozone-meta/datanode-1/data-0/hdds
2024-10-28 08:10:47,181 [0506bfaa-e0bf-41a1-ae8b-a3d5b458913d-EndpointStateMachineTaskThread-/127.0.0.1:15095-0 ] INFO  volume.StorageVolumeChecker (StorageVolumeChecker.java:checkAllVolumes(218)) - Scheduled health check for volume /home/runner/work/ozone/ozone/hadoop-ozone/integration-test/target/test-dir/MiniOzoneClusterImpl-0da7ab08-e378-40bf-aed1-312ccc1152ed/ozone-meta/datanode-1/data-0/hdds
2024-10-28 08:10:47,182 [0506bfaa-e0bf-41a1-ae8b-a3d5b458913d-EndpointStateMachineTaskThread-/127.0.0.1:15095-0 ] INFO  volume.ThrottledAsyncChecker (ThrottledAsyncChecker.java:schedule(141)) - Scheduling a check for /home/runner/work/ozone/ozone/hadoop-ozone/integration-test/target/test-dir/MiniOzoneClusterImpl-0da7ab08-e378-40bf-aed1-312ccc1152ed/ozone-meta/datanode-1/ratis
2024-10-28 08:10:47,182 [0506bfaa-e0bf-41a1-ae8b-a3d5b458913d-EndpointStateMachineTaskThread-/127.0.0.1:15095-0 ] INFO  volume.StorageVolumeChecker (StorageVolumeChecker.java:checkAllVolumes(218)) - Scheduled health check for volume /home/runner/work/ozone/ozone/hadoop-ozone/integration-test/target/test-dir/MiniOzoneClusterImpl-0da7ab08-e378-40bf-aed1-312ccc1152ed/ozone-meta/datanode-1/ratis
2024-10-28 08:10:47,183 [0506bfaa-e0bf-41a1-ae8b-a3d5b458913d-EndpointStateMachineTaskThread-/127.0.0.1:15095-0 ] INFO  ozoneimpl.OzoneContainer (OzoneContainer.java:start(475)) - Attempting to start container services.
2024-10-28 08:10:47,184 [ContainerMetadataScanner] INFO  ozoneimpl.AbstractBackgroundContainerScanner (AbstractBackgroundContainerScanner.java:runIteration(87)) - Completed an iteration in 0 minutes. Number of iterations (since the data-node restart) : 1, Number of containers scanned in this iteration : 0, Number of unhealthy containers found in this iteration : 0
2024-10-28 08:10:47,184 [ContainerDataScanner(/home/runner/work/ozone/ozone/hadoop-ozone/integration-test/target/test-dir/MiniOzoneClusterImpl-0da7ab08-e378-40bf-aed1-312ccc1152ed/ozone-meta/datanode-1/data-0/hdds)] INFO  ozoneimpl.AbstractBackgroundContainerScanner (AbstractBackgroundContainerScanner.java:runIteration(87)) - Completed an iteration in 0 minutes. Number of iterations (since the data-node restart) : 1, Number of containers scanned in this iteration : 0, Number of unhealthy containers found in this iteration : 0
2024-10-28 08:10:47,184 [0506bfaa-e0bf-41a1-ae8b-a3d5b458913d-EndpointStateMachineTaskThread-/127.0.0.1:15095-0 ] INFO  replication.ReplicationServer (ReplicationServer.java:start(140)) - ReplicationServer is started using port 15131
2024-10-28 08:10:47,184 [0506bfaa-e0bf-41a1-ae8b-a3d5b458913d-EndpointStateMachineTaskThread-/127.0.0.1:15095-0 ] INFO  ratis.XceiverServerRatis (XceiverServerRatis.java:start(561)) - Starting XceiverServerRatis(0506bfaa-e0bf-41a1-ae8b-a3d5b458913d)
2024-10-28 08:10:47,186 [0506bfaa-e0bf-41a1-ae8b-a3d5b458913d-EndpointStateMachineTaskThread-/127.0.0.1:15095-0 ] INFO  server.RaftServer (RaftServerProxy.java:startImpl(407)) - 0506bfaa-e0bf-41a1-ae8b-a3d5b458913d: start RPC server
2024-10-28 08:10:47,186 [0506bfaa-e0bf-41a1-ae8b-a3d5b458913d-EndpointStateMachineTaskThread-/127.0.0.1:15095-0 ] INFO  server.GrpcService (GrpcService.java:startImpl(334)) - 0506bfaa-e0bf-41a1-ae8b-a3d5b458913d: GrpcService started, listening on 15127
2024-10-28 08:10:47,186 [0506bfaa-e0bf-41a1-ae8b-a3d5b458913d-EndpointStateMachineTaskThread-/127.0.0.1:15095-0 ] INFO  ratis.XceiverServerRatis (XceiverServerRatis.java:getRealPort(588)) - XceiverServerRatis(0506bfaa-e0bf-41a1-ae8b-a3d5b458913d) is started using port RATIS=15127
2024-10-28 08:10:47,186 [0506bfaa-e0bf-41a1-ae8b-a3d5b458913d-EndpointStateMachineTaskThread-/127.0.0.1:15095-0 ] INFO  ratis.XceiverServerRatis (XceiverServerRatis.java:getRealPort(588)) - XceiverServerRatis(0506bfaa-e0bf-41a1-ae8b-a3d5b458913d) is started using port RATIS_ADMIN=15127
2024-10-28 08:10:47,186 [0506bfaa-e0bf-41a1-ae8b-a3d5b458913d-EndpointStateMachineTaskThread-/127.0.0.1:15095-0 ] INFO  ratis.XceiverServerRatis (XceiverServerRatis.java:getRealPort(588)) - XceiverServerRatis(0506bfaa-e0bf-41a1-ae8b-a3d5b458913d) is started using port RATIS_SERVER=15127
2024-10-28 08:10:47,186 [JvmPauseMonitor17] INFO  util.JvmPauseMonitor (JvmPauseMonitor.java:run(146)) - JvmPauseMonitor-0506bfaa-e0bf-41a1-ae8b-a3d5b458913d: Started
2024-10-28 08:10:47,186 [0506bfaa-e0bf-41a1-ae8b-a3d5b458913d-EndpointStateMachineTaskThread-/127.0.0.1:15095-0 ] INFO  ratis.XceiverServerRatis (XceiverServerRatis.java:getRealPort(588)) - XceiverServerRatis(0506bfaa-e0bf-41a1-ae8b-a3d5b458913d) is started using port RATIS_DATASTREAM=15130
2024-10-28 08:10:47,187 [0506bfaa-e0bf-41a1-ae8b-a3d5b458913d-EndpointStateMachineTaskThread-/127.0.0.1:15079-0 ] INFO  ozoneimpl.OzoneContainer (OzoneContainer.java:start(457)) - Ignore. OzoneContainer already started.
2024-10-28 08:10:47,187 [0506bfaa-e0bf-41a1-ae8b-a3d5b458913d-EndpointStateMachineTaskThread-/127.0.0.1:15087-0 ] INFO  ozoneimpl.OzoneContainer (OzoneContainer.java:start(457)) - Ignore. OzoneContainer already started.
2024-10-28 08:10:47,187 [0506bfaa-e0bf-41a1-ae8b-a3d5b458913d-BlockDeletingService#0] INFO  interfaces.ContainerDeletionChoosingPolicyTemplate (ContainerDeletionChoosingPolicyTemplate.java:chooseContainerForBlockDeletion(85)) - Chosen 0/5000 blocks from 0 candidate containers.
2024-10-28 08:10:47,587 [2dd66384-ce76-40f1-abb4-2732924b3f06-EndpointStateMachineTaskThread-/127.0.0.1:15095-0 ] INFO  utils.DatanodeStoreCache (DatanodeStoreCache.java:addDB(72)) - Added db /home/runner/work/ozone/ozone/hadoop-ozone/integration-test/target/test-dir/MiniOzoneClusterImpl-0da7ab08-e378-40bf-aed1-312ccc1152ed/ozone-meta/datanode-2/data-0/hdds/0da7ab08-e378-40bf-aed1-312ccc1152ed/DS-29c62199-3b72-4c86-8f66-d3ccc53b59ff/container.db to cache
2024-10-28 08:10:47,587 [2dd66384-ce76-40f1-abb4-2732924b3f06-EndpointStateMachineTaskThread-/127.0.0.1:15095-0 ] INFO  volume.HddsVolume (HddsVolume.java:createDbStore(429)) - SchemaV3 db is created and loaded at /home/runner/work/ozone/ozone/hadoop-ozone/integration-test/target/test-dir/MiniOzoneClusterImpl-0da7ab08-e378-40bf-aed1-312ccc1152ed/ozone-meta/datanode-2/data-0/hdds/0da7ab08-e378-40bf-aed1-312ccc1152ed/DS-29c62199-3b72-4c86-8f66-d3ccc53b59ff/container.db for volume DS-29c62199-3b72-4c86-8f66-d3ccc53b59ff
2024-10-28 08:10:47,589 [2dd66384-ce76-40f1-abb4-2732924b3f06-ContainerReader-0] INFO  ozoneimpl.ContainerReader (ContainerReader.java:readVolume(148)) - Start to verify containers on volume /home/runner/work/ozone/ozone/hadoop-ozone/integration-test/target/test-dir/MiniOzoneClusterImpl-0da7ab08-e378-40bf-aed1-312ccc1152ed/ozone-meta/datanode-2/data-0/hdds
2024-10-28 08:10:47,589 [2dd66384-ce76-40f1-abb4-2732924b3f06-ContainerReader-0] INFO  ozoneimpl.ContainerReader (ContainerReader.java:readVolume(178)) - Finish verifying containers on volume /home/runner/work/ozone/ozone/hadoop-ozone/integration-test/target/test-dir/MiniOzoneClusterImpl-0da7ab08-e378-40bf-aed1-312ccc1152ed/ozone-meta/datanode-2/data-0/hdds
2024-10-28 08:10:47,590 [2dd66384-ce76-40f1-abb4-2732924b3f06-EndpointStateMachineTaskThread-/127.0.0.1:15095-0 ] INFO  ozoneimpl.OzoneContainer (OzoneContainer.java:buildContainerSet(344)) - Build ContainerSet costs 0s
2024-10-28 08:10:47,590 [2dd66384-ce76-40f1-abb4-2732924b3f06-EndpointStateMachineTaskThread-/127.0.0.1:15095-0 ] INFO  volume.ThrottledAsyncChecker (ThrottledAsyncChecker.java:schedule(141)) - Scheduling a check for /home/runner/work/ozone/ozone/hadoop-ozone/integration-test/target/test-dir/MiniOzoneClusterImpl-0da7ab08-e378-40bf-aed1-312ccc1152ed/ozone-meta/datanode-2/data-0/hdds
2024-10-28 08:10:47,593 [2dd66384-ce76-40f1-abb4-2732924b3f06-EndpointStateMachineTaskThread-/127.0.0.1:15095-0 ] INFO  volume.StorageVolumeChecker (StorageVolumeChecker.java:checkAllVolumes(218)) - Scheduled health check for volume /home/runner/work/ozone/ozone/hadoop-ozone/integration-test/target/test-dir/MiniOzoneClusterImpl-0da7ab08-e378-40bf-aed1-312ccc1152ed/ozone-meta/datanode-2/data-0/hdds
2024-10-28 08:10:47,593 [2dd66384-ce76-40f1-abb4-2732924b3f06-EndpointStateMachineTaskThread-/127.0.0.1:15095-0 ] INFO  volume.ThrottledAsyncChecker (ThrottledAsyncChecker.java:schedule(141)) - Scheduling a check for /home/runner/work/ozone/ozone/hadoop-ozone/integration-test/target/test-dir/MiniOzoneClusterImpl-0da7ab08-e378-40bf-aed1-312ccc1152ed/ozone-meta/datanode-2/ratis
2024-10-28 08:10:47,593 [2dd66384-ce76-40f1-abb4-2732924b3f06-EndpointStateMachineTaskThread-/127.0.0.1:15095-0 ] INFO  volume.StorageVolumeChecker (StorageVolumeChecker.java:checkAllVolumes(218)) - Scheduled health check for volume /home/runner/work/ozone/ozone/hadoop-ozone/integration-test/target/test-dir/MiniOzoneClusterImpl-0da7ab08-e378-40bf-aed1-312ccc1152ed/ozone-meta/datanode-2/ratis
2024-10-28 08:10:47,594 [2dd66384-ce76-40f1-abb4-2732924b3f06-EndpointStateMachineTaskThread-/127.0.0.1:15095-0 ] INFO  ozoneimpl.OzoneContainer (OzoneContainer.java:start(475)) - Attempting to start container services.
2024-10-28 08:10:47,594 [2dd66384-ce76-40f1-abb4-2732924b3f06-EndpointStateMachineTaskThread-/127.0.0.1:15095-0 ] WARN  ozoneimpl.OnDemandContainerDataScanner (OnDemandContainerDataScanner.java:init(75)) - Trying to initialize on demand scanner a second time on a datanode.
2024-10-28 08:10:47,594 [ContainerMetadataScanner] INFO  ozoneimpl.AbstractBackgroundContainerScanner (AbstractBackgroundContainerScanner.java:runIteration(87)) - Completed an iteration in 0 minutes. Number of iterations (since the data-node restart) : 1, Number of containers scanned in this iteration : 0, Number of unhealthy containers found in this iteration : 0
2024-10-28 08:10:47,595 [ContainerDataScanner(/home/runner/work/ozone/ozone/hadoop-ozone/integration-test/target/test-dir/MiniOzoneClusterImpl-0da7ab08-e378-40bf-aed1-312ccc1152ed/ozone-meta/datanode-2/data-0/hdds)] INFO  ozoneimpl.AbstractBackgroundContainerScanner (AbstractBackgroundContainerScanner.java:runIteration(87)) - Completed an iteration in 0 minutes. Number of iterations (since the data-node restart) : 1, Number of containers scanned in this iteration : 0, Number of unhealthy containers found in this iteration : 0
2024-10-28 08:10:47,595 [2dd66384-ce76-40f1-abb4-2732924b3f06-EndpointStateMachineTaskThread-/127.0.0.1:15095-0 ] INFO  replication.ReplicationServer (ReplicationServer.java:start(140)) - ReplicationServer is started using port 15140
2024-10-28 08:10:47,596 [2dd66384-ce76-40f1-abb4-2732924b3f06-EndpointStateMachineTaskThread-/127.0.0.1:15095-0 ] INFO  ratis.XceiverServerRatis (XceiverServerRatis.java:start(561)) - Starting XceiverServerRatis(2dd66384-ce76-40f1-abb4-2732924b3f06)
2024-10-28 08:10:47,600 [2dd66384-ce76-40f1-abb4-2732924b3f06-EndpointStateMachineTaskThread-/127.0.0.1:15095-0 ] INFO  server.RaftServer (RaftServerProxy.java:startImpl(407)) - 2dd66384-ce76-40f1-abb4-2732924b3f06: start RPC server
2024-10-28 08:10:47,601 [2dd66384-ce76-40f1-abb4-2732924b3f06-EndpointStateMachineTaskThread-/127.0.0.1:15095-0 ] INFO  server.GrpcService (GrpcService.java:startImpl(334)) - 2dd66384-ce76-40f1-abb4-2732924b3f06: GrpcService started, listening on 15136
2024-10-28 08:10:47,601 [2dd66384-ce76-40f1-abb4-2732924b3f06-EndpointStateMachineTaskThread-/127.0.0.1:15095-0 ] INFO  ratis.XceiverServerRatis (XceiverServerRatis.java:getRealPort(588)) - XceiverServerRatis(2dd66384-ce76-40f1-abb4-2732924b3f06) is started using port RATIS=15136
2024-10-28 08:10:47,601 [2dd66384-ce76-40f1-abb4-2732924b3f06-EndpointStateMachineTaskThread-/127.0.0.1:15095-0 ] INFO  ratis.XceiverServerRatis (XceiverServerRatis.java:getRealPort(588)) - XceiverServerRatis(2dd66384-ce76-40f1-abb4-2732924b3f06) is started using port RATIS_ADMIN=15136
2024-10-28 08:10:47,601 [2dd66384-ce76-40f1-abb4-2732924b3f06-EndpointStateMachineTaskThread-/127.0.0.1:15095-0 ] INFO  ratis.XceiverServerRatis (XceiverServerRatis.java:getRealPort(588)) - XceiverServerRatis(2dd66384-ce76-40f1-abb4-2732924b3f06) is started using port RATIS_SERVER=15136
2024-10-28 08:10:47,601 [2dd66384-ce76-40f1-abb4-2732924b3f06-EndpointStateMachineTaskThread-/127.0.0.1:15095-0 ] INFO  ratis.XceiverServerRatis (XceiverServerRatis.java:getRealPort(588)) - XceiverServerRatis(2dd66384-ce76-40f1-abb4-2732924b3f06) is started using port RATIS_DATASTREAM=15139
2024-10-28 08:10:47,602 [JvmPauseMonitor18] INFO  util.JvmPauseMonitor (JvmPauseMonitor.java:run(146)) - JvmPauseMonitor-2dd66384-ce76-40f1-abb4-2732924b3f06: Started
2024-10-28 08:10:47,602 [2dd66384-ce76-40f1-abb4-2732924b3f06-BlockDeletingService#0] INFO  interfaces.ContainerDeletionChoosingPolicyTemplate (ContainerDeletionChoosingPolicyTemplate.java:chooseContainerForBlockDeletion(85)) - Chosen 0/5000 blocks from 0 candidate containers.
2024-10-28 08:10:47,603 [2dd66384-ce76-40f1-abb4-2732924b3f06-EndpointStateMachineTaskThread-/127.0.0.1:15079-0 ] INFO  ozoneimpl.OzoneContainer (OzoneContainer.java:start(457)) - Ignore. OzoneContainer already started.
2024-10-28 08:10:47,603 [2dd66384-ce76-40f1-abb4-2732924b3f06-EndpointStateMachineTaskThread-/127.0.0.1:15087-0 ] INFO  ozoneimpl.OzoneContainer (OzoneContainer.java:start(457)) - Ignore. OzoneContainer already started.
2024-10-28 08:10:47,828 [main] INFO  ozone.MiniOzoneClusterImpl (MiniOzoneClusterImpl.java:lambda$waitForClusterToBeReady$0(219)) - Waiting for nodes to be ready. Got 0 of 3 DN Heartbeats.
2024-10-28 08:10:47,828 [main] INFO  ozone.MiniOzoneClusterImpl (MiniOzoneClusterImpl.java:lambda$waitForClusterToBeReady$0(222)) - Waiting for cluster to exit safe mode
2024-10-28 08:10:47,828 [main] INFO  ozone.MiniOzoneClusterImpl (MiniOzoneClusterImpl.java:lambda$waitForClusterToBeReady$0(224)) - SCM became leader
2024-10-28 08:10:47,862 [5164dc07-7390-4e62-85ea-fa0d5359a577-EndpointStateMachineTaskThread-/127.0.0.1:15079-0 ] INFO  utils.DatanodeStoreCache (DatanodeStoreCache.java:addDB(72)) - Added db /home/runner/work/ozone/ozone/hadoop-ozone/integration-test/target/test-dir/MiniOzoneClusterImpl-0da7ab08-e378-40bf-aed1-312ccc1152ed/ozone-meta/datanode-3/data-0/hdds/0da7ab08-e378-40bf-aed1-312ccc1152ed/DS-85e1540f-16dd-4f3e-b76f-e931f8fd52f4/container.db to cache
2024-10-28 08:10:47,862 [5164dc07-7390-4e62-85ea-fa0d5359a577-EndpointStateMachineTaskThread-/127.0.0.1:15079-0 ] INFO  volume.HddsVolume (HddsVolume.java:createDbStore(429)) - SchemaV3 db is created and loaded at /home/runner/work/ozone/ozone/hadoop-ozone/integration-test/target/test-dir/MiniOzoneClusterImpl-0da7ab08-e378-40bf-aed1-312ccc1152ed/ozone-meta/datanode-3/data-0/hdds/0da7ab08-e378-40bf-aed1-312ccc1152ed/DS-85e1540f-16dd-4f3e-b76f-e931f8fd52f4/container.db for volume DS-85e1540f-16dd-4f3e-b76f-e931f8fd52f4
2024-10-28 08:10:47,865 [5164dc07-7390-4e62-85ea-fa0d5359a577-ContainerReader-0] INFO  ozoneimpl.ContainerReader (ContainerReader.java:readVolume(148)) - Start to verify containers on volume /home/runner/work/ozone/ozone/hadoop-ozone/integration-test/target/test-dir/MiniOzoneClusterImpl-0da7ab08-e378-40bf-aed1-312ccc1152ed/ozone-meta/datanode-3/data-0/hdds
2024-10-28 08:10:47,865 [5164dc07-7390-4e62-85ea-fa0d5359a577-ContainerReader-0] INFO  ozoneimpl.ContainerReader (ContainerReader.java:readVolume(178)) - Finish verifying containers on volume /home/runner/work/ozone/ozone/hadoop-ozone/integration-test/target/test-dir/MiniOzoneClusterImpl-0da7ab08-e378-40bf-aed1-312ccc1152ed/ozone-meta/datanode-3/data-0/hdds
2024-10-28 08:10:47,868 [5164dc07-7390-4e62-85ea-fa0d5359a577-EndpointStateMachineTaskThread-/127.0.0.1:15087-0 ] INFO  ozoneimpl.OzoneContainer (OzoneContainer.java:buildContainerSet(344)) - Build ContainerSet costs 0s
2024-10-28 08:10:47,868 [5164dc07-7390-4e62-85ea-fa0d5359a577-EndpointStateMachineTaskThread-/127.0.0.1:15087-0 ] INFO  volume.ThrottledAsyncChecker (ThrottledAsyncChecker.java:schedule(141)) - Scheduling a check for /home/runner/work/ozone/ozone/hadoop-ozone/integration-test/target/test-dir/MiniOzoneClusterImpl-0da7ab08-e378-40bf-aed1-312ccc1152ed/ozone-meta/datanode-3/data-0/hdds
2024-10-28 08:10:47,868 [5164dc07-7390-4e62-85ea-fa0d5359a577-EndpointStateMachineTaskThread-/127.0.0.1:15087-0 ] INFO  volume.StorageVolumeChecker (StorageVolumeChecker.java:checkAllVolumes(218)) - Scheduled health check for volume /home/runner/work/ozone/ozone/hadoop-ozone/integration-test/target/test-dir/MiniOzoneClusterImpl-0da7ab08-e378-40bf-aed1-312ccc1152ed/ozone-meta/datanode-3/data-0/hdds
2024-10-28 08:10:47,870 [5164dc07-7390-4e62-85ea-fa0d5359a577-EndpointStateMachineTaskThread-/127.0.0.1:15087-0 ] INFO  volume.ThrottledAsyncChecker (ThrottledAsyncChecker.java:schedule(141)) - Scheduling a check for /home/runner/work/ozone/ozone/hadoop-ozone/integration-test/target/test-dir/MiniOzoneClusterImpl-0da7ab08-e378-40bf-aed1-312ccc1152ed/ozone-meta/datanode-3/ratis
2024-10-28 08:10:47,870 [5164dc07-7390-4e62-85ea-fa0d5359a577-EndpointStateMachineTaskThread-/127.0.0.1:15087-0 ] INFO  volume.StorageVolumeChecker (StorageVolumeChecker.java:checkAllVolumes(218)) - Scheduled health check for volume /home/runner/work/ozone/ozone/hadoop-ozone/integration-test/target/test-dir/MiniOzoneClusterImpl-0da7ab08-e378-40bf-aed1-312ccc1152ed/ozone-meta/datanode-3/ratis
2024-10-28 08:10:47,871 [5164dc07-7390-4e62-85ea-fa0d5359a577-EndpointStateMachineTaskThread-/127.0.0.1:15087-0 ] INFO  ozoneimpl.OzoneContainer (OzoneContainer.java:start(475)) - Attempting to start container services.
2024-10-28 08:10:47,871 [5164dc07-7390-4e62-85ea-fa0d5359a577-EndpointStateMachineTaskThread-/127.0.0.1:15087-0 ] WARN  ozoneimpl.OnDemandContainerDataScanner (OnDemandContainerDataScanner.java:init(75)) - Trying to initialize on demand scanner a second time on a datanode.
2024-10-28 08:10:47,871 [ContainerMetadataScanner] INFO  ozoneimpl.AbstractBackgroundContainerScanner (AbstractBackgroundContainerScanner.java:runIteration(87)) - Completed an iteration in 0 minutes. Number of iterations (since the data-node restart) : 1, Number of containers scanned in this iteration : 0, Number of unhealthy containers found in this iteration : 0
2024-10-28 08:10:47,879 [ContainerDataScanner(/home/runner/work/ozone/ozone/hadoop-ozone/integration-test/target/test-dir/MiniOzoneClusterImpl-0da7ab08-e378-40bf-aed1-312ccc1152ed/ozone-meta/datanode-3/data-0/hdds)] INFO  ozoneimpl.AbstractBackgroundContainerScanner (AbstractBackgroundContainerScanner.java:runIteration(87)) - Completed an iteration in 0 minutes. Number of iterations (since the data-node restart) : 1, Number of containers scanned in this iteration : 0, Number of unhealthy containers found in this iteration : 0
2024-10-28 08:10:47,879 [5164dc07-7390-4e62-85ea-fa0d5359a577-EndpointStateMachineTaskThread-/127.0.0.1:15087-0 ] INFO  replication.ReplicationServer (ReplicationServer.java:start(140)) - ReplicationServer is started using port 15149
2024-10-28 08:10:47,880 [5164dc07-7390-4e62-85ea-fa0d5359a577-EndpointStateMachineTaskThread-/127.0.0.1:15087-0 ] INFO  ratis.XceiverServerRatis (XceiverServerRatis.java:start(561)) - Starting XceiverServerRatis(5164dc07-7390-4e62-85ea-fa0d5359a577)
2024-10-28 08:10:47,880 [5164dc07-7390-4e62-85ea-fa0d5359a577-EndpointStateMachineTaskThread-/127.0.0.1:15087-0 ] INFO  server.RaftServer (RaftServerProxy.java:startImpl(407)) - 5164dc07-7390-4e62-85ea-fa0d5359a577: start RPC server
2024-10-28 08:10:47,881 [5164dc07-7390-4e62-85ea-fa0d5359a577-EndpointStateMachineTaskThread-/127.0.0.1:15087-0 ] INFO  server.GrpcService (GrpcService.java:startImpl(334)) - 5164dc07-7390-4e62-85ea-fa0d5359a577: GrpcService started, listening on 15145
2024-10-28 08:10:47,881 [5164dc07-7390-4e62-85ea-fa0d5359a577-EndpointStateMachineTaskThread-/127.0.0.1:15087-0 ] INFO  ratis.XceiverServerRatis (XceiverServerRatis.java:getRealPort(588)) - XceiverServerRatis(5164dc07-7390-4e62-85ea-fa0d5359a577) is started using port RATIS=15145
2024-10-28 08:10:47,881 [5164dc07-7390-4e62-85ea-fa0d5359a577-EndpointStateMachineTaskThread-/127.0.0.1:15087-0 ] INFO  ratis.XceiverServerRatis (XceiverServerRatis.java:getRealPort(588)) - XceiverServerRatis(5164dc07-7390-4e62-85ea-fa0d5359a577) is started using port RATIS_ADMIN=15145
2024-10-28 08:10:47,881 [5164dc07-7390-4e62-85ea-fa0d5359a577-EndpointStateMachineTaskThread-/127.0.0.1:15087-0 ] INFO  ratis.XceiverServerRatis (XceiverServerRatis.java:getRealPort(588)) - XceiverServerRatis(5164dc07-7390-4e62-85ea-fa0d5359a577) is started using port RATIS_SERVER=15145
2024-10-28 08:10:47,881 [JvmPauseMonitor19] INFO  util.JvmPauseMonitor (JvmPauseMonitor.java:run(146)) - JvmPauseMonitor-5164dc07-7390-4e62-85ea-fa0d5359a577: Started
2024-10-28 08:10:47,881 [5164dc07-7390-4e62-85ea-fa0d5359a577-EndpointStateMachineTaskThread-/127.0.0.1:15087-0 ] INFO  ratis.XceiverServerRatis (XceiverServerRatis.java:getRealPort(588)) - XceiverServerRatis(5164dc07-7390-4e62-85ea-fa0d5359a577) is started using port RATIS_DATASTREAM=15148
2024-10-28 08:10:47,882 [5164dc07-7390-4e62-85ea-fa0d5359a577-BlockDeletingService#0] INFO  interfaces.ContainerDeletionChoosingPolicyTemplate (ContainerDeletionChoosingPolicyTemplate.java:chooseContainerForBlockDeletion(85)) - Chosen 0/5000 blocks from 0 candidate containers.
2024-10-28 08:10:47,882 [5164dc07-7390-4e62-85ea-fa0d5359a577-EndpointStateMachineTaskThread-/127.0.0.1:15095-0 ] INFO  ozoneimpl.OzoneContainer (OzoneContainer.java:start(457)) - Ignore. OzoneContainer already started.
2024-10-28 08:10:47,883 [5164dc07-7390-4e62-85ea-fa0d5359a577-EndpointStateMachineTaskThread-/127.0.0.1:15079-0 ] INFO  ozoneimpl.OzoneContainer (OzoneContainer.java:start(457)) - Ignore. OzoneContainer already started.
2024-10-28 08:10:48,048 [d1f2ec58-f55e-45ab-93c5-34baa5ccb560-EndpointStateMachineTaskThread-/127.0.0.1:15020-0 ] INFO  ipc.Client (Client.java:handleConnectionFailure(950)) - Retrying connect to server: localhost/127.0.0.1:15020. Already tried 7 time(s); retry policy is RetryUpToMaximumCountWithFixedSleep(maxRetries=15, sleepTime=1000 MILLISECONDS)
2024-10-28 08:10:48,048 [d1f2ec58-f55e-45ab-93c5-34baa5ccb560-EndpointStateMachineTaskThread-/127.0.0.1:15012-0 ] INFO  ipc.Client (Client.java:handleConnectionFailure(950)) - Retrying connect to server: localhost/127.0.0.1:15012. Already tried 7 time(s); retry policy is RetryUpToMaximumCountWithFixedSleep(maxRetries=15, sleepTime=1000 MILLISECONDS)
2024-10-28 08:10:48,829 [main] INFO  ozone.MiniOzoneClusterImpl (MiniOzoneClusterImpl.java:lambda$waitForClusterToBeReady$0(219)) - Waiting for nodes to be ready. Got 0 of 3 DN Heartbeats.
2024-10-28 08:10:48,829 [main] INFO  ozone.MiniOzoneClusterImpl (MiniOzoneClusterImpl.java:lambda$waitForClusterToBeReady$0(222)) - Waiting for cluster to exit safe mode
2024-10-28 08:10:48,829 [main] INFO  ozone.MiniOzoneClusterImpl (MiniOzoneClusterImpl.java:lambda$waitForClusterToBeReady$0(224)) - SCM became leader
2024-10-28 08:10:49,048 [d1f2ec58-f55e-45ab-93c5-34baa5ccb560-EndpointStateMachineTaskThread-/127.0.0.1:15012-0 ] INFO  ipc.Client (Client.java:handleConnectionFailure(950)) - Retrying connect to server: localhost/127.0.0.1:15012. Already tried 8 time(s); retry policy is RetryUpToMaximumCountWithFixedSleep(maxRetries=15, sleepTime=1000 MILLISECONDS)
2024-10-28 08:10:49,048 [d1f2ec58-f55e-45ab-93c5-34baa5ccb560-EndpointStateMachineTaskThread-/127.0.0.1:15020-0 ] INFO  ipc.Client (Client.java:handleConnectionFailure(950)) - Retrying connect to server: localhost/127.0.0.1:15020. Already tried 8 time(s); retry policy is RetryUpToMaximumCountWithFixedSleep(maxRetries=15, sleepTime=1000 MILLISECONDS)
2024-10-28 08:10:49,146 [IPC Server handler 1 on default port 15079] INFO  net.NetworkTopologyImpl (NetworkTopologyImpl.java:add(134)) - Added a new node: /default-rack/0506bfaa-e0bf-41a1-ae8b-a3d5b458913d
2024-10-28 08:10:49,146 [IPC Server handler 1 on default port 15095] INFO  net.NetworkTopologyImpl (NetworkTopologyImpl.java:add(134)) - Added a new node: /default-rack/0506bfaa-e0bf-41a1-ae8b-a3d5b458913d
2024-10-28 08:10:49,147 [IPC Server handler 1 on default port 15079] INFO  node.SCMNodeManager (SCMNodeManager.java:register(424)) - Registered datanode: 0506bfaa-e0bf-41a1-ae8b-a3d5b458913d{ip: 127.0.0.1, host: localhost, ports: [HTTP=15124, CLIENT_RPC=15125, REPLICATION=15131, RATIS=15127, RATIS_ADMIN=15127, RATIS_SERVER=15127, RATIS_DATASTREAM=15130, STANDALONE=15126], networkLocation: /default-rack, certSerialId: null, persistedOpState: null, persistedOpStateExpiryEpochSec: 0}
2024-10-28 08:10:49,146 [IPC Server handler 2 on default port 15087] INFO  net.NetworkTopologyImpl (NetworkTopologyImpl.java:add(134)) - Added a new node: /default-rack/0506bfaa-e0bf-41a1-ae8b-a3d5b458913d
2024-10-28 08:10:49,147 [IPC Server handler 2 on default port 15087] INFO  node.SCMNodeManager (SCMNodeManager.java:register(424)) - Registered datanode: 0506bfaa-e0bf-41a1-ae8b-a3d5b458913d{ip: 127.0.0.1, host: localhost, ports: [HTTP=15124, CLIENT_RPC=15125, REPLICATION=15131, RATIS=15127, RATIS_ADMIN=15127, RATIS_SERVER=15127, RATIS_DATASTREAM=15130, STANDALONE=15126], networkLocation: /default-rack, certSerialId: null, persistedOpState: null, persistedOpStateExpiryEpochSec: 0}
2024-10-28 08:10:49,147 [IPC Server handler 1 on default port 15095] INFO  node.SCMNodeManager (SCMNodeManager.java:register(424)) - Registered datanode: 0506bfaa-e0bf-41a1-ae8b-a3d5b458913d{ip: 127.0.0.1, host: localhost, ports: [HTTP=15124, CLIENT_RPC=15125, REPLICATION=15131, RATIS=15127, RATIS_ADMIN=15127, RATIS_SERVER=15127, RATIS_DATASTREAM=15130, STANDALONE=15126], networkLocation: /default-rack, certSerialId: null, persistedOpState: null, persistedOpStateExpiryEpochSec: 0}
2024-10-28 08:10:49,147 [scmNode-1-EventQueue-NewNodeForNewNodeHandler] INFO  pipeline.BackgroundPipelineCreator (BackgroundPipelineCreator.java:notifyEventTriggered(280)) - trigger a one-shot run on scmNode-1-RatisPipelineUtilsThread.
2024-10-28 08:10:49,148 [scmNode-2-EventQueue-NewNodeForNewNodeHandler] INFO  pipeline.BackgroundPipelineCreator (BackgroundPipelineCreator.java:notifyEventTriggered(273)) - ignore, not leader SCM.
2024-10-28 08:10:49,148 [scmNode-1-RatisPipelineUtilsThread-0] INFO  pipeline.RatisPipelineProvider (RatisPipelineProvider.java:lambda$create$0(205)) - Sending CreatePipelineCommand for pipeline:PipelineID=c4204bd4-d65b-4d77-a627-f28298de009a to datanode:0506bfaa-e0bf-41a1-ae8b-a3d5b458913d
2024-10-28 08:10:49,148 [scmNode-1-EventQueue-NodeRegistrationContainerReportForContainerSafeModeRule] INFO  safemode.SCMSafeModeManager (SCMSafeModeManager.java:validateSafeModeExitRules(203)) - ContainerSafeModeRule rule is successfully validated
2024-10-28 08:10:49,149 [scmNode-3-EventQueue-NewNodeForNewNodeHandler] INFO  pipeline.BackgroundPipelineCreator (BackgroundPipelineCreator.java:notifyEventTriggered(273)) - ignore, not leader SCM.
2024-10-28 08:10:49,149 [scmNode-2-EventQueue-NodeRegistrationContainerReportForContainerSafeModeRule] INFO  safemode.SCMSafeModeManager (SCMSafeModeManager.java:validateSafeModeExitRules(203)) - ContainerSafeModeRule rule is successfully validated
2024-10-28 08:10:49,149 [scmNode-1-EventQueue-NodeRegistrationContainerReportForDataNodeSafeModeRule] INFO  safemode.SCMSafeModeManager (DataNodeSafeModeRule.java:process(71)) - SCM in safe mode. 1 DataNodes registered, 3 required.
2024-10-28 08:10:49,149 [scmNode-3-EventQueue-NodeRegistrationContainerReportForDataNodeSafeModeRule] INFO  safemode.SCMSafeModeManager (DataNodeSafeModeRule.java:process(71)) - SCM in safe mode. 1 DataNodes registered, 3 required.
2024-10-28 08:10:49,149 [scmNode-2-EventQueue-NodeRegistrationContainerReportForDataNodeSafeModeRule] INFO  safemode.SCMSafeModeManager (DataNodeSafeModeRule.java:process(71)) - SCM in safe mode. 1 DataNodes registered, 3 required.
2024-10-28 08:10:49,150 [scmNode-1-EventQueue-PipelineReportForOneReplicaPipelineSafeModeRule] INFO  safemode.SCMSafeModeManager (SCMSafeModeManager.java:validateSafeModeExitRules(203)) - AtleastOneDatanodeReportedRule rule is successfully validated
2024-10-28 08:10:49,150 [scmNode-3-EventQueue-NodeRegistrationContainerReportForContainerSafeModeRule] INFO  safemode.SCMSafeModeManager (SCMSafeModeManager.java:validateSafeModeExitRules(203)) - ContainerSafeModeRule rule is successfully validated
2024-10-28 08:10:49,152 [scmNode-3-EventQueue-PipelineReportForOneReplicaPipelineSafeModeRule] INFO  safemode.SCMSafeModeManager (SCMSafeModeManager.java:validateSafeModeExitRules(203)) - AtleastOneDatanodeReportedRule rule is successfully validated
2024-10-28 08:10:49,152 [scmNode-2-EventQueue-PipelineReportForOneReplicaPipelineSafeModeRule] INFO  safemode.SCMSafeModeManager (SCMSafeModeManager.java:validateSafeModeExitRules(203)) - AtleastOneDatanodeReportedRule rule is successfully validated
2024-10-28 08:10:49,155 [41ad025f-af8e-4c4e-9124-a1617073bc42@group-312CCC1152ED-StateMachineUpdater] INFO  safemode.HealthyPipelineSafeModeRule (HealthyPipelineSafeModeRule.java:initializeRule(172)) - Refreshed total pipeline count is 0, healthy pipeline threshold count is 1
2024-10-28 08:10:49,155 [c77964d9-ca67-4df9-b70f-2db5af48a5e3@group-312CCC1152ED-StateMachineUpdater] INFO  safemode.HealthyPipelineSafeModeRule (HealthyPipelineSafeModeRule.java:initializeRule(172)) - Refreshed total pipeline count is 0, healthy pipeline threshold count is 1
2024-10-28 08:10:49,155 [scmNode-1-RatisPipelineUtilsThread-0] INFO  pipeline.BackgroundPipelineCreator (BackgroundPipelineCreator.java:createPipelines(236)) - Created new pipeline Pipeline[ Id: c4204bd4-d65b-4d77-a627-f28298de009a, Nodes: 0506bfaa-e0bf-41a1-ae8b-a3d5b458913d(localhost/127.0.0.1) ReplicaIndex: 0, ReplicationConfig: RATIS/ONE, State:ALLOCATED, leaderId:, CreationTimestamp2024-10-28T08:10:49.148476336Z[Etc/UTC]]
2024-10-28 08:10:49,157 [22ff29b6-698b-46d6-babb-0a5352f8b68f@group-312CCC1152ED-StateMachineUpdater] INFO  safemode.HealthyPipelineSafeModeRule (HealthyPipelineSafeModeRule.java:initializeRule(172)) - Refreshed total pipeline count is 0, healthy pipeline threshold count is 1
2024-10-28 08:10:49,552 [timer2] WARN  server.GrpcLogAppender (LogUtils.java:warn(121)) - omNode-1@group-523986131536->omNode-3-AppendLogResponseHandler: Failed appendEntries (Repeated 6 times in the last 4.999s): org.apache.ratis.thirdparty.io.grpc.StatusRuntimeException: UNAVAILABLE: io exception
2024-10-28 08:10:49,553 [timer3] WARN  server.GrpcLogAppender (GrpcLogAppender.java:lambda$resetClient$1(221)) - omNode-1@group-523986131536->omNode-3-GrpcLogAppender: Follower failed (request=null, errorCount=2); keep nextIndex (0) unchanged and retry. (Repeated 2 times in the last 5.000s)
2024-10-28 08:10:49,557 [IPC Server handler 0 on default port 15087] INFO  net.NetworkTopologyImpl (NetworkTopologyImpl.java:add(134)) - Added a new node: /default-rack/2dd66384-ce76-40f1-abb4-2732924b3f06
2024-10-28 08:10:49,557 [IPC Server handler 10 on default port 15095] INFO  net.NetworkTopologyImpl (NetworkTopologyImpl.java:add(134)) - Added a new node: /default-rack/2dd66384-ce76-40f1-abb4-2732924b3f06
2024-10-28 08:10:49,557 [IPC Server handler 10 on default port 15095] INFO  node.SCMNodeManager (SCMNodeManager.java:register(424)) - Registered datanode: 2dd66384-ce76-40f1-abb4-2732924b3f06{ip: 127.0.0.1, host: localhost, ports: [HTTP=15133, CLIENT_RPC=15134, REPLICATION=15140, RATIS=15136, RATIS_ADMIN=15136, RATIS_SERVER=15136, RATIS_DATASTREAM=15139, STANDALONE=15135], networkLocation: /default-rack, certSerialId: null, persistedOpState: null, persistedOpStateExpiryEpochSec: 0}
2024-10-28 08:10:49,557 [IPC Server handler 0 on default port 15079] INFO  net.NetworkTopologyImpl (NetworkTopologyImpl.java:add(134)) - Added a new node: /default-rack/2dd66384-ce76-40f1-abb4-2732924b3f06
2024-10-28 08:10:49,557 [IPC Server handler 0 on default port 15079] INFO  node.SCMNodeManager (SCMNodeManager.java:register(424)) - Registered datanode: 2dd66384-ce76-40f1-abb4-2732924b3f06{ip: 127.0.0.1, host: localhost, ports: [HTTP=15133, CLIENT_RPC=15134, REPLICATION=15140, RATIS=15136, RATIS_ADMIN=15136, RATIS_SERVER=15136, RATIS_DATASTREAM=15139, STANDALONE=15135], networkLocation: /default-rack, certSerialId: null, persistedOpState: null, persistedOpStateExpiryEpochSec: 0}
2024-10-28 08:10:49,557 [scmNode-1-EventQueue-NewNodeForNewNodeHandler] INFO  pipeline.BackgroundPipelineCreator (BackgroundPipelineCreator.java:notifyEventTriggered(280)) - trigger a one-shot run on scmNode-1-RatisPipelineUtilsThread.
2024-10-28 08:10:49,557 [IPC Server handler 0 on default port 15087] INFO  node.SCMNodeManager (SCMNodeManager.java:register(424)) - Registered datanode: 2dd66384-ce76-40f1-abb4-2732924b3f06{ip: 127.0.0.1, host: localhost, ports: [HTTP=15133, CLIENT_RPC=15134, REPLICATION=15140, RATIS=15136, RATIS_ADMIN=15136, RATIS_SERVER=15136, RATIS_DATASTREAM=15139, STANDALONE=15135], networkLocation: /default-rack, certSerialId: null, persistedOpState: null, persistedOpStateExpiryEpochSec: 0}
2024-10-28 08:10:49,558 [scmNode-3-EventQueue-NewNodeForNewNodeHandler] INFO  pipeline.BackgroundPipelineCreator (BackgroundPipelineCreator.java:notifyEventTriggered(273)) - ignore, not leader SCM.
2024-10-28 08:10:49,558 [scmNode-3-EventQueue-NodeRegistrationContainerReportForDataNodeSafeModeRule] INFO  safemode.SCMSafeModeManager (DataNodeSafeModeRule.java:process(71)) - SCM in safe mode. 2 DataNodes registered, 3 required.
2024-10-28 08:10:49,558 [scmNode-2-EventQueue-NewNodeForNewNodeHandler] INFO  pipeline.BackgroundPipelineCreator (BackgroundPipelineCreator.java:notifyEventTriggered(273)) - ignore, not leader SCM.
2024-10-28 08:10:49,558 [scmNode-1-EventQueue-NodeRegistrationContainerReportForDataNodeSafeModeRule] INFO  safemode.SCMSafeModeManager (DataNodeSafeModeRule.java:process(71)) - SCM in safe mode. 2 DataNodes registered, 3 required.
2024-10-28 08:10:49,558 [scmNode-1-RatisPipelineUtilsThread-0] INFO  pipeline.RatisPipelineProvider (RatisPipelineProvider.java:lambda$create$0(205)) - Sending CreatePipelineCommand for pipeline:PipelineID=9d462e91-4aea-49d4-88d5-9b564b04352b to datanode:2dd66384-ce76-40f1-abb4-2732924b3f06
2024-10-28 08:10:49,558 [scmNode-2-EventQueue-NodeRegistrationContainerReportForDataNodeSafeModeRule] INFO  safemode.SCMSafeModeManager (DataNodeSafeModeRule.java:process(71)) - SCM in safe mode. 2 DataNodes registered, 3 required.
2024-10-28 08:10:49,559 [timer5] WARN  server.GrpcLogAppender (GrpcLogAppender.java:lambda$resetClient$1(221)) - omNode-1@group-523986131536->omNode-3-GrpcLogAppender: Follower failed (request=null, errorCount=6); keep nextIndex (1) unchanged and retry. (Repeated 4 times in the last 5.000s)
2024-10-28 08:10:49,561 [22ff29b6-698b-46d6-babb-0a5352f8b68f@group-312CCC1152ED-StateMachineUpdater] INFO  ha.SCMStateMachine (SCMStateMachine.java:takeSnapshot(335)) - Current Snapshot Index 12, takeSnapshot took 0 ms
2024-10-28 08:10:49,562 [22ff29b6-698b-46d6-babb-0a5352f8b68f@group-312CCC1152ED-StateMachineUpdater] INFO  impl.StateMachineUpdater (StateMachineUpdater.java:takeSnapshot(303)) - 22ff29b6-698b-46d6-babb-0a5352f8b68f@group-312CCC1152ED-StateMachineUpdater: Took a snapshot at index 12
2024-10-28 08:10:49,562 [22ff29b6-698b-46d6-babb-0a5352f8b68f@group-312CCC1152ED-StateMachineUpdater] INFO  impl.StateMachineUpdater (StateMachineUpdater.java:lambda$new$0(102)) - 22ff29b6-698b-46d6-babb-0a5352f8b68f@group-312CCC1152ED-StateMachineUpdater: snapshotIndex: updateIncreasingly 7 -> 12
2024-10-28 08:10:49,562 [c77964d9-ca67-4df9-b70f-2db5af48a5e3@group-312CCC1152ED-StateMachineUpdater] INFO  ha.SCMStateMachine (SCMStateMachine.java:takeSnapshot(335)) - Current Snapshot Index 12, takeSnapshot took 0 ms
2024-10-28 08:10:49,562 [c77964d9-ca67-4df9-b70f-2db5af48a5e3@group-312CCC1152ED-StateMachineUpdater] INFO  impl.StateMachineUpdater (StateMachineUpdater.java:takeSnapshot(303)) - c77964d9-ca67-4df9-b70f-2db5af48a5e3@group-312CCC1152ED-StateMachineUpdater: Took a snapshot at index 12
2024-10-28 08:10:49,562 [c77964d9-ca67-4df9-b70f-2db5af48a5e3@group-312CCC1152ED-StateMachineUpdater] INFO  impl.StateMachineUpdater (StateMachineUpdater.java:lambda$new$0(102)) - c77964d9-ca67-4df9-b70f-2db5af48a5e3@group-312CCC1152ED-StateMachineUpdater: snapshotIndex: updateIncreasingly 6 -> 12
2024-10-28 08:10:49,563 [41ad025f-af8e-4c4e-9124-a1617073bc42@group-312CCC1152ED-StateMachineUpdater] INFO  safemode.HealthyPipelineSafeModeRule (HealthyPipelineSafeModeRule.java:initializeRule(172)) - Refreshed total pipeline count is 0, healthy pipeline threshold count is 1
2024-10-28 08:10:49,563 [scmNode-1-RatisPipelineUtilsThread-0] INFO  pipeline.BackgroundPipelineCreator (BackgroundPipelineCreator.java:createPipelines(236)) - Created new pipeline Pipeline[ Id: 9d462e91-4aea-49d4-88d5-9b564b04352b, Nodes: 2dd66384-ce76-40f1-abb4-2732924b3f06(localhost/127.0.0.1) ReplicaIndex: 0, ReplicationConfig: RATIS/ONE, State:ALLOCATED, leaderId:, CreationTimestamp2024-10-28T08:10:49.558441126Z[Etc/UTC]]
2024-10-28 08:10:49,564 [22ff29b6-698b-46d6-babb-0a5352f8b68f@group-312CCC1152ED-StateMachineUpdater] INFO  safemode.HealthyPipelineSafeModeRule (HealthyPipelineSafeModeRule.java:initializeRule(172)) - Refreshed total pipeline count is 0, healthy pipeline threshold count is 1
2024-10-28 08:10:49,564 [c77964d9-ca67-4df9-b70f-2db5af48a5e3@group-312CCC1152ED-StateMachineUpdater] INFO  safemode.HealthyPipelineSafeModeRule (HealthyPipelineSafeModeRule.java:initializeRule(172)) - Refreshed total pipeline count is 0, healthy pipeline threshold count is 1
2024-10-28 08:10:49,829 [IPC Server handler 0 on default port 15095] INFO  net.NetworkTopologyImpl (NetworkTopologyImpl.java:add(134)) - Added a new node: /default-rack/5164dc07-7390-4e62-85ea-fa0d5359a577
2024-10-28 08:10:49,829 [main] INFO  ozone.MiniOzoneClusterImpl (MiniOzoneClusterImpl.java:lambda$waitForClusterToBeReady$0(219)) - Waiting for nodes to be ready. Got 2 of 3 DN Heartbeats.
2024-10-28 08:10:49,829 [main] INFO  ozone.MiniOzoneClusterImpl (MiniOzoneClusterImpl.java:lambda$waitForClusterToBeReady$0(222)) - Waiting for cluster to exit safe mode
2024-10-28 08:10:49,829 [main] INFO  ozone.MiniOzoneClusterImpl (MiniOzoneClusterImpl.java:lambda$waitForClusterToBeReady$0(224)) - SCM became leader
2024-10-28 08:10:49,829 [IPC Server handler 0 on default port 15095] INFO  node.SCMNodeManager (SCMNodeManager.java:register(424)) - Registered datanode: 5164dc07-7390-4e62-85ea-fa0d5359a577{ip: 127.0.0.1, host: localhost, ports: [HTTP=15142, CLIENT_RPC=15143, REPLICATION=15149, RATIS=15145, RATIS_ADMIN=15145, RATIS_SERVER=15145, RATIS_DATASTREAM=15148, STANDALONE=15144], networkLocation: /default-rack, certSerialId: null, persistedOpState: null, persistedOpStateExpiryEpochSec: 0}
2024-10-28 08:10:49,830 [scmNode-3-EventQueue-NodeRegistrationContainerReportForDataNodeSafeModeRule] INFO  safemode.SCMSafeModeManager (DataNodeSafeModeRule.java:process(71)) - SCM in safe mode. 3 DataNodes registered, 3 required.
2024-10-28 08:10:49,830 [scmNode-3-EventQueue-NodeRegistrationContainerReportForDataNodeSafeModeRule] INFO  safemode.SCMSafeModeManager (SCMSafeModeManager.java:validateSafeModeExitRules(203)) - DataNodeSafeModeRule rule is successfully validated
2024-10-28 08:10:49,830 [scmNode-3-EventQueue-NodeRegistrationContainerReportForDataNodeSafeModeRule] INFO  safemode.SCMSafeModeManager (SCMSafeModeManager.java:completePreCheck(232)) - All SCM safe mode pre check rules have passed
2024-10-28 08:10:49,830 [scmNode-3-EventQueue-NodeRegistrationContainerReportForDataNodeSafeModeRule] INFO  ha.SCMContext (SCMContext.java:updateSafeModeStatus(225)) - Update SafeModeStatus from SafeModeStatus{safeModeStatus=true, preCheckPassed=false} to SafeModeStatus{safeModeStatus=true, preCheckPassed=true}.
2024-10-28 08:10:49,830 [scmNode-3-EventQueue-NodeRegistrationContainerReportForDataNodeSafeModeRule] INFO  pipeline.BackgroundPipelineCreator (BackgroundPipelineCreator.java:notifyEventTriggered(273)) - ignore, not leader SCM.
2024-10-28 08:10:49,830 [scmNode-3-EventQueue-NewNodeForNewNodeHandler] INFO  pipeline.BackgroundPipelineCreator (BackgroundPipelineCreator.java:notifyEventTriggered(273)) - ignore, not leader SCM.
2024-10-28 08:10:49,830 [IPC Server handler 1 on default port 15087] INFO  net.NetworkTopologyImpl (NetworkTopologyImpl.java:add(134)) - Added a new node: /default-rack/5164dc07-7390-4e62-85ea-fa0d5359a577
2024-10-28 08:10:49,831 [IPC Server handler 1 on default port 15087] INFO  node.SCMNodeManager (SCMNodeManager.java:register(424)) - Registered datanode: 5164dc07-7390-4e62-85ea-fa0d5359a577{ip: 127.0.0.1, host: localhost, ports: [HTTP=15142, CLIENT_RPC=15143, REPLICATION=15149, RATIS=15145, RATIS_ADMIN=15145, RATIS_SERVER=15145, RATIS_DATASTREAM=15148, STANDALONE=15144], networkLocation: /default-rack, certSerialId: null, persistedOpState: null, persistedOpStateExpiryEpochSec: 0}
2024-10-28 08:10:49,831 [scmNode-2-EventQueue-NewNodeForNewNodeHandler] INFO  pipeline.BackgroundPipelineCreator (BackgroundPipelineCreator.java:notifyEventTriggered(273)) - ignore, not leader SCM.
2024-10-28 08:10:49,831 [scmNode-2-EventQueue-NodeRegistrationContainerReportForDataNodeSafeModeRule] INFO  safemode.SCMSafeModeManager (DataNodeSafeModeRule.java:process(71)) - SCM in safe mode. 3 DataNodes registered, 3 required.
2024-10-28 08:10:49,831 [scmNode-2-EventQueue-NodeRegistrationContainerReportForDataNodeSafeModeRule] INFO  safemode.SCMSafeModeManager (SCMSafeModeManager.java:validateSafeModeExitRules(203)) - DataNodeSafeModeRule rule is successfully validated
2024-10-28 08:10:49,831 [scmNode-2-EventQueue-NodeRegistrationContainerReportForDataNodeSafeModeRule] INFO  safemode.SCMSafeModeManager (SCMSafeModeManager.java:completePreCheck(232)) - All SCM safe mode pre check rules have passed
2024-10-28 08:10:49,831 [scmNode-2-EventQueue-NodeRegistrationContainerReportForDataNodeSafeModeRule] INFO  ha.SCMContext (SCMContext.java:updateSafeModeStatus(225)) - Update SafeModeStatus from SafeModeStatus{safeModeStatus=true, preCheckPassed=false} to SafeModeStatus{safeModeStatus=true, preCheckPassed=true}.
2024-10-28 08:10:49,831 [scmNode-2-EventQueue-NodeRegistrationContainerReportForDataNodeSafeModeRule] INFO  pipeline.BackgroundPipelineCreator (BackgroundPipelineCreator.java:notifyEventTriggered(273)) - ignore, not leader SCM.
2024-10-28 08:10:49,830 [IPC Server handler 3 on default port 15079] INFO  net.NetworkTopologyImpl (NetworkTopologyImpl.java:add(134)) - Added a new node: /default-rack/5164dc07-7390-4e62-85ea-fa0d5359a577
2024-10-28 08:10:49,831 [IPC Server handler 3 on default port 15079] INFO  node.SCMNodeManager (SCMNodeManager.java:register(424)) - Registered datanode: 5164dc07-7390-4e62-85ea-fa0d5359a577{ip: 127.0.0.1, host: localhost, ports: [HTTP=15142, CLIENT_RPC=15143, REPLICATION=15149, RATIS=15145, RATIS_ADMIN=15145, RATIS_SERVER=15145, RATIS_DATASTREAM=15148, STANDALONE=15144], networkLocation: /default-rack, certSerialId: null, persistedOpState: null, persistedOpStateExpiryEpochSec: 0}
2024-10-28 08:10:49,832 [scmNode-1-EventQueue-NodeRegistrationContainerReportForDataNodeSafeModeRule] INFO  safemode.SCMSafeModeManager (DataNodeSafeModeRule.java:process(71)) - SCM in safe mode. 3 DataNodes registered, 3 required.
2024-10-28 08:10:49,832 [scmNode-1-EventQueue-NodeRegistrationContainerReportForDataNodeSafeModeRule] INFO  safemode.SCMSafeModeManager (SCMSafeModeManager.java:validateSafeModeExitRules(203)) - DataNodeSafeModeRule rule is successfully validated
2024-10-28 08:10:49,832 [scmNode-1-EventQueue-NodeRegistrationContainerReportForDataNodeSafeModeRule] INFO  safemode.SCMSafeModeManager (SCMSafeModeManager.java:completePreCheck(232)) - All SCM safe mode pre check rules have passed
2024-10-28 08:10:49,832 [scmNode-1-EventQueue-NodeRegistrationContainerReportForDataNodeSafeModeRule] INFO  ha.SCMContext (SCMContext.java:updateSafeModeStatus(225)) - Update SafeModeStatus from SafeModeStatus{safeModeStatus=true, preCheckPassed=false} to SafeModeStatus{safeModeStatus=true, preCheckPassed=true}.
2024-10-28 08:10:49,832 [scmNode-1-EventQueue-NodeRegistrationContainerReportForDataNodeSafeModeRule] INFO  pipeline.BackgroundPipelineCreator (BackgroundPipelineCreator.java:notifyEventTriggered(280)) - trigger a one-shot run on scmNode-1-RatisPipelineUtilsThread.
2024-10-28 08:10:49,832 [scmNode-1-RatisPipelineUtilsThread-0] INFO  pipeline.RatisPipelineProvider (RatisPipelineProvider.java:lambda$create$0(205)) - Sending CreatePipelineCommand for pipeline:PipelineID=fa9e9209-a846-45ee-a190-c7e84a2f276a to datanode:5164dc07-7390-4e62-85ea-fa0d5359a577
2024-10-28 08:10:49,833 [scmNode-1-EventQueue-NewNodeForNewNodeHandler] INFO  pipeline.BackgroundPipelineCreator (BackgroundPipelineCreator.java:notifyEventTriggered(280)) - trigger a one-shot run on scmNode-1-RatisPipelineUtilsThread.
2024-10-28 08:10:49,838 [41ad025f-af8e-4c4e-9124-a1617073bc42@group-312CCC1152ED-StateMachineUpdater] INFO  safemode.HealthyPipelineSafeModeRule (HealthyPipelineSafeModeRule.java:initializeRule(172)) - Refreshed total pipeline count is 0, healthy pipeline threshold count is 1
2024-10-28 08:10:49,838 [scmNode-1-RatisPipelineUtilsThread-0] INFO  pipeline.BackgroundPipelineCreator (BackgroundPipelineCreator.java:createPipelines(236)) - Created new pipeline Pipeline[ Id: fa9e9209-a846-45ee-a190-c7e84a2f276a, Nodes: 5164dc07-7390-4e62-85ea-fa0d5359a577(localhost/127.0.0.1) ReplicaIndex: 0, ReplicationConfig: RATIS/ONE, State:ALLOCATED, leaderId:, CreationTimestamp2024-10-28T08:10:49.832850821Z[Etc/UTC]]
2024-10-28 08:10:49,839 [c77964d9-ca67-4df9-b70f-2db5af48a5e3@group-312CCC1152ED-StateMachineUpdater] INFO  safemode.HealthyPipelineSafeModeRule (HealthyPipelineSafeModeRule.java:initializeRule(172)) - Refreshed total pipeline count is 0, healthy pipeline threshold count is 1
2024-10-28 08:10:49,839 [22ff29b6-698b-46d6-babb-0a5352f8b68f@group-312CCC1152ED-StateMachineUpdater] INFO  safemode.HealthyPipelineSafeModeRule (HealthyPipelineSafeModeRule.java:initializeRule(172)) - Refreshed total pipeline count is 0, healthy pipeline threshold count is 1
2024-10-28 08:10:49,839 [scmNode-1-RatisPipelineUtilsThread-0] INFO  pipeline.RatisPipelineProvider (RatisPipelineProvider.java:lambda$create$0(205)) - Sending CreatePipelineCommand for pipeline:PipelineID=e3918b99-e00f-4486-a814-2eae137d939c to datanode:0506bfaa-e0bf-41a1-ae8b-a3d5b458913d
2024-10-28 08:10:49,839 [scmNode-1-RatisPipelineUtilsThread-0] INFO  pipeline.RatisPipelineProvider (RatisPipelineProvider.java:lambda$create$0(205)) - Sending CreatePipelineCommand for pipeline:PipelineID=e3918b99-e00f-4486-a814-2eae137d939c to datanode:5164dc07-7390-4e62-85ea-fa0d5359a577
2024-10-28 08:10:49,839 [scmNode-1-RatisPipelineUtilsThread-0] INFO  pipeline.RatisPipelineProvider (RatisPipelineProvider.java:lambda$create$0(205)) - Sending CreatePipelineCommand for pipeline:PipelineID=e3918b99-e00f-4486-a814-2eae137d939c to datanode:2dd66384-ce76-40f1-abb4-2732924b3f06
2024-10-28 08:10:49,840 [41ad025f-af8e-4c4e-9124-a1617073bc42@group-312CCC1152ED-StateMachineUpdater] INFO  ha.SCMStateMachine (SCMStateMachine.java:takeSnapshot(335)) - Current Snapshot Index 16, takeSnapshot took 1 ms
2024-10-28 08:10:49,840 [41ad025f-af8e-4c4e-9124-a1617073bc42@group-312CCC1152ED-StateMachineUpdater] INFO  impl.StateMachineUpdater (StateMachineUpdater.java:takeSnapshot(303)) - 41ad025f-af8e-4c4e-9124-a1617073bc42@group-312CCC1152ED-StateMachineUpdater: Took a snapshot at index 16
2024-10-28 08:10:49,840 [41ad025f-af8e-4c4e-9124-a1617073bc42@group-312CCC1152ED-StateMachineUpdater] INFO  impl.StateMachineUpdater (StateMachineUpdater.java:lambda$new$0(102)) - 41ad025f-af8e-4c4e-9124-a1617073bc42@group-312CCC1152ED-StateMachineUpdater: snapshotIndex: updateIncreasingly 10 -> 16
2024-10-28 08:10:49,845 [41ad025f-af8e-4c4e-9124-a1617073bc42@group-312CCC1152ED-StateMachineUpdater] INFO  safemode.HealthyPipelineSafeModeRule (HealthyPipelineSafeModeRule.java:initializeRule(172)) - Refreshed total pipeline count is 0, healthy pipeline threshold count is 1
2024-10-28 08:10:49,845 [scmNode-1-RatisPipelineUtilsThread-0] INFO  pipeline.BackgroundPipelineCreator (BackgroundPipelineCreator.java:createPipelines(236)) - Created new pipeline Pipeline[ Id: e3918b99-e00f-4486-a814-2eae137d939c, Nodes: 0506bfaa-e0bf-41a1-ae8b-a3d5b458913d(localhost/127.0.0.1) ReplicaIndex: 05164dc07-7390-4e62-85ea-fa0d5359a577(localhost/127.0.0.1) ReplicaIndex: 02dd66384-ce76-40f1-abb4-2732924b3f06(localhost/127.0.0.1) ReplicaIndex: 0, ReplicationConfig: RATIS/THREE, State:ALLOCATED, leaderId:, CreationTimestamp2024-10-28T08:10:49.839298730Z[Etc/UTC]]
2024-10-28 08:10:49,846 [22ff29b6-698b-46d6-babb-0a5352f8b68f@group-312CCC1152ED-StateMachineUpdater] INFO  safemode.HealthyPipelineSafeModeRule (HealthyPipelineSafeModeRule.java:initializeRule(172)) - Refreshed total pipeline count is 0, healthy pipeline threshold count is 1
2024-10-28 08:10:49,846 [scmNode-1-RatisPipelineUtilsThread-0] INFO  pipeline.RatisPipelineProvider (RatisPipelineProvider.java:lambda$create$0(205)) - Sending CreatePipelineCommand for pipeline:PipelineID=28892f10-fef2-4f02-9f0c-7e49e578f942 to datanode:0506bfaa-e0bf-41a1-ae8b-a3d5b458913d
2024-10-28 08:10:49,846 [scmNode-1-RatisPipelineUtilsThread-0] INFO  pipeline.RatisPipelineProvider (RatisPipelineProvider.java:lambda$create$0(205)) - Sending CreatePipelineCommand for pipeline:PipelineID=28892f10-fef2-4f02-9f0c-7e49e578f942 to datanode:5164dc07-7390-4e62-85ea-fa0d5359a577
2024-10-28 08:10:49,846 [scmNode-1-RatisPipelineUtilsThread-0] INFO  pipeline.RatisPipelineProvider (RatisPipelineProvider.java:lambda$create$0(205)) - Sending CreatePipelineCommand for pipeline:PipelineID=28892f10-fef2-4f02-9f0c-7e49e578f942 to datanode:2dd66384-ce76-40f1-abb4-2732924b3f06
2024-10-28 08:10:49,847 [c77964d9-ca67-4df9-b70f-2db5af48a5e3@group-312CCC1152ED-StateMachineUpdater] INFO  safemode.HealthyPipelineSafeModeRule (HealthyPipelineSafeModeRule.java:initializeRule(172)) - Refreshed total pipeline count is 0, healthy pipeline threshold count is 1
2024-10-28 08:10:49,848 [22ff29b6-698b-46d6-babb-0a5352f8b68f@group-312CCC1152ED-StateMachineUpdater] INFO  ha.SCMStateMachine (SCMStateMachine.java:takeSnapshot(335)) - Current Snapshot Index 18, takeSnapshot took 0 ms
2024-10-28 08:10:49,848 [22ff29b6-698b-46d6-babb-0a5352f8b68f@group-312CCC1152ED-StateMachineUpdater] INFO  impl.StateMachineUpdater (StateMachineUpdater.java:takeSnapshot(303)) - 22ff29b6-698b-46d6-babb-0a5352f8b68f@group-312CCC1152ED-StateMachineUpdater: Took a snapshot at index 18
2024-10-28 08:10:49,848 [22ff29b6-698b-46d6-babb-0a5352f8b68f@group-312CCC1152ED-StateMachineUpdater] INFO  impl.StateMachineUpdater (StateMachineUpdater.java:lambda$new$0(102)) - 22ff29b6-698b-46d6-babb-0a5352f8b68f@group-312CCC1152ED-StateMachineUpdater: snapshotIndex: updateIncreasingly 12 -> 18
2024-10-28 08:10:49,849 [c77964d9-ca67-4df9-b70f-2db5af48a5e3@group-312CCC1152ED-StateMachineUpdater] INFO  ha.SCMStateMachine (SCMStateMachine.java:takeSnapshot(335)) - Current Snapshot Index 18, takeSnapshot took 0 ms
2024-10-28 08:10:49,849 [41ad025f-af8e-4c4e-9124-a1617073bc42@group-312CCC1152ED-StateMachineUpdater] INFO  safemode.HealthyPipelineSafeModeRule (HealthyPipelineSafeModeRule.java:initializeRule(172)) - Refreshed total pipeline count is 0, healthy pipeline threshold count is 1
2024-10-28 08:10:49,849 [c77964d9-ca67-4df9-b70f-2db5af48a5e3@group-312CCC1152ED-StateMachineUpdater] INFO  impl.StateMachineUpdater (StateMachineUpdater.java:takeSnapshot(303)) - c77964d9-ca67-4df9-b70f-2db5af48a5e3@group-312CCC1152ED-StateMachineUpdater: Took a snapshot at index 18
2024-10-28 08:10:49,850 [scmNode-1-RatisPipelineUtilsThread-0] INFO  pipeline.PipelineManagerImpl (PipelineManagerImpl.java:recordMetricsForPipeline(916)) - Pipeline: PipelineID=28892f10-fef2-4f02-9f0c-7e49e578f942 contains same datanodes as previous pipelines: PipelineID=e3918b99-e00f-4486-a814-2eae137d939c nodeIds: 0506bfaa-e0bf-41a1-ae8b-a3d5b458913d, 5164dc07-7390-4e62-85ea-fa0d5359a577, 2dd66384-ce76-40f1-abb4-2732924b3f06
2024-10-28 08:10:49,850 [scmNode-1-RatisPipelineUtilsThread-0] INFO  pipeline.BackgroundPipelineCreator (BackgroundPipelineCreator.java:createPipelines(236)) - Created new pipeline Pipeline[ Id: 28892f10-fef2-4f02-9f0c-7e49e578f942, Nodes: 0506bfaa-e0bf-41a1-ae8b-a3d5b458913d(localhost/127.0.0.1) ReplicaIndex: 05164dc07-7390-4e62-85ea-fa0d5359a577(localhost/127.0.0.1) ReplicaIndex: 02dd66384-ce76-40f1-abb4-2732924b3f06(localhost/127.0.0.1) ReplicaIndex: 0, ReplicationConfig: RATIS/THREE, State:ALLOCATED, leaderId:, CreationTimestamp2024-10-28T08:10:49.846685590Z[Etc/UTC]]
2024-10-28 08:10:49,850 [c77964d9-ca67-4df9-b70f-2db5af48a5e3@group-312CCC1152ED-StateMachineUpdater] INFO  impl.StateMachineUpdater (StateMachineUpdater.java:lambda$new$0(102)) - c77964d9-ca67-4df9-b70f-2db5af48a5e3@group-312CCC1152ED-StateMachineUpdater: snapshotIndex: updateIncreasingly 12 -> 18
2024-10-28 08:10:49,857 [c77964d9-ca67-4df9-b70f-2db5af48a5e3@group-312CCC1152ED-StateMachineUpdater] INFO  safemode.HealthyPipelineSafeModeRule (HealthyPipelineSafeModeRule.java:initializeRule(172)) - Refreshed total pipeline count is 0, healthy pipeline threshold count is 1
2024-10-28 08:10:49,857 [22ff29b6-698b-46d6-babb-0a5352f8b68f@group-312CCC1152ED-StateMachineUpdater] INFO  safemode.HealthyPipelineSafeModeRule (HealthyPipelineSafeModeRule.java:initializeRule(172)) - Refreshed total pipeline count is 0, healthy pipeline threshold count is 1
2024-10-28 08:10:50,049 [d1f2ec58-f55e-45ab-93c5-34baa5ccb560-EndpointStateMachineTaskThread-/127.0.0.1:15012-0 ] INFO  ipc.Client (Client.java:handleConnectionFailure(950)) - Retrying connect to server: localhost/127.0.0.1:15012. Already tried 9 time(s); retry policy is RetryUpToMaximumCountWithFixedSleep(maxRetries=15, sleepTime=1000 MILLISECONDS)
2024-10-28 08:10:50,049 [d1f2ec58-f55e-45ab-93c5-34baa5ccb560-EndpointStateMachineTaskThread-/127.0.0.1:15020-0 ] INFO  ipc.Client (Client.java:handleConnectionFailure(950)) - Retrying connect to server: localhost/127.0.0.1:15020. Already tried 9 time(s); retry policy is RetryUpToMaximumCountWithFixedSleep(maxRetries=15, sleepTime=1000 MILLISECONDS)
2024-10-28 08:10:50,830 [main] INFO  ozone.MiniOzoneClusterImpl (MiniOzoneClusterImpl.java:lambda$waitForClusterToBeReady$0(219)) - Nodes are ready. Got 3 of 3 DN Heartbeats.
2024-10-28 08:10:50,830 [main] INFO  ozone.MiniOzoneClusterImpl (MiniOzoneClusterImpl.java:lambda$waitForClusterToBeReady$0(222)) - Waiting for cluster to exit safe mode
2024-10-28 08:10:50,830 [main] INFO  ozone.MiniOzoneClusterImpl (MiniOzoneClusterImpl.java:lambda$waitForClusterToBeReady$0(224)) - SCM became leader
2024-10-28 08:10:51,049 [d1f2ec58-f55e-45ab-93c5-34baa5ccb560-EndpointStateMachineTaskThread-/127.0.0.1:15012-0 ] INFO  ipc.Client (Client.java:handleConnectionFailure(950)) - Retrying connect to server: localhost/127.0.0.1:15012. Already tried 10 time(s); retry policy is RetryUpToMaximumCountWithFixedSleep(maxRetries=15, sleepTime=1000 MILLISECONDS)
2024-10-28 08:10:51,049 [d1f2ec58-f55e-45ab-93c5-34baa5ccb560-EndpointStateMachineTaskThread-/127.0.0.1:15020-0 ] INFO  ipc.Client (Client.java:handleConnectionFailure(950)) - Retrying connect to server: localhost/127.0.0.1:15020. Already tried 10 time(s); retry policy is RetryUpToMaximumCountWithFixedSleep(maxRetries=15, sleepTime=1000 MILLISECONDS)
2024-10-28 08:10:51,830 [main] INFO  ozone.MiniOzoneClusterImpl (MiniOzoneClusterImpl.java:lambda$waitForClusterToBeReady$0(219)) - Nodes are ready. Got 3 of 3 DN Heartbeats.
2024-10-28 08:10:51,830 [main] INFO  ozone.MiniOzoneClusterImpl (MiniOzoneClusterImpl.java:lambda$waitForClusterToBeReady$0(222)) - Waiting for cluster to exit safe mode
2024-10-28 08:10:51,830 [main] INFO  ozone.MiniOzoneClusterImpl (MiniOzoneClusterImpl.java:lambda$waitForClusterToBeReady$0(224)) - SCM became leader
2024-10-28 08:10:52,050 [d1f2ec58-f55e-45ab-93c5-34baa5ccb560-EndpointStateMachineTaskThread-/127.0.0.1:15020-0 ] INFO  ipc.Client (Client.java:handleConnectionFailure(950)) - Retrying connect to server: localhost/127.0.0.1:15020. Already tried 11 time(s); retry policy is RetryUpToMaximumCountWithFixedSleep(maxRetries=15, sleepTime=1000 MILLISECONDS)
2024-10-28 08:10:52,050 [d1f2ec58-f55e-45ab-93c5-34baa5ccb560-EndpointStateMachineTaskThread-/127.0.0.1:15012-0 ] INFO  ipc.Client (Client.java:handleConnectionFailure(950)) - Retrying connect to server: localhost/127.0.0.1:15012. Already tried 11 time(s); retry policy is RetryUpToMaximumCountWithFixedSleep(maxRetries=15, sleepTime=1000 MILLISECONDS)
2024-10-28 08:10:52,145 [0506bfaa-e0bf-41a1-ae8b-a3d5b458913d-PipelineCommandHandlerThread-0] INFO  server.RaftServer (RaftServerProxy.java:addNew(100)) - 0506bfaa-e0bf-41a1-ae8b-a3d5b458913d: addNew group-F28298DE009A:[0506bfaa-e0bf-41a1-ae8b-a3d5b458913d|127.0.0.1:15127] returns group-F28298DE009A:java.util.concurrent.CompletableFuture@1b643731[Not completed]
2024-10-28 08:10:52,147 [0506bfaa-e0bf-41a1-ae8b-a3d5b458913d-groupManagement] INFO  server.RaftServer$Division (RaftServerImpl.java:<init>(254)) - 0506bfaa-e0bf-41a1-ae8b-a3d5b458913d: new RaftServerImpl for group-F28298DE009A:[0506bfaa-e0bf-41a1-ae8b-a3d5b458913d|127.0.0.1:15127] with ContainerStateMachine:uninitialized
2024-10-28 08:10:52,147 [0506bfaa-e0bf-41a1-ae8b-a3d5b458913d-groupManagement] INFO  server.RaftServerConfigKeys (ConfUtils.java:logGet(46)) - raft.server.rpc.timeout.min = 5s (custom)
2024-10-28 08:10:52,147 [0506bfaa-e0bf-41a1-ae8b-a3d5b458913d-groupManagement] INFO  server.RaftServerConfigKeys (ConfUtils.java:logGet(46)) - raft.server.rpc.timeout.max = 5200ms (custom)
2024-10-28 08:10:52,147 [0506bfaa-e0bf-41a1-ae8b-a3d5b458913d-groupManagement] INFO  server.RaftServerConfigKeys (ConfUtils.java:logGet(46)) - raft.server.rpc.sleep.time = 25ms (default)
2024-10-28 08:10:52,147 [0506bfaa-e0bf-41a1-ae8b-a3d5b458913d-groupManagement] INFO  server.RaftServerConfigKeys (ConfUtils.java:logGet(46)) - raft.server.rpc.slowness.timeout = 300s (custom)
2024-10-28 08:10:52,147 [0506bfaa-e0bf-41a1-ae8b-a3d5b458913d-groupManagement] INFO  server.RaftServerConfigKeys (ConfUtils.java:logGet(46)) - raft.server.leaderelection.leader.step-down.wait-time = 10s (default)
2024-10-28 08:10:52,148 [0506bfaa-e0bf-41a1-ae8b-a3d5b458913d-groupManagement] INFO  server.RaftServerConfigKeys (ConfUtils.java:logGet(46)) - raft.server.leaderelection.member.majority-add = false (default)
2024-10-28 08:10:52,148 [0506bfaa-e0bf-41a1-ae8b-a3d5b458913d-groupManagement] INFO  server.RaftServerConfigKeys (ConfUtils.java:logGet(46)) - raft.server.sleep.deviation.threshold = 300ms (default)
2024-10-28 08:10:52,148 [0506bfaa-e0bf-41a1-ae8b-a3d5b458913d-groupManagement] INFO  server.RaftServer$Division (ServerState.java:<init>(114)) - 0506bfaa-e0bf-41a1-ae8b-a3d5b458913d@group-F28298DE009A: ConfigurationManager, init=conf: {index: -1, cur=peers:[0506bfaa-e0bf-41a1-ae8b-a3d5b458913d|127.0.0.1:15127]|listeners:[], old=null}, confs=<EMPTY_MAP>
2024-10-28 08:10:52,148 [0506bfaa-e0bf-41a1-ae8b-a3d5b458913d-groupManagement] INFO  server.RaftServerConfigKeys (ConfUtils.java:logGet(46)) - raft.server.notification.no-leader.timeout = 300s (custom)
2024-10-28 08:10:52,148 [0506bfaa-e0bf-41a1-ae8b-a3d5b458913d-groupManagement] INFO  server.RaftServerConfigKeys (ConfUtils.java:logGet(46)) - raft.server.read.timeout = 10s (default)
2024-10-28 08:10:52,148 [0506bfaa-e0bf-41a1-ae8b-a3d5b458913d-groupManagement] INFO  server.RaftServerConfigKeys (ConfUtils.java:logGet(46)) - raft.server.retrycache.expirytime = 600000ms (custom)
2024-10-28 08:10:52,148 [0506bfaa-e0bf-41a1-ae8b-a3d5b458913d-groupManagement] INFO  server.RaftServerConfigKeys (ConfUtils.java:logGet(46)) - raft.server.retrycache.statistics.expirytime = 100ms (default)
2024-10-28 08:10:52,148 [0506bfaa-e0bf-41a1-ae8b-a3d5b458913d-groupManagement] INFO  server.RaftServerConfigKeys (ConfUtils.java:logGet(46)) - raft.server.read.option = DEFAULT (default)
2024-10-28 08:10:52,148 [0506bfaa-e0bf-41a1-ae8b-a3d5b458913d-groupManagement] INFO  server.RaftServerConfigKeys (ConfUtils.java:logGet(46)) - raft.server.read.read-after-write-consistent.write-index-cache.expiry-time = 60s (default)
2024-10-28 08:10:52,150 [0506bfaa-e0bf-41a1-ae8b-a3d5b458913d-groupManagement] INFO  server.RaftServerConfigKeys (ConfUtils.java:logGet(46)) - raft.server.rpc.request.timeout = 60s (custom)
2024-10-28 08:10:52,150 [0506bfaa-e0bf-41a1-ae8b-a3d5b458913d-groupManagement] INFO  server.RaftServerConfigKeys (ConfUtils.java:logGet(46)) - raft.server.log.appender.install.snapshot.enabled = false (custom)
2024-10-28 08:10:52,151 [0506bfaa-e0bf-41a1-ae8b-a3d5b458913d-groupManagement] INFO  server.RaftServerConfigKeys (ConfUtils.java:logGet(46)) - raft.server.threadpool.server.cached = true (default)
2024-10-28 08:10:52,151 [0506bfaa-e0bf-41a1-ae8b-a3d5b458913d-groupManagement] INFO  server.RaftServerConfigKeys (ConfUtils.java:logGet(46)) - raft.server.threadpool.server.size = 0 (default)
2024-10-28 08:10:52,151 [0506bfaa-e0bf-41a1-ae8b-a3d5b458913d-groupManagement] INFO  server.RaftServerConfigKeys (ConfUtils.java:logGet(46)) - raft.server.threadpool.client.cached = true (default)
2024-10-28 08:10:52,151 [0506bfaa-e0bf-41a1-ae8b-a3d5b458913d-groupManagement] INFO  server.RaftServerConfigKeys (ConfUtils.java:logGet(46)) - raft.server.threadpool.client.size = 0 (default)
2024-10-28 08:10:52,151 [0506bfaa-e0bf-41a1-ae8b-a3d5b458913d-groupManagement] INFO  server.RaftServerConfigKeys (ConfUtils.java:logGet(46)) - raft.server.storage.free-space.min = 0MB (=0) (default)
2024-10-28 08:10:52,151 [0506bfaa-e0bf-41a1-ae8b-a3d5b458913d-groupManagement] INFO  server.RaftServerConfigKeys (ConfUtils.java:logGet(46)) - raft.server.log.corruption.policy = EXCEPTION (default)
2024-10-28 08:10:52,151 [0506bfaa-e0bf-41a1-ae8b-a3d5b458913d-groupManagement] INFO  server.RaftServerConfigKeys (ConfUtils.java:logGet(46)) - raft.server.storage.dir = [/home/runner/work/ozone/ozone/hadoop-ozone/integration-test/target/test-dir/MiniOzoneClusterImpl-0da7ab08-e378-40bf-aed1-312ccc1152ed/ozone-meta/datanode-1/ratis] (custom)
2024-10-28 08:10:52,151 [0506bfaa-e0bf-41a1-ae8b-a3d5b458913d-groupManagement] INFO  storage.RaftStorageDirectory (RaftStorageDirectoryImpl.java:analyzeStorage(138)) - The storage directory /home/runner/work/ozone/ozone/hadoop-ozone/integration-test/target/test-dir/MiniOzoneClusterImpl-0da7ab08-e378-40bf-aed1-312ccc1152ed/ozone-meta/datanode-1/ratis/c4204bd4-d65b-4d77-a627-f28298de009a does not exist. Creating ...
2024-10-28 08:10:52,153 [0506bfaa-e0bf-41a1-ae8b-a3d5b458913d-groupManagement] INFO  storage.RaftStorageDirectory (RaftStorageDirectoryImpl.java:tryLock(229)) - Lock on /home/runner/work/ozone/ozone/hadoop-ozone/integration-test/target/test-dir/MiniOzoneClusterImpl-0da7ab08-e378-40bf-aed1-312ccc1152ed/ozone-meta/datanode-1/ratis/c4204bd4-d65b-4d77-a627-f28298de009a/in_use.lock acquired by nodename 9135@fv-az886-152
2024-10-28 08:10:52,154 [0506bfaa-e0bf-41a1-ae8b-a3d5b458913d-groupManagement] INFO  storage.RaftStorage (RaftStorageImpl.java:format(98)) - Storage directory /home/runner/work/ozone/ozone/hadoop-ozone/integration-test/target/test-dir/MiniOzoneClusterImpl-0da7ab08-e378-40bf-aed1-312ccc1152ed/ozone-meta/datanode-1/ratis/c4204bd4-d65b-4d77-a627-f28298de009a has been successfully formatted.
2024-10-28 08:10:52,154 [0506bfaa-e0bf-41a1-ae8b-a3d5b458913d-groupManagement] INFO  ratis.ContainerStateMachine (ContainerStateMachine.java:initialize(285)) - 0506bfaa-e0bf-41a1-ae8b-a3d5b458913d: initialize group-F28298DE009A
2024-10-28 08:10:52,154 [0506bfaa-e0bf-41a1-ae8b-a3d5b458913d-groupManagement] INFO  ratis.ContainerStateMachine (ContainerStateMachine.java:loadSnapshot(293)) - group-F28298DE009A: The snapshot info is null. Setting the last applied index to:(t:0, i:~)
2024-10-28 08:10:52,154 [0506bfaa-e0bf-41a1-ae8b-a3d5b458913d-groupManagement] INFO  server.RaftServerConfigKeys (ConfUtils.java:logGet(46)) - raft.server.log.use.memory = false (default)
2024-10-28 08:10:52,155 [0506bfaa-e0bf-41a1-ae8b-a3d5b458913d-groupManagement] INFO  server.RaftServerConfigKeys (ConfUtils.java:logGet(46)) - raft.server.log.purge.gap = 1000000 (custom)
2024-10-28 08:10:52,155 [0506bfaa-e0bf-41a1-ae8b-a3d5b458913d-groupManagement] INFO  server.RaftServerConfigKeys (ConfUtils.java:logGet(46)) - raft.server.log.appender.buffer.byte-limit = 33554432 (custom)
2024-10-28 08:10:52,155 [0506bfaa-e0bf-41a1-ae8b-a3d5b458913d-groupManagement] INFO  server.RaftServerConfigKeys (ConfUtils.java:logGet(46)) - raft.server.log.statemachine.data.read.timeout = 1000ms (default)
2024-10-28 08:10:52,155 [0506bfaa-e0bf-41a1-ae8b-a3d5b458913d-groupManagement] INFO  server.RaftServerConfigKeys (ConfUtils.java:logGet(46)) - raft.server.log.purge.preservation.log.num = 0 (default)
2024-10-28 08:10:52,157 [scmNode-3-EventQueue-PipelineReportForPipelineReportHandler] ERROR pipeline.PipelineReportHandler (PipelineReportHandler.java:onMessage(100)) - Could not process pipeline report=pipelineID {
  id: "c4204bd4-d65b-4d77-a627-f28298de009a"
  uuid128 {
    mostSigBits: -4314365065519477385
    leastSigBits: -6473939296597442406
  }
}
isLeader: false
bytesWritten: 0
 from dn=0506bfaa-e0bf-41a1-ae8b-a3d5b458913d(localhost/127.0.0.1).
org.apache.hadoop.hdds.scm.exceptions.SCMException: org.apache.ratis.protocol.exceptions.NotLeaderException: Server c77964d9-ca67-4df9-b70f-2db5af48a5e3@group-312CCC1152ED is not the leader, suggested leader is: 41ad025f-af8e-4c4e-9124-a1617073bc42|localhost:15078
	at org.apache.hadoop.hdds.scm.ha.SCMHAInvocationHandler.translateException(SCMHAInvocationHandler.java:165)
	at org.apache.hadoop.hdds.scm.ha.SCMHAInvocationHandler.invokeRatis(SCMHAInvocationHandler.java:115)
	at org.apache.hadoop.hdds.scm.ha.SCMHAInvocationHandler.invoke(SCMHAInvocationHandler.java:74)
	at jdk.proxy2/jdk.proxy2.$Proxy38.updatePipelineState(Unknown Source)
	at org.apache.hadoop.hdds.scm.pipeline.PipelineManagerImpl.openPipeline(PipelineManagerImpl.java:430)
	at org.apache.hadoop.hdds.scm.pipeline.PipelineReportHandler.processPipelineReport(PipelineReportHandler.java:135)
	at org.apache.hadoop.hdds.scm.pipeline.PipelineReportHandler.onMessage(PipelineReportHandler.java:93)
	at org.apache.hadoop.hdds.scm.pipeline.PipelineReportHandler.onMessage(PipelineReportHandler.java:52)
	at org.apache.hadoop.hdds.server.events.SingleThreadExecutor.lambda$onMessage$1(SingleThreadExecutor.java:86)
	at java.base/java.util.concurrent.ThreadPoolExecutor.runWorker(ThreadPoolExecutor.java:1136)
	at java.base/java.util.concurrent.ThreadPoolExecutor$Worker.run(ThreadPoolExecutor.java:635)
	at java.base/java.lang.Thread.run(Thread.java:840)
Caused by: org.apache.ratis.protocol.exceptions.NotLeaderException: Server c77964d9-ca67-4df9-b70f-2db5af48a5e3@group-312CCC1152ED is not the leader, suggested leader is: 41ad025f-af8e-4c4e-9124-a1617073bc42|localhost:15078
	at org.apache.ratis.server.impl.RaftServerImpl.generateNotLeaderException(RaftServerImpl.java:777)
	at org.apache.ratis.server.impl.RaftServerImpl.checkLeaderState(RaftServerImpl.java:742)
	at org.apache.ratis.server.impl.RaftServerImpl.checkLeaderState(RaftServerImpl.java:728)
	at org.apache.ratis.server.impl.RaftServerImpl.writeAsyncImpl(RaftServerImpl.java:945)
	at org.apache.ratis.server.impl.RaftServerImpl.writeAsync(RaftServerImpl.java:933)
	at org.apache.ratis.server.impl.RaftServerImpl.replyFuture(RaftServerImpl.java:926)
	at org.apache.ratis.server.impl.RaftServerImpl.submitClientRequestAsync(RaftServerImpl.java:903)
	at org.apache.ratis.server.impl.RaftServerImpl.lambda$null$11(RaftServerImpl.java:892)
	at org.apache.ratis.util.JavaUtils.callAsUnchecked(JavaUtils.java:118)
	at org.apache.ratis.server.impl.RaftServerImpl.lambda$executeSubmitClientRequestAsync$12(RaftServerImpl.java:892)
	at java.base/java.util.concurrent.CompletableFuture$AsyncSupply.run(CompletableFuture.java:1768)
	... 3 more
2024-10-28 08:10:52,158 [0506bfaa-e0bf-41a1-ae8b-a3d5b458913d-groupManagement] INFO  server.RaftServerConfigKeys (ConfUtils.java:logGet(46)) - raft.server.log.segment.size.max = 67108864 (custom)
2024-10-28 08:10:52,158 [0506bfaa-e0bf-41a1-ae8b-a3d5b458913d-groupManagement] INFO  server.RaftServerConfigKeys (ConfUtils.java:logGet(46)) - raft.server.log.segment.cache.num.max = 2 (custom)
2024-10-28 08:10:52,161 [0506bfaa-e0bf-41a1-ae8b-a3d5b458913d-groupManagement] INFO  server.RaftServerConfigKeys (ConfUtils.java:logGet(46)) - raft.server.log.segment.cache.size.max = 200MB (=209715200) (default)
2024-10-28 08:10:52,161 [0506bfaa-e0bf-41a1-ae8b-a3d5b458913d-groupManagement] INFO  server.RaftServerConfigKeys (ConfUtils.java:logGet(46)) - raft.server.log.appender.buffer.byte-limit = 33554432 (custom)
2024-10-28 08:10:52,162 [22ff29b6-698b-46d6-babb-0a5352f8b68f@group-312CCC1152ED-StateMachineUpdater] INFO  safemode.HealthyPipelineSafeModeRule (HealthyPipelineSafeModeRule.java:initializeRule(172)) - Refreshed total pipeline count is 0, healthy pipeline threshold count is 1
2024-10-28 08:10:52,163 [c77964d9-ca67-4df9-b70f-2db5af48a5e3@group-312CCC1152ED-StateMachineUpdater] INFO  safemode.HealthyPipelineSafeModeRule (HealthyPipelineSafeModeRule.java:initializeRule(172)) - Refreshed total pipeline count is 0, healthy pipeline threshold count is 1
2024-10-28 08:10:52,160 [41ad025f-af8e-4c4e-9124-a1617073bc42@group-312CCC1152ED-StateMachineUpdater] INFO  safemode.HealthyPipelineSafeModeRule (HealthyPipelineSafeModeRule.java:initializeRule(172)) - Refreshed total pipeline count is 0, healthy pipeline threshold count is 1
2024-10-28 08:10:52,163 [41ad025f-af8e-4c4e-9124-a1617073bc42@group-312CCC1152ED-StateMachineUpdater] INFO  ha.SCMStateMachine (SCMStateMachine.java:takeSnapshot(335)) - Current Snapshot Index 22, takeSnapshot took 0 ms
2024-10-28 08:10:52,163 [41ad025f-af8e-4c4e-9124-a1617073bc42@group-312CCC1152ED-StateMachineUpdater] INFO  impl.StateMachineUpdater (StateMachineUpdater.java:takeSnapshot(303)) - 41ad025f-af8e-4c4e-9124-a1617073bc42@group-312CCC1152ED-StateMachineUpdater: Took a snapshot at index 22
2024-10-28 08:10:52,163 [41ad025f-af8e-4c4e-9124-a1617073bc42@group-312CCC1152ED-StateMachineUpdater] INFO  impl.StateMachineUpdater (StateMachineUpdater.java:lambda$new$0(102)) - 41ad025f-af8e-4c4e-9124-a1617073bc42@group-312CCC1152ED-StateMachineUpdater: snapshotIndex: updateIncreasingly 16 -> 22
2024-10-28 08:10:52,164 [scmNode-1-EventQueue-PipelineReportForPipelineReportHandler] INFO  pipeline.PipelineReportHandler (PipelineReportHandler.java:processPipelineReport(136)) - Opened pipeline PipelineID=c4204bd4-d65b-4d77-a627-f28298de009a
2024-10-28 08:10:52,168 [scmNode-2-EventQueue-PipelineReportForPipelineReportHandler] ERROR pipeline.PipelineReportHandler (PipelineReportHandler.java:onMessage(100)) - Could not process pipeline report=pipelineID {
  id: "c4204bd4-d65b-4d77-a627-f28298de009a"
  uuid128 {
    mostSigBits: -4314365065519477385
    leastSigBits: -6473939296597442406
  }
}
isLeader: false
bytesWritten: 0
 from dn=0506bfaa-e0bf-41a1-ae8b-a3d5b458913d(localhost/127.0.0.1).
org.apache.hadoop.hdds.scm.exceptions.SCMException: org.apache.ratis.protocol.exceptions.NotLeaderException: Server 22ff29b6-698b-46d6-babb-0a5352f8b68f@group-312CCC1152ED is not the leader, suggested leader is: 41ad025f-af8e-4c4e-9124-a1617073bc42|localhost:15078
	at org.apache.hadoop.hdds.scm.ha.SCMHAInvocationHandler.translateException(SCMHAInvocationHandler.java:165)
	at org.apache.hadoop.hdds.scm.ha.SCMHAInvocationHandler.invokeRatis(SCMHAInvocationHandler.java:115)
	at org.apache.hadoop.hdds.scm.ha.SCMHAInvocationHandler.invoke(SCMHAInvocationHandler.java:74)
	at jdk.proxy2/jdk.proxy2.$Proxy38.updatePipelineState(Unknown Source)
	at org.apache.hadoop.hdds.scm.pipeline.PipelineManagerImpl.openPipeline(PipelineManagerImpl.java:430)
	at org.apache.hadoop.hdds.scm.pipeline.PipelineReportHandler.processPipelineReport(PipelineReportHandler.java:135)
	at org.apache.hadoop.hdds.scm.pipeline.PipelineReportHandler.onMessage(PipelineReportHandler.java:93)
	at org.apache.hadoop.hdds.scm.pipeline.PipelineReportHandler.onMessage(PipelineReportHandler.java:52)
	at org.apache.hadoop.hdds.server.events.SingleThreadExecutor.lambda$onMessage$1(SingleThreadExecutor.java:86)
	at java.base/java.util.concurrent.ThreadPoolExecutor.runWorker(ThreadPoolExecutor.java:1136)
	at java.base/java.util.concurrent.ThreadPoolExecutor$Worker.run(ThreadPoolExecutor.java:635)
	at java.base/java.lang.Thread.run(Thread.java:840)
Caused by: org.apache.ratis.protocol.exceptions.NotLeaderException: Server 22ff29b6-698b-46d6-babb-0a5352f8b68f@group-312CCC1152ED is not the leader, suggested leader is: 41ad025f-af8e-4c4e-9124-a1617073bc42|localhost:15078
	at org.apache.ratis.server.impl.RaftServerImpl.generateNotLeaderException(RaftServerImpl.java:777)
	at org.apache.ratis.server.impl.RaftServerImpl.checkLeaderState(RaftServerImpl.java:742)
	at org.apache.ratis.server.impl.RaftServerImpl.checkLeaderState(RaftServerImpl.java:728)
	at org.apache.ratis.server.impl.RaftServerImpl.writeAsyncImpl(RaftServerImpl.java:945)
	at org.apache.ratis.server.impl.RaftServerImpl.writeAsync(RaftServerImpl.java:933)
	at org.apache.ratis.server.impl.RaftServerImpl.replyFuture(RaftServerImpl.java:926)
	at org.apache.ratis.server.impl.RaftServerImpl.submitClientRequestAsync(RaftServerImpl.java:903)
	at org.apache.ratis.server.impl.RaftServerImpl.lambda$null$11(RaftServerImpl.java:892)
	at org.apache.ratis.util.JavaUtils.callAsUnchecked(JavaUtils.java:118)
	at org.apache.ratis.server.impl.RaftServerImpl.lambda$executeSubmitClientRequestAsync$12(RaftServerImpl.java:892)
	at java.base/java.util.concurrent.CompletableFuture$AsyncSupply.run(CompletableFuture.java:1768)
	... 3 more
2024-10-28 08:10:52,169 [0506bfaa-e0bf-41a1-ae8b-a3d5b458913d-groupManagement] INFO  util.AwaitToRun (AwaitToRun.java:start(81)) - Thread[0506bfaa-e0bf-41a1-ae8b-a3d5b458913d@group-F28298DE009A-cacheEviction-AwaitToRun,5,main] started
2024-10-28 08:10:52,169 [scmNode-1-EventQueue-OpenPipelineForHealthyPipelineSafeModeRule] INFO  safemode.SCMSafeModeManager (HealthyPipelineSafeModeRule.java:process(140)) - SCM in safe mode. Healthy pipelines reported count is 0, required healthy pipeline reported count is 1
2024-10-28 08:10:52,169 [0506bfaa-e0bf-41a1-ae8b-a3d5b458913d-groupManagement] INFO  segmented.SegmentedRaftLogWorker (SegmentedRaftLogWorker.java:<init>(187)) - new 0506bfaa-e0bf-41a1-ae8b-a3d5b458913d@group-F28298DE009A-SegmentedRaftLogWorker for RaftStorageImpl:Storage Directory /home/runner/work/ozone/ozone/hadoop-ozone/integration-test/target/test-dir/MiniOzoneClusterImpl-0da7ab08-e378-40bf-aed1-312ccc1152ed/ozone-meta/datanode-1/ratis/c4204bd4-d65b-4d77-a627-f28298de009a
2024-10-28 08:10:52,169 [0506bfaa-e0bf-41a1-ae8b-a3d5b458913d-groupManagement] INFO  server.RaftServerConfigKeys (ConfUtils.java:logGet(46)) - raft.server.log.queue.byte-limit = 4294967296 (custom)
2024-10-28 08:10:52,169 [0506bfaa-e0bf-41a1-ae8b-a3d5b458913d-groupManagement] INFO  server.RaftServerConfigKeys (ConfUtils.java:logGet(46)) - raft.server.log.queue.element-limit = 1024 (custom)
2024-10-28 08:10:52,169 [0506bfaa-e0bf-41a1-ae8b-a3d5b458913d-groupManagement] INFO  server.RaftServerConfigKeys (ConfUtils.java:logGet(46)) - raft.server.log.segment.size.max = 67108864 (custom)
2024-10-28 08:10:52,169 [0506bfaa-e0bf-41a1-ae8b-a3d5b458913d-groupManagement] INFO  server.RaftServerConfigKeys (ConfUtils.java:logGet(46)) - raft.server.log.preallocated.size = 4194304 (custom)
2024-10-28 08:10:52,169 [0506bfaa-e0bf-41a1-ae8b-a3d5b458913d-groupManagement] INFO  server.RaftServerConfigKeys (ConfUtils.java:logGet(46)) - raft.server.log.force.sync.num = 128 (default)
2024-10-28 08:10:52,169 [0506bfaa-e0bf-41a1-ae8b-a3d5b458913d-groupManagement] INFO  server.RaftServerConfigKeys (ConfUtils.java:logGet(46)) - raft.server.log.statemachine.data.sync = true (default)
2024-10-28 08:10:52,169 [0506bfaa-e0bf-41a1-ae8b-a3d5b458913d-groupManagement] INFO  server.RaftServerConfigKeys (ConfUtils.java:logGet(46)) - raft.server.log.statemachine.data.sync.timeout = 10s (default)
2024-10-28 08:10:52,169 [0506bfaa-e0bf-41a1-ae8b-a3d5b458913d-groupManagement] INFO  server.RaftServerConfigKeys (ConfUtils.java:logGet(46)) - raft.server.log.statemachine.data.sync.timeout.retry = 30 (custom)
2024-10-28 08:10:52,170 [0506bfaa-e0bf-41a1-ae8b-a3d5b458913d-groupManagement] INFO  server.RaftServerConfigKeys (ConfUtils.java:logGet(46)) - raft.server.log.write.buffer.size = 33554440 (custom)
2024-10-28 08:10:52,175 [0506bfaa-e0bf-41a1-ae8b-a3d5b458913d-groupManagement] INFO  server.RaftServerConfigKeys (ConfUtils.java:logGet(46)) - raft.server.log.appender.buffer.byte-limit = 33554432 (custom)
2024-10-28 08:10:52,175 [0506bfaa-e0bf-41a1-ae8b-a3d5b458913d-groupManagement] INFO  server.RaftServerConfigKeys (ConfUtils.java:logGet(46)) - raft.server.log.unsafe-flush.enabled = false (default)
2024-10-28 08:10:52,175 [0506bfaa-e0bf-41a1-ae8b-a3d5b458913d-groupManagement] INFO  server.RaftServerConfigKeys (ConfUtils.java:logGet(46)) - raft.server.log.async-flush.enabled = false (default)
2024-10-28 08:10:52,175 [0506bfaa-e0bf-41a1-ae8b-a3d5b458913d-groupManagement] INFO  server.RaftServerConfigKeys (ConfUtils.java:logGet(46)) - raft.server.log.statemachine.data.caching.enabled = true (custom)
2024-10-28 08:10:52,176 [0506bfaa-e0bf-41a1-ae8b-a3d5b458913d-groupManagement] INFO  segmented.SegmentedRaftLogWorker (SegmentedRaftLogWorker.java:lambda$new$0(138)) - 0506bfaa-e0bf-41a1-ae8b-a3d5b458913d@group-F28298DE009A-SegmentedRaftLogWorker: flushIndex: setUnconditionally 0 -> -1
2024-10-28 08:10:52,176 [0506bfaa-e0bf-41a1-ae8b-a3d5b458913d-groupManagement] INFO  segmented.SegmentedRaftLogWorker (SegmentedRaftLogWorker.java:lambda$new$0(138)) - 0506bfaa-e0bf-41a1-ae8b-a3d5b458913d@group-F28298DE009A-SegmentedRaftLogWorker: safeCacheEvictIndex: setUnconditionally 0 -> -1
2024-10-28 08:10:52,176 [0506bfaa-e0bf-41a1-ae8b-a3d5b458913d-groupManagement] INFO  server.RaftServer$Division (RaftServerImpl.java:start(390)) - 0506bfaa-e0bf-41a1-ae8b-a3d5b458913d@group-F28298DE009A: start as a follower, conf=conf: {index: -1, cur=peers:[0506bfaa-e0bf-41a1-ae8b-a3d5b458913d|127.0.0.1:15127]|listeners:[], old=null}
2024-10-28 08:10:52,176 [0506bfaa-e0bf-41a1-ae8b-a3d5b458913d-groupManagement] INFO  server.RaftServer$Division (RaftServerImpl.java:setRole(377)) - 0506bfaa-e0bf-41a1-ae8b-a3d5b458913d@group-F28298DE009A: changes role from      null to FOLLOWER at term 0 for startAsFollower
2024-10-28 08:10:52,176 [0506bfaa-e0bf-41a1-ae8b-a3d5b458913d-groupManagement] INFO  impl.RoleInfo (RoleInfo.java:updateAndGet(148)) - 0506bfaa-e0bf-41a1-ae8b-a3d5b458913d: start 0506bfaa-e0bf-41a1-ae8b-a3d5b458913d@group-F28298DE009A-FollowerState
2024-10-28 08:10:52,176 [0506bfaa-e0bf-41a1-ae8b-a3d5b458913d-groupManagement] INFO  util.JmxRegister (JmxRegister.java:tryRegister(44)) - Successfully registered JMX Bean with object name Ratis:service=RaftServer,group=group-F28298DE009A,id=0506bfaa-e0bf-41a1-ae8b-a3d5b458913d
2024-10-28 08:10:52,177 [0506bfaa-e0bf-41a1-ae8b-a3d5b458913d-groupManagement] INFO  util.JmxRegister (JmxRegister.java:register(58)) - register mxBean class org.apache.ratis.server.impl.RaftServerJmxAdapter as Ratis:service=RaftServer,group=group-F28298DE009A,id=0506bfaa-e0bf-41a1-ae8b-a3d5b458913d
2024-10-28 08:10:52,177 [0506bfaa-e0bf-41a1-ae8b-a3d5b458913d-groupManagement] INFO  server.RaftServerConfigKeys (ConfUtils.java:logGet(46)) - raft.server.snapshot.trigger-when-stop.enabled = true (default)
2024-10-28 08:10:52,177 [0506bfaa-e0bf-41a1-ae8b-a3d5b458913d-groupManagement] INFO  server.RaftServerConfigKeys (ConfUtils.java:logGet(46)) - raft.server.snapshot.trigger-when-remove.enabled = true (default)
2024-10-28 08:10:52,177 [0506bfaa-e0bf-41a1-ae8b-a3d5b458913d-groupManagement] INFO  server.RaftServerConfigKeys (ConfUtils.java:logGet(46)) - raft.server.snapshot.auto.trigger.enabled = true (custom)
2024-10-28 08:10:52,177 [0506bfaa-e0bf-41a1-ae8b-a3d5b458913d-groupManagement] INFO  server.RaftServerConfigKeys (ConfUtils.java:logGet(46)) - raft.server.snapshot.auto.trigger.threshold = 10000 (custom)
2024-10-28 08:10:52,177 [0506bfaa-e0bf-41a1-ae8b-a3d5b458913d-groupManagement] INFO  server.RaftServerConfigKeys (ConfUtils.java:logGet(46)) - raft.server.snapshot.retention.file.num = 5 (custom)
2024-10-28 08:10:52,177 [0506bfaa-e0bf-41a1-ae8b-a3d5b458913d-groupManagement] INFO  server.RaftServerConfigKeys (ConfUtils.java:logGet(46)) - raft.server.log.purge.upto.snapshot.index = false (default)
2024-10-28 08:10:52,176 [0506bfaa-e0bf-41a1-ae8b-a3d5b458913d@group-F28298DE009A-FollowerState] INFO  server.RaftServerConfigKeys (ConfUtils.java:logFallback(53)) - raft.server.rpc.first-election.timeout.min = 5s (fallback to raft.server.rpc.timeout.min)
2024-10-28 08:10:52,177 [0506bfaa-e0bf-41a1-ae8b-a3d5b458913d@group-F28298DE009A-FollowerState] INFO  server.RaftServerConfigKeys (ConfUtils.java:logFallback(53)) - raft.server.rpc.first-election.timeout.max = 5200ms (fallback to raft.server.rpc.timeout.max)
2024-10-28 08:10:52,178 [0506bfaa-e0bf-41a1-ae8b-a3d5b458913d-PipelineCommandHandlerThread-0] INFO  ratis.XceiverServerRatis (XceiverServerRatis.java:addGroup(844)) - Created group PipelineID=c4204bd4-d65b-4d77-a627-f28298de009a
2024-10-28 08:10:52,178 [0506bfaa-e0bf-41a1-ae8b-a3d5b458913d-PipelineCommandHandlerThread-0] INFO  commandhandler.CreatePipelineCommandHandler (CreatePipelineCommandHandler.java:lambda$handle$2(129)) - Created Pipeline RATIS ONE PipelineID=c4204bd4-d65b-4d77-a627-f28298de009a.
2024-10-28 08:10:52,178 [0506bfaa-e0bf-41a1-ae8b-a3d5b458913d-PipelineCommandHandlerThread-0] INFO  server.RaftServer (RaftServerProxy.java:addNew(100)) - 0506bfaa-e0bf-41a1-ae8b-a3d5b458913d: addNew group-2EAE137D939C:[5164dc07-7390-4e62-85ea-fa0d5359a577|127.0.0.1:15145, 2dd66384-ce76-40f1-abb4-2732924b3f06|127.0.0.1:15136, 0506bfaa-e0bf-41a1-ae8b-a3d5b458913d|127.0.0.1:15127] returns group-2EAE137D939C:java.util.concurrent.CompletableFuture@1f5ba085[Not completed]
2024-10-28 08:10:52,180 [0506bfaa-e0bf-41a1-ae8b-a3d5b458913d-groupManagement] INFO  server.RaftServer$Division (RaftServerImpl.java:<init>(254)) - 0506bfaa-e0bf-41a1-ae8b-a3d5b458913d: new RaftServerImpl for group-2EAE137D939C:[5164dc07-7390-4e62-85ea-fa0d5359a577|127.0.0.1:15145, 2dd66384-ce76-40f1-abb4-2732924b3f06|127.0.0.1:15136, 0506bfaa-e0bf-41a1-ae8b-a3d5b458913d|127.0.0.1:15127] with ContainerStateMachine:uninitialized
2024-10-28 08:10:52,180 [0506bfaa-e0bf-41a1-ae8b-a3d5b458913d-groupManagement] INFO  server.RaftServerConfigKeys (ConfUtils.java:logGet(46)) - raft.server.rpc.timeout.min = 5s (custom)
2024-10-28 08:10:52,180 [0506bfaa-e0bf-41a1-ae8b-a3d5b458913d-groupManagement] INFO  server.RaftServerConfigKeys (ConfUtils.java:logGet(46)) - raft.server.rpc.timeout.max = 5200ms (custom)
2024-10-28 08:10:52,180 [0506bfaa-e0bf-41a1-ae8b-a3d5b458913d-groupManagement] INFO  server.RaftServerConfigKeys (ConfUtils.java:logGet(46)) - raft.server.rpc.sleep.time = 25ms (default)
2024-10-28 08:10:52,180 [0506bfaa-e0bf-41a1-ae8b-a3d5b458913d-groupManagement] INFO  server.RaftServerConfigKeys (ConfUtils.java:logGet(46)) - raft.server.rpc.slowness.timeout = 300s (custom)
2024-10-28 08:10:52,180 [0506bfaa-e0bf-41a1-ae8b-a3d5b458913d-groupManagement] INFO  server.RaftServerConfigKeys (ConfUtils.java:logGet(46)) - raft.server.leaderelection.leader.step-down.wait-time = 10s (default)
2024-10-28 08:10:52,180 [0506bfaa-e0bf-41a1-ae8b-a3d5b458913d-groupManagement] INFO  server.RaftServerConfigKeys (ConfUtils.java:logGet(46)) - raft.server.leaderelection.member.majority-add = false (default)
2024-10-28 08:10:52,180 [0506bfaa-e0bf-41a1-ae8b-a3d5b458913d-groupManagement] INFO  server.RaftServerConfigKeys (ConfUtils.java:logGet(46)) - raft.server.sleep.deviation.threshold = 300ms (default)
2024-10-28 08:10:52,181 [0506bfaa-e0bf-41a1-ae8b-a3d5b458913d-groupManagement] INFO  server.RaftServer$Division (ServerState.java:<init>(114)) - 0506bfaa-e0bf-41a1-ae8b-a3d5b458913d@group-2EAE137D939C: ConfigurationManager, init=conf: {index: -1, cur=peers:[5164dc07-7390-4e62-85ea-fa0d5359a577|127.0.0.1:15145, 2dd66384-ce76-40f1-abb4-2732924b3f06|127.0.0.1:15136, 0506bfaa-e0bf-41a1-ae8b-a3d5b458913d|127.0.0.1:15127]|listeners:[], old=null}, confs=<EMPTY_MAP>
2024-10-28 08:10:52,181 [0506bfaa-e0bf-41a1-ae8b-a3d5b458913d-groupManagement] INFO  server.RaftServerConfigKeys (ConfUtils.java:logGet(46)) - raft.server.notification.no-leader.timeout = 300s (custom)
2024-10-28 08:10:52,181 [0506bfaa-e0bf-41a1-ae8b-a3d5b458913d-groupManagement] INFO  server.RaftServerConfigKeys (ConfUtils.java:logGet(46)) - raft.server.read.timeout = 10s (default)
2024-10-28 08:10:52,181 [0506bfaa-e0bf-41a1-ae8b-a3d5b458913d-groupManagement] INFO  server.RaftServerConfigKeys (ConfUtils.java:logGet(46)) - raft.server.retrycache.expirytime = 600000ms (custom)
2024-10-28 08:10:52,181 [0506bfaa-e0bf-41a1-ae8b-a3d5b458913d-groupManagement] INFO  server.RaftServerConfigKeys (ConfUtils.java:logGet(46)) - raft.server.retrycache.statistics.expirytime = 100ms (default)
2024-10-28 08:10:52,181 [0506bfaa-e0bf-41a1-ae8b-a3d5b458913d-groupManagement] INFO  server.RaftServerConfigKeys (ConfUtils.java:logGet(46)) - raft.server.read.option = DEFAULT (default)
2024-10-28 08:10:52,181 [0506bfaa-e0bf-41a1-ae8b-a3d5b458913d-groupManagement] INFO  server.RaftServerConfigKeys (ConfUtils.java:logGet(46)) - raft.server.read.read-after-write-consistent.write-index-cache.expiry-time = 60s (default)
2024-10-28 08:10:52,185 [0506bfaa-e0bf-41a1-ae8b-a3d5b458913d-groupManagement] INFO  server.RaftServerConfigKeys (ConfUtils.java:logGet(46)) - raft.server.rpc.request.timeout = 60s (custom)
2024-10-28 08:10:52,185 [0506bfaa-e0bf-41a1-ae8b-a3d5b458913d-groupManagement] INFO  server.RaftServerConfigKeys (ConfUtils.java:logGet(46)) - raft.server.log.appender.install.snapshot.enabled = false (custom)
2024-10-28 08:10:52,185 [0506bfaa-e0bf-41a1-ae8b-a3d5b458913d-groupManagement] INFO  server.RaftServerConfigKeys (ConfUtils.java:logGet(46)) - raft.server.threadpool.server.cached = true (default)
2024-10-28 08:10:52,185 [0506bfaa-e0bf-41a1-ae8b-a3d5b458913d-groupManagement] INFO  server.RaftServerConfigKeys (ConfUtils.java:logGet(46)) - raft.server.threadpool.server.size = 0 (default)
2024-10-28 08:10:52,185 [0506bfaa-e0bf-41a1-ae8b-a3d5b458913d-groupManagement] INFO  server.RaftServerConfigKeys (ConfUtils.java:logGet(46)) - raft.server.threadpool.client.cached = true (default)
2024-10-28 08:10:52,186 [0506bfaa-e0bf-41a1-ae8b-a3d5b458913d-groupManagement] INFO  server.RaftServerConfigKeys (ConfUtils.java:logGet(46)) - raft.server.threadpool.client.size = 0 (default)
2024-10-28 08:10:52,186 [0506bfaa-e0bf-41a1-ae8b-a3d5b458913d-groupManagement] INFO  server.RaftServerConfigKeys (ConfUtils.java:logGet(46)) - raft.server.storage.free-space.min = 0MB (=0) (default)
2024-10-28 08:10:52,186 [0506bfaa-e0bf-41a1-ae8b-a3d5b458913d-groupManagement] INFO  server.RaftServerConfigKeys (ConfUtils.java:logGet(46)) - raft.server.log.corruption.policy = EXCEPTION (default)
2024-10-28 08:10:52,186 [0506bfaa-e0bf-41a1-ae8b-a3d5b458913d-groupManagement] INFO  server.RaftServerConfigKeys (ConfUtils.java:logGet(46)) - raft.server.storage.dir = [/home/runner/work/ozone/ozone/hadoop-ozone/integration-test/target/test-dir/MiniOzoneClusterImpl-0da7ab08-e378-40bf-aed1-312ccc1152ed/ozone-meta/datanode-1/ratis] (custom)
2024-10-28 08:10:52,186 [0506bfaa-e0bf-41a1-ae8b-a3d5b458913d-groupManagement] INFO  storage.RaftStorageDirectory (RaftStorageDirectoryImpl.java:analyzeStorage(138)) - The storage directory /home/runner/work/ozone/ozone/hadoop-ozone/integration-test/target/test-dir/MiniOzoneClusterImpl-0da7ab08-e378-40bf-aed1-312ccc1152ed/ozone-meta/datanode-1/ratis/e3918b99-e00f-4486-a814-2eae137d939c does not exist. Creating ...
2024-10-28 08:10:52,187 [0506bfaa-e0bf-41a1-ae8b-a3d5b458913d-groupManagement] INFO  storage.RaftStorageDirectory (RaftStorageDirectoryImpl.java:tryLock(229)) - Lock on /home/runner/work/ozone/ozone/hadoop-ozone/integration-test/target/test-dir/MiniOzoneClusterImpl-0da7ab08-e378-40bf-aed1-312ccc1152ed/ozone-meta/datanode-1/ratis/e3918b99-e00f-4486-a814-2eae137d939c/in_use.lock acquired by nodename 9135@fv-az886-152
2024-10-28 08:10:52,189 [0506bfaa-e0bf-41a1-ae8b-a3d5b458913d-groupManagement] INFO  storage.RaftStorage (RaftStorageImpl.java:format(98)) - Storage directory /home/runner/work/ozone/ozone/hadoop-ozone/integration-test/target/test-dir/MiniOzoneClusterImpl-0da7ab08-e378-40bf-aed1-312ccc1152ed/ozone-meta/datanode-1/ratis/e3918b99-e00f-4486-a814-2eae137d939c has been successfully formatted.
2024-10-28 08:10:52,189 [0506bfaa-e0bf-41a1-ae8b-a3d5b458913d-groupManagement] INFO  ratis.ContainerStateMachine (ContainerStateMachine.java:initialize(285)) - 0506bfaa-e0bf-41a1-ae8b-a3d5b458913d: initialize group-2EAE137D939C
2024-10-28 08:10:52,189 [0506bfaa-e0bf-41a1-ae8b-a3d5b458913d-groupManagement] INFO  ratis.ContainerStateMachine (ContainerStateMachine.java:loadSnapshot(293)) - group-2EAE137D939C: The snapshot info is null. Setting the last applied index to:(t:0, i:~)
2024-10-28 08:10:52,189 [0506bfaa-e0bf-41a1-ae8b-a3d5b458913d-groupManagement] INFO  server.RaftServerConfigKeys (ConfUtils.java:logGet(46)) - raft.server.log.use.memory = false (default)
2024-10-28 08:10:52,190 [0506bfaa-e0bf-41a1-ae8b-a3d5b458913d-groupManagement] INFO  server.RaftServerConfigKeys (ConfUtils.java:logGet(46)) - raft.server.log.purge.gap = 1000000 (custom)
2024-10-28 08:10:52,190 [0506bfaa-e0bf-41a1-ae8b-a3d5b458913d-groupManagement] INFO  server.RaftServerConfigKeys (ConfUtils.java:logGet(46)) - raft.server.log.appender.buffer.byte-limit = 33554432 (custom)
2024-10-28 08:10:52,190 [0506bfaa-e0bf-41a1-ae8b-a3d5b458913d-groupManagement] INFO  server.RaftServerConfigKeys (ConfUtils.java:logGet(46)) - raft.server.log.statemachine.data.read.timeout = 1000ms (default)
2024-10-28 08:10:52,190 [0506bfaa-e0bf-41a1-ae8b-a3d5b458913d-groupManagement] INFO  server.RaftServerConfigKeys (ConfUtils.java:logGet(46)) - raft.server.log.purge.preservation.log.num = 0 (default)
2024-10-28 08:10:52,191 [scmNode-1-EventQueue-OpenPipelineForHealthyPipelineSafeModeRule] INFO  safemode.SCMSafeModeManager (HealthyPipelineSafeModeRule.java:process(140)) - SCM in safe mode. Healthy pipelines reported count is 0, required healthy pipeline reported count is 1
2024-10-28 08:10:52,191 [0506bfaa-e0bf-41a1-ae8b-a3d5b458913d-groupManagement] INFO  server.RaftServerConfigKeys (ConfUtils.java:logGet(46)) - raft.server.log.segment.size.max = 67108864 (custom)
2024-10-28 08:10:52,192 [0506bfaa-e0bf-41a1-ae8b-a3d5b458913d-groupManagement] INFO  server.RaftServerConfigKeys (ConfUtils.java:logGet(46)) - raft.server.log.segment.cache.num.max = 2 (custom)
2024-10-28 08:10:52,192 [0506bfaa-e0bf-41a1-ae8b-a3d5b458913d-groupManagement] INFO  server.RaftServerConfigKeys (ConfUtils.java:logGet(46)) - raft.server.log.segment.cache.size.max = 200MB (=209715200) (default)
2024-10-28 08:10:52,192 [0506bfaa-e0bf-41a1-ae8b-a3d5b458913d-groupManagement] INFO  server.RaftServerConfigKeys (ConfUtils.java:logGet(46)) - raft.server.log.appender.buffer.byte-limit = 33554432 (custom)
2024-10-28 08:10:52,200 [scmNode-3-EventQueue-OpenPipelineForHealthyPipelineSafeModeRule] INFO  safemode.SCMSafeModeManager (HealthyPipelineSafeModeRule.java:process(140)) - SCM in safe mode. Healthy pipelines reported count is 0, required healthy pipeline reported count is 1
2024-10-28 08:10:52,200 [scmNode-2-EventQueue-OpenPipelineForHealthyPipelineSafeModeRule] INFO  safemode.SCMSafeModeManager (HealthyPipelineSafeModeRule.java:process(140)) - SCM in safe mode. Healthy pipelines reported count is 0, required healthy pipeline reported count is 1
2024-10-28 08:10:52,200 [0506bfaa-e0bf-41a1-ae8b-a3d5b458913d-groupManagement] INFO  util.AwaitToRun (AwaitToRun.java:start(81)) - Thread[0506bfaa-e0bf-41a1-ae8b-a3d5b458913d@group-2EAE137D939C-cacheEviction-AwaitToRun,5,main] started
2024-10-28 08:10:52,200 [0506bfaa-e0bf-41a1-ae8b-a3d5b458913d-groupManagement] INFO  segmented.SegmentedRaftLogWorker (SegmentedRaftLogWorker.java:<init>(187)) - new 0506bfaa-e0bf-41a1-ae8b-a3d5b458913d@group-2EAE137D939C-SegmentedRaftLogWorker for RaftStorageImpl:Storage Directory /home/runner/work/ozone/ozone/hadoop-ozone/integration-test/target/test-dir/MiniOzoneClusterImpl-0da7ab08-e378-40bf-aed1-312ccc1152ed/ozone-meta/datanode-1/ratis/e3918b99-e00f-4486-a814-2eae137d939c
2024-10-28 08:10:52,201 [0506bfaa-e0bf-41a1-ae8b-a3d5b458913d-groupManagement] INFO  server.RaftServerConfigKeys (ConfUtils.java:logGet(46)) - raft.server.log.queue.byte-limit = 4294967296 (custom)
2024-10-28 08:10:52,201 [0506bfaa-e0bf-41a1-ae8b-a3d5b458913d-groupManagement] INFO  server.RaftServerConfigKeys (ConfUtils.java:logGet(46)) - raft.server.log.queue.element-limit = 1024 (custom)
2024-10-28 08:10:52,201 [0506bfaa-e0bf-41a1-ae8b-a3d5b458913d-groupManagement] INFO  server.RaftServerConfigKeys (ConfUtils.java:logGet(46)) - raft.server.log.segment.size.max = 67108864 (custom)
2024-10-28 08:10:52,201 [0506bfaa-e0bf-41a1-ae8b-a3d5b458913d-groupManagement] INFO  server.RaftServerConfigKeys (ConfUtils.java:logGet(46)) - raft.server.log.preallocated.size = 4194304 (custom)
2024-10-28 08:10:52,201 [0506bfaa-e0bf-41a1-ae8b-a3d5b458913d-groupManagement] INFO  server.RaftServerConfigKeys (ConfUtils.java:logGet(46)) - raft.server.log.force.sync.num = 128 (default)
2024-10-28 08:10:52,201 [0506bfaa-e0bf-41a1-ae8b-a3d5b458913d-groupManagement] INFO  server.RaftServerConfigKeys (ConfUtils.java:logGet(46)) - raft.server.log.statemachine.data.sync = true (default)
2024-10-28 08:10:52,201 [0506bfaa-e0bf-41a1-ae8b-a3d5b458913d-groupManagement] INFO  server.RaftServerConfigKeys (ConfUtils.java:logGet(46)) - raft.server.log.statemachine.data.sync.timeout = 10s (default)
2024-10-28 08:10:52,201 [0506bfaa-e0bf-41a1-ae8b-a3d5b458913d-groupManagement] INFO  server.RaftServerConfigKeys (ConfUtils.java:logGet(46)) - raft.server.log.statemachine.data.sync.timeout.retry = 30 (custom)
2024-10-28 08:10:52,201 [0506bfaa-e0bf-41a1-ae8b-a3d5b458913d-groupManagement] INFO  server.RaftServerConfigKeys (ConfUtils.java:logGet(46)) - raft.server.log.write.buffer.size = 33554440 (custom)
2024-10-28 08:10:52,207 [0506bfaa-e0bf-41a1-ae8b-a3d5b458913d-groupManagement] INFO  server.RaftServerConfigKeys (ConfUtils.java:logGet(46)) - raft.server.log.appender.buffer.byte-limit = 33554432 (custom)
2024-10-28 08:10:52,207 [0506bfaa-e0bf-41a1-ae8b-a3d5b458913d-groupManagement] INFO  server.RaftServerConfigKeys (ConfUtils.java:logGet(46)) - raft.server.log.unsafe-flush.enabled = false (default)
2024-10-28 08:10:52,207 [0506bfaa-e0bf-41a1-ae8b-a3d5b458913d-groupManagement] INFO  server.RaftServerConfigKeys (ConfUtils.java:logGet(46)) - raft.server.log.async-flush.enabled = false (default)
2024-10-28 08:10:52,207 [0506bfaa-e0bf-41a1-ae8b-a3d5b458913d-groupManagement] INFO  server.RaftServerConfigKeys (ConfUtils.java:logGet(46)) - raft.server.log.statemachine.data.caching.enabled = true (custom)
2024-10-28 08:10:52,207 [0506bfaa-e0bf-41a1-ae8b-a3d5b458913d-groupManagement] INFO  segmented.SegmentedRaftLogWorker (SegmentedRaftLogWorker.java:lambda$new$0(138)) - 0506bfaa-e0bf-41a1-ae8b-a3d5b458913d@group-2EAE137D939C-SegmentedRaftLogWorker: flushIndex: setUnconditionally 0 -> -1
2024-10-28 08:10:52,207 [0506bfaa-e0bf-41a1-ae8b-a3d5b458913d-groupManagement] INFO  segmented.SegmentedRaftLogWorker (SegmentedRaftLogWorker.java:lambda$new$0(138)) - 0506bfaa-e0bf-41a1-ae8b-a3d5b458913d@group-2EAE137D939C-SegmentedRaftLogWorker: safeCacheEvictIndex: setUnconditionally 0 -> -1
2024-10-28 08:10:52,207 [0506bfaa-e0bf-41a1-ae8b-a3d5b458913d-groupManagement] INFO  server.RaftServer$Division (RaftServerImpl.java:start(390)) - 0506bfaa-e0bf-41a1-ae8b-a3d5b458913d@group-2EAE137D939C: start as a follower, conf=conf: {index: -1, cur=peers:[5164dc07-7390-4e62-85ea-fa0d5359a577|127.0.0.1:15145, 2dd66384-ce76-40f1-abb4-2732924b3f06|127.0.0.1:15136, 0506bfaa-e0bf-41a1-ae8b-a3d5b458913d|127.0.0.1:15127]|listeners:[], old=null}
2024-10-28 08:10:52,208 [0506bfaa-e0bf-41a1-ae8b-a3d5b458913d-groupManagement] INFO  server.RaftServer$Division (RaftServerImpl.java:setRole(377)) - 0506bfaa-e0bf-41a1-ae8b-a3d5b458913d@group-2EAE137D939C: changes role from      null to FOLLOWER at term 0 for startAsFollower
2024-10-28 08:10:52,208 [0506bfaa-e0bf-41a1-ae8b-a3d5b458913d-groupManagement] INFO  impl.RoleInfo (RoleInfo.java:updateAndGet(148)) - 0506bfaa-e0bf-41a1-ae8b-a3d5b458913d: start 0506bfaa-e0bf-41a1-ae8b-a3d5b458913d@group-2EAE137D939C-FollowerState
2024-10-28 08:10:52,208 [0506bfaa-e0bf-41a1-ae8b-a3d5b458913d@group-2EAE137D939C-FollowerState] INFO  server.RaftServerConfigKeys (ConfUtils.java:logFallback(53)) - raft.server.rpc.first-election.timeout.min = 5s (fallback to raft.server.rpc.timeout.min)
2024-10-28 08:10:52,208 [0506bfaa-e0bf-41a1-ae8b-a3d5b458913d@group-2EAE137D939C-FollowerState] INFO  server.RaftServerConfigKeys (ConfUtils.java:logFallback(53)) - raft.server.rpc.first-election.timeout.max = 5200ms (fallback to raft.server.rpc.timeout.max)
2024-10-28 08:10:52,208 [0506bfaa-e0bf-41a1-ae8b-a3d5b458913d-groupManagement] INFO  util.JmxRegister (JmxRegister.java:tryRegister(44)) - Successfully registered JMX Bean with object name Ratis:service=RaftServer,group=group-2EAE137D939C,id=0506bfaa-e0bf-41a1-ae8b-a3d5b458913d
2024-10-28 08:10:52,208 [0506bfaa-e0bf-41a1-ae8b-a3d5b458913d-groupManagement] INFO  util.JmxRegister (JmxRegister.java:register(58)) - register mxBean class org.apache.ratis.server.impl.RaftServerJmxAdapter as Ratis:service=RaftServer,group=group-2EAE137D939C,id=0506bfaa-e0bf-41a1-ae8b-a3d5b458913d
2024-10-28 08:10:52,208 [0506bfaa-e0bf-41a1-ae8b-a3d5b458913d-groupManagement] INFO  server.RaftServerConfigKeys (ConfUtils.java:logGet(46)) - raft.server.snapshot.trigger-when-stop.enabled = true (default)
2024-10-28 08:10:52,208 [0506bfaa-e0bf-41a1-ae8b-a3d5b458913d-groupManagement] INFO  server.RaftServerConfigKeys (ConfUtils.java:logGet(46)) - raft.server.snapshot.trigger-when-remove.enabled = true (default)
2024-10-28 08:10:52,209 [0506bfaa-e0bf-41a1-ae8b-a3d5b458913d-groupManagement] INFO  server.RaftServerConfigKeys (ConfUtils.java:logGet(46)) - raft.server.snapshot.auto.trigger.enabled = true (custom)
2024-10-28 08:10:52,209 [0506bfaa-e0bf-41a1-ae8b-a3d5b458913d-groupManagement] INFO  server.RaftServerConfigKeys (ConfUtils.java:logGet(46)) - raft.server.snapshot.auto.trigger.threshold = 10000 (custom)
2024-10-28 08:10:52,209 [0506bfaa-e0bf-41a1-ae8b-a3d5b458913d-groupManagement] INFO  server.RaftServerConfigKeys (ConfUtils.java:logGet(46)) - raft.server.snapshot.retention.file.num = 5 (custom)
2024-10-28 08:10:52,209 [0506bfaa-e0bf-41a1-ae8b-a3d5b458913d-groupManagement] INFO  server.RaftServerConfigKeys (ConfUtils.java:logGet(46)) - raft.server.log.purge.upto.snapshot.index = false (default)
2024-10-28 08:10:52,210 [0506bfaa-e0bf-41a1-ae8b-a3d5b458913d-PipelineCommandHandlerThread-0] INFO  ratis.XceiverServerRatis (XceiverServerRatis.java:addGroup(844)) - Created group PipelineID=e3918b99-e00f-4486-a814-2eae137d939c
2024-10-28 08:10:52,216 [grpc-default-executor-2] INFO  server.RaftServer (RaftServerProxy.java:addNew(100)) - 5164dc07-7390-4e62-85ea-fa0d5359a577: addNew group-2EAE137D939C:[5164dc07-7390-4e62-85ea-fa0d5359a577|127.0.0.1:15145, 2dd66384-ce76-40f1-abb4-2732924b3f06|127.0.0.1:15136, 0506bfaa-e0bf-41a1-ae8b-a3d5b458913d|127.0.0.1:15127] returns group-2EAE137D939C:java.util.concurrent.CompletableFuture@5095f38a[Not completed]
2024-10-28 08:10:52,217 [5164dc07-7390-4e62-85ea-fa0d5359a577-groupManagement] INFO  server.RaftServer$Division (RaftServerImpl.java:<init>(254)) - 5164dc07-7390-4e62-85ea-fa0d5359a577: new RaftServerImpl for group-2EAE137D939C:[5164dc07-7390-4e62-85ea-fa0d5359a577|127.0.0.1:15145, 2dd66384-ce76-40f1-abb4-2732924b3f06|127.0.0.1:15136, 0506bfaa-e0bf-41a1-ae8b-a3d5b458913d|127.0.0.1:15127] with ContainerStateMachine:uninitialized
2024-10-28 08:10:52,217 [5164dc07-7390-4e62-85ea-fa0d5359a577-groupManagement] INFO  server.RaftServerConfigKeys (ConfUtils.java:logGet(46)) - raft.server.rpc.timeout.min = 5s (custom)
2024-10-28 08:10:52,217 [5164dc07-7390-4e62-85ea-fa0d5359a577-groupManagement] INFO  server.RaftServerConfigKeys (ConfUtils.java:logGet(46)) - raft.server.rpc.timeout.max = 5200ms (custom)
2024-10-28 08:10:52,217 [5164dc07-7390-4e62-85ea-fa0d5359a577-groupManagement] INFO  server.RaftServerConfigKeys (ConfUtils.java:logGet(46)) - raft.server.rpc.sleep.time = 25ms (default)
2024-10-28 08:10:52,217 [5164dc07-7390-4e62-85ea-fa0d5359a577-groupManagement] INFO  server.RaftServerConfigKeys (ConfUtils.java:logGet(46)) - raft.server.rpc.slowness.timeout = 300s (custom)
2024-10-28 08:10:52,217 [5164dc07-7390-4e62-85ea-fa0d5359a577-groupManagement] INFO  server.RaftServerConfigKeys (ConfUtils.java:logGet(46)) - raft.server.leaderelection.leader.step-down.wait-time = 10s (default)
2024-10-28 08:10:52,217 [5164dc07-7390-4e62-85ea-fa0d5359a577-groupManagement] INFO  server.RaftServerConfigKeys (ConfUtils.java:logGet(46)) - raft.server.leaderelection.member.majority-add = false (default)
2024-10-28 08:10:52,217 [5164dc07-7390-4e62-85ea-fa0d5359a577-groupManagement] INFO  server.RaftServerConfigKeys (ConfUtils.java:logGet(46)) - raft.server.sleep.deviation.threshold = 300ms (default)
2024-10-28 08:10:52,217 [5164dc07-7390-4e62-85ea-fa0d5359a577-groupManagement] INFO  server.RaftServer$Division (ServerState.java:<init>(114)) - 5164dc07-7390-4e62-85ea-fa0d5359a577@group-2EAE137D939C: ConfigurationManager, init=conf: {index: -1, cur=peers:[5164dc07-7390-4e62-85ea-fa0d5359a577|127.0.0.1:15145, 2dd66384-ce76-40f1-abb4-2732924b3f06|127.0.0.1:15136, 0506bfaa-e0bf-41a1-ae8b-a3d5b458913d|127.0.0.1:15127]|listeners:[], old=null}, confs=<EMPTY_MAP>
2024-10-28 08:10:52,217 [5164dc07-7390-4e62-85ea-fa0d5359a577-groupManagement] INFO  server.RaftServerConfigKeys (ConfUtils.java:logGet(46)) - raft.server.notification.no-leader.timeout = 300s (custom)
2024-10-28 08:10:52,217 [5164dc07-7390-4e62-85ea-fa0d5359a577-groupManagement] INFO  server.RaftServerConfigKeys (ConfUtils.java:logGet(46)) - raft.server.read.timeout = 10s (default)
2024-10-28 08:10:52,217 [5164dc07-7390-4e62-85ea-fa0d5359a577-groupManagement] INFO  server.RaftServerConfigKeys (ConfUtils.java:logGet(46)) - raft.server.retrycache.expirytime = 600000ms (custom)
2024-10-28 08:10:52,218 [5164dc07-7390-4e62-85ea-fa0d5359a577-groupManagement] INFO  server.RaftServerConfigKeys (ConfUtils.java:logGet(46)) - raft.server.retrycache.statistics.expirytime = 100ms (default)
2024-10-28 08:10:52,218 [5164dc07-7390-4e62-85ea-fa0d5359a577-groupManagement] INFO  server.RaftServerConfigKeys (ConfUtils.java:logGet(46)) - raft.server.read.option = DEFAULT (default)
2024-10-28 08:10:52,218 [5164dc07-7390-4e62-85ea-fa0d5359a577-groupManagement] INFO  server.RaftServerConfigKeys (ConfUtils.java:logGet(46)) - raft.server.read.read-after-write-consistent.write-index-cache.expiry-time = 60s (default)
2024-10-28 08:10:52,221 [5164dc07-7390-4e62-85ea-fa0d5359a577-groupManagement] INFO  server.RaftServerConfigKeys (ConfUtils.java:logGet(46)) - raft.server.rpc.request.timeout = 60s (custom)
2024-10-28 08:10:52,221 [5164dc07-7390-4e62-85ea-fa0d5359a577-groupManagement] INFO  server.RaftServerConfigKeys (ConfUtils.java:logGet(46)) - raft.server.log.appender.install.snapshot.enabled = false (custom)
2024-10-28 08:10:52,221 [5164dc07-7390-4e62-85ea-fa0d5359a577-groupManagement] INFO  server.RaftServerConfigKeys (ConfUtils.java:logGet(46)) - raft.server.threadpool.server.cached = true (default)
2024-10-28 08:10:52,221 [5164dc07-7390-4e62-85ea-fa0d5359a577-groupManagement] INFO  server.RaftServerConfigKeys (ConfUtils.java:logGet(46)) - raft.server.threadpool.server.size = 0 (default)
2024-10-28 08:10:52,221 [5164dc07-7390-4e62-85ea-fa0d5359a577-groupManagement] INFO  server.RaftServerConfigKeys (ConfUtils.java:logGet(46)) - raft.server.threadpool.client.cached = true (default)
2024-10-28 08:10:52,221 [5164dc07-7390-4e62-85ea-fa0d5359a577-groupManagement] INFO  server.RaftServerConfigKeys (ConfUtils.java:logGet(46)) - raft.server.threadpool.client.size = 0 (default)
2024-10-28 08:10:52,221 [5164dc07-7390-4e62-85ea-fa0d5359a577-groupManagement] INFO  server.RaftServerConfigKeys (ConfUtils.java:logGet(46)) - raft.server.storage.free-space.min = 0MB (=0) (default)
2024-10-28 08:10:52,221 [5164dc07-7390-4e62-85ea-fa0d5359a577-groupManagement] INFO  server.RaftServerConfigKeys (ConfUtils.java:logGet(46)) - raft.server.log.corruption.policy = EXCEPTION (default)
2024-10-28 08:10:52,221 [5164dc07-7390-4e62-85ea-fa0d5359a577-groupManagement] INFO  server.RaftServerConfigKeys (ConfUtils.java:logGet(46)) - raft.server.storage.dir = [/home/runner/work/ozone/ozone/hadoop-ozone/integration-test/target/test-dir/MiniOzoneClusterImpl-0da7ab08-e378-40bf-aed1-312ccc1152ed/ozone-meta/datanode-3/ratis] (custom)
2024-10-28 08:10:52,221 [5164dc07-7390-4e62-85ea-fa0d5359a577-groupManagement] INFO  storage.RaftStorageDirectory (RaftStorageDirectoryImpl.java:analyzeStorage(138)) - The storage directory /home/runner/work/ozone/ozone/hadoop-ozone/integration-test/target/test-dir/MiniOzoneClusterImpl-0da7ab08-e378-40bf-aed1-312ccc1152ed/ozone-meta/datanode-3/ratis/e3918b99-e00f-4486-a814-2eae137d939c does not exist. Creating ...
2024-10-28 08:10:52,223 [5164dc07-7390-4e62-85ea-fa0d5359a577-groupManagement] INFO  storage.RaftStorageDirectory (RaftStorageDirectoryImpl.java:tryLock(229)) - Lock on /home/runner/work/ozone/ozone/hadoop-ozone/integration-test/target/test-dir/MiniOzoneClusterImpl-0da7ab08-e378-40bf-aed1-312ccc1152ed/ozone-meta/datanode-3/ratis/e3918b99-e00f-4486-a814-2eae137d939c/in_use.lock acquired by nodename 9135@fv-az886-152
2024-10-28 08:10:52,224 [5164dc07-7390-4e62-85ea-fa0d5359a577-groupManagement] INFO  storage.RaftStorage (RaftStorageImpl.java:format(98)) - Storage directory /home/runner/work/ozone/ozone/hadoop-ozone/integration-test/target/test-dir/MiniOzoneClusterImpl-0da7ab08-e378-40bf-aed1-312ccc1152ed/ozone-meta/datanode-3/ratis/e3918b99-e00f-4486-a814-2eae137d939c has been successfully formatted.
2024-10-28 08:10:52,225 [5164dc07-7390-4e62-85ea-fa0d5359a577-groupManagement] INFO  ratis.ContainerStateMachine (ContainerStateMachine.java:initialize(285)) - 5164dc07-7390-4e62-85ea-fa0d5359a577: initialize group-2EAE137D939C
2024-10-28 08:10:52,225 [5164dc07-7390-4e62-85ea-fa0d5359a577-groupManagement] INFO  ratis.ContainerStateMachine (ContainerStateMachine.java:loadSnapshot(293)) - group-2EAE137D939C: The snapshot info is null. Setting the last applied index to:(t:0, i:~)
2024-10-28 08:10:52,225 [5164dc07-7390-4e62-85ea-fa0d5359a577-groupManagement] INFO  server.RaftServerConfigKeys (ConfUtils.java:logGet(46)) - raft.server.log.use.memory = false (default)
2024-10-28 08:10:52,225 [5164dc07-7390-4e62-85ea-fa0d5359a577-groupManagement] INFO  server.RaftServerConfigKeys (ConfUtils.java:logGet(46)) - raft.server.log.purge.gap = 1000000 (custom)
2024-10-28 08:10:52,225 [5164dc07-7390-4e62-85ea-fa0d5359a577-groupManagement] INFO  server.RaftServerConfigKeys (ConfUtils.java:logGet(46)) - raft.server.log.appender.buffer.byte-limit = 33554432 (custom)
2024-10-28 08:10:52,226 [5164dc07-7390-4e62-85ea-fa0d5359a577-groupManagement] INFO  server.RaftServerConfigKeys (ConfUtils.java:logGet(46)) - raft.server.log.statemachine.data.read.timeout = 1000ms (default)
2024-10-28 08:10:52,226 [5164dc07-7390-4e62-85ea-fa0d5359a577-groupManagement] INFO  server.RaftServerConfigKeys (ConfUtils.java:logGet(46)) - raft.server.log.purge.preservation.log.num = 0 (default)
2024-10-28 08:10:52,228 [5164dc07-7390-4e62-85ea-fa0d5359a577-groupManagement] INFO  server.RaftServerConfigKeys (ConfUtils.java:logGet(46)) - raft.server.log.segment.size.max = 67108864 (custom)
2024-10-28 08:10:52,228 [5164dc07-7390-4e62-85ea-fa0d5359a577-groupManagement] INFO  server.RaftServerConfigKeys (ConfUtils.java:logGet(46)) - raft.server.log.segment.cache.num.max = 2 (custom)
2024-10-28 08:10:52,228 [5164dc07-7390-4e62-85ea-fa0d5359a577-groupManagement] INFO  server.RaftServerConfigKeys (ConfUtils.java:logGet(46)) - raft.server.log.segment.cache.size.max = 200MB (=209715200) (default)
2024-10-28 08:10:52,228 [5164dc07-7390-4e62-85ea-fa0d5359a577-groupManagement] INFO  server.RaftServerConfigKeys (ConfUtils.java:logGet(46)) - raft.server.log.appender.buffer.byte-limit = 33554432 (custom)
2024-10-28 08:10:52,229 [5164dc07-7390-4e62-85ea-fa0d5359a577-groupManagement] INFO  util.AwaitToRun (AwaitToRun.java:start(81)) - Thread[5164dc07-7390-4e62-85ea-fa0d5359a577@group-2EAE137D939C-cacheEviction-AwaitToRun,5,main] started
2024-10-28 08:10:52,229 [5164dc07-7390-4e62-85ea-fa0d5359a577-groupManagement] INFO  segmented.SegmentedRaftLogWorker (SegmentedRaftLogWorker.java:<init>(187)) - new 5164dc07-7390-4e62-85ea-fa0d5359a577@group-2EAE137D939C-SegmentedRaftLogWorker for RaftStorageImpl:Storage Directory /home/runner/work/ozone/ozone/hadoop-ozone/integration-test/target/test-dir/MiniOzoneClusterImpl-0da7ab08-e378-40bf-aed1-312ccc1152ed/ozone-meta/datanode-3/ratis/e3918b99-e00f-4486-a814-2eae137d939c
2024-10-28 08:10:52,229 [5164dc07-7390-4e62-85ea-fa0d5359a577-groupManagement] INFO  server.RaftServerConfigKeys (ConfUtils.java:logGet(46)) - raft.server.log.queue.byte-limit = 4294967296 (custom)
2024-10-28 08:10:52,229 [5164dc07-7390-4e62-85ea-fa0d5359a577-groupManagement] INFO  server.RaftServerConfigKeys (ConfUtils.java:logGet(46)) - raft.server.log.queue.element-limit = 1024 (custom)
2024-10-28 08:10:52,229 [5164dc07-7390-4e62-85ea-fa0d5359a577-groupManagement] INFO  server.RaftServerConfigKeys (ConfUtils.java:logGet(46)) - raft.server.log.segment.size.max = 67108864 (custom)
2024-10-28 08:10:52,229 [5164dc07-7390-4e62-85ea-fa0d5359a577-groupManagement] INFO  server.RaftServerConfigKeys (ConfUtils.java:logGet(46)) - raft.server.log.preallocated.size = 4194304 (custom)
2024-10-28 08:10:52,230 [5164dc07-7390-4e62-85ea-fa0d5359a577-groupManagement] INFO  server.RaftServerConfigKeys (ConfUtils.java:logGet(46)) - raft.server.log.force.sync.num = 128 (default)
2024-10-28 08:10:52,230 [5164dc07-7390-4e62-85ea-fa0d5359a577-groupManagement] INFO  server.RaftServerConfigKeys (ConfUtils.java:logGet(46)) - raft.server.log.statemachine.data.sync = true (default)
2024-10-28 08:10:52,230 [5164dc07-7390-4e62-85ea-fa0d5359a577-groupManagement] INFO  server.RaftServerConfigKeys (ConfUtils.java:logGet(46)) - raft.server.log.statemachine.data.sync.timeout = 10s (default)
2024-10-28 08:10:52,230 [5164dc07-7390-4e62-85ea-fa0d5359a577-groupManagement] INFO  server.RaftServerConfigKeys (ConfUtils.java:logGet(46)) - raft.server.log.statemachine.data.sync.timeout.retry = 30 (custom)
2024-10-28 08:10:52,230 [5164dc07-7390-4e62-85ea-fa0d5359a577-groupManagement] INFO  server.RaftServerConfigKeys (ConfUtils.java:logGet(46)) - raft.server.log.write.buffer.size = 33554440 (custom)
2024-10-28 08:10:52,235 [5164dc07-7390-4e62-85ea-fa0d5359a577-groupManagement] INFO  server.RaftServerConfigKeys (ConfUtils.java:logGet(46)) - raft.server.log.appender.buffer.byte-limit = 33554432 (custom)
2024-10-28 08:10:52,235 [5164dc07-7390-4e62-85ea-fa0d5359a577-groupManagement] INFO  server.RaftServerConfigKeys (ConfUtils.java:logGet(46)) - raft.server.log.unsafe-flush.enabled = false (default)
2024-10-28 08:10:52,235 [5164dc07-7390-4e62-85ea-fa0d5359a577-groupManagement] INFO  server.RaftServerConfigKeys (ConfUtils.java:logGet(46)) - raft.server.log.async-flush.enabled = false (default)
2024-10-28 08:10:52,236 [5164dc07-7390-4e62-85ea-fa0d5359a577-groupManagement] INFO  server.RaftServerConfigKeys (ConfUtils.java:logGet(46)) - raft.server.log.statemachine.data.caching.enabled = true (custom)
2024-10-28 08:10:52,236 [5164dc07-7390-4e62-85ea-fa0d5359a577-groupManagement] INFO  segmented.SegmentedRaftLogWorker (SegmentedRaftLogWorker.java:lambda$new$0(138)) - 5164dc07-7390-4e62-85ea-fa0d5359a577@group-2EAE137D939C-SegmentedRaftLogWorker: flushIndex: setUnconditionally 0 -> -1
2024-10-28 08:10:52,236 [5164dc07-7390-4e62-85ea-fa0d5359a577-groupManagement] INFO  segmented.SegmentedRaftLogWorker (SegmentedRaftLogWorker.java:lambda$new$0(138)) - 5164dc07-7390-4e62-85ea-fa0d5359a577@group-2EAE137D939C-SegmentedRaftLogWorker: safeCacheEvictIndex: setUnconditionally 0 -> -1
2024-10-28 08:10:52,237 [5164dc07-7390-4e62-85ea-fa0d5359a577-groupManagement] INFO  server.RaftServer$Division (RaftServerImpl.java:start(390)) - 5164dc07-7390-4e62-85ea-fa0d5359a577@group-2EAE137D939C: start as a follower, conf=conf: {index: -1, cur=peers:[5164dc07-7390-4e62-85ea-fa0d5359a577|127.0.0.1:15145, 2dd66384-ce76-40f1-abb4-2732924b3f06|127.0.0.1:15136, 0506bfaa-e0bf-41a1-ae8b-a3d5b458913d|127.0.0.1:15127]|listeners:[], old=null}
2024-10-28 08:10:52,237 [5164dc07-7390-4e62-85ea-fa0d5359a577-groupManagement] INFO  server.RaftServer$Division (RaftServerImpl.java:setRole(377)) - 5164dc07-7390-4e62-85ea-fa0d5359a577@group-2EAE137D939C: changes role from      null to FOLLOWER at term 0 for startAsFollower
2024-10-28 08:10:52,237 [5164dc07-7390-4e62-85ea-fa0d5359a577-groupManagement] INFO  impl.RoleInfo (RoleInfo.java:updateAndGet(148)) - 5164dc07-7390-4e62-85ea-fa0d5359a577: start 5164dc07-7390-4e62-85ea-fa0d5359a577@group-2EAE137D939C-FollowerState
2024-10-28 08:10:52,237 [5164dc07-7390-4e62-85ea-fa0d5359a577@group-2EAE137D939C-FollowerState] INFO  server.RaftServerConfigKeys (ConfUtils.java:logFallback(53)) - raft.server.rpc.first-election.timeout.min = 5s (fallback to raft.server.rpc.timeout.min)
2024-10-28 08:10:52,237 [5164dc07-7390-4e62-85ea-fa0d5359a577@group-2EAE137D939C-FollowerState] INFO  server.RaftServerConfigKeys (ConfUtils.java:logFallback(53)) - raft.server.rpc.first-election.timeout.max = 5200ms (fallback to raft.server.rpc.timeout.max)
2024-10-28 08:10:52,237 [5164dc07-7390-4e62-85ea-fa0d5359a577-groupManagement] INFO  util.JmxRegister (JmxRegister.java:tryRegister(44)) - Successfully registered JMX Bean with object name Ratis:service=RaftServer,group=group-2EAE137D939C,id=5164dc07-7390-4e62-85ea-fa0d5359a577
2024-10-28 08:10:52,238 [5164dc07-7390-4e62-85ea-fa0d5359a577-groupManagement] INFO  util.JmxRegister (JmxRegister.java:register(58)) - register mxBean class org.apache.ratis.server.impl.RaftServerJmxAdapter as Ratis:service=RaftServer,group=group-2EAE137D939C,id=5164dc07-7390-4e62-85ea-fa0d5359a577
2024-10-28 08:10:52,238 [5164dc07-7390-4e62-85ea-fa0d5359a577-groupManagement] INFO  server.RaftServerConfigKeys (ConfUtils.java:logGet(46)) - raft.server.snapshot.trigger-when-stop.enabled = true (default)
2024-10-28 08:10:52,238 [5164dc07-7390-4e62-85ea-fa0d5359a577-groupManagement] INFO  server.RaftServerConfigKeys (ConfUtils.java:logGet(46)) - raft.server.snapshot.trigger-when-remove.enabled = true (default)
2024-10-28 08:10:52,238 [5164dc07-7390-4e62-85ea-fa0d5359a577-groupManagement] INFO  server.RaftServerConfigKeys (ConfUtils.java:logGet(46)) - raft.server.snapshot.auto.trigger.enabled = true (custom)
2024-10-28 08:10:52,238 [5164dc07-7390-4e62-85ea-fa0d5359a577-groupManagement] INFO  server.RaftServerConfigKeys (ConfUtils.java:logGet(46)) - raft.server.snapshot.auto.trigger.threshold = 10000 (custom)
2024-10-28 08:10:52,238 [5164dc07-7390-4e62-85ea-fa0d5359a577-groupManagement] INFO  server.RaftServerConfigKeys (ConfUtils.java:logGet(46)) - raft.server.snapshot.retention.file.num = 5 (custom)
2024-10-28 08:10:52,238 [5164dc07-7390-4e62-85ea-fa0d5359a577-groupManagement] INFO  server.RaftServerConfigKeys (ConfUtils.java:logGet(46)) - raft.server.log.purge.upto.snapshot.index = false (default)
2024-10-28 08:10:52,246 [grpc-default-executor-2] INFO  server.RaftServer (RaftServerProxy.java:addNew(100)) - 2dd66384-ce76-40f1-abb4-2732924b3f06: addNew group-2EAE137D939C:[5164dc07-7390-4e62-85ea-fa0d5359a577|127.0.0.1:15145, 2dd66384-ce76-40f1-abb4-2732924b3f06|127.0.0.1:15136, 0506bfaa-e0bf-41a1-ae8b-a3d5b458913d|127.0.0.1:15127] returns group-2EAE137D939C:java.util.concurrent.CompletableFuture@707f9d74[Not completed]
2024-10-28 08:10:52,247 [2dd66384-ce76-40f1-abb4-2732924b3f06-groupManagement] INFO  server.RaftServer$Division (RaftServerImpl.java:<init>(254)) - 2dd66384-ce76-40f1-abb4-2732924b3f06: new RaftServerImpl for group-2EAE137D939C:[5164dc07-7390-4e62-85ea-fa0d5359a577|127.0.0.1:15145, 2dd66384-ce76-40f1-abb4-2732924b3f06|127.0.0.1:15136, 0506bfaa-e0bf-41a1-ae8b-a3d5b458913d|127.0.0.1:15127] with ContainerStateMachine:uninitialized
2024-10-28 08:10:52,247 [2dd66384-ce76-40f1-abb4-2732924b3f06-groupManagement] INFO  server.RaftServerConfigKeys (ConfUtils.java:logGet(46)) - raft.server.rpc.timeout.min = 5s (custom)
2024-10-28 08:10:52,247 [2dd66384-ce76-40f1-abb4-2732924b3f06-groupManagement] INFO  server.RaftServerConfigKeys (ConfUtils.java:logGet(46)) - raft.server.rpc.timeout.max = 5200ms (custom)
2024-10-28 08:10:52,247 [2dd66384-ce76-40f1-abb4-2732924b3f06-groupManagement] INFO  server.RaftServerConfigKeys (ConfUtils.java:logGet(46)) - raft.server.rpc.sleep.time = 25ms (default)
2024-10-28 08:10:52,247 [2dd66384-ce76-40f1-abb4-2732924b3f06-groupManagement] INFO  server.RaftServerConfigKeys (ConfUtils.java:logGet(46)) - raft.server.rpc.slowness.timeout = 300s (custom)
2024-10-28 08:10:52,247 [2dd66384-ce76-40f1-abb4-2732924b3f06-groupManagement] INFO  server.RaftServerConfigKeys (ConfUtils.java:logGet(46)) - raft.server.leaderelection.leader.step-down.wait-time = 10s (default)
2024-10-28 08:10:52,247 [2dd66384-ce76-40f1-abb4-2732924b3f06-groupManagement] INFO  server.RaftServerConfigKeys (ConfUtils.java:logGet(46)) - raft.server.leaderelection.member.majority-add = false (default)
2024-10-28 08:10:52,247 [2dd66384-ce76-40f1-abb4-2732924b3f06-groupManagement] INFO  server.RaftServerConfigKeys (ConfUtils.java:logGet(46)) - raft.server.sleep.deviation.threshold = 300ms (default)
2024-10-28 08:10:52,247 [2dd66384-ce76-40f1-abb4-2732924b3f06-groupManagement] INFO  server.RaftServer$Division (ServerState.java:<init>(114)) - 2dd66384-ce76-40f1-abb4-2732924b3f06@group-2EAE137D939C: ConfigurationManager, init=conf: {index: -1, cur=peers:[5164dc07-7390-4e62-85ea-fa0d5359a577|127.0.0.1:15145, 2dd66384-ce76-40f1-abb4-2732924b3f06|127.0.0.1:15136, 0506bfaa-e0bf-41a1-ae8b-a3d5b458913d|127.0.0.1:15127]|listeners:[], old=null}, confs=<EMPTY_MAP>
2024-10-28 08:10:52,247 [2dd66384-ce76-40f1-abb4-2732924b3f06-groupManagement] INFO  server.RaftServerConfigKeys (ConfUtils.java:logGet(46)) - raft.server.notification.no-leader.timeout = 300s (custom)
2024-10-28 08:10:52,248 [2dd66384-ce76-40f1-abb4-2732924b3f06-groupManagement] INFO  server.RaftServerConfigKeys (ConfUtils.java:logGet(46)) - raft.server.read.timeout = 10s (default)
2024-10-28 08:10:52,248 [2dd66384-ce76-40f1-abb4-2732924b3f06-groupManagement] INFO  server.RaftServerConfigKeys (ConfUtils.java:logGet(46)) - raft.server.retrycache.expirytime = 600000ms (custom)
2024-10-28 08:10:52,248 [2dd66384-ce76-40f1-abb4-2732924b3f06-groupManagement] INFO  server.RaftServerConfigKeys (ConfUtils.java:logGet(46)) - raft.server.retrycache.statistics.expirytime = 100ms (default)
2024-10-28 08:10:52,248 [2dd66384-ce76-40f1-abb4-2732924b3f06-groupManagement] INFO  server.RaftServerConfigKeys (ConfUtils.java:logGet(46)) - raft.server.read.option = DEFAULT (default)
2024-10-28 08:10:52,248 [2dd66384-ce76-40f1-abb4-2732924b3f06-groupManagement] INFO  server.RaftServerConfigKeys (ConfUtils.java:logGet(46)) - raft.server.read.read-after-write-consistent.write-index-cache.expiry-time = 60s (default)
2024-10-28 08:10:52,252 [2dd66384-ce76-40f1-abb4-2732924b3f06-groupManagement] INFO  server.RaftServerConfigKeys (ConfUtils.java:logGet(46)) - raft.server.rpc.request.timeout = 60s (custom)
2024-10-28 08:10:52,252 [2dd66384-ce76-40f1-abb4-2732924b3f06-groupManagement] INFO  server.RaftServerConfigKeys (ConfUtils.java:logGet(46)) - raft.server.log.appender.install.snapshot.enabled = false (custom)
2024-10-28 08:10:52,252 [2dd66384-ce76-40f1-abb4-2732924b3f06-groupManagement] INFO  server.RaftServerConfigKeys (ConfUtils.java:logGet(46)) - raft.server.threadpool.server.cached = true (default)
2024-10-28 08:10:52,252 [2dd66384-ce76-40f1-abb4-2732924b3f06-groupManagement] INFO  server.RaftServerConfigKeys (ConfUtils.java:logGet(46)) - raft.server.threadpool.server.size = 0 (default)
2024-10-28 08:10:52,252 [2dd66384-ce76-40f1-abb4-2732924b3f06-groupManagement] INFO  server.RaftServerConfigKeys (ConfUtils.java:logGet(46)) - raft.server.threadpool.client.cached = true (default)
2024-10-28 08:10:52,252 [2dd66384-ce76-40f1-abb4-2732924b3f06-groupManagement] INFO  server.RaftServerConfigKeys (ConfUtils.java:logGet(46)) - raft.server.threadpool.client.size = 0 (default)
2024-10-28 08:10:52,252 [2dd66384-ce76-40f1-abb4-2732924b3f06-groupManagement] INFO  server.RaftServerConfigKeys (ConfUtils.java:logGet(46)) - raft.server.storage.free-space.min = 0MB (=0) (default)
2024-10-28 08:10:52,252 [2dd66384-ce76-40f1-abb4-2732924b3f06-groupManagement] INFO  server.RaftServerConfigKeys (ConfUtils.java:logGet(46)) - raft.server.log.corruption.policy = EXCEPTION (default)
2024-10-28 08:10:52,252 [2dd66384-ce76-40f1-abb4-2732924b3f06-groupManagement] INFO  server.RaftServerConfigKeys (ConfUtils.java:logGet(46)) - raft.server.storage.dir = [/home/runner/work/ozone/ozone/hadoop-ozone/integration-test/target/test-dir/MiniOzoneClusterImpl-0da7ab08-e378-40bf-aed1-312ccc1152ed/ozone-meta/datanode-2/ratis] (custom)
2024-10-28 08:10:52,252 [2dd66384-ce76-40f1-abb4-2732924b3f06-groupManagement] INFO  storage.RaftStorageDirectory (RaftStorageDirectoryImpl.java:analyzeStorage(138)) - The storage directory /home/runner/work/ozone/ozone/hadoop-ozone/integration-test/target/test-dir/MiniOzoneClusterImpl-0da7ab08-e378-40bf-aed1-312ccc1152ed/ozone-meta/datanode-2/ratis/e3918b99-e00f-4486-a814-2eae137d939c does not exist. Creating ...
2024-10-28 08:10:52,254 [2dd66384-ce76-40f1-abb4-2732924b3f06-groupManagement] INFO  storage.RaftStorageDirectory (RaftStorageDirectoryImpl.java:tryLock(229)) - Lock on /home/runner/work/ozone/ozone/hadoop-ozone/integration-test/target/test-dir/MiniOzoneClusterImpl-0da7ab08-e378-40bf-aed1-312ccc1152ed/ozone-meta/datanode-2/ratis/e3918b99-e00f-4486-a814-2eae137d939c/in_use.lock acquired by nodename 9135@fv-az886-152
2024-10-28 08:10:52,255 [2dd66384-ce76-40f1-abb4-2732924b3f06-groupManagement] INFO  storage.RaftStorage (RaftStorageImpl.java:format(98)) - Storage directory /home/runner/work/ozone/ozone/hadoop-ozone/integration-test/target/test-dir/MiniOzoneClusterImpl-0da7ab08-e378-40bf-aed1-312ccc1152ed/ozone-meta/datanode-2/ratis/e3918b99-e00f-4486-a814-2eae137d939c has been successfully formatted.
2024-10-28 08:10:52,255 [2dd66384-ce76-40f1-abb4-2732924b3f06-groupManagement] INFO  ratis.ContainerStateMachine (ContainerStateMachine.java:initialize(285)) - 2dd66384-ce76-40f1-abb4-2732924b3f06: initialize group-2EAE137D939C
2024-10-28 08:10:52,256 [2dd66384-ce76-40f1-abb4-2732924b3f06-groupManagement] INFO  ratis.ContainerStateMachine (ContainerStateMachine.java:loadSnapshot(293)) - group-2EAE137D939C: The snapshot info is null. Setting the last applied index to:(t:0, i:~)
2024-10-28 08:10:52,256 [2dd66384-ce76-40f1-abb4-2732924b3f06-groupManagement] INFO  server.RaftServerConfigKeys (ConfUtils.java:logGet(46)) - raft.server.log.use.memory = false (default)
2024-10-28 08:10:52,256 [2dd66384-ce76-40f1-abb4-2732924b3f06-groupManagement] INFO  server.RaftServerConfigKeys (ConfUtils.java:logGet(46)) - raft.server.log.purge.gap = 1000000 (custom)
2024-10-28 08:10:52,256 [2dd66384-ce76-40f1-abb4-2732924b3f06-groupManagement] INFO  server.RaftServerConfigKeys (ConfUtils.java:logGet(46)) - raft.server.log.appender.buffer.byte-limit = 33554432 (custom)
2024-10-28 08:10:52,256 [2dd66384-ce76-40f1-abb4-2732924b3f06-groupManagement] INFO  server.RaftServerConfigKeys (ConfUtils.java:logGet(46)) - raft.server.log.statemachine.data.read.timeout = 1000ms (default)
2024-10-28 08:10:52,256 [2dd66384-ce76-40f1-abb4-2732924b3f06-groupManagement] INFO  server.RaftServerConfigKeys (ConfUtils.java:logGet(46)) - raft.server.log.purge.preservation.log.num = 0 (default)
2024-10-28 08:10:52,258 [2dd66384-ce76-40f1-abb4-2732924b3f06-groupManagement] INFO  server.RaftServerConfigKeys (ConfUtils.java:logGet(46)) - raft.server.log.segment.size.max = 67108864 (custom)
2024-10-28 08:10:52,258 [2dd66384-ce76-40f1-abb4-2732924b3f06-groupManagement] INFO  server.RaftServerConfigKeys (ConfUtils.java:logGet(46)) - raft.server.log.segment.cache.num.max = 2 (custom)
2024-10-28 08:10:52,258 [2dd66384-ce76-40f1-abb4-2732924b3f06-groupManagement] INFO  server.RaftServerConfigKeys (ConfUtils.java:logGet(46)) - raft.server.log.segment.cache.size.max = 200MB (=209715200) (default)
2024-10-28 08:10:52,258 [2dd66384-ce76-40f1-abb4-2732924b3f06-groupManagement] INFO  server.RaftServerConfigKeys (ConfUtils.java:logGet(46)) - raft.server.log.appender.buffer.byte-limit = 33554432 (custom)
2024-10-28 08:10:52,258 [2dd66384-ce76-40f1-abb4-2732924b3f06-groupManagement] INFO  util.AwaitToRun (AwaitToRun.java:start(81)) - Thread[2dd66384-ce76-40f1-abb4-2732924b3f06@group-2EAE137D939C-cacheEviction-AwaitToRun,5,main] started
2024-10-28 08:10:52,258 [2dd66384-ce76-40f1-abb4-2732924b3f06-groupManagement] INFO  segmented.SegmentedRaftLogWorker (SegmentedRaftLogWorker.java:<init>(187)) - new 2dd66384-ce76-40f1-abb4-2732924b3f06@group-2EAE137D939C-SegmentedRaftLogWorker for RaftStorageImpl:Storage Directory /home/runner/work/ozone/ozone/hadoop-ozone/integration-test/target/test-dir/MiniOzoneClusterImpl-0da7ab08-e378-40bf-aed1-312ccc1152ed/ozone-meta/datanode-2/ratis/e3918b99-e00f-4486-a814-2eae137d939c
2024-10-28 08:10:52,259 [2dd66384-ce76-40f1-abb4-2732924b3f06-groupManagement] INFO  server.RaftServerConfigKeys (ConfUtils.java:logGet(46)) - raft.server.log.queue.byte-limit = 4294967296 (custom)
2024-10-28 08:10:52,259 [2dd66384-ce76-40f1-abb4-2732924b3f06-groupManagement] INFO  server.RaftServerConfigKeys (ConfUtils.java:logGet(46)) - raft.server.log.queue.element-limit = 1024 (custom)
2024-10-28 08:10:52,259 [2dd66384-ce76-40f1-abb4-2732924b3f06-groupManagement] INFO  server.RaftServerConfigKeys (ConfUtils.java:logGet(46)) - raft.server.log.segment.size.max = 67108864 (custom)
2024-10-28 08:10:52,259 [2dd66384-ce76-40f1-abb4-2732924b3f06-groupManagement] INFO  server.RaftServerConfigKeys (ConfUtils.java:logGet(46)) - raft.server.log.preallocated.size = 4194304 (custom)
2024-10-28 08:10:52,259 [2dd66384-ce76-40f1-abb4-2732924b3f06-groupManagement] INFO  server.RaftServerConfigKeys (ConfUtils.java:logGet(46)) - raft.server.log.force.sync.num = 128 (default)
2024-10-28 08:10:52,259 [2dd66384-ce76-40f1-abb4-2732924b3f06-groupManagement] INFO  server.RaftServerConfigKeys (ConfUtils.java:logGet(46)) - raft.server.log.statemachine.data.sync = true (default)
2024-10-28 08:10:52,259 [2dd66384-ce76-40f1-abb4-2732924b3f06-groupManagement] INFO  server.RaftServerConfigKeys (ConfUtils.java:logGet(46)) - raft.server.log.statemachine.data.sync.timeout = 10s (default)
2024-10-28 08:10:52,259 [2dd66384-ce76-40f1-abb4-2732924b3f06-groupManagement] INFO  server.RaftServerConfigKeys (ConfUtils.java:logGet(46)) - raft.server.log.statemachine.data.sync.timeout.retry = 30 (custom)
2024-10-28 08:10:52,259 [2dd66384-ce76-40f1-abb4-2732924b3f06-groupManagement] INFO  server.RaftServerConfigKeys (ConfUtils.java:logGet(46)) - raft.server.log.write.buffer.size = 33554440 (custom)
2024-10-28 08:10:52,264 [2dd66384-ce76-40f1-abb4-2732924b3f06-groupManagement] INFO  server.RaftServerConfigKeys (ConfUtils.java:logGet(46)) - raft.server.log.appender.buffer.byte-limit = 33554432 (custom)
2024-10-28 08:10:52,264 [2dd66384-ce76-40f1-abb4-2732924b3f06-groupManagement] INFO  server.RaftServerConfigKeys (ConfUtils.java:logGet(46)) - raft.server.log.unsafe-flush.enabled = false (default)
2024-10-28 08:10:52,264 [2dd66384-ce76-40f1-abb4-2732924b3f06-groupManagement] INFO  server.RaftServerConfigKeys (ConfUtils.java:logGet(46)) - raft.server.log.async-flush.enabled = false (default)
2024-10-28 08:10:52,264 [2dd66384-ce76-40f1-abb4-2732924b3f06-groupManagement] INFO  server.RaftServerConfigKeys (ConfUtils.java:logGet(46)) - raft.server.log.statemachine.data.caching.enabled = true (custom)
2024-10-28 08:10:52,265 [2dd66384-ce76-40f1-abb4-2732924b3f06-groupManagement] INFO  segmented.SegmentedRaftLogWorker (SegmentedRaftLogWorker.java:lambda$new$0(138)) - 2dd66384-ce76-40f1-abb4-2732924b3f06@group-2EAE137D939C-SegmentedRaftLogWorker: flushIndex: setUnconditionally 0 -> -1
2024-10-28 08:10:52,265 [2dd66384-ce76-40f1-abb4-2732924b3f06-groupManagement] INFO  segmented.SegmentedRaftLogWorker (SegmentedRaftLogWorker.java:lambda$new$0(138)) - 2dd66384-ce76-40f1-abb4-2732924b3f06@group-2EAE137D939C-SegmentedRaftLogWorker: safeCacheEvictIndex: setUnconditionally 0 -> -1
2024-10-28 08:10:52,265 [2dd66384-ce76-40f1-abb4-2732924b3f06-groupManagement] INFO  server.RaftServer$Division (RaftServerImpl.java:start(390)) - 2dd66384-ce76-40f1-abb4-2732924b3f06@group-2EAE137D939C: start as a follower, conf=conf: {index: -1, cur=peers:[5164dc07-7390-4e62-85ea-fa0d5359a577|127.0.0.1:15145, 2dd66384-ce76-40f1-abb4-2732924b3f06|127.0.0.1:15136, 0506bfaa-e0bf-41a1-ae8b-a3d5b458913d|127.0.0.1:15127]|listeners:[], old=null}
2024-10-28 08:10:52,265 [2dd66384-ce76-40f1-abb4-2732924b3f06-groupManagement] INFO  server.RaftServer$Division (RaftServerImpl.java:setRole(377)) - 2dd66384-ce76-40f1-abb4-2732924b3f06@group-2EAE137D939C: changes role from      null to FOLLOWER at term 0 for startAsFollower
2024-10-28 08:10:52,265 [2dd66384-ce76-40f1-abb4-2732924b3f06-groupManagement] INFO  impl.RoleInfo (RoleInfo.java:updateAndGet(148)) - 2dd66384-ce76-40f1-abb4-2732924b3f06: start 2dd66384-ce76-40f1-abb4-2732924b3f06@group-2EAE137D939C-FollowerState
2024-10-28 08:10:52,266 [2dd66384-ce76-40f1-abb4-2732924b3f06@group-2EAE137D939C-FollowerState] INFO  server.RaftServerConfigKeys (ConfUtils.java:logFallback(53)) - raft.server.rpc.first-election.timeout.min = 5s (fallback to raft.server.rpc.timeout.min)
2024-10-28 08:10:52,266 [2dd66384-ce76-40f1-abb4-2732924b3f06@group-2EAE137D939C-FollowerState] INFO  server.RaftServerConfigKeys (ConfUtils.java:logFallback(53)) - raft.server.rpc.first-election.timeout.max = 5200ms (fallback to raft.server.rpc.timeout.max)
2024-10-28 08:10:52,266 [2dd66384-ce76-40f1-abb4-2732924b3f06-groupManagement] INFO  util.JmxRegister (JmxRegister.java:tryRegister(44)) - Successfully registered JMX Bean with object name Ratis:service=RaftServer,group=group-2EAE137D939C,id=2dd66384-ce76-40f1-abb4-2732924b3f06
2024-10-28 08:10:52,266 [2dd66384-ce76-40f1-abb4-2732924b3f06-groupManagement] INFO  util.JmxRegister (JmxRegister.java:register(58)) - register mxBean class org.apache.ratis.server.impl.RaftServerJmxAdapter as Ratis:service=RaftServer,group=group-2EAE137D939C,id=2dd66384-ce76-40f1-abb4-2732924b3f06
2024-10-28 08:10:52,266 [2dd66384-ce76-40f1-abb4-2732924b3f06-groupManagement] INFO  server.RaftServerConfigKeys (ConfUtils.java:logGet(46)) - raft.server.snapshot.trigger-when-stop.enabled = true (default)
2024-10-28 08:10:52,266 [2dd66384-ce76-40f1-abb4-2732924b3f06-groupManagement] INFO  server.RaftServerConfigKeys (ConfUtils.java:logGet(46)) - raft.server.snapshot.trigger-when-remove.enabled = true (default)
2024-10-28 08:10:52,266 [2dd66384-ce76-40f1-abb4-2732924b3f06-groupManagement] INFO  server.RaftServerConfigKeys (ConfUtils.java:logGet(46)) - raft.server.snapshot.auto.trigger.enabled = true (custom)
2024-10-28 08:10:52,266 [2dd66384-ce76-40f1-abb4-2732924b3f06-groupManagement] INFO  server.RaftServerConfigKeys (ConfUtils.java:logGet(46)) - raft.server.snapshot.auto.trigger.threshold = 10000 (custom)
2024-10-28 08:10:52,266 [2dd66384-ce76-40f1-abb4-2732924b3f06-groupManagement] INFO  server.RaftServerConfigKeys (ConfUtils.java:logGet(46)) - raft.server.snapshot.retention.file.num = 5 (custom)
2024-10-28 08:10:52,266 [2dd66384-ce76-40f1-abb4-2732924b3f06-groupManagement] INFO  server.RaftServerConfigKeys (ConfUtils.java:logGet(46)) - raft.server.log.purge.upto.snapshot.index = false (default)
2024-10-28 08:10:52,269 [0506bfaa-e0bf-41a1-ae8b-a3d5b458913d-PipelineCommandHandlerThread-0] INFO  commandhandler.CreatePipelineCommandHandler (CreatePipelineCommandHandler.java:lambda$handle$2(129)) - Created Pipeline RATIS THREE PipelineID=e3918b99-e00f-4486-a814-2eae137d939c.
2024-10-28 08:10:52,269 [0506bfaa-e0bf-41a1-ae8b-a3d5b458913d-PipelineCommandHandlerThread-0] INFO  server.RaftServer (RaftServerProxy.java:addNew(100)) - 0506bfaa-e0bf-41a1-ae8b-a3d5b458913d: addNew group-7E49E578F942:[5164dc07-7390-4e62-85ea-fa0d5359a577|127.0.0.1:15145, 2dd66384-ce76-40f1-abb4-2732924b3f06|127.0.0.1:15136, 0506bfaa-e0bf-41a1-ae8b-a3d5b458913d|127.0.0.1:15127] returns group-7E49E578F942:java.util.concurrent.CompletableFuture@8c8693e[Not completed]
2024-10-28 08:10:52,272 [0506bfaa-e0bf-41a1-ae8b-a3d5b458913d-groupManagement] INFO  server.RaftServer$Division (RaftServerImpl.java:<init>(254)) - 0506bfaa-e0bf-41a1-ae8b-a3d5b458913d: new RaftServerImpl for group-7E49E578F942:[5164dc07-7390-4e62-85ea-fa0d5359a577|127.0.0.1:15145, 2dd66384-ce76-40f1-abb4-2732924b3f06|127.0.0.1:15136, 0506bfaa-e0bf-41a1-ae8b-a3d5b458913d|127.0.0.1:15127] with ContainerStateMachine:uninitialized
2024-10-28 08:10:52,272 [0506bfaa-e0bf-41a1-ae8b-a3d5b458913d-groupManagement] INFO  server.RaftServerConfigKeys (ConfUtils.java:logGet(46)) - raft.server.rpc.timeout.min = 5s (custom)
2024-10-28 08:10:52,272 [0506bfaa-e0bf-41a1-ae8b-a3d5b458913d-groupManagement] INFO  server.RaftServerConfigKeys (ConfUtils.java:logGet(46)) - raft.server.rpc.timeout.max = 5200ms (custom)
2024-10-28 08:10:52,272 [0506bfaa-e0bf-41a1-ae8b-a3d5b458913d-groupManagement] INFO  server.RaftServerConfigKeys (ConfUtils.java:logGet(46)) - raft.server.rpc.sleep.time = 25ms (default)
2024-10-28 08:10:52,272 [0506bfaa-e0bf-41a1-ae8b-a3d5b458913d-groupManagement] INFO  server.RaftServerConfigKeys (ConfUtils.java:logGet(46)) - raft.server.rpc.slowness.timeout = 300s (custom)
2024-10-28 08:10:52,272 [0506bfaa-e0bf-41a1-ae8b-a3d5b458913d-groupManagement] INFO  server.RaftServerConfigKeys (ConfUtils.java:logGet(46)) - raft.server.leaderelection.leader.step-down.wait-time = 10s (default)
2024-10-28 08:10:52,272 [0506bfaa-e0bf-41a1-ae8b-a3d5b458913d-groupManagement] INFO  server.RaftServerConfigKeys (ConfUtils.java:logGet(46)) - raft.server.leaderelection.member.majority-add = false (default)
2024-10-28 08:10:52,272 [0506bfaa-e0bf-41a1-ae8b-a3d5b458913d-groupManagement] INFO  server.RaftServerConfigKeys (ConfUtils.java:logGet(46)) - raft.server.sleep.deviation.threshold = 300ms (default)
2024-10-28 08:10:52,272 [0506bfaa-e0bf-41a1-ae8b-a3d5b458913d-groupManagement] INFO  server.RaftServer$Division (ServerState.java:<init>(114)) - 0506bfaa-e0bf-41a1-ae8b-a3d5b458913d@group-7E49E578F942: ConfigurationManager, init=conf: {index: -1, cur=peers:[5164dc07-7390-4e62-85ea-fa0d5359a577|127.0.0.1:15145, 2dd66384-ce76-40f1-abb4-2732924b3f06|127.0.0.1:15136, 0506bfaa-e0bf-41a1-ae8b-a3d5b458913d|127.0.0.1:15127]|listeners:[], old=null}, confs=<EMPTY_MAP>
2024-10-28 08:10:52,272 [0506bfaa-e0bf-41a1-ae8b-a3d5b458913d-groupManagement] INFO  server.RaftServerConfigKeys (ConfUtils.java:logGet(46)) - raft.server.notification.no-leader.timeout = 300s (custom)
2024-10-28 08:10:52,272 [0506bfaa-e0bf-41a1-ae8b-a3d5b458913d-groupManagement] INFO  server.RaftServerConfigKeys (ConfUtils.java:logGet(46)) - raft.server.read.timeout = 10s (default)
2024-10-28 08:10:52,272 [0506bfaa-e0bf-41a1-ae8b-a3d5b458913d-groupManagement] INFO  server.RaftServerConfigKeys (ConfUtils.java:logGet(46)) - raft.server.retrycache.expirytime = 600000ms (custom)
2024-10-28 08:10:52,272 [0506bfaa-e0bf-41a1-ae8b-a3d5b458913d-groupManagement] INFO  server.RaftServerConfigKeys (ConfUtils.java:logGet(46)) - raft.server.retrycache.statistics.expirytime = 100ms (default)
2024-10-28 08:10:52,272 [0506bfaa-e0bf-41a1-ae8b-a3d5b458913d-groupManagement] INFO  server.RaftServerConfigKeys (ConfUtils.java:logGet(46)) - raft.server.read.option = DEFAULT (default)
2024-10-28 08:10:52,272 [0506bfaa-e0bf-41a1-ae8b-a3d5b458913d-groupManagement] INFO  server.RaftServerConfigKeys (ConfUtils.java:logGet(46)) - raft.server.read.read-after-write-consistent.write-index-cache.expiry-time = 60s (default)
2024-10-28 08:10:52,275 [0506bfaa-e0bf-41a1-ae8b-a3d5b458913d-groupManagement] INFO  server.RaftServerConfigKeys (ConfUtils.java:logGet(46)) - raft.server.rpc.request.timeout = 60s (custom)
2024-10-28 08:10:52,275 [0506bfaa-e0bf-41a1-ae8b-a3d5b458913d-groupManagement] INFO  server.RaftServerConfigKeys (ConfUtils.java:logGet(46)) - raft.server.log.appender.install.snapshot.enabled = false (custom)
2024-10-28 08:10:52,275 [0506bfaa-e0bf-41a1-ae8b-a3d5b458913d-groupManagement] INFO  server.RaftServerConfigKeys (ConfUtils.java:logGet(46)) - raft.server.threadpool.server.cached = true (default)
2024-10-28 08:10:52,275 [0506bfaa-e0bf-41a1-ae8b-a3d5b458913d-groupManagement] INFO  server.RaftServerConfigKeys (ConfUtils.java:logGet(46)) - raft.server.threadpool.server.size = 0 (default)
2024-10-28 08:10:52,275 [0506bfaa-e0bf-41a1-ae8b-a3d5b458913d-groupManagement] INFO  server.RaftServerConfigKeys (ConfUtils.java:logGet(46)) - raft.server.threadpool.client.cached = true (default)
2024-10-28 08:10:52,275 [0506bfaa-e0bf-41a1-ae8b-a3d5b458913d-groupManagement] INFO  server.RaftServerConfigKeys (ConfUtils.java:logGet(46)) - raft.server.threadpool.client.size = 0 (default)
2024-10-28 08:10:52,275 [0506bfaa-e0bf-41a1-ae8b-a3d5b458913d-groupManagement] INFO  server.RaftServerConfigKeys (ConfUtils.java:logGet(46)) - raft.server.storage.free-space.min = 0MB (=0) (default)
2024-10-28 08:10:52,275 [0506bfaa-e0bf-41a1-ae8b-a3d5b458913d-groupManagement] INFO  server.RaftServerConfigKeys (ConfUtils.java:logGet(46)) - raft.server.log.corruption.policy = EXCEPTION (default)
2024-10-28 08:10:52,275 [0506bfaa-e0bf-41a1-ae8b-a3d5b458913d-groupManagement] INFO  server.RaftServerConfigKeys (ConfUtils.java:logGet(46)) - raft.server.storage.dir = [/home/runner/work/ozone/ozone/hadoop-ozone/integration-test/target/test-dir/MiniOzoneClusterImpl-0da7ab08-e378-40bf-aed1-312ccc1152ed/ozone-meta/datanode-1/ratis] (custom)
2024-10-28 08:10:52,275 [0506bfaa-e0bf-41a1-ae8b-a3d5b458913d-groupManagement] INFO  storage.RaftStorageDirectory (RaftStorageDirectoryImpl.java:analyzeStorage(138)) - The storage directory /home/runner/work/ozone/ozone/hadoop-ozone/integration-test/target/test-dir/MiniOzoneClusterImpl-0da7ab08-e378-40bf-aed1-312ccc1152ed/ozone-meta/datanode-1/ratis/28892f10-fef2-4f02-9f0c-7e49e578f942 does not exist. Creating ...
2024-10-28 08:10:52,276 [0506bfaa-e0bf-41a1-ae8b-a3d5b458913d-groupManagement] INFO  storage.RaftStorageDirectory (RaftStorageDirectoryImpl.java:tryLock(229)) - Lock on /home/runner/work/ozone/ozone/hadoop-ozone/integration-test/target/test-dir/MiniOzoneClusterImpl-0da7ab08-e378-40bf-aed1-312ccc1152ed/ozone-meta/datanode-1/ratis/28892f10-fef2-4f02-9f0c-7e49e578f942/in_use.lock acquired by nodename 9135@fv-az886-152
2024-10-28 08:10:52,278 [0506bfaa-e0bf-41a1-ae8b-a3d5b458913d-groupManagement] INFO  storage.RaftStorage (RaftStorageImpl.java:format(98)) - Storage directory /home/runner/work/ozone/ozone/hadoop-ozone/integration-test/target/test-dir/MiniOzoneClusterImpl-0da7ab08-e378-40bf-aed1-312ccc1152ed/ozone-meta/datanode-1/ratis/28892f10-fef2-4f02-9f0c-7e49e578f942 has been successfully formatted.
2024-10-28 08:10:52,278 [0506bfaa-e0bf-41a1-ae8b-a3d5b458913d-groupManagement] INFO  ratis.ContainerStateMachine (ContainerStateMachine.java:initialize(285)) - 0506bfaa-e0bf-41a1-ae8b-a3d5b458913d: initialize group-7E49E578F942
2024-10-28 08:10:52,278 [0506bfaa-e0bf-41a1-ae8b-a3d5b458913d-groupManagement] INFO  ratis.ContainerStateMachine (ContainerStateMachine.java:loadSnapshot(293)) - group-7E49E578F942: The snapshot info is null. Setting the last applied index to:(t:0, i:~)
2024-10-28 08:10:52,278 [0506bfaa-e0bf-41a1-ae8b-a3d5b458913d-groupManagement] INFO  server.RaftServerConfigKeys (ConfUtils.java:logGet(46)) - raft.server.log.use.memory = false (default)
2024-10-28 08:10:52,278 [0506bfaa-e0bf-41a1-ae8b-a3d5b458913d-groupManagement] INFO  server.RaftServerConfigKeys (ConfUtils.java:logGet(46)) - raft.server.log.purge.gap = 1000000 (custom)
2024-10-28 08:10:52,278 [0506bfaa-e0bf-41a1-ae8b-a3d5b458913d-groupManagement] INFO  server.RaftServerConfigKeys (ConfUtils.java:logGet(46)) - raft.server.log.appender.buffer.byte-limit = 33554432 (custom)
2024-10-28 08:10:52,279 [0506bfaa-e0bf-41a1-ae8b-a3d5b458913d-groupManagement] INFO  server.RaftServerConfigKeys (ConfUtils.java:logGet(46)) - raft.server.log.statemachine.data.read.timeout = 1000ms (default)
2024-10-28 08:10:52,279 [0506bfaa-e0bf-41a1-ae8b-a3d5b458913d-groupManagement] INFO  server.RaftServerConfigKeys (ConfUtils.java:logGet(46)) - raft.server.log.purge.preservation.log.num = 0 (default)
2024-10-28 08:10:52,280 [0506bfaa-e0bf-41a1-ae8b-a3d5b458913d-groupManagement] INFO  server.RaftServerConfigKeys (ConfUtils.java:logGet(46)) - raft.server.log.segment.size.max = 67108864 (custom)
2024-10-28 08:10:52,281 [0506bfaa-e0bf-41a1-ae8b-a3d5b458913d-groupManagement] INFO  server.RaftServerConfigKeys (ConfUtils.java:logGet(46)) - raft.server.log.segment.cache.num.max = 2 (custom)
2024-10-28 08:10:52,281 [0506bfaa-e0bf-41a1-ae8b-a3d5b458913d-groupManagement] INFO  server.RaftServerConfigKeys (ConfUtils.java:logGet(46)) - raft.server.log.segment.cache.size.max = 200MB (=209715200) (default)
2024-10-28 08:10:52,281 [0506bfaa-e0bf-41a1-ae8b-a3d5b458913d-groupManagement] INFO  server.RaftServerConfigKeys (ConfUtils.java:logGet(46)) - raft.server.log.appender.buffer.byte-limit = 33554432 (custom)
2024-10-28 08:10:52,281 [0506bfaa-e0bf-41a1-ae8b-a3d5b458913d-groupManagement] INFO  util.AwaitToRun (AwaitToRun.java:start(81)) - Thread[0506bfaa-e0bf-41a1-ae8b-a3d5b458913d@group-7E49E578F942-cacheEviction-AwaitToRun,5,main] started
2024-10-28 08:10:52,281 [0506bfaa-e0bf-41a1-ae8b-a3d5b458913d-groupManagement] INFO  segmented.SegmentedRaftLogWorker (SegmentedRaftLogWorker.java:<init>(187)) - new 0506bfaa-e0bf-41a1-ae8b-a3d5b458913d@group-7E49E578F942-SegmentedRaftLogWorker for RaftStorageImpl:Storage Directory /home/runner/work/ozone/ozone/hadoop-ozone/integration-test/target/test-dir/MiniOzoneClusterImpl-0da7ab08-e378-40bf-aed1-312ccc1152ed/ozone-meta/datanode-1/ratis/28892f10-fef2-4f02-9f0c-7e49e578f942
2024-10-28 08:10:52,281 [0506bfaa-e0bf-41a1-ae8b-a3d5b458913d-groupManagement] INFO  server.RaftServerConfigKeys (ConfUtils.java:logGet(46)) - raft.server.log.queue.byte-limit = 4294967296 (custom)
2024-10-28 08:10:52,281 [0506bfaa-e0bf-41a1-ae8b-a3d5b458913d-groupManagement] INFO  server.RaftServerConfigKeys (ConfUtils.java:logGet(46)) - raft.server.log.queue.element-limit = 1024 (custom)
2024-10-28 08:10:52,282 [0506bfaa-e0bf-41a1-ae8b-a3d5b458913d-groupManagement] INFO  server.RaftServerConfigKeys (ConfUtils.java:logGet(46)) - raft.server.log.segment.size.max = 67108864 (custom)
2024-10-28 08:10:52,282 [0506bfaa-e0bf-41a1-ae8b-a3d5b458913d-groupManagement] INFO  server.RaftServerConfigKeys (ConfUtils.java:logGet(46)) - raft.server.log.preallocated.size = 4194304 (custom)
2024-10-28 08:10:52,282 [0506bfaa-e0bf-41a1-ae8b-a3d5b458913d-groupManagement] INFO  server.RaftServerConfigKeys (ConfUtils.java:logGet(46)) - raft.server.log.force.sync.num = 128 (default)
2024-10-28 08:10:52,282 [scmNode-2-EventQueue-OpenPipelineForHealthyPipelineSafeModeRule] INFO  safemode.SCMSafeModeManager (HealthyPipelineSafeModeRule.java:process(140)) - SCM in safe mode. Healthy pipelines reported count is 0, required healthy pipeline reported count is 1
2024-10-28 08:10:52,282 [0506bfaa-e0bf-41a1-ae8b-a3d5b458913d-groupManagement] INFO  server.RaftServerConfigKeys (ConfUtils.java:logGet(46)) - raft.server.log.statemachine.data.sync = true (default)
2024-10-28 08:10:52,282 [0506bfaa-e0bf-41a1-ae8b-a3d5b458913d-groupManagement] INFO  server.RaftServerConfigKeys (ConfUtils.java:logGet(46)) - raft.server.log.statemachine.data.sync.timeout = 10s (default)
2024-10-28 08:10:52,282 [0506bfaa-e0bf-41a1-ae8b-a3d5b458913d-groupManagement] INFO  server.RaftServerConfigKeys (ConfUtils.java:logGet(46)) - raft.server.log.statemachine.data.sync.timeout.retry = 30 (custom)
2024-10-28 08:10:52,282 [scmNode-1-EventQueue-OpenPipelineForHealthyPipelineSafeModeRule] INFO  safemode.SCMSafeModeManager (HealthyPipelineSafeModeRule.java:process(140)) - SCM in safe mode. Healthy pipelines reported count is 0, required healthy pipeline reported count is 1
2024-10-28 08:10:52,282 [scmNode-3-EventQueue-OpenPipelineForHealthyPipelineSafeModeRule] INFO  safemode.SCMSafeModeManager (HealthyPipelineSafeModeRule.java:process(140)) - SCM in safe mode. Healthy pipelines reported count is 0, required healthy pipeline reported count is 1
2024-10-28 08:10:52,282 [0506bfaa-e0bf-41a1-ae8b-a3d5b458913d-groupManagement] INFO  server.RaftServerConfigKeys (ConfUtils.java:logGet(46)) - raft.server.log.write.buffer.size = 33554440 (custom)
2024-10-28 08:10:52,289 [0506bfaa-e0bf-41a1-ae8b-a3d5b458913d-groupManagement] INFO  server.RaftServerConfigKeys (ConfUtils.java:logGet(46)) - raft.server.log.appender.buffer.byte-limit = 33554432 (custom)
2024-10-28 08:10:52,289 [0506bfaa-e0bf-41a1-ae8b-a3d5b458913d-groupManagement] INFO  server.RaftServerConfigKeys (ConfUtils.java:logGet(46)) - raft.server.log.unsafe-flush.enabled = false (default)
2024-10-28 08:10:52,289 [0506bfaa-e0bf-41a1-ae8b-a3d5b458913d-groupManagement] INFO  server.RaftServerConfigKeys (ConfUtils.java:logGet(46)) - raft.server.log.async-flush.enabled = false (default)
2024-10-28 08:10:52,289 [0506bfaa-e0bf-41a1-ae8b-a3d5b458913d-groupManagement] INFO  server.RaftServerConfigKeys (ConfUtils.java:logGet(46)) - raft.server.log.statemachine.data.caching.enabled = true (custom)
2024-10-28 08:10:52,289 [0506bfaa-e0bf-41a1-ae8b-a3d5b458913d-groupManagement] INFO  segmented.SegmentedRaftLogWorker (SegmentedRaftLogWorker.java:lambda$new$0(138)) - 0506bfaa-e0bf-41a1-ae8b-a3d5b458913d@group-7E49E578F942-SegmentedRaftLogWorker: flushIndex: setUnconditionally 0 -> -1
2024-10-28 08:10:52,289 [0506bfaa-e0bf-41a1-ae8b-a3d5b458913d-groupManagement] INFO  segmented.SegmentedRaftLogWorker (SegmentedRaftLogWorker.java:lambda$new$0(138)) - 0506bfaa-e0bf-41a1-ae8b-a3d5b458913d@group-7E49E578F942-SegmentedRaftLogWorker: safeCacheEvictIndex: setUnconditionally 0 -> -1
2024-10-28 08:10:52,290 [0506bfaa-e0bf-41a1-ae8b-a3d5b458913d-groupManagement] INFO  server.RaftServer$Division (RaftServerImpl.java:start(390)) - 0506bfaa-e0bf-41a1-ae8b-a3d5b458913d@group-7E49E578F942: start as a follower, conf=conf: {index: -1, cur=peers:[5164dc07-7390-4e62-85ea-fa0d5359a577|127.0.0.1:15145, 2dd66384-ce76-40f1-abb4-2732924b3f06|127.0.0.1:15136, 0506bfaa-e0bf-41a1-ae8b-a3d5b458913d|127.0.0.1:15127]|listeners:[], old=null}
2024-10-28 08:10:52,290 [0506bfaa-e0bf-41a1-ae8b-a3d5b458913d-groupManagement] INFO  server.RaftServer$Division (RaftServerImpl.java:setRole(377)) - 0506bfaa-e0bf-41a1-ae8b-a3d5b458913d@group-7E49E578F942: changes role from      null to FOLLOWER at term 0 for startAsFollower
2024-10-28 08:10:52,290 [0506bfaa-e0bf-41a1-ae8b-a3d5b458913d-groupManagement] INFO  impl.RoleInfo (RoleInfo.java:updateAndGet(148)) - 0506bfaa-e0bf-41a1-ae8b-a3d5b458913d: start 0506bfaa-e0bf-41a1-ae8b-a3d5b458913d@group-7E49E578F942-FollowerState
2024-10-28 08:10:52,291 [0506bfaa-e0bf-41a1-ae8b-a3d5b458913d@group-7E49E578F942-FollowerState] INFO  server.RaftServerConfigKeys (ConfUtils.java:logFallback(53)) - raft.server.rpc.first-election.timeout.min = 5s (fallback to raft.server.rpc.timeout.min)
2024-10-28 08:10:52,291 [0506bfaa-e0bf-41a1-ae8b-a3d5b458913d-groupManagement] INFO  util.JmxRegister (JmxRegister.java:tryRegister(44)) - Successfully registered JMX Bean with object name Ratis:service=RaftServer,group=group-7E49E578F942,id=0506bfaa-e0bf-41a1-ae8b-a3d5b458913d
2024-10-28 08:10:52,291 [0506bfaa-e0bf-41a1-ae8b-a3d5b458913d-groupManagement] INFO  util.JmxRegister (JmxRegister.java:register(58)) - register mxBean class org.apache.ratis.server.impl.RaftServerJmxAdapter as Ratis:service=RaftServer,group=group-7E49E578F942,id=0506bfaa-e0bf-41a1-ae8b-a3d5b458913d
2024-10-28 08:10:52,291 [0506bfaa-e0bf-41a1-ae8b-a3d5b458913d-groupManagement] INFO  server.RaftServerConfigKeys (ConfUtils.java:logGet(46)) - raft.server.snapshot.trigger-when-stop.enabled = true (default)
2024-10-28 08:10:52,291 [0506bfaa-e0bf-41a1-ae8b-a3d5b458913d-groupManagement] INFO  server.RaftServerConfigKeys (ConfUtils.java:logGet(46)) - raft.server.snapshot.trigger-when-remove.enabled = true (default)
2024-10-28 08:10:52,291 [0506bfaa-e0bf-41a1-ae8b-a3d5b458913d-groupManagement] INFO  server.RaftServerConfigKeys (ConfUtils.java:logGet(46)) - raft.server.snapshot.auto.trigger.enabled = true (custom)
2024-10-28 08:10:52,291 [0506bfaa-e0bf-41a1-ae8b-a3d5b458913d-groupManagement] INFO  server.RaftServerConfigKeys (ConfUtils.java:logGet(46)) - raft.server.snapshot.auto.trigger.threshold = 10000 (custom)
2024-10-28 08:10:52,291 [0506bfaa-e0bf-41a1-ae8b-a3d5b458913d-groupManagement] INFO  server.RaftServerConfigKeys (ConfUtils.java:logGet(46)) - raft.server.snapshot.retention.file.num = 5 (custom)
2024-10-28 08:10:52,291 [0506bfaa-e0bf-41a1-ae8b-a3d5b458913d-groupManagement] INFO  server.RaftServerConfigKeys (ConfUtils.java:logGet(46)) - raft.server.log.purge.upto.snapshot.index = false (default)
2024-10-28 08:10:52,292 [0506bfaa-e0bf-41a1-ae8b-a3d5b458913d-PipelineCommandHandlerThread-0] INFO  ratis.XceiverServerRatis (XceiverServerRatis.java:addGroup(844)) - Created group PipelineID=28892f10-fef2-4f02-9f0c-7e49e578f942
2024-10-28 08:10:52,291 [0506bfaa-e0bf-41a1-ae8b-a3d5b458913d@group-7E49E578F942-FollowerState] INFO  server.RaftServerConfigKeys (ConfUtils.java:logFallback(53)) - raft.server.rpc.first-election.timeout.max = 5200ms (fallback to raft.server.rpc.timeout.max)
2024-10-28 08:10:52,297 [grpc-default-executor-2] INFO  server.RaftServer (RaftServerProxy.java:addNew(100)) - 5164dc07-7390-4e62-85ea-fa0d5359a577: addNew group-7E49E578F942:[5164dc07-7390-4e62-85ea-fa0d5359a577|127.0.0.1:15145, 2dd66384-ce76-40f1-abb4-2732924b3f06|127.0.0.1:15136, 0506bfaa-e0bf-41a1-ae8b-a3d5b458913d|127.0.0.1:15127] returns group-7E49E578F942:java.util.concurrent.CompletableFuture@331176b7[Not completed]
2024-10-28 08:10:52,298 [5164dc07-7390-4e62-85ea-fa0d5359a577-groupManagement] INFO  server.RaftServer$Division (RaftServerImpl.java:<init>(254)) - 5164dc07-7390-4e62-85ea-fa0d5359a577: new RaftServerImpl for group-7E49E578F942:[5164dc07-7390-4e62-85ea-fa0d5359a577|127.0.0.1:15145, 2dd66384-ce76-40f1-abb4-2732924b3f06|127.0.0.1:15136, 0506bfaa-e0bf-41a1-ae8b-a3d5b458913d|127.0.0.1:15127] with ContainerStateMachine:uninitialized
2024-10-28 08:10:52,298 [5164dc07-7390-4e62-85ea-fa0d5359a577-groupManagement] INFO  server.RaftServerConfigKeys (ConfUtils.java:logGet(46)) - raft.server.rpc.timeout.min = 5s (custom)
2024-10-28 08:10:52,298 [5164dc07-7390-4e62-85ea-fa0d5359a577-groupManagement] INFO  server.RaftServerConfigKeys (ConfUtils.java:logGet(46)) - raft.server.rpc.timeout.max = 5200ms (custom)
2024-10-28 08:10:52,298 [5164dc07-7390-4e62-85ea-fa0d5359a577-groupManagement] INFO  server.RaftServerConfigKeys (ConfUtils.java:logGet(46)) - raft.server.rpc.sleep.time = 25ms (default)
2024-10-28 08:10:52,298 [5164dc07-7390-4e62-85ea-fa0d5359a577-groupManagement] INFO  server.RaftServerConfigKeys (ConfUtils.java:logGet(46)) - raft.server.rpc.slowness.timeout = 300s (custom)
2024-10-28 08:10:52,298 [5164dc07-7390-4e62-85ea-fa0d5359a577-groupManagement] INFO  server.RaftServerConfigKeys (ConfUtils.java:logGet(46)) - raft.server.leaderelection.leader.step-down.wait-time = 10s (default)
2024-10-28 08:10:52,298 [5164dc07-7390-4e62-85ea-fa0d5359a577-groupManagement] INFO  server.RaftServerConfigKeys (ConfUtils.java:logGet(46)) - raft.server.leaderelection.member.majority-add = false (default)
2024-10-28 08:10:52,298 [5164dc07-7390-4e62-85ea-fa0d5359a577-groupManagement] INFO  server.RaftServerConfigKeys (ConfUtils.java:logGet(46)) - raft.server.sleep.deviation.threshold = 300ms (default)
2024-10-28 08:10:52,298 [5164dc07-7390-4e62-85ea-fa0d5359a577-groupManagement] INFO  server.RaftServer$Division (ServerState.java:<init>(114)) - 5164dc07-7390-4e62-85ea-fa0d5359a577@group-7E49E578F942: ConfigurationManager, init=conf: {index: -1, cur=peers:[5164dc07-7390-4e62-85ea-fa0d5359a577|127.0.0.1:15145, 2dd66384-ce76-40f1-abb4-2732924b3f06|127.0.0.1:15136, 0506bfaa-e0bf-41a1-ae8b-a3d5b458913d|127.0.0.1:15127]|listeners:[], old=null}, confs=<EMPTY_MAP>
2024-10-28 08:10:52,298 [5164dc07-7390-4e62-85ea-fa0d5359a577-groupManagement] INFO  server.RaftServerConfigKeys (ConfUtils.java:logGet(46)) - raft.server.notification.no-leader.timeout = 300s (custom)
2024-10-28 08:10:52,298 [5164dc07-7390-4e62-85ea-fa0d5359a577-groupManagement] INFO  server.RaftServerConfigKeys (ConfUtils.java:logGet(46)) - raft.server.read.timeout = 10s (default)
2024-10-28 08:10:52,298 [5164dc07-7390-4e62-85ea-fa0d5359a577-groupManagement] INFO  server.RaftServerConfigKeys (ConfUtils.java:logGet(46)) - raft.server.retrycache.expirytime = 600000ms (custom)
2024-10-28 08:10:52,299 [5164dc07-7390-4e62-85ea-fa0d5359a577-groupManagement] INFO  server.RaftServerConfigKeys (ConfUtils.java:logGet(46)) - raft.server.retrycache.statistics.expirytime = 100ms (default)
2024-10-28 08:10:52,299 [5164dc07-7390-4e62-85ea-fa0d5359a577-groupManagement] INFO  server.RaftServerConfigKeys (ConfUtils.java:logGet(46)) - raft.server.read.option = DEFAULT (default)
2024-10-28 08:10:52,299 [5164dc07-7390-4e62-85ea-fa0d5359a577-groupManagement] INFO  server.RaftServerConfigKeys (ConfUtils.java:logGet(46)) - raft.server.read.read-after-write-consistent.write-index-cache.expiry-time = 60s (default)
2024-10-28 08:10:52,302 [5164dc07-7390-4e62-85ea-fa0d5359a577-groupManagement] INFO  server.RaftServerConfigKeys (ConfUtils.java:logGet(46)) - raft.server.rpc.request.timeout = 60s (custom)
2024-10-28 08:10:52,302 [5164dc07-7390-4e62-85ea-fa0d5359a577-groupManagement] INFO  server.RaftServerConfigKeys (ConfUtils.java:logGet(46)) - raft.server.log.appender.install.snapshot.enabled = false (custom)
2024-10-28 08:10:52,302 [5164dc07-7390-4e62-85ea-fa0d5359a577-groupManagement] INFO  server.RaftServerConfigKeys (ConfUtils.java:logGet(46)) - raft.server.threadpool.server.cached = true (default)
2024-10-28 08:10:52,302 [5164dc07-7390-4e62-85ea-fa0d5359a577-groupManagement] INFO  server.RaftServerConfigKeys (ConfUtils.java:logGet(46)) - raft.server.threadpool.server.size = 0 (default)
2024-10-28 08:10:52,302 [5164dc07-7390-4e62-85ea-fa0d5359a577-groupManagement] INFO  server.RaftServerConfigKeys (ConfUtils.java:logGet(46)) - raft.server.threadpool.client.cached = true (default)
2024-10-28 08:10:52,302 [5164dc07-7390-4e62-85ea-fa0d5359a577-groupManagement] INFO  server.RaftServerConfigKeys (ConfUtils.java:logGet(46)) - raft.server.threadpool.client.size = 0 (default)
2024-10-28 08:10:52,302 [5164dc07-7390-4e62-85ea-fa0d5359a577-groupManagement] INFO  server.RaftServerConfigKeys (ConfUtils.java:logGet(46)) - raft.server.storage.free-space.min = 0MB (=0) (default)
2024-10-28 08:10:52,302 [5164dc07-7390-4e62-85ea-fa0d5359a577-groupManagement] INFO  server.RaftServerConfigKeys (ConfUtils.java:logGet(46)) - raft.server.log.corruption.policy = EXCEPTION (default)
2024-10-28 08:10:52,302 [5164dc07-7390-4e62-85ea-fa0d5359a577-groupManagement] INFO  server.RaftServerConfigKeys (ConfUtils.java:logGet(46)) - raft.server.storage.dir = [/home/runner/work/ozone/ozone/hadoop-ozone/integration-test/target/test-dir/MiniOzoneClusterImpl-0da7ab08-e378-40bf-aed1-312ccc1152ed/ozone-meta/datanode-3/ratis] (custom)
2024-10-28 08:10:52,303 [5164dc07-7390-4e62-85ea-fa0d5359a577-groupManagement] INFO  storage.RaftStorageDirectory (RaftStorageDirectoryImpl.java:analyzeStorage(138)) - The storage directory /home/runner/work/ozone/ozone/hadoop-ozone/integration-test/target/test-dir/MiniOzoneClusterImpl-0da7ab08-e378-40bf-aed1-312ccc1152ed/ozone-meta/datanode-3/ratis/28892f10-fef2-4f02-9f0c-7e49e578f942 does not exist. Creating ...
2024-10-28 08:10:52,304 [5164dc07-7390-4e62-85ea-fa0d5359a577-groupManagement] INFO  storage.RaftStorageDirectory (RaftStorageDirectoryImpl.java:tryLock(229)) - Lock on /home/runner/work/ozone/ozone/hadoop-ozone/integration-test/target/test-dir/MiniOzoneClusterImpl-0da7ab08-e378-40bf-aed1-312ccc1152ed/ozone-meta/datanode-3/ratis/28892f10-fef2-4f02-9f0c-7e49e578f942/in_use.lock acquired by nodename 9135@fv-az886-152
2024-10-28 08:10:52,305 [5164dc07-7390-4e62-85ea-fa0d5359a577-groupManagement] INFO  storage.RaftStorage (RaftStorageImpl.java:format(98)) - Storage directory /home/runner/work/ozone/ozone/hadoop-ozone/integration-test/target/test-dir/MiniOzoneClusterImpl-0da7ab08-e378-40bf-aed1-312ccc1152ed/ozone-meta/datanode-3/ratis/28892f10-fef2-4f02-9f0c-7e49e578f942 has been successfully formatted.
2024-10-28 08:10:52,306 [5164dc07-7390-4e62-85ea-fa0d5359a577-groupManagement] INFO  ratis.ContainerStateMachine (ContainerStateMachine.java:initialize(285)) - 5164dc07-7390-4e62-85ea-fa0d5359a577: initialize group-7E49E578F942
2024-10-28 08:10:52,306 [5164dc07-7390-4e62-85ea-fa0d5359a577-groupManagement] INFO  ratis.ContainerStateMachine (ContainerStateMachine.java:loadSnapshot(293)) - group-7E49E578F942: The snapshot info is null. Setting the last applied index to:(t:0, i:~)
2024-10-28 08:10:52,306 [5164dc07-7390-4e62-85ea-fa0d5359a577-groupManagement] INFO  server.RaftServerConfigKeys (ConfUtils.java:logGet(46)) - raft.server.log.use.memory = false (default)
2024-10-28 08:10:52,306 [5164dc07-7390-4e62-85ea-fa0d5359a577-groupManagement] INFO  server.RaftServerConfigKeys (ConfUtils.java:logGet(46)) - raft.server.log.purge.gap = 1000000 (custom)
2024-10-28 08:10:52,306 [5164dc07-7390-4e62-85ea-fa0d5359a577-groupManagement] INFO  server.RaftServerConfigKeys (ConfUtils.java:logGet(46)) - raft.server.log.appender.buffer.byte-limit = 33554432 (custom)
2024-10-28 08:10:52,306 [5164dc07-7390-4e62-85ea-fa0d5359a577-groupManagement] INFO  server.RaftServerConfigKeys (ConfUtils.java:logGet(46)) - raft.server.log.statemachine.data.read.timeout = 1000ms (default)
2024-10-28 08:10:52,306 [5164dc07-7390-4e62-85ea-fa0d5359a577-groupManagement] INFO  server.RaftServerConfigKeys (ConfUtils.java:logGet(46)) - raft.server.log.purge.preservation.log.num = 0 (default)
2024-10-28 08:10:52,308 [5164dc07-7390-4e62-85ea-fa0d5359a577-groupManagement] INFO  server.RaftServerConfigKeys (ConfUtils.java:logGet(46)) - raft.server.log.segment.size.max = 67108864 (custom)
2024-10-28 08:10:52,309 [5164dc07-7390-4e62-85ea-fa0d5359a577-groupManagement] INFO  server.RaftServerConfigKeys (ConfUtils.java:logGet(46)) - raft.server.log.segment.cache.num.max = 2 (custom)
2024-10-28 08:10:52,309 [5164dc07-7390-4e62-85ea-fa0d5359a577-groupManagement] INFO  server.RaftServerConfigKeys (ConfUtils.java:logGet(46)) - raft.server.log.segment.cache.size.max = 200MB (=209715200) (default)
2024-10-28 08:10:52,309 [5164dc07-7390-4e62-85ea-fa0d5359a577-groupManagement] INFO  server.RaftServerConfigKeys (ConfUtils.java:logGet(46)) - raft.server.log.appender.buffer.byte-limit = 33554432 (custom)
2024-10-28 08:10:52,309 [5164dc07-7390-4e62-85ea-fa0d5359a577-groupManagement] INFO  util.AwaitToRun (AwaitToRun.java:start(81)) - Thread[5164dc07-7390-4e62-85ea-fa0d5359a577@group-7E49E578F942-cacheEviction-AwaitToRun,5,main] started
2024-10-28 08:10:52,309 [5164dc07-7390-4e62-85ea-fa0d5359a577-groupManagement] INFO  segmented.SegmentedRaftLogWorker (SegmentedRaftLogWorker.java:<init>(187)) - new 5164dc07-7390-4e62-85ea-fa0d5359a577@group-7E49E578F942-SegmentedRaftLogWorker for RaftStorageImpl:Storage Directory /home/runner/work/ozone/ozone/hadoop-ozone/integration-test/target/test-dir/MiniOzoneClusterImpl-0da7ab08-e378-40bf-aed1-312ccc1152ed/ozone-meta/datanode-3/ratis/28892f10-fef2-4f02-9f0c-7e49e578f942
2024-10-28 08:10:52,309 [5164dc07-7390-4e62-85ea-fa0d5359a577-groupManagement] INFO  server.RaftServerConfigKeys (ConfUtils.java:logGet(46)) - raft.server.log.queue.byte-limit = 4294967296 (custom)
2024-10-28 08:10:52,309 [5164dc07-7390-4e62-85ea-fa0d5359a577-groupManagement] INFO  server.RaftServerConfigKeys (ConfUtils.java:logGet(46)) - raft.server.log.queue.element-limit = 1024 (custom)
2024-10-28 08:10:52,309 [5164dc07-7390-4e62-85ea-fa0d5359a577-groupManagement] INFO  server.RaftServerConfigKeys (ConfUtils.java:logGet(46)) - raft.server.log.segment.size.max = 67108864 (custom)
2024-10-28 08:10:52,309 [5164dc07-7390-4e62-85ea-fa0d5359a577-groupManagement] INFO  server.RaftServerConfigKeys (ConfUtils.java:logGet(46)) - raft.server.log.preallocated.size = 4194304 (custom)
2024-10-28 08:10:52,309 [5164dc07-7390-4e62-85ea-fa0d5359a577-groupManagement] INFO  server.RaftServerConfigKeys (ConfUtils.java:logGet(46)) - raft.server.log.force.sync.num = 128 (default)
2024-10-28 08:10:52,310 [5164dc07-7390-4e62-85ea-fa0d5359a577-groupManagement] INFO  server.RaftServerConfigKeys (ConfUtils.java:logGet(46)) - raft.server.log.statemachine.data.sync = true (default)
2024-10-28 08:10:52,310 [5164dc07-7390-4e62-85ea-fa0d5359a577-groupManagement] INFO  server.RaftServerConfigKeys (ConfUtils.java:logGet(46)) - raft.server.log.statemachine.data.sync.timeout = 10s (default)
2024-10-28 08:10:52,310 [5164dc07-7390-4e62-85ea-fa0d5359a577-groupManagement] INFO  server.RaftServerConfigKeys (ConfUtils.java:logGet(46)) - raft.server.log.statemachine.data.sync.timeout.retry = 30 (custom)
2024-10-28 08:10:52,310 [5164dc07-7390-4e62-85ea-fa0d5359a577-groupManagement] INFO  server.RaftServerConfigKeys (ConfUtils.java:logGet(46)) - raft.server.log.write.buffer.size = 33554440 (custom)
2024-10-28 08:10:52,315 [5164dc07-7390-4e62-85ea-fa0d5359a577-groupManagement] INFO  server.RaftServerConfigKeys (ConfUtils.java:logGet(46)) - raft.server.log.appender.buffer.byte-limit = 33554432 (custom)
2024-10-28 08:10:52,315 [5164dc07-7390-4e62-85ea-fa0d5359a577-groupManagement] INFO  server.RaftServerConfigKeys (ConfUtils.java:logGet(46)) - raft.server.log.unsafe-flush.enabled = false (default)
2024-10-28 08:10:52,315 [5164dc07-7390-4e62-85ea-fa0d5359a577-groupManagement] INFO  server.RaftServerConfigKeys (ConfUtils.java:logGet(46)) - raft.server.log.async-flush.enabled = false (default)
2024-10-28 08:10:52,315 [5164dc07-7390-4e62-85ea-fa0d5359a577-groupManagement] INFO  server.RaftServerConfigKeys (ConfUtils.java:logGet(46)) - raft.server.log.statemachine.data.caching.enabled = true (custom)
2024-10-28 08:10:52,315 [5164dc07-7390-4e62-85ea-fa0d5359a577-groupManagement] INFO  segmented.SegmentedRaftLogWorker (SegmentedRaftLogWorker.java:lambda$new$0(138)) - 5164dc07-7390-4e62-85ea-fa0d5359a577@group-7E49E578F942-SegmentedRaftLogWorker: flushIndex: setUnconditionally 0 -> -1
2024-10-28 08:10:52,315 [5164dc07-7390-4e62-85ea-fa0d5359a577-groupManagement] INFO  segmented.SegmentedRaftLogWorker (SegmentedRaftLogWorker.java:lambda$new$0(138)) - 5164dc07-7390-4e62-85ea-fa0d5359a577@group-7E49E578F942-SegmentedRaftLogWorker: safeCacheEvictIndex: setUnconditionally 0 -> -1
2024-10-28 08:10:52,316 [5164dc07-7390-4e62-85ea-fa0d5359a577-groupManagement] INFO  server.RaftServer$Division (RaftServerImpl.java:start(390)) - 5164dc07-7390-4e62-85ea-fa0d5359a577@group-7E49E578F942: start as a follower, conf=conf: {index: -1, cur=peers:[5164dc07-7390-4e62-85ea-fa0d5359a577|127.0.0.1:15145, 2dd66384-ce76-40f1-abb4-2732924b3f06|127.0.0.1:15136, 0506bfaa-e0bf-41a1-ae8b-a3d5b458913d|127.0.0.1:15127]|listeners:[], old=null}
2024-10-28 08:10:52,316 [5164dc07-7390-4e62-85ea-fa0d5359a577-groupManagement] INFO  server.RaftServer$Division (RaftServerImpl.java:setRole(377)) - 5164dc07-7390-4e62-85ea-fa0d5359a577@group-7E49E578F942: changes role from      null to FOLLOWER at term 0 for startAsFollower
2024-10-28 08:10:52,316 [5164dc07-7390-4e62-85ea-fa0d5359a577-groupManagement] INFO  impl.RoleInfo (RoleInfo.java:updateAndGet(148)) - 5164dc07-7390-4e62-85ea-fa0d5359a577: start 5164dc07-7390-4e62-85ea-fa0d5359a577@group-7E49E578F942-FollowerState
2024-10-28 08:10:52,317 [5164dc07-7390-4e62-85ea-fa0d5359a577-groupManagement] INFO  util.JmxRegister (JmxRegister.java:tryRegister(44)) - Successfully registered JMX Bean with object name Ratis:service=RaftServer,group=group-7E49E578F942,id=5164dc07-7390-4e62-85ea-fa0d5359a577
2024-10-28 08:10:52,317 [5164dc07-7390-4e62-85ea-fa0d5359a577-groupManagement] INFO  util.JmxRegister (JmxRegister.java:register(58)) - register mxBean class org.apache.ratis.server.impl.RaftServerJmxAdapter as Ratis:service=RaftServer,group=group-7E49E578F942,id=5164dc07-7390-4e62-85ea-fa0d5359a577
2024-10-28 08:10:52,317 [5164dc07-7390-4e62-85ea-fa0d5359a577-groupManagement] INFO  server.RaftServerConfigKeys (ConfUtils.java:logGet(46)) - raft.server.snapshot.trigger-when-stop.enabled = true (default)
2024-10-28 08:10:52,317 [5164dc07-7390-4e62-85ea-fa0d5359a577-groupManagement] INFO  server.RaftServerConfigKeys (ConfUtils.java:logGet(46)) - raft.server.snapshot.trigger-when-remove.enabled = true (default)
2024-10-28 08:10:52,317 [5164dc07-7390-4e62-85ea-fa0d5359a577-groupManagement] INFO  server.RaftServerConfigKeys (ConfUtils.java:logGet(46)) - raft.server.snapshot.auto.trigger.enabled = true (custom)
2024-10-28 08:10:52,317 [5164dc07-7390-4e62-85ea-fa0d5359a577-groupManagement] INFO  server.RaftServerConfigKeys (ConfUtils.java:logGet(46)) - raft.server.snapshot.auto.trigger.threshold = 10000 (custom)
2024-10-28 08:10:52,317 [5164dc07-7390-4e62-85ea-fa0d5359a577-groupManagement] INFO  server.RaftServerConfigKeys (ConfUtils.java:logGet(46)) - raft.server.snapshot.retention.file.num = 5 (custom)
2024-10-28 08:10:52,317 [5164dc07-7390-4e62-85ea-fa0d5359a577-groupManagement] INFO  server.RaftServerConfigKeys (ConfUtils.java:logGet(46)) - raft.server.log.purge.upto.snapshot.index = false (default)
2024-10-28 08:10:52,317 [5164dc07-7390-4e62-85ea-fa0d5359a577@group-7E49E578F942-FollowerState] INFO  server.RaftServerConfigKeys (ConfUtils.java:logFallback(53)) - raft.server.rpc.first-election.timeout.min = 5s (fallback to raft.server.rpc.timeout.min)
2024-10-28 08:10:52,317 [5164dc07-7390-4e62-85ea-fa0d5359a577@group-7E49E578F942-FollowerState] INFO  server.RaftServerConfigKeys (ConfUtils.java:logFallback(53)) - raft.server.rpc.first-election.timeout.max = 5200ms (fallback to raft.server.rpc.timeout.max)
2024-10-28 08:10:52,326 [grpc-default-executor-2] INFO  server.RaftServer (RaftServerProxy.java:addNew(100)) - 2dd66384-ce76-40f1-abb4-2732924b3f06: addNew group-7E49E578F942:[5164dc07-7390-4e62-85ea-fa0d5359a577|127.0.0.1:15145, 2dd66384-ce76-40f1-abb4-2732924b3f06|127.0.0.1:15136, 0506bfaa-e0bf-41a1-ae8b-a3d5b458913d|127.0.0.1:15127] returns group-7E49E578F942:java.util.concurrent.CompletableFuture@3e0a862a[Not completed]
2024-10-28 08:10:52,327 [2dd66384-ce76-40f1-abb4-2732924b3f06-groupManagement] INFO  server.RaftServer$Division (RaftServerImpl.java:<init>(254)) - 2dd66384-ce76-40f1-abb4-2732924b3f06: new RaftServerImpl for group-7E49E578F942:[5164dc07-7390-4e62-85ea-fa0d5359a577|127.0.0.1:15145, 2dd66384-ce76-40f1-abb4-2732924b3f06|127.0.0.1:15136, 0506bfaa-e0bf-41a1-ae8b-a3d5b458913d|127.0.0.1:15127] with ContainerStateMachine:uninitialized
2024-10-28 08:10:52,328 [2dd66384-ce76-40f1-abb4-2732924b3f06-groupManagement] INFO  server.RaftServerConfigKeys (ConfUtils.java:logGet(46)) - raft.server.rpc.timeout.min = 5s (custom)
2024-10-28 08:10:52,328 [2dd66384-ce76-40f1-abb4-2732924b3f06-groupManagement] INFO  server.RaftServerConfigKeys (ConfUtils.java:logGet(46)) - raft.server.rpc.timeout.max = 5200ms (custom)
2024-10-28 08:10:52,328 [2dd66384-ce76-40f1-abb4-2732924b3f06-groupManagement] INFO  server.RaftServerConfigKeys (ConfUtils.java:logGet(46)) - raft.server.rpc.sleep.time = 25ms (default)
2024-10-28 08:10:52,328 [2dd66384-ce76-40f1-abb4-2732924b3f06-groupManagement] INFO  server.RaftServerConfigKeys (ConfUtils.java:logGet(46)) - raft.server.rpc.slowness.timeout = 300s (custom)
2024-10-28 08:10:52,328 [2dd66384-ce76-40f1-abb4-2732924b3f06-groupManagement] INFO  server.RaftServerConfigKeys (ConfUtils.java:logGet(46)) - raft.server.leaderelection.leader.step-down.wait-time = 10s (default)
2024-10-28 08:10:52,328 [2dd66384-ce76-40f1-abb4-2732924b3f06-groupManagement] INFO  server.RaftServerConfigKeys (ConfUtils.java:logGet(46)) - raft.server.leaderelection.member.majority-add = false (default)
2024-10-28 08:10:52,328 [2dd66384-ce76-40f1-abb4-2732924b3f06-groupManagement] INFO  server.RaftServerConfigKeys (ConfUtils.java:logGet(46)) - raft.server.sleep.deviation.threshold = 300ms (default)
2024-10-28 08:10:52,328 [2dd66384-ce76-40f1-abb4-2732924b3f06-groupManagement] INFO  server.RaftServer$Division (ServerState.java:<init>(114)) - 2dd66384-ce76-40f1-abb4-2732924b3f06@group-7E49E578F942: ConfigurationManager, init=conf: {index: -1, cur=peers:[5164dc07-7390-4e62-85ea-fa0d5359a577|127.0.0.1:15145, 2dd66384-ce76-40f1-abb4-2732924b3f06|127.0.0.1:15136, 0506bfaa-e0bf-41a1-ae8b-a3d5b458913d|127.0.0.1:15127]|listeners:[], old=null}, confs=<EMPTY_MAP>
2024-10-28 08:10:52,328 [2dd66384-ce76-40f1-abb4-2732924b3f06-groupManagement] INFO  server.RaftServerConfigKeys (ConfUtils.java:logGet(46)) - raft.server.notification.no-leader.timeout = 300s (custom)
2024-10-28 08:10:52,328 [2dd66384-ce76-40f1-abb4-2732924b3f06-groupManagement] INFO  server.RaftServerConfigKeys (ConfUtils.java:logGet(46)) - raft.server.read.timeout = 10s (default)
2024-10-28 08:10:52,328 [2dd66384-ce76-40f1-abb4-2732924b3f06-groupManagement] INFO  server.RaftServerConfigKeys (ConfUtils.java:logGet(46)) - raft.server.retrycache.expirytime = 600000ms (custom)
2024-10-28 08:10:52,328 [2dd66384-ce76-40f1-abb4-2732924b3f06-groupManagement] INFO  server.RaftServerConfigKeys (ConfUtils.java:logGet(46)) - raft.server.retrycache.statistics.expirytime = 100ms (default)
2024-10-28 08:10:52,328 [2dd66384-ce76-40f1-abb4-2732924b3f06-groupManagement] INFO  server.RaftServerConfigKeys (ConfUtils.java:logGet(46)) - raft.server.read.option = DEFAULT (default)
2024-10-28 08:10:52,328 [2dd66384-ce76-40f1-abb4-2732924b3f06-groupManagement] INFO  server.RaftServerConfigKeys (ConfUtils.java:logGet(46)) - raft.server.read.read-after-write-consistent.write-index-cache.expiry-time = 60s (default)
2024-10-28 08:10:52,331 [2dd66384-ce76-40f1-abb4-2732924b3f06-groupManagement] INFO  server.RaftServerConfigKeys (ConfUtils.java:logGet(46)) - raft.server.rpc.request.timeout = 60s (custom)
2024-10-28 08:10:52,331 [2dd66384-ce76-40f1-abb4-2732924b3f06-groupManagement] INFO  server.RaftServerConfigKeys (ConfUtils.java:logGet(46)) - raft.server.log.appender.install.snapshot.enabled = false (custom)
2024-10-28 08:10:52,331 [2dd66384-ce76-40f1-abb4-2732924b3f06-groupManagement] INFO  server.RaftServerConfigKeys (ConfUtils.java:logGet(46)) - raft.server.threadpool.server.cached = true (default)
2024-10-28 08:10:52,331 [2dd66384-ce76-40f1-abb4-2732924b3f06-groupManagement] INFO  server.RaftServerConfigKeys (ConfUtils.java:logGet(46)) - raft.server.threadpool.server.size = 0 (default)
2024-10-28 08:10:52,331 [2dd66384-ce76-40f1-abb4-2732924b3f06-groupManagement] INFO  server.RaftServerConfigKeys (ConfUtils.java:logGet(46)) - raft.server.threadpool.client.cached = true (default)
2024-10-28 08:10:52,331 [2dd66384-ce76-40f1-abb4-2732924b3f06-groupManagement] INFO  server.RaftServerConfigKeys (ConfUtils.java:logGet(46)) - raft.server.threadpool.client.size = 0 (default)
2024-10-28 08:10:52,331 [2dd66384-ce76-40f1-abb4-2732924b3f06-groupManagement] INFO  server.RaftServerConfigKeys (ConfUtils.java:logGet(46)) - raft.server.storage.free-space.min = 0MB (=0) (default)
2024-10-28 08:10:52,331 [2dd66384-ce76-40f1-abb4-2732924b3f06-groupManagement] INFO  server.RaftServerConfigKeys (ConfUtils.java:logGet(46)) - raft.server.log.corruption.policy = EXCEPTION (default)
2024-10-28 08:10:52,331 [2dd66384-ce76-40f1-abb4-2732924b3f06-groupManagement] INFO  server.RaftServerConfigKeys (ConfUtils.java:logGet(46)) - raft.server.storage.dir = [/home/runner/work/ozone/ozone/hadoop-ozone/integration-test/target/test-dir/MiniOzoneClusterImpl-0da7ab08-e378-40bf-aed1-312ccc1152ed/ozone-meta/datanode-2/ratis] (custom)
2024-10-28 08:10:52,332 [2dd66384-ce76-40f1-abb4-2732924b3f06-groupManagement] INFO  storage.RaftStorageDirectory (RaftStorageDirectoryImpl.java:analyzeStorage(138)) - The storage directory /home/runner/work/ozone/ozone/hadoop-ozone/integration-test/target/test-dir/MiniOzoneClusterImpl-0da7ab08-e378-40bf-aed1-312ccc1152ed/ozone-meta/datanode-2/ratis/28892f10-fef2-4f02-9f0c-7e49e578f942 does not exist. Creating ...
2024-10-28 08:10:52,333 [2dd66384-ce76-40f1-abb4-2732924b3f06-groupManagement] INFO  storage.RaftStorageDirectory (RaftStorageDirectoryImpl.java:tryLock(229)) - Lock on /home/runner/work/ozone/ozone/hadoop-ozone/integration-test/target/test-dir/MiniOzoneClusterImpl-0da7ab08-e378-40bf-aed1-312ccc1152ed/ozone-meta/datanode-2/ratis/28892f10-fef2-4f02-9f0c-7e49e578f942/in_use.lock acquired by nodename 9135@fv-az886-152
2024-10-28 08:10:52,334 [2dd66384-ce76-40f1-abb4-2732924b3f06-groupManagement] INFO  storage.RaftStorage (RaftStorageImpl.java:format(98)) - Storage directory /home/runner/work/ozone/ozone/hadoop-ozone/integration-test/target/test-dir/MiniOzoneClusterImpl-0da7ab08-e378-40bf-aed1-312ccc1152ed/ozone-meta/datanode-2/ratis/28892f10-fef2-4f02-9f0c-7e49e578f942 has been successfully formatted.
2024-10-28 08:10:52,334 [2dd66384-ce76-40f1-abb4-2732924b3f06-groupManagement] INFO  ratis.ContainerStateMachine (ContainerStateMachine.java:initialize(285)) - 2dd66384-ce76-40f1-abb4-2732924b3f06: initialize group-7E49E578F942
2024-10-28 08:10:52,334 [2dd66384-ce76-40f1-abb4-2732924b3f06-groupManagement] INFO  ratis.ContainerStateMachine (ContainerStateMachine.java:loadSnapshot(293)) - group-7E49E578F942: The snapshot info is null. Setting the last applied index to:(t:0, i:~)
2024-10-28 08:10:52,335 [2dd66384-ce76-40f1-abb4-2732924b3f06-groupManagement] INFO  server.RaftServerConfigKeys (ConfUtils.java:logGet(46)) - raft.server.log.use.memory = false (default)
2024-10-28 08:10:52,335 [2dd66384-ce76-40f1-abb4-2732924b3f06-groupManagement] INFO  server.RaftServerConfigKeys (ConfUtils.java:logGet(46)) - raft.server.log.purge.gap = 1000000 (custom)
2024-10-28 08:10:52,335 [2dd66384-ce76-40f1-abb4-2732924b3f06-groupManagement] INFO  server.RaftServerConfigKeys (ConfUtils.java:logGet(46)) - raft.server.log.appender.buffer.byte-limit = 33554432 (custom)
2024-10-28 08:10:52,335 [2dd66384-ce76-40f1-abb4-2732924b3f06-groupManagement] INFO  server.RaftServerConfigKeys (ConfUtils.java:logGet(46)) - raft.server.log.statemachine.data.read.timeout = 1000ms (default)
2024-10-28 08:10:52,335 [2dd66384-ce76-40f1-abb4-2732924b3f06-groupManagement] INFO  server.RaftServerConfigKeys (ConfUtils.java:logGet(46)) - raft.server.log.purge.preservation.log.num = 0 (default)
2024-10-28 08:10:52,339 [2dd66384-ce76-40f1-abb4-2732924b3f06-groupManagement] INFO  server.RaftServerConfigKeys (ConfUtils.java:logGet(46)) - raft.server.log.segment.size.max = 67108864 (custom)
2024-10-28 08:10:52,340 [2dd66384-ce76-40f1-abb4-2732924b3f06-groupManagement] INFO  server.RaftServerConfigKeys (ConfUtils.java:logGet(46)) - raft.server.log.segment.cache.num.max = 2 (custom)
2024-10-28 08:10:52,340 [2dd66384-ce76-40f1-abb4-2732924b3f06-groupManagement] INFO  server.RaftServerConfigKeys (ConfUtils.java:logGet(46)) - raft.server.log.segment.cache.size.max = 200MB (=209715200) (default)
2024-10-28 08:10:52,341 [2dd66384-ce76-40f1-abb4-2732924b3f06-groupManagement] INFO  server.RaftServerConfigKeys (ConfUtils.java:logGet(46)) - raft.server.log.appender.buffer.byte-limit = 33554432 (custom)
2024-10-28 08:10:52,341 [2dd66384-ce76-40f1-abb4-2732924b3f06-groupManagement] INFO  util.AwaitToRun (AwaitToRun.java:start(81)) - Thread[2dd66384-ce76-40f1-abb4-2732924b3f06@group-7E49E578F942-cacheEviction-AwaitToRun,5,main] started
2024-10-28 08:10:52,341 [2dd66384-ce76-40f1-abb4-2732924b3f06-groupManagement] INFO  segmented.SegmentedRaftLogWorker (SegmentedRaftLogWorker.java:<init>(187)) - new 2dd66384-ce76-40f1-abb4-2732924b3f06@group-7E49E578F942-SegmentedRaftLogWorker for RaftStorageImpl:Storage Directory /home/runner/work/ozone/ozone/hadoop-ozone/integration-test/target/test-dir/MiniOzoneClusterImpl-0da7ab08-e378-40bf-aed1-312ccc1152ed/ozone-meta/datanode-2/ratis/28892f10-fef2-4f02-9f0c-7e49e578f942
2024-10-28 08:10:52,342 [2dd66384-ce76-40f1-abb4-2732924b3f06-groupManagement] INFO  server.RaftServerConfigKeys (ConfUtils.java:logGet(46)) - raft.server.log.queue.byte-limit = 4294967296 (custom)
2024-10-28 08:10:52,342 [2dd66384-ce76-40f1-abb4-2732924b3f06-groupManagement] INFO  server.RaftServerConfigKeys (ConfUtils.java:logGet(46)) - raft.server.log.queue.element-limit = 1024 (custom)
2024-10-28 08:10:52,342 [2dd66384-ce76-40f1-abb4-2732924b3f06-groupManagement] INFO  server.RaftServerConfigKeys (ConfUtils.java:logGet(46)) - raft.server.log.segment.size.max = 67108864 (custom)
2024-10-28 08:10:52,342 [2dd66384-ce76-40f1-abb4-2732924b3f06-groupManagement] INFO  server.RaftServerConfigKeys (ConfUtils.java:logGet(46)) - raft.server.log.preallocated.size = 4194304 (custom)
2024-10-28 08:10:52,342 [2dd66384-ce76-40f1-abb4-2732924b3f06-groupManagement] INFO  server.RaftServerConfigKeys (ConfUtils.java:logGet(46)) - raft.server.log.force.sync.num = 128 (default)
2024-10-28 08:10:52,342 [2dd66384-ce76-40f1-abb4-2732924b3f06-groupManagement] INFO  server.RaftServerConfigKeys (ConfUtils.java:logGet(46)) - raft.server.log.statemachine.data.sync = true (default)
2024-10-28 08:10:52,342 [2dd66384-ce76-40f1-abb4-2732924b3f06-groupManagement] INFO  server.RaftServerConfigKeys (ConfUtils.java:logGet(46)) - raft.server.log.statemachine.data.sync.timeout = 10s (default)
2024-10-28 08:10:52,343 [2dd66384-ce76-40f1-abb4-2732924b3f06-groupManagement] INFO  server.RaftServerConfigKeys (ConfUtils.java:logGet(46)) - raft.server.log.statemachine.data.sync.timeout.retry = 30 (custom)
2024-10-28 08:10:52,343 [2dd66384-ce76-40f1-abb4-2732924b3f06-groupManagement] INFO  server.RaftServerConfigKeys (ConfUtils.java:logGet(46)) - raft.server.log.write.buffer.size = 33554440 (custom)
2024-10-28 08:10:52,348 [2dd66384-ce76-40f1-abb4-2732924b3f06-groupManagement] INFO  server.RaftServerConfigKeys (ConfUtils.java:logGet(46)) - raft.server.log.appender.buffer.byte-limit = 33554432 (custom)
2024-10-28 08:10:52,349 [2dd66384-ce76-40f1-abb4-2732924b3f06-groupManagement] INFO  server.RaftServerConfigKeys (ConfUtils.java:logGet(46)) - raft.server.log.unsafe-flush.enabled = false (default)
2024-10-28 08:10:52,349 [2dd66384-ce76-40f1-abb4-2732924b3f06-groupManagement] INFO  server.RaftServerConfigKeys (ConfUtils.java:logGet(46)) - raft.server.log.async-flush.enabled = false (default)
2024-10-28 08:10:52,349 [2dd66384-ce76-40f1-abb4-2732924b3f06-groupManagement] INFO  server.RaftServerConfigKeys (ConfUtils.java:logGet(46)) - raft.server.log.statemachine.data.caching.enabled = true (custom)
2024-10-28 08:10:52,349 [2dd66384-ce76-40f1-abb4-2732924b3f06-groupManagement] INFO  segmented.SegmentedRaftLogWorker (SegmentedRaftLogWorker.java:lambda$new$0(138)) - 2dd66384-ce76-40f1-abb4-2732924b3f06@group-7E49E578F942-SegmentedRaftLogWorker: flushIndex: setUnconditionally 0 -> -1
2024-10-28 08:10:52,349 [2dd66384-ce76-40f1-abb4-2732924b3f06-groupManagement] INFO  segmented.SegmentedRaftLogWorker (SegmentedRaftLogWorker.java:lambda$new$0(138)) - 2dd66384-ce76-40f1-abb4-2732924b3f06@group-7E49E578F942-SegmentedRaftLogWorker: safeCacheEvictIndex: setUnconditionally 0 -> -1
2024-10-28 08:10:52,350 [2dd66384-ce76-40f1-abb4-2732924b3f06-groupManagement] INFO  server.RaftServer$Division (RaftServerImpl.java:start(390)) - 2dd66384-ce76-40f1-abb4-2732924b3f06@group-7E49E578F942: start as a follower, conf=conf: {index: -1, cur=peers:[5164dc07-7390-4e62-85ea-fa0d5359a577|127.0.0.1:15145, 2dd66384-ce76-40f1-abb4-2732924b3f06|127.0.0.1:15136, 0506bfaa-e0bf-41a1-ae8b-a3d5b458913d|127.0.0.1:15127]|listeners:[], old=null}
2024-10-28 08:10:52,350 [2dd66384-ce76-40f1-abb4-2732924b3f06-groupManagement] INFO  server.RaftServer$Division (RaftServerImpl.java:setRole(377)) - 2dd66384-ce76-40f1-abb4-2732924b3f06@group-7E49E578F942: changes role from      null to FOLLOWER at term 0 for startAsFollower
2024-10-28 08:10:52,351 [2dd66384-ce76-40f1-abb4-2732924b3f06-groupManagement] INFO  impl.RoleInfo (RoleInfo.java:updateAndGet(148)) - 2dd66384-ce76-40f1-abb4-2732924b3f06: start 2dd66384-ce76-40f1-abb4-2732924b3f06@group-7E49E578F942-FollowerState
2024-10-28 08:10:52,351 [2dd66384-ce76-40f1-abb4-2732924b3f06@group-7E49E578F942-FollowerState] INFO  server.RaftServerConfigKeys (ConfUtils.java:logFallback(53)) - raft.server.rpc.first-election.timeout.min = 5s (fallback to raft.server.rpc.timeout.min)
2024-10-28 08:10:52,351 [2dd66384-ce76-40f1-abb4-2732924b3f06@group-7E49E578F942-FollowerState] INFO  server.RaftServerConfigKeys (ConfUtils.java:logFallback(53)) - raft.server.rpc.first-election.timeout.max = 5200ms (fallback to raft.server.rpc.timeout.max)
2024-10-28 08:10:52,351 [2dd66384-ce76-40f1-abb4-2732924b3f06-groupManagement] INFO  util.JmxRegister (JmxRegister.java:tryRegister(44)) - Successfully registered JMX Bean with object name Ratis:service=RaftServer,group=group-7E49E578F942,id=2dd66384-ce76-40f1-abb4-2732924b3f06
2024-10-28 08:10:52,352 [2dd66384-ce76-40f1-abb4-2732924b3f06-groupManagement] INFO  util.JmxRegister (JmxRegister.java:register(58)) - register mxBean class org.apache.ratis.server.impl.RaftServerJmxAdapter as Ratis:service=RaftServer,group=group-7E49E578F942,id=2dd66384-ce76-40f1-abb4-2732924b3f06
2024-10-28 08:10:52,352 [2dd66384-ce76-40f1-abb4-2732924b3f06-groupManagement] INFO  server.RaftServerConfigKeys (ConfUtils.java:logGet(46)) - raft.server.snapshot.trigger-when-stop.enabled = true (default)
2024-10-28 08:10:52,352 [2dd66384-ce76-40f1-abb4-2732924b3f06-groupManagement] INFO  server.RaftServerConfigKeys (ConfUtils.java:logGet(46)) - raft.server.snapshot.trigger-when-remove.enabled = true (default)
2024-10-28 08:10:52,352 [2dd66384-ce76-40f1-abb4-2732924b3f06-groupManagement] INFO  server.RaftServerConfigKeys (ConfUtils.java:logGet(46)) - raft.server.snapshot.auto.trigger.enabled = true (custom)
2024-10-28 08:10:52,352 [2dd66384-ce76-40f1-abb4-2732924b3f06-groupManagement] INFO  server.RaftServerConfigKeys (ConfUtils.java:logGet(46)) - raft.server.snapshot.auto.trigger.threshold = 10000 (custom)
2024-10-28 08:10:52,352 [2dd66384-ce76-40f1-abb4-2732924b3f06-groupManagement] INFO  server.RaftServerConfigKeys (ConfUtils.java:logGet(46)) - raft.server.snapshot.retention.file.num = 5 (custom)
2024-10-28 08:10:52,353 [2dd66384-ce76-40f1-abb4-2732924b3f06-groupManagement] INFO  server.RaftServerConfigKeys (ConfUtils.java:logGet(46)) - raft.server.log.purge.upto.snapshot.index = false (default)
2024-10-28 08:10:52,359 [0506bfaa-e0bf-41a1-ae8b-a3d5b458913d-PipelineCommandHandlerThread-0] INFO  commandhandler.CreatePipelineCommandHandler (CreatePipelineCommandHandler.java:lambda$handle$2(129)) - Created Pipeline RATIS THREE PipelineID=28892f10-fef2-4f02-9f0c-7e49e578f942.
2024-10-28 08:10:52,556 [2dd66384-ce76-40f1-abb4-2732924b3f06-PipelineCommandHandlerThread-0] INFO  server.RaftServer (RaftServerProxy.java:addNew(100)) - 2dd66384-ce76-40f1-abb4-2732924b3f06: addNew group-9B564B04352B:[2dd66384-ce76-40f1-abb4-2732924b3f06|127.0.0.1:15136] returns group-9B564B04352B:java.util.concurrent.CompletableFuture@5a92622c[Not completed]
2024-10-28 08:10:52,557 [2dd66384-ce76-40f1-abb4-2732924b3f06-groupManagement] INFO  server.RaftServer$Division (RaftServerImpl.java:<init>(254)) - 2dd66384-ce76-40f1-abb4-2732924b3f06: new RaftServerImpl for group-9B564B04352B:[2dd66384-ce76-40f1-abb4-2732924b3f06|127.0.0.1:15136] with ContainerStateMachine:uninitialized
2024-10-28 08:10:52,557 [2dd66384-ce76-40f1-abb4-2732924b3f06-groupManagement] INFO  server.RaftServerConfigKeys (ConfUtils.java:logGet(46)) - raft.server.rpc.timeout.min = 5s (custom)
2024-10-28 08:10:52,557 [2dd66384-ce76-40f1-abb4-2732924b3f06-groupManagement] INFO  server.RaftServerConfigKeys (ConfUtils.java:logGet(46)) - raft.server.rpc.timeout.max = 5200ms (custom)
2024-10-28 08:10:52,557 [2dd66384-ce76-40f1-abb4-2732924b3f06-groupManagement] INFO  server.RaftServerConfigKeys (ConfUtils.java:logGet(46)) - raft.server.rpc.sleep.time = 25ms (default)
2024-10-28 08:10:52,557 [2dd66384-ce76-40f1-abb4-2732924b3f06-groupManagement] INFO  server.RaftServerConfigKeys (ConfUtils.java:logGet(46)) - raft.server.rpc.slowness.timeout = 300s (custom)
2024-10-28 08:10:52,557 [2dd66384-ce76-40f1-abb4-2732924b3f06-groupManagement] INFO  server.RaftServerConfigKeys (ConfUtils.java:logGet(46)) - raft.server.leaderelection.leader.step-down.wait-time = 10s (default)
2024-10-28 08:10:52,557 [2dd66384-ce76-40f1-abb4-2732924b3f06-groupManagement] INFO  server.RaftServerConfigKeys (ConfUtils.java:logGet(46)) - raft.server.leaderelection.member.majority-add = false (default)
2024-10-28 08:10:52,557 [2dd66384-ce76-40f1-abb4-2732924b3f06-groupManagement] INFO  server.RaftServerConfigKeys (ConfUtils.java:logGet(46)) - raft.server.sleep.deviation.threshold = 300ms (default)
2024-10-28 08:10:52,557 [2dd66384-ce76-40f1-abb4-2732924b3f06-groupManagement] INFO  server.RaftServer$Division (ServerState.java:<init>(114)) - 2dd66384-ce76-40f1-abb4-2732924b3f06@group-9B564B04352B: ConfigurationManager, init=conf: {index: -1, cur=peers:[2dd66384-ce76-40f1-abb4-2732924b3f06|127.0.0.1:15136]|listeners:[], old=null}, confs=<EMPTY_MAP>
2024-10-28 08:10:52,558 [2dd66384-ce76-40f1-abb4-2732924b3f06-groupManagement] INFO  server.RaftServerConfigKeys (ConfUtils.java:logGet(46)) - raft.server.notification.no-leader.timeout = 300s (custom)
2024-10-28 08:10:52,558 [2dd66384-ce76-40f1-abb4-2732924b3f06-groupManagement] INFO  server.RaftServerConfigKeys (ConfUtils.java:logGet(46)) - raft.server.read.timeout = 10s (default)
2024-10-28 08:10:52,558 [2dd66384-ce76-40f1-abb4-2732924b3f06-groupManagement] INFO  server.RaftServerConfigKeys (ConfUtils.java:logGet(46)) - raft.server.retrycache.expirytime = 600000ms (custom)
2024-10-28 08:10:52,558 [2dd66384-ce76-40f1-abb4-2732924b3f06-groupManagement] INFO  server.RaftServerConfigKeys (ConfUtils.java:logGet(46)) - raft.server.retrycache.statistics.expirytime = 100ms (default)
2024-10-28 08:10:52,558 [2dd66384-ce76-40f1-abb4-2732924b3f06-groupManagement] INFO  server.RaftServerConfigKeys (ConfUtils.java:logGet(46)) - raft.server.read.option = DEFAULT (default)
2024-10-28 08:10:52,558 [2dd66384-ce76-40f1-abb4-2732924b3f06-groupManagement] INFO  server.RaftServerConfigKeys (ConfUtils.java:logGet(46)) - raft.server.read.read-after-write-consistent.write-index-cache.expiry-time = 60s (default)
2024-10-28 08:10:52,561 [2dd66384-ce76-40f1-abb4-2732924b3f06-groupManagement] INFO  server.RaftServerConfigKeys (ConfUtils.java:logGet(46)) - raft.server.rpc.request.timeout = 60s (custom)
2024-10-28 08:10:52,561 [2dd66384-ce76-40f1-abb4-2732924b3f06-groupManagement] INFO  server.RaftServerConfigKeys (ConfUtils.java:logGet(46)) - raft.server.log.appender.install.snapshot.enabled = false (custom)
2024-10-28 08:10:52,561 [2dd66384-ce76-40f1-abb4-2732924b3f06-groupManagement] INFO  server.RaftServerConfigKeys (ConfUtils.java:logGet(46)) - raft.server.threadpool.server.cached = true (default)
2024-10-28 08:10:52,561 [2dd66384-ce76-40f1-abb4-2732924b3f06-groupManagement] INFO  server.RaftServerConfigKeys (ConfUtils.java:logGet(46)) - raft.server.threadpool.server.size = 0 (default)
2024-10-28 08:10:52,561 [2dd66384-ce76-40f1-abb4-2732924b3f06-groupManagement] INFO  server.RaftServerConfigKeys (ConfUtils.java:logGet(46)) - raft.server.threadpool.client.cached = true (default)
2024-10-28 08:10:52,561 [2dd66384-ce76-40f1-abb4-2732924b3f06-groupManagement] INFO  server.RaftServerConfigKeys (ConfUtils.java:logGet(46)) - raft.server.threadpool.client.size = 0 (default)
2024-10-28 08:10:52,561 [2dd66384-ce76-40f1-abb4-2732924b3f06-groupManagement] INFO  server.RaftServerConfigKeys (ConfUtils.java:logGet(46)) - raft.server.storage.free-space.min = 0MB (=0) (default)
2024-10-28 08:10:52,561 [2dd66384-ce76-40f1-abb4-2732924b3f06-groupManagement] INFO  server.RaftServerConfigKeys (ConfUtils.java:logGet(46)) - raft.server.log.corruption.policy = EXCEPTION (default)
2024-10-28 08:10:52,561 [2dd66384-ce76-40f1-abb4-2732924b3f06-groupManagement] INFO  server.RaftServerConfigKeys (ConfUtils.java:logGet(46)) - raft.server.storage.dir = [/home/runner/work/ozone/ozone/hadoop-ozone/integration-test/target/test-dir/MiniOzoneClusterImpl-0da7ab08-e378-40bf-aed1-312ccc1152ed/ozone-meta/datanode-2/ratis] (custom)
2024-10-28 08:10:52,561 [2dd66384-ce76-40f1-abb4-2732924b3f06-groupManagement] INFO  storage.RaftStorageDirectory (RaftStorageDirectoryImpl.java:analyzeStorage(138)) - The storage directory /home/runner/work/ozone/ozone/hadoop-ozone/integration-test/target/test-dir/MiniOzoneClusterImpl-0da7ab08-e378-40bf-aed1-312ccc1152ed/ozone-meta/datanode-2/ratis/9d462e91-4aea-49d4-88d5-9b564b04352b does not exist. Creating ...
2024-10-28 08:10:52,562 [2dd66384-ce76-40f1-abb4-2732924b3f06-groupManagement] INFO  storage.RaftStorageDirectory (RaftStorageDirectoryImpl.java:tryLock(229)) - Lock on /home/runner/work/ozone/ozone/hadoop-ozone/integration-test/target/test-dir/MiniOzoneClusterImpl-0da7ab08-e378-40bf-aed1-312ccc1152ed/ozone-meta/datanode-2/ratis/9d462e91-4aea-49d4-88d5-9b564b04352b/in_use.lock acquired by nodename 9135@fv-az886-152
2024-10-28 08:10:52,564 [2dd66384-ce76-40f1-abb4-2732924b3f06-groupManagement] INFO  storage.RaftStorage (RaftStorageImpl.java:format(98)) - Storage directory /home/runner/work/ozone/ozone/hadoop-ozone/integration-test/target/test-dir/MiniOzoneClusterImpl-0da7ab08-e378-40bf-aed1-312ccc1152ed/ozone-meta/datanode-2/ratis/9d462e91-4aea-49d4-88d5-9b564b04352b has been successfully formatted.
2024-10-28 08:10:52,564 [2dd66384-ce76-40f1-abb4-2732924b3f06-groupManagement] INFO  ratis.ContainerStateMachine (ContainerStateMachine.java:initialize(285)) - 2dd66384-ce76-40f1-abb4-2732924b3f06: initialize group-9B564B04352B
2024-10-28 08:10:52,564 [2dd66384-ce76-40f1-abb4-2732924b3f06-groupManagement] INFO  ratis.ContainerStateMachine (ContainerStateMachine.java:loadSnapshot(293)) - group-9B564B04352B: The snapshot info is null. Setting the last applied index to:(t:0, i:~)
2024-10-28 08:10:52,564 [2dd66384-ce76-40f1-abb4-2732924b3f06-groupManagement] INFO  server.RaftServerConfigKeys (ConfUtils.java:logGet(46)) - raft.server.log.use.memory = false (default)
2024-10-28 08:10:52,564 [2dd66384-ce76-40f1-abb4-2732924b3f06-groupManagement] INFO  server.RaftServerConfigKeys (ConfUtils.java:logGet(46)) - raft.server.log.purge.gap = 1000000 (custom)
2024-10-28 08:10:52,564 [2dd66384-ce76-40f1-abb4-2732924b3f06-groupManagement] INFO  server.RaftServerConfigKeys (ConfUtils.java:logGet(46)) - raft.server.log.appender.buffer.byte-limit = 33554432 (custom)
2024-10-28 08:10:52,564 [2dd66384-ce76-40f1-abb4-2732924b3f06-groupManagement] INFO  server.RaftServerConfigKeys (ConfUtils.java:logGet(46)) - raft.server.log.statemachine.data.read.timeout = 1000ms (default)
2024-10-28 08:10:52,565 [2dd66384-ce76-40f1-abb4-2732924b3f06-groupManagement] INFO  server.RaftServerConfigKeys (ConfUtils.java:logGet(46)) - raft.server.log.purge.preservation.log.num = 0 (default)
2024-10-28 08:10:52,567 [scmNode-2-EventQueue-PipelineReportForPipelineReportHandler] ERROR pipeline.PipelineReportHandler (PipelineReportHandler.java:onMessage(100)) - Could not process pipeline report=pipelineID {
  id: "9d462e91-4aea-49d4-88d5-9b564b04352b"
  uuid128 {
    mostSigBits: -7113947359823115820
    leastSigBits: -8586786319583922901
  }
}
isLeader: false
bytesWritten: 0
 from dn=2dd66384-ce76-40f1-abb4-2732924b3f06(localhost/127.0.0.1).
org.apache.hadoop.hdds.scm.exceptions.SCMException: org.apache.ratis.protocol.exceptions.NotLeaderException: Server 22ff29b6-698b-46d6-babb-0a5352f8b68f@group-312CCC1152ED is not the leader, suggested leader is: 41ad025f-af8e-4c4e-9124-a1617073bc42|localhost:15078
	at org.apache.hadoop.hdds.scm.ha.SCMHAInvocationHandler.translateException(SCMHAInvocationHandler.java:165)
	at org.apache.hadoop.hdds.scm.ha.SCMHAInvocationHandler.invokeRatis(SCMHAInvocationHandler.java:115)
	at org.apache.hadoop.hdds.scm.ha.SCMHAInvocationHandler.invoke(SCMHAInvocationHandler.java:74)
	at jdk.proxy2/jdk.proxy2.$Proxy38.updatePipelineState(Unknown Source)
	at org.apache.hadoop.hdds.scm.pipeline.PipelineManagerImpl.openPipeline(PipelineManagerImpl.java:430)
	at org.apache.hadoop.hdds.scm.pipeline.PipelineReportHandler.processPipelineReport(PipelineReportHandler.java:135)
	at org.apache.hadoop.hdds.scm.pipeline.PipelineReportHandler.onMessage(PipelineReportHandler.java:93)
	at org.apache.hadoop.hdds.scm.pipeline.PipelineReportHandler.onMessage(PipelineReportHandler.java:52)
	at org.apache.hadoop.hdds.server.events.SingleThreadExecutor.lambda$onMessage$1(SingleThreadExecutor.java:86)
	at java.base/java.util.concurrent.ThreadPoolExecutor.runWorker(ThreadPoolExecutor.java:1136)
	at java.base/java.util.concurrent.ThreadPoolExecutor$Worker.run(ThreadPoolExecutor.java:635)
	at java.base/java.lang.Thread.run(Thread.java:840)
Caused by: org.apache.ratis.protocol.exceptions.NotLeaderException: Server 22ff29b6-698b-46d6-babb-0a5352f8b68f@group-312CCC1152ED is not the leader, suggested leader is: 41ad025f-af8e-4c4e-9124-a1617073bc42|localhost:15078
	at org.apache.ratis.server.impl.RaftServerImpl.generateNotLeaderException(RaftServerImpl.java:777)
	at org.apache.ratis.server.impl.RaftServerImpl.checkLeaderState(RaftServerImpl.java:742)
	at org.apache.ratis.server.impl.RaftServerImpl.checkLeaderState(RaftServerImpl.java:728)
	at org.apache.ratis.server.impl.RaftServerImpl.writeAsyncImpl(RaftServerImpl.java:945)
	at org.apache.ratis.server.impl.RaftServerImpl.writeAsync(RaftServerImpl.java:933)
	at org.apache.ratis.server.impl.RaftServerImpl.replyFuture(RaftServerImpl.java:926)
	at org.apache.ratis.server.impl.RaftServerImpl.submitClientRequestAsync(RaftServerImpl.java:903)
	at org.apache.ratis.server.impl.RaftServerImpl.lambda$null$11(RaftServerImpl.java:892)
	at org.apache.ratis.util.JavaUtils.callAsUnchecked(JavaUtils.java:118)
	at org.apache.ratis.server.impl.RaftServerImpl.lambda$executeSubmitClientRequestAsync$12(RaftServerImpl.java:892)
	at java.base/java.util.concurrent.CompletableFuture$AsyncSupply.run(CompletableFuture.java:1768)
	... 3 more
2024-10-28 08:10:52,567 [scmNode-3-EventQueue-PipelineReportForPipelineReportHandler] ERROR pipeline.PipelineReportHandler (PipelineReportHandler.java:onMessage(100)) - Could not process pipeline report=pipelineID {
  id: "9d462e91-4aea-49d4-88d5-9b564b04352b"
  uuid128 {
    mostSigBits: -7113947359823115820
    leastSigBits: -8586786319583922901
  }
}
isLeader: false
bytesWritten: 0
 from dn=2dd66384-ce76-40f1-abb4-2732924b3f06(localhost/127.0.0.1).
org.apache.hadoop.hdds.scm.exceptions.SCMException: org.apache.ratis.protocol.exceptions.NotLeaderException: Server c77964d9-ca67-4df9-b70f-2db5af48a5e3@group-312CCC1152ED is not the leader, suggested leader is: 41ad025f-af8e-4c4e-9124-a1617073bc42|localhost:15078
	at org.apache.hadoop.hdds.scm.ha.SCMHAInvocationHandler.translateException(SCMHAInvocationHandler.java:165)
	at org.apache.hadoop.hdds.scm.ha.SCMHAInvocationHandler.invokeRatis(SCMHAInvocationHandler.java:115)
	at org.apache.hadoop.hdds.scm.ha.SCMHAInvocationHandler.invoke(SCMHAInvocationHandler.java:74)
	at jdk.proxy2/jdk.proxy2.$Proxy38.updatePipelineState(Unknown Source)
	at org.apache.hadoop.hdds.scm.pipeline.PipelineManagerImpl.openPipeline(PipelineManagerImpl.java:430)
	at org.apache.hadoop.hdds.scm.pipeline.PipelineReportHandler.processPipelineReport(PipelineReportHandler.java:135)
	at org.apache.hadoop.hdds.scm.pipeline.PipelineReportHandler.onMessage(PipelineReportHandler.java:93)
	at org.apache.hadoop.hdds.scm.pipeline.PipelineReportHandler.onMessage(PipelineReportHandler.java:52)
	at org.apache.hadoop.hdds.server.events.SingleThreadExecutor.lambda$onMessage$1(SingleThreadExecutor.java:86)
	at java.base/java.util.concurrent.ThreadPoolExecutor.runWorker(ThreadPoolExecutor.java:1136)
	at java.base/java.util.concurrent.ThreadPoolExecutor$Worker.run(ThreadPoolExecutor.java:635)
	at java.base/java.lang.Thread.run(Thread.java:840)
Caused by: org.apache.ratis.protocol.exceptions.NotLeaderException: Server c77964d9-ca67-4df9-b70f-2db5af48a5e3@group-312CCC1152ED is not the leader, suggested leader is: 41ad025f-af8e-4c4e-9124-a1617073bc42|localhost:15078
	at org.apache.ratis.server.impl.RaftServerImpl.generateNotLeaderException(RaftServerImpl.java:777)
	at org.apache.ratis.server.impl.RaftServerImpl.checkLeaderState(RaftServerImpl.java:742)
	at org.apache.ratis.server.impl.RaftServerImpl.checkLeaderState(RaftServerImpl.java:728)
	at org.apache.ratis.server.impl.RaftServerImpl.writeAsyncImpl(RaftServerImpl.java:945)
	at org.apache.ratis.server.impl.RaftServerImpl.writeAsync(RaftServerImpl.java:933)
	at org.apache.ratis.server.impl.RaftServerImpl.replyFuture(RaftServerImpl.java:926)
	at org.apache.ratis.server.impl.RaftServerImpl.submitClientRequestAsync(RaftServerImpl.java:903)
	at org.apache.ratis.server.impl.RaftServerImpl.lambda$null$11(RaftServerImpl.java:892)
	at org.apache.ratis.util.JavaUtils.callAsUnchecked(JavaUtils.java:118)
	at org.apache.ratis.server.impl.RaftServerImpl.lambda$executeSubmitClientRequestAsync$12(RaftServerImpl.java:892)
	at java.base/java.util.concurrent.CompletableFuture$AsyncSupply.run(CompletableFuture.java:1768)
	... 3 more
2024-10-28 08:10:52,570 [41ad025f-af8e-4c4e-9124-a1617073bc42@group-312CCC1152ED-StateMachineUpdater] INFO  safemode.HealthyPipelineSafeModeRule (HealthyPipelineSafeModeRule.java:initializeRule(172)) - Refreshed total pipeline count is 0, healthy pipeline threshold count is 1
2024-10-28 08:10:52,571 [scmNode-1-EventQueue-PipelineReportForPipelineReportHandler] INFO  pipeline.PipelineReportHandler (PipelineReportHandler.java:processPipelineReport(136)) - Opened pipeline PipelineID=9d462e91-4aea-49d4-88d5-9b564b04352b
2024-10-28 08:10:52,571 [scmNode-1-EventQueue-OpenPipelineForHealthyPipelineSafeModeRule] INFO  safemode.SCMSafeModeManager (HealthyPipelineSafeModeRule.java:process(140)) - SCM in safe mode. Healthy pipelines reported count is 0, required healthy pipeline reported count is 1
2024-10-28 08:10:52,572 [22ff29b6-698b-46d6-babb-0a5352f8b68f@group-312CCC1152ED-StateMachineUpdater] INFO  safemode.HealthyPipelineSafeModeRule (HealthyPipelineSafeModeRule.java:initializeRule(172)) - Refreshed total pipeline count is 0, healthy pipeline threshold count is 1
2024-10-28 08:10:52,573 [c77964d9-ca67-4df9-b70f-2db5af48a5e3@group-312CCC1152ED-StateMachineUpdater] INFO  safemode.HealthyPipelineSafeModeRule (HealthyPipelineSafeModeRule.java:initializeRule(172)) - Refreshed total pipeline count is 0, healthy pipeline threshold count is 1
2024-10-28 08:10:52,573 [2dd66384-ce76-40f1-abb4-2732924b3f06-groupManagement] INFO  server.RaftServerConfigKeys (ConfUtils.java:logGet(46)) - raft.server.log.segment.size.max = 67108864 (custom)
2024-10-28 08:10:52,573 [2dd66384-ce76-40f1-abb4-2732924b3f06-groupManagement] INFO  server.RaftServerConfigKeys (ConfUtils.java:logGet(46)) - raft.server.log.segment.cache.num.max = 2 (custom)
2024-10-28 08:10:52,573 [2dd66384-ce76-40f1-abb4-2732924b3f06-groupManagement] INFO  server.RaftServerConfigKeys (ConfUtils.java:logGet(46)) - raft.server.log.segment.cache.size.max = 200MB (=209715200) (default)
2024-10-28 08:10:52,573 [2dd66384-ce76-40f1-abb4-2732924b3f06-groupManagement] INFO  server.RaftServerConfigKeys (ConfUtils.java:logGet(46)) - raft.server.log.appender.buffer.byte-limit = 33554432 (custom)
2024-10-28 08:10:52,574 [2dd66384-ce76-40f1-abb4-2732924b3f06-groupManagement] INFO  util.AwaitToRun (AwaitToRun.java:start(81)) - Thread[2dd66384-ce76-40f1-abb4-2732924b3f06@group-9B564B04352B-cacheEviction-AwaitToRun,5,main] started
2024-10-28 08:10:52,574 [2dd66384-ce76-40f1-abb4-2732924b3f06-groupManagement] INFO  segmented.SegmentedRaftLogWorker (SegmentedRaftLogWorker.java:<init>(187)) - new 2dd66384-ce76-40f1-abb4-2732924b3f06@group-9B564B04352B-SegmentedRaftLogWorker for RaftStorageImpl:Storage Directory /home/runner/work/ozone/ozone/hadoop-ozone/integration-test/target/test-dir/MiniOzoneClusterImpl-0da7ab08-e378-40bf-aed1-312ccc1152ed/ozone-meta/datanode-2/ratis/9d462e91-4aea-49d4-88d5-9b564b04352b
2024-10-28 08:10:52,574 [2dd66384-ce76-40f1-abb4-2732924b3f06-groupManagement] INFO  server.RaftServerConfigKeys (ConfUtils.java:logGet(46)) - raft.server.log.queue.byte-limit = 4294967296 (custom)
2024-10-28 08:10:52,574 [2dd66384-ce76-40f1-abb4-2732924b3f06-groupManagement] INFO  server.RaftServerConfigKeys (ConfUtils.java:logGet(46)) - raft.server.log.queue.element-limit = 1024 (custom)
2024-10-28 08:10:52,574 [2dd66384-ce76-40f1-abb4-2732924b3f06-groupManagement] INFO  server.RaftServerConfigKeys (ConfUtils.java:logGet(46)) - raft.server.log.segment.size.max = 67108864 (custom)
2024-10-28 08:10:52,574 [2dd66384-ce76-40f1-abb4-2732924b3f06-groupManagement] INFO  server.RaftServerConfigKeys (ConfUtils.java:logGet(46)) - raft.server.log.preallocated.size = 4194304 (custom)
2024-10-28 08:10:52,574 [2dd66384-ce76-40f1-abb4-2732924b3f06-groupManagement] INFO  server.RaftServerConfigKeys (ConfUtils.java:logGet(46)) - raft.server.log.force.sync.num = 128 (default)
2024-10-28 08:10:52,574 [2dd66384-ce76-40f1-abb4-2732924b3f06-groupManagement] INFO  server.RaftServerConfigKeys (ConfUtils.java:logGet(46)) - raft.server.log.statemachine.data.sync = true (default)
2024-10-28 08:10:52,574 [2dd66384-ce76-40f1-abb4-2732924b3f06-groupManagement] INFO  server.RaftServerConfigKeys (ConfUtils.java:logGet(46)) - raft.server.log.statemachine.data.sync.timeout = 10s (default)
2024-10-28 08:10:52,574 [2dd66384-ce76-40f1-abb4-2732924b3f06-groupManagement] INFO  server.RaftServerConfigKeys (ConfUtils.java:logGet(46)) - raft.server.log.statemachine.data.sync.timeout.retry = 30 (custom)
2024-10-28 08:10:52,574 [2dd66384-ce76-40f1-abb4-2732924b3f06-groupManagement] INFO  server.RaftServerConfigKeys (ConfUtils.java:logGet(46)) - raft.server.log.write.buffer.size = 33554440 (custom)
2024-10-28 08:10:52,579 [2dd66384-ce76-40f1-abb4-2732924b3f06-groupManagement] INFO  server.RaftServerConfigKeys (ConfUtils.java:logGet(46)) - raft.server.log.appender.buffer.byte-limit = 33554432 (custom)
2024-10-28 08:10:52,579 [2dd66384-ce76-40f1-abb4-2732924b3f06-groupManagement] INFO  server.RaftServerConfigKeys (ConfUtils.java:logGet(46)) - raft.server.log.unsafe-flush.enabled = false (default)
2024-10-28 08:10:52,579 [2dd66384-ce76-40f1-abb4-2732924b3f06-groupManagement] INFO  server.RaftServerConfigKeys (ConfUtils.java:logGet(46)) - raft.server.log.async-flush.enabled = false (default)
2024-10-28 08:10:52,580 [2dd66384-ce76-40f1-abb4-2732924b3f06-groupManagement] INFO  server.RaftServerConfigKeys (ConfUtils.java:logGet(46)) - raft.server.log.statemachine.data.caching.enabled = true (custom)
2024-10-28 08:10:52,580 [2dd66384-ce76-40f1-abb4-2732924b3f06-groupManagement] INFO  segmented.SegmentedRaftLogWorker (SegmentedRaftLogWorker.java:lambda$new$0(138)) - 2dd66384-ce76-40f1-abb4-2732924b3f06@group-9B564B04352B-SegmentedRaftLogWorker: flushIndex: setUnconditionally 0 -> -1
2024-10-28 08:10:52,580 [2dd66384-ce76-40f1-abb4-2732924b3f06-groupManagement] INFO  segmented.SegmentedRaftLogWorker (SegmentedRaftLogWorker.java:lambda$new$0(138)) - 2dd66384-ce76-40f1-abb4-2732924b3f06@group-9B564B04352B-SegmentedRaftLogWorker: safeCacheEvictIndex: setUnconditionally 0 -> -1
2024-10-28 08:10:52,580 [2dd66384-ce76-40f1-abb4-2732924b3f06-groupManagement] INFO  server.RaftServer$Division (RaftServerImpl.java:start(390)) - 2dd66384-ce76-40f1-abb4-2732924b3f06@group-9B564B04352B: start as a follower, conf=conf: {index: -1, cur=peers:[2dd66384-ce76-40f1-abb4-2732924b3f06|127.0.0.1:15136]|listeners:[], old=null}
2024-10-28 08:10:52,580 [2dd66384-ce76-40f1-abb4-2732924b3f06-groupManagement] INFO  server.RaftServer$Division (RaftServerImpl.java:setRole(377)) - 2dd66384-ce76-40f1-abb4-2732924b3f06@group-9B564B04352B: changes role from      null to FOLLOWER at term 0 for startAsFollower
2024-10-28 08:10:52,580 [2dd66384-ce76-40f1-abb4-2732924b3f06-groupManagement] INFO  impl.RoleInfo (RoleInfo.java:updateAndGet(148)) - 2dd66384-ce76-40f1-abb4-2732924b3f06: start 2dd66384-ce76-40f1-abb4-2732924b3f06@group-9B564B04352B-FollowerState
2024-10-28 08:10:52,581 [2dd66384-ce76-40f1-abb4-2732924b3f06@group-9B564B04352B-FollowerState] INFO  server.RaftServerConfigKeys (ConfUtils.java:logFallback(53)) - raft.server.rpc.first-election.timeout.min = 5s (fallback to raft.server.rpc.timeout.min)
2024-10-28 08:10:52,581 [2dd66384-ce76-40f1-abb4-2732924b3f06-groupManagement] INFO  util.JmxRegister (JmxRegister.java:tryRegister(44)) - Successfully registered JMX Bean with object name Ratis:service=RaftServer,group=group-9B564B04352B,id=2dd66384-ce76-40f1-abb4-2732924b3f06
2024-10-28 08:10:52,581 [2dd66384-ce76-40f1-abb4-2732924b3f06-groupManagement] INFO  util.JmxRegister (JmxRegister.java:register(58)) - register mxBean class org.apache.ratis.server.impl.RaftServerJmxAdapter as Ratis:service=RaftServer,group=group-9B564B04352B,id=2dd66384-ce76-40f1-abb4-2732924b3f06
2024-10-28 08:10:52,581 [2dd66384-ce76-40f1-abb4-2732924b3f06-groupManagement] INFO  server.RaftServerConfigKeys (ConfUtils.java:logGet(46)) - raft.server.snapshot.trigger-when-stop.enabled = true (default)
2024-10-28 08:10:52,581 [2dd66384-ce76-40f1-abb4-2732924b3f06-groupManagement] INFO  server.RaftServerConfigKeys (ConfUtils.java:logGet(46)) - raft.server.snapshot.trigger-when-remove.enabled = true (default)
2024-10-28 08:10:52,581 [2dd66384-ce76-40f1-abb4-2732924b3f06-groupManagement] INFO  server.RaftServerConfigKeys (ConfUtils.java:logGet(46)) - raft.server.snapshot.auto.trigger.enabled = true (custom)
2024-10-28 08:10:52,581 [2dd66384-ce76-40f1-abb4-2732924b3f06-groupManagement] INFO  server.RaftServerConfigKeys (ConfUtils.java:logGet(46)) - raft.server.snapshot.auto.trigger.threshold = 10000 (custom)
2024-10-28 08:10:52,581 [2dd66384-ce76-40f1-abb4-2732924b3f06-groupManagement] INFO  server.RaftServerConfigKeys (ConfUtils.java:logGet(46)) - raft.server.snapshot.retention.file.num = 5 (custom)
2024-10-28 08:10:52,581 [2dd66384-ce76-40f1-abb4-2732924b3f06-groupManagement] INFO  server.RaftServerConfigKeys (ConfUtils.java:logGet(46)) - raft.server.log.purge.upto.snapshot.index = false (default)
2024-10-28 08:10:52,581 [2dd66384-ce76-40f1-abb4-2732924b3f06@group-9B564B04352B-FollowerState] INFO  server.RaftServerConfigKeys (ConfUtils.java:logFallback(53)) - raft.server.rpc.first-election.timeout.max = 5200ms (fallback to raft.server.rpc.timeout.max)
2024-10-28 08:10:52,582 [2dd66384-ce76-40f1-abb4-2732924b3f06-PipelineCommandHandlerThread-0] INFO  ratis.XceiverServerRatis (XceiverServerRatis.java:addGroup(844)) - Created group PipelineID=9d462e91-4aea-49d4-88d5-9b564b04352b
2024-10-28 08:10:52,582 [2dd66384-ce76-40f1-abb4-2732924b3f06-PipelineCommandHandlerThread-0] INFO  commandhandler.CreatePipelineCommandHandler (CreatePipelineCommandHandler.java:lambda$handle$2(129)) - Created Pipeline RATIS ONE PipelineID=9d462e91-4aea-49d4-88d5-9b564b04352b.
2024-10-28 08:10:52,828 [5164dc07-7390-4e62-85ea-fa0d5359a577-PipelineCommandHandlerThread-0] INFO  server.RaftServer (RaftServerProxy.java:addNew(100)) - 5164dc07-7390-4e62-85ea-fa0d5359a577: addNew group-C7E84A2F276A:[5164dc07-7390-4e62-85ea-fa0d5359a577|127.0.0.1:15145] returns group-C7E84A2F276A:java.util.concurrent.CompletableFuture@6217765[Not completed]
2024-10-28 08:10:52,829 [5164dc07-7390-4e62-85ea-fa0d5359a577-groupManagement] INFO  server.RaftServer$Division (RaftServerImpl.java:<init>(254)) - 5164dc07-7390-4e62-85ea-fa0d5359a577: new RaftServerImpl for group-C7E84A2F276A:[5164dc07-7390-4e62-85ea-fa0d5359a577|127.0.0.1:15145] with ContainerStateMachine:uninitialized
2024-10-28 08:10:52,829 [5164dc07-7390-4e62-85ea-fa0d5359a577-groupManagement] INFO  server.RaftServerConfigKeys (ConfUtils.java:logGet(46)) - raft.server.rpc.timeout.min = 5s (custom)
2024-10-28 08:10:52,830 [5164dc07-7390-4e62-85ea-fa0d5359a577-groupManagement] INFO  server.RaftServerConfigKeys (ConfUtils.java:logGet(46)) - raft.server.rpc.timeout.max = 5200ms (custom)
2024-10-28 08:10:52,830 [5164dc07-7390-4e62-85ea-fa0d5359a577-groupManagement] INFO  server.RaftServerConfigKeys (ConfUtils.java:logGet(46)) - raft.server.rpc.sleep.time = 25ms (default)
2024-10-28 08:10:52,830 [5164dc07-7390-4e62-85ea-fa0d5359a577-groupManagement] INFO  server.RaftServerConfigKeys (ConfUtils.java:logGet(46)) - raft.server.rpc.slowness.timeout = 300s (custom)
2024-10-28 08:10:52,830 [5164dc07-7390-4e62-85ea-fa0d5359a577-groupManagement] INFO  server.RaftServerConfigKeys (ConfUtils.java:logGet(46)) - raft.server.leaderelection.leader.step-down.wait-time = 10s (default)
2024-10-28 08:10:52,830 [5164dc07-7390-4e62-85ea-fa0d5359a577-groupManagement] INFO  server.RaftServerConfigKeys (ConfUtils.java:logGet(46)) - raft.server.leaderelection.member.majority-add = false (default)
2024-10-28 08:10:52,830 [5164dc07-7390-4e62-85ea-fa0d5359a577-groupManagement] INFO  server.RaftServerConfigKeys (ConfUtils.java:logGet(46)) - raft.server.sleep.deviation.threshold = 300ms (default)
2024-10-28 08:10:52,830 [5164dc07-7390-4e62-85ea-fa0d5359a577-groupManagement] INFO  server.RaftServer$Division (ServerState.java:<init>(114)) - 5164dc07-7390-4e62-85ea-fa0d5359a577@group-C7E84A2F276A: ConfigurationManager, init=conf: {index: -1, cur=peers:[5164dc07-7390-4e62-85ea-fa0d5359a577|127.0.0.1:15145]|listeners:[], old=null}, confs=<EMPTY_MAP>
2024-10-28 08:10:52,830 [5164dc07-7390-4e62-85ea-fa0d5359a577-groupManagement] INFO  server.RaftServerConfigKeys (ConfUtils.java:logGet(46)) - raft.server.notification.no-leader.timeout = 300s (custom)
2024-10-28 08:10:52,830 [5164dc07-7390-4e62-85ea-fa0d5359a577-groupManagement] INFO  server.RaftServerConfigKeys (ConfUtils.java:logGet(46)) - raft.server.read.timeout = 10s (default)
2024-10-28 08:10:52,830 [5164dc07-7390-4e62-85ea-fa0d5359a577-groupManagement] INFO  server.RaftServerConfigKeys (ConfUtils.java:logGet(46)) - raft.server.retrycache.expirytime = 600000ms (custom)
2024-10-28 08:10:52,830 [5164dc07-7390-4e62-85ea-fa0d5359a577-groupManagement] INFO  server.RaftServerConfigKeys (ConfUtils.java:logGet(46)) - raft.server.retrycache.statistics.expirytime = 100ms (default)
2024-10-28 08:10:52,830 [5164dc07-7390-4e62-85ea-fa0d5359a577-groupManagement] INFO  server.RaftServerConfigKeys (ConfUtils.java:logGet(46)) - raft.server.read.option = DEFAULT (default)
2024-10-28 08:10:52,830 [5164dc07-7390-4e62-85ea-fa0d5359a577-groupManagement] INFO  server.RaftServerConfigKeys (ConfUtils.java:logGet(46)) - raft.server.read.read-after-write-consistent.write-index-cache.expiry-time = 60s (default)
2024-10-28 08:10:52,831 [main] INFO  ozone.MiniOzoneClusterImpl (MiniOzoneClusterImpl.java:lambda$waitForClusterToBeReady$0(219)) - Nodes are ready. Got 3 of 3 DN Heartbeats.
2024-10-28 08:10:52,831 [main] INFO  ozone.MiniOzoneClusterImpl (MiniOzoneClusterImpl.java:lambda$waitForClusterToBeReady$0(222)) - Waiting for cluster to exit safe mode
2024-10-28 08:10:52,831 [main] INFO  ozone.MiniOzoneClusterImpl (MiniOzoneClusterImpl.java:lambda$waitForClusterToBeReady$0(224)) - SCM became leader
2024-10-28 08:10:52,833 [5164dc07-7390-4e62-85ea-fa0d5359a577-groupManagement] INFO  server.RaftServerConfigKeys (ConfUtils.java:logGet(46)) - raft.server.rpc.request.timeout = 60s (custom)
2024-10-28 08:10:52,833 [5164dc07-7390-4e62-85ea-fa0d5359a577-groupManagement] INFO  server.RaftServerConfigKeys (ConfUtils.java:logGet(46)) - raft.server.log.appender.install.snapshot.enabled = false (custom)
2024-10-28 08:10:52,833 [5164dc07-7390-4e62-85ea-fa0d5359a577-groupManagement] INFO  server.RaftServerConfigKeys (ConfUtils.java:logGet(46)) - raft.server.threadpool.server.cached = true (default)
2024-10-28 08:10:52,833 [5164dc07-7390-4e62-85ea-fa0d5359a577-groupManagement] INFO  server.RaftServerConfigKeys (ConfUtils.java:logGet(46)) - raft.server.threadpool.server.size = 0 (default)
2024-10-28 08:10:52,833 [5164dc07-7390-4e62-85ea-fa0d5359a577-groupManagement] INFO  server.RaftServerConfigKeys (ConfUtils.java:logGet(46)) - raft.server.threadpool.client.cached = true (default)
2024-10-28 08:10:52,833 [5164dc07-7390-4e62-85ea-fa0d5359a577-groupManagement] INFO  server.RaftServerConfigKeys (ConfUtils.java:logGet(46)) - raft.server.threadpool.client.size = 0 (default)
2024-10-28 08:10:52,833 [5164dc07-7390-4e62-85ea-fa0d5359a577-groupManagement] INFO  server.RaftServerConfigKeys (ConfUtils.java:logGet(46)) - raft.server.storage.free-space.min = 0MB (=0) (default)
2024-10-28 08:10:52,833 [5164dc07-7390-4e62-85ea-fa0d5359a577-groupManagement] INFO  server.RaftServerConfigKeys (ConfUtils.java:logGet(46)) - raft.server.log.corruption.policy = EXCEPTION (default)
2024-10-28 08:10:52,833 [5164dc07-7390-4e62-85ea-fa0d5359a577-groupManagement] INFO  server.RaftServerConfigKeys (ConfUtils.java:logGet(46)) - raft.server.storage.dir = [/home/runner/work/ozone/ozone/hadoop-ozone/integration-test/target/test-dir/MiniOzoneClusterImpl-0da7ab08-e378-40bf-aed1-312ccc1152ed/ozone-meta/datanode-3/ratis] (custom)
2024-10-28 08:10:52,833 [5164dc07-7390-4e62-85ea-fa0d5359a577-groupManagement] INFO  storage.RaftStorageDirectory (RaftStorageDirectoryImpl.java:analyzeStorage(138)) - The storage directory /home/runner/work/ozone/ozone/hadoop-ozone/integration-test/target/test-dir/MiniOzoneClusterImpl-0da7ab08-e378-40bf-aed1-312ccc1152ed/ozone-meta/datanode-3/ratis/fa9e9209-a846-45ee-a190-c7e84a2f276a does not exist. Creating ...
2024-10-28 08:10:52,835 [5164dc07-7390-4e62-85ea-fa0d5359a577-groupManagement] INFO  storage.RaftStorageDirectory (RaftStorageDirectoryImpl.java:tryLock(229)) - Lock on /home/runner/work/ozone/ozone/hadoop-ozone/integration-test/target/test-dir/MiniOzoneClusterImpl-0da7ab08-e378-40bf-aed1-312ccc1152ed/ozone-meta/datanode-3/ratis/fa9e9209-a846-45ee-a190-c7e84a2f276a/in_use.lock acquired by nodename 9135@fv-az886-152
2024-10-28 08:10:52,836 [5164dc07-7390-4e62-85ea-fa0d5359a577-groupManagement] INFO  storage.RaftStorage (RaftStorageImpl.java:format(98)) - Storage directory /home/runner/work/ozone/ozone/hadoop-ozone/integration-test/target/test-dir/MiniOzoneClusterImpl-0da7ab08-e378-40bf-aed1-312ccc1152ed/ozone-meta/datanode-3/ratis/fa9e9209-a846-45ee-a190-c7e84a2f276a has been successfully formatted.
2024-10-28 08:10:52,837 [5164dc07-7390-4e62-85ea-fa0d5359a577-groupManagement] INFO  ratis.ContainerStateMachine (ContainerStateMachine.java:initialize(285)) - 5164dc07-7390-4e62-85ea-fa0d5359a577: initialize group-C7E84A2F276A
2024-10-28 08:10:52,837 [5164dc07-7390-4e62-85ea-fa0d5359a577-groupManagement] INFO  ratis.ContainerStateMachine (ContainerStateMachine.java:loadSnapshot(293)) - group-C7E84A2F276A: The snapshot info is null. Setting the last applied index to:(t:0, i:~)
2024-10-28 08:10:52,837 [5164dc07-7390-4e62-85ea-fa0d5359a577-groupManagement] INFO  server.RaftServerConfigKeys (ConfUtils.java:logGet(46)) - raft.server.log.use.memory = false (default)
2024-10-28 08:10:52,838 [5164dc07-7390-4e62-85ea-fa0d5359a577-groupManagement] INFO  server.RaftServerConfigKeys (ConfUtils.java:logGet(46)) - raft.server.log.purge.gap = 1000000 (custom)
2024-10-28 08:10:52,838 [5164dc07-7390-4e62-85ea-fa0d5359a577-groupManagement] INFO  server.RaftServerConfigKeys (ConfUtils.java:logGet(46)) - raft.server.log.appender.buffer.byte-limit = 33554432 (custom)
2024-10-28 08:10:52,838 [5164dc07-7390-4e62-85ea-fa0d5359a577-groupManagement] INFO  server.RaftServerConfigKeys (ConfUtils.java:logGet(46)) - raft.server.log.statemachine.data.read.timeout = 1000ms (default)
2024-10-28 08:10:52,838 [5164dc07-7390-4e62-85ea-fa0d5359a577-groupManagement] INFO  server.RaftServerConfigKeys (ConfUtils.java:logGet(46)) - raft.server.log.purge.preservation.log.num = 0 (default)
2024-10-28 08:10:52,839 [scmNode-3-EventQueue-PipelineReportForPipelineReportHandler] ERROR pipeline.PipelineReportHandler (PipelineReportHandler.java:onMessage(100)) - Could not process pipeline report=pipelineID {
  id: "fa9e9209-a846-45ee-a190-c7e84a2f276a"
  uuid128 {
    mostSigBits: -387711947731745298
    leastSigBits: -6804719236465875094
  }
}
isLeader: false
bytesWritten: 0
 from dn=5164dc07-7390-4e62-85ea-fa0d5359a577(localhost/127.0.0.1).
org.apache.hadoop.hdds.scm.exceptions.SCMException: org.apache.ratis.protocol.exceptions.NotLeaderException: Server c77964d9-ca67-4df9-b70f-2db5af48a5e3@group-312CCC1152ED is not the leader, suggested leader is: 41ad025f-af8e-4c4e-9124-a1617073bc42|localhost:15078
	at org.apache.hadoop.hdds.scm.ha.SCMHAInvocationHandler.translateException(SCMHAInvocationHandler.java:165)
	at org.apache.hadoop.hdds.scm.ha.SCMHAInvocationHandler.invokeRatis(SCMHAInvocationHandler.java:115)
	at org.apache.hadoop.hdds.scm.ha.SCMHAInvocationHandler.invoke(SCMHAInvocationHandler.java:74)
	at jdk.proxy2/jdk.proxy2.$Proxy38.updatePipelineState(Unknown Source)
	at org.apache.hadoop.hdds.scm.pipeline.PipelineManagerImpl.openPipeline(PipelineManagerImpl.java:430)
	at org.apache.hadoop.hdds.scm.pipeline.PipelineReportHandler.processPipelineReport(PipelineReportHandler.java:135)
	at org.apache.hadoop.hdds.scm.pipeline.PipelineReportHandler.onMessage(PipelineReportHandler.java:93)
	at org.apache.hadoop.hdds.scm.pipeline.PipelineReportHandler.onMessage(PipelineReportHandler.java:52)
	at org.apache.hadoop.hdds.server.events.SingleThreadExecutor.lambda$onMessage$1(SingleThreadExecutor.java:86)
	at java.base/java.util.concurrent.ThreadPoolExecutor.runWorker(ThreadPoolExecutor.java:1136)
	at java.base/java.util.concurrent.ThreadPoolExecutor$Worker.run(ThreadPoolExecutor.java:635)
	at java.base/java.lang.Thread.run(Thread.java:840)
Caused by: org.apache.ratis.protocol.exceptions.NotLeaderException: Server c77964d9-ca67-4df9-b70f-2db5af48a5e3@group-312CCC1152ED is not the leader, suggested leader is: 41ad025f-af8e-4c4e-9124-a1617073bc42|localhost:15078
	at org.apache.ratis.server.impl.RaftServerImpl.generateNotLeaderException(RaftServerImpl.java:777)
	at org.apache.ratis.server.impl.RaftServerImpl.checkLeaderState(RaftServerImpl.java:742)
	at org.apache.ratis.server.impl.RaftServerImpl.checkLeaderState(RaftServerImpl.java:728)
	at org.apache.ratis.server.impl.RaftServerImpl.writeAsyncImpl(RaftServerImpl.java:945)
	at org.apache.ratis.server.impl.RaftServerImpl.writeAsync(RaftServerImpl.java:933)
	at org.apache.ratis.server.impl.RaftServerImpl.replyFuture(RaftServerImpl.java:926)
	at org.apache.ratis.server.impl.RaftServerImpl.submitClientRequestAsync(RaftServerImpl.java:903)
	at org.apache.ratis.server.impl.RaftServerImpl.lambda$null$11(RaftServerImpl.java:892)
	at org.apache.ratis.util.JavaUtils.callAsUnchecked(JavaUtils.java:118)
	at org.apache.ratis.server.impl.RaftServerImpl.lambda$executeSubmitClientRequestAsync$12(RaftServerImpl.java:892)
	at java.base/java.util.concurrent.CompletableFuture$AsyncSupply.run(CompletableFuture.java:1768)
	... 3 more
2024-10-28 08:10:52,841 [5164dc07-7390-4e62-85ea-fa0d5359a577-groupManagement] INFO  server.RaftServerConfigKeys (ConfUtils.java:logGet(46)) - raft.server.log.segment.size.max = 67108864 (custom)
2024-10-28 08:10:52,843 [c77964d9-ca67-4df9-b70f-2db5af48a5e3@group-312CCC1152ED-StateMachineUpdater] INFO  ha.SCMStateMachine (SCMStateMachine.java:takeSnapshot(335)) - Current Snapshot Index 24, takeSnapshot took 0 ms
2024-10-28 08:10:52,843 [c77964d9-ca67-4df9-b70f-2db5af48a5e3@group-312CCC1152ED-StateMachineUpdater] INFO  impl.StateMachineUpdater (StateMachineUpdater.java:takeSnapshot(303)) - c77964d9-ca67-4df9-b70f-2db5af48a5e3@group-312CCC1152ED-StateMachineUpdater: Took a snapshot at index 24
2024-10-28 08:10:52,843 [c77964d9-ca67-4df9-b70f-2db5af48a5e3@group-312CCC1152ED-StateMachineUpdater] INFO  impl.StateMachineUpdater (StateMachineUpdater.java:lambda$new$0(102)) - c77964d9-ca67-4df9-b70f-2db5af48a5e3@group-312CCC1152ED-StateMachineUpdater: snapshotIndex: updateIncreasingly 18 -> 24
2024-10-28 08:10:52,843 [41ad025f-af8e-4c4e-9124-a1617073bc42@group-312CCC1152ED-StateMachineUpdater] INFO  safemode.HealthyPipelineSafeModeRule (HealthyPipelineSafeModeRule.java:initializeRule(172)) - Refreshed total pipeline count is 0, healthy pipeline threshold count is 1
2024-10-28 08:10:52,842 [22ff29b6-698b-46d6-babb-0a5352f8b68f@group-312CCC1152ED-StateMachineUpdater] INFO  ha.SCMStateMachine (SCMStateMachine.java:takeSnapshot(335)) - Current Snapshot Index 24, takeSnapshot took 0 ms
2024-10-28 08:10:52,843 [22ff29b6-698b-46d6-babb-0a5352f8b68f@group-312CCC1152ED-StateMachineUpdater] INFO  impl.StateMachineUpdater (StateMachineUpdater.java:takeSnapshot(303)) - 22ff29b6-698b-46d6-babb-0a5352f8b68f@group-312CCC1152ED-StateMachineUpdater: Took a snapshot at index 24
2024-10-28 08:10:52,843 [22ff29b6-698b-46d6-babb-0a5352f8b68f@group-312CCC1152ED-StateMachineUpdater] INFO  impl.StateMachineUpdater (StateMachineUpdater.java:lambda$new$0(102)) - 22ff29b6-698b-46d6-babb-0a5352f8b68f@group-312CCC1152ED-StateMachineUpdater: snapshotIndex: updateIncreasingly 18 -> 24
2024-10-28 08:10:52,844 [scmNode-1-EventQueue-PipelineReportForPipelineReportHandler] INFO  pipeline.PipelineReportHandler (PipelineReportHandler.java:processPipelineReport(136)) - Opened pipeline PipelineID=fa9e9209-a846-45ee-a190-c7e84a2f276a
2024-10-28 08:10:52,844 [scmNode-1-EventQueue-OpenPipelineForHealthyPipelineSafeModeRule] INFO  safemode.SCMSafeModeManager (HealthyPipelineSafeModeRule.java:process(140)) - SCM in safe mode. Healthy pipelines reported count is 0, required healthy pipeline reported count is 1
2024-10-28 08:10:52,844 [5164dc07-7390-4e62-85ea-fa0d5359a577-groupManagement] INFO  server.RaftServerConfigKeys (ConfUtils.java:logGet(46)) - raft.server.log.segment.cache.num.max = 2 (custom)
2024-10-28 08:10:52,844 [5164dc07-7390-4e62-85ea-fa0d5359a577-groupManagement] INFO  server.RaftServerConfigKeys (ConfUtils.java:logGet(46)) - raft.server.log.segment.cache.size.max = 200MB (=209715200) (default)
2024-10-28 08:10:52,844 [5164dc07-7390-4e62-85ea-fa0d5359a577-groupManagement] INFO  server.RaftServerConfigKeys (ConfUtils.java:logGet(46)) - raft.server.log.appender.buffer.byte-limit = 33554432 (custom)
2024-10-28 08:10:52,845 [5164dc07-7390-4e62-85ea-fa0d5359a577-groupManagement] INFO  util.AwaitToRun (AwaitToRun.java:start(81)) - Thread[5164dc07-7390-4e62-85ea-fa0d5359a577@group-C7E84A2F276A-cacheEviction-AwaitToRun,5,main] started
2024-10-28 08:10:52,845 [5164dc07-7390-4e62-85ea-fa0d5359a577-groupManagement] INFO  segmented.SegmentedRaftLogWorker (SegmentedRaftLogWorker.java:<init>(187)) - new 5164dc07-7390-4e62-85ea-fa0d5359a577@group-C7E84A2F276A-SegmentedRaftLogWorker for RaftStorageImpl:Storage Directory /home/runner/work/ozone/ozone/hadoop-ozone/integration-test/target/test-dir/MiniOzoneClusterImpl-0da7ab08-e378-40bf-aed1-312ccc1152ed/ozone-meta/datanode-3/ratis/fa9e9209-a846-45ee-a190-c7e84a2f276a
2024-10-28 08:10:52,845 [5164dc07-7390-4e62-85ea-fa0d5359a577-groupManagement] INFO  server.RaftServerConfigKeys (ConfUtils.java:logGet(46)) - raft.server.log.queue.byte-limit = 4294967296 (custom)
2024-10-28 08:10:52,845 [5164dc07-7390-4e62-85ea-fa0d5359a577-groupManagement] INFO  server.RaftServerConfigKeys (ConfUtils.java:logGet(46)) - raft.server.log.queue.element-limit = 1024 (custom)
2024-10-28 08:10:52,845 [5164dc07-7390-4e62-85ea-fa0d5359a577-groupManagement] INFO  server.RaftServerConfigKeys (ConfUtils.java:logGet(46)) - raft.server.log.segment.size.max = 67108864 (custom)
2024-10-28 08:10:52,845 [5164dc07-7390-4e62-85ea-fa0d5359a577-groupManagement] INFO  server.RaftServerConfigKeys (ConfUtils.java:logGet(46)) - raft.server.log.preallocated.size = 4194304 (custom)
2024-10-28 08:10:52,845 [5164dc07-7390-4e62-85ea-fa0d5359a577-groupManagement] INFO  server.RaftServerConfigKeys (ConfUtils.java:logGet(46)) - raft.server.log.force.sync.num = 128 (default)
2024-10-28 08:10:52,845 [5164dc07-7390-4e62-85ea-fa0d5359a577-groupManagement] INFO  server.RaftServerConfigKeys (ConfUtils.java:logGet(46)) - raft.server.log.statemachine.data.sync = true (default)
2024-10-28 08:10:52,845 [5164dc07-7390-4e62-85ea-fa0d5359a577-groupManagement] INFO  server.RaftServerConfigKeys (ConfUtils.java:logGet(46)) - raft.server.log.statemachine.data.sync.timeout = 10s (default)
2024-10-28 08:10:52,845 [5164dc07-7390-4e62-85ea-fa0d5359a577-groupManagement] INFO  server.RaftServerConfigKeys (ConfUtils.java:logGet(46)) - raft.server.log.statemachine.data.sync.timeout.retry = 30 (custom)
2024-10-28 08:10:52,845 [5164dc07-7390-4e62-85ea-fa0d5359a577-groupManagement] INFO  server.RaftServerConfigKeys (ConfUtils.java:logGet(46)) - raft.server.log.write.buffer.size = 33554440 (custom)
2024-10-28 08:10:52,846 [c77964d9-ca67-4df9-b70f-2db5af48a5e3@group-312CCC1152ED-StateMachineUpdater] INFO  safemode.HealthyPipelineSafeModeRule (HealthyPipelineSafeModeRule.java:initializeRule(172)) - Refreshed total pipeline count is 0, healthy pipeline threshold count is 1
2024-10-28 08:10:52,841 [scmNode-2-EventQueue-PipelineReportForPipelineReportHandler] ERROR pipeline.PipelineReportHandler (PipelineReportHandler.java:onMessage(100)) - Could not process pipeline report=pipelineID {
  id: "fa9e9209-a846-45ee-a190-c7e84a2f276a"
  uuid128 {
    mostSigBits: -387711947731745298
    leastSigBits: -6804719236465875094
  }
}
isLeader: false
bytesWritten: 0
 from dn=5164dc07-7390-4e62-85ea-fa0d5359a577(localhost/127.0.0.1).
org.apache.hadoop.hdds.scm.exceptions.SCMException: org.apache.ratis.protocol.exceptions.NotLeaderException: Server 22ff29b6-698b-46d6-babb-0a5352f8b68f@group-312CCC1152ED is not the leader, suggested leader is: 41ad025f-af8e-4c4e-9124-a1617073bc42|localhost:15078
	at org.apache.hadoop.hdds.scm.ha.SCMHAInvocationHandler.translateException(SCMHAInvocationHandler.java:165)
	at org.apache.hadoop.hdds.scm.ha.SCMHAInvocationHandler.invokeRatis(SCMHAInvocationHandler.java:115)
	at org.apache.hadoop.hdds.scm.ha.SCMHAInvocationHandler.invoke(SCMHAInvocationHandler.java:74)
	at jdk.proxy2/jdk.proxy2.$Proxy38.updatePipelineState(Unknown Source)
	at org.apache.hadoop.hdds.scm.pipeline.PipelineManagerImpl.openPipeline(PipelineManagerImpl.java:430)
	at org.apache.hadoop.hdds.scm.pipeline.PipelineReportHandler.processPipelineReport(PipelineReportHandler.java:135)
	at org.apache.hadoop.hdds.scm.pipeline.PipelineReportHandler.onMessage(PipelineReportHandler.java:93)
	at org.apache.hadoop.hdds.scm.pipeline.PipelineReportHandler.onMessage(PipelineReportHandler.java:52)
	at org.apache.hadoop.hdds.server.events.SingleThreadExecutor.lambda$onMessage$1(SingleThreadExecutor.java:86)
	at java.base/java.util.concurrent.ThreadPoolExecutor.runWorker(ThreadPoolExecutor.java:1136)
	at java.base/java.util.concurrent.ThreadPoolExecutor$Worker.run(ThreadPoolExecutor.java:635)
	at java.base/java.lang.Thread.run(Thread.java:840)
Caused by: org.apache.ratis.protocol.exceptions.NotLeaderException: Server 22ff29b6-698b-46d6-babb-0a5352f8b68f@group-312CCC1152ED is not the leader, suggested leader is: 41ad025f-af8e-4c4e-9124-a1617073bc42|localhost:15078
	at org.apache.ratis.server.impl.RaftServerImpl.generateNotLeaderException(RaftServerImpl.java:777)
	at org.apache.ratis.server.impl.RaftServerImpl.checkLeaderState(RaftServerImpl.java:742)
	at org.apache.ratis.server.impl.RaftServerImpl.checkLeaderState(RaftServerImpl.java:728)
	at org.apache.ratis.server.impl.RaftServerImpl.writeAsyncImpl(RaftServerImpl.java:945)
	at org.apache.ratis.server.impl.RaftServerImpl.writeAsync(RaftServerImpl.java:933)
	at org.apache.ratis.server.impl.RaftServerImpl.replyFuture(RaftServerImpl.java:926)
	at org.apache.ratis.server.impl.RaftServerImpl.submitClientRequestAsync(RaftServerImpl.java:903)
	at org.apache.ratis.server.impl.RaftServerImpl.lambda$null$11(RaftServerImpl.java:892)
	at org.apache.ratis.util.JavaUtils.callAsUnchecked(JavaUtils.java:118)
	at org.apache.ratis.server.impl.RaftServerImpl.lambda$executeSubmitClientRequestAsync$12(RaftServerImpl.java:892)
	at java.base/java.util.concurrent.CompletableFuture$AsyncSupply.run(CompletableFuture.java:1768)
	... 3 more
2024-10-28 08:10:52,846 [22ff29b6-698b-46d6-babb-0a5352f8b68f@group-312CCC1152ED-StateMachineUpdater] INFO  safemode.HealthyPipelineSafeModeRule (HealthyPipelineSafeModeRule.java:initializeRule(172)) - Refreshed total pipeline count is 0, healthy pipeline threshold count is 1
2024-10-28 08:10:52,850 [5164dc07-7390-4e62-85ea-fa0d5359a577-groupManagement] INFO  server.RaftServerConfigKeys (ConfUtils.java:logGet(46)) - raft.server.log.appender.buffer.byte-limit = 33554432 (custom)
2024-10-28 08:10:52,850 [5164dc07-7390-4e62-85ea-fa0d5359a577-groupManagement] INFO  server.RaftServerConfigKeys (ConfUtils.java:logGet(46)) - raft.server.log.unsafe-flush.enabled = false (default)
2024-10-28 08:10:52,850 [5164dc07-7390-4e62-85ea-fa0d5359a577-groupManagement] INFO  server.RaftServerConfigKeys (ConfUtils.java:logGet(46)) - raft.server.log.async-flush.enabled = false (default)
2024-10-28 08:10:52,851 [5164dc07-7390-4e62-85ea-fa0d5359a577-groupManagement] INFO  server.RaftServerConfigKeys (ConfUtils.java:logGet(46)) - raft.server.log.statemachine.data.caching.enabled = true (custom)
2024-10-28 08:10:52,851 [5164dc07-7390-4e62-85ea-fa0d5359a577-groupManagement] INFO  segmented.SegmentedRaftLogWorker (SegmentedRaftLogWorker.java:lambda$new$0(138)) - 5164dc07-7390-4e62-85ea-fa0d5359a577@group-C7E84A2F276A-SegmentedRaftLogWorker: flushIndex: setUnconditionally 0 -> -1
2024-10-28 08:10:52,851 [5164dc07-7390-4e62-85ea-fa0d5359a577-groupManagement] INFO  segmented.SegmentedRaftLogWorker (SegmentedRaftLogWorker.java:lambda$new$0(138)) - 5164dc07-7390-4e62-85ea-fa0d5359a577@group-C7E84A2F276A-SegmentedRaftLogWorker: safeCacheEvictIndex: setUnconditionally 0 -> -1
2024-10-28 08:10:52,851 [5164dc07-7390-4e62-85ea-fa0d5359a577-groupManagement] INFO  server.RaftServer$Division (RaftServerImpl.java:start(390)) - 5164dc07-7390-4e62-85ea-fa0d5359a577@group-C7E84A2F276A: start as a follower, conf=conf: {index: -1, cur=peers:[5164dc07-7390-4e62-85ea-fa0d5359a577|127.0.0.1:15145]|listeners:[], old=null}
2024-10-28 08:10:52,851 [5164dc07-7390-4e62-85ea-fa0d5359a577-groupManagement] INFO  server.RaftServer$Division (RaftServerImpl.java:setRole(377)) - 5164dc07-7390-4e62-85ea-fa0d5359a577@group-C7E84A2F276A: changes role from      null to FOLLOWER at term 0 for startAsFollower
2024-10-28 08:10:52,851 [5164dc07-7390-4e62-85ea-fa0d5359a577-groupManagement] INFO  impl.RoleInfo (RoleInfo.java:updateAndGet(148)) - 5164dc07-7390-4e62-85ea-fa0d5359a577: start 5164dc07-7390-4e62-85ea-fa0d5359a577@group-C7E84A2F276A-FollowerState
2024-10-28 08:10:52,852 [5164dc07-7390-4e62-85ea-fa0d5359a577@group-C7E84A2F276A-FollowerState] INFO  server.RaftServerConfigKeys (ConfUtils.java:logFallback(53)) - raft.server.rpc.first-election.timeout.min = 5s (fallback to raft.server.rpc.timeout.min)
2024-10-28 08:10:52,852 [5164dc07-7390-4e62-85ea-fa0d5359a577-groupManagement] INFO  util.JmxRegister (JmxRegister.java:tryRegister(44)) - Successfully registered JMX Bean with object name Ratis:service=RaftServer,group=group-C7E84A2F276A,id=5164dc07-7390-4e62-85ea-fa0d5359a577
2024-10-28 08:10:52,852 [5164dc07-7390-4e62-85ea-fa0d5359a577-groupManagement] INFO  util.JmxRegister (JmxRegister.java:register(58)) - register mxBean class org.apache.ratis.server.impl.RaftServerJmxAdapter as Ratis:service=RaftServer,group=group-C7E84A2F276A,id=5164dc07-7390-4e62-85ea-fa0d5359a577
2024-10-28 08:10:52,852 [5164dc07-7390-4e62-85ea-fa0d5359a577-groupManagement] INFO  server.RaftServerConfigKeys (ConfUtils.java:logGet(46)) - raft.server.snapshot.trigger-when-stop.enabled = true (default)
2024-10-28 08:10:52,852 [5164dc07-7390-4e62-85ea-fa0d5359a577-groupManagement] INFO  server.RaftServerConfigKeys (ConfUtils.java:logGet(46)) - raft.server.snapshot.trigger-when-remove.enabled = true (default)
2024-10-28 08:10:52,852 [5164dc07-7390-4e62-85ea-fa0d5359a577-groupManagement] INFO  server.RaftServerConfigKeys (ConfUtils.java:logGet(46)) - raft.server.snapshot.auto.trigger.enabled = true (custom)
2024-10-28 08:10:52,852 [5164dc07-7390-4e62-85ea-fa0d5359a577-groupManagement] INFO  server.RaftServerConfigKeys (ConfUtils.java:logGet(46)) - raft.server.snapshot.auto.trigger.threshold = 10000 (custom)
2024-10-28 08:10:52,852 [5164dc07-7390-4e62-85ea-fa0d5359a577-groupManagement] INFO  server.RaftServerConfigKeys (ConfUtils.java:logGet(46)) - raft.server.snapshot.retention.file.num = 5 (custom)
2024-10-28 08:10:52,852 [5164dc07-7390-4e62-85ea-fa0d5359a577-groupManagement] INFO  server.RaftServerConfigKeys (ConfUtils.java:logGet(46)) - raft.server.log.purge.upto.snapshot.index = false (default)
2024-10-28 08:10:52,852 [5164dc07-7390-4e62-85ea-fa0d5359a577@group-C7E84A2F276A-FollowerState] INFO  server.RaftServerConfigKeys (ConfUtils.java:logFallback(53)) - raft.server.rpc.first-election.timeout.max = 5200ms (fallback to raft.server.rpc.timeout.max)
2024-10-28 08:10:52,855 [5164dc07-7390-4e62-85ea-fa0d5359a577-PipelineCommandHandlerThread-0] INFO  ratis.XceiverServerRatis (XceiverServerRatis.java:addGroup(844)) - Created group PipelineID=fa9e9209-a846-45ee-a190-c7e84a2f276a
2024-10-28 08:10:52,855 [5164dc07-7390-4e62-85ea-fa0d5359a577-PipelineCommandHandlerThread-0] INFO  commandhandler.CreatePipelineCommandHandler (CreatePipelineCommandHandler.java:lambda$handle$2(129)) - Created Pipeline RATIS ONE PipelineID=fa9e9209-a846-45ee-a190-c7e84a2f276a.
2024-10-28 08:10:53,050 [d1f2ec58-f55e-45ab-93c5-34baa5ccb560-EndpointStateMachineTaskThread-/127.0.0.1:15020-0 ] INFO  ipc.Client (Client.java:handleConnectionFailure(950)) - Retrying connect to server: localhost/127.0.0.1:15020. Already tried 12 time(s); retry policy is RetryUpToMaximumCountWithFixedSleep(maxRetries=15, sleepTime=1000 MILLISECONDS)
2024-10-28 08:10:53,050 [d1f2ec58-f55e-45ab-93c5-34baa5ccb560-EndpointStateMachineTaskThread-/127.0.0.1:15012-0 ] INFO  ipc.Client (Client.java:handleConnectionFailure(950)) - Retrying connect to server: localhost/127.0.0.1:15012. Already tried 12 time(s); retry policy is RetryUpToMaximumCountWithFixedSleep(maxRetries=15, sleepTime=1000 MILLISECONDS)
2024-10-28 08:10:53,831 [main] INFO  ozone.MiniOzoneClusterImpl (MiniOzoneClusterImpl.java:lambda$waitForClusterToBeReady$0(219)) - Nodes are ready. Got 3 of 3 DN Heartbeats.
2024-10-28 08:10:53,831 [main] INFO  ozone.MiniOzoneClusterImpl (MiniOzoneClusterImpl.java:lambda$waitForClusterToBeReady$0(222)) - Waiting for cluster to exit safe mode
2024-10-28 08:10:53,831 [main] INFO  ozone.MiniOzoneClusterImpl (MiniOzoneClusterImpl.java:lambda$waitForClusterToBeReady$0(224)) - SCM became leader
2024-10-28 08:10:54,051 [d1f2ec58-f55e-45ab-93c5-34baa5ccb560-EndpointStateMachineTaskThread-/127.0.0.1:15020-0 ] INFO  ipc.Client (Client.java:handleConnectionFailure(950)) - Retrying connect to server: localhost/127.0.0.1:15020. Already tried 13 time(s); retry policy is RetryUpToMaximumCountWithFixedSleep(maxRetries=15, sleepTime=1000 MILLISECONDS)
2024-10-28 08:10:54,051 [d1f2ec58-f55e-45ab-93c5-34baa5ccb560-EndpointStateMachineTaskThread-/127.0.0.1:15012-0 ] INFO  ipc.Client (Client.java:handleConnectionFailure(950)) - Retrying connect to server: localhost/127.0.0.1:15012. Already tried 13 time(s); retry policy is RetryUpToMaximumCountWithFixedSleep(maxRetries=15, sleepTime=1000 MILLISECONDS)
2024-10-28 08:10:54,831 [main] INFO  ozone.MiniOzoneClusterImpl (MiniOzoneClusterImpl.java:lambda$waitForClusterToBeReady$0(219)) - Nodes are ready. Got 3 of 3 DN Heartbeats.
2024-10-28 08:10:54,832 [main] INFO  ozone.MiniOzoneClusterImpl (MiniOzoneClusterImpl.java:lambda$waitForClusterToBeReady$0(222)) - Waiting for cluster to exit safe mode
2024-10-28 08:10:54,832 [main] INFO  ozone.MiniOzoneClusterImpl (MiniOzoneClusterImpl.java:lambda$waitForClusterToBeReady$0(224)) - SCM became leader
2024-10-28 08:10:55,052 [d1f2ec58-f55e-45ab-93c5-34baa5ccb560-EndpointStateMachineTaskThread-/127.0.0.1:15012-0 ] INFO  ipc.Client (Client.java:handleConnectionFailure(950)) - Retrying connect to server: localhost/127.0.0.1:15012. Already tried 14 time(s); retry policy is RetryUpToMaximumCountWithFixedSleep(maxRetries=15, sleepTime=1000 MILLISECONDS)
2024-10-28 08:10:55,052 [d1f2ec58-f55e-45ab-93c5-34baa5ccb560-EndpointStateMachineTaskThread-/127.0.0.1:15020-0 ] INFO  ipc.Client (Client.java:handleConnectionFailure(950)) - Retrying connect to server: localhost/127.0.0.1:15020. Already tried 14 time(s); retry policy is RetryUpToMaximumCountWithFixedSleep(maxRetries=15, sleepTime=1000 MILLISECONDS)
2024-10-28 08:10:55,832 [main] INFO  ozone.MiniOzoneClusterImpl (MiniOzoneClusterImpl.java:lambda$waitForClusterToBeReady$0(219)) - Nodes are ready. Got 3 of 3 DN Heartbeats.
2024-10-28 08:10:55,832 [main] INFO  ozone.MiniOzoneClusterImpl (MiniOzoneClusterImpl.java:lambda$waitForClusterToBeReady$0(222)) - Waiting for cluster to exit safe mode
2024-10-28 08:10:55,832 [main] INFO  ozone.MiniOzoneClusterImpl (MiniOzoneClusterImpl.java:lambda$waitForClusterToBeReady$0(224)) - SCM became leader
2024-10-28 08:10:56,053 [c1501d64-56a7-4321-969a-305f0b2a668b-EndpointStateMachineTaskThread-/127.0.0.1:15012-0 ] INFO  ipc.Client (Client.java:handleConnectionFailure(950)) - Retrying connect to server: localhost/127.0.0.1:15012. Already tried 0 time(s); retry policy is RetryUpToMaximumCountWithFixedSleep(maxRetries=15, sleepTime=1000 MILLISECONDS)
2024-10-28 08:10:56,832 [main] INFO  ozone.MiniOzoneClusterImpl (MiniOzoneClusterImpl.java:lambda$waitForClusterToBeReady$0(219)) - Nodes are ready. Got 3 of 3 DN Heartbeats.
2024-10-28 08:10:56,833 [main] INFO  ozone.MiniOzoneClusterImpl (MiniOzoneClusterImpl.java:lambda$waitForClusterToBeReady$0(222)) - Waiting for cluster to exit safe mode
2024-10-28 08:10:56,833 [main] INFO  ozone.MiniOzoneClusterImpl (MiniOzoneClusterImpl.java:lambda$waitForClusterToBeReady$0(224)) - SCM became leader
2024-10-28 08:10:57,053 [c1501d64-56a7-4321-969a-305f0b2a668b-EndpointStateMachineTaskThread-/127.0.0.1:15012-0 ] INFO  ipc.Client (Client.java:handleConnectionFailure(950)) - Retrying connect to server: localhost/127.0.0.1:15012. Already tried 1 time(s); retry policy is RetryUpToMaximumCountWithFixedSleep(maxRetries=15, sleepTime=1000 MILLISECONDS)
2024-10-28 08:10:57,214 [0506bfaa-e0bf-41a1-ae8b-a3d5b458913d@group-F28298DE009A-FollowerState] INFO  impl.FollowerState (FollowerState.java:run(144)) - 0506bfaa-e0bf-41a1-ae8b-a3d5b458913d@group-F28298DE009A-FollowerState: change to CANDIDATE, lastRpcElapsedTime:5038130222ns, electionTimeout:5037ms
2024-10-28 08:10:57,214 [0506bfaa-e0bf-41a1-ae8b-a3d5b458913d@group-F28298DE009A-FollowerState] INFO  impl.RoleInfo (RoleInfo.java:shutdownFollowerState(119)) - 0506bfaa-e0bf-41a1-ae8b-a3d5b458913d: shutdown 0506bfaa-e0bf-41a1-ae8b-a3d5b458913d@group-F28298DE009A-FollowerState
2024-10-28 08:10:57,215 [0506bfaa-e0bf-41a1-ae8b-a3d5b458913d@group-F28298DE009A-FollowerState] INFO  server.RaftServer$Division (RaftServerImpl.java:setRole(377)) - 0506bfaa-e0bf-41a1-ae8b-a3d5b458913d@group-F28298DE009A: changes role from  FOLLOWER to CANDIDATE at term 0 for changeToCandidate
2024-10-28 08:10:57,215 [0506bfaa-e0bf-41a1-ae8b-a3d5b458913d@group-F28298DE009A-FollowerState] INFO  server.RaftServerConfigKeys (ConfUtils.java:logGet(46)) - raft.server.leaderelection.pre-vote = true (default)
2024-10-28 08:10:57,215 [0506bfaa-e0bf-41a1-ae8b-a3d5b458913d@group-F28298DE009A-FollowerState] INFO  impl.RoleInfo (RoleInfo.java:updateAndGet(148)) - 0506bfaa-e0bf-41a1-ae8b-a3d5b458913d: start 0506bfaa-e0bf-41a1-ae8b-a3d5b458913d@group-F28298DE009A-LeaderElection15
2024-10-28 08:10:57,215 [0506bfaa-e0bf-41a1-ae8b-a3d5b458913d@group-F28298DE009A-LeaderElection15] INFO  impl.LeaderElection (LeaderElection.java:askForVotes(325)) - 0506bfaa-e0bf-41a1-ae8b-a3d5b458913d@group-F28298DE009A-LeaderElection15 PRE_VOTE round 0: submit vote requests at term 0 for conf: {index: -1, cur=peers:[0506bfaa-e0bf-41a1-ae8b-a3d5b458913d|127.0.0.1:15127]|listeners:[], old=null}
2024-10-28 08:10:57,215 [0506bfaa-e0bf-41a1-ae8b-a3d5b458913d@group-F28298DE009A-LeaderElection15] INFO  impl.LeaderElection (LeaderElection.java:askForVotes(327)) - 0506bfaa-e0bf-41a1-ae8b-a3d5b458913d@group-F28298DE009A-LeaderElection15 PRE_VOTE round 0: result PASSED (term=0)
2024-10-28 08:10:57,217 [0506bfaa-e0bf-41a1-ae8b-a3d5b458913d@group-F28298DE009A-LeaderElection15] INFO  impl.LeaderElection (LeaderElection.java:askForVotes(325)) - 0506bfaa-e0bf-41a1-ae8b-a3d5b458913d@group-F28298DE009A-LeaderElection15 ELECTION round 0: submit vote requests at term 1 for conf: {index: -1, cur=peers:[0506bfaa-e0bf-41a1-ae8b-a3d5b458913d|127.0.0.1:15127]|listeners:[], old=null}
2024-10-28 08:10:57,217 [0506bfaa-e0bf-41a1-ae8b-a3d5b458913d@group-F28298DE009A-LeaderElection15] INFO  impl.LeaderElection (LeaderElection.java:askForVotes(327)) - 0506bfaa-e0bf-41a1-ae8b-a3d5b458913d@group-F28298DE009A-LeaderElection15 ELECTION round 0: result PASSED (term=1)
2024-10-28 08:10:57,217 [0506bfaa-e0bf-41a1-ae8b-a3d5b458913d@group-F28298DE009A-LeaderElection15] INFO  impl.RoleInfo (RoleInfo.java:shutdownLeaderElection(139)) - 0506bfaa-e0bf-41a1-ae8b-a3d5b458913d: shutdown 0506bfaa-e0bf-41a1-ae8b-a3d5b458913d@group-F28298DE009A-LeaderElection15
2024-10-28 08:10:57,217 [0506bfaa-e0bf-41a1-ae8b-a3d5b458913d@group-F28298DE009A-LeaderElection15] INFO  server.RaftServer$Division (RaftServerImpl.java:setRole(377)) - 0506bfaa-e0bf-41a1-ae8b-a3d5b458913d@group-F28298DE009A: changes role from CANDIDATE to LEADER at term 1 for changeToLeader
2024-10-28 08:10:57,217 [0506bfaa-e0bf-41a1-ae8b-a3d5b458913d@group-F28298DE009A-LeaderElection15] INFO  server.RaftServerConfigKeys (ConfUtils.java:logGet(46)) - raft.server.staging.catchup.gap = 1000 (default)
2024-10-28 08:10:57,217 [0506bfaa-e0bf-41a1-ae8b-a3d5b458913d@group-F28298DE009A-LeaderElection15] INFO  server.RaftServerConfigKeys (ConfUtils.java:logGet(46)) - raft.server.write.element-limit = 1024 (custom)
2024-10-28 08:10:57,217 [0506bfaa-e0bf-41a1-ae8b-a3d5b458913d@group-F28298DE009A-LeaderElection15] INFO  server.RaftServerConfigKeys (ConfUtils.java:logGet(46)) - raft.server.write.byte-limit = 1024 M (=1073741824) (custom)
2024-10-28 08:10:57,218 [0506bfaa-e0bf-41a1-ae8b-a3d5b458913d@group-F28298DE009A-LeaderElection15] INFO  server.RaftServerConfigKeys (ConfUtils.java:logGet(46)) - raft.server.watch.timeout = 30s (custom)
2024-10-28 08:10:57,218 [0506bfaa-e0bf-41a1-ae8b-a3d5b458913d@group-F28298DE009A-LeaderElection15] INFO  server.RaftServerConfigKeys (ConfUtils.java:logGet(46)) - raft.server.watch.timeout.denomination = 1s (default)
2024-10-28 08:10:57,218 [0506bfaa-e0bf-41a1-ae8b-a3d5b458913d@group-F28298DE009A-LeaderElection15] INFO  server.RaftServerConfigKeys (ConfUtils.java:logGet(46)) - raft.server.watch.element-limit = 65536 (default)
2024-10-28 08:10:57,218 [0506bfaa-e0bf-41a1-ae8b-a3d5b458913d@group-F28298DE009A-LeaderElection15] INFO  server.RaftServerConfigKeys (ConfUtils.java:logGet(46)) - raft.server.read.leader.lease.enabled = false (default)
2024-10-28 08:10:57,218 [0506bfaa-e0bf-41a1-ae8b-a3d5b458913d@group-F28298DE009A-LeaderElection15] INFO  server.RaftServerConfigKeys (ConfUtils.java:logGet(46)) - raft.server.read.leader.lease.timeout.ratio = 0.9 (default)
2024-10-28 08:10:57,218 [0506bfaa-e0bf-41a1-ae8b-a3d5b458913d@group-F28298DE009A-LeaderElection15] INFO  server.RaftServerConfigKeys (ConfUtils.java:logGet(46)) - raft.server.rpc.timeout.min = 5s (custom)
2024-10-28 08:10:57,218 [0506bfaa-e0bf-41a1-ae8b-a3d5b458913d@group-F28298DE009A-LeaderElection15] INFO  server.RaftServerConfigKeys (ConfUtils.java:logGet(46)) - raft.server.log.log-metadata.enabled = true (default)
2024-10-28 08:10:57,219 [0506bfaa-e0bf-41a1-ae8b-a3d5b458913d@group-F28298DE009A-LeaderElection15] INFO  server.RaftServerConfigKeys (ConfUtils.java:logGet(46)) - raft.server.write.element-limit = 1024 (custom)
2024-10-28 08:10:57,219 [0506bfaa-e0bf-41a1-ae8b-a3d5b458913d@group-F28298DE009A-LeaderElection15] INFO  server.RaftServerConfigKeys (ConfUtils.java:logGet(46)) - raft.server.write.follower.gap.ratio.max = -1.0 (default)
2024-10-28 08:10:57,219 [0506bfaa-e0bf-41a1-ae8b-a3d5b458913d@group-F28298DE009A-LeaderElection15] INFO  impl.RoleInfo (RoleInfo.java:updateAndGet(148)) - 0506bfaa-e0bf-41a1-ae8b-a3d5b458913d: start 0506bfaa-e0bf-41a1-ae8b-a3d5b458913d@group-F28298DE009A-LeaderStateImpl
2024-10-28 08:10:57,219 [0506bfaa-e0bf-41a1-ae8b-a3d5b458913d@group-F28298DE009A-LeaderElection15] INFO  server.RaftServer$Division (RaftServerImpl.java:setFirstElection(558)) - 0506bfaa-e0bf-41a1-ae8b-a3d5b458913d@group-F28298DE009A: set firstElectionSinceStartup to false for becomeLeader
2024-10-28 08:10:57,219 [0506bfaa-e0bf-41a1-ae8b-a3d5b458913d@group-F28298DE009A-LeaderElection15] INFO  ratis.XceiverServerRatis (XceiverServerRatis.java:handleLeaderChangedNotification(944)) - Leader change notification received for group: group-F28298DE009A with new leaderId: 0506bfaa-e0bf-41a1-ae8b-a3d5b458913d
2024-10-28 08:10:57,219 [0506bfaa-e0bf-41a1-ae8b-a3d5b458913d@group-F28298DE009A-LeaderElection15] INFO  server.RaftServer$Division (ServerState.java:setLeader(272)) - 0506bfaa-e0bf-41a1-ae8b-a3d5b458913d@group-F28298DE009A: change Leader from null to 0506bfaa-e0bf-41a1-ae8b-a3d5b458913d at term 1 for becomeLeader, leader elected after 5070ms
2024-10-28 08:10:57,219 [0506bfaa-e0bf-41a1-ae8b-a3d5b458913d@group-F28298DE009A-LeaderElection15] INFO  segmented.SegmentedRaftLogWorker (SegmentedRaftLogWorker.java:startLogSegment(437)) - 0506bfaa-e0bf-41a1-ae8b-a3d5b458913d@group-F28298DE009A-SegmentedRaftLogWorker: Starting segment from index:0
2024-10-28 08:10:57,219 [0506bfaa-e0bf-41a1-ae8b-a3d5b458913d@group-F28298DE009A-LeaderElection15] INFO  server.RaftServer$Division (ServerState.java:setRaftConf(386)) - 0506bfaa-e0bf-41a1-ae8b-a3d5b458913d@group-F28298DE009A: set configuration conf: {index: 0, cur=peers:[0506bfaa-e0bf-41a1-ae8b-a3d5b458913d|127.0.0.1:15127]|listeners:[], old=null}
2024-10-28 08:10:57,220 [0506bfaa-e0bf-41a1-ae8b-a3d5b458913d@group-F28298DE009A-SegmentedRaftLogWorker] INFO  segmented.BufferedWriteChannel (BufferedWriteChannel.java:open(61)) - open log_inprogress_0 at position 0
2024-10-28 08:10:57,220 [scmNode-1-EventQueue-OpenPipelineForHealthyPipelineSafeModeRule] INFO  safemode.SCMSafeModeManager (HealthyPipelineSafeModeRule.java:process(140)) - SCM in safe mode. Healthy pipelines reported count is 0, required healthy pipeline reported count is 1
2024-10-28 08:10:57,224 [scmNode-3-EventQueue-OpenPipelineForHealthyPipelineSafeModeRule] INFO  safemode.SCMSafeModeManager (HealthyPipelineSafeModeRule.java:process(140)) - SCM in safe mode. Healthy pipelines reported count is 0, required healthy pipeline reported count is 1
2024-10-28 08:10:57,225 [scmNode-2-EventQueue-OpenPipelineForHealthyPipelineSafeModeRule] INFO  safemode.SCMSafeModeManager (HealthyPipelineSafeModeRule.java:process(140)) - SCM in safe mode. Healthy pipelines reported count is 0, required healthy pipeline reported count is 1
2024-10-28 08:10:57,231 [0506bfaa-e0bf-41a1-ae8b-a3d5b458913d@group-F28298DE009A-SegmentedRaftLogWorker] INFO  segmented.SegmentedRaftLogWorker (SegmentedRaftLogWorker.java:execute(641)) - 0506bfaa-e0bf-41a1-ae8b-a3d5b458913d@group-F28298DE009A-SegmentedRaftLogWorker: created new log segment /home/runner/work/ozone/ozone/hadoop-ozone/integration-test/target/test-dir/MiniOzoneClusterImpl-0da7ab08-e378-40bf-aed1-312ccc1152ed/ozone-meta/datanode-1/ratis/c4204bd4-d65b-4d77-a627-f28298de009a/current/log_inprogress_0
2024-10-28 08:10:57,232 [0506bfaa-e0bf-41a1-ae8b-a3d5b458913d@group-F28298DE009A-StateMachineUpdater] INFO  server.RaftServer$Division (LeaderStateImpl.java:checkStartIndex(316)) - Leader 0506bfaa-e0bf-41a1-ae8b-a3d5b458913d@group-F28298DE009A-LeaderStateImpl is ready since appliedIndex == startIndex == 0
2024-10-28 08:10:57,241 [0506bfaa-e0bf-41a1-ae8b-a3d5b458913d@group-2EAE137D939C-FollowerState] INFO  impl.FollowerState (FollowerState.java:run(144)) - 0506bfaa-e0bf-41a1-ae8b-a3d5b458913d@group-2EAE137D939C-FollowerState: change to CANDIDATE, lastRpcElapsedTime:5033643859ns, electionTimeout:5033ms
2024-10-28 08:10:57,241 [0506bfaa-e0bf-41a1-ae8b-a3d5b458913d@group-2EAE137D939C-FollowerState] INFO  impl.RoleInfo (RoleInfo.java:shutdownFollowerState(119)) - 0506bfaa-e0bf-41a1-ae8b-a3d5b458913d: shutdown 0506bfaa-e0bf-41a1-ae8b-a3d5b458913d@group-2EAE137D939C-FollowerState
2024-10-28 08:10:57,241 [0506bfaa-e0bf-41a1-ae8b-a3d5b458913d@group-2EAE137D939C-FollowerState] INFO  server.RaftServer$Division (RaftServerImpl.java:setRole(377)) - 0506bfaa-e0bf-41a1-ae8b-a3d5b458913d@group-2EAE137D939C: changes role from  FOLLOWER to CANDIDATE at term 0 for changeToCandidate
2024-10-28 08:10:57,241 [0506bfaa-e0bf-41a1-ae8b-a3d5b458913d@group-2EAE137D939C-FollowerState] INFO  server.RaftServerConfigKeys (ConfUtils.java:logGet(46)) - raft.server.leaderelection.pre-vote = true (default)
2024-10-28 08:10:57,241 [0506bfaa-e0bf-41a1-ae8b-a3d5b458913d@group-2EAE137D939C-FollowerState] INFO  impl.RoleInfo (RoleInfo.java:updateAndGet(148)) - 0506bfaa-e0bf-41a1-ae8b-a3d5b458913d: start 0506bfaa-e0bf-41a1-ae8b-a3d5b458913d@group-2EAE137D939C-LeaderElection16
2024-10-28 08:10:57,242 [0506bfaa-e0bf-41a1-ae8b-a3d5b458913d@group-2EAE137D939C-LeaderElection16] INFO  impl.LeaderElection (LeaderElection.java:askForVotes(325)) - 0506bfaa-e0bf-41a1-ae8b-a3d5b458913d@group-2EAE137D939C-LeaderElection16 PRE_VOTE round 0: submit vote requests at term 0 for conf: {index: -1, cur=peers:[5164dc07-7390-4e62-85ea-fa0d5359a577|127.0.0.1:15145, 2dd66384-ce76-40f1-abb4-2732924b3f06|127.0.0.1:15136, 0506bfaa-e0bf-41a1-ae8b-a3d5b458913d|127.0.0.1:15127]|listeners:[], old=null}
2024-10-28 08:10:57,242 [0506bfaa-e0bf-41a1-ae8b-a3d5b458913d@group-2EAE137D939C-LeaderElection16-1] INFO  server.GrpcServerProtocolClient (GrpcServerProtocolClient.java:<init>(65)) - Build channel for 5164dc07-7390-4e62-85ea-fa0d5359a577|127.0.0.1:15145
2024-10-28 08:10:57,242 [0506bfaa-e0bf-41a1-ae8b-a3d5b458913d@group-2EAE137D939C-LeaderElection16-2] INFO  server.GrpcServerProtocolClient (GrpcServerProtocolClient.java:<init>(65)) - Build channel for 2dd66384-ce76-40f1-abb4-2732924b3f06|127.0.0.1:15136
2024-10-28 08:10:57,242 [0506bfaa-e0bf-41a1-ae8b-a3d5b458913d@group-2EAE137D939C-LeaderElection16] INFO  server.RaftServerConfigKeys (ConfUtils.java:logFallback(53)) - raft.server.rpc.first-election.timeout.min = 5s (fallback to raft.server.rpc.timeout.min)
2024-10-28 08:10:57,243 [0506bfaa-e0bf-41a1-ae8b-a3d5b458913d@group-2EAE137D939C-LeaderElection16] INFO  server.RaftServerConfigKeys (ConfUtils.java:logFallback(53)) - raft.server.rpc.first-election.timeout.max = 5200ms (fallback to raft.server.rpc.timeout.max)
2024-10-28 08:10:57,252 [5164dc07-7390-4e62-85ea-fa0d5359a577@group-2EAE137D939C-FollowerState] INFO  impl.FollowerState (FollowerState.java:run(144)) - 5164dc07-7390-4e62-85ea-fa0d5359a577@group-2EAE137D939C-FollowerState: change to CANDIDATE, lastRpcElapsedTime:5014527835ns, electionTimeout:5014ms
2024-10-28 08:10:57,252 [5164dc07-7390-4e62-85ea-fa0d5359a577@group-2EAE137D939C-FollowerState] INFO  impl.RoleInfo (RoleInfo.java:shutdownFollowerState(119)) - 5164dc07-7390-4e62-85ea-fa0d5359a577: shutdown 5164dc07-7390-4e62-85ea-fa0d5359a577@group-2EAE137D939C-FollowerState
2024-10-28 08:10:57,252 [5164dc07-7390-4e62-85ea-fa0d5359a577@group-2EAE137D939C-FollowerState] INFO  server.RaftServer$Division (RaftServerImpl.java:setRole(377)) - 5164dc07-7390-4e62-85ea-fa0d5359a577@group-2EAE137D939C: changes role from  FOLLOWER to CANDIDATE at term 0 for changeToCandidate
2024-10-28 08:10:57,252 [5164dc07-7390-4e62-85ea-fa0d5359a577@group-2EAE137D939C-FollowerState] INFO  server.RaftServerConfigKeys (ConfUtils.java:logGet(46)) - raft.server.leaderelection.pre-vote = true (default)
2024-10-28 08:10:57,252 [5164dc07-7390-4e62-85ea-fa0d5359a577@group-2EAE137D939C-FollowerState] INFO  impl.RoleInfo (RoleInfo.java:updateAndGet(148)) - 5164dc07-7390-4e62-85ea-fa0d5359a577: start 5164dc07-7390-4e62-85ea-fa0d5359a577@group-2EAE137D939C-LeaderElection17
2024-10-28 08:10:57,253 [grpc-default-executor-2] INFO  server.RaftServer$Division (RaftServerImpl.java:requestVote(1394)) - 2dd66384-ce76-40f1-abb4-2732924b3f06@group-2EAE137D939C: receive requestVote(PRE_VOTE, 0506bfaa-e0bf-41a1-ae8b-a3d5b458913d, group-2EAE137D939C, 0, (t:0, i:0))
2024-10-28 08:10:57,253 [grpc-default-executor-2] INFO  impl.VoteContext (VoteContext.java:log(49)) - 2dd66384-ce76-40f1-abb4-2732924b3f06@group-2EAE137D939C-FOLLOWER: accept PRE_VOTE from 0506bfaa-e0bf-41a1-ae8b-a3d5b458913d: our priority 0 <= candidate's priority 0
2024-10-28 08:10:57,254 [grpc-default-executor-2] INFO  server.RaftServer$Division (RaftServerImpl.java:requestVote(1427)) - 2dd66384-ce76-40f1-abb4-2732924b3f06@group-2EAE137D939C replies to PRE_VOTE vote request: 0506bfaa-e0bf-41a1-ae8b-a3d5b458913d<-2dd66384-ce76-40f1-abb4-2732924b3f06#0:OK-t0. Peer's state: 2dd66384-ce76-40f1-abb4-2732924b3f06@group-2EAE137D939C:t0, leader=null, voted=, raftlog=Memoized:2dd66384-ce76-40f1-abb4-2732924b3f06@group-2EAE137D939C-SegmentedRaftLog:OPENED:c-1:lastnull, conf=conf: {index: -1, cur=peers:[5164dc07-7390-4e62-85ea-fa0d5359a577|127.0.0.1:15145, 2dd66384-ce76-40f1-abb4-2732924b3f06|127.0.0.1:15136, 0506bfaa-e0bf-41a1-ae8b-a3d5b458913d|127.0.0.1:15127]|listeners:[], old=null}
2024-10-28 08:10:57,255 [grpc-default-executor-3] INFO  server.RaftServer$Division (RaftServerImpl.java:requestVote(1394)) - 5164dc07-7390-4e62-85ea-fa0d5359a577@group-2EAE137D939C: receive requestVote(PRE_VOTE, 0506bfaa-e0bf-41a1-ae8b-a3d5b458913d, group-2EAE137D939C, 0, (t:0, i:0))
2024-10-28 08:10:57,256 [grpc-default-executor-3] INFO  impl.VoteContext (VoteContext.java:log(49)) - 5164dc07-7390-4e62-85ea-fa0d5359a577@group-2EAE137D939C-CANDIDATE: reject PRE_VOTE from 0506bfaa-e0bf-41a1-ae8b-a3d5b458913d: our priority 1 > candidate's priority 0
2024-10-28 08:10:57,256 [grpc-default-executor-3] INFO  server.RaftServer$Division (RaftServerImpl.java:requestVote(1427)) - 5164dc07-7390-4e62-85ea-fa0d5359a577@group-2EAE137D939C replies to PRE_VOTE vote request: 0506bfaa-e0bf-41a1-ae8b-a3d5b458913d<-5164dc07-7390-4e62-85ea-fa0d5359a577#0:FAIL-t0. Peer's state: 5164dc07-7390-4e62-85ea-fa0d5359a577@group-2EAE137D939C:t0, leader=null, voted=, raftlog=Memoized:5164dc07-7390-4e62-85ea-fa0d5359a577@group-2EAE137D939C-SegmentedRaftLog:OPENED:c-1:lastnull, conf=conf: {index: -1, cur=peers:[5164dc07-7390-4e62-85ea-fa0d5359a577|127.0.0.1:15145, 2dd66384-ce76-40f1-abb4-2732924b3f06|127.0.0.1:15136, 0506bfaa-e0bf-41a1-ae8b-a3d5b458913d|127.0.0.1:15127]|listeners:[], old=null}
2024-10-28 08:10:57,257 [5164dc07-7390-4e62-85ea-fa0d5359a577@group-2EAE137D939C-LeaderElection17] INFO  impl.LeaderElection (LeaderElection.java:askForVotes(325)) - 5164dc07-7390-4e62-85ea-fa0d5359a577@group-2EAE137D939C-LeaderElection17 PRE_VOTE round 0: submit vote requests at term 0 for conf: {index: -1, cur=peers:[5164dc07-7390-4e62-85ea-fa0d5359a577|127.0.0.1:15145, 2dd66384-ce76-40f1-abb4-2732924b3f06|127.0.0.1:15136, 0506bfaa-e0bf-41a1-ae8b-a3d5b458913d|127.0.0.1:15127]|listeners:[], old=null}
2024-10-28 08:10:57,257 [5164dc07-7390-4e62-85ea-fa0d5359a577@group-2EAE137D939C-LeaderElection17-1] INFO  server.GrpcServerProtocolClient (GrpcServerProtocolClient.java:<init>(65)) - Build channel for 2dd66384-ce76-40f1-abb4-2732924b3f06|127.0.0.1:15136
2024-10-28 08:10:57,257 [5164dc07-7390-4e62-85ea-fa0d5359a577@group-2EAE137D939C-LeaderElection17] INFO  server.RaftServerConfigKeys (ConfUtils.java:logFallback(53)) - raft.server.rpc.first-election.timeout.min = 5s (fallback to raft.server.rpc.timeout.min)
2024-10-28 08:10:57,257 [5164dc07-7390-4e62-85ea-fa0d5359a577@group-2EAE137D939C-LeaderElection17] INFO  server.RaftServerConfigKeys (ConfUtils.java:logFallback(53)) - raft.server.rpc.first-election.timeout.max = 5200ms (fallback to raft.server.rpc.timeout.max)
2024-10-28 08:10:57,258 [0506bfaa-e0bf-41a1-ae8b-a3d5b458913d@group-2EAE137D939C-LeaderElection16] INFO  impl.LeaderElection (LeaderElection.java:logAndReturn(89)) - 0506bfaa-e0bf-41a1-ae8b-a3d5b458913d@group-2EAE137D939C-LeaderElection16: PRE_VOTE REJECTED received 2 response(s) and 0 exception(s):
2024-10-28 08:10:57,260 [0506bfaa-e0bf-41a1-ae8b-a3d5b458913d@group-2EAE137D939C-LeaderElection16] INFO  impl.LeaderElection (LeaderElection.java:logAndReturn(93)) -   Response 0: 0506bfaa-e0bf-41a1-ae8b-a3d5b458913d<-5164dc07-7390-4e62-85ea-fa0d5359a577#0:FAIL-t0
2024-10-28 08:10:57,260 [0506bfaa-e0bf-41a1-ae8b-a3d5b458913d@group-2EAE137D939C-LeaderElection16] INFO  impl.LeaderElection (LeaderElection.java:logAndReturn(93)) -   Response 1: 0506bfaa-e0bf-41a1-ae8b-a3d5b458913d<-2dd66384-ce76-40f1-abb4-2732924b3f06#0:OK-t0
2024-10-28 08:10:57,258 [5164dc07-7390-4e62-85ea-fa0d5359a577@group-2EAE137D939C-LeaderElection17-2] INFO  server.GrpcServerProtocolClient (GrpcServerProtocolClient.java:<init>(65)) - Build channel for 0506bfaa-e0bf-41a1-ae8b-a3d5b458913d|127.0.0.1:15127
2024-10-28 08:10:57,260 [0506bfaa-e0bf-41a1-ae8b-a3d5b458913d@group-2EAE137D939C-LeaderElection16] INFO  impl.LeaderElection (LeaderElection.java:askForVotes(327)) - 0506bfaa-e0bf-41a1-ae8b-a3d5b458913d@group-2EAE137D939C-LeaderElection16 PRE_VOTE round 0: result REJECTED
2024-10-28 08:10:57,260 [0506bfaa-e0bf-41a1-ae8b-a3d5b458913d@group-2EAE137D939C-LeaderElection16] INFO  server.RaftServer$Division (RaftServerImpl.java:setRole(377)) - 0506bfaa-e0bf-41a1-ae8b-a3d5b458913d@group-2EAE137D939C: changes role from CANDIDATE to FOLLOWER at term 0 for REJECTED
2024-10-28 08:10:57,260 [0506bfaa-e0bf-41a1-ae8b-a3d5b458913d@group-2EAE137D939C-LeaderElection16] INFO  impl.RoleInfo (RoleInfo.java:shutdownLeaderElection(139)) - 0506bfaa-e0bf-41a1-ae8b-a3d5b458913d: shutdown 0506bfaa-e0bf-41a1-ae8b-a3d5b458913d@group-2EAE137D939C-LeaderElection16
2024-10-28 08:10:57,260 [0506bfaa-e0bf-41a1-ae8b-a3d5b458913d@group-2EAE137D939C-LeaderElection16] INFO  impl.RoleInfo (RoleInfo.java:updateAndGet(148)) - 0506bfaa-e0bf-41a1-ae8b-a3d5b458913d: start 0506bfaa-e0bf-41a1-ae8b-a3d5b458913d@group-2EAE137D939C-FollowerState
2024-10-28 08:10:57,260 [0506bfaa-e0bf-41a1-ae8b-a3d5b458913d@group-2EAE137D939C-LeaderElection16] INFO  server.RaftServer$Division (RaftServerImpl.java:setFirstElection(558)) - 0506bfaa-e0bf-41a1-ae8b-a3d5b458913d@group-2EAE137D939C: set firstElectionSinceStartup to false for REJECTED
2024-10-28 08:10:57,263 [grpc-default-executor-2] INFO  server.RaftServer$Division (RaftServerImpl.java:requestVote(1394)) - 0506bfaa-e0bf-41a1-ae8b-a3d5b458913d@group-2EAE137D939C: receive requestVote(PRE_VOTE, 5164dc07-7390-4e62-85ea-fa0d5359a577, group-2EAE137D939C, 0, (t:0, i:0))
2024-10-28 08:10:57,263 [grpc-default-executor-2] INFO  impl.VoteContext (VoteContext.java:log(49)) - 0506bfaa-e0bf-41a1-ae8b-a3d5b458913d@group-2EAE137D939C-FOLLOWER: accept PRE_VOTE from 5164dc07-7390-4e62-85ea-fa0d5359a577: our priority 0 <= candidate's priority 1
2024-10-28 08:10:57,263 [grpc-default-executor-2] INFO  server.RaftServer$Division (RaftServerImpl.java:requestVote(1427)) - 0506bfaa-e0bf-41a1-ae8b-a3d5b458913d@group-2EAE137D939C replies to PRE_VOTE vote request: 5164dc07-7390-4e62-85ea-fa0d5359a577<-0506bfaa-e0bf-41a1-ae8b-a3d5b458913d#0:OK-t0. Peer's state: 0506bfaa-e0bf-41a1-ae8b-a3d5b458913d@group-2EAE137D939C:t0, leader=null, voted=, raftlog=Memoized:0506bfaa-e0bf-41a1-ae8b-a3d5b458913d@group-2EAE137D939C-SegmentedRaftLog:OPENED:c-1:lastnull, conf=conf: {index: -1, cur=peers:[5164dc07-7390-4e62-85ea-fa0d5359a577|127.0.0.1:15145, 2dd66384-ce76-40f1-abb4-2732924b3f06|127.0.0.1:15136, 0506bfaa-e0bf-41a1-ae8b-a3d5b458913d|127.0.0.1:15127]|listeners:[], old=null}
2024-10-28 08:10:57,264 [grpc-default-executor-2] INFO  server.RaftServer$Division (RaftServerImpl.java:requestVote(1394)) - 2dd66384-ce76-40f1-abb4-2732924b3f06@group-2EAE137D939C: receive requestVote(PRE_VOTE, 5164dc07-7390-4e62-85ea-fa0d5359a577, group-2EAE137D939C, 0, (t:0, i:0))
2024-10-28 08:10:57,264 [grpc-default-executor-2] INFO  impl.VoteContext (VoteContext.java:log(49)) - 2dd66384-ce76-40f1-abb4-2732924b3f06@group-2EAE137D939C-FOLLOWER: accept PRE_VOTE from 5164dc07-7390-4e62-85ea-fa0d5359a577: our priority 0 <= candidate's priority 1
2024-10-28 08:10:57,264 [grpc-default-executor-2] INFO  server.RaftServer$Division (RaftServerImpl.java:requestVote(1427)) - 2dd66384-ce76-40f1-abb4-2732924b3f06@group-2EAE137D939C replies to PRE_VOTE vote request: 5164dc07-7390-4e62-85ea-fa0d5359a577<-2dd66384-ce76-40f1-abb4-2732924b3f06#0:OK-t0. Peer's state: 2dd66384-ce76-40f1-abb4-2732924b3f06@group-2EAE137D939C:t0, leader=null, voted=, raftlog=Memoized:2dd66384-ce76-40f1-abb4-2732924b3f06@group-2EAE137D939C-SegmentedRaftLog:OPENED:c-1:lastnull, conf=conf: {index: -1, cur=peers:[5164dc07-7390-4e62-85ea-fa0d5359a577|127.0.0.1:15145, 2dd66384-ce76-40f1-abb4-2732924b3f06|127.0.0.1:15136, 0506bfaa-e0bf-41a1-ae8b-a3d5b458913d|127.0.0.1:15127]|listeners:[], old=null}
2024-10-28 08:10:57,265 [5164dc07-7390-4e62-85ea-fa0d5359a577@group-2EAE137D939C-LeaderElection17] INFO  impl.LeaderElection (LeaderElection.java:logAndReturn(89)) - 5164dc07-7390-4e62-85ea-fa0d5359a577@group-2EAE137D939C-LeaderElection17: PRE_VOTE PASSED received 1 response(s) and 0 exception(s):
2024-10-28 08:10:57,265 [5164dc07-7390-4e62-85ea-fa0d5359a577@group-2EAE137D939C-LeaderElection17] INFO  impl.LeaderElection (LeaderElection.java:logAndReturn(93)) -   Response 0: 5164dc07-7390-4e62-85ea-fa0d5359a577<-0506bfaa-e0bf-41a1-ae8b-a3d5b458913d#0:OK-t0
2024-10-28 08:10:57,265 [5164dc07-7390-4e62-85ea-fa0d5359a577@group-2EAE137D939C-LeaderElection17] INFO  impl.LeaderElection (LeaderElection.java:askForVotes(327)) - 5164dc07-7390-4e62-85ea-fa0d5359a577@group-2EAE137D939C-LeaderElection17 PRE_VOTE round 0: result PASSED
2024-10-28 08:10:57,266 [5164dc07-7390-4e62-85ea-fa0d5359a577@group-2EAE137D939C-LeaderElection17] INFO  impl.LeaderElection (LeaderElection.java:askForVotes(325)) - 5164dc07-7390-4e62-85ea-fa0d5359a577@group-2EAE137D939C-LeaderElection17 ELECTION round 0: submit vote requests at term 1 for conf: {index: -1, cur=peers:[5164dc07-7390-4e62-85ea-fa0d5359a577|127.0.0.1:15145, 2dd66384-ce76-40f1-abb4-2732924b3f06|127.0.0.1:15136, 0506bfaa-e0bf-41a1-ae8b-a3d5b458913d|127.0.0.1:15127]|listeners:[], old=null}
2024-10-28 08:10:57,266 [5164dc07-7390-4e62-85ea-fa0d5359a577@group-2EAE137D939C-LeaderElection17] INFO  server.RaftServerConfigKeys (ConfUtils.java:logFallback(53)) - raft.server.rpc.first-election.timeout.min = 5s (fallback to raft.server.rpc.timeout.min)
2024-10-28 08:10:57,267 [5164dc07-7390-4e62-85ea-fa0d5359a577@group-2EAE137D939C-LeaderElection17] INFO  server.RaftServerConfigKeys (ConfUtils.java:logFallback(53)) - raft.server.rpc.first-election.timeout.max = 5200ms (fallback to raft.server.rpc.timeout.max)
2024-10-28 08:10:57,267 [grpc-default-executor-2] INFO  server.RaftServer$Division (RaftServerImpl.java:requestVote(1394)) - 2dd66384-ce76-40f1-abb4-2732924b3f06@group-2EAE137D939C: receive requestVote(ELECTION, 5164dc07-7390-4e62-85ea-fa0d5359a577, group-2EAE137D939C, 1, (t:0, i:0))
2024-10-28 08:10:57,267 [grpc-default-executor-2] INFO  impl.VoteContext (VoteContext.java:log(49)) - 2dd66384-ce76-40f1-abb4-2732924b3f06@group-2EAE137D939C-FOLLOWER: accept ELECTION from 5164dc07-7390-4e62-85ea-fa0d5359a577: our priority 0 <= candidate's priority 1
2024-10-28 08:10:57,268 [grpc-default-executor-2] INFO  server.RaftServer$Division (RaftServerImpl.java:setRole(377)) - 2dd66384-ce76-40f1-abb4-2732924b3f06@group-2EAE137D939C: changes role from  FOLLOWER to FOLLOWER at term 0 for candidate:5164dc07-7390-4e62-85ea-fa0d5359a577
2024-10-28 08:10:57,268 [grpc-default-executor-2] INFO  impl.RoleInfo (RoleInfo.java:shutdownFollowerState(119)) - 2dd66384-ce76-40f1-abb4-2732924b3f06: shutdown 2dd66384-ce76-40f1-abb4-2732924b3f06@group-2EAE137D939C-FollowerState
2024-10-28 08:10:57,268 [grpc-default-executor-2] INFO  impl.RoleInfo (RoleInfo.java:updateAndGet(148)) - 2dd66384-ce76-40f1-abb4-2732924b3f06: start 2dd66384-ce76-40f1-abb4-2732924b3f06@group-2EAE137D939C-FollowerState
2024-10-28 08:10:57,268 [2dd66384-ce76-40f1-abb4-2732924b3f06@group-2EAE137D939C-FollowerState] INFO  impl.FollowerState (FollowerState.java:run(153)) - 2dd66384-ce76-40f1-abb4-2732924b3f06@group-2EAE137D939C-FollowerState was interrupted
2024-10-28 08:10:57,269 [grpc-default-executor-2] INFO  server.RaftServer$Division (RaftServerImpl.java:setFirstElection(558)) - 2dd66384-ce76-40f1-abb4-2732924b3f06@group-2EAE137D939C: set firstElectionSinceStartup to false for candidate:5164dc07-7390-4e62-85ea-fa0d5359a577
2024-10-28 08:10:57,270 [grpc-default-executor-3] INFO  server.RaftServer$Division (RaftServerImpl.java:requestVote(1394)) - 0506bfaa-e0bf-41a1-ae8b-a3d5b458913d@group-2EAE137D939C: receive requestVote(ELECTION, 5164dc07-7390-4e62-85ea-fa0d5359a577, group-2EAE137D939C, 1, (t:0, i:0))
2024-10-28 08:10:57,270 [grpc-default-executor-3] INFO  impl.VoteContext (VoteContext.java:log(49)) - 0506bfaa-e0bf-41a1-ae8b-a3d5b458913d@group-2EAE137D939C-FOLLOWER: accept ELECTION from 5164dc07-7390-4e62-85ea-fa0d5359a577: our priority 0 <= candidate's priority 1
2024-10-28 08:10:57,270 [grpc-default-executor-3] INFO  server.RaftServer$Division (RaftServerImpl.java:setRole(377)) - 0506bfaa-e0bf-41a1-ae8b-a3d5b458913d@group-2EAE137D939C: changes role from  FOLLOWER to FOLLOWER at term 0 for candidate:5164dc07-7390-4e62-85ea-fa0d5359a577
2024-10-28 08:10:57,270 [grpc-default-executor-3] INFO  impl.RoleInfo (RoleInfo.java:shutdownFollowerState(119)) - 0506bfaa-e0bf-41a1-ae8b-a3d5b458913d: shutdown 0506bfaa-e0bf-41a1-ae8b-a3d5b458913d@group-2EAE137D939C-FollowerState
2024-10-28 08:10:57,270 [grpc-default-executor-3] INFO  impl.RoleInfo (RoleInfo.java:updateAndGet(148)) - 0506bfaa-e0bf-41a1-ae8b-a3d5b458913d: start 0506bfaa-e0bf-41a1-ae8b-a3d5b458913d@group-2EAE137D939C-FollowerState
2024-10-28 08:10:57,270 [0506bfaa-e0bf-41a1-ae8b-a3d5b458913d@group-2EAE137D939C-FollowerState] INFO  impl.FollowerState (FollowerState.java:run(153)) - 0506bfaa-e0bf-41a1-ae8b-a3d5b458913d@group-2EAE137D939C-FollowerState was interrupted
2024-10-28 08:10:57,271 [grpc-default-executor-2] INFO  server.RaftServer$Division (RaftServerImpl.java:requestVote(1427)) - 2dd66384-ce76-40f1-abb4-2732924b3f06@group-2EAE137D939C replies to ELECTION vote request: 5164dc07-7390-4e62-85ea-fa0d5359a577<-2dd66384-ce76-40f1-abb4-2732924b3f06#0:OK-t1. Peer's state: 2dd66384-ce76-40f1-abb4-2732924b3f06@group-2EAE137D939C:t1, leader=null, voted=5164dc07-7390-4e62-85ea-fa0d5359a577, raftlog=Memoized:2dd66384-ce76-40f1-abb4-2732924b3f06@group-2EAE137D939C-SegmentedRaftLog:OPENED:c-1:lastnull, conf=conf: {index: -1, cur=peers:[5164dc07-7390-4e62-85ea-fa0d5359a577|127.0.0.1:15145, 2dd66384-ce76-40f1-abb4-2732924b3f06|127.0.0.1:15136, 0506bfaa-e0bf-41a1-ae8b-a3d5b458913d|127.0.0.1:15127]|listeners:[], old=null}
2024-10-28 08:10:57,272 [grpc-default-executor-3] INFO  server.RaftServer$Division (RaftServerImpl.java:requestVote(1427)) - 0506bfaa-e0bf-41a1-ae8b-a3d5b458913d@group-2EAE137D939C replies to ELECTION vote request: 5164dc07-7390-4e62-85ea-fa0d5359a577<-0506bfaa-e0bf-41a1-ae8b-a3d5b458913d#0:OK-t1. Peer's state: 0506bfaa-e0bf-41a1-ae8b-a3d5b458913d@group-2EAE137D939C:t1, leader=null, voted=5164dc07-7390-4e62-85ea-fa0d5359a577, raftlog=Memoized:0506bfaa-e0bf-41a1-ae8b-a3d5b458913d@group-2EAE137D939C-SegmentedRaftLog:OPENED:c-1:lastnull, conf=conf: {index: -1, cur=peers:[5164dc07-7390-4e62-85ea-fa0d5359a577|127.0.0.1:15145, 2dd66384-ce76-40f1-abb4-2732924b3f06|127.0.0.1:15136, 0506bfaa-e0bf-41a1-ae8b-a3d5b458913d|127.0.0.1:15127]|listeners:[], old=null}
2024-10-28 08:10:57,274 [5164dc07-7390-4e62-85ea-fa0d5359a577@group-2EAE137D939C-LeaderElection17] INFO  impl.LeaderElection (LeaderElection.java:logAndReturn(89)) - 5164dc07-7390-4e62-85ea-fa0d5359a577@group-2EAE137D939C-LeaderElection17: ELECTION PASSED received 1 response(s) and 0 exception(s):
2024-10-28 08:10:57,274 [5164dc07-7390-4e62-85ea-fa0d5359a577@group-2EAE137D939C-LeaderElection17] INFO  impl.LeaderElection (LeaderElection.java:logAndReturn(93)) -   Response 0: 5164dc07-7390-4e62-85ea-fa0d5359a577<-2dd66384-ce76-40f1-abb4-2732924b3f06#0:OK-t1
2024-10-28 08:10:57,274 [5164dc07-7390-4e62-85ea-fa0d5359a577@group-2EAE137D939C-LeaderElection17] INFO  impl.LeaderElection (LeaderElection.java:askForVotes(327)) - 5164dc07-7390-4e62-85ea-fa0d5359a577@group-2EAE137D939C-LeaderElection17 ELECTION round 0: result PASSED
2024-10-28 08:10:57,274 [5164dc07-7390-4e62-85ea-fa0d5359a577@group-2EAE137D939C-LeaderElection17] INFO  impl.RoleInfo (RoleInfo.java:shutdownLeaderElection(139)) - 5164dc07-7390-4e62-85ea-fa0d5359a577: shutdown 5164dc07-7390-4e62-85ea-fa0d5359a577@group-2EAE137D939C-LeaderElection17
2024-10-28 08:10:57,274 [5164dc07-7390-4e62-85ea-fa0d5359a577@group-2EAE137D939C-LeaderElection17] INFO  server.RaftServer$Division (RaftServerImpl.java:setRole(377)) - 5164dc07-7390-4e62-85ea-fa0d5359a577@group-2EAE137D939C: changes role from CANDIDATE to LEADER at term 1 for changeToLeader
2024-10-28 08:10:57,274 [5164dc07-7390-4e62-85ea-fa0d5359a577@group-2EAE137D939C-LeaderElection17] INFO  server.RaftServerConfigKeys (ConfUtils.java:logGet(46)) - raft.server.staging.catchup.gap = 1000 (default)
2024-10-28 08:10:57,274 [5164dc07-7390-4e62-85ea-fa0d5359a577@group-2EAE137D939C-LeaderElection17] INFO  server.RaftServerConfigKeys (ConfUtils.java:logGet(46)) - raft.server.write.element-limit = 1024 (custom)
2024-10-28 08:10:57,274 [5164dc07-7390-4e62-85ea-fa0d5359a577@group-2EAE137D939C-LeaderElection17] INFO  server.RaftServerConfigKeys (ConfUtils.java:logGet(46)) - raft.server.write.byte-limit = 1024 M (=1073741824) (custom)
2024-10-28 08:10:57,275 [5164dc07-7390-4e62-85ea-fa0d5359a577@group-2EAE137D939C-LeaderElection17] INFO  server.RaftServerConfigKeys (ConfUtils.java:logGet(46)) - raft.server.watch.timeout = 30s (custom)
2024-10-28 08:10:57,275 [5164dc07-7390-4e62-85ea-fa0d5359a577@group-2EAE137D939C-LeaderElection17] INFO  server.RaftServerConfigKeys (ConfUtils.java:logGet(46)) - raft.server.watch.timeout.denomination = 1s (default)
2024-10-28 08:10:57,275 [5164dc07-7390-4e62-85ea-fa0d5359a577@group-2EAE137D939C-LeaderElection17] INFO  server.RaftServerConfigKeys (ConfUtils.java:logGet(46)) - raft.server.watch.element-limit = 65536 (default)
2024-10-28 08:10:57,275 [5164dc07-7390-4e62-85ea-fa0d5359a577@group-2EAE137D939C-LeaderElection17] INFO  server.RaftServerConfigKeys (ConfUtils.java:logGet(46)) - raft.server.read.leader.lease.enabled = false (default)
2024-10-28 08:10:57,275 [5164dc07-7390-4e62-85ea-fa0d5359a577@group-2EAE137D939C-LeaderElection17] INFO  server.RaftServerConfigKeys (ConfUtils.java:logGet(46)) - raft.server.read.leader.lease.timeout.ratio = 0.9 (default)
2024-10-28 08:10:57,275 [5164dc07-7390-4e62-85ea-fa0d5359a577@group-2EAE137D939C-LeaderElection17] INFO  server.RaftServerConfigKeys (ConfUtils.java:logGet(46)) - raft.server.rpc.timeout.min = 5s (custom)
2024-10-28 08:10:57,275 [5164dc07-7390-4e62-85ea-fa0d5359a577@group-2EAE137D939C-LeaderElection17] INFO  server.RaftServerConfigKeys (ConfUtils.java:logGet(46)) - raft.server.log.log-metadata.enabled = true (default)
2024-10-28 08:10:57,275 [5164dc07-7390-4e62-85ea-fa0d5359a577@group-2EAE137D939C-LeaderElection17] INFO  server.RaftServerConfigKeys (ConfUtils.java:logGet(46)) - raft.server.write.element-limit = 1024 (custom)
2024-10-28 08:10:57,275 [5164dc07-7390-4e62-85ea-fa0d5359a577@group-2EAE137D939C-LeaderElection17] INFO  server.RaftServerConfigKeys (ConfUtils.java:logGet(46)) - raft.server.write.follower.gap.ratio.max = -1.0 (default)
2024-10-28 08:10:57,276 [5164dc07-7390-4e62-85ea-fa0d5359a577@group-2EAE137D939C-LeaderElection17] INFO  server.RaftServerConfigKeys (ConfUtils.java:logGet(46)) - raft.server.log.appender.snapshot.chunk.size.max = 16MB (=16777216) (default)
2024-10-28 08:10:57,276 [5164dc07-7390-4e62-85ea-fa0d5359a577@group-2EAE137D939C-LeaderElection17] INFO  server.RaftServerConfigKeys (ConfUtils.java:logGet(46)) - raft.server.log.appender.buffer.byte-limit = 33554432 (custom)
2024-10-28 08:10:57,276 [5164dc07-7390-4e62-85ea-fa0d5359a577@group-2EAE137D939C-LeaderElection17] INFO  server.RaftServerConfigKeys (ConfUtils.java:logGet(46)) - raft.server.log.appender.buffer.element-limit = 1024 (custom)
2024-10-28 08:10:57,276 [5164dc07-7390-4e62-85ea-fa0d5359a577@group-2EAE137D939C-LeaderElection17] INFO  server.RaftServerConfigKeys (ConfUtils.java:logGet(46)) - raft.server.log.appender.wait-time.min = 0μs (custom)
2024-10-28 08:10:57,276 [5164dc07-7390-4e62-85ea-fa0d5359a577@group-2EAE137D939C-LeaderElection17] INFO  grpc.GrpcConfigKeys (ConfUtils.java:logGet(46)) - raft.grpc.server.leader.outstanding.appends.max = 8 (default)
2024-10-28 08:10:57,276 [5164dc07-7390-4e62-85ea-fa0d5359a577@group-2EAE137D939C-LeaderElection17] INFO  server.RaftServerConfigKeys (ConfUtils.java:logGet(46)) - raft.server.rpc.request.timeout = 60s (custom)
2024-10-28 08:10:57,276 [5164dc07-7390-4e62-85ea-fa0d5359a577@group-2EAE137D939C-LeaderElection17] INFO  grpc.GrpcConfigKeys (ConfUtils.java:logGet(46)) - raft.grpc.server.install_snapshot.request.element-limit = 8 (default)
2024-10-28 08:10:57,276 [5164dc07-7390-4e62-85ea-fa0d5359a577@group-2EAE137D939C-LeaderElection17] INFO  grpc.GrpcConfigKeys (ConfUtils.java:logGet(46)) - raft.grpc.server.install_snapshot.request.timeout = 3000ms (default)
2024-10-28 08:10:57,276 [5164dc07-7390-4e62-85ea-fa0d5359a577@group-2EAE137D939C-LeaderElection17] INFO  grpc.GrpcConfigKeys (ConfUtils.java:logGet(46)) - raft.grpc.server.log-message.batch.duration = 5s (default)
2024-10-28 08:10:57,276 [5164dc07-7390-4e62-85ea-fa0d5359a577@group-2EAE137D939C-LeaderElection17] INFO  server.RaftServerConfigKeys (ConfUtils.java:logGet(46)) - raft.server.log.appender.install.snapshot.enabled = false (custom)
2024-10-28 08:10:57,277 [5164dc07-7390-4e62-85ea-fa0d5359a577@group-2EAE137D939C-LeaderElection17] INFO  grpc.GrpcConfigKeys (ConfUtils.java:logGet(46)) - raft.grpc.server.heartbeat.channel = true (default)
2024-10-28 08:10:57,277 [5164dc07-7390-4e62-85ea-fa0d5359a577@group-2EAE137D939C-LeaderElection17] INFO  server.RaftServerConfigKeys (ConfUtils.java:logGet(46)) - raft.server.log.appender.snapshot.chunk.size.max = 16MB (=16777216) (default)
2024-10-28 08:10:57,277 [5164dc07-7390-4e62-85ea-fa0d5359a577@group-2EAE137D939C-LeaderElection17] INFO  server.RaftServerConfigKeys (ConfUtils.java:logGet(46)) - raft.server.log.appender.buffer.byte-limit = 33554432 (custom)
2024-10-28 08:10:57,277 [5164dc07-7390-4e62-85ea-fa0d5359a577@group-2EAE137D939C-LeaderElection17] INFO  server.RaftServerConfigKeys (ConfUtils.java:logGet(46)) - raft.server.log.appender.buffer.element-limit = 1024 (custom)
2024-10-28 08:10:57,277 [5164dc07-7390-4e62-85ea-fa0d5359a577@group-2EAE137D939C-LeaderElection17] INFO  server.RaftServerConfigKeys (ConfUtils.java:logGet(46)) - raft.server.log.appender.wait-time.min = 0μs (custom)
2024-10-28 08:10:57,277 [5164dc07-7390-4e62-85ea-fa0d5359a577@group-2EAE137D939C-LeaderElection17] INFO  grpc.GrpcConfigKeys (ConfUtils.java:logGet(46)) - raft.grpc.server.leader.outstanding.appends.max = 8 (default)
2024-10-28 08:10:57,278 [5164dc07-7390-4e62-85ea-fa0d5359a577@group-2EAE137D939C-LeaderElection17] INFO  server.RaftServerConfigKeys (ConfUtils.java:logGet(46)) - raft.server.rpc.request.timeout = 60s (custom)
2024-10-28 08:10:57,278 [5164dc07-7390-4e62-85ea-fa0d5359a577@group-2EAE137D939C-LeaderElection17] INFO  grpc.GrpcConfigKeys (ConfUtils.java:logGet(46)) - raft.grpc.server.install_snapshot.request.element-limit = 8 (default)
2024-10-28 08:10:57,278 [5164dc07-7390-4e62-85ea-fa0d5359a577@group-2EAE137D939C-LeaderElection17] INFO  grpc.GrpcConfigKeys (ConfUtils.java:logGet(46)) - raft.grpc.server.install_snapshot.request.timeout = 3000ms (default)
2024-10-28 08:10:57,278 [5164dc07-7390-4e62-85ea-fa0d5359a577@group-2EAE137D939C-LeaderElection17] INFO  grpc.GrpcConfigKeys (ConfUtils.java:logGet(46)) - raft.grpc.server.log-message.batch.duration = 5s (default)
2024-10-28 08:10:57,278 [5164dc07-7390-4e62-85ea-fa0d5359a577@group-2EAE137D939C-LeaderElection17] INFO  server.RaftServerConfigKeys (ConfUtils.java:logGet(46)) - raft.server.log.appender.install.snapshot.enabled = false (custom)
2024-10-28 08:10:57,278 [5164dc07-7390-4e62-85ea-fa0d5359a577@group-2EAE137D939C-LeaderElection17] INFO  grpc.GrpcConfigKeys (ConfUtils.java:logGet(46)) - raft.grpc.server.heartbeat.channel = true (default)
2024-10-28 08:10:57,278 [5164dc07-7390-4e62-85ea-fa0d5359a577@group-2EAE137D939C-LeaderElection17] INFO  impl.RoleInfo (RoleInfo.java:updateAndGet(148)) - 5164dc07-7390-4e62-85ea-fa0d5359a577: start 5164dc07-7390-4e62-85ea-fa0d5359a577@group-2EAE137D939C-LeaderStateImpl
2024-10-28 08:10:57,278 [5164dc07-7390-4e62-85ea-fa0d5359a577@group-2EAE137D939C-LeaderElection17] INFO  server.RaftServer$Division (RaftServerImpl.java:setFirstElection(558)) - 5164dc07-7390-4e62-85ea-fa0d5359a577@group-2EAE137D939C: set firstElectionSinceStartup to false for becomeLeader
2024-10-28 08:10:57,278 [5164dc07-7390-4e62-85ea-fa0d5359a577@group-2EAE137D939C-LeaderElection17] INFO  ratis.XceiverServerRatis (XceiverServerRatis.java:handleLeaderChangedNotification(944)) - Leader change notification received for group: group-2EAE137D939C with new leaderId: 5164dc07-7390-4e62-85ea-fa0d5359a577
2024-10-28 08:10:57,278 [5164dc07-7390-4e62-85ea-fa0d5359a577@group-2EAE137D939C-LeaderElection17] INFO  server.RaftServer$Division (ServerState.java:setLeader(272)) - 5164dc07-7390-4e62-85ea-fa0d5359a577@group-2EAE137D939C: change Leader from null to 5164dc07-7390-4e62-85ea-fa0d5359a577 at term 1 for becomeLeader, leader elected after 5060ms
2024-10-28 08:10:57,279 [scmNode-2-EventQueue-OpenPipelineForHealthyPipelineSafeModeRule] INFO  safemode.SCMSafeModeManager (HealthyPipelineSafeModeRule.java:process(140)) - SCM in safe mode. Healthy pipelines reported count is 0, required healthy pipeline reported count is 1
2024-10-28 08:10:57,279 [scmNode-1-EventQueue-OpenPipelineForHealthyPipelineSafeModeRule] INFO  safemode.SCMSafeModeManager (HealthyPipelineSafeModeRule.java:process(140)) - SCM in safe mode. Healthy pipelines reported count is 0, required healthy pipeline reported count is 1
2024-10-28 08:10:57,280 [scmNode-3-EventQueue-OpenPipelineForHealthyPipelineSafeModeRule] INFO  safemode.SCMSafeModeManager (HealthyPipelineSafeModeRule.java:process(140)) - SCM in safe mode. Healthy pipelines reported count is 0, required healthy pipeline reported count is 1
2024-10-28 08:10:57,280 [scmNode-3-EventQueue-PipelineReportForPipelineReportHandler] ERROR pipeline.PipelineReportHandler (PipelineReportHandler.java:onMessage(100)) - Could not process pipeline report=pipelineID {
  id: "e3918b99-e00f-4486-a814-2eae137d939c"
  uuid128 {
    mostSigBits: -2048702862471510906
    leastSigBits: -6335387450617261156
  }
}
isLeader: true
bytesWritten: 0
 from dn=5164dc07-7390-4e62-85ea-fa0d5359a577(localhost/127.0.0.1).
org.apache.hadoop.hdds.scm.exceptions.SCMException: org.apache.ratis.protocol.exceptions.NotLeaderException: Server c77964d9-ca67-4df9-b70f-2db5af48a5e3@group-312CCC1152ED is not the leader, suggested leader is: 41ad025f-af8e-4c4e-9124-a1617073bc42|localhost:15078
	at org.apache.hadoop.hdds.scm.ha.SCMHAInvocationHandler.translateException(SCMHAInvocationHandler.java:165)
	at org.apache.hadoop.hdds.scm.ha.SCMHAInvocationHandler.invokeRatis(SCMHAInvocationHandler.java:115)
	at org.apache.hadoop.hdds.scm.ha.SCMHAInvocationHandler.invoke(SCMHAInvocationHandler.java:74)
	at jdk.proxy2/jdk.proxy2.$Proxy38.updatePipelineState(Unknown Source)
	at org.apache.hadoop.hdds.scm.pipeline.PipelineManagerImpl.openPipeline(PipelineManagerImpl.java:430)
	at org.apache.hadoop.hdds.scm.pipeline.PipelineReportHandler.processPipelineReport(PipelineReportHandler.java:135)
	at org.apache.hadoop.hdds.scm.pipeline.PipelineReportHandler.onMessage(PipelineReportHandler.java:93)
	at org.apache.hadoop.hdds.scm.pipeline.PipelineReportHandler.onMessage(PipelineReportHandler.java:52)
	at org.apache.hadoop.hdds.server.events.SingleThreadExecutor.lambda$onMessage$1(SingleThreadExecutor.java:86)
	at java.base/java.util.concurrent.ThreadPoolExecutor.runWorker(ThreadPoolExecutor.java:1136)
	at java.base/java.util.concurrent.ThreadPoolExecutor$Worker.run(ThreadPoolExecutor.java:635)
	at java.base/java.lang.Thread.run(Thread.java:840)
Caused by: org.apache.ratis.protocol.exceptions.NotLeaderException: Server c77964d9-ca67-4df9-b70f-2db5af48a5e3@group-312CCC1152ED is not the leader, suggested leader is: 41ad025f-af8e-4c4e-9124-a1617073bc42|localhost:15078
	at org.apache.ratis.server.impl.RaftServerImpl.generateNotLeaderException(RaftServerImpl.java:777)
	at org.apache.ratis.server.impl.RaftServerImpl.checkLeaderState(RaftServerImpl.java:742)
	at org.apache.ratis.server.impl.RaftServerImpl.checkLeaderState(RaftServerImpl.java:728)
	at org.apache.ratis.server.impl.RaftServerImpl.writeAsyncImpl(RaftServerImpl.java:945)
	at org.apache.ratis.server.impl.RaftServerImpl.writeAsync(RaftServerImpl.java:933)
	at org.apache.ratis.server.impl.RaftServerImpl.replyFuture(RaftServerImpl.java:926)
	at org.apache.ratis.server.impl.RaftServerImpl.submitClientRequestAsync(RaftServerImpl.java:903)
	at org.apache.ratis.server.impl.RaftServerImpl.lambda$null$11(RaftServerImpl.java:892)
	at org.apache.ratis.util.JavaUtils.callAsUnchecked(JavaUtils.java:118)
	at org.apache.ratis.server.impl.RaftServerImpl.lambda$executeSubmitClientRequestAsync$12(RaftServerImpl.java:892)
	at java.base/java.util.concurrent.CompletableFuture$AsyncSupply.run(CompletableFuture.java:1768)
	... 3 more
2024-10-28 08:10:57,281 [scmNode-2-EventQueue-PipelineReportForPipelineReportHandler] ERROR pipeline.PipelineReportHandler (PipelineReportHandler.java:onMessage(100)) - Could not process pipeline report=pipelineID {
  id: "e3918b99-e00f-4486-a814-2eae137d939c"
  uuid128 {
    mostSigBits: -2048702862471510906
    leastSigBits: -6335387450617261156
  }
}
isLeader: true
bytesWritten: 0
 from dn=5164dc07-7390-4e62-85ea-fa0d5359a577(localhost/127.0.0.1).
org.apache.hadoop.hdds.scm.exceptions.SCMException: org.apache.ratis.protocol.exceptions.NotLeaderException: Server 22ff29b6-698b-46d6-babb-0a5352f8b68f@group-312CCC1152ED is not the leader, suggested leader is: 41ad025f-af8e-4c4e-9124-a1617073bc42|localhost:15078
	at org.apache.hadoop.hdds.scm.ha.SCMHAInvocationHandler.translateException(SCMHAInvocationHandler.java:165)
	at org.apache.hadoop.hdds.scm.ha.SCMHAInvocationHandler.invokeRatis(SCMHAInvocationHandler.java:115)
	at org.apache.hadoop.hdds.scm.ha.SCMHAInvocationHandler.invoke(SCMHAInvocationHandler.java:74)
	at jdk.proxy2/jdk.proxy2.$Proxy38.updatePipelineState(Unknown Source)
	at org.apache.hadoop.hdds.scm.pipeline.PipelineManagerImpl.openPipeline(PipelineManagerImpl.java:430)
	at org.apache.hadoop.hdds.scm.pipeline.PipelineReportHandler.processPipelineReport(PipelineReportHandler.java:135)
	at org.apache.hadoop.hdds.scm.pipeline.PipelineReportHandler.onMessage(PipelineReportHandler.java:93)
	at org.apache.hadoop.hdds.scm.pipeline.PipelineReportHandler.onMessage(PipelineReportHandler.java:52)
	at org.apache.hadoop.hdds.server.events.SingleThreadExecutor.lambda$onMessage$1(SingleThreadExecutor.java:86)
	at java.base/java.util.concurrent.ThreadPoolExecutor.runWorker(ThreadPoolExecutor.java:1136)
	at java.base/java.util.concurrent.ThreadPoolExecutor$Worker.run(ThreadPoolExecutor.java:635)
	at java.base/java.lang.Thread.run(Thread.java:840)
Caused by: org.apache.ratis.protocol.exceptions.NotLeaderException: Server 22ff29b6-698b-46d6-babb-0a5352f8b68f@group-312CCC1152ED is not the leader, suggested leader is: 41ad025f-af8e-4c4e-9124-a1617073bc42|localhost:15078
	at org.apache.ratis.server.impl.RaftServerImpl.generateNotLeaderException(RaftServerImpl.java:777)
	at org.apache.ratis.server.impl.RaftServerImpl.checkLeaderState(RaftServerImpl.java:742)
	at org.apache.ratis.server.impl.RaftServerImpl.checkLeaderState(RaftServerImpl.java:728)
	at org.apache.ratis.server.impl.RaftServerImpl.writeAsyncImpl(RaftServerImpl.java:945)
	at org.apache.ratis.server.impl.RaftServerImpl.writeAsync(RaftServerImpl.java:933)
	at org.apache.ratis.server.impl.RaftServerImpl.replyFuture(RaftServerImpl.java:926)
	at org.apache.ratis.server.impl.RaftServerImpl.submitClientRequestAsync(RaftServerImpl.java:903)
	at org.apache.ratis.server.impl.RaftServerImpl.lambda$null$11(RaftServerImpl.java:892)
	at org.apache.ratis.util.JavaUtils.callAsUnchecked(JavaUtils.java:118)
	at org.apache.ratis.server.impl.RaftServerImpl.lambda$executeSubmitClientRequestAsync$12(RaftServerImpl.java:892)
	at java.base/java.util.concurrent.CompletableFuture$AsyncSupply.run(CompletableFuture.java:1768)
	... 3 more
2024-10-28 08:10:57,282 [41ad025f-af8e-4c4e-9124-a1617073bc42@group-312CCC1152ED-StateMachineUpdater] INFO  safemode.HealthyPipelineSafeModeRule (HealthyPipelineSafeModeRule.java:initializeRule(172)) - Refreshed total pipeline count is 1, healthy pipeline threshold count is 1
2024-10-28 08:10:57,282 [5164dc07-7390-4e62-85ea-fa0d5359a577@group-2EAE137D939C-LeaderElection17] INFO  segmented.SegmentedRaftLogWorker (SegmentedRaftLogWorker.java:startLogSegment(437)) - 5164dc07-7390-4e62-85ea-fa0d5359a577@group-2EAE137D939C-SegmentedRaftLogWorker: Starting segment from index:0
2024-10-28 08:10:57,283 [scmNode-1-EventQueue-PipelineReportForPipelineReportHandler] INFO  pipeline.PipelineReportHandler (PipelineReportHandler.java:processPipelineReport(136)) - Opened pipeline PipelineID=e3918b99-e00f-4486-a814-2eae137d939c
2024-10-28 08:10:57,283 [22ff29b6-698b-46d6-babb-0a5352f8b68f@group-312CCC1152ED-StateMachineUpdater] INFO  safemode.HealthyPipelineSafeModeRule (HealthyPipelineSafeModeRule.java:initializeRule(172)) - Refreshed total pipeline count is 1, healthy pipeline threshold count is 1
2024-10-28 08:10:57,283 [5164dc07-7390-4e62-85ea-fa0d5359a577@group-2EAE137D939C-SegmentedRaftLogWorker] INFO  segmented.BufferedWriteChannel (BufferedWriteChannel.java:open(61)) - open log_inprogress_0 at position 0
2024-10-28 08:10:57,283 [scmNode-1-EventQueue-OpenPipelineForHealthyPipelineSafeModeRule] INFO  safemode.SCMSafeModeManager (HealthyPipelineSafeModeRule.java:process(140)) - SCM in safe mode. Healthy pipelines reported count is 1, required healthy pipeline reported count is 1
2024-10-28 08:10:57,283 [scmNode-1-EventQueue-OpenPipelineForHealthyPipelineSafeModeRule] INFO  safemode.SCMSafeModeManager (SCMSafeModeManager.java:validateSafeModeExitRules(203)) - HealthyPipelineSafeModeRule rule is successfully validated
2024-10-28 08:10:57,283 [scmNode-1-EventQueue-OpenPipelineForHealthyPipelineSafeModeRule] INFO  safemode.SCMSafeModeManager (SCMSafeModeManager.java:validateSafeModeExitRules(218)) - ScmSafeModeManager, all rules are successfully validated
2024-10-28 08:10:57,283 [scmNode-1-EventQueue-OpenPipelineForHealthyPipelineSafeModeRule] INFO  safemode.SCMSafeModeManager (SCMSafeModeManager.java:exitSafeMode(248)) - SCM exiting safe mode.
2024-10-28 08:10:57,283 [scmNode-1-EventQueue-OpenPipelineForHealthyPipelineSafeModeRule] INFO  ha.SCMContext (SCMContext.java:updateSafeModeStatus(225)) - Update SafeModeStatus from SafeModeStatus{safeModeStatus=true, preCheckPassed=true} to SafeModeStatus{safeModeStatus=false, preCheckPassed=true}.
2024-10-28 08:10:57,283 [scmNode-1-EventQueue-OpenPipelineForHealthyPipelineSafeModeRule] INFO  BackgroundPipelineScrubber (BackgroundSCMService.java:notifyStatusChanged(79)) - Service BackgroundPipelineScrubber transitions to RUNNING.
2024-10-28 08:10:57,283 [scmNode-1-EventQueue-OpenPipelineForHealthyPipelineSafeModeRule] INFO  ExpiredContainerReplicaOpScrubber (BackgroundSCMService.java:notifyStatusChanged(79)) - Service ExpiredContainerReplicaOpScrubber transitions to RUNNING.
2024-10-28 08:10:57,283 [scmNode-1-EventQueue-OpenPipelineForHealthyPipelineSafeModeRule] INFO  block.SCMBlockDeletingService (SCMBlockDeletingService.java:notifyStatusChanged(248)) - notifyStatusChanged:RUNNING
2024-10-28 08:10:57,283 [scmNode-1-EventQueue-OpenPipelineForHealthyPipelineSafeModeRule] INFO  replication.ReplicationManager (ReplicationManager.java:notifyStatusChanged(1406)) - Service ReplicationManager transitions to RUNNING.
2024-10-28 08:10:57,284 [scmNode-1-EventQueue-OpenPipelineForHealthyPipelineSafeModeRule] WARN  balancer.ContainerBalancer (ContainerBalancer.java:shouldRun(136)) - Could not find persisted configuration for ContainerBalancer when checking if ContainerBalancer should run. ContainerBalancer should not run now.
2024-10-28 08:10:57,284 [scmNode-1-EventQueue-OpenPipelineForHealthyPipelineSafeModeRule] INFO  SCMHATransactionMonitor (BackgroundSCMService.java:notifyStatusChanged(79)) - Service SCMHATransactionMonitor transitions to RUNNING.
2024-10-28 08:10:57,284 [41ad025f-af8e-4c4e-9124-a1617073bc42@group-312CCC1152ED-StateMachineUpdater] INFO  ha.SCMStateMachine (SCMStateMachine.java:takeSnapshot(335)) - Current Snapshot Index 28, takeSnapshot took 0 ms
2024-10-28 08:10:57,284 [c77964d9-ca67-4df9-b70f-2db5af48a5e3@group-312CCC1152ED-StateMachineUpdater] INFO  safemode.HealthyPipelineSafeModeRule (HealthyPipelineSafeModeRule.java:initializeRule(172)) - Refreshed total pipeline count is 1, healthy pipeline threshold count is 1
2024-10-28 08:10:57,284 [41ad025f-af8e-4c4e-9124-a1617073bc42@group-312CCC1152ED-StateMachineUpdater] INFO  impl.StateMachineUpdater (StateMachineUpdater.java:takeSnapshot(303)) - 41ad025f-af8e-4c4e-9124-a1617073bc42@group-312CCC1152ED-StateMachineUpdater: Took a snapshot at index 28
2024-10-28 08:10:57,285 [41ad025f-af8e-4c4e-9124-a1617073bc42@group-312CCC1152ED-StateMachineUpdater] INFO  impl.StateMachineUpdater (StateMachineUpdater.java:lambda$new$0(102)) - 41ad025f-af8e-4c4e-9124-a1617073bc42@group-312CCC1152ED-StateMachineUpdater: snapshotIndex: updateIncreasingly 22 -> 28
2024-10-28 08:10:57,288 [5164dc07-7390-4e62-85ea-fa0d5359a577@group-2EAE137D939C-LeaderElection17] INFO  server.RaftServer$Division (ServerState.java:setRaftConf(386)) - 5164dc07-7390-4e62-85ea-fa0d5359a577@group-2EAE137D939C: set configuration conf: {index: 0, cur=peers:[5164dc07-7390-4e62-85ea-fa0d5359a577|127.0.0.1:15145, 2dd66384-ce76-40f1-abb4-2732924b3f06|127.0.0.1:15136, 0506bfaa-e0bf-41a1-ae8b-a3d5b458913d|127.0.0.1:15127]|listeners:[], old=null}
2024-10-28 08:10:57,293 [5164dc07-7390-4e62-85ea-fa0d5359a577@group-2EAE137D939C-SegmentedRaftLogWorker] INFO  segmented.SegmentedRaftLogWorker (SegmentedRaftLogWorker.java:execute(641)) - 5164dc07-7390-4e62-85ea-fa0d5359a577@group-2EAE137D939C-SegmentedRaftLogWorker: created new log segment /home/runner/work/ozone/ozone/hadoop-ozone/integration-test/target/test-dir/MiniOzoneClusterImpl-0da7ab08-e378-40bf-aed1-312ccc1152ed/ozone-meta/datanode-3/ratis/e3918b99-e00f-4486-a814-2eae137d939c/current/log_inprogress_0
2024-10-28 08:10:57,299 [0506bfaa-e0bf-41a1-ae8b-a3d5b458913d-server-thread1] INFO  ratis.XceiverServerRatis (XceiverServerRatis.java:handleLeaderChangedNotification(944)) - Leader change notification received for group: group-2EAE137D939C with new leaderId: 5164dc07-7390-4e62-85ea-fa0d5359a577
2024-10-28 08:10:57,299 [0506bfaa-e0bf-41a1-ae8b-a3d5b458913d-server-thread1] INFO  server.RaftServer$Division (ServerState.java:setLeader(272)) - 0506bfaa-e0bf-41a1-ae8b-a3d5b458913d@group-2EAE137D939C: change Leader from null to 5164dc07-7390-4e62-85ea-fa0d5359a577 at term 1 for appendEntries, leader elected after 5118ms
2024-10-28 08:10:57,300 [2dd66384-ce76-40f1-abb4-2732924b3f06-server-thread2] INFO  ratis.XceiverServerRatis (XceiverServerRatis.java:handleLeaderChangedNotification(944)) - Leader change notification received for group: group-2EAE137D939C with new leaderId: 5164dc07-7390-4e62-85ea-fa0d5359a577
2024-10-28 08:10:57,305 [0506bfaa-e0bf-41a1-ae8b-a3d5b458913d-server-thread1] INFO  server.RaftServer$Division (ServerState.java:setRaftConf(386)) - 0506bfaa-e0bf-41a1-ae8b-a3d5b458913d@group-2EAE137D939C: set configuration conf: {index: 0, cur=peers:[5164dc07-7390-4e62-85ea-fa0d5359a577|127.0.0.1:15145, 2dd66384-ce76-40f1-abb4-2732924b3f06|127.0.0.1:15136, 0506bfaa-e0bf-41a1-ae8b-a3d5b458913d|127.0.0.1:15127]|listeners:[], old=null}
2024-10-28 08:10:57,305 [2dd66384-ce76-40f1-abb4-2732924b3f06-server-thread2] INFO  server.RaftServer$Division (ServerState.java:setLeader(272)) - 2dd66384-ce76-40f1-abb4-2732924b3f06@group-2EAE137D939C: change Leader from null to 5164dc07-7390-4e62-85ea-fa0d5359a577 at term 1 for appendEntries, leader elected after 5052ms
2024-10-28 08:10:57,306 [0506bfaa-e0bf-41a1-ae8b-a3d5b458913d-server-thread1] INFO  segmented.SegmentedRaftLogWorker (SegmentedRaftLogWorker.java:startLogSegment(437)) - 0506bfaa-e0bf-41a1-ae8b-a3d5b458913d@group-2EAE137D939C-SegmentedRaftLogWorker: Starting segment from index:0
2024-10-28 08:10:57,306 [2dd66384-ce76-40f1-abb4-2732924b3f06-server-thread2] INFO  server.RaftServer$Division (ServerState.java:setRaftConf(386)) - 2dd66384-ce76-40f1-abb4-2732924b3f06@group-2EAE137D939C: set configuration conf: {index: 0, cur=peers:[5164dc07-7390-4e62-85ea-fa0d5359a577|127.0.0.1:15145, 2dd66384-ce76-40f1-abb4-2732924b3f06|127.0.0.1:15136, 0506bfaa-e0bf-41a1-ae8b-a3d5b458913d|127.0.0.1:15127]|listeners:[], old=null}
2024-10-28 08:10:57,306 [0506bfaa-e0bf-41a1-ae8b-a3d5b458913d@group-2EAE137D939C-SegmentedRaftLogWorker] INFO  segmented.BufferedWriteChannel (BufferedWriteChannel.java:open(61)) - open log_inprogress_0 at position 0
2024-10-28 08:10:57,307 [2dd66384-ce76-40f1-abb4-2732924b3f06-server-thread2] INFO  segmented.SegmentedRaftLogWorker (SegmentedRaftLogWorker.java:startLogSegment(437)) - 2dd66384-ce76-40f1-abb4-2732924b3f06@group-2EAE137D939C-SegmentedRaftLogWorker: Starting segment from index:0
2024-10-28 08:10:57,307 [2dd66384-ce76-40f1-abb4-2732924b3f06@group-2EAE137D939C-SegmentedRaftLogWorker] INFO  segmented.BufferedWriteChannel (BufferedWriteChannel.java:open(61)) - open log_inprogress_0 at position 0
2024-10-28 08:10:57,320 [2dd66384-ce76-40f1-abb4-2732924b3f06@group-2EAE137D939C-SegmentedRaftLogWorker] INFO  segmented.SegmentedRaftLogWorker (SegmentedRaftLogWorker.java:execute(641)) - 2dd66384-ce76-40f1-abb4-2732924b3f06@group-2EAE137D939C-SegmentedRaftLogWorker: created new log segment /home/runner/work/ozone/ozone/hadoop-ozone/integration-test/target/test-dir/MiniOzoneClusterImpl-0da7ab08-e378-40bf-aed1-312ccc1152ed/ozone-meta/datanode-2/ratis/e3918b99-e00f-4486-a814-2eae137d939c/current/log_inprogress_0
2024-10-28 08:10:57,321 [0506bfaa-e0bf-41a1-ae8b-a3d5b458913d@group-2EAE137D939C-SegmentedRaftLogWorker] INFO  segmented.SegmentedRaftLogWorker (SegmentedRaftLogWorker.java:execute(641)) - 0506bfaa-e0bf-41a1-ae8b-a3d5b458913d@group-2EAE137D939C-SegmentedRaftLogWorker: created new log segment /home/runner/work/ozone/ozone/hadoop-ozone/integration-test/target/test-dir/MiniOzoneClusterImpl-0da7ab08-e378-40bf-aed1-312ccc1152ed/ozone-meta/datanode-1/ratis/e3918b99-e00f-4486-a814-2eae137d939c/current/log_inprogress_0
2024-10-28 08:10:57,325 [5164dc07-7390-4e62-85ea-fa0d5359a577@group-2EAE137D939C-StateMachineUpdater] INFO  server.RaftServer$Division (LeaderStateImpl.java:checkStartIndex(316)) - Leader 5164dc07-7390-4e62-85ea-fa0d5359a577@group-2EAE137D939C-LeaderStateImpl is ready since appliedIndex == startIndex == 0
2024-10-28 08:10:57,352 [0506bfaa-e0bf-41a1-ae8b-a3d5b458913d@group-7E49E578F942-FollowerState] INFO  impl.FollowerState (FollowerState.java:run(144)) - 0506bfaa-e0bf-41a1-ae8b-a3d5b458913d@group-7E49E578F942-FollowerState: change to CANDIDATE, lastRpcElapsedTime:5061532988ns, electionTimeout:5058ms
2024-10-28 08:10:57,352 [0506bfaa-e0bf-41a1-ae8b-a3d5b458913d@group-7E49E578F942-FollowerState] INFO  impl.RoleInfo (RoleInfo.java:shutdownFollowerState(119)) - 0506bfaa-e0bf-41a1-ae8b-a3d5b458913d: shutdown 0506bfaa-e0bf-41a1-ae8b-a3d5b458913d@group-7E49E578F942-FollowerState
2024-10-28 08:10:57,352 [0506bfaa-e0bf-41a1-ae8b-a3d5b458913d@group-7E49E578F942-FollowerState] INFO  server.RaftServer$Division (RaftServerImpl.java:setRole(377)) - 0506bfaa-e0bf-41a1-ae8b-a3d5b458913d@group-7E49E578F942: changes role from  FOLLOWER to CANDIDATE at term 0 for changeToCandidate
2024-10-28 08:10:57,352 [0506bfaa-e0bf-41a1-ae8b-a3d5b458913d@group-7E49E578F942-FollowerState] INFO  server.RaftServerConfigKeys (ConfUtils.java:logGet(46)) - raft.server.leaderelection.pre-vote = true (default)
2024-10-28 08:10:57,352 [0506bfaa-e0bf-41a1-ae8b-a3d5b458913d@group-7E49E578F942-FollowerState] INFO  impl.RoleInfo (RoleInfo.java:updateAndGet(148)) - 0506bfaa-e0bf-41a1-ae8b-a3d5b458913d: start 0506bfaa-e0bf-41a1-ae8b-a3d5b458913d@group-7E49E578F942-LeaderElection18
2024-10-28 08:10:57,353 [0506bfaa-e0bf-41a1-ae8b-a3d5b458913d@group-7E49E578F942-LeaderElection18] INFO  impl.LeaderElection (LeaderElection.java:askForVotes(325)) - 0506bfaa-e0bf-41a1-ae8b-a3d5b458913d@group-7E49E578F942-LeaderElection18 PRE_VOTE round 0: submit vote requests at term 0 for conf: {index: -1, cur=peers:[5164dc07-7390-4e62-85ea-fa0d5359a577|127.0.0.1:15145, 2dd66384-ce76-40f1-abb4-2732924b3f06|127.0.0.1:15136, 0506bfaa-e0bf-41a1-ae8b-a3d5b458913d|127.0.0.1:15127]|listeners:[], old=null}
2024-10-28 08:10:57,353 [0506bfaa-e0bf-41a1-ae8b-a3d5b458913d@group-7E49E578F942-LeaderElection18] INFO  server.RaftServerConfigKeys (ConfUtils.java:logFallback(53)) - raft.server.rpc.first-election.timeout.min = 5s (fallback to raft.server.rpc.timeout.min)
2024-10-28 08:10:57,354 [0506bfaa-e0bf-41a1-ae8b-a3d5b458913d@group-7E49E578F942-LeaderElection18] INFO  server.RaftServerConfigKeys (ConfUtils.java:logFallback(53)) - raft.server.rpc.first-election.timeout.max = 5200ms (fallback to raft.server.rpc.timeout.max)
2024-10-28 08:10:57,355 [grpc-default-executor-0] INFO  server.RaftServer$Division (RaftServerImpl.java:requestVote(1394)) - 5164dc07-7390-4e62-85ea-fa0d5359a577@group-7E49E578F942: receive requestVote(PRE_VOTE, 0506bfaa-e0bf-41a1-ae8b-a3d5b458913d, group-7E49E578F942, 0, (t:0, i:0))
2024-10-28 08:10:57,355 [grpc-default-executor-0] INFO  impl.VoteContext (VoteContext.java:log(49)) - 5164dc07-7390-4e62-85ea-fa0d5359a577@group-7E49E578F942-FOLLOWER: accept PRE_VOTE from 0506bfaa-e0bf-41a1-ae8b-a3d5b458913d: our priority 0 <= candidate's priority 1
2024-10-28 08:10:57,355 [grpc-default-executor-0] INFO  server.RaftServer$Division (RaftServerImpl.java:requestVote(1427)) - 5164dc07-7390-4e62-85ea-fa0d5359a577@group-7E49E578F942 replies to PRE_VOTE vote request: 0506bfaa-e0bf-41a1-ae8b-a3d5b458913d<-5164dc07-7390-4e62-85ea-fa0d5359a577#0:OK-t0. Peer's state: 5164dc07-7390-4e62-85ea-fa0d5359a577@group-7E49E578F942:t0, leader=null, voted=, raftlog=Memoized:5164dc07-7390-4e62-85ea-fa0d5359a577@group-7E49E578F942-SegmentedRaftLog:OPENED:c-1:lastnull, conf=conf: {index: -1, cur=peers:[5164dc07-7390-4e62-85ea-fa0d5359a577|127.0.0.1:15145, 2dd66384-ce76-40f1-abb4-2732924b3f06|127.0.0.1:15136, 0506bfaa-e0bf-41a1-ae8b-a3d5b458913d|127.0.0.1:15127]|listeners:[], old=null}
2024-10-28 08:10:57,355 [grpc-default-executor-2] INFO  server.RaftServer$Division (RaftServerImpl.java:requestVote(1394)) - 2dd66384-ce76-40f1-abb4-2732924b3f06@group-7E49E578F942: receive requestVote(PRE_VOTE, 0506bfaa-e0bf-41a1-ae8b-a3d5b458913d, group-7E49E578F942, 0, (t:0, i:0))
2024-10-28 08:10:57,356 [grpc-default-executor-2] INFO  impl.VoteContext (VoteContext.java:log(49)) - 2dd66384-ce76-40f1-abb4-2732924b3f06@group-7E49E578F942-FOLLOWER: accept PRE_VOTE from 0506bfaa-e0bf-41a1-ae8b-a3d5b458913d: our priority 0 <= candidate's priority 1
2024-10-28 08:10:57,356 [grpc-default-executor-2] INFO  server.RaftServer$Division (RaftServerImpl.java:requestVote(1427)) - 2dd66384-ce76-40f1-abb4-2732924b3f06@group-7E49E578F942 replies to PRE_VOTE vote request: 0506bfaa-e0bf-41a1-ae8b-a3d5b458913d<-2dd66384-ce76-40f1-abb4-2732924b3f06#0:OK-t0. Peer's state: 2dd66384-ce76-40f1-abb4-2732924b3f06@group-7E49E578F942:t0, leader=null, voted=, raftlog=Memoized:2dd66384-ce76-40f1-abb4-2732924b3f06@group-7E49E578F942-SegmentedRaftLog:OPENED:c-1:lastnull, conf=conf: {index: -1, cur=peers:[5164dc07-7390-4e62-85ea-fa0d5359a577|127.0.0.1:15145, 2dd66384-ce76-40f1-abb4-2732924b3f06|127.0.0.1:15136, 0506bfaa-e0bf-41a1-ae8b-a3d5b458913d|127.0.0.1:15127]|listeners:[], old=null}
2024-10-28 08:10:57,356 [0506bfaa-e0bf-41a1-ae8b-a3d5b458913d@group-7E49E578F942-LeaderElection18] INFO  impl.LeaderElection (LeaderElection.java:logAndReturn(89)) - 0506bfaa-e0bf-41a1-ae8b-a3d5b458913d@group-7E49E578F942-LeaderElection18: PRE_VOTE PASSED received 1 response(s) and 0 exception(s):
2024-10-28 08:10:57,356 [0506bfaa-e0bf-41a1-ae8b-a3d5b458913d@group-7E49E578F942-LeaderElection18] INFO  impl.LeaderElection (LeaderElection.java:logAndReturn(93)) -   Response 0: 0506bfaa-e0bf-41a1-ae8b-a3d5b458913d<-5164dc07-7390-4e62-85ea-fa0d5359a577#0:OK-t0
2024-10-28 08:10:57,356 [0506bfaa-e0bf-41a1-ae8b-a3d5b458913d@group-7E49E578F942-LeaderElection18] INFO  impl.LeaderElection (LeaderElection.java:askForVotes(327)) - 0506bfaa-e0bf-41a1-ae8b-a3d5b458913d@group-7E49E578F942-LeaderElection18 PRE_VOTE round 0: result PASSED
2024-10-28 08:10:57,358 [0506bfaa-e0bf-41a1-ae8b-a3d5b458913d@group-7E49E578F942-LeaderElection18] INFO  impl.LeaderElection (LeaderElection.java:askForVotes(325)) - 0506bfaa-e0bf-41a1-ae8b-a3d5b458913d@group-7E49E578F942-LeaderElection18 ELECTION round 0: submit vote requests at term 1 for conf: {index: -1, cur=peers:[5164dc07-7390-4e62-85ea-fa0d5359a577|127.0.0.1:15145, 2dd66384-ce76-40f1-abb4-2732924b3f06|127.0.0.1:15136, 0506bfaa-e0bf-41a1-ae8b-a3d5b458913d|127.0.0.1:15127]|listeners:[], old=null}
2024-10-28 08:10:57,359 [0506bfaa-e0bf-41a1-ae8b-a3d5b458913d@group-7E49E578F942-LeaderElection18] INFO  server.RaftServerConfigKeys (ConfUtils.java:logFallback(53)) - raft.server.rpc.first-election.timeout.min = 5s (fallback to raft.server.rpc.timeout.min)
2024-10-28 08:10:57,359 [0506bfaa-e0bf-41a1-ae8b-a3d5b458913d@group-7E49E578F942-LeaderElection18] INFO  server.RaftServerConfigKeys (ConfUtils.java:logFallback(53)) - raft.server.rpc.first-election.timeout.max = 5200ms (fallback to raft.server.rpc.timeout.max)
2024-10-28 08:10:57,359 [grpc-default-executor-2] INFO  server.RaftServer$Division (RaftServerImpl.java:requestVote(1394)) - 5164dc07-7390-4e62-85ea-fa0d5359a577@group-7E49E578F942: receive requestVote(ELECTION, 0506bfaa-e0bf-41a1-ae8b-a3d5b458913d, group-7E49E578F942, 1, (t:0, i:0))
2024-10-28 08:10:57,360 [grpc-default-executor-2] INFO  impl.VoteContext (VoteContext.java:log(49)) - 5164dc07-7390-4e62-85ea-fa0d5359a577@group-7E49E578F942-FOLLOWER: accept ELECTION from 0506bfaa-e0bf-41a1-ae8b-a3d5b458913d: our priority 0 <= candidate's priority 1
2024-10-28 08:10:57,360 [grpc-default-executor-2] INFO  server.RaftServer$Division (RaftServerImpl.java:setRole(377)) - 5164dc07-7390-4e62-85ea-fa0d5359a577@group-7E49E578F942: changes role from  FOLLOWER to FOLLOWER at term 0 for candidate:0506bfaa-e0bf-41a1-ae8b-a3d5b458913d
2024-10-28 08:10:57,360 [grpc-default-executor-2] INFO  impl.RoleInfo (RoleInfo.java:shutdownFollowerState(119)) - 5164dc07-7390-4e62-85ea-fa0d5359a577: shutdown 5164dc07-7390-4e62-85ea-fa0d5359a577@group-7E49E578F942-FollowerState
2024-10-28 08:10:57,360 [grpc-default-executor-2] INFO  impl.RoleInfo (RoleInfo.java:updateAndGet(148)) - 5164dc07-7390-4e62-85ea-fa0d5359a577: start 5164dc07-7390-4e62-85ea-fa0d5359a577@group-7E49E578F942-FollowerState
2024-10-28 08:10:57,360 [5164dc07-7390-4e62-85ea-fa0d5359a577@group-7E49E578F942-FollowerState] INFO  impl.FollowerState (FollowerState.java:run(153)) - 5164dc07-7390-4e62-85ea-fa0d5359a577@group-7E49E578F942-FollowerState was interrupted
2024-10-28 08:10:57,360 [grpc-default-executor-0] INFO  server.RaftServer$Division (RaftServerImpl.java:requestVote(1394)) - 2dd66384-ce76-40f1-abb4-2732924b3f06@group-7E49E578F942: receive requestVote(ELECTION, 0506bfaa-e0bf-41a1-ae8b-a3d5b458913d, group-7E49E578F942, 1, (t:0, i:0))
2024-10-28 08:10:57,360 [grpc-default-executor-0] INFO  impl.VoteContext (VoteContext.java:log(49)) - 2dd66384-ce76-40f1-abb4-2732924b3f06@group-7E49E578F942-FOLLOWER: accept ELECTION from 0506bfaa-e0bf-41a1-ae8b-a3d5b458913d: our priority 0 <= candidate's priority 1
2024-10-28 08:10:57,360 [grpc-default-executor-0] INFO  server.RaftServer$Division (RaftServerImpl.java:setRole(377)) - 2dd66384-ce76-40f1-abb4-2732924b3f06@group-7E49E578F942: changes role from  FOLLOWER to FOLLOWER at term 0 for candidate:0506bfaa-e0bf-41a1-ae8b-a3d5b458913d
2024-10-28 08:10:57,360 [grpc-default-executor-0] INFO  impl.RoleInfo (RoleInfo.java:shutdownFollowerState(119)) - 2dd66384-ce76-40f1-abb4-2732924b3f06: shutdown 2dd66384-ce76-40f1-abb4-2732924b3f06@group-7E49E578F942-FollowerState
2024-10-28 08:10:57,361 [grpc-default-executor-0] INFO  impl.RoleInfo (RoleInfo.java:updateAndGet(148)) - 2dd66384-ce76-40f1-abb4-2732924b3f06: start 2dd66384-ce76-40f1-abb4-2732924b3f06@group-7E49E578F942-FollowerState
2024-10-28 08:10:57,361 [2dd66384-ce76-40f1-abb4-2732924b3f06@group-7E49E578F942-FollowerState] INFO  impl.FollowerState (FollowerState.java:run(153)) - 2dd66384-ce76-40f1-abb4-2732924b3f06@group-7E49E578F942-FollowerState was interrupted
2024-10-28 08:10:57,361 [grpc-default-executor-2] INFO  server.RaftServer$Division (RaftServerImpl.java:setFirstElection(558)) - 5164dc07-7390-4e62-85ea-fa0d5359a577@group-7E49E578F942: set firstElectionSinceStartup to false for candidate:0506bfaa-e0bf-41a1-ae8b-a3d5b458913d
2024-10-28 08:10:57,362 [grpc-default-executor-0] INFO  server.RaftServer$Division (RaftServerImpl.java:setFirstElection(558)) - 2dd66384-ce76-40f1-abb4-2732924b3f06@group-7E49E578F942: set firstElectionSinceStartup to false for candidate:0506bfaa-e0bf-41a1-ae8b-a3d5b458913d
2024-10-28 08:10:57,362 [grpc-default-executor-2] INFO  server.RaftServer$Division (RaftServerImpl.java:requestVote(1427)) - 5164dc07-7390-4e62-85ea-fa0d5359a577@group-7E49E578F942 replies to ELECTION vote request: 0506bfaa-e0bf-41a1-ae8b-a3d5b458913d<-5164dc07-7390-4e62-85ea-fa0d5359a577#0:OK-t1. Peer's state: 5164dc07-7390-4e62-85ea-fa0d5359a577@group-7E49E578F942:t1, leader=null, voted=0506bfaa-e0bf-41a1-ae8b-a3d5b458913d, raftlog=Memoized:5164dc07-7390-4e62-85ea-fa0d5359a577@group-7E49E578F942-SegmentedRaftLog:OPENED:c-1:lastnull, conf=conf: {index: -1, cur=peers:[5164dc07-7390-4e62-85ea-fa0d5359a577|127.0.0.1:15145, 2dd66384-ce76-40f1-abb4-2732924b3f06|127.0.0.1:15136, 0506bfaa-e0bf-41a1-ae8b-a3d5b458913d|127.0.0.1:15127]|listeners:[], old=null}
2024-10-28 08:10:57,363 [0506bfaa-e0bf-41a1-ae8b-a3d5b458913d@group-7E49E578F942-LeaderElection18] INFO  impl.LeaderElection (LeaderElection.java:logAndReturn(89)) - 0506bfaa-e0bf-41a1-ae8b-a3d5b458913d@group-7E49E578F942-LeaderElection18: ELECTION PASSED received 1 response(s) and 0 exception(s):
2024-10-28 08:10:57,363 [0506bfaa-e0bf-41a1-ae8b-a3d5b458913d@group-7E49E578F942-LeaderElection18] INFO  impl.LeaderElection (LeaderElection.java:logAndReturn(93)) -   Response 0: 0506bfaa-e0bf-41a1-ae8b-a3d5b458913d<-5164dc07-7390-4e62-85ea-fa0d5359a577#0:OK-t1
2024-10-28 08:10:57,363 [0506bfaa-e0bf-41a1-ae8b-a3d5b458913d@group-7E49E578F942-LeaderElection18] INFO  impl.LeaderElection (LeaderElection.java:askForVotes(327)) - 0506bfaa-e0bf-41a1-ae8b-a3d5b458913d@group-7E49E578F942-LeaderElection18 ELECTION round 0: result PASSED
2024-10-28 08:10:57,364 [grpc-default-executor-0] INFO  server.RaftServer$Division (RaftServerImpl.java:requestVote(1427)) - 2dd66384-ce76-40f1-abb4-2732924b3f06@group-7E49E578F942 replies to ELECTION vote request: 0506bfaa-e0bf-41a1-ae8b-a3d5b458913d<-2dd66384-ce76-40f1-abb4-2732924b3f06#0:OK-t1. Peer's state: 2dd66384-ce76-40f1-abb4-2732924b3f06@group-7E49E578F942:t1, leader=null, voted=0506bfaa-e0bf-41a1-ae8b-a3d5b458913d, raftlog=Memoized:2dd66384-ce76-40f1-abb4-2732924b3f06@group-7E49E578F942-SegmentedRaftLog:OPENED:c-1:lastnull, conf=conf: {index: -1, cur=peers:[5164dc07-7390-4e62-85ea-fa0d5359a577|127.0.0.1:15145, 2dd66384-ce76-40f1-abb4-2732924b3f06|127.0.0.1:15136, 0506bfaa-e0bf-41a1-ae8b-a3d5b458913d|127.0.0.1:15127]|listeners:[], old=null}
2024-10-28 08:10:57,365 [0506bfaa-e0bf-41a1-ae8b-a3d5b458913d@group-7E49E578F942-LeaderElection18] INFO  impl.RoleInfo (RoleInfo.java:shutdownLeaderElection(139)) - 0506bfaa-e0bf-41a1-ae8b-a3d5b458913d: shutdown 0506bfaa-e0bf-41a1-ae8b-a3d5b458913d@group-7E49E578F942-LeaderElection18
2024-10-28 08:10:57,365 [0506bfaa-e0bf-41a1-ae8b-a3d5b458913d@group-7E49E578F942-LeaderElection18] INFO  server.RaftServer$Division (RaftServerImpl.java:setRole(377)) - 0506bfaa-e0bf-41a1-ae8b-a3d5b458913d@group-7E49E578F942: changes role from CANDIDATE to LEADER at term 1 for changeToLeader
2024-10-28 08:10:57,365 [0506bfaa-e0bf-41a1-ae8b-a3d5b458913d@group-7E49E578F942-LeaderElection18] INFO  server.RaftServerConfigKeys (ConfUtils.java:logGet(46)) - raft.server.staging.catchup.gap = 1000 (default)
2024-10-28 08:10:57,365 [0506bfaa-e0bf-41a1-ae8b-a3d5b458913d@group-7E49E578F942-LeaderElection18] INFO  server.RaftServerConfigKeys (ConfUtils.java:logGet(46)) - raft.server.write.element-limit = 1024 (custom)
2024-10-28 08:10:57,366 [0506bfaa-e0bf-41a1-ae8b-a3d5b458913d@group-7E49E578F942-LeaderElection18] INFO  server.RaftServerConfigKeys (ConfUtils.java:logGet(46)) - raft.server.write.byte-limit = 1024 M (=1073741824) (custom)
2024-10-28 08:10:57,366 [0506bfaa-e0bf-41a1-ae8b-a3d5b458913d@group-7E49E578F942-LeaderElection18] INFO  server.RaftServerConfigKeys (ConfUtils.java:logGet(46)) - raft.server.watch.timeout = 30s (custom)
2024-10-28 08:10:57,366 [0506bfaa-e0bf-41a1-ae8b-a3d5b458913d@group-7E49E578F942-LeaderElection18] INFO  server.RaftServerConfigKeys (ConfUtils.java:logGet(46)) - raft.server.watch.timeout.denomination = 1s (default)
2024-10-28 08:10:57,367 [0506bfaa-e0bf-41a1-ae8b-a3d5b458913d@group-7E49E578F942-LeaderElection18] INFO  server.RaftServerConfigKeys (ConfUtils.java:logGet(46)) - raft.server.watch.element-limit = 65536 (default)
2024-10-28 08:10:57,367 [0506bfaa-e0bf-41a1-ae8b-a3d5b458913d@group-7E49E578F942-LeaderElection18] INFO  server.RaftServerConfigKeys (ConfUtils.java:logGet(46)) - raft.server.read.leader.lease.enabled = false (default)
2024-10-28 08:10:57,367 [0506bfaa-e0bf-41a1-ae8b-a3d5b458913d@group-7E49E578F942-LeaderElection18] INFO  server.RaftServerConfigKeys (ConfUtils.java:logGet(46)) - raft.server.read.leader.lease.timeout.ratio = 0.9 (default)
2024-10-28 08:10:57,368 [0506bfaa-e0bf-41a1-ae8b-a3d5b458913d@group-7E49E578F942-LeaderElection18] INFO  server.RaftServerConfigKeys (ConfUtils.java:logGet(46)) - raft.server.rpc.timeout.min = 5s (custom)
2024-10-28 08:10:57,368 [0506bfaa-e0bf-41a1-ae8b-a3d5b458913d@group-7E49E578F942-LeaderElection18] INFO  server.RaftServerConfigKeys (ConfUtils.java:logGet(46)) - raft.server.log.log-metadata.enabled = true (default)
2024-10-28 08:10:57,368 [0506bfaa-e0bf-41a1-ae8b-a3d5b458913d@group-7E49E578F942-LeaderElection18] INFO  server.RaftServerConfigKeys (ConfUtils.java:logGet(46)) - raft.server.write.element-limit = 1024 (custom)
2024-10-28 08:10:57,368 [0506bfaa-e0bf-41a1-ae8b-a3d5b458913d@group-7E49E578F942-LeaderElection18] INFO  server.RaftServerConfigKeys (ConfUtils.java:logGet(46)) - raft.server.write.follower.gap.ratio.max = -1.0 (default)
2024-10-28 08:10:57,368 [0506bfaa-e0bf-41a1-ae8b-a3d5b458913d@group-7E49E578F942-LeaderElection18] INFO  server.RaftServerConfigKeys (ConfUtils.java:logGet(46)) - raft.server.log.appender.snapshot.chunk.size.max = 16MB (=16777216) (default)
2024-10-28 08:10:57,369 [0506bfaa-e0bf-41a1-ae8b-a3d5b458913d@group-7E49E578F942-LeaderElection18] INFO  server.RaftServerConfigKeys (ConfUtils.java:logGet(46)) - raft.server.log.appender.buffer.byte-limit = 33554432 (custom)
2024-10-28 08:10:57,369 [0506bfaa-e0bf-41a1-ae8b-a3d5b458913d@group-7E49E578F942-LeaderElection18] INFO  server.RaftServerConfigKeys (ConfUtils.java:logGet(46)) - raft.server.log.appender.buffer.element-limit = 1024 (custom)
2024-10-28 08:10:57,369 [0506bfaa-e0bf-41a1-ae8b-a3d5b458913d@group-7E49E578F942-LeaderElection18] INFO  server.RaftServerConfigKeys (ConfUtils.java:logGet(46)) - raft.server.log.appender.wait-time.min = 0μs (custom)
2024-10-28 08:10:57,369 [0506bfaa-e0bf-41a1-ae8b-a3d5b458913d@group-7E49E578F942-LeaderElection18] INFO  grpc.GrpcConfigKeys (ConfUtils.java:logGet(46)) - raft.grpc.server.leader.outstanding.appends.max = 8 (default)
2024-10-28 08:10:57,369 [0506bfaa-e0bf-41a1-ae8b-a3d5b458913d@group-7E49E578F942-LeaderElection18] INFO  server.RaftServerConfigKeys (ConfUtils.java:logGet(46)) - raft.server.rpc.request.timeout = 60s (custom)
2024-10-28 08:10:57,369 [0506bfaa-e0bf-41a1-ae8b-a3d5b458913d@group-7E49E578F942-LeaderElection18] INFO  grpc.GrpcConfigKeys (ConfUtils.java:logGet(46)) - raft.grpc.server.install_snapshot.request.element-limit = 8 (default)
2024-10-28 08:10:57,369 [0506bfaa-e0bf-41a1-ae8b-a3d5b458913d@group-7E49E578F942-LeaderElection18] INFO  grpc.GrpcConfigKeys (ConfUtils.java:logGet(46)) - raft.grpc.server.install_snapshot.request.timeout = 3000ms (default)
2024-10-28 08:10:57,369 [0506bfaa-e0bf-41a1-ae8b-a3d5b458913d@group-7E49E578F942-LeaderElection18] INFO  grpc.GrpcConfigKeys (ConfUtils.java:logGet(46)) - raft.grpc.server.log-message.batch.duration = 5s (default)
2024-10-28 08:10:57,369 [0506bfaa-e0bf-41a1-ae8b-a3d5b458913d@group-7E49E578F942-LeaderElection18] INFO  server.RaftServerConfigKeys (ConfUtils.java:logGet(46)) - raft.server.log.appender.install.snapshot.enabled = false (custom)
2024-10-28 08:10:57,369 [0506bfaa-e0bf-41a1-ae8b-a3d5b458913d@group-7E49E578F942-LeaderElection18] INFO  grpc.GrpcConfigKeys (ConfUtils.java:logGet(46)) - raft.grpc.server.heartbeat.channel = true (default)
2024-10-28 08:10:57,370 [0506bfaa-e0bf-41a1-ae8b-a3d5b458913d@group-7E49E578F942-LeaderElection18] INFO  server.RaftServerConfigKeys (ConfUtils.java:logGet(46)) - raft.server.log.appender.snapshot.chunk.size.max = 16MB (=16777216) (default)
2024-10-28 08:10:57,370 [0506bfaa-e0bf-41a1-ae8b-a3d5b458913d@group-7E49E578F942-LeaderElection18] INFO  server.RaftServerConfigKeys (ConfUtils.java:logGet(46)) - raft.server.log.appender.buffer.byte-limit = 33554432 (custom)
2024-10-28 08:10:57,370 [0506bfaa-e0bf-41a1-ae8b-a3d5b458913d@group-7E49E578F942-LeaderElection18] INFO  server.RaftServerConfigKeys (ConfUtils.java:logGet(46)) - raft.server.log.appender.buffer.element-limit = 1024 (custom)
2024-10-28 08:10:57,370 [0506bfaa-e0bf-41a1-ae8b-a3d5b458913d@group-7E49E578F942-LeaderElection18] INFO  server.RaftServerConfigKeys (ConfUtils.java:logGet(46)) - raft.server.log.appender.wait-time.min = 0μs (custom)
2024-10-28 08:10:57,371 [0506bfaa-e0bf-41a1-ae8b-a3d5b458913d@group-7E49E578F942-LeaderElection18] INFO  grpc.GrpcConfigKeys (ConfUtils.java:logGet(46)) - raft.grpc.server.leader.outstanding.appends.max = 8 (default)
2024-10-28 08:10:57,371 [0506bfaa-e0bf-41a1-ae8b-a3d5b458913d@group-7E49E578F942-LeaderElection18] INFO  server.RaftServerConfigKeys (ConfUtils.java:logGet(46)) - raft.server.rpc.request.timeout = 60s (custom)
2024-10-28 08:10:57,371 [0506bfaa-e0bf-41a1-ae8b-a3d5b458913d@group-7E49E578F942-LeaderElection18] INFO  grpc.GrpcConfigKeys (ConfUtils.java:logGet(46)) - raft.grpc.server.install_snapshot.request.element-limit = 8 (default)
2024-10-28 08:10:57,371 [0506bfaa-e0bf-41a1-ae8b-a3d5b458913d@group-7E49E578F942-LeaderElection18] INFO  grpc.GrpcConfigKeys (ConfUtils.java:logGet(46)) - raft.grpc.server.install_snapshot.request.timeout = 3000ms (default)
2024-10-28 08:10:57,371 [0506bfaa-e0bf-41a1-ae8b-a3d5b458913d@group-7E49E578F942-LeaderElection18] INFO  grpc.GrpcConfigKeys (ConfUtils.java:logGet(46)) - raft.grpc.server.log-message.batch.duration = 5s (default)
2024-10-28 08:10:57,371 [0506bfaa-e0bf-41a1-ae8b-a3d5b458913d@group-7E49E578F942-LeaderElection18] INFO  server.RaftServerConfigKeys (ConfUtils.java:logGet(46)) - raft.server.log.appender.install.snapshot.enabled = false (custom)
2024-10-28 08:10:57,371 [0506bfaa-e0bf-41a1-ae8b-a3d5b458913d@group-7E49E578F942-LeaderElection18] INFO  grpc.GrpcConfigKeys (ConfUtils.java:logGet(46)) - raft.grpc.server.heartbeat.channel = true (default)
2024-10-28 08:10:57,371 [0506bfaa-e0bf-41a1-ae8b-a3d5b458913d@group-7E49E578F942-LeaderElection18] INFO  impl.RoleInfo (RoleInfo.java:updateAndGet(148)) - 0506bfaa-e0bf-41a1-ae8b-a3d5b458913d: start 0506bfaa-e0bf-41a1-ae8b-a3d5b458913d@group-7E49E578F942-LeaderStateImpl
2024-10-28 08:10:57,371 [0506bfaa-e0bf-41a1-ae8b-a3d5b458913d@group-7E49E578F942-LeaderElection18] INFO  server.RaftServer$Division (RaftServerImpl.java:setFirstElection(558)) - 0506bfaa-e0bf-41a1-ae8b-a3d5b458913d@group-7E49E578F942: set firstElectionSinceStartup to false for becomeLeader
2024-10-28 08:10:57,371 [0506bfaa-e0bf-41a1-ae8b-a3d5b458913d@group-7E49E578F942-LeaderElection18] INFO  ratis.XceiverServerRatis (XceiverServerRatis.java:handleLeaderChangedNotification(944)) - Leader change notification received for group: group-7E49E578F942 with new leaderId: 0506bfaa-e0bf-41a1-ae8b-a3d5b458913d
2024-10-28 08:10:57,371 [0506bfaa-e0bf-41a1-ae8b-a3d5b458913d@group-7E49E578F942-LeaderElection18] INFO  server.RaftServer$Division (ServerState.java:setLeader(272)) - 0506bfaa-e0bf-41a1-ae8b-a3d5b458913d@group-7E49E578F942: change Leader from null to 0506bfaa-e0bf-41a1-ae8b-a3d5b458913d at term 1 for becomeLeader, leader elected after 5098ms
2024-10-28 08:10:57,371 [0506bfaa-e0bf-41a1-ae8b-a3d5b458913d@group-7E49E578F942-LeaderElection18] INFO  segmented.SegmentedRaftLogWorker (SegmentedRaftLogWorker.java:startLogSegment(437)) - 0506bfaa-e0bf-41a1-ae8b-a3d5b458913d@group-7E49E578F942-SegmentedRaftLogWorker: Starting segment from index:0
2024-10-28 08:10:57,372 [0506bfaa-e0bf-41a1-ae8b-a3d5b458913d@group-7E49E578F942-SegmentedRaftLogWorker] INFO  segmented.BufferedWriteChannel (BufferedWriteChannel.java:open(61)) - open log_inprogress_0 at position 0
2024-10-28 08:10:57,373 [scmNode-2-EventQueue-PipelineReportForPipelineReportHandler] ERROR pipeline.PipelineReportHandler (PipelineReportHandler.java:onMessage(100)) - Could not process pipeline report=pipelineID {
  id: "28892f10-fef2-4f02-9f0c-7e49e578f942"
  uuid128 {
    mostSigBits: 2920917583369752322
    leastSigBits: -6986070066110858942
  }
}
isLeader: true
bytesWritten: 0
 from dn=0506bfaa-e0bf-41a1-ae8b-a3d5b458913d(localhost/127.0.0.1).
org.apache.hadoop.hdds.scm.exceptions.SCMException: org.apache.ratis.protocol.exceptions.NotLeaderException: Server 22ff29b6-698b-46d6-babb-0a5352f8b68f@group-312CCC1152ED is not the leader, suggested leader is: 41ad025f-af8e-4c4e-9124-a1617073bc42|localhost:15078
	at org.apache.hadoop.hdds.scm.ha.SCMHAInvocationHandler.translateException(SCMHAInvocationHandler.java:165)
	at org.apache.hadoop.hdds.scm.ha.SCMHAInvocationHandler.invokeRatis(SCMHAInvocationHandler.java:115)
	at org.apache.hadoop.hdds.scm.ha.SCMHAInvocationHandler.invoke(SCMHAInvocationHandler.java:74)
	at jdk.proxy2/jdk.proxy2.$Proxy38.updatePipelineState(Unknown Source)
	at org.apache.hadoop.hdds.scm.pipeline.PipelineManagerImpl.openPipeline(PipelineManagerImpl.java:430)
	at org.apache.hadoop.hdds.scm.pipeline.PipelineReportHandler.processPipelineReport(PipelineReportHandler.java:135)
	at org.apache.hadoop.hdds.scm.pipeline.PipelineReportHandler.onMessage(PipelineReportHandler.java:93)
	at org.apache.hadoop.hdds.scm.pipeline.PipelineReportHandler.onMessage(PipelineReportHandler.java:52)
	at org.apache.hadoop.hdds.server.events.SingleThreadExecutor.lambda$onMessage$1(SingleThreadExecutor.java:86)
	at java.base/java.util.concurrent.ThreadPoolExecutor.runWorker(ThreadPoolExecutor.java:1136)
	at java.base/java.util.concurrent.ThreadPoolExecutor$Worker.run(ThreadPoolExecutor.java:635)
	at java.base/java.lang.Thread.run(Thread.java:840)
Caused by: org.apache.ratis.protocol.exceptions.NotLeaderException: Server 22ff29b6-698b-46d6-babb-0a5352f8b68f@group-312CCC1152ED is not the leader, suggested leader is: 41ad025f-af8e-4c4e-9124-a1617073bc42|localhost:15078
	at org.apache.ratis.server.impl.RaftServerImpl.generateNotLeaderException(RaftServerImpl.java:777)
	at org.apache.ratis.server.impl.RaftServerImpl.checkLeaderState(RaftServerImpl.java:742)
	at org.apache.ratis.server.impl.RaftServerImpl.checkLeaderState(RaftServerImpl.java:728)
	at org.apache.ratis.server.impl.RaftServerImpl.writeAsyncImpl(RaftServerImpl.java:945)
	at org.apache.ratis.server.impl.RaftServerImpl.writeAsync(RaftServerImpl.java:933)
	at org.apache.ratis.server.impl.RaftServerImpl.replyFuture(RaftServerImpl.java:926)
	at org.apache.ratis.server.impl.RaftServerImpl.submitClientRequestAsync(RaftServerImpl.java:903)
	at org.apache.ratis.server.impl.RaftServerImpl.lambda$null$11(RaftServerImpl.java:892)
	at org.apache.ratis.util.JavaUtils.callAsUnchecked(JavaUtils.java:118)
	at org.apache.ratis.server.impl.RaftServerImpl.lambda$executeSubmitClientRequestAsync$12(RaftServerImpl.java:892)
	at java.base/java.util.concurrent.CompletableFuture$AsyncSupply.run(CompletableFuture.java:1768)
	... 3 more
2024-10-28 08:10:57,374 [scmNode-2-EventQueue-OpenPipelineForHealthyPipelineSafeModeRule] INFO  safemode.SCMSafeModeManager (HealthyPipelineSafeModeRule.java:process(140)) - SCM in safe mode. Healthy pipelines reported count is 0, required healthy pipeline reported count is 1
2024-10-28 08:10:57,374 [scmNode-2-EventQueue-OpenPipelineForHealthyPipelineSafeModeRule] INFO  safemode.SCMSafeModeManager (HealthyPipelineSafeModeRule.java:process(140)) - SCM in safe mode. Healthy pipelines reported count is 1, required healthy pipeline reported count is 1
2024-10-28 08:10:57,374 [scmNode-2-EventQueue-OpenPipelineForHealthyPipelineSafeModeRule] INFO  safemode.SCMSafeModeManager (SCMSafeModeManager.java:validateSafeModeExitRules(203)) - HealthyPipelineSafeModeRule rule is successfully validated
2024-10-28 08:10:57,374 [scmNode-2-EventQueue-OpenPipelineForHealthyPipelineSafeModeRule] INFO  safemode.SCMSafeModeManager (SCMSafeModeManager.java:validateSafeModeExitRules(218)) - ScmSafeModeManager, all rules are successfully validated
2024-10-28 08:10:57,374 [scmNode-2-EventQueue-OpenPipelineForHealthyPipelineSafeModeRule] INFO  safemode.SCMSafeModeManager (SCMSafeModeManager.java:exitSafeMode(248)) - SCM exiting safe mode.
2024-10-28 08:10:57,374 [scmNode-2-EventQueue-OpenPipelineForHealthyPipelineSafeModeRule] INFO  ha.SCMContext (SCMContext.java:updateSafeModeStatus(225)) - Update SafeModeStatus from SafeModeStatus{safeModeStatus=true, preCheckPassed=true} to SafeModeStatus{safeModeStatus=false, preCheckPassed=true}.
2024-10-28 08:10:57,374 [scmNode-3-EventQueue-PipelineReportForPipelineReportHandler] ERROR pipeline.PipelineReportHandler (PipelineReportHandler.java:onMessage(100)) - Could not process pipeline report=pipelineID {
  id: "28892f10-fef2-4f02-9f0c-7e49e578f942"
  uuid128 {
    mostSigBits: 2920917583369752322
    leastSigBits: -6986070066110858942
  }
}
isLeader: true
bytesWritten: 0
 from dn=0506bfaa-e0bf-41a1-ae8b-a3d5b458913d(localhost/127.0.0.1).
org.apache.hadoop.hdds.scm.exceptions.SCMException: org.apache.ratis.protocol.exceptions.NotLeaderException: Server c77964d9-ca67-4df9-b70f-2db5af48a5e3@group-312CCC1152ED is not the leader, suggested leader is: 41ad025f-af8e-4c4e-9124-a1617073bc42|localhost:15078
	at org.apache.hadoop.hdds.scm.ha.SCMHAInvocationHandler.translateException(SCMHAInvocationHandler.java:165)
	at org.apache.hadoop.hdds.scm.ha.SCMHAInvocationHandler.invokeRatis(SCMHAInvocationHandler.java:115)
	at org.apache.hadoop.hdds.scm.ha.SCMHAInvocationHandler.invoke(SCMHAInvocationHandler.java:74)
	at jdk.proxy2/jdk.proxy2.$Proxy38.updatePipelineState(Unknown Source)
	at org.apache.hadoop.hdds.scm.pipeline.PipelineManagerImpl.openPipeline(PipelineManagerImpl.java:430)
	at org.apache.hadoop.hdds.scm.pipeline.PipelineReportHandler.processPipelineReport(PipelineReportHandler.java:135)
	at org.apache.hadoop.hdds.scm.pipeline.PipelineReportHandler.onMessage(PipelineReportHandler.java:93)
	at org.apache.hadoop.hdds.scm.pipeline.PipelineReportHandler.onMessage(PipelineReportHandler.java:52)
	at org.apache.hadoop.hdds.server.events.SingleThreadExecutor.lambda$onMessage$1(SingleThreadExecutor.java:86)
	at java.base/java.util.concurrent.ThreadPoolExecutor.runWorker(ThreadPoolExecutor.java:1136)
	at java.base/java.util.concurrent.ThreadPoolExecutor$Worker.run(ThreadPoolExecutor.java:635)
	at java.base/java.lang.Thread.run(Thread.java:840)
Caused by: org.apache.ratis.protocol.exceptions.NotLeaderException: Server c77964d9-ca67-4df9-b70f-2db5af48a5e3@group-312CCC1152ED is not the leader, suggested leader is: 41ad025f-af8e-4c4e-9124-a1617073bc42|localhost:15078
	at org.apache.ratis.server.impl.RaftServerImpl.generateNotLeaderException(RaftServerImpl.java:777)
	at org.apache.ratis.server.impl.RaftServerImpl.checkLeaderState(RaftServerImpl.java:742)
	at org.apache.ratis.server.impl.RaftServerImpl.checkLeaderState(RaftServerImpl.java:728)
	at org.apache.ratis.server.impl.RaftServerImpl.writeAsyncImpl(RaftServerImpl.java:945)
	at org.apache.ratis.server.impl.RaftServerImpl.writeAsync(RaftServerImpl.java:933)
	at org.apache.ratis.server.impl.RaftServerImpl.replyFuture(RaftServerImpl.java:926)
	at org.apache.ratis.server.impl.RaftServerImpl.submitClientRequestAsync(RaftServerImpl.java:903)
	at org.apache.ratis.server.impl.RaftServerImpl.lambda$null$11(RaftServerImpl.java:892)
	at org.apache.ratis.util.JavaUtils.callAsUnchecked(JavaUtils.java:118)
	at org.apache.ratis.server.impl.RaftServerImpl.lambda$executeSubmitClientRequestAsync$12(RaftServerImpl.java:892)
	at java.base/java.util.concurrent.CompletableFuture$AsyncSupply.run(CompletableFuture.java:1768)
	... 3 more
2024-10-28 08:10:57,374 [scmNode-3-EventQueue-OpenPipelineForHealthyPipelineSafeModeRule] INFO  safemode.SCMSafeModeManager (HealthyPipelineSafeModeRule.java:process(140)) - SCM in safe mode. Healthy pipelines reported count is 0, required healthy pipeline reported count is 1
2024-10-28 08:10:57,374 [scmNode-3-EventQueue-OpenPipelineForHealthyPipelineSafeModeRule] INFO  safemode.SCMSafeModeManager (HealthyPipelineSafeModeRule.java:process(140)) - SCM in safe mode. Healthy pipelines reported count is 1, required healthy pipeline reported count is 1
2024-10-28 08:10:57,374 [scmNode-3-EventQueue-OpenPipelineForHealthyPipelineSafeModeRule] INFO  safemode.SCMSafeModeManager (SCMSafeModeManager.java:validateSafeModeExitRules(203)) - HealthyPipelineSafeModeRule rule is successfully validated
2024-10-28 08:10:57,374 [scmNode-3-EventQueue-OpenPipelineForHealthyPipelineSafeModeRule] INFO  safemode.SCMSafeModeManager (SCMSafeModeManager.java:validateSafeModeExitRules(218)) - ScmSafeModeManager, all rules are successfully validated
2024-10-28 08:10:57,374 [scmNode-3-EventQueue-OpenPipelineForHealthyPipelineSafeModeRule] INFO  safemode.SCMSafeModeManager (SCMSafeModeManager.java:exitSafeMode(248)) - SCM exiting safe mode.
2024-10-28 08:10:57,374 [scmNode-3-EventQueue-OpenPipelineForHealthyPipelineSafeModeRule] INFO  ha.SCMContext (SCMContext.java:updateSafeModeStatus(225)) - Update SafeModeStatus from SafeModeStatus{safeModeStatus=true, preCheckPassed=true} to SafeModeStatus{safeModeStatus=false, preCheckPassed=true}.
2024-10-28 08:10:57,376 [0506bfaa-e0bf-41a1-ae8b-a3d5b458913d@group-7E49E578F942-LeaderElection18] INFO  server.RaftServer$Division (ServerState.java:setRaftConf(386)) - 0506bfaa-e0bf-41a1-ae8b-a3d5b458913d@group-7E49E578F942: set configuration conf: {index: 0, cur=peers:[5164dc07-7390-4e62-85ea-fa0d5359a577|127.0.0.1:15145, 2dd66384-ce76-40f1-abb4-2732924b3f06|127.0.0.1:15136, 0506bfaa-e0bf-41a1-ae8b-a3d5b458913d|127.0.0.1:15127]|listeners:[], old=null}
2024-10-28 08:10:57,380 [scmNode-1-EventQueue-PipelineReportForPipelineReportHandler] INFO  pipeline.PipelineReportHandler (PipelineReportHandler.java:processPipelineReport(136)) - Opened pipeline PipelineID=28892f10-fef2-4f02-9f0c-7e49e578f942
2024-10-28 08:10:57,382 [5164dc07-7390-4e62-85ea-fa0d5359a577-server-thread1] INFO  ratis.XceiverServerRatis (XceiverServerRatis.java:handleLeaderChangedNotification(944)) - Leader change notification received for group: group-7E49E578F942 with new leaderId: 0506bfaa-e0bf-41a1-ae8b-a3d5b458913d
2024-10-28 08:10:57,383 [5164dc07-7390-4e62-85ea-fa0d5359a577-server-thread1] INFO  server.RaftServer$Division (ServerState.java:setLeader(272)) - 5164dc07-7390-4e62-85ea-fa0d5359a577@group-7E49E578F942: change Leader from null to 0506bfaa-e0bf-41a1-ae8b-a3d5b458913d at term 1 for appendEntries, leader elected after 5083ms
2024-10-28 08:10:57,385 [2dd66384-ce76-40f1-abb4-2732924b3f06-server-thread1] INFO  ratis.XceiverServerRatis (XceiverServerRatis.java:handleLeaderChangedNotification(944)) - Leader change notification received for group: group-7E49E578F942 with new leaderId: 0506bfaa-e0bf-41a1-ae8b-a3d5b458913d
2024-10-28 08:10:57,385 [2dd66384-ce76-40f1-abb4-2732924b3f06-server-thread1] INFO  server.RaftServer$Division (ServerState.java:setLeader(272)) - 2dd66384-ce76-40f1-abb4-2732924b3f06@group-7E49E578F942: change Leader from null to 0506bfaa-e0bf-41a1-ae8b-a3d5b458913d at term 1 for appendEntries, leader elected after 5057ms
2024-10-28 08:10:57,386 [5164dc07-7390-4e62-85ea-fa0d5359a577-server-thread2] INFO  server.RaftServer$Division (ServerState.java:setRaftConf(386)) - 5164dc07-7390-4e62-85ea-fa0d5359a577@group-7E49E578F942: set configuration conf: {index: 0, cur=peers:[5164dc07-7390-4e62-85ea-fa0d5359a577|127.0.0.1:15145, 2dd66384-ce76-40f1-abb4-2732924b3f06|127.0.0.1:15136, 0506bfaa-e0bf-41a1-ae8b-a3d5b458913d|127.0.0.1:15127]|listeners:[], old=null}
2024-10-28 08:10:57,386 [5164dc07-7390-4e62-85ea-fa0d5359a577-server-thread2] INFO  segmented.SegmentedRaftLogWorker (SegmentedRaftLogWorker.java:startLogSegment(437)) - 5164dc07-7390-4e62-85ea-fa0d5359a577@group-7E49E578F942-SegmentedRaftLogWorker: Starting segment from index:0
2024-10-28 08:10:57,387 [5164dc07-7390-4e62-85ea-fa0d5359a577@group-7E49E578F942-SegmentedRaftLogWorker] INFO  segmented.BufferedWriteChannel (BufferedWriteChannel.java:open(61)) - open log_inprogress_0 at position 0
2024-10-28 08:10:57,386 [2dd66384-ce76-40f1-abb4-2732924b3f06-server-thread2] INFO  server.RaftServer$Division (ServerState.java:setRaftConf(386)) - 2dd66384-ce76-40f1-abb4-2732924b3f06@group-7E49E578F942: set configuration conf: {index: 0, cur=peers:[5164dc07-7390-4e62-85ea-fa0d5359a577|127.0.0.1:15145, 2dd66384-ce76-40f1-abb4-2732924b3f06|127.0.0.1:15136, 0506bfaa-e0bf-41a1-ae8b-a3d5b458913d|127.0.0.1:15127]|listeners:[], old=null}
2024-10-28 08:10:57,391 [2dd66384-ce76-40f1-abb4-2732924b3f06-server-thread2] INFO  segmented.SegmentedRaftLogWorker (SegmentedRaftLogWorker.java:startLogSegment(437)) - 2dd66384-ce76-40f1-abb4-2732924b3f06@group-7E49E578F942-SegmentedRaftLogWorker: Starting segment from index:0
2024-10-28 08:10:57,391 [0506bfaa-e0bf-41a1-ae8b-a3d5b458913d@group-7E49E578F942-SegmentedRaftLogWorker] INFO  segmented.SegmentedRaftLogWorker (SegmentedRaftLogWorker.java:execute(641)) - 0506bfaa-e0bf-41a1-ae8b-a3d5b458913d@group-7E49E578F942-SegmentedRaftLogWorker: created new log segment /home/runner/work/ozone/ozone/hadoop-ozone/integration-test/target/test-dir/MiniOzoneClusterImpl-0da7ab08-e378-40bf-aed1-312ccc1152ed/ozone-meta/datanode-1/ratis/28892f10-fef2-4f02-9f0c-7e49e578f942/current/log_inprogress_0
2024-10-28 08:10:57,392 [2dd66384-ce76-40f1-abb4-2732924b3f06@group-7E49E578F942-SegmentedRaftLogWorker] INFO  segmented.BufferedWriteChannel (BufferedWriteChannel.java:open(61)) - open log_inprogress_0 at position 0
2024-10-28 08:10:57,401 [5164dc07-7390-4e62-85ea-fa0d5359a577@group-7E49E578F942-SegmentedRaftLogWorker] INFO  segmented.SegmentedRaftLogWorker (SegmentedRaftLogWorker.java:execute(641)) - 5164dc07-7390-4e62-85ea-fa0d5359a577@group-7E49E578F942-SegmentedRaftLogWorker: created new log segment /home/runner/work/ozone/ozone/hadoop-ozone/integration-test/target/test-dir/MiniOzoneClusterImpl-0da7ab08-e378-40bf-aed1-312ccc1152ed/ozone-meta/datanode-3/ratis/28892f10-fef2-4f02-9f0c-7e49e578f942/current/log_inprogress_0
2024-10-28 08:10:57,403 [2dd66384-ce76-40f1-abb4-2732924b3f06@group-7E49E578F942-SegmentedRaftLogWorker] INFO  segmented.SegmentedRaftLogWorker (SegmentedRaftLogWorker.java:execute(641)) - 2dd66384-ce76-40f1-abb4-2732924b3f06@group-7E49E578F942-SegmentedRaftLogWorker: created new log segment /home/runner/work/ozone/ozone/hadoop-ozone/integration-test/target/test-dir/MiniOzoneClusterImpl-0da7ab08-e378-40bf-aed1-312ccc1152ed/ozone-meta/datanode-2/ratis/28892f10-fef2-4f02-9f0c-7e49e578f942/current/log_inprogress_0
2024-10-28 08:10:57,405 [0506bfaa-e0bf-41a1-ae8b-a3d5b458913d@group-7E49E578F942-StateMachineUpdater] INFO  server.RaftServer$Division (LeaderStateImpl.java:checkStartIndex(316)) - Leader 0506bfaa-e0bf-41a1-ae8b-a3d5b458913d@group-7E49E578F942-LeaderStateImpl is ready since appliedIndex == startIndex == 0
2024-10-28 08:10:57,744 [2dd66384-ce76-40f1-abb4-2732924b3f06@group-9B564B04352B-FollowerState] INFO  impl.FollowerState (FollowerState.java:run(144)) - 2dd66384-ce76-40f1-abb4-2732924b3f06@group-9B564B04352B-FollowerState: change to CANDIDATE, lastRpcElapsedTime:5163455421ns, electionTimeout:5162ms
2024-10-28 08:10:57,744 [2dd66384-ce76-40f1-abb4-2732924b3f06@group-9B564B04352B-FollowerState] INFO  impl.RoleInfo (RoleInfo.java:shutdownFollowerState(119)) - 2dd66384-ce76-40f1-abb4-2732924b3f06: shutdown 2dd66384-ce76-40f1-abb4-2732924b3f06@group-9B564B04352B-FollowerState
2024-10-28 08:10:57,744 [2dd66384-ce76-40f1-abb4-2732924b3f06@group-9B564B04352B-FollowerState] INFO  server.RaftServer$Division (RaftServerImpl.java:setRole(377)) - 2dd66384-ce76-40f1-abb4-2732924b3f06@group-9B564B04352B: changes role from  FOLLOWER to CANDIDATE at term 0 for changeToCandidate
2024-10-28 08:10:57,744 [2dd66384-ce76-40f1-abb4-2732924b3f06@group-9B564B04352B-FollowerState] INFO  server.RaftServerConfigKeys (ConfUtils.java:logGet(46)) - raft.server.leaderelection.pre-vote = true (default)
2024-10-28 08:10:57,744 [2dd66384-ce76-40f1-abb4-2732924b3f06@group-9B564B04352B-FollowerState] INFO  impl.RoleInfo (RoleInfo.java:updateAndGet(148)) - 2dd66384-ce76-40f1-abb4-2732924b3f06: start 2dd66384-ce76-40f1-abb4-2732924b3f06@group-9B564B04352B-LeaderElection19
2024-10-28 08:10:57,745 [2dd66384-ce76-40f1-abb4-2732924b3f06@group-9B564B04352B-LeaderElection19] INFO  impl.LeaderElection (LeaderElection.java:askForVotes(325)) - 2dd66384-ce76-40f1-abb4-2732924b3f06@group-9B564B04352B-LeaderElection19 PRE_VOTE round 0: submit vote requests at term 0 for conf: {index: -1, cur=peers:[2dd66384-ce76-40f1-abb4-2732924b3f06|127.0.0.1:15136]|listeners:[], old=null}
2024-10-28 08:10:57,745 [2dd66384-ce76-40f1-abb4-2732924b3f06@group-9B564B04352B-LeaderElection19] INFO  impl.LeaderElection (LeaderElection.java:askForVotes(327)) - 2dd66384-ce76-40f1-abb4-2732924b3f06@group-9B564B04352B-LeaderElection19 PRE_VOTE round 0: result PASSED (term=0)
2024-10-28 08:10:57,747 [2dd66384-ce76-40f1-abb4-2732924b3f06@group-9B564B04352B-LeaderElection19] INFO  impl.LeaderElection (LeaderElection.java:askForVotes(325)) - 2dd66384-ce76-40f1-abb4-2732924b3f06@group-9B564B04352B-LeaderElection19 ELECTION round 0: submit vote requests at term 1 for conf: {index: -1, cur=peers:[2dd66384-ce76-40f1-abb4-2732924b3f06|127.0.0.1:15136]|listeners:[], old=null}
2024-10-28 08:10:57,747 [2dd66384-ce76-40f1-abb4-2732924b3f06@group-9B564B04352B-LeaderElection19] INFO  impl.LeaderElection (LeaderElection.java:askForVotes(327)) - 2dd66384-ce76-40f1-abb4-2732924b3f06@group-9B564B04352B-LeaderElection19 ELECTION round 0: result PASSED (term=1)
2024-10-28 08:10:57,747 [2dd66384-ce76-40f1-abb4-2732924b3f06@group-9B564B04352B-LeaderElection19] INFO  impl.RoleInfo (RoleInfo.java:shutdownLeaderElection(139)) - 2dd66384-ce76-40f1-abb4-2732924b3f06: shutdown 2dd66384-ce76-40f1-abb4-2732924b3f06@group-9B564B04352B-LeaderElection19
2024-10-28 08:10:57,747 [2dd66384-ce76-40f1-abb4-2732924b3f06@group-9B564B04352B-LeaderElection19] INFO  server.RaftServer$Division (RaftServerImpl.java:setRole(377)) - 2dd66384-ce76-40f1-abb4-2732924b3f06@group-9B564B04352B: changes role from CANDIDATE to LEADER at term 1 for changeToLeader
2024-10-28 08:10:57,747 [2dd66384-ce76-40f1-abb4-2732924b3f06@group-9B564B04352B-LeaderElection19] INFO  server.RaftServerConfigKeys (ConfUtils.java:logGet(46)) - raft.server.staging.catchup.gap = 1000 (default)
2024-10-28 08:10:57,747 [2dd66384-ce76-40f1-abb4-2732924b3f06@group-9B564B04352B-LeaderElection19] INFO  server.RaftServerConfigKeys (ConfUtils.java:logGet(46)) - raft.server.write.element-limit = 1024 (custom)
2024-10-28 08:10:57,747 [2dd66384-ce76-40f1-abb4-2732924b3f06@group-9B564B04352B-LeaderElection19] INFO  server.RaftServerConfigKeys (ConfUtils.java:logGet(46)) - raft.server.write.byte-limit = 1024 M (=1073741824) (custom)
2024-10-28 08:10:57,747 [2dd66384-ce76-40f1-abb4-2732924b3f06@group-9B564B04352B-LeaderElection19] INFO  server.RaftServerConfigKeys (ConfUtils.java:logGet(46)) - raft.server.watch.timeout = 30s (custom)
2024-10-28 08:10:57,747 [2dd66384-ce76-40f1-abb4-2732924b3f06@group-9B564B04352B-LeaderElection19] INFO  server.RaftServerConfigKeys (ConfUtils.java:logGet(46)) - raft.server.watch.timeout.denomination = 1s (default)
2024-10-28 08:10:57,747 [2dd66384-ce76-40f1-abb4-2732924b3f06@group-9B564B04352B-LeaderElection19] INFO  server.RaftServerConfigKeys (ConfUtils.java:logGet(46)) - raft.server.watch.element-limit = 65536 (default)
2024-10-28 08:10:57,748 [2dd66384-ce76-40f1-abb4-2732924b3f06@group-9B564B04352B-LeaderElection19] INFO  server.RaftServerConfigKeys (ConfUtils.java:logGet(46)) - raft.server.read.leader.lease.enabled = false (default)
2024-10-28 08:10:57,748 [2dd66384-ce76-40f1-abb4-2732924b3f06@group-9B564B04352B-LeaderElection19] INFO  server.RaftServerConfigKeys (ConfUtils.java:logGet(46)) - raft.server.read.leader.lease.timeout.ratio = 0.9 (default)
2024-10-28 08:10:57,748 [2dd66384-ce76-40f1-abb4-2732924b3f06@group-9B564B04352B-LeaderElection19] INFO  server.RaftServerConfigKeys (ConfUtils.java:logGet(46)) - raft.server.rpc.timeout.min = 5s (custom)
2024-10-28 08:10:57,748 [2dd66384-ce76-40f1-abb4-2732924b3f06@group-9B564B04352B-LeaderElection19] INFO  server.RaftServerConfigKeys (ConfUtils.java:logGet(46)) - raft.server.log.log-metadata.enabled = true (default)
2024-10-28 08:10:57,748 [2dd66384-ce76-40f1-abb4-2732924b3f06@group-9B564B04352B-LeaderElection19] INFO  server.RaftServerConfigKeys (ConfUtils.java:logGet(46)) - raft.server.write.element-limit = 1024 (custom)
2024-10-28 08:10:57,748 [2dd66384-ce76-40f1-abb4-2732924b3f06@group-9B564B04352B-LeaderElection19] INFO  server.RaftServerConfigKeys (ConfUtils.java:logGet(46)) - raft.server.write.follower.gap.ratio.max = -1.0 (default)
2024-10-28 08:10:57,748 [2dd66384-ce76-40f1-abb4-2732924b3f06@group-9B564B04352B-LeaderElection19] INFO  impl.RoleInfo (RoleInfo.java:updateAndGet(148)) - 2dd66384-ce76-40f1-abb4-2732924b3f06: start 2dd66384-ce76-40f1-abb4-2732924b3f06@group-9B564B04352B-LeaderStateImpl
2024-10-28 08:10:57,748 [2dd66384-ce76-40f1-abb4-2732924b3f06@group-9B564B04352B-LeaderElection19] INFO  server.RaftServer$Division (RaftServerImpl.java:setFirstElection(558)) - 2dd66384-ce76-40f1-abb4-2732924b3f06@group-9B564B04352B: set firstElectionSinceStartup to false for becomeLeader
2024-10-28 08:10:57,748 [2dd66384-ce76-40f1-abb4-2732924b3f06@group-9B564B04352B-LeaderElection19] INFO  ratis.XceiverServerRatis (XceiverServerRatis.java:handleLeaderChangedNotification(944)) - Leader change notification received for group: group-9B564B04352B with new leaderId: 2dd66384-ce76-40f1-abb4-2732924b3f06
2024-10-28 08:10:57,749 [2dd66384-ce76-40f1-abb4-2732924b3f06@group-9B564B04352B-LeaderElection19] INFO  server.RaftServer$Division (ServerState.java:setLeader(272)) - 2dd66384-ce76-40f1-abb4-2732924b3f06@group-9B564B04352B: change Leader from null to 2dd66384-ce76-40f1-abb4-2732924b3f06 at term 1 for becomeLeader, leader elected after 5190ms
2024-10-28 08:10:57,749 [2dd66384-ce76-40f1-abb4-2732924b3f06@group-9B564B04352B-LeaderElection19] INFO  segmented.SegmentedRaftLogWorker (SegmentedRaftLogWorker.java:startLogSegment(437)) - 2dd66384-ce76-40f1-abb4-2732924b3f06@group-9B564B04352B-SegmentedRaftLogWorker: Starting segment from index:0
2024-10-28 08:10:57,749 [2dd66384-ce76-40f1-abb4-2732924b3f06@group-9B564B04352B-LeaderElection19] INFO  server.RaftServer$Division (ServerState.java:setRaftConf(386)) - 2dd66384-ce76-40f1-abb4-2732924b3f06@group-9B564B04352B: set configuration conf: {index: 0, cur=peers:[2dd66384-ce76-40f1-abb4-2732924b3f06|127.0.0.1:15136]|listeners:[], old=null}
2024-10-28 08:10:57,749 [2dd66384-ce76-40f1-abb4-2732924b3f06@group-9B564B04352B-SegmentedRaftLogWorker] INFO  segmented.BufferedWriteChannel (BufferedWriteChannel.java:open(61)) - open log_inprogress_0 at position 0
2024-10-28 08:10:57,760 [2dd66384-ce76-40f1-abb4-2732924b3f06@group-9B564B04352B-SegmentedRaftLogWorker] INFO  segmented.SegmentedRaftLogWorker (SegmentedRaftLogWorker.java:execute(641)) - 2dd66384-ce76-40f1-abb4-2732924b3f06@group-9B564B04352B-SegmentedRaftLogWorker: created new log segment /home/runner/work/ozone/ozone/hadoop-ozone/integration-test/target/test-dir/MiniOzoneClusterImpl-0da7ab08-e378-40bf-aed1-312ccc1152ed/ozone-meta/datanode-2/ratis/9d462e91-4aea-49d4-88d5-9b564b04352b/current/log_inprogress_0
2024-10-28 08:10:57,762 [2dd66384-ce76-40f1-abb4-2732924b3f06@group-9B564B04352B-StateMachineUpdater] INFO  server.RaftServer$Division (LeaderStateImpl.java:checkStartIndex(316)) - Leader 2dd66384-ce76-40f1-abb4-2732924b3f06@group-9B564B04352B-LeaderStateImpl is ready since appliedIndex == startIndex == 0
2024-10-28 08:10:57,833 [main] INFO  ozone.MiniOzoneClusterImpl (MiniOzoneClusterImpl.java:lambda$waitForClusterToBeReady$0(219)) - Nodes are ready. Got 3 of 3 DN Heartbeats.
2024-10-28 08:10:57,833 [main] INFO  ozone.MiniOzoneClusterImpl (MiniOzoneClusterImpl.java:lambda$waitForClusterToBeReady$0(222)) - Cluster exits safe mode
2024-10-28 08:10:57,833 [main] INFO  ozone.MiniOzoneClusterImpl (MiniOzoneClusterImpl.java:lambda$waitForClusterToBeReady$0(224)) - SCM became leader
2024-10-28 08:10:57,834 [main] INFO  ozone.MiniOzoneClusterImpl (MiniOzoneClusterImpl.java:lambda$waitForClusterToBeReady$0(219)) - Nodes are ready. Got 3 of 3 DN Heartbeats.
2024-10-28 08:10:57,834 [main] INFO  ozone.MiniOzoneClusterImpl (MiniOzoneClusterImpl.java:lambda$waitForClusterToBeReady$0(222)) - Cluster exits safe mode
2024-10-28 08:10:57,834 [main] INFO  ozone.MiniOzoneClusterImpl (MiniOzoneClusterImpl.java:lambda$waitForClusterToBeReady$0(224)) - SCM became leader
2024-10-28 08:10:57,944 [5164dc07-7390-4e62-85ea-fa0d5359a577@group-C7E84A2F276A-FollowerState] INFO  impl.FollowerState (FollowerState.java:run(144)) - 5164dc07-7390-4e62-85ea-fa0d5359a577@group-C7E84A2F276A-FollowerState: change to CANDIDATE, lastRpcElapsedTime:5093073024ns, electionTimeout:5092ms
2024-10-28 08:10:57,945 [5164dc07-7390-4e62-85ea-fa0d5359a577@group-C7E84A2F276A-FollowerState] INFO  impl.RoleInfo (RoleInfo.java:shutdownFollowerState(119)) - 5164dc07-7390-4e62-85ea-fa0d5359a577: shutdown 5164dc07-7390-4e62-85ea-fa0d5359a577@group-C7E84A2F276A-FollowerState
2024-10-28 08:10:57,945 [5164dc07-7390-4e62-85ea-fa0d5359a577@group-C7E84A2F276A-FollowerState] INFO  server.RaftServer$Division (RaftServerImpl.java:setRole(377)) - 5164dc07-7390-4e62-85ea-fa0d5359a577@group-C7E84A2F276A: changes role from  FOLLOWER to CANDIDATE at term 0 for changeToCandidate
2024-10-28 08:10:57,945 [5164dc07-7390-4e62-85ea-fa0d5359a577@group-C7E84A2F276A-FollowerState] INFO  server.RaftServerConfigKeys (ConfUtils.java:logGet(46)) - raft.server.leaderelection.pre-vote = true (default)
2024-10-28 08:10:57,945 [5164dc07-7390-4e62-85ea-fa0d5359a577@group-C7E84A2F276A-FollowerState] INFO  impl.RoleInfo (RoleInfo.java:updateAndGet(148)) - 5164dc07-7390-4e62-85ea-fa0d5359a577: start 5164dc07-7390-4e62-85ea-fa0d5359a577@group-C7E84A2F276A-LeaderElection20
2024-10-28 08:10:57,952 [5164dc07-7390-4e62-85ea-fa0d5359a577@group-C7E84A2F276A-LeaderElection20] INFO  impl.LeaderElection (LeaderElection.java:askForVotes(325)) - 5164dc07-7390-4e62-85ea-fa0d5359a577@group-C7E84A2F276A-LeaderElection20 PRE_VOTE round 0: submit vote requests at term 0 for conf: {index: -1, cur=peers:[5164dc07-7390-4e62-85ea-fa0d5359a577|127.0.0.1:15145]|listeners:[], old=null}
2024-10-28 08:10:57,952 [5164dc07-7390-4e62-85ea-fa0d5359a577@group-C7E84A2F276A-LeaderElection20] INFO  impl.LeaderElection (LeaderElection.java:askForVotes(327)) - 5164dc07-7390-4e62-85ea-fa0d5359a577@group-C7E84A2F276A-LeaderElection20 PRE_VOTE round 0: result PASSED (term=0)
2024-10-28 08:10:57,954 [5164dc07-7390-4e62-85ea-fa0d5359a577@group-C7E84A2F276A-LeaderElection20] INFO  impl.LeaderElection (LeaderElection.java:askForVotes(325)) - 5164dc07-7390-4e62-85ea-fa0d5359a577@group-C7E84A2F276A-LeaderElection20 ELECTION round 0: submit vote requests at term 1 for conf: {index: -1, cur=peers:[5164dc07-7390-4e62-85ea-fa0d5359a577|127.0.0.1:15145]|listeners:[], old=null}
2024-10-28 08:10:57,954 [5164dc07-7390-4e62-85ea-fa0d5359a577@group-C7E84A2F276A-LeaderElection20] INFO  impl.LeaderElection (LeaderElection.java:askForVotes(327)) - 5164dc07-7390-4e62-85ea-fa0d5359a577@group-C7E84A2F276A-LeaderElection20 ELECTION round 0: result PASSED (term=1)
2024-10-28 08:10:57,954 [5164dc07-7390-4e62-85ea-fa0d5359a577@group-C7E84A2F276A-LeaderElection20] INFO  impl.RoleInfo (RoleInfo.java:shutdownLeaderElection(139)) - 5164dc07-7390-4e62-85ea-fa0d5359a577: shutdown 5164dc07-7390-4e62-85ea-fa0d5359a577@group-C7E84A2F276A-LeaderElection20
2024-10-28 08:10:57,954 [5164dc07-7390-4e62-85ea-fa0d5359a577@group-C7E84A2F276A-LeaderElection20] INFO  server.RaftServer$Division (RaftServerImpl.java:setRole(377)) - 5164dc07-7390-4e62-85ea-fa0d5359a577@group-C7E84A2F276A: changes role from CANDIDATE to LEADER at term 1 for changeToLeader
2024-10-28 08:10:57,954 [5164dc07-7390-4e62-85ea-fa0d5359a577@group-C7E84A2F276A-LeaderElection20] INFO  server.RaftServerConfigKeys (ConfUtils.java:logGet(46)) - raft.server.staging.catchup.gap = 1000 (default)
2024-10-28 08:10:57,954 [5164dc07-7390-4e62-85ea-fa0d5359a577@group-C7E84A2F276A-LeaderElection20] INFO  server.RaftServerConfigKeys (ConfUtils.java:logGet(46)) - raft.server.write.element-limit = 1024 (custom)
2024-10-28 08:10:57,955 [5164dc07-7390-4e62-85ea-fa0d5359a577@group-C7E84A2F276A-LeaderElection20] INFO  server.RaftServerConfigKeys (ConfUtils.java:logGet(46)) - raft.server.write.byte-limit = 1024 M (=1073741824) (custom)
2024-10-28 08:10:57,955 [5164dc07-7390-4e62-85ea-fa0d5359a577@group-C7E84A2F276A-LeaderElection20] INFO  server.RaftServerConfigKeys (ConfUtils.java:logGet(46)) - raft.server.watch.timeout = 30s (custom)
2024-10-28 08:10:57,955 [5164dc07-7390-4e62-85ea-fa0d5359a577@group-C7E84A2F276A-LeaderElection20] INFO  server.RaftServerConfigKeys (ConfUtils.java:logGet(46)) - raft.server.watch.timeout.denomination = 1s (default)
2024-10-28 08:10:57,955 [5164dc07-7390-4e62-85ea-fa0d5359a577@group-C7E84A2F276A-LeaderElection20] INFO  server.RaftServerConfigKeys (ConfUtils.java:logGet(46)) - raft.server.watch.element-limit = 65536 (default)
2024-10-28 08:10:57,956 [5164dc07-7390-4e62-85ea-fa0d5359a577@group-C7E84A2F276A-LeaderElection20] INFO  server.RaftServerConfigKeys (ConfUtils.java:logGet(46)) - raft.server.read.leader.lease.enabled = false (default)
2024-10-28 08:10:57,956 [5164dc07-7390-4e62-85ea-fa0d5359a577@group-C7E84A2F276A-LeaderElection20] INFO  server.RaftServerConfigKeys (ConfUtils.java:logGet(46)) - raft.server.read.leader.lease.timeout.ratio = 0.9 (default)
2024-10-28 08:10:57,956 [5164dc07-7390-4e62-85ea-fa0d5359a577@group-C7E84A2F276A-LeaderElection20] INFO  server.RaftServerConfigKeys (ConfUtils.java:logGet(46)) - raft.server.rpc.timeout.min = 5s (custom)
2024-10-28 08:10:57,956 [5164dc07-7390-4e62-85ea-fa0d5359a577@group-C7E84A2F276A-LeaderElection20] INFO  server.RaftServerConfigKeys (ConfUtils.java:logGet(46)) - raft.server.log.log-metadata.enabled = true (default)
2024-10-28 08:10:57,956 [5164dc07-7390-4e62-85ea-fa0d5359a577@group-C7E84A2F276A-LeaderElection20] INFO  server.RaftServerConfigKeys (ConfUtils.java:logGet(46)) - raft.server.write.element-limit = 1024 (custom)
2024-10-28 08:10:57,956 [5164dc07-7390-4e62-85ea-fa0d5359a577@group-C7E84A2F276A-LeaderElection20] INFO  server.RaftServerConfigKeys (ConfUtils.java:logGet(46)) - raft.server.write.follower.gap.ratio.max = -1.0 (default)
2024-10-28 08:10:57,956 [5164dc07-7390-4e62-85ea-fa0d5359a577@group-C7E84A2F276A-LeaderElection20] INFO  impl.RoleInfo (RoleInfo.java:updateAndGet(148)) - 5164dc07-7390-4e62-85ea-fa0d5359a577: start 5164dc07-7390-4e62-85ea-fa0d5359a577@group-C7E84A2F276A-LeaderStateImpl
2024-10-28 08:10:57,956 [5164dc07-7390-4e62-85ea-fa0d5359a577@group-C7E84A2F276A-LeaderElection20] INFO  server.RaftServer$Division (RaftServerImpl.java:setFirstElection(558)) - 5164dc07-7390-4e62-85ea-fa0d5359a577@group-C7E84A2F276A: set firstElectionSinceStartup to false for becomeLeader
2024-10-28 08:10:57,956 [5164dc07-7390-4e62-85ea-fa0d5359a577@group-C7E84A2F276A-LeaderElection20] INFO  ratis.XceiverServerRatis (XceiverServerRatis.java:handleLeaderChangedNotification(944)) - Leader change notification received for group: group-C7E84A2F276A with new leaderId: 5164dc07-7390-4e62-85ea-fa0d5359a577
2024-10-28 08:10:57,959 [5164dc07-7390-4e62-85ea-fa0d5359a577@group-C7E84A2F276A-LeaderElection20] INFO  server.RaftServer$Division (ServerState.java:setLeader(272)) - 5164dc07-7390-4e62-85ea-fa0d5359a577@group-C7E84A2F276A: change Leader from null to 5164dc07-7390-4e62-85ea-fa0d5359a577 at term 1 for becomeLeader, leader elected after 5126ms
2024-10-28 08:10:57,959 [5164dc07-7390-4e62-85ea-fa0d5359a577@group-C7E84A2F276A-LeaderElection20] INFO  segmented.SegmentedRaftLogWorker (SegmentedRaftLogWorker.java:startLogSegment(437)) - 5164dc07-7390-4e62-85ea-fa0d5359a577@group-C7E84A2F276A-SegmentedRaftLogWorker: Starting segment from index:0
2024-10-28 08:10:57,960 [5164dc07-7390-4e62-85ea-fa0d5359a577@group-C7E84A2F276A-LeaderElection20] INFO  server.RaftServer$Division (ServerState.java:setRaftConf(386)) - 5164dc07-7390-4e62-85ea-fa0d5359a577@group-C7E84A2F276A: set configuration conf: {index: 0, cur=peers:[5164dc07-7390-4e62-85ea-fa0d5359a577|127.0.0.1:15145]|listeners:[], old=null}
2024-10-28 08:10:57,960 [5164dc07-7390-4e62-85ea-fa0d5359a577@group-C7E84A2F276A-SegmentedRaftLogWorker] INFO  segmented.BufferedWriteChannel (BufferedWriteChannel.java:open(61)) - open log_inprogress_0 at position 0
2024-10-28 08:10:57,973 [5164dc07-7390-4e62-85ea-fa0d5359a577@group-C7E84A2F276A-SegmentedRaftLogWorker] INFO  segmented.SegmentedRaftLogWorker (SegmentedRaftLogWorker.java:execute(641)) - 5164dc07-7390-4e62-85ea-fa0d5359a577@group-C7E84A2F276A-SegmentedRaftLogWorker: created new log segment /home/runner/work/ozone/ozone/hadoop-ozone/integration-test/target/test-dir/MiniOzoneClusterImpl-0da7ab08-e378-40bf-aed1-312ccc1152ed/ozone-meta/datanode-3/ratis/fa9e9209-a846-45ee-a190-c7e84a2f276a/current/log_inprogress_0
2024-10-28 08:10:57,975 [5164dc07-7390-4e62-85ea-fa0d5359a577@group-C7E84A2F276A-StateMachineUpdater] INFO  server.RaftServer$Division (LeaderStateImpl.java:checkStartIndex(316)) - Leader 5164dc07-7390-4e62-85ea-fa0d5359a577@group-C7E84A2F276A-LeaderStateImpl is ready since appliedIndex == startIndex == 0
2024-10-28 08:10:58,054 [c1501d64-56a7-4321-969a-305f0b2a668b-EndpointStateMachineTaskThread-/127.0.0.1:15012-0 ] INFO  ipc.Client (Client.java:handleConnectionFailure(950)) - Retrying connect to server: localhost/127.0.0.1:15012. Already tried 2 time(s); retry policy is RetryUpToMaximumCountWithFixedSleep(maxRetries=15, sleepTime=1000 MILLISECONDS)
2024-10-28 08:10:58,440 [IPC Server handler 0 on default port 15111] INFO  ratis.RatisHelper (RatisHelper.java:transferRatisLeadership(550)) - Start transferring leadership to omNode-3
2024-10-28 08:10:58,446 [omNode-3-server-thread2] INFO  server.RaftServer$Division (RaftServerImpl.java:setConfigurationAsync(1283)) - omNode-3@group-523986131536: receive setConfiguration SetConfigurationRequest:client-332634A517BE->omNode-3@group-523986131536, cid=18, seq=null, RW, null, SET_UNCONDITIONALLY, servers:[omNode-3|localhost:15122, omNode-1|localhost:15114, omNode-2|localhost:15118], listeners:[]
2024-10-28 08:10:59,055 [c1501d64-56a7-4321-969a-305f0b2a668b-EndpointStateMachineTaskThread-/127.0.0.1:15012-0 ] INFO  ipc.Client (Client.java:handleConnectionFailure(950)) - Retrying connect to server: localhost/127.0.0.1:15012. Already tried 3 time(s); retry policy is RetryUpToMaximumCountWithFixedSleep(maxRetries=15, sleepTime=1000 MILLISECONDS)
2024-10-28 08:10:59,883 [22ff29b6-698b-46d6-babb-0a5352f8b68f@group-312CCC1152ED-StateMachineUpdater] INFO  ha.SCMStateMachine (SCMStateMachine.java:takeSnapshot(335)) - Current Snapshot Index 30, takeSnapshot took 0 ms
2024-10-28 08:10:59,883 [22ff29b6-698b-46d6-babb-0a5352f8b68f@group-312CCC1152ED-StateMachineUpdater] INFO  impl.StateMachineUpdater (StateMachineUpdater.java:takeSnapshot(303)) - 22ff29b6-698b-46d6-babb-0a5352f8b68f@group-312CCC1152ED-StateMachineUpdater: Took a snapshot at index 30
2024-10-28 08:10:59,884 [22ff29b6-698b-46d6-babb-0a5352f8b68f@group-312CCC1152ED-StateMachineUpdater] INFO  impl.StateMachineUpdater (StateMachineUpdater.java:lambda$new$0(102)) - 22ff29b6-698b-46d6-babb-0a5352f8b68f@group-312CCC1152ED-StateMachineUpdater: snapshotIndex: updateIncreasingly 24 -> 30
2024-10-28 08:10:59,884 [c77964d9-ca67-4df9-b70f-2db5af48a5e3@group-312CCC1152ED-StateMachineUpdater] INFO  ha.SCMStateMachine (SCMStateMachine.java:takeSnapshot(335)) - Current Snapshot Index 30, takeSnapshot took 1 ms
2024-10-28 08:10:59,884 [c77964d9-ca67-4df9-b70f-2db5af48a5e3@group-312CCC1152ED-StateMachineUpdater] INFO  impl.StateMachineUpdater (StateMachineUpdater.java:takeSnapshot(303)) - c77964d9-ca67-4df9-b70f-2db5af48a5e3@group-312CCC1152ED-StateMachineUpdater: Took a snapshot at index 30
2024-10-28 08:10:59,884 [c77964d9-ca67-4df9-b70f-2db5af48a5e3@group-312CCC1152ED-StateMachineUpdater] INFO  impl.StateMachineUpdater (StateMachineUpdater.java:lambda$new$0(102)) - c77964d9-ca67-4df9-b70f-2db5af48a5e3@group-312CCC1152ED-StateMachineUpdater: snapshotIndex: updateIncreasingly 24 -> 30
2024-10-28 08:11:00,056 [c1501d64-56a7-4321-969a-305f0b2a668b-EndpointStateMachineTaskThread-/127.0.0.1:15012-0 ] INFO  ipc.Client (Client.java:handleConnectionFailure(950)) - Retrying connect to server: localhost/127.0.0.1:15012. Already tried 4 time(s); retry policy is RetryUpToMaximumCountWithFixedSleep(maxRetries=15, sleepTime=1000 MILLISECONDS)
2024-10-28 08:11:01,056 [c1501d64-56a7-4321-969a-305f0b2a668b-EndpointStateMachineTaskThread-/127.0.0.1:15012-0 ] INFO  ipc.Client (Client.java:handleConnectionFailure(950)) - Retrying connect to server: localhost/127.0.0.1:15012. Already tried 5 time(s); retry policy is RetryUpToMaximumCountWithFixedSleep(maxRetries=15, sleepTime=1000 MILLISECONDS)
2024-10-28 08:11:02,057 [c1501d64-56a7-4321-969a-305f0b2a668b-EndpointStateMachineTaskThread-/127.0.0.1:15012-0 ] INFO  ipc.Client (Client.java:handleConnectionFailure(950)) - Retrying connect to server: localhost/127.0.0.1:15012. Already tried 6 time(s); retry policy is RetryUpToMaximumCountWithFixedSleep(maxRetries=15, sleepTime=1000 MILLISECONDS)
2024-10-28 08:11:03,057 [c1501d64-56a7-4321-969a-305f0b2a668b-EndpointStateMachineTaskThread-/127.0.0.1:15012-0 ] INFO  ipc.Client (Client.java:handleConnectionFailure(950)) - Retrying connect to server: localhost/127.0.0.1:15012. Already tried 7 time(s); retry policy is RetryUpToMaximumCountWithFixedSleep(maxRetries=15, sleepTime=1000 MILLISECONDS)
2024-10-28 08:11:04,058 [c1501d64-56a7-4321-969a-305f0b2a668b-EndpointStateMachineTaskThread-/127.0.0.1:15012-0 ] INFO  ipc.Client (Client.java:handleConnectionFailure(950)) - Retrying connect to server: localhost/127.0.0.1:15012. Already tried 8 time(s); retry policy is RetryUpToMaximumCountWithFixedSleep(maxRetries=15, sleepTime=1000 MILLISECONDS)
2024-10-28 08:11:05,058 [c1501d64-56a7-4321-969a-305f0b2a668b-EndpointStateMachineTaskThread-/127.0.0.1:15012-0 ] INFO  ipc.Client (Client.java:handleConnectionFailure(950)) - Retrying connect to server: localhost/127.0.0.1:15012. Already tried 9 time(s); retry policy is RetryUpToMaximumCountWithFixedSleep(maxRetries=15, sleepTime=1000 MILLISECONDS)
2024-10-28 08:11:05,728 [omNode-1-server-thread1] INFO  server.RaftServer$Division (RaftServerImpl.java:setConfigurationAsync(1283)) - omNode-1@group-523986131536: receive setConfiguration SetConfigurationRequest:client-332634A517BE->omNode-1@group-523986131536, cid=18, seq=null, RW, null, SET_UNCONDITIONALLY, servers:[omNode-3|localhost:15122, omNode-1|localhost:15114, omNode-2|localhost:15118], listeners:[]
2024-10-28 08:11:05,728 [omNode-1-server-thread1] INFO  server.RaftServer$Division (LeaderStateImpl.java:startSetConfiguration(488)) - omNode-1@group-523986131536-LeaderStateImpl: startSetConfiguration SetConfigurationRequest:client-332634A517BE->omNode-1@group-523986131536, cid=18, seq=null, RW, null, SET_UNCONDITIONALLY, servers:[omNode-3|localhost:15122, omNode-1|localhost:15114, omNode-2|localhost:15118], listeners:[]
2024-10-28 08:11:05,729 [omNode-1-server-thread1] INFO  server.RaftServer$Division (ServerState.java:setRaftConf(386)) - omNode-1@group-523986131536: set configuration conf: {index: 1, cur=peers:[omNode-3|localhost:15122, omNode-1|localhost:15114, omNode-2|localhost:15118]|listeners:[], old=peers:[omNode-3|localhost:15122, omNode-1|localhost:15114, omNode-2|localhost:15118]|listeners:[]}
2024-10-28 08:11:05,729 [omNode-3-server-thread1] INFO  server.RaftServer$Division (ServerState.java:setRaftConf(386)) - omNode-3@group-523986131536: set configuration conf: {index: 1, cur=peers:[omNode-3|localhost:15122, omNode-1|localhost:15114, omNode-2|localhost:15118]|listeners:[], old=peers:[omNode-3|localhost:15122, omNode-1|localhost:15114, omNode-2|localhost:15118]|listeners:[]}
2024-10-28 08:11:05,732 [omNode-2-server-thread3] INFO  server.RaftServer$Division (ServerState.java:setRaftConf(386)) - omNode-2@group-523986131536: set configuration conf: {index: 1, cur=peers:[omNode-3|localhost:15122, omNode-1|localhost:15114, omNode-2|localhost:15118]|listeners:[], old=peers:[omNode-3|localhost:15122, omNode-1|localhost:15114, omNode-2|localhost:15118]|listeners:[]}
2024-10-28 08:11:05,732 [omNode-1@group-523986131536-LeaderStateImpl] INFO  server.RaftServer$Division (ServerState.java:setRaftConf(386)) - omNode-1@group-523986131536: set configuration conf: {index: 3, cur=peers:[omNode-3|localhost:15122, omNode-1|localhost:15114, omNode-2|localhost:15118]|listeners:[], old=null}
2024-10-28 08:11:05,733 [omNode-3-server-thread2] INFO  server.RaftServer$Division (ServerState.java:setRaftConf(386)) - omNode-3@group-523986131536: set configuration conf: {index: 3, cur=peers:[omNode-3|localhost:15122, omNode-1|localhost:15114, omNode-2|localhost:15118]|listeners:[], old=null}
2024-10-28 08:11:05,733 [omNode-2-server-thread3] INFO  server.RaftServer$Division (ServerState.java:setRaftConf(386)) - omNode-2@group-523986131536: set configuration conf: {index: 3, cur=peers:[omNode-3|localhost:15122, omNode-1|localhost:15114, omNode-2|localhost:15118]|listeners:[], old=null}
2024-10-28 08:11:05,734 [omNode-1@group-523986131536-StateMachineUpdater] INFO  ratis.OzoneManagerStateMachine (OzoneManagerStateMachine.java:notifyConfigurationChanged(218)) - Received Configuration change notification from Ratis. New Peer list:
[id: "omNode-3"
address: "localhost:15122"
priority: 1
startupRole: FOLLOWER
, id: "omNode-1"
address: "localhost:15114"
startupRole: FOLLOWER
, id: "omNode-2"
address: "localhost:15118"
startupRole: FOLLOWER
]
2024-10-28 08:11:05,735 [omNode-3@group-523986131536-StateMachineUpdater] INFO  ratis.OzoneManagerStateMachine (OzoneManagerStateMachine.java:notifyConfigurationChanged(218)) - Received Configuration change notification from Ratis. New Peer list:
[id: "omNode-3"
address: "localhost:15122"
priority: 1
startupRole: FOLLOWER
, id: "omNode-1"
address: "localhost:15114"
startupRole: FOLLOWER
, id: "omNode-2"
address: "localhost:15118"
startupRole: FOLLOWER
]
2024-10-28 08:11:05,736 [IPC Server handler 0 on default port 15111] INFO  ratis.RatisHelper (RatisHelper.java:transferRatisLeadership(577)) - Successfully set priority: [omNode-3|localhost:15122, omNode-1|localhost:15114, omNode-2|localhost:15118]
2024-10-28 08:11:05,737 [omNode-2@group-523986131536-StateMachineUpdater] INFO  ratis.OzoneManagerStateMachine (OzoneManagerStateMachine.java:notifyConfigurationChanged(218)) - Received Configuration change notification from Ratis. New Peer list:
[id: "omNode-3"
address: "localhost:15122"
priority: 1
startupRole: FOLLOWER
, id: "omNode-1"
address: "localhost:15114"
startupRole: FOLLOWER
, id: "omNode-2"
address: "localhost:15118"
startupRole: FOLLOWER
]
2024-10-28 08:11:05,738 [omNode-1@group-523986131536-StateMachineUpdater] INFO  ratis.OzoneManagerStateMachine (OzoneManagerStateMachine.java:notifyConfigurationChanged(218)) - Received Configuration change notification from Ratis. New Peer list:
[id: "omNode-3"
address: "localhost:15122"
priority: 1
startupRole: FOLLOWER
, id: "omNode-1"
address: "localhost:15114"
startupRole: FOLLOWER
, id: "omNode-2"
address: "localhost:15118"
startupRole: FOLLOWER
]
2024-10-28 08:11:05,739 [omNode-2@group-523986131536-StateMachineUpdater] INFO  ratis.OzoneManagerStateMachine (OzoneManagerStateMachine.java:notifyConfigurationChanged(218)) - Received Configuration change notification from Ratis. New Peer list:
[id: "omNode-3"
address: "localhost:15122"
priority: 1
startupRole: FOLLOWER
, id: "omNode-1"
address: "localhost:15114"
startupRole: FOLLOWER
, id: "omNode-2"
address: "localhost:15118"
startupRole: FOLLOWER
]
2024-10-28 08:11:05,739 [omNode-3@group-523986131536-StateMachineUpdater] INFO  ratis.OzoneManagerStateMachine (OzoneManagerStateMachine.java:notifyConfigurationChanged(218)) - Received Configuration change notification from Ratis. New Peer list:
[id: "omNode-3"
address: "localhost:15122"
priority: 1
startupRole: FOLLOWER
, id: "omNode-1"
address: "localhost:15114"
startupRole: FOLLOWER
, id: "omNode-2"
address: "localhost:15118"
startupRole: FOLLOWER
]
2024-10-28 08:11:05,739 [omNode-1-server-thread1] INFO  server.RaftServer$Division (RaftServerImpl.java:transferLeadershipAsync(1173)) - omNode-1@group-523986131536: receive transferLeadership TransferLeadershipRequest:client-332634A517BE->omNode-1@group-523986131536, cid=19, seq=null, RO, null
2024-10-28 08:11:05,739 [omNode-1-server-thread1] INFO  impl.TransferLeadership (TransferLeadership.java:tryTransferLeadership(258)) - omNode-1@group-523986131536: start transferring leadership to omNode-3
2024-10-28 08:11:05,739 [omNode-1-server-thread1] INFO  impl.TransferLeadership (TransferLeadership.java:sendStartLeaderElection(210)) - omNode-1@group-523986131536: sendStartLeaderElection to follower omNode-3, lastEntry=(t:1, i:4)
2024-10-28 08:11:05,740 [omNode-1-server-thread1] INFO  impl.TransferLeadership (TransferLeadership.java:tryTransferLeadership(266)) - omNode-1@group-523986131536: SUCCESS sent StartLeaderElection to transferee omNode-3 immediately as it already has up-to-date log
2024-10-28 08:11:05,741 [grpc-default-executor-1] INFO  impl.RoleInfo (RoleInfo.java:shutdownFollowerState(119)) - omNode-3: shutdown omNode-3@group-523986131536-FollowerState
2024-10-28 08:11:05,741 [grpc-default-executor-1] INFO  server.RaftServer$Division (RaftServerImpl.java:setRole(377)) - omNode-3@group-523986131536: changes role from  FOLLOWER to CANDIDATE at term 1 for changeToCandidate
2024-10-28 08:11:05,741 [omNode-3@group-523986131536-FollowerState] INFO  impl.FollowerState (FollowerState.java:run(153)) - omNode-3@group-523986131536-FollowerState was interrupted
2024-10-28 08:11:05,741 [grpc-default-executor-1] INFO  server.RaftServer$Division (ServerState.java:setLeader(272)) - omNode-3@group-523986131536: change Leader from omNode-1 to null at term 1 for ELECTION
2024-10-28 08:11:05,742 [grpc-default-executor-1] INFO  impl.RoleInfo (RoleInfo.java:updateAndGet(148)) - omNode-3: start omNode-3@group-523986131536-LeaderElection21
2024-10-28 08:11:05,742 [omNode-3@group-523986131536-LeaderElection21] INFO  impl.LeaderElection (LeaderElection.java:askForVotes(325)) - omNode-3@group-523986131536-LeaderElection21 ELECTION round 0: submit vote requests at term 2 for conf: {index: 3, cur=peers:[omNode-3|localhost:15122, omNode-1|localhost:15114, omNode-2|localhost:15118]|listeners:[], old=null}
2024-10-28 08:11:05,743 [omNode-3@group-523986131536-LeaderElection21-1] INFO  server.GrpcServerProtocolClient (GrpcServerProtocolClient.java:<init>(65)) - Build channel for omNode-1|localhost:15114
2024-10-28 08:11:05,743 [omNode-3@group-523986131536-LeaderElection21-2] INFO  server.GrpcServerProtocolClient (GrpcServerProtocolClient.java:<init>(65)) - Build channel for omNode-2|localhost:15118
2024-10-28 08:11:05,746 [grpc-default-executor-3] INFO  server.RaftServer$Division (RaftServerImpl.java:requestVote(1394)) - omNode-1@group-523986131536: receive requestVote(ELECTION, omNode-3, group-523986131536, 2, (t:1, i:4))
2024-10-28 08:11:05,746 [grpc-default-executor-3] INFO  impl.VoteContext (VoteContext.java:log(49)) - omNode-1@group-523986131536-LEADER: accept ELECTION from omNode-3: our priority 0 <= candidate's priority 1
2024-10-28 08:11:05,746 [grpc-default-executor-2] INFO  server.RaftServer$Division (RaftServerImpl.java:requestVote(1394)) - omNode-2@group-523986131536: receive requestVote(ELECTION, omNode-3, group-523986131536, 2, (t:1, i:4))
2024-10-28 08:11:05,746 [grpc-default-executor-3] INFO  server.RaftServer$Division (RaftServerImpl.java:setRole(377)) - omNode-1@group-523986131536: changes role from    LEADER to FOLLOWER at term 1 for candidate:omNode-3
2024-10-28 08:11:05,746 [grpc-default-executor-2] INFO  impl.VoteContext (VoteContext.java:log(49)) - omNode-2@group-523986131536-FOLLOWER: accept ELECTION from omNode-3: our priority 0 <= candidate's priority 1
2024-10-28 08:11:05,747 [grpc-default-executor-2] INFO  server.RaftServer$Division (RaftServerImpl.java:setRole(377)) - omNode-2@group-523986131536: changes role from  FOLLOWER to FOLLOWER at term 1 for candidate:omNode-3
2024-10-28 08:11:05,747 [grpc-default-executor-2] INFO  impl.RoleInfo (RoleInfo.java:shutdownFollowerState(119)) - omNode-2: shutdown omNode-2@group-523986131536-FollowerState
2024-10-28 08:11:05,747 [grpc-default-executor-2] INFO  server.RaftServer$Division (ServerState.java:setLeader(272)) - omNode-2@group-523986131536: change Leader from omNode-1 to null at term 2 for updateCurrentTerm
2024-10-28 08:11:05,747 [grpc-default-executor-2] INFO  impl.RoleInfo (RoleInfo.java:updateAndGet(148)) - omNode-2: start omNode-2@group-523986131536-FollowerState
2024-10-28 08:11:05,747 [omNode-2@group-523986131536-FollowerState] INFO  impl.FollowerState (FollowerState.java:run(153)) - omNode-2@group-523986131536-FollowerState was interrupted
2024-10-28 08:11:05,747 [grpc-default-executor-3] INFO  impl.RoleInfo (RoleInfo.java:shutdownLeaderState(103)) - omNode-1: shutdown omNode-1@group-523986131536-LeaderStateImpl
2024-10-28 08:11:05,747 [omNode-1@group-523986131536->omNode-3-GrpcLogAppender-LogAppenderDaemon] WARN  server.GrpcLogAppender (GrpcLogAppender.java:mayWait(293)) - omNode-1@group-523986131536->omNode-3-GrpcLogAppender: Wait interrupted by java.lang.InterruptedException
2024-10-28 08:11:05,747 [grpc-default-executor-3] INFO  impl.PendingRequests (PendingRequests.java:sendNotLeaderResponses(287)) - omNode-1@group-523986131536-PendingRequests: sendNotLeaderResponses
2024-10-28 08:11:05,748 [omNode-1@group-523986131536->omNode-2-GrpcLogAppender-LogAppenderDaemon] WARN  server.GrpcLogAppender (GrpcLogAppender.java:mayWait(293)) - omNode-1@group-523986131536->omNode-2-GrpcLogAppender: Wait interrupted by java.lang.InterruptedException
2024-10-28 08:11:05,748 [grpc-default-executor-0] INFO  server.GrpcServerProtocolService (GrpcServerProtocolService.java:onCompleted(157)) - omNode-2: Completed APPEND_ENTRIES, lastRequest: null
2024-10-28 08:11:05,749 [grpc-default-executor-0] INFO  server.GrpcServerProtocolService (GrpcServerProtocolService.java:lambda$onCompleted$5(159)) - omNode-2: Completed APPEND_ENTRIES, lastReply: serverReply {
  requestorId: "omNode-1"
  replyId: "omNode-2"
  raftGroupId {
    id: "\311\274L\364;\303<`\246kR9\206\023\0256"
  }
  callId: 45
  success: true
}
term: 1
nextIndex: 1
matchIndex: 18446744073709551615
isHearbeat: true

2024-10-28 08:11:05,749 [grpc-default-executor-3] INFO  server.RaftServer$Division (ServerState.java:setLeader(272)) - omNode-1@group-523986131536: change Leader from omNode-1 to null at term 1 for candidate:omNode-3
2024-10-28 08:11:05,749 [grpc-default-executor-3] INFO  impl.RoleInfo (RoleInfo.java:updateAndGet(148)) - omNode-1: start omNode-1@group-523986131536-FollowerState
2024-10-28 08:11:05,749 [grpc-default-executor-4] INFO  server.GrpcServerProtocolService (GrpcServerProtocolService.java:onCompleted(157)) - omNode-3: Completed APPEND_ENTRIES, lastRequest: omNode-1->omNode-3#953-t1,previous=(t:1, i:3),leaderCommit=3,initializing? false,entries: size=1, first=(t:1, i:4), METADATAENTRY(c:3)
2024-10-28 08:11:05,750 [grpc-default-executor-4] INFO  server.GrpcServerProtocolService (GrpcServerProtocolService.java:lambda$onCompleted$5(159)) - omNode-3: Completed APPEND_ENTRIES, lastReply: null
2024-10-28 08:11:05,749 [grpc-default-executor-1] INFO  server.GrpcServerProtocolService (GrpcServerProtocolService.java:onCompleted(157)) - omNode-3: Completed APPEND_ENTRIES, lastRequest: null
2024-10-28 08:11:05,750 [grpc-default-executor-1] INFO  server.GrpcServerProtocolService (GrpcServerProtocolService.java:lambda$onCompleted$5(159)) - omNode-3: Completed APPEND_ENTRIES, lastReply: serverReply {
  requestorId: "omNode-1"
  replyId: "omNode-3"
  raftGroupId {
    id: "\311\274L\364;\303<`\246kR9\206\023\0256"
  }
  callId: 949
  success: true
}
term: 1
nextIndex: 1
matchIndex: 18446744073709551615
isHearbeat: true

2024-10-28 08:11:05,750 [grpc-default-executor-0] INFO  server.GrpcLogAppender (GrpcLogAppender.java:onCompleted(550)) - omNode-1@group-523986131536->omNode-3-AppendLogResponseHandler: follower responses appendEntries COMPLETED
2024-10-28 08:11:05,750 [grpc-default-executor-5] INFO  server.GrpcServerProtocolService (GrpcServerProtocolService.java:onCompleted(157)) - omNode-2: Completed APPEND_ENTRIES, lastRequest: omNode-1->omNode-2#50-t1,previous=(t:1, i:3),leaderCommit=3,initializing? false,entries: size=1, first=(t:1, i:4), METADATAENTRY(c:3)
2024-10-28 08:11:05,750 [grpc-default-executor-5] INFO  server.GrpcServerProtocolService (GrpcServerProtocolService.java:lambda$onCompleted$5(159)) - omNode-2: Completed APPEND_ENTRIES, lastReply: null
2024-10-28 08:11:05,751 [grpc-default-executor-2] INFO  server.RaftServer$Division (RaftServerImpl.java:requestVote(1427)) - omNode-2@group-523986131536 replies to ELECTION vote request: omNode-3<-omNode-2#0:OK-t2. Peer's state: omNode-2@group-523986131536:t2, leader=null, voted=omNode-3, raftlog=Memoized:omNode-2@group-523986131536-SegmentedRaftLog:OPENED:c3:last(t:1, i:4), conf=conf: {index: 3, cur=peers:[omNode-3|localhost:15122, omNode-1|localhost:15114, omNode-2|localhost:15118]|listeners:[], old=null}
2024-10-28 08:11:05,751 [grpc-default-executor-2] INFO  server.GrpcLogAppender (GrpcLogAppender.java:onCompleted(550)) - omNode-1@group-523986131536->omNode-2-AppendLogResponseHandler: follower responses appendEntries COMPLETED
2024-10-28 08:11:05,753 [grpc-default-executor-6] INFO  server.GrpcLogAppender (GrpcLogAppender.java:onCompleted(550)) - omNode-1@group-523986131536->omNode-2-AppendLogResponseHandler: follower responses appendEntries COMPLETED
2024-10-28 08:11:05,753 [omNode-3@group-523986131536-LeaderElection21] INFO  impl.LeaderElection (LeaderElection.java:logAndReturn(89)) - omNode-3@group-523986131536-LeaderElection21: ELECTION PASSED received 1 response(s) and 0 exception(s):
2024-10-28 08:11:05,753 [grpc-default-executor-1] INFO  server.GrpcLogAppender (GrpcLogAppender.java:onCompleted(550)) - omNode-1@group-523986131536->omNode-3-AppendLogResponseHandler: follower responses appendEntries COMPLETED
2024-10-28 08:11:05,754 [omNode-3@group-523986131536-LeaderElection21] INFO  impl.LeaderElection (LeaderElection.java:logAndReturn(93)) -   Response 0: omNode-3<-omNode-2#0:OK-t2
2024-10-28 08:11:05,754 [omNode-3@group-523986131536-LeaderElection21] INFO  impl.LeaderElection (LeaderElection.java:askForVotes(327)) - omNode-3@group-523986131536-LeaderElection21 ELECTION round 0: result PASSED
2024-10-28 08:11:05,754 [omNode-3@group-523986131536-LeaderElection21] INFO  impl.RoleInfo (RoleInfo.java:shutdownLeaderElection(139)) - omNode-3: shutdown omNode-3@group-523986131536-LeaderElection21
2024-10-28 08:11:05,754 [omNode-3@group-523986131536-LeaderElection21] INFO  server.RaftServer$Division (RaftServerImpl.java:setRole(377)) - omNode-3@group-523986131536: changes role from CANDIDATE to LEADER at term 2 for changeToLeader
2024-10-28 08:11:05,754 [omNode-3@group-523986131536-LeaderElection21] INFO  server.RaftServerConfigKeys (ConfUtils.java:logGet(46)) - raft.server.staging.catchup.gap = 1000 (default)
2024-10-28 08:11:05,754 [grpc-default-executor-3] INFO  server.RaftServer$Division (RaftServerImpl.java:requestVote(1427)) - omNode-1@group-523986131536 replies to ELECTION vote request: omNode-3<-omNode-1#0:OK-t2. Peer's state: omNode-1@group-523986131536:t2, leader=null, voted=omNode-3, raftlog=Memoized:omNode-1@group-523986131536-SegmentedRaftLog:OPENED:c4:last(t:1, i:4), conf=conf: {index: 3, cur=peers:[omNode-3|localhost:15122, omNode-1|localhost:15114, omNode-2|localhost:15118]|listeners:[], old=null}
2024-10-28 08:11:05,754 [omNode-3@group-523986131536-LeaderElection21] INFO  server.RaftServerConfigKeys (ConfUtils.java:logGet(46)) - raft.server.write.element-limit = 4096 (default)
2024-10-28 08:11:05,755 [omNode-3@group-523986131536-LeaderElection21] INFO  server.RaftServerConfigKeys (ConfUtils.java:logGet(46)) - raft.server.write.byte-limit = 64MB (=67108864) (default)
2024-10-28 08:11:05,755 [omNode-3@group-523986131536-LeaderElection21] INFO  server.RaftServerConfigKeys (ConfUtils.java:logGet(46)) - raft.server.watch.timeout = 10s (default)
2024-10-28 08:11:05,755 [omNode-3@group-523986131536-LeaderElection21] INFO  server.RaftServerConfigKeys (ConfUtils.java:logGet(46)) - raft.server.watch.timeout.denomination = 1s (default)
2024-10-28 08:11:05,755 [omNode-3@group-523986131536-LeaderElection21] INFO  server.RaftServerConfigKeys (ConfUtils.java:logGet(46)) - raft.server.watch.element-limit = 65536 (default)
2024-10-28 08:11:05,755 [omNode-3@group-523986131536-LeaderElection21] INFO  server.RaftServerConfigKeys (ConfUtils.java:logGet(46)) - raft.server.read.leader.lease.enabled = false (default)
2024-10-28 08:11:05,756 [omNode-3@group-523986131536-LeaderElection21] INFO  server.RaftServerConfigKeys (ConfUtils.java:logGet(46)) - raft.server.read.leader.lease.timeout.ratio = 0.9 (default)
2024-10-28 08:11:05,756 [omNode-3@group-523986131536-LeaderElection21] INFO  server.RaftServerConfigKeys (ConfUtils.java:logGet(46)) - raft.server.rpc.timeout.min = 1s (custom)
2024-10-28 08:11:05,756 [omNode-3@group-523986131536-LeaderElection21] INFO  server.RaftServerConfigKeys (ConfUtils.java:logGet(46)) - raft.server.log.log-metadata.enabled = true (default)
2024-10-28 08:11:05,756 [omNode-3@group-523986131536-LeaderElection21] INFO  server.RaftServerConfigKeys (ConfUtils.java:logGet(46)) - raft.server.write.element-limit = 4096 (default)
2024-10-28 08:11:05,756 [omNode-3@group-523986131536-LeaderElection21] INFO  server.RaftServerConfigKeys (ConfUtils.java:logGet(46)) - raft.server.write.follower.gap.ratio.max = -1.0 (default)
2024-10-28 08:11:05,756 [omNode-3@group-523986131536-LeaderElection21] INFO  server.RaftServerConfigKeys (ConfUtils.java:logGet(46)) - raft.server.log.appender.snapshot.chunk.size.max = 16MB (=16777216) (default)
2024-10-28 08:11:05,756 [omNode-3@group-523986131536-LeaderElection21] INFO  server.RaftServerConfigKeys (ConfUtils.java:logGet(46)) - raft.server.log.appender.buffer.byte-limit = 4194304 (custom)
2024-10-28 08:11:05,756 [omNode-3@group-523986131536-LeaderElection21] INFO  server.RaftServerConfigKeys (ConfUtils.java:logGet(46)) - raft.server.log.appender.buffer.element-limit = 1024 (custom)
2024-10-28 08:11:05,757 [omNode-3@group-523986131536-LeaderElection21] INFO  server.RaftServerConfigKeys (ConfUtils.java:logGet(46)) - raft.server.log.appender.wait-time.min = 0ms (custom)
2024-10-28 08:11:05,757 [omNode-3@group-523986131536-LeaderElection21] INFO  grpc.GrpcConfigKeys (ConfUtils.java:logGet(46)) - raft.grpc.server.leader.outstanding.appends.max = 8 (default)
2024-10-28 08:11:05,757 [omNode-3@group-523986131536-LeaderElection21] INFO  server.RaftServerConfigKeys (ConfUtils.java:logGet(46)) - raft.server.rpc.request.timeout = 3000ms (default)
2024-10-28 08:11:05,757 [omNode-3@group-523986131536-LeaderElection21] INFO  grpc.GrpcConfigKeys (ConfUtils.java:logGet(46)) - raft.grpc.server.install_snapshot.request.element-limit = 8 (default)
2024-10-28 08:11:05,757 [omNode-3@group-523986131536-LeaderElection21] INFO  grpc.GrpcConfigKeys (ConfUtils.java:logGet(46)) - raft.grpc.server.install_snapshot.request.timeout = 3000ms (default)
2024-10-28 08:11:05,757 [omNode-3@group-523986131536-LeaderElection21] INFO  grpc.GrpcConfigKeys (ConfUtils.java:logGet(46)) - raft.grpc.server.log-message.batch.duration = 5s (default)
2024-10-28 08:11:05,757 [omNode-3@group-523986131536-LeaderElection21] INFO  server.RaftServerConfigKeys (ConfUtils.java:logGet(46)) - raft.server.log.appender.install.snapshot.enabled = false (custom)
2024-10-28 08:11:05,757 [omNode-3@group-523986131536-LeaderElection21] INFO  grpc.GrpcConfigKeys (ConfUtils.java:logGet(46)) - raft.grpc.server.heartbeat.channel = true (default)
2024-10-28 08:11:05,758 [omNode-1-server-thread2] INFO  impl.TransferLeadership (TransferLeadership.java:lambda$sendStartLeaderElection$2(224)) - omNode-1@group-523986131536: Received startLeaderElection reply from omNode-3: success? true
2024-10-28 08:11:05,758 [omNode-3@group-523986131536-LeaderElection21] INFO  server.RaftServerConfigKeys (ConfUtils.java:logGet(46)) - raft.server.log.appender.snapshot.chunk.size.max = 16MB (=16777216) (default)
2024-10-28 08:11:05,758 [omNode-3@group-523986131536-LeaderElection21] INFO  server.RaftServerConfigKeys (ConfUtils.java:logGet(46)) - raft.server.log.appender.buffer.byte-limit = 4194304 (custom)
2024-10-28 08:11:05,758 [omNode-3@group-523986131536-LeaderElection21] INFO  server.RaftServerConfigKeys (ConfUtils.java:logGet(46)) - raft.server.log.appender.buffer.element-limit = 1024 (custom)
2024-10-28 08:11:05,758 [omNode-3@group-523986131536-LeaderElection21] INFO  server.RaftServerConfigKeys (ConfUtils.java:logGet(46)) - raft.server.log.appender.wait-time.min = 0ms (custom)
2024-10-28 08:11:05,758 [omNode-3@group-523986131536-LeaderElection21] INFO  grpc.GrpcConfigKeys (ConfUtils.java:logGet(46)) - raft.grpc.server.leader.outstanding.appends.max = 8 (default)
2024-10-28 08:11:05,758 [omNode-3@group-523986131536-LeaderElection21] INFO  server.RaftServerConfigKeys (ConfUtils.java:logGet(46)) - raft.server.rpc.request.timeout = 3000ms (default)
2024-10-28 08:11:05,758 [omNode-3@group-523986131536-LeaderElection21] INFO  grpc.GrpcConfigKeys (ConfUtils.java:logGet(46)) - raft.grpc.server.install_snapshot.request.element-limit = 8 (default)
2024-10-28 08:11:05,758 [omNode-3@group-523986131536-LeaderElection21] INFO  grpc.GrpcConfigKeys (ConfUtils.java:logGet(46)) - raft.grpc.server.install_snapshot.request.timeout = 3000ms (default)
2024-10-28 08:11:05,758 [omNode-3@group-523986131536-LeaderElection21] INFO  grpc.GrpcConfigKeys (ConfUtils.java:logGet(46)) - raft.grpc.server.log-message.batch.duration = 5s (default)
2024-10-28 08:11:05,758 [omNode-3@group-523986131536-LeaderElection21] INFO  server.RaftServerConfigKeys (ConfUtils.java:logGet(46)) - raft.server.log.appender.install.snapshot.enabled = false (custom)
2024-10-28 08:11:05,758 [omNode-3@group-523986131536-LeaderElection21] INFO  grpc.GrpcConfigKeys (ConfUtils.java:logGet(46)) - raft.grpc.server.heartbeat.channel = true (default)
2024-10-28 08:11:05,759 [omNode-3@group-523986131536-LeaderElection21] INFO  impl.RoleInfo (RoleInfo.java:updateAndGet(148)) - omNode-3: start omNode-3@group-523986131536-LeaderStateImpl
2024-10-28 08:11:05,759 [omNode-3@group-523986131536-LeaderElection21] INFO  ratis.OzoneManagerStateMachine (OzoneManagerStateMachine.java:notifyLeaderChanged(164)) - omNode-3@group-523986131536: leader changed to omNode-3
2024-10-28 08:11:05,759 [omNode-3@group-523986131536-LeaderElection21] INFO  server.RaftServer$Division (ServerState.java:setLeader(272)) - omNode-3@group-523986131536: change Leader from null to omNode-3 at term 2 for becomeLeader, leader elected after 17ms
2024-10-28 08:11:05,759 [omNode-3@group-523986131536-LeaderElection21] INFO  segmented.SegmentedRaftLogWorker (SegmentedRaftLogWorker.java:rollLogSegment(442)) - omNode-3@group-523986131536-SegmentedRaftLogWorker: Rolling segment log-0_4 to index:4
2024-10-28 08:11:05,759 [omNode-3@group-523986131536-LeaderElection21] INFO  server.RaftServer$Division (ServerState.java:setRaftConf(386)) - omNode-3@group-523986131536: set configuration conf: {index: 5, cur=peers:[omNode-3|localhost:15122, omNode-1|localhost:15114, omNode-2|localhost:15118]|listeners:[], old=null}
2024-10-28 08:11:05,760 [omNode-3@group-523986131536-SegmentedRaftLogWorker] INFO  segmented.SegmentedRaftLogWorker (SegmentedRaftLogWorker.java:execute(598)) - omNode-3@group-523986131536-SegmentedRaftLogWorker: Rolled log segment from /home/runner/work/ozone/ozone/hadoop-ozone/integration-test/target/test-dir/MiniOzoneClusterImpl-0da7ab08-e378-40bf-aed1-312ccc1152ed/omNode-3/ratis/c9bc4cf4-3bc3-3c60-a66b-523986131536/current/log_inprogress_0 to /home/runner/work/ozone/ozone/hadoop-ozone/integration-test/target/test-dir/MiniOzoneClusterImpl-0da7ab08-e378-40bf-aed1-312ccc1152ed/omNode-3/ratis/c9bc4cf4-3bc3-3c60-a66b-523986131536/current/log_0-4
2024-10-28 08:11:05,761 [omNode-3@group-523986131536-SegmentedRaftLogWorker] INFO  segmented.BufferedWriteChannel (BufferedWriteChannel.java:open(61)) - open log_inprogress_5 at position 0
2024-10-28 08:11:05,768 [omNode-1-server-thread2] INFO  ratis.OzoneManagerStateMachine (OzoneManagerStateMachine.java:notifyLeaderChanged(164)) - omNode-1@group-523986131536: leader changed to omNode-3
2024-10-28 08:11:05,768 [omNode-1-server-thread2] INFO  server.RaftServer$Division (ServerState.java:setLeader(272)) - omNode-1@group-523986131536: change Leader from null to omNode-3 at term 2 for appendEntries, leader elected after 18ms
2024-10-28 08:11:05,769 [omNode-2-server-thread3] INFO  ratis.OzoneManagerStateMachine (OzoneManagerStateMachine.java:notifyLeaderChanged(164)) - omNode-2@group-523986131536: leader changed to omNode-3
2024-10-28 08:11:05,769 [omNode-2-server-thread3] INFO  server.RaftServer$Division (ServerState.java:setLeader(272)) - omNode-2@group-523986131536: change Leader from null to omNode-3 at term 2 for appendEntries, leader elected after 21ms
2024-10-28 08:11:05,770 [omNode-2-server-thread2] INFO  server.RaftServer$Division (ServerState.java:setRaftConf(386)) - omNode-2@group-523986131536: set configuration conf: {index: 5, cur=peers:[omNode-3|localhost:15122, omNode-1|localhost:15114, omNode-2|localhost:15118]|listeners:[], old=null}
2024-10-28 08:11:05,770 [IPC Server handler 0 on default port 15111] INFO  ratis.RatisHelper (RatisHelper.java:transferRatisLeadership(587)) - Successfully transferred leadership to omNode-3.
2024-10-28 08:11:05,770 [IPC Server handler 0 on default port 15111] INFO  ratis.RatisHelper (RatisHelper.java:resetPriorities(607)) - Resetting Raft peers priorities to [omNode-3|localhost:15122, omNode-1|localhost:15114, omNode-2|localhost:15118]
2024-10-28 08:11:05,770 [omNode-2-server-thread2] INFO  segmented.SegmentedRaftLogWorker (SegmentedRaftLogWorker.java:rollLogSegment(442)) - omNode-2@group-523986131536-SegmentedRaftLogWorker: Rolling segment log-0_4 to index:4
2024-10-28 08:11:05,771 [omNode-3@group-523986131536-SegmentedRaftLogWorker] INFO  segmented.SegmentedRaftLogWorker (SegmentedRaftLogWorker.java:execute(641)) - omNode-3@group-523986131536-SegmentedRaftLogWorker: created new log segment /home/runner/work/ozone/ozone/hadoop-ozone/integration-test/target/test-dir/MiniOzoneClusterImpl-0da7ab08-e378-40bf-aed1-312ccc1152ed/omNode-3/ratis/c9bc4cf4-3bc3-3c60-a66b-523986131536/current/log_inprogress_5
2024-10-28 08:11:05,771 [omNode-1-server-thread1] INFO  server.RaftServer$Division (RaftServerImpl.java:setConfigurationAsync(1283)) - omNode-1@group-523986131536: receive setConfiguration SetConfigurationRequest:client-332634A517BE->omNode-1@group-523986131536, cid=20, seq=null, RW, null, SET_UNCONDITIONALLY, servers:[omNode-3|localhost:15122, omNode-1|localhost:15114, omNode-2|localhost:15118], listeners:[]
2024-10-28 08:11:05,772 [omNode-2@group-523986131536-SegmentedRaftLogWorker] INFO  segmented.SegmentedRaftLogWorker (SegmentedRaftLogWorker.java:execute(598)) - omNode-2@group-523986131536-SegmentedRaftLogWorker: Rolled log segment from /home/runner/work/ozone/ozone/hadoop-ozone/integration-test/target/test-dir/MiniOzoneClusterImpl-0da7ab08-e378-40bf-aed1-312ccc1152ed/omNode-2/ratis/c9bc4cf4-3bc3-3c60-a66b-523986131536/current/log_inprogress_0 to /home/runner/work/ozone/ozone/hadoop-ozone/integration-test/target/test-dir/MiniOzoneClusterImpl-0da7ab08-e378-40bf-aed1-312ccc1152ed/omNode-2/ratis/c9bc4cf4-3bc3-3c60-a66b-523986131536/current/log_0-4
2024-10-28 08:11:05,772 [omNode-2@group-523986131536-SegmentedRaftLogWorker] INFO  segmented.BufferedWriteChannel (BufferedWriteChannel.java:open(61)) - open log_inprogress_5 at position 0
2024-10-28 08:11:05,780 [omNode-1-server-thread1] INFO  server.RaftServer$Division (ServerState.java:setRaftConf(386)) - omNode-1@group-523986131536: set configuration conf: {index: 5, cur=peers:[omNode-3|localhost:15122, omNode-1|localhost:15114, omNode-2|localhost:15118]|listeners:[], old=null}
2024-10-28 08:11:05,781 [omNode-1-server-thread1] INFO  segmented.SegmentedRaftLogWorker (SegmentedRaftLogWorker.java:rollLogSegment(442)) - omNode-1@group-523986131536-SegmentedRaftLogWorker: Rolling segment log-0_4 to index:4
2024-10-28 08:11:05,782 [omNode-2@group-523986131536-SegmentedRaftLogWorker] INFO  segmented.SegmentedRaftLogWorker (SegmentedRaftLogWorker.java:execute(641)) - omNode-2@group-523986131536-SegmentedRaftLogWorker: created new log segment /home/runner/work/ozone/ozone/hadoop-ozone/integration-test/target/test-dir/MiniOzoneClusterImpl-0da7ab08-e378-40bf-aed1-312ccc1152ed/omNode-2/ratis/c9bc4cf4-3bc3-3c60-a66b-523986131536/current/log_inprogress_5
2024-10-28 08:11:05,782 [omNode-1@group-523986131536-SegmentedRaftLogWorker] INFO  segmented.SegmentedRaftLogWorker (SegmentedRaftLogWorker.java:execute(598)) - omNode-1@group-523986131536-SegmentedRaftLogWorker: Rolled log segment from /home/runner/work/ozone/ozone/hadoop-ozone/integration-test/target/test-dir/MiniOzoneClusterImpl-0da7ab08-e378-40bf-aed1-312ccc1152ed/omNode-1/ratis/c9bc4cf4-3bc3-3c60-a66b-523986131536/current/log_inprogress_0 to /home/runner/work/ozone/ozone/hadoop-ozone/integration-test/target/test-dir/MiniOzoneClusterImpl-0da7ab08-e378-40bf-aed1-312ccc1152ed/omNode-1/ratis/c9bc4cf4-3bc3-3c60-a66b-523986131536/current/log_0-4
2024-10-28 08:11:05,782 [omNode-1@group-523986131536-SegmentedRaftLogWorker] INFO  segmented.BufferedWriteChannel (BufferedWriteChannel.java:open(61)) - open log_inprogress_5 at position 0
2024-10-28 08:11:05,785 [omNode-3@group-523986131536-StateMachineUpdater] INFO  ratis.OzoneManagerStateMachine (OzoneManagerStateMachine.java:notifyConfigurationChanged(218)) - Received Configuration change notification from Ratis. New Peer list:
[id: "omNode-3"
address: "localhost:15122"
priority: 1
startupRole: FOLLOWER
, id: "omNode-1"
address: "localhost:15114"
startupRole: FOLLOWER
, id: "omNode-2"
address: "localhost:15118"
startupRole: FOLLOWER
]
2024-10-28 08:11:05,785 [omNode-3@group-523986131536-StateMachineUpdater] INFO  server.RaftServer$Division (LeaderStateImpl.java:checkStartIndex(316)) - Leader omNode-3@group-523986131536-LeaderStateImpl is ready since appliedIndex == startIndex == 5
2024-10-28 08:11:05,787 [omNode-2@group-523986131536-StateMachineUpdater] INFO  ratis.OzoneManagerStateMachine (OzoneManagerStateMachine.java:notifyConfigurationChanged(218)) - Received Configuration change notification from Ratis. New Peer list:
[id: "omNode-3"
address: "localhost:15122"
priority: 1
startupRole: FOLLOWER
, id: "omNode-1"
address: "localhost:15114"
startupRole: FOLLOWER
, id: "omNode-2"
address: "localhost:15118"
startupRole: FOLLOWER
]
2024-10-28 08:11:05,796 [omNode-1@group-523986131536-SegmentedRaftLogWorker] INFO  segmented.SegmentedRaftLogWorker (SegmentedRaftLogWorker.java:execute(641)) - omNode-1@group-523986131536-SegmentedRaftLogWorker: created new log segment /home/runner/work/ozone/ozone/hadoop-ozone/integration-test/target/test-dir/MiniOzoneClusterImpl-0da7ab08-e378-40bf-aed1-312ccc1152ed/omNode-1/ratis/c9bc4cf4-3bc3-3c60-a66b-523986131536/current/log_inprogress_5
2024-10-28 08:11:05,798 [omNode-1@group-523986131536-StateMachineUpdater] INFO  ratis.OzoneManagerStateMachine (OzoneManagerStateMachine.java:notifyConfigurationChanged(218)) - Received Configuration change notification from Ratis. New Peer list:
[id: "omNode-3"
address: "localhost:15122"
priority: 1
startupRole: FOLLOWER
, id: "omNode-1"
address: "localhost:15114"
startupRole: FOLLOWER
, id: "omNode-2"
address: "localhost:15118"
startupRole: FOLLOWER
]
2024-10-28 08:11:06,059 [c1501d64-56a7-4321-969a-305f0b2a668b-EndpointStateMachineTaskThread-/127.0.0.1:15012-0 ] INFO  ipc.Client (Client.java:handleConnectionFailure(950)) - Retrying connect to server: localhost/127.0.0.1:15012. Already tried 10 time(s); retry policy is RetryUpToMaximumCountWithFixedSleep(maxRetries=15, sleepTime=1000 MILLISECONDS)
2024-10-28 08:11:07,059 [c1501d64-56a7-4321-969a-305f0b2a668b-EndpointStateMachineTaskThread-/127.0.0.1:15012-0 ] INFO  ipc.Client (Client.java:handleConnectionFailure(950)) - Retrying connect to server: localhost/127.0.0.1:15012. Already tried 11 time(s); retry policy is RetryUpToMaximumCountWithFixedSleep(maxRetries=15, sleepTime=1000 MILLISECONDS)
2024-10-28 08:11:08,060 [c1501d64-56a7-4321-969a-305f0b2a668b-EndpointStateMachineTaskThread-/127.0.0.1:15012-0 ] INFO  ipc.Client (Client.java:handleConnectionFailure(950)) - Retrying connect to server: localhost/127.0.0.1:15012. Already tried 12 time(s); retry policy is RetryUpToMaximumCountWithFixedSleep(maxRetries=15, sleepTime=1000 MILLISECONDS)
2024-10-28 08:11:09,061 [c1501d64-56a7-4321-969a-305f0b2a668b-EndpointStateMachineTaskThread-/127.0.0.1:15012-0 ] INFO  ipc.Client (Client.java:handleConnectionFailure(950)) - Retrying connect to server: localhost/127.0.0.1:15012. Already tried 13 time(s); retry policy is RetryUpToMaximumCountWithFixedSleep(maxRetries=15, sleepTime=1000 MILLISECONDS)
2024-10-28 08:11:10,061 [c1501d64-56a7-4321-969a-305f0b2a668b-EndpointStateMachineTaskThread-/127.0.0.1:15012-0 ] INFO  ipc.Client (Client.java:handleConnectionFailure(950)) - Retrying connect to server: localhost/127.0.0.1:15012. Already tried 14 time(s); retry policy is RetryUpToMaximumCountWithFixedSleep(maxRetries=15, sleepTime=1000 MILLISECONDS)
2024-10-28 08:11:10,062 [c1501d64-56a7-4321-969a-305f0b2a668b-EndpointStateMachineTaskThread-/127.0.0.1:15012-0 ] WARN  statemachine.EndpointStateMachine (EndpointStateMachine.java:logIfNeeded(240)) - Unable to communicate to SCM server at localhost/127.0.0.1:15012 for past 0 seconds.
java.net.ConnectException: Call From fv-az886-152/10.1.0.23 to localhost:15012 failed on connection exception: java.net.ConnectException: Connection refused; For more details see:  http://wiki.apache.org/hadoop/ConnectionRefused
	at java.base/jdk.internal.reflect.GeneratedConstructorAccessor50.newInstance(Unknown Source)
	at java.base/jdk.internal.reflect.DelegatingConstructorAccessorImpl.newInstance(DelegatingConstructorAccessorImpl.java:45)
	at java.base/java.lang.reflect.Constructor.newInstanceWithCaller(Constructor.java:500)
	at java.base/java.lang.reflect.Constructor.newInstance(Constructor.java:481)
	at org.apache.hadoop.net.NetUtils.wrapWithMessage(NetUtils.java:930)
	at org.apache.hadoop.net.NetUtils.wrapException(NetUtils.java:845)
	at org.apache.hadoop.ipc.Client.getRpcResponse(Client.java:1571)
	at org.apache.hadoop.ipc.Client.call(Client.java:1513)
	at org.apache.hadoop.ipc.Client.call(Client.java:1410)
	at org.apache.hadoop.ipc.ProtobufRpcEngine$Invoker.invoke(ProtobufRpcEngine.java:250)
	at org.apache.hadoop.ipc.ProtobufRpcEngine$Invoker.invoke(ProtobufRpcEngine.java:132)
	at jdk.proxy2/jdk.proxy2.$Proxy110.submitRequest(Unknown Source)
	at org.apache.hadoop.ozone.protocolPB.StorageContainerDatanodeProtocolClientSideTranslatorPB.submitRequest(StorageContainerDatanodeProtocolClientSideTranslatorPB.java:115)
	at org.apache.hadoop.ozone.protocolPB.StorageContainerDatanodeProtocolClientSideTranslatorPB.sendHeartbeat(StorageContainerDatanodeProtocolClientSideTranslatorPB.java:146)
	at org.apache.hadoop.ozone.container.common.states.endpoint.HeartbeatEndpointTask.call(HeartbeatEndpointTask.java:183)
	at org.apache.hadoop.ozone.container.common.states.endpoint.HeartbeatEndpointTask.call(HeartbeatEndpointTask.java:87)
	at java.base/java.util.concurrent.FutureTask.run(FutureTask.java:264)
	at java.base/java.util.concurrent.ThreadPoolExecutor.runWorker(ThreadPoolExecutor.java:1136)
	at java.base/java.util.concurrent.ThreadPoolExecutor$Worker.run(ThreadPoolExecutor.java:635)
	at java.base/java.lang.Thread.run(Thread.java:840)
Caused by: java.net.ConnectException: Connection refused
	at java.base/sun.nio.ch.Net.pollConnect(Native Method)
	at java.base/sun.nio.ch.Net.pollConnectNow(Net.java:672)
	at java.base/sun.nio.ch.SocketChannelImpl.finishConnect(SocketChannelImpl.java:946)
	at org.apache.hadoop.net.SocketIOWithTimeout.connect(SocketIOWithTimeout.java:205)
	at org.apache.hadoop.net.NetUtils.connect(NetUtils.java:600)
	at org.apache.hadoop.ipc.Client$Connection.setupConnection(Client.java:652)
	at org.apache.hadoop.ipc.Client$Connection.setupIOstreams(Client.java:773)
	at org.apache.hadoop.ipc.Client$Connection.access$3800(Client.java:347)
	at org.apache.hadoop.ipc.Client.getConnection(Client.java:1632)
	at org.apache.hadoop.ipc.Client.call(Client.java:1457)
	... 12 more
2024-10-28 08:11:11,063 [c1501d64-56a7-4321-969a-305f0b2a668b-EndpointStateMachineTaskThread-/127.0.0.1:15012-0 ] INFO  ipc.Client (Client.java:handleConnectionFailure(950)) - Retrying connect to server: localhost/127.0.0.1:15012. Already tried 0 time(s); retry policy is RetryUpToMaximumCountWithFixedSleep(maxRetries=15, sleepTime=1000 MILLISECONDS)
2024-10-28 08:11:11,623 [omNode-3-server-thread2] INFO  server.RaftServer$Division (RaftServerImpl.java:setConfigurationAsync(1283)) - omNode-3@group-523986131536: receive setConfiguration SetConfigurationRequest:client-332634A517BE->omNode-3@group-523986131536, cid=20, seq=null, RW, null, SET_UNCONDITIONALLY, servers:[omNode-3|localhost:15122, omNode-1|localhost:15114, omNode-2|localhost:15118], listeners:[]
2024-10-28 08:11:11,623 [omNode-3-server-thread2] INFO  server.RaftServer$Division (LeaderStateImpl.java:startSetConfiguration(488)) - omNode-3@group-523986131536-LeaderStateImpl: startSetConfiguration SetConfigurationRequest:client-332634A517BE->omNode-3@group-523986131536, cid=20, seq=null, RW, null, SET_UNCONDITIONALLY, servers:[omNode-3|localhost:15122, omNode-1|localhost:15114, omNode-2|localhost:15118], listeners:[]
2024-10-28 08:11:11,623 [omNode-3-server-thread2] INFO  server.RaftServer$Division (ServerState.java:setRaftConf(386)) - omNode-3@group-523986131536: set configuration conf: {index: 7, cur=peers:[omNode-3|localhost:15122, omNode-1|localhost:15114, omNode-2|localhost:15118]|listeners:[], old=peers:[omNode-3|localhost:15122, omNode-1|localhost:15114, omNode-2|localhost:15118]|listeners:[]}
2024-10-28 08:11:11,624 [omNode-2-server-thread2] INFO  server.RaftServer$Division (ServerState.java:setRaftConf(386)) - omNode-2@group-523986131536: set configuration conf: {index: 7, cur=peers:[omNode-3|localhost:15122, omNode-1|localhost:15114, omNode-2|localhost:15118]|listeners:[], old=peers:[omNode-3|localhost:15122, omNode-1|localhost:15114, omNode-2|localhost:15118]|listeners:[]}
2024-10-28 08:11:11,624 [omNode-1-server-thread2] INFO  server.RaftServer$Division (ServerState.java:setRaftConf(386)) - omNode-1@group-523986131536: set configuration conf: {index: 7, cur=peers:[omNode-3|localhost:15122, omNode-1|localhost:15114, omNode-2|localhost:15118]|listeners:[], old=peers:[omNode-3|localhost:15122, omNode-1|localhost:15114, omNode-2|localhost:15118]|listeners:[]}
2024-10-28 08:11:11,626 [omNode-3@group-523986131536-LeaderStateImpl] INFO  server.RaftServer$Division (ServerState.java:setRaftConf(386)) - omNode-3@group-523986131536: set configuration conf: {index: 9, cur=peers:[omNode-3|localhost:15122, omNode-1|localhost:15114, omNode-2|localhost:15118]|listeners:[], old=null}
2024-10-28 08:11:11,627 [omNode-2-server-thread2] INFO  server.RaftServer$Division (ServerState.java:setRaftConf(386)) - omNode-2@group-523986131536: set configuration conf: {index: 9, cur=peers:[omNode-3|localhost:15122, omNode-1|localhost:15114, omNode-2|localhost:15118]|listeners:[], old=null}
2024-10-28 08:11:11,627 [omNode-3@group-523986131536-StateMachineUpdater] INFO  ratis.OzoneManagerStateMachine (OzoneManagerStateMachine.java:notifyConfigurationChanged(218)) - Received Configuration change notification from Ratis. New Peer list:
[id: "omNode-3"
address: "localhost:15122"
startupRole: FOLLOWER
, id: "omNode-1"
address: "localhost:15114"
startupRole: FOLLOWER
, id: "omNode-2"
address: "localhost:15118"
startupRole: FOLLOWER
]
2024-10-28 08:11:11,627 [omNode-1-server-thread2] INFO  server.RaftServer$Division (ServerState.java:setRaftConf(386)) - omNode-1@group-523986131536: set configuration conf: {index: 9, cur=peers:[omNode-3|localhost:15122, omNode-1|localhost:15114, omNode-2|localhost:15118]|listeners:[], old=null}
2024-10-28 08:11:11,630 [omNode-1@group-523986131536-StateMachineUpdater] INFO  ratis.OzoneManagerStateMachine (OzoneManagerStateMachine.java:notifyConfigurationChanged(218)) - Received Configuration change notification from Ratis. New Peer list:
[id: "omNode-3"
address: "localhost:15122"
startupRole: FOLLOWER
, id: "omNode-1"
address: "localhost:15114"
startupRole: FOLLOWER
, id: "omNode-2"
address: "localhost:15118"
startupRole: FOLLOWER
]
2024-10-28 08:11:11,630 [omNode-2@group-523986131536-StateMachineUpdater] INFO  ratis.OzoneManagerStateMachine (OzoneManagerStateMachine.java:notifyConfigurationChanged(218)) - Received Configuration change notification from Ratis. New Peer list:
[id: "omNode-3"
address: "localhost:15122"
startupRole: FOLLOWER
, id: "omNode-1"
address: "localhost:15114"
startupRole: FOLLOWER
, id: "omNode-2"
address: "localhost:15118"
startupRole: FOLLOWER
]
2024-10-28 08:11:11,631 [IPC Server handler 0 on default port 15111] INFO  ratis.RatisHelper (RatisHelper.java:resetPriorities(611)) - Successfully reset priorities: group-523986131536:[omNode-3|localhost:15122, omNode-1|localhost:15114, omNode-2|localhost:15118]
2024-10-28 08:11:11,631 [omNode-3@group-523986131536-StateMachineUpdater] INFO  ratis.OzoneManagerStateMachine (OzoneManagerStateMachine.java:notifyConfigurationChanged(218)) - Received Configuration change notification from Ratis. New Peer list:
[id: "omNode-3"
address: "localhost:15122"
startupRole: FOLLOWER
, id: "omNode-1"
address: "localhost:15114"
startupRole: FOLLOWER
, id: "omNode-2"
address: "localhost:15118"
startupRole: FOLLOWER
]
2024-10-28 08:11:11,633 [omNode-2@group-523986131536-StateMachineUpdater] INFO  ratis.OzoneManagerStateMachine (OzoneManagerStateMachine.java:notifyConfigurationChanged(218)) - Received Configuration change notification from Ratis. New Peer list:
[id: "omNode-3"
address: "localhost:15122"
startupRole: FOLLOWER
, id: "omNode-1"
address: "localhost:15114"
startupRole: FOLLOWER
, id: "omNode-2"
address: "localhost:15118"
startupRole: FOLLOWER
]
2024-10-28 08:11:11,633 [omNode-1@group-523986131536-StateMachineUpdater] INFO  ratis.OzoneManagerStateMachine (OzoneManagerStateMachine.java:notifyConfigurationChanged(218)) - Received Configuration change notification from Ratis. New Peer list:
[id: "omNode-3"
address: "localhost:15122"
startupRole: FOLLOWER
, id: "omNode-1"
address: "localhost:15114"
startupRole: FOLLOWER
, id: "omNode-2"
address: "localhost:15118"
startupRole: FOLLOWER
]
Transfer leadership successfully to omNode-3.
2024-10-28 08:11:12,063 [c1501d64-56a7-4321-969a-305f0b2a668b-EndpointStateMachineTaskThread-/127.0.0.1:15012-0 ] INFO  ipc.Client (Client.java:handleConnectionFailure(950)) - Retrying connect to server: localhost/127.0.0.1:15012. Already tried 1 time(s); retry policy is RetryUpToMaximumCountWithFixedSleep(maxRetries=15, sleepTime=1000 MILLISECONDS)
2024-10-28 08:11:13,065 [c1501d64-56a7-4321-969a-305f0b2a668b-EndpointStateMachineTaskThread-/127.0.0.1:15012-0 ] INFO  ipc.Client (Client.java:handleConnectionFailure(950)) - Retrying connect to server: localhost/127.0.0.1:15012. Already tried 2 time(s); retry policy is RetryUpToMaximumCountWithFixedSleep(maxRetries=15, sleepTime=1000 MILLISECONDS)
2024-10-28 08:11:14,065 [c1501d64-56a7-4321-969a-305f0b2a668b-EndpointStateMachineTaskThread-/127.0.0.1:15012-0 ] INFO  ipc.Client (Client.java:handleConnectionFailure(950)) - Retrying connect to server: localhost/127.0.0.1:15012. Already tried 3 time(s); retry policy is RetryUpToMaximumCountWithFixedSleep(maxRetries=15, sleepTime=1000 MILLISECONDS)
2024-10-28 08:11:14,659 [IPC Server handler 1 on default port 15119] INFO  ratis.RatisHelper (RatisHelper.java:transferRatisLeadership(550)) - Start transferring leadership to omNode-1
2024-10-28 08:11:14,668 [omNode-3-server-thread2] INFO  server.RaftServer$Division (RaftServerImpl.java:setConfigurationAsync(1283)) - omNode-3@group-523986131536: receive setConfiguration SetConfigurationRequest:client-5A614BF4666C->omNode-3@group-523986131536, cid=22, seq=null, RW, null, SET_UNCONDITIONALLY, servers:[omNode-3|localhost:15122, omNode-1|localhost:15114, omNode-2|localhost:15118], listeners:[]
2024-10-28 08:11:14,668 [omNode-3-server-thread2] INFO  server.RaftServer$Division (LeaderStateImpl.java:startSetConfiguration(488)) - omNode-3@group-523986131536-LeaderStateImpl: startSetConfiguration SetConfigurationRequest:client-5A614BF4666C->omNode-3@group-523986131536, cid=22, seq=null, RW, null, SET_UNCONDITIONALLY, servers:[omNode-3|localhost:15122, omNode-1|localhost:15114, omNode-2|localhost:15118], listeners:[]
2024-10-28 08:11:14,668 [omNode-3-server-thread2] INFO  server.RaftServer$Division (ServerState.java:setRaftConf(386)) - omNode-3@group-523986131536: set configuration conf: {index: 11, cur=peers:[omNode-3|localhost:15122, omNode-1|localhost:15114, omNode-2|localhost:15118]|listeners:[], old=peers:[omNode-3|localhost:15122, omNode-1|localhost:15114, omNode-2|localhost:15118]|listeners:[]}
2024-10-28 08:11:14,669 [omNode-1-server-thread2] INFO  server.RaftServer$Division (ServerState.java:setRaftConf(386)) - omNode-1@group-523986131536: set configuration conf: {index: 11, cur=peers:[omNode-3|localhost:15122, omNode-1|localhost:15114, omNode-2|localhost:15118]|listeners:[], old=peers:[omNode-3|localhost:15122, omNode-1|localhost:15114, omNode-2|localhost:15118]|listeners:[]}
2024-10-28 08:11:14,669 [omNode-2-server-thread2] INFO  server.RaftServer$Division (ServerState.java:setRaftConf(386)) - omNode-2@group-523986131536: set configuration conf: {index: 11, cur=peers:[omNode-3|localhost:15122, omNode-1|localhost:15114, omNode-2|localhost:15118]|listeners:[], old=peers:[omNode-3|localhost:15122, omNode-1|localhost:15114, omNode-2|localhost:15118]|listeners:[]}
2024-10-28 08:11:15,066 [c1501d64-56a7-4321-969a-305f0b2a668b-EndpointStateMachineTaskThread-/127.0.0.1:15012-0 ] INFO  ipc.Client (Client.java:handleConnectionFailure(950)) - Retrying connect to server: localhost/127.0.0.1:15012. Already tried 4 time(s); retry policy is RetryUpToMaximumCountWithFixedSleep(maxRetries=15, sleepTime=1000 MILLISECONDS)
2024-10-28 08:11:16,067 [c1501d64-56a7-4321-969a-305f0b2a668b-EndpointStateMachineTaskThread-/127.0.0.1:15012-0 ] INFO  ipc.Client (Client.java:handleConnectionFailure(950)) - Retrying connect to server: localhost/127.0.0.1:15012. Already tried 5 time(s); retry policy is RetryUpToMaximumCountWithFixedSleep(maxRetries=15, sleepTime=1000 MILLISECONDS)
2024-10-28 08:11:17,067 [c1501d64-56a7-4321-969a-305f0b2a668b-EndpointStateMachineTaskThread-/127.0.0.1:15012-0 ] INFO  ipc.Client (Client.java:handleConnectionFailure(950)) - Retrying connect to server: localhost/127.0.0.1:15012. Already tried 6 time(s); retry policy is RetryUpToMaximumCountWithFixedSleep(maxRetries=15, sleepTime=1000 MILLISECONDS)
2024-10-28 08:11:17,668 [timer1] WARN  server.GrpcLogAppender (GrpcLogAppender.java:timeoutAppendRequest(441)) - omNode-3@group-523986131536->omNode-2-GrpcLogAppender: Timed out appendEntries, errorCount=1, request=AppendEntriesRequest:cid=29,entriesCount=1,entry=(t:2, i:11)
2024-10-28 08:11:17,669 [timer0] WARN  server.GrpcLogAppender (GrpcLogAppender.java:timeoutAppendRequest(441)) - omNode-3@group-523986131536->omNode-1-GrpcLogAppender: Timed out appendEntries, errorCount=1, request=AppendEntriesRequest:cid=31,entriesCount=1,entry=(t:2, i:11)
2024-10-28 08:11:18,068 [c1501d64-56a7-4321-969a-305f0b2a668b-EndpointStateMachineTaskThread-/127.0.0.1:15012-0 ] INFO  ipc.Client (Client.java:handleConnectionFailure(950)) - Retrying connect to server: localhost/127.0.0.1:15012. Already tried 7 time(s); retry policy is RetryUpToMaximumCountWithFixedSleep(maxRetries=15, sleepTime=1000 MILLISECONDS)
2024-10-28 08:11:19,068 [c1501d64-56a7-4321-969a-305f0b2a668b-EndpointStateMachineTaskThread-/127.0.0.1:15012-0 ] INFO  ipc.Client (Client.java:handleConnectionFailure(950)) - Retrying connect to server: localhost/127.0.0.1:15012. Already tried 8 time(s); retry policy is RetryUpToMaximumCountWithFixedSleep(maxRetries=15, sleepTime=1000 MILLISECONDS)
2024-10-28 08:11:20,069 [c1501d64-56a7-4321-969a-305f0b2a668b-EndpointStateMachineTaskThread-/127.0.0.1:15012-0 ] INFO  ipc.Client (Client.java:handleConnectionFailure(950)) - Retrying connect to server: localhost/127.0.0.1:15012. Already tried 9 time(s); retry policy is RetryUpToMaximumCountWithFixedSleep(maxRetries=15, sleepTime=1000 MILLISECONDS)
2024-10-28 08:11:21,069 [c1501d64-56a7-4321-969a-305f0b2a668b-EndpointStateMachineTaskThread-/127.0.0.1:15012-0 ] INFO  ipc.Client (Client.java:handleConnectionFailure(950)) - Retrying connect to server: localhost/127.0.0.1:15012. Already tried 10 time(s); retry policy is RetryUpToMaximumCountWithFixedSleep(maxRetries=15, sleepTime=1000 MILLISECONDS)
2024-10-28 08:11:22,070 [c1501d64-56a7-4321-969a-305f0b2a668b-EndpointStateMachineTaskThread-/127.0.0.1:15012-0 ] INFO  ipc.Client (Client.java:handleConnectionFailure(950)) - Retrying connect to server: localhost/127.0.0.1:15012. Already tried 11 time(s); retry policy is RetryUpToMaximumCountWithFixedSleep(maxRetries=15, sleepTime=1000 MILLISECONDS)
2024-10-28 08:11:23,070 [c1501d64-56a7-4321-969a-305f0b2a668b-EndpointStateMachineTaskThread-/127.0.0.1:15012-0 ] INFO  ipc.Client (Client.java:handleConnectionFailure(950)) - Retrying connect to server: localhost/127.0.0.1:15012. Already tried 12 time(s); retry policy is RetryUpToMaximumCountWithFixedSleep(maxRetries=15, sleepTime=1000 MILLISECONDS)
2024-10-28 08:11:24,071 [c1501d64-56a7-4321-969a-305f0b2a668b-EndpointStateMachineTaskThread-/127.0.0.1:15012-0 ] INFO  ipc.Client (Client.java:handleConnectionFailure(950)) - Retrying connect to server: localhost/127.0.0.1:15012. Already tried 13 time(s); retry policy is RetryUpToMaximumCountWithFixedSleep(maxRetries=15, sleepTime=1000 MILLISECONDS)
2024-10-28 08:11:25,071 [c1501d64-56a7-4321-969a-305f0b2a668b-EndpointStateMachineTaskThread-/127.0.0.1:15012-0 ] INFO  ipc.Client (Client.java:handleConnectionFailure(950)) - Retrying connect to server: localhost/127.0.0.1:15012. Already tried 14 time(s); retry policy is RetryUpToMaximumCountWithFixedSleep(maxRetries=15, sleepTime=1000 MILLISECONDS)
2024-10-28 08:11:29,469 [omNode-3@group-523986131536-LeaderStateImpl] INFO  server.RaftServer$Division (ServerState.java:setRaftConf(386)) - omNode-3@group-523986131536: set configuration conf: {index: 13, cur=peers:[omNode-3|localhost:15122, omNode-1|localhost:15114, omNode-2|localhost:15118]|listeners:[], old=null}
2024-10-28 08:11:29,471 [omNode-2-server-thread1] INFO  server.RaftServer$Division (ServerState.java:setRaftConf(386)) - omNode-2@group-523986131536: set configuration conf: {index: 13, cur=peers:[omNode-3|localhost:15122, omNode-1|localhost:15114, omNode-2|localhost:15118]|listeners:[], old=null}
2024-10-28 08:11:29,472 [omNode-1-server-thread1] INFO  server.RaftServer$Division (ServerState.java:setRaftConf(386)) - omNode-1@group-523986131536: set configuration conf: {index: 13, cur=peers:[omNode-3|localhost:15122, omNode-1|localhost:15114, omNode-2|localhost:15118]|listeners:[], old=null}
2024-10-28 08:11:29,482 [IPC Server handler 1 on default port 15119] INFO  ratis.RatisHelper (RatisHelper.java:transferRatisLeadership(577)) - Successfully set priority: [omNode-3|localhost:15122, omNode-1|localhost:15114, omNode-2|localhost:15118]
2024-10-28 08:11:29,484 [omNode-3-server-thread2] INFO  server.RaftServer$Division (RaftServerImpl.java:transferLeadershipAsync(1173)) - omNode-3@group-523986131536: receive transferLeadership TransferLeadershipRequest:client-5A614BF4666C->omNode-3@group-523986131536, cid=23, seq=null, RO, null
2024-10-28 08:11:29,484 [omNode-3-server-thread2] INFO  impl.TransferLeadership (TransferLeadership.java:tryTransferLeadership(258)) - omNode-3@group-523986131536: start transferring leadership to omNode-1
2024-10-28 08:11:29,484 [omNode-3-server-thread2] INFO  impl.TransferLeadership (TransferLeadership.java:tryTransferLeadership(269)) - omNode-3@group-523986131536: NOT_UP_TO_DATE(followerMatchIndex = 13 < leaderLastEntry.getIndex() = 14) notifying LogAppender to send AppendEntries to transferee omNode-1
2024-10-28 08:11:29,508 [omNode-3@group-523986131536-StateMachineUpdater] INFO  ratis.OzoneManagerStateMachine (OzoneManagerStateMachine.java:notifyConfigurationChanged(218)) - Received Configuration change notification from Ratis. New Peer list:
[id: "omNode-3"
address: "localhost:15122"
startupRole: FOLLOWER
, id: "omNode-1"
address: "localhost:15114"
priority: 1
startupRole: FOLLOWER
, id: "omNode-2"
address: "localhost:15118"
startupRole: FOLLOWER
]
2024-10-28 08:11:29,508 [grpc-default-executor-2] INFO  impl.TransferLeadership (TransferLeadership.java:sendStartLeaderElection(210)) - omNode-3@group-523986131536: sendStartLeaderElection to follower omNode-1, lastEntry=(t:2, i:14)
2024-10-28 08:11:29,509 [grpc-default-executor-2] INFO  impl.TransferLeadership (TransferLeadership.java:onFollowerAppendEntriesReply(251)) - omNode-3@group-523986131536: sent StartLeaderElection to transferee omNode-1 after received AppendEntriesResponse
2024-10-28 08:11:29,511 [grpc-default-executor-2] INFO  impl.RoleInfo (RoleInfo.java:shutdownFollowerState(119)) - omNode-1: shutdown omNode-1@group-523986131536-FollowerState
2024-10-28 08:11:29,511 [grpc-default-executor-2] INFO  server.RaftServer$Division (RaftServerImpl.java:setRole(377)) - omNode-1@group-523986131536: changes role from  FOLLOWER to CANDIDATE at term 2 for changeToCandidate
2024-10-28 08:11:29,511 [grpc-default-executor-2] INFO  server.RaftServer$Division (ServerState.java:setLeader(272)) - omNode-1@group-523986131536: change Leader from omNode-3 to null at term 2 for ELECTION
2024-10-28 08:11:29,511 [omNode-1@group-523986131536-FollowerState] INFO  impl.FollowerState (FollowerState.java:run(153)) - omNode-1@group-523986131536-FollowerState was interrupted
2024-10-28 08:11:29,533 [omNode-1@group-523986131536-StateMachineUpdater] INFO  ratis.OzoneManagerStateMachine (OzoneManagerStateMachine.java:notifyConfigurationChanged(218)) - Received Configuration change notification from Ratis. New Peer list:
[id: "omNode-3"
address: "localhost:15122"
startupRole: FOLLOWER
, id: "omNode-1"
address: "localhost:15114"
priority: 1
startupRole: FOLLOWER
, id: "omNode-2"
address: "localhost:15118"
startupRole: FOLLOWER
]
2024-10-28 08:11:29,533 [omNode-2@group-523986131536-StateMachineUpdater] INFO  ratis.OzoneManagerStateMachine (OzoneManagerStateMachine.java:notifyConfigurationChanged(218)) - Received Configuration change notification from Ratis. New Peer list:
[id: "omNode-3"
address: "localhost:15122"
startupRole: FOLLOWER
, id: "omNode-1"
address: "localhost:15114"
priority: 1
startupRole: FOLLOWER
, id: "omNode-2"
address: "localhost:15118"
startupRole: FOLLOWER
]
2024-10-28 08:11:29,539 [omNode-3@group-523986131536-StateMachineUpdater] INFO  ratis.OzoneManagerStateMachine (OzoneManagerStateMachine.java:notifyConfigurationChanged(218)) - Received Configuration change notification from Ratis. New Peer list:
[id: "omNode-3"
address: "localhost:15122"
startupRole: FOLLOWER
, id: "omNode-1"
address: "localhost:15114"
priority: 1
startupRole: FOLLOWER
, id: "omNode-2"
address: "localhost:15118"
startupRole: FOLLOWER
]
2024-10-28 08:11:29,547 [omNode-2@group-523986131536-StateMachineUpdater] INFO  ratis.OzoneManagerStateMachine (OzoneManagerStateMachine.java:notifyConfigurationChanged(218)) - Received Configuration change notification from Ratis. New Peer list:
[id: "omNode-3"
address: "localhost:15122"
startupRole: FOLLOWER
, id: "omNode-1"
address: "localhost:15114"
priority: 1
startupRole: FOLLOWER
, id: "omNode-2"
address: "localhost:15118"
startupRole: FOLLOWER
]
2024-10-28 08:11:29,548 [grpc-default-executor-2] INFO  impl.RoleInfo (RoleInfo.java:updateAndGet(148)) - omNode-1: start omNode-1@group-523986131536-LeaderElection22
2024-10-28 08:11:29,548 [omNode-1@group-523986131536-StateMachineUpdater] INFO  ratis.OzoneManagerStateMachine (OzoneManagerStateMachine.java:notifyConfigurationChanged(218)) - Received Configuration change notification from Ratis. New Peer list:
[id: "omNode-3"
address: "localhost:15122"
startupRole: FOLLOWER
, id: "omNode-1"
address: "localhost:15114"
priority: 1
startupRole: FOLLOWER
, id: "omNode-2"
address: "localhost:15118"
startupRole: FOLLOWER
]
2024-10-28 08:11:29,549 [omNode-1@group-523986131536-LeaderElection22] INFO  impl.LeaderElection (LeaderElection.java:askForVotes(325)) - omNode-1@group-523986131536-LeaderElection22 ELECTION round 0: submit vote requests at term 3 for conf: {index: 13, cur=peers:[omNode-3|localhost:15122, omNode-1|localhost:15114, omNode-2|localhost:15118]|listeners:[], old=null}
2024-10-28 08:11:29,549 [omNode-3-server-thread2] INFO  impl.TransferLeadership (TransferLeadership.java:lambda$sendStartLeaderElection$2(224)) - omNode-3@group-523986131536: Received startLeaderElection reply from omNode-1: success? true
2024-10-28 08:11:29,552 [grpc-default-executor-2] INFO  server.RaftServer$Division (RaftServerImpl.java:requestVote(1394)) - omNode-3@group-523986131536: receive requestVote(ELECTION, omNode-1, group-523986131536, 3, (t:2, i:14))
2024-10-28 08:11:29,553 [grpc-default-executor-2] INFO  impl.VoteContext (VoteContext.java:log(49)) - omNode-3@group-523986131536-LEADER: accept ELECTION from omNode-1: our priority 0 <= candidate's priority 1
2024-10-28 08:11:29,553 [grpc-default-executor-2] INFO  server.RaftServer$Division (RaftServerImpl.java:setRole(377)) - omNode-3@group-523986131536: changes role from    LEADER to FOLLOWER at term 2 for candidate:omNode-1
2024-10-28 08:11:29,553 [grpc-default-executor-2] INFO  impl.RoleInfo (RoleInfo.java:shutdownLeaderState(103)) - omNode-3: shutdown omNode-3@group-523986131536-LeaderStateImpl
2024-10-28 08:11:29,553 [omNode-3@group-523986131536->omNode-1-GrpcLogAppender-LogAppenderDaemon] WARN  server.GrpcLogAppender (GrpcLogAppender.java:mayWait(293)) - omNode-3@group-523986131536->omNode-1-GrpcLogAppender: Wait interrupted by java.lang.InterruptedException
2024-10-28 08:11:29,553 [grpc-default-executor-2] INFO  impl.PendingRequests (PendingRequests.java:sendNotLeaderResponses(287)) - omNode-3@group-523986131536-PendingRequests: sendNotLeaderResponses
2024-10-28 08:11:29,554 [grpc-default-executor-6] INFO  server.GrpcServerProtocolService (GrpcServerProtocolService.java:onCompleted(157)) - omNode-1: Completed APPEND_ENTRIES, lastRequest: null
2024-10-28 08:11:29,554 [omNode-3@group-523986131536->omNode-2-GrpcLogAppender-LogAppenderDaemon] WARN  server.GrpcLogAppender (GrpcLogAppender.java:mayWait(293)) - omNode-3@group-523986131536->omNode-2-GrpcLogAppender: Wait interrupted by java.lang.InterruptedException
2024-10-28 08:11:29,554 [grpc-default-executor-1] INFO  server.GrpcServerProtocolService (GrpcServerProtocolService.java:onCompleted(157)) - omNode-1: Completed APPEND_ENTRIES, lastRequest: omNode-3->omNode-1#63-t2,previous=(t:2, i:13),leaderCommit=13,initializing? false,entries: size=1, first=(t:2, i:14), METADATAENTRY(c:13)
2024-10-28 08:11:29,554 [grpc-default-executor-1] INFO  server.GrpcServerProtocolService (GrpcServerProtocolService.java:lambda$onCompleted$5(159)) - omNode-1: Completed APPEND_ENTRIES, lastReply: null
2024-10-28 08:11:29,554 [grpc-default-executor-6] INFO  server.GrpcServerProtocolService (GrpcServerProtocolService.java:lambda$onCompleted$5(159)) - omNode-1: Completed APPEND_ENTRIES, lastReply: serverReply {
  requestorId: "omNode-3"
  replyId: "omNode-1"
  raftGroupId {
    id: "\311\274L\364;\303<`\246kR9\206\023\0256"
  }
  callId: 60
  success: true
}
term: 2
nextIndex: 12
followerCommit: 10
matchIndex: 18446744073709551615
isHearbeat: true

2024-10-28 08:11:29,552 [grpc-default-executor-3] INFO  server.RaftServer$Division (RaftServerImpl.java:requestVote(1394)) - omNode-2@group-523986131536: receive requestVote(ELECTION, omNode-1, group-523986131536, 3, (t:2, i:14))
2024-10-28 08:11:29,555 [grpc-default-executor-3] INFO  impl.VoteContext (VoteContext.java:log(49)) - omNode-2@group-523986131536-FOLLOWER: accept ELECTION from omNode-1: our priority 0 <= candidate's priority 1
2024-10-28 08:11:29,555 [grpc-default-executor-6] INFO  server.GrpcServerProtocolService (GrpcServerProtocolService.java:onCompleted(157)) - omNode-2: Completed APPEND_ENTRIES, lastRequest: omNode-3->omNode-2#60-t2,previous=(t:2, i:13),leaderCommit=13,initializing? false,entries: size=1, first=(t:2, i:14), METADATAENTRY(c:13)
2024-10-28 08:11:29,555 [grpc-default-executor-6] INFO  server.GrpcServerProtocolService (GrpcServerProtocolService.java:lambda$onCompleted$5(159)) - omNode-2: Completed APPEND_ENTRIES, lastReply: null
2024-10-28 08:11:29,555 [grpc-default-executor-3] INFO  server.RaftServer$Division (RaftServerImpl.java:setRole(377)) - omNode-2@group-523986131536: changes role from  FOLLOWER to FOLLOWER at term 2 for candidate:omNode-1
2024-10-28 08:11:29,555 [grpc-default-executor-3] INFO  impl.RoleInfo (RoleInfo.java:shutdownFollowerState(119)) - omNode-2: shutdown omNode-2@group-523986131536-FollowerState
2024-10-28 08:11:29,555 [grpc-default-executor-1] INFO  server.GrpcServerProtocolService (GrpcServerProtocolService.java:onCompleted(157)) - omNode-2: Completed APPEND_ENTRIES, lastRequest: null
2024-10-28 08:11:29,555 [omNode-2@group-523986131536-FollowerState] INFO  impl.FollowerState (FollowerState.java:run(153)) - omNode-2@group-523986131536-FollowerState was interrupted
2024-10-28 08:11:29,555 [grpc-default-executor-4] INFO  server.GrpcLogAppender (GrpcLogAppender.java:onCompleted(550)) - omNode-3@group-523986131536->omNode-1-AppendLogResponseHandler: follower responses appendEntries COMPLETED
2024-10-28 08:11:29,555 [grpc-default-executor-0] INFO  server.GrpcLogAppender (GrpcLogAppender.java:onCompleted(550)) - omNode-3@group-523986131536->omNode-2-AppendLogResponseHandler: follower responses appendEntries COMPLETED
2024-10-28 08:11:29,555 [grpc-default-executor-3] INFO  server.RaftServer$Division (ServerState.java:setLeader(272)) - omNode-2@group-523986131536: change Leader from omNode-3 to null at term 3 for updateCurrentTerm
2024-10-28 08:11:29,556 [grpc-default-executor-3] INFO  impl.RoleInfo (RoleInfo.java:updateAndGet(148)) - omNode-2: start omNode-2@group-523986131536-FollowerState
2024-10-28 08:11:29,555 [grpc-default-executor-1] INFO  server.GrpcServerProtocolService (GrpcServerProtocolService.java:lambda$onCompleted$5(159)) - omNode-2: Completed APPEND_ENTRIES, lastReply: serverReply {
  requestorId: "omNode-3"
  replyId: "omNode-2"
  raftGroupId {
    id: "\311\274L\364;\303<`\246kR9\206\023\0256"
  }
  callId: 58
  success: true
}
term: 2
nextIndex: 12
followerCommit: 10
matchIndex: 18446744073709551615
isHearbeat: true

2024-10-28 08:11:29,556 [grpc-default-executor-2] INFO  server.RaftServer$Division (ServerState.java:setLeader(272)) - omNode-3@group-523986131536: change Leader from omNode-3 to null at term 2 for candidate:omNode-1
2024-10-28 08:11:29,556 [grpc-default-executor-2] INFO  impl.RoleInfo (RoleInfo.java:updateAndGet(148)) - omNode-3: start omNode-3@group-523986131536-FollowerState
2024-10-28 08:11:29,556 [grpc-default-executor-6] INFO  server.GrpcLogAppender (GrpcLogAppender.java:onCompleted(550)) - omNode-3@group-523986131536->omNode-2-AppendLogResponseHandler: follower responses appendEntries COMPLETED
2024-10-28 08:11:29,558 [grpc-default-executor-7] INFO  server.GrpcLogAppender (GrpcLogAppender.java:onCompleted(550)) - omNode-3@group-523986131536->omNode-1-AppendLogResponseHandler: follower responses appendEntries COMPLETED
2024-10-28 08:11:29,564 [grpc-default-executor-3] INFO  server.RaftServer$Division (RaftServerImpl.java:requestVote(1427)) - omNode-2@group-523986131536 replies to ELECTION vote request: omNode-1<-omNode-2#0:OK-t3. Peer's state: omNode-2@group-523986131536:t3, leader=null, voted=omNode-1, raftlog=Memoized:omNode-2@group-523986131536-SegmentedRaftLog:OPENED:c13:last(t:2, i:14), conf=conf: {index: 13, cur=peers:[omNode-3|localhost:15122, omNode-1|localhost:15114, omNode-2|localhost:15118]|listeners:[], old=null}
2024-10-28 08:11:29,565 [grpc-default-executor-2] INFO  server.RaftServer$Division (RaftServerImpl.java:requestVote(1427)) - omNode-3@group-523986131536 replies to ELECTION vote request: omNode-1<-omNode-3#0:OK-t3. Peer's state: omNode-3@group-523986131536:t3, leader=null, voted=omNode-1, raftlog=Memoized:omNode-3@group-523986131536-SegmentedRaftLog:OPENED:c14:last(t:2, i:14), conf=conf: {index: 13, cur=peers:[omNode-3|localhost:15122, omNode-1|localhost:15114, omNode-2|localhost:15118]|listeners:[], old=null}
2024-10-28 08:11:29,565 [omNode-1@group-523986131536-LeaderElection22] INFO  impl.LeaderElection (LeaderElection.java:logAndReturn(89)) - omNode-1@group-523986131536-LeaderElection22: ELECTION PASSED received 1 response(s) and 0 exception(s):
2024-10-28 08:11:29,565 [omNode-1@group-523986131536-LeaderElection22] INFO  impl.LeaderElection (LeaderElection.java:logAndReturn(93)) -   Response 0: omNode-1<-omNode-2#0:OK-t3
2024-10-28 08:11:29,565 [omNode-1@group-523986131536-LeaderElection22] INFO  impl.LeaderElection (LeaderElection.java:askForVotes(327)) - omNode-1@group-523986131536-LeaderElection22 ELECTION round 0: result PASSED
2024-10-28 08:11:29,565 [omNode-1@group-523986131536-LeaderElection22] INFO  impl.RoleInfo (RoleInfo.java:shutdownLeaderElection(139)) - omNode-1: shutdown omNode-1@group-523986131536-LeaderElection22
2024-10-28 08:11:29,565 [omNode-1@group-523986131536-LeaderElection22] INFO  server.RaftServer$Division (RaftServerImpl.java:setRole(377)) - omNode-1@group-523986131536: changes role from CANDIDATE to LEADER at term 3 for changeToLeader
2024-10-28 08:11:29,566 [omNode-1@group-523986131536-LeaderElection22] INFO  server.RaftServerConfigKeys (ConfUtils.java:logGet(46)) - raft.server.staging.catchup.gap = 1000 (default)
2024-10-28 08:11:29,566 [omNode-1@group-523986131536-LeaderElection22] INFO  server.RaftServerConfigKeys (ConfUtils.java:logGet(46)) - raft.server.write.element-limit = 4096 (default)
2024-10-28 08:11:29,566 [omNode-1@group-523986131536-LeaderElection22] INFO  server.RaftServerConfigKeys (ConfUtils.java:logGet(46)) - raft.server.write.byte-limit = 64MB (=67108864) (default)
2024-10-28 08:11:29,566 [omNode-1@group-523986131536-LeaderElection22] INFO  server.RaftServerConfigKeys (ConfUtils.java:logGet(46)) - raft.server.watch.timeout = 10s (default)
2024-10-28 08:11:29,566 [omNode-1@group-523986131536-LeaderElection22] INFO  server.RaftServerConfigKeys (ConfUtils.java:logGet(46)) - raft.server.watch.timeout.denomination = 1s (default)
2024-10-28 08:11:29,566 [omNode-1@group-523986131536-LeaderElection22] INFO  server.RaftServerConfigKeys (ConfUtils.java:logGet(46)) - raft.server.watch.element-limit = 65536 (default)
2024-10-28 08:11:29,567 [omNode-1@group-523986131536-LeaderElection22] INFO  server.RaftServerConfigKeys (ConfUtils.java:logGet(46)) - raft.server.read.leader.lease.enabled = false (default)
2024-10-28 08:11:29,567 [omNode-1@group-523986131536-LeaderElection22] INFO  server.RaftServerConfigKeys (ConfUtils.java:logGet(46)) - raft.server.read.leader.lease.timeout.ratio = 0.9 (default)
2024-10-28 08:11:29,567 [omNode-1@group-523986131536-LeaderElection22] INFO  server.RaftServerConfigKeys (ConfUtils.java:logGet(46)) - raft.server.rpc.timeout.min = 1s (custom)
2024-10-28 08:11:29,567 [omNode-1@group-523986131536-LeaderElection22] INFO  server.RaftServerConfigKeys (ConfUtils.java:logGet(46)) - raft.server.log.log-metadata.enabled = true (default)
2024-10-28 08:11:29,567 [omNode-1@group-523986131536-LeaderElection22] INFO  server.RaftServerConfigKeys (ConfUtils.java:logGet(46)) - raft.server.write.element-limit = 4096 (default)
2024-10-28 08:11:29,567 [omNode-1@group-523986131536-LeaderElection22] INFO  server.RaftServerConfigKeys (ConfUtils.java:logGet(46)) - raft.server.write.follower.gap.ratio.max = -1.0 (default)
2024-10-28 08:11:29,567 [omNode-1@group-523986131536-LeaderElection22] INFO  server.RaftServerConfigKeys (ConfUtils.java:logGet(46)) - raft.server.log.appender.snapshot.chunk.size.max = 16MB (=16777216) (default)
2024-10-28 08:11:29,567 [omNode-1@group-523986131536-LeaderElection22] INFO  server.RaftServerConfigKeys (ConfUtils.java:logGet(46)) - raft.server.log.appender.buffer.byte-limit = 4194304 (custom)
2024-10-28 08:11:29,568 [omNode-1@group-523986131536-LeaderElection22] INFO  server.RaftServerConfigKeys (ConfUtils.java:logGet(46)) - raft.server.log.appender.buffer.element-limit = 1024 (custom)
2024-10-28 08:11:29,568 [omNode-1@group-523986131536-LeaderElection22] INFO  server.RaftServerConfigKeys (ConfUtils.java:logGet(46)) - raft.server.log.appender.wait-time.min = 0ms (custom)
2024-10-28 08:11:29,568 [omNode-1@group-523986131536-LeaderElection22] INFO  grpc.GrpcConfigKeys (ConfUtils.java:logGet(46)) - raft.grpc.server.leader.outstanding.appends.max = 8 (default)
2024-10-28 08:11:29,568 [omNode-1@group-523986131536-LeaderElection22] INFO  server.RaftServerConfigKeys (ConfUtils.java:logGet(46)) - raft.server.rpc.request.timeout = 3000ms (default)
2024-10-28 08:11:29,568 [omNode-1@group-523986131536-LeaderElection22] INFO  grpc.GrpcConfigKeys (ConfUtils.java:logGet(46)) - raft.grpc.server.install_snapshot.request.element-limit = 8 (default)
2024-10-28 08:11:29,568 [omNode-1@group-523986131536-LeaderElection22] INFO  grpc.GrpcConfigKeys (ConfUtils.java:logGet(46)) - raft.grpc.server.install_snapshot.request.timeout = 3000ms (default)
2024-10-28 08:11:29,568 [omNode-1@group-523986131536-LeaderElection22] INFO  grpc.GrpcConfigKeys (ConfUtils.java:logGet(46)) - raft.grpc.server.log-message.batch.duration = 5s (default)
2024-10-28 08:11:29,568 [omNode-1@group-523986131536-LeaderElection22] INFO  server.RaftServerConfigKeys (ConfUtils.java:logGet(46)) - raft.server.log.appender.install.snapshot.enabled = false (custom)
2024-10-28 08:11:29,568 [omNode-1@group-523986131536-LeaderElection22] INFO  grpc.GrpcConfigKeys (ConfUtils.java:logGet(46)) - raft.grpc.server.heartbeat.channel = true (default)
2024-10-28 08:11:29,569 [omNode-1@group-523986131536-LeaderElection22] INFO  server.RaftServerConfigKeys (ConfUtils.java:logGet(46)) - raft.server.log.appender.snapshot.chunk.size.max = 16MB (=16777216) (default)
2024-10-28 08:11:29,569 [omNode-1@group-523986131536-LeaderElection22] INFO  server.RaftServerConfigKeys (ConfUtils.java:logGet(46)) - raft.server.log.appender.buffer.byte-limit = 4194304 (custom)
2024-10-28 08:11:29,569 [omNode-1@group-523986131536-LeaderElection22] INFO  server.RaftServerConfigKeys (ConfUtils.java:logGet(46)) - raft.server.log.appender.buffer.element-limit = 1024 (custom)
2024-10-28 08:11:29,570 [omNode-1@group-523986131536-LeaderElection22] INFO  server.RaftServerConfigKeys (ConfUtils.java:logGet(46)) - raft.server.log.appender.wait-time.min = 0ms (custom)
2024-10-28 08:11:29,570 [omNode-1@group-523986131536-LeaderElection22] INFO  grpc.GrpcConfigKeys (ConfUtils.java:logGet(46)) - raft.grpc.server.leader.outstanding.appends.max = 8 (default)
2024-10-28 08:11:29,570 [omNode-1@group-523986131536-LeaderElection22] INFO  server.RaftServerConfigKeys (ConfUtils.java:logGet(46)) - raft.server.rpc.request.timeout = 3000ms (default)
2024-10-28 08:11:29,570 [omNode-1@group-523986131536-LeaderElection22] INFO  grpc.GrpcConfigKeys (ConfUtils.java:logGet(46)) - raft.grpc.server.install_snapshot.request.element-limit = 8 (default)
2024-10-28 08:11:29,570 [omNode-1@group-523986131536-LeaderElection22] INFO  grpc.GrpcConfigKeys (ConfUtils.java:logGet(46)) - raft.grpc.server.install_snapshot.request.timeout = 3000ms (default)
2024-10-28 08:11:29,570 [omNode-1@group-523986131536-LeaderElection22] INFO  grpc.GrpcConfigKeys (ConfUtils.java:logGet(46)) - raft.grpc.server.log-message.batch.duration = 5s (default)
2024-10-28 08:11:29,570 [omNode-1@group-523986131536-LeaderElection22] INFO  server.RaftServerConfigKeys (ConfUtils.java:logGet(46)) - raft.server.log.appender.install.snapshot.enabled = false (custom)
2024-10-28 08:11:29,570 [omNode-1@group-523986131536-LeaderElection22] INFO  grpc.GrpcConfigKeys (ConfUtils.java:logGet(46)) - raft.grpc.server.heartbeat.channel = true (default)
2024-10-28 08:11:29,570 [omNode-1@group-523986131536-LeaderElection22] INFO  impl.RoleInfo (RoleInfo.java:updateAndGet(148)) - omNode-1: start omNode-1@group-523986131536-LeaderStateImpl
2024-10-28 08:11:29,571 [omNode-1@group-523986131536-LeaderElection22] INFO  ratis.OzoneManagerStateMachine (OzoneManagerStateMachine.java:notifyLeaderChanged(164)) - omNode-1@group-523986131536: leader changed to omNode-1
2024-10-28 08:11:29,571 [omNode-1@group-523986131536-LeaderElection22] INFO  server.RaftServer$Division (ServerState.java:setLeader(272)) - omNode-1@group-523986131536: change Leader from null to omNode-1 at term 3 for becomeLeader, leader elected after 59ms
2024-10-28 08:11:29,571 [omNode-1@group-523986131536-LeaderElection22] INFO  segmented.SegmentedRaftLogWorker (SegmentedRaftLogWorker.java:rollLogSegment(442)) - omNode-1@group-523986131536-SegmentedRaftLogWorker: Rolling segment log-5_14 to index:14
2024-10-28 08:11:29,571 [omNode-1@group-523986131536-LeaderElection22] INFO  server.RaftServer$Division (ServerState.java:setRaftConf(386)) - omNode-1@group-523986131536: set configuration conf: {index: 15, cur=peers:[omNode-3|localhost:15122, omNode-1|localhost:15114, omNode-2|localhost:15118]|listeners:[], old=null}
2024-10-28 08:11:29,572 [omNode-1@group-523986131536-SegmentedRaftLogWorker] INFO  segmented.SegmentedRaftLogWorker (SegmentedRaftLogWorker.java:execute(598)) - omNode-1@group-523986131536-SegmentedRaftLogWorker: Rolled log segment from /home/runner/work/ozone/ozone/hadoop-ozone/integration-test/target/test-dir/MiniOzoneClusterImpl-0da7ab08-e378-40bf-aed1-312ccc1152ed/omNode-1/ratis/c9bc4cf4-3bc3-3c60-a66b-523986131536/current/log_inprogress_5 to /home/runner/work/ozone/ozone/hadoop-ozone/integration-test/target/test-dir/MiniOzoneClusterImpl-0da7ab08-e378-40bf-aed1-312ccc1152ed/omNode-1/ratis/c9bc4cf4-3bc3-3c60-a66b-523986131536/current/log_5-14
2024-10-28 08:11:29,573 [omNode-1@group-523986131536-SegmentedRaftLogWorker] INFO  segmented.BufferedWriteChannel (BufferedWriteChannel.java:open(61)) - open log_inprogress_15 at position 0
2024-10-28 08:11:29,577 [omNode-2-server-thread1] INFO  ratis.OzoneManagerStateMachine (OzoneManagerStateMachine.java:notifyLeaderChanged(164)) - omNode-2@group-523986131536: leader changed to omNode-1
2024-10-28 08:11:29,577 [omNode-2-server-thread1] INFO  server.RaftServer$Division (ServerState.java:setLeader(272)) - omNode-2@group-523986131536: change Leader from null to omNode-1 at term 3 for appendEntries, leader elected after 21ms
2024-10-28 08:11:29,584 [omNode-3-server-thread2] INFO  ratis.OzoneManagerStateMachine (OzoneManagerStateMachine.java:notifyLeaderChanged(164)) - omNode-3@group-523986131536: leader changed to omNode-1
2024-10-28 08:11:29,584 [omNode-3-server-thread2] INFO  server.RaftServer$Division (ServerState.java:setLeader(272)) - omNode-3@group-523986131536: change Leader from null to omNode-1 at term 3 for appendEntries, leader elected after 28ms
2024-10-28 08:11:29,585 [omNode-2-server-thread2] INFO  server.RaftServer$Division (ServerState.java:setRaftConf(386)) - omNode-2@group-523986131536: set configuration conf: {index: 15, cur=peers:[omNode-3|localhost:15122, omNode-1|localhost:15114, omNode-2|localhost:15118]|listeners:[], old=null}
2024-10-28 08:11:29,585 [omNode-2-server-thread2] INFO  segmented.SegmentedRaftLogWorker (SegmentedRaftLogWorker.java:rollLogSegment(442)) - omNode-2@group-523986131536-SegmentedRaftLogWorker: Rolling segment log-5_14 to index:14
2024-10-28 08:11:29,586 [IPC Server handler 1 on default port 15119] INFO  ratis.RatisHelper (RatisHelper.java:transferRatisLeadership(587)) - Successfully transferred leadership to omNode-1.
2024-10-28 08:11:29,586 [IPC Server handler 1 on default port 15119] INFO  ratis.RatisHelper (RatisHelper.java:resetPriorities(607)) - Resetting Raft peers priorities to [omNode-3|localhost:15122, omNode-1|localhost:15114, omNode-2|localhost:15118]
2024-10-28 08:11:29,586 [omNode-2@group-523986131536-SegmentedRaftLogWorker] INFO  segmented.SegmentedRaftLogWorker (SegmentedRaftLogWorker.java:execute(598)) - omNode-2@group-523986131536-SegmentedRaftLogWorker: Rolled log segment from /home/runner/work/ozone/ozone/hadoop-ozone/integration-test/target/test-dir/MiniOzoneClusterImpl-0da7ab08-e378-40bf-aed1-312ccc1152ed/omNode-2/ratis/c9bc4cf4-3bc3-3c60-a66b-523986131536/current/log_inprogress_5 to /home/runner/work/ozone/ozone/hadoop-ozone/integration-test/target/test-dir/MiniOzoneClusterImpl-0da7ab08-e378-40bf-aed1-312ccc1152ed/omNode-2/ratis/c9bc4cf4-3bc3-3c60-a66b-523986131536/current/log_5-14
2024-10-28 08:11:29,587 [omNode-2@group-523986131536-SegmentedRaftLogWorker] INFO  segmented.BufferedWriteChannel (BufferedWriteChannel.java:open(61)) - open log_inprogress_15 at position 0
2024-10-28 08:11:29,588 [omNode-3-server-thread1] INFO  server.RaftServer$Division (RaftServerImpl.java:setConfigurationAsync(1283)) - omNode-3@group-523986131536: receive setConfiguration SetConfigurationRequest:client-5A614BF4666C->omNode-3@group-523986131536, cid=24, seq=null, RW, null, SET_UNCONDITIONALLY, servers:[omNode-3|localhost:15122, omNode-1|localhost:15114, omNode-2|localhost:15118], listeners:[]
2024-10-28 08:11:29,591 [omNode-3-server-thread1] INFO  server.RaftServer$Division (ServerState.java:setRaftConf(386)) - omNode-3@group-523986131536: set configuration conf: {index: 15, cur=peers:[omNode-3|localhost:15122, omNode-1|localhost:15114, omNode-2|localhost:15118]|listeners:[], old=null}
2024-10-28 08:11:29,591 [omNode-3-server-thread1] INFO  segmented.SegmentedRaftLogWorker (SegmentedRaftLogWorker.java:rollLogSegment(442)) - omNode-3@group-523986131536-SegmentedRaftLogWorker: Rolling segment log-5_14 to index:14
2024-10-28 08:11:29,592 [omNode-1@group-523986131536-SegmentedRaftLogWorker] INFO  segmented.SegmentedRaftLogWorker (SegmentedRaftLogWorker.java:execute(641)) - omNode-1@group-523986131536-SegmentedRaftLogWorker: created new log segment /home/runner/work/ozone/ozone/hadoop-ozone/integration-test/target/test-dir/MiniOzoneClusterImpl-0da7ab08-e378-40bf-aed1-312ccc1152ed/omNode-1/ratis/c9bc4cf4-3bc3-3c60-a66b-523986131536/current/log_inprogress_15
2024-10-28 08:11:29,592 [omNode-3@group-523986131536-SegmentedRaftLogWorker] INFO  segmented.SegmentedRaftLogWorker (SegmentedRaftLogWorker.java:execute(598)) - omNode-3@group-523986131536-SegmentedRaftLogWorker: Rolled log segment from /home/runner/work/ozone/ozone/hadoop-ozone/integration-test/target/test-dir/MiniOzoneClusterImpl-0da7ab08-e378-40bf-aed1-312ccc1152ed/omNode-3/ratis/c9bc4cf4-3bc3-3c60-a66b-523986131536/current/log_inprogress_5 to /home/runner/work/ozone/ozone/hadoop-ozone/integration-test/target/test-dir/MiniOzoneClusterImpl-0da7ab08-e378-40bf-aed1-312ccc1152ed/omNode-3/ratis/c9bc4cf4-3bc3-3c60-a66b-523986131536/current/log_5-14
2024-10-28 08:11:29,592 [omNode-3@group-523986131536-SegmentedRaftLogWorker] INFO  segmented.BufferedWriteChannel (BufferedWriteChannel.java:open(61)) - open log_inprogress_15 at position 0
2024-10-28 08:11:29,610 [omNode-2@group-523986131536-SegmentedRaftLogWorker] INFO  segmented.SegmentedRaftLogWorker (SegmentedRaftLogWorker.java:execute(641)) - omNode-2@group-523986131536-SegmentedRaftLogWorker: created new log segment /home/runner/work/ozone/ozone/hadoop-ozone/integration-test/target/test-dir/MiniOzoneClusterImpl-0da7ab08-e378-40bf-aed1-312ccc1152ed/omNode-2/ratis/c9bc4cf4-3bc3-3c60-a66b-523986131536/current/log_inprogress_15
2024-10-28 08:11:29,611 [omNode-3@group-523986131536-SegmentedRaftLogWorker] INFO  segmented.SegmentedRaftLogWorker (SegmentedRaftLogWorker.java:execute(641)) - omNode-3@group-523986131536-SegmentedRaftLogWorker: created new log segment /home/runner/work/ozone/ozone/hadoop-ozone/integration-test/target/test-dir/MiniOzoneClusterImpl-0da7ab08-e378-40bf-aed1-312ccc1152ed/omNode-3/ratis/c9bc4cf4-3bc3-3c60-a66b-523986131536/current/log_inprogress_15
2024-10-28 08:11:29,613 [omNode-1@group-523986131536-StateMachineUpdater] INFO  ratis.OzoneManagerStateMachine (OzoneManagerStateMachine.java:notifyConfigurationChanged(218)) - Received Configuration change notification from Ratis. New Peer list:
[id: "omNode-3"
address: "localhost:15122"
startupRole: FOLLOWER
, id: "omNode-1"
address: "localhost:15114"
priority: 1
startupRole: FOLLOWER
, id: "omNode-2"
address: "localhost:15118"
startupRole: FOLLOWER
]
2024-10-28 08:11:29,613 [omNode-1@group-523986131536-StateMachineUpdater] INFO  server.RaftServer$Division (LeaderStateImpl.java:checkStartIndex(316)) - Leader omNode-1@group-523986131536-LeaderStateImpl is ready since appliedIndex == startIndex == 15
2024-10-28 08:11:29,615 [omNode-3@group-523986131536-StateMachineUpdater] INFO  ratis.OzoneManagerStateMachine (OzoneManagerStateMachine.java:notifyConfigurationChanged(218)) - Received Configuration change notification from Ratis. New Peer list:
[id: "omNode-3"
address: "localhost:15122"
startupRole: FOLLOWER
, id: "omNode-1"
address: "localhost:15114"
priority: 1
startupRole: FOLLOWER
, id: "omNode-2"
address: "localhost:15118"
startupRole: FOLLOWER
]
2024-10-28 08:11:29,615 [omNode-2@group-523986131536-StateMachineUpdater] INFO  ratis.OzoneManagerStateMachine (OzoneManagerStateMachine.java:notifyConfigurationChanged(218)) - Received Configuration change notification from Ratis. New Peer list:
[id: "omNode-3"
address: "localhost:15122"
startupRole: FOLLOWER
, id: "omNode-1"
address: "localhost:15114"
priority: 1
startupRole: FOLLOWER
, id: "omNode-2"
address: "localhost:15118"
startupRole: FOLLOWER
]
2024-10-28 08:11:35,858 [omNode-1-server-thread1] INFO  server.RaftServer$Division (RaftServerImpl.java:setConfigurationAsync(1283)) - omNode-1@group-523986131536: receive setConfiguration SetConfigurationRequest:client-5A614BF4666C->omNode-1@group-523986131536, cid=24, seq=null, RW, null, SET_UNCONDITIONALLY, servers:[omNode-3|localhost:15122, omNode-1|localhost:15114, omNode-2|localhost:15118], listeners:[]
2024-10-28 08:11:35,858 [omNode-1-server-thread1] INFO  server.RaftServer$Division (LeaderStateImpl.java:startSetConfiguration(488)) - omNode-1@group-523986131536-LeaderStateImpl: startSetConfiguration SetConfigurationRequest:client-5A614BF4666C->omNode-1@group-523986131536, cid=24, seq=null, RW, null, SET_UNCONDITIONALLY, servers:[omNode-3|localhost:15122, omNode-1|localhost:15114, omNode-2|localhost:15118], listeners:[]
2024-10-28 08:11:35,859 [omNode-1-server-thread1] INFO  server.RaftServer$Division (ServerState.java:setRaftConf(386)) - omNode-1@group-523986131536: set configuration conf: {index: 17, cur=peers:[omNode-3|localhost:15122, omNode-1|localhost:15114, omNode-2|localhost:15118]|listeners:[], old=peers:[omNode-3|localhost:15122, omNode-1|localhost:15114, omNode-2|localhost:15118]|listeners:[]}
2024-10-28 08:11:35,859 [omNode-3-server-thread1] INFO  server.RaftServer$Division (ServerState.java:setRaftConf(386)) - omNode-3@group-523986131536: set configuration conf: {index: 17, cur=peers:[omNode-3|localhost:15122, omNode-1|localhost:15114, omNode-2|localhost:15118]|listeners:[], old=peers:[omNode-3|localhost:15122, omNode-1|localhost:15114, omNode-2|localhost:15118]|listeners:[]}
2024-10-28 08:11:35,860 [omNode-2-server-thread2] INFO  server.RaftServer$Division (ServerState.java:setRaftConf(386)) - omNode-2@group-523986131536: set configuration conf: {index: 17, cur=peers:[omNode-3|localhost:15122, omNode-1|localhost:15114, omNode-2|localhost:15118]|listeners:[], old=peers:[omNode-3|localhost:15122, omNode-1|localhost:15114, omNode-2|localhost:15118]|listeners:[]}
2024-10-28 08:11:38,859 [timer3] WARN  server.GrpcLogAppender (GrpcLogAppender.java:timeoutAppendRequest(441)) - omNode-1@group-523986131536->omNode-2-GrpcLogAppender: Timed out appendEntries, errorCount=1, request=AppendEntriesRequest:cid=18,entriesCount=1,entry=(t:3, i:17)
2024-10-28 08:11:38,859 [timer4] WARN  server.GrpcLogAppender (GrpcLogAppender.java:timeoutAppendRequest(441)) - omNode-1@group-523986131536->omNode-3-GrpcLogAppender: Timed out appendEntries, errorCount=1, request=AppendEntriesRequest:cid=17,entriesCount=1,entry=(t:3, i:17)
2024-10-28 08:11:47,188 [0506bfaa-e0bf-41a1-ae8b-a3d5b458913d-BlockDeletingService#0] INFO  interfaces.ContainerDeletionChoosingPolicyTemplate (ContainerDeletionChoosingPolicyTemplate.java:chooseContainerForBlockDeletion(85)) - Chosen 0/5000 blocks from 0 candidate containers.
2024-10-28 08:11:47,602 [2dd66384-ce76-40f1-abb4-2732924b3f06-BlockDeletingService#0] INFO  interfaces.ContainerDeletionChoosingPolicyTemplate (ContainerDeletionChoosingPolicyTemplate.java:chooseContainerForBlockDeletion(85)) - Chosen 0/5000 blocks from 0 candidate containers.
2024-10-28 08:11:47,882 [5164dc07-7390-4e62-85ea-fa0d5359a577-BlockDeletingService#0] INFO  interfaces.ContainerDeletionChoosingPolicyTemplate (ContainerDeletionChoosingPolicyTemplate.java:chooseContainerForBlockDeletion(85)) - Chosen 0/5000 blocks from 0 candidate containers.
2024-10-28 08:12:01,376 [0506bfaa-e0bf-41a1-ae8b-a3d5b458913d-DatanodeStateMachineDaemonThread] ERROR datanode.RunningDatanodeState (RunningDatanodeState.java:computeNextContainerState(170)) - Error in executing end point task.
java.util.concurrent.ExecutionException: java.util.concurrent.TimeoutException
	at java.base/java.util.concurrent.FutureTask.report(FutureTask.java:122)
	at java.base/java.util.concurrent.FutureTask.get(FutureTask.java:191)
	at org.apache.hadoop.ozone.container.common.states.datanode.RunningDatanodeState.computeNextContainerState(RunningDatanodeState.java:162)
	at org.apache.hadoop.ozone.container.common.states.datanode.RunningDatanodeState.await(RunningDatanodeState.java:202)
	at org.apache.hadoop.ozone.container.common.states.datanode.RunningDatanodeState.await(RunningDatanodeState.java:47)
	at org.apache.hadoop.ozone.container.common.statemachine.StateContext.execute(StateContext.java:641)
	at org.apache.hadoop.ozone.container.common.statemachine.DatanodeStateMachine.startStateMachineThread(DatanodeStateMachine.java:343)
	at org.apache.hadoop.ozone.container.common.statemachine.DatanodeStateMachine.lambda$startDaemon$1(DatanodeStateMachine.java:544)
	at java.base/java.lang.Thread.run(Thread.java:840)
Caused by: java.util.concurrent.TimeoutException
	at java.base/java.util.concurrent.FutureTask.get(FutureTask.java:204)
	at org.apache.hadoop.ozone.container.common.states.datanode.RunningDatanodeState.lambda$execute$0(RunningDatanodeState.java:102)
	at java.base/java.util.concurrent.FutureTask.run(FutureTask.java:264)
	at java.base/java.util.concurrent.Executors$RunnableAdapter.call(Executors.java:539)
	at java.base/java.util.concurrent.FutureTask.run(FutureTask.java:264)
	at java.base/java.util.concurrent.ThreadPoolExecutor.runWorker(ThreadPoolExecutor.java:1136)
	at java.base/java.util.concurrent.ThreadPoolExecutor$Worker.run(ThreadPoolExecutor.java:635)
	... 1 more
2024-10-28 08:12:09,229 [2dd66384-ce76-40f1-abb4-2732924b3f06-EndpointStateMachineTaskThread-/127.0.0.1:15087-0 ] WARN  statemachine.EndpointStateMachine (EndpointStateMachine.java:logIfNeeded(240)) - Unable to communicate to SCM server at localhost/127.0.0.1:15087 for past 0 seconds.
java.net.SocketTimeoutException: Call From fv-az886-152/10.1.0.23 to localhost:15087 failed on socket timeout exception: java.net.SocketTimeoutException: 5000 millis timeout while waiting for channel to be ready for read. ch : java.nio.channels.SocketChannel[connected local=/127.0.0.1:60078 remote=localhost/127.0.0.1:15087]; For more details see:  http://wiki.apache.org/hadoop/SocketTimeout
	at java.base/jdk.internal.reflect.NativeConstructorAccessorImpl.newInstance0(Native Method)
	at java.base/jdk.internal.reflect.NativeConstructorAccessorImpl.newInstance(NativeConstructorAccessorImpl.java:77)
	at java.base/jdk.internal.reflect.DelegatingConstructorAccessorImpl.newInstance(DelegatingConstructorAccessorImpl.java:45)
	at java.base/java.lang.reflect.Constructor.newInstanceWithCaller(Constructor.java:500)
	at java.base/java.lang.reflect.Constructor.newInstance(Constructor.java:481)
	at org.apache.hadoop.net.NetUtils.wrapWithMessage(NetUtils.java:930)
	at org.apache.hadoop.net.NetUtils.wrapException(NetUtils.java:865)
	at org.apache.hadoop.ipc.Client.getRpcResponse(Client.java:1571)
	at org.apache.hadoop.ipc.Client.call(Client.java:1513)
	at org.apache.hadoop.ipc.Client.call(Client.java:1410)
	at org.apache.hadoop.ipc.ProtobufRpcEngine$Invoker.invoke(ProtobufRpcEngine.java:250)
	at org.apache.hadoop.ipc.ProtobufRpcEngine$Invoker.invoke(ProtobufRpcEngine.java:132)
	at jdk.proxy2/jdk.proxy2.$Proxy110.submitRequest(Unknown Source)
	at org.apache.hadoop.ozone.protocolPB.StorageContainerDatanodeProtocolClientSideTranslatorPB.submitRequest(StorageContainerDatanodeProtocolClientSideTranslatorPB.java:115)
	at org.apache.hadoop.ozone.protocolPB.StorageContainerDatanodeProtocolClientSideTranslatorPB.sendHeartbeat(StorageContainerDatanodeProtocolClientSideTranslatorPB.java:146)
	at org.apache.hadoop.ozone.container.common.states.endpoint.HeartbeatEndpointTask.call(HeartbeatEndpointTask.java:183)
	at org.apache.hadoop.ozone.container.common.states.endpoint.HeartbeatEndpointTask.call(HeartbeatEndpointTask.java:87)
	at java.base/java.util.concurrent.FutureTask.run(FutureTask.java:264)
	at java.base/java.util.concurrent.ThreadPoolExecutor.runWorker(ThreadPoolExecutor.java:1136)
	at java.base/java.util.concurrent.ThreadPoolExecutor$Worker.run(ThreadPoolExecutor.java:635)
	at java.base/java.lang.Thread.run(Thread.java:840)
Caused by: java.net.SocketTimeoutException: 5000 millis timeout while waiting for channel to be ready for read. ch : java.nio.channels.SocketChannel[connected local=/127.0.0.1:60078 remote=localhost/127.0.0.1:15087]
	at org.apache.hadoop.net.SocketIOWithTimeout.doIO(SocketIOWithTimeout.java:163)
	at org.apache.hadoop.net.SocketInputStream.read(SocketInputStream.java:161)
	at org.apache.hadoop.net.SocketInputStream.read(SocketInputStream.java:131)
	at java.base/java.io.FilterInputStream.read(FilterInputStream.java:132)
	at java.base/java.io.BufferedInputStream.fill(BufferedInputStream.java:244)
	at java.base/java.io.BufferedInputStream.read(BufferedInputStream.java:263)
	at java.base/java.io.FilterInputStream.read(FilterInputStream.java:82)
	at java.base/java.io.FilterInputStream.read(FilterInputStream.java:82)
	at org.apache.hadoop.ipc.Client$Connection$PingInputStream.read(Client.java:501)
	at java.base/java.io.DataInputStream.readInt(DataInputStream.java:381)
	at org.apache.hadoop.ipc.Client$IpcStreams.readResponse(Client.java:1906)
	at org.apache.hadoop.ipc.Client$Connection.receiveRpcResponse(Client.java:1187)
	at org.apache.hadoop.ipc.Client$Connection.run(Client.java:1078)
2024-10-28 08:12:09,230 [scmNode-2-SCMHeartbeatProcessor-0] ERROR node.NodeStateManager (NodeStateManager.java:checkNodesHealth(915)) - Total time spend processing datanode HB's is greater than configured values for datanode heartbeats. Please adjust the heartbeat configs. Time Spend on HB processing: 7 seconds Datanode heartbeat Interval: 100 seconds.
2024-10-28 08:12:09,229 [5164dc07-7390-4e62-85ea-fa0d5359a577@group-7E49E578F942-FollowerState] INFO  impl.FollowerState (FollowerState.java:run(144)) - 5164dc07-7390-4e62-85ea-fa0d5359a577@group-7E49E578F942-FollowerState: change to CANDIDATE, lastRpcElapsedTime:9301347854ns, electionTimeout:5187ms
2024-10-28 08:12:09,234 [5164dc07-7390-4e62-85ea-fa0d5359a577@group-7E49E578F942-FollowerState] INFO  impl.RoleInfo (RoleInfo.java:shutdownFollowerState(119)) - 5164dc07-7390-4e62-85ea-fa0d5359a577: shutdown 5164dc07-7390-4e62-85ea-fa0d5359a577@group-7E49E578F942-FollowerState
2024-10-28 08:12:09,235 [5164dc07-7390-4e62-85ea-fa0d5359a577@group-7E49E578F942-FollowerState] INFO  server.RaftServer$Division (RaftServerImpl.java:setRole(377)) - 5164dc07-7390-4e62-85ea-fa0d5359a577@group-7E49E578F942: changes role from  FOLLOWER to CANDIDATE at term 1 for changeToCandidate
2024-10-28 08:12:09,235 [5164dc07-7390-4e62-85ea-fa0d5359a577@group-7E49E578F942-FollowerState] INFO  server.RaftServerConfigKeys (ConfUtils.java:logGet(46)) - raft.server.leaderelection.pre-vote = true (default)
2024-10-28 08:12:09,235 [5164dc07-7390-4e62-85ea-fa0d5359a577@group-7E49E578F942-FollowerState] INFO  impl.RoleInfo (RoleInfo.java:updateAndGet(148)) - 5164dc07-7390-4e62-85ea-fa0d5359a577: start 5164dc07-7390-4e62-85ea-fa0d5359a577@group-7E49E578F942-LeaderElection23
2024-10-28 08:12:09,229 [0506bfaa-e0bf-41a1-ae8b-a3d5b458913d@group-2EAE137D939C-FollowerState] WARN  impl.FollowerState (FollowerState.java:run(131)) - Unexpected long sleep: sleep 5148ms but took extra 524365827ns (> threshold = 300ms)
2024-10-28 08:12:09,229 [2dd66384-ce76-40f1-abb4-2732924b3f06@group-7E49E578F942-FollowerState] WARN  impl.FollowerState (FollowerState.java:run(131)) - Unexpected long sleep: sleep 5040ms but took extra 699963715ns (> threshold = 300ms)
2024-10-28 08:12:09,228 [omNode-2@group-523986131536-FollowerState] WARN  impl.FollowerState (FollowerState.java:run(131)) - Unexpected long sleep: sleep 1155ms but took extra 2508460262ns (> threshold = 300ms)
2024-10-28 08:12:09,228 [omNode-3@group-523986131536-FollowerState] WARN  impl.FollowerState (FollowerState.java:run(131)) - Unexpected long sleep: sleep 1134ms but took extra 2215734610ns (> threshold = 300ms)
2024-10-28 08:12:09,227 [2dd66384-ce76-40f1-abb4-2732924b3f06@group-2EAE137D939C-FollowerState] WARN  impl.FollowerState (FollowerState.java:run(131)) - Unexpected long sleep: sleep 5184ms but took extra 728276065ns (> threshold = 300ms)
2024-10-28 08:12:04,692 [timer5] WARN  server.GrpcLogAppender (GrpcLogAppender.java:timeoutAppendRequest(441)) - omNode-1@group-523986131536->omNode-2-GrpcLogAppender: Timed out HEARTBEAT appendEntries, errorCount=1, request=AppendEntriesRequest:cid=70,entriesCount=0
2024-10-28 08:12:09,234 [scmNode-3-SCMHeartbeatProcessor-0] ERROR node.NodeStateManager (NodeStateManager.java:checkNodesHealth(915)) - Total time spend processing datanode HB's is greater than configured values for datanode heartbeats. Please adjust the heartbeat configs. Time Spend on HB processing: 7 seconds Datanode heartbeat Interval: 100 seconds.
2024-10-28 08:12:09,234 [scmNode-1-SCMHeartbeatProcessor-0] ERROR node.NodeStateManager (NodeStateManager.java:checkNodesHealth(915)) - Total time spend processing datanode HB's is greater than configured values for datanode heartbeats. Please adjust the heartbeat configs. Time Spend on HB processing: 7 seconds Datanode heartbeat Interval: 100 seconds.
2024-10-28 08:12:09,230 [22ff29b6-698b-46d6-babb-0a5352f8b68f@group-312CCC1152ED-FollowerState] INFO  impl.FollowerState (FollowerState.java:run(144)) - 22ff29b6-698b-46d6-babb-0a5352f8b68f@group-312CCC1152ED-FollowerState: change to CANDIDATE, lastRpcElapsedTime:9320886478ns, electionTimeout:5006ms
2024-10-28 08:12:09,237 [22ff29b6-698b-46d6-babb-0a5352f8b68f@group-312CCC1152ED-FollowerState] INFO  impl.RoleInfo (RoleInfo.java:shutdownFollowerState(119)) - 22ff29b6-698b-46d6-babb-0a5352f8b68f: shutdown 22ff29b6-698b-46d6-babb-0a5352f8b68f@group-312CCC1152ED-FollowerState
2024-10-28 08:12:09,237 [22ff29b6-698b-46d6-babb-0a5352f8b68f@group-312CCC1152ED-FollowerState] INFO  server.RaftServer$Division (RaftServerImpl.java:setRole(377)) - 22ff29b6-698b-46d6-babb-0a5352f8b68f@group-312CCC1152ED: changes role from  FOLLOWER to CANDIDATE at term 2 for changeToCandidate
2024-10-28 08:12:09,237 [22ff29b6-698b-46d6-babb-0a5352f8b68f@group-312CCC1152ED-FollowerState] INFO  server.RaftServerConfigKeys (ConfUtils.java:logGet(46)) - raft.server.leaderelection.pre-vote = true (default)
2024-10-28 08:12:09,237 [22ff29b6-698b-46d6-babb-0a5352f8b68f@group-312CCC1152ED-FollowerState] INFO  impl.RoleInfo (RoleInfo.java:updateAndGet(148)) - 22ff29b6-698b-46d6-babb-0a5352f8b68f: start 22ff29b6-698b-46d6-babb-0a5352f8b68f@group-312CCC1152ED-LeaderElection24
2024-10-28 08:12:09,238 [5164dc07-7390-4e62-85ea-fa0d5359a577-EndpointStateMachineTaskThread-/127.0.0.1:15095-0 ] WARN  statemachine.EndpointStateMachine (EndpointStateMachine.java:logIfNeeded(240)) - Unable to communicate to SCM server at localhost/127.0.0.1:15095 for past 0 seconds.
java.net.SocketTimeoutException: Call From fv-az886-152/10.1.0.23 to localhost:15095 failed on socket timeout exception: java.net.SocketTimeoutException: 5000 millis timeout while waiting for channel to be ready for read. ch : java.nio.channels.SocketChannel[connected local=/127.0.0.1:55690 remote=localhost/127.0.0.1:15095]; For more details see:  http://wiki.apache.org/hadoop/SocketTimeout
	at java.base/jdk.internal.reflect.NativeConstructorAccessorImpl.newInstance0(Native Method)
	at java.base/jdk.internal.reflect.NativeConstructorAccessorImpl.newInstance(NativeConstructorAccessorImpl.java:77)
	at java.base/jdk.internal.reflect.DelegatingConstructorAccessorImpl.newInstance(DelegatingConstructorAccessorImpl.java:45)
	at java.base/java.lang.reflect.Constructor.newInstanceWithCaller(Constructor.java:500)
	at java.base/java.lang.reflect.Constructor.newInstance(Constructor.java:481)
	at org.apache.hadoop.net.NetUtils.wrapWithMessage(NetUtils.java:930)
	at org.apache.hadoop.net.NetUtils.wrapException(NetUtils.java:865)
	at org.apache.hadoop.ipc.Client.getRpcResponse(Client.java:1571)
	at org.apache.hadoop.ipc.Client.call(Client.java:1513)
	at org.apache.hadoop.ipc.Client.call(Client.java:1410)
	at org.apache.hadoop.ipc.ProtobufRpcEngine$Invoker.invoke(ProtobufRpcEngine.java:250)
	at org.apache.hadoop.ipc.ProtobufRpcEngine$Invoker.invoke(ProtobufRpcEngine.java:132)
	at jdk.proxy2/jdk.proxy2.$Proxy110.submitRequest(Unknown Source)
	at org.apache.hadoop.ozone.protocolPB.StorageContainerDatanodeProtocolClientSideTranslatorPB.submitRequest(StorageContainerDatanodeProtocolClientSideTranslatorPB.java:115)
	at org.apache.hadoop.ozone.protocolPB.StorageContainerDatanodeProtocolClientSideTranslatorPB.sendHeartbeat(StorageContainerDatanodeProtocolClientSideTranslatorPB.java:146)
	at org.apache.hadoop.ozone.container.common.states.endpoint.HeartbeatEndpointTask.call(HeartbeatEndpointTask.java:183)
	at org.apache.hadoop.ozone.container.common.states.endpoint.HeartbeatEndpointTask.call(HeartbeatEndpointTask.java:87)
	at java.base/java.util.concurrent.FutureTask.run(FutureTask.java:264)
	at java.base/java.util.concurrent.ThreadPoolExecutor.runWorker(ThreadPoolExecutor.java:1136)
	at java.base/java.util.concurrent.ThreadPoolExecutor$Worker.run(ThreadPoolExecutor.java:635)
	at java.base/java.lang.Thread.run(Thread.java:840)
Caused by: java.net.SocketTimeoutException: 5000 millis timeout while waiting for channel to be ready for read. ch : java.nio.channels.SocketChannel[connected local=/127.0.0.1:55690 remote=localhost/127.0.0.1:15095]
	at org.apache.hadoop.net.SocketIOWithTimeout.doIO(SocketIOWithTimeout.java:163)
	at org.apache.hadoop.net.SocketInputStream.read(SocketInputStream.java:161)
	at org.apache.hadoop.net.SocketInputStream.read(SocketInputStream.java:131)
	at java.base/java.io.FilterInputStream.read(FilterInputStream.java:132)
	at java.base/java.io.BufferedInputStream.fill(BufferedInputStream.java:244)
	at java.base/java.io.BufferedInputStream.read(BufferedInputStream.java:263)
	at java.base/java.io.FilterInputStream.read(FilterInputStream.java:82)
	at java.base/java.io.FilterInputStream.read(FilterInputStream.java:82)
	at org.apache.hadoop.ipc.Client$Connection$PingInputStream.read(Client.java:501)
	at java.base/java.io.DataInputStream.readInt(DataInputStream.java:381)
	at org.apache.hadoop.ipc.Client$IpcStreams.readResponse(Client.java:1906)
	at org.apache.hadoop.ipc.Client$Connection.receiveRpcResponse(Client.java:1187)
	at org.apache.hadoop.ipc.Client$Connection.run(Client.java:1078)
2024-10-28 08:12:09,239 [omNode-1@group-523986131536-LeaderStateImpl] WARN  server.RaftServer$Division (LeaderStateImpl.java:checkLeadership(1118)) - omNode-1@group-523986131536-LeaderStateImpl: Lost leadership on term: 3. Election timeout: 1200ms. In charge for: 33652ms. Conf: conf: {index: 17, cur=peers:[omNode-3|localhost:15122, omNode-1|localhost:15114, omNode-2|localhost:15118]|listeners:[], old=peers:[omNode-3|localhost:15122, omNode-1|localhost:15114, omNode-2|localhost:15118]|listeners:[]}
2024-10-28 08:12:09,240 [omNode-1@group-523986131536-LeaderStateImpl] WARN  server.RaftServer$Division (LeaderStateImpl.java:lambda$checkLeadership$21(1122)) - Follower omNode-1@group-523986131536->omNode-3(c16,m17,n18, caughtUp=true, lastRpcSendTime=4, lastRpcResponseTime=9)
2024-10-28 08:12:09,240 [omNode-1@group-523986131536-LeaderStateImpl] WARN  server.RaftServer$Division (LeaderStateImpl.java:lambda$checkLeadership$21(1122)) - Follower omNode-1@group-523986131536->omNode-2(c16,m17,n18, caughtUp=true, lastRpcSendTime=2, lastRpcResponseTime=2)
2024-10-28 08:12:09,240 [omNode-1@group-523986131536-LeaderStateImpl] INFO  server.RaftServer$Division (RaftServerImpl.java:setRole(377)) - omNode-1@group-523986131536: changes role from    LEADER to FOLLOWER at term 3 for StepDownReason:LOST_MAJORITY_HEARTBEATS
2024-10-28 08:12:09,240 [omNode-1@group-523986131536-LeaderStateImpl] INFO  impl.RoleInfo (RoleInfo.java:shutdownLeaderState(103)) - omNode-1: shutdown omNode-1@group-523986131536-LeaderStateImpl
2024-10-28 08:12:09,240 [omNode-1@group-523986131536-LeaderStateImpl] INFO  impl.PendingRequests (PendingRequests.java:sendNotLeaderResponses(287)) - omNode-1@group-523986131536-PendingRequests: sendNotLeaderResponses
2024-10-28 08:12:09,242 [5164dc07-7390-4e62-85ea-fa0d5359a577@group-2EAE137D939C-LeaderStateImpl] WARN  server.RaftServer$Division (LeaderStateImpl.java:checkLeadership(1118)) - 5164dc07-7390-4e62-85ea-fa0d5359a577@group-2EAE137D939C-LeaderStateImpl: Lost leadership on term: 1. Election timeout: 5200ms. In charge for: 71967ms. Conf: conf: {index: 0, cur=peers:[5164dc07-7390-4e62-85ea-fa0d5359a577|127.0.0.1:15145, 2dd66384-ce76-40f1-abb4-2732924b3f06|127.0.0.1:15136, 0506bfaa-e0bf-41a1-ae8b-a3d5b458913d|127.0.0.1:15127]|listeners:[], old=null}
2024-10-28 08:12:09,242 [5164dc07-7390-4e62-85ea-fa0d5359a577@group-2EAE137D939C-LeaderStateImpl] WARN  server.RaftServer$Division (LeaderStateImpl.java:lambda$checkLeadership$21(1122)) - Follower 5164dc07-7390-4e62-85ea-fa0d5359a577@group-2EAE137D939C->2dd66384-ce76-40f1-abb4-2732924b3f06(c0,m0,n1, caughtUp=true, lastRpcSendTime=3, lastRpcResponseTime=9385)
2024-10-28 08:12:09,242 [5164dc07-7390-4e62-85ea-fa0d5359a577@group-2EAE137D939C-LeaderStateImpl] WARN  server.RaftServer$Division (LeaderStateImpl.java:lambda$checkLeadership$21(1122)) - Follower 5164dc07-7390-4e62-85ea-fa0d5359a577@group-2EAE137D939C->0506bfaa-e0bf-41a1-ae8b-a3d5b458913d(c0,m0,n1, caughtUp=true, lastRpcSendTime=0, lastRpcResponseTime=9388)
2024-10-28 08:12:09,242 [5164dc07-7390-4e62-85ea-fa0d5359a577@group-2EAE137D939C-LeaderStateImpl] INFO  server.RaftServer$Division (RaftServerImpl.java:setRole(377)) - 5164dc07-7390-4e62-85ea-fa0d5359a577@group-2EAE137D939C: changes role from    LEADER to FOLLOWER at term 1 for StepDownReason:LOST_MAJORITY_HEARTBEATS
2024-10-28 08:12:09,242 [5164dc07-7390-4e62-85ea-fa0d5359a577@group-2EAE137D939C-LeaderStateImpl] INFO  impl.RoleInfo (RoleInfo.java:shutdownLeaderState(103)) - 5164dc07-7390-4e62-85ea-fa0d5359a577: shutdown 5164dc07-7390-4e62-85ea-fa0d5359a577@group-2EAE137D939C-LeaderStateImpl
2024-10-28 08:12:09,242 [5164dc07-7390-4e62-85ea-fa0d5359a577@group-2EAE137D939C-LeaderStateImpl] INFO  impl.PendingRequests (PendingRequests.java:sendNotLeaderResponses(287)) - 5164dc07-7390-4e62-85ea-fa0d5359a577@group-2EAE137D939C-PendingRequests: sendNotLeaderResponses
2024-10-28 08:12:09,242 [5164dc07-7390-4e62-85ea-fa0d5359a577@group-2EAE137D939C->2dd66384-ce76-40f1-abb4-2732924b3f06-GrpcLogAppender-LogAppenderDaemon] WARN  server.GrpcLogAppender (GrpcLogAppender.java:mayWait(293)) - 5164dc07-7390-4e62-85ea-fa0d5359a577@group-2EAE137D939C->2dd66384-ce76-40f1-abb4-2732924b3f06-GrpcLogAppender: Wait interrupted by java.lang.InterruptedException
2024-10-28 08:12:09,243 [0506bfaa-e0bf-41a1-ae8b-a3d5b458913d@group-7E49E578F942-LeaderStateImpl] WARN  server.RaftServer$Division (LeaderStateImpl.java:checkLeadership(1118)) - 0506bfaa-e0bf-41a1-ae8b-a3d5b458913d@group-7E49E578F942-LeaderStateImpl: Lost leadership on term: 1. Election timeout: 5200ms. In charge for: 71877ms. Conf: conf: {index: 0, cur=peers:[5164dc07-7390-4e62-85ea-fa0d5359a577|127.0.0.1:15145, 2dd66384-ce76-40f1-abb4-2732924b3f06|127.0.0.1:15136, 0506bfaa-e0bf-41a1-ae8b-a3d5b458913d|127.0.0.1:15127]|listeners:[], old=null}
2024-10-28 08:12:09,243 [0506bfaa-e0bf-41a1-ae8b-a3d5b458913d@group-7E49E578F942-LeaderStateImpl] WARN  server.RaftServer$Division (LeaderStateImpl.java:lambda$checkLeadership$21(1122)) - Follower 0506bfaa-e0bf-41a1-ae8b-a3d5b458913d@group-7E49E578F942->5164dc07-7390-4e62-85ea-fa0d5359a577(c0,m0,n1, caughtUp=true, lastRpcSendTime=3, lastRpcResponseTime=9315)
2024-10-28 08:12:09,245 [0506bfaa-e0bf-41a1-ae8b-a3d5b458913d@group-7E49E578F942-LeaderStateImpl] WARN  server.RaftServer$Division (LeaderStateImpl.java:lambda$checkLeadership$21(1122)) - Follower 0506bfaa-e0bf-41a1-ae8b-a3d5b458913d@group-7E49E578F942->2dd66384-ce76-40f1-abb4-2732924b3f06(c0,m0,n1, caughtUp=true, lastRpcSendTime=6, lastRpcResponseTime=9313)
2024-10-28 08:12:09,245 [0506bfaa-e0bf-41a1-ae8b-a3d5b458913d@group-7E49E578F942-LeaderStateImpl] INFO  server.RaftServer$Division (RaftServerImpl.java:setRole(377)) - 0506bfaa-e0bf-41a1-ae8b-a3d5b458913d@group-7E49E578F942: changes role from    LEADER to FOLLOWER at term 1 for StepDownReason:LOST_MAJORITY_HEARTBEATS
2024-10-28 08:12:09,245 [0506bfaa-e0bf-41a1-ae8b-a3d5b458913d@group-7E49E578F942-LeaderStateImpl] INFO  impl.RoleInfo (RoleInfo.java:shutdownLeaderState(103)) - 0506bfaa-e0bf-41a1-ae8b-a3d5b458913d: shutdown 0506bfaa-e0bf-41a1-ae8b-a3d5b458913d@group-7E49E578F942-LeaderStateImpl
2024-10-28 08:12:09,246 [0506bfaa-e0bf-41a1-ae8b-a3d5b458913d@group-7E49E578F942-LeaderStateImpl] INFO  impl.PendingRequests (PendingRequests.java:sendNotLeaderResponses(287)) - 0506bfaa-e0bf-41a1-ae8b-a3d5b458913d@group-7E49E578F942-PendingRequests: sendNotLeaderResponses
2024-10-28 08:12:09,246 [0506bfaa-e0bf-41a1-ae8b-a3d5b458913d@group-7E49E578F942->5164dc07-7390-4e62-85ea-fa0d5359a577-GrpcLogAppender-LogAppenderDaemon] WARN  server.GrpcLogAppender (GrpcLogAppender.java:mayWait(293)) - 0506bfaa-e0bf-41a1-ae8b-a3d5b458913d@group-7E49E578F942->5164dc07-7390-4e62-85ea-fa0d5359a577-GrpcLogAppender: Wait interrupted by java.lang.InterruptedException
2024-10-28 08:12:09,246 [grpc-default-executor-6] INFO  server.GrpcServerProtocolService (GrpcServerProtocolService.java:onCompleted(157)) - omNode-2: Completed APPEND_ENTRIES, lastRequest: null
2024-10-28 08:12:09,246 [grpc-default-executor-6] INFO  server.GrpcServerProtocolService (GrpcServerProtocolService.java:lambda$onCompleted$5(159)) - omNode-2: Completed APPEND_ENTRIES, lastReply: serverReply {
  requestorId: "omNode-1"
  replyId: "omNode-2"
  raftGroupId {
    id: "\311\274L\364;\303<`\246kR9\206\023\0256"
  }
  callId: 71
  success: true
}
term: 3
nextIndex: 18
followerCommit: 16
matchIndex: 18446744073709551615
isHearbeat: true

2024-10-28 08:12:09,237 [IPC Server handler 5 on default port 15087] WARN  ipc.Server (Server.java:processResponse(1772)) - IPC Server handler 5 on default port 15087, call Call#1212 Retry#0 org.apache.hadoop.ozone.protocol.StorageContainerDatanodeProtocol.submitRequest from localhost:60078 / 127.0.0.1:60078: output error
2024-10-28 08:12:09,247 [IPC Server handler 5 on default port 15087] INFO  ipc.Server (Server.java:run(3061)) - IPC Server handler 5 on default port 15087 caught an exception
java.nio.channels.ClosedChannelException
	at java.base/sun.nio.ch.SocketChannelImpl.ensureOpenAndConnected(SocketChannelImpl.java:215)
	at java.base/sun.nio.ch.SocketChannelImpl.write(SocketChannelImpl.java:527)
	at org.apache.hadoop.ipc.Server.channelWrite(Server.java:3743)
	at org.apache.hadoop.ipc.Server.access$1800(Server.java:148)
	at org.apache.hadoop.ipc.Server$Responder.processResponse(Server.java:1722)
	at org.apache.hadoop.ipc.Server$Responder.doRespond(Server.java:1792)
	at org.apache.hadoop.ipc.Server$Connection.sendResponse(Server.java:2919)
	at org.apache.hadoop.ipc.Server$Connection.access$400(Server.java:1864)
	at org.apache.hadoop.ipc.Server$RpcCall.doResponse(Server.java:1176)
	at org.apache.hadoop.ipc.Server$Call.doResponse(Server.java:954)
	at org.apache.hadoop.ipc.Server$Call.sendResponse(Server.java:940)
	at org.apache.hadoop.ipc.Server$RpcCall.run(Server.java:1111)
	at org.apache.hadoop.ipc.Server$RpcCall.run(Server.java:1017)
	at java.base/java.security.AccessController.doPrivileged(AccessController.java:712)
	at java.base/javax.security.auth.Subject.doAs(Subject.java:439)
	at org.apache.hadoop.security.UserGroupInformation.doAs(UserGroupInformation.java:1899)
	at org.apache.hadoop.ipc.Server$Handler.run(Server.java:3048)
2024-10-28 08:12:09,246 [0506bfaa-e0bf-41a1-ae8b-a3d5b458913d@group-7E49E578F942->2dd66384-ce76-40f1-abb4-2732924b3f06-GrpcLogAppender-LogAppenderDaemon] WARN  server.GrpcLogAppender (GrpcLogAppender.java:mayWait(293)) - 0506bfaa-e0bf-41a1-ae8b-a3d5b458913d@group-7E49E578F942->2dd66384-ce76-40f1-abb4-2732924b3f06-GrpcLogAppender: Wait interrupted by java.lang.InterruptedException
2024-10-28 08:12:09,244 [grpc-default-executor-2] INFO  server.GrpcServerProtocolService (GrpcServerProtocolService.java:onCompleted(157)) - 2dd66384-ce76-40f1-abb4-2732924b3f06: Completed APPEND_ENTRIES, lastRequest: 5164dc07-7390-4e62-85ea-fa0d5359a577->2dd66384-ce76-40f1-abb4-2732924b3f06#1-t1,previous=(t:0, i:0),leaderCommit=-1,initializing? false,entries: size=1, first=(t:1, i:0), CONFIGURATIONENTRY(current:id:"5164dc07-7390-4e62-85ea-fa0d5359a577"address:"127.0.0.1:15145"priority:1dataStreamAddress:"127.0.0.1:15148"clientAddress:"127.0.0.1:15145"adminAddress:"127.0.0.1:15145"startupRole:FOLLOWER, id:"2dd66384-ce76-40f1-abb4-2732924b3f06"address:"127.0.0.1:15136"dataStreamAddress:"127.0.0.1:15139"clientAddress:"127.0.0.1:15136"adminAddress:"127.0.0.1:15136"startupRole:FOLLOWER, id:"0506bfaa-e0bf-41a1-ae8b-a3d5b458913d"address:"127.0.0.1:15127"dataStreamAddress:"127.0.0.1:15130"clientAddress:"127.0.0.1:15127"adminAddress:"127.0.0.1:15127"startupRole:FOLLOWER, old:)
2024-10-28 08:12:09,247 [grpc-default-executor-2] INFO  server.GrpcServerProtocolService (GrpcServerProtocolService.java:lambda$onCompleted$5(159)) - 2dd66384-ce76-40f1-abb4-2732924b3f06: Completed APPEND_ENTRIES, lastReply: null
2024-10-28 08:12:09,242 [5164dc07-7390-4e62-85ea-fa0d5359a577@group-2EAE137D939C->0506bfaa-e0bf-41a1-ae8b-a3d5b458913d-GrpcLogAppender-LogAppenderDaemon] WARN  server.GrpcLogAppender (GrpcLogAppender.java:mayWait(293)) - 5164dc07-7390-4e62-85ea-fa0d5359a577@group-2EAE137D939C->0506bfaa-e0bf-41a1-ae8b-a3d5b458913d-GrpcLogAppender: Wait interrupted by java.lang.InterruptedException
2024-10-28 08:12:09,247 [5164dc07-7390-4e62-85ea-fa0d5359a577@group-2EAE137D939C-LeaderStateImpl] INFO  server.RaftServer$Division (ServerState.java:setLeader(272)) - 5164dc07-7390-4e62-85ea-fa0d5359a577@group-2EAE137D939C: change Leader from 5164dc07-7390-4e62-85ea-fa0d5359a577 to null at term 1 for StepDownReason:LOST_MAJORITY_HEARTBEATS
2024-10-28 08:12:09,248 [5164dc07-7390-4e62-85ea-fa0d5359a577@group-2EAE137D939C-LeaderStateImpl] INFO  impl.RoleInfo (RoleInfo.java:updateAndGet(148)) - 5164dc07-7390-4e62-85ea-fa0d5359a577: start 5164dc07-7390-4e62-85ea-fa0d5359a577@group-2EAE137D939C-FollowerState
2024-10-28 08:12:09,242 [omNode-1@group-523986131536->omNode-3-GrpcLogAppender-LogAppenderDaemon] WARN  server.GrpcLogAppender (GrpcLogAppender.java:mayWait(293)) - omNode-1@group-523986131536->omNode-3-GrpcLogAppender: Wait interrupted by java.lang.InterruptedException
2024-10-28 08:12:09,248 [omNode-1@group-523986131536-LeaderStateImpl] INFO  server.RaftServer$Division (ServerState.java:setLeader(272)) - omNode-1@group-523986131536: change Leader from omNode-1 to null at term 3 for StepDownReason:LOST_MAJORITY_HEARTBEATS
2024-10-28 08:12:09,248 [omNode-1@group-523986131536-LeaderStateImpl] INFO  impl.RoleInfo (RoleInfo.java:updateAndGet(148)) - omNode-1: start omNode-1@group-523986131536-FollowerState
2024-10-28 08:12:09,248 [grpc-default-executor-0] INFO  server.GrpcServerProtocolService (GrpcServerProtocolService.java:onCompleted(157)) - 2dd66384-ce76-40f1-abb4-2732924b3f06: Completed APPEND_ENTRIES, lastRequest: 0506bfaa-e0bf-41a1-ae8b-a3d5b458913d->2dd66384-ce76-40f1-abb4-2732924b3f06#1-t1,previous=(t:0, i:0),leaderCommit=-1,initializing? false,entries: size=1, first=(t:1, i:0), CONFIGURATIONENTRY(current:id:"5164dc07-7390-4e62-85ea-fa0d5359a577"address:"127.0.0.1:15145"dataStreamAddress:"127.0.0.1:15148"clientAddress:"127.0.0.1:15145"adminAddress:"127.0.0.1:15145"startupRole:FOLLOWER, id:"2dd66384-ce76-40f1-abb4-2732924b3f06"address:"127.0.0.1:15136"dataStreamAddress:"127.0.0.1:15139"clientAddress:"127.0.0.1:15136"adminAddress:"127.0.0.1:15136"startupRole:FOLLOWER, id:"0506bfaa-e0bf-41a1-ae8b-a3d5b458913d"address:"127.0.0.1:15127"priority:1dataStreamAddress:"127.0.0.1:15130"clientAddress:"127.0.0.1:15127"adminAddress:"127.0.0.1:15127"startupRole:FOLLOWER, old:)
2024-10-28 08:12:09,249 [grpc-default-executor-0] INFO  server.GrpcServerProtocolService (GrpcServerProtocolService.java:lambda$onCompleted$5(159)) - 2dd66384-ce76-40f1-abb4-2732924b3f06: Completed APPEND_ENTRIES, lastReply: null
2024-10-28 08:12:09,249 [grpc-default-executor-5] INFO  server.GrpcServerProtocolService (GrpcServerProtocolService.java:onCompleted(157)) - 2dd66384-ce76-40f1-abb4-2732924b3f06: Completed APPEND_ENTRIES, lastRequest: null
2024-10-28 08:12:09,249 [grpc-default-executor-5] INFO  server.GrpcServerProtocolService (GrpcServerProtocolService.java:lambda$onCompleted$5(159)) - 2dd66384-ce76-40f1-abb4-2732924b3f06: Completed APPEND_ENTRIES, lastReply: serverReply {
  requestorId: "0506bfaa-e0bf-41a1-ae8b-a3d5b458913d"
  replyId: "2dd66384-ce76-40f1-abb4-2732924b3f06"
  raftGroupId {
    id: "(\211/\020\376\362O\002\237\f~I\345x\371B"
  }
  callId: 30
  success: true
}
term: 1
nextIndex: 1
matchIndex: 18446744073709551615
isHearbeat: true

2024-10-28 08:12:09,250 [grpc-default-executor-1] INFO  server.GrpcServerProtocolService (GrpcServerProtocolService.java:onCompleted(157)) - omNode-3: Completed APPEND_ENTRIES, lastRequest: omNode-1->omNode-3#17-t3,previous=(t:3, i:16),leaderCommit=16,initializing? false,entries: size=1, first=(t:3, i:17), CONFIGURATIONENTRY(current:id:"omNode-3"address:"localhost:15122"startupRole:FOLLOWER, id:"omNode-1"address:"localhost:15114"startupRole:FOLLOWER, id:"omNode-2"address:"localhost:15118"startupRole:FOLLOWER, old:id:"omNode-3"address:"localhost:15122"startupRole:FOLLOWER, id:"omNode-1"address:"localhost:15114"priority:1startupRole:FOLLOWER, id:"omNode-2"address:"localhost:15118"startupRole:FOLLOWER)
2024-10-28 08:12:09,250 [grpc-default-executor-1] INFO  server.GrpcServerProtocolService (GrpcServerProtocolService.java:lambda$onCompleted$5(159)) - omNode-3: Completed APPEND_ENTRIES, lastReply: null
2024-10-28 08:12:09,251 [grpc-default-executor-4] INFO  server.GrpcServerProtocolService (GrpcServerProtocolService.java:onCompleted(157)) - omNode-2: Completed APPEND_ENTRIES, lastRequest: omNode-1->omNode-2#18-t3,previous=(t:3, i:16),leaderCommit=16,initializing? false,entries: size=1, first=(t:3, i:17), CONFIGURATIONENTRY(current:id:"omNode-3"address:"localhost:15122"startupRole:FOLLOWER, id:"omNode-1"address:"localhost:15114"startupRole:FOLLOWER, id:"omNode-2"address:"localhost:15118"startupRole:FOLLOWER, old:id:"omNode-3"address:"localhost:15122"startupRole:FOLLOWER, id:"omNode-1"address:"localhost:15114"priority:1startupRole:FOLLOWER, id:"omNode-2"address:"localhost:15118"startupRole:FOLLOWER)
2024-10-28 08:12:09,251 [grpc-default-executor-4] INFO  server.GrpcServerProtocolService (GrpcServerProtocolService.java:lambda$onCompleted$5(159)) - omNode-2: Completed APPEND_ENTRIES, lastReply: null
2024-10-28 08:12:09,251 [0506bfaa-e0bf-41a1-ae8b-a3d5b458913d@group-7E49E578F942-LeaderStateImpl] INFO  server.RaftServer$Division (ServerState.java:setLeader(272)) - 0506bfaa-e0bf-41a1-ae8b-a3d5b458913d@group-7E49E578F942: change Leader from 0506bfaa-e0bf-41a1-ae8b-a3d5b458913d to null at term 1 for StepDownReason:LOST_MAJORITY_HEARTBEATS
2024-10-28 08:12:09,251 [grpc-default-executor-1] INFO  server.GrpcLogAppender (GrpcLogAppender.java:onCompleted(550)) - 0506bfaa-e0bf-41a1-ae8b-a3d5b458913d@group-7E49E578F942->2dd66384-ce76-40f1-abb4-2732924b3f06-AppendLogResponseHandler: follower responses appendEntries COMPLETED
2024-10-28 08:12:09,252 [grpc-default-executor-1] INFO  server.GrpcServerProtocolService (GrpcServerProtocolService.java:onCompleted(157)) - 2dd66384-ce76-40f1-abb4-2732924b3f06: Completed APPEND_ENTRIES, lastRequest: null
2024-10-28 08:12:09,252 [grpc-default-executor-1] INFO  server.GrpcServerProtocolService (GrpcServerProtocolService.java:lambda$onCompleted$5(159)) - 2dd66384-ce76-40f1-abb4-2732924b3f06: Completed APPEND_ENTRIES, lastReply: serverReply {
  requestorId: "5164dc07-7390-4e62-85ea-fa0d5359a577"
  replyId: "2dd66384-ce76-40f1-abb4-2732924b3f06"
  raftGroupId {
    id: "\343\221\213\231\340\017D\206\250\024.\256\023}\223\234"
  }
  callId: 28
  success: true
}
term: 1
nextIndex: 1
matchIndex: 18446744073709551615
isHearbeat: true

2024-10-28 08:12:09,252 [grpc-default-executor-4] INFO  server.GrpcLogAppender (GrpcLogAppender.java:onCompleted(550)) - omNode-1@group-523986131536->omNode-2-AppendLogResponseHandler: follower responses appendEntries COMPLETED
2024-10-28 08:12:09,252 [grpc-default-executor-0] INFO  server.GrpcLogAppender (GrpcLogAppender.java:onCompleted(550)) - omNode-1@group-523986131536->omNode-3-AppendLogResponseHandler: follower responses appendEntries COMPLETED
2024-10-28 08:12:09,253 [grpc-default-executor-6] INFO  server.GrpcServerProtocolService (GrpcServerProtocolService.java:onCompleted(157)) - 0506bfaa-e0bf-41a1-ae8b-a3d5b458913d: Completed APPEND_ENTRIES, lastRequest: 5164dc07-7390-4e62-85ea-fa0d5359a577->0506bfaa-e0bf-41a1-ae8b-a3d5b458913d#1-t1,previous=(t:0, i:0),leaderCommit=-1,initializing? false,entries: size=1, first=(t:1, i:0), CONFIGURATIONENTRY(current:id:"5164dc07-7390-4e62-85ea-fa0d5359a577"address:"127.0.0.1:15145"priority:1dataStreamAddress:"127.0.0.1:15148"clientAddress:"127.0.0.1:15145"adminAddress:"127.0.0.1:15145"startupRole:FOLLOWER, id:"2dd66384-ce76-40f1-abb4-2732924b3f06"address:"127.0.0.1:15136"dataStreamAddress:"127.0.0.1:15139"clientAddress:"127.0.0.1:15136"adminAddress:"127.0.0.1:15136"startupRole:FOLLOWER, id:"0506bfaa-e0bf-41a1-ae8b-a3d5b458913d"address:"127.0.0.1:15127"dataStreamAddress:"127.0.0.1:15130"clientAddress:"127.0.0.1:15127"adminAddress:"127.0.0.1:15127"startupRole:FOLLOWER, old:)
2024-10-28 08:12:09,253 [grpc-default-executor-6] INFO  server.GrpcServerProtocolService (GrpcServerProtocolService.java:lambda$onCompleted$5(159)) - 0506bfaa-e0bf-41a1-ae8b-a3d5b458913d: Completed APPEND_ENTRIES, lastReply: null
2024-10-28 08:12:09,254 [grpc-default-executor-6] INFO  server.GrpcLogAppender (GrpcLogAppender.java:onCompleted(550)) - 5164dc07-7390-4e62-85ea-fa0d5359a577@group-2EAE137D939C->0506bfaa-e0bf-41a1-ae8b-a3d5b458913d-AppendLogResponseHandler: follower responses appendEntries COMPLETED
2024-10-28 08:12:09,251 [0506bfaa-e0bf-41a1-ae8b-a3d5b458913d@group-7E49E578F942-LeaderStateImpl] INFO  impl.RoleInfo (RoleInfo.java:updateAndGet(148)) - 0506bfaa-e0bf-41a1-ae8b-a3d5b458913d: start 0506bfaa-e0bf-41a1-ae8b-a3d5b458913d@group-7E49E578F942-FollowerState
2024-10-28 08:12:09,254 [grpc-default-executor-5] INFO  server.GrpcLogAppender (GrpcLogAppender.java:onCompleted(550)) - 0506bfaa-e0bf-41a1-ae8b-a3d5b458913d@group-7E49E578F942->2dd66384-ce76-40f1-abb4-2732924b3f06-AppendLogResponseHandler: follower responses appendEntries COMPLETED
2024-10-28 08:12:09,269 [22ff29b6-698b-46d6-babb-0a5352f8b68f-server-thread1] INFO  server.RaftServer$Division (RaftServerImpl.java:setRole(377)) - 22ff29b6-698b-46d6-babb-0a5352f8b68f@group-312CCC1152ED: changes role from CANDIDATE to FOLLOWER at term 2 for appendEntries
2024-10-28 08:12:09,269 [22ff29b6-698b-46d6-babb-0a5352f8b68f-server-thread1] INFO  impl.RoleInfo (RoleInfo.java:shutdownLeaderElection(139)) - 22ff29b6-698b-46d6-babb-0a5352f8b68f: shutdown 22ff29b6-698b-46d6-babb-0a5352f8b68f@group-312CCC1152ED-LeaderElection24
2024-10-28 08:12:09,270 [22ff29b6-698b-46d6-babb-0a5352f8b68f-server-thread1] INFO  impl.RoleInfo (RoleInfo.java:updateAndGet(148)) - 22ff29b6-698b-46d6-babb-0a5352f8b68f: start 22ff29b6-698b-46d6-babb-0a5352f8b68f@group-312CCC1152ED-FollowerState
2024-10-28 08:12:09,271 [grpc-default-executor-5] INFO  server.GrpcLogAppender (GrpcLogAppender.java:onCompleted(550)) - 5164dc07-7390-4e62-85ea-fa0d5359a577@group-2EAE137D939C->2dd66384-ce76-40f1-abb4-2732924b3f06-AppendLogResponseHandler: follower responses appendEntries COMPLETED
2024-10-28 08:12:09,272 [22ff29b6-698b-46d6-babb-0a5352f8b68f@group-312CCC1152ED-LeaderElection24] INFO  impl.LeaderElection (LeaderElection.java:run(239)) - 22ff29b6-698b-46d6-babb-0a5352f8b68f@group-312CCC1152ED-LeaderElection24: skip running since this is already CLOSING
2024-10-28 08:12:09,281 [grpc-default-executor-9] INFO  server.GrpcLogAppender (GrpcLogAppender.java:onCompleted(550)) - 5164dc07-7390-4e62-85ea-fa0d5359a577@group-2EAE137D939C->2dd66384-ce76-40f1-abb4-2732924b3f06-AppendLogResponseHandler: follower responses appendEntries COMPLETED
2024-10-28 08:12:09,295 [5164dc07-7390-4e62-85ea-fa0d5359a577-server-thread3] INFO  server.RaftServer$Division (RaftServerImpl.java:setRole(377)) - 5164dc07-7390-4e62-85ea-fa0d5359a577@group-7E49E578F942: changes role from CANDIDATE to FOLLOWER at term 1 for appendEntries
2024-10-28 08:12:09,295 [5164dc07-7390-4e62-85ea-fa0d5359a577-server-thread3] INFO  impl.RoleInfo (RoleInfo.java:shutdownLeaderElection(139)) - 5164dc07-7390-4e62-85ea-fa0d5359a577: shutdown 5164dc07-7390-4e62-85ea-fa0d5359a577@group-7E49E578F942-LeaderElection23
2024-10-28 08:12:09,295 [5164dc07-7390-4e62-85ea-fa0d5359a577-server-thread3] INFO  impl.RoleInfo (RoleInfo.java:updateAndGet(148)) - 5164dc07-7390-4e62-85ea-fa0d5359a577: start 5164dc07-7390-4e62-85ea-fa0d5359a577@group-7E49E578F942-FollowerState
2024-10-28 08:12:09,308 [grpc-default-executor-7] INFO  server.GrpcLogAppender (GrpcLogAppender.java:onCompleted(550)) - omNode-1@group-523986131536->omNode-2-AppendLogResponseHandler: follower responses appendEntries COMPLETED
2024-10-28 08:12:09,308 [grpc-default-executor-4] INFO  server.GrpcServerProtocolService (GrpcServerProtocolService.java:onCompleted(157)) - omNode-3: Completed APPEND_ENTRIES, lastRequest: null
2024-10-28 08:12:09,310 [grpc-default-executor-4] INFO  server.GrpcServerProtocolService (GrpcServerProtocolService.java:lambda$onCompleted$5(159)) - omNode-3: Completed APPEND_ENTRIES, lastReply: serverReply {
  requestorId: "omNode-1"
  replyId: "omNode-3"
  raftGroupId {
    id: "\311\274L\364;\303<`\246kR9\206\023\0256"
  }
  callId: 69
  success: true
}
term: 3
nextIndex: 18
followerCommit: 16
matchIndex: 18446744073709551615
isHearbeat: true

2024-10-28 08:12:09,310 [grpc-default-executor-7] INFO  server.GrpcServerProtocolService (GrpcServerProtocolService.java:onCompleted(157)) - 0506bfaa-e0bf-41a1-ae8b-a3d5b458913d: Completed APPEND_ENTRIES, lastRequest: null
2024-10-28 08:12:09,310 [grpc-default-executor-7] INFO  server.GrpcServerProtocolService (GrpcServerProtocolService.java:lambda$onCompleted$5(159)) - 0506bfaa-e0bf-41a1-ae8b-a3d5b458913d: Completed APPEND_ENTRIES, lastReply: serverReply {
  requestorId: "5164dc07-7390-4e62-85ea-fa0d5359a577"
  replyId: "0506bfaa-e0bf-41a1-ae8b-a3d5b458913d"
  raftGroupId {
    id: "\343\221\213\231\340\017D\206\250\024.\256\023}\223\234"
  }
  callId: 29
  success: true
}
term: 1
nextIndex: 1
matchIndex: 18446744073709551615
isHearbeat: true

2024-10-28 08:12:09,311 [grpc-default-executor-9] INFO  server.GrpcLogAppender (GrpcLogAppender.java:onCompleted(550)) - 5164dc07-7390-4e62-85ea-fa0d5359a577@group-2EAE137D939C->0506bfaa-e0bf-41a1-ae8b-a3d5b458913d-AppendLogResponseHandler: follower responses appendEntries COMPLETED
2024-10-28 08:12:09,311 [grpc-default-executor-7] INFO  server.GrpcLogAppender (GrpcLogAppender.java:onCompleted(550)) - omNode-1@group-523986131536->omNode-3-AppendLogResponseHandler: follower responses appendEntries COMPLETED
2024-10-28 08:12:09,312 [grpc-default-executor-10] INFO  server.GrpcServerProtocolService (GrpcServerProtocolService.java:onCompleted(157)) - 5164dc07-7390-4e62-85ea-fa0d5359a577: Completed APPEND_ENTRIES, lastRequest: 0506bfaa-e0bf-41a1-ae8b-a3d5b458913d->5164dc07-7390-4e62-85ea-fa0d5359a577#1-t1,previous=(t:0, i:0),leaderCommit=-1,initializing? false,entries: size=1, first=(t:1, i:0), CONFIGURATIONENTRY(current:id:"5164dc07-7390-4e62-85ea-fa0d5359a577"address:"127.0.0.1:15145"dataStreamAddress:"127.0.0.1:15148"clientAddress:"127.0.0.1:15145"adminAddress:"127.0.0.1:15145"startupRole:FOLLOWER, id:"2dd66384-ce76-40f1-abb4-2732924b3f06"address:"127.0.0.1:15136"dataStreamAddress:"127.0.0.1:15139"clientAddress:"127.0.0.1:15136"adminAddress:"127.0.0.1:15136"startupRole:FOLLOWER, id:"0506bfaa-e0bf-41a1-ae8b-a3d5b458913d"address:"127.0.0.1:15127"priority:1dataStreamAddress:"127.0.0.1:15130"clientAddress:"127.0.0.1:15127"adminAddress:"127.0.0.1:15127"startupRole:FOLLOWER, old:)
2024-10-28 08:12:09,312 [grpc-default-executor-10] INFO  server.GrpcServerProtocolService (GrpcServerProtocolService.java:lambda$onCompleted$5(159)) - 5164dc07-7390-4e62-85ea-fa0d5359a577: Completed APPEND_ENTRIES, lastReply: null
2024-10-28 08:12:09,313 [grpc-default-executor-4] INFO  server.GrpcLogAppender (GrpcLogAppender.java:onCompleted(550)) - 0506bfaa-e0bf-41a1-ae8b-a3d5b458913d@group-7E49E578F942->5164dc07-7390-4e62-85ea-fa0d5359a577-AppendLogResponseHandler: follower responses appendEntries COMPLETED
2024-10-28 08:12:09,315 [grpc-default-executor-3] INFO  server.GrpcServerProtocolService (GrpcServerProtocolService.java:onCompleted(157)) - 5164dc07-7390-4e62-85ea-fa0d5359a577: Completed APPEND_ENTRIES, lastRequest: null
2024-10-28 08:12:09,316 [grpc-default-executor-3] INFO  server.GrpcServerProtocolService (GrpcServerProtocolService.java:lambda$onCompleted$5(159)) - 5164dc07-7390-4e62-85ea-fa0d5359a577: Completed APPEND_ENTRIES, lastReply: serverReply {
  requestorId: "0506bfaa-e0bf-41a1-ae8b-a3d5b458913d"
  replyId: "5164dc07-7390-4e62-85ea-fa0d5359a577"
  raftGroupId {
    id: "(\211/\020\376\362O\002\237\f~I\345x\371B"
  }
  callId: 28
  success: true
}
term: 1
nextIndex: 1
matchIndex: 18446744073709551615
isHearbeat: true

2024-10-28 08:12:09,317 [grpc-default-executor-10] INFO  server.GrpcLogAppender (GrpcLogAppender.java:onCompleted(550)) - 0506bfaa-e0bf-41a1-ae8b-a3d5b458913d@group-7E49E578F942->5164dc07-7390-4e62-85ea-fa0d5359a577-AppendLogResponseHandler: follower responses appendEntries COMPLETED
2024-10-28 08:12:10,406 [omNode-1@group-523986131536-FollowerState] INFO  impl.FollowerState (FollowerState.java:lostMajorityHeartbeatsRecently(109)) - omNode-1@group-523986131536-FollowerState: Skipping leader election since it stepped down recently (elapsed = 1157ms < waitTime = 10s)
2024-10-28 08:12:11,443 [omNode-3@group-523986131536-FollowerState] INFO  impl.FollowerState (FollowerState.java:run(144)) - omNode-3@group-523986131536-FollowerState: change to CANDIDATE, lastRpcElapsedTime:2201673872ns, electionTimeout:1147ms
2024-10-28 08:12:11,443 [omNode-3@group-523986131536-FollowerState] INFO  impl.RoleInfo (RoleInfo.java:shutdownFollowerState(119)) - omNode-3: shutdown omNode-3@group-523986131536-FollowerState
2024-10-28 08:12:11,443 [omNode-3@group-523986131536-FollowerState] INFO  server.RaftServer$Division (RaftServerImpl.java:setRole(377)) - omNode-3@group-523986131536: changes role from  FOLLOWER to CANDIDATE at term 3 for changeToCandidate
2024-10-28 08:12:11,444 [omNode-3@group-523986131536-FollowerState] INFO  server.RaftServerConfigKeys (ConfUtils.java:logGet(46)) - raft.server.leaderelection.pre-vote = true (default)
2024-10-28 08:12:11,444 [omNode-3@group-523986131536-FollowerState] INFO  impl.RoleInfo (RoleInfo.java:updateAndGet(148)) - omNode-3: start omNode-3@group-523986131536-LeaderElection25
2024-10-28 08:12:11,444 [omNode-3@group-523986131536-LeaderElection25] INFO  server.RaftServer$Division (ServerState.java:setLeader(272)) - omNode-3@group-523986131536: change Leader from omNode-1 to null at term 3 for PRE_VOTE
2024-10-28 08:12:11,444 [omNode-3@group-523986131536-LeaderElection25] INFO  impl.LeaderElection (LeaderElection.java:askForVotes(325)) - omNode-3@group-523986131536-LeaderElection25 PRE_VOTE round 0: submit vote requests at term 3 for conf: {index: 17, cur=peers:[omNode-3|localhost:15122, omNode-1|localhost:15114, omNode-2|localhost:15118]|listeners:[], old=peers:[omNode-3|localhost:15122, omNode-1|localhost:15114, omNode-2|localhost:15118]|listeners:[]}
2024-10-28 08:12:11,446 [grpc-default-executor-10] INFO  server.RaftServer$Division (RaftServerImpl.java:requestVote(1394)) - omNode-2@group-523986131536: receive requestVote(PRE_VOTE, omNode-3, group-523986131536, 3, (t:3, i:17))
2024-10-28 08:12:11,446 [grpc-default-executor-3] INFO  server.RaftServer$Division (RaftServerImpl.java:requestVote(1394)) - omNode-1@group-523986131536: receive requestVote(PRE_VOTE, omNode-3, group-523986131536, 3, (t:3, i:17))
2024-10-28 08:12:11,446 [grpc-default-executor-3] INFO  impl.VoteContext (VoteContext.java:log(49)) - omNode-1@group-523986131536-FOLLOWER: accept PRE_VOTE from omNode-3: our priority 0 <= candidate's priority 0
2024-10-28 08:12:11,446 [grpc-default-executor-3] INFO  server.RaftServer$Division (RaftServerImpl.java:requestVote(1427)) - omNode-1@group-523986131536 replies to PRE_VOTE vote request: omNode-3<-omNode-1#0:OK-t3. Peer's state: omNode-1@group-523986131536:t3, leader=null, voted=omNode-1, raftlog=Memoized:omNode-1@group-523986131536-SegmentedRaftLog:OPENED:c16:last(t:3, i:17), conf=conf: {index: 17, cur=peers:[omNode-3|localhost:15122, omNode-1|localhost:15114, omNode-2|localhost:15118]|listeners:[], old=peers:[omNode-3|localhost:15122, omNode-1|localhost:15114, omNode-2|localhost:15118]|listeners:[]}
2024-10-28 08:12:11,446 [grpc-default-executor-10] INFO  impl.VoteContext (VoteContext.java:log(49)) - omNode-2@group-523986131536-FOLLOWER: accept PRE_VOTE from omNode-3: our priority 0 <= candidate's priority 0
2024-10-28 08:12:11,447 [grpc-default-executor-10] INFO  server.RaftServer$Division (RaftServerImpl.java:requestVote(1427)) - omNode-2@group-523986131536 replies to PRE_VOTE vote request: omNode-3<-omNode-2#0:OK-t3. Peer's state: omNode-2@group-523986131536:t3, leader=omNode-1, voted=omNode-1, raftlog=Memoized:omNode-2@group-523986131536-SegmentedRaftLog:OPENED:c16:last(t:3, i:17), conf=conf: {index: 17, cur=peers:[omNode-3|localhost:15122, omNode-1|localhost:15114, omNode-2|localhost:15118]|listeners:[], old=peers:[omNode-3|localhost:15122, omNode-1|localhost:15114, omNode-2|localhost:15118]|listeners:[]}
2024-10-28 08:12:11,447 [omNode-3@group-523986131536-LeaderElection25] INFO  impl.LeaderElection (LeaderElection.java:logAndReturn(89)) - omNode-3@group-523986131536-LeaderElection25: PRE_VOTE PASSED received 1 response(s) and 0 exception(s):
2024-10-28 08:12:11,447 [omNode-3@group-523986131536-LeaderElection25] INFO  impl.LeaderElection (LeaderElection.java:logAndReturn(93)) -   Response 0: omNode-3<-omNode-1#0:OK-t3
2024-10-28 08:12:11,447 [omNode-3@group-523986131536-LeaderElection25] INFO  impl.LeaderElection (LeaderElection.java:askForVotes(327)) - omNode-3@group-523986131536-LeaderElection25 PRE_VOTE round 0: result PASSED
2024-10-28 08:12:11,449 [omNode-3@group-523986131536-LeaderElection25] INFO  impl.LeaderElection (LeaderElection.java:askForVotes(325)) - omNode-3@group-523986131536-LeaderElection25 ELECTION round 0: submit vote requests at term 4 for conf: {index: 17, cur=peers:[omNode-3|localhost:15122, omNode-1|localhost:15114, omNode-2|localhost:15118]|listeners:[], old=peers:[omNode-3|localhost:15122, omNode-1|localhost:15114, omNode-2|localhost:15118]|listeners:[]}
2024-10-28 08:12:11,450 [grpc-default-executor-10] INFO  server.RaftServer$Division (RaftServerImpl.java:requestVote(1394)) - omNode-1@group-523986131536: receive requestVote(ELECTION, omNode-3, group-523986131536, 4, (t:3, i:17))
2024-10-28 08:12:11,450 [grpc-default-executor-10] INFO  impl.VoteContext (VoteContext.java:log(49)) - omNode-1@group-523986131536-FOLLOWER: accept ELECTION from omNode-3: our priority 0 <= candidate's priority 0
2024-10-28 08:12:11,450 [grpc-default-executor-10] INFO  server.RaftServer$Division (RaftServerImpl.java:setRole(377)) - omNode-1@group-523986131536: changes role from  FOLLOWER to FOLLOWER at term 3 for candidate:omNode-3
2024-10-28 08:12:11,450 [grpc-default-executor-10] INFO  impl.RoleInfo (RoleInfo.java:shutdownFollowerState(119)) - omNode-1: shutdown omNode-1@group-523986131536-FollowerState
2024-10-28 08:12:11,450 [grpc-default-executor-3] INFO  server.RaftServer$Division (RaftServerImpl.java:requestVote(1394)) - omNode-2@group-523986131536: receive requestVote(ELECTION, omNode-3, group-523986131536, 4, (t:3, i:17))
2024-10-28 08:12:11,450 [grpc-default-executor-3] INFO  impl.VoteContext (VoteContext.java:log(49)) - omNode-2@group-523986131536-FOLLOWER: accept ELECTION from omNode-3: our priority 0 <= candidate's priority 0
2024-10-28 08:12:11,450 [grpc-default-executor-3] INFO  server.RaftServer$Division (RaftServerImpl.java:setRole(377)) - omNode-2@group-523986131536: changes role from  FOLLOWER to FOLLOWER at term 3 for candidate:omNode-3
2024-10-28 08:12:11,450 [grpc-default-executor-3] INFO  impl.RoleInfo (RoleInfo.java:shutdownFollowerState(119)) - omNode-2: shutdown omNode-2@group-523986131536-FollowerState
2024-10-28 08:12:11,450 [grpc-default-executor-3] INFO  server.RaftServer$Division (ServerState.java:setLeader(272)) - omNode-2@group-523986131536: change Leader from omNode-1 to null at term 4 for updateCurrentTerm
2024-10-28 08:12:11,450 [grpc-default-executor-3] INFO  impl.RoleInfo (RoleInfo.java:updateAndGet(148)) - omNode-2: start omNode-2@group-523986131536-FollowerState
2024-10-28 08:12:11,450 [omNode-2@group-523986131536-FollowerState] INFO  impl.FollowerState (FollowerState.java:run(153)) - omNode-2@group-523986131536-FollowerState was interrupted
2024-10-28 08:12:11,450 [omNode-1@group-523986131536-FollowerState] INFO  impl.FollowerState (FollowerState.java:run(153)) - omNode-1@group-523986131536-FollowerState was interrupted
2024-10-28 08:12:11,450 [grpc-default-executor-10] INFO  impl.RoleInfo (RoleInfo.java:updateAndGet(148)) - omNode-1: start omNode-1@group-523986131536-FollowerState
2024-10-28 08:12:11,452 [grpc-default-executor-3] INFO  server.RaftServer$Division (RaftServerImpl.java:requestVote(1427)) - omNode-2@group-523986131536 replies to ELECTION vote request: omNode-3<-omNode-2#0:OK-t4. Peer's state: omNode-2@group-523986131536:t4, leader=null, voted=omNode-3, raftlog=Memoized:omNode-2@group-523986131536-SegmentedRaftLog:OPENED:c16:last(t:3, i:17), conf=conf: {index: 17, cur=peers:[omNode-3|localhost:15122, omNode-1|localhost:15114, omNode-2|localhost:15118]|listeners:[], old=peers:[omNode-3|localhost:15122, omNode-1|localhost:15114, omNode-2|localhost:15118]|listeners:[]}
2024-10-28 08:12:11,452 [grpc-default-executor-10] INFO  server.RaftServer$Division (RaftServerImpl.java:requestVote(1427)) - omNode-1@group-523986131536 replies to ELECTION vote request: omNode-3<-omNode-1#0:OK-t4. Peer's state: omNode-1@group-523986131536:t4, leader=null, voted=omNode-3, raftlog=Memoized:omNode-1@group-523986131536-SegmentedRaftLog:OPENED:c16:last(t:3, i:17), conf=conf: {index: 17, cur=peers:[omNode-3|localhost:15122, omNode-1|localhost:15114, omNode-2|localhost:15118]|listeners:[], old=peers:[omNode-3|localhost:15122, omNode-1|localhost:15114, omNode-2|localhost:15118]|listeners:[]}
2024-10-28 08:12:11,453 [omNode-3@group-523986131536-LeaderElection25] INFO  impl.LeaderElection (LeaderElection.java:logAndReturn(89)) - omNode-3@group-523986131536-LeaderElection25: ELECTION PASSED received 1 response(s) and 0 exception(s):
2024-10-28 08:12:11,453 [omNode-3@group-523986131536-LeaderElection25] INFO  impl.LeaderElection (LeaderElection.java:logAndReturn(93)) -   Response 0: omNode-3<-omNode-2#0:OK-t4
2024-10-28 08:12:11,453 [omNode-3@group-523986131536-LeaderElection25] INFO  impl.LeaderElection (LeaderElection.java:askForVotes(327)) - omNode-3@group-523986131536-LeaderElection25 ELECTION round 0: result PASSED
2024-10-28 08:12:11,453 [omNode-3@group-523986131536-LeaderElection25] INFO  impl.RoleInfo (RoleInfo.java:shutdownLeaderElection(139)) - omNode-3: shutdown omNode-3@group-523986131536-LeaderElection25
2024-10-28 08:12:11,453 [omNode-3@group-523986131536-LeaderElection25] INFO  server.RaftServer$Division (RaftServerImpl.java:setRole(377)) - omNode-3@group-523986131536: changes role from CANDIDATE to LEADER at term 4 for changeToLeader
2024-10-28 08:12:11,453 [omNode-3@group-523986131536-LeaderElection25] INFO  server.RaftServerConfigKeys (ConfUtils.java:logGet(46)) - raft.server.staging.catchup.gap = 1000 (default)
2024-10-28 08:12:11,453 [omNode-3@group-523986131536-LeaderElection25] INFO  server.RaftServerConfigKeys (ConfUtils.java:logGet(46)) - raft.server.write.element-limit = 4096 (default)
2024-10-28 08:12:11,453 [omNode-3@group-523986131536-LeaderElection25] INFO  server.RaftServerConfigKeys (ConfUtils.java:logGet(46)) - raft.server.write.byte-limit = 64MB (=67108864) (default)
2024-10-28 08:12:11,454 [omNode-3@group-523986131536-LeaderElection25] INFO  server.RaftServerConfigKeys (ConfUtils.java:logGet(46)) - raft.server.watch.timeout = 10s (default)
2024-10-28 08:12:11,454 [omNode-3@group-523986131536-LeaderElection25] INFO  server.RaftServerConfigKeys (ConfUtils.java:logGet(46)) - raft.server.watch.timeout.denomination = 1s (default)
2024-10-28 08:12:11,454 [omNode-3@group-523986131536-LeaderElection25] INFO  server.RaftServerConfigKeys (ConfUtils.java:logGet(46)) - raft.server.watch.element-limit = 65536 (default)
2024-10-28 08:12:11,454 [omNode-3@group-523986131536-LeaderElection25] INFO  server.RaftServerConfigKeys (ConfUtils.java:logGet(46)) - raft.server.read.leader.lease.enabled = false (default)
2024-10-28 08:12:11,454 [omNode-3@group-523986131536-LeaderElection25] INFO  server.RaftServerConfigKeys (ConfUtils.java:logGet(46)) - raft.server.read.leader.lease.timeout.ratio = 0.9 (default)
2024-10-28 08:12:11,454 [omNode-3@group-523986131536-LeaderElection25] INFO  server.RaftServerConfigKeys (ConfUtils.java:logGet(46)) - raft.server.rpc.timeout.min = 1s (custom)
2024-10-28 08:12:11,455 [omNode-3@group-523986131536-LeaderElection25] INFO  server.RaftServerConfigKeys (ConfUtils.java:logGet(46)) - raft.server.log.log-metadata.enabled = true (default)
2024-10-28 08:12:11,455 [omNode-3@group-523986131536-LeaderElection25] INFO  server.RaftServerConfigKeys (ConfUtils.java:logGet(46)) - raft.server.write.element-limit = 4096 (default)
2024-10-28 08:12:11,455 [omNode-3@group-523986131536-LeaderElection25] INFO  server.RaftServerConfigKeys (ConfUtils.java:logGet(46)) - raft.server.write.follower.gap.ratio.max = -1.0 (default)
2024-10-28 08:12:11,455 [omNode-3@group-523986131536-LeaderElection25] INFO  server.RaftServerConfigKeys (ConfUtils.java:logGet(46)) - raft.server.log.appender.snapshot.chunk.size.max = 16MB (=16777216) (default)
2024-10-28 08:12:11,455 [omNode-3@group-523986131536-LeaderElection25] INFO  server.RaftServerConfigKeys (ConfUtils.java:logGet(46)) - raft.server.log.appender.buffer.byte-limit = 4194304 (custom)
2024-10-28 08:12:11,455 [omNode-3@group-523986131536-LeaderElection25] INFO  server.RaftServerConfigKeys (ConfUtils.java:logGet(46)) - raft.server.log.appender.buffer.element-limit = 1024 (custom)
2024-10-28 08:12:11,455 [omNode-3@group-523986131536-LeaderElection25] INFO  server.RaftServerConfigKeys (ConfUtils.java:logGet(46)) - raft.server.log.appender.wait-time.min = 0ms (custom)
2024-10-28 08:12:11,455 [omNode-3@group-523986131536-LeaderElection25] INFO  grpc.GrpcConfigKeys (ConfUtils.java:logGet(46)) - raft.grpc.server.leader.outstanding.appends.max = 8 (default)
2024-10-28 08:12:11,456 [omNode-3@group-523986131536-LeaderElection25] INFO  server.RaftServerConfigKeys (ConfUtils.java:logGet(46)) - raft.server.rpc.request.timeout = 3000ms (default)
2024-10-28 08:12:11,456 [omNode-3@group-523986131536-LeaderElection25] INFO  grpc.GrpcConfigKeys (ConfUtils.java:logGet(46)) - raft.grpc.server.install_snapshot.request.element-limit = 8 (default)
2024-10-28 08:12:11,456 [omNode-3@group-523986131536-LeaderElection25] INFO  grpc.GrpcConfigKeys (ConfUtils.java:logGet(46)) - raft.grpc.server.install_snapshot.request.timeout = 3000ms (default)
2024-10-28 08:12:11,456 [omNode-3@group-523986131536-LeaderElection25] INFO  grpc.GrpcConfigKeys (ConfUtils.java:logGet(46)) - raft.grpc.server.log-message.batch.duration = 5s (default)
2024-10-28 08:12:11,456 [omNode-3@group-523986131536-LeaderElection25] INFO  server.RaftServerConfigKeys (ConfUtils.java:logGet(46)) - raft.server.log.appender.install.snapshot.enabled = false (custom)
2024-10-28 08:12:11,456 [omNode-3@group-523986131536-LeaderElection25] INFO  grpc.GrpcConfigKeys (ConfUtils.java:logGet(46)) - raft.grpc.server.heartbeat.channel = true (default)
2024-10-28 08:12:11,457 [omNode-3@group-523986131536-LeaderElection25] INFO  server.RaftServerConfigKeys (ConfUtils.java:logGet(46)) - raft.server.log.appender.snapshot.chunk.size.max = 16MB (=16777216) (default)
2024-10-28 08:12:11,457 [omNode-3@group-523986131536-LeaderElection25] INFO  server.RaftServerConfigKeys (ConfUtils.java:logGet(46)) - raft.server.log.appender.buffer.byte-limit = 4194304 (custom)
2024-10-28 08:12:11,457 [omNode-3@group-523986131536-LeaderElection25] INFO  server.RaftServerConfigKeys (ConfUtils.java:logGet(46)) - raft.server.log.appender.buffer.element-limit = 1024 (custom)
2024-10-28 08:12:11,457 [omNode-3@group-523986131536-LeaderElection25] INFO  server.RaftServerConfigKeys (ConfUtils.java:logGet(46)) - raft.server.log.appender.wait-time.min = 0ms (custom)
2024-10-28 08:12:11,457 [omNode-3@group-523986131536-LeaderElection25] INFO  grpc.GrpcConfigKeys (ConfUtils.java:logGet(46)) - raft.grpc.server.leader.outstanding.appends.max = 8 (default)
2024-10-28 08:12:11,457 [omNode-3@group-523986131536-LeaderElection25] INFO  server.RaftServerConfigKeys (ConfUtils.java:logGet(46)) - raft.server.rpc.request.timeout = 3000ms (default)
2024-10-28 08:12:11,457 [omNode-3@group-523986131536-LeaderElection25] INFO  grpc.GrpcConfigKeys (ConfUtils.java:logGet(46)) - raft.grpc.server.install_snapshot.request.element-limit = 8 (default)
2024-10-28 08:12:11,457 [omNode-3@group-523986131536-LeaderElection25] INFO  grpc.GrpcConfigKeys (ConfUtils.java:logGet(46)) - raft.grpc.server.install_snapshot.request.timeout = 3000ms (default)
2024-10-28 08:12:11,457 [omNode-3@group-523986131536-LeaderElection25] INFO  grpc.GrpcConfigKeys (ConfUtils.java:logGet(46)) - raft.grpc.server.log-message.batch.duration = 5s (default)
2024-10-28 08:12:11,457 [omNode-3@group-523986131536-LeaderElection25] INFO  server.RaftServerConfigKeys (ConfUtils.java:logGet(46)) - raft.server.log.appender.install.snapshot.enabled = false (custom)
2024-10-28 08:12:11,457 [omNode-3@group-523986131536-LeaderElection25] INFO  grpc.GrpcConfigKeys (ConfUtils.java:logGet(46)) - raft.grpc.server.heartbeat.channel = true (default)
2024-10-28 08:12:11,457 [omNode-3@group-523986131536-LeaderElection25] INFO  impl.RoleInfo (RoleInfo.java:updateAndGet(148)) - omNode-3: start omNode-3@group-523986131536-LeaderStateImpl
2024-10-28 08:12:11,458 [omNode-3@group-523986131536-LeaderElection25] INFO  ratis.OzoneManagerStateMachine (OzoneManagerStateMachine.java:notifyLeaderChanged(164)) - omNode-3@group-523986131536: leader changed to omNode-3
2024-10-28 08:12:11,458 [omNode-3@group-523986131536-LeaderElection25] INFO  server.RaftServer$Division (ServerState.java:setLeader(272)) - omNode-3@group-523986131536: change Leader from null to omNode-3 at term 4 for becomeLeader, leader elected after 13ms
2024-10-28 08:12:11,458 [omNode-3@group-523986131536-LeaderElection25] INFO  segmented.SegmentedRaftLogWorker (SegmentedRaftLogWorker.java:rollLogSegment(442)) - omNode-3@group-523986131536-SegmentedRaftLogWorker: Rolling segment log-15_17 to index:17
2024-10-28 08:12:11,458 [omNode-3@group-523986131536-LeaderElection25] INFO  server.RaftServer$Division (ServerState.java:setRaftConf(386)) - omNode-3@group-523986131536: set configuration conf: {index: 18, cur=peers:[omNode-3|localhost:15122, omNode-1|localhost:15114, omNode-2|localhost:15118]|listeners:[], old=null}
2024-10-28 08:12:11,459 [omNode-3@group-523986131536-SegmentedRaftLogWorker] INFO  segmented.SegmentedRaftLogWorker (SegmentedRaftLogWorker.java:execute(598)) - omNode-3@group-523986131536-SegmentedRaftLogWorker: Rolled log segment from /home/runner/work/ozone/ozone/hadoop-ozone/integration-test/target/test-dir/MiniOzoneClusterImpl-0da7ab08-e378-40bf-aed1-312ccc1152ed/omNode-3/ratis/c9bc4cf4-3bc3-3c60-a66b-523986131536/current/log_inprogress_15 to /home/runner/work/ozone/ozone/hadoop-ozone/integration-test/target/test-dir/MiniOzoneClusterImpl-0da7ab08-e378-40bf-aed1-312ccc1152ed/omNode-3/ratis/c9bc4cf4-3bc3-3c60-a66b-523986131536/current/log_15-17
2024-10-28 08:12:11,460 [omNode-3@group-523986131536-SegmentedRaftLogWorker] INFO  segmented.BufferedWriteChannel (BufferedWriteChannel.java:open(61)) - open log_inprogress_18 at position 0
2024-10-28 08:12:11,460 [omNode-2-server-thread1] INFO  ratis.OzoneManagerStateMachine (OzoneManagerStateMachine.java:notifyLeaderChanged(164)) - omNode-2@group-523986131536: leader changed to omNode-3
2024-10-28 08:12:11,460 [omNode-2-server-thread1] INFO  server.RaftServer$Division (ServerState.java:setLeader(272)) - omNode-2@group-523986131536: change Leader from null to omNode-3 at term 4 for appendEntries, leader elected after 9ms
2024-10-28 08:12:11,461 [omNode-2-server-thread2] INFO  server.RaftServer$Division (ServerState.java:setRaftConf(386)) - omNode-2@group-523986131536: set configuration conf: {index: 18, cur=peers:[omNode-3|localhost:15122, omNode-1|localhost:15114, omNode-2|localhost:15118]|listeners:[], old=null}
2024-10-28 08:12:11,461 [omNode-1-server-thread1] INFO  ratis.OzoneManagerStateMachine (OzoneManagerStateMachine.java:notifyLeaderChanged(164)) - omNode-1@group-523986131536: leader changed to omNode-3
2024-10-28 08:12:11,461 [omNode-2-server-thread2] INFO  segmented.SegmentedRaftLogWorker (SegmentedRaftLogWorker.java:rollLogSegment(442)) - omNode-2@group-523986131536-SegmentedRaftLogWorker: Rolling segment log-15_17 to index:17
2024-10-28 08:12:11,462 [omNode-2@group-523986131536-SegmentedRaftLogWorker] INFO  segmented.SegmentedRaftLogWorker (SegmentedRaftLogWorker.java:execute(598)) - omNode-2@group-523986131536-SegmentedRaftLogWorker: Rolled log segment from /home/runner/work/ozone/ozone/hadoop-ozone/integration-test/target/test-dir/MiniOzoneClusterImpl-0da7ab08-e378-40bf-aed1-312ccc1152ed/omNode-2/ratis/c9bc4cf4-3bc3-3c60-a66b-523986131536/current/log_inprogress_15 to /home/runner/work/ozone/ozone/hadoop-ozone/integration-test/target/test-dir/MiniOzoneClusterImpl-0da7ab08-e378-40bf-aed1-312ccc1152ed/omNode-2/ratis/c9bc4cf4-3bc3-3c60-a66b-523986131536/current/log_15-17
2024-10-28 08:12:11,462 [omNode-2@group-523986131536-SegmentedRaftLogWorker] INFO  segmented.BufferedWriteChannel (BufferedWriteChannel.java:open(61)) - open log_inprogress_18 at position 0
2024-10-28 08:12:11,461 [omNode-1-server-thread1] INFO  server.RaftServer$Division (ServerState.java:setLeader(272)) - omNode-1@group-523986131536: change Leader from null to omNode-3 at term 4 for appendEntries, leader elected after 2212ms
2024-10-28 08:12:11,468 [omNode-1-server-thread2] INFO  server.RaftServer$Division (ServerState.java:setRaftConf(386)) - omNode-1@group-523986131536: set configuration conf: {index: 18, cur=peers:[omNode-3|localhost:15122, omNode-1|localhost:15114, omNode-2|localhost:15118]|listeners:[], old=null}
2024-10-28 08:12:11,468 [omNode-1-server-thread2] INFO  segmented.SegmentedRaftLogWorker (SegmentedRaftLogWorker.java:rollLogSegment(442)) - omNode-1@group-523986131536-SegmentedRaftLogWorker: Rolling segment log-15_17 to index:17
2024-10-28 08:12:11,469 [omNode-1@group-523986131536-SegmentedRaftLogWorker] INFO  segmented.SegmentedRaftLogWorker (SegmentedRaftLogWorker.java:execute(598)) - omNode-1@group-523986131536-SegmentedRaftLogWorker: Rolled log segment from /home/runner/work/ozone/ozone/hadoop-ozone/integration-test/target/test-dir/MiniOzoneClusterImpl-0da7ab08-e378-40bf-aed1-312ccc1152ed/omNode-1/ratis/c9bc4cf4-3bc3-3c60-a66b-523986131536/current/log_inprogress_15 to /home/runner/work/ozone/ozone/hadoop-ozone/integration-test/target/test-dir/MiniOzoneClusterImpl-0da7ab08-e378-40bf-aed1-312ccc1152ed/omNode-1/ratis/c9bc4cf4-3bc3-3c60-a66b-523986131536/current/log_15-17
2024-10-28 08:12:11,469 [omNode-1@group-523986131536-SegmentedRaftLogWorker] INFO  segmented.BufferedWriteChannel (BufferedWriteChannel.java:open(61)) - open log_inprogress_18 at position 0
2024-10-28 08:12:11,475 [omNode-3@group-523986131536-SegmentedRaftLogWorker] INFO  segmented.SegmentedRaftLogWorker (SegmentedRaftLogWorker.java:execute(641)) - omNode-3@group-523986131536-SegmentedRaftLogWorker: created new log segment /home/runner/work/ozone/ozone/hadoop-ozone/integration-test/target/test-dir/MiniOzoneClusterImpl-0da7ab08-e378-40bf-aed1-312ccc1152ed/omNode-3/ratis/c9bc4cf4-3bc3-3c60-a66b-523986131536/current/log_inprogress_18
2024-10-28 08:12:11,477 [omNode-2@group-523986131536-SegmentedRaftLogWorker] INFO  segmented.SegmentedRaftLogWorker (SegmentedRaftLogWorker.java:execute(641)) - omNode-2@group-523986131536-SegmentedRaftLogWorker: created new log segment /home/runner/work/ozone/ozone/hadoop-ozone/integration-test/target/test-dir/MiniOzoneClusterImpl-0da7ab08-e378-40bf-aed1-312ccc1152ed/omNode-2/ratis/c9bc4cf4-3bc3-3c60-a66b-523986131536/current/log_inprogress_18
2024-10-28 08:12:11,479 [omNode-1@group-523986131536-SegmentedRaftLogWorker] INFO  segmented.SegmentedRaftLogWorker (SegmentedRaftLogWorker.java:execute(641)) - omNode-1@group-523986131536-SegmentedRaftLogWorker: created new log segment /home/runner/work/ozone/ozone/hadoop-ozone/integration-test/target/test-dir/MiniOzoneClusterImpl-0da7ab08-e378-40bf-aed1-312ccc1152ed/omNode-1/ratis/c9bc4cf4-3bc3-3c60-a66b-523986131536/current/log_inprogress_18
2024-10-28 08:12:11,482 [omNode-3@group-523986131536-StateMachineUpdater] INFO  ratis.OzoneManagerStateMachine (OzoneManagerStateMachine.java:notifyConfigurationChanged(218)) - Received Configuration change notification from Ratis. New Peer list:
[id: "omNode-3"
address: "localhost:15122"
startupRole: FOLLOWER
, id: "omNode-1"
address: "localhost:15114"
startupRole: FOLLOWER
, id: "omNode-2"
address: "localhost:15118"
startupRole: FOLLOWER
]
2024-10-28 08:12:11,482 [omNode-2@group-523986131536-StateMachineUpdater] INFO  ratis.OzoneManagerStateMachine (OzoneManagerStateMachine.java:notifyConfigurationChanged(218)) - Received Configuration change notification from Ratis. New Peer list:
[id: "omNode-3"
address: "localhost:15122"
startupRole: FOLLOWER
, id: "omNode-1"
address: "localhost:15114"
startupRole: FOLLOWER
, id: "omNode-2"
address: "localhost:15118"
startupRole: FOLLOWER
]
2024-10-28 08:12:11,483 [omNode-1@group-523986131536-StateMachineUpdater] INFO  ratis.OzoneManagerStateMachine (OzoneManagerStateMachine.java:notifyConfigurationChanged(218)) - Received Configuration change notification from Ratis. New Peer list:
[id: "omNode-3"
address: "localhost:15122"
startupRole: FOLLOWER
, id: "omNode-1"
address: "localhost:15114"
startupRole: FOLLOWER
, id: "omNode-2"
address: "localhost:15118"
startupRole: FOLLOWER
]
2024-10-28 08:12:11,483 [omNode-3@group-523986131536-StateMachineUpdater] INFO  ratis.OzoneManagerStateMachine (OzoneManagerStateMachine.java:notifyConfigurationChanged(218)) - Received Configuration change notification from Ratis. New Peer list:
[id: "omNode-3"
address: "localhost:15122"
startupRole: FOLLOWER
, id: "omNode-1"
address: "localhost:15114"
startupRole: FOLLOWER
, id: "omNode-2"
address: "localhost:15118"
startupRole: FOLLOWER
]
2024-10-28 08:12:11,483 [omNode-3@group-523986131536-StateMachineUpdater] INFO  server.RaftServer$Division (LeaderStateImpl.java:checkStartIndex(316)) - Leader omNode-3@group-523986131536-LeaderStateImpl is ready since appliedIndex == startIndex == 18
2024-10-28 08:12:11,484 [omNode-1@group-523986131536-StateMachineUpdater] INFO  ratis.OzoneManagerStateMachine (OzoneManagerStateMachine.java:notifyConfigurationChanged(218)) - Received Configuration change notification from Ratis. New Peer list:
[id: "omNode-3"
address: "localhost:15122"
startupRole: FOLLOWER
, id: "omNode-1"
address: "localhost:15114"
startupRole: FOLLOWER
, id: "omNode-2"
address: "localhost:15118"
startupRole: FOLLOWER
]
2024-10-28 08:12:11,484 [omNode-2@group-523986131536-StateMachineUpdater] INFO  ratis.OzoneManagerStateMachine (OzoneManagerStateMachine.java:notifyConfigurationChanged(218)) - Received Configuration change notification from Ratis. New Peer list:
[id: "omNode-3"
address: "localhost:15122"
startupRole: FOLLOWER
, id: "omNode-1"
address: "localhost:15114"
startupRole: FOLLOWER
, id: "omNode-2"
address: "localhost:15118"
startupRole: FOLLOWER
]
2024-10-28 08:12:14,286 [5164dc07-7390-4e62-85ea-fa0d5359a577@group-2EAE137D939C-FollowerState] INFO  impl.FollowerState (FollowerState.java:lostMajorityHeartbeatsRecently(109)) - 5164dc07-7390-4e62-85ea-fa0d5359a577@group-2EAE137D939C-FollowerState: Skipping leader election since it stepped down recently (elapsed = 5038ms < waitTime = 10s)
2024-10-28 08:12:14,350 [0506bfaa-e0bf-41a1-ae8b-a3d5b458913d@group-7E49E578F942-FollowerState] INFO  impl.FollowerState (FollowerState.java:lostMajorityHeartbeatsRecently(109)) - 0506bfaa-e0bf-41a1-ae8b-a3d5b458913d@group-7E49E578F942-FollowerState: Skipping leader election since it stepped down recently (elapsed = 5098ms < waitTime = 10s)
2024-10-28 08:12:14,509 [5164dc07-7390-4e62-85ea-fa0d5359a577@group-7E49E578F942-FollowerState] INFO  impl.FollowerState (FollowerState.java:run(144)) - 5164dc07-7390-4e62-85ea-fa0d5359a577@group-7E49E578F942-FollowerState: change to CANDIDATE, lastRpcElapsedTime:5193971404ns, electionTimeout:5192ms
2024-10-28 08:12:14,509 [5164dc07-7390-4e62-85ea-fa0d5359a577@group-7E49E578F942-FollowerState] INFO  impl.RoleInfo (RoleInfo.java:shutdownFollowerState(119)) - 5164dc07-7390-4e62-85ea-fa0d5359a577: shutdown 5164dc07-7390-4e62-85ea-fa0d5359a577@group-7E49E578F942-FollowerState
2024-10-28 08:12:14,509 [5164dc07-7390-4e62-85ea-fa0d5359a577@group-7E49E578F942-FollowerState] INFO  server.RaftServer$Division (RaftServerImpl.java:setRole(377)) - 5164dc07-7390-4e62-85ea-fa0d5359a577@group-7E49E578F942: changes role from  FOLLOWER to CANDIDATE at term 1 for changeToCandidate
2024-10-28 08:12:14,510 [5164dc07-7390-4e62-85ea-fa0d5359a577@group-7E49E578F942-FollowerState] INFO  server.RaftServerConfigKeys (ConfUtils.java:logGet(46)) - raft.server.leaderelection.pre-vote = true (default)
2024-10-28 08:12:14,510 [5164dc07-7390-4e62-85ea-fa0d5359a577@group-7E49E578F942-FollowerState] INFO  impl.RoleInfo (RoleInfo.java:updateAndGet(148)) - 5164dc07-7390-4e62-85ea-fa0d5359a577: start 5164dc07-7390-4e62-85ea-fa0d5359a577@group-7E49E578F942-LeaderElection26
2024-10-28 08:12:14,510 [5164dc07-7390-4e62-85ea-fa0d5359a577@group-7E49E578F942-LeaderElection26] INFO  server.RaftServer$Division (ServerState.java:setLeader(272)) - 5164dc07-7390-4e62-85ea-fa0d5359a577@group-7E49E578F942: change Leader from 0506bfaa-e0bf-41a1-ae8b-a3d5b458913d to null at term 1 for PRE_VOTE
2024-10-28 08:12:14,510 [5164dc07-7390-4e62-85ea-fa0d5359a577@group-7E49E578F942-LeaderElection26] INFO  impl.LeaderElection (LeaderElection.java:askForVotes(325)) - 5164dc07-7390-4e62-85ea-fa0d5359a577@group-7E49E578F942-LeaderElection26 PRE_VOTE round 0: submit vote requests at term 1 for conf: {index: 0, cur=peers:[5164dc07-7390-4e62-85ea-fa0d5359a577|127.0.0.1:15145, 2dd66384-ce76-40f1-abb4-2732924b3f06|127.0.0.1:15136, 0506bfaa-e0bf-41a1-ae8b-a3d5b458913d|127.0.0.1:15127]|listeners:[], old=null}
2024-10-28 08:12:14,511 [grpc-default-executor-10] INFO  server.RaftServer$Division (RaftServerImpl.java:requestVote(1394)) - 2dd66384-ce76-40f1-abb4-2732924b3f06@group-7E49E578F942: receive requestVote(PRE_VOTE, 5164dc07-7390-4e62-85ea-fa0d5359a577, group-7E49E578F942, 1, (t:1, i:0))
2024-10-28 08:12:14,511 [grpc-default-executor-7] INFO  server.RaftServer$Division (RaftServerImpl.java:requestVote(1394)) - 0506bfaa-e0bf-41a1-ae8b-a3d5b458913d@group-7E49E578F942: receive requestVote(PRE_VOTE, 5164dc07-7390-4e62-85ea-fa0d5359a577, group-7E49E578F942, 1, (t:1, i:0))
2024-10-28 08:12:14,512 [grpc-default-executor-7] INFO  impl.VoteContext (VoteContext.java:log(49)) - 0506bfaa-e0bf-41a1-ae8b-a3d5b458913d@group-7E49E578F942-FOLLOWER: reject PRE_VOTE from 5164dc07-7390-4e62-85ea-fa0d5359a577: our priority 1 > candidate's priority 0
2024-10-28 08:12:14,512 [grpc-default-executor-10] INFO  impl.VoteContext (VoteContext.java:log(49)) - 2dd66384-ce76-40f1-abb4-2732924b3f06@group-7E49E578F942-FOLLOWER: accept PRE_VOTE from 5164dc07-7390-4e62-85ea-fa0d5359a577: our priority 0 <= candidate's priority 0
2024-10-28 08:12:14,512 [grpc-default-executor-10] INFO  server.RaftServer$Division (RaftServerImpl.java:requestVote(1427)) - 2dd66384-ce76-40f1-abb4-2732924b3f06@group-7E49E578F942 replies to PRE_VOTE vote request: 5164dc07-7390-4e62-85ea-fa0d5359a577<-2dd66384-ce76-40f1-abb4-2732924b3f06#0:OK-t1. Peer's state: 2dd66384-ce76-40f1-abb4-2732924b3f06@group-7E49E578F942:t1, leader=0506bfaa-e0bf-41a1-ae8b-a3d5b458913d, voted=0506bfaa-e0bf-41a1-ae8b-a3d5b458913d, raftlog=Memoized:2dd66384-ce76-40f1-abb4-2732924b3f06@group-7E49E578F942-SegmentedRaftLog:OPENED:c0:last(t:1, i:0), conf=conf: {index: 0, cur=peers:[5164dc07-7390-4e62-85ea-fa0d5359a577|127.0.0.1:15145, 2dd66384-ce76-40f1-abb4-2732924b3f06|127.0.0.1:15136, 0506bfaa-e0bf-41a1-ae8b-a3d5b458913d|127.0.0.1:15127]|listeners:[], old=null}
2024-10-28 08:12:14,512 [grpc-default-executor-7] INFO  server.RaftServer$Division (RaftServerImpl.java:requestVote(1427)) - 0506bfaa-e0bf-41a1-ae8b-a3d5b458913d@group-7E49E578F942 replies to PRE_VOTE vote request: 5164dc07-7390-4e62-85ea-fa0d5359a577<-0506bfaa-e0bf-41a1-ae8b-a3d5b458913d#0:FAIL-t1. Peer's state: 0506bfaa-e0bf-41a1-ae8b-a3d5b458913d@group-7E49E578F942:t1, leader=null, voted=0506bfaa-e0bf-41a1-ae8b-a3d5b458913d, raftlog=Memoized:0506bfaa-e0bf-41a1-ae8b-a3d5b458913d@group-7E49E578F942-SegmentedRaftLog:OPENED:c0:last(t:1, i:0), conf=conf: {index: 0, cur=peers:[5164dc07-7390-4e62-85ea-fa0d5359a577|127.0.0.1:15145, 2dd66384-ce76-40f1-abb4-2732924b3f06|127.0.0.1:15136, 0506bfaa-e0bf-41a1-ae8b-a3d5b458913d|127.0.0.1:15127]|listeners:[], old=null}
2024-10-28 08:12:14,513 [5164dc07-7390-4e62-85ea-fa0d5359a577@group-7E49E578F942-LeaderElection26] INFO  impl.LeaderElection (LeaderElection.java:logAndReturn(89)) - 5164dc07-7390-4e62-85ea-fa0d5359a577@group-7E49E578F942-LeaderElection26: PRE_VOTE REJECTED received 1 response(s) and 0 exception(s):
2024-10-28 08:12:14,513 [5164dc07-7390-4e62-85ea-fa0d5359a577@group-7E49E578F942-LeaderElection26] INFO  impl.LeaderElection (LeaderElection.java:logAndReturn(93)) -   Response 0: 5164dc07-7390-4e62-85ea-fa0d5359a577<-0506bfaa-e0bf-41a1-ae8b-a3d5b458913d#0:FAIL-t1
2024-10-28 08:12:14,513 [5164dc07-7390-4e62-85ea-fa0d5359a577@group-7E49E578F942-LeaderElection26] INFO  impl.LeaderElection (LeaderElection.java:askForVotes(327)) - 5164dc07-7390-4e62-85ea-fa0d5359a577@group-7E49E578F942-LeaderElection26 PRE_VOTE round 0: result REJECTED
2024-10-28 08:12:14,513 [5164dc07-7390-4e62-85ea-fa0d5359a577@group-7E49E578F942-LeaderElection26] INFO  server.RaftServer$Division (RaftServerImpl.java:setRole(377)) - 5164dc07-7390-4e62-85ea-fa0d5359a577@group-7E49E578F942: changes role from CANDIDATE to FOLLOWER at term 1 for REJECTED
2024-10-28 08:12:14,513 [5164dc07-7390-4e62-85ea-fa0d5359a577@group-7E49E578F942-LeaderElection26] INFO  impl.RoleInfo (RoleInfo.java:shutdownLeaderElection(139)) - 5164dc07-7390-4e62-85ea-fa0d5359a577: shutdown 5164dc07-7390-4e62-85ea-fa0d5359a577@group-7E49E578F942-LeaderElection26
2024-10-28 08:12:14,513 [5164dc07-7390-4e62-85ea-fa0d5359a577@group-7E49E578F942-LeaderElection26] INFO  impl.RoleInfo (RoleInfo.java:updateAndGet(148)) - 5164dc07-7390-4e62-85ea-fa0d5359a577: start 5164dc07-7390-4e62-85ea-fa0d5359a577@group-7E49E578F942-FollowerState
2024-10-28 08:12:16,099 [omNode-2-server-thread1] INFO  server.RaftServer$Division (RaftServerImpl.java:setConfigurationAsync(1283)) - omNode-2@group-523986131536: receive setConfiguration SetConfigurationRequest:client-5A614BF4666C->omNode-2@group-523986131536, cid=24, seq=null, RW, null, SET_UNCONDITIONALLY, servers:[omNode-3|localhost:15122, omNode-1|localhost:15114, omNode-2|localhost:15118], listeners:[]
2024-10-28 08:12:19,364 [0506bfaa-e0bf-41a1-ae8b-a3d5b458913d@group-7E49E578F942-FollowerState] INFO  impl.FollowerState (FollowerState.java:run(144)) - 0506bfaa-e0bf-41a1-ae8b-a3d5b458913d@group-7E49E578F942-FollowerState: change to CANDIDATE, lastRpcElapsedTime:10112516474ns, electionTimeout:5014ms
2024-10-28 08:12:19,364 [0506bfaa-e0bf-41a1-ae8b-a3d5b458913d@group-7E49E578F942-FollowerState] INFO  impl.RoleInfo (RoleInfo.java:shutdownFollowerState(119)) - 0506bfaa-e0bf-41a1-ae8b-a3d5b458913d: shutdown 0506bfaa-e0bf-41a1-ae8b-a3d5b458913d@group-7E49E578F942-FollowerState
2024-10-28 08:12:19,364 [0506bfaa-e0bf-41a1-ae8b-a3d5b458913d@group-7E49E578F942-FollowerState] INFO  server.RaftServer$Division (RaftServerImpl.java:setRole(377)) - 0506bfaa-e0bf-41a1-ae8b-a3d5b458913d@group-7E49E578F942: changes role from  FOLLOWER to CANDIDATE at term 1 for changeToCandidate
2024-10-28 08:12:19,364 [0506bfaa-e0bf-41a1-ae8b-a3d5b458913d@group-7E49E578F942-FollowerState] INFO  server.RaftServerConfigKeys (ConfUtils.java:logGet(46)) - raft.server.leaderelection.pre-vote = true (default)
2024-10-28 08:12:19,364 [0506bfaa-e0bf-41a1-ae8b-a3d5b458913d@group-7E49E578F942-FollowerState] INFO  impl.RoleInfo (RoleInfo.java:updateAndGet(148)) - 0506bfaa-e0bf-41a1-ae8b-a3d5b458913d: start 0506bfaa-e0bf-41a1-ae8b-a3d5b458913d@group-7E49E578F942-LeaderElection27
2024-10-28 08:12:19,364 [0506bfaa-e0bf-41a1-ae8b-a3d5b458913d@group-7E49E578F942-LeaderElection27] INFO  impl.LeaderElection (LeaderElection.java:askForVotes(325)) - 0506bfaa-e0bf-41a1-ae8b-a3d5b458913d@group-7E49E578F942-LeaderElection27 PRE_VOTE round 0: submit vote requests at term 1 for conf: {index: 0, cur=peers:[5164dc07-7390-4e62-85ea-fa0d5359a577|127.0.0.1:15145, 2dd66384-ce76-40f1-abb4-2732924b3f06|127.0.0.1:15136, 0506bfaa-e0bf-41a1-ae8b-a3d5b458913d|127.0.0.1:15127]|listeners:[], old=null}
2024-10-28 08:12:19,366 [grpc-default-executor-10] INFO  server.RaftServer$Division (RaftServerImpl.java:requestVote(1394)) - 5164dc07-7390-4e62-85ea-fa0d5359a577@group-7E49E578F942: receive requestVote(PRE_VOTE, 0506bfaa-e0bf-41a1-ae8b-a3d5b458913d, group-7E49E578F942, 1, (t:1, i:0))
2024-10-28 08:12:19,366 [grpc-default-executor-7] INFO  server.RaftServer$Division (RaftServerImpl.java:requestVote(1394)) - 2dd66384-ce76-40f1-abb4-2732924b3f06@group-7E49E578F942: receive requestVote(PRE_VOTE, 0506bfaa-e0bf-41a1-ae8b-a3d5b458913d, group-7E49E578F942, 1, (t:1, i:0))
2024-10-28 08:12:19,366 [grpc-default-executor-7] INFO  impl.VoteContext (VoteContext.java:log(49)) - 2dd66384-ce76-40f1-abb4-2732924b3f06@group-7E49E578F942-FOLLOWER: accept PRE_VOTE from 0506bfaa-e0bf-41a1-ae8b-a3d5b458913d: our priority 0 <= candidate's priority 1
2024-10-28 08:12:19,366 [grpc-default-executor-7] INFO  server.RaftServer$Division (RaftServerImpl.java:requestVote(1427)) - 2dd66384-ce76-40f1-abb4-2732924b3f06@group-7E49E578F942 replies to PRE_VOTE vote request: 0506bfaa-e0bf-41a1-ae8b-a3d5b458913d<-2dd66384-ce76-40f1-abb4-2732924b3f06#0:OK-t1. Peer's state: 2dd66384-ce76-40f1-abb4-2732924b3f06@group-7E49E578F942:t1, leader=0506bfaa-e0bf-41a1-ae8b-a3d5b458913d, voted=0506bfaa-e0bf-41a1-ae8b-a3d5b458913d, raftlog=Memoized:2dd66384-ce76-40f1-abb4-2732924b3f06@group-7E49E578F942-SegmentedRaftLog:OPENED:c0:last(t:1, i:0), conf=conf: {index: 0, cur=peers:[5164dc07-7390-4e62-85ea-fa0d5359a577|127.0.0.1:15145, 2dd66384-ce76-40f1-abb4-2732924b3f06|127.0.0.1:15136, 0506bfaa-e0bf-41a1-ae8b-a3d5b458913d|127.0.0.1:15127]|listeners:[], old=null}
2024-10-28 08:12:19,366 [grpc-default-executor-10] INFO  impl.VoteContext (VoteContext.java:log(49)) - 5164dc07-7390-4e62-85ea-fa0d5359a577@group-7E49E578F942-FOLLOWER: accept PRE_VOTE from 0506bfaa-e0bf-41a1-ae8b-a3d5b458913d: our priority 0 <= candidate's priority 1
2024-10-28 08:12:19,366 [grpc-default-executor-10] INFO  server.RaftServer$Division (RaftServerImpl.java:requestVote(1427)) - 5164dc07-7390-4e62-85ea-fa0d5359a577@group-7E49E578F942 replies to PRE_VOTE vote request: 0506bfaa-e0bf-41a1-ae8b-a3d5b458913d<-5164dc07-7390-4e62-85ea-fa0d5359a577#0:OK-t1. Peer's state: 5164dc07-7390-4e62-85ea-fa0d5359a577@group-7E49E578F942:t1, leader=null, voted=0506bfaa-e0bf-41a1-ae8b-a3d5b458913d, raftlog=Memoized:5164dc07-7390-4e62-85ea-fa0d5359a577@group-7E49E578F942-SegmentedRaftLog:OPENED:c0:last(t:1, i:0), conf=conf: {index: 0, cur=peers:[5164dc07-7390-4e62-85ea-fa0d5359a577|127.0.0.1:15145, 2dd66384-ce76-40f1-abb4-2732924b3f06|127.0.0.1:15136, 0506bfaa-e0bf-41a1-ae8b-a3d5b458913d|127.0.0.1:15127]|listeners:[], old=null}
2024-10-28 08:12:19,367 [0506bfaa-e0bf-41a1-ae8b-a3d5b458913d@group-7E49E578F942-LeaderElection27] INFO  impl.LeaderElection (LeaderElection.java:logAndReturn(89)) - 0506bfaa-e0bf-41a1-ae8b-a3d5b458913d@group-7E49E578F942-LeaderElection27: PRE_VOTE PASSED received 1 response(s) and 0 exception(s):
2024-10-28 08:12:19,367 [0506bfaa-e0bf-41a1-ae8b-a3d5b458913d@group-7E49E578F942-LeaderElection27] INFO  impl.LeaderElection (LeaderElection.java:logAndReturn(93)) -   Response 0: 0506bfaa-e0bf-41a1-ae8b-a3d5b458913d<-5164dc07-7390-4e62-85ea-fa0d5359a577#0:OK-t1
2024-10-28 08:12:19,367 [0506bfaa-e0bf-41a1-ae8b-a3d5b458913d@group-7E49E578F942-LeaderElection27] INFO  impl.LeaderElection (LeaderElection.java:askForVotes(327)) - 0506bfaa-e0bf-41a1-ae8b-a3d5b458913d@group-7E49E578F942-LeaderElection27 PRE_VOTE round 0: result PASSED
2024-10-28 08:12:19,368 [0506bfaa-e0bf-41a1-ae8b-a3d5b458913d@group-7E49E578F942-LeaderElection27] INFO  impl.LeaderElection (LeaderElection.java:askForVotes(325)) - 0506bfaa-e0bf-41a1-ae8b-a3d5b458913d@group-7E49E578F942-LeaderElection27 ELECTION round 0: submit vote requests at term 2 for conf: {index: 0, cur=peers:[5164dc07-7390-4e62-85ea-fa0d5359a577|127.0.0.1:15145, 2dd66384-ce76-40f1-abb4-2732924b3f06|127.0.0.1:15136, 0506bfaa-e0bf-41a1-ae8b-a3d5b458913d|127.0.0.1:15127]|listeners:[], old=null}
2024-10-28 08:12:19,369 [grpc-default-executor-10] INFO  server.RaftServer$Division (RaftServerImpl.java:requestVote(1394)) - 5164dc07-7390-4e62-85ea-fa0d5359a577@group-7E49E578F942: receive requestVote(ELECTION, 0506bfaa-e0bf-41a1-ae8b-a3d5b458913d, group-7E49E578F942, 2, (t:1, i:0))
2024-10-28 08:12:19,369 [grpc-default-executor-10] INFO  impl.VoteContext (VoteContext.java:log(49)) - 5164dc07-7390-4e62-85ea-fa0d5359a577@group-7E49E578F942-FOLLOWER: accept ELECTION from 0506bfaa-e0bf-41a1-ae8b-a3d5b458913d: our priority 0 <= candidate's priority 1
2024-10-28 08:12:19,369 [grpc-default-executor-10] INFO  server.RaftServer$Division (RaftServerImpl.java:setRole(377)) - 5164dc07-7390-4e62-85ea-fa0d5359a577@group-7E49E578F942: changes role from  FOLLOWER to FOLLOWER at term 1 for candidate:0506bfaa-e0bf-41a1-ae8b-a3d5b458913d
2024-10-28 08:12:19,369 [grpc-default-executor-10] INFO  impl.RoleInfo (RoleInfo.java:shutdownFollowerState(119)) - 5164dc07-7390-4e62-85ea-fa0d5359a577: shutdown 5164dc07-7390-4e62-85ea-fa0d5359a577@group-7E49E578F942-FollowerState
2024-10-28 08:12:19,369 [5164dc07-7390-4e62-85ea-fa0d5359a577@group-7E49E578F942-FollowerState] INFO  impl.FollowerState (FollowerState.java:run(153)) - 5164dc07-7390-4e62-85ea-fa0d5359a577@group-7E49E578F942-FollowerState was interrupted
2024-10-28 08:12:19,369 [grpc-default-executor-10] INFO  impl.RoleInfo (RoleInfo.java:updateAndGet(148)) - 5164dc07-7390-4e62-85ea-fa0d5359a577: start 5164dc07-7390-4e62-85ea-fa0d5359a577@group-7E49E578F942-FollowerState
2024-10-28 08:12:19,370 [grpc-default-executor-3] INFO  server.RaftServer$Division (RaftServerImpl.java:requestVote(1394)) - 2dd66384-ce76-40f1-abb4-2732924b3f06@group-7E49E578F942: receive requestVote(ELECTION, 0506bfaa-e0bf-41a1-ae8b-a3d5b458913d, group-7E49E578F942, 2, (t:1, i:0))
2024-10-28 08:12:19,370 [grpc-default-executor-3] INFO  impl.VoteContext (VoteContext.java:log(49)) - 2dd66384-ce76-40f1-abb4-2732924b3f06@group-7E49E578F942-FOLLOWER: accept ELECTION from 0506bfaa-e0bf-41a1-ae8b-a3d5b458913d: our priority 0 <= candidate's priority 1
2024-10-28 08:12:19,370 [grpc-default-executor-3] INFO  server.RaftServer$Division (RaftServerImpl.java:setRole(377)) - 2dd66384-ce76-40f1-abb4-2732924b3f06@group-7E49E578F942: changes role from  FOLLOWER to FOLLOWER at term 1 for candidate:0506bfaa-e0bf-41a1-ae8b-a3d5b458913d
2024-10-28 08:12:19,370 [grpc-default-executor-3] INFO  impl.RoleInfo (RoleInfo.java:shutdownFollowerState(119)) - 2dd66384-ce76-40f1-abb4-2732924b3f06: shutdown 2dd66384-ce76-40f1-abb4-2732924b3f06@group-7E49E578F942-FollowerState
2024-10-28 08:12:19,370 [grpc-default-executor-3] INFO  server.RaftServer$Division (ServerState.java:setLeader(272)) - 2dd66384-ce76-40f1-abb4-2732924b3f06@group-7E49E578F942: change Leader from 0506bfaa-e0bf-41a1-ae8b-a3d5b458913d to null at term 2 for updateCurrentTerm
2024-10-28 08:12:19,370 [2dd66384-ce76-40f1-abb4-2732924b3f06@group-7E49E578F942-FollowerState] INFO  impl.FollowerState (FollowerState.java:run(153)) - 2dd66384-ce76-40f1-abb4-2732924b3f06@group-7E49E578F942-FollowerState was interrupted
2024-10-28 08:12:19,370 [grpc-default-executor-3] INFO  impl.RoleInfo (RoleInfo.java:updateAndGet(148)) - 2dd66384-ce76-40f1-abb4-2732924b3f06: start 2dd66384-ce76-40f1-abb4-2732924b3f06@group-7E49E578F942-FollowerState
2024-10-28 08:12:19,371 [grpc-default-executor-10] INFO  server.RaftServer$Division (RaftServerImpl.java:requestVote(1427)) - 5164dc07-7390-4e62-85ea-fa0d5359a577@group-7E49E578F942 replies to ELECTION vote request: 0506bfaa-e0bf-41a1-ae8b-a3d5b458913d<-5164dc07-7390-4e62-85ea-fa0d5359a577#0:OK-t2. Peer's state: 5164dc07-7390-4e62-85ea-fa0d5359a577@group-7E49E578F942:t2, leader=null, voted=0506bfaa-e0bf-41a1-ae8b-a3d5b458913d, raftlog=Memoized:5164dc07-7390-4e62-85ea-fa0d5359a577@group-7E49E578F942-SegmentedRaftLog:OPENED:c0:last(t:1, i:0), conf=conf: {index: 0, cur=peers:[5164dc07-7390-4e62-85ea-fa0d5359a577|127.0.0.1:15145, 2dd66384-ce76-40f1-abb4-2732924b3f06|127.0.0.1:15136, 0506bfaa-e0bf-41a1-ae8b-a3d5b458913d|127.0.0.1:15127]|listeners:[], old=null}
2024-10-28 08:12:19,372 [0506bfaa-e0bf-41a1-ae8b-a3d5b458913d@group-7E49E578F942-LeaderElection27] INFO  impl.LeaderElection (LeaderElection.java:logAndReturn(89)) - 0506bfaa-e0bf-41a1-ae8b-a3d5b458913d@group-7E49E578F942-LeaderElection27: ELECTION PASSED received 1 response(s) and 0 exception(s):
2024-10-28 08:12:19,372 [0506bfaa-e0bf-41a1-ae8b-a3d5b458913d@group-7E49E578F942-LeaderElection27] INFO  impl.LeaderElection (LeaderElection.java:logAndReturn(93)) -   Response 0: 0506bfaa-e0bf-41a1-ae8b-a3d5b458913d<-5164dc07-7390-4e62-85ea-fa0d5359a577#0:OK-t2
2024-10-28 08:12:19,372 [0506bfaa-e0bf-41a1-ae8b-a3d5b458913d@group-7E49E578F942-LeaderElection27] INFO  impl.LeaderElection (LeaderElection.java:askForVotes(327)) - 0506bfaa-e0bf-41a1-ae8b-a3d5b458913d@group-7E49E578F942-LeaderElection27 ELECTION round 0: result PASSED
2024-10-28 08:12:19,372 [0506bfaa-e0bf-41a1-ae8b-a3d5b458913d@group-7E49E578F942-LeaderElection27] INFO  impl.RoleInfo (RoleInfo.java:shutdownLeaderElection(139)) - 0506bfaa-e0bf-41a1-ae8b-a3d5b458913d: shutdown 0506bfaa-e0bf-41a1-ae8b-a3d5b458913d@group-7E49E578F942-LeaderElection27
2024-10-28 08:12:19,372 [0506bfaa-e0bf-41a1-ae8b-a3d5b458913d@group-7E49E578F942-LeaderElection27] INFO  server.RaftServer$Division (RaftServerImpl.java:setRole(377)) - 0506bfaa-e0bf-41a1-ae8b-a3d5b458913d@group-7E49E578F942: changes role from CANDIDATE to LEADER at term 2 for changeToLeader
2024-10-28 08:12:19,372 [0506bfaa-e0bf-41a1-ae8b-a3d5b458913d@group-7E49E578F942-LeaderElection27] INFO  server.RaftServerConfigKeys (ConfUtils.java:logGet(46)) - raft.server.staging.catchup.gap = 1000 (default)
2024-10-28 08:12:19,372 [0506bfaa-e0bf-41a1-ae8b-a3d5b458913d@group-7E49E578F942-LeaderElection27] INFO  server.RaftServerConfigKeys (ConfUtils.java:logGet(46)) - raft.server.write.element-limit = 1024 (custom)
2024-10-28 08:12:19,372 [0506bfaa-e0bf-41a1-ae8b-a3d5b458913d@group-7E49E578F942-LeaderElection27] INFO  server.RaftServerConfigKeys (ConfUtils.java:logGet(46)) - raft.server.write.byte-limit = 1024 M (=1073741824) (custom)
2024-10-28 08:12:19,373 [0506bfaa-e0bf-41a1-ae8b-a3d5b458913d@group-7E49E578F942-LeaderElection27] INFO  server.RaftServerConfigKeys (ConfUtils.java:logGet(46)) - raft.server.watch.timeout = 30s (custom)
2024-10-28 08:12:19,373 [0506bfaa-e0bf-41a1-ae8b-a3d5b458913d@group-7E49E578F942-LeaderElection27] INFO  server.RaftServerConfigKeys (ConfUtils.java:logGet(46)) - raft.server.watch.timeout.denomination = 1s (default)
2024-10-28 08:12:19,373 [0506bfaa-e0bf-41a1-ae8b-a3d5b458913d@group-7E49E578F942-LeaderElection27] INFO  server.RaftServerConfigKeys (ConfUtils.java:logGet(46)) - raft.server.watch.element-limit = 65536 (default)
2024-10-28 08:12:19,373 [0506bfaa-e0bf-41a1-ae8b-a3d5b458913d@group-7E49E578F942-LeaderElection27] INFO  server.RaftServerConfigKeys (ConfUtils.java:logGet(46)) - raft.server.read.leader.lease.enabled = false (default)
2024-10-28 08:12:19,373 [0506bfaa-e0bf-41a1-ae8b-a3d5b458913d@group-7E49E578F942-LeaderElection27] INFO  server.RaftServerConfigKeys (ConfUtils.java:logGet(46)) - raft.server.read.leader.lease.timeout.ratio = 0.9 (default)
2024-10-28 08:12:19,373 [0506bfaa-e0bf-41a1-ae8b-a3d5b458913d@group-7E49E578F942-LeaderElection27] INFO  server.RaftServerConfigKeys (ConfUtils.java:logGet(46)) - raft.server.rpc.timeout.min = 5s (custom)
2024-10-28 08:12:19,373 [0506bfaa-e0bf-41a1-ae8b-a3d5b458913d@group-7E49E578F942-LeaderElection27] INFO  server.RaftServerConfigKeys (ConfUtils.java:logGet(46)) - raft.server.log.log-metadata.enabled = true (default)
2024-10-28 08:12:19,373 [0506bfaa-e0bf-41a1-ae8b-a3d5b458913d@group-7E49E578F942-LeaderElection27] INFO  server.RaftServerConfigKeys (ConfUtils.java:logGet(46)) - raft.server.write.element-limit = 1024 (custom)
2024-10-28 08:12:19,373 [0506bfaa-e0bf-41a1-ae8b-a3d5b458913d@group-7E49E578F942-LeaderElection27] INFO  server.RaftServerConfigKeys (ConfUtils.java:logGet(46)) - raft.server.write.follower.gap.ratio.max = -1.0 (default)
2024-10-28 08:12:19,374 [0506bfaa-e0bf-41a1-ae8b-a3d5b458913d@group-7E49E578F942-LeaderElection27] INFO  server.RaftServerConfigKeys (ConfUtils.java:logGet(46)) - raft.server.log.appender.snapshot.chunk.size.max = 16MB (=16777216) (default)
2024-10-28 08:12:19,374 [0506bfaa-e0bf-41a1-ae8b-a3d5b458913d@group-7E49E578F942-LeaderElection27] INFO  server.RaftServerConfigKeys (ConfUtils.java:logGet(46)) - raft.server.log.appender.buffer.byte-limit = 33554432 (custom)
2024-10-28 08:12:19,374 [0506bfaa-e0bf-41a1-ae8b-a3d5b458913d@group-7E49E578F942-LeaderElection27] INFO  server.RaftServerConfigKeys (ConfUtils.java:logGet(46)) - raft.server.log.appender.buffer.element-limit = 1024 (custom)
2024-10-28 08:12:19,374 [0506bfaa-e0bf-41a1-ae8b-a3d5b458913d@group-7E49E578F942-LeaderElection27] INFO  server.RaftServerConfigKeys (ConfUtils.java:logGet(46)) - raft.server.log.appender.wait-time.min = 0μs (custom)
2024-10-28 08:12:19,374 [0506bfaa-e0bf-41a1-ae8b-a3d5b458913d@group-7E49E578F942-LeaderElection27] INFO  grpc.GrpcConfigKeys (ConfUtils.java:logGet(46)) - raft.grpc.server.leader.outstanding.appends.max = 8 (default)
2024-10-28 08:12:19,374 [0506bfaa-e0bf-41a1-ae8b-a3d5b458913d@group-7E49E578F942-LeaderElection27] INFO  server.RaftServerConfigKeys (ConfUtils.java:logGet(46)) - raft.server.rpc.request.timeout = 60s (custom)
2024-10-28 08:12:19,374 [0506bfaa-e0bf-41a1-ae8b-a3d5b458913d@group-7E49E578F942-LeaderElection27] INFO  grpc.GrpcConfigKeys (ConfUtils.java:logGet(46)) - raft.grpc.server.install_snapshot.request.element-limit = 8 (default)
2024-10-28 08:12:19,374 [0506bfaa-e0bf-41a1-ae8b-a3d5b458913d@group-7E49E578F942-LeaderElection27] INFO  grpc.GrpcConfigKeys (ConfUtils.java:logGet(46)) - raft.grpc.server.install_snapshot.request.timeout = 3000ms (default)
2024-10-28 08:12:19,374 [0506bfaa-e0bf-41a1-ae8b-a3d5b458913d@group-7E49E578F942-LeaderElection27] INFO  grpc.GrpcConfigKeys (ConfUtils.java:logGet(46)) - raft.grpc.server.log-message.batch.duration = 5s (default)
2024-10-28 08:12:19,374 [0506bfaa-e0bf-41a1-ae8b-a3d5b458913d@group-7E49E578F942-LeaderElection27] INFO  server.RaftServerConfigKeys (ConfUtils.java:logGet(46)) - raft.server.log.appender.install.snapshot.enabled = false (custom)
2024-10-28 08:12:19,374 [0506bfaa-e0bf-41a1-ae8b-a3d5b458913d@group-7E49E578F942-LeaderElection27] INFO  grpc.GrpcConfigKeys (ConfUtils.java:logGet(46)) - raft.grpc.server.heartbeat.channel = true (default)
2024-10-28 08:12:19,375 [0506bfaa-e0bf-41a1-ae8b-a3d5b458913d@group-7E49E578F942-LeaderElection27] INFO  server.RaftServerConfigKeys (ConfUtils.java:logGet(46)) - raft.server.log.appender.snapshot.chunk.size.max = 16MB (=16777216) (default)
2024-10-28 08:12:19,375 [0506bfaa-e0bf-41a1-ae8b-a3d5b458913d@group-7E49E578F942-LeaderElection27] INFO  server.RaftServerConfigKeys (ConfUtils.java:logGet(46)) - raft.server.log.appender.buffer.byte-limit = 33554432 (custom)
2024-10-28 08:12:19,375 [0506bfaa-e0bf-41a1-ae8b-a3d5b458913d@group-7E49E578F942-LeaderElection27] INFO  server.RaftServerConfigKeys (ConfUtils.java:logGet(46)) - raft.server.log.appender.buffer.element-limit = 1024 (custom)
2024-10-28 08:12:19,375 [0506bfaa-e0bf-41a1-ae8b-a3d5b458913d@group-7E49E578F942-LeaderElection27] INFO  server.RaftServerConfigKeys (ConfUtils.java:logGet(46)) - raft.server.log.appender.wait-time.min = 0μs (custom)
2024-10-28 08:12:19,375 [0506bfaa-e0bf-41a1-ae8b-a3d5b458913d@group-7E49E578F942-LeaderElection27] INFO  grpc.GrpcConfigKeys (ConfUtils.java:logGet(46)) - raft.grpc.server.leader.outstanding.appends.max = 8 (default)
2024-10-28 08:12:19,375 [0506bfaa-e0bf-41a1-ae8b-a3d5b458913d@group-7E49E578F942-LeaderElection27] INFO  server.RaftServerConfigKeys (ConfUtils.java:logGet(46)) - raft.server.rpc.request.timeout = 60s (custom)
2024-10-28 08:12:19,376 [0506bfaa-e0bf-41a1-ae8b-a3d5b458913d@group-7E49E578F942-LeaderElection27] INFO  grpc.GrpcConfigKeys (ConfUtils.java:logGet(46)) - raft.grpc.server.install_snapshot.request.element-limit = 8 (default)
2024-10-28 08:12:19,376 [0506bfaa-e0bf-41a1-ae8b-a3d5b458913d@group-7E49E578F942-LeaderElection27] INFO  grpc.GrpcConfigKeys (ConfUtils.java:logGet(46)) - raft.grpc.server.install_snapshot.request.timeout = 3000ms (default)
2024-10-28 08:12:19,376 [0506bfaa-e0bf-41a1-ae8b-a3d5b458913d@group-7E49E578F942-LeaderElection27] INFO  grpc.GrpcConfigKeys (ConfUtils.java:logGet(46)) - raft.grpc.server.log-message.batch.duration = 5s (default)
2024-10-28 08:12:19,376 [0506bfaa-e0bf-41a1-ae8b-a3d5b458913d@group-7E49E578F942-LeaderElection27] INFO  server.RaftServerConfigKeys (ConfUtils.java:logGet(46)) - raft.server.log.appender.install.snapshot.enabled = false (custom)
2024-10-28 08:12:19,376 [0506bfaa-e0bf-41a1-ae8b-a3d5b458913d@group-7E49E578F942-LeaderElection27] INFO  grpc.GrpcConfigKeys (ConfUtils.java:logGet(46)) - raft.grpc.server.heartbeat.channel = true (default)
2024-10-28 08:12:19,376 [0506bfaa-e0bf-41a1-ae8b-a3d5b458913d@group-7E49E578F942-LeaderElection27] INFO  impl.RoleInfo (RoleInfo.java:updateAndGet(148)) - 0506bfaa-e0bf-41a1-ae8b-a3d5b458913d: start 0506bfaa-e0bf-41a1-ae8b-a3d5b458913d@group-7E49E578F942-LeaderStateImpl
2024-10-28 08:12:19,376 [0506bfaa-e0bf-41a1-ae8b-a3d5b458913d@group-7E49E578F942-LeaderElection27] INFO  ratis.XceiverServerRatis (XceiverServerRatis.java:handleLeaderChangedNotification(944)) - Leader change notification received for group: group-7E49E578F942 with new leaderId: 0506bfaa-e0bf-41a1-ae8b-a3d5b458913d
2024-10-28 08:12:19,376 [0506bfaa-e0bf-41a1-ae8b-a3d5b458913d@group-7E49E578F942-LeaderElection27] INFO  server.RaftServer$Division (ServerState.java:setLeader(272)) - 0506bfaa-e0bf-41a1-ae8b-a3d5b458913d@group-7E49E578F942: change Leader from null to 0506bfaa-e0bf-41a1-ae8b-a3d5b458913d at term 2 for becomeLeader, leader elected after 10124ms
2024-10-28 08:12:19,376 [0506bfaa-e0bf-41a1-ae8b-a3d5b458913d@group-7E49E578F942-LeaderElection27] INFO  segmented.SegmentedRaftLogWorker (SegmentedRaftLogWorker.java:rollLogSegment(442)) - 0506bfaa-e0bf-41a1-ae8b-a3d5b458913d@group-7E49E578F942-SegmentedRaftLogWorker: Rolling segment log-0_0 to index:0
2024-10-28 08:12:19,376 [0506bfaa-e0bf-41a1-ae8b-a3d5b458913d@group-7E49E578F942-LeaderElection27] INFO  server.RaftServer$Division (ServerState.java:setRaftConf(386)) - 0506bfaa-e0bf-41a1-ae8b-a3d5b458913d@group-7E49E578F942: set configuration conf: {index: 1, cur=peers:[5164dc07-7390-4e62-85ea-fa0d5359a577|127.0.0.1:15145, 2dd66384-ce76-40f1-abb4-2732924b3f06|127.0.0.1:15136, 0506bfaa-e0bf-41a1-ae8b-a3d5b458913d|127.0.0.1:15127]|listeners:[], old=null}
2024-10-28 08:12:19,378 [0506bfaa-e0bf-41a1-ae8b-a3d5b458913d@group-7E49E578F942-SegmentedRaftLogWorker] INFO  segmented.SegmentedRaftLogWorker (SegmentedRaftLogWorker.java:execute(598)) - 0506bfaa-e0bf-41a1-ae8b-a3d5b458913d@group-7E49E578F942-SegmentedRaftLogWorker: Rolled log segment from /home/runner/work/ozone/ozone/hadoop-ozone/integration-test/target/test-dir/MiniOzoneClusterImpl-0da7ab08-e378-40bf-aed1-312ccc1152ed/ozone-meta/datanode-1/ratis/28892f10-fef2-4f02-9f0c-7e49e578f942/current/log_inprogress_0 to /home/runner/work/ozone/ozone/hadoop-ozone/integration-test/target/test-dir/MiniOzoneClusterImpl-0da7ab08-e378-40bf-aed1-312ccc1152ed/ozone-meta/datanode-1/ratis/28892f10-fef2-4f02-9f0c-7e49e578f942/current/log_0-0
2024-10-28 08:12:19,378 [0506bfaa-e0bf-41a1-ae8b-a3d5b458913d@group-7E49E578F942-SegmentedRaftLogWorker] INFO  segmented.BufferedWriteChannel (BufferedWriteChannel.java:open(61)) - open log_inprogress_1 at position 0
2024-10-28 08:12:19,381 [grpc-default-executor-3] INFO  server.RaftServer$Division (RaftServerImpl.java:requestVote(1427)) - 2dd66384-ce76-40f1-abb4-2732924b3f06@group-7E49E578F942 replies to ELECTION vote request: 0506bfaa-e0bf-41a1-ae8b-a3d5b458913d<-2dd66384-ce76-40f1-abb4-2732924b3f06#0:OK-t2. Peer's state: 2dd66384-ce76-40f1-abb4-2732924b3f06@group-7E49E578F942:t2, leader=null, voted=0506bfaa-e0bf-41a1-ae8b-a3d5b458913d, raftlog=Memoized:2dd66384-ce76-40f1-abb4-2732924b3f06@group-7E49E578F942-SegmentedRaftLog:OPENED:c0:last(t:1, i:0), conf=conf: {index: 0, cur=peers:[5164dc07-7390-4e62-85ea-fa0d5359a577|127.0.0.1:15145, 2dd66384-ce76-40f1-abb4-2732924b3f06|127.0.0.1:15136, 0506bfaa-e0bf-41a1-ae8b-a3d5b458913d|127.0.0.1:15127]|listeners:[], old=null}
2024-10-28 08:12:19,385 [5164dc07-7390-4e62-85ea-fa0d5359a577-server-thread2] INFO  ratis.XceiverServerRatis (XceiverServerRatis.java:handleLeaderChangedNotification(944)) - Leader change notification received for group: group-7E49E578F942 with new leaderId: 0506bfaa-e0bf-41a1-ae8b-a3d5b458913d
2024-10-28 08:12:19,385 [5164dc07-7390-4e62-85ea-fa0d5359a577-server-thread2] INFO  server.RaftServer$Division (ServerState.java:setLeader(272)) - 5164dc07-7390-4e62-85ea-fa0d5359a577@group-7E49E578F942: change Leader from null to 0506bfaa-e0bf-41a1-ae8b-a3d5b458913d at term 2 for appendEntries, leader elected after 4874ms
2024-10-28 08:12:19,386 [2dd66384-ce76-40f1-abb4-2732924b3f06-server-thread3] INFO  ratis.XceiverServerRatis (XceiverServerRatis.java:handleLeaderChangedNotification(944)) - Leader change notification received for group: group-7E49E578F942 with new leaderId: 0506bfaa-e0bf-41a1-ae8b-a3d5b458913d
2024-10-28 08:12:19,386 [2dd66384-ce76-40f1-abb4-2732924b3f06-server-thread3] INFO  server.RaftServer$Division (ServerState.java:setLeader(272)) - 2dd66384-ce76-40f1-abb4-2732924b3f06@group-7E49E578F942: change Leader from null to 0506bfaa-e0bf-41a1-ae8b-a3d5b458913d at term 2 for appendEntries, leader elected after 15ms
2024-10-28 08:12:19,387 [2dd66384-ce76-40f1-abb4-2732924b3f06-server-thread1] INFO  server.RaftServer$Division (ServerState.java:setRaftConf(386)) - 2dd66384-ce76-40f1-abb4-2732924b3f06@group-7E49E578F942: set configuration conf: {index: 1, cur=peers:[5164dc07-7390-4e62-85ea-fa0d5359a577|127.0.0.1:15145, 2dd66384-ce76-40f1-abb4-2732924b3f06|127.0.0.1:15136, 0506bfaa-e0bf-41a1-ae8b-a3d5b458913d|127.0.0.1:15127]|listeners:[], old=null}
2024-10-28 08:12:19,387 [2dd66384-ce76-40f1-abb4-2732924b3f06-server-thread1] INFO  segmented.SegmentedRaftLogWorker (SegmentedRaftLogWorker.java:rollLogSegment(442)) - 2dd66384-ce76-40f1-abb4-2732924b3f06@group-7E49E578F942-SegmentedRaftLogWorker: Rolling segment log-0_0 to index:0
2024-10-28 08:12:19,387 [5164dc07-7390-4e62-85ea-fa0d5359a577-server-thread3] INFO  server.RaftServer$Division (ServerState.java:setRaftConf(386)) - 5164dc07-7390-4e62-85ea-fa0d5359a577@group-7E49E578F942: set configuration conf: {index: 1, cur=peers:[5164dc07-7390-4e62-85ea-fa0d5359a577|127.0.0.1:15145, 2dd66384-ce76-40f1-abb4-2732924b3f06|127.0.0.1:15136, 0506bfaa-e0bf-41a1-ae8b-a3d5b458913d|127.0.0.1:15127]|listeners:[], old=null}
2024-10-28 08:12:19,388 [5164dc07-7390-4e62-85ea-fa0d5359a577-server-thread3] INFO  segmented.SegmentedRaftLogWorker (SegmentedRaftLogWorker.java:rollLogSegment(442)) - 5164dc07-7390-4e62-85ea-fa0d5359a577@group-7E49E578F942-SegmentedRaftLogWorker: Rolling segment log-0_0 to index:0
2024-10-28 08:12:19,389 [2dd66384-ce76-40f1-abb4-2732924b3f06@group-7E49E578F942-SegmentedRaftLogWorker] INFO  segmented.SegmentedRaftLogWorker (SegmentedRaftLogWorker.java:execute(598)) - 2dd66384-ce76-40f1-abb4-2732924b3f06@group-7E49E578F942-SegmentedRaftLogWorker: Rolled log segment from /home/runner/work/ozone/ozone/hadoop-ozone/integration-test/target/test-dir/MiniOzoneClusterImpl-0da7ab08-e378-40bf-aed1-312ccc1152ed/ozone-meta/datanode-2/ratis/28892f10-fef2-4f02-9f0c-7e49e578f942/current/log_inprogress_0 to /home/runner/work/ozone/ozone/hadoop-ozone/integration-test/target/test-dir/MiniOzoneClusterImpl-0da7ab08-e378-40bf-aed1-312ccc1152ed/ozone-meta/datanode-2/ratis/28892f10-fef2-4f02-9f0c-7e49e578f942/current/log_0-0
2024-10-28 08:12:19,389 [0506bfaa-e0bf-41a1-ae8b-a3d5b458913d@group-7E49E578F942-SegmentedRaftLogWorker] INFO  segmented.SegmentedRaftLogWorker (SegmentedRaftLogWorker.java:execute(641)) - 0506bfaa-e0bf-41a1-ae8b-a3d5b458913d@group-7E49E578F942-SegmentedRaftLogWorker: created new log segment /home/runner/work/ozone/ozone/hadoop-ozone/integration-test/target/test-dir/MiniOzoneClusterImpl-0da7ab08-e378-40bf-aed1-312ccc1152ed/ozone-meta/datanode-1/ratis/28892f10-fef2-4f02-9f0c-7e49e578f942/current/log_inprogress_1
2024-10-28 08:12:19,389 [2dd66384-ce76-40f1-abb4-2732924b3f06@group-7E49E578F942-SegmentedRaftLogWorker] INFO  segmented.BufferedWriteChannel (BufferedWriteChannel.java:open(61)) - open log_inprogress_1 at position 0
2024-10-28 08:12:19,389 [5164dc07-7390-4e62-85ea-fa0d5359a577@group-7E49E578F942-SegmentedRaftLogWorker] INFO  segmented.SegmentedRaftLogWorker (SegmentedRaftLogWorker.java:execute(598)) - 5164dc07-7390-4e62-85ea-fa0d5359a577@group-7E49E578F942-SegmentedRaftLogWorker: Rolled log segment from /home/runner/work/ozone/ozone/hadoop-ozone/integration-test/target/test-dir/MiniOzoneClusterImpl-0da7ab08-e378-40bf-aed1-312ccc1152ed/ozone-meta/datanode-3/ratis/28892f10-fef2-4f02-9f0c-7e49e578f942/current/log_inprogress_0 to /home/runner/work/ozone/ozone/hadoop-ozone/integration-test/target/test-dir/MiniOzoneClusterImpl-0da7ab08-e378-40bf-aed1-312ccc1152ed/ozone-meta/datanode-3/ratis/28892f10-fef2-4f02-9f0c-7e49e578f942/current/log_0-0
2024-10-28 08:12:19,389 [5164dc07-7390-4e62-85ea-fa0d5359a577@group-7E49E578F942-SegmentedRaftLogWorker] INFO  segmented.BufferedWriteChannel (BufferedWriteChannel.java:open(61)) - open log_inprogress_1 at position 0
2024-10-28 08:12:19,402 [2dd66384-ce76-40f1-abb4-2732924b3f06@group-7E49E578F942-SegmentedRaftLogWorker] INFO  segmented.SegmentedRaftLogWorker (SegmentedRaftLogWorker.java:execute(641)) - 2dd66384-ce76-40f1-abb4-2732924b3f06@group-7E49E578F942-SegmentedRaftLogWorker: created new log segment /home/runner/work/ozone/ozone/hadoop-ozone/integration-test/target/test-dir/MiniOzoneClusterImpl-0da7ab08-e378-40bf-aed1-312ccc1152ed/ozone-meta/datanode-2/ratis/28892f10-fef2-4f02-9f0c-7e49e578f942/current/log_inprogress_1
2024-10-28 08:12:19,403 [5164dc07-7390-4e62-85ea-fa0d5359a577@group-7E49E578F942-SegmentedRaftLogWorker] INFO  segmented.SegmentedRaftLogWorker (SegmentedRaftLogWorker.java:execute(641)) - 5164dc07-7390-4e62-85ea-fa0d5359a577@group-7E49E578F942-SegmentedRaftLogWorker: created new log segment /home/runner/work/ozone/ozone/hadoop-ozone/integration-test/target/test-dir/MiniOzoneClusterImpl-0da7ab08-e378-40bf-aed1-312ccc1152ed/ozone-meta/datanode-3/ratis/28892f10-fef2-4f02-9f0c-7e49e578f942/current/log_inprogress_1
2024-10-28 08:12:19,405 [0506bfaa-e0bf-41a1-ae8b-a3d5b458913d@group-7E49E578F942-StateMachineUpdater] INFO  server.RaftServer$Division (LeaderStateImpl.java:checkStartIndex(316)) - Leader 0506bfaa-e0bf-41a1-ae8b-a3d5b458913d@group-7E49E578F942-LeaderStateImpl is ready since appliedIndex == startIndex == 1
2024-10-28 08:12:19,447 [2dd66384-ce76-40f1-abb4-2732924b3f06@group-2EAE137D939C-FollowerState] INFO  impl.FollowerState (FollowerState.java:run(144)) - 2dd66384-ce76-40f1-abb4-2732924b3f06@group-2EAE137D939C-FollowerState: change to CANDIDATE, lastRpcElapsedTime:10204947082ns, electionTimeout:5146ms
2024-10-28 08:12:19,447 [2dd66384-ce76-40f1-abb4-2732924b3f06@group-2EAE137D939C-FollowerState] INFO  impl.RoleInfo (RoleInfo.java:shutdownFollowerState(119)) - 2dd66384-ce76-40f1-abb4-2732924b3f06: shutdown 2dd66384-ce76-40f1-abb4-2732924b3f06@group-2EAE137D939C-FollowerState
2024-10-28 08:12:19,447 [2dd66384-ce76-40f1-abb4-2732924b3f06@group-2EAE137D939C-FollowerState] INFO  server.RaftServer$Division (RaftServerImpl.java:setRole(377)) - 2dd66384-ce76-40f1-abb4-2732924b3f06@group-2EAE137D939C: changes role from  FOLLOWER to CANDIDATE at term 1 for changeToCandidate
2024-10-28 08:12:19,447 [2dd66384-ce76-40f1-abb4-2732924b3f06@group-2EAE137D939C-FollowerState] INFO  server.RaftServerConfigKeys (ConfUtils.java:logGet(46)) - raft.server.leaderelection.pre-vote = true (default)
2024-10-28 08:12:19,447 [2dd66384-ce76-40f1-abb4-2732924b3f06@group-2EAE137D939C-FollowerState] INFO  impl.RoleInfo (RoleInfo.java:updateAndGet(148)) - 2dd66384-ce76-40f1-abb4-2732924b3f06: start 2dd66384-ce76-40f1-abb4-2732924b3f06@group-2EAE137D939C-LeaderElection28
2024-10-28 08:12:19,448 [2dd66384-ce76-40f1-abb4-2732924b3f06@group-2EAE137D939C-LeaderElection28] INFO  server.RaftServer$Division (ServerState.java:setLeader(272)) - 2dd66384-ce76-40f1-abb4-2732924b3f06@group-2EAE137D939C: change Leader from 5164dc07-7390-4e62-85ea-fa0d5359a577 to null at term 1 for PRE_VOTE
2024-10-28 08:12:19,448 [2dd66384-ce76-40f1-abb4-2732924b3f06@group-2EAE137D939C-LeaderElection28] INFO  impl.LeaderElection (LeaderElection.java:askForVotes(325)) - 2dd66384-ce76-40f1-abb4-2732924b3f06@group-2EAE137D939C-LeaderElection28 PRE_VOTE round 0: submit vote requests at term 1 for conf: {index: 0, cur=peers:[5164dc07-7390-4e62-85ea-fa0d5359a577|127.0.0.1:15145, 2dd66384-ce76-40f1-abb4-2732924b3f06|127.0.0.1:15136, 0506bfaa-e0bf-41a1-ae8b-a3d5b458913d|127.0.0.1:15127]|listeners:[], old=null}
2024-10-28 08:12:19,448 [2dd66384-ce76-40f1-abb4-2732924b3f06@group-2EAE137D939C-LeaderElection28-1] INFO  server.GrpcServerProtocolClient (GrpcServerProtocolClient.java:<init>(65)) - Build channel for 5164dc07-7390-4e62-85ea-fa0d5359a577|127.0.0.1:15145
2024-10-28 08:12:19,448 [2dd66384-ce76-40f1-abb4-2732924b3f06@group-2EAE137D939C-LeaderElection28-2] INFO  server.GrpcServerProtocolClient (GrpcServerProtocolClient.java:<init>(65)) - Build channel for 0506bfaa-e0bf-41a1-ae8b-a3d5b458913d|127.0.0.1:15127
2024-10-28 08:12:19,452 [grpc-default-executor-3] INFO  server.RaftServer$Division (RaftServerImpl.java:requestVote(1394)) - 0506bfaa-e0bf-41a1-ae8b-a3d5b458913d@group-2EAE137D939C: receive requestVote(PRE_VOTE, 2dd66384-ce76-40f1-abb4-2732924b3f06, group-2EAE137D939C, 1, (t:1, i:0))
2024-10-28 08:12:19,452 [grpc-default-executor-3] INFO  impl.VoteContext (VoteContext.java:log(49)) - 0506bfaa-e0bf-41a1-ae8b-a3d5b458913d@group-2EAE137D939C-FOLLOWER: accept PRE_VOTE from 2dd66384-ce76-40f1-abb4-2732924b3f06: our priority 0 <= candidate's priority 0
2024-10-28 08:12:19,452 [grpc-default-executor-3] INFO  server.RaftServer$Division (RaftServerImpl.java:requestVote(1427)) - 0506bfaa-e0bf-41a1-ae8b-a3d5b458913d@group-2EAE137D939C replies to PRE_VOTE vote request: 2dd66384-ce76-40f1-abb4-2732924b3f06<-0506bfaa-e0bf-41a1-ae8b-a3d5b458913d#0:OK-t1. Peer's state: 0506bfaa-e0bf-41a1-ae8b-a3d5b458913d@group-2EAE137D939C:t1, leader=5164dc07-7390-4e62-85ea-fa0d5359a577, voted=5164dc07-7390-4e62-85ea-fa0d5359a577, raftlog=Memoized:0506bfaa-e0bf-41a1-ae8b-a3d5b458913d@group-2EAE137D939C-SegmentedRaftLog:OPENED:c0:last(t:1, i:0), conf=conf: {index: 0, cur=peers:[5164dc07-7390-4e62-85ea-fa0d5359a577|127.0.0.1:15145, 2dd66384-ce76-40f1-abb4-2732924b3f06|127.0.0.1:15136, 0506bfaa-e0bf-41a1-ae8b-a3d5b458913d|127.0.0.1:15127]|listeners:[], old=null}
2024-10-28 08:12:19,452 [grpc-default-executor-3] INFO  server.RaftServer$Division (RaftServerImpl.java:requestVote(1394)) - 5164dc07-7390-4e62-85ea-fa0d5359a577@group-2EAE137D939C: receive requestVote(PRE_VOTE, 2dd66384-ce76-40f1-abb4-2732924b3f06, group-2EAE137D939C, 1, (t:1, i:0))
2024-10-28 08:12:19,452 [grpc-default-executor-3] INFO  impl.VoteContext (VoteContext.java:log(49)) - 5164dc07-7390-4e62-85ea-fa0d5359a577@group-2EAE137D939C-FOLLOWER: reject PRE_VOTE from 2dd66384-ce76-40f1-abb4-2732924b3f06: our priority 1 > candidate's priority 0
2024-10-28 08:12:19,452 [grpc-default-executor-3] INFO  server.RaftServer$Division (RaftServerImpl.java:requestVote(1427)) - 5164dc07-7390-4e62-85ea-fa0d5359a577@group-2EAE137D939C replies to PRE_VOTE vote request: 2dd66384-ce76-40f1-abb4-2732924b3f06<-5164dc07-7390-4e62-85ea-fa0d5359a577#0:FAIL-t1. Peer's state: 5164dc07-7390-4e62-85ea-fa0d5359a577@group-2EAE137D939C:t1, leader=null, voted=5164dc07-7390-4e62-85ea-fa0d5359a577, raftlog=Memoized:5164dc07-7390-4e62-85ea-fa0d5359a577@group-2EAE137D939C-SegmentedRaftLog:OPENED:c0:last(t:1, i:0), conf=conf: {index: 0, cur=peers:[5164dc07-7390-4e62-85ea-fa0d5359a577|127.0.0.1:15145, 2dd66384-ce76-40f1-abb4-2732924b3f06|127.0.0.1:15136, 0506bfaa-e0bf-41a1-ae8b-a3d5b458913d|127.0.0.1:15127]|listeners:[], old=null}
2024-10-28 08:12:19,453 [2dd66384-ce76-40f1-abb4-2732924b3f06@group-2EAE137D939C-LeaderElection28] INFO  impl.LeaderElection (LeaderElection.java:logAndReturn(89)) - 2dd66384-ce76-40f1-abb4-2732924b3f06@group-2EAE137D939C-LeaderElection28: PRE_VOTE REJECTED received 1 response(s) and 0 exception(s):
2024-10-28 08:12:19,453 [2dd66384-ce76-40f1-abb4-2732924b3f06@group-2EAE137D939C-LeaderElection28] INFO  impl.LeaderElection (LeaderElection.java:logAndReturn(93)) -   Response 0: 2dd66384-ce76-40f1-abb4-2732924b3f06<-5164dc07-7390-4e62-85ea-fa0d5359a577#0:FAIL-t1
2024-10-28 08:12:19,453 [2dd66384-ce76-40f1-abb4-2732924b3f06@group-2EAE137D939C-LeaderElection28] INFO  impl.LeaderElection (LeaderElection.java:askForVotes(327)) - 2dd66384-ce76-40f1-abb4-2732924b3f06@group-2EAE137D939C-LeaderElection28 PRE_VOTE round 0: result REJECTED
2024-10-28 08:12:19,453 [2dd66384-ce76-40f1-abb4-2732924b3f06@group-2EAE137D939C-LeaderElection28] INFO  server.RaftServer$Division (RaftServerImpl.java:setRole(377)) - 2dd66384-ce76-40f1-abb4-2732924b3f06@group-2EAE137D939C: changes role from CANDIDATE to FOLLOWER at term 1 for REJECTED
2024-10-28 08:12:19,453 [2dd66384-ce76-40f1-abb4-2732924b3f06@group-2EAE137D939C-LeaderElection28] INFO  impl.RoleInfo (RoleInfo.java:shutdownLeaderElection(139)) - 2dd66384-ce76-40f1-abb4-2732924b3f06: shutdown 2dd66384-ce76-40f1-abb4-2732924b3f06@group-2EAE137D939C-LeaderElection28
2024-10-28 08:12:19,453 [2dd66384-ce76-40f1-abb4-2732924b3f06@group-2EAE137D939C-LeaderElection28] INFO  impl.RoleInfo (RoleInfo.java:updateAndGet(148)) - 2dd66384-ce76-40f1-abb4-2732924b3f06: start 2dd66384-ce76-40f1-abb4-2732924b3f06@group-2EAE137D939C-FollowerState
2024-10-28 08:12:19,457 [5164dc07-7390-4e62-85ea-fa0d5359a577@group-2EAE137D939C-FollowerState] INFO  impl.FollowerState (FollowerState.java:run(144)) - 5164dc07-7390-4e62-85ea-fa0d5359a577@group-2EAE137D939C-FollowerState: change to CANDIDATE, lastRpcElapsedTime:10209746607ns, electionTimeout:5171ms
2024-10-28 08:12:19,457 [5164dc07-7390-4e62-85ea-fa0d5359a577@group-2EAE137D939C-FollowerState] INFO  impl.RoleInfo (RoleInfo.java:shutdownFollowerState(119)) - 5164dc07-7390-4e62-85ea-fa0d5359a577: shutdown 5164dc07-7390-4e62-85ea-fa0d5359a577@group-2EAE137D939C-FollowerState
2024-10-28 08:12:19,457 [5164dc07-7390-4e62-85ea-fa0d5359a577@group-2EAE137D939C-FollowerState] INFO  server.RaftServer$Division (RaftServerImpl.java:setRole(377)) - 5164dc07-7390-4e62-85ea-fa0d5359a577@group-2EAE137D939C: changes role from  FOLLOWER to CANDIDATE at term 1 for changeToCandidate
2024-10-28 08:12:19,458 [5164dc07-7390-4e62-85ea-fa0d5359a577@group-2EAE137D939C-FollowerState] INFO  server.RaftServerConfigKeys (ConfUtils.java:logGet(46)) - raft.server.leaderelection.pre-vote = true (default)
2024-10-28 08:12:19,458 [5164dc07-7390-4e62-85ea-fa0d5359a577@group-2EAE137D939C-FollowerState] INFO  impl.RoleInfo (RoleInfo.java:updateAndGet(148)) - 5164dc07-7390-4e62-85ea-fa0d5359a577: start 5164dc07-7390-4e62-85ea-fa0d5359a577@group-2EAE137D939C-LeaderElection29
2024-10-28 08:12:19,459 [5164dc07-7390-4e62-85ea-fa0d5359a577@group-2EAE137D939C-LeaderElection29] INFO  impl.LeaderElection (LeaderElection.java:askForVotes(325)) - 5164dc07-7390-4e62-85ea-fa0d5359a577@group-2EAE137D939C-LeaderElection29 PRE_VOTE round 0: submit vote requests at term 1 for conf: {index: 0, cur=peers:[5164dc07-7390-4e62-85ea-fa0d5359a577|127.0.0.1:15145, 2dd66384-ce76-40f1-abb4-2732924b3f06|127.0.0.1:15136, 0506bfaa-e0bf-41a1-ae8b-a3d5b458913d|127.0.0.1:15127]|listeners:[], old=null}
2024-10-28 08:12:19,459 [grpc-default-executor-3] INFO  server.RaftServer$Division (RaftServerImpl.java:requestVote(1394)) - 2dd66384-ce76-40f1-abb4-2732924b3f06@group-2EAE137D939C: receive requestVote(PRE_VOTE, 5164dc07-7390-4e62-85ea-fa0d5359a577, group-2EAE137D939C, 1, (t:1, i:0))
2024-10-28 08:12:19,459 [grpc-default-executor-10] INFO  server.RaftServer$Division (RaftServerImpl.java:requestVote(1394)) - 0506bfaa-e0bf-41a1-ae8b-a3d5b458913d@group-2EAE137D939C: receive requestVote(PRE_VOTE, 5164dc07-7390-4e62-85ea-fa0d5359a577, group-2EAE137D939C, 1, (t:1, i:0))
2024-10-28 08:12:19,460 [grpc-default-executor-10] INFO  impl.VoteContext (VoteContext.java:log(49)) - 0506bfaa-e0bf-41a1-ae8b-a3d5b458913d@group-2EAE137D939C-FOLLOWER: accept PRE_VOTE from 5164dc07-7390-4e62-85ea-fa0d5359a577: our priority 0 <= candidate's priority 1
2024-10-28 08:12:19,459 [grpc-default-executor-3] INFO  impl.VoteContext (VoteContext.java:log(49)) - 2dd66384-ce76-40f1-abb4-2732924b3f06@group-2EAE137D939C-FOLLOWER: accept PRE_VOTE from 5164dc07-7390-4e62-85ea-fa0d5359a577: our priority 0 <= candidate's priority 1
2024-10-28 08:12:19,460 [grpc-default-executor-3] INFO  server.RaftServer$Division (RaftServerImpl.java:requestVote(1427)) - 2dd66384-ce76-40f1-abb4-2732924b3f06@group-2EAE137D939C replies to PRE_VOTE vote request: 5164dc07-7390-4e62-85ea-fa0d5359a577<-2dd66384-ce76-40f1-abb4-2732924b3f06#0:OK-t1. Peer's state: 2dd66384-ce76-40f1-abb4-2732924b3f06@group-2EAE137D939C:t1, leader=null, voted=5164dc07-7390-4e62-85ea-fa0d5359a577, raftlog=Memoized:2dd66384-ce76-40f1-abb4-2732924b3f06@group-2EAE137D939C-SegmentedRaftLog:OPENED:c0:last(t:1, i:0), conf=conf: {index: 0, cur=peers:[5164dc07-7390-4e62-85ea-fa0d5359a577|127.0.0.1:15145, 2dd66384-ce76-40f1-abb4-2732924b3f06|127.0.0.1:15136, 0506bfaa-e0bf-41a1-ae8b-a3d5b458913d|127.0.0.1:15127]|listeners:[], old=null}
2024-10-28 08:12:19,460 [grpc-default-executor-10] INFO  server.RaftServer$Division (RaftServerImpl.java:requestVote(1427)) - 0506bfaa-e0bf-41a1-ae8b-a3d5b458913d@group-2EAE137D939C replies to PRE_VOTE vote request: 5164dc07-7390-4e62-85ea-fa0d5359a577<-0506bfaa-e0bf-41a1-ae8b-a3d5b458913d#0:OK-t1. Peer's state: 0506bfaa-e0bf-41a1-ae8b-a3d5b458913d@group-2EAE137D939C:t1, leader=5164dc07-7390-4e62-85ea-fa0d5359a577, voted=5164dc07-7390-4e62-85ea-fa0d5359a577, raftlog=Memoized:0506bfaa-e0bf-41a1-ae8b-a3d5b458913d@group-2EAE137D939C-SegmentedRaftLog:OPENED:c0:last(t:1, i:0), conf=conf: {index: 0, cur=peers:[5164dc07-7390-4e62-85ea-fa0d5359a577|127.0.0.1:15145, 2dd66384-ce76-40f1-abb4-2732924b3f06|127.0.0.1:15136, 0506bfaa-e0bf-41a1-ae8b-a3d5b458913d|127.0.0.1:15127]|listeners:[], old=null}
2024-10-28 08:12:19,460 [5164dc07-7390-4e62-85ea-fa0d5359a577@group-2EAE137D939C-LeaderElection29] INFO  impl.LeaderElection (LeaderElection.java:logAndReturn(89)) - 5164dc07-7390-4e62-85ea-fa0d5359a577@group-2EAE137D939C-LeaderElection29: PRE_VOTE PASSED received 1 response(s) and 0 exception(s):
2024-10-28 08:12:19,462 [5164dc07-7390-4e62-85ea-fa0d5359a577@group-2EAE137D939C-LeaderElection29] INFO  impl.LeaderElection (LeaderElection.java:logAndReturn(93)) -   Response 0: 5164dc07-7390-4e62-85ea-fa0d5359a577<-2dd66384-ce76-40f1-abb4-2732924b3f06#0:OK-t1
2024-10-28 08:12:19,462 [5164dc07-7390-4e62-85ea-fa0d5359a577@group-2EAE137D939C-LeaderElection29] INFO  impl.LeaderElection (LeaderElection.java:askForVotes(327)) - 5164dc07-7390-4e62-85ea-fa0d5359a577@group-2EAE137D939C-LeaderElection29 PRE_VOTE round 0: result PASSED
2024-10-28 08:12:19,463 [5164dc07-7390-4e62-85ea-fa0d5359a577@group-2EAE137D939C-LeaderElection29] INFO  impl.LeaderElection (LeaderElection.java:askForVotes(325)) - 5164dc07-7390-4e62-85ea-fa0d5359a577@group-2EAE137D939C-LeaderElection29 ELECTION round 0: submit vote requests at term 2 for conf: {index: 0, cur=peers:[5164dc07-7390-4e62-85ea-fa0d5359a577|127.0.0.1:15145, 2dd66384-ce76-40f1-abb4-2732924b3f06|127.0.0.1:15136, 0506bfaa-e0bf-41a1-ae8b-a3d5b458913d|127.0.0.1:15127]|listeners:[], old=null}
2024-10-28 08:12:19,468 [grpc-default-executor-10] INFO  server.RaftServer$Division (RaftServerImpl.java:requestVote(1394)) - 2dd66384-ce76-40f1-abb4-2732924b3f06@group-2EAE137D939C: receive requestVote(ELECTION, 5164dc07-7390-4e62-85ea-fa0d5359a577, group-2EAE137D939C, 2, (t:1, i:0))
2024-10-28 08:12:19,468 [grpc-default-executor-10] INFO  impl.VoteContext (VoteContext.java:log(49)) - 2dd66384-ce76-40f1-abb4-2732924b3f06@group-2EAE137D939C-FOLLOWER: accept ELECTION from 5164dc07-7390-4e62-85ea-fa0d5359a577: our priority 0 <= candidate's priority 1
2024-10-28 08:12:19,468 [grpc-default-executor-10] INFO  server.RaftServer$Division (RaftServerImpl.java:setRole(377)) - 2dd66384-ce76-40f1-abb4-2732924b3f06@group-2EAE137D939C: changes role from  FOLLOWER to FOLLOWER at term 1 for candidate:5164dc07-7390-4e62-85ea-fa0d5359a577
2024-10-28 08:12:19,468 [grpc-default-executor-10] INFO  impl.RoleInfo (RoleInfo.java:shutdownFollowerState(119)) - 2dd66384-ce76-40f1-abb4-2732924b3f06: shutdown 2dd66384-ce76-40f1-abb4-2732924b3f06@group-2EAE137D939C-FollowerState
2024-10-28 08:12:19,469 [grpc-default-executor-10] INFO  impl.RoleInfo (RoleInfo.java:updateAndGet(148)) - 2dd66384-ce76-40f1-abb4-2732924b3f06: start 2dd66384-ce76-40f1-abb4-2732924b3f06@group-2EAE137D939C-FollowerState
2024-10-28 08:12:19,468 [grpc-default-executor-3] INFO  server.RaftServer$Division (RaftServerImpl.java:requestVote(1394)) - 0506bfaa-e0bf-41a1-ae8b-a3d5b458913d@group-2EAE137D939C: receive requestVote(ELECTION, 5164dc07-7390-4e62-85ea-fa0d5359a577, group-2EAE137D939C, 2, (t:1, i:0))
2024-10-28 08:12:19,469 [grpc-default-executor-3] INFO  impl.VoteContext (VoteContext.java:log(49)) - 0506bfaa-e0bf-41a1-ae8b-a3d5b458913d@group-2EAE137D939C-FOLLOWER: accept ELECTION from 5164dc07-7390-4e62-85ea-fa0d5359a577: our priority 0 <= candidate's priority 1
2024-10-28 08:12:19,469 [grpc-default-executor-3] INFO  server.RaftServer$Division (RaftServerImpl.java:setRole(377)) - 0506bfaa-e0bf-41a1-ae8b-a3d5b458913d@group-2EAE137D939C: changes role from  FOLLOWER to FOLLOWER at term 1 for candidate:5164dc07-7390-4e62-85ea-fa0d5359a577
2024-10-28 08:12:19,469 [grpc-default-executor-3] INFO  impl.RoleInfo (RoleInfo.java:shutdownFollowerState(119)) - 0506bfaa-e0bf-41a1-ae8b-a3d5b458913d: shutdown 0506bfaa-e0bf-41a1-ae8b-a3d5b458913d@group-2EAE137D939C-FollowerState
2024-10-28 08:12:19,469 [grpc-default-executor-3] INFO  server.RaftServer$Division (ServerState.java:setLeader(272)) - 0506bfaa-e0bf-41a1-ae8b-a3d5b458913d@group-2EAE137D939C: change Leader from 5164dc07-7390-4e62-85ea-fa0d5359a577 to null at term 2 for updateCurrentTerm
2024-10-28 08:12:19,469 [grpc-default-executor-3] INFO  impl.RoleInfo (RoleInfo.java:updateAndGet(148)) - 0506bfaa-e0bf-41a1-ae8b-a3d5b458913d: start 0506bfaa-e0bf-41a1-ae8b-a3d5b458913d@group-2EAE137D939C-FollowerState
2024-10-28 08:12:19,469 [2dd66384-ce76-40f1-abb4-2732924b3f06@group-2EAE137D939C-FollowerState] INFO  impl.FollowerState (FollowerState.java:run(153)) - 2dd66384-ce76-40f1-abb4-2732924b3f06@group-2EAE137D939C-FollowerState was interrupted
2024-10-28 08:12:19,469 [0506bfaa-e0bf-41a1-ae8b-a3d5b458913d@group-2EAE137D939C-FollowerState] INFO  impl.FollowerState (FollowerState.java:run(153)) - 0506bfaa-e0bf-41a1-ae8b-a3d5b458913d@group-2EAE137D939C-FollowerState was interrupted
2024-10-28 08:12:19,471 [grpc-default-executor-10] INFO  server.RaftServer$Division (RaftServerImpl.java:requestVote(1427)) - 2dd66384-ce76-40f1-abb4-2732924b3f06@group-2EAE137D939C replies to ELECTION vote request: 5164dc07-7390-4e62-85ea-fa0d5359a577<-2dd66384-ce76-40f1-abb4-2732924b3f06#0:OK-t2. Peer's state: 2dd66384-ce76-40f1-abb4-2732924b3f06@group-2EAE137D939C:t2, leader=null, voted=5164dc07-7390-4e62-85ea-fa0d5359a577, raftlog=Memoized:2dd66384-ce76-40f1-abb4-2732924b3f06@group-2EAE137D939C-SegmentedRaftLog:OPENED:c0:last(t:1, i:0), conf=conf: {index: 0, cur=peers:[5164dc07-7390-4e62-85ea-fa0d5359a577|127.0.0.1:15145, 2dd66384-ce76-40f1-abb4-2732924b3f06|127.0.0.1:15136, 0506bfaa-e0bf-41a1-ae8b-a3d5b458913d|127.0.0.1:15127]|listeners:[], old=null}
2024-10-28 08:12:19,471 [grpc-default-executor-3] INFO  server.RaftServer$Division (RaftServerImpl.java:requestVote(1427)) - 0506bfaa-e0bf-41a1-ae8b-a3d5b458913d@group-2EAE137D939C replies to ELECTION vote request: 5164dc07-7390-4e62-85ea-fa0d5359a577<-0506bfaa-e0bf-41a1-ae8b-a3d5b458913d#0:OK-t2. Peer's state: 0506bfaa-e0bf-41a1-ae8b-a3d5b458913d@group-2EAE137D939C:t2, leader=null, voted=5164dc07-7390-4e62-85ea-fa0d5359a577, raftlog=Memoized:0506bfaa-e0bf-41a1-ae8b-a3d5b458913d@group-2EAE137D939C-SegmentedRaftLog:OPENED:c0:last(t:1, i:0), conf=conf: {index: 0, cur=peers:[5164dc07-7390-4e62-85ea-fa0d5359a577|127.0.0.1:15145, 2dd66384-ce76-40f1-abb4-2732924b3f06|127.0.0.1:15136, 0506bfaa-e0bf-41a1-ae8b-a3d5b458913d|127.0.0.1:15127]|listeners:[], old=null}
2024-10-28 08:12:19,471 [5164dc07-7390-4e62-85ea-fa0d5359a577@group-2EAE137D939C-LeaderElection29] INFO  impl.LeaderElection (LeaderElection.java:logAndReturn(89)) - 5164dc07-7390-4e62-85ea-fa0d5359a577@group-2EAE137D939C-LeaderElection29: ELECTION PASSED received 1 response(s) and 0 exception(s):
2024-10-28 08:12:19,471 [5164dc07-7390-4e62-85ea-fa0d5359a577@group-2EAE137D939C-LeaderElection29] INFO  impl.LeaderElection (LeaderElection.java:logAndReturn(93)) -   Response 0: 5164dc07-7390-4e62-85ea-fa0d5359a577<-0506bfaa-e0bf-41a1-ae8b-a3d5b458913d#0:OK-t2
2024-10-28 08:12:19,472 [5164dc07-7390-4e62-85ea-fa0d5359a577@group-2EAE137D939C-LeaderElection29] INFO  impl.LeaderElection (LeaderElection.java:askForVotes(327)) - 5164dc07-7390-4e62-85ea-fa0d5359a577@group-2EAE137D939C-LeaderElection29 ELECTION round 0: result PASSED
2024-10-28 08:12:19,472 [5164dc07-7390-4e62-85ea-fa0d5359a577@group-2EAE137D939C-LeaderElection29] INFO  impl.RoleInfo (RoleInfo.java:shutdownLeaderElection(139)) - 5164dc07-7390-4e62-85ea-fa0d5359a577: shutdown 5164dc07-7390-4e62-85ea-fa0d5359a577@group-2EAE137D939C-LeaderElection29
2024-10-28 08:12:19,472 [5164dc07-7390-4e62-85ea-fa0d5359a577@group-2EAE137D939C-LeaderElection29] INFO  server.RaftServer$Division (RaftServerImpl.java:setRole(377)) - 5164dc07-7390-4e62-85ea-fa0d5359a577@group-2EAE137D939C: changes role from CANDIDATE to LEADER at term 2 for changeToLeader
2024-10-28 08:12:19,472 [5164dc07-7390-4e62-85ea-fa0d5359a577@group-2EAE137D939C-LeaderElection29] INFO  server.RaftServerConfigKeys (ConfUtils.java:logGet(46)) - raft.server.staging.catchup.gap = 1000 (default)
2024-10-28 08:12:19,472 [5164dc07-7390-4e62-85ea-fa0d5359a577@group-2EAE137D939C-LeaderElection29] INFO  server.RaftServerConfigKeys (ConfUtils.java:logGet(46)) - raft.server.write.element-limit = 1024 (custom)
2024-10-28 08:12:19,472 [5164dc07-7390-4e62-85ea-fa0d5359a577@group-2EAE137D939C-LeaderElection29] INFO  server.RaftServerConfigKeys (ConfUtils.java:logGet(46)) - raft.server.write.byte-limit = 1024 M (=1073741824) (custom)
2024-10-28 08:12:19,473 [5164dc07-7390-4e62-85ea-fa0d5359a577@group-2EAE137D939C-LeaderElection29] INFO  server.RaftServerConfigKeys (ConfUtils.java:logGet(46)) - raft.server.watch.timeout = 30s (custom)
2024-10-28 08:12:19,473 [5164dc07-7390-4e62-85ea-fa0d5359a577@group-2EAE137D939C-LeaderElection29] INFO  server.RaftServerConfigKeys (ConfUtils.java:logGet(46)) - raft.server.watch.timeout.denomination = 1s (default)
2024-10-28 08:12:19,473 [5164dc07-7390-4e62-85ea-fa0d5359a577@group-2EAE137D939C-LeaderElection29] INFO  server.RaftServerConfigKeys (ConfUtils.java:logGet(46)) - raft.server.watch.element-limit = 65536 (default)
2024-10-28 08:12:19,473 [5164dc07-7390-4e62-85ea-fa0d5359a577@group-2EAE137D939C-LeaderElection29] INFO  server.RaftServerConfigKeys (ConfUtils.java:logGet(46)) - raft.server.read.leader.lease.enabled = false (default)
2024-10-28 08:12:19,473 [5164dc07-7390-4e62-85ea-fa0d5359a577@group-2EAE137D939C-LeaderElection29] INFO  server.RaftServerConfigKeys (ConfUtils.java:logGet(46)) - raft.server.read.leader.lease.timeout.ratio = 0.9 (default)
2024-10-28 08:12:19,473 [5164dc07-7390-4e62-85ea-fa0d5359a577@group-2EAE137D939C-LeaderElection29] INFO  server.RaftServerConfigKeys (ConfUtils.java:logGet(46)) - raft.server.rpc.timeout.min = 5s (custom)
2024-10-28 08:12:19,473 [5164dc07-7390-4e62-85ea-fa0d5359a577@group-2EAE137D939C-LeaderElection29] INFO  server.RaftServerConfigKeys (ConfUtils.java:logGet(46)) - raft.server.log.log-metadata.enabled = true (default)
2024-10-28 08:12:19,473 [5164dc07-7390-4e62-85ea-fa0d5359a577@group-2EAE137D939C-LeaderElection29] INFO  server.RaftServerConfigKeys (ConfUtils.java:logGet(46)) - raft.server.write.element-limit = 1024 (custom)
2024-10-28 08:12:19,473 [5164dc07-7390-4e62-85ea-fa0d5359a577@group-2EAE137D939C-LeaderElection29] INFO  server.RaftServerConfigKeys (ConfUtils.java:logGet(46)) - raft.server.write.follower.gap.ratio.max = -1.0 (default)
2024-10-28 08:12:19,474 [5164dc07-7390-4e62-85ea-fa0d5359a577@group-2EAE137D939C-LeaderElection29] INFO  server.RaftServerConfigKeys (ConfUtils.java:logGet(46)) - raft.server.log.appender.snapshot.chunk.size.max = 16MB (=16777216) (default)
2024-10-28 08:12:19,474 [5164dc07-7390-4e62-85ea-fa0d5359a577@group-2EAE137D939C-LeaderElection29] INFO  server.RaftServerConfigKeys (ConfUtils.java:logGet(46)) - raft.server.log.appender.buffer.byte-limit = 33554432 (custom)
2024-10-28 08:12:19,474 [5164dc07-7390-4e62-85ea-fa0d5359a577@group-2EAE137D939C-LeaderElection29] INFO  server.RaftServerConfigKeys (ConfUtils.java:logGet(46)) - raft.server.log.appender.buffer.element-limit = 1024 (custom)
2024-10-28 08:12:19,474 [5164dc07-7390-4e62-85ea-fa0d5359a577@group-2EAE137D939C-LeaderElection29] INFO  server.RaftServerConfigKeys (ConfUtils.java:logGet(46)) - raft.server.log.appender.wait-time.min = 0μs (custom)
2024-10-28 08:12:19,474 [5164dc07-7390-4e62-85ea-fa0d5359a577@group-2EAE137D939C-LeaderElection29] INFO  grpc.GrpcConfigKeys (ConfUtils.java:logGet(46)) - raft.grpc.server.leader.outstanding.appends.max = 8 (default)
2024-10-28 08:12:19,474 [5164dc07-7390-4e62-85ea-fa0d5359a577@group-2EAE137D939C-LeaderElection29] INFO  server.RaftServerConfigKeys (ConfUtils.java:logGet(46)) - raft.server.rpc.request.timeout = 60s (custom)
2024-10-28 08:12:19,474 [5164dc07-7390-4e62-85ea-fa0d5359a577@group-2EAE137D939C-LeaderElection29] INFO  grpc.GrpcConfigKeys (ConfUtils.java:logGet(46)) - raft.grpc.server.install_snapshot.request.element-limit = 8 (default)
2024-10-28 08:12:19,474 [5164dc07-7390-4e62-85ea-fa0d5359a577@group-2EAE137D939C-LeaderElection29] INFO  grpc.GrpcConfigKeys (ConfUtils.java:logGet(46)) - raft.grpc.server.install_snapshot.request.timeout = 3000ms (default)
2024-10-28 08:12:19,474 [5164dc07-7390-4e62-85ea-fa0d5359a577@group-2EAE137D939C-LeaderElection29] INFO  grpc.GrpcConfigKeys (ConfUtils.java:logGet(46)) - raft.grpc.server.log-message.batch.duration = 5s (default)
2024-10-28 08:12:19,474 [5164dc07-7390-4e62-85ea-fa0d5359a577@group-2EAE137D939C-LeaderElection29] INFO  server.RaftServerConfigKeys (ConfUtils.java:logGet(46)) - raft.server.log.appender.install.snapshot.enabled = false (custom)
2024-10-28 08:12:19,474 [5164dc07-7390-4e62-85ea-fa0d5359a577@group-2EAE137D939C-LeaderElection29] INFO  grpc.GrpcConfigKeys (ConfUtils.java:logGet(46)) - raft.grpc.server.heartbeat.channel = true (default)
2024-10-28 08:12:19,475 [5164dc07-7390-4e62-85ea-fa0d5359a577@group-2EAE137D939C-LeaderElection29] INFO  server.RaftServerConfigKeys (ConfUtils.java:logGet(46)) - raft.server.log.appender.snapshot.chunk.size.max = 16MB (=16777216) (default)
2024-10-28 08:12:19,475 [5164dc07-7390-4e62-85ea-fa0d5359a577@group-2EAE137D939C-LeaderElection29] INFO  server.RaftServerConfigKeys (ConfUtils.java:logGet(46)) - raft.server.log.appender.buffer.byte-limit = 33554432 (custom)
2024-10-28 08:12:19,475 [5164dc07-7390-4e62-85ea-fa0d5359a577@group-2EAE137D939C-LeaderElection29] INFO  server.RaftServerConfigKeys (ConfUtils.java:logGet(46)) - raft.server.log.appender.buffer.element-limit = 1024 (custom)
2024-10-28 08:12:19,475 [5164dc07-7390-4e62-85ea-fa0d5359a577@group-2EAE137D939C-LeaderElection29] INFO  server.RaftServerConfigKeys (ConfUtils.java:logGet(46)) - raft.server.log.appender.wait-time.min = 0μs (custom)
2024-10-28 08:12:19,475 [5164dc07-7390-4e62-85ea-fa0d5359a577@group-2EAE137D939C-LeaderElection29] INFO  grpc.GrpcConfigKeys (ConfUtils.java:logGet(46)) - raft.grpc.server.leader.outstanding.appends.max = 8 (default)
2024-10-28 08:12:19,475 [5164dc07-7390-4e62-85ea-fa0d5359a577@group-2EAE137D939C-LeaderElection29] INFO  server.RaftServerConfigKeys (ConfUtils.java:logGet(46)) - raft.server.rpc.request.timeout = 60s (custom)
2024-10-28 08:12:19,476 [5164dc07-7390-4e62-85ea-fa0d5359a577@group-2EAE137D939C-LeaderElection29] INFO  grpc.GrpcConfigKeys (ConfUtils.java:logGet(46)) - raft.grpc.server.install_snapshot.request.element-limit = 8 (default)
2024-10-28 08:12:19,476 [5164dc07-7390-4e62-85ea-fa0d5359a577@group-2EAE137D939C-LeaderElection29] INFO  grpc.GrpcConfigKeys (ConfUtils.java:logGet(46)) - raft.grpc.server.install_snapshot.request.timeout = 3000ms (default)
2024-10-28 08:12:19,476 [5164dc07-7390-4e62-85ea-fa0d5359a577@group-2EAE137D939C-LeaderElection29] INFO  grpc.GrpcConfigKeys (ConfUtils.java:logGet(46)) - raft.grpc.server.log-message.batch.duration = 5s (default)
2024-10-28 08:12:19,476 [5164dc07-7390-4e62-85ea-fa0d5359a577@group-2EAE137D939C-LeaderElection29] INFO  server.RaftServerConfigKeys (ConfUtils.java:logGet(46)) - raft.server.log.appender.install.snapshot.enabled = false (custom)
2024-10-28 08:12:19,476 [5164dc07-7390-4e62-85ea-fa0d5359a577@group-2EAE137D939C-LeaderElection29] INFO  grpc.GrpcConfigKeys (ConfUtils.java:logGet(46)) - raft.grpc.server.heartbeat.channel = true (default)
2024-10-28 08:12:19,476 [5164dc07-7390-4e62-85ea-fa0d5359a577@group-2EAE137D939C-LeaderElection29] INFO  impl.RoleInfo (RoleInfo.java:updateAndGet(148)) - 5164dc07-7390-4e62-85ea-fa0d5359a577: start 5164dc07-7390-4e62-85ea-fa0d5359a577@group-2EAE137D939C-LeaderStateImpl
2024-10-28 08:12:19,476 [5164dc07-7390-4e62-85ea-fa0d5359a577@group-2EAE137D939C-LeaderElection29] INFO  ratis.XceiverServerRatis (XceiverServerRatis.java:handleLeaderChangedNotification(944)) - Leader change notification received for group: group-2EAE137D939C with new leaderId: 5164dc07-7390-4e62-85ea-fa0d5359a577
2024-10-28 08:12:19,476 [5164dc07-7390-4e62-85ea-fa0d5359a577@group-2EAE137D939C-LeaderElection29] INFO  server.RaftServer$Division (ServerState.java:setLeader(272)) - 5164dc07-7390-4e62-85ea-fa0d5359a577@group-2EAE137D939C: change Leader from null to 5164dc07-7390-4e62-85ea-fa0d5359a577 at term 2 for becomeLeader, leader elected after 10228ms
2024-10-28 08:12:19,476 [5164dc07-7390-4e62-85ea-fa0d5359a577@group-2EAE137D939C-LeaderElection29] INFO  segmented.SegmentedRaftLogWorker (SegmentedRaftLogWorker.java:rollLogSegment(442)) - 5164dc07-7390-4e62-85ea-fa0d5359a577@group-2EAE137D939C-SegmentedRaftLogWorker: Rolling segment log-0_0 to index:0
2024-10-28 08:12:19,477 [5164dc07-7390-4e62-85ea-fa0d5359a577@group-2EAE137D939C-SegmentedRaftLogWorker] INFO  segmented.SegmentedRaftLogWorker (SegmentedRaftLogWorker.java:execute(598)) - 5164dc07-7390-4e62-85ea-fa0d5359a577@group-2EAE137D939C-SegmentedRaftLogWorker: Rolled log segment from /home/runner/work/ozone/ozone/hadoop-ozone/integration-test/target/test-dir/MiniOzoneClusterImpl-0da7ab08-e378-40bf-aed1-312ccc1152ed/ozone-meta/datanode-3/ratis/e3918b99-e00f-4486-a814-2eae137d939c/current/log_inprogress_0 to /home/runner/work/ozone/ozone/hadoop-ozone/integration-test/target/test-dir/MiniOzoneClusterImpl-0da7ab08-e378-40bf-aed1-312ccc1152ed/ozone-meta/datanode-3/ratis/e3918b99-e00f-4486-a814-2eae137d939c/current/log_0-0
2024-10-28 08:12:19,482 [5164dc07-7390-4e62-85ea-fa0d5359a577@group-2EAE137D939C-SegmentedRaftLogWorker] INFO  segmented.BufferedWriteChannel (BufferedWriteChannel.java:open(61)) - open log_inprogress_1 at position 0
2024-10-28 08:12:19,484 [5164dc07-7390-4e62-85ea-fa0d5359a577@group-2EAE137D939C-LeaderElection29] INFO  server.RaftServer$Division (ServerState.java:setRaftConf(386)) - 5164dc07-7390-4e62-85ea-fa0d5359a577@group-2EAE137D939C: set configuration conf: {index: 1, cur=peers:[5164dc07-7390-4e62-85ea-fa0d5359a577|127.0.0.1:15145, 2dd66384-ce76-40f1-abb4-2732924b3f06|127.0.0.1:15136, 0506bfaa-e0bf-41a1-ae8b-a3d5b458913d|127.0.0.1:15127]|listeners:[], old=null}
2024-10-28 08:12:19,490 [2dd66384-ce76-40f1-abb4-2732924b3f06-server-thread3] INFO  ratis.XceiverServerRatis (XceiverServerRatis.java:handleLeaderChangedNotification(944)) - Leader change notification received for group: group-2EAE137D939C with new leaderId: 5164dc07-7390-4e62-85ea-fa0d5359a577
2024-10-28 08:12:19,490 [2dd66384-ce76-40f1-abb4-2732924b3f06-server-thread3] INFO  server.RaftServer$Division (ServerState.java:setLeader(272)) - 2dd66384-ce76-40f1-abb4-2732924b3f06@group-2EAE137D939C: change Leader from null to 5164dc07-7390-4e62-85ea-fa0d5359a577 at term 2 for appendEntries, leader elected after 42ms
2024-10-28 08:12:19,490 [0506bfaa-e0bf-41a1-ae8b-a3d5b458913d-server-thread2] INFO  ratis.XceiverServerRatis (XceiverServerRatis.java:handleLeaderChangedNotification(944)) - Leader change notification received for group: group-2EAE137D939C with new leaderId: 5164dc07-7390-4e62-85ea-fa0d5359a577
2024-10-28 08:12:19,490 [0506bfaa-e0bf-41a1-ae8b-a3d5b458913d-server-thread2] INFO  server.RaftServer$Division (ServerState.java:setLeader(272)) - 0506bfaa-e0bf-41a1-ae8b-a3d5b458913d@group-2EAE137D939C: change Leader from null to 5164dc07-7390-4e62-85ea-fa0d5359a577 at term 2 for appendEntries, leader elected after 21ms
2024-10-28 08:12:19,491 [2dd66384-ce76-40f1-abb4-2732924b3f06-server-thread1] INFO  server.RaftServer$Division (ServerState.java:setRaftConf(386)) - 2dd66384-ce76-40f1-abb4-2732924b3f06@group-2EAE137D939C: set configuration conf: {index: 1, cur=peers:[5164dc07-7390-4e62-85ea-fa0d5359a577|127.0.0.1:15145, 2dd66384-ce76-40f1-abb4-2732924b3f06|127.0.0.1:15136, 0506bfaa-e0bf-41a1-ae8b-a3d5b458913d|127.0.0.1:15127]|listeners:[], old=null}
2024-10-28 08:12:19,491 [2dd66384-ce76-40f1-abb4-2732924b3f06-server-thread1] INFO  segmented.SegmentedRaftLogWorker (SegmentedRaftLogWorker.java:rollLogSegment(442)) - 2dd66384-ce76-40f1-abb4-2732924b3f06@group-2EAE137D939C-SegmentedRaftLogWorker: Rolling segment log-0_0 to index:0
2024-10-28 08:12:19,491 [0506bfaa-e0bf-41a1-ae8b-a3d5b458913d-server-thread1] INFO  server.RaftServer$Division (ServerState.java:setRaftConf(386)) - 0506bfaa-e0bf-41a1-ae8b-a3d5b458913d@group-2EAE137D939C: set configuration conf: {index: 1, cur=peers:[5164dc07-7390-4e62-85ea-fa0d5359a577|127.0.0.1:15145, 2dd66384-ce76-40f1-abb4-2732924b3f06|127.0.0.1:15136, 0506bfaa-e0bf-41a1-ae8b-a3d5b458913d|127.0.0.1:15127]|listeners:[], old=null}
2024-10-28 08:12:19,492 [0506bfaa-e0bf-41a1-ae8b-a3d5b458913d-server-thread1] INFO  segmented.SegmentedRaftLogWorker (SegmentedRaftLogWorker.java:rollLogSegment(442)) - 0506bfaa-e0bf-41a1-ae8b-a3d5b458913d@group-2EAE137D939C-SegmentedRaftLogWorker: Rolling segment log-0_0 to index:0
2024-10-28 08:12:19,493 [2dd66384-ce76-40f1-abb4-2732924b3f06@group-2EAE137D939C-SegmentedRaftLogWorker] INFO  segmented.SegmentedRaftLogWorker (SegmentedRaftLogWorker.java:execute(598)) - 2dd66384-ce76-40f1-abb4-2732924b3f06@group-2EAE137D939C-SegmentedRaftLogWorker: Rolled log segment from /home/runner/work/ozone/ozone/hadoop-ozone/integration-test/target/test-dir/MiniOzoneClusterImpl-0da7ab08-e378-40bf-aed1-312ccc1152ed/ozone-meta/datanode-2/ratis/e3918b99-e00f-4486-a814-2eae137d939c/current/log_inprogress_0 to /home/runner/work/ozone/ozone/hadoop-ozone/integration-test/target/test-dir/MiniOzoneClusterImpl-0da7ab08-e378-40bf-aed1-312ccc1152ed/ozone-meta/datanode-2/ratis/e3918b99-e00f-4486-a814-2eae137d939c/current/log_0-0
2024-10-28 08:12:19,493 [2dd66384-ce76-40f1-abb4-2732924b3f06@group-2EAE137D939C-SegmentedRaftLogWorker] INFO  segmented.BufferedWriteChannel (BufferedWriteChannel.java:open(61)) - open log_inprogress_1 at position 0
2024-10-28 08:12:19,496 [5164dc07-7390-4e62-85ea-fa0d5359a577@group-2EAE137D939C-SegmentedRaftLogWorker] INFO  segmented.SegmentedRaftLogWorker (SegmentedRaftLogWorker.java:execute(641)) - 5164dc07-7390-4e62-85ea-fa0d5359a577@group-2EAE137D939C-SegmentedRaftLogWorker: created new log segment /home/runner/work/ozone/ozone/hadoop-ozone/integration-test/target/test-dir/MiniOzoneClusterImpl-0da7ab08-e378-40bf-aed1-312ccc1152ed/ozone-meta/datanode-3/ratis/e3918b99-e00f-4486-a814-2eae137d939c/current/log_inprogress_1
2024-10-28 08:12:19,497 [0506bfaa-e0bf-41a1-ae8b-a3d5b458913d@group-2EAE137D939C-SegmentedRaftLogWorker] INFO  segmented.SegmentedRaftLogWorker (SegmentedRaftLogWorker.java:execute(598)) - 0506bfaa-e0bf-41a1-ae8b-a3d5b458913d@group-2EAE137D939C-SegmentedRaftLogWorker: Rolled log segment from /home/runner/work/ozone/ozone/hadoop-ozone/integration-test/target/test-dir/MiniOzoneClusterImpl-0da7ab08-e378-40bf-aed1-312ccc1152ed/ozone-meta/datanode-1/ratis/e3918b99-e00f-4486-a814-2eae137d939c/current/log_inprogress_0 to /home/runner/work/ozone/ozone/hadoop-ozone/integration-test/target/test-dir/MiniOzoneClusterImpl-0da7ab08-e378-40bf-aed1-312ccc1152ed/ozone-meta/datanode-1/ratis/e3918b99-e00f-4486-a814-2eae137d939c/current/log_0-0
2024-10-28 08:12:19,497 [0506bfaa-e0bf-41a1-ae8b-a3d5b458913d@group-2EAE137D939C-SegmentedRaftLogWorker] INFO  segmented.BufferedWriteChannel (BufferedWriteChannel.java:open(61)) - open log_inprogress_1 at position 0
2024-10-28 08:12:19,503 [2dd66384-ce76-40f1-abb4-2732924b3f06@group-2EAE137D939C-SegmentedRaftLogWorker] INFO  segmented.SegmentedRaftLogWorker (SegmentedRaftLogWorker.java:execute(641)) - 2dd66384-ce76-40f1-abb4-2732924b3f06@group-2EAE137D939C-SegmentedRaftLogWorker: created new log segment /home/runner/work/ozone/ozone/hadoop-ozone/integration-test/target/test-dir/MiniOzoneClusterImpl-0da7ab08-e378-40bf-aed1-312ccc1152ed/ozone-meta/datanode-2/ratis/e3918b99-e00f-4486-a814-2eae137d939c/current/log_inprogress_1
2024-10-28 08:12:19,508 [5164dc07-7390-4e62-85ea-fa0d5359a577@group-2EAE137D939C-StateMachineUpdater] INFO  server.RaftServer$Division (LeaderStateImpl.java:checkStartIndex(316)) - Leader 5164dc07-7390-4e62-85ea-fa0d5359a577@group-2EAE137D939C-LeaderStateImpl is ready since appliedIndex == startIndex == 1
2024-10-28 08:12:19,509 [0506bfaa-e0bf-41a1-ae8b-a3d5b458913d@group-2EAE137D939C-SegmentedRaftLogWorker] INFO  segmented.SegmentedRaftLogWorker (SegmentedRaftLogWorker.java:execute(641)) - 0506bfaa-e0bf-41a1-ae8b-a3d5b458913d@group-2EAE137D939C-SegmentedRaftLogWorker: created new log segment /home/runner/work/ozone/ozone/hadoop-ozone/integration-test/target/test-dir/MiniOzoneClusterImpl-0da7ab08-e378-40bf-aed1-312ccc1152ed/ozone-meta/datanode-1/ratis/e3918b99-e00f-4486-a814-2eae137d939c/current/log_inprogress_1
2024-10-28 08:12:19,691 [omNode-3-server-thread1] INFO  server.RaftServer$Division (RaftServerImpl.java:setConfigurationAsync(1283)) - omNode-3@group-523986131536: receive setConfiguration SetConfigurationRequest:client-5A614BF4666C->omNode-3@group-523986131536, cid=24, seq=null, RW, null, SET_UNCONDITIONALLY, servers:[omNode-3|localhost:15122, omNode-1|localhost:15114, omNode-2|localhost:15118], listeners:[]
2024-10-28 08:12:19,692 [IPC Server handler 1 on default port 15119] INFO  ratis.RatisHelper (RatisHelper.java:resetPriorities(611)) - Successfully reset priorities: group-523986131536:[omNode-3|localhost:15122, omNode-1|localhost:15114, omNode-2|localhost:15118]
Transfer leadership successfully to random node.
2024-10-28 08:12:22,697 [main] INFO  ozone.MiniOzoneClusterImpl (MiniOzoneClusterImpl.java:shutdown(484)) - Shutting down the Mini Ozone Cluster
2024-10-28 08:12:22,697 [main] INFO  db.CodecTestUtil (CodecTestUtil.java:gc(50)) - gc 0
2024-10-28 08:12:22,887 [main] INFO  ozone.MiniOzoneHAClusterImpl (MiniOzoneHAClusterImpl.java:stop(288)) - Stopping the OzoneManager omNode-3
2024-10-28 08:12:22,887 [main] INFO  om.OzoneManager (OzoneManager.java:stop(2263)) - omNode-3[localhost:15119]: Stopping Ozone Manager
2024-10-28 08:12:22,888 [main] INFO  ipc.Server (Server.java:stop(3523)) - Stopping server on 15119
2024-10-28 08:12:22,891 [IPC Server Responder] INFO  ipc.Server (Server.java:run(1567)) - Stopping IPC Server Responder
2024-10-28 08:12:22,891 [IPC Server listener on 15119] INFO  ipc.Server (Server.java:run(1434)) - Stopping IPC Server listener on 15119
2024-10-28 08:12:22,891 [main] INFO  ratis.OzoneManagerRatisServer (OzoneManagerRatisServer.java:stop(609)) - Stopping org.apache.hadoop.ozone.om.ratis.OzoneManagerRatisServer@47c53b40 at port 15122
2024-10-28 08:12:22,891 [main] INFO  server.RaftServer (RaftServerProxy.java:lambda$close$9(417)) - omNode-3: close
2024-10-28 08:12:22,892 [main] INFO  server.GrpcService (GrpcService.java:closeImpl(343)) - omNode-3: shutdown server GrpcServerProtocolService now
2024-10-28 08:12:22,892 [omNode-3-impl-thread2] INFO  server.RaftServer$Division (RaftServerImpl.java:lambda$close$1(509)) - omNode-3@group-523986131536: shutdown
2024-10-28 08:12:22,892 [omNode-3-impl-thread2] INFO  util.JmxRegister (JmxRegister.java:unregister(74)) - Successfully un-registered JMX Bean with object name Ratis:service=RaftServer,group=group-523986131536,id=omNode-3
2024-10-28 08:12:22,893 [omNode-3-impl-thread2] INFO  impl.RoleInfo (RoleInfo.java:shutdownLeaderState(103)) - omNode-3: shutdown omNode-3@group-523986131536-LeaderStateImpl
2024-10-28 08:12:22,893 [omNode-3@group-523986131536->omNode-1-GrpcLogAppender-LogAppenderDaemon] WARN  server.GrpcLogAppender (GrpcLogAppender.java:mayWait(293)) - omNode-3@group-523986131536->omNode-1-GrpcLogAppender: Wait interrupted by java.lang.InterruptedException
2024-10-28 08:12:22,893 [omNode-3-impl-thread2] INFO  impl.PendingRequests (PendingRequests.java:sendNotLeaderResponses(287)) - omNode-3@group-523986131536-PendingRequests: sendNotLeaderResponses
2024-10-28 08:12:22,893 [omNode-3@group-523986131536->omNode-2-GrpcLogAppender-LogAppenderDaemon] WARN  server.GrpcLogAppender (GrpcLogAppender.java:mayWait(293)) - omNode-3@group-523986131536->omNode-2-GrpcLogAppender: Wait interrupted by java.lang.InterruptedException
2024-10-28 08:12:22,894 [grpc-default-executor-10] INFO  server.GrpcServerProtocolService (GrpcServerProtocolService.java:onCompleted(157)) - omNode-1: Completed APPEND_ENTRIES, lastRequest: omNode-3->omNode-1#2-t4,previous=(t:4, i:18),leaderCommit=18,initializing? false,entries: size=1, first=(t:4, i:19), METADATAENTRY(c:18)
2024-10-28 08:12:22,894 [omNode-3-impl-thread2] INFO  impl.StateMachineUpdater (StateMachineUpdater.java:stopAndJoin(164)) - omNode-3@group-523986131536-StateMachineUpdater: set stopIndex = 19
2024-10-28 08:12:22,894 [Thread-3226] INFO  server.GrpcServerProtocolClient (GrpcServerProtocolClient.java:close(105)) - omNode-2 Close channels
2024-10-28 08:12:22,894 [grpc-default-executor-7] INFO  server.GrpcServerProtocolService (GrpcServerProtocolService.java:onCompleted(157)) - omNode-2: Completed APPEND_ENTRIES, lastRequest: omNode-3->omNode-2#2-t4,previous=(t:4, i:18),leaderCommit=18,initializing? false,entries: size=1, first=(t:4, i:19), METADATAENTRY(c:18)
2024-10-28 08:12:22,894 [grpc-default-executor-3] INFO  server.GrpcServerProtocolService (GrpcServerProtocolService.java:onCompleted(157)) - omNode-1: Completed APPEND_ENTRIES, lastRequest: null
2024-10-28 08:12:22,894 [Thread-3225] INFO  server.GrpcServerProtocolClient (GrpcServerProtocolClient.java:close(105)) - omNode-1 Close channels
2024-10-28 08:12:22,894 [grpc-default-executor-7] INFO  server.GrpcServerProtocolService (GrpcServerProtocolService.java:lambda$onCompleted$5(159)) - omNode-2: Completed APPEND_ENTRIES, lastReply: null
2024-10-28 08:12:22,894 [grpc-default-executor-10] INFO  server.GrpcServerProtocolService (GrpcServerProtocolService.java:lambda$onCompleted$5(159)) - omNode-1: Completed APPEND_ENTRIES, lastReply: null
2024-10-28 08:12:22,895 [grpc-default-executor-3] INFO  server.GrpcServerProtocolService (GrpcServerProtocolService.java:lambda$onCompleted$5(159)) - omNode-1: Completed APPEND_ENTRIES, lastReply: serverReply {
  requestorId: "omNode-3"
  replyId: "omNode-1"
  raftGroupId {
    id: "\311\274L\364;\303<`\246kR9\206\023\0256"
  }
  callId: 27
  success: true
}
term: 4
nextIndex: 20
followerCommit: 19
matchIndex: 18446744073709551615
isHearbeat: true

2024-10-28 08:12:22,895 [grpc-default-executor-9] INFO  server.GrpcServerProtocolService (GrpcServerProtocolService.java:onCompleted(157)) - omNode-2: Completed APPEND_ENTRIES, lastRequest: null
2024-10-28 08:12:22,895 [grpc-default-executor-3] INFO  server.GrpcLogAppender (GrpcLogAppender.java:onCompleted(550)) - omNode-3@group-523986131536->omNode-2-AppendLogResponseHandler: follower responses appendEntries COMPLETED
2024-10-28 08:12:22,896 [grpc-default-executor-3] WARN  server.GrpcLogAppender (GrpcLogAppender.java:resetClient(230)) - omNode-3@group-523986131536->omNode-2-GrpcLogAppender: Failed to getClient for omNode-2
org.apache.ratis.protocol.exceptions.AlreadyClosedException: omNode-3 is already CLOSED
	at org.apache.ratis.util.PeerProxyMap$PeerAndProxy.getProxy(PeerProxyMap.java:67)
	at org.apache.ratis.util.PeerProxyMap.getProxy(PeerProxyMap.java:124)
	at org.apache.ratis.grpc.server.GrpcLogAppender.getClient(GrpcLogAppender.java:200)
	at org.apache.ratis.grpc.server.GrpcLogAppender.resetClient(GrpcLogAppender.java:205)
	at org.apache.ratis.grpc.server.GrpcLogAppender.access$800(GrpcLogAppender.java:64)
	at org.apache.ratis.grpc.server.GrpcLogAppender$AppendLogResponseHandler.onCompleted(GrpcLogAppender.java:551)
	at org.apache.ratis.thirdparty.io.grpc.stub.ClientCalls$StreamObserverToCallListenerAdapter.onClose(ClientCalls.java:479)
	at org.apache.ratis.thirdparty.io.grpc.internal.ClientCallImpl.closeObserver(ClientCallImpl.java:567)
	at org.apache.ratis.thirdparty.io.grpc.internal.ClientCallImpl.access$300(ClientCallImpl.java:71)
	at org.apache.ratis.thirdparty.io.grpc.internal.ClientCallImpl$ClientStreamListenerImpl$1StreamClosed.runInternal(ClientCallImpl.java:735)
	at org.apache.ratis.thirdparty.io.grpc.internal.ClientCallImpl$ClientStreamListenerImpl$1StreamClosed.runInContext(ClientCallImpl.java:716)
	at org.apache.ratis.thirdparty.io.grpc.internal.ContextRunnable.run(ContextRunnable.java:37)
	at org.apache.ratis.thirdparty.io.grpc.internal.SerializingExecutor.run(SerializingExecutor.java:133)
	at java.base/java.util.concurrent.ThreadPoolExecutor.runWorker(ThreadPoolExecutor.java:1136)
	at java.base/java.util.concurrent.ThreadPoolExecutor$Worker.run(ThreadPoolExecutor.java:635)
	at java.base/java.lang.Thread.run(Thread.java:840)
2024-10-28 08:12:22,895 [grpc-default-executor-9] INFO  server.GrpcServerProtocolService (GrpcServerProtocolService.java:lambda$onCompleted$5(159)) - omNode-2: Completed APPEND_ENTRIES, lastReply: serverReply {
  requestorId: "omNode-3"
  replyId: "omNode-2"
  raftGroupId {
    id: "\311\274L\364;\303<`\246kR9\206\023\0256"
  }
  callId: 26
  success: true
}
term: 4
nextIndex: 20
followerCommit: 19
matchIndex: 18446744073709551615
isHearbeat: true

2024-10-28 08:12:22,895 [grpc-default-executor-10] INFO  server.GrpcLogAppender (GrpcLogAppender.java:onCompleted(550)) - omNode-3@group-523986131536->omNode-1-AppendLogResponseHandler: follower responses appendEntries COMPLETED
2024-10-28 08:12:22,896 [grpc-default-executor-7] INFO  server.GrpcLogAppender (GrpcLogAppender.java:onCompleted(550)) - omNode-3@group-523986131536->omNode-1-AppendLogResponseHandler: follower responses appendEntries COMPLETED
2024-10-28 08:12:22,896 [grpc-default-executor-7] WARN  server.GrpcLogAppender (GrpcLogAppender.java:resetClient(230)) - omNode-3@group-523986131536->omNode-1-GrpcLogAppender: Failed to getClient for omNode-1
org.apache.ratis.protocol.exceptions.AlreadyClosedException: omNode-3 is already CLOSED
	at org.apache.ratis.util.PeerProxyMap$PeerAndProxy.getProxy(PeerProxyMap.java:67)
	at org.apache.ratis.util.PeerProxyMap.getProxy(PeerProxyMap.java:124)
	at org.apache.ratis.grpc.server.GrpcLogAppender.getClient(GrpcLogAppender.java:200)
	at org.apache.ratis.grpc.server.GrpcLogAppender.resetClient(GrpcLogAppender.java:205)
	at org.apache.ratis.grpc.server.GrpcLogAppender.access$800(GrpcLogAppender.java:64)
	at org.apache.ratis.grpc.server.GrpcLogAppender$AppendLogResponseHandler.onCompleted(GrpcLogAppender.java:551)
	at org.apache.ratis.thirdparty.io.grpc.stub.ClientCalls$StreamObserverToCallListenerAdapter.onClose(ClientCalls.java:479)
	at org.apache.ratis.thirdparty.io.grpc.internal.ClientCallImpl.closeObserver(ClientCallImpl.java:567)
	at org.apache.ratis.thirdparty.io.grpc.internal.ClientCallImpl.access$300(ClientCallImpl.java:71)
	at org.apache.ratis.thirdparty.io.grpc.internal.ClientCallImpl$ClientStreamListenerImpl$1StreamClosed.runInternal(ClientCallImpl.java:735)
	at org.apache.ratis.thirdparty.io.grpc.internal.ClientCallImpl$ClientStreamListenerImpl$1StreamClosed.runInContext(ClientCallImpl.java:716)
	at org.apache.ratis.thirdparty.io.grpc.internal.ContextRunnable.run(ContextRunnable.java:37)
	at org.apache.ratis.thirdparty.io.grpc.internal.SerializingExecutor.run(SerializingExecutor.java:133)
	at java.base/java.util.concurrent.ThreadPoolExecutor.runWorker(ThreadPoolExecutor.java:1136)
	at java.base/java.util.concurrent.ThreadPoolExecutor$Worker.run(ThreadPoolExecutor.java:635)
	at java.base/java.lang.Thread.run(Thread.java:840)
2024-10-28 08:12:22,896 [grpc-default-executor-10] WARN  server.GrpcLogAppender (GrpcLogAppender.java:resetClient(230)) - omNode-3@group-523986131536->omNode-1-GrpcLogAppender: Failed to getClient for omNode-1
org.apache.ratis.protocol.exceptions.AlreadyClosedException: omNode-3 is already CLOSED
	at org.apache.ratis.util.PeerProxyMap$PeerAndProxy.getProxy(PeerProxyMap.java:67)
	at org.apache.ratis.util.PeerProxyMap.getProxy(PeerProxyMap.java:124)
	at org.apache.ratis.grpc.server.GrpcLogAppender.getClient(GrpcLogAppender.java:200)
	at org.apache.ratis.grpc.server.GrpcLogAppender.resetClient(GrpcLogAppender.java:205)
	at org.apache.ratis.grpc.server.GrpcLogAppender.access$800(GrpcLogAppender.java:64)
	at org.apache.ratis.grpc.server.GrpcLogAppender$AppendLogResponseHandler.onCompleted(GrpcLogAppender.java:551)
	at org.apache.ratis.thirdparty.io.grpc.stub.ClientCalls$StreamObserverToCallListenerAdapter.onClose(ClientCalls.java:479)
	at org.apache.ratis.thirdparty.io.grpc.internal.ClientCallImpl.closeObserver(ClientCallImpl.java:567)
	at org.apache.ratis.thirdparty.io.grpc.internal.ClientCallImpl.access$300(ClientCallImpl.java:71)
	at org.apache.ratis.thirdparty.io.grpc.internal.ClientCallImpl$ClientStreamListenerImpl$1StreamClosed.runInternal(ClientCallImpl.java:735)
	at org.apache.ratis.thirdparty.io.grpc.internal.ClientCallImpl$ClientStreamListenerImpl$1StreamClosed.runInContext(ClientCallImpl.java:716)
	at org.apache.ratis.thirdparty.io.grpc.internal.ContextRunnable.run(ContextRunnable.java:37)
	at org.apache.ratis.thirdparty.io.grpc.internal.SerializingExecutor.run(SerializingExecutor.java:133)
	at java.base/java.util.concurrent.ThreadPoolExecutor.runWorker(ThreadPoolExecutor.java:1136)
	at java.base/java.util.concurrent.ThreadPoolExecutor$Worker.run(ThreadPoolExecutor.java:635)
	at java.base/java.lang.Thread.run(Thread.java:840)
2024-10-28 08:12:22,897 [grpc-default-executor-7] INFO  server.GrpcLogAppender (GrpcLogAppender.java:onCompleted(550)) - omNode-3@group-523986131536->omNode-2-AppendLogResponseHandler: follower responses appendEntries COMPLETED
2024-10-28 08:12:22,897 [grpc-default-executor-7] WARN  server.GrpcLogAppender (GrpcLogAppender.java:resetClient(230)) - omNode-3@group-523986131536->omNode-2-GrpcLogAppender: Failed to getClient for omNode-2
org.apache.ratis.protocol.exceptions.AlreadyClosedException: omNode-3 is already CLOSED
	at org.apache.ratis.util.PeerProxyMap$PeerAndProxy.getProxy(PeerProxyMap.java:67)
	at org.apache.ratis.util.PeerProxyMap.getProxy(PeerProxyMap.java:124)
	at org.apache.ratis.grpc.server.GrpcLogAppender.getClient(GrpcLogAppender.java:200)
	at org.apache.ratis.grpc.server.GrpcLogAppender.resetClient(GrpcLogAppender.java:205)
	at org.apache.ratis.grpc.server.GrpcLogAppender.access$800(GrpcLogAppender.java:64)
	at org.apache.ratis.grpc.server.GrpcLogAppender$AppendLogResponseHandler.onCompleted(GrpcLogAppender.java:551)
	at org.apache.ratis.thirdparty.io.grpc.stub.ClientCalls$StreamObserverToCallListenerAdapter.onClose(ClientCalls.java:479)
	at org.apache.ratis.thirdparty.io.grpc.internal.ClientCallImpl.closeObserver(ClientCallImpl.java:567)
	at org.apache.ratis.thirdparty.io.grpc.internal.ClientCallImpl.access$300(ClientCallImpl.java:71)
	at org.apache.ratis.thirdparty.io.grpc.internal.ClientCallImpl$ClientStreamListenerImpl$1StreamClosed.runInternal(ClientCallImpl.java:735)
	at org.apache.ratis.thirdparty.io.grpc.internal.ClientCallImpl$ClientStreamListenerImpl$1StreamClosed.runInContext(ClientCallImpl.java:716)
	at org.apache.ratis.thirdparty.io.grpc.internal.ContextRunnable.run(ContextRunnable.java:37)
	at org.apache.ratis.thirdparty.io.grpc.internal.SerializingExecutor.run(SerializingExecutor.java:133)
	at java.base/java.util.concurrent.ThreadPoolExecutor.runWorker(ThreadPoolExecutor.java:1136)
	at java.base/java.util.concurrent.ThreadPoolExecutor$Worker.run(ThreadPoolExecutor.java:635)
	at java.base/java.lang.Thread.run(Thread.java:840)
2024-10-28 08:12:22,899 [main] INFO  server.GrpcService (GrpcService.java:closeImpl(352)) - omNode-3: shutdown server GrpcServerProtocolService successfully
2024-10-28 08:12:22,906 [omNode-3@group-523986131536-StateMachineUpdater] INFO  ratis.OzoneManagerStateMachine (OzoneManagerStateMachine.java:takeSnapshotImpl(499)) - omNode-3: taking snapshot. applied = (t:4, i:19), skipped = -1, notified = (t:4, i:19), current snapshot index = (t:4, i:19), took 11 ms
2024-10-28 08:12:22,906 [omNode-3@group-523986131536-StateMachineUpdater] INFO  impl.StateMachineUpdater (StateMachineUpdater.java:takeSnapshot(303)) - omNode-3@group-523986131536-StateMachineUpdater: Took a snapshot at index 19
2024-10-28 08:12:22,906 [omNode-3@group-523986131536-StateMachineUpdater] INFO  impl.StateMachineUpdater (StateMachineUpdater.java:lambda$new$0(102)) - omNode-3@group-523986131536-StateMachineUpdater: snapshotIndex: updateIncreasingly -1 -> 19
2024-10-28 08:12:22,906 [omNode-3@group-523986131536-StateMachineUpdater] INFO  impl.StateMachineUpdater (StateMachineUpdater.java:stop(141)) - omNode-3@group-523986131536-StateMachineUpdater: closing OzoneManagerStateMachine, lastApplied=(t:4, i:19)
2024-10-28 08:12:22,906 [omNode-3@group-523986131536-StateMachineUpdater] INFO  ratis.OzoneManagerStateMachine (OzoneManagerStateMachine.java:close(539)) - Stopping OzoneManagerStateMachine:omNode-3:group-523986131536.
2024-10-28 08:12:22,906 [omNode-3@group-523986131536-StateMachineUpdater] INFO  ratis.OzoneManagerDoubleBuffer (OzoneManagerDoubleBuffer.java:stopDaemon(525)) - Stopping OMDoubleBuffer flush thread
2024-10-28 08:12:22,906 [omNode-3-OMDoubleBufferFlushThread] INFO  ratis.OzoneManagerDoubleBuffer (OzoneManagerDoubleBuffer.java:canFlush(589)) - OMDoubleBuffer flush thread omNode-3-OMDoubleBufferFlushThread is interrupted and will exit.
2024-10-28 08:12:22,906 [omNode-3@group-523986131536-cacheEviction-AwaitToRun] INFO  util.AwaitToRun (AwaitToRun.java:run(49)) - omNode-3@group-523986131536-cacheEviction-AwaitToRun-AwaitForSignal is interrupted
2024-10-28 08:12:23,482 [omNode-3-impl-thread2] INFO  segmented.SegmentedRaftLogWorker (SegmentedRaftLogWorker.java:close(251)) - omNode-3@group-523986131536-SegmentedRaftLogWorker close()
2024-10-28 08:12:23,482 [JvmPauseMonitor16] INFO  util.JvmPauseMonitor (JvmPauseMonitor.java:run(152)) - JvmPauseMonitor-omNode-3: Stopped
2024-10-28 08:12:23,483 [main] INFO  utils.BackgroundService (BackgroundService.java:shutdown(163)) - Shutting down service KeyDeletingService
2024-10-28 08:12:23,483 [main] INFO  utils.BackgroundService (BackgroundService.java:shutdown(163)) - Shutting down service DirectoryDeletingService
2024-10-28 08:12:23,483 [main] INFO  utils.BackgroundService (BackgroundService.java:shutdown(163)) - Shutting down service OpenKeyCleanupService
2024-10-28 08:12:23,483 [main] INFO  utils.BackgroundService (BackgroundService.java:shutdown(163)) - Shutting down service SstFilteringService
2024-10-28 08:12:23,483 [main] INFO  utils.BackgroundService (BackgroundService.java:shutdown(163)) - Shutting down service SnapshotDeletingService
2024-10-28 08:12:23,483 [main] INFO  utils.BackgroundService (BackgroundService.java:shutdown(163)) - Shutting down service MultipartUploadCleanupService
2024-10-28 08:12:23,484 [main] INFO  handler.ContextHandler (ContextHandler.java:doStop(1159)) - Stopped o.e.j.w.WebAppContext@76762af0{ozoneManager,/,null,STOPPED}{file:/home/runner/work/ozone/ozone/hadoop-ozone/integration-test/target/test-classes/webapps/ozoneManager}
2024-10-28 08:12:23,485 [main] INFO  server.AbstractConnector (AbstractConnector.java:doStop(383)) - Stopped ServerConnector@179f606c{HTTP/1.1, (http/1.1)}{0.0.0.0:15120}
2024-10-28 08:12:23,485 [main] INFO  server.session (HouseKeeper.java:stopScavenging(149)) - node0 Stopped scavenging
2024-10-28 08:12:23,485 [main] INFO  handler.ContextHandler (ContextHandler.java:doStop(1159)) - Stopped o.e.j.s.ServletContextHandler@73439017{static,/static,file:///home/runner/work/ozone/ozone/hadoop-ozone/integration-test/target/test-classes/webapps/static,STOPPED}
2024-10-28 08:12:23,485 [main] INFO  handler.ContextHandler (ContextHandler.java:doStop(1159)) - Stopped o.e.j.s.ServletContextHandler@3994d744{logs,/logs,file:///home/runner/work/ozone/ozone/hadoop-ozone/integration-test/target/log,STOPPED}
2024-10-28 08:12:23,486 [main] INFO  rocksdiff.RocksDBCheckpointDiffer (RocksDBCheckpointDiffer.java:close(306)) - Shutting down CompactionDagPruningService.
2024-10-28 08:12:23,488 [main] INFO  snapshot.SnapshotDiffManager (SnapshotDiffManager.java:closeExecutorService(1658)) - Shutting down executorService: 'SnapDiffExecutor'
2024-10-28 08:12:23,488 [main] INFO  utils.BackgroundService (BackgroundService.java:shutdown(163)) - Shutting down service SnapshotDiffCleanupService
2024-10-28 08:12:23,489 [main] INFO  ozone.MiniOzoneHAClusterImpl (MiniOzoneHAClusterImpl.java:stop(288)) - Stopping the OzoneManager omNode-1
2024-10-28 08:12:23,489 [main] INFO  om.OzoneManager (OzoneManager.java:stop(2263)) - omNode-1[localhost:15111]: Stopping Ozone Manager
2024-10-28 08:12:23,489 [main] INFO  ipc.Server (Server.java:stop(3523)) - Stopping server on 15111
2024-10-28 08:12:23,492 [IPC Server listener on 15111] INFO  ipc.Server (Server.java:run(1434)) - Stopping IPC Server listener on 15111
2024-10-28 08:12:23,492 [IPC Server Responder] INFO  ipc.Server (Server.java:run(1567)) - Stopping IPC Server Responder
2024-10-28 08:12:23,493 [main] INFO  ratis.OzoneManagerRatisServer (OzoneManagerRatisServer.java:stop(609)) - Stopping org.apache.hadoop.ozone.om.ratis.OzoneManagerRatisServer@6098b882 at port 15114
2024-10-28 08:12:23,493 [main] INFO  server.RaftServer (RaftServerProxy.java:lambda$close$9(417)) - omNode-1: close
2024-10-28 08:12:23,493 [main] INFO  server.GrpcService (GrpcService.java:closeImpl(343)) - omNode-1: shutdown server GrpcServerProtocolService now
2024-10-28 08:12:23,493 [omNode-1-impl-thread2] INFO  server.RaftServer$Division (RaftServerImpl.java:lambda$close$1(509)) - omNode-1@group-523986131536: shutdown
2024-10-28 08:12:23,494 [omNode-1-impl-thread2] INFO  util.JmxRegister (JmxRegister.java:unregister(74)) - Successfully un-registered JMX Bean with object name Ratis:service=RaftServer,group=group-523986131536,id=omNode-1
2024-10-28 08:12:23,494 [omNode-1-impl-thread2] INFO  impl.RoleInfo (RoleInfo.java:shutdownFollowerState(119)) - omNode-1: shutdown omNode-1@group-523986131536-FollowerState
2024-10-28 08:12:23,494 [omNode-1-impl-thread2] INFO  impl.StateMachineUpdater (StateMachineUpdater.java:stopAndJoin(164)) - omNode-1@group-523986131536-StateMachineUpdater: set stopIndex = 19
2024-10-28 08:12:23,494 [omNode-1@group-523986131536-FollowerState] INFO  impl.FollowerState (FollowerState.java:run(153)) - omNode-1@group-523986131536-FollowerState was interrupted
2024-10-28 08:12:23,494 [Thread-3264] INFO  server.GrpcServerProtocolClient (GrpcServerProtocolClient.java:close(105)) - omNode-3 Close channels
2024-10-28 08:12:23,494 [Thread-3266] INFO  server.GrpcServerProtocolClient (GrpcServerProtocolClient.java:close(105)) - omNode-2 Close channels
2024-10-28 08:12:23,495 [main] INFO  server.GrpcService (GrpcService.java:closeImpl(352)) - omNode-1: shutdown server GrpcServerProtocolService successfully
2024-10-28 08:12:23,504 [omNode-1@group-523986131536-StateMachineUpdater] INFO  ratis.OzoneManagerStateMachine (OzoneManagerStateMachine.java:takeSnapshotImpl(499)) - omNode-1: taking snapshot. applied = (t:4, i:19), skipped = -1, notified = (t:4, i:19), current snapshot index = (t:4, i:19), took 10 ms
2024-10-28 08:12:23,505 [omNode-1@group-523986131536-StateMachineUpdater] INFO  impl.StateMachineUpdater (StateMachineUpdater.java:takeSnapshot(303)) - omNode-1@group-523986131536-StateMachineUpdater: Took a snapshot at index 19
2024-10-28 08:12:23,505 [omNode-1@group-523986131536-StateMachineUpdater] INFO  impl.StateMachineUpdater (StateMachineUpdater.java:lambda$new$0(102)) - omNode-1@group-523986131536-StateMachineUpdater: snapshotIndex: updateIncreasingly -1 -> 19
2024-10-28 08:12:23,505 [omNode-1@group-523986131536-StateMachineUpdater] INFO  impl.StateMachineUpdater (StateMachineUpdater.java:stop(141)) - omNode-1@group-523986131536-StateMachineUpdater: closing OzoneManagerStateMachine, lastApplied=(t:4, i:19)
2024-10-28 08:12:23,505 [omNode-1@group-523986131536-StateMachineUpdater] INFO  ratis.OzoneManagerStateMachine (OzoneManagerStateMachine.java:close(539)) - Stopping OzoneManagerStateMachine:omNode-1:group-523986131536.
2024-10-28 08:12:23,505 [omNode-1@group-523986131536-StateMachineUpdater] INFO  ratis.OzoneManagerDoubleBuffer (OzoneManagerDoubleBuffer.java:stopDaemon(525)) - Stopping OMDoubleBuffer flush thread
2024-10-28 08:12:23,505 [omNode-1-OMDoubleBufferFlushThread] INFO  ratis.OzoneManagerDoubleBuffer (OzoneManagerDoubleBuffer.java:canFlush(589)) - OMDoubleBuffer flush thread omNode-1-OMDoubleBufferFlushThread is interrupted and will exit.
2024-10-28 08:12:23,505 [omNode-1@group-523986131536-cacheEviction-AwaitToRun] INFO  util.AwaitToRun (AwaitToRun.java:run(49)) - omNode-1@group-523986131536-cacheEviction-AwaitToRun-AwaitForSignal is interrupted
2024-10-28 08:12:23,884 [omNode-2@group-523986131536-FollowerState] INFO  impl.FollowerState (FollowerState.java:run(144)) - omNode-2@group-523986131536-FollowerState: change to CANDIDATE, lastRpcElapsedTime:1376882317ns, electionTimeout:1097ms
2024-10-28 08:12:23,884 [omNode-2@group-523986131536-FollowerState] INFO  impl.RoleInfo (RoleInfo.java:shutdownFollowerState(119)) - omNode-2: shutdown omNode-2@group-523986131536-FollowerState
2024-10-28 08:12:23,884 [omNode-2@group-523986131536-FollowerState] INFO  server.RaftServer$Division (RaftServerImpl.java:setRole(377)) - omNode-2@group-523986131536: changes role from  FOLLOWER to CANDIDATE at term 4 for changeToCandidate
2024-10-28 08:12:23,885 [omNode-2@group-523986131536-FollowerState] INFO  server.RaftServerConfigKeys (ConfUtils.java:logGet(46)) - raft.server.leaderelection.pre-vote = true (default)
2024-10-28 08:12:23,885 [omNode-2@group-523986131536-FollowerState] INFO  impl.RoleInfo (RoleInfo.java:updateAndGet(148)) - omNode-2: start omNode-2@group-523986131536-LeaderElection30
2024-10-28 08:12:23,885 [omNode-2@group-523986131536-LeaderElection30] INFO  server.RaftServer$Division (ServerState.java:setLeader(272)) - omNode-2@group-523986131536: change Leader from omNode-3 to null at term 4 for PRE_VOTE
2024-10-28 08:12:23,885 [omNode-2@group-523986131536-LeaderElection30] INFO  impl.LeaderElection (LeaderElection.java:askForVotes(325)) - omNode-2@group-523986131536-LeaderElection30 PRE_VOTE round 0: submit vote requests at term 4 for conf: {index: 18, cur=peers:[omNode-3|localhost:15122, omNode-1|localhost:15114, omNode-2|localhost:15118]|listeners:[], old=null}
2024-10-28 08:12:23,886 [omNode-2@group-523986131536-LeaderElection30-1] INFO  server.GrpcServerProtocolClient (GrpcServerProtocolClient.java:<init>(65)) - Build channel for omNode-3|localhost:15122
2024-10-28 08:12:23,886 [omNode-2@group-523986131536-LeaderElection30-2] INFO  server.GrpcServerProtocolClient (GrpcServerProtocolClient.java:<init>(65)) - Build channel for omNode-1|localhost:15114
2024-10-28 08:12:23,889 [omNode-2@group-523986131536-LeaderElection30] INFO  impl.LeaderElection (LogUtils.java:infoOrTrace(136)) - omNode-2@group-523986131536-LeaderElection30 got exception when requesting votes: java.util.concurrent.ExecutionException: org.apache.ratis.thirdparty.io.grpc.StatusRuntimeException: UNAVAILABLE: io exception
2024-10-28 08:12:23,889 [omNode-2@group-523986131536-LeaderElection30] INFO  impl.LeaderElection (LogUtils.java:infoOrTrace(136)) - omNode-2@group-523986131536-LeaderElection30 got exception when requesting votes: java.util.concurrent.ExecutionException: org.apache.ratis.thirdparty.io.grpc.StatusRuntimeException: UNAVAILABLE: io exception
2024-10-28 08:12:23,889 [omNode-2@group-523986131536-LeaderElection30] INFO  impl.LeaderElection (LeaderElection.java:logAndReturn(89)) - omNode-2@group-523986131536-LeaderElection30: PRE_VOTE REJECTED received 0 response(s) and 2 exception(s):
2024-10-28 08:12:23,889 [omNode-2@group-523986131536-LeaderElection30] INFO  impl.LeaderElection (LogUtils.java:infoOrTrace(136)) -   Exception 0: java.util.concurrent.ExecutionException: org.apache.ratis.thirdparty.io.grpc.StatusRuntimeException: UNAVAILABLE: io exception
2024-10-28 08:12:23,889 [omNode-2@group-523986131536-LeaderElection30] INFO  impl.LeaderElection (LogUtils.java:infoOrTrace(136)) -   Exception 1: java.util.concurrent.ExecutionException: org.apache.ratis.thirdparty.io.grpc.StatusRuntimeException: UNAVAILABLE: io exception
2024-10-28 08:12:23,889 [omNode-2@group-523986131536-LeaderElection30] INFO  impl.LeaderElection (LeaderElection.java:askForVotes(327)) - omNode-2@group-523986131536-LeaderElection30 PRE_VOTE round 0: result REJECTED
2024-10-28 08:12:23,889 [omNode-2@group-523986131536-LeaderElection30] INFO  server.RaftServer$Division (RaftServerImpl.java:setRole(377)) - omNode-2@group-523986131536: changes role from CANDIDATE to FOLLOWER at term 4 for REJECTED
2024-10-28 08:12:23,891 [omNode-2@group-523986131536-LeaderElection30] INFO  impl.RoleInfo (RoleInfo.java:shutdownLeaderElection(139)) - omNode-2: shutdown omNode-2@group-523986131536-LeaderElection30
2024-10-28 08:12:23,891 [omNode-2@group-523986131536-LeaderElection30] INFO  impl.RoleInfo (RoleInfo.java:updateAndGet(148)) - omNode-2: start omNode-2@group-523986131536-FollowerState
2024-10-28 08:12:24,483 [omNode-1-impl-thread2] INFO  segmented.SegmentedRaftLogWorker (SegmentedRaftLogWorker.java:close(251)) - omNode-1@group-523986131536-SegmentedRaftLogWorker close()
2024-10-28 08:12:24,483 [JvmPauseMonitor14] INFO  util.JvmPauseMonitor (JvmPauseMonitor.java:run(152)) - JvmPauseMonitor-omNode-1: Stopped
2024-10-28 08:12:24,483 [main] INFO  utils.BackgroundService (BackgroundService.java:shutdown(163)) - Shutting down service KeyDeletingService
2024-10-28 08:12:24,484 [main] INFO  utils.BackgroundService (BackgroundService.java:shutdown(163)) - Shutting down service DirectoryDeletingService
2024-10-28 08:12:24,485 [main] INFO  utils.BackgroundService (BackgroundService.java:shutdown(163)) - Shutting down service OpenKeyCleanupService
2024-10-28 08:12:24,488 [main] INFO  utils.BackgroundService (BackgroundService.java:shutdown(163)) - Shutting down service SstFilteringService
2024-10-28 08:12:24,488 [main] INFO  utils.BackgroundService (BackgroundService.java:shutdown(163)) - Shutting down service SnapshotDeletingService
2024-10-28 08:12:24,488 [main] INFO  utils.BackgroundService (BackgroundService.java:shutdown(163)) - Shutting down service MultipartUploadCleanupService
2024-10-28 08:12:24,489 [main] INFO  handler.ContextHandler (ContextHandler.java:doStop(1159)) - Stopped o.e.j.w.WebAppContext@290150cb{ozoneManager,/,null,STOPPED}{file:/home/runner/work/ozone/ozone/hadoop-ozone/integration-test/target/test-classes/webapps/ozoneManager}
2024-10-28 08:12:24,489 [main] INFO  server.AbstractConnector (AbstractConnector.java:doStop(383)) - Stopped ServerConnector@75fc5f4c{HTTP/1.1, (http/1.1)}{0.0.0.0:15112}
2024-10-28 08:12:24,490 [main] INFO  server.session (HouseKeeper.java:stopScavenging(149)) - node0 Stopped scavenging
2024-10-28 08:12:24,490 [main] INFO  handler.ContextHandler (ContextHandler.java:doStop(1159)) - Stopped o.e.j.s.ServletContextHandler@6e226e7d{static,/static,file:///home/runner/work/ozone/ozone/hadoop-ozone/integration-test/target/test-classes/webapps/static,STOPPED}
2024-10-28 08:12:24,490 [main] INFO  handler.ContextHandler (ContextHandler.java:doStop(1159)) - Stopped o.e.j.s.ServletContextHandler@7d241cc5{logs,/logs,file:///home/runner/work/ozone/ozone/hadoop-ozone/integration-test/target/log,STOPPED}
2024-10-28 08:12:24,491 [main] INFO  rocksdiff.RocksDBCheckpointDiffer (RocksDBCheckpointDiffer.java:close(306)) - Shutting down CompactionDagPruningService.
2024-10-28 08:12:24,492 [main] INFO  snapshot.SnapshotDiffManager (SnapshotDiffManager.java:closeExecutorService(1658)) - Shutting down executorService: 'SnapDiffExecutor'
2024-10-28 08:12:24,492 [main] INFO  utils.BackgroundService (BackgroundService.java:shutdown(163)) - Shutting down service SnapshotDiffCleanupService
2024-10-28 08:12:24,493 [main] INFO  ozone.MiniOzoneHAClusterImpl (MiniOzoneHAClusterImpl.java:stop(288)) - Stopping the OzoneManager omNode-2
2024-10-28 08:12:24,494 [main] INFO  om.OzoneManager (OzoneManager.java:stop(2263)) - omNode-2[localhost:15115]: Stopping Ozone Manager
2024-10-28 08:12:24,494 [main] INFO  ipc.Server (Server.java:stop(3523)) - Stopping server on 15115
2024-10-28 08:12:24,497 [IPC Server listener on 15115] INFO  ipc.Server (Server.java:run(1434)) - Stopping IPC Server listener on 15115
2024-10-28 08:12:24,497 [IPC Server Responder] INFO  ipc.Server (Server.java:run(1567)) - Stopping IPC Server Responder
2024-10-28 08:12:24,498 [main] INFO  ratis.OzoneManagerRatisServer (OzoneManagerRatisServer.java:stop(609)) - Stopping org.apache.hadoop.ozone.om.ratis.OzoneManagerRatisServer@563ae68b at port 15118
2024-10-28 08:12:24,498 [main] INFO  server.RaftServer (RaftServerProxy.java:lambda$close$9(417)) - omNode-2: close
2024-10-28 08:12:24,498 [main] INFO  server.GrpcService (GrpcService.java:closeImpl(343)) - omNode-2: shutdown server GrpcServerProtocolService now
2024-10-28 08:12:24,498 [omNode-2-impl-thread2] INFO  server.RaftServer$Division (RaftServerImpl.java:lambda$close$1(509)) - omNode-2@group-523986131536: shutdown
2024-10-28 08:12:24,498 [omNode-2-impl-thread2] INFO  util.JmxRegister (JmxRegister.java:unregister(74)) - Successfully un-registered JMX Bean with object name Ratis:service=RaftServer,group=group-523986131536,id=omNode-2
2024-10-28 08:12:24,499 [omNode-2-impl-thread2] INFO  impl.RoleInfo (RoleInfo.java:shutdownFollowerState(119)) - omNode-2: shutdown omNode-2@group-523986131536-FollowerState
2024-10-28 08:12:24,499 [omNode-2-impl-thread2] INFO  impl.StateMachineUpdater (StateMachineUpdater.java:stopAndJoin(164)) - omNode-2@group-523986131536-StateMachineUpdater: set stopIndex = 19
2024-10-28 08:12:24,499 [Thread-3308] INFO  server.GrpcServerProtocolClient (GrpcServerProtocolClient.java:close(105)) - omNode-3 Close channels
2024-10-28 08:12:24,499 [Thread-3309] INFO  server.GrpcServerProtocolClient (GrpcServerProtocolClient.java:close(105)) - omNode-1 Close channels
2024-10-28 08:12:24,499 [omNode-2@group-523986131536-FollowerState] INFO  impl.FollowerState (FollowerState.java:run(153)) - omNode-2@group-523986131536-FollowerState was interrupted
2024-10-28 08:12:24,500 [main] INFO  server.GrpcService (GrpcService.java:closeImpl(352)) - omNode-2: shutdown server GrpcServerProtocolService successfully
2024-10-28 08:12:24,509 [omNode-2@group-523986131536-StateMachineUpdater] INFO  ratis.OzoneManagerStateMachine (OzoneManagerStateMachine.java:takeSnapshotImpl(499)) - omNode-2: taking snapshot. applied = (t:4, i:19), skipped = -1, notified = (t:4, i:19), current snapshot index = (t:4, i:19), took 11 ms
2024-10-28 08:12:24,509 [omNode-2@group-523986131536-StateMachineUpdater] INFO  impl.StateMachineUpdater (StateMachineUpdater.java:takeSnapshot(303)) - omNode-2@group-523986131536-StateMachineUpdater: Took a snapshot at index 19
2024-10-28 08:12:24,510 [omNode-2@group-523986131536-StateMachineUpdater] INFO  impl.StateMachineUpdater (StateMachineUpdater.java:lambda$new$0(102)) - omNode-2@group-523986131536-StateMachineUpdater: snapshotIndex: updateIncreasingly -1 -> 19
2024-10-28 08:12:24,510 [omNode-2@group-523986131536-StateMachineUpdater] INFO  impl.StateMachineUpdater (StateMachineUpdater.java:stop(141)) - omNode-2@group-523986131536-StateMachineUpdater: closing OzoneManagerStateMachine, lastApplied=(t:4, i:19)
2024-10-28 08:12:24,510 [omNode-2@group-523986131536-StateMachineUpdater] INFO  ratis.OzoneManagerStateMachine (OzoneManagerStateMachine.java:close(539)) - Stopping OzoneManagerStateMachine:omNode-2:group-523986131536.
2024-10-28 08:12:24,510 [omNode-2@group-523986131536-StateMachineUpdater] INFO  ratis.OzoneManagerDoubleBuffer (OzoneManagerDoubleBuffer.java:stopDaemon(525)) - Stopping OMDoubleBuffer flush thread
2024-10-28 08:12:24,510 [omNode-2-OMDoubleBufferFlushThread] INFO  ratis.OzoneManagerDoubleBuffer (OzoneManagerDoubleBuffer.java:canFlush(589)) - OMDoubleBuffer flush thread omNode-2-OMDoubleBufferFlushThread is interrupted and will exit.
2024-10-28 08:12:24,510 [omNode-2@group-523986131536-cacheEviction-AwaitToRun] INFO  util.AwaitToRun (AwaitToRun.java:run(49)) - omNode-2@group-523986131536-cacheEviction-AwaitToRun-AwaitForSignal is interrupted
2024-10-28 08:12:25,483 [omNode-2-impl-thread2] INFO  segmented.SegmentedRaftLogWorker (SegmentedRaftLogWorker.java:close(251)) - omNode-2@group-523986131536-SegmentedRaftLogWorker close()
2024-10-28 08:12:25,484 [JvmPauseMonitor15] INFO  util.JvmPauseMonitor (JvmPauseMonitor.java:run(152)) - JvmPauseMonitor-omNode-2: Stopped
2024-10-28 08:12:25,484 [main] INFO  utils.BackgroundService (BackgroundService.java:shutdown(163)) - Shutting down service KeyDeletingService
2024-10-28 08:12:25,484 [main] INFO  utils.BackgroundService (BackgroundService.java:shutdown(163)) - Shutting down service DirectoryDeletingService
2024-10-28 08:12:25,484 [main] INFO  utils.BackgroundService (BackgroundService.java:shutdown(163)) - Shutting down service OpenKeyCleanupService
2024-10-28 08:12:25,484 [main] INFO  utils.BackgroundService (BackgroundService.java:shutdown(163)) - Shutting down service SstFilteringService
2024-10-28 08:12:25,484 [main] INFO  utils.BackgroundService (BackgroundService.java:shutdown(163)) - Shutting down service SnapshotDeletingService
2024-10-28 08:12:25,485 [main] INFO  utils.BackgroundService (BackgroundService.java:shutdown(163)) - Shutting down service MultipartUploadCleanupService
2024-10-28 08:12:25,486 [main] INFO  handler.ContextHandler (ContextHandler.java:doStop(1159)) - Stopped o.e.j.w.WebAppContext@62c4efd4{ozoneManager,/,null,STOPPED}{file:/home/runner/work/ozone/ozone/hadoop-ozone/integration-test/target/test-classes/webapps/ozoneManager}
2024-10-28 08:12:25,486 [main] INFO  server.AbstractConnector (AbstractConnector.java:doStop(383)) - Stopped ServerConnector@6aff34b5{HTTP/1.1, (http/1.1)}{0.0.0.0:15116}
2024-10-28 08:12:25,486 [main] INFO  server.session (HouseKeeper.java:stopScavenging(149)) - node0 Stopped scavenging
2024-10-28 08:12:25,487 [main] INFO  handler.ContextHandler (ContextHandler.java:doStop(1159)) - Stopped o.e.j.s.ServletContextHandler@58f7bea0{static,/static,file:///home/runner/work/ozone/ozone/hadoop-ozone/integration-test/target/test-classes/webapps/static,STOPPED}
2024-10-28 08:12:25,487 [main] INFO  handler.ContextHandler (ContextHandler.java:doStop(1159)) - Stopped o.e.j.s.ServletContextHandler@1c92cb4b{logs,/logs,file:///home/runner/work/ozone/ozone/hadoop-ozone/integration-test/target/log,STOPPED}
2024-10-28 08:12:25,488 [main] INFO  rocksdiff.RocksDBCheckpointDiffer (RocksDBCheckpointDiffer.java:close(306)) - Shutting down CompactionDagPruningService.
2024-10-28 08:12:25,491 [main] INFO  snapshot.SnapshotDiffManager (SnapshotDiffManager.java:closeExecutorService(1658)) - Shutting down executorService: 'SnapDiffExecutor'
2024-10-28 08:12:25,491 [main] INFO  utils.BackgroundService (BackgroundService.java:shutdown(163)) - Shutting down service SnapshotDiffCleanupService
2024-10-28 08:12:25,492 [main] INFO  ozone.MiniOzoneHAClusterImpl (MiniOzoneHAClusterImpl.java:stop(295)) - Stopping the StorageContainerManager 22ff29b6-698b-46d6-babb-0a5352f8b68f
2024-10-28 08:12:25,492 [main] INFO  server.StorageContainerManager (StorageContainerManager.java:stop(1652)) - Container Balancer is not running.
2024-10-28 08:12:25,492 [main] INFO  server.StorageContainerManager (StorageContainerManager.java:stopReplicationManager(1790)) - Stopping Replication Manager Service.
2024-10-28 08:12:25,492 [main] INFO  replication.ReplicationManager (ReplicationManager.java:stop(329)) - Stopping Replication Monitor Thread.
2024-10-28 08:12:25,492 [scmNode-2-UnderReplicatedProcessor] WARN  replication.UnhealthyReplicationProcessor (UnhealthyReplicationProcessor.java:run(180)) - scmNode-2-UnderReplicatedProcessor interrupted. Exiting...
2024-10-28 08:12:25,493 [scmNode-2-OverReplicatedProcessor] WARN  replication.UnhealthyReplicationProcessor (UnhealthyReplicationProcessor.java:run(180)) - scmNode-2-OverReplicatedProcessor interrupted. Exiting...
2024-10-28 08:12:25,493 [scmNode-2-ReplicationMonitor] INFO  replication.ReplicationManager (ReplicationManager.java:run(938)) - Replication Monitor Thread is stopped
2024-10-28 08:12:25,493 [main] INFO  server.StorageContainerManager (StorageContainerManager.java:stop(1661)) - Stopping the Datanode Admin Monitor.
2024-10-28 08:12:25,493 [main] INFO  server.StorageContainerManager (StorageContainerManager.java:stop(1668)) - Stopping datanode service RPC server
2024-10-28 08:12:25,493 [main] INFO  server.SCMDatanodeProtocolServer (SCMDatanodeProtocolServer.java:stop(430)) - Stopping the RPC server for DataNodes
2024-10-28 08:12:25,493 [main] INFO  ipc.Server (Server.java:stop(3523)) - Stopping server on 15087
2024-10-28 08:12:25,500 [IPC Server listener on 15087] INFO  ipc.Server (Server.java:run(1434)) - Stopping IPC Server listener on 15087
2024-10-28 08:12:25,500 [IPC Server Responder] INFO  ipc.Server (Server.java:run(1567)) - Stopping IPC Server Responder
2024-10-28 08:12:25,591 [scmNode-2-SCMHeartbeatProcessor-0] WARN  node.NodeStateManager (NodeStateManager.java:scheduleNextHealthCheck(935)) - Current Thread is interrupted, shutting down HB processing thread for Node Manager.
2024-10-28 08:12:25,591 [main] INFO  server.StorageContainerManager (StorageContainerManager.java:stop(1676)) - Stopping block service RPC server
2024-10-28 08:12:25,591 [main] INFO  server.SCMBlockProtocolServer (SCMBlockProtocolServer.java:stop(181)) - Stopping the RPC server for Block Protocol
2024-10-28 08:12:25,592 [main] INFO  ipc.Server (Server.java:stop(3523)) - Stopping server on 15090
2024-10-28 08:12:25,601 [IPC Server listener on 15090] INFO  ipc.Server (Server.java:run(1434)) - Stopping IPC Server listener on 15090
2024-10-28 08:12:25,601 [IPC Server Responder] INFO  ipc.Server (Server.java:run(1567)) - Stopping IPC Server Responder
2024-10-28 08:12:25,601 [main] INFO  server.StorageContainerManager (StorageContainerManager.java:stop(1683)) - Stopping the StorageContainerLocationProtocol RPC server
2024-10-28 08:12:25,602 [main] INFO  server.SCMClientProtocolServer (SCMClientProtocolServer.java:stop(224)) - Stopping the RPC server for Client Protocol
2024-10-28 08:12:25,602 [main] INFO  ipc.Server (Server.java:stop(3523)) - Stopping server on 15088
2024-10-28 08:12:25,609 [IPC Server listener on 15088] INFO  ipc.Server (Server.java:run(1434)) - Stopping IPC Server listener on 15088
2024-10-28 08:12:25,609 [IPC Server Responder] INFO  ipc.Server (Server.java:run(1567)) - Stopping IPC Server Responder
2024-10-28 08:12:25,609 [main] INFO  server.StorageContainerManager (StorageContainerManager.java:stop(1690)) - Stopping Storage Container Manager HTTP server.
2024-10-28 08:12:25,610 [main] INFO  handler.ContextHandler (ContextHandler.java:doStop(1159)) - Stopped o.e.j.w.WebAppContext@7973195e{scm,/,null,STOPPED}{file:/home/runner/work/ozone/ozone/hadoop-ozone/integration-test/target/test-classes/webapps/scm}
2024-10-28 08:12:25,612 [main] INFO  server.AbstractConnector (AbstractConnector.java:doStop(383)) - Stopped ServerConnector@2dd9a1db{HTTP/1.1, (http/1.1)}{0.0.0.0:15083}
2024-10-28 08:12:25,612 [main] INFO  server.session (HouseKeeper.java:stopScavenging(149)) - node0 Stopped scavenging
2024-10-28 08:12:25,612 [main] INFO  handler.ContextHandler (ContextHandler.java:doStop(1159)) - Stopped o.e.j.s.ServletContextHandler@195f7478{static,/static,file:///home/runner/work/ozone/ozone/hadoop-ozone/integration-test/target/test-classes/webapps/static,STOPPED}
2024-10-28 08:12:25,613 [main] INFO  handler.ContextHandler (ContextHandler.java:doStop(1159)) - Stopped o.e.j.s.ServletContextHandler@5fafcb97{logs,/logs,file:///home/runner/work/ozone/ozone/hadoop-ozone/integration-test/target/log,STOPPED}
2024-10-28 08:12:25,613 [main] INFO  server.StorageContainerManager (StorageContainerManager.java:stop(1698)) - Stopping SCM LayoutVersionManager Service.
2024-10-28 08:12:25,613 [main] INFO  server.StorageContainerManager (StorageContainerManager.java:stop(1710)) - Stopping Block Manager Service.
2024-10-28 08:12:25,613 [main] INFO  utils.BackgroundService (BackgroundService.java:shutdown(163)) - Shutting down service SCMBlockDeletingService
2024-10-28 08:12:25,614 [main] INFO  utils.BackgroundService (BackgroundService.java:shutdown(163)) - Shutting down service SCMBlockDeletingService
2024-10-28 08:12:25,614 [main] INFO  server.StorageContainerManager (StorageContainerManager.java:stop(1735)) - Stopping SCM Event Queue.
2024-10-28 08:12:25,615 [main] INFO  server.StorageContainerManager (StorageContainerManager.java:stop(1746)) - Stopping SCM HA services.
2024-10-28 08:12:25,615 [main] INFO  ha.SCMRatisServerImpl (SCMRatisServerImpl.java:stop(255)) - stopping ratis server 0.0.0.0:15086
2024-10-28 08:12:25,615 [main] INFO  server.RaftServer (RaftServerProxy.java:lambda$close$9(417)) - 22ff29b6-698b-46d6-babb-0a5352f8b68f: close
2024-10-28 08:12:25,619 [main] INFO  server.GrpcService (GrpcService.java:closeImpl(343)) - 22ff29b6-698b-46d6-babb-0a5352f8b68f: shutdown server GrpcServerProtocolService now
2024-10-28 08:12:25,622 [grpc-default-executor-3] WARN  server.GrpcServerProtocolService (LogUtils.java:warn(121)) - 22ff29b6-698b-46d6-babb-0a5352f8b68f: APPEND_ENTRIES onError, lastRequest: null: org.apache.ratis.thirdparty.io.grpc.StatusRuntimeException: CANCELLED: client cancelled
2024-10-28 08:12:25,622 [grpc-default-executor-9] WARN  server.GrpcServerProtocolService (LogUtils.java:warn(121)) - 22ff29b6-698b-46d6-babb-0a5352f8b68f: APPEND_ENTRIES onError, lastRequest: 41ad025f-af8e-4c4e-9124-a1617073bc42->22ff29b6-698b-46d6-babb-0a5352f8b68f#93-t2,previous=(t:2, i:29),leaderCommit=29,initializing? false,entries: size=1, first=(t:2, i:30), METADATAENTRY(c:29): org.apache.ratis.thirdparty.io.grpc.StatusRuntimeException: CANCELLED: client cancelled
2024-10-28 08:12:25,622 [grpc-default-executor-3] WARN  server.GrpcLogAppender (LogUtils.java:warn(121)) - 41ad025f-af8e-4c4e-9124-a1617073bc42@group-312CCC1152ED->22ff29b6-698b-46d6-babb-0a5352f8b68f-AppendLogResponseHandler: Failed appendEntries: org.apache.ratis.thirdparty.io.grpc.StatusRuntimeException: CANCELLED: RST_STREAM closed stream. HTTP/2 error code: CANCEL
2024-10-28 08:12:25,623 [grpc-default-executor-3] WARN  server.GrpcLogAppender (GrpcLogAppender.java:lambda$resetClient$1(221)) - 41ad025f-af8e-4c4e-9124-a1617073bc42@group-312CCC1152ED->22ff29b6-698b-46d6-babb-0a5352f8b68f-GrpcLogAppender: Follower failed (request=null, errorCount=1); keep nextIndex (31) unchanged and retry.
2024-10-28 08:12:25,625 [22ff29b6-698b-46d6-babb-0a5352f8b68f-impl-thread2] INFO  server.RaftServer$Division (RaftServerImpl.java:lambda$close$1(509)) - 22ff29b6-698b-46d6-babb-0a5352f8b68f@group-312CCC1152ED: shutdown
2024-10-28 08:12:25,625 [22ff29b6-698b-46d6-babb-0a5352f8b68f-impl-thread2] INFO  util.JmxRegister (JmxRegister.java:unregister(74)) - Successfully un-registered JMX Bean with object name Ratis:service=RaftServer,group=group-312CCC1152ED,id=22ff29b6-698b-46d6-babb-0a5352f8b68f
2024-10-28 08:12:25,625 [22ff29b6-698b-46d6-babb-0a5352f8b68f-impl-thread2] INFO  impl.RoleInfo (RoleInfo.java:shutdownFollowerState(119)) - 22ff29b6-698b-46d6-babb-0a5352f8b68f: shutdown 22ff29b6-698b-46d6-babb-0a5352f8b68f@group-312CCC1152ED-FollowerState
2024-10-28 08:12:25,625 [22ff29b6-698b-46d6-babb-0a5352f8b68f@group-312CCC1152ED-FollowerState] INFO  impl.FollowerState (FollowerState.java:run(153)) - 22ff29b6-698b-46d6-babb-0a5352f8b68f@group-312CCC1152ED-FollowerState was interrupted
2024-10-28 08:12:25,625 [22ff29b6-698b-46d6-babb-0a5352f8b68f@group-312CCC1152ED-StateMachineUpdater] INFO  impl.StateMachineUpdater (StateMachineUpdater.java:stop(141)) - 22ff29b6-698b-46d6-babb-0a5352f8b68f@group-312CCC1152ED-StateMachineUpdater: closing SCMStateMachine, lastApplied=(t:2, i:30)
2024-10-28 08:12:25,625 [22ff29b6-698b-46d6-babb-0a5352f8b68f-impl-thread2] INFO  impl.StateMachineUpdater (StateMachineUpdater.java:stopAndJoin(164)) - 22ff29b6-698b-46d6-babb-0a5352f8b68f@group-312CCC1152ED-StateMachineUpdater: set stopIndex = 30
2024-10-28 08:12:25,626 [22ff29b6-698b-46d6-babb-0a5352f8b68f@group-312CCC1152ED-cacheEviction-AwaitToRun] INFO  util.AwaitToRun (AwaitToRun.java:run(49)) - 22ff29b6-698b-46d6-babb-0a5352f8b68f@group-312CCC1152ED-cacheEviction-AwaitToRun-AwaitForSignal is interrupted
2024-10-28 08:12:25,627 [main] INFO  server.GrpcService (GrpcService.java:closeImpl(352)) - 22ff29b6-698b-46d6-babb-0a5352f8b68f: shutdown server GrpcServerProtocolService successfully
2024-10-28 08:12:26,244 [22ff29b6-698b-46d6-babb-0a5352f8b68f-impl-thread2] INFO  segmented.SegmentedRaftLogWorker (SegmentedRaftLogWorker.java:close(251)) - 22ff29b6-698b-46d6-babb-0a5352f8b68f@group-312CCC1152ED-SegmentedRaftLogWorker close()
2024-10-28 08:12:26,245 [JvmPauseMonitor12] INFO  util.JvmPauseMonitor (JvmPauseMonitor.java:run(152)) - JvmPauseMonitor-22ff29b6-698b-46d6-babb-0a5352f8b68f: Stopped
2024-10-28 08:12:26,245 [main] INFO  SCMHATransactionMonitor (BackgroundSCMService.java:stop(128)) - Stopping SCMHATransactionMonitor Service.
2024-10-28 08:12:26,245 [scmNode-2-SCMHATransactionMonitor] WARN  SCMHATransactionMonitor (BackgroundSCMService.java:run(112)) - SCMHATransactionMonitor is interrupted, exit
2024-10-28 08:12:26,245 [main] INFO  pipeline.BackgroundPipelineCreator (BackgroundPipelineCreator.java:stop(152)) - Stopping scmNode-2-RatisPipelineUtilsThread.
2024-10-28 08:12:26,246 [scmNode-2-RatisPipelineUtilsThread-0] WARN  pipeline.BackgroundPipelineCreator (BackgroundPipelineCreator.java:run(183)) - scmNode-2-RatisPipelineUtilsThread is interrupted.
2024-10-28 08:12:26,246 [main] INFO  BackgroundPipelineScrubber (BackgroundSCMService.java:stop(128)) - Stopping BackgroundPipelineScrubber Service.
2024-10-28 08:12:26,246 [scmNode-2-BackgroundPipelineScrubber] WARN  BackgroundPipelineScrubber (BackgroundSCMService.java:run(112)) - BackgroundPipelineScrubber is interrupted, exit
2024-10-28 08:12:26,246 [main] INFO  impl.MetricsSystemImpl (MetricsSystemImpl.java:stop(210)) - Stopping HddsDatanode metrics system...
2024-10-28 08:12:26,248 [prometheus] INFO  impl.MetricsSinkAdapter (MetricsSinkAdapter.java:publishMetricsFromQueue(141)) - prometheus thread interrupted.
2024-10-28 08:12:26,248 [main] INFO  impl.MetricsSystemImpl (MetricsSystemImpl.java:stop(216)) - HddsDatanode metrics system stopped.
2024-10-28 08:12:26,249 [main] WARN  pipeline.BackgroundPipelineCreator (BackgroundPipelineCreator.java:stop(148)) - scmNode-2-RatisPipelineUtilsThread is not running, just ignore.
2024-10-28 08:12:26,249 [main] INFO  BackgroundPipelineScrubber (BackgroundSCMService.java:stop(123)) - BackgroundPipelineScrubber Service is not running, skip stop.
2024-10-28 08:12:26,249 [main] INFO  ExpiredContainerReplicaOpScrubber (BackgroundSCMService.java:stop(128)) - Stopping ExpiredContainerReplicaOpScrubber Service.
2024-10-28 08:12:26,249 [scmNode-2-ExpiredContainerReplicaOpScrubber] WARN  ExpiredContainerReplicaOpScrubber (BackgroundSCMService.java:run(112)) - ExpiredContainerReplicaOpScrubber is interrupted, exit
2024-10-28 08:12:26,249 [main] INFO  utils.BackgroundService (BackgroundService.java:shutdown(163)) - Shutting down service SCMBlockDeletingService
2024-10-28 08:12:26,249 [main] INFO  replication.ReplicationManager (ReplicationManager.java:stop(339)) - Replication Monitor Thread is not running.
2024-10-28 08:12:26,249 [main] WARN  balancer.ContainerBalancer (ContainerBalancer.java:stop(351)) - Cannot stop Container Balancer because it's not running or stopping
2024-10-28 08:12:26,249 [main] INFO  SCMHATransactionMonitor (BackgroundSCMService.java:stop(123)) - SCMHATransactionMonitor Service is not running, skip stop.
2024-10-28 08:12:26,249 [scmNode-2-LeaseManager#LeaseMonitor] WARN  lease.LeaseManager (LeaseManager.java:run(286)) - Lease manager is interrupted. Shutting down...
java.lang.InterruptedException
	at java.base/java.util.concurrent.locks.AbstractQueuedSynchronizer.tryAcquireSharedNanos(AbstractQueuedSynchronizer.java:1081)
	at java.base/java.util.concurrent.Semaphore.tryAcquire(Semaphore.java:415)
	at org.apache.hadoop.ozone.lease.LeaseManager$LeaseMonitor.run(LeaseManager.java:284)
	at java.base/java.lang.Thread.run(Thread.java:840)
2024-10-28 08:12:26,249 [main] INFO  server.StorageContainerManager (StorageContainerManager.java:stop(1781)) - Stopping SCM MetadataStore.
2024-10-28 08:12:26,251 [main] INFO  ozone.MiniOzoneHAClusterImpl (MiniOzoneHAClusterImpl.java:stop(295)) - Stopping the StorageContainerManager c77964d9-ca67-4df9-b70f-2db5af48a5e3
2024-10-28 08:12:26,251 [main] INFO  server.StorageContainerManager (StorageContainerManager.java:stop(1652)) - Container Balancer is not running.
2024-10-28 08:12:26,251 [main] INFO  server.StorageContainerManager (StorageContainerManager.java:stopReplicationManager(1790)) - Stopping Replication Manager Service.
2024-10-28 08:12:26,251 [main] INFO  replication.ReplicationManager (ReplicationManager.java:stop(329)) - Stopping Replication Monitor Thread.
2024-10-28 08:12:26,251 [scmNode-3-UnderReplicatedProcessor] WARN  replication.UnhealthyReplicationProcessor (UnhealthyReplicationProcessor.java:run(180)) - scmNode-3-UnderReplicatedProcessor interrupted. Exiting...
2024-10-28 08:12:26,251 [main] INFO  server.StorageContainerManager (StorageContainerManager.java:stop(1661)) - Stopping the Datanode Admin Monitor.
2024-10-28 08:12:26,251 [scmNode-3-OverReplicatedProcessor] WARN  replication.UnhealthyReplicationProcessor (UnhealthyReplicationProcessor.java:run(180)) - scmNode-3-OverReplicatedProcessor interrupted. Exiting...
2024-10-28 08:12:26,251 [scmNode-3-ReplicationMonitor] INFO  replication.ReplicationManager (ReplicationManager.java:run(938)) - Replication Monitor Thread is stopped
2024-10-28 08:12:26,251 [main] INFO  server.StorageContainerManager (StorageContainerManager.java:stop(1668)) - Stopping datanode service RPC server
2024-10-28 08:12:26,252 [main] INFO  server.SCMDatanodeProtocolServer (SCMDatanodeProtocolServer.java:stop(430)) - Stopping the RPC server for DataNodes
2024-10-28 08:12:26,252 [main] INFO  ipc.Server (Server.java:stop(3523)) - Stopping server on 15095
2024-10-28 08:12:26,258 [IPC Server listener on 15095] INFO  ipc.Server (Server.java:run(1434)) - Stopping IPC Server listener on 15095
2024-10-28 08:12:26,259 [IPC Server Responder] INFO  ipc.Server (Server.java:run(1567)) - Stopping IPC Server Responder
2024-10-28 08:12:26,290 [scmNode-3-SCMHeartbeatProcessor-0] WARN  node.NodeStateManager (NodeStateManager.java:scheduleNextHealthCheck(935)) - Current Thread is interrupted, shutting down HB processing thread for Node Manager.
2024-10-28 08:12:26,290 [main] INFO  server.StorageContainerManager (StorageContainerManager.java:stop(1676)) - Stopping block service RPC server
2024-10-28 08:12:26,291 [main] INFO  server.SCMBlockProtocolServer (SCMBlockProtocolServer.java:stop(181)) - Stopping the RPC server for Block Protocol
2024-10-28 08:12:26,291 [main] INFO  ipc.Server (Server.java:stop(3523)) - Stopping server on 15098
2024-10-28 08:12:26,297 [IPC Server listener on 15098] INFO  ipc.Server (Server.java:run(1434)) - Stopping IPC Server listener on 15098
2024-10-28 08:12:26,297 [IPC Server Responder] INFO  ipc.Server (Server.java:run(1567)) - Stopping IPC Server Responder
2024-10-28 08:12:26,298 [main] INFO  server.StorageContainerManager (StorageContainerManager.java:stop(1683)) - Stopping the StorageContainerLocationProtocol RPC server
2024-10-28 08:12:26,298 [main] INFO  server.SCMClientProtocolServer (SCMClientProtocolServer.java:stop(224)) - Stopping the RPC server for Client Protocol
2024-10-28 08:12:26,298 [main] INFO  ipc.Server (Server.java:stop(3523)) - Stopping server on 15096
2024-10-28 08:12:26,302 [IPC Server listener on 15096] INFO  ipc.Server (Server.java:run(1434)) - Stopping IPC Server listener on 15096
2024-10-28 08:12:26,302 [IPC Server Responder] INFO  ipc.Server (Server.java:run(1567)) - Stopping IPC Server Responder
2024-10-28 08:12:26,303 [main] INFO  server.StorageContainerManager (StorageContainerManager.java:stop(1690)) - Stopping Storage Container Manager HTTP server.
2024-10-28 08:12:26,305 [main] INFO  handler.ContextHandler (ContextHandler.java:doStop(1159)) - Stopped o.e.j.w.WebAppContext@5973a046{scm,/,null,STOPPED}{file:/home/runner/work/ozone/ozone/hadoop-ozone/integration-test/target/test-classes/webapps/scm}
2024-10-28 08:12:26,306 [main] INFO  server.AbstractConnector (AbstractConnector.java:doStop(383)) - Stopped ServerConnector@162fc7cd{HTTP/1.1, (http/1.1)}{0.0.0.0:15091}
2024-10-28 08:12:26,306 [main] INFO  server.session (HouseKeeper.java:stopScavenging(149)) - node0 Stopped scavenging
2024-10-28 08:12:26,307 [main] INFO  handler.ContextHandler (ContextHandler.java:doStop(1159)) - Stopped o.e.j.s.ServletContextHandler@1138b3b0{static,/static,file:///home/runner/work/ozone/ozone/hadoop-ozone/integration-test/target/test-classes/webapps/static,STOPPED}
2024-10-28 08:12:26,307 [main] INFO  handler.ContextHandler (ContextHandler.java:doStop(1159)) - Stopped o.e.j.s.ServletContextHandler@4e2d1a0f{logs,/logs,file:///home/runner/work/ozone/ozone/hadoop-ozone/integration-test/target/log,STOPPED}
2024-10-28 08:12:26,307 [main] INFO  server.StorageContainerManager (StorageContainerManager.java:stop(1698)) - Stopping SCM LayoutVersionManager Service.
2024-10-28 08:12:26,307 [main] INFO  server.StorageContainerManager (StorageContainerManager.java:stop(1710)) - Stopping Block Manager Service.
2024-10-28 08:12:26,308 [main] INFO  utils.BackgroundService (BackgroundService.java:shutdown(163)) - Shutting down service SCMBlockDeletingService
2024-10-28 08:12:26,308 [main] INFO  utils.BackgroundService (BackgroundService.java:shutdown(163)) - Shutting down service SCMBlockDeletingService
2024-10-28 08:12:26,308 [main] INFO  server.StorageContainerManager (StorageContainerManager.java:stop(1735)) - Stopping SCM Event Queue.
2024-10-28 08:12:26,309 [main] INFO  server.StorageContainerManager (StorageContainerManager.java:stop(1746)) - Stopping SCM HA services.
2024-10-28 08:12:26,309 [main] INFO  ha.SCMRatisServerImpl (SCMRatisServerImpl.java:stop(255)) - stopping ratis server 0.0.0.0:15094
2024-10-28 08:12:26,309 [main] INFO  server.RaftServer (RaftServerProxy.java:lambda$close$9(417)) - c77964d9-ca67-4df9-b70f-2db5af48a5e3: close
2024-10-28 08:12:26,312 [main] INFO  server.GrpcService (GrpcService.java:closeImpl(343)) - c77964d9-ca67-4df9-b70f-2db5af48a5e3: shutdown server GrpcServerProtocolService now
2024-10-28 08:12:26,312 [c77964d9-ca67-4df9-b70f-2db5af48a5e3-impl-thread2] INFO  server.RaftServer$Division (RaftServerImpl.java:lambda$close$1(509)) - c77964d9-ca67-4df9-b70f-2db5af48a5e3@group-312CCC1152ED: shutdown
2024-10-28 08:12:26,312 [c77964d9-ca67-4df9-b70f-2db5af48a5e3-impl-thread2] INFO  util.JmxRegister (JmxRegister.java:unregister(74)) - Successfully un-registered JMX Bean with object name Ratis:service=RaftServer,group=group-312CCC1152ED,id=c77964d9-ca67-4df9-b70f-2db5af48a5e3
2024-10-28 08:12:26,312 [c77964d9-ca67-4df9-b70f-2db5af48a5e3-impl-thread2] INFO  impl.RoleInfo (RoleInfo.java:shutdownFollowerState(119)) - c77964d9-ca67-4df9-b70f-2db5af48a5e3: shutdown c77964d9-ca67-4df9-b70f-2db5af48a5e3@group-312CCC1152ED-FollowerState
2024-10-28 08:12:26,313 [c77964d9-ca67-4df9-b70f-2db5af48a5e3-impl-thread2] INFO  impl.StateMachineUpdater (StateMachineUpdater.java:stopAndJoin(164)) - c77964d9-ca67-4df9-b70f-2db5af48a5e3@group-312CCC1152ED-StateMachineUpdater: set stopIndex = 30
2024-10-28 08:12:26,313 [c77964d9-ca67-4df9-b70f-2db5af48a5e3@group-312CCC1152ED-StateMachineUpdater] INFO  impl.StateMachineUpdater (StateMachineUpdater.java:stop(141)) - c77964d9-ca67-4df9-b70f-2db5af48a5e3@group-312CCC1152ED-StateMachineUpdater: closing SCMStateMachine, lastApplied=(t:2, i:30)
2024-10-28 08:12:26,313 [c77964d9-ca67-4df9-b70f-2db5af48a5e3@group-312CCC1152ED-FollowerState] INFO  impl.FollowerState (FollowerState.java:run(153)) - c77964d9-ca67-4df9-b70f-2db5af48a5e3@group-312CCC1152ED-FollowerState was interrupted
2024-10-28 08:12:26,313 [grpc-default-executor-3] WARN  server.GrpcServerProtocolService (LogUtils.java:warn(121)) - c77964d9-ca67-4df9-b70f-2db5af48a5e3: APPEND_ENTRIES onError, lastRequest: null: org.apache.ratis.thirdparty.io.grpc.StatusRuntimeException: CANCELLED: client cancelled
2024-10-28 08:12:26,313 [grpc-default-executor-9] WARN  server.GrpcLogAppender (LogUtils.java:warn(121)) - 41ad025f-af8e-4c4e-9124-a1617073bc42@group-312CCC1152ED->c77964d9-ca67-4df9-b70f-2db5af48a5e3-AppendLogResponseHandler: Failed appendEntries: org.apache.ratis.thirdparty.io.grpc.StatusRuntimeException: CANCELLED: RST_STREAM closed stream. HTTP/2 error code: CANCEL
2024-10-28 08:12:26,313 [grpc-default-executor-8] WARN  server.GrpcServerProtocolService (LogUtils.java:warn(121)) - c77964d9-ca67-4df9-b70f-2db5af48a5e3: APPEND_ENTRIES onError, lastRequest: 41ad025f-af8e-4c4e-9124-a1617073bc42->c77964d9-ca67-4df9-b70f-2db5af48a5e3#75-t2,previous=(t:2, i:29),leaderCommit=29,initializing? false,entries: size=1, first=(t:2, i:30), METADATAENTRY(c:29): org.apache.ratis.thirdparty.io.grpc.StatusRuntimeException: CANCELLED: client cancelled
2024-10-28 08:12:26,313 [grpc-default-executor-9] WARN  server.GrpcLogAppender (GrpcLogAppender.java:lambda$resetClient$1(221)) - 41ad025f-af8e-4c4e-9124-a1617073bc42@group-312CCC1152ED->c77964d9-ca67-4df9-b70f-2db5af48a5e3-GrpcLogAppender: Follower failed (request=null, errorCount=1); keep nextIndex (31) unchanged and retry.
2024-10-28 08:12:26,315 [c77964d9-ca67-4df9-b70f-2db5af48a5e3@group-312CCC1152ED-cacheEviction-AwaitToRun] INFO  util.AwaitToRun (AwaitToRun.java:run(49)) - c77964d9-ca67-4df9-b70f-2db5af48a5e3@group-312CCC1152ED-cacheEviction-AwaitToRun-AwaitForSignal is interrupted
2024-10-28 08:12:26,315 [main] INFO  server.GrpcService (GrpcService.java:closeImpl(352)) - c77964d9-ca67-4df9-b70f-2db5af48a5e3: shutdown server GrpcServerProtocolService successfully
2024-10-28 08:12:26,316 [2dd66384-ce76-40f1-abb4-2732924b3f06-EndpointStateMachineTaskThread-/127.0.0.1:15095-0 ] WARN  statemachine.EndpointStateMachine (EndpointStateMachine.java:logIfNeeded(240)) - Unable to communicate to SCM server at localhost/127.0.0.1:15095 for past 0 seconds.
java.io.EOFException: End of File Exception between local host is: "fv-az886-152/10.1.0.23"; destination host is: "localhost":15095; : java.io.EOFException; For more details see:  http://wiki.apache.org/hadoop/EOFException
	at java.base/jdk.internal.reflect.NativeConstructorAccessorImpl.newInstance0(Native Method)
	at java.base/jdk.internal.reflect.NativeConstructorAccessorImpl.newInstance(NativeConstructorAccessorImpl.java:77)
	at java.base/jdk.internal.reflect.DelegatingConstructorAccessorImpl.newInstance(DelegatingConstructorAccessorImpl.java:45)
	at java.base/java.lang.reflect.Constructor.newInstanceWithCaller(Constructor.java:500)
	at java.base/java.lang.reflect.Constructor.newInstance(Constructor.java:481)
	at org.apache.hadoop.net.NetUtils.wrapWithMessage(NetUtils.java:930)
	at org.apache.hadoop.net.NetUtils.wrapException(NetUtils.java:879)
	at org.apache.hadoop.ipc.Client.getRpcResponse(Client.java:1571)
	at org.apache.hadoop.ipc.Client.call(Client.java:1513)
	at org.apache.hadoop.ipc.Client.call(Client.java:1410)
	at org.apache.hadoop.ipc.ProtobufRpcEngine$Invoker.invoke(ProtobufRpcEngine.java:250)
	at org.apache.hadoop.ipc.ProtobufRpcEngine$Invoker.invoke(ProtobufRpcEngine.java:132)
	at jdk.proxy2/jdk.proxy2.$Proxy110.submitRequest(Unknown Source)
	at org.apache.hadoop.ozone.protocolPB.StorageContainerDatanodeProtocolClientSideTranslatorPB.submitRequest(StorageContainerDatanodeProtocolClientSideTranslatorPB.java:115)
	at org.apache.hadoop.ozone.protocolPB.StorageContainerDatanodeProtocolClientSideTranslatorPB.sendHeartbeat(StorageContainerDatanodeProtocolClientSideTranslatorPB.java:146)
	at org.apache.hadoop.ozone.container.common.states.endpoint.HeartbeatEndpointTask.call(HeartbeatEndpointTask.java:183)
	at org.apache.hadoop.ozone.container.common.states.endpoint.HeartbeatEndpointTask.call(HeartbeatEndpointTask.java:87)
	at java.base/java.util.concurrent.FutureTask.run(FutureTask.java:264)
	at java.base/java.util.concurrent.ThreadPoolExecutor.runWorker(ThreadPoolExecutor.java:1136)
	at java.base/java.util.concurrent.ThreadPoolExecutor$Worker.run(ThreadPoolExecutor.java:635)
	at java.base/java.lang.Thread.run(Thread.java:840)
Caused by: java.io.EOFException
	at java.base/java.io.DataInputStream.readInt(DataInputStream.java:386)
	at org.apache.hadoop.ipc.Client$IpcStreams.readResponse(Client.java:1906)
	at org.apache.hadoop.ipc.Client$Connection.receiveRpcResponse(Client.java:1187)
	at org.apache.hadoop.ipc.Client$Connection.run(Client.java:1078)
2024-10-28 08:12:26,316 [2dd66384-ce76-40f1-abb4-2732924b3f06-EndpointStateMachineTaskThread-/127.0.0.1:15087-0 ] WARN  statemachine.EndpointStateMachine (EndpointStateMachine.java:logIfNeeded(240)) - Unable to communicate to SCM server at localhost/127.0.0.1:15087 for past 0 seconds.
java.io.EOFException: End of File Exception between local host is: "fv-az886-152/10.1.0.23"; destination host is: "localhost":15087; : java.io.EOFException; For more details see:  http://wiki.apache.org/hadoop/EOFException
	at java.base/jdk.internal.reflect.NativeConstructorAccessorImpl.newInstance0(Native Method)
	at java.base/jdk.internal.reflect.NativeConstructorAccessorImpl.newInstance(NativeConstructorAccessorImpl.java:77)
	at java.base/jdk.internal.reflect.DelegatingConstructorAccessorImpl.newInstance(DelegatingConstructorAccessorImpl.java:45)
	at java.base/java.lang.reflect.Constructor.newInstanceWithCaller(Constructor.java:500)
	at java.base/java.lang.reflect.Constructor.newInstance(Constructor.java:481)
	at org.apache.hadoop.net.NetUtils.wrapWithMessage(NetUtils.java:930)
	at org.apache.hadoop.net.NetUtils.wrapException(NetUtils.java:879)
	at org.apache.hadoop.ipc.Client.getRpcResponse(Client.java:1571)
	at org.apache.hadoop.ipc.Client.call(Client.java:1513)
	at org.apache.hadoop.ipc.Client.call(Client.java:1410)
	at org.apache.hadoop.ipc.ProtobufRpcEngine$Invoker.invoke(ProtobufRpcEngine.java:250)
	at org.apache.hadoop.ipc.ProtobufRpcEngine$Invoker.invoke(ProtobufRpcEngine.java:132)
	at jdk.proxy2/jdk.proxy2.$Proxy110.submitRequest(Unknown Source)
	at org.apache.hadoop.ozone.protocolPB.StorageContainerDatanodeProtocolClientSideTranslatorPB.submitRequest(StorageContainerDatanodeProtocolClientSideTranslatorPB.java:115)
	at org.apache.hadoop.ozone.protocolPB.StorageContainerDatanodeProtocolClientSideTranslatorPB.sendHeartbeat(StorageContainerDatanodeProtocolClientSideTranslatorPB.java:146)
	at org.apache.hadoop.ozone.container.common.states.endpoint.HeartbeatEndpointTask.call(HeartbeatEndpointTask.java:183)
	at org.apache.hadoop.ozone.container.common.states.endpoint.HeartbeatEndpointTask.call(HeartbeatEndpointTask.java:87)
	at java.base/java.util.concurrent.FutureTask.run(FutureTask.java:264)
	at java.base/java.util.concurrent.ThreadPoolExecutor.runWorker(ThreadPoolExecutor.java:1136)
	at java.base/java.util.concurrent.ThreadPoolExecutor$Worker.run(ThreadPoolExecutor.java:635)
	at java.base/java.lang.Thread.run(Thread.java:840)
Caused by: java.io.EOFException
	at java.base/java.io.DataInputStream.readInt(DataInputStream.java:386)
	at org.apache.hadoop.ipc.Client$IpcStreams.readResponse(Client.java:1906)
	at org.apache.hadoop.ipc.Client$Connection.receiveRpcResponse(Client.java:1187)
	at org.apache.hadoop.ipc.Client$Connection.run(Client.java:1078)
2024-10-28 08:12:27,244 [c77964d9-ca67-4df9-b70f-2db5af48a5e3-impl-thread2] INFO  segmented.SegmentedRaftLogWorker (SegmentedRaftLogWorker.java:close(251)) - c77964d9-ca67-4df9-b70f-2db5af48a5e3@group-312CCC1152ED-SegmentedRaftLogWorker close()
2024-10-28 08:12:27,245 [JvmPauseMonitor13] INFO  util.JvmPauseMonitor (JvmPauseMonitor.java:run(152)) - JvmPauseMonitor-c77964d9-ca67-4df9-b70f-2db5af48a5e3: Stopped
2024-10-28 08:12:27,245 [main] INFO  SCMHATransactionMonitor (BackgroundSCMService.java:stop(128)) - Stopping SCMHATransactionMonitor Service.
2024-10-28 08:12:27,245 [scmNode-3-SCMHATransactionMonitor] WARN  SCMHATransactionMonitor (BackgroundSCMService.java:run(112)) - SCMHATransactionMonitor is interrupted, exit
2024-10-28 08:12:27,245 [main] INFO  pipeline.BackgroundPipelineCreator (BackgroundPipelineCreator.java:stop(152)) - Stopping scmNode-3-RatisPipelineUtilsThread.
2024-10-28 08:12:27,245 [scmNode-3-RatisPipelineUtilsThread-0] WARN  pipeline.BackgroundPipelineCreator (BackgroundPipelineCreator.java:run(183)) - scmNode-3-RatisPipelineUtilsThread is interrupted.
2024-10-28 08:12:27,245 [main] INFO  BackgroundPipelineScrubber (BackgroundSCMService.java:stop(128)) - Stopping BackgroundPipelineScrubber Service.
2024-10-28 08:12:27,246 [scmNode-3-BackgroundPipelineScrubber] WARN  BackgroundPipelineScrubber (BackgroundSCMService.java:run(112)) - BackgroundPipelineScrubber is interrupted, exit
2024-10-28 08:12:27,246 [main] INFO  impl.MetricsSystemImpl (MetricsSystemImpl.java:stop(205)) - HddsDatanode metrics system stopped (again)
2024-10-28 08:12:27,246 [main] WARN  pipeline.BackgroundPipelineCreator (BackgroundPipelineCreator.java:stop(148)) - scmNode-3-RatisPipelineUtilsThread is not running, just ignore.
2024-10-28 08:12:27,246 [main] INFO  BackgroundPipelineScrubber (BackgroundSCMService.java:stop(123)) - BackgroundPipelineScrubber Service is not running, skip stop.
2024-10-28 08:12:27,246 [main] INFO  ExpiredContainerReplicaOpScrubber (BackgroundSCMService.java:stop(128)) - Stopping ExpiredContainerReplicaOpScrubber Service.
2024-10-28 08:12:27,246 [main] INFO  utils.BackgroundService (BackgroundService.java:shutdown(163)) - Shutting down service SCMBlockDeletingService
2024-10-28 08:12:27,246 [scmNode-3-ExpiredContainerReplicaOpScrubber] WARN  ExpiredContainerReplicaOpScrubber (BackgroundSCMService.java:run(112)) - ExpiredContainerReplicaOpScrubber is interrupted, exit
2024-10-28 08:12:27,246 [main] INFO  replication.ReplicationManager (ReplicationManager.java:stop(339)) - Replication Monitor Thread is not running.
2024-10-28 08:12:27,246 [main] WARN  balancer.ContainerBalancer (ContainerBalancer.java:stop(351)) - Cannot stop Container Balancer because it's not running or stopping
2024-10-28 08:12:27,246 [main] INFO  SCMHATransactionMonitor (BackgroundSCMService.java:stop(123)) - SCMHATransactionMonitor Service is not running, skip stop.
2024-10-28 08:12:27,246 [scmNode-3-LeaseManager#LeaseMonitor] WARN  lease.LeaseManager (LeaseManager.java:run(286)) - Lease manager is interrupted. Shutting down...
java.lang.InterruptedException
	at java.base/java.util.concurrent.locks.AbstractQueuedSynchronizer.tryAcquireSharedNanos(AbstractQueuedSynchronizer.java:1081)
	at java.base/java.util.concurrent.Semaphore.tryAcquire(Semaphore.java:415)
	at org.apache.hadoop.ozone.lease.LeaseManager$LeaseMonitor.run(LeaseManager.java:284)
	at java.base/java.lang.Thread.run(Thread.java:840)
2024-10-28 08:12:27,246 [main] INFO  server.StorageContainerManager (StorageContainerManager.java:stop(1781)) - Stopping SCM MetadataStore.
2024-10-28 08:12:27,248 [main] INFO  ozone.MiniOzoneHAClusterImpl (MiniOzoneHAClusterImpl.java:stop(295)) - Stopping the StorageContainerManager 41ad025f-af8e-4c4e-9124-a1617073bc42
2024-10-28 08:12:27,248 [main] INFO  server.StorageContainerManager (StorageContainerManager.java:stop(1652)) - Container Balancer is not running.
2024-10-28 08:12:27,248 [main] INFO  server.StorageContainerManager (StorageContainerManager.java:stopReplicationManager(1790)) - Stopping Replication Manager Service.
2024-10-28 08:12:27,248 [main] INFO  replication.ReplicationManager (ReplicationManager.java:stop(329)) - Stopping Replication Monitor Thread.
2024-10-28 08:12:27,248 [main] INFO  server.StorageContainerManager (StorageContainerManager.java:stop(1661)) - Stopping the Datanode Admin Monitor.
2024-10-28 08:12:27,248 [scmNode-1-UnderReplicatedProcessor] WARN  replication.UnhealthyReplicationProcessor (UnhealthyReplicationProcessor.java:run(180)) - scmNode-1-UnderReplicatedProcessor interrupted. Exiting...
2024-10-28 08:12:27,248 [scmNode-1-OverReplicatedProcessor] WARN  replication.UnhealthyReplicationProcessor (UnhealthyReplicationProcessor.java:run(180)) - scmNode-1-OverReplicatedProcessor interrupted. Exiting...
2024-10-28 08:12:27,248 [scmNode-1-ReplicationMonitor] INFO  replication.ReplicationManager (ReplicationManager.java:run(938)) - Replication Monitor Thread is stopped
2024-10-28 08:12:27,248 [main] INFO  server.StorageContainerManager (StorageContainerManager.java:stop(1668)) - Stopping datanode service RPC server
2024-10-28 08:12:27,248 [main] INFO  server.SCMDatanodeProtocolServer (SCMDatanodeProtocolServer.java:stop(430)) - Stopping the RPC server for DataNodes
2024-10-28 08:12:27,248 [main] INFO  ipc.Server (Server.java:stop(3523)) - Stopping server on 15079
2024-10-28 08:12:27,254 [IPC Server Responder] INFO  ipc.Server (Server.java:run(1567)) - Stopping IPC Server Responder
2024-10-28 08:12:27,254 [IPC Server listener on 15079] INFO  ipc.Server (Server.java:run(1434)) - Stopping IPC Server listener on 15079
2024-10-28 08:12:27,290 [scmNode-1-SCMHeartbeatProcessor-0] WARN  node.NodeStateManager (NodeStateManager.java:scheduleNextHealthCheck(935)) - Current Thread is interrupted, shutting down HB processing thread for Node Manager.
2024-10-28 08:12:27,291 [main] INFO  server.StorageContainerManager (StorageContainerManager.java:stop(1676)) - Stopping block service RPC server
2024-10-28 08:12:27,291 [main] INFO  server.SCMBlockProtocolServer (SCMBlockProtocolServer.java:stop(181)) - Stopping the RPC server for Block Protocol
2024-10-28 08:12:27,291 [main] INFO  ipc.Server (Server.java:stop(3523)) - Stopping server on 15082
2024-10-28 08:12:27,297 [IPC Server Responder] INFO  ipc.Server (Server.java:run(1567)) - Stopping IPC Server Responder
2024-10-28 08:12:27,297 [main] INFO  server.StorageContainerManager (StorageContainerManager.java:stop(1683)) - Stopping the StorageContainerLocationProtocol RPC server
2024-10-28 08:12:27,297 [main] INFO  server.SCMClientProtocolServer (SCMClientProtocolServer.java:stop(224)) - Stopping the RPC server for Client Protocol
2024-10-28 08:12:27,297 [main] INFO  ipc.Server (Server.java:stop(3523)) - Stopping server on 15080
2024-10-28 08:12:27,297 [IPC Server listener on 15082] INFO  ipc.Server (Server.java:run(1434)) - Stopping IPC Server listener on 15082
2024-10-28 08:12:27,300 [IPC Server listener on 15080] INFO  ipc.Server (Server.java:run(1434)) - Stopping IPC Server listener on 15080
2024-10-28 08:12:27,300 [IPC Server Responder] INFO  ipc.Server (Server.java:run(1567)) - Stopping IPC Server Responder
2024-10-28 08:12:27,301 [main] INFO  server.StorageContainerManager (StorageContainerManager.java:stop(1690)) - Stopping Storage Container Manager HTTP server.
2024-10-28 08:12:27,301 [main] INFO  handler.ContextHandler (ContextHandler.java:doStop(1159)) - Stopped o.e.j.w.WebAppContext@3983235{scm,/,null,STOPPED}{file:/home/runner/work/ozone/ozone/hadoop-ozone/integration-test/target/test-classes/webapps/scm}
2024-10-28 08:12:27,302 [main] INFO  server.AbstractConnector (AbstractConnector.java:doStop(383)) - Stopped ServerConnector@124d184c{HTTP/1.1, (http/1.1)}{0.0.0.0:15075}
2024-10-28 08:12:27,302 [main] INFO  server.session (HouseKeeper.java:stopScavenging(149)) - node0 Stopped scavenging
2024-10-28 08:12:27,303 [main] INFO  handler.ContextHandler (ContextHandler.java:doStop(1159)) - Stopped o.e.j.s.ServletContextHandler@f79deff{static,/static,file:///home/runner/work/ozone/ozone/hadoop-ozone/integration-test/target/test-classes/webapps/static,STOPPED}
2024-10-28 08:12:27,303 [main] INFO  handler.ContextHandler (ContextHandler.java:doStop(1159)) - Stopped o.e.j.s.ServletContextHandler@4d25f209{logs,/logs,file:///home/runner/work/ozone/ozone/hadoop-ozone/integration-test/target/log,STOPPED}
2024-10-28 08:12:27,304 [main] INFO  server.StorageContainerManager (StorageContainerManager.java:stop(1698)) - Stopping SCM LayoutVersionManager Service.
2024-10-28 08:12:27,304 [main] INFO  server.StorageContainerManager (StorageContainerManager.java:stop(1710)) - Stopping Block Manager Service.
2024-10-28 08:12:27,304 [main] INFO  utils.BackgroundService (BackgroundService.java:shutdown(163)) - Shutting down service SCMBlockDeletingService
2024-10-28 08:12:27,304 [main] INFO  utils.BackgroundService (BackgroundService.java:shutdown(163)) - Shutting down service SCMBlockDeletingService
2024-10-28 08:12:27,304 [main] INFO  server.StorageContainerManager (StorageContainerManager.java:stop(1735)) - Stopping SCM Event Queue.
2024-10-28 08:12:27,305 [main] INFO  server.StorageContainerManager (StorageContainerManager.java:stop(1746)) - Stopping SCM HA services.
2024-10-28 08:12:27,305 [main] INFO  ha.SCMRatisServerImpl (SCMRatisServerImpl.java:stop(255)) - stopping ratis server 0.0.0.0:15078
2024-10-28 08:12:27,305 [main] INFO  server.RaftServer (RaftServerProxy.java:lambda$close$9(417)) - 41ad025f-af8e-4c4e-9124-a1617073bc42: close
2024-10-28 08:12:27,308 [main] INFO  server.GrpcService (GrpcService.java:closeImpl(343)) - 41ad025f-af8e-4c4e-9124-a1617073bc42: shutdown server GrpcServerProtocolService now
2024-10-28 08:12:27,308 [41ad025f-af8e-4c4e-9124-a1617073bc42-impl-thread2] INFO  server.RaftServer$Division (RaftServerImpl.java:lambda$close$1(509)) - 41ad025f-af8e-4c4e-9124-a1617073bc42@group-312CCC1152ED: shutdown
2024-10-28 08:12:27,309 [41ad025f-af8e-4c4e-9124-a1617073bc42-impl-thread2] INFO  util.JmxRegister (JmxRegister.java:unregister(74)) - Successfully un-registered JMX Bean with object name Ratis:service=RaftServer,group=group-312CCC1152ED,id=41ad025f-af8e-4c4e-9124-a1617073bc42
2024-10-28 08:12:27,309 [41ad025f-af8e-4c4e-9124-a1617073bc42-impl-thread2] INFO  impl.RoleInfo (RoleInfo.java:shutdownLeaderState(103)) - 41ad025f-af8e-4c4e-9124-a1617073bc42: shutdown 41ad025f-af8e-4c4e-9124-a1617073bc42@group-312CCC1152ED-LeaderStateImpl
2024-10-28 08:12:27,309 [41ad025f-af8e-4c4e-9124-a1617073bc42@group-312CCC1152ED->22ff29b6-698b-46d6-babb-0a5352f8b68f-GrpcLogAppender-LogAppenderDaemon] WARN  server.GrpcLogAppender (GrpcLogAppender.java:mayWait(293)) - 41ad025f-af8e-4c4e-9124-a1617073bc42@group-312CCC1152ED->22ff29b6-698b-46d6-babb-0a5352f8b68f-GrpcLogAppender: Wait interrupted by java.lang.InterruptedException
2024-10-28 08:12:27,309 [41ad025f-af8e-4c4e-9124-a1617073bc42-impl-thread2] INFO  impl.PendingRequests (PendingRequests.java:sendNotLeaderResponses(287)) - 41ad025f-af8e-4c4e-9124-a1617073bc42@group-312CCC1152ED-PendingRequests: sendNotLeaderResponses
2024-10-28 08:12:27,309 [41ad025f-af8e-4c4e-9124-a1617073bc42-impl-thread2] INFO  ha.SCMStateMachine (SCMStateMachine.java:notifyNotLeader(216)) - current leader SCM steps down.
2024-10-28 08:12:27,309 [41ad025f-af8e-4c4e-9124-a1617073bc42-impl-thread2] INFO  ha.SCMContext (SCMContext.java:updateLeaderAndTerm(96)) - update <isLeader,term> from <true,2> to <false,0>
2024-10-28 08:12:27,309 [41ad025f-af8e-4c4e-9124-a1617073bc42-impl-thread2] INFO  ha.SCMContext (SCMContext.java:updateLeaderAndTerm(102)) - update <isLeaderReady> from <true> to <false>
2024-10-28 08:12:27,309 [41ad025f-af8e-4c4e-9124-a1617073bc42-impl-thread2] INFO  BackgroundPipelineScrubber (BackgroundSCMService.java:notifyStatusChanged(85)) - Service BackgroundPipelineScrubber transitions to PAUSING.
2024-10-28 08:12:27,309 [41ad025f-af8e-4c4e-9124-a1617073bc42-impl-thread2] INFO  ExpiredContainerReplicaOpScrubber (BackgroundSCMService.java:notifyStatusChanged(85)) - Service ExpiredContainerReplicaOpScrubber transitions to PAUSING.
2024-10-28 08:12:27,309 [41ad025f-af8e-4c4e-9124-a1617073bc42-impl-thread2] INFO  SCMHATransactionMonitor (BackgroundSCMService.java:notifyStatusChanged(85)) - Service SCMHATransactionMonitor transitions to PAUSING.
2024-10-28 08:12:27,309 [41ad025f-af8e-4c4e-9124-a1617073bc42@group-312CCC1152ED->c77964d9-ca67-4df9-b70f-2db5af48a5e3-GrpcLogAppender-LogAppenderDaemon] WARN  server.GrpcLogAppender (GrpcLogAppender.java:mayWait(293)) - 41ad025f-af8e-4c4e-9124-a1617073bc42@group-312CCC1152ED->c77964d9-ca67-4df9-b70f-2db5af48a5e3-GrpcLogAppender: Wait interrupted by java.lang.InterruptedException
2024-10-28 08:12:27,310 [41ad025f-af8e-4c4e-9124-a1617073bc42-impl-thread2] INFO  impl.StateMachineUpdater (StateMachineUpdater.java:stopAndJoin(164)) - 41ad025f-af8e-4c4e-9124-a1617073bc42@group-312CCC1152ED-StateMachineUpdater: set stopIndex = 30
2024-10-28 08:12:27,311 [41ad025f-af8e-4c4e-9124-a1617073bc42@group-312CCC1152ED-StateMachineUpdater] INFO  ha.SCMStateMachine (SCMStateMachine.java:takeSnapshot(335)) - Current Snapshot Index 30, takeSnapshot took 1 ms
2024-10-28 08:12:27,311 [41ad025f-af8e-4c4e-9124-a1617073bc42@group-312CCC1152ED-StateMachineUpdater] INFO  impl.StateMachineUpdater (StateMachineUpdater.java:takeSnapshot(303)) - 41ad025f-af8e-4c4e-9124-a1617073bc42@group-312CCC1152ED-StateMachineUpdater: Took a snapshot at index 30
2024-10-28 08:12:27,311 [41ad025f-af8e-4c4e-9124-a1617073bc42@group-312CCC1152ED-StateMachineUpdater] INFO  impl.StateMachineUpdater (StateMachineUpdater.java:lambda$new$0(102)) - 41ad025f-af8e-4c4e-9124-a1617073bc42@group-312CCC1152ED-StateMachineUpdater: snapshotIndex: updateIncreasingly 28 -> 30
2024-10-28 08:12:27,311 [41ad025f-af8e-4c4e-9124-a1617073bc42@group-312CCC1152ED-StateMachineUpdater] INFO  impl.StateMachineUpdater (StateMachineUpdater.java:stop(141)) - 41ad025f-af8e-4c4e-9124-a1617073bc42@group-312CCC1152ED-StateMachineUpdater: closing SCMStateMachine, lastApplied=(t:2, i:30)
2024-10-28 08:12:27,311 [41ad025f-af8e-4c4e-9124-a1617073bc42@group-312CCC1152ED-cacheEviction-AwaitToRun] INFO  util.AwaitToRun (AwaitToRun.java:run(49)) - 41ad025f-af8e-4c4e-9124-a1617073bc42@group-312CCC1152ED-cacheEviction-AwaitToRun-AwaitForSignal is interrupted
2024-10-28 08:12:27,312 [Thread-3358] INFO  server.GrpcServerProtocolClient (GrpcServerProtocolClient.java:close(105)) - 22ff29b6-698b-46d6-babb-0a5352f8b68f Close channels
2024-10-28 08:12:27,312 [Thread-3359] INFO  server.GrpcServerProtocolClient (GrpcServerProtocolClient.java:close(105)) - c77964d9-ca67-4df9-b70f-2db5af48a5e3 Close channels
2024-10-28 08:12:27,314 [main] INFO  server.GrpcService (GrpcService.java:closeImpl(352)) - 41ad025f-af8e-4c4e-9124-a1617073bc42: shutdown server GrpcServerProtocolService successfully
2024-10-28 08:12:27,316 [2dd66384-ce76-40f1-abb4-2732924b3f06-EndpointStateMachineTaskThread-/127.0.0.1:15079-0 ] WARN  statemachine.EndpointStateMachine (EndpointStateMachine.java:logIfNeeded(240)) - Unable to communicate to SCM server at localhost/127.0.0.1:15079 for past 0 seconds.
java.io.EOFException: End of File Exception between local host is: "fv-az886-152/10.1.0.23"; destination host is: "localhost":15079; : java.io.EOFException; For more details see:  http://wiki.apache.org/hadoop/EOFException
	at java.base/jdk.internal.reflect.NativeConstructorAccessorImpl.newInstance0(Native Method)
	at java.base/jdk.internal.reflect.NativeConstructorAccessorImpl.newInstance(NativeConstructorAccessorImpl.java:77)
	at java.base/jdk.internal.reflect.DelegatingConstructorAccessorImpl.newInstance(DelegatingConstructorAccessorImpl.java:45)
	at java.base/java.lang.reflect.Constructor.newInstanceWithCaller(Constructor.java:500)
	at java.base/java.lang.reflect.Constructor.newInstance(Constructor.java:481)
	at org.apache.hadoop.net.NetUtils.wrapWithMessage(NetUtils.java:930)
	at org.apache.hadoop.net.NetUtils.wrapException(NetUtils.java:879)
	at org.apache.hadoop.ipc.Client.getRpcResponse(Client.java:1571)
	at org.apache.hadoop.ipc.Client.call(Client.java:1513)
	at org.apache.hadoop.ipc.Client.call(Client.java:1410)
	at org.apache.hadoop.ipc.ProtobufRpcEngine$Invoker.invoke(ProtobufRpcEngine.java:250)
	at org.apache.hadoop.ipc.ProtobufRpcEngine$Invoker.invoke(ProtobufRpcEngine.java:132)
	at jdk.proxy2/jdk.proxy2.$Proxy110.submitRequest(Unknown Source)
	at org.apache.hadoop.ozone.protocolPB.StorageContainerDatanodeProtocolClientSideTranslatorPB.submitRequest(StorageContainerDatanodeProtocolClientSideTranslatorPB.java:115)
	at org.apache.hadoop.ozone.protocolPB.StorageContainerDatanodeProtocolClientSideTranslatorPB.sendHeartbeat(StorageContainerDatanodeProtocolClientSideTranslatorPB.java:146)
	at org.apache.hadoop.ozone.container.common.states.endpoint.HeartbeatEndpointTask.call(HeartbeatEndpointTask.java:183)
	at org.apache.hadoop.ozone.container.common.states.endpoint.HeartbeatEndpointTask.call(HeartbeatEndpointTask.java:87)
	at java.base/java.util.concurrent.FutureTask.run(FutureTask.java:264)
	at java.base/java.util.concurrent.ThreadPoolExecutor.runWorker(ThreadPoolExecutor.java:1136)
	at java.base/java.util.concurrent.ThreadPoolExecutor$Worker.run(ThreadPoolExecutor.java:635)
	at java.base/java.lang.Thread.run(Thread.java:840)
Caused by: java.io.EOFException
	at java.base/java.io.DataInputStream.readInt(DataInputStream.java:386)
	at org.apache.hadoop.ipc.Client$IpcStreams.readResponse(Client.java:1906)
	at org.apache.hadoop.ipc.Client$Connection.receiveRpcResponse(Client.java:1187)
	at org.apache.hadoop.ipc.Client$Connection.run(Client.java:1078)
2024-10-28 08:12:27,377 [0506bfaa-e0bf-41a1-ae8b-a3d5b458913d-EndpointStateMachineTaskThread-/127.0.0.1:15087-0 ] INFO  ipc.Client (Client.java:handleConnectionFailure(950)) - Retrying connect to server: localhost/127.0.0.1:15087. Already tried 0 time(s); retry policy is RetryUpToMaximumCountWithFixedSleep(maxRetries=15, sleepTime=1000 MILLISECONDS)
2024-10-28 08:12:27,377 [0506bfaa-e0bf-41a1-ae8b-a3d5b458913d-EndpointStateMachineTaskThread-/127.0.0.1:15095-0 ] INFO  ipc.Client (Client.java:handleConnectionFailure(950)) - Retrying connect to server: localhost/127.0.0.1:15095. Already tried 0 time(s); retry policy is RetryUpToMaximumCountWithFixedSleep(maxRetries=15, sleepTime=1000 MILLISECONDS)
2024-10-28 08:12:28,230 [41ad025f-af8e-4c4e-9124-a1617073bc42-impl-thread2] INFO  segmented.SegmentedRaftLogWorker (SegmentedRaftLogWorker.java:close(251)) - 41ad025f-af8e-4c4e-9124-a1617073bc42@group-312CCC1152ED-SegmentedRaftLogWorker close()
2024-10-28 08:12:28,231 [JvmPauseMonitor11] INFO  util.JvmPauseMonitor (JvmPauseMonitor.java:run(152)) - JvmPauseMonitor-41ad025f-af8e-4c4e-9124-a1617073bc42: Stopped
2024-10-28 08:12:28,231 [main] INFO  SCMHATransactionMonitor (BackgroundSCMService.java:stop(128)) - Stopping SCMHATransactionMonitor Service.
2024-10-28 08:12:28,231 [scmNode-1-SCMHATransactionMonitor] WARN  SCMHATransactionMonitor (BackgroundSCMService.java:run(112)) - SCMHATransactionMonitor is interrupted, exit
2024-10-28 08:12:28,231 [main] INFO  pipeline.BackgroundPipelineCreator (BackgroundPipelineCreator.java:stop(152)) - Stopping scmNode-1-RatisPipelineUtilsThread.
2024-10-28 08:12:28,232 [scmNode-1-RatisPipelineUtilsThread-0] WARN  pipeline.BackgroundPipelineCreator (BackgroundPipelineCreator.java:run(183)) - scmNode-1-RatisPipelineUtilsThread is interrupted.
2024-10-28 08:12:28,232 [main] INFO  BackgroundPipelineScrubber (BackgroundSCMService.java:stop(128)) - Stopping BackgroundPipelineScrubber Service.
2024-10-28 08:12:28,232 [scmNode-1-BackgroundPipelineScrubber] WARN  BackgroundPipelineScrubber (BackgroundSCMService.java:run(112)) - BackgroundPipelineScrubber is interrupted, exit
2024-10-28 08:12:28,232 [main] INFO  impl.MetricsSystemImpl (MetricsSystemImpl.java:stop(205)) - HddsDatanode metrics system stopped (again)
2024-10-28 08:12:28,232 [main] WARN  pipeline.BackgroundPipelineCreator (BackgroundPipelineCreator.java:stop(148)) - scmNode-1-RatisPipelineUtilsThread is not running, just ignore.
2024-10-28 08:12:28,233 [main] INFO  BackgroundPipelineScrubber (BackgroundSCMService.java:stop(123)) - BackgroundPipelineScrubber Service is not running, skip stop.
2024-10-28 08:12:28,233 [main] INFO  ExpiredContainerReplicaOpScrubber (BackgroundSCMService.java:stop(128)) - Stopping ExpiredContainerReplicaOpScrubber Service.
2024-10-28 08:12:28,233 [scmNode-1-ExpiredContainerReplicaOpScrubber] WARN  ExpiredContainerReplicaOpScrubber (BackgroundSCMService.java:run(112)) - ExpiredContainerReplicaOpScrubber is interrupted, exit
2024-10-28 08:12:28,233 [main] INFO  utils.BackgroundService (BackgroundService.java:shutdown(163)) - Shutting down service SCMBlockDeletingService
2024-10-28 08:12:28,233 [main] INFO  replication.ReplicationManager (ReplicationManager.java:stop(339)) - Replication Monitor Thread is not running.
2024-10-28 08:12:28,233 [main] WARN  balancer.ContainerBalancer (ContainerBalancer.java:stop(351)) - Cannot stop Container Balancer because it's not running or stopping
2024-10-28 08:12:28,234 [main] INFO  SCMHATransactionMonitor (BackgroundSCMService.java:stop(123)) - SCMHATransactionMonitor Service is not running, skip stop.
2024-10-28 08:12:28,234 [main] INFO  server.StorageContainerManager (StorageContainerManager.java:stop(1781)) - Stopping SCM MetadataStore.
2024-10-28 08:12:28,234 [scmNode-1-LeaseManager#LeaseMonitor] WARN  lease.LeaseManager (LeaseManager.java:run(286)) - Lease manager is interrupted. Shutting down...
java.lang.InterruptedException
	at java.base/java.util.concurrent.locks.AbstractQueuedSynchronizer.tryAcquireSharedNanos(AbstractQueuedSynchronizer.java:1081)
	at java.base/java.util.concurrent.Semaphore.tryAcquire(Semaphore.java:415)
	at org.apache.hadoop.ozone.lease.LeaseManager$LeaseMonitor.run(LeaseManager.java:284)
	at java.base/java.lang.Thread.run(Thread.java:840)
2024-10-28 08:12:28,235 [main] INFO  ozone.MiniOzoneClusterImpl (MiniOzoneClusterImpl.java:stop(500)) - Stopping the Mini Ozone Cluster
2024-10-28 08:12:28,235 [main] INFO  ozone.MiniOzoneClusterImpl (MiniOzoneClusterImpl.java:stopDatanodes(577)) - Stopping the HddsDatanodes
2024-10-28 08:12:28,316 [main] INFO  ozoneimpl.OzoneContainer (OzoneContainer.java:stop(497)) - Attempting to stop container services.
2024-10-28 08:12:28,316 [ContainerMetadataScanner] WARN  ozoneimpl.AbstractBackgroundContainerScanner (AbstractBackgroundContainerScanner.java:handleRemainingSleep(134)) - Background container scan was interrupted.
2024-10-28 08:12:28,316 [ContainerMetadataScanner] INFO  ozoneimpl.AbstractBackgroundContainerScanner (AbstractBackgroundContainerScanner.java:run(61)) - Thread[ContainerMetadataScanner,5,main] exiting.
2024-10-28 08:12:28,317 [main] INFO  ozoneimpl.BackgroundContainerDataScanner (BackgroundContainerDataScanner.java:shutdown(141)) - ContainerDataScanner(/home/runner/work/ozone/ozone/hadoop-ozone/integration-test/target/test-dir/MiniOzoneClusterImpl-0da7ab08-e378-40bf-aed1-312ccc1152ed/ozone-meta/datanode-2/data-0/hdds) is shutting down. 
2024-10-28 08:12:28,317 [ContainerDataScanner(/home/runner/work/ozone/ozone/hadoop-ozone/integration-test/target/test-dir/MiniOzoneClusterImpl-0da7ab08-e378-40bf-aed1-312ccc1152ed/ozone-meta/datanode-2/data-0/hdds)] WARN  ozoneimpl.AbstractBackgroundContainerScanner (AbstractBackgroundContainerScanner.java:handleRemainingSleep(134)) - Background container scan was interrupted.
2024-10-28 08:12:28,317 [ContainerDataScanner(/home/runner/work/ozone/ozone/hadoop-ozone/integration-test/target/test-dir/MiniOzoneClusterImpl-0da7ab08-e378-40bf-aed1-312ccc1152ed/ozone-meta/datanode-2/data-0/hdds)] INFO  ozoneimpl.AbstractBackgroundContainerScanner (AbstractBackgroundContainerScanner.java:run(61)) - ContainerDataScanner(/home/runner/work/ozone/ozone/hadoop-ozone/integration-test/target/test-dir/MiniOzoneClusterImpl-0da7ab08-e378-40bf-aed1-312ccc1152ed/ozone-meta/datanode-2/data-0/hdds, DS-29c62199-3b72-4c86-8f66-d3ccc53b59ff) exiting.
2024-10-28 08:12:28,317 [main] INFO  ozoneimpl.OnDemandContainerDataScanner (OnDemandContainerDataScanner.java:shutdownScanner(206)) - On-demand container scanner is shutting down.
2024-10-28 08:12:28,317 [main] INFO  ratis.XceiverServerRatis (XceiverServerRatis.java:stop(596)) - Closing XceiverServerRatis(2dd66384-ce76-40f1-abb4-2732924b3f06)
2024-10-28 08:12:28,317 [main] INFO  server.RaftServer (RaftServerProxy.java:lambda$close$9(417)) - 2dd66384-ce76-40f1-abb4-2732924b3f06: close
2024-10-28 08:12:28,318 [2dd66384-ce76-40f1-abb4-2732924b3f06-impl-thread2] INFO  server.RaftServer$Division (RaftServerImpl.java:lambda$close$1(509)) - 2dd66384-ce76-40f1-abb4-2732924b3f06@group-9B564B04352B: shutdown
2024-10-28 08:12:28,318 [main] INFO  server.GrpcService (GrpcService.java:closeImpl(343)) - 2dd66384-ce76-40f1-abb4-2732924b3f06: shutdown server GrpcServerProtocolService now
2024-10-28 08:12:28,318 [2dd66384-ce76-40f1-abb4-2732924b3f06-impl-thread2] INFO  util.JmxRegister (JmxRegister.java:unregister(74)) - Successfully un-registered JMX Bean with object name Ratis:service=RaftServer,group=group-9B564B04352B,id=2dd66384-ce76-40f1-abb4-2732924b3f06
2024-10-28 08:12:28,318 [2dd66384-ce76-40f1-abb4-2732924b3f06-impl-thread2] INFO  impl.RoleInfo (RoleInfo.java:shutdownLeaderState(103)) - 2dd66384-ce76-40f1-abb4-2732924b3f06: shutdown 2dd66384-ce76-40f1-abb4-2732924b3f06@group-9B564B04352B-LeaderStateImpl
2024-10-28 08:12:28,318 [2dd66384-ce76-40f1-abb4-2732924b3f06-impl-thread3] INFO  server.RaftServer$Division (RaftServerImpl.java:lambda$close$1(509)) - 2dd66384-ce76-40f1-abb4-2732924b3f06@group-7E49E578F942: shutdown
2024-10-28 08:12:28,319 [2dd66384-ce76-40f1-abb4-2732924b3f06-impl-thread3] INFO  util.JmxRegister (JmxRegister.java:unregister(74)) - Successfully un-registered JMX Bean with object name Ratis:service=RaftServer,group=group-7E49E578F942,id=2dd66384-ce76-40f1-abb4-2732924b3f06
2024-10-28 08:12:28,319 [2dd66384-ce76-40f1-abb4-2732924b3f06-impl-thread3] INFO  impl.RoleInfo (RoleInfo.java:shutdownFollowerState(119)) - 2dd66384-ce76-40f1-abb4-2732924b3f06: shutdown 2dd66384-ce76-40f1-abb4-2732924b3f06@group-7E49E578F942-FollowerState
2024-10-28 08:12:28,319 [grpc-default-executor-10] WARN  server.GrpcServerProtocolService (LogUtils.java:warn(121)) - 2dd66384-ce76-40f1-abb4-2732924b3f06: APPEND_ENTRIES onError, lastRequest: 5164dc07-7390-4e62-85ea-fa0d5359a577->2dd66384-ce76-40f1-abb4-2732924b3f06#2-t2,previous=(t:2, i:1),leaderCommit=1,initializing? false,entries: size=1, first=(t:2, i:2), METADATAENTRY(c:1): org.apache.ratis.thirdparty.io.grpc.StatusRuntimeException: CANCELLED: client cancelled
2024-10-28 08:12:28,319 [2dd66384-ce76-40f1-abb4-2732924b3f06-impl-thread2] INFO  impl.PendingRequests (PendingRequests.java:sendNotLeaderResponses(287)) - 2dd66384-ce76-40f1-abb4-2732924b3f06@group-9B564B04352B-PendingRequests: sendNotLeaderResponses
2024-10-28 08:12:28,319 [2dd66384-ce76-40f1-abb4-2732924b3f06@group-7E49E578F942-FollowerState] INFO  impl.FollowerState (FollowerState.java:run(153)) - 2dd66384-ce76-40f1-abb4-2732924b3f06@group-7E49E578F942-FollowerState was interrupted
2024-10-28 08:12:28,319 [grpc-default-executor-10] WARN  server.GrpcServerProtocolService (LogUtils.java:warn(121)) - 2dd66384-ce76-40f1-abb4-2732924b3f06: APPEND_ENTRIES onError, lastRequest: null: org.apache.ratis.thirdparty.io.grpc.StatusRuntimeException: CANCELLED: client cancelled
2024-10-28 08:12:28,319 [grpc-default-executor-7] WARN  server.GrpcLogAppender (LogUtils.java:warn(121)) - 5164dc07-7390-4e62-85ea-fa0d5359a577@group-2EAE137D939C->2dd66384-ce76-40f1-abb4-2732924b3f06-AppendLogResponseHandler: Failed appendEntries: org.apache.ratis.thirdparty.io.grpc.StatusRuntimeException: CANCELLED: RST_STREAM closed stream. HTTP/2 error code: CANCEL
2024-10-28 08:12:28,319 [grpc-default-executor-7] WARN  server.GrpcLogAppender (GrpcLogAppender.java:lambda$resetClient$1(221)) - 5164dc07-7390-4e62-85ea-fa0d5359a577@group-2EAE137D939C->2dd66384-ce76-40f1-abb4-2732924b3f06-GrpcLogAppender: Follower failed (request=null, errorCount=1); keep nextIndex (3) unchanged and retry.
2024-10-28 08:12:28,320 [grpc-default-executor-10] WARN  server.GrpcLogAppender (LogUtils.java:warn(121)) - 0506bfaa-e0bf-41a1-ae8b-a3d5b458913d@group-7E49E578F942->2dd66384-ce76-40f1-abb4-2732924b3f06-AppendLogResponseHandler: Failed appendEntries: org.apache.ratis.thirdparty.io.grpc.StatusRuntimeException: CANCELLED: RST_STREAM closed stream. HTTP/2 error code: CANCEL
2024-10-28 08:12:28,320 [grpc-default-executor-8] WARN  server.GrpcServerProtocolService (LogUtils.java:warn(121)) - 2dd66384-ce76-40f1-abb4-2732924b3f06: APPEND_ENTRIES onError, lastRequest: null: org.apache.ratis.thirdparty.io.grpc.StatusRuntimeException: CANCELLED: client cancelled
2024-10-28 08:12:28,320 [2dd66384-ce76-40f1-abb4-2732924b3f06-impl-thread4] INFO  server.RaftServer$Division (RaftServerImpl.java:lambda$close$1(509)) - 2dd66384-ce76-40f1-abb4-2732924b3f06@group-2EAE137D939C: shutdown
2024-10-28 08:12:28,320 [2dd66384-ce76-40f1-abb4-2732924b3f06-impl-thread4] INFO  util.JmxRegister (JmxRegister.java:unregister(74)) - Successfully un-registered JMX Bean with object name Ratis:service=RaftServer,group=group-2EAE137D939C,id=2dd66384-ce76-40f1-abb4-2732924b3f06
2024-10-28 08:12:28,321 [2dd66384-ce76-40f1-abb4-2732924b3f06-impl-thread4] INFO  impl.RoleInfo (RoleInfo.java:shutdownFollowerState(119)) - 2dd66384-ce76-40f1-abb4-2732924b3f06: shutdown 2dd66384-ce76-40f1-abb4-2732924b3f06@group-2EAE137D939C-FollowerState
2024-10-28 08:12:28,321 [2dd66384-ce76-40f1-abb4-2732924b3f06-impl-thread4] INFO  impl.StateMachineUpdater (StateMachineUpdater.java:stopAndJoin(164)) - 2dd66384-ce76-40f1-abb4-2732924b3f06@group-2EAE137D939C-StateMachineUpdater: set stopIndex = 2
2024-10-28 08:12:28,321 [2dd66384-ce76-40f1-abb4-2732924b3f06@group-2EAE137D939C-StateMachineUpdater] INFO  ratis.ContainerStateMachine (ContainerStateMachine.java:takeSnapshot(361)) - group-2EAE137D939C: Taking a snapshot at:(t:2, i:2) file /home/runner/work/ozone/ozone/hadoop-ozone/integration-test/target/test-dir/MiniOzoneClusterImpl-0da7ab08-e378-40bf-aed1-312ccc1152ed/ozone-meta/datanode-2/ratis/e3918b99-e00f-4486-a814-2eae137d939c/sm/snapshot.2_2
2024-10-28 08:12:28,321 [2dd66384-ce76-40f1-abb4-2732924b3f06-impl-thread2] INFO  impl.StateMachineUpdater (StateMachineUpdater.java:stopAndJoin(164)) - 2dd66384-ce76-40f1-abb4-2732924b3f06@group-9B564B04352B-StateMachineUpdater: set stopIndex = 0
2024-10-28 08:12:28,321 [2dd66384-ce76-40f1-abb4-2732924b3f06@group-9B564B04352B-StateMachineUpdater] INFO  ratis.ContainerStateMachine (ContainerStateMachine.java:takeSnapshot(361)) - group-9B564B04352B: Taking a snapshot at:(t:1, i:0) file /home/runner/work/ozone/ozone/hadoop-ozone/integration-test/target/test-dir/MiniOzoneClusterImpl-0da7ab08-e378-40bf-aed1-312ccc1152ed/ozone-meta/datanode-2/ratis/9d462e91-4aea-49d4-88d5-9b564b04352b/sm/snapshot.1_0
2024-10-28 08:12:28,319 [2dd66384-ce76-40f1-abb4-2732924b3f06-impl-thread3] INFO  impl.StateMachineUpdater (StateMachineUpdater.java:stopAndJoin(164)) - 2dd66384-ce76-40f1-abb4-2732924b3f06@group-7E49E578F942-StateMachineUpdater: set stopIndex = 2
2024-10-28 08:12:28,319 [2dd66384-ce76-40f1-abb4-2732924b3f06@group-7E49E578F942-StateMachineUpdater] INFO  ratis.ContainerStateMachine (ContainerStateMachine.java:takeSnapshot(361)) - group-7E49E578F942: Taking a snapshot at:(t:2, i:2) file /home/runner/work/ozone/ozone/hadoop-ozone/integration-test/target/test-dir/MiniOzoneClusterImpl-0da7ab08-e378-40bf-aed1-312ccc1152ed/ozone-meta/datanode-2/ratis/28892f10-fef2-4f02-9f0c-7e49e578f942/sm/snapshot.2_2
2024-10-28 08:12:28,321 [Thread-3367] INFO  server.GrpcServerProtocolClient (GrpcServerProtocolClient.java:close(105)) - 0506bfaa-e0bf-41a1-ae8b-a3d5b458913d Close channels
2024-10-28 08:12:28,321 [Thread-3365] INFO  server.GrpcServerProtocolClient (GrpcServerProtocolClient.java:close(105)) - 5164dc07-7390-4e62-85ea-fa0d5359a577 Close channels
2024-10-28 08:12:28,321 [2dd66384-ce76-40f1-abb4-2732924b3f06@group-2EAE137D939C-FollowerState] INFO  impl.FollowerState (FollowerState.java:run(153)) - 2dd66384-ce76-40f1-abb4-2732924b3f06@group-2EAE137D939C-FollowerState was interrupted
2024-10-28 08:12:28,320 [grpc-default-executor-4] WARN  server.GrpcServerProtocolService (LogUtils.java:warn(121)) - 2dd66384-ce76-40f1-abb4-2732924b3f06: APPEND_ENTRIES onError, lastRequest: 0506bfaa-e0bf-41a1-ae8b-a3d5b458913d->2dd66384-ce76-40f1-abb4-2732924b3f06#2-t2,previous=(t:2, i:1),leaderCommit=1,initializing? false,entries: size=1, first=(t:2, i:2), METADATAENTRY(c:1): org.apache.ratis.thirdparty.io.grpc.StatusRuntimeException: CANCELLED: client cancelled
2024-10-28 08:12:28,322 [2dd66384-ce76-40f1-abb4-2732924b3f06@group-9B564B04352B-StateMachineUpdater] INFO  ratis.ContainerStateMachine (ContainerStateMachine.java:takeSnapshot(372)) - group-9B564B04352B: Finished taking a snapshot at:(t:1, i:0) file:/home/runner/work/ozone/ozone/hadoop-ozone/integration-test/target/test-dir/MiniOzoneClusterImpl-0da7ab08-e378-40bf-aed1-312ccc1152ed/ozone-meta/datanode-2/ratis/9d462e91-4aea-49d4-88d5-9b564b04352b/sm/snapshot.1_0 took: 1 ms
2024-10-28 08:12:28,323 [2dd66384-ce76-40f1-abb4-2732924b3f06@group-9B564B04352B-StateMachineUpdater] INFO  impl.StateMachineUpdater (StateMachineUpdater.java:takeSnapshot(303)) - 2dd66384-ce76-40f1-abb4-2732924b3f06@group-9B564B04352B-StateMachineUpdater: Took a snapshot at index 0
2024-10-28 08:12:28,323 [2dd66384-ce76-40f1-abb4-2732924b3f06@group-9B564B04352B-StateMachineUpdater] INFO  impl.StateMachineUpdater (StateMachineUpdater.java:lambda$new$0(102)) - 2dd66384-ce76-40f1-abb4-2732924b3f06@group-9B564B04352B-StateMachineUpdater: snapshotIndex: updateIncreasingly -1 -> 0
2024-10-28 08:12:28,323 [2dd66384-ce76-40f1-abb4-2732924b3f06@group-9B564B04352B-StateMachineUpdater] INFO  impl.StateMachineUpdater (StateMachineUpdater.java:stop(141)) - 2dd66384-ce76-40f1-abb4-2732924b3f06@group-9B564B04352B-StateMachineUpdater: closing ContainerStateMachine, lastApplied=(t:1, i:0)
2024-10-28 08:12:28,323 [2dd66384-ce76-40f1-abb4-2732924b3f06@group-9B564B04352B-cacheEviction-AwaitToRun] INFO  util.AwaitToRun (AwaitToRun.java:run(49)) - 2dd66384-ce76-40f1-abb4-2732924b3f06@group-9B564B04352B-cacheEviction-AwaitToRun-AwaitForSignal is interrupted
2024-10-28 08:12:28,324 [2dd66384-ce76-40f1-abb4-2732924b3f06@group-7E49E578F942-StateMachineUpdater] INFO  ratis.ContainerStateMachine (ContainerStateMachine.java:takeSnapshot(372)) - group-7E49E578F942: Finished taking a snapshot at:(t:2, i:2) file:/home/runner/work/ozone/ozone/hadoop-ozone/integration-test/target/test-dir/MiniOzoneClusterImpl-0da7ab08-e378-40bf-aed1-312ccc1152ed/ozone-meta/datanode-2/ratis/28892f10-fef2-4f02-9f0c-7e49e578f942/sm/snapshot.2_2 took: 5 ms
2024-10-28 08:12:28,324 [2dd66384-ce76-40f1-abb4-2732924b3f06@group-7E49E578F942-StateMachineUpdater] INFO  impl.StateMachineUpdater (StateMachineUpdater.java:takeSnapshot(303)) - 2dd66384-ce76-40f1-abb4-2732924b3f06@group-7E49E578F942-StateMachineUpdater: Took a snapshot at index 2
2024-10-28 08:12:28,324 [2dd66384-ce76-40f1-abb4-2732924b3f06@group-7E49E578F942-StateMachineUpdater] INFO  impl.StateMachineUpdater (StateMachineUpdater.java:lambda$new$0(102)) - 2dd66384-ce76-40f1-abb4-2732924b3f06@group-7E49E578F942-StateMachineUpdater: snapshotIndex: updateIncreasingly -1 -> 2
2024-10-28 08:12:28,324 [2dd66384-ce76-40f1-abb4-2732924b3f06@group-2EAE137D939C-StateMachineUpdater] INFO  ratis.ContainerStateMachine (ContainerStateMachine.java:takeSnapshot(372)) - group-2EAE137D939C: Finished taking a snapshot at:(t:2, i:2) file:/home/runner/work/ozone/ozone/hadoop-ozone/integration-test/target/test-dir/MiniOzoneClusterImpl-0da7ab08-e378-40bf-aed1-312ccc1152ed/ozone-meta/datanode-2/ratis/e3918b99-e00f-4486-a814-2eae137d939c/sm/snapshot.2_2 took: 4 ms
2024-10-28 08:12:28,324 [2dd66384-ce76-40f1-abb4-2732924b3f06@group-2EAE137D939C-StateMachineUpdater] INFO  impl.StateMachineUpdater (StateMachineUpdater.java:takeSnapshot(303)) - 2dd66384-ce76-40f1-abb4-2732924b3f06@group-2EAE137D939C-StateMachineUpdater: Took a snapshot at index 2
2024-10-28 08:12:28,324 [2dd66384-ce76-40f1-abb4-2732924b3f06@group-2EAE137D939C-StateMachineUpdater] INFO  impl.StateMachineUpdater (StateMachineUpdater.java:lambda$new$0(102)) - 2dd66384-ce76-40f1-abb4-2732924b3f06@group-2EAE137D939C-StateMachineUpdater: snapshotIndex: updateIncreasingly -1 -> 2
2024-10-28 08:12:28,324 [2dd66384-ce76-40f1-abb4-2732924b3f06@group-2EAE137D939C-StateMachineUpdater] INFO  impl.StateMachineUpdater (StateMachineUpdater.java:stop(141)) - 2dd66384-ce76-40f1-abb4-2732924b3f06@group-2EAE137D939C-StateMachineUpdater: closing ContainerStateMachine, lastApplied=(t:2, i:2)
2024-10-28 08:12:28,325 [main] INFO  server.GrpcService (GrpcService.java:closeImpl(352)) - 2dd66384-ce76-40f1-abb4-2732924b3f06: shutdown server GrpcServerProtocolService successfully
2024-10-28 08:12:28,325 [2dd66384-ce76-40f1-abb4-2732924b3f06@group-2EAE137D939C-cacheEviction-AwaitToRun] INFO  util.AwaitToRun (AwaitToRun.java:run(49)) - 2dd66384-ce76-40f1-abb4-2732924b3f06@group-2EAE137D939C-cacheEviction-AwaitToRun-AwaitForSignal is interrupted
2024-10-28 08:12:28,324 [2dd66384-ce76-40f1-abb4-2732924b3f06@group-7E49E578F942-StateMachineUpdater] INFO  impl.StateMachineUpdater (StateMachineUpdater.java:stop(141)) - 2dd66384-ce76-40f1-abb4-2732924b3f06@group-7E49E578F942-StateMachineUpdater: closing ContainerStateMachine, lastApplied=(t:2, i:2)
2024-10-28 08:12:28,325 [2dd66384-ce76-40f1-abb4-2732924b3f06@group-7E49E578F942-cacheEviction-AwaitToRun] INFO  util.AwaitToRun (AwaitToRun.java:run(49)) - 2dd66384-ce76-40f1-abb4-2732924b3f06@group-7E49E578F942-cacheEviction-AwaitToRun-AwaitForSignal is interrupted
2024-10-28 08:12:28,329 [2dd66384-ce76-40f1-abb4-2732924b3f06-NettyServerStreamRpc-bossGroup--thread1] INFO  logging.LoggingHandler (AbstractInternalLogger.java:log(148)) - [id: 0x13903625, L:/0.0.0.0:15139] CLOSE
2024-10-28 08:12:28,329 [2dd66384-ce76-40f1-abb4-2732924b3f06-NettyServerStreamRpc-bossGroup--thread1] INFO  logging.LoggingHandler (AbstractInternalLogger.java:log(148)) - [id: 0x13903625, L:/0.0.0.0:15139] INACTIVE
2024-10-28 08:12:28,329 [2dd66384-ce76-40f1-abb4-2732924b3f06-NettyServerStreamRpc-bossGroup--thread1] INFO  logging.LoggingHandler (AbstractInternalLogger.java:log(148)) - [id: 0x13903625, L:/0.0.0.0:15139] UNREGISTERED
2024-10-28 08:12:28,377 [0506bfaa-e0bf-41a1-ae8b-a3d5b458913d-EndpointStateMachineTaskThread-/127.0.0.1:15079-0 ] INFO  ipc.Client (Client.java:handleConnectionFailure(950)) - Retrying connect to server: localhost/127.0.0.1:15079. Already tried 0 time(s); retry policy is RetryUpToMaximumCountWithFixedSleep(maxRetries=15, sleepTime=1000 MILLISECONDS)
2024-10-28 08:12:28,377 [ForkJoinPool.commonPool-worker-4] INFO  ozoneimpl.OzoneContainer (OzoneContainer.java:stop(497)) - Attempting to stop container services.
2024-10-28 08:12:28,377 [ContainerMetadataScanner] WARN  ozoneimpl.AbstractBackgroundContainerScanner (AbstractBackgroundContainerScanner.java:handleRemainingSleep(134)) - Background container scan was interrupted.
2024-10-28 08:12:28,377 [ContainerMetadataScanner] INFO  ozoneimpl.AbstractBackgroundContainerScanner (AbstractBackgroundContainerScanner.java:run(61)) - Thread[ContainerMetadataScanner,5,main] exiting.
2024-10-28 08:12:28,377 [ForkJoinPool.commonPool-worker-4] INFO  ozoneimpl.BackgroundContainerDataScanner (BackgroundContainerDataScanner.java:shutdown(141)) - ContainerDataScanner(/home/runner/work/ozone/ozone/hadoop-ozone/integration-test/target/test-dir/MiniOzoneClusterImpl-0da7ab08-e378-40bf-aed1-312ccc1152ed/ozone-meta/datanode-1/data-0/hdds) is shutting down. 
2024-10-28 08:12:28,377 [ContainerDataScanner(/home/runner/work/ozone/ozone/hadoop-ozone/integration-test/target/test-dir/MiniOzoneClusterImpl-0da7ab08-e378-40bf-aed1-312ccc1152ed/ozone-meta/datanode-1/data-0/hdds)] WARN  ozoneimpl.AbstractBackgroundContainerScanner (AbstractBackgroundContainerScanner.java:handleRemainingSleep(134)) - Background container scan was interrupted.
2024-10-28 08:12:28,377 [ContainerDataScanner(/home/runner/work/ozone/ozone/hadoop-ozone/integration-test/target/test-dir/MiniOzoneClusterImpl-0da7ab08-e378-40bf-aed1-312ccc1152ed/ozone-meta/datanode-1/data-0/hdds)] INFO  ozoneimpl.AbstractBackgroundContainerScanner (AbstractBackgroundContainerScanner.java:run(61)) - ContainerDataScanner(/home/runner/work/ozone/ozone/hadoop-ozone/integration-test/target/test-dir/MiniOzoneClusterImpl-0da7ab08-e378-40bf-aed1-312ccc1152ed/ozone-meta/datanode-1/data-0/hdds, DS-430f4329-e4dd-470b-aa5e-57fa8d4f6da8) exiting.
2024-10-28 08:12:28,378 [0506bfaa-e0bf-41a1-ae8b-a3d5b458913d-EndpointStateMachineTaskThread-/127.0.0.1:15095-0 ] INFO  ipc.Client (Client.java:handleConnectionFailure(950)) - Retrying connect to server: localhost/127.0.0.1:15095. Already tried 1 time(s); retry policy is RetryUpToMaximumCountWithFixedSleep(maxRetries=15, sleepTime=1000 MILLISECONDS)
2024-10-28 08:12:28,377 [0506bfaa-e0bf-41a1-ae8b-a3d5b458913d-EndpointStateMachineTaskThread-/127.0.0.1:15087-0 ] INFO  ipc.Client (Client.java:handleConnectionFailure(950)) - Retrying connect to server: localhost/127.0.0.1:15087. Already tried 1 time(s); retry policy is RetryUpToMaximumCountWithFixedSleep(maxRetries=15, sleepTime=1000 MILLISECONDS)
2024-10-28 08:12:28,378 [ForkJoinPool.commonPool-worker-4] INFO  ratis.XceiverServerRatis (XceiverServerRatis.java:stop(596)) - Closing XceiverServerRatis(0506bfaa-e0bf-41a1-ae8b-a3d5b458913d)
2024-10-28 08:12:28,378 [ForkJoinPool.commonPool-worker-4] INFO  server.RaftServer (RaftServerProxy.java:lambda$close$9(417)) - 0506bfaa-e0bf-41a1-ae8b-a3d5b458913d: close
2024-10-28 08:12:28,378 [0506bfaa-e0bf-41a1-ae8b-a3d5b458913d-impl-thread2] INFO  server.RaftServer$Division (RaftServerImpl.java:lambda$close$1(509)) - 0506bfaa-e0bf-41a1-ae8b-a3d5b458913d@group-7E49E578F942: shutdown
2024-10-28 08:12:28,378 [0506bfaa-e0bf-41a1-ae8b-a3d5b458913d-impl-thread2] INFO  util.JmxRegister (JmxRegister.java:unregister(74)) - Successfully un-registered JMX Bean with object name Ratis:service=RaftServer,group=group-7E49E578F942,id=0506bfaa-e0bf-41a1-ae8b-a3d5b458913d
2024-10-28 08:12:28,378 [0506bfaa-e0bf-41a1-ae8b-a3d5b458913d-impl-thread2] INFO  impl.RoleInfo (RoleInfo.java:shutdownLeaderState(103)) - 0506bfaa-e0bf-41a1-ae8b-a3d5b458913d: shutdown 0506bfaa-e0bf-41a1-ae8b-a3d5b458913d@group-7E49E578F942-LeaderStateImpl
2024-10-28 08:12:28,378 [0506bfaa-e0bf-41a1-ae8b-a3d5b458913d-impl-thread4] INFO  server.RaftServer$Division (RaftServerImpl.java:lambda$close$1(509)) - 0506bfaa-e0bf-41a1-ae8b-a3d5b458913d@group-2EAE137D939C: shutdown
2024-10-28 08:12:28,378 [0506bfaa-e0bf-41a1-ae8b-a3d5b458913d-impl-thread2] INFO  impl.PendingRequests (PendingRequests.java:sendNotLeaderResponses(287)) - 0506bfaa-e0bf-41a1-ae8b-a3d5b458913d@group-7E49E578F942-PendingRequests: sendNotLeaderResponses
2024-10-28 08:12:28,378 [ForkJoinPool.commonPool-worker-4] INFO  server.GrpcService (GrpcService.java:closeImpl(343)) - 0506bfaa-e0bf-41a1-ae8b-a3d5b458913d: shutdown server GrpcServerProtocolService now
2024-10-28 08:12:28,378 [0506bfaa-e0bf-41a1-ae8b-a3d5b458913d-impl-thread3] INFO  server.RaftServer$Division (RaftServerImpl.java:lambda$close$1(509)) - 0506bfaa-e0bf-41a1-ae8b-a3d5b458913d@group-F28298DE009A: shutdown
2024-10-28 08:12:28,379 [0506bfaa-e0bf-41a1-ae8b-a3d5b458913d-impl-thread3] INFO  util.JmxRegister (JmxRegister.java:unregister(74)) - Successfully un-registered JMX Bean with object name Ratis:service=RaftServer,group=group-F28298DE009A,id=0506bfaa-e0bf-41a1-ae8b-a3d5b458913d
2024-10-28 08:12:28,379 [0506bfaa-e0bf-41a1-ae8b-a3d5b458913d-impl-thread3] INFO  impl.RoleInfo (RoleInfo.java:shutdownLeaderState(103)) - 0506bfaa-e0bf-41a1-ae8b-a3d5b458913d: shutdown 0506bfaa-e0bf-41a1-ae8b-a3d5b458913d@group-F28298DE009A-LeaderStateImpl
2024-10-28 08:12:28,379 [0506bfaa-e0bf-41a1-ae8b-a3d5b458913d-impl-thread3] INFO  impl.PendingRequests (PendingRequests.java:sendNotLeaderResponses(287)) - 0506bfaa-e0bf-41a1-ae8b-a3d5b458913d@group-F28298DE009A-PendingRequests: sendNotLeaderResponses
2024-10-28 08:12:28,378 [0506bfaa-e0bf-41a1-ae8b-a3d5b458913d-impl-thread4] INFO  util.JmxRegister (JmxRegister.java:unregister(74)) - Successfully un-registered JMX Bean with object name Ratis:service=RaftServer,group=group-2EAE137D939C,id=0506bfaa-e0bf-41a1-ae8b-a3d5b458913d
2024-10-28 08:12:28,378 [0506bfaa-e0bf-41a1-ae8b-a3d5b458913d@group-7E49E578F942->2dd66384-ce76-40f1-abb4-2732924b3f06-GrpcLogAppender-LogAppenderDaemon] WARN  server.GrpcLogAppender (GrpcLogAppender.java:mayWait(293)) - 0506bfaa-e0bf-41a1-ae8b-a3d5b458913d@group-7E49E578F942->2dd66384-ce76-40f1-abb4-2732924b3f06-GrpcLogAppender: Wait interrupted by java.lang.InterruptedException
2024-10-28 08:12:28,378 [0506bfaa-e0bf-41a1-ae8b-a3d5b458913d@group-7E49E578F942->5164dc07-7390-4e62-85ea-fa0d5359a577-GrpcLogAppender-LogAppenderDaemon] WARN  server.GrpcLogAppender (GrpcLogAppender.java:mayWait(293)) - 0506bfaa-e0bf-41a1-ae8b-a3d5b458913d@group-7E49E578F942->5164dc07-7390-4e62-85ea-fa0d5359a577-GrpcLogAppender: Wait interrupted by java.lang.InterruptedException
2024-10-28 08:12:28,379 [0506bfaa-e0bf-41a1-ae8b-a3d5b458913d-impl-thread3] INFO  impl.StateMachineUpdater (StateMachineUpdater.java:stopAndJoin(164)) - 0506bfaa-e0bf-41a1-ae8b-a3d5b458913d@group-F28298DE009A-StateMachineUpdater: set stopIndex = 0
2024-10-28 08:12:28,380 [0506bfaa-e0bf-41a1-ae8b-a3d5b458913d-impl-thread4] INFO  impl.RoleInfo (RoleInfo.java:shutdownFollowerState(119)) - 0506bfaa-e0bf-41a1-ae8b-a3d5b458913d: shutdown 0506bfaa-e0bf-41a1-ae8b-a3d5b458913d@group-2EAE137D939C-FollowerState
2024-10-28 08:12:28,380 [0506bfaa-e0bf-41a1-ae8b-a3d5b458913d@group-2EAE137D939C-FollowerState] INFO  impl.FollowerState (FollowerState.java:run(153)) - 0506bfaa-e0bf-41a1-ae8b-a3d5b458913d@group-2EAE137D939C-FollowerState was interrupted
2024-10-28 08:12:28,380 [0506bfaa-e0bf-41a1-ae8b-a3d5b458913d-impl-thread4] INFO  impl.StateMachineUpdater (StateMachineUpdater.java:stopAndJoin(164)) - 0506bfaa-e0bf-41a1-ae8b-a3d5b458913d@group-2EAE137D939C-StateMachineUpdater: set stopIndex = 2
2024-10-28 08:12:28,380 [0506bfaa-e0bf-41a1-ae8b-a3d5b458913d@group-F28298DE009A-StateMachineUpdater] INFO  ratis.ContainerStateMachine (ContainerStateMachine.java:takeSnapshot(361)) - group-F28298DE009A: Taking a snapshot at:(t:1, i:0) file /home/runner/work/ozone/ozone/hadoop-ozone/integration-test/target/test-dir/MiniOzoneClusterImpl-0da7ab08-e378-40bf-aed1-312ccc1152ed/ozone-meta/datanode-1/ratis/c4204bd4-d65b-4d77-a627-f28298de009a/sm/snapshot.1_0
2024-10-28 08:12:28,380 [0506bfaa-e0bf-41a1-ae8b-a3d5b458913d@group-2EAE137D939C-StateMachineUpdater] INFO  ratis.ContainerStateMachine (ContainerStateMachine.java:takeSnapshot(361)) - group-2EAE137D939C: Taking a snapshot at:(t:2, i:2) file /home/runner/work/ozone/ozone/hadoop-ozone/integration-test/target/test-dir/MiniOzoneClusterImpl-0da7ab08-e378-40bf-aed1-312ccc1152ed/ozone-meta/datanode-1/ratis/e3918b99-e00f-4486-a814-2eae137d939c/sm/snapshot.2_2
2024-10-28 08:12:28,380 [grpc-default-executor-8] WARN  server.GrpcServerProtocolService (LogUtils.java:warn(121)) - 0506bfaa-e0bf-41a1-ae8b-a3d5b458913d: APPEND_ENTRIES onError, lastRequest: null: org.apache.ratis.thirdparty.io.grpc.StatusRuntimeException: CANCELLED: client cancelled
2024-10-28 08:12:28,380 [grpc-default-executor-7] WARN  server.GrpcServerProtocolService (LogUtils.java:warn(121)) - 0506bfaa-e0bf-41a1-ae8b-a3d5b458913d: APPEND_ENTRIES onError, lastRequest: 5164dc07-7390-4e62-85ea-fa0d5359a577->0506bfaa-e0bf-41a1-ae8b-a3d5b458913d#2-t2,previous=(t:2, i:1),leaderCommit=1,initializing? false,entries: size=1, first=(t:2, i:2), METADATAENTRY(c:1): org.apache.ratis.thirdparty.io.grpc.StatusRuntimeException: CANCELLED: client cancelled
2024-10-28 08:12:28,380 [0506bfaa-e0bf-41a1-ae8b-a3d5b458913d-impl-thread2] INFO  impl.StateMachineUpdater (StateMachineUpdater.java:stopAndJoin(164)) - 0506bfaa-e0bf-41a1-ae8b-a3d5b458913d@group-7E49E578F942-StateMachineUpdater: set stopIndex = 2
2024-10-28 08:12:28,380 [0506bfaa-e0bf-41a1-ae8b-a3d5b458913d@group-7E49E578F942-StateMachineUpdater] INFO  ratis.ContainerStateMachine (ContainerStateMachine.java:takeSnapshot(361)) - group-7E49E578F942: Taking a snapshot at:(t:2, i:2) file /home/runner/work/ozone/ozone/hadoop-ozone/integration-test/target/test-dir/MiniOzoneClusterImpl-0da7ab08-e378-40bf-aed1-312ccc1152ed/ozone-meta/datanode-1/ratis/28892f10-fef2-4f02-9f0c-7e49e578f942/sm/snapshot.2_2
2024-10-28 08:12:28,380 [0506bfaa-e0bf-41a1-ae8b-a3d5b458913d@group-F28298DE009A-StateMachineUpdater] INFO  ratis.ContainerStateMachine (ContainerStateMachine.java:takeSnapshot(372)) - group-F28298DE009A: Finished taking a snapshot at:(t:1, i:0) file:/home/runner/work/ozone/ozone/hadoop-ozone/integration-test/target/test-dir/MiniOzoneClusterImpl-0da7ab08-e378-40bf-aed1-312ccc1152ed/ozone-meta/datanode-1/ratis/c4204bd4-d65b-4d77-a627-f28298de009a/sm/snapshot.1_0 took: 0 ms
2024-10-28 08:12:28,381 [Thread-3406] INFO  server.GrpcServerProtocolClient (GrpcServerProtocolClient.java:close(105)) - 5164dc07-7390-4e62-85ea-fa0d5359a577 Close channels
2024-10-28 08:12:28,381 [Thread-3407] INFO  server.GrpcServerProtocolClient (GrpcServerProtocolClient.java:close(105)) - 2dd66384-ce76-40f1-abb4-2732924b3f06 Close channels
2024-10-28 08:12:28,381 [0506bfaa-e0bf-41a1-ae8b-a3d5b458913d@group-2EAE137D939C-StateMachineUpdater] INFO  ratis.ContainerStateMachine (ContainerStateMachine.java:takeSnapshot(372)) - group-2EAE137D939C: Finished taking a snapshot at:(t:2, i:2) file:/home/runner/work/ozone/ozone/hadoop-ozone/integration-test/target/test-dir/MiniOzoneClusterImpl-0da7ab08-e378-40bf-aed1-312ccc1152ed/ozone-meta/datanode-1/ratis/e3918b99-e00f-4486-a814-2eae137d939c/sm/snapshot.2_2 took: 1 ms
2024-10-28 08:12:28,381 [grpc-default-executor-9] WARN  server.GrpcLogAppender (LogUtils.java:warn(121)) - 5164dc07-7390-4e62-85ea-fa0d5359a577@group-2EAE137D939C->0506bfaa-e0bf-41a1-ae8b-a3d5b458913d-AppendLogResponseHandler: Failed appendEntries: org.apache.ratis.thirdparty.io.grpc.StatusRuntimeException: CANCELLED: RST_STREAM closed stream. HTTP/2 error code: CANCEL
2024-10-28 08:12:28,381 [grpc-default-executor-9] WARN  server.GrpcLogAppender (GrpcLogAppender.java:lambda$resetClient$1(221)) - 5164dc07-7390-4e62-85ea-fa0d5359a577@group-2EAE137D939C->0506bfaa-e0bf-41a1-ae8b-a3d5b458913d-GrpcLogAppender: Follower failed (request=null, errorCount=1); keep nextIndex (3) unchanged and retry.
2024-10-28 08:12:28,381 [0506bfaa-e0bf-41a1-ae8b-a3d5b458913d@group-2EAE137D939C-StateMachineUpdater] INFO  impl.StateMachineUpdater (StateMachineUpdater.java:takeSnapshot(303)) - 0506bfaa-e0bf-41a1-ae8b-a3d5b458913d@group-2EAE137D939C-StateMachineUpdater: Took a snapshot at index 2
2024-10-28 08:12:28,381 [0506bfaa-e0bf-41a1-ae8b-a3d5b458913d@group-7E49E578F942-StateMachineUpdater] INFO  ratis.ContainerStateMachine (ContainerStateMachine.java:takeSnapshot(372)) - group-7E49E578F942: Finished taking a snapshot at:(t:2, i:2) file:/home/runner/work/ozone/ozone/hadoop-ozone/integration-test/target/test-dir/MiniOzoneClusterImpl-0da7ab08-e378-40bf-aed1-312ccc1152ed/ozone-meta/datanode-1/ratis/28892f10-fef2-4f02-9f0c-7e49e578f942/sm/snapshot.2_2 took: 1 ms
2024-10-28 08:12:28,381 [0506bfaa-e0bf-41a1-ae8b-a3d5b458913d@group-7E49E578F942-StateMachineUpdater] INFO  impl.StateMachineUpdater (StateMachineUpdater.java:takeSnapshot(303)) - 0506bfaa-e0bf-41a1-ae8b-a3d5b458913d@group-7E49E578F942-StateMachineUpdater: Took a snapshot at index 2
2024-10-28 08:12:28,381 [0506bfaa-e0bf-41a1-ae8b-a3d5b458913d@group-7E49E578F942-StateMachineUpdater] INFO  impl.StateMachineUpdater (StateMachineUpdater.java:lambda$new$0(102)) - 0506bfaa-e0bf-41a1-ae8b-a3d5b458913d@group-7E49E578F942-StateMachineUpdater: snapshotIndex: updateIncreasingly -1 -> 2
2024-10-28 08:12:28,381 [0506bfaa-e0bf-41a1-ae8b-a3d5b458913d@group-7E49E578F942-StateMachineUpdater] INFO  impl.StateMachineUpdater (StateMachineUpdater.java:stop(141)) - 0506bfaa-e0bf-41a1-ae8b-a3d5b458913d@group-7E49E578F942-StateMachineUpdater: closing ContainerStateMachine, lastApplied=(t:2, i:2)
2024-10-28 08:12:28,381 [0506bfaa-e0bf-41a1-ae8b-a3d5b458913d@group-7E49E578F942-cacheEviction-AwaitToRun] INFO  util.AwaitToRun (AwaitToRun.java:run(49)) - 0506bfaa-e0bf-41a1-ae8b-a3d5b458913d@group-7E49E578F942-cacheEviction-AwaitToRun-AwaitForSignal is interrupted
2024-10-28 08:12:28,381 [0506bfaa-e0bf-41a1-ae8b-a3d5b458913d@group-2EAE137D939C-StateMachineUpdater] INFO  impl.StateMachineUpdater (StateMachineUpdater.java:lambda$new$0(102)) - 0506bfaa-e0bf-41a1-ae8b-a3d5b458913d@group-2EAE137D939C-StateMachineUpdater: snapshotIndex: updateIncreasingly -1 -> 2
2024-10-28 08:12:28,382 [0506bfaa-e0bf-41a1-ae8b-a3d5b458913d@group-2EAE137D939C-StateMachineUpdater] INFO  impl.StateMachineUpdater (StateMachineUpdater.java:stop(141)) - 0506bfaa-e0bf-41a1-ae8b-a3d5b458913d@group-2EAE137D939C-StateMachineUpdater: closing ContainerStateMachine, lastApplied=(t:2, i:2)
2024-10-28 08:12:28,382 [0506bfaa-e0bf-41a1-ae8b-a3d5b458913d@group-2EAE137D939C-cacheEviction-AwaitToRun] INFO  util.AwaitToRun (AwaitToRun.java:run(49)) - 0506bfaa-e0bf-41a1-ae8b-a3d5b458913d@group-2EAE137D939C-cacheEviction-AwaitToRun-AwaitForSignal is interrupted
2024-10-28 08:12:28,382 [grpc-default-executor-9] INFO  server.GrpcServerProtocolService (GrpcServerProtocolService.java:onCompleted(157)) - 5164dc07-7390-4e62-85ea-fa0d5359a577: Completed APPEND_ENTRIES, lastRequest: 0506bfaa-e0bf-41a1-ae8b-a3d5b458913d->5164dc07-7390-4e62-85ea-fa0d5359a577#2-t2,previous=(t:2, i:1),leaderCommit=1,initializing? false,entries: size=1, first=(t:2, i:2), METADATAENTRY(c:1)
2024-10-28 08:12:28,382 [grpc-default-executor-9] INFO  server.GrpcServerProtocolService (GrpcServerProtocolService.java:lambda$onCompleted$5(159)) - 5164dc07-7390-4e62-85ea-fa0d5359a577: Completed APPEND_ENTRIES, lastReply: null
2024-10-28 08:12:28,382 [grpc-default-executor-9] INFO  server.GrpcServerProtocolService (GrpcServerProtocolService.java:onCompleted(157)) - 5164dc07-7390-4e62-85ea-fa0d5359a577: Completed APPEND_ENTRIES, lastRequest: null
2024-10-28 08:12:28,383 [grpc-default-executor-7] INFO  server.GrpcLogAppender (GrpcLogAppender.java:onCompleted(550)) - 0506bfaa-e0bf-41a1-ae8b-a3d5b458913d@group-7E49E578F942->5164dc07-7390-4e62-85ea-fa0d5359a577-AppendLogResponseHandler: follower responses appendEntries COMPLETED
2024-10-28 08:12:28,383 [grpc-default-executor-7] WARN  server.GrpcLogAppender (GrpcLogAppender.java:resetClient(230)) - 0506bfaa-e0bf-41a1-ae8b-a3d5b458913d@group-7E49E578F942->5164dc07-7390-4e62-85ea-fa0d5359a577-GrpcLogAppender: Failed to getClient for 5164dc07-7390-4e62-85ea-fa0d5359a577
org.apache.ratis.protocol.exceptions.AlreadyClosedException: 0506bfaa-e0bf-41a1-ae8b-a3d5b458913d is already CLOSED
	at org.apache.ratis.util.PeerProxyMap$PeerAndProxy.getProxy(PeerProxyMap.java:67)
	at org.apache.ratis.util.PeerProxyMap.getProxy(PeerProxyMap.java:124)
	at org.apache.ratis.grpc.server.GrpcLogAppender.getClient(GrpcLogAppender.java:200)
	at org.apache.ratis.grpc.server.GrpcLogAppender.resetClient(GrpcLogAppender.java:205)
	at org.apache.ratis.grpc.server.GrpcLogAppender.access$800(GrpcLogAppender.java:64)
	at org.apache.ratis.grpc.server.GrpcLogAppender$AppendLogResponseHandler.onCompleted(GrpcLogAppender.java:551)
	at org.apache.ratis.thirdparty.io.grpc.stub.ClientCalls$StreamObserverToCallListenerAdapter.onClose(ClientCalls.java:479)
	at org.apache.ratis.thirdparty.io.grpc.internal.ClientCallImpl.closeObserver(ClientCallImpl.java:567)
	at org.apache.ratis.thirdparty.io.grpc.internal.ClientCallImpl.access$300(ClientCallImpl.java:71)
	at org.apache.ratis.thirdparty.io.grpc.internal.ClientCallImpl$ClientStreamListenerImpl$1StreamClosed.runInternal(ClientCallImpl.java:735)
	at org.apache.ratis.thirdparty.io.grpc.internal.ClientCallImpl$ClientStreamListenerImpl$1StreamClosed.runInContext(ClientCallImpl.java:716)
	at org.apache.ratis.thirdparty.io.grpc.internal.ContextRunnable.run(ContextRunnable.java:37)
	at org.apache.ratis.thirdparty.io.grpc.internal.SerializingExecutor.run(SerializingExecutor.java:133)
	at java.base/java.util.concurrent.ThreadPoolExecutor.runWorker(ThreadPoolExecutor.java:1136)
	at java.base/java.util.concurrent.ThreadPoolExecutor$Worker.run(ThreadPoolExecutor.java:635)
	at java.base/java.lang.Thread.run(Thread.java:840)
2024-10-28 08:12:28,383 [grpc-default-executor-9] INFO  server.GrpcServerProtocolService (GrpcServerProtocolService.java:lambda$onCompleted$5(159)) - 5164dc07-7390-4e62-85ea-fa0d5359a577: Completed APPEND_ENTRIES, lastReply: serverReply {
  requestorId: "0506bfaa-e0bf-41a1-ae8b-a3d5b458913d"
  replyId: "5164dc07-7390-4e62-85ea-fa0d5359a577"
  raftGroupId {
    id: "(\211/\020\376\362O\002\237\f~I\345x\371B"
  }
  callId: 8
  success: true
}
term: 2
nextIndex: 3
followerCommit: 2
matchIndex: 18446744073709551615
isHearbeat: true

2024-10-28 08:12:28,383 [0506bfaa-e0bf-41a1-ae8b-a3d5b458913d@group-F28298DE009A-StateMachineUpdater] INFO  impl.StateMachineUpdater (StateMachineUpdater.java:takeSnapshot(303)) - 0506bfaa-e0bf-41a1-ae8b-a3d5b458913d@group-F28298DE009A-StateMachineUpdater: Took a snapshot at index 0
2024-10-28 08:12:28,383 [0506bfaa-e0bf-41a1-ae8b-a3d5b458913d@group-F28298DE009A-StateMachineUpdater] INFO  impl.StateMachineUpdater (StateMachineUpdater.java:lambda$new$0(102)) - 0506bfaa-e0bf-41a1-ae8b-a3d5b458913d@group-F28298DE009A-StateMachineUpdater: snapshotIndex: updateIncreasingly -1 -> 0
2024-10-28 08:12:28,383 [grpc-default-executor-7] INFO  server.GrpcLogAppender (GrpcLogAppender.java:onCompleted(550)) - 0506bfaa-e0bf-41a1-ae8b-a3d5b458913d@group-7E49E578F942->5164dc07-7390-4e62-85ea-fa0d5359a577-AppendLogResponseHandler: follower responses appendEntries COMPLETED
2024-10-28 08:12:28,383 [0506bfaa-e0bf-41a1-ae8b-a3d5b458913d@group-F28298DE009A-StateMachineUpdater] INFO  impl.StateMachineUpdater (StateMachineUpdater.java:stop(141)) - 0506bfaa-e0bf-41a1-ae8b-a3d5b458913d@group-F28298DE009A-StateMachineUpdater: closing ContainerStateMachine, lastApplied=(t:1, i:0)
2024-10-28 08:12:28,383 [grpc-default-executor-7] WARN  server.GrpcLogAppender (GrpcLogAppender.java:resetClient(230)) - 0506bfaa-e0bf-41a1-ae8b-a3d5b458913d@group-7E49E578F942->5164dc07-7390-4e62-85ea-fa0d5359a577-GrpcLogAppender: Failed to getClient for 5164dc07-7390-4e62-85ea-fa0d5359a577
org.apache.ratis.protocol.exceptions.AlreadyClosedException: 0506bfaa-e0bf-41a1-ae8b-a3d5b458913d is already CLOSED
	at org.apache.ratis.util.PeerProxyMap$PeerAndProxy.getProxy(PeerProxyMap.java:67)
	at org.apache.ratis.util.PeerProxyMap.getProxy(PeerProxyMap.java:124)
	at org.apache.ratis.grpc.server.GrpcLogAppender.getClient(GrpcLogAppender.java:200)
	at org.apache.ratis.grpc.server.GrpcLogAppender.resetClient(GrpcLogAppender.java:205)
	at org.apache.ratis.grpc.server.GrpcLogAppender.access$800(GrpcLogAppender.java:64)
	at org.apache.ratis.grpc.server.GrpcLogAppender$AppendLogResponseHandler.onCompleted(GrpcLogAppender.java:551)
	at org.apache.ratis.thirdparty.io.grpc.stub.ClientCalls$StreamObserverToCallListenerAdapter.onClose(ClientCalls.java:479)
	at org.apache.ratis.thirdparty.io.grpc.internal.ClientCallImpl.closeObserver(ClientCallImpl.java:567)
	at org.apache.ratis.thirdparty.io.grpc.internal.ClientCallImpl.access$300(ClientCallImpl.java:71)
	at org.apache.ratis.thirdparty.io.grpc.internal.ClientCallImpl$ClientStreamListenerImpl$1StreamClosed.runInternal(ClientCallImpl.java:735)
	at org.apache.ratis.thirdparty.io.grpc.internal.ClientCallImpl$ClientStreamListenerImpl$1StreamClosed.runInContext(ClientCallImpl.java:716)
	at org.apache.ratis.thirdparty.io.grpc.internal.ContextRunnable.run(ContextRunnable.java:37)
	at org.apache.ratis.thirdparty.io.grpc.internal.SerializingExecutor.run(SerializingExecutor.java:133)
	at java.base/java.util.concurrent.ThreadPoolExecutor.runWorker(ThreadPoolExecutor.java:1136)
	at java.base/java.util.concurrent.ThreadPoolExecutor$Worker.run(ThreadPoolExecutor.java:635)
	at java.base/java.lang.Thread.run(Thread.java:840)
2024-10-28 08:12:28,383 [0506bfaa-e0bf-41a1-ae8b-a3d5b458913d@group-F28298DE009A-cacheEviction-AwaitToRun] INFO  util.AwaitToRun (AwaitToRun.java:run(49)) - 0506bfaa-e0bf-41a1-ae8b-a3d5b458913d@group-F28298DE009A-cacheEviction-AwaitToRun-AwaitForSignal is interrupted
2024-10-28 08:12:28,383 [ForkJoinPool.commonPool-worker-4] INFO  server.GrpcService (GrpcService.java:closeImpl(352)) - 0506bfaa-e0bf-41a1-ae8b-a3d5b458913d: shutdown server GrpcServerProtocolService successfully
2024-10-28 08:12:28,389 [0506bfaa-e0bf-41a1-ae8b-a3d5b458913d-NettyServerStreamRpc-bossGroup--thread1] INFO  logging.LoggingHandler (AbstractInternalLogger.java:log(148)) - [id: 0x008fb7ba, L:/0.0.0.0:15130] CLOSE
2024-10-28 08:12:28,389 [0506bfaa-e0bf-41a1-ae8b-a3d5b458913d-NettyServerStreamRpc-bossGroup--thread1] INFO  logging.LoggingHandler (AbstractInternalLogger.java:log(148)) - [id: 0x008fb7ba, L:/0.0.0.0:15130] INACTIVE
2024-10-28 08:12:28,389 [0506bfaa-e0bf-41a1-ae8b-a3d5b458913d-NettyServerStreamRpc-bossGroup--thread1] INFO  logging.LoggingHandler (AbstractInternalLogger.java:log(148)) - [id: 0x008fb7ba, L:/0.0.0.0:15130] UNREGISTERED
2024-10-28 08:12:28,407 [0506bfaa-e0bf-41a1-ae8b-a3d5b458913d-impl-thread2] INFO  segmented.SegmentedRaftLogWorker (SegmentedRaftLogWorker.java:close(251)) - 0506bfaa-e0bf-41a1-ae8b-a3d5b458913d@group-7E49E578F942-SegmentedRaftLogWorker close()
2024-10-28 08:12:28,407 [0506bfaa-e0bf-41a1-ae8b-a3d5b458913d-impl-thread2] INFO  ratis.ContainerStateMachine (ContainerStateMachine.java:notifyServerShutdown(953)) - group-7E49E578F942 is closed by HddsDatanodeService
2024-10-28 08:12:28,408 [2dd66384-ce76-40f1-abb4-2732924b3f06-impl-thread3] INFO  segmented.SegmentedRaftLogWorker (SegmentedRaftLogWorker.java:close(251)) - 2dd66384-ce76-40f1-abb4-2732924b3f06@group-7E49E578F942-SegmentedRaftLogWorker close()
2024-10-28 08:12:28,408 [2dd66384-ce76-40f1-abb4-2732924b3f06-impl-thread3] INFO  ratis.ContainerStateMachine (ContainerStateMachine.java:notifyServerShutdown(953)) - group-7E49E578F942 is closed by HddsDatanodeService
2024-10-28 08:12:28,477 [ForkJoinPool.commonPool-worker-3] INFO  ozoneimpl.OzoneContainer (OzoneContainer.java:stop(497)) - Attempting to stop container services.
2024-10-28 08:12:28,477 [ContainerMetadataScanner] WARN  ozoneimpl.AbstractBackgroundContainerScanner (AbstractBackgroundContainerScanner.java:handleRemainingSleep(134)) - Background container scan was interrupted.
2024-10-28 08:12:28,477 [ContainerMetadataScanner] INFO  ozoneimpl.AbstractBackgroundContainerScanner (AbstractBackgroundContainerScanner.java:run(61)) - Thread[ContainerMetadataScanner,5,main] exiting.
2024-10-28 08:12:28,477 [ForkJoinPool.commonPool-worker-3] INFO  ozoneimpl.BackgroundContainerDataScanner (BackgroundContainerDataScanner.java:shutdown(141)) - ContainerDataScanner(/home/runner/work/ozone/ozone/hadoop-ozone/integration-test/target/test-dir/MiniOzoneClusterImpl-0da7ab08-e378-40bf-aed1-312ccc1152ed/ozone-meta/datanode-3/data-0/hdds) is shutting down. 
2024-10-28 08:12:28,477 [ContainerDataScanner(/home/runner/work/ozone/ozone/hadoop-ozone/integration-test/target/test-dir/MiniOzoneClusterImpl-0da7ab08-e378-40bf-aed1-312ccc1152ed/ozone-meta/datanode-3/data-0/hdds)] WARN  ozoneimpl.AbstractBackgroundContainerScanner (AbstractBackgroundContainerScanner.java:handleRemainingSleep(134)) - Background container scan was interrupted.
2024-10-28 08:12:28,478 [ContainerDataScanner(/home/runner/work/ozone/ozone/hadoop-ozone/integration-test/target/test-dir/MiniOzoneClusterImpl-0da7ab08-e378-40bf-aed1-312ccc1152ed/ozone-meta/datanode-3/data-0/hdds)] INFO  ozoneimpl.AbstractBackgroundContainerScanner (AbstractBackgroundContainerScanner.java:run(61)) - ContainerDataScanner(/home/runner/work/ozone/ozone/hadoop-ozone/integration-test/target/test-dir/MiniOzoneClusterImpl-0da7ab08-e378-40bf-aed1-312ccc1152ed/ozone-meta/datanode-3/data-0/hdds, DS-85e1540f-16dd-4f3e-b76f-e931f8fd52f4) exiting.
2024-10-28 08:12:28,478 [ForkJoinPool.commonPool-worker-3] INFO  ratis.XceiverServerRatis (XceiverServerRatis.java:stop(596)) - Closing XceiverServerRatis(5164dc07-7390-4e62-85ea-fa0d5359a577)
2024-10-28 08:12:28,478 [ForkJoinPool.commonPool-worker-3] INFO  server.RaftServer (RaftServerProxy.java:lambda$close$9(417)) - 5164dc07-7390-4e62-85ea-fa0d5359a577: close
2024-10-28 08:12:28,478 [5164dc07-7390-4e62-85ea-fa0d5359a577-impl-thread2] INFO  server.RaftServer$Division (RaftServerImpl.java:lambda$close$1(509)) - 5164dc07-7390-4e62-85ea-fa0d5359a577@group-C7E84A2F276A: shutdown
2024-10-28 08:12:28,478 [5164dc07-7390-4e62-85ea-fa0d5359a577-impl-thread3] INFO  server.RaftServer$Division (RaftServerImpl.java:lambda$close$1(509)) - 5164dc07-7390-4e62-85ea-fa0d5359a577@group-7E49E578F942: shutdown
2024-10-28 08:12:28,478 [5164dc07-7390-4e62-85ea-fa0d5359a577-impl-thread3] INFO  util.JmxRegister (JmxRegister.java:unregister(74)) - Successfully un-registered JMX Bean with object name Ratis:service=RaftServer,group=group-7E49E578F942,id=5164dc07-7390-4e62-85ea-fa0d5359a577
2024-10-28 08:12:28,478 [5164dc07-7390-4e62-85ea-fa0d5359a577-impl-thread3] INFO  impl.RoleInfo (RoleInfo.java:shutdownFollowerState(119)) - 5164dc07-7390-4e62-85ea-fa0d5359a577: shutdown 5164dc07-7390-4e62-85ea-fa0d5359a577@group-7E49E578F942-FollowerState
2024-10-28 08:12:28,478 [ForkJoinPool.commonPool-worker-3] INFO  server.GrpcService (GrpcService.java:closeImpl(343)) - 5164dc07-7390-4e62-85ea-fa0d5359a577: shutdown server GrpcServerProtocolService now
2024-10-28 08:12:28,478 [5164dc07-7390-4e62-85ea-fa0d5359a577-impl-thread2] INFO  util.JmxRegister (JmxRegister.java:unregister(74)) - Successfully un-registered JMX Bean with object name Ratis:service=RaftServer,group=group-C7E84A2F276A,id=5164dc07-7390-4e62-85ea-fa0d5359a577
2024-10-28 08:12:28,479 [5164dc07-7390-4e62-85ea-fa0d5359a577-impl-thread2] INFO  impl.RoleInfo (RoleInfo.java:shutdownLeaderState(103)) - 5164dc07-7390-4e62-85ea-fa0d5359a577: shutdown 5164dc07-7390-4e62-85ea-fa0d5359a577@group-C7E84A2F276A-LeaderStateImpl
2024-10-28 08:12:28,479 [5164dc07-7390-4e62-85ea-fa0d5359a577@group-7E49E578F942-StateMachineUpdater] INFO  ratis.ContainerStateMachine (ContainerStateMachine.java:takeSnapshot(361)) - group-7E49E578F942: Taking a snapshot at:(t:2, i:2) file /home/runner/work/ozone/ozone/hadoop-ozone/integration-test/target/test-dir/MiniOzoneClusterImpl-0da7ab08-e378-40bf-aed1-312ccc1152ed/ozone-meta/datanode-3/ratis/28892f10-fef2-4f02-9f0c-7e49e578f942/sm/snapshot.2_2
2024-10-28 08:12:28,478 [5164dc07-7390-4e62-85ea-fa0d5359a577-impl-thread3] INFO  impl.StateMachineUpdater (StateMachineUpdater.java:stopAndJoin(164)) - 5164dc07-7390-4e62-85ea-fa0d5359a577@group-7E49E578F942-StateMachineUpdater: set stopIndex = 2
2024-10-28 08:12:28,479 [5164dc07-7390-4e62-85ea-fa0d5359a577-impl-thread2] INFO  impl.PendingRequests (PendingRequests.java:sendNotLeaderResponses(287)) - 5164dc07-7390-4e62-85ea-fa0d5359a577@group-C7E84A2F276A-PendingRequests: sendNotLeaderResponses
2024-10-28 08:12:28,479 [5164dc07-7390-4e62-85ea-fa0d5359a577-impl-thread4] INFO  server.RaftServer$Division (RaftServerImpl.java:lambda$close$1(509)) - 5164dc07-7390-4e62-85ea-fa0d5359a577@group-2EAE137D939C: shutdown
2024-10-28 08:12:28,479 [5164dc07-7390-4e62-85ea-fa0d5359a577-impl-thread4] INFO  util.JmxRegister (JmxRegister.java:unregister(74)) - Successfully un-registered JMX Bean with object name Ratis:service=RaftServer,group=group-2EAE137D939C,id=5164dc07-7390-4e62-85ea-fa0d5359a577
2024-10-28 08:12:28,479 [5164dc07-7390-4e62-85ea-fa0d5359a577-impl-thread4] INFO  impl.RoleInfo (RoleInfo.java:shutdownLeaderState(103)) - 5164dc07-7390-4e62-85ea-fa0d5359a577: shutdown 5164dc07-7390-4e62-85ea-fa0d5359a577@group-2EAE137D939C-LeaderStateImpl
2024-10-28 08:12:28,479 [5164dc07-7390-4e62-85ea-fa0d5359a577-impl-thread4] INFO  impl.PendingRequests (PendingRequests.java:sendNotLeaderResponses(287)) - 5164dc07-7390-4e62-85ea-fa0d5359a577@group-2EAE137D939C-PendingRequests: sendNotLeaderResponses
2024-10-28 08:12:28,479 [5164dc07-7390-4e62-85ea-fa0d5359a577@group-7E49E578F942-FollowerState] INFO  impl.FollowerState (FollowerState.java:run(153)) - 5164dc07-7390-4e62-85ea-fa0d5359a577@group-7E49E578F942-FollowerState was interrupted
2024-10-28 08:12:28,479 [5164dc07-7390-4e62-85ea-fa0d5359a577@group-2EAE137D939C->0506bfaa-e0bf-41a1-ae8b-a3d5b458913d-GrpcLogAppender-LogAppenderDaemon] WARN  server.GrpcLogAppender (GrpcLogAppender.java:mayWait(293)) - 5164dc07-7390-4e62-85ea-fa0d5359a577@group-2EAE137D939C->0506bfaa-e0bf-41a1-ae8b-a3d5b458913d-GrpcLogAppender: Wait interrupted by java.lang.InterruptedException
2024-10-28 08:12:28,479 [5164dc07-7390-4e62-85ea-fa0d5359a577@group-7E49E578F942-StateMachineUpdater] INFO  ratis.ContainerStateMachine (ContainerStateMachine.java:takeSnapshot(372)) - group-7E49E578F942: Finished taking a snapshot at:(t:2, i:2) file:/home/runner/work/ozone/ozone/hadoop-ozone/integration-test/target/test-dir/MiniOzoneClusterImpl-0da7ab08-e378-40bf-aed1-312ccc1152ed/ozone-meta/datanode-3/ratis/28892f10-fef2-4f02-9f0c-7e49e578f942/sm/snapshot.2_2 took: 1 ms
2024-10-28 08:12:28,480 [5164dc07-7390-4e62-85ea-fa0d5359a577@group-7E49E578F942-StateMachineUpdater] INFO  impl.StateMachineUpdater (StateMachineUpdater.java:takeSnapshot(303)) - 5164dc07-7390-4e62-85ea-fa0d5359a577@group-7E49E578F942-StateMachineUpdater: Took a snapshot at index 2
2024-10-28 08:12:28,480 [5164dc07-7390-4e62-85ea-fa0d5359a577@group-7E49E578F942-StateMachineUpdater] INFO  impl.StateMachineUpdater (StateMachineUpdater.java:lambda$new$0(102)) - 5164dc07-7390-4e62-85ea-fa0d5359a577@group-7E49E578F942-StateMachineUpdater: snapshotIndex: updateIncreasingly -1 -> 2
2024-10-28 08:12:28,480 [5164dc07-7390-4e62-85ea-fa0d5359a577@group-7E49E578F942-StateMachineUpdater] INFO  impl.StateMachineUpdater (StateMachineUpdater.java:stop(141)) - 5164dc07-7390-4e62-85ea-fa0d5359a577@group-7E49E578F942-StateMachineUpdater: closing ContainerStateMachine, lastApplied=(t:2, i:2)
2024-10-28 08:12:28,480 [5164dc07-7390-4e62-85ea-fa0d5359a577@group-C7E84A2F276A-StateMachineUpdater] INFO  ratis.ContainerStateMachine (ContainerStateMachine.java:takeSnapshot(361)) - group-C7E84A2F276A: Taking a snapshot at:(t:1, i:0) file /home/runner/work/ozone/ozone/hadoop-ozone/integration-test/target/test-dir/MiniOzoneClusterImpl-0da7ab08-e378-40bf-aed1-312ccc1152ed/ozone-meta/datanode-3/ratis/fa9e9209-a846-45ee-a190-c7e84a2f276a/sm/snapshot.1_0
2024-10-28 08:12:28,479 [5164dc07-7390-4e62-85ea-fa0d5359a577@group-2EAE137D939C->2dd66384-ce76-40f1-abb4-2732924b3f06-GrpcLogAppender-LogAppenderDaemon] WARN  server.GrpcLogAppender (GrpcLogAppender.java:mayWait(293)) - 5164dc07-7390-4e62-85ea-fa0d5359a577@group-2EAE137D939C->2dd66384-ce76-40f1-abb4-2732924b3f06-GrpcLogAppender: Wait interrupted by java.lang.InterruptedException
2024-10-28 08:12:28,480 [5164dc07-7390-4e62-85ea-fa0d5359a577@group-7E49E578F942-cacheEviction-AwaitToRun] INFO  util.AwaitToRun (AwaitToRun.java:run(49)) - 5164dc07-7390-4e62-85ea-fa0d5359a577@group-7E49E578F942-cacheEviction-AwaitToRun-AwaitForSignal is interrupted
2024-10-28 08:12:28,480 [5164dc07-7390-4e62-85ea-fa0d5359a577@group-2EAE137D939C-StateMachineUpdater] INFO  ratis.ContainerStateMachine (ContainerStateMachine.java:takeSnapshot(361)) - group-2EAE137D939C: Taking a snapshot at:(t:2, i:2) file /home/runner/work/ozone/ozone/hadoop-ozone/integration-test/target/test-dir/MiniOzoneClusterImpl-0da7ab08-e378-40bf-aed1-312ccc1152ed/ozone-meta/datanode-3/ratis/e3918b99-e00f-4486-a814-2eae137d939c/sm/snapshot.2_2
2024-10-28 08:12:28,480 [5164dc07-7390-4e62-85ea-fa0d5359a577-impl-thread2] INFO  impl.StateMachineUpdater (StateMachineUpdater.java:stopAndJoin(164)) - 5164dc07-7390-4e62-85ea-fa0d5359a577@group-C7E84A2F276A-StateMachineUpdater: set stopIndex = 0
2024-10-28 08:12:28,480 [Thread-3448] INFO  server.GrpcServerProtocolClient (GrpcServerProtocolClient.java:close(105)) - 2dd66384-ce76-40f1-abb4-2732924b3f06 Close channels
2024-10-28 08:12:28,481 [5164dc07-7390-4e62-85ea-fa0d5359a577@group-C7E84A2F276A-StateMachineUpdater] INFO  ratis.ContainerStateMachine (ContainerStateMachine.java:takeSnapshot(372)) - group-C7E84A2F276A: Finished taking a snapshot at:(t:1, i:0) file:/home/runner/work/ozone/ozone/hadoop-ozone/integration-test/target/test-dir/MiniOzoneClusterImpl-0da7ab08-e378-40bf-aed1-312ccc1152ed/ozone-meta/datanode-3/ratis/fa9e9209-a846-45ee-a190-c7e84a2f276a/sm/snapshot.1_0 took: 0 ms
2024-10-28 08:12:28,481 [5164dc07-7390-4e62-85ea-fa0d5359a577@group-C7E84A2F276A-StateMachineUpdater] INFO  impl.StateMachineUpdater (StateMachineUpdater.java:takeSnapshot(303)) - 5164dc07-7390-4e62-85ea-fa0d5359a577@group-C7E84A2F276A-StateMachineUpdater: Took a snapshot at index 0
2024-10-28 08:12:28,481 [5164dc07-7390-4e62-85ea-fa0d5359a577@group-C7E84A2F276A-StateMachineUpdater] INFO  impl.StateMachineUpdater (StateMachineUpdater.java:lambda$new$0(102)) - 5164dc07-7390-4e62-85ea-fa0d5359a577@group-C7E84A2F276A-StateMachineUpdater: snapshotIndex: updateIncreasingly -1 -> 0
2024-10-28 08:12:28,481 [5164dc07-7390-4e62-85ea-fa0d5359a577@group-C7E84A2F276A-StateMachineUpdater] INFO  impl.StateMachineUpdater (StateMachineUpdater.java:stop(141)) - 5164dc07-7390-4e62-85ea-fa0d5359a577@group-C7E84A2F276A-StateMachineUpdater: closing ContainerStateMachine, lastApplied=(t:1, i:0)
2024-10-28 08:12:28,481 [5164dc07-7390-4e62-85ea-fa0d5359a577@group-C7E84A2F276A-cacheEviction-AwaitToRun] INFO  util.AwaitToRun (AwaitToRun.java:run(49)) - 5164dc07-7390-4e62-85ea-fa0d5359a577@group-C7E84A2F276A-cacheEviction-AwaitToRun-AwaitForSignal is interrupted
2024-10-28 08:12:28,480 [5164dc07-7390-4e62-85ea-fa0d5359a577-impl-thread4] INFO  impl.StateMachineUpdater (StateMachineUpdater.java:stopAndJoin(164)) - 5164dc07-7390-4e62-85ea-fa0d5359a577@group-2EAE137D939C-StateMachineUpdater: set stopIndex = 2
2024-10-28 08:12:28,481 [5164dc07-7390-4e62-85ea-fa0d5359a577@group-2EAE137D939C-StateMachineUpdater] INFO  ratis.ContainerStateMachine (ContainerStateMachine.java:takeSnapshot(372)) - group-2EAE137D939C: Finished taking a snapshot at:(t:2, i:2) file:/home/runner/work/ozone/ozone/hadoop-ozone/integration-test/target/test-dir/MiniOzoneClusterImpl-0da7ab08-e378-40bf-aed1-312ccc1152ed/ozone-meta/datanode-3/ratis/e3918b99-e00f-4486-a814-2eae137d939c/sm/snapshot.2_2 took: 1 ms
2024-10-28 08:12:28,482 [Thread-3449] INFO  server.GrpcServerProtocolClient (GrpcServerProtocolClient.java:close(105)) - 0506bfaa-e0bf-41a1-ae8b-a3d5b458913d Close channels
2024-10-28 08:12:28,483 [5164dc07-7390-4e62-85ea-fa0d5359a577@group-2EAE137D939C-StateMachineUpdater] INFO  impl.StateMachineUpdater (StateMachineUpdater.java:takeSnapshot(303)) - 5164dc07-7390-4e62-85ea-fa0d5359a577@group-2EAE137D939C-StateMachineUpdater: Took a snapshot at index 2
2024-10-28 08:12:28,483 [5164dc07-7390-4e62-85ea-fa0d5359a577@group-2EAE137D939C-StateMachineUpdater] INFO  impl.StateMachineUpdater (StateMachineUpdater.java:lambda$new$0(102)) - 5164dc07-7390-4e62-85ea-fa0d5359a577@group-2EAE137D939C-StateMachineUpdater: snapshotIndex: updateIncreasingly -1 -> 2
2024-10-28 08:12:28,483 [5164dc07-7390-4e62-85ea-fa0d5359a577@group-2EAE137D939C-StateMachineUpdater] INFO  impl.StateMachineUpdater (StateMachineUpdater.java:stop(141)) - 5164dc07-7390-4e62-85ea-fa0d5359a577@group-2EAE137D939C-StateMachineUpdater: closing ContainerStateMachine, lastApplied=(t:2, i:2)
2024-10-28 08:12:28,483 [ForkJoinPool.commonPool-worker-3] INFO  server.GrpcService (GrpcService.java:closeImpl(352)) - 5164dc07-7390-4e62-85ea-fa0d5359a577: shutdown server GrpcServerProtocolService successfully
2024-10-28 08:12:28,483 [5164dc07-7390-4e62-85ea-fa0d5359a577@group-2EAE137D939C-cacheEviction-AwaitToRun] INFO  util.AwaitToRun (AwaitToRun.java:run(49)) - 5164dc07-7390-4e62-85ea-fa0d5359a577@group-2EAE137D939C-cacheEviction-AwaitToRun-AwaitForSignal is interrupted
2024-10-28 08:12:28,486 [5164dc07-7390-4e62-85ea-fa0d5359a577-NettyServerStreamRpc-bossGroup--thread1] INFO  logging.LoggingHandler (AbstractInternalLogger.java:log(148)) - [id: 0x95cf5656, L:/0.0.0.0:15148] CLOSE
2024-10-28 08:12:28,486 [5164dc07-7390-4e62-85ea-fa0d5359a577-NettyServerStreamRpc-bossGroup--thread1] INFO  logging.LoggingHandler (AbstractInternalLogger.java:log(148)) - [id: 0x95cf5656, L:/0.0.0.0:15148] INACTIVE
2024-10-28 08:12:28,486 [5164dc07-7390-4e62-85ea-fa0d5359a577-NettyServerStreamRpc-bossGroup--thread1] INFO  logging.LoggingHandler (AbstractInternalLogger.java:log(148)) - [id: 0x95cf5656, L:/0.0.0.0:15148] UNREGISTERED
2024-10-28 08:12:28,509 [2dd66384-ce76-40f1-abb4-2732924b3f06-impl-thread4] INFO  segmented.SegmentedRaftLogWorker (SegmentedRaftLogWorker.java:close(251)) - 2dd66384-ce76-40f1-abb4-2732924b3f06@group-2EAE137D939C-SegmentedRaftLogWorker close()
2024-10-28 08:12:28,510 [2dd66384-ce76-40f1-abb4-2732924b3f06-impl-thread4] INFO  ratis.ContainerStateMachine (ContainerStateMachine.java:notifyServerShutdown(953)) - group-2EAE137D939C is closed by HddsDatanodeService
2024-10-28 08:12:28,510 [5164dc07-7390-4e62-85ea-fa0d5359a577-impl-thread4] INFO  segmented.SegmentedRaftLogWorker (SegmentedRaftLogWorker.java:close(251)) - 5164dc07-7390-4e62-85ea-fa0d5359a577@group-2EAE137D939C-SegmentedRaftLogWorker close()
2024-10-28 08:12:28,510 [5164dc07-7390-4e62-85ea-fa0d5359a577-impl-thread4] INFO  ratis.ContainerStateMachine (ContainerStateMachine.java:notifyServerShutdown(953)) - group-2EAE137D939C is closed by HddsDatanodeService
2024-10-28 08:12:28,512 [0506bfaa-e0bf-41a1-ae8b-a3d5b458913d-impl-thread4] INFO  segmented.SegmentedRaftLogWorker (SegmentedRaftLogWorker.java:close(251)) - 0506bfaa-e0bf-41a1-ae8b-a3d5b458913d@group-2EAE137D939C-SegmentedRaftLogWorker close()
2024-10-28 08:12:28,512 [0506bfaa-e0bf-41a1-ae8b-a3d5b458913d-impl-thread4] INFO  ratis.ContainerStateMachine (ContainerStateMachine.java:notifyServerShutdown(953)) - group-2EAE137D939C is closed by HddsDatanodeService
2024-10-28 08:12:29,232 [0506bfaa-e0bf-41a1-ae8b-a3d5b458913d-impl-thread3] INFO  segmented.SegmentedRaftLogWorker (SegmentedRaftLogWorker.java:close(251)) - 0506bfaa-e0bf-41a1-ae8b-a3d5b458913d@group-F28298DE009A-SegmentedRaftLogWorker close()
2024-10-28 08:12:29,232 [0506bfaa-e0bf-41a1-ae8b-a3d5b458913d-impl-thread3] INFO  ratis.ContainerStateMachine (ContainerStateMachine.java:notifyServerShutdown(953)) - group-F28298DE009A is closed by HddsDatanodeService
2024-10-28 08:12:29,233 [2dd66384-ce76-40f1-abb4-2732924b3f06-impl-thread2] INFO  segmented.SegmentedRaftLogWorker (SegmentedRaftLogWorker.java:close(251)) - 2dd66384-ce76-40f1-abb4-2732924b3f06@group-9B564B04352B-SegmentedRaftLogWorker close()
2024-10-28 08:12:29,233 [2dd66384-ce76-40f1-abb4-2732924b3f06-impl-thread2] INFO  ratis.ContainerStateMachine (ContainerStateMachine.java:notifyServerShutdown(953)) - group-9B564B04352B is closed by HddsDatanodeService
2024-10-28 08:12:29,233 [JvmPauseMonitor18] INFO  util.JvmPauseMonitor (JvmPauseMonitor.java:run(152)) - JvmPauseMonitor-2dd66384-ce76-40f1-abb4-2732924b3f06: Stopped
2024-10-28 08:12:29,234 [5164dc07-7390-4e62-85ea-fa0d5359a577-impl-thread2] INFO  segmented.SegmentedRaftLogWorker (SegmentedRaftLogWorker.java:close(251)) - 5164dc07-7390-4e62-85ea-fa0d5359a577@group-C7E84A2F276A-SegmentedRaftLogWorker close()
2024-10-28 08:12:29,234 [5164dc07-7390-4e62-85ea-fa0d5359a577-impl-thread2] INFO  ratis.ContainerStateMachine (ContainerStateMachine.java:notifyServerShutdown(953)) - group-C7E84A2F276A is closed by HddsDatanodeService
2024-10-28 08:12:29,234 [JvmPauseMonitor17] INFO  util.JvmPauseMonitor (JvmPauseMonitor.java:run(152)) - JvmPauseMonitor-0506bfaa-e0bf-41a1-ae8b-a3d5b458913d: Stopped
2024-10-28 08:12:29,377 [0506bfaa-e0bf-41a1-ae8b-a3d5b458913d-EndpointStateMachineTaskThread-/127.0.0.1:15079-0 ] INFO  ipc.Client (Client.java:handleConnectionFailure(950)) - Retrying connect to server: localhost/127.0.0.1:15079. Already tried 1 time(s); retry policy is RetryUpToMaximumCountWithFixedSleep(maxRetries=15, sleepTime=1000 MILLISECONDS)
2024-10-28 08:12:29,378 [0506bfaa-e0bf-41a1-ae8b-a3d5b458913d-EndpointStateMachineTaskThread-/127.0.0.1:15095-0 ] INFO  ipc.Client (Client.java:handleConnectionFailure(950)) - Retrying connect to server: localhost/127.0.0.1:15095. Already tried 2 time(s); retry policy is RetryUpToMaximumCountWithFixedSleep(maxRetries=15, sleepTime=1000 MILLISECONDS)
2024-10-28 08:12:29,378 [0506bfaa-e0bf-41a1-ae8b-a3d5b458913d-EndpointStateMachineTaskThread-/127.0.0.1:15087-0 ] INFO  ipc.Client (Client.java:handleConnectionFailure(950)) - Retrying connect to server: localhost/127.0.0.1:15087. Already tried 2 time(s); retry policy is RetryUpToMaximumCountWithFixedSleep(maxRetries=15, sleepTime=1000 MILLISECONDS)
2024-10-28 08:12:29,407 [5164dc07-7390-4e62-85ea-fa0d5359a577-impl-thread3] INFO  segmented.SegmentedRaftLogWorker (SegmentedRaftLogWorker.java:close(251)) - 5164dc07-7390-4e62-85ea-fa0d5359a577@group-7E49E578F942-SegmentedRaftLogWorker close()
2024-10-28 08:12:29,407 [5164dc07-7390-4e62-85ea-fa0d5359a577-impl-thread3] INFO  ratis.ContainerStateMachine (ContainerStateMachine.java:notifyServerShutdown(953)) - group-7E49E578F942 is closed by HddsDatanodeService
2024-10-28 08:12:29,407 [JvmPauseMonitor19] INFO  util.JvmPauseMonitor (JvmPauseMonitor.java:run(152)) - JvmPauseMonitor-5164dc07-7390-4e62-85ea-fa0d5359a577: Stopped
2024-10-28 08:12:30,378 [0506bfaa-e0bf-41a1-ae8b-a3d5b458913d-EndpointStateMachineTaskThread-/127.0.0.1:15079-0 ] INFO  ipc.Client (Client.java:handleConnectionFailure(950)) - Retrying connect to server: localhost/127.0.0.1:15079. Already tried 2 time(s); retry policy is RetryUpToMaximumCountWithFixedSleep(maxRetries=15, sleepTime=1000 MILLISECONDS)
2024-10-28 08:12:30,378 [0506bfaa-e0bf-41a1-ae8b-a3d5b458913d-EndpointStateMachineTaskThread-/127.0.0.1:15095-0 ] INFO  ipc.Client (Client.java:handleConnectionFailure(950)) - Retrying connect to server: localhost/127.0.0.1:15095. Already tried 3 time(s); retry policy is RetryUpToMaximumCountWithFixedSleep(maxRetries=15, sleepTime=1000 MILLISECONDS)
2024-10-28 08:12:30,378 [0506bfaa-e0bf-41a1-ae8b-a3d5b458913d-EndpointStateMachineTaskThread-/127.0.0.1:15087-0 ] INFO  ipc.Client (Client.java:handleConnectionFailure(950)) - Retrying connect to server: localhost/127.0.0.1:15087. Already tried 3 time(s); retry policy is RetryUpToMaximumCountWithFixedSleep(maxRetries=15, sleepTime=1000 MILLISECONDS)
2024-10-28 08:12:30,622 [timer2] WARN  server.GrpcLogAppender (LogUtils.java:warn(121)) - 41ad025f-af8e-4c4e-9124-a1617073bc42@group-312CCC1152ED->22ff29b6-698b-46d6-babb-0a5352f8b68f-AppendLogResponseHandler: Failed appendEntries (Repeated 4 times in the last 5.000s): org.apache.ratis.thirdparty.io.grpc.StatusRuntimeException: UNAVAILABLE: io exception
2024-10-28 08:12:30,623 [timer3] WARN  server.GrpcLogAppender (GrpcLogAppender.java:lambda$resetClient$1(221)) - 41ad025f-af8e-4c4e-9124-a1617073bc42@group-312CCC1152ED->22ff29b6-698b-46d6-babb-0a5352f8b68f-GrpcLogAppender: Follower failed (request=null, errorCount=4); keep nextIndex (31) unchanged and retry. (Repeated 4 times in the last 5.000s)
2024-10-28 08:12:31,237 [ForkJoinPool.commonPool-worker-4] INFO  utils.DatanodeStoreCache (DatanodeStoreCache.java:shutdownCache(116)) - Skip clearing cache in mini cluster mode. Entries left: [/home/runner/work/ozone/ozone/hadoop-ozone/integration-test/target/test-dir/MiniOzoneClusterImpl-0da7ab08-e378-40bf-aed1-312ccc1152ed/ozone-meta/datanode-1/data-0/hdds/0da7ab08-e378-40bf-aed1-312ccc1152ed/DS-430f4329-e4dd-470b-aa5e-57fa8d4f6da8/container.db, /home/runner/work/ozone/ozone/hadoop-ozone/integration-test/target/test-dir/MiniOzoneClusterImpl-0da7ab08-e378-40bf-aed1-312ccc1152ed/ozone-meta/datanode-2/data-0/hdds/0da7ab08-e378-40bf-aed1-312ccc1152ed/DS-29c62199-3b72-4c86-8f66-d3ccc53b59ff/container.db, /home/runner/work/ozone/ozone/hadoop-ozone/integration-test/target/test-dir/MiniOzoneClusterImpl-0da7ab08-e378-40bf-aed1-312ccc1152ed/ozone-meta/datanode-3/data-0/hdds/0da7ab08-e378-40bf-aed1-312ccc1152ed/DS-85e1540f-16dd-4f3e-b76f-e931f8fd52f4/container.db]
2024-10-28 08:12:31,238 [ForkJoinPool.commonPool-worker-4] INFO  utils.DatanodeStoreCache (DatanodeStoreCache.java:removeDB(110)) - Removed db /home/runner/work/ozone/ozone/hadoop-ozone/integration-test/target/test-dir/MiniOzoneClusterImpl-0da7ab08-e378-40bf-aed1-312ccc1152ed/ozone-meta/datanode-1/data-0/hdds/0da7ab08-e378-40bf-aed1-312ccc1152ed/DS-430f4329-e4dd-470b-aa5e-57fa8d4f6da8/container.db from cache
2024-10-28 08:12:31,238 [ForkJoinPool.commonPool-worker-4] INFO  volume.HddsVolume (HddsVolume.java:closeDbStore(462)) - SchemaV3 db is stopped at /home/runner/work/ozone/ozone/hadoop-ozone/integration-test/target/test-dir/MiniOzoneClusterImpl-0da7ab08-e378-40bf-aed1-312ccc1152ed/ozone-meta/datanode-1/data-0/hdds/0da7ab08-e378-40bf-aed1-312ccc1152ed/DS-430f4329-e4dd-470b-aa5e-57fa8d4f6da8/container.db for volume DS-430f4329-e4dd-470b-aa5e-57fa8d4f6da8
2024-10-28 08:12:31,238 [main] INFO  utils.DatanodeStoreCache (DatanodeStoreCache.java:shutdownCache(116)) - Skip clearing cache in mini cluster mode. Entries left: [/home/runner/work/ozone/ozone/hadoop-ozone/integration-test/target/test-dir/MiniOzoneClusterImpl-0da7ab08-e378-40bf-aed1-312ccc1152ed/ozone-meta/datanode-2/data-0/hdds/0da7ab08-e378-40bf-aed1-312ccc1152ed/DS-29c62199-3b72-4c86-8f66-d3ccc53b59ff/container.db, /home/runner/work/ozone/ozone/hadoop-ozone/integration-test/target/test-dir/MiniOzoneClusterImpl-0da7ab08-e378-40bf-aed1-312ccc1152ed/ozone-meta/datanode-3/data-0/hdds/0da7ab08-e378-40bf-aed1-312ccc1152ed/DS-85e1540f-16dd-4f3e-b76f-e931f8fd52f4/container.db]
2024-10-28 08:12:31,238 [ForkJoinPool.commonPool-worker-4] INFO  utils.BackgroundService (BackgroundService.java:shutdown(163)) - Shutting down service BlockDeletingService
2024-10-28 08:12:31,239 [ForkJoinPool.commonPool-worker-4] INFO  utils.BackgroundService (BackgroundService.java:shutdown(163)) - Shutting down service StaleRecoveringContainerScrubbingService
2024-10-28 08:12:31,239 [ForkJoinPool.commonPool-worker-4] INFO  statemachine.DatanodeStateMachine (DatanodeStateMachine.java:stopDaemon(626)) - Ozone container server stopped.
2024-10-28 08:12:31,240 [main] INFO  utils.DatanodeStoreCache (DatanodeStoreCache.java:removeDB(110)) - Removed db /home/runner/work/ozone/ozone/hadoop-ozone/integration-test/target/test-dir/MiniOzoneClusterImpl-0da7ab08-e378-40bf-aed1-312ccc1152ed/ozone-meta/datanode-2/data-0/hdds/0da7ab08-e378-40bf-aed1-312ccc1152ed/DS-29c62199-3b72-4c86-8f66-d3ccc53b59ff/container.db from cache
2024-10-28 08:12:31,240 [main] INFO  volume.HddsVolume (HddsVolume.java:closeDbStore(462)) - SchemaV3 db is stopped at /home/runner/work/ozone/ozone/hadoop-ozone/integration-test/target/test-dir/MiniOzoneClusterImpl-0da7ab08-e378-40bf-aed1-312ccc1152ed/ozone-meta/datanode-2/data-0/hdds/0da7ab08-e378-40bf-aed1-312ccc1152ed/DS-29c62199-3b72-4c86-8f66-d3ccc53b59ff/container.db for volume DS-29c62199-3b72-4c86-8f66-d3ccc53b59ff
2024-10-28 08:12:31,240 [main] INFO  utils.BackgroundService (BackgroundService.java:shutdown(163)) - Shutting down service BlockDeletingService
2024-10-28 08:12:31,240 [main] INFO  utils.BackgroundService (BackgroundService.java:shutdown(163)) - Shutting down service StaleRecoveringContainerScrubbingService
2024-10-28 08:12:31,241 [main] INFO  statemachine.DatanodeStateMachine (DatanodeStateMachine.java:stopDaemon(626)) - Ozone container server stopped.
2024-10-28 08:12:31,254 [ForkJoinPool.commonPool-worker-4] INFO  handler.ContextHandler (ContextHandler.java:doStop(1159)) - Stopped o.e.j.w.WebAppContext@27f1fc37{hddsDatanode,/,null,STOPPED}{jar:file:/home/runner/work/ozone/ozone/hadoop-hdds/container-service/target/hdds-container-service-2.0.0-SNAPSHOT.jar!/webapps/hddsDatanode}
2024-10-28 08:12:31,254 [ForkJoinPool.commonPool-worker-4] INFO  server.AbstractConnector (AbstractConnector.java:doStop(383)) - Stopped ServerConnector@6c171b61{HTTP/1.1, (http/1.1)}{0.0.0.0:15124}
2024-10-28 08:12:31,254 [ForkJoinPool.commonPool-worker-4] INFO  server.session (HouseKeeper.java:stopScavenging(149)) - node0 Stopped scavenging
2024-10-28 08:12:31,254 [ForkJoinPool.commonPool-worker-4] INFO  handler.ContextHandler (ContextHandler.java:doStop(1159)) - Stopped o.e.j.s.ServletContextHandler@801fe56{static,/static,jar:file:/home/runner/work/ozone/ozone/hadoop-hdds/container-service/target/hdds-container-service-2.0.0-SNAPSHOT.jar!/webapps/static,STOPPED}
2024-10-28 08:12:31,255 [ForkJoinPool.commonPool-worker-4] INFO  handler.ContextHandler (ContextHandler.java:doStop(1159)) - Stopped o.e.j.s.ServletContextHandler@7646dfd9{logs,/logs,file:///home/runner/work/ozone/ozone/hadoop-ozone/integration-test/target/log,STOPPED}
2024-10-28 08:12:31,255 [ForkJoinPool.commonPool-worker-4] INFO  ozone.HddsDatanodeClientProtocolServer (HddsDatanodeClientProtocolServer.java:stop(85)) - Stopping the RPC server for Client Protocol
2024-10-28 08:12:31,255 [ForkJoinPool.commonPool-worker-4] INFO  ipc.Server (Server.java:stop(3523)) - Stopping server on 15125
2024-10-28 08:12:31,257 [IPC Server listener on 15125] INFO  ipc.Server (Server.java:run(1434)) - Stopping IPC Server listener on 15125
2024-10-28 08:12:31,257 [IPC Server Responder] INFO  ipc.Server (Server.java:run(1567)) - Stopping IPC Server Responder
2024-10-28 08:12:31,258 [main] INFO  handler.ContextHandler (ContextHandler.java:doStop(1159)) - Stopped o.e.j.w.WebAppContext@13f8f39c{hddsDatanode,/,null,STOPPED}{jar:file:/home/runner/work/ozone/ozone/hadoop-hdds/container-service/target/hdds-container-service-2.0.0-SNAPSHOT.jar!/webapps/hddsDatanode}
2024-10-28 08:12:31,258 [main] INFO  server.AbstractConnector (AbstractConnector.java:doStop(383)) - Stopped ServerConnector@7e1f94ab{HTTP/1.1, (http/1.1)}{0.0.0.0:15133}
2024-10-28 08:12:31,258 [main] INFO  server.session (HouseKeeper.java:stopScavenging(149)) - node0 Stopped scavenging
2024-10-28 08:12:31,259 [main] INFO  handler.ContextHandler (ContextHandler.java:doStop(1159)) - Stopped o.e.j.s.ServletContextHandler@66fa0706{static,/static,jar:file:/home/runner/work/ozone/ozone/hadoop-hdds/container-service/target/hdds-container-service-2.0.0-SNAPSHOT.jar!/webapps/static,STOPPED}
2024-10-28 08:12:31,259 [main] INFO  handler.ContextHandler (ContextHandler.java:doStop(1159)) - Stopped o.e.j.s.ServletContextHandler@bfe9e2c{logs,/logs,file:///home/runner/work/ozone/ozone/hadoop-ozone/integration-test/target/log,STOPPED}
2024-10-28 08:12:31,259 [main] INFO  ozone.HddsDatanodeClientProtocolServer (HddsDatanodeClientProtocolServer.java:stop(85)) - Stopping the RPC server for Client Protocol
2024-10-28 08:12:31,259 [main] INFO  ipc.Server (Server.java:stop(3523)) - Stopping server on 15134
2024-10-28 08:12:31,261 [IPC Server listener on 15134] INFO  ipc.Server (Server.java:run(1434)) - Stopping IPC Server listener on 15134
2024-10-28 08:12:31,261 [IPC Server Responder] INFO  ipc.Server (Server.java:run(1567)) - Stopping IPC Server Responder
2024-10-28 08:12:31,313 [timer4] WARN  server.GrpcLogAppender (LogUtils.java:warn(121)) - 41ad025f-af8e-4c4e-9124-a1617073bc42@group-312CCC1152ED->c77964d9-ca67-4df9-b70f-2db5af48a5e3-AppendLogResponseHandler: Failed appendEntries (Repeated 4 times in the last 5.000s): org.apache.ratis.thirdparty.io.grpc.StatusRuntimeException: UNAVAILABLE: io exception
2024-10-28 08:12:31,314 [timer5] WARN  server.GrpcLogAppender (GrpcLogAppender.java:lambda$resetClient$1(221)) - 41ad025f-af8e-4c4e-9124-a1617073bc42@group-312CCC1152ED->c77964d9-ca67-4df9-b70f-2db5af48a5e3-GrpcLogAppender: Follower failed (request=null, errorCount=4); keep nextIndex (31) unchanged and retry. (Repeated 4 times in the last 5.000s)
2024-10-28 08:12:31,379 [0506bfaa-e0bf-41a1-ae8b-a3d5b458913d-EndpointStateMachineTaskThread-/127.0.0.1:15095-0 ] INFO  ipc.Client (Client.java:handleConnectionFailure(950)) - Retrying connect to server: localhost/127.0.0.1:15095. Already tried 4 time(s); retry policy is RetryUpToMaximumCountWithFixedSleep(maxRetries=15, sleepTime=1000 MILLISECONDS)
2024-10-28 08:12:31,379 [0506bfaa-e0bf-41a1-ae8b-a3d5b458913d-EndpointStateMachineTaskThread-/127.0.0.1:15087-0 ] INFO  ipc.Client (Client.java:handleConnectionFailure(950)) - Retrying connect to server: localhost/127.0.0.1:15087. Already tried 4 time(s); retry policy is RetryUpToMaximumCountWithFixedSleep(maxRetries=15, sleepTime=1000 MILLISECONDS)
2024-10-28 08:12:31,379 [0506bfaa-e0bf-41a1-ae8b-a3d5b458913d-EndpointStateMachineTaskThread-/127.0.0.1:15079-0 ] INFO  ipc.Client (Client.java:handleConnectionFailure(950)) - Retrying connect to server: localhost/127.0.0.1:15079. Already tried 3 time(s); retry policy is RetryUpToMaximumCountWithFixedSleep(maxRetries=15, sleepTime=1000 MILLISECONDS)
2024-10-28 08:12:31,411 [ForkJoinPool.commonPool-worker-3] INFO  utils.DatanodeStoreCache (DatanodeStoreCache.java:shutdownCache(116)) - Skip clearing cache in mini cluster mode. Entries left: [/home/runner/work/ozone/ozone/hadoop-ozone/integration-test/target/test-dir/MiniOzoneClusterImpl-0da7ab08-e378-40bf-aed1-312ccc1152ed/ozone-meta/datanode-3/data-0/hdds/0da7ab08-e378-40bf-aed1-312ccc1152ed/DS-85e1540f-16dd-4f3e-b76f-e931f8fd52f4/container.db]
2024-10-28 08:12:31,412 [ForkJoinPool.commonPool-worker-3] INFO  utils.DatanodeStoreCache (DatanodeStoreCache.java:removeDB(110)) - Removed db /home/runner/work/ozone/ozone/hadoop-ozone/integration-test/target/test-dir/MiniOzoneClusterImpl-0da7ab08-e378-40bf-aed1-312ccc1152ed/ozone-meta/datanode-3/data-0/hdds/0da7ab08-e378-40bf-aed1-312ccc1152ed/DS-85e1540f-16dd-4f3e-b76f-e931f8fd52f4/container.db from cache
2024-10-28 08:12:31,412 [ForkJoinPool.commonPool-worker-3] INFO  volume.HddsVolume (HddsVolume.java:closeDbStore(462)) - SchemaV3 db is stopped at /home/runner/work/ozone/ozone/hadoop-ozone/integration-test/target/test-dir/MiniOzoneClusterImpl-0da7ab08-e378-40bf-aed1-312ccc1152ed/ozone-meta/datanode-3/data-0/hdds/0da7ab08-e378-40bf-aed1-312ccc1152ed/DS-85e1540f-16dd-4f3e-b76f-e931f8fd52f4/container.db for volume DS-85e1540f-16dd-4f3e-b76f-e931f8fd52f4
2024-10-28 08:12:31,412 [ForkJoinPool.commonPool-worker-3] INFO  utils.BackgroundService (BackgroundService.java:shutdown(163)) - Shutting down service BlockDeletingService
2024-10-28 08:12:31,412 [ForkJoinPool.commonPool-worker-3] INFO  utils.BackgroundService (BackgroundService.java:shutdown(163)) - Shutting down service StaleRecoveringContainerScrubbingService
2024-10-28 08:12:31,413 [ForkJoinPool.commonPool-worker-3] INFO  statemachine.DatanodeStateMachine (DatanodeStateMachine.java:stopDaemon(626)) - Ozone container server stopped.
2024-10-28 08:12:31,426 [ForkJoinPool.commonPool-worker-3] INFO  handler.ContextHandler (ContextHandler.java:doStop(1159)) - Stopped o.e.j.w.WebAppContext@328faaed{hddsDatanode,/,null,STOPPED}{jar:file:/home/runner/work/ozone/ozone/hadoop-hdds/container-service/target/hdds-container-service-2.0.0-SNAPSHOT.jar!/webapps/hddsDatanode}
2024-10-28 08:12:31,427 [ForkJoinPool.commonPool-worker-3] INFO  server.AbstractConnector (AbstractConnector.java:doStop(383)) - Stopped ServerConnector@81c76c9{HTTP/1.1, (http/1.1)}{0.0.0.0:15142}
2024-10-28 08:12:31,427 [ForkJoinPool.commonPool-worker-3] INFO  server.session (HouseKeeper.java:stopScavenging(149)) - node0 Stopped scavenging
2024-10-28 08:12:31,427 [ForkJoinPool.commonPool-worker-3] INFO  handler.ContextHandler (ContextHandler.java:doStop(1159)) - Stopped o.e.j.s.ServletContextHandler@45860663{static,/static,jar:file:/home/runner/work/ozone/ozone/hadoop-hdds/container-service/target/hdds-container-service-2.0.0-SNAPSHOT.jar!/webapps/static,STOPPED}
2024-10-28 08:12:31,427 [ForkJoinPool.commonPool-worker-3] INFO  handler.ContextHandler (ContextHandler.java:doStop(1159)) - Stopped o.e.j.s.ServletContextHandler@5202cabe{logs,/logs,file:///home/runner/work/ozone/ozone/hadoop-ozone/integration-test/target/log,STOPPED}
2024-10-28 08:12:31,427 [ForkJoinPool.commonPool-worker-3] INFO  ozone.HddsDatanodeClientProtocolServer (HddsDatanodeClientProtocolServer.java:stop(85)) - Stopping the RPC server for Client Protocol
2024-10-28 08:12:31,427 [ForkJoinPool.commonPool-worker-3] INFO  ipc.Server (Server.java:stop(3523)) - Stopping server on 15143
2024-10-28 08:12:31,428 [IPC Server listener on 15143] INFO  ipc.Server (Server.java:run(1434)) - Stopping IPC Server listener on 15143
2024-10-28 08:12:31,428 [IPC Server Responder] INFO  ipc.Server (Server.java:run(1567)) - Stopping IPC Server Responder
]]></system-out>
  </testcase>
</testsuite>