<?xml version="1.0" encoding="UTF-8"?>
<testsuite xmlns:xsi="http://www.w3.org/2001/XMLSchema-instance" xsi:noNamespaceSchemaLocation="https://maven.apache.org/surefire/maven-surefire-plugin/xsd/surefire-test-report.xsd" name="org.apache.hadoop.fs.ozone.TestRootedOzoneFileSystem" time="346.591" tests="160" errors="0" skipped="18" failures="2">
  <properties>
    <property name="awt.toolkit" value="sun.awt.X11.XToolkit"/>
    <property name="file.encoding.pkg" value="sun.io"/>
    <property name="java.specification.version" value="1.8"/>
    <property name="sun.cpu.isalist" value=""/>
    <property name="sun.jnu.encoding" value="UTF-8"/>
    <property name="java.class.path" value="/home/runner/work/ozone/ozone/hadoop-ozone/integration-test/target/test-classes:/home/runner/work/ozone/ozone/hadoop-ozone/integration-test/target/classes:/home/runner/.m2/repository/org/apache/ozone/ozone-common/1.3.0-SNAPSHOT/ozone-common-1.3.0-SNAPSHOT.jar:/home/runner/.m2/repository/org/apache/commons/commons-compress/1.21/commons-compress-1.21.jar:/home/runner/.m2/repository/org/apache/ozone/hdds-common/1.3.0-SNAPSHOT/hdds-common-1.3.0-SNAPSHOT.jar:/home/runner/.m2/repository/org/apache/ozone/hdds-client/1.3.0-SNAPSHOT/hdds-client-1.3.0-SNAPSHOT.jar:/home/runner/.m2/repository/org/apache/ozone/ozone-interface-client/1.3.0-SNAPSHOT/ozone-interface-client-1.3.0-SNAPSHOT.jar:/home/runner/.m2/repository/org/apache/ozone/hdds-test-utils/1.3.0-SNAPSHOT/hdds-test-utils-1.3.0-SNAPSHOT.jar:/home/runner/.m2/repository/com/google/guava/guava/30.1.1-jre/guava-30.1.1-jre.jar:/home/runner/.m2/repository/com/google/guava/failureaccess/1.0.1/failureaccess-1.0.1.jar:/home/runner/.m2/repository/com/google/guava/listenablefuture/9999.0-empty-to-avoid-conflict-with-guava/listenablefuture-9999.0-empty-to-avoid-conflict-with-guava.jar:/home/runner/.m2/repository/com/google/code/findbugs/jsr305/3.0.0/jsr305-3.0.0.jar:/home/runner/.m2/repository/org/checkerframework/checker-qual/3.8.0/checker-qual-3.8.0.jar:/home/runner/.m2/repository/com/google/errorprone/error_prone_annotations/2.2.0/error_prone_annotations-2.2.0.jar:/home/runner/.m2/repository/com/google/j2objc/j2objc-annotations/1.3/j2objc-annotations-1.3.jar:/home/runner/.m2/repository/commons-io/commons-io/2.11.0/commons-io-2.11.0.jar:/home/runner/.m2/repository/commons-logging/commons-logging/1.2/commons-logging-1.2.jar:/home/runner/.m2/repository/log4j/log4j/1.2.17/log4j-1.2.17.jar:/home/runner/.m2/repository/org/slf4j/slf4j-api/1.7.30/slf4j-api-1.7.30.jar:/home/runner/.m2/repository/org/apache/ozone/hdds-server-scm/1.3.0-SNAPSHOT/hdds-server-scm-1.3.0-SNAPSHOT.jar:/home/runner/.m2/repository/org/apache/ozone/hdds-container-service/1.3.0-SNAPSHOT/hdds-container-service-1.3.0-SNAPSHOT.jar:/home/runner/.m2/repository/org/apache/ozone/hdds-hadoop-dependency-server/1.3.0-SNAPSHOT/hdds-hadoop-dependency-server-1.3.0-SNAPSHOT.jar:/home/runner/.m2/repository/org/apache/hadoop/hadoop-hdfs/3.3.1/hadoop-hdfs-3.3.1.jar:/home/runner/.m2/repository/org/apache/ozone/hdds-server-framework/1.3.0-SNAPSHOT/hdds-server-framework-1.3.0-SNAPSHOT.jar:/home/runner/.m2/repository/org/apache/ozone/hdds-interface-server/1.3.0-SNAPSHOT/hdds-interface-server-1.3.0-SNAPSHOT.jar:/home/runner/.m2/repository/org/eclipse/jetty/jetty-servlet/9.4.43.v20210629/jetty-servlet-9.4.43.v20210629.jar:/home/runner/.m2/repository/org/eclipse/jetty/jetty-security/9.4.43.v20210629/jetty-security-9.4.43.v20210629.jar:/home/runner/.m2/repository/org/rocksdb/rocksdbjni/6.25.3/rocksdbjni-6.25.3.jar:/home/runner/.m2/repository/io/prometheus/simpleclient_dropwizard/0.7.0/simpleclient_dropwizard-0.7.0.jar:/home/runner/.m2/repository/io/prometheus/simpleclient/0.7.0/simpleclient-0.7.0.jar:/home/runner/.m2/repository/io/prometheus/simpleclient_common/0.7.0/simpleclient_common-0.7.0.jar:/home/runner/.m2/repository/com/fasterxml/jackson/datatype/jackson-datatype-jsr310/2.12.1/jackson-datatype-jsr310-2.12.1.jar:/home/runner/.m2/repository/io/dropwizard/metrics/metrics-core/3.2.4/metrics-core-3.2.4.jar:/home/runner/.m2/repository/org/apache/hadoop/hadoop-hdfs-client/3.3.1/hadoop-hdfs-client-3.3.1.jar:/home/runner/.m2/repository/org/bouncycastle/bcprov-jdk15on/1.67/bcprov-jdk15on-1.67.jar:/home/runner/.m2/repository/com/google/protobuf/protobuf-java/2.5.0/protobuf-java-2.5.0.jar:/home/runner/.m2/repository/org/apache/ozone/ozone-manager/1.3.0-SNAPSHOT/ozone-manager-1.3.0-SNAPSHOT.jar:/home/runner/.m2/repository/org/aspectj/aspectjrt/1.9.7/aspectjrt-1.9.7.jar:/home/runner/.m2/repository/org/aspectj/aspectjweaver/1.9.7/aspectjweaver-1.9.7.jar:/home/runner/.m2/repository/org/apache/ozone/hdds-interface-client/1.3.0-SNAPSHOT/hdds-interface-client-1.3.0-SNAPSHOT.jar:/home/runner/.m2/repository/org/apache/hadoop/thirdparty/hadoop-shaded-protobuf_3_7/1.1.1/hadoop-shaded-protobuf_3_7-1.1.1.jar:/home/runner/.m2/repository/org/apache/ozone/ozone-interface-storage/1.3.0-SNAPSHOT/ozone-interface-storage-1.3.0-SNAPSHOT.jar:/home/runner/.m2/repository/org/reflections/reflections/0.9.11/reflections-0.9.11.jar:/home/runner/.m2/repository/org/apache/hadoop/hadoop-minikdc/3.3.1/hadoop-minikdc-3.3.1.jar:/home/runner/.m2/repository/org/apache/kerby/kerb-simplekdc/1.0.1/kerb-simplekdc-1.0.1.jar:/home/runner/.m2/repository/org/apache/kerby/kerb-client/1.0.1/kerb-client-1.0.1.jar:/home/runner/.m2/repository/org/apache/kerby/kerby-config/1.0.1/kerby-config-1.0.1.jar:/home/runner/.m2/repository/org/apache/kerby/kerb-common/1.0.1/kerb-common-1.0.1.jar:/home/runner/.m2/repository/org/apache/kerby/kerb-crypto/1.0.1/kerb-crypto-1.0.1.jar:/home/runner/.m2/repository/org/apache/kerby/kerb-util/1.0.1/kerb-util-1.0.1.jar:/home/runner/.m2/repository/org/apache/kerby/token-provider/1.0.1/token-provider-1.0.1.jar:/home/runner/.m2/repository/org/apache/kerby/kerb-admin/1.0.1/kerb-admin-1.0.1.jar:/home/runner/.m2/repository/org/apache/kerby/kerb-server/1.0.1/kerb-server-1.0.1.jar:/home/runner/.m2/repository/org/apache/kerby/kerb-identity/1.0.1/kerb-identity-1.0.1.jar:/home/runner/.m2/repository/org/apache/kerby/kerby-xdr/1.0.1/kerby-xdr-1.0.1.jar:/home/runner/.m2/repository/org/slf4j/slf4j-log4j12/1.7.30/slf4j-log4j12-1.7.30.jar:/home/runner/.m2/repository/org/apache/ozone/ozone-s3gateway/1.3.0-SNAPSHOT/ozone-s3gateway-1.3.0-SNAPSHOT.jar:/home/runner/.m2/repository/org/javassist/javassist/3.21.0-GA/javassist-3.21.0-GA.jar:/home/runner/.m2/repository/org/jboss/weld/servlet/weld-servlet/2.4.7.Final/weld-servlet-2.4.7.Final.jar:/home/runner/.m2/repository/org/glassfish/jersey/containers/jersey-container-servlet-core/2.33/jersey-container-servlet-core-2.33.jar:/home/runner/.m2/repository/org/glassfish/hk2/external/jakarta.inject/2.6.1/jakarta.inject-2.6.1.jar:/home/runner/.m2/repository/org/glassfish/jersey/core/jersey-common/2.33/jersey-common-2.33.jar:/home/runner/.m2/repository/jakarta/ws/rs/jakarta.ws.rs-api/2.1.6/jakarta.ws.rs-api-2.1.6.jar:/home/runner/.m2/repository/org/glassfish/jersey/ext/cdi/jersey-cdi1x/2.33/jersey-cdi1x-2.33.jar:/home/runner/.m2/repository/org/glassfish/jersey/inject/jersey-hk2/2.33/jersey-hk2-2.33.jar:/home/runner/.m2/repository/org/glassfish/hk2/hk2-locator/2.6.1/hk2-locator-2.6.1.jar:/home/runner/.m2/repository/org/glassfish/jersey/media/jersey-media-jaxb/2.33/jersey-media-jaxb-2.33.jar:/home/runner/.m2/repository/org/glassfish/hk2/osgi-resource-locator/1.0.3/osgi-resource-locator-1.0.3.jar:/home/runner/.m2/repository/org/glassfish/hk2/hk2-api/2.5.0/hk2-api-2.5.0.jar:/home/runner/.m2/repository/org/glassfish/hk2/hk2-utils/2.5.0/hk2-utils-2.5.0.jar:/home/runner/.m2/repository/org/glassfish/hk2/external/aopalliance-repackaged/2.5.0/aopalliance-repackaged-2.5.0.jar:/home/runner/.m2/repository/com/fasterxml/jackson/dataformat/jackson-dataformat-xml/2.12.1/jackson-dataformat-xml-2.12.1.jar:/home/runner/.m2/repository/com/fasterxml/jackson/core/jackson-core/2.12.1/jackson-core-2.12.1.jar:/home/runner/.m2/repository/com/fasterxml/jackson/module/jackson-module-jaxb-annotations/2.12.1/jackson-module-jaxb-annotations-2.12.1.jar:/home/runner/.m2/repository/jakarta/xml/bind/jakarta.xml.bind-api/2.3.2/jakarta.xml.bind-api-2.3.2.jar:/home/runner/.m2/repository/org/codehaus/woodstox/stax2-api/3.1.4/stax2-api-3.1.4.jar:/home/runner/.m2/repository/com/fasterxml/woodstox/woodstox-core/5.0.3/woodstox-core-5.0.3.jar:/home/runner/.m2/repository/javax/enterprise/cdi-api/1.2/cdi-api-1.2.jar:/home/runner/.m2/repository/javax/el/javax.el-api/3.0.0/javax.el-api-3.0.0.jar:/home/runner/.m2/repository/javax/interceptor/javax.interceptor-api/1.2/javax.interceptor-api-1.2.jar:/home/runner/.m2/repository/javax/inject/javax.inject/1/javax.inject-1.jar:/home/runner/.m2/repository/javax/xml/bind/jaxb-api/2.3.0/jaxb-api-2.3.0.jar:/home/runner/.m2/repository/org/glassfish/jaxb/jaxb-runtime/2.3.0.1/jaxb-runtime-2.3.0.1.jar:/home/runner/.m2/repository/org/glassfish/jaxb/jaxb-core/2.3.0.1/jaxb-core-2.3.0.1.jar:/home/runner/.m2/repository/org/glassfish/jaxb/txw2/2.3.0.1/txw2-2.3.0.1.jar:/home/runner/.m2/repository/com/sun/istack/istack-commons-runtime/3.0.5/istack-commons-runtime-3.0.5.jar:/home/runner/.m2/repository/org/jvnet/staxex/stax-ex/1.7.8/stax-ex-1.7.8.jar:/home/runner/.m2/repository/com/sun/xml/fastinfoset/FastInfoset/1.2.13/FastInfoset-1.2.13.jar:/home/runner/.m2/repository/javax/activation/activation/1.1.1/activation-1.1.1.jar:/home/runner/.m2/repository/org/apache/ozone/ozone-csi/1.3.0-SNAPSHOT/ozone-csi-1.3.0-SNAPSHOT.jar:/home/runner/.m2/repository/com/google/protobuf/protobuf-java-util/3.12.0/protobuf-java-util-3.12.0.jar:/home/runner/.m2/repository/com/google/code/gson/gson/2.2.4/gson-2.2.4.jar:/home/runner/.m2/repository/org/apache/ozone/hdds-config/1.3.0-SNAPSHOT/hdds-config-1.3.0-SNAPSHOT.jar:/home/runner/.m2/repository/io/grpc/grpc-netty/1.33.0/grpc-netty-1.33.0.jar:/home/runner/.m2/repository/io/grpc/grpc-core/1.33.0/grpc-core-1.33.0.jar:/home/runner/.m2/repository/com/google/android/annotations/4.1.1.4/annotations-4.1.1.4.jar:/home/runner/.m2/repository/io/netty/netty-codec-http2/4.1.63.Final/netty-codec-http2-4.1.63.Final.jar:/home/runner/.m2/repository/io/netty/netty-codec-http/4.1.63.Final/netty-codec-http-4.1.63.Final.jar:/home/runner/.m2/repository/io/netty/netty-handler-proxy/4.1.63.Final/netty-handler-proxy-4.1.63.Final.jar:/home/runner/.m2/repository/io/netty/netty-codec-socks/4.1.63.Final/netty-codec-socks-4.1.63.Final.jar:/home/runner/.m2/repository/io/perfmark/perfmark-api/0.19.0/perfmark-api-0.19.0.jar:/home/runner/.m2/repository/org/codehaus/mojo/animal-sniffer-annotations/1.18/animal-sniffer-annotations-1.18.jar:/home/runner/.m2/repository/io/netty/netty-transport-native-epoll/4.1.63.Final/netty-transport-native-epoll-4.1.63.Final.jar:/home/runner/.m2/repository/io/netty/netty-common/4.1.63.Final/netty-common-4.1.63.Final.jar:/home/runner/.m2/repository/io/netty/netty-buffer/4.1.63.Final/netty-buffer-4.1.63.Final.jar:/home/runner/.m2/repository/io/netty/netty-transport-native-unix-common/4.1.63.Final/netty-transport-native-unix-common-4.1.63.Final.jar:/home/runner/.m2/repository/io/grpc/grpc-protobuf/1.33.0/grpc-protobuf-1.33.0.jar:/home/runner/.m2/repository/io/grpc/grpc-api/1.33.0/grpc-api-1.33.0.jar:/home/runner/.m2/repository/io/grpc/grpc-context/1.33.0/grpc-context-1.33.0.jar:/home/runner/.m2/repository/com/google/api/grpc/proto-google-common-protos/1.17.0/proto-google-common-protos-1.17.0.jar:/home/runner/.m2/repository/io/grpc/grpc-protobuf-lite/1.33.0/grpc-protobuf-lite-1.33.0.jar:/home/runner/.m2/repository/io/grpc/grpc-stub/1.33.0/grpc-stub-1.33.0.jar:/home/runner/.m2/repository/org/apache/ozone/ozone-recon/1.3.0-SNAPSHOT/ozone-recon-1.3.0-SNAPSHOT.jar:/home/runner/.m2/repository/org/apache/ozone/ozone-reconcodegen/1.3.0-SNAPSHOT/ozone-reconcodegen-1.3.0-SNAPSHOT.jar:/home/runner/.m2/repository/com/google/inject/extensions/guice-multibindings/4.0/guice-multibindings-4.0.jar:/home/runner/.m2/repository/com/google/inject/guice/4.0/guice-4.0.jar:/home/runner/.m2/repository/aopalliance/aopalliance/1.0/aopalliance-1.0.jar:/home/runner/.m2/repository/com/google/inject/extensions/guice-assistedinject/4.0/guice-assistedinject-4.0.jar:/home/runner/.m2/repository/com/google/inject/extensions/guice-servlet/4.0/guice-servlet-4.0.jar:/home/runner/.m2/repository/org/glassfish/jersey/containers/jersey-container-servlet/2.33/jersey-container-servlet-2.33.jar:/home/runner/.m2/repository/org/glassfish/hk2/guice-bridge/2.5.0/guice-bridge-2.5.0.jar:/home/runner/.m2/repository/org/glassfish/jersey/core/jersey-server/2.33/jersey-server-2.33.jar:/home/runner/.m2/repository/org/glassfish/jersey/core/jersey-client/2.33/jersey-client-2.33.jar:/home/runner/.m2/repository/jakarta/annotation/jakarta.annotation-api/1.3.5/jakarta.annotation-api-1.3.5.jar:/home/runner/.m2/repository/jakarta/validation/jakarta.validation-api/2.0.2/jakarta.validation-api-2.0.2.jar:/home/runner/.m2/repository/org/glassfish/jersey/media/jersey-media-json-jackson/2.33/jersey-media-json-jackson-2.33.jar:/home/runner/.m2/repository/org/glassfish/jersey/ext/jersey-entity-filtering/2.33/jersey-entity-filtering-2.33.jar:/home/runner/.m2/repository/org/jooq/jooq/3.11.10/jooq-3.11.10.jar:/home/runner/.m2/repository/org/jooq/jooq-meta/3.11.10/jooq-meta-3.11.10.jar:/home/runner/.m2/repository/org/jooq/jooq-codegen/3.11.10/jooq-codegen-3.11.10.jar:/home/runner/.m2/repository/com/jolbox/bonecp/0.8.0.RELEASE/bonecp-0.8.0.RELEASE.jar:/home/runner/.m2/repository/org/apache/derby/derby/10.14.2.0/derby-10.14.2.0.jar:/home/runner/.m2/repository/org/xerial/sqlite-jdbc/3.25.2/sqlite-jdbc-3.25.2.jar:/home/runner/.m2/repository/org/springframework/spring-jdbc/5.2.18.RELEASE/spring-jdbc-5.2.18.RELEASE.jar:/home/runner/.m2/repository/org/springframework/spring-beans/5.2.18.RELEASE/spring-beans-5.2.18.RELEASE.jar:/home/runner/.m2/repository/org/springframework/spring-core/5.2.18.RELEASE/spring-core-5.2.18.RELEASE.jar:/home/runner/.m2/repository/org/springframework/spring-jcl/5.2.18.RELEASE/spring-jcl-5.2.18.RELEASE.jar:/home/runner/.m2/repository/org/springframework/spring-tx/5.2.18.RELEASE/spring-tx-5.2.18.RELEASE.jar:/home/runner/.m2/repository/org/apache/ozone/ozone-client/1.3.0-SNAPSHOT/ozone-client-1.3.0-SNAPSHOT.jar:/home/runner/.m2/repository/org/apache/ozone/ozone-filesystem/1.3.0-SNAPSHOT/ozone-filesystem-1.3.0-SNAPSHOT.jar:/home/runner/.m2/repository/org/apache/ozone/ozone-filesystem-common/1.3.0-SNAPSHOT/ozone-filesystem-common-1.3.0-SNAPSHOT.jar:/home/runner/.m2/repository/org/apache/ozone/ozone-tools/1.3.0-SNAPSHOT/ozone-tools-1.3.0-SNAPSHOT.jar:/home/runner/.m2/repository/org/apache/ratis/ratis-tools/2.2.0/ratis-tools-2.2.0.jar:/home/runner/.m2/repository/com/amazonaws/aws-java-sdk-core/1.12.124/aws-java-sdk-core-1.12.124.jar:/home/runner/.m2/repository/org/apache/httpcomponents/httpclient/4.5.13/httpclient-4.5.13.jar:/home/runner/.m2/repository/org/apache/httpcomponents/httpcore/4.4.13/httpcore-4.4.13.jar:/home/runner/.m2/repository/software/amazon/ion/ion-java/1.0.2/ion-java-1.0.2.jar:/home/runner/.m2/repository/com/fasterxml/jackson/dataformat/jackson-dataformat-cbor/2.12.1/jackson-dataformat-cbor-2.12.1.jar:/home/runner/.m2/repository/joda-time/joda-time/2.8.1/joda-time-2.8.1.jar:/home/runner/.m2/repository/com/amazonaws/aws-java-sdk-s3/1.12.124/aws-java-sdk-s3-1.12.124.jar:/home/runner/.m2/repository/com/amazonaws/aws-java-sdk-kms/1.12.124/aws-java-sdk-kms-1.12.124.jar:/home/runner/.m2/repository/com/amazonaws/jmespath-java/1.12.124/jmespath-java-1.12.124.jar:/home/runner/.m2/repository/org/kohsuke/metainf-services/metainf-services/1.8/metainf-services-1.8.jar:/home/runner/.m2/repository/org/apache/ozone/hdds-tools/1.3.0-SNAPSHOT/hdds-tools-1.3.0-SNAPSHOT.jar:/home/runner/.m2/repository/commons-cli/commons-cli/1.2/commons-cli-1.2.jar:/home/runner/.m2/repository/org/apache/commons/commons-lang3/3.7/commons-lang3-3.7.jar:/home/runner/.m2/repository/org/apache/ozone/ozone-manager/1.3.0-SNAPSHOT/ozone-manager-1.3.0-SNAPSHOT-tests.jar:/home/runner/.m2/repository/org/apache/ozone/hdds-common/1.3.0-SNAPSHOT/hdds-common-1.3.0-SNAPSHOT-tests.jar:/home/runner/.m2/repository/org/apache/ozone/hdds-hadoop-dependency-client/1.3.0-SNAPSHOT/hdds-hadoop-dependency-client-1.3.0-SNAPSHOT.jar:/home/runner/.m2/repository/info/picocli/picocli/4.6.1/picocli-4.6.1.jar:/home/runner/.m2/repository/com/fasterxml/jackson/core/jackson-annotations/2.12.1/jackson-annotations-2.12.1.jar:/home/runner/.m2/repository/javax/annotation/javax.annotation-api/1.2/javax.annotation-api-1.2.jar:/home/runner/.m2/repository/org/apache/ratis/ratis-server/2.2.0/ratis-server-2.2.0.jar:/home/runner/.m2/repository/org/apache/ratis/ratis-client/2.2.0/ratis-client-2.2.0.jar:/home/runner/.m2/repository/org/apache/ratis/ratis-server-api/2.2.0/ratis-server-api-2.2.0.jar:/home/runner/.m2/repository/org/apache/ratis/ratis-metrics/2.2.0/ratis-metrics-2.2.0.jar:/home/runner/.m2/repository/org/apache/ratis/ratis-netty/2.2.0/ratis-netty-2.2.0.jar:/home/runner/.m2/repository/org/apache/ratis/ratis-grpc/2.2.0/ratis-grpc-2.2.0.jar:/home/runner/.m2/repository/org/apache/logging/log4j/log4j-api/2.17.1/log4j-api-2.17.1.jar:/home/runner/.m2/repository/org/apache/logging/log4j/log4j-core/2.17.1/log4j-core-2.17.1.jar:/home/runner/.m2/repository/com/lmax/disruptor/3.4.2/disruptor-3.4.2.jar:/home/runner/.m2/repository/org/apache/commons/commons-pool2/2.6.0/commons-pool2-2.6.0.jar:/home/runner/.m2/repository/org/bouncycastle/bcpkix-jdk15on/1.67/bcpkix-jdk15on-1.67.jar:/home/runner/.m2/repository/commons-validator/commons-validator/1.6/commons-validator-1.6.jar:/home/runner/.m2/repository/commons-beanutils/commons-beanutils/1.9.4/commons-beanutils-1.9.4.jar:/home/runner/.m2/repository/commons-digester/commons-digester/1.8.1/commons-digester-1.8.1.jar:/home/runner/.m2/repository/commons-collections/commons-collections/3.2.2/commons-collections-3.2.2.jar:/home/runner/.m2/repository/io/jaegertracing/jaeger-client/1.6.0/jaeger-client-1.6.0.jar:/home/runner/.m2/repository/io/jaegertracing/jaeger-thrift/1.6.0/jaeger-thrift-1.6.0.jar:/home/runner/.m2/repository/org/apache/thrift/libthrift/0.14.1/libthrift-0.14.1.jar:/home/runner/.m2/repository/com/squareup/okhttp3/okhttp/4.9.0/okhttp-4.9.0.jar:/home/runner/.m2/repository/com/squareup/okio/okio/2.8.0/okio-2.8.0.jar:/home/runner/.m2/repository/io/jaegertracing/jaeger-core/1.6.0/jaeger-core-1.6.0.jar:/home/runner/.m2/repository/io/jaegertracing/jaeger-tracerresolver/1.6.0/jaeger-tracerresolver-1.6.0.jar:/home/runner/.m2/repository/io/opentracing/contrib/opentracing-tracerresolver/0.1.8/opentracing-tracerresolver-0.1.8.jar:/home/runner/.m2/repository/org/jetbrains/kotlin/kotlin-stdlib/1.4.31/kotlin-stdlib-1.4.31.jar:/home/runner/.m2/repository/org/jetbrains/kotlin/kotlin-stdlib-common/1.4.31/kotlin-stdlib-common-1.4.31.jar:/home/runner/.m2/repository/org/jetbrains/annotations/13.0/annotations-13.0.jar:/home/runner/.m2/repository/io/opentracing/opentracing-util/0.33.0/opentracing-util-0.33.0.jar:/home/runner/.m2/repository/io/opentracing/opentracing-api/0.33.0/opentracing-api-0.33.0.jar:/home/runner/.m2/repository/io/opentracing/opentracing-noop/0.33.0/opentracing-noop-0.33.0.jar:/home/runner/.m2/repository/org/yaml/snakeyaml/1.26/snakeyaml-1.26.jar:/home/runner/.m2/repository/org/apache/ozone/hdds-interface-admin/1.3.0-SNAPSHOT/hdds-interface-admin-1.3.0-SNAPSHOT.jar:/home/runner/.m2/repository/junit/junit/4.13.1/junit-4.13.1.jar:/home/runner/.m2/repository/org/hamcrest/hamcrest-core/1.3/hamcrest-core-1.3.jar:/home/runner/.m2/repository/org/junit/jupiter/junit-jupiter-api/5.7.0/junit-jupiter-api-5.7.0.jar:/home/runner/.m2/repository/org/apiguardian/apiguardian-api/1.1.0/apiguardian-api-1.1.0.jar:/home/runner/.m2/repository/org/opentest4j/opentest4j/1.2.0/opentest4j-1.2.0.jar:/home/runner/.m2/repository/org/junit/platform/junit-platform-commons/1.7.0/junit-platform-commons-1.7.0.jar:/home/runner/.m2/repository/org/junit/jupiter/junit-jupiter-engine/5.7.0/junit-jupiter-engine-5.7.0.jar:/home/runner/.m2/repository/org/junit/platform/junit-platform-engine/1.7.0/junit-platform-engine-1.7.0.jar:/home/runner/.m2/repository/org/junit/vintage/junit-vintage-engine/5.7.0/junit-vintage-engine-5.7.0.jar:/home/runner/.m2/repository/org/junit/platform/junit-platform-launcher/1.7.0/junit-platform-launcher-1.7.0.jar:/home/runner/.m2/repository/org/mockito/mockito-core/2.28.2/mockito-core-2.28.2.jar:/home/runner/.m2/repository/net/bytebuddy/byte-buddy/1.9.10/byte-buddy-1.9.10.jar:/home/runner/.m2/repository/net/bytebuddy/byte-buddy-agent/1.9.10/byte-buddy-agent-1.9.10.jar:/home/runner/.m2/repository/org/objenesis/objenesis/1.0/objenesis-1.0.jar:/home/runner/.m2/repository/org/apache/hadoop/hadoop-kms/3.3.1/hadoop-kms-3.3.1.jar:/home/runner/.m2/repository/org/apache/hadoop/hadoop-auth/3.3.1/hadoop-auth-3.3.1.jar:/home/runner/.m2/repository/com/nimbusds/nimbus-jose-jwt/7.9/nimbus-jose-jwt-7.9.jar:/home/runner/.m2/repository/com/github/stephenc/jcip/jcip-annotations/1.0-1/jcip-annotations-1.0-1.jar:/home/runner/.m2/repository/net/minidev/json-smart/2.4.7/json-smart-2.4.7.jar:/home/runner/.m2/repository/net/minidev/accessors-smart/2.4.7/accessors-smart-2.4.7.jar:/home/runner/.m2/repository/org/ow2/asm/asm/5.0.4/asm-5.0.4.jar:/home/runner/.m2/repository/org/apache/zookeeper/zookeeper/3.5.6/zookeeper-3.5.6.jar:/home/runner/.m2/repository/org/apache/zookeeper/zookeeper-jute/3.5.6/zookeeper-jute-3.5.6.jar:/home/runner/.m2/repository/org/apache/yetus/audience-annotations/0.5.0/audience-annotations-0.5.0.jar:/home/runner/.m2/repository/org/apache/curator/curator-framework/4.2.0/curator-framework-4.2.0.jar:/home/runner/.m2/repository/org/apache/hadoop/thirdparty/hadoop-shaded-guava/1.1.1/hadoop-shaded-guava-1.1.1.jar:/home/runner/.m2/repository/com/sun/jersey/jersey-core/1.19/jersey-core-1.19.jar:/home/runner/.m2/repository/javax/ws/rs/jsr311-api/1.1.1/jsr311-api-1.1.1.jar:/home/runner/.m2/repository/com/sun/jersey/jersey-server/1.19/jersey-server-1.19.jar:/home/runner/.m2/repository/javax/servlet/javax.servlet-api/3.1.0/javax.servlet-api-3.1.0.jar:/home/runner/.m2/repository/org/eclipse/jetty/jetty-server/9.4.43.v20210629/jetty-server-9.4.43.v20210629.jar:/home/runner/.m2/repository/org/eclipse/jetty/jetty-http/9.4.43.v20210629/jetty-http-9.4.43.v20210629.jar:/home/runner/.m2/repository/org/eclipse/jetty/jetty-io/9.4.43.v20210629/jetty-io-9.4.43.v20210629.jar:/home/runner/.m2/repository/org/eclipse/jetty/jetty-webapp/9.4.43.v20210629/jetty-webapp-9.4.43.v20210629.jar:/home/runner/.m2/repository/org/eclipse/jetty/jetty-xml/9.4.43.v20210629/jetty-xml-9.4.43.v20210629.jar:/home/runner/.m2/repository/org/apache/hadoop/hadoop-common/3.3.1/hadoop-common-3.3.1.jar:/home/runner/.m2/repository/org/apache/commons/commons-math3/3.1.1/commons-math3-3.1.1.jar:/home/runner/.m2/repository/commons-net/commons-net/3.6/commons-net-3.6.jar:/home/runner/.m2/repository/jakarta/activation/jakarta.activation-api/1.2.1/jakarta.activation-api-1.2.1.jar:/home/runner/.m2/repository/com/sun/jersey/jersey-servlet/1.19/jersey-servlet-1.19.jar:/home/runner/.m2/repository/com/sun/jersey/jersey-json/1.19/jersey-json-1.19.jar:/home/runner/.m2/repository/org/codehaus/jettison/jettison/1.1/jettison-1.1.jar:/home/runner/.m2/repository/com/sun/xml/bind/jaxb-impl/2.2.3-1/jaxb-impl-2.2.3-1.jar:/home/runner/.m2/repository/org/codehaus/jackson/jackson-jaxrs/1.9.2/jackson-jaxrs-1.9.2.jar:/home/runner/.m2/repository/org/codehaus/jackson/jackson-xc/1.9.2/jackson-xc-1.9.2.jar:/home/runner/.m2/repository/org/apache/commons/commons-configuration2/2.1.1/commons-configuration2-2.1.1.jar:/home/runner/.m2/repository/org/apache/commons/commons-text/1.4/commons-text-1.4.jar:/home/runner/.m2/repository/com/google/re2j/re2j/1.1/re2j-1.1.jar:/home/runner/.m2/repository/com/jcraft/jsch/0.1.54/jsch-0.1.54.jar:/home/runner/.m2/repository/org/apache/curator/curator-client/4.2.0/curator-client-4.2.0.jar:/home/runner/.m2/repository/org/apache/curator/curator-recipes/4.2.0/curator-recipes-4.2.0.jar:/home/runner/.m2/repository/org/apache/kerby/kerb-core/1.0.1/kerb-core-1.0.1.jar:/home/runner/.m2/repository/org/apache/kerby/kerby-pkix/1.0.1/kerby-pkix-1.0.1.jar:/home/runner/.m2/repository/org/apache/kerby/kerby-asn1/1.0.1/kerby-asn1-1.0.1.jar:/home/runner/.m2/repository/org/apache/kerby/kerby-util/1.0.1/kerby-util-1.0.1.jar:/home/runner/.m2/repository/dnsjava/dnsjava/2.1.7/dnsjava-2.1.7.jar:/home/runner/.m2/repository/org/xerial/snappy/snappy-java/1.1.8.2/snappy-java-1.1.8.2.jar:/home/runner/.m2/repository/org/slf4j/jul-to-slf4j/1.7.30/jul-to-slf4j-1.7.30.jar:/home/runner/.m2/repository/org/eclipse/jetty/jetty-util/9.4.43.v20210629/jetty-util-9.4.43.v20210629.jar:/home/runner/.m2/repository/com/fasterxml/jackson/core/jackson-databind/2.12.1/jackson-databind-2.12.1.jar:/home/runner/.m2/repository/org/apache/hadoop/hadoop-kms/3.3.1/hadoop-kms-3.3.1-tests.jar:/home/runner/.m2/repository/org/apache/ozone/hdds-server-scm/1.3.0-SNAPSHOT/hdds-server-scm-1.3.0-SNAPSHOT-tests.jar:/home/runner/.m2/repository/org/apache/ozone/hdds-container-service/1.3.0-SNAPSHOT/hdds-container-service-1.3.0-SNAPSHOT-tests.jar:/home/runner/.m2/repository/commons-codec/commons-codec/1.11/commons-codec-1.11.jar:/home/runner/.m2/repository/io/netty/netty-transport/4.1.63.Final/netty-transport-4.1.63.Final.jar:/home/runner/.m2/repository/io/netty/netty-resolver/4.1.63.Final/netty-resolver-4.1.63.Final.jar:/home/runner/.m2/repository/io/netty/netty-codec/4.1.63.Final/netty-codec-4.1.63.Final.jar:/home/runner/.m2/repository/io/netty/netty-handler/4.1.63.Final/netty-handler-4.1.63.Final.jar:/home/runner/.m2/repository/org/apache/ozone/hdds-hadoop-dependency-test/1.3.0-SNAPSHOT/hdds-hadoop-dependency-test-1.3.0-SNAPSHOT.jar:/home/runner/.m2/repository/org/apache/hadoop/hadoop-common/3.3.1/hadoop-common-3.3.1-tests.jar:/home/runner/.m2/repository/org/assertj/assertj-core/3.12.2/assertj-core-3.12.2.jar:/home/runner/.m2/repository/org/apache/hadoop/hadoop-hdfs/3.3.1/hadoop-hdfs-3.3.1-tests.jar:/home/runner/.m2/repository/org/eclipse/jetty/jetty-util-ajax/9.4.43.v20210629/jetty-util-ajax-9.4.43.v20210629.jar:/home/runner/.m2/repository/commons-daemon/commons-daemon/1.0.13/commons-daemon-1.0.13.jar:/home/runner/.m2/repository/io/netty/netty/3.10.6.Final/netty-3.10.6.Final.jar:/home/runner/.m2/repository/io/netty/netty-all/4.1.63.Final/netty-all-4.1.63.Final.jar:/home/runner/.m2/repository/org/apache/htrace/htrace-core4/4.1.0-incubating/htrace-core4-4.1.0-incubating.jar:/home/runner/.m2/repository/org/fusesource/leveldbjni/leveldbjni-all/1.8/leveldbjni-all-1.8.jar:/home/runner/.m2/repository/org/apache/hadoop/hadoop-distcp/3.3.1/hadoop-distcp-3.3.1.jar:/home/runner/.m2/repository/org/apache/hadoop/hadoop-mapreduce-client-jobclient/3.3.1/hadoop-mapreduce-client-jobclient-3.3.1.jar:/home/runner/.m2/repository/org/apache/hadoop/hadoop-mapreduce-client-common/3.3.1/hadoop-mapreduce-client-common-3.3.1.jar:/home/runner/.m2/repository/org/apache/hadoop/hadoop-yarn-common/3.3.1/hadoop-yarn-common-3.3.1.jar:/home/runner/.m2/repository/org/apache/hadoop/hadoop-yarn-api/3.3.1/hadoop-yarn-api-3.3.1.jar:/home/runner/.m2/repository/com/sun/jersey/jersey-client/1.19/jersey-client-1.19.jar:/home/runner/.m2/repository/com/sun/jersey/contribs/jersey-guice/1.19/jersey-guice-1.19.jar:/home/runner/.m2/repository/com/fasterxml/jackson/jaxrs/jackson-jaxrs-json-provider/2.12.1/jackson-jaxrs-json-provider-2.12.1.jar:/home/runner/.m2/repository/com/fasterxml/jackson/jaxrs/jackson-jaxrs-base/2.12.1/jackson-jaxrs-base-2.12.1.jar:/home/runner/.m2/repository/org/apache/hadoop/hadoop-yarn-client/3.3.1/hadoop-yarn-client-3.3.1.jar:/home/runner/.m2/repository/org/eclipse/jetty/websocket/websocket-client/9.4.40.v20210413/websocket-client-9.4.40.v20210413.jar:/home/runner/.m2/repository/org/eclipse/jetty/jetty-client/9.4.40.v20210413/jetty-client-9.4.40.v20210413.jar:/home/runner/.m2/repository/org/eclipse/jetty/websocket/websocket-common/9.4.40.v20210413/websocket-common-9.4.40.v20210413.jar:/home/runner/.m2/repository/org/eclipse/jetty/websocket/websocket-api/9.4.40.v20210413/websocket-api-9.4.40.v20210413.jar:/home/runner/.m2/repository/org/jline/jline/3.9.0/jline-3.9.0.jar:/home/runner/.m2/repository/org/apache/hadoop/hadoop-mapreduce-client-core/3.3.1/hadoop-mapreduce-client-core-3.3.1.jar:/home/runner/.m2/repository/org/apache/avro/avro/1.7.7/avro-1.7.7.jar:/home/runner/.m2/repository/org/codehaus/jackson/jackson-core-asl/1.9.13/jackson-core-asl-1.9.13.jar:/home/runner/.m2/repository/org/codehaus/jackson/jackson-mapper-asl/1.9.13/jackson-mapper-asl-1.9.13.jar:/home/runner/.m2/repository/com/thoughtworks/paranamer/paranamer/2.3/paranamer-2.3.jar:/home/runner/.m2/repository/org/apache/hadoop/hadoop-annotations/3.3.1/hadoop-annotations-3.3.1.jar:/usr/lib/jvm/temurin-8-jdk-amd64/jre/../lib/tools.jar:/home/runner/.m2/repository/org/apache/hadoop/hadoop-distcp/3.3.1/hadoop-distcp-3.3.1-tests.jar:/home/runner/.m2/repository/org/apache/ratis/ratis-common/2.2.0/ratis-common-2.2.0.jar:/home/runner/.m2/repository/org/apache/ratis/ratis-thirdparty-misc/0.7.0/ratis-thirdparty-misc-0.7.0.jar:/home/runner/.m2/repository/org/apache/ratis/ratis-proto/2.2.0/ratis-proto-2.2.0.jar:"/>
    <property name="java.vm.vendor" value="Temurin"/>
    <property name="sun.arch.data.model" value="64"/>
    <property name="test.build.dir" value="/home/runner/work/ozone/ozone/hadoop-ozone/integration-test/target/test-dir"/>
    <property name="test.cache.data" value=""/>
    <property name="java.vendor.url" value="https://adoptium.net/"/>
    <property name="user.timezone" value=""/>
    <property name="java.vm.specification.version" value="1.8"/>
    <property name="os.name" value="Linux"/>
    <property name="test.build.data" value="/home/runner/work/ozone/ozone/hadoop-ozone/integration-test/target/test-dir"/>
    <property name="sun.java.launcher" value="SUN_STANDARD"/>
    <property name="sun.boot.library.path" value="/usr/lib/jvm/temurin-8-jdk-amd64/jre/lib/amd64"/>
    <property name="sun.java.command" value="/home/runner/work/ozone/ozone/hadoop-ozone/integration-test/target/surefire/surefirebooter5679106813884247952.jar /home/runner/work/ozone/ozone/hadoop-ozone/integration-test/target/surefire 2022-03-01T12-53-34_780-jvmRun1 surefire1430919778024132812tmp surefire_45915028994315142769tmp"/>
    <property name="surefire.test.class.path" value="/home/runner/work/ozone/ozone/hadoop-ozone/integration-test/target/test-classes:/home/runner/work/ozone/ozone/hadoop-ozone/integration-test/target/classes:/home/runner/.m2/repository/org/apache/ozone/ozone-common/1.3.0-SNAPSHOT/ozone-common-1.3.0-SNAPSHOT.jar:/home/runner/.m2/repository/org/apache/commons/commons-compress/1.21/commons-compress-1.21.jar:/home/runner/.m2/repository/org/apache/ozone/hdds-common/1.3.0-SNAPSHOT/hdds-common-1.3.0-SNAPSHOT.jar:/home/runner/.m2/repository/org/apache/ozone/hdds-client/1.3.0-SNAPSHOT/hdds-client-1.3.0-SNAPSHOT.jar:/home/runner/.m2/repository/org/apache/ozone/ozone-interface-client/1.3.0-SNAPSHOT/ozone-interface-client-1.3.0-SNAPSHOT.jar:/home/runner/.m2/repository/org/apache/ozone/hdds-test-utils/1.3.0-SNAPSHOT/hdds-test-utils-1.3.0-SNAPSHOT.jar:/home/runner/.m2/repository/com/google/guava/guava/30.1.1-jre/guava-30.1.1-jre.jar:/home/runner/.m2/repository/com/google/guava/failureaccess/1.0.1/failureaccess-1.0.1.jar:/home/runner/.m2/repository/com/google/guava/listenablefuture/9999.0-empty-to-avoid-conflict-with-guava/listenablefuture-9999.0-empty-to-avoid-conflict-with-guava.jar:/home/runner/.m2/repository/com/google/code/findbugs/jsr305/3.0.0/jsr305-3.0.0.jar:/home/runner/.m2/repository/org/checkerframework/checker-qual/3.8.0/checker-qual-3.8.0.jar:/home/runner/.m2/repository/com/google/errorprone/error_prone_annotations/2.2.0/error_prone_annotations-2.2.0.jar:/home/runner/.m2/repository/com/google/j2objc/j2objc-annotations/1.3/j2objc-annotations-1.3.jar:/home/runner/.m2/repository/commons-io/commons-io/2.11.0/commons-io-2.11.0.jar:/home/runner/.m2/repository/commons-logging/commons-logging/1.2/commons-logging-1.2.jar:/home/runner/.m2/repository/log4j/log4j/1.2.17/log4j-1.2.17.jar:/home/runner/.m2/repository/org/slf4j/slf4j-api/1.7.30/slf4j-api-1.7.30.jar:/home/runner/.m2/repository/org/apache/ozone/hdds-server-scm/1.3.0-SNAPSHOT/hdds-server-scm-1.3.0-SNAPSHOT.jar:/home/runner/.m2/repository/org/apache/ozone/hdds-container-service/1.3.0-SNAPSHOT/hdds-container-service-1.3.0-SNAPSHOT.jar:/home/runner/.m2/repository/org/apache/ozone/hdds-hadoop-dependency-server/1.3.0-SNAPSHOT/hdds-hadoop-dependency-server-1.3.0-SNAPSHOT.jar:/home/runner/.m2/repository/org/apache/hadoop/hadoop-hdfs/3.3.1/hadoop-hdfs-3.3.1.jar:/home/runner/.m2/repository/org/apache/ozone/hdds-server-framework/1.3.0-SNAPSHOT/hdds-server-framework-1.3.0-SNAPSHOT.jar:/home/runner/.m2/repository/org/apache/ozone/hdds-interface-server/1.3.0-SNAPSHOT/hdds-interface-server-1.3.0-SNAPSHOT.jar:/home/runner/.m2/repository/org/eclipse/jetty/jetty-servlet/9.4.43.v20210629/jetty-servlet-9.4.43.v20210629.jar:/home/runner/.m2/repository/org/eclipse/jetty/jetty-security/9.4.43.v20210629/jetty-security-9.4.43.v20210629.jar:/home/runner/.m2/repository/org/rocksdb/rocksdbjni/6.25.3/rocksdbjni-6.25.3.jar:/home/runner/.m2/repository/io/prometheus/simpleclient_dropwizard/0.7.0/simpleclient_dropwizard-0.7.0.jar:/home/runner/.m2/repository/io/prometheus/simpleclient/0.7.0/simpleclient-0.7.0.jar:/home/runner/.m2/repository/io/prometheus/simpleclient_common/0.7.0/simpleclient_common-0.7.0.jar:/home/runner/.m2/repository/com/fasterxml/jackson/datatype/jackson-datatype-jsr310/2.12.1/jackson-datatype-jsr310-2.12.1.jar:/home/runner/.m2/repository/io/dropwizard/metrics/metrics-core/3.2.4/metrics-core-3.2.4.jar:/home/runner/.m2/repository/org/apache/hadoop/hadoop-hdfs-client/3.3.1/hadoop-hdfs-client-3.3.1.jar:/home/runner/.m2/repository/org/bouncycastle/bcprov-jdk15on/1.67/bcprov-jdk15on-1.67.jar:/home/runner/.m2/repository/com/google/protobuf/protobuf-java/2.5.0/protobuf-java-2.5.0.jar:/home/runner/.m2/repository/org/apache/ozone/ozone-manager/1.3.0-SNAPSHOT/ozone-manager-1.3.0-SNAPSHOT.jar:/home/runner/.m2/repository/org/aspectj/aspectjrt/1.9.7/aspectjrt-1.9.7.jar:/home/runner/.m2/repository/org/aspectj/aspectjweaver/1.9.7/aspectjweaver-1.9.7.jar:/home/runner/.m2/repository/org/apache/ozone/hdds-interface-client/1.3.0-SNAPSHOT/hdds-interface-client-1.3.0-SNAPSHOT.jar:/home/runner/.m2/repository/org/apache/hadoop/thirdparty/hadoop-shaded-protobuf_3_7/1.1.1/hadoop-shaded-protobuf_3_7-1.1.1.jar:/home/runner/.m2/repository/org/apache/ozone/ozone-interface-storage/1.3.0-SNAPSHOT/ozone-interface-storage-1.3.0-SNAPSHOT.jar:/home/runner/.m2/repository/org/reflections/reflections/0.9.11/reflections-0.9.11.jar:/home/runner/.m2/repository/org/apache/hadoop/hadoop-minikdc/3.3.1/hadoop-minikdc-3.3.1.jar:/home/runner/.m2/repository/org/apache/kerby/kerb-simplekdc/1.0.1/kerb-simplekdc-1.0.1.jar:/home/runner/.m2/repository/org/apache/kerby/kerb-client/1.0.1/kerb-client-1.0.1.jar:/home/runner/.m2/repository/org/apache/kerby/kerby-config/1.0.1/kerby-config-1.0.1.jar:/home/runner/.m2/repository/org/apache/kerby/kerb-common/1.0.1/kerb-common-1.0.1.jar:/home/runner/.m2/repository/org/apache/kerby/kerb-crypto/1.0.1/kerb-crypto-1.0.1.jar:/home/runner/.m2/repository/org/apache/kerby/kerb-util/1.0.1/kerb-util-1.0.1.jar:/home/runner/.m2/repository/org/apache/kerby/token-provider/1.0.1/token-provider-1.0.1.jar:/home/runner/.m2/repository/org/apache/kerby/kerb-admin/1.0.1/kerb-admin-1.0.1.jar:/home/runner/.m2/repository/org/apache/kerby/kerb-server/1.0.1/kerb-server-1.0.1.jar:/home/runner/.m2/repository/org/apache/kerby/kerb-identity/1.0.1/kerb-identity-1.0.1.jar:/home/runner/.m2/repository/org/apache/kerby/kerby-xdr/1.0.1/kerby-xdr-1.0.1.jar:/home/runner/.m2/repository/org/slf4j/slf4j-log4j12/1.7.30/slf4j-log4j12-1.7.30.jar:/home/runner/.m2/repository/org/apache/ozone/ozone-s3gateway/1.3.0-SNAPSHOT/ozone-s3gateway-1.3.0-SNAPSHOT.jar:/home/runner/.m2/repository/org/javassist/javassist/3.21.0-GA/javassist-3.21.0-GA.jar:/home/runner/.m2/repository/org/jboss/weld/servlet/weld-servlet/2.4.7.Final/weld-servlet-2.4.7.Final.jar:/home/runner/.m2/repository/org/glassfish/jersey/containers/jersey-container-servlet-core/2.33/jersey-container-servlet-core-2.33.jar:/home/runner/.m2/repository/org/glassfish/hk2/external/jakarta.inject/2.6.1/jakarta.inject-2.6.1.jar:/home/runner/.m2/repository/org/glassfish/jersey/core/jersey-common/2.33/jersey-common-2.33.jar:/home/runner/.m2/repository/jakarta/ws/rs/jakarta.ws.rs-api/2.1.6/jakarta.ws.rs-api-2.1.6.jar:/home/runner/.m2/repository/org/glassfish/jersey/ext/cdi/jersey-cdi1x/2.33/jersey-cdi1x-2.33.jar:/home/runner/.m2/repository/org/glassfish/jersey/inject/jersey-hk2/2.33/jersey-hk2-2.33.jar:/home/runner/.m2/repository/org/glassfish/hk2/hk2-locator/2.6.1/hk2-locator-2.6.1.jar:/home/runner/.m2/repository/org/glassfish/jersey/media/jersey-media-jaxb/2.33/jersey-media-jaxb-2.33.jar:/home/runner/.m2/repository/org/glassfish/hk2/osgi-resource-locator/1.0.3/osgi-resource-locator-1.0.3.jar:/home/runner/.m2/repository/org/glassfish/hk2/hk2-api/2.5.0/hk2-api-2.5.0.jar:/home/runner/.m2/repository/org/glassfish/hk2/hk2-utils/2.5.0/hk2-utils-2.5.0.jar:/home/runner/.m2/repository/org/glassfish/hk2/external/aopalliance-repackaged/2.5.0/aopalliance-repackaged-2.5.0.jar:/home/runner/.m2/repository/com/fasterxml/jackson/dataformat/jackson-dataformat-xml/2.12.1/jackson-dataformat-xml-2.12.1.jar:/home/runner/.m2/repository/com/fasterxml/jackson/core/jackson-core/2.12.1/jackson-core-2.12.1.jar:/home/runner/.m2/repository/com/fasterxml/jackson/module/jackson-module-jaxb-annotations/2.12.1/jackson-module-jaxb-annotations-2.12.1.jar:/home/runner/.m2/repository/jakarta/xml/bind/jakarta.xml.bind-api/2.3.2/jakarta.xml.bind-api-2.3.2.jar:/home/runner/.m2/repository/org/codehaus/woodstox/stax2-api/3.1.4/stax2-api-3.1.4.jar:/home/runner/.m2/repository/com/fasterxml/woodstox/woodstox-core/5.0.3/woodstox-core-5.0.3.jar:/home/runner/.m2/repository/javax/enterprise/cdi-api/1.2/cdi-api-1.2.jar:/home/runner/.m2/repository/javax/el/javax.el-api/3.0.0/javax.el-api-3.0.0.jar:/home/runner/.m2/repository/javax/interceptor/javax.interceptor-api/1.2/javax.interceptor-api-1.2.jar:/home/runner/.m2/repository/javax/inject/javax.inject/1/javax.inject-1.jar:/home/runner/.m2/repository/javax/xml/bind/jaxb-api/2.3.0/jaxb-api-2.3.0.jar:/home/runner/.m2/repository/org/glassfish/jaxb/jaxb-runtime/2.3.0.1/jaxb-runtime-2.3.0.1.jar:/home/runner/.m2/repository/org/glassfish/jaxb/jaxb-core/2.3.0.1/jaxb-core-2.3.0.1.jar:/home/runner/.m2/repository/org/glassfish/jaxb/txw2/2.3.0.1/txw2-2.3.0.1.jar:/home/runner/.m2/repository/com/sun/istack/istack-commons-runtime/3.0.5/istack-commons-runtime-3.0.5.jar:/home/runner/.m2/repository/org/jvnet/staxex/stax-ex/1.7.8/stax-ex-1.7.8.jar:/home/runner/.m2/repository/com/sun/xml/fastinfoset/FastInfoset/1.2.13/FastInfoset-1.2.13.jar:/home/runner/.m2/repository/javax/activation/activation/1.1.1/activation-1.1.1.jar:/home/runner/.m2/repository/org/apache/ozone/ozone-csi/1.3.0-SNAPSHOT/ozone-csi-1.3.0-SNAPSHOT.jar:/home/runner/.m2/repository/com/google/protobuf/protobuf-java-util/3.12.0/protobuf-java-util-3.12.0.jar:/home/runner/.m2/repository/com/google/code/gson/gson/2.2.4/gson-2.2.4.jar:/home/runner/.m2/repository/org/apache/ozone/hdds-config/1.3.0-SNAPSHOT/hdds-config-1.3.0-SNAPSHOT.jar:/home/runner/.m2/repository/io/grpc/grpc-netty/1.33.0/grpc-netty-1.33.0.jar:/home/runner/.m2/repository/io/grpc/grpc-core/1.33.0/grpc-core-1.33.0.jar:/home/runner/.m2/repository/com/google/android/annotations/4.1.1.4/annotations-4.1.1.4.jar:/home/runner/.m2/repository/io/netty/netty-codec-http2/4.1.63.Final/netty-codec-http2-4.1.63.Final.jar:/home/runner/.m2/repository/io/netty/netty-codec-http/4.1.63.Final/netty-codec-http-4.1.63.Final.jar:/home/runner/.m2/repository/io/netty/netty-handler-proxy/4.1.63.Final/netty-handler-proxy-4.1.63.Final.jar:/home/runner/.m2/repository/io/netty/netty-codec-socks/4.1.63.Final/netty-codec-socks-4.1.63.Final.jar:/home/runner/.m2/repository/io/perfmark/perfmark-api/0.19.0/perfmark-api-0.19.0.jar:/home/runner/.m2/repository/org/codehaus/mojo/animal-sniffer-annotations/1.18/animal-sniffer-annotations-1.18.jar:/home/runner/.m2/repository/io/netty/netty-transport-native-epoll/4.1.63.Final/netty-transport-native-epoll-4.1.63.Final.jar:/home/runner/.m2/repository/io/netty/netty-common/4.1.63.Final/netty-common-4.1.63.Final.jar:/home/runner/.m2/repository/io/netty/netty-buffer/4.1.63.Final/netty-buffer-4.1.63.Final.jar:/home/runner/.m2/repository/io/netty/netty-transport-native-unix-common/4.1.63.Final/netty-transport-native-unix-common-4.1.63.Final.jar:/home/runner/.m2/repository/io/grpc/grpc-protobuf/1.33.0/grpc-protobuf-1.33.0.jar:/home/runner/.m2/repository/io/grpc/grpc-api/1.33.0/grpc-api-1.33.0.jar:/home/runner/.m2/repository/io/grpc/grpc-context/1.33.0/grpc-context-1.33.0.jar:/home/runner/.m2/repository/com/google/api/grpc/proto-google-common-protos/1.17.0/proto-google-common-protos-1.17.0.jar:/home/runner/.m2/repository/io/grpc/grpc-protobuf-lite/1.33.0/grpc-protobuf-lite-1.33.0.jar:/home/runner/.m2/repository/io/grpc/grpc-stub/1.33.0/grpc-stub-1.33.0.jar:/home/runner/.m2/repository/org/apache/ozone/ozone-recon/1.3.0-SNAPSHOT/ozone-recon-1.3.0-SNAPSHOT.jar:/home/runner/.m2/repository/org/apache/ozone/ozone-reconcodegen/1.3.0-SNAPSHOT/ozone-reconcodegen-1.3.0-SNAPSHOT.jar:/home/runner/.m2/repository/com/google/inject/extensions/guice-multibindings/4.0/guice-multibindings-4.0.jar:/home/runner/.m2/repository/com/google/inject/guice/4.0/guice-4.0.jar:/home/runner/.m2/repository/aopalliance/aopalliance/1.0/aopalliance-1.0.jar:/home/runner/.m2/repository/com/google/inject/extensions/guice-assistedinject/4.0/guice-assistedinject-4.0.jar:/home/runner/.m2/repository/com/google/inject/extensions/guice-servlet/4.0/guice-servlet-4.0.jar:/home/runner/.m2/repository/org/glassfish/jersey/containers/jersey-container-servlet/2.33/jersey-container-servlet-2.33.jar:/home/runner/.m2/repository/org/glassfish/hk2/guice-bridge/2.5.0/guice-bridge-2.5.0.jar:/home/runner/.m2/repository/org/glassfish/jersey/core/jersey-server/2.33/jersey-server-2.33.jar:/home/runner/.m2/repository/org/glassfish/jersey/core/jersey-client/2.33/jersey-client-2.33.jar:/home/runner/.m2/repository/jakarta/annotation/jakarta.annotation-api/1.3.5/jakarta.annotation-api-1.3.5.jar:/home/runner/.m2/repository/jakarta/validation/jakarta.validation-api/2.0.2/jakarta.validation-api-2.0.2.jar:/home/runner/.m2/repository/org/glassfish/jersey/media/jersey-media-json-jackson/2.33/jersey-media-json-jackson-2.33.jar:/home/runner/.m2/repository/org/glassfish/jersey/ext/jersey-entity-filtering/2.33/jersey-entity-filtering-2.33.jar:/home/runner/.m2/repository/org/jooq/jooq/3.11.10/jooq-3.11.10.jar:/home/runner/.m2/repository/org/jooq/jooq-meta/3.11.10/jooq-meta-3.11.10.jar:/home/runner/.m2/repository/org/jooq/jooq-codegen/3.11.10/jooq-codegen-3.11.10.jar:/home/runner/.m2/repository/com/jolbox/bonecp/0.8.0.RELEASE/bonecp-0.8.0.RELEASE.jar:/home/runner/.m2/repository/org/apache/derby/derby/10.14.2.0/derby-10.14.2.0.jar:/home/runner/.m2/repository/org/xerial/sqlite-jdbc/3.25.2/sqlite-jdbc-3.25.2.jar:/home/runner/.m2/repository/org/springframework/spring-jdbc/5.2.18.RELEASE/spring-jdbc-5.2.18.RELEASE.jar:/home/runner/.m2/repository/org/springframework/spring-beans/5.2.18.RELEASE/spring-beans-5.2.18.RELEASE.jar:/home/runner/.m2/repository/org/springframework/spring-core/5.2.18.RELEASE/spring-core-5.2.18.RELEASE.jar:/home/runner/.m2/repository/org/springframework/spring-jcl/5.2.18.RELEASE/spring-jcl-5.2.18.RELEASE.jar:/home/runner/.m2/repository/org/springframework/spring-tx/5.2.18.RELEASE/spring-tx-5.2.18.RELEASE.jar:/home/runner/.m2/repository/org/apache/ozone/ozone-client/1.3.0-SNAPSHOT/ozone-client-1.3.0-SNAPSHOT.jar:/home/runner/.m2/repository/org/apache/ozone/ozone-filesystem/1.3.0-SNAPSHOT/ozone-filesystem-1.3.0-SNAPSHOT.jar:/home/runner/.m2/repository/org/apache/ozone/ozone-filesystem-common/1.3.0-SNAPSHOT/ozone-filesystem-common-1.3.0-SNAPSHOT.jar:/home/runner/.m2/repository/org/apache/ozone/ozone-tools/1.3.0-SNAPSHOT/ozone-tools-1.3.0-SNAPSHOT.jar:/home/runner/.m2/repository/org/apache/ratis/ratis-tools/2.2.0/ratis-tools-2.2.0.jar:/home/runner/.m2/repository/com/amazonaws/aws-java-sdk-core/1.12.124/aws-java-sdk-core-1.12.124.jar:/home/runner/.m2/repository/org/apache/httpcomponents/httpclient/4.5.13/httpclient-4.5.13.jar:/home/runner/.m2/repository/org/apache/httpcomponents/httpcore/4.4.13/httpcore-4.4.13.jar:/home/runner/.m2/repository/software/amazon/ion/ion-java/1.0.2/ion-java-1.0.2.jar:/home/runner/.m2/repository/com/fasterxml/jackson/dataformat/jackson-dataformat-cbor/2.12.1/jackson-dataformat-cbor-2.12.1.jar:/home/runner/.m2/repository/joda-time/joda-time/2.8.1/joda-time-2.8.1.jar:/home/runner/.m2/repository/com/amazonaws/aws-java-sdk-s3/1.12.124/aws-java-sdk-s3-1.12.124.jar:/home/runner/.m2/repository/com/amazonaws/aws-java-sdk-kms/1.12.124/aws-java-sdk-kms-1.12.124.jar:/home/runner/.m2/repository/com/amazonaws/jmespath-java/1.12.124/jmespath-java-1.12.124.jar:/home/runner/.m2/repository/org/kohsuke/metainf-services/metainf-services/1.8/metainf-services-1.8.jar:/home/runner/.m2/repository/org/apache/ozone/hdds-tools/1.3.0-SNAPSHOT/hdds-tools-1.3.0-SNAPSHOT.jar:/home/runner/.m2/repository/commons-cli/commons-cli/1.2/commons-cli-1.2.jar:/home/runner/.m2/repository/org/apache/commons/commons-lang3/3.7/commons-lang3-3.7.jar:/home/runner/.m2/repository/org/apache/ozone/ozone-manager/1.3.0-SNAPSHOT/ozone-manager-1.3.0-SNAPSHOT-tests.jar:/home/runner/.m2/repository/org/apache/ozone/hdds-common/1.3.0-SNAPSHOT/hdds-common-1.3.0-SNAPSHOT-tests.jar:/home/runner/.m2/repository/org/apache/ozone/hdds-hadoop-dependency-client/1.3.0-SNAPSHOT/hdds-hadoop-dependency-client-1.3.0-SNAPSHOT.jar:/home/runner/.m2/repository/info/picocli/picocli/4.6.1/picocli-4.6.1.jar:/home/runner/.m2/repository/com/fasterxml/jackson/core/jackson-annotations/2.12.1/jackson-annotations-2.12.1.jar:/home/runner/.m2/repository/javax/annotation/javax.annotation-api/1.2/javax.annotation-api-1.2.jar:/home/runner/.m2/repository/org/apache/ratis/ratis-server/2.2.0/ratis-server-2.2.0.jar:/home/runner/.m2/repository/org/apache/ratis/ratis-client/2.2.0/ratis-client-2.2.0.jar:/home/runner/.m2/repository/org/apache/ratis/ratis-server-api/2.2.0/ratis-server-api-2.2.0.jar:/home/runner/.m2/repository/org/apache/ratis/ratis-metrics/2.2.0/ratis-metrics-2.2.0.jar:/home/runner/.m2/repository/org/apache/ratis/ratis-netty/2.2.0/ratis-netty-2.2.0.jar:/home/runner/.m2/repository/org/apache/ratis/ratis-grpc/2.2.0/ratis-grpc-2.2.0.jar:/home/runner/.m2/repository/org/apache/logging/log4j/log4j-api/2.17.1/log4j-api-2.17.1.jar:/home/runner/.m2/repository/org/apache/logging/log4j/log4j-core/2.17.1/log4j-core-2.17.1.jar:/home/runner/.m2/repository/com/lmax/disruptor/3.4.2/disruptor-3.4.2.jar:/home/runner/.m2/repository/org/apache/commons/commons-pool2/2.6.0/commons-pool2-2.6.0.jar:/home/runner/.m2/repository/org/bouncycastle/bcpkix-jdk15on/1.67/bcpkix-jdk15on-1.67.jar:/home/runner/.m2/repository/commons-validator/commons-validator/1.6/commons-validator-1.6.jar:/home/runner/.m2/repository/commons-beanutils/commons-beanutils/1.9.4/commons-beanutils-1.9.4.jar:/home/runner/.m2/repository/commons-digester/commons-digester/1.8.1/commons-digester-1.8.1.jar:/home/runner/.m2/repository/commons-collections/commons-collections/3.2.2/commons-collections-3.2.2.jar:/home/runner/.m2/repository/io/jaegertracing/jaeger-client/1.6.0/jaeger-client-1.6.0.jar:/home/runner/.m2/repository/io/jaegertracing/jaeger-thrift/1.6.0/jaeger-thrift-1.6.0.jar:/home/runner/.m2/repository/org/apache/thrift/libthrift/0.14.1/libthrift-0.14.1.jar:/home/runner/.m2/repository/com/squareup/okhttp3/okhttp/4.9.0/okhttp-4.9.0.jar:/home/runner/.m2/repository/com/squareup/okio/okio/2.8.0/okio-2.8.0.jar:/home/runner/.m2/repository/io/jaegertracing/jaeger-core/1.6.0/jaeger-core-1.6.0.jar:/home/runner/.m2/repository/io/jaegertracing/jaeger-tracerresolver/1.6.0/jaeger-tracerresolver-1.6.0.jar:/home/runner/.m2/repository/io/opentracing/contrib/opentracing-tracerresolver/0.1.8/opentracing-tracerresolver-0.1.8.jar:/home/runner/.m2/repository/org/jetbrains/kotlin/kotlin-stdlib/1.4.31/kotlin-stdlib-1.4.31.jar:/home/runner/.m2/repository/org/jetbrains/kotlin/kotlin-stdlib-common/1.4.31/kotlin-stdlib-common-1.4.31.jar:/home/runner/.m2/repository/org/jetbrains/annotations/13.0/annotations-13.0.jar:/home/runner/.m2/repository/io/opentracing/opentracing-util/0.33.0/opentracing-util-0.33.0.jar:/home/runner/.m2/repository/io/opentracing/opentracing-api/0.33.0/opentracing-api-0.33.0.jar:/home/runner/.m2/repository/io/opentracing/opentracing-noop/0.33.0/opentracing-noop-0.33.0.jar:/home/runner/.m2/repository/org/yaml/snakeyaml/1.26/snakeyaml-1.26.jar:/home/runner/.m2/repository/org/apache/ozone/hdds-interface-admin/1.3.0-SNAPSHOT/hdds-interface-admin-1.3.0-SNAPSHOT.jar:/home/runner/.m2/repository/junit/junit/4.13.1/junit-4.13.1.jar:/home/runner/.m2/repository/org/hamcrest/hamcrest-core/1.3/hamcrest-core-1.3.jar:/home/runner/.m2/repository/org/junit/jupiter/junit-jupiter-api/5.7.0/junit-jupiter-api-5.7.0.jar:/home/runner/.m2/repository/org/apiguardian/apiguardian-api/1.1.0/apiguardian-api-1.1.0.jar:/home/runner/.m2/repository/org/opentest4j/opentest4j/1.2.0/opentest4j-1.2.0.jar:/home/runner/.m2/repository/org/junit/platform/junit-platform-commons/1.7.0/junit-platform-commons-1.7.0.jar:/home/runner/.m2/repository/org/junit/jupiter/junit-jupiter-engine/5.7.0/junit-jupiter-engine-5.7.0.jar:/home/runner/.m2/repository/org/junit/platform/junit-platform-engine/1.7.0/junit-platform-engine-1.7.0.jar:/home/runner/.m2/repository/org/junit/vintage/junit-vintage-engine/5.7.0/junit-vintage-engine-5.7.0.jar:/home/runner/.m2/repository/org/junit/platform/junit-platform-launcher/1.7.0/junit-platform-launcher-1.7.0.jar:/home/runner/.m2/repository/org/mockito/mockito-core/2.28.2/mockito-core-2.28.2.jar:/home/runner/.m2/repository/net/bytebuddy/byte-buddy/1.9.10/byte-buddy-1.9.10.jar:/home/runner/.m2/repository/net/bytebuddy/byte-buddy-agent/1.9.10/byte-buddy-agent-1.9.10.jar:/home/runner/.m2/repository/org/objenesis/objenesis/1.0/objenesis-1.0.jar:/home/runner/.m2/repository/org/apache/hadoop/hadoop-kms/3.3.1/hadoop-kms-3.3.1.jar:/home/runner/.m2/repository/org/apache/hadoop/hadoop-auth/3.3.1/hadoop-auth-3.3.1.jar:/home/runner/.m2/repository/com/nimbusds/nimbus-jose-jwt/7.9/nimbus-jose-jwt-7.9.jar:/home/runner/.m2/repository/com/github/stephenc/jcip/jcip-annotations/1.0-1/jcip-annotations-1.0-1.jar:/home/runner/.m2/repository/net/minidev/json-smart/2.4.7/json-smart-2.4.7.jar:/home/runner/.m2/repository/net/minidev/accessors-smart/2.4.7/accessors-smart-2.4.7.jar:/home/runner/.m2/repository/org/ow2/asm/asm/5.0.4/asm-5.0.4.jar:/home/runner/.m2/repository/org/apache/zookeeper/zookeeper/3.5.6/zookeeper-3.5.6.jar:/home/runner/.m2/repository/org/apache/zookeeper/zookeeper-jute/3.5.6/zookeeper-jute-3.5.6.jar:/home/runner/.m2/repository/org/apache/yetus/audience-annotations/0.5.0/audience-annotations-0.5.0.jar:/home/runner/.m2/repository/org/apache/curator/curator-framework/4.2.0/curator-framework-4.2.0.jar:/home/runner/.m2/repository/org/apache/hadoop/thirdparty/hadoop-shaded-guava/1.1.1/hadoop-shaded-guava-1.1.1.jar:/home/runner/.m2/repository/com/sun/jersey/jersey-core/1.19/jersey-core-1.19.jar:/home/runner/.m2/repository/javax/ws/rs/jsr311-api/1.1.1/jsr311-api-1.1.1.jar:/home/runner/.m2/repository/com/sun/jersey/jersey-server/1.19/jersey-server-1.19.jar:/home/runner/.m2/repository/javax/servlet/javax.servlet-api/3.1.0/javax.servlet-api-3.1.0.jar:/home/runner/.m2/repository/org/eclipse/jetty/jetty-server/9.4.43.v20210629/jetty-server-9.4.43.v20210629.jar:/home/runner/.m2/repository/org/eclipse/jetty/jetty-http/9.4.43.v20210629/jetty-http-9.4.43.v20210629.jar:/home/runner/.m2/repository/org/eclipse/jetty/jetty-io/9.4.43.v20210629/jetty-io-9.4.43.v20210629.jar:/home/runner/.m2/repository/org/eclipse/jetty/jetty-webapp/9.4.43.v20210629/jetty-webapp-9.4.43.v20210629.jar:/home/runner/.m2/repository/org/eclipse/jetty/jetty-xml/9.4.43.v20210629/jetty-xml-9.4.43.v20210629.jar:/home/runner/.m2/repository/org/apache/hadoop/hadoop-common/3.3.1/hadoop-common-3.3.1.jar:/home/runner/.m2/repository/org/apache/commons/commons-math3/3.1.1/commons-math3-3.1.1.jar:/home/runner/.m2/repository/commons-net/commons-net/3.6/commons-net-3.6.jar:/home/runner/.m2/repository/jakarta/activation/jakarta.activation-api/1.2.1/jakarta.activation-api-1.2.1.jar:/home/runner/.m2/repository/com/sun/jersey/jersey-servlet/1.19/jersey-servlet-1.19.jar:/home/runner/.m2/repository/com/sun/jersey/jersey-json/1.19/jersey-json-1.19.jar:/home/runner/.m2/repository/org/codehaus/jettison/jettison/1.1/jettison-1.1.jar:/home/runner/.m2/repository/com/sun/xml/bind/jaxb-impl/2.2.3-1/jaxb-impl-2.2.3-1.jar:/home/runner/.m2/repository/org/codehaus/jackson/jackson-jaxrs/1.9.2/jackson-jaxrs-1.9.2.jar:/home/runner/.m2/repository/org/codehaus/jackson/jackson-xc/1.9.2/jackson-xc-1.9.2.jar:/home/runner/.m2/repository/org/apache/commons/commons-configuration2/2.1.1/commons-configuration2-2.1.1.jar:/home/runner/.m2/repository/org/apache/commons/commons-text/1.4/commons-text-1.4.jar:/home/runner/.m2/repository/com/google/re2j/re2j/1.1/re2j-1.1.jar:/home/runner/.m2/repository/com/jcraft/jsch/0.1.54/jsch-0.1.54.jar:/home/runner/.m2/repository/org/apache/curator/curator-client/4.2.0/curator-client-4.2.0.jar:/home/runner/.m2/repository/org/apache/curator/curator-recipes/4.2.0/curator-recipes-4.2.0.jar:/home/runner/.m2/repository/org/apache/kerby/kerb-core/1.0.1/kerb-core-1.0.1.jar:/home/runner/.m2/repository/org/apache/kerby/kerby-pkix/1.0.1/kerby-pkix-1.0.1.jar:/home/runner/.m2/repository/org/apache/kerby/kerby-asn1/1.0.1/kerby-asn1-1.0.1.jar:/home/runner/.m2/repository/org/apache/kerby/kerby-util/1.0.1/kerby-util-1.0.1.jar:/home/runner/.m2/repository/dnsjava/dnsjava/2.1.7/dnsjava-2.1.7.jar:/home/runner/.m2/repository/org/xerial/snappy/snappy-java/1.1.8.2/snappy-java-1.1.8.2.jar:/home/runner/.m2/repository/org/slf4j/jul-to-slf4j/1.7.30/jul-to-slf4j-1.7.30.jar:/home/runner/.m2/repository/org/eclipse/jetty/jetty-util/9.4.43.v20210629/jetty-util-9.4.43.v20210629.jar:/home/runner/.m2/repository/com/fasterxml/jackson/core/jackson-databind/2.12.1/jackson-databind-2.12.1.jar:/home/runner/.m2/repository/org/apache/hadoop/hadoop-kms/3.3.1/hadoop-kms-3.3.1-tests.jar:/home/runner/.m2/repository/org/apache/ozone/hdds-server-scm/1.3.0-SNAPSHOT/hdds-server-scm-1.3.0-SNAPSHOT-tests.jar:/home/runner/.m2/repository/org/apache/ozone/hdds-container-service/1.3.0-SNAPSHOT/hdds-container-service-1.3.0-SNAPSHOT-tests.jar:/home/runner/.m2/repository/commons-codec/commons-codec/1.11/commons-codec-1.11.jar:/home/runner/.m2/repository/io/netty/netty-transport/4.1.63.Final/netty-transport-4.1.63.Final.jar:/home/runner/.m2/repository/io/netty/netty-resolver/4.1.63.Final/netty-resolver-4.1.63.Final.jar:/home/runner/.m2/repository/io/netty/netty-codec/4.1.63.Final/netty-codec-4.1.63.Final.jar:/home/runner/.m2/repository/io/netty/netty-handler/4.1.63.Final/netty-handler-4.1.63.Final.jar:/home/runner/.m2/repository/org/apache/ozone/hdds-hadoop-dependency-test/1.3.0-SNAPSHOT/hdds-hadoop-dependency-test-1.3.0-SNAPSHOT.jar:/home/runner/.m2/repository/org/apache/hadoop/hadoop-common/3.3.1/hadoop-common-3.3.1-tests.jar:/home/runner/.m2/repository/org/assertj/assertj-core/3.12.2/assertj-core-3.12.2.jar:/home/runner/.m2/repository/org/apache/hadoop/hadoop-hdfs/3.3.1/hadoop-hdfs-3.3.1-tests.jar:/home/runner/.m2/repository/org/eclipse/jetty/jetty-util-ajax/9.4.43.v20210629/jetty-util-ajax-9.4.43.v20210629.jar:/home/runner/.m2/repository/commons-daemon/commons-daemon/1.0.13/commons-daemon-1.0.13.jar:/home/runner/.m2/repository/io/netty/netty/3.10.6.Final/netty-3.10.6.Final.jar:/home/runner/.m2/repository/io/netty/netty-all/4.1.63.Final/netty-all-4.1.63.Final.jar:/home/runner/.m2/repository/org/apache/htrace/htrace-core4/4.1.0-incubating/htrace-core4-4.1.0-incubating.jar:/home/runner/.m2/repository/org/fusesource/leveldbjni/leveldbjni-all/1.8/leveldbjni-all-1.8.jar:/home/runner/.m2/repository/org/apache/hadoop/hadoop-distcp/3.3.1/hadoop-distcp-3.3.1.jar:/home/runner/.m2/repository/org/apache/hadoop/hadoop-mapreduce-client-jobclient/3.3.1/hadoop-mapreduce-client-jobclient-3.3.1.jar:/home/runner/.m2/repository/org/apache/hadoop/hadoop-mapreduce-client-common/3.3.1/hadoop-mapreduce-client-common-3.3.1.jar:/home/runner/.m2/repository/org/apache/hadoop/hadoop-yarn-common/3.3.1/hadoop-yarn-common-3.3.1.jar:/home/runner/.m2/repository/org/apache/hadoop/hadoop-yarn-api/3.3.1/hadoop-yarn-api-3.3.1.jar:/home/runner/.m2/repository/com/sun/jersey/jersey-client/1.19/jersey-client-1.19.jar:/home/runner/.m2/repository/com/sun/jersey/contribs/jersey-guice/1.19/jersey-guice-1.19.jar:/home/runner/.m2/repository/com/fasterxml/jackson/jaxrs/jackson-jaxrs-json-provider/2.12.1/jackson-jaxrs-json-provider-2.12.1.jar:/home/runner/.m2/repository/com/fasterxml/jackson/jaxrs/jackson-jaxrs-base/2.12.1/jackson-jaxrs-base-2.12.1.jar:/home/runner/.m2/repository/org/apache/hadoop/hadoop-yarn-client/3.3.1/hadoop-yarn-client-3.3.1.jar:/home/runner/.m2/repository/org/eclipse/jetty/websocket/websocket-client/9.4.40.v20210413/websocket-client-9.4.40.v20210413.jar:/home/runner/.m2/repository/org/eclipse/jetty/jetty-client/9.4.40.v20210413/jetty-client-9.4.40.v20210413.jar:/home/runner/.m2/repository/org/eclipse/jetty/websocket/websocket-common/9.4.40.v20210413/websocket-common-9.4.40.v20210413.jar:/home/runner/.m2/repository/org/eclipse/jetty/websocket/websocket-api/9.4.40.v20210413/websocket-api-9.4.40.v20210413.jar:/home/runner/.m2/repository/org/jline/jline/3.9.0/jline-3.9.0.jar:/home/runner/.m2/repository/org/apache/hadoop/hadoop-mapreduce-client-core/3.3.1/hadoop-mapreduce-client-core-3.3.1.jar:/home/runner/.m2/repository/org/apache/avro/avro/1.7.7/avro-1.7.7.jar:/home/runner/.m2/repository/org/codehaus/jackson/jackson-core-asl/1.9.13/jackson-core-asl-1.9.13.jar:/home/runner/.m2/repository/org/codehaus/jackson/jackson-mapper-asl/1.9.13/jackson-mapper-asl-1.9.13.jar:/home/runner/.m2/repository/com/thoughtworks/paranamer/paranamer/2.3/paranamer-2.3.jar:/home/runner/.m2/repository/org/apache/hadoop/hadoop-annotations/3.3.1/hadoop-annotations-3.3.1.jar:/usr/lib/jvm/temurin-8-jdk-amd64/jre/../lib/tools.jar:/home/runner/.m2/repository/org/apache/hadoop/hadoop-distcp/3.3.1/hadoop-distcp-3.3.1-tests.jar:/home/runner/.m2/repository/org/apache/ratis/ratis-common/2.2.0/ratis-common-2.2.0.jar:/home/runner/.m2/repository/org/apache/ratis/ratis-thirdparty-misc/0.7.0/ratis-thirdparty-misc-0.7.0.jar:/home/runner/.m2/repository/org/apache/ratis/ratis-proto/2.2.0/ratis-proto-2.2.0.jar:"/>
    <property name="sun.cpu.endian" value="little"/>
    <property name="user.home" value="/home/runner"/>
    <property name="user.language" value="en"/>
    <property name="java.specification.vendor" value="Oracle Corporation"/>
    <property name="java.home" value="/usr/lib/jvm/temurin-8-jdk-amd64/jre"/>
    <property name="java.security.krb5.conf" value="/home/runner/work/ozone/ozone/hadoop-ozone/integration-test/target/test-classes/krb5.conf"/>
    <property name="basedir" value="/home/runner/work/ozone/ozone/hadoop-ozone/integration-test"/>
    <property name="file.separator" value="/"/>
    <property name="line.separator" value="&#10;"/>
    <property name="java.vm.specification.vendor" value="Oracle Corporation"/>
    <property name="java.specification.name" value="Java Platform API Specification"/>
    <property name="java.awt.graphicsenv" value="sun.awt.X11GraphicsEnvironment"/>
    <property name="skip.installnpx" value="true"/>
    <property name="surefire.real.class.path" value="/home/runner/work/ozone/ozone/hadoop-ozone/integration-test/target/surefire/surefirebooter5679106813884247952.jar:/home/runner/.m2/repository/org/jacoco/org.jacoco.agent/0.8.5/org.jacoco.agent-0.8.5-runtime.jar"/>
    <property name="hadoop.log.dir" value="/home/runner/work/ozone/ozone/hadoop-ozone/integration-test/target/log"/>
    <property name="sun.boot.class.path" value="/usr/lib/jvm/temurin-8-jdk-amd64/jre/lib/resources.jar:/usr/lib/jvm/temurin-8-jdk-amd64/jre/lib/rt.jar:/usr/lib/jvm/temurin-8-jdk-amd64/jre/lib/sunrsasign.jar:/usr/lib/jvm/temurin-8-jdk-amd64/jre/lib/jsse.jar:/usr/lib/jvm/temurin-8-jdk-amd64/jre/lib/jce.jar:/usr/lib/jvm/temurin-8-jdk-amd64/jre/lib/charsets.jar:/usr/lib/jvm/temurin-8-jdk-amd64/jre/lib/jfr.jar:/usr/lib/jvm/temurin-8-jdk-amd64/jre/classes"/>
    <property name="sun.management.compiler" value="HotSpot 64-Bit Tiered Compilers"/>
    <property name="skip.npx" value="true"/>
    <property name="java.runtime.version" value="1.8.0_322-b06"/>
    <property name="java.net.preferIPv4Stack" value="true"/>
    <property name="user.name" value="runner"/>
    <property name="path.separator" value=":"/>
    <property name="java.security.egd" value="file:///dev/urandom"/>
    <property name="os.version" value="5.4.0-1069-azure"/>
    <property name="java.endorsed.dirs" value="/usr/lib/jvm/temurin-8-jdk-amd64/jre/lib/endorsed"/>
    <property name="java.runtime.name" value="OpenJDK Runtime Environment"/>
    <property name="file.encoding" value="UTF-8"/>
    <property name="java.vm.name" value="OpenJDK 64-Bit Server VM"/>
    <property name="test.build.webapps" value=""/>
    <property name="localRepository" value="/home/runner/.m2/repository"/>
    <property name="java.vendor.url.bug" value="https://github.com/adoptium/adoptium-support/issues"/>
    <property name="java.io.tmpdir" value="/tmp"/>
    <property name="require.test.libhadoop" value=""/>
    <property name="java.version" value="1.8.0_322"/>
    <property name="user.dir" value="/home/runner/work/ozone/ozone/hadoop-ozone/integration-test"/>
    <property name="os.arch" value="amd64"/>
    <property name="java.vm.specification.name" value="Java Virtual Machine Specification"/>
    <property name="test.build.classes" value="/home/runner/work/ozone/ozone/hadoop-ozone/integration-test/target/test-classes"/>
    <property name="java.awt.printerjob" value="sun.print.PSPrinterJob"/>
    <property name="sun.os.patch.level" value="unknown"/>
    <property name="hadoop.tmp.dir" value="/home/runner/work/ozone/ozone/hadoop-ozone/integration-test/target/tmp"/>
    <property name="java.library.path" value="/usr/java/packages/lib/amd64:/usr/lib64:/lib64:/lib:/usr/lib"/>
    <property name="java.vm.info" value="mixed mode"/>
    <property name="java.vendor" value="Temurin"/>
    <property name="java.vm.version" value="25.322-b06"/>
    <property name="java.ext.dirs" value="/usr/lib/jvm/temurin-8-jdk-amd64/jre/lib/ext:/usr/java/packages/lib/ext"/>
    <property name="sun.io.unicode.encoding" value="UnicodeLittle"/>
    <property name="java.class.version" value="52.0"/>
  </properties>
  <testcase name="testNonPrivilegedUserMkdirCreateBucket[0]" classname="org.apache.hadoop.fs.ozone.TestRootedOzoneFileSystem" time="0.072"/>
  <testcase name="testRenameFile[0]" classname="org.apache.hadoop.fs.ozone.TestRootedOzoneFileSystem" time="0.382"/>
  <testcase name="testListStatusRootAndVolumeRecursive[0]" classname="org.apache.hadoop.fs.ozone.TestRootedOzoneFileSystem" time="5.083"/>
  <testcase name="testTempMount[0]" classname="org.apache.hadoop.fs.ozone.TestRootedOzoneFileSystem" time="0.153"/>
  <testcase name="testListStatusRootAndVolumeNonRecursive[0]" classname="org.apache.hadoop.fs.ozone.TestRootedOzoneFileSystem" time="0.361"/>
  <testcase name="testDeleteVolumeAndBucket[0]" classname="org.apache.hadoop.fs.ozone.TestRootedOzoneFileSystem" time="0.046"/>
  <testcase name="testRenameDirToItsOwnSubDir[0]" classname="org.apache.hadoop.fs.ozone.TestRootedOzoneFileSystem" time="0.021"/>
  <testcase name="testOzoneFsServiceLoader[0]" classname="org.apache.hadoop.fs.ozone.TestRootedOzoneFileSystem" time="0.025"/>
  <testcase name="testTrash[0]" classname="org.apache.hadoop.fs.ozone.TestRootedOzoneFileSystem" time="0">
    <skipped/>
  </testcase>
  <testcase name="testRenameDestinationParentDoesntExist[0]" classname="org.apache.hadoop.fs.ozone.TestRootedOzoneFileSystem" time="0.05"/>
  <testcase name="testGetFileStatusRoot[0]" classname="org.apache.hadoop.fs.ozone.TestRootedOzoneFileSystem" time="0.006"/>
  <testcase name="testCreateWithInvalidPaths[0]" classname="org.apache.hadoop.fs.ozone.TestRootedOzoneFileSystem" time="0.008"/>
  <testcase name="testDeleteEmptyVolume[0]" classname="org.apache.hadoop.fs.ozone.TestRootedOzoneFileSystem" time="0.013"/>
  <testcase name="testListStatusRootAndVolumeContinuation[0]" classname="org.apache.hadoop.fs.ozone.TestRootedOzoneFileSystem" time="0">
    <skipped message="FS Path is enabled. Skipping this test as it is not tuned for FS Path yet" type="org.junit.AssumptionViolatedException">org.junit.AssumptionViolatedException: FS Path is enabled. Skipping this test as it is not tuned for FS Path yet
	at org.junit.Assume.assumeTrue(Assume.java:68)
	at org.apache.hadoop.fs.ozone.TestRootedOzoneFileSystem.testListStatusRootAndVolumeContinuation(TestRootedOzoneFileSystem.java:887)
	at sun.reflect.NativeMethodAccessorImpl.invoke0(Native Method)
	at sun.reflect.NativeMethodAccessorImpl.invoke(NativeMethodAccessorImpl.java:62)
	at sun.reflect.DelegatingMethodAccessorImpl.invoke(DelegatingMethodAccessorImpl.java:43)
	at java.lang.reflect.Method.invoke(Method.java:498)
	at org.junit.runners.model.FrameworkMethod$1.runReflectiveCall(FrameworkMethod.java:59)
	at org.junit.internal.runners.model.ReflectiveCallable.run(ReflectiveCallable.java:12)
	at org.junit.runners.model.FrameworkMethod.invokeExplosively(FrameworkMethod.java:56)
	at org.junit.internal.runners.statements.InvokeMethod.evaluate(InvokeMethod.java:17)
	at org.junit.internal.runners.statements.FailOnTimeout$CallableStatement.call(FailOnTimeout.java:288)
	at org.junit.internal.runners.statements.FailOnTimeout$CallableStatement.call(FailOnTimeout.java:282)
	at java.util.concurrent.FutureTask.run(FutureTask.java:266)
	at java.lang.Thread.run(Thread.java:750)
</skipped>
  </testcase>
  <testcase name="testDeleteVolumeBucketAndKey[0]" classname="org.apache.hadoop.fs.ozone.TestRootedOzoneFileSystem" time="0.187"/>
  <testcase name="testRenameToParentDir[0]" classname="org.apache.hadoop.fs.ozone.TestRootedOzoneFileSystem" time="0.085"/>
  <testcase name="testMkdirNonExistentVolumeBucket[0]" classname="org.apache.hadoop.fs.ozone.TestRootedOzoneFileSystem" time="0.029"/>
  <testcase name="testFailToDeleteRoot[0]" classname="org.apache.hadoop.fs.ozone.TestRootedOzoneFileSystem" time="0.005"/>
  <testcase name="testListStatusOnSubDirs[0]" classname="org.apache.hadoop.fs.ozone.TestRootedOzoneFileSystem" time="0.073"/>
  <testcase name="testListStatus[0]" classname="org.apache.hadoop.fs.ozone.TestRootedOzoneFileSystem" time="0.076"/>
  <testcase name="testGetTrashRoots[0]" classname="org.apache.hadoop.fs.ozone.TestRootedOzoneFileSystem" time="0.695"/>
  <testcase name="testCreateDoesNotAddParentDirKeys[0]" classname="org.apache.hadoop.fs.ozone.TestRootedOzoneFileSystem" time="0.071"/>
  <testcase name="testMkdirNonExistentVolume[0]" classname="org.apache.hadoop.fs.ozone.TestRootedOzoneFileSystem" time="0.015"/>
  <testcase name="testDeleteCreatesFakeParentDir[0]" classname="org.apache.hadoop.fs.ozone.TestRootedOzoneFileSystem" time="0">
    <skipped message="FS Path is enabled. Skipping this test as it is not tuned for FS Path yet" type="org.junit.AssumptionViolatedException">org.junit.AssumptionViolatedException: FS Path is enabled. Skipping this test as it is not tuned for FS Path yet
	at org.junit.Assume.assumeTrue(Assume.java:68)
	at org.apache.hadoop.fs.ozone.TestRootedOzoneFileSystem.testDeleteCreatesFakeParentDir(TestRootedOzoneFileSystem.java:302)
	at sun.reflect.NativeMethodAccessorImpl.invoke0(Native Method)
	at sun.reflect.NativeMethodAccessorImpl.invoke(NativeMethodAccessorImpl.java:62)
	at sun.reflect.DelegatingMethodAccessorImpl.invoke(DelegatingMethodAccessorImpl.java:43)
	at java.lang.reflect.Method.invoke(Method.java:498)
	at org.junit.runners.model.FrameworkMethod$1.runReflectiveCall(FrameworkMethod.java:59)
	at org.junit.internal.runners.model.ReflectiveCallable.run(ReflectiveCallable.java:12)
	at org.junit.runners.model.FrameworkMethod.invokeExplosively(FrameworkMethod.java:56)
	at org.junit.internal.runners.statements.InvokeMethod.evaluate(InvokeMethod.java:17)
	at org.junit.internal.runners.statements.FailOnTimeout$CallableStatement.call(FailOnTimeout.java:288)
	at org.junit.internal.runners.statements.FailOnTimeout$CallableStatement.call(FailOnTimeout.java:282)
	at java.util.concurrent.FutureTask.run(FutureTask.java:266)
	at java.lang.Thread.run(Thread.java:750)
</skipped>
  </testcase>
  <testcase name="testNonExplicitlyCreatedPathExistsAfterItsLeafsWereRemoved[0]" classname="org.apache.hadoop.fs.ozone.TestRootedOzoneFileSystem" time="0.079"/>
  <testcase name="testFileDelete[0]" classname="org.apache.hadoop.fs.ozone.TestRootedOzoneFileSystem" time="0.219"/>
  <testcase name="testRenameToTrashEnabled[0]" classname="org.apache.hadoop.fs.ozone.TestRootedOzoneFileSystem" time="0.147"/>
  <testcase name="testMkdirOnNonExistentVolumeBucketDir[0]" classname="org.apache.hadoop.fs.ozone.TestRootedOzoneFileSystem" time="0">
    <skipped message="FS Path is enabled. Skipping this test as it is not tuned for FS Path yet" type="org.junit.AssumptionViolatedException">org.junit.AssumptionViolatedException: FS Path is enabled. Skipping this test as it is not tuned for FS Path yet
	at org.junit.Assume.assumeTrue(Assume.java:68)
	at org.apache.hadoop.fs.ozone.TestRootedOzoneFileSystem.testMkdirOnNonExistentVolumeBucketDir(TestRootedOzoneFileSystem.java:405)
	at sun.reflect.NativeMethodAccessorImpl.invoke0(Native Method)
	at sun.reflect.NativeMethodAccessorImpl.invoke(NativeMethodAccessorImpl.java:62)
	at sun.reflect.DelegatingMethodAccessorImpl.invoke(DelegatingMethodAccessorImpl.java:43)
	at java.lang.reflect.Method.invoke(Method.java:498)
	at org.junit.runners.model.FrameworkMethod$1.runReflectiveCall(FrameworkMethod.java:59)
	at org.junit.internal.runners.model.ReflectiveCallable.run(ReflectiveCallable.java:12)
	at org.junit.runners.model.FrameworkMethod.invokeExplosively(FrameworkMethod.java:56)
	at org.junit.internal.runners.statements.InvokeMethod.evaluate(InvokeMethod.java:17)
	at org.junit.internal.runners.statements.FailOnTimeout$CallableStatement.call(FailOnTimeout.java:288)
	at org.junit.internal.runners.statements.FailOnTimeout$CallableStatement.call(FailOnTimeout.java:282)
	at java.util.concurrent.FutureTask.run(FutureTask.java:266)
	at java.lang.Thread.run(Thread.java:750)
</skipped>
  </testcase>
  <testcase name="testListStatusOnLargeDirectory[0]" classname="org.apache.hadoop.fs.ozone.TestRootedOzoneFileSystem" time="4.194">
    <failure message="Total directories listed do not match the existing directories expected:&lt;1536&gt; but was:&lt;1537&gt;" type="java.lang.AssertionError"><![CDATA[java.lang.AssertionError: Total directories listed do not match the existing directories expected:<1536> but was:<1537>
	at org.junit.Assert.fail(Assert.java:89)
	at org.junit.Assert.failNotEquals(Assert.java:835)
	at org.junit.Assert.assertEquals(Assert.java:647)
	at org.apache.hadoop.fs.ozone.TestRootedOzoneFileSystem.testListStatusOnLargeDirectory(TestRootedOzoneFileSystem.java:556)
	at sun.reflect.NativeMethodAccessorImpl.invoke0(Native Method)
	at sun.reflect.NativeMethodAccessorImpl.invoke(NativeMethodAccessorImpl.java:62)
	at sun.reflect.DelegatingMethodAccessorImpl.invoke(DelegatingMethodAccessorImpl.java:43)
	at java.lang.reflect.Method.invoke(Method.java:498)
	at org.junit.runners.model.FrameworkMethod$1.runReflectiveCall(FrameworkMethod.java:59)
	at org.junit.internal.runners.model.ReflectiveCallable.run(ReflectiveCallable.java:12)
	at org.junit.runners.model.FrameworkMethod.invokeExplosively(FrameworkMethod.java:56)
	at org.junit.internal.runners.statements.InvokeMethod.evaluate(InvokeMethod.java:17)
	at org.junit.internal.runners.statements.FailOnTimeout$CallableStatement.call(FailOnTimeout.java:288)
	at org.junit.internal.runners.statements.FailOnTimeout$CallableStatement.call(FailOnTimeout.java:282)
	at java.util.concurrent.FutureTask.run(FutureTask.java:266)
	at java.lang.Thread.run(Thread.java:750)
]]></failure>
    <system-out><![CDATA[14:06:21.039 [OM StateMachine ApplyTransaction Thread - 0] ERROR OMAudit - user=runner | ip=127.0.0.1 | op=RENAME_KEY {volume=volume60182, bucket=bucket96762, dataSize=0, replicationType=RATIS, replicationFactor=ONE, srcKey=.Trash/runner/Current/volume60182/bucket96762/testKey2, dstKey=.Trash/runner/220301140621/volume60182/bucket96762/testKey2} | ret=FAILURE
org.apache.hadoop.ozone.om.exceptions.OMException: Key not found /volume60182/bucket96762/.Trash/runner/Current/volume60182/bucket96762/testKey2
	at org.apache.hadoop.ozone.om.request.key.OMKeyRenameRequest.validateAndUpdateCache(OMKeyRenameRequest.java:179) ~[ozone-manager-1.3.0-SNAPSHOT.jar:?]
	at org.apache.hadoop.ozone.protocolPB.OzoneManagerRequestHandler.handleWriteRequest(OzoneManagerRequestHandler.java:244) ~[ozone-manager-1.3.0-SNAPSHOT.jar:?]
	at org.apache.hadoop.ozone.om.ratis.OzoneManagerStateMachine.runCommand(OzoneManagerStateMachine.java:502) ~[ozone-manager-1.3.0-SNAPSHOT.jar:?]
	at org.apache.hadoop.ozone.om.ratis.OzoneManagerStateMachine.lambda$2(OzoneManagerStateMachine.java:312) ~[ozone-manager-1.3.0-SNAPSHOT.jar:?]
	at java.util.concurrent.CompletableFuture$AsyncSupply.run(CompletableFuture.java:1604) [?:1.8.0_322]
	at java.util.concurrent.ThreadPoolExecutor.runWorker(ThreadPoolExecutor.java:1149) [?:1.8.0_322]
	at java.util.concurrent.ThreadPoolExecutor$Worker.run(ThreadPoolExecutor.java:624) [?:1.8.0_322]
	at java.lang.Thread.run(Thread.java:750) [?:1.8.0_322]
2022-03-01 14:06:21,040 [OM StateMachine ApplyTransaction Thread - 0] ERROR key.OMKeyRenameRequest (OMKeyRenameRequest.java:validateAndUpdateCache(231)) - Rename key failed for volume:volume60182 bucket:bucket96762 fromKey:.Trash/runner/Current/volume60182/bucket96762/testKey2 toKey:.Trash/runner/220301140621/volume60182/bucket96762/testKey2. Key: .Trash/runner/Current/volume60182/bucket96762/testKey2 not found.
2022-03-01 14:06:21,337 [506c0b3d-9ac0-4842-b607-82b33d26cd3b@group-EA61820CF3AC-FollowerState] INFO  impl.FollowerState (FollowerState.java:run(134)) - 506c0b3d-9ac0-4842-b607-82b33d26cd3b@group-EA61820CF3AC-FollowerState: change to CANDIDATE, lastRpcElapsedTime:5022689584ns, electionTimeout:5022ms
2022-03-01 14:06:21,338 [506c0b3d-9ac0-4842-b607-82b33d26cd3b@group-EA61820CF3AC-FollowerState] INFO  impl.RoleInfo (RoleInfo.java:shutdownFollowerState(108)) - 506c0b3d-9ac0-4842-b607-82b33d26cd3b: shutdown 506c0b3d-9ac0-4842-b607-82b33d26cd3b@group-EA61820CF3AC-FollowerState
2022-03-01 14:06:21,338 [506c0b3d-9ac0-4842-b607-82b33d26cd3b@group-EA61820CF3AC-FollowerState] INFO  server.RaftServer$Division (RaftServerImpl.java:setRole(290)) - 506c0b3d-9ac0-4842-b607-82b33d26cd3b@group-EA61820CF3AC: changes role from  FOLLOWER to CANDIDATE at term 3 for changeToCandidate
2022-03-01 14:06:21,338 [506c0b3d-9ac0-4842-b607-82b33d26cd3b@group-EA61820CF3AC-FollowerState] INFO  server.RaftServerConfigKeys (ConfUtils.java:logGet(44)) - raft.server.leaderelection.pre-vote = false (custom)
2022-03-01 14:06:21,338 [506c0b3d-9ac0-4842-b607-82b33d26cd3b@group-EA61820CF3AC-FollowerState] INFO  impl.RoleInfo (RoleInfo.java:updateAndGet(130)) - 506c0b3d-9ac0-4842-b607-82b33d26cd3b: start 506c0b3d-9ac0-4842-b607-82b33d26cd3b@group-EA61820CF3AC-LeaderElection15
2022-03-01 14:06:21,351 [506c0b3d-9ac0-4842-b607-82b33d26cd3b@group-EA61820CF3AC-LeaderElection15] INFO  impl.LeaderElection (LeaderElection.java:askForVotes(306)) - 506c0b3d-9ac0-4842-b607-82b33d26cd3b@group-EA61820CF3AC-LeaderElection15 ELECTION round 0: submit vote requests at term 4 for -1: [506c0b3d-9ac0-4842-b607-82b33d26cd3b|rpc:10.1.0.24:43341|priority:0, 36e7f984-6260-41ad-b764-05d09d2a2d6c|rpc:10.1.0.24:36303|priority:0, a455f091-f590-47be-ae8a-f812834b583a|rpc:10.1.0.24:37593|priority:1], old=null
2022-03-01 14:06:21,373 [a455f091-f590-47be-ae8a-f812834b583a@group-EA61820CF3AC-FollowerState] INFO  impl.FollowerState (FollowerState.java:run(134)) - a455f091-f590-47be-ae8a-f812834b583a@group-EA61820CF3AC-FollowerState: change to CANDIDATE, lastRpcElapsedTime:5051540446ns, electionTimeout:5046ms
2022-03-01 14:06:21,373 [a455f091-f590-47be-ae8a-f812834b583a@group-EA61820CF3AC-FollowerState] INFO  impl.RoleInfo (RoleInfo.java:shutdownFollowerState(108)) - a455f091-f590-47be-ae8a-f812834b583a: shutdown a455f091-f590-47be-ae8a-f812834b583a@group-EA61820CF3AC-FollowerState
2022-03-01 14:06:21,373 [a455f091-f590-47be-ae8a-f812834b583a@group-EA61820CF3AC-FollowerState] INFO  server.RaftServer$Division (RaftServerImpl.java:setRole(290)) - a455f091-f590-47be-ae8a-f812834b583a@group-EA61820CF3AC: changes role from  FOLLOWER to CANDIDATE at term 3 for changeToCandidate
2022-03-01 14:06:21,373 [a455f091-f590-47be-ae8a-f812834b583a@group-EA61820CF3AC-FollowerState] INFO  server.RaftServerConfigKeys (ConfUtils.java:logGet(44)) - raft.server.leaderelection.pre-vote = false (custom)
2022-03-01 14:06:21,373 [a455f091-f590-47be-ae8a-f812834b583a@group-EA61820CF3AC-FollowerState] INFO  impl.RoleInfo (RoleInfo.java:updateAndGet(130)) - a455f091-f590-47be-ae8a-f812834b583a: start a455f091-f590-47be-ae8a-f812834b583a@group-EA61820CF3AC-LeaderElection16
2022-03-01 14:06:21,374 [grpc-default-executor-3] INFO  server.RaftServer$Division (RaftServerImpl.java:requestVote(1046)) - 36e7f984-6260-41ad-b764-05d09d2a2d6c@group-EA61820CF3AC: receive requestVote(ELECTION, 506c0b3d-9ac0-4842-b607-82b33d26cd3b, group-EA61820CF3AC, 4, (t:0, i:0))
2022-03-01 14:06:21,374 [grpc-default-executor-3] INFO  impl.VoteContext (VoteContext.java:log(48)) - 36e7f984-6260-41ad-b764-05d09d2a2d6c@group-EA61820CF3AC-FOLLOWER: accept ELECTION from 506c0b3d-9ac0-4842-b607-82b33d26cd3b: our priority 0 <= candidate's priority 0
2022-03-01 14:06:21,374 [grpc-default-executor-3] INFO  server.RaftServer$Division (RaftServerImpl.java:setRole(290)) - 36e7f984-6260-41ad-b764-05d09d2a2d6c@group-EA61820CF3AC: changes role from  FOLLOWER to FOLLOWER at term 4 for candidate:506c0b3d-9ac0-4842-b607-82b33d26cd3b
2022-03-01 14:06:21,374 [grpc-default-executor-3] INFO  impl.RoleInfo (RoleInfo.java:shutdownFollowerState(108)) - 36e7f984-6260-41ad-b764-05d09d2a2d6c: shutdown 36e7f984-6260-41ad-b764-05d09d2a2d6c@group-EA61820CF3AC-FollowerState
2022-03-01 14:06:21,381 [grpc-default-executor-3] INFO  impl.RoleInfo (RoleInfo.java:updateAndGet(130)) - 36e7f984-6260-41ad-b764-05d09d2a2d6c: start 36e7f984-6260-41ad-b764-05d09d2a2d6c@group-EA61820CF3AC-FollowerState
2022-03-01 14:06:21,381 [36e7f984-6260-41ad-b764-05d09d2a2d6c@group-EA61820CF3AC-FollowerState] INFO  impl.FollowerState (FollowerState.java:run(143)) - 36e7f984-6260-41ad-b764-05d09d2a2d6c@group-EA61820CF3AC-FollowerState was interrupted: {}
java.lang.InterruptedException: sleep interrupted
	at java.lang.Thread.sleep(Native Method)
	at java.lang.Thread.sleep(Thread.java:342)
	at java.util.concurrent.TimeUnit.sleep(TimeUnit.java:386)
	at org.apache.ratis.util.TimeDuration.sleep(TimeDuration.java:324)
	at org.apache.ratis.util.TimeDuration.sleep(TimeDuration.java:309)
	at org.apache.ratis.server.impl.FollowerState.run(FollowerState.java:118)
2022-03-01 14:06:21,392 [grpc-default-executor-1] INFO  server.RaftServer$Division (RaftServerImpl.java:requestVote(1046)) - a455f091-f590-47be-ae8a-f812834b583a@group-EA61820CF3AC: receive requestVote(ELECTION, 506c0b3d-9ac0-4842-b607-82b33d26cd3b, group-EA61820CF3AC, 4, (t:0, i:0))
2022-03-01 14:06:21,394 [grpc-default-executor-3] INFO  server.RaftServer$Division (RaftServerImpl.java:requestVote(1078)) - 36e7f984-6260-41ad-b764-05d09d2a2d6c@group-EA61820CF3AC replies to ELECTION vote request: 506c0b3d-9ac0-4842-b607-82b33d26cd3b<-36e7f984-6260-41ad-b764-05d09d2a2d6c#0:OK-t4. Peer's state: 36e7f984-6260-41ad-b764-05d09d2a2d6c@group-EA61820CF3AC:t4, leader=null, voted=506c0b3d-9ac0-4842-b607-82b33d26cd3b, raftlog=36e7f984-6260-41ad-b764-05d09d2a2d6c@group-EA61820CF3AC-SegmentedRaftLog:OPENED:c-1, conf=-1: [506c0b3d-9ac0-4842-b607-82b33d26cd3b|rpc:10.1.0.24:43341|priority:0, 36e7f984-6260-41ad-b764-05d09d2a2d6c|rpc:10.1.0.24:36303|priority:0, a455f091-f590-47be-ae8a-f812834b583a|rpc:10.1.0.24:37593|priority:1], old=null
2022-03-01 14:06:21,397 [grpc-default-executor-1] INFO  impl.VoteContext (VoteContext.java:log(48)) - a455f091-f590-47be-ae8a-f812834b583a@group-EA61820CF3AC-CANDIDATE: reject ELECTION from 506c0b3d-9ac0-4842-b607-82b33d26cd3b: already has voted for a455f091-f590-47be-ae8a-f812834b583a at current term 4
2022-03-01 14:06:21,397 [grpc-default-executor-1] INFO  server.RaftServer$Division (RaftServerImpl.java:requestVote(1078)) - a455f091-f590-47be-ae8a-f812834b583a@group-EA61820CF3AC replies to ELECTION vote request: 506c0b3d-9ac0-4842-b607-82b33d26cd3b<-a455f091-f590-47be-ae8a-f812834b583a#0:FAIL-t4. Peer's state: a455f091-f590-47be-ae8a-f812834b583a@group-EA61820CF3AC:t4, leader=null, voted=a455f091-f590-47be-ae8a-f812834b583a, raftlog=a455f091-f590-47be-ae8a-f812834b583a@group-EA61820CF3AC-SegmentedRaftLog:OPENED:c-1, conf=-1: [506c0b3d-9ac0-4842-b607-82b33d26cd3b|rpc:10.1.0.24:43341|priority:0, 36e7f984-6260-41ad-b764-05d09d2a2d6c|rpc:10.1.0.24:36303|priority:0, a455f091-f590-47be-ae8a-f812834b583a|rpc:10.1.0.24:37593|priority:1], old=null
2022-03-01 14:06:21,398 [a455f091-f590-47be-ae8a-f812834b583a@group-EA61820CF3AC-LeaderElection16] INFO  impl.LeaderElection (LeaderElection.java:askForVotes(306)) - a455f091-f590-47be-ae8a-f812834b583a@group-EA61820CF3AC-LeaderElection16 ELECTION round 0: submit vote requests at term 4 for -1: [506c0b3d-9ac0-4842-b607-82b33d26cd3b|rpc:10.1.0.24:43341|priority:0, 36e7f984-6260-41ad-b764-05d09d2a2d6c|rpc:10.1.0.24:36303|priority:0, a455f091-f590-47be-ae8a-f812834b583a|rpc:10.1.0.24:37593|priority:1], old=null
2022-03-01 14:06:21,399 [506c0b3d-9ac0-4842-b607-82b33d26cd3b@group-EA61820CF3AC-LeaderElection15] INFO  impl.LeaderElection (LeaderElection.java:logAndReturn(89)) - 506c0b3d-9ac0-4842-b607-82b33d26cd3b@group-EA61820CF3AC-LeaderElection15: ELECTION REJECTED received 2 response(s) and 0 exception(s):
2022-03-01 14:06:21,406 [506c0b3d-9ac0-4842-b607-82b33d26cd3b@group-EA61820CF3AC-LeaderElection15] INFO  impl.LeaderElection (LeaderElection.java:logAndReturn(93)) -   Response 0: 506c0b3d-9ac0-4842-b607-82b33d26cd3b<-36e7f984-6260-41ad-b764-05d09d2a2d6c#0:OK-t4
2022-03-01 14:06:21,406 [506c0b3d-9ac0-4842-b607-82b33d26cd3b@group-EA61820CF3AC-LeaderElection15] INFO  impl.LeaderElection (LeaderElection.java:logAndReturn(93)) -   Response 1: 506c0b3d-9ac0-4842-b607-82b33d26cd3b<-a455f091-f590-47be-ae8a-f812834b583a#0:FAIL-t4
2022-03-01 14:06:21,406 [grpc-default-executor-1] INFO  server.RaftServer$Division (RaftServerImpl.java:requestVote(1046)) - 36e7f984-6260-41ad-b764-05d09d2a2d6c@group-EA61820CF3AC: receive requestVote(ELECTION, a455f091-f590-47be-ae8a-f812834b583a, group-EA61820CF3AC, 4, (t:0, i:0))
2022-03-01 14:06:21,406 [grpc-default-executor-1] INFO  impl.VoteContext (VoteContext.java:log(48)) - 36e7f984-6260-41ad-b764-05d09d2a2d6c@group-EA61820CF3AC-FOLLOWER: reject ELECTION from a455f091-f590-47be-ae8a-f812834b583a: already has voted for 506c0b3d-9ac0-4842-b607-82b33d26cd3b at current term 4
2022-03-01 14:06:21,406 [506c0b3d-9ac0-4842-b607-82b33d26cd3b@group-EA61820CF3AC-LeaderElection15] INFO  impl.LeaderElection (LeaderElection.java:askForVotes(308)) - 506c0b3d-9ac0-4842-b607-82b33d26cd3b@group-EA61820CF3AC-LeaderElection15 ELECTION round 0: result REJECTED
2022-03-01 14:06:21,406 [grpc-default-executor-1] INFO  server.RaftServer$Division (RaftServerImpl.java:requestVote(1078)) - 36e7f984-6260-41ad-b764-05d09d2a2d6c@group-EA61820CF3AC replies to ELECTION vote request: a455f091-f590-47be-ae8a-f812834b583a<-36e7f984-6260-41ad-b764-05d09d2a2d6c#0:FAIL-t4. Peer's state: 36e7f984-6260-41ad-b764-05d09d2a2d6c@group-EA61820CF3AC:t4, leader=null, voted=506c0b3d-9ac0-4842-b607-82b33d26cd3b, raftlog=36e7f984-6260-41ad-b764-05d09d2a2d6c@group-EA61820CF3AC-SegmentedRaftLog:OPENED:c-1, conf=-1: [506c0b3d-9ac0-4842-b607-82b33d26cd3b|rpc:10.1.0.24:43341|priority:0, 36e7f984-6260-41ad-b764-05d09d2a2d6c|rpc:10.1.0.24:36303|priority:0, a455f091-f590-47be-ae8a-f812834b583a|rpc:10.1.0.24:37593|priority:1], old=null
2022-03-01 14:06:21,407 [506c0b3d-9ac0-4842-b607-82b33d26cd3b@group-EA61820CF3AC-LeaderElection15] INFO  server.RaftServer$Division (RaftServerImpl.java:setRole(290)) - 506c0b3d-9ac0-4842-b607-82b33d26cd3b@group-EA61820CF3AC: changes role from CANDIDATE to FOLLOWER at term 4 for REJECTED
2022-03-01 14:06:21,407 [506c0b3d-9ac0-4842-b607-82b33d26cd3b@group-EA61820CF3AC-LeaderElection15] INFO  impl.RoleInfo (RoleInfo.java:shutdownLeaderElection(121)) - 506c0b3d-9ac0-4842-b607-82b33d26cd3b: shutdown 506c0b3d-9ac0-4842-b607-82b33d26cd3b@group-EA61820CF3AC-LeaderElection15
2022-03-01 14:06:21,407 [506c0b3d-9ac0-4842-b607-82b33d26cd3b@group-EA61820CF3AC-LeaderElection15] INFO  impl.RoleInfo (RoleInfo.java:updateAndGet(130)) - 506c0b3d-9ac0-4842-b607-82b33d26cd3b: start 506c0b3d-9ac0-4842-b607-82b33d26cd3b@group-EA61820CF3AC-FollowerState
2022-03-01 14:06:21,419 [grpc-default-executor-1] INFO  server.RaftServer$Division (RaftServerImpl.java:requestVote(1046)) - 506c0b3d-9ac0-4842-b607-82b33d26cd3b@group-EA61820CF3AC: receive requestVote(ELECTION, a455f091-f590-47be-ae8a-f812834b583a, group-EA61820CF3AC, 4, (t:0, i:0))
2022-03-01 14:06:21,421 [grpc-default-executor-1] INFO  impl.VoteContext (VoteContext.java:log(48)) - 506c0b3d-9ac0-4842-b607-82b33d26cd3b@group-EA61820CF3AC-FOLLOWER: reject ELECTION from a455f091-f590-47be-ae8a-f812834b583a: already has voted for 506c0b3d-9ac0-4842-b607-82b33d26cd3b at current term 4
2022-03-01 14:06:21,421 [grpc-default-executor-1] INFO  server.RaftServer$Division (RaftServerImpl.java:requestVote(1078)) - 506c0b3d-9ac0-4842-b607-82b33d26cd3b@group-EA61820CF3AC replies to ELECTION vote request: a455f091-f590-47be-ae8a-f812834b583a<-506c0b3d-9ac0-4842-b607-82b33d26cd3b#0:FAIL-t4. Peer's state: 506c0b3d-9ac0-4842-b607-82b33d26cd3b@group-EA61820CF3AC:t4, leader=null, voted=506c0b3d-9ac0-4842-b607-82b33d26cd3b, raftlog=506c0b3d-9ac0-4842-b607-82b33d26cd3b@group-EA61820CF3AC-SegmentedRaftLog:OPENED:c-1, conf=-1: [506c0b3d-9ac0-4842-b607-82b33d26cd3b|rpc:10.1.0.24:43341|priority:0, 36e7f984-6260-41ad-b764-05d09d2a2d6c|rpc:10.1.0.24:36303|priority:0, a455f091-f590-47be-ae8a-f812834b583a|rpc:10.1.0.24:37593|priority:1], old=null
2022-03-01 14:06:21,422 [a455f091-f590-47be-ae8a-f812834b583a@group-EA61820CF3AC-LeaderElection16] INFO  impl.LeaderElection (LeaderElection.java:logAndReturn(89)) - a455f091-f590-47be-ae8a-f812834b583a@group-EA61820CF3AC-LeaderElection16: ELECTION REJECTED received 2 response(s) and 0 exception(s):
2022-03-01 14:06:21,422 [a455f091-f590-47be-ae8a-f812834b583a@group-EA61820CF3AC-LeaderElection16] INFO  impl.LeaderElection (LeaderElection.java:logAndReturn(93)) -   Response 0: a455f091-f590-47be-ae8a-f812834b583a<-506c0b3d-9ac0-4842-b607-82b33d26cd3b#0:FAIL-t4
2022-03-01 14:06:21,422 [a455f091-f590-47be-ae8a-f812834b583a@group-EA61820CF3AC-LeaderElection16] INFO  impl.LeaderElection (LeaderElection.java:logAndReturn(93)) -   Response 1: a455f091-f590-47be-ae8a-f812834b583a<-36e7f984-6260-41ad-b764-05d09d2a2d6c#0:FAIL-t4
2022-03-01 14:06:21,422 [a455f091-f590-47be-ae8a-f812834b583a@group-EA61820CF3AC-LeaderElection16] INFO  impl.LeaderElection (LeaderElection.java:askForVotes(308)) - a455f091-f590-47be-ae8a-f812834b583a@group-EA61820CF3AC-LeaderElection16 ELECTION round 0: result REJECTED
2022-03-01 14:06:21,422 [a455f091-f590-47be-ae8a-f812834b583a@group-EA61820CF3AC-LeaderElection16] INFO  server.RaftServer$Division (RaftServerImpl.java:setRole(290)) - a455f091-f590-47be-ae8a-f812834b583a@group-EA61820CF3AC: changes role from CANDIDATE to FOLLOWER at term 4 for REJECTED
2022-03-01 14:06:21,422 [a455f091-f590-47be-ae8a-f812834b583a@group-EA61820CF3AC-LeaderElection16] INFO  impl.RoleInfo (RoleInfo.java:shutdownLeaderElection(121)) - a455f091-f590-47be-ae8a-f812834b583a: shutdown a455f091-f590-47be-ae8a-f812834b583a@group-EA61820CF3AC-LeaderElection16
2022-03-01 14:06:21,422 [a455f091-f590-47be-ae8a-f812834b583a@group-EA61820CF3AC-LeaderElection16] INFO  impl.RoleInfo (RoleInfo.java:updateAndGet(130)) - a455f091-f590-47be-ae8a-f812834b583a: start a455f091-f590-47be-ae8a-f812834b583a@group-EA61820CF3AC-FollowerState
]]></system-out>
  </testcase>
  <testcase name="testRenameToDifferentBucket[0]" classname="org.apache.hadoop.fs.ozone.TestRootedOzoneFileSystem" time="0.045"/>
  <testcase name="testListStatusInBucket[0]" classname="org.apache.hadoop.fs.ozone.TestRootedOzoneFileSystem" time="0.073">
    <failure message="FileStatus should return only the immediate children expected:&lt;2&gt; but was:&lt;1539&gt;" type="java.lang.AssertionError"><![CDATA[java.lang.AssertionError: FileStatus should return only the immediate children expected:<2> but was:<1539>
	at org.junit.Assert.fail(Assert.java:89)
	at org.junit.Assert.failNotEquals(Assert.java:835)
	at org.junit.Assert.assertEquals(Assert.java:647)
	at org.apache.hadoop.fs.ozone.TestRootedOzoneFileSystem.testListStatusInBucket(TestRootedOzoneFileSystem.java:530)
	at sun.reflect.NativeMethodAccessorImpl.invoke0(Native Method)
	at sun.reflect.NativeMethodAccessorImpl.invoke(NativeMethodAccessorImpl.java:62)
	at sun.reflect.DelegatingMethodAccessorImpl.invoke(DelegatingMethodAccessorImpl.java:43)
	at java.lang.reflect.Method.invoke(Method.java:498)
	at org.junit.runners.model.FrameworkMethod$1.runReflectiveCall(FrameworkMethod.java:59)
	at org.junit.internal.runners.model.ReflectiveCallable.run(ReflectiveCallable.java:12)
	at org.junit.runners.model.FrameworkMethod.invokeExplosively(FrameworkMethod.java:56)
	at org.junit.internal.runners.statements.InvokeMethod.evaluate(InvokeMethod.java:17)
	at org.junit.internal.runners.statements.FailOnTimeout$CallableStatement.call(FailOnTimeout.java:288)
	at org.junit.internal.runners.statements.FailOnTimeout$CallableStatement.call(FailOnTimeout.java:282)
	at java.util.concurrent.FutureTask.run(FutureTask.java:266)
	at java.lang.Thread.run(Thread.java:750)
]]></failure>
  </testcase>
  <testcase name="testRenameFileToDir[0]" classname="org.apache.hadoop.fs.ozone.TestRootedOzoneFileSystem" time="0.688"/>
  <testcase name="testNonPrivilegedUserMkdirCreateBucket[1]" classname="org.apache.hadoop.fs.ozone.TestRootedOzoneFileSystem" time="0">
    <skipped message="ACL is not enabled. Skipping this test as it requires ACL to be enabled to be meaningful." type="org.junit.AssumptionViolatedException">org.junit.AssumptionViolatedException: ACL is not enabled. Skipping this test as it requires ACL to be enabled to be meaningful.
	at org.junit.Assume.assumeTrue(Assume.java:68)
	at org.apache.hadoop.fs.ozone.TestRootedOzoneFileSystem.testNonPrivilegedUserMkdirCreateBucket(TestRootedOzoneFileSystem.java:1582)
	at sun.reflect.NativeMethodAccessorImpl.invoke0(Native Method)
	at sun.reflect.NativeMethodAccessorImpl.invoke(NativeMethodAccessorImpl.java:62)
	at sun.reflect.DelegatingMethodAccessorImpl.invoke(DelegatingMethodAccessorImpl.java:43)
	at java.lang.reflect.Method.invoke(Method.java:498)
	at org.junit.runners.model.FrameworkMethod$1.runReflectiveCall(FrameworkMethod.java:59)
	at org.junit.internal.runners.model.ReflectiveCallable.run(ReflectiveCallable.java:12)
	at org.junit.runners.model.FrameworkMethod.invokeExplosively(FrameworkMethod.java:56)
	at org.junit.internal.runners.statements.InvokeMethod.evaluate(InvokeMethod.java:17)
	at org.junit.internal.runners.statements.FailOnTimeout$CallableStatement.call(FailOnTimeout.java:288)
	at org.junit.internal.runners.statements.FailOnTimeout$CallableStatement.call(FailOnTimeout.java:282)
	at java.util.concurrent.FutureTask.run(FutureTask.java:266)
	at java.lang.Thread.run(Thread.java:750)
</skipped>
    <system-out><![CDATA[2022-03-01 14:06:26,038 [Listener at 127.0.0.1/38117] INFO  ozone.MiniOzoneClusterImpl (MiniOzoneClusterImpl.java:shutdown(449)) - Shutting down the Mini Ozone Cluster
2022-03-01 14:06:26,039 [Listener at 127.0.0.1/38117] INFO  ozone.MiniOzoneClusterImpl (MiniOzoneClusterImpl.java:stop(464)) - Stopping the Mini Ozone Cluster
2022-03-01 14:06:26,040 [Listener at 127.0.0.1/38117] INFO  ozone.MiniOzoneClusterImpl (MiniOzoneClusterImpl.java:stopOM(546)) - Stopping the OzoneManager
2022-03-01 14:06:26,040 [Listener at 127.0.0.1/38117] INFO  om.OzoneManager (OzoneManager.java:stop(1893)) - om1[localhost:0]: Stopping Ozone Manager
2022-03-01 14:06:26,040 [Listener at 127.0.0.1/38117] INFO  ipc.Server (Server.java:stop(3414)) - Stopping server on 38117
2022-03-01 14:06:26,045 [IPC Server listener on 0] INFO  ipc.Server (Server.java:run(1376)) - Stopping IPC Server listener on 0
2022-03-01 14:06:26,046 [IPC Server Responder] INFO  ipc.Server (Server.java:run(1512)) - Stopping IPC Server Responder
2022-03-01 14:06:26,046 [Listener at 127.0.0.1/38117] INFO  server.RaftServer (RaftServerProxy.java:lambda$close$6(391)) - om1: close
2022-03-01 14:06:26,046 [Listener at 127.0.0.1/38117] INFO  server.RaftServer$Division (RaftServerImpl.java:lambda$close$4(412)) - om1@group-C5BA1605619E: shutdown
2022-03-01 14:06:26,047 [Listener at 127.0.0.1/38117] INFO  util.JmxRegister (JmxRegister.java:unregister(73)) - Successfully un-registered JMX Bean with object name Ratis:service=RaftServer,group=group-C5BA1605619E,id=om1
2022-03-01 14:06:26,047 [Listener at 127.0.0.1/38117] INFO  impl.RoleInfo (RoleInfo.java:shutdownLeaderState(91)) - om1: shutdown om1@group-C5BA1605619E-LeaderStateImpl
2022-03-01 14:06:26,047 [Listener at 127.0.0.1/38117] INFO  impl.PendingRequests (PendingRequests.java:sendNotLeaderResponses(282)) - om1@group-C5BA1605619E-PendingRequests: sendNotLeaderResponses
2022-03-01 14:06:26,050 [om1@group-C5BA1605619E-StateMachineUpdater] INFO  ratis.OzoneManagerStateMachine (OzoneManagerStateMachine.java:takeSnapshot(417)) - Current Snapshot Index (t:1, i:4114)
2022-03-01 14:06:26,051 [om1@group-C5BA1605619E-StateMachineUpdater] INFO  impl.StateMachineUpdater (StateMachineUpdater.java:takeSnapshot(281)) - om1@group-C5BA1605619E-StateMachineUpdater: Took a snapshot at index 4114
2022-03-01 14:06:26,051 [om1@group-C5BA1605619E-StateMachineUpdater] INFO  impl.StateMachineUpdater (StateMachineUpdater.java:lambda$new$0(89)) - om1@group-C5BA1605619E-StateMachineUpdater: snapshotIndex: updateIncreasingly -1 -> 4114
2022-03-01 14:06:26,051 [om1@group-C5BA1605619E-StateMachineUpdater] INFO  ratis.OzoneManagerStateMachine (OzoneManagerStateMachine.java:close(471)) - StateMachine has shutdown. Shutdown OzoneManager if not already shutdown.
2022-03-01 14:06:26,051 [Listener at 127.0.0.1/38117] INFO  impl.StateMachineUpdater (StateMachineUpdater.java:stopAndJoin(149)) - om1@group-C5BA1605619E-StateMachineUpdater: set stopIndex = 4114
2022-03-01 14:06:26,052 [Listener at 127.0.0.1/38117] INFO  server.RaftServer$Division (ServerState.java:close(419)) - om1@group-C5BA1605619E: closes. applyIndex: 4114
2022-03-01 14:06:26,054 [om1@group-C5BA1605619E-SegmentedRaftLogWorker] INFO  segmented.SegmentedRaftLogWorker (SegmentedRaftLogWorker.java:run(327)) - om1@group-C5BA1605619E-SegmentedRaftLogWorker was interrupted, exiting. There are 0 tasks remaining in the queue.
2022-03-01 14:06:26,055 [Listener at 127.0.0.1/38117] INFO  segmented.SegmentedRaftLogWorker (SegmentedRaftLogWorker.java:close(237)) - om1@group-C5BA1605619E-SegmentedRaftLogWorker close()
2022-03-01 14:06:26,061 [Listener at 127.0.0.1/38117] INFO  server.GrpcService (GrpcService.java:closeImpl(262)) - om1: shutdown server with port 9872 now
2022-03-01 14:06:26,062 [Listener at 127.0.0.1/38117] INFO  server.GrpcService (GrpcService.java:closeImpl(271)) - om1: shutdown server with port 9872 successfully
2022-03-01 14:06:26,062 [org.apache.ratis.util.JvmPauseMonitor$$Lambda$421/1299661385@3c48e78b] INFO  util.JvmPauseMonitor (JvmPauseMonitor.java:run(109)) - JvmPauseMonitor-om1: Stopped
2022-03-01 14:06:26,063 [Listener at 127.0.0.1/38117] INFO  ratis.OzoneManagerDoubleBuffer (OzoneManagerDoubleBuffer.java:stop(437)) - Stopping OMDoubleBuffer flush thread
2022-03-01 14:06:26,063 [OMDoubleBufferFlushThread] INFO  ratis.OzoneManagerDoubleBuffer (OzoneManagerDoubleBuffer.java:flushTransactions(356)) - OMDoubleBuffer flush thread OMDoubleBufferFlushThread is interrupted and will exit. OMDoubleBufferFlushThread
2022-03-01 14:06:26,065 [Listener at 127.0.0.1/38117] INFO  utils.BackgroundService (BackgroundService.java:shutdown(132)) - Shutting down service KeyDeletingService
2022-03-01 14:06:26,066 [Listener at 127.0.0.1/38117] INFO  utils.BackgroundService (BackgroundService.java:shutdown(132)) - Shutting down service DirectoryDeletingService
2022-03-01 14:06:26,069 [Listener at 127.0.0.1/38117] INFO  handler.ContextHandler (ContextHandler.java:doStop(1153)) - Stopped o.e.j.w.WebAppContext@281c8eda{ozoneManager,/,null,STOPPED}{file:/home/runner/work/ozone/ozone/hadoop-ozone/integration-test/target/test-classes/webapps/ozoneManager}
2022-03-01 14:06:26,073 [Listener at 127.0.0.1/38117] INFO  server.AbstractConnector (AbstractConnector.java:doStop(381)) - Stopped ServerConnector@21a1790d{HTTP/1.1, (http/1.1)}{0.0.0.0:0}
2022-03-01 14:06:26,073 [Listener at 127.0.0.1/38117] INFO  server.session (HouseKeeper.java:stopScavenging(149)) - node0 Stopped scavenging
2022-03-01 14:06:26,074 [Listener at 127.0.0.1/38117] INFO  handler.ContextHandler (ContextHandler.java:doStop(1153)) - Stopped o.e.j.s.ServletContextHandler@2e48f0a1{static,/static,file:///home/runner/work/ozone/ozone/hadoop-ozone/integration-test/target/test-classes/webapps/static,STOPPED}
2022-03-01 14:06:26,074 [Listener at 127.0.0.1/38117] INFO  handler.ContextHandler (ContextHandler.java:doStop(1153)) - Stopped o.e.j.s.ServletContextHandler@6c23667e{logs,/logs,file:///home/runner/work/ozone/ozone/hadoop-ozone/integration-test/target/log,STOPPED}
2022-03-01 14:06:26,076 [Trash Emptier] ERROR om.TrashPolicyOzone (TrashPolicyOzone.java:run(251)) - Error attempting to shutdown
java.lang.InterruptedException
	at java.util.concurrent.locks.AbstractQueuedSynchronizer$ConditionObject.awaitNanos(AbstractQueuedSynchronizer.java:2067)
	at java.util.concurrent.ThreadPoolExecutor.awaitTermination(ThreadPoolExecutor.java:1475)
	at org.apache.hadoop.ozone.om.TrashPolicyOzone$Emptier.run(TrashPolicyOzone.java:249)
	at java.lang.Thread.run(Thread.java:750)
2022-03-01 14:06:26,076 [Trash Emptier] ERROR util.ExitUtils (ExitUtils.java:terminate(133)) - Terminating with exit status -1: Thread[Trash Emptier,5,main] has thrown an uncaught exception
java.lang.UnsupportedOperationException: fs.getUri() not implemented in TrashOzoneFileSystem
	at org.apache.hadoop.ozone.om.TrashOzoneFileSystem.getUri(TrashOzoneFileSystem.java:124)
	at org.apache.hadoop.fs.FileSystem.close(FileSystem.java:2592)
	at org.apache.hadoop.ozone.om.TrashPolicyOzone$Emptier.run(TrashPolicyOzone.java:243)
	at java.lang.Thread.run(Thread.java:750)
2022-03-01 14:06:26,080 [Listener at 127.0.0.1/38117] INFO  ozone.MiniOzoneClusterImpl (MiniOzoneClusterImpl.java:stopDatanodes(523)) - Stopping the HddsDatanodes
2022-03-01 14:06:26,409 [36e7f984-6260-41ad-b764-05d09d2a2d6c@group-EA61820CF3AC-FollowerState] INFO  impl.FollowerState (FollowerState.java:run(134)) - 36e7f984-6260-41ad-b764-05d09d2a2d6c@group-EA61820CF3AC-FollowerState: change to CANDIDATE, lastRpcElapsedTime:5014973268ns, electionTimeout:5012ms
2022-03-01 14:06:26,410 [36e7f984-6260-41ad-b764-05d09d2a2d6c@group-EA61820CF3AC-FollowerState] INFO  impl.RoleInfo (RoleInfo.java:shutdownFollowerState(108)) - 36e7f984-6260-41ad-b764-05d09d2a2d6c: shutdown 36e7f984-6260-41ad-b764-05d09d2a2d6c@group-EA61820CF3AC-FollowerState
2022-03-01 14:06:26,410 [36e7f984-6260-41ad-b764-05d09d2a2d6c@group-EA61820CF3AC-FollowerState] INFO  server.RaftServer$Division (RaftServerImpl.java:setRole(290)) - 36e7f984-6260-41ad-b764-05d09d2a2d6c@group-EA61820CF3AC: changes role from  FOLLOWER to CANDIDATE at term 4 for changeToCandidate
2022-03-01 14:06:26,410 [36e7f984-6260-41ad-b764-05d09d2a2d6c@group-EA61820CF3AC-FollowerState] INFO  server.RaftServerConfigKeys (ConfUtils.java:logGet(44)) - raft.server.leaderelection.pre-vote = false (custom)
2022-03-01 14:06:26,410 [36e7f984-6260-41ad-b764-05d09d2a2d6c@group-EA61820CF3AC-FollowerState] INFO  impl.RoleInfo (RoleInfo.java:updateAndGet(130)) - 36e7f984-6260-41ad-b764-05d09d2a2d6c: start 36e7f984-6260-41ad-b764-05d09d2a2d6c@group-EA61820CF3AC-LeaderElection17
2022-03-01 14:06:26,412 [36e7f984-6260-41ad-b764-05d09d2a2d6c@group-EA61820CF3AC-LeaderElection17] INFO  impl.LeaderElection (LeaderElection.java:askForVotes(306)) - 36e7f984-6260-41ad-b764-05d09d2a2d6c@group-EA61820CF3AC-LeaderElection17 ELECTION round 0: submit vote requests at term 5 for -1: [506c0b3d-9ac0-4842-b607-82b33d26cd3b|rpc:10.1.0.24:43341|priority:0, 36e7f984-6260-41ad-b764-05d09d2a2d6c|rpc:10.1.0.24:36303|priority:0, a455f091-f590-47be-ae8a-f812834b583a|rpc:10.1.0.24:37593|priority:1], old=null
2022-03-01 14:06:26,427 [grpc-default-executor-1] INFO  server.RaftServer$Division (RaftServerImpl.java:requestVote(1046)) - 506c0b3d-9ac0-4842-b607-82b33d26cd3b@group-EA61820CF3AC: receive requestVote(ELECTION, 36e7f984-6260-41ad-b764-05d09d2a2d6c, group-EA61820CF3AC, 5, (t:0, i:0))
2022-03-01 14:06:26,427 [grpc-default-executor-1] INFO  impl.VoteContext (VoteContext.java:log(48)) - 506c0b3d-9ac0-4842-b607-82b33d26cd3b@group-EA61820CF3AC-FOLLOWER: accept ELECTION from 36e7f984-6260-41ad-b764-05d09d2a2d6c: our priority 0 <= candidate's priority 0
2022-03-01 14:06:26,427 [grpc-default-executor-1] INFO  server.RaftServer$Division (RaftServerImpl.java:setRole(290)) - 506c0b3d-9ac0-4842-b607-82b33d26cd3b@group-EA61820CF3AC: changes role from  FOLLOWER to FOLLOWER at term 5 for candidate:36e7f984-6260-41ad-b764-05d09d2a2d6c
2022-03-01 14:06:26,427 [grpc-default-executor-1] INFO  impl.RoleInfo (RoleInfo.java:shutdownFollowerState(108)) - 506c0b3d-9ac0-4842-b607-82b33d26cd3b: shutdown 506c0b3d-9ac0-4842-b607-82b33d26cd3b@group-EA61820CF3AC-FollowerState
2022-03-01 14:06:26,427 [grpc-default-executor-1] INFO  impl.RoleInfo (RoleInfo.java:updateAndGet(130)) - 506c0b3d-9ac0-4842-b607-82b33d26cd3b: start 506c0b3d-9ac0-4842-b607-82b33d26cd3b@group-EA61820CF3AC-FollowerState
2022-03-01 14:06:26,427 [506c0b3d-9ac0-4842-b607-82b33d26cd3b@group-EA61820CF3AC-FollowerState] INFO  impl.FollowerState (FollowerState.java:run(143)) - 506c0b3d-9ac0-4842-b607-82b33d26cd3b@group-EA61820CF3AC-FollowerState was interrupted: {}
java.lang.InterruptedException: sleep interrupted
	at java.lang.Thread.sleep(Native Method)
	at java.lang.Thread.sleep(Thread.java:342)
	at java.util.concurrent.TimeUnit.sleep(TimeUnit.java:386)
	at org.apache.ratis.util.TimeDuration.sleep(TimeDuration.java:324)
	at org.apache.ratis.util.TimeDuration.sleep(TimeDuration.java:309)
	at org.apache.ratis.server.impl.FollowerState.run(FollowerState.java:118)
2022-03-01 14:06:26,434 [grpc-default-executor-1] INFO  server.RaftServer$Division (RaftServerImpl.java:requestVote(1078)) - 506c0b3d-9ac0-4842-b607-82b33d26cd3b@group-EA61820CF3AC replies to ELECTION vote request: 36e7f984-6260-41ad-b764-05d09d2a2d6c<-506c0b3d-9ac0-4842-b607-82b33d26cd3b#0:OK-t5. Peer's state: 506c0b3d-9ac0-4842-b607-82b33d26cd3b@group-EA61820CF3AC:t5, leader=null, voted=36e7f984-6260-41ad-b764-05d09d2a2d6c, raftlog=506c0b3d-9ac0-4842-b607-82b33d26cd3b@group-EA61820CF3AC-SegmentedRaftLog:OPENED:c-1, conf=-1: [506c0b3d-9ac0-4842-b607-82b33d26cd3b|rpc:10.1.0.24:43341|priority:0, 36e7f984-6260-41ad-b764-05d09d2a2d6c|rpc:10.1.0.24:36303|priority:0, a455f091-f590-47be-ae8a-f812834b583a|rpc:10.1.0.24:37593|priority:1], old=null
2022-03-01 14:06:26,438 [grpc-default-executor-1] INFO  server.RaftServer$Division (RaftServerImpl.java:requestVote(1046)) - a455f091-f590-47be-ae8a-f812834b583a@group-EA61820CF3AC: receive requestVote(ELECTION, 36e7f984-6260-41ad-b764-05d09d2a2d6c, group-EA61820CF3AC, 5, (t:0, i:0))
2022-03-01 14:06:26,438 [grpc-default-executor-1] INFO  impl.VoteContext (VoteContext.java:log(48)) - a455f091-f590-47be-ae8a-f812834b583a@group-EA61820CF3AC-FOLLOWER: reject ELECTION from 36e7f984-6260-41ad-b764-05d09d2a2d6c: our priority 1 > candidate's priority 0
2022-03-01 14:06:26,439 [grpc-default-executor-1] INFO  server.RaftServer$Division (RaftServerImpl.java:setRole(290)) - a455f091-f590-47be-ae8a-f812834b583a@group-EA61820CF3AC: changes role from  FOLLOWER to FOLLOWER at term 5 for candidate:36e7f984-6260-41ad-b764-05d09d2a2d6c
2022-03-01 14:06:26,439 [grpc-default-executor-1] INFO  impl.RoleInfo (RoleInfo.java:shutdownFollowerState(108)) - a455f091-f590-47be-ae8a-f812834b583a: shutdown a455f091-f590-47be-ae8a-f812834b583a@group-EA61820CF3AC-FollowerState
2022-03-01 14:06:26,439 [grpc-default-executor-1] INFO  impl.RoleInfo (RoleInfo.java:updateAndGet(130)) - a455f091-f590-47be-ae8a-f812834b583a: start a455f091-f590-47be-ae8a-f812834b583a@group-EA61820CF3AC-FollowerState
2022-03-01 14:06:26,439 [a455f091-f590-47be-ae8a-f812834b583a@group-EA61820CF3AC-FollowerState] INFO  impl.FollowerState (FollowerState.java:run(143)) - a455f091-f590-47be-ae8a-f812834b583a@group-EA61820CF3AC-FollowerState was interrupted: {}
java.lang.InterruptedException: sleep interrupted
	at java.lang.Thread.sleep(Native Method)
	at java.lang.Thread.sleep(Thread.java:342)
	at java.util.concurrent.TimeUnit.sleep(TimeUnit.java:386)
	at org.apache.ratis.util.TimeDuration.sleep(TimeDuration.java:324)
	at org.apache.ratis.util.TimeDuration.sleep(TimeDuration.java:309)
	at org.apache.ratis.server.impl.FollowerState.run(FollowerState.java:118)
2022-03-01 14:06:26,442 [grpc-default-executor-1] INFO  server.RaftServer$Division (RaftServerImpl.java:requestVote(1078)) - a455f091-f590-47be-ae8a-f812834b583a@group-EA61820CF3AC replies to ELECTION vote request: 36e7f984-6260-41ad-b764-05d09d2a2d6c<-a455f091-f590-47be-ae8a-f812834b583a#0:FAIL-t5. Peer's state: a455f091-f590-47be-ae8a-f812834b583a@group-EA61820CF3AC:t5, leader=null, voted=null, raftlog=a455f091-f590-47be-ae8a-f812834b583a@group-EA61820CF3AC-SegmentedRaftLog:OPENED:c-1, conf=-1: [506c0b3d-9ac0-4842-b607-82b33d26cd3b|rpc:10.1.0.24:43341|priority:0, 36e7f984-6260-41ad-b764-05d09d2a2d6c|rpc:10.1.0.24:36303|priority:0, a455f091-f590-47be-ae8a-f812834b583a|rpc:10.1.0.24:37593|priority:1], old=null
2022-03-01 14:06:26,444 [36e7f984-6260-41ad-b764-05d09d2a2d6c@group-EA61820CF3AC-LeaderElection17] INFO  impl.LeaderElection (LeaderElection.java:logAndReturn(89)) - 36e7f984-6260-41ad-b764-05d09d2a2d6c@group-EA61820CF3AC-LeaderElection17: ELECTION REJECTED received 2 response(s) and 0 exception(s):
2022-03-01 14:06:26,444 [36e7f984-6260-41ad-b764-05d09d2a2d6c@group-EA61820CF3AC-LeaderElection17] INFO  impl.LeaderElection (LeaderElection.java:logAndReturn(93)) -   Response 0: 36e7f984-6260-41ad-b764-05d09d2a2d6c<-506c0b3d-9ac0-4842-b607-82b33d26cd3b#0:OK-t5
2022-03-01 14:06:26,444 [36e7f984-6260-41ad-b764-05d09d2a2d6c@group-EA61820CF3AC-LeaderElection17] INFO  impl.LeaderElection (LeaderElection.java:logAndReturn(93)) -   Response 1: 36e7f984-6260-41ad-b764-05d09d2a2d6c<-a455f091-f590-47be-ae8a-f812834b583a#0:FAIL-t5
2022-03-01 14:06:26,444 [36e7f984-6260-41ad-b764-05d09d2a2d6c@group-EA61820CF3AC-LeaderElection17] INFO  impl.LeaderElection (LeaderElection.java:askForVotes(308)) - 36e7f984-6260-41ad-b764-05d09d2a2d6c@group-EA61820CF3AC-LeaderElection17 ELECTION round 0: result REJECTED
2022-03-01 14:06:26,444 [36e7f984-6260-41ad-b764-05d09d2a2d6c@group-EA61820CF3AC-LeaderElection17] INFO  server.RaftServer$Division (RaftServerImpl.java:setRole(290)) - 36e7f984-6260-41ad-b764-05d09d2a2d6c@group-EA61820CF3AC: changes role from CANDIDATE to FOLLOWER at term 5 for REJECTED
2022-03-01 14:06:26,444 [36e7f984-6260-41ad-b764-05d09d2a2d6c@group-EA61820CF3AC-LeaderElection17] INFO  impl.RoleInfo (RoleInfo.java:shutdownLeaderElection(121)) - 36e7f984-6260-41ad-b764-05d09d2a2d6c: shutdown 36e7f984-6260-41ad-b764-05d09d2a2d6c@group-EA61820CF3AC-LeaderElection17
2022-03-01 14:06:26,444 [36e7f984-6260-41ad-b764-05d09d2a2d6c@group-EA61820CF3AC-LeaderElection17] INFO  impl.RoleInfo (RoleInfo.java:updateAndGet(130)) - 36e7f984-6260-41ad-b764-05d09d2a2d6c: start 36e7f984-6260-41ad-b764-05d09d2a2d6c@group-EA61820CF3AC-FollowerState
2022-03-01 14:06:31,082 [Listener at 127.0.0.1/38117] INFO  ozoneimpl.OzoneContainer (OzoneContainer.java:stop(356)) - Attempting to stop container services.
2022-03-01 14:06:31,083 [ForkJoinPool.commonPool-worker-0] INFO  ozoneimpl.OzoneContainer (OzoneContainer.java:stop(356)) - Attempting to stop container services.
2022-03-01 14:06:31,083 [ForkJoinPool.commonPool-worker-0] INFO  server.RaftServer (RaftServerProxy.java:lambda$close$6(391)) - 506c0b3d-9ac0-4842-b607-82b33d26cd3b: close
2022-03-01 14:06:31,084 [ForkJoinPool.commonPool-worker-0] INFO  server.RaftServer$Division (RaftServerImpl.java:lambda$close$4(412)) - 506c0b3d-9ac0-4842-b607-82b33d26cd3b@group-EA61820CF3AC: shutdown
2022-03-01 14:06:31,084 [ForkJoinPool.commonPool-worker-0] INFO  util.JmxRegister (JmxRegister.java:unregister(73)) - Successfully un-registered JMX Bean with object name Ratis:service=RaftServer,group=group-EA61820CF3AC,id=506c0b3d-9ac0-4842-b607-82b33d26cd3b
2022-03-01 14:06:31,084 [ForkJoinPool.commonPool-worker-0] INFO  impl.RoleInfo (RoleInfo.java:shutdownFollowerState(108)) - 506c0b3d-9ac0-4842-b607-82b33d26cd3b: shutdown 506c0b3d-9ac0-4842-b607-82b33d26cd3b@group-EA61820CF3AC-FollowerState
2022-03-01 14:06:31,084 [ForkJoinPool.commonPool-worker-0] INFO  impl.StateMachineUpdater (StateMachineUpdater.java:stopAndJoin(149)) - 506c0b3d-9ac0-4842-b607-82b33d26cd3b@group-EA61820CF3AC-StateMachineUpdater: set stopIndex = -1
2022-03-01 14:06:31,084 [506c0b3d-9ac0-4842-b607-82b33d26cd3b@group-EA61820CF3AC-FollowerState] INFO  impl.FollowerState (FollowerState.java:run(143)) - 506c0b3d-9ac0-4842-b607-82b33d26cd3b@group-EA61820CF3AC-FollowerState was interrupted: {}
java.lang.InterruptedException: sleep interrupted
	at java.lang.Thread.sleep(Native Method)
	at java.lang.Thread.sleep(Thread.java:342)
	at java.util.concurrent.TimeUnit.sleep(TimeUnit.java:386)
	at org.apache.ratis.util.TimeDuration.sleep(TimeDuration.java:324)
	at org.apache.ratis.util.TimeDuration.sleep(TimeDuration.java:309)
	at org.apache.ratis.server.impl.FollowerState.run(FollowerState.java:118)
2022-03-01 14:06:31,084 [ForkJoinPool.commonPool-worker-0] INFO  server.RaftServer$Division (ServerState.java:close(419)) - 506c0b3d-9ac0-4842-b607-82b33d26cd3b@group-EA61820CF3AC: closes. applyIndex: -1
2022-03-01 14:06:31,085 [506c0b3d-9ac0-4842-b607-82b33d26cd3b@group-EA61820CF3AC-SegmentedRaftLogWorker] INFO  segmented.SegmentedRaftLogWorker (SegmentedRaftLogWorker.java:run(327)) - 506c0b3d-9ac0-4842-b607-82b33d26cd3b@group-EA61820CF3AC-SegmentedRaftLogWorker was interrupted, exiting. There are 0 tasks remaining in the queue.
2022-03-01 14:06:31,085 [Listener at 127.0.0.1/38117] INFO  server.RaftServer (RaftServerProxy.java:lambda$close$6(391)) - a455f091-f590-47be-ae8a-f812834b583a: close
2022-03-01 14:06:31,086 [Listener at 127.0.0.1/38117] INFO  server.RaftServer$Division (RaftServerImpl.java:lambda$close$4(412)) - a455f091-f590-47be-ae8a-f812834b583a@group-EA61820CF3AC: shutdown
2022-03-01 14:06:31,086 [Listener at 127.0.0.1/38117] INFO  util.JmxRegister (JmxRegister.java:unregister(73)) - Successfully un-registered JMX Bean with object name Ratis:service=RaftServer,group=group-EA61820CF3AC,id=a455f091-f590-47be-ae8a-f812834b583a
2022-03-01 14:06:31,086 [Listener at 127.0.0.1/38117] INFO  impl.RoleInfo (RoleInfo.java:shutdownFollowerState(108)) - a455f091-f590-47be-ae8a-f812834b583a: shutdown a455f091-f590-47be-ae8a-f812834b583a@group-EA61820CF3AC-FollowerState
2022-03-01 14:06:31,086 [Listener at 127.0.0.1/38117] INFO  impl.StateMachineUpdater (StateMachineUpdater.java:stopAndJoin(149)) - a455f091-f590-47be-ae8a-f812834b583a@group-EA61820CF3AC-StateMachineUpdater: set stopIndex = -1
2022-03-01 14:06:31,086 [ForkJoinPool.commonPool-worker-0] INFO  segmented.SegmentedRaftLogWorker (SegmentedRaftLogWorker.java:close(237)) - 506c0b3d-9ac0-4842-b607-82b33d26cd3b@group-EA61820CF3AC-SegmentedRaftLogWorker close()
2022-03-01 14:06:31,086 [a455f091-f590-47be-ae8a-f812834b583a@group-EA61820CF3AC-FollowerState] INFO  impl.FollowerState (FollowerState.java:run(143)) - a455f091-f590-47be-ae8a-f812834b583a@group-EA61820CF3AC-FollowerState was interrupted: {}
java.lang.InterruptedException: sleep interrupted
	at java.lang.Thread.sleep(Native Method)
	at java.lang.Thread.sleep(Thread.java:342)
	at java.util.concurrent.TimeUnit.sleep(TimeUnit.java:386)
	at org.apache.ratis.util.TimeDuration.sleep(TimeDuration.java:324)
	at org.apache.ratis.util.TimeDuration.sleep(TimeDuration.java:309)
	at org.apache.ratis.server.impl.FollowerState.run(FollowerState.java:118)
2022-03-01 14:06:31,086 [Listener at 127.0.0.1/38117] INFO  server.RaftServer$Division (ServerState.java:close(419)) - a455f091-f590-47be-ae8a-f812834b583a@group-EA61820CF3AC: closes. applyIndex: -1
2022-03-01 14:06:31,089 [ForkJoinPool.commonPool-worker-0] INFO  server.RaftServer$Division (RaftServerImpl.java:lambda$close$4(412)) - 506c0b3d-9ac0-4842-b607-82b33d26cd3b@group-A756D44921D4: shutdown
2022-03-01 14:06:31,089 [ForkJoinPool.commonPool-worker-0] INFO  util.JmxRegister (JmxRegister.java:unregister(73)) - Successfully un-registered JMX Bean with object name Ratis:service=RaftServer,group=group-A756D44921D4,id=506c0b3d-9ac0-4842-b607-82b33d26cd3b
2022-03-01 14:06:31,089 [ForkJoinPool.commonPool-worker-0] INFO  impl.RoleInfo (RoleInfo.java:shutdownLeaderState(91)) - 506c0b3d-9ac0-4842-b607-82b33d26cd3b: shutdown 506c0b3d-9ac0-4842-b607-82b33d26cd3b@group-A756D44921D4-LeaderStateImpl
2022-03-01 14:06:31,089 [a455f091-f590-47be-ae8a-f812834b583a@group-EA61820CF3AC-SegmentedRaftLogWorker] INFO  segmented.SegmentedRaftLogWorker (SegmentedRaftLogWorker.java:run(327)) - a455f091-f590-47be-ae8a-f812834b583a@group-EA61820CF3AC-SegmentedRaftLogWorker was interrupted, exiting. There are 0 tasks remaining in the queue.
2022-03-01 14:06:31,090 [506c0b3d-9ac0-4842-b607-82b33d26cd3b@group-A756D44921D4->a455f091-f590-47be-ae8a-f812834b583a-GrpcLogAppender-LogAppenderDaemon] WARN  server.GrpcLogAppender (GrpcLogAppender.java:mayWait(177)) - 506c0b3d-9ac0-4842-b607-82b33d26cd3b@group-A756D44921D4->a455f091-f590-47be-ae8a-f812834b583a-GrpcLogAppender: Wait interrupted by java.lang.InterruptedException
2022-03-01 14:06:31,092 [ForkJoinPool.commonPool-worker-0] INFO  impl.PendingRequests (PendingRequests.java:sendNotLeaderResponses(282)) - 506c0b3d-9ac0-4842-b607-82b33d26cd3b@group-A756D44921D4-PendingRequests: sendNotLeaderResponses
2022-03-01 14:06:31,093 [Listener at 127.0.0.1/38117] INFO  segmented.SegmentedRaftLogWorker (SegmentedRaftLogWorker.java:close(237)) - a455f091-f590-47be-ae8a-f812834b583a@group-EA61820CF3AC-SegmentedRaftLogWorker close()
2022-03-01 14:06:31,092 [506c0b3d-9ac0-4842-b607-82b33d26cd3b@group-A756D44921D4->36e7f984-6260-41ad-b764-05d09d2a2d6c-GrpcLogAppender-LogAppenderDaemon] WARN  server.GrpcLogAppender (GrpcLogAppender.java:mayWait(177)) - 506c0b3d-9ac0-4842-b607-82b33d26cd3b@group-A756D44921D4->36e7f984-6260-41ad-b764-05d09d2a2d6c-GrpcLogAppender: Wait interrupted by java.lang.InterruptedException
2022-03-01 14:06:31,092 [grpc-default-executor-1] INFO  server.GrpcServerProtocolService (GrpcServerProtocolService.java:onCompleted(140)) - a455f091-f590-47be-ae8a-f812834b583a: Completed APPEND_ENTRIES, lastRequest: 506c0b3d-9ac0-4842-b607-82b33d26cd3b->a455f091-f590-47be-ae8a-f812834b583a#410-t4,previous=(t:4, i:28),leaderCommit=27,initializing? true,entries: size=1, first=(t:4, i:29), METADATAENTRY(c:27)
2022-03-01 14:06:31,095 [grpc-default-executor-1] INFO  server.GrpcServerProtocolService (GrpcServerProtocolService.java:onCompleted(140)) - 36e7f984-6260-41ad-b764-05d09d2a2d6c: Completed APPEND_ENTRIES, lastRequest: 506c0b3d-9ac0-4842-b607-82b33d26cd3b->36e7f984-6260-41ad-b764-05d09d2a2d6c#417-t4,previous=(t:4, i:28),leaderCommit=27,initializing? true,entries: size=1, first=(t:4, i:29), METADATAENTRY(c:27)
2022-03-01 14:06:31,095 [grpc-default-executor-2] INFO  server.GrpcLogAppender (GrpcLogAppender.java:onCompleted(346)) - 506c0b3d-9ac0-4842-b607-82b33d26cd3b@group-A756D44921D4->a455f091-f590-47be-ae8a-f812834b583a-AppendLogResponseHandler: follower responses appendEntries COMPLETED
2022-03-01 14:06:31,098 [grpc-default-executor-2] INFO  leader.FollowerInfo (FollowerInfoImpl.java:lambda$new$0(47)) - 506c0b3d-9ac0-4842-b607-82b33d26cd3b@group-A756D44921D4->a455f091-f590-47be-ae8a-f812834b583a: nextIndex: updateUnconditionally 30 -> 29
2022-03-01 14:06:31,100 [Listener at 127.0.0.1/38117] INFO  server.RaftServer$Division (RaftServerImpl.java:lambda$close$4(412)) - a455f091-f590-47be-ae8a-f812834b583a@group-A756D44921D4: shutdown
2022-03-01 14:06:31,098 [grpc-default-executor-0] INFO  server.GrpcLogAppender (GrpcLogAppender.java:onCompleted(346)) - 506c0b3d-9ac0-4842-b607-82b33d26cd3b@group-A756D44921D4->36e7f984-6260-41ad-b764-05d09d2a2d6c-AppendLogResponseHandler: follower responses appendEntries COMPLETED
2022-03-01 14:06:31,100 [grpc-default-executor-0] INFO  leader.FollowerInfo (FollowerInfoImpl.java:lambda$new$0(47)) - 506c0b3d-9ac0-4842-b607-82b33d26cd3b@group-A756D44921D4->36e7f984-6260-41ad-b764-05d09d2a2d6c: nextIndex: updateUnconditionally 30 -> 29
2022-03-01 14:06:31,100 [Listener at 127.0.0.1/38117] INFO  util.JmxRegister (JmxRegister.java:unregister(73)) - Successfully un-registered JMX Bean with object name Ratis:service=RaftServer,group=group-A756D44921D4,id=a455f091-f590-47be-ae8a-f812834b583a
2022-03-01 14:06:31,101 [Listener at 127.0.0.1/38117] INFO  impl.RoleInfo (RoleInfo.java:shutdownFollowerState(108)) - a455f091-f590-47be-ae8a-f812834b583a: shutdown a455f091-f590-47be-ae8a-f812834b583a@group-A756D44921D4-FollowerState
2022-03-01 14:06:31,101 [a455f091-f590-47be-ae8a-f812834b583a@group-A756D44921D4-FollowerState] INFO  impl.FollowerState (FollowerState.java:run(143)) - a455f091-f590-47be-ae8a-f812834b583a@group-A756D44921D4-FollowerState was interrupted: {}
java.lang.InterruptedException: sleep interrupted
	at java.lang.Thread.sleep(Native Method)
	at java.lang.Thread.sleep(Thread.java:342)
	at java.util.concurrent.TimeUnit.sleep(TimeUnit.java:386)
	at org.apache.ratis.util.TimeDuration.sleep(TimeDuration.java:324)
	at org.apache.ratis.util.TimeDuration.sleep(TimeDuration.java:309)
	at org.apache.ratis.server.impl.FollowerState.run(FollowerState.java:118)
2022-03-01 14:06:31,102 [a455f091-f590-47be-ae8a-f812834b583a@group-A756D44921D4-StateMachineUpdater] INFO  ratis.ContainerStateMachine (ContainerStateMachine.java:takeSnapshot(304)) - group-A756D44921D4: Taking a snapshot at:(t:4, i:29) file /home/runner/work/ozone/ozone/hadoop-ozone/integration-test/target/test-dir/MiniOzoneClusterImpl-437fcdba-95cf-4107-9279-a6736fbea304/datanode-1/data/ratis/ca35a985-14d9-432d-ab6e-a756d44921d4/sm/snapshot.4_29
2022-03-01 14:06:31,102 [ForkJoinPool.commonPool-worker-0] INFO  impl.StateMachineUpdater (StateMachineUpdater.java:stopAndJoin(149)) - 506c0b3d-9ac0-4842-b607-82b33d26cd3b@group-A756D44921D4-StateMachineUpdater: set stopIndex = 29
2022-03-01 14:06:31,105 [506c0b3d-9ac0-4842-b607-82b33d26cd3b@group-A756D44921D4-StateMachineUpdater] INFO  ratis.ContainerStateMachine (ContainerStateMachine.java:takeSnapshot(304)) - group-A756D44921D4: Taking a snapshot at:(t:4, i:29) file /home/runner/work/ozone/ozone/hadoop-ozone/integration-test/target/test-dir/MiniOzoneClusterImpl-437fcdba-95cf-4107-9279-a6736fbea304/datanode-0/data/ratis/ca35a985-14d9-432d-ab6e-a756d44921d4/sm/snapshot.4_29
2022-03-01 14:06:31,110 [Listener at 127.0.0.1/38117] INFO  impl.StateMachineUpdater (StateMachineUpdater.java:stopAndJoin(149)) - a455f091-f590-47be-ae8a-f812834b583a@group-A756D44921D4-StateMachineUpdater: set stopIndex = 29
2022-03-01 14:06:31,149 [506c0b3d-9ac0-4842-b607-82b33d26cd3b@group-A756D44921D4-StateMachineUpdater] INFO  ratis.ContainerStateMachine (ContainerStateMachine.java:takeSnapshot(315)) - group-A756D44921D4: Finished taking a snapshot at:(t:4, i:29) file:/home/runner/work/ozone/ozone/hadoop-ozone/integration-test/target/test-dir/MiniOzoneClusterImpl-437fcdba-95cf-4107-9279-a6736fbea304/datanode-0/data/ratis/ca35a985-14d9-432d-ab6e-a756d44921d4/sm/snapshot.4_29 took: 45 ms
2022-03-01 14:06:31,149 [a455f091-f590-47be-ae8a-f812834b583a@group-A756D44921D4-StateMachineUpdater] INFO  ratis.ContainerStateMachine (ContainerStateMachine.java:takeSnapshot(315)) - group-A756D44921D4: Finished taking a snapshot at:(t:4, i:29) file:/home/runner/work/ozone/ozone/hadoop-ozone/integration-test/target/test-dir/MiniOzoneClusterImpl-437fcdba-95cf-4107-9279-a6736fbea304/datanode-1/data/ratis/ca35a985-14d9-432d-ab6e-a756d44921d4/sm/snapshot.4_29 took: 47 ms
2022-03-01 14:06:31,155 [506c0b3d-9ac0-4842-b607-82b33d26cd3b@group-A756D44921D4-StateMachineUpdater] INFO  impl.StateMachineUpdater (StateMachineUpdater.java:takeSnapshot(281)) - 506c0b3d-9ac0-4842-b607-82b33d26cd3b@group-A756D44921D4-StateMachineUpdater: Took a snapshot at index 29
2022-03-01 14:06:31,155 [506c0b3d-9ac0-4842-b607-82b33d26cd3b@group-A756D44921D4-StateMachineUpdater] INFO  impl.StateMachineUpdater (StateMachineUpdater.java:lambda$new$0(89)) - 506c0b3d-9ac0-4842-b607-82b33d26cd3b@group-A756D44921D4-StateMachineUpdater: snapshotIndex: updateIncreasingly -1 -> 29
2022-03-01 14:06:31,155 [a455f091-f590-47be-ae8a-f812834b583a@group-A756D44921D4-StateMachineUpdater] INFO  impl.StateMachineUpdater (StateMachineUpdater.java:takeSnapshot(281)) - a455f091-f590-47be-ae8a-f812834b583a@group-A756D44921D4-StateMachineUpdater: Took a snapshot at index 29
2022-03-01 14:06:31,155 [a455f091-f590-47be-ae8a-f812834b583a@group-A756D44921D4-StateMachineUpdater] INFO  impl.StateMachineUpdater (StateMachineUpdater.java:lambda$new$0(89)) - a455f091-f590-47be-ae8a-f812834b583a@group-A756D44921D4-StateMachineUpdater: snapshotIndex: updateIncreasingly -1 -> 29
2022-03-01 14:06:31,156 [ForkJoinPool.commonPool-worker-0] INFO  server.RaftServer$Division (ServerState.java:close(419)) - 506c0b3d-9ac0-4842-b607-82b33d26cd3b@group-A756D44921D4: closes. applyIndex: 29
2022-03-01 14:06:31,157 [Listener at 127.0.0.1/38117] INFO  server.RaftServer$Division (ServerState.java:close(419)) - a455f091-f590-47be-ae8a-f812834b583a@group-A756D44921D4: closes. applyIndex: 29
2022-03-01 14:06:31,157 [a455f091-f590-47be-ae8a-f812834b583a@group-A756D44921D4-SegmentedRaftLogWorker] INFO  segmented.SegmentedRaftLogWorker (SegmentedRaftLogWorker.java:run(327)) - a455f091-f590-47be-ae8a-f812834b583a@group-A756D44921D4-SegmentedRaftLogWorker was interrupted, exiting. There are 0 tasks remaining in the queue.
2022-03-01 14:06:31,157 [506c0b3d-9ac0-4842-b607-82b33d26cd3b@group-A756D44921D4-SegmentedRaftLogWorker] INFO  segmented.SegmentedRaftLogWorker (SegmentedRaftLogWorker.java:run(327)) - 506c0b3d-9ac0-4842-b607-82b33d26cd3b@group-A756D44921D4-SegmentedRaftLogWorker was interrupted, exiting. There are 0 tasks remaining in the queue.
2022-03-01 14:06:31,159 [Listener at 127.0.0.1/38117] INFO  segmented.SegmentedRaftLogWorker (SegmentedRaftLogWorker.java:close(237)) - a455f091-f590-47be-ae8a-f812834b583a@group-A756D44921D4-SegmentedRaftLogWorker close()
2022-03-01 14:06:31,160 [ForkJoinPool.commonPool-worker-0] INFO  segmented.SegmentedRaftLogWorker (SegmentedRaftLogWorker.java:close(237)) - 506c0b3d-9ac0-4842-b607-82b33d26cd3b@group-A756D44921D4-SegmentedRaftLogWorker close()
2022-03-01 14:06:31,162 [Listener at 127.0.0.1/38117] INFO  server.RaftServer$Division (RaftServerImpl.java:lambda$close$4(412)) - a455f091-f590-47be-ae8a-f812834b583a@group-FC5DD98B9396: shutdown
2022-03-01 14:06:31,162 [Listener at 127.0.0.1/38117] INFO  util.JmxRegister (JmxRegister.java:unregister(73)) - Successfully un-registered JMX Bean with object name Ratis:service=RaftServer,group=group-FC5DD98B9396,id=a455f091-f590-47be-ae8a-f812834b583a
2022-03-01 14:06:31,162 [Listener at 127.0.0.1/38117] INFO  impl.RoleInfo (RoleInfo.java:shutdownLeaderState(91)) - a455f091-f590-47be-ae8a-f812834b583a: shutdown a455f091-f590-47be-ae8a-f812834b583a@group-FC5DD98B9396-LeaderStateImpl
2022-03-01 14:06:31,163 [Listener at 127.0.0.1/38117] INFO  impl.PendingRequests (PendingRequests.java:sendNotLeaderResponses(282)) - a455f091-f590-47be-ae8a-f812834b583a@group-FC5DD98B9396-PendingRequests: sendNotLeaderResponses
2022-03-01 14:06:31,163 [Listener at 127.0.0.1/38117] INFO  impl.StateMachineUpdater (StateMachineUpdater.java:stopAndJoin(149)) - a455f091-f590-47be-ae8a-f812834b583a@group-FC5DD98B9396-StateMachineUpdater: set stopIndex = 0
2022-03-01 14:06:31,163 [a455f091-f590-47be-ae8a-f812834b583a@group-FC5DD98B9396-StateMachineUpdater] INFO  ratis.ContainerStateMachine (ContainerStateMachine.java:takeSnapshot(304)) - group-FC5DD98B9396: Taking a snapshot at:(t:1, i:0) file /home/runner/work/ozone/ozone/hadoop-ozone/integration-test/target/test-dir/MiniOzoneClusterImpl-437fcdba-95cf-4107-9279-a6736fbea304/datanode-1/data/ratis/52b91e32-f8b0-4bc3-b8fa-fc5dd98b9396/sm/snapshot.1_0
2022-03-01 14:06:31,163 [ForkJoinPool.commonPool-worker-0] INFO  server.RaftServer$Division (RaftServerImpl.java:lambda$close$4(412)) - 506c0b3d-9ac0-4842-b607-82b33d26cd3b@group-0BFC321C76CF: shutdown
2022-03-01 14:06:31,163 [ForkJoinPool.commonPool-worker-0] INFO  util.JmxRegister (JmxRegister.java:unregister(73)) - Successfully un-registered JMX Bean with object name Ratis:service=RaftServer,group=group-0BFC321C76CF,id=506c0b3d-9ac0-4842-b607-82b33d26cd3b
2022-03-01 14:06:31,163 [ForkJoinPool.commonPool-worker-0] INFO  impl.RoleInfo (RoleInfo.java:shutdownLeaderState(91)) - 506c0b3d-9ac0-4842-b607-82b33d26cd3b: shutdown 506c0b3d-9ac0-4842-b607-82b33d26cd3b@group-0BFC321C76CF-LeaderStateImpl
2022-03-01 14:06:31,164 [ForkJoinPool.commonPool-worker-0] INFO  impl.PendingRequests (PendingRequests.java:sendNotLeaderResponses(282)) - 506c0b3d-9ac0-4842-b607-82b33d26cd3b@group-0BFC321C76CF-PendingRequests: sendNotLeaderResponses
2022-03-01 14:06:31,164 [ForkJoinPool.commonPool-worker-0] INFO  impl.StateMachineUpdater (StateMachineUpdater.java:stopAndJoin(149)) - 506c0b3d-9ac0-4842-b607-82b33d26cd3b@group-0BFC321C76CF-StateMachineUpdater: set stopIndex = 0
2022-03-01 14:06:31,164 [506c0b3d-9ac0-4842-b607-82b33d26cd3b@group-0BFC321C76CF-StateMachineUpdater] INFO  ratis.ContainerStateMachine (ContainerStateMachine.java:takeSnapshot(304)) - group-0BFC321C76CF: Taking a snapshot at:(t:1, i:0) file /home/runner/work/ozone/ozone/hadoop-ozone/integration-test/target/test-dir/MiniOzoneClusterImpl-437fcdba-95cf-4107-9279-a6736fbea304/datanode-0/data/ratis/b6d509e1-320a-43c2-b226-0bfc321c76cf/sm/snapshot.1_0
2022-03-01 14:06:31,165 [a455f091-f590-47be-ae8a-f812834b583a@group-FC5DD98B9396-StateMachineUpdater] INFO  ratis.ContainerStateMachine (ContainerStateMachine.java:takeSnapshot(315)) - group-FC5DD98B9396: Finished taking a snapshot at:(t:1, i:0) file:/home/runner/work/ozone/ozone/hadoop-ozone/integration-test/target/test-dir/MiniOzoneClusterImpl-437fcdba-95cf-4107-9279-a6736fbea304/datanode-1/data/ratis/52b91e32-f8b0-4bc3-b8fa-fc5dd98b9396/sm/snapshot.1_0 took: 2 ms
2022-03-01 14:06:31,165 [a455f091-f590-47be-ae8a-f812834b583a@group-FC5DD98B9396-StateMachineUpdater] INFO  impl.StateMachineUpdater (StateMachineUpdater.java:takeSnapshot(281)) - a455f091-f590-47be-ae8a-f812834b583a@group-FC5DD98B9396-StateMachineUpdater: Took a snapshot at index 0
2022-03-01 14:06:31,165 [a455f091-f590-47be-ae8a-f812834b583a@group-FC5DD98B9396-StateMachineUpdater] INFO  impl.StateMachineUpdater (StateMachineUpdater.java:lambda$new$0(89)) - a455f091-f590-47be-ae8a-f812834b583a@group-FC5DD98B9396-StateMachineUpdater: snapshotIndex: updateIncreasingly -1 -> 0
2022-03-01 14:06:31,165 [506c0b3d-9ac0-4842-b607-82b33d26cd3b@group-0BFC321C76CF-StateMachineUpdater] INFO  ratis.ContainerStateMachine (ContainerStateMachine.java:takeSnapshot(315)) - group-0BFC321C76CF: Finished taking a snapshot at:(t:1, i:0) file:/home/runner/work/ozone/ozone/hadoop-ozone/integration-test/target/test-dir/MiniOzoneClusterImpl-437fcdba-95cf-4107-9279-a6736fbea304/datanode-0/data/ratis/b6d509e1-320a-43c2-b226-0bfc321c76cf/sm/snapshot.1_0 took: 1 ms
2022-03-01 14:06:31,165 [506c0b3d-9ac0-4842-b607-82b33d26cd3b@group-0BFC321C76CF-StateMachineUpdater] INFO  impl.StateMachineUpdater (StateMachineUpdater.java:takeSnapshot(281)) - 506c0b3d-9ac0-4842-b607-82b33d26cd3b@group-0BFC321C76CF-StateMachineUpdater: Took a snapshot at index 0
2022-03-01 14:06:31,165 [506c0b3d-9ac0-4842-b607-82b33d26cd3b@group-0BFC321C76CF-StateMachineUpdater] INFO  impl.StateMachineUpdater (StateMachineUpdater.java:lambda$new$0(89)) - 506c0b3d-9ac0-4842-b607-82b33d26cd3b@group-0BFC321C76CF-StateMachineUpdater: snapshotIndex: updateIncreasingly -1 -> 0
2022-03-01 14:06:31,166 [ForkJoinPool.commonPool-worker-0] INFO  server.RaftServer$Division (ServerState.java:close(419)) - 506c0b3d-9ac0-4842-b607-82b33d26cd3b@group-0BFC321C76CF: closes. applyIndex: 0
2022-03-01 14:06:31,166 [Listener at 127.0.0.1/38117] INFO  server.RaftServer$Division (ServerState.java:close(419)) - a455f091-f590-47be-ae8a-f812834b583a@group-FC5DD98B9396: closes. applyIndex: 0
2022-03-01 14:06:31,166 [506c0b3d-9ac0-4842-b607-82b33d26cd3b@group-0BFC321C76CF-SegmentedRaftLogWorker] INFO  segmented.SegmentedRaftLogWorker (SegmentedRaftLogWorker.java:run(327)) - 506c0b3d-9ac0-4842-b607-82b33d26cd3b@group-0BFC321C76CF-SegmentedRaftLogWorker was interrupted, exiting. There are 0 tasks remaining in the queue.
2022-03-01 14:06:31,166 [a455f091-f590-47be-ae8a-f812834b583a@group-FC5DD98B9396-SegmentedRaftLogWorker] INFO  segmented.SegmentedRaftLogWorker (SegmentedRaftLogWorker.java:run(327)) - a455f091-f590-47be-ae8a-f812834b583a@group-FC5DD98B9396-SegmentedRaftLogWorker was interrupted, exiting. There are 0 tasks remaining in the queue.
2022-03-01 14:06:31,166 [ForkJoinPool.commonPool-worker-0] INFO  segmented.SegmentedRaftLogWorker (SegmentedRaftLogWorker.java:close(237)) - 506c0b3d-9ac0-4842-b607-82b33d26cd3b@group-0BFC321C76CF-SegmentedRaftLogWorker close()
2022-03-01 14:06:31,166 [Listener at 127.0.0.1/38117] INFO  segmented.SegmentedRaftLogWorker (SegmentedRaftLogWorker.java:close(237)) - a455f091-f590-47be-ae8a-f812834b583a@group-FC5DD98B9396-SegmentedRaftLogWorker close()
2022-03-01 14:06:31,167 [ForkJoinPool.commonPool-worker-0] INFO  server.GrpcService (GrpcService.java:closeImpl(262)) - 506c0b3d-9ac0-4842-b607-82b33d26cd3b: shutdown server with port 43341 now
2022-03-01 14:06:31,174 [Listener at 127.0.0.1/38117] INFO  server.GrpcService (GrpcService.java:closeImpl(262)) - a455f091-f590-47be-ae8a-f812834b583a: shutdown server with port 37593 now
2022-03-01 14:06:31,218 [grpc-default-executor-1] WARN  client.GrpcClientProtocolService (LogUtils.java:warn(122)) - 2-UnorderedRequestStreamObserver2: onError: org.apache.ratis.thirdparty.io.grpc.StatusRuntimeException: CANCELLED: client cancelled
2022-03-01 14:06:31,225 [ForkJoinPool.commonPool-worker-0] INFO  server.GrpcService (GrpcService.java:closeImpl(271)) - 506c0b3d-9ac0-4842-b607-82b33d26cd3b: shutdown server with port 43341 successfully
2022-03-01 14:06:31,225 [org.apache.ratis.util.JvmPauseMonitor$$Lambda$421/1299661385@1df8f7ed] INFO  util.JvmPauseMonitor (JvmPauseMonitor.java:run(109)) - JvmPauseMonitor-506c0b3d-9ac0-4842-b607-82b33d26cd3b: Stopped
2022-03-01 14:06:31,227 [Listener at 127.0.0.1/38117] INFO  server.GrpcService (GrpcService.java:closeImpl(271)) - a455f091-f590-47be-ae8a-f812834b583a: shutdown server with port 37593 successfully
2022-03-01 14:06:31,228 [org.apache.ratis.util.JvmPauseMonitor$$Lambda$421/1299661385@233e9bba] INFO  util.JvmPauseMonitor (JvmPauseMonitor.java:run(109)) - JvmPauseMonitor-a455f091-f590-47be-ae8a-f812834b583a: Stopped
2022-03-01 14:06:31,628 [36e7f984-6260-41ad-b764-05d09d2a2d6c@group-EA61820CF3AC-FollowerState] INFO  impl.FollowerState (FollowerState.java:run(134)) - 36e7f984-6260-41ad-b764-05d09d2a2d6c@group-EA61820CF3AC-FollowerState: change to CANDIDATE, lastRpcElapsedTime:5183559952ns, electionTimeout:5177ms
2022-03-01 14:06:31,628 [36e7f984-6260-41ad-b764-05d09d2a2d6c@group-EA61820CF3AC-FollowerState] INFO  impl.RoleInfo (RoleInfo.java:shutdownFollowerState(108)) - 36e7f984-6260-41ad-b764-05d09d2a2d6c: shutdown 36e7f984-6260-41ad-b764-05d09d2a2d6c@group-EA61820CF3AC-FollowerState
2022-03-01 14:06:31,628 [36e7f984-6260-41ad-b764-05d09d2a2d6c@group-EA61820CF3AC-FollowerState] INFO  server.RaftServer$Division (RaftServerImpl.java:setRole(290)) - 36e7f984-6260-41ad-b764-05d09d2a2d6c@group-EA61820CF3AC: changes role from  FOLLOWER to CANDIDATE at term 5 for changeToCandidate
2022-03-01 14:06:31,628 [36e7f984-6260-41ad-b764-05d09d2a2d6c@group-EA61820CF3AC-FollowerState] INFO  server.RaftServerConfigKeys (ConfUtils.java:logGet(44)) - raft.server.leaderelection.pre-vote = false (custom)
2022-03-01 14:06:31,628 [36e7f984-6260-41ad-b764-05d09d2a2d6c@group-EA61820CF3AC-FollowerState] INFO  impl.RoleInfo (RoleInfo.java:updateAndGet(130)) - 36e7f984-6260-41ad-b764-05d09d2a2d6c: start 36e7f984-6260-41ad-b764-05d09d2a2d6c@group-EA61820CF3AC-LeaderElection18
2022-03-01 14:06:31,632 [36e7f984-6260-41ad-b764-05d09d2a2d6c@group-EA61820CF3AC-LeaderElection18] INFO  impl.LeaderElection (LeaderElection.java:askForVotes(306)) - 36e7f984-6260-41ad-b764-05d09d2a2d6c@group-EA61820CF3AC-LeaderElection18 ELECTION round 0: submit vote requests at term 6 for -1: [506c0b3d-9ac0-4842-b607-82b33d26cd3b|rpc:10.1.0.24:43341|priority:0, 36e7f984-6260-41ad-b764-05d09d2a2d6c|rpc:10.1.0.24:36303|priority:0, a455f091-f590-47be-ae8a-f812834b583a|rpc:10.1.0.24:37593|priority:1], old=null
2022-03-01 14:06:31,646 [36e7f984-6260-41ad-b764-05d09d2a2d6c@group-EA61820CF3AC-LeaderElection18] INFO  impl.LeaderElection (LogUtils.java:infoOrTrace(137)) - 36e7f984-6260-41ad-b764-05d09d2a2d6c@group-EA61820CF3AC-LeaderElection18 got exception when requesting votes: java.util.concurrent.ExecutionException: org.apache.ratis.thirdparty.io.grpc.StatusRuntimeException: UNAVAILABLE: io exception
2022-03-01 14:06:31,649 [36e7f984-6260-41ad-b764-05d09d2a2d6c@group-EA61820CF3AC-LeaderElection18] INFO  impl.LeaderElection (LogUtils.java:infoOrTrace(137)) - 36e7f984-6260-41ad-b764-05d09d2a2d6c@group-EA61820CF3AC-LeaderElection18 got exception when requesting votes: java.util.concurrent.ExecutionException: org.apache.ratis.thirdparty.io.grpc.StatusRuntimeException: UNAVAILABLE: io exception
2022-03-01 14:06:31,649 [36e7f984-6260-41ad-b764-05d09d2a2d6c@group-EA61820CF3AC-LeaderElection18] INFO  impl.LeaderElection (LeaderElection.java:logAndReturn(89)) - 36e7f984-6260-41ad-b764-05d09d2a2d6c@group-EA61820CF3AC-LeaderElection18: ELECTION REJECTED received 0 response(s) and 2 exception(s):
2022-03-01 14:06:31,649 [36e7f984-6260-41ad-b764-05d09d2a2d6c@group-EA61820CF3AC-LeaderElection18] INFO  impl.LeaderElection (LogUtils.java:infoOrTrace(137)) -   Exception 0: java.util.concurrent.ExecutionException: org.apache.ratis.thirdparty.io.grpc.StatusRuntimeException: UNAVAILABLE: io exception
2022-03-01 14:06:31,649 [36e7f984-6260-41ad-b764-05d09d2a2d6c@group-EA61820CF3AC-LeaderElection18] INFO  impl.LeaderElection (LogUtils.java:infoOrTrace(137)) -   Exception 1: java.util.concurrent.ExecutionException: org.apache.ratis.thirdparty.io.grpc.StatusRuntimeException: UNAVAILABLE: io exception
2022-03-01 14:06:31,649 [36e7f984-6260-41ad-b764-05d09d2a2d6c@group-EA61820CF3AC-LeaderElection18] INFO  impl.LeaderElection (LeaderElection.java:askForVotes(308)) - 36e7f984-6260-41ad-b764-05d09d2a2d6c@group-EA61820CF3AC-LeaderElection18 ELECTION round 0: result REJECTED
2022-03-01 14:06:31,649 [36e7f984-6260-41ad-b764-05d09d2a2d6c@group-EA61820CF3AC-LeaderElection18] INFO  server.RaftServer$Division (RaftServerImpl.java:setRole(290)) - 36e7f984-6260-41ad-b764-05d09d2a2d6c@group-EA61820CF3AC: changes role from CANDIDATE to FOLLOWER at term 6 for REJECTED
2022-03-01 14:06:31,649 [36e7f984-6260-41ad-b764-05d09d2a2d6c@group-EA61820CF3AC-LeaderElection18] INFO  impl.RoleInfo (RoleInfo.java:shutdownLeaderElection(121)) - 36e7f984-6260-41ad-b764-05d09d2a2d6c: shutdown 36e7f984-6260-41ad-b764-05d09d2a2d6c@group-EA61820CF3AC-LeaderElection18
2022-03-01 14:06:31,649 [36e7f984-6260-41ad-b764-05d09d2a2d6c@group-EA61820CF3AC-LeaderElection18] INFO  impl.RoleInfo (RoleInfo.java:updateAndGet(130)) - 36e7f984-6260-41ad-b764-05d09d2a2d6c: start 36e7f984-6260-41ad-b764-05d09d2a2d6c@group-EA61820CF3AC-FollowerState
2022-03-01 14:06:33,239 [Listener at 127.0.0.1/38117] INFO  utils.BackgroundService (BackgroundService.java:shutdown(132)) - Shutting down service BlockDeletingService
2022-03-01 14:06:33,239 [ForkJoinPool.commonPool-worker-0] INFO  utils.BackgroundService (BackgroundService.java:shutdown(132)) - Shutting down service BlockDeletingService
2022-03-01 14:06:36,242 [Listener at 127.0.0.1/38117] INFO  statemachine.DatanodeStateMachine (DatanodeStateMachine.java:stopDaemon(529)) - Ozone container server stopped.
2022-03-01 14:06:36,243 [Listener at 127.0.0.1/38117] INFO  handler.ContextHandler (ContextHandler.java:doStop(1153)) - Stopped o.e.j.w.WebAppContext@47caa1ff{hddsDatanode,/,null,STOPPED}{jar:file:/home/runner/.m2/repository/org/apache/ozone/hdds-container-service/1.3.0-SNAPSHOT/hdds-container-service-1.3.0-SNAPSHOT.jar!/webapps/hddsDatanode}
2022-03-01 14:06:36,244 [Listener at 127.0.0.1/38117] INFO  server.AbstractConnector (AbstractConnector.java:doStop(381)) - Stopped ServerConnector@30f94b64{HTTP/1.1, (http/1.1)}{0.0.0.0:0}
2022-03-01 14:06:36,244 [Listener at 127.0.0.1/38117] INFO  server.session (HouseKeeper.java:stopScavenging(149)) - node0 Stopped scavenging
2022-03-01 14:06:36,245 [Listener at 127.0.0.1/38117] INFO  handler.ContextHandler (ContextHandler.java:doStop(1153)) - Stopped o.e.j.s.ServletContextHandler@cfef34{static,/static,jar:file:/home/runner/.m2/repository/org/apache/ozone/hdds-container-service/1.3.0-SNAPSHOT/hdds-container-service-1.3.0-SNAPSHOT.jar!/webapps/static,STOPPED}
2022-03-01 14:06:36,245 [Listener at 127.0.0.1/38117] INFO  handler.ContextHandler (ContextHandler.java:doStop(1153)) - Stopped o.e.j.s.ServletContextHandler@3a103112{logs,/logs,file:///home/runner/work/ozone/ozone/hadoop-ozone/integration-test/target/log,STOPPED}
2022-03-01 14:06:36,254 [ForkJoinPool.commonPool-worker-0] INFO  statemachine.DatanodeStateMachine (DatanodeStateMachine.java:stopDaemon(529)) - Ozone container server stopped.
2022-03-01 14:06:36,256 [ForkJoinPool.commonPool-worker-0] INFO  handler.ContextHandler (ContextHandler.java:doStop(1153)) - Stopped o.e.j.w.WebAppContext@65747311{hddsDatanode,/,null,STOPPED}{jar:file:/home/runner/.m2/repository/org/apache/ozone/hdds-container-service/1.3.0-SNAPSHOT/hdds-container-service-1.3.0-SNAPSHOT.jar!/webapps/hddsDatanode}
2022-03-01 14:06:36,258 [ForkJoinPool.commonPool-worker-0] INFO  server.AbstractConnector (AbstractConnector.java:doStop(381)) - Stopped ServerConnector@b52d046{HTTP/1.1, (http/1.1)}{0.0.0.0:0}
2022-03-01 14:06:36,258 [ForkJoinPool.commonPool-worker-0] INFO  server.session (HouseKeeper.java:stopScavenging(149)) - node0 Stopped scavenging
2022-03-01 14:06:36,259 [ForkJoinPool.commonPool-worker-0] INFO  handler.ContextHandler (ContextHandler.java:doStop(1153)) - Stopped o.e.j.s.ServletContextHandler@3840b4e6{static,/static,jar:file:/home/runner/.m2/repository/org/apache/ozone/hdds-container-service/1.3.0-SNAPSHOT/hdds-container-service-1.3.0-SNAPSHOT.jar!/webapps/static,STOPPED}
2022-03-01 14:06:36,260 [ForkJoinPool.commonPool-worker-0] INFO  handler.ContextHandler (ContextHandler.java:doStop(1153)) - Stopped o.e.j.s.ServletContextHandler@5d947961{logs,/logs,file:///home/runner/work/ozone/ozone/hadoop-ozone/integration-test/target/log,STOPPED}
2022-03-01 14:06:36,836 [36e7f984-6260-41ad-b764-05d09d2a2d6c@group-EA61820CF3AC-FollowerState] INFO  impl.FollowerState (FollowerState.java:run(134)) - 36e7f984-6260-41ad-b764-05d09d2a2d6c@group-EA61820CF3AC-FollowerState: change to CANDIDATE, lastRpcElapsedTime:5186343929ns, electionTimeout:5180ms
2022-03-01 14:06:36,836 [36e7f984-6260-41ad-b764-05d09d2a2d6c@group-EA61820CF3AC-FollowerState] INFO  impl.RoleInfo (RoleInfo.java:shutdownFollowerState(108)) - 36e7f984-6260-41ad-b764-05d09d2a2d6c: shutdown 36e7f984-6260-41ad-b764-05d09d2a2d6c@group-EA61820CF3AC-FollowerState
2022-03-01 14:06:36,836 [36e7f984-6260-41ad-b764-05d09d2a2d6c@group-EA61820CF3AC-FollowerState] INFO  server.RaftServer$Division (RaftServerImpl.java:setRole(290)) - 36e7f984-6260-41ad-b764-05d09d2a2d6c@group-EA61820CF3AC: changes role from  FOLLOWER to CANDIDATE at term 6 for changeToCandidate
2022-03-01 14:06:36,836 [36e7f984-6260-41ad-b764-05d09d2a2d6c@group-EA61820CF3AC-FollowerState] INFO  server.RaftServerConfigKeys (ConfUtils.java:logGet(44)) - raft.server.leaderelection.pre-vote = false (custom)
2022-03-01 14:06:36,836 [36e7f984-6260-41ad-b764-05d09d2a2d6c@group-EA61820CF3AC-FollowerState] INFO  impl.RoleInfo (RoleInfo.java:updateAndGet(130)) - 36e7f984-6260-41ad-b764-05d09d2a2d6c: start 36e7f984-6260-41ad-b764-05d09d2a2d6c@group-EA61820CF3AC-LeaderElection19
2022-03-01 14:06:36,847 [36e7f984-6260-41ad-b764-05d09d2a2d6c@group-EA61820CF3AC-LeaderElection19] INFO  impl.LeaderElection (LeaderElection.java:askForVotes(306)) - 36e7f984-6260-41ad-b764-05d09d2a2d6c@group-EA61820CF3AC-LeaderElection19 ELECTION round 0: submit vote requests at term 7 for -1: [506c0b3d-9ac0-4842-b607-82b33d26cd3b|rpc:10.1.0.24:43341|priority:0, 36e7f984-6260-41ad-b764-05d09d2a2d6c|rpc:10.1.0.24:36303|priority:0, a455f091-f590-47be-ae8a-f812834b583a|rpc:10.1.0.24:37593|priority:1], old=null
2022-03-01 14:06:36,857 [36e7f984-6260-41ad-b764-05d09d2a2d6c@group-EA61820CF3AC-LeaderElection19] INFO  impl.LeaderElection (LogUtils.java:infoOrTrace(137)) - 36e7f984-6260-41ad-b764-05d09d2a2d6c@group-EA61820CF3AC-LeaderElection19 got exception when requesting votes: java.util.concurrent.ExecutionException: org.apache.ratis.thirdparty.io.grpc.StatusRuntimeException: UNAVAILABLE: io exception
2022-03-01 14:06:36,865 [36e7f984-6260-41ad-b764-05d09d2a2d6c@group-EA61820CF3AC-LeaderElection19] INFO  impl.LeaderElection (LogUtils.java:infoOrTrace(137)) - 36e7f984-6260-41ad-b764-05d09d2a2d6c@group-EA61820CF3AC-LeaderElection19 got exception when requesting votes: java.util.concurrent.ExecutionException: org.apache.ratis.thirdparty.io.grpc.StatusRuntimeException: UNAVAILABLE: io exception
2022-03-01 14:06:36,865 [36e7f984-6260-41ad-b764-05d09d2a2d6c@group-EA61820CF3AC-LeaderElection19] INFO  impl.LeaderElection (LeaderElection.java:logAndReturn(89)) - 36e7f984-6260-41ad-b764-05d09d2a2d6c@group-EA61820CF3AC-LeaderElection19: ELECTION REJECTED received 0 response(s) and 2 exception(s):
2022-03-01 14:06:36,865 [36e7f984-6260-41ad-b764-05d09d2a2d6c@group-EA61820CF3AC-LeaderElection19] INFO  impl.LeaderElection (LogUtils.java:infoOrTrace(137)) -   Exception 0: java.util.concurrent.ExecutionException: org.apache.ratis.thirdparty.io.grpc.StatusRuntimeException: UNAVAILABLE: io exception
2022-03-01 14:06:36,865 [36e7f984-6260-41ad-b764-05d09d2a2d6c@group-EA61820CF3AC-LeaderElection19] INFO  impl.LeaderElection (LogUtils.java:infoOrTrace(137)) -   Exception 1: java.util.concurrent.ExecutionException: org.apache.ratis.thirdparty.io.grpc.StatusRuntimeException: UNAVAILABLE: io exception
2022-03-01 14:06:36,865 [36e7f984-6260-41ad-b764-05d09d2a2d6c@group-EA61820CF3AC-LeaderElection19] INFO  impl.LeaderElection (LeaderElection.java:askForVotes(308)) - 36e7f984-6260-41ad-b764-05d09d2a2d6c@group-EA61820CF3AC-LeaderElection19 ELECTION round 0: result REJECTED
2022-03-01 14:06:36,865 [36e7f984-6260-41ad-b764-05d09d2a2d6c@group-EA61820CF3AC-LeaderElection19] INFO  server.RaftServer$Division (RaftServerImpl.java:setRole(290)) - 36e7f984-6260-41ad-b764-05d09d2a2d6c@group-EA61820CF3AC: changes role from CANDIDATE to FOLLOWER at term 7 for REJECTED
2022-03-01 14:06:36,865 [36e7f984-6260-41ad-b764-05d09d2a2d6c@group-EA61820CF3AC-LeaderElection19] INFO  impl.RoleInfo (RoleInfo.java:shutdownLeaderElection(121)) - 36e7f984-6260-41ad-b764-05d09d2a2d6c: shutdown 36e7f984-6260-41ad-b764-05d09d2a2d6c@group-EA61820CF3AC-LeaderElection19
2022-03-01 14:06:36,865 [36e7f984-6260-41ad-b764-05d09d2a2d6c@group-EA61820CF3AC-LeaderElection19] INFO  impl.RoleInfo (RoleInfo.java:updateAndGet(130)) - 36e7f984-6260-41ad-b764-05d09d2a2d6c: start 36e7f984-6260-41ad-b764-05d09d2a2d6c@group-EA61820CF3AC-FollowerState
2022-03-01 14:06:37,302 [36e7f984-6260-41ad-b764-05d09d2a2d6c@group-A756D44921D4-FollowerState] INFO  impl.FollowerState (FollowerState.java:run(134)) - 36e7f984-6260-41ad-b764-05d09d2a2d6c@group-A756D44921D4-FollowerState: change to CANDIDATE, lastRpcElapsedTime:6321690826ns, electionTimeout:5018ms
2022-03-01 14:06:37,302 [36e7f984-6260-41ad-b764-05d09d2a2d6c@group-A756D44921D4-FollowerState] INFO  impl.RoleInfo (RoleInfo.java:shutdownFollowerState(108)) - 36e7f984-6260-41ad-b764-05d09d2a2d6c: shutdown 36e7f984-6260-41ad-b764-05d09d2a2d6c@group-A756D44921D4-FollowerState
2022-03-01 14:06:37,302 [36e7f984-6260-41ad-b764-05d09d2a2d6c@group-A756D44921D4-FollowerState] INFO  server.RaftServer$Division (RaftServerImpl.java:setRole(290)) - 36e7f984-6260-41ad-b764-05d09d2a2d6c@group-A756D44921D4: changes role from  FOLLOWER to CANDIDATE at term 4 for changeToCandidate
2022-03-01 14:06:37,302 [36e7f984-6260-41ad-b764-05d09d2a2d6c@group-A756D44921D4-FollowerState] INFO  server.RaftServerConfigKeys (ConfUtils.java:logGet(44)) - raft.server.leaderelection.pre-vote = false (custom)
2022-03-01 14:06:37,302 [36e7f984-6260-41ad-b764-05d09d2a2d6c@group-A756D44921D4-FollowerState] INFO  impl.RoleInfo (RoleInfo.java:updateAndGet(130)) - 36e7f984-6260-41ad-b764-05d09d2a2d6c: start 36e7f984-6260-41ad-b764-05d09d2a2d6c@group-A756D44921D4-LeaderElection20
2022-03-01 14:06:37,314 [36e7f984-6260-41ad-b764-05d09d2a2d6c@group-A756D44921D4-LeaderElection20] INFO  server.RaftServer$Division (ServerState.java:setLeader(285)) - 36e7f984-6260-41ad-b764-05d09d2a2d6c@group-A756D44921D4: change Leader from 506c0b3d-9ac0-4842-b607-82b33d26cd3b to null at term 4 for ELECTION
2022-03-01 14:06:37,316 [36e7f984-6260-41ad-b764-05d09d2a2d6c@group-A756D44921D4-LeaderElection20] INFO  impl.LeaderElection (LeaderElection.java:askForVotes(306)) - 36e7f984-6260-41ad-b764-05d09d2a2d6c@group-A756D44921D4-LeaderElection20 ELECTION round 0: submit vote requests at term 5 for 1: [506c0b3d-9ac0-4842-b607-82b33d26cd3b|rpc:10.1.0.24:43341|dataStream:|priority:1, 36e7f984-6260-41ad-b764-05d09d2a2d6c|rpc:10.1.0.24:36303|dataStream:|priority:0, a455f091-f590-47be-ae8a-f812834b583a|rpc:10.1.0.24:37593|dataStream:|priority:0], old=null
2022-03-01 14:06:37,333 [36e7f984-6260-41ad-b764-05d09d2a2d6c@group-A756D44921D4-LeaderElection20] INFO  impl.LeaderElection (LogUtils.java:infoOrTrace(137)) - 36e7f984-6260-41ad-b764-05d09d2a2d6c@group-A756D44921D4-LeaderElection20 got exception when requesting votes: java.util.concurrent.ExecutionException: org.apache.ratis.thirdparty.io.grpc.StatusRuntimeException: UNAVAILABLE: io exception
2022-03-01 14:06:37,333 [36e7f984-6260-41ad-b764-05d09d2a2d6c@group-A756D44921D4-LeaderElection20] INFO  impl.LeaderElection (LogUtils.java:infoOrTrace(137)) - 36e7f984-6260-41ad-b764-05d09d2a2d6c@group-A756D44921D4-LeaderElection20 got exception when requesting votes: java.util.concurrent.ExecutionException: org.apache.ratis.thirdparty.io.grpc.StatusRuntimeException: UNAVAILABLE: io exception
2022-03-01 14:06:37,333 [36e7f984-6260-41ad-b764-05d09d2a2d6c@group-A756D44921D4-LeaderElection20] INFO  impl.LeaderElection (LeaderElection.java:logAndReturn(89)) - 36e7f984-6260-41ad-b764-05d09d2a2d6c@group-A756D44921D4-LeaderElection20: ELECTION REJECTED received 0 response(s) and 2 exception(s):
2022-03-01 14:06:37,333 [36e7f984-6260-41ad-b764-05d09d2a2d6c@group-A756D44921D4-LeaderElection20] INFO  impl.LeaderElection (LogUtils.java:infoOrTrace(137)) -   Exception 0: java.util.concurrent.ExecutionException: org.apache.ratis.thirdparty.io.grpc.StatusRuntimeException: UNAVAILABLE: io exception
2022-03-01 14:06:37,333 [36e7f984-6260-41ad-b764-05d09d2a2d6c@group-A756D44921D4-LeaderElection20] INFO  impl.LeaderElection (LogUtils.java:infoOrTrace(137)) -   Exception 1: java.util.concurrent.ExecutionException: org.apache.ratis.thirdparty.io.grpc.StatusRuntimeException: UNAVAILABLE: io exception
2022-03-01 14:06:37,334 [36e7f984-6260-41ad-b764-05d09d2a2d6c@group-A756D44921D4-LeaderElection20] INFO  impl.LeaderElection (LeaderElection.java:askForVotes(308)) - 36e7f984-6260-41ad-b764-05d09d2a2d6c@group-A756D44921D4-LeaderElection20 ELECTION round 0: result REJECTED
2022-03-01 14:06:37,334 [36e7f984-6260-41ad-b764-05d09d2a2d6c@group-A756D44921D4-LeaderElection20] INFO  server.RaftServer$Division (RaftServerImpl.java:setRole(290)) - 36e7f984-6260-41ad-b764-05d09d2a2d6c@group-A756D44921D4: changes role from CANDIDATE to FOLLOWER at term 5 for REJECTED
2022-03-01 14:06:37,334 [36e7f984-6260-41ad-b764-05d09d2a2d6c@group-A756D44921D4-LeaderElection20] INFO  impl.RoleInfo (RoleInfo.java:shutdownLeaderElection(121)) - 36e7f984-6260-41ad-b764-05d09d2a2d6c: shutdown 36e7f984-6260-41ad-b764-05d09d2a2d6c@group-A756D44921D4-LeaderElection20
2022-03-01 14:06:37,334 [36e7f984-6260-41ad-b764-05d09d2a2d6c@group-A756D44921D4-LeaderElection20] INFO  impl.RoleInfo (RoleInfo.java:updateAndGet(130)) - 36e7f984-6260-41ad-b764-05d09d2a2d6c: start 36e7f984-6260-41ad-b764-05d09d2a2d6c@group-A756D44921D4-FollowerState
2022-03-01 14:06:41,248 [Listener at 127.0.0.1/38117] INFO  ozoneimpl.OzoneContainer (OzoneContainer.java:stop(356)) - Attempting to stop container services.
2022-03-01 14:06:41,249 [Listener at 127.0.0.1/38117] INFO  server.RaftServer (RaftServerProxy.java:lambda$close$6(391)) - 36e7f984-6260-41ad-b764-05d09d2a2d6c: close
2022-03-01 14:06:41,254 [Listener at 127.0.0.1/38117] INFO  server.RaftServer$Division (RaftServerImpl.java:lambda$close$4(412)) - 36e7f984-6260-41ad-b764-05d09d2a2d6c@group-EA61820CF3AC: shutdown
2022-03-01 14:06:41,254 [Listener at 127.0.0.1/38117] INFO  util.JmxRegister (JmxRegister.java:unregister(73)) - Successfully un-registered JMX Bean with object name Ratis:service=RaftServer,group=group-EA61820CF3AC,id=36e7f984-6260-41ad-b764-05d09d2a2d6c
2022-03-01 14:06:41,254 [Listener at 127.0.0.1/38117] INFO  impl.RoleInfo (RoleInfo.java:shutdownFollowerState(108)) - 36e7f984-6260-41ad-b764-05d09d2a2d6c: shutdown 36e7f984-6260-41ad-b764-05d09d2a2d6c@group-EA61820CF3AC-FollowerState
2022-03-01 14:06:41,255 [Listener at 127.0.0.1/38117] INFO  impl.StateMachineUpdater (StateMachineUpdater.java:stopAndJoin(149)) - 36e7f984-6260-41ad-b764-05d09d2a2d6c@group-EA61820CF3AC-StateMachineUpdater: set stopIndex = -1
2022-03-01 14:06:41,255 [Listener at 127.0.0.1/38117] INFO  server.RaftServer$Division (ServerState.java:close(419)) - 36e7f984-6260-41ad-b764-05d09d2a2d6c@group-EA61820CF3AC: closes. applyIndex: -1
2022-03-01 14:06:41,255 [36e7f984-6260-41ad-b764-05d09d2a2d6c@group-EA61820CF3AC-SegmentedRaftLogWorker] INFO  segmented.SegmentedRaftLogWorker (SegmentedRaftLogWorker.java:run(327)) - 36e7f984-6260-41ad-b764-05d09d2a2d6c@group-EA61820CF3AC-SegmentedRaftLogWorker was interrupted, exiting. There are 0 tasks remaining in the queue.
2022-03-01 14:06:41,255 [36e7f984-6260-41ad-b764-05d09d2a2d6c@group-EA61820CF3AC-FollowerState] INFO  impl.FollowerState (FollowerState.java:run(143)) - 36e7f984-6260-41ad-b764-05d09d2a2d6c@group-EA61820CF3AC-FollowerState was interrupted: {}
java.lang.InterruptedException: sleep interrupted
	at java.lang.Thread.sleep(Native Method)
	at java.lang.Thread.sleep(Thread.java:342)
	at java.util.concurrent.TimeUnit.sleep(TimeUnit.java:386)
	at org.apache.ratis.util.TimeDuration.sleep(TimeDuration.java:324)
	at org.apache.ratis.util.TimeDuration.sleep(TimeDuration.java:309)
	at org.apache.ratis.server.impl.FollowerState.run(FollowerState.java:118)
2022-03-01 14:06:41,258 [Listener at 127.0.0.1/38117] INFO  segmented.SegmentedRaftLogWorker (SegmentedRaftLogWorker.java:close(237)) - 36e7f984-6260-41ad-b764-05d09d2a2d6c@group-EA61820CF3AC-SegmentedRaftLogWorker close()
2022-03-01 14:06:41,262 [Listener at 127.0.0.1/38117] INFO  server.RaftServer$Division (RaftServerImpl.java:lambda$close$4(412)) - 36e7f984-6260-41ad-b764-05d09d2a2d6c@group-A756D44921D4: shutdown
2022-03-01 14:06:41,262 [Listener at 127.0.0.1/38117] INFO  util.JmxRegister (JmxRegister.java:unregister(73)) - Successfully un-registered JMX Bean with object name Ratis:service=RaftServer,group=group-A756D44921D4,id=36e7f984-6260-41ad-b764-05d09d2a2d6c
2022-03-01 14:06:41,262 [Listener at 127.0.0.1/38117] INFO  impl.RoleInfo (RoleInfo.java:shutdownFollowerState(108)) - 36e7f984-6260-41ad-b764-05d09d2a2d6c: shutdown 36e7f984-6260-41ad-b764-05d09d2a2d6c@group-A756D44921D4-FollowerState
2022-03-01 14:06:41,262 [Listener at 127.0.0.1/38117] INFO  impl.StateMachineUpdater (StateMachineUpdater.java:stopAndJoin(149)) - 36e7f984-6260-41ad-b764-05d09d2a2d6c@group-A756D44921D4-StateMachineUpdater: set stopIndex = 29
2022-03-01 14:06:41,263 [36e7f984-6260-41ad-b764-05d09d2a2d6c@group-A756D44921D4-StateMachineUpdater] INFO  ratis.ContainerStateMachine (ContainerStateMachine.java:takeSnapshot(304)) - group-A756D44921D4: Taking a snapshot at:(t:4, i:29) file /home/runner/work/ozone/ozone/hadoop-ozone/integration-test/target/test-dir/MiniOzoneClusterImpl-437fcdba-95cf-4107-9279-a6736fbea304/datanode-2/data/ratis/ca35a985-14d9-432d-ab6e-a756d44921d4/sm/snapshot.4_29
2022-03-01 14:06:41,263 [36e7f984-6260-41ad-b764-05d09d2a2d6c@group-A756D44921D4-FollowerState] INFO  impl.FollowerState (FollowerState.java:run(143)) - 36e7f984-6260-41ad-b764-05d09d2a2d6c@group-A756D44921D4-FollowerState was interrupted: {}
java.lang.InterruptedException: sleep interrupted
	at java.lang.Thread.sleep(Native Method)
	at java.lang.Thread.sleep(Thread.java:342)
	at java.util.concurrent.TimeUnit.sleep(TimeUnit.java:386)
	at org.apache.ratis.util.TimeDuration.sleep(TimeDuration.java:324)
	at org.apache.ratis.util.TimeDuration.sleep(TimeDuration.java:309)
	at org.apache.ratis.server.impl.FollowerState.run(FollowerState.java:118)
2022-03-01 14:06:41,267 [36e7f984-6260-41ad-b764-05d09d2a2d6c@group-A756D44921D4-StateMachineUpdater] INFO  ratis.ContainerStateMachine (ContainerStateMachine.java:takeSnapshot(315)) - group-A756D44921D4: Finished taking a snapshot at:(t:4, i:29) file:/home/runner/work/ozone/ozone/hadoop-ozone/integration-test/target/test-dir/MiniOzoneClusterImpl-437fcdba-95cf-4107-9279-a6736fbea304/datanode-2/data/ratis/ca35a985-14d9-432d-ab6e-a756d44921d4/sm/snapshot.4_29 took: 4 ms
2022-03-01 14:06:41,267 [36e7f984-6260-41ad-b764-05d09d2a2d6c@group-A756D44921D4-StateMachineUpdater] INFO  impl.StateMachineUpdater (StateMachineUpdater.java:takeSnapshot(281)) - 36e7f984-6260-41ad-b764-05d09d2a2d6c@group-A756D44921D4-StateMachineUpdater: Took a snapshot at index 29
2022-03-01 14:06:41,267 [36e7f984-6260-41ad-b764-05d09d2a2d6c@group-A756D44921D4-StateMachineUpdater] INFO  impl.StateMachineUpdater (StateMachineUpdater.java:lambda$new$0(89)) - 36e7f984-6260-41ad-b764-05d09d2a2d6c@group-A756D44921D4-StateMachineUpdater: snapshotIndex: updateIncreasingly -1 -> 29
2022-03-01 14:06:41,268 [Listener at 127.0.0.1/38117] INFO  server.RaftServer$Division (ServerState.java:close(419)) - 36e7f984-6260-41ad-b764-05d09d2a2d6c@group-A756D44921D4: closes. applyIndex: 29
2022-03-01 14:06:41,268 [36e7f984-6260-41ad-b764-05d09d2a2d6c@group-A756D44921D4-SegmentedRaftLogWorker] INFO  segmented.SegmentedRaftLogWorker (SegmentedRaftLogWorker.java:run(327)) - 36e7f984-6260-41ad-b764-05d09d2a2d6c@group-A756D44921D4-SegmentedRaftLogWorker was interrupted, exiting. There are 0 tasks remaining in the queue.
2022-03-01 14:06:41,270 [Listener at 127.0.0.1/38117] INFO  segmented.SegmentedRaftLogWorker (SegmentedRaftLogWorker.java:close(237)) - 36e7f984-6260-41ad-b764-05d09d2a2d6c@group-A756D44921D4-SegmentedRaftLogWorker close()
2022-03-01 14:06:41,270 [Listener at 127.0.0.1/38117] INFO  server.RaftServer$Division (RaftServerImpl.java:lambda$close$4(412)) - 36e7f984-6260-41ad-b764-05d09d2a2d6c@group-4AF37D68FB0A: shutdown
2022-03-01 14:06:41,271 [Listener at 127.0.0.1/38117] INFO  util.JmxRegister (JmxRegister.java:unregister(73)) - Successfully un-registered JMX Bean with object name Ratis:service=RaftServer,group=group-4AF37D68FB0A,id=36e7f984-6260-41ad-b764-05d09d2a2d6c
2022-03-01 14:06:41,271 [Listener at 127.0.0.1/38117] INFO  impl.RoleInfo (RoleInfo.java:shutdownLeaderState(91)) - 36e7f984-6260-41ad-b764-05d09d2a2d6c: shutdown 36e7f984-6260-41ad-b764-05d09d2a2d6c@group-4AF37D68FB0A-LeaderStateImpl
2022-03-01 14:06:41,271 [Listener at 127.0.0.1/38117] INFO  impl.PendingRequests (PendingRequests.java:sendNotLeaderResponses(282)) - 36e7f984-6260-41ad-b764-05d09d2a2d6c@group-4AF37D68FB0A-PendingRequests: sendNotLeaderResponses
2022-03-01 14:06:41,271 [Listener at 127.0.0.1/38117] INFO  impl.StateMachineUpdater (StateMachineUpdater.java:stopAndJoin(149)) - 36e7f984-6260-41ad-b764-05d09d2a2d6c@group-4AF37D68FB0A-StateMachineUpdater: set stopIndex = 0
2022-03-01 14:06:41,272 [36e7f984-6260-41ad-b764-05d09d2a2d6c@group-4AF37D68FB0A-StateMachineUpdater] INFO  ratis.ContainerStateMachine (ContainerStateMachine.java:takeSnapshot(304)) - group-4AF37D68FB0A: Taking a snapshot at:(t:1, i:0) file /home/runner/work/ozone/ozone/hadoop-ozone/integration-test/target/test-dir/MiniOzoneClusterImpl-437fcdba-95cf-4107-9279-a6736fbea304/datanode-2/data/ratis/7de96483-c36f-4107-b984-4af37d68fb0a/sm/snapshot.1_0
2022-03-01 14:06:41,272 [36e7f984-6260-41ad-b764-05d09d2a2d6c@group-4AF37D68FB0A-StateMachineUpdater] INFO  ratis.ContainerStateMachine (ContainerStateMachine.java:takeSnapshot(315)) - group-4AF37D68FB0A: Finished taking a snapshot at:(t:1, i:0) file:/home/runner/work/ozone/ozone/hadoop-ozone/integration-test/target/test-dir/MiniOzoneClusterImpl-437fcdba-95cf-4107-9279-a6736fbea304/datanode-2/data/ratis/7de96483-c36f-4107-b984-4af37d68fb0a/sm/snapshot.1_0 took: 1 ms
2022-03-01 14:06:41,273 [36e7f984-6260-41ad-b764-05d09d2a2d6c@group-4AF37D68FB0A-StateMachineUpdater] INFO  impl.StateMachineUpdater (StateMachineUpdater.java:takeSnapshot(281)) - 36e7f984-6260-41ad-b764-05d09d2a2d6c@group-4AF37D68FB0A-StateMachineUpdater: Took a snapshot at index 0
2022-03-01 14:06:41,273 [36e7f984-6260-41ad-b764-05d09d2a2d6c@group-4AF37D68FB0A-StateMachineUpdater] INFO  impl.StateMachineUpdater (StateMachineUpdater.java:lambda$new$0(89)) - 36e7f984-6260-41ad-b764-05d09d2a2d6c@group-4AF37D68FB0A-StateMachineUpdater: snapshotIndex: updateIncreasingly -1 -> 0
2022-03-01 14:06:41,277 [Listener at 127.0.0.1/38117] INFO  server.RaftServer$Division (ServerState.java:close(419)) - 36e7f984-6260-41ad-b764-05d09d2a2d6c@group-4AF37D68FB0A: closes. applyIndex: 0
2022-03-01 14:06:41,277 [36e7f984-6260-41ad-b764-05d09d2a2d6c@group-4AF37D68FB0A-SegmentedRaftLogWorker] INFO  segmented.SegmentedRaftLogWorker (SegmentedRaftLogWorker.java:run(327)) - 36e7f984-6260-41ad-b764-05d09d2a2d6c@group-4AF37D68FB0A-SegmentedRaftLogWorker was interrupted, exiting. There are 0 tasks remaining in the queue.
2022-03-01 14:06:41,277 [Listener at 127.0.0.1/38117] INFO  segmented.SegmentedRaftLogWorker (SegmentedRaftLogWorker.java:close(237)) - 36e7f984-6260-41ad-b764-05d09d2a2d6c@group-4AF37D68FB0A-SegmentedRaftLogWorker close()
2022-03-01 14:06:41,278 [Listener at 127.0.0.1/38117] INFO  server.GrpcService (GrpcService.java:closeImpl(262)) - 36e7f984-6260-41ad-b764-05d09d2a2d6c: shutdown server with port 36303 now
2022-03-01 14:06:41,283 [Listener at 127.0.0.1/38117] INFO  server.GrpcService (GrpcService.java:closeImpl(271)) - 36e7f984-6260-41ad-b764-05d09d2a2d6c: shutdown server with port 36303 successfully
2022-03-01 14:06:41,283 [org.apache.ratis.util.JvmPauseMonitor$$Lambda$421/1299661385@32983c98] INFO  util.JvmPauseMonitor (JvmPauseMonitor.java:run(109)) - JvmPauseMonitor-36e7f984-6260-41ad-b764-05d09d2a2d6c: Stopped
2022-03-01 14:06:43,293 [Listener at 127.0.0.1/38117] INFO  utils.BackgroundService (BackgroundService.java:shutdown(132)) - Shutting down service BlockDeletingService
2022-03-01 14:06:46,299 [Listener at 127.0.0.1/38117] INFO  statemachine.DatanodeStateMachine (DatanodeStateMachine.java:stopDaemon(529)) - Ozone container server stopped.
2022-03-01 14:06:46,300 [Listener at 127.0.0.1/38117] INFO  handler.ContextHandler (ContextHandler.java:doStop(1153)) - Stopped o.e.j.w.WebAppContext@510f3f13{hddsDatanode,/,null,STOPPED}{jar:file:/home/runner/.m2/repository/org/apache/ozone/hdds-container-service/1.3.0-SNAPSHOT/hdds-container-service-1.3.0-SNAPSHOT.jar!/webapps/hddsDatanode}
2022-03-01 14:06:46,301 [Listener at 127.0.0.1/38117] INFO  server.AbstractConnector (AbstractConnector.java:doStop(381)) - Stopped ServerConnector@2c8eb04e{HTTP/1.1, (http/1.1)}{0.0.0.0:0}
2022-03-01 14:06:46,301 [Listener at 127.0.0.1/38117] INFO  server.session (HouseKeeper.java:stopScavenging(149)) - node0 Stopped scavenging
2022-03-01 14:06:46,301 [Listener at 127.0.0.1/38117] INFO  handler.ContextHandler (ContextHandler.java:doStop(1153)) - Stopped o.e.j.s.ServletContextHandler@5ce74a18{static,/static,jar:file:/home/runner/.m2/repository/org/apache/ozone/hdds-container-service/1.3.0-SNAPSHOT/hdds-container-service-1.3.0-SNAPSHOT.jar!/webapps/static,STOPPED}
2022-03-01 14:06:46,301 [Listener at 127.0.0.1/38117] INFO  handler.ContextHandler (ContextHandler.java:doStop(1153)) - Stopped o.e.j.s.ServletContextHandler@232a4cc5{logs,/logs,file:///home/runner/work/ozone/ozone/hadoop-ozone/integration-test/target/log,STOPPED}
2022-03-01 14:06:46,303 [Listener at 127.0.0.1/38117] INFO  ozone.MiniOzoneClusterImpl (MiniOzoneClusterImpl.java:stopSCM(538)) - Stopping the StorageContainerManager
2022-03-01 14:06:46,303 [Listener at 127.0.0.1/38117] INFO  server.StorageContainerManager (StorageContainerManager.java:stop(1417)) - Stopping Container Balancer service.
2022-03-01 14:06:46,304 [Listener at 127.0.0.1/38117] INFO  balancer.ContainerBalancer (ContainerBalancer.java:stop(751)) - Container Balancer is not running.
2022-03-01 14:06:46,304 [Listener at 127.0.0.1/38117] INFO  server.StorageContainerManager (StorageContainerManager.java:stop(1424)) - Stopping Replication Manager Service.
2022-03-01 14:06:46,304 [Listener at 127.0.0.1/38117] INFO  container.ReplicationManager (ReplicationManager.java:stop(357)) - Stopping Replication Monitor Thread.
2022-03-01 14:06:46,304 [Listener at 127.0.0.1/38117] INFO  server.StorageContainerManager (StorageContainerManager.java:stop(1431)) - Stopping the Datanode Admin Monitor.
2022-03-01 14:06:46,304 [Listener at 127.0.0.1/38117] INFO  server.StorageContainerManager (StorageContainerManager.java:stop(1438)) - Stopping Lease Manager of the command watchers
2022-03-01 14:06:46,304 [Listener at 127.0.0.1/38117] INFO  server.StorageContainerManager (StorageContainerManager.java:stop(1445)) - Stopping datanode service RPC server
2022-03-01 14:06:46,304 [Listener at 127.0.0.1/38117] INFO  server.SCMDatanodeProtocolServer (SCMDatanodeProtocolServer.java:stop(391)) - Stopping the RPC server for DataNodes
2022-03-01 14:06:46,305 [Listener at 127.0.0.1/38117] INFO  ipc.Server (Server.java:stop(3414)) - Stopping server on 35883
2022-03-01 14:06:46,311 [IPC Server listener on 0] INFO  ipc.Server (Server.java:run(1376)) - Stopping IPC Server listener on 0
2022-03-01 14:06:46,311 [IPC Server Responder] INFO  ipc.Server (Server.java:run(1512)) - Stopping IPC Server Responder
2022-03-01 14:06:46,391 [SCM Heartbeat Processing Thread - 0] WARN  node.NodeStateManager (NodeStateManager.java:scheduleNextHealthCheck(815)) - Current Thread is interrupted, shutting down HB processing thread for Node Manager.
2022-03-01 14:06:46,392 [Listener at 127.0.0.1/38117] INFO  server.StorageContainerManager (StorageContainerManager.java:stop(1453)) - Stopping block service RPC server
2022-03-01 14:06:46,392 [Listener at 127.0.0.1/38117] INFO  server.SCMBlockProtocolServer (SCMBlockProtocolServer.java:stop(160)) - Stopping the RPC server for Block Protocol
2022-03-01 14:06:46,392 [Listener at 127.0.0.1/38117] INFO  ipc.Server (Server.java:stop(3414)) - Stopping server on 36761
2022-03-01 14:06:46,395 [Listener at 127.0.0.1/38117] INFO  server.StorageContainerManager (StorageContainerManager.java:stop(1460)) - Stopping the StorageContainerLocationProtocol RPC server
2022-03-01 14:06:46,395 [Listener at 127.0.0.1/38117] INFO  server.SCMClientProtocolServer (SCMClientProtocolServer.java:stop(174)) - Stopping the RPC server for Client Protocol
2022-03-01 14:06:46,395 [Listener at 127.0.0.1/38117] INFO  ipc.Server (Server.java:stop(3414)) - Stopping server on 39935
2022-03-01 14:06:46,395 [IPC Server listener on 0] INFO  ipc.Server (Server.java:run(1376)) - Stopping IPC Server listener on 0
2022-03-01 14:06:46,395 [IPC Server Responder] INFO  ipc.Server (Server.java:run(1512)) - Stopping IPC Server Responder
2022-03-01 14:06:46,405 [Listener at 127.0.0.1/38117] INFO  server.StorageContainerManager (StorageContainerManager.java:stop(1467)) - Stopping Storage Container Manager HTTP server.
2022-03-01 14:06:46,406 [Listener at 127.0.0.1/38117] INFO  handler.ContextHandler (ContextHandler.java:doStop(1153)) - Stopped o.e.j.w.WebAppContext@6fa2d0b2{scm,/,null,STOPPED}{file:/home/runner/work/ozone/ozone/hadoop-ozone/integration-test/target/test-classes/webapps/scm}
2022-03-01 14:06:46,407 [IPC Server listener on 0] INFO  ipc.Server (Server.java:run(1376)) - Stopping IPC Server listener on 0
2022-03-01 14:06:46,407 [Listener at 127.0.0.1/38117] INFO  server.AbstractConnector (AbstractConnector.java:doStop(381)) - Stopped ServerConnector@513bec8c{HTTP/1.1, (http/1.1)}{0.0.0.0:0}
2022-03-01 14:06:46,408 [Listener at 127.0.0.1/38117] INFO  server.session (HouseKeeper.java:stopScavenging(149)) - node0 Stopped scavenging
2022-03-01 14:06:46,408 [Listener at 127.0.0.1/38117] INFO  handler.ContextHandler (ContextHandler.java:doStop(1153)) - Stopped o.e.j.s.ServletContextHandler@24d097c8{static,/static,file:///home/runner/work/ozone/ozone/hadoop-ozone/integration-test/target/test-classes/webapps/static,STOPPED}
2022-03-01 14:06:46,408 [Listener at 127.0.0.1/38117] INFO  handler.ContextHandler (ContextHandler.java:doStop(1153)) - Stopped o.e.j.s.ServletContextHandler@3f22ce2a{logs,/logs,file:///home/runner/work/ozone/ozone/hadoop-ozone/integration-test/target/log,STOPPED}
2022-03-01 14:06:46,409 [Listener at 127.0.0.1/38117] INFO  server.StorageContainerManager (StorageContainerManager.java:stop(1478)) - Stopping Block Manager Service.
2022-03-01 14:06:46,409 [Listener at 127.0.0.1/38117] INFO  utils.BackgroundService (BackgroundService.java:shutdown(132)) - Shutting down service SCMBlockDeletingService
2022-03-01 14:06:46,410 [Listener at 127.0.0.1/38117] INFO  utils.BackgroundService (BackgroundService.java:shutdown(132)) - Shutting down service SCMBlockDeletingService
2022-03-01 14:06:46,411 [IPC Server Responder] INFO  ipc.Server (Server.java:run(1512)) - Stopping IPC Server Responder
2022-03-01 14:06:46,411 [Listener at 127.0.0.1/38117] INFO  server.StorageContainerManager (StorageContainerManager.java:stop(1505)) - Stopping SCM Event Queue.
2022-03-01 14:06:46,413 [Listener at 127.0.0.1/38117] INFO  server.StorageContainerManager (StorageContainerManager.java:stop(1516)) - Stopping SCM HA services.
2022-03-01 14:06:46,414 [Listener at 127.0.0.1/38117] INFO  ha.SCMRatisServerImpl (SCMRatisServerImpl.java:stop(236)) - stopping ratis server 0.0.0.0:9894
2022-03-01 14:06:46,414 [Listener at 127.0.0.1/38117] INFO  server.RaftServer (RaftServerProxy.java:lambda$close$6(391)) - 46cb8c3f-68a1-4ae7-830c-936356e99902: close
2022-03-01 14:06:46,414 [Listener at 127.0.0.1/38117] INFO  server.RaftServer$Division (RaftServerImpl.java:lambda$close$4(412)) - 46cb8c3f-68a1-4ae7-830c-936356e99902@group-A6736FBEA304: shutdown
2022-03-01 14:06:46,414 [Listener at 127.0.0.1/38117] INFO  util.JmxRegister (JmxRegister.java:unregister(73)) - Successfully un-registered JMX Bean with object name Ratis:service=RaftServer,group=group-A6736FBEA304,id=46cb8c3f-68a1-4ae7-830c-936356e99902
2022-03-01 14:06:46,414 [Listener at 127.0.0.1/38117] INFO  impl.RoleInfo (RoleInfo.java:shutdownLeaderState(91)) - 46cb8c3f-68a1-4ae7-830c-936356e99902: shutdown 46cb8c3f-68a1-4ae7-830c-936356e99902@group-A6736FBEA304-LeaderStateImpl
2022-03-01 14:06:46,415 [Listener at 127.0.0.1/38117] INFO  impl.PendingRequests (PendingRequests.java:sendNotLeaderResponses(282)) - 46cb8c3f-68a1-4ae7-830c-936356e99902@group-A6736FBEA304-PendingRequests: sendNotLeaderResponses
2022-03-01 14:06:46,415 [Listener at 127.0.0.1/38117] INFO  ha.SCMStateMachine (SCMStateMachine.java:notifyNotLeader(190)) - current leader SCM steps down.
2022-03-01 14:06:46,415 [Listener at 127.0.0.1/38117] INFO  ha.SCMContext (SCMContext.java:updateLeaderAndTerm(90)) - update <isLeader,term> from <true,2> to <false,0>
2022-03-01 14:06:46,415 [Listener at 127.0.0.1/38117] INFO  ha.SCMContext (SCMContext.java:updateLeaderAndTerm(97)) - update <isLeaderReady> from <false> to <false>
2022-03-01 14:06:46,429 [Listener at 127.0.0.1/38117] INFO  impl.StateMachineUpdater (StateMachineUpdater.java:stopAndJoin(149)) - 46cb8c3f-68a1-4ae7-830c-936356e99902@group-A6736FBEA304-StateMachineUpdater: set stopIndex = 30
2022-03-01 14:06:46,430 [46cb8c3f-68a1-4ae7-830c-936356e99902@group-A6736FBEA304-StateMachineUpdater] INFO  ha.SCMStateMachine (SCMStateMachine.java:takeSnapshot(297)) - Current Snapshot Index 30, takeSnapshot took 0 ms
2022-03-01 14:06:46,430 [46cb8c3f-68a1-4ae7-830c-936356e99902@group-A6736FBEA304-StateMachineUpdater] INFO  impl.StateMachineUpdater (StateMachineUpdater.java:takeSnapshot(281)) - 46cb8c3f-68a1-4ae7-830c-936356e99902@group-A6736FBEA304-StateMachineUpdater: Took a snapshot at index 30
2022-03-01 14:06:46,430 [46cb8c3f-68a1-4ae7-830c-936356e99902@group-A6736FBEA304-StateMachineUpdater] INFO  impl.StateMachineUpdater (StateMachineUpdater.java:lambda$new$0(89)) - 46cb8c3f-68a1-4ae7-830c-936356e99902@group-A6736FBEA304-StateMachineUpdater: snapshotIndex: updateIncreasingly -1 -> 30
2022-03-01 14:06:46,430 [Listener at 127.0.0.1/38117] INFO  server.RaftServer$Division (ServerState.java:close(419)) - 46cb8c3f-68a1-4ae7-830c-936356e99902@group-A6736FBEA304: closes. applyIndex: 30
2022-03-01 14:06:46,430 [46cb8c3f-68a1-4ae7-830c-936356e99902@group-A6736FBEA304-SegmentedRaftLogWorker] INFO  segmented.SegmentedRaftLogWorker (SegmentedRaftLogWorker.java:run(327)) - 46cb8c3f-68a1-4ae7-830c-936356e99902@group-A6736FBEA304-SegmentedRaftLogWorker was interrupted, exiting. There are 0 tasks remaining in the queue.
2022-03-01 14:06:46,431 [Listener at 127.0.0.1/38117] INFO  segmented.SegmentedRaftLogWorker (SegmentedRaftLogWorker.java:close(237)) - 46cb8c3f-68a1-4ae7-830c-936356e99902@group-A6736FBEA304-SegmentedRaftLogWorker close()
2022-03-01 14:06:46,432 [Listener at 127.0.0.1/38117] INFO  server.GrpcService (GrpcService.java:closeImpl(262)) - 46cb8c3f-68a1-4ae7-830c-936356e99902: shutdown server with port 9894 now
2022-03-01 14:06:46,432 [Listener at 127.0.0.1/38117] INFO  server.GrpcService (GrpcService.java:closeImpl(271)) - 46cb8c3f-68a1-4ae7-830c-936356e99902: shutdown server with port 9894 successfully
2022-03-01 14:06:46,432 [org.apache.ratis.util.JvmPauseMonitor$$Lambda$421/1299661385@67d8613] INFO  util.JvmPauseMonitor (JvmPauseMonitor.java:run(109)) - JvmPauseMonitor-46cb8c3f-68a1-4ae7-830c-936356e99902: Stopped
2022-03-01 14:06:46,433 [Listener at 127.0.0.1/38117] INFO  pipeline.BackgroundPipelineCreator (BackgroundPipelineCreator.java:stop(158)) - Stopping RatisPipelineUtilsThread.
2022-03-01 14:06:46,434 [Listener at 127.0.0.1/38117] INFO  server.StorageContainerManager (StorageContainerManager.java:stop(1526)) - Stopping SCM MetadataStore.
2022-03-01 14:06:46,435 [Listener at 127.0.0.1/38117] INFO  impl.MetricsSystemImpl (MetricsSystemImpl.java:stop(210)) - Stopping XceiverClientMetrics metrics system...
2022-03-01 14:06:46,453 [prometheus] INFO  impl.MetricsSinkAdapter (MetricsSinkAdapter.java:publishMetricsFromQueue(141)) - prometheus thread interrupted.
2022-03-01 14:06:46,453 [Listener at 127.0.0.1/38117] INFO  impl.MetricsSystemImpl (MetricsSystemImpl.java:stop(216)) - XceiverClientMetrics metrics system stopped.
2022-03-01 14:06:46,657 [Listener at 127.0.0.1/38117] WARN  server.ServerUtils (ServerUtils.java:getScmDbDir(148)) - ozone.scm.db.dirs is not configured. We recommend adding this setting. Falling back to ozone.metadata.dirs instead.
2022-03-01 14:06:46,667 [Listener at 127.0.0.1/38117] INFO  ha.SCMHANodeDetails (SCMHANodeDetails.java:loadSCMHAConfig(157)) - ServiceID for StorageContainerManager is null
2022-03-01 14:06:46,668 [Listener at 127.0.0.1/38117] INFO  ha.SCMHANodeDetails (SCMHANodeDetails.java:loadSCMHAConfig(162)) - ozone.scm.default.service.id is not defined, falling back to ozone.scm.service.ids to find serviceID for StorageContainerManager if it is HA enabled cluster
2022-03-01 14:06:46,669 [Listener at 127.0.0.1/38117] INFO  server.RaftServer (ConfUtils.java:logGet(44)) - raft.rpc.type = GRPC (default)
2022-03-01 14:06:46,669 [Listener at 127.0.0.1/38117] INFO  grpc.GrpcFactory (GrpcFactory.java:checkPooledByteBufAllocatorUseCacheForAllThreads(48)) - PERFORMANCE WARNING: useCacheForAllThreads is true that may cause Netty to create a lot garbage objects and, as a result, trigger GC.
	It is recommended to disable useCacheForAllThreads by setting -Dorg.apache.ratis.thirdparty.io.netty.allocator.useCacheForAllThreads=false in command line.
2022-03-01 14:06:46,670 [Listener at 127.0.0.1/38117] INFO  grpc.GrpcConfigKeys (ConfUtils.java:logGet(44)) - raft.grpc.admin.port = -1 (default)
2022-03-01 14:06:46,670 [Listener at 127.0.0.1/38117] INFO  grpc.GrpcConfigKeys (ConfUtils.java:logGet(44)) - raft.grpc.server.port = 9894 (custom)
2022-03-01 14:06:46,670 [Listener at 127.0.0.1/38117] INFO  grpc.GrpcConfigKeys (ConfUtils.java:logGet(44)) - raft.grpc.client.port = -1 (default)
2022-03-01 14:06:46,670 [Listener at 127.0.0.1/38117] INFO  grpc.GrpcConfigKeys (ConfUtils.java:logGet(44)) - raft.grpc.server.port = 9894 (custom)
2022-03-01 14:06:46,670 [Listener at 127.0.0.1/38117] INFO  grpc.GrpcConfigKeys (ConfUtils.java:logGet(44)) - raft.grpc.server.port = 9894 (custom)
2022-03-01 14:06:46,670 [Listener at 127.0.0.1/38117] INFO  server.GrpcService (ConfUtils.java:logGet(44)) - raft.grpc.message.size.max = 32m (=33554432) (custom)
2022-03-01 14:06:46,671 [Listener at 127.0.0.1/38117] INFO  server.RaftServerConfigKeys (ConfUtils.java:logGet(44)) - raft.server.log.appender.buffer.byte-limit = 33554432 (custom)
2022-03-01 14:06:46,671 [Listener at 127.0.0.1/38117] INFO  server.GrpcService (ConfUtils.java:logGet(44)) - raft.grpc.flow.control.window = 1MB (=1048576) (default)
2022-03-01 14:06:46,671 [Listener at 127.0.0.1/38117] INFO  server.RaftServerConfigKeys (ConfUtils.java:logGet(44)) - raft.server.rpc.request.timeout = 30000ms (custom)
2022-03-01 14:06:46,673 [Listener at 127.0.0.1/38117] INFO  impl.DataStreamServerImpl (ConfUtils.java:logGet(44)) - raft.datastream.type = DISABLED (default)
2022-03-01 14:06:46,674 [Listener at 127.0.0.1/38117] INFO  server.RaftServerConfigKeys (ConfUtils.java:logGet(44)) - raft.server.rpc.slowness.timeout = 120000ms (custom)
2022-03-01 14:06:46,675 [Listener at 127.0.0.1/38117] INFO  server.RaftServerConfigKeys (ConfUtils.java:logGet(44)) - raft.server.leaderelection.leader.step-down.wait-time = 10s (default)
2022-03-01 14:06:46,675 [Listener at 127.0.0.1/38117] INFO  server.RaftServerConfigKeys (ConfUtils.java:logGet(44)) - raft.server.storage.dir = [/home/runner/work/ozone/ozone/hadoop-ozone/integration-test/target/test-dir/MiniOzoneClusterImpl-5212a7ac-80c3-46b0-8f30-1180f829ef0d/ozone-meta/scm-ha] (custom)
2022-03-01 14:06:46,677 [Listener at 127.0.0.1/38117] INFO  server.RaftServer (RaftServerProxy.java:addNew(95)) - 180c4ed6-31c5-49f3-8fac-202ca6ca3c8a: addNew group-1180F829EF0D:[180c4ed6-31c5-49f3-8fac-202ca6ca3c8a|rpc:fv-az195-209:9894|priority:0] returns group-1180F829EF0D:java.util.concurrent.CompletableFuture@152fb3df[Not completed]
2022-03-01 14:06:46,677 [pool-164-thread-1] INFO  server.RaftServer$Division (RaftServerImpl.java:<init>(184)) - 180c4ed6-31c5-49f3-8fac-202ca6ca3c8a: new RaftServerImpl for group-1180F829EF0D:[180c4ed6-31c5-49f3-8fac-202ca6ca3c8a|rpc:fv-az195-209:9894|priority:0] with SCMStateMachine:uninitialized
2022-03-01 14:06:46,684 [pool-164-thread-1] INFO  server.RaftServerConfigKeys (ConfUtils.java:logGet(44)) - raft.server.rpc.timeout.min = 5000ms (custom)
2022-03-01 14:06:46,684 [pool-164-thread-1] INFO  server.RaftServerConfigKeys (ConfUtils.java:logGet(44)) - raft.server.rpc.timeout.max = 5200ms (custom)
2022-03-01 14:06:46,684 [pool-164-thread-1] INFO  server.RaftServerConfigKeys (ConfUtils.java:logGet(44)) - raft.server.rpc.sleep.time = 25ms (default)
2022-03-01 14:06:46,684 [pool-164-thread-1] INFO  server.RaftServerConfigKeys (ConfUtils.java:logGet(44)) - raft.server.rpc.slowness.timeout = 120000ms (custom)
2022-03-01 14:06:46,685 [pool-164-thread-1] INFO  server.RaftServerConfigKeys (ConfUtils.java:logGet(44)) - raft.server.leaderelection.leader.step-down.wait-time = 10s (default)
2022-03-01 14:06:46,685 [pool-164-thread-1] INFO  server.RaftServerConfigKeys (ConfUtils.java:logGet(44)) - raft.server.sleep.deviation.threshold = 300ms (default)
2022-03-01 14:06:46,685 [pool-164-thread-1] INFO  server.RaftServerConfigKeys (ConfUtils.java:logGet(44)) - raft.server.log.appender.install.snapshot.enabled = false (custom)
2022-03-01 14:06:46,685 [pool-164-thread-1] INFO  server.RaftServer$Division (ServerState.java:<init>(105)) - 180c4ed6-31c5-49f3-8fac-202ca6ca3c8a@group-1180F829EF0D: ConfigurationManager, init=-1: [180c4ed6-31c5-49f3-8fac-202ca6ca3c8a|rpc:fv-az195-209:9894|priority:0], old=null, confs=<EMPTY_MAP>
2022-03-01 14:06:46,685 [pool-164-thread-1] INFO  server.RaftServerConfigKeys (ConfUtils.java:logGet(44)) - raft.server.storage.dir = [/home/runner/work/ozone/ozone/hadoop-ozone/integration-test/target/test-dir/MiniOzoneClusterImpl-5212a7ac-80c3-46b0-8f30-1180f829ef0d/ozone-meta/scm-ha] (custom)
2022-03-01 14:06:46,686 [pool-164-thread-1] INFO  server.RaftServerConfigKeys (ConfUtils.java:logGet(44)) - raft.server.log.corruption.policy = EXCEPTION (default)
2022-03-01 14:06:46,686 [pool-164-thread-1] INFO  server.RaftServerConfigKeys (ConfUtils.java:logGet(44)) - raft.server.storage.free-space.min = 0MB (=0) (default)
2022-03-01 14:06:46,688 [pool-164-thread-1] INFO  storage.RaftStorageDirectory (RaftStorageDirectoryImpl.java:analyzeStorage(135)) - The storage directory /home/runner/work/ozone/ozone/hadoop-ozone/integration-test/target/test-dir/MiniOzoneClusterImpl-5212a7ac-80c3-46b0-8f30-1180f829ef0d/ozone-meta/scm-ha/5212a7ac-80c3-46b0-8f30-1180f829ef0d does not exist. Creating ...
2022-03-01 14:06:46,689 [pool-164-thread-1] INFO  storage.RaftStorageDirectory (RaftStorageDirectoryImpl.java:tryLock(230)) - Lock on /home/runner/work/ozone/ozone/hadoop-ozone/integration-test/target/test-dir/MiniOzoneClusterImpl-5212a7ac-80c3-46b0-8f30-1180f829ef0d/ozone-meta/scm-ha/5212a7ac-80c3-46b0-8f30-1180f829ef0d/in_use.lock acquired by nodename 10349@fv-az195-209
2022-03-01 14:06:46,693 [pool-164-thread-1] INFO  storage.RaftStorage (RaftStorageImpl.java:format(89)) - Storage directory /home/runner/work/ozone/ozone/hadoop-ozone/integration-test/target/test-dir/MiniOzoneClusterImpl-5212a7ac-80c3-46b0-8f30-1180f829ef0d/ozone-meta/scm-ha/5212a7ac-80c3-46b0-8f30-1180f829ef0d has been successfully formatted.
2022-03-01 14:06:46,693 [pool-164-thread-1] INFO  server.RaftServerConfigKeys (ConfUtils.java:logGet(44)) - raft.server.notification.no-leader.timeout = 60s (default)
2022-03-01 14:06:46,694 [pool-164-thread-1] INFO  server.RaftServerConfigKeys (ConfUtils.java:logGet(44)) - raft.server.log.use.memory = false (default)
2022-03-01 14:06:46,694 [pool-164-thread-1] INFO  server.RaftServerConfigKeys (ConfUtils.java:logGet(44)) - raft.server.log.purge.gap = 1000000 (custom)
2022-03-01 14:06:46,694 [pool-164-thread-1] INFO  server.RaftServerConfigKeys (ConfUtils.java:logGet(44)) - raft.server.log.appender.buffer.byte-limit = 33554432 (custom)
2022-03-01 14:06:46,694 [pool-164-thread-1] INFO  server.RaftServerConfigKeys (ConfUtils.java:logGet(44)) - raft.server.log.segment.size.max = 4194304 (custom)
2022-03-01 14:06:46,694 [pool-164-thread-1] INFO  server.RaftServerConfigKeys (ConfUtils.java:logGet(44)) - raft.server.log.segment.cache.num.max = 2 (custom)
2022-03-01 14:06:46,694 [pool-164-thread-1] INFO  server.RaftServerConfigKeys (ConfUtils.java:logGet(44)) - raft.server.log.segment.cache.size.max = 200MB (=209715200) (default)
2022-03-01 14:06:46,699 [pool-164-thread-1] INFO  segmented.SegmentedRaftLogWorker (SegmentedRaftLogWorker.java:<init>(182)) - new 180c4ed6-31c5-49f3-8fac-202ca6ca3c8a@group-1180F829EF0D-SegmentedRaftLogWorker for RaftStorageImpl:Storage Directory /home/runner/work/ozone/ozone/hadoop-ozone/integration-test/target/test-dir/MiniOzoneClusterImpl-5212a7ac-80c3-46b0-8f30-1180f829ef0d/ozone-meta/scm-ha/5212a7ac-80c3-46b0-8f30-1180f829ef0d
2022-03-01 14:06:46,699 [pool-164-thread-1] INFO  server.RaftServerConfigKeys (ConfUtils.java:logGet(44)) - raft.server.log.queue.byte-limit = 64MB (=67108864) (default)
2022-03-01 14:06:46,699 [pool-164-thread-1] INFO  server.RaftServerConfigKeys (ConfUtils.java:logGet(44)) - raft.server.log.queue.element-limit = 4096 (default)
2022-03-01 14:06:46,699 [pool-164-thread-1] INFO  server.RaftServerConfigKeys (ConfUtils.java:logGet(44)) - raft.server.log.segment.size.max = 4194304 (custom)
2022-03-01 14:06:46,699 [pool-164-thread-1] INFO  server.RaftServerConfigKeys (ConfUtils.java:logGet(44)) - raft.server.log.preallocated.size = 4194304 (custom)
2022-03-01 14:06:46,699 [pool-164-thread-1] INFO  server.RaftServerConfigKeys (ConfUtils.java:logGet(44)) - raft.server.log.force.sync.num = 128 (default)
2022-03-01 14:06:46,699 [pool-164-thread-1] INFO  server.RaftServerConfigKeys (ConfUtils.java:logGet(44)) - raft.server.log.statemachine.data.sync = true (default)
2022-03-01 14:06:46,699 [pool-164-thread-1] INFO  server.RaftServerConfigKeys (ConfUtils.java:logGet(44)) - raft.server.log.statemachine.data.sync.timeout = 10s (default)
2022-03-01 14:06:46,699 [pool-164-thread-1] INFO  server.RaftServerConfigKeys (ConfUtils.java:logGet(44)) - raft.server.log.statemachine.data.sync.timeout.retry = -1 (default)
2022-03-01 14:06:46,700 [pool-164-thread-1] INFO  server.RaftServerConfigKeys (ConfUtils.java:logGet(44)) - raft.server.log.write.buffer.size = 64KB (=65536) (default)
2022-03-01 14:06:46,700 [pool-164-thread-1] INFO  server.RaftServerConfigKeys (ConfUtils.java:logGet(44)) - raft.server.log.statemachine.data.caching.enabled = false (default)
2022-03-01 14:06:46,700 [pool-164-thread-1] INFO  segmented.SegmentedRaftLogWorker (SegmentedRaftLogWorker.java:lambda$new$0(133)) - 180c4ed6-31c5-49f3-8fac-202ca6ca3c8a@group-1180F829EF0D-SegmentedRaftLogWorker: flushIndex: setUnconditionally 0 -> -1
2022-03-01 14:06:46,700 [pool-164-thread-1] INFO  segmented.SegmentedRaftLogWorker (SegmentedRaftLogWorker.java:lambda$new$0(133)) - 180c4ed6-31c5-49f3-8fac-202ca6ca3c8a@group-1180F829EF0D-SegmentedRaftLogWorker: safeCacheEvictIndex: setUnconditionally 0 -> -1
2022-03-01 14:06:46,710 [pool-164-thread-1] INFO  server.RaftServerConfigKeys (ConfUtils.java:logGet(44)) - raft.server.snapshot.auto.trigger.enabled = true (custom)
2022-03-01 14:06:46,710 [pool-164-thread-1] INFO  server.RaftServerConfigKeys (ConfUtils.java:logGet(44)) - raft.server.snapshot.auto.trigger.threshold = 1000 (custom)
2022-03-01 14:06:46,710 [pool-164-thread-1] INFO  server.RaftServerConfigKeys (ConfUtils.java:logGet(44)) - raft.server.snapshot.retention.file.num = -1 (default)
2022-03-01 14:06:46,710 [pool-164-thread-1] INFO  server.RaftServerConfigKeys (ConfUtils.java:logGet(44)) - raft.server.log.purge.upto.snapshot.index = false (default)
2022-03-01 14:06:46,710 [pool-164-thread-1] INFO  server.RaftServerConfigKeys (ConfUtils.java:logGet(44)) - raft.server.retrycache.expirytime = 60000ms (default)
2022-03-01 14:06:46,711 [pool-164-thread-1] INFO  server.RaftServerConfigKeys (ConfUtils.java:logGet(44)) - raft.server.retrycache.statistics.expirytime = 100μs (default)
2022-03-01 14:06:46,712 [Listener at 127.0.0.1/38117] INFO  server.RaftServer$Division (RaftServerImpl.java:start(301)) - 180c4ed6-31c5-49f3-8fac-202ca6ca3c8a@group-1180F829EF0D: start as a follower, conf=-1: [180c4ed6-31c5-49f3-8fac-202ca6ca3c8a|rpc:fv-az195-209:9894|priority:0], old=null
2022-03-01 14:06:46,712 [Listener at 127.0.0.1/38117] INFO  server.RaftServer$Division (RaftServerImpl.java:setRole(290)) - 180c4ed6-31c5-49f3-8fac-202ca6ca3c8a@group-1180F829EF0D: changes role from      null to FOLLOWER at term 0 for startAsFollower
2022-03-01 14:06:46,712 [Listener at 127.0.0.1/38117] INFO  impl.RoleInfo (RoleInfo.java:updateAndGet(130)) - 180c4ed6-31c5-49f3-8fac-202ca6ca3c8a: start 180c4ed6-31c5-49f3-8fac-202ca6ca3c8a@group-1180F829EF0D-FollowerState
2022-03-01 14:06:46,713 [Listener at 127.0.0.1/38117] INFO  util.JmxRegister (JmxRegister.java:tryRegister(44)) - Successfully registered JMX Bean with object name Ratis:service=RaftServer,group=group-1180F829EF0D,id=180c4ed6-31c5-49f3-8fac-202ca6ca3c8a
2022-03-01 14:06:46,714 [Listener at 127.0.0.1/38117] INFO  server.RaftServer (RaftServerProxy.java:lambda$start$5(374)) - 180c4ed6-31c5-49f3-8fac-202ca6ca3c8a: start RPC server
2022-03-01 14:06:46,715 [Listener at 127.0.0.1/38117] INFO  server.GrpcService (GrpcService.java:startImpl(253)) - 180c4ed6-31c5-49f3-8fac-202ca6ca3c8a: GrpcService started, listening on 9894
2022-03-01 14:06:46,715 [org.apache.ratis.util.JvmPauseMonitor$$Lambda$421/1299661385@2d38cc6] INFO  util.JvmPauseMonitor (JvmPauseMonitor.java:run(103)) - JvmPauseMonitor-180c4ed6-31c5-49f3-8fac-202ca6ca3c8a: Started
2022-03-01 14:06:51,810 [180c4ed6-31c5-49f3-8fac-202ca6ca3c8a@group-1180F829EF0D-FollowerState] INFO  impl.FollowerState (FollowerState.java:run(134)) - 180c4ed6-31c5-49f3-8fac-202ca6ca3c8a@group-1180F829EF0D-FollowerState: change to CANDIDATE, lastRpcElapsedTime:5098103696ns, electionTimeout:5096ms
2022-03-01 14:06:51,811 [180c4ed6-31c5-49f3-8fac-202ca6ca3c8a@group-1180F829EF0D-FollowerState] INFO  impl.RoleInfo (RoleInfo.java:shutdownFollowerState(108)) - 180c4ed6-31c5-49f3-8fac-202ca6ca3c8a: shutdown 180c4ed6-31c5-49f3-8fac-202ca6ca3c8a@group-1180F829EF0D-FollowerState
2022-03-01 14:06:51,811 [180c4ed6-31c5-49f3-8fac-202ca6ca3c8a@group-1180F829EF0D-FollowerState] INFO  server.RaftServer$Division (RaftServerImpl.java:setRole(290)) - 180c4ed6-31c5-49f3-8fac-202ca6ca3c8a@group-1180F829EF0D: changes role from  FOLLOWER to CANDIDATE at term 0 for changeToCandidate
2022-03-01 14:06:51,811 [180c4ed6-31c5-49f3-8fac-202ca6ca3c8a@group-1180F829EF0D-FollowerState] INFO  server.RaftServerConfigKeys (ConfUtils.java:logGet(44)) - raft.server.leaderelection.pre-vote = false (custom)
2022-03-01 14:06:51,811 [180c4ed6-31c5-49f3-8fac-202ca6ca3c8a@group-1180F829EF0D-FollowerState] INFO  impl.RoleInfo (RoleInfo.java:updateAndGet(130)) - 180c4ed6-31c5-49f3-8fac-202ca6ca3c8a: start 180c4ed6-31c5-49f3-8fac-202ca6ca3c8a@group-1180F829EF0D-LeaderElection21
2022-03-01 14:06:51,827 [180c4ed6-31c5-49f3-8fac-202ca6ca3c8a@group-1180F829EF0D-LeaderElection21] INFO  impl.LeaderElection (LeaderElection.java:askForVotes(306)) - 180c4ed6-31c5-49f3-8fac-202ca6ca3c8a@group-1180F829EF0D-LeaderElection21 ELECTION round 0: submit vote requests at term 1 for -1: [180c4ed6-31c5-49f3-8fac-202ca6ca3c8a|rpc:fv-az195-209:9894|priority:0], old=null
2022-03-01 14:06:51,827 [180c4ed6-31c5-49f3-8fac-202ca6ca3c8a@group-1180F829EF0D-LeaderElection21] INFO  impl.LeaderElection (LeaderElection.java:askForVotes(308)) - 180c4ed6-31c5-49f3-8fac-202ca6ca3c8a@group-1180F829EF0D-LeaderElection21 ELECTION round 0: result PASSED (term=1)
2022-03-01 14:06:51,827 [180c4ed6-31c5-49f3-8fac-202ca6ca3c8a@group-1180F829EF0D-LeaderElection21] INFO  impl.RoleInfo (RoleInfo.java:shutdownLeaderElection(121)) - 180c4ed6-31c5-49f3-8fac-202ca6ca3c8a: shutdown 180c4ed6-31c5-49f3-8fac-202ca6ca3c8a@group-1180F829EF0D-LeaderElection21
2022-03-01 14:06:51,827 [180c4ed6-31c5-49f3-8fac-202ca6ca3c8a@group-1180F829EF0D-LeaderElection21] INFO  server.RaftServer$Division (RaftServerImpl.java:setRole(290)) - 180c4ed6-31c5-49f3-8fac-202ca6ca3c8a@group-1180F829EF0D: changes role from CANDIDATE to LEADER at term 1 for changeToLeader
2022-03-01 14:06:51,827 [180c4ed6-31c5-49f3-8fac-202ca6ca3c8a@group-1180F829EF0D-LeaderElection21] INFO  server.RaftServer$Division (ServerState.java:setLeader(285)) - 180c4ed6-31c5-49f3-8fac-202ca6ca3c8a@group-1180F829EF0D: change Leader from null to 180c4ed6-31c5-49f3-8fac-202ca6ca3c8a at term 1 for becomeLeader, leader elected after 5133ms
2022-03-01 14:06:51,827 [180c4ed6-31c5-49f3-8fac-202ca6ca3c8a@group-1180F829EF0D-LeaderElection21] INFO  server.RaftServerConfigKeys (ConfUtils.java:logGet(44)) - raft.server.staging.catchup.gap = 1000 (default)
2022-03-01 14:06:51,827 [180c4ed6-31c5-49f3-8fac-202ca6ca3c8a@group-1180F829EF0D-LeaderElection21] INFO  server.RaftServerConfigKeys (ConfUtils.java:logGet(44)) - raft.server.write.element-limit = 4096 (default)
2022-03-01 14:06:51,827 [180c4ed6-31c5-49f3-8fac-202ca6ca3c8a@group-1180F829EF0D-LeaderElection21] INFO  server.RaftServerConfigKeys (ConfUtils.java:logGet(44)) - raft.server.write.byte-limit = 64MB (=67108864) (default)
2022-03-01 14:06:51,828 [180c4ed6-31c5-49f3-8fac-202ca6ca3c8a@group-1180F829EF0D-LeaderElection21] INFO  server.RaftServerConfigKeys (ConfUtils.java:logGet(44)) - raft.server.watch.timeout = 10s (default)
2022-03-01 14:06:51,828 [180c4ed6-31c5-49f3-8fac-202ca6ca3c8a@group-1180F829EF0D-LeaderElection21] INFO  server.RaftServerConfigKeys (ConfUtils.java:logGet(44)) - raft.server.watch.timeout.denomination = 1s (default)
2022-03-01 14:06:51,828 [180c4ed6-31c5-49f3-8fac-202ca6ca3c8a@group-1180F829EF0D-LeaderElection21] INFO  server.RaftServerConfigKeys (ConfUtils.java:logGet(44)) - raft.server.watch.element-limit = 65536 (default)
2022-03-01 14:06:51,828 [180c4ed6-31c5-49f3-8fac-202ca6ca3c8a@group-1180F829EF0D-LeaderElection21] INFO  server.RaftServerConfigKeys (ConfUtils.java:logGet(44)) - raft.server.write.element-limit = 4096 (default)
2022-03-01 14:06:51,828 [180c4ed6-31c5-49f3-8fac-202ca6ca3c8a@group-1180F829EF0D-LeaderElection21] INFO  server.RaftServerConfigKeys (ConfUtils.java:logGet(44)) - raft.server.write.follower.gap.ratio.max = -1.0 (default)
2022-03-01 14:06:51,828 [180c4ed6-31c5-49f3-8fac-202ca6ca3c8a@group-1180F829EF0D-LeaderElection21] INFO  impl.RoleInfo (RoleInfo.java:updateAndGet(130)) - 180c4ed6-31c5-49f3-8fac-202ca6ca3c8a: start 180c4ed6-31c5-49f3-8fac-202ca6ca3c8a@group-1180F829EF0D-LeaderStateImpl
2022-03-01 14:06:51,829 [180c4ed6-31c5-49f3-8fac-202ca6ca3c8a@group-1180F829EF0D-LeaderElection21] INFO  segmented.SegmentedRaftLogWorker (SegmentedRaftLogWorker.java:startLogSegment(394)) - 180c4ed6-31c5-49f3-8fac-202ca6ca3c8a@group-1180F829EF0D-SegmentedRaftLogWorker: Starting segment from index:0
2022-03-01 14:06:51,834 [180c4ed6-31c5-49f3-8fac-202ca6ca3c8a@group-1180F829EF0D-LeaderElection21] INFO  server.RaftServer$Division (ServerState.java:setRaftConf(387)) - 180c4ed6-31c5-49f3-8fac-202ca6ca3c8a@group-1180F829EF0D: set configuration 0: [180c4ed6-31c5-49f3-8fac-202ca6ca3c8a|rpc:fv-az195-209:9894|admin:|client:|dataStream:|priority:0], old=null
2022-03-01 14:06:51,849 [180c4ed6-31c5-49f3-8fac-202ca6ca3c8a@group-1180F829EF0D-SegmentedRaftLogWorker] INFO  segmented.SegmentedRaftLogWorker (SegmentedRaftLogWorker.java:execute(601)) - 180c4ed6-31c5-49f3-8fac-202ca6ca3c8a@group-1180F829EF0D-SegmentedRaftLogWorker: created new log segment /home/runner/work/ozone/ozone/hadoop-ozone/integration-test/target/test-dir/MiniOzoneClusterImpl-5212a7ac-80c3-46b0-8f30-1180f829ef0d/ozone-meta/scm-ha/5212a7ac-80c3-46b0-8f30-1180f829ef0d/current/log_inprogress_0
2022-03-01 14:06:52,716 [Listener at 127.0.0.1/38117] INFO  server.RaftServer (RaftServerProxy.java:lambda$close$6(391)) - 180c4ed6-31c5-49f3-8fac-202ca6ca3c8a: close
2022-03-01 14:06:52,716 [Listener at 127.0.0.1/38117] INFO  server.RaftServer$Division (RaftServerImpl.java:lambda$close$4(412)) - 180c4ed6-31c5-49f3-8fac-202ca6ca3c8a@group-1180F829EF0D: shutdown
2022-03-01 14:06:52,718 [Listener at 127.0.0.1/38117] INFO  util.JmxRegister (JmxRegister.java:unregister(73)) - Successfully un-registered JMX Bean with object name Ratis:service=RaftServer,group=group-1180F829EF0D,id=180c4ed6-31c5-49f3-8fac-202ca6ca3c8a
2022-03-01 14:06:52,719 [Listener at 127.0.0.1/38117] INFO  impl.RoleInfo (RoleInfo.java:shutdownLeaderState(91)) - 180c4ed6-31c5-49f3-8fac-202ca6ca3c8a: shutdown 180c4ed6-31c5-49f3-8fac-202ca6ca3c8a@group-1180F829EF0D-LeaderStateImpl
2022-03-01 14:06:52,719 [Listener at 127.0.0.1/38117] INFO  impl.PendingRequests (PendingRequests.java:sendNotLeaderResponses(282)) - 180c4ed6-31c5-49f3-8fac-202ca6ca3c8a@group-1180F829EF0D-PendingRequests: sendNotLeaderResponses
2022-03-01 14:06:52,720 [180c4ed6-31c5-49f3-8fac-202ca6ca3c8a@group-1180F829EF0D-StateMachineUpdater] INFO  impl.StateMachineUpdater (StateMachineUpdater.java:takeSnapshot(281)) - 180c4ed6-31c5-49f3-8fac-202ca6ca3c8a@group-1180F829EF0D-StateMachineUpdater: Took a snapshot at index 0
2022-03-01 14:06:52,720 [180c4ed6-31c5-49f3-8fac-202ca6ca3c8a@group-1180F829EF0D-StateMachineUpdater] INFO  impl.StateMachineUpdater (StateMachineUpdater.java:lambda$new$0(89)) - 180c4ed6-31c5-49f3-8fac-202ca6ca3c8a@group-1180F829EF0D-StateMachineUpdater: snapshotIndex: updateIncreasingly -1 -> 0
2022-03-01 14:06:52,721 [Listener at 127.0.0.1/38117] INFO  impl.StateMachineUpdater (StateMachineUpdater.java:stopAndJoin(149)) - 180c4ed6-31c5-49f3-8fac-202ca6ca3c8a@group-1180F829EF0D-StateMachineUpdater: set stopIndex = 0
2022-03-01 14:06:52,721 [Listener at 127.0.0.1/38117] INFO  server.RaftServer$Division (ServerState.java:close(419)) - 180c4ed6-31c5-49f3-8fac-202ca6ca3c8a@group-1180F829EF0D: closes. applyIndex: 0
2022-03-01 14:06:52,721 [180c4ed6-31c5-49f3-8fac-202ca6ca3c8a@group-1180F829EF0D-SegmentedRaftLogWorker] INFO  segmented.SegmentedRaftLogWorker (SegmentedRaftLogWorker.java:run(327)) - 180c4ed6-31c5-49f3-8fac-202ca6ca3c8a@group-1180F829EF0D-SegmentedRaftLogWorker was interrupted, exiting. There are 0 tasks remaining in the queue.
2022-03-01 14:06:52,729 [Listener at 127.0.0.1/38117] INFO  segmented.SegmentedRaftLogWorker (SegmentedRaftLogWorker.java:close(237)) - 180c4ed6-31c5-49f3-8fac-202ca6ca3c8a@group-1180F829EF0D-SegmentedRaftLogWorker close()
2022-03-01 14:06:52,737 [Listener at 127.0.0.1/38117] INFO  server.GrpcService (GrpcService.java:closeImpl(262)) - 180c4ed6-31c5-49f3-8fac-202ca6ca3c8a: shutdown server with port 9894 now
2022-03-01 14:06:52,741 [Listener at 127.0.0.1/38117] INFO  server.GrpcService (GrpcService.java:closeImpl(271)) - 180c4ed6-31c5-49f3-8fac-202ca6ca3c8a: shutdown server with port 9894 successfully
2022-03-01 14:06:52,741 [org.apache.ratis.util.JvmPauseMonitor$$Lambda$421/1299661385@2d38cc6] INFO  util.JvmPauseMonitor (JvmPauseMonitor.java:run(109)) - JvmPauseMonitor-180c4ed6-31c5-49f3-8fac-202ca6ca3c8a: Stopped
2022-03-01 14:06:52,741 [Listener at 127.0.0.1/38117] INFO  ha.SCMHANodeDetails (SCMHANodeDetails.java:loadSCMHAConfig(157)) - ServiceID for StorageContainerManager is null
2022-03-01 14:06:52,741 [Listener at 127.0.0.1/38117] INFO  ha.SCMHANodeDetails (SCMHANodeDetails.java:loadSCMHAConfig(162)) - ozone.scm.default.service.id is not defined, falling back to ozone.scm.service.ids to find serviceID for StorageContainerManager if it is HA enabled cluster
2022-03-01 14:06:52,742 [Listener at 127.0.0.1/38117] WARN  server.ServerUtils (ServerUtils.java:getScmDbDir(148)) - ozone.scm.db.dirs is not configured. We recommend adding this setting. Falling back to ozone.metadata.dirs instead.
2022-03-01 14:06:52,742 [Listener at 127.0.0.1/38117] INFO  upgrade.AbstractLayoutVersionManager (AbstractLayoutVersionManager.java:init(79)) - Initializing Layout version manager with metadata layout = SCM_HA (version = 2), software layout = SCM_HA (version = 2)
2022-03-01 14:06:52,893 [Listener at 127.0.0.1/38117] INFO  reflections.Reflections (Reflections.java:scan(232)) - Reflections took 149 ms to scan 7 urls, producing 122 keys and 286 values 
2022-03-01 14:06:52,895 [Listener at 127.0.0.1/38117] WARN  utils.HAUtils (HAUtils.java:getMetaDir(342)) - ozone.scm.db.dirs is not configured. We recommend adding this setting. Falling back to ozone.metadata.dirs instead.
2022-03-01 14:06:52,896 [Listener at 127.0.0.1/38117] WARN  db.DBStoreBuilder (DBStoreBuilder.java:applyDBDefinition(145)) - ozone.scm.db.dirs is not configured. We recommend adding this setting. Falling back to ozone.metadata.dirs instead.
2022-03-01 14:06:53,130 [Listener at 127.0.0.1/38117] INFO  net.NodeSchemaLoader (NodeSchemaLoader.java:loadSchemaFromFile(129)) - Loading schema from [jar:file:/home/runner/.m2/repository/org/apache/ozone/hdds-common/1.3.0-SNAPSHOT/hdds-common-1.3.0-SNAPSHOT.jar!/network-topology-default.xml]
2022-03-01 14:06:53,130 [Listener at 127.0.0.1/38117] INFO  net.NodeSchemaLoader (NodeSchemaLoader.java:loadSchema(176)) - Loading network topology layer schema file
2022-03-01 14:06:53,142 [Listener at 127.0.0.1/38117] INFO  ha.SCMRatisServerImpl (SCMRatisServerImpl.java:<init>(87)) - starting Raft server for scm:180c4ed6-31c5-49f3-8fac-202ca6ca3c8a
2022-03-01 14:06:53,143 [Listener at 127.0.0.1/38117] INFO  server.RaftServer (ConfUtils.java:logGet(44)) - raft.rpc.type = GRPC (default)
2022-03-01 14:06:53,144 [Listener at 127.0.0.1/38117] INFO  grpc.GrpcFactory (GrpcFactory.java:checkPooledByteBufAllocatorUseCacheForAllThreads(48)) - PERFORMANCE WARNING: useCacheForAllThreads is true that may cause Netty to create a lot garbage objects and, as a result, trigger GC.
	It is recommended to disable useCacheForAllThreads by setting -Dorg.apache.ratis.thirdparty.io.netty.allocator.useCacheForAllThreads=false in command line.
2022-03-01 14:06:53,144 [Listener at 127.0.0.1/38117] INFO  grpc.GrpcConfigKeys (ConfUtils.java:logGet(44)) - raft.grpc.admin.port = -1 (default)
2022-03-01 14:06:53,148 [Listener at 127.0.0.1/38117] INFO  grpc.GrpcConfigKeys (ConfUtils.java:logGet(44)) - raft.grpc.server.port = 9894 (custom)
2022-03-01 14:06:53,149 [Listener at 127.0.0.1/38117] INFO  grpc.GrpcConfigKeys (ConfUtils.java:logGet(44)) - raft.grpc.client.port = -1 (default)
2022-03-01 14:06:53,156 [Listener at 127.0.0.1/38117] INFO  grpc.GrpcConfigKeys (ConfUtils.java:logGet(44)) - raft.grpc.server.port = 9894 (custom)
2022-03-01 14:06:53,157 [Listener at 127.0.0.1/38117] INFO  grpc.GrpcConfigKeys (ConfUtils.java:logGet(44)) - raft.grpc.server.port = 9894 (custom)
2022-03-01 14:06:53,157 [Listener at 127.0.0.1/38117] INFO  server.GrpcService (ConfUtils.java:logGet(44)) - raft.grpc.message.size.max = 32m (=33554432) (custom)
2022-03-01 14:06:53,157 [Listener at 127.0.0.1/38117] INFO  server.RaftServerConfigKeys (ConfUtils.java:logGet(44)) - raft.server.log.appender.buffer.byte-limit = 33554432 (custom)
2022-03-01 14:06:53,157 [Listener at 127.0.0.1/38117] INFO  server.GrpcService (ConfUtils.java:logGet(44)) - raft.grpc.flow.control.window = 1MB (=1048576) (default)
2022-03-01 14:06:53,157 [Listener at 127.0.0.1/38117] INFO  server.RaftServerConfigKeys (ConfUtils.java:logGet(44)) - raft.server.rpc.request.timeout = 30000ms (custom)
2022-03-01 14:06:53,159 [Listener at 127.0.0.1/38117] INFO  impl.DataStreamServerImpl (ConfUtils.java:logGet(44)) - raft.datastream.type = DISABLED (default)
2022-03-01 14:06:53,159 [Listener at 127.0.0.1/38117] INFO  server.RaftServerConfigKeys (ConfUtils.java:logGet(44)) - raft.server.rpc.slowness.timeout = 120000ms (custom)
2022-03-01 14:06:53,159 [Listener at 127.0.0.1/38117] INFO  server.RaftServerConfigKeys (ConfUtils.java:logGet(44)) - raft.server.leaderelection.leader.step-down.wait-time = 10s (default)
2022-03-01 14:06:53,159 [Listener at 127.0.0.1/38117] INFO  server.RaftServerConfigKeys (ConfUtils.java:logGet(44)) - raft.server.storage.dir = [/home/runner/work/ozone/ozone/hadoop-ozone/integration-test/target/test-dir/MiniOzoneClusterImpl-5212a7ac-80c3-46b0-8f30-1180f829ef0d/ozone-meta/scm-ha] (custom)
2022-03-01 14:06:53,159 [Listener at 127.0.0.1/38117] INFO  server.RaftServer (RaftServerProxy.java:lambda$null$1(235)) - 180c4ed6-31c5-49f3-8fac-202ca6ca3c8a: found a subdirectory /home/runner/work/ozone/ozone/hadoop-ozone/integration-test/target/test-dir/MiniOzoneClusterImpl-5212a7ac-80c3-46b0-8f30-1180f829ef0d/ozone-meta/scm-ha/5212a7ac-80c3-46b0-8f30-1180f829ef0d
2022-03-01 14:06:53,173 [Listener at 127.0.0.1/38117] INFO  server.RaftServer (RaftServerProxy.java:addNew(95)) - 180c4ed6-31c5-49f3-8fac-202ca6ca3c8a: addNew group-1180F829EF0D:[] returns group-1180F829EF0D:java.util.concurrent.CompletableFuture@6412d815[Not completed]
2022-03-01 14:06:53,177 [pool-177-thread-1] INFO  server.RaftServer$Division (RaftServerImpl.java:<init>(184)) - 180c4ed6-31c5-49f3-8fac-202ca6ca3c8a: new RaftServerImpl for group-1180F829EF0D:[] with SCMStateMachine:uninitialized
2022-03-01 14:06:53,181 [pool-177-thread-1] INFO  server.RaftServerConfigKeys (ConfUtils.java:logGet(44)) - raft.server.rpc.timeout.min = 5000ms (custom)
2022-03-01 14:06:53,181 [pool-177-thread-1] INFO  server.RaftServerConfigKeys (ConfUtils.java:logGet(44)) - raft.server.rpc.timeout.max = 5200ms (custom)
2022-03-01 14:06:53,181 [pool-177-thread-1] INFO  server.RaftServerConfigKeys (ConfUtils.java:logGet(44)) - raft.server.rpc.sleep.time = 25ms (default)
2022-03-01 14:06:53,181 [pool-177-thread-1] INFO  server.RaftServerConfigKeys (ConfUtils.java:logGet(44)) - raft.server.rpc.slowness.timeout = 120000ms (custom)
2022-03-01 14:06:53,181 [pool-177-thread-1] INFO  server.RaftServerConfigKeys (ConfUtils.java:logGet(44)) - raft.server.leaderelection.leader.step-down.wait-time = 10s (default)
2022-03-01 14:06:53,181 [pool-177-thread-1] INFO  server.RaftServerConfigKeys (ConfUtils.java:logGet(44)) - raft.server.sleep.deviation.threshold = 300ms (default)
2022-03-01 14:06:53,181 [pool-177-thread-1] INFO  server.RaftServerConfigKeys (ConfUtils.java:logGet(44)) - raft.server.log.appender.install.snapshot.enabled = false (custom)
2022-03-01 14:06:53,181 [pool-177-thread-1] INFO  server.RaftServer$Division (ServerState.java:<init>(105)) - 180c4ed6-31c5-49f3-8fac-202ca6ca3c8a@group-1180F829EF0D: ConfigurationManager, init=-1: [], old=null, confs=<EMPTY_MAP>
2022-03-01 14:06:53,181 [pool-177-thread-1] INFO  server.RaftServerConfigKeys (ConfUtils.java:logGet(44)) - raft.server.storage.dir = [/home/runner/work/ozone/ozone/hadoop-ozone/integration-test/target/test-dir/MiniOzoneClusterImpl-5212a7ac-80c3-46b0-8f30-1180f829ef0d/ozone-meta/scm-ha] (custom)
2022-03-01 14:06:53,182 [pool-177-thread-1] INFO  server.RaftServerConfigKeys (ConfUtils.java:logGet(44)) - raft.server.log.corruption.policy = EXCEPTION (default)
2022-03-01 14:06:53,182 [pool-177-thread-1] INFO  server.RaftServerConfigKeys (ConfUtils.java:logGet(44)) - raft.server.storage.free-space.min = 0MB (=0) (default)
2022-03-01 14:06:53,183 [pool-177-thread-1] INFO  storage.RaftStorageDirectory (RaftStorageDirectoryImpl.java:tryLock(230)) - Lock on /home/runner/work/ozone/ozone/hadoop-ozone/integration-test/target/test-dir/MiniOzoneClusterImpl-5212a7ac-80c3-46b0-8f30-1180f829ef0d/ozone-meta/scm-ha/5212a7ac-80c3-46b0-8f30-1180f829ef0d/in_use.lock acquired by nodename 10349@fv-az195-209
2022-03-01 14:06:53,184 [pool-177-thread-1] INFO  storage.RaftStorage (RaftStorageImpl.java:analyzeAndRecoverStorage(110)) - Read RaftStorageMetadata{term=1, votedFor=180c4ed6-31c5-49f3-8fac-202ca6ca3c8a} from /home/runner/work/ozone/ozone/hadoop-ozone/integration-test/target/test-dir/MiniOzoneClusterImpl-5212a7ac-80c3-46b0-8f30-1180f829ef0d/ozone-meta/scm-ha/5212a7ac-80c3-46b0-8f30-1180f829ef0d/current/raft-meta
2022-03-01 14:06:53,184 [pool-177-thread-1] INFO  server.RaftServer$Division (ServerState.java:setRaftConf(387)) - 180c4ed6-31c5-49f3-8fac-202ca6ca3c8a@group-1180F829EF0D: set configuration 0: [180c4ed6-31c5-49f3-8fac-202ca6ca3c8a|rpc:fv-az195-209:9894|admin:|client:|dataStream:|priority:0], old=null
2022-03-01 14:06:53,184 [pool-177-thread-1] INFO  server.RaftServerConfigKeys (ConfUtils.java:logGet(44)) - raft.server.notification.no-leader.timeout = 60s (default)
2022-03-01 14:06:53,184 [pool-177-thread-1] INFO  server.RaftServerConfigKeys (ConfUtils.java:logGet(44)) - raft.server.log.use.memory = false (default)
2022-03-01 14:06:53,184 [pool-177-thread-1] INFO  server.RaftServerConfigKeys (ConfUtils.java:logGet(44)) - raft.server.log.purge.gap = 1000000 (custom)
2022-03-01 14:06:53,185 [pool-177-thread-1] INFO  server.RaftServerConfigKeys (ConfUtils.java:logGet(44)) - raft.server.log.appender.buffer.byte-limit = 33554432 (custom)
2022-03-01 14:06:53,185 [pool-177-thread-1] INFO  server.RaftServerConfigKeys (ConfUtils.java:logGet(44)) - raft.server.log.segment.size.max = 4194304 (custom)
2022-03-01 14:06:53,185 [pool-177-thread-1] INFO  server.RaftServerConfigKeys (ConfUtils.java:logGet(44)) - raft.server.log.segment.cache.num.max = 2 (custom)
2022-03-01 14:06:53,185 [pool-177-thread-1] INFO  server.RaftServerConfigKeys (ConfUtils.java:logGet(44)) - raft.server.log.segment.cache.size.max = 200MB (=209715200) (default)
2022-03-01 14:06:53,185 [pool-177-thread-1] INFO  segmented.SegmentedRaftLogWorker (SegmentedRaftLogWorker.java:<init>(182)) - new 180c4ed6-31c5-49f3-8fac-202ca6ca3c8a@group-1180F829EF0D-SegmentedRaftLogWorker for RaftStorageImpl:Storage Directory /home/runner/work/ozone/ozone/hadoop-ozone/integration-test/target/test-dir/MiniOzoneClusterImpl-5212a7ac-80c3-46b0-8f30-1180f829ef0d/ozone-meta/scm-ha/5212a7ac-80c3-46b0-8f30-1180f829ef0d
2022-03-01 14:06:53,185 [pool-177-thread-1] INFO  server.RaftServerConfigKeys (ConfUtils.java:logGet(44)) - raft.server.log.queue.byte-limit = 64MB (=67108864) (default)
2022-03-01 14:06:53,185 [pool-177-thread-1] INFO  server.RaftServerConfigKeys (ConfUtils.java:logGet(44)) - raft.server.log.queue.element-limit = 4096 (default)
2022-03-01 14:06:53,185 [pool-177-thread-1] INFO  server.RaftServerConfigKeys (ConfUtils.java:logGet(44)) - raft.server.log.segment.size.max = 4194304 (custom)
2022-03-01 14:06:53,186 [pool-177-thread-1] INFO  server.RaftServerConfigKeys (ConfUtils.java:logGet(44)) - raft.server.log.preallocated.size = 4194304 (custom)
2022-03-01 14:06:53,186 [pool-177-thread-1] INFO  server.RaftServerConfigKeys (ConfUtils.java:logGet(44)) - raft.server.log.force.sync.num = 128 (default)
2022-03-01 14:06:53,186 [pool-177-thread-1] INFO  server.RaftServerConfigKeys (ConfUtils.java:logGet(44)) - raft.server.log.statemachine.data.sync = true (default)
2022-03-01 14:06:53,186 [pool-177-thread-1] INFO  server.RaftServerConfigKeys (ConfUtils.java:logGet(44)) - raft.server.log.statemachine.data.sync.timeout = 10s (default)
2022-03-01 14:06:53,186 [pool-177-thread-1] INFO  server.RaftServerConfigKeys (ConfUtils.java:logGet(44)) - raft.server.log.statemachine.data.sync.timeout.retry = -1 (default)
2022-03-01 14:06:53,186 [pool-177-thread-1] INFO  server.RaftServerConfigKeys (ConfUtils.java:logGet(44)) - raft.server.log.write.buffer.size = 64KB (=65536) (default)
2022-03-01 14:06:53,186 [pool-177-thread-1] INFO  server.RaftServerConfigKeys (ConfUtils.java:logGet(44)) - raft.server.log.statemachine.data.caching.enabled = false (default)
2022-03-01 14:06:53,187 [pool-177-thread-1] INFO  server.RaftServer$Division (ServerState.java:setRaftConf(387)) - 180c4ed6-31c5-49f3-8fac-202ca6ca3c8a@group-1180F829EF0D: set configuration 0: [180c4ed6-31c5-49f3-8fac-202ca6ca3c8a|rpc:fv-az195-209:9894|admin:|client:|dataStream:|priority:0], old=null
2022-03-01 14:06:53,187 [pool-177-thread-1] INFO  segmented.LogSegment (LogSegment.java:loadSegment(173)) - Successfully read 1 entries from segment file /home/runner/work/ozone/ozone/hadoop-ozone/integration-test/target/test-dir/MiniOzoneClusterImpl-5212a7ac-80c3-46b0-8f30-1180f829ef0d/ozone-meta/scm-ha/5212a7ac-80c3-46b0-8f30-1180f829ef0d/current/log_inprogress_0
2022-03-01 14:06:53,187 [pool-177-thread-1] INFO  segmented.SegmentedRaftLogWorker (SegmentedRaftLogWorker.java:lambda$new$0(133)) - 180c4ed6-31c5-49f3-8fac-202ca6ca3c8a@group-1180F829EF0D-SegmentedRaftLogWorker: flushIndex: setUnconditionally 0 -> 0
2022-03-01 14:06:53,187 [pool-177-thread-1] INFO  segmented.SegmentedRaftLogWorker (SegmentedRaftLogWorker.java:lambda$new$0(133)) - 180c4ed6-31c5-49f3-8fac-202ca6ca3c8a@group-1180F829EF0D-SegmentedRaftLogWorker: safeCacheEvictIndex: setUnconditionally 0 -> -1
2022-03-01 14:06:53,197 [pool-177-thread-1] INFO  server.RaftServerConfigKeys (ConfUtils.java:logGet(44)) - raft.server.snapshot.auto.trigger.enabled = true (custom)
2022-03-01 14:06:53,197 [pool-177-thread-1] INFO  server.RaftServerConfigKeys (ConfUtils.java:logGet(44)) - raft.server.snapshot.auto.trigger.threshold = 1000 (custom)
2022-03-01 14:06:53,197 [pool-177-thread-1] INFO  server.RaftServerConfigKeys (ConfUtils.java:logGet(44)) - raft.server.snapshot.retention.file.num = -1 (default)
2022-03-01 14:06:53,197 [pool-177-thread-1] INFO  server.RaftServerConfigKeys (ConfUtils.java:logGet(44)) - raft.server.log.purge.upto.snapshot.index = false (default)
2022-03-01 14:06:53,197 [pool-177-thread-1] INFO  server.RaftServerConfigKeys (ConfUtils.java:logGet(44)) - raft.server.retrycache.expirytime = 60000ms (default)
2022-03-01 14:06:53,197 [pool-177-thread-1] INFO  server.RaftServerConfigKeys (ConfUtils.java:logGet(44)) - raft.server.retrycache.statistics.expirytime = 100μs (default)
2022-03-01 14:06:53,198 [Listener at 127.0.0.1/38117] INFO  ha.SCMSnapshotProvider (SCMSnapshotProvider.java:<init>(66)) - Initializing SCM Snapshot Provider
2022-03-01 14:06:53,198 [Listener at 127.0.0.1/38117] WARN  server.ServerUtils (ServerUtils.java:getDefaultRatisDirectory(237)) - Storage directory for Ratis is not configured. It is a good idea to map this to an SSD disk. Falling back to ozone.metadata.dirs
2022-03-01 14:06:53,198 [Listener at 127.0.0.1/38117] WARN  ha.SCMHAUtils (SCMHAUtils.java:getSCMRatisSnapshotDirectory(151)) - SCM snapshot dir is not configured. Falling back to ozone.metadata.dirs config
2022-03-01 14:06:53,200 [Listener at 127.0.0.1/38117] INFO  ha.SequenceIdGenerator (SequenceIdGenerator.java:upgradeToSequenceId(347)) - upgrade localId to 109611004723200000
2022-03-01 14:06:53,200 [Listener at 127.0.0.1/38117] INFO  ha.SequenceIdGenerator (SequenceIdGenerator.java:upgradeToSequenceId(357)) - upgrade delTxnId to 0
2022-03-01 14:06:53,200 [Listener at 127.0.0.1/38117] INFO  ha.SequenceIdGenerator (SequenceIdGenerator.java:upgradeToSequenceId(371)) - upgrade containerId to 0
2022-03-01 14:06:53,201 [Listener at 127.0.0.1/38117] INFO  ha.SequenceIdGenerator (SequenceIdGenerator.java:<init>(218)) - Init the HA SequenceIdGenerator.
2022-03-01 14:06:53,201 [Listener at 127.0.0.1/38117] WARN  server.ServerUtils (ServerUtils.java:sanitizeUserArgs(73)) - ozone.scm.stale.node.interval value = 300000 is larger than max = 100000 based on the key value of ozone.scm.heartbeat.thread.interval, reset to the max value 100000.
2022-03-01 14:06:53,201 [Listener at 127.0.0.1/38117] WARN  server.ServerUtils (ServerUtils.java:sanitizeUserArgs(73)) - ozone.scm.stale.node.interval value = 300000 is larger than max = 100000 based on the key value of ozone.scm.heartbeat.thread.interval, reset to the max value 100000.
2022-03-01 14:06:53,213 [Listener at 127.0.0.1/38117] INFO  node.SCMNodeManager (SCMNodeManager.java:<init>(144)) - Entering startup safe mode.
2022-03-01 14:06:53,213 [Listener at 127.0.0.1/38117] INFO  algorithms.ContainerPlacementPolicyFactory (ContainerPlacementPolicyFactory.java:getPolicy(60)) - Create container placement policy of type org.apache.hadoop.hdds.scm.container.placement.algorithms.SCMContainerPlacementRandom
2022-03-01 14:06:53,213 [Listener at 127.0.0.1/38117] INFO  pipeline.PipelineStateManagerImpl (PipelineStateManagerImpl.java:initialize(78)) - No pipeline exists in current db
2022-03-01 14:06:53,215 [Listener at 127.0.0.1/38117] INFO  algorithms.LeaderChoosePolicyFactory (LeaderChoosePolicyFactory.java:getPolicy(57)) - Create leader choose policy of type org.apache.hadoop.hdds.scm.pipeline.leader.choose.algorithms.MinLeaderCountChoosePolicy
2022-03-01 14:06:53,215 [Listener at 127.0.0.1/38117] INFO  ha.SCMServiceManager (SCMServiceManager.java:register(42)) - Registering service BackgroundPipelineCreator.
2022-03-01 14:06:53,215 [Listener at 127.0.0.1/38117] INFO  pipeline.BackgroundPipelineCreator (BackgroundPipelineCreator.java:start(130)) - Starting RatisPipelineUtilsThread.
2022-03-01 14:06:53,225 [Listener at 127.0.0.1/38117] INFO  algorithms.PipelineChoosePolicyFactory (PipelineChoosePolicyFactory.java:createPipelineChoosePolicyFromClass(73)) - Create pipeline choose policy of type org.apache.hadoop.hdds.scm.pipeline.choose.algorithms.RandomPipelineChoosePolicy
2022-03-01 14:06:53,226 [Listener at 127.0.0.1/38117] INFO  ha.SCMServiceManager (SCMServiceManager.java:register(42)) - Registering service SCMBlockDeletingService.
2022-03-01 14:06:53,226 [Listener at 127.0.0.1/38117] INFO  ha.SCMServiceManager (SCMServiceManager.java:register(42)) - Registering service ReplicationManager.
2022-03-01 14:06:53,226 [Listener at 127.0.0.1/38117] INFO  container.ReplicationManager (ReplicationManager.java:start(326)) - Starting Replication Monitor Thread.
2022-03-01 14:06:53,233 [Listener at 127.0.0.1/38117] INFO  safemode.ContainerSafeModeRule (ContainerSafeModeRule.java:<init>(89)) - containers with one replica threshold count 0
2022-03-01 14:06:53,233 [Listener at 127.0.0.1/38117] INFO  safemode.HealthyPipelineSafeModeRule (HealthyPipelineSafeModeRule.java:initializeRule(156)) - Total pipeline count is 0, healthy pipeline threshold count is 1
2022-03-01 14:06:53,233 [Listener at 127.0.0.1/38117] INFO  safemode.OneReplicaPipelineSafeModeRule (OneReplicaPipelineSafeModeRule.java:initializeRule(180)) - Total pipeline count is 0, pipeline's with at least one datanode reported threshold count is 0
2022-03-01 14:06:53,261 [Listener at 127.0.0.1/38117] INFO  ipc.CallQueueManager (CallQueueManager.java:<init>(90)) - Using callQueue: class java.util.concurrent.LinkedBlockingQueue, queueCapacity: 2000, scheduler: class org.apache.hadoop.ipc.DefaultRpcScheduler, ipcBackoff: false.
2022-03-01 14:06:53,262 [Socket Reader #1 for port 0] INFO  ipc.Server (Server.java:run(1265)) - Starting Socket Reader #1 for port 0
2022-03-01 14:06:53,269 [Listener at 0.0.0.0/44569] INFO  ipc.CallQueueManager (CallQueueManager.java:<init>(90)) - Using callQueue: class java.util.concurrent.LinkedBlockingQueue, queueCapacity: 2000, scheduler: class org.apache.hadoop.ipc.DefaultRpcScheduler, ipcBackoff: false.
2022-03-01 14:06:53,273 [Socket Reader #1 for port 0] INFO  ipc.Server (Server.java:run(1265)) - Starting Socket Reader #1 for port 0
2022-03-01 14:06:53,284 [Listener at 0.0.0.0/40439] INFO  ipc.CallQueueManager (CallQueueManager.java:<init>(90)) - Using callQueue: class java.util.concurrent.LinkedBlockingQueue, queueCapacity: 2000, scheduler: class org.apache.hadoop.ipc.DefaultRpcScheduler, ipcBackoff: false.
2022-03-01 14:06:53,289 [Socket Reader #1 for port 0] INFO  ipc.Server (Server.java:run(1265)) - Starting Socket Reader #1 for port 0
2022-03-01 14:06:53,301 [ReplicationMonitor] INFO  container.ReplicationManager (ReplicationManager.java:processAll(374)) - Replication Manager is not ready to run until 3000ms after safemode exit
2022-03-01 14:06:53,345 [Listener at 0.0.0.0/36849] INFO  algorithms.ContainerPlacementPolicyFactory (ContainerPlacementPolicyFactory.java:getPolicy(60)) - Create container placement policy of type org.apache.hadoop.hdds.scm.container.placement.algorithms.SCMContainerPlacementRandom
2022-03-01 14:06:53,347 [Listener at 0.0.0.0/36849] INFO  server.StorageContainerManager (StorageContainerManager.java:<init>(392)) - 
Container Balancer status:
Key                            Value
Running                        false
Container Balancer Configuration values:
Key                                                Value
Threshold                                          10
Max Datanodes to Involve per Iteration(percent)    20
Max Size to Move per Iteration                     500GB
Max Size Entering Target per Iteration             26GB
Max Size Leaving Source per Iteration              26GB

2022-03-01 14:06:53,347 [Listener at 0.0.0.0/36849] WARN  events.EventQueue (EventQueue.java:fireEvent(194)) - No event handler registered for event TypedEvent{payloadType=SafeModeStatus, name='Safe mode status'}
2022-03-01 14:06:53,347 [Listener at 0.0.0.0/36849] INFO  ha.SCMContext (SCMContext.java:updateSafeModeStatus(211)) - Update SafeModeStatus from SafeModeStatus{safeModeStatus=true, preCheckPassed=false} to SafeModeStatus{safeModeStatus=true, preCheckPassed=false}.
2022-03-01 14:06:53,348 [Listener at 0.0.0.0/36849] INFO  server.StorageContainerManager (StorageContainerManager.java:start(1330)) - StorageContainerLocationProtocol RPC server is listening at /0.0.0.0:36849
2022-03-01 14:06:53,348 [Listener at 0.0.0.0/36849] INFO  ha.SCMRatisServerImpl (SCMRatisServerImpl.java:start(177)) - starting ratis server 0.0.0.0:9894
2022-03-01 14:06:53,356 [Listener at 0.0.0.0/36849] INFO  server.RaftServer$Division (RaftServerImpl.java:start(301)) - 180c4ed6-31c5-49f3-8fac-202ca6ca3c8a@group-1180F829EF0D: start as a follower, conf=0: [180c4ed6-31c5-49f3-8fac-202ca6ca3c8a|rpc:fv-az195-209:9894|admin:|client:|dataStream:|priority:0], old=null
2022-03-01 14:06:53,356 [Listener at 0.0.0.0/36849] INFO  server.RaftServer$Division (RaftServerImpl.java:setRole(290)) - 180c4ed6-31c5-49f3-8fac-202ca6ca3c8a@group-1180F829EF0D: changes role from      null to FOLLOWER at term 1 for startAsFollower
2022-03-01 14:06:53,356 [Listener at 0.0.0.0/36849] INFO  impl.RoleInfo (RoleInfo.java:updateAndGet(130)) - 180c4ed6-31c5-49f3-8fac-202ca6ca3c8a: start 180c4ed6-31c5-49f3-8fac-202ca6ca3c8a@group-1180F829EF0D-FollowerState
2022-03-01 14:06:53,363 [Listener at 0.0.0.0/36849] INFO  util.JmxRegister (JmxRegister.java:tryRegister(44)) - Successfully registered JMX Bean with object name Ratis:service=RaftServer,group=group-1180F829EF0D,id=180c4ed6-31c5-49f3-8fac-202ca6ca3c8a
2022-03-01 14:06:53,366 [Listener at 0.0.0.0/36849] INFO  server.RaftServer (RaftServerProxy.java:lambda$start$5(374)) - 180c4ed6-31c5-49f3-8fac-202ca6ca3c8a: start RPC server
2022-03-01 14:06:53,366 [Listener at 0.0.0.0/36849] INFO  server.GrpcService (GrpcService.java:startImpl(253)) - 180c4ed6-31c5-49f3-8fac-202ca6ca3c8a: GrpcService started, listening on 9894
2022-03-01 14:06:53,381 [Listener at 0.0.0.0/36849] INFO  ha.SCMHAManagerImpl (SCMHAManagerImpl.java:start(121)) -  scm role is FOLLOWER peers [180c4ed6-31c5-49f3-8fac-202ca6ca3c8a|rpc:fv-az195-209:9894|admin:|client:|dataStream:|priority:0]
2022-03-01 14:06:53,381 [org.apache.ratis.util.JvmPauseMonitor$$Lambda$421/1299661385@2af6e44c] INFO  util.JvmPauseMonitor (JvmPauseMonitor.java:run(103)) - JvmPauseMonitor-180c4ed6-31c5-49f3-8fac-202ca6ca3c8a: Started
2022-03-01 14:06:53,381 [Listener at 0.0.0.0/36849] INFO  ha.InterSCMGrpcService (InterSCMGrpcProtocolService.java:start(94)) - Starting SCM Grpc Service at port 9895
2022-03-01 14:06:53,383 [Listener at 0.0.0.0/36849] WARN  impl.MetricsConfig (MetricsConfig.java:loadFirst(136)) - Cannot locate configuration: tried hadoop-metrics2-storagecontainermanager.properties,hadoop-metrics2.properties
2022-03-01 14:06:53,401 [Listener at 0.0.0.0/36849] INFO  impl.MetricsSystemImpl (MetricsSystemImpl.java:startTimer(378)) - Scheduled Metric snapshot period at 10 second(s).
2022-03-01 14:06:53,401 [Listener at 0.0.0.0/36849] INFO  impl.MetricsSystemImpl (MetricsSystemImpl.java:start(191)) - StorageContainerManager metrics system started
2022-03-01 14:06:53,407 [Listener at 0.0.0.0/36849] INFO  impl.MetricsSinkAdapter (MetricsSinkAdapter.java:start(204)) - Sink prometheus started
2022-03-01 14:06:53,428 [Listener at 0.0.0.0/36849] INFO  impl.MetricsSystemImpl (MetricsSystemImpl.java:registerSink(305)) - Registered sink prometheus
2022-03-01 14:06:53,477 [Listener at 0.0.0.0/36849] INFO  server.SCMClientProtocolServer (SCMClientProtocolServer.java:start(165)) - RPC server for Client  is listening at /0.0.0.0:36849
2022-03-01 14:06:53,492 [IPC Server Responder] INFO  ipc.Server (Server.java:run(1507)) - IPC Server Responder: starting
2022-03-01 14:06:53,501 [IPC Server listener on 0] INFO  ipc.Server (Server.java:run(1344)) - IPC Server listener on 0: starting
2022-03-01 14:06:53,504 [Listener at 0.0.0.0/36849] INFO  server.StorageContainerManager (StorageContainerManager.java:start(1345)) - ScmBlockLocationProtocol RPC server is listening at /0.0.0.0:40439
2022-03-01 14:06:53,505 [Listener at 0.0.0.0/36849] INFO  server.SCMBlockProtocolServer (SCMBlockProtocolServer.java:start(151)) - RPC server for Block Protocol is listening at /0.0.0.0:40439
2022-03-01 14:06:53,509 [IPC Server Responder] INFO  ipc.Server (Server.java:run(1507)) - IPC Server Responder: starting
2022-03-01 14:06:53,513 [IPC Server listener on 0] INFO  ipc.Server (Server.java:run(1344)) - IPC Server listener on 0: starting
2022-03-01 14:06:53,526 [Listener at 0.0.0.0/36849] INFO  http.BaseHttpServer (BaseHttpServer.java:newHttpServer2BuilderForOzone(209)) - Starting Web-server for scm at: http://0.0.0.0:0
2022-03-01 14:06:53,526 [Listener at 0.0.0.0/36849] INFO  http.BaseHttpServer (BaseHttpServer.java:<init>(107)) - Hadoop Security Enabled: false Ozone Security Enabled: false Ozone HTTP Security Enabled: false 
2022-03-01 14:06:53,528 [org.apache.hadoop.util.JvmPauseMonitor$Monitor@331eb4cc] INFO  util.JvmPauseMonitor (JvmPauseMonitor.java:run(188)) - Starting JVM pause monitor
2022-03-01 14:06:53,530 [Listener at 0.0.0.0/36849] INFO  server.AuthenticationFilter (AuthenticationFilter.java:constructSecretProvider(240)) - Unable to initialize FileSignerSecretProvider, falling back to use random secrets.
2022-03-01 14:06:53,531 [Listener at 0.0.0.0/36849] WARN  http.HttpRequestLog (HttpRequestLog.java:getRequestLog(103)) - Jetty request log can only be enabled using Log4j
2022-03-01 14:06:53,534 [Listener at 0.0.0.0/36849] INFO  http.HttpServer2 (HttpServer2.java:addGlobalFilter(1030)) - Added global filter 'safety' (class=org.apache.hadoop.hdds.server.http.HttpServer2$QuotingInputFilter)
2022-03-01 14:06:53,541 [Listener at 0.0.0.0/36849] INFO  http.HttpServer2 (HttpServer2.java:addFilter(1006)) - Added filter static_user_filter (class=org.apache.hadoop.http.lib.StaticUserWebFilter$StaticUserFilter) to context scm
2022-03-01 14:06:53,541 [Listener at 0.0.0.0/36849] INFO  http.HttpServer2 (HttpServer2.java:addFilter(1014)) - Added filter static_user_filter (class=org.apache.hadoop.http.lib.StaticUserWebFilter$StaticUserFilter) to context logs
2022-03-01 14:06:53,541 [Listener at 0.0.0.0/36849] INFO  http.HttpServer2 (HttpServer2.java:addFilter(1014)) - Added filter static_user_filter (class=org.apache.hadoop.http.lib.StaticUserWebFilter$StaticUserFilter) to context static
2022-03-01 14:06:53,542 [Listener at 0.0.0.0/36849] INFO  http.HttpServer2 (HttpServer2.java:bindListener(1249)) - Jetty bound to port 44773
2022-03-01 14:06:53,542 [Listener at 0.0.0.0/36849] INFO  server.Server (Server.java:doStart(375)) - jetty-9.4.43.v20210629; built: 2021-06-30T11:07:22.254Z; git: 526006ecfa3af7f1a27ef3a288e2bef7ea9dd7e8; jvm 1.8.0_322-b06
2022-03-01 14:06:53,556 [Listener at 0.0.0.0/36849] INFO  server.session (DefaultSessionIdManager.java:doStart(334)) - DefaultSessionIdManager workerName=node0
2022-03-01 14:06:53,556 [Listener at 0.0.0.0/36849] INFO  server.session (DefaultSessionIdManager.java:doStart(339)) - No SessionScavenger set, using defaults
2022-03-01 14:06:53,557 [Listener at 0.0.0.0/36849] INFO  server.session (HouseKeeper.java:startScavenging(132)) - node0 Scavenging every 600000ms
2022-03-01 14:06:53,569 [Listener at 0.0.0.0/36849] INFO  handler.ContextHandler (ContextHandler.java:doStart(915)) - Started o.e.j.s.ServletContextHandler@7cfe750a{logs,/logs,file:///home/runner/work/ozone/ozone/hadoop-ozone/integration-test/target/log,AVAILABLE}
2022-03-01 14:06:53,570 [Listener at 0.0.0.0/36849] INFO  handler.ContextHandler (ContextHandler.java:doStart(915)) - Started o.e.j.s.ServletContextHandler@388c886{static,/static,file:///home/runner/work/ozone/ozone/hadoop-ozone/integration-test/target/test-classes/webapps/static,AVAILABLE}
2022-03-01 14:06:53,578 [Listener at 0.0.0.0/36849] INFO  handler.ContextHandler (ContextHandler.java:doStart(915)) - Started o.e.j.w.WebAppContext@4f02391b{scm,/,file:///home/runner/work/ozone/ozone/hadoop-ozone/integration-test/target/test-classes/webapps/scm/,AVAILABLE}{file:/home/runner/work/ozone/ozone/hadoop-ozone/integration-test/target/test-classes/webapps/scm}
2022-03-01 14:06:53,583 [Listener at 0.0.0.0/36849] INFO  server.AbstractConnector (AbstractConnector.java:doStart(331)) - Started ServerConnector@20ae77c8{HTTP/1.1, (http/1.1)}{0.0.0.0:44773}
2022-03-01 14:06:53,583 [Listener at 0.0.0.0/36849] INFO  server.Server (Server.java:doStart(415)) - Started @77826ms
2022-03-01 14:06:53,583 [Listener at 0.0.0.0/36849] WARN  impl.MetricsSystemImpl (MetricsSystemImpl.java:register(279)) - Sink prometheus already exists!
2022-03-01 14:06:53,584 [Listener at 0.0.0.0/36849] INFO  http.BaseHttpServer (BaseHttpServer.java:updateConnectorAddress(329)) - HTTP server of scm listening at http://0.0.0.0:44773
2022-03-01 14:06:53,584 [Listener at 0.0.0.0/36849] WARN  server.ServerUtils (ServerUtils.java:getDBPath(225)) - ozone.om.db.dirs is not configured. We recommend adding this setting. Falling back to ozone.metadata.dirs instead.
2022-03-01 14:06:53,587 [Listener at 0.0.0.0/36849] INFO  ha.OMHANodeDetails (OMHANodeDetails.java:loadOMHAConfig(112)) - ozone.om.internal.service.id is not defined, falling back to ozone.om.service.ids to find serviceID for OzoneManager if it is HA enabled cluster
2022-03-01 14:06:53,587 [Listener at 0.0.0.0/36849] INFO  ha.OMHANodeDetails (OMHANodeDetails.java:loadOMHAConfig(218)) - Configuration does not have ozone.om.address set. Falling back to the default OM address /127.0.0.1:0
2022-03-01 14:06:53,587 [Listener at 0.0.0.0/36849] INFO  ha.OMHANodeDetails (OMHANodeDetails.java:getOMNodeDetailsForNonHA(246)) - OM Service ID is not set. Setting it to the default ID: omServiceIdDefault
2022-03-01 14:06:53,587 [Listener at 0.0.0.0/36849] INFO  ha.OMHANodeDetails (OMHANodeDetails.java:getOMNodeDetailsForNonHA(253)) - OM Node ID is not set. Setting it to the default ID: om1
2022-03-01 14:06:53,588 [Listener at 0.0.0.0/36849] WARN  server.ServerUtils (ServerUtils.java:getDBPath(225)) - ozone.om.db.dirs is not configured. We recommend adding this setting. Falling back to ozone.metadata.dirs instead.
2022-03-01 14:06:53,588 [Listener at 0.0.0.0/36849] INFO  upgrade.AbstractLayoutVersionManager (AbstractLayoutVersionManager.java:init(79)) - Initializing Layout version manager with metadata layout = INITIAL_VERSION (version = 0), software layout = INITIAL_VERSION (version = 0)
2022-03-01 14:06:53,677 [Listener at 0.0.0.0/36849] INFO  reflections.Reflections (Reflections.java:scan(232)) - Reflections took 88 ms to scan 2 urls, producing 134 keys and 349 values [using 2 cores]
2022-03-01 14:06:53,677 [Listener at 0.0.0.0/36849] INFO  upgrade.OMLayoutVersionManager (OMLayoutVersionManager.java:lambda$0(115)) - Skipping Upgrade Action MockOmUpgradeAction since it has been finalized.
2022-03-01 14:06:53,677 [Listener at 0.0.0.0/36849] WARN  server.ServerUtils (ServerUtils.java:getDBPath(225)) - ozone.om.db.dirs is not configured. We recommend adding this setting. Falling back to ozone.metadata.dirs instead.
2022-03-01 14:06:55,702 [Listener at 0.0.0.0/36849] INFO  retry.RetryInvocationHandler (RetryInvocationHandler.java:log(411)) - com.google.protobuf.ServiceException: org.apache.hadoop.ipc.RemoteException(org.apache.hadoop.hdds.ratis.ServerNotLeaderException): Server:180c4ed6-31c5-49f3-8fac-202ca6ca3c8a is not the leader. Could not determine the leader node.
	at org.apache.hadoop.hdds.ratis.ServerNotLeaderException.convertToNotLeaderException(ServerNotLeaderException.java:109)
	at org.apache.hadoop.hdds.scm.ha.RatisUtil.checkRatisException(RatisUtil.java:246)
	at org.apache.hadoop.hdds.scm.protocol.ScmBlockLocationProtocolServerSideTranslatorPB.send(ScmBlockLocationProtocolServerSideTranslatorPB.java:108)
	at org.apache.hadoop.hdds.protocol.proto.ScmBlockLocationProtocolProtos$ScmBlockLocationProtocolService$2.callBlockingMethod(ScmBlockLocationProtocolProtos.java:13937)
	at org.apache.hadoop.ipc.ProtobufRpcEngine$Server.processCall(ProtobufRpcEngine.java:466)
	at org.apache.hadoop.ipc.ProtobufRpcEngine2$Server$ProtoBufRpcInvoker.call(ProtobufRpcEngine2.java:574)
	at org.apache.hadoop.ipc.ProtobufRpcEngine2$Server$ProtoBufRpcInvoker.call(ProtobufRpcEngine2.java:552)
	at org.apache.hadoop.ipc.RPC$Server.call(RPC.java:1093)
	at org.apache.hadoop.ipc.Server$RpcCall.run(Server.java:1035)
	at org.apache.hadoop.ipc.Server$RpcCall.run(Server.java:963)
	at java.security.AccessController.doPrivileged(Native Method)
	at javax.security.auth.Subject.doAs(Subject.java:422)
	at org.apache.hadoop.security.UserGroupInformation.doAs(UserGroupInformation.java:1878)
	at org.apache.hadoop.ipc.Server$Handler.run(Server.java:2966)
, while invoking $Proxy46.send over nodeId=scmNodeId,nodeAddress=/0.0.0.0:40439 after 1 failover attempts. Trying to failover after sleeping for 2000ms.
2022-03-01 14:06:57,706 [Listener at 0.0.0.0/36849] INFO  retry.RetryInvocationHandler (RetryInvocationHandler.java:log(411)) - com.google.protobuf.ServiceException: org.apache.hadoop.ipc.RemoteException(org.apache.hadoop.hdds.ratis.ServerNotLeaderException): Server:180c4ed6-31c5-49f3-8fac-202ca6ca3c8a is not the leader. Could not determine the leader node.
	at org.apache.hadoop.hdds.ratis.ServerNotLeaderException.convertToNotLeaderException(ServerNotLeaderException.java:109)
	at org.apache.hadoop.hdds.scm.ha.RatisUtil.checkRatisException(RatisUtil.java:246)
	at org.apache.hadoop.hdds.scm.protocol.ScmBlockLocationProtocolServerSideTranslatorPB.send(ScmBlockLocationProtocolServerSideTranslatorPB.java:108)
	at org.apache.hadoop.hdds.protocol.proto.ScmBlockLocationProtocolProtos$ScmBlockLocationProtocolService$2.callBlockingMethod(ScmBlockLocationProtocolProtos.java:13937)
	at org.apache.hadoop.ipc.ProtobufRpcEngine$Server.processCall(ProtobufRpcEngine.java:466)
	at org.apache.hadoop.ipc.ProtobufRpcEngine2$Server$ProtoBufRpcInvoker.call(ProtobufRpcEngine2.java:574)
	at org.apache.hadoop.ipc.ProtobufRpcEngine2$Server$ProtoBufRpcInvoker.call(ProtobufRpcEngine2.java:552)
	at org.apache.hadoop.ipc.RPC$Server.call(RPC.java:1093)
	at org.apache.hadoop.ipc.Server$RpcCall.run(Server.java:1035)
	at org.apache.hadoop.ipc.Server$RpcCall.run(Server.java:963)
	at java.security.AccessController.doPrivileged(Native Method)
	at javax.security.auth.Subject.doAs(Subject.java:422)
	at org.apache.hadoop.security.UserGroupInformation.doAs(UserGroupInformation.java:1878)
	at org.apache.hadoop.ipc.Server$Handler.run(Server.java:2966)
, while invoking $Proxy46.send over nodeId=scmNodeId,nodeAddress=/0.0.0.0:40439 after 2 failover attempts. Trying to failover after sleeping for 2000ms.
2022-03-01 14:06:58,383 [180c4ed6-31c5-49f3-8fac-202ca6ca3c8a@group-1180F829EF0D-FollowerState] INFO  impl.FollowerState (FollowerState.java:run(134)) - 180c4ed6-31c5-49f3-8fac-202ca6ca3c8a@group-1180F829EF0D-FollowerState: change to CANDIDATE, lastRpcElapsedTime:5027022097ns, electionTimeout:5020ms
2022-03-01 14:06:58,384 [180c4ed6-31c5-49f3-8fac-202ca6ca3c8a@group-1180F829EF0D-FollowerState] INFO  impl.RoleInfo (RoleInfo.java:shutdownFollowerState(108)) - 180c4ed6-31c5-49f3-8fac-202ca6ca3c8a: shutdown 180c4ed6-31c5-49f3-8fac-202ca6ca3c8a@group-1180F829EF0D-FollowerState
2022-03-01 14:06:58,384 [180c4ed6-31c5-49f3-8fac-202ca6ca3c8a@group-1180F829EF0D-FollowerState] INFO  server.RaftServer$Division (RaftServerImpl.java:setRole(290)) - 180c4ed6-31c5-49f3-8fac-202ca6ca3c8a@group-1180F829EF0D: changes role from  FOLLOWER to CANDIDATE at term 1 for changeToCandidate
2022-03-01 14:06:58,384 [180c4ed6-31c5-49f3-8fac-202ca6ca3c8a@group-1180F829EF0D-FollowerState] INFO  server.RaftServerConfigKeys (ConfUtils.java:logGet(44)) - raft.server.leaderelection.pre-vote = false (custom)
2022-03-01 14:06:58,384 [180c4ed6-31c5-49f3-8fac-202ca6ca3c8a@group-1180F829EF0D-FollowerState] INFO  impl.RoleInfo (RoleInfo.java:updateAndGet(130)) - 180c4ed6-31c5-49f3-8fac-202ca6ca3c8a: start 180c4ed6-31c5-49f3-8fac-202ca6ca3c8a@group-1180F829EF0D-LeaderElection22
2022-03-01 14:06:58,394 [180c4ed6-31c5-49f3-8fac-202ca6ca3c8a@group-1180F829EF0D-LeaderElection22] INFO  impl.LeaderElection (LeaderElection.java:askForVotes(306)) - 180c4ed6-31c5-49f3-8fac-202ca6ca3c8a@group-1180F829EF0D-LeaderElection22 ELECTION round 0: submit vote requests at term 2 for 0: [180c4ed6-31c5-49f3-8fac-202ca6ca3c8a|rpc:fv-az195-209:9894|admin:|client:|dataStream:|priority:0], old=null
2022-03-01 14:06:58,395 [180c4ed6-31c5-49f3-8fac-202ca6ca3c8a@group-1180F829EF0D-LeaderElection22] INFO  impl.LeaderElection (LeaderElection.java:askForVotes(308)) - 180c4ed6-31c5-49f3-8fac-202ca6ca3c8a@group-1180F829EF0D-LeaderElection22 ELECTION round 0: result PASSED (term=2)
2022-03-01 14:06:58,395 [180c4ed6-31c5-49f3-8fac-202ca6ca3c8a@group-1180F829EF0D-LeaderElection22] INFO  impl.RoleInfo (RoleInfo.java:shutdownLeaderElection(121)) - 180c4ed6-31c5-49f3-8fac-202ca6ca3c8a: shutdown 180c4ed6-31c5-49f3-8fac-202ca6ca3c8a@group-1180F829EF0D-LeaderElection22
2022-03-01 14:06:58,395 [180c4ed6-31c5-49f3-8fac-202ca6ca3c8a@group-1180F829EF0D-LeaderElection22] INFO  server.RaftServer$Division (RaftServerImpl.java:setRole(290)) - 180c4ed6-31c5-49f3-8fac-202ca6ca3c8a@group-1180F829EF0D: changes role from CANDIDATE to LEADER at term 2 for changeToLeader
2022-03-01 14:06:58,395 [180c4ed6-31c5-49f3-8fac-202ca6ca3c8a@group-1180F829EF0D-LeaderElection22] INFO  ha.SCMStateMachine (SCMStateMachine.java:notifyLeaderChanged(259)) - current SCM becomes leader of term 2.
2022-03-01 14:06:58,395 [180c4ed6-31c5-49f3-8fac-202ca6ca3c8a@group-1180F829EF0D-LeaderElection22] INFO  ha.SCMContext (SCMContext.java:updateLeaderAndTerm(90)) - update <isLeader,term> from <false,0> to <true,2>
2022-03-01 14:06:58,395 [180c4ed6-31c5-49f3-8fac-202ca6ca3c8a@group-1180F829EF0D-LeaderElection22] INFO  server.RaftServer$Division (ServerState.java:setLeader(285)) - 180c4ed6-31c5-49f3-8fac-202ca6ca3c8a@group-1180F829EF0D: change Leader from null to 180c4ed6-31c5-49f3-8fac-202ca6ca3c8a at term 2 for becomeLeader, leader elected after 5210ms
2022-03-01 14:06:58,395 [180c4ed6-31c5-49f3-8fac-202ca6ca3c8a@group-1180F829EF0D-LeaderElection22] INFO  server.RaftServerConfigKeys (ConfUtils.java:logGet(44)) - raft.server.staging.catchup.gap = 1000 (default)
2022-03-01 14:06:58,395 [180c4ed6-31c5-49f3-8fac-202ca6ca3c8a@group-1180F829EF0D-LeaderElection22] INFO  server.RaftServerConfigKeys (ConfUtils.java:logGet(44)) - raft.server.write.element-limit = 4096 (default)
2022-03-01 14:06:58,400 [180c4ed6-31c5-49f3-8fac-202ca6ca3c8a@group-1180F829EF0D-LeaderElection22] INFO  server.RaftServerConfigKeys (ConfUtils.java:logGet(44)) - raft.server.write.byte-limit = 64MB (=67108864) (default)
2022-03-01 14:06:58,401 [180c4ed6-31c5-49f3-8fac-202ca6ca3c8a@group-1180F829EF0D-LeaderElection22] INFO  server.RaftServerConfigKeys (ConfUtils.java:logGet(44)) - raft.server.watch.timeout = 10s (default)
2022-03-01 14:06:58,401 [180c4ed6-31c5-49f3-8fac-202ca6ca3c8a@group-1180F829EF0D-LeaderElection22] INFO  server.RaftServerConfigKeys (ConfUtils.java:logGet(44)) - raft.server.watch.timeout.denomination = 1s (default)
2022-03-01 14:06:58,401 [180c4ed6-31c5-49f3-8fac-202ca6ca3c8a@group-1180F829EF0D-LeaderElection22] INFO  server.RaftServerConfigKeys (ConfUtils.java:logGet(44)) - raft.server.watch.element-limit = 65536 (default)
2022-03-01 14:06:58,401 [180c4ed6-31c5-49f3-8fac-202ca6ca3c8a@group-1180F829EF0D-LeaderElection22] INFO  server.RaftServerConfigKeys (ConfUtils.java:logGet(44)) - raft.server.write.element-limit = 4096 (default)
2022-03-01 14:06:58,401 [180c4ed6-31c5-49f3-8fac-202ca6ca3c8a@group-1180F829EF0D-LeaderElection22] INFO  server.RaftServerConfigKeys (ConfUtils.java:logGet(44)) - raft.server.write.follower.gap.ratio.max = -1.0 (default)
2022-03-01 14:06:58,401 [180c4ed6-31c5-49f3-8fac-202ca6ca3c8a@group-1180F829EF0D-LeaderElection22] INFO  impl.RoleInfo (RoleInfo.java:updateAndGet(130)) - 180c4ed6-31c5-49f3-8fac-202ca6ca3c8a: start 180c4ed6-31c5-49f3-8fac-202ca6ca3c8a@group-1180F829EF0D-LeaderStateImpl
2022-03-01 14:06:58,402 [180c4ed6-31c5-49f3-8fac-202ca6ca3c8a@group-1180F829EF0D-LeaderElection22] INFO  segmented.SegmentedRaftLogWorker (SegmentedRaftLogWorker.java:rollLogSegment(399)) - 180c4ed6-31c5-49f3-8fac-202ca6ca3c8a@group-1180F829EF0D-SegmentedRaftLogWorker: Rolling segment log-0_0 to index:0
2022-03-01 14:06:58,405 [180c4ed6-31c5-49f3-8fac-202ca6ca3c8a@group-1180F829EF0D-SegmentedRaftLogWorker] INFO  segmented.SegmentedRaftLogWorker (SegmentedRaftLogWorker.java:execute(558)) - 180c4ed6-31c5-49f3-8fac-202ca6ca3c8a@group-1180F829EF0D-SegmentedRaftLogWorker: Rolled log segment from /home/runner/work/ozone/ozone/hadoop-ozone/integration-test/target/test-dir/MiniOzoneClusterImpl-5212a7ac-80c3-46b0-8f30-1180f829ef0d/ozone-meta/scm-ha/5212a7ac-80c3-46b0-8f30-1180f829ef0d/current/log_inprogress_0 to /home/runner/work/ozone/ozone/hadoop-ozone/integration-test/target/test-dir/MiniOzoneClusterImpl-5212a7ac-80c3-46b0-8f30-1180f829ef0d/ozone-meta/scm-ha/5212a7ac-80c3-46b0-8f30-1180f829ef0d/current/log_0-0
2022-03-01 14:06:58,429 [180c4ed6-31c5-49f3-8fac-202ca6ca3c8a@group-1180F829EF0D-LeaderElection22] INFO  server.RaftServer$Division (ServerState.java:setRaftConf(387)) - 180c4ed6-31c5-49f3-8fac-202ca6ca3c8a@group-1180F829EF0D: set configuration 1: [180c4ed6-31c5-49f3-8fac-202ca6ca3c8a|rpc:fv-az195-209:9894|admin:|client:|dataStream:|priority:0], old=null
2022-03-01 14:06:58,433 [180c4ed6-31c5-49f3-8fac-202ca6ca3c8a@group-1180F829EF0D-SegmentedRaftLogWorker] INFO  segmented.SegmentedRaftLogWorker (SegmentedRaftLogWorker.java:execute(601)) - 180c4ed6-31c5-49f3-8fac-202ca6ca3c8a@group-1180F829EF0D-SegmentedRaftLogWorker: created new log segment /home/runner/work/ozone/ozone/hadoop-ozone/integration-test/target/test-dir/MiniOzoneClusterImpl-5212a7ac-80c3-46b0-8f30-1180f829ef0d/ozone-meta/scm-ha/5212a7ac-80c3-46b0-8f30-1180f829ef0d/current/log_inprogress_1
2022-03-01 14:06:58,437 [180c4ed6-31c5-49f3-8fac-202ca6ca3c8a@group-1180F829EF0D-StateMachineUpdater] INFO  ha.SCMContext (SCMContext.java:setLeaderReady(117)) - update <isLeaderReady> from <false> to <true>
2022-03-01 14:06:58,439 [180c4ed6-31c5-49f3-8fac-202ca6ca3c8a@group-1180F829EF0D-StateMachineUpdater] INFO  pipeline.BackgroundPipelineCreator (BackgroundPipelineCreator.java:notifyStatusChanged(264)) - Service BackgroundPipelineCreator transitions to RUNNING.
2022-03-01 14:06:58,440 [180c4ed6-31c5-49f3-8fac-202ca6ca3c8a@group-1180F829EF0D-StateMachineUpdater] INFO  safemode.HealthyPipelineSafeModeRule (HealthyPipelineSafeModeRule.java:initializeRule(152)) - Refreshed total pipeline count is 0, healthy pipeline threshold count is 1
2022-03-01 14:06:58,440 [180c4ed6-31c5-49f3-8fac-202ca6ca3c8a@group-1180F829EF0D-StateMachineUpdater] INFO  safemode.ContainerSafeModeRule (ContainerSafeModeRule.java:reInitializeRule(177)) - Refreshed one replica container threshold 0, currentThreshold 0
2022-03-01 14:06:58,440 [180c4ed6-31c5-49f3-8fac-202ca6ca3c8a@group-1180F829EF0D-StateMachineUpdater] INFO  safemode.OneReplicaPipelineSafeModeRule (OneReplicaPipelineSafeModeRule.java:initializeRule(176)) - Refreshed Total pipeline count is 0, pipeline's with at least one datanode reported threshold count is 0
2022-03-01 14:06:58,440 [180c4ed6-31c5-49f3-8fac-202ca6ca3c8a@group-1180F829EF0D-StateMachineUpdater] INFO  server.SCMDatanodeProtocolServer (SCMDatanodeProtocolServer.java:start(181)) - ScmDatanodeProtocol RPC server for DataNodes is listening at /0.0.0.0:44569
2022-03-01 14:06:58,449 [IPC Server listener on 0] INFO  ipc.Server (Server.java:run(1344)) - IPC Server listener on 0: starting
2022-03-01 14:06:58,497 [IPC Server Responder] INFO  ipc.Server (Server.java:run(1507)) - IPC Server Responder: starting
2022-03-01 14:06:59,710 [Listener at 0.0.0.0/36849] WARN  server.ServerUtils (ServerUtils.java:getDBPath(225)) - ozone.om.db.dirs is not configured. We recommend adding this setting. Falling back to ozone.metadata.dirs instead.
2022-03-01 14:06:59,711 [Listener at 0.0.0.0/36849] INFO  codec.OmKeyInfoCodec (OmKeyInfoCodec.java:<init>(50)) - OmKeyInfoCodec ignorePipeline = true
2022-03-01 14:06:59,711 [Listener at 0.0.0.0/36849] INFO  codec.RepeatedOmKeyInfoCodec (RepeatedOmKeyInfoCodec.java:<init>(42)) - RepeatedOmKeyInfoCodec ignorePipeline = true
2022-03-01 14:06:59,982 [Listener at 0.0.0.0/36849] INFO  om.OzoneManager (OzoneManager.java:addS3GVolumeToDB(3732)) - Created Volume s3v With Owner runner required for S3Gateway operations.
2022-03-01 14:06:59,988 [Listener at 0.0.0.0/36849] WARN  server.ServerUtils (ServerUtils.java:getDefaultRatisDirectory(237)) - Storage directory for Ratis is not configured. It is a good idea to map this to an SSD disk. Falling back to ozone.metadata.dirs
2022-03-01 14:06:59,989 [Listener at 0.0.0.0/36849] WARN  utils.OzoneManagerRatisUtils (OzoneManagerRatisUtils.java:getOMRatisSnapshotDirectory(330)) - ozone.om.ratis.snapshot.dir is not configured. Falling back to ozone.metadata.dirs config
2022-03-01 14:06:59,990 [Listener at 0.0.0.0/36849] WARN  impl.MetricRegistriesImpl (MetricRegistriesImpl.java:addReporterRegistration(111)) - New reporters are added after registries were created. Some metrics will be missing from the reporter. Please add reporter before adding any new registry.
2022-03-01 14:06:59,990 [Listener at 0.0.0.0/36849] WARN  impl.MetricRegistriesImpl (MetricRegistriesImpl.java:addReporterRegistration(111)) - New reporters are added after registries were created. Some metrics will be missing from the reporter. Please add reporter before adding any new registry.
2022-03-01 14:06:59,990 [Listener at 0.0.0.0/36849] WARN  server.ServerUtils (ServerUtils.java:getDefaultRatisDirectory(237)) - Storage directory for Ratis is not configured. It is a good idea to map this to an SSD disk. Falling back to ozone.metadata.dirs
2022-03-01 14:06:59,991 [Listener at 0.0.0.0/36849] INFO  ratis.OzoneManagerRatisServer (OzoneManagerRatisServer.java:<init>(159)) - Instantiating OM Ratis server with groupID: omServiceIdDefault and peers: localhost:9872
2022-03-01 14:06:59,992 [Listener at 0.0.0.0/36849] INFO  ratis.OzoneManagerStateMachine (OzoneManagerStateMachine.java:loadSnapshotInfoFromDB(605)) - LastAppliedIndex is set from TransactionInfo from OM DB as (t:0, i:~)
2022-03-01 14:07:00,001 [Listener at 0.0.0.0/36849] INFO  server.RaftServer (ConfUtils.java:logGet(44)) - raft.rpc.type = GRPC (default)
2022-03-01 14:07:00,001 [Listener at 0.0.0.0/36849] INFO  grpc.GrpcFactory (GrpcFactory.java:checkPooledByteBufAllocatorUseCacheForAllThreads(48)) - PERFORMANCE WARNING: useCacheForAllThreads is true that may cause Netty to create a lot garbage objects and, as a result, trigger GC.
	It is recommended to disable useCacheForAllThreads by setting -Dorg.apache.ratis.thirdparty.io.netty.allocator.useCacheForAllThreads=false in command line.
2022-03-01 14:07:00,001 [Listener at 0.0.0.0/36849] INFO  grpc.GrpcConfigKeys (ConfUtils.java:logGet(44)) - raft.grpc.admin.port = -1 (default)
2022-03-01 14:07:00,001 [Listener at 0.0.0.0/36849] INFO  grpc.GrpcConfigKeys (ConfUtils.java:logGet(44)) - raft.grpc.server.port = 9872 (custom)
2022-03-01 14:07:00,001 [Listener at 0.0.0.0/36849] INFO  grpc.GrpcConfigKeys (ConfUtils.java:logGet(44)) - raft.grpc.client.port = -1 (default)
2022-03-01 14:07:00,001 [Listener at 0.0.0.0/36849] INFO  grpc.GrpcConfigKeys (ConfUtils.java:logGet(44)) - raft.grpc.server.port = 9872 (custom)
2022-03-01 14:07:00,002 [Listener at 0.0.0.0/36849] INFO  grpc.GrpcConfigKeys (ConfUtils.java:logGet(44)) - raft.grpc.server.port = 9872 (custom)
2022-03-01 14:07:00,002 [Listener at 0.0.0.0/36849] INFO  server.GrpcService (ConfUtils.java:logGet(44)) - raft.grpc.message.size.max = 33554432 (custom)
2022-03-01 14:07:00,002 [Listener at 0.0.0.0/36849] INFO  server.RaftServerConfigKeys (ConfUtils.java:logGet(44)) - raft.server.log.appender.buffer.byte-limit = 33554432 (custom)
2022-03-01 14:07:00,002 [Listener at 0.0.0.0/36849] INFO  server.GrpcService (ConfUtils.java:logGet(44)) - raft.grpc.flow.control.window = 1MB (=1048576) (default)
2022-03-01 14:07:00,002 [Listener at 0.0.0.0/36849] INFO  server.RaftServerConfigKeys (ConfUtils.java:logGet(44)) - raft.server.rpc.request.timeout = 3000ms (default)
2022-03-01 14:07:00,003 [Listener at 0.0.0.0/36849] INFO  impl.DataStreamServerImpl (ConfUtils.java:logGet(44)) - raft.datastream.type = DISABLED (default)
2022-03-01 14:07:00,004 [Listener at 0.0.0.0/36849] INFO  server.RaftServerConfigKeys (ConfUtils.java:logGet(44)) - raft.server.rpc.slowness.timeout = 120s (custom)
2022-03-01 14:07:00,004 [Listener at 0.0.0.0/36849] INFO  server.RaftServerConfigKeys (ConfUtils.java:logGet(44)) - raft.server.leaderelection.leader.step-down.wait-time = 10s (default)
2022-03-01 14:07:00,004 [Listener at 0.0.0.0/36849] INFO  server.RaftServerConfigKeys (ConfUtils.java:logGet(44)) - raft.server.storage.dir = [/home/runner/work/ozone/ozone/hadoop-ozone/integration-test/target/test-dir/MiniOzoneClusterImpl-5212a7ac-80c3-46b0-8f30-1180f829ef0d/ozone-meta/ratis] (custom)
2022-03-01 14:07:00,009 [Listener at 0.0.0.0/36849] INFO  server.RaftServer (RaftServerProxy.java:addNew(95)) - om1: addNew group-C5BA1605619E:[om1|rpc:localhost:9872|priority:0] returns group-C5BA1605619E:java.util.concurrent.CompletableFuture@5c7a4143[Not completed]
2022-03-01 14:07:00,009 [Listener at 0.0.0.0/36849] INFO  om.OzoneManager (OzoneManager.java:initializeRatisServer(1834)) - OzoneManager Ratis server initialized at port 9872
2022-03-01 14:07:00,011 [Listener at 0.0.0.0/36849] INFO  ipc.CallQueueManager (CallQueueManager.java:<init>(90)) - Using callQueue: class java.util.concurrent.LinkedBlockingQueue, queueCapacity: 2000, scheduler: class org.apache.hadoop.ipc.DefaultRpcScheduler, ipcBackoff: false.
2022-03-01 14:07:00,012 [pool-213-thread-1] INFO  server.RaftServer$Division (RaftServerImpl.java:<init>(184)) - om1: new RaftServerImpl for group-C5BA1605619E:[om1|rpc:localhost:9872|priority:0] with OzoneManagerStateMachine:uninitialized
2022-03-01 14:07:00,029 [pool-213-thread-1] INFO  server.RaftServerConfigKeys (ConfUtils.java:logGet(44)) - raft.server.rpc.timeout.min = 1s (custom)
2022-03-01 14:07:00,029 [pool-213-thread-1] INFO  server.RaftServerConfigKeys (ConfUtils.java:logGet(44)) - raft.server.rpc.timeout.max = 1200ms (custom)
2022-03-01 14:07:00,029 [pool-213-thread-1] INFO  server.RaftServerConfigKeys (ConfUtils.java:logGet(44)) - raft.server.rpc.sleep.time = 25ms (default)
2022-03-01 14:07:00,030 [pool-213-thread-1] INFO  server.RaftServerConfigKeys (ConfUtils.java:logGet(44)) - raft.server.rpc.slowness.timeout = 120s (custom)
2022-03-01 14:07:00,030 [pool-213-thread-1] INFO  server.RaftServerConfigKeys (ConfUtils.java:logGet(44)) - raft.server.leaderelection.leader.step-down.wait-time = 10s (default)
2022-03-01 14:07:00,030 [pool-213-thread-1] INFO  server.RaftServerConfigKeys (ConfUtils.java:logGet(44)) - raft.server.sleep.deviation.threshold = 300ms (default)
2022-03-01 14:07:00,030 [pool-213-thread-1] INFO  server.RaftServerConfigKeys (ConfUtils.java:logGet(44)) - raft.server.log.appender.install.snapshot.enabled = false (custom)
2022-03-01 14:07:00,030 [pool-213-thread-1] INFO  server.RaftServer$Division (ServerState.java:<init>(105)) - om1@group-C5BA1605619E: ConfigurationManager, init=-1: [om1|rpc:localhost:9872|priority:0], old=null, confs=<EMPTY_MAP>
2022-03-01 14:07:00,030 [pool-213-thread-1] INFO  server.RaftServerConfigKeys (ConfUtils.java:logGet(44)) - raft.server.storage.dir = [/home/runner/work/ozone/ozone/hadoop-ozone/integration-test/target/test-dir/MiniOzoneClusterImpl-5212a7ac-80c3-46b0-8f30-1180f829ef0d/ozone-meta/ratis] (custom)
2022-03-01 14:07:00,030 [pool-213-thread-1] INFO  server.RaftServerConfigKeys (ConfUtils.java:logGet(44)) - raft.server.log.corruption.policy = EXCEPTION (default)
2022-03-01 14:07:00,030 [pool-213-thread-1] INFO  server.RaftServerConfigKeys (ConfUtils.java:logGet(44)) - raft.server.storage.free-space.min = 0MB (=0) (default)
2022-03-01 14:07:00,030 [pool-213-thread-1] INFO  storage.RaftStorageDirectory (RaftStorageDirectoryImpl.java:analyzeStorage(135)) - The storage directory /home/runner/work/ozone/ozone/hadoop-ozone/integration-test/target/test-dir/MiniOzoneClusterImpl-5212a7ac-80c3-46b0-8f30-1180f829ef0d/ozone-meta/ratis/bf265839-605b-3f16-9796-c5ba1605619e does not exist. Creating ...
2022-03-01 14:07:00,036 [pool-213-thread-1] INFO  storage.RaftStorageDirectory (RaftStorageDirectoryImpl.java:tryLock(230)) - Lock on /home/runner/work/ozone/ozone/hadoop-ozone/integration-test/target/test-dir/MiniOzoneClusterImpl-5212a7ac-80c3-46b0-8f30-1180f829ef0d/ozone-meta/ratis/bf265839-605b-3f16-9796-c5ba1605619e/in_use.lock acquired by nodename 10349@fv-az195-209
2022-03-01 14:07:00,037 [Socket Reader #1 for port 0] INFO  ipc.Server (Server.java:run(1265)) - Starting Socket Reader #1 for port 0
2022-03-01 14:07:00,038 [pool-213-thread-1] INFO  storage.RaftStorage (RaftStorageImpl.java:format(89)) - Storage directory /home/runner/work/ozone/ozone/hadoop-ozone/integration-test/target/test-dir/MiniOzoneClusterImpl-5212a7ac-80c3-46b0-8f30-1180f829ef0d/ozone-meta/ratis/bf265839-605b-3f16-9796-c5ba1605619e has been successfully formatted.
2022-03-01 14:07:00,038 [pool-213-thread-1] INFO  server.RaftServerConfigKeys (ConfUtils.java:logGet(44)) - raft.server.notification.no-leader.timeout = 120s (custom)
2022-03-01 14:07:00,045 [pool-213-thread-1] INFO  server.RaftServerConfigKeys (ConfUtils.java:logGet(44)) - raft.server.log.use.memory = false (default)
2022-03-01 14:07:00,045 [pool-213-thread-1] INFO  server.RaftServerConfigKeys (ConfUtils.java:logGet(44)) - raft.server.log.purge.gap = 1000000 (custom)
2022-03-01 14:07:00,045 [pool-213-thread-1] INFO  server.RaftServerConfigKeys (ConfUtils.java:logGet(44)) - raft.server.log.appender.buffer.byte-limit = 33554432 (custom)
2022-03-01 14:07:00,046 [pool-213-thread-1] INFO  server.RaftServerConfigKeys (ConfUtils.java:logGet(44)) - raft.server.log.segment.size.max = 4194304 (custom)
2022-03-01 14:07:00,048 [pool-213-thread-1] INFO  server.RaftServerConfigKeys (ConfUtils.java:logGet(44)) - raft.server.log.segment.cache.num.max = 2 (custom)
2022-03-01 14:07:00,048 [pool-213-thread-1] INFO  server.RaftServerConfigKeys (ConfUtils.java:logGet(44)) - raft.server.log.segment.cache.size.max = 200MB (=209715200) (default)
2022-03-01 14:07:00,048 [pool-213-thread-1] INFO  segmented.SegmentedRaftLogWorker (SegmentedRaftLogWorker.java:<init>(182)) - new om1@group-C5BA1605619E-SegmentedRaftLogWorker for RaftStorageImpl:Storage Directory /home/runner/work/ozone/ozone/hadoop-ozone/integration-test/target/test-dir/MiniOzoneClusterImpl-5212a7ac-80c3-46b0-8f30-1180f829ef0d/ozone-meta/ratis/bf265839-605b-3f16-9796-c5ba1605619e
2022-03-01 14:07:00,048 [pool-213-thread-1] INFO  server.RaftServerConfigKeys (ConfUtils.java:logGet(44)) - raft.server.log.queue.byte-limit = 64MB (=67108864) (default)
2022-03-01 14:07:00,048 [pool-213-thread-1] INFO  server.RaftServerConfigKeys (ConfUtils.java:logGet(44)) - raft.server.log.queue.element-limit = 4096 (default)
2022-03-01 14:07:00,048 [pool-213-thread-1] INFO  server.RaftServerConfigKeys (ConfUtils.java:logGet(44)) - raft.server.log.segment.size.max = 4194304 (custom)
2022-03-01 14:07:00,049 [pool-213-thread-1] INFO  server.RaftServerConfigKeys (ConfUtils.java:logGet(44)) - raft.server.log.preallocated.size = 4194304 (custom)
2022-03-01 14:07:00,049 [pool-213-thread-1] INFO  server.RaftServerConfigKeys (ConfUtils.java:logGet(44)) - raft.server.log.force.sync.num = 128 (default)
2022-03-01 14:07:00,049 [pool-213-thread-1] INFO  server.RaftServerConfigKeys (ConfUtils.java:logGet(44)) - raft.server.log.statemachine.data.sync = true (default)
2022-03-01 14:07:00,049 [pool-213-thread-1] INFO  server.RaftServerConfigKeys (ConfUtils.java:logGet(44)) - raft.server.log.statemachine.data.sync.timeout = 10s (default)
2022-03-01 14:07:00,049 [pool-213-thread-1] INFO  server.RaftServerConfigKeys (ConfUtils.java:logGet(44)) - raft.server.log.statemachine.data.sync.timeout.retry = -1 (default)
2022-03-01 14:07:00,050 [pool-213-thread-1] INFO  server.RaftServerConfigKeys (ConfUtils.java:logGet(44)) - raft.server.log.write.buffer.size = 64KB (=65536) (default)
2022-03-01 14:07:00,057 [pool-213-thread-1] INFO  server.RaftServerConfigKeys (ConfUtils.java:logGet(44)) - raft.server.log.statemachine.data.caching.enabled = false (default)
2022-03-01 14:07:00,057 [pool-213-thread-1] INFO  segmented.SegmentedRaftLogWorker (SegmentedRaftLogWorker.java:lambda$new$0(133)) - om1@group-C5BA1605619E-SegmentedRaftLogWorker: flushIndex: setUnconditionally 0 -> -1
2022-03-01 14:07:00,057 [pool-213-thread-1] INFO  segmented.SegmentedRaftLogWorker (SegmentedRaftLogWorker.java:lambda$new$0(133)) - om1@group-C5BA1605619E-SegmentedRaftLogWorker: safeCacheEvictIndex: setUnconditionally 0 -> -1
2022-03-01 14:07:00,075 [Listener at 127.0.0.1/33581] INFO  impl.MetricsSystemImpl (MetricsSystemImpl.java:init(158)) - OzoneManager metrics system started (again)
2022-03-01 14:07:00,089 [pool-213-thread-1] INFO  server.RaftServerConfigKeys (ConfUtils.java:logGet(44)) - raft.server.snapshot.auto.trigger.enabled = true (custom)
2022-03-01 14:07:00,089 [pool-213-thread-1] INFO  server.RaftServerConfigKeys (ConfUtils.java:logGet(44)) - raft.server.snapshot.auto.trigger.threshold = 400000 (default)
2022-03-01 14:07:00,089 [pool-213-thread-1] INFO  server.RaftServerConfigKeys (ConfUtils.java:logGet(44)) - raft.server.snapshot.retention.file.num = -1 (default)
2022-03-01 14:07:00,089 [pool-213-thread-1] INFO  server.RaftServerConfigKeys (ConfUtils.java:logGet(44)) - raft.server.log.purge.upto.snapshot.index = true (custom)
2022-03-01 14:07:00,089 [pool-213-thread-1] INFO  server.RaftServerConfigKeys (ConfUtils.java:logGet(44)) - raft.server.retrycache.expirytime = 300s (custom)
2022-03-01 14:07:00,089 [pool-213-thread-1] INFO  server.RaftServerConfigKeys (ConfUtils.java:logGet(44)) - raft.server.retrycache.statistics.expirytime = 100μs (default)
2022-03-01 14:07:00,127 [Listener at 127.0.0.1/33581] INFO  om.OzoneManager (OzoneManager.java:start(1365)) - OzoneManager RPC server is listening at localhost/127.0.0.1:33581
2022-03-01 14:07:00,127 [Listener at 127.0.0.1/33581] INFO  ratis.OzoneManagerRatisServer (OzoneManagerRatisServer.java:start(554)) - Starting OzoneManagerRatisServer om1 at port 9872
2022-03-01 14:07:00,128 [Listener at 127.0.0.1/33581] INFO  server.RaftServer$Division (RaftServerImpl.java:start(301)) - om1@group-C5BA1605619E: start as a follower, conf=-1: [om1|rpc:localhost:9872|priority:0], old=null
2022-03-01 14:07:00,128 [Listener at 127.0.0.1/33581] INFO  server.RaftServer$Division (RaftServerImpl.java:setRole(290)) - om1@group-C5BA1605619E: changes role from      null to FOLLOWER at term 0 for startAsFollower
2022-03-01 14:07:00,128 [Listener at 127.0.0.1/33581] INFO  impl.RoleInfo (RoleInfo.java:updateAndGet(130)) - om1: start om1@group-C5BA1605619E-FollowerState
2022-03-01 14:07:00,133 [Listener at 127.0.0.1/33581] INFO  util.JmxRegister (JmxRegister.java:tryRegister(44)) - Successfully registered JMX Bean with object name Ratis:service=RaftServer,group=group-C5BA1605619E,id=om1
2022-03-01 14:07:00,134 [Listener at 127.0.0.1/33581] INFO  server.RaftServer (RaftServerProxy.java:lambda$start$5(374)) - om1: start RPC server
2022-03-01 14:07:00,135 [Listener at 127.0.0.1/33581] INFO  server.GrpcService (GrpcService.java:startImpl(253)) - om1: GrpcService started, listening on 9872
2022-03-01 14:07:00,135 [Listener at 127.0.0.1/33581] INFO  om.OzoneManager (OzoneManager.java:start(1381)) - Version File has different layout version (0) than OM DB (null). That is expected if this OM has never been finalized to a newer layout version.
2022-03-01 14:07:00,137 [org.apache.ratis.util.JvmPauseMonitor$$Lambda$421/1299661385@27c73893] INFO  util.JvmPauseMonitor (JvmPauseMonitor.java:run(103)) - JvmPauseMonitor-om1: Started
2022-03-01 14:07:00,153 [Listener at 127.0.0.1/33581] INFO  http.BaseHttpServer (BaseHttpServer.java:newHttpServer2BuilderForOzone(209)) - Starting Web-server for ozoneManager at: http://0.0.0.0:0
2022-03-01 14:07:00,153 [Listener at 127.0.0.1/33581] INFO  http.BaseHttpServer (BaseHttpServer.java:<init>(107)) - Hadoop Security Enabled: false Ozone Security Enabled: false Ozone HTTP Security Enabled: false 
2022-03-01 14:07:00,154 [Listener at 127.0.0.1/33581] INFO  server.AuthenticationFilter (AuthenticationFilter.java:constructSecretProvider(240)) - Unable to initialize FileSignerSecretProvider, falling back to use random secrets.
2022-03-01 14:07:00,158 [Listener at 127.0.0.1/33581] WARN  http.HttpRequestLog (HttpRequestLog.java:getRequestLog(103)) - Jetty request log can only be enabled using Log4j
2022-03-01 14:07:00,159 [Listener at 127.0.0.1/33581] INFO  http.HttpServer2 (HttpServer2.java:addGlobalFilter(1030)) - Added global filter 'safety' (class=org.apache.hadoop.hdds.server.http.HttpServer2$QuotingInputFilter)
2022-03-01 14:07:00,161 [Listener at 127.0.0.1/33581] INFO  http.HttpServer2 (HttpServer2.java:addFilter(1006)) - Added filter static_user_filter (class=org.apache.hadoop.http.lib.StaticUserWebFilter$StaticUserFilter) to context ozoneManager
2022-03-01 14:07:00,161 [Listener at 127.0.0.1/33581] INFO  http.HttpServer2 (HttpServer2.java:addFilter(1014)) - Added filter static_user_filter (class=org.apache.hadoop.http.lib.StaticUserWebFilter$StaticUserFilter) to context static
2022-03-01 14:07:00,161 [Listener at 127.0.0.1/33581] INFO  http.HttpServer2 (HttpServer2.java:addFilter(1014)) - Added filter static_user_filter (class=org.apache.hadoop.http.lib.StaticUserWebFilter$StaticUserFilter) to context logs
2022-03-01 14:07:00,162 [Listener at 127.0.0.1/33581] INFO  http.HttpServer2 (HttpServer2.java:bindListener(1249)) - Jetty bound to port 36583
2022-03-01 14:07:00,162 [Listener at 127.0.0.1/33581] INFO  server.Server (Server.java:doStart(375)) - jetty-9.4.43.v20210629; built: 2021-06-30T11:07:22.254Z; git: 526006ecfa3af7f1a27ef3a288e2bef7ea9dd7e8; jvm 1.8.0_322-b06
2022-03-01 14:07:00,164 [Listener at 127.0.0.1/33581] INFO  server.session (DefaultSessionIdManager.java:doStart(334)) - DefaultSessionIdManager workerName=node0
2022-03-01 14:07:00,164 [Listener at 127.0.0.1/33581] INFO  server.session (DefaultSessionIdManager.java:doStart(339)) - No SessionScavenger set, using defaults
2022-03-01 14:07:00,169 [Listener at 127.0.0.1/33581] INFO  server.session (HouseKeeper.java:startScavenging(132)) - node0 Scavenging every 600000ms
2022-03-01 14:07:00,174 [Listener at 127.0.0.1/33581] INFO  handler.ContextHandler (ContextHandler.java:doStart(915)) - Started o.e.j.s.ServletContextHandler@7506e95a{logs,/logs,file:///home/runner/work/ozone/ozone/hadoop-ozone/integration-test/target/log,AVAILABLE}
2022-03-01 14:07:00,174 [Listener at 127.0.0.1/33581] INFO  handler.ContextHandler (ContextHandler.java:doStart(915)) - Started o.e.j.s.ServletContextHandler@3bde2ba{static,/static,file:///home/runner/work/ozone/ozone/hadoop-ozone/integration-test/target/test-classes/webapps/static,AVAILABLE}
2022-03-01 14:07:00,179 [Listener at 127.0.0.1/33581] INFO  handler.ContextHandler (ContextHandler.java:doStart(915)) - Started o.e.j.w.WebAppContext@2ae85262{ozoneManager,/,file:///home/runner/work/ozone/ozone/hadoop-ozone/integration-test/target/test-classes/webapps/ozoneManager/,AVAILABLE}{file:/home/runner/work/ozone/ozone/hadoop-ozone/integration-test/target/test-classes/webapps/ozoneManager}
2022-03-01 14:07:00,181 [Listener at 127.0.0.1/33581] INFO  server.AbstractConnector (AbstractConnector.java:doStart(331)) - Started ServerConnector@6d237951{HTTP/1.1, (http/1.1)}{0.0.0.0:36583}
2022-03-01 14:07:00,181 [Listener at 127.0.0.1/33581] INFO  server.Server (Server.java:doStart(415)) - Started @84423ms
2022-03-01 14:07:00,181 [Listener at 127.0.0.1/33581] WARN  impl.MetricsSystemImpl (MetricsSystemImpl.java:register(279)) - Sink prometheus already exists!
2022-03-01 14:07:00,182 [Listener at 127.0.0.1/33581] INFO  http.BaseHttpServer (BaseHttpServer.java:updateConnectorAddress(329)) - HTTP server of ozoneManager listening at http://0.0.0.0:36583
2022-03-01 14:07:00,193 [IPC Server Responder] INFO  ipc.Server (Server.java:run(1507)) - IPC Server Responder: starting
2022-03-01 14:07:00,200 [IPC Server listener on 0] INFO  ipc.Server (Server.java:run(1344)) - IPC Server listener on 0: starting
2022-03-01 14:07:00,202 [Listener at 127.0.0.1/33581] INFO  om.TrashPolicyOzone (TrashPolicyOzone.java:<init>(178)) - Ozone Manager trash configuration: Deletion interval = 0 minutes, Emptier interval = 0 minutes.
2022-03-01 14:07:00,226 [org.apache.hadoop.util.JvmPauseMonitor$Monitor@59d8ba8] INFO  util.JvmPauseMonitor (JvmPauseMonitor.java:run(188)) - Starting JVM pause monitor
2022-03-01 14:07:00,229 [Listener at 127.0.0.1/33581] WARN  impl.MetricRegistriesImpl (MetricRegistriesImpl.java:addReporterRegistration(111)) - New reporters are added after registries were created. Some metrics will be missing from the reporter. Please add reporter before adding any new registry.
2022-03-01 14:07:00,237 [Listener at 127.0.0.1/33581] WARN  impl.MetricRegistriesImpl (MetricRegistriesImpl.java:addReporterRegistration(111)) - New reporters are added after registries were created. Some metrics will be missing from the reporter. Please add reporter before adding any new registry.
2022-03-01 14:07:00,241 [Listener at 127.0.0.1/33581] INFO  impl.MetricsSystemImpl (MetricsSystemImpl.java:init(158)) - HddsDatanode metrics system started (again)
2022-03-01 14:07:00,269 [Listener at 127.0.0.1/33581] INFO  ozone.HddsDatanodeService (HddsDatanodeService.java:start(233)) - HddsDatanodeService host:fv-az195-209.u3nnjwd0vyge1bu22idnsdeq2e.cx.internal.cloudapp.net ip:10.1.0.24
2022-03-01 14:07:00,306 [Listener at 127.0.0.1/33581] INFO  upgrade.AbstractLayoutVersionManager (AbstractLayoutVersionManager.java:init(79)) - Initializing Layout version manager with metadata layout = SCM_HA (version = 2), software layout = SCM_HA (version = 2)
2022-03-01 14:07:00,444 [Listener at 127.0.0.1/33581] INFO  reflections.Reflections (Reflections.java:scan(232)) - Reflections took 137 ms to scan 7 urls, producing 122 keys and 286 values 
2022-03-01 14:07:00,455 [Listener at 127.0.0.1/33581] INFO  statemachine.DatanodeStateMachine (DatanodeStateMachine.java:getEndPointTaskThreadPoolSize(222)) - Datanode State Machine Task Thread Pool size 2
2022-03-01 14:07:00,479 [Listener at 127.0.0.1/33581] INFO  volume.HddsVolume (HddsVolume.java:<init>(120)) - Creating HddsVolume: /home/runner/work/ozone/ozone/hadoop-ozone/integration-test/target/test-dir/MiniOzoneClusterImpl-5212a7ac-80c3-46b0-8f30-1180f829ef0d/datanode-0/data-0/containers/hdds of storage type : DISK capacity : 9223372036854775807
2022-03-01 14:07:00,479 [Listener at 127.0.0.1/33581] INFO  volume.MutableVolumeSet (MutableVolumeSet.java:initializeVolumeSet(168)) - Added Volume : /home/runner/work/ozone/ozone/hadoop-ozone/integration-test/target/test-dir/MiniOzoneClusterImpl-5212a7ac-80c3-46b0-8f30-1180f829ef0d/datanode-0/data-0/containers/hdds to VolumeSet
2022-03-01 14:07:00,479 [Listener at 127.0.0.1/33581] INFO  volume.ThrottledAsyncChecker (ThrottledAsyncChecker.java:schedule(141)) - Scheduling a check for /home/runner/work/ozone/ozone/hadoop-ozone/integration-test/target/test-dir/MiniOzoneClusterImpl-5212a7ac-80c3-46b0-8f30-1180f829ef0d/datanode-0/data-0/containers/hdds
2022-03-01 14:07:00,497 [Listener at 127.0.0.1/33581] INFO  volume.StorageVolumeChecker (StorageVolumeChecker.java:checkAllVolumes(202)) - Scheduled health check for volume /home/runner/work/ozone/ozone/hadoop-ozone/integration-test/target/test-dir/MiniOzoneClusterImpl-5212a7ac-80c3-46b0-8f30-1180f829ef0d/datanode-0/data-0/containers/hdds
2022-03-01 14:07:00,525 [Listener at 127.0.0.1/33581] INFO  volume.MutableVolumeSet (MutableVolumeSet.java:initializeVolumeSet(168)) - Added Volume : /home/runner/work/ozone/ozone/hadoop-ozone/integration-test/target/test-dir/MiniOzoneClusterImpl-5212a7ac-80c3-46b0-8f30-1180f829ef0d/datanode-0/data/ratis to VolumeSet
2022-03-01 14:07:00,525 [Listener at 127.0.0.1/33581] INFO  volume.ThrottledAsyncChecker (ThrottledAsyncChecker.java:schedule(141)) - Scheduling a check for /home/runner/work/ozone/ozone/hadoop-ozone/integration-test/target/test-dir/MiniOzoneClusterImpl-5212a7ac-80c3-46b0-8f30-1180f829ef0d/datanode-0/data/ratis
2022-03-01 14:07:00,527 [Listener at 127.0.0.1/33581] INFO  volume.StorageVolumeChecker (StorageVolumeChecker.java:checkAllVolumes(202)) - Scheduled health check for volume /home/runner/work/ozone/ozone/hadoop-ozone/integration-test/target/test-dir/MiniOzoneClusterImpl-5212a7ac-80c3-46b0-8f30-1180f829ef0d/datanode-0/data/ratis
2022-03-01 14:07:00,573 [Thread-551] INFO  ozoneimpl.ContainerReader (ContainerReader.java:readVolume(172)) - Finish verifying containers on volume /home/runner/work/ozone/ozone/hadoop-ozone/integration-test/target/test-dir/MiniOzoneClusterImpl-5212a7ac-80c3-46b0-8f30-1180f829ef0d/datanode-0/data-0/containers/hdds
2022-03-01 14:07:00,573 [Listener at 127.0.0.1/33581] INFO  ozoneimpl.OzoneContainer (OzoneContainer.java:buildContainerSet(257)) - Build ContainerSet costs 0s
2022-03-01 14:07:00,576 [Listener at 127.0.0.1/33581] INFO  server.RaftServer (ConfUtils.java:logGet(44)) - raft.rpc.type = GRPC (default)
2022-03-01 14:07:00,576 [Listener at 127.0.0.1/33581] INFO  grpc.GrpcFactory (GrpcFactory.java:checkPooledByteBufAllocatorUseCacheForAllThreads(48)) - PERFORMANCE WARNING: useCacheForAllThreads is true that may cause Netty to create a lot garbage objects and, as a result, trigger GC.
	It is recommended to disable useCacheForAllThreads by setting -Dorg.apache.ratis.thirdparty.io.netty.allocator.useCacheForAllThreads=false in command line.
2022-03-01 14:07:00,577 [Listener at 127.0.0.1/33581] INFO  grpc.GrpcConfigKeys (ConfUtils.java:logGet(44)) - raft.grpc.admin.port = 0 (custom)
2022-03-01 14:07:00,577 [Listener at 127.0.0.1/33581] INFO  grpc.GrpcConfigKeys (ConfUtils.java:logGet(44)) - raft.grpc.client.port = 0 (custom)
2022-03-01 14:07:00,577 [Listener at 127.0.0.1/33581] INFO  grpc.GrpcConfigKeys (ConfUtils.java:logGet(44)) - raft.grpc.server.port = 0 (default)
2022-03-01 14:07:00,577 [Listener at 127.0.0.1/33581] INFO  server.GrpcService (ConfUtils.java:logGet(44)) - raft.grpc.message.size.max = 32MB (=33554432) (custom)
2022-03-01 14:07:00,577 [Listener at 127.0.0.1/33581] INFO  server.RaftServerConfigKeys (ConfUtils.java:logGet(44)) - raft.server.log.appender.buffer.byte-limit = 33554432 (custom)
2022-03-01 14:07:00,577 [Listener at 127.0.0.1/33581] INFO  server.GrpcService (ConfUtils.java:logGet(44)) - raft.grpc.flow.control.window = 5MB (=5242880) (custom)
2022-03-01 14:07:00,578 [Listener at 127.0.0.1/33581] INFO  server.RaftServerConfigKeys (ConfUtils.java:logGet(44)) - raft.server.rpc.request.timeout = 60s (custom)
2022-03-01 14:07:00,579 [Listener at 127.0.0.1/33581] INFO  impl.DataStreamServerImpl (ConfUtils.java:logGet(44)) - raft.datastream.type = DISABLED (default)
2022-03-01 14:07:00,589 [Listener at 127.0.0.1/33581] INFO  server.RaftServerConfigKeys (ConfUtils.java:logGet(44)) - raft.server.rpc.slowness.timeout = 300s (custom)
2022-03-01 14:07:00,589 [Listener at 127.0.0.1/33581] INFO  server.RaftServerConfigKeys (ConfUtils.java:logGet(44)) - raft.server.leaderelection.leader.step-down.wait-time = 10s (default)
2022-03-01 14:07:00,589 [Listener at 127.0.0.1/33581] INFO  server.RaftServerConfigKeys (ConfUtils.java:logGet(44)) - raft.server.storage.dir = [/home/runner/work/ozone/ozone/hadoop-ozone/integration-test/target/test-dir/MiniOzoneClusterImpl-5212a7ac-80c3-46b0-8f30-1180f829ef0d/datanode-0/data/ratis] (custom)
2022-03-01 14:07:00,591 [Listener at 127.0.0.1/33581] INFO  server.XceiverServerGrpc (XceiverServerGrpc.java:<init>(132)) - GrpcServer channel type EpollServerSocketChannel
2022-03-01 14:07:00,602 [Listener at 127.0.0.1/33581] INFO  http.BaseHttpServer (BaseHttpServer.java:newHttpServer2BuilderForOzone(209)) - Starting Web-server for hddsDatanode at: http://0.0.0.0:0
2022-03-01 14:07:00,602 [Listener at 127.0.0.1/33581] INFO  http.BaseHttpServer (BaseHttpServer.java:<init>(107)) - Hadoop Security Enabled: false Ozone Security Enabled: false Ozone HTTP Security Enabled: false 
2022-03-01 14:07:00,609 [Listener at 127.0.0.1/33581] INFO  server.AuthenticationFilter (AuthenticationFilter.java:constructSecretProvider(240)) - Unable to initialize FileSignerSecretProvider, falling back to use random secrets.
2022-03-01 14:07:00,609 [Listener at 127.0.0.1/33581] WARN  http.HttpRequestLog (HttpRequestLog.java:getRequestLog(103)) - Jetty request log can only be enabled using Log4j
2022-03-01 14:07:00,610 [Listener at 127.0.0.1/33581] INFO  http.HttpServer2 (HttpServer2.java:addGlobalFilter(1030)) - Added global filter 'safety' (class=org.apache.hadoop.hdds.server.http.HttpServer2$QuotingInputFilter)
2022-03-01 14:07:00,611 [Listener at 127.0.0.1/33581] INFO  http.HttpServer2 (HttpServer2.java:addFilter(1006)) - Added filter static_user_filter (class=org.apache.hadoop.http.lib.StaticUserWebFilter$StaticUserFilter) to context hddsDatanode
2022-03-01 14:07:00,611 [Listener at 127.0.0.1/33581] INFO  http.HttpServer2 (HttpServer2.java:addFilter(1014)) - Added filter static_user_filter (class=org.apache.hadoop.http.lib.StaticUserWebFilter$StaticUserFilter) to context static
2022-03-01 14:07:00,611 [Listener at 127.0.0.1/33581] INFO  http.HttpServer2 (HttpServer2.java:addFilter(1014)) - Added filter static_user_filter (class=org.apache.hadoop.http.lib.StaticUserWebFilter$StaticUserFilter) to context logs
2022-03-01 14:07:00,612 [Listener at 127.0.0.1/33581] INFO  http.HttpServer2 (HttpServer2.java:bindListener(1249)) - Jetty bound to port 32923
2022-03-01 14:07:00,612 [Listener at 127.0.0.1/33581] INFO  server.Server (Server.java:doStart(375)) - jetty-9.4.43.v20210629; built: 2021-06-30T11:07:22.254Z; git: 526006ecfa3af7f1a27ef3a288e2bef7ea9dd7e8; jvm 1.8.0_322-b06
2022-03-01 14:07:00,618 [Listener at 127.0.0.1/33581] INFO  server.session (DefaultSessionIdManager.java:doStart(334)) - DefaultSessionIdManager workerName=node0
2022-03-01 14:07:00,618 [Listener at 127.0.0.1/33581] INFO  server.session (DefaultSessionIdManager.java:doStart(339)) - No SessionScavenger set, using defaults
2022-03-01 14:07:00,618 [Listener at 127.0.0.1/33581] INFO  server.session (HouseKeeper.java:startScavenging(132)) - node0 Scavenging every 660000ms
2022-03-01 14:07:00,619 [Listener at 127.0.0.1/33581] INFO  handler.ContextHandler (ContextHandler.java:doStart(915)) - Started o.e.j.s.ServletContextHandler@7b97c11{logs,/logs,file:///home/runner/work/ozone/ozone/hadoop-ozone/integration-test/target/log,AVAILABLE}
2022-03-01 14:07:00,619 [Listener at 127.0.0.1/33581] INFO  handler.ContextHandler (ContextHandler.java:doStart(915)) - Started o.e.j.s.ServletContextHandler@5f21d461{static,/static,jar:file:/home/runner/.m2/repository/org/apache/ozone/hdds-container-service/1.3.0-SNAPSHOT/hdds-container-service-1.3.0-SNAPSHOT.jar!/webapps/static,AVAILABLE}
2022-03-01 14:07:00,781 [Listener at 127.0.0.1/33581] INFO  handler.ContextHandler (ContextHandler.java:doStart(915)) - Started o.e.j.w.WebAppContext@2ba83c41{hddsDatanode,/,file:///tmp/jetty-0_0_0_0-32923-hdds-container-service-1_3_0-SNAPSHOT_jar-_-any-6652549646746362652/webapp/,AVAILABLE}{jar:file:/home/runner/.m2/repository/org/apache/ozone/hdds-container-service/1.3.0-SNAPSHOT/hdds-container-service-1.3.0-SNAPSHOT.jar!/webapps/hddsDatanode}
2022-03-01 14:07:00,784 [Listener at 127.0.0.1/33581] INFO  server.AbstractConnector (AbstractConnector.java:doStart(331)) - Started ServerConnector@17444cb9{HTTP/1.1, (http/1.1)}{0.0.0.0:32923}
2022-03-01 14:07:00,785 [Listener at 127.0.0.1/33581] INFO  server.Server (Server.java:doStart(415)) - Started @85027ms
2022-03-01 14:07:00,785 [Listener at 127.0.0.1/33581] WARN  impl.MetricsSystemImpl (MetricsSystemImpl.java:register(279)) - Sink prometheus already exists!
2022-03-01 14:07:00,786 [Listener at 127.0.0.1/33581] INFO  http.BaseHttpServer (BaseHttpServer.java:updateConnectorAddress(329)) - HTTP server of hddsDatanode listening at http://0.0.0.0:32923
2022-03-01 14:07:00,786 [Listener at 127.0.0.1/33581] WARN  impl.MetricRegistriesImpl (MetricRegistriesImpl.java:addReporterRegistration(111)) - New reporters are added after registries were created. Some metrics will be missing from the reporter. Please add reporter before adding any new registry.
2022-03-01 14:07:00,786 [Listener at 127.0.0.1/33581] WARN  impl.MetricRegistriesImpl (MetricRegistriesImpl.java:addReporterRegistration(111)) - New reporters are added after registries were created. Some metrics will be missing from the reporter. Please add reporter before adding any new registry.
2022-03-01 14:07:00,786 [Listener at 127.0.0.1/33581] INFO  impl.MetricsSystemImpl (MetricsSystemImpl.java:init(158)) - HddsDatanode metrics system started (again)
2022-03-01 14:07:00,809 [Datanode State Machine Daemon Thread] INFO  statemachine.DatanodeStateMachine (DatanodeStateMachine.java:lambda$startDaemon$0(470)) - Ozone container server started.
2022-03-01 14:07:00,829 [Listener at 127.0.0.1/33581] INFO  ozone.HddsDatanodeService (HddsDatanodeService.java:start(233)) - HddsDatanodeService host:fv-az195-209.u3nnjwd0vyge1bu22idnsdeq2e.cx.internal.cloudapp.net ip:10.1.0.24
2022-03-01 14:07:00,881 [org.apache.hadoop.util.JvmPauseMonitor$Monitor@209b6a5d] INFO  util.JvmPauseMonitor (JvmPauseMonitor.java:run(188)) - Starting JVM pause monitor
2022-03-01 14:07:00,883 [Datanode State Machine Task Thread - 0] INFO  datanode.InitDatanodeState (InitDatanodeState.java:persistContainerDatanodeDetails(138)) - DatanodeDetails is persisted to /home/runner/work/ozone/ozone/hadoop-ozone/integration-test/target/test-dir/MiniOzoneClusterImpl-5212a7ac-80c3-46b0-8f30-1180f829ef0d/datanode-0/meta/datanode.id
2022-03-01 14:07:00,884 [Listener at 127.0.0.1/33581] INFO  upgrade.AbstractLayoutVersionManager (AbstractLayoutVersionManager.java:init(79)) - Initializing Layout version manager with metadata layout = SCM_HA (version = 2), software layout = SCM_HA (version = 2)
2022-03-01 14:07:01,033 [Listener at 127.0.0.1/33581] INFO  reflections.Reflections (Reflections.java:scan(232)) - Reflections took 148 ms to scan 7 urls, producing 122 keys and 286 values 
2022-03-01 14:07:01,043 [Listener at 127.0.0.1/33581] INFO  statemachine.DatanodeStateMachine (DatanodeStateMachine.java:getEndPointTaskThreadPoolSize(222)) - Datanode State Machine Task Thread Pool size 2
2022-03-01 14:07:01,056 [Listener at 127.0.0.1/33581] INFO  volume.HddsVolume (HddsVolume.java:<init>(120)) - Creating HddsVolume: /home/runner/work/ozone/ozone/hadoop-ozone/integration-test/target/test-dir/MiniOzoneClusterImpl-5212a7ac-80c3-46b0-8f30-1180f829ef0d/datanode-1/data-0/containers/hdds of storage type : DISK capacity : 9223372036854775807
2022-03-01 14:07:01,057 [Listener at 127.0.0.1/33581] INFO  volume.MutableVolumeSet (MutableVolumeSet.java:initializeVolumeSet(168)) - Added Volume : /home/runner/work/ozone/ozone/hadoop-ozone/integration-test/target/test-dir/MiniOzoneClusterImpl-5212a7ac-80c3-46b0-8f30-1180f829ef0d/datanode-1/data-0/containers/hdds to VolumeSet
2022-03-01 14:07:01,061 [Listener at 127.0.0.1/33581] INFO  volume.ThrottledAsyncChecker (ThrottledAsyncChecker.java:schedule(141)) - Scheduling a check for /home/runner/work/ozone/ozone/hadoop-ozone/integration-test/target/test-dir/MiniOzoneClusterImpl-5212a7ac-80c3-46b0-8f30-1180f829ef0d/datanode-1/data-0/containers/hdds
2022-03-01 14:07:01,083 [Listener at 127.0.0.1/33581] INFO  volume.StorageVolumeChecker (StorageVolumeChecker.java:checkAllVolumes(202)) - Scheduled health check for volume /home/runner/work/ozone/ozone/hadoop-ozone/integration-test/target/test-dir/MiniOzoneClusterImpl-5212a7ac-80c3-46b0-8f30-1180f829ef0d/datanode-1/data-0/containers/hdds
2022-03-01 14:07:01,114 [Listener at 127.0.0.1/33581] INFO  volume.MutableVolumeSet (MutableVolumeSet.java:initializeVolumeSet(168)) - Added Volume : /home/runner/work/ozone/ozone/hadoop-ozone/integration-test/target/test-dir/MiniOzoneClusterImpl-5212a7ac-80c3-46b0-8f30-1180f829ef0d/datanode-1/data/ratis to VolumeSet
2022-03-01 14:07:01,114 [Listener at 127.0.0.1/33581] INFO  volume.ThrottledAsyncChecker (ThrottledAsyncChecker.java:schedule(141)) - Scheduling a check for /home/runner/work/ozone/ozone/hadoop-ozone/integration-test/target/test-dir/MiniOzoneClusterImpl-5212a7ac-80c3-46b0-8f30-1180f829ef0d/datanode-1/data/ratis
2022-03-01 14:07:01,115 [Listener at 127.0.0.1/33581] INFO  volume.StorageVolumeChecker (StorageVolumeChecker.java:checkAllVolumes(202)) - Scheduled health check for volume /home/runner/work/ozone/ozone/hadoop-ozone/integration-test/target/test-dir/MiniOzoneClusterImpl-5212a7ac-80c3-46b0-8f30-1180f829ef0d/datanode-1/data/ratis
2022-03-01 14:07:01,201 [Thread-563] INFO  ozoneimpl.ContainerReader (ContainerReader.java:readVolume(172)) - Finish verifying containers on volume /home/runner/work/ozone/ozone/hadoop-ozone/integration-test/target/test-dir/MiniOzoneClusterImpl-5212a7ac-80c3-46b0-8f30-1180f829ef0d/datanode-1/data-0/containers/hdds
2022-03-01 14:07:01,201 [Listener at 127.0.0.1/33581] INFO  ozoneimpl.OzoneContainer (OzoneContainer.java:buildContainerSet(257)) - Build ContainerSet costs 0s
2022-03-01 14:07:01,204 [Listener at 127.0.0.1/33581] INFO  server.RaftServer (ConfUtils.java:logGet(44)) - raft.rpc.type = GRPC (default)
2022-03-01 14:07:01,217 [Listener at 127.0.0.1/33581] INFO  grpc.GrpcFactory (GrpcFactory.java:checkPooledByteBufAllocatorUseCacheForAllThreads(48)) - PERFORMANCE WARNING: useCacheForAllThreads is true that may cause Netty to create a lot garbage objects and, as a result, trigger GC.
	It is recommended to disable useCacheForAllThreads by setting -Dorg.apache.ratis.thirdparty.io.netty.allocator.useCacheForAllThreads=false in command line.
2022-03-01 14:07:01,217 [Listener at 127.0.0.1/33581] INFO  grpc.GrpcConfigKeys (ConfUtils.java:logGet(44)) - raft.grpc.admin.port = 0 (custom)
2022-03-01 14:07:01,217 [Listener at 127.0.0.1/33581] INFO  grpc.GrpcConfigKeys (ConfUtils.java:logGet(44)) - raft.grpc.client.port = 0 (custom)
2022-03-01 14:07:01,217 [Listener at 127.0.0.1/33581] INFO  grpc.GrpcConfigKeys (ConfUtils.java:logGet(44)) - raft.grpc.server.port = 0 (default)
2022-03-01 14:07:01,217 [Listener at 127.0.0.1/33581] INFO  server.GrpcService (ConfUtils.java:logGet(44)) - raft.grpc.message.size.max = 32MB (=33554432) (custom)
2022-03-01 14:07:01,218 [Listener at 127.0.0.1/33581] INFO  server.RaftServerConfigKeys (ConfUtils.java:logGet(44)) - raft.server.log.appender.buffer.byte-limit = 33554432 (custom)
2022-03-01 14:07:01,218 [Listener at 127.0.0.1/33581] INFO  server.GrpcService (ConfUtils.java:logGet(44)) - raft.grpc.flow.control.window = 5MB (=5242880) (custom)
2022-03-01 14:07:01,218 [Listener at 127.0.0.1/33581] INFO  server.RaftServerConfigKeys (ConfUtils.java:logGet(44)) - raft.server.rpc.request.timeout = 60s (custom)
2022-03-01 14:07:01,219 [Listener at 127.0.0.1/33581] INFO  impl.DataStreamServerImpl (ConfUtils.java:logGet(44)) - raft.datastream.type = DISABLED (default)
2022-03-01 14:07:01,220 [Listener at 127.0.0.1/33581] INFO  server.RaftServerConfigKeys (ConfUtils.java:logGet(44)) - raft.server.rpc.slowness.timeout = 300s (custom)
2022-03-01 14:07:01,225 [Listener at 127.0.0.1/33581] INFO  server.RaftServerConfigKeys (ConfUtils.java:logGet(44)) - raft.server.leaderelection.leader.step-down.wait-time = 10s (default)
2022-03-01 14:07:01,225 [Listener at 127.0.0.1/33581] INFO  server.RaftServerConfigKeys (ConfUtils.java:logGet(44)) - raft.server.storage.dir = [/home/runner/work/ozone/ozone/hadoop-ozone/integration-test/target/test-dir/MiniOzoneClusterImpl-5212a7ac-80c3-46b0-8f30-1180f829ef0d/datanode-1/data/ratis] (custom)
2022-03-01 14:07:01,226 [Listener at 127.0.0.1/33581] INFO  server.XceiverServerGrpc (XceiverServerGrpc.java:<init>(132)) - GrpcServer channel type EpollServerSocketChannel
2022-03-01 14:07:01,240 [Listener at 127.0.0.1/33581] INFO  http.BaseHttpServer (BaseHttpServer.java:newHttpServer2BuilderForOzone(209)) - Starting Web-server for hddsDatanode at: http://0.0.0.0:0
2022-03-01 14:07:01,241 [Listener at 127.0.0.1/33581] INFO  http.BaseHttpServer (BaseHttpServer.java:<init>(107)) - Hadoop Security Enabled: false Ozone Security Enabled: false Ozone HTTP Security Enabled: false 
2022-03-01 14:07:01,242 [Listener at 127.0.0.1/33581] INFO  server.AuthenticationFilter (AuthenticationFilter.java:constructSecretProvider(240)) - Unable to initialize FileSignerSecretProvider, falling back to use random secrets.
2022-03-01 14:07:01,247 [Listener at 127.0.0.1/33581] WARN  http.HttpRequestLog (HttpRequestLog.java:getRequestLog(103)) - Jetty request log can only be enabled using Log4j
2022-03-01 14:07:01,248 [Listener at 127.0.0.1/33581] INFO  http.HttpServer2 (HttpServer2.java:addGlobalFilter(1030)) - Added global filter 'safety' (class=org.apache.hadoop.hdds.server.http.HttpServer2$QuotingInputFilter)
2022-03-01 14:07:01,249 [Listener at 127.0.0.1/33581] INFO  http.HttpServer2 (HttpServer2.java:addFilter(1006)) - Added filter static_user_filter (class=org.apache.hadoop.http.lib.StaticUserWebFilter$StaticUserFilter) to context hddsDatanode
2022-03-01 14:07:01,249 [Listener at 127.0.0.1/33581] INFO  http.HttpServer2 (HttpServer2.java:addFilter(1014)) - Added filter static_user_filter (class=org.apache.hadoop.http.lib.StaticUserWebFilter$StaticUserFilter) to context logs
2022-03-01 14:07:01,249 [Listener at 127.0.0.1/33581] INFO  http.HttpServer2 (HttpServer2.java:addFilter(1014)) - Added filter static_user_filter (class=org.apache.hadoop.http.lib.StaticUserWebFilter$StaticUserFilter) to context static
2022-03-01 14:07:01,250 [Listener at 127.0.0.1/33581] INFO  http.HttpServer2 (HttpServer2.java:bindListener(1249)) - Jetty bound to port 38579
2022-03-01 14:07:01,250 [Listener at 127.0.0.1/33581] INFO  server.Server (Server.java:doStart(375)) - jetty-9.4.43.v20210629; built: 2021-06-30T11:07:22.254Z; git: 526006ecfa3af7f1a27ef3a288e2bef7ea9dd7e8; jvm 1.8.0_322-b06
2022-03-01 14:07:01,253 [Listener at 127.0.0.1/33581] INFO  server.session (DefaultSessionIdManager.java:doStart(334)) - DefaultSessionIdManager workerName=node0
2022-03-01 14:07:01,254 [Listener at 127.0.0.1/33581] INFO  server.session (DefaultSessionIdManager.java:doStart(339)) - No SessionScavenger set, using defaults
2022-03-01 14:07:01,254 [Listener at 127.0.0.1/33581] INFO  server.session (HouseKeeper.java:startScavenging(132)) - node0 Scavenging every 660000ms
2022-03-01 14:07:01,261 [om1@group-C5BA1605619E-FollowerState] INFO  impl.FollowerState (FollowerState.java:run(134)) - om1@group-C5BA1605619E-FollowerState: change to CANDIDATE, lastRpcElapsedTime:1132828321ns, electionTimeout:1127ms
2022-03-01 14:07:01,261 [om1@group-C5BA1605619E-FollowerState] INFO  impl.RoleInfo (RoleInfo.java:shutdownFollowerState(108)) - om1: shutdown om1@group-C5BA1605619E-FollowerState
2022-03-01 14:07:01,261 [om1@group-C5BA1605619E-FollowerState] INFO  server.RaftServer$Division (RaftServerImpl.java:setRole(290)) - om1@group-C5BA1605619E: changes role from  FOLLOWER to CANDIDATE at term 0 for changeToCandidate
2022-03-01 14:07:01,262 [Listener at 127.0.0.1/33581] INFO  handler.ContextHandler (ContextHandler.java:doStart(915)) - Started o.e.j.s.ServletContextHandler@128b1140{logs,/logs,file:///home/runner/work/ozone/ozone/hadoop-ozone/integration-test/target/log,AVAILABLE}
2022-03-01 14:07:01,263 [Listener at 127.0.0.1/33581] INFO  handler.ContextHandler (ContextHandler.java:doStart(915)) - Started o.e.j.s.ServletContextHandler@11090c52{static,/static,jar:file:/home/runner/.m2/repository/org/apache/ozone/hdds-container-service/1.3.0-SNAPSHOT/hdds-container-service-1.3.0-SNAPSHOT.jar!/webapps/static,AVAILABLE}
2022-03-01 14:07:01,265 [om1@group-C5BA1605619E-FollowerState] INFO  server.RaftServerConfigKeys (ConfUtils.java:logGet(44)) - raft.server.leaderelection.pre-vote = false (custom)
2022-03-01 14:07:01,265 [om1@group-C5BA1605619E-FollowerState] INFO  impl.RoleInfo (RoleInfo.java:updateAndGet(130)) - om1: start om1@group-C5BA1605619E-LeaderElection23
2022-03-01 14:07:01,298 [om1@group-C5BA1605619E-LeaderElection23] INFO  impl.LeaderElection (LeaderElection.java:askForVotes(306)) - om1@group-C5BA1605619E-LeaderElection23 ELECTION round 0: submit vote requests at term 1 for -1: [om1|rpc:localhost:9872|priority:0], old=null
2022-03-01 14:07:01,298 [om1@group-C5BA1605619E-LeaderElection23] INFO  impl.LeaderElection (LeaderElection.java:askForVotes(308)) - om1@group-C5BA1605619E-LeaderElection23 ELECTION round 0: result PASSED (term=1)
2022-03-01 14:07:01,298 [om1@group-C5BA1605619E-LeaderElection23] INFO  impl.RoleInfo (RoleInfo.java:shutdownLeaderElection(121)) - om1: shutdown om1@group-C5BA1605619E-LeaderElection23
2022-03-01 14:07:01,299 [om1@group-C5BA1605619E-LeaderElection23] INFO  server.RaftServer$Division (RaftServerImpl.java:setRole(290)) - om1@group-C5BA1605619E: changes role from CANDIDATE to LEADER at term 1 for changeToLeader
2022-03-01 14:07:01,299 [om1@group-C5BA1605619E-LeaderElection23] INFO  server.RaftServer$Division (ServerState.java:setLeader(285)) - om1@group-C5BA1605619E: change Leader from null to om1 at term 1 for becomeLeader, leader elected after 1260ms
2022-03-01 14:07:01,299 [om1@group-C5BA1605619E-LeaderElection23] INFO  server.RaftServerConfigKeys (ConfUtils.java:logGet(44)) - raft.server.staging.catchup.gap = 1000 (default)
2022-03-01 14:07:01,299 [om1@group-C5BA1605619E-LeaderElection23] INFO  server.RaftServerConfigKeys (ConfUtils.java:logGet(44)) - raft.server.write.element-limit = 4096 (default)
2022-03-01 14:07:01,299 [om1@group-C5BA1605619E-LeaderElection23] INFO  server.RaftServerConfigKeys (ConfUtils.java:logGet(44)) - raft.server.write.byte-limit = 64MB (=67108864) (default)
2022-03-01 14:07:01,299 [om1@group-C5BA1605619E-LeaderElection23] INFO  server.RaftServerConfigKeys (ConfUtils.java:logGet(44)) - raft.server.watch.timeout = 10s (default)
2022-03-01 14:07:01,299 [om1@group-C5BA1605619E-LeaderElection23] INFO  server.RaftServerConfigKeys (ConfUtils.java:logGet(44)) - raft.server.watch.timeout.denomination = 1s (default)
2022-03-01 14:07:01,299 [om1@group-C5BA1605619E-LeaderElection23] INFO  server.RaftServerConfigKeys (ConfUtils.java:logGet(44)) - raft.server.watch.element-limit = 65536 (default)
2022-03-01 14:07:01,300 [om1@group-C5BA1605619E-LeaderElection23] INFO  server.RaftServerConfigKeys (ConfUtils.java:logGet(44)) - raft.server.write.element-limit = 4096 (default)
2022-03-01 14:07:01,300 [om1@group-C5BA1605619E-LeaderElection23] INFO  server.RaftServerConfigKeys (ConfUtils.java:logGet(44)) - raft.server.write.follower.gap.ratio.max = -1.0 (default)
2022-03-01 14:07:01,300 [om1@group-C5BA1605619E-LeaderElection23] INFO  impl.RoleInfo (RoleInfo.java:updateAndGet(130)) - om1: start om1@group-C5BA1605619E-LeaderStateImpl
2022-03-01 14:07:01,300 [om1@group-C5BA1605619E-LeaderElection23] INFO  segmented.SegmentedRaftLogWorker (SegmentedRaftLogWorker.java:startLogSegment(394)) - om1@group-C5BA1605619E-SegmentedRaftLogWorker: Starting segment from index:0
2022-03-01 14:07:01,318 [om1@group-C5BA1605619E-LeaderElection23] INFO  server.RaftServer$Division (ServerState.java:setRaftConf(387)) - om1@group-C5BA1605619E: set configuration 0: [om1|rpc:localhost:9872|admin:|client:|dataStream:|priority:0], old=null
2022-03-01 14:07:01,319 [om1@group-C5BA1605619E-SegmentedRaftLogWorker] INFO  segmented.SegmentedRaftLogWorker (SegmentedRaftLogWorker.java:execute(601)) - om1@group-C5BA1605619E-SegmentedRaftLogWorker: created new log segment /home/runner/work/ozone/ozone/hadoop-ozone/integration-test/target/test-dir/MiniOzoneClusterImpl-5212a7ac-80c3-46b0-8f30-1180f829ef0d/ozone-meta/ratis/bf265839-605b-3f16-9796-c5ba1605619e/current/log_inprogress_0
2022-03-01 14:07:01,329 [om1@group-C5BA1605619E-StateMachineUpdater] INFO  ratis.OzoneManagerStateMachine (OzoneManagerStateMachine.java:notifyConfigurationChanged(188)) - Received Configuration change notification from Ratis. New Peer list:
[id: "om1"
address: "localhost:9872"
]
2022-03-01 14:07:01,385 [Listener at 127.0.0.1/33581] INFO  handler.ContextHandler (ContextHandler.java:doStart(915)) - Started o.e.j.w.WebAppContext@84a9f40{hddsDatanode,/,file:///tmp/jetty-0_0_0_0-38579-hdds-container-service-1_3_0-SNAPSHOT_jar-_-any-8587166851197179251/webapp/,AVAILABLE}{jar:file:/home/runner/.m2/repository/org/apache/ozone/hdds-container-service/1.3.0-SNAPSHOT/hdds-container-service-1.3.0-SNAPSHOT.jar!/webapps/hddsDatanode}
2022-03-01 14:07:01,390 [Listener at 127.0.0.1/33581] INFO  server.AbstractConnector (AbstractConnector.java:doStart(331)) - Started ServerConnector@59aa07cf{HTTP/1.1, (http/1.1)}{0.0.0.0:38579}
2022-03-01 14:07:01,390 [Listener at 127.0.0.1/33581] INFO  server.Server (Server.java:doStart(415)) - Started @85633ms
2022-03-01 14:07:01,391 [Listener at 127.0.0.1/33581] WARN  impl.MetricsSystemImpl (MetricsSystemImpl.java:register(279)) - Sink prometheus already exists!
2022-03-01 14:07:01,401 [Listener at 127.0.0.1/33581] INFO  http.BaseHttpServer (BaseHttpServer.java:updateConnectorAddress(329)) - HTTP server of hddsDatanode listening at http://0.0.0.0:38579
2022-03-01 14:07:01,405 [Listener at 127.0.0.1/33581] WARN  impl.MetricRegistriesImpl (MetricRegistriesImpl.java:addReporterRegistration(111)) - New reporters are added after registries were created. Some metrics will be missing from the reporter. Please add reporter before adding any new registry.
2022-03-01 14:07:01,405 [Listener at 127.0.0.1/33581] WARN  impl.MetricRegistriesImpl (MetricRegistriesImpl.java:addReporterRegistration(111)) - New reporters are added after registries were created. Some metrics will be missing from the reporter. Please add reporter before adding any new registry.
2022-03-01 14:07:01,406 [Listener at 127.0.0.1/33581] INFO  impl.MetricsSystemImpl (MetricsSystemImpl.java:init(158)) - HddsDatanode metrics system started (again)
2022-03-01 14:07:01,413 [Datanode State Machine Daemon Thread] INFO  statemachine.DatanodeStateMachine (DatanodeStateMachine.java:lambda$startDaemon$0(470)) - Ozone container server started.
2022-03-01 14:07:01,457 [org.apache.hadoop.util.JvmPauseMonitor$Monitor@3eb82730] INFO  util.JvmPauseMonitor (JvmPauseMonitor.java:run(188)) - Starting JVM pause monitor
2022-03-01 14:07:01,465 [Listener at 127.0.0.1/33581] INFO  ozone.HddsDatanodeService (HddsDatanodeService.java:start(233)) - HddsDatanodeService host:fv-az195-209.u3nnjwd0vyge1bu22idnsdeq2e.cx.internal.cloudapp.net ip:10.1.0.24
2022-03-01 14:07:01,470 [Datanode State Machine Task Thread - 0] INFO  datanode.InitDatanodeState (InitDatanodeState.java:persistContainerDatanodeDetails(138)) - DatanodeDetails is persisted to /home/runner/work/ozone/ozone/hadoop-ozone/integration-test/target/test-dir/MiniOzoneClusterImpl-5212a7ac-80c3-46b0-8f30-1180f829ef0d/datanode-1/meta/datanode.id
2022-03-01 14:07:01,509 [Listener at 127.0.0.1/33581] INFO  upgrade.AbstractLayoutVersionManager (AbstractLayoutVersionManager.java:init(79)) - Initializing Layout version manager with metadata layout = SCM_HA (version = 2), software layout = SCM_HA (version = 2)
2022-03-01 14:07:01,618 [Listener at 127.0.0.1/33581] INFO  reflections.Reflections (Reflections.java:scan(232)) - Reflections took 103 ms to scan 7 urls, producing 122 keys and 286 values 
2022-03-01 14:07:01,621 [Listener at 127.0.0.1/33581] INFO  statemachine.DatanodeStateMachine (DatanodeStateMachine.java:getEndPointTaskThreadPoolSize(222)) - Datanode State Machine Task Thread Pool size 2
2022-03-01 14:07:01,636 [Listener at 127.0.0.1/33581] INFO  volume.HddsVolume (HddsVolume.java:<init>(120)) - Creating HddsVolume: /home/runner/work/ozone/ozone/hadoop-ozone/integration-test/target/test-dir/MiniOzoneClusterImpl-5212a7ac-80c3-46b0-8f30-1180f829ef0d/datanode-2/data-0/containers/hdds of storage type : DISK capacity : 9223372036854775807
2022-03-01 14:07:01,637 [Listener at 127.0.0.1/33581] INFO  volume.MutableVolumeSet (MutableVolumeSet.java:initializeVolumeSet(168)) - Added Volume : /home/runner/work/ozone/ozone/hadoop-ozone/integration-test/target/test-dir/MiniOzoneClusterImpl-5212a7ac-80c3-46b0-8f30-1180f829ef0d/datanode-2/data-0/containers/hdds to VolumeSet
2022-03-01 14:07:01,637 [Listener at 127.0.0.1/33581] INFO  volume.ThrottledAsyncChecker (ThrottledAsyncChecker.java:schedule(141)) - Scheduling a check for /home/runner/work/ozone/ozone/hadoop-ozone/integration-test/target/test-dir/MiniOzoneClusterImpl-5212a7ac-80c3-46b0-8f30-1180f829ef0d/datanode-2/data-0/containers/hdds
2022-03-01 14:07:01,662 [Listener at 127.0.0.1/33581] INFO  volume.StorageVolumeChecker (StorageVolumeChecker.java:checkAllVolumes(202)) - Scheduled health check for volume /home/runner/work/ozone/ozone/hadoop-ozone/integration-test/target/test-dir/MiniOzoneClusterImpl-5212a7ac-80c3-46b0-8f30-1180f829ef0d/datanode-2/data-0/containers/hdds
2022-03-01 14:07:01,676 [Listener at 127.0.0.1/33581] INFO  volume.MutableVolumeSet (MutableVolumeSet.java:initializeVolumeSet(168)) - Added Volume : /home/runner/work/ozone/ozone/hadoop-ozone/integration-test/target/test-dir/MiniOzoneClusterImpl-5212a7ac-80c3-46b0-8f30-1180f829ef0d/datanode-2/data/ratis to VolumeSet
2022-03-01 14:07:01,685 [Listener at 127.0.0.1/33581] INFO  volume.ThrottledAsyncChecker (ThrottledAsyncChecker.java:schedule(141)) - Scheduling a check for /home/runner/work/ozone/ozone/hadoop-ozone/integration-test/target/test-dir/MiniOzoneClusterImpl-5212a7ac-80c3-46b0-8f30-1180f829ef0d/datanode-2/data/ratis
2022-03-01 14:07:01,685 [Listener at 127.0.0.1/33581] INFO  volume.StorageVolumeChecker (StorageVolumeChecker.java:checkAllVolumes(202)) - Scheduled health check for volume /home/runner/work/ozone/ozone/hadoop-ozone/integration-test/target/test-dir/MiniOzoneClusterImpl-5212a7ac-80c3-46b0-8f30-1180f829ef0d/datanode-2/data/ratis
2022-03-01 14:07:01,737 [Thread-577] INFO  ozoneimpl.ContainerReader (ContainerReader.java:readVolume(172)) - Finish verifying containers on volume /home/runner/work/ozone/ozone/hadoop-ozone/integration-test/target/test-dir/MiniOzoneClusterImpl-5212a7ac-80c3-46b0-8f30-1180f829ef0d/datanode-2/data-0/containers/hdds
2022-03-01 14:07:01,738 [Listener at 127.0.0.1/33581] INFO  ozoneimpl.OzoneContainer (OzoneContainer.java:buildContainerSet(257)) - Build ContainerSet costs 0s
2022-03-01 14:07:01,740 [Listener at 127.0.0.1/33581] INFO  server.RaftServer (ConfUtils.java:logGet(44)) - raft.rpc.type = GRPC (default)
2022-03-01 14:07:01,740 [Listener at 127.0.0.1/33581] INFO  grpc.GrpcFactory (GrpcFactory.java:checkPooledByteBufAllocatorUseCacheForAllThreads(48)) - PERFORMANCE WARNING: useCacheForAllThreads is true that may cause Netty to create a lot garbage objects and, as a result, trigger GC.
	It is recommended to disable useCacheForAllThreads by setting -Dorg.apache.ratis.thirdparty.io.netty.allocator.useCacheForAllThreads=false in command line.
2022-03-01 14:07:01,745 [Listener at 127.0.0.1/33581] INFO  grpc.GrpcConfigKeys (ConfUtils.java:logGet(44)) - raft.grpc.admin.port = 0 (custom)
2022-03-01 14:07:01,745 [Listener at 127.0.0.1/33581] INFO  grpc.GrpcConfigKeys (ConfUtils.java:logGet(44)) - raft.grpc.client.port = 0 (custom)
2022-03-01 14:07:01,745 [Listener at 127.0.0.1/33581] INFO  grpc.GrpcConfigKeys (ConfUtils.java:logGet(44)) - raft.grpc.server.port = 0 (default)
2022-03-01 14:07:01,745 [Listener at 127.0.0.1/33581] INFO  server.GrpcService (ConfUtils.java:logGet(44)) - raft.grpc.message.size.max = 32MB (=33554432) (custom)
2022-03-01 14:07:01,745 [Listener at 127.0.0.1/33581] INFO  server.RaftServerConfigKeys (ConfUtils.java:logGet(44)) - raft.server.log.appender.buffer.byte-limit = 33554432 (custom)
2022-03-01 14:07:01,746 [Listener at 127.0.0.1/33581] INFO  server.GrpcService (ConfUtils.java:logGet(44)) - raft.grpc.flow.control.window = 5MB (=5242880) (custom)
2022-03-01 14:07:01,747 [Listener at 127.0.0.1/33581] INFO  server.RaftServerConfigKeys (ConfUtils.java:logGet(44)) - raft.server.rpc.request.timeout = 60s (custom)
2022-03-01 14:07:01,749 [Listener at 127.0.0.1/33581] INFO  impl.DataStreamServerImpl (ConfUtils.java:logGet(44)) - raft.datastream.type = DISABLED (default)
2022-03-01 14:07:01,749 [Listener at 127.0.0.1/33581] INFO  server.RaftServerConfigKeys (ConfUtils.java:logGet(44)) - raft.server.rpc.slowness.timeout = 300s (custom)
2022-03-01 14:07:01,749 [Listener at 127.0.0.1/33581] INFO  server.RaftServerConfigKeys (ConfUtils.java:logGet(44)) - raft.server.leaderelection.leader.step-down.wait-time = 10s (default)
2022-03-01 14:07:01,757 [Listener at 127.0.0.1/33581] INFO  server.RaftServerConfigKeys (ConfUtils.java:logGet(44)) - raft.server.storage.dir = [/home/runner/work/ozone/ozone/hadoop-ozone/integration-test/target/test-dir/MiniOzoneClusterImpl-5212a7ac-80c3-46b0-8f30-1180f829ef0d/datanode-2/data/ratis] (custom)
2022-03-01 14:07:01,758 [Listener at 127.0.0.1/33581] INFO  server.XceiverServerGrpc (XceiverServerGrpc.java:<init>(132)) - GrpcServer channel type EpollServerSocketChannel
2022-03-01 14:07:01,766 [Listener at 127.0.0.1/33581] INFO  http.BaseHttpServer (BaseHttpServer.java:newHttpServer2BuilderForOzone(209)) - Starting Web-server for hddsDatanode at: http://0.0.0.0:0
2022-03-01 14:07:01,766 [Listener at 127.0.0.1/33581] INFO  http.BaseHttpServer (BaseHttpServer.java:<init>(107)) - Hadoop Security Enabled: false Ozone Security Enabled: false Ozone HTTP Security Enabled: false 
2022-03-01 14:07:01,768 [Listener at 127.0.0.1/33581] INFO  server.AuthenticationFilter (AuthenticationFilter.java:constructSecretProvider(240)) - Unable to initialize FileSignerSecretProvider, falling back to use random secrets.
2022-03-01 14:07:01,785 [Listener at 127.0.0.1/33581] WARN  http.HttpRequestLog (HttpRequestLog.java:getRequestLog(103)) - Jetty request log can only be enabled using Log4j
2022-03-01 14:07:01,786 [Listener at 127.0.0.1/33581] INFO  http.HttpServer2 (HttpServer2.java:addGlobalFilter(1030)) - Added global filter 'safety' (class=org.apache.hadoop.hdds.server.http.HttpServer2$QuotingInputFilter)
2022-03-01 14:07:01,786 [Listener at 127.0.0.1/33581] INFO  http.HttpServer2 (HttpServer2.java:addFilter(1006)) - Added filter static_user_filter (class=org.apache.hadoop.http.lib.StaticUserWebFilter$StaticUserFilter) to context hddsDatanode
2022-03-01 14:07:01,787 [Listener at 127.0.0.1/33581] INFO  http.HttpServer2 (HttpServer2.java:addFilter(1014)) - Added filter static_user_filter (class=org.apache.hadoop.http.lib.StaticUserWebFilter$StaticUserFilter) to context static
2022-03-01 14:07:01,787 [Listener at 127.0.0.1/33581] INFO  http.HttpServer2 (HttpServer2.java:addFilter(1014)) - Added filter static_user_filter (class=org.apache.hadoop.http.lib.StaticUserWebFilter$StaticUserFilter) to context logs
2022-03-01 14:07:01,787 [Listener at 127.0.0.1/33581] INFO  http.HttpServer2 (HttpServer2.java:bindListener(1249)) - Jetty bound to port 43879
2022-03-01 14:07:01,787 [Listener at 127.0.0.1/33581] INFO  server.Server (Server.java:doStart(375)) - jetty-9.4.43.v20210629; built: 2021-06-30T11:07:22.254Z; git: 526006ecfa3af7f1a27ef3a288e2bef7ea9dd7e8; jvm 1.8.0_322-b06
2022-03-01 14:07:01,839 [Listener at 127.0.0.1/33581] INFO  server.session (DefaultSessionIdManager.java:doStart(334)) - DefaultSessionIdManager workerName=node0
2022-03-01 14:07:01,839 [Listener at 127.0.0.1/33581] INFO  server.session (DefaultSessionIdManager.java:doStart(339)) - No SessionScavenger set, using defaults
2022-03-01 14:07:01,839 [Listener at 127.0.0.1/33581] INFO  server.session (HouseKeeper.java:startScavenging(132)) - node0 Scavenging every 600000ms
2022-03-01 14:07:01,841 [Listener at 127.0.0.1/33581] INFO  handler.ContextHandler (ContextHandler.java:doStart(915)) - Started o.e.j.s.ServletContextHandler@74dc61a0{logs,/logs,file:///home/runner/work/ozone/ozone/hadoop-ozone/integration-test/target/log,AVAILABLE}
2022-03-01 14:07:01,841 [Listener at 127.0.0.1/33581] INFO  handler.ContextHandler (ContextHandler.java:doStart(915)) - Started o.e.j.s.ServletContextHandler@39c830cb{static,/static,jar:file:/home/runner/.m2/repository/org/apache/ozone/hdds-container-service/1.3.0-SNAPSHOT/hdds-container-service-1.3.0-SNAPSHOT.jar!/webapps/static,AVAILABLE}
2022-03-01 14:07:01,942 [Listener at 127.0.0.1/33581] INFO  handler.ContextHandler (ContextHandler.java:doStart(915)) - Started o.e.j.w.WebAppContext@5ee1a359{hddsDatanode,/,file:///tmp/jetty-0_0_0_0-43879-hdds-container-service-1_3_0-SNAPSHOT_jar-_-any-3339166033963968832/webapp/,AVAILABLE}{jar:file:/home/runner/.m2/repository/org/apache/ozone/hdds-container-service/1.3.0-SNAPSHOT/hdds-container-service-1.3.0-SNAPSHOT.jar!/webapps/hddsDatanode}
2022-03-01 14:07:01,946 [Listener at 127.0.0.1/33581] INFO  server.AbstractConnector (AbstractConnector.java:doStart(331)) - Started ServerConnector@4b1812a8{HTTP/1.1, (http/1.1)}{0.0.0.0:43879}
2022-03-01 14:07:01,947 [Listener at 127.0.0.1/33581] INFO  server.Server (Server.java:doStart(415)) - Started @86190ms
2022-03-01 14:07:01,947 [Listener at 127.0.0.1/33581] WARN  impl.MetricsSystemImpl (MetricsSystemImpl.java:register(279)) - Sink prometheus already exists!
2022-03-01 14:07:01,957 [Listener at 127.0.0.1/33581] INFO  http.BaseHttpServer (BaseHttpServer.java:updateConnectorAddress(329)) - HTTP server of hddsDatanode listening at http://0.0.0.0:43879
2022-03-01 14:07:01,965 [Listener at 127.0.0.1/33581] INFO  ozone.MiniOzoneClusterImpl (MiniOzoneClusterImpl.java:lambda$waitForClusterToBeReady$0(219)) - Waiting for nodes to be ready. Got 0 of 3 DN Heartbeats.
2022-03-01 14:07:01,965 [Listener at 127.0.0.1/33581] INFO  ozone.MiniOzoneClusterImpl (MiniOzoneClusterImpl.java:lambda$waitForClusterToBeReady$0(222)) - Waiting for cluster to exit safe mode
2022-03-01 14:07:01,965 [Listener at 127.0.0.1/33581] INFO  ozone.MiniOzoneClusterImpl (MiniOzoneClusterImpl.java:lambda$waitForClusterToBeReady$0(224)) - SCM became leader
2022-03-01 14:07:01,965 [Datanode State Machine Daemon Thread] INFO  statemachine.DatanodeStateMachine (DatanodeStateMachine.java:lambda$startDaemon$0(470)) - Ozone container server started.
2022-03-01 14:07:01,987 [org.apache.hadoop.util.JvmPauseMonitor$Monitor@706f7ed8] INFO  util.JvmPauseMonitor (JvmPauseMonitor.java:run(188)) - Starting JVM pause monitor
2022-03-01 14:07:02,005 [Datanode State Machine Task Thread - 0] INFO  datanode.InitDatanodeState (InitDatanodeState.java:persistContainerDatanodeDetails(138)) - DatanodeDetails is persisted to /home/runner/work/ozone/ozone/hadoop-ozone/integration-test/target/test-dir/MiniOzoneClusterImpl-5212a7ac-80c3-46b0-8f30-1180f829ef0d/datanode-2/meta/datanode.id
2022-03-01 14:07:02,906 [EndpointStateMachine task thread for /0.0.0.0:44569 - 0 ] INFO  ozoneimpl.OzoneContainer (OzoneContainer.java:start(335)) - Attempting to start container services.
2022-03-01 14:07:02,907 [EndpointStateMachine task thread for /0.0.0.0:44569 - 0 ] INFO  ozoneimpl.OzoneContainer (OzoneContainer.java:startContainerScrub(270)) - Background container scanner has been disabled.
2022-03-01 14:07:02,907 [EndpointStateMachine task thread for /0.0.0.0:44569 - 0 ] INFO  replication.ReplicationServer (ReplicationServer.java:start(111)) - ReplicationServer is started using port 39651
2022-03-01 14:07:02,913 [EndpointStateMachine task thread for /0.0.0.0:44569 - 0 ] INFO  ratis.XceiverServerRatis (XceiverServerRatis.java:start(485)) - Starting XceiverServerRatis c5c6d7e9-010e-4dff-b525-0995d1efc2dc
2022-03-01 14:07:02,916 [EndpointStateMachine task thread for /0.0.0.0:44569 - 0 ] INFO  server.RaftServer (RaftServerProxy.java:lambda$start$5(374)) - c5c6d7e9-010e-4dff-b525-0995d1efc2dc: start RPC server
2022-03-01 14:07:02,916 [EndpointStateMachine task thread for /0.0.0.0:44569 - 0 ] INFO  server.GrpcService (GrpcService.java:startImpl(253)) - c5c6d7e9-010e-4dff-b525-0995d1efc2dc: GrpcService started, listening on 42291
2022-03-01 14:07:02,917 [EndpointStateMachine task thread for /0.0.0.0:44569 - 0 ] INFO  ratis.XceiverServerRatis (XceiverServerRatis.java:getRealPort(506)) - XceiverServerRatis c5c6d7e9-010e-4dff-b525-0995d1efc2dc is started using port 42291 for RATIS
2022-03-01 14:07:02,917 [EndpointStateMachine task thread for /0.0.0.0:44569 - 0 ] INFO  ratis.XceiverServerRatis (XceiverServerRatis.java:getRealPort(506)) - XceiverServerRatis c5c6d7e9-010e-4dff-b525-0995d1efc2dc is started using port 42291 for RATIS_ADMIN
2022-03-01 14:07:02,917 [EndpointStateMachine task thread for /0.0.0.0:44569 - 0 ] INFO  ratis.XceiverServerRatis (XceiverServerRatis.java:getRealPort(506)) - XceiverServerRatis c5c6d7e9-010e-4dff-b525-0995d1efc2dc is started using port 42291 for RATIS_SERVER
2022-03-01 14:07:02,917 [org.apache.ratis.util.JvmPauseMonitor$$Lambda$421/1299661385@53178350] INFO  util.JvmPauseMonitor (JvmPauseMonitor.java:run(103)) - JvmPauseMonitor-c5c6d7e9-010e-4dff-b525-0995d1efc2dc: Started
2022-03-01 14:07:02,925 [EndpointStateMachine task thread for /0.0.0.0:44569 - 0 ] INFO  server.XceiverServerGrpc (XceiverServerGrpc.java:start(180)) - XceiverServerGrpc c5c6d7e9-010e-4dff-b525-0995d1efc2dc is started using port 34225
2022-03-01 14:07:02,965 [Listener at 127.0.0.1/33581] INFO  ozone.MiniOzoneClusterImpl (MiniOzoneClusterImpl.java:lambda$waitForClusterToBeReady$0(219)) - Waiting for nodes to be ready. Got 0 of 3 DN Heartbeats.
2022-03-01 14:07:02,966 [Listener at 127.0.0.1/33581] INFO  ozone.MiniOzoneClusterImpl (MiniOzoneClusterImpl.java:lambda$waitForClusterToBeReady$0(222)) - Waiting for cluster to exit safe mode
2022-03-01 14:07:02,966 [Listener at 127.0.0.1/33581] INFO  ozone.MiniOzoneClusterImpl (MiniOzoneClusterImpl.java:lambda$waitForClusterToBeReady$0(224)) - SCM became leader
2022-03-01 14:07:03,488 [EndpointStateMachine task thread for /0.0.0.0:44569 - 0 ] INFO  ozoneimpl.OzoneContainer (OzoneContainer.java:start(335)) - Attempting to start container services.
2022-03-01 14:07:03,488 [EndpointStateMachine task thread for /0.0.0.0:44569 - 0 ] INFO  ozoneimpl.OzoneContainer (OzoneContainer.java:startContainerScrub(270)) - Background container scanner has been disabled.
2022-03-01 14:07:03,490 [EndpointStateMachine task thread for /0.0.0.0:44569 - 0 ] INFO  replication.ReplicationServer (ReplicationServer.java:start(111)) - ReplicationServer is started using port 35835
2022-03-01 14:07:03,493 [EndpointStateMachine task thread for /0.0.0.0:44569 - 0 ] INFO  ratis.XceiverServerRatis (XceiverServerRatis.java:start(485)) - Starting XceiverServerRatis 748cb913-fd30-47bb-8b51-1fb8fbe69c23
2022-03-01 14:07:03,525 [EndpointStateMachine task thread for /0.0.0.0:44569 - 0 ] INFO  server.RaftServer (RaftServerProxy.java:lambda$start$5(374)) - 748cb913-fd30-47bb-8b51-1fb8fbe69c23: start RPC server
2022-03-01 14:07:03,537 [EndpointStateMachine task thread for /0.0.0.0:44569 - 0 ] INFO  server.GrpcService (GrpcService.java:startImpl(253)) - 748cb913-fd30-47bb-8b51-1fb8fbe69c23: GrpcService started, listening on 38409
2022-03-01 14:07:03,549 [EndpointStateMachine task thread for /0.0.0.0:44569 - 0 ] INFO  ratis.XceiverServerRatis (XceiverServerRatis.java:getRealPort(506)) - XceiverServerRatis 748cb913-fd30-47bb-8b51-1fb8fbe69c23 is started using port 38409 for RATIS
2022-03-01 14:07:03,549 [EndpointStateMachine task thread for /0.0.0.0:44569 - 0 ] INFO  ratis.XceiverServerRatis (XceiverServerRatis.java:getRealPort(506)) - XceiverServerRatis 748cb913-fd30-47bb-8b51-1fb8fbe69c23 is started using port 38409 for RATIS_ADMIN
2022-03-01 14:07:03,549 [EndpointStateMachine task thread for /0.0.0.0:44569 - 0 ] INFO  ratis.XceiverServerRatis (XceiverServerRatis.java:getRealPort(506)) - XceiverServerRatis 748cb913-fd30-47bb-8b51-1fb8fbe69c23 is started using port 38409 for RATIS_SERVER
2022-03-01 14:07:03,549 [org.apache.ratis.util.JvmPauseMonitor$$Lambda$421/1299661385@5a19e91d] INFO  util.JvmPauseMonitor (JvmPauseMonitor.java:run(103)) - JvmPauseMonitor-748cb913-fd30-47bb-8b51-1fb8fbe69c23: Started
2022-03-01 14:07:03,550 [EndpointStateMachine task thread for /0.0.0.0:44569 - 0 ] INFO  server.XceiverServerGrpc (XceiverServerGrpc.java:start(180)) - XceiverServerGrpc 748cb913-fd30-47bb-8b51-1fb8fbe69c23 is started using port 45389
2022-03-01 14:07:03,966 [Listener at 127.0.0.1/33581] INFO  ozone.MiniOzoneClusterImpl (MiniOzoneClusterImpl.java:lambda$waitForClusterToBeReady$0(219)) - Waiting for nodes to be ready. Got 0 of 3 DN Heartbeats.
2022-03-01 14:07:03,966 [Listener at 127.0.0.1/33581] INFO  ozone.MiniOzoneClusterImpl (MiniOzoneClusterImpl.java:lambda$waitForClusterToBeReady$0(222)) - Waiting for cluster to exit safe mode
2022-03-01 14:07:03,966 [Listener at 127.0.0.1/33581] INFO  ozone.MiniOzoneClusterImpl (MiniOzoneClusterImpl.java:lambda$waitForClusterToBeReady$0(224)) - SCM became leader
2022-03-01 14:07:04,002 [EndpointStateMachine task thread for /0.0.0.0:44569 - 0 ] INFO  ozoneimpl.OzoneContainer (OzoneContainer.java:start(335)) - Attempting to start container services.
2022-03-01 14:07:04,003 [EndpointStateMachine task thread for /0.0.0.0:44569 - 0 ] INFO  ozoneimpl.OzoneContainer (OzoneContainer.java:startContainerScrub(270)) - Background container scanner has been disabled.
2022-03-01 14:07:04,003 [EndpointStateMachine task thread for /0.0.0.0:44569 - 0 ] INFO  replication.ReplicationServer (ReplicationServer.java:start(111)) - ReplicationServer is started using port 39123
2022-03-01 14:07:04,013 [EndpointStateMachine task thread for /0.0.0.0:44569 - 0 ] INFO  ratis.XceiverServerRatis (XceiverServerRatis.java:start(485)) - Starting XceiverServerRatis c8c4da50-09a5-4319-9b45-94eabdb6bd98
2022-03-01 14:07:04,058 [EndpointStateMachine task thread for /0.0.0.0:44569 - 0 ] INFO  server.RaftServer (RaftServerProxy.java:lambda$start$5(374)) - c8c4da50-09a5-4319-9b45-94eabdb6bd98: start RPC server
2022-03-01 14:07:04,058 [EndpointStateMachine task thread for /0.0.0.0:44569 - 0 ] INFO  server.GrpcService (GrpcService.java:startImpl(253)) - c8c4da50-09a5-4319-9b45-94eabdb6bd98: GrpcService started, listening on 35017
2022-03-01 14:07:04,059 [EndpointStateMachine task thread for /0.0.0.0:44569 - 0 ] INFO  ratis.XceiverServerRatis (XceiverServerRatis.java:getRealPort(506)) - XceiverServerRatis c8c4da50-09a5-4319-9b45-94eabdb6bd98 is started using port 35017 for RATIS
2022-03-01 14:07:04,060 [EndpointStateMachine task thread for /0.0.0.0:44569 - 0 ] INFO  ratis.XceiverServerRatis (XceiverServerRatis.java:getRealPort(506)) - XceiverServerRatis c8c4da50-09a5-4319-9b45-94eabdb6bd98 is started using port 35017 for RATIS_ADMIN
2022-03-01 14:07:04,060 [EndpointStateMachine task thread for /0.0.0.0:44569 - 0 ] INFO  ratis.XceiverServerRatis (XceiverServerRatis.java:getRealPort(506)) - XceiverServerRatis c8c4da50-09a5-4319-9b45-94eabdb6bd98 is started using port 35017 for RATIS_SERVER
2022-03-01 14:07:04,065 [org.apache.ratis.util.JvmPauseMonitor$$Lambda$421/1299661385@25199d3a] INFO  util.JvmPauseMonitor (JvmPauseMonitor.java:run(103)) - JvmPauseMonitor-c8c4da50-09a5-4319-9b45-94eabdb6bd98: Started
2022-03-01 14:07:04,072 [EndpointStateMachine task thread for /0.0.0.0:44569 - 0 ] INFO  server.XceiverServerGrpc (XceiverServerGrpc.java:start(180)) - XceiverServerGrpc c8c4da50-09a5-4319-9b45-94eabdb6bd98 is started using port 38857
2022-03-01 14:07:04,879 [IPC Server handler 2 on default port 44569] INFO  net.NetworkTopologyImpl (NetworkTopologyImpl.java:add(112)) - Added a new node: /default-rack/c5c6d7e9-010e-4dff-b525-0995d1efc2dc
2022-03-01 14:07:04,880 [IPC Server handler 2 on default port 44569] INFO  node.SCMNodeManager (SCMNodeManager.java:register(389)) - Registered Data node : c5c6d7e9-010e-4dff-b525-0995d1efc2dc{ip: 10.1.0.24, host: fv-az195-209.u3nnjwd0vyge1bu22idnsdeq2e.cx.internal.cloudapp.net, ports: [REPLICATION=39651, RATIS=42291, RATIS_ADMIN=42291, RATIS_SERVER=42291, STANDALONE=34225], networkLocation: /default-rack, certSerialId: null, persistedOpState: null, persistedOpStateExpiryEpochSec: 0}
2022-03-01 14:07:04,881 [EventQueue-NewNodeForNewNodeHandler] INFO  pipeline.BackgroundPipelineCreator (BackgroundPipelineCreator.java:notifyEventTriggered(285)) - trigger a one-shot run on RatisPipelineUtilsThread.
2022-03-01 14:07:04,882 [EventQueue-NodeRegistrationContainerReportForDataNodeSafeModeRule] INFO  safemode.SCMSafeModeManager (DataNodeSafeModeRule.java:process(71)) - SCM in safe mode. 1 DataNodes registered, 3 required.
2022-03-01 14:07:04,882 [RatisPipelineUtilsThread - 0] INFO  pipeline.RatisPipelineProvider (RatisPipelineProvider.java:lambda$create$0(183)) - Sending CreatePipelineCommand for pipeline:PipelineID=3e8e5cb2-f61b-4892-b5f9-3d6bd93c1c0e to datanode:c5c6d7e9-010e-4dff-b525-0995d1efc2dc
2022-03-01 14:07:04,901 [EventQueue-NodeRegistrationContainerReportForContainerSafeModeRule] INFO  safemode.SCMSafeModeManager (SCMSafeModeManager.java:validateSafeModeExitRules(204)) - ContainerSafeModeRule rule is successfully validated
2022-03-01 14:07:04,912 [EventQueue-PipelineReportForOneReplicaPipelineSafeModeRule] INFO  safemode.SCMSafeModeManager (SCMSafeModeManager.java:validateSafeModeExitRules(204)) - AtleastOneDatanodeReportedRule rule is successfully validated
2022-03-01 14:07:04,949 [180c4ed6-31c5-49f3-8fac-202ca6ca3c8a@group-1180F829EF0D-StateMachineUpdater] INFO  pipeline.PipelineStateManagerImpl (PipelineStateManagerImpl.java:addPipeline(101)) - Created pipeline Pipeline[ Id: 3e8e5cb2-f61b-4892-b5f9-3d6bd93c1c0e, Nodes: c5c6d7e9-010e-4dff-b525-0995d1efc2dc{ip: 10.1.0.24, host: fv-az195-209.u3nnjwd0vyge1bu22idnsdeq2e.cx.internal.cloudapp.net, ports: [REPLICATION=39651, RATIS=42291, RATIS_ADMIN=42291, RATIS_SERVER=42291, STANDALONE=34225], networkLocation: /default-rack, certSerialId: null, persistedOpState: IN_SERVICE, persistedOpStateExpiryEpochSec: 0}, ReplicationConfig: RATIS/ONE, State:ALLOCATED, leaderId:, CreationTimestamp2022-03-01T14:07:04.882Z[Etc/UTC]].
2022-03-01 14:07:04,949 [180c4ed6-31c5-49f3-8fac-202ca6ca3c8a@group-1180F829EF0D-StateMachineUpdater] INFO  safemode.HealthyPipelineSafeModeRule (HealthyPipelineSafeModeRule.java:initializeRule(152)) - Refreshed total pipeline count is 0, healthy pipeline threshold count is 1
2022-03-01 14:07:04,967 [Listener at 127.0.0.1/33581] INFO  ozone.MiniOzoneClusterImpl (MiniOzoneClusterImpl.java:lambda$waitForClusterToBeReady$0(219)) - Waiting for nodes to be ready. Got 1 of 3 DN Heartbeats.
2022-03-01 14:07:04,967 [Listener at 127.0.0.1/33581] INFO  ozone.MiniOzoneClusterImpl (MiniOzoneClusterImpl.java:lambda$waitForClusterToBeReady$0(222)) - Waiting for cluster to exit safe mode
2022-03-01 14:07:04,967 [Listener at 127.0.0.1/33581] INFO  ozone.MiniOzoneClusterImpl (MiniOzoneClusterImpl.java:lambda$waitForClusterToBeReady$0(224)) - SCM became leader
2022-03-01 14:07:05,459 [IPC Server handler 9 on default port 44569] INFO  net.NetworkTopologyImpl (NetworkTopologyImpl.java:add(112)) - Added a new node: /default-rack/748cb913-fd30-47bb-8b51-1fb8fbe69c23
2022-03-01 14:07:05,459 [IPC Server handler 9 on default port 44569] INFO  node.SCMNodeManager (SCMNodeManager.java:register(389)) - Registered Data node : 748cb913-fd30-47bb-8b51-1fb8fbe69c23{ip: 10.1.0.24, host: fv-az195-209.u3nnjwd0vyge1bu22idnsdeq2e.cx.internal.cloudapp.net, ports: [REPLICATION=35835, RATIS=38409, RATIS_ADMIN=38409, RATIS_SERVER=38409, STANDALONE=45389], networkLocation: /default-rack, certSerialId: null, persistedOpState: null, persistedOpStateExpiryEpochSec: 0}
2022-03-01 14:07:05,462 [EventQueue-NewNodeForNewNodeHandler] INFO  pipeline.BackgroundPipelineCreator (BackgroundPipelineCreator.java:notifyEventTriggered(285)) - trigger a one-shot run on RatisPipelineUtilsThread.
2022-03-01 14:07:05,462 [EventQueue-NodeRegistrationContainerReportForDataNodeSafeModeRule] INFO  safemode.SCMSafeModeManager (DataNodeSafeModeRule.java:process(71)) - SCM in safe mode. 2 DataNodes registered, 3 required.
2022-03-01 14:07:05,465 [RatisPipelineUtilsThread - 0] INFO  pipeline.RatisPipelineProvider (RatisPipelineProvider.java:lambda$create$0(183)) - Sending CreatePipelineCommand for pipeline:PipelineID=a1af6f8c-4144-4bc1-a38b-b6bd664d4d49 to datanode:748cb913-fd30-47bb-8b51-1fb8fbe69c23
2022-03-01 14:07:05,467 [180c4ed6-31c5-49f3-8fac-202ca6ca3c8a@group-1180F829EF0D-StateMachineUpdater] INFO  pipeline.PipelineStateManagerImpl (PipelineStateManagerImpl.java:addPipeline(101)) - Created pipeline Pipeline[ Id: a1af6f8c-4144-4bc1-a38b-b6bd664d4d49, Nodes: 748cb913-fd30-47bb-8b51-1fb8fbe69c23{ip: 10.1.0.24, host: fv-az195-209.u3nnjwd0vyge1bu22idnsdeq2e.cx.internal.cloudapp.net, ports: [REPLICATION=35835, RATIS=38409, RATIS_ADMIN=38409, RATIS_SERVER=38409, STANDALONE=45389], networkLocation: /default-rack, certSerialId: null, persistedOpState: IN_SERVICE, persistedOpStateExpiryEpochSec: 0}, ReplicationConfig: RATIS/ONE, State:ALLOCATED, leaderId:, CreationTimestamp2022-03-01T14:07:05.465Z[Etc/UTC]].
2022-03-01 14:07:05,467 [180c4ed6-31c5-49f3-8fac-202ca6ca3c8a@group-1180F829EF0D-StateMachineUpdater] INFO  safemode.HealthyPipelineSafeModeRule (HealthyPipelineSafeModeRule.java:initializeRule(152)) - Refreshed total pipeline count is 0, healthy pipeline threshold count is 1
2022-03-01 14:07:05,967 [Listener at 127.0.0.1/33581] INFO  ozone.MiniOzoneClusterImpl (MiniOzoneClusterImpl.java:lambda$waitForClusterToBeReady$0(219)) - Waiting for nodes to be ready. Got 2 of 3 DN Heartbeats.
2022-03-01 14:07:05,967 [Listener at 127.0.0.1/33581] INFO  ozone.MiniOzoneClusterImpl (MiniOzoneClusterImpl.java:lambda$waitForClusterToBeReady$0(222)) - Waiting for cluster to exit safe mode
2022-03-01 14:07:05,968 [Listener at 127.0.0.1/33581] INFO  ozone.MiniOzoneClusterImpl (MiniOzoneClusterImpl.java:lambda$waitForClusterToBeReady$0(224)) - SCM became leader
2022-03-01 14:07:05,989 [IPC Server handler 1 on default port 44569] INFO  net.NetworkTopologyImpl (NetworkTopologyImpl.java:add(112)) - Added a new node: /default-rack/c8c4da50-09a5-4319-9b45-94eabdb6bd98
2022-03-01 14:07:05,989 [IPC Server handler 1 on default port 44569] INFO  node.SCMNodeManager (SCMNodeManager.java:register(389)) - Registered Data node : c8c4da50-09a5-4319-9b45-94eabdb6bd98{ip: 10.1.0.24, host: fv-az195-209.u3nnjwd0vyge1bu22idnsdeq2e.cx.internal.cloudapp.net, ports: [REPLICATION=39123, RATIS=35017, RATIS_ADMIN=35017, RATIS_SERVER=35017, STANDALONE=38857], networkLocation: /default-rack, certSerialId: null, persistedOpState: null, persistedOpStateExpiryEpochSec: 0}
2022-03-01 14:07:05,990 [EventQueue-NewNodeForNewNodeHandler] INFO  pipeline.BackgroundPipelineCreator (BackgroundPipelineCreator.java:notifyEventTriggered(285)) - trigger a one-shot run on RatisPipelineUtilsThread.
2022-03-01 14:07:05,990 [EventQueue-NodeRegistrationContainerReportForDataNodeSafeModeRule] INFO  safemode.SCMSafeModeManager (DataNodeSafeModeRule.java:process(71)) - SCM in safe mode. 3 DataNodes registered, 3 required.
2022-03-01 14:07:05,990 [EventQueue-NodeRegistrationContainerReportForDataNodeSafeModeRule] INFO  safemode.SCMSafeModeManager (SCMSafeModeManager.java:validateSafeModeExitRules(204)) - DataNodeSafeModeRule rule is successfully validated
2022-03-01 14:07:05,990 [EventQueue-NodeRegistrationContainerReportForDataNodeSafeModeRule] INFO  safemode.SCMSafeModeManager (SCMSafeModeManager.java:completePreCheck(233)) - All SCM safe mode pre check rules have passed
2022-03-01 14:07:05,990 [EventQueue-NodeRegistrationContainerReportForDataNodeSafeModeRule] WARN  events.EventQueue (EventQueue.java:fireEvent(194)) - No event handler registered for event TypedEvent{payloadType=SafeModeStatus, name='Safe mode status'}
2022-03-01 14:07:05,990 [EventQueue-NodeRegistrationContainerReportForDataNodeSafeModeRule] INFO  ha.SCMContext (SCMContext.java:updateSafeModeStatus(211)) - Update SafeModeStatus from SafeModeStatus{safeModeStatus=true, preCheckPassed=false} to SafeModeStatus{safeModeStatus=true, preCheckPassed=true}.
2022-03-01 14:07:05,990 [EventQueue-NodeRegistrationContainerReportForDataNodeSafeModeRule] INFO  pipeline.BackgroundPipelineCreator (BackgroundPipelineCreator.java:notifyEventTriggered(285)) - trigger a one-shot run on RatisPipelineUtilsThread.
2022-03-01 14:07:05,990 [RatisPipelineUtilsThread - 0] INFO  pipeline.RatisPipelineProvider (RatisPipelineProvider.java:lambda$create$0(183)) - Sending CreatePipelineCommand for pipeline:PipelineID=e7d23ddf-9289-4dad-8a23-aaffaa525cfa to datanode:c8c4da50-09a5-4319-9b45-94eabdb6bd98
2022-03-01 14:07:05,992 [180c4ed6-31c5-49f3-8fac-202ca6ca3c8a@group-1180F829EF0D-StateMachineUpdater] INFO  pipeline.PipelineStateManagerImpl (PipelineStateManagerImpl.java:addPipeline(101)) - Created pipeline Pipeline[ Id: e7d23ddf-9289-4dad-8a23-aaffaa525cfa, Nodes: c8c4da50-09a5-4319-9b45-94eabdb6bd98{ip: 10.1.0.24, host: fv-az195-209.u3nnjwd0vyge1bu22idnsdeq2e.cx.internal.cloudapp.net, ports: [REPLICATION=39123, RATIS=35017, RATIS_ADMIN=35017, RATIS_SERVER=35017, STANDALONE=38857], networkLocation: /default-rack, certSerialId: null, persistedOpState: IN_SERVICE, persistedOpStateExpiryEpochSec: 0}, ReplicationConfig: RATIS/ONE, State:ALLOCATED, leaderId:, CreationTimestamp2022-03-01T14:07:05.990Z[Etc/UTC]].
2022-03-01 14:07:05,992 [180c4ed6-31c5-49f3-8fac-202ca6ca3c8a@group-1180F829EF0D-StateMachineUpdater] INFO  safemode.HealthyPipelineSafeModeRule (HealthyPipelineSafeModeRule.java:initializeRule(152)) - Refreshed total pipeline count is 0, healthy pipeline threshold count is 1
2022-03-01 14:07:05,993 [RatisPipelineUtilsThread - 0] INFO  pipeline.RatisPipelineProvider (RatisPipelineProvider.java:lambda$create$0(183)) - Sending CreatePipelineCommand for pipeline:PipelineID=99f74bcf-39fc-4e4d-9636-ac61af4ed8bc to datanode:748cb913-fd30-47bb-8b51-1fb8fbe69c23
2022-03-01 14:07:05,993 [RatisPipelineUtilsThread - 0] INFO  pipeline.RatisPipelineProvider (RatisPipelineProvider.java:lambda$create$0(183)) - Sending CreatePipelineCommand for pipeline:PipelineID=99f74bcf-39fc-4e4d-9636-ac61af4ed8bc to datanode:c8c4da50-09a5-4319-9b45-94eabdb6bd98
2022-03-01 14:07:05,993 [RatisPipelineUtilsThread - 0] INFO  pipeline.RatisPipelineProvider (RatisPipelineProvider.java:lambda$create$0(183)) - Sending CreatePipelineCommand for pipeline:PipelineID=99f74bcf-39fc-4e4d-9636-ac61af4ed8bc to datanode:c5c6d7e9-010e-4dff-b525-0995d1efc2dc
2022-03-01 14:07:05,994 [180c4ed6-31c5-49f3-8fac-202ca6ca3c8a@group-1180F829EF0D-StateMachineUpdater] INFO  pipeline.PipelineStateManagerImpl (PipelineStateManagerImpl.java:addPipeline(101)) - Created pipeline Pipeline[ Id: 99f74bcf-39fc-4e4d-9636-ac61af4ed8bc, Nodes: 748cb913-fd30-47bb-8b51-1fb8fbe69c23{ip: 10.1.0.24, host: fv-az195-209.u3nnjwd0vyge1bu22idnsdeq2e.cx.internal.cloudapp.net, ports: [REPLICATION=35835, RATIS=38409, RATIS_ADMIN=38409, RATIS_SERVER=38409, STANDALONE=45389], networkLocation: /default-rack, certSerialId: null, persistedOpState: IN_SERVICE, persistedOpStateExpiryEpochSec: 0}c8c4da50-09a5-4319-9b45-94eabdb6bd98{ip: 10.1.0.24, host: fv-az195-209.u3nnjwd0vyge1bu22idnsdeq2e.cx.internal.cloudapp.net, ports: [REPLICATION=39123, RATIS=35017, RATIS_ADMIN=35017, RATIS_SERVER=35017, STANDALONE=38857], networkLocation: /default-rack, certSerialId: null, persistedOpState: IN_SERVICE, persistedOpStateExpiryEpochSec: 0}c5c6d7e9-010e-4dff-b525-0995d1efc2dc{ip: 10.1.0.24, host: fv-az195-209.u3nnjwd0vyge1bu22idnsdeq2e.cx.internal.cloudapp.net, ports: [REPLICATION=39651, RATIS=42291, RATIS_ADMIN=42291, RATIS_SERVER=42291, STANDALONE=34225], networkLocation: /default-rack, certSerialId: null, persistedOpState: IN_SERVICE, persistedOpStateExpiryEpochSec: 0}, ReplicationConfig: RATIS/THREE, State:ALLOCATED, leaderId:, CreationTimestamp2022-03-01T14:07:05.993Z[Etc/UTC]].
2022-03-01 14:07:05,994 [180c4ed6-31c5-49f3-8fac-202ca6ca3c8a@group-1180F829EF0D-StateMachineUpdater] INFO  safemode.HealthyPipelineSafeModeRule (HealthyPipelineSafeModeRule.java:initializeRule(152)) - Refreshed total pipeline count is 0, healthy pipeline threshold count is 1
2022-03-01 14:07:05,995 [RatisPipelineUtilsThread - 0] INFO  pipeline.RatisPipelineProvider (RatisPipelineProvider.java:lambda$create$0(183)) - Sending CreatePipelineCommand for pipeline:PipelineID=48c26799-b086-4efd-a7b8-9ee5c350ffcc to datanode:c8c4da50-09a5-4319-9b45-94eabdb6bd98
2022-03-01 14:07:05,995 [RatisPipelineUtilsThread - 0] INFO  pipeline.RatisPipelineProvider (RatisPipelineProvider.java:lambda$create$0(183)) - Sending CreatePipelineCommand for pipeline:PipelineID=48c26799-b086-4efd-a7b8-9ee5c350ffcc to datanode:748cb913-fd30-47bb-8b51-1fb8fbe69c23
2022-03-01 14:07:05,995 [RatisPipelineUtilsThread - 0] INFO  pipeline.RatisPipelineProvider (RatisPipelineProvider.java:lambda$create$0(183)) - Sending CreatePipelineCommand for pipeline:PipelineID=48c26799-b086-4efd-a7b8-9ee5c350ffcc to datanode:c5c6d7e9-010e-4dff-b525-0995d1efc2dc
2022-03-01 14:07:05,996 [180c4ed6-31c5-49f3-8fac-202ca6ca3c8a@group-1180F829EF0D-StateMachineUpdater] INFO  pipeline.PipelineStateManagerImpl (PipelineStateManagerImpl.java:addPipeline(101)) - Created pipeline Pipeline[ Id: 48c26799-b086-4efd-a7b8-9ee5c350ffcc, Nodes: c8c4da50-09a5-4319-9b45-94eabdb6bd98{ip: 10.1.0.24, host: fv-az195-209.u3nnjwd0vyge1bu22idnsdeq2e.cx.internal.cloudapp.net, ports: [REPLICATION=39123, RATIS=35017, RATIS_ADMIN=35017, RATIS_SERVER=35017, STANDALONE=38857], networkLocation: /default-rack, certSerialId: null, persistedOpState: IN_SERVICE, persistedOpStateExpiryEpochSec: 0}748cb913-fd30-47bb-8b51-1fb8fbe69c23{ip: 10.1.0.24, host: fv-az195-209.u3nnjwd0vyge1bu22idnsdeq2e.cx.internal.cloudapp.net, ports: [REPLICATION=35835, RATIS=38409, RATIS_ADMIN=38409, RATIS_SERVER=38409, STANDALONE=45389], networkLocation: /default-rack, certSerialId: null, persistedOpState: IN_SERVICE, persistedOpStateExpiryEpochSec: 0}c5c6d7e9-010e-4dff-b525-0995d1efc2dc{ip: 10.1.0.24, host: fv-az195-209.u3nnjwd0vyge1bu22idnsdeq2e.cx.internal.cloudapp.net, ports: [REPLICATION=39651, RATIS=42291, RATIS_ADMIN=42291, RATIS_SERVER=42291, STANDALONE=34225], networkLocation: /default-rack, certSerialId: null, persistedOpState: IN_SERVICE, persistedOpStateExpiryEpochSec: 0}, ReplicationConfig: RATIS/THREE, State:ALLOCATED, leaderId:, CreationTimestamp2022-03-01T14:07:05.995Z[Etc/UTC]].
2022-03-01 14:07:05,996 [180c4ed6-31c5-49f3-8fac-202ca6ca3c8a@group-1180F829EF0D-StateMachineUpdater] INFO  safemode.HealthyPipelineSafeModeRule (HealthyPipelineSafeModeRule.java:initializeRule(152)) - Refreshed total pipeline count is 0, healthy pipeline threshold count is 1
2022-03-01 14:07:05,996 [RatisPipelineUtilsThread - 0] INFO  pipeline.PipelineManagerImpl (PipelineManagerImpl.java:recordMetricsForPipeline(639)) - Pipeline: PipelineID=48c26799-b086-4efd-a7b8-9ee5c350ffcc contains same datanodes as previous pipelines: PipelineID=99f74bcf-39fc-4e4d-9636-ac61af4ed8bc nodeIds: c8c4da50-09a5-4319-9b45-94eabdb6bd98, 748cb913-fd30-47bb-8b51-1fb8fbe69c23, c5c6d7e9-010e-4dff-b525-0995d1efc2dc
2022-03-01 14:07:06,968 [Listener at 127.0.0.1/33581] INFO  ozone.MiniOzoneClusterImpl (MiniOzoneClusterImpl.java:lambda$waitForClusterToBeReady$0(219)) - Nodes are ready. Got 3 of 3 DN Heartbeats.
2022-03-01 14:07:06,968 [Listener at 127.0.0.1/33581] INFO  ozone.MiniOzoneClusterImpl (MiniOzoneClusterImpl.java:lambda$waitForClusterToBeReady$0(222)) - Waiting for cluster to exit safe mode
2022-03-01 14:07:06,968 [Listener at 127.0.0.1/33581] INFO  ozone.MiniOzoneClusterImpl (MiniOzoneClusterImpl.java:lambda$waitForClusterToBeReady$0(224)) - SCM became leader
2022-03-01 14:07:07,878 [Command processor thread] INFO  server.RaftServer (RaftServerProxy.java:addNew(95)) - c5c6d7e9-010e-4dff-b525-0995d1efc2dc: addNew group-3D6BD93C1C0E:[c5c6d7e9-010e-4dff-b525-0995d1efc2dc|rpc:10.1.0.24:42291|priority:1] returns group-3D6BD93C1C0E:java.util.concurrent.CompletableFuture@622b7e8f[Not completed]
2022-03-01 14:07:07,890 [pool-227-thread-1] INFO  server.RaftServer$Division (RaftServerImpl.java:<init>(184)) - c5c6d7e9-010e-4dff-b525-0995d1efc2dc: new RaftServerImpl for group-3D6BD93C1C0E:[c5c6d7e9-010e-4dff-b525-0995d1efc2dc|rpc:10.1.0.24:42291|priority:1] with ContainerStateMachine:uninitialized
2022-03-01 14:07:07,895 [pool-227-thread-1] INFO  server.RaftServerConfigKeys (ConfUtils.java:logGet(44)) - raft.server.rpc.timeout.min = 5s (custom)
2022-03-01 14:07:07,895 [pool-227-thread-1] INFO  server.RaftServerConfigKeys (ConfUtils.java:logGet(44)) - raft.server.rpc.timeout.max = 5200ms (custom)
2022-03-01 14:07:07,895 [pool-227-thread-1] INFO  server.RaftServerConfigKeys (ConfUtils.java:logGet(44)) - raft.server.rpc.sleep.time = 25ms (default)
2022-03-01 14:07:07,895 [pool-227-thread-1] INFO  server.RaftServerConfigKeys (ConfUtils.java:logGet(44)) - raft.server.rpc.slowness.timeout = 300s (custom)
2022-03-01 14:07:07,895 [pool-227-thread-1] INFO  server.RaftServerConfigKeys (ConfUtils.java:logGet(44)) - raft.server.leaderelection.leader.step-down.wait-time = 10s (default)
2022-03-01 14:07:07,895 [pool-227-thread-1] INFO  server.RaftServerConfigKeys (ConfUtils.java:logGet(44)) - raft.server.sleep.deviation.threshold = 300ms (default)
2022-03-01 14:07:07,895 [pool-227-thread-1] INFO  server.RaftServerConfigKeys (ConfUtils.java:logGet(44)) - raft.server.log.appender.install.snapshot.enabled = false (custom)
2022-03-01 14:07:07,895 [pool-227-thread-1] INFO  server.RaftServer$Division (ServerState.java:<init>(105)) - c5c6d7e9-010e-4dff-b525-0995d1efc2dc@group-3D6BD93C1C0E: ConfigurationManager, init=-1: [c5c6d7e9-010e-4dff-b525-0995d1efc2dc|rpc:10.1.0.24:42291|priority:1], old=null, confs=<EMPTY_MAP>
2022-03-01 14:07:07,895 [pool-227-thread-1] INFO  server.RaftServerConfigKeys (ConfUtils.java:logGet(44)) - raft.server.storage.dir = [/home/runner/work/ozone/ozone/hadoop-ozone/integration-test/target/test-dir/MiniOzoneClusterImpl-5212a7ac-80c3-46b0-8f30-1180f829ef0d/datanode-0/data/ratis] (custom)
2022-03-01 14:07:07,896 [pool-227-thread-1] INFO  server.RaftServerConfigKeys (ConfUtils.java:logGet(44)) - raft.server.log.corruption.policy = EXCEPTION (default)
2022-03-01 14:07:07,896 [pool-227-thread-1] INFO  server.RaftServerConfigKeys (ConfUtils.java:logGet(44)) - raft.server.storage.free-space.min = 0MB (=0) (default)
2022-03-01 14:07:07,900 [pool-227-thread-1] INFO  storage.RaftStorageDirectory (RaftStorageDirectoryImpl.java:analyzeStorage(135)) - The storage directory /home/runner/work/ozone/ozone/hadoop-ozone/integration-test/target/test-dir/MiniOzoneClusterImpl-5212a7ac-80c3-46b0-8f30-1180f829ef0d/datanode-0/data/ratis/3e8e5cb2-f61b-4892-b5f9-3d6bd93c1c0e does not exist. Creating ...
2022-03-01 14:07:07,901 [pool-227-thread-1] INFO  storage.RaftStorageDirectory (RaftStorageDirectoryImpl.java:tryLock(230)) - Lock on /home/runner/work/ozone/ozone/hadoop-ozone/integration-test/target/test-dir/MiniOzoneClusterImpl-5212a7ac-80c3-46b0-8f30-1180f829ef0d/datanode-0/data/ratis/3e8e5cb2-f61b-4892-b5f9-3d6bd93c1c0e/in_use.lock acquired by nodename 10349@fv-az195-209
2022-03-01 14:07:07,903 [pool-227-thread-1] INFO  storage.RaftStorage (RaftStorageImpl.java:format(89)) - Storage directory /home/runner/work/ozone/ozone/hadoop-ozone/integration-test/target/test-dir/MiniOzoneClusterImpl-5212a7ac-80c3-46b0-8f30-1180f829ef0d/datanode-0/data/ratis/3e8e5cb2-f61b-4892-b5f9-3d6bd93c1c0e has been successfully formatted.
2022-03-01 14:07:07,904 [pool-227-thread-1] INFO  ratis.ContainerStateMachine (ContainerStateMachine.java:loadSnapshot(236)) - group-3D6BD93C1C0E: The snapshot info is null. Setting the last applied indexto:(t:0, i:~)
2022-03-01 14:07:07,904 [pool-227-thread-1] INFO  server.RaftServerConfigKeys (ConfUtils.java:logGet(44)) - raft.server.notification.no-leader.timeout = 300s (custom)
2022-03-01 14:07:07,904 [pool-227-thread-1] INFO  server.RaftServerConfigKeys (ConfUtils.java:logGet(44)) - raft.server.log.use.memory = false (default)
2022-03-01 14:07:07,904 [pool-227-thread-1] INFO  server.RaftServerConfigKeys (ConfUtils.java:logGet(44)) - raft.server.log.purge.gap = 1000000 (custom)
2022-03-01 14:07:07,904 [pool-227-thread-1] INFO  server.RaftServerConfigKeys (ConfUtils.java:logGet(44)) - raft.server.log.appender.buffer.byte-limit = 33554432 (custom)
2022-03-01 14:07:07,905 [pool-227-thread-1] INFO  server.RaftServerConfigKeys (ConfUtils.java:logGet(44)) - raft.server.log.segment.size.max = 1048576 (custom)
2022-03-01 14:07:07,905 [pool-227-thread-1] INFO  server.RaftServerConfigKeys (ConfUtils.java:logGet(44)) - raft.server.log.segment.cache.num.max = 2 (custom)
2022-03-01 14:07:07,905 [pool-227-thread-1] INFO  server.RaftServerConfigKeys (ConfUtils.java:logGet(44)) - raft.server.log.segment.cache.size.max = 200MB (=209715200) (default)
2022-03-01 14:07:07,905 [pool-227-thread-1] INFO  segmented.SegmentedRaftLogWorker (SegmentedRaftLogWorker.java:<init>(182)) - new c5c6d7e9-010e-4dff-b525-0995d1efc2dc@group-3D6BD93C1C0E-SegmentedRaftLogWorker for RaftStorageImpl:Storage Directory /home/runner/work/ozone/ozone/hadoop-ozone/integration-test/target/test-dir/MiniOzoneClusterImpl-5212a7ac-80c3-46b0-8f30-1180f829ef0d/datanode-0/data/ratis/3e8e5cb2-f61b-4892-b5f9-3d6bd93c1c0e
2022-03-01 14:07:07,905 [pool-227-thread-1] INFO  server.RaftServerConfigKeys (ConfUtils.java:logGet(44)) - raft.server.log.queue.byte-limit = 4294967296 (custom)
2022-03-01 14:07:07,905 [pool-227-thread-1] INFO  server.RaftServerConfigKeys (ConfUtils.java:logGet(44)) - raft.server.log.queue.element-limit = 1024 (custom)
2022-03-01 14:07:07,905 [pool-227-thread-1] INFO  server.RaftServerConfigKeys (ConfUtils.java:logGet(44)) - raft.server.log.segment.size.max = 1048576 (custom)
2022-03-01 14:07:07,905 [pool-227-thread-1] INFO  server.RaftServerConfigKeys (ConfUtils.java:logGet(44)) - raft.server.log.preallocated.size = 16384 (custom)
2022-03-01 14:07:07,906 [pool-227-thread-1] INFO  server.RaftServerConfigKeys (ConfUtils.java:logGet(44)) - raft.server.log.force.sync.num = 128 (default)
2022-03-01 14:07:07,906 [pool-227-thread-1] INFO  server.RaftServerConfigKeys (ConfUtils.java:logGet(44)) - raft.server.log.statemachine.data.sync = true (default)
2022-03-01 14:07:07,906 [pool-227-thread-1] INFO  server.RaftServerConfigKeys (ConfUtils.java:logGet(44)) - raft.server.log.statemachine.data.sync.timeout = 10s (default)
2022-03-01 14:07:07,906 [pool-227-thread-1] INFO  server.RaftServerConfigKeys (ConfUtils.java:logGet(44)) - raft.server.log.statemachine.data.sync.timeout.retry = -1 (default)
2022-03-01 14:07:07,906 [pool-227-thread-1] INFO  server.RaftServerConfigKeys (ConfUtils.java:logGet(44)) - raft.server.log.write.buffer.size = 1048576 (custom)
2022-03-01 14:07:07,907 [pool-227-thread-1] INFO  server.RaftServerConfigKeys (ConfUtils.java:logGet(44)) - raft.server.log.statemachine.data.caching.enabled = true (custom)
2022-03-01 14:07:07,907 [pool-227-thread-1] INFO  segmented.SegmentedRaftLogWorker (SegmentedRaftLogWorker.java:lambda$new$0(133)) - c5c6d7e9-010e-4dff-b525-0995d1efc2dc@group-3D6BD93C1C0E-SegmentedRaftLogWorker: flushIndex: setUnconditionally 0 -> -1
2022-03-01 14:07:07,907 [pool-227-thread-1] INFO  segmented.SegmentedRaftLogWorker (SegmentedRaftLogWorker.java:lambda$new$0(133)) - c5c6d7e9-010e-4dff-b525-0995d1efc2dc@group-3D6BD93C1C0E-SegmentedRaftLogWorker: safeCacheEvictIndex: setUnconditionally 0 -> -1
2022-03-01 14:07:07,911 [EventQueue-PipelineReportForPipelineReportHandler] INFO  pipeline.PipelineManagerImpl (PipelineManagerImpl.java:openPipeline(291)) - Pipeline Pipeline[ Id: 3e8e5cb2-f61b-4892-b5f9-3d6bd93c1c0e, Nodes: c5c6d7e9-010e-4dff-b525-0995d1efc2dc{ip: 10.1.0.24, host: fv-az195-209.u3nnjwd0vyge1bu22idnsdeq2e.cx.internal.cloudapp.net, ports: [REPLICATION=39651, RATIS=42291, RATIS_ADMIN=42291, RATIS_SERVER=42291, STANDALONE=34225], networkLocation: /default-rack, certSerialId: null, persistedOpState: IN_SERVICE, persistedOpStateExpiryEpochSec: 0}, ReplicationConfig: RATIS/ONE, State:ALLOCATED, leaderId:c5c6d7e9-010e-4dff-b525-0995d1efc2dc, CreationTimestamp2022-03-01T14:07:04.882Z[Etc/UTC]] moved to OPEN state
2022-03-01 14:07:07,913 [pool-227-thread-1] INFO  server.RaftServerConfigKeys (ConfUtils.java:logGet(44)) - raft.server.snapshot.auto.trigger.enabled = true (custom)
2022-03-01 14:07:07,913 [pool-227-thread-1] INFO  server.RaftServerConfigKeys (ConfUtils.java:logGet(44)) - raft.server.snapshot.auto.trigger.threshold = 10000 (custom)
2022-03-01 14:07:07,913 [pool-227-thread-1] INFO  server.RaftServerConfigKeys (ConfUtils.java:logGet(44)) - raft.server.snapshot.retention.file.num = 5 (custom)
2022-03-01 14:07:07,913 [pool-227-thread-1] INFO  server.RaftServerConfigKeys (ConfUtils.java:logGet(44)) - raft.server.log.purge.upto.snapshot.index = false (default)
2022-03-01 14:07:07,913 [pool-227-thread-1] INFO  server.RaftServerConfigKeys (ConfUtils.java:logGet(44)) - raft.server.retrycache.expirytime = 600000ms (custom)
2022-03-01 14:07:07,913 [pool-227-thread-1] INFO  server.RaftServerConfigKeys (ConfUtils.java:logGet(44)) - raft.server.retrycache.statistics.expirytime = 100μs (default)
2022-03-01 14:07:07,914 [pool-227-thread-1] INFO  server.RaftServer$Division (RaftServerImpl.java:start(301)) - c5c6d7e9-010e-4dff-b525-0995d1efc2dc@group-3D6BD93C1C0E: start as a follower, conf=-1: [c5c6d7e9-010e-4dff-b525-0995d1efc2dc|rpc:10.1.0.24:42291|priority:1], old=null
2022-03-01 14:07:07,923 [pool-227-thread-1] INFO  server.RaftServer$Division (RaftServerImpl.java:setRole(290)) - c5c6d7e9-010e-4dff-b525-0995d1efc2dc@group-3D6BD93C1C0E: changes role from      null to FOLLOWER at term 0 for startAsFollower
2022-03-01 14:07:07,923 [pool-227-thread-1] INFO  impl.RoleInfo (RoleInfo.java:updateAndGet(130)) - c5c6d7e9-010e-4dff-b525-0995d1efc2dc: start c5c6d7e9-010e-4dff-b525-0995d1efc2dc@group-3D6BD93C1C0E-FollowerState
2022-03-01 14:07:07,924 [180c4ed6-31c5-49f3-8fac-202ca6ca3c8a@group-1180F829EF0D-StateMachineUpdater] INFO  safemode.HealthyPipelineSafeModeRule (HealthyPipelineSafeModeRule.java:initializeRule(152)) - Refreshed total pipeline count is 0, healthy pipeline threshold count is 1
2022-03-01 14:07:07,937 [pool-227-thread-1] INFO  util.JmxRegister (JmxRegister.java:tryRegister(44)) - Successfully registered JMX Bean with object name Ratis:service=RaftServer,group=group-3D6BD93C1C0E,id=c5c6d7e9-010e-4dff-b525-0995d1efc2dc
2022-03-01 14:07:07,940 [Command processor thread] INFO  ratis.XceiverServerRatis (XceiverServerRatis.java:addGroup(769)) - Created group PipelineID=3e8e5cb2-f61b-4892-b5f9-3d6bd93c1c0e
2022-03-01 14:07:07,940 [Command processor thread] INFO  commandhandler.CreatePipelineCommandHandler (CreatePipelineCommandHandler.java:handle(106)) - Created Pipeline RATIS ONE PipelineID=3e8e5cb2-f61b-4892-b5f9-3d6bd93c1c0e.
2022-03-01 14:07:07,940 [Command processor thread] INFO  server.RaftServer (RaftServerProxy.java:addNew(95)) - c5c6d7e9-010e-4dff-b525-0995d1efc2dc: addNew group-AC61AF4ED8BC:[c5c6d7e9-010e-4dff-b525-0995d1efc2dc|rpc:10.1.0.24:42291|priority:0, c8c4da50-09a5-4319-9b45-94eabdb6bd98|rpc:10.1.0.24:35017|priority:0, 748cb913-fd30-47bb-8b51-1fb8fbe69c23|rpc:10.1.0.24:38409|priority:1] returns group-AC61AF4ED8BC:java.util.concurrent.CompletableFuture@6614f612[Not completed]
2022-03-01 14:07:07,941 [pool-227-thread-1] INFO  server.RaftServer$Division (RaftServerImpl.java:<init>(184)) - c5c6d7e9-010e-4dff-b525-0995d1efc2dc: new RaftServerImpl for group-AC61AF4ED8BC:[c5c6d7e9-010e-4dff-b525-0995d1efc2dc|rpc:10.1.0.24:42291|priority:0, c8c4da50-09a5-4319-9b45-94eabdb6bd98|rpc:10.1.0.24:35017|priority:0, 748cb913-fd30-47bb-8b51-1fb8fbe69c23|rpc:10.1.0.24:38409|priority:1] with ContainerStateMachine:uninitialized
2022-03-01 14:07:07,942 [pool-227-thread-1] INFO  server.RaftServerConfigKeys (ConfUtils.java:logGet(44)) - raft.server.rpc.timeout.min = 5s (custom)
2022-03-01 14:07:07,942 [pool-227-thread-1] INFO  server.RaftServerConfigKeys (ConfUtils.java:logGet(44)) - raft.server.rpc.timeout.max = 5200ms (custom)
2022-03-01 14:07:07,942 [pool-227-thread-1] INFO  server.RaftServerConfigKeys (ConfUtils.java:logGet(44)) - raft.server.rpc.sleep.time = 25ms (default)
2022-03-01 14:07:07,942 [pool-227-thread-1] INFO  server.RaftServerConfigKeys (ConfUtils.java:logGet(44)) - raft.server.rpc.slowness.timeout = 300s (custom)
2022-03-01 14:07:07,942 [pool-227-thread-1] INFO  server.RaftServerConfigKeys (ConfUtils.java:logGet(44)) - raft.server.leaderelection.leader.step-down.wait-time = 10s (default)
2022-03-01 14:07:07,942 [pool-227-thread-1] INFO  server.RaftServerConfigKeys (ConfUtils.java:logGet(44)) - raft.server.sleep.deviation.threshold = 300ms (default)
2022-03-01 14:07:07,942 [pool-227-thread-1] INFO  server.RaftServerConfigKeys (ConfUtils.java:logGet(44)) - raft.server.log.appender.install.snapshot.enabled = false (custom)
2022-03-01 14:07:07,942 [pool-227-thread-1] INFO  server.RaftServer$Division (ServerState.java:<init>(105)) - c5c6d7e9-010e-4dff-b525-0995d1efc2dc@group-AC61AF4ED8BC: ConfigurationManager, init=-1: [c5c6d7e9-010e-4dff-b525-0995d1efc2dc|rpc:10.1.0.24:42291|priority:0, c8c4da50-09a5-4319-9b45-94eabdb6bd98|rpc:10.1.0.24:35017|priority:0, 748cb913-fd30-47bb-8b51-1fb8fbe69c23|rpc:10.1.0.24:38409|priority:1], old=null, confs=<EMPTY_MAP>
2022-03-01 14:07:07,942 [pool-227-thread-1] INFO  server.RaftServerConfigKeys (ConfUtils.java:logGet(44)) - raft.server.storage.dir = [/home/runner/work/ozone/ozone/hadoop-ozone/integration-test/target/test-dir/MiniOzoneClusterImpl-5212a7ac-80c3-46b0-8f30-1180f829ef0d/datanode-0/data/ratis] (custom)
2022-03-01 14:07:07,942 [pool-227-thread-1] INFO  server.RaftServerConfigKeys (ConfUtils.java:logGet(44)) - raft.server.log.corruption.policy = EXCEPTION (default)
2022-03-01 14:07:07,942 [pool-227-thread-1] INFO  server.RaftServerConfigKeys (ConfUtils.java:logGet(44)) - raft.server.storage.free-space.min = 0MB (=0) (default)
2022-03-01 14:07:07,942 [pool-227-thread-1] INFO  storage.RaftStorageDirectory (RaftStorageDirectoryImpl.java:analyzeStorage(135)) - The storage directory /home/runner/work/ozone/ozone/hadoop-ozone/integration-test/target/test-dir/MiniOzoneClusterImpl-5212a7ac-80c3-46b0-8f30-1180f829ef0d/datanode-0/data/ratis/99f74bcf-39fc-4e4d-9636-ac61af4ed8bc does not exist. Creating ...
2022-03-01 14:07:07,943 [pool-227-thread-1] INFO  storage.RaftStorageDirectory (RaftStorageDirectoryImpl.java:tryLock(230)) - Lock on /home/runner/work/ozone/ozone/hadoop-ozone/integration-test/target/test-dir/MiniOzoneClusterImpl-5212a7ac-80c3-46b0-8f30-1180f829ef0d/datanode-0/data/ratis/99f74bcf-39fc-4e4d-9636-ac61af4ed8bc/in_use.lock acquired by nodename 10349@fv-az195-209
2022-03-01 14:07:07,954 [pool-227-thread-1] INFO  storage.RaftStorage (RaftStorageImpl.java:format(89)) - Storage directory /home/runner/work/ozone/ozone/hadoop-ozone/integration-test/target/test-dir/MiniOzoneClusterImpl-5212a7ac-80c3-46b0-8f30-1180f829ef0d/datanode-0/data/ratis/99f74bcf-39fc-4e4d-9636-ac61af4ed8bc has been successfully formatted.
2022-03-01 14:07:07,954 [pool-227-thread-1] INFO  ratis.ContainerStateMachine (ContainerStateMachine.java:loadSnapshot(236)) - group-AC61AF4ED8BC: The snapshot info is null. Setting the last applied indexto:(t:0, i:~)
2022-03-01 14:07:07,954 [pool-227-thread-1] INFO  server.RaftServerConfigKeys (ConfUtils.java:logGet(44)) - raft.server.notification.no-leader.timeout = 300s (custom)
2022-03-01 14:07:07,954 [pool-227-thread-1] INFO  server.RaftServerConfigKeys (ConfUtils.java:logGet(44)) - raft.server.log.use.memory = false (default)
2022-03-01 14:07:07,955 [pool-227-thread-1] INFO  server.RaftServerConfigKeys (ConfUtils.java:logGet(44)) - raft.server.log.purge.gap = 1000000 (custom)
2022-03-01 14:07:07,955 [pool-227-thread-1] INFO  server.RaftServerConfigKeys (ConfUtils.java:logGet(44)) - raft.server.log.appender.buffer.byte-limit = 33554432 (custom)
2022-03-01 14:07:07,955 [pool-227-thread-1] INFO  server.RaftServerConfigKeys (ConfUtils.java:logGet(44)) - raft.server.log.segment.size.max = 1048576 (custom)
2022-03-01 14:07:07,955 [pool-227-thread-1] INFO  server.RaftServerConfigKeys (ConfUtils.java:logGet(44)) - raft.server.log.segment.cache.num.max = 2 (custom)
2022-03-01 14:07:07,955 [pool-227-thread-1] INFO  server.RaftServerConfigKeys (ConfUtils.java:logGet(44)) - raft.server.log.segment.cache.size.max = 200MB (=209715200) (default)
2022-03-01 14:07:07,955 [pool-227-thread-1] INFO  segmented.SegmentedRaftLogWorker (SegmentedRaftLogWorker.java:<init>(182)) - new c5c6d7e9-010e-4dff-b525-0995d1efc2dc@group-AC61AF4ED8BC-SegmentedRaftLogWorker for RaftStorageImpl:Storage Directory /home/runner/work/ozone/ozone/hadoop-ozone/integration-test/target/test-dir/MiniOzoneClusterImpl-5212a7ac-80c3-46b0-8f30-1180f829ef0d/datanode-0/data/ratis/99f74bcf-39fc-4e4d-9636-ac61af4ed8bc
2022-03-01 14:07:07,955 [pool-227-thread-1] INFO  server.RaftServerConfigKeys (ConfUtils.java:logGet(44)) - raft.server.log.queue.byte-limit = 4294967296 (custom)
2022-03-01 14:07:07,955 [pool-227-thread-1] INFO  server.RaftServerConfigKeys (ConfUtils.java:logGet(44)) - raft.server.log.queue.element-limit = 1024 (custom)
2022-03-01 14:07:07,955 [pool-227-thread-1] INFO  server.RaftServerConfigKeys (ConfUtils.java:logGet(44)) - raft.server.log.segment.size.max = 1048576 (custom)
2022-03-01 14:07:07,955 [pool-227-thread-1] INFO  server.RaftServerConfigKeys (ConfUtils.java:logGet(44)) - raft.server.log.preallocated.size = 16384 (custom)
2022-03-01 14:07:07,956 [pool-227-thread-1] INFO  server.RaftServerConfigKeys (ConfUtils.java:logGet(44)) - raft.server.log.force.sync.num = 128 (default)
2022-03-01 14:07:07,956 [pool-227-thread-1] INFO  server.RaftServerConfigKeys (ConfUtils.java:logGet(44)) - raft.server.log.statemachine.data.sync = true (default)
2022-03-01 14:07:07,956 [pool-227-thread-1] INFO  server.RaftServerConfigKeys (ConfUtils.java:logGet(44)) - raft.server.log.statemachine.data.sync.timeout = 10s (default)
2022-03-01 14:07:07,956 [pool-227-thread-1] INFO  server.RaftServerConfigKeys (ConfUtils.java:logGet(44)) - raft.server.log.statemachine.data.sync.timeout.retry = -1 (default)
2022-03-01 14:07:07,956 [pool-227-thread-1] INFO  server.RaftServerConfigKeys (ConfUtils.java:logGet(44)) - raft.server.log.write.buffer.size = 1048576 (custom)
2022-03-01 14:07:07,958 [pool-227-thread-1] INFO  server.RaftServerConfigKeys (ConfUtils.java:logGet(44)) - raft.server.log.statemachine.data.caching.enabled = true (custom)
2022-03-01 14:07:07,958 [pool-227-thread-1] INFO  segmented.SegmentedRaftLogWorker (SegmentedRaftLogWorker.java:lambda$new$0(133)) - c5c6d7e9-010e-4dff-b525-0995d1efc2dc@group-AC61AF4ED8BC-SegmentedRaftLogWorker: flushIndex: setUnconditionally 0 -> -1
2022-03-01 14:07:07,959 [pool-227-thread-1] INFO  segmented.SegmentedRaftLogWorker (SegmentedRaftLogWorker.java:lambda$new$0(133)) - c5c6d7e9-010e-4dff-b525-0995d1efc2dc@group-AC61AF4ED8BC-SegmentedRaftLogWorker: safeCacheEvictIndex: setUnconditionally 0 -> -1
2022-03-01 14:07:07,960 [pool-227-thread-1] INFO  server.RaftServerConfigKeys (ConfUtils.java:logGet(44)) - raft.server.snapshot.auto.trigger.enabled = true (custom)
2022-03-01 14:07:07,960 [pool-227-thread-1] INFO  server.RaftServerConfigKeys (ConfUtils.java:logGet(44)) - raft.server.snapshot.auto.trigger.threshold = 10000 (custom)
2022-03-01 14:07:07,960 [pool-227-thread-1] INFO  server.RaftServerConfigKeys (ConfUtils.java:logGet(44)) - raft.server.snapshot.retention.file.num = 5 (custom)
2022-03-01 14:07:07,960 [pool-227-thread-1] INFO  server.RaftServerConfigKeys (ConfUtils.java:logGet(44)) - raft.server.log.purge.upto.snapshot.index = false (default)
2022-03-01 14:07:07,960 [pool-227-thread-1] INFO  server.RaftServerConfigKeys (ConfUtils.java:logGet(44)) - raft.server.retrycache.expirytime = 600000ms (custom)
2022-03-01 14:07:07,960 [pool-227-thread-1] INFO  server.RaftServerConfigKeys (ConfUtils.java:logGet(44)) - raft.server.retrycache.statistics.expirytime = 100μs (default)
2022-03-01 14:07:07,963 [pool-227-thread-1] INFO  server.RaftServer$Division (RaftServerImpl.java:start(301)) - c5c6d7e9-010e-4dff-b525-0995d1efc2dc@group-AC61AF4ED8BC: start as a follower, conf=-1: [c5c6d7e9-010e-4dff-b525-0995d1efc2dc|rpc:10.1.0.24:42291|priority:0, c8c4da50-09a5-4319-9b45-94eabdb6bd98|rpc:10.1.0.24:35017|priority:0, 748cb913-fd30-47bb-8b51-1fb8fbe69c23|rpc:10.1.0.24:38409|priority:1], old=null
2022-03-01 14:07:07,963 [pool-227-thread-1] INFO  server.RaftServer$Division (RaftServerImpl.java:setRole(290)) - c5c6d7e9-010e-4dff-b525-0995d1efc2dc@group-AC61AF4ED8BC: changes role from      null to FOLLOWER at term 0 for startAsFollower
2022-03-01 14:07:07,963 [pool-227-thread-1] INFO  impl.RoleInfo (RoleInfo.java:updateAndGet(130)) - c5c6d7e9-010e-4dff-b525-0995d1efc2dc: start c5c6d7e9-010e-4dff-b525-0995d1efc2dc@group-AC61AF4ED8BC-FollowerState
2022-03-01 14:07:07,964 [pool-227-thread-1] INFO  util.JmxRegister (JmxRegister.java:tryRegister(44)) - Successfully registered JMX Bean with object name Ratis:service=RaftServer,group=group-AC61AF4ED8BC,id=c5c6d7e9-010e-4dff-b525-0995d1efc2dc
2022-03-01 14:07:07,964 [Command processor thread] INFO  ratis.XceiverServerRatis (XceiverServerRatis.java:addGroup(769)) - Created group PipelineID=99f74bcf-39fc-4e4d-9636-ac61af4ed8bc
2022-03-01 14:07:07,967 [EventQueue-OpenPipelineForHealthyPipelineSafeModeRule] INFO  safemode.SCMSafeModeManager (HealthyPipelineSafeModeRule.java:process(124)) - SCM in safe mode. Healthy pipelines reported count is 0, required healthy pipeline reported count is 1
2022-03-01 14:07:07,967 [EventQueue-OpenPipelineForHealthyPipelineSafeModeRule] INFO  safemode.SCMSafeModeManager (HealthyPipelineSafeModeRule.java:process(124)) - SCM in safe mode. Healthy pipelines reported count is 0, required healthy pipeline reported count is 1
2022-03-01 14:07:07,968 [Listener at 127.0.0.1/33581] INFO  ozone.MiniOzoneClusterImpl (MiniOzoneClusterImpl.java:lambda$waitForClusterToBeReady$0(219)) - Nodes are ready. Got 3 of 3 DN Heartbeats.
2022-03-01 14:07:07,969 [Listener at 127.0.0.1/33581] INFO  ozone.MiniOzoneClusterImpl (MiniOzoneClusterImpl.java:lambda$waitForClusterToBeReady$0(222)) - Waiting for cluster to exit safe mode
2022-03-01 14:07:07,969 [Listener at 127.0.0.1/33581] INFO  ozone.MiniOzoneClusterImpl (MiniOzoneClusterImpl.java:lambda$waitForClusterToBeReady$0(224)) - SCM became leader
2022-03-01 14:07:07,980 [grpc-default-executor-1] INFO  server.RaftServer (RaftServerProxy.java:addNew(95)) - 748cb913-fd30-47bb-8b51-1fb8fbe69c23: addNew group-AC61AF4ED8BC:[c5c6d7e9-010e-4dff-b525-0995d1efc2dc|rpc:10.1.0.24:42291|dataStream:|priority:0, c8c4da50-09a5-4319-9b45-94eabdb6bd98|rpc:10.1.0.24:35017|dataStream:|priority:0, 748cb913-fd30-47bb-8b51-1fb8fbe69c23|rpc:10.1.0.24:38409|dataStream:|priority:1] returns group-AC61AF4ED8BC:java.util.concurrent.CompletableFuture@2bb94780[Not completed]
2022-03-01 14:07:07,982 [pool-248-thread-1] INFO  server.RaftServer$Division (RaftServerImpl.java:<init>(184)) - 748cb913-fd30-47bb-8b51-1fb8fbe69c23: new RaftServerImpl for group-AC61AF4ED8BC:[c5c6d7e9-010e-4dff-b525-0995d1efc2dc|rpc:10.1.0.24:42291|dataStream:|priority:0, c8c4da50-09a5-4319-9b45-94eabdb6bd98|rpc:10.1.0.24:35017|dataStream:|priority:0, 748cb913-fd30-47bb-8b51-1fb8fbe69c23|rpc:10.1.0.24:38409|dataStream:|priority:1] with ContainerStateMachine:uninitialized
2022-03-01 14:07:07,988 [pool-248-thread-1] INFO  server.RaftServerConfigKeys (ConfUtils.java:logGet(44)) - raft.server.rpc.timeout.min = 5s (custom)
2022-03-01 14:07:07,988 [pool-248-thread-1] INFO  server.RaftServerConfigKeys (ConfUtils.java:logGet(44)) - raft.server.rpc.timeout.max = 5200ms (custom)
2022-03-01 14:07:07,988 [pool-248-thread-1] INFO  server.RaftServerConfigKeys (ConfUtils.java:logGet(44)) - raft.server.rpc.sleep.time = 25ms (default)
2022-03-01 14:07:07,988 [pool-248-thread-1] INFO  server.RaftServerConfigKeys (ConfUtils.java:logGet(44)) - raft.server.rpc.slowness.timeout = 300s (custom)
2022-03-01 14:07:07,988 [pool-248-thread-1] INFO  server.RaftServerConfigKeys (ConfUtils.java:logGet(44)) - raft.server.leaderelection.leader.step-down.wait-time = 10s (default)
2022-03-01 14:07:07,989 [pool-248-thread-1] INFO  server.RaftServerConfigKeys (ConfUtils.java:logGet(44)) - raft.server.sleep.deviation.threshold = 300ms (default)
2022-03-01 14:07:07,989 [pool-248-thread-1] INFO  server.RaftServerConfigKeys (ConfUtils.java:logGet(44)) - raft.server.log.appender.install.snapshot.enabled = false (custom)
2022-03-01 14:07:07,989 [pool-248-thread-1] INFO  server.RaftServer$Division (ServerState.java:<init>(105)) - 748cb913-fd30-47bb-8b51-1fb8fbe69c23@group-AC61AF4ED8BC: ConfigurationManager, init=-1: [c5c6d7e9-010e-4dff-b525-0995d1efc2dc|rpc:10.1.0.24:42291|dataStream:|priority:0, c8c4da50-09a5-4319-9b45-94eabdb6bd98|rpc:10.1.0.24:35017|dataStream:|priority:0, 748cb913-fd30-47bb-8b51-1fb8fbe69c23|rpc:10.1.0.24:38409|dataStream:|priority:1], old=null, confs=<EMPTY_MAP>
2022-03-01 14:07:07,989 [pool-248-thread-1] INFO  server.RaftServerConfigKeys (ConfUtils.java:logGet(44)) - raft.server.storage.dir = [/home/runner/work/ozone/ozone/hadoop-ozone/integration-test/target/test-dir/MiniOzoneClusterImpl-5212a7ac-80c3-46b0-8f30-1180f829ef0d/datanode-1/data/ratis] (custom)
2022-03-01 14:07:07,989 [pool-248-thread-1] INFO  server.RaftServerConfigKeys (ConfUtils.java:logGet(44)) - raft.server.log.corruption.policy = EXCEPTION (default)
2022-03-01 14:07:07,989 [pool-248-thread-1] INFO  server.RaftServerConfigKeys (ConfUtils.java:logGet(44)) - raft.server.storage.free-space.min = 0MB (=0) (default)
2022-03-01 14:07:07,989 [pool-248-thread-1] INFO  storage.RaftStorageDirectory (RaftStorageDirectoryImpl.java:analyzeStorage(135)) - The storage directory /home/runner/work/ozone/ozone/hadoop-ozone/integration-test/target/test-dir/MiniOzoneClusterImpl-5212a7ac-80c3-46b0-8f30-1180f829ef0d/datanode-1/data/ratis/99f74bcf-39fc-4e4d-9636-ac61af4ed8bc does not exist. Creating ...
2022-03-01 14:07:08,005 [pool-248-thread-1] INFO  storage.RaftStorageDirectory (RaftStorageDirectoryImpl.java:tryLock(230)) - Lock on /home/runner/work/ozone/ozone/hadoop-ozone/integration-test/target/test-dir/MiniOzoneClusterImpl-5212a7ac-80c3-46b0-8f30-1180f829ef0d/datanode-1/data/ratis/99f74bcf-39fc-4e4d-9636-ac61af4ed8bc/in_use.lock acquired by nodename 10349@fv-az195-209
2022-03-01 14:07:08,009 [pool-248-thread-1] INFO  storage.RaftStorage (RaftStorageImpl.java:format(89)) - Storage directory /home/runner/work/ozone/ozone/hadoop-ozone/integration-test/target/test-dir/MiniOzoneClusterImpl-5212a7ac-80c3-46b0-8f30-1180f829ef0d/datanode-1/data/ratis/99f74bcf-39fc-4e4d-9636-ac61af4ed8bc has been successfully formatted.
2022-03-01 14:07:08,017 [pool-248-thread-1] INFO  ratis.ContainerStateMachine (ContainerStateMachine.java:loadSnapshot(236)) - group-AC61AF4ED8BC: The snapshot info is null. Setting the last applied indexto:(t:0, i:~)
2022-03-01 14:07:08,017 [pool-248-thread-1] INFO  server.RaftServerConfigKeys (ConfUtils.java:logGet(44)) - raft.server.notification.no-leader.timeout = 300s (custom)
2022-03-01 14:07:08,018 [pool-248-thread-1] INFO  server.RaftServerConfigKeys (ConfUtils.java:logGet(44)) - raft.server.log.use.memory = false (default)
2022-03-01 14:07:08,018 [pool-248-thread-1] INFO  server.RaftServerConfigKeys (ConfUtils.java:logGet(44)) - raft.server.log.purge.gap = 1000000 (custom)
2022-03-01 14:07:08,018 [pool-248-thread-1] INFO  server.RaftServerConfigKeys (ConfUtils.java:logGet(44)) - raft.server.log.appender.buffer.byte-limit = 33554432 (custom)
2022-03-01 14:07:08,018 [pool-248-thread-1] INFO  server.RaftServerConfigKeys (ConfUtils.java:logGet(44)) - raft.server.log.segment.size.max = 1048576 (custom)
2022-03-01 14:07:08,018 [pool-248-thread-1] INFO  server.RaftServerConfigKeys (ConfUtils.java:logGet(44)) - raft.server.log.segment.cache.num.max = 2 (custom)
2022-03-01 14:07:08,018 [pool-248-thread-1] INFO  server.RaftServerConfigKeys (ConfUtils.java:logGet(44)) - raft.server.log.segment.cache.size.max = 200MB (=209715200) (default)
2022-03-01 14:07:08,018 [pool-248-thread-1] INFO  segmented.SegmentedRaftLogWorker (SegmentedRaftLogWorker.java:<init>(182)) - new 748cb913-fd30-47bb-8b51-1fb8fbe69c23@group-AC61AF4ED8BC-SegmentedRaftLogWorker for RaftStorageImpl:Storage Directory /home/runner/work/ozone/ozone/hadoop-ozone/integration-test/target/test-dir/MiniOzoneClusterImpl-5212a7ac-80c3-46b0-8f30-1180f829ef0d/datanode-1/data/ratis/99f74bcf-39fc-4e4d-9636-ac61af4ed8bc
2022-03-01 14:07:08,019 [pool-248-thread-1] INFO  server.RaftServerConfigKeys (ConfUtils.java:logGet(44)) - raft.server.log.queue.byte-limit = 4294967296 (custom)
2022-03-01 14:07:08,019 [pool-248-thread-1] INFO  server.RaftServerConfigKeys (ConfUtils.java:logGet(44)) - raft.server.log.queue.element-limit = 1024 (custom)
2022-03-01 14:07:08,019 [pool-248-thread-1] INFO  server.RaftServerConfigKeys (ConfUtils.java:logGet(44)) - raft.server.log.segment.size.max = 1048576 (custom)
2022-03-01 14:07:08,019 [pool-248-thread-1] INFO  server.RaftServerConfigKeys (ConfUtils.java:logGet(44)) - raft.server.log.preallocated.size = 16384 (custom)
2022-03-01 14:07:08,019 [pool-248-thread-1] INFO  server.RaftServerConfigKeys (ConfUtils.java:logGet(44)) - raft.server.log.force.sync.num = 128 (default)
2022-03-01 14:07:08,019 [pool-248-thread-1] INFO  server.RaftServerConfigKeys (ConfUtils.java:logGet(44)) - raft.server.log.statemachine.data.sync = true (default)
2022-03-01 14:07:08,019 [pool-248-thread-1] INFO  server.RaftServerConfigKeys (ConfUtils.java:logGet(44)) - raft.server.log.statemachine.data.sync.timeout = 10s (default)
2022-03-01 14:07:08,019 [pool-248-thread-1] INFO  server.RaftServerConfigKeys (ConfUtils.java:logGet(44)) - raft.server.log.statemachine.data.sync.timeout.retry = -1 (default)
2022-03-01 14:07:08,020 [pool-248-thread-1] INFO  server.RaftServerConfigKeys (ConfUtils.java:logGet(44)) - raft.server.log.write.buffer.size = 1048576 (custom)
2022-03-01 14:07:08,020 [pool-248-thread-1] INFO  server.RaftServerConfigKeys (ConfUtils.java:logGet(44)) - raft.server.log.statemachine.data.caching.enabled = true (custom)
2022-03-01 14:07:08,020 [pool-248-thread-1] INFO  segmented.SegmentedRaftLogWorker (SegmentedRaftLogWorker.java:lambda$new$0(133)) - 748cb913-fd30-47bb-8b51-1fb8fbe69c23@group-AC61AF4ED8BC-SegmentedRaftLogWorker: flushIndex: setUnconditionally 0 -> -1
2022-03-01 14:07:08,020 [pool-248-thread-1] INFO  segmented.SegmentedRaftLogWorker (SegmentedRaftLogWorker.java:lambda$new$0(133)) - 748cb913-fd30-47bb-8b51-1fb8fbe69c23@group-AC61AF4ED8BC-SegmentedRaftLogWorker: safeCacheEvictIndex: setUnconditionally 0 -> -1
2022-03-01 14:07:08,031 [pool-248-thread-1] INFO  server.RaftServerConfigKeys (ConfUtils.java:logGet(44)) - raft.server.snapshot.auto.trigger.enabled = true (custom)
2022-03-01 14:07:08,031 [pool-248-thread-1] INFO  server.RaftServerConfigKeys (ConfUtils.java:logGet(44)) - raft.server.snapshot.auto.trigger.threshold = 10000 (custom)
2022-03-01 14:07:08,031 [pool-248-thread-1] INFO  server.RaftServerConfigKeys (ConfUtils.java:logGet(44)) - raft.server.snapshot.retention.file.num = 5 (custom)
2022-03-01 14:07:08,031 [pool-248-thread-1] INFO  server.RaftServerConfigKeys (ConfUtils.java:logGet(44)) - raft.server.log.purge.upto.snapshot.index = false (default)
2022-03-01 14:07:08,032 [pool-248-thread-1] INFO  server.RaftServerConfigKeys (ConfUtils.java:logGet(44)) - raft.server.retrycache.expirytime = 600000ms (custom)
2022-03-01 14:07:08,032 [pool-248-thread-1] INFO  server.RaftServerConfigKeys (ConfUtils.java:logGet(44)) - raft.server.retrycache.statistics.expirytime = 100μs (default)
2022-03-01 14:07:08,040 [pool-248-thread-1] INFO  server.RaftServer$Division (RaftServerImpl.java:start(301)) - 748cb913-fd30-47bb-8b51-1fb8fbe69c23@group-AC61AF4ED8BC: start as a follower, conf=-1: [c5c6d7e9-010e-4dff-b525-0995d1efc2dc|rpc:10.1.0.24:42291|dataStream:|priority:0, c8c4da50-09a5-4319-9b45-94eabdb6bd98|rpc:10.1.0.24:35017|dataStream:|priority:0, 748cb913-fd30-47bb-8b51-1fb8fbe69c23|rpc:10.1.0.24:38409|dataStream:|priority:1], old=null
2022-03-01 14:07:08,040 [pool-248-thread-1] INFO  server.RaftServer$Division (RaftServerImpl.java:setRole(290)) - 748cb913-fd30-47bb-8b51-1fb8fbe69c23@group-AC61AF4ED8BC: changes role from      null to FOLLOWER at term 0 for startAsFollower
2022-03-01 14:07:08,040 [pool-248-thread-1] INFO  impl.RoleInfo (RoleInfo.java:updateAndGet(130)) - 748cb913-fd30-47bb-8b51-1fb8fbe69c23: start 748cb913-fd30-47bb-8b51-1fb8fbe69c23@group-AC61AF4ED8BC-FollowerState
2022-03-01 14:07:08,043 [pool-248-thread-1] INFO  util.JmxRegister (JmxRegister.java:tryRegister(44)) - Successfully registered JMX Bean with object name Ratis:service=RaftServer,group=group-AC61AF4ED8BC,id=748cb913-fd30-47bb-8b51-1fb8fbe69c23
2022-03-01 14:07:08,091 [grpc-default-executor-1] INFO  server.RaftServer (RaftServerProxy.java:addNew(95)) - c8c4da50-09a5-4319-9b45-94eabdb6bd98: addNew group-AC61AF4ED8BC:[c5c6d7e9-010e-4dff-b525-0995d1efc2dc|rpc:10.1.0.24:42291|dataStream:|priority:0, c8c4da50-09a5-4319-9b45-94eabdb6bd98|rpc:10.1.0.24:35017|dataStream:|priority:0, 748cb913-fd30-47bb-8b51-1fb8fbe69c23|rpc:10.1.0.24:38409|dataStream:|priority:1] returns group-AC61AF4ED8BC:java.util.concurrent.CompletableFuture@29984586[Not completed]
2022-03-01 14:07:08,101 [pool-269-thread-1] INFO  server.RaftServer$Division (RaftServerImpl.java:<init>(184)) - c8c4da50-09a5-4319-9b45-94eabdb6bd98: new RaftServerImpl for group-AC61AF4ED8BC:[c5c6d7e9-010e-4dff-b525-0995d1efc2dc|rpc:10.1.0.24:42291|dataStream:|priority:0, c8c4da50-09a5-4319-9b45-94eabdb6bd98|rpc:10.1.0.24:35017|dataStream:|priority:0, 748cb913-fd30-47bb-8b51-1fb8fbe69c23|rpc:10.1.0.24:38409|dataStream:|priority:1] with ContainerStateMachine:uninitialized
2022-03-01 14:07:08,102 [pool-269-thread-1] INFO  server.RaftServerConfigKeys (ConfUtils.java:logGet(44)) - raft.server.rpc.timeout.min = 5s (custom)
2022-03-01 14:07:08,102 [pool-269-thread-1] INFO  server.RaftServerConfigKeys (ConfUtils.java:logGet(44)) - raft.server.rpc.timeout.max = 5200ms (custom)
2022-03-01 14:07:08,102 [pool-269-thread-1] INFO  server.RaftServerConfigKeys (ConfUtils.java:logGet(44)) - raft.server.rpc.sleep.time = 25ms (default)
2022-03-01 14:07:08,102 [pool-269-thread-1] INFO  server.RaftServerConfigKeys (ConfUtils.java:logGet(44)) - raft.server.rpc.slowness.timeout = 300s (custom)
2022-03-01 14:07:08,102 [pool-269-thread-1] INFO  server.RaftServerConfigKeys (ConfUtils.java:logGet(44)) - raft.server.leaderelection.leader.step-down.wait-time = 10s (default)
2022-03-01 14:07:08,102 [pool-269-thread-1] INFO  server.RaftServerConfigKeys (ConfUtils.java:logGet(44)) - raft.server.sleep.deviation.threshold = 300ms (default)
2022-03-01 14:07:08,102 [pool-269-thread-1] INFO  server.RaftServerConfigKeys (ConfUtils.java:logGet(44)) - raft.server.log.appender.install.snapshot.enabled = false (custom)
2022-03-01 14:07:08,102 [pool-269-thread-1] INFO  server.RaftServer$Division (ServerState.java:<init>(105)) - c8c4da50-09a5-4319-9b45-94eabdb6bd98@group-AC61AF4ED8BC: ConfigurationManager, init=-1: [c5c6d7e9-010e-4dff-b525-0995d1efc2dc|rpc:10.1.0.24:42291|dataStream:|priority:0, c8c4da50-09a5-4319-9b45-94eabdb6bd98|rpc:10.1.0.24:35017|dataStream:|priority:0, 748cb913-fd30-47bb-8b51-1fb8fbe69c23|rpc:10.1.0.24:38409|dataStream:|priority:1], old=null, confs=<EMPTY_MAP>
2022-03-01 14:07:08,102 [pool-269-thread-1] INFO  server.RaftServerConfigKeys (ConfUtils.java:logGet(44)) - raft.server.storage.dir = [/home/runner/work/ozone/ozone/hadoop-ozone/integration-test/target/test-dir/MiniOzoneClusterImpl-5212a7ac-80c3-46b0-8f30-1180f829ef0d/datanode-2/data/ratis] (custom)
2022-03-01 14:07:08,103 [pool-269-thread-1] INFO  server.RaftServerConfigKeys (ConfUtils.java:logGet(44)) - raft.server.log.corruption.policy = EXCEPTION (default)
2022-03-01 14:07:08,103 [pool-269-thread-1] INFO  server.RaftServerConfigKeys (ConfUtils.java:logGet(44)) - raft.server.storage.free-space.min = 0MB (=0) (default)
2022-03-01 14:07:08,103 [pool-269-thread-1] INFO  storage.RaftStorageDirectory (RaftStorageDirectoryImpl.java:analyzeStorage(135)) - The storage directory /home/runner/work/ozone/ozone/hadoop-ozone/integration-test/target/test-dir/MiniOzoneClusterImpl-5212a7ac-80c3-46b0-8f30-1180f829ef0d/datanode-2/data/ratis/99f74bcf-39fc-4e4d-9636-ac61af4ed8bc does not exist. Creating ...
2022-03-01 14:07:08,107 [pool-269-thread-1] INFO  storage.RaftStorageDirectory (RaftStorageDirectoryImpl.java:tryLock(230)) - Lock on /home/runner/work/ozone/ozone/hadoop-ozone/integration-test/target/test-dir/MiniOzoneClusterImpl-5212a7ac-80c3-46b0-8f30-1180f829ef0d/datanode-2/data/ratis/99f74bcf-39fc-4e4d-9636-ac61af4ed8bc/in_use.lock acquired by nodename 10349@fv-az195-209
2022-03-01 14:07:08,109 [pool-269-thread-1] INFO  storage.RaftStorage (RaftStorageImpl.java:format(89)) - Storage directory /home/runner/work/ozone/ozone/hadoop-ozone/integration-test/target/test-dir/MiniOzoneClusterImpl-5212a7ac-80c3-46b0-8f30-1180f829ef0d/datanode-2/data/ratis/99f74bcf-39fc-4e4d-9636-ac61af4ed8bc has been successfully formatted.
2022-03-01 14:07:08,125 [pool-269-thread-1] INFO  ratis.ContainerStateMachine (ContainerStateMachine.java:loadSnapshot(236)) - group-AC61AF4ED8BC: The snapshot info is null. Setting the last applied indexto:(t:0, i:~)
2022-03-01 14:07:08,127 [pool-269-thread-1] INFO  server.RaftServerConfigKeys (ConfUtils.java:logGet(44)) - raft.server.notification.no-leader.timeout = 300s (custom)
2022-03-01 14:07:08,127 [pool-269-thread-1] INFO  server.RaftServerConfigKeys (ConfUtils.java:logGet(44)) - raft.server.log.use.memory = false (default)
2022-03-01 14:07:08,127 [pool-269-thread-1] INFO  server.RaftServerConfigKeys (ConfUtils.java:logGet(44)) - raft.server.log.purge.gap = 1000000 (custom)
2022-03-01 14:07:08,127 [pool-269-thread-1] INFO  server.RaftServerConfigKeys (ConfUtils.java:logGet(44)) - raft.server.log.appender.buffer.byte-limit = 33554432 (custom)
2022-03-01 14:07:08,128 [pool-269-thread-1] INFO  server.RaftServerConfigKeys (ConfUtils.java:logGet(44)) - raft.server.log.segment.size.max = 1048576 (custom)
2022-03-01 14:07:08,128 [pool-269-thread-1] INFO  server.RaftServerConfigKeys (ConfUtils.java:logGet(44)) - raft.server.log.segment.cache.num.max = 2 (custom)
2022-03-01 14:07:08,128 [pool-269-thread-1] INFO  server.RaftServerConfigKeys (ConfUtils.java:logGet(44)) - raft.server.log.segment.cache.size.max = 200MB (=209715200) (default)
2022-03-01 14:07:08,128 [pool-269-thread-1] INFO  segmented.SegmentedRaftLogWorker (SegmentedRaftLogWorker.java:<init>(182)) - new c8c4da50-09a5-4319-9b45-94eabdb6bd98@group-AC61AF4ED8BC-SegmentedRaftLogWorker for RaftStorageImpl:Storage Directory /home/runner/work/ozone/ozone/hadoop-ozone/integration-test/target/test-dir/MiniOzoneClusterImpl-5212a7ac-80c3-46b0-8f30-1180f829ef0d/datanode-2/data/ratis/99f74bcf-39fc-4e4d-9636-ac61af4ed8bc
2022-03-01 14:07:08,128 [pool-269-thread-1] INFO  server.RaftServerConfigKeys (ConfUtils.java:logGet(44)) - raft.server.log.queue.byte-limit = 4294967296 (custom)
2022-03-01 14:07:08,128 [pool-269-thread-1] INFO  server.RaftServerConfigKeys (ConfUtils.java:logGet(44)) - raft.server.log.queue.element-limit = 1024 (custom)
2022-03-01 14:07:08,129 [pool-269-thread-1] INFO  server.RaftServerConfigKeys (ConfUtils.java:logGet(44)) - raft.server.log.segment.size.max = 1048576 (custom)
2022-03-01 14:07:08,129 [pool-269-thread-1] INFO  server.RaftServerConfigKeys (ConfUtils.java:logGet(44)) - raft.server.log.preallocated.size = 16384 (custom)
2022-03-01 14:07:08,129 [pool-269-thread-1] INFO  server.RaftServerConfigKeys (ConfUtils.java:logGet(44)) - raft.server.log.force.sync.num = 128 (default)
2022-03-01 14:07:08,129 [pool-269-thread-1] INFO  server.RaftServerConfigKeys (ConfUtils.java:logGet(44)) - raft.server.log.statemachine.data.sync = true (default)
2022-03-01 14:07:08,129 [pool-269-thread-1] INFO  server.RaftServerConfigKeys (ConfUtils.java:logGet(44)) - raft.server.log.statemachine.data.sync.timeout = 10s (default)
2022-03-01 14:07:08,129 [pool-269-thread-1] INFO  server.RaftServerConfigKeys (ConfUtils.java:logGet(44)) - raft.server.log.statemachine.data.sync.timeout.retry = -1 (default)
2022-03-01 14:07:08,130 [pool-269-thread-1] INFO  server.RaftServerConfigKeys (ConfUtils.java:logGet(44)) - raft.server.log.write.buffer.size = 1048576 (custom)
2022-03-01 14:07:08,132 [pool-269-thread-1] INFO  server.RaftServerConfigKeys (ConfUtils.java:logGet(44)) - raft.server.log.statemachine.data.caching.enabled = true (custom)
2022-03-01 14:07:08,132 [pool-269-thread-1] INFO  segmented.SegmentedRaftLogWorker (SegmentedRaftLogWorker.java:lambda$new$0(133)) - c8c4da50-09a5-4319-9b45-94eabdb6bd98@group-AC61AF4ED8BC-SegmentedRaftLogWorker: flushIndex: setUnconditionally 0 -> -1
2022-03-01 14:07:08,136 [pool-269-thread-1] INFO  segmented.SegmentedRaftLogWorker (SegmentedRaftLogWorker.java:lambda$new$0(133)) - c8c4da50-09a5-4319-9b45-94eabdb6bd98@group-AC61AF4ED8BC-SegmentedRaftLogWorker: safeCacheEvictIndex: setUnconditionally 0 -> -1
2022-03-01 14:07:08,141 [pool-269-thread-1] INFO  server.RaftServerConfigKeys (ConfUtils.java:logGet(44)) - raft.server.snapshot.auto.trigger.enabled = true (custom)
2022-03-01 14:07:08,141 [pool-269-thread-1] INFO  server.RaftServerConfigKeys (ConfUtils.java:logGet(44)) - raft.server.snapshot.auto.trigger.threshold = 10000 (custom)
2022-03-01 14:07:08,141 [pool-269-thread-1] INFO  server.RaftServerConfigKeys (ConfUtils.java:logGet(44)) - raft.server.snapshot.retention.file.num = 5 (custom)
2022-03-01 14:07:08,141 [pool-269-thread-1] INFO  server.RaftServerConfigKeys (ConfUtils.java:logGet(44)) - raft.server.log.purge.upto.snapshot.index = false (default)
2022-03-01 14:07:08,141 [pool-269-thread-1] INFO  server.RaftServerConfigKeys (ConfUtils.java:logGet(44)) - raft.server.retrycache.expirytime = 600000ms (custom)
2022-03-01 14:07:08,141 [pool-269-thread-1] INFO  server.RaftServerConfigKeys (ConfUtils.java:logGet(44)) - raft.server.retrycache.statistics.expirytime = 100μs (default)
2022-03-01 14:07:08,142 [pool-269-thread-1] INFO  server.RaftServer$Division (RaftServerImpl.java:start(301)) - c8c4da50-09a5-4319-9b45-94eabdb6bd98@group-AC61AF4ED8BC: start as a follower, conf=-1: [c5c6d7e9-010e-4dff-b525-0995d1efc2dc|rpc:10.1.0.24:42291|dataStream:|priority:0, c8c4da50-09a5-4319-9b45-94eabdb6bd98|rpc:10.1.0.24:35017|dataStream:|priority:0, 748cb913-fd30-47bb-8b51-1fb8fbe69c23|rpc:10.1.0.24:38409|dataStream:|priority:1], old=null
2022-03-01 14:07:08,142 [pool-269-thread-1] INFO  server.RaftServer$Division (RaftServerImpl.java:setRole(290)) - c8c4da50-09a5-4319-9b45-94eabdb6bd98@group-AC61AF4ED8BC: changes role from      null to FOLLOWER at term 0 for startAsFollower
2022-03-01 14:07:08,142 [pool-269-thread-1] INFO  impl.RoleInfo (RoleInfo.java:updateAndGet(130)) - c8c4da50-09a5-4319-9b45-94eabdb6bd98: start c8c4da50-09a5-4319-9b45-94eabdb6bd98@group-AC61AF4ED8BC-FollowerState
2022-03-01 14:07:08,156 [pool-269-thread-1] INFO  util.JmxRegister (JmxRegister.java:tryRegister(44)) - Successfully registered JMX Bean with object name Ratis:service=RaftServer,group=group-AC61AF4ED8BC,id=c8c4da50-09a5-4319-9b45-94eabdb6bd98
2022-03-01 14:07:08,183 [Command processor thread] INFO  commandhandler.CreatePipelineCommandHandler (CreatePipelineCommandHandler.java:handle(106)) - Created Pipeline RATIS THREE PipelineID=99f74bcf-39fc-4e4d-9636-ac61af4ed8bc.
2022-03-01 14:07:08,183 [Command processor thread] INFO  server.RaftServer (RaftServerProxy.java:addNew(95)) - c5c6d7e9-010e-4dff-b525-0995d1efc2dc: addNew group-9EE5C350FFCC:[c5c6d7e9-010e-4dff-b525-0995d1efc2dc|rpc:10.1.0.24:42291|priority:0, c8c4da50-09a5-4319-9b45-94eabdb6bd98|rpc:10.1.0.24:35017|priority:1, 748cb913-fd30-47bb-8b51-1fb8fbe69c23|rpc:10.1.0.24:38409|priority:0] returns group-9EE5C350FFCC:java.util.concurrent.CompletableFuture@79734e4[Not completed]
2022-03-01 14:07:08,184 [pool-227-thread-1] INFO  server.RaftServer$Division (RaftServerImpl.java:<init>(184)) - c5c6d7e9-010e-4dff-b525-0995d1efc2dc: new RaftServerImpl for group-9EE5C350FFCC:[c5c6d7e9-010e-4dff-b525-0995d1efc2dc|rpc:10.1.0.24:42291|priority:0, c8c4da50-09a5-4319-9b45-94eabdb6bd98|rpc:10.1.0.24:35017|priority:1, 748cb913-fd30-47bb-8b51-1fb8fbe69c23|rpc:10.1.0.24:38409|priority:0] with ContainerStateMachine:uninitialized
2022-03-01 14:07:08,185 [pool-227-thread-1] INFO  server.RaftServerConfigKeys (ConfUtils.java:logGet(44)) - raft.server.rpc.timeout.min = 5s (custom)
2022-03-01 14:07:08,185 [pool-227-thread-1] INFO  server.RaftServerConfigKeys (ConfUtils.java:logGet(44)) - raft.server.rpc.timeout.max = 5200ms (custom)
2022-03-01 14:07:08,185 [pool-227-thread-1] INFO  server.RaftServerConfigKeys (ConfUtils.java:logGet(44)) - raft.server.rpc.sleep.time = 25ms (default)
2022-03-01 14:07:08,185 [pool-227-thread-1] INFO  server.RaftServerConfigKeys (ConfUtils.java:logGet(44)) - raft.server.rpc.slowness.timeout = 300s (custom)
2022-03-01 14:07:08,185 [pool-227-thread-1] INFO  server.RaftServerConfigKeys (ConfUtils.java:logGet(44)) - raft.server.leaderelection.leader.step-down.wait-time = 10s (default)
2022-03-01 14:07:08,185 [pool-227-thread-1] INFO  server.RaftServerConfigKeys (ConfUtils.java:logGet(44)) - raft.server.sleep.deviation.threshold = 300ms (default)
2022-03-01 14:07:08,185 [pool-227-thread-1] INFO  server.RaftServerConfigKeys (ConfUtils.java:logGet(44)) - raft.server.log.appender.install.snapshot.enabled = false (custom)
2022-03-01 14:07:08,185 [pool-227-thread-1] INFO  server.RaftServer$Division (ServerState.java:<init>(105)) - c5c6d7e9-010e-4dff-b525-0995d1efc2dc@group-9EE5C350FFCC: ConfigurationManager, init=-1: [c5c6d7e9-010e-4dff-b525-0995d1efc2dc|rpc:10.1.0.24:42291|priority:0, c8c4da50-09a5-4319-9b45-94eabdb6bd98|rpc:10.1.0.24:35017|priority:1, 748cb913-fd30-47bb-8b51-1fb8fbe69c23|rpc:10.1.0.24:38409|priority:0], old=null, confs=<EMPTY_MAP>
2022-03-01 14:07:08,185 [pool-227-thread-1] INFO  server.RaftServerConfigKeys (ConfUtils.java:logGet(44)) - raft.server.storage.dir = [/home/runner/work/ozone/ozone/hadoop-ozone/integration-test/target/test-dir/MiniOzoneClusterImpl-5212a7ac-80c3-46b0-8f30-1180f829ef0d/datanode-0/data/ratis] (custom)
2022-03-01 14:07:08,185 [pool-227-thread-1] INFO  server.RaftServerConfigKeys (ConfUtils.java:logGet(44)) - raft.server.log.corruption.policy = EXCEPTION (default)
2022-03-01 14:07:08,185 [pool-227-thread-1] INFO  server.RaftServerConfigKeys (ConfUtils.java:logGet(44)) - raft.server.storage.free-space.min = 0MB (=0) (default)
2022-03-01 14:07:08,185 [pool-227-thread-1] INFO  storage.RaftStorageDirectory (RaftStorageDirectoryImpl.java:analyzeStorage(135)) - The storage directory /home/runner/work/ozone/ozone/hadoop-ozone/integration-test/target/test-dir/MiniOzoneClusterImpl-5212a7ac-80c3-46b0-8f30-1180f829ef0d/datanode-0/data/ratis/48c26799-b086-4efd-a7b8-9ee5c350ffcc does not exist. Creating ...
2022-03-01 14:07:08,186 [pool-227-thread-1] INFO  storage.RaftStorageDirectory (RaftStorageDirectoryImpl.java:tryLock(230)) - Lock on /home/runner/work/ozone/ozone/hadoop-ozone/integration-test/target/test-dir/MiniOzoneClusterImpl-5212a7ac-80c3-46b0-8f30-1180f829ef0d/datanode-0/data/ratis/48c26799-b086-4efd-a7b8-9ee5c350ffcc/in_use.lock acquired by nodename 10349@fv-az195-209
2022-03-01 14:07:08,188 [pool-227-thread-1] INFO  storage.RaftStorage (RaftStorageImpl.java:format(89)) - Storage directory /home/runner/work/ozone/ozone/hadoop-ozone/integration-test/target/test-dir/MiniOzoneClusterImpl-5212a7ac-80c3-46b0-8f30-1180f829ef0d/datanode-0/data/ratis/48c26799-b086-4efd-a7b8-9ee5c350ffcc has been successfully formatted.
2022-03-01 14:07:08,190 [pool-227-thread-1] INFO  ratis.ContainerStateMachine (ContainerStateMachine.java:loadSnapshot(236)) - group-9EE5C350FFCC: The snapshot info is null. Setting the last applied indexto:(t:0, i:~)
2022-03-01 14:07:08,190 [EventQueue-OpenPipelineForHealthyPipelineSafeModeRule] INFO  safemode.SCMSafeModeManager (HealthyPipelineSafeModeRule.java:process(124)) - SCM in safe mode. Healthy pipelines reported count is 0, required healthy pipeline reported count is 1
2022-03-01 14:07:08,194 [pool-227-thread-1] INFO  server.RaftServerConfigKeys (ConfUtils.java:logGet(44)) - raft.server.notification.no-leader.timeout = 300s (custom)
2022-03-01 14:07:08,194 [pool-227-thread-1] INFO  server.RaftServerConfigKeys (ConfUtils.java:logGet(44)) - raft.server.log.use.memory = false (default)
2022-03-01 14:07:08,194 [pool-227-thread-1] INFO  server.RaftServerConfigKeys (ConfUtils.java:logGet(44)) - raft.server.log.purge.gap = 1000000 (custom)
2022-03-01 14:07:08,194 [pool-227-thread-1] INFO  server.RaftServerConfigKeys (ConfUtils.java:logGet(44)) - raft.server.log.appender.buffer.byte-limit = 33554432 (custom)
2022-03-01 14:07:08,194 [pool-227-thread-1] INFO  server.RaftServerConfigKeys (ConfUtils.java:logGet(44)) - raft.server.log.segment.size.max = 1048576 (custom)
2022-03-01 14:07:08,195 [pool-227-thread-1] INFO  server.RaftServerConfigKeys (ConfUtils.java:logGet(44)) - raft.server.log.segment.cache.num.max = 2 (custom)
2022-03-01 14:07:08,195 [pool-227-thread-1] INFO  server.RaftServerConfigKeys (ConfUtils.java:logGet(44)) - raft.server.log.segment.cache.size.max = 200MB (=209715200) (default)
2022-03-01 14:07:08,195 [pool-227-thread-1] INFO  segmented.SegmentedRaftLogWorker (SegmentedRaftLogWorker.java:<init>(182)) - new c5c6d7e9-010e-4dff-b525-0995d1efc2dc@group-9EE5C350FFCC-SegmentedRaftLogWorker for RaftStorageImpl:Storage Directory /home/runner/work/ozone/ozone/hadoop-ozone/integration-test/target/test-dir/MiniOzoneClusterImpl-5212a7ac-80c3-46b0-8f30-1180f829ef0d/datanode-0/data/ratis/48c26799-b086-4efd-a7b8-9ee5c350ffcc
2022-03-01 14:07:08,195 [pool-227-thread-1] INFO  server.RaftServerConfigKeys (ConfUtils.java:logGet(44)) - raft.server.log.queue.byte-limit = 4294967296 (custom)
2022-03-01 14:07:08,195 [pool-227-thread-1] INFO  server.RaftServerConfigKeys (ConfUtils.java:logGet(44)) - raft.server.log.queue.element-limit = 1024 (custom)
2022-03-01 14:07:08,195 [pool-227-thread-1] INFO  server.RaftServerConfigKeys (ConfUtils.java:logGet(44)) - raft.server.log.segment.size.max = 1048576 (custom)
2022-03-01 14:07:08,195 [pool-227-thread-1] INFO  server.RaftServerConfigKeys (ConfUtils.java:logGet(44)) - raft.server.log.preallocated.size = 16384 (custom)
2022-03-01 14:07:08,196 [pool-227-thread-1] INFO  server.RaftServerConfigKeys (ConfUtils.java:logGet(44)) - raft.server.log.force.sync.num = 128 (default)
2022-03-01 14:07:08,196 [pool-227-thread-1] INFO  server.RaftServerConfigKeys (ConfUtils.java:logGet(44)) - raft.server.log.statemachine.data.sync = true (default)
2022-03-01 14:07:08,196 [pool-227-thread-1] INFO  server.RaftServerConfigKeys (ConfUtils.java:logGet(44)) - raft.server.log.statemachine.data.sync.timeout = 10s (default)
2022-03-01 14:07:08,196 [pool-227-thread-1] INFO  server.RaftServerConfigKeys (ConfUtils.java:logGet(44)) - raft.server.log.statemachine.data.sync.timeout.retry = -1 (default)
2022-03-01 14:07:08,197 [pool-227-thread-1] INFO  server.RaftServerConfigKeys (ConfUtils.java:logGet(44)) - raft.server.log.write.buffer.size = 1048576 (custom)
2022-03-01 14:07:08,197 [pool-227-thread-1] INFO  server.RaftServerConfigKeys (ConfUtils.java:logGet(44)) - raft.server.log.statemachine.data.caching.enabled = true (custom)
2022-03-01 14:07:08,197 [pool-227-thread-1] INFO  segmented.SegmentedRaftLogWorker (SegmentedRaftLogWorker.java:lambda$new$0(133)) - c5c6d7e9-010e-4dff-b525-0995d1efc2dc@group-9EE5C350FFCC-SegmentedRaftLogWorker: flushIndex: setUnconditionally 0 -> -1
2022-03-01 14:07:08,197 [pool-227-thread-1] INFO  segmented.SegmentedRaftLogWorker (SegmentedRaftLogWorker.java:lambda$new$0(133)) - c5c6d7e9-010e-4dff-b525-0995d1efc2dc@group-9EE5C350FFCC-SegmentedRaftLogWorker: safeCacheEvictIndex: setUnconditionally 0 -> -1
2022-03-01 14:07:08,197 [pool-227-thread-1] INFO  server.RaftServerConfigKeys (ConfUtils.java:logGet(44)) - raft.server.snapshot.auto.trigger.enabled = true (custom)
2022-03-01 14:07:08,198 [pool-227-thread-1] INFO  server.RaftServerConfigKeys (ConfUtils.java:logGet(44)) - raft.server.snapshot.auto.trigger.threshold = 10000 (custom)
2022-03-01 14:07:08,198 [pool-227-thread-1] INFO  server.RaftServerConfigKeys (ConfUtils.java:logGet(44)) - raft.server.snapshot.retention.file.num = 5 (custom)
2022-03-01 14:07:08,198 [pool-227-thread-1] INFO  server.RaftServerConfigKeys (ConfUtils.java:logGet(44)) - raft.server.log.purge.upto.snapshot.index = false (default)
2022-03-01 14:07:08,198 [pool-227-thread-1] INFO  server.RaftServerConfigKeys (ConfUtils.java:logGet(44)) - raft.server.retrycache.expirytime = 600000ms (custom)
2022-03-01 14:07:08,198 [pool-227-thread-1] INFO  server.RaftServerConfigKeys (ConfUtils.java:logGet(44)) - raft.server.retrycache.statistics.expirytime = 100μs (default)
2022-03-01 14:07:08,199 [pool-227-thread-1] INFO  server.RaftServer$Division (RaftServerImpl.java:start(301)) - c5c6d7e9-010e-4dff-b525-0995d1efc2dc@group-9EE5C350FFCC: start as a follower, conf=-1: [c5c6d7e9-010e-4dff-b525-0995d1efc2dc|rpc:10.1.0.24:42291|priority:0, c8c4da50-09a5-4319-9b45-94eabdb6bd98|rpc:10.1.0.24:35017|priority:1, 748cb913-fd30-47bb-8b51-1fb8fbe69c23|rpc:10.1.0.24:38409|priority:0], old=null
2022-03-01 14:07:08,199 [pool-227-thread-1] INFO  server.RaftServer$Division (RaftServerImpl.java:setRole(290)) - c5c6d7e9-010e-4dff-b525-0995d1efc2dc@group-9EE5C350FFCC: changes role from      null to FOLLOWER at term 0 for startAsFollower
2022-03-01 14:07:08,199 [pool-227-thread-1] INFO  impl.RoleInfo (RoleInfo.java:updateAndGet(130)) - c5c6d7e9-010e-4dff-b525-0995d1efc2dc: start c5c6d7e9-010e-4dff-b525-0995d1efc2dc@group-9EE5C350FFCC-FollowerState
2022-03-01 14:07:08,199 [pool-227-thread-1] INFO  util.JmxRegister (JmxRegister.java:tryRegister(44)) - Successfully registered JMX Bean with object name Ratis:service=RaftServer,group=group-9EE5C350FFCC,id=c5c6d7e9-010e-4dff-b525-0995d1efc2dc
2022-03-01 14:07:08,200 [Command processor thread] INFO  ratis.XceiverServerRatis (XceiverServerRatis.java:addGroup(769)) - Created group PipelineID=48c26799-b086-4efd-a7b8-9ee5c350ffcc
2022-03-01 14:07:08,225 [grpc-default-executor-1] INFO  server.RaftServer (RaftServerProxy.java:addNew(95)) - c8c4da50-09a5-4319-9b45-94eabdb6bd98: addNew group-9EE5C350FFCC:[c5c6d7e9-010e-4dff-b525-0995d1efc2dc|rpc:10.1.0.24:42291|dataStream:|priority:0, c8c4da50-09a5-4319-9b45-94eabdb6bd98|rpc:10.1.0.24:35017|dataStream:|priority:1, 748cb913-fd30-47bb-8b51-1fb8fbe69c23|rpc:10.1.0.24:38409|dataStream:|priority:0] returns group-9EE5C350FFCC:java.util.concurrent.CompletableFuture@1b830023[Not completed]
2022-03-01 14:07:08,226 [pool-269-thread-1] INFO  server.RaftServer$Division (RaftServerImpl.java:<init>(184)) - c8c4da50-09a5-4319-9b45-94eabdb6bd98: new RaftServerImpl for group-9EE5C350FFCC:[c5c6d7e9-010e-4dff-b525-0995d1efc2dc|rpc:10.1.0.24:42291|dataStream:|priority:0, c8c4da50-09a5-4319-9b45-94eabdb6bd98|rpc:10.1.0.24:35017|dataStream:|priority:1, 748cb913-fd30-47bb-8b51-1fb8fbe69c23|rpc:10.1.0.24:38409|dataStream:|priority:0] with ContainerStateMachine:uninitialized
2022-03-01 14:07:08,226 [pool-269-thread-1] INFO  server.RaftServerConfigKeys (ConfUtils.java:logGet(44)) - raft.server.rpc.timeout.min = 5s (custom)
2022-03-01 14:07:08,226 [pool-269-thread-1] INFO  server.RaftServerConfigKeys (ConfUtils.java:logGet(44)) - raft.server.rpc.timeout.max = 5200ms (custom)
2022-03-01 14:07:08,226 [pool-269-thread-1] INFO  server.RaftServerConfigKeys (ConfUtils.java:logGet(44)) - raft.server.rpc.sleep.time = 25ms (default)
2022-03-01 14:07:08,226 [pool-269-thread-1] INFO  server.RaftServerConfigKeys (ConfUtils.java:logGet(44)) - raft.server.rpc.slowness.timeout = 300s (custom)
2022-03-01 14:07:08,226 [pool-269-thread-1] INFO  server.RaftServerConfigKeys (ConfUtils.java:logGet(44)) - raft.server.leaderelection.leader.step-down.wait-time = 10s (default)
2022-03-01 14:07:08,226 [pool-269-thread-1] INFO  server.RaftServerConfigKeys (ConfUtils.java:logGet(44)) - raft.server.sleep.deviation.threshold = 300ms (default)
2022-03-01 14:07:08,226 [pool-269-thread-1] INFO  server.RaftServerConfigKeys (ConfUtils.java:logGet(44)) - raft.server.log.appender.install.snapshot.enabled = false (custom)
2022-03-01 14:07:08,226 [pool-269-thread-1] INFO  server.RaftServer$Division (ServerState.java:<init>(105)) - c8c4da50-09a5-4319-9b45-94eabdb6bd98@group-9EE5C350FFCC: ConfigurationManager, init=-1: [c5c6d7e9-010e-4dff-b525-0995d1efc2dc|rpc:10.1.0.24:42291|dataStream:|priority:0, c8c4da50-09a5-4319-9b45-94eabdb6bd98|rpc:10.1.0.24:35017|dataStream:|priority:1, 748cb913-fd30-47bb-8b51-1fb8fbe69c23|rpc:10.1.0.24:38409|dataStream:|priority:0], old=null, confs=<EMPTY_MAP>
2022-03-01 14:07:08,226 [pool-269-thread-1] INFO  server.RaftServerConfigKeys (ConfUtils.java:logGet(44)) - raft.server.storage.dir = [/home/runner/work/ozone/ozone/hadoop-ozone/integration-test/target/test-dir/MiniOzoneClusterImpl-5212a7ac-80c3-46b0-8f30-1180f829ef0d/datanode-2/data/ratis] (custom)
2022-03-01 14:07:08,226 [pool-269-thread-1] INFO  server.RaftServerConfigKeys (ConfUtils.java:logGet(44)) - raft.server.log.corruption.policy = EXCEPTION (default)
2022-03-01 14:07:08,226 [pool-269-thread-1] INFO  server.RaftServerConfigKeys (ConfUtils.java:logGet(44)) - raft.server.storage.free-space.min = 0MB (=0) (default)
2022-03-01 14:07:08,227 [pool-269-thread-1] INFO  storage.RaftStorageDirectory (RaftStorageDirectoryImpl.java:analyzeStorage(135)) - The storage directory /home/runner/work/ozone/ozone/hadoop-ozone/integration-test/target/test-dir/MiniOzoneClusterImpl-5212a7ac-80c3-46b0-8f30-1180f829ef0d/datanode-2/data/ratis/48c26799-b086-4efd-a7b8-9ee5c350ffcc does not exist. Creating ...
2022-03-01 14:07:08,228 [pool-269-thread-1] INFO  storage.RaftStorageDirectory (RaftStorageDirectoryImpl.java:tryLock(230)) - Lock on /home/runner/work/ozone/ozone/hadoop-ozone/integration-test/target/test-dir/MiniOzoneClusterImpl-5212a7ac-80c3-46b0-8f30-1180f829ef0d/datanode-2/data/ratis/48c26799-b086-4efd-a7b8-9ee5c350ffcc/in_use.lock acquired by nodename 10349@fv-az195-209
2022-03-01 14:07:08,230 [pool-269-thread-1] INFO  storage.RaftStorage (RaftStorageImpl.java:format(89)) - Storage directory /home/runner/work/ozone/ozone/hadoop-ozone/integration-test/target/test-dir/MiniOzoneClusterImpl-5212a7ac-80c3-46b0-8f30-1180f829ef0d/datanode-2/data/ratis/48c26799-b086-4efd-a7b8-9ee5c350ffcc has been successfully formatted.
2022-03-01 14:07:08,230 [pool-269-thread-1] INFO  ratis.ContainerStateMachine (ContainerStateMachine.java:loadSnapshot(236)) - group-9EE5C350FFCC: The snapshot info is null. Setting the last applied indexto:(t:0, i:~)
2022-03-01 14:07:08,231 [pool-269-thread-1] INFO  server.RaftServerConfigKeys (ConfUtils.java:logGet(44)) - raft.server.notification.no-leader.timeout = 300s (custom)
2022-03-01 14:07:08,231 [pool-269-thread-1] INFO  server.RaftServerConfigKeys (ConfUtils.java:logGet(44)) - raft.server.log.use.memory = false (default)
2022-03-01 14:07:08,231 [pool-269-thread-1] INFO  server.RaftServerConfigKeys (ConfUtils.java:logGet(44)) - raft.server.log.purge.gap = 1000000 (custom)
2022-03-01 14:07:08,231 [pool-269-thread-1] INFO  server.RaftServerConfigKeys (ConfUtils.java:logGet(44)) - raft.server.log.appender.buffer.byte-limit = 33554432 (custom)
2022-03-01 14:07:08,231 [pool-269-thread-1] INFO  server.RaftServerConfigKeys (ConfUtils.java:logGet(44)) - raft.server.log.segment.size.max = 1048576 (custom)
2022-03-01 14:07:08,232 [pool-269-thread-1] INFO  server.RaftServerConfigKeys (ConfUtils.java:logGet(44)) - raft.server.log.segment.cache.num.max = 2 (custom)
2022-03-01 14:07:08,232 [pool-269-thread-1] INFO  server.RaftServerConfigKeys (ConfUtils.java:logGet(44)) - raft.server.log.segment.cache.size.max = 200MB (=209715200) (default)
2022-03-01 14:07:08,232 [pool-269-thread-1] INFO  segmented.SegmentedRaftLogWorker (SegmentedRaftLogWorker.java:<init>(182)) - new c8c4da50-09a5-4319-9b45-94eabdb6bd98@group-9EE5C350FFCC-SegmentedRaftLogWorker for RaftStorageImpl:Storage Directory /home/runner/work/ozone/ozone/hadoop-ozone/integration-test/target/test-dir/MiniOzoneClusterImpl-5212a7ac-80c3-46b0-8f30-1180f829ef0d/datanode-2/data/ratis/48c26799-b086-4efd-a7b8-9ee5c350ffcc
2022-03-01 14:07:08,232 [pool-269-thread-1] INFO  server.RaftServerConfigKeys (ConfUtils.java:logGet(44)) - raft.server.log.queue.byte-limit = 4294967296 (custom)
2022-03-01 14:07:08,232 [pool-269-thread-1] INFO  server.RaftServerConfigKeys (ConfUtils.java:logGet(44)) - raft.server.log.queue.element-limit = 1024 (custom)
2022-03-01 14:07:08,232 [pool-269-thread-1] INFO  server.RaftServerConfigKeys (ConfUtils.java:logGet(44)) - raft.server.log.segment.size.max = 1048576 (custom)
2022-03-01 14:07:08,232 [pool-269-thread-1] INFO  server.RaftServerConfigKeys (ConfUtils.java:logGet(44)) - raft.server.log.preallocated.size = 16384 (custom)
2022-03-01 14:07:08,232 [pool-269-thread-1] INFO  server.RaftServerConfigKeys (ConfUtils.java:logGet(44)) - raft.server.log.force.sync.num = 128 (default)
2022-03-01 14:07:08,232 [pool-269-thread-1] INFO  server.RaftServerConfigKeys (ConfUtils.java:logGet(44)) - raft.server.log.statemachine.data.sync = true (default)
2022-03-01 14:07:08,232 [pool-269-thread-1] INFO  server.RaftServerConfigKeys (ConfUtils.java:logGet(44)) - raft.server.log.statemachine.data.sync.timeout = 10s (default)
2022-03-01 14:07:08,232 [pool-269-thread-1] INFO  server.RaftServerConfigKeys (ConfUtils.java:logGet(44)) - raft.server.log.statemachine.data.sync.timeout.retry = -1 (default)
2022-03-01 14:07:08,233 [pool-269-thread-1] INFO  server.RaftServerConfigKeys (ConfUtils.java:logGet(44)) - raft.server.log.write.buffer.size = 1048576 (custom)
2022-03-01 14:07:08,234 [pool-269-thread-1] INFO  server.RaftServerConfigKeys (ConfUtils.java:logGet(44)) - raft.server.log.statemachine.data.caching.enabled = true (custom)
2022-03-01 14:07:08,234 [pool-269-thread-1] INFO  segmented.SegmentedRaftLogWorker (SegmentedRaftLogWorker.java:lambda$new$0(133)) - c8c4da50-09a5-4319-9b45-94eabdb6bd98@group-9EE5C350FFCC-SegmentedRaftLogWorker: flushIndex: setUnconditionally 0 -> -1
2022-03-01 14:07:08,234 [pool-269-thread-1] INFO  segmented.SegmentedRaftLogWorker (SegmentedRaftLogWorker.java:lambda$new$0(133)) - c8c4da50-09a5-4319-9b45-94eabdb6bd98@group-9EE5C350FFCC-SegmentedRaftLogWorker: safeCacheEvictIndex: setUnconditionally 0 -> -1
2022-03-01 14:07:08,245 [pool-269-thread-1] INFO  server.RaftServerConfigKeys (ConfUtils.java:logGet(44)) - raft.server.snapshot.auto.trigger.enabled = true (custom)
2022-03-01 14:07:08,245 [pool-269-thread-1] INFO  server.RaftServerConfigKeys (ConfUtils.java:logGet(44)) - raft.server.snapshot.auto.trigger.threshold = 10000 (custom)
2022-03-01 14:07:08,245 [pool-269-thread-1] INFO  server.RaftServerConfigKeys (ConfUtils.java:logGet(44)) - raft.server.snapshot.retention.file.num = 5 (custom)
2022-03-01 14:07:08,245 [pool-269-thread-1] INFO  server.RaftServerConfigKeys (ConfUtils.java:logGet(44)) - raft.server.log.purge.upto.snapshot.index = false (default)
2022-03-01 14:07:08,245 [pool-269-thread-1] INFO  server.RaftServerConfigKeys (ConfUtils.java:logGet(44)) - raft.server.retrycache.expirytime = 600000ms (custom)
2022-03-01 14:07:08,245 [pool-269-thread-1] INFO  server.RaftServerConfigKeys (ConfUtils.java:logGet(44)) - raft.server.retrycache.statistics.expirytime = 100μs (default)
2022-03-01 14:07:08,246 [pool-269-thread-1] INFO  server.RaftServer$Division (RaftServerImpl.java:start(301)) - c8c4da50-09a5-4319-9b45-94eabdb6bd98@group-9EE5C350FFCC: start as a follower, conf=-1: [c5c6d7e9-010e-4dff-b525-0995d1efc2dc|rpc:10.1.0.24:42291|dataStream:|priority:0, c8c4da50-09a5-4319-9b45-94eabdb6bd98|rpc:10.1.0.24:35017|dataStream:|priority:1, 748cb913-fd30-47bb-8b51-1fb8fbe69c23|rpc:10.1.0.24:38409|dataStream:|priority:0], old=null
2022-03-01 14:07:08,246 [pool-269-thread-1] INFO  server.RaftServer$Division (RaftServerImpl.java:setRole(290)) - c8c4da50-09a5-4319-9b45-94eabdb6bd98@group-9EE5C350FFCC: changes role from      null to FOLLOWER at term 0 for startAsFollower
2022-03-01 14:07:08,246 [pool-269-thread-1] INFO  impl.RoleInfo (RoleInfo.java:updateAndGet(130)) - c8c4da50-09a5-4319-9b45-94eabdb6bd98: start c8c4da50-09a5-4319-9b45-94eabdb6bd98@group-9EE5C350FFCC-FollowerState
2022-03-01 14:07:08,258 [pool-269-thread-1] INFO  util.JmxRegister (JmxRegister.java:tryRegister(44)) - Successfully registered JMX Bean with object name Ratis:service=RaftServer,group=group-9EE5C350FFCC,id=c8c4da50-09a5-4319-9b45-94eabdb6bd98
2022-03-01 14:07:08,303 [grpc-default-executor-1] INFO  server.RaftServer (RaftServerProxy.java:addNew(95)) - 748cb913-fd30-47bb-8b51-1fb8fbe69c23: addNew group-9EE5C350FFCC:[c5c6d7e9-010e-4dff-b525-0995d1efc2dc|rpc:10.1.0.24:42291|dataStream:|priority:0, c8c4da50-09a5-4319-9b45-94eabdb6bd98|rpc:10.1.0.24:35017|dataStream:|priority:1, 748cb913-fd30-47bb-8b51-1fb8fbe69c23|rpc:10.1.0.24:38409|dataStream:|priority:0] returns group-9EE5C350FFCC:java.util.concurrent.CompletableFuture@68a67369[Not completed]
2022-03-01 14:07:08,304 [pool-248-thread-1] INFO  server.RaftServer$Division (RaftServerImpl.java:<init>(184)) - 748cb913-fd30-47bb-8b51-1fb8fbe69c23: new RaftServerImpl for group-9EE5C350FFCC:[c5c6d7e9-010e-4dff-b525-0995d1efc2dc|rpc:10.1.0.24:42291|dataStream:|priority:0, c8c4da50-09a5-4319-9b45-94eabdb6bd98|rpc:10.1.0.24:35017|dataStream:|priority:1, 748cb913-fd30-47bb-8b51-1fb8fbe69c23|rpc:10.1.0.24:38409|dataStream:|priority:0] with ContainerStateMachine:uninitialized
2022-03-01 14:07:08,305 [pool-248-thread-1] INFO  server.RaftServerConfigKeys (ConfUtils.java:logGet(44)) - raft.server.rpc.timeout.min = 5s (custom)
2022-03-01 14:07:08,305 [pool-248-thread-1] INFO  server.RaftServerConfigKeys (ConfUtils.java:logGet(44)) - raft.server.rpc.timeout.max = 5200ms (custom)
2022-03-01 14:07:08,305 [pool-248-thread-1] INFO  server.RaftServerConfigKeys (ConfUtils.java:logGet(44)) - raft.server.rpc.sleep.time = 25ms (default)
2022-03-01 14:07:08,305 [pool-248-thread-1] INFO  server.RaftServerConfigKeys (ConfUtils.java:logGet(44)) - raft.server.rpc.slowness.timeout = 300s (custom)
2022-03-01 14:07:08,305 [pool-248-thread-1] INFO  server.RaftServerConfigKeys (ConfUtils.java:logGet(44)) - raft.server.leaderelection.leader.step-down.wait-time = 10s (default)
2022-03-01 14:07:08,305 [pool-248-thread-1] INFO  server.RaftServerConfigKeys (ConfUtils.java:logGet(44)) - raft.server.sleep.deviation.threshold = 300ms (default)
2022-03-01 14:07:08,305 [pool-248-thread-1] INFO  server.RaftServerConfigKeys (ConfUtils.java:logGet(44)) - raft.server.log.appender.install.snapshot.enabled = false (custom)
2022-03-01 14:07:08,305 [pool-248-thread-1] INFO  server.RaftServer$Division (ServerState.java:<init>(105)) - 748cb913-fd30-47bb-8b51-1fb8fbe69c23@group-9EE5C350FFCC: ConfigurationManager, init=-1: [c5c6d7e9-010e-4dff-b525-0995d1efc2dc|rpc:10.1.0.24:42291|dataStream:|priority:0, c8c4da50-09a5-4319-9b45-94eabdb6bd98|rpc:10.1.0.24:35017|dataStream:|priority:1, 748cb913-fd30-47bb-8b51-1fb8fbe69c23|rpc:10.1.0.24:38409|dataStream:|priority:0], old=null, confs=<EMPTY_MAP>
2022-03-01 14:07:08,305 [pool-248-thread-1] INFO  server.RaftServerConfigKeys (ConfUtils.java:logGet(44)) - raft.server.storage.dir = [/home/runner/work/ozone/ozone/hadoop-ozone/integration-test/target/test-dir/MiniOzoneClusterImpl-5212a7ac-80c3-46b0-8f30-1180f829ef0d/datanode-1/data/ratis] (custom)
2022-03-01 14:07:08,305 [pool-248-thread-1] INFO  server.RaftServerConfigKeys (ConfUtils.java:logGet(44)) - raft.server.log.corruption.policy = EXCEPTION (default)
2022-03-01 14:07:08,305 [pool-248-thread-1] INFO  server.RaftServerConfigKeys (ConfUtils.java:logGet(44)) - raft.server.storage.free-space.min = 0MB (=0) (default)
2022-03-01 14:07:08,305 [pool-248-thread-1] INFO  storage.RaftStorageDirectory (RaftStorageDirectoryImpl.java:analyzeStorage(135)) - The storage directory /home/runner/work/ozone/ozone/hadoop-ozone/integration-test/target/test-dir/MiniOzoneClusterImpl-5212a7ac-80c3-46b0-8f30-1180f829ef0d/datanode-1/data/ratis/48c26799-b086-4efd-a7b8-9ee5c350ffcc does not exist. Creating ...
2022-03-01 14:07:08,307 [pool-248-thread-1] INFO  storage.RaftStorageDirectory (RaftStorageDirectoryImpl.java:tryLock(230)) - Lock on /home/runner/work/ozone/ozone/hadoop-ozone/integration-test/target/test-dir/MiniOzoneClusterImpl-5212a7ac-80c3-46b0-8f30-1180f829ef0d/datanode-1/data/ratis/48c26799-b086-4efd-a7b8-9ee5c350ffcc/in_use.lock acquired by nodename 10349@fv-az195-209
2022-03-01 14:07:08,313 [pool-248-thread-1] INFO  storage.RaftStorage (RaftStorageImpl.java:format(89)) - Storage directory /home/runner/work/ozone/ozone/hadoop-ozone/integration-test/target/test-dir/MiniOzoneClusterImpl-5212a7ac-80c3-46b0-8f30-1180f829ef0d/datanode-1/data/ratis/48c26799-b086-4efd-a7b8-9ee5c350ffcc has been successfully formatted.
2022-03-01 14:07:08,314 [pool-248-thread-1] INFO  ratis.ContainerStateMachine (ContainerStateMachine.java:loadSnapshot(236)) - group-9EE5C350FFCC: The snapshot info is null. Setting the last applied indexto:(t:0, i:~)
2022-03-01 14:07:08,315 [pool-248-thread-1] INFO  server.RaftServerConfigKeys (ConfUtils.java:logGet(44)) - raft.server.notification.no-leader.timeout = 300s (custom)
2022-03-01 14:07:08,315 [pool-248-thread-1] INFO  server.RaftServerConfigKeys (ConfUtils.java:logGet(44)) - raft.server.log.use.memory = false (default)
2022-03-01 14:07:08,315 [pool-248-thread-1] INFO  server.RaftServerConfigKeys (ConfUtils.java:logGet(44)) - raft.server.log.purge.gap = 1000000 (custom)
2022-03-01 14:07:08,315 [pool-248-thread-1] INFO  server.RaftServerConfigKeys (ConfUtils.java:logGet(44)) - raft.server.log.appender.buffer.byte-limit = 33554432 (custom)
2022-03-01 14:07:08,315 [pool-248-thread-1] INFO  server.RaftServerConfigKeys (ConfUtils.java:logGet(44)) - raft.server.log.segment.size.max = 1048576 (custom)
2022-03-01 14:07:08,316 [pool-248-thread-1] INFO  server.RaftServerConfigKeys (ConfUtils.java:logGet(44)) - raft.server.log.segment.cache.num.max = 2 (custom)
2022-03-01 14:07:08,316 [pool-248-thread-1] INFO  server.RaftServerConfigKeys (ConfUtils.java:logGet(44)) - raft.server.log.segment.cache.size.max = 200MB (=209715200) (default)
2022-03-01 14:07:08,316 [pool-248-thread-1] INFO  segmented.SegmentedRaftLogWorker (SegmentedRaftLogWorker.java:<init>(182)) - new 748cb913-fd30-47bb-8b51-1fb8fbe69c23@group-9EE5C350FFCC-SegmentedRaftLogWorker for RaftStorageImpl:Storage Directory /home/runner/work/ozone/ozone/hadoop-ozone/integration-test/target/test-dir/MiniOzoneClusterImpl-5212a7ac-80c3-46b0-8f30-1180f829ef0d/datanode-1/data/ratis/48c26799-b086-4efd-a7b8-9ee5c350ffcc
2022-03-01 14:07:08,316 [pool-248-thread-1] INFO  server.RaftServerConfigKeys (ConfUtils.java:logGet(44)) - raft.server.log.queue.byte-limit = 4294967296 (custom)
2022-03-01 14:07:08,316 [pool-248-thread-1] INFO  server.RaftServerConfigKeys (ConfUtils.java:logGet(44)) - raft.server.log.queue.element-limit = 1024 (custom)
2022-03-01 14:07:08,316 [pool-248-thread-1] INFO  server.RaftServerConfigKeys (ConfUtils.java:logGet(44)) - raft.server.log.segment.size.max = 1048576 (custom)
2022-03-01 14:07:08,316 [pool-248-thread-1] INFO  server.RaftServerConfigKeys (ConfUtils.java:logGet(44)) - raft.server.log.preallocated.size = 16384 (custom)
2022-03-01 14:07:08,316 [pool-248-thread-1] INFO  server.RaftServerConfigKeys (ConfUtils.java:logGet(44)) - raft.server.log.force.sync.num = 128 (default)
2022-03-01 14:07:08,316 [pool-248-thread-1] INFO  server.RaftServerConfigKeys (ConfUtils.java:logGet(44)) - raft.server.log.statemachine.data.sync = true (default)
2022-03-01 14:07:08,316 [pool-248-thread-1] INFO  server.RaftServerConfigKeys (ConfUtils.java:logGet(44)) - raft.server.log.statemachine.data.sync.timeout = 10s (default)
2022-03-01 14:07:08,316 [pool-248-thread-1] INFO  server.RaftServerConfigKeys (ConfUtils.java:logGet(44)) - raft.server.log.statemachine.data.sync.timeout.retry = -1 (default)
2022-03-01 14:07:08,317 [pool-248-thread-1] INFO  server.RaftServerConfigKeys (ConfUtils.java:logGet(44)) - raft.server.log.write.buffer.size = 1048576 (custom)
2022-03-01 14:07:08,317 [pool-248-thread-1] INFO  server.RaftServerConfigKeys (ConfUtils.java:logGet(44)) - raft.server.log.statemachine.data.caching.enabled = true (custom)
2022-03-01 14:07:08,317 [pool-248-thread-1] INFO  segmented.SegmentedRaftLogWorker (SegmentedRaftLogWorker.java:lambda$new$0(133)) - 748cb913-fd30-47bb-8b51-1fb8fbe69c23@group-9EE5C350FFCC-SegmentedRaftLogWorker: flushIndex: setUnconditionally 0 -> -1
2022-03-01 14:07:08,317 [pool-248-thread-1] INFO  segmented.SegmentedRaftLogWorker (SegmentedRaftLogWorker.java:lambda$new$0(133)) - 748cb913-fd30-47bb-8b51-1fb8fbe69c23@group-9EE5C350FFCC-SegmentedRaftLogWorker: safeCacheEvictIndex: setUnconditionally 0 -> -1
2022-03-01 14:07:08,325 [pool-248-thread-1] INFO  server.RaftServerConfigKeys (ConfUtils.java:logGet(44)) - raft.server.snapshot.auto.trigger.enabled = true (custom)
2022-03-01 14:07:08,325 [pool-248-thread-1] INFO  server.RaftServerConfigKeys (ConfUtils.java:logGet(44)) - raft.server.snapshot.auto.trigger.threshold = 10000 (custom)
2022-03-01 14:07:08,325 [pool-248-thread-1] INFO  server.RaftServerConfigKeys (ConfUtils.java:logGet(44)) - raft.server.snapshot.retention.file.num = 5 (custom)
2022-03-01 14:07:08,325 [pool-248-thread-1] INFO  server.RaftServerConfigKeys (ConfUtils.java:logGet(44)) - raft.server.log.purge.upto.snapshot.index = false (default)
2022-03-01 14:07:08,325 [pool-248-thread-1] INFO  server.RaftServerConfigKeys (ConfUtils.java:logGet(44)) - raft.server.retrycache.expirytime = 600000ms (custom)
2022-03-01 14:07:08,325 [pool-248-thread-1] INFO  server.RaftServerConfigKeys (ConfUtils.java:logGet(44)) - raft.server.retrycache.statistics.expirytime = 100μs (default)
2022-03-01 14:07:08,326 [pool-248-thread-1] INFO  server.RaftServer$Division (RaftServerImpl.java:start(301)) - 748cb913-fd30-47bb-8b51-1fb8fbe69c23@group-9EE5C350FFCC: start as a follower, conf=-1: [c5c6d7e9-010e-4dff-b525-0995d1efc2dc|rpc:10.1.0.24:42291|dataStream:|priority:0, c8c4da50-09a5-4319-9b45-94eabdb6bd98|rpc:10.1.0.24:35017|dataStream:|priority:1, 748cb913-fd30-47bb-8b51-1fb8fbe69c23|rpc:10.1.0.24:38409|dataStream:|priority:0], old=null
2022-03-01 14:07:08,326 [pool-248-thread-1] INFO  server.RaftServer$Division (RaftServerImpl.java:setRole(290)) - 748cb913-fd30-47bb-8b51-1fb8fbe69c23@group-9EE5C350FFCC: changes role from      null to FOLLOWER at term 0 for startAsFollower
2022-03-01 14:07:08,326 [pool-248-thread-1] INFO  impl.RoleInfo (RoleInfo.java:updateAndGet(130)) - 748cb913-fd30-47bb-8b51-1fb8fbe69c23: start 748cb913-fd30-47bb-8b51-1fb8fbe69c23@group-9EE5C350FFCC-FollowerState
2022-03-01 14:07:08,332 [pool-248-thread-1] INFO  util.JmxRegister (JmxRegister.java:tryRegister(44)) - Successfully registered JMX Bean with object name Ratis:service=RaftServer,group=group-9EE5C350FFCC,id=748cb913-fd30-47bb-8b51-1fb8fbe69c23
2022-03-01 14:07:08,350 [Command processor thread] INFO  commandhandler.CreatePipelineCommandHandler (CreatePipelineCommandHandler.java:handle(106)) - Created Pipeline RATIS THREE PipelineID=48c26799-b086-4efd-a7b8-9ee5c350ffcc.
2022-03-01 14:07:08,460 [Command processor thread] INFO  server.RaftServer (RaftServerProxy.java:addNew(95)) - 748cb913-fd30-47bb-8b51-1fb8fbe69c23: addNew group-B6BD664D4D49:[748cb913-fd30-47bb-8b51-1fb8fbe69c23|rpc:10.1.0.24:38409|priority:1] returns group-B6BD664D4D49:java.util.concurrent.CompletableFuture@76644c73[Not completed]
2022-03-01 14:07:08,461 [pool-248-thread-1] INFO  server.RaftServer$Division (RaftServerImpl.java:<init>(184)) - 748cb913-fd30-47bb-8b51-1fb8fbe69c23: new RaftServerImpl for group-B6BD664D4D49:[748cb913-fd30-47bb-8b51-1fb8fbe69c23|rpc:10.1.0.24:38409|priority:1] with ContainerStateMachine:uninitialized
2022-03-01 14:07:08,461 [pool-248-thread-1] INFO  server.RaftServerConfigKeys (ConfUtils.java:logGet(44)) - raft.server.rpc.timeout.min = 5s (custom)
2022-03-01 14:07:08,461 [pool-248-thread-1] INFO  server.RaftServerConfigKeys (ConfUtils.java:logGet(44)) - raft.server.rpc.timeout.max = 5200ms (custom)
2022-03-01 14:07:08,461 [pool-248-thread-1] INFO  server.RaftServerConfigKeys (ConfUtils.java:logGet(44)) - raft.server.rpc.sleep.time = 25ms (default)
2022-03-01 14:07:08,461 [pool-248-thread-1] INFO  server.RaftServerConfigKeys (ConfUtils.java:logGet(44)) - raft.server.rpc.slowness.timeout = 300s (custom)
2022-03-01 14:07:08,462 [pool-248-thread-1] INFO  server.RaftServerConfigKeys (ConfUtils.java:logGet(44)) - raft.server.leaderelection.leader.step-down.wait-time = 10s (default)
2022-03-01 14:07:08,462 [pool-248-thread-1] INFO  server.RaftServerConfigKeys (ConfUtils.java:logGet(44)) - raft.server.sleep.deviation.threshold = 300ms (default)
2022-03-01 14:07:08,462 [pool-248-thread-1] INFO  server.RaftServerConfigKeys (ConfUtils.java:logGet(44)) - raft.server.log.appender.install.snapshot.enabled = false (custom)
2022-03-01 14:07:08,462 [pool-248-thread-1] INFO  server.RaftServer$Division (ServerState.java:<init>(105)) - 748cb913-fd30-47bb-8b51-1fb8fbe69c23@group-B6BD664D4D49: ConfigurationManager, init=-1: [748cb913-fd30-47bb-8b51-1fb8fbe69c23|rpc:10.1.0.24:38409|priority:1], old=null, confs=<EMPTY_MAP>
2022-03-01 14:07:08,462 [pool-248-thread-1] INFO  server.RaftServerConfigKeys (ConfUtils.java:logGet(44)) - raft.server.storage.dir = [/home/runner/work/ozone/ozone/hadoop-ozone/integration-test/target/test-dir/MiniOzoneClusterImpl-5212a7ac-80c3-46b0-8f30-1180f829ef0d/datanode-1/data/ratis] (custom)
2022-03-01 14:07:08,462 [pool-248-thread-1] INFO  server.RaftServerConfigKeys (ConfUtils.java:logGet(44)) - raft.server.log.corruption.policy = EXCEPTION (default)
2022-03-01 14:07:08,462 [pool-248-thread-1] INFO  server.RaftServerConfigKeys (ConfUtils.java:logGet(44)) - raft.server.storage.free-space.min = 0MB (=0) (default)
2022-03-01 14:07:08,462 [pool-248-thread-1] INFO  storage.RaftStorageDirectory (RaftStorageDirectoryImpl.java:analyzeStorage(135)) - The storage directory /home/runner/work/ozone/ozone/hadoop-ozone/integration-test/target/test-dir/MiniOzoneClusterImpl-5212a7ac-80c3-46b0-8f30-1180f829ef0d/datanode-1/data/ratis/a1af6f8c-4144-4bc1-a38b-b6bd664d4d49 does not exist. Creating ...
2022-03-01 14:07:08,469 [pool-248-thread-1] INFO  storage.RaftStorageDirectory (RaftStorageDirectoryImpl.java:tryLock(230)) - Lock on /home/runner/work/ozone/ozone/hadoop-ozone/integration-test/target/test-dir/MiniOzoneClusterImpl-5212a7ac-80c3-46b0-8f30-1180f829ef0d/datanode-1/data/ratis/a1af6f8c-4144-4bc1-a38b-b6bd664d4d49/in_use.lock acquired by nodename 10349@fv-az195-209
2022-03-01 14:07:08,473 [pool-248-thread-1] INFO  storage.RaftStorage (RaftStorageImpl.java:format(89)) - Storage directory /home/runner/work/ozone/ozone/hadoop-ozone/integration-test/target/test-dir/MiniOzoneClusterImpl-5212a7ac-80c3-46b0-8f30-1180f829ef0d/datanode-1/data/ratis/a1af6f8c-4144-4bc1-a38b-b6bd664d4d49 has been successfully formatted.
2022-03-01 14:07:08,474 [pool-248-thread-1] INFO  ratis.ContainerStateMachine (ContainerStateMachine.java:loadSnapshot(236)) - group-B6BD664D4D49: The snapshot info is null. Setting the last applied indexto:(t:0, i:~)
2022-03-01 14:07:08,474 [pool-248-thread-1] INFO  server.RaftServerConfigKeys (ConfUtils.java:logGet(44)) - raft.server.notification.no-leader.timeout = 300s (custom)
2022-03-01 14:07:08,474 [pool-248-thread-1] INFO  server.RaftServerConfigKeys (ConfUtils.java:logGet(44)) - raft.server.log.use.memory = false (default)
2022-03-01 14:07:08,474 [pool-248-thread-1] INFO  server.RaftServerConfigKeys (ConfUtils.java:logGet(44)) - raft.server.log.purge.gap = 1000000 (custom)
2022-03-01 14:07:08,474 [pool-248-thread-1] INFO  server.RaftServerConfigKeys (ConfUtils.java:logGet(44)) - raft.server.log.appender.buffer.byte-limit = 33554432 (custom)
2022-03-01 14:07:08,474 [pool-248-thread-1] INFO  server.RaftServerConfigKeys (ConfUtils.java:logGet(44)) - raft.server.log.segment.size.max = 1048576 (custom)
2022-03-01 14:07:08,474 [pool-248-thread-1] INFO  server.RaftServerConfigKeys (ConfUtils.java:logGet(44)) - raft.server.log.segment.cache.num.max = 2 (custom)
2022-03-01 14:07:08,475 [pool-248-thread-1] INFO  server.RaftServerConfigKeys (ConfUtils.java:logGet(44)) - raft.server.log.segment.cache.size.max = 200MB (=209715200) (default)
2022-03-01 14:07:08,475 [pool-248-thread-1] INFO  segmented.SegmentedRaftLogWorker (SegmentedRaftLogWorker.java:<init>(182)) - new 748cb913-fd30-47bb-8b51-1fb8fbe69c23@group-B6BD664D4D49-SegmentedRaftLogWorker for RaftStorageImpl:Storage Directory /home/runner/work/ozone/ozone/hadoop-ozone/integration-test/target/test-dir/MiniOzoneClusterImpl-5212a7ac-80c3-46b0-8f30-1180f829ef0d/datanode-1/data/ratis/a1af6f8c-4144-4bc1-a38b-b6bd664d4d49
2022-03-01 14:07:08,475 [pool-248-thread-1] INFO  server.RaftServerConfigKeys (ConfUtils.java:logGet(44)) - raft.server.log.queue.byte-limit = 4294967296 (custom)
2022-03-01 14:07:08,475 [pool-248-thread-1] INFO  server.RaftServerConfigKeys (ConfUtils.java:logGet(44)) - raft.server.log.queue.element-limit = 1024 (custom)
2022-03-01 14:07:08,475 [pool-248-thread-1] INFO  server.RaftServerConfigKeys (ConfUtils.java:logGet(44)) - raft.server.log.segment.size.max = 1048576 (custom)
2022-03-01 14:07:08,475 [pool-248-thread-1] INFO  server.RaftServerConfigKeys (ConfUtils.java:logGet(44)) - raft.server.log.preallocated.size = 16384 (custom)
2022-03-01 14:07:08,475 [pool-248-thread-1] INFO  server.RaftServerConfigKeys (ConfUtils.java:logGet(44)) - raft.server.log.force.sync.num = 128 (default)
2022-03-01 14:07:08,475 [pool-248-thread-1] INFO  server.RaftServerConfigKeys (ConfUtils.java:logGet(44)) - raft.server.log.statemachine.data.sync = true (default)
2022-03-01 14:07:08,475 [pool-248-thread-1] INFO  server.RaftServerConfigKeys (ConfUtils.java:logGet(44)) - raft.server.log.statemachine.data.sync.timeout = 10s (default)
2022-03-01 14:07:08,475 [EventQueue-PipelineReportForPipelineReportHandler] INFO  pipeline.PipelineManagerImpl (PipelineManagerImpl.java:openPipeline(291)) - Pipeline Pipeline[ Id: a1af6f8c-4144-4bc1-a38b-b6bd664d4d49, Nodes: 748cb913-fd30-47bb-8b51-1fb8fbe69c23{ip: 10.1.0.24, host: fv-az195-209.u3nnjwd0vyge1bu22idnsdeq2e.cx.internal.cloudapp.net, ports: [REPLICATION=35835, RATIS=38409, RATIS_ADMIN=38409, RATIS_SERVER=38409, STANDALONE=45389], networkLocation: /default-rack, certSerialId: null, persistedOpState: IN_SERVICE, persistedOpStateExpiryEpochSec: 0}, ReplicationConfig: RATIS/ONE, State:ALLOCATED, leaderId:748cb913-fd30-47bb-8b51-1fb8fbe69c23, CreationTimestamp2022-03-01T14:07:05.465Z[Etc/UTC]] moved to OPEN state
2022-03-01 14:07:08,475 [pool-248-thread-1] INFO  server.RaftServerConfigKeys (ConfUtils.java:logGet(44)) - raft.server.log.statemachine.data.sync.timeout.retry = -1 (default)
2022-03-01 14:07:08,476 [pool-248-thread-1] INFO  server.RaftServerConfigKeys (ConfUtils.java:logGet(44)) - raft.server.log.write.buffer.size = 1048576 (custom)
2022-03-01 14:07:08,477 [pool-248-thread-1] INFO  server.RaftServerConfigKeys (ConfUtils.java:logGet(44)) - raft.server.log.statemachine.data.caching.enabled = true (custom)
2022-03-01 14:07:08,477 [180c4ed6-31c5-49f3-8fac-202ca6ca3c8a@group-1180F829EF0D-StateMachineUpdater] INFO  safemode.HealthyPipelineSafeModeRule (HealthyPipelineSafeModeRule.java:initializeRule(152)) - Refreshed total pipeline count is 0, healthy pipeline threshold count is 1
2022-03-01 14:07:08,477 [pool-248-thread-1] INFO  segmented.SegmentedRaftLogWorker (SegmentedRaftLogWorker.java:lambda$new$0(133)) - 748cb913-fd30-47bb-8b51-1fb8fbe69c23@group-B6BD664D4D49-SegmentedRaftLogWorker: flushIndex: setUnconditionally 0 -> -1
2022-03-01 14:07:08,479 [pool-248-thread-1] INFO  segmented.SegmentedRaftLogWorker (SegmentedRaftLogWorker.java:lambda$new$0(133)) - 748cb913-fd30-47bb-8b51-1fb8fbe69c23@group-B6BD664D4D49-SegmentedRaftLogWorker: safeCacheEvictIndex: setUnconditionally 0 -> -1
2022-03-01 14:07:08,479 [EventQueue-OpenPipelineForHealthyPipelineSafeModeRule] INFO  safemode.SCMSafeModeManager (HealthyPipelineSafeModeRule.java:process(124)) - SCM in safe mode. Healthy pipelines reported count is 0, required healthy pipeline reported count is 1
2022-03-01 14:07:08,486 [pool-248-thread-1] INFO  server.RaftServerConfigKeys (ConfUtils.java:logGet(44)) - raft.server.snapshot.auto.trigger.enabled = true (custom)
2022-03-01 14:07:08,486 [pool-248-thread-1] INFO  server.RaftServerConfigKeys (ConfUtils.java:logGet(44)) - raft.server.snapshot.auto.trigger.threshold = 10000 (custom)
2022-03-01 14:07:08,487 [pool-248-thread-1] INFO  server.RaftServerConfigKeys (ConfUtils.java:logGet(44)) - raft.server.snapshot.retention.file.num = 5 (custom)
2022-03-01 14:07:08,487 [pool-248-thread-1] INFO  server.RaftServerConfigKeys (ConfUtils.java:logGet(44)) - raft.server.log.purge.upto.snapshot.index = false (default)
2022-03-01 14:07:08,487 [pool-248-thread-1] INFO  server.RaftServerConfigKeys (ConfUtils.java:logGet(44)) - raft.server.retrycache.expirytime = 600000ms (custom)
2022-03-01 14:07:08,487 [pool-248-thread-1] INFO  server.RaftServerConfigKeys (ConfUtils.java:logGet(44)) - raft.server.retrycache.statistics.expirytime = 100μs (default)
2022-03-01 14:07:08,489 [pool-248-thread-1] INFO  server.RaftServer$Division (RaftServerImpl.java:start(301)) - 748cb913-fd30-47bb-8b51-1fb8fbe69c23@group-B6BD664D4D49: start as a follower, conf=-1: [748cb913-fd30-47bb-8b51-1fb8fbe69c23|rpc:10.1.0.24:38409|priority:1], old=null
2022-03-01 14:07:08,489 [pool-248-thread-1] INFO  server.RaftServer$Division (RaftServerImpl.java:setRole(290)) - 748cb913-fd30-47bb-8b51-1fb8fbe69c23@group-B6BD664D4D49: changes role from      null to FOLLOWER at term 0 for startAsFollower
2022-03-01 14:07:08,489 [pool-248-thread-1] INFO  impl.RoleInfo (RoleInfo.java:updateAndGet(130)) - 748cb913-fd30-47bb-8b51-1fb8fbe69c23: start 748cb913-fd30-47bb-8b51-1fb8fbe69c23@group-B6BD664D4D49-FollowerState
2022-03-01 14:07:08,491 [pool-248-thread-1] INFO  util.JmxRegister (JmxRegister.java:tryRegister(44)) - Successfully registered JMX Bean with object name Ratis:service=RaftServer,group=group-B6BD664D4D49,id=748cb913-fd30-47bb-8b51-1fb8fbe69c23
2022-03-01 14:07:08,497 [Command processor thread] INFO  ratis.XceiverServerRatis (XceiverServerRatis.java:addGroup(769)) - Created group PipelineID=a1af6f8c-4144-4bc1-a38b-b6bd664d4d49
2022-03-01 14:07:08,497 [Command processor thread] INFO  commandhandler.CreatePipelineCommandHandler (CreatePipelineCommandHandler.java:handle(106)) - Created Pipeline RATIS ONE PipelineID=a1af6f8c-4144-4bc1-a38b-b6bd664d4d49.
2022-03-01 14:07:08,969 [Listener at 127.0.0.1/33581] INFO  ozone.MiniOzoneClusterImpl (MiniOzoneClusterImpl.java:lambda$waitForClusterToBeReady$0(219)) - Nodes are ready. Got 3 of 3 DN Heartbeats.
2022-03-01 14:07:08,969 [Listener at 127.0.0.1/33581] INFO  ozone.MiniOzoneClusterImpl (MiniOzoneClusterImpl.java:lambda$waitForClusterToBeReady$0(222)) - Waiting for cluster to exit safe mode
2022-03-01 14:07:08,969 [Listener at 127.0.0.1/33581] INFO  ozone.MiniOzoneClusterImpl (MiniOzoneClusterImpl.java:lambda$waitForClusterToBeReady$0(224)) - SCM became leader
2022-03-01 14:07:08,987 [Command processor thread] INFO  server.RaftServer (RaftServerProxy.java:addNew(95)) - c8c4da50-09a5-4319-9b45-94eabdb6bd98: addNew group-AAFFAA525CFA:[c8c4da50-09a5-4319-9b45-94eabdb6bd98|rpc:10.1.0.24:35017|priority:1] returns group-AAFFAA525CFA:java.util.concurrent.CompletableFuture@29f2d0e[Not completed]
2022-03-01 14:07:08,989 [pool-269-thread-1] INFO  server.RaftServer$Division (RaftServerImpl.java:<init>(184)) - c8c4da50-09a5-4319-9b45-94eabdb6bd98: new RaftServerImpl for group-AAFFAA525CFA:[c8c4da50-09a5-4319-9b45-94eabdb6bd98|rpc:10.1.0.24:35017|priority:1] with ContainerStateMachine:uninitialized
2022-03-01 14:07:08,989 [pool-269-thread-1] INFO  server.RaftServerConfigKeys (ConfUtils.java:logGet(44)) - raft.server.rpc.timeout.min = 5s (custom)
2022-03-01 14:07:08,989 [pool-269-thread-1] INFO  server.RaftServerConfigKeys (ConfUtils.java:logGet(44)) - raft.server.rpc.timeout.max = 5200ms (custom)
2022-03-01 14:07:08,989 [pool-269-thread-1] INFO  server.RaftServerConfigKeys (ConfUtils.java:logGet(44)) - raft.server.rpc.sleep.time = 25ms (default)
2022-03-01 14:07:08,989 [pool-269-thread-1] INFO  server.RaftServerConfigKeys (ConfUtils.java:logGet(44)) - raft.server.rpc.slowness.timeout = 300s (custom)
2022-03-01 14:07:08,989 [pool-269-thread-1] INFO  server.RaftServerConfigKeys (ConfUtils.java:logGet(44)) - raft.server.leaderelection.leader.step-down.wait-time = 10s (default)
2022-03-01 14:07:08,989 [pool-269-thread-1] INFO  server.RaftServerConfigKeys (ConfUtils.java:logGet(44)) - raft.server.sleep.deviation.threshold = 300ms (default)
2022-03-01 14:07:08,989 [pool-269-thread-1] INFO  server.RaftServerConfigKeys (ConfUtils.java:logGet(44)) - raft.server.log.appender.install.snapshot.enabled = false (custom)
2022-03-01 14:07:08,989 [pool-269-thread-1] INFO  server.RaftServer$Division (ServerState.java:<init>(105)) - c8c4da50-09a5-4319-9b45-94eabdb6bd98@group-AAFFAA525CFA: ConfigurationManager, init=-1: [c8c4da50-09a5-4319-9b45-94eabdb6bd98|rpc:10.1.0.24:35017|priority:1], old=null, confs=<EMPTY_MAP>
2022-03-01 14:07:08,989 [pool-269-thread-1] INFO  server.RaftServerConfigKeys (ConfUtils.java:logGet(44)) - raft.server.storage.dir = [/home/runner/work/ozone/ozone/hadoop-ozone/integration-test/target/test-dir/MiniOzoneClusterImpl-5212a7ac-80c3-46b0-8f30-1180f829ef0d/datanode-2/data/ratis] (custom)
2022-03-01 14:07:08,990 [pool-269-thread-1] INFO  server.RaftServerConfigKeys (ConfUtils.java:logGet(44)) - raft.server.log.corruption.policy = EXCEPTION (default)
2022-03-01 14:07:08,990 [pool-269-thread-1] INFO  server.RaftServerConfigKeys (ConfUtils.java:logGet(44)) - raft.server.storage.free-space.min = 0MB (=0) (default)
2022-03-01 14:07:08,990 [pool-269-thread-1] INFO  storage.RaftStorageDirectory (RaftStorageDirectoryImpl.java:analyzeStorage(135)) - The storage directory /home/runner/work/ozone/ozone/hadoop-ozone/integration-test/target/test-dir/MiniOzoneClusterImpl-5212a7ac-80c3-46b0-8f30-1180f829ef0d/datanode-2/data/ratis/e7d23ddf-9289-4dad-8a23-aaffaa525cfa does not exist. Creating ...
2022-03-01 14:07:08,999 [pool-269-thread-1] INFO  storage.RaftStorageDirectory (RaftStorageDirectoryImpl.java:tryLock(230)) - Lock on /home/runner/work/ozone/ozone/hadoop-ozone/integration-test/target/test-dir/MiniOzoneClusterImpl-5212a7ac-80c3-46b0-8f30-1180f829ef0d/datanode-2/data/ratis/e7d23ddf-9289-4dad-8a23-aaffaa525cfa/in_use.lock acquired by nodename 10349@fv-az195-209
2022-03-01 14:07:09,000 [pool-269-thread-1] INFO  storage.RaftStorage (RaftStorageImpl.java:format(89)) - Storage directory /home/runner/work/ozone/ozone/hadoop-ozone/integration-test/target/test-dir/MiniOzoneClusterImpl-5212a7ac-80c3-46b0-8f30-1180f829ef0d/datanode-2/data/ratis/e7d23ddf-9289-4dad-8a23-aaffaa525cfa has been successfully formatted.
2022-03-01 14:07:09,002 [EventQueue-PipelineReportForPipelineReportHandler] INFO  pipeline.PipelineManagerImpl (PipelineManagerImpl.java:openPipeline(291)) - Pipeline Pipeline[ Id: e7d23ddf-9289-4dad-8a23-aaffaa525cfa, Nodes: c8c4da50-09a5-4319-9b45-94eabdb6bd98{ip: 10.1.0.24, host: fv-az195-209.u3nnjwd0vyge1bu22idnsdeq2e.cx.internal.cloudapp.net, ports: [REPLICATION=39123, RATIS=35017, RATIS_ADMIN=35017, RATIS_SERVER=35017, STANDALONE=38857], networkLocation: /default-rack, certSerialId: null, persistedOpState: IN_SERVICE, persistedOpStateExpiryEpochSec: 0}, ReplicationConfig: RATIS/ONE, State:ALLOCATED, leaderId:c8c4da50-09a5-4319-9b45-94eabdb6bd98, CreationTimestamp2022-03-01T14:07:05.990Z[Etc/UTC]] moved to OPEN state
2022-03-01 14:07:09,003 [180c4ed6-31c5-49f3-8fac-202ca6ca3c8a@group-1180F829EF0D-StateMachineUpdater] INFO  safemode.HealthyPipelineSafeModeRule (HealthyPipelineSafeModeRule.java:initializeRule(152)) - Refreshed total pipeline count is 0, healthy pipeline threshold count is 1
2022-03-01 14:07:09,003 [EventQueue-OpenPipelineForHealthyPipelineSafeModeRule] INFO  safemode.SCMSafeModeManager (HealthyPipelineSafeModeRule.java:process(124)) - SCM in safe mode. Healthy pipelines reported count is 0, required healthy pipeline reported count is 1
2022-03-01 14:07:09,003 [pool-269-thread-1] INFO  ratis.ContainerStateMachine (ContainerStateMachine.java:loadSnapshot(236)) - group-AAFFAA525CFA: The snapshot info is null. Setting the last applied indexto:(t:0, i:~)
2022-03-01 14:07:09,004 [pool-269-thread-1] INFO  server.RaftServerConfigKeys (ConfUtils.java:logGet(44)) - raft.server.notification.no-leader.timeout = 300s (custom)
2022-03-01 14:07:09,004 [pool-269-thread-1] INFO  server.RaftServerConfigKeys (ConfUtils.java:logGet(44)) - raft.server.log.use.memory = false (default)
2022-03-01 14:07:09,004 [pool-269-thread-1] INFO  server.RaftServerConfigKeys (ConfUtils.java:logGet(44)) - raft.server.log.purge.gap = 1000000 (custom)
2022-03-01 14:07:09,004 [pool-269-thread-1] INFO  server.RaftServerConfigKeys (ConfUtils.java:logGet(44)) - raft.server.log.appender.buffer.byte-limit = 33554432 (custom)
2022-03-01 14:07:09,004 [pool-269-thread-1] INFO  server.RaftServerConfigKeys (ConfUtils.java:logGet(44)) - raft.server.log.segment.size.max = 1048576 (custom)
2022-03-01 14:07:09,005 [pool-269-thread-1] INFO  server.RaftServerConfigKeys (ConfUtils.java:logGet(44)) - raft.server.log.segment.cache.num.max = 2 (custom)
2022-03-01 14:07:09,005 [pool-269-thread-1] INFO  server.RaftServerConfigKeys (ConfUtils.java:logGet(44)) - raft.server.log.segment.cache.size.max = 200MB (=209715200) (default)
2022-03-01 14:07:09,005 [pool-269-thread-1] INFO  segmented.SegmentedRaftLogWorker (SegmentedRaftLogWorker.java:<init>(182)) - new c8c4da50-09a5-4319-9b45-94eabdb6bd98@group-AAFFAA525CFA-SegmentedRaftLogWorker for RaftStorageImpl:Storage Directory /home/runner/work/ozone/ozone/hadoop-ozone/integration-test/target/test-dir/MiniOzoneClusterImpl-5212a7ac-80c3-46b0-8f30-1180f829ef0d/datanode-2/data/ratis/e7d23ddf-9289-4dad-8a23-aaffaa525cfa
2022-03-01 14:07:09,005 [pool-269-thread-1] INFO  server.RaftServerConfigKeys (ConfUtils.java:logGet(44)) - raft.server.log.queue.byte-limit = 4294967296 (custom)
2022-03-01 14:07:09,005 [pool-269-thread-1] INFO  server.RaftServerConfigKeys (ConfUtils.java:logGet(44)) - raft.server.log.queue.element-limit = 1024 (custom)
2022-03-01 14:07:09,005 [pool-269-thread-1] INFO  server.RaftServerConfigKeys (ConfUtils.java:logGet(44)) - raft.server.log.segment.size.max = 1048576 (custom)
2022-03-01 14:07:09,005 [pool-269-thread-1] INFO  server.RaftServerConfigKeys (ConfUtils.java:logGet(44)) - raft.server.log.preallocated.size = 16384 (custom)
2022-03-01 14:07:09,005 [pool-269-thread-1] INFO  server.RaftServerConfigKeys (ConfUtils.java:logGet(44)) - raft.server.log.force.sync.num = 128 (default)
2022-03-01 14:07:09,005 [pool-269-thread-1] INFO  server.RaftServerConfigKeys (ConfUtils.java:logGet(44)) - raft.server.log.statemachine.data.sync = true (default)
2022-03-01 14:07:09,005 [pool-269-thread-1] INFO  server.RaftServerConfigKeys (ConfUtils.java:logGet(44)) - raft.server.log.statemachine.data.sync.timeout = 10s (default)
2022-03-01 14:07:09,005 [pool-269-thread-1] INFO  server.RaftServerConfigKeys (ConfUtils.java:logGet(44)) - raft.server.log.statemachine.data.sync.timeout.retry = -1 (default)
2022-03-01 14:07:09,006 [pool-269-thread-1] INFO  server.RaftServerConfigKeys (ConfUtils.java:logGet(44)) - raft.server.log.write.buffer.size = 1048576 (custom)
2022-03-01 14:07:09,007 [pool-269-thread-1] INFO  server.RaftServerConfigKeys (ConfUtils.java:logGet(44)) - raft.server.log.statemachine.data.caching.enabled = true (custom)
2022-03-01 14:07:09,014 [pool-269-thread-1] INFO  segmented.SegmentedRaftLogWorker (SegmentedRaftLogWorker.java:lambda$new$0(133)) - c8c4da50-09a5-4319-9b45-94eabdb6bd98@group-AAFFAA525CFA-SegmentedRaftLogWorker: flushIndex: setUnconditionally 0 -> -1
2022-03-01 14:07:09,015 [pool-269-thread-1] INFO  segmented.SegmentedRaftLogWorker (SegmentedRaftLogWorker.java:lambda$new$0(133)) - c8c4da50-09a5-4319-9b45-94eabdb6bd98@group-AAFFAA525CFA-SegmentedRaftLogWorker: safeCacheEvictIndex: setUnconditionally 0 -> -1
2022-03-01 14:07:09,025 [pool-269-thread-1] INFO  server.RaftServerConfigKeys (ConfUtils.java:logGet(44)) - raft.server.snapshot.auto.trigger.enabled = true (custom)
2022-03-01 14:07:09,025 [pool-269-thread-1] INFO  server.RaftServerConfigKeys (ConfUtils.java:logGet(44)) - raft.server.snapshot.auto.trigger.threshold = 10000 (custom)
2022-03-01 14:07:09,025 [pool-269-thread-1] INFO  server.RaftServerConfigKeys (ConfUtils.java:logGet(44)) - raft.server.snapshot.retention.file.num = 5 (custom)
2022-03-01 14:07:09,025 [pool-269-thread-1] INFO  server.RaftServerConfigKeys (ConfUtils.java:logGet(44)) - raft.server.log.purge.upto.snapshot.index = false (default)
2022-03-01 14:07:09,026 [pool-269-thread-1] INFO  server.RaftServerConfigKeys (ConfUtils.java:logGet(44)) - raft.server.retrycache.expirytime = 600000ms (custom)
2022-03-01 14:07:09,026 [pool-269-thread-1] INFO  server.RaftServerConfigKeys (ConfUtils.java:logGet(44)) - raft.server.retrycache.statistics.expirytime = 100μs (default)
2022-03-01 14:07:09,027 [pool-269-thread-1] INFO  server.RaftServer$Division (RaftServerImpl.java:start(301)) - c8c4da50-09a5-4319-9b45-94eabdb6bd98@group-AAFFAA525CFA: start as a follower, conf=-1: [c8c4da50-09a5-4319-9b45-94eabdb6bd98|rpc:10.1.0.24:35017|priority:1], old=null
2022-03-01 14:07:09,027 [pool-269-thread-1] INFO  server.RaftServer$Division (RaftServerImpl.java:setRole(290)) - c8c4da50-09a5-4319-9b45-94eabdb6bd98@group-AAFFAA525CFA: changes role from      null to FOLLOWER at term 0 for startAsFollower
2022-03-01 14:07:09,027 [pool-269-thread-1] INFO  impl.RoleInfo (RoleInfo.java:updateAndGet(130)) - c8c4da50-09a5-4319-9b45-94eabdb6bd98: start c8c4da50-09a5-4319-9b45-94eabdb6bd98@group-AAFFAA525CFA-FollowerState
2022-03-01 14:07:09,032 [pool-269-thread-1] INFO  util.JmxRegister (JmxRegister.java:tryRegister(44)) - Successfully registered JMX Bean with object name Ratis:service=RaftServer,group=group-AAFFAA525CFA,id=c8c4da50-09a5-4319-9b45-94eabdb6bd98
2022-03-01 14:07:09,037 [Command processor thread] INFO  ratis.XceiverServerRatis (XceiverServerRatis.java:addGroup(769)) - Created group PipelineID=e7d23ddf-9289-4dad-8a23-aaffaa525cfa
2022-03-01 14:07:09,037 [Command processor thread] INFO  commandhandler.CreatePipelineCommandHandler (CreatePipelineCommandHandler.java:handle(106)) - Created Pipeline RATIS ONE PipelineID=e7d23ddf-9289-4dad-8a23-aaffaa525cfa.
2022-03-01 14:07:09,970 [Listener at 127.0.0.1/33581] INFO  ozone.MiniOzoneClusterImpl (MiniOzoneClusterImpl.java:lambda$waitForClusterToBeReady$0(219)) - Nodes are ready. Got 3 of 3 DN Heartbeats.
2022-03-01 14:07:09,970 [Listener at 127.0.0.1/33581] INFO  ozone.MiniOzoneClusterImpl (MiniOzoneClusterImpl.java:lambda$waitForClusterToBeReady$0(222)) - Waiting for cluster to exit safe mode
2022-03-01 14:07:09,970 [Listener at 127.0.0.1/33581] INFO  ozone.MiniOzoneClusterImpl (MiniOzoneClusterImpl.java:lambda$waitForClusterToBeReady$0(224)) - SCM became leader
2022-03-01 14:07:10,970 [Listener at 127.0.0.1/33581] INFO  ozone.MiniOzoneClusterImpl (MiniOzoneClusterImpl.java:lambda$waitForClusterToBeReady$0(219)) - Nodes are ready. Got 3 of 3 DN Heartbeats.
2022-03-01 14:07:10,971 [Listener at 127.0.0.1/33581] INFO  ozone.MiniOzoneClusterImpl (MiniOzoneClusterImpl.java:lambda$waitForClusterToBeReady$0(222)) - Waiting for cluster to exit safe mode
2022-03-01 14:07:10,971 [Listener at 127.0.0.1/33581] INFO  ozone.MiniOzoneClusterImpl (MiniOzoneClusterImpl.java:lambda$waitForClusterToBeReady$0(224)) - SCM became leader
2022-03-01 14:07:11,971 [Listener at 127.0.0.1/33581] INFO  ozone.MiniOzoneClusterImpl (MiniOzoneClusterImpl.java:lambda$waitForClusterToBeReady$0(219)) - Nodes are ready. Got 3 of 3 DN Heartbeats.
2022-03-01 14:07:11,971 [Listener at 127.0.0.1/33581] INFO  ozone.MiniOzoneClusterImpl (MiniOzoneClusterImpl.java:lambda$waitForClusterToBeReady$0(222)) - Waiting for cluster to exit safe mode
2022-03-01 14:07:11,971 [Listener at 127.0.0.1/33581] INFO  ozone.MiniOzoneClusterImpl (MiniOzoneClusterImpl.java:lambda$waitForClusterToBeReady$0(224)) - SCM became leader
2022-03-01 14:07:12,972 [Listener at 127.0.0.1/33581] INFO  ozone.MiniOzoneClusterImpl (MiniOzoneClusterImpl.java:lambda$waitForClusterToBeReady$0(219)) - Nodes are ready. Got 3 of 3 DN Heartbeats.
2022-03-01 14:07:12,972 [Listener at 127.0.0.1/33581] INFO  ozone.MiniOzoneClusterImpl (MiniOzoneClusterImpl.java:lambda$waitForClusterToBeReady$0(222)) - Waiting for cluster to exit safe mode
2022-03-01 14:07:12,972 [Listener at 127.0.0.1/33581] INFO  ozone.MiniOzoneClusterImpl (MiniOzoneClusterImpl.java:lambda$waitForClusterToBeReady$0(224)) - SCM became leader
2022-03-01 14:07:13,040 [c5c6d7e9-010e-4dff-b525-0995d1efc2dc@group-AC61AF4ED8BC-FollowerState] INFO  impl.FollowerState (FollowerState.java:run(134)) - c5c6d7e9-010e-4dff-b525-0995d1efc2dc@group-AC61AF4ED8BC-FollowerState: change to CANDIDATE, lastRpcElapsedTime:5077061124ns, electionTimeout:5076ms
2022-03-01 14:07:13,041 [c5c6d7e9-010e-4dff-b525-0995d1efc2dc@group-AC61AF4ED8BC-FollowerState] INFO  impl.RoleInfo (RoleInfo.java:shutdownFollowerState(108)) - c5c6d7e9-010e-4dff-b525-0995d1efc2dc: shutdown c5c6d7e9-010e-4dff-b525-0995d1efc2dc@group-AC61AF4ED8BC-FollowerState
2022-03-01 14:07:13,041 [c5c6d7e9-010e-4dff-b525-0995d1efc2dc@group-AC61AF4ED8BC-FollowerState] INFO  server.RaftServer$Division (RaftServerImpl.java:setRole(290)) - c5c6d7e9-010e-4dff-b525-0995d1efc2dc@group-AC61AF4ED8BC: changes role from  FOLLOWER to CANDIDATE at term 0 for changeToCandidate
2022-03-01 14:07:13,041 [c5c6d7e9-010e-4dff-b525-0995d1efc2dc@group-AC61AF4ED8BC-FollowerState] INFO  server.RaftServerConfigKeys (ConfUtils.java:logGet(44)) - raft.server.leaderelection.pre-vote = false (custom)
2022-03-01 14:07:13,041 [c5c6d7e9-010e-4dff-b525-0995d1efc2dc@group-AC61AF4ED8BC-FollowerState] INFO  impl.RoleInfo (RoleInfo.java:updateAndGet(130)) - c5c6d7e9-010e-4dff-b525-0995d1efc2dc: start c5c6d7e9-010e-4dff-b525-0995d1efc2dc@group-AC61AF4ED8BC-LeaderElection24
2022-03-01 14:07:13,070 [748cb913-fd30-47bb-8b51-1fb8fbe69c23@group-AC61AF4ED8BC-FollowerState] INFO  impl.FollowerState (FollowerState.java:run(134)) - 748cb913-fd30-47bb-8b51-1fb8fbe69c23@group-AC61AF4ED8BC-FollowerState: change to CANDIDATE, lastRpcElapsedTime:5030039501ns, electionTimeout:5026ms
2022-03-01 14:07:13,070 [748cb913-fd30-47bb-8b51-1fb8fbe69c23@group-AC61AF4ED8BC-FollowerState] INFO  impl.RoleInfo (RoleInfo.java:shutdownFollowerState(108)) - 748cb913-fd30-47bb-8b51-1fb8fbe69c23: shutdown 748cb913-fd30-47bb-8b51-1fb8fbe69c23@group-AC61AF4ED8BC-FollowerState
2022-03-01 14:07:13,070 [748cb913-fd30-47bb-8b51-1fb8fbe69c23@group-AC61AF4ED8BC-FollowerState] INFO  server.RaftServer$Division (RaftServerImpl.java:setRole(290)) - 748cb913-fd30-47bb-8b51-1fb8fbe69c23@group-AC61AF4ED8BC: changes role from  FOLLOWER to CANDIDATE at term 0 for changeToCandidate
2022-03-01 14:07:13,070 [748cb913-fd30-47bb-8b51-1fb8fbe69c23@group-AC61AF4ED8BC-FollowerState] INFO  server.RaftServerConfigKeys (ConfUtils.java:logGet(44)) - raft.server.leaderelection.pre-vote = false (custom)
2022-03-01 14:07:13,070 [748cb913-fd30-47bb-8b51-1fb8fbe69c23@group-AC61AF4ED8BC-FollowerState] INFO  impl.RoleInfo (RoleInfo.java:updateAndGet(130)) - 748cb913-fd30-47bb-8b51-1fb8fbe69c23: start 748cb913-fd30-47bb-8b51-1fb8fbe69c23@group-AC61AF4ED8BC-LeaderElection25
2022-03-01 14:07:13,071 [c5c6d7e9-010e-4dff-b525-0995d1efc2dc@group-AC61AF4ED8BC-LeaderElection24] INFO  impl.LeaderElection (LeaderElection.java:askForVotes(306)) - c5c6d7e9-010e-4dff-b525-0995d1efc2dc@group-AC61AF4ED8BC-LeaderElection24 ELECTION round 0: submit vote requests at term 1 for -1: [c5c6d7e9-010e-4dff-b525-0995d1efc2dc|rpc:10.1.0.24:42291|priority:0, c8c4da50-09a5-4319-9b45-94eabdb6bd98|rpc:10.1.0.24:35017|priority:0, 748cb913-fd30-47bb-8b51-1fb8fbe69c23|rpc:10.1.0.24:38409|priority:1], old=null
2022-03-01 14:07:13,081 [c5c6d7e9-010e-4dff-b525-0995d1efc2dc@group-3D6BD93C1C0E-FollowerState] INFO  impl.FollowerState (FollowerState.java:run(134)) - c5c6d7e9-010e-4dff-b525-0995d1efc2dc@group-3D6BD93C1C0E-FollowerState: change to CANDIDATE, lastRpcElapsedTime:5157258447ns, electionTimeout:5141ms
2022-03-01 14:07:13,081 [c5c6d7e9-010e-4dff-b525-0995d1efc2dc@group-3D6BD93C1C0E-FollowerState] INFO  impl.RoleInfo (RoleInfo.java:shutdownFollowerState(108)) - c5c6d7e9-010e-4dff-b525-0995d1efc2dc: shutdown c5c6d7e9-010e-4dff-b525-0995d1efc2dc@group-3D6BD93C1C0E-FollowerState
2022-03-01 14:07:13,081 [c5c6d7e9-010e-4dff-b525-0995d1efc2dc@group-3D6BD93C1C0E-FollowerState] INFO  server.RaftServer$Division (RaftServerImpl.java:setRole(290)) - c5c6d7e9-010e-4dff-b525-0995d1efc2dc@group-3D6BD93C1C0E: changes role from  FOLLOWER to CANDIDATE at term 0 for changeToCandidate
2022-03-01 14:07:13,089 [c5c6d7e9-010e-4dff-b525-0995d1efc2dc@group-3D6BD93C1C0E-FollowerState] INFO  server.RaftServerConfigKeys (ConfUtils.java:logGet(44)) - raft.server.leaderelection.pre-vote = false (custom)
2022-03-01 14:07:13,089 [c5c6d7e9-010e-4dff-b525-0995d1efc2dc@group-3D6BD93C1C0E-FollowerState] INFO  impl.RoleInfo (RoleInfo.java:updateAndGet(130)) - c5c6d7e9-010e-4dff-b525-0995d1efc2dc: start c5c6d7e9-010e-4dff-b525-0995d1efc2dc@group-3D6BD93C1C0E-LeaderElection26
2022-03-01 14:07:13,101 [748cb913-fd30-47bb-8b51-1fb8fbe69c23@group-AC61AF4ED8BC-LeaderElection25] INFO  impl.LeaderElection (LeaderElection.java:askForVotes(306)) - 748cb913-fd30-47bb-8b51-1fb8fbe69c23@group-AC61AF4ED8BC-LeaderElection25 ELECTION round 0: submit vote requests at term 1 for -1: [c5c6d7e9-010e-4dff-b525-0995d1efc2dc|rpc:10.1.0.24:42291|dataStream:|priority:0, c8c4da50-09a5-4319-9b45-94eabdb6bd98|rpc:10.1.0.24:35017|dataStream:|priority:0, 748cb913-fd30-47bb-8b51-1fb8fbe69c23|rpc:10.1.0.24:38409|dataStream:|priority:1], old=null
2022-03-01 14:07:13,102 [c5c6d7e9-010e-4dff-b525-0995d1efc2dc@group-3D6BD93C1C0E-LeaderElection26] INFO  impl.LeaderElection (LeaderElection.java:askForVotes(306)) - c5c6d7e9-010e-4dff-b525-0995d1efc2dc@group-3D6BD93C1C0E-LeaderElection26 ELECTION round 0: submit vote requests at term 1 for -1: [c5c6d7e9-010e-4dff-b525-0995d1efc2dc|rpc:10.1.0.24:42291|priority:1], old=null
2022-03-01 14:07:13,102 [c5c6d7e9-010e-4dff-b525-0995d1efc2dc@group-3D6BD93C1C0E-LeaderElection26] INFO  impl.LeaderElection (LeaderElection.java:askForVotes(308)) - c5c6d7e9-010e-4dff-b525-0995d1efc2dc@group-3D6BD93C1C0E-LeaderElection26 ELECTION round 0: result PASSED (term=1)
2022-03-01 14:07:13,103 [c5c6d7e9-010e-4dff-b525-0995d1efc2dc@group-3D6BD93C1C0E-LeaderElection26] INFO  impl.RoleInfo (RoleInfo.java:shutdownLeaderElection(121)) - c5c6d7e9-010e-4dff-b525-0995d1efc2dc: shutdown c5c6d7e9-010e-4dff-b525-0995d1efc2dc@group-3D6BD93C1C0E-LeaderElection26
2022-03-01 14:07:13,103 [c5c6d7e9-010e-4dff-b525-0995d1efc2dc@group-3D6BD93C1C0E-LeaderElection26] INFO  server.RaftServer$Division (RaftServerImpl.java:setRole(290)) - c5c6d7e9-010e-4dff-b525-0995d1efc2dc@group-3D6BD93C1C0E: changes role from CANDIDATE to LEADER at term 1 for changeToLeader
2022-03-01 14:07:13,103 [c5c6d7e9-010e-4dff-b525-0995d1efc2dc@group-3D6BD93C1C0E-LeaderElection26] INFO  ratis.XceiverServerRatis (XceiverServerRatis.java:handleLeaderChangedNotification(867)) - Leader change notification received for group: group-3D6BD93C1C0E with new leaderId: c5c6d7e9-010e-4dff-b525-0995d1efc2dc
2022-03-01 14:07:13,104 [c5c6d7e9-010e-4dff-b525-0995d1efc2dc@group-3D6BD93C1C0E-LeaderElection26] INFO  server.RaftServer$Division (ServerState.java:setLeader(285)) - c5c6d7e9-010e-4dff-b525-0995d1efc2dc@group-3D6BD93C1C0E: change Leader from null to c5c6d7e9-010e-4dff-b525-0995d1efc2dc at term 1 for becomeLeader, leader elected after 5198ms
2022-03-01 14:07:13,104 [c5c6d7e9-010e-4dff-b525-0995d1efc2dc@group-3D6BD93C1C0E-LeaderElection26] INFO  server.RaftServerConfigKeys (ConfUtils.java:logGet(44)) - raft.server.staging.catchup.gap = 1000 (default)
2022-03-01 14:07:13,104 [c5c6d7e9-010e-4dff-b525-0995d1efc2dc@group-3D6BD93C1C0E-LeaderElection26] INFO  server.RaftServerConfigKeys (ConfUtils.java:logGet(44)) - raft.server.write.element-limit = 1024 (custom)
2022-03-01 14:07:13,104 [c5c6d7e9-010e-4dff-b525-0995d1efc2dc@group-3D6BD93C1C0E-LeaderElection26] INFO  server.RaftServerConfigKeys (ConfUtils.java:logGet(44)) - raft.server.write.byte-limit = 1024 M (=1073741824) (custom)
2022-03-01 14:07:13,105 [c5c6d7e9-010e-4dff-b525-0995d1efc2dc@group-3D6BD93C1C0E-LeaderElection26] INFO  server.RaftServerConfigKeys (ConfUtils.java:logGet(44)) - raft.server.watch.timeout = 180s (custom)
2022-03-01 14:07:13,105 [c5c6d7e9-010e-4dff-b525-0995d1efc2dc@group-3D6BD93C1C0E-LeaderElection26] INFO  server.RaftServerConfigKeys (ConfUtils.java:logGet(44)) - raft.server.watch.timeout.denomination = 1s (default)
2022-03-01 14:07:13,105 [c5c6d7e9-010e-4dff-b525-0995d1efc2dc@group-3D6BD93C1C0E-LeaderElection26] INFO  server.RaftServerConfigKeys (ConfUtils.java:logGet(44)) - raft.server.watch.element-limit = 65536 (default)
2022-03-01 14:07:13,105 [c5c6d7e9-010e-4dff-b525-0995d1efc2dc@group-3D6BD93C1C0E-LeaderElection26] INFO  server.RaftServerConfigKeys (ConfUtils.java:logGet(44)) - raft.server.write.element-limit = 1024 (custom)
2022-03-01 14:07:13,105 [c5c6d7e9-010e-4dff-b525-0995d1efc2dc@group-3D6BD93C1C0E-LeaderElection26] INFO  server.RaftServerConfigKeys (ConfUtils.java:logGet(44)) - raft.server.write.follower.gap.ratio.max = -1.0 (default)
2022-03-01 14:07:13,105 [c5c6d7e9-010e-4dff-b525-0995d1efc2dc@group-3D6BD93C1C0E-LeaderElection26] INFO  impl.RoleInfo (RoleInfo.java:updateAndGet(130)) - c5c6d7e9-010e-4dff-b525-0995d1efc2dc: start c5c6d7e9-010e-4dff-b525-0995d1efc2dc@group-3D6BD93C1C0E-LeaderStateImpl
2022-03-01 14:07:13,105 [c5c6d7e9-010e-4dff-b525-0995d1efc2dc@group-3D6BD93C1C0E-LeaderElection26] INFO  segmented.SegmentedRaftLogWorker (SegmentedRaftLogWorker.java:startLogSegment(394)) - c5c6d7e9-010e-4dff-b525-0995d1efc2dc@group-3D6BD93C1C0E-SegmentedRaftLogWorker: Starting segment from index:0
2022-03-01 14:07:13,106 [EventQueue-OpenPipelineForHealthyPipelineSafeModeRule] INFO  safemode.SCMSafeModeManager (HealthyPipelineSafeModeRule.java:process(124)) - SCM in safe mode. Healthy pipelines reported count is 0, required healthy pipeline reported count is 1
2022-03-01 14:07:13,107 [c5c6d7e9-010e-4dff-b525-0995d1efc2dc@group-3D6BD93C1C0E-SegmentedRaftLogWorker] INFO  segmented.SegmentedRaftLogWorker (SegmentedRaftLogWorker.java:execute(601)) - c5c6d7e9-010e-4dff-b525-0995d1efc2dc@group-3D6BD93C1C0E-SegmentedRaftLogWorker: created new log segment /home/runner/work/ozone/ozone/hadoop-ozone/integration-test/target/test-dir/MiniOzoneClusterImpl-5212a7ac-80c3-46b0-8f30-1180f829ef0d/datanode-0/data/ratis/3e8e5cb2-f61b-4892-b5f9-3d6bd93c1c0e/current/log_inprogress_0
2022-03-01 14:07:13,144 [c5c6d7e9-010e-4dff-b525-0995d1efc2dc@group-3D6BD93C1C0E-LeaderElection26] INFO  server.RaftServer$Division (ServerState.java:setRaftConf(387)) - c5c6d7e9-010e-4dff-b525-0995d1efc2dc@group-3D6BD93C1C0E: set configuration 0: [c5c6d7e9-010e-4dff-b525-0995d1efc2dc|rpc:10.1.0.24:42291|dataStream:|priority:1], old=null
2022-03-01 14:07:13,147 [grpc-default-executor-1] INFO  server.RaftServer$Division (RaftServerImpl.java:requestVote(1046)) - c8c4da50-09a5-4319-9b45-94eabdb6bd98@group-AC61AF4ED8BC: receive requestVote(ELECTION, c5c6d7e9-010e-4dff-b525-0995d1efc2dc, group-AC61AF4ED8BC, 1, (t:0, i:0))
2022-03-01 14:07:13,147 [grpc-default-executor-1] INFO  impl.VoteContext (VoteContext.java:log(48)) - c8c4da50-09a5-4319-9b45-94eabdb6bd98@group-AC61AF4ED8BC-FOLLOWER: accept ELECTION from c5c6d7e9-010e-4dff-b525-0995d1efc2dc: our priority 0 <= candidate's priority 0
2022-03-01 14:07:13,148 [grpc-default-executor-1] INFO  server.RaftServer$Division (RaftServerImpl.java:setRole(290)) - c8c4da50-09a5-4319-9b45-94eabdb6bd98@group-AC61AF4ED8BC: changes role from  FOLLOWER to FOLLOWER at term 1 for candidate:c5c6d7e9-010e-4dff-b525-0995d1efc2dc
2022-03-01 14:07:13,148 [grpc-default-executor-3] INFO  server.RaftServer$Division (RaftServerImpl.java:requestVote(1046)) - 748cb913-fd30-47bb-8b51-1fb8fbe69c23@group-AC61AF4ED8BC: receive requestVote(ELECTION, c5c6d7e9-010e-4dff-b525-0995d1efc2dc, group-AC61AF4ED8BC, 1, (t:0, i:0))
2022-03-01 14:07:13,148 [grpc-default-executor-3] INFO  impl.VoteContext (VoteContext.java:log(48)) - 748cb913-fd30-47bb-8b51-1fb8fbe69c23@group-AC61AF4ED8BC-CANDIDATE: reject ELECTION from c5c6d7e9-010e-4dff-b525-0995d1efc2dc: already has voted for 748cb913-fd30-47bb-8b51-1fb8fbe69c23 at current term 1
2022-03-01 14:07:13,148 [grpc-default-executor-3] INFO  server.RaftServer$Division (RaftServerImpl.java:requestVote(1078)) - 748cb913-fd30-47bb-8b51-1fb8fbe69c23@group-AC61AF4ED8BC replies to ELECTION vote request: c5c6d7e9-010e-4dff-b525-0995d1efc2dc<-748cb913-fd30-47bb-8b51-1fb8fbe69c23#0:FAIL-t1. Peer's state: 748cb913-fd30-47bb-8b51-1fb8fbe69c23@group-AC61AF4ED8BC:t1, leader=null, voted=748cb913-fd30-47bb-8b51-1fb8fbe69c23, raftlog=748cb913-fd30-47bb-8b51-1fb8fbe69c23@group-AC61AF4ED8BC-SegmentedRaftLog:OPENED:c-1, conf=-1: [c5c6d7e9-010e-4dff-b525-0995d1efc2dc|rpc:10.1.0.24:42291|dataStream:|priority:0, c8c4da50-09a5-4319-9b45-94eabdb6bd98|rpc:10.1.0.24:35017|dataStream:|priority:0, 748cb913-fd30-47bb-8b51-1fb8fbe69c23|rpc:10.1.0.24:38409|dataStream:|priority:1], old=null
2022-03-01 14:07:13,148 [grpc-default-executor-1] INFO  impl.RoleInfo (RoleInfo.java:shutdownFollowerState(108)) - c8c4da50-09a5-4319-9b45-94eabdb6bd98: shutdown c8c4da50-09a5-4319-9b45-94eabdb6bd98@group-AC61AF4ED8BC-FollowerState
2022-03-01 14:07:13,148 [grpc-default-executor-1] INFO  impl.RoleInfo (RoleInfo.java:updateAndGet(130)) - c8c4da50-09a5-4319-9b45-94eabdb6bd98: start c8c4da50-09a5-4319-9b45-94eabdb6bd98@group-AC61AF4ED8BC-FollowerState
2022-03-01 14:07:13,148 [c8c4da50-09a5-4319-9b45-94eabdb6bd98@group-AC61AF4ED8BC-FollowerState] INFO  impl.FollowerState (FollowerState.java:run(143)) - c8c4da50-09a5-4319-9b45-94eabdb6bd98@group-AC61AF4ED8BC-FollowerState was interrupted: {}
java.lang.InterruptedException: sleep interrupted
	at java.lang.Thread.sleep(Native Method)
	at java.lang.Thread.sleep(Thread.java:342)
	at java.util.concurrent.TimeUnit.sleep(TimeUnit.java:386)
	at org.apache.ratis.util.TimeDuration.sleep(TimeDuration.java:324)
	at org.apache.ratis.util.TimeDuration.sleep(TimeDuration.java:309)
	at org.apache.ratis.server.impl.FollowerState.run(FollowerState.java:118)
2022-03-01 14:07:13,149 [grpc-default-executor-3] INFO  server.RaftServer$Division (RaftServerImpl.java:requestVote(1046)) - c5c6d7e9-010e-4dff-b525-0995d1efc2dc@group-AC61AF4ED8BC: receive requestVote(ELECTION, 748cb913-fd30-47bb-8b51-1fb8fbe69c23, group-AC61AF4ED8BC, 1, (t:0, i:0))
2022-03-01 14:07:13,149 [grpc-default-executor-3] INFO  impl.VoteContext (VoteContext.java:log(48)) - c5c6d7e9-010e-4dff-b525-0995d1efc2dc@group-AC61AF4ED8BC-CANDIDATE: reject ELECTION from 748cb913-fd30-47bb-8b51-1fb8fbe69c23: already has voted for c5c6d7e9-010e-4dff-b525-0995d1efc2dc at current term 1
2022-03-01 14:07:13,149 [grpc-default-executor-3] INFO  server.RaftServer$Division (RaftServerImpl.java:requestVote(1078)) - c5c6d7e9-010e-4dff-b525-0995d1efc2dc@group-AC61AF4ED8BC replies to ELECTION vote request: 748cb913-fd30-47bb-8b51-1fb8fbe69c23<-c5c6d7e9-010e-4dff-b525-0995d1efc2dc#0:FAIL-t1. Peer's state: c5c6d7e9-010e-4dff-b525-0995d1efc2dc@group-AC61AF4ED8BC:t1, leader=null, voted=c5c6d7e9-010e-4dff-b525-0995d1efc2dc, raftlog=c5c6d7e9-010e-4dff-b525-0995d1efc2dc@group-AC61AF4ED8BC-SegmentedRaftLog:OPENED:c-1, conf=-1: [c5c6d7e9-010e-4dff-b525-0995d1efc2dc|rpc:10.1.0.24:42291|priority:0, c8c4da50-09a5-4319-9b45-94eabdb6bd98|rpc:10.1.0.24:35017|priority:0, 748cb913-fd30-47bb-8b51-1fb8fbe69c23|rpc:10.1.0.24:38409|priority:1], old=null
2022-03-01 14:07:13,155 [grpc-default-executor-1] INFO  server.RaftServer$Division (RaftServerImpl.java:requestVote(1078)) - c8c4da50-09a5-4319-9b45-94eabdb6bd98@group-AC61AF4ED8BC replies to ELECTION vote request: c5c6d7e9-010e-4dff-b525-0995d1efc2dc<-c8c4da50-09a5-4319-9b45-94eabdb6bd98#0:OK-t1. Peer's state: c8c4da50-09a5-4319-9b45-94eabdb6bd98@group-AC61AF4ED8BC:t1, leader=null, voted=c5c6d7e9-010e-4dff-b525-0995d1efc2dc, raftlog=c8c4da50-09a5-4319-9b45-94eabdb6bd98@group-AC61AF4ED8BC-SegmentedRaftLog:OPENED:c-1, conf=-1: [c5c6d7e9-010e-4dff-b525-0995d1efc2dc|rpc:10.1.0.24:42291|dataStream:|priority:0, c8c4da50-09a5-4319-9b45-94eabdb6bd98|rpc:10.1.0.24:35017|dataStream:|priority:0, 748cb913-fd30-47bb-8b51-1fb8fbe69c23|rpc:10.1.0.24:38409|dataStream:|priority:1], old=null
2022-03-01 14:07:13,161 [c5c6d7e9-010e-4dff-b525-0995d1efc2dc@group-AC61AF4ED8BC-LeaderElection24] INFO  impl.LeaderElection (LeaderElection.java:logAndReturn(89)) - c5c6d7e9-010e-4dff-b525-0995d1efc2dc@group-AC61AF4ED8BC-LeaderElection24: ELECTION REJECTED received 1 response(s) and 0 exception(s):
2022-03-01 14:07:13,161 [c5c6d7e9-010e-4dff-b525-0995d1efc2dc@group-AC61AF4ED8BC-LeaderElection24] INFO  impl.LeaderElection (LeaderElection.java:logAndReturn(93)) -   Response 0: c5c6d7e9-010e-4dff-b525-0995d1efc2dc<-748cb913-fd30-47bb-8b51-1fb8fbe69c23#0:FAIL-t1
2022-03-01 14:07:13,161 [c5c6d7e9-010e-4dff-b525-0995d1efc2dc@group-AC61AF4ED8BC-LeaderElection24] INFO  impl.LeaderElection (LeaderElection.java:askForVotes(308)) - c5c6d7e9-010e-4dff-b525-0995d1efc2dc@group-AC61AF4ED8BC-LeaderElection24 ELECTION round 0: result REJECTED
2022-03-01 14:07:13,161 [c5c6d7e9-010e-4dff-b525-0995d1efc2dc@group-AC61AF4ED8BC-LeaderElection24] INFO  server.RaftServer$Division (RaftServerImpl.java:setRole(290)) - c5c6d7e9-010e-4dff-b525-0995d1efc2dc@group-AC61AF4ED8BC: changes role from CANDIDATE to FOLLOWER at term 1 for REJECTED
2022-03-01 14:07:13,161 [c5c6d7e9-010e-4dff-b525-0995d1efc2dc@group-AC61AF4ED8BC-LeaderElection24] INFO  impl.RoleInfo (RoleInfo.java:shutdownLeaderElection(121)) - c5c6d7e9-010e-4dff-b525-0995d1efc2dc: shutdown c5c6d7e9-010e-4dff-b525-0995d1efc2dc@group-AC61AF4ED8BC-LeaderElection24
2022-03-01 14:07:13,161 [c5c6d7e9-010e-4dff-b525-0995d1efc2dc@group-AC61AF4ED8BC-LeaderElection24] INFO  impl.RoleInfo (RoleInfo.java:updateAndGet(130)) - c5c6d7e9-010e-4dff-b525-0995d1efc2dc: start c5c6d7e9-010e-4dff-b525-0995d1efc2dc@group-AC61AF4ED8BC-FollowerState
2022-03-01 14:07:13,173 [grpc-default-executor-1] INFO  server.RaftServer$Division (RaftServerImpl.java:requestVote(1046)) - c8c4da50-09a5-4319-9b45-94eabdb6bd98@group-AC61AF4ED8BC: receive requestVote(ELECTION, 748cb913-fd30-47bb-8b51-1fb8fbe69c23, group-AC61AF4ED8BC, 1, (t:0, i:0))
2022-03-01 14:07:13,173 [grpc-default-executor-1] INFO  impl.VoteContext (VoteContext.java:log(48)) - c8c4da50-09a5-4319-9b45-94eabdb6bd98@group-AC61AF4ED8BC-FOLLOWER: reject ELECTION from 748cb913-fd30-47bb-8b51-1fb8fbe69c23: already has voted for c5c6d7e9-010e-4dff-b525-0995d1efc2dc at current term 1
2022-03-01 14:07:13,173 [grpc-default-executor-1] INFO  server.RaftServer$Division (RaftServerImpl.java:requestVote(1078)) - c8c4da50-09a5-4319-9b45-94eabdb6bd98@group-AC61AF4ED8BC replies to ELECTION vote request: 748cb913-fd30-47bb-8b51-1fb8fbe69c23<-c8c4da50-09a5-4319-9b45-94eabdb6bd98#0:FAIL-t1. Peer's state: c8c4da50-09a5-4319-9b45-94eabdb6bd98@group-AC61AF4ED8BC:t1, leader=null, voted=c5c6d7e9-010e-4dff-b525-0995d1efc2dc, raftlog=c8c4da50-09a5-4319-9b45-94eabdb6bd98@group-AC61AF4ED8BC-SegmentedRaftLog:OPENED:c-1, conf=-1: [c5c6d7e9-010e-4dff-b525-0995d1efc2dc|rpc:10.1.0.24:42291|dataStream:|priority:0, c8c4da50-09a5-4319-9b45-94eabdb6bd98|rpc:10.1.0.24:35017|dataStream:|priority:0, 748cb913-fd30-47bb-8b51-1fb8fbe69c23|rpc:10.1.0.24:38409|dataStream:|priority:1], old=null
2022-03-01 14:07:13,204 [748cb913-fd30-47bb-8b51-1fb8fbe69c23@group-AC61AF4ED8BC-LeaderElection25] INFO  impl.LeaderElection (LeaderElection.java:logAndReturn(89)) - 748cb913-fd30-47bb-8b51-1fb8fbe69c23@group-AC61AF4ED8BC-LeaderElection25: ELECTION REJECTED received 2 response(s) and 0 exception(s):
2022-03-01 14:07:13,204 [748cb913-fd30-47bb-8b51-1fb8fbe69c23@group-AC61AF4ED8BC-LeaderElection25] INFO  impl.LeaderElection (LeaderElection.java:logAndReturn(93)) -   Response 0: 748cb913-fd30-47bb-8b51-1fb8fbe69c23<-c5c6d7e9-010e-4dff-b525-0995d1efc2dc#0:FAIL-t1
2022-03-01 14:07:13,204 [748cb913-fd30-47bb-8b51-1fb8fbe69c23@group-AC61AF4ED8BC-LeaderElection25] INFO  impl.LeaderElection (LeaderElection.java:logAndReturn(93)) -   Response 1: 748cb913-fd30-47bb-8b51-1fb8fbe69c23<-c8c4da50-09a5-4319-9b45-94eabdb6bd98#0:FAIL-t1
2022-03-01 14:07:13,204 [748cb913-fd30-47bb-8b51-1fb8fbe69c23@group-AC61AF4ED8BC-LeaderElection25] INFO  impl.LeaderElection (LeaderElection.java:askForVotes(308)) - 748cb913-fd30-47bb-8b51-1fb8fbe69c23@group-AC61AF4ED8BC-LeaderElection25 ELECTION round 0: result REJECTED
2022-03-01 14:07:13,204 [748cb913-fd30-47bb-8b51-1fb8fbe69c23@group-AC61AF4ED8BC-LeaderElection25] INFO  server.RaftServer$Division (RaftServerImpl.java:setRole(290)) - 748cb913-fd30-47bb-8b51-1fb8fbe69c23@group-AC61AF4ED8BC: changes role from CANDIDATE to FOLLOWER at term 1 for REJECTED
2022-03-01 14:07:13,204 [748cb913-fd30-47bb-8b51-1fb8fbe69c23@group-AC61AF4ED8BC-LeaderElection25] INFO  impl.RoleInfo (RoleInfo.java:shutdownLeaderElection(121)) - 748cb913-fd30-47bb-8b51-1fb8fbe69c23: shutdown 748cb913-fd30-47bb-8b51-1fb8fbe69c23@group-AC61AF4ED8BC-LeaderElection25
2022-03-01 14:07:13,204 [748cb913-fd30-47bb-8b51-1fb8fbe69c23@group-AC61AF4ED8BC-LeaderElection25] INFO  impl.RoleInfo (RoleInfo.java:updateAndGet(130)) - 748cb913-fd30-47bb-8b51-1fb8fbe69c23: start 748cb913-fd30-47bb-8b51-1fb8fbe69c23@group-AC61AF4ED8BC-FollowerState
2022-03-01 14:07:13,367 [c8c4da50-09a5-4319-9b45-94eabdb6bd98@group-9EE5C350FFCC-FollowerState] INFO  impl.FollowerState (FollowerState.java:run(134)) - c8c4da50-09a5-4319-9b45-94eabdb6bd98@group-9EE5C350FFCC-FollowerState: change to CANDIDATE, lastRpcElapsedTime:5120309012ns, electionTimeout:5078ms
2022-03-01 14:07:13,367 [c8c4da50-09a5-4319-9b45-94eabdb6bd98@group-9EE5C350FFCC-FollowerState] INFO  impl.RoleInfo (RoleInfo.java:shutdownFollowerState(108)) - c8c4da50-09a5-4319-9b45-94eabdb6bd98: shutdown c8c4da50-09a5-4319-9b45-94eabdb6bd98@group-9EE5C350FFCC-FollowerState
2022-03-01 14:07:13,367 [c8c4da50-09a5-4319-9b45-94eabdb6bd98@group-9EE5C350FFCC-FollowerState] INFO  server.RaftServer$Division (RaftServerImpl.java:setRole(290)) - c8c4da50-09a5-4319-9b45-94eabdb6bd98@group-9EE5C350FFCC: changes role from  FOLLOWER to CANDIDATE at term 0 for changeToCandidate
2022-03-01 14:07:13,367 [c8c4da50-09a5-4319-9b45-94eabdb6bd98@group-9EE5C350FFCC-FollowerState] INFO  server.RaftServerConfigKeys (ConfUtils.java:logGet(44)) - raft.server.leaderelection.pre-vote = false (custom)
2022-03-01 14:07:13,367 [c8c4da50-09a5-4319-9b45-94eabdb6bd98@group-9EE5C350FFCC-FollowerState] INFO  impl.RoleInfo (RoleInfo.java:updateAndGet(130)) - c8c4da50-09a5-4319-9b45-94eabdb6bd98: start c8c4da50-09a5-4319-9b45-94eabdb6bd98@group-9EE5C350FFCC-LeaderElection27
2022-03-01 14:07:13,391 [c8c4da50-09a5-4319-9b45-94eabdb6bd98@group-9EE5C350FFCC-LeaderElection27] INFO  impl.LeaderElection (LeaderElection.java:askForVotes(306)) - c8c4da50-09a5-4319-9b45-94eabdb6bd98@group-9EE5C350FFCC-LeaderElection27 ELECTION round 0: submit vote requests at term 1 for -1: [c5c6d7e9-010e-4dff-b525-0995d1efc2dc|rpc:10.1.0.24:42291|dataStream:|priority:0, c8c4da50-09a5-4319-9b45-94eabdb6bd98|rpc:10.1.0.24:35017|dataStream:|priority:1, 748cb913-fd30-47bb-8b51-1fb8fbe69c23|rpc:10.1.0.24:38409|dataStream:|priority:0], old=null
2022-03-01 14:07:13,398 [c5c6d7e9-010e-4dff-b525-0995d1efc2dc@group-9EE5C350FFCC-FollowerState] INFO  impl.FollowerState (FollowerState.java:run(134)) - c5c6d7e9-010e-4dff-b525-0995d1efc2dc@group-9EE5C350FFCC-FollowerState: change to CANDIDATE, lastRpcElapsedTime:5199047021ns, electionTimeout:5198ms
2022-03-01 14:07:13,398 [c5c6d7e9-010e-4dff-b525-0995d1efc2dc@group-9EE5C350FFCC-FollowerState] INFO  impl.RoleInfo (RoleInfo.java:shutdownFollowerState(108)) - c5c6d7e9-010e-4dff-b525-0995d1efc2dc: shutdown c5c6d7e9-010e-4dff-b525-0995d1efc2dc@group-9EE5C350FFCC-FollowerState
2022-03-01 14:07:13,398 [c5c6d7e9-010e-4dff-b525-0995d1efc2dc@group-9EE5C350FFCC-FollowerState] INFO  server.RaftServer$Division (RaftServerImpl.java:setRole(290)) - c5c6d7e9-010e-4dff-b525-0995d1efc2dc@group-9EE5C350FFCC: changes role from  FOLLOWER to CANDIDATE at term 0 for changeToCandidate
2022-03-01 14:07:13,404 [c5c6d7e9-010e-4dff-b525-0995d1efc2dc@group-9EE5C350FFCC-FollowerState] INFO  server.RaftServerConfigKeys (ConfUtils.java:logGet(44)) - raft.server.leaderelection.pre-vote = false (custom)
2022-03-01 14:07:13,404 [c5c6d7e9-010e-4dff-b525-0995d1efc2dc@group-9EE5C350FFCC-FollowerState] INFO  impl.RoleInfo (RoleInfo.java:updateAndGet(130)) - c5c6d7e9-010e-4dff-b525-0995d1efc2dc: start c5c6d7e9-010e-4dff-b525-0995d1efc2dc@group-9EE5C350FFCC-LeaderElection28
2022-03-01 14:07:13,422 [grpc-default-executor-1] INFO  server.RaftServer$Division (RaftServerImpl.java:requestVote(1046)) - c5c6d7e9-010e-4dff-b525-0995d1efc2dc@group-9EE5C350FFCC: receive requestVote(ELECTION, c8c4da50-09a5-4319-9b45-94eabdb6bd98, group-9EE5C350FFCC, 1, (t:0, i:0))
2022-03-01 14:07:13,434 [grpc-default-executor-3] INFO  server.RaftServer$Division (RaftServerImpl.java:requestVote(1046)) - 748cb913-fd30-47bb-8b51-1fb8fbe69c23@group-9EE5C350FFCC: receive requestVote(ELECTION, c8c4da50-09a5-4319-9b45-94eabdb6bd98, group-9EE5C350FFCC, 1, (t:0, i:0))
2022-03-01 14:07:13,434 [grpc-default-executor-3] INFO  impl.VoteContext (VoteContext.java:log(48)) - 748cb913-fd30-47bb-8b51-1fb8fbe69c23@group-9EE5C350FFCC-FOLLOWER: accept ELECTION from c8c4da50-09a5-4319-9b45-94eabdb6bd98: our priority 0 <= candidate's priority 1
2022-03-01 14:07:13,434 [grpc-default-executor-3] INFO  server.RaftServer$Division (RaftServerImpl.java:setRole(290)) - 748cb913-fd30-47bb-8b51-1fb8fbe69c23@group-9EE5C350FFCC: changes role from  FOLLOWER to FOLLOWER at term 1 for candidate:c8c4da50-09a5-4319-9b45-94eabdb6bd98
2022-03-01 14:07:13,434 [grpc-default-executor-3] INFO  impl.RoleInfo (RoleInfo.java:shutdownFollowerState(108)) - 748cb913-fd30-47bb-8b51-1fb8fbe69c23: shutdown 748cb913-fd30-47bb-8b51-1fb8fbe69c23@group-9EE5C350FFCC-FollowerState
2022-03-01 14:07:13,434 [grpc-default-executor-3] INFO  impl.RoleInfo (RoleInfo.java:updateAndGet(130)) - 748cb913-fd30-47bb-8b51-1fb8fbe69c23: start 748cb913-fd30-47bb-8b51-1fb8fbe69c23@group-9EE5C350FFCC-FollowerState
2022-03-01 14:07:13,434 [748cb913-fd30-47bb-8b51-1fb8fbe69c23@group-9EE5C350FFCC-FollowerState] INFO  impl.FollowerState (FollowerState.java:run(143)) - 748cb913-fd30-47bb-8b51-1fb8fbe69c23@group-9EE5C350FFCC-FollowerState was interrupted: {}
java.lang.InterruptedException: sleep interrupted
	at java.lang.Thread.sleep(Native Method)
	at java.lang.Thread.sleep(Thread.java:342)
	at java.util.concurrent.TimeUnit.sleep(TimeUnit.java:386)
	at org.apache.ratis.util.TimeDuration.sleep(TimeDuration.java:324)
	at org.apache.ratis.util.TimeDuration.sleep(TimeDuration.java:309)
	at org.apache.ratis.server.impl.FollowerState.run(FollowerState.java:118)
2022-03-01 14:07:13,441 [grpc-default-executor-1] INFO  impl.VoteContext (VoteContext.java:log(48)) - c5c6d7e9-010e-4dff-b525-0995d1efc2dc@group-9EE5C350FFCC-CANDIDATE: accept ELECTION from c8c4da50-09a5-4319-9b45-94eabdb6bd98: our priority 0 <= candidate's priority 1
2022-03-01 14:07:13,441 [grpc-default-executor-1] INFO  server.RaftServer$Division (RaftServerImpl.java:setRole(290)) - c5c6d7e9-010e-4dff-b525-0995d1efc2dc@group-9EE5C350FFCC: changes role from CANDIDATE to FOLLOWER at term 1 for candidate:c8c4da50-09a5-4319-9b45-94eabdb6bd98
2022-03-01 14:07:13,441 [grpc-default-executor-1] INFO  impl.RoleInfo (RoleInfo.java:shutdownLeaderElection(121)) - c5c6d7e9-010e-4dff-b525-0995d1efc2dc: shutdown c5c6d7e9-010e-4dff-b525-0995d1efc2dc@group-9EE5C350FFCC-LeaderElection28
2022-03-01 14:07:13,441 [grpc-default-executor-1] INFO  impl.RoleInfo (RoleInfo.java:updateAndGet(130)) - c5c6d7e9-010e-4dff-b525-0995d1efc2dc: start c5c6d7e9-010e-4dff-b525-0995d1efc2dc@group-9EE5C350FFCC-FollowerState
2022-03-01 14:07:13,446 [grpc-default-executor-1] INFO  server.RaftServer$Division (RaftServerImpl.java:requestVote(1078)) - c5c6d7e9-010e-4dff-b525-0995d1efc2dc@group-9EE5C350FFCC replies to ELECTION vote request: c8c4da50-09a5-4319-9b45-94eabdb6bd98<-c5c6d7e9-010e-4dff-b525-0995d1efc2dc#0:OK-t1. Peer's state: c5c6d7e9-010e-4dff-b525-0995d1efc2dc@group-9EE5C350FFCC:t1, leader=null, voted=c8c4da50-09a5-4319-9b45-94eabdb6bd98, raftlog=c5c6d7e9-010e-4dff-b525-0995d1efc2dc@group-9EE5C350FFCC-SegmentedRaftLog:OPENED:c-1, conf=-1: [c5c6d7e9-010e-4dff-b525-0995d1efc2dc|rpc:10.1.0.24:42291|priority:0, c8c4da50-09a5-4319-9b45-94eabdb6bd98|rpc:10.1.0.24:35017|priority:1, 748cb913-fd30-47bb-8b51-1fb8fbe69c23|rpc:10.1.0.24:38409|priority:0], old=null
2022-03-01 14:07:13,446 [grpc-default-executor-3] INFO  server.RaftServer$Division (RaftServerImpl.java:requestVote(1078)) - 748cb913-fd30-47bb-8b51-1fb8fbe69c23@group-9EE5C350FFCC replies to ELECTION vote request: c8c4da50-09a5-4319-9b45-94eabdb6bd98<-748cb913-fd30-47bb-8b51-1fb8fbe69c23#0:OK-t1. Peer's state: 748cb913-fd30-47bb-8b51-1fb8fbe69c23@group-9EE5C350FFCC:t1, leader=null, voted=c8c4da50-09a5-4319-9b45-94eabdb6bd98, raftlog=748cb913-fd30-47bb-8b51-1fb8fbe69c23@group-9EE5C350FFCC-SegmentedRaftLog:OPENED:c-1, conf=-1: [c5c6d7e9-010e-4dff-b525-0995d1efc2dc|rpc:10.1.0.24:42291|dataStream:|priority:0, c8c4da50-09a5-4319-9b45-94eabdb6bd98|rpc:10.1.0.24:35017|dataStream:|priority:1, 748cb913-fd30-47bb-8b51-1fb8fbe69c23|rpc:10.1.0.24:38409|dataStream:|priority:0], old=null
2022-03-01 14:07:13,449 [c8c4da50-09a5-4319-9b45-94eabdb6bd98@group-9EE5C350FFCC-LeaderElection27] INFO  impl.LeaderElection (LeaderElection.java:logAndReturn(89)) - c8c4da50-09a5-4319-9b45-94eabdb6bd98@group-9EE5C350FFCC-LeaderElection27: ELECTION PASSED received 1 response(s) and 0 exception(s):
2022-03-01 14:07:13,449 [c8c4da50-09a5-4319-9b45-94eabdb6bd98@group-9EE5C350FFCC-LeaderElection27] INFO  impl.LeaderElection (LeaderElection.java:logAndReturn(93)) -   Response 0: c8c4da50-09a5-4319-9b45-94eabdb6bd98<-748cb913-fd30-47bb-8b51-1fb8fbe69c23#0:OK-t1
2022-03-01 14:07:13,461 [c8c4da50-09a5-4319-9b45-94eabdb6bd98@group-9EE5C350FFCC-LeaderElection27] INFO  impl.LeaderElection (LeaderElection.java:askForVotes(308)) - c8c4da50-09a5-4319-9b45-94eabdb6bd98@group-9EE5C350FFCC-LeaderElection27 ELECTION round 0: result PASSED
2022-03-01 14:07:13,461 [c8c4da50-09a5-4319-9b45-94eabdb6bd98@group-9EE5C350FFCC-LeaderElection27] INFO  impl.RoleInfo (RoleInfo.java:shutdownLeaderElection(121)) - c8c4da50-09a5-4319-9b45-94eabdb6bd98: shutdown c8c4da50-09a5-4319-9b45-94eabdb6bd98@group-9EE5C350FFCC-LeaderElection27
2022-03-01 14:07:13,461 [c8c4da50-09a5-4319-9b45-94eabdb6bd98@group-9EE5C350FFCC-LeaderElection27] INFO  server.RaftServer$Division (RaftServerImpl.java:setRole(290)) - c8c4da50-09a5-4319-9b45-94eabdb6bd98@group-9EE5C350FFCC: changes role from CANDIDATE to LEADER at term 1 for changeToLeader
2022-03-01 14:07:13,461 [c8c4da50-09a5-4319-9b45-94eabdb6bd98@group-9EE5C350FFCC-LeaderElection27] INFO  ratis.XceiverServerRatis (XceiverServerRatis.java:handleLeaderChangedNotification(867)) - Leader change notification received for group: group-9EE5C350FFCC with new leaderId: c8c4da50-09a5-4319-9b45-94eabdb6bd98
2022-03-01 14:07:13,461 [c8c4da50-09a5-4319-9b45-94eabdb6bd98@group-9EE5C350FFCC-LeaderElection27] INFO  server.RaftServer$Division (ServerState.java:setLeader(285)) - c8c4da50-09a5-4319-9b45-94eabdb6bd98@group-9EE5C350FFCC: change Leader from null to c8c4da50-09a5-4319-9b45-94eabdb6bd98 at term 1 for becomeLeader, leader elected after 5230ms
2022-03-01 14:07:13,461 [c8c4da50-09a5-4319-9b45-94eabdb6bd98@group-9EE5C350FFCC-LeaderElection27] INFO  server.RaftServerConfigKeys (ConfUtils.java:logGet(44)) - raft.server.staging.catchup.gap = 1000 (default)
2022-03-01 14:07:13,461 [c8c4da50-09a5-4319-9b45-94eabdb6bd98@group-9EE5C350FFCC-LeaderElection27] INFO  server.RaftServerConfigKeys (ConfUtils.java:logGet(44)) - raft.server.write.element-limit = 1024 (custom)
2022-03-01 14:07:13,461 [c8c4da50-09a5-4319-9b45-94eabdb6bd98@group-9EE5C350FFCC-LeaderElection27] INFO  server.RaftServerConfigKeys (ConfUtils.java:logGet(44)) - raft.server.write.byte-limit = 1024 M (=1073741824) (custom)
2022-03-01 14:07:13,462 [c8c4da50-09a5-4319-9b45-94eabdb6bd98@group-9EE5C350FFCC-LeaderElection27] INFO  server.RaftServerConfigKeys (ConfUtils.java:logGet(44)) - raft.server.watch.timeout = 180s (custom)
2022-03-01 14:07:13,462 [c8c4da50-09a5-4319-9b45-94eabdb6bd98@group-9EE5C350FFCC-LeaderElection27] INFO  server.RaftServerConfigKeys (ConfUtils.java:logGet(44)) - raft.server.watch.timeout.denomination = 1s (default)
2022-03-01 14:07:13,462 [c8c4da50-09a5-4319-9b45-94eabdb6bd98@group-9EE5C350FFCC-LeaderElection27] INFO  server.RaftServerConfigKeys (ConfUtils.java:logGet(44)) - raft.server.watch.element-limit = 65536 (default)
2022-03-01 14:07:13,462 [c8c4da50-09a5-4319-9b45-94eabdb6bd98@group-9EE5C350FFCC-LeaderElection27] INFO  server.RaftServerConfigKeys (ConfUtils.java:logGet(44)) - raft.server.write.element-limit = 1024 (custom)
2022-03-01 14:07:13,462 [c8c4da50-09a5-4319-9b45-94eabdb6bd98@group-9EE5C350FFCC-LeaderElection27] INFO  server.RaftServerConfigKeys (ConfUtils.java:logGet(44)) - raft.server.write.follower.gap.ratio.max = -1.0 (default)
2022-03-01 14:07:13,462 [c8c4da50-09a5-4319-9b45-94eabdb6bd98@group-9EE5C350FFCC-LeaderElection27] INFO  server.RaftServerConfigKeys (ConfUtils.java:logGet(44)) - raft.server.log.appender.snapshot.chunk.size.max = 16MB (=16777216) (default)
2022-03-01 14:07:13,462 [c8c4da50-09a5-4319-9b45-94eabdb6bd98@group-9EE5C350FFCC-LeaderElection27] INFO  server.RaftServerConfigKeys (ConfUtils.java:logGet(44)) - raft.server.log.appender.buffer.byte-limit = 33554432 (custom)
2022-03-01 14:07:13,462 [c8c4da50-09a5-4319-9b45-94eabdb6bd98@group-9EE5C350FFCC-LeaderElection27] INFO  server.RaftServerConfigKeys (ConfUtils.java:logGet(44)) - raft.server.log.appender.buffer.element-limit = 1 (custom)
2022-03-01 14:07:13,462 [c8c4da50-09a5-4319-9b45-94eabdb6bd98@group-9EE5C350FFCC-LeaderElection27] INFO  grpc.GrpcConfigKeys (ConfUtils.java:logGet(44)) - raft.grpc.server.leader.outstanding.appends.max = 128 (default)
2022-03-01 14:07:13,462 [c8c4da50-09a5-4319-9b45-94eabdb6bd98@group-9EE5C350FFCC-LeaderElection27] INFO  server.RaftServerConfigKeys (ConfUtils.java:logGet(44)) - raft.server.rpc.request.timeout = 60s (custom)
2022-03-01 14:07:13,462 [c8c4da50-09a5-4319-9b45-94eabdb6bd98@group-9EE5C350FFCC-LeaderElection27] INFO  server.RaftServerConfigKeys (ConfUtils.java:logGet(44)) - raft.server.log.appender.install.snapshot.enabled = false (custom)
2022-03-01 14:07:13,463 [c8c4da50-09a5-4319-9b45-94eabdb6bd98@group-9EE5C350FFCC-LeaderElection27] INFO  server.RaftServerConfigKeys (ConfUtils.java:logGet(44)) - raft.server.log.appender.snapshot.chunk.size.max = 16MB (=16777216) (default)
2022-03-01 14:07:13,463 [c8c4da50-09a5-4319-9b45-94eabdb6bd98@group-9EE5C350FFCC-LeaderElection27] INFO  server.RaftServerConfigKeys (ConfUtils.java:logGet(44)) - raft.server.log.appender.buffer.byte-limit = 33554432 (custom)
2022-03-01 14:07:13,463 [c8c4da50-09a5-4319-9b45-94eabdb6bd98@group-9EE5C350FFCC-LeaderElection27] INFO  server.RaftServerConfigKeys (ConfUtils.java:logGet(44)) - raft.server.log.appender.buffer.element-limit = 1 (custom)
2022-03-01 14:07:13,463 [c8c4da50-09a5-4319-9b45-94eabdb6bd98@group-9EE5C350FFCC-LeaderElection27] INFO  grpc.GrpcConfigKeys (ConfUtils.java:logGet(44)) - raft.grpc.server.leader.outstanding.appends.max = 128 (default)
2022-03-01 14:07:13,464 [c8c4da50-09a5-4319-9b45-94eabdb6bd98@group-9EE5C350FFCC-LeaderElection27] INFO  server.RaftServerConfigKeys (ConfUtils.java:logGet(44)) - raft.server.rpc.request.timeout = 60s (custom)
2022-03-01 14:07:13,464 [c8c4da50-09a5-4319-9b45-94eabdb6bd98@group-9EE5C350FFCC-LeaderElection27] INFO  server.RaftServerConfigKeys (ConfUtils.java:logGet(44)) - raft.server.log.appender.install.snapshot.enabled = false (custom)
2022-03-01 14:07:13,464 [c8c4da50-09a5-4319-9b45-94eabdb6bd98@group-9EE5C350FFCC-LeaderElection27] INFO  impl.RoleInfo (RoleInfo.java:updateAndGet(130)) - c8c4da50-09a5-4319-9b45-94eabdb6bd98: start c8c4da50-09a5-4319-9b45-94eabdb6bd98@group-9EE5C350FFCC-LeaderStateImpl
2022-03-01 14:07:13,465 [c8c4da50-09a5-4319-9b45-94eabdb6bd98@group-9EE5C350FFCC-LeaderElection27] INFO  segmented.SegmentedRaftLogWorker (SegmentedRaftLogWorker.java:startLogSegment(394)) - c8c4da50-09a5-4319-9b45-94eabdb6bd98@group-9EE5C350FFCC-SegmentedRaftLogWorker: Starting segment from index:0
2022-03-01 14:07:13,467 [c8c4da50-09a5-4319-9b45-94eabdb6bd98@group-9EE5C350FFCC-SegmentedRaftLogWorker] INFO  segmented.SegmentedRaftLogWorker (SegmentedRaftLogWorker.java:execute(601)) - c8c4da50-09a5-4319-9b45-94eabdb6bd98@group-9EE5C350FFCC-SegmentedRaftLogWorker: created new log segment /home/runner/work/ozone/ozone/hadoop-ozone/integration-test/target/test-dir/MiniOzoneClusterImpl-5212a7ac-80c3-46b0-8f30-1180f829ef0d/datanode-2/data/ratis/48c26799-b086-4efd-a7b8-9ee5c350ffcc/current/log_inprogress_0
2022-03-01 14:07:13,473 [EventQueue-PipelineReportForPipelineReportHandler] INFO  pipeline.PipelineManagerImpl (PipelineManagerImpl.java:openPipeline(291)) - Pipeline Pipeline[ Id: 48c26799-b086-4efd-a7b8-9ee5c350ffcc, Nodes: c8c4da50-09a5-4319-9b45-94eabdb6bd98{ip: 10.1.0.24, host: fv-az195-209.u3nnjwd0vyge1bu22idnsdeq2e.cx.internal.cloudapp.net, ports: [REPLICATION=39123, RATIS=35017, RATIS_ADMIN=35017, RATIS_SERVER=35017, STANDALONE=38857], networkLocation: /default-rack, certSerialId: null, persistedOpState: IN_SERVICE, persistedOpStateExpiryEpochSec: 0}748cb913-fd30-47bb-8b51-1fb8fbe69c23{ip: 10.1.0.24, host: fv-az195-209.u3nnjwd0vyge1bu22idnsdeq2e.cx.internal.cloudapp.net, ports: [REPLICATION=35835, RATIS=38409, RATIS_ADMIN=38409, RATIS_SERVER=38409, STANDALONE=45389], networkLocation: /default-rack, certSerialId: null, persistedOpState: IN_SERVICE, persistedOpStateExpiryEpochSec: 0}c5c6d7e9-010e-4dff-b525-0995d1efc2dc{ip: 10.1.0.24, host: fv-az195-209.u3nnjwd0vyge1bu22idnsdeq2e.cx.internal.cloudapp.net, ports: [REPLICATION=39651, RATIS=42291, RATIS_ADMIN=42291, RATIS_SERVER=42291, STANDALONE=34225], networkLocation: /default-rack, certSerialId: null, persistedOpState: IN_SERVICE, persistedOpStateExpiryEpochSec: 0}, ReplicationConfig: RATIS/THREE, State:ALLOCATED, leaderId:c8c4da50-09a5-4319-9b45-94eabdb6bd98, CreationTimestamp2022-03-01T14:07:05.995Z[Etc/UTC]] moved to OPEN state
2022-03-01 14:07:13,475 [180c4ed6-31c5-49f3-8fac-202ca6ca3c8a@group-1180F829EF0D-StateMachineUpdater] INFO  safemode.HealthyPipelineSafeModeRule (HealthyPipelineSafeModeRule.java:initializeRule(152)) - Refreshed total pipeline count is 1, healthy pipeline threshold count is 1
2022-03-01 14:07:13,475 [EventQueue-OpenPipelineForHealthyPipelineSafeModeRule] INFO  safemode.SCMSafeModeManager (HealthyPipelineSafeModeRule.java:process(124)) - SCM in safe mode. Healthy pipelines reported count is 1, required healthy pipeline reported count is 1
2022-03-01 14:07:13,475 [EventQueue-OpenPipelineForHealthyPipelineSafeModeRule] INFO  safemode.SCMSafeModeManager (SCMSafeModeManager.java:validateSafeModeExitRules(204)) - HealthyPipelineSafeModeRule rule is successfully validated
2022-03-01 14:07:13,475 [EventQueue-OpenPipelineForHealthyPipelineSafeModeRule] INFO  safemode.SCMSafeModeManager (SCMSafeModeManager.java:validateSafeModeExitRules(219)) - ScmSafeModeManager, all rules are successfully validated
2022-03-01 14:07:13,475 [EventQueue-OpenPipelineForHealthyPipelineSafeModeRule] INFO  safemode.SCMSafeModeManager (SCMSafeModeManager.java:exitSafeMode(248)) - SCM exiting safe mode.
2022-03-01 14:07:13,475 [EventQueue-OpenPipelineForHealthyPipelineSafeModeRule] WARN  events.EventQueue (EventQueue.java:fireEvent(194)) - No event handler registered for event TypedEvent{payloadType=SafeModeStatus, name='Safe mode status'}
2022-03-01 14:07:13,475 [EventQueue-OpenPipelineForHealthyPipelineSafeModeRule] INFO  ha.SCMContext (SCMContext.java:updateSafeModeStatus(211)) - Update SafeModeStatus from SafeModeStatus{safeModeStatus=true, preCheckPassed=true} to SafeModeStatus{safeModeStatus=false, preCheckPassed=true}.
2022-03-01 14:07:13,475 [EventQueue-OpenPipelineForHealthyPipelineSafeModeRule] INFO  container.ReplicationManager (ReplicationManager.java:notifyStatusChanged(1807)) - Service ReplicationManager transitions to RUNNING.
2022-03-01 14:07:13,511 [grpc-default-executor-3] INFO  ratis.XceiverServerRatis (XceiverServerRatis.java:handleLeaderChangedNotification(867)) - Leader change notification received for group: group-9EE5C350FFCC with new leaderId: c8c4da50-09a5-4319-9b45-94eabdb6bd98
2022-03-01 14:07:13,511 [grpc-default-executor-3] INFO  server.RaftServer$Division (ServerState.java:setLeader(285)) - 748cb913-fd30-47bb-8b51-1fb8fbe69c23@group-9EE5C350FFCC: change Leader from null to c8c4da50-09a5-4319-9b45-94eabdb6bd98 at term 1 for appendEntries, leader elected after 5195ms
2022-03-01 14:07:13,517 [c8c4da50-09a5-4319-9b45-94eabdb6bd98@group-9EE5C350FFCC-LeaderElection27] INFO  server.RaftServer$Division (ServerState.java:setRaftConf(387)) - c8c4da50-09a5-4319-9b45-94eabdb6bd98@group-9EE5C350FFCC: set configuration 0: [c5c6d7e9-010e-4dff-b525-0995d1efc2dc|rpc:10.1.0.24:42291|dataStream:|priority:0, c8c4da50-09a5-4319-9b45-94eabdb6bd98|rpc:10.1.0.24:35017|dataStream:|priority:1, 748cb913-fd30-47bb-8b51-1fb8fbe69c23|rpc:10.1.0.24:38409|dataStream:|priority:0], old=null
2022-03-01 14:07:13,539 [grpc-default-executor-0] INFO  ratis.XceiverServerRatis (XceiverServerRatis.java:handleLeaderChangedNotification(867)) - Leader change notification received for group: group-9EE5C350FFCC with new leaderId: c8c4da50-09a5-4319-9b45-94eabdb6bd98
2022-03-01 14:07:13,540 [grpc-default-executor-0] INFO  server.RaftServer$Division (ServerState.java:setLeader(285)) - c5c6d7e9-010e-4dff-b525-0995d1efc2dc@group-9EE5C350FFCC: change Leader from null to c8c4da50-09a5-4319-9b45-94eabdb6bd98 at term 1 for appendEntries, leader elected after 5345ms
2022-03-01 14:07:13,545 [grpc-default-executor-1] INFO  server.RaftServer$Division (ServerState.java:setRaftConf(387)) - 748cb913-fd30-47bb-8b51-1fb8fbe69c23@group-9EE5C350FFCC: set configuration 0: [c5c6d7e9-010e-4dff-b525-0995d1efc2dc|rpc:10.1.0.24:42291|dataStream:|priority:0, c8c4da50-09a5-4319-9b45-94eabdb6bd98|rpc:10.1.0.24:35017|dataStream:|priority:1, 748cb913-fd30-47bb-8b51-1fb8fbe69c23|rpc:10.1.0.24:38409|dataStream:|priority:0], old=null
2022-03-01 14:07:13,546 [grpc-default-executor-1] INFO  segmented.SegmentedRaftLogWorker (SegmentedRaftLogWorker.java:startLogSegment(394)) - 748cb913-fd30-47bb-8b51-1fb8fbe69c23@group-9EE5C350FFCC-SegmentedRaftLogWorker: Starting segment from index:0
2022-03-01 14:07:13,548 [748cb913-fd30-47bb-8b51-1fb8fbe69c23@group-9EE5C350FFCC-SegmentedRaftLogWorker] INFO  segmented.SegmentedRaftLogWorker (SegmentedRaftLogWorker.java:execute(601)) - 748cb913-fd30-47bb-8b51-1fb8fbe69c23@group-9EE5C350FFCC-SegmentedRaftLogWorker: created new log segment /home/runner/work/ozone/ozone/hadoop-ozone/integration-test/target/test-dir/MiniOzoneClusterImpl-5212a7ac-80c3-46b0-8f30-1180f829ef0d/datanode-1/data/ratis/48c26799-b086-4efd-a7b8-9ee5c350ffcc/current/log_inprogress_0
2022-03-01 14:07:13,562 [grpc-default-executor-1] INFO  server.RaftServer$Division (ServerState.java:setRaftConf(387)) - c5c6d7e9-010e-4dff-b525-0995d1efc2dc@group-9EE5C350FFCC: set configuration 0: [c5c6d7e9-010e-4dff-b525-0995d1efc2dc|rpc:10.1.0.24:42291|dataStream:|priority:0, c8c4da50-09a5-4319-9b45-94eabdb6bd98|rpc:10.1.0.24:35017|dataStream:|priority:1, 748cb913-fd30-47bb-8b51-1fb8fbe69c23|rpc:10.1.0.24:38409|dataStream:|priority:0], old=null
2022-03-01 14:07:13,562 [grpc-default-executor-1] INFO  segmented.SegmentedRaftLogWorker (SegmentedRaftLogWorker.java:startLogSegment(394)) - c5c6d7e9-010e-4dff-b525-0995d1efc2dc@group-9EE5C350FFCC-SegmentedRaftLogWorker: Starting segment from index:0
2022-03-01 14:07:13,564 [c5c6d7e9-010e-4dff-b525-0995d1efc2dc@group-9EE5C350FFCC-SegmentedRaftLogWorker] INFO  segmented.SegmentedRaftLogWorker (SegmentedRaftLogWorker.java:execute(601)) - c5c6d7e9-010e-4dff-b525-0995d1efc2dc@group-9EE5C350FFCC-SegmentedRaftLogWorker: created new log segment /home/runner/work/ozone/ozone/hadoop-ozone/integration-test/target/test-dir/MiniOzoneClusterImpl-5212a7ac-80c3-46b0-8f30-1180f829ef0d/datanode-0/data/ratis/48c26799-b086-4efd-a7b8-9ee5c350ffcc/current/log_inprogress_0
2022-03-01 14:07:13,576 [748cb913-fd30-47bb-8b51-1fb8fbe69c23@group-B6BD664D4D49-FollowerState] INFO  impl.FollowerState (FollowerState.java:run(134)) - 748cb913-fd30-47bb-8b51-1fb8fbe69c23@group-B6BD664D4D49-FollowerState: change to CANDIDATE, lastRpcElapsedTime:5086564605ns, electionTimeout:5084ms
2022-03-01 14:07:13,576 [748cb913-fd30-47bb-8b51-1fb8fbe69c23@group-B6BD664D4D49-FollowerState] INFO  impl.RoleInfo (RoleInfo.java:shutdownFollowerState(108)) - 748cb913-fd30-47bb-8b51-1fb8fbe69c23: shutdown 748cb913-fd30-47bb-8b51-1fb8fbe69c23@group-B6BD664D4D49-FollowerState
2022-03-01 14:07:13,576 [748cb913-fd30-47bb-8b51-1fb8fbe69c23@group-B6BD664D4D49-FollowerState] INFO  server.RaftServer$Division (RaftServerImpl.java:setRole(290)) - 748cb913-fd30-47bb-8b51-1fb8fbe69c23@group-B6BD664D4D49: changes role from  FOLLOWER to CANDIDATE at term 0 for changeToCandidate
2022-03-01 14:07:13,583 [748cb913-fd30-47bb-8b51-1fb8fbe69c23@group-B6BD664D4D49-FollowerState] INFO  server.RaftServerConfigKeys (ConfUtils.java:logGet(44)) - raft.server.leaderelection.pre-vote = false (custom)
2022-03-01 14:07:13,583 [748cb913-fd30-47bb-8b51-1fb8fbe69c23@group-B6BD664D4D49-FollowerState] INFO  impl.RoleInfo (RoleInfo.java:updateAndGet(130)) - 748cb913-fd30-47bb-8b51-1fb8fbe69c23: start 748cb913-fd30-47bb-8b51-1fb8fbe69c23@group-B6BD664D4D49-LeaderElection29
2022-03-01 14:07:13,607 [748cb913-fd30-47bb-8b51-1fb8fbe69c23@group-B6BD664D4D49-LeaderElection29] INFO  impl.LeaderElection (LeaderElection.java:askForVotes(306)) - 748cb913-fd30-47bb-8b51-1fb8fbe69c23@group-B6BD664D4D49-LeaderElection29 ELECTION round 0: submit vote requests at term 1 for -1: [748cb913-fd30-47bb-8b51-1fb8fbe69c23|rpc:10.1.0.24:38409|priority:1], old=null
2022-03-01 14:07:13,607 [748cb913-fd30-47bb-8b51-1fb8fbe69c23@group-B6BD664D4D49-LeaderElection29] INFO  impl.LeaderElection (LeaderElection.java:askForVotes(308)) - 748cb913-fd30-47bb-8b51-1fb8fbe69c23@group-B6BD664D4D49-LeaderElection29 ELECTION round 0: result PASSED (term=1)
2022-03-01 14:07:13,607 [748cb913-fd30-47bb-8b51-1fb8fbe69c23@group-B6BD664D4D49-LeaderElection29] INFO  impl.RoleInfo (RoleInfo.java:shutdownLeaderElection(121)) - 748cb913-fd30-47bb-8b51-1fb8fbe69c23: shutdown 748cb913-fd30-47bb-8b51-1fb8fbe69c23@group-B6BD664D4D49-LeaderElection29
2022-03-01 14:07:13,607 [748cb913-fd30-47bb-8b51-1fb8fbe69c23@group-B6BD664D4D49-LeaderElection29] INFO  server.RaftServer$Division (RaftServerImpl.java:setRole(290)) - 748cb913-fd30-47bb-8b51-1fb8fbe69c23@group-B6BD664D4D49: changes role from CANDIDATE to LEADER at term 1 for changeToLeader
2022-03-01 14:07:13,607 [748cb913-fd30-47bb-8b51-1fb8fbe69c23@group-B6BD664D4D49-LeaderElection29] INFO  ratis.XceiverServerRatis (XceiverServerRatis.java:handleLeaderChangedNotification(867)) - Leader change notification received for group: group-B6BD664D4D49 with new leaderId: 748cb913-fd30-47bb-8b51-1fb8fbe69c23
2022-03-01 14:07:13,609 [748cb913-fd30-47bb-8b51-1fb8fbe69c23@group-B6BD664D4D49-LeaderElection29] INFO  server.RaftServer$Division (ServerState.java:setLeader(285)) - 748cb913-fd30-47bb-8b51-1fb8fbe69c23@group-B6BD664D4D49: change Leader from null to 748cb913-fd30-47bb-8b51-1fb8fbe69c23 at term 1 for becomeLeader, leader elected after 5133ms
2022-03-01 14:07:13,609 [748cb913-fd30-47bb-8b51-1fb8fbe69c23@group-B6BD664D4D49-LeaderElection29] INFO  server.RaftServerConfigKeys (ConfUtils.java:logGet(44)) - raft.server.staging.catchup.gap = 1000 (default)
2022-03-01 14:07:13,609 [748cb913-fd30-47bb-8b51-1fb8fbe69c23@group-B6BD664D4D49-LeaderElection29] INFO  server.RaftServerConfigKeys (ConfUtils.java:logGet(44)) - raft.server.write.element-limit = 1024 (custom)
2022-03-01 14:07:13,609 [748cb913-fd30-47bb-8b51-1fb8fbe69c23@group-B6BD664D4D49-LeaderElection29] INFO  server.RaftServerConfigKeys (ConfUtils.java:logGet(44)) - raft.server.write.byte-limit = 1024 M (=1073741824) (custom)
2022-03-01 14:07:13,610 [748cb913-fd30-47bb-8b51-1fb8fbe69c23@group-B6BD664D4D49-LeaderElection29] INFO  server.RaftServerConfigKeys (ConfUtils.java:logGet(44)) - raft.server.watch.timeout = 180s (custom)
2022-03-01 14:07:13,610 [748cb913-fd30-47bb-8b51-1fb8fbe69c23@group-B6BD664D4D49-LeaderElection29] INFO  server.RaftServerConfigKeys (ConfUtils.java:logGet(44)) - raft.server.watch.timeout.denomination = 1s (default)
2022-03-01 14:07:13,610 [748cb913-fd30-47bb-8b51-1fb8fbe69c23@group-B6BD664D4D49-LeaderElection29] INFO  server.RaftServerConfigKeys (ConfUtils.java:logGet(44)) - raft.server.watch.element-limit = 65536 (default)
2022-03-01 14:07:13,610 [748cb913-fd30-47bb-8b51-1fb8fbe69c23@group-B6BD664D4D49-LeaderElection29] INFO  server.RaftServerConfigKeys (ConfUtils.java:logGet(44)) - raft.server.write.element-limit = 1024 (custom)
2022-03-01 14:07:13,610 [748cb913-fd30-47bb-8b51-1fb8fbe69c23@group-B6BD664D4D49-LeaderElection29] INFO  server.RaftServerConfigKeys (ConfUtils.java:logGet(44)) - raft.server.write.follower.gap.ratio.max = -1.0 (default)
2022-03-01 14:07:13,610 [748cb913-fd30-47bb-8b51-1fb8fbe69c23@group-B6BD664D4D49-LeaderElection29] INFO  impl.RoleInfo (RoleInfo.java:updateAndGet(130)) - 748cb913-fd30-47bb-8b51-1fb8fbe69c23: start 748cb913-fd30-47bb-8b51-1fb8fbe69c23@group-B6BD664D4D49-LeaderStateImpl
2022-03-01 14:07:13,610 [748cb913-fd30-47bb-8b51-1fb8fbe69c23@group-B6BD664D4D49-LeaderElection29] INFO  segmented.SegmentedRaftLogWorker (SegmentedRaftLogWorker.java:startLogSegment(394)) - 748cb913-fd30-47bb-8b51-1fb8fbe69c23@group-B6BD664D4D49-SegmentedRaftLogWorker: Starting segment from index:0
2022-03-01 14:07:13,612 [748cb913-fd30-47bb-8b51-1fb8fbe69c23@group-B6BD664D4D49-SegmentedRaftLogWorker] INFO  segmented.SegmentedRaftLogWorker (SegmentedRaftLogWorker.java:execute(601)) - 748cb913-fd30-47bb-8b51-1fb8fbe69c23@group-B6BD664D4D49-SegmentedRaftLogWorker: created new log segment /home/runner/work/ozone/ozone/hadoop-ozone/integration-test/target/test-dir/MiniOzoneClusterImpl-5212a7ac-80c3-46b0-8f30-1180f829ef0d/datanode-1/data/ratis/a1af6f8c-4144-4bc1-a38b-b6bd664d4d49/current/log_inprogress_0
2022-03-01 14:07:13,619 [748cb913-fd30-47bb-8b51-1fb8fbe69c23@group-B6BD664D4D49-LeaderElection29] INFO  server.RaftServer$Division (ServerState.java:setRaftConf(387)) - 748cb913-fd30-47bb-8b51-1fb8fbe69c23@group-B6BD664D4D49: set configuration 0: [748cb913-fd30-47bb-8b51-1fb8fbe69c23|rpc:10.1.0.24:38409|dataStream:|priority:1], old=null
2022-03-01 14:07:13,972 [Listener at 127.0.0.1/33581] INFO  ozone.MiniOzoneClusterImpl (MiniOzoneClusterImpl.java:lambda$waitForClusterToBeReady$0(219)) - Nodes are ready. Got 3 of 3 DN Heartbeats.
2022-03-01 14:07:13,973 [Listener at 127.0.0.1/33581] INFO  ozone.MiniOzoneClusterImpl (MiniOzoneClusterImpl.java:lambda$waitForClusterToBeReady$0(222)) - Cluster exits safe mode
2022-03-01 14:07:13,973 [Listener at 127.0.0.1/33581] INFO  ozone.MiniOzoneClusterImpl (MiniOzoneClusterImpl.java:lambda$waitForClusterToBeReady$0(224)) - SCM became leader
2022-03-01 14:07:14,020 [Listener at 127.0.0.1/33581] INFO  rpc.RpcClient (RpcClient.java:createVolume(399)) - Creating Volume: volume95092, with user88931 as owner and space quota set to -1 bytes, counts quota set to -1
2022-03-01 14:07:14,037 [OM StateMachine ApplyTransaction Thread - 0] INFO  volume.OMVolumeCreateRequest (OMVolumeCreateRequest.java:validateAndUpdateCache(195)) - created volume:volume95092 for user:user88931
2022-03-01 14:07:14,056 [Listener at 127.0.0.1/33581] INFO  rpc.RpcClient (RpcClient.java:createBucket(562)) - Creating Bucket: volume95092/bucket76043, with runner as owner and Versioning false and Storage Type set to DISK and Encryption set to false 
]]></system-out>
  </testcase>
  <testcase name="testRenameFile[1]" classname="org.apache.hadoop.fs.ozone.TestRootedOzoneFileSystem" time="0.137"/>
  <testcase name="testListStatusRootAndVolumeRecursive[1]" classname="org.apache.hadoop.fs.ozone.TestRootedOzoneFileSystem" time="1.013"/>
  <testcase name="testTempMount[1]" classname="org.apache.hadoop.fs.ozone.TestRootedOzoneFileSystem" time="0.167"/>
  <testcase name="testListStatusRootAndVolumeNonRecursive[1]" classname="org.apache.hadoop.fs.ozone.TestRootedOzoneFileSystem" time="0.498"/>
  <testcase name="testDeleteVolumeAndBucket[1]" classname="org.apache.hadoop.fs.ozone.TestRootedOzoneFileSystem" time="0.053"/>
  <testcase name="testRenameDirToItsOwnSubDir[1]" classname="org.apache.hadoop.fs.ozone.TestRootedOzoneFileSystem" time="0.025"/>
  <testcase name="testOzoneFsServiceLoader[1]" classname="org.apache.hadoop.fs.ozone.TestRootedOzoneFileSystem" time="0.025"/>
  <testcase name="testTrash[1]" classname="org.apache.hadoop.fs.ozone.TestRootedOzoneFileSystem" time="0">
    <skipped/>
  </testcase>
  <testcase name="testRenameDestinationParentDoesntExist[1]" classname="org.apache.hadoop.fs.ozone.TestRootedOzoneFileSystem" time="0.039"/>
  <testcase name="testGetFileStatusRoot[1]" classname="org.apache.hadoop.fs.ozone.TestRootedOzoneFileSystem" time="0.013"/>
  <testcase name="testCreateWithInvalidPaths[1]" classname="org.apache.hadoop.fs.ozone.TestRootedOzoneFileSystem" time="0.002"/>
  <testcase name="testDeleteEmptyVolume[1]" classname="org.apache.hadoop.fs.ozone.TestRootedOzoneFileSystem" time="0.04"/>
  <testcase name="testListStatusRootAndVolumeContinuation[1]" classname="org.apache.hadoop.fs.ozone.TestRootedOzoneFileSystem" time="0">
    <skipped message="FS Path is enabled. Skipping this test as it is not tuned for FS Path yet" type="org.junit.AssumptionViolatedException">org.junit.AssumptionViolatedException: FS Path is enabled. Skipping this test as it is not tuned for FS Path yet
	at org.junit.Assume.assumeTrue(Assume.java:68)
	at org.apache.hadoop.fs.ozone.TestRootedOzoneFileSystem.testListStatusRootAndVolumeContinuation(TestRootedOzoneFileSystem.java:887)
	at sun.reflect.NativeMethodAccessorImpl.invoke0(Native Method)
	at sun.reflect.NativeMethodAccessorImpl.invoke(NativeMethodAccessorImpl.java:62)
	at sun.reflect.DelegatingMethodAccessorImpl.invoke(DelegatingMethodAccessorImpl.java:43)
	at java.lang.reflect.Method.invoke(Method.java:498)
	at org.junit.runners.model.FrameworkMethod$1.runReflectiveCall(FrameworkMethod.java:59)
	at org.junit.internal.runners.model.ReflectiveCallable.run(ReflectiveCallable.java:12)
	at org.junit.runners.model.FrameworkMethod.invokeExplosively(FrameworkMethod.java:56)
	at org.junit.internal.runners.statements.InvokeMethod.evaluate(InvokeMethod.java:17)
	at org.junit.internal.runners.statements.FailOnTimeout$CallableStatement.call(FailOnTimeout.java:288)
	at org.junit.internal.runners.statements.FailOnTimeout$CallableStatement.call(FailOnTimeout.java:282)
	at java.util.concurrent.FutureTask.run(FutureTask.java:266)
	at java.lang.Thread.run(Thread.java:750)
</skipped>
  </testcase>
  <testcase name="testDeleteVolumeBucketAndKey[1]" classname="org.apache.hadoop.fs.ozone.TestRootedOzoneFileSystem" time="0.089"/>
  <testcase name="testRenameToParentDir[1]" classname="org.apache.hadoop.fs.ozone.TestRootedOzoneFileSystem" time="0.082"/>
  <testcase name="testMkdirNonExistentVolumeBucket[1]" classname="org.apache.hadoop.fs.ozone.TestRootedOzoneFileSystem" time="0.032"/>
  <testcase name="testFailToDeleteRoot[1]" classname="org.apache.hadoop.fs.ozone.TestRootedOzoneFileSystem" time="0.008"/>
  <testcase name="testListStatusOnSubDirs[1]" classname="org.apache.hadoop.fs.ozone.TestRootedOzoneFileSystem" time="0.056"/>
  <testcase name="testListStatus[1]" classname="org.apache.hadoop.fs.ozone.TestRootedOzoneFileSystem" time="0.063"/>
  <testcase name="testGetTrashRoots[1]" classname="org.apache.hadoop.fs.ozone.TestRootedOzoneFileSystem" time="0.666"/>
  <testcase name="testCreateDoesNotAddParentDirKeys[1]" classname="org.apache.hadoop.fs.ozone.TestRootedOzoneFileSystem" time="0.1"/>
  <testcase name="testMkdirNonExistentVolume[1]" classname="org.apache.hadoop.fs.ozone.TestRootedOzoneFileSystem" time="0.019"/>
  <testcase name="testDeleteCreatesFakeParentDir[1]" classname="org.apache.hadoop.fs.ozone.TestRootedOzoneFileSystem" time="0">
    <skipped message="FS Path is enabled. Skipping this test as it is not tuned for FS Path yet" type="org.junit.AssumptionViolatedException">org.junit.AssumptionViolatedException: FS Path is enabled. Skipping this test as it is not tuned for FS Path yet
	at org.junit.Assume.assumeTrue(Assume.java:68)
	at org.apache.hadoop.fs.ozone.TestRootedOzoneFileSystem.testDeleteCreatesFakeParentDir(TestRootedOzoneFileSystem.java:302)
	at sun.reflect.NativeMethodAccessorImpl.invoke0(Native Method)
	at sun.reflect.NativeMethodAccessorImpl.invoke(NativeMethodAccessorImpl.java:62)
	at sun.reflect.DelegatingMethodAccessorImpl.invoke(DelegatingMethodAccessorImpl.java:43)
	at java.lang.reflect.Method.invoke(Method.java:498)
	at org.junit.runners.model.FrameworkMethod$1.runReflectiveCall(FrameworkMethod.java:59)
	at org.junit.internal.runners.model.ReflectiveCallable.run(ReflectiveCallable.java:12)
	at org.junit.runners.model.FrameworkMethod.invokeExplosively(FrameworkMethod.java:56)
	at org.junit.internal.runners.statements.InvokeMethod.evaluate(InvokeMethod.java:17)
	at org.junit.internal.runners.statements.FailOnTimeout$CallableStatement.call(FailOnTimeout.java:288)
	at org.junit.internal.runners.statements.FailOnTimeout$CallableStatement.call(FailOnTimeout.java:282)
	at java.util.concurrent.FutureTask.run(FutureTask.java:266)
	at java.lang.Thread.run(Thread.java:750)
</skipped>
  </testcase>
  <testcase name="testNonExplicitlyCreatedPathExistsAfterItsLeafsWereRemoved[1]" classname="org.apache.hadoop.fs.ozone.TestRootedOzoneFileSystem" time="0.063"/>
  <testcase name="testFileDelete[1]" classname="org.apache.hadoop.fs.ozone.TestRootedOzoneFileSystem" time="0.211"/>
  <testcase name="testRenameToTrashEnabled[1]" classname="org.apache.hadoop.fs.ozone.TestRootedOzoneFileSystem" time="0.188"/>
  <testcase name="testMkdirOnNonExistentVolumeBucketDir[1]" classname="org.apache.hadoop.fs.ozone.TestRootedOzoneFileSystem" time="0">
    <skipped message="FS Path is enabled. Skipping this test as it is not tuned for FS Path yet" type="org.junit.AssumptionViolatedException">org.junit.AssumptionViolatedException: FS Path is enabled. Skipping this test as it is not tuned for FS Path yet
	at org.junit.Assume.assumeTrue(Assume.java:68)
	at org.apache.hadoop.fs.ozone.TestRootedOzoneFileSystem.testMkdirOnNonExistentVolumeBucketDir(TestRootedOzoneFileSystem.java:405)
	at sun.reflect.NativeMethodAccessorImpl.invoke0(Native Method)
	at sun.reflect.NativeMethodAccessorImpl.invoke(NativeMethodAccessorImpl.java:62)
	at sun.reflect.DelegatingMethodAccessorImpl.invoke(DelegatingMethodAccessorImpl.java:43)
	at java.lang.reflect.Method.invoke(Method.java:498)
	at org.junit.runners.model.FrameworkMethod$1.runReflectiveCall(FrameworkMethod.java:59)
	at org.junit.internal.runners.model.ReflectiveCallable.run(ReflectiveCallable.java:12)
	at org.junit.runners.model.FrameworkMethod.invokeExplosively(FrameworkMethod.java:56)
	at org.junit.internal.runners.statements.InvokeMethod.evaluate(InvokeMethod.java:17)
	at org.junit.internal.runners.statements.FailOnTimeout$CallableStatement.call(FailOnTimeout.java:288)
	at org.junit.internal.runners.statements.FailOnTimeout$CallableStatement.call(FailOnTimeout.java:282)
	at java.util.concurrent.FutureTask.run(FutureTask.java:266)
	at java.lang.Thread.run(Thread.java:750)
</skipped>
  </testcase>
  <testcase name="testListStatusOnLargeDirectory[1]" classname="org.apache.hadoop.fs.ozone.TestRootedOzoneFileSystem" time="14.706"/>
  <testcase name="testRenameToDifferentBucket[1]" classname="org.apache.hadoop.fs.ozone.TestRootedOzoneFileSystem" time="0.034"/>
  <testcase name="testListStatusInBucket[1]" classname="org.apache.hadoop.fs.ozone.TestRootedOzoneFileSystem" time="0.029"/>
  <testcase name="testRenameFileToDir[1]" classname="org.apache.hadoop.fs.ozone.TestRootedOzoneFileSystem" time="0.076"/>
  <testcase name="testNonPrivilegedUserMkdirCreateBucket[2]" classname="org.apache.hadoop.fs.ozone.TestRootedOzoneFileSystem" time="0">
    <skipped message="ACL is not enabled. Skipping this test as it requires ACL to be enabled to be meaningful." type="org.junit.AssumptionViolatedException">org.junit.AssumptionViolatedException: ACL is not enabled. Skipping this test as it requires ACL to be enabled to be meaningful.
	at org.junit.Assume.assumeTrue(Assume.java:68)
	at org.apache.hadoop.fs.ozone.TestRootedOzoneFileSystem.testNonPrivilegedUserMkdirCreateBucket(TestRootedOzoneFileSystem.java:1582)
	at sun.reflect.NativeMethodAccessorImpl.invoke0(Native Method)
	at sun.reflect.NativeMethodAccessorImpl.invoke(NativeMethodAccessorImpl.java:62)
	at sun.reflect.DelegatingMethodAccessorImpl.invoke(DelegatingMethodAccessorImpl.java:43)
	at java.lang.reflect.Method.invoke(Method.java:498)
	at org.junit.runners.model.FrameworkMethod$1.runReflectiveCall(FrameworkMethod.java:59)
	at org.junit.internal.runners.model.ReflectiveCallable.run(ReflectiveCallable.java:12)
	at org.junit.runners.model.FrameworkMethod.invokeExplosively(FrameworkMethod.java:56)
	at org.junit.internal.runners.statements.InvokeMethod.evaluate(InvokeMethod.java:17)
	at org.junit.internal.runners.statements.FailOnTimeout$CallableStatement.call(FailOnTimeout.java:288)
	at org.junit.internal.runners.statements.FailOnTimeout$CallableStatement.call(FailOnTimeout.java:282)
	at java.util.concurrent.FutureTask.run(FutureTask.java:266)
	at java.lang.Thread.run(Thread.java:750)
</skipped>
    <system-out><![CDATA[2022-03-01 14:07:32,578 [Listener at 127.0.0.1/33581] INFO  ozone.MiniOzoneClusterImpl (MiniOzoneClusterImpl.java:shutdown(449)) - Shutting down the Mini Ozone Cluster
2022-03-01 14:07:32,579 [Listener at 127.0.0.1/33581] INFO  ozone.MiniOzoneClusterImpl (MiniOzoneClusterImpl.java:stop(464)) - Stopping the Mini Ozone Cluster
2022-03-01 14:07:32,579 [Listener at 127.0.0.1/33581] INFO  ozone.MiniOzoneClusterImpl (MiniOzoneClusterImpl.java:stopOM(546)) - Stopping the OzoneManager
2022-03-01 14:07:32,579 [Listener at 127.0.0.1/33581] INFO  om.OzoneManager (OzoneManager.java:stop(1893)) - om1[localhost:0]: Stopping Ozone Manager
2022-03-01 14:07:32,579 [Listener at 127.0.0.1/33581] INFO  ipc.Server (Server.java:stop(3414)) - Stopping server on 33581
2022-03-01 14:07:32,591 [IPC Server listener on 0] INFO  ipc.Server (Server.java:run(1376)) - Stopping IPC Server listener on 0
2022-03-01 14:07:32,591 [IPC Server Responder] INFO  ipc.Server (Server.java:run(1512)) - Stopping IPC Server Responder
2022-03-01 14:07:32,591 [Listener at 127.0.0.1/33581] INFO  server.RaftServer (RaftServerProxy.java:lambda$close$6(391)) - om1: close
2022-03-01 14:07:32,591 [Listener at 127.0.0.1/33581] INFO  server.RaftServer$Division (RaftServerImpl.java:lambda$close$4(412)) - om1@group-C5BA1605619E: shutdown
2022-03-01 14:07:32,592 [Listener at 127.0.0.1/33581] INFO  util.JmxRegister (JmxRegister.java:unregister(73)) - Successfully un-registered JMX Bean with object name Ratis:service=RaftServer,group=group-C5BA1605619E,id=om1
2022-03-01 14:07:32,592 [Listener at 127.0.0.1/33581] INFO  impl.RoleInfo (RoleInfo.java:shutdownLeaderState(91)) - om1: shutdown om1@group-C5BA1605619E-LeaderStateImpl
2022-03-01 14:07:32,592 [Listener at 127.0.0.1/33581] INFO  impl.PendingRequests (PendingRequests.java:sendNotLeaderResponses(282)) - om1@group-C5BA1605619E-PendingRequests: sendNotLeaderResponses
2022-03-01 14:07:32,610 [Listener at 127.0.0.1/33581] INFO  impl.StateMachineUpdater (StateMachineUpdater.java:stopAndJoin(149)) - om1@group-C5BA1605619E-StateMachineUpdater: set stopIndex = 6554
2022-03-01 14:07:32,612 [om1@group-C5BA1605619E-StateMachineUpdater] INFO  ratis.OzoneManagerStateMachine (OzoneManagerStateMachine.java:takeSnapshot(417)) - Current Snapshot Index (t:1, i:6554)
2022-03-01 14:07:32,613 [om1@group-C5BA1605619E-StateMachineUpdater] INFO  impl.StateMachineUpdater (StateMachineUpdater.java:takeSnapshot(281)) - om1@group-C5BA1605619E-StateMachineUpdater: Took a snapshot at index 6554
2022-03-01 14:07:32,613 [om1@group-C5BA1605619E-StateMachineUpdater] INFO  impl.StateMachineUpdater (StateMachineUpdater.java:lambda$new$0(89)) - om1@group-C5BA1605619E-StateMachineUpdater: snapshotIndex: updateIncreasingly -1 -> 6554
2022-03-01 14:07:32,613 [om1@group-C5BA1605619E-StateMachineUpdater] INFO  ratis.OzoneManagerStateMachine (OzoneManagerStateMachine.java:close(471)) - StateMachine has shutdown. Shutdown OzoneManager if not already shutdown.
2022-03-01 14:07:32,613 [Listener at 127.0.0.1/33581] INFO  server.RaftServer$Division (ServerState.java:close(419)) - om1@group-C5BA1605619E: closes. applyIndex: 6554
2022-03-01 14:07:32,614 [om1@group-C5BA1605619E-SegmentedRaftLogWorker] INFO  segmented.SegmentedRaftLogWorker (SegmentedRaftLogWorker.java:run(327)) - om1@group-C5BA1605619E-SegmentedRaftLogWorker was interrupted, exiting. There are 0 tasks remaining in the queue.
2022-03-01 14:07:32,619 [Listener at 127.0.0.1/33581] INFO  segmented.SegmentedRaftLogWorker (SegmentedRaftLogWorker.java:close(237)) - om1@group-C5BA1605619E-SegmentedRaftLogWorker close()
2022-03-01 14:07:32,620 [Listener at 127.0.0.1/33581] INFO  server.GrpcService (GrpcService.java:closeImpl(262)) - om1: shutdown server with port 9872 now
2022-03-01 14:07:32,620 [Listener at 127.0.0.1/33581] INFO  server.GrpcService (GrpcService.java:closeImpl(271)) - om1: shutdown server with port 9872 successfully
2022-03-01 14:07:32,621 [org.apache.ratis.util.JvmPauseMonitor$$Lambda$421/1299661385@27c73893] INFO  util.JvmPauseMonitor (JvmPauseMonitor.java:run(109)) - JvmPauseMonitor-om1: Stopped
2022-03-01 14:07:32,621 [Listener at 127.0.0.1/33581] INFO  ratis.OzoneManagerDoubleBuffer (OzoneManagerDoubleBuffer.java:stop(437)) - Stopping OMDoubleBuffer flush thread
2022-03-01 14:07:32,621 [OMDoubleBufferFlushThread] INFO  ratis.OzoneManagerDoubleBuffer (OzoneManagerDoubleBuffer.java:flushTransactions(356)) - OMDoubleBuffer flush thread OMDoubleBufferFlushThread is interrupted and will exit. OMDoubleBufferFlushThread
2022-03-01 14:07:32,622 [Listener at 127.0.0.1/33581] INFO  utils.BackgroundService (BackgroundService.java:shutdown(132)) - Shutting down service KeyDeletingService
2022-03-01 14:07:32,622 [Listener at 127.0.0.1/33581] INFO  utils.BackgroundService (BackgroundService.java:shutdown(132)) - Shutting down service DirectoryDeletingService
2022-03-01 14:07:32,623 [Listener at 127.0.0.1/33581] INFO  handler.ContextHandler (ContextHandler.java:doStop(1153)) - Stopped o.e.j.w.WebAppContext@2ae85262{ozoneManager,/,null,STOPPED}{file:/home/runner/work/ozone/ozone/hadoop-ozone/integration-test/target/test-classes/webapps/ozoneManager}
2022-03-01 14:07:32,624 [Listener at 127.0.0.1/33581] INFO  server.AbstractConnector (AbstractConnector.java:doStop(381)) - Stopped ServerConnector@6d237951{HTTP/1.1, (http/1.1)}{0.0.0.0:0}
2022-03-01 14:07:32,624 [Listener at 127.0.0.1/33581] INFO  server.session (HouseKeeper.java:stopScavenging(149)) - node0 Stopped scavenging
2022-03-01 14:07:32,624 [Listener at 127.0.0.1/33581] INFO  handler.ContextHandler (ContextHandler.java:doStop(1153)) - Stopped o.e.j.s.ServletContextHandler@3bde2ba{static,/static,file:///home/runner/work/ozone/ozone/hadoop-ozone/integration-test/target/test-classes/webapps/static,STOPPED}
2022-03-01 14:07:32,625 [Listener at 127.0.0.1/33581] INFO  handler.ContextHandler (ContextHandler.java:doStop(1153)) - Stopped o.e.j.s.ServletContextHandler@7506e95a{logs,/logs,file:///home/runner/work/ozone/ozone/hadoop-ozone/integration-test/target/log,STOPPED}
2022-03-01 14:07:32,626 [Trash Emptier] ERROR om.TrashPolicyOzone (TrashPolicyOzone.java:run(251)) - Error attempting to shutdown
java.lang.InterruptedException
	at java.util.concurrent.locks.AbstractQueuedSynchronizer$ConditionObject.awaitNanos(AbstractQueuedSynchronizer.java:2067)
	at java.util.concurrent.ThreadPoolExecutor.awaitTermination(ThreadPoolExecutor.java:1475)
	at org.apache.hadoop.ozone.om.TrashPolicyOzone$Emptier.run(TrashPolicyOzone.java:249)
	at java.lang.Thread.run(Thread.java:750)
2022-03-01 14:07:32,627 [Trash Emptier] ERROR util.ExitUtils (ExitUtils.java:terminate(133)) - Terminating with exit status -1: Thread[Trash Emptier,5,main] has thrown an uncaught exception
java.lang.UnsupportedOperationException: fs.getUri() not implemented in TrashOzoneFileSystem
	at org.apache.hadoop.ozone.om.TrashOzoneFileSystem.getUri(TrashOzoneFileSystem.java:124)
	at org.apache.hadoop.fs.FileSystem.close(FileSystem.java:2592)
	at org.apache.hadoop.ozone.om.TrashPolicyOzone$Emptier.run(TrashPolicyOzone.java:243)
	at java.lang.Thread.run(Thread.java:750)
2022-03-01 14:07:32,630 [Listener at 127.0.0.1/33581] INFO  ozone.MiniOzoneClusterImpl (MiniOzoneClusterImpl.java:stopDatanodes(523)) - Stopping the HddsDatanodes
2022-03-01 14:07:37,635 [Listener at 127.0.0.1/33581] INFO  ozoneimpl.OzoneContainer (OzoneContainer.java:stop(356)) - Attempting to stop container services.
2022-03-01 14:07:37,641 [ForkJoinPool.commonPool-worker-0] INFO  ozoneimpl.OzoneContainer (OzoneContainer.java:stop(356)) - Attempting to stop container services.
2022-03-01 14:07:37,641 [Listener at 127.0.0.1/33581] INFO  server.RaftServer (RaftServerProxy.java:lambda$close$6(391)) - 748cb913-fd30-47bb-8b51-1fb8fbe69c23: close
2022-03-01 14:07:37,641 [Listener at 127.0.0.1/33581] INFO  server.RaftServer$Division (RaftServerImpl.java:lambda$close$4(412)) - 748cb913-fd30-47bb-8b51-1fb8fbe69c23@group-9EE5C350FFCC: shutdown
2022-03-01 14:07:37,642 [Listener at 127.0.0.1/33581] INFO  util.JmxRegister (JmxRegister.java:unregister(73)) - Successfully un-registered JMX Bean with object name Ratis:service=RaftServer,group=group-9EE5C350FFCC,id=748cb913-fd30-47bb-8b51-1fb8fbe69c23
2022-03-01 14:07:37,642 [Listener at 127.0.0.1/33581] INFO  impl.RoleInfo (RoleInfo.java:shutdownFollowerState(108)) - 748cb913-fd30-47bb-8b51-1fb8fbe69c23: shutdown 748cb913-fd30-47bb-8b51-1fb8fbe69c23@group-9EE5C350FFCC-FollowerState
2022-03-01 14:07:37,642 [Listener at 127.0.0.1/33581] INFO  impl.StateMachineUpdater (StateMachineUpdater.java:stopAndJoin(149)) - 748cb913-fd30-47bb-8b51-1fb8fbe69c23@group-9EE5C350FFCC-StateMachineUpdater: set stopIndex = 28
2022-03-01 14:07:37,642 [ForkJoinPool.commonPool-worker-0] INFO  server.RaftServer (RaftServerProxy.java:lambda$close$6(391)) - c5c6d7e9-010e-4dff-b525-0995d1efc2dc: close
2022-03-01 14:07:37,642 [ForkJoinPool.commonPool-worker-0] INFO  server.RaftServer$Division (RaftServerImpl.java:lambda$close$4(412)) - c5c6d7e9-010e-4dff-b525-0995d1efc2dc@group-9EE5C350FFCC: shutdown
2022-03-01 14:07:37,642 [ForkJoinPool.commonPool-worker-0] INFO  util.JmxRegister (JmxRegister.java:unregister(73)) - Successfully un-registered JMX Bean with object name Ratis:service=RaftServer,group=group-9EE5C350FFCC,id=c5c6d7e9-010e-4dff-b525-0995d1efc2dc
2022-03-01 14:07:37,643 [ForkJoinPool.commonPool-worker-0] INFO  impl.RoleInfo (RoleInfo.java:shutdownFollowerState(108)) - c5c6d7e9-010e-4dff-b525-0995d1efc2dc: shutdown c5c6d7e9-010e-4dff-b525-0995d1efc2dc@group-9EE5C350FFCC-FollowerState
2022-03-01 14:07:37,643 [ForkJoinPool.commonPool-worker-0] INFO  impl.StateMachineUpdater (StateMachineUpdater.java:stopAndJoin(149)) - c5c6d7e9-010e-4dff-b525-0995d1efc2dc@group-9EE5C350FFCC-StateMachineUpdater: set stopIndex = 28
2022-03-01 14:07:37,643 [c5c6d7e9-010e-4dff-b525-0995d1efc2dc@group-9EE5C350FFCC-StateMachineUpdater] INFO  ratis.ContainerStateMachine (ContainerStateMachine.java:takeSnapshot(304)) - group-9EE5C350FFCC: Taking a snapshot at:(t:1, i:28) file /home/runner/work/ozone/ozone/hadoop-ozone/integration-test/target/test-dir/MiniOzoneClusterImpl-5212a7ac-80c3-46b0-8f30-1180f829ef0d/datanode-0/data/ratis/48c26799-b086-4efd-a7b8-9ee5c350ffcc/sm/snapshot.1_28
2022-03-01 14:07:37,643 [748cb913-fd30-47bb-8b51-1fb8fbe69c23@group-9EE5C350FFCC-StateMachineUpdater] INFO  ratis.ContainerStateMachine (ContainerStateMachine.java:takeSnapshot(304)) - group-9EE5C350FFCC: Taking a snapshot at:(t:1, i:28) file /home/runner/work/ozone/ozone/hadoop-ozone/integration-test/target/test-dir/MiniOzoneClusterImpl-5212a7ac-80c3-46b0-8f30-1180f829ef0d/datanode-1/data/ratis/48c26799-b086-4efd-a7b8-9ee5c350ffcc/sm/snapshot.1_28
2022-03-01 14:07:37,646 [c5c6d7e9-010e-4dff-b525-0995d1efc2dc@group-9EE5C350FFCC-StateMachineUpdater] INFO  ratis.ContainerStateMachine (ContainerStateMachine.java:takeSnapshot(315)) - group-9EE5C350FFCC: Finished taking a snapshot at:(t:1, i:28) file:/home/runner/work/ozone/ozone/hadoop-ozone/integration-test/target/test-dir/MiniOzoneClusterImpl-5212a7ac-80c3-46b0-8f30-1180f829ef0d/datanode-0/data/ratis/48c26799-b086-4efd-a7b8-9ee5c350ffcc/sm/snapshot.1_28 took: 3 ms
2022-03-01 14:07:37,646 [c5c6d7e9-010e-4dff-b525-0995d1efc2dc@group-9EE5C350FFCC-StateMachineUpdater] INFO  impl.StateMachineUpdater (StateMachineUpdater.java:takeSnapshot(281)) - c5c6d7e9-010e-4dff-b525-0995d1efc2dc@group-9EE5C350FFCC-StateMachineUpdater: Took a snapshot at index 28
2022-03-01 14:07:37,646 [c5c6d7e9-010e-4dff-b525-0995d1efc2dc@group-9EE5C350FFCC-StateMachineUpdater] INFO  impl.StateMachineUpdater (StateMachineUpdater.java:lambda$new$0(89)) - c5c6d7e9-010e-4dff-b525-0995d1efc2dc@group-9EE5C350FFCC-StateMachineUpdater: snapshotIndex: updateIncreasingly -1 -> 28
2022-03-01 14:07:37,647 [748cb913-fd30-47bb-8b51-1fb8fbe69c23@group-9EE5C350FFCC-StateMachineUpdater] INFO  ratis.ContainerStateMachine (ContainerStateMachine.java:takeSnapshot(315)) - group-9EE5C350FFCC: Finished taking a snapshot at:(t:1, i:28) file:/home/runner/work/ozone/ozone/hadoop-ozone/integration-test/target/test-dir/MiniOzoneClusterImpl-5212a7ac-80c3-46b0-8f30-1180f829ef0d/datanode-1/data/ratis/48c26799-b086-4efd-a7b8-9ee5c350ffcc/sm/snapshot.1_28 took: 3 ms
2022-03-01 14:07:37,647 [ForkJoinPool.commonPool-worker-0] INFO  server.RaftServer$Division (ServerState.java:close(419)) - c5c6d7e9-010e-4dff-b525-0995d1efc2dc@group-9EE5C350FFCC: closes. applyIndex: 28
2022-03-01 14:07:37,647 [748cb913-fd30-47bb-8b51-1fb8fbe69c23@group-9EE5C350FFCC-FollowerState] INFO  impl.FollowerState (FollowerState.java:run(143)) - 748cb913-fd30-47bb-8b51-1fb8fbe69c23@group-9EE5C350FFCC-FollowerState was interrupted: {}
java.lang.InterruptedException: sleep interrupted
	at java.lang.Thread.sleep(Native Method)
	at java.lang.Thread.sleep(Thread.java:342)
	at java.util.concurrent.TimeUnit.sleep(TimeUnit.java:386)
	at org.apache.ratis.util.TimeDuration.sleep(TimeDuration.java:324)
	at org.apache.ratis.util.TimeDuration.sleep(TimeDuration.java:309)
	at org.apache.ratis.server.impl.FollowerState.run(FollowerState.java:118)
2022-03-01 14:07:37,647 [748cb913-fd30-47bb-8b51-1fb8fbe69c23@group-9EE5C350FFCC-StateMachineUpdater] INFO  impl.StateMachineUpdater (StateMachineUpdater.java:takeSnapshot(281)) - 748cb913-fd30-47bb-8b51-1fb8fbe69c23@group-9EE5C350FFCC-StateMachineUpdater: Took a snapshot at index 28
2022-03-01 14:07:37,649 [748cb913-fd30-47bb-8b51-1fb8fbe69c23@group-9EE5C350FFCC-StateMachineUpdater] INFO  impl.StateMachineUpdater (StateMachineUpdater.java:lambda$new$0(89)) - 748cb913-fd30-47bb-8b51-1fb8fbe69c23@group-9EE5C350FFCC-StateMachineUpdater: snapshotIndex: updateIncreasingly -1 -> 28
2022-03-01 14:07:37,647 [c5c6d7e9-010e-4dff-b525-0995d1efc2dc@group-9EE5C350FFCC-SegmentedRaftLogWorker] INFO  segmented.SegmentedRaftLogWorker (SegmentedRaftLogWorker.java:run(327)) - c5c6d7e9-010e-4dff-b525-0995d1efc2dc@group-9EE5C350FFCC-SegmentedRaftLogWorker was interrupted, exiting. There are 0 tasks remaining in the queue.
2022-03-01 14:07:37,647 [c5c6d7e9-010e-4dff-b525-0995d1efc2dc@group-9EE5C350FFCC-FollowerState] INFO  impl.FollowerState (FollowerState.java:run(143)) - c5c6d7e9-010e-4dff-b525-0995d1efc2dc@group-9EE5C350FFCC-FollowerState was interrupted: {}
java.lang.InterruptedException: sleep interrupted
	at java.lang.Thread.sleep(Native Method)
	at java.lang.Thread.sleep(Thread.java:342)
	at java.util.concurrent.TimeUnit.sleep(TimeUnit.java:386)
	at org.apache.ratis.util.TimeDuration.sleep(TimeDuration.java:324)
	at org.apache.ratis.util.TimeDuration.sleep(TimeDuration.java:309)
	at org.apache.ratis.server.impl.FollowerState.run(FollowerState.java:118)
2022-03-01 14:07:37,650 [ForkJoinPool.commonPool-worker-0] INFO  segmented.SegmentedRaftLogWorker (SegmentedRaftLogWorker.java:close(237)) - c5c6d7e9-010e-4dff-b525-0995d1efc2dc@group-9EE5C350FFCC-SegmentedRaftLogWorker close()
2022-03-01 14:07:37,651 [ForkJoinPool.commonPool-worker-0] INFO  server.RaftServer$Division (RaftServerImpl.java:lambda$close$4(412)) - c5c6d7e9-010e-4dff-b525-0995d1efc2dc@group-3D6BD93C1C0E: shutdown
2022-03-01 14:07:37,651 [ForkJoinPool.commonPool-worker-0] INFO  util.JmxRegister (JmxRegister.java:unregister(73)) - Successfully un-registered JMX Bean with object name Ratis:service=RaftServer,group=group-3D6BD93C1C0E,id=c5c6d7e9-010e-4dff-b525-0995d1efc2dc
2022-03-01 14:07:37,651 [ForkJoinPool.commonPool-worker-0] INFO  impl.RoleInfo (RoleInfo.java:shutdownLeaderState(91)) - c5c6d7e9-010e-4dff-b525-0995d1efc2dc: shutdown c5c6d7e9-010e-4dff-b525-0995d1efc2dc@group-3D6BD93C1C0E-LeaderStateImpl
2022-03-01 14:07:37,652 [ForkJoinPool.commonPool-worker-0] INFO  impl.PendingRequests (PendingRequests.java:sendNotLeaderResponses(282)) - c5c6d7e9-010e-4dff-b525-0995d1efc2dc@group-3D6BD93C1C0E-PendingRequests: sendNotLeaderResponses
2022-03-01 14:07:37,652 [ForkJoinPool.commonPool-worker-0] INFO  impl.StateMachineUpdater (StateMachineUpdater.java:stopAndJoin(149)) - c5c6d7e9-010e-4dff-b525-0995d1efc2dc@group-3D6BD93C1C0E-StateMachineUpdater: set stopIndex = 0
2022-03-01 14:07:37,652 [c5c6d7e9-010e-4dff-b525-0995d1efc2dc@group-3D6BD93C1C0E-StateMachineUpdater] INFO  ratis.ContainerStateMachine (ContainerStateMachine.java:takeSnapshot(304)) - group-3D6BD93C1C0E: Taking a snapshot at:(t:1, i:0) file /home/runner/work/ozone/ozone/hadoop-ozone/integration-test/target/test-dir/MiniOzoneClusterImpl-5212a7ac-80c3-46b0-8f30-1180f829ef0d/datanode-0/data/ratis/3e8e5cb2-f61b-4892-b5f9-3d6bd93c1c0e/sm/snapshot.1_0
2022-03-01 14:07:37,654 [c5c6d7e9-010e-4dff-b525-0995d1efc2dc@group-3D6BD93C1C0E-StateMachineUpdater] INFO  ratis.ContainerStateMachine (ContainerStateMachine.java:takeSnapshot(315)) - group-3D6BD93C1C0E: Finished taking a snapshot at:(t:1, i:0) file:/home/runner/work/ozone/ozone/hadoop-ozone/integration-test/target/test-dir/MiniOzoneClusterImpl-5212a7ac-80c3-46b0-8f30-1180f829ef0d/datanode-0/data/ratis/3e8e5cb2-f61b-4892-b5f9-3d6bd93c1c0e/sm/snapshot.1_0 took: 3 ms
2022-03-01 14:07:37,655 [c5c6d7e9-010e-4dff-b525-0995d1efc2dc@group-3D6BD93C1C0E-StateMachineUpdater] INFO  impl.StateMachineUpdater (StateMachineUpdater.java:takeSnapshot(281)) - c5c6d7e9-010e-4dff-b525-0995d1efc2dc@group-3D6BD93C1C0E-StateMachineUpdater: Took a snapshot at index 0
2022-03-01 14:07:37,655 [c5c6d7e9-010e-4dff-b525-0995d1efc2dc@group-3D6BD93C1C0E-StateMachineUpdater] INFO  impl.StateMachineUpdater (StateMachineUpdater.java:lambda$new$0(89)) - c5c6d7e9-010e-4dff-b525-0995d1efc2dc@group-3D6BD93C1C0E-StateMachineUpdater: snapshotIndex: updateIncreasingly -1 -> 0
2022-03-01 14:07:37,655 [ForkJoinPool.commonPool-worker-0] INFO  server.RaftServer$Division (ServerState.java:close(419)) - c5c6d7e9-010e-4dff-b525-0995d1efc2dc@group-3D6BD93C1C0E: closes. applyIndex: 0
2022-03-01 14:07:37,655 [c5c6d7e9-010e-4dff-b525-0995d1efc2dc@group-3D6BD93C1C0E-SegmentedRaftLogWorker] INFO  segmented.SegmentedRaftLogWorker (SegmentedRaftLogWorker.java:run(327)) - c5c6d7e9-010e-4dff-b525-0995d1efc2dc@group-3D6BD93C1C0E-SegmentedRaftLogWorker was interrupted, exiting. There are 0 tasks remaining in the queue.
2022-03-01 14:07:37,655 [ForkJoinPool.commonPool-worker-0] INFO  segmented.SegmentedRaftLogWorker (SegmentedRaftLogWorker.java:close(237)) - c5c6d7e9-010e-4dff-b525-0995d1efc2dc@group-3D6BD93C1C0E-SegmentedRaftLogWorker close()
2022-03-01 14:07:37,656 [Listener at 127.0.0.1/33581] INFO  server.RaftServer$Division (ServerState.java:close(419)) - 748cb913-fd30-47bb-8b51-1fb8fbe69c23@group-9EE5C350FFCC: closes. applyIndex: 28
2022-03-01 14:07:37,662 [748cb913-fd30-47bb-8b51-1fb8fbe69c23@group-9EE5C350FFCC-SegmentedRaftLogWorker] INFO  segmented.SegmentedRaftLogWorker (SegmentedRaftLogWorker.java:run(327)) - 748cb913-fd30-47bb-8b51-1fb8fbe69c23@group-9EE5C350FFCC-SegmentedRaftLogWorker was interrupted, exiting. There are 0 tasks remaining in the queue.
2022-03-01 14:07:37,662 [ForkJoinPool.commonPool-worker-0] INFO  server.RaftServer$Division (RaftServerImpl.java:lambda$close$4(412)) - c5c6d7e9-010e-4dff-b525-0995d1efc2dc@group-AC61AF4ED8BC: shutdown
2022-03-01 14:07:37,662 [ForkJoinPool.commonPool-worker-0] INFO  util.JmxRegister (JmxRegister.java:unregister(73)) - Successfully un-registered JMX Bean with object name Ratis:service=RaftServer,group=group-AC61AF4ED8BC,id=c5c6d7e9-010e-4dff-b525-0995d1efc2dc
2022-03-01 14:07:37,662 [ForkJoinPool.commonPool-worker-0] INFO  impl.RoleInfo (RoleInfo.java:shutdownFollowerState(108)) - c5c6d7e9-010e-4dff-b525-0995d1efc2dc: shutdown c5c6d7e9-010e-4dff-b525-0995d1efc2dc@group-AC61AF4ED8BC-FollowerState
2022-03-01 14:07:37,663 [ForkJoinPool.commonPool-worker-0] INFO  impl.StateMachineUpdater (StateMachineUpdater.java:stopAndJoin(149)) - c5c6d7e9-010e-4dff-b525-0995d1efc2dc@group-AC61AF4ED8BC-StateMachineUpdater: set stopIndex = 0
2022-03-01 14:07:37,663 [c5c6d7e9-010e-4dff-b525-0995d1efc2dc@group-AC61AF4ED8BC-FollowerState] INFO  impl.FollowerState (FollowerState.java:run(143)) - c5c6d7e9-010e-4dff-b525-0995d1efc2dc@group-AC61AF4ED8BC-FollowerState was interrupted: {}
java.lang.InterruptedException: sleep interrupted
	at java.lang.Thread.sleep(Native Method)
	at java.lang.Thread.sleep(Thread.java:342)
	at java.util.concurrent.TimeUnit.sleep(TimeUnit.java:386)
	at org.apache.ratis.util.TimeDuration.sleep(TimeDuration.java:324)
	at org.apache.ratis.util.TimeDuration.sleep(TimeDuration.java:309)
	at org.apache.ratis.server.impl.FollowerState.run(FollowerState.java:118)
2022-03-01 14:07:37,663 [c5c6d7e9-010e-4dff-b525-0995d1efc2dc@group-AC61AF4ED8BC-StateMachineUpdater] INFO  ratis.ContainerStateMachine (ContainerStateMachine.java:takeSnapshot(304)) - group-AC61AF4ED8BC: Taking a snapshot at:(t:2, i:0) file /home/runner/work/ozone/ozone/hadoop-ozone/integration-test/target/test-dir/MiniOzoneClusterImpl-5212a7ac-80c3-46b0-8f30-1180f829ef0d/datanode-0/data/ratis/99f74bcf-39fc-4e4d-9636-ac61af4ed8bc/sm/snapshot.2_0
2022-03-01 14:07:37,664 [c5c6d7e9-010e-4dff-b525-0995d1efc2dc@group-AC61AF4ED8BC-StateMachineUpdater] INFO  ratis.ContainerStateMachine (ContainerStateMachine.java:takeSnapshot(315)) - group-AC61AF4ED8BC: Finished taking a snapshot at:(t:2, i:0) file:/home/runner/work/ozone/ozone/hadoop-ozone/integration-test/target/test-dir/MiniOzoneClusterImpl-5212a7ac-80c3-46b0-8f30-1180f829ef0d/datanode-0/data/ratis/99f74bcf-39fc-4e4d-9636-ac61af4ed8bc/sm/snapshot.2_0 took: 1 ms
2022-03-01 14:07:37,664 [Listener at 127.0.0.1/33581] INFO  segmented.SegmentedRaftLogWorker (SegmentedRaftLogWorker.java:close(237)) - 748cb913-fd30-47bb-8b51-1fb8fbe69c23@group-9EE5C350FFCC-SegmentedRaftLogWorker close()
2022-03-01 14:07:37,664 [c5c6d7e9-010e-4dff-b525-0995d1efc2dc@group-AC61AF4ED8BC-StateMachineUpdater] INFO  impl.StateMachineUpdater (StateMachineUpdater.java:takeSnapshot(281)) - c5c6d7e9-010e-4dff-b525-0995d1efc2dc@group-AC61AF4ED8BC-StateMachineUpdater: Took a snapshot at index 0
2022-03-01 14:07:37,665 [c5c6d7e9-010e-4dff-b525-0995d1efc2dc@group-AC61AF4ED8BC-StateMachineUpdater] INFO  impl.StateMachineUpdater (StateMachineUpdater.java:lambda$new$0(89)) - c5c6d7e9-010e-4dff-b525-0995d1efc2dc@group-AC61AF4ED8BC-StateMachineUpdater: snapshotIndex: updateIncreasingly -1 -> 0
2022-03-01 14:07:37,665 [ForkJoinPool.commonPool-worker-0] INFO  server.RaftServer$Division (ServerState.java:close(419)) - c5c6d7e9-010e-4dff-b525-0995d1efc2dc@group-AC61AF4ED8BC: closes. applyIndex: 0
2022-03-01 14:07:37,665 [c5c6d7e9-010e-4dff-b525-0995d1efc2dc@group-AC61AF4ED8BC-SegmentedRaftLogWorker] INFO  segmented.SegmentedRaftLogWorker (SegmentedRaftLogWorker.java:run(327)) - c5c6d7e9-010e-4dff-b525-0995d1efc2dc@group-AC61AF4ED8BC-SegmentedRaftLogWorker was interrupted, exiting. There are 0 tasks remaining in the queue.
2022-03-01 14:07:37,666 [ForkJoinPool.commonPool-worker-0] INFO  segmented.SegmentedRaftLogWorker (SegmentedRaftLogWorker.java:close(237)) - c5c6d7e9-010e-4dff-b525-0995d1efc2dc@group-AC61AF4ED8BC-SegmentedRaftLogWorker close()
2022-03-01 14:07:37,667 [ForkJoinPool.commonPool-worker-0] INFO  server.GrpcService (GrpcService.java:closeImpl(262)) - c5c6d7e9-010e-4dff-b525-0995d1efc2dc: shutdown server with port 42291 now
2022-03-01 14:07:37,667 [Listener at 127.0.0.1/33581] INFO  server.RaftServer$Division (RaftServerImpl.java:lambda$close$4(412)) - 748cb913-fd30-47bb-8b51-1fb8fbe69c23@group-B6BD664D4D49: shutdown
2022-03-01 14:07:37,667 [Listener at 127.0.0.1/33581] INFO  util.JmxRegister (JmxRegister.java:unregister(73)) - Successfully un-registered JMX Bean with object name Ratis:service=RaftServer,group=group-B6BD664D4D49,id=748cb913-fd30-47bb-8b51-1fb8fbe69c23
2022-03-01 14:07:37,667 [Listener at 127.0.0.1/33581] INFO  impl.RoleInfo (RoleInfo.java:shutdownLeaderState(91)) - 748cb913-fd30-47bb-8b51-1fb8fbe69c23: shutdown 748cb913-fd30-47bb-8b51-1fb8fbe69c23@group-B6BD664D4D49-LeaderStateImpl
2022-03-01 14:07:37,667 [Listener at 127.0.0.1/33581] INFO  impl.PendingRequests (PendingRequests.java:sendNotLeaderResponses(282)) - 748cb913-fd30-47bb-8b51-1fb8fbe69c23@group-B6BD664D4D49-PendingRequests: sendNotLeaderResponses
2022-03-01 14:07:37,668 [Listener at 127.0.0.1/33581] INFO  impl.StateMachineUpdater (StateMachineUpdater.java:stopAndJoin(149)) - 748cb913-fd30-47bb-8b51-1fb8fbe69c23@group-B6BD664D4D49-StateMachineUpdater: set stopIndex = 0
2022-03-01 14:07:37,668 [748cb913-fd30-47bb-8b51-1fb8fbe69c23@group-B6BD664D4D49-StateMachineUpdater] INFO  ratis.ContainerStateMachine (ContainerStateMachine.java:takeSnapshot(304)) - group-B6BD664D4D49: Taking a snapshot at:(t:1, i:0) file /home/runner/work/ozone/ozone/hadoop-ozone/integration-test/target/test-dir/MiniOzoneClusterImpl-5212a7ac-80c3-46b0-8f30-1180f829ef0d/datanode-1/data/ratis/a1af6f8c-4144-4bc1-a38b-b6bd664d4d49/sm/snapshot.1_0
2022-03-01 14:07:37,669 [grpc-default-executor-3] WARN  server.GrpcServerProtocolService (LogUtils.java:warn(122)) - c5c6d7e9-010e-4dff-b525-0995d1efc2dc: installSnapshot onError, lastRequest: c8c4da50-09a5-4319-9b45-94eabdb6bd98->c5c6d7e9-010e-4dff-b525-0995d1efc2dc#334-t1,previous=(t:1, i:27),leaderCommit=26,initializing? true,entries: size=1, first=(t:1, i:28), METADATAENTRY(c:26): org.apache.ratis.thirdparty.io.grpc.StatusRuntimeException: CANCELLED: client cancelled
2022-03-01 14:07:37,670 [748cb913-fd30-47bb-8b51-1fb8fbe69c23@group-B6BD664D4D49-StateMachineUpdater] INFO  ratis.ContainerStateMachine (ContainerStateMachine.java:takeSnapshot(315)) - group-B6BD664D4D49: Finished taking a snapshot at:(t:1, i:0) file:/home/runner/work/ozone/ozone/hadoop-ozone/integration-test/target/test-dir/MiniOzoneClusterImpl-5212a7ac-80c3-46b0-8f30-1180f829ef0d/datanode-1/data/ratis/a1af6f8c-4144-4bc1-a38b-b6bd664d4d49/sm/snapshot.1_0 took: 2 ms
2022-03-01 14:07:37,670 [748cb913-fd30-47bb-8b51-1fb8fbe69c23@group-B6BD664D4D49-StateMachineUpdater] INFO  impl.StateMachineUpdater (StateMachineUpdater.java:takeSnapshot(281)) - 748cb913-fd30-47bb-8b51-1fb8fbe69c23@group-B6BD664D4D49-StateMachineUpdater: Took a snapshot at index 0
2022-03-01 14:07:37,670 [748cb913-fd30-47bb-8b51-1fb8fbe69c23@group-B6BD664D4D49-StateMachineUpdater] INFO  impl.StateMachineUpdater (StateMachineUpdater.java:lambda$new$0(89)) - 748cb913-fd30-47bb-8b51-1fb8fbe69c23@group-B6BD664D4D49-StateMachineUpdater: snapshotIndex: updateIncreasingly -1 -> 0
2022-03-01 14:07:37,670 [Listener at 127.0.0.1/33581] INFO  server.RaftServer$Division (ServerState.java:close(419)) - 748cb913-fd30-47bb-8b51-1fb8fbe69c23@group-B6BD664D4D49: closes. applyIndex: 0
2022-03-01 14:07:37,670 [748cb913-fd30-47bb-8b51-1fb8fbe69c23@group-B6BD664D4D49-SegmentedRaftLogWorker] INFO  segmented.SegmentedRaftLogWorker (SegmentedRaftLogWorker.java:run(327)) - 748cb913-fd30-47bb-8b51-1fb8fbe69c23@group-B6BD664D4D49-SegmentedRaftLogWorker was interrupted, exiting. There are 0 tasks remaining in the queue.
2022-03-01 14:07:37,670 [Listener at 127.0.0.1/33581] INFO  segmented.SegmentedRaftLogWorker (SegmentedRaftLogWorker.java:close(237)) - 748cb913-fd30-47bb-8b51-1fb8fbe69c23@group-B6BD664D4D49-SegmentedRaftLogWorker close()
2022-03-01 14:07:37,672 [Listener at 127.0.0.1/33581] INFO  server.RaftServer$Division (RaftServerImpl.java:lambda$close$4(412)) - 748cb913-fd30-47bb-8b51-1fb8fbe69c23@group-AC61AF4ED8BC: shutdown
2022-03-01 14:07:37,672 [Listener at 127.0.0.1/33581] INFO  util.JmxRegister (JmxRegister.java:unregister(73)) - Successfully un-registered JMX Bean with object name Ratis:service=RaftServer,group=group-AC61AF4ED8BC,id=748cb913-fd30-47bb-8b51-1fb8fbe69c23
2022-03-01 14:07:37,672 [Listener at 127.0.0.1/33581] INFO  impl.RoleInfo (RoleInfo.java:shutdownLeaderState(91)) - 748cb913-fd30-47bb-8b51-1fb8fbe69c23: shutdown 748cb913-fd30-47bb-8b51-1fb8fbe69c23@group-AC61AF4ED8BC-LeaderStateImpl
2022-03-01 14:07:37,673 [748cb913-fd30-47bb-8b51-1fb8fbe69c23@group-AC61AF4ED8BC->c8c4da50-09a5-4319-9b45-94eabdb6bd98-GrpcLogAppender-LogAppenderDaemon] WARN  server.GrpcLogAppender (GrpcLogAppender.java:mayWait(177)) - 748cb913-fd30-47bb-8b51-1fb8fbe69c23@group-AC61AF4ED8BC->c8c4da50-09a5-4319-9b45-94eabdb6bd98-GrpcLogAppender: Wait interrupted by java.lang.InterruptedException
2022-03-01 14:07:37,673 [748cb913-fd30-47bb-8b51-1fb8fbe69c23@group-AC61AF4ED8BC->c5c6d7e9-010e-4dff-b525-0995d1efc2dc-GrpcLogAppender-LogAppenderDaemon] WARN  server.GrpcLogAppender (GrpcLogAppender.java:mayWait(177)) - 748cb913-fd30-47bb-8b51-1fb8fbe69c23@group-AC61AF4ED8BC->c5c6d7e9-010e-4dff-b525-0995d1efc2dc-GrpcLogAppender: Wait interrupted by java.lang.InterruptedException
2022-03-01 14:07:37,673 [Listener at 127.0.0.1/33581] INFO  impl.PendingRequests (PendingRequests.java:sendNotLeaderResponses(282)) - 748cb913-fd30-47bb-8b51-1fb8fbe69c23@group-AC61AF4ED8BC-PendingRequests: sendNotLeaderResponses
2022-03-01 14:07:37,674 [Listener at 127.0.0.1/33581] INFO  impl.StateMachineUpdater (StateMachineUpdater.java:stopAndJoin(149)) - 748cb913-fd30-47bb-8b51-1fb8fbe69c23@group-AC61AF4ED8BC-StateMachineUpdater: set stopIndex = 0
2022-03-01 14:07:37,674 [748cb913-fd30-47bb-8b51-1fb8fbe69c23@group-AC61AF4ED8BC-StateMachineUpdater] INFO  ratis.ContainerStateMachine (ContainerStateMachine.java:takeSnapshot(304)) - group-AC61AF4ED8BC: Taking a snapshot at:(t:2, i:0) file /home/runner/work/ozone/ozone/hadoop-ozone/integration-test/target/test-dir/MiniOzoneClusterImpl-5212a7ac-80c3-46b0-8f30-1180f829ef0d/datanode-1/data/ratis/99f74bcf-39fc-4e4d-9636-ac61af4ed8bc/sm/snapshot.2_0
2022-03-01 14:07:37,675 [748cb913-fd30-47bb-8b51-1fb8fbe69c23@group-AC61AF4ED8BC-StateMachineUpdater] INFO  ratis.ContainerStateMachine (ContainerStateMachine.java:takeSnapshot(315)) - group-AC61AF4ED8BC: Finished taking a snapshot at:(t:2, i:0) file:/home/runner/work/ozone/ozone/hadoop-ozone/integration-test/target/test-dir/MiniOzoneClusterImpl-5212a7ac-80c3-46b0-8f30-1180f829ef0d/datanode-1/data/ratis/99f74bcf-39fc-4e4d-9636-ac61af4ed8bc/sm/snapshot.2_0 took: 1 ms
2022-03-01 14:07:37,675 [748cb913-fd30-47bb-8b51-1fb8fbe69c23@group-AC61AF4ED8BC-StateMachineUpdater] INFO  impl.StateMachineUpdater (StateMachineUpdater.java:takeSnapshot(281)) - 748cb913-fd30-47bb-8b51-1fb8fbe69c23@group-AC61AF4ED8BC-StateMachineUpdater: Took a snapshot at index 0
2022-03-01 14:07:37,675 [748cb913-fd30-47bb-8b51-1fb8fbe69c23@group-AC61AF4ED8BC-StateMachineUpdater] INFO  impl.StateMachineUpdater (StateMachineUpdater.java:lambda$new$0(89)) - 748cb913-fd30-47bb-8b51-1fb8fbe69c23@group-AC61AF4ED8BC-StateMachineUpdater: snapshotIndex: updateIncreasingly -1 -> 0
2022-03-01 14:07:37,676 [Listener at 127.0.0.1/33581] INFO  server.RaftServer$Division (ServerState.java:close(419)) - 748cb913-fd30-47bb-8b51-1fb8fbe69c23@group-AC61AF4ED8BC: closes. applyIndex: 0
2022-03-01 14:07:37,676 [748cb913-fd30-47bb-8b51-1fb8fbe69c23@group-AC61AF4ED8BC-SegmentedRaftLogWorker] INFO  segmented.SegmentedRaftLogWorker (SegmentedRaftLogWorker.java:run(327)) - 748cb913-fd30-47bb-8b51-1fb8fbe69c23@group-AC61AF4ED8BC-SegmentedRaftLogWorker was interrupted, exiting. There are 0 tasks remaining in the queue.
2022-03-01 14:07:37,677 [Listener at 127.0.0.1/33581] INFO  segmented.SegmentedRaftLogWorker (SegmentedRaftLogWorker.java:close(237)) - 748cb913-fd30-47bb-8b51-1fb8fbe69c23@group-AC61AF4ED8BC-SegmentedRaftLogWorker close()
2022-03-01 14:07:37,678 [grpc-default-executor-1] WARN  server.GrpcServerProtocolService (LogUtils.java:warn(122)) - c5c6d7e9-010e-4dff-b525-0995d1efc2dc: installSnapshot onError, lastRequest: 748cb913-fd30-47bb-8b51-1fb8fbe69c23->c5c6d7e9-010e-4dff-b525-0995d1efc2dc#1-t2,previous=(t:0, i:0),leaderCommit=0,initializing? true,entries: size=1, first=(t:2, i:0), CONFIGURATIONENTRY: org.apache.ratis.thirdparty.io.grpc.StatusRuntimeException: CANCELLED: client cancelled
2022-03-01 14:07:37,678 [Listener at 127.0.0.1/33581] INFO  server.GrpcService (GrpcService.java:closeImpl(262)) - 748cb913-fd30-47bb-8b51-1fb8fbe69c23: shutdown server with port 38409 now
2022-03-01 14:07:37,679 [grpc-default-executor-1] WARN  server.GrpcServerProtocolService (LogUtils.java:warn(122)) - 748cb913-fd30-47bb-8b51-1fb8fbe69c23: installSnapshot onError, lastRequest: c8c4da50-09a5-4319-9b45-94eabdb6bd98->748cb913-fd30-47bb-8b51-1fb8fbe69c23#333-t1,previous=(t:1, i:27),leaderCommit=26,initializing? true,entries: size=1, first=(t:1, i:28), METADATAENTRY(c:26): org.apache.ratis.thirdparty.io.grpc.StatusRuntimeException: CANCELLED: client cancelled
2022-03-01 14:07:37,680 [grpc-default-executor-1] WARN  server.GrpcLogAppender (LogUtils.java:warn(122)) - c8c4da50-09a5-4319-9b45-94eabdb6bd98@group-9EE5C350FFCC->748cb913-fd30-47bb-8b51-1fb8fbe69c23-AppendLogResponseHandler: Failed appendEntries: org.apache.ratis.thirdparty.io.grpc.StatusRuntimeException: CANCELLED: HTTP/2 error code: CANCEL
Received Rst Stream
2022-03-01 14:07:37,680 [grpc-default-executor-1] INFO  leader.FollowerInfo (FollowerInfoImpl.java:lambda$new$0(47)) - c8c4da50-09a5-4319-9b45-94eabdb6bd98@group-9EE5C350FFCC->748cb913-fd30-47bb-8b51-1fb8fbe69c23: nextIndex: updateUnconditionally 29 -> 28
2022-03-01 14:07:37,682 [grpc-default-executor-1] WARN  server.GrpcLogAppender (LogUtils.java:warn(122)) - c8c4da50-09a5-4319-9b45-94eabdb6bd98@group-9EE5C350FFCC->c5c6d7e9-010e-4dff-b525-0995d1efc2dc-AppendLogResponseHandler: Failed appendEntries: org.apache.ratis.thirdparty.io.grpc.StatusRuntimeException: CANCELLED: HTTP/2 error code: CANCEL
Received Rst Stream
2022-03-01 14:07:37,683 [grpc-default-executor-1] INFO  leader.FollowerInfo (FollowerInfoImpl.java:lambda$new$0(47)) - c8c4da50-09a5-4319-9b45-94eabdb6bd98@group-9EE5C350FFCC->c5c6d7e9-010e-4dff-b525-0995d1efc2dc: nextIndex: updateUnconditionally 29 -> 28
2022-03-01 14:07:37,685 [grpc-default-executor-3] WARN  server.GrpcLogAppender (LogUtils.java:warn(122)) - c8c4da50-09a5-4319-9b45-94eabdb6bd98@group-9EE5C350FFCC->c5c6d7e9-010e-4dff-b525-0995d1efc2dc-AppendLogResponseHandler: Failed appendEntries: org.apache.ratis.thirdparty.io.grpc.StatusRuntimeException: UNAVAILABLE: io exception
2022-03-01 14:07:37,685 [grpc-default-executor-3] INFO  leader.FollowerInfo (FollowerInfoImpl.java:lambda$new$0(47)) - c8c4da50-09a5-4319-9b45-94eabdb6bd98@group-9EE5C350FFCC->c5c6d7e9-010e-4dff-b525-0995d1efc2dc: nextIndex: updateUnconditionally 29 -> 28
2022-03-01 14:07:37,689 [grpc-default-executor-3] INFO  server.GrpcServerProtocolService (GrpcServerProtocolService.java:onCompleted(140)) - c8c4da50-09a5-4319-9b45-94eabdb6bd98: Completed APPEND_ENTRIES, lastRequest: 748cb913-fd30-47bb-8b51-1fb8fbe69c23->c8c4da50-09a5-4319-9b45-94eabdb6bd98#1-t2,previous=(t:0, i:0),leaderCommit=-1,initializing? true,entries: size=1, first=(t:2, i:0), CONFIGURATIONENTRY
2022-03-01 14:07:37,690 [grpc-default-executor-1] INFO  server.GrpcLogAppender (GrpcLogAppender.java:onError(335)) - 748cb913-fd30-47bb-8b51-1fb8fbe69c23@group-AC61AF4ED8BC->c5c6d7e9-010e-4dff-b525-0995d1efc2dc-GrpcLogAppender is stopped
2022-03-01 14:07:37,705 [ForkJoinPool.commonPool-worker-0] INFO  server.GrpcService (GrpcService.java:closeImpl(271)) - c5c6d7e9-010e-4dff-b525-0995d1efc2dc: shutdown server with port 42291 successfully
2022-03-01 14:07:37,705 [org.apache.ratis.util.JvmPauseMonitor$$Lambda$421/1299661385@53178350] INFO  util.JvmPauseMonitor (JvmPauseMonitor.java:run(109)) - JvmPauseMonitor-c5c6d7e9-010e-4dff-b525-0995d1efc2dc: Stopped
2022-03-01 14:07:37,707 [grpc-default-executor-0] WARN  server.GrpcLogAppender (LogUtils.java:warn(122)) - c8c4da50-09a5-4319-9b45-94eabdb6bd98@group-9EE5C350FFCC->748cb913-fd30-47bb-8b51-1fb8fbe69c23-AppendLogResponseHandler: Failed appendEntries: org.apache.ratis.thirdparty.io.grpc.StatusRuntimeException: UNAVAILABLE: io exception
2022-03-01 14:07:37,708 [grpc-default-executor-0] INFO  leader.FollowerInfo (FollowerInfoImpl.java:lambda$new$0(47)) - c8c4da50-09a5-4319-9b45-94eabdb6bd98@group-9EE5C350FFCC->748cb913-fd30-47bb-8b51-1fb8fbe69c23: nextIndex: updateUnconditionally 29 -> 28
2022-03-01 14:07:37,708 [grpc-default-executor-0] INFO  server.GrpcLogAppender (GrpcLogAppender.java:onCompleted(346)) - 748cb913-fd30-47bb-8b51-1fb8fbe69c23@group-AC61AF4ED8BC->c8c4da50-09a5-4319-9b45-94eabdb6bd98-AppendLogResponseHandler: follower responses appendEntries COMPLETED
2022-03-01 14:07:37,708 [grpc-default-executor-0] WARN  server.GrpcLogAppender (GrpcLogAppender.java:resetClient(116)) - 748cb913-fd30-47bb-8b51-1fb8fbe69c23@group-AC61AF4ED8BC->c8c4da50-09a5-4319-9b45-94eabdb6bd98-GrpcLogAppender: Failed to getClient for c8c4da50-09a5-4319-9b45-94eabdb6bd98
org.apache.ratis.protocol.exceptions.AlreadyClosedException: 748cb913-fd30-47bb-8b51-1fb8fbe69c23 is already CLOSED
	at org.apache.ratis.util.PeerProxyMap$PeerAndProxy.getProxy(PeerProxyMap.java:60)
	at org.apache.ratis.util.PeerProxyMap.getProxy(PeerProxyMap.java:114)
	at org.apache.ratis.grpc.server.GrpcLogAppender.getClient(GrpcLogAppender.java:95)
	at org.apache.ratis.grpc.server.GrpcLogAppender.resetClient(GrpcLogAppender.java:100)
	at org.apache.ratis.grpc.server.GrpcLogAppender.access$500(GrpcLogAppender.java:53)
	at org.apache.ratis.grpc.server.GrpcLogAppender$AppendLogResponseHandler.onCompleted(GrpcLogAppender.java:347)
	at org.apache.ratis.thirdparty.io.grpc.stub.ClientCalls$StreamObserverToCallListenerAdapter.onClose(ClientCalls.java:476)
	at org.apache.ratis.thirdparty.io.grpc.internal.ClientCallImpl.closeObserver(ClientCallImpl.java:616)
	at org.apache.ratis.thirdparty.io.grpc.internal.ClientCallImpl.access$300(ClientCallImpl.java:69)
	at org.apache.ratis.thirdparty.io.grpc.internal.ClientCallImpl$ClientStreamListenerImpl$1StreamClosed.runInternal(ClientCallImpl.java:802)
	at org.apache.ratis.thirdparty.io.grpc.internal.ClientCallImpl$ClientStreamListenerImpl$1StreamClosed.runInContext(ClientCallImpl.java:781)
	at org.apache.ratis.thirdparty.io.grpc.internal.ContextRunnable.run(ContextRunnable.java:37)
	at org.apache.ratis.thirdparty.io.grpc.internal.SerializingExecutor.run(SerializingExecutor.java:123)
	at java.util.concurrent.ThreadPoolExecutor.runWorker(ThreadPoolExecutor.java:1149)
	at java.util.concurrent.ThreadPoolExecutor$Worker.run(ThreadPoolExecutor.java:624)
	at java.lang.Thread.run(Thread.java:750)
2022-03-01 14:07:37,709 [Listener at 127.0.0.1/33581] INFO  server.GrpcService (GrpcService.java:closeImpl(271)) - 748cb913-fd30-47bb-8b51-1fb8fbe69c23: shutdown server with port 38409 successfully
2022-03-01 14:07:37,709 [org.apache.ratis.util.JvmPauseMonitor$$Lambda$421/1299661385@5a19e91d] INFO  util.JvmPauseMonitor (JvmPauseMonitor.java:run(109)) - JvmPauseMonitor-748cb913-fd30-47bb-8b51-1fb8fbe69c23: Stopped
2022-03-01 14:07:39,713 [ForkJoinPool.commonPool-worker-0] INFO  utils.BackgroundService (BackgroundService.java:shutdown(132)) - Shutting down service BlockDeletingService
2022-03-01 14:07:39,721 [Listener at 127.0.0.1/33581] INFO  utils.BackgroundService (BackgroundService.java:shutdown(132)) - Shutting down service BlockDeletingService
2022-03-01 14:07:40,185 [grpc-default-executor-0] WARN  server.GrpcLogAppender (LogUtils.java:warn(122)) - c8c4da50-09a5-4319-9b45-94eabdb6bd98@group-9EE5C350FFCC->c5c6d7e9-010e-4dff-b525-0995d1efc2dc-AppendLogResponseHandler: Failed appendEntries: org.apache.ratis.thirdparty.io.grpc.StatusRuntimeException: UNAVAILABLE: io exception
2022-03-01 14:07:40,186 [grpc-default-executor-0] INFO  leader.FollowerInfo (FollowerInfoImpl.java:lambda$new$0(47)) - c8c4da50-09a5-4319-9b45-94eabdb6bd98@group-9EE5C350FFCC->c5c6d7e9-010e-4dff-b525-0995d1efc2dc: nextIndex: updateUnconditionally 29 -> 28
2022-03-01 14:07:40,189 [grpc-default-executor-0] WARN  server.GrpcLogAppender (LogUtils.java:warn(122)) - c8c4da50-09a5-4319-9b45-94eabdb6bd98@group-9EE5C350FFCC->748cb913-fd30-47bb-8b51-1fb8fbe69c23-AppendLogResponseHandler: Failed appendEntries: org.apache.ratis.thirdparty.io.grpc.StatusRuntimeException: UNAVAILABLE: io exception
2022-03-01 14:07:40,189 [grpc-default-executor-0] INFO  leader.FollowerInfo (FollowerInfoImpl.java:lambda$new$0(47)) - c8c4da50-09a5-4319-9b45-94eabdb6bd98@group-9EE5C350FFCC->748cb913-fd30-47bb-8b51-1fb8fbe69c23: nextIndex: updateUnconditionally 29 -> 28
2022-03-01 14:07:42,686 [grpc-default-executor-0] WARN  server.GrpcLogAppender (LogUtils.java:warn(122)) - c8c4da50-09a5-4319-9b45-94eabdb6bd98@group-9EE5C350FFCC->c5c6d7e9-010e-4dff-b525-0995d1efc2dc-AppendLogResponseHandler: Failed appendEntries: org.apache.ratis.thirdparty.io.grpc.StatusRuntimeException: UNAVAILABLE: io exception
2022-03-01 14:07:42,687 [grpc-default-executor-0] INFO  leader.FollowerInfo (FollowerInfoImpl.java:lambda$new$0(47)) - c8c4da50-09a5-4319-9b45-94eabdb6bd98@group-9EE5C350FFCC->c5c6d7e9-010e-4dff-b525-0995d1efc2dc: nextIndex: updateUnconditionally 29 -> 28
2022-03-01 14:07:42,688 [grpc-default-executor-0] WARN  server.GrpcLogAppender (LogUtils.java:warn(122)) - c8c4da50-09a5-4319-9b45-94eabdb6bd98@group-9EE5C350FFCC->748cb913-fd30-47bb-8b51-1fb8fbe69c23-AppendLogResponseHandler: Failed appendEntries: org.apache.ratis.thirdparty.io.grpc.StatusRuntimeException: UNAVAILABLE: io exception
2022-03-01 14:07:42,699 [grpc-default-executor-0] INFO  leader.FollowerInfo (FollowerInfoImpl.java:lambda$new$0(47)) - c8c4da50-09a5-4319-9b45-94eabdb6bd98@group-9EE5C350FFCC->748cb913-fd30-47bb-8b51-1fb8fbe69c23: nextIndex: updateUnconditionally 29 -> 28
2022-03-01 14:07:42,733 [ForkJoinPool.commonPool-worker-0] INFO  statemachine.DatanodeStateMachine (DatanodeStateMachine.java:stopDaemon(529)) - Ozone container server stopped.
2022-03-01 14:07:42,733 [Listener at 127.0.0.1/33581] INFO  statemachine.DatanodeStateMachine (DatanodeStateMachine.java:stopDaemon(529)) - Ozone container server stopped.
2022-03-01 14:07:42,747 [Listener at 127.0.0.1/33581] INFO  handler.ContextHandler (ContextHandler.java:doStop(1153)) - Stopped o.e.j.w.WebAppContext@84a9f40{hddsDatanode,/,null,STOPPED}{jar:file:/home/runner/.m2/repository/org/apache/ozone/hdds-container-service/1.3.0-SNAPSHOT/hdds-container-service-1.3.0-SNAPSHOT.jar!/webapps/hddsDatanode}
2022-03-01 14:07:42,737 [ForkJoinPool.commonPool-worker-0] INFO  handler.ContextHandler (ContextHandler.java:doStop(1153)) - Stopped o.e.j.w.WebAppContext@2ba83c41{hddsDatanode,/,null,STOPPED}{jar:file:/home/runner/.m2/repository/org/apache/ozone/hdds-container-service/1.3.0-SNAPSHOT/hdds-container-service-1.3.0-SNAPSHOT.jar!/webapps/hddsDatanode}
2022-03-01 14:07:42,751 [Listener at 127.0.0.1/33581] INFO  server.AbstractConnector (AbstractConnector.java:doStop(381)) - Stopped ServerConnector@59aa07cf{HTTP/1.1, (http/1.1)}{0.0.0.0:0}
2022-03-01 14:07:42,751 [Listener at 127.0.0.1/33581] INFO  server.session (HouseKeeper.java:stopScavenging(149)) - node0 Stopped scavenging
2022-03-01 14:07:42,751 [Listener at 127.0.0.1/33581] INFO  handler.ContextHandler (ContextHandler.java:doStop(1153)) - Stopped o.e.j.s.ServletContextHandler@11090c52{static,/static,jar:file:/home/runner/.m2/repository/org/apache/ozone/hdds-container-service/1.3.0-SNAPSHOT/hdds-container-service-1.3.0-SNAPSHOT.jar!/webapps/static,STOPPED}
2022-03-01 14:07:42,751 [Listener at 127.0.0.1/33581] INFO  handler.ContextHandler (ContextHandler.java:doStop(1153)) - Stopped o.e.j.s.ServletContextHandler@128b1140{logs,/logs,file:///home/runner/work/ozone/ozone/hadoop-ozone/integration-test/target/log,STOPPED}
2022-03-01 14:07:42,752 [ForkJoinPool.commonPool-worker-0] INFO  server.AbstractConnector (AbstractConnector.java:doStop(381)) - Stopped ServerConnector@17444cb9{HTTP/1.1, (http/1.1)}{0.0.0.0:0}
2022-03-01 14:07:42,752 [ForkJoinPool.commonPool-worker-0] INFO  server.session (HouseKeeper.java:stopScavenging(149)) - node0 Stopped scavenging
2022-03-01 14:07:42,753 [ForkJoinPool.commonPool-worker-0] INFO  handler.ContextHandler (ContextHandler.java:doStop(1153)) - Stopped o.e.j.s.ServletContextHandler@5f21d461{static,/static,jar:file:/home/runner/.m2/repository/org/apache/ozone/hdds-container-service/1.3.0-SNAPSHOT/hdds-container-service-1.3.0-SNAPSHOT.jar!/webapps/static,STOPPED}
2022-03-01 14:07:42,754 [ForkJoinPool.commonPool-worker-0] INFO  handler.ContextHandler (ContextHandler.java:doStop(1153)) - Stopped o.e.j.s.ServletContextHandler@7b97c11{logs,/logs,file:///home/runner/work/ozone/ozone/hadoop-ozone/integration-test/target/log,STOPPED}
2022-03-01 14:07:43,647 [c8c4da50-09a5-4319-9b45-94eabdb6bd98@group-9EE5C350FFCC-LeaderStateImpl] WARN  server.RaftServer$Division (LeaderStateImpl.java:checkLeadership(974)) - c8c4da50-09a5-4319-9b45-94eabdb6bd98@group-9EE5C350FFCC-LeaderStateImpl: Lost leadership on term: 1. Election timeout: 5200ms. In charge for: 30186ms. Conf: 0: [c5c6d7e9-010e-4dff-b525-0995d1efc2dc|rpc:10.1.0.24:42291|dataStream:|priority:0, c8c4da50-09a5-4319-9b45-94eabdb6bd98|rpc:10.1.0.24:35017|dataStream:|priority:1, 748cb913-fd30-47bb-8b51-1fb8fbe69c23|rpc:10.1.0.24:38409|dataStream:|priority:0], old=null
2022-03-01 14:07:43,648 [c8c4da50-09a5-4319-9b45-94eabdb6bd98@group-9EE5C350FFCC-LeaderStateImpl] WARN  server.RaftServer$Division (LeaderStateImpl.java:lambda$checkLeadership$15(978)) - Follower c8c4da50-09a5-4319-9b45-94eabdb6bd98@group-9EE5C350FFCC->c5c6d7e9-010e-4dff-b525-0995d1efc2dc(c28,m28,n28, attendVote=true, lastRpcSendTime=962, lastRpcResponseTime=8408)
2022-03-01 14:07:43,648 [c8c4da50-09a5-4319-9b45-94eabdb6bd98@group-9EE5C350FFCC-LeaderStateImpl] WARN  server.RaftServer$Division (LeaderStateImpl.java:lambda$checkLeadership$15(978)) - Follower c8c4da50-09a5-4319-9b45-94eabdb6bd98@group-9EE5C350FFCC->748cb913-fd30-47bb-8b51-1fb8fbe69c23(c28,m28,n28, attendVote=true, lastRpcSendTime=960, lastRpcResponseTime=8394)
2022-03-01 14:07:43,648 [c8c4da50-09a5-4319-9b45-94eabdb6bd98@group-9EE5C350FFCC-LeaderStateImpl] INFO  server.RaftServer$Division (RaftServerImpl.java:setRole(290)) - c8c4da50-09a5-4319-9b45-94eabdb6bd98@group-9EE5C350FFCC: changes role from    LEADER to FOLLOWER at term 1 for StepDownReason:LOST_MAJORITY_HEARTBEATS
2022-03-01 14:07:43,648 [c8c4da50-09a5-4319-9b45-94eabdb6bd98@group-9EE5C350FFCC-LeaderStateImpl] INFO  impl.RoleInfo (RoleInfo.java:shutdownLeaderState(91)) - c8c4da50-09a5-4319-9b45-94eabdb6bd98: shutdown c8c4da50-09a5-4319-9b45-94eabdb6bd98@group-9EE5C350FFCC-LeaderStateImpl
2022-03-01 14:07:43,648 [c8c4da50-09a5-4319-9b45-94eabdb6bd98@group-9EE5C350FFCC-LeaderStateImpl] INFO  impl.PendingRequests (PendingRequests.java:sendNotLeaderResponses(282)) - c8c4da50-09a5-4319-9b45-94eabdb6bd98@group-9EE5C350FFCC-PendingRequests: sendNotLeaderResponses
2022-03-01 14:07:43,649 [c8c4da50-09a5-4319-9b45-94eabdb6bd98@group-9EE5C350FFCC->748cb913-fd30-47bb-8b51-1fb8fbe69c23-GrpcLogAppender-LogAppenderDaemon] WARN  server.GrpcLogAppender (GrpcLogAppender.java:mayWait(177)) - c8c4da50-09a5-4319-9b45-94eabdb6bd98@group-9EE5C350FFCC->748cb913-fd30-47bb-8b51-1fb8fbe69c23-GrpcLogAppender: Wait interrupted by java.lang.InterruptedException
2022-03-01 14:07:43,649 [c8c4da50-09a5-4319-9b45-94eabdb6bd98@group-9EE5C350FFCC->c5c6d7e9-010e-4dff-b525-0995d1efc2dc-GrpcLogAppender-LogAppenderDaemon] WARN  server.GrpcLogAppender (GrpcLogAppender.java:mayWait(177)) - c8c4da50-09a5-4319-9b45-94eabdb6bd98@group-9EE5C350FFCC->c5c6d7e9-010e-4dff-b525-0995d1efc2dc-GrpcLogAppender: Wait interrupted by java.lang.InterruptedException
2022-03-01 14:07:43,649 [c8c4da50-09a5-4319-9b45-94eabdb6bd98@group-9EE5C350FFCC-LeaderStateImpl] INFO  impl.RoleInfo (RoleInfo.java:updateAndGet(130)) - c8c4da50-09a5-4319-9b45-94eabdb6bd98: start c8c4da50-09a5-4319-9b45-94eabdb6bd98@group-9EE5C350FFCC-FollowerState
2022-03-01 14:07:43,794 [c8c4da50-09a5-4319-9b45-94eabdb6bd98@group-AC61AF4ED8BC-FollowerState] INFO  impl.FollowerState (FollowerState.java:run(134)) - c8c4da50-09a5-4319-9b45-94eabdb6bd98@group-AC61AF4ED8BC-FollowerState: change to CANDIDATE, lastRpcElapsedTime:7820974070ns, electionTimeout:5046ms
2022-03-01 14:07:43,794 [c8c4da50-09a5-4319-9b45-94eabdb6bd98@group-AC61AF4ED8BC-FollowerState] INFO  impl.RoleInfo (RoleInfo.java:shutdownFollowerState(108)) - c8c4da50-09a5-4319-9b45-94eabdb6bd98: shutdown c8c4da50-09a5-4319-9b45-94eabdb6bd98@group-AC61AF4ED8BC-FollowerState
2022-03-01 14:07:43,794 [c8c4da50-09a5-4319-9b45-94eabdb6bd98@group-AC61AF4ED8BC-FollowerState] INFO  server.RaftServer$Division (RaftServerImpl.java:setRole(290)) - c8c4da50-09a5-4319-9b45-94eabdb6bd98@group-AC61AF4ED8BC: changes role from  FOLLOWER to CANDIDATE at term 2 for changeToCandidate
2022-03-01 14:07:43,794 [c8c4da50-09a5-4319-9b45-94eabdb6bd98@group-AC61AF4ED8BC-FollowerState] INFO  server.RaftServerConfigKeys (ConfUtils.java:logGet(44)) - raft.server.leaderelection.pre-vote = false (custom)
2022-03-01 14:07:43,794 [c8c4da50-09a5-4319-9b45-94eabdb6bd98@group-AC61AF4ED8BC-FollowerState] INFO  impl.RoleInfo (RoleInfo.java:updateAndGet(130)) - c8c4da50-09a5-4319-9b45-94eabdb6bd98: start c8c4da50-09a5-4319-9b45-94eabdb6bd98@group-AC61AF4ED8BC-LeaderElection32
2022-03-01 14:07:43,813 [c8c4da50-09a5-4319-9b45-94eabdb6bd98@group-AC61AF4ED8BC-LeaderElection32] INFO  server.RaftServer$Division (ServerState.java:setLeader(285)) - c8c4da50-09a5-4319-9b45-94eabdb6bd98@group-AC61AF4ED8BC: change Leader from 748cb913-fd30-47bb-8b51-1fb8fbe69c23 to null at term 2 for ELECTION
2022-03-01 14:07:43,816 [c8c4da50-09a5-4319-9b45-94eabdb6bd98@group-AC61AF4ED8BC-LeaderElection32] INFO  impl.LeaderElection (LeaderElection.java:askForVotes(306)) - c8c4da50-09a5-4319-9b45-94eabdb6bd98@group-AC61AF4ED8BC-LeaderElection32 ELECTION round 0: submit vote requests at term 3 for 0: [c5c6d7e9-010e-4dff-b525-0995d1efc2dc|rpc:10.1.0.24:42291|dataStream:|priority:0, c8c4da50-09a5-4319-9b45-94eabdb6bd98|rpc:10.1.0.24:35017|dataStream:|priority:0, 748cb913-fd30-47bb-8b51-1fb8fbe69c23|rpc:10.1.0.24:38409|dataStream:|priority:1], old=null
2022-03-01 14:07:43,818 [c8c4da50-09a5-4319-9b45-94eabdb6bd98@group-AC61AF4ED8BC-LeaderElection32] INFO  impl.LeaderElection (LogUtils.java:infoOrTrace(137)) - c8c4da50-09a5-4319-9b45-94eabdb6bd98@group-AC61AF4ED8BC-LeaderElection32 got exception when requesting votes: java.util.concurrent.ExecutionException: org.apache.ratis.thirdparty.io.grpc.StatusRuntimeException: UNAVAILABLE: io exception
2022-03-01 14:07:43,820 [c8c4da50-09a5-4319-9b45-94eabdb6bd98@group-AC61AF4ED8BC-LeaderElection32] INFO  impl.LeaderElection (LogUtils.java:infoOrTrace(137)) - c8c4da50-09a5-4319-9b45-94eabdb6bd98@group-AC61AF4ED8BC-LeaderElection32 got exception when requesting votes: java.util.concurrent.ExecutionException: org.apache.ratis.thirdparty.io.grpc.StatusRuntimeException: UNAVAILABLE: io exception
2022-03-01 14:07:43,820 [c8c4da50-09a5-4319-9b45-94eabdb6bd98@group-AC61AF4ED8BC-LeaderElection32] INFO  impl.LeaderElection (LeaderElection.java:logAndReturn(89)) - c8c4da50-09a5-4319-9b45-94eabdb6bd98@group-AC61AF4ED8BC-LeaderElection32: ELECTION REJECTED received 0 response(s) and 2 exception(s):
2022-03-01 14:07:43,820 [c8c4da50-09a5-4319-9b45-94eabdb6bd98@group-AC61AF4ED8BC-LeaderElection32] INFO  impl.LeaderElection (LogUtils.java:infoOrTrace(137)) -   Exception 0: java.util.concurrent.ExecutionException: org.apache.ratis.thirdparty.io.grpc.StatusRuntimeException: UNAVAILABLE: io exception
2022-03-01 14:07:43,820 [c8c4da50-09a5-4319-9b45-94eabdb6bd98@group-AC61AF4ED8BC-LeaderElection32] INFO  impl.LeaderElection (LogUtils.java:infoOrTrace(137)) -   Exception 1: java.util.concurrent.ExecutionException: org.apache.ratis.thirdparty.io.grpc.StatusRuntimeException: UNAVAILABLE: io exception
2022-03-01 14:07:43,820 [c8c4da50-09a5-4319-9b45-94eabdb6bd98@group-AC61AF4ED8BC-LeaderElection32] INFO  impl.LeaderElection (LeaderElection.java:askForVotes(308)) - c8c4da50-09a5-4319-9b45-94eabdb6bd98@group-AC61AF4ED8BC-LeaderElection32 ELECTION round 0: result REJECTED
2022-03-01 14:07:43,820 [c8c4da50-09a5-4319-9b45-94eabdb6bd98@group-AC61AF4ED8BC-LeaderElection32] INFO  server.RaftServer$Division (RaftServerImpl.java:setRole(290)) - c8c4da50-09a5-4319-9b45-94eabdb6bd98@group-AC61AF4ED8BC: changes role from CANDIDATE to FOLLOWER at term 3 for REJECTED
2022-03-01 14:07:43,820 [c8c4da50-09a5-4319-9b45-94eabdb6bd98@group-AC61AF4ED8BC-LeaderElection32] INFO  impl.RoleInfo (RoleInfo.java:shutdownLeaderElection(121)) - c8c4da50-09a5-4319-9b45-94eabdb6bd98: shutdown c8c4da50-09a5-4319-9b45-94eabdb6bd98@group-AC61AF4ED8BC-LeaderElection32
2022-03-01 14:07:43,820 [c8c4da50-09a5-4319-9b45-94eabdb6bd98@group-AC61AF4ED8BC-LeaderElection32] INFO  impl.RoleInfo (RoleInfo.java:updateAndGet(130)) - c8c4da50-09a5-4319-9b45-94eabdb6bd98: start c8c4da50-09a5-4319-9b45-94eabdb6bd98@group-AC61AF4ED8BC-FollowerState
2022-03-01 14:07:47,757 [ForkJoinPool.commonPool-worker-0] INFO  ozoneimpl.OzoneContainer (OzoneContainer.java:stop(356)) - Attempting to stop container services.
2022-03-01 14:07:47,758 [ForkJoinPool.commonPool-worker-0] INFO  server.RaftServer (RaftServerProxy.java:lambda$close$6(391)) - c8c4da50-09a5-4319-9b45-94eabdb6bd98: close
2022-03-01 14:07:47,758 [ForkJoinPool.commonPool-worker-0] INFO  server.RaftServer$Division (RaftServerImpl.java:lambda$close$4(412)) - c8c4da50-09a5-4319-9b45-94eabdb6bd98@group-9EE5C350FFCC: shutdown
2022-03-01 14:07:47,758 [ForkJoinPool.commonPool-worker-0] INFO  util.JmxRegister (JmxRegister.java:unregister(73)) - Successfully un-registered JMX Bean with object name Ratis:service=RaftServer,group=group-9EE5C350FFCC,id=c8c4da50-09a5-4319-9b45-94eabdb6bd98
2022-03-01 14:07:47,758 [ForkJoinPool.commonPool-worker-0] INFO  impl.RoleInfo (RoleInfo.java:shutdownFollowerState(108)) - c8c4da50-09a5-4319-9b45-94eabdb6bd98: shutdown c8c4da50-09a5-4319-9b45-94eabdb6bd98@group-9EE5C350FFCC-FollowerState
2022-03-01 14:07:47,758 [ForkJoinPool.commonPool-worker-0] INFO  impl.StateMachineUpdater (StateMachineUpdater.java:stopAndJoin(149)) - c8c4da50-09a5-4319-9b45-94eabdb6bd98@group-9EE5C350FFCC-StateMachineUpdater: set stopIndex = 28
2022-03-01 14:07:47,758 [c8c4da50-09a5-4319-9b45-94eabdb6bd98@group-9EE5C350FFCC-FollowerState] INFO  impl.FollowerState (FollowerState.java:run(143)) - c8c4da50-09a5-4319-9b45-94eabdb6bd98@group-9EE5C350FFCC-FollowerState was interrupted: {}
java.lang.InterruptedException: sleep interrupted
	at java.lang.Thread.sleep(Native Method)
	at java.lang.Thread.sleep(Thread.java:342)
	at java.util.concurrent.TimeUnit.sleep(TimeUnit.java:386)
	at org.apache.ratis.util.TimeDuration.sleep(TimeDuration.java:324)
	at org.apache.ratis.util.TimeDuration.sleep(TimeDuration.java:309)
	at org.apache.ratis.server.impl.FollowerState.run(FollowerState.java:118)
2022-03-01 14:07:47,758 [c8c4da50-09a5-4319-9b45-94eabdb6bd98@group-9EE5C350FFCC-StateMachineUpdater] INFO  ratis.ContainerStateMachine (ContainerStateMachine.java:takeSnapshot(304)) - group-9EE5C350FFCC: Taking a snapshot at:(t:1, i:28) file /home/runner/work/ozone/ozone/hadoop-ozone/integration-test/target/test-dir/MiniOzoneClusterImpl-5212a7ac-80c3-46b0-8f30-1180f829ef0d/datanode-2/data/ratis/48c26799-b086-4efd-a7b8-9ee5c350ffcc/sm/snapshot.1_28
2022-03-01 14:07:47,781 [c8c4da50-09a5-4319-9b45-94eabdb6bd98@group-9EE5C350FFCC-StateMachineUpdater] INFO  ratis.ContainerStateMachine (ContainerStateMachine.java:takeSnapshot(315)) - group-9EE5C350FFCC: Finished taking a snapshot at:(t:1, i:28) file:/home/runner/work/ozone/ozone/hadoop-ozone/integration-test/target/test-dir/MiniOzoneClusterImpl-5212a7ac-80c3-46b0-8f30-1180f829ef0d/datanode-2/data/ratis/48c26799-b086-4efd-a7b8-9ee5c350ffcc/sm/snapshot.1_28 took: 22 ms
2022-03-01 14:07:47,781 [c8c4da50-09a5-4319-9b45-94eabdb6bd98@group-9EE5C350FFCC-StateMachineUpdater] INFO  impl.StateMachineUpdater (StateMachineUpdater.java:takeSnapshot(281)) - c8c4da50-09a5-4319-9b45-94eabdb6bd98@group-9EE5C350FFCC-StateMachineUpdater: Took a snapshot at index 28
2022-03-01 14:07:47,781 [c8c4da50-09a5-4319-9b45-94eabdb6bd98@group-9EE5C350FFCC-StateMachineUpdater] INFO  impl.StateMachineUpdater (StateMachineUpdater.java:lambda$new$0(89)) - c8c4da50-09a5-4319-9b45-94eabdb6bd98@group-9EE5C350FFCC-StateMachineUpdater: snapshotIndex: updateIncreasingly -1 -> 28
2022-03-01 14:07:47,782 [ForkJoinPool.commonPool-worker-0] INFO  server.RaftServer$Division (ServerState.java:close(419)) - c8c4da50-09a5-4319-9b45-94eabdb6bd98@group-9EE5C350FFCC: closes. applyIndex: 28
2022-03-01 14:07:47,782 [c8c4da50-09a5-4319-9b45-94eabdb6bd98@group-9EE5C350FFCC-SegmentedRaftLogWorker] INFO  segmented.SegmentedRaftLogWorker (SegmentedRaftLogWorker.java:run(327)) - c8c4da50-09a5-4319-9b45-94eabdb6bd98@group-9EE5C350FFCC-SegmentedRaftLogWorker was interrupted, exiting. There are 0 tasks remaining in the queue.
2022-03-01 14:07:47,785 [ForkJoinPool.commonPool-worker-0] INFO  segmented.SegmentedRaftLogWorker (SegmentedRaftLogWorker.java:close(237)) - c8c4da50-09a5-4319-9b45-94eabdb6bd98@group-9EE5C350FFCC-SegmentedRaftLogWorker close()
2022-03-01 14:07:47,786 [ForkJoinPool.commonPool-worker-0] INFO  server.RaftServer$Division (RaftServerImpl.java:lambda$close$4(412)) - c8c4da50-09a5-4319-9b45-94eabdb6bd98@group-AC61AF4ED8BC: shutdown
2022-03-01 14:07:47,787 [ForkJoinPool.commonPool-worker-0] INFO  util.JmxRegister (JmxRegister.java:unregister(73)) - Successfully un-registered JMX Bean with object name Ratis:service=RaftServer,group=group-AC61AF4ED8BC,id=c8c4da50-09a5-4319-9b45-94eabdb6bd98
2022-03-01 14:07:47,787 [ForkJoinPool.commonPool-worker-0] INFO  impl.RoleInfo (RoleInfo.java:shutdownFollowerState(108)) - c8c4da50-09a5-4319-9b45-94eabdb6bd98: shutdown c8c4da50-09a5-4319-9b45-94eabdb6bd98@group-AC61AF4ED8BC-FollowerState
2022-03-01 14:07:47,787 [ForkJoinPool.commonPool-worker-0] INFO  impl.StateMachineUpdater (StateMachineUpdater.java:stopAndJoin(149)) - c8c4da50-09a5-4319-9b45-94eabdb6bd98@group-AC61AF4ED8BC-StateMachineUpdater: set stopIndex = 0
2022-03-01 14:07:47,787 [c8c4da50-09a5-4319-9b45-94eabdb6bd98@group-AC61AF4ED8BC-FollowerState] INFO  impl.FollowerState (FollowerState.java:run(143)) - c8c4da50-09a5-4319-9b45-94eabdb6bd98@group-AC61AF4ED8BC-FollowerState was interrupted: {}
java.lang.InterruptedException: sleep interrupted
	at java.lang.Thread.sleep(Native Method)
	at java.lang.Thread.sleep(Thread.java:342)
	at java.util.concurrent.TimeUnit.sleep(TimeUnit.java:386)
	at org.apache.ratis.util.TimeDuration.sleep(TimeDuration.java:324)
	at org.apache.ratis.util.TimeDuration.sleep(TimeDuration.java:309)
	at org.apache.ratis.server.impl.FollowerState.run(FollowerState.java:118)
2022-03-01 14:07:47,787 [c8c4da50-09a5-4319-9b45-94eabdb6bd98@group-AC61AF4ED8BC-StateMachineUpdater] INFO  ratis.ContainerStateMachine (ContainerStateMachine.java:takeSnapshot(304)) - group-AC61AF4ED8BC: Taking a snapshot at:(t:2, i:0) file /home/runner/work/ozone/ozone/hadoop-ozone/integration-test/target/test-dir/MiniOzoneClusterImpl-5212a7ac-80c3-46b0-8f30-1180f829ef0d/datanode-2/data/ratis/99f74bcf-39fc-4e4d-9636-ac61af4ed8bc/sm/snapshot.2_0
2022-03-01 14:07:47,789 [c8c4da50-09a5-4319-9b45-94eabdb6bd98@group-AC61AF4ED8BC-StateMachineUpdater] INFO  ratis.ContainerStateMachine (ContainerStateMachine.java:takeSnapshot(315)) - group-AC61AF4ED8BC: Finished taking a snapshot at:(t:2, i:0) file:/home/runner/work/ozone/ozone/hadoop-ozone/integration-test/target/test-dir/MiniOzoneClusterImpl-5212a7ac-80c3-46b0-8f30-1180f829ef0d/datanode-2/data/ratis/99f74bcf-39fc-4e4d-9636-ac61af4ed8bc/sm/snapshot.2_0 took: 2 ms
2022-03-01 14:07:47,789 [c8c4da50-09a5-4319-9b45-94eabdb6bd98@group-AC61AF4ED8BC-StateMachineUpdater] INFO  impl.StateMachineUpdater (StateMachineUpdater.java:takeSnapshot(281)) - c8c4da50-09a5-4319-9b45-94eabdb6bd98@group-AC61AF4ED8BC-StateMachineUpdater: Took a snapshot at index 0
2022-03-01 14:07:47,789 [c8c4da50-09a5-4319-9b45-94eabdb6bd98@group-AC61AF4ED8BC-StateMachineUpdater] INFO  impl.StateMachineUpdater (StateMachineUpdater.java:lambda$new$0(89)) - c8c4da50-09a5-4319-9b45-94eabdb6bd98@group-AC61AF4ED8BC-StateMachineUpdater: snapshotIndex: updateIncreasingly -1 -> 0
2022-03-01 14:07:47,790 [ForkJoinPool.commonPool-worker-0] INFO  server.RaftServer$Division (ServerState.java:close(419)) - c8c4da50-09a5-4319-9b45-94eabdb6bd98@group-AC61AF4ED8BC: closes. applyIndex: 0
2022-03-01 14:07:47,790 [c8c4da50-09a5-4319-9b45-94eabdb6bd98@group-AC61AF4ED8BC-SegmentedRaftLogWorker] INFO  segmented.SegmentedRaftLogWorker (SegmentedRaftLogWorker.java:run(327)) - c8c4da50-09a5-4319-9b45-94eabdb6bd98@group-AC61AF4ED8BC-SegmentedRaftLogWorker was interrupted, exiting. There are 0 tasks remaining in the queue.
2022-03-01 14:07:47,790 [ForkJoinPool.commonPool-worker-0] INFO  segmented.SegmentedRaftLogWorker (SegmentedRaftLogWorker.java:close(237)) - c8c4da50-09a5-4319-9b45-94eabdb6bd98@group-AC61AF4ED8BC-SegmentedRaftLogWorker close()
2022-03-01 14:07:47,791 [ForkJoinPool.commonPool-worker-0] INFO  server.RaftServer$Division (RaftServerImpl.java:lambda$close$4(412)) - c8c4da50-09a5-4319-9b45-94eabdb6bd98@group-AAFFAA525CFA: shutdown
2022-03-01 14:07:47,791 [ForkJoinPool.commonPool-worker-0] INFO  util.JmxRegister (JmxRegister.java:unregister(73)) - Successfully un-registered JMX Bean with object name Ratis:service=RaftServer,group=group-AAFFAA525CFA,id=c8c4da50-09a5-4319-9b45-94eabdb6bd98
2022-03-01 14:07:47,791 [ForkJoinPool.commonPool-worker-0] INFO  impl.RoleInfo (RoleInfo.java:shutdownLeaderState(91)) - c8c4da50-09a5-4319-9b45-94eabdb6bd98: shutdown c8c4da50-09a5-4319-9b45-94eabdb6bd98@group-AAFFAA525CFA-LeaderStateImpl
2022-03-01 14:07:47,791 [ForkJoinPool.commonPool-worker-0] INFO  impl.PendingRequests (PendingRequests.java:sendNotLeaderResponses(282)) - c8c4da50-09a5-4319-9b45-94eabdb6bd98@group-AAFFAA525CFA-PendingRequests: sendNotLeaderResponses
2022-03-01 14:07:47,792 [c8c4da50-09a5-4319-9b45-94eabdb6bd98@group-AAFFAA525CFA-StateMachineUpdater] INFO  ratis.ContainerStateMachine (ContainerStateMachine.java:takeSnapshot(304)) - group-AAFFAA525CFA: Taking a snapshot at:(t:1, i:0) file /home/runner/work/ozone/ozone/hadoop-ozone/integration-test/target/test-dir/MiniOzoneClusterImpl-5212a7ac-80c3-46b0-8f30-1180f829ef0d/datanode-2/data/ratis/e7d23ddf-9289-4dad-8a23-aaffaa525cfa/sm/snapshot.1_0
2022-03-01 14:07:47,792 [ForkJoinPool.commonPool-worker-0] INFO  impl.StateMachineUpdater (StateMachineUpdater.java:stopAndJoin(149)) - c8c4da50-09a5-4319-9b45-94eabdb6bd98@group-AAFFAA525CFA-StateMachineUpdater: set stopIndex = 0
2022-03-01 14:07:47,792 [c8c4da50-09a5-4319-9b45-94eabdb6bd98@group-AAFFAA525CFA-StateMachineUpdater] INFO  ratis.ContainerStateMachine (ContainerStateMachine.java:takeSnapshot(315)) - group-AAFFAA525CFA: Finished taking a snapshot at:(t:1, i:0) file:/home/runner/work/ozone/ozone/hadoop-ozone/integration-test/target/test-dir/MiniOzoneClusterImpl-5212a7ac-80c3-46b0-8f30-1180f829ef0d/datanode-2/data/ratis/e7d23ddf-9289-4dad-8a23-aaffaa525cfa/sm/snapshot.1_0 took: 1 ms
2022-03-01 14:07:47,793 [c8c4da50-09a5-4319-9b45-94eabdb6bd98@group-AAFFAA525CFA-StateMachineUpdater] INFO  impl.StateMachineUpdater (StateMachineUpdater.java:takeSnapshot(281)) - c8c4da50-09a5-4319-9b45-94eabdb6bd98@group-AAFFAA525CFA-StateMachineUpdater: Took a snapshot at index 0
2022-03-01 14:07:47,793 [c8c4da50-09a5-4319-9b45-94eabdb6bd98@group-AAFFAA525CFA-StateMachineUpdater] INFO  impl.StateMachineUpdater (StateMachineUpdater.java:lambda$new$0(89)) - c8c4da50-09a5-4319-9b45-94eabdb6bd98@group-AAFFAA525CFA-StateMachineUpdater: snapshotIndex: updateIncreasingly -1 -> 0
2022-03-01 14:07:47,793 [ForkJoinPool.commonPool-worker-0] INFO  server.RaftServer$Division (ServerState.java:close(419)) - c8c4da50-09a5-4319-9b45-94eabdb6bd98@group-AAFFAA525CFA: closes. applyIndex: 0
2022-03-01 14:07:47,793 [c8c4da50-09a5-4319-9b45-94eabdb6bd98@group-AAFFAA525CFA-SegmentedRaftLogWorker] INFO  segmented.SegmentedRaftLogWorker (SegmentedRaftLogWorker.java:run(327)) - c8c4da50-09a5-4319-9b45-94eabdb6bd98@group-AAFFAA525CFA-SegmentedRaftLogWorker was interrupted, exiting. There are 0 tasks remaining in the queue.
2022-03-01 14:07:47,793 [ForkJoinPool.commonPool-worker-0] INFO  segmented.SegmentedRaftLogWorker (SegmentedRaftLogWorker.java:close(237)) - c8c4da50-09a5-4319-9b45-94eabdb6bd98@group-AAFFAA525CFA-SegmentedRaftLogWorker close()
2022-03-01 14:07:47,793 [ForkJoinPool.commonPool-worker-0] INFO  server.GrpcService (GrpcService.java:closeImpl(262)) - c8c4da50-09a5-4319-9b45-94eabdb6bd98: shutdown server with port 35017 now
2022-03-01 14:07:47,826 [grpc-default-executor-0] WARN  client.GrpcClientProtocolService (LogUtils.java:warn(122)) - 1-UnorderedRequestStreamObserver1: onError: org.apache.ratis.thirdparty.io.grpc.StatusRuntimeException: CANCELLED: client cancelled
2022-03-01 14:07:47,827 [ForkJoinPool.commonPool-worker-0] INFO  server.GrpcService (GrpcService.java:closeImpl(271)) - c8c4da50-09a5-4319-9b45-94eabdb6bd98: shutdown server with port 35017 successfully
2022-03-01 14:07:47,827 [org.apache.ratis.util.JvmPauseMonitor$$Lambda$421/1299661385@25199d3a] INFO  util.JvmPauseMonitor (JvmPauseMonitor.java:run(109)) - JvmPauseMonitor-c8c4da50-09a5-4319-9b45-94eabdb6bd98: Stopped
2022-03-01 14:07:49,854 [ForkJoinPool.commonPool-worker-0] INFO  utils.BackgroundService (BackgroundService.java:shutdown(132)) - Shutting down service BlockDeletingService
2022-03-01 14:07:52,861 [ForkJoinPool.commonPool-worker-0] INFO  statemachine.DatanodeStateMachine (DatanodeStateMachine.java:stopDaemon(529)) - Ozone container server stopped.
2022-03-01 14:07:52,866 [ForkJoinPool.commonPool-worker-0] INFO  handler.ContextHandler (ContextHandler.java:doStop(1153)) - Stopped o.e.j.w.WebAppContext@5ee1a359{hddsDatanode,/,null,STOPPED}{jar:file:/home/runner/.m2/repository/org/apache/ozone/hdds-container-service/1.3.0-SNAPSHOT/hdds-container-service-1.3.0-SNAPSHOT.jar!/webapps/hddsDatanode}
2022-03-01 14:07:52,866 [ForkJoinPool.commonPool-worker-0] INFO  server.AbstractConnector (AbstractConnector.java:doStop(381)) - Stopped ServerConnector@4b1812a8{HTTP/1.1, (http/1.1)}{0.0.0.0:0}
2022-03-01 14:07:52,866 [ForkJoinPool.commonPool-worker-0] INFO  server.session (HouseKeeper.java:stopScavenging(149)) - node0 Stopped scavenging
2022-03-01 14:07:52,867 [ForkJoinPool.commonPool-worker-0] INFO  handler.ContextHandler (ContextHandler.java:doStop(1153)) - Stopped o.e.j.s.ServletContextHandler@39c830cb{static,/static,jar:file:/home/runner/.m2/repository/org/apache/ozone/hdds-container-service/1.3.0-SNAPSHOT/hdds-container-service-1.3.0-SNAPSHOT.jar!/webapps/static,STOPPED}
2022-03-01 14:07:52,867 [ForkJoinPool.commonPool-worker-0] INFO  handler.ContextHandler (ContextHandler.java:doStop(1153)) - Stopped o.e.j.s.ServletContextHandler@74dc61a0{logs,/logs,file:///home/runner/work/ozone/ozone/hadoop-ozone/integration-test/target/log,STOPPED}
2022-03-01 14:07:52,871 [Listener at 127.0.0.1/33581] INFO  ozone.MiniOzoneClusterImpl (MiniOzoneClusterImpl.java:stopSCM(538)) - Stopping the StorageContainerManager
2022-03-01 14:07:52,871 [Listener at 127.0.0.1/33581] INFO  server.StorageContainerManager (StorageContainerManager.java:stop(1417)) - Stopping Container Balancer service.
2022-03-01 14:07:52,871 [Listener at 127.0.0.1/33581] INFO  balancer.ContainerBalancer (ContainerBalancer.java:stop(751)) - Container Balancer is not running.
2022-03-01 14:07:52,871 [Listener at 127.0.0.1/33581] INFO  server.StorageContainerManager (StorageContainerManager.java:stop(1424)) - Stopping Replication Manager Service.
2022-03-01 14:07:52,871 [Listener at 127.0.0.1/33581] INFO  container.ReplicationManager (ReplicationManager.java:stop(357)) - Stopping Replication Monitor Thread.
2022-03-01 14:07:52,872 [Listener at 127.0.0.1/33581] INFO  server.StorageContainerManager (StorageContainerManager.java:stop(1431)) - Stopping the Datanode Admin Monitor.
2022-03-01 14:07:52,872 [Listener at 127.0.0.1/33581] INFO  server.StorageContainerManager (StorageContainerManager.java:stop(1438)) - Stopping Lease Manager of the command watchers
2022-03-01 14:07:52,872 [Listener at 127.0.0.1/33581] INFO  server.StorageContainerManager (StorageContainerManager.java:stop(1445)) - Stopping datanode service RPC server
2022-03-01 14:07:52,872 [Listener at 127.0.0.1/33581] INFO  server.SCMDatanodeProtocolServer (SCMDatanodeProtocolServer.java:stop(391)) - Stopping the RPC server for DataNodes
2022-03-01 14:07:52,872 [Listener at 127.0.0.1/33581] INFO  ipc.Server (Server.java:stop(3414)) - Stopping server on 44569
2022-03-01 14:07:52,874 [IPC Server Responder] INFO  ipc.Server (Server.java:run(1512)) - Stopping IPC Server Responder
2022-03-01 14:07:52,875 [IPC Server listener on 0] INFO  ipc.Server (Server.java:run(1376)) - Stopping IPC Server listener on 0
2022-03-01 14:07:52,973 [SCM Heartbeat Processing Thread - 0] WARN  node.NodeStateManager (NodeStateManager.java:scheduleNextHealthCheck(815)) - Current Thread is interrupted, shutting down HB processing thread for Node Manager.
2022-03-01 14:07:52,974 [Listener at 127.0.0.1/33581] INFO  server.StorageContainerManager (StorageContainerManager.java:stop(1453)) - Stopping block service RPC server
2022-03-01 14:07:52,974 [Listener at 127.0.0.1/33581] INFO  server.SCMBlockProtocolServer (SCMBlockProtocolServer.java:stop(160)) - Stopping the RPC server for Block Protocol
2022-03-01 14:07:52,974 [Listener at 127.0.0.1/33581] INFO  ipc.Server (Server.java:stop(3414)) - Stopping server on 40439
2022-03-01 14:07:52,984 [IPC Server Responder] INFO  ipc.Server (Server.java:run(1512)) - Stopping IPC Server Responder
2022-03-01 14:07:52,984 [Listener at 127.0.0.1/33581] INFO  server.StorageContainerManager (StorageContainerManager.java:stop(1460)) - Stopping the StorageContainerLocationProtocol RPC server
2022-03-01 14:07:52,984 [Listener at 127.0.0.1/33581] INFO  server.SCMClientProtocolServer (SCMClientProtocolServer.java:stop(174)) - Stopping the RPC server for Client Protocol
2022-03-01 14:07:52,985 [Listener at 127.0.0.1/33581] INFO  ipc.Server (Server.java:stop(3414)) - Stopping server on 36849
2022-03-01 14:07:52,984 [IPC Server listener on 0] INFO  ipc.Server (Server.java:run(1376)) - Stopping IPC Server listener on 0
2022-03-01 14:07:52,995 [IPC Server listener on 0] INFO  ipc.Server (Server.java:run(1376)) - Stopping IPC Server listener on 0
2022-03-01 14:07:52,995 [Listener at 127.0.0.1/33581] INFO  server.StorageContainerManager (StorageContainerManager.java:stop(1467)) - Stopping Storage Container Manager HTTP server.
2022-03-01 14:07:52,996 [IPC Server Responder] INFO  ipc.Server (Server.java:run(1512)) - Stopping IPC Server Responder
2022-03-01 14:07:52,996 [Listener at 127.0.0.1/33581] INFO  handler.ContextHandler (ContextHandler.java:doStop(1153)) - Stopped o.e.j.w.WebAppContext@4f02391b{scm,/,null,STOPPED}{file:/home/runner/work/ozone/ozone/hadoop-ozone/integration-test/target/test-classes/webapps/scm}
2022-03-01 14:07:53,001 [Listener at 127.0.0.1/33581] INFO  server.AbstractConnector (AbstractConnector.java:doStop(381)) - Stopped ServerConnector@20ae77c8{HTTP/1.1, (http/1.1)}{0.0.0.0:0}
2022-03-01 14:07:53,002 [Listener at 127.0.0.1/33581] INFO  server.session (HouseKeeper.java:stopScavenging(149)) - node0 Stopped scavenging
2022-03-01 14:07:53,002 [Listener at 127.0.0.1/33581] INFO  handler.ContextHandler (ContextHandler.java:doStop(1153)) - Stopped o.e.j.s.ServletContextHandler@388c886{static,/static,file:///home/runner/work/ozone/ozone/hadoop-ozone/integration-test/target/test-classes/webapps/static,STOPPED}
2022-03-01 14:07:53,002 [Listener at 127.0.0.1/33581] INFO  handler.ContextHandler (ContextHandler.java:doStop(1153)) - Stopped o.e.j.s.ServletContextHandler@7cfe750a{logs,/logs,file:///home/runner/work/ozone/ozone/hadoop-ozone/integration-test/target/log,STOPPED}
2022-03-01 14:07:53,011 [Listener at 127.0.0.1/33581] INFO  server.StorageContainerManager (StorageContainerManager.java:stop(1478)) - Stopping Block Manager Service.
2022-03-01 14:07:53,012 [Listener at 127.0.0.1/33581] INFO  utils.BackgroundService (BackgroundService.java:shutdown(132)) - Shutting down service SCMBlockDeletingService
2022-03-01 14:07:53,012 [Listener at 127.0.0.1/33581] INFO  utils.BackgroundService (BackgroundService.java:shutdown(132)) - Shutting down service SCMBlockDeletingService
2022-03-01 14:07:53,012 [Listener at 127.0.0.1/33581] INFO  server.StorageContainerManager (StorageContainerManager.java:stop(1505)) - Stopping SCM Event Queue.
2022-03-01 14:07:53,018 [Listener at 127.0.0.1/33581] INFO  server.StorageContainerManager (StorageContainerManager.java:stop(1516)) - Stopping SCM HA services.
2022-03-01 14:07:53,018 [Listener at 127.0.0.1/33581] INFO  ha.SCMRatisServerImpl (SCMRatisServerImpl.java:stop(236)) - stopping ratis server 0.0.0.0:9894
2022-03-01 14:07:53,018 [Listener at 127.0.0.1/33581] INFO  server.RaftServer (RaftServerProxy.java:lambda$close$6(391)) - 180c4ed6-31c5-49f3-8fac-202ca6ca3c8a: close
2022-03-01 14:07:53,018 [Listener at 127.0.0.1/33581] INFO  server.RaftServer$Division (RaftServerImpl.java:lambda$close$4(412)) - 180c4ed6-31c5-49f3-8fac-202ca6ca3c8a@group-1180F829EF0D: shutdown
2022-03-01 14:07:53,019 [Listener at 127.0.0.1/33581] INFO  util.JmxRegister (JmxRegister.java:unregister(73)) - Successfully un-registered JMX Bean with object name Ratis:service=RaftServer,group=group-1180F829EF0D,id=180c4ed6-31c5-49f3-8fac-202ca6ca3c8a
2022-03-01 14:07:53,019 [Listener at 127.0.0.1/33581] INFO  impl.RoleInfo (RoleInfo.java:shutdownLeaderState(91)) - 180c4ed6-31c5-49f3-8fac-202ca6ca3c8a: shutdown 180c4ed6-31c5-49f3-8fac-202ca6ca3c8a@group-1180F829EF0D-LeaderStateImpl
2022-03-01 14:07:53,019 [Listener at 127.0.0.1/33581] INFO  impl.PendingRequests (PendingRequests.java:sendNotLeaderResponses(282)) - 180c4ed6-31c5-49f3-8fac-202ca6ca3c8a@group-1180F829EF0D-PendingRequests: sendNotLeaderResponses
2022-03-01 14:07:53,019 [Listener at 127.0.0.1/33581] INFO  ha.SCMStateMachine (SCMStateMachine.java:notifyNotLeader(190)) - current leader SCM steps down.
2022-03-01 14:07:53,019 [Listener at 127.0.0.1/33581] INFO  ha.SCMContext (SCMContext.java:updateLeaderAndTerm(90)) - update <isLeader,term> from <true,2> to <false,0>
2022-03-01 14:07:53,019 [Listener at 127.0.0.1/33581] INFO  ha.SCMContext (SCMContext.java:updateLeaderAndTerm(97)) - update <isLeaderReady> from <false> to <false>
2022-03-01 14:07:53,022 [180c4ed6-31c5-49f3-8fac-202ca6ca3c8a@group-1180F829EF0D-StateMachineUpdater] INFO  ha.SCMStateMachine (SCMStateMachine.java:takeSnapshot(297)) - Current Snapshot Index 34, takeSnapshot took 1 ms
2022-03-01 14:07:53,022 [180c4ed6-31c5-49f3-8fac-202ca6ca3c8a@group-1180F829EF0D-StateMachineUpdater] INFO  impl.StateMachineUpdater (StateMachineUpdater.java:takeSnapshot(281)) - 180c4ed6-31c5-49f3-8fac-202ca6ca3c8a@group-1180F829EF0D-StateMachineUpdater: Took a snapshot at index 34
2022-03-01 14:07:53,022 [180c4ed6-31c5-49f3-8fac-202ca6ca3c8a@group-1180F829EF0D-StateMachineUpdater] INFO  impl.StateMachineUpdater (StateMachineUpdater.java:lambda$new$0(89)) - 180c4ed6-31c5-49f3-8fac-202ca6ca3c8a@group-1180F829EF0D-StateMachineUpdater: snapshotIndex: updateIncreasingly -1 -> 34
2022-03-01 14:07:53,023 [Listener at 127.0.0.1/33581] INFO  impl.StateMachineUpdater (StateMachineUpdater.java:stopAndJoin(149)) - 180c4ed6-31c5-49f3-8fac-202ca6ca3c8a@group-1180F829EF0D-StateMachineUpdater: set stopIndex = 34
2022-03-01 14:07:53,023 [Listener at 127.0.0.1/33581] INFO  server.RaftServer$Division (ServerState.java:close(419)) - 180c4ed6-31c5-49f3-8fac-202ca6ca3c8a@group-1180F829EF0D: closes. applyIndex: 34
2022-03-01 14:07:53,023 [180c4ed6-31c5-49f3-8fac-202ca6ca3c8a@group-1180F829EF0D-SegmentedRaftLogWorker] INFO  segmented.SegmentedRaftLogWorker (SegmentedRaftLogWorker.java:run(327)) - 180c4ed6-31c5-49f3-8fac-202ca6ca3c8a@group-1180F829EF0D-SegmentedRaftLogWorker was interrupted, exiting. There are 0 tasks remaining in the queue.
2022-03-01 14:07:53,033 [Listener at 127.0.0.1/33581] INFO  segmented.SegmentedRaftLogWorker (SegmentedRaftLogWorker.java:close(237)) - 180c4ed6-31c5-49f3-8fac-202ca6ca3c8a@group-1180F829EF0D-SegmentedRaftLogWorker close()
2022-03-01 14:07:53,034 [Listener at 127.0.0.1/33581] INFO  server.GrpcService (GrpcService.java:closeImpl(262)) - 180c4ed6-31c5-49f3-8fac-202ca6ca3c8a: shutdown server with port 9894 now
2022-03-01 14:07:53,034 [Listener at 127.0.0.1/33581] INFO  server.GrpcService (GrpcService.java:closeImpl(271)) - 180c4ed6-31c5-49f3-8fac-202ca6ca3c8a: shutdown server with port 9894 successfully
2022-03-01 14:07:53,034 [org.apache.ratis.util.JvmPauseMonitor$$Lambda$421/1299661385@2af6e44c] INFO  util.JvmPauseMonitor (JvmPauseMonitor.java:run(109)) - JvmPauseMonitor-180c4ed6-31c5-49f3-8fac-202ca6ca3c8a: Stopped
2022-03-01 14:07:53,035 [Listener at 127.0.0.1/33581] INFO  pipeline.BackgroundPipelineCreator (BackgroundPipelineCreator.java:stop(158)) - Stopping RatisPipelineUtilsThread.
2022-03-01 14:07:53,036 [Listener at 127.0.0.1/33581] INFO  server.StorageContainerManager (StorageContainerManager.java:stop(1526)) - Stopping SCM MetadataStore.
2022-03-01 14:07:53,037 [Listener at 127.0.0.1/33581] INFO  impl.MetricsSystemImpl (MetricsSystemImpl.java:stop(210)) - Stopping HddsDatanode metrics system...
2022-03-01 14:07:53,059 [prometheus] INFO  impl.MetricsSinkAdapter (MetricsSinkAdapter.java:publishMetricsFromQueue(141)) - prometheus thread interrupted.
2022-03-01 14:07:53,059 [Listener at 127.0.0.1/33581] INFO  impl.MetricsSystemImpl (MetricsSystemImpl.java:stop(216)) - HddsDatanode metrics system stopped.
2022-03-01 14:07:53,185 [Listener at 127.0.0.1/33581] WARN  server.ServerUtils (ServerUtils.java:getScmDbDir(148)) - ozone.scm.db.dirs is not configured. We recommend adding this setting. Falling back to ozone.metadata.dirs instead.
2022-03-01 14:07:53,194 [Listener at 127.0.0.1/33581] INFO  ha.SCMHANodeDetails (SCMHANodeDetails.java:loadSCMHAConfig(157)) - ServiceID for StorageContainerManager is null
2022-03-01 14:07:53,194 [Listener at 127.0.0.1/33581] INFO  ha.SCMHANodeDetails (SCMHANodeDetails.java:loadSCMHAConfig(162)) - ozone.scm.default.service.id is not defined, falling back to ozone.scm.service.ids to find serviceID for StorageContainerManager if it is HA enabled cluster
2022-03-01 14:07:53,195 [Listener at 127.0.0.1/33581] INFO  server.RaftServer (ConfUtils.java:logGet(44)) - raft.rpc.type = GRPC (default)
2022-03-01 14:07:53,195 [Listener at 127.0.0.1/33581] INFO  grpc.GrpcFactory (GrpcFactory.java:checkPooledByteBufAllocatorUseCacheForAllThreads(48)) - PERFORMANCE WARNING: useCacheForAllThreads is true that may cause Netty to create a lot garbage objects and, as a result, trigger GC.
	It is recommended to disable useCacheForAllThreads by setting -Dorg.apache.ratis.thirdparty.io.netty.allocator.useCacheForAllThreads=false in command line.
2022-03-01 14:07:53,195 [Listener at 127.0.0.1/33581] INFO  grpc.GrpcConfigKeys (ConfUtils.java:logGet(44)) - raft.grpc.admin.port = -1 (default)
2022-03-01 14:07:53,196 [Listener at 127.0.0.1/33581] INFO  grpc.GrpcConfigKeys (ConfUtils.java:logGet(44)) - raft.grpc.server.port = 9894 (custom)
2022-03-01 14:07:53,196 [Listener at 127.0.0.1/33581] INFO  grpc.GrpcConfigKeys (ConfUtils.java:logGet(44)) - raft.grpc.client.port = -1 (default)
2022-03-01 14:07:53,196 [Listener at 127.0.0.1/33581] INFO  grpc.GrpcConfigKeys (ConfUtils.java:logGet(44)) - raft.grpc.server.port = 9894 (custom)
2022-03-01 14:07:53,196 [Listener at 127.0.0.1/33581] INFO  grpc.GrpcConfigKeys (ConfUtils.java:logGet(44)) - raft.grpc.server.port = 9894 (custom)
2022-03-01 14:07:53,196 [Listener at 127.0.0.1/33581] INFO  server.GrpcService (ConfUtils.java:logGet(44)) - raft.grpc.message.size.max = 32m (=33554432) (custom)
2022-03-01 14:07:53,196 [Listener at 127.0.0.1/33581] INFO  server.RaftServerConfigKeys (ConfUtils.java:logGet(44)) - raft.server.log.appender.buffer.byte-limit = 33554432 (custom)
2022-03-01 14:07:53,196 [Listener at 127.0.0.1/33581] INFO  server.GrpcService (ConfUtils.java:logGet(44)) - raft.grpc.flow.control.window = 1MB (=1048576) (default)
2022-03-01 14:07:53,196 [Listener at 127.0.0.1/33581] INFO  server.RaftServerConfigKeys (ConfUtils.java:logGet(44)) - raft.server.rpc.request.timeout = 30000ms (custom)
2022-03-01 14:07:53,198 [Listener at 127.0.0.1/33581] INFO  impl.DataStreamServerImpl (ConfUtils.java:logGet(44)) - raft.datastream.type = DISABLED (default)
2022-03-01 14:07:53,214 [Listener at 127.0.0.1/33581] INFO  server.RaftServerConfigKeys (ConfUtils.java:logGet(44)) - raft.server.rpc.slowness.timeout = 120000ms (custom)
2022-03-01 14:07:53,215 [Listener at 127.0.0.1/33581] INFO  server.RaftServerConfigKeys (ConfUtils.java:logGet(44)) - raft.server.leaderelection.leader.step-down.wait-time = 10s (default)
2022-03-01 14:07:53,215 [Listener at 127.0.0.1/33581] INFO  server.RaftServerConfigKeys (ConfUtils.java:logGet(44)) - raft.server.storage.dir = [/home/runner/work/ozone/ozone/hadoop-ozone/integration-test/target/test-dir/MiniOzoneClusterImpl-c3e143df-885d-4e44-9b94-c11d7991bd3d/ozone-meta/scm-ha] (custom)
2022-03-01 14:07:53,227 [Listener at 127.0.0.1/33581] INFO  server.RaftServer (RaftServerProxy.java:addNew(95)) - f6b4a54d-6093-4c4c-9970-ea333dfe749a: addNew group-C11D7991BD3D:[f6b4a54d-6093-4c4c-9970-ea333dfe749a|rpc:fv-az195-209:9894|priority:0] returns group-C11D7991BD3D:java.util.concurrent.CompletableFuture@5c10b993[Not completed]
2022-03-01 14:07:53,228 [pool-319-thread-1] INFO  server.RaftServer$Division (RaftServerImpl.java:<init>(184)) - f6b4a54d-6093-4c4c-9970-ea333dfe749a: new RaftServerImpl for group-C11D7991BD3D:[f6b4a54d-6093-4c4c-9970-ea333dfe749a|rpc:fv-az195-209:9894|priority:0] with SCMStateMachine:uninitialized
2022-03-01 14:07:53,229 [pool-319-thread-1] INFO  server.RaftServerConfigKeys (ConfUtils.java:logGet(44)) - raft.server.rpc.timeout.min = 5000ms (custom)
2022-03-01 14:07:53,229 [pool-319-thread-1] INFO  server.RaftServerConfigKeys (ConfUtils.java:logGet(44)) - raft.server.rpc.timeout.max = 5200ms (custom)
2022-03-01 14:07:53,229 [pool-319-thread-1] INFO  server.RaftServerConfigKeys (ConfUtils.java:logGet(44)) - raft.server.rpc.sleep.time = 25ms (default)
2022-03-01 14:07:53,229 [pool-319-thread-1] INFO  server.RaftServerConfigKeys (ConfUtils.java:logGet(44)) - raft.server.rpc.slowness.timeout = 120000ms (custom)
2022-03-01 14:07:53,229 [pool-319-thread-1] INFO  server.RaftServerConfigKeys (ConfUtils.java:logGet(44)) - raft.server.leaderelection.leader.step-down.wait-time = 10s (default)
2022-03-01 14:07:53,229 [pool-319-thread-1] INFO  server.RaftServerConfigKeys (ConfUtils.java:logGet(44)) - raft.server.sleep.deviation.threshold = 300ms (default)
2022-03-01 14:07:53,229 [pool-319-thread-1] INFO  server.RaftServerConfigKeys (ConfUtils.java:logGet(44)) - raft.server.log.appender.install.snapshot.enabled = false (custom)
2022-03-01 14:07:53,229 [pool-319-thread-1] INFO  server.RaftServer$Division (ServerState.java:<init>(105)) - f6b4a54d-6093-4c4c-9970-ea333dfe749a@group-C11D7991BD3D: ConfigurationManager, init=-1: [f6b4a54d-6093-4c4c-9970-ea333dfe749a|rpc:fv-az195-209:9894|priority:0], old=null, confs=<EMPTY_MAP>
2022-03-01 14:07:53,233 [pool-319-thread-1] INFO  server.RaftServerConfigKeys (ConfUtils.java:logGet(44)) - raft.server.storage.dir = [/home/runner/work/ozone/ozone/hadoop-ozone/integration-test/target/test-dir/MiniOzoneClusterImpl-c3e143df-885d-4e44-9b94-c11d7991bd3d/ozone-meta/scm-ha] (custom)
2022-03-01 14:07:53,233 [pool-319-thread-1] INFO  server.RaftServerConfigKeys (ConfUtils.java:logGet(44)) - raft.server.log.corruption.policy = EXCEPTION (default)
2022-03-01 14:07:53,233 [pool-319-thread-1] INFO  server.RaftServerConfigKeys (ConfUtils.java:logGet(44)) - raft.server.storage.free-space.min = 0MB (=0) (default)
2022-03-01 14:07:53,233 [pool-319-thread-1] INFO  storage.RaftStorageDirectory (RaftStorageDirectoryImpl.java:analyzeStorage(135)) - The storage directory /home/runner/work/ozone/ozone/hadoop-ozone/integration-test/target/test-dir/MiniOzoneClusterImpl-c3e143df-885d-4e44-9b94-c11d7991bd3d/ozone-meta/scm-ha/c3e143df-885d-4e44-9b94-c11d7991bd3d does not exist. Creating ...
2022-03-01 14:07:53,238 [pool-319-thread-1] INFO  storage.RaftStorageDirectory (RaftStorageDirectoryImpl.java:tryLock(230)) - Lock on /home/runner/work/ozone/ozone/hadoop-ozone/integration-test/target/test-dir/MiniOzoneClusterImpl-c3e143df-885d-4e44-9b94-c11d7991bd3d/ozone-meta/scm-ha/c3e143df-885d-4e44-9b94-c11d7991bd3d/in_use.lock acquired by nodename 10349@fv-az195-209
2022-03-01 14:07:53,240 [pool-319-thread-1] INFO  storage.RaftStorage (RaftStorageImpl.java:format(89)) - Storage directory /home/runner/work/ozone/ozone/hadoop-ozone/integration-test/target/test-dir/MiniOzoneClusterImpl-c3e143df-885d-4e44-9b94-c11d7991bd3d/ozone-meta/scm-ha/c3e143df-885d-4e44-9b94-c11d7991bd3d has been successfully formatted.
2022-03-01 14:07:53,240 [pool-319-thread-1] INFO  server.RaftServerConfigKeys (ConfUtils.java:logGet(44)) - raft.server.notification.no-leader.timeout = 60s (default)
2022-03-01 14:07:53,241 [pool-319-thread-1] INFO  server.RaftServerConfigKeys (ConfUtils.java:logGet(44)) - raft.server.log.use.memory = false (default)
2022-03-01 14:07:53,241 [pool-319-thread-1] INFO  server.RaftServerConfigKeys (ConfUtils.java:logGet(44)) - raft.server.log.purge.gap = 1000000 (custom)
2022-03-01 14:07:53,241 [pool-319-thread-1] INFO  server.RaftServerConfigKeys (ConfUtils.java:logGet(44)) - raft.server.log.appender.buffer.byte-limit = 33554432 (custom)
2022-03-01 14:07:53,241 [pool-319-thread-1] INFO  server.RaftServerConfigKeys (ConfUtils.java:logGet(44)) - raft.server.log.segment.size.max = 4194304 (custom)
2022-03-01 14:07:53,241 [pool-319-thread-1] INFO  server.RaftServerConfigKeys (ConfUtils.java:logGet(44)) - raft.server.log.segment.cache.num.max = 2 (custom)
2022-03-01 14:07:53,246 [pool-319-thread-1] INFO  server.RaftServerConfigKeys (ConfUtils.java:logGet(44)) - raft.server.log.segment.cache.size.max = 200MB (=209715200) (default)
2022-03-01 14:07:53,246 [pool-319-thread-1] INFO  segmented.SegmentedRaftLogWorker (SegmentedRaftLogWorker.java:<init>(182)) - new f6b4a54d-6093-4c4c-9970-ea333dfe749a@group-C11D7991BD3D-SegmentedRaftLogWorker for RaftStorageImpl:Storage Directory /home/runner/work/ozone/ozone/hadoop-ozone/integration-test/target/test-dir/MiniOzoneClusterImpl-c3e143df-885d-4e44-9b94-c11d7991bd3d/ozone-meta/scm-ha/c3e143df-885d-4e44-9b94-c11d7991bd3d
2022-03-01 14:07:53,246 [pool-319-thread-1] INFO  server.RaftServerConfigKeys (ConfUtils.java:logGet(44)) - raft.server.log.queue.byte-limit = 64MB (=67108864) (default)
2022-03-01 14:07:53,246 [pool-319-thread-1] INFO  server.RaftServerConfigKeys (ConfUtils.java:logGet(44)) - raft.server.log.queue.element-limit = 4096 (default)
2022-03-01 14:07:53,247 [pool-319-thread-1] INFO  server.RaftServerConfigKeys (ConfUtils.java:logGet(44)) - raft.server.log.segment.size.max = 4194304 (custom)
2022-03-01 14:07:53,247 [pool-319-thread-1] INFO  server.RaftServerConfigKeys (ConfUtils.java:logGet(44)) - raft.server.log.preallocated.size = 4194304 (custom)
2022-03-01 14:07:53,247 [pool-319-thread-1] INFO  server.RaftServerConfigKeys (ConfUtils.java:logGet(44)) - raft.server.log.force.sync.num = 128 (default)
2022-03-01 14:07:53,247 [pool-319-thread-1] INFO  server.RaftServerConfigKeys (ConfUtils.java:logGet(44)) - raft.server.log.statemachine.data.sync = true (default)
2022-03-01 14:07:53,247 [pool-319-thread-1] INFO  server.RaftServerConfigKeys (ConfUtils.java:logGet(44)) - raft.server.log.statemachine.data.sync.timeout = 10s (default)
2022-03-01 14:07:53,247 [pool-319-thread-1] INFO  server.RaftServerConfigKeys (ConfUtils.java:logGet(44)) - raft.server.log.statemachine.data.sync.timeout.retry = -1 (default)
2022-03-01 14:07:53,248 [pool-319-thread-1] INFO  server.RaftServerConfigKeys (ConfUtils.java:logGet(44)) - raft.server.log.write.buffer.size = 64KB (=65536) (default)
2022-03-01 14:07:53,248 [pool-319-thread-1] INFO  server.RaftServerConfigKeys (ConfUtils.java:logGet(44)) - raft.server.log.statemachine.data.caching.enabled = false (default)
2022-03-01 14:07:53,248 [pool-319-thread-1] INFO  segmented.SegmentedRaftLogWorker (SegmentedRaftLogWorker.java:lambda$new$0(133)) - f6b4a54d-6093-4c4c-9970-ea333dfe749a@group-C11D7991BD3D-SegmentedRaftLogWorker: flushIndex: setUnconditionally 0 -> -1
2022-03-01 14:07:53,249 [pool-319-thread-1] INFO  segmented.SegmentedRaftLogWorker (SegmentedRaftLogWorker.java:lambda$new$0(133)) - f6b4a54d-6093-4c4c-9970-ea333dfe749a@group-C11D7991BD3D-SegmentedRaftLogWorker: safeCacheEvictIndex: setUnconditionally 0 -> -1
2022-03-01 14:07:53,249 [pool-319-thread-1] INFO  server.RaftServerConfigKeys (ConfUtils.java:logGet(44)) - raft.server.snapshot.auto.trigger.enabled = true (custom)
2022-03-01 14:07:53,249 [pool-319-thread-1] INFO  server.RaftServerConfigKeys (ConfUtils.java:logGet(44)) - raft.server.snapshot.auto.trigger.threshold = 1000 (custom)
2022-03-01 14:07:53,249 [pool-319-thread-1] INFO  server.RaftServerConfigKeys (ConfUtils.java:logGet(44)) - raft.server.snapshot.retention.file.num = -1 (default)
2022-03-01 14:07:53,249 [pool-319-thread-1] INFO  server.RaftServerConfigKeys (ConfUtils.java:logGet(44)) - raft.server.log.purge.upto.snapshot.index = false (default)
2022-03-01 14:07:53,249 [pool-319-thread-1] INFO  server.RaftServerConfigKeys (ConfUtils.java:logGet(44)) - raft.server.retrycache.expirytime = 60000ms (default)
2022-03-01 14:07:53,249 [pool-319-thread-1] INFO  server.RaftServerConfigKeys (ConfUtils.java:logGet(44)) - raft.server.retrycache.statistics.expirytime = 100μs (default)
2022-03-01 14:07:53,250 [Listener at 127.0.0.1/33581] INFO  server.RaftServer$Division (RaftServerImpl.java:start(301)) - f6b4a54d-6093-4c4c-9970-ea333dfe749a@group-C11D7991BD3D: start as a follower, conf=-1: [f6b4a54d-6093-4c4c-9970-ea333dfe749a|rpc:fv-az195-209:9894|priority:0], old=null
2022-03-01 14:07:53,251 [Listener at 127.0.0.1/33581] INFO  server.RaftServer$Division (RaftServerImpl.java:setRole(290)) - f6b4a54d-6093-4c4c-9970-ea333dfe749a@group-C11D7991BD3D: changes role from      null to FOLLOWER at term 0 for startAsFollower
2022-03-01 14:07:53,251 [Listener at 127.0.0.1/33581] INFO  impl.RoleInfo (RoleInfo.java:updateAndGet(130)) - f6b4a54d-6093-4c4c-9970-ea333dfe749a: start f6b4a54d-6093-4c4c-9970-ea333dfe749a@group-C11D7991BD3D-FollowerState
2022-03-01 14:07:53,252 [Listener at 127.0.0.1/33581] INFO  util.JmxRegister (JmxRegister.java:tryRegister(44)) - Successfully registered JMX Bean with object name Ratis:service=RaftServer,group=group-C11D7991BD3D,id=f6b4a54d-6093-4c4c-9970-ea333dfe749a
2022-03-01 14:07:53,253 [Listener at 127.0.0.1/33581] INFO  server.RaftServer (RaftServerProxy.java:lambda$start$5(374)) - f6b4a54d-6093-4c4c-9970-ea333dfe749a: start RPC server
2022-03-01 14:07:53,261 [Listener at 127.0.0.1/33581] INFO  server.GrpcService (GrpcService.java:startImpl(253)) - f6b4a54d-6093-4c4c-9970-ea333dfe749a: GrpcService started, listening on 9894
2022-03-01 14:07:53,267 [org.apache.ratis.util.JvmPauseMonitor$$Lambda$421/1299661385@327fe02d] INFO  util.JvmPauseMonitor (JvmPauseMonitor.java:run(103)) - JvmPauseMonitor-f6b4a54d-6093-4c4c-9970-ea333dfe749a: Started
2022-03-01 14:07:58,330 [f6b4a54d-6093-4c4c-9970-ea333dfe749a@group-C11D7991BD3D-FollowerState] INFO  impl.FollowerState (FollowerState.java:run(134)) - f6b4a54d-6093-4c4c-9970-ea333dfe749a@group-C11D7991BD3D-FollowerState: change to CANDIDATE, lastRpcElapsedTime:5079110781ns, electionTimeout:5077ms
2022-03-01 14:07:58,330 [f6b4a54d-6093-4c4c-9970-ea333dfe749a@group-C11D7991BD3D-FollowerState] INFO  impl.RoleInfo (RoleInfo.java:shutdownFollowerState(108)) - f6b4a54d-6093-4c4c-9970-ea333dfe749a: shutdown f6b4a54d-6093-4c4c-9970-ea333dfe749a@group-C11D7991BD3D-FollowerState
2022-03-01 14:07:58,330 [f6b4a54d-6093-4c4c-9970-ea333dfe749a@group-C11D7991BD3D-FollowerState] INFO  server.RaftServer$Division (RaftServerImpl.java:setRole(290)) - f6b4a54d-6093-4c4c-9970-ea333dfe749a@group-C11D7991BD3D: changes role from  FOLLOWER to CANDIDATE at term 0 for changeToCandidate
2022-03-01 14:07:58,331 [f6b4a54d-6093-4c4c-9970-ea333dfe749a@group-C11D7991BD3D-FollowerState] INFO  server.RaftServerConfigKeys (ConfUtils.java:logGet(44)) - raft.server.leaderelection.pre-vote = false (custom)
2022-03-01 14:07:58,331 [f6b4a54d-6093-4c4c-9970-ea333dfe749a@group-C11D7991BD3D-FollowerState] INFO  impl.RoleInfo (RoleInfo.java:updateAndGet(130)) - f6b4a54d-6093-4c4c-9970-ea333dfe749a: start f6b4a54d-6093-4c4c-9970-ea333dfe749a@group-C11D7991BD3D-LeaderElection33
2022-03-01 14:07:58,359 [f6b4a54d-6093-4c4c-9970-ea333dfe749a@group-C11D7991BD3D-LeaderElection33] INFO  impl.LeaderElection (LeaderElection.java:askForVotes(306)) - f6b4a54d-6093-4c4c-9970-ea333dfe749a@group-C11D7991BD3D-LeaderElection33 ELECTION round 0: submit vote requests at term 1 for -1: [f6b4a54d-6093-4c4c-9970-ea333dfe749a|rpc:fv-az195-209:9894|priority:0], old=null
2022-03-01 14:07:58,359 [f6b4a54d-6093-4c4c-9970-ea333dfe749a@group-C11D7991BD3D-LeaderElection33] INFO  impl.LeaderElection (LeaderElection.java:askForVotes(308)) - f6b4a54d-6093-4c4c-9970-ea333dfe749a@group-C11D7991BD3D-LeaderElection33 ELECTION round 0: result PASSED (term=1)
2022-03-01 14:07:58,359 [f6b4a54d-6093-4c4c-9970-ea333dfe749a@group-C11D7991BD3D-LeaderElection33] INFO  impl.RoleInfo (RoleInfo.java:shutdownLeaderElection(121)) - f6b4a54d-6093-4c4c-9970-ea333dfe749a: shutdown f6b4a54d-6093-4c4c-9970-ea333dfe749a@group-C11D7991BD3D-LeaderElection33
2022-03-01 14:07:58,359 [f6b4a54d-6093-4c4c-9970-ea333dfe749a@group-C11D7991BD3D-LeaderElection33] INFO  server.RaftServer$Division (RaftServerImpl.java:setRole(290)) - f6b4a54d-6093-4c4c-9970-ea333dfe749a@group-C11D7991BD3D: changes role from CANDIDATE to LEADER at term 1 for changeToLeader
2022-03-01 14:07:58,359 [f6b4a54d-6093-4c4c-9970-ea333dfe749a@group-C11D7991BD3D-LeaderElection33] INFO  server.RaftServer$Division (ServerState.java:setLeader(285)) - f6b4a54d-6093-4c4c-9970-ea333dfe749a@group-C11D7991BD3D: change Leader from null to f6b4a54d-6093-4c4c-9970-ea333dfe749a at term 1 for becomeLeader, leader elected after 5118ms
2022-03-01 14:07:58,359 [f6b4a54d-6093-4c4c-9970-ea333dfe749a@group-C11D7991BD3D-LeaderElection33] INFO  server.RaftServerConfigKeys (ConfUtils.java:logGet(44)) - raft.server.staging.catchup.gap = 1000 (default)
2022-03-01 14:07:58,360 [f6b4a54d-6093-4c4c-9970-ea333dfe749a@group-C11D7991BD3D-LeaderElection33] INFO  server.RaftServerConfigKeys (ConfUtils.java:logGet(44)) - raft.server.write.element-limit = 4096 (default)
2022-03-01 14:07:58,360 [f6b4a54d-6093-4c4c-9970-ea333dfe749a@group-C11D7991BD3D-LeaderElection33] INFO  server.RaftServerConfigKeys (ConfUtils.java:logGet(44)) - raft.server.write.byte-limit = 64MB (=67108864) (default)
2022-03-01 14:07:58,360 [f6b4a54d-6093-4c4c-9970-ea333dfe749a@group-C11D7991BD3D-LeaderElection33] INFO  server.RaftServerConfigKeys (ConfUtils.java:logGet(44)) - raft.server.watch.timeout = 10s (default)
2022-03-01 14:07:58,360 [f6b4a54d-6093-4c4c-9970-ea333dfe749a@group-C11D7991BD3D-LeaderElection33] INFO  server.RaftServerConfigKeys (ConfUtils.java:logGet(44)) - raft.server.watch.timeout.denomination = 1s (default)
2022-03-01 14:07:58,360 [f6b4a54d-6093-4c4c-9970-ea333dfe749a@group-C11D7991BD3D-LeaderElection33] INFO  server.RaftServerConfigKeys (ConfUtils.java:logGet(44)) - raft.server.watch.element-limit = 65536 (default)
2022-03-01 14:07:58,360 [f6b4a54d-6093-4c4c-9970-ea333dfe749a@group-C11D7991BD3D-LeaderElection33] INFO  server.RaftServerConfigKeys (ConfUtils.java:logGet(44)) - raft.server.write.element-limit = 4096 (default)
2022-03-01 14:07:58,360 [f6b4a54d-6093-4c4c-9970-ea333dfe749a@group-C11D7991BD3D-LeaderElection33] INFO  server.RaftServerConfigKeys (ConfUtils.java:logGet(44)) - raft.server.write.follower.gap.ratio.max = -1.0 (default)
2022-03-01 14:07:58,360 [f6b4a54d-6093-4c4c-9970-ea333dfe749a@group-C11D7991BD3D-LeaderElection33] INFO  impl.RoleInfo (RoleInfo.java:updateAndGet(130)) - f6b4a54d-6093-4c4c-9970-ea333dfe749a: start f6b4a54d-6093-4c4c-9970-ea333dfe749a@group-C11D7991BD3D-LeaderStateImpl
2022-03-01 14:07:58,361 [f6b4a54d-6093-4c4c-9970-ea333dfe749a@group-C11D7991BD3D-LeaderElection33] INFO  segmented.SegmentedRaftLogWorker (SegmentedRaftLogWorker.java:startLogSegment(394)) - f6b4a54d-6093-4c4c-9970-ea333dfe749a@group-C11D7991BD3D-SegmentedRaftLogWorker: Starting segment from index:0
2022-03-01 14:07:58,390 [f6b4a54d-6093-4c4c-9970-ea333dfe749a@group-C11D7991BD3D-LeaderElection33] INFO  server.RaftServer$Division (ServerState.java:setRaftConf(387)) - f6b4a54d-6093-4c4c-9970-ea333dfe749a@group-C11D7991BD3D: set configuration 0: [f6b4a54d-6093-4c4c-9970-ea333dfe749a|rpc:fv-az195-209:9894|admin:|client:|dataStream:|priority:0], old=null
2022-03-01 14:07:58,415 [f6b4a54d-6093-4c4c-9970-ea333dfe749a@group-C11D7991BD3D-SegmentedRaftLogWorker] INFO  segmented.SegmentedRaftLogWorker (SegmentedRaftLogWorker.java:execute(601)) - f6b4a54d-6093-4c4c-9970-ea333dfe749a@group-C11D7991BD3D-SegmentedRaftLogWorker: created new log segment /home/runner/work/ozone/ozone/hadoop-ozone/integration-test/target/test-dir/MiniOzoneClusterImpl-c3e143df-885d-4e44-9b94-c11d7991bd3d/ozone-meta/scm-ha/c3e143df-885d-4e44-9b94-c11d7991bd3d/current/log_inprogress_0
2022-03-01 14:07:59,267 [Listener at 127.0.0.1/33581] INFO  server.RaftServer (RaftServerProxy.java:lambda$close$6(391)) - f6b4a54d-6093-4c4c-9970-ea333dfe749a: close
2022-03-01 14:07:59,268 [Listener at 127.0.0.1/33581] INFO  server.RaftServer$Division (RaftServerImpl.java:lambda$close$4(412)) - f6b4a54d-6093-4c4c-9970-ea333dfe749a@group-C11D7991BD3D: shutdown
2022-03-01 14:07:59,268 [Listener at 127.0.0.1/33581] INFO  util.JmxRegister (JmxRegister.java:unregister(73)) - Successfully un-registered JMX Bean with object name Ratis:service=RaftServer,group=group-C11D7991BD3D,id=f6b4a54d-6093-4c4c-9970-ea333dfe749a
2022-03-01 14:07:59,268 [Listener at 127.0.0.1/33581] INFO  impl.RoleInfo (RoleInfo.java:shutdownLeaderState(91)) - f6b4a54d-6093-4c4c-9970-ea333dfe749a: shutdown f6b4a54d-6093-4c4c-9970-ea333dfe749a@group-C11D7991BD3D-LeaderStateImpl
2022-03-01 14:07:59,268 [Listener at 127.0.0.1/33581] INFO  impl.PendingRequests (PendingRequests.java:sendNotLeaderResponses(282)) - f6b4a54d-6093-4c4c-9970-ea333dfe749a@group-C11D7991BD3D-PendingRequests: sendNotLeaderResponses
2022-03-01 14:07:59,270 [Listener at 127.0.0.1/33581] INFO  impl.StateMachineUpdater (StateMachineUpdater.java:stopAndJoin(149)) - f6b4a54d-6093-4c4c-9970-ea333dfe749a@group-C11D7991BD3D-StateMachineUpdater: set stopIndex = 0
2022-03-01 14:07:59,270 [f6b4a54d-6093-4c4c-9970-ea333dfe749a@group-C11D7991BD3D-StateMachineUpdater] INFO  impl.StateMachineUpdater (StateMachineUpdater.java:takeSnapshot(281)) - f6b4a54d-6093-4c4c-9970-ea333dfe749a@group-C11D7991BD3D-StateMachineUpdater: Took a snapshot at index 0
2022-03-01 14:07:59,270 [f6b4a54d-6093-4c4c-9970-ea333dfe749a@group-C11D7991BD3D-StateMachineUpdater] INFO  impl.StateMachineUpdater (StateMachineUpdater.java:lambda$new$0(89)) - f6b4a54d-6093-4c4c-9970-ea333dfe749a@group-C11D7991BD3D-StateMachineUpdater: snapshotIndex: updateIncreasingly -1 -> 0
2022-03-01 14:07:59,271 [Listener at 127.0.0.1/33581] INFO  server.RaftServer$Division (ServerState.java:close(419)) - f6b4a54d-6093-4c4c-9970-ea333dfe749a@group-C11D7991BD3D: closes. applyIndex: 0
2022-03-01 14:07:59,273 [f6b4a54d-6093-4c4c-9970-ea333dfe749a@group-C11D7991BD3D-SegmentedRaftLogWorker] INFO  segmented.SegmentedRaftLogWorker (SegmentedRaftLogWorker.java:run(327)) - f6b4a54d-6093-4c4c-9970-ea333dfe749a@group-C11D7991BD3D-SegmentedRaftLogWorker was interrupted, exiting. There are 0 tasks remaining in the queue.
2022-03-01 14:07:59,278 [Listener at 127.0.0.1/33581] INFO  segmented.SegmentedRaftLogWorker (SegmentedRaftLogWorker.java:close(237)) - f6b4a54d-6093-4c4c-9970-ea333dfe749a@group-C11D7991BD3D-SegmentedRaftLogWorker close()
2022-03-01 14:07:59,278 [Listener at 127.0.0.1/33581] INFO  server.GrpcService (GrpcService.java:closeImpl(262)) - f6b4a54d-6093-4c4c-9970-ea333dfe749a: shutdown server with port 9894 now
2022-03-01 14:07:59,279 [Listener at 127.0.0.1/33581] INFO  server.GrpcService (GrpcService.java:closeImpl(271)) - f6b4a54d-6093-4c4c-9970-ea333dfe749a: shutdown server with port 9894 successfully
2022-03-01 14:07:59,279 [org.apache.ratis.util.JvmPauseMonitor$$Lambda$421/1299661385@327fe02d] INFO  util.JvmPauseMonitor (JvmPauseMonitor.java:run(109)) - JvmPauseMonitor-f6b4a54d-6093-4c4c-9970-ea333dfe749a: Stopped
2022-03-01 14:07:59,279 [Listener at 127.0.0.1/33581] INFO  ha.SCMHANodeDetails (SCMHANodeDetails.java:loadSCMHAConfig(157)) - ServiceID for StorageContainerManager is null
2022-03-01 14:07:59,279 [Listener at 127.0.0.1/33581] INFO  ha.SCMHANodeDetails (SCMHANodeDetails.java:loadSCMHAConfig(162)) - ozone.scm.default.service.id is not defined, falling back to ozone.scm.service.ids to find serviceID for StorageContainerManager if it is HA enabled cluster
2022-03-01 14:07:59,280 [Listener at 127.0.0.1/33581] WARN  server.ServerUtils (ServerUtils.java:getScmDbDir(148)) - ozone.scm.db.dirs is not configured. We recommend adding this setting. Falling back to ozone.metadata.dirs instead.
2022-03-01 14:07:59,281 [Listener at 127.0.0.1/33581] INFO  upgrade.AbstractLayoutVersionManager (AbstractLayoutVersionManager.java:init(79)) - Initializing Layout version manager with metadata layout = SCM_HA (version = 2), software layout = SCM_HA (version = 2)
2022-03-01 14:07:59,441 [Listener at 127.0.0.1/33581] INFO  reflections.Reflections (Reflections.java:scan(232)) - Reflections took 159 ms to scan 7 urls, producing 122 keys and 286 values 
2022-03-01 14:07:59,445 [Listener at 127.0.0.1/33581] WARN  utils.HAUtils (HAUtils.java:getMetaDir(342)) - ozone.scm.db.dirs is not configured. We recommend adding this setting. Falling back to ozone.metadata.dirs instead.
2022-03-01 14:07:59,453 [Listener at 127.0.0.1/33581] WARN  db.DBStoreBuilder (DBStoreBuilder.java:applyDBDefinition(145)) - ozone.scm.db.dirs is not configured. We recommend adding this setting. Falling back to ozone.metadata.dirs instead.
2022-03-01 14:07:59,678 [Listener at 127.0.0.1/33581] INFO  net.NodeSchemaLoader (NodeSchemaLoader.java:loadSchemaFromFile(129)) - Loading schema from [jar:file:/home/runner/.m2/repository/org/apache/ozone/hdds-common/1.3.0-SNAPSHOT/hdds-common-1.3.0-SNAPSHOT.jar!/network-topology-default.xml]
2022-03-01 14:07:59,678 [Listener at 127.0.0.1/33581] INFO  net.NodeSchemaLoader (NodeSchemaLoader.java:loadSchema(176)) - Loading network topology layer schema file
2022-03-01 14:07:59,681 [Listener at 127.0.0.1/33581] INFO  ha.SCMRatisServerImpl (SCMRatisServerImpl.java:<init>(87)) - starting Raft server for scm:f6b4a54d-6093-4c4c-9970-ea333dfe749a
2022-03-01 14:07:59,694 [Listener at 127.0.0.1/33581] INFO  server.RaftServer (ConfUtils.java:logGet(44)) - raft.rpc.type = GRPC (default)
2022-03-01 14:07:59,701 [Listener at 127.0.0.1/33581] INFO  grpc.GrpcFactory (GrpcFactory.java:checkPooledByteBufAllocatorUseCacheForAllThreads(48)) - PERFORMANCE WARNING: useCacheForAllThreads is true that may cause Netty to create a lot garbage objects and, as a result, trigger GC.
	It is recommended to disable useCacheForAllThreads by setting -Dorg.apache.ratis.thirdparty.io.netty.allocator.useCacheForAllThreads=false in command line.
2022-03-01 14:07:59,701 [Listener at 127.0.0.1/33581] INFO  grpc.GrpcConfigKeys (ConfUtils.java:logGet(44)) - raft.grpc.admin.port = -1 (default)
2022-03-01 14:07:59,701 [Listener at 127.0.0.1/33581] INFO  grpc.GrpcConfigKeys (ConfUtils.java:logGet(44)) - raft.grpc.server.port = 9894 (custom)
2022-03-01 14:07:59,701 [Listener at 127.0.0.1/33581] INFO  grpc.GrpcConfigKeys (ConfUtils.java:logGet(44)) - raft.grpc.client.port = -1 (default)
2022-03-01 14:07:59,701 [Listener at 127.0.0.1/33581] INFO  grpc.GrpcConfigKeys (ConfUtils.java:logGet(44)) - raft.grpc.server.port = 9894 (custom)
2022-03-01 14:07:59,701 [Listener at 127.0.0.1/33581] INFO  grpc.GrpcConfigKeys (ConfUtils.java:logGet(44)) - raft.grpc.server.port = 9894 (custom)
2022-03-01 14:07:59,702 [Listener at 127.0.0.1/33581] INFO  server.GrpcService (ConfUtils.java:logGet(44)) - raft.grpc.message.size.max = 32m (=33554432) (custom)
2022-03-01 14:07:59,702 [Listener at 127.0.0.1/33581] INFO  server.RaftServerConfigKeys (ConfUtils.java:logGet(44)) - raft.server.log.appender.buffer.byte-limit = 33554432 (custom)
2022-03-01 14:07:59,702 [Listener at 127.0.0.1/33581] INFO  server.GrpcService (ConfUtils.java:logGet(44)) - raft.grpc.flow.control.window = 1MB (=1048576) (default)
2022-03-01 14:07:59,703 [Listener at 127.0.0.1/33581] INFO  server.RaftServerConfigKeys (ConfUtils.java:logGet(44)) - raft.server.rpc.request.timeout = 30000ms (custom)
2022-03-01 14:07:59,704 [Listener at 127.0.0.1/33581] INFO  impl.DataStreamServerImpl (ConfUtils.java:logGet(44)) - raft.datastream.type = DISABLED (default)
2022-03-01 14:07:59,705 [Listener at 127.0.0.1/33581] INFO  server.RaftServerConfigKeys (ConfUtils.java:logGet(44)) - raft.server.rpc.slowness.timeout = 120000ms (custom)
2022-03-01 14:07:59,707 [Listener at 127.0.0.1/33581] INFO  server.RaftServerConfigKeys (ConfUtils.java:logGet(44)) - raft.server.leaderelection.leader.step-down.wait-time = 10s (default)
2022-03-01 14:07:59,707 [Listener at 127.0.0.1/33581] INFO  server.RaftServerConfigKeys (ConfUtils.java:logGet(44)) - raft.server.storage.dir = [/home/runner/work/ozone/ozone/hadoop-ozone/integration-test/target/test-dir/MiniOzoneClusterImpl-c3e143df-885d-4e44-9b94-c11d7991bd3d/ozone-meta/scm-ha] (custom)
2022-03-01 14:07:59,708 [Listener at 127.0.0.1/33581] INFO  server.RaftServer (RaftServerProxy.java:lambda$null$1(235)) - f6b4a54d-6093-4c4c-9970-ea333dfe749a: found a subdirectory /home/runner/work/ozone/ozone/hadoop-ozone/integration-test/target/test-dir/MiniOzoneClusterImpl-c3e143df-885d-4e44-9b94-c11d7991bd3d/ozone-meta/scm-ha/c3e143df-885d-4e44-9b94-c11d7991bd3d
2022-03-01 14:07:59,715 [Listener at 127.0.0.1/33581] INFO  server.RaftServer (RaftServerProxy.java:addNew(95)) - f6b4a54d-6093-4c4c-9970-ea333dfe749a: addNew group-C11D7991BD3D:[] returns group-C11D7991BD3D:java.util.concurrent.CompletableFuture@4f5a0b3d[Not completed]
2022-03-01 14:07:59,716 [pool-332-thread-1] INFO  server.RaftServer$Division (RaftServerImpl.java:<init>(184)) - f6b4a54d-6093-4c4c-9970-ea333dfe749a: new RaftServerImpl for group-C11D7991BD3D:[] with SCMStateMachine:uninitialized
2022-03-01 14:07:59,728 [pool-332-thread-1] INFO  server.RaftServerConfigKeys (ConfUtils.java:logGet(44)) - raft.server.rpc.timeout.min = 5000ms (custom)
2022-03-01 14:07:59,728 [pool-332-thread-1] INFO  server.RaftServerConfigKeys (ConfUtils.java:logGet(44)) - raft.server.rpc.timeout.max = 5200ms (custom)
2022-03-01 14:07:59,728 [pool-332-thread-1] INFO  server.RaftServerConfigKeys (ConfUtils.java:logGet(44)) - raft.server.rpc.sleep.time = 25ms (default)
2022-03-01 14:07:59,728 [pool-332-thread-1] INFO  server.RaftServerConfigKeys (ConfUtils.java:logGet(44)) - raft.server.rpc.slowness.timeout = 120000ms (custom)
2022-03-01 14:07:59,728 [pool-332-thread-1] INFO  server.RaftServerConfigKeys (ConfUtils.java:logGet(44)) - raft.server.leaderelection.leader.step-down.wait-time = 10s (default)
2022-03-01 14:07:59,728 [pool-332-thread-1] INFO  server.RaftServerConfigKeys (ConfUtils.java:logGet(44)) - raft.server.sleep.deviation.threshold = 300ms (default)
2022-03-01 14:07:59,728 [pool-332-thread-1] INFO  server.RaftServerConfigKeys (ConfUtils.java:logGet(44)) - raft.server.log.appender.install.snapshot.enabled = false (custom)
2022-03-01 14:07:59,728 [pool-332-thread-1] INFO  server.RaftServer$Division (ServerState.java:<init>(105)) - f6b4a54d-6093-4c4c-9970-ea333dfe749a@group-C11D7991BD3D: ConfigurationManager, init=-1: [], old=null, confs=<EMPTY_MAP>
2022-03-01 14:07:59,730 [pool-332-thread-1] INFO  server.RaftServerConfigKeys (ConfUtils.java:logGet(44)) - raft.server.storage.dir = [/home/runner/work/ozone/ozone/hadoop-ozone/integration-test/target/test-dir/MiniOzoneClusterImpl-c3e143df-885d-4e44-9b94-c11d7991bd3d/ozone-meta/scm-ha] (custom)
2022-03-01 14:07:59,730 [pool-332-thread-1] INFO  server.RaftServerConfigKeys (ConfUtils.java:logGet(44)) - raft.server.log.corruption.policy = EXCEPTION (default)
2022-03-01 14:07:59,730 [pool-332-thread-1] INFO  server.RaftServerConfigKeys (ConfUtils.java:logGet(44)) - raft.server.storage.free-space.min = 0MB (=0) (default)
2022-03-01 14:07:59,732 [pool-332-thread-1] INFO  storage.RaftStorageDirectory (RaftStorageDirectoryImpl.java:tryLock(230)) - Lock on /home/runner/work/ozone/ozone/hadoop-ozone/integration-test/target/test-dir/MiniOzoneClusterImpl-c3e143df-885d-4e44-9b94-c11d7991bd3d/ozone-meta/scm-ha/c3e143df-885d-4e44-9b94-c11d7991bd3d/in_use.lock acquired by nodename 10349@fv-az195-209
2022-03-01 14:07:59,732 [pool-332-thread-1] INFO  storage.RaftStorage (RaftStorageImpl.java:analyzeAndRecoverStorage(110)) - Read RaftStorageMetadata{term=1, votedFor=f6b4a54d-6093-4c4c-9970-ea333dfe749a} from /home/runner/work/ozone/ozone/hadoop-ozone/integration-test/target/test-dir/MiniOzoneClusterImpl-c3e143df-885d-4e44-9b94-c11d7991bd3d/ozone-meta/scm-ha/c3e143df-885d-4e44-9b94-c11d7991bd3d/current/raft-meta
2022-03-01 14:07:59,732 [pool-332-thread-1] INFO  server.RaftServer$Division (ServerState.java:setRaftConf(387)) - f6b4a54d-6093-4c4c-9970-ea333dfe749a@group-C11D7991BD3D: set configuration 0: [f6b4a54d-6093-4c4c-9970-ea333dfe749a|rpc:fv-az195-209:9894|admin:|client:|dataStream:|priority:0], old=null
2022-03-01 14:07:59,732 [pool-332-thread-1] INFO  server.RaftServerConfigKeys (ConfUtils.java:logGet(44)) - raft.server.notification.no-leader.timeout = 60s (default)
2022-03-01 14:07:59,733 [pool-332-thread-1] INFO  server.RaftServerConfigKeys (ConfUtils.java:logGet(44)) - raft.server.log.use.memory = false (default)
2022-03-01 14:07:59,733 [pool-332-thread-1] INFO  server.RaftServerConfigKeys (ConfUtils.java:logGet(44)) - raft.server.log.purge.gap = 1000000 (custom)
2022-03-01 14:07:59,733 [pool-332-thread-1] INFO  server.RaftServerConfigKeys (ConfUtils.java:logGet(44)) - raft.server.log.appender.buffer.byte-limit = 33554432 (custom)
2022-03-01 14:07:59,733 [pool-332-thread-1] INFO  server.RaftServerConfigKeys (ConfUtils.java:logGet(44)) - raft.server.log.segment.size.max = 4194304 (custom)
2022-03-01 14:07:59,733 [pool-332-thread-1] INFO  server.RaftServerConfigKeys (ConfUtils.java:logGet(44)) - raft.server.log.segment.cache.num.max = 2 (custom)
2022-03-01 14:07:59,734 [pool-332-thread-1] INFO  server.RaftServerConfigKeys (ConfUtils.java:logGet(44)) - raft.server.log.segment.cache.size.max = 200MB (=209715200) (default)
2022-03-01 14:07:59,734 [pool-332-thread-1] INFO  segmented.SegmentedRaftLogWorker (SegmentedRaftLogWorker.java:<init>(182)) - new f6b4a54d-6093-4c4c-9970-ea333dfe749a@group-C11D7991BD3D-SegmentedRaftLogWorker for RaftStorageImpl:Storage Directory /home/runner/work/ozone/ozone/hadoop-ozone/integration-test/target/test-dir/MiniOzoneClusterImpl-c3e143df-885d-4e44-9b94-c11d7991bd3d/ozone-meta/scm-ha/c3e143df-885d-4e44-9b94-c11d7991bd3d
2022-03-01 14:07:59,734 [pool-332-thread-1] INFO  server.RaftServerConfigKeys (ConfUtils.java:logGet(44)) - raft.server.log.queue.byte-limit = 64MB (=67108864) (default)
2022-03-01 14:07:59,734 [pool-332-thread-1] INFO  server.RaftServerConfigKeys (ConfUtils.java:logGet(44)) - raft.server.log.queue.element-limit = 4096 (default)
2022-03-01 14:07:59,734 [pool-332-thread-1] INFO  server.RaftServerConfigKeys (ConfUtils.java:logGet(44)) - raft.server.log.segment.size.max = 4194304 (custom)
2022-03-01 14:07:59,734 [pool-332-thread-1] INFO  server.RaftServerConfigKeys (ConfUtils.java:logGet(44)) - raft.server.log.preallocated.size = 4194304 (custom)
2022-03-01 14:07:59,734 [pool-332-thread-1] INFO  server.RaftServerConfigKeys (ConfUtils.java:logGet(44)) - raft.server.log.force.sync.num = 128 (default)
2022-03-01 14:07:59,734 [pool-332-thread-1] INFO  server.RaftServerConfigKeys (ConfUtils.java:logGet(44)) - raft.server.log.statemachine.data.sync = true (default)
2022-03-01 14:07:59,734 [pool-332-thread-1] INFO  server.RaftServerConfigKeys (ConfUtils.java:logGet(44)) - raft.server.log.statemachine.data.sync.timeout = 10s (default)
2022-03-01 14:07:59,734 [pool-332-thread-1] INFO  server.RaftServerConfigKeys (ConfUtils.java:logGet(44)) - raft.server.log.statemachine.data.sync.timeout.retry = -1 (default)
2022-03-01 14:07:59,735 [pool-332-thread-1] INFO  server.RaftServerConfigKeys (ConfUtils.java:logGet(44)) - raft.server.log.write.buffer.size = 64KB (=65536) (default)
2022-03-01 14:07:59,735 [pool-332-thread-1] INFO  server.RaftServerConfigKeys (ConfUtils.java:logGet(44)) - raft.server.log.statemachine.data.caching.enabled = false (default)
2022-03-01 14:07:59,743 [pool-332-thread-1] INFO  server.RaftServer$Division (ServerState.java:setRaftConf(387)) - f6b4a54d-6093-4c4c-9970-ea333dfe749a@group-C11D7991BD3D: set configuration 0: [f6b4a54d-6093-4c4c-9970-ea333dfe749a|rpc:fv-az195-209:9894|admin:|client:|dataStream:|priority:0], old=null
2022-03-01 14:07:59,746 [pool-332-thread-1] INFO  segmented.LogSegment (LogSegment.java:loadSegment(173)) - Successfully read 1 entries from segment file /home/runner/work/ozone/ozone/hadoop-ozone/integration-test/target/test-dir/MiniOzoneClusterImpl-c3e143df-885d-4e44-9b94-c11d7991bd3d/ozone-meta/scm-ha/c3e143df-885d-4e44-9b94-c11d7991bd3d/current/log_inprogress_0
2022-03-01 14:07:59,749 [pool-332-thread-1] INFO  segmented.SegmentedRaftLogWorker (SegmentedRaftLogWorker.java:lambda$new$0(133)) - f6b4a54d-6093-4c4c-9970-ea333dfe749a@group-C11D7991BD3D-SegmentedRaftLogWorker: flushIndex: setUnconditionally 0 -> 0
2022-03-01 14:07:59,749 [pool-332-thread-1] INFO  segmented.SegmentedRaftLogWorker (SegmentedRaftLogWorker.java:lambda$new$0(133)) - f6b4a54d-6093-4c4c-9970-ea333dfe749a@group-C11D7991BD3D-SegmentedRaftLogWorker: safeCacheEvictIndex: setUnconditionally 0 -> -1
2022-03-01 14:07:59,757 [pool-332-thread-1] INFO  server.RaftServerConfigKeys (ConfUtils.java:logGet(44)) - raft.server.snapshot.auto.trigger.enabled = true (custom)
2022-03-01 14:07:59,757 [pool-332-thread-1] INFO  server.RaftServerConfigKeys (ConfUtils.java:logGet(44)) - raft.server.snapshot.auto.trigger.threshold = 1000 (custom)
2022-03-01 14:07:59,757 [pool-332-thread-1] INFO  server.RaftServerConfigKeys (ConfUtils.java:logGet(44)) - raft.server.snapshot.retention.file.num = -1 (default)
2022-03-01 14:07:59,757 [pool-332-thread-1] INFO  server.RaftServerConfigKeys (ConfUtils.java:logGet(44)) - raft.server.log.purge.upto.snapshot.index = false (default)
2022-03-01 14:07:59,757 [pool-332-thread-1] INFO  server.RaftServerConfigKeys (ConfUtils.java:logGet(44)) - raft.server.retrycache.expirytime = 60000ms (default)
2022-03-01 14:07:59,757 [pool-332-thread-1] INFO  server.RaftServerConfigKeys (ConfUtils.java:logGet(44)) - raft.server.retrycache.statistics.expirytime = 100μs (default)
2022-03-01 14:07:59,758 [Listener at 127.0.0.1/33581] INFO  ha.SCMSnapshotProvider (SCMSnapshotProvider.java:<init>(66)) - Initializing SCM Snapshot Provider
2022-03-01 14:07:59,758 [Listener at 127.0.0.1/33581] WARN  server.ServerUtils (ServerUtils.java:getDefaultRatisDirectory(237)) - Storage directory for Ratis is not configured. It is a good idea to map this to an SSD disk. Falling back to ozone.metadata.dirs
2022-03-01 14:07:59,758 [Listener at 127.0.0.1/33581] WARN  ha.SCMHAUtils (SCMHAUtils.java:getSCMRatisSnapshotDirectory(151)) - SCM snapshot dir is not configured. Falling back to ozone.metadata.dirs config
2022-03-01 14:07:59,760 [Listener at 127.0.0.1/33581] INFO  ha.SequenceIdGenerator (SequenceIdGenerator.java:upgradeToSequenceId(347)) - upgrade localId to 109611004723200000
2022-03-01 14:07:59,760 [Listener at 127.0.0.1/33581] INFO  ha.SequenceIdGenerator (SequenceIdGenerator.java:upgradeToSequenceId(357)) - upgrade delTxnId to 0
2022-03-01 14:07:59,760 [Listener at 127.0.0.1/33581] INFO  ha.SequenceIdGenerator (SequenceIdGenerator.java:upgradeToSequenceId(371)) - upgrade containerId to 0
2022-03-01 14:07:59,760 [Listener at 127.0.0.1/33581] INFO  ha.SequenceIdGenerator (SequenceIdGenerator.java:<init>(218)) - Init the HA SequenceIdGenerator.
2022-03-01 14:07:59,761 [Listener at 127.0.0.1/33581] WARN  server.ServerUtils (ServerUtils.java:sanitizeUserArgs(73)) - ozone.scm.stale.node.interval value = 300000 is larger than max = 100000 based on the key value of ozone.scm.heartbeat.thread.interval, reset to the max value 100000.
2022-03-01 14:07:59,761 [Listener at 127.0.0.1/33581] WARN  server.ServerUtils (ServerUtils.java:sanitizeUserArgs(73)) - ozone.scm.stale.node.interval value = 300000 is larger than max = 100000 based on the key value of ozone.scm.heartbeat.thread.interval, reset to the max value 100000.
2022-03-01 14:07:59,769 [Listener at 127.0.0.1/33581] INFO  node.SCMNodeManager (SCMNodeManager.java:<init>(144)) - Entering startup safe mode.
2022-03-01 14:07:59,769 [Listener at 127.0.0.1/33581] INFO  algorithms.ContainerPlacementPolicyFactory (ContainerPlacementPolicyFactory.java:getPolicy(60)) - Create container placement policy of type org.apache.hadoop.hdds.scm.container.placement.algorithms.SCMContainerPlacementRandom
2022-03-01 14:07:59,769 [Listener at 127.0.0.1/33581] INFO  pipeline.PipelineStateManagerImpl (PipelineStateManagerImpl.java:initialize(78)) - No pipeline exists in current db
2022-03-01 14:07:59,770 [Listener at 127.0.0.1/33581] INFO  algorithms.LeaderChoosePolicyFactory (LeaderChoosePolicyFactory.java:getPolicy(57)) - Create leader choose policy of type org.apache.hadoop.hdds.scm.pipeline.leader.choose.algorithms.MinLeaderCountChoosePolicy
2022-03-01 14:07:59,770 [Listener at 127.0.0.1/33581] INFO  ha.SCMServiceManager (SCMServiceManager.java:register(42)) - Registering service BackgroundPipelineCreator.
2022-03-01 14:07:59,770 [Listener at 127.0.0.1/33581] INFO  pipeline.BackgroundPipelineCreator (BackgroundPipelineCreator.java:start(130)) - Starting RatisPipelineUtilsThread.
2022-03-01 14:07:59,784 [Listener at 127.0.0.1/33581] INFO  algorithms.PipelineChoosePolicyFactory (PipelineChoosePolicyFactory.java:createPipelineChoosePolicyFromClass(73)) - Create pipeline choose policy of type org.apache.hadoop.hdds.scm.pipeline.choose.algorithms.RandomPipelineChoosePolicy
2022-03-01 14:07:59,793 [Listener at 127.0.0.1/33581] INFO  ha.SCMServiceManager (SCMServiceManager.java:register(42)) - Registering service SCMBlockDeletingService.
2022-03-01 14:07:59,793 [Listener at 127.0.0.1/33581] INFO  ha.SCMServiceManager (SCMServiceManager.java:register(42)) - Registering service ReplicationManager.
2022-03-01 14:07:59,793 [Listener at 127.0.0.1/33581] INFO  container.ReplicationManager (ReplicationManager.java:start(326)) - Starting Replication Monitor Thread.
2022-03-01 14:07:59,817 [Listener at 127.0.0.1/33581] INFO  safemode.ContainerSafeModeRule (ContainerSafeModeRule.java:<init>(89)) - containers with one replica threshold count 0
2022-03-01 14:07:59,817 [Listener at 127.0.0.1/33581] INFO  safemode.HealthyPipelineSafeModeRule (HealthyPipelineSafeModeRule.java:initializeRule(156)) - Total pipeline count is 0, healthy pipeline threshold count is 1
2022-03-01 14:07:59,817 [Listener at 127.0.0.1/33581] INFO  safemode.OneReplicaPipelineSafeModeRule (OneReplicaPipelineSafeModeRule.java:initializeRule(180)) - Total pipeline count is 0, pipeline's with at least one datanode reported threshold count is 0
2022-03-01 14:07:59,825 [Listener at 127.0.0.1/33581] INFO  ipc.CallQueueManager (CallQueueManager.java:<init>(90)) - Using callQueue: class java.util.concurrent.LinkedBlockingQueue, queueCapacity: 2000, scheduler: class org.apache.hadoop.ipc.DefaultRpcScheduler, ipcBackoff: false.
2022-03-01 14:07:59,854 [ReplicationMonitor] INFO  container.ReplicationManager (ReplicationManager.java:processAll(374)) - Replication Manager is not ready to run until 3000ms after safemode exit
2022-03-01 14:07:59,855 [Listener at 0.0.0.0/36337] INFO  ipc.CallQueueManager (CallQueueManager.java:<init>(90)) - Using callQueue: class java.util.concurrent.LinkedBlockingQueue, queueCapacity: 2000, scheduler: class org.apache.hadoop.ipc.DefaultRpcScheduler, ipcBackoff: false.
2022-03-01 14:07:59,857 [Socket Reader #1 for port 0] INFO  ipc.Server (Server.java:run(1265)) - Starting Socket Reader #1 for port 0
2022-03-01 14:07:59,861 [Listener at 0.0.0.0/34823] INFO  ipc.CallQueueManager (CallQueueManager.java:<init>(90)) - Using callQueue: class java.util.concurrent.LinkedBlockingQueue, queueCapacity: 2000, scheduler: class org.apache.hadoop.ipc.DefaultRpcScheduler, ipcBackoff: false.
2022-03-01 14:07:59,862 [Socket Reader #1 for port 0] INFO  ipc.Server (Server.java:run(1265)) - Starting Socket Reader #1 for port 0
2022-03-01 14:07:59,874 [Socket Reader #1 for port 0] INFO  ipc.Server (Server.java:run(1265)) - Starting Socket Reader #1 for port 0
2022-03-01 14:07:59,945 [Listener at 0.0.0.0/38493] INFO  algorithms.ContainerPlacementPolicyFactory (ContainerPlacementPolicyFactory.java:getPolicy(60)) - Create container placement policy of type org.apache.hadoop.hdds.scm.container.placement.algorithms.SCMContainerPlacementRandom
2022-03-01 14:07:59,950 [Listener at 0.0.0.0/38493] INFO  server.StorageContainerManager (StorageContainerManager.java:<init>(392)) - 
Container Balancer status:
Key                            Value
Running                        false
Container Balancer Configuration values:
Key                                                Value
Threshold                                          10
Max Datanodes to Involve per Iteration(percent)    20
Max Size to Move per Iteration                     500GB
Max Size Entering Target per Iteration             26GB
Max Size Leaving Source per Iteration              26GB

2022-03-01 14:07:59,951 [Listener at 0.0.0.0/38493] WARN  events.EventQueue (EventQueue.java:fireEvent(194)) - No event handler registered for event TypedEvent{payloadType=SafeModeStatus, name='Safe mode status'}
2022-03-01 14:07:59,951 [Listener at 0.0.0.0/38493] INFO  ha.SCMContext (SCMContext.java:updateSafeModeStatus(211)) - Update SafeModeStatus from SafeModeStatus{safeModeStatus=true, preCheckPassed=false} to SafeModeStatus{safeModeStatus=true, preCheckPassed=false}.
2022-03-01 14:07:59,951 [Listener at 0.0.0.0/38493] INFO  server.StorageContainerManager (StorageContainerManager.java:start(1330)) - StorageContainerLocationProtocol RPC server is listening at /0.0.0.0:38493
2022-03-01 14:07:59,953 [Listener at 0.0.0.0/38493] INFO  ha.SCMRatisServerImpl (SCMRatisServerImpl.java:start(177)) - starting ratis server 0.0.0.0:9894
2022-03-01 14:07:59,953 [Listener at 0.0.0.0/38493] INFO  server.RaftServer$Division (RaftServerImpl.java:start(301)) - f6b4a54d-6093-4c4c-9970-ea333dfe749a@group-C11D7991BD3D: start as a follower, conf=0: [f6b4a54d-6093-4c4c-9970-ea333dfe749a|rpc:fv-az195-209:9894|admin:|client:|dataStream:|priority:0], old=null
2022-03-01 14:07:59,953 [Listener at 0.0.0.0/38493] INFO  server.RaftServer$Division (RaftServerImpl.java:setRole(290)) - f6b4a54d-6093-4c4c-9970-ea333dfe749a@group-C11D7991BD3D: changes role from      null to FOLLOWER at term 1 for startAsFollower
2022-03-01 14:07:59,953 [Listener at 0.0.0.0/38493] INFO  impl.RoleInfo (RoleInfo.java:updateAndGet(130)) - f6b4a54d-6093-4c4c-9970-ea333dfe749a: start f6b4a54d-6093-4c4c-9970-ea333dfe749a@group-C11D7991BD3D-FollowerState
2022-03-01 14:07:59,955 [Listener at 0.0.0.0/38493] INFO  util.JmxRegister (JmxRegister.java:tryRegister(44)) - Successfully registered JMX Bean with object name Ratis:service=RaftServer,group=group-C11D7991BD3D,id=f6b4a54d-6093-4c4c-9970-ea333dfe749a
2022-03-01 14:07:59,956 [Listener at 0.0.0.0/38493] INFO  server.RaftServer (RaftServerProxy.java:lambda$start$5(374)) - f6b4a54d-6093-4c4c-9970-ea333dfe749a: start RPC server
2022-03-01 14:07:59,957 [Listener at 0.0.0.0/38493] INFO  server.GrpcService (GrpcService.java:startImpl(253)) - f6b4a54d-6093-4c4c-9970-ea333dfe749a: GrpcService started, listening on 9894
2022-03-01 14:07:59,957 [Listener at 0.0.0.0/38493] INFO  ha.SCMHAManagerImpl (SCMHAManagerImpl.java:start(121)) -  scm role is FOLLOWER peers [f6b4a54d-6093-4c4c-9970-ea333dfe749a|rpc:fv-az195-209:9894|admin:|client:|dataStream:|priority:0]
2022-03-01 14:07:59,957 [Listener at 0.0.0.0/38493] INFO  ha.InterSCMGrpcService (InterSCMGrpcProtocolService.java:start(94)) - Starting SCM Grpc Service at port 9895
2022-03-01 14:07:59,963 [Listener at 0.0.0.0/38493] WARN  impl.MetricsConfig (MetricsConfig.java:loadFirst(136)) - Cannot locate configuration: tried hadoop-metrics2-storagecontainermanager.properties,hadoop-metrics2.properties
2022-03-01 14:07:59,975 [org.apache.ratis.util.JvmPauseMonitor$$Lambda$421/1299661385@7233cd72] INFO  util.JvmPauseMonitor (JvmPauseMonitor.java:run(103)) - JvmPauseMonitor-f6b4a54d-6093-4c4c-9970-ea333dfe749a: Started
2022-03-01 14:07:59,977 [Listener at 0.0.0.0/38493] INFO  impl.MetricsSystemImpl (MetricsSystemImpl.java:startTimer(378)) - Scheduled Metric snapshot period at 10 second(s).
2022-03-01 14:07:59,977 [Listener at 0.0.0.0/38493] INFO  impl.MetricsSystemImpl (MetricsSystemImpl.java:start(191)) - StorageContainerManager metrics system started
2022-03-01 14:08:00,004 [Listener at 0.0.0.0/38493] INFO  impl.MetricsSinkAdapter (MetricsSinkAdapter.java:start(204)) - Sink prometheus started
2022-03-01 14:08:00,005 [Listener at 0.0.0.0/38493] INFO  impl.MetricsSystemImpl (MetricsSystemImpl.java:registerSink(305)) - Registered sink prometheus
2022-03-01 14:08:00,053 [Listener at 0.0.0.0/38493] INFO  server.SCMClientProtocolServer (SCMClientProtocolServer.java:start(165)) - RPC server for Client  is listening at /0.0.0.0:38493
2022-03-01 14:08:00,063 [IPC Server Responder] INFO  ipc.Server (Server.java:run(1507)) - IPC Server Responder: starting
2022-03-01 14:08:00,063 [IPC Server listener on 0] INFO  ipc.Server (Server.java:run(1344)) - IPC Server listener on 0: starting
2022-03-01 14:08:00,066 [Listener at 0.0.0.0/38493] INFO  server.StorageContainerManager (StorageContainerManager.java:start(1345)) - ScmBlockLocationProtocol RPC server is listening at /0.0.0.0:34823
2022-03-01 14:08:00,066 [Listener at 0.0.0.0/38493] INFO  server.SCMBlockProtocolServer (SCMBlockProtocolServer.java:start(151)) - RPC server for Block Protocol is listening at /0.0.0.0:34823
2022-03-01 14:08:00,067 [IPC Server Responder] INFO  ipc.Server (Server.java:run(1507)) - IPC Server Responder: starting
2022-03-01 14:08:00,067 [IPC Server listener on 0] INFO  ipc.Server (Server.java:run(1344)) - IPC Server listener on 0: starting
2022-03-01 14:08:00,142 [Listener at 0.0.0.0/38493] INFO  http.BaseHttpServer (BaseHttpServer.java:newHttpServer2BuilderForOzone(209)) - Starting Web-server for scm at: http://0.0.0.0:0
2022-03-01 14:08:00,143 [Listener at 0.0.0.0/38493] INFO  http.BaseHttpServer (BaseHttpServer.java:<init>(107)) - Hadoop Security Enabled: false Ozone Security Enabled: false Ozone HTTP Security Enabled: false 
2022-03-01 14:08:00,144 [Listener at 0.0.0.0/38493] INFO  server.AuthenticationFilter (AuthenticationFilter.java:constructSecretProvider(240)) - Unable to initialize FileSignerSecretProvider, falling back to use random secrets.
2022-03-01 14:08:00,154 [Listener at 0.0.0.0/38493] WARN  http.HttpRequestLog (HttpRequestLog.java:getRequestLog(103)) - Jetty request log can only be enabled using Log4j
2022-03-01 14:08:00,155 [org.apache.hadoop.util.JvmPauseMonitor$Monitor@7b10e088] INFO  util.JvmPauseMonitor (JvmPauseMonitor.java:run(188)) - Starting JVM pause monitor
2022-03-01 14:08:00,157 [Listener at 0.0.0.0/38493] INFO  http.HttpServer2 (HttpServer2.java:addGlobalFilter(1030)) - Added global filter 'safety' (class=org.apache.hadoop.hdds.server.http.HttpServer2$QuotingInputFilter)
2022-03-01 14:08:00,158 [Listener at 0.0.0.0/38493] INFO  http.HttpServer2 (HttpServer2.java:addFilter(1006)) - Added filter static_user_filter (class=org.apache.hadoop.http.lib.StaticUserWebFilter$StaticUserFilter) to context scm
2022-03-01 14:08:00,158 [Listener at 0.0.0.0/38493] INFO  http.HttpServer2 (HttpServer2.java:addFilter(1014)) - Added filter static_user_filter (class=org.apache.hadoop.http.lib.StaticUserWebFilter$StaticUserFilter) to context static
2022-03-01 14:08:00,158 [Listener at 0.0.0.0/38493] INFO  http.HttpServer2 (HttpServer2.java:addFilter(1014)) - Added filter static_user_filter (class=org.apache.hadoop.http.lib.StaticUserWebFilter$StaticUserFilter) to context logs
2022-03-01 14:08:00,158 [Listener at 0.0.0.0/38493] INFO  http.HttpServer2 (HttpServer2.java:bindListener(1249)) - Jetty bound to port 37609
2022-03-01 14:08:00,158 [Listener at 0.0.0.0/38493] INFO  server.Server (Server.java:doStart(375)) - jetty-9.4.43.v20210629; built: 2021-06-30T11:07:22.254Z; git: 526006ecfa3af7f1a27ef3a288e2bef7ea9dd7e8; jvm 1.8.0_322-b06
2022-03-01 14:08:00,227 [Listener at 0.0.0.0/38493] INFO  server.session (DefaultSessionIdManager.java:doStart(334)) - DefaultSessionIdManager workerName=node0
2022-03-01 14:08:00,228 [Listener at 0.0.0.0/38493] INFO  server.session (DefaultSessionIdManager.java:doStart(339)) - No SessionScavenger set, using defaults
2022-03-01 14:08:00,228 [Listener at 0.0.0.0/38493] INFO  server.session (HouseKeeper.java:startScavenging(132)) - node0 Scavenging every 660000ms
2022-03-01 14:08:00,229 [Listener at 0.0.0.0/38493] INFO  handler.ContextHandler (ContextHandler.java:doStart(915)) - Started o.e.j.s.ServletContextHandler@69ea89d0{logs,/logs,file:///home/runner/work/ozone/ozone/hadoop-ozone/integration-test/target/log,AVAILABLE}
2022-03-01 14:08:00,229 [Listener at 0.0.0.0/38493] INFO  handler.ContextHandler (ContextHandler.java:doStart(915)) - Started o.e.j.s.ServletContextHandler@3135f5dd{static,/static,file:///home/runner/work/ozone/ozone/hadoop-ozone/integration-test/target/test-classes/webapps/static,AVAILABLE}
2022-03-01 14:08:00,233 [Listener at 0.0.0.0/38493] INFO  handler.ContextHandler (ContextHandler.java:doStart(915)) - Started o.e.j.w.WebAppContext@686a7922{scm,/,file:///home/runner/work/ozone/ozone/hadoop-ozone/integration-test/target/test-classes/webapps/scm/,AVAILABLE}{file:/home/runner/work/ozone/ozone/hadoop-ozone/integration-test/target/test-classes/webapps/scm}
2022-03-01 14:08:00,256 [Listener at 0.0.0.0/38493] INFO  server.AbstractConnector (AbstractConnector.java:doStart(331)) - Started ServerConnector@25410c7f{HTTP/1.1, (http/1.1)}{0.0.0.0:37609}
2022-03-01 14:08:00,256 [Listener at 0.0.0.0/38493] INFO  server.Server (Server.java:doStart(415)) - Started @144498ms
2022-03-01 14:08:00,256 [Listener at 0.0.0.0/38493] WARN  impl.MetricsSystemImpl (MetricsSystemImpl.java:register(279)) - Sink prometheus already exists!
2022-03-01 14:08:00,258 [Listener at 0.0.0.0/38493] INFO  http.BaseHttpServer (BaseHttpServer.java:updateConnectorAddress(329)) - HTTP server of scm listening at http://0.0.0.0:37609
2022-03-01 14:08:00,258 [Listener at 0.0.0.0/38493] WARN  server.ServerUtils (ServerUtils.java:getDBPath(225)) - ozone.om.db.dirs is not configured. We recommend adding this setting. Falling back to ozone.metadata.dirs instead.
2022-03-01 14:08:00,260 [Listener at 0.0.0.0/38493] INFO  ha.OMHANodeDetails (OMHANodeDetails.java:loadOMHAConfig(112)) - ozone.om.internal.service.id is not defined, falling back to ozone.om.service.ids to find serviceID for OzoneManager if it is HA enabled cluster
2022-03-01 14:08:00,260 [Listener at 0.0.0.0/38493] INFO  ha.OMHANodeDetails (OMHANodeDetails.java:loadOMHAConfig(218)) - Configuration does not have ozone.om.address set. Falling back to the default OM address /127.0.0.1:0
2022-03-01 14:08:00,261 [Listener at 0.0.0.0/38493] INFO  ha.OMHANodeDetails (OMHANodeDetails.java:getOMNodeDetailsForNonHA(246)) - OM Service ID is not set. Setting it to the default ID: omServiceIdDefault
2022-03-01 14:08:00,261 [Listener at 0.0.0.0/38493] INFO  ha.OMHANodeDetails (OMHANodeDetails.java:getOMNodeDetailsForNonHA(253)) - OM Node ID is not set. Setting it to the default ID: om1
2022-03-01 14:08:00,261 [Listener at 0.0.0.0/38493] WARN  server.ServerUtils (ServerUtils.java:getDBPath(225)) - ozone.om.db.dirs is not configured. We recommend adding this setting. Falling back to ozone.metadata.dirs instead.
2022-03-01 14:08:00,261 [Listener at 0.0.0.0/38493] INFO  upgrade.AbstractLayoutVersionManager (AbstractLayoutVersionManager.java:init(79)) - Initializing Layout version manager with metadata layout = INITIAL_VERSION (version = 0), software layout = INITIAL_VERSION (version = 0)
2022-03-01 14:08:00,388 [Listener at 0.0.0.0/38493] INFO  reflections.Reflections (Reflections.java:scan(232)) - Reflections took 126 ms to scan 2 urls, producing 134 keys and 349 values [using 2 cores]
2022-03-01 14:08:00,389 [Listener at 0.0.0.0/38493] INFO  upgrade.OMLayoutVersionManager (OMLayoutVersionManager.java:lambda$0(115)) - Skipping Upgrade Action MockOmUpgradeAction since it has been finalized.
2022-03-01 14:08:00,389 [Listener at 0.0.0.0/38493] WARN  server.ServerUtils (ServerUtils.java:getDBPath(225)) - ozone.om.db.dirs is not configured. We recommend adding this setting. Falling back to ozone.metadata.dirs instead.
2022-03-01 14:08:02,458 [Listener at 0.0.0.0/38493] INFO  retry.RetryInvocationHandler (RetryInvocationHandler.java:log(411)) - com.google.protobuf.ServiceException: org.apache.hadoop.ipc.RemoteException(org.apache.hadoop.hdds.ratis.ServerNotLeaderException): Server:f6b4a54d-6093-4c4c-9970-ea333dfe749a is not the leader. Could not determine the leader node.
	at org.apache.hadoop.hdds.ratis.ServerNotLeaderException.convertToNotLeaderException(ServerNotLeaderException.java:109)
	at org.apache.hadoop.hdds.scm.ha.RatisUtil.checkRatisException(RatisUtil.java:246)
	at org.apache.hadoop.hdds.scm.protocol.ScmBlockLocationProtocolServerSideTranslatorPB.send(ScmBlockLocationProtocolServerSideTranslatorPB.java:108)
	at org.apache.hadoop.hdds.protocol.proto.ScmBlockLocationProtocolProtos$ScmBlockLocationProtocolService$2.callBlockingMethod(ScmBlockLocationProtocolProtos.java:13937)
	at org.apache.hadoop.ipc.ProtobufRpcEngine$Server.processCall(ProtobufRpcEngine.java:466)
	at org.apache.hadoop.ipc.ProtobufRpcEngine2$Server$ProtoBufRpcInvoker.call(ProtobufRpcEngine2.java:574)
	at org.apache.hadoop.ipc.ProtobufRpcEngine2$Server$ProtoBufRpcInvoker.call(ProtobufRpcEngine2.java:552)
	at org.apache.hadoop.ipc.RPC$Server.call(RPC.java:1093)
	at org.apache.hadoop.ipc.Server$RpcCall.run(Server.java:1035)
	at org.apache.hadoop.ipc.Server$RpcCall.run(Server.java:963)
	at java.security.AccessController.doPrivileged(Native Method)
	at javax.security.auth.Subject.doAs(Subject.java:422)
	at org.apache.hadoop.security.UserGroupInformation.doAs(UserGroupInformation.java:1878)
	at org.apache.hadoop.ipc.Server$Handler.run(Server.java:2966)
, while invoking $Proxy46.send over nodeId=scmNodeId,nodeAddress=/0.0.0.0:34823 after 1 failover attempts. Trying to failover after sleeping for 2000ms.
2022-03-01 14:08:04,462 [Listener at 0.0.0.0/38493] INFO  retry.RetryInvocationHandler (RetryInvocationHandler.java:log(411)) - com.google.protobuf.ServiceException: org.apache.hadoop.ipc.RemoteException(org.apache.hadoop.hdds.ratis.ServerNotLeaderException): Server:f6b4a54d-6093-4c4c-9970-ea333dfe749a is not the leader. Could not determine the leader node.
	at org.apache.hadoop.hdds.ratis.ServerNotLeaderException.convertToNotLeaderException(ServerNotLeaderException.java:109)
	at org.apache.hadoop.hdds.scm.ha.RatisUtil.checkRatisException(RatisUtil.java:246)
	at org.apache.hadoop.hdds.scm.protocol.ScmBlockLocationProtocolServerSideTranslatorPB.send(ScmBlockLocationProtocolServerSideTranslatorPB.java:108)
	at org.apache.hadoop.hdds.protocol.proto.ScmBlockLocationProtocolProtos$ScmBlockLocationProtocolService$2.callBlockingMethod(ScmBlockLocationProtocolProtos.java:13937)
	at org.apache.hadoop.ipc.ProtobufRpcEngine$Server.processCall(ProtobufRpcEngine.java:466)
	at org.apache.hadoop.ipc.ProtobufRpcEngine2$Server$ProtoBufRpcInvoker.call(ProtobufRpcEngine2.java:574)
	at org.apache.hadoop.ipc.ProtobufRpcEngine2$Server$ProtoBufRpcInvoker.call(ProtobufRpcEngine2.java:552)
	at org.apache.hadoop.ipc.RPC$Server.call(RPC.java:1093)
	at org.apache.hadoop.ipc.Server$RpcCall.run(Server.java:1035)
	at org.apache.hadoop.ipc.Server$RpcCall.run(Server.java:963)
	at java.security.AccessController.doPrivileged(Native Method)
	at javax.security.auth.Subject.doAs(Subject.java:422)
	at org.apache.hadoop.security.UserGroupInformation.doAs(UserGroupInformation.java:1878)
	at org.apache.hadoop.ipc.Server$Handler.run(Server.java:2966)
, while invoking $Proxy46.send over nodeId=scmNodeId,nodeAddress=/0.0.0.0:34823 after 2 failover attempts. Trying to failover after sleeping for 2000ms.
2022-03-01 14:08:05,138 [f6b4a54d-6093-4c4c-9970-ea333dfe749a@group-C11D7991BD3D-FollowerState] INFO  impl.FollowerState (FollowerState.java:run(134)) - f6b4a54d-6093-4c4c-9970-ea333dfe749a@group-C11D7991BD3D-FollowerState: change to CANDIDATE, lastRpcElapsedTime:5184477270ns, electionTimeout:5182ms
2022-03-01 14:08:05,138 [f6b4a54d-6093-4c4c-9970-ea333dfe749a@group-C11D7991BD3D-FollowerState] INFO  impl.RoleInfo (RoleInfo.java:shutdownFollowerState(108)) - f6b4a54d-6093-4c4c-9970-ea333dfe749a: shutdown f6b4a54d-6093-4c4c-9970-ea333dfe749a@group-C11D7991BD3D-FollowerState
2022-03-01 14:08:05,138 [f6b4a54d-6093-4c4c-9970-ea333dfe749a@group-C11D7991BD3D-FollowerState] INFO  server.RaftServer$Division (RaftServerImpl.java:setRole(290)) - f6b4a54d-6093-4c4c-9970-ea333dfe749a@group-C11D7991BD3D: changes role from  FOLLOWER to CANDIDATE at term 1 for changeToCandidate
2022-03-01 14:08:05,138 [f6b4a54d-6093-4c4c-9970-ea333dfe749a@group-C11D7991BD3D-FollowerState] INFO  server.RaftServerConfigKeys (ConfUtils.java:logGet(44)) - raft.server.leaderelection.pre-vote = false (custom)
2022-03-01 14:08:05,138 [f6b4a54d-6093-4c4c-9970-ea333dfe749a@group-C11D7991BD3D-FollowerState] INFO  impl.RoleInfo (RoleInfo.java:updateAndGet(130)) - f6b4a54d-6093-4c4c-9970-ea333dfe749a: start f6b4a54d-6093-4c4c-9970-ea333dfe749a@group-C11D7991BD3D-LeaderElection34
2022-03-01 14:08:05,167 [f6b4a54d-6093-4c4c-9970-ea333dfe749a@group-C11D7991BD3D-LeaderElection34] INFO  impl.LeaderElection (LeaderElection.java:askForVotes(306)) - f6b4a54d-6093-4c4c-9970-ea333dfe749a@group-C11D7991BD3D-LeaderElection34 ELECTION round 0: submit vote requests at term 2 for 0: [f6b4a54d-6093-4c4c-9970-ea333dfe749a|rpc:fv-az195-209:9894|admin:|client:|dataStream:|priority:0], old=null
2022-03-01 14:08:05,167 [f6b4a54d-6093-4c4c-9970-ea333dfe749a@group-C11D7991BD3D-LeaderElection34] INFO  impl.LeaderElection (LeaderElection.java:askForVotes(308)) - f6b4a54d-6093-4c4c-9970-ea333dfe749a@group-C11D7991BD3D-LeaderElection34 ELECTION round 0: result PASSED (term=2)
2022-03-01 14:08:05,167 [f6b4a54d-6093-4c4c-9970-ea333dfe749a@group-C11D7991BD3D-LeaderElection34] INFO  impl.RoleInfo (RoleInfo.java:shutdownLeaderElection(121)) - f6b4a54d-6093-4c4c-9970-ea333dfe749a: shutdown f6b4a54d-6093-4c4c-9970-ea333dfe749a@group-C11D7991BD3D-LeaderElection34
2022-03-01 14:08:05,167 [f6b4a54d-6093-4c4c-9970-ea333dfe749a@group-C11D7991BD3D-LeaderElection34] INFO  server.RaftServer$Division (RaftServerImpl.java:setRole(290)) - f6b4a54d-6093-4c4c-9970-ea333dfe749a@group-C11D7991BD3D: changes role from CANDIDATE to LEADER at term 2 for changeToLeader
2022-03-01 14:08:05,167 [f6b4a54d-6093-4c4c-9970-ea333dfe749a@group-C11D7991BD3D-LeaderElection34] INFO  ha.SCMStateMachine (SCMStateMachine.java:notifyLeaderChanged(259)) - current SCM becomes leader of term 2.
2022-03-01 14:08:05,167 [f6b4a54d-6093-4c4c-9970-ea333dfe749a@group-C11D7991BD3D-LeaderElection34] INFO  ha.SCMContext (SCMContext.java:updateLeaderAndTerm(90)) - update <isLeader,term> from <false,0> to <true,2>
2022-03-01 14:08:05,167 [f6b4a54d-6093-4c4c-9970-ea333dfe749a@group-C11D7991BD3D-LeaderElection34] INFO  server.RaftServer$Division (ServerState.java:setLeader(285)) - f6b4a54d-6093-4c4c-9970-ea333dfe749a@group-C11D7991BD3D: change Leader from null to f6b4a54d-6093-4c4c-9970-ea333dfe749a at term 2 for becomeLeader, leader elected after 5434ms
2022-03-01 14:08:05,167 [f6b4a54d-6093-4c4c-9970-ea333dfe749a@group-C11D7991BD3D-LeaderElection34] INFO  server.RaftServerConfigKeys (ConfUtils.java:logGet(44)) - raft.server.staging.catchup.gap = 1000 (default)
2022-03-01 14:08:05,168 [f6b4a54d-6093-4c4c-9970-ea333dfe749a@group-C11D7991BD3D-LeaderElection34] INFO  server.RaftServerConfigKeys (ConfUtils.java:logGet(44)) - raft.server.write.element-limit = 4096 (default)
2022-03-01 14:08:05,168 [f6b4a54d-6093-4c4c-9970-ea333dfe749a@group-C11D7991BD3D-LeaderElection34] INFO  server.RaftServerConfigKeys (ConfUtils.java:logGet(44)) - raft.server.write.byte-limit = 64MB (=67108864) (default)
2022-03-01 14:08:05,168 [f6b4a54d-6093-4c4c-9970-ea333dfe749a@group-C11D7991BD3D-LeaderElection34] INFO  server.RaftServerConfigKeys (ConfUtils.java:logGet(44)) - raft.server.watch.timeout = 10s (default)
2022-03-01 14:08:05,168 [f6b4a54d-6093-4c4c-9970-ea333dfe749a@group-C11D7991BD3D-LeaderElection34] INFO  server.RaftServerConfigKeys (ConfUtils.java:logGet(44)) - raft.server.watch.timeout.denomination = 1s (default)
2022-03-01 14:08:05,168 [f6b4a54d-6093-4c4c-9970-ea333dfe749a@group-C11D7991BD3D-LeaderElection34] INFO  server.RaftServerConfigKeys (ConfUtils.java:logGet(44)) - raft.server.watch.element-limit = 65536 (default)
2022-03-01 14:08:05,168 [f6b4a54d-6093-4c4c-9970-ea333dfe749a@group-C11D7991BD3D-LeaderElection34] INFO  server.RaftServerConfigKeys (ConfUtils.java:logGet(44)) - raft.server.write.element-limit = 4096 (default)
2022-03-01 14:08:05,168 [f6b4a54d-6093-4c4c-9970-ea333dfe749a@group-C11D7991BD3D-LeaderElection34] INFO  server.RaftServerConfigKeys (ConfUtils.java:logGet(44)) - raft.server.write.follower.gap.ratio.max = -1.0 (default)
2022-03-01 14:08:05,168 [f6b4a54d-6093-4c4c-9970-ea333dfe749a@group-C11D7991BD3D-LeaderElection34] INFO  impl.RoleInfo (RoleInfo.java:updateAndGet(130)) - f6b4a54d-6093-4c4c-9970-ea333dfe749a: start f6b4a54d-6093-4c4c-9970-ea333dfe749a@group-C11D7991BD3D-LeaderStateImpl
2022-03-01 14:08:05,169 [f6b4a54d-6093-4c4c-9970-ea333dfe749a@group-C11D7991BD3D-LeaderElection34] INFO  segmented.SegmentedRaftLogWorker (SegmentedRaftLogWorker.java:rollLogSegment(399)) - f6b4a54d-6093-4c4c-9970-ea333dfe749a@group-C11D7991BD3D-SegmentedRaftLogWorker: Rolling segment log-0_0 to index:0
2022-03-01 14:08:05,170 [f6b4a54d-6093-4c4c-9970-ea333dfe749a@group-C11D7991BD3D-SegmentedRaftLogWorker] INFO  segmented.SegmentedRaftLogWorker (SegmentedRaftLogWorker.java:execute(558)) - f6b4a54d-6093-4c4c-9970-ea333dfe749a@group-C11D7991BD3D-SegmentedRaftLogWorker: Rolled log segment from /home/runner/work/ozone/ozone/hadoop-ozone/integration-test/target/test-dir/MiniOzoneClusterImpl-c3e143df-885d-4e44-9b94-c11d7991bd3d/ozone-meta/scm-ha/c3e143df-885d-4e44-9b94-c11d7991bd3d/current/log_inprogress_0 to /home/runner/work/ozone/ozone/hadoop-ozone/integration-test/target/test-dir/MiniOzoneClusterImpl-c3e143df-885d-4e44-9b94-c11d7991bd3d/ozone-meta/scm-ha/c3e143df-885d-4e44-9b94-c11d7991bd3d/current/log_0-0
2022-03-01 14:08:05,184 [f6b4a54d-6093-4c4c-9970-ea333dfe749a@group-C11D7991BD3D-SegmentedRaftLogWorker] INFO  segmented.SegmentedRaftLogWorker (SegmentedRaftLogWorker.java:execute(601)) - f6b4a54d-6093-4c4c-9970-ea333dfe749a@group-C11D7991BD3D-SegmentedRaftLogWorker: created new log segment /home/runner/work/ozone/ozone/hadoop-ozone/integration-test/target/test-dir/MiniOzoneClusterImpl-c3e143df-885d-4e44-9b94-c11d7991bd3d/ozone-meta/scm-ha/c3e143df-885d-4e44-9b94-c11d7991bd3d/current/log_inprogress_1
2022-03-01 14:08:05,205 [f6b4a54d-6093-4c4c-9970-ea333dfe749a@group-C11D7991BD3D-LeaderElection34] INFO  server.RaftServer$Division (ServerState.java:setRaftConf(387)) - f6b4a54d-6093-4c4c-9970-ea333dfe749a@group-C11D7991BD3D: set configuration 1: [f6b4a54d-6093-4c4c-9970-ea333dfe749a|rpc:fv-az195-209:9894|admin:|client:|dataStream:|priority:0], old=null
2022-03-01 14:08:05,224 [f6b4a54d-6093-4c4c-9970-ea333dfe749a@group-C11D7991BD3D-StateMachineUpdater] INFO  ha.SCMContext (SCMContext.java:setLeaderReady(117)) - update <isLeaderReady> from <false> to <true>
2022-03-01 14:08:05,225 [f6b4a54d-6093-4c4c-9970-ea333dfe749a@group-C11D7991BD3D-StateMachineUpdater] INFO  pipeline.BackgroundPipelineCreator (BackgroundPipelineCreator.java:notifyStatusChanged(264)) - Service BackgroundPipelineCreator transitions to RUNNING.
2022-03-01 14:08:05,226 [f6b4a54d-6093-4c4c-9970-ea333dfe749a@group-C11D7991BD3D-StateMachineUpdater] INFO  safemode.HealthyPipelineSafeModeRule (HealthyPipelineSafeModeRule.java:initializeRule(152)) - Refreshed total pipeline count is 0, healthy pipeline threshold count is 1
2022-03-01 14:08:05,226 [f6b4a54d-6093-4c4c-9970-ea333dfe749a@group-C11D7991BD3D-StateMachineUpdater] INFO  safemode.ContainerSafeModeRule (ContainerSafeModeRule.java:reInitializeRule(177)) - Refreshed one replica container threshold 0, currentThreshold 0
2022-03-01 14:08:05,226 [f6b4a54d-6093-4c4c-9970-ea333dfe749a@group-C11D7991BD3D-StateMachineUpdater] INFO  safemode.OneReplicaPipelineSafeModeRule (OneReplicaPipelineSafeModeRule.java:initializeRule(176)) - Refreshed Total pipeline count is 0, pipeline's with at least one datanode reported threshold count is 0
2022-03-01 14:08:05,226 [f6b4a54d-6093-4c4c-9970-ea333dfe749a@group-C11D7991BD3D-StateMachineUpdater] INFO  server.SCMDatanodeProtocolServer (SCMDatanodeProtocolServer.java:start(181)) - ScmDatanodeProtocol RPC server for DataNodes is listening at /0.0.0.0:36337
2022-03-01 14:08:05,233 [IPC Server Responder] INFO  ipc.Server (Server.java:run(1507)) - IPC Server Responder: starting
2022-03-01 14:08:05,271 [IPC Server listener on 0] INFO  ipc.Server (Server.java:run(1344)) - IPC Server listener on 0: starting
2022-03-01 14:08:06,464 [Listener at 0.0.0.0/38493] WARN  server.ServerUtils (ServerUtils.java:getDBPath(225)) - ozone.om.db.dirs is not configured. We recommend adding this setting. Falling back to ozone.metadata.dirs instead.
2022-03-01 14:08:06,465 [Listener at 0.0.0.0/38493] INFO  codec.OmKeyInfoCodec (OmKeyInfoCodec.java:<init>(50)) - OmKeyInfoCodec ignorePipeline = true
2022-03-01 14:08:06,465 [Listener at 0.0.0.0/38493] INFO  codec.RepeatedOmKeyInfoCodec (RepeatedOmKeyInfoCodec.java:<init>(42)) - RepeatedOmKeyInfoCodec ignorePipeline = true
2022-03-01 14:08:06,783 [Listener at 0.0.0.0/38493] INFO  om.OzoneManager (OzoneManager.java:addS3GVolumeToDB(3732)) - Created Volume s3v With Owner runner required for S3Gateway operations.
2022-03-01 14:08:06,787 [Listener at 0.0.0.0/38493] INFO  ipc.CallQueueManager (CallQueueManager.java:<init>(90)) - Using callQueue: class java.util.concurrent.LinkedBlockingQueue, queueCapacity: 2000, scheduler: class org.apache.hadoop.ipc.DefaultRpcScheduler, ipcBackoff: false.
2022-03-01 14:08:06,787 [Socket Reader #1 for port 0] INFO  ipc.Server (Server.java:run(1265)) - Starting Socket Reader #1 for port 0
2022-03-01 14:08:06,836 [Listener at 127.0.0.1/40229] INFO  impl.MetricsSystemImpl (MetricsSystemImpl.java:init(158)) - OzoneManager metrics system started (again)
2022-03-01 14:08:06,878 [Listener at 127.0.0.1/40229] INFO  om.OzoneManager (OzoneManager.java:start(1365)) - OzoneManager RPC server is listening at localhost/127.0.0.1:40229
2022-03-01 14:08:06,878 [Listener at 127.0.0.1/40229] INFO  om.OzoneManager (OzoneManager.java:start(1381)) - Version File has different layout version (0) than OM DB (null). That is expected if this OM has never been finalized to a newer layout version.
2022-03-01 14:08:06,881 [Listener at 127.0.0.1/40229] INFO  http.BaseHttpServer (BaseHttpServer.java:newHttpServer2BuilderForOzone(209)) - Starting Web-server for ozoneManager at: http://0.0.0.0:0
2022-03-01 14:08:06,881 [Listener at 127.0.0.1/40229] INFO  http.BaseHttpServer (BaseHttpServer.java:<init>(107)) - Hadoop Security Enabled: false Ozone Security Enabled: false Ozone HTTP Security Enabled: false 
2022-03-01 14:08:06,882 [Listener at 127.0.0.1/40229] INFO  server.AuthenticationFilter (AuthenticationFilter.java:constructSecretProvider(240)) - Unable to initialize FileSignerSecretProvider, falling back to use random secrets.
2022-03-01 14:08:06,883 [Listener at 127.0.0.1/40229] WARN  http.HttpRequestLog (HttpRequestLog.java:getRequestLog(103)) - Jetty request log can only be enabled using Log4j
2022-03-01 14:08:06,884 [Listener at 127.0.0.1/40229] INFO  http.HttpServer2 (HttpServer2.java:addGlobalFilter(1030)) - Added global filter 'safety' (class=org.apache.hadoop.hdds.server.http.HttpServer2$QuotingInputFilter)
2022-03-01 14:08:06,884 [Listener at 127.0.0.1/40229] INFO  http.HttpServer2 (HttpServer2.java:addFilter(1006)) - Added filter static_user_filter (class=org.apache.hadoop.http.lib.StaticUserWebFilter$StaticUserFilter) to context ozoneManager
2022-03-01 14:08:06,885 [Listener at 127.0.0.1/40229] INFO  http.HttpServer2 (HttpServer2.java:addFilter(1014)) - Added filter static_user_filter (class=org.apache.hadoop.http.lib.StaticUserWebFilter$StaticUserFilter) to context logs
2022-03-01 14:08:06,885 [Listener at 127.0.0.1/40229] INFO  http.HttpServer2 (HttpServer2.java:addFilter(1014)) - Added filter static_user_filter (class=org.apache.hadoop.http.lib.StaticUserWebFilter$StaticUserFilter) to context static
2022-03-01 14:08:06,897 [Listener at 127.0.0.1/40229] INFO  http.HttpServer2 (HttpServer2.java:bindListener(1249)) - Jetty bound to port 35209
2022-03-01 14:08:06,897 [Listener at 127.0.0.1/40229] INFO  server.Server (Server.java:doStart(375)) - jetty-9.4.43.v20210629; built: 2021-06-30T11:07:22.254Z; git: 526006ecfa3af7f1a27ef3a288e2bef7ea9dd7e8; jvm 1.8.0_322-b06
2022-03-01 14:08:06,920 [Listener at 127.0.0.1/40229] INFO  server.session (DefaultSessionIdManager.java:doStart(334)) - DefaultSessionIdManager workerName=node0
2022-03-01 14:08:06,920 [Listener at 127.0.0.1/40229] INFO  server.session (DefaultSessionIdManager.java:doStart(339)) - No SessionScavenger set, using defaults
2022-03-01 14:08:06,921 [Listener at 127.0.0.1/40229] INFO  server.session (HouseKeeper.java:startScavenging(132)) - node0 Scavenging every 600000ms
2022-03-01 14:08:06,922 [Listener at 127.0.0.1/40229] INFO  handler.ContextHandler (ContextHandler.java:doStart(915)) - Started o.e.j.s.ServletContextHandler@1c8a2352{logs,/logs,file:///home/runner/work/ozone/ozone/hadoop-ozone/integration-test/target/log,AVAILABLE}
2022-03-01 14:08:06,923 [Listener at 127.0.0.1/40229] INFO  handler.ContextHandler (ContextHandler.java:doStart(915)) - Started o.e.j.s.ServletContextHandler@42493c07{static,/static,file:///home/runner/work/ozone/ozone/hadoop-ozone/integration-test/target/test-classes/webapps/static,AVAILABLE}
2022-03-01 14:08:06,926 [Listener at 127.0.0.1/40229] INFO  handler.ContextHandler (ContextHandler.java:doStart(915)) - Started o.e.j.w.WebAppContext@243135c1{ozoneManager,/,file:///home/runner/work/ozone/ozone/hadoop-ozone/integration-test/target/test-classes/webapps/ozoneManager/,AVAILABLE}{file:/home/runner/work/ozone/ozone/hadoop-ozone/integration-test/target/test-classes/webapps/ozoneManager}
2022-03-01 14:08:06,927 [Listener at 127.0.0.1/40229] INFO  server.AbstractConnector (AbstractConnector.java:doStart(331)) - Started ServerConnector@1c7f3446{HTTP/1.1, (http/1.1)}{0.0.0.0:35209}
2022-03-01 14:08:06,929 [Listener at 127.0.0.1/40229] INFO  server.Server (Server.java:doStart(415)) - Started @151171ms
2022-03-01 14:08:06,929 [Listener at 127.0.0.1/40229] WARN  impl.MetricsSystemImpl (MetricsSystemImpl.java:register(279)) - Sink prometheus already exists!
2022-03-01 14:08:06,936 [Listener at 127.0.0.1/40229] INFO  http.BaseHttpServer (BaseHttpServer.java:updateConnectorAddress(329)) - HTTP server of ozoneManager listening at http://0.0.0.0:35209
2022-03-01 14:08:06,936 [IPC Server Responder] INFO  ipc.Server (Server.java:run(1507)) - IPC Server Responder: starting
2022-03-01 14:08:06,941 [IPC Server listener on 0] INFO  ipc.Server (Server.java:run(1344)) - IPC Server listener on 0: starting
2022-03-01 14:08:06,946 [Listener at 127.0.0.1/40229] INFO  om.TrashPolicyOzone (TrashPolicyOzone.java:<init>(178)) - Ozone Manager trash configuration: Deletion interval = 0 minutes, Emptier interval = 0 minutes.
2022-03-01 14:08:06,977 [org.apache.hadoop.util.JvmPauseMonitor$Monitor@5fd01e54] INFO  util.JvmPauseMonitor (JvmPauseMonitor.java:run(188)) - Starting JVM pause monitor
2022-03-01 14:08:06,983 [Listener at 127.0.0.1/40229] WARN  impl.MetricRegistriesImpl (MetricRegistriesImpl.java:addReporterRegistration(111)) - New reporters are added after registries were created. Some metrics will be missing from the reporter. Please add reporter before adding any new registry.
2022-03-01 14:08:06,983 [Listener at 127.0.0.1/40229] WARN  impl.MetricRegistriesImpl (MetricRegistriesImpl.java:addReporterRegistration(111)) - New reporters are added after registries were created. Some metrics will be missing from the reporter. Please add reporter before adding any new registry.
2022-03-01 14:08:06,993 [Listener at 127.0.0.1/40229] INFO  impl.MetricsSystemImpl (MetricsSystemImpl.java:init(158)) - HddsDatanode metrics system started (again)
2022-03-01 14:08:07,040 [Listener at 127.0.0.1/40229] INFO  ozone.HddsDatanodeService (HddsDatanodeService.java:start(233)) - HddsDatanodeService host:fv-az195-209.u3nnjwd0vyge1bu22idnsdeq2e.cx.internal.cloudapp.net ip:10.1.0.24
2022-03-01 14:08:07,104 [Listener at 127.0.0.1/40229] INFO  upgrade.AbstractLayoutVersionManager (AbstractLayoutVersionManager.java:init(79)) - Initializing Layout version manager with metadata layout = SCM_HA (version = 2), software layout = SCM_HA (version = 2)
2022-03-01 14:08:07,254 [Listener at 127.0.0.1/40229] INFO  reflections.Reflections (Reflections.java:scan(232)) - Reflections took 148 ms to scan 7 urls, producing 122 keys and 286 values 
2022-03-01 14:08:07,259 [Listener at 127.0.0.1/40229] INFO  statemachine.DatanodeStateMachine (DatanodeStateMachine.java:getEndPointTaskThreadPoolSize(222)) - Datanode State Machine Task Thread Pool size 2
2022-03-01 14:08:07,260 [Listener at 127.0.0.1/40229] INFO  volume.HddsVolume (HddsVolume.java:<init>(120)) - Creating HddsVolume: /home/runner/work/ozone/ozone/hadoop-ozone/integration-test/target/test-dir/MiniOzoneClusterImpl-c3e143df-885d-4e44-9b94-c11d7991bd3d/datanode-0/data-0/containers/hdds of storage type : DISK capacity : 9223372036854775807
2022-03-01 14:08:07,261 [Listener at 127.0.0.1/40229] INFO  volume.MutableVolumeSet (MutableVolumeSet.java:initializeVolumeSet(168)) - Added Volume : /home/runner/work/ozone/ozone/hadoop-ozone/integration-test/target/test-dir/MiniOzoneClusterImpl-c3e143df-885d-4e44-9b94-c11d7991bd3d/datanode-0/data-0/containers/hdds to VolumeSet
2022-03-01 14:08:07,261 [Listener at 127.0.0.1/40229] INFO  volume.ThrottledAsyncChecker (ThrottledAsyncChecker.java:schedule(141)) - Scheduling a check for /home/runner/work/ozone/ozone/hadoop-ozone/integration-test/target/test-dir/MiniOzoneClusterImpl-c3e143df-885d-4e44-9b94-c11d7991bd3d/datanode-0/data-0/containers/hdds
2022-03-01 14:08:07,263 [Listener at 127.0.0.1/40229] INFO  volume.StorageVolumeChecker (StorageVolumeChecker.java:checkAllVolumes(202)) - Scheduled health check for volume /home/runner/work/ozone/ozone/hadoop-ozone/integration-test/target/test-dir/MiniOzoneClusterImpl-c3e143df-885d-4e44-9b94-c11d7991bd3d/datanode-0/data-0/containers/hdds
2022-03-01 14:08:07,291 [Listener at 127.0.0.1/40229] INFO  volume.MutableVolumeSet (MutableVolumeSet.java:initializeVolumeSet(168)) - Added Volume : /home/runner/work/ozone/ozone/hadoop-ozone/integration-test/target/test-dir/MiniOzoneClusterImpl-c3e143df-885d-4e44-9b94-c11d7991bd3d/datanode-0/data/ratis to VolumeSet
2022-03-01 14:08:07,301 [Listener at 127.0.0.1/40229] INFO  volume.ThrottledAsyncChecker (ThrottledAsyncChecker.java:schedule(141)) - Scheduling a check for /home/runner/work/ozone/ozone/hadoop-ozone/integration-test/target/test-dir/MiniOzoneClusterImpl-c3e143df-885d-4e44-9b94-c11d7991bd3d/datanode-0/data/ratis
2022-03-01 14:08:07,301 [Listener at 127.0.0.1/40229] INFO  volume.StorageVolumeChecker (StorageVolumeChecker.java:checkAllVolumes(202)) - Scheduled health check for volume /home/runner/work/ozone/ozone/hadoop-ozone/integration-test/target/test-dir/MiniOzoneClusterImpl-c3e143df-885d-4e44-9b94-c11d7991bd3d/datanode-0/data/ratis
2022-03-01 14:08:07,353 [Thread-930] INFO  ozoneimpl.ContainerReader (ContainerReader.java:readVolume(172)) - Finish verifying containers on volume /home/runner/work/ozone/ozone/hadoop-ozone/integration-test/target/test-dir/MiniOzoneClusterImpl-c3e143df-885d-4e44-9b94-c11d7991bd3d/datanode-0/data-0/containers/hdds
2022-03-01 14:08:07,353 [Listener at 127.0.0.1/40229] INFO  ozoneimpl.OzoneContainer (OzoneContainer.java:buildContainerSet(257)) - Build ContainerSet costs 0s
2022-03-01 14:08:07,356 [Listener at 127.0.0.1/40229] INFO  server.RaftServer (ConfUtils.java:logGet(44)) - raft.rpc.type = GRPC (default)
2022-03-01 14:08:07,356 [Listener at 127.0.0.1/40229] INFO  grpc.GrpcFactory (GrpcFactory.java:checkPooledByteBufAllocatorUseCacheForAllThreads(48)) - PERFORMANCE WARNING: useCacheForAllThreads is true that may cause Netty to create a lot garbage objects and, as a result, trigger GC.
	It is recommended to disable useCacheForAllThreads by setting -Dorg.apache.ratis.thirdparty.io.netty.allocator.useCacheForAllThreads=false in command line.
2022-03-01 14:08:07,356 [Listener at 127.0.0.1/40229] INFO  grpc.GrpcConfigKeys (ConfUtils.java:logGet(44)) - raft.grpc.admin.port = 0 (custom)
2022-03-01 14:08:07,356 [Listener at 127.0.0.1/40229] INFO  grpc.GrpcConfigKeys (ConfUtils.java:logGet(44)) - raft.grpc.client.port = 0 (custom)
2022-03-01 14:08:07,356 [Listener at 127.0.0.1/40229] INFO  grpc.GrpcConfigKeys (ConfUtils.java:logGet(44)) - raft.grpc.server.port = 0 (default)
2022-03-01 14:08:07,356 [Listener at 127.0.0.1/40229] INFO  server.GrpcService (ConfUtils.java:logGet(44)) - raft.grpc.message.size.max = 32MB (=33554432) (custom)
2022-03-01 14:08:07,356 [Listener at 127.0.0.1/40229] INFO  server.RaftServerConfigKeys (ConfUtils.java:logGet(44)) - raft.server.log.appender.buffer.byte-limit = 33554432 (custom)
2022-03-01 14:08:07,357 [Listener at 127.0.0.1/40229] INFO  server.GrpcService (ConfUtils.java:logGet(44)) - raft.grpc.flow.control.window = 5MB (=5242880) (custom)
2022-03-01 14:08:07,357 [Listener at 127.0.0.1/40229] INFO  server.RaftServerConfigKeys (ConfUtils.java:logGet(44)) - raft.server.rpc.request.timeout = 60s (custom)
2022-03-01 14:08:07,358 [Listener at 127.0.0.1/40229] INFO  impl.DataStreamServerImpl (ConfUtils.java:logGet(44)) - raft.datastream.type = DISABLED (default)
2022-03-01 14:08:07,358 [Listener at 127.0.0.1/40229] INFO  server.RaftServerConfigKeys (ConfUtils.java:logGet(44)) - raft.server.rpc.slowness.timeout = 300s (custom)
2022-03-01 14:08:07,358 [Listener at 127.0.0.1/40229] INFO  server.RaftServerConfigKeys (ConfUtils.java:logGet(44)) - raft.server.leaderelection.leader.step-down.wait-time = 10s (default)
2022-03-01 14:08:07,358 [Listener at 127.0.0.1/40229] INFO  server.RaftServerConfigKeys (ConfUtils.java:logGet(44)) - raft.server.storage.dir = [/home/runner/work/ozone/ozone/hadoop-ozone/integration-test/target/test-dir/MiniOzoneClusterImpl-c3e143df-885d-4e44-9b94-c11d7991bd3d/datanode-0/data/ratis] (custom)
2022-03-01 14:08:07,359 [Listener at 127.0.0.1/40229] INFO  server.XceiverServerGrpc (XceiverServerGrpc.java:<init>(132)) - GrpcServer channel type EpollServerSocketChannel
2022-03-01 14:08:07,373 [Listener at 127.0.0.1/40229] INFO  http.BaseHttpServer (BaseHttpServer.java:newHttpServer2BuilderForOzone(209)) - Starting Web-server for hddsDatanode at: http://0.0.0.0:0
2022-03-01 14:08:07,373 [Listener at 127.0.0.1/40229] INFO  http.BaseHttpServer (BaseHttpServer.java:<init>(107)) - Hadoop Security Enabled: false Ozone Security Enabled: false Ozone HTTP Security Enabled: false 
2022-03-01 14:08:07,374 [Listener at 127.0.0.1/40229] INFO  server.AuthenticationFilter (AuthenticationFilter.java:constructSecretProvider(240)) - Unable to initialize FileSignerSecretProvider, falling back to use random secrets.
2022-03-01 14:08:07,385 [Listener at 127.0.0.1/40229] WARN  http.HttpRequestLog (HttpRequestLog.java:getRequestLog(103)) - Jetty request log can only be enabled using Log4j
2022-03-01 14:08:07,386 [Listener at 127.0.0.1/40229] INFO  http.HttpServer2 (HttpServer2.java:addGlobalFilter(1030)) - Added global filter 'safety' (class=org.apache.hadoop.hdds.server.http.HttpServer2$QuotingInputFilter)
2022-03-01 14:08:07,387 [Listener at 127.0.0.1/40229] INFO  http.HttpServer2 (HttpServer2.java:addFilter(1006)) - Added filter static_user_filter (class=org.apache.hadoop.http.lib.StaticUserWebFilter$StaticUserFilter) to context hddsDatanode
2022-03-01 14:08:07,387 [Listener at 127.0.0.1/40229] INFO  http.HttpServer2 (HttpServer2.java:addFilter(1014)) - Added filter static_user_filter (class=org.apache.hadoop.http.lib.StaticUserWebFilter$StaticUserFilter) to context static
2022-03-01 14:08:07,388 [Listener at 127.0.0.1/40229] INFO  http.HttpServer2 (HttpServer2.java:addFilter(1014)) - Added filter static_user_filter (class=org.apache.hadoop.http.lib.StaticUserWebFilter$StaticUserFilter) to context logs
2022-03-01 14:08:07,388 [Listener at 127.0.0.1/40229] INFO  http.HttpServer2 (HttpServer2.java:bindListener(1249)) - Jetty bound to port 42157
2022-03-01 14:08:07,388 [Listener at 127.0.0.1/40229] INFO  server.Server (Server.java:doStart(375)) - jetty-9.4.43.v20210629; built: 2021-06-30T11:07:22.254Z; git: 526006ecfa3af7f1a27ef3a288e2bef7ea9dd7e8; jvm 1.8.0_322-b06
2022-03-01 14:08:07,391 [Listener at 127.0.0.1/40229] INFO  server.session (DefaultSessionIdManager.java:doStart(334)) - DefaultSessionIdManager workerName=node0
2022-03-01 14:08:07,391 [Listener at 127.0.0.1/40229] INFO  server.session (DefaultSessionIdManager.java:doStart(339)) - No SessionScavenger set, using defaults
2022-03-01 14:08:07,391 [Listener at 127.0.0.1/40229] INFO  server.session (HouseKeeper.java:startScavenging(132)) - node0 Scavenging every 600000ms
2022-03-01 14:08:07,393 [Listener at 127.0.0.1/40229] INFO  handler.ContextHandler (ContextHandler.java:doStart(915)) - Started o.e.j.s.ServletContextHandler@22c45bde{logs,/logs,file:///home/runner/work/ozone/ozone/hadoop-ozone/integration-test/target/log,AVAILABLE}
2022-03-01 14:08:07,393 [Listener at 127.0.0.1/40229] INFO  handler.ContextHandler (ContextHandler.java:doStart(915)) - Started o.e.j.s.ServletContextHandler@16e7ba74{static,/static,jar:file:/home/runner/.m2/repository/org/apache/ozone/hdds-container-service/1.3.0-SNAPSHOT/hdds-container-service-1.3.0-SNAPSHOT.jar!/webapps/static,AVAILABLE}
2022-03-01 14:08:07,563 [Listener at 127.0.0.1/40229] INFO  handler.ContextHandler (ContextHandler.java:doStart(915)) - Started o.e.j.w.WebAppContext@5ca2a4f6{hddsDatanode,/,file:///tmp/jetty-0_0_0_0-42157-hdds-container-service-1_3_0-SNAPSHOT_jar-_-any-8055785375778484649/webapp/,AVAILABLE}{jar:file:/home/runner/.m2/repository/org/apache/ozone/hdds-container-service/1.3.0-SNAPSHOT/hdds-container-service-1.3.0-SNAPSHOT.jar!/webapps/hddsDatanode}
2022-03-01 14:08:07,581 [Listener at 127.0.0.1/40229] INFO  server.AbstractConnector (AbstractConnector.java:doStart(331)) - Started ServerConnector@66403e70{HTTP/1.1, (http/1.1)}{0.0.0.0:42157}
2022-03-01 14:08:07,581 [Listener at 127.0.0.1/40229] INFO  server.Server (Server.java:doStart(415)) - Started @151824ms
2022-03-01 14:08:07,581 [Listener at 127.0.0.1/40229] WARN  impl.MetricsSystemImpl (MetricsSystemImpl.java:register(279)) - Sink prometheus already exists!
2022-03-01 14:08:07,582 [Listener at 127.0.0.1/40229] INFO  http.BaseHttpServer (BaseHttpServer.java:updateConnectorAddress(329)) - HTTP server of hddsDatanode listening at http://0.0.0.0:42157
2022-03-01 14:08:07,605 [Listener at 127.0.0.1/40229] WARN  impl.MetricRegistriesImpl (MetricRegistriesImpl.java:addReporterRegistration(111)) - New reporters are added after registries were created. Some metrics will be missing from the reporter. Please add reporter before adding any new registry.
2022-03-01 14:08:07,605 [Listener at 127.0.0.1/40229] WARN  impl.MetricRegistriesImpl (MetricRegistriesImpl.java:addReporterRegistration(111)) - New reporters are added after registries were created. Some metrics will be missing from the reporter. Please add reporter before adding any new registry.
2022-03-01 14:08:07,605 [Listener at 127.0.0.1/40229] INFO  impl.MetricsSystemImpl (MetricsSystemImpl.java:init(158)) - HddsDatanode metrics system started (again)
2022-03-01 14:08:07,609 [Datanode State Machine Daemon Thread] INFO  statemachine.DatanodeStateMachine (DatanodeStateMachine.java:lambda$startDaemon$0(470)) - Ozone container server started.
2022-03-01 14:08:07,659 [org.apache.hadoop.util.JvmPauseMonitor$Monitor@360f99c2] INFO  util.JvmPauseMonitor (JvmPauseMonitor.java:run(188)) - Starting JVM pause monitor
2022-03-01 14:08:07,663 [Datanode State Machine Task Thread - 0] INFO  datanode.InitDatanodeState (InitDatanodeState.java:persistContainerDatanodeDetails(138)) - DatanodeDetails is persisted to /home/runner/work/ozone/ozone/hadoop-ozone/integration-test/target/test-dir/MiniOzoneClusterImpl-c3e143df-885d-4e44-9b94-c11d7991bd3d/datanode-0/meta/datanode.id
2022-03-01 14:08:07,670 [Listener at 127.0.0.1/40229] INFO  ozone.HddsDatanodeService (HddsDatanodeService.java:start(233)) - HddsDatanodeService host:fv-az195-209.u3nnjwd0vyge1bu22idnsdeq2e.cx.internal.cloudapp.net ip:10.1.0.24
2022-03-01 14:08:07,711 [Listener at 127.0.0.1/40229] INFO  upgrade.AbstractLayoutVersionManager (AbstractLayoutVersionManager.java:init(79)) - Initializing Layout version manager with metadata layout = SCM_HA (version = 2), software layout = SCM_HA (version = 2)
2022-03-01 14:08:07,824 [Listener at 127.0.0.1/40229] INFO  reflections.Reflections (Reflections.java:scan(232)) - Reflections took 111 ms to scan 7 urls, producing 122 keys and 286 values 
2022-03-01 14:08:07,834 [Listener at 127.0.0.1/40229] INFO  statemachine.DatanodeStateMachine (DatanodeStateMachine.java:getEndPointTaskThreadPoolSize(222)) - Datanode State Machine Task Thread Pool size 2
2022-03-01 14:08:07,845 [Listener at 127.0.0.1/40229] INFO  volume.HddsVolume (HddsVolume.java:<init>(120)) - Creating HddsVolume: /home/runner/work/ozone/ozone/hadoop-ozone/integration-test/target/test-dir/MiniOzoneClusterImpl-c3e143df-885d-4e44-9b94-c11d7991bd3d/datanode-1/data-0/containers/hdds of storage type : DISK capacity : 9223372036854775807
2022-03-01 14:08:07,845 [Listener at 127.0.0.1/40229] INFO  volume.MutableVolumeSet (MutableVolumeSet.java:initializeVolumeSet(168)) - Added Volume : /home/runner/work/ozone/ozone/hadoop-ozone/integration-test/target/test-dir/MiniOzoneClusterImpl-c3e143df-885d-4e44-9b94-c11d7991bd3d/datanode-1/data-0/containers/hdds to VolumeSet
2022-03-01 14:08:07,845 [Listener at 127.0.0.1/40229] INFO  volume.ThrottledAsyncChecker (ThrottledAsyncChecker.java:schedule(141)) - Scheduling a check for /home/runner/work/ozone/ozone/hadoop-ozone/integration-test/target/test-dir/MiniOzoneClusterImpl-c3e143df-885d-4e44-9b94-c11d7991bd3d/datanode-1/data-0/containers/hdds
2022-03-01 14:08:07,852 [Listener at 127.0.0.1/40229] INFO  volume.StorageVolumeChecker (StorageVolumeChecker.java:checkAllVolumes(202)) - Scheduled health check for volume /home/runner/work/ozone/ozone/hadoop-ozone/integration-test/target/test-dir/MiniOzoneClusterImpl-c3e143df-885d-4e44-9b94-c11d7991bd3d/datanode-1/data-0/containers/hdds
2022-03-01 14:08:07,885 [Listener at 127.0.0.1/40229] INFO  volume.MutableVolumeSet (MutableVolumeSet.java:initializeVolumeSet(168)) - Added Volume : /home/runner/work/ozone/ozone/hadoop-ozone/integration-test/target/test-dir/MiniOzoneClusterImpl-c3e143df-885d-4e44-9b94-c11d7991bd3d/datanode-1/data/ratis to VolumeSet
2022-03-01 14:08:07,885 [Listener at 127.0.0.1/40229] INFO  volume.ThrottledAsyncChecker (ThrottledAsyncChecker.java:schedule(141)) - Scheduling a check for /home/runner/work/ozone/ozone/hadoop-ozone/integration-test/target/test-dir/MiniOzoneClusterImpl-c3e143df-885d-4e44-9b94-c11d7991bd3d/datanode-1/data/ratis
2022-03-01 14:08:07,886 [Listener at 127.0.0.1/40229] INFO  volume.StorageVolumeChecker (StorageVolumeChecker.java:checkAllVolumes(202)) - Scheduled health check for volume /home/runner/work/ozone/ozone/hadoop-ozone/integration-test/target/test-dir/MiniOzoneClusterImpl-c3e143df-885d-4e44-9b94-c11d7991bd3d/datanode-1/data/ratis
2022-03-01 14:08:07,915 [Thread-942] INFO  ozoneimpl.ContainerReader (ContainerReader.java:readVolume(172)) - Finish verifying containers on volume /home/runner/work/ozone/ozone/hadoop-ozone/integration-test/target/test-dir/MiniOzoneClusterImpl-c3e143df-885d-4e44-9b94-c11d7991bd3d/datanode-1/data-0/containers/hdds
2022-03-01 14:08:07,915 [Listener at 127.0.0.1/40229] INFO  ozoneimpl.OzoneContainer (OzoneContainer.java:buildContainerSet(257)) - Build ContainerSet costs 0s
2022-03-01 14:08:07,917 [Listener at 127.0.0.1/40229] INFO  server.RaftServer (ConfUtils.java:logGet(44)) - raft.rpc.type = GRPC (default)
2022-03-01 14:08:07,917 [Listener at 127.0.0.1/40229] INFO  grpc.GrpcFactory (GrpcFactory.java:checkPooledByteBufAllocatorUseCacheForAllThreads(48)) - PERFORMANCE WARNING: useCacheForAllThreads is true that may cause Netty to create a lot garbage objects and, as a result, trigger GC.
	It is recommended to disable useCacheForAllThreads by setting -Dorg.apache.ratis.thirdparty.io.netty.allocator.useCacheForAllThreads=false in command line.
2022-03-01 14:08:07,917 [Listener at 127.0.0.1/40229] INFO  grpc.GrpcConfigKeys (ConfUtils.java:logGet(44)) - raft.grpc.admin.port = 0 (custom)
2022-03-01 14:08:07,918 [Listener at 127.0.0.1/40229] INFO  grpc.GrpcConfigKeys (ConfUtils.java:logGet(44)) - raft.grpc.client.port = 0 (custom)
2022-03-01 14:08:07,918 [Listener at 127.0.0.1/40229] INFO  grpc.GrpcConfigKeys (ConfUtils.java:logGet(44)) - raft.grpc.server.port = 0 (default)
2022-03-01 14:08:07,918 [Listener at 127.0.0.1/40229] INFO  server.GrpcService (ConfUtils.java:logGet(44)) - raft.grpc.message.size.max = 32MB (=33554432) (custom)
2022-03-01 14:08:07,918 [Listener at 127.0.0.1/40229] INFO  server.RaftServerConfigKeys (ConfUtils.java:logGet(44)) - raft.server.log.appender.buffer.byte-limit = 33554432 (custom)
2022-03-01 14:08:07,918 [Listener at 127.0.0.1/40229] INFO  server.GrpcService (ConfUtils.java:logGet(44)) - raft.grpc.flow.control.window = 5MB (=5242880) (custom)
2022-03-01 14:08:07,918 [Listener at 127.0.0.1/40229] INFO  server.RaftServerConfigKeys (ConfUtils.java:logGet(44)) - raft.server.rpc.request.timeout = 60s (custom)
2022-03-01 14:08:07,919 [Listener at 127.0.0.1/40229] INFO  impl.DataStreamServerImpl (ConfUtils.java:logGet(44)) - raft.datastream.type = DISABLED (default)
2022-03-01 14:08:07,920 [Listener at 127.0.0.1/40229] INFO  server.RaftServerConfigKeys (ConfUtils.java:logGet(44)) - raft.server.rpc.slowness.timeout = 300s (custom)
2022-03-01 14:08:07,920 [Listener at 127.0.0.1/40229] INFO  server.RaftServerConfigKeys (ConfUtils.java:logGet(44)) - raft.server.leaderelection.leader.step-down.wait-time = 10s (default)
2022-03-01 14:08:07,920 [Listener at 127.0.0.1/40229] INFO  server.RaftServerConfigKeys (ConfUtils.java:logGet(44)) - raft.server.storage.dir = [/home/runner/work/ozone/ozone/hadoop-ozone/integration-test/target/test-dir/MiniOzoneClusterImpl-c3e143df-885d-4e44-9b94-c11d7991bd3d/datanode-1/data/ratis] (custom)
2022-03-01 14:08:07,923 [Listener at 127.0.0.1/40229] INFO  server.XceiverServerGrpc (XceiverServerGrpc.java:<init>(132)) - GrpcServer channel type EpollServerSocketChannel
2022-03-01 14:08:07,946 [Listener at 127.0.0.1/40229] INFO  http.BaseHttpServer (BaseHttpServer.java:newHttpServer2BuilderForOzone(209)) - Starting Web-server for hddsDatanode at: http://0.0.0.0:0
2022-03-01 14:08:07,947 [Listener at 127.0.0.1/40229] INFO  http.BaseHttpServer (BaseHttpServer.java:<init>(107)) - Hadoop Security Enabled: false Ozone Security Enabled: false Ozone HTTP Security Enabled: false 
2022-03-01 14:08:07,948 [Listener at 127.0.0.1/40229] INFO  server.AuthenticationFilter (AuthenticationFilter.java:constructSecretProvider(240)) - Unable to initialize FileSignerSecretProvider, falling back to use random secrets.
2022-03-01 14:08:07,950 [Listener at 127.0.0.1/40229] WARN  http.HttpRequestLog (HttpRequestLog.java:getRequestLog(103)) - Jetty request log can only be enabled using Log4j
2022-03-01 14:08:07,951 [Listener at 127.0.0.1/40229] INFO  http.HttpServer2 (HttpServer2.java:addGlobalFilter(1030)) - Added global filter 'safety' (class=org.apache.hadoop.hdds.server.http.HttpServer2$QuotingInputFilter)
2022-03-01 14:08:07,952 [Listener at 127.0.0.1/40229] INFO  http.HttpServer2 (HttpServer2.java:addFilter(1006)) - Added filter static_user_filter (class=org.apache.hadoop.http.lib.StaticUserWebFilter$StaticUserFilter) to context hddsDatanode
2022-03-01 14:08:07,952 [Listener at 127.0.0.1/40229] INFO  http.HttpServer2 (HttpServer2.java:addFilter(1014)) - Added filter static_user_filter (class=org.apache.hadoop.http.lib.StaticUserWebFilter$StaticUserFilter) to context static
2022-03-01 14:08:07,952 [Listener at 127.0.0.1/40229] INFO  http.HttpServer2 (HttpServer2.java:addFilter(1014)) - Added filter static_user_filter (class=org.apache.hadoop.http.lib.StaticUserWebFilter$StaticUserFilter) to context logs
2022-03-01 14:08:07,957 [Listener at 127.0.0.1/40229] INFO  http.HttpServer2 (HttpServer2.java:bindListener(1249)) - Jetty bound to port 42961
2022-03-01 14:08:07,957 [Listener at 127.0.0.1/40229] INFO  server.Server (Server.java:doStart(375)) - jetty-9.4.43.v20210629; built: 2021-06-30T11:07:22.254Z; git: 526006ecfa3af7f1a27ef3a288e2bef7ea9dd7e8; jvm 1.8.0_322-b06
2022-03-01 14:08:08,065 [Listener at 127.0.0.1/40229] INFO  server.session (DefaultSessionIdManager.java:doStart(334)) - DefaultSessionIdManager workerName=node0
2022-03-01 14:08:08,065 [Listener at 127.0.0.1/40229] INFO  server.session (DefaultSessionIdManager.java:doStart(339)) - No SessionScavenger set, using defaults
2022-03-01 14:08:08,066 [Listener at 127.0.0.1/40229] INFO  server.session (HouseKeeper.java:startScavenging(132)) - node0 Scavenging every 600000ms
2022-03-01 14:08:08,069 [Listener at 127.0.0.1/40229] INFO  handler.ContextHandler (ContextHandler.java:doStart(915)) - Started o.e.j.s.ServletContextHandler@6c74d4bc{logs,/logs,file:///home/runner/work/ozone/ozone/hadoop-ozone/integration-test/target/log,AVAILABLE}
2022-03-01 14:08:08,069 [Listener at 127.0.0.1/40229] INFO  handler.ContextHandler (ContextHandler.java:doStart(915)) - Started o.e.j.s.ServletContextHandler@1e58dfff{static,/static,jar:file:/home/runner/.m2/repository/org/apache/ozone/hdds-container-service/1.3.0-SNAPSHOT/hdds-container-service-1.3.0-SNAPSHOT.jar!/webapps/static,AVAILABLE}
2022-03-01 14:08:08,207 [Listener at 127.0.0.1/40229] INFO  handler.ContextHandler (ContextHandler.java:doStart(915)) - Started o.e.j.w.WebAppContext@6acda1ed{hddsDatanode,/,file:///tmp/jetty-0_0_0_0-42961-hdds-container-service-1_3_0-SNAPSHOT_jar-_-any-6404979451628589824/webapp/,AVAILABLE}{jar:file:/home/runner/.m2/repository/org/apache/ozone/hdds-container-service/1.3.0-SNAPSHOT/hdds-container-service-1.3.0-SNAPSHOT.jar!/webapps/hddsDatanode}
2022-03-01 14:08:08,225 [Listener at 127.0.0.1/40229] INFO  server.AbstractConnector (AbstractConnector.java:doStart(331)) - Started ServerConnector@6e0b9024{HTTP/1.1, (http/1.1)}{0.0.0.0:42961}
2022-03-01 14:08:08,225 [Listener at 127.0.0.1/40229] INFO  server.Server (Server.java:doStart(415)) - Started @152468ms
2022-03-01 14:08:08,226 [Listener at 127.0.0.1/40229] WARN  impl.MetricsSystemImpl (MetricsSystemImpl.java:register(279)) - Sink prometheus already exists!
2022-03-01 14:08:08,226 [Listener at 127.0.0.1/40229] INFO  http.BaseHttpServer (BaseHttpServer.java:updateConnectorAddress(329)) - HTTP server of hddsDatanode listening at http://0.0.0.0:42961
2022-03-01 14:08:08,229 [Listener at 127.0.0.1/40229] WARN  impl.MetricRegistriesImpl (MetricRegistriesImpl.java:addReporterRegistration(111)) - New reporters are added after registries were created. Some metrics will be missing from the reporter. Please add reporter before adding any new registry.
2022-03-01 14:08:08,229 [Listener at 127.0.0.1/40229] WARN  impl.MetricRegistriesImpl (MetricRegistriesImpl.java:addReporterRegistration(111)) - New reporters are added after registries were created. Some metrics will be missing from the reporter. Please add reporter before adding any new registry.
2022-03-01 14:08:08,229 [Listener at 127.0.0.1/40229] INFO  impl.MetricsSystemImpl (MetricsSystemImpl.java:init(158)) - HddsDatanode metrics system started (again)
2022-03-01 14:08:08,247 [Datanode State Machine Daemon Thread] INFO  statemachine.DatanodeStateMachine (DatanodeStateMachine.java:lambda$startDaemon$0(470)) - Ozone container server started.
2022-03-01 14:08:08,286 [Listener at 127.0.0.1/40229] INFO  ozone.HddsDatanodeService (HddsDatanodeService.java:start(233)) - HddsDatanodeService host:fv-az195-209.u3nnjwd0vyge1bu22idnsdeq2e.cx.internal.cloudapp.net ip:10.1.0.24
2022-03-01 14:08:08,321 [org.apache.hadoop.util.JvmPauseMonitor$Monitor@4a18647e] INFO  util.JvmPauseMonitor (JvmPauseMonitor.java:run(188)) - Starting JVM pause monitor
2022-03-01 14:08:08,336 [Listener at 127.0.0.1/40229] INFO  upgrade.AbstractLayoutVersionManager (AbstractLayoutVersionManager.java:init(79)) - Initializing Layout version manager with metadata layout = SCM_HA (version = 2), software layout = SCM_HA (version = 2)
2022-03-01 14:08:08,338 [Datanode State Machine Task Thread - 0] INFO  datanode.InitDatanodeState (InitDatanodeState.java:persistContainerDatanodeDetails(138)) - DatanodeDetails is persisted to /home/runner/work/ozone/ozone/hadoop-ozone/integration-test/target/test-dir/MiniOzoneClusterImpl-c3e143df-885d-4e44-9b94-c11d7991bd3d/datanode-1/meta/datanode.id
2022-03-01 14:08:08,450 [Listener at 127.0.0.1/40229] INFO  reflections.Reflections (Reflections.java:scan(232)) - Reflections took 106 ms to scan 7 urls, producing 122 keys and 286 values 
2022-03-01 14:08:08,454 [Listener at 127.0.0.1/40229] INFO  statemachine.DatanodeStateMachine (DatanodeStateMachine.java:getEndPointTaskThreadPoolSize(222)) - Datanode State Machine Task Thread Pool size 2
2022-03-01 14:08:08,464 [Listener at 127.0.0.1/40229] INFO  volume.HddsVolume (HddsVolume.java:<init>(120)) - Creating HddsVolume: /home/runner/work/ozone/ozone/hadoop-ozone/integration-test/target/test-dir/MiniOzoneClusterImpl-c3e143df-885d-4e44-9b94-c11d7991bd3d/datanode-2/data-0/containers/hdds of storage type : DISK capacity : 9223372036854775807
2022-03-01 14:08:08,465 [Listener at 127.0.0.1/40229] INFO  volume.MutableVolumeSet (MutableVolumeSet.java:initializeVolumeSet(168)) - Added Volume : /home/runner/work/ozone/ozone/hadoop-ozone/integration-test/target/test-dir/MiniOzoneClusterImpl-c3e143df-885d-4e44-9b94-c11d7991bd3d/datanode-2/data-0/containers/hdds to VolumeSet
2022-03-01 14:08:08,465 [Listener at 127.0.0.1/40229] INFO  volume.ThrottledAsyncChecker (ThrottledAsyncChecker.java:schedule(141)) - Scheduling a check for /home/runner/work/ozone/ozone/hadoop-ozone/integration-test/target/test-dir/MiniOzoneClusterImpl-c3e143df-885d-4e44-9b94-c11d7991bd3d/datanode-2/data-0/containers/hdds
2022-03-01 14:08:08,477 [Listener at 127.0.0.1/40229] INFO  volume.StorageVolumeChecker (StorageVolumeChecker.java:checkAllVolumes(202)) - Scheduled health check for volume /home/runner/work/ozone/ozone/hadoop-ozone/integration-test/target/test-dir/MiniOzoneClusterImpl-c3e143df-885d-4e44-9b94-c11d7991bd3d/datanode-2/data-0/containers/hdds
2022-03-01 14:08:08,505 [Listener at 127.0.0.1/40229] INFO  volume.MutableVolumeSet (MutableVolumeSet.java:initializeVolumeSet(168)) - Added Volume : /home/runner/work/ozone/ozone/hadoop-ozone/integration-test/target/test-dir/MiniOzoneClusterImpl-c3e143df-885d-4e44-9b94-c11d7991bd3d/datanode-2/data/ratis to VolumeSet
2022-03-01 14:08:08,513 [Listener at 127.0.0.1/40229] INFO  volume.ThrottledAsyncChecker (ThrottledAsyncChecker.java:schedule(141)) - Scheduling a check for /home/runner/work/ozone/ozone/hadoop-ozone/integration-test/target/test-dir/MiniOzoneClusterImpl-c3e143df-885d-4e44-9b94-c11d7991bd3d/datanode-2/data/ratis
2022-03-01 14:08:08,514 [Listener at 127.0.0.1/40229] INFO  volume.StorageVolumeChecker (StorageVolumeChecker.java:checkAllVolumes(202)) - Scheduled health check for volume /home/runner/work/ozone/ozone/hadoop-ozone/integration-test/target/test-dir/MiniOzoneClusterImpl-c3e143df-885d-4e44-9b94-c11d7991bd3d/datanode-2/data/ratis
2022-03-01 14:08:08,547 [Thread-954] INFO  ozoneimpl.ContainerReader (ContainerReader.java:readVolume(172)) - Finish verifying containers on volume /home/runner/work/ozone/ozone/hadoop-ozone/integration-test/target/test-dir/MiniOzoneClusterImpl-c3e143df-885d-4e44-9b94-c11d7991bd3d/datanode-2/data-0/containers/hdds
2022-03-01 14:08:08,547 [Listener at 127.0.0.1/40229] INFO  ozoneimpl.OzoneContainer (OzoneContainer.java:buildContainerSet(257)) - Build ContainerSet costs 0s
2022-03-01 14:08:08,550 [Listener at 127.0.0.1/40229] INFO  server.RaftServer (ConfUtils.java:logGet(44)) - raft.rpc.type = GRPC (default)
2022-03-01 14:08:08,550 [Listener at 127.0.0.1/40229] INFO  grpc.GrpcFactory (GrpcFactory.java:checkPooledByteBufAllocatorUseCacheForAllThreads(48)) - PERFORMANCE WARNING: useCacheForAllThreads is true that may cause Netty to create a lot garbage objects and, as a result, trigger GC.
	It is recommended to disable useCacheForAllThreads by setting -Dorg.apache.ratis.thirdparty.io.netty.allocator.useCacheForAllThreads=false in command line.
2022-03-01 14:08:08,550 [Listener at 127.0.0.1/40229] INFO  grpc.GrpcConfigKeys (ConfUtils.java:logGet(44)) - raft.grpc.admin.port = 0 (custom)
2022-03-01 14:08:08,550 [Listener at 127.0.0.1/40229] INFO  grpc.GrpcConfigKeys (ConfUtils.java:logGet(44)) - raft.grpc.client.port = 0 (custom)
2022-03-01 14:08:08,551 [Listener at 127.0.0.1/40229] INFO  grpc.GrpcConfigKeys (ConfUtils.java:logGet(44)) - raft.grpc.server.port = 0 (default)
2022-03-01 14:08:08,551 [Listener at 127.0.0.1/40229] INFO  server.GrpcService (ConfUtils.java:logGet(44)) - raft.grpc.message.size.max = 32MB (=33554432) (custom)
2022-03-01 14:08:08,563 [Listener at 127.0.0.1/40229] INFO  server.RaftServerConfigKeys (ConfUtils.java:logGet(44)) - raft.server.log.appender.buffer.byte-limit = 33554432 (custom)
2022-03-01 14:08:08,563 [Listener at 127.0.0.1/40229] INFO  server.GrpcService (ConfUtils.java:logGet(44)) - raft.grpc.flow.control.window = 5MB (=5242880) (custom)
2022-03-01 14:08:08,563 [Listener at 127.0.0.1/40229] INFO  server.RaftServerConfigKeys (ConfUtils.java:logGet(44)) - raft.server.rpc.request.timeout = 60s (custom)
2022-03-01 14:08:08,564 [Listener at 127.0.0.1/40229] INFO  impl.DataStreamServerImpl (ConfUtils.java:logGet(44)) - raft.datastream.type = DISABLED (default)
2022-03-01 14:08:08,566 [Listener at 127.0.0.1/40229] INFO  server.RaftServerConfigKeys (ConfUtils.java:logGet(44)) - raft.server.rpc.slowness.timeout = 300s (custom)
2022-03-01 14:08:08,566 [Listener at 127.0.0.1/40229] INFO  server.RaftServerConfigKeys (ConfUtils.java:logGet(44)) - raft.server.leaderelection.leader.step-down.wait-time = 10s (default)
2022-03-01 14:08:08,573 [Listener at 127.0.0.1/40229] INFO  server.RaftServerConfigKeys (ConfUtils.java:logGet(44)) - raft.server.storage.dir = [/home/runner/work/ozone/ozone/hadoop-ozone/integration-test/target/test-dir/MiniOzoneClusterImpl-c3e143df-885d-4e44-9b94-c11d7991bd3d/datanode-2/data/ratis] (custom)
2022-03-01 14:08:08,578 [Listener at 127.0.0.1/40229] INFO  server.XceiverServerGrpc (XceiverServerGrpc.java:<init>(132)) - GrpcServer channel type EpollServerSocketChannel
2022-03-01 14:08:08,586 [Listener at 127.0.0.1/40229] INFO  http.BaseHttpServer (BaseHttpServer.java:newHttpServer2BuilderForOzone(209)) - Starting Web-server for hddsDatanode at: http://0.0.0.0:0
2022-03-01 14:08:08,586 [Listener at 127.0.0.1/40229] INFO  http.BaseHttpServer (BaseHttpServer.java:<init>(107)) - Hadoop Security Enabled: false Ozone Security Enabled: false Ozone HTTP Security Enabled: false 
2022-03-01 14:08:08,587 [Listener at 127.0.0.1/40229] INFO  server.AuthenticationFilter (AuthenticationFilter.java:constructSecretProvider(240)) - Unable to initialize FileSignerSecretProvider, falling back to use random secrets.
2022-03-01 14:08:08,591 [Listener at 127.0.0.1/40229] WARN  http.HttpRequestLog (HttpRequestLog.java:getRequestLog(103)) - Jetty request log can only be enabled using Log4j
2022-03-01 14:08:08,592 [Listener at 127.0.0.1/40229] INFO  http.HttpServer2 (HttpServer2.java:addGlobalFilter(1030)) - Added global filter 'safety' (class=org.apache.hadoop.hdds.server.http.HttpServer2$QuotingInputFilter)
2022-03-01 14:08:08,593 [Listener at 127.0.0.1/40229] INFO  http.HttpServer2 (HttpServer2.java:addFilter(1006)) - Added filter static_user_filter (class=org.apache.hadoop.http.lib.StaticUserWebFilter$StaticUserFilter) to context hddsDatanode
2022-03-01 14:08:08,593 [Listener at 127.0.0.1/40229] INFO  http.HttpServer2 (HttpServer2.java:addFilter(1014)) - Added filter static_user_filter (class=org.apache.hadoop.http.lib.StaticUserWebFilter$StaticUserFilter) to context static
2022-03-01 14:08:08,593 [Listener at 127.0.0.1/40229] INFO  http.HttpServer2 (HttpServer2.java:addFilter(1014)) - Added filter static_user_filter (class=org.apache.hadoop.http.lib.StaticUserWebFilter$StaticUserFilter) to context logs
2022-03-01 14:08:08,594 [Listener at 127.0.0.1/40229] INFO  http.HttpServer2 (HttpServer2.java:bindListener(1249)) - Jetty bound to port 42759
2022-03-01 14:08:08,594 [Listener at 127.0.0.1/40229] INFO  server.Server (Server.java:doStart(375)) - jetty-9.4.43.v20210629; built: 2021-06-30T11:07:22.254Z; git: 526006ecfa3af7f1a27ef3a288e2bef7ea9dd7e8; jvm 1.8.0_322-b06
2022-03-01 14:08:08,668 [Listener at 127.0.0.1/40229] INFO  server.session (DefaultSessionIdManager.java:doStart(334)) - DefaultSessionIdManager workerName=node0
2022-03-01 14:08:08,669 [Listener at 127.0.0.1/40229] INFO  server.session (DefaultSessionIdManager.java:doStart(339)) - No SessionScavenger set, using defaults
2022-03-01 14:08:08,669 [Listener at 127.0.0.1/40229] INFO  server.session (HouseKeeper.java:startScavenging(132)) - node0 Scavenging every 600000ms
2022-03-01 14:08:08,676 [Listener at 127.0.0.1/40229] INFO  handler.ContextHandler (ContextHandler.java:doStart(915)) - Started o.e.j.s.ServletContextHandler@45b67d0e{logs,/logs,file:///home/runner/work/ozone/ozone/hadoop-ozone/integration-test/target/log,AVAILABLE}
2022-03-01 14:08:08,676 [Listener at 127.0.0.1/40229] INFO  handler.ContextHandler (ContextHandler.java:doStart(915)) - Started o.e.j.s.ServletContextHandler@2a8ccb99{static,/static,jar:file:/home/runner/.m2/repository/org/apache/ozone/hdds-container-service/1.3.0-SNAPSHOT/hdds-container-service-1.3.0-SNAPSHOT.jar!/webapps/static,AVAILABLE}
2022-03-01 14:08:08,795 [Listener at 127.0.0.1/40229] INFO  handler.ContextHandler (ContextHandler.java:doStart(915)) - Started o.e.j.w.WebAppContext@5cf8a5c9{hddsDatanode,/,file:///tmp/jetty-0_0_0_0-42759-hdds-container-service-1_3_0-SNAPSHOT_jar-_-any-7885985710072764053/webapp/,AVAILABLE}{jar:file:/home/runner/.m2/repository/org/apache/ozone/hdds-container-service/1.3.0-SNAPSHOT/hdds-container-service-1.3.0-SNAPSHOT.jar!/webapps/hddsDatanode}
2022-03-01 14:08:08,809 [Listener at 127.0.0.1/40229] INFO  server.AbstractConnector (AbstractConnector.java:doStart(331)) - Started ServerConnector@42583cc1{HTTP/1.1, (http/1.1)}{0.0.0.0:42759}
2022-03-01 14:08:08,810 [Listener at 127.0.0.1/40229] INFO  server.Server (Server.java:doStart(415)) - Started @153052ms
2022-03-01 14:08:08,813 [Listener at 127.0.0.1/40229] WARN  impl.MetricsSystemImpl (MetricsSystemImpl.java:register(279)) - Sink prometheus already exists!
2022-03-01 14:08:08,814 [Listener at 127.0.0.1/40229] INFO  http.BaseHttpServer (BaseHttpServer.java:updateConnectorAddress(329)) - HTTP server of hddsDatanode listening at http://0.0.0.0:42759
2022-03-01 14:08:08,817 [Listener at 127.0.0.1/40229] INFO  ozone.MiniOzoneClusterImpl (MiniOzoneClusterImpl.java:lambda$waitForClusterToBeReady$0(219)) - Waiting for nodes to be ready. Got 0 of 3 DN Heartbeats.
2022-03-01 14:08:08,817 [Listener at 127.0.0.1/40229] INFO  ozone.MiniOzoneClusterImpl (MiniOzoneClusterImpl.java:lambda$waitForClusterToBeReady$0(222)) - Waiting for cluster to exit safe mode
2022-03-01 14:08:08,817 [Listener at 127.0.0.1/40229] INFO  ozone.MiniOzoneClusterImpl (MiniOzoneClusterImpl.java:lambda$waitForClusterToBeReady$0(224)) - SCM became leader
2022-03-01 14:08:08,821 [Datanode State Machine Daemon Thread] INFO  statemachine.DatanodeStateMachine (DatanodeStateMachine.java:lambda$startDaemon$0(470)) - Ozone container server started.
2022-03-01 14:08:08,883 [org.apache.hadoop.util.JvmPauseMonitor$Monitor@4ac96c33] INFO  util.JvmPauseMonitor (JvmPauseMonitor.java:run(188)) - Starting JVM pause monitor
2022-03-01 14:08:08,907 [Datanode State Machine Task Thread - 0] INFO  datanode.InitDatanodeState (InitDatanodeState.java:persistContainerDatanodeDetails(138)) - DatanodeDetails is persisted to /home/runner/work/ozone/ozone/hadoop-ozone/integration-test/target/test-dir/MiniOzoneClusterImpl-c3e143df-885d-4e44-9b94-c11d7991bd3d/datanode-2/meta/datanode.id
2022-03-01 14:08:09,675 [EndpointStateMachine task thread for /0.0.0.0:36337 - 0 ] INFO  ozoneimpl.OzoneContainer (OzoneContainer.java:start(335)) - Attempting to start container services.
2022-03-01 14:08:09,675 [EndpointStateMachine task thread for /0.0.0.0:36337 - 0 ] INFO  ozoneimpl.OzoneContainer (OzoneContainer.java:startContainerScrub(270)) - Background container scanner has been disabled.
2022-03-01 14:08:09,677 [EndpointStateMachine task thread for /0.0.0.0:36337 - 0 ] INFO  replication.ReplicationServer (ReplicationServer.java:start(111)) - ReplicationServer is started using port 44271
2022-03-01 14:08:09,678 [EndpointStateMachine task thread for /0.0.0.0:36337 - 0 ] INFO  ratis.XceiverServerRatis (XceiverServerRatis.java:start(485)) - Starting XceiverServerRatis 62ad9cdf-96ac-404e-9c91-d824a9b2a1ad
2022-03-01 14:08:09,679 [EndpointStateMachine task thread for /0.0.0.0:36337 - 0 ] INFO  server.RaftServer (RaftServerProxy.java:lambda$start$5(374)) - 62ad9cdf-96ac-404e-9c91-d824a9b2a1ad: start RPC server
2022-03-01 14:08:09,683 [EndpointStateMachine task thread for /0.0.0.0:36337 - 0 ] INFO  server.GrpcService (GrpcService.java:startImpl(253)) - 62ad9cdf-96ac-404e-9c91-d824a9b2a1ad: GrpcService started, listening on 37449
2022-03-01 14:08:09,695 [EndpointStateMachine task thread for /0.0.0.0:36337 - 0 ] INFO  ratis.XceiverServerRatis (XceiverServerRatis.java:getRealPort(506)) - XceiverServerRatis 62ad9cdf-96ac-404e-9c91-d824a9b2a1ad is started using port 37449 for RATIS
2022-03-01 14:08:09,695 [EndpointStateMachine task thread for /0.0.0.0:36337 - 0 ] INFO  ratis.XceiverServerRatis (XceiverServerRatis.java:getRealPort(506)) - XceiverServerRatis 62ad9cdf-96ac-404e-9c91-d824a9b2a1ad is started using port 37449 for RATIS_ADMIN
2022-03-01 14:08:09,695 [EndpointStateMachine task thread for /0.0.0.0:36337 - 0 ] INFO  ratis.XceiverServerRatis (XceiverServerRatis.java:getRealPort(506)) - XceiverServerRatis 62ad9cdf-96ac-404e-9c91-d824a9b2a1ad is started using port 37449 for RATIS_SERVER
2022-03-01 14:08:09,695 [org.apache.ratis.util.JvmPauseMonitor$$Lambda$421/1299661385@256ee4d1] INFO  util.JvmPauseMonitor (JvmPauseMonitor.java:run(103)) - JvmPauseMonitor-62ad9cdf-96ac-404e-9c91-d824a9b2a1ad: Started
2022-03-01 14:08:09,701 [EndpointStateMachine task thread for /0.0.0.0:36337 - 0 ] INFO  server.XceiverServerGrpc (XceiverServerGrpc.java:start(180)) - XceiverServerGrpc 62ad9cdf-96ac-404e-9c91-d824a9b2a1ad is started using port 38517
2022-03-01 14:08:09,817 [Listener at 127.0.0.1/40229] INFO  ozone.MiniOzoneClusterImpl (MiniOzoneClusterImpl.java:lambda$waitForClusterToBeReady$0(219)) - Waiting for nodes to be ready. Got 0 of 3 DN Heartbeats.
2022-03-01 14:08:09,818 [Listener at 127.0.0.1/40229] INFO  ozone.MiniOzoneClusterImpl (MiniOzoneClusterImpl.java:lambda$waitForClusterToBeReady$0(222)) - Waiting for cluster to exit safe mode
2022-03-01 14:08:09,818 [Listener at 127.0.0.1/40229] INFO  ozone.MiniOzoneClusterImpl (MiniOzoneClusterImpl.java:lambda$waitForClusterToBeReady$0(224)) - SCM became leader
2022-03-01 14:08:10,345 [EndpointStateMachine task thread for /0.0.0.0:36337 - 0 ] INFO  ozoneimpl.OzoneContainer (OzoneContainer.java:start(335)) - Attempting to start container services.
2022-03-01 14:08:10,358 [EndpointStateMachine task thread for /0.0.0.0:36337 - 0 ] INFO  ozoneimpl.OzoneContainer (OzoneContainer.java:startContainerScrub(270)) - Background container scanner has been disabled.
2022-03-01 14:08:10,369 [EndpointStateMachine task thread for /0.0.0.0:36337 - 0 ] INFO  replication.ReplicationServer (ReplicationServer.java:start(111)) - ReplicationServer is started using port 36405
2022-03-01 14:08:10,381 [EndpointStateMachine task thread for /0.0.0.0:36337 - 0 ] INFO  ratis.XceiverServerRatis (XceiverServerRatis.java:start(485)) - Starting XceiverServerRatis e4227631-9ebf-4460-8078-a4dbf323e9d1
2022-03-01 14:08:10,403 [EndpointStateMachine task thread for /0.0.0.0:36337 - 0 ] INFO  server.RaftServer (RaftServerProxy.java:lambda$start$5(374)) - e4227631-9ebf-4460-8078-a4dbf323e9d1: start RPC server
2022-03-01 14:08:10,405 [EndpointStateMachine task thread for /0.0.0.0:36337 - 0 ] INFO  server.GrpcService (GrpcService.java:startImpl(253)) - e4227631-9ebf-4460-8078-a4dbf323e9d1: GrpcService started, listening on 43437
2022-03-01 14:08:10,406 [EndpointStateMachine task thread for /0.0.0.0:36337 - 0 ] INFO  ratis.XceiverServerRatis (XceiverServerRatis.java:getRealPort(506)) - XceiverServerRatis e4227631-9ebf-4460-8078-a4dbf323e9d1 is started using port 43437 for RATIS
2022-03-01 14:08:10,406 [EndpointStateMachine task thread for /0.0.0.0:36337 - 0 ] INFO  ratis.XceiverServerRatis (XceiverServerRatis.java:getRealPort(506)) - XceiverServerRatis e4227631-9ebf-4460-8078-a4dbf323e9d1 is started using port 43437 for RATIS_ADMIN
2022-03-01 14:08:10,406 [EndpointStateMachine task thread for /0.0.0.0:36337 - 0 ] INFO  ratis.XceiverServerRatis (XceiverServerRatis.java:getRealPort(506)) - XceiverServerRatis e4227631-9ebf-4460-8078-a4dbf323e9d1 is started using port 43437 for RATIS_SERVER
2022-03-01 14:08:10,433 [org.apache.ratis.util.JvmPauseMonitor$$Lambda$421/1299661385@7b38b197] INFO  util.JvmPauseMonitor (JvmPauseMonitor.java:run(103)) - JvmPauseMonitor-e4227631-9ebf-4460-8078-a4dbf323e9d1: Started
2022-03-01 14:08:10,443 [EndpointStateMachine task thread for /0.0.0.0:36337 - 0 ] INFO  server.XceiverServerGrpc (XceiverServerGrpc.java:start(180)) - XceiverServerGrpc e4227631-9ebf-4460-8078-a4dbf323e9d1 is started using port 35663
2022-03-01 14:08:10,818 [Listener at 127.0.0.1/40229] INFO  ozone.MiniOzoneClusterImpl (MiniOzoneClusterImpl.java:lambda$waitForClusterToBeReady$0(219)) - Waiting for nodes to be ready. Got 0 of 3 DN Heartbeats.
2022-03-01 14:08:10,818 [Listener at 127.0.0.1/40229] INFO  ozone.MiniOzoneClusterImpl (MiniOzoneClusterImpl.java:lambda$waitForClusterToBeReady$0(222)) - Waiting for cluster to exit safe mode
2022-03-01 14:08:10,818 [Listener at 127.0.0.1/40229] INFO  ozone.MiniOzoneClusterImpl (MiniOzoneClusterImpl.java:lambda$waitForClusterToBeReady$0(224)) - SCM became leader
2022-03-01 14:08:10,921 [EndpointStateMachine task thread for /0.0.0.0:36337 - 0 ] INFO  ozoneimpl.OzoneContainer (OzoneContainer.java:start(335)) - Attempting to start container services.
2022-03-01 14:08:10,922 [EndpointStateMachine task thread for /0.0.0.0:36337 - 0 ] INFO  ozoneimpl.OzoneContainer (OzoneContainer.java:startContainerScrub(270)) - Background container scanner has been disabled.
2022-03-01 14:08:10,923 [EndpointStateMachine task thread for /0.0.0.0:36337 - 0 ] INFO  replication.ReplicationServer (ReplicationServer.java:start(111)) - ReplicationServer is started using port 46599
2022-03-01 14:08:10,924 [EndpointStateMachine task thread for /0.0.0.0:36337 - 0 ] INFO  ratis.XceiverServerRatis (XceiverServerRatis.java:start(485)) - Starting XceiverServerRatis ffb50977-138e-42ec-9f6c-2fee95879726
2022-03-01 14:08:10,929 [EndpointStateMachine task thread for /0.0.0.0:36337 - 0 ] INFO  server.RaftServer (RaftServerProxy.java:lambda$start$5(374)) - ffb50977-138e-42ec-9f6c-2fee95879726: start RPC server
2022-03-01 14:08:10,930 [EndpointStateMachine task thread for /0.0.0.0:36337 - 0 ] INFO  server.GrpcService (GrpcService.java:startImpl(253)) - ffb50977-138e-42ec-9f6c-2fee95879726: GrpcService started, listening on 43185
2022-03-01 14:08:10,933 [EndpointStateMachine task thread for /0.0.0.0:36337 - 0 ] INFO  ratis.XceiverServerRatis (XceiverServerRatis.java:getRealPort(506)) - XceiverServerRatis ffb50977-138e-42ec-9f6c-2fee95879726 is started using port 43185 for RATIS
2022-03-01 14:08:10,933 [EndpointStateMachine task thread for /0.0.0.0:36337 - 0 ] INFO  ratis.XceiverServerRatis (XceiverServerRatis.java:getRealPort(506)) - XceiverServerRatis ffb50977-138e-42ec-9f6c-2fee95879726 is started using port 43185 for RATIS_ADMIN
2022-03-01 14:08:10,933 [EndpointStateMachine task thread for /0.0.0.0:36337 - 0 ] INFO  ratis.XceiverServerRatis (XceiverServerRatis.java:getRealPort(506)) - XceiverServerRatis ffb50977-138e-42ec-9f6c-2fee95879726 is started using port 43185 for RATIS_SERVER
2022-03-01 14:08:10,945 [org.apache.ratis.util.JvmPauseMonitor$$Lambda$421/1299661385@7abdf751] INFO  util.JvmPauseMonitor (JvmPauseMonitor.java:run(103)) - JvmPauseMonitor-ffb50977-138e-42ec-9f6c-2fee95879726: Started
2022-03-01 14:08:10,958 [EndpointStateMachine task thread for /0.0.0.0:36337 - 0 ] INFO  server.XceiverServerGrpc (XceiverServerGrpc.java:start(180)) - XceiverServerGrpc ffb50977-138e-42ec-9f6c-2fee95879726 is started using port 39983
2022-03-01 14:08:11,644 [IPC Server handler 15 on default port 36337] INFO  net.NetworkTopologyImpl (NetworkTopologyImpl.java:add(112)) - Added a new node: /default-rack/62ad9cdf-96ac-404e-9c91-d824a9b2a1ad
2022-03-01 14:08:11,644 [IPC Server handler 15 on default port 36337] INFO  node.SCMNodeManager (SCMNodeManager.java:register(389)) - Registered Data node : 62ad9cdf-96ac-404e-9c91-d824a9b2a1ad{ip: 10.1.0.24, host: fv-az195-209.u3nnjwd0vyge1bu22idnsdeq2e.cx.internal.cloudapp.net, ports: [REPLICATION=44271, RATIS=37449, RATIS_ADMIN=37449, RATIS_SERVER=37449, STANDALONE=38517], networkLocation: /default-rack, certSerialId: null, persistedOpState: null, persistedOpStateExpiryEpochSec: 0}
2022-03-01 14:08:11,649 [EventQueue-NewNodeForNewNodeHandler] INFO  pipeline.BackgroundPipelineCreator (BackgroundPipelineCreator.java:notifyEventTriggered(285)) - trigger a one-shot run on RatisPipelineUtilsThread.
2022-03-01 14:08:11,650 [RatisPipelineUtilsThread - 0] INFO  pipeline.RatisPipelineProvider (RatisPipelineProvider.java:lambda$create$0(183)) - Sending CreatePipelineCommand for pipeline:PipelineID=aa95a6de-2fbb-4e16-a7df-f8fc74eb8ee2 to datanode:62ad9cdf-96ac-404e-9c91-d824a9b2a1ad
2022-03-01 14:08:11,664 [EventQueue-NodeRegistrationContainerReportForDataNodeSafeModeRule] INFO  safemode.SCMSafeModeManager (DataNodeSafeModeRule.java:process(71)) - SCM in safe mode. 1 DataNodes registered, 3 required.
2022-03-01 14:08:11,688 [EventQueue-NodeRegistrationContainerReportForContainerSafeModeRule] INFO  safemode.SCMSafeModeManager (SCMSafeModeManager.java:validateSafeModeExitRules(204)) - ContainerSafeModeRule rule is successfully validated
2022-03-01 14:08:11,704 [EventQueue-PipelineReportForOneReplicaPipelineSafeModeRule] INFO  safemode.SCMSafeModeManager (SCMSafeModeManager.java:validateSafeModeExitRules(204)) - AtleastOneDatanodeReportedRule rule is successfully validated
2022-03-01 14:08:11,764 [f6b4a54d-6093-4c4c-9970-ea333dfe749a@group-C11D7991BD3D-StateMachineUpdater] INFO  pipeline.PipelineStateManagerImpl (PipelineStateManagerImpl.java:addPipeline(101)) - Created pipeline Pipeline[ Id: aa95a6de-2fbb-4e16-a7df-f8fc74eb8ee2, Nodes: 62ad9cdf-96ac-404e-9c91-d824a9b2a1ad{ip: 10.1.0.24, host: fv-az195-209.u3nnjwd0vyge1bu22idnsdeq2e.cx.internal.cloudapp.net, ports: [REPLICATION=44271, RATIS=37449, RATIS_ADMIN=37449, RATIS_SERVER=37449, STANDALONE=38517], networkLocation: /default-rack, certSerialId: null, persistedOpState: IN_SERVICE, persistedOpStateExpiryEpochSec: 0}, ReplicationConfig: RATIS/ONE, State:ALLOCATED, leaderId:, CreationTimestamp2022-03-01T14:08:11.650Z[Etc/UTC]].
2022-03-01 14:08:11,765 [f6b4a54d-6093-4c4c-9970-ea333dfe749a@group-C11D7991BD3D-StateMachineUpdater] INFO  safemode.HealthyPipelineSafeModeRule (HealthyPipelineSafeModeRule.java:initializeRule(152)) - Refreshed total pipeline count is 0, healthy pipeline threshold count is 1
2022-03-01 14:08:11,819 [Listener at 127.0.0.1/40229] INFO  ozone.MiniOzoneClusterImpl (MiniOzoneClusterImpl.java:lambda$waitForClusterToBeReady$0(219)) - Waiting for nodes to be ready. Got 1 of 3 DN Heartbeats.
2022-03-01 14:08:11,819 [Listener at 127.0.0.1/40229] INFO  ozone.MiniOzoneClusterImpl (MiniOzoneClusterImpl.java:lambda$waitForClusterToBeReady$0(222)) - Waiting for cluster to exit safe mode
2022-03-01 14:08:11,819 [Listener at 127.0.0.1/40229] INFO  ozone.MiniOzoneClusterImpl (MiniOzoneClusterImpl.java:lambda$waitForClusterToBeReady$0(224)) - SCM became leader
2022-03-01 14:08:12,323 [IPC Server handler 18 on default port 36337] INFO  net.NetworkTopologyImpl (NetworkTopologyImpl.java:add(112)) - Added a new node: /default-rack/e4227631-9ebf-4460-8078-a4dbf323e9d1
2022-03-01 14:08:12,323 [IPC Server handler 18 on default port 36337] INFO  node.SCMNodeManager (SCMNodeManager.java:register(389)) - Registered Data node : e4227631-9ebf-4460-8078-a4dbf323e9d1{ip: 10.1.0.24, host: fv-az195-209.u3nnjwd0vyge1bu22idnsdeq2e.cx.internal.cloudapp.net, ports: [REPLICATION=36405, RATIS=43437, RATIS_ADMIN=43437, RATIS_SERVER=43437, STANDALONE=35663], networkLocation: /default-rack, certSerialId: null, persistedOpState: null, persistedOpStateExpiryEpochSec: 0}
2022-03-01 14:08:12,324 [EventQueue-NewNodeForNewNodeHandler] INFO  pipeline.BackgroundPipelineCreator (BackgroundPipelineCreator.java:notifyEventTriggered(285)) - trigger a one-shot run on RatisPipelineUtilsThread.
2022-03-01 14:08:12,332 [EventQueue-NodeRegistrationContainerReportForDataNodeSafeModeRule] INFO  safemode.SCMSafeModeManager (DataNodeSafeModeRule.java:process(71)) - SCM in safe mode. 2 DataNodes registered, 3 required.
2022-03-01 14:08:12,337 [RatisPipelineUtilsThread - 0] INFO  pipeline.RatisPipelineProvider (RatisPipelineProvider.java:lambda$create$0(183)) - Sending CreatePipelineCommand for pipeline:PipelineID=82916ca1-ed3b-42bf-b2f8-abd5d89a538b to datanode:e4227631-9ebf-4460-8078-a4dbf323e9d1
2022-03-01 14:08:12,339 [f6b4a54d-6093-4c4c-9970-ea333dfe749a@group-C11D7991BD3D-StateMachineUpdater] INFO  pipeline.PipelineStateManagerImpl (PipelineStateManagerImpl.java:addPipeline(101)) - Created pipeline Pipeline[ Id: 82916ca1-ed3b-42bf-b2f8-abd5d89a538b, Nodes: e4227631-9ebf-4460-8078-a4dbf323e9d1{ip: 10.1.0.24, host: fv-az195-209.u3nnjwd0vyge1bu22idnsdeq2e.cx.internal.cloudapp.net, ports: [REPLICATION=36405, RATIS=43437, RATIS_ADMIN=43437, RATIS_SERVER=43437, STANDALONE=35663], networkLocation: /default-rack, certSerialId: null, persistedOpState: IN_SERVICE, persistedOpStateExpiryEpochSec: 0}, ReplicationConfig: RATIS/ONE, State:ALLOCATED, leaderId:, CreationTimestamp2022-03-01T14:08:12.337Z[Etc/UTC]].
2022-03-01 14:08:12,339 [f6b4a54d-6093-4c4c-9970-ea333dfe749a@group-C11D7991BD3D-StateMachineUpdater] INFO  safemode.HealthyPipelineSafeModeRule (HealthyPipelineSafeModeRule.java:initializeRule(152)) - Refreshed total pipeline count is 0, healthy pipeline threshold count is 1
2022-03-01 14:08:12,819 [Listener at 127.0.0.1/40229] INFO  ozone.MiniOzoneClusterImpl (MiniOzoneClusterImpl.java:lambda$waitForClusterToBeReady$0(219)) - Waiting for nodes to be ready. Got 2 of 3 DN Heartbeats.
2022-03-01 14:08:12,819 [Listener at 127.0.0.1/40229] INFO  ozone.MiniOzoneClusterImpl (MiniOzoneClusterImpl.java:lambda$waitForClusterToBeReady$0(222)) - Waiting for cluster to exit safe mode
2022-03-01 14:08:12,819 [Listener at 127.0.0.1/40229] INFO  ozone.MiniOzoneClusterImpl (MiniOzoneClusterImpl.java:lambda$waitForClusterToBeReady$0(224)) - SCM became leader
2022-03-01 14:08:12,884 [IPC Server handler 17 on default port 36337] INFO  net.NetworkTopologyImpl (NetworkTopologyImpl.java:add(112)) - Added a new node: /default-rack/ffb50977-138e-42ec-9f6c-2fee95879726
2022-03-01 14:08:12,885 [IPC Server handler 17 on default port 36337] INFO  node.SCMNodeManager (SCMNodeManager.java:register(389)) - Registered Data node : ffb50977-138e-42ec-9f6c-2fee95879726{ip: 10.1.0.24, host: fv-az195-209.u3nnjwd0vyge1bu22idnsdeq2e.cx.internal.cloudapp.net, ports: [REPLICATION=46599, RATIS=43185, RATIS_ADMIN=43185, RATIS_SERVER=43185, STANDALONE=39983], networkLocation: /default-rack, certSerialId: null, persistedOpState: null, persistedOpStateExpiryEpochSec: 0}
2022-03-01 14:08:12,885 [EventQueue-NewNodeForNewNodeHandler] INFO  pipeline.BackgroundPipelineCreator (BackgroundPipelineCreator.java:notifyEventTriggered(285)) - trigger a one-shot run on RatisPipelineUtilsThread.
2022-03-01 14:08:12,890 [RatisPipelineUtilsThread - 0] INFO  pipeline.RatisPipelineProvider (RatisPipelineProvider.java:lambda$create$0(183)) - Sending CreatePipelineCommand for pipeline:PipelineID=3d112f09-99a5-4541-ae20-30b3df7994d3 to datanode:ffb50977-138e-42ec-9f6c-2fee95879726
2022-03-01 14:08:12,891 [EventQueue-NodeRegistrationContainerReportForDataNodeSafeModeRule] INFO  safemode.SCMSafeModeManager (DataNodeSafeModeRule.java:process(71)) - SCM in safe mode. 3 DataNodes registered, 3 required.
2022-03-01 14:08:12,891 [EventQueue-NodeRegistrationContainerReportForDataNodeSafeModeRule] INFO  safemode.SCMSafeModeManager (SCMSafeModeManager.java:validateSafeModeExitRules(204)) - DataNodeSafeModeRule rule is successfully validated
2022-03-01 14:08:12,891 [EventQueue-NodeRegistrationContainerReportForDataNodeSafeModeRule] INFO  safemode.SCMSafeModeManager (SCMSafeModeManager.java:completePreCheck(233)) - All SCM safe mode pre check rules have passed
2022-03-01 14:08:12,891 [EventQueue-NodeRegistrationContainerReportForDataNodeSafeModeRule] WARN  events.EventQueue (EventQueue.java:fireEvent(194)) - No event handler registered for event TypedEvent{payloadType=SafeModeStatus, name='Safe mode status'}
2022-03-01 14:08:12,891 [EventQueue-NodeRegistrationContainerReportForDataNodeSafeModeRule] INFO  ha.SCMContext (SCMContext.java:updateSafeModeStatus(211)) - Update SafeModeStatus from SafeModeStatus{safeModeStatus=true, preCheckPassed=false} to SafeModeStatus{safeModeStatus=true, preCheckPassed=true}.
2022-03-01 14:08:12,891 [EventQueue-NodeRegistrationContainerReportForDataNodeSafeModeRule] INFO  pipeline.BackgroundPipelineCreator (BackgroundPipelineCreator.java:notifyEventTriggered(285)) - trigger a one-shot run on RatisPipelineUtilsThread.
2022-03-01 14:08:12,892 [f6b4a54d-6093-4c4c-9970-ea333dfe749a@group-C11D7991BD3D-StateMachineUpdater] INFO  pipeline.PipelineStateManagerImpl (PipelineStateManagerImpl.java:addPipeline(101)) - Created pipeline Pipeline[ Id: 3d112f09-99a5-4541-ae20-30b3df7994d3, Nodes: ffb50977-138e-42ec-9f6c-2fee95879726{ip: 10.1.0.24, host: fv-az195-209.u3nnjwd0vyge1bu22idnsdeq2e.cx.internal.cloudapp.net, ports: [REPLICATION=46599, RATIS=43185, RATIS_ADMIN=43185, RATIS_SERVER=43185, STANDALONE=39983], networkLocation: /default-rack, certSerialId: null, persistedOpState: IN_SERVICE, persistedOpStateExpiryEpochSec: 0}, ReplicationConfig: RATIS/ONE, State:ALLOCATED, leaderId:, CreationTimestamp2022-03-01T14:08:12.890Z[Etc/UTC]].
2022-03-01 14:08:12,892 [f6b4a54d-6093-4c4c-9970-ea333dfe749a@group-C11D7991BD3D-StateMachineUpdater] INFO  safemode.HealthyPipelineSafeModeRule (HealthyPipelineSafeModeRule.java:initializeRule(152)) - Refreshed total pipeline count is 0, healthy pipeline threshold count is 1
2022-03-01 14:08:12,893 [RatisPipelineUtilsThread - 0] INFO  pipeline.RatisPipelineProvider (RatisPipelineProvider.java:lambda$create$0(183)) - Sending CreatePipelineCommand for pipeline:PipelineID=a2d21331-83e4-429e-a463-598d80ea352e to datanode:e4227631-9ebf-4460-8078-a4dbf323e9d1
2022-03-01 14:08:12,893 [RatisPipelineUtilsThread - 0] INFO  pipeline.RatisPipelineProvider (RatisPipelineProvider.java:lambda$create$0(183)) - Sending CreatePipelineCommand for pipeline:PipelineID=a2d21331-83e4-429e-a463-598d80ea352e to datanode:ffb50977-138e-42ec-9f6c-2fee95879726
2022-03-01 14:08:12,893 [RatisPipelineUtilsThread - 0] INFO  pipeline.RatisPipelineProvider (RatisPipelineProvider.java:lambda$create$0(183)) - Sending CreatePipelineCommand for pipeline:PipelineID=a2d21331-83e4-429e-a463-598d80ea352e to datanode:62ad9cdf-96ac-404e-9c91-d824a9b2a1ad
2022-03-01 14:08:12,897 [f6b4a54d-6093-4c4c-9970-ea333dfe749a@group-C11D7991BD3D-StateMachineUpdater] INFO  pipeline.PipelineStateManagerImpl (PipelineStateManagerImpl.java:addPipeline(101)) - Created pipeline Pipeline[ Id: a2d21331-83e4-429e-a463-598d80ea352e, Nodes: e4227631-9ebf-4460-8078-a4dbf323e9d1{ip: 10.1.0.24, host: fv-az195-209.u3nnjwd0vyge1bu22idnsdeq2e.cx.internal.cloudapp.net, ports: [REPLICATION=36405, RATIS=43437, RATIS_ADMIN=43437, RATIS_SERVER=43437, STANDALONE=35663], networkLocation: /default-rack, certSerialId: null, persistedOpState: IN_SERVICE, persistedOpStateExpiryEpochSec: 0}ffb50977-138e-42ec-9f6c-2fee95879726{ip: 10.1.0.24, host: fv-az195-209.u3nnjwd0vyge1bu22idnsdeq2e.cx.internal.cloudapp.net, ports: [REPLICATION=46599, RATIS=43185, RATIS_ADMIN=43185, RATIS_SERVER=43185, STANDALONE=39983], networkLocation: /default-rack, certSerialId: null, persistedOpState: IN_SERVICE, persistedOpStateExpiryEpochSec: 0}62ad9cdf-96ac-404e-9c91-d824a9b2a1ad{ip: 10.1.0.24, host: fv-az195-209.u3nnjwd0vyge1bu22idnsdeq2e.cx.internal.cloudapp.net, ports: [REPLICATION=44271, RATIS=37449, RATIS_ADMIN=37449, RATIS_SERVER=37449, STANDALONE=38517], networkLocation: /default-rack, certSerialId: null, persistedOpState: IN_SERVICE, persistedOpStateExpiryEpochSec: 0}, ReplicationConfig: RATIS/THREE, State:ALLOCATED, leaderId:, CreationTimestamp2022-03-01T14:08:12.893Z[Etc/UTC]].
2022-03-01 14:08:12,898 [f6b4a54d-6093-4c4c-9970-ea333dfe749a@group-C11D7991BD3D-StateMachineUpdater] INFO  safemode.HealthyPipelineSafeModeRule (HealthyPipelineSafeModeRule.java:initializeRule(152)) - Refreshed total pipeline count is 0, healthy pipeline threshold count is 1
2022-03-01 14:08:12,898 [RatisPipelineUtilsThread - 0] INFO  pipeline.RatisPipelineProvider (RatisPipelineProvider.java:lambda$create$0(183)) - Sending CreatePipelineCommand for pipeline:PipelineID=d8058072-0eb8-4929-90e6-1cfaa836be9c to datanode:ffb50977-138e-42ec-9f6c-2fee95879726
2022-03-01 14:08:12,899 [RatisPipelineUtilsThread - 0] INFO  pipeline.RatisPipelineProvider (RatisPipelineProvider.java:lambda$create$0(183)) - Sending CreatePipelineCommand for pipeline:PipelineID=d8058072-0eb8-4929-90e6-1cfaa836be9c to datanode:62ad9cdf-96ac-404e-9c91-d824a9b2a1ad
2022-03-01 14:08:12,899 [RatisPipelineUtilsThread - 0] INFO  pipeline.RatisPipelineProvider (RatisPipelineProvider.java:lambda$create$0(183)) - Sending CreatePipelineCommand for pipeline:PipelineID=d8058072-0eb8-4929-90e6-1cfaa836be9c to datanode:e4227631-9ebf-4460-8078-a4dbf323e9d1
2022-03-01 14:08:12,905 [f6b4a54d-6093-4c4c-9970-ea333dfe749a@group-C11D7991BD3D-StateMachineUpdater] INFO  pipeline.PipelineStateManagerImpl (PipelineStateManagerImpl.java:addPipeline(101)) - Created pipeline Pipeline[ Id: d8058072-0eb8-4929-90e6-1cfaa836be9c, Nodes: ffb50977-138e-42ec-9f6c-2fee95879726{ip: 10.1.0.24, host: fv-az195-209.u3nnjwd0vyge1bu22idnsdeq2e.cx.internal.cloudapp.net, ports: [REPLICATION=46599, RATIS=43185, RATIS_ADMIN=43185, RATIS_SERVER=43185, STANDALONE=39983], networkLocation: /default-rack, certSerialId: null, persistedOpState: IN_SERVICE, persistedOpStateExpiryEpochSec: 0}62ad9cdf-96ac-404e-9c91-d824a9b2a1ad{ip: 10.1.0.24, host: fv-az195-209.u3nnjwd0vyge1bu22idnsdeq2e.cx.internal.cloudapp.net, ports: [REPLICATION=44271, RATIS=37449, RATIS_ADMIN=37449, RATIS_SERVER=37449, STANDALONE=38517], networkLocation: /default-rack, certSerialId: null, persistedOpState: IN_SERVICE, persistedOpStateExpiryEpochSec: 0}e4227631-9ebf-4460-8078-a4dbf323e9d1{ip: 10.1.0.24, host: fv-az195-209.u3nnjwd0vyge1bu22idnsdeq2e.cx.internal.cloudapp.net, ports: [REPLICATION=36405, RATIS=43437, RATIS_ADMIN=43437, RATIS_SERVER=43437, STANDALONE=35663], networkLocation: /default-rack, certSerialId: null, persistedOpState: IN_SERVICE, persistedOpStateExpiryEpochSec: 0}, ReplicationConfig: RATIS/THREE, State:ALLOCATED, leaderId:, CreationTimestamp2022-03-01T14:08:12.898Z[Etc/UTC]].
2022-03-01 14:08:12,905 [f6b4a54d-6093-4c4c-9970-ea333dfe749a@group-C11D7991BD3D-StateMachineUpdater] INFO  safemode.HealthyPipelineSafeModeRule (HealthyPipelineSafeModeRule.java:initializeRule(152)) - Refreshed total pipeline count is 0, healthy pipeline threshold count is 1
2022-03-01 14:08:12,905 [RatisPipelineUtilsThread - 0] INFO  pipeline.PipelineManagerImpl (PipelineManagerImpl.java:recordMetricsForPipeline(639)) - Pipeline: PipelineID=d8058072-0eb8-4929-90e6-1cfaa836be9c contains same datanodes as previous pipelines: PipelineID=a2d21331-83e4-429e-a463-598d80ea352e nodeIds: ffb50977-138e-42ec-9f6c-2fee95879726, 62ad9cdf-96ac-404e-9c91-d824a9b2a1ad, e4227631-9ebf-4460-8078-a4dbf323e9d1
2022-03-01 14:08:13,820 [Listener at 127.0.0.1/40229] INFO  ozone.MiniOzoneClusterImpl (MiniOzoneClusterImpl.java:lambda$waitForClusterToBeReady$0(219)) - Nodes are ready. Got 3 of 3 DN Heartbeats.
2022-03-01 14:08:13,820 [Listener at 127.0.0.1/40229] INFO  ozone.MiniOzoneClusterImpl (MiniOzoneClusterImpl.java:lambda$waitForClusterToBeReady$0(222)) - Waiting for cluster to exit safe mode
2022-03-01 14:08:13,820 [Listener at 127.0.0.1/40229] INFO  ozone.MiniOzoneClusterImpl (MiniOzoneClusterImpl.java:lambda$waitForClusterToBeReady$0(224)) - SCM became leader
2022-03-01 14:08:14,642 [Command processor thread] INFO  server.RaftServer (RaftServerProxy.java:addNew(95)) - 62ad9cdf-96ac-404e-9c91-d824a9b2a1ad: addNew group-F8FC74EB8EE2:[62ad9cdf-96ac-404e-9c91-d824a9b2a1ad|rpc:10.1.0.24:37449|priority:1] returns group-F8FC74EB8EE2:java.util.concurrent.CompletableFuture@5933855c[Not completed]
2022-03-01 14:08:14,644 [pool-379-thread-1] INFO  server.RaftServer$Division (RaftServerImpl.java:<init>(184)) - 62ad9cdf-96ac-404e-9c91-d824a9b2a1ad: new RaftServerImpl for group-F8FC74EB8EE2:[62ad9cdf-96ac-404e-9c91-d824a9b2a1ad|rpc:10.1.0.24:37449|priority:1] with ContainerStateMachine:uninitialized
2022-03-01 14:08:14,653 [pool-379-thread-1] INFO  server.RaftServerConfigKeys (ConfUtils.java:logGet(44)) - raft.server.rpc.timeout.min = 5s (custom)
2022-03-01 14:08:14,654 [pool-379-thread-1] INFO  server.RaftServerConfigKeys (ConfUtils.java:logGet(44)) - raft.server.rpc.timeout.max = 5200ms (custom)
2022-03-01 14:08:14,654 [pool-379-thread-1] INFO  server.RaftServerConfigKeys (ConfUtils.java:logGet(44)) - raft.server.rpc.sleep.time = 25ms (default)
2022-03-01 14:08:14,654 [pool-379-thread-1] INFO  server.RaftServerConfigKeys (ConfUtils.java:logGet(44)) - raft.server.rpc.slowness.timeout = 300s (custom)
2022-03-01 14:08:14,654 [pool-379-thread-1] INFO  server.RaftServerConfigKeys (ConfUtils.java:logGet(44)) - raft.server.leaderelection.leader.step-down.wait-time = 10s (default)
2022-03-01 14:08:14,654 [pool-379-thread-1] INFO  server.RaftServerConfigKeys (ConfUtils.java:logGet(44)) - raft.server.sleep.deviation.threshold = 300ms (default)
2022-03-01 14:08:14,654 [pool-379-thread-1] INFO  server.RaftServerConfigKeys (ConfUtils.java:logGet(44)) - raft.server.log.appender.install.snapshot.enabled = false (custom)
2022-03-01 14:08:14,654 [pool-379-thread-1] INFO  server.RaftServer$Division (ServerState.java:<init>(105)) - 62ad9cdf-96ac-404e-9c91-d824a9b2a1ad@group-F8FC74EB8EE2: ConfigurationManager, init=-1: [62ad9cdf-96ac-404e-9c91-d824a9b2a1ad|rpc:10.1.0.24:37449|priority:1], old=null, confs=<EMPTY_MAP>
2022-03-01 14:08:14,654 [pool-379-thread-1] INFO  server.RaftServerConfigKeys (ConfUtils.java:logGet(44)) - raft.server.storage.dir = [/home/runner/work/ozone/ozone/hadoop-ozone/integration-test/target/test-dir/MiniOzoneClusterImpl-c3e143df-885d-4e44-9b94-c11d7991bd3d/datanode-0/data/ratis] (custom)
2022-03-01 14:08:14,655 [pool-379-thread-1] INFO  server.RaftServerConfigKeys (ConfUtils.java:logGet(44)) - raft.server.log.corruption.policy = EXCEPTION (default)
2022-03-01 14:08:14,655 [pool-379-thread-1] INFO  server.RaftServerConfigKeys (ConfUtils.java:logGet(44)) - raft.server.storage.free-space.min = 0MB (=0) (default)
2022-03-01 14:08:14,661 [pool-379-thread-1] INFO  storage.RaftStorageDirectory (RaftStorageDirectoryImpl.java:analyzeStorage(135)) - The storage directory /home/runner/work/ozone/ozone/hadoop-ozone/integration-test/target/test-dir/MiniOzoneClusterImpl-c3e143df-885d-4e44-9b94-c11d7991bd3d/datanode-0/data/ratis/aa95a6de-2fbb-4e16-a7df-f8fc74eb8ee2 does not exist. Creating ...
2022-03-01 14:08:14,663 [pool-379-thread-1] INFO  storage.RaftStorageDirectory (RaftStorageDirectoryImpl.java:tryLock(230)) - Lock on /home/runner/work/ozone/ozone/hadoop-ozone/integration-test/target/test-dir/MiniOzoneClusterImpl-c3e143df-885d-4e44-9b94-c11d7991bd3d/datanode-0/data/ratis/aa95a6de-2fbb-4e16-a7df-f8fc74eb8ee2/in_use.lock acquired by nodename 10349@fv-az195-209
2022-03-01 14:08:14,669 [pool-379-thread-1] INFO  storage.RaftStorage (RaftStorageImpl.java:format(89)) - Storage directory /home/runner/work/ozone/ozone/hadoop-ozone/integration-test/target/test-dir/MiniOzoneClusterImpl-c3e143df-885d-4e44-9b94-c11d7991bd3d/datanode-0/data/ratis/aa95a6de-2fbb-4e16-a7df-f8fc74eb8ee2 has been successfully formatted.
2022-03-01 14:08:14,670 [pool-379-thread-1] INFO  ratis.ContainerStateMachine (ContainerStateMachine.java:loadSnapshot(236)) - group-F8FC74EB8EE2: The snapshot info is null. Setting the last applied indexto:(t:0, i:~)
2022-03-01 14:08:14,670 [pool-379-thread-1] INFO  server.RaftServerConfigKeys (ConfUtils.java:logGet(44)) - raft.server.notification.no-leader.timeout = 300s (custom)
2022-03-01 14:08:14,670 [pool-379-thread-1] INFO  server.RaftServerConfigKeys (ConfUtils.java:logGet(44)) - raft.server.log.use.memory = false (default)
2022-03-01 14:08:14,670 [pool-379-thread-1] INFO  server.RaftServerConfigKeys (ConfUtils.java:logGet(44)) - raft.server.log.purge.gap = 1000000 (custom)
2022-03-01 14:08:14,670 [pool-379-thread-1] INFO  server.RaftServerConfigKeys (ConfUtils.java:logGet(44)) - raft.server.log.appender.buffer.byte-limit = 33554432 (custom)
2022-03-01 14:08:14,670 [pool-379-thread-1] INFO  server.RaftServerConfigKeys (ConfUtils.java:logGet(44)) - raft.server.log.segment.size.max = 1048576 (custom)
2022-03-01 14:08:14,671 [pool-379-thread-1] INFO  server.RaftServerConfigKeys (ConfUtils.java:logGet(44)) - raft.server.log.segment.cache.num.max = 2 (custom)
2022-03-01 14:08:14,671 [pool-379-thread-1] INFO  server.RaftServerConfigKeys (ConfUtils.java:logGet(44)) - raft.server.log.segment.cache.size.max = 200MB (=209715200) (default)
2022-03-01 14:08:14,671 [pool-379-thread-1] INFO  segmented.SegmentedRaftLogWorker (SegmentedRaftLogWorker.java:<init>(182)) - new 62ad9cdf-96ac-404e-9c91-d824a9b2a1ad@group-F8FC74EB8EE2-SegmentedRaftLogWorker for RaftStorageImpl:Storage Directory /home/runner/work/ozone/ozone/hadoop-ozone/integration-test/target/test-dir/MiniOzoneClusterImpl-c3e143df-885d-4e44-9b94-c11d7991bd3d/datanode-0/data/ratis/aa95a6de-2fbb-4e16-a7df-f8fc74eb8ee2
2022-03-01 14:08:14,671 [pool-379-thread-1] INFO  server.RaftServerConfigKeys (ConfUtils.java:logGet(44)) - raft.server.log.queue.byte-limit = 4294967296 (custom)
2022-03-01 14:08:14,671 [pool-379-thread-1] INFO  server.RaftServerConfigKeys (ConfUtils.java:logGet(44)) - raft.server.log.queue.element-limit = 1024 (custom)
2022-03-01 14:08:14,671 [pool-379-thread-1] INFO  server.RaftServerConfigKeys (ConfUtils.java:logGet(44)) - raft.server.log.segment.size.max = 1048576 (custom)
2022-03-01 14:08:14,671 [pool-379-thread-1] INFO  server.RaftServerConfigKeys (ConfUtils.java:logGet(44)) - raft.server.log.preallocated.size = 16384 (custom)
2022-03-01 14:08:14,671 [pool-379-thread-1] INFO  server.RaftServerConfigKeys (ConfUtils.java:logGet(44)) - raft.server.log.force.sync.num = 128 (default)
2022-03-01 14:08:14,671 [pool-379-thread-1] INFO  server.RaftServerConfigKeys (ConfUtils.java:logGet(44)) - raft.server.log.statemachine.data.sync = true (default)
2022-03-01 14:08:14,672 [pool-379-thread-1] INFO  server.RaftServerConfigKeys (ConfUtils.java:logGet(44)) - raft.server.log.statemachine.data.sync.timeout = 10s (default)
2022-03-01 14:08:14,672 [pool-379-thread-1] INFO  server.RaftServerConfigKeys (ConfUtils.java:logGet(44)) - raft.server.log.statemachine.data.sync.timeout.retry = -1 (default)
2022-03-01 14:08:14,673 [pool-379-thread-1] INFO  server.RaftServerConfigKeys (ConfUtils.java:logGet(44)) - raft.server.log.write.buffer.size = 1048576 (custom)
2022-03-01 14:08:14,673 [EventQueue-PipelineReportForPipelineReportHandler] INFO  pipeline.PipelineManagerImpl (PipelineManagerImpl.java:openPipeline(291)) - Pipeline Pipeline[ Id: aa95a6de-2fbb-4e16-a7df-f8fc74eb8ee2, Nodes: 62ad9cdf-96ac-404e-9c91-d824a9b2a1ad{ip: 10.1.0.24, host: fv-az195-209.u3nnjwd0vyge1bu22idnsdeq2e.cx.internal.cloudapp.net, ports: [REPLICATION=44271, RATIS=37449, RATIS_ADMIN=37449, RATIS_SERVER=37449, STANDALONE=38517], networkLocation: /default-rack, certSerialId: null, persistedOpState: IN_SERVICE, persistedOpStateExpiryEpochSec: 0}, ReplicationConfig: RATIS/ONE, State:ALLOCATED, leaderId:62ad9cdf-96ac-404e-9c91-d824a9b2a1ad, CreationTimestamp2022-03-01T14:08:11.650Z[Etc/UTC]] moved to OPEN state
2022-03-01 14:08:14,673 [pool-379-thread-1] INFO  server.RaftServerConfigKeys (ConfUtils.java:logGet(44)) - raft.server.log.statemachine.data.caching.enabled = true (custom)
2022-03-01 14:08:14,685 [pool-379-thread-1] INFO  segmented.SegmentedRaftLogWorker (SegmentedRaftLogWorker.java:lambda$new$0(133)) - 62ad9cdf-96ac-404e-9c91-d824a9b2a1ad@group-F8FC74EB8EE2-SegmentedRaftLogWorker: flushIndex: setUnconditionally 0 -> -1
2022-03-01 14:08:14,685 [pool-379-thread-1] INFO  segmented.SegmentedRaftLogWorker (SegmentedRaftLogWorker.java:lambda$new$0(133)) - 62ad9cdf-96ac-404e-9c91-d824a9b2a1ad@group-F8FC74EB8EE2-SegmentedRaftLogWorker: safeCacheEvictIndex: setUnconditionally 0 -> -1
2022-03-01 14:08:14,677 [f6b4a54d-6093-4c4c-9970-ea333dfe749a@group-C11D7991BD3D-StateMachineUpdater] INFO  safemode.HealthyPipelineSafeModeRule (HealthyPipelineSafeModeRule.java:initializeRule(152)) - Refreshed total pipeline count is 0, healthy pipeline threshold count is 1
2022-03-01 14:08:14,709 [EventQueue-OpenPipelineForHealthyPipelineSafeModeRule] INFO  safemode.SCMSafeModeManager (HealthyPipelineSafeModeRule.java:process(124)) - SCM in safe mode. Healthy pipelines reported count is 0, required healthy pipeline reported count is 1
2022-03-01 14:08:14,717 [pool-379-thread-1] INFO  server.RaftServerConfigKeys (ConfUtils.java:logGet(44)) - raft.server.snapshot.auto.trigger.enabled = true (custom)
2022-03-01 14:08:14,717 [pool-379-thread-1] INFO  server.RaftServerConfigKeys (ConfUtils.java:logGet(44)) - raft.server.snapshot.auto.trigger.threshold = 10000 (custom)
2022-03-01 14:08:14,717 [pool-379-thread-1] INFO  server.RaftServerConfigKeys (ConfUtils.java:logGet(44)) - raft.server.snapshot.retention.file.num = 5 (custom)
2022-03-01 14:08:14,717 [pool-379-thread-1] INFO  server.RaftServerConfigKeys (ConfUtils.java:logGet(44)) - raft.server.log.purge.upto.snapshot.index = false (default)
2022-03-01 14:08:14,717 [pool-379-thread-1] INFO  server.RaftServerConfigKeys (ConfUtils.java:logGet(44)) - raft.server.retrycache.expirytime = 600000ms (custom)
2022-03-01 14:08:14,717 [pool-379-thread-1] INFO  server.RaftServerConfigKeys (ConfUtils.java:logGet(44)) - raft.server.retrycache.statistics.expirytime = 100μs (default)
2022-03-01 14:08:14,718 [pool-379-thread-1] INFO  server.RaftServer$Division (RaftServerImpl.java:start(301)) - 62ad9cdf-96ac-404e-9c91-d824a9b2a1ad@group-F8FC74EB8EE2: start as a follower, conf=-1: [62ad9cdf-96ac-404e-9c91-d824a9b2a1ad|rpc:10.1.0.24:37449|priority:1], old=null
2022-03-01 14:08:14,718 [pool-379-thread-1] INFO  server.RaftServer$Division (RaftServerImpl.java:setRole(290)) - 62ad9cdf-96ac-404e-9c91-d824a9b2a1ad@group-F8FC74EB8EE2: changes role from      null to FOLLOWER at term 0 for startAsFollower
2022-03-01 14:08:14,719 [pool-379-thread-1] INFO  impl.RoleInfo (RoleInfo.java:updateAndGet(130)) - 62ad9cdf-96ac-404e-9c91-d824a9b2a1ad: start 62ad9cdf-96ac-404e-9c91-d824a9b2a1ad@group-F8FC74EB8EE2-FollowerState
2022-03-01 14:08:14,719 [pool-379-thread-1] INFO  util.JmxRegister (JmxRegister.java:tryRegister(44)) - Successfully registered JMX Bean with object name Ratis:service=RaftServer,group=group-F8FC74EB8EE2,id=62ad9cdf-96ac-404e-9c91-d824a9b2a1ad
2022-03-01 14:08:14,729 [Command processor thread] INFO  ratis.XceiverServerRatis (XceiverServerRatis.java:addGroup(769)) - Created group PipelineID=aa95a6de-2fbb-4e16-a7df-f8fc74eb8ee2
2022-03-01 14:08:14,729 [Command processor thread] INFO  commandhandler.CreatePipelineCommandHandler (CreatePipelineCommandHandler.java:handle(106)) - Created Pipeline RATIS ONE PipelineID=aa95a6de-2fbb-4e16-a7df-f8fc74eb8ee2.
2022-03-01 14:08:14,729 [Command processor thread] INFO  server.RaftServer (RaftServerProxy.java:addNew(95)) - 62ad9cdf-96ac-404e-9c91-d824a9b2a1ad: addNew group-598D80EA352E:[ffb50977-138e-42ec-9f6c-2fee95879726|rpc:10.1.0.24:43185|priority:1, e4227631-9ebf-4460-8078-a4dbf323e9d1|rpc:10.1.0.24:43437|priority:0, 62ad9cdf-96ac-404e-9c91-d824a9b2a1ad|rpc:10.1.0.24:37449|priority:0] returns group-598D80EA352E:java.util.concurrent.CompletableFuture@5d0c1aa2[Not completed]
2022-03-01 14:08:14,730 [pool-379-thread-1] INFO  server.RaftServer$Division (RaftServerImpl.java:<init>(184)) - 62ad9cdf-96ac-404e-9c91-d824a9b2a1ad: new RaftServerImpl for group-598D80EA352E:[ffb50977-138e-42ec-9f6c-2fee95879726|rpc:10.1.0.24:43185|priority:1, e4227631-9ebf-4460-8078-a4dbf323e9d1|rpc:10.1.0.24:43437|priority:0, 62ad9cdf-96ac-404e-9c91-d824a9b2a1ad|rpc:10.1.0.24:37449|priority:0] with ContainerStateMachine:uninitialized
2022-03-01 14:08:14,730 [pool-379-thread-1] INFO  server.RaftServerConfigKeys (ConfUtils.java:logGet(44)) - raft.server.rpc.timeout.min = 5s (custom)
2022-03-01 14:08:14,730 [pool-379-thread-1] INFO  server.RaftServerConfigKeys (ConfUtils.java:logGet(44)) - raft.server.rpc.timeout.max = 5200ms (custom)
2022-03-01 14:08:14,730 [pool-379-thread-1] INFO  server.RaftServerConfigKeys (ConfUtils.java:logGet(44)) - raft.server.rpc.sleep.time = 25ms (default)
2022-03-01 14:08:14,730 [pool-379-thread-1] INFO  server.RaftServerConfigKeys (ConfUtils.java:logGet(44)) - raft.server.rpc.slowness.timeout = 300s (custom)
2022-03-01 14:08:14,730 [pool-379-thread-1] INFO  server.RaftServerConfigKeys (ConfUtils.java:logGet(44)) - raft.server.leaderelection.leader.step-down.wait-time = 10s (default)
2022-03-01 14:08:14,730 [pool-379-thread-1] INFO  server.RaftServerConfigKeys (ConfUtils.java:logGet(44)) - raft.server.sleep.deviation.threshold = 300ms (default)
2022-03-01 14:08:14,730 [pool-379-thread-1] INFO  server.RaftServerConfigKeys (ConfUtils.java:logGet(44)) - raft.server.log.appender.install.snapshot.enabled = false (custom)
2022-03-01 14:08:14,730 [pool-379-thread-1] INFO  server.RaftServer$Division (ServerState.java:<init>(105)) - 62ad9cdf-96ac-404e-9c91-d824a9b2a1ad@group-598D80EA352E: ConfigurationManager, init=-1: [ffb50977-138e-42ec-9f6c-2fee95879726|rpc:10.1.0.24:43185|priority:1, e4227631-9ebf-4460-8078-a4dbf323e9d1|rpc:10.1.0.24:43437|priority:0, 62ad9cdf-96ac-404e-9c91-d824a9b2a1ad|rpc:10.1.0.24:37449|priority:0], old=null, confs=<EMPTY_MAP>
2022-03-01 14:08:14,731 [pool-379-thread-1] INFO  server.RaftServerConfigKeys (ConfUtils.java:logGet(44)) - raft.server.storage.dir = [/home/runner/work/ozone/ozone/hadoop-ozone/integration-test/target/test-dir/MiniOzoneClusterImpl-c3e143df-885d-4e44-9b94-c11d7991bd3d/datanode-0/data/ratis] (custom)
2022-03-01 14:08:14,731 [pool-379-thread-1] INFO  server.RaftServerConfigKeys (ConfUtils.java:logGet(44)) - raft.server.log.corruption.policy = EXCEPTION (default)
2022-03-01 14:08:14,731 [pool-379-thread-1] INFO  server.RaftServerConfigKeys (ConfUtils.java:logGet(44)) - raft.server.storage.free-space.min = 0MB (=0) (default)
2022-03-01 14:08:14,731 [pool-379-thread-1] INFO  storage.RaftStorageDirectory (RaftStorageDirectoryImpl.java:analyzeStorage(135)) - The storage directory /home/runner/work/ozone/ozone/hadoop-ozone/integration-test/target/test-dir/MiniOzoneClusterImpl-c3e143df-885d-4e44-9b94-c11d7991bd3d/datanode-0/data/ratis/a2d21331-83e4-429e-a463-598d80ea352e does not exist. Creating ...
2022-03-01 14:08:14,732 [pool-379-thread-1] INFO  storage.RaftStorageDirectory (RaftStorageDirectoryImpl.java:tryLock(230)) - Lock on /home/runner/work/ozone/ozone/hadoop-ozone/integration-test/target/test-dir/MiniOzoneClusterImpl-c3e143df-885d-4e44-9b94-c11d7991bd3d/datanode-0/data/ratis/a2d21331-83e4-429e-a463-598d80ea352e/in_use.lock acquired by nodename 10349@fv-az195-209
2022-03-01 14:08:14,741 [pool-379-thread-1] INFO  storage.RaftStorage (RaftStorageImpl.java:format(89)) - Storage directory /home/runner/work/ozone/ozone/hadoop-ozone/integration-test/target/test-dir/MiniOzoneClusterImpl-c3e143df-885d-4e44-9b94-c11d7991bd3d/datanode-0/data/ratis/a2d21331-83e4-429e-a463-598d80ea352e has been successfully formatted.
2022-03-01 14:08:14,741 [pool-379-thread-1] INFO  ratis.ContainerStateMachine (ContainerStateMachine.java:loadSnapshot(236)) - group-598D80EA352E: The snapshot info is null. Setting the last applied indexto:(t:0, i:~)
2022-03-01 14:08:14,742 [EventQueue-OpenPipelineForHealthyPipelineSafeModeRule] INFO  safemode.SCMSafeModeManager (HealthyPipelineSafeModeRule.java:process(124)) - SCM in safe mode. Healthy pipelines reported count is 0, required healthy pipeline reported count is 1
2022-03-01 14:08:14,745 [pool-379-thread-1] INFO  server.RaftServerConfigKeys (ConfUtils.java:logGet(44)) - raft.server.notification.no-leader.timeout = 300s (custom)
2022-03-01 14:08:14,745 [pool-379-thread-1] INFO  server.RaftServerConfigKeys (ConfUtils.java:logGet(44)) - raft.server.log.use.memory = false (default)
2022-03-01 14:08:14,745 [pool-379-thread-1] INFO  server.RaftServerConfigKeys (ConfUtils.java:logGet(44)) - raft.server.log.purge.gap = 1000000 (custom)
2022-03-01 14:08:14,745 [pool-379-thread-1] INFO  server.RaftServerConfigKeys (ConfUtils.java:logGet(44)) - raft.server.log.appender.buffer.byte-limit = 33554432 (custom)
2022-03-01 14:08:14,745 [pool-379-thread-1] INFO  server.RaftServerConfigKeys (ConfUtils.java:logGet(44)) - raft.server.log.segment.size.max = 1048576 (custom)
2022-03-01 14:08:14,745 [pool-379-thread-1] INFO  server.RaftServerConfigKeys (ConfUtils.java:logGet(44)) - raft.server.log.segment.cache.num.max = 2 (custom)
2022-03-01 14:08:14,746 [pool-379-thread-1] INFO  server.RaftServerConfigKeys (ConfUtils.java:logGet(44)) - raft.server.log.segment.cache.size.max = 200MB (=209715200) (default)
2022-03-01 14:08:14,746 [pool-379-thread-1] INFO  segmented.SegmentedRaftLogWorker (SegmentedRaftLogWorker.java:<init>(182)) - new 62ad9cdf-96ac-404e-9c91-d824a9b2a1ad@group-598D80EA352E-SegmentedRaftLogWorker for RaftStorageImpl:Storage Directory /home/runner/work/ozone/ozone/hadoop-ozone/integration-test/target/test-dir/MiniOzoneClusterImpl-c3e143df-885d-4e44-9b94-c11d7991bd3d/datanode-0/data/ratis/a2d21331-83e4-429e-a463-598d80ea352e
2022-03-01 14:08:14,746 [pool-379-thread-1] INFO  server.RaftServerConfigKeys (ConfUtils.java:logGet(44)) - raft.server.log.queue.byte-limit = 4294967296 (custom)
2022-03-01 14:08:14,746 [pool-379-thread-1] INFO  server.RaftServerConfigKeys (ConfUtils.java:logGet(44)) - raft.server.log.queue.element-limit = 1024 (custom)
2022-03-01 14:08:14,746 [pool-379-thread-1] INFO  server.RaftServerConfigKeys (ConfUtils.java:logGet(44)) - raft.server.log.segment.size.max = 1048576 (custom)
2022-03-01 14:08:14,746 [pool-379-thread-1] INFO  server.RaftServerConfigKeys (ConfUtils.java:logGet(44)) - raft.server.log.preallocated.size = 16384 (custom)
2022-03-01 14:08:14,746 [pool-379-thread-1] INFO  server.RaftServerConfigKeys (ConfUtils.java:logGet(44)) - raft.server.log.force.sync.num = 128 (default)
2022-03-01 14:08:14,746 [pool-379-thread-1] INFO  server.RaftServerConfigKeys (ConfUtils.java:logGet(44)) - raft.server.log.statemachine.data.sync = true (default)
2022-03-01 14:08:14,746 [pool-379-thread-1] INFO  server.RaftServerConfigKeys (ConfUtils.java:logGet(44)) - raft.server.log.statemachine.data.sync.timeout = 10s (default)
2022-03-01 14:08:14,746 [pool-379-thread-1] INFO  server.RaftServerConfigKeys (ConfUtils.java:logGet(44)) - raft.server.log.statemachine.data.sync.timeout.retry = -1 (default)
2022-03-01 14:08:14,747 [pool-379-thread-1] INFO  server.RaftServerConfigKeys (ConfUtils.java:logGet(44)) - raft.server.log.write.buffer.size = 1048576 (custom)
2022-03-01 14:08:14,748 [pool-379-thread-1] INFO  server.RaftServerConfigKeys (ConfUtils.java:logGet(44)) - raft.server.log.statemachine.data.caching.enabled = true (custom)
2022-03-01 14:08:14,748 [pool-379-thread-1] INFO  segmented.SegmentedRaftLogWorker (SegmentedRaftLogWorker.java:lambda$new$0(133)) - 62ad9cdf-96ac-404e-9c91-d824a9b2a1ad@group-598D80EA352E-SegmentedRaftLogWorker: flushIndex: setUnconditionally 0 -> -1
2022-03-01 14:08:14,748 [pool-379-thread-1] INFO  segmented.SegmentedRaftLogWorker (SegmentedRaftLogWorker.java:lambda$new$0(133)) - 62ad9cdf-96ac-404e-9c91-d824a9b2a1ad@group-598D80EA352E-SegmentedRaftLogWorker: safeCacheEvictIndex: setUnconditionally 0 -> -1
2022-03-01 14:08:14,757 [pool-379-thread-1] INFO  server.RaftServerConfigKeys (ConfUtils.java:logGet(44)) - raft.server.snapshot.auto.trigger.enabled = true (custom)
2022-03-01 14:08:14,757 [pool-379-thread-1] INFO  server.RaftServerConfigKeys (ConfUtils.java:logGet(44)) - raft.server.snapshot.auto.trigger.threshold = 10000 (custom)
2022-03-01 14:08:14,757 [pool-379-thread-1] INFO  server.RaftServerConfigKeys (ConfUtils.java:logGet(44)) - raft.server.snapshot.retention.file.num = 5 (custom)
2022-03-01 14:08:14,757 [pool-379-thread-1] INFO  server.RaftServerConfigKeys (ConfUtils.java:logGet(44)) - raft.server.log.purge.upto.snapshot.index = false (default)
2022-03-01 14:08:14,757 [pool-379-thread-1] INFO  server.RaftServerConfigKeys (ConfUtils.java:logGet(44)) - raft.server.retrycache.expirytime = 600000ms (custom)
2022-03-01 14:08:14,757 [pool-379-thread-1] INFO  server.RaftServerConfigKeys (ConfUtils.java:logGet(44)) - raft.server.retrycache.statistics.expirytime = 100μs (default)
2022-03-01 14:08:14,762 [pool-379-thread-1] INFO  server.RaftServer$Division (RaftServerImpl.java:start(301)) - 62ad9cdf-96ac-404e-9c91-d824a9b2a1ad@group-598D80EA352E: start as a follower, conf=-1: [ffb50977-138e-42ec-9f6c-2fee95879726|rpc:10.1.0.24:43185|priority:1, e4227631-9ebf-4460-8078-a4dbf323e9d1|rpc:10.1.0.24:43437|priority:0, 62ad9cdf-96ac-404e-9c91-d824a9b2a1ad|rpc:10.1.0.24:37449|priority:0], old=null
2022-03-01 14:08:14,762 [pool-379-thread-1] INFO  server.RaftServer$Division (RaftServerImpl.java:setRole(290)) - 62ad9cdf-96ac-404e-9c91-d824a9b2a1ad@group-598D80EA352E: changes role from      null to FOLLOWER at term 0 for startAsFollower
2022-03-01 14:08:14,762 [pool-379-thread-1] INFO  impl.RoleInfo (RoleInfo.java:updateAndGet(130)) - 62ad9cdf-96ac-404e-9c91-d824a9b2a1ad: start 62ad9cdf-96ac-404e-9c91-d824a9b2a1ad@group-598D80EA352E-FollowerState
2022-03-01 14:08:14,762 [pool-379-thread-1] INFO  util.JmxRegister (JmxRegister.java:tryRegister(44)) - Successfully registered JMX Bean with object name Ratis:service=RaftServer,group=group-598D80EA352E,id=62ad9cdf-96ac-404e-9c91-d824a9b2a1ad
2022-03-01 14:08:14,777 [Command processor thread] INFO  ratis.XceiverServerRatis (XceiverServerRatis.java:addGroup(769)) - Created group PipelineID=a2d21331-83e4-429e-a463-598d80ea352e
2022-03-01 14:08:14,809 [grpc-default-executor-0] INFO  server.RaftServer (RaftServerProxy.java:addNew(95)) - e4227631-9ebf-4460-8078-a4dbf323e9d1: addNew group-598D80EA352E:[ffb50977-138e-42ec-9f6c-2fee95879726|rpc:10.1.0.24:43185|dataStream:|priority:1, e4227631-9ebf-4460-8078-a4dbf323e9d1|rpc:10.1.0.24:43437|dataStream:|priority:0, 62ad9cdf-96ac-404e-9c91-d824a9b2a1ad|rpc:10.1.0.24:37449|dataStream:|priority:0] returns group-598D80EA352E:java.util.concurrent.CompletableFuture@113c4691[Not completed]
2022-03-01 14:08:14,821 [Listener at 127.0.0.1/40229] INFO  ozone.MiniOzoneClusterImpl (MiniOzoneClusterImpl.java:lambda$waitForClusterToBeReady$0(219)) - Nodes are ready. Got 3 of 3 DN Heartbeats.
2022-03-01 14:08:14,821 [Listener at 127.0.0.1/40229] INFO  ozone.MiniOzoneClusterImpl (MiniOzoneClusterImpl.java:lambda$waitForClusterToBeReady$0(222)) - Waiting for cluster to exit safe mode
2022-03-01 14:08:14,821 [Listener at 127.0.0.1/40229] INFO  ozone.MiniOzoneClusterImpl (MiniOzoneClusterImpl.java:lambda$waitForClusterToBeReady$0(224)) - SCM became leader
2022-03-01 14:08:14,824 [pool-400-thread-1] INFO  server.RaftServer$Division (RaftServerImpl.java:<init>(184)) - e4227631-9ebf-4460-8078-a4dbf323e9d1: new RaftServerImpl for group-598D80EA352E:[ffb50977-138e-42ec-9f6c-2fee95879726|rpc:10.1.0.24:43185|dataStream:|priority:1, e4227631-9ebf-4460-8078-a4dbf323e9d1|rpc:10.1.0.24:43437|dataStream:|priority:0, 62ad9cdf-96ac-404e-9c91-d824a9b2a1ad|rpc:10.1.0.24:37449|dataStream:|priority:0] with ContainerStateMachine:uninitialized
2022-03-01 14:08:14,841 [pool-400-thread-1] INFO  server.RaftServerConfigKeys (ConfUtils.java:logGet(44)) - raft.server.rpc.timeout.min = 5s (custom)
2022-03-01 14:08:14,841 [pool-400-thread-1] INFO  server.RaftServerConfigKeys (ConfUtils.java:logGet(44)) - raft.server.rpc.timeout.max = 5200ms (custom)
2022-03-01 14:08:14,841 [pool-400-thread-1] INFO  server.RaftServerConfigKeys (ConfUtils.java:logGet(44)) - raft.server.rpc.sleep.time = 25ms (default)
2022-03-01 14:08:14,841 [pool-400-thread-1] INFO  server.RaftServerConfigKeys (ConfUtils.java:logGet(44)) - raft.server.rpc.slowness.timeout = 300s (custom)
2022-03-01 14:08:14,841 [pool-400-thread-1] INFO  server.RaftServerConfigKeys (ConfUtils.java:logGet(44)) - raft.server.leaderelection.leader.step-down.wait-time = 10s (default)
2022-03-01 14:08:14,841 [pool-400-thread-1] INFO  server.RaftServerConfigKeys (ConfUtils.java:logGet(44)) - raft.server.sleep.deviation.threshold = 300ms (default)
2022-03-01 14:08:14,841 [pool-400-thread-1] INFO  server.RaftServerConfigKeys (ConfUtils.java:logGet(44)) - raft.server.log.appender.install.snapshot.enabled = false (custom)
2022-03-01 14:08:14,841 [pool-400-thread-1] INFO  server.RaftServer$Division (ServerState.java:<init>(105)) - e4227631-9ebf-4460-8078-a4dbf323e9d1@group-598D80EA352E: ConfigurationManager, init=-1: [ffb50977-138e-42ec-9f6c-2fee95879726|rpc:10.1.0.24:43185|dataStream:|priority:1, e4227631-9ebf-4460-8078-a4dbf323e9d1|rpc:10.1.0.24:43437|dataStream:|priority:0, 62ad9cdf-96ac-404e-9c91-d824a9b2a1ad|rpc:10.1.0.24:37449|dataStream:|priority:0], old=null, confs=<EMPTY_MAP>
2022-03-01 14:08:14,841 [pool-400-thread-1] INFO  server.RaftServerConfigKeys (ConfUtils.java:logGet(44)) - raft.server.storage.dir = [/home/runner/work/ozone/ozone/hadoop-ozone/integration-test/target/test-dir/MiniOzoneClusterImpl-c3e143df-885d-4e44-9b94-c11d7991bd3d/datanode-1/data/ratis] (custom)
2022-03-01 14:08:14,842 [pool-400-thread-1] INFO  server.RaftServerConfigKeys (ConfUtils.java:logGet(44)) - raft.server.log.corruption.policy = EXCEPTION (default)
2022-03-01 14:08:14,842 [pool-400-thread-1] INFO  server.RaftServerConfigKeys (ConfUtils.java:logGet(44)) - raft.server.storage.free-space.min = 0MB (=0) (default)
2022-03-01 14:08:14,842 [pool-400-thread-1] INFO  storage.RaftStorageDirectory (RaftStorageDirectoryImpl.java:analyzeStorage(135)) - The storage directory /home/runner/work/ozone/ozone/hadoop-ozone/integration-test/target/test-dir/MiniOzoneClusterImpl-c3e143df-885d-4e44-9b94-c11d7991bd3d/datanode-1/data/ratis/a2d21331-83e4-429e-a463-598d80ea352e does not exist. Creating ...
2022-03-01 14:08:14,844 [pool-400-thread-1] INFO  storage.RaftStorageDirectory (RaftStorageDirectoryImpl.java:tryLock(230)) - Lock on /home/runner/work/ozone/ozone/hadoop-ozone/integration-test/target/test-dir/MiniOzoneClusterImpl-c3e143df-885d-4e44-9b94-c11d7991bd3d/datanode-1/data/ratis/a2d21331-83e4-429e-a463-598d80ea352e/in_use.lock acquired by nodename 10349@fv-az195-209
2022-03-01 14:08:14,849 [pool-400-thread-1] INFO  storage.RaftStorage (RaftStorageImpl.java:format(89)) - Storage directory /home/runner/work/ozone/ozone/hadoop-ozone/integration-test/target/test-dir/MiniOzoneClusterImpl-c3e143df-885d-4e44-9b94-c11d7991bd3d/datanode-1/data/ratis/a2d21331-83e4-429e-a463-598d80ea352e has been successfully formatted.
2022-03-01 14:08:14,865 [pool-400-thread-1] INFO  ratis.ContainerStateMachine (ContainerStateMachine.java:loadSnapshot(236)) - group-598D80EA352E: The snapshot info is null. Setting the last applied indexto:(t:0, i:~)
2022-03-01 14:08:14,873 [pool-400-thread-1] INFO  server.RaftServerConfigKeys (ConfUtils.java:logGet(44)) - raft.server.notification.no-leader.timeout = 300s (custom)
2022-03-01 14:08:14,874 [pool-400-thread-1] INFO  server.RaftServerConfigKeys (ConfUtils.java:logGet(44)) - raft.server.log.use.memory = false (default)
2022-03-01 14:08:14,877 [pool-400-thread-1] INFO  server.RaftServerConfigKeys (ConfUtils.java:logGet(44)) - raft.server.log.purge.gap = 1000000 (custom)
2022-03-01 14:08:14,877 [pool-400-thread-1] INFO  server.RaftServerConfigKeys (ConfUtils.java:logGet(44)) - raft.server.log.appender.buffer.byte-limit = 33554432 (custom)
2022-03-01 14:08:14,877 [pool-400-thread-1] INFO  server.RaftServerConfigKeys (ConfUtils.java:logGet(44)) - raft.server.log.segment.size.max = 1048576 (custom)
2022-03-01 14:08:14,877 [pool-400-thread-1] INFO  server.RaftServerConfigKeys (ConfUtils.java:logGet(44)) - raft.server.log.segment.cache.num.max = 2 (custom)
2022-03-01 14:08:14,880 [pool-400-thread-1] INFO  server.RaftServerConfigKeys (ConfUtils.java:logGet(44)) - raft.server.log.segment.cache.size.max = 200MB (=209715200) (default)
2022-03-01 14:08:14,880 [pool-400-thread-1] INFO  segmented.SegmentedRaftLogWorker (SegmentedRaftLogWorker.java:<init>(182)) - new e4227631-9ebf-4460-8078-a4dbf323e9d1@group-598D80EA352E-SegmentedRaftLogWorker for RaftStorageImpl:Storage Directory /home/runner/work/ozone/ozone/hadoop-ozone/integration-test/target/test-dir/MiniOzoneClusterImpl-c3e143df-885d-4e44-9b94-c11d7991bd3d/datanode-1/data/ratis/a2d21331-83e4-429e-a463-598d80ea352e
2022-03-01 14:08:14,880 [pool-400-thread-1] INFO  server.RaftServerConfigKeys (ConfUtils.java:logGet(44)) - raft.server.log.queue.byte-limit = 4294967296 (custom)
2022-03-01 14:08:14,880 [pool-400-thread-1] INFO  server.RaftServerConfigKeys (ConfUtils.java:logGet(44)) - raft.server.log.queue.element-limit = 1024 (custom)
2022-03-01 14:08:14,880 [pool-400-thread-1] INFO  server.RaftServerConfigKeys (ConfUtils.java:logGet(44)) - raft.server.log.segment.size.max = 1048576 (custom)
2022-03-01 14:08:14,880 [pool-400-thread-1] INFO  server.RaftServerConfigKeys (ConfUtils.java:logGet(44)) - raft.server.log.preallocated.size = 16384 (custom)
2022-03-01 14:08:14,880 [pool-400-thread-1] INFO  server.RaftServerConfigKeys (ConfUtils.java:logGet(44)) - raft.server.log.force.sync.num = 128 (default)
2022-03-01 14:08:14,880 [pool-400-thread-1] INFO  server.RaftServerConfigKeys (ConfUtils.java:logGet(44)) - raft.server.log.statemachine.data.sync = true (default)
2022-03-01 14:08:14,880 [pool-400-thread-1] INFO  server.RaftServerConfigKeys (ConfUtils.java:logGet(44)) - raft.server.log.statemachine.data.sync.timeout = 10s (default)
2022-03-01 14:08:14,880 [pool-400-thread-1] INFO  server.RaftServerConfigKeys (ConfUtils.java:logGet(44)) - raft.server.log.statemachine.data.sync.timeout.retry = -1 (default)
2022-03-01 14:08:14,881 [pool-400-thread-1] INFO  server.RaftServerConfigKeys (ConfUtils.java:logGet(44)) - raft.server.log.write.buffer.size = 1048576 (custom)
2022-03-01 14:08:14,893 [pool-400-thread-1] INFO  server.RaftServerConfigKeys (ConfUtils.java:logGet(44)) - raft.server.log.statemachine.data.caching.enabled = true (custom)
2022-03-01 14:08:14,894 [pool-400-thread-1] INFO  segmented.SegmentedRaftLogWorker (SegmentedRaftLogWorker.java:lambda$new$0(133)) - e4227631-9ebf-4460-8078-a4dbf323e9d1@group-598D80EA352E-SegmentedRaftLogWorker: flushIndex: setUnconditionally 0 -> -1
2022-03-01 14:08:14,894 [pool-400-thread-1] INFO  segmented.SegmentedRaftLogWorker (SegmentedRaftLogWorker.java:lambda$new$0(133)) - e4227631-9ebf-4460-8078-a4dbf323e9d1@group-598D80EA352E-SegmentedRaftLogWorker: safeCacheEvictIndex: setUnconditionally 0 -> -1
2022-03-01 14:08:14,897 [pool-400-thread-1] INFO  server.RaftServerConfigKeys (ConfUtils.java:logGet(44)) - raft.server.snapshot.auto.trigger.enabled = true (custom)
2022-03-01 14:08:14,897 [pool-400-thread-1] INFO  server.RaftServerConfigKeys (ConfUtils.java:logGet(44)) - raft.server.snapshot.auto.trigger.threshold = 10000 (custom)
2022-03-01 14:08:14,897 [pool-400-thread-1] INFO  server.RaftServerConfigKeys (ConfUtils.java:logGet(44)) - raft.server.snapshot.retention.file.num = 5 (custom)
2022-03-01 14:08:14,897 [pool-400-thread-1] INFO  server.RaftServerConfigKeys (ConfUtils.java:logGet(44)) - raft.server.log.purge.upto.snapshot.index = false (default)
2022-03-01 14:08:14,897 [pool-400-thread-1] INFO  server.RaftServerConfigKeys (ConfUtils.java:logGet(44)) - raft.server.retrycache.expirytime = 600000ms (custom)
2022-03-01 14:08:14,897 [pool-400-thread-1] INFO  server.RaftServerConfigKeys (ConfUtils.java:logGet(44)) - raft.server.retrycache.statistics.expirytime = 100μs (default)
2022-03-01 14:08:14,898 [pool-400-thread-1] INFO  server.RaftServer$Division (RaftServerImpl.java:start(301)) - e4227631-9ebf-4460-8078-a4dbf323e9d1@group-598D80EA352E: start as a follower, conf=-1: [ffb50977-138e-42ec-9f6c-2fee95879726|rpc:10.1.0.24:43185|dataStream:|priority:1, e4227631-9ebf-4460-8078-a4dbf323e9d1|rpc:10.1.0.24:43437|dataStream:|priority:0, 62ad9cdf-96ac-404e-9c91-d824a9b2a1ad|rpc:10.1.0.24:37449|dataStream:|priority:0], old=null
2022-03-01 14:08:14,899 [pool-400-thread-1] INFO  server.RaftServer$Division (RaftServerImpl.java:setRole(290)) - e4227631-9ebf-4460-8078-a4dbf323e9d1@group-598D80EA352E: changes role from      null to FOLLOWER at term 0 for startAsFollower
2022-03-01 14:08:14,899 [pool-400-thread-1] INFO  impl.RoleInfo (RoleInfo.java:updateAndGet(130)) - e4227631-9ebf-4460-8078-a4dbf323e9d1: start e4227631-9ebf-4460-8078-a4dbf323e9d1@group-598D80EA352E-FollowerState
2022-03-01 14:08:14,929 [pool-400-thread-1] INFO  util.JmxRegister (JmxRegister.java:tryRegister(44)) - Successfully registered JMX Bean with object name Ratis:service=RaftServer,group=group-598D80EA352E,id=e4227631-9ebf-4460-8078-a4dbf323e9d1
2022-03-01 14:08:15,001 [grpc-default-executor-0] INFO  server.RaftServer (RaftServerProxy.java:addNew(95)) - ffb50977-138e-42ec-9f6c-2fee95879726: addNew group-598D80EA352E:[ffb50977-138e-42ec-9f6c-2fee95879726|rpc:10.1.0.24:43185|dataStream:|priority:1, e4227631-9ebf-4460-8078-a4dbf323e9d1|rpc:10.1.0.24:43437|dataStream:|priority:0, 62ad9cdf-96ac-404e-9c91-d824a9b2a1ad|rpc:10.1.0.24:37449|dataStream:|priority:0] returns group-598D80EA352E:java.util.concurrent.CompletableFuture@5e2e2c28[Not completed]
2022-03-01 14:08:15,006 [pool-421-thread-1] INFO  server.RaftServer$Division (RaftServerImpl.java:<init>(184)) - ffb50977-138e-42ec-9f6c-2fee95879726: new RaftServerImpl for group-598D80EA352E:[ffb50977-138e-42ec-9f6c-2fee95879726|rpc:10.1.0.24:43185|dataStream:|priority:1, e4227631-9ebf-4460-8078-a4dbf323e9d1|rpc:10.1.0.24:43437|dataStream:|priority:0, 62ad9cdf-96ac-404e-9c91-d824a9b2a1ad|rpc:10.1.0.24:37449|dataStream:|priority:0] with ContainerStateMachine:uninitialized
2022-03-01 14:08:15,013 [pool-421-thread-1] INFO  server.RaftServerConfigKeys (ConfUtils.java:logGet(44)) - raft.server.rpc.timeout.min = 5s (custom)
2022-03-01 14:08:15,013 [pool-421-thread-1] INFO  server.RaftServerConfigKeys (ConfUtils.java:logGet(44)) - raft.server.rpc.timeout.max = 5200ms (custom)
2022-03-01 14:08:15,013 [pool-421-thread-1] INFO  server.RaftServerConfigKeys (ConfUtils.java:logGet(44)) - raft.server.rpc.sleep.time = 25ms (default)
2022-03-01 14:08:15,013 [pool-421-thread-1] INFO  server.RaftServerConfigKeys (ConfUtils.java:logGet(44)) - raft.server.rpc.slowness.timeout = 300s (custom)
2022-03-01 14:08:15,013 [pool-421-thread-1] INFO  server.RaftServerConfigKeys (ConfUtils.java:logGet(44)) - raft.server.leaderelection.leader.step-down.wait-time = 10s (default)
2022-03-01 14:08:15,013 [pool-421-thread-1] INFO  server.RaftServerConfigKeys (ConfUtils.java:logGet(44)) - raft.server.sleep.deviation.threshold = 300ms (default)
2022-03-01 14:08:15,013 [pool-421-thread-1] INFO  server.RaftServerConfigKeys (ConfUtils.java:logGet(44)) - raft.server.log.appender.install.snapshot.enabled = false (custom)
2022-03-01 14:08:15,013 [pool-421-thread-1] INFO  server.RaftServer$Division (ServerState.java:<init>(105)) - ffb50977-138e-42ec-9f6c-2fee95879726@group-598D80EA352E: ConfigurationManager, init=-1: [ffb50977-138e-42ec-9f6c-2fee95879726|rpc:10.1.0.24:43185|dataStream:|priority:1, e4227631-9ebf-4460-8078-a4dbf323e9d1|rpc:10.1.0.24:43437|dataStream:|priority:0, 62ad9cdf-96ac-404e-9c91-d824a9b2a1ad|rpc:10.1.0.24:37449|dataStream:|priority:0], old=null, confs=<EMPTY_MAP>
2022-03-01 14:08:15,014 [pool-421-thread-1] INFO  server.RaftServerConfigKeys (ConfUtils.java:logGet(44)) - raft.server.storage.dir = [/home/runner/work/ozone/ozone/hadoop-ozone/integration-test/target/test-dir/MiniOzoneClusterImpl-c3e143df-885d-4e44-9b94-c11d7991bd3d/datanode-2/data/ratis] (custom)
2022-03-01 14:08:15,014 [pool-421-thread-1] INFO  server.RaftServerConfigKeys (ConfUtils.java:logGet(44)) - raft.server.log.corruption.policy = EXCEPTION (default)
2022-03-01 14:08:15,014 [pool-421-thread-1] INFO  server.RaftServerConfigKeys (ConfUtils.java:logGet(44)) - raft.server.storage.free-space.min = 0MB (=0) (default)
2022-03-01 14:08:15,014 [pool-421-thread-1] INFO  storage.RaftStorageDirectory (RaftStorageDirectoryImpl.java:analyzeStorage(135)) - The storage directory /home/runner/work/ozone/ozone/hadoop-ozone/integration-test/target/test-dir/MiniOzoneClusterImpl-c3e143df-885d-4e44-9b94-c11d7991bd3d/datanode-2/data/ratis/a2d21331-83e4-429e-a463-598d80ea352e does not exist. Creating ...
2022-03-01 14:08:15,017 [pool-421-thread-1] INFO  storage.RaftStorageDirectory (RaftStorageDirectoryImpl.java:tryLock(230)) - Lock on /home/runner/work/ozone/ozone/hadoop-ozone/integration-test/target/test-dir/MiniOzoneClusterImpl-c3e143df-885d-4e44-9b94-c11d7991bd3d/datanode-2/data/ratis/a2d21331-83e4-429e-a463-598d80ea352e/in_use.lock acquired by nodename 10349@fv-az195-209
2022-03-01 14:08:15,018 [pool-421-thread-1] INFO  storage.RaftStorage (RaftStorageImpl.java:format(89)) - Storage directory /home/runner/work/ozone/ozone/hadoop-ozone/integration-test/target/test-dir/MiniOzoneClusterImpl-c3e143df-885d-4e44-9b94-c11d7991bd3d/datanode-2/data/ratis/a2d21331-83e4-429e-a463-598d80ea352e has been successfully formatted.
2022-03-01 14:08:15,021 [pool-421-thread-1] INFO  ratis.ContainerStateMachine (ContainerStateMachine.java:loadSnapshot(236)) - group-598D80EA352E: The snapshot info is null. Setting the last applied indexto:(t:0, i:~)
2022-03-01 14:08:15,022 [pool-421-thread-1] INFO  server.RaftServerConfigKeys (ConfUtils.java:logGet(44)) - raft.server.notification.no-leader.timeout = 300s (custom)
2022-03-01 14:08:15,022 [pool-421-thread-1] INFO  server.RaftServerConfigKeys (ConfUtils.java:logGet(44)) - raft.server.log.use.memory = false (default)
2022-03-01 14:08:15,022 [pool-421-thread-1] INFO  server.RaftServerConfigKeys (ConfUtils.java:logGet(44)) - raft.server.log.purge.gap = 1000000 (custom)
2022-03-01 14:08:15,022 [pool-421-thread-1] INFO  server.RaftServerConfigKeys (ConfUtils.java:logGet(44)) - raft.server.log.appender.buffer.byte-limit = 33554432 (custom)
2022-03-01 14:08:15,022 [pool-421-thread-1] INFO  server.RaftServerConfigKeys (ConfUtils.java:logGet(44)) - raft.server.log.segment.size.max = 1048576 (custom)
2022-03-01 14:08:15,022 [pool-421-thread-1] INFO  server.RaftServerConfigKeys (ConfUtils.java:logGet(44)) - raft.server.log.segment.cache.num.max = 2 (custom)
2022-03-01 14:08:15,022 [pool-421-thread-1] INFO  server.RaftServerConfigKeys (ConfUtils.java:logGet(44)) - raft.server.log.segment.cache.size.max = 200MB (=209715200) (default)
2022-03-01 14:08:15,022 [pool-421-thread-1] INFO  segmented.SegmentedRaftLogWorker (SegmentedRaftLogWorker.java:<init>(182)) - new ffb50977-138e-42ec-9f6c-2fee95879726@group-598D80EA352E-SegmentedRaftLogWorker for RaftStorageImpl:Storage Directory /home/runner/work/ozone/ozone/hadoop-ozone/integration-test/target/test-dir/MiniOzoneClusterImpl-c3e143df-885d-4e44-9b94-c11d7991bd3d/datanode-2/data/ratis/a2d21331-83e4-429e-a463-598d80ea352e
2022-03-01 14:08:15,022 [pool-421-thread-1] INFO  server.RaftServerConfigKeys (ConfUtils.java:logGet(44)) - raft.server.log.queue.byte-limit = 4294967296 (custom)
2022-03-01 14:08:15,023 [pool-421-thread-1] INFO  server.RaftServerConfigKeys (ConfUtils.java:logGet(44)) - raft.server.log.queue.element-limit = 1024 (custom)
2022-03-01 14:08:15,023 [pool-421-thread-1] INFO  server.RaftServerConfigKeys (ConfUtils.java:logGet(44)) - raft.server.log.segment.size.max = 1048576 (custom)
2022-03-01 14:08:15,023 [pool-421-thread-1] INFO  server.RaftServerConfigKeys (ConfUtils.java:logGet(44)) - raft.server.log.preallocated.size = 16384 (custom)
2022-03-01 14:08:15,023 [pool-421-thread-1] INFO  server.RaftServerConfigKeys (ConfUtils.java:logGet(44)) - raft.server.log.force.sync.num = 128 (default)
2022-03-01 14:08:15,023 [pool-421-thread-1] INFO  server.RaftServerConfigKeys (ConfUtils.java:logGet(44)) - raft.server.log.statemachine.data.sync = true (default)
2022-03-01 14:08:15,023 [pool-421-thread-1] INFO  server.RaftServerConfigKeys (ConfUtils.java:logGet(44)) - raft.server.log.statemachine.data.sync.timeout = 10s (default)
2022-03-01 14:08:15,023 [pool-421-thread-1] INFO  server.RaftServerConfigKeys (ConfUtils.java:logGet(44)) - raft.server.log.statemachine.data.sync.timeout.retry = -1 (default)
2022-03-01 14:08:15,024 [pool-421-thread-1] INFO  server.RaftServerConfigKeys (ConfUtils.java:logGet(44)) - raft.server.log.write.buffer.size = 1048576 (custom)
2022-03-01 14:08:15,024 [pool-421-thread-1] INFO  server.RaftServerConfigKeys (ConfUtils.java:logGet(44)) - raft.server.log.statemachine.data.caching.enabled = true (custom)
2022-03-01 14:08:15,026 [pool-421-thread-1] INFO  segmented.SegmentedRaftLogWorker (SegmentedRaftLogWorker.java:lambda$new$0(133)) - ffb50977-138e-42ec-9f6c-2fee95879726@group-598D80EA352E-SegmentedRaftLogWorker: flushIndex: setUnconditionally 0 -> -1
2022-03-01 14:08:15,026 [pool-421-thread-1] INFO  segmented.SegmentedRaftLogWorker (SegmentedRaftLogWorker.java:lambda$new$0(133)) - ffb50977-138e-42ec-9f6c-2fee95879726@group-598D80EA352E-SegmentedRaftLogWorker: safeCacheEvictIndex: setUnconditionally 0 -> -1
2022-03-01 14:08:15,031 [pool-421-thread-1] INFO  server.RaftServerConfigKeys (ConfUtils.java:logGet(44)) - raft.server.snapshot.auto.trigger.enabled = true (custom)
2022-03-01 14:08:15,031 [pool-421-thread-1] INFO  server.RaftServerConfigKeys (ConfUtils.java:logGet(44)) - raft.server.snapshot.auto.trigger.threshold = 10000 (custom)
2022-03-01 14:08:15,031 [pool-421-thread-1] INFO  server.RaftServerConfigKeys (ConfUtils.java:logGet(44)) - raft.server.snapshot.retention.file.num = 5 (custom)
2022-03-01 14:08:15,031 [pool-421-thread-1] INFO  server.RaftServerConfigKeys (ConfUtils.java:logGet(44)) - raft.server.log.purge.upto.snapshot.index = false (default)
2022-03-01 14:08:15,031 [pool-421-thread-1] INFO  server.RaftServerConfigKeys (ConfUtils.java:logGet(44)) - raft.server.retrycache.expirytime = 600000ms (custom)
2022-03-01 14:08:15,031 [pool-421-thread-1] INFO  server.RaftServerConfigKeys (ConfUtils.java:logGet(44)) - raft.server.retrycache.statistics.expirytime = 100μs (default)
2022-03-01 14:08:15,032 [pool-421-thread-1] INFO  server.RaftServer$Division (RaftServerImpl.java:start(301)) - ffb50977-138e-42ec-9f6c-2fee95879726@group-598D80EA352E: start as a follower, conf=-1: [ffb50977-138e-42ec-9f6c-2fee95879726|rpc:10.1.0.24:43185|dataStream:|priority:1, e4227631-9ebf-4460-8078-a4dbf323e9d1|rpc:10.1.0.24:43437|dataStream:|priority:0, 62ad9cdf-96ac-404e-9c91-d824a9b2a1ad|rpc:10.1.0.24:37449|dataStream:|priority:0], old=null
2022-03-01 14:08:15,032 [pool-421-thread-1] INFO  server.RaftServer$Division (RaftServerImpl.java:setRole(290)) - ffb50977-138e-42ec-9f6c-2fee95879726@group-598D80EA352E: changes role from      null to FOLLOWER at term 0 for startAsFollower
2022-03-01 14:08:15,034 [pool-421-thread-1] INFO  impl.RoleInfo (RoleInfo.java:updateAndGet(130)) - ffb50977-138e-42ec-9f6c-2fee95879726: start ffb50977-138e-42ec-9f6c-2fee95879726@group-598D80EA352E-FollowerState
2022-03-01 14:08:15,041 [pool-421-thread-1] INFO  util.JmxRegister (JmxRegister.java:tryRegister(44)) - Successfully registered JMX Bean with object name Ratis:service=RaftServer,group=group-598D80EA352E,id=ffb50977-138e-42ec-9f6c-2fee95879726
2022-03-01 14:08:15,069 [Command processor thread] INFO  commandhandler.CreatePipelineCommandHandler (CreatePipelineCommandHandler.java:handle(106)) - Created Pipeline RATIS THREE PipelineID=a2d21331-83e4-429e-a463-598d80ea352e.
2022-03-01 14:08:15,069 [Command processor thread] INFO  server.RaftServer (RaftServerProxy.java:addNew(95)) - 62ad9cdf-96ac-404e-9c91-d824a9b2a1ad: addNew group-1CFAA836BE9C:[ffb50977-138e-42ec-9f6c-2fee95879726|rpc:10.1.0.24:43185|priority:0, e4227631-9ebf-4460-8078-a4dbf323e9d1|rpc:10.1.0.24:43437|priority:0, 62ad9cdf-96ac-404e-9c91-d824a9b2a1ad|rpc:10.1.0.24:37449|priority:1] returns group-1CFAA836BE9C:java.util.concurrent.CompletableFuture@72c48f96[Not completed]
2022-03-01 14:08:15,070 [pool-379-thread-1] INFO  server.RaftServer$Division (RaftServerImpl.java:<init>(184)) - 62ad9cdf-96ac-404e-9c91-d824a9b2a1ad: new RaftServerImpl for group-1CFAA836BE9C:[ffb50977-138e-42ec-9f6c-2fee95879726|rpc:10.1.0.24:43185|priority:0, e4227631-9ebf-4460-8078-a4dbf323e9d1|rpc:10.1.0.24:43437|priority:0, 62ad9cdf-96ac-404e-9c91-d824a9b2a1ad|rpc:10.1.0.24:37449|priority:1] with ContainerStateMachine:uninitialized
2022-03-01 14:08:15,071 [pool-379-thread-1] INFO  server.RaftServerConfigKeys (ConfUtils.java:logGet(44)) - raft.server.rpc.timeout.min = 5s (custom)
2022-03-01 14:08:15,071 [pool-379-thread-1] INFO  server.RaftServerConfigKeys (ConfUtils.java:logGet(44)) - raft.server.rpc.timeout.max = 5200ms (custom)
2022-03-01 14:08:15,071 [pool-379-thread-1] INFO  server.RaftServerConfigKeys (ConfUtils.java:logGet(44)) - raft.server.rpc.sleep.time = 25ms (default)
2022-03-01 14:08:15,100 [pool-379-thread-1] INFO  server.RaftServerConfigKeys (ConfUtils.java:logGet(44)) - raft.server.rpc.slowness.timeout = 300s (custom)
2022-03-01 14:08:15,101 [pool-379-thread-1] INFO  server.RaftServerConfigKeys (ConfUtils.java:logGet(44)) - raft.server.leaderelection.leader.step-down.wait-time = 10s (default)
2022-03-01 14:08:15,101 [pool-379-thread-1] INFO  server.RaftServerConfigKeys (ConfUtils.java:logGet(44)) - raft.server.sleep.deviation.threshold = 300ms (default)
2022-03-01 14:08:15,101 [pool-379-thread-1] INFO  server.RaftServerConfigKeys (ConfUtils.java:logGet(44)) - raft.server.log.appender.install.snapshot.enabled = false (custom)
2022-03-01 14:08:15,101 [pool-379-thread-1] INFO  server.RaftServer$Division (ServerState.java:<init>(105)) - 62ad9cdf-96ac-404e-9c91-d824a9b2a1ad@group-1CFAA836BE9C: ConfigurationManager, init=-1: [ffb50977-138e-42ec-9f6c-2fee95879726|rpc:10.1.0.24:43185|priority:0, e4227631-9ebf-4460-8078-a4dbf323e9d1|rpc:10.1.0.24:43437|priority:0, 62ad9cdf-96ac-404e-9c91-d824a9b2a1ad|rpc:10.1.0.24:37449|priority:1], old=null, confs=<EMPTY_MAP>
2022-03-01 14:08:15,101 [pool-379-thread-1] INFO  server.RaftServerConfigKeys (ConfUtils.java:logGet(44)) - raft.server.storage.dir = [/home/runner/work/ozone/ozone/hadoop-ozone/integration-test/target/test-dir/MiniOzoneClusterImpl-c3e143df-885d-4e44-9b94-c11d7991bd3d/datanode-0/data/ratis] (custom)
2022-03-01 14:08:15,101 [pool-379-thread-1] INFO  server.RaftServerConfigKeys (ConfUtils.java:logGet(44)) - raft.server.log.corruption.policy = EXCEPTION (default)
2022-03-01 14:08:15,101 [pool-379-thread-1] INFO  server.RaftServerConfigKeys (ConfUtils.java:logGet(44)) - raft.server.storage.free-space.min = 0MB (=0) (default)
2022-03-01 14:08:15,101 [pool-379-thread-1] INFO  storage.RaftStorageDirectory (RaftStorageDirectoryImpl.java:analyzeStorage(135)) - The storage directory /home/runner/work/ozone/ozone/hadoop-ozone/integration-test/target/test-dir/MiniOzoneClusterImpl-c3e143df-885d-4e44-9b94-c11d7991bd3d/datanode-0/data/ratis/d8058072-0eb8-4929-90e6-1cfaa836be9c does not exist. Creating ...
2022-03-01 14:08:15,108 [pool-379-thread-1] INFO  storage.RaftStorageDirectory (RaftStorageDirectoryImpl.java:tryLock(230)) - Lock on /home/runner/work/ozone/ozone/hadoop-ozone/integration-test/target/test-dir/MiniOzoneClusterImpl-c3e143df-885d-4e44-9b94-c11d7991bd3d/datanode-0/data/ratis/d8058072-0eb8-4929-90e6-1cfaa836be9c/in_use.lock acquired by nodename 10349@fv-az195-209
2022-03-01 14:08:15,117 [pool-379-thread-1] INFO  storage.RaftStorage (RaftStorageImpl.java:format(89)) - Storage directory /home/runner/work/ozone/ozone/hadoop-ozone/integration-test/target/test-dir/MiniOzoneClusterImpl-c3e143df-885d-4e44-9b94-c11d7991bd3d/datanode-0/data/ratis/d8058072-0eb8-4929-90e6-1cfaa836be9c has been successfully formatted.
2022-03-01 14:08:15,117 [pool-379-thread-1] INFO  ratis.ContainerStateMachine (ContainerStateMachine.java:loadSnapshot(236)) - group-1CFAA836BE9C: The snapshot info is null. Setting the last applied indexto:(t:0, i:~)
2022-03-01 14:08:15,118 [pool-379-thread-1] INFO  server.RaftServerConfigKeys (ConfUtils.java:logGet(44)) - raft.server.notification.no-leader.timeout = 300s (custom)
2022-03-01 14:08:15,118 [pool-379-thread-1] INFO  server.RaftServerConfigKeys (ConfUtils.java:logGet(44)) - raft.server.log.use.memory = false (default)
2022-03-01 14:08:15,118 [pool-379-thread-1] INFO  server.RaftServerConfigKeys (ConfUtils.java:logGet(44)) - raft.server.log.purge.gap = 1000000 (custom)
2022-03-01 14:08:15,118 [pool-379-thread-1] INFO  server.RaftServerConfigKeys (ConfUtils.java:logGet(44)) - raft.server.log.appender.buffer.byte-limit = 33554432 (custom)
2022-03-01 14:08:15,118 [pool-379-thread-1] INFO  server.RaftServerConfigKeys (ConfUtils.java:logGet(44)) - raft.server.log.segment.size.max = 1048576 (custom)
2022-03-01 14:08:15,119 [pool-379-thread-1] INFO  server.RaftServerConfigKeys (ConfUtils.java:logGet(44)) - raft.server.log.segment.cache.num.max = 2 (custom)
2022-03-01 14:08:15,119 [pool-379-thread-1] INFO  server.RaftServerConfigKeys (ConfUtils.java:logGet(44)) - raft.server.log.segment.cache.size.max = 200MB (=209715200) (default)
2022-03-01 14:08:15,119 [pool-379-thread-1] INFO  segmented.SegmentedRaftLogWorker (SegmentedRaftLogWorker.java:<init>(182)) - new 62ad9cdf-96ac-404e-9c91-d824a9b2a1ad@group-1CFAA836BE9C-SegmentedRaftLogWorker for RaftStorageImpl:Storage Directory /home/runner/work/ozone/ozone/hadoop-ozone/integration-test/target/test-dir/MiniOzoneClusterImpl-c3e143df-885d-4e44-9b94-c11d7991bd3d/datanode-0/data/ratis/d8058072-0eb8-4929-90e6-1cfaa836be9c
2022-03-01 14:08:15,119 [pool-379-thread-1] INFO  server.RaftServerConfigKeys (ConfUtils.java:logGet(44)) - raft.server.log.queue.byte-limit = 4294967296 (custom)
2022-03-01 14:08:15,119 [pool-379-thread-1] INFO  server.RaftServerConfigKeys (ConfUtils.java:logGet(44)) - raft.server.log.queue.element-limit = 1024 (custom)
2022-03-01 14:08:15,119 [pool-379-thread-1] INFO  server.RaftServerConfigKeys (ConfUtils.java:logGet(44)) - raft.server.log.segment.size.max = 1048576 (custom)
2022-03-01 14:08:15,119 [pool-379-thread-1] INFO  server.RaftServerConfigKeys (ConfUtils.java:logGet(44)) - raft.server.log.preallocated.size = 16384 (custom)
2022-03-01 14:08:15,119 [pool-379-thread-1] INFO  server.RaftServerConfigKeys (ConfUtils.java:logGet(44)) - raft.server.log.force.sync.num = 128 (default)
2022-03-01 14:08:15,119 [pool-379-thread-1] INFO  server.RaftServerConfigKeys (ConfUtils.java:logGet(44)) - raft.server.log.statemachine.data.sync = true (default)
2022-03-01 14:08:15,119 [pool-379-thread-1] INFO  server.RaftServerConfigKeys (ConfUtils.java:logGet(44)) - raft.server.log.statemachine.data.sync.timeout = 10s (default)
2022-03-01 14:08:15,119 [pool-379-thread-1] INFO  server.RaftServerConfigKeys (ConfUtils.java:logGet(44)) - raft.server.log.statemachine.data.sync.timeout.retry = -1 (default)
2022-03-01 14:08:15,120 [pool-379-thread-1] INFO  server.RaftServerConfigKeys (ConfUtils.java:logGet(44)) - raft.server.log.write.buffer.size = 1048576 (custom)
2022-03-01 14:08:15,121 [pool-379-thread-1] INFO  server.RaftServerConfigKeys (ConfUtils.java:logGet(44)) - raft.server.log.statemachine.data.caching.enabled = true (custom)
2022-03-01 14:08:15,121 [pool-379-thread-1] INFO  segmented.SegmentedRaftLogWorker (SegmentedRaftLogWorker.java:lambda$new$0(133)) - 62ad9cdf-96ac-404e-9c91-d824a9b2a1ad@group-1CFAA836BE9C-SegmentedRaftLogWorker: flushIndex: setUnconditionally 0 -> -1
2022-03-01 14:08:15,122 [EventQueue-OpenPipelineForHealthyPipelineSafeModeRule] INFO  safemode.SCMSafeModeManager (HealthyPipelineSafeModeRule.java:process(124)) - SCM in safe mode. Healthy pipelines reported count is 0, required healthy pipeline reported count is 1
2022-03-01 14:08:15,122 [pool-379-thread-1] INFO  segmented.SegmentedRaftLogWorker (SegmentedRaftLogWorker.java:lambda$new$0(133)) - 62ad9cdf-96ac-404e-9c91-d824a9b2a1ad@group-1CFAA836BE9C-SegmentedRaftLogWorker: safeCacheEvictIndex: setUnconditionally 0 -> -1
2022-03-01 14:08:15,129 [pool-379-thread-1] INFO  server.RaftServerConfigKeys (ConfUtils.java:logGet(44)) - raft.server.snapshot.auto.trigger.enabled = true (custom)
2022-03-01 14:08:15,129 [pool-379-thread-1] INFO  server.RaftServerConfigKeys (ConfUtils.java:logGet(44)) - raft.server.snapshot.auto.trigger.threshold = 10000 (custom)
2022-03-01 14:08:15,129 [pool-379-thread-1] INFO  server.RaftServerConfigKeys (ConfUtils.java:logGet(44)) - raft.server.snapshot.retention.file.num = 5 (custom)
2022-03-01 14:08:15,129 [pool-379-thread-1] INFO  server.RaftServerConfigKeys (ConfUtils.java:logGet(44)) - raft.server.log.purge.upto.snapshot.index = false (default)
2022-03-01 14:08:15,129 [pool-379-thread-1] INFO  server.RaftServerConfigKeys (ConfUtils.java:logGet(44)) - raft.server.retrycache.expirytime = 600000ms (custom)
2022-03-01 14:08:15,129 [pool-379-thread-1] INFO  server.RaftServerConfigKeys (ConfUtils.java:logGet(44)) - raft.server.retrycache.statistics.expirytime = 100μs (default)
2022-03-01 14:08:15,130 [pool-379-thread-1] INFO  server.RaftServer$Division (RaftServerImpl.java:start(301)) - 62ad9cdf-96ac-404e-9c91-d824a9b2a1ad@group-1CFAA836BE9C: start as a follower, conf=-1: [ffb50977-138e-42ec-9f6c-2fee95879726|rpc:10.1.0.24:43185|priority:0, e4227631-9ebf-4460-8078-a4dbf323e9d1|rpc:10.1.0.24:43437|priority:0, 62ad9cdf-96ac-404e-9c91-d824a9b2a1ad|rpc:10.1.0.24:37449|priority:1], old=null
2022-03-01 14:08:15,130 [pool-379-thread-1] INFO  server.RaftServer$Division (RaftServerImpl.java:setRole(290)) - 62ad9cdf-96ac-404e-9c91-d824a9b2a1ad@group-1CFAA836BE9C: changes role from      null to FOLLOWER at term 0 for startAsFollower
2022-03-01 14:08:15,130 [pool-379-thread-1] INFO  impl.RoleInfo (RoleInfo.java:updateAndGet(130)) - 62ad9cdf-96ac-404e-9c91-d824a9b2a1ad: start 62ad9cdf-96ac-404e-9c91-d824a9b2a1ad@group-1CFAA836BE9C-FollowerState
2022-03-01 14:08:15,142 [pool-379-thread-1] INFO  util.JmxRegister (JmxRegister.java:tryRegister(44)) - Successfully registered JMX Bean with object name Ratis:service=RaftServer,group=group-1CFAA836BE9C,id=62ad9cdf-96ac-404e-9c91-d824a9b2a1ad
2022-03-01 14:08:15,145 [Command processor thread] INFO  ratis.XceiverServerRatis (XceiverServerRatis.java:addGroup(769)) - Created group PipelineID=d8058072-0eb8-4929-90e6-1cfaa836be9c
2022-03-01 14:08:15,153 [grpc-default-executor-0] INFO  server.RaftServer (RaftServerProxy.java:addNew(95)) - ffb50977-138e-42ec-9f6c-2fee95879726: addNew group-1CFAA836BE9C:[ffb50977-138e-42ec-9f6c-2fee95879726|rpc:10.1.0.24:43185|dataStream:|priority:0, e4227631-9ebf-4460-8078-a4dbf323e9d1|rpc:10.1.0.24:43437|dataStream:|priority:0, 62ad9cdf-96ac-404e-9c91-d824a9b2a1ad|rpc:10.1.0.24:37449|dataStream:|priority:1] returns group-1CFAA836BE9C:java.util.concurrent.CompletableFuture@9ff380b[Not completed]
2022-03-01 14:08:15,153 [pool-421-thread-1] INFO  server.RaftServer$Division (RaftServerImpl.java:<init>(184)) - ffb50977-138e-42ec-9f6c-2fee95879726: new RaftServerImpl for group-1CFAA836BE9C:[ffb50977-138e-42ec-9f6c-2fee95879726|rpc:10.1.0.24:43185|dataStream:|priority:0, e4227631-9ebf-4460-8078-a4dbf323e9d1|rpc:10.1.0.24:43437|dataStream:|priority:0, 62ad9cdf-96ac-404e-9c91-d824a9b2a1ad|rpc:10.1.0.24:37449|dataStream:|priority:1] with ContainerStateMachine:uninitialized
2022-03-01 14:08:15,153 [pool-421-thread-1] INFO  server.RaftServerConfigKeys (ConfUtils.java:logGet(44)) - raft.server.rpc.timeout.min = 5s (custom)
2022-03-01 14:08:15,153 [pool-421-thread-1] INFO  server.RaftServerConfigKeys (ConfUtils.java:logGet(44)) - raft.server.rpc.timeout.max = 5200ms (custom)
2022-03-01 14:08:15,154 [pool-421-thread-1] INFO  server.RaftServerConfigKeys (ConfUtils.java:logGet(44)) - raft.server.rpc.sleep.time = 25ms (default)
2022-03-01 14:08:15,154 [pool-421-thread-1] INFO  server.RaftServerConfigKeys (ConfUtils.java:logGet(44)) - raft.server.rpc.slowness.timeout = 300s (custom)
2022-03-01 14:08:15,154 [pool-421-thread-1] INFO  server.RaftServerConfigKeys (ConfUtils.java:logGet(44)) - raft.server.leaderelection.leader.step-down.wait-time = 10s (default)
2022-03-01 14:08:15,154 [pool-421-thread-1] INFO  server.RaftServerConfigKeys (ConfUtils.java:logGet(44)) - raft.server.sleep.deviation.threshold = 300ms (default)
2022-03-01 14:08:15,154 [pool-421-thread-1] INFO  server.RaftServerConfigKeys (ConfUtils.java:logGet(44)) - raft.server.log.appender.install.snapshot.enabled = false (custom)
2022-03-01 14:08:15,154 [pool-421-thread-1] INFO  server.RaftServer$Division (ServerState.java:<init>(105)) - ffb50977-138e-42ec-9f6c-2fee95879726@group-1CFAA836BE9C: ConfigurationManager, init=-1: [ffb50977-138e-42ec-9f6c-2fee95879726|rpc:10.1.0.24:43185|dataStream:|priority:0, e4227631-9ebf-4460-8078-a4dbf323e9d1|rpc:10.1.0.24:43437|dataStream:|priority:0, 62ad9cdf-96ac-404e-9c91-d824a9b2a1ad|rpc:10.1.0.24:37449|dataStream:|priority:1], old=null, confs=<EMPTY_MAP>
2022-03-01 14:08:15,154 [pool-421-thread-1] INFO  server.RaftServerConfigKeys (ConfUtils.java:logGet(44)) - raft.server.storage.dir = [/home/runner/work/ozone/ozone/hadoop-ozone/integration-test/target/test-dir/MiniOzoneClusterImpl-c3e143df-885d-4e44-9b94-c11d7991bd3d/datanode-2/data/ratis] (custom)
2022-03-01 14:08:15,154 [pool-421-thread-1] INFO  server.RaftServerConfigKeys (ConfUtils.java:logGet(44)) - raft.server.log.corruption.policy = EXCEPTION (default)
2022-03-01 14:08:15,154 [pool-421-thread-1] INFO  server.RaftServerConfigKeys (ConfUtils.java:logGet(44)) - raft.server.storage.free-space.min = 0MB (=0) (default)
2022-03-01 14:08:15,154 [pool-421-thread-1] INFO  storage.RaftStorageDirectory (RaftStorageDirectoryImpl.java:analyzeStorage(135)) - The storage directory /home/runner/work/ozone/ozone/hadoop-ozone/integration-test/target/test-dir/MiniOzoneClusterImpl-c3e143df-885d-4e44-9b94-c11d7991bd3d/datanode-2/data/ratis/d8058072-0eb8-4929-90e6-1cfaa836be9c does not exist. Creating ...
2022-03-01 14:08:15,155 [pool-421-thread-1] INFO  storage.RaftStorageDirectory (RaftStorageDirectoryImpl.java:tryLock(230)) - Lock on /home/runner/work/ozone/ozone/hadoop-ozone/integration-test/target/test-dir/MiniOzoneClusterImpl-c3e143df-885d-4e44-9b94-c11d7991bd3d/datanode-2/data/ratis/d8058072-0eb8-4929-90e6-1cfaa836be9c/in_use.lock acquired by nodename 10349@fv-az195-209
2022-03-01 14:08:15,156 [pool-421-thread-1] INFO  storage.RaftStorage (RaftStorageImpl.java:format(89)) - Storage directory /home/runner/work/ozone/ozone/hadoop-ozone/integration-test/target/test-dir/MiniOzoneClusterImpl-c3e143df-885d-4e44-9b94-c11d7991bd3d/datanode-2/data/ratis/d8058072-0eb8-4929-90e6-1cfaa836be9c has been successfully formatted.
2022-03-01 14:08:15,157 [pool-421-thread-1] INFO  ratis.ContainerStateMachine (ContainerStateMachine.java:loadSnapshot(236)) - group-1CFAA836BE9C: The snapshot info is null. Setting the last applied indexto:(t:0, i:~)
2022-03-01 14:08:15,166 [pool-421-thread-1] INFO  server.RaftServerConfigKeys (ConfUtils.java:logGet(44)) - raft.server.notification.no-leader.timeout = 300s (custom)
2022-03-01 14:08:15,166 [pool-421-thread-1] INFO  server.RaftServerConfigKeys (ConfUtils.java:logGet(44)) - raft.server.log.use.memory = false (default)
2022-03-01 14:08:15,166 [pool-421-thread-1] INFO  server.RaftServerConfigKeys (ConfUtils.java:logGet(44)) - raft.server.log.purge.gap = 1000000 (custom)
2022-03-01 14:08:15,166 [pool-421-thread-1] INFO  server.RaftServerConfigKeys (ConfUtils.java:logGet(44)) - raft.server.log.appender.buffer.byte-limit = 33554432 (custom)
2022-03-01 14:08:15,166 [pool-421-thread-1] INFO  server.RaftServerConfigKeys (ConfUtils.java:logGet(44)) - raft.server.log.segment.size.max = 1048576 (custom)
2022-03-01 14:08:15,167 [pool-421-thread-1] INFO  server.RaftServerConfigKeys (ConfUtils.java:logGet(44)) - raft.server.log.segment.cache.num.max = 2 (custom)
2022-03-01 14:08:15,167 [pool-421-thread-1] INFO  server.RaftServerConfigKeys (ConfUtils.java:logGet(44)) - raft.server.log.segment.cache.size.max = 200MB (=209715200) (default)
2022-03-01 14:08:15,167 [pool-421-thread-1] INFO  segmented.SegmentedRaftLogWorker (SegmentedRaftLogWorker.java:<init>(182)) - new ffb50977-138e-42ec-9f6c-2fee95879726@group-1CFAA836BE9C-SegmentedRaftLogWorker for RaftStorageImpl:Storage Directory /home/runner/work/ozone/ozone/hadoop-ozone/integration-test/target/test-dir/MiniOzoneClusterImpl-c3e143df-885d-4e44-9b94-c11d7991bd3d/datanode-2/data/ratis/d8058072-0eb8-4929-90e6-1cfaa836be9c
2022-03-01 14:08:15,167 [pool-421-thread-1] INFO  server.RaftServerConfigKeys (ConfUtils.java:logGet(44)) - raft.server.log.queue.byte-limit = 4294967296 (custom)
2022-03-01 14:08:15,167 [pool-421-thread-1] INFO  server.RaftServerConfigKeys (ConfUtils.java:logGet(44)) - raft.server.log.queue.element-limit = 1024 (custom)
2022-03-01 14:08:15,167 [pool-421-thread-1] INFO  server.RaftServerConfigKeys (ConfUtils.java:logGet(44)) - raft.server.log.segment.size.max = 1048576 (custom)
2022-03-01 14:08:15,167 [pool-421-thread-1] INFO  server.RaftServerConfigKeys (ConfUtils.java:logGet(44)) - raft.server.log.preallocated.size = 16384 (custom)
2022-03-01 14:08:15,167 [pool-421-thread-1] INFO  server.RaftServerConfigKeys (ConfUtils.java:logGet(44)) - raft.server.log.force.sync.num = 128 (default)
2022-03-01 14:08:15,167 [pool-421-thread-1] INFO  server.RaftServerConfigKeys (ConfUtils.java:logGet(44)) - raft.server.log.statemachine.data.sync = true (default)
2022-03-01 14:08:15,167 [pool-421-thread-1] INFO  server.RaftServerConfigKeys (ConfUtils.java:logGet(44)) - raft.server.log.statemachine.data.sync.timeout = 10s (default)
2022-03-01 14:08:15,167 [pool-421-thread-1] INFO  server.RaftServerConfigKeys (ConfUtils.java:logGet(44)) - raft.server.log.statemachine.data.sync.timeout.retry = -1 (default)
2022-03-01 14:08:15,168 [pool-421-thread-1] INFO  server.RaftServerConfigKeys (ConfUtils.java:logGet(44)) - raft.server.log.write.buffer.size = 1048576 (custom)
2022-03-01 14:08:15,174 [pool-421-thread-1] INFO  server.RaftServerConfigKeys (ConfUtils.java:logGet(44)) - raft.server.log.statemachine.data.caching.enabled = true (custom)
2022-03-01 14:08:15,174 [pool-421-thread-1] INFO  segmented.SegmentedRaftLogWorker (SegmentedRaftLogWorker.java:lambda$new$0(133)) - ffb50977-138e-42ec-9f6c-2fee95879726@group-1CFAA836BE9C-SegmentedRaftLogWorker: flushIndex: setUnconditionally 0 -> -1
2022-03-01 14:08:15,174 [pool-421-thread-1] INFO  segmented.SegmentedRaftLogWorker (SegmentedRaftLogWorker.java:lambda$new$0(133)) - ffb50977-138e-42ec-9f6c-2fee95879726@group-1CFAA836BE9C-SegmentedRaftLogWorker: safeCacheEvictIndex: setUnconditionally 0 -> -1
2022-03-01 14:08:15,201 [pool-421-thread-1] INFO  server.RaftServerConfigKeys (ConfUtils.java:logGet(44)) - raft.server.snapshot.auto.trigger.enabled = true (custom)
2022-03-01 14:08:15,201 [pool-421-thread-1] INFO  server.RaftServerConfigKeys (ConfUtils.java:logGet(44)) - raft.server.snapshot.auto.trigger.threshold = 10000 (custom)
2022-03-01 14:08:15,201 [pool-421-thread-1] INFO  server.RaftServerConfigKeys (ConfUtils.java:logGet(44)) - raft.server.snapshot.retention.file.num = 5 (custom)
2022-03-01 14:08:15,201 [pool-421-thread-1] INFO  server.RaftServerConfigKeys (ConfUtils.java:logGet(44)) - raft.server.log.purge.upto.snapshot.index = false (default)
2022-03-01 14:08:15,201 [pool-421-thread-1] INFO  server.RaftServerConfigKeys (ConfUtils.java:logGet(44)) - raft.server.retrycache.expirytime = 600000ms (custom)
2022-03-01 14:08:15,201 [pool-421-thread-1] INFO  server.RaftServerConfigKeys (ConfUtils.java:logGet(44)) - raft.server.retrycache.statistics.expirytime = 100μs (default)
2022-03-01 14:08:15,202 [pool-421-thread-1] INFO  server.RaftServer$Division (RaftServerImpl.java:start(301)) - ffb50977-138e-42ec-9f6c-2fee95879726@group-1CFAA836BE9C: start as a follower, conf=-1: [ffb50977-138e-42ec-9f6c-2fee95879726|rpc:10.1.0.24:43185|dataStream:|priority:0, e4227631-9ebf-4460-8078-a4dbf323e9d1|rpc:10.1.0.24:43437|dataStream:|priority:0, 62ad9cdf-96ac-404e-9c91-d824a9b2a1ad|rpc:10.1.0.24:37449|dataStream:|priority:1], old=null
2022-03-01 14:08:15,202 [pool-421-thread-1] INFO  server.RaftServer$Division (RaftServerImpl.java:setRole(290)) - ffb50977-138e-42ec-9f6c-2fee95879726@group-1CFAA836BE9C: changes role from      null to FOLLOWER at term 0 for startAsFollower
2022-03-01 14:08:15,202 [pool-421-thread-1] INFO  impl.RoleInfo (RoleInfo.java:updateAndGet(130)) - ffb50977-138e-42ec-9f6c-2fee95879726: start ffb50977-138e-42ec-9f6c-2fee95879726@group-1CFAA836BE9C-FollowerState
2022-03-01 14:08:15,213 [pool-421-thread-1] INFO  util.JmxRegister (JmxRegister.java:tryRegister(44)) - Successfully registered JMX Bean with object name Ratis:service=RaftServer,group=group-1CFAA836BE9C,id=ffb50977-138e-42ec-9f6c-2fee95879726
2022-03-01 14:08:15,242 [grpc-default-executor-0] INFO  server.RaftServer (RaftServerProxy.java:addNew(95)) - e4227631-9ebf-4460-8078-a4dbf323e9d1: addNew group-1CFAA836BE9C:[ffb50977-138e-42ec-9f6c-2fee95879726|rpc:10.1.0.24:43185|dataStream:|priority:0, e4227631-9ebf-4460-8078-a4dbf323e9d1|rpc:10.1.0.24:43437|dataStream:|priority:0, 62ad9cdf-96ac-404e-9c91-d824a9b2a1ad|rpc:10.1.0.24:37449|dataStream:|priority:1] returns group-1CFAA836BE9C:java.util.concurrent.CompletableFuture@48b40c84[Not completed]
2022-03-01 14:08:15,243 [pool-400-thread-1] INFO  server.RaftServer$Division (RaftServerImpl.java:<init>(184)) - e4227631-9ebf-4460-8078-a4dbf323e9d1: new RaftServerImpl for group-1CFAA836BE9C:[ffb50977-138e-42ec-9f6c-2fee95879726|rpc:10.1.0.24:43185|dataStream:|priority:0, e4227631-9ebf-4460-8078-a4dbf323e9d1|rpc:10.1.0.24:43437|dataStream:|priority:0, 62ad9cdf-96ac-404e-9c91-d824a9b2a1ad|rpc:10.1.0.24:37449|dataStream:|priority:1] with ContainerStateMachine:uninitialized
2022-03-01 14:08:15,243 [pool-400-thread-1] INFO  server.RaftServerConfigKeys (ConfUtils.java:logGet(44)) - raft.server.rpc.timeout.min = 5s (custom)
2022-03-01 14:08:15,243 [pool-400-thread-1] INFO  server.RaftServerConfigKeys (ConfUtils.java:logGet(44)) - raft.server.rpc.timeout.max = 5200ms (custom)
2022-03-01 14:08:15,243 [pool-400-thread-1] INFO  server.RaftServerConfigKeys (ConfUtils.java:logGet(44)) - raft.server.rpc.sleep.time = 25ms (default)
2022-03-01 14:08:15,243 [pool-400-thread-1] INFO  server.RaftServerConfigKeys (ConfUtils.java:logGet(44)) - raft.server.rpc.slowness.timeout = 300s (custom)
2022-03-01 14:08:15,243 [pool-400-thread-1] INFO  server.RaftServerConfigKeys (ConfUtils.java:logGet(44)) - raft.server.leaderelection.leader.step-down.wait-time = 10s (default)
2022-03-01 14:08:15,243 [pool-400-thread-1] INFO  server.RaftServerConfigKeys (ConfUtils.java:logGet(44)) - raft.server.sleep.deviation.threshold = 300ms (default)
2022-03-01 14:08:15,243 [pool-400-thread-1] INFO  server.RaftServerConfigKeys (ConfUtils.java:logGet(44)) - raft.server.log.appender.install.snapshot.enabled = false (custom)
2022-03-01 14:08:15,243 [pool-400-thread-1] INFO  server.RaftServer$Division (ServerState.java:<init>(105)) - e4227631-9ebf-4460-8078-a4dbf323e9d1@group-1CFAA836BE9C: ConfigurationManager, init=-1: [ffb50977-138e-42ec-9f6c-2fee95879726|rpc:10.1.0.24:43185|dataStream:|priority:0, e4227631-9ebf-4460-8078-a4dbf323e9d1|rpc:10.1.0.24:43437|dataStream:|priority:0, 62ad9cdf-96ac-404e-9c91-d824a9b2a1ad|rpc:10.1.0.24:37449|dataStream:|priority:1], old=null, confs=<EMPTY_MAP>
2022-03-01 14:08:15,243 [pool-400-thread-1] INFO  server.RaftServerConfigKeys (ConfUtils.java:logGet(44)) - raft.server.storage.dir = [/home/runner/work/ozone/ozone/hadoop-ozone/integration-test/target/test-dir/MiniOzoneClusterImpl-c3e143df-885d-4e44-9b94-c11d7991bd3d/datanode-1/data/ratis] (custom)
2022-03-01 14:08:15,243 [pool-400-thread-1] INFO  server.RaftServerConfigKeys (ConfUtils.java:logGet(44)) - raft.server.log.corruption.policy = EXCEPTION (default)
2022-03-01 14:08:15,243 [pool-400-thread-1] INFO  server.RaftServerConfigKeys (ConfUtils.java:logGet(44)) - raft.server.storage.free-space.min = 0MB (=0) (default)
2022-03-01 14:08:15,244 [pool-400-thread-1] INFO  storage.RaftStorageDirectory (RaftStorageDirectoryImpl.java:analyzeStorage(135)) - The storage directory /home/runner/work/ozone/ozone/hadoop-ozone/integration-test/target/test-dir/MiniOzoneClusterImpl-c3e143df-885d-4e44-9b94-c11d7991bd3d/datanode-1/data/ratis/d8058072-0eb8-4929-90e6-1cfaa836be9c does not exist. Creating ...
2022-03-01 14:08:15,245 [pool-400-thread-1] INFO  storage.RaftStorageDirectory (RaftStorageDirectoryImpl.java:tryLock(230)) - Lock on /home/runner/work/ozone/ozone/hadoop-ozone/integration-test/target/test-dir/MiniOzoneClusterImpl-c3e143df-885d-4e44-9b94-c11d7991bd3d/datanode-1/data/ratis/d8058072-0eb8-4929-90e6-1cfaa836be9c/in_use.lock acquired by nodename 10349@fv-az195-209
2022-03-01 14:08:15,246 [pool-400-thread-1] INFO  storage.RaftStorage (RaftStorageImpl.java:format(89)) - Storage directory /home/runner/work/ozone/ozone/hadoop-ozone/integration-test/target/test-dir/MiniOzoneClusterImpl-c3e143df-885d-4e44-9b94-c11d7991bd3d/datanode-1/data/ratis/d8058072-0eb8-4929-90e6-1cfaa836be9c has been successfully formatted.
2022-03-01 14:08:15,247 [pool-400-thread-1] INFO  ratis.ContainerStateMachine (ContainerStateMachine.java:loadSnapshot(236)) - group-1CFAA836BE9C: The snapshot info is null. Setting the last applied indexto:(t:0, i:~)
2022-03-01 14:08:15,247 [pool-400-thread-1] INFO  server.RaftServerConfigKeys (ConfUtils.java:logGet(44)) - raft.server.notification.no-leader.timeout = 300s (custom)
2022-03-01 14:08:15,247 [pool-400-thread-1] INFO  server.RaftServerConfigKeys (ConfUtils.java:logGet(44)) - raft.server.log.use.memory = false (default)
2022-03-01 14:08:15,248 [pool-400-thread-1] INFO  server.RaftServerConfigKeys (ConfUtils.java:logGet(44)) - raft.server.log.purge.gap = 1000000 (custom)
2022-03-01 14:08:15,248 [pool-400-thread-1] INFO  server.RaftServerConfigKeys (ConfUtils.java:logGet(44)) - raft.server.log.appender.buffer.byte-limit = 33554432 (custom)
2022-03-01 14:08:15,248 [pool-400-thread-1] INFO  server.RaftServerConfigKeys (ConfUtils.java:logGet(44)) - raft.server.log.segment.size.max = 1048576 (custom)
2022-03-01 14:08:15,248 [pool-400-thread-1] INFO  server.RaftServerConfigKeys (ConfUtils.java:logGet(44)) - raft.server.log.segment.cache.num.max = 2 (custom)
2022-03-01 14:08:15,249 [pool-400-thread-1] INFO  server.RaftServerConfigKeys (ConfUtils.java:logGet(44)) - raft.server.log.segment.cache.size.max = 200MB (=209715200) (default)
2022-03-01 14:08:15,249 [pool-400-thread-1] INFO  segmented.SegmentedRaftLogWorker (SegmentedRaftLogWorker.java:<init>(182)) - new e4227631-9ebf-4460-8078-a4dbf323e9d1@group-1CFAA836BE9C-SegmentedRaftLogWorker for RaftStorageImpl:Storage Directory /home/runner/work/ozone/ozone/hadoop-ozone/integration-test/target/test-dir/MiniOzoneClusterImpl-c3e143df-885d-4e44-9b94-c11d7991bd3d/datanode-1/data/ratis/d8058072-0eb8-4929-90e6-1cfaa836be9c
2022-03-01 14:08:15,249 [pool-400-thread-1] INFO  server.RaftServerConfigKeys (ConfUtils.java:logGet(44)) - raft.server.log.queue.byte-limit = 4294967296 (custom)
2022-03-01 14:08:15,249 [pool-400-thread-1] INFO  server.RaftServerConfigKeys (ConfUtils.java:logGet(44)) - raft.server.log.queue.element-limit = 1024 (custom)
2022-03-01 14:08:15,249 [pool-400-thread-1] INFO  server.RaftServerConfigKeys (ConfUtils.java:logGet(44)) - raft.server.log.segment.size.max = 1048576 (custom)
2022-03-01 14:08:15,249 [pool-400-thread-1] INFO  server.RaftServerConfigKeys (ConfUtils.java:logGet(44)) - raft.server.log.preallocated.size = 16384 (custom)
2022-03-01 14:08:15,249 [pool-400-thread-1] INFO  server.RaftServerConfigKeys (ConfUtils.java:logGet(44)) - raft.server.log.force.sync.num = 128 (default)
2022-03-01 14:08:15,249 [pool-400-thread-1] INFO  server.RaftServerConfigKeys (ConfUtils.java:logGet(44)) - raft.server.log.statemachine.data.sync = true (default)
2022-03-01 14:08:15,249 [pool-400-thread-1] INFO  server.RaftServerConfigKeys (ConfUtils.java:logGet(44)) - raft.server.log.statemachine.data.sync.timeout = 10s (default)
2022-03-01 14:08:15,249 [pool-400-thread-1] INFO  server.RaftServerConfigKeys (ConfUtils.java:logGet(44)) - raft.server.log.statemachine.data.sync.timeout.retry = -1 (default)
2022-03-01 14:08:15,250 [pool-400-thread-1] INFO  server.RaftServerConfigKeys (ConfUtils.java:logGet(44)) - raft.server.log.write.buffer.size = 1048576 (custom)
2022-03-01 14:08:15,251 [pool-400-thread-1] INFO  server.RaftServerConfigKeys (ConfUtils.java:logGet(44)) - raft.server.log.statemachine.data.caching.enabled = true (custom)
2022-03-01 14:08:15,257 [pool-400-thread-1] INFO  segmented.SegmentedRaftLogWorker (SegmentedRaftLogWorker.java:lambda$new$0(133)) - e4227631-9ebf-4460-8078-a4dbf323e9d1@group-1CFAA836BE9C-SegmentedRaftLogWorker: flushIndex: setUnconditionally 0 -> -1
2022-03-01 14:08:15,257 [pool-400-thread-1] INFO  segmented.SegmentedRaftLogWorker (SegmentedRaftLogWorker.java:lambda$new$0(133)) - e4227631-9ebf-4460-8078-a4dbf323e9d1@group-1CFAA836BE9C-SegmentedRaftLogWorker: safeCacheEvictIndex: setUnconditionally 0 -> -1
2022-03-01 14:08:15,265 [pool-400-thread-1] INFO  server.RaftServerConfigKeys (ConfUtils.java:logGet(44)) - raft.server.snapshot.auto.trigger.enabled = true (custom)
2022-03-01 14:08:15,265 [pool-400-thread-1] INFO  server.RaftServerConfigKeys (ConfUtils.java:logGet(44)) - raft.server.snapshot.auto.trigger.threshold = 10000 (custom)
2022-03-01 14:08:15,265 [pool-400-thread-1] INFO  server.RaftServerConfigKeys (ConfUtils.java:logGet(44)) - raft.server.snapshot.retention.file.num = 5 (custom)
2022-03-01 14:08:15,265 [pool-400-thread-1] INFO  server.RaftServerConfigKeys (ConfUtils.java:logGet(44)) - raft.server.log.purge.upto.snapshot.index = false (default)
2022-03-01 14:08:15,265 [pool-400-thread-1] INFO  server.RaftServerConfigKeys (ConfUtils.java:logGet(44)) - raft.server.retrycache.expirytime = 600000ms (custom)
2022-03-01 14:08:15,265 [pool-400-thread-1] INFO  server.RaftServerConfigKeys (ConfUtils.java:logGet(44)) - raft.server.retrycache.statistics.expirytime = 100μs (default)
2022-03-01 14:08:15,266 [pool-400-thread-1] INFO  server.RaftServer$Division (RaftServerImpl.java:start(301)) - e4227631-9ebf-4460-8078-a4dbf323e9d1@group-1CFAA836BE9C: start as a follower, conf=-1: [ffb50977-138e-42ec-9f6c-2fee95879726|rpc:10.1.0.24:43185|dataStream:|priority:0, e4227631-9ebf-4460-8078-a4dbf323e9d1|rpc:10.1.0.24:43437|dataStream:|priority:0, 62ad9cdf-96ac-404e-9c91-d824a9b2a1ad|rpc:10.1.0.24:37449|dataStream:|priority:1], old=null
2022-03-01 14:08:15,266 [pool-400-thread-1] INFO  server.RaftServer$Division (RaftServerImpl.java:setRole(290)) - e4227631-9ebf-4460-8078-a4dbf323e9d1@group-1CFAA836BE9C: changes role from      null to FOLLOWER at term 0 for startAsFollower
2022-03-01 14:08:15,266 [pool-400-thread-1] INFO  impl.RoleInfo (RoleInfo.java:updateAndGet(130)) - e4227631-9ebf-4460-8078-a4dbf323e9d1: start e4227631-9ebf-4460-8078-a4dbf323e9d1@group-1CFAA836BE9C-FollowerState
2022-03-01 14:08:15,279 [pool-400-thread-1] INFO  util.JmxRegister (JmxRegister.java:tryRegister(44)) - Successfully registered JMX Bean with object name Ratis:service=RaftServer,group=group-1CFAA836BE9C,id=e4227631-9ebf-4460-8078-a4dbf323e9d1
2022-03-01 14:08:15,313 [Command processor thread] INFO  commandhandler.CreatePipelineCommandHandler (CreatePipelineCommandHandler.java:handle(106)) - Created Pipeline RATIS THREE PipelineID=d8058072-0eb8-4929-90e6-1cfaa836be9c.
2022-03-01 14:08:15,321 [Command processor thread] INFO  server.RaftServer (RaftServerProxy.java:addNew(95)) - e4227631-9ebf-4460-8078-a4dbf323e9d1: addNew group-ABD5D89A538B:[e4227631-9ebf-4460-8078-a4dbf323e9d1|rpc:10.1.0.24:43437|priority:1] returns group-ABD5D89A538B:java.util.concurrent.CompletableFuture@4c15e215[Not completed]
2022-03-01 14:08:15,322 [pool-400-thread-1] INFO  server.RaftServer$Division (RaftServerImpl.java:<init>(184)) - e4227631-9ebf-4460-8078-a4dbf323e9d1: new RaftServerImpl for group-ABD5D89A538B:[e4227631-9ebf-4460-8078-a4dbf323e9d1|rpc:10.1.0.24:43437|priority:1] with ContainerStateMachine:uninitialized
2022-03-01 14:08:15,322 [pool-400-thread-1] INFO  server.RaftServerConfigKeys (ConfUtils.java:logGet(44)) - raft.server.rpc.timeout.min = 5s (custom)
2022-03-01 14:08:15,322 [pool-400-thread-1] INFO  server.RaftServerConfigKeys (ConfUtils.java:logGet(44)) - raft.server.rpc.timeout.max = 5200ms (custom)
2022-03-01 14:08:15,322 [pool-400-thread-1] INFO  server.RaftServerConfigKeys (ConfUtils.java:logGet(44)) - raft.server.rpc.sleep.time = 25ms (default)
2022-03-01 14:08:15,322 [pool-400-thread-1] INFO  server.RaftServerConfigKeys (ConfUtils.java:logGet(44)) - raft.server.rpc.slowness.timeout = 300s (custom)
2022-03-01 14:08:15,322 [pool-400-thread-1] INFO  server.RaftServerConfigKeys (ConfUtils.java:logGet(44)) - raft.server.leaderelection.leader.step-down.wait-time = 10s (default)
2022-03-01 14:08:15,322 [pool-400-thread-1] INFO  server.RaftServerConfigKeys (ConfUtils.java:logGet(44)) - raft.server.sleep.deviation.threshold = 300ms (default)
2022-03-01 14:08:15,322 [pool-400-thread-1] INFO  server.RaftServerConfigKeys (ConfUtils.java:logGet(44)) - raft.server.log.appender.install.snapshot.enabled = false (custom)
2022-03-01 14:08:15,322 [pool-400-thread-1] INFO  server.RaftServer$Division (ServerState.java:<init>(105)) - e4227631-9ebf-4460-8078-a4dbf323e9d1@group-ABD5D89A538B: ConfigurationManager, init=-1: [e4227631-9ebf-4460-8078-a4dbf323e9d1|rpc:10.1.0.24:43437|priority:1], old=null, confs=<EMPTY_MAP>
2022-03-01 14:08:15,322 [pool-400-thread-1] INFO  server.RaftServerConfigKeys (ConfUtils.java:logGet(44)) - raft.server.storage.dir = [/home/runner/work/ozone/ozone/hadoop-ozone/integration-test/target/test-dir/MiniOzoneClusterImpl-c3e143df-885d-4e44-9b94-c11d7991bd3d/datanode-1/data/ratis] (custom)
2022-03-01 14:08:15,323 [pool-400-thread-1] INFO  server.RaftServerConfigKeys (ConfUtils.java:logGet(44)) - raft.server.log.corruption.policy = EXCEPTION (default)
2022-03-01 14:08:15,323 [pool-400-thread-1] INFO  server.RaftServerConfigKeys (ConfUtils.java:logGet(44)) - raft.server.storage.free-space.min = 0MB (=0) (default)
2022-03-01 14:08:15,323 [pool-400-thread-1] INFO  storage.RaftStorageDirectory (RaftStorageDirectoryImpl.java:analyzeStorage(135)) - The storage directory /home/runner/work/ozone/ozone/hadoop-ozone/integration-test/target/test-dir/MiniOzoneClusterImpl-c3e143df-885d-4e44-9b94-c11d7991bd3d/datanode-1/data/ratis/82916ca1-ed3b-42bf-b2f8-abd5d89a538b does not exist. Creating ...
2022-03-01 14:08:15,327 [pool-400-thread-1] INFO  storage.RaftStorageDirectory (RaftStorageDirectoryImpl.java:tryLock(230)) - Lock on /home/runner/work/ozone/ozone/hadoop-ozone/integration-test/target/test-dir/MiniOzoneClusterImpl-c3e143df-885d-4e44-9b94-c11d7991bd3d/datanode-1/data/ratis/82916ca1-ed3b-42bf-b2f8-abd5d89a538b/in_use.lock acquired by nodename 10349@fv-az195-209
2022-03-01 14:08:15,328 [pool-400-thread-1] INFO  storage.RaftStorage (RaftStorageImpl.java:format(89)) - Storage directory /home/runner/work/ozone/ozone/hadoop-ozone/integration-test/target/test-dir/MiniOzoneClusterImpl-c3e143df-885d-4e44-9b94-c11d7991bd3d/datanode-1/data/ratis/82916ca1-ed3b-42bf-b2f8-abd5d89a538b has been successfully formatted.
2022-03-01 14:08:15,330 [EventQueue-PipelineReportForPipelineReportHandler] INFO  pipeline.PipelineManagerImpl (PipelineManagerImpl.java:openPipeline(291)) - Pipeline Pipeline[ Id: 82916ca1-ed3b-42bf-b2f8-abd5d89a538b, Nodes: e4227631-9ebf-4460-8078-a4dbf323e9d1{ip: 10.1.0.24, host: fv-az195-209.u3nnjwd0vyge1bu22idnsdeq2e.cx.internal.cloudapp.net, ports: [REPLICATION=36405, RATIS=43437, RATIS_ADMIN=43437, RATIS_SERVER=43437, STANDALONE=35663], networkLocation: /default-rack, certSerialId: null, persistedOpState: IN_SERVICE, persistedOpStateExpiryEpochSec: 0}, ReplicationConfig: RATIS/ONE, State:ALLOCATED, leaderId:e4227631-9ebf-4460-8078-a4dbf323e9d1, CreationTimestamp2022-03-01T14:08:12.337Z[Etc/UTC]] moved to OPEN state
2022-03-01 14:08:15,331 [pool-400-thread-1] INFO  ratis.ContainerStateMachine (ContainerStateMachine.java:loadSnapshot(236)) - group-ABD5D89A538B: The snapshot info is null. Setting the last applied indexto:(t:0, i:~)
2022-03-01 14:08:15,331 [pool-400-thread-1] INFO  server.RaftServerConfigKeys (ConfUtils.java:logGet(44)) - raft.server.notification.no-leader.timeout = 300s (custom)
2022-03-01 14:08:15,331 [f6b4a54d-6093-4c4c-9970-ea333dfe749a@group-C11D7991BD3D-StateMachineUpdater] INFO  safemode.HealthyPipelineSafeModeRule (HealthyPipelineSafeModeRule.java:initializeRule(152)) - Refreshed total pipeline count is 0, healthy pipeline threshold count is 1
2022-03-01 14:08:15,335 [pool-400-thread-1] INFO  server.RaftServerConfigKeys (ConfUtils.java:logGet(44)) - raft.server.log.use.memory = false (default)
2022-03-01 14:08:15,336 [pool-400-thread-1] INFO  server.RaftServerConfigKeys (ConfUtils.java:logGet(44)) - raft.server.log.purge.gap = 1000000 (custom)
2022-03-01 14:08:15,336 [pool-400-thread-1] INFO  server.RaftServerConfigKeys (ConfUtils.java:logGet(44)) - raft.server.log.appender.buffer.byte-limit = 33554432 (custom)
2022-03-01 14:08:15,336 [EventQueue-OpenPipelineForHealthyPipelineSafeModeRule] INFO  safemode.SCMSafeModeManager (HealthyPipelineSafeModeRule.java:process(124)) - SCM in safe mode. Healthy pipelines reported count is 0, required healthy pipeline reported count is 1
2022-03-01 14:08:15,336 [pool-400-thread-1] INFO  server.RaftServerConfigKeys (ConfUtils.java:logGet(44)) - raft.server.log.segment.size.max = 1048576 (custom)
2022-03-01 14:08:15,336 [pool-400-thread-1] INFO  server.RaftServerConfigKeys (ConfUtils.java:logGet(44)) - raft.server.log.segment.cache.num.max = 2 (custom)
2022-03-01 14:08:15,337 [pool-400-thread-1] INFO  server.RaftServerConfigKeys (ConfUtils.java:logGet(44)) - raft.server.log.segment.cache.size.max = 200MB (=209715200) (default)
2022-03-01 14:08:15,337 [pool-400-thread-1] INFO  segmented.SegmentedRaftLogWorker (SegmentedRaftLogWorker.java:<init>(182)) - new e4227631-9ebf-4460-8078-a4dbf323e9d1@group-ABD5D89A538B-SegmentedRaftLogWorker for RaftStorageImpl:Storage Directory /home/runner/work/ozone/ozone/hadoop-ozone/integration-test/target/test-dir/MiniOzoneClusterImpl-c3e143df-885d-4e44-9b94-c11d7991bd3d/datanode-1/data/ratis/82916ca1-ed3b-42bf-b2f8-abd5d89a538b
2022-03-01 14:08:15,337 [pool-400-thread-1] INFO  server.RaftServerConfigKeys (ConfUtils.java:logGet(44)) - raft.server.log.queue.byte-limit = 4294967296 (custom)
2022-03-01 14:08:15,337 [pool-400-thread-1] INFO  server.RaftServerConfigKeys (ConfUtils.java:logGet(44)) - raft.server.log.queue.element-limit = 1024 (custom)
2022-03-01 14:08:15,337 [pool-400-thread-1] INFO  server.RaftServerConfigKeys (ConfUtils.java:logGet(44)) - raft.server.log.segment.size.max = 1048576 (custom)
2022-03-01 14:08:15,337 [pool-400-thread-1] INFO  server.RaftServerConfigKeys (ConfUtils.java:logGet(44)) - raft.server.log.preallocated.size = 16384 (custom)
2022-03-01 14:08:15,337 [pool-400-thread-1] INFO  server.RaftServerConfigKeys (ConfUtils.java:logGet(44)) - raft.server.log.force.sync.num = 128 (default)
2022-03-01 14:08:15,337 [pool-400-thread-1] INFO  server.RaftServerConfigKeys (ConfUtils.java:logGet(44)) - raft.server.log.statemachine.data.sync = true (default)
2022-03-01 14:08:15,337 [pool-400-thread-1] INFO  server.RaftServerConfigKeys (ConfUtils.java:logGet(44)) - raft.server.log.statemachine.data.sync.timeout = 10s (default)
2022-03-01 14:08:15,337 [pool-400-thread-1] INFO  server.RaftServerConfigKeys (ConfUtils.java:logGet(44)) - raft.server.log.statemachine.data.sync.timeout.retry = -1 (default)
2022-03-01 14:08:15,338 [pool-400-thread-1] INFO  server.RaftServerConfigKeys (ConfUtils.java:logGet(44)) - raft.server.log.write.buffer.size = 1048576 (custom)
2022-03-01 14:08:15,342 [pool-400-thread-1] INFO  server.RaftServerConfigKeys (ConfUtils.java:logGet(44)) - raft.server.log.statemachine.data.caching.enabled = true (custom)
2022-03-01 14:08:15,349 [pool-400-thread-1] INFO  segmented.SegmentedRaftLogWorker (SegmentedRaftLogWorker.java:lambda$new$0(133)) - e4227631-9ebf-4460-8078-a4dbf323e9d1@group-ABD5D89A538B-SegmentedRaftLogWorker: flushIndex: setUnconditionally 0 -> -1
2022-03-01 14:08:15,349 [pool-400-thread-1] INFO  segmented.SegmentedRaftLogWorker (SegmentedRaftLogWorker.java:lambda$new$0(133)) - e4227631-9ebf-4460-8078-a4dbf323e9d1@group-ABD5D89A538B-SegmentedRaftLogWorker: safeCacheEvictIndex: setUnconditionally 0 -> -1
2022-03-01 14:08:15,355 [pool-400-thread-1] INFO  server.RaftServerConfigKeys (ConfUtils.java:logGet(44)) - raft.server.snapshot.auto.trigger.enabled = true (custom)
2022-03-01 14:08:15,355 [pool-400-thread-1] INFO  server.RaftServerConfigKeys (ConfUtils.java:logGet(44)) - raft.server.snapshot.auto.trigger.threshold = 10000 (custom)
2022-03-01 14:08:15,355 [pool-400-thread-1] INFO  server.RaftServerConfigKeys (ConfUtils.java:logGet(44)) - raft.server.snapshot.retention.file.num = 5 (custom)
2022-03-01 14:08:15,355 [pool-400-thread-1] INFO  server.RaftServerConfigKeys (ConfUtils.java:logGet(44)) - raft.server.log.purge.upto.snapshot.index = false (default)
2022-03-01 14:08:15,355 [pool-400-thread-1] INFO  server.RaftServerConfigKeys (ConfUtils.java:logGet(44)) - raft.server.retrycache.expirytime = 600000ms (custom)
2022-03-01 14:08:15,355 [pool-400-thread-1] INFO  server.RaftServerConfigKeys (ConfUtils.java:logGet(44)) - raft.server.retrycache.statistics.expirytime = 100μs (default)
2022-03-01 14:08:15,357 [pool-400-thread-1] INFO  server.RaftServer$Division (RaftServerImpl.java:start(301)) - e4227631-9ebf-4460-8078-a4dbf323e9d1@group-ABD5D89A538B: start as a follower, conf=-1: [e4227631-9ebf-4460-8078-a4dbf323e9d1|rpc:10.1.0.24:43437|priority:1], old=null
2022-03-01 14:08:15,357 [pool-400-thread-1] INFO  server.RaftServer$Division (RaftServerImpl.java:setRole(290)) - e4227631-9ebf-4460-8078-a4dbf323e9d1@group-ABD5D89A538B: changes role from      null to FOLLOWER at term 0 for startAsFollower
2022-03-01 14:08:15,357 [pool-400-thread-1] INFO  impl.RoleInfo (RoleInfo.java:updateAndGet(130)) - e4227631-9ebf-4460-8078-a4dbf323e9d1: start e4227631-9ebf-4460-8078-a4dbf323e9d1@group-ABD5D89A538B-FollowerState
2022-03-01 14:08:15,367 [pool-400-thread-1] INFO  util.JmxRegister (JmxRegister.java:tryRegister(44)) - Successfully registered JMX Bean with object name Ratis:service=RaftServer,group=group-ABD5D89A538B,id=e4227631-9ebf-4460-8078-a4dbf323e9d1
2022-03-01 14:08:15,386 [Command processor thread] INFO  ratis.XceiverServerRatis (XceiverServerRatis.java:addGroup(769)) - Created group PipelineID=82916ca1-ed3b-42bf-b2f8-abd5d89a538b
2022-03-01 14:08:15,386 [Command processor thread] INFO  commandhandler.CreatePipelineCommandHandler (CreatePipelineCommandHandler.java:handle(106)) - Created Pipeline RATIS ONE PipelineID=82916ca1-ed3b-42bf-b2f8-abd5d89a538b.
2022-03-01 14:08:15,821 [Listener at 127.0.0.1/40229] INFO  ozone.MiniOzoneClusterImpl (MiniOzoneClusterImpl.java:lambda$waitForClusterToBeReady$0(219)) - Nodes are ready. Got 3 of 3 DN Heartbeats.
2022-03-01 14:08:15,821 [Listener at 127.0.0.1/40229] INFO  ozone.MiniOzoneClusterImpl (MiniOzoneClusterImpl.java:lambda$waitForClusterToBeReady$0(222)) - Waiting for cluster to exit safe mode
2022-03-01 14:08:15,821 [Listener at 127.0.0.1/40229] INFO  ozone.MiniOzoneClusterImpl (MiniOzoneClusterImpl.java:lambda$waitForClusterToBeReady$0(224)) - SCM became leader
2022-03-01 14:08:15,883 [Command processor thread] INFO  server.RaftServer (RaftServerProxy.java:addNew(95)) - ffb50977-138e-42ec-9f6c-2fee95879726: addNew group-30B3DF7994D3:[ffb50977-138e-42ec-9f6c-2fee95879726|rpc:10.1.0.24:43185|priority:1] returns group-30B3DF7994D3:java.util.concurrent.CompletableFuture@3fefa7d9[Not completed]
2022-03-01 14:08:15,884 [pool-421-thread-1] INFO  server.RaftServer$Division (RaftServerImpl.java:<init>(184)) - ffb50977-138e-42ec-9f6c-2fee95879726: new RaftServerImpl for group-30B3DF7994D3:[ffb50977-138e-42ec-9f6c-2fee95879726|rpc:10.1.0.24:43185|priority:1] with ContainerStateMachine:uninitialized
2022-03-01 14:08:15,884 [pool-421-thread-1] INFO  server.RaftServerConfigKeys (ConfUtils.java:logGet(44)) - raft.server.rpc.timeout.min = 5s (custom)
2022-03-01 14:08:15,884 [pool-421-thread-1] INFO  server.RaftServerConfigKeys (ConfUtils.java:logGet(44)) - raft.server.rpc.timeout.max = 5200ms (custom)
2022-03-01 14:08:15,884 [pool-421-thread-1] INFO  server.RaftServerConfigKeys (ConfUtils.java:logGet(44)) - raft.server.rpc.sleep.time = 25ms (default)
2022-03-01 14:08:15,884 [pool-421-thread-1] INFO  server.RaftServerConfigKeys (ConfUtils.java:logGet(44)) - raft.server.rpc.slowness.timeout = 300s (custom)
2022-03-01 14:08:15,884 [pool-421-thread-1] INFO  server.RaftServerConfigKeys (ConfUtils.java:logGet(44)) - raft.server.leaderelection.leader.step-down.wait-time = 10s (default)
2022-03-01 14:08:15,884 [pool-421-thread-1] INFO  server.RaftServerConfigKeys (ConfUtils.java:logGet(44)) - raft.server.sleep.deviation.threshold = 300ms (default)
2022-03-01 14:08:15,884 [pool-421-thread-1] INFO  server.RaftServerConfigKeys (ConfUtils.java:logGet(44)) - raft.server.log.appender.install.snapshot.enabled = false (custom)
2022-03-01 14:08:15,884 [pool-421-thread-1] INFO  server.RaftServer$Division (ServerState.java:<init>(105)) - ffb50977-138e-42ec-9f6c-2fee95879726@group-30B3DF7994D3: ConfigurationManager, init=-1: [ffb50977-138e-42ec-9f6c-2fee95879726|rpc:10.1.0.24:43185|priority:1], old=null, confs=<EMPTY_MAP>
2022-03-01 14:08:15,884 [pool-421-thread-1] INFO  server.RaftServerConfigKeys (ConfUtils.java:logGet(44)) - raft.server.storage.dir = [/home/runner/work/ozone/ozone/hadoop-ozone/integration-test/target/test-dir/MiniOzoneClusterImpl-c3e143df-885d-4e44-9b94-c11d7991bd3d/datanode-2/data/ratis] (custom)
2022-03-01 14:08:15,885 [pool-421-thread-1] INFO  server.RaftServerConfigKeys (ConfUtils.java:logGet(44)) - raft.server.log.corruption.policy = EXCEPTION (default)
2022-03-01 14:08:15,885 [pool-421-thread-1] INFO  server.RaftServerConfigKeys (ConfUtils.java:logGet(44)) - raft.server.storage.free-space.min = 0MB (=0) (default)
2022-03-01 14:08:15,885 [pool-421-thread-1] INFO  storage.RaftStorageDirectory (RaftStorageDirectoryImpl.java:analyzeStorage(135)) - The storage directory /home/runner/work/ozone/ozone/hadoop-ozone/integration-test/target/test-dir/MiniOzoneClusterImpl-c3e143df-885d-4e44-9b94-c11d7991bd3d/datanode-2/data/ratis/3d112f09-99a5-4541-ae20-30b3df7994d3 does not exist. Creating ...
2022-03-01 14:08:15,886 [pool-421-thread-1] INFO  storage.RaftStorageDirectory (RaftStorageDirectoryImpl.java:tryLock(230)) - Lock on /home/runner/work/ozone/ozone/hadoop-ozone/integration-test/target/test-dir/MiniOzoneClusterImpl-c3e143df-885d-4e44-9b94-c11d7991bd3d/datanode-2/data/ratis/3d112f09-99a5-4541-ae20-30b3df7994d3/in_use.lock acquired by nodename 10349@fv-az195-209
2022-03-01 14:08:15,888 [pool-421-thread-1] INFO  storage.RaftStorage (RaftStorageImpl.java:format(89)) - Storage directory /home/runner/work/ozone/ozone/hadoop-ozone/integration-test/target/test-dir/MiniOzoneClusterImpl-c3e143df-885d-4e44-9b94-c11d7991bd3d/datanode-2/data/ratis/3d112f09-99a5-4541-ae20-30b3df7994d3 has been successfully formatted.
2022-03-01 14:08:15,888 [pool-421-thread-1] INFO  ratis.ContainerStateMachine (ContainerStateMachine.java:loadSnapshot(236)) - group-30B3DF7994D3: The snapshot info is null. Setting the last applied indexto:(t:0, i:~)
2022-03-01 14:08:15,891 [pool-421-thread-1] INFO  server.RaftServerConfigKeys (ConfUtils.java:logGet(44)) - raft.server.notification.no-leader.timeout = 300s (custom)
2022-03-01 14:08:15,891 [pool-421-thread-1] INFO  server.RaftServerConfigKeys (ConfUtils.java:logGet(44)) - raft.server.log.use.memory = false (default)
2022-03-01 14:08:15,891 [pool-421-thread-1] INFO  server.RaftServerConfigKeys (ConfUtils.java:logGet(44)) - raft.server.log.purge.gap = 1000000 (custom)
2022-03-01 14:08:15,891 [pool-421-thread-1] INFO  server.RaftServerConfigKeys (ConfUtils.java:logGet(44)) - raft.server.log.appender.buffer.byte-limit = 33554432 (custom)
2022-03-01 14:08:15,890 [EventQueue-PipelineReportForPipelineReportHandler] INFO  pipeline.PipelineManagerImpl (PipelineManagerImpl.java:openPipeline(291)) - Pipeline Pipeline[ Id: 3d112f09-99a5-4541-ae20-30b3df7994d3, Nodes: ffb50977-138e-42ec-9f6c-2fee95879726{ip: 10.1.0.24, host: fv-az195-209.u3nnjwd0vyge1bu22idnsdeq2e.cx.internal.cloudapp.net, ports: [REPLICATION=46599, RATIS=43185, RATIS_ADMIN=43185, RATIS_SERVER=43185, STANDALONE=39983], networkLocation: /default-rack, certSerialId: null, persistedOpState: IN_SERVICE, persistedOpStateExpiryEpochSec: 0}, ReplicationConfig: RATIS/ONE, State:ALLOCATED, leaderId:ffb50977-138e-42ec-9f6c-2fee95879726, CreationTimestamp2022-03-01T14:08:12.890Z[Etc/UTC]] moved to OPEN state
2022-03-01 14:08:15,893 [f6b4a54d-6093-4c4c-9970-ea333dfe749a@group-C11D7991BD3D-StateMachineUpdater] INFO  safemode.HealthyPipelineSafeModeRule (HealthyPipelineSafeModeRule.java:initializeRule(152)) - Refreshed total pipeline count is 0, healthy pipeline threshold count is 1
2022-03-01 14:08:15,894 [EventQueue-OpenPipelineForHealthyPipelineSafeModeRule] INFO  safemode.SCMSafeModeManager (HealthyPipelineSafeModeRule.java:process(124)) - SCM in safe mode. Healthy pipelines reported count is 0, required healthy pipeline reported count is 1
2022-03-01 14:08:15,894 [pool-421-thread-1] INFO  server.RaftServerConfigKeys (ConfUtils.java:logGet(44)) - raft.server.log.segment.size.max = 1048576 (custom)
2022-03-01 14:08:15,894 [pool-421-thread-1] INFO  server.RaftServerConfigKeys (ConfUtils.java:logGet(44)) - raft.server.log.segment.cache.num.max = 2 (custom)
2022-03-01 14:08:15,894 [pool-421-thread-1] INFO  server.RaftServerConfigKeys (ConfUtils.java:logGet(44)) - raft.server.log.segment.cache.size.max = 200MB (=209715200) (default)
2022-03-01 14:08:15,894 [pool-421-thread-1] INFO  segmented.SegmentedRaftLogWorker (SegmentedRaftLogWorker.java:<init>(182)) - new ffb50977-138e-42ec-9f6c-2fee95879726@group-30B3DF7994D3-SegmentedRaftLogWorker for RaftStorageImpl:Storage Directory /home/runner/work/ozone/ozone/hadoop-ozone/integration-test/target/test-dir/MiniOzoneClusterImpl-c3e143df-885d-4e44-9b94-c11d7991bd3d/datanode-2/data/ratis/3d112f09-99a5-4541-ae20-30b3df7994d3
2022-03-01 14:08:15,894 [pool-421-thread-1] INFO  server.RaftServerConfigKeys (ConfUtils.java:logGet(44)) - raft.server.log.queue.byte-limit = 4294967296 (custom)
2022-03-01 14:08:15,894 [pool-421-thread-1] INFO  server.RaftServerConfigKeys (ConfUtils.java:logGet(44)) - raft.server.log.queue.element-limit = 1024 (custom)
2022-03-01 14:08:15,894 [pool-421-thread-1] INFO  server.RaftServerConfigKeys (ConfUtils.java:logGet(44)) - raft.server.log.segment.size.max = 1048576 (custom)
2022-03-01 14:08:15,895 [pool-421-thread-1] INFO  server.RaftServerConfigKeys (ConfUtils.java:logGet(44)) - raft.server.log.preallocated.size = 16384 (custom)
2022-03-01 14:08:15,895 [pool-421-thread-1] INFO  server.RaftServerConfigKeys (ConfUtils.java:logGet(44)) - raft.server.log.force.sync.num = 128 (default)
2022-03-01 14:08:15,895 [pool-421-thread-1] INFO  server.RaftServerConfigKeys (ConfUtils.java:logGet(44)) - raft.server.log.statemachine.data.sync = true (default)
2022-03-01 14:08:15,895 [pool-421-thread-1] INFO  server.RaftServerConfigKeys (ConfUtils.java:logGet(44)) - raft.server.log.statemachine.data.sync.timeout = 10s (default)
2022-03-01 14:08:15,895 [pool-421-thread-1] INFO  server.RaftServerConfigKeys (ConfUtils.java:logGet(44)) - raft.server.log.statemachine.data.sync.timeout.retry = -1 (default)
2022-03-01 14:08:15,895 [pool-421-thread-1] INFO  server.RaftServerConfigKeys (ConfUtils.java:logGet(44)) - raft.server.log.write.buffer.size = 1048576 (custom)
2022-03-01 14:08:15,896 [pool-421-thread-1] INFO  server.RaftServerConfigKeys (ConfUtils.java:logGet(44)) - raft.server.log.statemachine.data.caching.enabled = true (custom)
2022-03-01 14:08:15,896 [pool-421-thread-1] INFO  segmented.SegmentedRaftLogWorker (SegmentedRaftLogWorker.java:lambda$new$0(133)) - ffb50977-138e-42ec-9f6c-2fee95879726@group-30B3DF7994D3-SegmentedRaftLogWorker: flushIndex: setUnconditionally 0 -> -1
2022-03-01 14:08:15,896 [pool-421-thread-1] INFO  segmented.SegmentedRaftLogWorker (SegmentedRaftLogWorker.java:lambda$new$0(133)) - ffb50977-138e-42ec-9f6c-2fee95879726@group-30B3DF7994D3-SegmentedRaftLogWorker: safeCacheEvictIndex: setUnconditionally 0 -> -1
2022-03-01 14:08:15,904 [pool-421-thread-1] INFO  server.RaftServerConfigKeys (ConfUtils.java:logGet(44)) - raft.server.snapshot.auto.trigger.enabled = true (custom)
2022-03-01 14:08:15,904 [pool-421-thread-1] INFO  server.RaftServerConfigKeys (ConfUtils.java:logGet(44)) - raft.server.snapshot.auto.trigger.threshold = 10000 (custom)
2022-03-01 14:08:15,904 [pool-421-thread-1] INFO  server.RaftServerConfigKeys (ConfUtils.java:logGet(44)) - raft.server.snapshot.retention.file.num = 5 (custom)
2022-03-01 14:08:15,904 [pool-421-thread-1] INFO  server.RaftServerConfigKeys (ConfUtils.java:logGet(44)) - raft.server.log.purge.upto.snapshot.index = false (default)
2022-03-01 14:08:15,904 [pool-421-thread-1] INFO  server.RaftServerConfigKeys (ConfUtils.java:logGet(44)) - raft.server.retrycache.expirytime = 600000ms (custom)
2022-03-01 14:08:15,904 [pool-421-thread-1] INFO  server.RaftServerConfigKeys (ConfUtils.java:logGet(44)) - raft.server.retrycache.statistics.expirytime = 100μs (default)
2022-03-01 14:08:15,905 [pool-421-thread-1] INFO  server.RaftServer$Division (RaftServerImpl.java:start(301)) - ffb50977-138e-42ec-9f6c-2fee95879726@group-30B3DF7994D3: start as a follower, conf=-1: [ffb50977-138e-42ec-9f6c-2fee95879726|rpc:10.1.0.24:43185|priority:1], old=null
2022-03-01 14:08:15,905 [pool-421-thread-1] INFO  server.RaftServer$Division (RaftServerImpl.java:setRole(290)) - ffb50977-138e-42ec-9f6c-2fee95879726@group-30B3DF7994D3: changes role from      null to FOLLOWER at term 0 for startAsFollower
2022-03-01 14:08:15,905 [pool-421-thread-1] INFO  impl.RoleInfo (RoleInfo.java:updateAndGet(130)) - ffb50977-138e-42ec-9f6c-2fee95879726: start ffb50977-138e-42ec-9f6c-2fee95879726@group-30B3DF7994D3-FollowerState
2022-03-01 14:08:15,927 [pool-421-thread-1] INFO  util.JmxRegister (JmxRegister.java:tryRegister(44)) - Successfully registered JMX Bean with object name Ratis:service=RaftServer,group=group-30B3DF7994D3,id=ffb50977-138e-42ec-9f6c-2fee95879726
2022-03-01 14:08:15,928 [Command processor thread] INFO  ratis.XceiverServerRatis (XceiverServerRatis.java:addGroup(769)) - Created group PipelineID=3d112f09-99a5-4541-ae20-30b3df7994d3
2022-03-01 14:08:15,928 [Command processor thread] INFO  commandhandler.CreatePipelineCommandHandler (CreatePipelineCommandHandler.java:handle(106)) - Created Pipeline RATIS ONE PipelineID=3d112f09-99a5-4541-ae20-30b3df7994d3.
2022-03-01 14:08:16,822 [Listener at 127.0.0.1/40229] INFO  ozone.MiniOzoneClusterImpl (MiniOzoneClusterImpl.java:lambda$waitForClusterToBeReady$0(219)) - Nodes are ready. Got 3 of 3 DN Heartbeats.
2022-03-01 14:08:16,822 [Listener at 127.0.0.1/40229] INFO  ozone.MiniOzoneClusterImpl (MiniOzoneClusterImpl.java:lambda$waitForClusterToBeReady$0(222)) - Waiting for cluster to exit safe mode
2022-03-01 14:08:16,822 [Listener at 127.0.0.1/40229] INFO  ozone.MiniOzoneClusterImpl (MiniOzoneClusterImpl.java:lambda$waitForClusterToBeReady$0(224)) - SCM became leader
2022-03-01 14:08:17,822 [Listener at 127.0.0.1/40229] INFO  ozone.MiniOzoneClusterImpl (MiniOzoneClusterImpl.java:lambda$waitForClusterToBeReady$0(219)) - Nodes are ready. Got 3 of 3 DN Heartbeats.
2022-03-01 14:08:17,823 [Listener at 127.0.0.1/40229] INFO  ozone.MiniOzoneClusterImpl (MiniOzoneClusterImpl.java:lambda$waitForClusterToBeReady$0(222)) - Waiting for cluster to exit safe mode
2022-03-01 14:08:17,823 [Listener at 127.0.0.1/40229] INFO  ozone.MiniOzoneClusterImpl (MiniOzoneClusterImpl.java:lambda$waitForClusterToBeReady$0(224)) - SCM became leader
2022-03-01 14:08:18,823 [Listener at 127.0.0.1/40229] INFO  ozone.MiniOzoneClusterImpl (MiniOzoneClusterImpl.java:lambda$waitForClusterToBeReady$0(219)) - Nodes are ready. Got 3 of 3 DN Heartbeats.
2022-03-01 14:08:18,823 [Listener at 127.0.0.1/40229] INFO  ozone.MiniOzoneClusterImpl (MiniOzoneClusterImpl.java:lambda$waitForClusterToBeReady$0(222)) - Waiting for cluster to exit safe mode
2022-03-01 14:08:18,823 [Listener at 127.0.0.1/40229] INFO  ozone.MiniOzoneClusterImpl (MiniOzoneClusterImpl.java:lambda$waitForClusterToBeReady$0(224)) - SCM became leader
2022-03-01 14:08:19,768 [62ad9cdf-96ac-404e-9c91-d824a9b2a1ad@group-F8FC74EB8EE2-FollowerState] INFO  impl.FollowerState (FollowerState.java:run(134)) - 62ad9cdf-96ac-404e-9c91-d824a9b2a1ad@group-F8FC74EB8EE2-FollowerState: change to CANDIDATE, lastRpcElapsedTime:5049060053ns, electionTimeout:5048ms
2022-03-01 14:08:19,768 [62ad9cdf-96ac-404e-9c91-d824a9b2a1ad@group-F8FC74EB8EE2-FollowerState] INFO  impl.RoleInfo (RoleInfo.java:shutdownFollowerState(108)) - 62ad9cdf-96ac-404e-9c91-d824a9b2a1ad: shutdown 62ad9cdf-96ac-404e-9c91-d824a9b2a1ad@group-F8FC74EB8EE2-FollowerState
2022-03-01 14:08:19,768 [62ad9cdf-96ac-404e-9c91-d824a9b2a1ad@group-F8FC74EB8EE2-FollowerState] INFO  server.RaftServer$Division (RaftServerImpl.java:setRole(290)) - 62ad9cdf-96ac-404e-9c91-d824a9b2a1ad@group-F8FC74EB8EE2: changes role from  FOLLOWER to CANDIDATE at term 0 for changeToCandidate
2022-03-01 14:08:19,768 [62ad9cdf-96ac-404e-9c91-d824a9b2a1ad@group-F8FC74EB8EE2-FollowerState] INFO  server.RaftServerConfigKeys (ConfUtils.java:logGet(44)) - raft.server.leaderelection.pre-vote = false (custom)
2022-03-01 14:08:19,768 [62ad9cdf-96ac-404e-9c91-d824a9b2a1ad@group-F8FC74EB8EE2-FollowerState] INFO  impl.RoleInfo (RoleInfo.java:updateAndGet(130)) - 62ad9cdf-96ac-404e-9c91-d824a9b2a1ad: start 62ad9cdf-96ac-404e-9c91-d824a9b2a1ad@group-F8FC74EB8EE2-LeaderElection35
2022-03-01 14:08:19,801 [62ad9cdf-96ac-404e-9c91-d824a9b2a1ad@group-F8FC74EB8EE2-LeaderElection35] INFO  impl.LeaderElection (LeaderElection.java:askForVotes(306)) - 62ad9cdf-96ac-404e-9c91-d824a9b2a1ad@group-F8FC74EB8EE2-LeaderElection35 ELECTION round 0: submit vote requests at term 1 for -1: [62ad9cdf-96ac-404e-9c91-d824a9b2a1ad|rpc:10.1.0.24:37449|priority:1], old=null
2022-03-01 14:08:19,801 [62ad9cdf-96ac-404e-9c91-d824a9b2a1ad@group-F8FC74EB8EE2-LeaderElection35] INFO  impl.LeaderElection (LeaderElection.java:askForVotes(308)) - 62ad9cdf-96ac-404e-9c91-d824a9b2a1ad@group-F8FC74EB8EE2-LeaderElection35 ELECTION round 0: result PASSED (term=1)
2022-03-01 14:08:19,801 [62ad9cdf-96ac-404e-9c91-d824a9b2a1ad@group-F8FC74EB8EE2-LeaderElection35] INFO  impl.RoleInfo (RoleInfo.java:shutdownLeaderElection(121)) - 62ad9cdf-96ac-404e-9c91-d824a9b2a1ad: shutdown 62ad9cdf-96ac-404e-9c91-d824a9b2a1ad@group-F8FC74EB8EE2-LeaderElection35
2022-03-01 14:08:19,801 [62ad9cdf-96ac-404e-9c91-d824a9b2a1ad@group-F8FC74EB8EE2-LeaderElection35] INFO  server.RaftServer$Division (RaftServerImpl.java:setRole(290)) - 62ad9cdf-96ac-404e-9c91-d824a9b2a1ad@group-F8FC74EB8EE2: changes role from CANDIDATE to LEADER at term 1 for changeToLeader
2022-03-01 14:08:19,801 [62ad9cdf-96ac-404e-9c91-d824a9b2a1ad@group-F8FC74EB8EE2-LeaderElection35] INFO  ratis.XceiverServerRatis (XceiverServerRatis.java:handleLeaderChangedNotification(867)) - Leader change notification received for group: group-F8FC74EB8EE2 with new leaderId: 62ad9cdf-96ac-404e-9c91-d824a9b2a1ad
2022-03-01 14:08:19,801 [62ad9cdf-96ac-404e-9c91-d824a9b2a1ad@group-F8FC74EB8EE2-LeaderElection35] INFO  server.RaftServer$Division (ServerState.java:setLeader(285)) - 62ad9cdf-96ac-404e-9c91-d824a9b2a1ad@group-F8FC74EB8EE2: change Leader from null to 62ad9cdf-96ac-404e-9c91-d824a9b2a1ad at term 1 for becomeLeader, leader elected after 5131ms
2022-03-01 14:08:19,801 [62ad9cdf-96ac-404e-9c91-d824a9b2a1ad@group-F8FC74EB8EE2-LeaderElection35] INFO  server.RaftServerConfigKeys (ConfUtils.java:logGet(44)) - raft.server.staging.catchup.gap = 1000 (default)
2022-03-01 14:08:19,801 [62ad9cdf-96ac-404e-9c91-d824a9b2a1ad@group-F8FC74EB8EE2-LeaderElection35] INFO  server.RaftServerConfigKeys (ConfUtils.java:logGet(44)) - raft.server.write.element-limit = 1024 (custom)
2022-03-01 14:08:19,801 [62ad9cdf-96ac-404e-9c91-d824a9b2a1ad@group-F8FC74EB8EE2-LeaderElection35] INFO  server.RaftServerConfigKeys (ConfUtils.java:logGet(44)) - raft.server.write.byte-limit = 1024 M (=1073741824) (custom)
2022-03-01 14:08:19,802 [62ad9cdf-96ac-404e-9c91-d824a9b2a1ad@group-F8FC74EB8EE2-LeaderElection35] INFO  server.RaftServerConfigKeys (ConfUtils.java:logGet(44)) - raft.server.watch.timeout = 180s (custom)
2022-03-01 14:08:19,802 [62ad9cdf-96ac-404e-9c91-d824a9b2a1ad@group-F8FC74EB8EE2-LeaderElection35] INFO  server.RaftServerConfigKeys (ConfUtils.java:logGet(44)) - raft.server.watch.timeout.denomination = 1s (default)
2022-03-01 14:08:19,802 [62ad9cdf-96ac-404e-9c91-d824a9b2a1ad@group-F8FC74EB8EE2-LeaderElection35] INFO  server.RaftServerConfigKeys (ConfUtils.java:logGet(44)) - raft.server.watch.element-limit = 65536 (default)
2022-03-01 14:08:19,802 [62ad9cdf-96ac-404e-9c91-d824a9b2a1ad@group-F8FC74EB8EE2-LeaderElection35] INFO  server.RaftServerConfigKeys (ConfUtils.java:logGet(44)) - raft.server.write.element-limit = 1024 (custom)
2022-03-01 14:08:19,802 [62ad9cdf-96ac-404e-9c91-d824a9b2a1ad@group-F8FC74EB8EE2-LeaderElection35] INFO  server.RaftServerConfigKeys (ConfUtils.java:logGet(44)) - raft.server.write.follower.gap.ratio.max = -1.0 (default)
2022-03-01 14:08:19,802 [62ad9cdf-96ac-404e-9c91-d824a9b2a1ad@group-F8FC74EB8EE2-LeaderElection35] INFO  impl.RoleInfo (RoleInfo.java:updateAndGet(130)) - 62ad9cdf-96ac-404e-9c91-d824a9b2a1ad: start 62ad9cdf-96ac-404e-9c91-d824a9b2a1ad@group-F8FC74EB8EE2-LeaderStateImpl
2022-03-01 14:08:19,802 [62ad9cdf-96ac-404e-9c91-d824a9b2a1ad@group-F8FC74EB8EE2-LeaderElection35] INFO  segmented.SegmentedRaftLogWorker (SegmentedRaftLogWorker.java:startLogSegment(394)) - 62ad9cdf-96ac-404e-9c91-d824a9b2a1ad@group-F8FC74EB8EE2-SegmentedRaftLogWorker: Starting segment from index:0
2022-03-01 14:08:19,805 [EventQueue-OpenPipelineForHealthyPipelineSafeModeRule] INFO  safemode.SCMSafeModeManager (HealthyPipelineSafeModeRule.java:process(124)) - SCM in safe mode. Healthy pipelines reported count is 0, required healthy pipeline reported count is 1
2022-03-01 14:08:19,805 [62ad9cdf-96ac-404e-9c91-d824a9b2a1ad@group-F8FC74EB8EE2-SegmentedRaftLogWorker] INFO  segmented.SegmentedRaftLogWorker (SegmentedRaftLogWorker.java:execute(601)) - 62ad9cdf-96ac-404e-9c91-d824a9b2a1ad@group-F8FC74EB8EE2-SegmentedRaftLogWorker: created new log segment /home/runner/work/ozone/ozone/hadoop-ozone/integration-test/target/test-dir/MiniOzoneClusterImpl-c3e143df-885d-4e44-9b94-c11d7991bd3d/datanode-0/data/ratis/aa95a6de-2fbb-4e16-a7df-f8fc74eb8ee2/current/log_inprogress_0
2022-03-01 14:08:19,824 [Listener at 127.0.0.1/40229] INFO  ozone.MiniOzoneClusterImpl (MiniOzoneClusterImpl.java:lambda$waitForClusterToBeReady$0(219)) - Nodes are ready. Got 3 of 3 DN Heartbeats.
2022-03-01 14:08:19,824 [Listener at 127.0.0.1/40229] INFO  ozone.MiniOzoneClusterImpl (MiniOzoneClusterImpl.java:lambda$waitForClusterToBeReady$0(222)) - Waiting for cluster to exit safe mode
2022-03-01 14:08:19,824 [Listener at 127.0.0.1/40229] INFO  ozone.MiniOzoneClusterImpl (MiniOzoneClusterImpl.java:lambda$waitForClusterToBeReady$0(224)) - SCM became leader
2022-03-01 14:08:19,834 [62ad9cdf-96ac-404e-9c91-d824a9b2a1ad@group-F8FC74EB8EE2-LeaderElection35] INFO  server.RaftServer$Division (ServerState.java:setRaftConf(387)) - 62ad9cdf-96ac-404e-9c91-d824a9b2a1ad@group-F8FC74EB8EE2: set configuration 0: [62ad9cdf-96ac-404e-9c91-d824a9b2a1ad|rpc:10.1.0.24:37449|dataStream:|priority:1], old=null
2022-03-01 14:08:19,847 [62ad9cdf-96ac-404e-9c91-d824a9b2a1ad@group-598D80EA352E-FollowerState] INFO  impl.FollowerState (FollowerState.java:run(134)) - 62ad9cdf-96ac-404e-9c91-d824a9b2a1ad@group-598D80EA352E-FollowerState: change to CANDIDATE, lastRpcElapsedTime:5085039073ns, electionTimeout:5084ms
2022-03-01 14:08:19,847 [62ad9cdf-96ac-404e-9c91-d824a9b2a1ad@group-598D80EA352E-FollowerState] INFO  impl.RoleInfo (RoleInfo.java:shutdownFollowerState(108)) - 62ad9cdf-96ac-404e-9c91-d824a9b2a1ad: shutdown 62ad9cdf-96ac-404e-9c91-d824a9b2a1ad@group-598D80EA352E-FollowerState
2022-03-01 14:08:19,847 [62ad9cdf-96ac-404e-9c91-d824a9b2a1ad@group-598D80EA352E-FollowerState] INFO  server.RaftServer$Division (RaftServerImpl.java:setRole(290)) - 62ad9cdf-96ac-404e-9c91-d824a9b2a1ad@group-598D80EA352E: changes role from  FOLLOWER to CANDIDATE at term 0 for changeToCandidate
2022-03-01 14:08:19,847 [62ad9cdf-96ac-404e-9c91-d824a9b2a1ad@group-598D80EA352E-FollowerState] INFO  server.RaftServerConfigKeys (ConfUtils.java:logGet(44)) - raft.server.leaderelection.pre-vote = false (custom)
2022-03-01 14:08:19,847 [62ad9cdf-96ac-404e-9c91-d824a9b2a1ad@group-598D80EA352E-FollowerState] INFO  impl.RoleInfo (RoleInfo.java:updateAndGet(130)) - 62ad9cdf-96ac-404e-9c91-d824a9b2a1ad: start 62ad9cdf-96ac-404e-9c91-d824a9b2a1ad@group-598D80EA352E-LeaderElection36
2022-03-01 14:08:19,911 [62ad9cdf-96ac-404e-9c91-d824a9b2a1ad@group-598D80EA352E-LeaderElection36] INFO  impl.LeaderElection (LeaderElection.java:askForVotes(306)) - 62ad9cdf-96ac-404e-9c91-d824a9b2a1ad@group-598D80EA352E-LeaderElection36 ELECTION round 0: submit vote requests at term 1 for -1: [ffb50977-138e-42ec-9f6c-2fee95879726|rpc:10.1.0.24:43185|priority:1, e4227631-9ebf-4460-8078-a4dbf323e9d1|rpc:10.1.0.24:43437|priority:0, 62ad9cdf-96ac-404e-9c91-d824a9b2a1ad|rpc:10.1.0.24:37449|priority:0], old=null
2022-03-01 14:08:19,934 [grpc-default-executor-0] INFO  server.RaftServer$Division (RaftServerImpl.java:requestVote(1046)) - ffb50977-138e-42ec-9f6c-2fee95879726@group-598D80EA352E: receive requestVote(ELECTION, 62ad9cdf-96ac-404e-9c91-d824a9b2a1ad, group-598D80EA352E, 1, (t:0, i:0))
2022-03-01 14:08:19,934 [grpc-default-executor-0] INFO  impl.VoteContext (VoteContext.java:log(48)) - ffb50977-138e-42ec-9f6c-2fee95879726@group-598D80EA352E-FOLLOWER: reject ELECTION from 62ad9cdf-96ac-404e-9c91-d824a9b2a1ad: our priority 1 > candidate's priority 0
2022-03-01 14:08:19,934 [grpc-default-executor-0] INFO  server.RaftServer$Division (RaftServerImpl.java:setRole(290)) - ffb50977-138e-42ec-9f6c-2fee95879726@group-598D80EA352E: changes role from  FOLLOWER to FOLLOWER at term 1 for candidate:62ad9cdf-96ac-404e-9c91-d824a9b2a1ad
2022-03-01 14:08:19,934 [grpc-default-executor-0] INFO  impl.RoleInfo (RoleInfo.java:shutdownFollowerState(108)) - ffb50977-138e-42ec-9f6c-2fee95879726: shutdown ffb50977-138e-42ec-9f6c-2fee95879726@group-598D80EA352E-FollowerState
2022-03-01 14:08:19,934 [grpc-default-executor-0] INFO  impl.RoleInfo (RoleInfo.java:updateAndGet(130)) - ffb50977-138e-42ec-9f6c-2fee95879726: start ffb50977-138e-42ec-9f6c-2fee95879726@group-598D80EA352E-FollowerState
2022-03-01 14:08:19,935 [ffb50977-138e-42ec-9f6c-2fee95879726@group-598D80EA352E-FollowerState] INFO  impl.FollowerState (FollowerState.java:run(143)) - ffb50977-138e-42ec-9f6c-2fee95879726@group-598D80EA352E-FollowerState was interrupted: {}
java.lang.InterruptedException: sleep interrupted
	at java.lang.Thread.sleep(Native Method)
	at java.lang.Thread.sleep(Thread.java:342)
	at java.util.concurrent.TimeUnit.sleep(TimeUnit.java:386)
	at org.apache.ratis.util.TimeDuration.sleep(TimeDuration.java:324)
	at org.apache.ratis.util.TimeDuration.sleep(TimeDuration.java:309)
	at org.apache.ratis.server.impl.FollowerState.run(FollowerState.java:118)
2022-03-01 14:08:19,938 [grpc-default-executor-0] INFO  server.RaftServer$Division (RaftServerImpl.java:requestVote(1078)) - ffb50977-138e-42ec-9f6c-2fee95879726@group-598D80EA352E replies to ELECTION vote request: 62ad9cdf-96ac-404e-9c91-d824a9b2a1ad<-ffb50977-138e-42ec-9f6c-2fee95879726#0:FAIL-t1. Peer's state: ffb50977-138e-42ec-9f6c-2fee95879726@group-598D80EA352E:t1, leader=null, voted=null, raftlog=ffb50977-138e-42ec-9f6c-2fee95879726@group-598D80EA352E-SegmentedRaftLog:OPENED:c-1, conf=-1: [ffb50977-138e-42ec-9f6c-2fee95879726|rpc:10.1.0.24:43185|dataStream:|priority:1, e4227631-9ebf-4460-8078-a4dbf323e9d1|rpc:10.1.0.24:43437|dataStream:|priority:0, 62ad9cdf-96ac-404e-9c91-d824a9b2a1ad|rpc:10.1.0.24:37449|dataStream:|priority:0], old=null
2022-03-01 14:08:19,965 [62ad9cdf-96ac-404e-9c91-d824a9b2a1ad@group-598D80EA352E-LeaderElection36] INFO  impl.LeaderElection (LeaderElection.java:logAndReturn(89)) - 62ad9cdf-96ac-404e-9c91-d824a9b2a1ad@group-598D80EA352E-LeaderElection36: ELECTION REJECTED received 1 response(s) and 0 exception(s):
2022-03-01 14:08:19,965 [62ad9cdf-96ac-404e-9c91-d824a9b2a1ad@group-598D80EA352E-LeaderElection36] INFO  impl.LeaderElection (LeaderElection.java:logAndReturn(93)) -   Response 0: 62ad9cdf-96ac-404e-9c91-d824a9b2a1ad<-ffb50977-138e-42ec-9f6c-2fee95879726#0:FAIL-t1
2022-03-01 14:08:19,965 [62ad9cdf-96ac-404e-9c91-d824a9b2a1ad@group-598D80EA352E-LeaderElection36] INFO  impl.LeaderElection (LeaderElection.java:askForVotes(308)) - 62ad9cdf-96ac-404e-9c91-d824a9b2a1ad@group-598D80EA352E-LeaderElection36 ELECTION round 0: result REJECTED
2022-03-01 14:08:19,965 [62ad9cdf-96ac-404e-9c91-d824a9b2a1ad@group-598D80EA352E-LeaderElection36] INFO  server.RaftServer$Division (RaftServerImpl.java:setRole(290)) - 62ad9cdf-96ac-404e-9c91-d824a9b2a1ad@group-598D80EA352E: changes role from CANDIDATE to FOLLOWER at term 1 for REJECTED
2022-03-01 14:08:19,965 [62ad9cdf-96ac-404e-9c91-d824a9b2a1ad@group-598D80EA352E-LeaderElection36] INFO  impl.RoleInfo (RoleInfo.java:shutdownLeaderElection(121)) - 62ad9cdf-96ac-404e-9c91-d824a9b2a1ad: shutdown 62ad9cdf-96ac-404e-9c91-d824a9b2a1ad@group-598D80EA352E-LeaderElection36
2022-03-01 14:08:19,965 [62ad9cdf-96ac-404e-9c91-d824a9b2a1ad@group-598D80EA352E-LeaderElection36] INFO  impl.RoleInfo (RoleInfo.java:updateAndGet(130)) - 62ad9cdf-96ac-404e-9c91-d824a9b2a1ad: start 62ad9cdf-96ac-404e-9c91-d824a9b2a1ad@group-598D80EA352E-FollowerState
2022-03-01 14:08:19,974 [grpc-default-executor-0] INFO  server.RaftServer$Division (RaftServerImpl.java:requestVote(1046)) - e4227631-9ebf-4460-8078-a4dbf323e9d1@group-598D80EA352E: receive requestVote(ELECTION, 62ad9cdf-96ac-404e-9c91-d824a9b2a1ad, group-598D80EA352E, 1, (t:0, i:0))
2022-03-01 14:08:19,974 [grpc-default-executor-0] INFO  impl.VoteContext (VoteContext.java:log(48)) - e4227631-9ebf-4460-8078-a4dbf323e9d1@group-598D80EA352E-FOLLOWER: accept ELECTION from 62ad9cdf-96ac-404e-9c91-d824a9b2a1ad: our priority 0 <= candidate's priority 0
2022-03-01 14:08:19,974 [grpc-default-executor-0] INFO  server.RaftServer$Division (RaftServerImpl.java:setRole(290)) - e4227631-9ebf-4460-8078-a4dbf323e9d1@group-598D80EA352E: changes role from  FOLLOWER to FOLLOWER at term 1 for candidate:62ad9cdf-96ac-404e-9c91-d824a9b2a1ad
2022-03-01 14:08:19,974 [grpc-default-executor-0] INFO  impl.RoleInfo (RoleInfo.java:shutdownFollowerState(108)) - e4227631-9ebf-4460-8078-a4dbf323e9d1: shutdown e4227631-9ebf-4460-8078-a4dbf323e9d1@group-598D80EA352E-FollowerState
2022-03-01 14:08:19,974 [grpc-default-executor-0] INFO  impl.RoleInfo (RoleInfo.java:updateAndGet(130)) - e4227631-9ebf-4460-8078-a4dbf323e9d1: start e4227631-9ebf-4460-8078-a4dbf323e9d1@group-598D80EA352E-FollowerState
2022-03-01 14:08:19,974 [e4227631-9ebf-4460-8078-a4dbf323e9d1@group-598D80EA352E-FollowerState] INFO  impl.FollowerState (FollowerState.java:run(143)) - e4227631-9ebf-4460-8078-a4dbf323e9d1@group-598D80EA352E-FollowerState was interrupted: {}
java.lang.InterruptedException: sleep interrupted
	at java.lang.Thread.sleep(Native Method)
	at java.lang.Thread.sleep(Thread.java:342)
	at java.util.concurrent.TimeUnit.sleep(TimeUnit.java:386)
	at org.apache.ratis.util.TimeDuration.sleep(TimeDuration.java:324)
	at org.apache.ratis.util.TimeDuration.sleep(TimeDuration.java:309)
	at org.apache.ratis.server.impl.FollowerState.run(FollowerState.java:118)
2022-03-01 14:08:20,021 [grpc-default-executor-0] INFO  server.RaftServer$Division (RaftServerImpl.java:requestVote(1078)) - e4227631-9ebf-4460-8078-a4dbf323e9d1@group-598D80EA352E replies to ELECTION vote request: 62ad9cdf-96ac-404e-9c91-d824a9b2a1ad<-e4227631-9ebf-4460-8078-a4dbf323e9d1#0:OK-t1. Peer's state: e4227631-9ebf-4460-8078-a4dbf323e9d1@group-598D80EA352E:t1, leader=null, voted=62ad9cdf-96ac-404e-9c91-d824a9b2a1ad, raftlog=e4227631-9ebf-4460-8078-a4dbf323e9d1@group-598D80EA352E-SegmentedRaftLog:OPENED:c-1, conf=-1: [ffb50977-138e-42ec-9f6c-2fee95879726|rpc:10.1.0.24:43185|dataStream:|priority:1, e4227631-9ebf-4460-8078-a4dbf323e9d1|rpc:10.1.0.24:43437|dataStream:|priority:0, 62ad9cdf-96ac-404e-9c91-d824a9b2a1ad|rpc:10.1.0.24:37449|dataStream:|priority:0], old=null
2022-03-01 14:08:20,211 [62ad9cdf-96ac-404e-9c91-d824a9b2a1ad@group-1CFAA836BE9C-FollowerState] INFO  impl.FollowerState (FollowerState.java:run(134)) - 62ad9cdf-96ac-404e-9c91-d824a9b2a1ad@group-1CFAA836BE9C-FollowerState: change to CANDIDATE, lastRpcElapsedTime:5080475329ns, electionTimeout:5068ms
2022-03-01 14:08:20,211 [62ad9cdf-96ac-404e-9c91-d824a9b2a1ad@group-1CFAA836BE9C-FollowerState] INFO  impl.RoleInfo (RoleInfo.java:shutdownFollowerState(108)) - 62ad9cdf-96ac-404e-9c91-d824a9b2a1ad: shutdown 62ad9cdf-96ac-404e-9c91-d824a9b2a1ad@group-1CFAA836BE9C-FollowerState
2022-03-01 14:08:20,211 [62ad9cdf-96ac-404e-9c91-d824a9b2a1ad@group-1CFAA836BE9C-FollowerState] INFO  server.RaftServer$Division (RaftServerImpl.java:setRole(290)) - 62ad9cdf-96ac-404e-9c91-d824a9b2a1ad@group-1CFAA836BE9C: changes role from  FOLLOWER to CANDIDATE at term 0 for changeToCandidate
2022-03-01 14:08:20,211 [62ad9cdf-96ac-404e-9c91-d824a9b2a1ad@group-1CFAA836BE9C-FollowerState] INFO  server.RaftServerConfigKeys (ConfUtils.java:logGet(44)) - raft.server.leaderelection.pre-vote = false (custom)
2022-03-01 14:08:20,211 [62ad9cdf-96ac-404e-9c91-d824a9b2a1ad@group-1CFAA836BE9C-FollowerState] INFO  impl.RoleInfo (RoleInfo.java:updateAndGet(130)) - 62ad9cdf-96ac-404e-9c91-d824a9b2a1ad: start 62ad9cdf-96ac-404e-9c91-d824a9b2a1ad@group-1CFAA836BE9C-LeaderElection37
2022-03-01 14:08:20,227 [62ad9cdf-96ac-404e-9c91-d824a9b2a1ad@group-1CFAA836BE9C-LeaderElection37] INFO  impl.LeaderElection (LeaderElection.java:askForVotes(306)) - 62ad9cdf-96ac-404e-9c91-d824a9b2a1ad@group-1CFAA836BE9C-LeaderElection37 ELECTION round 0: submit vote requests at term 1 for -1: [ffb50977-138e-42ec-9f6c-2fee95879726|rpc:10.1.0.24:43185|priority:0, e4227631-9ebf-4460-8078-a4dbf323e9d1|rpc:10.1.0.24:43437|priority:0, 62ad9cdf-96ac-404e-9c91-d824a9b2a1ad|rpc:10.1.0.24:37449|priority:1], old=null
2022-03-01 14:08:20,249 [grpc-default-executor-0] INFO  server.RaftServer$Division (RaftServerImpl.java:requestVote(1046)) - ffb50977-138e-42ec-9f6c-2fee95879726@group-1CFAA836BE9C: receive requestVote(ELECTION, 62ad9cdf-96ac-404e-9c91-d824a9b2a1ad, group-1CFAA836BE9C, 1, (t:0, i:0))
2022-03-01 14:08:20,249 [grpc-default-executor-0] INFO  impl.VoteContext (VoteContext.java:log(48)) - ffb50977-138e-42ec-9f6c-2fee95879726@group-1CFAA836BE9C-FOLLOWER: accept ELECTION from 62ad9cdf-96ac-404e-9c91-d824a9b2a1ad: our priority 0 <= candidate's priority 1
2022-03-01 14:08:20,249 [grpc-default-executor-0] INFO  server.RaftServer$Division (RaftServerImpl.java:setRole(290)) - ffb50977-138e-42ec-9f6c-2fee95879726@group-1CFAA836BE9C: changes role from  FOLLOWER to FOLLOWER at term 1 for candidate:62ad9cdf-96ac-404e-9c91-d824a9b2a1ad
2022-03-01 14:08:20,249 [grpc-default-executor-0] INFO  impl.RoleInfo (RoleInfo.java:shutdownFollowerState(108)) - ffb50977-138e-42ec-9f6c-2fee95879726: shutdown ffb50977-138e-42ec-9f6c-2fee95879726@group-1CFAA836BE9C-FollowerState
2022-03-01 14:08:20,258 [grpc-default-executor-0] INFO  impl.RoleInfo (RoleInfo.java:updateAndGet(130)) - ffb50977-138e-42ec-9f6c-2fee95879726: start ffb50977-138e-42ec-9f6c-2fee95879726@group-1CFAA836BE9C-FollowerState
2022-03-01 14:08:20,258 [ffb50977-138e-42ec-9f6c-2fee95879726@group-1CFAA836BE9C-FollowerState] INFO  impl.FollowerState (FollowerState.java:run(143)) - ffb50977-138e-42ec-9f6c-2fee95879726@group-1CFAA836BE9C-FollowerState was interrupted: {}
java.lang.InterruptedException: sleep interrupted
	at java.lang.Thread.sleep(Native Method)
	at java.lang.Thread.sleep(Thread.java:342)
	at java.util.concurrent.TimeUnit.sleep(TimeUnit.java:386)
	at org.apache.ratis.util.TimeDuration.sleep(TimeDuration.java:324)
	at org.apache.ratis.util.TimeDuration.sleep(TimeDuration.java:309)
	at org.apache.ratis.server.impl.FollowerState.run(FollowerState.java:118)
2022-03-01 14:08:20,261 [grpc-default-executor-1] INFO  server.RaftServer$Division (RaftServerImpl.java:requestVote(1046)) - e4227631-9ebf-4460-8078-a4dbf323e9d1@group-1CFAA836BE9C: receive requestVote(ELECTION, 62ad9cdf-96ac-404e-9c91-d824a9b2a1ad, group-1CFAA836BE9C, 1, (t:0, i:0))
2022-03-01 14:08:20,261 [grpc-default-executor-1] INFO  impl.VoteContext (VoteContext.java:log(48)) - e4227631-9ebf-4460-8078-a4dbf323e9d1@group-1CFAA836BE9C-FOLLOWER: accept ELECTION from 62ad9cdf-96ac-404e-9c91-d824a9b2a1ad: our priority 0 <= candidate's priority 1
2022-03-01 14:08:20,261 [grpc-default-executor-1] INFO  server.RaftServer$Division (RaftServerImpl.java:setRole(290)) - e4227631-9ebf-4460-8078-a4dbf323e9d1@group-1CFAA836BE9C: changes role from  FOLLOWER to FOLLOWER at term 1 for candidate:62ad9cdf-96ac-404e-9c91-d824a9b2a1ad
2022-03-01 14:08:20,261 [grpc-default-executor-1] INFO  impl.RoleInfo (RoleInfo.java:shutdownFollowerState(108)) - e4227631-9ebf-4460-8078-a4dbf323e9d1: shutdown e4227631-9ebf-4460-8078-a4dbf323e9d1@group-1CFAA836BE9C-FollowerState
2022-03-01 14:08:20,274 [grpc-default-executor-1] INFO  impl.RoleInfo (RoleInfo.java:updateAndGet(130)) - e4227631-9ebf-4460-8078-a4dbf323e9d1: start e4227631-9ebf-4460-8078-a4dbf323e9d1@group-1CFAA836BE9C-FollowerState
2022-03-01 14:08:20,281 [e4227631-9ebf-4460-8078-a4dbf323e9d1@group-1CFAA836BE9C-FollowerState] INFO  impl.FollowerState (FollowerState.java:run(143)) - e4227631-9ebf-4460-8078-a4dbf323e9d1@group-1CFAA836BE9C-FollowerState was interrupted: {}
java.lang.InterruptedException: sleep interrupted
	at java.lang.Thread.sleep(Native Method)
	at java.lang.Thread.sleep(Thread.java:342)
	at java.util.concurrent.TimeUnit.sleep(TimeUnit.java:386)
	at org.apache.ratis.util.TimeDuration.sleep(TimeDuration.java:324)
	at org.apache.ratis.util.TimeDuration.sleep(TimeDuration.java:309)
	at org.apache.ratis.server.impl.FollowerState.run(FollowerState.java:118)
2022-03-01 14:08:20,281 [grpc-default-executor-0] INFO  server.RaftServer$Division (RaftServerImpl.java:requestVote(1078)) - ffb50977-138e-42ec-9f6c-2fee95879726@group-1CFAA836BE9C replies to ELECTION vote request: 62ad9cdf-96ac-404e-9c91-d824a9b2a1ad<-ffb50977-138e-42ec-9f6c-2fee95879726#0:OK-t1. Peer's state: ffb50977-138e-42ec-9f6c-2fee95879726@group-1CFAA836BE9C:t1, leader=null, voted=62ad9cdf-96ac-404e-9c91-d824a9b2a1ad, raftlog=ffb50977-138e-42ec-9f6c-2fee95879726@group-1CFAA836BE9C-SegmentedRaftLog:OPENED:c-1, conf=-1: [ffb50977-138e-42ec-9f6c-2fee95879726|rpc:10.1.0.24:43185|dataStream:|priority:0, e4227631-9ebf-4460-8078-a4dbf323e9d1|rpc:10.1.0.24:43437|dataStream:|priority:0, 62ad9cdf-96ac-404e-9c91-d824a9b2a1ad|rpc:10.1.0.24:37449|dataStream:|priority:1], old=null
2022-03-01 14:08:20,282 [grpc-default-executor-1] INFO  server.RaftServer$Division (RaftServerImpl.java:requestVote(1078)) - e4227631-9ebf-4460-8078-a4dbf323e9d1@group-1CFAA836BE9C replies to ELECTION vote request: 62ad9cdf-96ac-404e-9c91-d824a9b2a1ad<-e4227631-9ebf-4460-8078-a4dbf323e9d1#0:OK-t1. Peer's state: e4227631-9ebf-4460-8078-a4dbf323e9d1@group-1CFAA836BE9C:t1, leader=null, voted=62ad9cdf-96ac-404e-9c91-d824a9b2a1ad, raftlog=e4227631-9ebf-4460-8078-a4dbf323e9d1@group-1CFAA836BE9C-SegmentedRaftLog:OPENED:c-1, conf=-1: [ffb50977-138e-42ec-9f6c-2fee95879726|rpc:10.1.0.24:43185|dataStream:|priority:0, e4227631-9ebf-4460-8078-a4dbf323e9d1|rpc:10.1.0.24:43437|dataStream:|priority:0, 62ad9cdf-96ac-404e-9c91-d824a9b2a1ad|rpc:10.1.0.24:37449|dataStream:|priority:1], old=null
2022-03-01 14:08:20,285 [62ad9cdf-96ac-404e-9c91-d824a9b2a1ad@group-1CFAA836BE9C-LeaderElection37] INFO  impl.LeaderElection (LeaderElection.java:logAndReturn(89)) - 62ad9cdf-96ac-404e-9c91-d824a9b2a1ad@group-1CFAA836BE9C-LeaderElection37: ELECTION PASSED received 1 response(s) and 0 exception(s):
2022-03-01 14:08:20,285 [62ad9cdf-96ac-404e-9c91-d824a9b2a1ad@group-1CFAA836BE9C-LeaderElection37] INFO  impl.LeaderElection (LeaderElection.java:logAndReturn(93)) -   Response 0: 62ad9cdf-96ac-404e-9c91-d824a9b2a1ad<-e4227631-9ebf-4460-8078-a4dbf323e9d1#0:OK-t1
2022-03-01 14:08:20,285 [62ad9cdf-96ac-404e-9c91-d824a9b2a1ad@group-1CFAA836BE9C-LeaderElection37] INFO  impl.LeaderElection (LeaderElection.java:askForVotes(308)) - 62ad9cdf-96ac-404e-9c91-d824a9b2a1ad@group-1CFAA836BE9C-LeaderElection37 ELECTION round 0: result PASSED
2022-03-01 14:08:20,285 [62ad9cdf-96ac-404e-9c91-d824a9b2a1ad@group-1CFAA836BE9C-LeaderElection37] INFO  impl.RoleInfo (RoleInfo.java:shutdownLeaderElection(121)) - 62ad9cdf-96ac-404e-9c91-d824a9b2a1ad: shutdown 62ad9cdf-96ac-404e-9c91-d824a9b2a1ad@group-1CFAA836BE9C-LeaderElection37
2022-03-01 14:08:20,285 [62ad9cdf-96ac-404e-9c91-d824a9b2a1ad@group-1CFAA836BE9C-LeaderElection37] INFO  server.RaftServer$Division (RaftServerImpl.java:setRole(290)) - 62ad9cdf-96ac-404e-9c91-d824a9b2a1ad@group-1CFAA836BE9C: changes role from CANDIDATE to LEADER at term 1 for changeToLeader
2022-03-01 14:08:20,285 [62ad9cdf-96ac-404e-9c91-d824a9b2a1ad@group-1CFAA836BE9C-LeaderElection37] INFO  ratis.XceiverServerRatis (XceiverServerRatis.java:handleLeaderChangedNotification(867)) - Leader change notification received for group: group-1CFAA836BE9C with new leaderId: 62ad9cdf-96ac-404e-9c91-d824a9b2a1ad
2022-03-01 14:08:20,286 [62ad9cdf-96ac-404e-9c91-d824a9b2a1ad@group-1CFAA836BE9C-LeaderElection37] INFO  server.RaftServer$Division (ServerState.java:setLeader(285)) - 62ad9cdf-96ac-404e-9c91-d824a9b2a1ad@group-1CFAA836BE9C: change Leader from null to 62ad9cdf-96ac-404e-9c91-d824a9b2a1ad at term 1 for becomeLeader, leader elected after 5167ms
2022-03-01 14:08:20,286 [62ad9cdf-96ac-404e-9c91-d824a9b2a1ad@group-1CFAA836BE9C-LeaderElection37] INFO  server.RaftServerConfigKeys (ConfUtils.java:logGet(44)) - raft.server.staging.catchup.gap = 1000 (default)
2022-03-01 14:08:20,286 [62ad9cdf-96ac-404e-9c91-d824a9b2a1ad@group-1CFAA836BE9C-LeaderElection37] INFO  server.RaftServerConfigKeys (ConfUtils.java:logGet(44)) - raft.server.write.element-limit = 1024 (custom)
2022-03-01 14:08:20,286 [62ad9cdf-96ac-404e-9c91-d824a9b2a1ad@group-1CFAA836BE9C-LeaderElection37] INFO  server.RaftServerConfigKeys (ConfUtils.java:logGet(44)) - raft.server.write.byte-limit = 1024 M (=1073741824) (custom)
2022-03-01 14:08:20,286 [62ad9cdf-96ac-404e-9c91-d824a9b2a1ad@group-1CFAA836BE9C-LeaderElection37] INFO  server.RaftServerConfigKeys (ConfUtils.java:logGet(44)) - raft.server.watch.timeout = 180s (custom)
2022-03-01 14:08:20,286 [62ad9cdf-96ac-404e-9c91-d824a9b2a1ad@group-1CFAA836BE9C-LeaderElection37] INFO  server.RaftServerConfigKeys (ConfUtils.java:logGet(44)) - raft.server.watch.timeout.denomination = 1s (default)
2022-03-01 14:08:20,286 [62ad9cdf-96ac-404e-9c91-d824a9b2a1ad@group-1CFAA836BE9C-LeaderElection37] INFO  server.RaftServerConfigKeys (ConfUtils.java:logGet(44)) - raft.server.watch.element-limit = 65536 (default)
2022-03-01 14:08:20,286 [62ad9cdf-96ac-404e-9c91-d824a9b2a1ad@group-1CFAA836BE9C-LeaderElection37] INFO  server.RaftServerConfigKeys (ConfUtils.java:logGet(44)) - raft.server.write.element-limit = 1024 (custom)
2022-03-01 14:08:20,286 [62ad9cdf-96ac-404e-9c91-d824a9b2a1ad@group-1CFAA836BE9C-LeaderElection37] INFO  server.RaftServerConfigKeys (ConfUtils.java:logGet(44)) - raft.server.write.follower.gap.ratio.max = -1.0 (default)
2022-03-01 14:08:20,286 [62ad9cdf-96ac-404e-9c91-d824a9b2a1ad@group-1CFAA836BE9C-LeaderElection37] INFO  server.RaftServerConfigKeys (ConfUtils.java:logGet(44)) - raft.server.log.appender.snapshot.chunk.size.max = 16MB (=16777216) (default)
2022-03-01 14:08:20,287 [62ad9cdf-96ac-404e-9c91-d824a9b2a1ad@group-1CFAA836BE9C-LeaderElection37] INFO  server.RaftServerConfigKeys (ConfUtils.java:logGet(44)) - raft.server.log.appender.buffer.byte-limit = 33554432 (custom)
2022-03-01 14:08:20,287 [62ad9cdf-96ac-404e-9c91-d824a9b2a1ad@group-1CFAA836BE9C-LeaderElection37] INFO  server.RaftServerConfigKeys (ConfUtils.java:logGet(44)) - raft.server.log.appender.buffer.element-limit = 1 (custom)
2022-03-01 14:08:20,287 [62ad9cdf-96ac-404e-9c91-d824a9b2a1ad@group-1CFAA836BE9C-LeaderElection37] INFO  grpc.GrpcConfigKeys (ConfUtils.java:logGet(44)) - raft.grpc.server.leader.outstanding.appends.max = 128 (default)
2022-03-01 14:08:20,287 [62ad9cdf-96ac-404e-9c91-d824a9b2a1ad@group-1CFAA836BE9C-LeaderElection37] INFO  server.RaftServerConfigKeys (ConfUtils.java:logGet(44)) - raft.server.rpc.request.timeout = 60s (custom)
2022-03-01 14:08:20,287 [62ad9cdf-96ac-404e-9c91-d824a9b2a1ad@group-1CFAA836BE9C-LeaderElection37] INFO  server.RaftServerConfigKeys (ConfUtils.java:logGet(44)) - raft.server.log.appender.install.snapshot.enabled = false (custom)
2022-03-01 14:08:20,287 [62ad9cdf-96ac-404e-9c91-d824a9b2a1ad@group-1CFAA836BE9C-LeaderElection37] INFO  server.RaftServerConfigKeys (ConfUtils.java:logGet(44)) - raft.server.log.appender.snapshot.chunk.size.max = 16MB (=16777216) (default)
2022-03-01 14:08:20,288 [62ad9cdf-96ac-404e-9c91-d824a9b2a1ad@group-1CFAA836BE9C-LeaderElection37] INFO  server.RaftServerConfigKeys (ConfUtils.java:logGet(44)) - raft.server.log.appender.buffer.byte-limit = 33554432 (custom)
2022-03-01 14:08:20,288 [62ad9cdf-96ac-404e-9c91-d824a9b2a1ad@group-1CFAA836BE9C-LeaderElection37] INFO  server.RaftServerConfigKeys (ConfUtils.java:logGet(44)) - raft.server.log.appender.buffer.element-limit = 1 (custom)
2022-03-01 14:08:20,288 [62ad9cdf-96ac-404e-9c91-d824a9b2a1ad@group-1CFAA836BE9C-LeaderElection37] INFO  grpc.GrpcConfigKeys (ConfUtils.java:logGet(44)) - raft.grpc.server.leader.outstanding.appends.max = 128 (default)
2022-03-01 14:08:20,288 [62ad9cdf-96ac-404e-9c91-d824a9b2a1ad@group-1CFAA836BE9C-LeaderElection37] INFO  server.RaftServerConfigKeys (ConfUtils.java:logGet(44)) - raft.server.rpc.request.timeout = 60s (custom)
2022-03-01 14:08:20,288 [62ad9cdf-96ac-404e-9c91-d824a9b2a1ad@group-1CFAA836BE9C-LeaderElection37] INFO  server.RaftServerConfigKeys (ConfUtils.java:logGet(44)) - raft.server.log.appender.install.snapshot.enabled = false (custom)
2022-03-01 14:08:20,288 [62ad9cdf-96ac-404e-9c91-d824a9b2a1ad@group-1CFAA836BE9C-LeaderElection37] INFO  impl.RoleInfo (RoleInfo.java:updateAndGet(130)) - 62ad9cdf-96ac-404e-9c91-d824a9b2a1ad: start 62ad9cdf-96ac-404e-9c91-d824a9b2a1ad@group-1CFAA836BE9C-LeaderStateImpl
2022-03-01 14:08:20,289 [EventQueue-PipelineReportForPipelineReportHandler] INFO  pipeline.PipelineManagerImpl (PipelineManagerImpl.java:openPipeline(291)) - Pipeline Pipeline[ Id: d8058072-0eb8-4929-90e6-1cfaa836be9c, Nodes: ffb50977-138e-42ec-9f6c-2fee95879726{ip: 10.1.0.24, host: fv-az195-209.u3nnjwd0vyge1bu22idnsdeq2e.cx.internal.cloudapp.net, ports: [REPLICATION=46599, RATIS=43185, RATIS_ADMIN=43185, RATIS_SERVER=43185, STANDALONE=39983], networkLocation: /default-rack, certSerialId: null, persistedOpState: IN_SERVICE, persistedOpStateExpiryEpochSec: 0}62ad9cdf-96ac-404e-9c91-d824a9b2a1ad{ip: 10.1.0.24, host: fv-az195-209.u3nnjwd0vyge1bu22idnsdeq2e.cx.internal.cloudapp.net, ports: [REPLICATION=44271, RATIS=37449, RATIS_ADMIN=37449, RATIS_SERVER=37449, STANDALONE=38517], networkLocation: /default-rack, certSerialId: null, persistedOpState: IN_SERVICE, persistedOpStateExpiryEpochSec: 0}e4227631-9ebf-4460-8078-a4dbf323e9d1{ip: 10.1.0.24, host: fv-az195-209.u3nnjwd0vyge1bu22idnsdeq2e.cx.internal.cloudapp.net, ports: [REPLICATION=36405, RATIS=43437, RATIS_ADMIN=43437, RATIS_SERVER=43437, STANDALONE=35663], networkLocation: /default-rack, certSerialId: null, persistedOpState: IN_SERVICE, persistedOpStateExpiryEpochSec: 0}, ReplicationConfig: RATIS/THREE, State:ALLOCATED, leaderId:62ad9cdf-96ac-404e-9c91-d824a9b2a1ad, CreationTimestamp2022-03-01T14:08:12.898Z[Etc/UTC]] moved to OPEN state
2022-03-01 14:08:20,290 [f6b4a54d-6093-4c4c-9970-ea333dfe749a@group-C11D7991BD3D-StateMachineUpdater] INFO  safemode.HealthyPipelineSafeModeRule (HealthyPipelineSafeModeRule.java:initializeRule(152)) - Refreshed total pipeline count is 1, healthy pipeline threshold count is 1
2022-03-01 14:08:20,291 [EventQueue-OpenPipelineForHealthyPipelineSafeModeRule] INFO  safemode.SCMSafeModeManager (HealthyPipelineSafeModeRule.java:process(124)) - SCM in safe mode. Healthy pipelines reported count is 1, required healthy pipeline reported count is 1
2022-03-01 14:08:20,291 [EventQueue-OpenPipelineForHealthyPipelineSafeModeRule] INFO  safemode.SCMSafeModeManager (SCMSafeModeManager.java:validateSafeModeExitRules(204)) - HealthyPipelineSafeModeRule rule is successfully validated
2022-03-01 14:08:20,291 [EventQueue-OpenPipelineForHealthyPipelineSafeModeRule] INFO  safemode.SCMSafeModeManager (SCMSafeModeManager.java:validateSafeModeExitRules(219)) - ScmSafeModeManager, all rules are successfully validated
2022-03-01 14:08:20,291 [EventQueue-OpenPipelineForHealthyPipelineSafeModeRule] INFO  safemode.SCMSafeModeManager (SCMSafeModeManager.java:exitSafeMode(248)) - SCM exiting safe mode.
2022-03-01 14:08:20,291 [EventQueue-OpenPipelineForHealthyPipelineSafeModeRule] WARN  events.EventQueue (EventQueue.java:fireEvent(194)) - No event handler registered for event TypedEvent{payloadType=SafeModeStatus, name='Safe mode status'}
2022-03-01 14:08:20,291 [EventQueue-OpenPipelineForHealthyPipelineSafeModeRule] INFO  ha.SCMContext (SCMContext.java:updateSafeModeStatus(211)) - Update SafeModeStatus from SafeModeStatus{safeModeStatus=true, preCheckPassed=true} to SafeModeStatus{safeModeStatus=false, preCheckPassed=true}.
2022-03-01 14:08:20,291 [EventQueue-OpenPipelineForHealthyPipelineSafeModeRule] INFO  container.ReplicationManager (ReplicationManager.java:notifyStatusChanged(1807)) - Service ReplicationManager transitions to RUNNING.
2022-03-01 14:08:20,293 [62ad9cdf-96ac-404e-9c91-d824a9b2a1ad@group-1CFAA836BE9C-LeaderElection37] INFO  segmented.SegmentedRaftLogWorker (SegmentedRaftLogWorker.java:startLogSegment(394)) - 62ad9cdf-96ac-404e-9c91-d824a9b2a1ad@group-1CFAA836BE9C-SegmentedRaftLogWorker: Starting segment from index:0
2022-03-01 14:08:20,298 [62ad9cdf-96ac-404e-9c91-d824a9b2a1ad@group-1CFAA836BE9C-SegmentedRaftLogWorker] INFO  segmented.SegmentedRaftLogWorker (SegmentedRaftLogWorker.java:execute(601)) - 62ad9cdf-96ac-404e-9c91-d824a9b2a1ad@group-1CFAA836BE9C-SegmentedRaftLogWorker: created new log segment /home/runner/work/ozone/ozone/hadoop-ozone/integration-test/target/test-dir/MiniOzoneClusterImpl-c3e143df-885d-4e44-9b94-c11d7991bd3d/datanode-0/data/ratis/d8058072-0eb8-4929-90e6-1cfaa836be9c/current/log_inprogress_0
2022-03-01 14:08:20,341 [grpc-default-executor-0] INFO  ratis.XceiverServerRatis (XceiverServerRatis.java:handleLeaderChangedNotification(867)) - Leader change notification received for group: group-1CFAA836BE9C with new leaderId: 62ad9cdf-96ac-404e-9c91-d824a9b2a1ad
2022-03-01 14:08:20,342 [grpc-default-executor-0] INFO  server.RaftServer$Division (ServerState.java:setLeader(285)) - e4227631-9ebf-4460-8078-a4dbf323e9d1@group-1CFAA836BE9C: change Leader from null to 62ad9cdf-96ac-404e-9c91-d824a9b2a1ad at term 1 for appendEntries, leader elected after 5094ms
2022-03-01 14:08:20,354 [62ad9cdf-96ac-404e-9c91-d824a9b2a1ad@group-1CFAA836BE9C-LeaderElection37] INFO  server.RaftServer$Division (ServerState.java:setRaftConf(387)) - 62ad9cdf-96ac-404e-9c91-d824a9b2a1ad@group-1CFAA836BE9C: set configuration 0: [ffb50977-138e-42ec-9f6c-2fee95879726|rpc:10.1.0.24:43185|dataStream:|priority:0, e4227631-9ebf-4460-8078-a4dbf323e9d1|rpc:10.1.0.24:43437|dataStream:|priority:0, 62ad9cdf-96ac-404e-9c91-d824a9b2a1ad|rpc:10.1.0.24:37449|dataStream:|priority:1], old=null
2022-03-01 14:08:20,357 [grpc-default-executor-0] INFO  server.RaftServer$Division (ServerState.java:setRaftConf(387)) - e4227631-9ebf-4460-8078-a4dbf323e9d1@group-1CFAA836BE9C: set configuration 0: [ffb50977-138e-42ec-9f6c-2fee95879726|rpc:10.1.0.24:43185|dataStream:|priority:0, e4227631-9ebf-4460-8078-a4dbf323e9d1|rpc:10.1.0.24:43437|dataStream:|priority:0, 62ad9cdf-96ac-404e-9c91-d824a9b2a1ad|rpc:10.1.0.24:37449|dataStream:|priority:1], old=null
2022-03-01 14:08:20,377 [grpc-default-executor-0] INFO  segmented.SegmentedRaftLogWorker (SegmentedRaftLogWorker.java:startLogSegment(394)) - e4227631-9ebf-4460-8078-a4dbf323e9d1@group-1CFAA836BE9C-SegmentedRaftLogWorker: Starting segment from index:0
2022-03-01 14:08:20,382 [e4227631-9ebf-4460-8078-a4dbf323e9d1@group-1CFAA836BE9C-SegmentedRaftLogWorker] INFO  segmented.SegmentedRaftLogWorker (SegmentedRaftLogWorker.java:execute(601)) - e4227631-9ebf-4460-8078-a4dbf323e9d1@group-1CFAA836BE9C-SegmentedRaftLogWorker: created new log segment /home/runner/work/ozone/ozone/hadoop-ozone/integration-test/target/test-dir/MiniOzoneClusterImpl-c3e143df-885d-4e44-9b94-c11d7991bd3d/datanode-1/data/ratis/d8058072-0eb8-4929-90e6-1cfaa836be9c/current/log_inprogress_0
2022-03-01 14:08:20,393 [grpc-default-executor-3] INFO  ratis.XceiverServerRatis (XceiverServerRatis.java:handleLeaderChangedNotification(867)) - Leader change notification received for group: group-1CFAA836BE9C with new leaderId: 62ad9cdf-96ac-404e-9c91-d824a9b2a1ad
2022-03-01 14:08:20,394 [grpc-default-executor-3] INFO  server.RaftServer$Division (ServerState.java:setLeader(285)) - ffb50977-138e-42ec-9f6c-2fee95879726@group-1CFAA836BE9C: change Leader from null to 62ad9cdf-96ac-404e-9c91-d824a9b2a1ad at term 1 for appendEntries, leader elected after 5227ms
2022-03-01 14:08:20,406 [grpc-default-executor-3] INFO  server.RaftServer$Division (ServerState.java:setRaftConf(387)) - ffb50977-138e-42ec-9f6c-2fee95879726@group-1CFAA836BE9C: set configuration 0: [ffb50977-138e-42ec-9f6c-2fee95879726|rpc:10.1.0.24:43185|dataStream:|priority:0, e4227631-9ebf-4460-8078-a4dbf323e9d1|rpc:10.1.0.24:43437|dataStream:|priority:0, 62ad9cdf-96ac-404e-9c91-d824a9b2a1ad|rpc:10.1.0.24:37449|dataStream:|priority:1], old=null
2022-03-01 14:08:20,407 [grpc-default-executor-3] INFO  segmented.SegmentedRaftLogWorker (SegmentedRaftLogWorker.java:startLogSegment(394)) - ffb50977-138e-42ec-9f6c-2fee95879726@group-1CFAA836BE9C-SegmentedRaftLogWorker: Starting segment from index:0
2022-03-01 14:08:20,408 [ffb50977-138e-42ec-9f6c-2fee95879726@group-1CFAA836BE9C-SegmentedRaftLogWorker] INFO  segmented.SegmentedRaftLogWorker (SegmentedRaftLogWorker.java:execute(601)) - ffb50977-138e-42ec-9f6c-2fee95879726@group-1CFAA836BE9C-SegmentedRaftLogWorker: created new log segment /home/runner/work/ozone/ozone/hadoop-ozone/integration-test/target/test-dir/MiniOzoneClusterImpl-c3e143df-885d-4e44-9b94-c11d7991bd3d/datanode-2/data/ratis/d8058072-0eb8-4929-90e6-1cfaa836be9c/current/log_inprogress_0
2022-03-01 14:08:20,546 [e4227631-9ebf-4460-8078-a4dbf323e9d1@group-ABD5D89A538B-FollowerState] INFO  impl.FollowerState (FollowerState.java:run(134)) - e4227631-9ebf-4460-8078-a4dbf323e9d1@group-ABD5D89A538B-FollowerState: change to CANDIDATE, lastRpcElapsedTime:5189514199ns, electionTimeout:5179ms
2022-03-01 14:08:20,547 [e4227631-9ebf-4460-8078-a4dbf323e9d1@group-ABD5D89A538B-FollowerState] INFO  impl.RoleInfo (RoleInfo.java:shutdownFollowerState(108)) - e4227631-9ebf-4460-8078-a4dbf323e9d1: shutdown e4227631-9ebf-4460-8078-a4dbf323e9d1@group-ABD5D89A538B-FollowerState
2022-03-01 14:08:20,547 [e4227631-9ebf-4460-8078-a4dbf323e9d1@group-ABD5D89A538B-FollowerState] INFO  server.RaftServer$Division (RaftServerImpl.java:setRole(290)) - e4227631-9ebf-4460-8078-a4dbf323e9d1@group-ABD5D89A538B: changes role from  FOLLOWER to CANDIDATE at term 0 for changeToCandidate
2022-03-01 14:08:20,547 [e4227631-9ebf-4460-8078-a4dbf323e9d1@group-ABD5D89A538B-FollowerState] INFO  server.RaftServerConfigKeys (ConfUtils.java:logGet(44)) - raft.server.leaderelection.pre-vote = false (custom)
2022-03-01 14:08:20,547 [e4227631-9ebf-4460-8078-a4dbf323e9d1@group-ABD5D89A538B-FollowerState] INFO  impl.RoleInfo (RoleInfo.java:updateAndGet(130)) - e4227631-9ebf-4460-8078-a4dbf323e9d1: start e4227631-9ebf-4460-8078-a4dbf323e9d1@group-ABD5D89A538B-LeaderElection38
2022-03-01 14:08:20,557 [e4227631-9ebf-4460-8078-a4dbf323e9d1@group-ABD5D89A538B-LeaderElection38] INFO  impl.LeaderElection (LeaderElection.java:askForVotes(306)) - e4227631-9ebf-4460-8078-a4dbf323e9d1@group-ABD5D89A538B-LeaderElection38 ELECTION round 0: submit vote requests at term 1 for -1: [e4227631-9ebf-4460-8078-a4dbf323e9d1|rpc:10.1.0.24:43437|priority:1], old=null
2022-03-01 14:08:20,557 [e4227631-9ebf-4460-8078-a4dbf323e9d1@group-ABD5D89A538B-LeaderElection38] INFO  impl.LeaderElection (LeaderElection.java:askForVotes(308)) - e4227631-9ebf-4460-8078-a4dbf323e9d1@group-ABD5D89A538B-LeaderElection38 ELECTION round 0: result PASSED (term=1)
2022-03-01 14:08:20,557 [e4227631-9ebf-4460-8078-a4dbf323e9d1@group-ABD5D89A538B-LeaderElection38] INFO  impl.RoleInfo (RoleInfo.java:shutdownLeaderElection(121)) - e4227631-9ebf-4460-8078-a4dbf323e9d1: shutdown e4227631-9ebf-4460-8078-a4dbf323e9d1@group-ABD5D89A538B-LeaderElection38
2022-03-01 14:08:20,557 [e4227631-9ebf-4460-8078-a4dbf323e9d1@group-ABD5D89A538B-LeaderElection38] INFO  server.RaftServer$Division (RaftServerImpl.java:setRole(290)) - e4227631-9ebf-4460-8078-a4dbf323e9d1@group-ABD5D89A538B: changes role from CANDIDATE to LEADER at term 1 for changeToLeader
2022-03-01 14:08:20,557 [e4227631-9ebf-4460-8078-a4dbf323e9d1@group-ABD5D89A538B-LeaderElection38] INFO  ratis.XceiverServerRatis (XceiverServerRatis.java:handleLeaderChangedNotification(867)) - Leader change notification received for group: group-ABD5D89A538B with new leaderId: e4227631-9ebf-4460-8078-a4dbf323e9d1
2022-03-01 14:08:20,558 [e4227631-9ebf-4460-8078-a4dbf323e9d1@group-ABD5D89A538B-LeaderElection38] INFO  server.RaftServer$Division (ServerState.java:setLeader(285)) - e4227631-9ebf-4460-8078-a4dbf323e9d1@group-ABD5D89A538B: change Leader from null to e4227631-9ebf-4460-8078-a4dbf323e9d1 at term 1 for becomeLeader, leader elected after 5225ms
2022-03-01 14:08:20,558 [e4227631-9ebf-4460-8078-a4dbf323e9d1@group-ABD5D89A538B-LeaderElection38] INFO  server.RaftServerConfigKeys (ConfUtils.java:logGet(44)) - raft.server.staging.catchup.gap = 1000 (default)
2022-03-01 14:08:20,558 [e4227631-9ebf-4460-8078-a4dbf323e9d1@group-ABD5D89A538B-LeaderElection38] INFO  server.RaftServerConfigKeys (ConfUtils.java:logGet(44)) - raft.server.write.element-limit = 1024 (custom)
2022-03-01 14:08:20,559 [e4227631-9ebf-4460-8078-a4dbf323e9d1@group-ABD5D89A538B-LeaderElection38] INFO  server.RaftServerConfigKeys (ConfUtils.java:logGet(44)) - raft.server.write.byte-limit = 1024 M (=1073741824) (custom)
2022-03-01 14:08:20,559 [e4227631-9ebf-4460-8078-a4dbf323e9d1@group-ABD5D89A538B-LeaderElection38] INFO  server.RaftServerConfigKeys (ConfUtils.java:logGet(44)) - raft.server.watch.timeout = 180s (custom)
2022-03-01 14:08:20,559 [e4227631-9ebf-4460-8078-a4dbf323e9d1@group-ABD5D89A538B-LeaderElection38] INFO  server.RaftServerConfigKeys (ConfUtils.java:logGet(44)) - raft.server.watch.timeout.denomination = 1s (default)
2022-03-01 14:08:20,559 [e4227631-9ebf-4460-8078-a4dbf323e9d1@group-ABD5D89A538B-LeaderElection38] INFO  server.RaftServerConfigKeys (ConfUtils.java:logGet(44)) - raft.server.watch.element-limit = 65536 (default)
2022-03-01 14:08:20,559 [e4227631-9ebf-4460-8078-a4dbf323e9d1@group-ABD5D89A538B-LeaderElection38] INFO  server.RaftServerConfigKeys (ConfUtils.java:logGet(44)) - raft.server.write.element-limit = 1024 (custom)
2022-03-01 14:08:20,559 [e4227631-9ebf-4460-8078-a4dbf323e9d1@group-ABD5D89A538B-LeaderElection38] INFO  server.RaftServerConfigKeys (ConfUtils.java:logGet(44)) - raft.server.write.follower.gap.ratio.max = -1.0 (default)
2022-03-01 14:08:20,559 [e4227631-9ebf-4460-8078-a4dbf323e9d1@group-ABD5D89A538B-LeaderElection38] INFO  impl.RoleInfo (RoleInfo.java:updateAndGet(130)) - e4227631-9ebf-4460-8078-a4dbf323e9d1: start e4227631-9ebf-4460-8078-a4dbf323e9d1@group-ABD5D89A538B-LeaderStateImpl
2022-03-01 14:08:20,560 [e4227631-9ebf-4460-8078-a4dbf323e9d1@group-ABD5D89A538B-LeaderElection38] INFO  segmented.SegmentedRaftLogWorker (SegmentedRaftLogWorker.java:startLogSegment(394)) - e4227631-9ebf-4460-8078-a4dbf323e9d1@group-ABD5D89A538B-SegmentedRaftLogWorker: Starting segment from index:0
2022-03-01 14:08:20,569 [e4227631-9ebf-4460-8078-a4dbf323e9d1@group-ABD5D89A538B-LeaderElection38] INFO  server.RaftServer$Division (ServerState.java:setRaftConf(387)) - e4227631-9ebf-4460-8078-a4dbf323e9d1@group-ABD5D89A538B: set configuration 0: [e4227631-9ebf-4460-8078-a4dbf323e9d1|rpc:10.1.0.24:43437|dataStream:|priority:1], old=null
2022-03-01 14:08:20,577 [e4227631-9ebf-4460-8078-a4dbf323e9d1@group-ABD5D89A538B-SegmentedRaftLogWorker] INFO  segmented.SegmentedRaftLogWorker (SegmentedRaftLogWorker.java:execute(601)) - e4227631-9ebf-4460-8078-a4dbf323e9d1@group-ABD5D89A538B-SegmentedRaftLogWorker: created new log segment /home/runner/work/ozone/ozone/hadoop-ozone/integration-test/target/test-dir/MiniOzoneClusterImpl-c3e143df-885d-4e44-9b94-c11d7991bd3d/datanode-1/data/ratis/82916ca1-ed3b-42bf-b2f8-abd5d89a538b/current/log_inprogress_0
2022-03-01 14:08:20,827 [Listener at 127.0.0.1/40229] INFO  ozone.MiniOzoneClusterImpl (MiniOzoneClusterImpl.java:lambda$waitForClusterToBeReady$0(219)) - Nodes are ready. Got 3 of 3 DN Heartbeats.
2022-03-01 14:08:20,828 [Listener at 127.0.0.1/40229] INFO  ozone.MiniOzoneClusterImpl (MiniOzoneClusterImpl.java:lambda$waitForClusterToBeReady$0(222)) - Cluster exits safe mode
2022-03-01 14:08:20,828 [Listener at 127.0.0.1/40229] INFO  ozone.MiniOzoneClusterImpl (MiniOzoneClusterImpl.java:lambda$waitForClusterToBeReady$0(224)) - SCM became leader
2022-03-01 14:08:20,908 [Listener at 127.0.0.1/40229] INFO  rpc.RpcClient (RpcClient.java:createVolume(399)) - Creating Volume: volume47061, with user40389 as owner and space quota set to -1 bytes, counts quota set to -1
2022-03-01 14:08:20,917 [IPC Server handler 1 on default port 40229] INFO  volume.OMVolumeCreateRequest (OMVolumeCreateRequest.java:validateAndUpdateCache(195)) - created volume:volume47061 for user:user40389
2022-03-01 14:08:20,959 [Listener at 127.0.0.1/40229] INFO  rpc.RpcClient (RpcClient.java:createBucket(562)) - Creating Bucket: volume47061/bucket31389, with runner as owner and Versioning false and Storage Type set to DISK and Encryption set to false 
]]></system-out>
  </testcase>
  <testcase name="testRenameFile[2]" classname="org.apache.hadoop.fs.ozone.TestRootedOzoneFileSystem" time="0.213"/>
  <testcase name="testListStatusRootAndVolumeRecursive[2]" classname="org.apache.hadoop.fs.ozone.TestRootedOzoneFileSystem" time="0.975"/>
  <testcase name="testTempMount[2]" classname="org.apache.hadoop.fs.ozone.TestRootedOzoneFileSystem" time="0.238"/>
  <testcase name="testListStatusRootAndVolumeNonRecursive[2]" classname="org.apache.hadoop.fs.ozone.TestRootedOzoneFileSystem" time="0.616"/>
  <testcase name="testDeleteVolumeAndBucket[2]" classname="org.apache.hadoop.fs.ozone.TestRootedOzoneFileSystem" time="0.061"/>
  <testcase name="testRenameDirToItsOwnSubDir[2]" classname="org.apache.hadoop.fs.ozone.TestRootedOzoneFileSystem" time="0.055"/>
  <testcase name="testOzoneFsServiceLoader[2]" classname="org.apache.hadoop.fs.ozone.TestRootedOzoneFileSystem" time="0.054"/>
  <testcase name="testTrash[2]" classname="org.apache.hadoop.fs.ozone.TestRootedOzoneFileSystem" time="0">
    <skipped/>
  </testcase>
  <testcase name="testRenameDestinationParentDoesntExist[2]" classname="org.apache.hadoop.fs.ozone.TestRootedOzoneFileSystem" time="0.038"/>
  <testcase name="testGetFileStatusRoot[2]" classname="org.apache.hadoop.fs.ozone.TestRootedOzoneFileSystem" time="0.007"/>
  <testcase name="testCreateWithInvalidPaths[2]" classname="org.apache.hadoop.fs.ozone.TestRootedOzoneFileSystem" time="0.015"/>
  <testcase name="testDeleteEmptyVolume[2]" classname="org.apache.hadoop.fs.ozone.TestRootedOzoneFileSystem" time="0.039"/>
  <testcase name="testListStatusRootAndVolumeContinuation[2]" classname="org.apache.hadoop.fs.ozone.TestRootedOzoneFileSystem" time="0">
    <skipped message="FS Path is enabled. Skipping this test as it is not tuned for FS Path yet" type="org.junit.AssumptionViolatedException">org.junit.AssumptionViolatedException: FS Path is enabled. Skipping this test as it is not tuned for FS Path yet
	at org.junit.Assume.assumeTrue(Assume.java:68)
	at org.apache.hadoop.fs.ozone.TestRootedOzoneFileSystem.testListStatusRootAndVolumeContinuation(TestRootedOzoneFileSystem.java:887)
	at sun.reflect.NativeMethodAccessorImpl.invoke0(Native Method)
	at sun.reflect.NativeMethodAccessorImpl.invoke(NativeMethodAccessorImpl.java:62)
	at sun.reflect.DelegatingMethodAccessorImpl.invoke(DelegatingMethodAccessorImpl.java:43)
	at java.lang.reflect.Method.invoke(Method.java:498)
	at org.junit.runners.model.FrameworkMethod$1.runReflectiveCall(FrameworkMethod.java:59)
	at org.junit.internal.runners.model.ReflectiveCallable.run(ReflectiveCallable.java:12)
	at org.junit.runners.model.FrameworkMethod.invokeExplosively(FrameworkMethod.java:56)
	at org.junit.internal.runners.statements.InvokeMethod.evaluate(InvokeMethod.java:17)
	at org.junit.internal.runners.statements.FailOnTimeout$CallableStatement.call(FailOnTimeout.java:288)
	at org.junit.internal.runners.statements.FailOnTimeout$CallableStatement.call(FailOnTimeout.java:282)
	at java.util.concurrent.FutureTask.run(FutureTask.java:266)
	at java.lang.Thread.run(Thread.java:750)
</skipped>
  </testcase>
  <testcase name="testDeleteVolumeBucketAndKey[2]" classname="org.apache.hadoop.fs.ozone.TestRootedOzoneFileSystem" time="0.065"/>
  <testcase name="testRenameToParentDir[2]" classname="org.apache.hadoop.fs.ozone.TestRootedOzoneFileSystem" time="0.071"/>
  <testcase name="testMkdirNonExistentVolumeBucket[2]" classname="org.apache.hadoop.fs.ozone.TestRootedOzoneFileSystem" time="0.021"/>
  <testcase name="testFailToDeleteRoot[2]" classname="org.apache.hadoop.fs.ozone.TestRootedOzoneFileSystem" time="0.053"/>
  <testcase name="testListStatusOnSubDirs[2]" classname="org.apache.hadoop.fs.ozone.TestRootedOzoneFileSystem" time="0.049"/>
  <testcase name="testListStatus[2]" classname="org.apache.hadoop.fs.ozone.TestRootedOzoneFileSystem" time="0.052"/>
  <testcase name="testGetTrashRoots[2]" classname="org.apache.hadoop.fs.ozone.TestRootedOzoneFileSystem" time="0.773"/>
  <testcase name="testCreateDoesNotAddParentDirKeys[2]" classname="org.apache.hadoop.fs.ozone.TestRootedOzoneFileSystem" time="0.131"/>
  <testcase name="testMkdirNonExistentVolume[2]" classname="org.apache.hadoop.fs.ozone.TestRootedOzoneFileSystem" time="0.019"/>
  <testcase name="testDeleteCreatesFakeParentDir[2]" classname="org.apache.hadoop.fs.ozone.TestRootedOzoneFileSystem" time="0">
    <skipped message="FS Path is enabled. Skipping this test as it is not tuned for FS Path yet" type="org.junit.AssumptionViolatedException">org.junit.AssumptionViolatedException: FS Path is enabled. Skipping this test as it is not tuned for FS Path yet
	at org.junit.Assume.assumeTrue(Assume.java:68)
	at org.apache.hadoop.fs.ozone.TestRootedOzoneFileSystem.testDeleteCreatesFakeParentDir(TestRootedOzoneFileSystem.java:302)
	at sun.reflect.NativeMethodAccessorImpl.invoke0(Native Method)
	at sun.reflect.NativeMethodAccessorImpl.invoke(NativeMethodAccessorImpl.java:62)
	at sun.reflect.DelegatingMethodAccessorImpl.invoke(DelegatingMethodAccessorImpl.java:43)
	at java.lang.reflect.Method.invoke(Method.java:498)
	at org.junit.runners.model.FrameworkMethod$1.runReflectiveCall(FrameworkMethod.java:59)
	at org.junit.internal.runners.model.ReflectiveCallable.run(ReflectiveCallable.java:12)
	at org.junit.runners.model.FrameworkMethod.invokeExplosively(FrameworkMethod.java:56)
	at org.junit.internal.runners.statements.InvokeMethod.evaluate(InvokeMethod.java:17)
	at org.junit.internal.runners.statements.FailOnTimeout$CallableStatement.call(FailOnTimeout.java:288)
	at org.junit.internal.runners.statements.FailOnTimeout$CallableStatement.call(FailOnTimeout.java:282)
	at java.util.concurrent.FutureTask.run(FutureTask.java:266)
	at java.lang.Thread.run(Thread.java:750)
</skipped>
  </testcase>
  <testcase name="testNonExplicitlyCreatedPathExistsAfterItsLeafsWereRemoved[2]" classname="org.apache.hadoop.fs.ozone.TestRootedOzoneFileSystem" time="0.09"/>
  <testcase name="testFileDelete[2]" classname="org.apache.hadoop.fs.ozone.TestRootedOzoneFileSystem" time="0.137"/>
  <testcase name="testRenameToTrashEnabled[2]" classname="org.apache.hadoop.fs.ozone.TestRootedOzoneFileSystem" time="0.267"/>
  <testcase name="testMkdirOnNonExistentVolumeBucketDir[2]" classname="org.apache.hadoop.fs.ozone.TestRootedOzoneFileSystem" time="0">
    <skipped message="FS Path is enabled. Skipping this test as it is not tuned for FS Path yet" type="org.junit.AssumptionViolatedException">org.junit.AssumptionViolatedException: FS Path is enabled. Skipping this test as it is not tuned for FS Path yet
	at org.junit.Assume.assumeTrue(Assume.java:68)
	at org.apache.hadoop.fs.ozone.TestRootedOzoneFileSystem.testMkdirOnNonExistentVolumeBucketDir(TestRootedOzoneFileSystem.java:405)
	at sun.reflect.NativeMethodAccessorImpl.invoke0(Native Method)
	at sun.reflect.NativeMethodAccessorImpl.invoke(NativeMethodAccessorImpl.java:62)
	at sun.reflect.DelegatingMethodAccessorImpl.invoke(DelegatingMethodAccessorImpl.java:43)
	at java.lang.reflect.Method.invoke(Method.java:498)
	at org.junit.runners.model.FrameworkMethod$1.runReflectiveCall(FrameworkMethod.java:59)
	at org.junit.internal.runners.model.ReflectiveCallable.run(ReflectiveCallable.java:12)
	at org.junit.runners.model.FrameworkMethod.invokeExplosively(FrameworkMethod.java:56)
	at org.junit.internal.runners.statements.InvokeMethod.evaluate(InvokeMethod.java:17)
	at org.junit.internal.runners.statements.FailOnTimeout$CallableStatement.call(FailOnTimeout.java:288)
	at org.junit.internal.runners.statements.FailOnTimeout$CallableStatement.call(FailOnTimeout.java:282)
	at java.util.concurrent.FutureTask.run(FutureTask.java:266)
	at java.lang.Thread.run(Thread.java:750)
</skipped>
    <system-out><![CDATA[2022-03-01 14:08:25,127 [grpc-default-executor-0] INFO  impl.RoleInfo (RoleInfo.java:updateAndGet(130)) - ffb50977-138e-42ec-9f6c-2fee95879726: start ffb50977-138e-42ec-9f6c-2fee95879726@group-598D80EA352E-FollowerState
2022-03-01 14:08:25,129 [grpc-default-executor-3] INFO  server.RaftServer$Division (RaftServerImpl.java:requestVote(1046)) - e4227631-9ebf-4460-8078-a4dbf323e9d1@group-598D80EA352E: receive requestVote(ELECTION, 62ad9cdf-96ac-404e-9c91-d824a9b2a1ad, group-598D80EA352E, 2, (t:0, i:0))
2022-03-01 14:08:25,129 [grpc-default-executor-3] INFO  impl.VoteContext (VoteContext.java:log(48)) - e4227631-9ebf-4460-8078-a4dbf323e9d1@group-598D80EA352E-FOLLOWER: accept ELECTION from 62ad9cdf-96ac-404e-9c91-d824a9b2a1ad: our priority 0 <= candidate's priority 0
2022-03-01 14:08:25,129 [grpc-default-executor-3] INFO  server.RaftServer$Division (RaftServerImpl.java:setRole(290)) - e4227631-9ebf-4460-8078-a4dbf323e9d1@group-598D80EA352E: changes role from  FOLLOWER to FOLLOWER at term 2 for candidate:62ad9cdf-96ac-404e-9c91-d824a9b2a1ad
2022-03-01 14:08:25,130 [grpc-default-executor-3] INFO  impl.RoleInfo (RoleInfo.java:shutdownFollowerState(108)) - e4227631-9ebf-4460-8078-a4dbf323e9d1: shutdown e4227631-9ebf-4460-8078-a4dbf323e9d1@group-598D80EA352E-FollowerState
2022-03-01 14:08:25,133 [ffb50977-138e-42ec-9f6c-2fee95879726@group-598D80EA352E-FollowerState] INFO  impl.FollowerState (FollowerState.java:run(143)) - ffb50977-138e-42ec-9f6c-2fee95879726@group-598D80EA352E-FollowerState was interrupted: {}
java.lang.InterruptedException: sleep interrupted
	at java.lang.Thread.sleep(Native Method)
	at java.lang.Thread.sleep(Thread.java:342)
	at java.util.concurrent.TimeUnit.sleep(TimeUnit.java:386)
	at org.apache.ratis.util.TimeDuration.sleep(TimeDuration.java:324)
	at org.apache.ratis.util.TimeDuration.sleep(TimeDuration.java:309)
	at org.apache.ratis.server.impl.FollowerState.run(FollowerState.java:118)
2022-03-01 14:08:25,141 [grpc-default-executor-3] INFO  impl.RoleInfo (RoleInfo.java:updateAndGet(130)) - e4227631-9ebf-4460-8078-a4dbf323e9d1: start e4227631-9ebf-4460-8078-a4dbf323e9d1@group-598D80EA352E-FollowerState
2022-03-01 14:08:25,141 [e4227631-9ebf-4460-8078-a4dbf323e9d1@group-598D80EA352E-FollowerState] INFO  impl.FollowerState (FollowerState.java:run(143)) - e4227631-9ebf-4460-8078-a4dbf323e9d1@group-598D80EA352E-FollowerState was interrupted: {}
java.lang.InterruptedException: sleep interrupted
	at java.lang.Thread.sleep(Native Method)
	at java.lang.Thread.sleep(Thread.java:342)
	at java.util.concurrent.TimeUnit.sleep(TimeUnit.java:386)
	at org.apache.ratis.util.TimeDuration.sleep(TimeDuration.java:324)
	at org.apache.ratis.util.TimeDuration.sleep(TimeDuration.java:309)
	at org.apache.ratis.server.impl.FollowerState.run(FollowerState.java:118)
2022-03-01 14:08:25,145 [grpc-default-executor-0] INFO  server.RaftServer$Division (RaftServerImpl.java:requestVote(1078)) - ffb50977-138e-42ec-9f6c-2fee95879726@group-598D80EA352E replies to ELECTION vote request: 62ad9cdf-96ac-404e-9c91-d824a9b2a1ad<-ffb50977-138e-42ec-9f6c-2fee95879726#0:FAIL-t2. Peer's state: ffb50977-138e-42ec-9f6c-2fee95879726@group-598D80EA352E:t2, leader=null, voted=null, raftlog=ffb50977-138e-42ec-9f6c-2fee95879726@group-598D80EA352E-SegmentedRaftLog:OPENED:c-1, conf=-1: [ffb50977-138e-42ec-9f6c-2fee95879726|rpc:10.1.0.24:43185|dataStream:|priority:1, e4227631-9ebf-4460-8078-a4dbf323e9d1|rpc:10.1.0.24:43437|dataStream:|priority:0, 62ad9cdf-96ac-404e-9c91-d824a9b2a1ad|rpc:10.1.0.24:37449|dataStream:|priority:0], old=null
2022-03-01 14:08:25,148 [62ad9cdf-96ac-404e-9c91-d824a9b2a1ad@group-598D80EA352E-LeaderElection40] INFO  impl.LeaderElection (LeaderElection.java:logAndReturn(89)) - 62ad9cdf-96ac-404e-9c91-d824a9b2a1ad@group-598D80EA352E-LeaderElection40: ELECTION REJECTED received 1 response(s) and 0 exception(s):
2022-03-01 14:08:25,148 [62ad9cdf-96ac-404e-9c91-d824a9b2a1ad@group-598D80EA352E-LeaderElection40] INFO  impl.LeaderElection (LeaderElection.java:logAndReturn(93)) -   Response 0: 62ad9cdf-96ac-404e-9c91-d824a9b2a1ad<-ffb50977-138e-42ec-9f6c-2fee95879726#0:FAIL-t2
2022-03-01 14:08:25,148 [62ad9cdf-96ac-404e-9c91-d824a9b2a1ad@group-598D80EA352E-LeaderElection40] INFO  impl.LeaderElection (LeaderElection.java:askForVotes(308)) - 62ad9cdf-96ac-404e-9c91-d824a9b2a1ad@group-598D80EA352E-LeaderElection40 ELECTION round 0: result REJECTED
2022-03-01 14:08:25,148 [62ad9cdf-96ac-404e-9c91-d824a9b2a1ad@group-598D80EA352E-LeaderElection40] INFO  server.RaftServer$Division (RaftServerImpl.java:setRole(290)) - 62ad9cdf-96ac-404e-9c91-d824a9b2a1ad@group-598D80EA352E: changes role from CANDIDATE to FOLLOWER at term 2 for REJECTED
2022-03-01 14:08:25,148 [62ad9cdf-96ac-404e-9c91-d824a9b2a1ad@group-598D80EA352E-LeaderElection40] INFO  impl.RoleInfo (RoleInfo.java:shutdownLeaderElection(121)) - 62ad9cdf-96ac-404e-9c91-d824a9b2a1ad: shutdown 62ad9cdf-96ac-404e-9c91-d824a9b2a1ad@group-598D80EA352E-LeaderElection40
2022-03-01 14:08:25,148 [62ad9cdf-96ac-404e-9c91-d824a9b2a1ad@group-598D80EA352E-LeaderElection40] INFO  impl.RoleInfo (RoleInfo.java:updateAndGet(130)) - 62ad9cdf-96ac-404e-9c91-d824a9b2a1ad: start 62ad9cdf-96ac-404e-9c91-d824a9b2a1ad@group-598D80EA352E-FollowerState
2022-03-01 14:08:25,148 [grpc-default-executor-3] INFO  server.RaftServer$Division (RaftServerImpl.java:requestVote(1078)) - e4227631-9ebf-4460-8078-a4dbf323e9d1@group-598D80EA352E replies to ELECTION vote request: 62ad9cdf-96ac-404e-9c91-d824a9b2a1ad<-e4227631-9ebf-4460-8078-a4dbf323e9d1#0:OK-t2. Peer's state: e4227631-9ebf-4460-8078-a4dbf323e9d1@group-598D80EA352E:t2, leader=null, voted=62ad9cdf-96ac-404e-9c91-d824a9b2a1ad, raftlog=e4227631-9ebf-4460-8078-a4dbf323e9d1@group-598D80EA352E-SegmentedRaftLog:OPENED:c-1, conf=-1: [ffb50977-138e-42ec-9f6c-2fee95879726|rpc:10.1.0.24:43185|dataStream:|priority:1, e4227631-9ebf-4460-8078-a4dbf323e9d1|rpc:10.1.0.24:43437|dataStream:|priority:0, 62ad9cdf-96ac-404e-9c91-d824a9b2a1ad|rpc:10.1.0.24:37449|dataStream:|priority:0], old=null
]]></system-out>
  </testcase>
  <testcase name="testListStatusOnLargeDirectory[2]" classname="org.apache.hadoop.fs.ozone.TestRootedOzoneFileSystem" time="13.261"/>
  <testcase name="testRenameToDifferentBucket[2]" classname="org.apache.hadoop.fs.ozone.TestRootedOzoneFileSystem" time="0.046"/>
  <testcase name="testListStatusInBucket[2]" classname="org.apache.hadoop.fs.ozone.TestRootedOzoneFileSystem" time="0.016"/>
  <testcase name="testRenameFileToDir[2]" classname="org.apache.hadoop.fs.ozone.TestRootedOzoneFileSystem" time="0.087"/>
  <testcase name="testNonPrivilegedUserMkdirCreateBucket[3]" classname="org.apache.hadoop.fs.ozone.TestRootedOzoneFileSystem" time="0">
    <skipped message="ACL is not enabled. Skipping this test as it requires ACL to be enabled to be meaningful." type="org.junit.AssumptionViolatedException">org.junit.AssumptionViolatedException: ACL is not enabled. Skipping this test as it requires ACL to be enabled to be meaningful.
	at org.junit.Assume.assumeTrue(Assume.java:68)
	at org.apache.hadoop.fs.ozone.TestRootedOzoneFileSystem.testNonPrivilegedUserMkdirCreateBucket(TestRootedOzoneFileSystem.java:1582)
	at sun.reflect.NativeMethodAccessorImpl.invoke0(Native Method)
	at sun.reflect.NativeMethodAccessorImpl.invoke(NativeMethodAccessorImpl.java:62)
	at sun.reflect.DelegatingMethodAccessorImpl.invoke(DelegatingMethodAccessorImpl.java:43)
	at java.lang.reflect.Method.invoke(Method.java:498)
	at org.junit.runners.model.FrameworkMethod$1.runReflectiveCall(FrameworkMethod.java:59)
	at org.junit.internal.runners.model.ReflectiveCallable.run(ReflectiveCallable.java:12)
	at org.junit.runners.model.FrameworkMethod.invokeExplosively(FrameworkMethod.java:56)
	at org.junit.internal.runners.statements.InvokeMethod.evaluate(InvokeMethod.java:17)
	at org.junit.internal.runners.statements.FailOnTimeout$CallableStatement.call(FailOnTimeout.java:288)
	at org.junit.internal.runners.statements.FailOnTimeout$CallableStatement.call(FailOnTimeout.java:282)
	at java.util.concurrent.FutureTask.run(FutureTask.java:266)
	at java.lang.Thread.run(Thread.java:750)
</skipped>
    <system-out><![CDATA[2022-03-01 14:08:38,590 [Listener at 127.0.0.1/40229] INFO  ozone.MiniOzoneClusterImpl (MiniOzoneClusterImpl.java:shutdown(449)) - Shutting down the Mini Ozone Cluster
2022-03-01 14:08:38,590 [Listener at 127.0.0.1/40229] INFO  ozone.MiniOzoneClusterImpl (MiniOzoneClusterImpl.java:stop(464)) - Stopping the Mini Ozone Cluster
2022-03-01 14:08:38,590 [Listener at 127.0.0.1/40229] INFO  ozone.MiniOzoneClusterImpl (MiniOzoneClusterImpl.java:stopOM(546)) - Stopping the OzoneManager
2022-03-01 14:08:38,590 [Listener at 127.0.0.1/40229] INFO  om.OzoneManager (OzoneManager.java:stop(1893)) - om1[localhost:0]: Stopping Ozone Manager
2022-03-01 14:08:38,590 [Listener at 127.0.0.1/40229] INFO  ipc.Server (Server.java:stop(3414)) - Stopping server on 40229
2022-03-01 14:08:38,593 [Listener at 127.0.0.1/40229] INFO  ratis.OzoneManagerDoubleBuffer (OzoneManagerDoubleBuffer.java:stop(437)) - Stopping OMDoubleBuffer flush thread
2022-03-01 14:08:38,593 [OMDoubleBufferFlushThread] INFO  ratis.OzoneManagerDoubleBuffer (OzoneManagerDoubleBuffer.java:flushTransactions(356)) - OMDoubleBuffer flush thread OMDoubleBufferFlushThread is interrupted and will exit. OMDoubleBufferFlushThread
2022-03-01 14:08:38,593 [Listener at 127.0.0.1/40229] INFO  utils.BackgroundService (BackgroundService.java:shutdown(132)) - Shutting down service KeyDeletingService
2022-03-01 14:08:38,593 [IPC Server Responder] INFO  ipc.Server (Server.java:run(1512)) - Stopping IPC Server Responder
2022-03-01 14:08:38,593 [IPC Server listener on 0] INFO  ipc.Server (Server.java:run(1376)) - Stopping IPC Server listener on 0
2022-03-01 14:08:38,594 [Listener at 127.0.0.1/40229] INFO  utils.BackgroundService (BackgroundService.java:shutdown(132)) - Shutting down service DirectoryDeletingService
2022-03-01 14:08:38,603 [Listener at 127.0.0.1/40229] INFO  handler.ContextHandler (ContextHandler.java:doStop(1153)) - Stopped o.e.j.w.WebAppContext@243135c1{ozoneManager,/,null,STOPPED}{file:/home/runner/work/ozone/ozone/hadoop-ozone/integration-test/target/test-classes/webapps/ozoneManager}
2022-03-01 14:08:38,615 [Listener at 127.0.0.1/40229] INFO  server.AbstractConnector (AbstractConnector.java:doStop(381)) - Stopped ServerConnector@1c7f3446{HTTP/1.1, (http/1.1)}{0.0.0.0:0}
2022-03-01 14:08:38,615 [Listener at 127.0.0.1/40229] INFO  server.session (HouseKeeper.java:stopScavenging(149)) - node0 Stopped scavenging
2022-03-01 14:08:38,616 [Listener at 127.0.0.1/40229] INFO  handler.ContextHandler (ContextHandler.java:doStop(1153)) - Stopped o.e.j.s.ServletContextHandler@42493c07{static,/static,file:///home/runner/work/ozone/ozone/hadoop-ozone/integration-test/target/test-classes/webapps/static,STOPPED}
2022-03-01 14:08:38,616 [Listener at 127.0.0.1/40229] INFO  handler.ContextHandler (ContextHandler.java:doStop(1153)) - Stopped o.e.j.s.ServletContextHandler@1c8a2352{logs,/logs,file:///home/runner/work/ozone/ozone/hadoop-ozone/integration-test/target/log,STOPPED}
2022-03-01 14:08:38,617 [Trash Emptier] ERROR om.TrashPolicyOzone (TrashPolicyOzone.java:run(251)) - Error attempting to shutdown
java.lang.InterruptedException
	at java.util.concurrent.locks.AbstractQueuedSynchronizer$ConditionObject.awaitNanos(AbstractQueuedSynchronizer.java:2067)
	at java.util.concurrent.ThreadPoolExecutor.awaitTermination(ThreadPoolExecutor.java:1475)
	at org.apache.hadoop.ozone.om.TrashPolicyOzone$Emptier.run(TrashPolicyOzone.java:249)
	at java.lang.Thread.run(Thread.java:750)
2022-03-01 14:08:38,620 [Trash Emptier] ERROR util.ExitUtils (ExitUtils.java:terminate(133)) - Terminating with exit status -1: Thread[Trash Emptier,5,main] has thrown an uncaught exception
java.lang.UnsupportedOperationException: fs.getUri() not implemented in TrashOzoneFileSystem
	at org.apache.hadoop.ozone.om.TrashOzoneFileSystem.getUri(TrashOzoneFileSystem.java:124)
	at org.apache.hadoop.fs.FileSystem.close(FileSystem.java:2592)
	at org.apache.hadoop.ozone.om.TrashPolicyOzone$Emptier.run(TrashPolicyOzone.java:243)
	at java.lang.Thread.run(Thread.java:750)
2022-03-01 14:08:38,625 [Listener at 127.0.0.1/40229] INFO  ozone.MiniOzoneClusterImpl (MiniOzoneClusterImpl.java:stopDatanodes(523)) - Stopping the HddsDatanodes
2022-03-01 14:08:40,616 [ffb50977-138e-42ec-9f6c-2fee95879726@group-598D80EA352E-FollowerState] INFO  impl.FollowerState (FollowerState.java:run(134)) - ffb50977-138e-42ec-9f6c-2fee95879726@group-598D80EA352E-FollowerState: change to CANDIDATE, lastRpcElapsedTime:5119521430ns, electionTimeout:5098ms
2022-03-01 14:08:40,616 [ffb50977-138e-42ec-9f6c-2fee95879726@group-598D80EA352E-FollowerState] INFO  impl.RoleInfo (RoleInfo.java:shutdownFollowerState(108)) - ffb50977-138e-42ec-9f6c-2fee95879726: shutdown ffb50977-138e-42ec-9f6c-2fee95879726@group-598D80EA352E-FollowerState
2022-03-01 14:08:40,616 [ffb50977-138e-42ec-9f6c-2fee95879726@group-598D80EA352E-FollowerState] INFO  server.RaftServer$Division (RaftServerImpl.java:setRole(290)) - ffb50977-138e-42ec-9f6c-2fee95879726@group-598D80EA352E: changes role from  FOLLOWER to CANDIDATE at term 4 for changeToCandidate
2022-03-01 14:08:40,617 [ffb50977-138e-42ec-9f6c-2fee95879726@group-598D80EA352E-FollowerState] INFO  server.RaftServerConfigKeys (ConfUtils.java:logGet(44)) - raft.server.leaderelection.pre-vote = false (custom)
2022-03-01 14:08:40,617 [ffb50977-138e-42ec-9f6c-2fee95879726@group-598D80EA352E-FollowerState] INFO  impl.RoleInfo (RoleInfo.java:updateAndGet(130)) - ffb50977-138e-42ec-9f6c-2fee95879726: start ffb50977-138e-42ec-9f6c-2fee95879726@group-598D80EA352E-LeaderElection44
2022-03-01 14:08:40,627 [62ad9cdf-96ac-404e-9c91-d824a9b2a1ad@group-598D80EA352E-FollowerState] INFO  impl.FollowerState (FollowerState.java:run(134)) - 62ad9cdf-96ac-404e-9c91-d824a9b2a1ad@group-598D80EA352E-FollowerState: change to CANDIDATE, lastRpcElapsedTime:5084874822ns, electionTimeout:5077ms
2022-03-01 14:08:40,627 [62ad9cdf-96ac-404e-9c91-d824a9b2a1ad@group-598D80EA352E-FollowerState] INFO  impl.RoleInfo (RoleInfo.java:shutdownFollowerState(108)) - 62ad9cdf-96ac-404e-9c91-d824a9b2a1ad: shutdown 62ad9cdf-96ac-404e-9c91-d824a9b2a1ad@group-598D80EA352E-FollowerState
2022-03-01 14:08:40,627 [62ad9cdf-96ac-404e-9c91-d824a9b2a1ad@group-598D80EA352E-FollowerState] INFO  server.RaftServer$Division (RaftServerImpl.java:setRole(290)) - 62ad9cdf-96ac-404e-9c91-d824a9b2a1ad@group-598D80EA352E: changes role from  FOLLOWER to CANDIDATE at term 4 for changeToCandidate
2022-03-01 14:08:40,627 [62ad9cdf-96ac-404e-9c91-d824a9b2a1ad@group-598D80EA352E-FollowerState] INFO  server.RaftServerConfigKeys (ConfUtils.java:logGet(44)) - raft.server.leaderelection.pre-vote = false (custom)
2022-03-01 14:08:40,628 [62ad9cdf-96ac-404e-9c91-d824a9b2a1ad@group-598D80EA352E-FollowerState] INFO  impl.RoleInfo (RoleInfo.java:updateAndGet(130)) - 62ad9cdf-96ac-404e-9c91-d824a9b2a1ad: start 62ad9cdf-96ac-404e-9c91-d824a9b2a1ad@group-598D80EA352E-LeaderElection45
2022-03-01 14:08:40,649 [ffb50977-138e-42ec-9f6c-2fee95879726@group-598D80EA352E-LeaderElection44] INFO  impl.LeaderElection (LeaderElection.java:askForVotes(306)) - ffb50977-138e-42ec-9f6c-2fee95879726@group-598D80EA352E-LeaderElection44 ELECTION round 0: submit vote requests at term 5 for -1: [ffb50977-138e-42ec-9f6c-2fee95879726|rpc:10.1.0.24:43185|dataStream:|priority:1, e4227631-9ebf-4460-8078-a4dbf323e9d1|rpc:10.1.0.24:43437|dataStream:|priority:0, 62ad9cdf-96ac-404e-9c91-d824a9b2a1ad|rpc:10.1.0.24:37449|dataStream:|priority:0], old=null
2022-03-01 14:08:40,654 [grpc-default-executor-0] INFO  server.RaftServer$Division (RaftServerImpl.java:requestVote(1046)) - e4227631-9ebf-4460-8078-a4dbf323e9d1@group-598D80EA352E: receive requestVote(ELECTION, ffb50977-138e-42ec-9f6c-2fee95879726, group-598D80EA352E, 5, (t:0, i:0))
2022-03-01 14:08:40,654 [grpc-default-executor-0] INFO  impl.VoteContext (VoteContext.java:log(48)) - e4227631-9ebf-4460-8078-a4dbf323e9d1@group-598D80EA352E-FOLLOWER: accept ELECTION from ffb50977-138e-42ec-9f6c-2fee95879726: our priority 0 <= candidate's priority 1
2022-03-01 14:08:40,654 [grpc-default-executor-0] INFO  server.RaftServer$Division (RaftServerImpl.java:setRole(290)) - e4227631-9ebf-4460-8078-a4dbf323e9d1@group-598D80EA352E: changes role from  FOLLOWER to FOLLOWER at term 5 for candidate:ffb50977-138e-42ec-9f6c-2fee95879726
2022-03-01 14:08:40,654 [grpc-default-executor-0] INFO  impl.RoleInfo (RoleInfo.java:shutdownFollowerState(108)) - e4227631-9ebf-4460-8078-a4dbf323e9d1: shutdown e4227631-9ebf-4460-8078-a4dbf323e9d1@group-598D80EA352E-FollowerState
2022-03-01 14:08:40,661 [grpc-default-executor-0] INFO  impl.RoleInfo (RoleInfo.java:updateAndGet(130)) - e4227631-9ebf-4460-8078-a4dbf323e9d1: start e4227631-9ebf-4460-8078-a4dbf323e9d1@group-598D80EA352E-FollowerState
2022-03-01 14:08:40,661 [e4227631-9ebf-4460-8078-a4dbf323e9d1@group-598D80EA352E-FollowerState] INFO  impl.FollowerState (FollowerState.java:run(143)) - e4227631-9ebf-4460-8078-a4dbf323e9d1@group-598D80EA352E-FollowerState was interrupted: {}
java.lang.InterruptedException: sleep interrupted
	at java.lang.Thread.sleep(Native Method)
	at java.lang.Thread.sleep(Thread.java:342)
	at java.util.concurrent.TimeUnit.sleep(TimeUnit.java:386)
	at org.apache.ratis.util.TimeDuration.sleep(TimeDuration.java:324)
	at org.apache.ratis.util.TimeDuration.sleep(TimeDuration.java:309)
	at org.apache.ratis.server.impl.FollowerState.run(FollowerState.java:118)
2022-03-01 14:08:40,662 [grpc-default-executor-1] INFO  server.RaftServer$Division (RaftServerImpl.java:requestVote(1046)) - 62ad9cdf-96ac-404e-9c91-d824a9b2a1ad@group-598D80EA352E: receive requestVote(ELECTION, ffb50977-138e-42ec-9f6c-2fee95879726, group-598D80EA352E, 5, (t:0, i:0))
2022-03-01 14:08:40,663 [grpc-default-executor-0] INFO  server.RaftServer$Division (RaftServerImpl.java:requestVote(1078)) - e4227631-9ebf-4460-8078-a4dbf323e9d1@group-598D80EA352E replies to ELECTION vote request: ffb50977-138e-42ec-9f6c-2fee95879726<-e4227631-9ebf-4460-8078-a4dbf323e9d1#0:OK-t5. Peer's state: e4227631-9ebf-4460-8078-a4dbf323e9d1@group-598D80EA352E:t5, leader=null, voted=ffb50977-138e-42ec-9f6c-2fee95879726, raftlog=e4227631-9ebf-4460-8078-a4dbf323e9d1@group-598D80EA352E-SegmentedRaftLog:OPENED:c-1, conf=-1: [ffb50977-138e-42ec-9f6c-2fee95879726|rpc:10.1.0.24:43185|dataStream:|priority:1, e4227631-9ebf-4460-8078-a4dbf323e9d1|rpc:10.1.0.24:43437|dataStream:|priority:0, 62ad9cdf-96ac-404e-9c91-d824a9b2a1ad|rpc:10.1.0.24:37449|dataStream:|priority:0], old=null
2022-03-01 14:08:40,664 [ffb50977-138e-42ec-9f6c-2fee95879726@group-598D80EA352E-LeaderElection44] INFO  impl.LeaderElection (LeaderElection.java:logAndReturn(89)) - ffb50977-138e-42ec-9f6c-2fee95879726@group-598D80EA352E-LeaderElection44: ELECTION PASSED received 1 response(s) and 0 exception(s):
2022-03-01 14:08:40,664 [ffb50977-138e-42ec-9f6c-2fee95879726@group-598D80EA352E-LeaderElection44] INFO  impl.LeaderElection (LeaderElection.java:logAndReturn(93)) -   Response 0: ffb50977-138e-42ec-9f6c-2fee95879726<-e4227631-9ebf-4460-8078-a4dbf323e9d1#0:OK-t5
2022-03-01 14:08:40,664 [ffb50977-138e-42ec-9f6c-2fee95879726@group-598D80EA352E-LeaderElection44] INFO  impl.LeaderElection (LeaderElection.java:askForVotes(308)) - ffb50977-138e-42ec-9f6c-2fee95879726@group-598D80EA352E-LeaderElection44 ELECTION round 0: result PASSED
2022-03-01 14:08:40,665 [ffb50977-138e-42ec-9f6c-2fee95879726@group-598D80EA352E-LeaderElection44] INFO  impl.RoleInfo (RoleInfo.java:shutdownLeaderElection(121)) - ffb50977-138e-42ec-9f6c-2fee95879726: shutdown ffb50977-138e-42ec-9f6c-2fee95879726@group-598D80EA352E-LeaderElection44
2022-03-01 14:08:40,665 [ffb50977-138e-42ec-9f6c-2fee95879726@group-598D80EA352E-LeaderElection44] INFO  server.RaftServer$Division (RaftServerImpl.java:setRole(290)) - ffb50977-138e-42ec-9f6c-2fee95879726@group-598D80EA352E: changes role from CANDIDATE to LEADER at term 5 for changeToLeader
2022-03-01 14:08:40,665 [ffb50977-138e-42ec-9f6c-2fee95879726@group-598D80EA352E-LeaderElection44] INFO  ratis.XceiverServerRatis (XceiverServerRatis.java:handleLeaderChangedNotification(867)) - Leader change notification received for group: group-598D80EA352E with new leaderId: ffb50977-138e-42ec-9f6c-2fee95879726
2022-03-01 14:08:40,665 [ffb50977-138e-42ec-9f6c-2fee95879726@group-598D80EA352E-LeaderElection44] INFO  server.RaftServer$Division (ServerState.java:setLeader(285)) - ffb50977-138e-42ec-9f6c-2fee95879726@group-598D80EA352E: change Leader from null to ffb50977-138e-42ec-9f6c-2fee95879726 at term 5 for becomeLeader, leader elected after 25643ms
2022-03-01 14:08:40,665 [ffb50977-138e-42ec-9f6c-2fee95879726@group-598D80EA352E-LeaderElection44] INFO  server.RaftServerConfigKeys (ConfUtils.java:logGet(44)) - raft.server.staging.catchup.gap = 1000 (default)
2022-03-01 14:08:40,665 [ffb50977-138e-42ec-9f6c-2fee95879726@group-598D80EA352E-LeaderElection44] INFO  server.RaftServerConfigKeys (ConfUtils.java:logGet(44)) - raft.server.write.element-limit = 1024 (custom)
2022-03-01 14:08:40,665 [ffb50977-138e-42ec-9f6c-2fee95879726@group-598D80EA352E-LeaderElection44] INFO  server.RaftServerConfigKeys (ConfUtils.java:logGet(44)) - raft.server.write.byte-limit = 1024 M (=1073741824) (custom)
2022-03-01 14:08:40,665 [ffb50977-138e-42ec-9f6c-2fee95879726@group-598D80EA352E-LeaderElection44] INFO  server.RaftServerConfigKeys (ConfUtils.java:logGet(44)) - raft.server.watch.timeout = 180s (custom)
2022-03-01 14:08:40,665 [ffb50977-138e-42ec-9f6c-2fee95879726@group-598D80EA352E-LeaderElection44] INFO  server.RaftServerConfigKeys (ConfUtils.java:logGet(44)) - raft.server.watch.timeout.denomination = 1s (default)
2022-03-01 14:08:40,665 [ffb50977-138e-42ec-9f6c-2fee95879726@group-598D80EA352E-LeaderElection44] INFO  server.RaftServerConfigKeys (ConfUtils.java:logGet(44)) - raft.server.watch.element-limit = 65536 (default)
2022-03-01 14:08:40,665 [ffb50977-138e-42ec-9f6c-2fee95879726@group-598D80EA352E-LeaderElection44] INFO  server.RaftServerConfigKeys (ConfUtils.java:logGet(44)) - raft.server.write.element-limit = 1024 (custom)
2022-03-01 14:08:40,665 [ffb50977-138e-42ec-9f6c-2fee95879726@group-598D80EA352E-LeaderElection44] INFO  server.RaftServerConfigKeys (ConfUtils.java:logGet(44)) - raft.server.write.follower.gap.ratio.max = -1.0 (default)
2022-03-01 14:08:40,666 [ffb50977-138e-42ec-9f6c-2fee95879726@group-598D80EA352E-LeaderElection44] INFO  server.RaftServerConfigKeys (ConfUtils.java:logGet(44)) - raft.server.log.appender.snapshot.chunk.size.max = 16MB (=16777216) (default)
2022-03-01 14:08:40,666 [ffb50977-138e-42ec-9f6c-2fee95879726@group-598D80EA352E-LeaderElection44] INFO  server.RaftServerConfigKeys (ConfUtils.java:logGet(44)) - raft.server.log.appender.buffer.byte-limit = 33554432 (custom)
2022-03-01 14:08:40,666 [ffb50977-138e-42ec-9f6c-2fee95879726@group-598D80EA352E-LeaderElection44] INFO  server.RaftServerConfigKeys (ConfUtils.java:logGet(44)) - raft.server.log.appender.buffer.element-limit = 1 (custom)
2022-03-01 14:08:40,666 [ffb50977-138e-42ec-9f6c-2fee95879726@group-598D80EA352E-LeaderElection44] INFO  grpc.GrpcConfigKeys (ConfUtils.java:logGet(44)) - raft.grpc.server.leader.outstanding.appends.max = 128 (default)
2022-03-01 14:08:40,666 [ffb50977-138e-42ec-9f6c-2fee95879726@group-598D80EA352E-LeaderElection44] INFO  server.RaftServerConfigKeys (ConfUtils.java:logGet(44)) - raft.server.rpc.request.timeout = 60s (custom)
2022-03-01 14:08:40,666 [ffb50977-138e-42ec-9f6c-2fee95879726@group-598D80EA352E-LeaderElection44] INFO  server.RaftServerConfigKeys (ConfUtils.java:logGet(44)) - raft.server.log.appender.install.snapshot.enabled = false (custom)
2022-03-01 14:08:40,667 [EventQueue-PipelineReportForPipelineReportHandler] INFO  pipeline.PipelineManagerImpl (PipelineManagerImpl.java:openPipeline(291)) - Pipeline Pipeline[ Id: a2d21331-83e4-429e-a463-598d80ea352e, Nodes: e4227631-9ebf-4460-8078-a4dbf323e9d1{ip: 10.1.0.24, host: fv-az195-209.u3nnjwd0vyge1bu22idnsdeq2e.cx.internal.cloudapp.net, ports: [REPLICATION=36405, RATIS=43437, RATIS_ADMIN=43437, RATIS_SERVER=43437, STANDALONE=35663], networkLocation: /default-rack, certSerialId: null, persistedOpState: IN_SERVICE, persistedOpStateExpiryEpochSec: 0}ffb50977-138e-42ec-9f6c-2fee95879726{ip: 10.1.0.24, host: fv-az195-209.u3nnjwd0vyge1bu22idnsdeq2e.cx.internal.cloudapp.net, ports: [REPLICATION=46599, RATIS=43185, RATIS_ADMIN=43185, RATIS_SERVER=43185, STANDALONE=39983], networkLocation: /default-rack, certSerialId: null, persistedOpState: IN_SERVICE, persistedOpStateExpiryEpochSec: 0}62ad9cdf-96ac-404e-9c91-d824a9b2a1ad{ip: 10.1.0.24, host: fv-az195-209.u3nnjwd0vyge1bu22idnsdeq2e.cx.internal.cloudapp.net, ports: [REPLICATION=44271, RATIS=37449, RATIS_ADMIN=37449, RATIS_SERVER=37449, STANDALONE=38517], networkLocation: /default-rack, certSerialId: null, persistedOpState: IN_SERVICE, persistedOpStateExpiryEpochSec: 0}, ReplicationConfig: RATIS/THREE, State:ALLOCATED, leaderId:ffb50977-138e-42ec-9f6c-2fee95879726, CreationTimestamp2022-03-01T14:08:12.893Z[Etc/UTC]] moved to OPEN state
2022-03-01 14:08:40,668 [ffb50977-138e-42ec-9f6c-2fee95879726@group-598D80EA352E-LeaderElection44] INFO  server.RaftServerConfigKeys (ConfUtils.java:logGet(44)) - raft.server.log.appender.snapshot.chunk.size.max = 16MB (=16777216) (default)
2022-03-01 14:08:40,668 [ffb50977-138e-42ec-9f6c-2fee95879726@group-598D80EA352E-LeaderElection44] INFO  server.RaftServerConfigKeys (ConfUtils.java:logGet(44)) - raft.server.log.appender.buffer.byte-limit = 33554432 (custom)
2022-03-01 14:08:40,668 [ffb50977-138e-42ec-9f6c-2fee95879726@group-598D80EA352E-LeaderElection44] INFO  server.RaftServerConfigKeys (ConfUtils.java:logGet(44)) - raft.server.log.appender.buffer.element-limit = 1 (custom)
2022-03-01 14:08:40,668 [ffb50977-138e-42ec-9f6c-2fee95879726@group-598D80EA352E-LeaderElection44] INFO  grpc.GrpcConfigKeys (ConfUtils.java:logGet(44)) - raft.grpc.server.leader.outstanding.appends.max = 128 (default)
2022-03-01 14:08:40,668 [ffb50977-138e-42ec-9f6c-2fee95879726@group-598D80EA352E-LeaderElection44] INFO  server.RaftServerConfigKeys (ConfUtils.java:logGet(44)) - raft.server.rpc.request.timeout = 60s (custom)
2022-03-01 14:08:40,668 [ffb50977-138e-42ec-9f6c-2fee95879726@group-598D80EA352E-LeaderElection44] INFO  server.RaftServerConfigKeys (ConfUtils.java:logGet(44)) - raft.server.log.appender.install.snapshot.enabled = false (custom)
2022-03-01 14:08:40,673 [ffb50977-138e-42ec-9f6c-2fee95879726@group-598D80EA352E-LeaderElection44] INFO  impl.RoleInfo (RoleInfo.java:updateAndGet(130)) - ffb50977-138e-42ec-9f6c-2fee95879726: start ffb50977-138e-42ec-9f6c-2fee95879726@group-598D80EA352E-LeaderStateImpl
2022-03-01 14:08:40,677 [ffb50977-138e-42ec-9f6c-2fee95879726@group-598D80EA352E-LeaderElection44] INFO  segmented.SegmentedRaftLogWorker (SegmentedRaftLogWorker.java:startLogSegment(394)) - ffb50977-138e-42ec-9f6c-2fee95879726@group-598D80EA352E-SegmentedRaftLogWorker: Starting segment from index:0
2022-03-01 14:08:40,679 [ffb50977-138e-42ec-9f6c-2fee95879726@group-598D80EA352E-SegmentedRaftLogWorker] INFO  segmented.SegmentedRaftLogWorker (SegmentedRaftLogWorker.java:execute(601)) - ffb50977-138e-42ec-9f6c-2fee95879726@group-598D80EA352E-SegmentedRaftLogWorker: created new log segment /home/runner/work/ozone/ozone/hadoop-ozone/integration-test/target/test-dir/MiniOzoneClusterImpl-c3e143df-885d-4e44-9b94-c11d7991bd3d/datanode-2/data/ratis/a2d21331-83e4-429e-a463-598d80ea352e/current/log_inprogress_0
2022-03-01 14:08:40,689 [grpc-default-executor-1] INFO  impl.VoteContext (VoteContext.java:log(48)) - 62ad9cdf-96ac-404e-9c91-d824a9b2a1ad@group-598D80EA352E-CANDIDATE: reject ELECTION from ffb50977-138e-42ec-9f6c-2fee95879726: already has voted for 62ad9cdf-96ac-404e-9c91-d824a9b2a1ad at current term 5
2022-03-01 14:08:40,689 [grpc-default-executor-1] INFO  server.RaftServer$Division (RaftServerImpl.java:requestVote(1078)) - 62ad9cdf-96ac-404e-9c91-d824a9b2a1ad@group-598D80EA352E replies to ELECTION vote request: ffb50977-138e-42ec-9f6c-2fee95879726<-62ad9cdf-96ac-404e-9c91-d824a9b2a1ad#0:FAIL-t5. Peer's state: 62ad9cdf-96ac-404e-9c91-d824a9b2a1ad@group-598D80EA352E:t5, leader=null, voted=62ad9cdf-96ac-404e-9c91-d824a9b2a1ad, raftlog=62ad9cdf-96ac-404e-9c91-d824a9b2a1ad@group-598D80EA352E-SegmentedRaftLog:OPENED:c-1, conf=-1: [ffb50977-138e-42ec-9f6c-2fee95879726|rpc:10.1.0.24:43185|priority:1, e4227631-9ebf-4460-8078-a4dbf323e9d1|rpc:10.1.0.24:43437|priority:0, 62ad9cdf-96ac-404e-9c91-d824a9b2a1ad|rpc:10.1.0.24:37449|priority:0], old=null
2022-03-01 14:08:40,690 [62ad9cdf-96ac-404e-9c91-d824a9b2a1ad@group-598D80EA352E-LeaderElection45] INFO  impl.LeaderElection (LeaderElection.java:askForVotes(306)) - 62ad9cdf-96ac-404e-9c91-d824a9b2a1ad@group-598D80EA352E-LeaderElection45 ELECTION round 0: submit vote requests at term 5 for -1: [ffb50977-138e-42ec-9f6c-2fee95879726|rpc:10.1.0.24:43185|priority:1, e4227631-9ebf-4460-8078-a4dbf323e9d1|rpc:10.1.0.24:43437|priority:0, 62ad9cdf-96ac-404e-9c91-d824a9b2a1ad|rpc:10.1.0.24:37449|priority:0], old=null
2022-03-01 14:08:40,709 [ffb50977-138e-42ec-9f6c-2fee95879726@group-598D80EA352E-LeaderElection44] INFO  server.RaftServer$Division (ServerState.java:setRaftConf(387)) - ffb50977-138e-42ec-9f6c-2fee95879726@group-598D80EA352E: set configuration 0: [ffb50977-138e-42ec-9f6c-2fee95879726|rpc:10.1.0.24:43185|dataStream:|priority:1, e4227631-9ebf-4460-8078-a4dbf323e9d1|rpc:10.1.0.24:43437|dataStream:|priority:0, 62ad9cdf-96ac-404e-9c91-d824a9b2a1ad|rpc:10.1.0.24:37449|dataStream:|priority:0], old=null
2022-03-01 14:08:40,724 [grpc-default-executor-0] INFO  server.RaftServer$Division (RaftServerImpl.java:setRole(290)) - 62ad9cdf-96ac-404e-9c91-d824a9b2a1ad@group-598D80EA352E: changes role from CANDIDATE to FOLLOWER at term 5 for appendEntries
2022-03-01 14:08:40,724 [grpc-default-executor-0] INFO  impl.RoleInfo (RoleInfo.java:shutdownLeaderElection(121)) - 62ad9cdf-96ac-404e-9c91-d824a9b2a1ad: shutdown 62ad9cdf-96ac-404e-9c91-d824a9b2a1ad@group-598D80EA352E-LeaderElection45
2022-03-01 14:08:40,724 [grpc-default-executor-0] INFO  impl.RoleInfo (RoleInfo.java:updateAndGet(130)) - 62ad9cdf-96ac-404e-9c91-d824a9b2a1ad: start 62ad9cdf-96ac-404e-9c91-d824a9b2a1ad@group-598D80EA352E-FollowerState
2022-03-01 14:08:40,725 [grpc-default-executor-3] INFO  server.RaftServer$Division (RaftServerImpl.java:requestVote(1046)) - ffb50977-138e-42ec-9f6c-2fee95879726@group-598D80EA352E: receive requestVote(ELECTION, 62ad9cdf-96ac-404e-9c91-d824a9b2a1ad, group-598D80EA352E, 5, (t:0, i:0))
2022-03-01 14:08:40,725 [grpc-default-executor-3] INFO  impl.VoteContext (VoteContext.java:log(48)) - ffb50977-138e-42ec-9f6c-2fee95879726@group-598D80EA352E-LEADER: reject ELECTION from 62ad9cdf-96ac-404e-9c91-d824a9b2a1ad: already has voted for ffb50977-138e-42ec-9f6c-2fee95879726 at current term 5
2022-03-01 14:08:40,725 [grpc-default-executor-3] INFO  server.RaftServer$Division (RaftServerImpl.java:requestVote(1078)) - ffb50977-138e-42ec-9f6c-2fee95879726@group-598D80EA352E replies to ELECTION vote request: 62ad9cdf-96ac-404e-9c91-d824a9b2a1ad<-ffb50977-138e-42ec-9f6c-2fee95879726#0:FAIL-t5. Peer's state: ffb50977-138e-42ec-9f6c-2fee95879726@group-598D80EA352E:t5, leader=ffb50977-138e-42ec-9f6c-2fee95879726, voted=ffb50977-138e-42ec-9f6c-2fee95879726, raftlog=ffb50977-138e-42ec-9f6c-2fee95879726@group-598D80EA352E-SegmentedRaftLog:OPENED:c0, conf=0: [ffb50977-138e-42ec-9f6c-2fee95879726|rpc:10.1.0.24:43185|dataStream:|priority:1, e4227631-9ebf-4460-8078-a4dbf323e9d1|rpc:10.1.0.24:43437|dataStream:|priority:0, 62ad9cdf-96ac-404e-9c91-d824a9b2a1ad|rpc:10.1.0.24:37449|dataStream:|priority:0], old=null
2022-03-01 14:08:40,726 [grpc-default-executor-3] INFO  server.RaftServer$Division (RaftServerImpl.java:requestVote(1046)) - e4227631-9ebf-4460-8078-a4dbf323e9d1@group-598D80EA352E: receive requestVote(ELECTION, 62ad9cdf-96ac-404e-9c91-d824a9b2a1ad, group-598D80EA352E, 5, (t:0, i:0))
2022-03-01 14:08:40,726 [grpc-default-executor-3] INFO  impl.VoteContext (VoteContext.java:log(48)) - e4227631-9ebf-4460-8078-a4dbf323e9d1@group-598D80EA352E-FOLLOWER: reject ELECTION from 62ad9cdf-96ac-404e-9c91-d824a9b2a1ad: already has voted for ffb50977-138e-42ec-9f6c-2fee95879726 at current term 5
2022-03-01 14:08:40,726 [grpc-default-executor-3] INFO  server.RaftServer$Division (RaftServerImpl.java:requestVote(1078)) - e4227631-9ebf-4460-8078-a4dbf323e9d1@group-598D80EA352E replies to ELECTION vote request: 62ad9cdf-96ac-404e-9c91-d824a9b2a1ad<-e4227631-9ebf-4460-8078-a4dbf323e9d1#0:FAIL-t5. Peer's state: e4227631-9ebf-4460-8078-a4dbf323e9d1@group-598D80EA352E:t5, leader=null, voted=ffb50977-138e-42ec-9f6c-2fee95879726, raftlog=e4227631-9ebf-4460-8078-a4dbf323e9d1@group-598D80EA352E-SegmentedRaftLog:OPENED:c-1, conf=-1: [ffb50977-138e-42ec-9f6c-2fee95879726|rpc:10.1.0.24:43185|dataStream:|priority:1, e4227631-9ebf-4460-8078-a4dbf323e9d1|rpc:10.1.0.24:43437|dataStream:|priority:0, 62ad9cdf-96ac-404e-9c91-d824a9b2a1ad|rpc:10.1.0.24:37449|dataStream:|priority:0], old=null
2022-03-01 14:08:40,729 [grpc-default-executor-0] INFO  ratis.XceiverServerRatis (XceiverServerRatis.java:handleLeaderChangedNotification(867)) - Leader change notification received for group: group-598D80EA352E with new leaderId: ffb50977-138e-42ec-9f6c-2fee95879726
2022-03-01 14:08:40,729 [grpc-default-executor-0] INFO  server.RaftServer$Division (ServerState.java:setLeader(285)) - 62ad9cdf-96ac-404e-9c91-d824a9b2a1ad@group-598D80EA352E: change Leader from null to ffb50977-138e-42ec-9f6c-2fee95879726 at term 5 for appendEntries, leader elected after 25984ms
2022-03-01 14:08:40,734 [grpc-default-executor-0] INFO  server.RaftServer$Division (ServerState.java:setRaftConf(387)) - 62ad9cdf-96ac-404e-9c91-d824a9b2a1ad@group-598D80EA352E: set configuration 0: [ffb50977-138e-42ec-9f6c-2fee95879726|rpc:10.1.0.24:43185|dataStream:|priority:1, e4227631-9ebf-4460-8078-a4dbf323e9d1|rpc:10.1.0.24:43437|dataStream:|priority:0, 62ad9cdf-96ac-404e-9c91-d824a9b2a1ad|rpc:10.1.0.24:37449|dataStream:|priority:0], old=null
2022-03-01 14:08:40,734 [grpc-default-executor-0] INFO  segmented.SegmentedRaftLogWorker (SegmentedRaftLogWorker.java:startLogSegment(394)) - 62ad9cdf-96ac-404e-9c91-d824a9b2a1ad@group-598D80EA352E-SegmentedRaftLogWorker: Starting segment from index:0
2022-03-01 14:08:40,741 [62ad9cdf-96ac-404e-9c91-d824a9b2a1ad@group-598D80EA352E-SegmentedRaftLogWorker] INFO  segmented.SegmentedRaftLogWorker (SegmentedRaftLogWorker.java:execute(601)) - 62ad9cdf-96ac-404e-9c91-d824a9b2a1ad@group-598D80EA352E-SegmentedRaftLogWorker: created new log segment /home/runner/work/ozone/ozone/hadoop-ozone/integration-test/target/test-dir/MiniOzoneClusterImpl-c3e143df-885d-4e44-9b94-c11d7991bd3d/datanode-0/data/ratis/a2d21331-83e4-429e-a463-598d80ea352e/current/log_inprogress_0
2022-03-01 14:08:40,747 [62ad9cdf-96ac-404e-9c91-d824a9b2a1ad@group-598D80EA352E-LeaderElection45] INFO  impl.LeaderElection (LeaderElection.java:logAndReturn(89)) - 62ad9cdf-96ac-404e-9c91-d824a9b2a1ad@group-598D80EA352E-LeaderElection45: ELECTION REJECTED received 1 response(s) and 0 exception(s):
2022-03-01 14:08:40,747 [62ad9cdf-96ac-404e-9c91-d824a9b2a1ad@group-598D80EA352E-LeaderElection45] INFO  impl.LeaderElection (LeaderElection.java:logAndReturn(93)) -   Response 0: 62ad9cdf-96ac-404e-9c91-d824a9b2a1ad<-ffb50977-138e-42ec-9f6c-2fee95879726#0:FAIL-t5
2022-03-01 14:08:40,747 [62ad9cdf-96ac-404e-9c91-d824a9b2a1ad@group-598D80EA352E-LeaderElection45] INFO  impl.LeaderElection (LeaderElection.java:askForVotes(308)) - 62ad9cdf-96ac-404e-9c91-d824a9b2a1ad@group-598D80EA352E-LeaderElection45 ELECTION round 0: result REJECTED
2022-03-01 14:08:40,769 [grpc-default-executor-0] INFO  ratis.XceiverServerRatis (XceiverServerRatis.java:handleLeaderChangedNotification(867)) - Leader change notification received for group: group-598D80EA352E with new leaderId: ffb50977-138e-42ec-9f6c-2fee95879726
2022-03-01 14:08:40,770 [grpc-default-executor-0] INFO  server.RaftServer$Division (ServerState.java:setLeader(285)) - e4227631-9ebf-4460-8078-a4dbf323e9d1@group-598D80EA352E: change Leader from null to ffb50977-138e-42ec-9f6c-2fee95879726 at term 5 for appendEntries, leader elected after 25896ms
2022-03-01 14:08:40,788 [grpc-default-executor-0] INFO  server.RaftServer$Division (ServerState.java:setRaftConf(387)) - e4227631-9ebf-4460-8078-a4dbf323e9d1@group-598D80EA352E: set configuration 0: [ffb50977-138e-42ec-9f6c-2fee95879726|rpc:10.1.0.24:43185|dataStream:|priority:1, e4227631-9ebf-4460-8078-a4dbf323e9d1|rpc:10.1.0.24:43437|dataStream:|priority:0, 62ad9cdf-96ac-404e-9c91-d824a9b2a1ad|rpc:10.1.0.24:37449|dataStream:|priority:0], old=null
2022-03-01 14:08:40,788 [grpc-default-executor-0] INFO  segmented.SegmentedRaftLogWorker (SegmentedRaftLogWorker.java:startLogSegment(394)) - e4227631-9ebf-4460-8078-a4dbf323e9d1@group-598D80EA352E-SegmentedRaftLogWorker: Starting segment from index:0
2022-03-01 14:08:40,790 [e4227631-9ebf-4460-8078-a4dbf323e9d1@group-598D80EA352E-SegmentedRaftLogWorker] INFO  segmented.SegmentedRaftLogWorker (SegmentedRaftLogWorker.java:execute(601)) - e4227631-9ebf-4460-8078-a4dbf323e9d1@group-598D80EA352E-SegmentedRaftLogWorker: created new log segment /home/runner/work/ozone/ozone/hadoop-ozone/integration-test/target/test-dir/MiniOzoneClusterImpl-c3e143df-885d-4e44-9b94-c11d7991bd3d/datanode-1/data/ratis/a2d21331-83e4-429e-a463-598d80ea352e/current/log_inprogress_0
2022-03-01 14:08:43,641 [ForkJoinPool.commonPool-worker-1] INFO  ozoneimpl.OzoneContainer (OzoneContainer.java:stop(356)) - Attempting to stop container services.
2022-03-01 14:08:43,642 [Listener at 127.0.0.1/40229] INFO  ozoneimpl.OzoneContainer (OzoneContainer.java:stop(356)) - Attempting to stop container services.
2022-03-01 14:08:43,642 [ForkJoinPool.commonPool-worker-1] INFO  server.RaftServer (RaftServerProxy.java:lambda$close$6(391)) - 62ad9cdf-96ac-404e-9c91-d824a9b2a1ad: close
2022-03-01 14:08:43,642 [Listener at 127.0.0.1/40229] INFO  server.RaftServer (RaftServerProxy.java:lambda$close$6(391)) - e4227631-9ebf-4460-8078-a4dbf323e9d1: close
2022-03-01 14:08:43,643 [ForkJoinPool.commonPool-worker-1] INFO  server.RaftServer$Division (RaftServerImpl.java:lambda$close$4(412)) - 62ad9cdf-96ac-404e-9c91-d824a9b2a1ad@group-1CFAA836BE9C: shutdown
2022-03-01 14:08:43,643 [ForkJoinPool.commonPool-worker-1] INFO  util.JmxRegister (JmxRegister.java:unregister(73)) - Successfully un-registered JMX Bean with object name Ratis:service=RaftServer,group=group-1CFAA836BE9C,id=62ad9cdf-96ac-404e-9c91-d824a9b2a1ad
2022-03-01 14:08:43,643 [ForkJoinPool.commonPool-worker-1] INFO  impl.RoleInfo (RoleInfo.java:shutdownLeaderState(91)) - 62ad9cdf-96ac-404e-9c91-d824a9b2a1ad: shutdown 62ad9cdf-96ac-404e-9c91-d824a9b2a1ad@group-1CFAA836BE9C-LeaderStateImpl
2022-03-01 14:08:43,643 [ForkJoinPool.commonPool-worker-1] INFO  impl.PendingRequests (PendingRequests.java:sendNotLeaderResponses(282)) - 62ad9cdf-96ac-404e-9c91-d824a9b2a1ad@group-1CFAA836BE9C-PendingRequests: sendNotLeaderResponses
2022-03-01 14:08:43,643 [62ad9cdf-96ac-404e-9c91-d824a9b2a1ad@group-1CFAA836BE9C->e4227631-9ebf-4460-8078-a4dbf323e9d1-GrpcLogAppender-LogAppenderDaemon] WARN  server.GrpcLogAppender (GrpcLogAppender.java:mayWait(177)) - 62ad9cdf-96ac-404e-9c91-d824a9b2a1ad@group-1CFAA836BE9C->e4227631-9ebf-4460-8078-a4dbf323e9d1-GrpcLogAppender: Wait interrupted by java.lang.InterruptedException
2022-03-01 14:08:43,643 [Listener at 127.0.0.1/40229] INFO  server.RaftServer$Division (RaftServerImpl.java:lambda$close$4(412)) - e4227631-9ebf-4460-8078-a4dbf323e9d1@group-1CFAA836BE9C: shutdown
2022-03-01 14:08:43,646 [62ad9cdf-96ac-404e-9c91-d824a9b2a1ad@group-1CFAA836BE9C-StateMachineUpdater] INFO  ratis.ContainerStateMachine (ContainerStateMachine.java:takeSnapshot(304)) - group-1CFAA836BE9C: Taking a snapshot at:(t:1, i:26) file /home/runner/work/ozone/ozone/hadoop-ozone/integration-test/target/test-dir/MiniOzoneClusterImpl-c3e143df-885d-4e44-9b94-c11d7991bd3d/datanode-0/data/ratis/d8058072-0eb8-4929-90e6-1cfaa836be9c/sm/snapshot.1_26
2022-03-01 14:08:43,646 [ForkJoinPool.commonPool-worker-1] INFO  impl.StateMachineUpdater (StateMachineUpdater.java:stopAndJoin(149)) - 62ad9cdf-96ac-404e-9c91-d824a9b2a1ad@group-1CFAA836BE9C-StateMachineUpdater: set stopIndex = 26
2022-03-01 14:08:43,662 [grpc-default-executor-3] INFO  server.GrpcServerProtocolService (GrpcServerProtocolService.java:onCompleted(140)) - e4227631-9ebf-4460-8078-a4dbf323e9d1: Completed APPEND_ENTRIES, lastRequest: 62ad9cdf-96ac-404e-9c91-d824a9b2a1ad->e4227631-9ebf-4460-8078-a4dbf323e9d1#316-t1,previous=(t:1, i:25),leaderCommit=24,initializing? true,entries: size=1, first=(t:1, i:26), METADATAENTRY(c:24)
2022-03-01 14:08:43,661 [Listener at 127.0.0.1/40229] INFO  util.JmxRegister (JmxRegister.java:unregister(73)) - Successfully un-registered JMX Bean with object name Ratis:service=RaftServer,group=group-1CFAA836BE9C,id=e4227631-9ebf-4460-8078-a4dbf323e9d1
2022-03-01 14:08:43,662 [Listener at 127.0.0.1/40229] INFO  impl.RoleInfo (RoleInfo.java:shutdownFollowerState(108)) - e4227631-9ebf-4460-8078-a4dbf323e9d1: shutdown e4227631-9ebf-4460-8078-a4dbf323e9d1@group-1CFAA836BE9C-FollowerState
2022-03-01 14:08:43,663 [Listener at 127.0.0.1/40229] INFO  impl.StateMachineUpdater (StateMachineUpdater.java:stopAndJoin(149)) - e4227631-9ebf-4460-8078-a4dbf323e9d1@group-1CFAA836BE9C-StateMachineUpdater: set stopIndex = 26
2022-03-01 14:08:43,663 [grpc-default-executor-3] INFO  server.GrpcLogAppender (GrpcLogAppender.java:onCompleted(346)) - 62ad9cdf-96ac-404e-9c91-d824a9b2a1ad@group-1CFAA836BE9C->e4227631-9ebf-4460-8078-a4dbf323e9d1-AppendLogResponseHandler: follower responses appendEntries COMPLETED
2022-03-01 14:08:43,663 [grpc-default-executor-3] INFO  leader.FollowerInfo (FollowerInfoImpl.java:lambda$new$0(47)) - 62ad9cdf-96ac-404e-9c91-d824a9b2a1ad@group-1CFAA836BE9C->e4227631-9ebf-4460-8078-a4dbf323e9d1: nextIndex: updateUnconditionally 27 -> 26
2022-03-01 14:08:43,664 [62ad9cdf-96ac-404e-9c91-d824a9b2a1ad@group-1CFAA836BE9C-StateMachineUpdater] INFO  ratis.ContainerStateMachine (ContainerStateMachine.java:takeSnapshot(315)) - group-1CFAA836BE9C: Finished taking a snapshot at:(t:1, i:26) file:/home/runner/work/ozone/ozone/hadoop-ozone/integration-test/target/test-dir/MiniOzoneClusterImpl-c3e143df-885d-4e44-9b94-c11d7991bd3d/datanode-0/data/ratis/d8058072-0eb8-4929-90e6-1cfaa836be9c/sm/snapshot.1_26 took: 17 ms
2022-03-01 14:08:43,664 [62ad9cdf-96ac-404e-9c91-d824a9b2a1ad@group-1CFAA836BE9C-StateMachineUpdater] INFO  impl.StateMachineUpdater (StateMachineUpdater.java:takeSnapshot(281)) - 62ad9cdf-96ac-404e-9c91-d824a9b2a1ad@group-1CFAA836BE9C-StateMachineUpdater: Took a snapshot at index 26
2022-03-01 14:08:43,664 [62ad9cdf-96ac-404e-9c91-d824a9b2a1ad@group-1CFAA836BE9C-StateMachineUpdater] INFO  impl.StateMachineUpdater (StateMachineUpdater.java:lambda$new$0(89)) - 62ad9cdf-96ac-404e-9c91-d824a9b2a1ad@group-1CFAA836BE9C-StateMachineUpdater: snapshotIndex: updateIncreasingly -1 -> 26
2022-03-01 14:08:43,664 [e4227631-9ebf-4460-8078-a4dbf323e9d1@group-1CFAA836BE9C-FollowerState] INFO  impl.FollowerState (FollowerState.java:run(143)) - e4227631-9ebf-4460-8078-a4dbf323e9d1@group-1CFAA836BE9C-FollowerState was interrupted: {}
java.lang.InterruptedException: sleep interrupted
	at java.lang.Thread.sleep(Native Method)
	at java.lang.Thread.sleep(Thread.java:342)
	at java.util.concurrent.TimeUnit.sleep(TimeUnit.java:386)
	at org.apache.ratis.util.TimeDuration.sleep(TimeDuration.java:324)
	at org.apache.ratis.util.TimeDuration.sleep(TimeDuration.java:309)
	at org.apache.ratis.server.impl.FollowerState.run(FollowerState.java:118)
2022-03-01 14:08:43,665 [e4227631-9ebf-4460-8078-a4dbf323e9d1@group-1CFAA836BE9C-StateMachineUpdater] INFO  ratis.ContainerStateMachine (ContainerStateMachine.java:takeSnapshot(304)) - group-1CFAA836BE9C: Taking a snapshot at:(t:1, i:26) file /home/runner/work/ozone/ozone/hadoop-ozone/integration-test/target/test-dir/MiniOzoneClusterImpl-c3e143df-885d-4e44-9b94-c11d7991bd3d/datanode-1/data/ratis/d8058072-0eb8-4929-90e6-1cfaa836be9c/sm/snapshot.1_26
2022-03-01 14:08:43,665 [62ad9cdf-96ac-404e-9c91-d824a9b2a1ad@group-1CFAA836BE9C->ffb50977-138e-42ec-9f6c-2fee95879726-GrpcLogAppender-LogAppenderDaemon] WARN  server.GrpcLogAppender (GrpcLogAppender.java:mayWait(177)) - 62ad9cdf-96ac-404e-9c91-d824a9b2a1ad@group-1CFAA836BE9C->ffb50977-138e-42ec-9f6c-2fee95879726-GrpcLogAppender: Wait interrupted by java.lang.InterruptedException
2022-03-01 14:08:43,667 [ForkJoinPool.commonPool-worker-1] INFO  server.RaftServer$Division (ServerState.java:close(419)) - 62ad9cdf-96ac-404e-9c91-d824a9b2a1ad@group-1CFAA836BE9C: closes. applyIndex: 26
2022-03-01 14:08:43,667 [62ad9cdf-96ac-404e-9c91-d824a9b2a1ad@group-1CFAA836BE9C-SegmentedRaftLogWorker] INFO  segmented.SegmentedRaftLogWorker (SegmentedRaftLogWorker.java:run(327)) - 62ad9cdf-96ac-404e-9c91-d824a9b2a1ad@group-1CFAA836BE9C-SegmentedRaftLogWorker was interrupted, exiting. There are 0 tasks remaining in the queue.
2022-03-01 14:08:43,669 [e4227631-9ebf-4460-8078-a4dbf323e9d1@group-1CFAA836BE9C-StateMachineUpdater] INFO  ratis.ContainerStateMachine (ContainerStateMachine.java:takeSnapshot(315)) - group-1CFAA836BE9C: Finished taking a snapshot at:(t:1, i:26) file:/home/runner/work/ozone/ozone/hadoop-ozone/integration-test/target/test-dir/MiniOzoneClusterImpl-c3e143df-885d-4e44-9b94-c11d7991bd3d/datanode-1/data/ratis/d8058072-0eb8-4929-90e6-1cfaa836be9c/sm/snapshot.1_26 took: 4 ms
2022-03-01 14:08:43,669 [e4227631-9ebf-4460-8078-a4dbf323e9d1@group-1CFAA836BE9C-StateMachineUpdater] INFO  impl.StateMachineUpdater (StateMachineUpdater.java:takeSnapshot(281)) - e4227631-9ebf-4460-8078-a4dbf323e9d1@group-1CFAA836BE9C-StateMachineUpdater: Took a snapshot at index 26
2022-03-01 14:08:43,669 [e4227631-9ebf-4460-8078-a4dbf323e9d1@group-1CFAA836BE9C-StateMachineUpdater] INFO  impl.StateMachineUpdater (StateMachineUpdater.java:lambda$new$0(89)) - e4227631-9ebf-4460-8078-a4dbf323e9d1@group-1CFAA836BE9C-StateMachineUpdater: snapshotIndex: updateIncreasingly -1 -> 26
2022-03-01 14:08:43,670 [ForkJoinPool.commonPool-worker-1] INFO  segmented.SegmentedRaftLogWorker (SegmentedRaftLogWorker.java:close(237)) - 62ad9cdf-96ac-404e-9c91-d824a9b2a1ad@group-1CFAA836BE9C-SegmentedRaftLogWorker close()
2022-03-01 14:08:43,670 [ForkJoinPool.commonPool-worker-1] INFO  server.RaftServer$Division (RaftServerImpl.java:lambda$close$4(412)) - 62ad9cdf-96ac-404e-9c91-d824a9b2a1ad@group-598D80EA352E: shutdown
2022-03-01 14:08:43,671 [ForkJoinPool.commonPool-worker-1] INFO  util.JmxRegister (JmxRegister.java:unregister(73)) - Successfully un-registered JMX Bean with object name Ratis:service=RaftServer,group=group-598D80EA352E,id=62ad9cdf-96ac-404e-9c91-d824a9b2a1ad
2022-03-01 14:08:43,671 [ForkJoinPool.commonPool-worker-1] INFO  impl.RoleInfo (RoleInfo.java:shutdownFollowerState(108)) - 62ad9cdf-96ac-404e-9c91-d824a9b2a1ad: shutdown 62ad9cdf-96ac-404e-9c91-d824a9b2a1ad@group-598D80EA352E-FollowerState
2022-03-01 14:08:43,671 [ForkJoinPool.commonPool-worker-1] INFO  impl.StateMachineUpdater (StateMachineUpdater.java:stopAndJoin(149)) - 62ad9cdf-96ac-404e-9c91-d824a9b2a1ad@group-598D80EA352E-StateMachineUpdater: set stopIndex = 0
2022-03-01 14:08:43,671 [62ad9cdf-96ac-404e-9c91-d824a9b2a1ad@group-598D80EA352E-FollowerState] INFO  impl.FollowerState (FollowerState.java:run(143)) - 62ad9cdf-96ac-404e-9c91-d824a9b2a1ad@group-598D80EA352E-FollowerState was interrupted: {}
java.lang.InterruptedException: sleep interrupted
	at java.lang.Thread.sleep(Native Method)
	at java.lang.Thread.sleep(Thread.java:342)
	at java.util.concurrent.TimeUnit.sleep(TimeUnit.java:386)
	at org.apache.ratis.util.TimeDuration.sleep(TimeDuration.java:324)
	at org.apache.ratis.util.TimeDuration.sleep(TimeDuration.java:309)
	at org.apache.ratis.server.impl.FollowerState.run(FollowerState.java:118)
2022-03-01 14:08:43,674 [62ad9cdf-96ac-404e-9c91-d824a9b2a1ad@group-598D80EA352E-StateMachineUpdater] INFO  ratis.ContainerStateMachine (ContainerStateMachine.java:takeSnapshot(304)) - group-598D80EA352E: Taking a snapshot at:(t:5, i:0) file /home/runner/work/ozone/ozone/hadoop-ozone/integration-test/target/test-dir/MiniOzoneClusterImpl-c3e143df-885d-4e44-9b94-c11d7991bd3d/datanode-0/data/ratis/a2d21331-83e4-429e-a463-598d80ea352e/sm/snapshot.5_0
2022-03-01 14:08:43,674 [grpc-default-executor-3] INFO  server.GrpcServerProtocolService (GrpcServerProtocolService.java:onCompleted(140)) - ffb50977-138e-42ec-9f6c-2fee95879726: Completed APPEND_ENTRIES, lastRequest: 62ad9cdf-96ac-404e-9c91-d824a9b2a1ad->ffb50977-138e-42ec-9f6c-2fee95879726#327-t1,previous=(t:1, i:25),leaderCommit=24,initializing? true,entries: size=1, first=(t:1, i:26), METADATAENTRY(c:24)
2022-03-01 14:08:43,675 [Listener at 127.0.0.1/40229] INFO  server.RaftServer$Division (ServerState.java:close(419)) - e4227631-9ebf-4460-8078-a4dbf323e9d1@group-1CFAA836BE9C: closes. applyIndex: 26
2022-03-01 14:08:43,675 [e4227631-9ebf-4460-8078-a4dbf323e9d1@group-1CFAA836BE9C-SegmentedRaftLogWorker] INFO  segmented.SegmentedRaftLogWorker (SegmentedRaftLogWorker.java:run(327)) - e4227631-9ebf-4460-8078-a4dbf323e9d1@group-1CFAA836BE9C-SegmentedRaftLogWorker was interrupted, exiting. There are 0 tasks remaining in the queue.
2022-03-01 14:08:43,676 [grpc-default-executor-0] INFO  server.GrpcLogAppender (GrpcLogAppender.java:onCompleted(346)) - 62ad9cdf-96ac-404e-9c91-d824a9b2a1ad@group-1CFAA836BE9C->ffb50977-138e-42ec-9f6c-2fee95879726-AppendLogResponseHandler: follower responses appendEntries COMPLETED
2022-03-01 14:08:43,676 [grpc-default-executor-0] INFO  leader.FollowerInfo (FollowerInfoImpl.java:lambda$new$0(47)) - 62ad9cdf-96ac-404e-9c91-d824a9b2a1ad@group-1CFAA836BE9C->ffb50977-138e-42ec-9f6c-2fee95879726: nextIndex: updateUnconditionally 27 -> 26
2022-03-01 14:08:43,677 [Listener at 127.0.0.1/40229] INFO  segmented.SegmentedRaftLogWorker (SegmentedRaftLogWorker.java:close(237)) - e4227631-9ebf-4460-8078-a4dbf323e9d1@group-1CFAA836BE9C-SegmentedRaftLogWorker close()
2022-03-01 14:08:43,679 [Listener at 127.0.0.1/40229] INFO  server.RaftServer$Division (RaftServerImpl.java:lambda$close$4(412)) - e4227631-9ebf-4460-8078-a4dbf323e9d1@group-598D80EA352E: shutdown
2022-03-01 14:08:43,679 [Listener at 127.0.0.1/40229] INFO  util.JmxRegister (JmxRegister.java:unregister(73)) - Successfully un-registered JMX Bean with object name Ratis:service=RaftServer,group=group-598D80EA352E,id=e4227631-9ebf-4460-8078-a4dbf323e9d1
2022-03-01 14:08:43,679 [Listener at 127.0.0.1/40229] INFO  impl.RoleInfo (RoleInfo.java:shutdownFollowerState(108)) - e4227631-9ebf-4460-8078-a4dbf323e9d1: shutdown e4227631-9ebf-4460-8078-a4dbf323e9d1@group-598D80EA352E-FollowerState
2022-03-01 14:08:43,679 [Listener at 127.0.0.1/40229] INFO  impl.StateMachineUpdater (StateMachineUpdater.java:stopAndJoin(149)) - e4227631-9ebf-4460-8078-a4dbf323e9d1@group-598D80EA352E-StateMachineUpdater: set stopIndex = 0
2022-03-01 14:08:43,679 [e4227631-9ebf-4460-8078-a4dbf323e9d1@group-598D80EA352E-FollowerState] INFO  impl.FollowerState (FollowerState.java:run(143)) - e4227631-9ebf-4460-8078-a4dbf323e9d1@group-598D80EA352E-FollowerState was interrupted: {}
java.lang.InterruptedException: sleep interrupted
	at java.lang.Thread.sleep(Native Method)
	at java.lang.Thread.sleep(Thread.java:342)
	at java.util.concurrent.TimeUnit.sleep(TimeUnit.java:386)
	at org.apache.ratis.util.TimeDuration.sleep(TimeDuration.java:324)
	at org.apache.ratis.util.TimeDuration.sleep(TimeDuration.java:309)
	at org.apache.ratis.server.impl.FollowerState.run(FollowerState.java:118)
2022-03-01 14:08:43,680 [e4227631-9ebf-4460-8078-a4dbf323e9d1@group-598D80EA352E-StateMachineUpdater] INFO  ratis.ContainerStateMachine (ContainerStateMachine.java:takeSnapshot(304)) - group-598D80EA352E: Taking a snapshot at:(t:5, i:0) file /home/runner/work/ozone/ozone/hadoop-ozone/integration-test/target/test-dir/MiniOzoneClusterImpl-c3e143df-885d-4e44-9b94-c11d7991bd3d/datanode-1/data/ratis/a2d21331-83e4-429e-a463-598d80ea352e/sm/snapshot.5_0
2022-03-01 14:08:43,681 [e4227631-9ebf-4460-8078-a4dbf323e9d1@group-598D80EA352E-StateMachineUpdater] INFO  ratis.ContainerStateMachine (ContainerStateMachine.java:takeSnapshot(315)) - group-598D80EA352E: Finished taking a snapshot at:(t:5, i:0) file:/home/runner/work/ozone/ozone/hadoop-ozone/integration-test/target/test-dir/MiniOzoneClusterImpl-c3e143df-885d-4e44-9b94-c11d7991bd3d/datanode-1/data/ratis/a2d21331-83e4-429e-a463-598d80ea352e/sm/snapshot.5_0 took: 1 ms
2022-03-01 14:08:43,681 [e4227631-9ebf-4460-8078-a4dbf323e9d1@group-598D80EA352E-StateMachineUpdater] INFO  impl.StateMachineUpdater (StateMachineUpdater.java:takeSnapshot(281)) - e4227631-9ebf-4460-8078-a4dbf323e9d1@group-598D80EA352E-StateMachineUpdater: Took a snapshot at index 0
2022-03-01 14:08:43,681 [e4227631-9ebf-4460-8078-a4dbf323e9d1@group-598D80EA352E-StateMachineUpdater] INFO  impl.StateMachineUpdater (StateMachineUpdater.java:lambda$new$0(89)) - e4227631-9ebf-4460-8078-a4dbf323e9d1@group-598D80EA352E-StateMachineUpdater: snapshotIndex: updateIncreasingly -1 -> 0
2022-03-01 14:08:43,681 [Listener at 127.0.0.1/40229] INFO  server.RaftServer$Division (ServerState.java:close(419)) - e4227631-9ebf-4460-8078-a4dbf323e9d1@group-598D80EA352E: closes. applyIndex: 0
2022-03-01 14:08:43,681 [e4227631-9ebf-4460-8078-a4dbf323e9d1@group-598D80EA352E-SegmentedRaftLogWorker] INFO  segmented.SegmentedRaftLogWorker (SegmentedRaftLogWorker.java:run(327)) - e4227631-9ebf-4460-8078-a4dbf323e9d1@group-598D80EA352E-SegmentedRaftLogWorker was interrupted, exiting. There are 0 tasks remaining in the queue.
2022-03-01 14:08:43,683 [Listener at 127.0.0.1/40229] INFO  segmented.SegmentedRaftLogWorker (SegmentedRaftLogWorker.java:close(237)) - e4227631-9ebf-4460-8078-a4dbf323e9d1@group-598D80EA352E-SegmentedRaftLogWorker close()
2022-03-01 14:08:43,683 [62ad9cdf-96ac-404e-9c91-d824a9b2a1ad@group-598D80EA352E-StateMachineUpdater] INFO  ratis.ContainerStateMachine (ContainerStateMachine.java:takeSnapshot(315)) - group-598D80EA352E: Finished taking a snapshot at:(t:5, i:0) file:/home/runner/work/ozone/ozone/hadoop-ozone/integration-test/target/test-dir/MiniOzoneClusterImpl-c3e143df-885d-4e44-9b94-c11d7991bd3d/datanode-0/data/ratis/a2d21331-83e4-429e-a463-598d80ea352e/sm/snapshot.5_0 took: 10 ms
2022-03-01 14:08:43,684 [62ad9cdf-96ac-404e-9c91-d824a9b2a1ad@group-598D80EA352E-StateMachineUpdater] INFO  impl.StateMachineUpdater (StateMachineUpdater.java:takeSnapshot(281)) - 62ad9cdf-96ac-404e-9c91-d824a9b2a1ad@group-598D80EA352E-StateMachineUpdater: Took a snapshot at index 0
2022-03-01 14:08:43,684 [62ad9cdf-96ac-404e-9c91-d824a9b2a1ad@group-598D80EA352E-StateMachineUpdater] INFO  impl.StateMachineUpdater (StateMachineUpdater.java:lambda$new$0(89)) - 62ad9cdf-96ac-404e-9c91-d824a9b2a1ad@group-598D80EA352E-StateMachineUpdater: snapshotIndex: updateIncreasingly -1 -> 0
2022-03-01 14:08:43,684 [ForkJoinPool.commonPool-worker-1] INFO  server.RaftServer$Division (ServerState.java:close(419)) - 62ad9cdf-96ac-404e-9c91-d824a9b2a1ad@group-598D80EA352E: closes. applyIndex: 0
2022-03-01 14:08:43,684 [62ad9cdf-96ac-404e-9c91-d824a9b2a1ad@group-598D80EA352E-SegmentedRaftLogWorker] INFO  segmented.SegmentedRaftLogWorker (SegmentedRaftLogWorker.java:run(327)) - 62ad9cdf-96ac-404e-9c91-d824a9b2a1ad@group-598D80EA352E-SegmentedRaftLogWorker was interrupted, exiting. There are 0 tasks remaining in the queue.
2022-03-01 14:08:43,685 [Listener at 127.0.0.1/40229] INFO  server.RaftServer$Division (RaftServerImpl.java:lambda$close$4(412)) - e4227631-9ebf-4460-8078-a4dbf323e9d1@group-ABD5D89A538B: shutdown
2022-03-01 14:08:43,685 [Listener at 127.0.0.1/40229] INFO  util.JmxRegister (JmxRegister.java:unregister(73)) - Successfully un-registered JMX Bean with object name Ratis:service=RaftServer,group=group-ABD5D89A538B,id=e4227631-9ebf-4460-8078-a4dbf323e9d1
2022-03-01 14:08:43,685 [Listener at 127.0.0.1/40229] INFO  impl.RoleInfo (RoleInfo.java:shutdownLeaderState(91)) - e4227631-9ebf-4460-8078-a4dbf323e9d1: shutdown e4227631-9ebf-4460-8078-a4dbf323e9d1@group-ABD5D89A538B-LeaderStateImpl
2022-03-01 14:08:43,686 [Listener at 127.0.0.1/40229] INFO  impl.PendingRequests (PendingRequests.java:sendNotLeaderResponses(282)) - e4227631-9ebf-4460-8078-a4dbf323e9d1@group-ABD5D89A538B-PendingRequests: sendNotLeaderResponses
2022-03-01 14:08:43,686 [ForkJoinPool.commonPool-worker-1] INFO  segmented.SegmentedRaftLogWorker (SegmentedRaftLogWorker.java:close(237)) - 62ad9cdf-96ac-404e-9c91-d824a9b2a1ad@group-598D80EA352E-SegmentedRaftLogWorker close()
2022-03-01 14:08:43,687 [e4227631-9ebf-4460-8078-a4dbf323e9d1@group-ABD5D89A538B-StateMachineUpdater] INFO  ratis.ContainerStateMachine (ContainerStateMachine.java:takeSnapshot(304)) - group-ABD5D89A538B: Taking a snapshot at:(t:1, i:0) file /home/runner/work/ozone/ozone/hadoop-ozone/integration-test/target/test-dir/MiniOzoneClusterImpl-c3e143df-885d-4e44-9b94-c11d7991bd3d/datanode-1/data/ratis/82916ca1-ed3b-42bf-b2f8-abd5d89a538b/sm/snapshot.1_0
2022-03-01 14:08:43,687 [Listener at 127.0.0.1/40229] INFO  impl.StateMachineUpdater (StateMachineUpdater.java:stopAndJoin(149)) - e4227631-9ebf-4460-8078-a4dbf323e9d1@group-ABD5D89A538B-StateMachineUpdater: set stopIndex = 0
2022-03-01 14:08:43,687 [e4227631-9ebf-4460-8078-a4dbf323e9d1@group-ABD5D89A538B-StateMachineUpdater] INFO  ratis.ContainerStateMachine (ContainerStateMachine.java:takeSnapshot(315)) - group-ABD5D89A538B: Finished taking a snapshot at:(t:1, i:0) file:/home/runner/work/ozone/ozone/hadoop-ozone/integration-test/target/test-dir/MiniOzoneClusterImpl-c3e143df-885d-4e44-9b94-c11d7991bd3d/datanode-1/data/ratis/82916ca1-ed3b-42bf-b2f8-abd5d89a538b/sm/snapshot.1_0 took: 1 ms
2022-03-01 14:08:43,687 [e4227631-9ebf-4460-8078-a4dbf323e9d1@group-ABD5D89A538B-StateMachineUpdater] INFO  impl.StateMachineUpdater (StateMachineUpdater.java:takeSnapshot(281)) - e4227631-9ebf-4460-8078-a4dbf323e9d1@group-ABD5D89A538B-StateMachineUpdater: Took a snapshot at index 0
2022-03-01 14:08:43,688 [e4227631-9ebf-4460-8078-a4dbf323e9d1@group-ABD5D89A538B-StateMachineUpdater] INFO  impl.StateMachineUpdater (StateMachineUpdater.java:lambda$new$0(89)) - e4227631-9ebf-4460-8078-a4dbf323e9d1@group-ABD5D89A538B-StateMachineUpdater: snapshotIndex: updateIncreasingly -1 -> 0
2022-03-01 14:08:43,688 [Listener at 127.0.0.1/40229] INFO  server.RaftServer$Division (ServerState.java:close(419)) - e4227631-9ebf-4460-8078-a4dbf323e9d1@group-ABD5D89A538B: closes. applyIndex: 0
2022-03-01 14:08:43,688 [e4227631-9ebf-4460-8078-a4dbf323e9d1@group-ABD5D89A538B-SegmentedRaftLogWorker] INFO  segmented.SegmentedRaftLogWorker (SegmentedRaftLogWorker.java:run(327)) - e4227631-9ebf-4460-8078-a4dbf323e9d1@group-ABD5D89A538B-SegmentedRaftLogWorker was interrupted, exiting. There are 0 tasks remaining in the queue.
2022-03-01 14:08:43,688 [Listener at 127.0.0.1/40229] INFO  segmented.SegmentedRaftLogWorker (SegmentedRaftLogWorker.java:close(237)) - e4227631-9ebf-4460-8078-a4dbf323e9d1@group-ABD5D89A538B-SegmentedRaftLogWorker close()
2022-03-01 14:08:43,697 [Listener at 127.0.0.1/40229] INFO  server.GrpcService (GrpcService.java:closeImpl(262)) - e4227631-9ebf-4460-8078-a4dbf323e9d1: shutdown server with port 43437 now
2022-03-01 14:08:43,697 [ForkJoinPool.commonPool-worker-1] INFO  server.RaftServer$Division (RaftServerImpl.java:lambda$close$4(412)) - 62ad9cdf-96ac-404e-9c91-d824a9b2a1ad@group-F8FC74EB8EE2: shutdown
2022-03-01 14:08:43,698 [ForkJoinPool.commonPool-worker-1] INFO  util.JmxRegister (JmxRegister.java:unregister(73)) - Successfully un-registered JMX Bean with object name Ratis:service=RaftServer,group=group-F8FC74EB8EE2,id=62ad9cdf-96ac-404e-9c91-d824a9b2a1ad
2022-03-01 14:08:43,698 [ForkJoinPool.commonPool-worker-1] INFO  impl.RoleInfo (RoleInfo.java:shutdownLeaderState(91)) - 62ad9cdf-96ac-404e-9c91-d824a9b2a1ad: shutdown 62ad9cdf-96ac-404e-9c91-d824a9b2a1ad@group-F8FC74EB8EE2-LeaderStateImpl
2022-03-01 14:08:43,698 [ForkJoinPool.commonPool-worker-1] INFO  impl.PendingRequests (PendingRequests.java:sendNotLeaderResponses(282)) - 62ad9cdf-96ac-404e-9c91-d824a9b2a1ad@group-F8FC74EB8EE2-PendingRequests: sendNotLeaderResponses
2022-03-01 14:08:43,698 [ForkJoinPool.commonPool-worker-1] INFO  impl.StateMachineUpdater (StateMachineUpdater.java:stopAndJoin(149)) - 62ad9cdf-96ac-404e-9c91-d824a9b2a1ad@group-F8FC74EB8EE2-StateMachineUpdater: set stopIndex = 0
2022-03-01 14:08:43,699 [62ad9cdf-96ac-404e-9c91-d824a9b2a1ad@group-F8FC74EB8EE2-StateMachineUpdater] INFO  ratis.ContainerStateMachine (ContainerStateMachine.java:takeSnapshot(304)) - group-F8FC74EB8EE2: Taking a snapshot at:(t:1, i:0) file /home/runner/work/ozone/ozone/hadoop-ozone/integration-test/target/test-dir/MiniOzoneClusterImpl-c3e143df-885d-4e44-9b94-c11d7991bd3d/datanode-0/data/ratis/aa95a6de-2fbb-4e16-a7df-f8fc74eb8ee2/sm/snapshot.1_0
2022-03-01 14:08:43,699 [62ad9cdf-96ac-404e-9c91-d824a9b2a1ad@group-F8FC74EB8EE2-StateMachineUpdater] INFO  ratis.ContainerStateMachine (ContainerStateMachine.java:takeSnapshot(315)) - group-F8FC74EB8EE2: Finished taking a snapshot at:(t:1, i:0) file:/home/runner/work/ozone/ozone/hadoop-ozone/integration-test/target/test-dir/MiniOzoneClusterImpl-c3e143df-885d-4e44-9b94-c11d7991bd3d/datanode-0/data/ratis/aa95a6de-2fbb-4e16-a7df-f8fc74eb8ee2/sm/snapshot.1_0 took: 1 ms
2022-03-01 14:08:43,700 [62ad9cdf-96ac-404e-9c91-d824a9b2a1ad@group-F8FC74EB8EE2-StateMachineUpdater] INFO  impl.StateMachineUpdater (StateMachineUpdater.java:takeSnapshot(281)) - 62ad9cdf-96ac-404e-9c91-d824a9b2a1ad@group-F8FC74EB8EE2-StateMachineUpdater: Took a snapshot at index 0
2022-03-01 14:08:43,700 [62ad9cdf-96ac-404e-9c91-d824a9b2a1ad@group-F8FC74EB8EE2-StateMachineUpdater] INFO  impl.StateMachineUpdater (StateMachineUpdater.java:lambda$new$0(89)) - 62ad9cdf-96ac-404e-9c91-d824a9b2a1ad@group-F8FC74EB8EE2-StateMachineUpdater: snapshotIndex: updateIncreasingly -1 -> 0
2022-03-01 14:08:43,700 [ForkJoinPool.commonPool-worker-1] INFO  server.RaftServer$Division (ServerState.java:close(419)) - 62ad9cdf-96ac-404e-9c91-d824a9b2a1ad@group-F8FC74EB8EE2: closes. applyIndex: 0
2022-03-01 14:08:43,700 [62ad9cdf-96ac-404e-9c91-d824a9b2a1ad@group-F8FC74EB8EE2-SegmentedRaftLogWorker] INFO  segmented.SegmentedRaftLogWorker (SegmentedRaftLogWorker.java:run(327)) - 62ad9cdf-96ac-404e-9c91-d824a9b2a1ad@group-F8FC74EB8EE2-SegmentedRaftLogWorker was interrupted, exiting. There are 0 tasks remaining in the queue.
2022-03-01 14:08:43,700 [ForkJoinPool.commonPool-worker-1] INFO  segmented.SegmentedRaftLogWorker (SegmentedRaftLogWorker.java:close(237)) - 62ad9cdf-96ac-404e-9c91-d824a9b2a1ad@group-F8FC74EB8EE2-SegmentedRaftLogWorker close()
2022-03-01 14:08:43,705 [ForkJoinPool.commonPool-worker-1] INFO  server.GrpcService (GrpcService.java:closeImpl(262)) - 62ad9cdf-96ac-404e-9c91-d824a9b2a1ad: shutdown server with port 37449 now
2022-03-01 14:08:43,718 [grpc-default-executor-0] WARN  server.GrpcServerProtocolService (LogUtils.java:warn(122)) - 62ad9cdf-96ac-404e-9c91-d824a9b2a1ad: installSnapshot onError, lastRequest: ffb50977-138e-42ec-9f6c-2fee95879726->62ad9cdf-96ac-404e-9c91-d824a9b2a1ad#1-t5,previous=(t:0, i:0),leaderCommit=-1,initializing? true,entries: size=1, first=(t:5, i:0), CONFIGURATIONENTRY: org.apache.ratis.thirdparty.io.grpc.StatusRuntimeException: CANCELLED: client cancelled
2022-03-01 14:08:43,729 [grpc-default-executor-4] WARN  client.GrpcClientProtocolService (LogUtils.java:warn(122)) - 1-UnorderedRequestStreamObserver1: onError: org.apache.ratis.thirdparty.io.grpc.StatusRuntimeException: CANCELLED: client cancelled
2022-03-01 14:08:43,740 [grpc-default-executor-4] WARN  server.GrpcLogAppender (LogUtils.java:warn(122)) - ffb50977-138e-42ec-9f6c-2fee95879726@group-598D80EA352E->62ad9cdf-96ac-404e-9c91-d824a9b2a1ad-AppendLogResponseHandler: Failed appendEntries: org.apache.ratis.thirdparty.io.grpc.StatusRuntimeException: CANCELLED: HTTP/2 error code: CANCEL
Received Rst Stream
2022-03-01 14:08:43,740 [grpc-default-executor-4] WARN  server.GrpcLogAppender (GrpcLogAppender.java:resetClient(110)) - ffb50977-138e-42ec-9f6c-2fee95879726@group-598D80EA352E->62ad9cdf-96ac-404e-9c91-d824a9b2a1ad-GrpcLogAppender: Leader has not got in touch with Follower ffb50977-138e-42ec-9f6c-2fee95879726@group-598D80EA352E->62ad9cdf-96ac-404e-9c91-d824a9b2a1ad(c0,m0,n1, attendVote=true, lastRpcSendTime=472, lastRpcResponseTime=450) yet, just keep nextIndex unchanged and retry.
2022-03-01 14:08:43,745 [grpc-default-executor-1] WARN  server.GrpcServerProtocolService (LogUtils.java:warn(122)) - e4227631-9ebf-4460-8078-a4dbf323e9d1: installSnapshot onError, lastRequest: ffb50977-138e-42ec-9f6c-2fee95879726->e4227631-9ebf-4460-8078-a4dbf323e9d1#1-t5,previous=(t:0, i:0),leaderCommit=0,initializing? true,entries: size=1, first=(t:5, i:0), CONFIGURATIONENTRY: org.apache.ratis.thirdparty.io.grpc.StatusRuntimeException: CANCELLED: client cancelled
2022-03-01 14:08:43,745 [Listener at 127.0.0.1/40229] INFO  server.GrpcService (GrpcService.java:closeImpl(271)) - e4227631-9ebf-4460-8078-a4dbf323e9d1: shutdown server with port 43437 successfully
2022-03-01 14:08:43,745 [org.apache.ratis.util.JvmPauseMonitor$$Lambda$421/1299661385@7b38b197] INFO  util.JvmPauseMonitor (JvmPauseMonitor.java:run(109)) - JvmPauseMonitor-e4227631-9ebf-4460-8078-a4dbf323e9d1: Stopped
2022-03-01 14:08:43,745 [grpc-default-executor-3] WARN  server.GrpcLogAppender (LogUtils.java:warn(122)) - ffb50977-138e-42ec-9f6c-2fee95879726@group-598D80EA352E->e4227631-9ebf-4460-8078-a4dbf323e9d1-AppendLogResponseHandler: Failed appendEntries: org.apache.ratis.thirdparty.io.grpc.StatusRuntimeException: CANCELLED: HTTP/2 error code: CANCEL
Received Rst Stream
2022-03-01 14:08:43,745 [grpc-default-executor-3] WARN  server.GrpcLogAppender (GrpcLogAppender.java:resetClient(110)) - ffb50977-138e-42ec-9f6c-2fee95879726@group-598D80EA352E->e4227631-9ebf-4460-8078-a4dbf323e9d1-GrpcLogAppender: Leader has not got in touch with Follower ffb50977-138e-42ec-9f6c-2fee95879726@group-598D80EA352E->e4227631-9ebf-4460-8078-a4dbf323e9d1(c0,m0,n1, attendVote=true, lastRpcSendTime=431, lastRpcResponseTime=425) yet, just keep nextIndex unchanged and retry.
2022-03-01 14:08:43,748 [ForkJoinPool.commonPool-worker-1] INFO  server.GrpcService (GrpcService.java:closeImpl(271)) - 62ad9cdf-96ac-404e-9c91-d824a9b2a1ad: shutdown server with port 37449 successfully
2022-03-01 14:08:43,748 [org.apache.ratis.util.JvmPauseMonitor$$Lambda$421/1299661385@256ee4d1] INFO  util.JvmPauseMonitor (JvmPauseMonitor.java:run(109)) - JvmPauseMonitor-62ad9cdf-96ac-404e-9c91-d824a9b2a1ad: Stopped
2022-03-01 14:08:45,811 [Listener at 127.0.0.1/40229] INFO  utils.BackgroundService (BackgroundService.java:shutdown(132)) - Shutting down service BlockDeletingService
2022-03-01 14:08:45,814 [grpc-default-executor-3] WARN  server.GrpcLogAppender (LogUtils.java:warn(122)) - ffb50977-138e-42ec-9f6c-2fee95879726@group-598D80EA352E->62ad9cdf-96ac-404e-9c91-d824a9b2a1ad-AppendLogResponseHandler: Failed appendEntries: org.apache.ratis.thirdparty.io.grpc.StatusRuntimeException: UNAVAILABLE: io exception
2022-03-01 14:08:45,815 [grpc-default-executor-3] WARN  server.GrpcLogAppender (GrpcLogAppender.java:resetClient(110)) - ffb50977-138e-42ec-9f6c-2fee95879726@group-598D80EA352E->62ad9cdf-96ac-404e-9c91-d824a9b2a1ad-GrpcLogAppender: Leader has not got in touch with Follower ffb50977-138e-42ec-9f6c-2fee95879726@group-598D80EA352E->62ad9cdf-96ac-404e-9c91-d824a9b2a1ad(c0,m0,n1, attendVote=true, lastRpcSendTime=2, lastRpcResponseTime=2525) yet, just keep nextIndex unchanged and retry.
2022-03-01 14:08:45,853 [ForkJoinPool.commonPool-worker-1] INFO  utils.BackgroundService (BackgroundService.java:shutdown(132)) - Shutting down service BlockDeletingService
2022-03-01 14:08:45,867 [grpc-default-executor-3] WARN  server.GrpcLogAppender (LogUtils.java:warn(122)) - ffb50977-138e-42ec-9f6c-2fee95879726@group-598D80EA352E->e4227631-9ebf-4460-8078-a4dbf323e9d1-AppendLogResponseHandler: Failed appendEntries: org.apache.ratis.thirdparty.io.grpc.StatusRuntimeException: UNAVAILABLE: io exception
2022-03-01 14:08:45,868 [grpc-default-executor-3] WARN  server.GrpcLogAppender (GrpcLogAppender.java:resetClient(110)) - ffb50977-138e-42ec-9f6c-2fee95879726@group-598D80EA352E->e4227631-9ebf-4460-8078-a4dbf323e9d1-GrpcLogAppender: Leader has not got in touch with Follower ffb50977-138e-42ec-9f6c-2fee95879726@group-598D80EA352E->e4227631-9ebf-4460-8078-a4dbf323e9d1(c0,m0,n1, attendVote=true, lastRpcSendTime=0, lastRpcResponseTime=2547) yet, just keep nextIndex unchanged and retry.
2022-03-01 14:08:48,320 [grpc-default-executor-3] WARN  server.GrpcLogAppender (LogUtils.java:warn(122)) - ffb50977-138e-42ec-9f6c-2fee95879726@group-598D80EA352E->62ad9cdf-96ac-404e-9c91-d824a9b2a1ad-AppendLogResponseHandler: Failed appendEntries: org.apache.ratis.thirdparty.io.grpc.StatusRuntimeException: UNAVAILABLE: io exception
2022-03-01 14:08:48,321 [grpc-default-executor-3] WARN  server.GrpcLogAppender (GrpcLogAppender.java:resetClient(110)) - ffb50977-138e-42ec-9f6c-2fee95879726@group-598D80EA352E->62ad9cdf-96ac-404e-9c91-d824a9b2a1ad-GrpcLogAppender: Leader has not got in touch with Follower ffb50977-138e-42ec-9f6c-2fee95879726@group-598D80EA352E->62ad9cdf-96ac-404e-9c91-d824a9b2a1ad(c0,m0,n1, attendVote=true, lastRpcSendTime=2508, lastRpcResponseTime=5031) yet, just keep nextIndex unchanged and retry.
2022-03-01 14:08:48,368 [grpc-default-executor-3] WARN  server.GrpcLogAppender (LogUtils.java:warn(122)) - ffb50977-138e-42ec-9f6c-2fee95879726@group-598D80EA352E->e4227631-9ebf-4460-8078-a4dbf323e9d1-AppendLogResponseHandler: Failed appendEntries: org.apache.ratis.thirdparty.io.grpc.StatusRuntimeException: UNAVAILABLE: io exception
2022-03-01 14:08:48,368 [grpc-default-executor-3] WARN  server.GrpcLogAppender (GrpcLogAppender.java:resetClient(110)) - ffb50977-138e-42ec-9f6c-2fee95879726@group-598D80EA352E->e4227631-9ebf-4460-8078-a4dbf323e9d1-GrpcLogAppender: Leader has not got in touch with Follower ffb50977-138e-42ec-9f6c-2fee95879726@group-598D80EA352E->e4227631-9ebf-4460-8078-a4dbf323e9d1(c0,m0,n1, attendVote=true, lastRpcSendTime=0, lastRpcResponseTime=5048) yet, just keep nextIndex unchanged and retry.
2022-03-01 14:08:48,860 [Listener at 127.0.0.1/40229] INFO  statemachine.DatanodeStateMachine (DatanodeStateMachine.java:stopDaemon(529)) - Ozone container server stopped.
2022-03-01 14:08:48,861 [Listener at 127.0.0.1/40229] INFO  handler.ContextHandler (ContextHandler.java:doStop(1153)) - Stopped o.e.j.w.WebAppContext@6acda1ed{hddsDatanode,/,null,STOPPED}{jar:file:/home/runner/.m2/repository/org/apache/ozone/hdds-container-service/1.3.0-SNAPSHOT/hdds-container-service-1.3.0-SNAPSHOT.jar!/webapps/hddsDatanode}
2022-03-01 14:08:48,868 [Listener at 127.0.0.1/40229] INFO  server.AbstractConnector (AbstractConnector.java:doStop(381)) - Stopped ServerConnector@6e0b9024{HTTP/1.1, (http/1.1)}{0.0.0.0:0}
2022-03-01 14:08:48,868 [Listener at 127.0.0.1/40229] INFO  server.session (HouseKeeper.java:stopScavenging(149)) - node0 Stopped scavenging
2022-03-01 14:08:48,868 [Listener at 127.0.0.1/40229] INFO  handler.ContextHandler (ContextHandler.java:doStop(1153)) - Stopped o.e.j.s.ServletContextHandler@1e58dfff{static,/static,jar:file:/home/runner/.m2/repository/org/apache/ozone/hdds-container-service/1.3.0-SNAPSHOT/hdds-container-service-1.3.0-SNAPSHOT.jar!/webapps/static,STOPPED}
2022-03-01 14:08:48,869 [Listener at 127.0.0.1/40229] INFO  handler.ContextHandler (ContextHandler.java:doStop(1153)) - Stopped o.e.j.s.ServletContextHandler@6c74d4bc{logs,/logs,file:///home/runner/work/ozone/ozone/hadoop-ozone/integration-test/target/log,STOPPED}
2022-03-01 14:08:48,869 [ForkJoinPool.commonPool-worker-1] INFO  statemachine.DatanodeStateMachine (DatanodeStateMachine.java:stopDaemon(529)) - Ozone container server stopped.
2022-03-01 14:08:48,893 [ForkJoinPool.commonPool-worker-1] INFO  handler.ContextHandler (ContextHandler.java:doStop(1153)) - Stopped o.e.j.w.WebAppContext@5ca2a4f6{hddsDatanode,/,null,STOPPED}{jar:file:/home/runner/.m2/repository/org/apache/ozone/hdds-container-service/1.3.0-SNAPSHOT/hdds-container-service-1.3.0-SNAPSHOT.jar!/webapps/hddsDatanode}
2022-03-01 14:08:48,896 [ForkJoinPool.commonPool-worker-1] INFO  server.AbstractConnector (AbstractConnector.java:doStop(381)) - Stopped ServerConnector@66403e70{HTTP/1.1, (http/1.1)}{0.0.0.0:0}
2022-03-01 14:08:48,896 [ForkJoinPool.commonPool-worker-1] INFO  server.session (HouseKeeper.java:stopScavenging(149)) - node0 Stopped scavenging
2022-03-01 14:08:48,898 [ForkJoinPool.commonPool-worker-1] INFO  handler.ContextHandler (ContextHandler.java:doStop(1153)) - Stopped o.e.j.s.ServletContextHandler@16e7ba74{static,/static,jar:file:/home/runner/.m2/repository/org/apache/ozone/hdds-container-service/1.3.0-SNAPSHOT/hdds-container-service-1.3.0-SNAPSHOT.jar!/webapps/static,STOPPED}
2022-03-01 14:08:48,899 [ForkJoinPool.commonPool-worker-1] INFO  handler.ContextHandler (ContextHandler.java:doStop(1153)) - Stopped o.e.j.s.ServletContextHandler@22c45bde{logs,/logs,file:///home/runner/work/ozone/ozone/hadoop-ozone/integration-test/target/log,STOPPED}
2022-03-01 14:08:50,825 [grpc-default-executor-3] WARN  server.GrpcLogAppender (LogUtils.java:warn(122)) - ffb50977-138e-42ec-9f6c-2fee95879726@group-598D80EA352E->62ad9cdf-96ac-404e-9c91-d824a9b2a1ad-AppendLogResponseHandler: Failed appendEntries: org.apache.ratis.thirdparty.io.grpc.StatusRuntimeException: UNAVAILABLE: io exception
2022-03-01 14:08:50,826 [grpc-default-executor-3] WARN  server.GrpcLogAppender (GrpcLogAppender.java:resetClient(110)) - ffb50977-138e-42ec-9f6c-2fee95879726@group-598D80EA352E->62ad9cdf-96ac-404e-9c91-d824a9b2a1ad-GrpcLogAppender: Leader has not got in touch with Follower ffb50977-138e-42ec-9f6c-2fee95879726@group-598D80EA352E->62ad9cdf-96ac-404e-9c91-d824a9b2a1ad(c0,m0,n1, attendVote=true, lastRpcSendTime=2504, lastRpcResponseTime=7536) yet, just keep nextIndex unchanged and retry.
2022-03-01 14:08:50,886 [grpc-default-executor-3] WARN  server.GrpcLogAppender (LogUtils.java:warn(122)) - ffb50977-138e-42ec-9f6c-2fee95879726@group-598D80EA352E->e4227631-9ebf-4460-8078-a4dbf323e9d1-AppendLogResponseHandler: Failed appendEntries: org.apache.ratis.thirdparty.io.grpc.StatusRuntimeException: UNAVAILABLE: io exception
2022-03-01 14:08:50,887 [grpc-default-executor-3] WARN  server.GrpcLogAppender (GrpcLogAppender.java:resetClient(110)) - ffb50977-138e-42ec-9f6c-2fee95879726@group-598D80EA352E->e4227631-9ebf-4460-8078-a4dbf323e9d1-GrpcLogAppender: Leader has not got in touch with Follower ffb50977-138e-42ec-9f6c-2fee95879726@group-598D80EA352E->e4227631-9ebf-4460-8078-a4dbf323e9d1(c0,m0,n1, attendVote=true, lastRpcSendTime=2519, lastRpcResponseTime=7566) yet, just keep nextIndex unchanged and retry.
2022-03-01 14:08:50,902 [ffb50977-138e-42ec-9f6c-2fee95879726@group-1CFAA836BE9C-FollowerState] INFO  impl.FollowerState (FollowerState.java:run(134)) - ffb50977-138e-42ec-9f6c-2fee95879726@group-1CFAA836BE9C-FollowerState: change to CANDIDATE, lastRpcElapsedTime:8264186236ns, electionTimeout:5153ms
2022-03-01 14:08:50,902 [ffb50977-138e-42ec-9f6c-2fee95879726@group-1CFAA836BE9C-FollowerState] INFO  impl.RoleInfo (RoleInfo.java:shutdownFollowerState(108)) - ffb50977-138e-42ec-9f6c-2fee95879726: shutdown ffb50977-138e-42ec-9f6c-2fee95879726@group-1CFAA836BE9C-FollowerState
2022-03-01 14:08:50,902 [ffb50977-138e-42ec-9f6c-2fee95879726@group-1CFAA836BE9C-FollowerState] INFO  server.RaftServer$Division (RaftServerImpl.java:setRole(290)) - ffb50977-138e-42ec-9f6c-2fee95879726@group-1CFAA836BE9C: changes role from  FOLLOWER to CANDIDATE at term 1 for changeToCandidate
2022-03-01 14:08:50,902 [ffb50977-138e-42ec-9f6c-2fee95879726@group-1CFAA836BE9C-FollowerState] INFO  server.RaftServerConfigKeys (ConfUtils.java:logGet(44)) - raft.server.leaderelection.pre-vote = false (custom)
2022-03-01 14:08:50,902 [ffb50977-138e-42ec-9f6c-2fee95879726@group-1CFAA836BE9C-FollowerState] INFO  impl.RoleInfo (RoleInfo.java:updateAndGet(130)) - ffb50977-138e-42ec-9f6c-2fee95879726: start ffb50977-138e-42ec-9f6c-2fee95879726@group-1CFAA836BE9C-LeaderElection46
2022-03-01 14:08:50,913 [ffb50977-138e-42ec-9f6c-2fee95879726@group-1CFAA836BE9C-LeaderElection46] INFO  server.RaftServer$Division (ServerState.java:setLeader(285)) - ffb50977-138e-42ec-9f6c-2fee95879726@group-1CFAA836BE9C: change Leader from 62ad9cdf-96ac-404e-9c91-d824a9b2a1ad to null at term 1 for ELECTION
2022-03-01 14:08:50,916 [ffb50977-138e-42ec-9f6c-2fee95879726@group-1CFAA836BE9C-LeaderElection46] INFO  impl.LeaderElection (LeaderElection.java:askForVotes(306)) - ffb50977-138e-42ec-9f6c-2fee95879726@group-1CFAA836BE9C-LeaderElection46 ELECTION round 0: submit vote requests at term 2 for 0: [ffb50977-138e-42ec-9f6c-2fee95879726|rpc:10.1.0.24:43185|dataStream:|priority:0, e4227631-9ebf-4460-8078-a4dbf323e9d1|rpc:10.1.0.24:43437|dataStream:|priority:0, 62ad9cdf-96ac-404e-9c91-d824a9b2a1ad|rpc:10.1.0.24:37449|dataStream:|priority:1], old=null
2022-03-01 14:08:50,933 [ffb50977-138e-42ec-9f6c-2fee95879726@group-1CFAA836BE9C-LeaderElection46] INFO  impl.LeaderElection (LogUtils.java:infoOrTrace(137)) - ffb50977-138e-42ec-9f6c-2fee95879726@group-1CFAA836BE9C-LeaderElection46 got exception when requesting votes: java.util.concurrent.ExecutionException: org.apache.ratis.thirdparty.io.grpc.StatusRuntimeException: UNAVAILABLE: io exception
2022-03-01 14:08:50,934 [ffb50977-138e-42ec-9f6c-2fee95879726@group-1CFAA836BE9C-LeaderElection46] INFO  impl.LeaderElection (LogUtils.java:infoOrTrace(137)) - ffb50977-138e-42ec-9f6c-2fee95879726@group-1CFAA836BE9C-LeaderElection46 got exception when requesting votes: java.util.concurrent.ExecutionException: org.apache.ratis.thirdparty.io.grpc.StatusRuntimeException: UNAVAILABLE: io exception
2022-03-01 14:08:50,934 [ffb50977-138e-42ec-9f6c-2fee95879726@group-1CFAA836BE9C-LeaderElection46] INFO  impl.LeaderElection (LeaderElection.java:logAndReturn(89)) - ffb50977-138e-42ec-9f6c-2fee95879726@group-1CFAA836BE9C-LeaderElection46: ELECTION REJECTED received 0 response(s) and 2 exception(s):
2022-03-01 14:08:50,934 [ffb50977-138e-42ec-9f6c-2fee95879726@group-1CFAA836BE9C-LeaderElection46] INFO  impl.LeaderElection (LogUtils.java:infoOrTrace(137)) -   Exception 0: java.util.concurrent.ExecutionException: org.apache.ratis.thirdparty.io.grpc.StatusRuntimeException: UNAVAILABLE: io exception
2022-03-01 14:08:50,934 [ffb50977-138e-42ec-9f6c-2fee95879726@group-1CFAA836BE9C-LeaderElection46] INFO  impl.LeaderElection (LogUtils.java:infoOrTrace(137)) -   Exception 1: java.util.concurrent.ExecutionException: org.apache.ratis.thirdparty.io.grpc.StatusRuntimeException: UNAVAILABLE: io exception
2022-03-01 14:08:50,934 [ffb50977-138e-42ec-9f6c-2fee95879726@group-1CFAA836BE9C-LeaderElection46] INFO  impl.LeaderElection (LeaderElection.java:askForVotes(308)) - ffb50977-138e-42ec-9f6c-2fee95879726@group-1CFAA836BE9C-LeaderElection46 ELECTION round 0: result REJECTED
2022-03-01 14:08:50,934 [ffb50977-138e-42ec-9f6c-2fee95879726@group-1CFAA836BE9C-LeaderElection46] INFO  server.RaftServer$Division (RaftServerImpl.java:setRole(290)) - ffb50977-138e-42ec-9f6c-2fee95879726@group-1CFAA836BE9C: changes role from CANDIDATE to FOLLOWER at term 2 for REJECTED
2022-03-01 14:08:50,934 [ffb50977-138e-42ec-9f6c-2fee95879726@group-1CFAA836BE9C-LeaderElection46] INFO  impl.RoleInfo (RoleInfo.java:shutdownLeaderElection(121)) - ffb50977-138e-42ec-9f6c-2fee95879726: shutdown ffb50977-138e-42ec-9f6c-2fee95879726@group-1CFAA836BE9C-LeaderElection46
2022-03-01 14:08:50,934 [ffb50977-138e-42ec-9f6c-2fee95879726@group-1CFAA836BE9C-LeaderElection46] INFO  impl.RoleInfo (RoleInfo.java:updateAndGet(130)) - ffb50977-138e-42ec-9f6c-2fee95879726: start ffb50977-138e-42ec-9f6c-2fee95879726@group-1CFAA836BE9C-FollowerState
2022-03-01 14:08:51,110 [ffb50977-138e-42ec-9f6c-2fee95879726@group-598D80EA352E-LeaderStateImpl] WARN  server.RaftServer$Division (LeaderStateImpl.java:checkLeadership(974)) - ffb50977-138e-42ec-9f6c-2fee95879726@group-598D80EA352E-LeaderStateImpl: Lost leadership on term: 5. Election timeout: 5200ms. In charge for: 10445ms. Conf: 0: [ffb50977-138e-42ec-9f6c-2fee95879726|rpc:10.1.0.24:43185|dataStream:|priority:1, e4227631-9ebf-4460-8078-a4dbf323e9d1|rpc:10.1.0.24:43437|dataStream:|priority:0, 62ad9cdf-96ac-404e-9c91-d824a9b2a1ad|rpc:10.1.0.24:37449|dataStream:|priority:0], old=null
2022-03-01 14:08:51,110 [ffb50977-138e-42ec-9f6c-2fee95879726@group-598D80EA352E-LeaderStateImpl] WARN  server.RaftServer$Division (LeaderStateImpl.java:lambda$checkLeadership$15(978)) - Follower ffb50977-138e-42ec-9f6c-2fee95879726@group-598D80EA352E->e4227631-9ebf-4460-8078-a4dbf323e9d1(c0,m0,n1, attendVote=true, lastRpcSendTime=222, lastRpcResponseTime=7790)
2022-03-01 14:08:51,111 [ffb50977-138e-42ec-9f6c-2fee95879726@group-598D80EA352E-LeaderStateImpl] WARN  server.RaftServer$Division (LeaderStateImpl.java:lambda$checkLeadership$15(978)) - Follower ffb50977-138e-42ec-9f6c-2fee95879726@group-598D80EA352E->62ad9cdf-96ac-404e-9c91-d824a9b2a1ad(c0,m0,n1, attendVote=true, lastRpcSendTime=281, lastRpcResponseTime=7821)
2022-03-01 14:08:51,111 [ffb50977-138e-42ec-9f6c-2fee95879726@group-598D80EA352E-LeaderStateImpl] INFO  server.RaftServer$Division (RaftServerImpl.java:setRole(290)) - ffb50977-138e-42ec-9f6c-2fee95879726@group-598D80EA352E: changes role from    LEADER to FOLLOWER at term 5 for StepDownReason:LOST_MAJORITY_HEARTBEATS
2022-03-01 14:08:51,111 [ffb50977-138e-42ec-9f6c-2fee95879726@group-598D80EA352E-LeaderStateImpl] INFO  impl.RoleInfo (RoleInfo.java:shutdownLeaderState(91)) - ffb50977-138e-42ec-9f6c-2fee95879726: shutdown ffb50977-138e-42ec-9f6c-2fee95879726@group-598D80EA352E-LeaderStateImpl
2022-03-01 14:08:51,111 [ffb50977-138e-42ec-9f6c-2fee95879726@group-598D80EA352E-LeaderStateImpl] INFO  impl.PendingRequests (PendingRequests.java:sendNotLeaderResponses(282)) - ffb50977-138e-42ec-9f6c-2fee95879726@group-598D80EA352E-PendingRequests: sendNotLeaderResponses
2022-03-01 14:08:51,111 [ffb50977-138e-42ec-9f6c-2fee95879726@group-598D80EA352E-LeaderStateImpl] INFO  impl.RoleInfo (RoleInfo.java:updateAndGet(130)) - ffb50977-138e-42ec-9f6c-2fee95879726: start ffb50977-138e-42ec-9f6c-2fee95879726@group-598D80EA352E-FollowerState
2022-03-01 14:08:53,902 [ForkJoinPool.commonPool-worker-1] INFO  ozoneimpl.OzoneContainer (OzoneContainer.java:stop(356)) - Attempting to stop container services.
2022-03-01 14:08:53,903 [ForkJoinPool.commonPool-worker-1] INFO  server.RaftServer (RaftServerProxy.java:lambda$close$6(391)) - ffb50977-138e-42ec-9f6c-2fee95879726: close
2022-03-01 14:08:53,903 [ForkJoinPool.commonPool-worker-1] INFO  server.RaftServer$Division (RaftServerImpl.java:lambda$close$4(412)) - ffb50977-138e-42ec-9f6c-2fee95879726@group-1CFAA836BE9C: shutdown
2022-03-01 14:08:53,903 [ForkJoinPool.commonPool-worker-1] INFO  util.JmxRegister (JmxRegister.java:unregister(73)) - Successfully un-registered JMX Bean with object name Ratis:service=RaftServer,group=group-1CFAA836BE9C,id=ffb50977-138e-42ec-9f6c-2fee95879726
2022-03-01 14:08:53,903 [ForkJoinPool.commonPool-worker-1] INFO  impl.RoleInfo (RoleInfo.java:shutdownFollowerState(108)) - ffb50977-138e-42ec-9f6c-2fee95879726: shutdown ffb50977-138e-42ec-9f6c-2fee95879726@group-1CFAA836BE9C-FollowerState
2022-03-01 14:08:53,904 [ForkJoinPool.commonPool-worker-1] INFO  impl.StateMachineUpdater (StateMachineUpdater.java:stopAndJoin(149)) - ffb50977-138e-42ec-9f6c-2fee95879726@group-1CFAA836BE9C-StateMachineUpdater: set stopIndex = 26
2022-03-01 14:08:53,904 [ffb50977-138e-42ec-9f6c-2fee95879726@group-1CFAA836BE9C-FollowerState] INFO  impl.FollowerState (FollowerState.java:run(143)) - ffb50977-138e-42ec-9f6c-2fee95879726@group-1CFAA836BE9C-FollowerState was interrupted: {}
java.lang.InterruptedException: sleep interrupted
	at java.lang.Thread.sleep(Native Method)
	at java.lang.Thread.sleep(Thread.java:342)
	at java.util.concurrent.TimeUnit.sleep(TimeUnit.java:386)
	at org.apache.ratis.util.TimeDuration.sleep(TimeDuration.java:324)
	at org.apache.ratis.util.TimeDuration.sleep(TimeDuration.java:309)
	at org.apache.ratis.server.impl.FollowerState.run(FollowerState.java:118)
2022-03-01 14:08:53,904 [ffb50977-138e-42ec-9f6c-2fee95879726@group-1CFAA836BE9C-StateMachineUpdater] INFO  ratis.ContainerStateMachine (ContainerStateMachine.java:takeSnapshot(304)) - group-1CFAA836BE9C: Taking a snapshot at:(t:1, i:26) file /home/runner/work/ozone/ozone/hadoop-ozone/integration-test/target/test-dir/MiniOzoneClusterImpl-c3e143df-885d-4e44-9b94-c11d7991bd3d/datanode-2/data/ratis/d8058072-0eb8-4929-90e6-1cfaa836be9c/sm/snapshot.1_26
2022-03-01 14:08:53,907 [ffb50977-138e-42ec-9f6c-2fee95879726@group-1CFAA836BE9C-StateMachineUpdater] INFO  ratis.ContainerStateMachine (ContainerStateMachine.java:takeSnapshot(315)) - group-1CFAA836BE9C: Finished taking a snapshot at:(t:1, i:26) file:/home/runner/work/ozone/ozone/hadoop-ozone/integration-test/target/test-dir/MiniOzoneClusterImpl-c3e143df-885d-4e44-9b94-c11d7991bd3d/datanode-2/data/ratis/d8058072-0eb8-4929-90e6-1cfaa836be9c/sm/snapshot.1_26 took: 3 ms
2022-03-01 14:08:53,907 [ffb50977-138e-42ec-9f6c-2fee95879726@group-1CFAA836BE9C-StateMachineUpdater] INFO  impl.StateMachineUpdater (StateMachineUpdater.java:takeSnapshot(281)) - ffb50977-138e-42ec-9f6c-2fee95879726@group-1CFAA836BE9C-StateMachineUpdater: Took a snapshot at index 26
2022-03-01 14:08:53,907 [ffb50977-138e-42ec-9f6c-2fee95879726@group-1CFAA836BE9C-StateMachineUpdater] INFO  impl.StateMachineUpdater (StateMachineUpdater.java:lambda$new$0(89)) - ffb50977-138e-42ec-9f6c-2fee95879726@group-1CFAA836BE9C-StateMachineUpdater: snapshotIndex: updateIncreasingly -1 -> 26
2022-03-01 14:08:53,908 [ForkJoinPool.commonPool-worker-1] INFO  server.RaftServer$Division (ServerState.java:close(419)) - ffb50977-138e-42ec-9f6c-2fee95879726@group-1CFAA836BE9C: closes. applyIndex: 26
2022-03-01 14:08:53,908 [ffb50977-138e-42ec-9f6c-2fee95879726@group-1CFAA836BE9C-SegmentedRaftLogWorker] INFO  segmented.SegmentedRaftLogWorker (SegmentedRaftLogWorker.java:run(327)) - ffb50977-138e-42ec-9f6c-2fee95879726@group-1CFAA836BE9C-SegmentedRaftLogWorker was interrupted, exiting. There are 0 tasks remaining in the queue.
2022-03-01 14:08:53,910 [ForkJoinPool.commonPool-worker-1] INFO  segmented.SegmentedRaftLogWorker (SegmentedRaftLogWorker.java:close(237)) - ffb50977-138e-42ec-9f6c-2fee95879726@group-1CFAA836BE9C-SegmentedRaftLogWorker close()
2022-03-01 14:08:53,911 [ForkJoinPool.commonPool-worker-1] INFO  server.RaftServer$Division (RaftServerImpl.java:lambda$close$4(412)) - ffb50977-138e-42ec-9f6c-2fee95879726@group-598D80EA352E: shutdown
2022-03-01 14:08:53,911 [ForkJoinPool.commonPool-worker-1] INFO  util.JmxRegister (JmxRegister.java:unregister(73)) - Successfully un-registered JMX Bean with object name Ratis:service=RaftServer,group=group-598D80EA352E,id=ffb50977-138e-42ec-9f6c-2fee95879726
2022-03-01 14:08:53,911 [ForkJoinPool.commonPool-worker-1] INFO  impl.RoleInfo (RoleInfo.java:shutdownFollowerState(108)) - ffb50977-138e-42ec-9f6c-2fee95879726: shutdown ffb50977-138e-42ec-9f6c-2fee95879726@group-598D80EA352E-FollowerState
2022-03-01 14:08:53,911 [ffb50977-138e-42ec-9f6c-2fee95879726@group-598D80EA352E-FollowerState] INFO  impl.FollowerState (FollowerState.java:run(143)) - ffb50977-138e-42ec-9f6c-2fee95879726@group-598D80EA352E-FollowerState was interrupted: {}
java.lang.InterruptedException: sleep interrupted
	at java.lang.Thread.sleep(Native Method)
	at java.lang.Thread.sleep(Thread.java:342)
	at java.util.concurrent.TimeUnit.sleep(TimeUnit.java:386)
	at org.apache.ratis.util.TimeDuration.sleep(TimeDuration.java:324)
	at org.apache.ratis.util.TimeDuration.sleep(TimeDuration.java:309)
	at org.apache.ratis.server.impl.FollowerState.run(FollowerState.java:118)
2022-03-01 14:08:53,911 [ffb50977-138e-42ec-9f6c-2fee95879726@group-598D80EA352E-StateMachineUpdater] INFO  ratis.ContainerStateMachine (ContainerStateMachine.java:takeSnapshot(304)) - group-598D80EA352E: Taking a snapshot at:(t:5, i:0) file /home/runner/work/ozone/ozone/hadoop-ozone/integration-test/target/test-dir/MiniOzoneClusterImpl-c3e143df-885d-4e44-9b94-c11d7991bd3d/datanode-2/data/ratis/a2d21331-83e4-429e-a463-598d80ea352e/sm/snapshot.5_0
2022-03-01 14:08:53,912 [ffb50977-138e-42ec-9f6c-2fee95879726@group-598D80EA352E-StateMachineUpdater] INFO  ratis.ContainerStateMachine (ContainerStateMachine.java:takeSnapshot(315)) - group-598D80EA352E: Finished taking a snapshot at:(t:5, i:0) file:/home/runner/work/ozone/ozone/hadoop-ozone/integration-test/target/test-dir/MiniOzoneClusterImpl-c3e143df-885d-4e44-9b94-c11d7991bd3d/datanode-2/data/ratis/a2d21331-83e4-429e-a463-598d80ea352e/sm/snapshot.5_0 took: 0 ms
2022-03-01 14:08:53,912 [ffb50977-138e-42ec-9f6c-2fee95879726@group-598D80EA352E-StateMachineUpdater] INFO  impl.StateMachineUpdater (StateMachineUpdater.java:takeSnapshot(281)) - ffb50977-138e-42ec-9f6c-2fee95879726@group-598D80EA352E-StateMachineUpdater: Took a snapshot at index 0
2022-03-01 14:08:53,912 [ffb50977-138e-42ec-9f6c-2fee95879726@group-598D80EA352E-StateMachineUpdater] INFO  impl.StateMachineUpdater (StateMachineUpdater.java:lambda$new$0(89)) - ffb50977-138e-42ec-9f6c-2fee95879726@group-598D80EA352E-StateMachineUpdater: snapshotIndex: updateIncreasingly -1 -> 0
2022-03-01 14:08:53,921 [ForkJoinPool.commonPool-worker-1] INFO  impl.StateMachineUpdater (StateMachineUpdater.java:stopAndJoin(149)) - ffb50977-138e-42ec-9f6c-2fee95879726@group-598D80EA352E-StateMachineUpdater: set stopIndex = 0
2022-03-01 14:08:53,921 [ForkJoinPool.commonPool-worker-1] INFO  server.RaftServer$Division (ServerState.java:close(419)) - ffb50977-138e-42ec-9f6c-2fee95879726@group-598D80EA352E: closes. applyIndex: 0
2022-03-01 14:08:53,921 [ffb50977-138e-42ec-9f6c-2fee95879726@group-598D80EA352E-SegmentedRaftLogWorker] INFO  segmented.SegmentedRaftLogWorker (SegmentedRaftLogWorker.java:run(327)) - ffb50977-138e-42ec-9f6c-2fee95879726@group-598D80EA352E-SegmentedRaftLogWorker was interrupted, exiting. There are 0 tasks remaining in the queue.
2022-03-01 14:08:53,929 [ForkJoinPool.commonPool-worker-1] INFO  segmented.SegmentedRaftLogWorker (SegmentedRaftLogWorker.java:close(237)) - ffb50977-138e-42ec-9f6c-2fee95879726@group-598D80EA352E-SegmentedRaftLogWorker close()
2022-03-01 14:08:53,941 [ForkJoinPool.commonPool-worker-1] INFO  server.RaftServer$Division (RaftServerImpl.java:lambda$close$4(412)) - ffb50977-138e-42ec-9f6c-2fee95879726@group-30B3DF7994D3: shutdown
2022-03-01 14:08:53,941 [ForkJoinPool.commonPool-worker-1] INFO  util.JmxRegister (JmxRegister.java:unregister(73)) - Successfully un-registered JMX Bean with object name Ratis:service=RaftServer,group=group-30B3DF7994D3,id=ffb50977-138e-42ec-9f6c-2fee95879726
2022-03-01 14:08:53,942 [ForkJoinPool.commonPool-worker-1] INFO  impl.RoleInfo (RoleInfo.java:shutdownLeaderState(91)) - ffb50977-138e-42ec-9f6c-2fee95879726: shutdown ffb50977-138e-42ec-9f6c-2fee95879726@group-30B3DF7994D3-LeaderStateImpl
2022-03-01 14:08:53,942 [ForkJoinPool.commonPool-worker-1] INFO  impl.PendingRequests (PendingRequests.java:sendNotLeaderResponses(282)) - ffb50977-138e-42ec-9f6c-2fee95879726@group-30B3DF7994D3-PendingRequests: sendNotLeaderResponses
2022-03-01 14:08:53,942 [ForkJoinPool.commonPool-worker-1] INFO  impl.StateMachineUpdater (StateMachineUpdater.java:stopAndJoin(149)) - ffb50977-138e-42ec-9f6c-2fee95879726@group-30B3DF7994D3-StateMachineUpdater: set stopIndex = 0
2022-03-01 14:08:53,943 [ffb50977-138e-42ec-9f6c-2fee95879726@group-30B3DF7994D3-StateMachineUpdater] INFO  ratis.ContainerStateMachine (ContainerStateMachine.java:takeSnapshot(304)) - group-30B3DF7994D3: Taking a snapshot at:(t:1, i:0) file /home/runner/work/ozone/ozone/hadoop-ozone/integration-test/target/test-dir/MiniOzoneClusterImpl-c3e143df-885d-4e44-9b94-c11d7991bd3d/datanode-2/data/ratis/3d112f09-99a5-4541-ae20-30b3df7994d3/sm/snapshot.1_0
2022-03-01 14:08:53,944 [ffb50977-138e-42ec-9f6c-2fee95879726@group-30B3DF7994D3-StateMachineUpdater] INFO  ratis.ContainerStateMachine (ContainerStateMachine.java:takeSnapshot(315)) - group-30B3DF7994D3: Finished taking a snapshot at:(t:1, i:0) file:/home/runner/work/ozone/ozone/hadoop-ozone/integration-test/target/test-dir/MiniOzoneClusterImpl-c3e143df-885d-4e44-9b94-c11d7991bd3d/datanode-2/data/ratis/3d112f09-99a5-4541-ae20-30b3df7994d3/sm/snapshot.1_0 took: 1 ms
2022-03-01 14:08:53,944 [ffb50977-138e-42ec-9f6c-2fee95879726@group-30B3DF7994D3-StateMachineUpdater] INFO  impl.StateMachineUpdater (StateMachineUpdater.java:takeSnapshot(281)) - ffb50977-138e-42ec-9f6c-2fee95879726@group-30B3DF7994D3-StateMachineUpdater: Took a snapshot at index 0
2022-03-01 14:08:53,944 [ffb50977-138e-42ec-9f6c-2fee95879726@group-30B3DF7994D3-StateMachineUpdater] INFO  impl.StateMachineUpdater (StateMachineUpdater.java:lambda$new$0(89)) - ffb50977-138e-42ec-9f6c-2fee95879726@group-30B3DF7994D3-StateMachineUpdater: snapshotIndex: updateIncreasingly -1 -> 0
2022-03-01 14:08:53,944 [ForkJoinPool.commonPool-worker-1] INFO  server.RaftServer$Division (ServerState.java:close(419)) - ffb50977-138e-42ec-9f6c-2fee95879726@group-30B3DF7994D3: closes. applyIndex: 0
2022-03-01 14:08:53,944 [ffb50977-138e-42ec-9f6c-2fee95879726@group-30B3DF7994D3-SegmentedRaftLogWorker] INFO  segmented.SegmentedRaftLogWorker (SegmentedRaftLogWorker.java:run(327)) - ffb50977-138e-42ec-9f6c-2fee95879726@group-30B3DF7994D3-SegmentedRaftLogWorker was interrupted, exiting. There are 0 tasks remaining in the queue.
2022-03-01 14:08:53,945 [ForkJoinPool.commonPool-worker-1] INFO  segmented.SegmentedRaftLogWorker (SegmentedRaftLogWorker.java:close(237)) - ffb50977-138e-42ec-9f6c-2fee95879726@group-30B3DF7994D3-SegmentedRaftLogWorker close()
2022-03-01 14:08:53,950 [ForkJoinPool.commonPool-worker-1] INFO  server.GrpcService (GrpcService.java:closeImpl(262)) - ffb50977-138e-42ec-9f6c-2fee95879726: shutdown server with port 43185 now
2022-03-01 14:08:53,959 [ForkJoinPool.commonPool-worker-1] INFO  server.GrpcService (GrpcService.java:closeImpl(271)) - ffb50977-138e-42ec-9f6c-2fee95879726: shutdown server with port 43185 successfully
2022-03-01 14:08:53,959 [org.apache.ratis.util.JvmPauseMonitor$$Lambda$421/1299661385@7abdf751] INFO  util.JvmPauseMonitor (JvmPauseMonitor.java:run(109)) - JvmPauseMonitor-ffb50977-138e-42ec-9f6c-2fee95879726: Stopped
2022-03-01 14:08:55,988 [ForkJoinPool.commonPool-worker-1] INFO  utils.BackgroundService (BackgroundService.java:shutdown(132)) - Shutting down service BlockDeletingService
2022-03-01 14:08:59,004 [ForkJoinPool.commonPool-worker-1] INFO  statemachine.DatanodeStateMachine (DatanodeStateMachine.java:stopDaemon(529)) - Ozone container server stopped.
2022-03-01 14:08:59,007 [ForkJoinPool.commonPool-worker-1] INFO  handler.ContextHandler (ContextHandler.java:doStop(1153)) - Stopped o.e.j.w.WebAppContext@5cf8a5c9{hddsDatanode,/,null,STOPPED}{jar:file:/home/runner/.m2/repository/org/apache/ozone/hdds-container-service/1.3.0-SNAPSHOT/hdds-container-service-1.3.0-SNAPSHOT.jar!/webapps/hddsDatanode}
2022-03-01 14:08:59,008 [ForkJoinPool.commonPool-worker-1] INFO  server.AbstractConnector (AbstractConnector.java:doStop(381)) - Stopped ServerConnector@42583cc1{HTTP/1.1, (http/1.1)}{0.0.0.0:0}
2022-03-01 14:08:59,008 [ForkJoinPool.commonPool-worker-1] INFO  server.session (HouseKeeper.java:stopScavenging(149)) - node0 Stopped scavenging
2022-03-01 14:08:59,012 [ForkJoinPool.commonPool-worker-1] INFO  handler.ContextHandler (ContextHandler.java:doStop(1153)) - Stopped o.e.j.s.ServletContextHandler@2a8ccb99{static,/static,jar:file:/home/runner/.m2/repository/org/apache/ozone/hdds-container-service/1.3.0-SNAPSHOT/hdds-container-service-1.3.0-SNAPSHOT.jar!/webapps/static,STOPPED}
2022-03-01 14:08:59,013 [ForkJoinPool.commonPool-worker-1] INFO  handler.ContextHandler (ContextHandler.java:doStop(1153)) - Stopped o.e.j.s.ServletContextHandler@45b67d0e{logs,/logs,file:///home/runner/work/ozone/ozone/hadoop-ozone/integration-test/target/log,STOPPED}
2022-03-01 14:08:59,029 [Listener at 127.0.0.1/40229] INFO  ozone.MiniOzoneClusterImpl (MiniOzoneClusterImpl.java:stopSCM(538)) - Stopping the StorageContainerManager
2022-03-01 14:08:59,029 [Listener at 127.0.0.1/40229] INFO  server.StorageContainerManager (StorageContainerManager.java:stop(1417)) - Stopping Container Balancer service.
2022-03-01 14:08:59,029 [Listener at 127.0.0.1/40229] INFO  balancer.ContainerBalancer (ContainerBalancer.java:stop(751)) - Container Balancer is not running.
2022-03-01 14:08:59,029 [Listener at 127.0.0.1/40229] INFO  server.StorageContainerManager (StorageContainerManager.java:stop(1424)) - Stopping Replication Manager Service.
2022-03-01 14:08:59,029 [Listener at 127.0.0.1/40229] INFO  container.ReplicationManager (ReplicationManager.java:stop(357)) - Stopping Replication Monitor Thread.
2022-03-01 14:08:59,030 [Listener at 127.0.0.1/40229] INFO  server.StorageContainerManager (StorageContainerManager.java:stop(1431)) - Stopping the Datanode Admin Monitor.
2022-03-01 14:08:59,030 [Listener at 127.0.0.1/40229] INFO  server.StorageContainerManager (StorageContainerManager.java:stop(1438)) - Stopping Lease Manager of the command watchers
2022-03-01 14:08:59,030 [Listener at 127.0.0.1/40229] INFO  server.StorageContainerManager (StorageContainerManager.java:stop(1445)) - Stopping datanode service RPC server
2022-03-01 14:08:59,030 [Listener at 127.0.0.1/40229] INFO  server.SCMDatanodeProtocolServer (SCMDatanodeProtocolServer.java:stop(391)) - Stopping the RPC server for DataNodes
2022-03-01 14:08:59,030 [Listener at 127.0.0.1/40229] INFO  ipc.Server (Server.java:stop(3414)) - Stopping server on 36337
2022-03-01 14:08:59,032 [IPC Server listener on 0] INFO  ipc.Server (Server.java:run(1376)) - Stopping IPC Server listener on 0
2022-03-01 14:08:59,049 [IPC Server Responder] INFO  ipc.Server (Server.java:run(1512)) - Stopping IPC Server Responder
2022-03-01 14:08:59,149 [SCM Heartbeat Processing Thread - 0] WARN  node.NodeStateManager (NodeStateManager.java:scheduleNextHealthCheck(815)) - Current Thread is interrupted, shutting down HB processing thread for Node Manager.
2022-03-01 14:08:59,151 [Listener at 127.0.0.1/40229] INFO  server.StorageContainerManager (StorageContainerManager.java:stop(1453)) - Stopping block service RPC server
2022-03-01 14:08:59,151 [Listener at 127.0.0.1/40229] INFO  server.SCMBlockProtocolServer (SCMBlockProtocolServer.java:stop(160)) - Stopping the RPC server for Block Protocol
2022-03-01 14:08:59,151 [Listener at 127.0.0.1/40229] INFO  ipc.Server (Server.java:stop(3414)) - Stopping server on 34823
2022-03-01 14:08:59,157 [Listener at 127.0.0.1/40229] INFO  server.StorageContainerManager (StorageContainerManager.java:stop(1460)) - Stopping the StorageContainerLocationProtocol RPC server
2022-03-01 14:08:59,158 [Listener at 127.0.0.1/40229] INFO  server.SCMClientProtocolServer (SCMClientProtocolServer.java:stop(174)) - Stopping the RPC server for Client Protocol
2022-03-01 14:08:59,158 [Listener at 127.0.0.1/40229] INFO  ipc.Server (Server.java:stop(3414)) - Stopping server on 38493
2022-03-01 14:08:59,158 [IPC Server Responder] INFO  ipc.Server (Server.java:run(1512)) - Stopping IPC Server Responder
2022-03-01 14:08:59,159 [IPC Server listener on 0] INFO  ipc.Server (Server.java:run(1376)) - Stopping IPC Server listener on 0
2022-03-01 14:08:59,160 [IPC Server Responder] INFO  ipc.Server (Server.java:run(1512)) - Stopping IPC Server Responder
2022-03-01 14:08:59,160 [Listener at 127.0.0.1/40229] INFO  server.StorageContainerManager (StorageContainerManager.java:stop(1467)) - Stopping Storage Container Manager HTTP server.
2022-03-01 14:08:59,161 [IPC Server listener on 0] INFO  ipc.Server (Server.java:run(1376)) - Stopping IPC Server listener on 0
2022-03-01 14:08:59,164 [Listener at 127.0.0.1/40229] INFO  handler.ContextHandler (ContextHandler.java:doStop(1153)) - Stopped o.e.j.w.WebAppContext@686a7922{scm,/,null,STOPPED}{file:/home/runner/work/ozone/ozone/hadoop-ozone/integration-test/target/test-classes/webapps/scm}
2022-03-01 14:08:59,181 [Listener at 127.0.0.1/40229] INFO  server.AbstractConnector (AbstractConnector.java:doStop(381)) - Stopped ServerConnector@25410c7f{HTTP/1.1, (http/1.1)}{0.0.0.0:0}
2022-03-01 14:08:59,181 [Listener at 127.0.0.1/40229] INFO  server.session (HouseKeeper.java:stopScavenging(149)) - node0 Stopped scavenging
2022-03-01 14:08:59,182 [Listener at 127.0.0.1/40229] INFO  handler.ContextHandler (ContextHandler.java:doStop(1153)) - Stopped o.e.j.s.ServletContextHandler@3135f5dd{static,/static,file:///home/runner/work/ozone/ozone/hadoop-ozone/integration-test/target/test-classes/webapps/static,STOPPED}
2022-03-01 14:08:59,182 [Listener at 127.0.0.1/40229] INFO  handler.ContextHandler (ContextHandler.java:doStop(1153)) - Stopped o.e.j.s.ServletContextHandler@69ea89d0{logs,/logs,file:///home/runner/work/ozone/ozone/hadoop-ozone/integration-test/target/log,STOPPED}
2022-03-01 14:08:59,184 [Listener at 127.0.0.1/40229] INFO  server.StorageContainerManager (StorageContainerManager.java:stop(1478)) - Stopping Block Manager Service.
2022-03-01 14:08:59,184 [Listener at 127.0.0.1/40229] INFO  utils.BackgroundService (BackgroundService.java:shutdown(132)) - Shutting down service SCMBlockDeletingService
2022-03-01 14:08:59,185 [Listener at 127.0.0.1/40229] INFO  utils.BackgroundService (BackgroundService.java:shutdown(132)) - Shutting down service SCMBlockDeletingService
2022-03-01 14:08:59,185 [Listener at 127.0.0.1/40229] INFO  server.StorageContainerManager (StorageContainerManager.java:stop(1505)) - Stopping SCM Event Queue.
2022-03-01 14:08:59,187 [Listener at 127.0.0.1/40229] INFO  server.StorageContainerManager (StorageContainerManager.java:stop(1516)) - Stopping SCM HA services.
2022-03-01 14:08:59,193 [Listener at 127.0.0.1/40229] INFO  ha.SCMRatisServerImpl (SCMRatisServerImpl.java:stop(236)) - stopping ratis server 0.0.0.0:9894
2022-03-01 14:08:59,193 [Listener at 127.0.0.1/40229] INFO  server.RaftServer (RaftServerProxy.java:lambda$close$6(391)) - f6b4a54d-6093-4c4c-9970-ea333dfe749a: close
2022-03-01 14:08:59,193 [Listener at 127.0.0.1/40229] INFO  server.RaftServer$Division (RaftServerImpl.java:lambda$close$4(412)) - f6b4a54d-6093-4c4c-9970-ea333dfe749a@group-C11D7991BD3D: shutdown
2022-03-01 14:08:59,193 [Listener at 127.0.0.1/40229] INFO  util.JmxRegister (JmxRegister.java:unregister(73)) - Successfully un-registered JMX Bean with object name Ratis:service=RaftServer,group=group-C11D7991BD3D,id=f6b4a54d-6093-4c4c-9970-ea333dfe749a
2022-03-01 14:08:59,193 [Listener at 127.0.0.1/40229] INFO  impl.RoleInfo (RoleInfo.java:shutdownLeaderState(91)) - f6b4a54d-6093-4c4c-9970-ea333dfe749a: shutdown f6b4a54d-6093-4c4c-9970-ea333dfe749a@group-C11D7991BD3D-LeaderStateImpl
2022-03-01 14:08:59,193 [Listener at 127.0.0.1/40229] INFO  impl.PendingRequests (PendingRequests.java:sendNotLeaderResponses(282)) - f6b4a54d-6093-4c4c-9970-ea333dfe749a@group-C11D7991BD3D-PendingRequests: sendNotLeaderResponses
2022-03-01 14:08:59,193 [Listener at 127.0.0.1/40229] INFO  ha.SCMStateMachine (SCMStateMachine.java:notifyNotLeader(190)) - current leader SCM steps down.
2022-03-01 14:08:59,194 [Listener at 127.0.0.1/40229] INFO  ha.SCMContext (SCMContext.java:updateLeaderAndTerm(90)) - update <isLeader,term> from <true,2> to <false,0>
2022-03-01 14:08:59,194 [Listener at 127.0.0.1/40229] INFO  ha.SCMContext (SCMContext.java:updateLeaderAndTerm(97)) - update <isLeaderReady> from <false> to <false>
2022-03-01 14:08:59,220 [Listener at 127.0.0.1/40229] INFO  impl.StateMachineUpdater (StateMachineUpdater.java:stopAndJoin(149)) - f6b4a54d-6093-4c4c-9970-ea333dfe749a@group-C11D7991BD3D-StateMachineUpdater: set stopIndex = 32
2022-03-01 14:08:59,220 [f6b4a54d-6093-4c4c-9970-ea333dfe749a@group-C11D7991BD3D-StateMachineUpdater] INFO  ha.SCMStateMachine (SCMStateMachine.java:takeSnapshot(297)) - Current Snapshot Index 32, takeSnapshot took 1 ms
2022-03-01 14:08:59,220 [f6b4a54d-6093-4c4c-9970-ea333dfe749a@group-C11D7991BD3D-StateMachineUpdater] INFO  impl.StateMachineUpdater (StateMachineUpdater.java:takeSnapshot(281)) - f6b4a54d-6093-4c4c-9970-ea333dfe749a@group-C11D7991BD3D-StateMachineUpdater: Took a snapshot at index 32
2022-03-01 14:08:59,220 [f6b4a54d-6093-4c4c-9970-ea333dfe749a@group-C11D7991BD3D-StateMachineUpdater] INFO  impl.StateMachineUpdater (StateMachineUpdater.java:lambda$new$0(89)) - f6b4a54d-6093-4c4c-9970-ea333dfe749a@group-C11D7991BD3D-StateMachineUpdater: snapshotIndex: updateIncreasingly -1 -> 32
2022-03-01 14:08:59,221 [Listener at 127.0.0.1/40229] INFO  server.RaftServer$Division (ServerState.java:close(419)) - f6b4a54d-6093-4c4c-9970-ea333dfe749a@group-C11D7991BD3D: closes. applyIndex: 32
2022-03-01 14:08:59,221 [f6b4a54d-6093-4c4c-9970-ea333dfe749a@group-C11D7991BD3D-SegmentedRaftLogWorker] INFO  segmented.SegmentedRaftLogWorker (SegmentedRaftLogWorker.java:run(327)) - f6b4a54d-6093-4c4c-9970-ea333dfe749a@group-C11D7991BD3D-SegmentedRaftLogWorker was interrupted, exiting. There are 0 tasks remaining in the queue.
2022-03-01 14:08:59,222 [Listener at 127.0.0.1/40229] INFO  segmented.SegmentedRaftLogWorker (SegmentedRaftLogWorker.java:close(237)) - f6b4a54d-6093-4c4c-9970-ea333dfe749a@group-C11D7991BD3D-SegmentedRaftLogWorker close()
2022-03-01 14:08:59,225 [Listener at 127.0.0.1/40229] INFO  server.GrpcService (GrpcService.java:closeImpl(262)) - f6b4a54d-6093-4c4c-9970-ea333dfe749a: shutdown server with port 9894 now
2022-03-01 14:08:59,225 [Listener at 127.0.0.1/40229] INFO  server.GrpcService (GrpcService.java:closeImpl(271)) - f6b4a54d-6093-4c4c-9970-ea333dfe749a: shutdown server with port 9894 successfully
2022-03-01 14:08:59,225 [org.apache.ratis.util.JvmPauseMonitor$$Lambda$421/1299661385@7233cd72] INFO  util.JvmPauseMonitor (JvmPauseMonitor.java:run(109)) - JvmPauseMonitor-f6b4a54d-6093-4c4c-9970-ea333dfe749a: Stopped
2022-03-01 14:08:59,226 [Listener at 127.0.0.1/40229] INFO  pipeline.BackgroundPipelineCreator (BackgroundPipelineCreator.java:stop(158)) - Stopping RatisPipelineUtilsThread.
2022-03-01 14:08:59,226 [Listener at 127.0.0.1/40229] INFO  server.StorageContainerManager (StorageContainerManager.java:stop(1526)) - Stopping SCM MetadataStore.
2022-03-01 14:08:59,227 [Listener at 127.0.0.1/40229] INFO  impl.MetricsSystemImpl (MetricsSystemImpl.java:stop(210)) - Stopping HddsDatanode metrics system...
2022-03-01 14:08:59,262 [prometheus] INFO  impl.MetricsSinkAdapter (MetricsSinkAdapter.java:publishMetricsFromQueue(141)) - prometheus thread interrupted.
2022-03-01 14:08:59,262 [Listener at 127.0.0.1/40229] INFO  impl.MetricsSystemImpl (MetricsSystemImpl.java:stop(216)) - HddsDatanode metrics system stopped.
2022-03-01 14:08:59,410 [Listener at 127.0.0.1/40229] WARN  server.ServerUtils (ServerUtils.java:getScmDbDir(148)) - ozone.scm.db.dirs is not configured. We recommend adding this setting. Falling back to ozone.metadata.dirs instead.
2022-03-01 14:08:59,433 [Listener at 127.0.0.1/40229] INFO  ha.SCMHANodeDetails (SCMHANodeDetails.java:loadSCMHAConfig(157)) - ServiceID for StorageContainerManager is null
2022-03-01 14:08:59,434 [Listener at 127.0.0.1/40229] INFO  ha.SCMHANodeDetails (SCMHANodeDetails.java:loadSCMHAConfig(162)) - ozone.scm.default.service.id is not defined, falling back to ozone.scm.service.ids to find serviceID for StorageContainerManager if it is HA enabled cluster
2022-03-01 14:08:59,434 [Listener at 127.0.0.1/40229] INFO  server.RaftServer (ConfUtils.java:logGet(44)) - raft.rpc.type = GRPC (default)
2022-03-01 14:08:59,435 [Listener at 127.0.0.1/40229] INFO  grpc.GrpcFactory (GrpcFactory.java:checkPooledByteBufAllocatorUseCacheForAllThreads(48)) - PERFORMANCE WARNING: useCacheForAllThreads is true that may cause Netty to create a lot garbage objects and, as a result, trigger GC.
	It is recommended to disable useCacheForAllThreads by setting -Dorg.apache.ratis.thirdparty.io.netty.allocator.useCacheForAllThreads=false in command line.
2022-03-01 14:08:59,437 [Listener at 127.0.0.1/40229] INFO  grpc.GrpcConfigKeys (ConfUtils.java:logGet(44)) - raft.grpc.admin.port = -1 (default)
2022-03-01 14:08:59,437 [Listener at 127.0.0.1/40229] INFO  grpc.GrpcConfigKeys (ConfUtils.java:logGet(44)) - raft.grpc.server.port = 9894 (custom)
2022-03-01 14:08:59,437 [Listener at 127.0.0.1/40229] INFO  grpc.GrpcConfigKeys (ConfUtils.java:logGet(44)) - raft.grpc.client.port = -1 (default)
2022-03-01 14:08:59,437 [Listener at 127.0.0.1/40229] INFO  grpc.GrpcConfigKeys (ConfUtils.java:logGet(44)) - raft.grpc.server.port = 9894 (custom)
2022-03-01 14:08:59,437 [Listener at 127.0.0.1/40229] INFO  grpc.GrpcConfigKeys (ConfUtils.java:logGet(44)) - raft.grpc.server.port = 9894 (custom)
2022-03-01 14:08:59,437 [Listener at 127.0.0.1/40229] INFO  server.GrpcService (ConfUtils.java:logGet(44)) - raft.grpc.message.size.max = 32m (=33554432) (custom)
2022-03-01 14:08:59,437 [Listener at 127.0.0.1/40229] INFO  server.RaftServerConfigKeys (ConfUtils.java:logGet(44)) - raft.server.log.appender.buffer.byte-limit = 33554432 (custom)
2022-03-01 14:08:59,438 [Listener at 127.0.0.1/40229] INFO  server.GrpcService (ConfUtils.java:logGet(44)) - raft.grpc.flow.control.window = 1MB (=1048576) (default)
2022-03-01 14:08:59,438 [Listener at 127.0.0.1/40229] INFO  server.RaftServerConfigKeys (ConfUtils.java:logGet(44)) - raft.server.rpc.request.timeout = 30000ms (custom)
2022-03-01 14:08:59,439 [Listener at 127.0.0.1/40229] INFO  impl.DataStreamServerImpl (ConfUtils.java:logGet(44)) - raft.datastream.type = DISABLED (default)
2022-03-01 14:08:59,439 [Listener at 127.0.0.1/40229] INFO  server.RaftServerConfigKeys (ConfUtils.java:logGet(44)) - raft.server.rpc.slowness.timeout = 120000ms (custom)
2022-03-01 14:08:59,439 [Listener at 127.0.0.1/40229] INFO  server.RaftServerConfigKeys (ConfUtils.java:logGet(44)) - raft.server.leaderelection.leader.step-down.wait-time = 10s (default)
2022-03-01 14:08:59,439 [Listener at 127.0.0.1/40229] INFO  server.RaftServerConfigKeys (ConfUtils.java:logGet(44)) - raft.server.storage.dir = [/home/runner/work/ozone/ozone/hadoop-ozone/integration-test/target/test-dir/MiniOzoneClusterImpl-4620bb26-f181-4696-b789-f356cb8b6fd6/ozone-meta/scm-ha] (custom)
2022-03-01 14:08:59,466 [Listener at 127.0.0.1/40229] INFO  server.RaftServer (RaftServerProxy.java:addNew(95)) - 59ced422-3795-4659-9922-9f3d7fc7b79b: addNew group-F356CB8B6FD6:[59ced422-3795-4659-9922-9f3d7fc7b79b|rpc:fv-az195-209:9894|priority:0] returns group-F356CB8B6FD6:java.util.concurrent.CompletableFuture@651d2d15[Not completed]
2022-03-01 14:08:59,466 [pool-471-thread-1] INFO  server.RaftServer$Division (RaftServerImpl.java:<init>(184)) - 59ced422-3795-4659-9922-9f3d7fc7b79b: new RaftServerImpl for group-F356CB8B6FD6:[59ced422-3795-4659-9922-9f3d7fc7b79b|rpc:fv-az195-209:9894|priority:0] with SCMStateMachine:uninitialized
2022-03-01 14:08:59,489 [pool-471-thread-1] INFO  server.RaftServerConfigKeys (ConfUtils.java:logGet(44)) - raft.server.rpc.timeout.min = 5000ms (custom)
2022-03-01 14:08:59,489 [pool-471-thread-1] INFO  server.RaftServerConfigKeys (ConfUtils.java:logGet(44)) - raft.server.rpc.timeout.max = 5200ms (custom)
2022-03-01 14:08:59,489 [pool-471-thread-1] INFO  server.RaftServerConfigKeys (ConfUtils.java:logGet(44)) - raft.server.rpc.sleep.time = 25ms (default)
2022-03-01 14:08:59,489 [pool-471-thread-1] INFO  server.RaftServerConfigKeys (ConfUtils.java:logGet(44)) - raft.server.rpc.slowness.timeout = 120000ms (custom)
2022-03-01 14:08:59,489 [pool-471-thread-1] INFO  server.RaftServerConfigKeys (ConfUtils.java:logGet(44)) - raft.server.leaderelection.leader.step-down.wait-time = 10s (default)
2022-03-01 14:08:59,492 [pool-471-thread-1] INFO  server.RaftServerConfigKeys (ConfUtils.java:logGet(44)) - raft.server.sleep.deviation.threshold = 300ms (default)
2022-03-01 14:08:59,493 [pool-471-thread-1] INFO  server.RaftServerConfigKeys (ConfUtils.java:logGet(44)) - raft.server.log.appender.install.snapshot.enabled = false (custom)
2022-03-01 14:08:59,493 [pool-471-thread-1] INFO  server.RaftServer$Division (ServerState.java:<init>(105)) - 59ced422-3795-4659-9922-9f3d7fc7b79b@group-F356CB8B6FD6: ConfigurationManager, init=-1: [59ced422-3795-4659-9922-9f3d7fc7b79b|rpc:fv-az195-209:9894|priority:0], old=null, confs=<EMPTY_MAP>
2022-03-01 14:08:59,493 [pool-471-thread-1] INFO  server.RaftServerConfigKeys (ConfUtils.java:logGet(44)) - raft.server.storage.dir = [/home/runner/work/ozone/ozone/hadoop-ozone/integration-test/target/test-dir/MiniOzoneClusterImpl-4620bb26-f181-4696-b789-f356cb8b6fd6/ozone-meta/scm-ha] (custom)
2022-03-01 14:08:59,493 [pool-471-thread-1] INFO  server.RaftServerConfigKeys (ConfUtils.java:logGet(44)) - raft.server.log.corruption.policy = EXCEPTION (default)
2022-03-01 14:08:59,493 [pool-471-thread-1] INFO  server.RaftServerConfigKeys (ConfUtils.java:logGet(44)) - raft.server.storage.free-space.min = 0MB (=0) (default)
2022-03-01 14:08:59,493 [pool-471-thread-1] INFO  storage.RaftStorageDirectory (RaftStorageDirectoryImpl.java:analyzeStorage(135)) - The storage directory /home/runner/work/ozone/ozone/hadoop-ozone/integration-test/target/test-dir/MiniOzoneClusterImpl-4620bb26-f181-4696-b789-f356cb8b6fd6/ozone-meta/scm-ha/4620bb26-f181-4696-b789-f356cb8b6fd6 does not exist. Creating ...
2022-03-01 14:08:59,495 [pool-471-thread-1] INFO  storage.RaftStorageDirectory (RaftStorageDirectoryImpl.java:tryLock(230)) - Lock on /home/runner/work/ozone/ozone/hadoop-ozone/integration-test/target/test-dir/MiniOzoneClusterImpl-4620bb26-f181-4696-b789-f356cb8b6fd6/ozone-meta/scm-ha/4620bb26-f181-4696-b789-f356cb8b6fd6/in_use.lock acquired by nodename 10349@fv-az195-209
2022-03-01 14:08:59,496 [pool-471-thread-1] INFO  storage.RaftStorage (RaftStorageImpl.java:format(89)) - Storage directory /home/runner/work/ozone/ozone/hadoop-ozone/integration-test/target/test-dir/MiniOzoneClusterImpl-4620bb26-f181-4696-b789-f356cb8b6fd6/ozone-meta/scm-ha/4620bb26-f181-4696-b789-f356cb8b6fd6 has been successfully formatted.
2022-03-01 14:08:59,497 [pool-471-thread-1] INFO  server.RaftServerConfigKeys (ConfUtils.java:logGet(44)) - raft.server.notification.no-leader.timeout = 60s (default)
2022-03-01 14:08:59,497 [pool-471-thread-1] INFO  server.RaftServerConfigKeys (ConfUtils.java:logGet(44)) - raft.server.log.use.memory = false (default)
2022-03-01 14:08:59,497 [pool-471-thread-1] INFO  server.RaftServerConfigKeys (ConfUtils.java:logGet(44)) - raft.server.log.purge.gap = 1000000 (custom)
2022-03-01 14:08:59,497 [pool-471-thread-1] INFO  server.RaftServerConfigKeys (ConfUtils.java:logGet(44)) - raft.server.log.appender.buffer.byte-limit = 33554432 (custom)
2022-03-01 14:08:59,497 [pool-471-thread-1] INFO  server.RaftServerConfigKeys (ConfUtils.java:logGet(44)) - raft.server.log.segment.size.max = 4194304 (custom)
2022-03-01 14:08:59,497 [pool-471-thread-1] INFO  server.RaftServerConfigKeys (ConfUtils.java:logGet(44)) - raft.server.log.segment.cache.num.max = 2 (custom)
2022-03-01 14:08:59,497 [pool-471-thread-1] INFO  server.RaftServerConfigKeys (ConfUtils.java:logGet(44)) - raft.server.log.segment.cache.size.max = 200MB (=209715200) (default)
2022-03-01 14:08:59,497 [pool-471-thread-1] INFO  segmented.SegmentedRaftLogWorker (SegmentedRaftLogWorker.java:<init>(182)) - new 59ced422-3795-4659-9922-9f3d7fc7b79b@group-F356CB8B6FD6-SegmentedRaftLogWorker for RaftStorageImpl:Storage Directory /home/runner/work/ozone/ozone/hadoop-ozone/integration-test/target/test-dir/MiniOzoneClusterImpl-4620bb26-f181-4696-b789-f356cb8b6fd6/ozone-meta/scm-ha/4620bb26-f181-4696-b789-f356cb8b6fd6
2022-03-01 14:08:59,497 [pool-471-thread-1] INFO  server.RaftServerConfigKeys (ConfUtils.java:logGet(44)) - raft.server.log.queue.byte-limit = 64MB (=67108864) (default)
2022-03-01 14:08:59,497 [pool-471-thread-1] INFO  server.RaftServerConfigKeys (ConfUtils.java:logGet(44)) - raft.server.log.queue.element-limit = 4096 (default)
2022-03-01 14:08:59,498 [pool-471-thread-1] INFO  server.RaftServerConfigKeys (ConfUtils.java:logGet(44)) - raft.server.log.segment.size.max = 4194304 (custom)
2022-03-01 14:08:59,498 [pool-471-thread-1] INFO  server.RaftServerConfigKeys (ConfUtils.java:logGet(44)) - raft.server.log.preallocated.size = 4194304 (custom)
2022-03-01 14:08:59,498 [pool-471-thread-1] INFO  server.RaftServerConfigKeys (ConfUtils.java:logGet(44)) - raft.server.log.force.sync.num = 128 (default)
2022-03-01 14:08:59,498 [pool-471-thread-1] INFO  server.RaftServerConfigKeys (ConfUtils.java:logGet(44)) - raft.server.log.statemachine.data.sync = true (default)
2022-03-01 14:08:59,498 [pool-471-thread-1] INFO  server.RaftServerConfigKeys (ConfUtils.java:logGet(44)) - raft.server.log.statemachine.data.sync.timeout = 10s (default)
2022-03-01 14:08:59,498 [pool-471-thread-1] INFO  server.RaftServerConfigKeys (ConfUtils.java:logGet(44)) - raft.server.log.statemachine.data.sync.timeout.retry = -1 (default)
2022-03-01 14:08:59,506 [pool-471-thread-1] INFO  server.RaftServerConfigKeys (ConfUtils.java:logGet(44)) - raft.server.log.write.buffer.size = 64KB (=65536) (default)
2022-03-01 14:08:59,509 [pool-471-thread-1] INFO  server.RaftServerConfigKeys (ConfUtils.java:logGet(44)) - raft.server.log.statemachine.data.caching.enabled = false (default)
2022-03-01 14:08:59,509 [pool-471-thread-1] INFO  segmented.SegmentedRaftLogWorker (SegmentedRaftLogWorker.java:lambda$new$0(133)) - 59ced422-3795-4659-9922-9f3d7fc7b79b@group-F356CB8B6FD6-SegmentedRaftLogWorker: flushIndex: setUnconditionally 0 -> -1
2022-03-01 14:08:59,509 [pool-471-thread-1] INFO  segmented.SegmentedRaftLogWorker (SegmentedRaftLogWorker.java:lambda$new$0(133)) - 59ced422-3795-4659-9922-9f3d7fc7b79b@group-F356CB8B6FD6-SegmentedRaftLogWorker: safeCacheEvictIndex: setUnconditionally 0 -> -1
2022-03-01 14:08:59,527 [pool-471-thread-1] INFO  server.RaftServerConfigKeys (ConfUtils.java:logGet(44)) - raft.server.snapshot.auto.trigger.enabled = true (custom)
2022-03-01 14:08:59,528 [pool-471-thread-1] INFO  server.RaftServerConfigKeys (ConfUtils.java:logGet(44)) - raft.server.snapshot.auto.trigger.threshold = 1000 (custom)
2022-03-01 14:08:59,528 [pool-471-thread-1] INFO  server.RaftServerConfigKeys (ConfUtils.java:logGet(44)) - raft.server.snapshot.retention.file.num = -1 (default)
2022-03-01 14:08:59,528 [pool-471-thread-1] INFO  server.RaftServerConfigKeys (ConfUtils.java:logGet(44)) - raft.server.log.purge.upto.snapshot.index = false (default)
2022-03-01 14:08:59,528 [pool-471-thread-1] INFO  server.RaftServerConfigKeys (ConfUtils.java:logGet(44)) - raft.server.retrycache.expirytime = 60000ms (default)
2022-03-01 14:08:59,528 [pool-471-thread-1] INFO  server.RaftServerConfigKeys (ConfUtils.java:logGet(44)) - raft.server.retrycache.statistics.expirytime = 100μs (default)
2022-03-01 14:08:59,529 [Listener at 127.0.0.1/40229] INFO  server.RaftServer$Division (RaftServerImpl.java:start(301)) - 59ced422-3795-4659-9922-9f3d7fc7b79b@group-F356CB8B6FD6: start as a follower, conf=-1: [59ced422-3795-4659-9922-9f3d7fc7b79b|rpc:fv-az195-209:9894|priority:0], old=null
2022-03-01 14:08:59,529 [Listener at 127.0.0.1/40229] INFO  server.RaftServer$Division (RaftServerImpl.java:setRole(290)) - 59ced422-3795-4659-9922-9f3d7fc7b79b@group-F356CB8B6FD6: changes role from      null to FOLLOWER at term 0 for startAsFollower
2022-03-01 14:08:59,529 [Listener at 127.0.0.1/40229] INFO  impl.RoleInfo (RoleInfo.java:updateAndGet(130)) - 59ced422-3795-4659-9922-9f3d7fc7b79b: start 59ced422-3795-4659-9922-9f3d7fc7b79b@group-F356CB8B6FD6-FollowerState
2022-03-01 14:08:59,541 [Listener at 127.0.0.1/40229] INFO  util.JmxRegister (JmxRegister.java:tryRegister(44)) - Successfully registered JMX Bean with object name Ratis:service=RaftServer,group=group-F356CB8B6FD6,id=59ced422-3795-4659-9922-9f3d7fc7b79b
2022-03-01 14:08:59,585 [Listener at 127.0.0.1/40229] INFO  server.RaftServer (RaftServerProxy.java:lambda$start$5(374)) - 59ced422-3795-4659-9922-9f3d7fc7b79b: start RPC server
2022-03-01 14:08:59,585 [Listener at 127.0.0.1/40229] INFO  server.GrpcService (GrpcService.java:startImpl(253)) - 59ced422-3795-4659-9922-9f3d7fc7b79b: GrpcService started, listening on 9894
2022-03-01 14:08:59,593 [org.apache.ratis.util.JvmPauseMonitor$$Lambda$421/1299661385@38894c82] INFO  util.JvmPauseMonitor (JvmPauseMonitor.java:run(103)) - JvmPauseMonitor-59ced422-3795-4659-9922-9f3d7fc7b79b: Started
2022-03-01 14:09:04,652 [59ced422-3795-4659-9922-9f3d7fc7b79b@group-F356CB8B6FD6-FollowerState] INFO  impl.FollowerState (FollowerState.java:run(134)) - 59ced422-3795-4659-9922-9f3d7fc7b79b@group-F356CB8B6FD6-FollowerState: change to CANDIDATE, lastRpcElapsedTime:5122350089ns, electionTimeout:5106ms
2022-03-01 14:09:04,652 [59ced422-3795-4659-9922-9f3d7fc7b79b@group-F356CB8B6FD6-FollowerState] INFO  impl.RoleInfo (RoleInfo.java:shutdownFollowerState(108)) - 59ced422-3795-4659-9922-9f3d7fc7b79b: shutdown 59ced422-3795-4659-9922-9f3d7fc7b79b@group-F356CB8B6FD6-FollowerState
2022-03-01 14:09:04,652 [59ced422-3795-4659-9922-9f3d7fc7b79b@group-F356CB8B6FD6-FollowerState] INFO  server.RaftServer$Division (RaftServerImpl.java:setRole(290)) - 59ced422-3795-4659-9922-9f3d7fc7b79b@group-F356CB8B6FD6: changes role from  FOLLOWER to CANDIDATE at term 0 for changeToCandidate
2022-03-01 14:09:04,652 [59ced422-3795-4659-9922-9f3d7fc7b79b@group-F356CB8B6FD6-FollowerState] INFO  server.RaftServerConfigKeys (ConfUtils.java:logGet(44)) - raft.server.leaderelection.pre-vote = false (custom)
2022-03-01 14:09:04,652 [59ced422-3795-4659-9922-9f3d7fc7b79b@group-F356CB8B6FD6-FollowerState] INFO  impl.RoleInfo (RoleInfo.java:updateAndGet(130)) - 59ced422-3795-4659-9922-9f3d7fc7b79b: start 59ced422-3795-4659-9922-9f3d7fc7b79b@group-F356CB8B6FD6-LeaderElection47
2022-03-01 14:09:04,704 [59ced422-3795-4659-9922-9f3d7fc7b79b@group-F356CB8B6FD6-LeaderElection47] INFO  impl.LeaderElection (LeaderElection.java:askForVotes(306)) - 59ced422-3795-4659-9922-9f3d7fc7b79b@group-F356CB8B6FD6-LeaderElection47 ELECTION round 0: submit vote requests at term 1 for -1: [59ced422-3795-4659-9922-9f3d7fc7b79b|rpc:fv-az195-209:9894|priority:0], old=null
2022-03-01 14:09:04,704 [59ced422-3795-4659-9922-9f3d7fc7b79b@group-F356CB8B6FD6-LeaderElection47] INFO  impl.LeaderElection (LeaderElection.java:askForVotes(308)) - 59ced422-3795-4659-9922-9f3d7fc7b79b@group-F356CB8B6FD6-LeaderElection47 ELECTION round 0: result PASSED (term=1)
2022-03-01 14:09:04,705 [59ced422-3795-4659-9922-9f3d7fc7b79b@group-F356CB8B6FD6-LeaderElection47] INFO  impl.RoleInfo (RoleInfo.java:shutdownLeaderElection(121)) - 59ced422-3795-4659-9922-9f3d7fc7b79b: shutdown 59ced422-3795-4659-9922-9f3d7fc7b79b@group-F356CB8B6FD6-LeaderElection47
2022-03-01 14:09:04,705 [59ced422-3795-4659-9922-9f3d7fc7b79b@group-F356CB8B6FD6-LeaderElection47] INFO  server.RaftServer$Division (RaftServerImpl.java:setRole(290)) - 59ced422-3795-4659-9922-9f3d7fc7b79b@group-F356CB8B6FD6: changes role from CANDIDATE to LEADER at term 1 for changeToLeader
2022-03-01 14:09:04,705 [59ced422-3795-4659-9922-9f3d7fc7b79b@group-F356CB8B6FD6-LeaderElection47] INFO  server.RaftServer$Division (ServerState.java:setLeader(285)) - 59ced422-3795-4659-9922-9f3d7fc7b79b@group-F356CB8B6FD6: change Leader from null to 59ced422-3795-4659-9922-9f3d7fc7b79b at term 1 for becomeLeader, leader elected after 5208ms
2022-03-01 14:09:04,705 [59ced422-3795-4659-9922-9f3d7fc7b79b@group-F356CB8B6FD6-LeaderElection47] INFO  server.RaftServerConfigKeys (ConfUtils.java:logGet(44)) - raft.server.staging.catchup.gap = 1000 (default)
2022-03-01 14:09:04,705 [59ced422-3795-4659-9922-9f3d7fc7b79b@group-F356CB8B6FD6-LeaderElection47] INFO  server.RaftServerConfigKeys (ConfUtils.java:logGet(44)) - raft.server.write.element-limit = 4096 (default)
2022-03-01 14:09:04,705 [59ced422-3795-4659-9922-9f3d7fc7b79b@group-F356CB8B6FD6-LeaderElection47] INFO  server.RaftServerConfigKeys (ConfUtils.java:logGet(44)) - raft.server.write.byte-limit = 64MB (=67108864) (default)
2022-03-01 14:09:04,705 [59ced422-3795-4659-9922-9f3d7fc7b79b@group-F356CB8B6FD6-LeaderElection47] INFO  server.RaftServerConfigKeys (ConfUtils.java:logGet(44)) - raft.server.watch.timeout = 10s (default)
2022-03-01 14:09:04,706 [59ced422-3795-4659-9922-9f3d7fc7b79b@group-F356CB8B6FD6-LeaderElection47] INFO  server.RaftServerConfigKeys (ConfUtils.java:logGet(44)) - raft.server.watch.timeout.denomination = 1s (default)
2022-03-01 14:09:04,706 [59ced422-3795-4659-9922-9f3d7fc7b79b@group-F356CB8B6FD6-LeaderElection47] INFO  server.RaftServerConfigKeys (ConfUtils.java:logGet(44)) - raft.server.watch.element-limit = 65536 (default)
2022-03-01 14:09:04,706 [59ced422-3795-4659-9922-9f3d7fc7b79b@group-F356CB8B6FD6-LeaderElection47] INFO  server.RaftServerConfigKeys (ConfUtils.java:logGet(44)) - raft.server.write.element-limit = 4096 (default)
2022-03-01 14:09:04,706 [59ced422-3795-4659-9922-9f3d7fc7b79b@group-F356CB8B6FD6-LeaderElection47] INFO  server.RaftServerConfigKeys (ConfUtils.java:logGet(44)) - raft.server.write.follower.gap.ratio.max = -1.0 (default)
2022-03-01 14:09:04,706 [59ced422-3795-4659-9922-9f3d7fc7b79b@group-F356CB8B6FD6-LeaderElection47] INFO  impl.RoleInfo (RoleInfo.java:updateAndGet(130)) - 59ced422-3795-4659-9922-9f3d7fc7b79b: start 59ced422-3795-4659-9922-9f3d7fc7b79b@group-F356CB8B6FD6-LeaderStateImpl
2022-03-01 14:09:04,706 [59ced422-3795-4659-9922-9f3d7fc7b79b@group-F356CB8B6FD6-LeaderElection47] INFO  segmented.SegmentedRaftLogWorker (SegmentedRaftLogWorker.java:startLogSegment(394)) - 59ced422-3795-4659-9922-9f3d7fc7b79b@group-F356CB8B6FD6-SegmentedRaftLogWorker: Starting segment from index:0
2022-03-01 14:09:04,718 [59ced422-3795-4659-9922-9f3d7fc7b79b@group-F356CB8B6FD6-SegmentedRaftLogWorker] INFO  segmented.SegmentedRaftLogWorker (SegmentedRaftLogWorker.java:execute(601)) - 59ced422-3795-4659-9922-9f3d7fc7b79b@group-F356CB8B6FD6-SegmentedRaftLogWorker: created new log segment /home/runner/work/ozone/ozone/hadoop-ozone/integration-test/target/test-dir/MiniOzoneClusterImpl-4620bb26-f181-4696-b789-f356cb8b6fd6/ozone-meta/scm-ha/4620bb26-f181-4696-b789-f356cb8b6fd6/current/log_inprogress_0
2022-03-01 14:09:04,721 [59ced422-3795-4659-9922-9f3d7fc7b79b@group-F356CB8B6FD6-LeaderElection47] INFO  server.RaftServer$Division (ServerState.java:setRaftConf(387)) - 59ced422-3795-4659-9922-9f3d7fc7b79b@group-F356CB8B6FD6: set configuration 0: [59ced422-3795-4659-9922-9f3d7fc7b79b|rpc:fv-az195-209:9894|admin:|client:|dataStream:|priority:0], old=null
2022-03-01 14:09:05,597 [Listener at 127.0.0.1/40229] INFO  server.RaftServer (RaftServerProxy.java:lambda$close$6(391)) - 59ced422-3795-4659-9922-9f3d7fc7b79b: close
2022-03-01 14:09:05,597 [Listener at 127.0.0.1/40229] INFO  server.RaftServer$Division (RaftServerImpl.java:lambda$close$4(412)) - 59ced422-3795-4659-9922-9f3d7fc7b79b@group-F356CB8B6FD6: shutdown
2022-03-01 14:09:05,597 [Listener at 127.0.0.1/40229] INFO  util.JmxRegister (JmxRegister.java:unregister(73)) - Successfully un-registered JMX Bean with object name Ratis:service=RaftServer,group=group-F356CB8B6FD6,id=59ced422-3795-4659-9922-9f3d7fc7b79b
2022-03-01 14:09:05,597 [Listener at 127.0.0.1/40229] INFO  impl.RoleInfo (RoleInfo.java:shutdownLeaderState(91)) - 59ced422-3795-4659-9922-9f3d7fc7b79b: shutdown 59ced422-3795-4659-9922-9f3d7fc7b79b@group-F356CB8B6FD6-LeaderStateImpl
2022-03-01 14:09:05,597 [Listener at 127.0.0.1/40229] INFO  impl.PendingRequests (PendingRequests.java:sendNotLeaderResponses(282)) - 59ced422-3795-4659-9922-9f3d7fc7b79b@group-F356CB8B6FD6-PendingRequests: sendNotLeaderResponses
2022-03-01 14:09:05,598 [Listener at 127.0.0.1/40229] INFO  impl.StateMachineUpdater (StateMachineUpdater.java:stopAndJoin(149)) - 59ced422-3795-4659-9922-9f3d7fc7b79b@group-F356CB8B6FD6-StateMachineUpdater: set stopIndex = 0
2022-03-01 14:09:05,598 [59ced422-3795-4659-9922-9f3d7fc7b79b@group-F356CB8B6FD6-StateMachineUpdater] INFO  impl.StateMachineUpdater (StateMachineUpdater.java:takeSnapshot(281)) - 59ced422-3795-4659-9922-9f3d7fc7b79b@group-F356CB8B6FD6-StateMachineUpdater: Took a snapshot at index 0
2022-03-01 14:09:05,598 [59ced422-3795-4659-9922-9f3d7fc7b79b@group-F356CB8B6FD6-StateMachineUpdater] INFO  impl.StateMachineUpdater (StateMachineUpdater.java:lambda$new$0(89)) - 59ced422-3795-4659-9922-9f3d7fc7b79b@group-F356CB8B6FD6-StateMachineUpdater: snapshotIndex: updateIncreasingly -1 -> 0
2022-03-01 14:09:05,599 [Listener at 127.0.0.1/40229] INFO  server.RaftServer$Division (ServerState.java:close(419)) - 59ced422-3795-4659-9922-9f3d7fc7b79b@group-F356CB8B6FD6: closes. applyIndex: 0
2022-03-01 14:09:05,599 [59ced422-3795-4659-9922-9f3d7fc7b79b@group-F356CB8B6FD6-SegmentedRaftLogWorker] INFO  segmented.SegmentedRaftLogWorker (SegmentedRaftLogWorker.java:run(327)) - 59ced422-3795-4659-9922-9f3d7fc7b79b@group-F356CB8B6FD6-SegmentedRaftLogWorker was interrupted, exiting. There are 0 tasks remaining in the queue.
2022-03-01 14:09:05,606 [Listener at 127.0.0.1/40229] INFO  segmented.SegmentedRaftLogWorker (SegmentedRaftLogWorker.java:close(237)) - 59ced422-3795-4659-9922-9f3d7fc7b79b@group-F356CB8B6FD6-SegmentedRaftLogWorker close()
2022-03-01 14:09:05,607 [Listener at 127.0.0.1/40229] INFO  server.GrpcService (GrpcService.java:closeImpl(262)) - 59ced422-3795-4659-9922-9f3d7fc7b79b: shutdown server with port 9894 now
2022-03-01 14:09:05,609 [Listener at 127.0.0.1/40229] INFO  server.GrpcService (GrpcService.java:closeImpl(271)) - 59ced422-3795-4659-9922-9f3d7fc7b79b: shutdown server with port 9894 successfully
2022-03-01 14:09:05,609 [org.apache.ratis.util.JvmPauseMonitor$$Lambda$421/1299661385@38894c82] INFO  util.JvmPauseMonitor (JvmPauseMonitor.java:run(109)) - JvmPauseMonitor-59ced422-3795-4659-9922-9f3d7fc7b79b: Stopped
2022-03-01 14:09:05,621 [Listener at 127.0.0.1/40229] INFO  ha.SCMHANodeDetails (SCMHANodeDetails.java:loadSCMHAConfig(157)) - ServiceID for StorageContainerManager is null
2022-03-01 14:09:05,621 [Listener at 127.0.0.1/40229] INFO  ha.SCMHANodeDetails (SCMHANodeDetails.java:loadSCMHAConfig(162)) - ozone.scm.default.service.id is not defined, falling back to ozone.scm.service.ids to find serviceID for StorageContainerManager if it is HA enabled cluster
2022-03-01 14:09:05,621 [Listener at 127.0.0.1/40229] WARN  server.ServerUtils (ServerUtils.java:getScmDbDir(148)) - ozone.scm.db.dirs is not configured. We recommend adding this setting. Falling back to ozone.metadata.dirs instead.
2022-03-01 14:09:05,622 [Listener at 127.0.0.1/40229] INFO  upgrade.AbstractLayoutVersionManager (AbstractLayoutVersionManager.java:init(79)) - Initializing Layout version manager with metadata layout = SCM_HA (version = 2), software layout = SCM_HA (version = 2)
2022-03-01 14:09:05,740 [Listener at 127.0.0.1/40229] INFO  reflections.Reflections (Reflections.java:scan(232)) - Reflections took 117 ms to scan 7 urls, producing 122 keys and 286 values 
2022-03-01 14:09:05,754 [Listener at 127.0.0.1/40229] WARN  utils.HAUtils (HAUtils.java:getMetaDir(342)) - ozone.scm.db.dirs is not configured. We recommend adding this setting. Falling back to ozone.metadata.dirs instead.
2022-03-01 14:09:05,755 [Listener at 127.0.0.1/40229] WARN  db.DBStoreBuilder (DBStoreBuilder.java:applyDBDefinition(145)) - ozone.scm.db.dirs is not configured. We recommend adding this setting. Falling back to ozone.metadata.dirs instead.
2022-03-01 14:09:06,045 [Listener at 127.0.0.1/40229] INFO  net.NodeSchemaLoader (NodeSchemaLoader.java:loadSchemaFromFile(129)) - Loading schema from [jar:file:/home/runner/.m2/repository/org/apache/ozone/hdds-common/1.3.0-SNAPSHOT/hdds-common-1.3.0-SNAPSHOT.jar!/network-topology-default.xml]
2022-03-01 14:09:06,046 [Listener at 127.0.0.1/40229] INFO  net.NodeSchemaLoader (NodeSchemaLoader.java:loadSchema(176)) - Loading network topology layer schema file
2022-03-01 14:09:06,071 [Listener at 127.0.0.1/40229] INFO  ha.SCMRatisServerImpl (SCMRatisServerImpl.java:<init>(87)) - starting Raft server for scm:59ced422-3795-4659-9922-9f3d7fc7b79b
2022-03-01 14:09:06,075 [Listener at 127.0.0.1/40229] INFO  server.RaftServer (ConfUtils.java:logGet(44)) - raft.rpc.type = GRPC (default)
2022-03-01 14:09:06,075 [Listener at 127.0.0.1/40229] INFO  grpc.GrpcFactory (GrpcFactory.java:checkPooledByteBufAllocatorUseCacheForAllThreads(48)) - PERFORMANCE WARNING: useCacheForAllThreads is true that may cause Netty to create a lot garbage objects and, as a result, trigger GC.
	It is recommended to disable useCacheForAllThreads by setting -Dorg.apache.ratis.thirdparty.io.netty.allocator.useCacheForAllThreads=false in command line.
2022-03-01 14:09:06,075 [Listener at 127.0.0.1/40229] INFO  grpc.GrpcConfigKeys (ConfUtils.java:logGet(44)) - raft.grpc.admin.port = -1 (default)
2022-03-01 14:09:06,075 [Listener at 127.0.0.1/40229] INFO  grpc.GrpcConfigKeys (ConfUtils.java:logGet(44)) - raft.grpc.server.port = 9894 (custom)
2022-03-01 14:09:06,075 [Listener at 127.0.0.1/40229] INFO  grpc.GrpcConfigKeys (ConfUtils.java:logGet(44)) - raft.grpc.client.port = -1 (default)
2022-03-01 14:09:06,076 [Listener at 127.0.0.1/40229] INFO  grpc.GrpcConfigKeys (ConfUtils.java:logGet(44)) - raft.grpc.server.port = 9894 (custom)
2022-03-01 14:09:06,077 [Listener at 127.0.0.1/40229] INFO  grpc.GrpcConfigKeys (ConfUtils.java:logGet(44)) - raft.grpc.server.port = 9894 (custom)
2022-03-01 14:09:06,077 [Listener at 127.0.0.1/40229] INFO  server.GrpcService (ConfUtils.java:logGet(44)) - raft.grpc.message.size.max = 32m (=33554432) (custom)
2022-03-01 14:09:06,077 [Listener at 127.0.0.1/40229] INFO  server.RaftServerConfigKeys (ConfUtils.java:logGet(44)) - raft.server.log.appender.buffer.byte-limit = 33554432 (custom)
2022-03-01 14:09:06,077 [Listener at 127.0.0.1/40229] INFO  server.GrpcService (ConfUtils.java:logGet(44)) - raft.grpc.flow.control.window = 1MB (=1048576) (default)
2022-03-01 14:09:06,077 [Listener at 127.0.0.1/40229] INFO  server.RaftServerConfigKeys (ConfUtils.java:logGet(44)) - raft.server.rpc.request.timeout = 30000ms (custom)
2022-03-01 14:09:06,079 [Listener at 127.0.0.1/40229] INFO  impl.DataStreamServerImpl (ConfUtils.java:logGet(44)) - raft.datastream.type = DISABLED (default)
2022-03-01 14:09:06,080 [Listener at 127.0.0.1/40229] INFO  server.RaftServerConfigKeys (ConfUtils.java:logGet(44)) - raft.server.rpc.slowness.timeout = 120000ms (custom)
2022-03-01 14:09:06,080 [Listener at 127.0.0.1/40229] INFO  server.RaftServerConfigKeys (ConfUtils.java:logGet(44)) - raft.server.leaderelection.leader.step-down.wait-time = 10s (default)
2022-03-01 14:09:06,081 [Listener at 127.0.0.1/40229] INFO  server.RaftServerConfigKeys (ConfUtils.java:logGet(44)) - raft.server.storage.dir = [/home/runner/work/ozone/ozone/hadoop-ozone/integration-test/target/test-dir/MiniOzoneClusterImpl-4620bb26-f181-4696-b789-f356cb8b6fd6/ozone-meta/scm-ha] (custom)
2022-03-01 14:09:06,081 [Listener at 127.0.0.1/40229] INFO  server.RaftServer (RaftServerProxy.java:lambda$null$1(235)) - 59ced422-3795-4659-9922-9f3d7fc7b79b: found a subdirectory /home/runner/work/ozone/ozone/hadoop-ozone/integration-test/target/test-dir/MiniOzoneClusterImpl-4620bb26-f181-4696-b789-f356cb8b6fd6/ozone-meta/scm-ha/4620bb26-f181-4696-b789-f356cb8b6fd6
2022-03-01 14:09:06,087 [Listener at 127.0.0.1/40229] INFO  server.RaftServer (RaftServerProxy.java:addNew(95)) - 59ced422-3795-4659-9922-9f3d7fc7b79b: addNew group-F356CB8B6FD6:[] returns group-F356CB8B6FD6:java.util.concurrent.CompletableFuture@4ce66c79[Not completed]
2022-03-01 14:09:06,088 [pool-484-thread-1] INFO  server.RaftServer$Division (RaftServerImpl.java:<init>(184)) - 59ced422-3795-4659-9922-9f3d7fc7b79b: new RaftServerImpl for group-F356CB8B6FD6:[] with SCMStateMachine:uninitialized
2022-03-01 14:09:06,100 [pool-484-thread-1] INFO  server.RaftServerConfigKeys (ConfUtils.java:logGet(44)) - raft.server.rpc.timeout.min = 5000ms (custom)
2022-03-01 14:09:06,100 [pool-484-thread-1] INFO  server.RaftServerConfigKeys (ConfUtils.java:logGet(44)) - raft.server.rpc.timeout.max = 5200ms (custom)
2022-03-01 14:09:06,100 [pool-484-thread-1] INFO  server.RaftServerConfigKeys (ConfUtils.java:logGet(44)) - raft.server.rpc.sleep.time = 25ms (default)
2022-03-01 14:09:06,101 [pool-484-thread-1] INFO  server.RaftServerConfigKeys (ConfUtils.java:logGet(44)) - raft.server.rpc.slowness.timeout = 120000ms (custom)
2022-03-01 14:09:06,101 [pool-484-thread-1] INFO  server.RaftServerConfigKeys (ConfUtils.java:logGet(44)) - raft.server.leaderelection.leader.step-down.wait-time = 10s (default)
2022-03-01 14:09:06,101 [pool-484-thread-1] INFO  server.RaftServerConfigKeys (ConfUtils.java:logGet(44)) - raft.server.sleep.deviation.threshold = 300ms (default)
2022-03-01 14:09:06,101 [pool-484-thread-1] INFO  server.RaftServerConfigKeys (ConfUtils.java:logGet(44)) - raft.server.log.appender.install.snapshot.enabled = false (custom)
2022-03-01 14:09:06,101 [pool-484-thread-1] INFO  server.RaftServer$Division (ServerState.java:<init>(105)) - 59ced422-3795-4659-9922-9f3d7fc7b79b@group-F356CB8B6FD6: ConfigurationManager, init=-1: [], old=null, confs=<EMPTY_MAP>
2022-03-01 14:09:06,101 [pool-484-thread-1] INFO  server.RaftServerConfigKeys (ConfUtils.java:logGet(44)) - raft.server.storage.dir = [/home/runner/work/ozone/ozone/hadoop-ozone/integration-test/target/test-dir/MiniOzoneClusterImpl-4620bb26-f181-4696-b789-f356cb8b6fd6/ozone-meta/scm-ha] (custom)
2022-03-01 14:09:06,101 [pool-484-thread-1] INFO  server.RaftServerConfigKeys (ConfUtils.java:logGet(44)) - raft.server.log.corruption.policy = EXCEPTION (default)
2022-03-01 14:09:06,101 [pool-484-thread-1] INFO  server.RaftServerConfigKeys (ConfUtils.java:logGet(44)) - raft.server.storage.free-space.min = 0MB (=0) (default)
2022-03-01 14:09:06,109 [pool-484-thread-1] INFO  storage.RaftStorageDirectory (RaftStorageDirectoryImpl.java:tryLock(230)) - Lock on /home/runner/work/ozone/ozone/hadoop-ozone/integration-test/target/test-dir/MiniOzoneClusterImpl-4620bb26-f181-4696-b789-f356cb8b6fd6/ozone-meta/scm-ha/4620bb26-f181-4696-b789-f356cb8b6fd6/in_use.lock acquired by nodename 10349@fv-az195-209
2022-03-01 14:09:06,110 [pool-484-thread-1] INFO  storage.RaftStorage (RaftStorageImpl.java:analyzeAndRecoverStorage(110)) - Read RaftStorageMetadata{term=1, votedFor=59ced422-3795-4659-9922-9f3d7fc7b79b} from /home/runner/work/ozone/ozone/hadoop-ozone/integration-test/target/test-dir/MiniOzoneClusterImpl-4620bb26-f181-4696-b789-f356cb8b6fd6/ozone-meta/scm-ha/4620bb26-f181-4696-b789-f356cb8b6fd6/current/raft-meta
2022-03-01 14:09:06,110 [pool-484-thread-1] INFO  server.RaftServer$Division (ServerState.java:setRaftConf(387)) - 59ced422-3795-4659-9922-9f3d7fc7b79b@group-F356CB8B6FD6: set configuration 0: [59ced422-3795-4659-9922-9f3d7fc7b79b|rpc:fv-az195-209:9894|admin:|client:|dataStream:|priority:0], old=null
2022-03-01 14:09:06,110 [pool-484-thread-1] INFO  server.RaftServerConfigKeys (ConfUtils.java:logGet(44)) - raft.server.notification.no-leader.timeout = 60s (default)
2022-03-01 14:09:06,110 [pool-484-thread-1] INFO  server.RaftServerConfigKeys (ConfUtils.java:logGet(44)) - raft.server.log.use.memory = false (default)
2022-03-01 14:09:06,110 [pool-484-thread-1] INFO  server.RaftServerConfigKeys (ConfUtils.java:logGet(44)) - raft.server.log.purge.gap = 1000000 (custom)
2022-03-01 14:09:06,110 [pool-484-thread-1] INFO  server.RaftServerConfigKeys (ConfUtils.java:logGet(44)) - raft.server.log.appender.buffer.byte-limit = 33554432 (custom)
2022-03-01 14:09:06,111 [pool-484-thread-1] INFO  server.RaftServerConfigKeys (ConfUtils.java:logGet(44)) - raft.server.log.segment.size.max = 4194304 (custom)
2022-03-01 14:09:06,111 [pool-484-thread-1] INFO  server.RaftServerConfigKeys (ConfUtils.java:logGet(44)) - raft.server.log.segment.cache.num.max = 2 (custom)
2022-03-01 14:09:06,111 [pool-484-thread-1] INFO  server.RaftServerConfigKeys (ConfUtils.java:logGet(44)) - raft.server.log.segment.cache.size.max = 200MB (=209715200) (default)
2022-03-01 14:09:06,111 [pool-484-thread-1] INFO  segmented.SegmentedRaftLogWorker (SegmentedRaftLogWorker.java:<init>(182)) - new 59ced422-3795-4659-9922-9f3d7fc7b79b@group-F356CB8B6FD6-SegmentedRaftLogWorker for RaftStorageImpl:Storage Directory /home/runner/work/ozone/ozone/hadoop-ozone/integration-test/target/test-dir/MiniOzoneClusterImpl-4620bb26-f181-4696-b789-f356cb8b6fd6/ozone-meta/scm-ha/4620bb26-f181-4696-b789-f356cb8b6fd6
2022-03-01 14:09:06,111 [pool-484-thread-1] INFO  server.RaftServerConfigKeys (ConfUtils.java:logGet(44)) - raft.server.log.queue.byte-limit = 64MB (=67108864) (default)
2022-03-01 14:09:06,111 [pool-484-thread-1] INFO  server.RaftServerConfigKeys (ConfUtils.java:logGet(44)) - raft.server.log.queue.element-limit = 4096 (default)
2022-03-01 14:09:06,111 [pool-484-thread-1] INFO  server.RaftServerConfigKeys (ConfUtils.java:logGet(44)) - raft.server.log.segment.size.max = 4194304 (custom)
2022-03-01 14:09:06,111 [pool-484-thread-1] INFO  server.RaftServerConfigKeys (ConfUtils.java:logGet(44)) - raft.server.log.preallocated.size = 4194304 (custom)
2022-03-01 14:09:06,112 [pool-484-thread-1] INFO  server.RaftServerConfigKeys (ConfUtils.java:logGet(44)) - raft.server.log.force.sync.num = 128 (default)
2022-03-01 14:09:06,112 [pool-484-thread-1] INFO  server.RaftServerConfigKeys (ConfUtils.java:logGet(44)) - raft.server.log.statemachine.data.sync = true (default)
2022-03-01 14:09:06,112 [pool-484-thread-1] INFO  server.RaftServerConfigKeys (ConfUtils.java:logGet(44)) - raft.server.log.statemachine.data.sync.timeout = 10s (default)
2022-03-01 14:09:06,112 [pool-484-thread-1] INFO  server.RaftServerConfigKeys (ConfUtils.java:logGet(44)) - raft.server.log.statemachine.data.sync.timeout.retry = -1 (default)
2022-03-01 14:09:06,112 [pool-484-thread-1] INFO  server.RaftServerConfigKeys (ConfUtils.java:logGet(44)) - raft.server.log.write.buffer.size = 64KB (=65536) (default)
2022-03-01 14:09:06,113 [pool-484-thread-1] INFO  server.RaftServerConfigKeys (ConfUtils.java:logGet(44)) - raft.server.log.statemachine.data.caching.enabled = false (default)
2022-03-01 14:09:06,114 [pool-484-thread-1] INFO  server.RaftServer$Division (ServerState.java:setRaftConf(387)) - 59ced422-3795-4659-9922-9f3d7fc7b79b@group-F356CB8B6FD6: set configuration 0: [59ced422-3795-4659-9922-9f3d7fc7b79b|rpc:fv-az195-209:9894|admin:|client:|dataStream:|priority:0], old=null
2022-03-01 14:09:06,116 [pool-484-thread-1] INFO  segmented.LogSegment (LogSegment.java:loadSegment(173)) - Successfully read 1 entries from segment file /home/runner/work/ozone/ozone/hadoop-ozone/integration-test/target/test-dir/MiniOzoneClusterImpl-4620bb26-f181-4696-b789-f356cb8b6fd6/ozone-meta/scm-ha/4620bb26-f181-4696-b789-f356cb8b6fd6/current/log_inprogress_0
2022-03-01 14:09:06,116 [pool-484-thread-1] INFO  segmented.SegmentedRaftLogWorker (SegmentedRaftLogWorker.java:lambda$new$0(133)) - 59ced422-3795-4659-9922-9f3d7fc7b79b@group-F356CB8B6FD6-SegmentedRaftLogWorker: flushIndex: setUnconditionally 0 -> 0
2022-03-01 14:09:06,116 [pool-484-thread-1] INFO  segmented.SegmentedRaftLogWorker (SegmentedRaftLogWorker.java:lambda$new$0(133)) - 59ced422-3795-4659-9922-9f3d7fc7b79b@group-F356CB8B6FD6-SegmentedRaftLogWorker: safeCacheEvictIndex: setUnconditionally 0 -> -1
2022-03-01 14:09:06,117 [pool-484-thread-1] INFO  server.RaftServerConfigKeys (ConfUtils.java:logGet(44)) - raft.server.snapshot.auto.trigger.enabled = true (custom)
2022-03-01 14:09:06,117 [pool-484-thread-1] INFO  server.RaftServerConfigKeys (ConfUtils.java:logGet(44)) - raft.server.snapshot.auto.trigger.threshold = 1000 (custom)
2022-03-01 14:09:06,117 [pool-484-thread-1] INFO  server.RaftServerConfigKeys (ConfUtils.java:logGet(44)) - raft.server.snapshot.retention.file.num = -1 (default)
2022-03-01 14:09:06,117 [pool-484-thread-1] INFO  server.RaftServerConfigKeys (ConfUtils.java:logGet(44)) - raft.server.log.purge.upto.snapshot.index = false (default)
2022-03-01 14:09:06,117 [pool-484-thread-1] INFO  server.RaftServerConfigKeys (ConfUtils.java:logGet(44)) - raft.server.retrycache.expirytime = 60000ms (default)
2022-03-01 14:09:06,117 [pool-484-thread-1] INFO  server.RaftServerConfigKeys (ConfUtils.java:logGet(44)) - raft.server.retrycache.statistics.expirytime = 100μs (default)
2022-03-01 14:09:06,118 [Listener at 127.0.0.1/40229] INFO  ha.SCMSnapshotProvider (SCMSnapshotProvider.java:<init>(66)) - Initializing SCM Snapshot Provider
2022-03-01 14:09:06,118 [Listener at 127.0.0.1/40229] WARN  server.ServerUtils (ServerUtils.java:getDefaultRatisDirectory(237)) - Storage directory for Ratis is not configured. It is a good idea to map this to an SSD disk. Falling back to ozone.metadata.dirs
2022-03-01 14:09:06,118 [Listener at 127.0.0.1/40229] WARN  ha.SCMHAUtils (SCMHAUtils.java:getSCMRatisSnapshotDirectory(151)) - SCM snapshot dir is not configured. Falling back to ozone.metadata.dirs config
2022-03-01 14:09:06,120 [Listener at 127.0.0.1/40229] INFO  ha.SequenceIdGenerator (SequenceIdGenerator.java:upgradeToSequenceId(347)) - upgrade localId to 109611004723200000
2022-03-01 14:09:06,120 [Listener at 127.0.0.1/40229] INFO  ha.SequenceIdGenerator (SequenceIdGenerator.java:upgradeToSequenceId(357)) - upgrade delTxnId to 0
2022-03-01 14:09:06,120 [Listener at 127.0.0.1/40229] INFO  ha.SequenceIdGenerator (SequenceIdGenerator.java:upgradeToSequenceId(371)) - upgrade containerId to 0
2022-03-01 14:09:06,120 [Listener at 127.0.0.1/40229] INFO  ha.SequenceIdGenerator (SequenceIdGenerator.java:<init>(218)) - Init the HA SequenceIdGenerator.
2022-03-01 14:09:06,125 [Listener at 127.0.0.1/40229] WARN  server.ServerUtils (ServerUtils.java:sanitizeUserArgs(73)) - ozone.scm.stale.node.interval value = 300000 is larger than max = 100000 based on the key value of ozone.scm.heartbeat.thread.interval, reset to the max value 100000.
2022-03-01 14:09:06,125 [Listener at 127.0.0.1/40229] WARN  server.ServerUtils (ServerUtils.java:sanitizeUserArgs(73)) - ozone.scm.stale.node.interval value = 300000 is larger than max = 100000 based on the key value of ozone.scm.heartbeat.thread.interval, reset to the max value 100000.
2022-03-01 14:09:06,132 [Listener at 127.0.0.1/40229] INFO  node.SCMNodeManager (SCMNodeManager.java:<init>(144)) - Entering startup safe mode.
2022-03-01 14:09:06,133 [Listener at 127.0.0.1/40229] INFO  algorithms.ContainerPlacementPolicyFactory (ContainerPlacementPolicyFactory.java:getPolicy(60)) - Create container placement policy of type org.apache.hadoop.hdds.scm.container.placement.algorithms.SCMContainerPlacementRandom
2022-03-01 14:09:06,133 [Listener at 127.0.0.1/40229] INFO  pipeline.PipelineStateManagerImpl (PipelineStateManagerImpl.java:initialize(78)) - No pipeline exists in current db
2022-03-01 14:09:06,134 [Listener at 127.0.0.1/40229] INFO  algorithms.LeaderChoosePolicyFactory (LeaderChoosePolicyFactory.java:getPolicy(57)) - Create leader choose policy of type org.apache.hadoop.hdds.scm.pipeline.leader.choose.algorithms.MinLeaderCountChoosePolicy
2022-03-01 14:09:06,140 [Listener at 127.0.0.1/40229] INFO  ha.SCMServiceManager (SCMServiceManager.java:register(42)) - Registering service BackgroundPipelineCreator.
2022-03-01 14:09:06,141 [Listener at 127.0.0.1/40229] INFO  pipeline.BackgroundPipelineCreator (BackgroundPipelineCreator.java:start(130)) - Starting RatisPipelineUtilsThread.
2022-03-01 14:09:06,175 [Listener at 127.0.0.1/40229] INFO  algorithms.PipelineChoosePolicyFactory (PipelineChoosePolicyFactory.java:createPipelineChoosePolicyFromClass(73)) - Create pipeline choose policy of type org.apache.hadoop.hdds.scm.pipeline.choose.algorithms.RandomPipelineChoosePolicy
2022-03-01 14:09:06,175 [Listener at 127.0.0.1/40229] INFO  ha.SCMServiceManager (SCMServiceManager.java:register(42)) - Registering service SCMBlockDeletingService.
2022-03-01 14:09:06,176 [Listener at 127.0.0.1/40229] INFO  ha.SCMServiceManager (SCMServiceManager.java:register(42)) - Registering service ReplicationManager.
2022-03-01 14:09:06,176 [Listener at 127.0.0.1/40229] INFO  container.ReplicationManager (ReplicationManager.java:start(326)) - Starting Replication Monitor Thread.
2022-03-01 14:09:06,181 [Listener at 127.0.0.1/40229] INFO  safemode.ContainerSafeModeRule (ContainerSafeModeRule.java:<init>(89)) - containers with one replica threshold count 0
2022-03-01 14:09:06,181 [Listener at 127.0.0.1/40229] INFO  safemode.HealthyPipelineSafeModeRule (HealthyPipelineSafeModeRule.java:initializeRule(156)) - Total pipeline count is 0, healthy pipeline threshold count is 1
2022-03-01 14:09:06,181 [Listener at 127.0.0.1/40229] INFO  safemode.OneReplicaPipelineSafeModeRule (OneReplicaPipelineSafeModeRule.java:initializeRule(180)) - Total pipeline count is 0, pipeline's with at least one datanode reported threshold count is 0
2022-03-01 14:09:06,182 [Listener at 127.0.0.1/40229] INFO  ipc.CallQueueManager (CallQueueManager.java:<init>(90)) - Using callQueue: class java.util.concurrent.LinkedBlockingQueue, queueCapacity: 2000, scheduler: class org.apache.hadoop.ipc.DefaultRpcScheduler, ipcBackoff: false.
2022-03-01 14:09:06,212 [Socket Reader #1 for port 0] INFO  ipc.Server (Server.java:run(1265)) - Starting Socket Reader #1 for port 0
2022-03-01 14:09:06,221 [ReplicationMonitor] INFO  container.ReplicationManager (ReplicationManager.java:processAll(374)) - Replication Manager is not ready to run until 3000ms after safemode exit
2022-03-01 14:09:06,235 [Listener at 0.0.0.0/39003] INFO  ipc.CallQueueManager (CallQueueManager.java:<init>(90)) - Using callQueue: class java.util.concurrent.LinkedBlockingQueue, queueCapacity: 2000, scheduler: class org.apache.hadoop.ipc.DefaultRpcScheduler, ipcBackoff: false.
2022-03-01 14:09:06,242 [Socket Reader #1 for port 0] INFO  ipc.Server (Server.java:run(1265)) - Starting Socket Reader #1 for port 0
2022-03-01 14:09:06,242 [Listener at 0.0.0.0/35527] INFO  ipc.CallQueueManager (CallQueueManager.java:<init>(90)) - Using callQueue: class java.util.concurrent.LinkedBlockingQueue, queueCapacity: 2000, scheduler: class org.apache.hadoop.ipc.DefaultRpcScheduler, ipcBackoff: false.
2022-03-01 14:09:06,279 [Socket Reader #1 for port 0] INFO  ipc.Server (Server.java:run(1265)) - Starting Socket Reader #1 for port 0
2022-03-01 14:09:06,355 [Listener at 0.0.0.0/38729] INFO  algorithms.ContainerPlacementPolicyFactory (ContainerPlacementPolicyFactory.java:getPolicy(60)) - Create container placement policy of type org.apache.hadoop.hdds.scm.container.placement.algorithms.SCMContainerPlacementRandom
2022-03-01 14:09:06,372 [Listener at 0.0.0.0/38729] INFO  server.StorageContainerManager (StorageContainerManager.java:<init>(392)) - 
Container Balancer status:
Key                            Value
Running                        false
Container Balancer Configuration values:
Key                                                Value
Threshold                                          10
Max Datanodes to Involve per Iteration(percent)    20
Max Size to Move per Iteration                     500GB
Max Size Entering Target per Iteration             26GB
Max Size Leaving Source per Iteration              26GB

2022-03-01 14:09:06,372 [Listener at 0.0.0.0/38729] WARN  events.EventQueue (EventQueue.java:fireEvent(194)) - No event handler registered for event TypedEvent{payloadType=SafeModeStatus, name='Safe mode status'}
2022-03-01 14:09:06,372 [Listener at 0.0.0.0/38729] INFO  ha.SCMContext (SCMContext.java:updateSafeModeStatus(211)) - Update SafeModeStatus from SafeModeStatus{safeModeStatus=true, preCheckPassed=false} to SafeModeStatus{safeModeStatus=true, preCheckPassed=false}.
2022-03-01 14:09:06,376 [Listener at 0.0.0.0/38729] INFO  server.StorageContainerManager (StorageContainerManager.java:start(1330)) - StorageContainerLocationProtocol RPC server is listening at /0.0.0.0:38729
2022-03-01 14:09:06,376 [Listener at 0.0.0.0/38729] INFO  ha.SCMRatisServerImpl (SCMRatisServerImpl.java:start(177)) - starting ratis server 0.0.0.0:9894
2022-03-01 14:09:06,376 [Listener at 0.0.0.0/38729] INFO  server.RaftServer$Division (RaftServerImpl.java:start(301)) - 59ced422-3795-4659-9922-9f3d7fc7b79b@group-F356CB8B6FD6: start as a follower, conf=0: [59ced422-3795-4659-9922-9f3d7fc7b79b|rpc:fv-az195-209:9894|admin:|client:|dataStream:|priority:0], old=null
2022-03-01 14:09:06,376 [Listener at 0.0.0.0/38729] INFO  server.RaftServer$Division (RaftServerImpl.java:setRole(290)) - 59ced422-3795-4659-9922-9f3d7fc7b79b@group-F356CB8B6FD6: changes role from      null to FOLLOWER at term 1 for startAsFollower
2022-03-01 14:09:06,377 [Listener at 0.0.0.0/38729] INFO  impl.RoleInfo (RoleInfo.java:updateAndGet(130)) - 59ced422-3795-4659-9922-9f3d7fc7b79b: start 59ced422-3795-4659-9922-9f3d7fc7b79b@group-F356CB8B6FD6-FollowerState
2022-03-01 14:09:06,385 [Listener at 0.0.0.0/38729] INFO  util.JmxRegister (JmxRegister.java:tryRegister(44)) - Successfully registered JMX Bean with object name Ratis:service=RaftServer,group=group-F356CB8B6FD6,id=59ced422-3795-4659-9922-9f3d7fc7b79b
2022-03-01 14:09:06,395 [Listener at 0.0.0.0/38729] INFO  server.RaftServer (RaftServerProxy.java:lambda$start$5(374)) - 59ced422-3795-4659-9922-9f3d7fc7b79b: start RPC server
2022-03-01 14:09:06,397 [Listener at 0.0.0.0/38729] INFO  server.GrpcService (GrpcService.java:startImpl(253)) - 59ced422-3795-4659-9922-9f3d7fc7b79b: GrpcService started, listening on 9894
2022-03-01 14:09:06,403 [Listener at 0.0.0.0/38729] INFO  ha.SCMHAManagerImpl (SCMHAManagerImpl.java:start(121)) -  scm role is FOLLOWER peers [59ced422-3795-4659-9922-9f3d7fc7b79b|rpc:fv-az195-209:9894|admin:|client:|dataStream:|priority:0]
2022-03-01 14:09:06,403 [Listener at 0.0.0.0/38729] INFO  ha.InterSCMGrpcService (InterSCMGrpcProtocolService.java:start(94)) - Starting SCM Grpc Service at port 9895
2022-03-01 14:09:06,404 [org.apache.ratis.util.JvmPauseMonitor$$Lambda$421/1299661385@443f780] INFO  util.JvmPauseMonitor (JvmPauseMonitor.java:run(103)) - JvmPauseMonitor-59ced422-3795-4659-9922-9f3d7fc7b79b: Started
2022-03-01 14:09:06,409 [Listener at 0.0.0.0/38729] WARN  impl.MetricsConfig (MetricsConfig.java:loadFirst(136)) - Cannot locate configuration: tried hadoop-metrics2-storagecontainermanager.properties,hadoop-metrics2.properties
2022-03-01 14:09:06,421 [Listener at 0.0.0.0/38729] INFO  impl.MetricsSystemImpl (MetricsSystemImpl.java:startTimer(378)) - Scheduled Metric snapshot period at 10 second(s).
2022-03-01 14:09:06,421 [Listener at 0.0.0.0/38729] INFO  impl.MetricsSystemImpl (MetricsSystemImpl.java:start(191)) - StorageContainerManager metrics system started
2022-03-01 14:09:06,511 [Listener at 0.0.0.0/38729] INFO  impl.MetricsSinkAdapter (MetricsSinkAdapter.java:start(204)) - Sink prometheus started
2022-03-01 14:09:06,511 [Listener at 0.0.0.0/38729] INFO  impl.MetricsSystemImpl (MetricsSystemImpl.java:registerSink(305)) - Registered sink prometheus
2022-03-01 14:09:06,557 [Listener at 0.0.0.0/38729] INFO  server.SCMClientProtocolServer (SCMClientProtocolServer.java:start(165)) - RPC server for Client  is listening at /0.0.0.0:38729
2022-03-01 14:09:06,558 [IPC Server Responder] INFO  ipc.Server (Server.java:run(1507)) - IPC Server Responder: starting
2022-03-01 14:09:06,573 [IPC Server listener on 0] INFO  ipc.Server (Server.java:run(1344)) - IPC Server listener on 0: starting
2022-03-01 14:09:06,591 [Listener at 0.0.0.0/38729] INFO  server.StorageContainerManager (StorageContainerManager.java:start(1345)) - ScmBlockLocationProtocol RPC server is listening at /0.0.0.0:35527
2022-03-01 14:09:06,591 [Listener at 0.0.0.0/38729] INFO  server.SCMBlockProtocolServer (SCMBlockProtocolServer.java:start(151)) - RPC server for Block Protocol is listening at /0.0.0.0:35527
2022-03-01 14:09:06,617 [IPC Server Responder] INFO  ipc.Server (Server.java:run(1507)) - IPC Server Responder: starting
2022-03-01 14:09:06,620 [IPC Server listener on 0] INFO  ipc.Server (Server.java:run(1344)) - IPC Server listener on 0: starting
2022-03-01 14:09:06,661 [Listener at 0.0.0.0/38729] INFO  http.BaseHttpServer (BaseHttpServer.java:newHttpServer2BuilderForOzone(209)) - Starting Web-server for scm at: http://0.0.0.0:0
2022-03-01 14:09:06,661 [Listener at 0.0.0.0/38729] INFO  http.BaseHttpServer (BaseHttpServer.java:<init>(107)) - Hadoop Security Enabled: false Ozone Security Enabled: false Ozone HTTP Security Enabled: false 
2022-03-01 14:09:06,663 [org.apache.hadoop.util.JvmPauseMonitor$Monitor@16972bc5] INFO  util.JvmPauseMonitor (JvmPauseMonitor.java:run(188)) - Starting JVM pause monitor
2022-03-01 14:09:06,663 [Listener at 0.0.0.0/38729] INFO  server.AuthenticationFilter (AuthenticationFilter.java:constructSecretProvider(240)) - Unable to initialize FileSignerSecretProvider, falling back to use random secrets.
2022-03-01 14:09:06,684 [Listener at 0.0.0.0/38729] WARN  http.HttpRequestLog (HttpRequestLog.java:getRequestLog(103)) - Jetty request log can only be enabled using Log4j
2022-03-01 14:09:06,685 [Listener at 0.0.0.0/38729] INFO  http.HttpServer2 (HttpServer2.java:addGlobalFilter(1030)) - Added global filter 'safety' (class=org.apache.hadoop.hdds.server.http.HttpServer2$QuotingInputFilter)
2022-03-01 14:09:06,686 [Listener at 0.0.0.0/38729] INFO  http.HttpServer2 (HttpServer2.java:addFilter(1006)) - Added filter static_user_filter (class=org.apache.hadoop.http.lib.StaticUserWebFilter$StaticUserFilter) to context scm
2022-03-01 14:09:06,686 [Listener at 0.0.0.0/38729] INFO  http.HttpServer2 (HttpServer2.java:addFilter(1014)) - Added filter static_user_filter (class=org.apache.hadoop.http.lib.StaticUserWebFilter$StaticUserFilter) to context static
2022-03-01 14:09:06,687 [Listener at 0.0.0.0/38729] INFO  http.HttpServer2 (HttpServer2.java:addFilter(1014)) - Added filter static_user_filter (class=org.apache.hadoop.http.lib.StaticUserWebFilter$StaticUserFilter) to context logs
2022-03-01 14:09:06,687 [Listener at 0.0.0.0/38729] INFO  http.HttpServer2 (HttpServer2.java:bindListener(1249)) - Jetty bound to port 40151
2022-03-01 14:09:06,688 [Listener at 0.0.0.0/38729] INFO  server.Server (Server.java:doStart(375)) - jetty-9.4.43.v20210629; built: 2021-06-30T11:07:22.254Z; git: 526006ecfa3af7f1a27ef3a288e2bef7ea9dd7e8; jvm 1.8.0_322-b06
2022-03-01 14:09:06,711 [Listener at 0.0.0.0/38729] INFO  server.session (DefaultSessionIdManager.java:doStart(334)) - DefaultSessionIdManager workerName=node0
2022-03-01 14:09:06,712 [Listener at 0.0.0.0/38729] INFO  server.session (DefaultSessionIdManager.java:doStart(339)) - No SessionScavenger set, using defaults
2022-03-01 14:09:06,712 [Listener at 0.0.0.0/38729] INFO  server.session (HouseKeeper.java:startScavenging(132)) - node0 Scavenging every 660000ms
2022-03-01 14:09:06,741 [Listener at 0.0.0.0/38729] INFO  handler.ContextHandler (ContextHandler.java:doStart(915)) - Started o.e.j.s.ServletContextHandler@2cacda88{logs,/logs,file:///home/runner/work/ozone/ozone/hadoop-ozone/integration-test/target/log,AVAILABLE}
2022-03-01 14:09:06,742 [Listener at 0.0.0.0/38729] INFO  handler.ContextHandler (ContextHandler.java:doStart(915)) - Started o.e.j.s.ServletContextHandler@355a0cfb{static,/static,file:///home/runner/work/ozone/ozone/hadoop-ozone/integration-test/target/test-classes/webapps/static,AVAILABLE}
2022-03-01 14:09:06,746 [Listener at 0.0.0.0/38729] INFO  handler.ContextHandler (ContextHandler.java:doStart(915)) - Started o.e.j.w.WebAppContext@43405ae5{scm,/,file:///home/runner/work/ozone/ozone/hadoop-ozone/integration-test/target/test-classes/webapps/scm/,AVAILABLE}{file:/home/runner/work/ozone/ozone/hadoop-ozone/integration-test/target/test-classes/webapps/scm}
2022-03-01 14:09:06,747 [Listener at 0.0.0.0/38729] INFO  server.AbstractConnector (AbstractConnector.java:doStart(331)) - Started ServerConnector@5230426b{HTTP/1.1, (http/1.1)}{0.0.0.0:40151}
2022-03-01 14:09:06,747 [Listener at 0.0.0.0/38729] INFO  server.Server (Server.java:doStart(415)) - Started @210990ms
2022-03-01 14:09:06,747 [Listener at 0.0.0.0/38729] WARN  impl.MetricsSystemImpl (MetricsSystemImpl.java:register(279)) - Sink prometheus already exists!
2022-03-01 14:09:06,749 [Listener at 0.0.0.0/38729] INFO  http.BaseHttpServer (BaseHttpServer.java:updateConnectorAddress(329)) - HTTP server of scm listening at http://0.0.0.0:40151
2022-03-01 14:09:06,749 [Listener at 0.0.0.0/38729] WARN  server.ServerUtils (ServerUtils.java:getDBPath(225)) - ozone.om.db.dirs is not configured. We recommend adding this setting. Falling back to ozone.metadata.dirs instead.
2022-03-01 14:09:06,752 [Listener at 0.0.0.0/38729] INFO  ha.OMHANodeDetails (OMHANodeDetails.java:loadOMHAConfig(112)) - ozone.om.internal.service.id is not defined, falling back to ozone.om.service.ids to find serviceID for OzoneManager if it is HA enabled cluster
2022-03-01 14:09:06,752 [Listener at 0.0.0.0/38729] INFO  ha.OMHANodeDetails (OMHANodeDetails.java:loadOMHAConfig(218)) - Configuration does not have ozone.om.address set. Falling back to the default OM address /127.0.0.1:0
2022-03-01 14:09:06,752 [Listener at 0.0.0.0/38729] INFO  ha.OMHANodeDetails (OMHANodeDetails.java:getOMNodeDetailsForNonHA(246)) - OM Service ID is not set. Setting it to the default ID: omServiceIdDefault
2022-03-01 14:09:06,752 [Listener at 0.0.0.0/38729] INFO  ha.OMHANodeDetails (OMHANodeDetails.java:getOMNodeDetailsForNonHA(253)) - OM Node ID is not set. Setting it to the default ID: om1
2022-03-01 14:09:06,752 [Listener at 0.0.0.0/38729] WARN  server.ServerUtils (ServerUtils.java:getDBPath(225)) - ozone.om.db.dirs is not configured. We recommend adding this setting. Falling back to ozone.metadata.dirs instead.
2022-03-01 14:09:06,753 [Listener at 0.0.0.0/38729] INFO  upgrade.AbstractLayoutVersionManager (AbstractLayoutVersionManager.java:init(79)) - Initializing Layout version manager with metadata layout = INITIAL_VERSION (version = 0), software layout = INITIAL_VERSION (version = 0)
2022-03-01 14:09:06,953 [Listener at 0.0.0.0/38729] INFO  reflections.Reflections (Reflections.java:scan(232)) - Reflections took 199 ms to scan 2 urls, producing 134 keys and 349 values [using 2 cores]
2022-03-01 14:09:06,954 [Listener at 0.0.0.0/38729] INFO  upgrade.OMLayoutVersionManager (OMLayoutVersionManager.java:lambda$0(115)) - Skipping Upgrade Action MockOmUpgradeAction since it has been finalized.
2022-03-01 14:09:06,954 [Listener at 0.0.0.0/38729] WARN  server.ServerUtils (ServerUtils.java:getDBPath(225)) - ozone.om.db.dirs is not configured. We recommend adding this setting. Falling back to ozone.metadata.dirs instead.
2022-03-01 14:09:09,025 [Listener at 0.0.0.0/38729] INFO  retry.RetryInvocationHandler (RetryInvocationHandler.java:log(411)) - com.google.protobuf.ServiceException: org.apache.hadoop.ipc.RemoteException(org.apache.hadoop.hdds.ratis.ServerNotLeaderException): Server:59ced422-3795-4659-9922-9f3d7fc7b79b is not the leader. Could not determine the leader node.
	at org.apache.hadoop.hdds.ratis.ServerNotLeaderException.convertToNotLeaderException(ServerNotLeaderException.java:109)
	at org.apache.hadoop.hdds.scm.ha.RatisUtil.checkRatisException(RatisUtil.java:246)
	at org.apache.hadoop.hdds.scm.protocol.ScmBlockLocationProtocolServerSideTranslatorPB.send(ScmBlockLocationProtocolServerSideTranslatorPB.java:108)
	at org.apache.hadoop.hdds.protocol.proto.ScmBlockLocationProtocolProtos$ScmBlockLocationProtocolService$2.callBlockingMethod(ScmBlockLocationProtocolProtos.java:13937)
	at org.apache.hadoop.ipc.ProtobufRpcEngine$Server.processCall(ProtobufRpcEngine.java:466)
	at org.apache.hadoop.ipc.ProtobufRpcEngine2$Server$ProtoBufRpcInvoker.call(ProtobufRpcEngine2.java:574)
	at org.apache.hadoop.ipc.ProtobufRpcEngine2$Server$ProtoBufRpcInvoker.call(ProtobufRpcEngine2.java:552)
	at org.apache.hadoop.ipc.RPC$Server.call(RPC.java:1093)
	at org.apache.hadoop.ipc.Server$RpcCall.run(Server.java:1035)
	at org.apache.hadoop.ipc.Server$RpcCall.run(Server.java:963)
	at java.security.AccessController.doPrivileged(Native Method)
	at javax.security.auth.Subject.doAs(Subject.java:422)
	at org.apache.hadoop.security.UserGroupInformation.doAs(UserGroupInformation.java:1878)
	at org.apache.hadoop.ipc.Server$Handler.run(Server.java:2966)
, while invoking $Proxy46.send over nodeId=scmNodeId,nodeAddress=/0.0.0.0:35527 after 1 failover attempts. Trying to failover after sleeping for 2000ms.
2022-03-01 14:09:11,030 [Listener at 0.0.0.0/38729] INFO  retry.RetryInvocationHandler (RetryInvocationHandler.java:log(411)) - com.google.protobuf.ServiceException: org.apache.hadoop.ipc.RemoteException(org.apache.hadoop.hdds.ratis.ServerNotLeaderException): Server:59ced422-3795-4659-9922-9f3d7fc7b79b is not the leader. Could not determine the leader node.
	at org.apache.hadoop.hdds.ratis.ServerNotLeaderException.convertToNotLeaderException(ServerNotLeaderException.java:109)
	at org.apache.hadoop.hdds.scm.ha.RatisUtil.checkRatisException(RatisUtil.java:246)
	at org.apache.hadoop.hdds.scm.protocol.ScmBlockLocationProtocolServerSideTranslatorPB.send(ScmBlockLocationProtocolServerSideTranslatorPB.java:108)
	at org.apache.hadoop.hdds.protocol.proto.ScmBlockLocationProtocolProtos$ScmBlockLocationProtocolService$2.callBlockingMethod(ScmBlockLocationProtocolProtos.java:13937)
	at org.apache.hadoop.ipc.ProtobufRpcEngine$Server.processCall(ProtobufRpcEngine.java:466)
	at org.apache.hadoop.ipc.ProtobufRpcEngine2$Server$ProtoBufRpcInvoker.call(ProtobufRpcEngine2.java:574)
	at org.apache.hadoop.ipc.ProtobufRpcEngine2$Server$ProtoBufRpcInvoker.call(ProtobufRpcEngine2.java:552)
	at org.apache.hadoop.ipc.RPC$Server.call(RPC.java:1093)
	at org.apache.hadoop.ipc.Server$RpcCall.run(Server.java:1035)
	at org.apache.hadoop.ipc.Server$RpcCall.run(Server.java:963)
	at java.security.AccessController.doPrivileged(Native Method)
	at javax.security.auth.Subject.doAs(Subject.java:422)
	at org.apache.hadoop.security.UserGroupInformation.doAs(UserGroupInformation.java:1878)
	at org.apache.hadoop.ipc.Server$Handler.run(Server.java:2966)
, while invoking $Proxy46.send over nodeId=scmNodeId,nodeAddress=/0.0.0.0:35527 after 2 failover attempts. Trying to failover after sleeping for 2000ms.
2022-03-01 14:09:11,470 [59ced422-3795-4659-9922-9f3d7fc7b79b@group-F356CB8B6FD6-FollowerState] INFO  impl.FollowerState (FollowerState.java:run(134)) - 59ced422-3795-4659-9922-9f3d7fc7b79b@group-F356CB8B6FD6-FollowerState: change to CANDIDATE, lastRpcElapsedTime:5093084984ns, electionTimeout:5084ms
2022-03-01 14:09:11,470 [59ced422-3795-4659-9922-9f3d7fc7b79b@group-F356CB8B6FD6-FollowerState] INFO  impl.RoleInfo (RoleInfo.java:shutdownFollowerState(108)) - 59ced422-3795-4659-9922-9f3d7fc7b79b: shutdown 59ced422-3795-4659-9922-9f3d7fc7b79b@group-F356CB8B6FD6-FollowerState
2022-03-01 14:09:11,470 [59ced422-3795-4659-9922-9f3d7fc7b79b@group-F356CB8B6FD6-FollowerState] INFO  server.RaftServer$Division (RaftServerImpl.java:setRole(290)) - 59ced422-3795-4659-9922-9f3d7fc7b79b@group-F356CB8B6FD6: changes role from  FOLLOWER to CANDIDATE at term 1 for changeToCandidate
2022-03-01 14:09:11,470 [59ced422-3795-4659-9922-9f3d7fc7b79b@group-F356CB8B6FD6-FollowerState] INFO  server.RaftServerConfigKeys (ConfUtils.java:logGet(44)) - raft.server.leaderelection.pre-vote = false (custom)
2022-03-01 14:09:11,470 [59ced422-3795-4659-9922-9f3d7fc7b79b@group-F356CB8B6FD6-FollowerState] INFO  impl.RoleInfo (RoleInfo.java:updateAndGet(130)) - 59ced422-3795-4659-9922-9f3d7fc7b79b: start 59ced422-3795-4659-9922-9f3d7fc7b79b@group-F356CB8B6FD6-LeaderElection48
2022-03-01 14:09:11,503 [59ced422-3795-4659-9922-9f3d7fc7b79b@group-F356CB8B6FD6-LeaderElection48] INFO  impl.LeaderElection (LeaderElection.java:askForVotes(306)) - 59ced422-3795-4659-9922-9f3d7fc7b79b@group-F356CB8B6FD6-LeaderElection48 ELECTION round 0: submit vote requests at term 2 for 0: [59ced422-3795-4659-9922-9f3d7fc7b79b|rpc:fv-az195-209:9894|admin:|client:|dataStream:|priority:0], old=null
2022-03-01 14:09:11,503 [59ced422-3795-4659-9922-9f3d7fc7b79b@group-F356CB8B6FD6-LeaderElection48] INFO  impl.LeaderElection (LeaderElection.java:askForVotes(308)) - 59ced422-3795-4659-9922-9f3d7fc7b79b@group-F356CB8B6FD6-LeaderElection48 ELECTION round 0: result PASSED (term=2)
2022-03-01 14:09:11,503 [59ced422-3795-4659-9922-9f3d7fc7b79b@group-F356CB8B6FD6-LeaderElection48] INFO  impl.RoleInfo (RoleInfo.java:shutdownLeaderElection(121)) - 59ced422-3795-4659-9922-9f3d7fc7b79b: shutdown 59ced422-3795-4659-9922-9f3d7fc7b79b@group-F356CB8B6FD6-LeaderElection48
2022-03-01 14:09:11,503 [59ced422-3795-4659-9922-9f3d7fc7b79b@group-F356CB8B6FD6-LeaderElection48] INFO  server.RaftServer$Division (RaftServerImpl.java:setRole(290)) - 59ced422-3795-4659-9922-9f3d7fc7b79b@group-F356CB8B6FD6: changes role from CANDIDATE to LEADER at term 2 for changeToLeader
2022-03-01 14:09:11,503 [59ced422-3795-4659-9922-9f3d7fc7b79b@group-F356CB8B6FD6-LeaderElection48] INFO  ha.SCMStateMachine (SCMStateMachine.java:notifyLeaderChanged(259)) - current SCM becomes leader of term 2.
2022-03-01 14:09:11,503 [59ced422-3795-4659-9922-9f3d7fc7b79b@group-F356CB8B6FD6-LeaderElection48] INFO  ha.SCMContext (SCMContext.java:updateLeaderAndTerm(90)) - update <isLeader,term> from <false,0> to <true,2>
2022-03-01 14:09:11,503 [59ced422-3795-4659-9922-9f3d7fc7b79b@group-F356CB8B6FD6-LeaderElection48] INFO  server.RaftServer$Division (ServerState.java:setLeader(285)) - 59ced422-3795-4659-9922-9f3d7fc7b79b@group-F356CB8B6FD6: change Leader from null to 59ced422-3795-4659-9922-9f3d7fc7b79b at term 2 for becomeLeader, leader elected after 5392ms
2022-03-01 14:09:11,503 [59ced422-3795-4659-9922-9f3d7fc7b79b@group-F356CB8B6FD6-LeaderElection48] INFO  server.RaftServerConfigKeys (ConfUtils.java:logGet(44)) - raft.server.staging.catchup.gap = 1000 (default)
2022-03-01 14:09:11,504 [59ced422-3795-4659-9922-9f3d7fc7b79b@group-F356CB8B6FD6-LeaderElection48] INFO  server.RaftServerConfigKeys (ConfUtils.java:logGet(44)) - raft.server.write.element-limit = 4096 (default)
2022-03-01 14:09:11,504 [59ced422-3795-4659-9922-9f3d7fc7b79b@group-F356CB8B6FD6-LeaderElection48] INFO  server.RaftServerConfigKeys (ConfUtils.java:logGet(44)) - raft.server.write.byte-limit = 64MB (=67108864) (default)
2022-03-01 14:09:11,504 [59ced422-3795-4659-9922-9f3d7fc7b79b@group-F356CB8B6FD6-LeaderElection48] INFO  server.RaftServerConfigKeys (ConfUtils.java:logGet(44)) - raft.server.watch.timeout = 10s (default)
2022-03-01 14:09:11,504 [59ced422-3795-4659-9922-9f3d7fc7b79b@group-F356CB8B6FD6-LeaderElection48] INFO  server.RaftServerConfigKeys (ConfUtils.java:logGet(44)) - raft.server.watch.timeout.denomination = 1s (default)
2022-03-01 14:09:11,504 [59ced422-3795-4659-9922-9f3d7fc7b79b@group-F356CB8B6FD6-LeaderElection48] INFO  server.RaftServerConfigKeys (ConfUtils.java:logGet(44)) - raft.server.watch.element-limit = 65536 (default)
2022-03-01 14:09:11,504 [59ced422-3795-4659-9922-9f3d7fc7b79b@group-F356CB8B6FD6-LeaderElection48] INFO  server.RaftServerConfigKeys (ConfUtils.java:logGet(44)) - raft.server.write.element-limit = 4096 (default)
2022-03-01 14:09:11,504 [59ced422-3795-4659-9922-9f3d7fc7b79b@group-F356CB8B6FD6-LeaderElection48] INFO  server.RaftServerConfigKeys (ConfUtils.java:logGet(44)) - raft.server.write.follower.gap.ratio.max = -1.0 (default)
2022-03-01 14:09:11,504 [59ced422-3795-4659-9922-9f3d7fc7b79b@group-F356CB8B6FD6-LeaderElection48] INFO  impl.RoleInfo (RoleInfo.java:updateAndGet(130)) - 59ced422-3795-4659-9922-9f3d7fc7b79b: start 59ced422-3795-4659-9922-9f3d7fc7b79b@group-F356CB8B6FD6-LeaderStateImpl
2022-03-01 14:09:11,504 [59ced422-3795-4659-9922-9f3d7fc7b79b@group-F356CB8B6FD6-LeaderElection48] INFO  segmented.SegmentedRaftLogWorker (SegmentedRaftLogWorker.java:rollLogSegment(399)) - 59ced422-3795-4659-9922-9f3d7fc7b79b@group-F356CB8B6FD6-SegmentedRaftLogWorker: Rolling segment log-0_0 to index:0
2022-03-01 14:09:11,509 [59ced422-3795-4659-9922-9f3d7fc7b79b@group-F356CB8B6FD6-SegmentedRaftLogWorker] INFO  segmented.SegmentedRaftLogWorker (SegmentedRaftLogWorker.java:execute(558)) - 59ced422-3795-4659-9922-9f3d7fc7b79b@group-F356CB8B6FD6-SegmentedRaftLogWorker: Rolled log segment from /home/runner/work/ozone/ozone/hadoop-ozone/integration-test/target/test-dir/MiniOzoneClusterImpl-4620bb26-f181-4696-b789-f356cb8b6fd6/ozone-meta/scm-ha/4620bb26-f181-4696-b789-f356cb8b6fd6/current/log_inprogress_0 to /home/runner/work/ozone/ozone/hadoop-ozone/integration-test/target/test-dir/MiniOzoneClusterImpl-4620bb26-f181-4696-b789-f356cb8b6fd6/ozone-meta/scm-ha/4620bb26-f181-4696-b789-f356cb8b6fd6/current/log_0-0
2022-03-01 14:09:11,533 [59ced422-3795-4659-9922-9f3d7fc7b79b@group-F356CB8B6FD6-SegmentedRaftLogWorker] INFO  segmented.SegmentedRaftLogWorker (SegmentedRaftLogWorker.java:execute(601)) - 59ced422-3795-4659-9922-9f3d7fc7b79b@group-F356CB8B6FD6-SegmentedRaftLogWorker: created new log segment /home/runner/work/ozone/ozone/hadoop-ozone/integration-test/target/test-dir/MiniOzoneClusterImpl-4620bb26-f181-4696-b789-f356cb8b6fd6/ozone-meta/scm-ha/4620bb26-f181-4696-b789-f356cb8b6fd6/current/log_inprogress_1
2022-03-01 14:09:11,537 [59ced422-3795-4659-9922-9f3d7fc7b79b@group-F356CB8B6FD6-LeaderElection48] INFO  server.RaftServer$Division (ServerState.java:setRaftConf(387)) - 59ced422-3795-4659-9922-9f3d7fc7b79b@group-F356CB8B6FD6: set configuration 1: [59ced422-3795-4659-9922-9f3d7fc7b79b|rpc:fv-az195-209:9894|admin:|client:|dataStream:|priority:0], old=null
2022-03-01 14:09:11,545 [59ced422-3795-4659-9922-9f3d7fc7b79b@group-F356CB8B6FD6-StateMachineUpdater] INFO  ha.SCMContext (SCMContext.java:setLeaderReady(117)) - update <isLeaderReady> from <false> to <true>
2022-03-01 14:09:11,548 [59ced422-3795-4659-9922-9f3d7fc7b79b@group-F356CB8B6FD6-StateMachineUpdater] INFO  pipeline.BackgroundPipelineCreator (BackgroundPipelineCreator.java:notifyStatusChanged(264)) - Service BackgroundPipelineCreator transitions to RUNNING.
2022-03-01 14:09:11,549 [59ced422-3795-4659-9922-9f3d7fc7b79b@group-F356CB8B6FD6-StateMachineUpdater] INFO  safemode.HealthyPipelineSafeModeRule (HealthyPipelineSafeModeRule.java:initializeRule(152)) - Refreshed total pipeline count is 0, healthy pipeline threshold count is 1
2022-03-01 14:09:11,550 [59ced422-3795-4659-9922-9f3d7fc7b79b@group-F356CB8B6FD6-StateMachineUpdater] INFO  safemode.ContainerSafeModeRule (ContainerSafeModeRule.java:reInitializeRule(177)) - Refreshed one replica container threshold 0, currentThreshold 0
2022-03-01 14:09:11,550 [59ced422-3795-4659-9922-9f3d7fc7b79b@group-F356CB8B6FD6-StateMachineUpdater] INFO  safemode.OneReplicaPipelineSafeModeRule (OneReplicaPipelineSafeModeRule.java:initializeRule(176)) - Refreshed Total pipeline count is 0, pipeline's with at least one datanode reported threshold count is 0
2022-03-01 14:09:11,550 [59ced422-3795-4659-9922-9f3d7fc7b79b@group-F356CB8B6FD6-StateMachineUpdater] INFO  server.SCMDatanodeProtocolServer (SCMDatanodeProtocolServer.java:start(181)) - ScmDatanodeProtocol RPC server for DataNodes is listening at /0.0.0.0:39003
2022-03-01 14:09:11,561 [IPC Server listener on 0] INFO  ipc.Server (Server.java:run(1344)) - IPC Server listener on 0: starting
2022-03-01 14:09:11,577 [IPC Server Responder] INFO  ipc.Server (Server.java:run(1507)) - IPC Server Responder: starting
2022-03-01 14:09:13,036 [Listener at 0.0.0.0/38729] WARN  server.ServerUtils (ServerUtils.java:getDBPath(225)) - ozone.om.db.dirs is not configured. We recommend adding this setting. Falling back to ozone.metadata.dirs instead.
2022-03-01 14:09:13,039 [Listener at 0.0.0.0/38729] INFO  codec.OmKeyInfoCodec (OmKeyInfoCodec.java:<init>(50)) - OmKeyInfoCodec ignorePipeline = true
2022-03-01 14:09:13,039 [Listener at 0.0.0.0/38729] INFO  codec.RepeatedOmKeyInfoCodec (RepeatedOmKeyInfoCodec.java:<init>(42)) - RepeatedOmKeyInfoCodec ignorePipeline = true
2022-03-01 14:09:13,425 [Listener at 0.0.0.0/38729] INFO  om.OzoneManager (OzoneManager.java:addS3GVolumeToDB(3732)) - Created Volume s3v With Owner runner required for S3Gateway operations.
2022-03-01 14:09:13,425 [Listener at 0.0.0.0/38729] WARN  server.ServerUtils (ServerUtils.java:getDefaultRatisDirectory(237)) - Storage directory for Ratis is not configured. It is a good idea to map this to an SSD disk. Falling back to ozone.metadata.dirs
2022-03-01 14:09:13,425 [Listener at 0.0.0.0/38729] WARN  utils.OzoneManagerRatisUtils (OzoneManagerRatisUtils.java:getOMRatisSnapshotDirectory(330)) - ozone.om.ratis.snapshot.dir is not configured. Falling back to ozone.metadata.dirs config
2022-03-01 14:09:13,426 [Listener at 0.0.0.0/38729] WARN  impl.MetricRegistriesImpl (MetricRegistriesImpl.java:addReporterRegistration(111)) - New reporters are added after registries were created. Some metrics will be missing from the reporter. Please add reporter before adding any new registry.
2022-03-01 14:09:13,426 [Listener at 0.0.0.0/38729] WARN  impl.MetricRegistriesImpl (MetricRegistriesImpl.java:addReporterRegistration(111)) - New reporters are added after registries were created. Some metrics will be missing from the reporter. Please add reporter before adding any new registry.
2022-03-01 14:09:13,426 [Listener at 0.0.0.0/38729] WARN  server.ServerUtils (ServerUtils.java:getDefaultRatisDirectory(237)) - Storage directory for Ratis is not configured. It is a good idea to map this to an SSD disk. Falling back to ozone.metadata.dirs
2022-03-01 14:09:13,427 [Listener at 0.0.0.0/38729] INFO  ratis.OzoneManagerRatisServer (OzoneManagerRatisServer.java:<init>(159)) - Instantiating OM Ratis server with groupID: omServiceIdDefault and peers: localhost:9872
2022-03-01 14:09:13,427 [Listener at 0.0.0.0/38729] INFO  ratis.OzoneManagerStateMachine (OzoneManagerStateMachine.java:loadSnapshotInfoFromDB(605)) - LastAppliedIndex is set from TransactionInfo from OM DB as (t:0, i:~)
2022-03-01 14:09:13,442 [Listener at 0.0.0.0/38729] INFO  server.RaftServer (ConfUtils.java:logGet(44)) - raft.rpc.type = GRPC (default)
2022-03-01 14:09:13,443 [Listener at 0.0.0.0/38729] INFO  grpc.GrpcFactory (GrpcFactory.java:checkPooledByteBufAllocatorUseCacheForAllThreads(48)) - PERFORMANCE WARNING: useCacheForAllThreads is true that may cause Netty to create a lot garbage objects and, as a result, trigger GC.
	It is recommended to disable useCacheForAllThreads by setting -Dorg.apache.ratis.thirdparty.io.netty.allocator.useCacheForAllThreads=false in command line.
2022-03-01 14:09:13,443 [Listener at 0.0.0.0/38729] INFO  grpc.GrpcConfigKeys (ConfUtils.java:logGet(44)) - raft.grpc.admin.port = -1 (default)
2022-03-01 14:09:13,443 [Listener at 0.0.0.0/38729] INFO  grpc.GrpcConfigKeys (ConfUtils.java:logGet(44)) - raft.grpc.server.port = 9872 (custom)
2022-03-01 14:09:13,443 [Listener at 0.0.0.0/38729] INFO  grpc.GrpcConfigKeys (ConfUtils.java:logGet(44)) - raft.grpc.client.port = -1 (default)
2022-03-01 14:09:13,443 [Listener at 0.0.0.0/38729] INFO  grpc.GrpcConfigKeys (ConfUtils.java:logGet(44)) - raft.grpc.server.port = 9872 (custom)
2022-03-01 14:09:13,443 [Listener at 0.0.0.0/38729] INFO  grpc.GrpcConfigKeys (ConfUtils.java:logGet(44)) - raft.grpc.server.port = 9872 (custom)
2022-03-01 14:09:13,444 [Listener at 0.0.0.0/38729] INFO  server.GrpcService (ConfUtils.java:logGet(44)) - raft.grpc.message.size.max = 33554432 (custom)
2022-03-01 14:09:13,444 [Listener at 0.0.0.0/38729] INFO  server.RaftServerConfigKeys (ConfUtils.java:logGet(44)) - raft.server.log.appender.buffer.byte-limit = 33554432 (custom)
2022-03-01 14:09:13,444 [Listener at 0.0.0.0/38729] INFO  server.GrpcService (ConfUtils.java:logGet(44)) - raft.grpc.flow.control.window = 1MB (=1048576) (default)
2022-03-01 14:09:13,444 [Listener at 0.0.0.0/38729] INFO  server.RaftServerConfigKeys (ConfUtils.java:logGet(44)) - raft.server.rpc.request.timeout = 3000ms (default)
2022-03-01 14:09:13,445 [Listener at 0.0.0.0/38729] INFO  impl.DataStreamServerImpl (ConfUtils.java:logGet(44)) - raft.datastream.type = DISABLED (default)
2022-03-01 14:09:13,445 [Listener at 0.0.0.0/38729] INFO  server.RaftServerConfigKeys (ConfUtils.java:logGet(44)) - raft.server.rpc.slowness.timeout = 120s (custom)
2022-03-01 14:09:13,446 [Listener at 0.0.0.0/38729] INFO  server.RaftServerConfigKeys (ConfUtils.java:logGet(44)) - raft.server.leaderelection.leader.step-down.wait-time = 10s (default)
2022-03-01 14:09:13,446 [Listener at 0.0.0.0/38729] INFO  server.RaftServerConfigKeys (ConfUtils.java:logGet(44)) - raft.server.storage.dir = [/home/runner/work/ozone/ozone/hadoop-ozone/integration-test/target/test-dir/MiniOzoneClusterImpl-4620bb26-f181-4696-b789-f356cb8b6fd6/ozone-meta/ratis] (custom)
2022-03-01 14:09:13,454 [Listener at 0.0.0.0/38729] INFO  server.RaftServer (RaftServerProxy.java:addNew(95)) - om1: addNew group-C5BA1605619E:[om1|rpc:localhost:9872|priority:0] returns group-C5BA1605619E:java.util.concurrent.CompletableFuture@5ba0ad41[Not completed]
2022-03-01 14:09:13,454 [Listener at 0.0.0.0/38729] INFO  om.OzoneManager (OzoneManager.java:initializeRatisServer(1834)) - OzoneManager Ratis server initialized at port 9872
2022-03-01 14:09:13,459 [Listener at 0.0.0.0/38729] INFO  ipc.CallQueueManager (CallQueueManager.java:<init>(90)) - Using callQueue: class java.util.concurrent.LinkedBlockingQueue, queueCapacity: 2000, scheduler: class org.apache.hadoop.ipc.DefaultRpcScheduler, ipcBackoff: false.
2022-03-01 14:09:13,460 [pool-520-thread-1] INFO  server.RaftServer$Division (RaftServerImpl.java:<init>(184)) - om1: new RaftServerImpl for group-C5BA1605619E:[om1|rpc:localhost:9872|priority:0] with OzoneManagerStateMachine:uninitialized
2022-03-01 14:09:13,465 [pool-520-thread-1] INFO  server.RaftServerConfigKeys (ConfUtils.java:logGet(44)) - raft.server.rpc.timeout.min = 1s (custom)
2022-03-01 14:09:13,465 [pool-520-thread-1] INFO  server.RaftServerConfigKeys (ConfUtils.java:logGet(44)) - raft.server.rpc.timeout.max = 1200ms (custom)
2022-03-01 14:09:13,465 [pool-520-thread-1] INFO  server.RaftServerConfigKeys (ConfUtils.java:logGet(44)) - raft.server.rpc.sleep.time = 25ms (default)
2022-03-01 14:09:13,466 [pool-520-thread-1] INFO  server.RaftServerConfigKeys (ConfUtils.java:logGet(44)) - raft.server.rpc.slowness.timeout = 120s (custom)
2022-03-01 14:09:13,466 [pool-520-thread-1] INFO  server.RaftServerConfigKeys (ConfUtils.java:logGet(44)) - raft.server.leaderelection.leader.step-down.wait-time = 10s (default)
2022-03-01 14:09:13,466 [pool-520-thread-1] INFO  server.RaftServerConfigKeys (ConfUtils.java:logGet(44)) - raft.server.sleep.deviation.threshold = 300ms (default)
2022-03-01 14:09:13,466 [pool-520-thread-1] INFO  server.RaftServerConfigKeys (ConfUtils.java:logGet(44)) - raft.server.log.appender.install.snapshot.enabled = false (custom)
2022-03-01 14:09:13,466 [pool-520-thread-1] INFO  server.RaftServer$Division (ServerState.java:<init>(105)) - om1@group-C5BA1605619E: ConfigurationManager, init=-1: [om1|rpc:localhost:9872|priority:0], old=null, confs=<EMPTY_MAP>
2022-03-01 14:09:13,466 [pool-520-thread-1] INFO  server.RaftServerConfigKeys (ConfUtils.java:logGet(44)) - raft.server.storage.dir = [/home/runner/work/ozone/ozone/hadoop-ozone/integration-test/target/test-dir/MiniOzoneClusterImpl-4620bb26-f181-4696-b789-f356cb8b6fd6/ozone-meta/ratis] (custom)
2022-03-01 14:09:13,466 [pool-520-thread-1] INFO  server.RaftServerConfigKeys (ConfUtils.java:logGet(44)) - raft.server.log.corruption.policy = EXCEPTION (default)
2022-03-01 14:09:13,466 [pool-520-thread-1] INFO  server.RaftServerConfigKeys (ConfUtils.java:logGet(44)) - raft.server.storage.free-space.min = 0MB (=0) (default)
2022-03-01 14:09:13,466 [pool-520-thread-1] INFO  storage.RaftStorageDirectory (RaftStorageDirectoryImpl.java:analyzeStorage(135)) - The storage directory /home/runner/work/ozone/ozone/hadoop-ozone/integration-test/target/test-dir/MiniOzoneClusterImpl-4620bb26-f181-4696-b789-f356cb8b6fd6/ozone-meta/ratis/bf265839-605b-3f16-9796-c5ba1605619e does not exist. Creating ...
2022-03-01 14:09:13,472 [pool-520-thread-1] INFO  storage.RaftStorageDirectory (RaftStorageDirectoryImpl.java:tryLock(230)) - Lock on /home/runner/work/ozone/ozone/hadoop-ozone/integration-test/target/test-dir/MiniOzoneClusterImpl-4620bb26-f181-4696-b789-f356cb8b6fd6/ozone-meta/ratis/bf265839-605b-3f16-9796-c5ba1605619e/in_use.lock acquired by nodename 10349@fv-az195-209
2022-03-01 14:09:13,478 [pool-520-thread-1] INFO  storage.RaftStorage (RaftStorageImpl.java:format(89)) - Storage directory /home/runner/work/ozone/ozone/hadoop-ozone/integration-test/target/test-dir/MiniOzoneClusterImpl-4620bb26-f181-4696-b789-f356cb8b6fd6/ozone-meta/ratis/bf265839-605b-3f16-9796-c5ba1605619e has been successfully formatted.
2022-03-01 14:09:13,479 [pool-520-thread-1] INFO  server.RaftServerConfigKeys (ConfUtils.java:logGet(44)) - raft.server.notification.no-leader.timeout = 120s (custom)
2022-03-01 14:09:13,479 [pool-520-thread-1] INFO  server.RaftServerConfigKeys (ConfUtils.java:logGet(44)) - raft.server.log.use.memory = false (default)
2022-03-01 14:09:13,479 [pool-520-thread-1] INFO  server.RaftServerConfigKeys (ConfUtils.java:logGet(44)) - raft.server.log.purge.gap = 1000000 (custom)
2022-03-01 14:09:13,479 [pool-520-thread-1] INFO  server.RaftServerConfigKeys (ConfUtils.java:logGet(44)) - raft.server.log.appender.buffer.byte-limit = 33554432 (custom)
2022-03-01 14:09:13,479 [pool-520-thread-1] INFO  server.RaftServerConfigKeys (ConfUtils.java:logGet(44)) - raft.server.log.segment.size.max = 4194304 (custom)
2022-03-01 14:09:13,479 [pool-520-thread-1] INFO  server.RaftServerConfigKeys (ConfUtils.java:logGet(44)) - raft.server.log.segment.cache.num.max = 2 (custom)
2022-03-01 14:09:13,479 [pool-520-thread-1] INFO  server.RaftServerConfigKeys (ConfUtils.java:logGet(44)) - raft.server.log.segment.cache.size.max = 200MB (=209715200) (default)
2022-03-01 14:09:13,479 [pool-520-thread-1] INFO  segmented.SegmentedRaftLogWorker (SegmentedRaftLogWorker.java:<init>(182)) - new om1@group-C5BA1605619E-SegmentedRaftLogWorker for RaftStorageImpl:Storage Directory /home/runner/work/ozone/ozone/hadoop-ozone/integration-test/target/test-dir/MiniOzoneClusterImpl-4620bb26-f181-4696-b789-f356cb8b6fd6/ozone-meta/ratis/bf265839-605b-3f16-9796-c5ba1605619e
2022-03-01 14:09:13,480 [pool-520-thread-1] INFO  server.RaftServerConfigKeys (ConfUtils.java:logGet(44)) - raft.server.log.queue.byte-limit = 64MB (=67108864) (default)
2022-03-01 14:09:13,480 [pool-520-thread-1] INFO  server.RaftServerConfigKeys (ConfUtils.java:logGet(44)) - raft.server.log.queue.element-limit = 4096 (default)
2022-03-01 14:09:13,480 [pool-520-thread-1] INFO  server.RaftServerConfigKeys (ConfUtils.java:logGet(44)) - raft.server.log.segment.size.max = 4194304 (custom)
2022-03-01 14:09:13,480 [pool-520-thread-1] INFO  server.RaftServerConfigKeys (ConfUtils.java:logGet(44)) - raft.server.log.preallocated.size = 4194304 (custom)
2022-03-01 14:09:13,480 [pool-520-thread-1] INFO  server.RaftServerConfigKeys (ConfUtils.java:logGet(44)) - raft.server.log.force.sync.num = 128 (default)
2022-03-01 14:09:13,480 [pool-520-thread-1] INFO  server.RaftServerConfigKeys (ConfUtils.java:logGet(44)) - raft.server.log.statemachine.data.sync = true (default)
2022-03-01 14:09:13,480 [pool-520-thread-1] INFO  server.RaftServerConfigKeys (ConfUtils.java:logGet(44)) - raft.server.log.statemachine.data.sync.timeout = 10s (default)
2022-03-01 14:09:13,480 [pool-520-thread-1] INFO  server.RaftServerConfigKeys (ConfUtils.java:logGet(44)) - raft.server.log.statemachine.data.sync.timeout.retry = -1 (default)
2022-03-01 14:09:13,489 [Socket Reader #1 for port 0] INFO  ipc.Server (Server.java:run(1265)) - Starting Socket Reader #1 for port 0
2022-03-01 14:09:13,491 [pool-520-thread-1] INFO  server.RaftServerConfigKeys (ConfUtils.java:logGet(44)) - raft.server.log.write.buffer.size = 64KB (=65536) (default)
2022-03-01 14:09:13,491 [pool-520-thread-1] INFO  server.RaftServerConfigKeys (ConfUtils.java:logGet(44)) - raft.server.log.statemachine.data.caching.enabled = false (default)
2022-03-01 14:09:13,491 [pool-520-thread-1] INFO  segmented.SegmentedRaftLogWorker (SegmentedRaftLogWorker.java:lambda$new$0(133)) - om1@group-C5BA1605619E-SegmentedRaftLogWorker: flushIndex: setUnconditionally 0 -> -1
2022-03-01 14:09:13,492 [pool-520-thread-1] INFO  segmented.SegmentedRaftLogWorker (SegmentedRaftLogWorker.java:lambda$new$0(133)) - om1@group-C5BA1605619E-SegmentedRaftLogWorker: safeCacheEvictIndex: setUnconditionally 0 -> -1
2022-03-01 14:09:13,492 [pool-520-thread-1] INFO  server.RaftServerConfigKeys (ConfUtils.java:logGet(44)) - raft.server.snapshot.auto.trigger.enabled = true (custom)
2022-03-01 14:09:13,492 [pool-520-thread-1] INFO  server.RaftServerConfigKeys (ConfUtils.java:logGet(44)) - raft.server.snapshot.auto.trigger.threshold = 400000 (default)
2022-03-01 14:09:13,492 [pool-520-thread-1] INFO  server.RaftServerConfigKeys (ConfUtils.java:logGet(44)) - raft.server.snapshot.retention.file.num = -1 (default)
2022-03-01 14:09:13,492 [pool-520-thread-1] INFO  server.RaftServerConfigKeys (ConfUtils.java:logGet(44)) - raft.server.log.purge.upto.snapshot.index = true (custom)
2022-03-01 14:09:13,492 [pool-520-thread-1] INFO  server.RaftServerConfigKeys (ConfUtils.java:logGet(44)) - raft.server.retrycache.expirytime = 300s (custom)
2022-03-01 14:09:13,492 [pool-520-thread-1] INFO  server.RaftServerConfigKeys (ConfUtils.java:logGet(44)) - raft.server.retrycache.statistics.expirytime = 100μs (default)
2022-03-01 14:09:13,549 [Listener at 127.0.0.1/43769] INFO  impl.MetricsSystemImpl (MetricsSystemImpl.java:init(158)) - OzoneManager metrics system started (again)
2022-03-01 14:09:13,589 [Listener at 127.0.0.1/43769] INFO  om.OzoneManager (OzoneManager.java:start(1365)) - OzoneManager RPC server is listening at localhost/127.0.0.1:43769
2022-03-01 14:09:13,598 [Listener at 127.0.0.1/43769] INFO  ratis.OzoneManagerRatisServer (OzoneManagerRatisServer.java:start(554)) - Starting OzoneManagerRatisServer om1 at port 9872
2022-03-01 14:09:13,604 [Listener at 127.0.0.1/43769] INFO  server.RaftServer$Division (RaftServerImpl.java:start(301)) - om1@group-C5BA1605619E: start as a follower, conf=-1: [om1|rpc:localhost:9872|priority:0], old=null
2022-03-01 14:09:13,604 [Listener at 127.0.0.1/43769] INFO  server.RaftServer$Division (RaftServerImpl.java:setRole(290)) - om1@group-C5BA1605619E: changes role from      null to FOLLOWER at term 0 for startAsFollower
2022-03-01 14:09:13,604 [Listener at 127.0.0.1/43769] INFO  impl.RoleInfo (RoleInfo.java:updateAndGet(130)) - om1: start om1@group-C5BA1605619E-FollowerState
2022-03-01 14:09:13,605 [Listener at 127.0.0.1/43769] INFO  util.JmxRegister (JmxRegister.java:tryRegister(44)) - Successfully registered JMX Bean with object name Ratis:service=RaftServer,group=group-C5BA1605619E,id=om1
2022-03-01 14:09:13,605 [Listener at 127.0.0.1/43769] INFO  server.RaftServer (RaftServerProxy.java:lambda$start$5(374)) - om1: start RPC server
2022-03-01 14:09:13,611 [Listener at 127.0.0.1/43769] INFO  server.GrpcService (GrpcService.java:startImpl(253)) - om1: GrpcService started, listening on 9872
2022-03-01 14:09:13,613 [Listener at 127.0.0.1/43769] INFO  om.OzoneManager (OzoneManager.java:start(1381)) - Version File has different layout version (0) than OM DB (null). That is expected if this OM has never been finalized to a newer layout version.
2022-03-01 14:09:13,613 [org.apache.ratis.util.JvmPauseMonitor$$Lambda$421/1299661385@54367e3e] INFO  util.JvmPauseMonitor (JvmPauseMonitor.java:run(103)) - JvmPauseMonitor-om1: Started
2022-03-01 14:09:13,618 [Listener at 127.0.0.1/43769] INFO  http.BaseHttpServer (BaseHttpServer.java:newHttpServer2BuilderForOzone(209)) - Starting Web-server for ozoneManager at: http://0.0.0.0:0
2022-03-01 14:09:13,618 [Listener at 127.0.0.1/43769] INFO  http.BaseHttpServer (BaseHttpServer.java:<init>(107)) - Hadoop Security Enabled: false Ozone Security Enabled: false Ozone HTTP Security Enabled: false 
2022-03-01 14:09:13,619 [Listener at 127.0.0.1/43769] INFO  server.AuthenticationFilter (AuthenticationFilter.java:constructSecretProvider(240)) - Unable to initialize FileSignerSecretProvider, falling back to use random secrets.
2022-03-01 14:09:13,637 [Listener at 127.0.0.1/43769] WARN  http.HttpRequestLog (HttpRequestLog.java:getRequestLog(103)) - Jetty request log can only be enabled using Log4j
2022-03-01 14:09:13,638 [Listener at 127.0.0.1/43769] INFO  http.HttpServer2 (HttpServer2.java:addGlobalFilter(1030)) - Added global filter 'safety' (class=org.apache.hadoop.hdds.server.http.HttpServer2$QuotingInputFilter)
2022-03-01 14:09:13,639 [Listener at 127.0.0.1/43769] INFO  http.HttpServer2 (HttpServer2.java:addFilter(1006)) - Added filter static_user_filter (class=org.apache.hadoop.http.lib.StaticUserWebFilter$StaticUserFilter) to context ozoneManager
2022-03-01 14:09:13,640 [Listener at 127.0.0.1/43769] INFO  http.HttpServer2 (HttpServer2.java:addFilter(1014)) - Added filter static_user_filter (class=org.apache.hadoop.http.lib.StaticUserWebFilter$StaticUserFilter) to context logs
2022-03-01 14:09:13,640 [Listener at 127.0.0.1/43769] INFO  http.HttpServer2 (HttpServer2.java:addFilter(1014)) - Added filter static_user_filter (class=org.apache.hadoop.http.lib.StaticUserWebFilter$StaticUserFilter) to context static
2022-03-01 14:09:13,640 [Listener at 127.0.0.1/43769] INFO  http.HttpServer2 (HttpServer2.java:bindListener(1249)) - Jetty bound to port 40157
2022-03-01 14:09:13,640 [Listener at 127.0.0.1/43769] INFO  server.Server (Server.java:doStart(375)) - jetty-9.4.43.v20210629; built: 2021-06-30T11:07:22.254Z; git: 526006ecfa3af7f1a27ef3a288e2bef7ea9dd7e8; jvm 1.8.0_322-b06
2022-03-01 14:09:13,733 [Listener at 127.0.0.1/43769] INFO  server.session (DefaultSessionIdManager.java:doStart(334)) - DefaultSessionIdManager workerName=node0
2022-03-01 14:09:13,733 [Listener at 127.0.0.1/43769] INFO  server.session (DefaultSessionIdManager.java:doStart(339)) - No SessionScavenger set, using defaults
2022-03-01 14:09:13,733 [Listener at 127.0.0.1/43769] INFO  server.session (HouseKeeper.java:startScavenging(132)) - node0 Scavenging every 600000ms
2022-03-01 14:09:13,749 [Listener at 127.0.0.1/43769] INFO  handler.ContextHandler (ContextHandler.java:doStart(915)) - Started o.e.j.s.ServletContextHandler@6f4d9baf{logs,/logs,file:///home/runner/work/ozone/ozone/hadoop-ozone/integration-test/target/log,AVAILABLE}
2022-03-01 14:09:13,749 [Listener at 127.0.0.1/43769] INFO  handler.ContextHandler (ContextHandler.java:doStart(915)) - Started o.e.j.s.ServletContextHandler@cdb0574{static,/static,file:///home/runner/work/ozone/ozone/hadoop-ozone/integration-test/target/test-classes/webapps/static,AVAILABLE}
2022-03-01 14:09:13,757 [Listener at 127.0.0.1/43769] INFO  handler.ContextHandler (ContextHandler.java:doStart(915)) - Started o.e.j.w.WebAppContext@50eac4a5{ozoneManager,/,file:///home/runner/work/ozone/ozone/hadoop-ozone/integration-test/target/test-classes/webapps/ozoneManager/,AVAILABLE}{file:/home/runner/work/ozone/ozone/hadoop-ozone/integration-test/target/test-classes/webapps/ozoneManager}
2022-03-01 14:09:13,785 [Listener at 127.0.0.1/43769] INFO  server.AbstractConnector (AbstractConnector.java:doStart(331)) - Started ServerConnector@38283ad3{HTTP/1.1, (http/1.1)}{0.0.0.0:40157}
2022-03-01 14:09:13,785 [Listener at 127.0.0.1/43769] INFO  server.Server (Server.java:doStart(415)) - Started @218027ms
2022-03-01 14:09:13,785 [Listener at 127.0.0.1/43769] WARN  impl.MetricsSystemImpl (MetricsSystemImpl.java:register(279)) - Sink prometheus already exists!
2022-03-01 14:09:13,786 [Listener at 127.0.0.1/43769] INFO  http.BaseHttpServer (BaseHttpServer.java:updateConnectorAddress(329)) - HTTP server of ozoneManager listening at http://0.0.0.0:40157
2022-03-01 14:09:13,801 [IPC Server Responder] INFO  ipc.Server (Server.java:run(1507)) - IPC Server Responder: starting
2022-03-01 14:09:13,820 [IPC Server listener on 0] INFO  ipc.Server (Server.java:run(1344)) - IPC Server listener on 0: starting
2022-03-01 14:09:13,855 [Listener at 127.0.0.1/43769] INFO  om.TrashPolicyOzone (TrashPolicyOzone.java:<init>(178)) - Ozone Manager trash configuration: Deletion interval = 0 minutes, Emptier interval = 0 minutes.
2022-03-01 14:09:13,863 [Listener at 127.0.0.1/43769] WARN  impl.MetricRegistriesImpl (MetricRegistriesImpl.java:addReporterRegistration(111)) - New reporters are added after registries were created. Some metrics will be missing from the reporter. Please add reporter before adding any new registry.
2022-03-01 14:09:13,863 [Listener at 127.0.0.1/43769] WARN  impl.MetricRegistriesImpl (MetricRegistriesImpl.java:addReporterRegistration(111)) - New reporters are added after registries were created. Some metrics will be missing from the reporter. Please add reporter before adding any new registry.
2022-03-01 14:09:13,863 [Listener at 127.0.0.1/43769] INFO  impl.MetricsSystemImpl (MetricsSystemImpl.java:init(158)) - HddsDatanode metrics system started (again)
2022-03-01 14:09:13,867 [org.apache.hadoop.util.JvmPauseMonitor$Monitor@4153d05] INFO  util.JvmPauseMonitor (JvmPauseMonitor.java:run(188)) - Starting JVM pause monitor
2022-03-01 14:09:13,888 [Listener at 127.0.0.1/43769] INFO  ozone.HddsDatanodeService (HddsDatanodeService.java:start(233)) - HddsDatanodeService host:fv-az195-209.u3nnjwd0vyge1bu22idnsdeq2e.cx.internal.cloudapp.net ip:10.1.0.24
2022-03-01 14:09:13,955 [Listener at 127.0.0.1/43769] INFO  upgrade.AbstractLayoutVersionManager (AbstractLayoutVersionManager.java:init(79)) - Initializing Layout version manager with metadata layout = SCM_HA (version = 2), software layout = SCM_HA (version = 2)
2022-03-01 14:09:14,169 [Listener at 127.0.0.1/43769] INFO  reflections.Reflections (Reflections.java:scan(232)) - Reflections took 213 ms to scan 7 urls, producing 122 keys and 286 values 
2022-03-01 14:09:14,177 [Listener at 127.0.0.1/43769] INFO  statemachine.DatanodeStateMachine (DatanodeStateMachine.java:getEndPointTaskThreadPoolSize(222)) - Datanode State Machine Task Thread Pool size 2
2022-03-01 14:09:14,205 [Listener at 127.0.0.1/43769] INFO  volume.HddsVolume (HddsVolume.java:<init>(120)) - Creating HddsVolume: /home/runner/work/ozone/ozone/hadoop-ozone/integration-test/target/test-dir/MiniOzoneClusterImpl-4620bb26-f181-4696-b789-f356cb8b6fd6/datanode-0/data-0/containers/hdds of storage type : DISK capacity : 9223372036854775807
2022-03-01 14:09:14,205 [Listener at 127.0.0.1/43769] INFO  volume.MutableVolumeSet (MutableVolumeSet.java:initializeVolumeSet(168)) - Added Volume : /home/runner/work/ozone/ozone/hadoop-ozone/integration-test/target/test-dir/MiniOzoneClusterImpl-4620bb26-f181-4696-b789-f356cb8b6fd6/datanode-0/data-0/containers/hdds to VolumeSet
2022-03-01 14:09:14,206 [Listener at 127.0.0.1/43769] INFO  volume.ThrottledAsyncChecker (ThrottledAsyncChecker.java:schedule(141)) - Scheduling a check for /home/runner/work/ozone/ozone/hadoop-ozone/integration-test/target/test-dir/MiniOzoneClusterImpl-4620bb26-f181-4696-b789-f356cb8b6fd6/datanode-0/data-0/containers/hdds
2022-03-01 14:09:14,217 [Listener at 127.0.0.1/43769] INFO  volume.StorageVolumeChecker (StorageVolumeChecker.java:checkAllVolumes(202)) - Scheduled health check for volume /home/runner/work/ozone/ozone/hadoop-ozone/integration-test/target/test-dir/MiniOzoneClusterImpl-4620bb26-f181-4696-b789-f356cb8b6fd6/datanode-0/data-0/containers/hdds
2022-03-01 14:09:14,258 [Listener at 127.0.0.1/43769] INFO  volume.MutableVolumeSet (MutableVolumeSet.java:initializeVolumeSet(168)) - Added Volume : /home/runner/work/ozone/ozone/hadoop-ozone/integration-test/target/test-dir/MiniOzoneClusterImpl-4620bb26-f181-4696-b789-f356cb8b6fd6/datanode-0/data/ratis to VolumeSet
2022-03-01 14:09:14,259 [Listener at 127.0.0.1/43769] INFO  volume.ThrottledAsyncChecker (ThrottledAsyncChecker.java:schedule(141)) - Scheduling a check for /home/runner/work/ozone/ozone/hadoop-ozone/integration-test/target/test-dir/MiniOzoneClusterImpl-4620bb26-f181-4696-b789-f356cb8b6fd6/datanode-0/data/ratis
2022-03-01 14:09:14,259 [Listener at 127.0.0.1/43769] INFO  volume.StorageVolumeChecker (StorageVolumeChecker.java:checkAllVolumes(202)) - Scheduled health check for volume /home/runner/work/ozone/ozone/hadoop-ozone/integration-test/target/test-dir/MiniOzoneClusterImpl-4620bb26-f181-4696-b789-f356cb8b6fd6/datanode-0/data/ratis
2022-03-01 14:09:14,297 [Thread-1309] INFO  ozoneimpl.ContainerReader (ContainerReader.java:readVolume(172)) - Finish verifying containers on volume /home/runner/work/ozone/ozone/hadoop-ozone/integration-test/target/test-dir/MiniOzoneClusterImpl-4620bb26-f181-4696-b789-f356cb8b6fd6/datanode-0/data-0/containers/hdds
2022-03-01 14:09:14,300 [Listener at 127.0.0.1/43769] INFO  ozoneimpl.OzoneContainer (OzoneContainer.java:buildContainerSet(257)) - Build ContainerSet costs 0s
2022-03-01 14:09:14,303 [Listener at 127.0.0.1/43769] INFO  server.RaftServer (ConfUtils.java:logGet(44)) - raft.rpc.type = GRPC (default)
2022-03-01 14:09:14,303 [Listener at 127.0.0.1/43769] INFO  grpc.GrpcFactory (GrpcFactory.java:checkPooledByteBufAllocatorUseCacheForAllThreads(48)) - PERFORMANCE WARNING: useCacheForAllThreads is true that may cause Netty to create a lot garbage objects and, as a result, trigger GC.
	It is recommended to disable useCacheForAllThreads by setting -Dorg.apache.ratis.thirdparty.io.netty.allocator.useCacheForAllThreads=false in command line.
2022-03-01 14:09:14,303 [Listener at 127.0.0.1/43769] INFO  grpc.GrpcConfigKeys (ConfUtils.java:logGet(44)) - raft.grpc.admin.port = 0 (custom)
2022-03-01 14:09:14,303 [Listener at 127.0.0.1/43769] INFO  grpc.GrpcConfigKeys (ConfUtils.java:logGet(44)) - raft.grpc.client.port = 0 (custom)
2022-03-01 14:09:14,303 [Listener at 127.0.0.1/43769] INFO  grpc.GrpcConfigKeys (ConfUtils.java:logGet(44)) - raft.grpc.server.port = 0 (default)
2022-03-01 14:09:14,303 [Listener at 127.0.0.1/43769] INFO  server.GrpcService (ConfUtils.java:logGet(44)) - raft.grpc.message.size.max = 32MB (=33554432) (custom)
2022-03-01 14:09:14,303 [Listener at 127.0.0.1/43769] INFO  server.RaftServerConfigKeys (ConfUtils.java:logGet(44)) - raft.server.log.appender.buffer.byte-limit = 33554432 (custom)
2022-03-01 14:09:14,303 [Listener at 127.0.0.1/43769] INFO  server.GrpcService (ConfUtils.java:logGet(44)) - raft.grpc.flow.control.window = 5MB (=5242880) (custom)
2022-03-01 14:09:14,304 [Listener at 127.0.0.1/43769] INFO  server.RaftServerConfigKeys (ConfUtils.java:logGet(44)) - raft.server.rpc.request.timeout = 60s (custom)
2022-03-01 14:09:14,309 [Listener at 127.0.0.1/43769] INFO  impl.DataStreamServerImpl (ConfUtils.java:logGet(44)) - raft.datastream.type = DISABLED (default)
2022-03-01 14:09:14,309 [Listener at 127.0.0.1/43769] INFO  server.RaftServerConfigKeys (ConfUtils.java:logGet(44)) - raft.server.rpc.slowness.timeout = 300s (custom)
2022-03-01 14:09:14,309 [Listener at 127.0.0.1/43769] INFO  server.RaftServerConfigKeys (ConfUtils.java:logGet(44)) - raft.server.leaderelection.leader.step-down.wait-time = 10s (default)
2022-03-01 14:09:14,309 [Listener at 127.0.0.1/43769] INFO  server.RaftServerConfigKeys (ConfUtils.java:logGet(44)) - raft.server.storage.dir = [/home/runner/work/ozone/ozone/hadoop-ozone/integration-test/target/test-dir/MiniOzoneClusterImpl-4620bb26-f181-4696-b789-f356cb8b6fd6/datanode-0/data/ratis] (custom)
2022-03-01 14:09:14,313 [Listener at 127.0.0.1/43769] INFO  server.XceiverServerGrpc (XceiverServerGrpc.java:<init>(132)) - GrpcServer channel type EpollServerSocketChannel
2022-03-01 14:09:14,357 [Listener at 127.0.0.1/43769] INFO  http.BaseHttpServer (BaseHttpServer.java:newHttpServer2BuilderForOzone(209)) - Starting Web-server for hddsDatanode at: http://0.0.0.0:0
2022-03-01 14:09:14,358 [Listener at 127.0.0.1/43769] INFO  http.BaseHttpServer (BaseHttpServer.java:<init>(107)) - Hadoop Security Enabled: false Ozone Security Enabled: false Ozone HTTP Security Enabled: false 
2022-03-01 14:09:14,359 [Listener at 127.0.0.1/43769] INFO  server.AuthenticationFilter (AuthenticationFilter.java:constructSecretProvider(240)) - Unable to initialize FileSignerSecretProvider, falling back to use random secrets.
2022-03-01 14:09:14,367 [Listener at 127.0.0.1/43769] WARN  http.HttpRequestLog (HttpRequestLog.java:getRequestLog(103)) - Jetty request log can only be enabled using Log4j
2022-03-01 14:09:14,368 [Listener at 127.0.0.1/43769] INFO  http.HttpServer2 (HttpServer2.java:addGlobalFilter(1030)) - Added global filter 'safety' (class=org.apache.hadoop.hdds.server.http.HttpServer2$QuotingInputFilter)
2022-03-01 14:09:14,370 [Listener at 127.0.0.1/43769] INFO  http.HttpServer2 (HttpServer2.java:addFilter(1006)) - Added filter static_user_filter (class=org.apache.hadoop.http.lib.StaticUserWebFilter$StaticUserFilter) to context hddsDatanode
2022-03-01 14:09:14,370 [Listener at 127.0.0.1/43769] INFO  http.HttpServer2 (HttpServer2.java:addFilter(1014)) - Added filter static_user_filter (class=org.apache.hadoop.http.lib.StaticUserWebFilter$StaticUserFilter) to context static
2022-03-01 14:09:14,370 [Listener at 127.0.0.1/43769] INFO  http.HttpServer2 (HttpServer2.java:addFilter(1014)) - Added filter static_user_filter (class=org.apache.hadoop.http.lib.StaticUserWebFilter$StaticUserFilter) to context logs
2022-03-01 14:09:14,371 [Listener at 127.0.0.1/43769] INFO  http.HttpServer2 (HttpServer2.java:bindListener(1249)) - Jetty bound to port 40913
2022-03-01 14:09:14,371 [Listener at 127.0.0.1/43769] INFO  server.Server (Server.java:doStart(375)) - jetty-9.4.43.v20210629; built: 2021-06-30T11:07:22.254Z; git: 526006ecfa3af7f1a27ef3a288e2bef7ea9dd7e8; jvm 1.8.0_322-b06
2022-03-01 14:09:14,383 [Listener at 127.0.0.1/43769] INFO  server.session (DefaultSessionIdManager.java:doStart(334)) - DefaultSessionIdManager workerName=node0
2022-03-01 14:09:14,383 [Listener at 127.0.0.1/43769] INFO  server.session (DefaultSessionIdManager.java:doStart(339)) - No SessionScavenger set, using defaults
2022-03-01 14:09:14,383 [Listener at 127.0.0.1/43769] INFO  server.session (HouseKeeper.java:startScavenging(132)) - node0 Scavenging every 600000ms
2022-03-01 14:09:14,385 [Listener at 127.0.0.1/43769] INFO  handler.ContextHandler (ContextHandler.java:doStart(915)) - Started o.e.j.s.ServletContextHandler@7153164a{logs,/logs,file:///home/runner/work/ozone/ozone/hadoop-ozone/integration-test/target/log,AVAILABLE}
2022-03-01 14:09:14,386 [Listener at 127.0.0.1/43769] INFO  handler.ContextHandler (ContextHandler.java:doStart(915)) - Started o.e.j.s.ServletContextHandler@5d4ece5{static,/static,jar:file:/home/runner/.m2/repository/org/apache/ozone/hdds-container-service/1.3.0-SNAPSHOT/hdds-container-service-1.3.0-SNAPSHOT.jar!/webapps/static,AVAILABLE}
2022-03-01 14:09:14,490 [Listener at 127.0.0.1/43769] INFO  handler.ContextHandler (ContextHandler.java:doStart(915)) - Started o.e.j.w.WebAppContext@3c01ca5a{hddsDatanode,/,file:///tmp/jetty-0_0_0_0-40913-hdds-container-service-1_3_0-SNAPSHOT_jar-_-any-538918456667995424/webapp/,AVAILABLE}{jar:file:/home/runner/.m2/repository/org/apache/ozone/hdds-container-service/1.3.0-SNAPSHOT/hdds-container-service-1.3.0-SNAPSHOT.jar!/webapps/hddsDatanode}
2022-03-01 14:09:14,518 [Listener at 127.0.0.1/43769] INFO  server.AbstractConnector (AbstractConnector.java:doStart(331)) - Started ServerConnector@7273bb91{HTTP/1.1, (http/1.1)}{0.0.0.0:40913}
2022-03-01 14:09:14,519 [Listener at 127.0.0.1/43769] INFO  server.Server (Server.java:doStart(415)) - Started @218761ms
2022-03-01 14:09:14,519 [Listener at 127.0.0.1/43769] WARN  impl.MetricsSystemImpl (MetricsSystemImpl.java:register(279)) - Sink prometheus already exists!
2022-03-01 14:09:14,521 [Listener at 127.0.0.1/43769] INFO  http.BaseHttpServer (BaseHttpServer.java:updateConnectorAddress(329)) - HTTP server of hddsDatanode listening at http://0.0.0.0:40913
2022-03-01 14:09:14,536 [Listener at 127.0.0.1/43769] WARN  impl.MetricRegistriesImpl (MetricRegistriesImpl.java:addReporterRegistration(111)) - New reporters are added after registries were created. Some metrics will be missing from the reporter. Please add reporter before adding any new registry.
2022-03-01 14:09:14,536 [Listener at 127.0.0.1/43769] WARN  impl.MetricRegistriesImpl (MetricRegistriesImpl.java:addReporterRegistration(111)) - New reporters are added after registries were created. Some metrics will be missing from the reporter. Please add reporter before adding any new registry.
2022-03-01 14:09:14,536 [Listener at 127.0.0.1/43769] INFO  impl.MetricsSystemImpl (MetricsSystemImpl.java:init(158)) - HddsDatanode metrics system started (again)
2022-03-01 14:09:14,549 [Datanode State Machine Daemon Thread] INFO  statemachine.DatanodeStateMachine (DatanodeStateMachine.java:lambda$startDaemon$0(470)) - Ozone container server started.
2022-03-01 14:09:14,605 [org.apache.hadoop.util.JvmPauseMonitor$Monitor@240bdaa] INFO  util.JvmPauseMonitor (JvmPauseMonitor.java:run(188)) - Starting JVM pause monitor
2022-03-01 14:09:14,611 [Datanode State Machine Task Thread - 0] INFO  datanode.InitDatanodeState (InitDatanodeState.java:persistContainerDatanodeDetails(138)) - DatanodeDetails is persisted to /home/runner/work/ozone/ozone/hadoop-ozone/integration-test/target/test-dir/MiniOzoneClusterImpl-4620bb26-f181-4696-b789-f356cb8b6fd6/datanode-0/meta/datanode.id
2022-03-01 14:09:14,617 [Listener at 127.0.0.1/43769] INFO  ozone.HddsDatanodeService (HddsDatanodeService.java:start(233)) - HddsDatanodeService host:fv-az195-209.u3nnjwd0vyge1bu22idnsdeq2e.cx.internal.cloudapp.net ip:10.1.0.24
2022-03-01 14:09:14,703 [Listener at 127.0.0.1/43769] INFO  upgrade.AbstractLayoutVersionManager (AbstractLayoutVersionManager.java:init(79)) - Initializing Layout version manager with metadata layout = SCM_HA (version = 2), software layout = SCM_HA (version = 2)
2022-03-01 14:09:14,755 [om1@group-C5BA1605619E-FollowerState] INFO  impl.FollowerState (FollowerState.java:run(134)) - om1@group-C5BA1605619E-FollowerState: change to CANDIDATE, lastRpcElapsedTime:1151205360ns, electionTimeout:1147ms
2022-03-01 14:09:14,756 [om1@group-C5BA1605619E-FollowerState] INFO  impl.RoleInfo (RoleInfo.java:shutdownFollowerState(108)) - om1: shutdown om1@group-C5BA1605619E-FollowerState
2022-03-01 14:09:14,756 [om1@group-C5BA1605619E-FollowerState] INFO  server.RaftServer$Division (RaftServerImpl.java:setRole(290)) - om1@group-C5BA1605619E: changes role from  FOLLOWER to CANDIDATE at term 0 for changeToCandidate
2022-03-01 14:09:14,756 [om1@group-C5BA1605619E-FollowerState] INFO  server.RaftServerConfigKeys (ConfUtils.java:logGet(44)) - raft.server.leaderelection.pre-vote = false (custom)
2022-03-01 14:09:14,756 [om1@group-C5BA1605619E-FollowerState] INFO  impl.RoleInfo (RoleInfo.java:updateAndGet(130)) - om1: start om1@group-C5BA1605619E-LeaderElection49
2022-03-01 14:09:14,815 [om1@group-C5BA1605619E-LeaderElection49] INFO  impl.LeaderElection (LeaderElection.java:askForVotes(306)) - om1@group-C5BA1605619E-LeaderElection49 ELECTION round 0: submit vote requests at term 1 for -1: [om1|rpc:localhost:9872|priority:0], old=null
2022-03-01 14:09:14,815 [om1@group-C5BA1605619E-LeaderElection49] INFO  impl.LeaderElection (LeaderElection.java:askForVotes(308)) - om1@group-C5BA1605619E-LeaderElection49 ELECTION round 0: result PASSED (term=1)
2022-03-01 14:09:14,815 [om1@group-C5BA1605619E-LeaderElection49] INFO  impl.RoleInfo (RoleInfo.java:shutdownLeaderElection(121)) - om1: shutdown om1@group-C5BA1605619E-LeaderElection49
2022-03-01 14:09:14,815 [om1@group-C5BA1605619E-LeaderElection49] INFO  server.RaftServer$Division (RaftServerImpl.java:setRole(290)) - om1@group-C5BA1605619E: changes role from CANDIDATE to LEADER at term 1 for changeToLeader
2022-03-01 14:09:14,815 [om1@group-C5BA1605619E-LeaderElection49] INFO  server.RaftServer$Division (ServerState.java:setLeader(285)) - om1@group-C5BA1605619E: change Leader from null to om1 at term 1 for becomeLeader, leader elected after 1336ms
2022-03-01 14:09:14,815 [om1@group-C5BA1605619E-LeaderElection49] INFO  server.RaftServerConfigKeys (ConfUtils.java:logGet(44)) - raft.server.staging.catchup.gap = 1000 (default)
2022-03-01 14:09:14,816 [om1@group-C5BA1605619E-LeaderElection49] INFO  server.RaftServerConfigKeys (ConfUtils.java:logGet(44)) - raft.server.write.element-limit = 4096 (default)
2022-03-01 14:09:14,816 [om1@group-C5BA1605619E-LeaderElection49] INFO  server.RaftServerConfigKeys (ConfUtils.java:logGet(44)) - raft.server.write.byte-limit = 64MB (=67108864) (default)
2022-03-01 14:09:14,816 [om1@group-C5BA1605619E-LeaderElection49] INFO  server.RaftServerConfigKeys (ConfUtils.java:logGet(44)) - raft.server.watch.timeout = 10s (default)
2022-03-01 14:09:14,816 [om1@group-C5BA1605619E-LeaderElection49] INFO  server.RaftServerConfigKeys (ConfUtils.java:logGet(44)) - raft.server.watch.timeout.denomination = 1s (default)
2022-03-01 14:09:14,816 [om1@group-C5BA1605619E-LeaderElection49] INFO  server.RaftServerConfigKeys (ConfUtils.java:logGet(44)) - raft.server.watch.element-limit = 65536 (default)
2022-03-01 14:09:14,816 [om1@group-C5BA1605619E-LeaderElection49] INFO  server.RaftServerConfigKeys (ConfUtils.java:logGet(44)) - raft.server.write.element-limit = 4096 (default)
2022-03-01 14:09:14,816 [om1@group-C5BA1605619E-LeaderElection49] INFO  server.RaftServerConfigKeys (ConfUtils.java:logGet(44)) - raft.server.write.follower.gap.ratio.max = -1.0 (default)
2022-03-01 14:09:14,816 [om1@group-C5BA1605619E-LeaderElection49] INFO  impl.RoleInfo (RoleInfo.java:updateAndGet(130)) - om1: start om1@group-C5BA1605619E-LeaderStateImpl
2022-03-01 14:09:14,816 [om1@group-C5BA1605619E-LeaderElection49] INFO  segmented.SegmentedRaftLogWorker (SegmentedRaftLogWorker.java:startLogSegment(394)) - om1@group-C5BA1605619E-SegmentedRaftLogWorker: Starting segment from index:0
2022-03-01 14:09:14,833 [om1@group-C5BA1605619E-SegmentedRaftLogWorker] INFO  segmented.SegmentedRaftLogWorker (SegmentedRaftLogWorker.java:execute(601)) - om1@group-C5BA1605619E-SegmentedRaftLogWorker: created new log segment /home/runner/work/ozone/ozone/hadoop-ozone/integration-test/target/test-dir/MiniOzoneClusterImpl-4620bb26-f181-4696-b789-f356cb8b6fd6/ozone-meta/ratis/bf265839-605b-3f16-9796-c5ba1605619e/current/log_inprogress_0
2022-03-01 14:09:14,839 [om1@group-C5BA1605619E-LeaderElection49] INFO  server.RaftServer$Division (ServerState.java:setRaftConf(387)) - om1@group-C5BA1605619E: set configuration 0: [om1|rpc:localhost:9872|admin:|client:|dataStream:|priority:0], old=null
2022-03-01 14:09:14,865 [om1@group-C5BA1605619E-StateMachineUpdater] INFO  ratis.OzoneManagerStateMachine (OzoneManagerStateMachine.java:notifyConfigurationChanged(188)) - Received Configuration change notification from Ratis. New Peer list:
[id: "om1"
address: "localhost:9872"
]
2022-03-01 14:09:14,924 [Listener at 127.0.0.1/43769] INFO  reflections.Reflections (Reflections.java:scan(232)) - Reflections took 214 ms to scan 7 urls, producing 122 keys and 286 values 
2022-03-01 14:09:14,942 [Listener at 127.0.0.1/43769] INFO  statemachine.DatanodeStateMachine (DatanodeStateMachine.java:getEndPointTaskThreadPoolSize(222)) - Datanode State Machine Task Thread Pool size 2
2022-03-01 14:09:14,943 [Listener at 127.0.0.1/43769] INFO  volume.HddsVolume (HddsVolume.java:<init>(120)) - Creating HddsVolume: /home/runner/work/ozone/ozone/hadoop-ozone/integration-test/target/test-dir/MiniOzoneClusterImpl-4620bb26-f181-4696-b789-f356cb8b6fd6/datanode-1/data-0/containers/hdds of storage type : DISK capacity : 9223372036854775807
2022-03-01 14:09:14,944 [Listener at 127.0.0.1/43769] INFO  volume.MutableVolumeSet (MutableVolumeSet.java:initializeVolumeSet(168)) - Added Volume : /home/runner/work/ozone/ozone/hadoop-ozone/integration-test/target/test-dir/MiniOzoneClusterImpl-4620bb26-f181-4696-b789-f356cb8b6fd6/datanode-1/data-0/containers/hdds to VolumeSet
2022-03-01 14:09:14,944 [Listener at 127.0.0.1/43769] INFO  volume.ThrottledAsyncChecker (ThrottledAsyncChecker.java:schedule(141)) - Scheduling a check for /home/runner/work/ozone/ozone/hadoop-ozone/integration-test/target/test-dir/MiniOzoneClusterImpl-4620bb26-f181-4696-b789-f356cb8b6fd6/datanode-1/data-0/containers/hdds
2022-03-01 14:09:14,954 [Listener at 127.0.0.1/43769] INFO  volume.StorageVolumeChecker (StorageVolumeChecker.java:checkAllVolumes(202)) - Scheduled health check for volume /home/runner/work/ozone/ozone/hadoop-ozone/integration-test/target/test-dir/MiniOzoneClusterImpl-4620bb26-f181-4696-b789-f356cb8b6fd6/datanode-1/data-0/containers/hdds
2022-03-01 14:09:15,001 [Listener at 127.0.0.1/43769] INFO  volume.MutableVolumeSet (MutableVolumeSet.java:initializeVolumeSet(168)) - Added Volume : /home/runner/work/ozone/ozone/hadoop-ozone/integration-test/target/test-dir/MiniOzoneClusterImpl-4620bb26-f181-4696-b789-f356cb8b6fd6/datanode-1/data/ratis to VolumeSet
2022-03-01 14:09:15,022 [Listener at 127.0.0.1/43769] INFO  volume.ThrottledAsyncChecker (ThrottledAsyncChecker.java:schedule(141)) - Scheduling a check for /home/runner/work/ozone/ozone/hadoop-ozone/integration-test/target/test-dir/MiniOzoneClusterImpl-4620bb26-f181-4696-b789-f356cb8b6fd6/datanode-1/data/ratis
2022-03-01 14:09:15,046 [Listener at 127.0.0.1/43769] INFO  volume.StorageVolumeChecker (StorageVolumeChecker.java:checkAllVolumes(202)) - Scheduled health check for volume /home/runner/work/ozone/ozone/hadoop-ozone/integration-test/target/test-dir/MiniOzoneClusterImpl-4620bb26-f181-4696-b789-f356cb8b6fd6/datanode-1/data/ratis
2022-03-01 14:09:15,075 [Thread-1323] INFO  ozoneimpl.ContainerReader (ContainerReader.java:readVolume(172)) - Finish verifying containers on volume /home/runner/work/ozone/ozone/hadoop-ozone/integration-test/target/test-dir/MiniOzoneClusterImpl-4620bb26-f181-4696-b789-f356cb8b6fd6/datanode-1/data-0/containers/hdds
2022-03-01 14:09:15,075 [Listener at 127.0.0.1/43769] INFO  ozoneimpl.OzoneContainer (OzoneContainer.java:buildContainerSet(257)) - Build ContainerSet costs 0s
2022-03-01 14:09:15,077 [Listener at 127.0.0.1/43769] INFO  server.RaftServer (ConfUtils.java:logGet(44)) - raft.rpc.type = GRPC (default)
2022-03-01 14:09:15,077 [Listener at 127.0.0.1/43769] INFO  grpc.GrpcFactory (GrpcFactory.java:checkPooledByteBufAllocatorUseCacheForAllThreads(48)) - PERFORMANCE WARNING: useCacheForAllThreads is true that may cause Netty to create a lot garbage objects and, as a result, trigger GC.
	It is recommended to disable useCacheForAllThreads by setting -Dorg.apache.ratis.thirdparty.io.netty.allocator.useCacheForAllThreads=false in command line.
2022-03-01 14:09:15,077 [Listener at 127.0.0.1/43769] INFO  grpc.GrpcConfigKeys (ConfUtils.java:logGet(44)) - raft.grpc.admin.port = 0 (custom)
2022-03-01 14:09:15,077 [Listener at 127.0.0.1/43769] INFO  grpc.GrpcConfigKeys (ConfUtils.java:logGet(44)) - raft.grpc.client.port = 0 (custom)
2022-03-01 14:09:15,078 [Listener at 127.0.0.1/43769] INFO  grpc.GrpcConfigKeys (ConfUtils.java:logGet(44)) - raft.grpc.server.port = 0 (default)
2022-03-01 14:09:15,078 [Listener at 127.0.0.1/43769] INFO  server.GrpcService (ConfUtils.java:logGet(44)) - raft.grpc.message.size.max = 32MB (=33554432) (custom)
2022-03-01 14:09:15,078 [Listener at 127.0.0.1/43769] INFO  server.RaftServerConfigKeys (ConfUtils.java:logGet(44)) - raft.server.log.appender.buffer.byte-limit = 33554432 (custom)
2022-03-01 14:09:15,078 [Listener at 127.0.0.1/43769] INFO  server.GrpcService (ConfUtils.java:logGet(44)) - raft.grpc.flow.control.window = 5MB (=5242880) (custom)
2022-03-01 14:09:15,078 [Listener at 127.0.0.1/43769] INFO  server.RaftServerConfigKeys (ConfUtils.java:logGet(44)) - raft.server.rpc.request.timeout = 60s (custom)
2022-03-01 14:09:15,079 [Listener at 127.0.0.1/43769] INFO  impl.DataStreamServerImpl (ConfUtils.java:logGet(44)) - raft.datastream.type = DISABLED (default)
2022-03-01 14:09:15,080 [Listener at 127.0.0.1/43769] INFO  server.RaftServerConfigKeys (ConfUtils.java:logGet(44)) - raft.server.rpc.slowness.timeout = 300s (custom)
2022-03-01 14:09:15,080 [Listener at 127.0.0.1/43769] INFO  server.RaftServerConfigKeys (ConfUtils.java:logGet(44)) - raft.server.leaderelection.leader.step-down.wait-time = 10s (default)
2022-03-01 14:09:15,080 [Listener at 127.0.0.1/43769] INFO  server.RaftServerConfigKeys (ConfUtils.java:logGet(44)) - raft.server.storage.dir = [/home/runner/work/ozone/ozone/hadoop-ozone/integration-test/target/test-dir/MiniOzoneClusterImpl-4620bb26-f181-4696-b789-f356cb8b6fd6/datanode-1/data/ratis] (custom)
2022-03-01 14:09:15,081 [Listener at 127.0.0.1/43769] INFO  server.XceiverServerGrpc (XceiverServerGrpc.java:<init>(132)) - GrpcServer channel type EpollServerSocketChannel
2022-03-01 14:09:15,089 [Listener at 127.0.0.1/43769] INFO  http.BaseHttpServer (BaseHttpServer.java:newHttpServer2BuilderForOzone(209)) - Starting Web-server for hddsDatanode at: http://0.0.0.0:0
2022-03-01 14:09:15,090 [Listener at 127.0.0.1/43769] INFO  http.BaseHttpServer (BaseHttpServer.java:<init>(107)) - Hadoop Security Enabled: false Ozone Security Enabled: false Ozone HTTP Security Enabled: false 
2022-03-01 14:09:15,090 [Listener at 127.0.0.1/43769] INFO  server.AuthenticationFilter (AuthenticationFilter.java:constructSecretProvider(240)) - Unable to initialize FileSignerSecretProvider, falling back to use random secrets.
2022-03-01 14:09:15,109 [Listener at 127.0.0.1/43769] WARN  http.HttpRequestLog (HttpRequestLog.java:getRequestLog(103)) - Jetty request log can only be enabled using Log4j
2022-03-01 14:09:15,110 [Listener at 127.0.0.1/43769] INFO  http.HttpServer2 (HttpServer2.java:addGlobalFilter(1030)) - Added global filter 'safety' (class=org.apache.hadoop.hdds.server.http.HttpServer2$QuotingInputFilter)
2022-03-01 14:09:15,110 [Listener at 127.0.0.1/43769] INFO  http.HttpServer2 (HttpServer2.java:addFilter(1006)) - Added filter static_user_filter (class=org.apache.hadoop.http.lib.StaticUserWebFilter$StaticUserFilter) to context hddsDatanode
2022-03-01 14:09:15,110 [Listener at 127.0.0.1/43769] INFO  http.HttpServer2 (HttpServer2.java:addFilter(1014)) - Added filter static_user_filter (class=org.apache.hadoop.http.lib.StaticUserWebFilter$StaticUserFilter) to context static
2022-03-01 14:09:15,111 [Listener at 127.0.0.1/43769] INFO  http.HttpServer2 (HttpServer2.java:addFilter(1014)) - Added filter static_user_filter (class=org.apache.hadoop.http.lib.StaticUserWebFilter$StaticUserFilter) to context logs
2022-03-01 14:09:15,116 [Listener at 127.0.0.1/43769] INFO  http.HttpServer2 (HttpServer2.java:bindListener(1249)) - Jetty bound to port 40371
2022-03-01 14:09:15,126 [Listener at 127.0.0.1/43769] INFO  server.Server (Server.java:doStart(375)) - jetty-9.4.43.v20210629; built: 2021-06-30T11:07:22.254Z; git: 526006ecfa3af7f1a27ef3a288e2bef7ea9dd7e8; jvm 1.8.0_322-b06
2022-03-01 14:09:15,198 [Listener at 127.0.0.1/43769] INFO  server.session (DefaultSessionIdManager.java:doStart(334)) - DefaultSessionIdManager workerName=node0
2022-03-01 14:09:15,198 [Listener at 127.0.0.1/43769] INFO  server.session (DefaultSessionIdManager.java:doStart(339)) - No SessionScavenger set, using defaults
2022-03-01 14:09:15,198 [Listener at 127.0.0.1/43769] INFO  server.session (HouseKeeper.java:startScavenging(132)) - node0 Scavenging every 660000ms
2022-03-01 14:09:15,199 [Listener at 127.0.0.1/43769] INFO  handler.ContextHandler (ContextHandler.java:doStart(915)) - Started o.e.j.s.ServletContextHandler@533ad9b{logs,/logs,file:///home/runner/work/ozone/ozone/hadoop-ozone/integration-test/target/log,AVAILABLE}
2022-03-01 14:09:15,199 [Listener at 127.0.0.1/43769] INFO  handler.ContextHandler (ContextHandler.java:doStart(915)) - Started o.e.j.s.ServletContextHandler@5b21e8b0{static,/static,jar:file:/home/runner/.m2/repository/org/apache/ozone/hdds-container-service/1.3.0-SNAPSHOT/hdds-container-service-1.3.0-SNAPSHOT.jar!/webapps/static,AVAILABLE}
2022-03-01 14:09:15,318 [Listener at 127.0.0.1/43769] INFO  handler.ContextHandler (ContextHandler.java:doStart(915)) - Started o.e.j.w.WebAppContext@2ceb0ef3{hddsDatanode,/,file:///tmp/jetty-0_0_0_0-40371-hdds-container-service-1_3_0-SNAPSHOT_jar-_-any-6307821434916085970/webapp/,AVAILABLE}{jar:file:/home/runner/.m2/repository/org/apache/ozone/hdds-container-service/1.3.0-SNAPSHOT/hdds-container-service-1.3.0-SNAPSHOT.jar!/webapps/hddsDatanode}
2022-03-01 14:09:15,345 [Listener at 127.0.0.1/43769] INFO  server.AbstractConnector (AbstractConnector.java:doStart(331)) - Started ServerConnector@2d30bd40{HTTP/1.1, (http/1.1)}{0.0.0.0:40371}
2022-03-01 14:09:15,345 [Listener at 127.0.0.1/43769] INFO  server.Server (Server.java:doStart(415)) - Started @219588ms
2022-03-01 14:09:15,345 [Listener at 127.0.0.1/43769] WARN  impl.MetricsSystemImpl (MetricsSystemImpl.java:register(279)) - Sink prometheus already exists!
2022-03-01 14:09:15,346 [Listener at 127.0.0.1/43769] INFO  http.BaseHttpServer (BaseHttpServer.java:updateConnectorAddress(329)) - HTTP server of hddsDatanode listening at http://0.0.0.0:40371
2022-03-01 14:09:15,389 [Listener at 127.0.0.1/43769] WARN  impl.MetricRegistriesImpl (MetricRegistriesImpl.java:addReporterRegistration(111)) - New reporters are added after registries were created. Some metrics will be missing from the reporter. Please add reporter before adding any new registry.
2022-03-01 14:09:15,389 [Listener at 127.0.0.1/43769] WARN  impl.MetricRegistriesImpl (MetricRegistriesImpl.java:addReporterRegistration(111)) - New reporters are added after registries were created. Some metrics will be missing from the reporter. Please add reporter before adding any new registry.
2022-03-01 14:09:15,389 [Listener at 127.0.0.1/43769] INFO  impl.MetricsSystemImpl (MetricsSystemImpl.java:init(158)) - HddsDatanode metrics system started (again)
2022-03-01 14:09:15,397 [Datanode State Machine Daemon Thread] INFO  statemachine.DatanodeStateMachine (DatanodeStateMachine.java:lambda$startDaemon$0(470)) - Ozone container server started.
2022-03-01 14:09:15,432 [Listener at 127.0.0.1/43769] INFO  ozone.HddsDatanodeService (HddsDatanodeService.java:start(233)) - HddsDatanodeService host:fv-az195-209.u3nnjwd0vyge1bu22idnsdeq2e.cx.internal.cloudapp.net ip:10.1.0.24
2022-03-01 14:09:15,476 [org.apache.hadoop.util.JvmPauseMonitor$Monitor@3de7840e] INFO  util.JvmPauseMonitor (JvmPauseMonitor.java:run(188)) - Starting JVM pause monitor
2022-03-01 14:09:15,477 [Datanode State Machine Task Thread - 0] INFO  datanode.InitDatanodeState (InitDatanodeState.java:persistContainerDatanodeDetails(138)) - DatanodeDetails is persisted to /home/runner/work/ozone/ozone/hadoop-ozone/integration-test/target/test-dir/MiniOzoneClusterImpl-4620bb26-f181-4696-b789-f356cb8b6fd6/datanode-1/meta/datanode.id
2022-03-01 14:09:15,493 [Listener at 127.0.0.1/43769] INFO  upgrade.AbstractLayoutVersionManager (AbstractLayoutVersionManager.java:init(79)) - Initializing Layout version manager with metadata layout = SCM_HA (version = 2), software layout = SCM_HA (version = 2)
2022-03-01 14:09:15,586 [Listener at 127.0.0.1/43769] INFO  reflections.Reflections (Reflections.java:scan(232)) - Reflections took 92 ms to scan 7 urls, producing 122 keys and 286 values 
2022-03-01 14:09:15,592 [Listener at 127.0.0.1/43769] INFO  statemachine.DatanodeStateMachine (DatanodeStateMachine.java:getEndPointTaskThreadPoolSize(222)) - Datanode State Machine Task Thread Pool size 2
2022-03-01 14:09:15,607 [Listener at 127.0.0.1/43769] INFO  volume.HddsVolume (HddsVolume.java:<init>(120)) - Creating HddsVolume: /home/runner/work/ozone/ozone/hadoop-ozone/integration-test/target/test-dir/MiniOzoneClusterImpl-4620bb26-f181-4696-b789-f356cb8b6fd6/datanode-2/data-0/containers/hdds of storage type : DISK capacity : 9223372036854775807
2022-03-01 14:09:15,607 [Listener at 127.0.0.1/43769] INFO  volume.MutableVolumeSet (MutableVolumeSet.java:initializeVolumeSet(168)) - Added Volume : /home/runner/work/ozone/ozone/hadoop-ozone/integration-test/target/test-dir/MiniOzoneClusterImpl-4620bb26-f181-4696-b789-f356cb8b6fd6/datanode-2/data-0/containers/hdds to VolumeSet
2022-03-01 14:09:15,607 [Listener at 127.0.0.1/43769] INFO  volume.ThrottledAsyncChecker (ThrottledAsyncChecker.java:schedule(141)) - Scheduling a check for /home/runner/work/ozone/ozone/hadoop-ozone/integration-test/target/test-dir/MiniOzoneClusterImpl-4620bb26-f181-4696-b789-f356cb8b6fd6/datanode-2/data-0/containers/hdds
2022-03-01 14:09:15,620 [Listener at 127.0.0.1/43769] INFO  volume.StorageVolumeChecker (StorageVolumeChecker.java:checkAllVolumes(202)) - Scheduled health check for volume /home/runner/work/ozone/ozone/hadoop-ozone/integration-test/target/test-dir/MiniOzoneClusterImpl-4620bb26-f181-4696-b789-f356cb8b6fd6/datanode-2/data-0/containers/hdds
2022-03-01 14:09:15,659 [Listener at 127.0.0.1/43769] INFO  volume.MutableVolumeSet (MutableVolumeSet.java:initializeVolumeSet(168)) - Added Volume : /home/runner/work/ozone/ozone/hadoop-ozone/integration-test/target/test-dir/MiniOzoneClusterImpl-4620bb26-f181-4696-b789-f356cb8b6fd6/datanode-2/data/ratis to VolumeSet
2022-03-01 14:09:15,660 [Listener at 127.0.0.1/43769] INFO  volume.ThrottledAsyncChecker (ThrottledAsyncChecker.java:schedule(141)) - Scheduling a check for /home/runner/work/ozone/ozone/hadoop-ozone/integration-test/target/test-dir/MiniOzoneClusterImpl-4620bb26-f181-4696-b789-f356cb8b6fd6/datanode-2/data/ratis
2022-03-01 14:09:15,660 [Listener at 127.0.0.1/43769] INFO  volume.StorageVolumeChecker (StorageVolumeChecker.java:checkAllVolumes(202)) - Scheduled health check for volume /home/runner/work/ozone/ozone/hadoop-ozone/integration-test/target/test-dir/MiniOzoneClusterImpl-4620bb26-f181-4696-b789-f356cb8b6fd6/datanode-2/data/ratis
2022-03-01 14:09:15,695 [Thread-1335] INFO  ozoneimpl.ContainerReader (ContainerReader.java:readVolume(172)) - Finish verifying containers on volume /home/runner/work/ozone/ozone/hadoop-ozone/integration-test/target/test-dir/MiniOzoneClusterImpl-4620bb26-f181-4696-b789-f356cb8b6fd6/datanode-2/data-0/containers/hdds
2022-03-01 14:09:15,695 [Listener at 127.0.0.1/43769] INFO  ozoneimpl.OzoneContainer (OzoneContainer.java:buildContainerSet(257)) - Build ContainerSet costs 0s
2022-03-01 14:09:15,697 [Listener at 127.0.0.1/43769] INFO  server.RaftServer (ConfUtils.java:logGet(44)) - raft.rpc.type = GRPC (default)
2022-03-01 14:09:15,697 [Listener at 127.0.0.1/43769] INFO  grpc.GrpcFactory (GrpcFactory.java:checkPooledByteBufAllocatorUseCacheForAllThreads(48)) - PERFORMANCE WARNING: useCacheForAllThreads is true that may cause Netty to create a lot garbage objects and, as a result, trigger GC.
	It is recommended to disable useCacheForAllThreads by setting -Dorg.apache.ratis.thirdparty.io.netty.allocator.useCacheForAllThreads=false in command line.
2022-03-01 14:09:15,697 [Listener at 127.0.0.1/43769] INFO  grpc.GrpcConfigKeys (ConfUtils.java:logGet(44)) - raft.grpc.admin.port = 0 (custom)
2022-03-01 14:09:15,698 [Listener at 127.0.0.1/43769] INFO  grpc.GrpcConfigKeys (ConfUtils.java:logGet(44)) - raft.grpc.client.port = 0 (custom)
2022-03-01 14:09:15,698 [Listener at 127.0.0.1/43769] INFO  grpc.GrpcConfigKeys (ConfUtils.java:logGet(44)) - raft.grpc.server.port = 0 (default)
2022-03-01 14:09:15,698 [Listener at 127.0.0.1/43769] INFO  server.GrpcService (ConfUtils.java:logGet(44)) - raft.grpc.message.size.max = 32MB (=33554432) (custom)
2022-03-01 14:09:15,698 [Listener at 127.0.0.1/43769] INFO  server.RaftServerConfigKeys (ConfUtils.java:logGet(44)) - raft.server.log.appender.buffer.byte-limit = 33554432 (custom)
2022-03-01 14:09:15,698 [Listener at 127.0.0.1/43769] INFO  server.GrpcService (ConfUtils.java:logGet(44)) - raft.grpc.flow.control.window = 5MB (=5242880) (custom)
2022-03-01 14:09:15,698 [Listener at 127.0.0.1/43769] INFO  server.RaftServerConfigKeys (ConfUtils.java:logGet(44)) - raft.server.rpc.request.timeout = 60s (custom)
2022-03-01 14:09:15,699 [Listener at 127.0.0.1/43769] INFO  impl.DataStreamServerImpl (ConfUtils.java:logGet(44)) - raft.datastream.type = DISABLED (default)
2022-03-01 14:09:15,699 [Listener at 127.0.0.1/43769] INFO  server.RaftServerConfigKeys (ConfUtils.java:logGet(44)) - raft.server.rpc.slowness.timeout = 300s (custom)
2022-03-01 14:09:15,699 [Listener at 127.0.0.1/43769] INFO  server.RaftServerConfigKeys (ConfUtils.java:logGet(44)) - raft.server.leaderelection.leader.step-down.wait-time = 10s (default)
2022-03-01 14:09:15,700 [Listener at 127.0.0.1/43769] INFO  server.RaftServerConfigKeys (ConfUtils.java:logGet(44)) - raft.server.storage.dir = [/home/runner/work/ozone/ozone/hadoop-ozone/integration-test/target/test-dir/MiniOzoneClusterImpl-4620bb26-f181-4696-b789-f356cb8b6fd6/datanode-2/data/ratis] (custom)
2022-03-01 14:09:15,709 [Listener at 127.0.0.1/43769] INFO  server.XceiverServerGrpc (XceiverServerGrpc.java:<init>(132)) - GrpcServer channel type EpollServerSocketChannel
2022-03-01 14:09:15,716 [Listener at 127.0.0.1/43769] INFO  http.BaseHttpServer (BaseHttpServer.java:newHttpServer2BuilderForOzone(209)) - Starting Web-server for hddsDatanode at: http://0.0.0.0:0
2022-03-01 14:09:15,716 [Listener at 127.0.0.1/43769] INFO  http.BaseHttpServer (BaseHttpServer.java:<init>(107)) - Hadoop Security Enabled: false Ozone Security Enabled: false Ozone HTTP Security Enabled: false 
2022-03-01 14:09:15,748 [Listener at 127.0.0.1/43769] INFO  server.AuthenticationFilter (AuthenticationFilter.java:constructSecretProvider(240)) - Unable to initialize FileSignerSecretProvider, falling back to use random secrets.
2022-03-01 14:09:15,754 [Listener at 127.0.0.1/43769] WARN  http.HttpRequestLog (HttpRequestLog.java:getRequestLog(103)) - Jetty request log can only be enabled using Log4j
2022-03-01 14:09:15,755 [Listener at 127.0.0.1/43769] INFO  http.HttpServer2 (HttpServer2.java:addGlobalFilter(1030)) - Added global filter 'safety' (class=org.apache.hadoop.hdds.server.http.HttpServer2$QuotingInputFilter)
2022-03-01 14:09:15,756 [Listener at 127.0.0.1/43769] INFO  http.HttpServer2 (HttpServer2.java:addFilter(1006)) - Added filter static_user_filter (class=org.apache.hadoop.http.lib.StaticUserWebFilter$StaticUserFilter) to context hddsDatanode
2022-03-01 14:09:15,756 [Listener at 127.0.0.1/43769] INFO  http.HttpServer2 (HttpServer2.java:addFilter(1014)) - Added filter static_user_filter (class=org.apache.hadoop.http.lib.StaticUserWebFilter$StaticUserFilter) to context logs
2022-03-01 14:09:15,756 [Listener at 127.0.0.1/43769] INFO  http.HttpServer2 (HttpServer2.java:addFilter(1014)) - Added filter static_user_filter (class=org.apache.hadoop.http.lib.StaticUserWebFilter$StaticUserFilter) to context static
2022-03-01 14:09:15,757 [Listener at 127.0.0.1/43769] INFO  http.HttpServer2 (HttpServer2.java:bindListener(1249)) - Jetty bound to port 33973
2022-03-01 14:09:15,758 [Listener at 127.0.0.1/43769] INFO  server.Server (Server.java:doStart(375)) - jetty-9.4.43.v20210629; built: 2021-06-30T11:07:22.254Z; git: 526006ecfa3af7f1a27ef3a288e2bef7ea9dd7e8; jvm 1.8.0_322-b06
2022-03-01 14:09:15,788 [Listener at 127.0.0.1/43769] INFO  server.session (DefaultSessionIdManager.java:doStart(334)) - DefaultSessionIdManager workerName=node0
2022-03-01 14:09:15,788 [Listener at 127.0.0.1/43769] INFO  server.session (DefaultSessionIdManager.java:doStart(339)) - No SessionScavenger set, using defaults
2022-03-01 14:09:15,790 [Listener at 127.0.0.1/43769] INFO  server.session (HouseKeeper.java:startScavenging(132)) - node0 Scavenging every 660000ms
2022-03-01 14:09:15,793 [Listener at 127.0.0.1/43769] INFO  handler.ContextHandler (ContextHandler.java:doStart(915)) - Started o.e.j.s.ServletContextHandler@4f405053{logs,/logs,file:///home/runner/work/ozone/ozone/hadoop-ozone/integration-test/target/log,AVAILABLE}
2022-03-01 14:09:15,793 [Listener at 127.0.0.1/43769] INFO  handler.ContextHandler (ContextHandler.java:doStart(915)) - Started o.e.j.s.ServletContextHandler@320075ea{static,/static,jar:file:/home/runner/.m2/repository/org/apache/ozone/hdds-container-service/1.3.0-SNAPSHOT/hdds-container-service-1.3.0-SNAPSHOT.jar!/webapps/static,AVAILABLE}
2022-03-01 14:09:15,898 [Listener at 127.0.0.1/43769] INFO  handler.ContextHandler (ContextHandler.java:doStart(915)) - Started o.e.j.w.WebAppContext@1bc7c8c7{hddsDatanode,/,file:///tmp/jetty-0_0_0_0-33973-hdds-container-service-1_3_0-SNAPSHOT_jar-_-any-5907810229402876925/webapp/,AVAILABLE}{jar:file:/home/runner/.m2/repository/org/apache/ozone/hdds-container-service/1.3.0-SNAPSHOT/hdds-container-service-1.3.0-SNAPSHOT.jar!/webapps/hddsDatanode}
2022-03-01 14:09:15,917 [Listener at 127.0.0.1/43769] INFO  server.AbstractConnector (AbstractConnector.java:doStart(331)) - Started ServerConnector@ea8842c{HTTP/1.1, (http/1.1)}{0.0.0.0:33973}
2022-03-01 14:09:15,918 [Listener at 127.0.0.1/43769] INFO  server.Server (Server.java:doStart(415)) - Started @220160ms
2022-03-01 14:09:15,918 [Listener at 127.0.0.1/43769] WARN  impl.MetricsSystemImpl (MetricsSystemImpl.java:register(279)) - Sink prometheus already exists!
2022-03-01 14:09:15,919 [Listener at 127.0.0.1/43769] INFO  http.BaseHttpServer (BaseHttpServer.java:updateConnectorAddress(329)) - HTTP server of hddsDatanode listening at http://0.0.0.0:33973
2022-03-01 14:09:15,933 [Listener at 127.0.0.1/43769] INFO  ozone.MiniOzoneClusterImpl (MiniOzoneClusterImpl.java:lambda$waitForClusterToBeReady$0(219)) - Waiting for nodes to be ready. Got 0 of 3 DN Heartbeats.
2022-03-01 14:09:15,933 [Listener at 127.0.0.1/43769] INFO  ozone.MiniOzoneClusterImpl (MiniOzoneClusterImpl.java:lambda$waitForClusterToBeReady$0(222)) - Waiting for cluster to exit safe mode
2022-03-01 14:09:15,933 [Listener at 127.0.0.1/43769] INFO  ozone.MiniOzoneClusterImpl (MiniOzoneClusterImpl.java:lambda$waitForClusterToBeReady$0(224)) - SCM became leader
2022-03-01 14:09:15,933 [Datanode State Machine Daemon Thread] INFO  statemachine.DatanodeStateMachine (DatanodeStateMachine.java:lambda$startDaemon$0(470)) - Ozone container server started.
2022-03-01 14:09:15,972 [Datanode State Machine Task Thread - 0] INFO  datanode.InitDatanodeState (InitDatanodeState.java:persistContainerDatanodeDetails(138)) - DatanodeDetails is persisted to /home/runner/work/ozone/ozone/hadoop-ozone/integration-test/target/test-dir/MiniOzoneClusterImpl-4620bb26-f181-4696-b789-f356cb8b6fd6/datanode-2/meta/datanode.id
2022-03-01 14:09:15,988 [org.apache.hadoop.util.JvmPauseMonitor$Monitor@2bda799c] INFO  util.JvmPauseMonitor (JvmPauseMonitor.java:run(188)) - Starting JVM pause monitor
2022-03-01 14:09:16,669 [EndpointStateMachine task thread for /0.0.0.0:39003 - 0 ] INFO  ozoneimpl.OzoneContainer (OzoneContainer.java:start(335)) - Attempting to start container services.
2022-03-01 14:09:16,669 [EndpointStateMachine task thread for /0.0.0.0:39003 - 0 ] INFO  ozoneimpl.OzoneContainer (OzoneContainer.java:startContainerScrub(270)) - Background container scanner has been disabled.
2022-03-01 14:09:16,673 [EndpointStateMachine task thread for /0.0.0.0:39003 - 0 ] INFO  replication.ReplicationServer (ReplicationServer.java:start(111)) - ReplicationServer is started using port 45051
2022-03-01 14:09:16,674 [EndpointStateMachine task thread for /0.0.0.0:39003 - 0 ] INFO  ratis.XceiverServerRatis (XceiverServerRatis.java:start(485)) - Starting XceiverServerRatis bcb4855e-56af-49db-b8f0-0c2615524f90
2022-03-01 14:09:16,681 [EndpointStateMachine task thread for /0.0.0.0:39003 - 0 ] INFO  server.RaftServer (RaftServerProxy.java:lambda$start$5(374)) - bcb4855e-56af-49db-b8f0-0c2615524f90: start RPC server
2022-03-01 14:09:16,685 [EndpointStateMachine task thread for /0.0.0.0:39003 - 0 ] INFO  server.GrpcService (GrpcService.java:startImpl(253)) - bcb4855e-56af-49db-b8f0-0c2615524f90: GrpcService started, listening on 38757
2022-03-01 14:09:16,694 [EndpointStateMachine task thread for /0.0.0.0:39003 - 0 ] INFO  ratis.XceiverServerRatis (XceiverServerRatis.java:getRealPort(506)) - XceiverServerRatis bcb4855e-56af-49db-b8f0-0c2615524f90 is started using port 38757 for RATIS
2022-03-01 14:09:16,694 [EndpointStateMachine task thread for /0.0.0.0:39003 - 0 ] INFO  ratis.XceiverServerRatis (XceiverServerRatis.java:getRealPort(506)) - XceiverServerRatis bcb4855e-56af-49db-b8f0-0c2615524f90 is started using port 38757 for RATIS_ADMIN
2022-03-01 14:09:16,694 [EndpointStateMachine task thread for /0.0.0.0:39003 - 0 ] INFO  ratis.XceiverServerRatis (XceiverServerRatis.java:getRealPort(506)) - XceiverServerRatis bcb4855e-56af-49db-b8f0-0c2615524f90 is started using port 38757 for RATIS_SERVER
2022-03-01 14:09:16,695 [org.apache.ratis.util.JvmPauseMonitor$$Lambda$421/1299661385@7bb809f9] INFO  util.JvmPauseMonitor (JvmPauseMonitor.java:run(103)) - JvmPauseMonitor-bcb4855e-56af-49db-b8f0-0c2615524f90: Started
2022-03-01 14:09:16,705 [EndpointStateMachine task thread for /0.0.0.0:39003 - 0 ] INFO  server.XceiverServerGrpc (XceiverServerGrpc.java:start(180)) - XceiverServerGrpc bcb4855e-56af-49db-b8f0-0c2615524f90 is started using port 38469
2022-03-01 14:09:16,933 [Listener at 127.0.0.1/43769] INFO  ozone.MiniOzoneClusterImpl (MiniOzoneClusterImpl.java:lambda$waitForClusterToBeReady$0(219)) - Waiting for nodes to be ready. Got 0 of 3 DN Heartbeats.
2022-03-01 14:09:16,933 [Listener at 127.0.0.1/43769] INFO  ozone.MiniOzoneClusterImpl (MiniOzoneClusterImpl.java:lambda$waitForClusterToBeReady$0(222)) - Waiting for cluster to exit safe mode
2022-03-01 14:09:16,934 [Listener at 127.0.0.1/43769] INFO  ozone.MiniOzoneClusterImpl (MiniOzoneClusterImpl.java:lambda$waitForClusterToBeReady$0(224)) - SCM became leader
2022-03-01 14:09:17,523 [EndpointStateMachine task thread for /0.0.0.0:39003 - 0 ] INFO  ozoneimpl.OzoneContainer (OzoneContainer.java:start(335)) - Attempting to start container services.
2022-03-01 14:09:17,524 [EndpointStateMachine task thread for /0.0.0.0:39003 - 0 ] INFO  ozoneimpl.OzoneContainer (OzoneContainer.java:startContainerScrub(270)) - Background container scanner has been disabled.
2022-03-01 14:09:17,524 [EndpointStateMachine task thread for /0.0.0.0:39003 - 0 ] INFO  replication.ReplicationServer (ReplicationServer.java:start(111)) - ReplicationServer is started using port 42365
2022-03-01 14:09:17,525 [EndpointStateMachine task thread for /0.0.0.0:39003 - 0 ] INFO  ratis.XceiverServerRatis (XceiverServerRatis.java:start(485)) - Starting XceiverServerRatis bff059a0-da91-4773-b4de-bde692fc76df
2022-03-01 14:09:17,529 [EndpointStateMachine task thread for /0.0.0.0:39003 - 0 ] INFO  server.RaftServer (RaftServerProxy.java:lambda$start$5(374)) - bff059a0-da91-4773-b4de-bde692fc76df: start RPC server
2022-03-01 14:09:17,545 [EndpointStateMachine task thread for /0.0.0.0:39003 - 0 ] INFO  server.GrpcService (GrpcService.java:startImpl(253)) - bff059a0-da91-4773-b4de-bde692fc76df: GrpcService started, listening on 36231
2022-03-01 14:09:17,552 [EndpointStateMachine task thread for /0.0.0.0:39003 - 0 ] INFO  ratis.XceiverServerRatis (XceiverServerRatis.java:getRealPort(506)) - XceiverServerRatis bff059a0-da91-4773-b4de-bde692fc76df is started using port 36231 for RATIS
2022-03-01 14:09:17,552 [EndpointStateMachine task thread for /0.0.0.0:39003 - 0 ] INFO  ratis.XceiverServerRatis (XceiverServerRatis.java:getRealPort(506)) - XceiverServerRatis bff059a0-da91-4773-b4de-bde692fc76df is started using port 36231 for RATIS_ADMIN
2022-03-01 14:09:17,552 [EndpointStateMachine task thread for /0.0.0.0:39003 - 0 ] INFO  ratis.XceiverServerRatis (XceiverServerRatis.java:getRealPort(506)) - XceiverServerRatis bff059a0-da91-4773-b4de-bde692fc76df is started using port 36231 for RATIS_SERVER
2022-03-01 14:09:17,566 [org.apache.ratis.util.JvmPauseMonitor$$Lambda$421/1299661385@747ae311] INFO  util.JvmPauseMonitor (JvmPauseMonitor.java:run(103)) - JvmPauseMonitor-bff059a0-da91-4773-b4de-bde692fc76df: Started
2022-03-01 14:09:17,572 [EndpointStateMachine task thread for /0.0.0.0:39003 - 0 ] INFO  server.XceiverServerGrpc (XceiverServerGrpc.java:start(180)) - XceiverServerGrpc bff059a0-da91-4773-b4de-bde692fc76df is started using port 39631
2022-03-01 14:09:17,934 [Listener at 127.0.0.1/43769] INFO  ozone.MiniOzoneClusterImpl (MiniOzoneClusterImpl.java:lambda$waitForClusterToBeReady$0(219)) - Waiting for nodes to be ready. Got 0 of 3 DN Heartbeats.
2022-03-01 14:09:17,934 [Listener at 127.0.0.1/43769] INFO  ozone.MiniOzoneClusterImpl (MiniOzoneClusterImpl.java:lambda$waitForClusterToBeReady$0(222)) - Waiting for cluster to exit safe mode
2022-03-01 14:09:17,934 [Listener at 127.0.0.1/43769] INFO  ozone.MiniOzoneClusterImpl (MiniOzoneClusterImpl.java:lambda$waitForClusterToBeReady$0(224)) - SCM became leader
2022-03-01 14:09:18,005 [EndpointStateMachine task thread for /0.0.0.0:39003 - 0 ] INFO  ozoneimpl.OzoneContainer (OzoneContainer.java:start(335)) - Attempting to start container services.
2022-03-01 14:09:18,005 [EndpointStateMachine task thread for /0.0.0.0:39003 - 0 ] INFO  ozoneimpl.OzoneContainer (OzoneContainer.java:startContainerScrub(270)) - Background container scanner has been disabled.
2022-03-01 14:09:18,006 [EndpointStateMachine task thread for /0.0.0.0:39003 - 0 ] INFO  replication.ReplicationServer (ReplicationServer.java:start(111)) - ReplicationServer is started using port 33217
2022-03-01 14:09:18,007 [EndpointStateMachine task thread for /0.0.0.0:39003 - 0 ] INFO  ratis.XceiverServerRatis (XceiverServerRatis.java:start(485)) - Starting XceiverServerRatis 28de1d07-eef3-4d95-867d-a76d45cc8bed
2022-03-01 14:09:18,007 [EndpointStateMachine task thread for /0.0.0.0:39003 - 0 ] INFO  server.RaftServer (RaftServerProxy.java:lambda$start$5(374)) - 28de1d07-eef3-4d95-867d-a76d45cc8bed: start RPC server
2022-03-01 14:09:18,008 [EndpointStateMachine task thread for /0.0.0.0:39003 - 0 ] INFO  server.GrpcService (GrpcService.java:startImpl(253)) - 28de1d07-eef3-4d95-867d-a76d45cc8bed: GrpcService started, listening on 40517
2022-03-01 14:09:18,017 [EndpointStateMachine task thread for /0.0.0.0:39003 - 0 ] INFO  ratis.XceiverServerRatis (XceiverServerRatis.java:getRealPort(506)) - XceiverServerRatis 28de1d07-eef3-4d95-867d-a76d45cc8bed is started using port 40517 for RATIS
2022-03-01 14:09:18,017 [EndpointStateMachine task thread for /0.0.0.0:39003 - 0 ] INFO  ratis.XceiverServerRatis (XceiverServerRatis.java:getRealPort(506)) - XceiverServerRatis 28de1d07-eef3-4d95-867d-a76d45cc8bed is started using port 40517 for RATIS_ADMIN
2022-03-01 14:09:18,017 [EndpointStateMachine task thread for /0.0.0.0:39003 - 0 ] INFO  ratis.XceiverServerRatis (XceiverServerRatis.java:getRealPort(506)) - XceiverServerRatis 28de1d07-eef3-4d95-867d-a76d45cc8bed is started using port 40517 for RATIS_SERVER
2022-03-01 14:09:18,017 [org.apache.ratis.util.JvmPauseMonitor$$Lambda$421/1299661385@140be5a7] INFO  util.JvmPauseMonitor (JvmPauseMonitor.java:run(103)) - JvmPauseMonitor-28de1d07-eef3-4d95-867d-a76d45cc8bed: Started
2022-03-01 14:09:18,037 [EndpointStateMachine task thread for /0.0.0.0:39003 - 0 ] INFO  server.XceiverServerGrpc (XceiverServerGrpc.java:start(180)) - XceiverServerGrpc 28de1d07-eef3-4d95-867d-a76d45cc8bed is started using port 43377
2022-03-01 14:09:18,608 [IPC Server handler 1 on default port 39003] INFO  net.NetworkTopologyImpl (NetworkTopologyImpl.java:add(112)) - Added a new node: /default-rack/bcb4855e-56af-49db-b8f0-0c2615524f90
2022-03-01 14:09:18,608 [IPC Server handler 1 on default port 39003] INFO  node.SCMNodeManager (SCMNodeManager.java:register(389)) - Registered Data node : bcb4855e-56af-49db-b8f0-0c2615524f90{ip: 10.1.0.24, host: fv-az195-209.u3nnjwd0vyge1bu22idnsdeq2e.cx.internal.cloudapp.net, ports: [REPLICATION=45051, RATIS=38757, RATIS_ADMIN=38757, RATIS_SERVER=38757, STANDALONE=38469], networkLocation: /default-rack, certSerialId: null, persistedOpState: null, persistedOpStateExpiryEpochSec: 0}
2022-03-01 14:09:18,616 [EventQueue-NewNodeForNewNodeHandler] INFO  pipeline.BackgroundPipelineCreator (BackgroundPipelineCreator.java:notifyEventTriggered(285)) - trigger a one-shot run on RatisPipelineUtilsThread.
2022-03-01 14:09:18,616 [RatisPipelineUtilsThread - 0] INFO  pipeline.RatisPipelineProvider (RatisPipelineProvider.java:lambda$create$0(183)) - Sending CreatePipelineCommand for pipeline:PipelineID=944cab8b-b96b-4e68-a9ed-016e0d779a02 to datanode:bcb4855e-56af-49db-b8f0-0c2615524f90
2022-03-01 14:09:18,616 [EventQueue-NodeRegistrationContainerReportForDataNodeSafeModeRule] INFO  safemode.SCMSafeModeManager (DataNodeSafeModeRule.java:process(71)) - SCM in safe mode. 1 DataNodes registered, 3 required.
2022-03-01 14:09:18,641 [EventQueue-NodeRegistrationContainerReportForContainerSafeModeRule] INFO  safemode.SCMSafeModeManager (SCMSafeModeManager.java:validateSafeModeExitRules(204)) - ContainerSafeModeRule rule is successfully validated
2022-03-01 14:09:18,642 [EventQueue-PipelineReportForOneReplicaPipelineSafeModeRule] INFO  safemode.SCMSafeModeManager (SCMSafeModeManager.java:validateSafeModeExitRules(204)) - AtleastOneDatanodeReportedRule rule is successfully validated
2022-03-01 14:09:18,758 [59ced422-3795-4659-9922-9f3d7fc7b79b@group-F356CB8B6FD6-StateMachineUpdater] INFO  pipeline.PipelineStateManagerImpl (PipelineStateManagerImpl.java:addPipeline(101)) - Created pipeline Pipeline[ Id: 944cab8b-b96b-4e68-a9ed-016e0d779a02, Nodes: bcb4855e-56af-49db-b8f0-0c2615524f90{ip: 10.1.0.24, host: fv-az195-209.u3nnjwd0vyge1bu22idnsdeq2e.cx.internal.cloudapp.net, ports: [REPLICATION=45051, RATIS=38757, RATIS_ADMIN=38757, RATIS_SERVER=38757, STANDALONE=38469], networkLocation: /default-rack, certSerialId: null, persistedOpState: IN_SERVICE, persistedOpStateExpiryEpochSec: 0}, ReplicationConfig: RATIS/ONE, State:ALLOCATED, leaderId:, CreationTimestamp2022-03-01T14:09:18.616Z[Etc/UTC]].
2022-03-01 14:09:18,759 [59ced422-3795-4659-9922-9f3d7fc7b79b@group-F356CB8B6FD6-StateMachineUpdater] INFO  safemode.HealthyPipelineSafeModeRule (HealthyPipelineSafeModeRule.java:initializeRule(152)) - Refreshed total pipeline count is 0, healthy pipeline threshold count is 1
2022-03-01 14:09:18,934 [Listener at 127.0.0.1/43769] INFO  ozone.MiniOzoneClusterImpl (MiniOzoneClusterImpl.java:lambda$waitForClusterToBeReady$0(219)) - Waiting for nodes to be ready. Got 1 of 3 DN Heartbeats.
2022-03-01 14:09:18,935 [Listener at 127.0.0.1/43769] INFO  ozone.MiniOzoneClusterImpl (MiniOzoneClusterImpl.java:lambda$waitForClusterToBeReady$0(222)) - Waiting for cluster to exit safe mode
2022-03-01 14:09:18,935 [Listener at 127.0.0.1/43769] INFO  ozone.MiniOzoneClusterImpl (MiniOzoneClusterImpl.java:lambda$waitForClusterToBeReady$0(224)) - SCM became leader
2022-03-01 14:09:19,474 [IPC Server handler 4 on default port 39003] INFO  net.NetworkTopologyImpl (NetworkTopologyImpl.java:add(112)) - Added a new node: /default-rack/bff059a0-da91-4773-b4de-bde692fc76df
2022-03-01 14:09:19,474 [IPC Server handler 4 on default port 39003] INFO  node.SCMNodeManager (SCMNodeManager.java:register(389)) - Registered Data node : bff059a0-da91-4773-b4de-bde692fc76df{ip: 10.1.0.24, host: fv-az195-209.u3nnjwd0vyge1bu22idnsdeq2e.cx.internal.cloudapp.net, ports: [REPLICATION=42365, RATIS=36231, RATIS_ADMIN=36231, RATIS_SERVER=36231, STANDALONE=39631], networkLocation: /default-rack, certSerialId: null, persistedOpState: null, persistedOpStateExpiryEpochSec: 0}
2022-03-01 14:09:19,475 [EventQueue-NewNodeForNewNodeHandler] INFO  pipeline.BackgroundPipelineCreator (BackgroundPipelineCreator.java:notifyEventTriggered(285)) - trigger a one-shot run on RatisPipelineUtilsThread.
2022-03-01 14:09:19,479 [EventQueue-NodeRegistrationContainerReportForDataNodeSafeModeRule] INFO  safemode.SCMSafeModeManager (DataNodeSafeModeRule.java:process(71)) - SCM in safe mode. 2 DataNodes registered, 3 required.
2022-03-01 14:09:19,480 [RatisPipelineUtilsThread - 0] INFO  pipeline.RatisPipelineProvider (RatisPipelineProvider.java:lambda$create$0(183)) - Sending CreatePipelineCommand for pipeline:PipelineID=19f3380f-8d2e-41b0-a40f-e5907dd0717d to datanode:bff059a0-da91-4773-b4de-bde692fc76df
2022-03-01 14:09:19,482 [59ced422-3795-4659-9922-9f3d7fc7b79b@group-F356CB8B6FD6-StateMachineUpdater] INFO  pipeline.PipelineStateManagerImpl (PipelineStateManagerImpl.java:addPipeline(101)) - Created pipeline Pipeline[ Id: 19f3380f-8d2e-41b0-a40f-e5907dd0717d, Nodes: bff059a0-da91-4773-b4de-bde692fc76df{ip: 10.1.0.24, host: fv-az195-209.u3nnjwd0vyge1bu22idnsdeq2e.cx.internal.cloudapp.net, ports: [REPLICATION=42365, RATIS=36231, RATIS_ADMIN=36231, RATIS_SERVER=36231, STANDALONE=39631], networkLocation: /default-rack, certSerialId: null, persistedOpState: IN_SERVICE, persistedOpStateExpiryEpochSec: 0}, ReplicationConfig: RATIS/ONE, State:ALLOCATED, leaderId:, CreationTimestamp2022-03-01T14:09:19.480Z[Etc/UTC]].
2022-03-01 14:09:19,482 [59ced422-3795-4659-9922-9f3d7fc7b79b@group-F356CB8B6FD6-StateMachineUpdater] INFO  safemode.HealthyPipelineSafeModeRule (HealthyPipelineSafeModeRule.java:initializeRule(152)) - Refreshed total pipeline count is 0, healthy pipeline threshold count is 1
2022-03-01 14:09:19,935 [Listener at 127.0.0.1/43769] INFO  ozone.MiniOzoneClusterImpl (MiniOzoneClusterImpl.java:lambda$waitForClusterToBeReady$0(219)) - Waiting for nodes to be ready. Got 2 of 3 DN Heartbeats.
2022-03-01 14:09:19,935 [Listener at 127.0.0.1/43769] INFO  ozone.MiniOzoneClusterImpl (MiniOzoneClusterImpl.java:lambda$waitForClusterToBeReady$0(222)) - Waiting for cluster to exit safe mode
2022-03-01 14:09:19,935 [Listener at 127.0.0.1/43769] INFO  ozone.MiniOzoneClusterImpl (MiniOzoneClusterImpl.java:lambda$waitForClusterToBeReady$0(224)) - SCM became leader
2022-03-01 14:09:19,962 [IPC Server handler 0 on default port 39003] INFO  net.NetworkTopologyImpl (NetworkTopologyImpl.java:add(112)) - Added a new node: /default-rack/28de1d07-eef3-4d95-867d-a76d45cc8bed
2022-03-01 14:09:19,962 [IPC Server handler 0 on default port 39003] INFO  node.SCMNodeManager (SCMNodeManager.java:register(389)) - Registered Data node : 28de1d07-eef3-4d95-867d-a76d45cc8bed{ip: 10.1.0.24, host: fv-az195-209.u3nnjwd0vyge1bu22idnsdeq2e.cx.internal.cloudapp.net, ports: [REPLICATION=33217, RATIS=40517, RATIS_ADMIN=40517, RATIS_SERVER=40517, STANDALONE=43377], networkLocation: /default-rack, certSerialId: null, persistedOpState: null, persistedOpStateExpiryEpochSec: 0}
2022-03-01 14:09:19,962 [EventQueue-NewNodeForNewNodeHandler] INFO  pipeline.BackgroundPipelineCreator (BackgroundPipelineCreator.java:notifyEventTriggered(285)) - trigger a one-shot run on RatisPipelineUtilsThread.
2022-03-01 14:09:19,963 [RatisPipelineUtilsThread - 0] INFO  pipeline.RatisPipelineProvider (RatisPipelineProvider.java:lambda$create$0(183)) - Sending CreatePipelineCommand for pipeline:PipelineID=56bd4f76-d30c-41b8-80a1-24834ecca4f9 to datanode:28de1d07-eef3-4d95-867d-a76d45cc8bed
2022-03-01 14:09:19,964 [59ced422-3795-4659-9922-9f3d7fc7b79b@group-F356CB8B6FD6-StateMachineUpdater] INFO  pipeline.PipelineStateManagerImpl (PipelineStateManagerImpl.java:addPipeline(101)) - Created pipeline Pipeline[ Id: 56bd4f76-d30c-41b8-80a1-24834ecca4f9, Nodes: 28de1d07-eef3-4d95-867d-a76d45cc8bed{ip: 10.1.0.24, host: fv-az195-209.u3nnjwd0vyge1bu22idnsdeq2e.cx.internal.cloudapp.net, ports: [REPLICATION=33217, RATIS=40517, RATIS_ADMIN=40517, RATIS_SERVER=40517, STANDALONE=43377], networkLocation: /default-rack, certSerialId: null, persistedOpState: IN_SERVICE, persistedOpStateExpiryEpochSec: 0}, ReplicationConfig: RATIS/ONE, State:ALLOCATED, leaderId:, CreationTimestamp2022-03-01T14:09:19.963Z[Etc/UTC]].
2022-03-01 14:09:19,965 [59ced422-3795-4659-9922-9f3d7fc7b79b@group-F356CB8B6FD6-StateMachineUpdater] INFO  safemode.HealthyPipelineSafeModeRule (HealthyPipelineSafeModeRule.java:initializeRule(152)) - Refreshed total pipeline count is 0, healthy pipeline threshold count is 1
2022-03-01 14:09:19,972 [EventQueue-NodeRegistrationContainerReportForDataNodeSafeModeRule] INFO  safemode.SCMSafeModeManager (DataNodeSafeModeRule.java:process(71)) - SCM in safe mode. 3 DataNodes registered, 3 required.
2022-03-01 14:09:19,972 [EventQueue-NodeRegistrationContainerReportForDataNodeSafeModeRule] INFO  safemode.SCMSafeModeManager (SCMSafeModeManager.java:validateSafeModeExitRules(204)) - DataNodeSafeModeRule rule is successfully validated
2022-03-01 14:09:19,972 [EventQueue-NodeRegistrationContainerReportForDataNodeSafeModeRule] INFO  safemode.SCMSafeModeManager (SCMSafeModeManager.java:completePreCheck(233)) - All SCM safe mode pre check rules have passed
2022-03-01 14:09:19,972 [EventQueue-NodeRegistrationContainerReportForDataNodeSafeModeRule] WARN  events.EventQueue (EventQueue.java:fireEvent(194)) - No event handler registered for event TypedEvent{payloadType=SafeModeStatus, name='Safe mode status'}
2022-03-01 14:09:19,972 [EventQueue-NodeRegistrationContainerReportForDataNodeSafeModeRule] INFO  ha.SCMContext (SCMContext.java:updateSafeModeStatus(211)) - Update SafeModeStatus from SafeModeStatus{safeModeStatus=true, preCheckPassed=false} to SafeModeStatus{safeModeStatus=true, preCheckPassed=true}.
2022-03-01 14:09:19,972 [EventQueue-NodeRegistrationContainerReportForDataNodeSafeModeRule] INFO  pipeline.BackgroundPipelineCreator (BackgroundPipelineCreator.java:notifyEventTriggered(285)) - trigger a one-shot run on RatisPipelineUtilsThread.
2022-03-01 14:09:19,973 [RatisPipelineUtilsThread - 0] INFO  pipeline.RatisPipelineProvider (RatisPipelineProvider.java:lambda$create$0(183)) - Sending CreatePipelineCommand for pipeline:PipelineID=47a4a78d-c2e4-4466-9fc0-759f0c1cd132 to datanode:bcb4855e-56af-49db-b8f0-0c2615524f90
2022-03-01 14:09:19,973 [RatisPipelineUtilsThread - 0] INFO  pipeline.RatisPipelineProvider (RatisPipelineProvider.java:lambda$create$0(183)) - Sending CreatePipelineCommand for pipeline:PipelineID=47a4a78d-c2e4-4466-9fc0-759f0c1cd132 to datanode:bff059a0-da91-4773-b4de-bde692fc76df
2022-03-01 14:09:19,973 [RatisPipelineUtilsThread - 0] INFO  pipeline.RatisPipelineProvider (RatisPipelineProvider.java:lambda$create$0(183)) - Sending CreatePipelineCommand for pipeline:PipelineID=47a4a78d-c2e4-4466-9fc0-759f0c1cd132 to datanode:28de1d07-eef3-4d95-867d-a76d45cc8bed
2022-03-01 14:09:19,978 [59ced422-3795-4659-9922-9f3d7fc7b79b@group-F356CB8B6FD6-StateMachineUpdater] INFO  pipeline.PipelineStateManagerImpl (PipelineStateManagerImpl.java:addPipeline(101)) - Created pipeline Pipeline[ Id: 47a4a78d-c2e4-4466-9fc0-759f0c1cd132, Nodes: bcb4855e-56af-49db-b8f0-0c2615524f90{ip: 10.1.0.24, host: fv-az195-209.u3nnjwd0vyge1bu22idnsdeq2e.cx.internal.cloudapp.net, ports: [REPLICATION=45051, RATIS=38757, RATIS_ADMIN=38757, RATIS_SERVER=38757, STANDALONE=38469], networkLocation: /default-rack, certSerialId: null, persistedOpState: IN_SERVICE, persistedOpStateExpiryEpochSec: 0}bff059a0-da91-4773-b4de-bde692fc76df{ip: 10.1.0.24, host: fv-az195-209.u3nnjwd0vyge1bu22idnsdeq2e.cx.internal.cloudapp.net, ports: [REPLICATION=42365, RATIS=36231, RATIS_ADMIN=36231, RATIS_SERVER=36231, STANDALONE=39631], networkLocation: /default-rack, certSerialId: null, persistedOpState: IN_SERVICE, persistedOpStateExpiryEpochSec: 0}28de1d07-eef3-4d95-867d-a76d45cc8bed{ip: 10.1.0.24, host: fv-az195-209.u3nnjwd0vyge1bu22idnsdeq2e.cx.internal.cloudapp.net, ports: [REPLICATION=33217, RATIS=40517, RATIS_ADMIN=40517, RATIS_SERVER=40517, STANDALONE=43377], networkLocation: /default-rack, certSerialId: null, persistedOpState: IN_SERVICE, persistedOpStateExpiryEpochSec: 0}, ReplicationConfig: RATIS/THREE, State:ALLOCATED, leaderId:, CreationTimestamp2022-03-01T14:09:19.972Z[Etc/UTC]].
2022-03-01 14:09:19,978 [59ced422-3795-4659-9922-9f3d7fc7b79b@group-F356CB8B6FD6-StateMachineUpdater] INFO  safemode.HealthyPipelineSafeModeRule (HealthyPipelineSafeModeRule.java:initializeRule(152)) - Refreshed total pipeline count is 0, healthy pipeline threshold count is 1
2022-03-01 14:09:19,978 [RatisPipelineUtilsThread - 0] INFO  pipeline.RatisPipelineProvider (RatisPipelineProvider.java:lambda$create$0(183)) - Sending CreatePipelineCommand for pipeline:PipelineID=105963db-d48b-4a09-b255-5f9707ffcbf1 to datanode:bff059a0-da91-4773-b4de-bde692fc76df
2022-03-01 14:09:19,978 [RatisPipelineUtilsThread - 0] INFO  pipeline.RatisPipelineProvider (RatisPipelineProvider.java:lambda$create$0(183)) - Sending CreatePipelineCommand for pipeline:PipelineID=105963db-d48b-4a09-b255-5f9707ffcbf1 to datanode:bcb4855e-56af-49db-b8f0-0c2615524f90
2022-03-01 14:09:19,979 [RatisPipelineUtilsThread - 0] INFO  pipeline.RatisPipelineProvider (RatisPipelineProvider.java:lambda$create$0(183)) - Sending CreatePipelineCommand for pipeline:PipelineID=105963db-d48b-4a09-b255-5f9707ffcbf1 to datanode:28de1d07-eef3-4d95-867d-a76d45cc8bed
2022-03-01 14:09:19,979 [59ced422-3795-4659-9922-9f3d7fc7b79b@group-F356CB8B6FD6-StateMachineUpdater] INFO  pipeline.PipelineStateManagerImpl (PipelineStateManagerImpl.java:addPipeline(101)) - Created pipeline Pipeline[ Id: 105963db-d48b-4a09-b255-5f9707ffcbf1, Nodes: bff059a0-da91-4773-b4de-bde692fc76df{ip: 10.1.0.24, host: fv-az195-209.u3nnjwd0vyge1bu22idnsdeq2e.cx.internal.cloudapp.net, ports: [REPLICATION=42365, RATIS=36231, RATIS_ADMIN=36231, RATIS_SERVER=36231, STANDALONE=39631], networkLocation: /default-rack, certSerialId: null, persistedOpState: IN_SERVICE, persistedOpStateExpiryEpochSec: 0}bcb4855e-56af-49db-b8f0-0c2615524f90{ip: 10.1.0.24, host: fv-az195-209.u3nnjwd0vyge1bu22idnsdeq2e.cx.internal.cloudapp.net, ports: [REPLICATION=45051, RATIS=38757, RATIS_ADMIN=38757, RATIS_SERVER=38757, STANDALONE=38469], networkLocation: /default-rack, certSerialId: null, persistedOpState: IN_SERVICE, persistedOpStateExpiryEpochSec: 0}28de1d07-eef3-4d95-867d-a76d45cc8bed{ip: 10.1.0.24, host: fv-az195-209.u3nnjwd0vyge1bu22idnsdeq2e.cx.internal.cloudapp.net, ports: [REPLICATION=33217, RATIS=40517, RATIS_ADMIN=40517, RATIS_SERVER=40517, STANDALONE=43377], networkLocation: /default-rack, certSerialId: null, persistedOpState: IN_SERVICE, persistedOpStateExpiryEpochSec: 0}, ReplicationConfig: RATIS/THREE, State:ALLOCATED, leaderId:, CreationTimestamp2022-03-01T14:09:19.978Z[Etc/UTC]].
2022-03-01 14:09:19,980 [59ced422-3795-4659-9922-9f3d7fc7b79b@group-F356CB8B6FD6-StateMachineUpdater] INFO  safemode.HealthyPipelineSafeModeRule (HealthyPipelineSafeModeRule.java:initializeRule(152)) - Refreshed total pipeline count is 0, healthy pipeline threshold count is 1
2022-03-01 14:09:19,985 [RatisPipelineUtilsThread - 0] INFO  pipeline.PipelineManagerImpl (PipelineManagerImpl.java:recordMetricsForPipeline(639)) - Pipeline: PipelineID=105963db-d48b-4a09-b255-5f9707ffcbf1 contains same datanodes as previous pipelines: PipelineID=47a4a78d-c2e4-4466-9fc0-759f0c1cd132 nodeIds: bff059a0-da91-4773-b4de-bde692fc76df, bcb4855e-56af-49db-b8f0-0c2615524f90, 28de1d07-eef3-4d95-867d-a76d45cc8bed
2022-03-01 14:09:20,936 [Listener at 127.0.0.1/43769] INFO  ozone.MiniOzoneClusterImpl (MiniOzoneClusterImpl.java:lambda$waitForClusterToBeReady$0(219)) - Nodes are ready. Got 3 of 3 DN Heartbeats.
2022-03-01 14:09:20,936 [Listener at 127.0.0.1/43769] INFO  ozone.MiniOzoneClusterImpl (MiniOzoneClusterImpl.java:lambda$waitForClusterToBeReady$0(222)) - Waiting for cluster to exit safe mode
2022-03-01 14:09:20,936 [Listener at 127.0.0.1/43769] INFO  ozone.MiniOzoneClusterImpl (MiniOzoneClusterImpl.java:lambda$waitForClusterToBeReady$0(224)) - SCM became leader
2022-03-01 14:09:21,609 [Command processor thread] INFO  server.RaftServer (RaftServerProxy.java:addNew(95)) - bcb4855e-56af-49db-b8f0-0c2615524f90: addNew group-016E0D779A02:[bcb4855e-56af-49db-b8f0-0c2615524f90|rpc:10.1.0.24:38757|priority:1] returns group-016E0D779A02:java.util.concurrent.CompletableFuture@9101960[Not completed]
2022-03-01 14:09:21,653 [pool-534-thread-1] INFO  server.RaftServer$Division (RaftServerImpl.java:<init>(184)) - bcb4855e-56af-49db-b8f0-0c2615524f90: new RaftServerImpl for group-016E0D779A02:[bcb4855e-56af-49db-b8f0-0c2615524f90|rpc:10.1.0.24:38757|priority:1] with ContainerStateMachine:uninitialized
2022-03-01 14:09:21,695 [pool-534-thread-1] INFO  server.RaftServerConfigKeys (ConfUtils.java:logGet(44)) - raft.server.rpc.timeout.min = 5s (custom)
2022-03-01 14:09:21,695 [pool-534-thread-1] INFO  server.RaftServerConfigKeys (ConfUtils.java:logGet(44)) - raft.server.rpc.timeout.max = 5200ms (custom)
2022-03-01 14:09:21,695 [pool-534-thread-1] INFO  server.RaftServerConfigKeys (ConfUtils.java:logGet(44)) - raft.server.rpc.sleep.time = 25ms (default)
2022-03-01 14:09:21,695 [pool-534-thread-1] INFO  server.RaftServerConfigKeys (ConfUtils.java:logGet(44)) - raft.server.rpc.slowness.timeout = 300s (custom)
2022-03-01 14:09:21,695 [pool-534-thread-1] INFO  server.RaftServerConfigKeys (ConfUtils.java:logGet(44)) - raft.server.leaderelection.leader.step-down.wait-time = 10s (default)
2022-03-01 14:09:21,695 [pool-534-thread-1] INFO  server.RaftServerConfigKeys (ConfUtils.java:logGet(44)) - raft.server.sleep.deviation.threshold = 300ms (default)
2022-03-01 14:09:21,695 [pool-534-thread-1] INFO  server.RaftServerConfigKeys (ConfUtils.java:logGet(44)) - raft.server.log.appender.install.snapshot.enabled = false (custom)
2022-03-01 14:09:21,696 [pool-534-thread-1] INFO  server.RaftServer$Division (ServerState.java:<init>(105)) - bcb4855e-56af-49db-b8f0-0c2615524f90@group-016E0D779A02: ConfigurationManager, init=-1: [bcb4855e-56af-49db-b8f0-0c2615524f90|rpc:10.1.0.24:38757|priority:1], old=null, confs=<EMPTY_MAP>
2022-03-01 14:09:21,696 [pool-534-thread-1] INFO  server.RaftServerConfigKeys (ConfUtils.java:logGet(44)) - raft.server.storage.dir = [/home/runner/work/ozone/ozone/hadoop-ozone/integration-test/target/test-dir/MiniOzoneClusterImpl-4620bb26-f181-4696-b789-f356cb8b6fd6/datanode-0/data/ratis] (custom)
2022-03-01 14:09:21,696 [pool-534-thread-1] INFO  server.RaftServerConfigKeys (ConfUtils.java:logGet(44)) - raft.server.log.corruption.policy = EXCEPTION (default)
2022-03-01 14:09:21,696 [pool-534-thread-1] INFO  server.RaftServerConfigKeys (ConfUtils.java:logGet(44)) - raft.server.storage.free-space.min = 0MB (=0) (default)
2022-03-01 14:09:21,696 [pool-534-thread-1] INFO  storage.RaftStorageDirectory (RaftStorageDirectoryImpl.java:analyzeStorage(135)) - The storage directory /home/runner/work/ozone/ozone/hadoop-ozone/integration-test/target/test-dir/MiniOzoneClusterImpl-4620bb26-f181-4696-b789-f356cb8b6fd6/datanode-0/data/ratis/944cab8b-b96b-4e68-a9ed-016e0d779a02 does not exist. Creating ...
2022-03-01 14:09:21,701 [pool-534-thread-1] INFO  storage.RaftStorageDirectory (RaftStorageDirectoryImpl.java:tryLock(230)) - Lock on /home/runner/work/ozone/ozone/hadoop-ozone/integration-test/target/test-dir/MiniOzoneClusterImpl-4620bb26-f181-4696-b789-f356cb8b6fd6/datanode-0/data/ratis/944cab8b-b96b-4e68-a9ed-016e0d779a02/in_use.lock acquired by nodename 10349@fv-az195-209
2022-03-01 14:09:21,704 [pool-534-thread-1] INFO  storage.RaftStorage (RaftStorageImpl.java:format(89)) - Storage directory /home/runner/work/ozone/ozone/hadoop-ozone/integration-test/target/test-dir/MiniOzoneClusterImpl-4620bb26-f181-4696-b789-f356cb8b6fd6/datanode-0/data/ratis/944cab8b-b96b-4e68-a9ed-016e0d779a02 has been successfully formatted.
2022-03-01 14:09:21,706 [pool-534-thread-1] INFO  ratis.ContainerStateMachine (ContainerStateMachine.java:loadSnapshot(236)) - group-016E0D779A02: The snapshot info is null. Setting the last applied indexto:(t:0, i:~)
2022-03-01 14:09:21,706 [pool-534-thread-1] INFO  server.RaftServerConfigKeys (ConfUtils.java:logGet(44)) - raft.server.notification.no-leader.timeout = 300s (custom)
2022-03-01 14:09:21,706 [pool-534-thread-1] INFO  server.RaftServerConfigKeys (ConfUtils.java:logGet(44)) - raft.server.log.use.memory = false (default)
2022-03-01 14:09:21,706 [pool-534-thread-1] INFO  server.RaftServerConfigKeys (ConfUtils.java:logGet(44)) - raft.server.log.purge.gap = 1000000 (custom)
2022-03-01 14:09:21,706 [pool-534-thread-1] INFO  server.RaftServerConfigKeys (ConfUtils.java:logGet(44)) - raft.server.log.appender.buffer.byte-limit = 33554432 (custom)
2022-03-01 14:09:21,706 [pool-534-thread-1] INFO  server.RaftServerConfigKeys (ConfUtils.java:logGet(44)) - raft.server.log.segment.size.max = 1048576 (custom)
2022-03-01 14:09:21,708 [pool-534-thread-1] INFO  server.RaftServerConfigKeys (ConfUtils.java:logGet(44)) - raft.server.log.segment.cache.num.max = 2 (custom)
2022-03-01 14:09:21,708 [pool-534-thread-1] INFO  server.RaftServerConfigKeys (ConfUtils.java:logGet(44)) - raft.server.log.segment.cache.size.max = 200MB (=209715200) (default)
2022-03-01 14:09:21,708 [pool-534-thread-1] INFO  segmented.SegmentedRaftLogWorker (SegmentedRaftLogWorker.java:<init>(182)) - new bcb4855e-56af-49db-b8f0-0c2615524f90@group-016E0D779A02-SegmentedRaftLogWorker for RaftStorageImpl:Storage Directory /home/runner/work/ozone/ozone/hadoop-ozone/integration-test/target/test-dir/MiniOzoneClusterImpl-4620bb26-f181-4696-b789-f356cb8b6fd6/datanode-0/data/ratis/944cab8b-b96b-4e68-a9ed-016e0d779a02
2022-03-01 14:09:21,708 [pool-534-thread-1] INFO  server.RaftServerConfigKeys (ConfUtils.java:logGet(44)) - raft.server.log.queue.byte-limit = 4294967296 (custom)
2022-03-01 14:09:21,708 [pool-534-thread-1] INFO  server.RaftServerConfigKeys (ConfUtils.java:logGet(44)) - raft.server.log.queue.element-limit = 1024 (custom)
2022-03-01 14:09:21,709 [pool-534-thread-1] INFO  server.RaftServerConfigKeys (ConfUtils.java:logGet(44)) - raft.server.log.segment.size.max = 1048576 (custom)
2022-03-01 14:09:21,709 [pool-534-thread-1] INFO  server.RaftServerConfigKeys (ConfUtils.java:logGet(44)) - raft.server.log.preallocated.size = 16384 (custom)
2022-03-01 14:09:21,709 [pool-534-thread-1] INFO  server.RaftServerConfigKeys (ConfUtils.java:logGet(44)) - raft.server.log.force.sync.num = 128 (default)
2022-03-01 14:09:21,709 [pool-534-thread-1] INFO  server.RaftServerConfigKeys (ConfUtils.java:logGet(44)) - raft.server.log.statemachine.data.sync = true (default)
2022-03-01 14:09:21,709 [pool-534-thread-1] INFO  server.RaftServerConfigKeys (ConfUtils.java:logGet(44)) - raft.server.log.statemachine.data.sync.timeout = 10s (default)
2022-03-01 14:09:21,709 [pool-534-thread-1] INFO  server.RaftServerConfigKeys (ConfUtils.java:logGet(44)) - raft.server.log.statemachine.data.sync.timeout.retry = -1 (default)
2022-03-01 14:09:21,727 [pool-534-thread-1] INFO  server.RaftServerConfigKeys (ConfUtils.java:logGet(44)) - raft.server.log.write.buffer.size = 1048576 (custom)
2022-03-01 14:09:21,717 [EventQueue-PipelineReportForPipelineReportHandler] INFO  pipeline.PipelineManagerImpl (PipelineManagerImpl.java:openPipeline(291)) - Pipeline Pipeline[ Id: 944cab8b-b96b-4e68-a9ed-016e0d779a02, Nodes: bcb4855e-56af-49db-b8f0-0c2615524f90{ip: 10.1.0.24, host: fv-az195-209.u3nnjwd0vyge1bu22idnsdeq2e.cx.internal.cloudapp.net, ports: [REPLICATION=45051, RATIS=38757, RATIS_ADMIN=38757, RATIS_SERVER=38757, STANDALONE=38469], networkLocation: /default-rack, certSerialId: null, persistedOpState: IN_SERVICE, persistedOpStateExpiryEpochSec: 0}, ReplicationConfig: RATIS/ONE, State:ALLOCATED, leaderId:bcb4855e-56af-49db-b8f0-0c2615524f90, CreationTimestamp2022-03-01T14:09:18.616Z[Etc/UTC]] moved to OPEN state
2022-03-01 14:09:21,743 [59ced422-3795-4659-9922-9f3d7fc7b79b@group-F356CB8B6FD6-StateMachineUpdater] INFO  safemode.HealthyPipelineSafeModeRule (HealthyPipelineSafeModeRule.java:initializeRule(152)) - Refreshed total pipeline count is 0, healthy pipeline threshold count is 1
2022-03-01 14:09:21,749 [EventQueue-OpenPipelineForHealthyPipelineSafeModeRule] INFO  safemode.SCMSafeModeManager (HealthyPipelineSafeModeRule.java:process(124)) - SCM in safe mode. Healthy pipelines reported count is 0, required healthy pipeline reported count is 1
2022-03-01 14:09:21,771 [pool-534-thread-1] INFO  server.RaftServerConfigKeys (ConfUtils.java:logGet(44)) - raft.server.log.statemachine.data.caching.enabled = true (custom)
2022-03-01 14:09:21,771 [pool-534-thread-1] INFO  segmented.SegmentedRaftLogWorker (SegmentedRaftLogWorker.java:lambda$new$0(133)) - bcb4855e-56af-49db-b8f0-0c2615524f90@group-016E0D779A02-SegmentedRaftLogWorker: flushIndex: setUnconditionally 0 -> -1
2022-03-01 14:09:21,771 [pool-534-thread-1] INFO  segmented.SegmentedRaftLogWorker (SegmentedRaftLogWorker.java:lambda$new$0(133)) - bcb4855e-56af-49db-b8f0-0c2615524f90@group-016E0D779A02-SegmentedRaftLogWorker: safeCacheEvictIndex: setUnconditionally 0 -> -1
2022-03-01 14:09:21,777 [pool-534-thread-1] INFO  server.RaftServerConfigKeys (ConfUtils.java:logGet(44)) - raft.server.snapshot.auto.trigger.enabled = true (custom)
2022-03-01 14:09:21,777 [pool-534-thread-1] INFO  server.RaftServerConfigKeys (ConfUtils.java:logGet(44)) - raft.server.snapshot.auto.trigger.threshold = 10000 (custom)
2022-03-01 14:09:21,777 [pool-534-thread-1] INFO  server.RaftServerConfigKeys (ConfUtils.java:logGet(44)) - raft.server.snapshot.retention.file.num = 5 (custom)
2022-03-01 14:09:21,777 [pool-534-thread-1] INFO  server.RaftServerConfigKeys (ConfUtils.java:logGet(44)) - raft.server.log.purge.upto.snapshot.index = false (default)
2022-03-01 14:09:21,777 [pool-534-thread-1] INFO  server.RaftServerConfigKeys (ConfUtils.java:logGet(44)) - raft.server.retrycache.expirytime = 600000ms (custom)
2022-03-01 14:09:21,777 [pool-534-thread-1] INFO  server.RaftServerConfigKeys (ConfUtils.java:logGet(44)) - raft.server.retrycache.statistics.expirytime = 100μs (default)
2022-03-01 14:09:21,778 [pool-534-thread-1] INFO  server.RaftServer$Division (RaftServerImpl.java:start(301)) - bcb4855e-56af-49db-b8f0-0c2615524f90@group-016E0D779A02: start as a follower, conf=-1: [bcb4855e-56af-49db-b8f0-0c2615524f90|rpc:10.1.0.24:38757|priority:1], old=null
2022-03-01 14:09:21,778 [pool-534-thread-1] INFO  server.RaftServer$Division (RaftServerImpl.java:setRole(290)) - bcb4855e-56af-49db-b8f0-0c2615524f90@group-016E0D779A02: changes role from      null to FOLLOWER at term 0 for startAsFollower
2022-03-01 14:09:21,778 [pool-534-thread-1] INFO  impl.RoleInfo (RoleInfo.java:updateAndGet(130)) - bcb4855e-56af-49db-b8f0-0c2615524f90: start bcb4855e-56af-49db-b8f0-0c2615524f90@group-016E0D779A02-FollowerState
2022-03-01 14:09:21,779 [pool-534-thread-1] INFO  util.JmxRegister (JmxRegister.java:tryRegister(44)) - Successfully registered JMX Bean with object name Ratis:service=RaftServer,group=group-016E0D779A02,id=bcb4855e-56af-49db-b8f0-0c2615524f90
2022-03-01 14:09:21,784 [Command processor thread] INFO  ratis.XceiverServerRatis (XceiverServerRatis.java:addGroup(769)) - Created group PipelineID=944cab8b-b96b-4e68-a9ed-016e0d779a02
2022-03-01 14:09:21,785 [Command processor thread] INFO  commandhandler.CreatePipelineCommandHandler (CreatePipelineCommandHandler.java:handle(106)) - Created Pipeline RATIS ONE PipelineID=944cab8b-b96b-4e68-a9ed-016e0d779a02.
2022-03-01 14:09:21,785 [Command processor thread] INFO  server.RaftServer (RaftServerProxy.java:addNew(95)) - bcb4855e-56af-49db-b8f0-0c2615524f90: addNew group-759F0C1CD132:[28de1d07-eef3-4d95-867d-a76d45cc8bed|rpc:10.1.0.24:40517|priority:0, bcb4855e-56af-49db-b8f0-0c2615524f90|rpc:10.1.0.24:38757|priority:0, bff059a0-da91-4773-b4de-bde692fc76df|rpc:10.1.0.24:36231|priority:1] returns group-759F0C1CD132:java.util.concurrent.CompletableFuture@d2f9c9a[Not completed]
2022-03-01 14:09:21,786 [pool-534-thread-1] INFO  server.RaftServer$Division (RaftServerImpl.java:<init>(184)) - bcb4855e-56af-49db-b8f0-0c2615524f90: new RaftServerImpl for group-759F0C1CD132:[28de1d07-eef3-4d95-867d-a76d45cc8bed|rpc:10.1.0.24:40517|priority:0, bcb4855e-56af-49db-b8f0-0c2615524f90|rpc:10.1.0.24:38757|priority:0, bff059a0-da91-4773-b4de-bde692fc76df|rpc:10.1.0.24:36231|priority:1] with ContainerStateMachine:uninitialized
2022-03-01 14:09:21,786 [pool-534-thread-1] INFO  server.RaftServerConfigKeys (ConfUtils.java:logGet(44)) - raft.server.rpc.timeout.min = 5s (custom)
2022-03-01 14:09:21,786 [pool-534-thread-1] INFO  server.RaftServerConfigKeys (ConfUtils.java:logGet(44)) - raft.server.rpc.timeout.max = 5200ms (custom)
2022-03-01 14:09:21,786 [pool-534-thread-1] INFO  server.RaftServerConfigKeys (ConfUtils.java:logGet(44)) - raft.server.rpc.sleep.time = 25ms (default)
2022-03-01 14:09:21,786 [pool-534-thread-1] INFO  server.RaftServerConfigKeys (ConfUtils.java:logGet(44)) - raft.server.rpc.slowness.timeout = 300s (custom)
2022-03-01 14:09:21,786 [pool-534-thread-1] INFO  server.RaftServerConfigKeys (ConfUtils.java:logGet(44)) - raft.server.leaderelection.leader.step-down.wait-time = 10s (default)
2022-03-01 14:09:21,786 [pool-534-thread-1] INFO  server.RaftServerConfigKeys (ConfUtils.java:logGet(44)) - raft.server.sleep.deviation.threshold = 300ms (default)
2022-03-01 14:09:21,786 [pool-534-thread-1] INFO  server.RaftServerConfigKeys (ConfUtils.java:logGet(44)) - raft.server.log.appender.install.snapshot.enabled = false (custom)
2022-03-01 14:09:21,786 [pool-534-thread-1] INFO  server.RaftServer$Division (ServerState.java:<init>(105)) - bcb4855e-56af-49db-b8f0-0c2615524f90@group-759F0C1CD132: ConfigurationManager, init=-1: [28de1d07-eef3-4d95-867d-a76d45cc8bed|rpc:10.1.0.24:40517|priority:0, bcb4855e-56af-49db-b8f0-0c2615524f90|rpc:10.1.0.24:38757|priority:0, bff059a0-da91-4773-b4de-bde692fc76df|rpc:10.1.0.24:36231|priority:1], old=null, confs=<EMPTY_MAP>
2022-03-01 14:09:21,786 [pool-534-thread-1] INFO  server.RaftServerConfigKeys (ConfUtils.java:logGet(44)) - raft.server.storage.dir = [/home/runner/work/ozone/ozone/hadoop-ozone/integration-test/target/test-dir/MiniOzoneClusterImpl-4620bb26-f181-4696-b789-f356cb8b6fd6/datanode-0/data/ratis] (custom)
2022-03-01 14:09:21,786 [pool-534-thread-1] INFO  server.RaftServerConfigKeys (ConfUtils.java:logGet(44)) - raft.server.log.corruption.policy = EXCEPTION (default)
2022-03-01 14:09:21,786 [pool-534-thread-1] INFO  server.RaftServerConfigKeys (ConfUtils.java:logGet(44)) - raft.server.storage.free-space.min = 0MB (=0) (default)
2022-03-01 14:09:21,786 [pool-534-thread-1] INFO  storage.RaftStorageDirectory (RaftStorageDirectoryImpl.java:analyzeStorage(135)) - The storage directory /home/runner/work/ozone/ozone/hadoop-ozone/integration-test/target/test-dir/MiniOzoneClusterImpl-4620bb26-f181-4696-b789-f356cb8b6fd6/datanode-0/data/ratis/47a4a78d-c2e4-4466-9fc0-759f0c1cd132 does not exist. Creating ...
2022-03-01 14:09:21,787 [pool-534-thread-1] INFO  storage.RaftStorageDirectory (RaftStorageDirectoryImpl.java:tryLock(230)) - Lock on /home/runner/work/ozone/ozone/hadoop-ozone/integration-test/target/test-dir/MiniOzoneClusterImpl-4620bb26-f181-4696-b789-f356cb8b6fd6/datanode-0/data/ratis/47a4a78d-c2e4-4466-9fc0-759f0c1cd132/in_use.lock acquired by nodename 10349@fv-az195-209
2022-03-01 14:09:21,789 [pool-534-thread-1] INFO  storage.RaftStorage (RaftStorageImpl.java:format(89)) - Storage directory /home/runner/work/ozone/ozone/hadoop-ozone/integration-test/target/test-dir/MiniOzoneClusterImpl-4620bb26-f181-4696-b789-f356cb8b6fd6/datanode-0/data/ratis/47a4a78d-c2e4-4466-9fc0-759f0c1cd132 has been successfully formatted.
2022-03-01 14:09:21,789 [pool-534-thread-1] INFO  ratis.ContainerStateMachine (ContainerStateMachine.java:loadSnapshot(236)) - group-759F0C1CD132: The snapshot info is null. Setting the last applied indexto:(t:0, i:~)
2022-03-01 14:09:21,789 [pool-534-thread-1] INFO  server.RaftServerConfigKeys (ConfUtils.java:logGet(44)) - raft.server.notification.no-leader.timeout = 300s (custom)
2022-03-01 14:09:21,790 [pool-534-thread-1] INFO  server.RaftServerConfigKeys (ConfUtils.java:logGet(44)) - raft.server.log.use.memory = false (default)
2022-03-01 14:09:21,790 [pool-534-thread-1] INFO  server.RaftServerConfigKeys (ConfUtils.java:logGet(44)) - raft.server.log.purge.gap = 1000000 (custom)
2022-03-01 14:09:21,790 [pool-534-thread-1] INFO  server.RaftServerConfigKeys (ConfUtils.java:logGet(44)) - raft.server.log.appender.buffer.byte-limit = 33554432 (custom)
2022-03-01 14:09:21,790 [pool-534-thread-1] INFO  server.RaftServerConfigKeys (ConfUtils.java:logGet(44)) - raft.server.log.segment.size.max = 1048576 (custom)
2022-03-01 14:09:21,790 [EventQueue-OpenPipelineForHealthyPipelineSafeModeRule] INFO  safemode.SCMSafeModeManager (HealthyPipelineSafeModeRule.java:process(124)) - SCM in safe mode. Healthy pipelines reported count is 0, required healthy pipeline reported count is 1
2022-03-01 14:09:21,791 [pool-534-thread-1] INFO  server.RaftServerConfigKeys (ConfUtils.java:logGet(44)) - raft.server.log.segment.cache.num.max = 2 (custom)
2022-03-01 14:09:21,791 [pool-534-thread-1] INFO  server.RaftServerConfigKeys (ConfUtils.java:logGet(44)) - raft.server.log.segment.cache.size.max = 200MB (=209715200) (default)
2022-03-01 14:09:21,791 [pool-534-thread-1] INFO  segmented.SegmentedRaftLogWorker (SegmentedRaftLogWorker.java:<init>(182)) - new bcb4855e-56af-49db-b8f0-0c2615524f90@group-759F0C1CD132-SegmentedRaftLogWorker for RaftStorageImpl:Storage Directory /home/runner/work/ozone/ozone/hadoop-ozone/integration-test/target/test-dir/MiniOzoneClusterImpl-4620bb26-f181-4696-b789-f356cb8b6fd6/datanode-0/data/ratis/47a4a78d-c2e4-4466-9fc0-759f0c1cd132
2022-03-01 14:09:21,791 [pool-534-thread-1] INFO  server.RaftServerConfigKeys (ConfUtils.java:logGet(44)) - raft.server.log.queue.byte-limit = 4294967296 (custom)
2022-03-01 14:09:21,791 [pool-534-thread-1] INFO  server.RaftServerConfigKeys (ConfUtils.java:logGet(44)) - raft.server.log.queue.element-limit = 1024 (custom)
2022-03-01 14:09:21,791 [pool-534-thread-1] INFO  server.RaftServerConfigKeys (ConfUtils.java:logGet(44)) - raft.server.log.segment.size.max = 1048576 (custom)
2022-03-01 14:09:21,791 [pool-534-thread-1] INFO  server.RaftServerConfigKeys (ConfUtils.java:logGet(44)) - raft.server.log.preallocated.size = 16384 (custom)
2022-03-01 14:09:21,791 [pool-534-thread-1] INFO  server.RaftServerConfigKeys (ConfUtils.java:logGet(44)) - raft.server.log.force.sync.num = 128 (default)
2022-03-01 14:09:21,791 [pool-534-thread-1] INFO  server.RaftServerConfigKeys (ConfUtils.java:logGet(44)) - raft.server.log.statemachine.data.sync = true (default)
2022-03-01 14:09:21,791 [pool-534-thread-1] INFO  server.RaftServerConfigKeys (ConfUtils.java:logGet(44)) - raft.server.log.statemachine.data.sync.timeout = 10s (default)
2022-03-01 14:09:21,791 [pool-534-thread-1] INFO  server.RaftServerConfigKeys (ConfUtils.java:logGet(44)) - raft.server.log.statemachine.data.sync.timeout.retry = -1 (default)
2022-03-01 14:09:21,792 [pool-534-thread-1] INFO  server.RaftServerConfigKeys (ConfUtils.java:logGet(44)) - raft.server.log.write.buffer.size = 1048576 (custom)
2022-03-01 14:09:21,794 [pool-534-thread-1] INFO  server.RaftServerConfigKeys (ConfUtils.java:logGet(44)) - raft.server.log.statemachine.data.caching.enabled = true (custom)
2022-03-01 14:09:21,794 [pool-534-thread-1] INFO  segmented.SegmentedRaftLogWorker (SegmentedRaftLogWorker.java:lambda$new$0(133)) - bcb4855e-56af-49db-b8f0-0c2615524f90@group-759F0C1CD132-SegmentedRaftLogWorker: flushIndex: setUnconditionally 0 -> -1
2022-03-01 14:09:21,794 [pool-534-thread-1] INFO  segmented.SegmentedRaftLogWorker (SegmentedRaftLogWorker.java:lambda$new$0(133)) - bcb4855e-56af-49db-b8f0-0c2615524f90@group-759F0C1CD132-SegmentedRaftLogWorker: safeCacheEvictIndex: setUnconditionally 0 -> -1
2022-03-01 14:09:21,794 [pool-534-thread-1] INFO  server.RaftServerConfigKeys (ConfUtils.java:logGet(44)) - raft.server.snapshot.auto.trigger.enabled = true (custom)
2022-03-01 14:09:21,794 [pool-534-thread-1] INFO  server.RaftServerConfigKeys (ConfUtils.java:logGet(44)) - raft.server.snapshot.auto.trigger.threshold = 10000 (custom)
2022-03-01 14:09:21,794 [pool-534-thread-1] INFO  server.RaftServerConfigKeys (ConfUtils.java:logGet(44)) - raft.server.snapshot.retention.file.num = 5 (custom)
2022-03-01 14:09:21,794 [pool-534-thread-1] INFO  server.RaftServerConfigKeys (ConfUtils.java:logGet(44)) - raft.server.log.purge.upto.snapshot.index = false (default)
2022-03-01 14:09:21,794 [pool-534-thread-1] INFO  server.RaftServerConfigKeys (ConfUtils.java:logGet(44)) - raft.server.retrycache.expirytime = 600000ms (custom)
2022-03-01 14:09:21,795 [pool-534-thread-1] INFO  server.RaftServerConfigKeys (ConfUtils.java:logGet(44)) - raft.server.retrycache.statistics.expirytime = 100μs (default)
2022-03-01 14:09:21,796 [pool-534-thread-1] INFO  server.RaftServer$Division (RaftServerImpl.java:start(301)) - bcb4855e-56af-49db-b8f0-0c2615524f90@group-759F0C1CD132: start as a follower, conf=-1: [28de1d07-eef3-4d95-867d-a76d45cc8bed|rpc:10.1.0.24:40517|priority:0, bcb4855e-56af-49db-b8f0-0c2615524f90|rpc:10.1.0.24:38757|priority:0, bff059a0-da91-4773-b4de-bde692fc76df|rpc:10.1.0.24:36231|priority:1], old=null
2022-03-01 14:09:21,796 [pool-534-thread-1] INFO  server.RaftServer$Division (RaftServerImpl.java:setRole(290)) - bcb4855e-56af-49db-b8f0-0c2615524f90@group-759F0C1CD132: changes role from      null to FOLLOWER at term 0 for startAsFollower
2022-03-01 14:09:21,796 [pool-534-thread-1] INFO  impl.RoleInfo (RoleInfo.java:updateAndGet(130)) - bcb4855e-56af-49db-b8f0-0c2615524f90: start bcb4855e-56af-49db-b8f0-0c2615524f90@group-759F0C1CD132-FollowerState
2022-03-01 14:09:21,797 [pool-534-thread-1] INFO  util.JmxRegister (JmxRegister.java:tryRegister(44)) - Successfully registered JMX Bean with object name Ratis:service=RaftServer,group=group-759F0C1CD132,id=bcb4855e-56af-49db-b8f0-0c2615524f90
2022-03-01 14:09:21,797 [Command processor thread] INFO  ratis.XceiverServerRatis (XceiverServerRatis.java:addGroup(769)) - Created group PipelineID=47a4a78d-c2e4-4466-9fc0-759f0c1cd132
2022-03-01 14:09:21,819 [grpc-default-executor-3] INFO  server.RaftServer (RaftServerProxy.java:addNew(95)) - bff059a0-da91-4773-b4de-bde692fc76df: addNew group-759F0C1CD132:[28de1d07-eef3-4d95-867d-a76d45cc8bed|rpc:10.1.0.24:40517|dataStream:|priority:0, bcb4855e-56af-49db-b8f0-0c2615524f90|rpc:10.1.0.24:38757|dataStream:|priority:0, bff059a0-da91-4773-b4de-bde692fc76df|rpc:10.1.0.24:36231|dataStream:|priority:1] returns group-759F0C1CD132:java.util.concurrent.CompletableFuture@7a9803dc[Not completed]
2022-03-01 14:09:21,820 [pool-555-thread-1] INFO  server.RaftServer$Division (RaftServerImpl.java:<init>(184)) - bff059a0-da91-4773-b4de-bde692fc76df: new RaftServerImpl for group-759F0C1CD132:[28de1d07-eef3-4d95-867d-a76d45cc8bed|rpc:10.1.0.24:40517|dataStream:|priority:0, bcb4855e-56af-49db-b8f0-0c2615524f90|rpc:10.1.0.24:38757|dataStream:|priority:0, bff059a0-da91-4773-b4de-bde692fc76df|rpc:10.1.0.24:36231|dataStream:|priority:1] with ContainerStateMachine:uninitialized
2022-03-01 14:09:21,835 [pool-555-thread-1] INFO  server.RaftServerConfigKeys (ConfUtils.java:logGet(44)) - raft.server.rpc.timeout.min = 5s (custom)
2022-03-01 14:09:21,835 [pool-555-thread-1] INFO  server.RaftServerConfigKeys (ConfUtils.java:logGet(44)) - raft.server.rpc.timeout.max = 5200ms (custom)
2022-03-01 14:09:21,835 [pool-555-thread-1] INFO  server.RaftServerConfigKeys (ConfUtils.java:logGet(44)) - raft.server.rpc.sleep.time = 25ms (default)
2022-03-01 14:09:21,835 [pool-555-thread-1] INFO  server.RaftServerConfigKeys (ConfUtils.java:logGet(44)) - raft.server.rpc.slowness.timeout = 300s (custom)
2022-03-01 14:09:21,835 [pool-555-thread-1] INFO  server.RaftServerConfigKeys (ConfUtils.java:logGet(44)) - raft.server.leaderelection.leader.step-down.wait-time = 10s (default)
2022-03-01 14:09:21,835 [pool-555-thread-1] INFO  server.RaftServerConfigKeys (ConfUtils.java:logGet(44)) - raft.server.sleep.deviation.threshold = 300ms (default)
2022-03-01 14:09:21,835 [pool-555-thread-1] INFO  server.RaftServerConfigKeys (ConfUtils.java:logGet(44)) - raft.server.log.appender.install.snapshot.enabled = false (custom)
2022-03-01 14:09:21,835 [pool-555-thread-1] INFO  server.RaftServer$Division (ServerState.java:<init>(105)) - bff059a0-da91-4773-b4de-bde692fc76df@group-759F0C1CD132: ConfigurationManager, init=-1: [28de1d07-eef3-4d95-867d-a76d45cc8bed|rpc:10.1.0.24:40517|dataStream:|priority:0, bcb4855e-56af-49db-b8f0-0c2615524f90|rpc:10.1.0.24:38757|dataStream:|priority:0, bff059a0-da91-4773-b4de-bde692fc76df|rpc:10.1.0.24:36231|dataStream:|priority:1], old=null, confs=<EMPTY_MAP>
2022-03-01 14:09:21,835 [pool-555-thread-1] INFO  server.RaftServerConfigKeys (ConfUtils.java:logGet(44)) - raft.server.storage.dir = [/home/runner/work/ozone/ozone/hadoop-ozone/integration-test/target/test-dir/MiniOzoneClusterImpl-4620bb26-f181-4696-b789-f356cb8b6fd6/datanode-1/data/ratis] (custom)
2022-03-01 14:09:21,835 [pool-555-thread-1] INFO  server.RaftServerConfigKeys (ConfUtils.java:logGet(44)) - raft.server.log.corruption.policy = EXCEPTION (default)
2022-03-01 14:09:21,835 [pool-555-thread-1] INFO  server.RaftServerConfigKeys (ConfUtils.java:logGet(44)) - raft.server.storage.free-space.min = 0MB (=0) (default)
2022-03-01 14:09:21,836 [pool-555-thread-1] INFO  storage.RaftStorageDirectory (RaftStorageDirectoryImpl.java:analyzeStorage(135)) - The storage directory /home/runner/work/ozone/ozone/hadoop-ozone/integration-test/target/test-dir/MiniOzoneClusterImpl-4620bb26-f181-4696-b789-f356cb8b6fd6/datanode-1/data/ratis/47a4a78d-c2e4-4466-9fc0-759f0c1cd132 does not exist. Creating ...
2022-03-01 14:09:21,837 [pool-555-thread-1] INFO  storage.RaftStorageDirectory (RaftStorageDirectoryImpl.java:tryLock(230)) - Lock on /home/runner/work/ozone/ozone/hadoop-ozone/integration-test/target/test-dir/MiniOzoneClusterImpl-4620bb26-f181-4696-b789-f356cb8b6fd6/datanode-1/data/ratis/47a4a78d-c2e4-4466-9fc0-759f0c1cd132/in_use.lock acquired by nodename 10349@fv-az195-209
2022-03-01 14:09:21,838 [pool-555-thread-1] INFO  storage.RaftStorage (RaftStorageImpl.java:format(89)) - Storage directory /home/runner/work/ozone/ozone/hadoop-ozone/integration-test/target/test-dir/MiniOzoneClusterImpl-4620bb26-f181-4696-b789-f356cb8b6fd6/datanode-1/data/ratis/47a4a78d-c2e4-4466-9fc0-759f0c1cd132 has been successfully formatted.
2022-03-01 14:09:21,842 [pool-555-thread-1] INFO  ratis.ContainerStateMachine (ContainerStateMachine.java:loadSnapshot(236)) - group-759F0C1CD132: The snapshot info is null. Setting the last applied indexto:(t:0, i:~)
2022-03-01 14:09:21,842 [pool-555-thread-1] INFO  server.RaftServerConfigKeys (ConfUtils.java:logGet(44)) - raft.server.notification.no-leader.timeout = 300s (custom)
2022-03-01 14:09:21,842 [pool-555-thread-1] INFO  server.RaftServerConfigKeys (ConfUtils.java:logGet(44)) - raft.server.log.use.memory = false (default)
2022-03-01 14:09:21,842 [pool-555-thread-1] INFO  server.RaftServerConfigKeys (ConfUtils.java:logGet(44)) - raft.server.log.purge.gap = 1000000 (custom)
2022-03-01 14:09:21,842 [pool-555-thread-1] INFO  server.RaftServerConfigKeys (ConfUtils.java:logGet(44)) - raft.server.log.appender.buffer.byte-limit = 33554432 (custom)
2022-03-01 14:09:21,842 [pool-555-thread-1] INFO  server.RaftServerConfigKeys (ConfUtils.java:logGet(44)) - raft.server.log.segment.size.max = 1048576 (custom)
2022-03-01 14:09:21,843 [pool-555-thread-1] INFO  server.RaftServerConfigKeys (ConfUtils.java:logGet(44)) - raft.server.log.segment.cache.num.max = 2 (custom)
2022-03-01 14:09:21,843 [pool-555-thread-1] INFO  server.RaftServerConfigKeys (ConfUtils.java:logGet(44)) - raft.server.log.segment.cache.size.max = 200MB (=209715200) (default)
2022-03-01 14:09:21,843 [pool-555-thread-1] INFO  segmented.SegmentedRaftLogWorker (SegmentedRaftLogWorker.java:<init>(182)) - new bff059a0-da91-4773-b4de-bde692fc76df@group-759F0C1CD132-SegmentedRaftLogWorker for RaftStorageImpl:Storage Directory /home/runner/work/ozone/ozone/hadoop-ozone/integration-test/target/test-dir/MiniOzoneClusterImpl-4620bb26-f181-4696-b789-f356cb8b6fd6/datanode-1/data/ratis/47a4a78d-c2e4-4466-9fc0-759f0c1cd132
2022-03-01 14:09:21,843 [pool-555-thread-1] INFO  server.RaftServerConfigKeys (ConfUtils.java:logGet(44)) - raft.server.log.queue.byte-limit = 4294967296 (custom)
2022-03-01 14:09:21,843 [pool-555-thread-1] INFO  server.RaftServerConfigKeys (ConfUtils.java:logGet(44)) - raft.server.log.queue.element-limit = 1024 (custom)
2022-03-01 14:09:21,843 [pool-555-thread-1] INFO  server.RaftServerConfigKeys (ConfUtils.java:logGet(44)) - raft.server.log.segment.size.max = 1048576 (custom)
2022-03-01 14:09:21,843 [pool-555-thread-1] INFO  server.RaftServerConfigKeys (ConfUtils.java:logGet(44)) - raft.server.log.preallocated.size = 16384 (custom)
2022-03-01 14:09:21,843 [pool-555-thread-1] INFO  server.RaftServerConfigKeys (ConfUtils.java:logGet(44)) - raft.server.log.force.sync.num = 128 (default)
2022-03-01 14:09:21,843 [pool-555-thread-1] INFO  server.RaftServerConfigKeys (ConfUtils.java:logGet(44)) - raft.server.log.statemachine.data.sync = true (default)
2022-03-01 14:09:21,843 [pool-555-thread-1] INFO  server.RaftServerConfigKeys (ConfUtils.java:logGet(44)) - raft.server.log.statemachine.data.sync.timeout = 10s (default)
2022-03-01 14:09:21,843 [pool-555-thread-1] INFO  server.RaftServerConfigKeys (ConfUtils.java:logGet(44)) - raft.server.log.statemachine.data.sync.timeout.retry = -1 (default)
2022-03-01 14:09:21,844 [pool-555-thread-1] INFO  server.RaftServerConfigKeys (ConfUtils.java:logGet(44)) - raft.server.log.write.buffer.size = 1048576 (custom)
2022-03-01 14:09:21,844 [pool-555-thread-1] INFO  server.RaftServerConfigKeys (ConfUtils.java:logGet(44)) - raft.server.log.statemachine.data.caching.enabled = true (custom)
2022-03-01 14:09:21,845 [pool-555-thread-1] INFO  segmented.SegmentedRaftLogWorker (SegmentedRaftLogWorker.java:lambda$new$0(133)) - bff059a0-da91-4773-b4de-bde692fc76df@group-759F0C1CD132-SegmentedRaftLogWorker: flushIndex: setUnconditionally 0 -> -1
2022-03-01 14:09:21,845 [pool-555-thread-1] INFO  segmented.SegmentedRaftLogWorker (SegmentedRaftLogWorker.java:lambda$new$0(133)) - bff059a0-da91-4773-b4de-bde692fc76df@group-759F0C1CD132-SegmentedRaftLogWorker: safeCacheEvictIndex: setUnconditionally 0 -> -1
2022-03-01 14:09:21,849 [pool-555-thread-1] INFO  server.RaftServerConfigKeys (ConfUtils.java:logGet(44)) - raft.server.snapshot.auto.trigger.enabled = true (custom)
2022-03-01 14:09:21,849 [pool-555-thread-1] INFO  server.RaftServerConfigKeys (ConfUtils.java:logGet(44)) - raft.server.snapshot.auto.trigger.threshold = 10000 (custom)
2022-03-01 14:09:21,849 [pool-555-thread-1] INFO  server.RaftServerConfigKeys (ConfUtils.java:logGet(44)) - raft.server.snapshot.retention.file.num = 5 (custom)
2022-03-01 14:09:21,849 [pool-555-thread-1] INFO  server.RaftServerConfigKeys (ConfUtils.java:logGet(44)) - raft.server.log.purge.upto.snapshot.index = false (default)
2022-03-01 14:09:21,849 [pool-555-thread-1] INFO  server.RaftServerConfigKeys (ConfUtils.java:logGet(44)) - raft.server.retrycache.expirytime = 600000ms (custom)
2022-03-01 14:09:21,849 [pool-555-thread-1] INFO  server.RaftServerConfigKeys (ConfUtils.java:logGet(44)) - raft.server.retrycache.statistics.expirytime = 100μs (default)
2022-03-01 14:09:21,851 [pool-555-thread-1] INFO  server.RaftServer$Division (RaftServerImpl.java:start(301)) - bff059a0-da91-4773-b4de-bde692fc76df@group-759F0C1CD132: start as a follower, conf=-1: [28de1d07-eef3-4d95-867d-a76d45cc8bed|rpc:10.1.0.24:40517|dataStream:|priority:0, bcb4855e-56af-49db-b8f0-0c2615524f90|rpc:10.1.0.24:38757|dataStream:|priority:0, bff059a0-da91-4773-b4de-bde692fc76df|rpc:10.1.0.24:36231|dataStream:|priority:1], old=null
2022-03-01 14:09:21,851 [pool-555-thread-1] INFO  server.RaftServer$Division (RaftServerImpl.java:setRole(290)) - bff059a0-da91-4773-b4de-bde692fc76df@group-759F0C1CD132: changes role from      null to FOLLOWER at term 0 for startAsFollower
2022-03-01 14:09:21,851 [pool-555-thread-1] INFO  impl.RoleInfo (RoleInfo.java:updateAndGet(130)) - bff059a0-da91-4773-b4de-bde692fc76df: start bff059a0-da91-4773-b4de-bde692fc76df@group-759F0C1CD132-FollowerState
2022-03-01 14:09:21,851 [pool-555-thread-1] INFO  util.JmxRegister (JmxRegister.java:tryRegister(44)) - Successfully registered JMX Bean with object name Ratis:service=RaftServer,group=group-759F0C1CD132,id=bff059a0-da91-4773-b4de-bde692fc76df
2022-03-01 14:09:21,936 [Listener at 127.0.0.1/43769] INFO  ozone.MiniOzoneClusterImpl (MiniOzoneClusterImpl.java:lambda$waitForClusterToBeReady$0(219)) - Nodes are ready. Got 3 of 3 DN Heartbeats.
2022-03-01 14:09:21,937 [Listener at 127.0.0.1/43769] INFO  ozone.MiniOzoneClusterImpl (MiniOzoneClusterImpl.java:lambda$waitForClusterToBeReady$0(222)) - Waiting for cluster to exit safe mode
2022-03-01 14:09:21,937 [Listener at 127.0.0.1/43769] INFO  ozone.MiniOzoneClusterImpl (MiniOzoneClusterImpl.java:lambda$waitForClusterToBeReady$0(224)) - SCM became leader
2022-03-01 14:09:21,943 [grpc-default-executor-3] INFO  server.RaftServer (RaftServerProxy.java:addNew(95)) - 28de1d07-eef3-4d95-867d-a76d45cc8bed: addNew group-759F0C1CD132:[28de1d07-eef3-4d95-867d-a76d45cc8bed|rpc:10.1.0.24:40517|dataStream:|priority:0, bcb4855e-56af-49db-b8f0-0c2615524f90|rpc:10.1.0.24:38757|dataStream:|priority:0, bff059a0-da91-4773-b4de-bde692fc76df|rpc:10.1.0.24:36231|dataStream:|priority:1] returns group-759F0C1CD132:java.util.concurrent.CompletableFuture@1d621139[Not completed]
2022-03-01 14:09:21,945 [pool-576-thread-1] INFO  server.RaftServer$Division (RaftServerImpl.java:<init>(184)) - 28de1d07-eef3-4d95-867d-a76d45cc8bed: new RaftServerImpl for group-759F0C1CD132:[28de1d07-eef3-4d95-867d-a76d45cc8bed|rpc:10.1.0.24:40517|dataStream:|priority:0, bcb4855e-56af-49db-b8f0-0c2615524f90|rpc:10.1.0.24:38757|dataStream:|priority:0, bff059a0-da91-4773-b4de-bde692fc76df|rpc:10.1.0.24:36231|dataStream:|priority:1] with ContainerStateMachine:uninitialized
2022-03-01 14:09:21,977 [pool-576-thread-1] INFO  server.RaftServerConfigKeys (ConfUtils.java:logGet(44)) - raft.server.rpc.timeout.min = 5s (custom)
2022-03-01 14:09:21,977 [pool-576-thread-1] INFO  server.RaftServerConfigKeys (ConfUtils.java:logGet(44)) - raft.server.rpc.timeout.max = 5200ms (custom)
2022-03-01 14:09:21,978 [pool-576-thread-1] INFO  server.RaftServerConfigKeys (ConfUtils.java:logGet(44)) - raft.server.rpc.sleep.time = 25ms (default)
2022-03-01 14:09:21,978 [pool-576-thread-1] INFO  server.RaftServerConfigKeys (ConfUtils.java:logGet(44)) - raft.server.rpc.slowness.timeout = 300s (custom)
2022-03-01 14:09:21,978 [pool-576-thread-1] INFO  server.RaftServerConfigKeys (ConfUtils.java:logGet(44)) - raft.server.leaderelection.leader.step-down.wait-time = 10s (default)
2022-03-01 14:09:21,978 [pool-576-thread-1] INFO  server.RaftServerConfigKeys (ConfUtils.java:logGet(44)) - raft.server.sleep.deviation.threshold = 300ms (default)
2022-03-01 14:09:21,978 [pool-576-thread-1] INFO  server.RaftServerConfigKeys (ConfUtils.java:logGet(44)) - raft.server.log.appender.install.snapshot.enabled = false (custom)
2022-03-01 14:09:21,978 [pool-576-thread-1] INFO  server.RaftServer$Division (ServerState.java:<init>(105)) - 28de1d07-eef3-4d95-867d-a76d45cc8bed@group-759F0C1CD132: ConfigurationManager, init=-1: [28de1d07-eef3-4d95-867d-a76d45cc8bed|rpc:10.1.0.24:40517|dataStream:|priority:0, bcb4855e-56af-49db-b8f0-0c2615524f90|rpc:10.1.0.24:38757|dataStream:|priority:0, bff059a0-da91-4773-b4de-bde692fc76df|rpc:10.1.0.24:36231|dataStream:|priority:1], old=null, confs=<EMPTY_MAP>
2022-03-01 14:09:21,978 [pool-576-thread-1] INFO  server.RaftServerConfigKeys (ConfUtils.java:logGet(44)) - raft.server.storage.dir = [/home/runner/work/ozone/ozone/hadoop-ozone/integration-test/target/test-dir/MiniOzoneClusterImpl-4620bb26-f181-4696-b789-f356cb8b6fd6/datanode-2/data/ratis] (custom)
2022-03-01 14:09:21,978 [pool-576-thread-1] INFO  server.RaftServerConfigKeys (ConfUtils.java:logGet(44)) - raft.server.log.corruption.policy = EXCEPTION (default)
2022-03-01 14:09:21,978 [pool-576-thread-1] INFO  server.RaftServerConfigKeys (ConfUtils.java:logGet(44)) - raft.server.storage.free-space.min = 0MB (=0) (default)
2022-03-01 14:09:21,978 [pool-576-thread-1] INFO  storage.RaftStorageDirectory (RaftStorageDirectoryImpl.java:analyzeStorage(135)) - The storage directory /home/runner/work/ozone/ozone/hadoop-ozone/integration-test/target/test-dir/MiniOzoneClusterImpl-4620bb26-f181-4696-b789-f356cb8b6fd6/datanode-2/data/ratis/47a4a78d-c2e4-4466-9fc0-759f0c1cd132 does not exist. Creating ...
2022-03-01 14:09:21,985 [pool-576-thread-1] INFO  storage.RaftStorageDirectory (RaftStorageDirectoryImpl.java:tryLock(230)) - Lock on /home/runner/work/ozone/ozone/hadoop-ozone/integration-test/target/test-dir/MiniOzoneClusterImpl-4620bb26-f181-4696-b789-f356cb8b6fd6/datanode-2/data/ratis/47a4a78d-c2e4-4466-9fc0-759f0c1cd132/in_use.lock acquired by nodename 10349@fv-az195-209
2022-03-01 14:09:21,987 [pool-576-thread-1] INFO  storage.RaftStorage (RaftStorageImpl.java:format(89)) - Storage directory /home/runner/work/ozone/ozone/hadoop-ozone/integration-test/target/test-dir/MiniOzoneClusterImpl-4620bb26-f181-4696-b789-f356cb8b6fd6/datanode-2/data/ratis/47a4a78d-c2e4-4466-9fc0-759f0c1cd132 has been successfully formatted.
2022-03-01 14:09:21,988 [pool-576-thread-1] INFO  ratis.ContainerStateMachine (ContainerStateMachine.java:loadSnapshot(236)) - group-759F0C1CD132: The snapshot info is null. Setting the last applied indexto:(t:0, i:~)
2022-03-01 14:09:21,989 [pool-576-thread-1] INFO  server.RaftServerConfigKeys (ConfUtils.java:logGet(44)) - raft.server.notification.no-leader.timeout = 300s (custom)
2022-03-01 14:09:21,990 [pool-576-thread-1] INFO  server.RaftServerConfigKeys (ConfUtils.java:logGet(44)) - raft.server.log.use.memory = false (default)
2022-03-01 14:09:21,990 [pool-576-thread-1] INFO  server.RaftServerConfigKeys (ConfUtils.java:logGet(44)) - raft.server.log.purge.gap = 1000000 (custom)
2022-03-01 14:09:21,990 [pool-576-thread-1] INFO  server.RaftServerConfigKeys (ConfUtils.java:logGet(44)) - raft.server.log.appender.buffer.byte-limit = 33554432 (custom)
2022-03-01 14:09:21,991 [pool-576-thread-1] INFO  server.RaftServerConfigKeys (ConfUtils.java:logGet(44)) - raft.server.log.segment.size.max = 1048576 (custom)
2022-03-01 14:09:21,991 [pool-576-thread-1] INFO  server.RaftServerConfigKeys (ConfUtils.java:logGet(44)) - raft.server.log.segment.cache.num.max = 2 (custom)
2022-03-01 14:09:21,991 [pool-576-thread-1] INFO  server.RaftServerConfigKeys (ConfUtils.java:logGet(44)) - raft.server.log.segment.cache.size.max = 200MB (=209715200) (default)
2022-03-01 14:09:21,991 [pool-576-thread-1] INFO  segmented.SegmentedRaftLogWorker (SegmentedRaftLogWorker.java:<init>(182)) - new 28de1d07-eef3-4d95-867d-a76d45cc8bed@group-759F0C1CD132-SegmentedRaftLogWorker for RaftStorageImpl:Storage Directory /home/runner/work/ozone/ozone/hadoop-ozone/integration-test/target/test-dir/MiniOzoneClusterImpl-4620bb26-f181-4696-b789-f356cb8b6fd6/datanode-2/data/ratis/47a4a78d-c2e4-4466-9fc0-759f0c1cd132
2022-03-01 14:09:21,991 [pool-576-thread-1] INFO  server.RaftServerConfigKeys (ConfUtils.java:logGet(44)) - raft.server.log.queue.byte-limit = 4294967296 (custom)
2022-03-01 14:09:21,991 [pool-576-thread-1] INFO  server.RaftServerConfigKeys (ConfUtils.java:logGet(44)) - raft.server.log.queue.element-limit = 1024 (custom)
2022-03-01 14:09:21,991 [pool-576-thread-1] INFO  server.RaftServerConfigKeys (ConfUtils.java:logGet(44)) - raft.server.log.segment.size.max = 1048576 (custom)
2022-03-01 14:09:21,991 [pool-576-thread-1] INFO  server.RaftServerConfigKeys (ConfUtils.java:logGet(44)) - raft.server.log.preallocated.size = 16384 (custom)
2022-03-01 14:09:21,992 [pool-576-thread-1] INFO  server.RaftServerConfigKeys (ConfUtils.java:logGet(44)) - raft.server.log.force.sync.num = 128 (default)
2022-03-01 14:09:21,993 [pool-576-thread-1] INFO  server.RaftServerConfigKeys (ConfUtils.java:logGet(44)) - raft.server.log.statemachine.data.sync = true (default)
2022-03-01 14:09:21,993 [pool-576-thread-1] INFO  server.RaftServerConfigKeys (ConfUtils.java:logGet(44)) - raft.server.log.statemachine.data.sync.timeout = 10s (default)
2022-03-01 14:09:21,993 [pool-576-thread-1] INFO  server.RaftServerConfigKeys (ConfUtils.java:logGet(44)) - raft.server.log.statemachine.data.sync.timeout.retry = -1 (default)
2022-03-01 14:09:21,994 [pool-576-thread-1] INFO  server.RaftServerConfigKeys (ConfUtils.java:logGet(44)) - raft.server.log.write.buffer.size = 1048576 (custom)
2022-03-01 14:09:22,001 [pool-576-thread-1] INFO  server.RaftServerConfigKeys (ConfUtils.java:logGet(44)) - raft.server.log.statemachine.data.caching.enabled = true (custom)
2022-03-01 14:09:22,001 [pool-576-thread-1] INFO  segmented.SegmentedRaftLogWorker (SegmentedRaftLogWorker.java:lambda$new$0(133)) - 28de1d07-eef3-4d95-867d-a76d45cc8bed@group-759F0C1CD132-SegmentedRaftLogWorker: flushIndex: setUnconditionally 0 -> -1
2022-03-01 14:09:22,001 [pool-576-thread-1] INFO  segmented.SegmentedRaftLogWorker (SegmentedRaftLogWorker.java:lambda$new$0(133)) - 28de1d07-eef3-4d95-867d-a76d45cc8bed@group-759F0C1CD132-SegmentedRaftLogWorker: safeCacheEvictIndex: setUnconditionally 0 -> -1
2022-03-01 14:09:22,002 [pool-576-thread-1] INFO  server.RaftServerConfigKeys (ConfUtils.java:logGet(44)) - raft.server.snapshot.auto.trigger.enabled = true (custom)
2022-03-01 14:09:22,002 [pool-576-thread-1] INFO  server.RaftServerConfigKeys (ConfUtils.java:logGet(44)) - raft.server.snapshot.auto.trigger.threshold = 10000 (custom)
2022-03-01 14:09:22,002 [pool-576-thread-1] INFO  server.RaftServerConfigKeys (ConfUtils.java:logGet(44)) - raft.server.snapshot.retention.file.num = 5 (custom)
2022-03-01 14:09:22,002 [pool-576-thread-1] INFO  server.RaftServerConfigKeys (ConfUtils.java:logGet(44)) - raft.server.log.purge.upto.snapshot.index = false (default)
2022-03-01 14:09:22,002 [pool-576-thread-1] INFO  server.RaftServerConfigKeys (ConfUtils.java:logGet(44)) - raft.server.retrycache.expirytime = 600000ms (custom)
2022-03-01 14:09:22,002 [pool-576-thread-1] INFO  server.RaftServerConfigKeys (ConfUtils.java:logGet(44)) - raft.server.retrycache.statistics.expirytime = 100μs (default)
2022-03-01 14:09:22,003 [pool-576-thread-1] INFO  server.RaftServer$Division (RaftServerImpl.java:start(301)) - 28de1d07-eef3-4d95-867d-a76d45cc8bed@group-759F0C1CD132: start as a follower, conf=-1: [28de1d07-eef3-4d95-867d-a76d45cc8bed|rpc:10.1.0.24:40517|dataStream:|priority:0, bcb4855e-56af-49db-b8f0-0c2615524f90|rpc:10.1.0.24:38757|dataStream:|priority:0, bff059a0-da91-4773-b4de-bde692fc76df|rpc:10.1.0.24:36231|dataStream:|priority:1], old=null
2022-03-01 14:09:22,003 [pool-576-thread-1] INFO  server.RaftServer$Division (RaftServerImpl.java:setRole(290)) - 28de1d07-eef3-4d95-867d-a76d45cc8bed@group-759F0C1CD132: changes role from      null to FOLLOWER at term 0 for startAsFollower
2022-03-01 14:09:22,003 [pool-576-thread-1] INFO  impl.RoleInfo (RoleInfo.java:updateAndGet(130)) - 28de1d07-eef3-4d95-867d-a76d45cc8bed: start 28de1d07-eef3-4d95-867d-a76d45cc8bed@group-759F0C1CD132-FollowerState
2022-03-01 14:09:22,013 [pool-576-thread-1] INFO  util.JmxRegister (JmxRegister.java:tryRegister(44)) - Successfully registered JMX Bean with object name Ratis:service=RaftServer,group=group-759F0C1CD132,id=28de1d07-eef3-4d95-867d-a76d45cc8bed
2022-03-01 14:09:22,045 [Command processor thread] INFO  commandhandler.CreatePipelineCommandHandler (CreatePipelineCommandHandler.java:handle(106)) - Created Pipeline RATIS THREE PipelineID=47a4a78d-c2e4-4466-9fc0-759f0c1cd132.
2022-03-01 14:09:22,045 [Command processor thread] INFO  server.RaftServer (RaftServerProxy.java:addNew(95)) - bcb4855e-56af-49db-b8f0-0c2615524f90: addNew group-5F9707FFCBF1:[28de1d07-eef3-4d95-867d-a76d45cc8bed|rpc:10.1.0.24:40517|priority:0, bff059a0-da91-4773-b4de-bde692fc76df|rpc:10.1.0.24:36231|priority:0, bcb4855e-56af-49db-b8f0-0c2615524f90|rpc:10.1.0.24:38757|priority:1] returns group-5F9707FFCBF1:java.util.concurrent.CompletableFuture@56ebfc62[Not completed]
2022-03-01 14:09:22,046 [pool-534-thread-1] INFO  server.RaftServer$Division (RaftServerImpl.java:<init>(184)) - bcb4855e-56af-49db-b8f0-0c2615524f90: new RaftServerImpl for group-5F9707FFCBF1:[28de1d07-eef3-4d95-867d-a76d45cc8bed|rpc:10.1.0.24:40517|priority:0, bff059a0-da91-4773-b4de-bde692fc76df|rpc:10.1.0.24:36231|priority:0, bcb4855e-56af-49db-b8f0-0c2615524f90|rpc:10.1.0.24:38757|priority:1] with ContainerStateMachine:uninitialized
2022-03-01 14:09:22,046 [pool-534-thread-1] INFO  server.RaftServerConfigKeys (ConfUtils.java:logGet(44)) - raft.server.rpc.timeout.min = 5s (custom)
2022-03-01 14:09:22,046 [pool-534-thread-1] INFO  server.RaftServerConfigKeys (ConfUtils.java:logGet(44)) - raft.server.rpc.timeout.max = 5200ms (custom)
2022-03-01 14:09:22,046 [pool-534-thread-1] INFO  server.RaftServerConfigKeys (ConfUtils.java:logGet(44)) - raft.server.rpc.sleep.time = 25ms (default)
2022-03-01 14:09:22,046 [pool-534-thread-1] INFO  server.RaftServerConfigKeys (ConfUtils.java:logGet(44)) - raft.server.rpc.slowness.timeout = 300s (custom)
2022-03-01 14:09:22,046 [pool-534-thread-1] INFO  server.RaftServerConfigKeys (ConfUtils.java:logGet(44)) - raft.server.leaderelection.leader.step-down.wait-time = 10s (default)
2022-03-01 14:09:22,046 [pool-534-thread-1] INFO  server.RaftServerConfigKeys (ConfUtils.java:logGet(44)) - raft.server.sleep.deviation.threshold = 300ms (default)
2022-03-01 14:09:22,046 [pool-534-thread-1] INFO  server.RaftServerConfigKeys (ConfUtils.java:logGet(44)) - raft.server.log.appender.install.snapshot.enabled = false (custom)
2022-03-01 14:09:22,046 [pool-534-thread-1] INFO  server.RaftServer$Division (ServerState.java:<init>(105)) - bcb4855e-56af-49db-b8f0-0c2615524f90@group-5F9707FFCBF1: ConfigurationManager, init=-1: [28de1d07-eef3-4d95-867d-a76d45cc8bed|rpc:10.1.0.24:40517|priority:0, bff059a0-da91-4773-b4de-bde692fc76df|rpc:10.1.0.24:36231|priority:0, bcb4855e-56af-49db-b8f0-0c2615524f90|rpc:10.1.0.24:38757|priority:1], old=null, confs=<EMPTY_MAP>
2022-03-01 14:09:22,046 [pool-534-thread-1] INFO  server.RaftServerConfigKeys (ConfUtils.java:logGet(44)) - raft.server.storage.dir = [/home/runner/work/ozone/ozone/hadoop-ozone/integration-test/target/test-dir/MiniOzoneClusterImpl-4620bb26-f181-4696-b789-f356cb8b6fd6/datanode-0/data/ratis] (custom)
2022-03-01 14:09:22,046 [pool-534-thread-1] INFO  server.RaftServerConfigKeys (ConfUtils.java:logGet(44)) - raft.server.log.corruption.policy = EXCEPTION (default)
2022-03-01 14:09:22,046 [pool-534-thread-1] INFO  server.RaftServerConfigKeys (ConfUtils.java:logGet(44)) - raft.server.storage.free-space.min = 0MB (=0) (default)
2022-03-01 14:09:22,047 [pool-534-thread-1] INFO  storage.RaftStorageDirectory (RaftStorageDirectoryImpl.java:analyzeStorage(135)) - The storage directory /home/runner/work/ozone/ozone/hadoop-ozone/integration-test/target/test-dir/MiniOzoneClusterImpl-4620bb26-f181-4696-b789-f356cb8b6fd6/datanode-0/data/ratis/105963db-d48b-4a09-b255-5f9707ffcbf1 does not exist. Creating ...
2022-03-01 14:09:22,052 [pool-534-thread-1] INFO  storage.RaftStorageDirectory (RaftStorageDirectoryImpl.java:tryLock(230)) - Lock on /home/runner/work/ozone/ozone/hadoop-ozone/integration-test/target/test-dir/MiniOzoneClusterImpl-4620bb26-f181-4696-b789-f356cb8b6fd6/datanode-0/data/ratis/105963db-d48b-4a09-b255-5f9707ffcbf1/in_use.lock acquired by nodename 10349@fv-az195-209
2022-03-01 14:09:22,058 [pool-534-thread-1] INFO  storage.RaftStorage (RaftStorageImpl.java:format(89)) - Storage directory /home/runner/work/ozone/ozone/hadoop-ozone/integration-test/target/test-dir/MiniOzoneClusterImpl-4620bb26-f181-4696-b789-f356cb8b6fd6/datanode-0/data/ratis/105963db-d48b-4a09-b255-5f9707ffcbf1 has been successfully formatted.
2022-03-01 14:09:22,058 [pool-534-thread-1] INFO  ratis.ContainerStateMachine (ContainerStateMachine.java:loadSnapshot(236)) - group-5F9707FFCBF1: The snapshot info is null. Setting the last applied indexto:(t:0, i:~)
2022-03-01 14:09:22,058 [pool-534-thread-1] INFO  server.RaftServerConfigKeys (ConfUtils.java:logGet(44)) - raft.server.notification.no-leader.timeout = 300s (custom)
2022-03-01 14:09:22,058 [pool-534-thread-1] INFO  server.RaftServerConfigKeys (ConfUtils.java:logGet(44)) - raft.server.log.use.memory = false (default)
2022-03-01 14:09:22,058 [pool-534-thread-1] INFO  server.RaftServerConfigKeys (ConfUtils.java:logGet(44)) - raft.server.log.purge.gap = 1000000 (custom)
2022-03-01 14:09:22,058 [pool-534-thread-1] INFO  server.RaftServerConfigKeys (ConfUtils.java:logGet(44)) - raft.server.log.appender.buffer.byte-limit = 33554432 (custom)
2022-03-01 14:09:22,059 [pool-534-thread-1] INFO  server.RaftServerConfigKeys (ConfUtils.java:logGet(44)) - raft.server.log.segment.size.max = 1048576 (custom)
2022-03-01 14:09:22,059 [pool-534-thread-1] INFO  server.RaftServerConfigKeys (ConfUtils.java:logGet(44)) - raft.server.log.segment.cache.num.max = 2 (custom)
2022-03-01 14:09:22,059 [pool-534-thread-1] INFO  server.RaftServerConfigKeys (ConfUtils.java:logGet(44)) - raft.server.log.segment.cache.size.max = 200MB (=209715200) (default)
2022-03-01 14:09:22,059 [pool-534-thread-1] INFO  segmented.SegmentedRaftLogWorker (SegmentedRaftLogWorker.java:<init>(182)) - new bcb4855e-56af-49db-b8f0-0c2615524f90@group-5F9707FFCBF1-SegmentedRaftLogWorker for RaftStorageImpl:Storage Directory /home/runner/work/ozone/ozone/hadoop-ozone/integration-test/target/test-dir/MiniOzoneClusterImpl-4620bb26-f181-4696-b789-f356cb8b6fd6/datanode-0/data/ratis/105963db-d48b-4a09-b255-5f9707ffcbf1
2022-03-01 14:09:22,059 [pool-534-thread-1] INFO  server.RaftServerConfigKeys (ConfUtils.java:logGet(44)) - raft.server.log.queue.byte-limit = 4294967296 (custom)
2022-03-01 14:09:22,059 [pool-534-thread-1] INFO  server.RaftServerConfigKeys (ConfUtils.java:logGet(44)) - raft.server.log.queue.element-limit = 1024 (custom)
2022-03-01 14:09:22,059 [pool-534-thread-1] INFO  server.RaftServerConfigKeys (ConfUtils.java:logGet(44)) - raft.server.log.segment.size.max = 1048576 (custom)
2022-03-01 14:09:22,059 [pool-534-thread-1] INFO  server.RaftServerConfigKeys (ConfUtils.java:logGet(44)) - raft.server.log.preallocated.size = 16384 (custom)
2022-03-01 14:09:22,060 [pool-534-thread-1] INFO  server.RaftServerConfigKeys (ConfUtils.java:logGet(44)) - raft.server.log.force.sync.num = 128 (default)
2022-03-01 14:09:22,060 [pool-534-thread-1] INFO  server.RaftServerConfigKeys (ConfUtils.java:logGet(44)) - raft.server.log.statemachine.data.sync = true (default)
2022-03-01 14:09:22,060 [pool-534-thread-1] INFO  server.RaftServerConfigKeys (ConfUtils.java:logGet(44)) - raft.server.log.statemachine.data.sync.timeout = 10s (default)
2022-03-01 14:09:22,061 [pool-534-thread-1] INFO  server.RaftServerConfigKeys (ConfUtils.java:logGet(44)) - raft.server.log.statemachine.data.sync.timeout.retry = -1 (default)
2022-03-01 14:09:22,062 [EventQueue-OpenPipelineForHealthyPipelineSafeModeRule] INFO  safemode.SCMSafeModeManager (HealthyPipelineSafeModeRule.java:process(124)) - SCM in safe mode. Healthy pipelines reported count is 0, required healthy pipeline reported count is 1
2022-03-01 14:09:22,063 [pool-534-thread-1] INFO  server.RaftServerConfigKeys (ConfUtils.java:logGet(44)) - raft.server.log.write.buffer.size = 1048576 (custom)
2022-03-01 14:09:22,069 [pool-534-thread-1] INFO  server.RaftServerConfigKeys (ConfUtils.java:logGet(44)) - raft.server.log.statemachine.data.caching.enabled = true (custom)
2022-03-01 14:09:22,069 [pool-534-thread-1] INFO  segmented.SegmentedRaftLogWorker (SegmentedRaftLogWorker.java:lambda$new$0(133)) - bcb4855e-56af-49db-b8f0-0c2615524f90@group-5F9707FFCBF1-SegmentedRaftLogWorker: flushIndex: setUnconditionally 0 -> -1
2022-03-01 14:09:22,072 [pool-534-thread-1] INFO  segmented.SegmentedRaftLogWorker (SegmentedRaftLogWorker.java:lambda$new$0(133)) - bcb4855e-56af-49db-b8f0-0c2615524f90@group-5F9707FFCBF1-SegmentedRaftLogWorker: safeCacheEvictIndex: setUnconditionally 0 -> -1
2022-03-01 14:09:22,089 [pool-534-thread-1] INFO  server.RaftServerConfigKeys (ConfUtils.java:logGet(44)) - raft.server.snapshot.auto.trigger.enabled = true (custom)
2022-03-01 14:09:22,089 [pool-534-thread-1] INFO  server.RaftServerConfigKeys (ConfUtils.java:logGet(44)) - raft.server.snapshot.auto.trigger.threshold = 10000 (custom)
2022-03-01 14:09:22,089 [pool-534-thread-1] INFO  server.RaftServerConfigKeys (ConfUtils.java:logGet(44)) - raft.server.snapshot.retention.file.num = 5 (custom)
2022-03-01 14:09:22,089 [pool-534-thread-1] INFO  server.RaftServerConfigKeys (ConfUtils.java:logGet(44)) - raft.server.log.purge.upto.snapshot.index = false (default)
2022-03-01 14:09:22,089 [pool-534-thread-1] INFO  server.RaftServerConfigKeys (ConfUtils.java:logGet(44)) - raft.server.retrycache.expirytime = 600000ms (custom)
2022-03-01 14:09:22,089 [pool-534-thread-1] INFO  server.RaftServerConfigKeys (ConfUtils.java:logGet(44)) - raft.server.retrycache.statistics.expirytime = 100μs (default)
2022-03-01 14:09:22,090 [pool-534-thread-1] INFO  server.RaftServer$Division (RaftServerImpl.java:start(301)) - bcb4855e-56af-49db-b8f0-0c2615524f90@group-5F9707FFCBF1: start as a follower, conf=-1: [28de1d07-eef3-4d95-867d-a76d45cc8bed|rpc:10.1.0.24:40517|priority:0, bff059a0-da91-4773-b4de-bde692fc76df|rpc:10.1.0.24:36231|priority:0, bcb4855e-56af-49db-b8f0-0c2615524f90|rpc:10.1.0.24:38757|priority:1], old=null
2022-03-01 14:09:22,090 [pool-534-thread-1] INFO  server.RaftServer$Division (RaftServerImpl.java:setRole(290)) - bcb4855e-56af-49db-b8f0-0c2615524f90@group-5F9707FFCBF1: changes role from      null to FOLLOWER at term 0 for startAsFollower
2022-03-01 14:09:22,090 [pool-534-thread-1] INFO  impl.RoleInfo (RoleInfo.java:updateAndGet(130)) - bcb4855e-56af-49db-b8f0-0c2615524f90: start bcb4855e-56af-49db-b8f0-0c2615524f90@group-5F9707FFCBF1-FollowerState
2022-03-01 14:09:22,091 [pool-534-thread-1] INFO  util.JmxRegister (JmxRegister.java:tryRegister(44)) - Successfully registered JMX Bean with object name Ratis:service=RaftServer,group=group-5F9707FFCBF1,id=bcb4855e-56af-49db-b8f0-0c2615524f90
2022-03-01 14:09:22,101 [Command processor thread] INFO  ratis.XceiverServerRatis (XceiverServerRatis.java:addGroup(769)) - Created group PipelineID=105963db-d48b-4a09-b255-5f9707ffcbf1
2022-03-01 14:09:22,113 [grpc-default-executor-3] INFO  server.RaftServer (RaftServerProxy.java:addNew(95)) - bff059a0-da91-4773-b4de-bde692fc76df: addNew group-5F9707FFCBF1:[28de1d07-eef3-4d95-867d-a76d45cc8bed|rpc:10.1.0.24:40517|dataStream:|priority:0, bff059a0-da91-4773-b4de-bde692fc76df|rpc:10.1.0.24:36231|dataStream:|priority:0, bcb4855e-56af-49db-b8f0-0c2615524f90|rpc:10.1.0.24:38757|dataStream:|priority:1] returns group-5F9707FFCBF1:java.util.concurrent.CompletableFuture@54944e16[Not completed]
2022-03-01 14:09:22,115 [pool-555-thread-1] INFO  server.RaftServer$Division (RaftServerImpl.java:<init>(184)) - bff059a0-da91-4773-b4de-bde692fc76df: new RaftServerImpl for group-5F9707FFCBF1:[28de1d07-eef3-4d95-867d-a76d45cc8bed|rpc:10.1.0.24:40517|dataStream:|priority:0, bff059a0-da91-4773-b4de-bde692fc76df|rpc:10.1.0.24:36231|dataStream:|priority:0, bcb4855e-56af-49db-b8f0-0c2615524f90|rpc:10.1.0.24:38757|dataStream:|priority:1] with ContainerStateMachine:uninitialized
2022-03-01 14:09:22,115 [pool-555-thread-1] INFO  server.RaftServerConfigKeys (ConfUtils.java:logGet(44)) - raft.server.rpc.timeout.min = 5s (custom)
2022-03-01 14:09:22,115 [pool-555-thread-1] INFO  server.RaftServerConfigKeys (ConfUtils.java:logGet(44)) - raft.server.rpc.timeout.max = 5200ms (custom)
2022-03-01 14:09:22,115 [pool-555-thread-1] INFO  server.RaftServerConfigKeys (ConfUtils.java:logGet(44)) - raft.server.rpc.sleep.time = 25ms (default)
2022-03-01 14:09:22,115 [pool-555-thread-1] INFO  server.RaftServerConfigKeys (ConfUtils.java:logGet(44)) - raft.server.rpc.slowness.timeout = 300s (custom)
2022-03-01 14:09:22,115 [pool-555-thread-1] INFO  server.RaftServerConfigKeys (ConfUtils.java:logGet(44)) - raft.server.leaderelection.leader.step-down.wait-time = 10s (default)
2022-03-01 14:09:22,115 [pool-555-thread-1] INFO  server.RaftServerConfigKeys (ConfUtils.java:logGet(44)) - raft.server.sleep.deviation.threshold = 300ms (default)
2022-03-01 14:09:22,115 [pool-555-thread-1] INFO  server.RaftServerConfigKeys (ConfUtils.java:logGet(44)) - raft.server.log.appender.install.snapshot.enabled = false (custom)
2022-03-01 14:09:22,115 [pool-555-thread-1] INFO  server.RaftServer$Division (ServerState.java:<init>(105)) - bff059a0-da91-4773-b4de-bde692fc76df@group-5F9707FFCBF1: ConfigurationManager, init=-1: [28de1d07-eef3-4d95-867d-a76d45cc8bed|rpc:10.1.0.24:40517|dataStream:|priority:0, bff059a0-da91-4773-b4de-bde692fc76df|rpc:10.1.0.24:36231|dataStream:|priority:0, bcb4855e-56af-49db-b8f0-0c2615524f90|rpc:10.1.0.24:38757|dataStream:|priority:1], old=null, confs=<EMPTY_MAP>
2022-03-01 14:09:22,115 [pool-555-thread-1] INFO  server.RaftServerConfigKeys (ConfUtils.java:logGet(44)) - raft.server.storage.dir = [/home/runner/work/ozone/ozone/hadoop-ozone/integration-test/target/test-dir/MiniOzoneClusterImpl-4620bb26-f181-4696-b789-f356cb8b6fd6/datanode-1/data/ratis] (custom)
2022-03-01 14:09:22,115 [pool-555-thread-1] INFO  server.RaftServerConfigKeys (ConfUtils.java:logGet(44)) - raft.server.log.corruption.policy = EXCEPTION (default)
2022-03-01 14:09:22,115 [pool-555-thread-1] INFO  server.RaftServerConfigKeys (ConfUtils.java:logGet(44)) - raft.server.storage.free-space.min = 0MB (=0) (default)
2022-03-01 14:09:22,116 [pool-555-thread-1] INFO  storage.RaftStorageDirectory (RaftStorageDirectoryImpl.java:analyzeStorage(135)) - The storage directory /home/runner/work/ozone/ozone/hadoop-ozone/integration-test/target/test-dir/MiniOzoneClusterImpl-4620bb26-f181-4696-b789-f356cb8b6fd6/datanode-1/data/ratis/105963db-d48b-4a09-b255-5f9707ffcbf1 does not exist. Creating ...
2022-03-01 14:09:22,117 [pool-555-thread-1] INFO  storage.RaftStorageDirectory (RaftStorageDirectoryImpl.java:tryLock(230)) - Lock on /home/runner/work/ozone/ozone/hadoop-ozone/integration-test/target/test-dir/MiniOzoneClusterImpl-4620bb26-f181-4696-b789-f356cb8b6fd6/datanode-1/data/ratis/105963db-d48b-4a09-b255-5f9707ffcbf1/in_use.lock acquired by nodename 10349@fv-az195-209
2022-03-01 14:09:22,118 [pool-555-thread-1] INFO  storage.RaftStorage (RaftStorageImpl.java:format(89)) - Storage directory /home/runner/work/ozone/ozone/hadoop-ozone/integration-test/target/test-dir/MiniOzoneClusterImpl-4620bb26-f181-4696-b789-f356cb8b6fd6/datanode-1/data/ratis/105963db-d48b-4a09-b255-5f9707ffcbf1 has been successfully formatted.
2022-03-01 14:09:22,119 [pool-555-thread-1] INFO  ratis.ContainerStateMachine (ContainerStateMachine.java:loadSnapshot(236)) - group-5F9707FFCBF1: The snapshot info is null. Setting the last applied indexto:(t:0, i:~)
2022-03-01 14:09:22,119 [pool-555-thread-1] INFO  server.RaftServerConfigKeys (ConfUtils.java:logGet(44)) - raft.server.notification.no-leader.timeout = 300s (custom)
2022-03-01 14:09:22,119 [pool-555-thread-1] INFO  server.RaftServerConfigKeys (ConfUtils.java:logGet(44)) - raft.server.log.use.memory = false (default)
2022-03-01 14:09:22,119 [pool-555-thread-1] INFO  server.RaftServerConfigKeys (ConfUtils.java:logGet(44)) - raft.server.log.purge.gap = 1000000 (custom)
2022-03-01 14:09:22,119 [pool-555-thread-1] INFO  server.RaftServerConfigKeys (ConfUtils.java:logGet(44)) - raft.server.log.appender.buffer.byte-limit = 33554432 (custom)
2022-03-01 14:09:22,120 [pool-555-thread-1] INFO  server.RaftServerConfigKeys (ConfUtils.java:logGet(44)) - raft.server.log.segment.size.max = 1048576 (custom)
2022-03-01 14:09:22,120 [pool-555-thread-1] INFO  server.RaftServerConfigKeys (ConfUtils.java:logGet(44)) - raft.server.log.segment.cache.num.max = 2 (custom)
2022-03-01 14:09:22,120 [pool-555-thread-1] INFO  server.RaftServerConfigKeys (ConfUtils.java:logGet(44)) - raft.server.log.segment.cache.size.max = 200MB (=209715200) (default)
2022-03-01 14:09:22,120 [pool-555-thread-1] INFO  segmented.SegmentedRaftLogWorker (SegmentedRaftLogWorker.java:<init>(182)) - new bff059a0-da91-4773-b4de-bde692fc76df@group-5F9707FFCBF1-SegmentedRaftLogWorker for RaftStorageImpl:Storage Directory /home/runner/work/ozone/ozone/hadoop-ozone/integration-test/target/test-dir/MiniOzoneClusterImpl-4620bb26-f181-4696-b789-f356cb8b6fd6/datanode-1/data/ratis/105963db-d48b-4a09-b255-5f9707ffcbf1
2022-03-01 14:09:22,120 [pool-555-thread-1] INFO  server.RaftServerConfigKeys (ConfUtils.java:logGet(44)) - raft.server.log.queue.byte-limit = 4294967296 (custom)
2022-03-01 14:09:22,120 [pool-555-thread-1] INFO  server.RaftServerConfigKeys (ConfUtils.java:logGet(44)) - raft.server.log.queue.element-limit = 1024 (custom)
2022-03-01 14:09:22,120 [pool-555-thread-1] INFO  server.RaftServerConfigKeys (ConfUtils.java:logGet(44)) - raft.server.log.segment.size.max = 1048576 (custom)
2022-03-01 14:09:22,120 [pool-555-thread-1] INFO  server.RaftServerConfigKeys (ConfUtils.java:logGet(44)) - raft.server.log.preallocated.size = 16384 (custom)
2022-03-01 14:09:22,120 [pool-555-thread-1] INFO  server.RaftServerConfigKeys (ConfUtils.java:logGet(44)) - raft.server.log.force.sync.num = 128 (default)
2022-03-01 14:09:22,121 [pool-555-thread-1] INFO  server.RaftServerConfigKeys (ConfUtils.java:logGet(44)) - raft.server.log.statemachine.data.sync = true (default)
2022-03-01 14:09:22,121 [pool-555-thread-1] INFO  server.RaftServerConfigKeys (ConfUtils.java:logGet(44)) - raft.server.log.statemachine.data.sync.timeout = 10s (default)
2022-03-01 14:09:22,121 [pool-555-thread-1] INFO  server.RaftServerConfigKeys (ConfUtils.java:logGet(44)) - raft.server.log.statemachine.data.sync.timeout.retry = -1 (default)
2022-03-01 14:09:22,122 [pool-555-thread-1] INFO  server.RaftServerConfigKeys (ConfUtils.java:logGet(44)) - raft.server.log.write.buffer.size = 1048576 (custom)
2022-03-01 14:09:22,122 [pool-555-thread-1] INFO  server.RaftServerConfigKeys (ConfUtils.java:logGet(44)) - raft.server.log.statemachine.data.caching.enabled = true (custom)
2022-03-01 14:09:22,123 [pool-555-thread-1] INFO  segmented.SegmentedRaftLogWorker (SegmentedRaftLogWorker.java:lambda$new$0(133)) - bff059a0-da91-4773-b4de-bde692fc76df@group-5F9707FFCBF1-SegmentedRaftLogWorker: flushIndex: setUnconditionally 0 -> -1
2022-03-01 14:09:22,132 [pool-555-thread-1] INFO  segmented.SegmentedRaftLogWorker (SegmentedRaftLogWorker.java:lambda$new$0(133)) - bff059a0-da91-4773-b4de-bde692fc76df@group-5F9707FFCBF1-SegmentedRaftLogWorker: safeCacheEvictIndex: setUnconditionally 0 -> -1
2022-03-01 14:09:22,149 [pool-555-thread-1] INFO  server.RaftServerConfigKeys (ConfUtils.java:logGet(44)) - raft.server.snapshot.auto.trigger.enabled = true (custom)
2022-03-01 14:09:22,149 [pool-555-thread-1] INFO  server.RaftServerConfigKeys (ConfUtils.java:logGet(44)) - raft.server.snapshot.auto.trigger.threshold = 10000 (custom)
2022-03-01 14:09:22,149 [pool-555-thread-1] INFO  server.RaftServerConfigKeys (ConfUtils.java:logGet(44)) - raft.server.snapshot.retention.file.num = 5 (custom)
2022-03-01 14:09:22,149 [pool-555-thread-1] INFO  server.RaftServerConfigKeys (ConfUtils.java:logGet(44)) - raft.server.log.purge.upto.snapshot.index = false (default)
2022-03-01 14:09:22,149 [pool-555-thread-1] INFO  server.RaftServerConfigKeys (ConfUtils.java:logGet(44)) - raft.server.retrycache.expirytime = 600000ms (custom)
2022-03-01 14:09:22,149 [pool-555-thread-1] INFO  server.RaftServerConfigKeys (ConfUtils.java:logGet(44)) - raft.server.retrycache.statistics.expirytime = 100μs (default)
2022-03-01 14:09:22,151 [pool-555-thread-1] INFO  server.RaftServer$Division (RaftServerImpl.java:start(301)) - bff059a0-da91-4773-b4de-bde692fc76df@group-5F9707FFCBF1: start as a follower, conf=-1: [28de1d07-eef3-4d95-867d-a76d45cc8bed|rpc:10.1.0.24:40517|dataStream:|priority:0, bff059a0-da91-4773-b4de-bde692fc76df|rpc:10.1.0.24:36231|dataStream:|priority:0, bcb4855e-56af-49db-b8f0-0c2615524f90|rpc:10.1.0.24:38757|dataStream:|priority:1], old=null
2022-03-01 14:09:22,151 [pool-555-thread-1] INFO  server.RaftServer$Division (RaftServerImpl.java:setRole(290)) - bff059a0-da91-4773-b4de-bde692fc76df@group-5F9707FFCBF1: changes role from      null to FOLLOWER at term 0 for startAsFollower
2022-03-01 14:09:22,151 [pool-555-thread-1] INFO  impl.RoleInfo (RoleInfo.java:updateAndGet(130)) - bff059a0-da91-4773-b4de-bde692fc76df: start bff059a0-da91-4773-b4de-bde692fc76df@group-5F9707FFCBF1-FollowerState
2022-03-01 14:09:22,167 [pool-555-thread-1] INFO  util.JmxRegister (JmxRegister.java:tryRegister(44)) - Successfully registered JMX Bean with object name Ratis:service=RaftServer,group=group-5F9707FFCBF1,id=bff059a0-da91-4773-b4de-bde692fc76df
2022-03-01 14:09:22,204 [grpc-default-executor-3] INFO  server.RaftServer (RaftServerProxy.java:addNew(95)) - 28de1d07-eef3-4d95-867d-a76d45cc8bed: addNew group-5F9707FFCBF1:[28de1d07-eef3-4d95-867d-a76d45cc8bed|rpc:10.1.0.24:40517|dataStream:|priority:0, bff059a0-da91-4773-b4de-bde692fc76df|rpc:10.1.0.24:36231|dataStream:|priority:0, bcb4855e-56af-49db-b8f0-0c2615524f90|rpc:10.1.0.24:38757|dataStream:|priority:1] returns group-5F9707FFCBF1:java.util.concurrent.CompletableFuture@10eaef9b[Not completed]
2022-03-01 14:09:22,205 [pool-576-thread-1] INFO  server.RaftServer$Division (RaftServerImpl.java:<init>(184)) - 28de1d07-eef3-4d95-867d-a76d45cc8bed: new RaftServerImpl for group-5F9707FFCBF1:[28de1d07-eef3-4d95-867d-a76d45cc8bed|rpc:10.1.0.24:40517|dataStream:|priority:0, bff059a0-da91-4773-b4de-bde692fc76df|rpc:10.1.0.24:36231|dataStream:|priority:0, bcb4855e-56af-49db-b8f0-0c2615524f90|rpc:10.1.0.24:38757|dataStream:|priority:1] with ContainerStateMachine:uninitialized
2022-03-01 14:09:22,205 [pool-576-thread-1] INFO  server.RaftServerConfigKeys (ConfUtils.java:logGet(44)) - raft.server.rpc.timeout.min = 5s (custom)
2022-03-01 14:09:22,205 [pool-576-thread-1] INFO  server.RaftServerConfigKeys (ConfUtils.java:logGet(44)) - raft.server.rpc.timeout.max = 5200ms (custom)
2022-03-01 14:09:22,205 [pool-576-thread-1] INFO  server.RaftServerConfigKeys (ConfUtils.java:logGet(44)) - raft.server.rpc.sleep.time = 25ms (default)
2022-03-01 14:09:22,205 [pool-576-thread-1] INFO  server.RaftServerConfigKeys (ConfUtils.java:logGet(44)) - raft.server.rpc.slowness.timeout = 300s (custom)
2022-03-01 14:09:22,205 [pool-576-thread-1] INFO  server.RaftServerConfigKeys (ConfUtils.java:logGet(44)) - raft.server.leaderelection.leader.step-down.wait-time = 10s (default)
2022-03-01 14:09:22,205 [pool-576-thread-1] INFO  server.RaftServerConfigKeys (ConfUtils.java:logGet(44)) - raft.server.sleep.deviation.threshold = 300ms (default)
2022-03-01 14:09:22,205 [pool-576-thread-1] INFO  server.RaftServerConfigKeys (ConfUtils.java:logGet(44)) - raft.server.log.appender.install.snapshot.enabled = false (custom)
2022-03-01 14:09:22,205 [pool-576-thread-1] INFO  server.RaftServer$Division (ServerState.java:<init>(105)) - 28de1d07-eef3-4d95-867d-a76d45cc8bed@group-5F9707FFCBF1: ConfigurationManager, init=-1: [28de1d07-eef3-4d95-867d-a76d45cc8bed|rpc:10.1.0.24:40517|dataStream:|priority:0, bff059a0-da91-4773-b4de-bde692fc76df|rpc:10.1.0.24:36231|dataStream:|priority:0, bcb4855e-56af-49db-b8f0-0c2615524f90|rpc:10.1.0.24:38757|dataStream:|priority:1], old=null, confs=<EMPTY_MAP>
2022-03-01 14:09:22,205 [pool-576-thread-1] INFO  server.RaftServerConfigKeys (ConfUtils.java:logGet(44)) - raft.server.storage.dir = [/home/runner/work/ozone/ozone/hadoop-ozone/integration-test/target/test-dir/MiniOzoneClusterImpl-4620bb26-f181-4696-b789-f356cb8b6fd6/datanode-2/data/ratis] (custom)
2022-03-01 14:09:22,205 [pool-576-thread-1] INFO  server.RaftServerConfigKeys (ConfUtils.java:logGet(44)) - raft.server.log.corruption.policy = EXCEPTION (default)
2022-03-01 14:09:22,205 [pool-576-thread-1] INFO  server.RaftServerConfigKeys (ConfUtils.java:logGet(44)) - raft.server.storage.free-space.min = 0MB (=0) (default)
2022-03-01 14:09:22,206 [pool-576-thread-1] INFO  storage.RaftStorageDirectory (RaftStorageDirectoryImpl.java:analyzeStorage(135)) - The storage directory /home/runner/work/ozone/ozone/hadoop-ozone/integration-test/target/test-dir/MiniOzoneClusterImpl-4620bb26-f181-4696-b789-f356cb8b6fd6/datanode-2/data/ratis/105963db-d48b-4a09-b255-5f9707ffcbf1 does not exist. Creating ...
2022-03-01 14:09:22,207 [pool-576-thread-1] INFO  storage.RaftStorageDirectory (RaftStorageDirectoryImpl.java:tryLock(230)) - Lock on /home/runner/work/ozone/ozone/hadoop-ozone/integration-test/target/test-dir/MiniOzoneClusterImpl-4620bb26-f181-4696-b789-f356cb8b6fd6/datanode-2/data/ratis/105963db-d48b-4a09-b255-5f9707ffcbf1/in_use.lock acquired by nodename 10349@fv-az195-209
2022-03-01 14:09:22,215 [pool-576-thread-1] INFO  storage.RaftStorage (RaftStorageImpl.java:format(89)) - Storage directory /home/runner/work/ozone/ozone/hadoop-ozone/integration-test/target/test-dir/MiniOzoneClusterImpl-4620bb26-f181-4696-b789-f356cb8b6fd6/datanode-2/data/ratis/105963db-d48b-4a09-b255-5f9707ffcbf1 has been successfully formatted.
2022-03-01 14:09:22,216 [pool-576-thread-1] INFO  ratis.ContainerStateMachine (ContainerStateMachine.java:loadSnapshot(236)) - group-5F9707FFCBF1: The snapshot info is null. Setting the last applied indexto:(t:0, i:~)
2022-03-01 14:09:22,217 [pool-576-thread-1] INFO  server.RaftServerConfigKeys (ConfUtils.java:logGet(44)) - raft.server.notification.no-leader.timeout = 300s (custom)
2022-03-01 14:09:22,217 [pool-576-thread-1] INFO  server.RaftServerConfigKeys (ConfUtils.java:logGet(44)) - raft.server.log.use.memory = false (default)
2022-03-01 14:09:22,217 [pool-576-thread-1] INFO  server.RaftServerConfigKeys (ConfUtils.java:logGet(44)) - raft.server.log.purge.gap = 1000000 (custom)
2022-03-01 14:09:22,217 [pool-576-thread-1] INFO  server.RaftServerConfigKeys (ConfUtils.java:logGet(44)) - raft.server.log.appender.buffer.byte-limit = 33554432 (custom)
2022-03-01 14:09:22,217 [pool-576-thread-1] INFO  server.RaftServerConfigKeys (ConfUtils.java:logGet(44)) - raft.server.log.segment.size.max = 1048576 (custom)
2022-03-01 14:09:22,218 [pool-576-thread-1] INFO  server.RaftServerConfigKeys (ConfUtils.java:logGet(44)) - raft.server.log.segment.cache.num.max = 2 (custom)
2022-03-01 14:09:22,218 [pool-576-thread-1] INFO  server.RaftServerConfigKeys (ConfUtils.java:logGet(44)) - raft.server.log.segment.cache.size.max = 200MB (=209715200) (default)
2022-03-01 14:09:22,218 [pool-576-thread-1] INFO  segmented.SegmentedRaftLogWorker (SegmentedRaftLogWorker.java:<init>(182)) - new 28de1d07-eef3-4d95-867d-a76d45cc8bed@group-5F9707FFCBF1-SegmentedRaftLogWorker for RaftStorageImpl:Storage Directory /home/runner/work/ozone/ozone/hadoop-ozone/integration-test/target/test-dir/MiniOzoneClusterImpl-4620bb26-f181-4696-b789-f356cb8b6fd6/datanode-2/data/ratis/105963db-d48b-4a09-b255-5f9707ffcbf1
2022-03-01 14:09:22,218 [pool-576-thread-1] INFO  server.RaftServerConfigKeys (ConfUtils.java:logGet(44)) - raft.server.log.queue.byte-limit = 4294967296 (custom)
2022-03-01 14:09:22,218 [pool-576-thread-1] INFO  server.RaftServerConfigKeys (ConfUtils.java:logGet(44)) - raft.server.log.queue.element-limit = 1024 (custom)
2022-03-01 14:09:22,218 [pool-576-thread-1] INFO  server.RaftServerConfigKeys (ConfUtils.java:logGet(44)) - raft.server.log.segment.size.max = 1048576 (custom)
2022-03-01 14:09:22,218 [pool-576-thread-1] INFO  server.RaftServerConfigKeys (ConfUtils.java:logGet(44)) - raft.server.log.preallocated.size = 16384 (custom)
2022-03-01 14:09:22,218 [pool-576-thread-1] INFO  server.RaftServerConfigKeys (ConfUtils.java:logGet(44)) - raft.server.log.force.sync.num = 128 (default)
2022-03-01 14:09:22,218 [pool-576-thread-1] INFO  server.RaftServerConfigKeys (ConfUtils.java:logGet(44)) - raft.server.log.statemachine.data.sync = true (default)
2022-03-01 14:09:22,218 [pool-576-thread-1] INFO  server.RaftServerConfigKeys (ConfUtils.java:logGet(44)) - raft.server.log.statemachine.data.sync.timeout = 10s (default)
2022-03-01 14:09:22,218 [pool-576-thread-1] INFO  server.RaftServerConfigKeys (ConfUtils.java:logGet(44)) - raft.server.log.statemachine.data.sync.timeout.retry = -1 (default)
2022-03-01 14:09:22,219 [pool-576-thread-1] INFO  server.RaftServerConfigKeys (ConfUtils.java:logGet(44)) - raft.server.log.write.buffer.size = 1048576 (custom)
2022-03-01 14:09:22,220 [pool-576-thread-1] INFO  server.RaftServerConfigKeys (ConfUtils.java:logGet(44)) - raft.server.log.statemachine.data.caching.enabled = true (custom)
2022-03-01 14:09:22,220 [pool-576-thread-1] INFO  segmented.SegmentedRaftLogWorker (SegmentedRaftLogWorker.java:lambda$new$0(133)) - 28de1d07-eef3-4d95-867d-a76d45cc8bed@group-5F9707FFCBF1-SegmentedRaftLogWorker: flushIndex: setUnconditionally 0 -> -1
2022-03-01 14:09:22,220 [pool-576-thread-1] INFO  segmented.SegmentedRaftLogWorker (SegmentedRaftLogWorker.java:lambda$new$0(133)) - 28de1d07-eef3-4d95-867d-a76d45cc8bed@group-5F9707FFCBF1-SegmentedRaftLogWorker: safeCacheEvictIndex: setUnconditionally 0 -> -1
2022-03-01 14:09:22,237 [pool-576-thread-1] INFO  server.RaftServerConfigKeys (ConfUtils.java:logGet(44)) - raft.server.snapshot.auto.trigger.enabled = true (custom)
2022-03-01 14:09:22,237 [pool-576-thread-1] INFO  server.RaftServerConfigKeys (ConfUtils.java:logGet(44)) - raft.server.snapshot.auto.trigger.threshold = 10000 (custom)
2022-03-01 14:09:22,237 [pool-576-thread-1] INFO  server.RaftServerConfigKeys (ConfUtils.java:logGet(44)) - raft.server.snapshot.retention.file.num = 5 (custom)
2022-03-01 14:09:22,237 [pool-576-thread-1] INFO  server.RaftServerConfigKeys (ConfUtils.java:logGet(44)) - raft.server.log.purge.upto.snapshot.index = false (default)
2022-03-01 14:09:22,237 [pool-576-thread-1] INFO  server.RaftServerConfigKeys (ConfUtils.java:logGet(44)) - raft.server.retrycache.expirytime = 600000ms (custom)
2022-03-01 14:09:22,237 [pool-576-thread-1] INFO  server.RaftServerConfigKeys (ConfUtils.java:logGet(44)) - raft.server.retrycache.statistics.expirytime = 100μs (default)
2022-03-01 14:09:22,238 [pool-576-thread-1] INFO  server.RaftServer$Division (RaftServerImpl.java:start(301)) - 28de1d07-eef3-4d95-867d-a76d45cc8bed@group-5F9707FFCBF1: start as a follower, conf=-1: [28de1d07-eef3-4d95-867d-a76d45cc8bed|rpc:10.1.0.24:40517|dataStream:|priority:0, bff059a0-da91-4773-b4de-bde692fc76df|rpc:10.1.0.24:36231|dataStream:|priority:0, bcb4855e-56af-49db-b8f0-0c2615524f90|rpc:10.1.0.24:38757|dataStream:|priority:1], old=null
2022-03-01 14:09:22,239 [pool-576-thread-1] INFO  server.RaftServer$Division (RaftServerImpl.java:setRole(290)) - 28de1d07-eef3-4d95-867d-a76d45cc8bed@group-5F9707FFCBF1: changes role from      null to FOLLOWER at term 0 for startAsFollower
2022-03-01 14:09:22,239 [pool-576-thread-1] INFO  impl.RoleInfo (RoleInfo.java:updateAndGet(130)) - 28de1d07-eef3-4d95-867d-a76d45cc8bed: start 28de1d07-eef3-4d95-867d-a76d45cc8bed@group-5F9707FFCBF1-FollowerState
2022-03-01 14:09:22,241 [pool-576-thread-1] INFO  util.JmxRegister (JmxRegister.java:tryRegister(44)) - Successfully registered JMX Bean with object name Ratis:service=RaftServer,group=group-5F9707FFCBF1,id=28de1d07-eef3-4d95-867d-a76d45cc8bed
2022-03-01 14:09:22,310 [Command processor thread] INFO  commandhandler.CreatePipelineCommandHandler (CreatePipelineCommandHandler.java:handle(106)) - Created Pipeline RATIS THREE PipelineID=105963db-d48b-4a09-b255-5f9707ffcbf1.
2022-03-01 14:09:22,473 [Command processor thread] INFO  server.RaftServer (RaftServerProxy.java:addNew(95)) - bff059a0-da91-4773-b4de-bde692fc76df: addNew group-E5907DD0717D:[bff059a0-da91-4773-b4de-bde692fc76df|rpc:10.1.0.24:36231|priority:1] returns group-E5907DD0717D:java.util.concurrent.CompletableFuture@bfb8d90[Not completed]
2022-03-01 14:09:22,474 [pool-555-thread-1] INFO  server.RaftServer$Division (RaftServerImpl.java:<init>(184)) - bff059a0-da91-4773-b4de-bde692fc76df: new RaftServerImpl for group-E5907DD0717D:[bff059a0-da91-4773-b4de-bde692fc76df|rpc:10.1.0.24:36231|priority:1] with ContainerStateMachine:uninitialized
2022-03-01 14:09:22,474 [pool-555-thread-1] INFO  server.RaftServerConfigKeys (ConfUtils.java:logGet(44)) - raft.server.rpc.timeout.min = 5s (custom)
2022-03-01 14:09:22,474 [pool-555-thread-1] INFO  server.RaftServerConfigKeys (ConfUtils.java:logGet(44)) - raft.server.rpc.timeout.max = 5200ms (custom)
2022-03-01 14:09:22,474 [pool-555-thread-1] INFO  server.RaftServerConfigKeys (ConfUtils.java:logGet(44)) - raft.server.rpc.sleep.time = 25ms (default)
2022-03-01 14:09:22,474 [pool-555-thread-1] INFO  server.RaftServerConfigKeys (ConfUtils.java:logGet(44)) - raft.server.rpc.slowness.timeout = 300s (custom)
2022-03-01 14:09:22,474 [pool-555-thread-1] INFO  server.RaftServerConfigKeys (ConfUtils.java:logGet(44)) - raft.server.leaderelection.leader.step-down.wait-time = 10s (default)
2022-03-01 14:09:22,474 [pool-555-thread-1] INFO  server.RaftServerConfigKeys (ConfUtils.java:logGet(44)) - raft.server.sleep.deviation.threshold = 300ms (default)
2022-03-01 14:09:22,474 [pool-555-thread-1] INFO  server.RaftServerConfigKeys (ConfUtils.java:logGet(44)) - raft.server.log.appender.install.snapshot.enabled = false (custom)
2022-03-01 14:09:22,474 [pool-555-thread-1] INFO  server.RaftServer$Division (ServerState.java:<init>(105)) - bff059a0-da91-4773-b4de-bde692fc76df@group-E5907DD0717D: ConfigurationManager, init=-1: [bff059a0-da91-4773-b4de-bde692fc76df|rpc:10.1.0.24:36231|priority:1], old=null, confs=<EMPTY_MAP>
2022-03-01 14:09:22,474 [pool-555-thread-1] INFO  server.RaftServerConfigKeys (ConfUtils.java:logGet(44)) - raft.server.storage.dir = [/home/runner/work/ozone/ozone/hadoop-ozone/integration-test/target/test-dir/MiniOzoneClusterImpl-4620bb26-f181-4696-b789-f356cb8b6fd6/datanode-1/data/ratis] (custom)
2022-03-01 14:09:22,474 [pool-555-thread-1] INFO  server.RaftServerConfigKeys (ConfUtils.java:logGet(44)) - raft.server.log.corruption.policy = EXCEPTION (default)
2022-03-01 14:09:22,474 [pool-555-thread-1] INFO  server.RaftServerConfigKeys (ConfUtils.java:logGet(44)) - raft.server.storage.free-space.min = 0MB (=0) (default)
2022-03-01 14:09:22,474 [pool-555-thread-1] INFO  storage.RaftStorageDirectory (RaftStorageDirectoryImpl.java:analyzeStorage(135)) - The storage directory /home/runner/work/ozone/ozone/hadoop-ozone/integration-test/target/test-dir/MiniOzoneClusterImpl-4620bb26-f181-4696-b789-f356cb8b6fd6/datanode-1/data/ratis/19f3380f-8d2e-41b0-a40f-e5907dd0717d does not exist. Creating ...
2022-03-01 14:09:22,485 [pool-555-thread-1] INFO  storage.RaftStorageDirectory (RaftStorageDirectoryImpl.java:tryLock(230)) - Lock on /home/runner/work/ozone/ozone/hadoop-ozone/integration-test/target/test-dir/MiniOzoneClusterImpl-4620bb26-f181-4696-b789-f356cb8b6fd6/datanode-1/data/ratis/19f3380f-8d2e-41b0-a40f-e5907dd0717d/in_use.lock acquired by nodename 10349@fv-az195-209
2022-03-01 14:09:22,486 [pool-555-thread-1] INFO  storage.RaftStorage (RaftStorageImpl.java:format(89)) - Storage directory /home/runner/work/ozone/ozone/hadoop-ozone/integration-test/target/test-dir/MiniOzoneClusterImpl-4620bb26-f181-4696-b789-f356cb8b6fd6/datanode-1/data/ratis/19f3380f-8d2e-41b0-a40f-e5907dd0717d has been successfully formatted.
2022-03-01 14:09:22,487 [pool-555-thread-1] INFO  ratis.ContainerStateMachine (ContainerStateMachine.java:loadSnapshot(236)) - group-E5907DD0717D: The snapshot info is null. Setting the last applied indexto:(t:0, i:~)
2022-03-01 14:09:22,487 [pool-555-thread-1] INFO  server.RaftServerConfigKeys (ConfUtils.java:logGet(44)) - raft.server.notification.no-leader.timeout = 300s (custom)
2022-03-01 14:09:22,487 [pool-555-thread-1] INFO  server.RaftServerConfigKeys (ConfUtils.java:logGet(44)) - raft.server.log.use.memory = false (default)
2022-03-01 14:09:22,487 [pool-555-thread-1] INFO  server.RaftServerConfigKeys (ConfUtils.java:logGet(44)) - raft.server.log.purge.gap = 1000000 (custom)
2022-03-01 14:09:22,487 [pool-555-thread-1] INFO  server.RaftServerConfigKeys (ConfUtils.java:logGet(44)) - raft.server.log.appender.buffer.byte-limit = 33554432 (custom)
2022-03-01 14:09:22,487 [pool-555-thread-1] INFO  server.RaftServerConfigKeys (ConfUtils.java:logGet(44)) - raft.server.log.segment.size.max = 1048576 (custom)
2022-03-01 14:09:22,488 [pool-555-thread-1] INFO  server.RaftServerConfigKeys (ConfUtils.java:logGet(44)) - raft.server.log.segment.cache.num.max = 2 (custom)
2022-03-01 14:09:22,488 [pool-555-thread-1] INFO  server.RaftServerConfigKeys (ConfUtils.java:logGet(44)) - raft.server.log.segment.cache.size.max = 200MB (=209715200) (default)
2022-03-01 14:09:22,488 [pool-555-thread-1] INFO  segmented.SegmentedRaftLogWorker (SegmentedRaftLogWorker.java:<init>(182)) - new bff059a0-da91-4773-b4de-bde692fc76df@group-E5907DD0717D-SegmentedRaftLogWorker for RaftStorageImpl:Storage Directory /home/runner/work/ozone/ozone/hadoop-ozone/integration-test/target/test-dir/MiniOzoneClusterImpl-4620bb26-f181-4696-b789-f356cb8b6fd6/datanode-1/data/ratis/19f3380f-8d2e-41b0-a40f-e5907dd0717d
2022-03-01 14:09:22,488 [pool-555-thread-1] INFO  server.RaftServerConfigKeys (ConfUtils.java:logGet(44)) - raft.server.log.queue.byte-limit = 4294967296 (custom)
2022-03-01 14:09:22,488 [pool-555-thread-1] INFO  server.RaftServerConfigKeys (ConfUtils.java:logGet(44)) - raft.server.log.queue.element-limit = 1024 (custom)
2022-03-01 14:09:22,488 [pool-555-thread-1] INFO  server.RaftServerConfigKeys (ConfUtils.java:logGet(44)) - raft.server.log.segment.size.max = 1048576 (custom)
2022-03-01 14:09:22,488 [pool-555-thread-1] INFO  server.RaftServerConfigKeys (ConfUtils.java:logGet(44)) - raft.server.log.preallocated.size = 16384 (custom)
2022-03-01 14:09:22,488 [pool-555-thread-1] INFO  server.RaftServerConfigKeys (ConfUtils.java:logGet(44)) - raft.server.log.force.sync.num = 128 (default)
2022-03-01 14:09:22,488 [pool-555-thread-1] INFO  server.RaftServerConfigKeys (ConfUtils.java:logGet(44)) - raft.server.log.statemachine.data.sync = true (default)
2022-03-01 14:09:22,488 [pool-555-thread-1] INFO  server.RaftServerConfigKeys (ConfUtils.java:logGet(44)) - raft.server.log.statemachine.data.sync.timeout = 10s (default)
2022-03-01 14:09:22,488 [pool-555-thread-1] INFO  server.RaftServerConfigKeys (ConfUtils.java:logGet(44)) - raft.server.log.statemachine.data.sync.timeout.retry = -1 (default)
2022-03-01 14:09:22,489 [EventQueue-PipelineReportForPipelineReportHandler] INFO  pipeline.PipelineManagerImpl (PipelineManagerImpl.java:openPipeline(291)) - Pipeline Pipeline[ Id: 19f3380f-8d2e-41b0-a40f-e5907dd0717d, Nodes: bff059a0-da91-4773-b4de-bde692fc76df{ip: 10.1.0.24, host: fv-az195-209.u3nnjwd0vyge1bu22idnsdeq2e.cx.internal.cloudapp.net, ports: [REPLICATION=42365, RATIS=36231, RATIS_ADMIN=36231, RATIS_SERVER=36231, STANDALONE=39631], networkLocation: /default-rack, certSerialId: null, persistedOpState: IN_SERVICE, persistedOpStateExpiryEpochSec: 0}, ReplicationConfig: RATIS/ONE, State:ALLOCATED, leaderId:bff059a0-da91-4773-b4de-bde692fc76df, CreationTimestamp2022-03-01T14:09:19.480Z[Etc/UTC]] moved to OPEN state
2022-03-01 14:09:22,492 [pool-555-thread-1] INFO  server.RaftServerConfigKeys (ConfUtils.java:logGet(44)) - raft.server.log.write.buffer.size = 1048576 (custom)
2022-03-01 14:09:22,493 [59ced422-3795-4659-9922-9f3d7fc7b79b@group-F356CB8B6FD6-StateMachineUpdater] INFO  safemode.HealthyPipelineSafeModeRule (HealthyPipelineSafeModeRule.java:initializeRule(152)) - Refreshed total pipeline count is 0, healthy pipeline threshold count is 1
2022-03-01 14:09:22,493 [EventQueue-OpenPipelineForHealthyPipelineSafeModeRule] INFO  safemode.SCMSafeModeManager (HealthyPipelineSafeModeRule.java:process(124)) - SCM in safe mode. Healthy pipelines reported count is 0, required healthy pipeline reported count is 1
2022-03-01 14:09:22,494 [pool-555-thread-1] INFO  server.RaftServerConfigKeys (ConfUtils.java:logGet(44)) - raft.server.log.statemachine.data.caching.enabled = true (custom)
2022-03-01 14:09:22,494 [pool-555-thread-1] INFO  segmented.SegmentedRaftLogWorker (SegmentedRaftLogWorker.java:lambda$new$0(133)) - bff059a0-da91-4773-b4de-bde692fc76df@group-E5907DD0717D-SegmentedRaftLogWorker: flushIndex: setUnconditionally 0 -> -1
2022-03-01 14:09:22,494 [pool-555-thread-1] INFO  segmented.SegmentedRaftLogWorker (SegmentedRaftLogWorker.java:lambda$new$0(133)) - bff059a0-da91-4773-b4de-bde692fc76df@group-E5907DD0717D-SegmentedRaftLogWorker: safeCacheEvictIndex: setUnconditionally 0 -> -1
2022-03-01 14:09:22,504 [pool-555-thread-1] INFO  server.RaftServerConfigKeys (ConfUtils.java:logGet(44)) - raft.server.snapshot.auto.trigger.enabled = true (custom)
2022-03-01 14:09:22,504 [pool-555-thread-1] INFO  server.RaftServerConfigKeys (ConfUtils.java:logGet(44)) - raft.server.snapshot.auto.trigger.threshold = 10000 (custom)
2022-03-01 14:09:22,504 [pool-555-thread-1] INFO  server.RaftServerConfigKeys (ConfUtils.java:logGet(44)) - raft.server.snapshot.retention.file.num = 5 (custom)
2022-03-01 14:09:22,504 [pool-555-thread-1] INFO  server.RaftServerConfigKeys (ConfUtils.java:logGet(44)) - raft.server.log.purge.upto.snapshot.index = false (default)
2022-03-01 14:09:22,504 [pool-555-thread-1] INFO  server.RaftServerConfigKeys (ConfUtils.java:logGet(44)) - raft.server.retrycache.expirytime = 600000ms (custom)
2022-03-01 14:09:22,504 [pool-555-thread-1] INFO  server.RaftServerConfigKeys (ConfUtils.java:logGet(44)) - raft.server.retrycache.statistics.expirytime = 100μs (default)
2022-03-01 14:09:22,505 [pool-555-thread-1] INFO  server.RaftServer$Division (RaftServerImpl.java:start(301)) - bff059a0-da91-4773-b4de-bde692fc76df@group-E5907DD0717D: start as a follower, conf=-1: [bff059a0-da91-4773-b4de-bde692fc76df|rpc:10.1.0.24:36231|priority:1], old=null
2022-03-01 14:09:22,505 [pool-555-thread-1] INFO  server.RaftServer$Division (RaftServerImpl.java:setRole(290)) - bff059a0-da91-4773-b4de-bde692fc76df@group-E5907DD0717D: changes role from      null to FOLLOWER at term 0 for startAsFollower
2022-03-01 14:09:22,505 [pool-555-thread-1] INFO  impl.RoleInfo (RoleInfo.java:updateAndGet(130)) - bff059a0-da91-4773-b4de-bde692fc76df: start bff059a0-da91-4773-b4de-bde692fc76df@group-E5907DD0717D-FollowerState
2022-03-01 14:09:22,506 [pool-555-thread-1] INFO  util.JmxRegister (JmxRegister.java:tryRegister(44)) - Successfully registered JMX Bean with object name Ratis:service=RaftServer,group=group-E5907DD0717D,id=bff059a0-da91-4773-b4de-bde692fc76df
2022-03-01 14:09:22,508 [Command processor thread] INFO  ratis.XceiverServerRatis (XceiverServerRatis.java:addGroup(769)) - Created group PipelineID=19f3380f-8d2e-41b0-a40f-e5907dd0717d
2022-03-01 14:09:22,508 [Command processor thread] INFO  commandhandler.CreatePipelineCommandHandler (CreatePipelineCommandHandler.java:handle(106)) - Created Pipeline RATIS ONE PipelineID=19f3380f-8d2e-41b0-a40f-e5907dd0717d.
2022-03-01 14:09:22,937 [Listener at 127.0.0.1/43769] INFO  ozone.MiniOzoneClusterImpl (MiniOzoneClusterImpl.java:lambda$waitForClusterToBeReady$0(219)) - Nodes are ready. Got 3 of 3 DN Heartbeats.
2022-03-01 14:09:22,937 [Listener at 127.0.0.1/43769] INFO  ozone.MiniOzoneClusterImpl (MiniOzoneClusterImpl.java:lambda$waitForClusterToBeReady$0(222)) - Waiting for cluster to exit safe mode
2022-03-01 14:09:22,937 [Listener at 127.0.0.1/43769] INFO  ozone.MiniOzoneClusterImpl (MiniOzoneClusterImpl.java:lambda$waitForClusterToBeReady$0(224)) - SCM became leader
2022-03-01 14:09:22,961 [Command processor thread] INFO  server.RaftServer (RaftServerProxy.java:addNew(95)) - 28de1d07-eef3-4d95-867d-a76d45cc8bed: addNew group-24834ECCA4F9:[28de1d07-eef3-4d95-867d-a76d45cc8bed|rpc:10.1.0.24:40517|priority:1] returns group-24834ECCA4F9:java.util.concurrent.CompletableFuture@9a7d1c6[Not completed]
2022-03-01 14:09:22,962 [pool-576-thread-1] INFO  server.RaftServer$Division (RaftServerImpl.java:<init>(184)) - 28de1d07-eef3-4d95-867d-a76d45cc8bed: new RaftServerImpl for group-24834ECCA4F9:[28de1d07-eef3-4d95-867d-a76d45cc8bed|rpc:10.1.0.24:40517|priority:1] with ContainerStateMachine:uninitialized
2022-03-01 14:09:22,962 [pool-576-thread-1] INFO  server.RaftServerConfigKeys (ConfUtils.java:logGet(44)) - raft.server.rpc.timeout.min = 5s (custom)
2022-03-01 14:09:22,962 [pool-576-thread-1] INFO  server.RaftServerConfigKeys (ConfUtils.java:logGet(44)) - raft.server.rpc.timeout.max = 5200ms (custom)
2022-03-01 14:09:22,962 [pool-576-thread-1] INFO  server.RaftServerConfigKeys (ConfUtils.java:logGet(44)) - raft.server.rpc.sleep.time = 25ms (default)
2022-03-01 14:09:22,962 [pool-576-thread-1] INFO  server.RaftServerConfigKeys (ConfUtils.java:logGet(44)) - raft.server.rpc.slowness.timeout = 300s (custom)
2022-03-01 14:09:22,962 [pool-576-thread-1] INFO  server.RaftServerConfigKeys (ConfUtils.java:logGet(44)) - raft.server.leaderelection.leader.step-down.wait-time = 10s (default)
2022-03-01 14:09:22,962 [pool-576-thread-1] INFO  server.RaftServerConfigKeys (ConfUtils.java:logGet(44)) - raft.server.sleep.deviation.threshold = 300ms (default)
2022-03-01 14:09:22,962 [pool-576-thread-1] INFO  server.RaftServerConfigKeys (ConfUtils.java:logGet(44)) - raft.server.log.appender.install.snapshot.enabled = false (custom)
2022-03-01 14:09:22,962 [pool-576-thread-1] INFO  server.RaftServer$Division (ServerState.java:<init>(105)) - 28de1d07-eef3-4d95-867d-a76d45cc8bed@group-24834ECCA4F9: ConfigurationManager, init=-1: [28de1d07-eef3-4d95-867d-a76d45cc8bed|rpc:10.1.0.24:40517|priority:1], old=null, confs=<EMPTY_MAP>
2022-03-01 14:09:22,963 [pool-576-thread-1] INFO  server.RaftServerConfigKeys (ConfUtils.java:logGet(44)) - raft.server.storage.dir = [/home/runner/work/ozone/ozone/hadoop-ozone/integration-test/target/test-dir/MiniOzoneClusterImpl-4620bb26-f181-4696-b789-f356cb8b6fd6/datanode-2/data/ratis] (custom)
2022-03-01 14:09:22,963 [pool-576-thread-1] INFO  server.RaftServerConfigKeys (ConfUtils.java:logGet(44)) - raft.server.log.corruption.policy = EXCEPTION (default)
2022-03-01 14:09:22,963 [pool-576-thread-1] INFO  server.RaftServerConfigKeys (ConfUtils.java:logGet(44)) - raft.server.storage.free-space.min = 0MB (=0) (default)
2022-03-01 14:09:22,963 [pool-576-thread-1] INFO  storage.RaftStorageDirectory (RaftStorageDirectoryImpl.java:analyzeStorage(135)) - The storage directory /home/runner/work/ozone/ozone/hadoop-ozone/integration-test/target/test-dir/MiniOzoneClusterImpl-4620bb26-f181-4696-b789-f356cb8b6fd6/datanode-2/data/ratis/56bd4f76-d30c-41b8-80a1-24834ecca4f9 does not exist. Creating ...
2022-03-01 14:09:22,965 [pool-576-thread-1] INFO  storage.RaftStorageDirectory (RaftStorageDirectoryImpl.java:tryLock(230)) - Lock on /home/runner/work/ozone/ozone/hadoop-ozone/integration-test/target/test-dir/MiniOzoneClusterImpl-4620bb26-f181-4696-b789-f356cb8b6fd6/datanode-2/data/ratis/56bd4f76-d30c-41b8-80a1-24834ecca4f9/in_use.lock acquired by nodename 10349@fv-az195-209
2022-03-01 14:09:22,968 [pool-576-thread-1] INFO  storage.RaftStorage (RaftStorageImpl.java:format(89)) - Storage directory /home/runner/work/ozone/ozone/hadoop-ozone/integration-test/target/test-dir/MiniOzoneClusterImpl-4620bb26-f181-4696-b789-f356cb8b6fd6/datanode-2/data/ratis/56bd4f76-d30c-41b8-80a1-24834ecca4f9 has been successfully formatted.
2022-03-01 14:09:22,968 [pool-576-thread-1] INFO  ratis.ContainerStateMachine (ContainerStateMachine.java:loadSnapshot(236)) - group-24834ECCA4F9: The snapshot info is null. Setting the last applied indexto:(t:0, i:~)
2022-03-01 14:09:22,968 [pool-576-thread-1] INFO  server.RaftServerConfigKeys (ConfUtils.java:logGet(44)) - raft.server.notification.no-leader.timeout = 300s (custom)
2022-03-01 14:09:22,968 [pool-576-thread-1] INFO  server.RaftServerConfigKeys (ConfUtils.java:logGet(44)) - raft.server.log.use.memory = false (default)
2022-03-01 14:09:22,969 [pool-576-thread-1] INFO  server.RaftServerConfigKeys (ConfUtils.java:logGet(44)) - raft.server.log.purge.gap = 1000000 (custom)
2022-03-01 14:09:22,969 [pool-576-thread-1] INFO  server.RaftServerConfigKeys (ConfUtils.java:logGet(44)) - raft.server.log.appender.buffer.byte-limit = 33554432 (custom)
2022-03-01 14:09:22,969 [pool-576-thread-1] INFO  server.RaftServerConfigKeys (ConfUtils.java:logGet(44)) - raft.server.log.segment.size.max = 1048576 (custom)
2022-03-01 14:09:22,969 [EventQueue-PipelineReportForPipelineReportHandler] INFO  pipeline.PipelineManagerImpl (PipelineManagerImpl.java:openPipeline(291)) - Pipeline Pipeline[ Id: 56bd4f76-d30c-41b8-80a1-24834ecca4f9, Nodes: 28de1d07-eef3-4d95-867d-a76d45cc8bed{ip: 10.1.0.24, host: fv-az195-209.u3nnjwd0vyge1bu22idnsdeq2e.cx.internal.cloudapp.net, ports: [REPLICATION=33217, RATIS=40517, RATIS_ADMIN=40517, RATIS_SERVER=40517, STANDALONE=43377], networkLocation: /default-rack, certSerialId: null, persistedOpState: IN_SERVICE, persistedOpStateExpiryEpochSec: 0}, ReplicationConfig: RATIS/ONE, State:ALLOCATED, leaderId:28de1d07-eef3-4d95-867d-a76d45cc8bed, CreationTimestamp2022-03-01T14:09:19.963Z[Etc/UTC]] moved to OPEN state
2022-03-01 14:09:22,970 [pool-576-thread-1] INFO  server.RaftServerConfigKeys (ConfUtils.java:logGet(44)) - raft.server.log.segment.cache.num.max = 2 (custom)
2022-03-01 14:09:22,970 [pool-576-thread-1] INFO  server.RaftServerConfigKeys (ConfUtils.java:logGet(44)) - raft.server.log.segment.cache.size.max = 200MB (=209715200) (default)
2022-03-01 14:09:22,970 [pool-576-thread-1] INFO  segmented.SegmentedRaftLogWorker (SegmentedRaftLogWorker.java:<init>(182)) - new 28de1d07-eef3-4d95-867d-a76d45cc8bed@group-24834ECCA4F9-SegmentedRaftLogWorker for RaftStorageImpl:Storage Directory /home/runner/work/ozone/ozone/hadoop-ozone/integration-test/target/test-dir/MiniOzoneClusterImpl-4620bb26-f181-4696-b789-f356cb8b6fd6/datanode-2/data/ratis/56bd4f76-d30c-41b8-80a1-24834ecca4f9
2022-03-01 14:09:22,970 [pool-576-thread-1] INFO  server.RaftServerConfigKeys (ConfUtils.java:logGet(44)) - raft.server.log.queue.byte-limit = 4294967296 (custom)
2022-03-01 14:09:22,970 [pool-576-thread-1] INFO  server.RaftServerConfigKeys (ConfUtils.java:logGet(44)) - raft.server.log.queue.element-limit = 1024 (custom)
2022-03-01 14:09:22,970 [pool-576-thread-1] INFO  server.RaftServerConfigKeys (ConfUtils.java:logGet(44)) - raft.server.log.segment.size.max = 1048576 (custom)
2022-03-01 14:09:22,970 [pool-576-thread-1] INFO  server.RaftServerConfigKeys (ConfUtils.java:logGet(44)) - raft.server.log.preallocated.size = 16384 (custom)
2022-03-01 14:09:22,971 [59ced422-3795-4659-9922-9f3d7fc7b79b@group-F356CB8B6FD6-StateMachineUpdater] INFO  safemode.HealthyPipelineSafeModeRule (HealthyPipelineSafeModeRule.java:initializeRule(152)) - Refreshed total pipeline count is 0, healthy pipeline threshold count is 1
2022-03-01 14:09:22,971 [EventQueue-OpenPipelineForHealthyPipelineSafeModeRule] INFO  safemode.SCMSafeModeManager (HealthyPipelineSafeModeRule.java:process(124)) - SCM in safe mode. Healthy pipelines reported count is 0, required healthy pipeline reported count is 1
2022-03-01 14:09:22,972 [pool-576-thread-1] INFO  server.RaftServerConfigKeys (ConfUtils.java:logGet(44)) - raft.server.log.force.sync.num = 128 (default)
2022-03-01 14:09:22,972 [pool-576-thread-1] INFO  server.RaftServerConfigKeys (ConfUtils.java:logGet(44)) - raft.server.log.statemachine.data.sync = true (default)
2022-03-01 14:09:22,972 [pool-576-thread-1] INFO  server.RaftServerConfigKeys (ConfUtils.java:logGet(44)) - raft.server.log.statemachine.data.sync.timeout = 10s (default)
2022-03-01 14:09:22,972 [pool-576-thread-1] INFO  server.RaftServerConfigKeys (ConfUtils.java:logGet(44)) - raft.server.log.statemachine.data.sync.timeout.retry = -1 (default)
2022-03-01 14:09:22,973 [pool-576-thread-1] INFO  server.RaftServerConfigKeys (ConfUtils.java:logGet(44)) - raft.server.log.write.buffer.size = 1048576 (custom)
2022-03-01 14:09:22,973 [pool-576-thread-1] INFO  server.RaftServerConfigKeys (ConfUtils.java:logGet(44)) - raft.server.log.statemachine.data.caching.enabled = true (custom)
2022-03-01 14:09:22,974 [pool-576-thread-1] INFO  segmented.SegmentedRaftLogWorker (SegmentedRaftLogWorker.java:lambda$new$0(133)) - 28de1d07-eef3-4d95-867d-a76d45cc8bed@group-24834ECCA4F9-SegmentedRaftLogWorker: flushIndex: setUnconditionally 0 -> -1
2022-03-01 14:09:22,974 [pool-576-thread-1] INFO  segmented.SegmentedRaftLogWorker (SegmentedRaftLogWorker.java:lambda$new$0(133)) - 28de1d07-eef3-4d95-867d-a76d45cc8bed@group-24834ECCA4F9-SegmentedRaftLogWorker: safeCacheEvictIndex: setUnconditionally 0 -> -1
2022-03-01 14:09:22,981 [pool-576-thread-1] INFO  server.RaftServerConfigKeys (ConfUtils.java:logGet(44)) - raft.server.snapshot.auto.trigger.enabled = true (custom)
2022-03-01 14:09:22,981 [pool-576-thread-1] INFO  server.RaftServerConfigKeys (ConfUtils.java:logGet(44)) - raft.server.snapshot.auto.trigger.threshold = 10000 (custom)
2022-03-01 14:09:22,981 [pool-576-thread-1] INFO  server.RaftServerConfigKeys (ConfUtils.java:logGet(44)) - raft.server.snapshot.retention.file.num = 5 (custom)
2022-03-01 14:09:22,981 [pool-576-thread-1] INFO  server.RaftServerConfigKeys (ConfUtils.java:logGet(44)) - raft.server.log.purge.upto.snapshot.index = false (default)
2022-03-01 14:09:22,981 [pool-576-thread-1] INFO  server.RaftServerConfigKeys (ConfUtils.java:logGet(44)) - raft.server.retrycache.expirytime = 600000ms (custom)
2022-03-01 14:09:22,981 [pool-576-thread-1] INFO  server.RaftServerConfigKeys (ConfUtils.java:logGet(44)) - raft.server.retrycache.statistics.expirytime = 100μs (default)
2022-03-01 14:09:22,982 [pool-576-thread-1] INFO  server.RaftServer$Division (RaftServerImpl.java:start(301)) - 28de1d07-eef3-4d95-867d-a76d45cc8bed@group-24834ECCA4F9: start as a follower, conf=-1: [28de1d07-eef3-4d95-867d-a76d45cc8bed|rpc:10.1.0.24:40517|priority:1], old=null
2022-03-01 14:09:22,986 [pool-576-thread-1] INFO  server.RaftServer$Division (RaftServerImpl.java:setRole(290)) - 28de1d07-eef3-4d95-867d-a76d45cc8bed@group-24834ECCA4F9: changes role from      null to FOLLOWER at term 0 for startAsFollower
2022-03-01 14:09:22,993 [pool-576-thread-1] INFO  impl.RoleInfo (RoleInfo.java:updateAndGet(130)) - 28de1d07-eef3-4d95-867d-a76d45cc8bed: start 28de1d07-eef3-4d95-867d-a76d45cc8bed@group-24834ECCA4F9-FollowerState
2022-03-01 14:09:23,001 [pool-576-thread-1] INFO  util.JmxRegister (JmxRegister.java:tryRegister(44)) - Successfully registered JMX Bean with object name Ratis:service=RaftServer,group=group-24834ECCA4F9,id=28de1d07-eef3-4d95-867d-a76d45cc8bed
2022-03-01 14:09:23,013 [Command processor thread] INFO  ratis.XceiverServerRatis (XceiverServerRatis.java:addGroup(769)) - Created group PipelineID=56bd4f76-d30c-41b8-80a1-24834ecca4f9
2022-03-01 14:09:23,013 [Command processor thread] INFO  commandhandler.CreatePipelineCommandHandler (CreatePipelineCommandHandler.java:handle(106)) - Created Pipeline RATIS ONE PipelineID=56bd4f76-d30c-41b8-80a1-24834ecca4f9.
2022-03-01 14:09:23,941 [Listener at 127.0.0.1/43769] INFO  ozone.MiniOzoneClusterImpl (MiniOzoneClusterImpl.java:lambda$waitForClusterToBeReady$0(219)) - Nodes are ready. Got 3 of 3 DN Heartbeats.
2022-03-01 14:09:23,941 [Listener at 127.0.0.1/43769] INFO  ozone.MiniOzoneClusterImpl (MiniOzoneClusterImpl.java:lambda$waitForClusterToBeReady$0(222)) - Waiting for cluster to exit safe mode
2022-03-01 14:09:23,941 [Listener at 127.0.0.1/43769] INFO  ozone.MiniOzoneClusterImpl (MiniOzoneClusterImpl.java:lambda$waitForClusterToBeReady$0(224)) - SCM became leader
2022-03-01 14:09:24,941 [Listener at 127.0.0.1/43769] INFO  ozone.MiniOzoneClusterImpl (MiniOzoneClusterImpl.java:lambda$waitForClusterToBeReady$0(219)) - Nodes are ready. Got 3 of 3 DN Heartbeats.
2022-03-01 14:09:24,942 [Listener at 127.0.0.1/43769] INFO  ozone.MiniOzoneClusterImpl (MiniOzoneClusterImpl.java:lambda$waitForClusterToBeReady$0(222)) - Waiting for cluster to exit safe mode
2022-03-01 14:09:24,942 [Listener at 127.0.0.1/43769] INFO  ozone.MiniOzoneClusterImpl (MiniOzoneClusterImpl.java:lambda$waitForClusterToBeReady$0(224)) - SCM became leader
2022-03-01 14:09:25,942 [Listener at 127.0.0.1/43769] INFO  ozone.MiniOzoneClusterImpl (MiniOzoneClusterImpl.java:lambda$waitForClusterToBeReady$0(219)) - Nodes are ready. Got 3 of 3 DN Heartbeats.
2022-03-01 14:09:25,942 [Listener at 127.0.0.1/43769] INFO  ozone.MiniOzoneClusterImpl (MiniOzoneClusterImpl.java:lambda$waitForClusterToBeReady$0(222)) - Waiting for cluster to exit safe mode
2022-03-01 14:09:25,942 [Listener at 127.0.0.1/43769] INFO  ozone.MiniOzoneClusterImpl (MiniOzoneClusterImpl.java:lambda$waitForClusterToBeReady$0(224)) - SCM became leader
2022-03-01 14:09:26,834 [bcb4855e-56af-49db-b8f0-0c2615524f90@group-016E0D779A02-FollowerState] INFO  impl.FollowerState (FollowerState.java:run(134)) - bcb4855e-56af-49db-b8f0-0c2615524f90@group-016E0D779A02-FollowerState: change to CANDIDATE, lastRpcElapsedTime:5055102848ns, electionTimeout:5054ms
2022-03-01 14:09:26,834 [bcb4855e-56af-49db-b8f0-0c2615524f90@group-016E0D779A02-FollowerState] INFO  impl.RoleInfo (RoleInfo.java:shutdownFollowerState(108)) - bcb4855e-56af-49db-b8f0-0c2615524f90: shutdown bcb4855e-56af-49db-b8f0-0c2615524f90@group-016E0D779A02-FollowerState
2022-03-01 14:09:26,834 [bcb4855e-56af-49db-b8f0-0c2615524f90@group-016E0D779A02-FollowerState] INFO  server.RaftServer$Division (RaftServerImpl.java:setRole(290)) - bcb4855e-56af-49db-b8f0-0c2615524f90@group-016E0D779A02: changes role from  FOLLOWER to CANDIDATE at term 0 for changeToCandidate
2022-03-01 14:09:26,834 [bcb4855e-56af-49db-b8f0-0c2615524f90@group-016E0D779A02-FollowerState] INFO  server.RaftServerConfigKeys (ConfUtils.java:logGet(44)) - raft.server.leaderelection.pre-vote = false (custom)
2022-03-01 14:09:26,834 [bcb4855e-56af-49db-b8f0-0c2615524f90@group-016E0D779A02-FollowerState] INFO  impl.RoleInfo (RoleInfo.java:updateAndGet(130)) - bcb4855e-56af-49db-b8f0-0c2615524f90: start bcb4855e-56af-49db-b8f0-0c2615524f90@group-016E0D779A02-LeaderElection50
2022-03-01 14:09:26,859 [bcb4855e-56af-49db-b8f0-0c2615524f90@group-016E0D779A02-LeaderElection50] INFO  impl.LeaderElection (LeaderElection.java:askForVotes(306)) - bcb4855e-56af-49db-b8f0-0c2615524f90@group-016E0D779A02-LeaderElection50 ELECTION round 0: submit vote requests at term 1 for -1: [bcb4855e-56af-49db-b8f0-0c2615524f90|rpc:10.1.0.24:38757|priority:1], old=null
2022-03-01 14:09:26,859 [bcb4855e-56af-49db-b8f0-0c2615524f90@group-016E0D779A02-LeaderElection50] INFO  impl.LeaderElection (LeaderElection.java:askForVotes(308)) - bcb4855e-56af-49db-b8f0-0c2615524f90@group-016E0D779A02-LeaderElection50 ELECTION round 0: result PASSED (term=1)
2022-03-01 14:09:26,859 [bcb4855e-56af-49db-b8f0-0c2615524f90@group-016E0D779A02-LeaderElection50] INFO  impl.RoleInfo (RoleInfo.java:shutdownLeaderElection(121)) - bcb4855e-56af-49db-b8f0-0c2615524f90: shutdown bcb4855e-56af-49db-b8f0-0c2615524f90@group-016E0D779A02-LeaderElection50
2022-03-01 14:09:26,859 [bcb4855e-56af-49db-b8f0-0c2615524f90@group-016E0D779A02-LeaderElection50] INFO  server.RaftServer$Division (RaftServerImpl.java:setRole(290)) - bcb4855e-56af-49db-b8f0-0c2615524f90@group-016E0D779A02: changes role from CANDIDATE to LEADER at term 1 for changeToLeader
2022-03-01 14:09:26,859 [bcb4855e-56af-49db-b8f0-0c2615524f90@group-016E0D779A02-LeaderElection50] INFO  ratis.XceiverServerRatis (XceiverServerRatis.java:handleLeaderChangedNotification(867)) - Leader change notification received for group: group-016E0D779A02 with new leaderId: bcb4855e-56af-49db-b8f0-0c2615524f90
2022-03-01 14:09:26,860 [bcb4855e-56af-49db-b8f0-0c2615524f90@group-016E0D779A02-LeaderElection50] INFO  server.RaftServer$Division (ServerState.java:setLeader(285)) - bcb4855e-56af-49db-b8f0-0c2615524f90@group-016E0D779A02: change Leader from null to bcb4855e-56af-49db-b8f0-0c2615524f90 at term 1 for becomeLeader, leader elected after 5153ms
2022-03-01 14:09:26,860 [bcb4855e-56af-49db-b8f0-0c2615524f90@group-016E0D779A02-LeaderElection50] INFO  server.RaftServerConfigKeys (ConfUtils.java:logGet(44)) - raft.server.staging.catchup.gap = 1000 (default)
2022-03-01 14:09:26,860 [bcb4855e-56af-49db-b8f0-0c2615524f90@group-016E0D779A02-LeaderElection50] INFO  server.RaftServerConfigKeys (ConfUtils.java:logGet(44)) - raft.server.write.element-limit = 1024 (custom)
2022-03-01 14:09:26,860 [bcb4855e-56af-49db-b8f0-0c2615524f90@group-016E0D779A02-LeaderElection50] INFO  server.RaftServerConfigKeys (ConfUtils.java:logGet(44)) - raft.server.write.byte-limit = 1024 M (=1073741824) (custom)
2022-03-01 14:09:26,860 [bcb4855e-56af-49db-b8f0-0c2615524f90@group-016E0D779A02-LeaderElection50] INFO  server.RaftServerConfigKeys (ConfUtils.java:logGet(44)) - raft.server.watch.timeout = 180s (custom)
2022-03-01 14:09:26,860 [bcb4855e-56af-49db-b8f0-0c2615524f90@group-016E0D779A02-LeaderElection50] INFO  server.RaftServerConfigKeys (ConfUtils.java:logGet(44)) - raft.server.watch.timeout.denomination = 1s (default)
2022-03-01 14:09:26,860 [bcb4855e-56af-49db-b8f0-0c2615524f90@group-016E0D779A02-LeaderElection50] INFO  server.RaftServerConfigKeys (ConfUtils.java:logGet(44)) - raft.server.watch.element-limit = 65536 (default)
2022-03-01 14:09:26,860 [bcb4855e-56af-49db-b8f0-0c2615524f90@group-016E0D779A02-LeaderElection50] INFO  server.RaftServerConfigKeys (ConfUtils.java:logGet(44)) - raft.server.write.element-limit = 1024 (custom)
2022-03-01 14:09:26,869 [EventQueue-OpenPipelineForHealthyPipelineSafeModeRule] INFO  safemode.SCMSafeModeManager (HealthyPipelineSafeModeRule.java:process(124)) - SCM in safe mode. Healthy pipelines reported count is 0, required healthy pipeline reported count is 1
2022-03-01 14:09:26,869 [bcb4855e-56af-49db-b8f0-0c2615524f90@group-016E0D779A02-LeaderElection50] INFO  server.RaftServerConfigKeys (ConfUtils.java:logGet(44)) - raft.server.write.follower.gap.ratio.max = -1.0 (default)
2022-03-01 14:09:26,869 [bcb4855e-56af-49db-b8f0-0c2615524f90@group-016E0D779A02-LeaderElection50] INFO  impl.RoleInfo (RoleInfo.java:updateAndGet(130)) - bcb4855e-56af-49db-b8f0-0c2615524f90: start bcb4855e-56af-49db-b8f0-0c2615524f90@group-016E0D779A02-LeaderStateImpl
2022-03-01 14:09:26,870 [bcb4855e-56af-49db-b8f0-0c2615524f90@group-016E0D779A02-LeaderElection50] INFO  segmented.SegmentedRaftLogWorker (SegmentedRaftLogWorker.java:startLogSegment(394)) - bcb4855e-56af-49db-b8f0-0c2615524f90@group-016E0D779A02-SegmentedRaftLogWorker: Starting segment from index:0
2022-03-01 14:09:26,872 [bcb4855e-56af-49db-b8f0-0c2615524f90@group-016E0D779A02-SegmentedRaftLogWorker] INFO  segmented.SegmentedRaftLogWorker (SegmentedRaftLogWorker.java:execute(601)) - bcb4855e-56af-49db-b8f0-0c2615524f90@group-016E0D779A02-SegmentedRaftLogWorker: created new log segment /home/runner/work/ozone/ozone/hadoop-ozone/integration-test/target/test-dir/MiniOzoneClusterImpl-4620bb26-f181-4696-b789-f356cb8b6fd6/datanode-0/data/ratis/944cab8b-b96b-4e68-a9ed-016e0d779a02/current/log_inprogress_0
2022-03-01 14:09:26,902 [bcb4855e-56af-49db-b8f0-0c2615524f90@group-016E0D779A02-LeaderElection50] INFO  server.RaftServer$Division (ServerState.java:setRaftConf(387)) - bcb4855e-56af-49db-b8f0-0c2615524f90@group-016E0D779A02: set configuration 0: [bcb4855e-56af-49db-b8f0-0c2615524f90|rpc:10.1.0.24:38757|dataStream:|priority:1], old=null
2022-03-01 14:09:26,943 [Listener at 127.0.0.1/43769] INFO  ozone.MiniOzoneClusterImpl (MiniOzoneClusterImpl.java:lambda$waitForClusterToBeReady$0(219)) - Nodes are ready. Got 3 of 3 DN Heartbeats.
2022-03-01 14:09:26,943 [Listener at 127.0.0.1/43769] INFO  ozone.MiniOzoneClusterImpl (MiniOzoneClusterImpl.java:lambda$waitForClusterToBeReady$0(222)) - Waiting for cluster to exit safe mode
2022-03-01 14:09:26,943 [Listener at 127.0.0.1/43769] INFO  ozone.MiniOzoneClusterImpl (MiniOzoneClusterImpl.java:lambda$waitForClusterToBeReady$0(224)) - SCM became leader
2022-03-01 14:09:26,952 [bff059a0-da91-4773-b4de-bde692fc76df@group-759F0C1CD132-FollowerState] INFO  impl.FollowerState (FollowerState.java:run(134)) - bff059a0-da91-4773-b4de-bde692fc76df@group-759F0C1CD132-FollowerState: change to CANDIDATE, lastRpcElapsedTime:5101033552ns, electionTimeout:5100ms
2022-03-01 14:09:26,952 [bff059a0-da91-4773-b4de-bde692fc76df@group-759F0C1CD132-FollowerState] INFO  impl.RoleInfo (RoleInfo.java:shutdownFollowerState(108)) - bff059a0-da91-4773-b4de-bde692fc76df: shutdown bff059a0-da91-4773-b4de-bde692fc76df@group-759F0C1CD132-FollowerState
2022-03-01 14:09:26,952 [bff059a0-da91-4773-b4de-bde692fc76df@group-759F0C1CD132-FollowerState] INFO  server.RaftServer$Division (RaftServerImpl.java:setRole(290)) - bff059a0-da91-4773-b4de-bde692fc76df@group-759F0C1CD132: changes role from  FOLLOWER to CANDIDATE at term 0 for changeToCandidate
2022-03-01 14:09:26,952 [bff059a0-da91-4773-b4de-bde692fc76df@group-759F0C1CD132-FollowerState] INFO  server.RaftServerConfigKeys (ConfUtils.java:logGet(44)) - raft.server.leaderelection.pre-vote = false (custom)
2022-03-01 14:09:26,952 [bff059a0-da91-4773-b4de-bde692fc76df@group-759F0C1CD132-FollowerState] INFO  impl.RoleInfo (RoleInfo.java:updateAndGet(130)) - bff059a0-da91-4773-b4de-bde692fc76df: start bff059a0-da91-4773-b4de-bde692fc76df@group-759F0C1CD132-LeaderElection51
2022-03-01 14:09:26,972 [bcb4855e-56af-49db-b8f0-0c2615524f90@group-759F0C1CD132-FollowerState] INFO  impl.FollowerState (FollowerState.java:run(134)) - bcb4855e-56af-49db-b8f0-0c2615524f90@group-759F0C1CD132-FollowerState: change to CANDIDATE, lastRpcElapsedTime:5176078514ns, electionTimeout:5175ms
2022-03-01 14:09:26,973 [bcb4855e-56af-49db-b8f0-0c2615524f90@group-759F0C1CD132-FollowerState] INFO  impl.RoleInfo (RoleInfo.java:shutdownFollowerState(108)) - bcb4855e-56af-49db-b8f0-0c2615524f90: shutdown bcb4855e-56af-49db-b8f0-0c2615524f90@group-759F0C1CD132-FollowerState
2022-03-01 14:09:26,973 [bcb4855e-56af-49db-b8f0-0c2615524f90@group-759F0C1CD132-FollowerState] INFO  server.RaftServer$Division (RaftServerImpl.java:setRole(290)) - bcb4855e-56af-49db-b8f0-0c2615524f90@group-759F0C1CD132: changes role from  FOLLOWER to CANDIDATE at term 0 for changeToCandidate
2022-03-01 14:09:26,973 [bcb4855e-56af-49db-b8f0-0c2615524f90@group-759F0C1CD132-FollowerState] INFO  server.RaftServerConfigKeys (ConfUtils.java:logGet(44)) - raft.server.leaderelection.pre-vote = false (custom)
2022-03-01 14:09:26,973 [bcb4855e-56af-49db-b8f0-0c2615524f90@group-759F0C1CD132-FollowerState] INFO  impl.RoleInfo (RoleInfo.java:updateAndGet(130)) - bcb4855e-56af-49db-b8f0-0c2615524f90: start bcb4855e-56af-49db-b8f0-0c2615524f90@group-759F0C1CD132-LeaderElection52
2022-03-01 14:09:27,011 [bff059a0-da91-4773-b4de-bde692fc76df@group-759F0C1CD132-LeaderElection51] INFO  impl.LeaderElection (LeaderElection.java:askForVotes(306)) - bff059a0-da91-4773-b4de-bde692fc76df@group-759F0C1CD132-LeaderElection51 ELECTION round 0: submit vote requests at term 1 for -1: [28de1d07-eef3-4d95-867d-a76d45cc8bed|rpc:10.1.0.24:40517|dataStream:|priority:0, bcb4855e-56af-49db-b8f0-0c2615524f90|rpc:10.1.0.24:38757|dataStream:|priority:0, bff059a0-da91-4773-b4de-bde692fc76df|rpc:10.1.0.24:36231|dataStream:|priority:1], old=null
2022-03-01 14:09:27,013 [bcb4855e-56af-49db-b8f0-0c2615524f90@group-759F0C1CD132-LeaderElection52] INFO  impl.LeaderElection (LeaderElection.java:askForVotes(306)) - bcb4855e-56af-49db-b8f0-0c2615524f90@group-759F0C1CD132-LeaderElection52 ELECTION round 0: submit vote requests at term 1 for -1: [28de1d07-eef3-4d95-867d-a76d45cc8bed|rpc:10.1.0.24:40517|priority:0, bcb4855e-56af-49db-b8f0-0c2615524f90|rpc:10.1.0.24:38757|priority:0, bff059a0-da91-4773-b4de-bde692fc76df|rpc:10.1.0.24:36231|priority:1], old=null
2022-03-01 14:09:27,021 [grpc-default-executor-3] INFO  server.RaftServer$Division (RaftServerImpl.java:requestVote(1046)) - 28de1d07-eef3-4d95-867d-a76d45cc8bed@group-759F0C1CD132: receive requestVote(ELECTION, bff059a0-da91-4773-b4de-bde692fc76df, group-759F0C1CD132, 1, (t:0, i:0))
2022-03-01 14:09:27,021 [grpc-default-executor-3] INFO  impl.VoteContext (VoteContext.java:log(48)) - 28de1d07-eef3-4d95-867d-a76d45cc8bed@group-759F0C1CD132-FOLLOWER: accept ELECTION from bff059a0-da91-4773-b4de-bde692fc76df: our priority 0 <= candidate's priority 1
2022-03-01 14:09:27,021 [grpc-default-executor-3] INFO  server.RaftServer$Division (RaftServerImpl.java:setRole(290)) - 28de1d07-eef3-4d95-867d-a76d45cc8bed@group-759F0C1CD132: changes role from  FOLLOWER to FOLLOWER at term 1 for candidate:bff059a0-da91-4773-b4de-bde692fc76df
2022-03-01 14:09:27,021 [grpc-default-executor-3] INFO  impl.RoleInfo (RoleInfo.java:shutdownFollowerState(108)) - 28de1d07-eef3-4d95-867d-a76d45cc8bed: shutdown 28de1d07-eef3-4d95-867d-a76d45cc8bed@group-759F0C1CD132-FollowerState
2022-03-01 14:09:27,026 [grpc-default-executor-3] INFO  impl.RoleInfo (RoleInfo.java:updateAndGet(130)) - 28de1d07-eef3-4d95-867d-a76d45cc8bed: start 28de1d07-eef3-4d95-867d-a76d45cc8bed@group-759F0C1CD132-FollowerState
2022-03-01 14:09:27,026 [28de1d07-eef3-4d95-867d-a76d45cc8bed@group-759F0C1CD132-FollowerState] INFO  impl.FollowerState (FollowerState.java:run(143)) - 28de1d07-eef3-4d95-867d-a76d45cc8bed@group-759F0C1CD132-FollowerState was interrupted: {}
java.lang.InterruptedException: sleep interrupted
	at java.lang.Thread.sleep(Native Method)
	at java.lang.Thread.sleep(Thread.java:342)
	at java.util.concurrent.TimeUnit.sleep(TimeUnit.java:386)
	at org.apache.ratis.util.TimeDuration.sleep(TimeDuration.java:324)
	at org.apache.ratis.util.TimeDuration.sleep(TimeDuration.java:309)
	at org.apache.ratis.server.impl.FollowerState.run(FollowerState.java:118)
2022-03-01 14:09:27,032 [grpc-default-executor-3] INFO  server.RaftServer$Division (RaftServerImpl.java:requestVote(1078)) - 28de1d07-eef3-4d95-867d-a76d45cc8bed@group-759F0C1CD132 replies to ELECTION vote request: bff059a0-da91-4773-b4de-bde692fc76df<-28de1d07-eef3-4d95-867d-a76d45cc8bed#0:OK-t1. Peer's state: 28de1d07-eef3-4d95-867d-a76d45cc8bed@group-759F0C1CD132:t1, leader=null, voted=bff059a0-da91-4773-b4de-bde692fc76df, raftlog=28de1d07-eef3-4d95-867d-a76d45cc8bed@group-759F0C1CD132-SegmentedRaftLog:OPENED:c-1, conf=-1: [28de1d07-eef3-4d95-867d-a76d45cc8bed|rpc:10.1.0.24:40517|dataStream:|priority:0, bcb4855e-56af-49db-b8f0-0c2615524f90|rpc:10.1.0.24:38757|dataStream:|priority:0, bff059a0-da91-4773-b4de-bde692fc76df|rpc:10.1.0.24:36231|dataStream:|priority:1], old=null
2022-03-01 14:09:27,126 [bff059a0-da91-4773-b4de-bde692fc76df@group-759F0C1CD132-LeaderElection51] INFO  impl.LeaderElection (LeaderElection.java:logAndReturn(89)) - bff059a0-da91-4773-b4de-bde692fc76df@group-759F0C1CD132-LeaderElection51: ELECTION PASSED received 1 response(s) and 0 exception(s):
2022-03-01 14:09:27,126 [bff059a0-da91-4773-b4de-bde692fc76df@group-759F0C1CD132-LeaderElection51] INFO  impl.LeaderElection (LeaderElection.java:logAndReturn(93)) -   Response 0: bff059a0-da91-4773-b4de-bde692fc76df<-28de1d07-eef3-4d95-867d-a76d45cc8bed#0:OK-t1
2022-03-01 14:09:27,126 [bff059a0-da91-4773-b4de-bde692fc76df@group-759F0C1CD132-LeaderElection51] INFO  impl.LeaderElection (LeaderElection.java:askForVotes(308)) - bff059a0-da91-4773-b4de-bde692fc76df@group-759F0C1CD132-LeaderElection51 ELECTION round 0: result PASSED
2022-03-01 14:09:27,127 [bff059a0-da91-4773-b4de-bde692fc76df@group-759F0C1CD132-LeaderElection51] INFO  impl.RoleInfo (RoleInfo.java:shutdownLeaderElection(121)) - bff059a0-da91-4773-b4de-bde692fc76df: shutdown bff059a0-da91-4773-b4de-bde692fc76df@group-759F0C1CD132-LeaderElection51
2022-03-01 14:09:27,127 [bff059a0-da91-4773-b4de-bde692fc76df@group-759F0C1CD132-LeaderElection51] INFO  server.RaftServer$Division (RaftServerImpl.java:setRole(290)) - bff059a0-da91-4773-b4de-bde692fc76df@group-759F0C1CD132: changes role from CANDIDATE to LEADER at term 1 for changeToLeader
2022-03-01 14:09:27,127 [bff059a0-da91-4773-b4de-bde692fc76df@group-759F0C1CD132-LeaderElection51] INFO  ratis.XceiverServerRatis (XceiverServerRatis.java:handleLeaderChangedNotification(867)) - Leader change notification received for group: group-759F0C1CD132 with new leaderId: bff059a0-da91-4773-b4de-bde692fc76df
2022-03-01 14:09:27,127 [bff059a0-da91-4773-b4de-bde692fc76df@group-759F0C1CD132-LeaderElection51] INFO  server.RaftServer$Division (ServerState.java:setLeader(285)) - bff059a0-da91-4773-b4de-bde692fc76df@group-759F0C1CD132: change Leader from null to bff059a0-da91-4773-b4de-bde692fc76df at term 1 for becomeLeader, leader elected after 5284ms
2022-03-01 14:09:27,127 [bff059a0-da91-4773-b4de-bde692fc76df@group-759F0C1CD132-LeaderElection51] INFO  server.RaftServerConfigKeys (ConfUtils.java:logGet(44)) - raft.server.staging.catchup.gap = 1000 (default)
2022-03-01 14:09:27,127 [bff059a0-da91-4773-b4de-bde692fc76df@group-759F0C1CD132-LeaderElection51] INFO  server.RaftServerConfigKeys (ConfUtils.java:logGet(44)) - raft.server.write.element-limit = 1024 (custom)
2022-03-01 14:09:27,127 [bff059a0-da91-4773-b4de-bde692fc76df@group-759F0C1CD132-LeaderElection51] INFO  server.RaftServerConfigKeys (ConfUtils.java:logGet(44)) - raft.server.write.byte-limit = 1024 M (=1073741824) (custom)
2022-03-01 14:09:27,128 [bff059a0-da91-4773-b4de-bde692fc76df@group-759F0C1CD132-LeaderElection51] INFO  server.RaftServerConfigKeys (ConfUtils.java:logGet(44)) - raft.server.watch.timeout = 180s (custom)
2022-03-01 14:09:27,128 [bff059a0-da91-4773-b4de-bde692fc76df@group-759F0C1CD132-LeaderElection51] INFO  server.RaftServerConfigKeys (ConfUtils.java:logGet(44)) - raft.server.watch.timeout.denomination = 1s (default)
2022-03-01 14:09:27,128 [bff059a0-da91-4773-b4de-bde692fc76df@group-759F0C1CD132-LeaderElection51] INFO  server.RaftServerConfigKeys (ConfUtils.java:logGet(44)) - raft.server.watch.element-limit = 65536 (default)
2022-03-01 14:09:27,128 [bff059a0-da91-4773-b4de-bde692fc76df@group-759F0C1CD132-LeaderElection51] INFO  server.RaftServerConfigKeys (ConfUtils.java:logGet(44)) - raft.server.write.element-limit = 1024 (custom)
2022-03-01 14:09:27,128 [bff059a0-da91-4773-b4de-bde692fc76df@group-759F0C1CD132-LeaderElection51] INFO  server.RaftServerConfigKeys (ConfUtils.java:logGet(44)) - raft.server.write.follower.gap.ratio.max = -1.0 (default)
2022-03-01 14:09:27,128 [bff059a0-da91-4773-b4de-bde692fc76df@group-759F0C1CD132-LeaderElection51] INFO  server.RaftServerConfigKeys (ConfUtils.java:logGet(44)) - raft.server.log.appender.snapshot.chunk.size.max = 16MB (=16777216) (default)
2022-03-01 14:09:27,128 [bff059a0-da91-4773-b4de-bde692fc76df@group-759F0C1CD132-LeaderElection51] INFO  server.RaftServerConfigKeys (ConfUtils.java:logGet(44)) - raft.server.log.appender.buffer.byte-limit = 33554432 (custom)
2022-03-01 14:09:27,128 [bff059a0-da91-4773-b4de-bde692fc76df@group-759F0C1CD132-LeaderElection51] INFO  server.RaftServerConfigKeys (ConfUtils.java:logGet(44)) - raft.server.log.appender.buffer.element-limit = 1 (custom)
2022-03-01 14:09:27,128 [bff059a0-da91-4773-b4de-bde692fc76df@group-759F0C1CD132-LeaderElection51] INFO  grpc.GrpcConfigKeys (ConfUtils.java:logGet(44)) - raft.grpc.server.leader.outstanding.appends.max = 128 (default)
2022-03-01 14:09:27,128 [bff059a0-da91-4773-b4de-bde692fc76df@group-759F0C1CD132-LeaderElection51] INFO  server.RaftServerConfigKeys (ConfUtils.java:logGet(44)) - raft.server.rpc.request.timeout = 60s (custom)
2022-03-01 14:09:27,128 [bff059a0-da91-4773-b4de-bde692fc76df@group-759F0C1CD132-LeaderElection51] INFO  server.RaftServerConfigKeys (ConfUtils.java:logGet(44)) - raft.server.log.appender.install.snapshot.enabled = false (custom)
2022-03-01 14:09:27,132 [bff059a0-da91-4773-b4de-bde692fc76df@group-759F0C1CD132-LeaderElection51] INFO  server.RaftServerConfigKeys (ConfUtils.java:logGet(44)) - raft.server.log.appender.snapshot.chunk.size.max = 16MB (=16777216) (default)
2022-03-01 14:09:27,137 [bff059a0-da91-4773-b4de-bde692fc76df@group-759F0C1CD132-LeaderElection51] INFO  server.RaftServerConfigKeys (ConfUtils.java:logGet(44)) - raft.server.log.appender.buffer.byte-limit = 33554432 (custom)
2022-03-01 14:09:27,133 [EventQueue-PipelineReportForPipelineReportHandler] INFO  pipeline.PipelineManagerImpl (PipelineManagerImpl.java:openPipeline(291)) - Pipeline Pipeline[ Id: 47a4a78d-c2e4-4466-9fc0-759f0c1cd132, Nodes: bcb4855e-56af-49db-b8f0-0c2615524f90{ip: 10.1.0.24, host: fv-az195-209.u3nnjwd0vyge1bu22idnsdeq2e.cx.internal.cloudapp.net, ports: [REPLICATION=45051, RATIS=38757, RATIS_ADMIN=38757, RATIS_SERVER=38757, STANDALONE=38469], networkLocation: /default-rack, certSerialId: null, persistedOpState: IN_SERVICE, persistedOpStateExpiryEpochSec: 0}bff059a0-da91-4773-b4de-bde692fc76df{ip: 10.1.0.24, host: fv-az195-209.u3nnjwd0vyge1bu22idnsdeq2e.cx.internal.cloudapp.net, ports: [REPLICATION=42365, RATIS=36231, RATIS_ADMIN=36231, RATIS_SERVER=36231, STANDALONE=39631], networkLocation: /default-rack, certSerialId: null, persistedOpState: IN_SERVICE, persistedOpStateExpiryEpochSec: 0}28de1d07-eef3-4d95-867d-a76d45cc8bed{ip: 10.1.0.24, host: fv-az195-209.u3nnjwd0vyge1bu22idnsdeq2e.cx.internal.cloudapp.net, ports: [REPLICATION=33217, RATIS=40517, RATIS_ADMIN=40517, RATIS_SERVER=40517, STANDALONE=43377], networkLocation: /default-rack, certSerialId: null, persistedOpState: IN_SERVICE, persistedOpStateExpiryEpochSec: 0}, ReplicationConfig: RATIS/THREE, State:ALLOCATED, leaderId:bff059a0-da91-4773-b4de-bde692fc76df, CreationTimestamp2022-03-01T14:09:19.972Z[Etc/UTC]] moved to OPEN state
2022-03-01 14:09:27,132 [EventQueue-OpenPipelineForHealthyPipelineSafeModeRule] INFO  safemode.SCMSafeModeManager (HealthyPipelineSafeModeRule.java:process(124)) - SCM in safe mode. Healthy pipelines reported count is 0, required healthy pipeline reported count is 1
2022-03-01 14:09:27,132 [grpc-default-executor-3] INFO  server.RaftServer$Division (RaftServerImpl.java:requestVote(1046)) - 28de1d07-eef3-4d95-867d-a76d45cc8bed@group-759F0C1CD132: receive requestVote(ELECTION, bcb4855e-56af-49db-b8f0-0c2615524f90, group-759F0C1CD132, 1, (t:0, i:0))
2022-03-01 14:09:27,138 [grpc-default-executor-3] INFO  impl.VoteContext (VoteContext.java:log(48)) - 28de1d07-eef3-4d95-867d-a76d45cc8bed@group-759F0C1CD132-FOLLOWER: reject ELECTION from bcb4855e-56af-49db-b8f0-0c2615524f90: already has voted for bff059a0-da91-4773-b4de-bde692fc76df at current term 1
2022-03-01 14:09:27,138 [grpc-default-executor-3] INFO  server.RaftServer$Division (RaftServerImpl.java:requestVote(1078)) - 28de1d07-eef3-4d95-867d-a76d45cc8bed@group-759F0C1CD132 replies to ELECTION vote request: bcb4855e-56af-49db-b8f0-0c2615524f90<-28de1d07-eef3-4d95-867d-a76d45cc8bed#0:FAIL-t1. Peer's state: 28de1d07-eef3-4d95-867d-a76d45cc8bed@group-759F0C1CD132:t1, leader=null, voted=bff059a0-da91-4773-b4de-bde692fc76df, raftlog=28de1d07-eef3-4d95-867d-a76d45cc8bed@group-759F0C1CD132-SegmentedRaftLog:OPENED:c-1, conf=-1: [28de1d07-eef3-4d95-867d-a76d45cc8bed|rpc:10.1.0.24:40517|dataStream:|priority:0, bcb4855e-56af-49db-b8f0-0c2615524f90|rpc:10.1.0.24:38757|dataStream:|priority:0, bff059a0-da91-4773-b4de-bde692fc76df|rpc:10.1.0.24:36231|dataStream:|priority:1], old=null
2022-03-01 14:09:27,137 [bff059a0-da91-4773-b4de-bde692fc76df@group-759F0C1CD132-LeaderElection51] INFO  server.RaftServerConfigKeys (ConfUtils.java:logGet(44)) - raft.server.log.appender.buffer.element-limit = 1 (custom)
2022-03-01 14:09:27,152 [bff059a0-da91-4773-b4de-bde692fc76df@group-759F0C1CD132-LeaderElection51] INFO  grpc.GrpcConfigKeys (ConfUtils.java:logGet(44)) - raft.grpc.server.leader.outstanding.appends.max = 128 (default)
2022-03-01 14:09:27,152 [bff059a0-da91-4773-b4de-bde692fc76df@group-759F0C1CD132-LeaderElection51] INFO  server.RaftServerConfigKeys (ConfUtils.java:logGet(44)) - raft.server.rpc.request.timeout = 60s (custom)
2022-03-01 14:09:27,152 [bff059a0-da91-4773-b4de-bde692fc76df@group-759F0C1CD132-LeaderElection51] INFO  server.RaftServerConfigKeys (ConfUtils.java:logGet(44)) - raft.server.log.appender.install.snapshot.enabled = false (custom)
2022-03-01 14:09:27,153 [bff059a0-da91-4773-b4de-bde692fc76df@group-759F0C1CD132-LeaderElection51] INFO  impl.RoleInfo (RoleInfo.java:updateAndGet(130)) - bff059a0-da91-4773-b4de-bde692fc76df: start bff059a0-da91-4773-b4de-bde692fc76df@group-759F0C1CD132-LeaderStateImpl
2022-03-01 14:09:27,153 [bff059a0-da91-4773-b4de-bde692fc76df@group-759F0C1CD132-LeaderElection51] INFO  segmented.SegmentedRaftLogWorker (SegmentedRaftLogWorker.java:startLogSegment(394)) - bff059a0-da91-4773-b4de-bde692fc76df@group-759F0C1CD132-SegmentedRaftLogWorker: Starting segment from index:0
2022-03-01 14:09:27,139 [59ced422-3795-4659-9922-9f3d7fc7b79b@group-F356CB8B6FD6-StateMachineUpdater] INFO  safemode.HealthyPipelineSafeModeRule (HealthyPipelineSafeModeRule.java:initializeRule(152)) - Refreshed total pipeline count is 1, healthy pipeline threshold count is 1
2022-03-01 14:09:27,139 [grpc-default-executor-4] INFO  server.RaftServer$Division (RaftServerImpl.java:requestVote(1046)) - bcb4855e-56af-49db-b8f0-0c2615524f90@group-759F0C1CD132: receive requestVote(ELECTION, bff059a0-da91-4773-b4de-bde692fc76df, group-759F0C1CD132, 1, (t:0, i:0))
2022-03-01 14:09:27,154 [grpc-default-executor-4] INFO  impl.VoteContext (VoteContext.java:log(48)) - bcb4855e-56af-49db-b8f0-0c2615524f90@group-759F0C1CD132-CANDIDATE: reject ELECTION from bff059a0-da91-4773-b4de-bde692fc76df: already has voted for bcb4855e-56af-49db-b8f0-0c2615524f90 at current term 1
2022-03-01 14:09:27,154 [EventQueue-OpenPipelineForHealthyPipelineSafeModeRule] INFO  safemode.SCMSafeModeManager (HealthyPipelineSafeModeRule.java:process(124)) - SCM in safe mode. Healthy pipelines reported count is 1, required healthy pipeline reported count is 1
2022-03-01 14:09:27,155 [EventQueue-OpenPipelineForHealthyPipelineSafeModeRule] INFO  safemode.SCMSafeModeManager (SCMSafeModeManager.java:validateSafeModeExitRules(204)) - HealthyPipelineSafeModeRule rule is successfully validated
2022-03-01 14:09:27,155 [EventQueue-OpenPipelineForHealthyPipelineSafeModeRule] INFO  safemode.SCMSafeModeManager (SCMSafeModeManager.java:validateSafeModeExitRules(219)) - ScmSafeModeManager, all rules are successfully validated
2022-03-01 14:09:27,155 [EventQueue-OpenPipelineForHealthyPipelineSafeModeRule] INFO  safemode.SCMSafeModeManager (SCMSafeModeManager.java:exitSafeMode(248)) - SCM exiting safe mode.
2022-03-01 14:09:27,155 [EventQueue-OpenPipelineForHealthyPipelineSafeModeRule] WARN  events.EventQueue (EventQueue.java:fireEvent(194)) - No event handler registered for event TypedEvent{payloadType=SafeModeStatus, name='Safe mode status'}
2022-03-01 14:09:27,155 [EventQueue-OpenPipelineForHealthyPipelineSafeModeRule] INFO  ha.SCMContext (SCMContext.java:updateSafeModeStatus(211)) - Update SafeModeStatus from SafeModeStatus{safeModeStatus=true, preCheckPassed=true} to SafeModeStatus{safeModeStatus=false, preCheckPassed=true}.
2022-03-01 14:09:27,155 [EventQueue-OpenPipelineForHealthyPipelineSafeModeRule] INFO  container.ReplicationManager (ReplicationManager.java:notifyStatusChanged(1807)) - Service ReplicationManager transitions to RUNNING.
2022-03-01 14:09:27,155 [bff059a0-da91-4773-b4de-bde692fc76df@group-759F0C1CD132-SegmentedRaftLogWorker] INFO  segmented.SegmentedRaftLogWorker (SegmentedRaftLogWorker.java:execute(601)) - bff059a0-da91-4773-b4de-bde692fc76df@group-759F0C1CD132-SegmentedRaftLogWorker: created new log segment /home/runner/work/ozone/ozone/hadoop-ozone/integration-test/target/test-dir/MiniOzoneClusterImpl-4620bb26-f181-4696-b789-f356cb8b6fd6/datanode-1/data/ratis/47a4a78d-c2e4-4466-9fc0-759f0c1cd132/current/log_inprogress_0
2022-03-01 14:09:27,156 [grpc-default-executor-4] INFO  server.RaftServer$Division (RaftServerImpl.java:requestVote(1078)) - bcb4855e-56af-49db-b8f0-0c2615524f90@group-759F0C1CD132 replies to ELECTION vote request: bff059a0-da91-4773-b4de-bde692fc76df<-bcb4855e-56af-49db-b8f0-0c2615524f90#0:FAIL-t1. Peer's state: bcb4855e-56af-49db-b8f0-0c2615524f90@group-759F0C1CD132:t1, leader=null, voted=bcb4855e-56af-49db-b8f0-0c2615524f90, raftlog=bcb4855e-56af-49db-b8f0-0c2615524f90@group-759F0C1CD132-SegmentedRaftLog:OPENED:c-1, conf=-1: [28de1d07-eef3-4d95-867d-a76d45cc8bed|rpc:10.1.0.24:40517|priority:0, bcb4855e-56af-49db-b8f0-0c2615524f90|rpc:10.1.0.24:38757|priority:0, bff059a0-da91-4773-b4de-bde692fc76df|rpc:10.1.0.24:36231|priority:1], old=null
2022-03-01 14:09:27,166 [bcb4855e-56af-49db-b8f0-0c2615524f90@group-5F9707FFCBF1-FollowerState] INFO  impl.FollowerState (FollowerState.java:run(134)) - bcb4855e-56af-49db-b8f0-0c2615524f90@group-5F9707FFCBF1-FollowerState: change to CANDIDATE, lastRpcElapsedTime:5075161223ns, electionTimeout:5074ms
2022-03-01 14:09:27,166 [bcb4855e-56af-49db-b8f0-0c2615524f90@group-5F9707FFCBF1-FollowerState] INFO  impl.RoleInfo (RoleInfo.java:shutdownFollowerState(108)) - bcb4855e-56af-49db-b8f0-0c2615524f90: shutdown bcb4855e-56af-49db-b8f0-0c2615524f90@group-5F9707FFCBF1-FollowerState
2022-03-01 14:09:27,166 [bcb4855e-56af-49db-b8f0-0c2615524f90@group-5F9707FFCBF1-FollowerState] INFO  server.RaftServer$Division (RaftServerImpl.java:setRole(290)) - bcb4855e-56af-49db-b8f0-0c2615524f90@group-5F9707FFCBF1: changes role from  FOLLOWER to CANDIDATE at term 0 for changeToCandidate
2022-03-01 14:09:27,177 [grpc-default-executor-4] INFO  server.RaftServer$Division (RaftServerImpl.java:requestVote(1046)) - bff059a0-da91-4773-b4de-bde692fc76df@group-759F0C1CD132: receive requestVote(ELECTION, bcb4855e-56af-49db-b8f0-0c2615524f90, group-759F0C1CD132, 1, (t:0, i:0))
2022-03-01 14:09:27,190 [bcb4855e-56af-49db-b8f0-0c2615524f90@group-5F9707FFCBF1-FollowerState] INFO  server.RaftServerConfigKeys (ConfUtils.java:logGet(44)) - raft.server.leaderelection.pre-vote = false (custom)
2022-03-01 14:09:27,190 [bcb4855e-56af-49db-b8f0-0c2615524f90@group-5F9707FFCBF1-FollowerState] INFO  impl.RoleInfo (RoleInfo.java:updateAndGet(130)) - bcb4855e-56af-49db-b8f0-0c2615524f90: start bcb4855e-56af-49db-b8f0-0c2615524f90@group-5F9707FFCBF1-LeaderElection53
2022-03-01 14:09:27,203 [grpc-default-executor-3] INFO  server.RaftServer$Division (RaftServerImpl.java:setRole(290)) - bcb4855e-56af-49db-b8f0-0c2615524f90@group-759F0C1CD132: changes role from CANDIDATE to FOLLOWER at term 1 for appendEntries
2022-03-01 14:09:27,203 [grpc-default-executor-3] INFO  impl.RoleInfo (RoleInfo.java:shutdownLeaderElection(121)) - bcb4855e-56af-49db-b8f0-0c2615524f90: shutdown bcb4855e-56af-49db-b8f0-0c2615524f90@group-759F0C1CD132-LeaderElection52
2022-03-01 14:09:27,203 [grpc-default-executor-3] INFO  impl.RoleInfo (RoleInfo.java:updateAndGet(130)) - bcb4855e-56af-49db-b8f0-0c2615524f90: start bcb4855e-56af-49db-b8f0-0c2615524f90@group-759F0C1CD132-FollowerState
2022-03-01 14:09:27,205 [grpc-default-executor-3] INFO  ratis.XceiverServerRatis (XceiverServerRatis.java:handleLeaderChangedNotification(867)) - Leader change notification received for group: group-759F0C1CD132 with new leaderId: bff059a0-da91-4773-b4de-bde692fc76df
2022-03-01 14:09:27,205 [grpc-default-executor-3] INFO  server.RaftServer$Division (ServerState.java:setLeader(285)) - bcb4855e-56af-49db-b8f0-0c2615524f90@group-759F0C1CD132: change Leader from null to bff059a0-da91-4773-b4de-bde692fc76df at term 1 for appendEntries, leader elected after 5415ms
2022-03-01 14:09:27,222 [bff059a0-da91-4773-b4de-bde692fc76df@group-759F0C1CD132-LeaderElection51] INFO  server.RaftServer$Division (ServerState.java:setRaftConf(387)) - bff059a0-da91-4773-b4de-bde692fc76df@group-759F0C1CD132: set configuration 0: [28de1d07-eef3-4d95-867d-a76d45cc8bed|rpc:10.1.0.24:40517|dataStream:|priority:0, bcb4855e-56af-49db-b8f0-0c2615524f90|rpc:10.1.0.24:38757|dataStream:|priority:0, bff059a0-da91-4773-b4de-bde692fc76df|rpc:10.1.0.24:36231|dataStream:|priority:1], old=null
2022-03-01 14:09:27,222 [grpc-default-executor-4] INFO  impl.VoteContext (VoteContext.java:log(48)) - bff059a0-da91-4773-b4de-bde692fc76df@group-759F0C1CD132-LEADER: reject ELECTION from bcb4855e-56af-49db-b8f0-0c2615524f90: already has voted for bff059a0-da91-4773-b4de-bde692fc76df at current term 1
2022-03-01 14:09:27,222 [grpc-default-executor-4] INFO  server.RaftServer$Division (RaftServerImpl.java:requestVote(1078)) - bff059a0-da91-4773-b4de-bde692fc76df@group-759F0C1CD132 replies to ELECTION vote request: bcb4855e-56af-49db-b8f0-0c2615524f90<-bff059a0-da91-4773-b4de-bde692fc76df#0:FAIL-t1. Peer's state: bff059a0-da91-4773-b4de-bde692fc76df@group-759F0C1CD132:t1, leader=bff059a0-da91-4773-b4de-bde692fc76df, voted=bff059a0-da91-4773-b4de-bde692fc76df, raftlog=bff059a0-da91-4773-b4de-bde692fc76df@group-759F0C1CD132-SegmentedRaftLog:OPENED:c-1, conf=0: [28de1d07-eef3-4d95-867d-a76d45cc8bed|rpc:10.1.0.24:40517|dataStream:|priority:0, bcb4855e-56af-49db-b8f0-0c2615524f90|rpc:10.1.0.24:38757|dataStream:|priority:0, bff059a0-da91-4773-b4de-bde692fc76df|rpc:10.1.0.24:36231|dataStream:|priority:1], old=null
2022-03-01 14:09:27,230 [bcb4855e-56af-49db-b8f0-0c2615524f90@group-5F9707FFCBF1-LeaderElection53] INFO  impl.LeaderElection (LeaderElection.java:askForVotes(306)) - bcb4855e-56af-49db-b8f0-0c2615524f90@group-5F9707FFCBF1-LeaderElection53 ELECTION round 0: submit vote requests at term 1 for -1: [28de1d07-eef3-4d95-867d-a76d45cc8bed|rpc:10.1.0.24:40517|priority:0, bff059a0-da91-4773-b4de-bde692fc76df|rpc:10.1.0.24:36231|priority:0, bcb4855e-56af-49db-b8f0-0c2615524f90|rpc:10.1.0.24:38757|priority:1], old=null
2022-03-01 14:09:27,232 [grpc-default-executor-0] INFO  server.RaftServer$Division (RaftServerImpl.java:requestVote(1046)) - 28de1d07-eef3-4d95-867d-a76d45cc8bed@group-5F9707FFCBF1: receive requestVote(ELECTION, bcb4855e-56af-49db-b8f0-0c2615524f90, group-5F9707FFCBF1, 1, (t:0, i:0))
2022-03-01 14:09:27,232 [grpc-default-executor-0] INFO  impl.VoteContext (VoteContext.java:log(48)) - 28de1d07-eef3-4d95-867d-a76d45cc8bed@group-5F9707FFCBF1-FOLLOWER: accept ELECTION from bcb4855e-56af-49db-b8f0-0c2615524f90: our priority 0 <= candidate's priority 1
2022-03-01 14:09:27,232 [grpc-default-executor-0] INFO  server.RaftServer$Division (RaftServerImpl.java:setRole(290)) - 28de1d07-eef3-4d95-867d-a76d45cc8bed@group-5F9707FFCBF1: changes role from  FOLLOWER to FOLLOWER at term 1 for candidate:bcb4855e-56af-49db-b8f0-0c2615524f90
2022-03-01 14:09:27,232 [grpc-default-executor-0] INFO  impl.RoleInfo (RoleInfo.java:shutdownFollowerState(108)) - 28de1d07-eef3-4d95-867d-a76d45cc8bed: shutdown 28de1d07-eef3-4d95-867d-a76d45cc8bed@group-5F9707FFCBF1-FollowerState
2022-03-01 14:09:27,234 [grpc-default-executor-5] INFO  server.RaftServer$Division (RaftServerImpl.java:requestVote(1046)) - bff059a0-da91-4773-b4de-bde692fc76df@group-5F9707FFCBF1: receive requestVote(ELECTION, bcb4855e-56af-49db-b8f0-0c2615524f90, group-5F9707FFCBF1, 1, (t:0, i:0))
2022-03-01 14:09:27,234 [grpc-default-executor-5] INFO  impl.VoteContext (VoteContext.java:log(48)) - bff059a0-da91-4773-b4de-bde692fc76df@group-5F9707FFCBF1-FOLLOWER: accept ELECTION from bcb4855e-56af-49db-b8f0-0c2615524f90: our priority 0 <= candidate's priority 1
2022-03-01 14:09:27,234 [grpc-default-executor-5] INFO  server.RaftServer$Division (RaftServerImpl.java:setRole(290)) - bff059a0-da91-4773-b4de-bde692fc76df@group-5F9707FFCBF1: changes role from  FOLLOWER to FOLLOWER at term 1 for candidate:bcb4855e-56af-49db-b8f0-0c2615524f90
2022-03-01 14:09:27,234 [grpc-default-executor-5] INFO  impl.RoleInfo (RoleInfo.java:shutdownFollowerState(108)) - bff059a0-da91-4773-b4de-bde692fc76df: shutdown bff059a0-da91-4773-b4de-bde692fc76df@group-5F9707FFCBF1-FollowerState
2022-03-01 14:09:27,234 [bff059a0-da91-4773-b4de-bde692fc76df@group-5F9707FFCBF1-FollowerState] INFO  impl.FollowerState (FollowerState.java:run(143)) - bff059a0-da91-4773-b4de-bde692fc76df@group-5F9707FFCBF1-FollowerState was interrupted: {}
java.lang.InterruptedException: sleep interrupted
	at java.lang.Thread.sleep(Native Method)
	at java.lang.Thread.sleep(Thread.java:342)
	at java.util.concurrent.TimeUnit.sleep(TimeUnit.java:386)
	at org.apache.ratis.util.TimeDuration.sleep(TimeDuration.java:324)
	at org.apache.ratis.util.TimeDuration.sleep(TimeDuration.java:309)
	at org.apache.ratis.server.impl.FollowerState.run(FollowerState.java:118)
2022-03-01 14:09:27,235 [grpc-default-executor-5] INFO  impl.RoleInfo (RoleInfo.java:updateAndGet(130)) - bff059a0-da91-4773-b4de-bde692fc76df: start bff059a0-da91-4773-b4de-bde692fc76df@group-5F9707FFCBF1-FollowerState
2022-03-01 14:09:27,250 [28de1d07-eef3-4d95-867d-a76d45cc8bed@group-5F9707FFCBF1-FollowerState] INFO  impl.FollowerState (FollowerState.java:run(143)) - 28de1d07-eef3-4d95-867d-a76d45cc8bed@group-5F9707FFCBF1-FollowerState was interrupted: {}
java.lang.InterruptedException: sleep interrupted
	at java.lang.Thread.sleep(Native Method)
	at java.lang.Thread.sleep(Thread.java:342)
	at java.util.concurrent.TimeUnit.sleep(TimeUnit.java:386)
	at org.apache.ratis.util.TimeDuration.sleep(TimeDuration.java:324)
	at org.apache.ratis.util.TimeDuration.sleep(TimeDuration.java:309)
	at org.apache.ratis.server.impl.FollowerState.run(FollowerState.java:118)
2022-03-01 14:09:27,250 [grpc-default-executor-0] INFO  impl.RoleInfo (RoleInfo.java:updateAndGet(130)) - 28de1d07-eef3-4d95-867d-a76d45cc8bed: start 28de1d07-eef3-4d95-867d-a76d45cc8bed@group-5F9707FFCBF1-FollowerState
2022-03-01 14:09:27,289 [grpc-default-executor-5] INFO  server.RaftServer$Division (RaftServerImpl.java:requestVote(1078)) - bff059a0-da91-4773-b4de-bde692fc76df@group-5F9707FFCBF1 replies to ELECTION vote request: bcb4855e-56af-49db-b8f0-0c2615524f90<-bff059a0-da91-4773-b4de-bde692fc76df#0:OK-t1. Peer's state: bff059a0-da91-4773-b4de-bde692fc76df@group-5F9707FFCBF1:t1, leader=null, voted=bcb4855e-56af-49db-b8f0-0c2615524f90, raftlog=bff059a0-da91-4773-b4de-bde692fc76df@group-5F9707FFCBF1-SegmentedRaftLog:OPENED:c-1, conf=-1: [28de1d07-eef3-4d95-867d-a76d45cc8bed|rpc:10.1.0.24:40517|dataStream:|priority:0, bff059a0-da91-4773-b4de-bde692fc76df|rpc:10.1.0.24:36231|dataStream:|priority:0, bcb4855e-56af-49db-b8f0-0c2615524f90|rpc:10.1.0.24:38757|dataStream:|priority:1], old=null
2022-03-01 14:09:27,290 [bcb4855e-56af-49db-b8f0-0c2615524f90@group-5F9707FFCBF1-LeaderElection53] INFO  impl.LeaderElection (LeaderElection.java:logAndReturn(89)) - bcb4855e-56af-49db-b8f0-0c2615524f90@group-5F9707FFCBF1-LeaderElection53: ELECTION PASSED received 1 response(s) and 0 exception(s):
2022-03-01 14:09:27,290 [bcb4855e-56af-49db-b8f0-0c2615524f90@group-5F9707FFCBF1-LeaderElection53] INFO  impl.LeaderElection (LeaderElection.java:logAndReturn(93)) -   Response 0: bcb4855e-56af-49db-b8f0-0c2615524f90<-bff059a0-da91-4773-b4de-bde692fc76df#0:OK-t1
2022-03-01 14:09:27,290 [bcb4855e-56af-49db-b8f0-0c2615524f90@group-5F9707FFCBF1-LeaderElection53] INFO  impl.LeaderElection (LeaderElection.java:askForVotes(308)) - bcb4855e-56af-49db-b8f0-0c2615524f90@group-5F9707FFCBF1-LeaderElection53 ELECTION round 0: result PASSED
2022-03-01 14:09:27,290 [bcb4855e-56af-49db-b8f0-0c2615524f90@group-5F9707FFCBF1-LeaderElection53] INFO  impl.RoleInfo (RoleInfo.java:shutdownLeaderElection(121)) - bcb4855e-56af-49db-b8f0-0c2615524f90: shutdown bcb4855e-56af-49db-b8f0-0c2615524f90@group-5F9707FFCBF1-LeaderElection53
2022-03-01 14:09:27,290 [bcb4855e-56af-49db-b8f0-0c2615524f90@group-5F9707FFCBF1-LeaderElection53] INFO  server.RaftServer$Division (RaftServerImpl.java:setRole(290)) - bcb4855e-56af-49db-b8f0-0c2615524f90@group-5F9707FFCBF1: changes role from CANDIDATE to LEADER at term 1 for changeToLeader
2022-03-01 14:09:27,291 [bcb4855e-56af-49db-b8f0-0c2615524f90@group-5F9707FFCBF1-LeaderElection53] INFO  ratis.XceiverServerRatis (XceiverServerRatis.java:handleLeaderChangedNotification(867)) - Leader change notification received for group: group-5F9707FFCBF1 with new leaderId: bcb4855e-56af-49db-b8f0-0c2615524f90
2022-03-01 14:09:27,291 [bcb4855e-56af-49db-b8f0-0c2615524f90@group-5F9707FFCBF1-LeaderElection53] INFO  server.RaftServer$Division (ServerState.java:setLeader(285)) - bcb4855e-56af-49db-b8f0-0c2615524f90@group-5F9707FFCBF1: change Leader from null to bcb4855e-56af-49db-b8f0-0c2615524f90 at term 1 for becomeLeader, leader elected after 5232ms
2022-03-01 14:09:27,291 [bcb4855e-56af-49db-b8f0-0c2615524f90@group-5F9707FFCBF1-LeaderElection53] INFO  server.RaftServerConfigKeys (ConfUtils.java:logGet(44)) - raft.server.staging.catchup.gap = 1000 (default)
2022-03-01 14:09:27,291 [bcb4855e-56af-49db-b8f0-0c2615524f90@group-5F9707FFCBF1-LeaderElection53] INFO  server.RaftServerConfigKeys (ConfUtils.java:logGet(44)) - raft.server.write.element-limit = 1024 (custom)
2022-03-01 14:09:27,291 [bcb4855e-56af-49db-b8f0-0c2615524f90@group-5F9707FFCBF1-LeaderElection53] INFO  server.RaftServerConfigKeys (ConfUtils.java:logGet(44)) - raft.server.write.byte-limit = 1024 M (=1073741824) (custom)
2022-03-01 14:09:27,297 [grpc-default-executor-0] INFO  server.RaftServer$Division (RaftServerImpl.java:requestVote(1078)) - 28de1d07-eef3-4d95-867d-a76d45cc8bed@group-5F9707FFCBF1 replies to ELECTION vote request: bcb4855e-56af-49db-b8f0-0c2615524f90<-28de1d07-eef3-4d95-867d-a76d45cc8bed#0:OK-t1. Peer's state: 28de1d07-eef3-4d95-867d-a76d45cc8bed@group-5F9707FFCBF1:t1, leader=null, voted=bcb4855e-56af-49db-b8f0-0c2615524f90, raftlog=28de1d07-eef3-4d95-867d-a76d45cc8bed@group-5F9707FFCBF1-SegmentedRaftLog:OPENED:c-1, conf=-1: [28de1d07-eef3-4d95-867d-a76d45cc8bed|rpc:10.1.0.24:40517|dataStream:|priority:0, bff059a0-da91-4773-b4de-bde692fc76df|rpc:10.1.0.24:36231|dataStream:|priority:0, bcb4855e-56af-49db-b8f0-0c2615524f90|rpc:10.1.0.24:38757|dataStream:|priority:1], old=null
2022-03-01 14:09:27,298 [EventQueue-PipelineReportForPipelineReportHandler] INFO  pipeline.PipelineManagerImpl (PipelineManagerImpl.java:openPipeline(291)) - Pipeline Pipeline[ Id: 105963db-d48b-4a09-b255-5f9707ffcbf1, Nodes: bff059a0-da91-4773-b4de-bde692fc76df{ip: 10.1.0.24, host: fv-az195-209.u3nnjwd0vyge1bu22idnsdeq2e.cx.internal.cloudapp.net, ports: [REPLICATION=42365, RATIS=36231, RATIS_ADMIN=36231, RATIS_SERVER=36231, STANDALONE=39631], networkLocation: /default-rack, certSerialId: null, persistedOpState: IN_SERVICE, persistedOpStateExpiryEpochSec: 0}bcb4855e-56af-49db-b8f0-0c2615524f90{ip: 10.1.0.24, host: fv-az195-209.u3nnjwd0vyge1bu22idnsdeq2e.cx.internal.cloudapp.net, ports: [REPLICATION=45051, RATIS=38757, RATIS_ADMIN=38757, RATIS_SERVER=38757, STANDALONE=38469], networkLocation: /default-rack, certSerialId: null, persistedOpState: IN_SERVICE, persistedOpStateExpiryEpochSec: 0}28de1d07-eef3-4d95-867d-a76d45cc8bed{ip: 10.1.0.24, host: fv-az195-209.u3nnjwd0vyge1bu22idnsdeq2e.cx.internal.cloudapp.net, ports: [REPLICATION=33217, RATIS=40517, RATIS_ADMIN=40517, RATIS_SERVER=40517, STANDALONE=43377], networkLocation: /default-rack, certSerialId: null, persistedOpState: IN_SERVICE, persistedOpStateExpiryEpochSec: 0}, ReplicationConfig: RATIS/THREE, State:ALLOCATED, leaderId:bcb4855e-56af-49db-b8f0-0c2615524f90, CreationTimestamp2022-03-01T14:09:19.978Z[Etc/UTC]] moved to OPEN state
2022-03-01 14:09:27,317 [grpc-default-executor-1] INFO  ratis.XceiverServerRatis (XceiverServerRatis.java:handleLeaderChangedNotification(867)) - Leader change notification received for group: group-759F0C1CD132 with new leaderId: bff059a0-da91-4773-b4de-bde692fc76df
2022-03-01 14:09:27,318 [grpc-default-executor-1] INFO  server.RaftServer$Division (ServerState.java:setLeader(285)) - 28de1d07-eef3-4d95-867d-a76d45cc8bed@group-759F0C1CD132: change Leader from null to bff059a0-da91-4773-b4de-bde692fc76df at term 1 for appendEntries, leader elected after 5328ms
2022-03-01 14:09:27,341 [bcb4855e-56af-49db-b8f0-0c2615524f90@group-759F0C1CD132-LeaderElection52] INFO  impl.LeaderElection (LeaderElection.java:logAndReturn(89)) - bcb4855e-56af-49db-b8f0-0c2615524f90@group-759F0C1CD132-LeaderElection52: ELECTION REJECTED received 2 response(s) and 0 exception(s):
2022-03-01 14:09:27,341 [bcb4855e-56af-49db-b8f0-0c2615524f90@group-759F0C1CD132-LeaderElection52] INFO  impl.LeaderElection (LeaderElection.java:logAndReturn(93)) -   Response 0: bcb4855e-56af-49db-b8f0-0c2615524f90<-28de1d07-eef3-4d95-867d-a76d45cc8bed#0:FAIL-t1
2022-03-01 14:09:27,341 [bcb4855e-56af-49db-b8f0-0c2615524f90@group-759F0C1CD132-LeaderElection52] INFO  impl.LeaderElection (LeaderElection.java:logAndReturn(93)) -   Response 1: bcb4855e-56af-49db-b8f0-0c2615524f90<-bff059a0-da91-4773-b4de-bde692fc76df#0:FAIL-t1
2022-03-01 14:09:27,341 [bcb4855e-56af-49db-b8f0-0c2615524f90@group-759F0C1CD132-LeaderElection52] INFO  impl.LeaderElection (LeaderElection.java:askForVotes(308)) - bcb4855e-56af-49db-b8f0-0c2615524f90@group-759F0C1CD132-LeaderElection52 ELECTION round 0: result REJECTED
2022-03-01 14:09:27,349 [bcb4855e-56af-49db-b8f0-0c2615524f90@group-5F9707FFCBF1-LeaderElection53] INFO  server.RaftServerConfigKeys (ConfUtils.java:logGet(44)) - raft.server.watch.timeout = 180s (custom)
2022-03-01 14:09:27,349 [bcb4855e-56af-49db-b8f0-0c2615524f90@group-5F9707FFCBF1-LeaderElection53] INFO  server.RaftServerConfigKeys (ConfUtils.java:logGet(44)) - raft.server.watch.timeout.denomination = 1s (default)
2022-03-01 14:09:27,349 [bcb4855e-56af-49db-b8f0-0c2615524f90@group-5F9707FFCBF1-LeaderElection53] INFO  server.RaftServerConfigKeys (ConfUtils.java:logGet(44)) - raft.server.watch.element-limit = 65536 (default)
2022-03-01 14:09:27,349 [bcb4855e-56af-49db-b8f0-0c2615524f90@group-5F9707FFCBF1-LeaderElection53] INFO  server.RaftServerConfigKeys (ConfUtils.java:logGet(44)) - raft.server.write.element-limit = 1024 (custom)
2022-03-01 14:09:27,349 [bcb4855e-56af-49db-b8f0-0c2615524f90@group-5F9707FFCBF1-LeaderElection53] INFO  server.RaftServerConfigKeys (ConfUtils.java:logGet(44)) - raft.server.write.follower.gap.ratio.max = -1.0 (default)
2022-03-01 14:09:27,349 [bcb4855e-56af-49db-b8f0-0c2615524f90@group-5F9707FFCBF1-LeaderElection53] INFO  server.RaftServerConfigKeys (ConfUtils.java:logGet(44)) - raft.server.log.appender.snapshot.chunk.size.max = 16MB (=16777216) (default)
2022-03-01 14:09:27,349 [bcb4855e-56af-49db-b8f0-0c2615524f90@group-5F9707FFCBF1-LeaderElection53] INFO  server.RaftServerConfigKeys (ConfUtils.java:logGet(44)) - raft.server.log.appender.buffer.byte-limit = 33554432 (custom)
2022-03-01 14:09:27,349 [bcb4855e-56af-49db-b8f0-0c2615524f90@group-5F9707FFCBF1-LeaderElection53] INFO  server.RaftServerConfigKeys (ConfUtils.java:logGet(44)) - raft.server.log.appender.buffer.element-limit = 1 (custom)
2022-03-01 14:09:27,349 [bcb4855e-56af-49db-b8f0-0c2615524f90@group-5F9707FFCBF1-LeaderElection53] INFO  grpc.GrpcConfigKeys (ConfUtils.java:logGet(44)) - raft.grpc.server.leader.outstanding.appends.max = 128 (default)
2022-03-01 14:09:27,349 [bcb4855e-56af-49db-b8f0-0c2615524f90@group-5F9707FFCBF1-LeaderElection53] INFO  server.RaftServerConfigKeys (ConfUtils.java:logGet(44)) - raft.server.rpc.request.timeout = 60s (custom)
2022-03-01 14:09:27,350 [bcb4855e-56af-49db-b8f0-0c2615524f90@group-5F9707FFCBF1-LeaderElection53] INFO  server.RaftServerConfigKeys (ConfUtils.java:logGet(44)) - raft.server.log.appender.install.snapshot.enabled = false (custom)
2022-03-01 14:09:27,352 [grpc-default-executor-4] INFO  server.RaftServer$Division (ServerState.java:setRaftConf(387)) - 28de1d07-eef3-4d95-867d-a76d45cc8bed@group-759F0C1CD132: set configuration 0: [28de1d07-eef3-4d95-867d-a76d45cc8bed|rpc:10.1.0.24:40517|dataStream:|priority:0, bcb4855e-56af-49db-b8f0-0c2615524f90|rpc:10.1.0.24:38757|dataStream:|priority:0, bff059a0-da91-4773-b4de-bde692fc76df|rpc:10.1.0.24:36231|dataStream:|priority:1], old=null
2022-03-01 14:09:27,362 [grpc-default-executor-3] INFO  server.RaftServer$Division (ServerState.java:setRaftConf(387)) - bcb4855e-56af-49db-b8f0-0c2615524f90@group-759F0C1CD132: set configuration 0: [28de1d07-eef3-4d95-867d-a76d45cc8bed|rpc:10.1.0.24:40517|dataStream:|priority:0, bcb4855e-56af-49db-b8f0-0c2615524f90|rpc:10.1.0.24:38757|dataStream:|priority:0, bff059a0-da91-4773-b4de-bde692fc76df|rpc:10.1.0.24:36231|dataStream:|priority:1], old=null
2022-03-01 14:09:27,383 [grpc-default-executor-4] INFO  segmented.SegmentedRaftLogWorker (SegmentedRaftLogWorker.java:startLogSegment(394)) - 28de1d07-eef3-4d95-867d-a76d45cc8bed@group-759F0C1CD132-SegmentedRaftLogWorker: Starting segment from index:0
2022-03-01 14:09:27,394 [grpc-default-executor-3] INFO  segmented.SegmentedRaftLogWorker (SegmentedRaftLogWorker.java:startLogSegment(394)) - bcb4855e-56af-49db-b8f0-0c2615524f90@group-759F0C1CD132-SegmentedRaftLogWorker: Starting segment from index:0
2022-03-01 14:09:27,396 [bcb4855e-56af-49db-b8f0-0c2615524f90@group-5F9707FFCBF1-LeaderElection53] INFO  server.RaftServerConfigKeys (ConfUtils.java:logGet(44)) - raft.server.log.appender.snapshot.chunk.size.max = 16MB (=16777216) (default)
2022-03-01 14:09:27,396 [bcb4855e-56af-49db-b8f0-0c2615524f90@group-5F9707FFCBF1-LeaderElection53] INFO  server.RaftServerConfigKeys (ConfUtils.java:logGet(44)) - raft.server.log.appender.buffer.byte-limit = 33554432 (custom)
2022-03-01 14:09:27,397 [bcb4855e-56af-49db-b8f0-0c2615524f90@group-5F9707FFCBF1-LeaderElection53] INFO  server.RaftServerConfigKeys (ConfUtils.java:logGet(44)) - raft.server.log.appender.buffer.element-limit = 1 (custom)
2022-03-01 14:09:27,397 [bcb4855e-56af-49db-b8f0-0c2615524f90@group-5F9707FFCBF1-LeaderElection53] INFO  grpc.GrpcConfigKeys (ConfUtils.java:logGet(44)) - raft.grpc.server.leader.outstanding.appends.max = 128 (default)
2022-03-01 14:09:27,397 [bcb4855e-56af-49db-b8f0-0c2615524f90@group-5F9707FFCBF1-LeaderElection53] INFO  server.RaftServerConfigKeys (ConfUtils.java:logGet(44)) - raft.server.rpc.request.timeout = 60s (custom)
2022-03-01 14:09:27,397 [bcb4855e-56af-49db-b8f0-0c2615524f90@group-5F9707FFCBF1-LeaderElection53] INFO  server.RaftServerConfigKeys (ConfUtils.java:logGet(44)) - raft.server.log.appender.install.snapshot.enabled = false (custom)
2022-03-01 14:09:27,398 [bcb4855e-56af-49db-b8f0-0c2615524f90@group-5F9707FFCBF1-LeaderElection53] INFO  impl.RoleInfo (RoleInfo.java:updateAndGet(130)) - bcb4855e-56af-49db-b8f0-0c2615524f90: start bcb4855e-56af-49db-b8f0-0c2615524f90@group-5F9707FFCBF1-LeaderStateImpl
2022-03-01 14:09:27,398 [bcb4855e-56af-49db-b8f0-0c2615524f90@group-5F9707FFCBF1-LeaderElection53] INFO  segmented.SegmentedRaftLogWorker (SegmentedRaftLogWorker.java:startLogSegment(394)) - bcb4855e-56af-49db-b8f0-0c2615524f90@group-5F9707FFCBF1-SegmentedRaftLogWorker: Starting segment from index:0
2022-03-01 14:09:27,401 [bcb4855e-56af-49db-b8f0-0c2615524f90@group-5F9707FFCBF1-SegmentedRaftLogWorker] INFO  segmented.SegmentedRaftLogWorker (SegmentedRaftLogWorker.java:execute(601)) - bcb4855e-56af-49db-b8f0-0c2615524f90@group-5F9707FFCBF1-SegmentedRaftLogWorker: created new log segment /home/runner/work/ozone/ozone/hadoop-ozone/integration-test/target/test-dir/MiniOzoneClusterImpl-4620bb26-f181-4696-b789-f356cb8b6fd6/datanode-0/data/ratis/105963db-d48b-4a09-b255-5f9707ffcbf1/current/log_inprogress_0
2022-03-01 14:09:27,401 [bcb4855e-56af-49db-b8f0-0c2615524f90@group-759F0C1CD132-SegmentedRaftLogWorker] INFO  segmented.SegmentedRaftLogWorker (SegmentedRaftLogWorker.java:execute(601)) - bcb4855e-56af-49db-b8f0-0c2615524f90@group-759F0C1CD132-SegmentedRaftLogWorker: created new log segment /home/runner/work/ozone/ozone/hadoop-ozone/integration-test/target/test-dir/MiniOzoneClusterImpl-4620bb26-f181-4696-b789-f356cb8b6fd6/datanode-0/data/ratis/47a4a78d-c2e4-4466-9fc0-759f0c1cd132/current/log_inprogress_0
2022-03-01 14:09:27,404 [28de1d07-eef3-4d95-867d-a76d45cc8bed@group-759F0C1CD132-SegmentedRaftLogWorker] INFO  segmented.SegmentedRaftLogWorker (SegmentedRaftLogWorker.java:execute(601)) - 28de1d07-eef3-4d95-867d-a76d45cc8bed@group-759F0C1CD132-SegmentedRaftLogWorker: created new log segment /home/runner/work/ozone/ozone/hadoop-ozone/integration-test/target/test-dir/MiniOzoneClusterImpl-4620bb26-f181-4696-b789-f356cb8b6fd6/datanode-2/data/ratis/47a4a78d-c2e4-4466-9fc0-759f0c1cd132/current/log_inprogress_0
2022-03-01 14:09:27,467 [grpc-default-executor-4] INFO  ratis.XceiverServerRatis (XceiverServerRatis.java:handleLeaderChangedNotification(867)) - Leader change notification received for group: group-5F9707FFCBF1 with new leaderId: bcb4855e-56af-49db-b8f0-0c2615524f90
2022-03-01 14:09:27,468 [grpc-default-executor-4] INFO  server.RaftServer$Division (ServerState.java:setLeader(285)) - 28de1d07-eef3-4d95-867d-a76d45cc8bed@group-5F9707FFCBF1: change Leader from null to bcb4855e-56af-49db-b8f0-0c2615524f90 at term 1 for appendEntries, leader elected after 5250ms
2022-03-01 14:09:27,468 [bcb4855e-56af-49db-b8f0-0c2615524f90@group-5F9707FFCBF1-LeaderElection53] INFO  server.RaftServer$Division (ServerState.java:setRaftConf(387)) - bcb4855e-56af-49db-b8f0-0c2615524f90@group-5F9707FFCBF1: set configuration 0: [28de1d07-eef3-4d95-867d-a76d45cc8bed|rpc:10.1.0.24:40517|dataStream:|priority:0, bff059a0-da91-4773-b4de-bde692fc76df|rpc:10.1.0.24:36231|dataStream:|priority:0, bcb4855e-56af-49db-b8f0-0c2615524f90|rpc:10.1.0.24:38757|dataStream:|priority:1], old=null
2022-03-01 14:09:27,522 [grpc-default-executor-1] INFO  ratis.XceiverServerRatis (XceiverServerRatis.java:handleLeaderChangedNotification(867)) - Leader change notification received for group: group-5F9707FFCBF1 with new leaderId: bcb4855e-56af-49db-b8f0-0c2615524f90
2022-03-01 14:09:27,522 [grpc-default-executor-1] INFO  server.RaftServer$Division (ServerState.java:setLeader(285)) - bff059a0-da91-4773-b4de-bde692fc76df@group-5F9707FFCBF1: change Leader from null to bcb4855e-56af-49db-b8f0-0c2615524f90 at term 1 for appendEntries, leader elected after 5403ms
2022-03-01 14:09:27,528 [grpc-default-executor-4] INFO  server.RaftServer$Division (ServerState.java:setRaftConf(387)) - 28de1d07-eef3-4d95-867d-a76d45cc8bed@group-5F9707FFCBF1: set configuration 0: [28de1d07-eef3-4d95-867d-a76d45cc8bed|rpc:10.1.0.24:40517|dataStream:|priority:0, bff059a0-da91-4773-b4de-bde692fc76df|rpc:10.1.0.24:36231|dataStream:|priority:0, bcb4855e-56af-49db-b8f0-0c2615524f90|rpc:10.1.0.24:38757|dataStream:|priority:1], old=null
2022-03-01 14:09:27,528 [grpc-default-executor-4] INFO  segmented.SegmentedRaftLogWorker (SegmentedRaftLogWorker.java:startLogSegment(394)) - 28de1d07-eef3-4d95-867d-a76d45cc8bed@group-5F9707FFCBF1-SegmentedRaftLogWorker: Starting segment from index:0
2022-03-01 14:09:27,530 [28de1d07-eef3-4d95-867d-a76d45cc8bed@group-5F9707FFCBF1-SegmentedRaftLogWorker] INFO  segmented.SegmentedRaftLogWorker (SegmentedRaftLogWorker.java:execute(601)) - 28de1d07-eef3-4d95-867d-a76d45cc8bed@group-5F9707FFCBF1-SegmentedRaftLogWorker: created new log segment /home/runner/work/ozone/ozone/hadoop-ozone/integration-test/target/test-dir/MiniOzoneClusterImpl-4620bb26-f181-4696-b789-f356cb8b6fd6/datanode-2/data/ratis/105963db-d48b-4a09-b255-5f9707ffcbf1/current/log_inprogress_0
2022-03-01 14:09:27,539 [grpc-default-executor-1] INFO  server.RaftServer$Division (ServerState.java:setRaftConf(387)) - bff059a0-da91-4773-b4de-bde692fc76df@group-5F9707FFCBF1: set configuration 0: [28de1d07-eef3-4d95-867d-a76d45cc8bed|rpc:10.1.0.24:40517|dataStream:|priority:0, bff059a0-da91-4773-b4de-bde692fc76df|rpc:10.1.0.24:36231|dataStream:|priority:0, bcb4855e-56af-49db-b8f0-0c2615524f90|rpc:10.1.0.24:38757|dataStream:|priority:1], old=null
2022-03-01 14:09:27,539 [grpc-default-executor-1] INFO  segmented.SegmentedRaftLogWorker (SegmentedRaftLogWorker.java:startLogSegment(394)) - bff059a0-da91-4773-b4de-bde692fc76df@group-5F9707FFCBF1-SegmentedRaftLogWorker: Starting segment from index:0
2022-03-01 14:09:27,541 [bff059a0-da91-4773-b4de-bde692fc76df@group-5F9707FFCBF1-SegmentedRaftLogWorker] INFO  segmented.SegmentedRaftLogWorker (SegmentedRaftLogWorker.java:execute(601)) - bff059a0-da91-4773-b4de-bde692fc76df@group-5F9707FFCBF1-SegmentedRaftLogWorker: created new log segment /home/runner/work/ozone/ozone/hadoop-ozone/integration-test/target/test-dir/MiniOzoneClusterImpl-4620bb26-f181-4696-b789-f356cb8b6fd6/datanode-1/data/ratis/105963db-d48b-4a09-b255-5f9707ffcbf1/current/log_inprogress_0
2022-03-01 14:09:27,642 [bff059a0-da91-4773-b4de-bde692fc76df@group-E5907DD0717D-FollowerState] INFO  impl.FollowerState (FollowerState.java:run(134)) - bff059a0-da91-4773-b4de-bde692fc76df@group-E5907DD0717D-FollowerState: change to CANDIDATE, lastRpcElapsedTime:5137009266ns, electionTimeout:5134ms
2022-03-01 14:09:27,643 [bff059a0-da91-4773-b4de-bde692fc76df@group-E5907DD0717D-FollowerState] INFO  impl.RoleInfo (RoleInfo.java:shutdownFollowerState(108)) - bff059a0-da91-4773-b4de-bde692fc76df: shutdown bff059a0-da91-4773-b4de-bde692fc76df@group-E5907DD0717D-FollowerState
2022-03-01 14:09:27,643 [bff059a0-da91-4773-b4de-bde692fc76df@group-E5907DD0717D-FollowerState] INFO  server.RaftServer$Division (RaftServerImpl.java:setRole(290)) - bff059a0-da91-4773-b4de-bde692fc76df@group-E5907DD0717D: changes role from  FOLLOWER to CANDIDATE at term 0 for changeToCandidate
2022-03-01 14:09:27,643 [bff059a0-da91-4773-b4de-bde692fc76df@group-E5907DD0717D-FollowerState] INFO  server.RaftServerConfigKeys (ConfUtils.java:logGet(44)) - raft.server.leaderelection.pre-vote = false (custom)
2022-03-01 14:09:27,643 [bff059a0-da91-4773-b4de-bde692fc76df@group-E5907DD0717D-FollowerState] INFO  impl.RoleInfo (RoleInfo.java:updateAndGet(130)) - bff059a0-da91-4773-b4de-bde692fc76df: start bff059a0-da91-4773-b4de-bde692fc76df@group-E5907DD0717D-LeaderElection54
2022-03-01 14:09:27,693 [bff059a0-da91-4773-b4de-bde692fc76df@group-E5907DD0717D-LeaderElection54] INFO  impl.LeaderElection (LeaderElection.java:askForVotes(306)) - bff059a0-da91-4773-b4de-bde692fc76df@group-E5907DD0717D-LeaderElection54 ELECTION round 0: submit vote requests at term 1 for -1: [bff059a0-da91-4773-b4de-bde692fc76df|rpc:10.1.0.24:36231|priority:1], old=null
2022-03-01 14:09:27,693 [bff059a0-da91-4773-b4de-bde692fc76df@group-E5907DD0717D-LeaderElection54] INFO  impl.LeaderElection (LeaderElection.java:askForVotes(308)) - bff059a0-da91-4773-b4de-bde692fc76df@group-E5907DD0717D-LeaderElection54 ELECTION round 0: result PASSED (term=1)
2022-03-01 14:09:27,693 [bff059a0-da91-4773-b4de-bde692fc76df@group-E5907DD0717D-LeaderElection54] INFO  impl.RoleInfo (RoleInfo.java:shutdownLeaderElection(121)) - bff059a0-da91-4773-b4de-bde692fc76df: shutdown bff059a0-da91-4773-b4de-bde692fc76df@group-E5907DD0717D-LeaderElection54
2022-03-01 14:09:27,693 [bff059a0-da91-4773-b4de-bde692fc76df@group-E5907DD0717D-LeaderElection54] INFO  server.RaftServer$Division (RaftServerImpl.java:setRole(290)) - bff059a0-da91-4773-b4de-bde692fc76df@group-E5907DD0717D: changes role from CANDIDATE to LEADER at term 1 for changeToLeader
2022-03-01 14:09:27,693 [bff059a0-da91-4773-b4de-bde692fc76df@group-E5907DD0717D-LeaderElection54] INFO  ratis.XceiverServerRatis (XceiverServerRatis.java:handleLeaderChangedNotification(867)) - Leader change notification received for group: group-E5907DD0717D with new leaderId: bff059a0-da91-4773-b4de-bde692fc76df
2022-03-01 14:09:27,693 [bff059a0-da91-4773-b4de-bde692fc76df@group-E5907DD0717D-LeaderElection54] INFO  server.RaftServer$Division (ServerState.java:setLeader(285)) - bff059a0-da91-4773-b4de-bde692fc76df@group-E5907DD0717D: change Leader from null to bff059a0-da91-4773-b4de-bde692fc76df at term 1 for becomeLeader, leader elected after 5205ms
2022-03-01 14:09:27,693 [bff059a0-da91-4773-b4de-bde692fc76df@group-E5907DD0717D-LeaderElection54] INFO  server.RaftServerConfigKeys (ConfUtils.java:logGet(44)) - raft.server.staging.catchup.gap = 1000 (default)
2022-03-01 14:09:27,694 [bff059a0-da91-4773-b4de-bde692fc76df@group-E5907DD0717D-LeaderElection54] INFO  server.RaftServerConfigKeys (ConfUtils.java:logGet(44)) - raft.server.write.element-limit = 1024 (custom)
2022-03-01 14:09:27,694 [bff059a0-da91-4773-b4de-bde692fc76df@group-E5907DD0717D-LeaderElection54] INFO  server.RaftServerConfigKeys (ConfUtils.java:logGet(44)) - raft.server.write.byte-limit = 1024 M (=1073741824) (custom)
2022-03-01 14:09:27,694 [bff059a0-da91-4773-b4de-bde692fc76df@group-E5907DD0717D-LeaderElection54] INFO  server.RaftServerConfigKeys (ConfUtils.java:logGet(44)) - raft.server.watch.timeout = 180s (custom)
2022-03-01 14:09:27,694 [bff059a0-da91-4773-b4de-bde692fc76df@group-E5907DD0717D-LeaderElection54] INFO  server.RaftServerConfigKeys (ConfUtils.java:logGet(44)) - raft.server.watch.timeout.denomination = 1s (default)
2022-03-01 14:09:27,694 [bff059a0-da91-4773-b4de-bde692fc76df@group-E5907DD0717D-LeaderElection54] INFO  server.RaftServerConfigKeys (ConfUtils.java:logGet(44)) - raft.server.watch.element-limit = 65536 (default)
2022-03-01 14:09:27,694 [bff059a0-da91-4773-b4de-bde692fc76df@group-E5907DD0717D-LeaderElection54] INFO  server.RaftServerConfigKeys (ConfUtils.java:logGet(44)) - raft.server.write.element-limit = 1024 (custom)
2022-03-01 14:09:27,694 [bff059a0-da91-4773-b4de-bde692fc76df@group-E5907DD0717D-LeaderElection54] INFO  server.RaftServerConfigKeys (ConfUtils.java:logGet(44)) - raft.server.write.follower.gap.ratio.max = -1.0 (default)
2022-03-01 14:09:27,695 [bff059a0-da91-4773-b4de-bde692fc76df@group-E5907DD0717D-LeaderElection54] INFO  impl.RoleInfo (RoleInfo.java:updateAndGet(130)) - bff059a0-da91-4773-b4de-bde692fc76df: start bff059a0-da91-4773-b4de-bde692fc76df@group-E5907DD0717D-LeaderStateImpl
2022-03-01 14:09:27,695 [bff059a0-da91-4773-b4de-bde692fc76df@group-E5907DD0717D-LeaderElection54] INFO  segmented.SegmentedRaftLogWorker (SegmentedRaftLogWorker.java:startLogSegment(394)) - bff059a0-da91-4773-b4de-bde692fc76df@group-E5907DD0717D-SegmentedRaftLogWorker: Starting segment from index:0
2022-03-01 14:09:27,696 [bff059a0-da91-4773-b4de-bde692fc76df@group-E5907DD0717D-LeaderElection54] INFO  server.RaftServer$Division (ServerState.java:setRaftConf(387)) - bff059a0-da91-4773-b4de-bde692fc76df@group-E5907DD0717D: set configuration 0: [bff059a0-da91-4773-b4de-bde692fc76df|rpc:10.1.0.24:36231|dataStream:|priority:1], old=null
2022-03-01 14:09:27,696 [bff059a0-da91-4773-b4de-bde692fc76df@group-E5907DD0717D-SegmentedRaftLogWorker] INFO  segmented.SegmentedRaftLogWorker (SegmentedRaftLogWorker.java:execute(601)) - bff059a0-da91-4773-b4de-bde692fc76df@group-E5907DD0717D-SegmentedRaftLogWorker: created new log segment /home/runner/work/ozone/ozone/hadoop-ozone/integration-test/target/test-dir/MiniOzoneClusterImpl-4620bb26-f181-4696-b789-f356cb8b6fd6/datanode-1/data/ratis/19f3380f-8d2e-41b0-a40f-e5907dd0717d/current/log_inprogress_0
2022-03-01 14:09:27,943 [Listener at 127.0.0.1/43769] INFO  ozone.MiniOzoneClusterImpl (MiniOzoneClusterImpl.java:lambda$waitForClusterToBeReady$0(219)) - Nodes are ready. Got 3 of 3 DN Heartbeats.
2022-03-01 14:09:27,943 [Listener at 127.0.0.1/43769] INFO  ozone.MiniOzoneClusterImpl (MiniOzoneClusterImpl.java:lambda$waitForClusterToBeReady$0(222)) - Cluster exits safe mode
2022-03-01 14:09:27,943 [Listener at 127.0.0.1/43769] INFO  ozone.MiniOzoneClusterImpl (MiniOzoneClusterImpl.java:lambda$waitForClusterToBeReady$0(224)) - SCM became leader
2022-03-01 14:09:28,039 [Listener at 127.0.0.1/43769] INFO  rpc.RpcClient (RpcClient.java:createVolume(399)) - Creating Volume: volume78513, with user91769 as owner and space quota set to -1 bytes, counts quota set to -1
2022-03-01 14:09:28,076 [OM StateMachine ApplyTransaction Thread - 0] INFO  volume.OMVolumeCreateRequest (OMVolumeCreateRequest.java:validateAndUpdateCache(195)) - created volume:volume78513 for user:user91769
2022-03-01 14:09:28,109 [Listener at 127.0.0.1/43769] INFO  rpc.RpcClient (RpcClient.java:createBucket(562)) - Creating Bucket: volume78513/bucket14236, with runner as owner and Versioning false and Storage Type set to DISK and Encryption set to false 
2022-03-01 14:09:28,148 [28de1d07-eef3-4d95-867d-a76d45cc8bed@group-24834ECCA4F9-FollowerState] INFO  impl.FollowerState (FollowerState.java:run(134)) - 28de1d07-eef3-4d95-867d-a76d45cc8bed@group-24834ECCA4F9-FollowerState: change to CANDIDATE, lastRpcElapsedTime:5158159748ns, electionTimeout:5146ms
2022-03-01 14:09:28,148 [28de1d07-eef3-4d95-867d-a76d45cc8bed@group-24834ECCA4F9-FollowerState] INFO  impl.RoleInfo (RoleInfo.java:shutdownFollowerState(108)) - 28de1d07-eef3-4d95-867d-a76d45cc8bed: shutdown 28de1d07-eef3-4d95-867d-a76d45cc8bed@group-24834ECCA4F9-FollowerState
2022-03-01 14:09:28,149 [28de1d07-eef3-4d95-867d-a76d45cc8bed@group-24834ECCA4F9-FollowerState] INFO  server.RaftServer$Division (RaftServerImpl.java:setRole(290)) - 28de1d07-eef3-4d95-867d-a76d45cc8bed@group-24834ECCA4F9: changes role from  FOLLOWER to CANDIDATE at term 0 for changeToCandidate
2022-03-01 14:09:28,149 [28de1d07-eef3-4d95-867d-a76d45cc8bed@group-24834ECCA4F9-FollowerState] INFO  server.RaftServerConfigKeys (ConfUtils.java:logGet(44)) - raft.server.leaderelection.pre-vote = false (custom)
2022-03-01 14:09:28,149 [28de1d07-eef3-4d95-867d-a76d45cc8bed@group-24834ECCA4F9-FollowerState] INFO  impl.RoleInfo (RoleInfo.java:updateAndGet(130)) - 28de1d07-eef3-4d95-867d-a76d45cc8bed: start 28de1d07-eef3-4d95-867d-a76d45cc8bed@group-24834ECCA4F9-LeaderElection55
2022-03-01 14:09:28,179 [28de1d07-eef3-4d95-867d-a76d45cc8bed@group-24834ECCA4F9-LeaderElection55] INFO  impl.LeaderElection (LeaderElection.java:askForVotes(306)) - 28de1d07-eef3-4d95-867d-a76d45cc8bed@group-24834ECCA4F9-LeaderElection55 ELECTION round 0: submit vote requests at term 1 for -1: [28de1d07-eef3-4d95-867d-a76d45cc8bed|rpc:10.1.0.24:40517|priority:1], old=null
2022-03-01 14:09:28,179 [28de1d07-eef3-4d95-867d-a76d45cc8bed@group-24834ECCA4F9-LeaderElection55] INFO  impl.LeaderElection (LeaderElection.java:askForVotes(308)) - 28de1d07-eef3-4d95-867d-a76d45cc8bed@group-24834ECCA4F9-LeaderElection55 ELECTION round 0: result PASSED (term=1)
2022-03-01 14:09:28,179 [28de1d07-eef3-4d95-867d-a76d45cc8bed@group-24834ECCA4F9-LeaderElection55] INFO  impl.RoleInfo (RoleInfo.java:shutdownLeaderElection(121)) - 28de1d07-eef3-4d95-867d-a76d45cc8bed: shutdown 28de1d07-eef3-4d95-867d-a76d45cc8bed@group-24834ECCA4F9-LeaderElection55
2022-03-01 14:09:28,179 [28de1d07-eef3-4d95-867d-a76d45cc8bed@group-24834ECCA4F9-LeaderElection55] INFO  server.RaftServer$Division (RaftServerImpl.java:setRole(290)) - 28de1d07-eef3-4d95-867d-a76d45cc8bed@group-24834ECCA4F9: changes role from CANDIDATE to LEADER at term 1 for changeToLeader
2022-03-01 14:09:28,179 [28de1d07-eef3-4d95-867d-a76d45cc8bed@group-24834ECCA4F9-LeaderElection55] INFO  ratis.XceiverServerRatis (XceiverServerRatis.java:handleLeaderChangedNotification(867)) - Leader change notification received for group: group-24834ECCA4F9 with new leaderId: 28de1d07-eef3-4d95-867d-a76d45cc8bed
2022-03-01 14:09:28,180 [28de1d07-eef3-4d95-867d-a76d45cc8bed@group-24834ECCA4F9-LeaderElection55] INFO  server.RaftServer$Division (ServerState.java:setLeader(285)) - 28de1d07-eef3-4d95-867d-a76d45cc8bed@group-24834ECCA4F9: change Leader from null to 28de1d07-eef3-4d95-867d-a76d45cc8bed at term 1 for becomeLeader, leader elected after 5211ms
2022-03-01 14:09:28,180 [28de1d07-eef3-4d95-867d-a76d45cc8bed@group-24834ECCA4F9-LeaderElection55] INFO  server.RaftServerConfigKeys (ConfUtils.java:logGet(44)) - raft.server.staging.catchup.gap = 1000 (default)
2022-03-01 14:09:28,180 [28de1d07-eef3-4d95-867d-a76d45cc8bed@group-24834ECCA4F9-LeaderElection55] INFO  server.RaftServerConfigKeys (ConfUtils.java:logGet(44)) - raft.server.write.element-limit = 1024 (custom)
2022-03-01 14:09:28,180 [28de1d07-eef3-4d95-867d-a76d45cc8bed@group-24834ECCA4F9-LeaderElection55] INFO  server.RaftServerConfigKeys (ConfUtils.java:logGet(44)) - raft.server.write.byte-limit = 1024 M (=1073741824) (custom)
2022-03-01 14:09:28,180 [28de1d07-eef3-4d95-867d-a76d45cc8bed@group-24834ECCA4F9-LeaderElection55] INFO  server.RaftServerConfigKeys (ConfUtils.java:logGet(44)) - raft.server.watch.timeout = 180s (custom)
2022-03-01 14:09:28,180 [28de1d07-eef3-4d95-867d-a76d45cc8bed@group-24834ECCA4F9-LeaderElection55] INFO  server.RaftServerConfigKeys (ConfUtils.java:logGet(44)) - raft.server.watch.timeout.denomination = 1s (default)
2022-03-01 14:09:28,180 [28de1d07-eef3-4d95-867d-a76d45cc8bed@group-24834ECCA4F9-LeaderElection55] INFO  server.RaftServerConfigKeys (ConfUtils.java:logGet(44)) - raft.server.watch.element-limit = 65536 (default)
2022-03-01 14:09:28,180 [28de1d07-eef3-4d95-867d-a76d45cc8bed@group-24834ECCA4F9-LeaderElection55] INFO  server.RaftServerConfigKeys (ConfUtils.java:logGet(44)) - raft.server.write.element-limit = 1024 (custom)
2022-03-01 14:09:28,180 [28de1d07-eef3-4d95-867d-a76d45cc8bed@group-24834ECCA4F9-LeaderElection55] INFO  server.RaftServerConfigKeys (ConfUtils.java:logGet(44)) - raft.server.write.follower.gap.ratio.max = -1.0 (default)
2022-03-01 14:09:28,181 [28de1d07-eef3-4d95-867d-a76d45cc8bed@group-24834ECCA4F9-LeaderElection55] INFO  impl.RoleInfo (RoleInfo.java:updateAndGet(130)) - 28de1d07-eef3-4d95-867d-a76d45cc8bed: start 28de1d07-eef3-4d95-867d-a76d45cc8bed@group-24834ECCA4F9-LeaderStateImpl
2022-03-01 14:09:28,181 [28de1d07-eef3-4d95-867d-a76d45cc8bed@group-24834ECCA4F9-LeaderElection55] INFO  segmented.SegmentedRaftLogWorker (SegmentedRaftLogWorker.java:startLogSegment(394)) - 28de1d07-eef3-4d95-867d-a76d45cc8bed@group-24834ECCA4F9-SegmentedRaftLogWorker: Starting segment from index:0
2022-03-01 14:09:28,212 [28de1d07-eef3-4d95-867d-a76d45cc8bed@group-24834ECCA4F9-SegmentedRaftLogWorker] INFO  segmented.SegmentedRaftLogWorker (SegmentedRaftLogWorker.java:execute(601)) - 28de1d07-eef3-4d95-867d-a76d45cc8bed@group-24834ECCA4F9-SegmentedRaftLogWorker: created new log segment /home/runner/work/ozone/ozone/hadoop-ozone/integration-test/target/test-dir/MiniOzoneClusterImpl-4620bb26-f181-4696-b789-f356cb8b6fd6/datanode-2/data/ratis/56bd4f76-d30c-41b8-80a1-24834ecca4f9/current/log_inprogress_0
2022-03-01 14:09:28,214 [28de1d07-eef3-4d95-867d-a76d45cc8bed@group-24834ECCA4F9-LeaderElection55] INFO  server.RaftServer$Division (ServerState.java:setRaftConf(387)) - 28de1d07-eef3-4d95-867d-a76d45cc8bed@group-24834ECCA4F9: set configuration 0: [28de1d07-eef3-4d95-867d-a76d45cc8bed|rpc:10.1.0.24:40517|dataStream:|priority:1], old=null
]]></system-out>
  </testcase>
  <testcase name="testRenameFile[3]" classname="org.apache.hadoop.fs.ozone.TestRootedOzoneFileSystem" time="0.233"/>
  <testcase name="testListStatusRootAndVolumeRecursive[3]" classname="org.apache.hadoop.fs.ozone.TestRootedOzoneFileSystem" time="1.297"/>
  <testcase name="testTempMount[3]" classname="org.apache.hadoop.fs.ozone.TestRootedOzoneFileSystem" time="0.461"/>
  <testcase name="testListStatusRootAndVolumeNonRecursive[3]" classname="org.apache.hadoop.fs.ozone.TestRootedOzoneFileSystem" time="0.705"/>
  <testcase name="testDeleteVolumeAndBucket[3]" classname="org.apache.hadoop.fs.ozone.TestRootedOzoneFileSystem" time="0.044"/>
  <testcase name="testRenameDirToItsOwnSubDir[3]" classname="org.apache.hadoop.fs.ozone.TestRootedOzoneFileSystem" time="0.032"/>
  <testcase name="testOzoneFsServiceLoader[3]" classname="org.apache.hadoop.fs.ozone.TestRootedOzoneFileSystem" time="0.119"/>
  <testcase name="testTrash[3]" classname="org.apache.hadoop.fs.ozone.TestRootedOzoneFileSystem" time="0">
    <skipped/>
  </testcase>
  <testcase name="testRenameDestinationParentDoesntExist[3]" classname="org.apache.hadoop.fs.ozone.TestRootedOzoneFileSystem" time="0.067"/>
  <testcase name="testGetFileStatusRoot[3]" classname="org.apache.hadoop.fs.ozone.TestRootedOzoneFileSystem" time="0.015"/>
  <testcase name="testCreateWithInvalidPaths[3]" classname="org.apache.hadoop.fs.ozone.TestRootedOzoneFileSystem" time="0.03"/>
  <testcase name="testDeleteEmptyVolume[3]" classname="org.apache.hadoop.fs.ozone.TestRootedOzoneFileSystem" time="0.097"/>
  <testcase name="testListStatusRootAndVolumeContinuation[3]" classname="org.apache.hadoop.fs.ozone.TestRootedOzoneFileSystem" time="1.243"/>
  <testcase name="testDeleteVolumeBucketAndKey[3]" classname="org.apache.hadoop.fs.ozone.TestRootedOzoneFileSystem" time="0.146"/>
  <testcase name="testRenameToParentDir[3]" classname="org.apache.hadoop.fs.ozone.TestRootedOzoneFileSystem" time="0.079"/>
  <testcase name="testMkdirNonExistentVolumeBucket[3]" classname="org.apache.hadoop.fs.ozone.TestRootedOzoneFileSystem" time="0.037"/>
  <testcase name="testFailToDeleteRoot[3]" classname="org.apache.hadoop.fs.ozone.TestRootedOzoneFileSystem" time="0.028"/>
  <testcase name="testListStatusOnSubDirs[3]" classname="org.apache.hadoop.fs.ozone.TestRootedOzoneFileSystem" time="0.073"/>
  <testcase name="testListStatus[3]" classname="org.apache.hadoop.fs.ozone.TestRootedOzoneFileSystem" time="0.079"/>
  <testcase name="testGetTrashRoots[3]" classname="org.apache.hadoop.fs.ozone.TestRootedOzoneFileSystem" time="1.2"/>
  <testcase name="testCreateDoesNotAddParentDirKeys[3]" classname="org.apache.hadoop.fs.ozone.TestRootedOzoneFileSystem" time="0.222"/>
  <testcase name="testMkdirNonExistentVolume[3]" classname="org.apache.hadoop.fs.ozone.TestRootedOzoneFileSystem" time="0.072"/>
  <testcase name="testDeleteCreatesFakeParentDir[3]" classname="org.apache.hadoop.fs.ozone.TestRootedOzoneFileSystem" time="0.145"/>
  <testcase name="testNonExplicitlyCreatedPathExistsAfterItsLeafsWereRemoved[3]" classname="org.apache.hadoop.fs.ozone.TestRootedOzoneFileSystem" time="0.064"/>
  <testcase name="testFileDelete[3]" classname="org.apache.hadoop.fs.ozone.TestRootedOzoneFileSystem" time="0.194"/>
  <testcase name="testRenameToTrashEnabled[3]" classname="org.apache.hadoop.fs.ozone.TestRootedOzoneFileSystem" time="0.37"/>
  <testcase name="testMkdirOnNonExistentVolumeBucketDir[3]" classname="org.apache.hadoop.fs.ozone.TestRootedOzoneFileSystem" time="0.079"/>
  <testcase name="testListStatusOnLargeDirectory[3]" classname="org.apache.hadoop.fs.ozone.TestRootedOzoneFileSystem" time="15.926"/>
  <testcase name="testRenameToDifferentBucket[3]" classname="org.apache.hadoop.fs.ozone.TestRootedOzoneFileSystem" time="0.057"/>
  <testcase name="testListStatusInBucket[3]" classname="org.apache.hadoop.fs.ozone.TestRootedOzoneFileSystem" time="0.032"/>
  <testcase name="testRenameFileToDir[3]" classname="org.apache.hadoop.fs.ozone.TestRootedOzoneFileSystem" time="0.101"/>
  <testcase name="testNonPrivilegedUserMkdirCreateBucket[4]" classname="org.apache.hadoop.fs.ozone.TestRootedOzoneFileSystem" time="0">
    <skipped message="ACL is not enabled. Skipping this test as it requires ACL to be enabled to be meaningful." type="org.junit.AssumptionViolatedException">org.junit.AssumptionViolatedException: ACL is not enabled. Skipping this test as it requires ACL to be enabled to be meaningful.
	at org.junit.Assume.assumeTrue(Assume.java:68)
	at org.apache.hadoop.fs.ozone.TestRootedOzoneFileSystem.testNonPrivilegedUserMkdirCreateBucket(TestRootedOzoneFileSystem.java:1582)
	at sun.reflect.NativeMethodAccessorImpl.invoke0(Native Method)
	at sun.reflect.NativeMethodAccessorImpl.invoke(NativeMethodAccessorImpl.java:62)
	at sun.reflect.DelegatingMethodAccessorImpl.invoke(DelegatingMethodAccessorImpl.java:43)
	at java.lang.reflect.Method.invoke(Method.java:498)
	at org.junit.runners.model.FrameworkMethod$1.runReflectiveCall(FrameworkMethod.java:59)
	at org.junit.internal.runners.model.ReflectiveCallable.run(ReflectiveCallable.java:12)
	at org.junit.runners.model.FrameworkMethod.invokeExplosively(FrameworkMethod.java:56)
	at org.junit.internal.runners.statements.InvokeMethod.evaluate(InvokeMethod.java:17)
	at org.junit.internal.runners.statements.FailOnTimeout$CallableStatement.call(FailOnTimeout.java:288)
	at org.junit.internal.runners.statements.FailOnTimeout$CallableStatement.call(FailOnTimeout.java:282)
	at java.util.concurrent.FutureTask.run(FutureTask.java:266)
	at java.lang.Thread.run(Thread.java:750)
</skipped>
    <system-out><![CDATA[2022-03-01 14:09:51,466 [Listener at 127.0.0.1/43769] INFO  ozone.MiniOzoneClusterImpl (MiniOzoneClusterImpl.java:shutdown(449)) - Shutting down the Mini Ozone Cluster
2022-03-01 14:09:51,467 [Listener at 127.0.0.1/43769] INFO  ozone.MiniOzoneClusterImpl (MiniOzoneClusterImpl.java:stop(464)) - Stopping the Mini Ozone Cluster
2022-03-01 14:09:51,467 [Listener at 127.0.0.1/43769] INFO  ozone.MiniOzoneClusterImpl (MiniOzoneClusterImpl.java:stopOM(546)) - Stopping the OzoneManager
2022-03-01 14:09:51,467 [Listener at 127.0.0.1/43769] INFO  om.OzoneManager (OzoneManager.java:stop(1893)) - om1[localhost:0]: Stopping Ozone Manager
2022-03-01 14:09:51,467 [Listener at 127.0.0.1/43769] INFO  ipc.Server (Server.java:stop(3414)) - Stopping server on 43769
2022-03-01 14:09:51,494 [IPC Server Responder] INFO  ipc.Server (Server.java:run(1512)) - Stopping IPC Server Responder
2022-03-01 14:09:51,494 [IPC Server listener on 0] INFO  ipc.Server (Server.java:run(1376)) - Stopping IPC Server listener on 0
2022-03-01 14:09:51,494 [Listener at 127.0.0.1/43769] INFO  server.RaftServer (RaftServerProxy.java:lambda$close$6(391)) - om1: close
2022-03-01 14:09:51,495 [Listener at 127.0.0.1/43769] INFO  server.RaftServer$Division (RaftServerImpl.java:lambda$close$4(412)) - om1@group-C5BA1605619E: shutdown
2022-03-01 14:09:51,495 [Listener at 127.0.0.1/43769] INFO  util.JmxRegister (JmxRegister.java:unregister(73)) - Successfully un-registered JMX Bean with object name Ratis:service=RaftServer,group=group-C5BA1605619E,id=om1
2022-03-01 14:09:51,495 [Listener at 127.0.0.1/43769] INFO  impl.RoleInfo (RoleInfo.java:shutdownLeaderState(91)) - om1: shutdown om1@group-C5BA1605619E-LeaderStateImpl
2022-03-01 14:09:51,495 [Listener at 127.0.0.1/43769] INFO  impl.PendingRequests (PendingRequests.java:sendNotLeaderResponses(282)) - om1@group-C5BA1605619E-PendingRequests: sendNotLeaderResponses
2022-03-01 14:09:51,542 [Listener at 127.0.0.1/43769] INFO  impl.StateMachineUpdater (StateMachineUpdater.java:stopAndJoin(149)) - om1@group-C5BA1605619E-StateMachineUpdater: set stopIndex = 6688
2022-03-01 14:09:51,543 [om1@group-C5BA1605619E-StateMachineUpdater] INFO  ratis.OzoneManagerStateMachine (OzoneManagerStateMachine.java:takeSnapshot(417)) - Current Snapshot Index (t:1, i:6688)
2022-03-01 14:09:51,543 [om1@group-C5BA1605619E-StateMachineUpdater] INFO  impl.StateMachineUpdater (StateMachineUpdater.java:takeSnapshot(281)) - om1@group-C5BA1605619E-StateMachineUpdater: Took a snapshot at index 6688
2022-03-01 14:09:51,543 [om1@group-C5BA1605619E-StateMachineUpdater] INFO  impl.StateMachineUpdater (StateMachineUpdater.java:lambda$new$0(89)) - om1@group-C5BA1605619E-StateMachineUpdater: snapshotIndex: updateIncreasingly -1 -> 6688
2022-03-01 14:09:51,543 [om1@group-C5BA1605619E-StateMachineUpdater] INFO  ratis.OzoneManagerStateMachine (OzoneManagerStateMachine.java:close(471)) - StateMachine has shutdown. Shutdown OzoneManager if not already shutdown.
2022-03-01 14:09:51,543 [Listener at 127.0.0.1/43769] INFO  server.RaftServer$Division (ServerState.java:close(419)) - om1@group-C5BA1605619E: closes. applyIndex: 6688
2022-03-01 14:09:51,544 [om1@group-C5BA1605619E-SegmentedRaftLogWorker] INFO  segmented.SegmentedRaftLogWorker (SegmentedRaftLogWorker.java:run(327)) - om1@group-C5BA1605619E-SegmentedRaftLogWorker was interrupted, exiting. There are 0 tasks remaining in the queue.
2022-03-01 14:09:51,545 [Listener at 127.0.0.1/43769] INFO  segmented.SegmentedRaftLogWorker (SegmentedRaftLogWorker.java:close(237)) - om1@group-C5BA1605619E-SegmentedRaftLogWorker close()
2022-03-01 14:09:51,551 [Listener at 127.0.0.1/43769] INFO  server.GrpcService (GrpcService.java:closeImpl(262)) - om1: shutdown server with port 9872 now
2022-03-01 14:09:51,551 [Listener at 127.0.0.1/43769] INFO  server.GrpcService (GrpcService.java:closeImpl(271)) - om1: shutdown server with port 9872 successfully
2022-03-01 14:09:51,551 [org.apache.ratis.util.JvmPauseMonitor$$Lambda$421/1299661385@54367e3e] INFO  util.JvmPauseMonitor (JvmPauseMonitor.java:run(109)) - JvmPauseMonitor-om1: Stopped
2022-03-01 14:09:51,552 [Listener at 127.0.0.1/43769] INFO  ratis.OzoneManagerDoubleBuffer (OzoneManagerDoubleBuffer.java:stop(437)) - Stopping OMDoubleBuffer flush thread
2022-03-01 14:09:51,552 [OMDoubleBufferFlushThread] INFO  ratis.OzoneManagerDoubleBuffer (OzoneManagerDoubleBuffer.java:flushTransactions(356)) - OMDoubleBuffer flush thread OMDoubleBufferFlushThread is interrupted and will exit. OMDoubleBufferFlushThread
2022-03-01 14:09:51,553 [Listener at 127.0.0.1/43769] INFO  utils.BackgroundService (BackgroundService.java:shutdown(132)) - Shutting down service KeyDeletingService
2022-03-01 14:09:51,554 [Listener at 127.0.0.1/43769] INFO  utils.BackgroundService (BackgroundService.java:shutdown(132)) - Shutting down service DirectoryDeletingService
2022-03-01 14:09:51,561 [Listener at 127.0.0.1/43769] INFO  handler.ContextHandler (ContextHandler.java:doStop(1153)) - Stopped o.e.j.w.WebAppContext@50eac4a5{ozoneManager,/,null,STOPPED}{file:/home/runner/work/ozone/ozone/hadoop-ozone/integration-test/target/test-classes/webapps/ozoneManager}
2022-03-01 14:09:51,562 [Listener at 127.0.0.1/43769] INFO  server.AbstractConnector (AbstractConnector.java:doStop(381)) - Stopped ServerConnector@38283ad3{HTTP/1.1, (http/1.1)}{0.0.0.0:0}
2022-03-01 14:09:51,562 [Listener at 127.0.0.1/43769] INFO  server.session (HouseKeeper.java:stopScavenging(149)) - node0 Stopped scavenging
2022-03-01 14:09:51,562 [Listener at 127.0.0.1/43769] INFO  handler.ContextHandler (ContextHandler.java:doStop(1153)) - Stopped o.e.j.s.ServletContextHandler@cdb0574{static,/static,file:///home/runner/work/ozone/ozone/hadoop-ozone/integration-test/target/test-classes/webapps/static,STOPPED}
2022-03-01 14:09:51,562 [Listener at 127.0.0.1/43769] INFO  handler.ContextHandler (ContextHandler.java:doStop(1153)) - Stopped o.e.j.s.ServletContextHandler@6f4d9baf{logs,/logs,file:///home/runner/work/ozone/ozone/hadoop-ozone/integration-test/target/log,STOPPED}
2022-03-01 14:09:51,572 [Listener at 127.0.0.1/43769] INFO  ozone.MiniOzoneClusterImpl (MiniOzoneClusterImpl.java:stopDatanodes(523)) - Stopping the HddsDatanodes
2022-03-01 14:09:51,573 [Trash Emptier] ERROR util.ExitUtils (ExitUtils.java:terminate(133)) - Terminating with exit status -1: Thread[Trash Emptier,5,main] has thrown an uncaught exception
java.lang.UnsupportedOperationException: fs.getUri() not implemented in TrashOzoneFileSystem
	at org.apache.hadoop.ozone.om.TrashOzoneFileSystem.getUri(TrashOzoneFileSystem.java:124)
	at org.apache.hadoop.fs.FileSystem.close(FileSystem.java:2592)
	at org.apache.hadoop.ozone.om.TrashPolicyOzone$Emptier.run(TrashPolicyOzone.java:243)
	at java.lang.Thread.run(Thread.java:750)
2022-03-01 14:09:56,601 [Listener at 127.0.0.1/43769] INFO  ozoneimpl.OzoneContainer (OzoneContainer.java:stop(356)) - Attempting to stop container services.
2022-03-01 14:09:56,605 [Listener at 127.0.0.1/43769] INFO  server.RaftServer (RaftServerProxy.java:lambda$close$6(391)) - bff059a0-da91-4773-b4de-bde692fc76df: close
2022-03-01 14:09:56,605 [Listener at 127.0.0.1/43769] INFO  server.RaftServer$Division (RaftServerImpl.java:lambda$close$4(412)) - bff059a0-da91-4773-b4de-bde692fc76df@group-E5907DD0717D: shutdown
2022-03-01 14:09:56,605 [Listener at 127.0.0.1/43769] INFO  util.JmxRegister (JmxRegister.java:unregister(73)) - Successfully un-registered JMX Bean with object name Ratis:service=RaftServer,group=group-E5907DD0717D,id=bff059a0-da91-4773-b4de-bde692fc76df
2022-03-01 14:09:56,605 [Listener at 127.0.0.1/43769] INFO  impl.RoleInfo (RoleInfo.java:shutdownLeaderState(91)) - bff059a0-da91-4773-b4de-bde692fc76df: shutdown bff059a0-da91-4773-b4de-bde692fc76df@group-E5907DD0717D-LeaderStateImpl
2022-03-01 14:09:56,606 [Listener at 127.0.0.1/43769] INFO  impl.PendingRequests (PendingRequests.java:sendNotLeaderResponses(282)) - bff059a0-da91-4773-b4de-bde692fc76df@group-E5907DD0717D-PendingRequests: sendNotLeaderResponses
2022-03-01 14:09:56,606 [Listener at 127.0.0.1/43769] INFO  impl.StateMachineUpdater (StateMachineUpdater.java:stopAndJoin(149)) - bff059a0-da91-4773-b4de-bde692fc76df@group-E5907DD0717D-StateMachineUpdater: set stopIndex = 0
2022-03-01 14:09:56,607 [bff059a0-da91-4773-b4de-bde692fc76df@group-E5907DD0717D-StateMachineUpdater] INFO  ratis.ContainerStateMachine (ContainerStateMachine.java:takeSnapshot(304)) - group-E5907DD0717D: Taking a snapshot at:(t:1, i:0) file /home/runner/work/ozone/ozone/hadoop-ozone/integration-test/target/test-dir/MiniOzoneClusterImpl-4620bb26-f181-4696-b789-f356cb8b6fd6/datanode-1/data/ratis/19f3380f-8d2e-41b0-a40f-e5907dd0717d/sm/snapshot.1_0
2022-03-01 14:09:56,608 [ForkJoinPool.commonPool-worker-0] INFO  ozoneimpl.OzoneContainer (OzoneContainer.java:stop(356)) - Attempting to stop container services.
2022-03-01 14:09:56,608 [ForkJoinPool.commonPool-worker-0] INFO  server.RaftServer (RaftServerProxy.java:lambda$close$6(391)) - bcb4855e-56af-49db-b8f0-0c2615524f90: close
2022-03-01 14:09:56,609 [ForkJoinPool.commonPool-worker-0] INFO  server.RaftServer$Division (RaftServerImpl.java:lambda$close$4(412)) - bcb4855e-56af-49db-b8f0-0c2615524f90@group-016E0D779A02: shutdown
2022-03-01 14:09:56,609 [ForkJoinPool.commonPool-worker-0] INFO  util.JmxRegister (JmxRegister.java:unregister(73)) - Successfully un-registered JMX Bean with object name Ratis:service=RaftServer,group=group-016E0D779A02,id=bcb4855e-56af-49db-b8f0-0c2615524f90
2022-03-01 14:09:56,609 [ForkJoinPool.commonPool-worker-0] INFO  impl.RoleInfo (RoleInfo.java:shutdownLeaderState(91)) - bcb4855e-56af-49db-b8f0-0c2615524f90: shutdown bcb4855e-56af-49db-b8f0-0c2615524f90@group-016E0D779A02-LeaderStateImpl
2022-03-01 14:09:56,609 [ForkJoinPool.commonPool-worker-0] INFO  impl.PendingRequests (PendingRequests.java:sendNotLeaderResponses(282)) - bcb4855e-56af-49db-b8f0-0c2615524f90@group-016E0D779A02-PendingRequests: sendNotLeaderResponses
2022-03-01 14:09:56,610 [ForkJoinPool.commonPool-worker-0] INFO  impl.StateMachineUpdater (StateMachineUpdater.java:stopAndJoin(149)) - bcb4855e-56af-49db-b8f0-0c2615524f90@group-016E0D779A02-StateMachineUpdater: set stopIndex = 0
2022-03-01 14:09:56,610 [bcb4855e-56af-49db-b8f0-0c2615524f90@group-016E0D779A02-StateMachineUpdater] INFO  ratis.ContainerStateMachine (ContainerStateMachine.java:takeSnapshot(304)) - group-016E0D779A02: Taking a snapshot at:(t:1, i:0) file /home/runner/work/ozone/ozone/hadoop-ozone/integration-test/target/test-dir/MiniOzoneClusterImpl-4620bb26-f181-4696-b789-f356cb8b6fd6/datanode-0/data/ratis/944cab8b-b96b-4e68-a9ed-016e0d779a02/sm/snapshot.1_0
2022-03-01 14:09:56,609 [bff059a0-da91-4773-b4de-bde692fc76df@group-E5907DD0717D-StateMachineUpdater] INFO  ratis.ContainerStateMachine (ContainerStateMachine.java:takeSnapshot(315)) - group-E5907DD0717D: Finished taking a snapshot at:(t:1, i:0) file:/home/runner/work/ozone/ozone/hadoop-ozone/integration-test/target/test-dir/MiniOzoneClusterImpl-4620bb26-f181-4696-b789-f356cb8b6fd6/datanode-1/data/ratis/19f3380f-8d2e-41b0-a40f-e5907dd0717d/sm/snapshot.1_0 took: 2 ms
2022-03-01 14:09:56,611 [bff059a0-da91-4773-b4de-bde692fc76df@group-E5907DD0717D-StateMachineUpdater] INFO  impl.StateMachineUpdater (StateMachineUpdater.java:takeSnapshot(281)) - bff059a0-da91-4773-b4de-bde692fc76df@group-E5907DD0717D-StateMachineUpdater: Took a snapshot at index 0
2022-03-01 14:09:56,611 [bff059a0-da91-4773-b4de-bde692fc76df@group-E5907DD0717D-StateMachineUpdater] INFO  impl.StateMachineUpdater (StateMachineUpdater.java:lambda$new$0(89)) - bff059a0-da91-4773-b4de-bde692fc76df@group-E5907DD0717D-StateMachineUpdater: snapshotIndex: updateIncreasingly -1 -> 0
2022-03-01 14:09:56,611 [Listener at 127.0.0.1/43769] INFO  server.RaftServer$Division (ServerState.java:close(419)) - bff059a0-da91-4773-b4de-bde692fc76df@group-E5907DD0717D: closes. applyIndex: 0
2022-03-01 14:09:56,611 [bff059a0-da91-4773-b4de-bde692fc76df@group-E5907DD0717D-SegmentedRaftLogWorker] INFO  segmented.SegmentedRaftLogWorker (SegmentedRaftLogWorker.java:run(327)) - bff059a0-da91-4773-b4de-bde692fc76df@group-E5907DD0717D-SegmentedRaftLogWorker was interrupted, exiting. There are 0 tasks remaining in the queue.
2022-03-01 14:09:56,611 [Listener at 127.0.0.1/43769] INFO  segmented.SegmentedRaftLogWorker (SegmentedRaftLogWorker.java:close(237)) - bff059a0-da91-4773-b4de-bde692fc76df@group-E5907DD0717D-SegmentedRaftLogWorker close()
2022-03-01 14:09:56,611 [bcb4855e-56af-49db-b8f0-0c2615524f90@group-016E0D779A02-StateMachineUpdater] INFO  ratis.ContainerStateMachine (ContainerStateMachine.java:takeSnapshot(315)) - group-016E0D779A02: Finished taking a snapshot at:(t:1, i:0) file:/home/runner/work/ozone/ozone/hadoop-ozone/integration-test/target/test-dir/MiniOzoneClusterImpl-4620bb26-f181-4696-b789-f356cb8b6fd6/datanode-0/data/ratis/944cab8b-b96b-4e68-a9ed-016e0d779a02/sm/snapshot.1_0 took: 1 ms
2022-03-01 14:09:56,613 [Listener at 127.0.0.1/43769] INFO  server.RaftServer$Division (RaftServerImpl.java:lambda$close$4(412)) - bff059a0-da91-4773-b4de-bde692fc76df@group-759F0C1CD132: shutdown
2022-03-01 14:09:56,622 [Listener at 127.0.0.1/43769] INFO  util.JmxRegister (JmxRegister.java:unregister(73)) - Successfully un-registered JMX Bean with object name Ratis:service=RaftServer,group=group-759F0C1CD132,id=bff059a0-da91-4773-b4de-bde692fc76df
2022-03-01 14:09:56,622 [Listener at 127.0.0.1/43769] INFO  impl.RoleInfo (RoleInfo.java:shutdownLeaderState(91)) - bff059a0-da91-4773-b4de-bde692fc76df: shutdown bff059a0-da91-4773-b4de-bde692fc76df@group-759F0C1CD132-LeaderStateImpl
2022-03-01 14:09:56,622 [Listener at 127.0.0.1/43769] INFO  impl.PendingRequests (PendingRequests.java:sendNotLeaderResponses(282)) - bff059a0-da91-4773-b4de-bde692fc76df@group-759F0C1CD132-PendingRequests: sendNotLeaderResponses
2022-03-01 14:09:56,622 [bff059a0-da91-4773-b4de-bde692fc76df@group-759F0C1CD132->bcb4855e-56af-49db-b8f0-0c2615524f90-GrpcLogAppender-LogAppenderDaemon] WARN  server.GrpcLogAppender (GrpcLogAppender.java:mayWait(177)) - bff059a0-da91-4773-b4de-bde692fc76df@group-759F0C1CD132->bcb4855e-56af-49db-b8f0-0c2615524f90-GrpcLogAppender: Wait interrupted by java.lang.InterruptedException
2022-03-01 14:09:56,623 [bff059a0-da91-4773-b4de-bde692fc76df@group-759F0C1CD132->28de1d07-eef3-4d95-867d-a76d45cc8bed-GrpcLogAppender-LogAppenderDaemon] WARN  server.GrpcLogAppender (GrpcLogAppender.java:mayWait(177)) - bff059a0-da91-4773-b4de-bde692fc76df@group-759F0C1CD132->28de1d07-eef3-4d95-867d-a76d45cc8bed-GrpcLogAppender: Wait interrupted by java.lang.InterruptedException
2022-03-01 14:09:56,623 [grpc-default-executor-4] INFO  server.GrpcServerProtocolService (GrpcServerProtocolService.java:onCompleted(140)) - bcb4855e-56af-49db-b8f0-0c2615524f90: Completed APPEND_ENTRIES, lastRequest: bff059a0-da91-4773-b4de-bde692fc76df->bcb4855e-56af-49db-b8f0-0c2615524f90#656-t1,previous=(t:1, i:30),leaderCommit=29,initializing? true,entries: size=1, first=(t:1, i:31), METADATAENTRY(c:29)
2022-03-01 14:09:56,622 [bcb4855e-56af-49db-b8f0-0c2615524f90@group-016E0D779A02-StateMachineUpdater] INFO  impl.StateMachineUpdater (StateMachineUpdater.java:takeSnapshot(281)) - bcb4855e-56af-49db-b8f0-0c2615524f90@group-016E0D779A02-StateMachineUpdater: Took a snapshot at index 0
2022-03-01 14:09:56,624 [bcb4855e-56af-49db-b8f0-0c2615524f90@group-016E0D779A02-StateMachineUpdater] INFO  impl.StateMachineUpdater (StateMachineUpdater.java:lambda$new$0(89)) - bcb4855e-56af-49db-b8f0-0c2615524f90@group-016E0D779A02-StateMachineUpdater: snapshotIndex: updateIncreasingly -1 -> 0
2022-03-01 14:09:56,624 [grpc-default-executor-1] INFO  server.GrpcLogAppender (GrpcLogAppender.java:onCompleted(346)) - bff059a0-da91-4773-b4de-bde692fc76df@group-759F0C1CD132->bcb4855e-56af-49db-b8f0-0c2615524f90-AppendLogResponseHandler: follower responses appendEntries COMPLETED
2022-03-01 14:09:56,624 [grpc-default-executor-4] INFO  server.GrpcServerProtocolService (GrpcServerProtocolService.java:onCompleted(140)) - 28de1d07-eef3-4d95-867d-a76d45cc8bed: Completed APPEND_ENTRIES, lastRequest: bff059a0-da91-4773-b4de-bde692fc76df->28de1d07-eef3-4d95-867d-a76d45cc8bed#663-t1,previous=(t:1, i:30),leaderCommit=29,initializing? true,entries: size=1, first=(t:1, i:31), METADATAENTRY(c:29)
2022-03-01 14:09:56,625 [grpc-default-executor-3] INFO  server.GrpcLogAppender (GrpcLogAppender.java:onCompleted(346)) - bff059a0-da91-4773-b4de-bde692fc76df@group-759F0C1CD132->28de1d07-eef3-4d95-867d-a76d45cc8bed-AppendLogResponseHandler: follower responses appendEntries COMPLETED
2022-03-01 14:09:56,625 [grpc-default-executor-3] INFO  leader.FollowerInfo (FollowerInfoImpl.java:lambda$new$0(47)) - bff059a0-da91-4773-b4de-bde692fc76df@group-759F0C1CD132->28de1d07-eef3-4d95-867d-a76d45cc8bed: nextIndex: updateUnconditionally 32 -> 31
2022-03-01 14:09:56,624 [grpc-default-executor-1] INFO  leader.FollowerInfo (FollowerInfoImpl.java:lambda$new$0(47)) - bff059a0-da91-4773-b4de-bde692fc76df@group-759F0C1CD132->bcb4855e-56af-49db-b8f0-0c2615524f90: nextIndex: updateUnconditionally 32 -> 31
2022-03-01 14:09:56,629 [Listener at 127.0.0.1/43769] INFO  impl.StateMachineUpdater (StateMachineUpdater.java:stopAndJoin(149)) - bff059a0-da91-4773-b4de-bde692fc76df@group-759F0C1CD132-StateMachineUpdater: set stopIndex = 31
2022-03-01 14:09:56,629 [bff059a0-da91-4773-b4de-bde692fc76df@group-759F0C1CD132-StateMachineUpdater] INFO  ratis.ContainerStateMachine (ContainerStateMachine.java:takeSnapshot(304)) - group-759F0C1CD132: Taking a snapshot at:(t:1, i:31) file /home/runner/work/ozone/ozone/hadoop-ozone/integration-test/target/test-dir/MiniOzoneClusterImpl-4620bb26-f181-4696-b789-f356cb8b6fd6/datanode-1/data/ratis/47a4a78d-c2e4-4466-9fc0-759f0c1cd132/sm/snapshot.1_31
2022-03-01 14:09:56,631 [bff059a0-da91-4773-b4de-bde692fc76df@group-759F0C1CD132-StateMachineUpdater] INFO  ratis.ContainerStateMachine (ContainerStateMachine.java:takeSnapshot(315)) - group-759F0C1CD132: Finished taking a snapshot at:(t:1, i:31) file:/home/runner/work/ozone/ozone/hadoop-ozone/integration-test/target/test-dir/MiniOzoneClusterImpl-4620bb26-f181-4696-b789-f356cb8b6fd6/datanode-1/data/ratis/47a4a78d-c2e4-4466-9fc0-759f0c1cd132/sm/snapshot.1_31 took: 2 ms
2022-03-01 14:09:56,631 [bff059a0-da91-4773-b4de-bde692fc76df@group-759F0C1CD132-StateMachineUpdater] INFO  impl.StateMachineUpdater (StateMachineUpdater.java:takeSnapshot(281)) - bff059a0-da91-4773-b4de-bde692fc76df@group-759F0C1CD132-StateMachineUpdater: Took a snapshot at index 31
2022-03-01 14:09:56,631 [bff059a0-da91-4773-b4de-bde692fc76df@group-759F0C1CD132-StateMachineUpdater] INFO  impl.StateMachineUpdater (StateMachineUpdater.java:lambda$new$0(89)) - bff059a0-da91-4773-b4de-bde692fc76df@group-759F0C1CD132-StateMachineUpdater: snapshotIndex: updateIncreasingly -1 -> 31
2022-03-01 14:09:56,632 [Listener at 127.0.0.1/43769] INFO  server.RaftServer$Division (ServerState.java:close(419)) - bff059a0-da91-4773-b4de-bde692fc76df@group-759F0C1CD132: closes. applyIndex: 31
2022-03-01 14:09:56,632 [bff059a0-da91-4773-b4de-bde692fc76df@group-759F0C1CD132-SegmentedRaftLogWorker] INFO  segmented.SegmentedRaftLogWorker (SegmentedRaftLogWorker.java:run(327)) - bff059a0-da91-4773-b4de-bde692fc76df@group-759F0C1CD132-SegmentedRaftLogWorker was interrupted, exiting. There are 0 tasks remaining in the queue.
2022-03-01 14:09:56,633 [Listener at 127.0.0.1/43769] INFO  segmented.SegmentedRaftLogWorker (SegmentedRaftLogWorker.java:close(237)) - bff059a0-da91-4773-b4de-bde692fc76df@group-759F0C1CD132-SegmentedRaftLogWorker close()
2022-03-01 14:09:56,633 [ForkJoinPool.commonPool-worker-0] INFO  server.RaftServer$Division (ServerState.java:close(419)) - bcb4855e-56af-49db-b8f0-0c2615524f90@group-016E0D779A02: closes. applyIndex: 0
2022-03-01 14:09:56,636 [bcb4855e-56af-49db-b8f0-0c2615524f90@group-016E0D779A02-SegmentedRaftLogWorker] INFO  segmented.SegmentedRaftLogWorker (SegmentedRaftLogWorker.java:run(327)) - bcb4855e-56af-49db-b8f0-0c2615524f90@group-016E0D779A02-SegmentedRaftLogWorker was interrupted, exiting. There are 0 tasks remaining in the queue.
2022-03-01 14:09:56,636 [ForkJoinPool.commonPool-worker-0] INFO  segmented.SegmentedRaftLogWorker (SegmentedRaftLogWorker.java:close(237)) - bcb4855e-56af-49db-b8f0-0c2615524f90@group-016E0D779A02-SegmentedRaftLogWorker close()
2022-03-01 14:09:56,641 [Listener at 127.0.0.1/43769] INFO  server.RaftServer$Division (RaftServerImpl.java:lambda$close$4(412)) - bff059a0-da91-4773-b4de-bde692fc76df@group-5F9707FFCBF1: shutdown
2022-03-01 14:09:56,642 [Listener at 127.0.0.1/43769] INFO  util.JmxRegister (JmxRegister.java:unregister(73)) - Successfully un-registered JMX Bean with object name Ratis:service=RaftServer,group=group-5F9707FFCBF1,id=bff059a0-da91-4773-b4de-bde692fc76df
2022-03-01 14:09:56,642 [Listener at 127.0.0.1/43769] INFO  impl.RoleInfo (RoleInfo.java:shutdownFollowerState(108)) - bff059a0-da91-4773-b4de-bde692fc76df: shutdown bff059a0-da91-4773-b4de-bde692fc76df@group-5F9707FFCBF1-FollowerState
2022-03-01 14:09:56,642 [bff059a0-da91-4773-b4de-bde692fc76df@group-5F9707FFCBF1-FollowerState] INFO  impl.FollowerState (FollowerState.java:run(143)) - bff059a0-da91-4773-b4de-bde692fc76df@group-5F9707FFCBF1-FollowerState was interrupted: {}
java.lang.InterruptedException: sleep interrupted
	at java.lang.Thread.sleep(Native Method)
	at java.lang.Thread.sleep(Thread.java:342)
	at java.util.concurrent.TimeUnit.sleep(TimeUnit.java:386)
	at org.apache.ratis.util.TimeDuration.sleep(TimeDuration.java:324)
	at org.apache.ratis.util.TimeDuration.sleep(TimeDuration.java:309)
	at org.apache.ratis.server.impl.FollowerState.run(FollowerState.java:118)
2022-03-01 14:09:56,642 [Listener at 127.0.0.1/43769] INFO  impl.StateMachineUpdater (StateMachineUpdater.java:stopAndJoin(149)) - bff059a0-da91-4773-b4de-bde692fc76df@group-5F9707FFCBF1-StateMachineUpdater: set stopIndex = 16
2022-03-01 14:09:56,642 [bff059a0-da91-4773-b4de-bde692fc76df@group-5F9707FFCBF1-StateMachineUpdater] INFO  ratis.ContainerStateMachine (ContainerStateMachine.java:takeSnapshot(304)) - group-5F9707FFCBF1: Taking a snapshot at:(t:1, i:16) file /home/runner/work/ozone/ozone/hadoop-ozone/integration-test/target/test-dir/MiniOzoneClusterImpl-4620bb26-f181-4696-b789-f356cb8b6fd6/datanode-1/data/ratis/105963db-d48b-4a09-b255-5f9707ffcbf1/sm/snapshot.1_16
2022-03-01 14:09:56,641 [ForkJoinPool.commonPool-worker-0] INFO  server.RaftServer$Division (RaftServerImpl.java:lambda$close$4(412)) - bcb4855e-56af-49db-b8f0-0c2615524f90@group-759F0C1CD132: shutdown
2022-03-01 14:09:56,643 [ForkJoinPool.commonPool-worker-0] INFO  util.JmxRegister (JmxRegister.java:unregister(73)) - Successfully un-registered JMX Bean with object name Ratis:service=RaftServer,group=group-759F0C1CD132,id=bcb4855e-56af-49db-b8f0-0c2615524f90
2022-03-01 14:09:56,643 [ForkJoinPool.commonPool-worker-0] INFO  impl.RoleInfo (RoleInfo.java:shutdownFollowerState(108)) - bcb4855e-56af-49db-b8f0-0c2615524f90: shutdown bcb4855e-56af-49db-b8f0-0c2615524f90@group-759F0C1CD132-FollowerState
2022-03-01 14:09:56,643 [bcb4855e-56af-49db-b8f0-0c2615524f90@group-759F0C1CD132-FollowerState] INFO  impl.FollowerState (FollowerState.java:run(143)) - bcb4855e-56af-49db-b8f0-0c2615524f90@group-759F0C1CD132-FollowerState was interrupted: {}
java.lang.InterruptedException: sleep interrupted
	at java.lang.Thread.sleep(Native Method)
	at java.lang.Thread.sleep(Thread.java:342)
	at java.util.concurrent.TimeUnit.sleep(TimeUnit.java:386)
	at org.apache.ratis.util.TimeDuration.sleep(TimeDuration.java:324)
	at org.apache.ratis.util.TimeDuration.sleep(TimeDuration.java:309)
	at org.apache.ratis.server.impl.FollowerState.run(FollowerState.java:118)
2022-03-01 14:09:56,643 [ForkJoinPool.commonPool-worker-0] INFO  impl.StateMachineUpdater (StateMachineUpdater.java:stopAndJoin(149)) - bcb4855e-56af-49db-b8f0-0c2615524f90@group-759F0C1CD132-StateMachineUpdater: set stopIndex = 31
2022-03-01 14:09:56,643 [bcb4855e-56af-49db-b8f0-0c2615524f90@group-759F0C1CD132-StateMachineUpdater] INFO  ratis.ContainerStateMachine (ContainerStateMachine.java:takeSnapshot(304)) - group-759F0C1CD132: Taking a snapshot at:(t:1, i:31) file /home/runner/work/ozone/ozone/hadoop-ozone/integration-test/target/test-dir/MiniOzoneClusterImpl-4620bb26-f181-4696-b789-f356cb8b6fd6/datanode-0/data/ratis/47a4a78d-c2e4-4466-9fc0-759f0c1cd132/sm/snapshot.1_31
2022-03-01 14:09:56,649 [bcb4855e-56af-49db-b8f0-0c2615524f90@group-759F0C1CD132-StateMachineUpdater] INFO  ratis.ContainerStateMachine (ContainerStateMachine.java:takeSnapshot(315)) - group-759F0C1CD132: Finished taking a snapshot at:(t:1, i:31) file:/home/runner/work/ozone/ozone/hadoop-ozone/integration-test/target/test-dir/MiniOzoneClusterImpl-4620bb26-f181-4696-b789-f356cb8b6fd6/datanode-0/data/ratis/47a4a78d-c2e4-4466-9fc0-759f0c1cd132/sm/snapshot.1_31 took: 6 ms
2022-03-01 14:09:56,650 [bcb4855e-56af-49db-b8f0-0c2615524f90@group-759F0C1CD132-StateMachineUpdater] INFO  impl.StateMachineUpdater (StateMachineUpdater.java:takeSnapshot(281)) - bcb4855e-56af-49db-b8f0-0c2615524f90@group-759F0C1CD132-StateMachineUpdater: Took a snapshot at index 31
2022-03-01 14:09:56,650 [bcb4855e-56af-49db-b8f0-0c2615524f90@group-759F0C1CD132-StateMachineUpdater] INFO  impl.StateMachineUpdater (StateMachineUpdater.java:lambda$new$0(89)) - bcb4855e-56af-49db-b8f0-0c2615524f90@group-759F0C1CD132-StateMachineUpdater: snapshotIndex: updateIncreasingly -1 -> 31
2022-03-01 14:09:56,651 [ForkJoinPool.commonPool-worker-0] INFO  server.RaftServer$Division (ServerState.java:close(419)) - bcb4855e-56af-49db-b8f0-0c2615524f90@group-759F0C1CD132: closes. applyIndex: 31
2022-03-01 14:09:56,651 [bcb4855e-56af-49db-b8f0-0c2615524f90@group-759F0C1CD132-SegmentedRaftLogWorker] INFO  segmented.SegmentedRaftLogWorker (SegmentedRaftLogWorker.java:run(327)) - bcb4855e-56af-49db-b8f0-0c2615524f90@group-759F0C1CD132-SegmentedRaftLogWorker was interrupted, exiting. There are 0 tasks remaining in the queue.
2022-03-01 14:09:56,651 [bff059a0-da91-4773-b4de-bde692fc76df@group-5F9707FFCBF1-StateMachineUpdater] INFO  ratis.ContainerStateMachine (ContainerStateMachine.java:takeSnapshot(315)) - group-5F9707FFCBF1: Finished taking a snapshot at:(t:1, i:16) file:/home/runner/work/ozone/ozone/hadoop-ozone/integration-test/target/test-dir/MiniOzoneClusterImpl-4620bb26-f181-4696-b789-f356cb8b6fd6/datanode-1/data/ratis/105963db-d48b-4a09-b255-5f9707ffcbf1/sm/snapshot.1_16 took: 9 ms
2022-03-01 14:09:56,652 [bff059a0-da91-4773-b4de-bde692fc76df@group-5F9707FFCBF1-StateMachineUpdater] INFO  impl.StateMachineUpdater (StateMachineUpdater.java:takeSnapshot(281)) - bff059a0-da91-4773-b4de-bde692fc76df@group-5F9707FFCBF1-StateMachineUpdater: Took a snapshot at index 16
2022-03-01 14:09:56,652 [bff059a0-da91-4773-b4de-bde692fc76df@group-5F9707FFCBF1-StateMachineUpdater] INFO  impl.StateMachineUpdater (StateMachineUpdater.java:lambda$new$0(89)) - bff059a0-da91-4773-b4de-bde692fc76df@group-5F9707FFCBF1-StateMachineUpdater: snapshotIndex: updateIncreasingly -1 -> 16
2022-03-01 14:09:56,653 [ForkJoinPool.commonPool-worker-0] INFO  segmented.SegmentedRaftLogWorker (SegmentedRaftLogWorker.java:close(237)) - bcb4855e-56af-49db-b8f0-0c2615524f90@group-759F0C1CD132-SegmentedRaftLogWorker close()
2022-03-01 14:09:56,653 [Listener at 127.0.0.1/43769] INFO  server.RaftServer$Division (ServerState.java:close(419)) - bff059a0-da91-4773-b4de-bde692fc76df@group-5F9707FFCBF1: closes. applyIndex: 16
2022-03-01 14:09:56,653 [bff059a0-da91-4773-b4de-bde692fc76df@group-5F9707FFCBF1-SegmentedRaftLogWorker] INFO  segmented.SegmentedRaftLogWorker (SegmentedRaftLogWorker.java:run(327)) - bff059a0-da91-4773-b4de-bde692fc76df@group-5F9707FFCBF1-SegmentedRaftLogWorker was interrupted, exiting. There are 0 tasks remaining in the queue.
2022-03-01 14:09:56,653 [Listener at 127.0.0.1/43769] INFO  segmented.SegmentedRaftLogWorker (SegmentedRaftLogWorker.java:close(237)) - bff059a0-da91-4773-b4de-bde692fc76df@group-5F9707FFCBF1-SegmentedRaftLogWorker close()
2022-03-01 14:09:56,662 [ForkJoinPool.commonPool-worker-0] INFO  server.RaftServer$Division (RaftServerImpl.java:lambda$close$4(412)) - bcb4855e-56af-49db-b8f0-0c2615524f90@group-5F9707FFCBF1: shutdown
2022-03-01 14:09:56,662 [ForkJoinPool.commonPool-worker-0] INFO  util.JmxRegister (JmxRegister.java:unregister(73)) - Successfully un-registered JMX Bean with object name Ratis:service=RaftServer,group=group-5F9707FFCBF1,id=bcb4855e-56af-49db-b8f0-0c2615524f90
2022-03-01 14:09:56,662 [ForkJoinPool.commonPool-worker-0] INFO  impl.RoleInfo (RoleInfo.java:shutdownLeaderState(91)) - bcb4855e-56af-49db-b8f0-0c2615524f90: shutdown bcb4855e-56af-49db-b8f0-0c2615524f90@group-5F9707FFCBF1-LeaderStateImpl
2022-03-01 14:09:56,662 [ForkJoinPool.commonPool-worker-0] INFO  impl.PendingRequests (PendingRequests.java:sendNotLeaderResponses(282)) - bcb4855e-56af-49db-b8f0-0c2615524f90@group-5F9707FFCBF1-PendingRequests: sendNotLeaderResponses
2022-03-01 14:09:56,662 [Listener at 127.0.0.1/43769] INFO  server.GrpcService (GrpcService.java:closeImpl(262)) - bff059a0-da91-4773-b4de-bde692fc76df: shutdown server with port 36231 now
2022-03-01 14:09:56,663 [bcb4855e-56af-49db-b8f0-0c2615524f90@group-5F9707FFCBF1->28de1d07-eef3-4d95-867d-a76d45cc8bed-GrpcLogAppender-LogAppenderDaemon] WARN  server.GrpcLogAppender (GrpcLogAppender.java:mayWait(177)) - bcb4855e-56af-49db-b8f0-0c2615524f90@group-5F9707FFCBF1->28de1d07-eef3-4d95-867d-a76d45cc8bed-GrpcLogAppender: Wait interrupted by java.lang.InterruptedException
2022-03-01 14:09:56,664 [bcb4855e-56af-49db-b8f0-0c2615524f90@group-5F9707FFCBF1->bff059a0-da91-4773-b4de-bde692fc76df-GrpcLogAppender-LogAppenderDaemon] WARN  server.GrpcLogAppender (GrpcLogAppender.java:mayWait(177)) - bcb4855e-56af-49db-b8f0-0c2615524f90@group-5F9707FFCBF1->bff059a0-da91-4773-b4de-bde692fc76df-GrpcLogAppender: Wait interrupted by java.lang.InterruptedException
2022-03-01 14:09:56,664 [grpc-default-executor-3] WARN  server.GrpcServerProtocolService (LogUtils.java:warn(122)) - bff059a0-da91-4773-b4de-bde692fc76df: installSnapshot onError, lastRequest: bcb4855e-56af-49db-b8f0-0c2615524f90->bff059a0-da91-4773-b4de-bde692fc76df#367-t1,previous=(t:1, i:15),leaderCommit=14,initializing? true,entries: size=1, first=(t:1, i:16), METADATAENTRY(c:14): org.apache.ratis.thirdparty.io.grpc.StatusRuntimeException: CANCELLED: client cancelled
2022-03-01 14:09:56,665 [grpc-default-executor-0] WARN  client.GrpcClientProtocolService (LogUtils.java:warn(122)) - 1-UnorderedRequestStreamObserver1: onError: org.apache.ratis.thirdparty.io.grpc.StatusRuntimeException: CANCELLED: client cancelled
2022-03-01 14:09:56,665 [bcb4855e-56af-49db-b8f0-0c2615524f90@group-5F9707FFCBF1-StateMachineUpdater] INFO  ratis.ContainerStateMachine (ContainerStateMachine.java:takeSnapshot(304)) - group-5F9707FFCBF1: Taking a snapshot at:(t:1, i:16) file /home/runner/work/ozone/ozone/hadoop-ozone/integration-test/target/test-dir/MiniOzoneClusterImpl-4620bb26-f181-4696-b789-f356cb8b6fd6/datanode-0/data/ratis/105963db-d48b-4a09-b255-5f9707ffcbf1/sm/snapshot.1_16
2022-03-01 14:09:56,665 [ForkJoinPool.commonPool-worker-0] INFO  impl.StateMachineUpdater (StateMachineUpdater.java:stopAndJoin(149)) - bcb4855e-56af-49db-b8f0-0c2615524f90@group-5F9707FFCBF1-StateMachineUpdater: set stopIndex = 16
2022-03-01 14:09:56,683 [bcb4855e-56af-49db-b8f0-0c2615524f90@group-5F9707FFCBF1-StateMachineUpdater] INFO  ratis.ContainerStateMachine (ContainerStateMachine.java:takeSnapshot(315)) - group-5F9707FFCBF1: Finished taking a snapshot at:(t:1, i:16) file:/home/runner/work/ozone/ozone/hadoop-ozone/integration-test/target/test-dir/MiniOzoneClusterImpl-4620bb26-f181-4696-b789-f356cb8b6fd6/datanode-0/data/ratis/105963db-d48b-4a09-b255-5f9707ffcbf1/sm/snapshot.1_16 took: 18 ms
2022-03-01 14:09:56,683 [bcb4855e-56af-49db-b8f0-0c2615524f90@group-5F9707FFCBF1-StateMachineUpdater] INFO  impl.StateMachineUpdater (StateMachineUpdater.java:takeSnapshot(281)) - bcb4855e-56af-49db-b8f0-0c2615524f90@group-5F9707FFCBF1-StateMachineUpdater: Took a snapshot at index 16
2022-03-01 14:09:56,683 [bcb4855e-56af-49db-b8f0-0c2615524f90@group-5F9707FFCBF1-StateMachineUpdater] INFO  impl.StateMachineUpdater (StateMachineUpdater.java:lambda$new$0(89)) - bcb4855e-56af-49db-b8f0-0c2615524f90@group-5F9707FFCBF1-StateMachineUpdater: snapshotIndex: updateIncreasingly -1 -> 16
2022-03-01 14:09:56,689 [grpc-default-executor-0] INFO  server.GrpcLogAppender (GrpcLogAppender.java:onError(335)) - bcb4855e-56af-49db-b8f0-0c2615524f90@group-5F9707FFCBF1->bff059a0-da91-4773-b4de-bde692fc76df-GrpcLogAppender is stopped
2022-03-01 14:09:56,689 [ForkJoinPool.commonPool-worker-0] INFO  server.RaftServer$Division (ServerState.java:close(419)) - bcb4855e-56af-49db-b8f0-0c2615524f90@group-5F9707FFCBF1: closes. applyIndex: 16
2022-03-01 14:09:56,691 [grpc-default-executor-0] INFO  server.GrpcServerProtocolService (GrpcServerProtocolService.java:onCompleted(140)) - 28de1d07-eef3-4d95-867d-a76d45cc8bed: Completed APPEND_ENTRIES, lastRequest: bcb4855e-56af-49db-b8f0-0c2615524f90->28de1d07-eef3-4d95-867d-a76d45cc8bed#381-t1,previous=(t:1, i:15),leaderCommit=14,initializing? true,entries: size=1, first=(t:1, i:16), METADATAENTRY(c:14)
2022-03-01 14:09:56,693 [grpc-default-executor-0] INFO  server.GrpcLogAppender (GrpcLogAppender.java:onCompleted(346)) - bcb4855e-56af-49db-b8f0-0c2615524f90@group-5F9707FFCBF1->28de1d07-eef3-4d95-867d-a76d45cc8bed-AppendLogResponseHandler: follower responses appendEntries COMPLETED
2022-03-01 14:09:56,693 [grpc-default-executor-0] INFO  leader.FollowerInfo (FollowerInfoImpl.java:lambda$new$0(47)) - bcb4855e-56af-49db-b8f0-0c2615524f90@group-5F9707FFCBF1->28de1d07-eef3-4d95-867d-a76d45cc8bed: nextIndex: updateUnconditionally 17 -> 16
2022-03-01 14:09:56,713 [Listener at 127.0.0.1/43769] INFO  server.GrpcService (GrpcService.java:closeImpl(271)) - bff059a0-da91-4773-b4de-bde692fc76df: shutdown server with port 36231 successfully
2022-03-01 14:09:56,713 [org.apache.ratis.util.JvmPauseMonitor$$Lambda$421/1299661385@747ae311] INFO  util.JvmPauseMonitor (JvmPauseMonitor.java:run(109)) - JvmPauseMonitor-bff059a0-da91-4773-b4de-bde692fc76df: Stopped
2022-03-01 14:09:56,717 [bcb4855e-56af-49db-b8f0-0c2615524f90@group-5F9707FFCBF1-SegmentedRaftLogWorker] INFO  segmented.SegmentedRaftLogWorker (SegmentedRaftLogWorker.java:run(327)) - bcb4855e-56af-49db-b8f0-0c2615524f90@group-5F9707FFCBF1-SegmentedRaftLogWorker was interrupted, exiting. There are 0 tasks remaining in the queue.
2022-03-01 14:09:56,718 [ForkJoinPool.commonPool-worker-0] INFO  segmented.SegmentedRaftLogWorker (SegmentedRaftLogWorker.java:close(237)) - bcb4855e-56af-49db-b8f0-0c2615524f90@group-5F9707FFCBF1-SegmentedRaftLogWorker close()
2022-03-01 14:09:56,728 [ForkJoinPool.commonPool-worker-0] INFO  server.GrpcService (GrpcService.java:closeImpl(262)) - bcb4855e-56af-49db-b8f0-0c2615524f90: shutdown server with port 38757 now
2022-03-01 14:09:56,742 [ForkJoinPool.commonPool-worker-0] INFO  server.GrpcService (GrpcService.java:closeImpl(271)) - bcb4855e-56af-49db-b8f0-0c2615524f90: shutdown server with port 38757 successfully
2022-03-01 14:09:56,742 [org.apache.ratis.util.JvmPauseMonitor$$Lambda$421/1299661385@7bb809f9] INFO  util.JvmPauseMonitor (JvmPauseMonitor.java:run(109)) - JvmPauseMonitor-bcb4855e-56af-49db-b8f0-0c2615524f90: Stopped
2022-03-01 14:09:56,777 [grpc-default-executor-1] WARN  client.GrpcClientProtocolService (LogUtils.java:warn(122)) - 1-UnorderedRequestStreamObserver1: onError: org.apache.ratis.thirdparty.io.grpc.StatusRuntimeException: CANCELLED: client cancelled
2022-03-01 14:09:58,754 [Listener at 127.0.0.1/43769] INFO  utils.BackgroundService (BackgroundService.java:shutdown(132)) - Shutting down service BlockDeletingService
2022-03-01 14:09:58,810 [ForkJoinPool.commonPool-worker-0] INFO  utils.BackgroundService (BackgroundService.java:shutdown(132)) - Shutting down service BlockDeletingService
2022-03-01 14:10:01,777 [Listener at 127.0.0.1/43769] INFO  statemachine.DatanodeStateMachine (DatanodeStateMachine.java:stopDaemon(529)) - Ozone container server stopped.
2022-03-01 14:10:01,778 [Listener at 127.0.0.1/43769] INFO  handler.ContextHandler (ContextHandler.java:doStop(1153)) - Stopped o.e.j.w.WebAppContext@2ceb0ef3{hddsDatanode,/,null,STOPPED}{jar:file:/home/runner/.m2/repository/org/apache/ozone/hdds-container-service/1.3.0-SNAPSHOT/hdds-container-service-1.3.0-SNAPSHOT.jar!/webapps/hddsDatanode}
2022-03-01 14:10:01,780 [Listener at 127.0.0.1/43769] INFO  server.AbstractConnector (AbstractConnector.java:doStop(381)) - Stopped ServerConnector@2d30bd40{HTTP/1.1, (http/1.1)}{0.0.0.0:0}
2022-03-01 14:10:01,781 [Listener at 127.0.0.1/43769] INFO  server.session (HouseKeeper.java:stopScavenging(149)) - node0 Stopped scavenging
2022-03-01 14:10:01,781 [Listener at 127.0.0.1/43769] INFO  handler.ContextHandler (ContextHandler.java:doStop(1153)) - Stopped o.e.j.s.ServletContextHandler@5b21e8b0{static,/static,jar:file:/home/runner/.m2/repository/org/apache/ozone/hdds-container-service/1.3.0-SNAPSHOT/hdds-container-service-1.3.0-SNAPSHOT.jar!/webapps/static,STOPPED}
2022-03-01 14:10:01,781 [Listener at 127.0.0.1/43769] INFO  handler.ContextHandler (ContextHandler.java:doStop(1153)) - Stopped o.e.j.s.ServletContextHandler@533ad9b{logs,/logs,file:///home/runner/work/ozone/ozone/hadoop-ozone/integration-test/target/log,STOPPED}
2022-03-01 14:10:01,818 [ForkJoinPool.commonPool-worker-0] INFO  statemachine.DatanodeStateMachine (DatanodeStateMachine.java:stopDaemon(529)) - Ozone container server stopped.
2022-03-01 14:10:01,823 [ForkJoinPool.commonPool-worker-0] INFO  handler.ContextHandler (ContextHandler.java:doStop(1153)) - Stopped o.e.j.w.WebAppContext@3c01ca5a{hddsDatanode,/,null,STOPPED}{jar:file:/home/runner/.m2/repository/org/apache/ozone/hdds-container-service/1.3.0-SNAPSHOT/hdds-container-service-1.3.0-SNAPSHOT.jar!/webapps/hddsDatanode}
2022-03-01 14:10:01,839 [ForkJoinPool.commonPool-worker-0] INFO  server.AbstractConnector (AbstractConnector.java:doStop(381)) - Stopped ServerConnector@7273bb91{HTTP/1.1, (http/1.1)}{0.0.0.0:0}
2022-03-01 14:10:01,843 [ForkJoinPool.commonPool-worker-0] INFO  server.session (HouseKeeper.java:stopScavenging(149)) - node0 Stopped scavenging
2022-03-01 14:10:01,845 [ForkJoinPool.commonPool-worker-0] INFO  handler.ContextHandler (ContextHandler.java:doStop(1153)) - Stopped o.e.j.s.ServletContextHandler@5d4ece5{static,/static,jar:file:/home/runner/.m2/repository/org/apache/ozone/hdds-container-service/1.3.0-SNAPSHOT/hdds-container-service-1.3.0-SNAPSHOT.jar!/webapps/static,STOPPED}
2022-03-01 14:10:01,846 [ForkJoinPool.commonPool-worker-0] INFO  handler.ContextHandler (ContextHandler.java:doStop(1153)) - Stopped o.e.j.s.ServletContextHandler@7153164a{logs,/logs,file:///home/runner/work/ozone/ozone/hadoop-ozone/integration-test/target/log,STOPPED}
2022-03-01 14:10:02,699 [28de1d07-eef3-4d95-867d-a76d45cc8bed@group-759F0C1CD132-FollowerState] INFO  impl.FollowerState (FollowerState.java:run(134)) - 28de1d07-eef3-4d95-867d-a76d45cc8bed@group-759F0C1CD132-FollowerState: change to CANDIDATE, lastRpcElapsedTime:7463035052ns, electionTimeout:5052ms
2022-03-01 14:10:02,699 [28de1d07-eef3-4d95-867d-a76d45cc8bed@group-759F0C1CD132-FollowerState] INFO  impl.RoleInfo (RoleInfo.java:shutdownFollowerState(108)) - 28de1d07-eef3-4d95-867d-a76d45cc8bed: shutdown 28de1d07-eef3-4d95-867d-a76d45cc8bed@group-759F0C1CD132-FollowerState
2022-03-01 14:10:02,700 [28de1d07-eef3-4d95-867d-a76d45cc8bed@group-759F0C1CD132-FollowerState] INFO  server.RaftServer$Division (RaftServerImpl.java:setRole(290)) - 28de1d07-eef3-4d95-867d-a76d45cc8bed@group-759F0C1CD132: changes role from  FOLLOWER to CANDIDATE at term 1 for changeToCandidate
2022-03-01 14:10:02,700 [28de1d07-eef3-4d95-867d-a76d45cc8bed@group-759F0C1CD132-FollowerState] INFO  server.RaftServerConfigKeys (ConfUtils.java:logGet(44)) - raft.server.leaderelection.pre-vote = false (custom)
2022-03-01 14:10:02,700 [28de1d07-eef3-4d95-867d-a76d45cc8bed@group-759F0C1CD132-FollowerState] INFO  impl.RoleInfo (RoleInfo.java:updateAndGet(130)) - 28de1d07-eef3-4d95-867d-a76d45cc8bed: start 28de1d07-eef3-4d95-867d-a76d45cc8bed@group-759F0C1CD132-LeaderElection56
2022-03-01 14:10:02,700 [28de1d07-eef3-4d95-867d-a76d45cc8bed@group-759F0C1CD132-LeaderElection56] INFO  server.RaftServer$Division (ServerState.java:setLeader(285)) - 28de1d07-eef3-4d95-867d-a76d45cc8bed@group-759F0C1CD132: change Leader from bff059a0-da91-4773-b4de-bde692fc76df to null at term 1 for ELECTION
2022-03-01 14:10:02,713 [28de1d07-eef3-4d95-867d-a76d45cc8bed@group-759F0C1CD132-LeaderElection56] INFO  impl.LeaderElection (LeaderElection.java:askForVotes(306)) - 28de1d07-eef3-4d95-867d-a76d45cc8bed@group-759F0C1CD132-LeaderElection56 ELECTION round 0: submit vote requests at term 2 for 0: [28de1d07-eef3-4d95-867d-a76d45cc8bed|rpc:10.1.0.24:40517|dataStream:|priority:0, bcb4855e-56af-49db-b8f0-0c2615524f90|rpc:10.1.0.24:38757|dataStream:|priority:0, bff059a0-da91-4773-b4de-bde692fc76df|rpc:10.1.0.24:36231|dataStream:|priority:1], old=null
2022-03-01 14:10:02,782 [28de1d07-eef3-4d95-867d-a76d45cc8bed@group-759F0C1CD132-LeaderElection56] INFO  impl.LeaderElection (LogUtils.java:infoOrTrace(137)) - 28de1d07-eef3-4d95-867d-a76d45cc8bed@group-759F0C1CD132-LeaderElection56 got exception when requesting votes: java.util.concurrent.ExecutionException: org.apache.ratis.thirdparty.io.grpc.StatusRuntimeException: UNAVAILABLE: io exception
2022-03-01 14:10:02,786 [28de1d07-eef3-4d95-867d-a76d45cc8bed@group-759F0C1CD132-LeaderElection56] INFO  impl.LeaderElection (LogUtils.java:infoOrTrace(137)) - 28de1d07-eef3-4d95-867d-a76d45cc8bed@group-759F0C1CD132-LeaderElection56 got exception when requesting votes: java.util.concurrent.ExecutionException: org.apache.ratis.thirdparty.io.grpc.StatusRuntimeException: UNAVAILABLE: io exception
2022-03-01 14:10:02,786 [28de1d07-eef3-4d95-867d-a76d45cc8bed@group-759F0C1CD132-LeaderElection56] INFO  impl.LeaderElection (LeaderElection.java:logAndReturn(89)) - 28de1d07-eef3-4d95-867d-a76d45cc8bed@group-759F0C1CD132-LeaderElection56: ELECTION REJECTED received 0 response(s) and 2 exception(s):
2022-03-01 14:10:02,786 [28de1d07-eef3-4d95-867d-a76d45cc8bed@group-759F0C1CD132-LeaderElection56] INFO  impl.LeaderElection (LogUtils.java:infoOrTrace(137)) -   Exception 0: java.util.concurrent.ExecutionException: org.apache.ratis.thirdparty.io.grpc.StatusRuntimeException: UNAVAILABLE: io exception
2022-03-01 14:10:02,786 [28de1d07-eef3-4d95-867d-a76d45cc8bed@group-759F0C1CD132-LeaderElection56] INFO  impl.LeaderElection (LogUtils.java:infoOrTrace(137)) -   Exception 1: java.util.concurrent.ExecutionException: org.apache.ratis.thirdparty.io.grpc.StatusRuntimeException: UNAVAILABLE: io exception
2022-03-01 14:10:02,786 [28de1d07-eef3-4d95-867d-a76d45cc8bed@group-759F0C1CD132-LeaderElection56] INFO  impl.LeaderElection (LeaderElection.java:askForVotes(308)) - 28de1d07-eef3-4d95-867d-a76d45cc8bed@group-759F0C1CD132-LeaderElection56 ELECTION round 0: result REJECTED
2022-03-01 14:10:02,786 [28de1d07-eef3-4d95-867d-a76d45cc8bed@group-759F0C1CD132-LeaderElection56] INFO  server.RaftServer$Division (RaftServerImpl.java:setRole(290)) - 28de1d07-eef3-4d95-867d-a76d45cc8bed@group-759F0C1CD132: changes role from CANDIDATE to FOLLOWER at term 2 for REJECTED
2022-03-01 14:10:02,786 [28de1d07-eef3-4d95-867d-a76d45cc8bed@group-759F0C1CD132-LeaderElection56] INFO  impl.RoleInfo (RoleInfo.java:shutdownLeaderElection(121)) - 28de1d07-eef3-4d95-867d-a76d45cc8bed: shutdown 28de1d07-eef3-4d95-867d-a76d45cc8bed@group-759F0C1CD132-LeaderElection56
2022-03-01 14:10:02,786 [28de1d07-eef3-4d95-867d-a76d45cc8bed@group-759F0C1CD132-LeaderElection56] INFO  impl.RoleInfo (RoleInfo.java:updateAndGet(130)) - 28de1d07-eef3-4d95-867d-a76d45cc8bed: start 28de1d07-eef3-4d95-867d-a76d45cc8bed@group-759F0C1CD132-FollowerState
2022-03-01 14:10:03,010 [28de1d07-eef3-4d95-867d-a76d45cc8bed@group-5F9707FFCBF1-FollowerState] INFO  impl.FollowerState (FollowerState.java:run(134)) - 28de1d07-eef3-4d95-867d-a76d45cc8bed@group-5F9707FFCBF1-FollowerState: change to CANDIDATE, lastRpcElapsedTime:7130680033ns, electionTimeout:5180ms
2022-03-01 14:10:03,010 [28de1d07-eef3-4d95-867d-a76d45cc8bed@group-5F9707FFCBF1-FollowerState] INFO  impl.RoleInfo (RoleInfo.java:shutdownFollowerState(108)) - 28de1d07-eef3-4d95-867d-a76d45cc8bed: shutdown 28de1d07-eef3-4d95-867d-a76d45cc8bed@group-5F9707FFCBF1-FollowerState
2022-03-01 14:10:03,011 [28de1d07-eef3-4d95-867d-a76d45cc8bed@group-5F9707FFCBF1-FollowerState] INFO  server.RaftServer$Division (RaftServerImpl.java:setRole(290)) - 28de1d07-eef3-4d95-867d-a76d45cc8bed@group-5F9707FFCBF1: changes role from  FOLLOWER to CANDIDATE at term 1 for changeToCandidate
2022-03-01 14:10:03,011 [28de1d07-eef3-4d95-867d-a76d45cc8bed@group-5F9707FFCBF1-FollowerState] INFO  server.RaftServerConfigKeys (ConfUtils.java:logGet(44)) - raft.server.leaderelection.pre-vote = false (custom)
2022-03-01 14:10:03,011 [28de1d07-eef3-4d95-867d-a76d45cc8bed@group-5F9707FFCBF1-FollowerState] INFO  impl.RoleInfo (RoleInfo.java:updateAndGet(130)) - 28de1d07-eef3-4d95-867d-a76d45cc8bed: start 28de1d07-eef3-4d95-867d-a76d45cc8bed@group-5F9707FFCBF1-LeaderElection57
2022-03-01 14:10:03,041 [28de1d07-eef3-4d95-867d-a76d45cc8bed@group-5F9707FFCBF1-LeaderElection57] INFO  server.RaftServer$Division (ServerState.java:setLeader(285)) - 28de1d07-eef3-4d95-867d-a76d45cc8bed@group-5F9707FFCBF1: change Leader from bcb4855e-56af-49db-b8f0-0c2615524f90 to null at term 1 for ELECTION
2022-03-01 14:10:03,043 [28de1d07-eef3-4d95-867d-a76d45cc8bed@group-5F9707FFCBF1-LeaderElection57] INFO  impl.LeaderElection (LeaderElection.java:askForVotes(306)) - 28de1d07-eef3-4d95-867d-a76d45cc8bed@group-5F9707FFCBF1-LeaderElection57 ELECTION round 0: submit vote requests at term 2 for 0: [28de1d07-eef3-4d95-867d-a76d45cc8bed|rpc:10.1.0.24:40517|dataStream:|priority:0, bff059a0-da91-4773-b4de-bde692fc76df|rpc:10.1.0.24:36231|dataStream:|priority:0, bcb4855e-56af-49db-b8f0-0c2615524f90|rpc:10.1.0.24:38757|dataStream:|priority:1], old=null
2022-03-01 14:10:03,046 [28de1d07-eef3-4d95-867d-a76d45cc8bed@group-5F9707FFCBF1-LeaderElection57] INFO  impl.LeaderElection (LogUtils.java:infoOrTrace(137)) - 28de1d07-eef3-4d95-867d-a76d45cc8bed@group-5F9707FFCBF1-LeaderElection57 got exception when requesting votes: java.util.concurrent.ExecutionException: org.apache.ratis.thirdparty.io.grpc.StatusRuntimeException: UNAVAILABLE: io exception
2022-03-01 14:10:03,049 [28de1d07-eef3-4d95-867d-a76d45cc8bed@group-5F9707FFCBF1-LeaderElection57] INFO  impl.LeaderElection (LogUtils.java:infoOrTrace(137)) - 28de1d07-eef3-4d95-867d-a76d45cc8bed@group-5F9707FFCBF1-LeaderElection57 got exception when requesting votes: java.util.concurrent.ExecutionException: org.apache.ratis.thirdparty.io.grpc.StatusRuntimeException: UNAVAILABLE: io exception
2022-03-01 14:10:03,049 [28de1d07-eef3-4d95-867d-a76d45cc8bed@group-5F9707FFCBF1-LeaderElection57] INFO  impl.LeaderElection (LeaderElection.java:logAndReturn(89)) - 28de1d07-eef3-4d95-867d-a76d45cc8bed@group-5F9707FFCBF1-LeaderElection57: ELECTION REJECTED received 0 response(s) and 2 exception(s):
2022-03-01 14:10:03,049 [28de1d07-eef3-4d95-867d-a76d45cc8bed@group-5F9707FFCBF1-LeaderElection57] INFO  impl.LeaderElection (LogUtils.java:infoOrTrace(137)) -   Exception 0: java.util.concurrent.ExecutionException: org.apache.ratis.thirdparty.io.grpc.StatusRuntimeException: UNAVAILABLE: io exception
2022-03-01 14:10:03,049 [28de1d07-eef3-4d95-867d-a76d45cc8bed@group-5F9707FFCBF1-LeaderElection57] INFO  impl.LeaderElection (LogUtils.java:infoOrTrace(137)) -   Exception 1: java.util.concurrent.ExecutionException: org.apache.ratis.thirdparty.io.grpc.StatusRuntimeException: UNAVAILABLE: io exception
2022-03-01 14:10:03,049 [28de1d07-eef3-4d95-867d-a76d45cc8bed@group-5F9707FFCBF1-LeaderElection57] INFO  impl.LeaderElection (LeaderElection.java:askForVotes(308)) - 28de1d07-eef3-4d95-867d-a76d45cc8bed@group-5F9707FFCBF1-LeaderElection57 ELECTION round 0: result REJECTED
2022-03-01 14:10:03,049 [28de1d07-eef3-4d95-867d-a76d45cc8bed@group-5F9707FFCBF1-LeaderElection57] INFO  server.RaftServer$Division (RaftServerImpl.java:setRole(290)) - 28de1d07-eef3-4d95-867d-a76d45cc8bed@group-5F9707FFCBF1: changes role from CANDIDATE to FOLLOWER at term 2 for REJECTED
2022-03-01 14:10:03,049 [28de1d07-eef3-4d95-867d-a76d45cc8bed@group-5F9707FFCBF1-LeaderElection57] INFO  impl.RoleInfo (RoleInfo.java:shutdownLeaderElection(121)) - 28de1d07-eef3-4d95-867d-a76d45cc8bed: shutdown 28de1d07-eef3-4d95-867d-a76d45cc8bed@group-5F9707FFCBF1-LeaderElection57
2022-03-01 14:10:03,049 [28de1d07-eef3-4d95-867d-a76d45cc8bed@group-5F9707FFCBF1-LeaderElection57] INFO  impl.RoleInfo (RoleInfo.java:updateAndGet(130)) - 28de1d07-eef3-4d95-867d-a76d45cc8bed: start 28de1d07-eef3-4d95-867d-a76d45cc8bed@group-5F9707FFCBF1-FollowerState
2022-03-01 14:10:06,783 [Listener at 127.0.0.1/43769] INFO  ozoneimpl.OzoneContainer (OzoneContainer.java:stop(356)) - Attempting to stop container services.
2022-03-01 14:10:06,785 [Listener at 127.0.0.1/43769] INFO  server.RaftServer (RaftServerProxy.java:lambda$close$6(391)) - 28de1d07-eef3-4d95-867d-a76d45cc8bed: close
2022-03-01 14:10:06,791 [Listener at 127.0.0.1/43769] INFO  server.RaftServer$Division (RaftServerImpl.java:lambda$close$4(412)) - 28de1d07-eef3-4d95-867d-a76d45cc8bed@group-24834ECCA4F9: shutdown
2022-03-01 14:10:06,791 [Listener at 127.0.0.1/43769] INFO  util.JmxRegister (JmxRegister.java:unregister(73)) - Successfully un-registered JMX Bean with object name Ratis:service=RaftServer,group=group-24834ECCA4F9,id=28de1d07-eef3-4d95-867d-a76d45cc8bed
2022-03-01 14:10:06,791 [Listener at 127.0.0.1/43769] INFO  impl.RoleInfo (RoleInfo.java:shutdownLeaderState(91)) - 28de1d07-eef3-4d95-867d-a76d45cc8bed: shutdown 28de1d07-eef3-4d95-867d-a76d45cc8bed@group-24834ECCA4F9-LeaderStateImpl
2022-03-01 14:10:06,791 [Listener at 127.0.0.1/43769] INFO  impl.PendingRequests (PendingRequests.java:sendNotLeaderResponses(282)) - 28de1d07-eef3-4d95-867d-a76d45cc8bed@group-24834ECCA4F9-PendingRequests: sendNotLeaderResponses
2022-03-01 14:10:06,792 [Listener at 127.0.0.1/43769] INFO  impl.StateMachineUpdater (StateMachineUpdater.java:stopAndJoin(149)) - 28de1d07-eef3-4d95-867d-a76d45cc8bed@group-24834ECCA4F9-StateMachineUpdater: set stopIndex = 0
2022-03-01 14:10:06,792 [28de1d07-eef3-4d95-867d-a76d45cc8bed@group-24834ECCA4F9-StateMachineUpdater] INFO  ratis.ContainerStateMachine (ContainerStateMachine.java:takeSnapshot(304)) - group-24834ECCA4F9: Taking a snapshot at:(t:1, i:0) file /home/runner/work/ozone/ozone/hadoop-ozone/integration-test/target/test-dir/MiniOzoneClusterImpl-4620bb26-f181-4696-b789-f356cb8b6fd6/datanode-2/data/ratis/56bd4f76-d30c-41b8-80a1-24834ecca4f9/sm/snapshot.1_0
2022-03-01 14:10:06,794 [28de1d07-eef3-4d95-867d-a76d45cc8bed@group-24834ECCA4F9-StateMachineUpdater] INFO  ratis.ContainerStateMachine (ContainerStateMachine.java:takeSnapshot(315)) - group-24834ECCA4F9: Finished taking a snapshot at:(t:1, i:0) file:/home/runner/work/ozone/ozone/hadoop-ozone/integration-test/target/test-dir/MiniOzoneClusterImpl-4620bb26-f181-4696-b789-f356cb8b6fd6/datanode-2/data/ratis/56bd4f76-d30c-41b8-80a1-24834ecca4f9/sm/snapshot.1_0 took: 1 ms
2022-03-01 14:10:06,794 [28de1d07-eef3-4d95-867d-a76d45cc8bed@group-24834ECCA4F9-StateMachineUpdater] INFO  impl.StateMachineUpdater (StateMachineUpdater.java:takeSnapshot(281)) - 28de1d07-eef3-4d95-867d-a76d45cc8bed@group-24834ECCA4F9-StateMachineUpdater: Took a snapshot at index 0
2022-03-01 14:10:06,794 [28de1d07-eef3-4d95-867d-a76d45cc8bed@group-24834ECCA4F9-StateMachineUpdater] INFO  impl.StateMachineUpdater (StateMachineUpdater.java:lambda$new$0(89)) - 28de1d07-eef3-4d95-867d-a76d45cc8bed@group-24834ECCA4F9-StateMachineUpdater: snapshotIndex: updateIncreasingly -1 -> 0
2022-03-01 14:10:06,800 [Listener at 127.0.0.1/43769] INFO  server.RaftServer$Division (ServerState.java:close(419)) - 28de1d07-eef3-4d95-867d-a76d45cc8bed@group-24834ECCA4F9: closes. applyIndex: 0
2022-03-01 14:10:06,801 [28de1d07-eef3-4d95-867d-a76d45cc8bed@group-24834ECCA4F9-SegmentedRaftLogWorker] INFO  segmented.SegmentedRaftLogWorker (SegmentedRaftLogWorker.java:run(327)) - 28de1d07-eef3-4d95-867d-a76d45cc8bed@group-24834ECCA4F9-SegmentedRaftLogWorker was interrupted, exiting. There are 0 tasks remaining in the queue.
2022-03-01 14:10:06,801 [Listener at 127.0.0.1/43769] INFO  segmented.SegmentedRaftLogWorker (SegmentedRaftLogWorker.java:close(237)) - 28de1d07-eef3-4d95-867d-a76d45cc8bed@group-24834ECCA4F9-SegmentedRaftLogWorker close()
2022-03-01 14:10:06,802 [Listener at 127.0.0.1/43769] INFO  server.RaftServer$Division (RaftServerImpl.java:lambda$close$4(412)) - 28de1d07-eef3-4d95-867d-a76d45cc8bed@group-759F0C1CD132: shutdown
2022-03-01 14:10:06,803 [Listener at 127.0.0.1/43769] INFO  util.JmxRegister (JmxRegister.java:unregister(73)) - Successfully un-registered JMX Bean with object name Ratis:service=RaftServer,group=group-759F0C1CD132,id=28de1d07-eef3-4d95-867d-a76d45cc8bed
2022-03-01 14:10:06,803 [Listener at 127.0.0.1/43769] INFO  impl.RoleInfo (RoleInfo.java:shutdownFollowerState(108)) - 28de1d07-eef3-4d95-867d-a76d45cc8bed: shutdown 28de1d07-eef3-4d95-867d-a76d45cc8bed@group-759F0C1CD132-FollowerState
2022-03-01 14:10:06,803 [Listener at 127.0.0.1/43769] INFO  impl.StateMachineUpdater (StateMachineUpdater.java:stopAndJoin(149)) - 28de1d07-eef3-4d95-867d-a76d45cc8bed@group-759F0C1CD132-StateMachineUpdater: set stopIndex = 31
2022-03-01 14:10:06,803 [28de1d07-eef3-4d95-867d-a76d45cc8bed@group-759F0C1CD132-FollowerState] INFO  impl.FollowerState (FollowerState.java:run(143)) - 28de1d07-eef3-4d95-867d-a76d45cc8bed@group-759F0C1CD132-FollowerState was interrupted: {}
java.lang.InterruptedException: sleep interrupted
	at java.lang.Thread.sleep(Native Method)
	at java.lang.Thread.sleep(Thread.java:342)
	at java.util.concurrent.TimeUnit.sleep(TimeUnit.java:386)
	at org.apache.ratis.util.TimeDuration.sleep(TimeDuration.java:324)
	at org.apache.ratis.util.TimeDuration.sleep(TimeDuration.java:309)
	at org.apache.ratis.server.impl.FollowerState.run(FollowerState.java:118)
2022-03-01 14:10:06,803 [28de1d07-eef3-4d95-867d-a76d45cc8bed@group-759F0C1CD132-StateMachineUpdater] INFO  ratis.ContainerStateMachine (ContainerStateMachine.java:takeSnapshot(304)) - group-759F0C1CD132: Taking a snapshot at:(t:1, i:31) file /home/runner/work/ozone/ozone/hadoop-ozone/integration-test/target/test-dir/MiniOzoneClusterImpl-4620bb26-f181-4696-b789-f356cb8b6fd6/datanode-2/data/ratis/47a4a78d-c2e4-4466-9fc0-759f0c1cd132/sm/snapshot.1_31
2022-03-01 14:10:06,824 [28de1d07-eef3-4d95-867d-a76d45cc8bed@group-759F0C1CD132-StateMachineUpdater] INFO  ratis.ContainerStateMachine (ContainerStateMachine.java:takeSnapshot(315)) - group-759F0C1CD132: Finished taking a snapshot at:(t:1, i:31) file:/home/runner/work/ozone/ozone/hadoop-ozone/integration-test/target/test-dir/MiniOzoneClusterImpl-4620bb26-f181-4696-b789-f356cb8b6fd6/datanode-2/data/ratis/47a4a78d-c2e4-4466-9fc0-759f0c1cd132/sm/snapshot.1_31 took: 21 ms
2022-03-01 14:10:06,824 [28de1d07-eef3-4d95-867d-a76d45cc8bed@group-759F0C1CD132-StateMachineUpdater] INFO  impl.StateMachineUpdater (StateMachineUpdater.java:takeSnapshot(281)) - 28de1d07-eef3-4d95-867d-a76d45cc8bed@group-759F0C1CD132-StateMachineUpdater: Took a snapshot at index 31
2022-03-01 14:10:06,824 [28de1d07-eef3-4d95-867d-a76d45cc8bed@group-759F0C1CD132-StateMachineUpdater] INFO  impl.StateMachineUpdater (StateMachineUpdater.java:lambda$new$0(89)) - 28de1d07-eef3-4d95-867d-a76d45cc8bed@group-759F0C1CD132-StateMachineUpdater: snapshotIndex: updateIncreasingly -1 -> 31
2022-03-01 14:10:06,824 [Listener at 127.0.0.1/43769] INFO  server.RaftServer$Division (ServerState.java:close(419)) - 28de1d07-eef3-4d95-867d-a76d45cc8bed@group-759F0C1CD132: closes. applyIndex: 31
2022-03-01 14:10:06,825 [28de1d07-eef3-4d95-867d-a76d45cc8bed@group-759F0C1CD132-SegmentedRaftLogWorker] INFO  segmented.SegmentedRaftLogWorker (SegmentedRaftLogWorker.java:run(327)) - 28de1d07-eef3-4d95-867d-a76d45cc8bed@group-759F0C1CD132-SegmentedRaftLogWorker was interrupted, exiting. There are 0 tasks remaining in the queue.
2022-03-01 14:10:06,825 [Listener at 127.0.0.1/43769] INFO  segmented.SegmentedRaftLogWorker (SegmentedRaftLogWorker.java:close(237)) - 28de1d07-eef3-4d95-867d-a76d45cc8bed@group-759F0C1CD132-SegmentedRaftLogWorker close()
2022-03-01 14:10:06,829 [Listener at 127.0.0.1/43769] INFO  server.RaftServer$Division (RaftServerImpl.java:lambda$close$4(412)) - 28de1d07-eef3-4d95-867d-a76d45cc8bed@group-5F9707FFCBF1: shutdown
2022-03-01 14:10:06,829 [Listener at 127.0.0.1/43769] INFO  util.JmxRegister (JmxRegister.java:unregister(73)) - Successfully un-registered JMX Bean with object name Ratis:service=RaftServer,group=group-5F9707FFCBF1,id=28de1d07-eef3-4d95-867d-a76d45cc8bed
2022-03-01 14:10:06,829 [Listener at 127.0.0.1/43769] INFO  impl.RoleInfo (RoleInfo.java:shutdownFollowerState(108)) - 28de1d07-eef3-4d95-867d-a76d45cc8bed: shutdown 28de1d07-eef3-4d95-867d-a76d45cc8bed@group-5F9707FFCBF1-FollowerState
2022-03-01 14:10:06,829 [Listener at 127.0.0.1/43769] INFO  impl.StateMachineUpdater (StateMachineUpdater.java:stopAndJoin(149)) - 28de1d07-eef3-4d95-867d-a76d45cc8bed@group-5F9707FFCBF1-StateMachineUpdater: set stopIndex = 16
2022-03-01 14:10:06,830 [28de1d07-eef3-4d95-867d-a76d45cc8bed@group-5F9707FFCBF1-FollowerState] INFO  impl.FollowerState (FollowerState.java:run(143)) - 28de1d07-eef3-4d95-867d-a76d45cc8bed@group-5F9707FFCBF1-FollowerState was interrupted: {}
java.lang.InterruptedException: sleep interrupted
	at java.lang.Thread.sleep(Native Method)
	at java.lang.Thread.sleep(Thread.java:342)
	at java.util.concurrent.TimeUnit.sleep(TimeUnit.java:386)
	at org.apache.ratis.util.TimeDuration.sleep(TimeDuration.java:324)
	at org.apache.ratis.util.TimeDuration.sleep(TimeDuration.java:309)
	at org.apache.ratis.server.impl.FollowerState.run(FollowerState.java:118)
2022-03-01 14:10:06,853 [28de1d07-eef3-4d95-867d-a76d45cc8bed@group-5F9707FFCBF1-StateMachineUpdater] INFO  ratis.ContainerStateMachine (ContainerStateMachine.java:takeSnapshot(304)) - group-5F9707FFCBF1: Taking a snapshot at:(t:1, i:16) file /home/runner/work/ozone/ozone/hadoop-ozone/integration-test/target/test-dir/MiniOzoneClusterImpl-4620bb26-f181-4696-b789-f356cb8b6fd6/datanode-2/data/ratis/105963db-d48b-4a09-b255-5f9707ffcbf1/sm/snapshot.1_16
2022-03-01 14:10:06,854 [28de1d07-eef3-4d95-867d-a76d45cc8bed@group-5F9707FFCBF1-StateMachineUpdater] INFO  ratis.ContainerStateMachine (ContainerStateMachine.java:takeSnapshot(315)) - group-5F9707FFCBF1: Finished taking a snapshot at:(t:1, i:16) file:/home/runner/work/ozone/ozone/hadoop-ozone/integration-test/target/test-dir/MiniOzoneClusterImpl-4620bb26-f181-4696-b789-f356cb8b6fd6/datanode-2/data/ratis/105963db-d48b-4a09-b255-5f9707ffcbf1/sm/snapshot.1_16 took: 2 ms
2022-03-01 14:10:06,855 [28de1d07-eef3-4d95-867d-a76d45cc8bed@group-5F9707FFCBF1-StateMachineUpdater] INFO  impl.StateMachineUpdater (StateMachineUpdater.java:takeSnapshot(281)) - 28de1d07-eef3-4d95-867d-a76d45cc8bed@group-5F9707FFCBF1-StateMachineUpdater: Took a snapshot at index 16
2022-03-01 14:10:06,855 [28de1d07-eef3-4d95-867d-a76d45cc8bed@group-5F9707FFCBF1-StateMachineUpdater] INFO  impl.StateMachineUpdater (StateMachineUpdater.java:lambda$new$0(89)) - 28de1d07-eef3-4d95-867d-a76d45cc8bed@group-5F9707FFCBF1-StateMachineUpdater: snapshotIndex: updateIncreasingly -1 -> 16
2022-03-01 14:10:06,855 [Listener at 127.0.0.1/43769] INFO  server.RaftServer$Division (ServerState.java:close(419)) - 28de1d07-eef3-4d95-867d-a76d45cc8bed@group-5F9707FFCBF1: closes. applyIndex: 16
2022-03-01 14:10:06,856 [28de1d07-eef3-4d95-867d-a76d45cc8bed@group-5F9707FFCBF1-SegmentedRaftLogWorker] INFO  segmented.SegmentedRaftLogWorker (SegmentedRaftLogWorker.java:run(327)) - 28de1d07-eef3-4d95-867d-a76d45cc8bed@group-5F9707FFCBF1-SegmentedRaftLogWorker was interrupted, exiting. There are 0 tasks remaining in the queue.
2022-03-01 14:10:06,856 [Listener at 127.0.0.1/43769] INFO  segmented.SegmentedRaftLogWorker (SegmentedRaftLogWorker.java:close(237)) - 28de1d07-eef3-4d95-867d-a76d45cc8bed@group-5F9707FFCBF1-SegmentedRaftLogWorker close()
2022-03-01 14:10:06,856 [Listener at 127.0.0.1/43769] INFO  server.GrpcService (GrpcService.java:closeImpl(262)) - 28de1d07-eef3-4d95-867d-a76d45cc8bed: shutdown server with port 40517 now
2022-03-01 14:10:06,859 [Listener at 127.0.0.1/43769] INFO  server.GrpcService (GrpcService.java:closeImpl(271)) - 28de1d07-eef3-4d95-867d-a76d45cc8bed: shutdown server with port 40517 successfully
2022-03-01 14:10:06,860 [org.apache.ratis.util.JvmPauseMonitor$$Lambda$421/1299661385@140be5a7] INFO  util.JvmPauseMonitor (JvmPauseMonitor.java:run(109)) - JvmPauseMonitor-28de1d07-eef3-4d95-867d-a76d45cc8bed: Stopped
2022-03-01 14:10:08,926 [Listener at 127.0.0.1/43769] INFO  utils.BackgroundService (BackgroundService.java:shutdown(132)) - Shutting down service BlockDeletingService
2022-03-01 14:10:11,945 [Listener at 127.0.0.1/43769] INFO  statemachine.DatanodeStateMachine (DatanodeStateMachine.java:stopDaemon(529)) - Ozone container server stopped.
2022-03-01 14:10:11,946 [Listener at 127.0.0.1/43769] INFO  handler.ContextHandler (ContextHandler.java:doStop(1153)) - Stopped o.e.j.w.WebAppContext@1bc7c8c7{hddsDatanode,/,null,STOPPED}{jar:file:/home/runner/.m2/repository/org/apache/ozone/hdds-container-service/1.3.0-SNAPSHOT/hdds-container-service-1.3.0-SNAPSHOT.jar!/webapps/hddsDatanode}
2022-03-01 14:10:11,949 [Listener at 127.0.0.1/43769] INFO  server.AbstractConnector (AbstractConnector.java:doStop(381)) - Stopped ServerConnector@ea8842c{HTTP/1.1, (http/1.1)}{0.0.0.0:0}
2022-03-01 14:10:11,949 [Listener at 127.0.0.1/43769] INFO  server.session (HouseKeeper.java:stopScavenging(149)) - node0 Stopped scavenging
2022-03-01 14:10:11,949 [Listener at 127.0.0.1/43769] INFO  handler.ContextHandler (ContextHandler.java:doStop(1153)) - Stopped o.e.j.s.ServletContextHandler@320075ea{static,/static,jar:file:/home/runner/.m2/repository/org/apache/ozone/hdds-container-service/1.3.0-SNAPSHOT/hdds-container-service-1.3.0-SNAPSHOT.jar!/webapps/static,STOPPED}
2022-03-01 14:10:11,949 [Listener at 127.0.0.1/43769] INFO  handler.ContextHandler (ContextHandler.java:doStop(1153)) - Stopped o.e.j.s.ServletContextHandler@4f405053{logs,/logs,file:///home/runner/work/ozone/ozone/hadoop-ozone/integration-test/target/log,STOPPED}
2022-03-01 14:10:11,951 [Listener at 127.0.0.1/43769] INFO  ozone.MiniOzoneClusterImpl (MiniOzoneClusterImpl.java:stopSCM(538)) - Stopping the StorageContainerManager
2022-03-01 14:10:11,951 [Listener at 127.0.0.1/43769] INFO  server.StorageContainerManager (StorageContainerManager.java:stop(1417)) - Stopping Container Balancer service.
2022-03-01 14:10:11,951 [Listener at 127.0.0.1/43769] INFO  balancer.ContainerBalancer (ContainerBalancer.java:stop(751)) - Container Balancer is not running.
2022-03-01 14:10:11,951 [Listener at 127.0.0.1/43769] INFO  server.StorageContainerManager (StorageContainerManager.java:stop(1424)) - Stopping Replication Manager Service.
2022-03-01 14:10:11,952 [Listener at 127.0.0.1/43769] INFO  container.ReplicationManager (ReplicationManager.java:stop(357)) - Stopping Replication Monitor Thread.
2022-03-01 14:10:11,952 [Listener at 127.0.0.1/43769] INFO  server.StorageContainerManager (StorageContainerManager.java:stop(1431)) - Stopping the Datanode Admin Monitor.
2022-03-01 14:10:11,952 [Listener at 127.0.0.1/43769] INFO  server.StorageContainerManager (StorageContainerManager.java:stop(1438)) - Stopping Lease Manager of the command watchers
2022-03-01 14:10:11,956 [Listener at 127.0.0.1/43769] INFO  server.StorageContainerManager (StorageContainerManager.java:stop(1445)) - Stopping datanode service RPC server
2022-03-01 14:10:11,956 [Listener at 127.0.0.1/43769] INFO  server.SCMDatanodeProtocolServer (SCMDatanodeProtocolServer.java:stop(391)) - Stopping the RPC server for DataNodes
2022-03-01 14:10:11,956 [Listener at 127.0.0.1/43769] INFO  ipc.Server (Server.java:stop(3414)) - Stopping server on 39003
2022-03-01 14:10:11,960 [IPC Server listener on 0] INFO  ipc.Server (Server.java:run(1376)) - Stopping IPC Server listener on 0
2022-03-01 14:10:11,965 [IPC Server Responder] INFO  ipc.Server (Server.java:run(1512)) - Stopping IPC Server Responder
2022-03-01 14:10:12,021 [SCM Heartbeat Processing Thread - 0] WARN  node.NodeStateManager (NodeStateManager.java:scheduleNextHealthCheck(815)) - Current Thread is interrupted, shutting down HB processing thread for Node Manager.
2022-03-01 14:10:12,031 [Listener at 127.0.0.1/43769] INFO  server.StorageContainerManager (StorageContainerManager.java:stop(1453)) - Stopping block service RPC server
2022-03-01 14:10:12,031 [Listener at 127.0.0.1/43769] INFO  server.SCMBlockProtocolServer (SCMBlockProtocolServer.java:stop(160)) - Stopping the RPC server for Block Protocol
2022-03-01 14:10:12,031 [Listener at 127.0.0.1/43769] INFO  ipc.Server (Server.java:stop(3414)) - Stopping server on 35527
2022-03-01 14:10:12,037 [IPC Server listener on 0] INFO  ipc.Server (Server.java:run(1376)) - Stopping IPC Server listener on 0
2022-03-01 14:10:12,037 [Listener at 127.0.0.1/43769] INFO  server.StorageContainerManager (StorageContainerManager.java:stop(1460)) - Stopping the StorageContainerLocationProtocol RPC server
2022-03-01 14:10:12,038 [Listener at 127.0.0.1/43769] INFO  server.SCMClientProtocolServer (SCMClientProtocolServer.java:stop(174)) - Stopping the RPC server for Client Protocol
2022-03-01 14:10:12,038 [Listener at 127.0.0.1/43769] INFO  ipc.Server (Server.java:stop(3414)) - Stopping server on 38729
2022-03-01 14:10:12,038 [IPC Server Responder] INFO  ipc.Server (Server.java:run(1512)) - Stopping IPC Server Responder
2022-03-01 14:10:12,057 [IPC Server listener on 0] INFO  ipc.Server (Server.java:run(1376)) - Stopping IPC Server listener on 0
2022-03-01 14:10:12,057 [Listener at 127.0.0.1/43769] INFO  server.StorageContainerManager (StorageContainerManager.java:stop(1467)) - Stopping Storage Container Manager HTTP server.
2022-03-01 14:10:12,058 [Listener at 127.0.0.1/43769] INFO  handler.ContextHandler (ContextHandler.java:doStop(1153)) - Stopped o.e.j.w.WebAppContext@43405ae5{scm,/,null,STOPPED}{file:/home/runner/work/ozone/ozone/hadoop-ozone/integration-test/target/test-classes/webapps/scm}
2022-03-01 14:10:12,058 [IPC Server Responder] INFO  ipc.Server (Server.java:run(1512)) - Stopping IPC Server Responder
2022-03-01 14:10:12,060 [Listener at 127.0.0.1/43769] INFO  server.AbstractConnector (AbstractConnector.java:doStop(381)) - Stopped ServerConnector@5230426b{HTTP/1.1, (http/1.1)}{0.0.0.0:0}
2022-03-01 14:10:12,060 [Listener at 127.0.0.1/43769] INFO  server.session (HouseKeeper.java:stopScavenging(149)) - node0 Stopped scavenging
2022-03-01 14:10:12,065 [Listener at 127.0.0.1/43769] INFO  handler.ContextHandler (ContextHandler.java:doStop(1153)) - Stopped o.e.j.s.ServletContextHandler@355a0cfb{static,/static,file:///home/runner/work/ozone/ozone/hadoop-ozone/integration-test/target/test-classes/webapps/static,STOPPED}
2022-03-01 14:10:12,065 [Listener at 127.0.0.1/43769] INFO  handler.ContextHandler (ContextHandler.java:doStop(1153)) - Stopped o.e.j.s.ServletContextHandler@2cacda88{logs,/logs,file:///home/runner/work/ozone/ozone/hadoop-ozone/integration-test/target/log,STOPPED}
2022-03-01 14:10:12,066 [Listener at 127.0.0.1/43769] INFO  server.StorageContainerManager (StorageContainerManager.java:stop(1478)) - Stopping Block Manager Service.
2022-03-01 14:10:12,066 [Listener at 127.0.0.1/43769] INFO  utils.BackgroundService (BackgroundService.java:shutdown(132)) - Shutting down service SCMBlockDeletingService
2022-03-01 14:10:12,066 [Listener at 127.0.0.1/43769] INFO  utils.BackgroundService (BackgroundService.java:shutdown(132)) - Shutting down service SCMBlockDeletingService
2022-03-01 14:10:12,067 [Listener at 127.0.0.1/43769] INFO  server.StorageContainerManager (StorageContainerManager.java:stop(1505)) - Stopping SCM Event Queue.
2022-03-01 14:10:12,084 [Listener at 127.0.0.1/43769] INFO  server.StorageContainerManager (StorageContainerManager.java:stop(1516)) - Stopping SCM HA services.
2022-03-01 14:10:12,084 [Listener at 127.0.0.1/43769] INFO  ha.SCMRatisServerImpl (SCMRatisServerImpl.java:stop(236)) - stopping ratis server 0.0.0.0:9894
2022-03-01 14:10:12,084 [Listener at 127.0.0.1/43769] INFO  server.RaftServer (RaftServerProxy.java:lambda$close$6(391)) - 59ced422-3795-4659-9922-9f3d7fc7b79b: close
2022-03-01 14:10:12,084 [Listener at 127.0.0.1/43769] INFO  server.RaftServer$Division (RaftServerImpl.java:lambda$close$4(412)) - 59ced422-3795-4659-9922-9f3d7fc7b79b@group-F356CB8B6FD6: shutdown
2022-03-01 14:10:12,085 [Listener at 127.0.0.1/43769] INFO  util.JmxRegister (JmxRegister.java:unregister(73)) - Successfully un-registered JMX Bean with object name Ratis:service=RaftServer,group=group-F356CB8B6FD6,id=59ced422-3795-4659-9922-9f3d7fc7b79b
2022-03-01 14:10:12,085 [Listener at 127.0.0.1/43769] INFO  impl.RoleInfo (RoleInfo.java:shutdownLeaderState(91)) - 59ced422-3795-4659-9922-9f3d7fc7b79b: shutdown 59ced422-3795-4659-9922-9f3d7fc7b79b@group-F356CB8B6FD6-LeaderStateImpl
2022-03-01 14:10:12,085 [Listener at 127.0.0.1/43769] INFO  impl.PendingRequests (PendingRequests.java:sendNotLeaderResponses(282)) - 59ced422-3795-4659-9922-9f3d7fc7b79b@group-F356CB8B6FD6-PendingRequests: sendNotLeaderResponses
2022-03-01 14:10:12,085 [Listener at 127.0.0.1/43769] INFO  ha.SCMStateMachine (SCMStateMachine.java:notifyNotLeader(190)) - current leader SCM steps down.
2022-03-01 14:10:12,085 [Listener at 127.0.0.1/43769] INFO  ha.SCMContext (SCMContext.java:updateLeaderAndTerm(90)) - update <isLeader,term> from <true,2> to <false,0>
2022-03-01 14:10:12,085 [Listener at 127.0.0.1/43769] INFO  ha.SCMContext (SCMContext.java:updateLeaderAndTerm(97)) - update <isLeaderReady> from <false> to <false>
2022-03-01 14:10:12,087 [59ced422-3795-4659-9922-9f3d7fc7b79b@group-F356CB8B6FD6-StateMachineUpdater] INFO  ha.SCMStateMachine (SCMStateMachine.java:takeSnapshot(297)) - Current Snapshot Index 36, takeSnapshot took 0 ms
2022-03-01 14:10:12,087 [59ced422-3795-4659-9922-9f3d7fc7b79b@group-F356CB8B6FD6-StateMachineUpdater] INFO  impl.StateMachineUpdater (StateMachineUpdater.java:takeSnapshot(281)) - 59ced422-3795-4659-9922-9f3d7fc7b79b@group-F356CB8B6FD6-StateMachineUpdater: Took a snapshot at index 36
2022-03-01 14:10:12,087 [59ced422-3795-4659-9922-9f3d7fc7b79b@group-F356CB8B6FD6-StateMachineUpdater] INFO  impl.StateMachineUpdater (StateMachineUpdater.java:lambda$new$0(89)) - 59ced422-3795-4659-9922-9f3d7fc7b79b@group-F356CB8B6FD6-StateMachineUpdater: snapshotIndex: updateIncreasingly -1 -> 36
2022-03-01 14:10:12,087 [Listener at 127.0.0.1/43769] INFO  impl.StateMachineUpdater (StateMachineUpdater.java:stopAndJoin(149)) - 59ced422-3795-4659-9922-9f3d7fc7b79b@group-F356CB8B6FD6-StateMachineUpdater: set stopIndex = 36
2022-03-01 14:10:12,087 [Listener at 127.0.0.1/43769] INFO  server.RaftServer$Division (ServerState.java:close(419)) - 59ced422-3795-4659-9922-9f3d7fc7b79b@group-F356CB8B6FD6: closes. applyIndex: 36
2022-03-01 14:10:12,088 [59ced422-3795-4659-9922-9f3d7fc7b79b@group-F356CB8B6FD6-SegmentedRaftLogWorker] INFO  segmented.SegmentedRaftLogWorker (SegmentedRaftLogWorker.java:run(327)) - 59ced422-3795-4659-9922-9f3d7fc7b79b@group-F356CB8B6FD6-SegmentedRaftLogWorker was interrupted, exiting. There are 0 tasks remaining in the queue.
2022-03-01 14:10:12,093 [Listener at 127.0.0.1/43769] INFO  segmented.SegmentedRaftLogWorker (SegmentedRaftLogWorker.java:close(237)) - 59ced422-3795-4659-9922-9f3d7fc7b79b@group-F356CB8B6FD6-SegmentedRaftLogWorker close()
2022-03-01 14:10:12,093 [Listener at 127.0.0.1/43769] INFO  server.GrpcService (GrpcService.java:closeImpl(262)) - 59ced422-3795-4659-9922-9f3d7fc7b79b: shutdown server with port 9894 now
2022-03-01 14:10:12,104 [Listener at 127.0.0.1/43769] INFO  server.GrpcService (GrpcService.java:closeImpl(271)) - 59ced422-3795-4659-9922-9f3d7fc7b79b: shutdown server with port 9894 successfully
2022-03-01 14:10:12,104 [org.apache.ratis.util.JvmPauseMonitor$$Lambda$421/1299661385@443f780] INFO  util.JvmPauseMonitor (JvmPauseMonitor.java:run(109)) - JvmPauseMonitor-59ced422-3795-4659-9922-9f3d7fc7b79b: Stopped
2022-03-01 14:10:12,106 [Listener at 127.0.0.1/43769] INFO  pipeline.BackgroundPipelineCreator (BackgroundPipelineCreator.java:stop(158)) - Stopping RatisPipelineUtilsThread.
2022-03-01 14:10:12,114 [Listener at 127.0.0.1/43769] INFO  server.StorageContainerManager (StorageContainerManager.java:stop(1526)) - Stopping SCM MetadataStore.
2022-03-01 14:10:12,120 [Listener at 127.0.0.1/43769] INFO  impl.MetricsSystemImpl (MetricsSystemImpl.java:stop(210)) - Stopping HddsDatanode metrics system...
2022-03-01 14:10:12,158 [prometheus] INFO  impl.MetricsSinkAdapter (MetricsSinkAdapter.java:publishMetricsFromQueue(141)) - prometheus thread interrupted.
2022-03-01 14:10:12,158 [Listener at 127.0.0.1/43769] INFO  impl.MetricsSystemImpl (MetricsSystemImpl.java:stop(216)) - HddsDatanode metrics system stopped.
2022-03-01 14:10:12,416 [Listener at 127.0.0.1/43769] WARN  server.ServerUtils (ServerUtils.java:getScmDbDir(148)) - ozone.scm.db.dirs is not configured. We recommend adding this setting. Falling back to ozone.metadata.dirs instead.
2022-03-01 14:10:12,437 [Listener at 127.0.0.1/43769] INFO  ha.SCMHANodeDetails (SCMHANodeDetails.java:loadSCMHAConfig(157)) - ServiceID for StorageContainerManager is null
2022-03-01 14:10:12,437 [Listener at 127.0.0.1/43769] INFO  ha.SCMHANodeDetails (SCMHANodeDetails.java:loadSCMHAConfig(162)) - ozone.scm.default.service.id is not defined, falling back to ozone.scm.service.ids to find serviceID for StorageContainerManager if it is HA enabled cluster
2022-03-01 14:10:12,438 [Listener at 127.0.0.1/43769] INFO  server.RaftServer (ConfUtils.java:logGet(44)) - raft.rpc.type = GRPC (default)
2022-03-01 14:10:12,438 [Listener at 127.0.0.1/43769] INFO  grpc.GrpcFactory (GrpcFactory.java:checkPooledByteBufAllocatorUseCacheForAllThreads(48)) - PERFORMANCE WARNING: useCacheForAllThreads is true that may cause Netty to create a lot garbage objects and, as a result, trigger GC.
	It is recommended to disable useCacheForAllThreads by setting -Dorg.apache.ratis.thirdparty.io.netty.allocator.useCacheForAllThreads=false in command line.
2022-03-01 14:10:12,438 [Listener at 127.0.0.1/43769] INFO  grpc.GrpcConfigKeys (ConfUtils.java:logGet(44)) - raft.grpc.admin.port = -1 (default)
2022-03-01 14:10:12,438 [Listener at 127.0.0.1/43769] INFO  grpc.GrpcConfigKeys (ConfUtils.java:logGet(44)) - raft.grpc.server.port = 9894 (custom)
2022-03-01 14:10:12,438 [Listener at 127.0.0.1/43769] INFO  grpc.GrpcConfigKeys (ConfUtils.java:logGet(44)) - raft.grpc.client.port = -1 (default)
2022-03-01 14:10:12,439 [Listener at 127.0.0.1/43769] INFO  grpc.GrpcConfigKeys (ConfUtils.java:logGet(44)) - raft.grpc.server.port = 9894 (custom)
2022-03-01 14:10:12,439 [Listener at 127.0.0.1/43769] INFO  grpc.GrpcConfigKeys (ConfUtils.java:logGet(44)) - raft.grpc.server.port = 9894 (custom)
2022-03-01 14:10:12,439 [Listener at 127.0.0.1/43769] INFO  server.GrpcService (ConfUtils.java:logGet(44)) - raft.grpc.message.size.max = 32m (=33554432) (custom)
2022-03-01 14:10:12,439 [Listener at 127.0.0.1/43769] INFO  server.RaftServerConfigKeys (ConfUtils.java:logGet(44)) - raft.server.log.appender.buffer.byte-limit = 33554432 (custom)
2022-03-01 14:10:12,439 [Listener at 127.0.0.1/43769] INFO  server.GrpcService (ConfUtils.java:logGet(44)) - raft.grpc.flow.control.window = 1MB (=1048576) (default)
2022-03-01 14:10:12,439 [Listener at 127.0.0.1/43769] INFO  server.RaftServerConfigKeys (ConfUtils.java:logGet(44)) - raft.server.rpc.request.timeout = 30000ms (custom)
2022-03-01 14:10:12,440 [Listener at 127.0.0.1/43769] INFO  impl.DataStreamServerImpl (ConfUtils.java:logGet(44)) - raft.datastream.type = DISABLED (default)
2022-03-01 14:10:12,442 [Listener at 127.0.0.1/43769] INFO  server.RaftServerConfigKeys (ConfUtils.java:logGet(44)) - raft.server.rpc.slowness.timeout = 120000ms (custom)
2022-03-01 14:10:12,442 [Listener at 127.0.0.1/43769] INFO  server.RaftServerConfigKeys (ConfUtils.java:logGet(44)) - raft.server.leaderelection.leader.step-down.wait-time = 10s (default)
2022-03-01 14:10:12,442 [Listener at 127.0.0.1/43769] INFO  server.RaftServerConfigKeys (ConfUtils.java:logGet(44)) - raft.server.storage.dir = [/home/runner/work/ozone/ozone/hadoop-ozone/integration-test/target/test-dir/MiniOzoneClusterImpl-eb83c96d-312e-41b9-bb81-21e4280f8c7c/ozone-meta/scm-ha] (custom)
2022-03-01 14:10:12,442 [Listener at 127.0.0.1/43769] INFO  server.RaftServer (RaftServerProxy.java:addNew(95)) - 0cede2b6-a3ab-41b8-8ae8-b37d84d11077: addNew group-21E4280F8C7C:[0cede2b6-a3ab-41b8-8ae8-b37d84d11077|rpc:fv-az195-209:9894|priority:0] returns group-21E4280F8C7C:java.util.concurrent.CompletableFuture@40f7ae65[Not completed]
2022-03-01 14:10:12,456 [pool-655-thread-1] INFO  server.RaftServer$Division (RaftServerImpl.java:<init>(184)) - 0cede2b6-a3ab-41b8-8ae8-b37d84d11077: new RaftServerImpl for group-21E4280F8C7C:[0cede2b6-a3ab-41b8-8ae8-b37d84d11077|rpc:fv-az195-209:9894|priority:0] with SCMStateMachine:uninitialized
2022-03-01 14:10:12,459 [pool-655-thread-1] INFO  server.RaftServerConfigKeys (ConfUtils.java:logGet(44)) - raft.server.rpc.timeout.min = 5000ms (custom)
2022-03-01 14:10:12,459 [pool-655-thread-1] INFO  server.RaftServerConfigKeys (ConfUtils.java:logGet(44)) - raft.server.rpc.timeout.max = 5200ms (custom)
2022-03-01 14:10:12,459 [pool-655-thread-1] INFO  server.RaftServerConfigKeys (ConfUtils.java:logGet(44)) - raft.server.rpc.sleep.time = 25ms (default)
2022-03-01 14:10:12,459 [pool-655-thread-1] INFO  server.RaftServerConfigKeys (ConfUtils.java:logGet(44)) - raft.server.rpc.slowness.timeout = 120000ms (custom)
2022-03-01 14:10:12,459 [pool-655-thread-1] INFO  server.RaftServerConfigKeys (ConfUtils.java:logGet(44)) - raft.server.leaderelection.leader.step-down.wait-time = 10s (default)
2022-03-01 14:10:12,460 [pool-655-thread-1] INFO  server.RaftServerConfigKeys (ConfUtils.java:logGet(44)) - raft.server.sleep.deviation.threshold = 300ms (default)
2022-03-01 14:10:12,460 [pool-655-thread-1] INFO  server.RaftServerConfigKeys (ConfUtils.java:logGet(44)) - raft.server.log.appender.install.snapshot.enabled = false (custom)
2022-03-01 14:10:12,460 [pool-655-thread-1] INFO  server.RaftServer$Division (ServerState.java:<init>(105)) - 0cede2b6-a3ab-41b8-8ae8-b37d84d11077@group-21E4280F8C7C: ConfigurationManager, init=-1: [0cede2b6-a3ab-41b8-8ae8-b37d84d11077|rpc:fv-az195-209:9894|priority:0], old=null, confs=<EMPTY_MAP>
2022-03-01 14:10:12,460 [pool-655-thread-1] INFO  server.RaftServerConfigKeys (ConfUtils.java:logGet(44)) - raft.server.storage.dir = [/home/runner/work/ozone/ozone/hadoop-ozone/integration-test/target/test-dir/MiniOzoneClusterImpl-eb83c96d-312e-41b9-bb81-21e4280f8c7c/ozone-meta/scm-ha] (custom)
2022-03-01 14:10:12,460 [pool-655-thread-1] INFO  server.RaftServerConfigKeys (ConfUtils.java:logGet(44)) - raft.server.log.corruption.policy = EXCEPTION (default)
2022-03-01 14:10:12,460 [pool-655-thread-1] INFO  server.RaftServerConfigKeys (ConfUtils.java:logGet(44)) - raft.server.storage.free-space.min = 0MB (=0) (default)
2022-03-01 14:10:12,460 [pool-655-thread-1] INFO  storage.RaftStorageDirectory (RaftStorageDirectoryImpl.java:analyzeStorage(135)) - The storage directory /home/runner/work/ozone/ozone/hadoop-ozone/integration-test/target/test-dir/MiniOzoneClusterImpl-eb83c96d-312e-41b9-bb81-21e4280f8c7c/ozone-meta/scm-ha/eb83c96d-312e-41b9-bb81-21e4280f8c7c does not exist. Creating ...
2022-03-01 14:10:12,463 [pool-655-thread-1] INFO  storage.RaftStorageDirectory (RaftStorageDirectoryImpl.java:tryLock(230)) - Lock on /home/runner/work/ozone/ozone/hadoop-ozone/integration-test/target/test-dir/MiniOzoneClusterImpl-eb83c96d-312e-41b9-bb81-21e4280f8c7c/ozone-meta/scm-ha/eb83c96d-312e-41b9-bb81-21e4280f8c7c/in_use.lock acquired by nodename 10349@fv-az195-209
2022-03-01 14:10:12,464 [pool-655-thread-1] INFO  storage.RaftStorage (RaftStorageImpl.java:format(89)) - Storage directory /home/runner/work/ozone/ozone/hadoop-ozone/integration-test/target/test-dir/MiniOzoneClusterImpl-eb83c96d-312e-41b9-bb81-21e4280f8c7c/ozone-meta/scm-ha/eb83c96d-312e-41b9-bb81-21e4280f8c7c has been successfully formatted.
2022-03-01 14:10:12,465 [pool-655-thread-1] INFO  server.RaftServerConfigKeys (ConfUtils.java:logGet(44)) - raft.server.notification.no-leader.timeout = 60s (default)
2022-03-01 14:10:12,465 [pool-655-thread-1] INFO  server.RaftServerConfigKeys (ConfUtils.java:logGet(44)) - raft.server.log.use.memory = false (default)
2022-03-01 14:10:12,465 [pool-655-thread-1] INFO  server.RaftServerConfigKeys (ConfUtils.java:logGet(44)) - raft.server.log.purge.gap = 1000000 (custom)
2022-03-01 14:10:12,465 [pool-655-thread-1] INFO  server.RaftServerConfigKeys (ConfUtils.java:logGet(44)) - raft.server.log.appender.buffer.byte-limit = 33554432 (custom)
2022-03-01 14:10:12,465 [pool-655-thread-1] INFO  server.RaftServerConfigKeys (ConfUtils.java:logGet(44)) - raft.server.log.segment.size.max = 4194304 (custom)
2022-03-01 14:10:12,465 [pool-655-thread-1] INFO  server.RaftServerConfigKeys (ConfUtils.java:logGet(44)) - raft.server.log.segment.cache.num.max = 2 (custom)
2022-03-01 14:10:12,465 [pool-655-thread-1] INFO  server.RaftServerConfigKeys (ConfUtils.java:logGet(44)) - raft.server.log.segment.cache.size.max = 200MB (=209715200) (default)
2022-03-01 14:10:12,466 [pool-655-thread-1] INFO  segmented.SegmentedRaftLogWorker (SegmentedRaftLogWorker.java:<init>(182)) - new 0cede2b6-a3ab-41b8-8ae8-b37d84d11077@group-21E4280F8C7C-SegmentedRaftLogWorker for RaftStorageImpl:Storage Directory /home/runner/work/ozone/ozone/hadoop-ozone/integration-test/target/test-dir/MiniOzoneClusterImpl-eb83c96d-312e-41b9-bb81-21e4280f8c7c/ozone-meta/scm-ha/eb83c96d-312e-41b9-bb81-21e4280f8c7c
2022-03-01 14:10:12,466 [pool-655-thread-1] INFO  server.RaftServerConfigKeys (ConfUtils.java:logGet(44)) - raft.server.log.queue.byte-limit = 64MB (=67108864) (default)
2022-03-01 14:10:12,466 [pool-655-thread-1] INFO  server.RaftServerConfigKeys (ConfUtils.java:logGet(44)) - raft.server.log.queue.element-limit = 4096 (default)
2022-03-01 14:10:12,466 [pool-655-thread-1] INFO  server.RaftServerConfigKeys (ConfUtils.java:logGet(44)) - raft.server.log.segment.size.max = 4194304 (custom)
2022-03-01 14:10:12,466 [pool-655-thread-1] INFO  server.RaftServerConfigKeys (ConfUtils.java:logGet(44)) - raft.server.log.preallocated.size = 4194304 (custom)
2022-03-01 14:10:12,466 [pool-655-thread-1] INFO  server.RaftServerConfigKeys (ConfUtils.java:logGet(44)) - raft.server.log.force.sync.num = 128 (default)
2022-03-01 14:10:12,466 [pool-655-thread-1] INFO  server.RaftServerConfigKeys (ConfUtils.java:logGet(44)) - raft.server.log.statemachine.data.sync = true (default)
2022-03-01 14:10:12,466 [pool-655-thread-1] INFO  server.RaftServerConfigKeys (ConfUtils.java:logGet(44)) - raft.server.log.statemachine.data.sync.timeout = 10s (default)
2022-03-01 14:10:12,466 [pool-655-thread-1] INFO  server.RaftServerConfigKeys (ConfUtils.java:logGet(44)) - raft.server.log.statemachine.data.sync.timeout.retry = -1 (default)
2022-03-01 14:10:12,467 [pool-655-thread-1] INFO  server.RaftServerConfigKeys (ConfUtils.java:logGet(44)) - raft.server.log.write.buffer.size = 64KB (=65536) (default)
2022-03-01 14:10:12,467 [pool-655-thread-1] INFO  server.RaftServerConfigKeys (ConfUtils.java:logGet(44)) - raft.server.log.statemachine.data.caching.enabled = false (default)
2022-03-01 14:10:12,467 [pool-655-thread-1] INFO  segmented.SegmentedRaftLogWorker (SegmentedRaftLogWorker.java:lambda$new$0(133)) - 0cede2b6-a3ab-41b8-8ae8-b37d84d11077@group-21E4280F8C7C-SegmentedRaftLogWorker: flushIndex: setUnconditionally 0 -> -1
2022-03-01 14:10:12,467 [pool-655-thread-1] INFO  segmented.SegmentedRaftLogWorker (SegmentedRaftLogWorker.java:lambda$new$0(133)) - 0cede2b6-a3ab-41b8-8ae8-b37d84d11077@group-21E4280F8C7C-SegmentedRaftLogWorker: safeCacheEvictIndex: setUnconditionally 0 -> -1
2022-03-01 14:10:12,468 [pool-655-thread-1] INFO  server.RaftServerConfigKeys (ConfUtils.java:logGet(44)) - raft.server.snapshot.auto.trigger.enabled = true (custom)
2022-03-01 14:10:12,468 [pool-655-thread-1] INFO  server.RaftServerConfigKeys (ConfUtils.java:logGet(44)) - raft.server.snapshot.auto.trigger.threshold = 1000 (custom)
2022-03-01 14:10:12,468 [pool-655-thread-1] INFO  server.RaftServerConfigKeys (ConfUtils.java:logGet(44)) - raft.server.snapshot.retention.file.num = -1 (default)
2022-03-01 14:10:12,468 [pool-655-thread-1] INFO  server.RaftServerConfigKeys (ConfUtils.java:logGet(44)) - raft.server.log.purge.upto.snapshot.index = false (default)
2022-03-01 14:10:12,468 [pool-655-thread-1] INFO  server.RaftServerConfigKeys (ConfUtils.java:logGet(44)) - raft.server.retrycache.expirytime = 60000ms (default)
2022-03-01 14:10:12,468 [pool-655-thread-1] INFO  server.RaftServerConfigKeys (ConfUtils.java:logGet(44)) - raft.server.retrycache.statistics.expirytime = 100μs (default)
2022-03-01 14:10:12,469 [Listener at 127.0.0.1/43769] INFO  server.RaftServer$Division (RaftServerImpl.java:start(301)) - 0cede2b6-a3ab-41b8-8ae8-b37d84d11077@group-21E4280F8C7C: start as a follower, conf=-1: [0cede2b6-a3ab-41b8-8ae8-b37d84d11077|rpc:fv-az195-209:9894|priority:0], old=null
2022-03-01 14:10:12,469 [Listener at 127.0.0.1/43769] INFO  server.RaftServer$Division (RaftServerImpl.java:setRole(290)) - 0cede2b6-a3ab-41b8-8ae8-b37d84d11077@group-21E4280F8C7C: changes role from      null to FOLLOWER at term 0 for startAsFollower
2022-03-01 14:10:12,469 [Listener at 127.0.0.1/43769] INFO  impl.RoleInfo (RoleInfo.java:updateAndGet(130)) - 0cede2b6-a3ab-41b8-8ae8-b37d84d11077: start 0cede2b6-a3ab-41b8-8ae8-b37d84d11077@group-21E4280F8C7C-FollowerState
2022-03-01 14:10:12,489 [Listener at 127.0.0.1/43769] INFO  util.JmxRegister (JmxRegister.java:tryRegister(44)) - Successfully registered JMX Bean with object name Ratis:service=RaftServer,group=group-21E4280F8C7C,id=0cede2b6-a3ab-41b8-8ae8-b37d84d11077
2022-03-01 14:10:12,493 [Listener at 127.0.0.1/43769] INFO  server.RaftServer (RaftServerProxy.java:lambda$start$5(374)) - 0cede2b6-a3ab-41b8-8ae8-b37d84d11077: start RPC server
2022-03-01 14:10:12,508 [Listener at 127.0.0.1/43769] INFO  server.GrpcService (GrpcService.java:startImpl(253)) - 0cede2b6-a3ab-41b8-8ae8-b37d84d11077: GrpcService started, listening on 9894
2022-03-01 14:10:12,511 [org.apache.ratis.util.JvmPauseMonitor$$Lambda$421/1299661385@1e5ba462] INFO  util.JvmPauseMonitor (JvmPauseMonitor.java:run(103)) - JvmPauseMonitor-0cede2b6-a3ab-41b8-8ae8-b37d84d11077: Started
2022-03-01 14:10:17,640 [0cede2b6-a3ab-41b8-8ae8-b37d84d11077@group-21E4280F8C7C-FollowerState] INFO  impl.FollowerState (FollowerState.java:run(134)) - 0cede2b6-a3ab-41b8-8ae8-b37d84d11077@group-21E4280F8C7C-FollowerState: change to CANDIDATE, lastRpcElapsedTime:5170584450ns, electionTimeout:5149ms
2022-03-01 14:10:17,640 [0cede2b6-a3ab-41b8-8ae8-b37d84d11077@group-21E4280F8C7C-FollowerState] INFO  impl.RoleInfo (RoleInfo.java:shutdownFollowerState(108)) - 0cede2b6-a3ab-41b8-8ae8-b37d84d11077: shutdown 0cede2b6-a3ab-41b8-8ae8-b37d84d11077@group-21E4280F8C7C-FollowerState
2022-03-01 14:10:17,640 [0cede2b6-a3ab-41b8-8ae8-b37d84d11077@group-21E4280F8C7C-FollowerState] INFO  server.RaftServer$Division (RaftServerImpl.java:setRole(290)) - 0cede2b6-a3ab-41b8-8ae8-b37d84d11077@group-21E4280F8C7C: changes role from  FOLLOWER to CANDIDATE at term 0 for changeToCandidate
2022-03-01 14:10:17,640 [0cede2b6-a3ab-41b8-8ae8-b37d84d11077@group-21E4280F8C7C-FollowerState] INFO  server.RaftServerConfigKeys (ConfUtils.java:logGet(44)) - raft.server.leaderelection.pre-vote = false (custom)
2022-03-01 14:10:17,641 [0cede2b6-a3ab-41b8-8ae8-b37d84d11077@group-21E4280F8C7C-FollowerState] INFO  impl.RoleInfo (RoleInfo.java:updateAndGet(130)) - 0cede2b6-a3ab-41b8-8ae8-b37d84d11077: start 0cede2b6-a3ab-41b8-8ae8-b37d84d11077@group-21E4280F8C7C-LeaderElection58
2022-03-01 14:10:17,676 [0cede2b6-a3ab-41b8-8ae8-b37d84d11077@group-21E4280F8C7C-LeaderElection58] INFO  impl.LeaderElection (LeaderElection.java:askForVotes(306)) - 0cede2b6-a3ab-41b8-8ae8-b37d84d11077@group-21E4280F8C7C-LeaderElection58 ELECTION round 0: submit vote requests at term 1 for -1: [0cede2b6-a3ab-41b8-8ae8-b37d84d11077|rpc:fv-az195-209:9894|priority:0], old=null
2022-03-01 14:10:17,676 [0cede2b6-a3ab-41b8-8ae8-b37d84d11077@group-21E4280F8C7C-LeaderElection58] INFO  impl.LeaderElection (LeaderElection.java:askForVotes(308)) - 0cede2b6-a3ab-41b8-8ae8-b37d84d11077@group-21E4280F8C7C-LeaderElection58 ELECTION round 0: result PASSED (term=1)
2022-03-01 14:10:17,676 [0cede2b6-a3ab-41b8-8ae8-b37d84d11077@group-21E4280F8C7C-LeaderElection58] INFO  impl.RoleInfo (RoleInfo.java:shutdownLeaderElection(121)) - 0cede2b6-a3ab-41b8-8ae8-b37d84d11077: shutdown 0cede2b6-a3ab-41b8-8ae8-b37d84d11077@group-21E4280F8C7C-LeaderElection58
2022-03-01 14:10:17,676 [0cede2b6-a3ab-41b8-8ae8-b37d84d11077@group-21E4280F8C7C-LeaderElection58] INFO  server.RaftServer$Division (RaftServerImpl.java:setRole(290)) - 0cede2b6-a3ab-41b8-8ae8-b37d84d11077@group-21E4280F8C7C: changes role from CANDIDATE to LEADER at term 1 for changeToLeader
2022-03-01 14:10:17,676 [0cede2b6-a3ab-41b8-8ae8-b37d84d11077@group-21E4280F8C7C-LeaderElection58] INFO  server.RaftServer$Division (ServerState.java:setLeader(285)) - 0cede2b6-a3ab-41b8-8ae8-b37d84d11077@group-21E4280F8C7C: change Leader from null to 0cede2b6-a3ab-41b8-8ae8-b37d84d11077 at term 1 for becomeLeader, leader elected after 5211ms
2022-03-01 14:10:17,676 [0cede2b6-a3ab-41b8-8ae8-b37d84d11077@group-21E4280F8C7C-LeaderElection58] INFO  server.RaftServerConfigKeys (ConfUtils.java:logGet(44)) - raft.server.staging.catchup.gap = 1000 (default)
2022-03-01 14:10:17,677 [0cede2b6-a3ab-41b8-8ae8-b37d84d11077@group-21E4280F8C7C-LeaderElection58] INFO  server.RaftServerConfigKeys (ConfUtils.java:logGet(44)) - raft.server.write.element-limit = 4096 (default)
2022-03-01 14:10:17,677 [0cede2b6-a3ab-41b8-8ae8-b37d84d11077@group-21E4280F8C7C-LeaderElection58] INFO  server.RaftServerConfigKeys (ConfUtils.java:logGet(44)) - raft.server.write.byte-limit = 64MB (=67108864) (default)
2022-03-01 14:10:17,677 [0cede2b6-a3ab-41b8-8ae8-b37d84d11077@group-21E4280F8C7C-LeaderElection58] INFO  server.RaftServerConfigKeys (ConfUtils.java:logGet(44)) - raft.server.watch.timeout = 10s (default)
2022-03-01 14:10:17,677 [0cede2b6-a3ab-41b8-8ae8-b37d84d11077@group-21E4280F8C7C-LeaderElection58] INFO  server.RaftServerConfigKeys (ConfUtils.java:logGet(44)) - raft.server.watch.timeout.denomination = 1s (default)
2022-03-01 14:10:17,677 [0cede2b6-a3ab-41b8-8ae8-b37d84d11077@group-21E4280F8C7C-LeaderElection58] INFO  server.RaftServerConfigKeys (ConfUtils.java:logGet(44)) - raft.server.watch.element-limit = 65536 (default)
2022-03-01 14:10:17,677 [0cede2b6-a3ab-41b8-8ae8-b37d84d11077@group-21E4280F8C7C-LeaderElection58] INFO  server.RaftServerConfigKeys (ConfUtils.java:logGet(44)) - raft.server.write.element-limit = 4096 (default)
2022-03-01 14:10:17,677 [0cede2b6-a3ab-41b8-8ae8-b37d84d11077@group-21E4280F8C7C-LeaderElection58] INFO  server.RaftServerConfigKeys (ConfUtils.java:logGet(44)) - raft.server.write.follower.gap.ratio.max = -1.0 (default)
2022-03-01 14:10:17,677 [0cede2b6-a3ab-41b8-8ae8-b37d84d11077@group-21E4280F8C7C-LeaderElection58] INFO  impl.RoleInfo (RoleInfo.java:updateAndGet(130)) - 0cede2b6-a3ab-41b8-8ae8-b37d84d11077: start 0cede2b6-a3ab-41b8-8ae8-b37d84d11077@group-21E4280F8C7C-LeaderStateImpl
2022-03-01 14:10:17,677 [0cede2b6-a3ab-41b8-8ae8-b37d84d11077@group-21E4280F8C7C-LeaderElection58] INFO  segmented.SegmentedRaftLogWorker (SegmentedRaftLogWorker.java:startLogSegment(394)) - 0cede2b6-a3ab-41b8-8ae8-b37d84d11077@group-21E4280F8C7C-SegmentedRaftLogWorker: Starting segment from index:0
2022-03-01 14:10:17,711 [0cede2b6-a3ab-41b8-8ae8-b37d84d11077@group-21E4280F8C7C-LeaderElection58] INFO  server.RaftServer$Division (ServerState.java:setRaftConf(387)) - 0cede2b6-a3ab-41b8-8ae8-b37d84d11077@group-21E4280F8C7C: set configuration 0: [0cede2b6-a3ab-41b8-8ae8-b37d84d11077|rpc:fv-az195-209:9894|admin:|client:|dataStream:|priority:0], old=null
2022-03-01 14:10:17,712 [0cede2b6-a3ab-41b8-8ae8-b37d84d11077@group-21E4280F8C7C-SegmentedRaftLogWorker] INFO  segmented.SegmentedRaftLogWorker (SegmentedRaftLogWorker.java:execute(601)) - 0cede2b6-a3ab-41b8-8ae8-b37d84d11077@group-21E4280F8C7C-SegmentedRaftLogWorker: created new log segment /home/runner/work/ozone/ozone/hadoop-ozone/integration-test/target/test-dir/MiniOzoneClusterImpl-eb83c96d-312e-41b9-bb81-21e4280f8c7c/ozone-meta/scm-ha/eb83c96d-312e-41b9-bb81-21e4280f8c7c/current/log_inprogress_0
2022-03-01 14:10:18,513 [Listener at 127.0.0.1/43769] INFO  server.RaftServer (RaftServerProxy.java:lambda$close$6(391)) - 0cede2b6-a3ab-41b8-8ae8-b37d84d11077: close
2022-03-01 14:10:18,513 [Listener at 127.0.0.1/43769] INFO  server.RaftServer$Division (RaftServerImpl.java:lambda$close$4(412)) - 0cede2b6-a3ab-41b8-8ae8-b37d84d11077@group-21E4280F8C7C: shutdown
2022-03-01 14:10:18,514 [Listener at 127.0.0.1/43769] INFO  util.JmxRegister (JmxRegister.java:unregister(73)) - Successfully un-registered JMX Bean with object name Ratis:service=RaftServer,group=group-21E4280F8C7C,id=0cede2b6-a3ab-41b8-8ae8-b37d84d11077
2022-03-01 14:10:18,514 [Listener at 127.0.0.1/43769] INFO  impl.RoleInfo (RoleInfo.java:shutdownLeaderState(91)) - 0cede2b6-a3ab-41b8-8ae8-b37d84d11077: shutdown 0cede2b6-a3ab-41b8-8ae8-b37d84d11077@group-21E4280F8C7C-LeaderStateImpl
2022-03-01 14:10:18,514 [Listener at 127.0.0.1/43769] INFO  impl.PendingRequests (PendingRequests.java:sendNotLeaderResponses(282)) - 0cede2b6-a3ab-41b8-8ae8-b37d84d11077@group-21E4280F8C7C-PendingRequests: sendNotLeaderResponses
2022-03-01 14:10:18,515 [Listener at 127.0.0.1/43769] INFO  impl.StateMachineUpdater (StateMachineUpdater.java:stopAndJoin(149)) - 0cede2b6-a3ab-41b8-8ae8-b37d84d11077@group-21E4280F8C7C-StateMachineUpdater: set stopIndex = 0
2022-03-01 14:10:18,520 [0cede2b6-a3ab-41b8-8ae8-b37d84d11077@group-21E4280F8C7C-StateMachineUpdater] INFO  impl.StateMachineUpdater (StateMachineUpdater.java:takeSnapshot(281)) - 0cede2b6-a3ab-41b8-8ae8-b37d84d11077@group-21E4280F8C7C-StateMachineUpdater: Took a snapshot at index 0
2022-03-01 14:10:18,520 [0cede2b6-a3ab-41b8-8ae8-b37d84d11077@group-21E4280F8C7C-StateMachineUpdater] INFO  impl.StateMachineUpdater (StateMachineUpdater.java:lambda$new$0(89)) - 0cede2b6-a3ab-41b8-8ae8-b37d84d11077@group-21E4280F8C7C-StateMachineUpdater: snapshotIndex: updateIncreasingly -1 -> 0
2022-03-01 14:10:18,521 [Listener at 127.0.0.1/43769] INFO  server.RaftServer$Division (ServerState.java:close(419)) - 0cede2b6-a3ab-41b8-8ae8-b37d84d11077@group-21E4280F8C7C: closes. applyIndex: 0
2022-03-01 14:10:18,521 [0cede2b6-a3ab-41b8-8ae8-b37d84d11077@group-21E4280F8C7C-SegmentedRaftLogWorker] INFO  segmented.SegmentedRaftLogWorker (SegmentedRaftLogWorker.java:run(327)) - 0cede2b6-a3ab-41b8-8ae8-b37d84d11077@group-21E4280F8C7C-SegmentedRaftLogWorker was interrupted, exiting. There are 0 tasks remaining in the queue.
2022-03-01 14:10:18,522 [Listener at 127.0.0.1/43769] INFO  segmented.SegmentedRaftLogWorker (SegmentedRaftLogWorker.java:close(237)) - 0cede2b6-a3ab-41b8-8ae8-b37d84d11077@group-21E4280F8C7C-SegmentedRaftLogWorker close()
2022-03-01 14:10:18,537 [Listener at 127.0.0.1/43769] INFO  server.GrpcService (GrpcService.java:closeImpl(262)) - 0cede2b6-a3ab-41b8-8ae8-b37d84d11077: shutdown server with port 9894 now
2022-03-01 14:10:18,545 [Listener at 127.0.0.1/43769] INFO  server.GrpcService (GrpcService.java:closeImpl(271)) - 0cede2b6-a3ab-41b8-8ae8-b37d84d11077: shutdown server with port 9894 successfully
2022-03-01 14:10:18,549 [org.apache.ratis.util.JvmPauseMonitor$$Lambda$421/1299661385@1e5ba462] INFO  util.JvmPauseMonitor (JvmPauseMonitor.java:run(109)) - JvmPauseMonitor-0cede2b6-a3ab-41b8-8ae8-b37d84d11077: Stopped
2022-03-01 14:10:18,557 [Listener at 127.0.0.1/43769] INFO  ha.SCMHANodeDetails (SCMHANodeDetails.java:loadSCMHAConfig(157)) - ServiceID for StorageContainerManager is null
2022-03-01 14:10:18,557 [Listener at 127.0.0.1/43769] INFO  ha.SCMHANodeDetails (SCMHANodeDetails.java:loadSCMHAConfig(162)) - ozone.scm.default.service.id is not defined, falling back to ozone.scm.service.ids to find serviceID for StorageContainerManager if it is HA enabled cluster
2022-03-01 14:10:18,557 [Listener at 127.0.0.1/43769] WARN  server.ServerUtils (ServerUtils.java:getScmDbDir(148)) - ozone.scm.db.dirs is not configured. We recommend adding this setting. Falling back to ozone.metadata.dirs instead.
2022-03-01 14:10:18,558 [Listener at 127.0.0.1/43769] INFO  upgrade.AbstractLayoutVersionManager (AbstractLayoutVersionManager.java:init(79)) - Initializing Layout version manager with metadata layout = SCM_HA (version = 2), software layout = SCM_HA (version = 2)
2022-03-01 14:10:18,649 [Listener at 127.0.0.1/43769] INFO  reflections.Reflections (Reflections.java:scan(232)) - Reflections took 90 ms to scan 7 urls, producing 122 keys and 286 values 
2022-03-01 14:10:18,651 [Listener at 127.0.0.1/43769] WARN  utils.HAUtils (HAUtils.java:getMetaDir(342)) - ozone.scm.db.dirs is not configured. We recommend adding this setting. Falling back to ozone.metadata.dirs instead.
2022-03-01 14:10:18,652 [Listener at 127.0.0.1/43769] WARN  db.DBStoreBuilder (DBStoreBuilder.java:applyDBDefinition(145)) - ozone.scm.db.dirs is not configured. We recommend adding this setting. Falling back to ozone.metadata.dirs instead.
2022-03-01 14:10:18,869 [Listener at 127.0.0.1/43769] INFO  net.NodeSchemaLoader (NodeSchemaLoader.java:loadSchemaFromFile(129)) - Loading schema from [jar:file:/home/runner/.m2/repository/org/apache/ozone/hdds-common/1.3.0-SNAPSHOT/hdds-common-1.3.0-SNAPSHOT.jar!/network-topology-default.xml]
2022-03-01 14:10:18,871 [Listener at 127.0.0.1/43769] INFO  net.NodeSchemaLoader (NodeSchemaLoader.java:loadSchema(176)) - Loading network topology layer schema file
2022-03-01 14:10:18,875 [Listener at 127.0.0.1/43769] INFO  ha.SCMRatisServerImpl (SCMRatisServerImpl.java:<init>(87)) - starting Raft server for scm:0cede2b6-a3ab-41b8-8ae8-b37d84d11077
2022-03-01 14:10:18,875 [Listener at 127.0.0.1/43769] INFO  server.RaftServer (ConfUtils.java:logGet(44)) - raft.rpc.type = GRPC (default)
2022-03-01 14:10:18,875 [Listener at 127.0.0.1/43769] INFO  grpc.GrpcFactory (GrpcFactory.java:checkPooledByteBufAllocatorUseCacheForAllThreads(48)) - PERFORMANCE WARNING: useCacheForAllThreads is true that may cause Netty to create a lot garbage objects and, as a result, trigger GC.
	It is recommended to disable useCacheForAllThreads by setting -Dorg.apache.ratis.thirdparty.io.netty.allocator.useCacheForAllThreads=false in command line.
2022-03-01 14:10:18,876 [Listener at 127.0.0.1/43769] INFO  grpc.GrpcConfigKeys (ConfUtils.java:logGet(44)) - raft.grpc.admin.port = -1 (default)
2022-03-01 14:10:18,876 [Listener at 127.0.0.1/43769] INFO  grpc.GrpcConfigKeys (ConfUtils.java:logGet(44)) - raft.grpc.server.port = 9894 (custom)
2022-03-01 14:10:18,876 [Listener at 127.0.0.1/43769] INFO  grpc.GrpcConfigKeys (ConfUtils.java:logGet(44)) - raft.grpc.client.port = -1 (default)
2022-03-01 14:10:18,876 [Listener at 127.0.0.1/43769] INFO  grpc.GrpcConfigKeys (ConfUtils.java:logGet(44)) - raft.grpc.server.port = 9894 (custom)
2022-03-01 14:10:18,876 [Listener at 127.0.0.1/43769] INFO  grpc.GrpcConfigKeys (ConfUtils.java:logGet(44)) - raft.grpc.server.port = 9894 (custom)
2022-03-01 14:10:18,876 [Listener at 127.0.0.1/43769] INFO  server.GrpcService (ConfUtils.java:logGet(44)) - raft.grpc.message.size.max = 32m (=33554432) (custom)
2022-03-01 14:10:18,876 [Listener at 127.0.0.1/43769] INFO  server.RaftServerConfigKeys (ConfUtils.java:logGet(44)) - raft.server.log.appender.buffer.byte-limit = 33554432 (custom)
2022-03-01 14:10:18,881 [Listener at 127.0.0.1/43769] INFO  server.GrpcService (ConfUtils.java:logGet(44)) - raft.grpc.flow.control.window = 1MB (=1048576) (default)
2022-03-01 14:10:18,881 [Listener at 127.0.0.1/43769] INFO  server.RaftServerConfigKeys (ConfUtils.java:logGet(44)) - raft.server.rpc.request.timeout = 30000ms (custom)
2022-03-01 14:10:18,882 [Listener at 127.0.0.1/43769] INFO  impl.DataStreamServerImpl (ConfUtils.java:logGet(44)) - raft.datastream.type = DISABLED (default)
2022-03-01 14:10:18,882 [Listener at 127.0.0.1/43769] INFO  server.RaftServerConfigKeys (ConfUtils.java:logGet(44)) - raft.server.rpc.slowness.timeout = 120000ms (custom)
2022-03-01 14:10:18,882 [Listener at 127.0.0.1/43769] INFO  server.RaftServerConfigKeys (ConfUtils.java:logGet(44)) - raft.server.leaderelection.leader.step-down.wait-time = 10s (default)
2022-03-01 14:10:18,882 [Listener at 127.0.0.1/43769] INFO  server.RaftServerConfigKeys (ConfUtils.java:logGet(44)) - raft.server.storage.dir = [/home/runner/work/ozone/ozone/hadoop-ozone/integration-test/target/test-dir/MiniOzoneClusterImpl-eb83c96d-312e-41b9-bb81-21e4280f8c7c/ozone-meta/scm-ha] (custom)
2022-03-01 14:10:18,883 [Listener at 127.0.0.1/43769] INFO  server.RaftServer (RaftServerProxy.java:lambda$null$1(235)) - 0cede2b6-a3ab-41b8-8ae8-b37d84d11077: found a subdirectory /home/runner/work/ozone/ozone/hadoop-ozone/integration-test/target/test-dir/MiniOzoneClusterImpl-eb83c96d-312e-41b9-bb81-21e4280f8c7c/ozone-meta/scm-ha/eb83c96d-312e-41b9-bb81-21e4280f8c7c
2022-03-01 14:10:18,883 [Listener at 127.0.0.1/43769] INFO  server.RaftServer (RaftServerProxy.java:addNew(95)) - 0cede2b6-a3ab-41b8-8ae8-b37d84d11077: addNew group-21E4280F8C7C:[] returns group-21E4280F8C7C:java.util.concurrent.CompletableFuture@1af064a4[Not completed]
2022-03-01 14:10:18,883 [pool-668-thread-1] INFO  server.RaftServer$Division (RaftServerImpl.java:<init>(184)) - 0cede2b6-a3ab-41b8-8ae8-b37d84d11077: new RaftServerImpl for group-21E4280F8C7C:[] with SCMStateMachine:uninitialized
2022-03-01 14:10:18,905 [pool-668-thread-1] INFO  server.RaftServerConfigKeys (ConfUtils.java:logGet(44)) - raft.server.rpc.timeout.min = 5000ms (custom)
2022-03-01 14:10:18,905 [pool-668-thread-1] INFO  server.RaftServerConfigKeys (ConfUtils.java:logGet(44)) - raft.server.rpc.timeout.max = 5200ms (custom)
2022-03-01 14:10:18,905 [pool-668-thread-1] INFO  server.RaftServerConfigKeys (ConfUtils.java:logGet(44)) - raft.server.rpc.sleep.time = 25ms (default)
2022-03-01 14:10:18,905 [pool-668-thread-1] INFO  server.RaftServerConfigKeys (ConfUtils.java:logGet(44)) - raft.server.rpc.slowness.timeout = 120000ms (custom)
2022-03-01 14:10:18,905 [pool-668-thread-1] INFO  server.RaftServerConfigKeys (ConfUtils.java:logGet(44)) - raft.server.leaderelection.leader.step-down.wait-time = 10s (default)
2022-03-01 14:10:18,905 [pool-668-thread-1] INFO  server.RaftServerConfigKeys (ConfUtils.java:logGet(44)) - raft.server.sleep.deviation.threshold = 300ms (default)
2022-03-01 14:10:18,905 [pool-668-thread-1] INFO  server.RaftServerConfigKeys (ConfUtils.java:logGet(44)) - raft.server.log.appender.install.snapshot.enabled = false (custom)
2022-03-01 14:10:18,905 [pool-668-thread-1] INFO  server.RaftServer$Division (ServerState.java:<init>(105)) - 0cede2b6-a3ab-41b8-8ae8-b37d84d11077@group-21E4280F8C7C: ConfigurationManager, init=-1: [], old=null, confs=<EMPTY_MAP>
2022-03-01 14:10:18,905 [pool-668-thread-1] INFO  server.RaftServerConfigKeys (ConfUtils.java:logGet(44)) - raft.server.storage.dir = [/home/runner/work/ozone/ozone/hadoop-ozone/integration-test/target/test-dir/MiniOzoneClusterImpl-eb83c96d-312e-41b9-bb81-21e4280f8c7c/ozone-meta/scm-ha] (custom)
2022-03-01 14:10:18,905 [pool-668-thread-1] INFO  server.RaftServerConfigKeys (ConfUtils.java:logGet(44)) - raft.server.log.corruption.policy = EXCEPTION (default)
2022-03-01 14:10:18,905 [pool-668-thread-1] INFO  server.RaftServerConfigKeys (ConfUtils.java:logGet(44)) - raft.server.storage.free-space.min = 0MB (=0) (default)
2022-03-01 14:10:18,907 [pool-668-thread-1] INFO  storage.RaftStorageDirectory (RaftStorageDirectoryImpl.java:tryLock(230)) - Lock on /home/runner/work/ozone/ozone/hadoop-ozone/integration-test/target/test-dir/MiniOzoneClusterImpl-eb83c96d-312e-41b9-bb81-21e4280f8c7c/ozone-meta/scm-ha/eb83c96d-312e-41b9-bb81-21e4280f8c7c/in_use.lock acquired by nodename 10349@fv-az195-209
2022-03-01 14:10:18,913 [pool-668-thread-1] INFO  storage.RaftStorage (RaftStorageImpl.java:analyzeAndRecoverStorage(110)) - Read RaftStorageMetadata{term=1, votedFor=0cede2b6-a3ab-41b8-8ae8-b37d84d11077} from /home/runner/work/ozone/ozone/hadoop-ozone/integration-test/target/test-dir/MiniOzoneClusterImpl-eb83c96d-312e-41b9-bb81-21e4280f8c7c/ozone-meta/scm-ha/eb83c96d-312e-41b9-bb81-21e4280f8c7c/current/raft-meta
2022-03-01 14:10:18,913 [pool-668-thread-1] INFO  server.RaftServer$Division (ServerState.java:setRaftConf(387)) - 0cede2b6-a3ab-41b8-8ae8-b37d84d11077@group-21E4280F8C7C: set configuration 0: [0cede2b6-a3ab-41b8-8ae8-b37d84d11077|rpc:fv-az195-209:9894|admin:|client:|dataStream:|priority:0], old=null
2022-03-01 14:10:18,913 [pool-668-thread-1] INFO  server.RaftServerConfigKeys (ConfUtils.java:logGet(44)) - raft.server.notification.no-leader.timeout = 60s (default)
2022-03-01 14:10:18,913 [pool-668-thread-1] INFO  server.RaftServerConfigKeys (ConfUtils.java:logGet(44)) - raft.server.log.use.memory = false (default)
2022-03-01 14:10:18,913 [pool-668-thread-1] INFO  server.RaftServerConfigKeys (ConfUtils.java:logGet(44)) - raft.server.log.purge.gap = 1000000 (custom)
2022-03-01 14:10:18,913 [pool-668-thread-1] INFO  server.RaftServerConfigKeys (ConfUtils.java:logGet(44)) - raft.server.log.appender.buffer.byte-limit = 33554432 (custom)
2022-03-01 14:10:18,913 [pool-668-thread-1] INFO  server.RaftServerConfigKeys (ConfUtils.java:logGet(44)) - raft.server.log.segment.size.max = 4194304 (custom)
2022-03-01 14:10:18,914 [pool-668-thread-1] INFO  server.RaftServerConfigKeys (ConfUtils.java:logGet(44)) - raft.server.log.segment.cache.num.max = 2 (custom)
2022-03-01 14:10:18,914 [pool-668-thread-1] INFO  server.RaftServerConfigKeys (ConfUtils.java:logGet(44)) - raft.server.log.segment.cache.size.max = 200MB (=209715200) (default)
2022-03-01 14:10:18,914 [pool-668-thread-1] INFO  segmented.SegmentedRaftLogWorker (SegmentedRaftLogWorker.java:<init>(182)) - new 0cede2b6-a3ab-41b8-8ae8-b37d84d11077@group-21E4280F8C7C-SegmentedRaftLogWorker for RaftStorageImpl:Storage Directory /home/runner/work/ozone/ozone/hadoop-ozone/integration-test/target/test-dir/MiniOzoneClusterImpl-eb83c96d-312e-41b9-bb81-21e4280f8c7c/ozone-meta/scm-ha/eb83c96d-312e-41b9-bb81-21e4280f8c7c
2022-03-01 14:10:18,914 [pool-668-thread-1] INFO  server.RaftServerConfigKeys (ConfUtils.java:logGet(44)) - raft.server.log.queue.byte-limit = 64MB (=67108864) (default)
2022-03-01 14:10:18,914 [pool-668-thread-1] INFO  server.RaftServerConfigKeys (ConfUtils.java:logGet(44)) - raft.server.log.queue.element-limit = 4096 (default)
2022-03-01 14:10:18,914 [pool-668-thread-1] INFO  server.RaftServerConfigKeys (ConfUtils.java:logGet(44)) - raft.server.log.segment.size.max = 4194304 (custom)
2022-03-01 14:10:18,914 [pool-668-thread-1] INFO  server.RaftServerConfigKeys (ConfUtils.java:logGet(44)) - raft.server.log.preallocated.size = 4194304 (custom)
2022-03-01 14:10:18,914 [pool-668-thread-1] INFO  server.RaftServerConfigKeys (ConfUtils.java:logGet(44)) - raft.server.log.force.sync.num = 128 (default)
2022-03-01 14:10:18,914 [pool-668-thread-1] INFO  server.RaftServerConfigKeys (ConfUtils.java:logGet(44)) - raft.server.log.statemachine.data.sync = true (default)
2022-03-01 14:10:18,914 [pool-668-thread-1] INFO  server.RaftServerConfigKeys (ConfUtils.java:logGet(44)) - raft.server.log.statemachine.data.sync.timeout = 10s (default)
2022-03-01 14:10:18,914 [pool-668-thread-1] INFO  server.RaftServerConfigKeys (ConfUtils.java:logGet(44)) - raft.server.log.statemachine.data.sync.timeout.retry = -1 (default)
2022-03-01 14:10:18,915 [pool-668-thread-1] INFO  server.RaftServerConfigKeys (ConfUtils.java:logGet(44)) - raft.server.log.write.buffer.size = 64KB (=65536) (default)
2022-03-01 14:10:18,915 [pool-668-thread-1] INFO  server.RaftServerConfigKeys (ConfUtils.java:logGet(44)) - raft.server.log.statemachine.data.caching.enabled = false (default)
2022-03-01 14:10:18,916 [pool-668-thread-1] INFO  server.RaftServer$Division (ServerState.java:setRaftConf(387)) - 0cede2b6-a3ab-41b8-8ae8-b37d84d11077@group-21E4280F8C7C: set configuration 0: [0cede2b6-a3ab-41b8-8ae8-b37d84d11077|rpc:fv-az195-209:9894|admin:|client:|dataStream:|priority:0], old=null
2022-03-01 14:10:18,916 [pool-668-thread-1] INFO  segmented.LogSegment (LogSegment.java:loadSegment(173)) - Successfully read 1 entries from segment file /home/runner/work/ozone/ozone/hadoop-ozone/integration-test/target/test-dir/MiniOzoneClusterImpl-eb83c96d-312e-41b9-bb81-21e4280f8c7c/ozone-meta/scm-ha/eb83c96d-312e-41b9-bb81-21e4280f8c7c/current/log_inprogress_0
2022-03-01 14:10:18,916 [pool-668-thread-1] INFO  segmented.SegmentedRaftLogWorker (SegmentedRaftLogWorker.java:lambda$new$0(133)) - 0cede2b6-a3ab-41b8-8ae8-b37d84d11077@group-21E4280F8C7C-SegmentedRaftLogWorker: flushIndex: setUnconditionally 0 -> 0
2022-03-01 14:10:18,916 [pool-668-thread-1] INFO  segmented.SegmentedRaftLogWorker (SegmentedRaftLogWorker.java:lambda$new$0(133)) - 0cede2b6-a3ab-41b8-8ae8-b37d84d11077@group-21E4280F8C7C-SegmentedRaftLogWorker: safeCacheEvictIndex: setUnconditionally 0 -> -1
2022-03-01 14:10:18,922 [pool-668-thread-1] INFO  server.RaftServerConfigKeys (ConfUtils.java:logGet(44)) - raft.server.snapshot.auto.trigger.enabled = true (custom)
2022-03-01 14:10:18,922 [pool-668-thread-1] INFO  server.RaftServerConfigKeys (ConfUtils.java:logGet(44)) - raft.server.snapshot.auto.trigger.threshold = 1000 (custom)
2022-03-01 14:10:18,922 [pool-668-thread-1] INFO  server.RaftServerConfigKeys (ConfUtils.java:logGet(44)) - raft.server.snapshot.retention.file.num = -1 (default)
2022-03-01 14:10:18,931 [pool-668-thread-1] INFO  server.RaftServerConfigKeys (ConfUtils.java:logGet(44)) - raft.server.log.purge.upto.snapshot.index = false (default)
2022-03-01 14:10:18,931 [pool-668-thread-1] INFO  server.RaftServerConfigKeys (ConfUtils.java:logGet(44)) - raft.server.retrycache.expirytime = 60000ms (default)
2022-03-01 14:10:18,931 [pool-668-thread-1] INFO  server.RaftServerConfigKeys (ConfUtils.java:logGet(44)) - raft.server.retrycache.statistics.expirytime = 100μs (default)
2022-03-01 14:10:18,932 [Listener at 127.0.0.1/43769] INFO  ha.SCMSnapshotProvider (SCMSnapshotProvider.java:<init>(66)) - Initializing SCM Snapshot Provider
2022-03-01 14:10:18,932 [Listener at 127.0.0.1/43769] WARN  server.ServerUtils (ServerUtils.java:getDefaultRatisDirectory(237)) - Storage directory for Ratis is not configured. It is a good idea to map this to an SSD disk. Falling back to ozone.metadata.dirs
2022-03-01 14:10:18,932 [Listener at 127.0.0.1/43769] WARN  ha.SCMHAUtils (SCMHAUtils.java:getSCMRatisSnapshotDirectory(151)) - SCM snapshot dir is not configured. Falling back to ozone.metadata.dirs config
2022-03-01 14:10:18,934 [Listener at 127.0.0.1/43769] INFO  ha.SequenceIdGenerator (SequenceIdGenerator.java:upgradeToSequenceId(347)) - upgrade localId to 109611004723200000
2022-03-01 14:10:18,934 [Listener at 127.0.0.1/43769] INFO  ha.SequenceIdGenerator (SequenceIdGenerator.java:upgradeToSequenceId(357)) - upgrade delTxnId to 0
2022-03-01 14:10:18,934 [Listener at 127.0.0.1/43769] INFO  ha.SequenceIdGenerator (SequenceIdGenerator.java:upgradeToSequenceId(371)) - upgrade containerId to 0
2022-03-01 14:10:18,934 [Listener at 127.0.0.1/43769] INFO  ha.SequenceIdGenerator (SequenceIdGenerator.java:<init>(218)) - Init the HA SequenceIdGenerator.
2022-03-01 14:10:18,935 [Listener at 127.0.0.1/43769] WARN  server.ServerUtils (ServerUtils.java:sanitizeUserArgs(73)) - ozone.scm.stale.node.interval value = 300000 is larger than max = 100000 based on the key value of ozone.scm.heartbeat.thread.interval, reset to the max value 100000.
2022-03-01 14:10:18,935 [Listener at 127.0.0.1/43769] WARN  server.ServerUtils (ServerUtils.java:sanitizeUserArgs(73)) - ozone.scm.stale.node.interval value = 300000 is larger than max = 100000 based on the key value of ozone.scm.heartbeat.thread.interval, reset to the max value 100000.
2022-03-01 14:10:18,937 [Listener at 127.0.0.1/43769] INFO  node.SCMNodeManager (SCMNodeManager.java:<init>(144)) - Entering startup safe mode.
2022-03-01 14:10:18,938 [Listener at 127.0.0.1/43769] INFO  algorithms.ContainerPlacementPolicyFactory (ContainerPlacementPolicyFactory.java:getPolicy(60)) - Create container placement policy of type org.apache.hadoop.hdds.scm.container.placement.algorithms.SCMContainerPlacementRandom
2022-03-01 14:10:18,938 [Listener at 127.0.0.1/43769] INFO  pipeline.PipelineStateManagerImpl (PipelineStateManagerImpl.java:initialize(78)) - No pipeline exists in current db
2022-03-01 14:10:18,938 [Listener at 127.0.0.1/43769] INFO  algorithms.LeaderChoosePolicyFactory (LeaderChoosePolicyFactory.java:getPolicy(57)) - Create leader choose policy of type org.apache.hadoop.hdds.scm.pipeline.leader.choose.algorithms.MinLeaderCountChoosePolicy
2022-03-01 14:10:18,939 [Listener at 127.0.0.1/43769] INFO  ha.SCMServiceManager (SCMServiceManager.java:register(42)) - Registering service BackgroundPipelineCreator.
2022-03-01 14:10:18,939 [Listener at 127.0.0.1/43769] INFO  pipeline.BackgroundPipelineCreator (BackgroundPipelineCreator.java:start(130)) - Starting RatisPipelineUtilsThread.
2022-03-01 14:10:18,940 [Listener at 127.0.0.1/43769] INFO  algorithms.PipelineChoosePolicyFactory (PipelineChoosePolicyFactory.java:createPipelineChoosePolicyFromClass(73)) - Create pipeline choose policy of type org.apache.hadoop.hdds.scm.pipeline.choose.algorithms.RandomPipelineChoosePolicy
2022-03-01 14:10:18,940 [Listener at 127.0.0.1/43769] INFO  ha.SCMServiceManager (SCMServiceManager.java:register(42)) - Registering service SCMBlockDeletingService.
2022-03-01 14:10:18,940 [Listener at 127.0.0.1/43769] INFO  ha.SCMServiceManager (SCMServiceManager.java:register(42)) - Registering service ReplicationManager.
2022-03-01 14:10:18,940 [Listener at 127.0.0.1/43769] INFO  container.ReplicationManager (ReplicationManager.java:start(326)) - Starting Replication Monitor Thread.
2022-03-01 14:10:18,941 [Listener at 127.0.0.1/43769] INFO  safemode.ContainerSafeModeRule (ContainerSafeModeRule.java:<init>(89)) - containers with one replica threshold count 0
2022-03-01 14:10:18,941 [Listener at 127.0.0.1/43769] INFO  safemode.HealthyPipelineSafeModeRule (HealthyPipelineSafeModeRule.java:initializeRule(156)) - Total pipeline count is 0, healthy pipeline threshold count is 1
2022-03-01 14:10:18,941 [Listener at 127.0.0.1/43769] INFO  safemode.OneReplicaPipelineSafeModeRule (OneReplicaPipelineSafeModeRule.java:initializeRule(180)) - Total pipeline count is 0, pipeline's with at least one datanode reported threshold count is 0
2022-03-01 14:10:18,942 [Listener at 127.0.0.1/43769] INFO  ipc.CallQueueManager (CallQueueManager.java:<init>(90)) - Using callQueue: class java.util.concurrent.LinkedBlockingQueue, queueCapacity: 2000, scheduler: class org.apache.hadoop.ipc.DefaultRpcScheduler, ipcBackoff: false.
2022-03-01 14:10:18,943 [Socket Reader #1 for port 0] INFO  ipc.Server (Server.java:run(1265)) - Starting Socket Reader #1 for port 0
2022-03-01 14:10:18,943 [Listener at 0.0.0.0/37107] INFO  ipc.CallQueueManager (CallQueueManager.java:<init>(90)) - Using callQueue: class java.util.concurrent.LinkedBlockingQueue, queueCapacity: 2000, scheduler: class org.apache.hadoop.ipc.DefaultRpcScheduler, ipcBackoff: false.
2022-03-01 14:10:18,944 [Socket Reader #1 for port 0] INFO  ipc.Server (Server.java:run(1265)) - Starting Socket Reader #1 for port 0
2022-03-01 14:10:18,944 [Listener at 0.0.0.0/35381] INFO  ipc.CallQueueManager (CallQueueManager.java:<init>(90)) - Using callQueue: class java.util.concurrent.LinkedBlockingQueue, queueCapacity: 2000, scheduler: class org.apache.hadoop.ipc.DefaultRpcScheduler, ipcBackoff: false.
2022-03-01 14:10:18,966 [Socket Reader #1 for port 0] INFO  ipc.Server (Server.java:run(1265)) - Starting Socket Reader #1 for port 0
2022-03-01 14:10:18,972 [ReplicationMonitor] INFO  container.ReplicationManager (ReplicationManager.java:processAll(374)) - Replication Manager is not ready to run until 3000ms after safemode exit
2022-03-01 14:10:19,061 [Listener at 0.0.0.0/43379] INFO  algorithms.ContainerPlacementPolicyFactory (ContainerPlacementPolicyFactory.java:getPolicy(60)) - Create container placement policy of type org.apache.hadoop.hdds.scm.container.placement.algorithms.SCMContainerPlacementRandom
2022-03-01 14:10:19,062 [Listener at 0.0.0.0/43379] INFO  server.StorageContainerManager (StorageContainerManager.java:<init>(392)) - 
Container Balancer status:
Key                            Value
Running                        false
Container Balancer Configuration values:
Key                                                Value
Threshold                                          10
Max Datanodes to Involve per Iteration(percent)    20
Max Size to Move per Iteration                     500GB
Max Size Entering Target per Iteration             26GB
Max Size Leaving Source per Iteration              26GB

2022-03-01 14:10:19,074 [Listener at 0.0.0.0/43379] WARN  events.EventQueue (EventQueue.java:fireEvent(194)) - No event handler registered for event TypedEvent{payloadType=SafeModeStatus, name='Safe mode status'}
2022-03-01 14:10:19,074 [Listener at 0.0.0.0/43379] INFO  ha.SCMContext (SCMContext.java:updateSafeModeStatus(211)) - Update SafeModeStatus from SafeModeStatus{safeModeStatus=true, preCheckPassed=false} to SafeModeStatus{safeModeStatus=true, preCheckPassed=false}.
2022-03-01 14:10:19,074 [Listener at 0.0.0.0/43379] INFO  server.StorageContainerManager (StorageContainerManager.java:start(1330)) - StorageContainerLocationProtocol RPC server is listening at /0.0.0.0:43379
2022-03-01 14:10:19,074 [Listener at 0.0.0.0/43379] INFO  ha.SCMRatisServerImpl (SCMRatisServerImpl.java:start(177)) - starting ratis server 0.0.0.0:9894
2022-03-01 14:10:19,075 [Listener at 0.0.0.0/43379] INFO  server.RaftServer$Division (RaftServerImpl.java:start(301)) - 0cede2b6-a3ab-41b8-8ae8-b37d84d11077@group-21E4280F8C7C: start as a follower, conf=0: [0cede2b6-a3ab-41b8-8ae8-b37d84d11077|rpc:fv-az195-209:9894|admin:|client:|dataStream:|priority:0], old=null
2022-03-01 14:10:19,075 [Listener at 0.0.0.0/43379] INFO  server.RaftServer$Division (RaftServerImpl.java:setRole(290)) - 0cede2b6-a3ab-41b8-8ae8-b37d84d11077@group-21E4280F8C7C: changes role from      null to FOLLOWER at term 1 for startAsFollower
2022-03-01 14:10:19,075 [Listener at 0.0.0.0/43379] INFO  impl.RoleInfo (RoleInfo.java:updateAndGet(130)) - 0cede2b6-a3ab-41b8-8ae8-b37d84d11077: start 0cede2b6-a3ab-41b8-8ae8-b37d84d11077@group-21E4280F8C7C-FollowerState
2022-03-01 14:10:19,075 [Listener at 0.0.0.0/43379] INFO  util.JmxRegister (JmxRegister.java:tryRegister(44)) - Successfully registered JMX Bean with object name Ratis:service=RaftServer,group=group-21E4280F8C7C,id=0cede2b6-a3ab-41b8-8ae8-b37d84d11077
2022-03-01 14:10:19,077 [Listener at 0.0.0.0/43379] INFO  server.RaftServer (RaftServerProxy.java:lambda$start$5(374)) - 0cede2b6-a3ab-41b8-8ae8-b37d84d11077: start RPC server
2022-03-01 14:10:19,087 [Listener at 0.0.0.0/43379] INFO  server.GrpcService (GrpcService.java:startImpl(253)) - 0cede2b6-a3ab-41b8-8ae8-b37d84d11077: GrpcService started, listening on 9894
2022-03-01 14:10:19,105 [Listener at 0.0.0.0/43379] INFO  ha.SCMHAManagerImpl (SCMHAManagerImpl.java:start(121)) -  scm role is FOLLOWER peers [0cede2b6-a3ab-41b8-8ae8-b37d84d11077|rpc:fv-az195-209:9894|admin:|client:|dataStream:|priority:0]
2022-03-01 14:10:19,105 [Listener at 0.0.0.0/43379] INFO  ha.InterSCMGrpcService (InterSCMGrpcProtocolService.java:start(94)) - Starting SCM Grpc Service at port 9895
2022-03-01 14:10:19,107 [Listener at 0.0.0.0/43379] WARN  impl.MetricsConfig (MetricsConfig.java:loadFirst(136)) - Cannot locate configuration: tried hadoop-metrics2-storagecontainermanager.properties,hadoop-metrics2.properties
2022-03-01 14:10:19,113 [org.apache.ratis.util.JvmPauseMonitor$$Lambda$421/1299661385@5ba96df2] INFO  util.JvmPauseMonitor (JvmPauseMonitor.java:run(103)) - JvmPauseMonitor-0cede2b6-a3ab-41b8-8ae8-b37d84d11077: Started
2022-03-01 14:10:19,117 [Listener at 0.0.0.0/43379] INFO  impl.MetricsSystemImpl (MetricsSystemImpl.java:startTimer(378)) - Scheduled Metric snapshot period at 10 second(s).
2022-03-01 14:10:19,118 [Listener at 0.0.0.0/43379] INFO  impl.MetricsSystemImpl (MetricsSystemImpl.java:start(191)) - StorageContainerManager metrics system started
2022-03-01 14:10:19,150 [Listener at 0.0.0.0/43379] INFO  impl.MetricsSinkAdapter (MetricsSinkAdapter.java:start(204)) - Sink prometheus started
2022-03-01 14:10:19,150 [Listener at 0.0.0.0/43379] INFO  impl.MetricsSystemImpl (MetricsSystemImpl.java:registerSink(305)) - Registered sink prometheus
2022-03-01 14:10:19,249 [Listener at 0.0.0.0/43379] INFO  server.SCMClientProtocolServer (SCMClientProtocolServer.java:start(165)) - RPC server for Client  is listening at /0.0.0.0:43379
2022-03-01 14:10:19,259 [IPC Server Responder] INFO  ipc.Server (Server.java:run(1507)) - IPC Server Responder: starting
2022-03-01 14:10:19,317 [Listener at 0.0.0.0/43379] INFO  server.StorageContainerManager (StorageContainerManager.java:start(1345)) - ScmBlockLocationProtocol RPC server is listening at /0.0.0.0:35381
2022-03-01 14:10:19,317 [Listener at 0.0.0.0/43379] INFO  server.SCMBlockProtocolServer (SCMBlockProtocolServer.java:start(151)) - RPC server for Block Protocol is listening at /0.0.0.0:35381
2022-03-01 14:10:19,343 [IPC Server Responder] INFO  ipc.Server (Server.java:run(1507)) - IPC Server Responder: starting
2022-03-01 14:10:19,358 [IPC Server listener on 0] INFO  ipc.Server (Server.java:run(1344)) - IPC Server listener on 0: starting
2022-03-01 14:10:19,469 [IPC Server listener on 0] INFO  ipc.Server (Server.java:run(1344)) - IPC Server listener on 0: starting
2022-03-01 14:10:19,505 [Listener at 0.0.0.0/43379] INFO  http.BaseHttpServer (BaseHttpServer.java:newHttpServer2BuilderForOzone(209)) - Starting Web-server for scm at: http://0.0.0.0:0
2022-03-01 14:10:19,505 [Listener at 0.0.0.0/43379] INFO  http.BaseHttpServer (BaseHttpServer.java:<init>(107)) - Hadoop Security Enabled: false Ozone Security Enabled: false Ozone HTTP Security Enabled: false 
2022-03-01 14:10:19,506 [Listener at 0.0.0.0/43379] INFO  server.AuthenticationFilter (AuthenticationFilter.java:constructSecretProvider(240)) - Unable to initialize FileSignerSecretProvider, falling back to use random secrets.
2022-03-01 14:10:19,512 [Listener at 0.0.0.0/43379] WARN  http.HttpRequestLog (HttpRequestLog.java:getRequestLog(103)) - Jetty request log can only be enabled using Log4j
2022-03-01 14:10:19,512 [org.apache.hadoop.util.JvmPauseMonitor$Monitor@3fdcbaf4] INFO  util.JvmPauseMonitor (JvmPauseMonitor.java:run(188)) - Starting JVM pause monitor
2022-03-01 14:10:19,517 [Listener at 0.0.0.0/43379] INFO  http.HttpServer2 (HttpServer2.java:addGlobalFilter(1030)) - Added global filter 'safety' (class=org.apache.hadoop.hdds.server.http.HttpServer2$QuotingInputFilter)
2022-03-01 14:10:19,521 [Listener at 0.0.0.0/43379] INFO  http.HttpServer2 (HttpServer2.java:addFilter(1006)) - Added filter static_user_filter (class=org.apache.hadoop.http.lib.StaticUserWebFilter$StaticUserFilter) to context scm
2022-03-01 14:10:19,521 [Listener at 0.0.0.0/43379] INFO  http.HttpServer2 (HttpServer2.java:addFilter(1014)) - Added filter static_user_filter (class=org.apache.hadoop.http.lib.StaticUserWebFilter$StaticUserFilter) to context static
2022-03-01 14:10:19,521 [Listener at 0.0.0.0/43379] INFO  http.HttpServer2 (HttpServer2.java:addFilter(1014)) - Added filter static_user_filter (class=org.apache.hadoop.http.lib.StaticUserWebFilter$StaticUserFilter) to context logs
2022-03-01 14:10:19,521 [Listener at 0.0.0.0/43379] INFO  http.HttpServer2 (HttpServer2.java:bindListener(1249)) - Jetty bound to port 41171
2022-03-01 14:10:19,521 [Listener at 0.0.0.0/43379] INFO  server.Server (Server.java:doStart(375)) - jetty-9.4.43.v20210629; built: 2021-06-30T11:07:22.254Z; git: 526006ecfa3af7f1a27ef3a288e2bef7ea9dd7e8; jvm 1.8.0_322-b06
2022-03-01 14:10:19,534 [Listener at 0.0.0.0/43379] INFO  server.session (DefaultSessionIdManager.java:doStart(334)) - DefaultSessionIdManager workerName=node0
2022-03-01 14:10:19,534 [Listener at 0.0.0.0/43379] INFO  server.session (DefaultSessionIdManager.java:doStart(339)) - No SessionScavenger set, using defaults
2022-03-01 14:10:19,535 [Listener at 0.0.0.0/43379] INFO  server.session (HouseKeeper.java:startScavenging(132)) - node0 Scavenging every 660000ms
2022-03-01 14:10:19,539 [Listener at 0.0.0.0/43379] INFO  handler.ContextHandler (ContextHandler.java:doStart(915)) - Started o.e.j.s.ServletContextHandler@796b7d6c{logs,/logs,file:///home/runner/work/ozone/ozone/hadoop-ozone/integration-test/target/log,AVAILABLE}
2022-03-01 14:10:19,539 [Listener at 0.0.0.0/43379] INFO  handler.ContextHandler (ContextHandler.java:doStart(915)) - Started o.e.j.s.ServletContextHandler@4432ee80{static,/static,file:///home/runner/work/ozone/ozone/hadoop-ozone/integration-test/target/test-classes/webapps/static,AVAILABLE}
2022-03-01 14:10:19,542 [Listener at 0.0.0.0/43379] INFO  handler.ContextHandler (ContextHandler.java:doStart(915)) - Started o.e.j.w.WebAppContext@948335d{scm,/,file:///home/runner/work/ozone/ozone/hadoop-ozone/integration-test/target/test-classes/webapps/scm/,AVAILABLE}{file:/home/runner/work/ozone/ozone/hadoop-ozone/integration-test/target/test-classes/webapps/scm}
2022-03-01 14:10:19,546 [Listener at 0.0.0.0/43379] INFO  server.AbstractConnector (AbstractConnector.java:doStart(331)) - Started ServerConnector@134323ec{HTTP/1.1, (http/1.1)}{0.0.0.0:41171}
2022-03-01 14:10:19,546 [Listener at 0.0.0.0/43379] INFO  server.Server (Server.java:doStart(415)) - Started @283789ms
2022-03-01 14:10:19,546 [Listener at 0.0.0.0/43379] WARN  impl.MetricsSystemImpl (MetricsSystemImpl.java:register(279)) - Sink prometheus already exists!
2022-03-01 14:10:19,547 [Listener at 0.0.0.0/43379] INFO  http.BaseHttpServer (BaseHttpServer.java:updateConnectorAddress(329)) - HTTP server of scm listening at http://0.0.0.0:41171
2022-03-01 14:10:19,547 [Listener at 0.0.0.0/43379] WARN  server.ServerUtils (ServerUtils.java:getDBPath(225)) - ozone.om.db.dirs is not configured. We recommend adding this setting. Falling back to ozone.metadata.dirs instead.
2022-03-01 14:10:19,549 [Listener at 0.0.0.0/43379] INFO  ha.OMHANodeDetails (OMHANodeDetails.java:loadOMHAConfig(112)) - ozone.om.internal.service.id is not defined, falling back to ozone.om.service.ids to find serviceID for OzoneManager if it is HA enabled cluster
2022-03-01 14:10:19,549 [Listener at 0.0.0.0/43379] INFO  ha.OMHANodeDetails (OMHANodeDetails.java:loadOMHAConfig(218)) - Configuration does not have ozone.om.address set. Falling back to the default OM address /127.0.0.1:0
2022-03-01 14:10:19,549 [Listener at 0.0.0.0/43379] INFO  ha.OMHANodeDetails (OMHANodeDetails.java:getOMNodeDetailsForNonHA(246)) - OM Service ID is not set. Setting it to the default ID: omServiceIdDefault
2022-03-01 14:10:19,549 [Listener at 0.0.0.0/43379] INFO  ha.OMHANodeDetails (OMHANodeDetails.java:getOMNodeDetailsForNonHA(253)) - OM Node ID is not set. Setting it to the default ID: om1
2022-03-01 14:10:19,550 [Listener at 0.0.0.0/43379] WARN  server.ServerUtils (ServerUtils.java:getDBPath(225)) - ozone.om.db.dirs is not configured. We recommend adding this setting. Falling back to ozone.metadata.dirs instead.
2022-03-01 14:10:19,550 [Listener at 0.0.0.0/43379] INFO  upgrade.AbstractLayoutVersionManager (AbstractLayoutVersionManager.java:init(79)) - Initializing Layout version manager with metadata layout = INITIAL_VERSION (version = 0), software layout = INITIAL_VERSION (version = 0)
2022-03-01 14:10:19,708 [Listener at 0.0.0.0/43379] INFO  reflections.Reflections (Reflections.java:scan(232)) - Reflections took 157 ms to scan 2 urls, producing 134 keys and 349 values [using 2 cores]
2022-03-01 14:10:19,708 [Listener at 0.0.0.0/43379] INFO  upgrade.OMLayoutVersionManager (OMLayoutVersionManager.java:lambda$0(115)) - Skipping Upgrade Action MockOmUpgradeAction since it has been finalized.
2022-03-01 14:10:19,708 [Listener at 0.0.0.0/43379] WARN  server.ServerUtils (ServerUtils.java:getDBPath(225)) - ozone.om.db.dirs is not configured. We recommend adding this setting. Falling back to ozone.metadata.dirs instead.
2022-03-01 14:10:21,749 [Listener at 0.0.0.0/43379] INFO  retry.RetryInvocationHandler (RetryInvocationHandler.java:log(411)) - com.google.protobuf.ServiceException: org.apache.hadoop.ipc.RemoteException(org.apache.hadoop.hdds.ratis.ServerNotLeaderException): Server:0cede2b6-a3ab-41b8-8ae8-b37d84d11077 is not the leader. Could not determine the leader node.
	at org.apache.hadoop.hdds.ratis.ServerNotLeaderException.convertToNotLeaderException(ServerNotLeaderException.java:109)
	at org.apache.hadoop.hdds.scm.ha.RatisUtil.checkRatisException(RatisUtil.java:246)
	at org.apache.hadoop.hdds.scm.protocol.ScmBlockLocationProtocolServerSideTranslatorPB.send(ScmBlockLocationProtocolServerSideTranslatorPB.java:108)
	at org.apache.hadoop.hdds.protocol.proto.ScmBlockLocationProtocolProtos$ScmBlockLocationProtocolService$2.callBlockingMethod(ScmBlockLocationProtocolProtos.java:13937)
	at org.apache.hadoop.ipc.ProtobufRpcEngine$Server.processCall(ProtobufRpcEngine.java:466)
	at org.apache.hadoop.ipc.ProtobufRpcEngine2$Server$ProtoBufRpcInvoker.call(ProtobufRpcEngine2.java:574)
	at org.apache.hadoop.ipc.ProtobufRpcEngine2$Server$ProtoBufRpcInvoker.call(ProtobufRpcEngine2.java:552)
	at org.apache.hadoop.ipc.RPC$Server.call(RPC.java:1093)
	at org.apache.hadoop.ipc.Server$RpcCall.run(Server.java:1035)
	at org.apache.hadoop.ipc.Server$RpcCall.run(Server.java:963)
	at java.security.AccessController.doPrivileged(Native Method)
	at javax.security.auth.Subject.doAs(Subject.java:422)
	at org.apache.hadoop.security.UserGroupInformation.doAs(UserGroupInformation.java:1878)
	at org.apache.hadoop.ipc.Server$Handler.run(Server.java:2966)
, while invoking $Proxy46.send over nodeId=scmNodeId,nodeAddress=/0.0.0.0:35381 after 1 failover attempts. Trying to failover after sleeping for 2000ms.
2022-03-01 14:10:23,756 [Listener at 0.0.0.0/43379] INFO  retry.RetryInvocationHandler (RetryInvocationHandler.java:log(411)) - com.google.protobuf.ServiceException: org.apache.hadoop.ipc.RemoteException(org.apache.hadoop.hdds.ratis.ServerNotLeaderException): Server:0cede2b6-a3ab-41b8-8ae8-b37d84d11077 is not the leader. Could not determine the leader node.
	at org.apache.hadoop.hdds.ratis.ServerNotLeaderException.convertToNotLeaderException(ServerNotLeaderException.java:109)
	at org.apache.hadoop.hdds.scm.ha.RatisUtil.checkRatisException(RatisUtil.java:246)
	at org.apache.hadoop.hdds.scm.protocol.ScmBlockLocationProtocolServerSideTranslatorPB.send(ScmBlockLocationProtocolServerSideTranslatorPB.java:108)
	at org.apache.hadoop.hdds.protocol.proto.ScmBlockLocationProtocolProtos$ScmBlockLocationProtocolService$2.callBlockingMethod(ScmBlockLocationProtocolProtos.java:13937)
	at org.apache.hadoop.ipc.ProtobufRpcEngine$Server.processCall(ProtobufRpcEngine.java:466)
	at org.apache.hadoop.ipc.ProtobufRpcEngine2$Server$ProtoBufRpcInvoker.call(ProtobufRpcEngine2.java:574)
	at org.apache.hadoop.ipc.ProtobufRpcEngine2$Server$ProtoBufRpcInvoker.call(ProtobufRpcEngine2.java:552)
	at org.apache.hadoop.ipc.RPC$Server.call(RPC.java:1093)
	at org.apache.hadoop.ipc.Server$RpcCall.run(Server.java:1035)
	at org.apache.hadoop.ipc.Server$RpcCall.run(Server.java:963)
	at java.security.AccessController.doPrivileged(Native Method)
	at javax.security.auth.Subject.doAs(Subject.java:422)
	at org.apache.hadoop.security.UserGroupInformation.doAs(UserGroupInformation.java:1878)
	at org.apache.hadoop.ipc.Server$Handler.run(Server.java:2966)
, while invoking $Proxy46.send over nodeId=scmNodeId,nodeAddress=/0.0.0.0:35381 after 2 failover attempts. Trying to failover after sleeping for 2000ms.
2022-03-01 14:10:24,191 [0cede2b6-a3ab-41b8-8ae8-b37d84d11077@group-21E4280F8C7C-FollowerState] INFO  impl.FollowerState (FollowerState.java:run(134)) - 0cede2b6-a3ab-41b8-8ae8-b37d84d11077@group-21E4280F8C7C-FollowerState: change to CANDIDATE, lastRpcElapsedTime:5116358237ns, electionTimeout:5115ms
2022-03-01 14:10:24,191 [0cede2b6-a3ab-41b8-8ae8-b37d84d11077@group-21E4280F8C7C-FollowerState] INFO  impl.RoleInfo (RoleInfo.java:shutdownFollowerState(108)) - 0cede2b6-a3ab-41b8-8ae8-b37d84d11077: shutdown 0cede2b6-a3ab-41b8-8ae8-b37d84d11077@group-21E4280F8C7C-FollowerState
2022-03-01 14:10:24,192 [0cede2b6-a3ab-41b8-8ae8-b37d84d11077@group-21E4280F8C7C-FollowerState] INFO  server.RaftServer$Division (RaftServerImpl.java:setRole(290)) - 0cede2b6-a3ab-41b8-8ae8-b37d84d11077@group-21E4280F8C7C: changes role from  FOLLOWER to CANDIDATE at term 1 for changeToCandidate
2022-03-01 14:10:24,192 [0cede2b6-a3ab-41b8-8ae8-b37d84d11077@group-21E4280F8C7C-FollowerState] INFO  server.RaftServerConfigKeys (ConfUtils.java:logGet(44)) - raft.server.leaderelection.pre-vote = false (custom)
2022-03-01 14:10:24,192 [0cede2b6-a3ab-41b8-8ae8-b37d84d11077@group-21E4280F8C7C-FollowerState] INFO  impl.RoleInfo (RoleInfo.java:updateAndGet(130)) - 0cede2b6-a3ab-41b8-8ae8-b37d84d11077: start 0cede2b6-a3ab-41b8-8ae8-b37d84d11077@group-21E4280F8C7C-LeaderElection59
2022-03-01 14:10:24,218 [0cede2b6-a3ab-41b8-8ae8-b37d84d11077@group-21E4280F8C7C-LeaderElection59] INFO  impl.LeaderElection (LeaderElection.java:askForVotes(306)) - 0cede2b6-a3ab-41b8-8ae8-b37d84d11077@group-21E4280F8C7C-LeaderElection59 ELECTION round 0: submit vote requests at term 2 for 0: [0cede2b6-a3ab-41b8-8ae8-b37d84d11077|rpc:fv-az195-209:9894|admin:|client:|dataStream:|priority:0], old=null
2022-03-01 14:10:24,218 [0cede2b6-a3ab-41b8-8ae8-b37d84d11077@group-21E4280F8C7C-LeaderElection59] INFO  impl.LeaderElection (LeaderElection.java:askForVotes(308)) - 0cede2b6-a3ab-41b8-8ae8-b37d84d11077@group-21E4280F8C7C-LeaderElection59 ELECTION round 0: result PASSED (term=2)
2022-03-01 14:10:24,218 [0cede2b6-a3ab-41b8-8ae8-b37d84d11077@group-21E4280F8C7C-LeaderElection59] INFO  impl.RoleInfo (RoleInfo.java:shutdownLeaderElection(121)) - 0cede2b6-a3ab-41b8-8ae8-b37d84d11077: shutdown 0cede2b6-a3ab-41b8-8ae8-b37d84d11077@group-21E4280F8C7C-LeaderElection59
2022-03-01 14:10:24,218 [0cede2b6-a3ab-41b8-8ae8-b37d84d11077@group-21E4280F8C7C-LeaderElection59] INFO  server.RaftServer$Division (RaftServerImpl.java:setRole(290)) - 0cede2b6-a3ab-41b8-8ae8-b37d84d11077@group-21E4280F8C7C: changes role from CANDIDATE to LEADER at term 2 for changeToLeader
2022-03-01 14:10:24,218 [0cede2b6-a3ab-41b8-8ae8-b37d84d11077@group-21E4280F8C7C-LeaderElection59] INFO  ha.SCMStateMachine (SCMStateMachine.java:notifyLeaderChanged(259)) - current SCM becomes leader of term 2.
2022-03-01 14:10:24,218 [0cede2b6-a3ab-41b8-8ae8-b37d84d11077@group-21E4280F8C7C-LeaderElection59] INFO  ha.SCMContext (SCMContext.java:updateLeaderAndTerm(90)) - update <isLeader,term> from <false,0> to <true,2>
2022-03-01 14:10:24,218 [0cede2b6-a3ab-41b8-8ae8-b37d84d11077@group-21E4280F8C7C-LeaderElection59] INFO  server.RaftServer$Division (ServerState.java:setLeader(285)) - 0cede2b6-a3ab-41b8-8ae8-b37d84d11077@group-21E4280F8C7C: change Leader from null to 0cede2b6-a3ab-41b8-8ae8-b37d84d11077 at term 2 for becomeLeader, leader elected after 5304ms
2022-03-01 14:10:24,218 [0cede2b6-a3ab-41b8-8ae8-b37d84d11077@group-21E4280F8C7C-LeaderElection59] INFO  server.RaftServerConfigKeys (ConfUtils.java:logGet(44)) - raft.server.staging.catchup.gap = 1000 (default)
2022-03-01 14:10:24,218 [0cede2b6-a3ab-41b8-8ae8-b37d84d11077@group-21E4280F8C7C-LeaderElection59] INFO  server.RaftServerConfigKeys (ConfUtils.java:logGet(44)) - raft.server.write.element-limit = 4096 (default)
2022-03-01 14:10:24,218 [0cede2b6-a3ab-41b8-8ae8-b37d84d11077@group-21E4280F8C7C-LeaderElection59] INFO  server.RaftServerConfigKeys (ConfUtils.java:logGet(44)) - raft.server.write.byte-limit = 64MB (=67108864) (default)
2022-03-01 14:10:24,219 [0cede2b6-a3ab-41b8-8ae8-b37d84d11077@group-21E4280F8C7C-LeaderElection59] INFO  server.RaftServerConfigKeys (ConfUtils.java:logGet(44)) - raft.server.watch.timeout = 10s (default)
2022-03-01 14:10:24,219 [0cede2b6-a3ab-41b8-8ae8-b37d84d11077@group-21E4280F8C7C-LeaderElection59] INFO  server.RaftServerConfigKeys (ConfUtils.java:logGet(44)) - raft.server.watch.timeout.denomination = 1s (default)
2022-03-01 14:10:24,219 [0cede2b6-a3ab-41b8-8ae8-b37d84d11077@group-21E4280F8C7C-LeaderElection59] INFO  server.RaftServerConfigKeys (ConfUtils.java:logGet(44)) - raft.server.watch.element-limit = 65536 (default)
2022-03-01 14:10:24,219 [0cede2b6-a3ab-41b8-8ae8-b37d84d11077@group-21E4280F8C7C-LeaderElection59] INFO  server.RaftServerConfigKeys (ConfUtils.java:logGet(44)) - raft.server.write.element-limit = 4096 (default)
2022-03-01 14:10:24,219 [0cede2b6-a3ab-41b8-8ae8-b37d84d11077@group-21E4280F8C7C-LeaderElection59] INFO  server.RaftServerConfigKeys (ConfUtils.java:logGet(44)) - raft.server.write.follower.gap.ratio.max = -1.0 (default)
2022-03-01 14:10:24,219 [0cede2b6-a3ab-41b8-8ae8-b37d84d11077@group-21E4280F8C7C-LeaderElection59] INFO  impl.RoleInfo (RoleInfo.java:updateAndGet(130)) - 0cede2b6-a3ab-41b8-8ae8-b37d84d11077: start 0cede2b6-a3ab-41b8-8ae8-b37d84d11077@group-21E4280F8C7C-LeaderStateImpl
2022-03-01 14:10:24,219 [0cede2b6-a3ab-41b8-8ae8-b37d84d11077@group-21E4280F8C7C-LeaderElection59] INFO  segmented.SegmentedRaftLogWorker (SegmentedRaftLogWorker.java:rollLogSegment(399)) - 0cede2b6-a3ab-41b8-8ae8-b37d84d11077@group-21E4280F8C7C-SegmentedRaftLogWorker: Rolling segment log-0_0 to index:0
2022-03-01 14:10:24,220 [0cede2b6-a3ab-41b8-8ae8-b37d84d11077@group-21E4280F8C7C-SegmentedRaftLogWorker] INFO  segmented.SegmentedRaftLogWorker (SegmentedRaftLogWorker.java:execute(558)) - 0cede2b6-a3ab-41b8-8ae8-b37d84d11077@group-21E4280F8C7C-SegmentedRaftLogWorker: Rolled log segment from /home/runner/work/ozone/ozone/hadoop-ozone/integration-test/target/test-dir/MiniOzoneClusterImpl-eb83c96d-312e-41b9-bb81-21e4280f8c7c/ozone-meta/scm-ha/eb83c96d-312e-41b9-bb81-21e4280f8c7c/current/log_inprogress_0 to /home/runner/work/ozone/ozone/hadoop-ozone/integration-test/target/test-dir/MiniOzoneClusterImpl-eb83c96d-312e-41b9-bb81-21e4280f8c7c/ozone-meta/scm-ha/eb83c96d-312e-41b9-bb81-21e4280f8c7c/current/log_0-0
2022-03-01 14:10:24,231 [0cede2b6-a3ab-41b8-8ae8-b37d84d11077@group-21E4280F8C7C-SegmentedRaftLogWorker] INFO  segmented.SegmentedRaftLogWorker (SegmentedRaftLogWorker.java:execute(601)) - 0cede2b6-a3ab-41b8-8ae8-b37d84d11077@group-21E4280F8C7C-SegmentedRaftLogWorker: created new log segment /home/runner/work/ozone/ozone/hadoop-ozone/integration-test/target/test-dir/MiniOzoneClusterImpl-eb83c96d-312e-41b9-bb81-21e4280f8c7c/ozone-meta/scm-ha/eb83c96d-312e-41b9-bb81-21e4280f8c7c/current/log_inprogress_1
2022-03-01 14:10:24,269 [0cede2b6-a3ab-41b8-8ae8-b37d84d11077@group-21E4280F8C7C-LeaderElection59] INFO  server.RaftServer$Division (ServerState.java:setRaftConf(387)) - 0cede2b6-a3ab-41b8-8ae8-b37d84d11077@group-21E4280F8C7C: set configuration 1: [0cede2b6-a3ab-41b8-8ae8-b37d84d11077|rpc:fv-az195-209:9894|admin:|client:|dataStream:|priority:0], old=null
2022-03-01 14:10:24,270 [0cede2b6-a3ab-41b8-8ae8-b37d84d11077@group-21E4280F8C7C-StateMachineUpdater] INFO  ha.SCMContext (SCMContext.java:setLeaderReady(117)) - update <isLeaderReady> from <false> to <true>
2022-03-01 14:10:24,273 [0cede2b6-a3ab-41b8-8ae8-b37d84d11077@group-21E4280F8C7C-StateMachineUpdater] INFO  pipeline.BackgroundPipelineCreator (BackgroundPipelineCreator.java:notifyStatusChanged(264)) - Service BackgroundPipelineCreator transitions to RUNNING.
2022-03-01 14:10:24,274 [0cede2b6-a3ab-41b8-8ae8-b37d84d11077@group-21E4280F8C7C-StateMachineUpdater] INFO  safemode.HealthyPipelineSafeModeRule (HealthyPipelineSafeModeRule.java:initializeRule(152)) - Refreshed total pipeline count is 0, healthy pipeline threshold count is 1
2022-03-01 14:10:24,274 [0cede2b6-a3ab-41b8-8ae8-b37d84d11077@group-21E4280F8C7C-StateMachineUpdater] INFO  safemode.ContainerSafeModeRule (ContainerSafeModeRule.java:reInitializeRule(177)) - Refreshed one replica container threshold 0, currentThreshold 0
2022-03-01 14:10:24,274 [0cede2b6-a3ab-41b8-8ae8-b37d84d11077@group-21E4280F8C7C-StateMachineUpdater] INFO  safemode.OneReplicaPipelineSafeModeRule (OneReplicaPipelineSafeModeRule.java:initializeRule(176)) - Refreshed Total pipeline count is 0, pipeline's with at least one datanode reported threshold count is 0
2022-03-01 14:10:24,274 [0cede2b6-a3ab-41b8-8ae8-b37d84d11077@group-21E4280F8C7C-StateMachineUpdater] INFO  server.SCMDatanodeProtocolServer (SCMDatanodeProtocolServer.java:start(181)) - ScmDatanodeProtocol RPC server for DataNodes is listening at /0.0.0.0:37107
2022-03-01 14:10:24,293 [IPC Server listener on 0] INFO  ipc.Server (Server.java:run(1344)) - IPC Server listener on 0: starting
2022-03-01 14:10:24,305 [IPC Server Responder] INFO  ipc.Server (Server.java:run(1507)) - IPC Server Responder: starting
2022-03-01 14:10:25,760 [Listener at 0.0.0.0/43379] WARN  server.ServerUtils (ServerUtils.java:getDBPath(225)) - ozone.om.db.dirs is not configured. We recommend adding this setting. Falling back to ozone.metadata.dirs instead.
2022-03-01 14:10:25,760 [Listener at 0.0.0.0/43379] INFO  codec.OmKeyInfoCodec (OmKeyInfoCodec.java:<init>(50)) - OmKeyInfoCodec ignorePipeline = true
2022-03-01 14:10:25,761 [Listener at 0.0.0.0/43379] INFO  codec.RepeatedOmKeyInfoCodec (RepeatedOmKeyInfoCodec.java:<init>(42)) - RepeatedOmKeyInfoCodec ignorePipeline = true
2022-03-01 14:10:26,234 [Listener at 0.0.0.0/43379] INFO  om.OzoneManager (OzoneManager.java:addS3GVolumeToDB(3732)) - Created Volume s3v With Owner runner required for S3Gateway operations.
2022-03-01 14:10:26,243 [Listener at 0.0.0.0/43379] INFO  ipc.CallQueueManager (CallQueueManager.java:<init>(90)) - Using callQueue: class java.util.concurrent.LinkedBlockingQueue, queueCapacity: 2000, scheduler: class org.apache.hadoop.ipc.DefaultRpcScheduler, ipcBackoff: false.
2022-03-01 14:10:26,244 [Socket Reader #1 for port 0] INFO  ipc.Server (Server.java:run(1265)) - Starting Socket Reader #1 for port 0
2022-03-01 14:10:26,353 [Listener at 127.0.0.1/43831] INFO  impl.MetricsSystemImpl (MetricsSystemImpl.java:init(158)) - OzoneManager metrics system started (again)
2022-03-01 14:10:26,399 [Listener at 127.0.0.1/43831] INFO  om.OzoneManager (OzoneManager.java:start(1365)) - OzoneManager RPC server is listening at localhost/127.0.0.1:43831
2022-03-01 14:10:26,399 [Listener at 127.0.0.1/43831] INFO  om.OzoneManager (OzoneManager.java:start(1381)) - Version File has different layout version (0) than OM DB (null). That is expected if this OM has never been finalized to a newer layout version.
2022-03-01 14:10:26,413 [Listener at 127.0.0.1/43831] INFO  http.BaseHttpServer (BaseHttpServer.java:newHttpServer2BuilderForOzone(209)) - Starting Web-server for ozoneManager at: http://0.0.0.0:0
2022-03-01 14:10:26,413 [Listener at 127.0.0.1/43831] INFO  http.BaseHttpServer (BaseHttpServer.java:<init>(107)) - Hadoop Security Enabled: false Ozone Security Enabled: false Ozone HTTP Security Enabled: false 
2022-03-01 14:10:26,414 [Listener at 127.0.0.1/43831] INFO  server.AuthenticationFilter (AuthenticationFilter.java:constructSecretProvider(240)) - Unable to initialize FileSignerSecretProvider, falling back to use random secrets.
2022-03-01 14:10:26,416 [Listener at 127.0.0.1/43831] WARN  http.HttpRequestLog (HttpRequestLog.java:getRequestLog(103)) - Jetty request log can only be enabled using Log4j
2022-03-01 14:10:26,417 [Listener at 127.0.0.1/43831] INFO  http.HttpServer2 (HttpServer2.java:addGlobalFilter(1030)) - Added global filter 'safety' (class=org.apache.hadoop.hdds.server.http.HttpServer2$QuotingInputFilter)
2022-03-01 14:10:26,418 [Listener at 127.0.0.1/43831] INFO  http.HttpServer2 (HttpServer2.java:addFilter(1006)) - Added filter static_user_filter (class=org.apache.hadoop.http.lib.StaticUserWebFilter$StaticUserFilter) to context ozoneManager
2022-03-01 14:10:26,418 [Listener at 127.0.0.1/43831] INFO  http.HttpServer2 (HttpServer2.java:addFilter(1014)) - Added filter static_user_filter (class=org.apache.hadoop.http.lib.StaticUserWebFilter$StaticUserFilter) to context logs
2022-03-01 14:10:26,418 [Listener at 127.0.0.1/43831] INFO  http.HttpServer2 (HttpServer2.java:addFilter(1014)) - Added filter static_user_filter (class=org.apache.hadoop.http.lib.StaticUserWebFilter$StaticUserFilter) to context static
2022-03-01 14:10:26,419 [Listener at 127.0.0.1/43831] INFO  http.HttpServer2 (HttpServer2.java:bindListener(1249)) - Jetty bound to port 35085
2022-03-01 14:10:26,419 [Listener at 127.0.0.1/43831] INFO  server.Server (Server.java:doStart(375)) - jetty-9.4.43.v20210629; built: 2021-06-30T11:07:22.254Z; git: 526006ecfa3af7f1a27ef3a288e2bef7ea9dd7e8; jvm 1.8.0_322-b06
2022-03-01 14:10:26,421 [Listener at 127.0.0.1/43831] INFO  server.session (DefaultSessionIdManager.java:doStart(334)) - DefaultSessionIdManager workerName=node0
2022-03-01 14:10:26,421 [Listener at 127.0.0.1/43831] INFO  server.session (DefaultSessionIdManager.java:doStart(339)) - No SessionScavenger set, using defaults
2022-03-01 14:10:26,421 [Listener at 127.0.0.1/43831] INFO  server.session (HouseKeeper.java:startScavenging(132)) - node0 Scavenging every 600000ms
2022-03-01 14:10:26,422 [Listener at 127.0.0.1/43831] INFO  handler.ContextHandler (ContextHandler.java:doStart(915)) - Started o.e.j.s.ServletContextHandler@55cd9734{logs,/logs,file:///home/runner/work/ozone/ozone/hadoop-ozone/integration-test/target/log,AVAILABLE}
2022-03-01 14:10:26,423 [Listener at 127.0.0.1/43831] INFO  handler.ContextHandler (ContextHandler.java:doStart(915)) - Started o.e.j.s.ServletContextHandler@5a32a948{static,/static,file:///home/runner/work/ozone/ozone/hadoop-ozone/integration-test/target/test-classes/webapps/static,AVAILABLE}
2022-03-01 14:10:26,426 [Listener at 127.0.0.1/43831] INFO  handler.ContextHandler (ContextHandler.java:doStart(915)) - Started o.e.j.w.WebAppContext@17416a79{ozoneManager,/,file:///home/runner/work/ozone/ozone/hadoop-ozone/integration-test/target/test-classes/webapps/ozoneManager/,AVAILABLE}{file:/home/runner/work/ozone/ozone/hadoop-ozone/integration-test/target/test-classes/webapps/ozoneManager}
2022-03-01 14:10:26,430 [Listener at 127.0.0.1/43831] INFO  server.AbstractConnector (AbstractConnector.java:doStart(331)) - Started ServerConnector@76f99d4a{HTTP/1.1, (http/1.1)}{0.0.0.0:35085}
2022-03-01 14:10:26,430 [Listener at 127.0.0.1/43831] INFO  server.Server (Server.java:doStart(415)) - Started @290672ms
2022-03-01 14:10:26,430 [Listener at 127.0.0.1/43831] WARN  impl.MetricsSystemImpl (MetricsSystemImpl.java:register(279)) - Sink prometheus already exists!
2022-03-01 14:10:26,431 [Listener at 127.0.0.1/43831] INFO  http.BaseHttpServer (BaseHttpServer.java:updateConnectorAddress(329)) - HTTP server of ozoneManager listening at http://0.0.0.0:35085
2022-03-01 14:10:26,433 [IPC Server Responder] INFO  ipc.Server (Server.java:run(1507)) - IPC Server Responder: starting
2022-03-01 14:10:26,436 [IPC Server listener on 0] INFO  ipc.Server (Server.java:run(1344)) - IPC Server listener on 0: starting
2022-03-01 14:10:26,442 [Listener at 127.0.0.1/43831] INFO  om.TrashPolicyOzone (TrashPolicyOzone.java:<init>(178)) - Ozone Manager trash configuration: Deletion interval = 0 minutes, Emptier interval = 0 minutes.
2022-03-01 14:10:26,461 [org.apache.hadoop.util.JvmPauseMonitor$Monitor@4e22e204] INFO  util.JvmPauseMonitor (JvmPauseMonitor.java:run(188)) - Starting JVM pause monitor
2022-03-01 14:10:26,481 [Listener at 127.0.0.1/43831] WARN  impl.MetricRegistriesImpl (MetricRegistriesImpl.java:addReporterRegistration(111)) - New reporters are added after registries were created. Some metrics will be missing from the reporter. Please add reporter before adding any new registry.
2022-03-01 14:10:26,481 [Listener at 127.0.0.1/43831] WARN  impl.MetricRegistriesImpl (MetricRegistriesImpl.java:addReporterRegistration(111)) - New reporters are added after registries were created. Some metrics will be missing from the reporter. Please add reporter before adding any new registry.
2022-03-01 14:10:26,482 [Listener at 127.0.0.1/43831] INFO  impl.MetricsSystemImpl (MetricsSystemImpl.java:init(158)) - HddsDatanode metrics system started (again)
2022-03-01 14:10:26,494 [Listener at 127.0.0.1/43831] INFO  ozone.HddsDatanodeService (HddsDatanodeService.java:start(233)) - HddsDatanodeService host:fv-az195-209.u3nnjwd0vyge1bu22idnsdeq2e.cx.internal.cloudapp.net ip:10.1.0.24
2022-03-01 14:10:26,575 [Listener at 127.0.0.1/43831] INFO  upgrade.AbstractLayoutVersionManager (AbstractLayoutVersionManager.java:init(79)) - Initializing Layout version manager with metadata layout = SCM_HA (version = 2), software layout = SCM_HA (version = 2)
2022-03-01 14:10:26,719 [Listener at 127.0.0.1/43831] INFO  reflections.Reflections (Reflections.java:scan(232)) - Reflections took 143 ms to scan 7 urls, producing 122 keys and 286 values 
2022-03-01 14:10:26,737 [Listener at 127.0.0.1/43831] INFO  statemachine.DatanodeStateMachine (DatanodeStateMachine.java:getEndPointTaskThreadPoolSize(222)) - Datanode State Machine Task Thread Pool size 2
2022-03-01 14:10:26,753 [Listener at 127.0.0.1/43831] INFO  volume.HddsVolume (HddsVolume.java:<init>(120)) - Creating HddsVolume: /home/runner/work/ozone/ozone/hadoop-ozone/integration-test/target/test-dir/MiniOzoneClusterImpl-eb83c96d-312e-41b9-bb81-21e4280f8c7c/datanode-0/data-0/containers/hdds of storage type : DISK capacity : 9223372036854775807
2022-03-01 14:10:26,754 [Listener at 127.0.0.1/43831] INFO  volume.MutableVolumeSet (MutableVolumeSet.java:initializeVolumeSet(168)) - Added Volume : /home/runner/work/ozone/ozone/hadoop-ozone/integration-test/target/test-dir/MiniOzoneClusterImpl-eb83c96d-312e-41b9-bb81-21e4280f8c7c/datanode-0/data-0/containers/hdds to VolumeSet
2022-03-01 14:10:26,754 [Listener at 127.0.0.1/43831] INFO  volume.ThrottledAsyncChecker (ThrottledAsyncChecker.java:schedule(141)) - Scheduling a check for /home/runner/work/ozone/ozone/hadoop-ozone/integration-test/target/test-dir/MiniOzoneClusterImpl-eb83c96d-312e-41b9-bb81-21e4280f8c7c/datanode-0/data-0/containers/hdds
2022-03-01 14:10:26,774 [Listener at 127.0.0.1/43831] INFO  volume.StorageVolumeChecker (StorageVolumeChecker.java:checkAllVolumes(202)) - Scheduled health check for volume /home/runner/work/ozone/ozone/hadoop-ozone/integration-test/target/test-dir/MiniOzoneClusterImpl-eb83c96d-312e-41b9-bb81-21e4280f8c7c/datanode-0/data-0/containers/hdds
2022-03-01 14:10:26,850 [Listener at 127.0.0.1/43831] INFO  volume.MutableVolumeSet (MutableVolumeSet.java:initializeVolumeSet(168)) - Added Volume : /home/runner/work/ozone/ozone/hadoop-ozone/integration-test/target/test-dir/MiniOzoneClusterImpl-eb83c96d-312e-41b9-bb81-21e4280f8c7c/datanode-0/data/ratis to VolumeSet
2022-03-01 14:10:26,850 [Listener at 127.0.0.1/43831] INFO  volume.ThrottledAsyncChecker (ThrottledAsyncChecker.java:schedule(141)) - Scheduling a check for /home/runner/work/ozone/ozone/hadoop-ozone/integration-test/target/test-dir/MiniOzoneClusterImpl-eb83c96d-312e-41b9-bb81-21e4280f8c7c/datanode-0/data/ratis
2022-03-01 14:10:26,851 [Listener at 127.0.0.1/43831] INFO  volume.StorageVolumeChecker (StorageVolumeChecker.java:checkAllVolumes(202)) - Scheduled health check for volume /home/runner/work/ozone/ozone/hadoop-ozone/integration-test/target/test-dir/MiniOzoneClusterImpl-eb83c96d-312e-41b9-bb81-21e4280f8c7c/datanode-0/data/ratis
2022-03-01 14:10:26,863 [Thread-1740] INFO  ozoneimpl.ContainerReader (ContainerReader.java:readVolume(172)) - Finish verifying containers on volume /home/runner/work/ozone/ozone/hadoop-ozone/integration-test/target/test-dir/MiniOzoneClusterImpl-eb83c96d-312e-41b9-bb81-21e4280f8c7c/datanode-0/data-0/containers/hdds
2022-03-01 14:10:26,864 [Listener at 127.0.0.1/43831] INFO  ozoneimpl.OzoneContainer (OzoneContainer.java:buildContainerSet(257)) - Build ContainerSet costs 0s
2022-03-01 14:10:26,865 [Listener at 127.0.0.1/43831] INFO  server.RaftServer (ConfUtils.java:logGet(44)) - raft.rpc.type = GRPC (default)
2022-03-01 14:10:26,866 [Listener at 127.0.0.1/43831] INFO  grpc.GrpcFactory (GrpcFactory.java:checkPooledByteBufAllocatorUseCacheForAllThreads(48)) - PERFORMANCE WARNING: useCacheForAllThreads is true that may cause Netty to create a lot garbage objects and, as a result, trigger GC.
	It is recommended to disable useCacheForAllThreads by setting -Dorg.apache.ratis.thirdparty.io.netty.allocator.useCacheForAllThreads=false in command line.
2022-03-01 14:10:26,866 [Listener at 127.0.0.1/43831] INFO  grpc.GrpcConfigKeys (ConfUtils.java:logGet(44)) - raft.grpc.admin.port = 0 (custom)
2022-03-01 14:10:26,866 [Listener at 127.0.0.1/43831] INFO  grpc.GrpcConfigKeys (ConfUtils.java:logGet(44)) - raft.grpc.client.port = 0 (custom)
2022-03-01 14:10:26,866 [Listener at 127.0.0.1/43831] INFO  grpc.GrpcConfigKeys (ConfUtils.java:logGet(44)) - raft.grpc.server.port = 0 (default)
2022-03-01 14:10:26,866 [Listener at 127.0.0.1/43831] INFO  server.GrpcService (ConfUtils.java:logGet(44)) - raft.grpc.message.size.max = 32MB (=33554432) (custom)
2022-03-01 14:10:26,866 [Listener at 127.0.0.1/43831] INFO  server.RaftServerConfigKeys (ConfUtils.java:logGet(44)) - raft.server.log.appender.buffer.byte-limit = 33554432 (custom)
2022-03-01 14:10:26,866 [Listener at 127.0.0.1/43831] INFO  server.GrpcService (ConfUtils.java:logGet(44)) - raft.grpc.flow.control.window = 5MB (=5242880) (custom)
2022-03-01 14:10:26,866 [Listener at 127.0.0.1/43831] INFO  server.RaftServerConfigKeys (ConfUtils.java:logGet(44)) - raft.server.rpc.request.timeout = 60s (custom)
2022-03-01 14:10:26,867 [Listener at 127.0.0.1/43831] INFO  impl.DataStreamServerImpl (ConfUtils.java:logGet(44)) - raft.datastream.type = DISABLED (default)
2022-03-01 14:10:26,868 [Listener at 127.0.0.1/43831] INFO  server.RaftServerConfigKeys (ConfUtils.java:logGet(44)) - raft.server.rpc.slowness.timeout = 300s (custom)
2022-03-01 14:10:26,868 [Listener at 127.0.0.1/43831] INFO  server.RaftServerConfigKeys (ConfUtils.java:logGet(44)) - raft.server.leaderelection.leader.step-down.wait-time = 10s (default)
2022-03-01 14:10:26,868 [Listener at 127.0.0.1/43831] INFO  server.RaftServerConfigKeys (ConfUtils.java:logGet(44)) - raft.server.storage.dir = [/home/runner/work/ozone/ozone/hadoop-ozone/integration-test/target/test-dir/MiniOzoneClusterImpl-eb83c96d-312e-41b9-bb81-21e4280f8c7c/datanode-0/data/ratis] (custom)
2022-03-01 14:10:26,870 [Listener at 127.0.0.1/43831] INFO  server.XceiverServerGrpc (XceiverServerGrpc.java:<init>(132)) - GrpcServer channel type EpollServerSocketChannel
2022-03-01 14:10:26,873 [Listener at 127.0.0.1/43831] INFO  http.BaseHttpServer (BaseHttpServer.java:newHttpServer2BuilderForOzone(209)) - Starting Web-server for hddsDatanode at: http://0.0.0.0:0
2022-03-01 14:10:26,873 [Listener at 127.0.0.1/43831] INFO  http.BaseHttpServer (BaseHttpServer.java:<init>(107)) - Hadoop Security Enabled: false Ozone Security Enabled: false Ozone HTTP Security Enabled: false 
2022-03-01 14:10:26,874 [Listener at 127.0.0.1/43831] INFO  server.AuthenticationFilter (AuthenticationFilter.java:constructSecretProvider(240)) - Unable to initialize FileSignerSecretProvider, falling back to use random secrets.
2022-03-01 14:10:26,874 [Listener at 127.0.0.1/43831] WARN  http.HttpRequestLog (HttpRequestLog.java:getRequestLog(103)) - Jetty request log can only be enabled using Log4j
2022-03-01 14:10:26,875 [Listener at 127.0.0.1/43831] INFO  http.HttpServer2 (HttpServer2.java:addGlobalFilter(1030)) - Added global filter 'safety' (class=org.apache.hadoop.hdds.server.http.HttpServer2$QuotingInputFilter)
2022-03-01 14:10:26,875 [Listener at 127.0.0.1/43831] INFO  http.HttpServer2 (HttpServer2.java:addFilter(1006)) - Added filter static_user_filter (class=org.apache.hadoop.http.lib.StaticUserWebFilter$StaticUserFilter) to context hddsDatanode
2022-03-01 14:10:26,876 [Listener at 127.0.0.1/43831] INFO  http.HttpServer2 (HttpServer2.java:addFilter(1014)) - Added filter static_user_filter (class=org.apache.hadoop.http.lib.StaticUserWebFilter$StaticUserFilter) to context logs
2022-03-01 14:10:26,876 [Listener at 127.0.0.1/43831] INFO  http.HttpServer2 (HttpServer2.java:addFilter(1014)) - Added filter static_user_filter (class=org.apache.hadoop.http.lib.StaticUserWebFilter$StaticUserFilter) to context static
2022-03-01 14:10:26,876 [Listener at 127.0.0.1/43831] INFO  http.HttpServer2 (HttpServer2.java:bindListener(1249)) - Jetty bound to port 46085
2022-03-01 14:10:26,876 [Listener at 127.0.0.1/43831] INFO  server.Server (Server.java:doStart(375)) - jetty-9.4.43.v20210629; built: 2021-06-30T11:07:22.254Z; git: 526006ecfa3af7f1a27ef3a288e2bef7ea9dd7e8; jvm 1.8.0_322-b06
2022-03-01 14:10:26,878 [Listener at 127.0.0.1/43831] INFO  server.session (DefaultSessionIdManager.java:doStart(334)) - DefaultSessionIdManager workerName=node0
2022-03-01 14:10:26,878 [Listener at 127.0.0.1/43831] INFO  server.session (DefaultSessionIdManager.java:doStart(339)) - No SessionScavenger set, using defaults
2022-03-01 14:10:26,878 [Listener at 127.0.0.1/43831] INFO  server.session (HouseKeeper.java:startScavenging(132)) - node0 Scavenging every 660000ms
2022-03-01 14:10:26,879 [Listener at 127.0.0.1/43831] INFO  handler.ContextHandler (ContextHandler.java:doStart(915)) - Started o.e.j.s.ServletContextHandler@20ce9d1c{logs,/logs,file:///home/runner/work/ozone/ozone/hadoop-ozone/integration-test/target/log,AVAILABLE}
2022-03-01 14:10:26,880 [Listener at 127.0.0.1/43831] INFO  handler.ContextHandler (ContextHandler.java:doStart(915)) - Started o.e.j.s.ServletContextHandler@77045c4{static,/static,jar:file:/home/runner/.m2/repository/org/apache/ozone/hdds-container-service/1.3.0-SNAPSHOT/hdds-container-service-1.3.0-SNAPSHOT.jar!/webapps/static,AVAILABLE}
2022-03-01 14:10:26,975 [Listener at 127.0.0.1/43831] INFO  handler.ContextHandler (ContextHandler.java:doStart(915)) - Started o.e.j.w.WebAppContext@6287533d{hddsDatanode,/,file:///tmp/jetty-0_0_0_0-46085-hdds-container-service-1_3_0-SNAPSHOT_jar-_-any-7830069007055574709/webapp/,AVAILABLE}{jar:file:/home/runner/.m2/repository/org/apache/ozone/hdds-container-service/1.3.0-SNAPSHOT/hdds-container-service-1.3.0-SNAPSHOT.jar!/webapps/hddsDatanode}
2022-03-01 14:10:26,976 [Listener at 127.0.0.1/43831] INFO  server.AbstractConnector (AbstractConnector.java:doStart(331)) - Started ServerConnector@42294ce4{HTTP/1.1, (http/1.1)}{0.0.0.0:46085}
2022-03-01 14:10:26,977 [Listener at 127.0.0.1/43831] INFO  server.Server (Server.java:doStart(415)) - Started @291219ms
2022-03-01 14:10:26,977 [Listener at 127.0.0.1/43831] WARN  impl.MetricsSystemImpl (MetricsSystemImpl.java:register(279)) - Sink prometheus already exists!
2022-03-01 14:10:26,977 [Listener at 127.0.0.1/43831] INFO  http.BaseHttpServer (BaseHttpServer.java:updateConnectorAddress(329)) - HTTP server of hddsDatanode listening at http://0.0.0.0:46085
2022-03-01 14:10:26,978 [Listener at 127.0.0.1/43831] WARN  impl.MetricRegistriesImpl (MetricRegistriesImpl.java:addReporterRegistration(111)) - New reporters are added after registries were created. Some metrics will be missing from the reporter. Please add reporter before adding any new registry.
2022-03-01 14:10:26,978 [Listener at 127.0.0.1/43831] WARN  impl.MetricRegistriesImpl (MetricRegistriesImpl.java:addReporterRegistration(111)) - New reporters are added after registries were created. Some metrics will be missing from the reporter. Please add reporter before adding any new registry.
2022-03-01 14:10:26,978 [Listener at 127.0.0.1/43831] INFO  impl.MetricsSystemImpl (MetricsSystemImpl.java:init(158)) - HddsDatanode metrics system started (again)
2022-03-01 14:10:26,988 [Datanode State Machine Daemon Thread] INFO  statemachine.DatanodeStateMachine (DatanodeStateMachine.java:lambda$startDaemon$0(470)) - Ozone container server started.
2022-03-01 14:10:27,031 [org.apache.hadoop.util.JvmPauseMonitor$Monitor@b570df7] INFO  util.JvmPauseMonitor (JvmPauseMonitor.java:run(188)) - Starting JVM pause monitor
2022-03-01 14:10:27,055 [Listener at 127.0.0.1/43831] INFO  ozone.HddsDatanodeService (HddsDatanodeService.java:start(233)) - HddsDatanodeService host:fv-az195-209.u3nnjwd0vyge1bu22idnsdeq2e.cx.internal.cloudapp.net ip:10.1.0.24
2022-03-01 14:10:27,057 [Datanode State Machine Task Thread - 0] INFO  datanode.InitDatanodeState (InitDatanodeState.java:persistContainerDatanodeDetails(138)) - DatanodeDetails is persisted to /home/runner/work/ozone/ozone/hadoop-ozone/integration-test/target/test-dir/MiniOzoneClusterImpl-eb83c96d-312e-41b9-bb81-21e4280f8c7c/datanode-0/meta/datanode.id
2022-03-01 14:10:27,111 [Listener at 127.0.0.1/43831] INFO  upgrade.AbstractLayoutVersionManager (AbstractLayoutVersionManager.java:init(79)) - Initializing Layout version manager with metadata layout = SCM_HA (version = 2), software layout = SCM_HA (version = 2)
2022-03-01 14:10:27,229 [Listener at 127.0.0.1/43831] INFO  reflections.Reflections (Reflections.java:scan(232)) - Reflections took 117 ms to scan 7 urls, producing 122 keys and 286 values 
2022-03-01 14:10:27,232 [Listener at 127.0.0.1/43831] INFO  statemachine.DatanodeStateMachine (DatanodeStateMachine.java:getEndPointTaskThreadPoolSize(222)) - Datanode State Machine Task Thread Pool size 2
2022-03-01 14:10:27,233 [Listener at 127.0.0.1/43831] INFO  volume.HddsVolume (HddsVolume.java:<init>(120)) - Creating HddsVolume: /home/runner/work/ozone/ozone/hadoop-ozone/integration-test/target/test-dir/MiniOzoneClusterImpl-eb83c96d-312e-41b9-bb81-21e4280f8c7c/datanode-1/data-0/containers/hdds of storage type : DISK capacity : 9223372036854775807
2022-03-01 14:10:27,233 [Listener at 127.0.0.1/43831] INFO  volume.MutableVolumeSet (MutableVolumeSet.java:initializeVolumeSet(168)) - Added Volume : /home/runner/work/ozone/ozone/hadoop-ozone/integration-test/target/test-dir/MiniOzoneClusterImpl-eb83c96d-312e-41b9-bb81-21e4280f8c7c/datanode-1/data-0/containers/hdds to VolumeSet
2022-03-01 14:10:27,233 [Listener at 127.0.0.1/43831] INFO  volume.ThrottledAsyncChecker (ThrottledAsyncChecker.java:schedule(141)) - Scheduling a check for /home/runner/work/ozone/ozone/hadoop-ozone/integration-test/target/test-dir/MiniOzoneClusterImpl-eb83c96d-312e-41b9-bb81-21e4280f8c7c/datanode-1/data-0/containers/hdds
2022-03-01 14:10:27,234 [Listener at 127.0.0.1/43831] INFO  volume.StorageVolumeChecker (StorageVolumeChecker.java:checkAllVolumes(202)) - Scheduled health check for volume /home/runner/work/ozone/ozone/hadoop-ozone/integration-test/target/test-dir/MiniOzoneClusterImpl-eb83c96d-312e-41b9-bb81-21e4280f8c7c/datanode-1/data-0/containers/hdds
2022-03-01 14:10:27,256 [Listener at 127.0.0.1/43831] INFO  volume.MutableVolumeSet (MutableVolumeSet.java:initializeVolumeSet(168)) - Added Volume : /home/runner/work/ozone/ozone/hadoop-ozone/integration-test/target/test-dir/MiniOzoneClusterImpl-eb83c96d-312e-41b9-bb81-21e4280f8c7c/datanode-1/data/ratis to VolumeSet
2022-03-01 14:10:27,257 [Listener at 127.0.0.1/43831] INFO  volume.ThrottledAsyncChecker (ThrottledAsyncChecker.java:schedule(141)) - Scheduling a check for /home/runner/work/ozone/ozone/hadoop-ozone/integration-test/target/test-dir/MiniOzoneClusterImpl-eb83c96d-312e-41b9-bb81-21e4280f8c7c/datanode-1/data/ratis
2022-03-01 14:10:27,257 [Listener at 127.0.0.1/43831] INFO  volume.StorageVolumeChecker (StorageVolumeChecker.java:checkAllVolumes(202)) - Scheduled health check for volume /home/runner/work/ozone/ozone/hadoop-ozone/integration-test/target/test-dir/MiniOzoneClusterImpl-eb83c96d-312e-41b9-bb81-21e4280f8c7c/datanode-1/data/ratis
2022-03-01 14:10:27,307 [Thread-1752] INFO  ozoneimpl.ContainerReader (ContainerReader.java:readVolume(172)) - Finish verifying containers on volume /home/runner/work/ozone/ozone/hadoop-ozone/integration-test/target/test-dir/MiniOzoneClusterImpl-eb83c96d-312e-41b9-bb81-21e4280f8c7c/datanode-1/data-0/containers/hdds
2022-03-01 14:10:27,307 [Listener at 127.0.0.1/43831] INFO  ozoneimpl.OzoneContainer (OzoneContainer.java:buildContainerSet(257)) - Build ContainerSet costs 0s
2022-03-01 14:10:27,318 [Listener at 127.0.0.1/43831] INFO  server.RaftServer (ConfUtils.java:logGet(44)) - raft.rpc.type = GRPC (default)
2022-03-01 14:10:27,318 [Listener at 127.0.0.1/43831] INFO  grpc.GrpcFactory (GrpcFactory.java:checkPooledByteBufAllocatorUseCacheForAllThreads(48)) - PERFORMANCE WARNING: useCacheForAllThreads is true that may cause Netty to create a lot garbage objects and, as a result, trigger GC.
	It is recommended to disable useCacheForAllThreads by setting -Dorg.apache.ratis.thirdparty.io.netty.allocator.useCacheForAllThreads=false in command line.
2022-03-01 14:10:27,321 [Listener at 127.0.0.1/43831] INFO  grpc.GrpcConfigKeys (ConfUtils.java:logGet(44)) - raft.grpc.admin.port = 0 (custom)
2022-03-01 14:10:27,321 [Listener at 127.0.0.1/43831] INFO  grpc.GrpcConfigKeys (ConfUtils.java:logGet(44)) - raft.grpc.client.port = 0 (custom)
2022-03-01 14:10:27,321 [Listener at 127.0.0.1/43831] INFO  grpc.GrpcConfigKeys (ConfUtils.java:logGet(44)) - raft.grpc.server.port = 0 (default)
2022-03-01 14:10:27,321 [Listener at 127.0.0.1/43831] INFO  server.GrpcService (ConfUtils.java:logGet(44)) - raft.grpc.message.size.max = 32MB (=33554432) (custom)
2022-03-01 14:10:27,322 [Listener at 127.0.0.1/43831] INFO  server.RaftServerConfigKeys (ConfUtils.java:logGet(44)) - raft.server.log.appender.buffer.byte-limit = 33554432 (custom)
2022-03-01 14:10:27,322 [Listener at 127.0.0.1/43831] INFO  server.GrpcService (ConfUtils.java:logGet(44)) - raft.grpc.flow.control.window = 5MB (=5242880) (custom)
2022-03-01 14:10:27,322 [Listener at 127.0.0.1/43831] INFO  server.RaftServerConfigKeys (ConfUtils.java:logGet(44)) - raft.server.rpc.request.timeout = 60s (custom)
2022-03-01 14:10:27,323 [Listener at 127.0.0.1/43831] INFO  impl.DataStreamServerImpl (ConfUtils.java:logGet(44)) - raft.datastream.type = DISABLED (default)
2022-03-01 14:10:27,323 [Listener at 127.0.0.1/43831] INFO  server.RaftServerConfigKeys (ConfUtils.java:logGet(44)) - raft.server.rpc.slowness.timeout = 300s (custom)
2022-03-01 14:10:27,323 [Listener at 127.0.0.1/43831] INFO  server.RaftServerConfigKeys (ConfUtils.java:logGet(44)) - raft.server.leaderelection.leader.step-down.wait-time = 10s (default)
2022-03-01 14:10:27,324 [Listener at 127.0.0.1/43831] INFO  server.RaftServerConfigKeys (ConfUtils.java:logGet(44)) - raft.server.storage.dir = [/home/runner/work/ozone/ozone/hadoop-ozone/integration-test/target/test-dir/MiniOzoneClusterImpl-eb83c96d-312e-41b9-bb81-21e4280f8c7c/datanode-1/data/ratis] (custom)
2022-03-01 14:10:27,325 [Listener at 127.0.0.1/43831] INFO  server.XceiverServerGrpc (XceiverServerGrpc.java:<init>(132)) - GrpcServer channel type EpollServerSocketChannel
2022-03-01 14:10:27,330 [Listener at 127.0.0.1/43831] INFO  http.BaseHttpServer (BaseHttpServer.java:newHttpServer2BuilderForOzone(209)) - Starting Web-server for hddsDatanode at: http://0.0.0.0:0
2022-03-01 14:10:27,330 [Listener at 127.0.0.1/43831] INFO  http.BaseHttpServer (BaseHttpServer.java:<init>(107)) - Hadoop Security Enabled: false Ozone Security Enabled: false Ozone HTTP Security Enabled: false 
2022-03-01 14:10:27,331 [Listener at 127.0.0.1/43831] INFO  server.AuthenticationFilter (AuthenticationFilter.java:constructSecretProvider(240)) - Unable to initialize FileSignerSecretProvider, falling back to use random secrets.
2022-03-01 14:10:27,337 [Listener at 127.0.0.1/43831] WARN  http.HttpRequestLog (HttpRequestLog.java:getRequestLog(103)) - Jetty request log can only be enabled using Log4j
2022-03-01 14:10:27,346 [Listener at 127.0.0.1/43831] INFO  http.HttpServer2 (HttpServer2.java:addGlobalFilter(1030)) - Added global filter 'safety' (class=org.apache.hadoop.hdds.server.http.HttpServer2$QuotingInputFilter)
2022-03-01 14:10:27,347 [Listener at 127.0.0.1/43831] INFO  http.HttpServer2 (HttpServer2.java:addFilter(1006)) - Added filter static_user_filter (class=org.apache.hadoop.http.lib.StaticUserWebFilter$StaticUserFilter) to context hddsDatanode
2022-03-01 14:10:27,347 [Listener at 127.0.0.1/43831] INFO  http.HttpServer2 (HttpServer2.java:addFilter(1014)) - Added filter static_user_filter (class=org.apache.hadoop.http.lib.StaticUserWebFilter$StaticUserFilter) to context logs
2022-03-01 14:10:27,347 [Listener at 127.0.0.1/43831] INFO  http.HttpServer2 (HttpServer2.java:addFilter(1014)) - Added filter static_user_filter (class=org.apache.hadoop.http.lib.StaticUserWebFilter$StaticUserFilter) to context static
2022-03-01 14:10:27,348 [Listener at 127.0.0.1/43831] INFO  http.HttpServer2 (HttpServer2.java:bindListener(1249)) - Jetty bound to port 37691
2022-03-01 14:10:27,348 [Listener at 127.0.0.1/43831] INFO  server.Server (Server.java:doStart(375)) - jetty-9.4.43.v20210629; built: 2021-06-30T11:07:22.254Z; git: 526006ecfa3af7f1a27ef3a288e2bef7ea9dd7e8; jvm 1.8.0_322-b06
2022-03-01 14:10:27,352 [Listener at 127.0.0.1/43831] INFO  server.session (DefaultSessionIdManager.java:doStart(334)) - DefaultSessionIdManager workerName=node0
2022-03-01 14:10:27,353 [Listener at 127.0.0.1/43831] INFO  server.session (DefaultSessionIdManager.java:doStart(339)) - No SessionScavenger set, using defaults
2022-03-01 14:10:27,353 [Listener at 127.0.0.1/43831] INFO  server.session (HouseKeeper.java:startScavenging(132)) - node0 Scavenging every 600000ms
2022-03-01 14:10:27,354 [Listener at 127.0.0.1/43831] INFO  handler.ContextHandler (ContextHandler.java:doStart(915)) - Started o.e.j.s.ServletContextHandler@22dd4c4f{logs,/logs,file:///home/runner/work/ozone/ozone/hadoop-ozone/integration-test/target/log,AVAILABLE}
2022-03-01 14:10:27,354 [Listener at 127.0.0.1/43831] INFO  handler.ContextHandler (ContextHandler.java:doStart(915)) - Started o.e.j.s.ServletContextHandler@1585bd5{static,/static,jar:file:/home/runner/.m2/repository/org/apache/ozone/hdds-container-service/1.3.0-SNAPSHOT/hdds-container-service-1.3.0-SNAPSHOT.jar!/webapps/static,AVAILABLE}
2022-03-01 14:10:27,514 [Listener at 127.0.0.1/43831] INFO  handler.ContextHandler (ContextHandler.java:doStart(915)) - Started o.e.j.w.WebAppContext@81eba6b{hddsDatanode,/,file:///tmp/jetty-0_0_0_0-37691-hdds-container-service-1_3_0-SNAPSHOT_jar-_-any-1284019552986698646/webapp/,AVAILABLE}{jar:file:/home/runner/.m2/repository/org/apache/ozone/hdds-container-service/1.3.0-SNAPSHOT/hdds-container-service-1.3.0-SNAPSHOT.jar!/webapps/hddsDatanode}
2022-03-01 14:10:27,550 [Listener at 127.0.0.1/43831] INFO  server.AbstractConnector (AbstractConnector.java:doStart(331)) - Started ServerConnector@24cca986{HTTP/1.1, (http/1.1)}{0.0.0.0:37691}
2022-03-01 14:10:27,551 [Listener at 127.0.0.1/43831] INFO  server.Server (Server.java:doStart(415)) - Started @291793ms
2022-03-01 14:10:27,551 [Listener at 127.0.0.1/43831] WARN  impl.MetricsSystemImpl (MetricsSystemImpl.java:register(279)) - Sink prometheus already exists!
2022-03-01 14:10:27,560 [Listener at 127.0.0.1/43831] INFO  http.BaseHttpServer (BaseHttpServer.java:updateConnectorAddress(329)) - HTTP server of hddsDatanode listening at http://0.0.0.0:37691
2022-03-01 14:10:27,577 [Listener at 127.0.0.1/43831] WARN  impl.MetricRegistriesImpl (MetricRegistriesImpl.java:addReporterRegistration(111)) - New reporters are added after registries were created. Some metrics will be missing from the reporter. Please add reporter before adding any new registry.
2022-03-01 14:10:27,577 [Listener at 127.0.0.1/43831] WARN  impl.MetricRegistriesImpl (MetricRegistriesImpl.java:addReporterRegistration(111)) - New reporters are added after registries were created. Some metrics will be missing from the reporter. Please add reporter before adding any new registry.
2022-03-01 14:10:27,577 [Listener at 127.0.0.1/43831] INFO  impl.MetricsSystemImpl (MetricsSystemImpl.java:init(158)) - HddsDatanode metrics system started (again)
2022-03-01 14:10:27,581 [Datanode State Machine Daemon Thread] INFO  statemachine.DatanodeStateMachine (DatanodeStateMachine.java:lambda$startDaemon$0(470)) - Ozone container server started.
2022-03-01 14:10:27,670 [org.apache.hadoop.util.JvmPauseMonitor$Monitor@1c42e5fd] INFO  util.JvmPauseMonitor (JvmPauseMonitor.java:run(188)) - Starting JVM pause monitor
2022-03-01 14:10:27,689 [Datanode State Machine Task Thread - 0] INFO  datanode.InitDatanodeState (InitDatanodeState.java:persistContainerDatanodeDetails(138)) - DatanodeDetails is persisted to /home/runner/work/ozone/ozone/hadoop-ozone/integration-test/target/test-dir/MiniOzoneClusterImpl-eb83c96d-312e-41b9-bb81-21e4280f8c7c/datanode-1/meta/datanode.id
2022-03-01 14:10:27,705 [Listener at 127.0.0.1/43831] INFO  ozone.HddsDatanodeService (HddsDatanodeService.java:start(233)) - HddsDatanodeService host:fv-az195-209.u3nnjwd0vyge1bu22idnsdeq2e.cx.internal.cloudapp.net ip:10.1.0.24
2022-03-01 14:10:27,780 [Listener at 127.0.0.1/43831] INFO  upgrade.AbstractLayoutVersionManager (AbstractLayoutVersionManager.java:init(79)) - Initializing Layout version manager with metadata layout = SCM_HA (version = 2), software layout = SCM_HA (version = 2)
2022-03-01 14:10:27,907 [Listener at 127.0.0.1/43831] INFO  reflections.Reflections (Reflections.java:scan(232)) - Reflections took 117 ms to scan 7 urls, producing 122 keys and 286 values 
2022-03-01 14:10:27,933 [Listener at 127.0.0.1/43831] INFO  statemachine.DatanodeStateMachine (DatanodeStateMachine.java:getEndPointTaskThreadPoolSize(222)) - Datanode State Machine Task Thread Pool size 2
2022-03-01 14:10:27,957 [Listener at 127.0.0.1/43831] INFO  volume.HddsVolume (HddsVolume.java:<init>(120)) - Creating HddsVolume: /home/runner/work/ozone/ozone/hadoop-ozone/integration-test/target/test-dir/MiniOzoneClusterImpl-eb83c96d-312e-41b9-bb81-21e4280f8c7c/datanode-2/data-0/containers/hdds of storage type : DISK capacity : 9223372036854775807
2022-03-01 14:10:27,958 [Listener at 127.0.0.1/43831] INFO  volume.MutableVolumeSet (MutableVolumeSet.java:initializeVolumeSet(168)) - Added Volume : /home/runner/work/ozone/ozone/hadoop-ozone/integration-test/target/test-dir/MiniOzoneClusterImpl-eb83c96d-312e-41b9-bb81-21e4280f8c7c/datanode-2/data-0/containers/hdds to VolumeSet
2022-03-01 14:10:27,958 [Listener at 127.0.0.1/43831] INFO  volume.ThrottledAsyncChecker (ThrottledAsyncChecker.java:schedule(141)) - Scheduling a check for /home/runner/work/ozone/ozone/hadoop-ozone/integration-test/target/test-dir/MiniOzoneClusterImpl-eb83c96d-312e-41b9-bb81-21e4280f8c7c/datanode-2/data-0/containers/hdds
2022-03-01 14:10:27,969 [Listener at 127.0.0.1/43831] INFO  volume.StorageVolumeChecker (StorageVolumeChecker.java:checkAllVolumes(202)) - Scheduled health check for volume /home/runner/work/ozone/ozone/hadoop-ozone/integration-test/target/test-dir/MiniOzoneClusterImpl-eb83c96d-312e-41b9-bb81-21e4280f8c7c/datanode-2/data-0/containers/hdds
2022-03-01 14:10:27,986 [Listener at 127.0.0.1/43831] INFO  volume.MutableVolumeSet (MutableVolumeSet.java:initializeVolumeSet(168)) - Added Volume : /home/runner/work/ozone/ozone/hadoop-ozone/integration-test/target/test-dir/MiniOzoneClusterImpl-eb83c96d-312e-41b9-bb81-21e4280f8c7c/datanode-2/data/ratis to VolumeSet
2022-03-01 14:10:27,986 [Listener at 127.0.0.1/43831] INFO  volume.ThrottledAsyncChecker (ThrottledAsyncChecker.java:schedule(141)) - Scheduling a check for /home/runner/work/ozone/ozone/hadoop-ozone/integration-test/target/test-dir/MiniOzoneClusterImpl-eb83c96d-312e-41b9-bb81-21e4280f8c7c/datanode-2/data/ratis
2022-03-01 14:10:27,986 [Listener at 127.0.0.1/43831] INFO  volume.StorageVolumeChecker (StorageVolumeChecker.java:checkAllVolumes(202)) - Scheduled health check for volume /home/runner/work/ozone/ozone/hadoop-ozone/integration-test/target/test-dir/MiniOzoneClusterImpl-eb83c96d-312e-41b9-bb81-21e4280f8c7c/datanode-2/data/ratis
2022-03-01 14:10:28,039 [Thread-1764] INFO  ozoneimpl.ContainerReader (ContainerReader.java:readVolume(172)) - Finish verifying containers on volume /home/runner/work/ozone/ozone/hadoop-ozone/integration-test/target/test-dir/MiniOzoneClusterImpl-eb83c96d-312e-41b9-bb81-21e4280f8c7c/datanode-2/data-0/containers/hdds
2022-03-01 14:10:28,039 [Listener at 127.0.0.1/43831] INFO  ozoneimpl.OzoneContainer (OzoneContainer.java:buildContainerSet(257)) - Build ContainerSet costs 0s
2022-03-01 14:10:28,049 [Listener at 127.0.0.1/43831] INFO  server.RaftServer (ConfUtils.java:logGet(44)) - raft.rpc.type = GRPC (default)
2022-03-01 14:10:28,049 [Listener at 127.0.0.1/43831] INFO  grpc.GrpcFactory (GrpcFactory.java:checkPooledByteBufAllocatorUseCacheForAllThreads(48)) - PERFORMANCE WARNING: useCacheForAllThreads is true that may cause Netty to create a lot garbage objects and, as a result, trigger GC.
	It is recommended to disable useCacheForAllThreads by setting -Dorg.apache.ratis.thirdparty.io.netty.allocator.useCacheForAllThreads=false in command line.
2022-03-01 14:10:28,049 [Listener at 127.0.0.1/43831] INFO  grpc.GrpcConfigKeys (ConfUtils.java:logGet(44)) - raft.grpc.admin.port = 0 (custom)
2022-03-01 14:10:28,050 [Listener at 127.0.0.1/43831] INFO  grpc.GrpcConfigKeys (ConfUtils.java:logGet(44)) - raft.grpc.client.port = 0 (custom)
2022-03-01 14:10:28,050 [Listener at 127.0.0.1/43831] INFO  grpc.GrpcConfigKeys (ConfUtils.java:logGet(44)) - raft.grpc.server.port = 0 (default)
2022-03-01 14:10:28,050 [Listener at 127.0.0.1/43831] INFO  server.GrpcService (ConfUtils.java:logGet(44)) - raft.grpc.message.size.max = 32MB (=33554432) (custom)
2022-03-01 14:10:28,050 [Listener at 127.0.0.1/43831] INFO  server.RaftServerConfigKeys (ConfUtils.java:logGet(44)) - raft.server.log.appender.buffer.byte-limit = 33554432 (custom)
2022-03-01 14:10:28,050 [Listener at 127.0.0.1/43831] INFO  server.GrpcService (ConfUtils.java:logGet(44)) - raft.grpc.flow.control.window = 5MB (=5242880) (custom)
2022-03-01 14:10:28,050 [Listener at 127.0.0.1/43831] INFO  server.RaftServerConfigKeys (ConfUtils.java:logGet(44)) - raft.server.rpc.request.timeout = 60s (custom)
2022-03-01 14:10:28,051 [Listener at 127.0.0.1/43831] INFO  impl.DataStreamServerImpl (ConfUtils.java:logGet(44)) - raft.datastream.type = DISABLED (default)
2022-03-01 14:10:28,052 [Listener at 127.0.0.1/43831] INFO  server.RaftServerConfigKeys (ConfUtils.java:logGet(44)) - raft.server.rpc.slowness.timeout = 300s (custom)
2022-03-01 14:10:28,052 [Listener at 127.0.0.1/43831] INFO  server.RaftServerConfigKeys (ConfUtils.java:logGet(44)) - raft.server.leaderelection.leader.step-down.wait-time = 10s (default)
2022-03-01 14:10:28,052 [Listener at 127.0.0.1/43831] INFO  server.RaftServerConfigKeys (ConfUtils.java:logGet(44)) - raft.server.storage.dir = [/home/runner/work/ozone/ozone/hadoop-ozone/integration-test/target/test-dir/MiniOzoneClusterImpl-eb83c96d-312e-41b9-bb81-21e4280f8c7c/datanode-2/data/ratis] (custom)
2022-03-01 14:10:28,085 [Listener at 127.0.0.1/43831] INFO  server.XceiverServerGrpc (XceiverServerGrpc.java:<init>(132)) - GrpcServer channel type EpollServerSocketChannel
2022-03-01 14:10:28,109 [Listener at 127.0.0.1/43831] INFO  http.BaseHttpServer (BaseHttpServer.java:newHttpServer2BuilderForOzone(209)) - Starting Web-server for hddsDatanode at: http://0.0.0.0:0
2022-03-01 14:10:28,109 [Listener at 127.0.0.1/43831] INFO  http.BaseHttpServer (BaseHttpServer.java:<init>(107)) - Hadoop Security Enabled: false Ozone Security Enabled: false Ozone HTTP Security Enabled: false 
2022-03-01 14:10:28,110 [Listener at 127.0.0.1/43831] INFO  server.AuthenticationFilter (AuthenticationFilter.java:constructSecretProvider(240)) - Unable to initialize FileSignerSecretProvider, falling back to use random secrets.
2022-03-01 14:10:28,118 [Listener at 127.0.0.1/43831] WARN  http.HttpRequestLog (HttpRequestLog.java:getRequestLog(103)) - Jetty request log can only be enabled using Log4j
2022-03-01 14:10:28,119 [Listener at 127.0.0.1/43831] INFO  http.HttpServer2 (HttpServer2.java:addGlobalFilter(1030)) - Added global filter 'safety' (class=org.apache.hadoop.hdds.server.http.HttpServer2$QuotingInputFilter)
2022-03-01 14:10:28,125 [Listener at 127.0.0.1/43831] INFO  http.HttpServer2 (HttpServer2.java:addFilter(1006)) - Added filter static_user_filter (class=org.apache.hadoop.http.lib.StaticUserWebFilter$StaticUserFilter) to context hddsDatanode
2022-03-01 14:10:28,125 [Listener at 127.0.0.1/43831] INFO  http.HttpServer2 (HttpServer2.java:addFilter(1014)) - Added filter static_user_filter (class=org.apache.hadoop.http.lib.StaticUserWebFilter$StaticUserFilter) to context static
2022-03-01 14:10:28,126 [Listener at 127.0.0.1/43831] INFO  http.HttpServer2 (HttpServer2.java:addFilter(1014)) - Added filter static_user_filter (class=org.apache.hadoop.http.lib.StaticUserWebFilter$StaticUserFilter) to context logs
2022-03-01 14:10:28,126 [Listener at 127.0.0.1/43831] INFO  http.HttpServer2 (HttpServer2.java:bindListener(1249)) - Jetty bound to port 43981
2022-03-01 14:10:28,126 [Listener at 127.0.0.1/43831] INFO  server.Server (Server.java:doStart(375)) - jetty-9.4.43.v20210629; built: 2021-06-30T11:07:22.254Z; git: 526006ecfa3af7f1a27ef3a288e2bef7ea9dd7e8; jvm 1.8.0_322-b06
2022-03-01 14:10:28,160 [Listener at 127.0.0.1/43831] INFO  server.session (DefaultSessionIdManager.java:doStart(334)) - DefaultSessionIdManager workerName=node0
2022-03-01 14:10:28,161 [Listener at 127.0.0.1/43831] INFO  server.session (DefaultSessionIdManager.java:doStart(339)) - No SessionScavenger set, using defaults
2022-03-01 14:10:28,161 [Listener at 127.0.0.1/43831] INFO  server.session (HouseKeeper.java:startScavenging(132)) - node0 Scavenging every 600000ms
2022-03-01 14:10:28,176 [Listener at 127.0.0.1/43831] INFO  handler.ContextHandler (ContextHandler.java:doStart(915)) - Started o.e.j.s.ServletContextHandler@2367390f{logs,/logs,file:///home/runner/work/ozone/ozone/hadoop-ozone/integration-test/target/log,AVAILABLE}
2022-03-01 14:10:28,176 [Listener at 127.0.0.1/43831] INFO  handler.ContextHandler (ContextHandler.java:doStart(915)) - Started o.e.j.s.ServletContextHandler@e63d8d0{static,/static,jar:file:/home/runner/.m2/repository/org/apache/ozone/hdds-container-service/1.3.0-SNAPSHOT/hdds-container-service-1.3.0-SNAPSHOT.jar!/webapps/static,AVAILABLE}
2022-03-01 14:10:28,336 [Listener at 127.0.0.1/43831] INFO  handler.ContextHandler (ContextHandler.java:doStart(915)) - Started o.e.j.w.WebAppContext@72e29c3d{hddsDatanode,/,file:///tmp/jetty-0_0_0_0-43981-hdds-container-service-1_3_0-SNAPSHOT_jar-_-any-6227386488621119421/webapp/,AVAILABLE}{jar:file:/home/runner/.m2/repository/org/apache/ozone/hdds-container-service/1.3.0-SNAPSHOT/hdds-container-service-1.3.0-SNAPSHOT.jar!/webapps/hddsDatanode}
2022-03-01 14:10:28,365 [Listener at 127.0.0.1/43831] INFO  server.AbstractConnector (AbstractConnector.java:doStart(331)) - Started ServerConnector@29e66bc1{HTTP/1.1, (http/1.1)}{0.0.0.0:43981}
2022-03-01 14:10:28,365 [Listener at 127.0.0.1/43831] INFO  server.Server (Server.java:doStart(415)) - Started @292607ms
2022-03-01 14:10:28,365 [Listener at 127.0.0.1/43831] WARN  impl.MetricsSystemImpl (MetricsSystemImpl.java:register(279)) - Sink prometheus already exists!
2022-03-01 14:10:28,366 [Listener at 127.0.0.1/43831] INFO  http.BaseHttpServer (BaseHttpServer.java:updateConnectorAddress(329)) - HTTP server of hddsDatanode listening at http://0.0.0.0:43981
2022-03-01 14:10:28,369 [Listener at 127.0.0.1/43831] INFO  ozone.MiniOzoneClusterImpl (MiniOzoneClusterImpl.java:lambda$waitForClusterToBeReady$0(219)) - Waiting for nodes to be ready. Got 0 of 3 DN Heartbeats.
2022-03-01 14:10:28,372 [Listener at 127.0.0.1/43831] INFO  ozone.MiniOzoneClusterImpl (MiniOzoneClusterImpl.java:lambda$waitForClusterToBeReady$0(222)) - Waiting for cluster to exit safe mode
2022-03-01 14:10:28,373 [Listener at 127.0.0.1/43831] INFO  ozone.MiniOzoneClusterImpl (MiniOzoneClusterImpl.java:lambda$waitForClusterToBeReady$0(224)) - SCM became leader
2022-03-01 14:10:28,385 [Datanode State Machine Daemon Thread] INFO  statemachine.DatanodeStateMachine (DatanodeStateMachine.java:lambda$startDaemon$0(470)) - Ozone container server started.
2022-03-01 14:10:28,429 [org.apache.hadoop.util.JvmPauseMonitor$Monitor@1a1a3eb8] INFO  util.JvmPauseMonitor (JvmPauseMonitor.java:run(188)) - Starting JVM pause monitor
2022-03-01 14:10:28,442 [Datanode State Machine Task Thread - 0] INFO  datanode.InitDatanodeState (InitDatanodeState.java:persistContainerDatanodeDetails(138)) - DatanodeDetails is persisted to /home/runner/work/ozone/ozone/hadoop-ozone/integration-test/target/test-dir/MiniOzoneClusterImpl-eb83c96d-312e-41b9-bb81-21e4280f8c7c/datanode-2/meta/datanode.id
2022-03-01 14:10:29,111 [EndpointStateMachine task thread for /0.0.0.0:37107 - 0 ] INFO  ozoneimpl.OzoneContainer (OzoneContainer.java:start(335)) - Attempting to start container services.
2022-03-01 14:10:29,111 [EndpointStateMachine task thread for /0.0.0.0:37107 - 0 ] INFO  ozoneimpl.OzoneContainer (OzoneContainer.java:startContainerScrub(270)) - Background container scanner has been disabled.
2022-03-01 14:10:29,112 [EndpointStateMachine task thread for /0.0.0.0:37107 - 0 ] INFO  replication.ReplicationServer (ReplicationServer.java:start(111)) - ReplicationServer is started using port 37463
2022-03-01 14:10:29,113 [EndpointStateMachine task thread for /0.0.0.0:37107 - 0 ] INFO  ratis.XceiverServerRatis (XceiverServerRatis.java:start(485)) - Starting XceiverServerRatis bacbce02-2d3c-4c38-b1ae-00a91a518d9a
2022-03-01 14:10:29,128 [EndpointStateMachine task thread for /0.0.0.0:37107 - 0 ] INFO  server.RaftServer (RaftServerProxy.java:lambda$start$5(374)) - bacbce02-2d3c-4c38-b1ae-00a91a518d9a: start RPC server
2022-03-01 14:10:29,129 [EndpointStateMachine task thread for /0.0.0.0:37107 - 0 ] INFO  server.GrpcService (GrpcService.java:startImpl(253)) - bacbce02-2d3c-4c38-b1ae-00a91a518d9a: GrpcService started, listening on 45207
2022-03-01 14:10:29,137 [EndpointStateMachine task thread for /0.0.0.0:37107 - 0 ] INFO  ratis.XceiverServerRatis (XceiverServerRatis.java:getRealPort(506)) - XceiverServerRatis bacbce02-2d3c-4c38-b1ae-00a91a518d9a is started using port 45207 for RATIS
2022-03-01 14:10:29,137 [EndpointStateMachine task thread for /0.0.0.0:37107 - 0 ] INFO  ratis.XceiverServerRatis (XceiverServerRatis.java:getRealPort(506)) - XceiverServerRatis bacbce02-2d3c-4c38-b1ae-00a91a518d9a is started using port 45207 for RATIS_ADMIN
2022-03-01 14:10:29,137 [EndpointStateMachine task thread for /0.0.0.0:37107 - 0 ] INFO  ratis.XceiverServerRatis (XceiverServerRatis.java:getRealPort(506)) - XceiverServerRatis bacbce02-2d3c-4c38-b1ae-00a91a518d9a is started using port 45207 for RATIS_SERVER
2022-03-01 14:10:29,138 [org.apache.ratis.util.JvmPauseMonitor$$Lambda$421/1299661385@47a332d3] INFO  util.JvmPauseMonitor (JvmPauseMonitor.java:run(103)) - JvmPauseMonitor-bacbce02-2d3c-4c38-b1ae-00a91a518d9a: Started
2022-03-01 14:10:29,199 [EndpointStateMachine task thread for /0.0.0.0:37107 - 0 ] INFO  server.XceiverServerGrpc (XceiverServerGrpc.java:start(180)) - XceiverServerGrpc bacbce02-2d3c-4c38-b1ae-00a91a518d9a is started using port 39587
2022-03-01 14:10:29,373 [Listener at 127.0.0.1/43831] INFO  ozone.MiniOzoneClusterImpl (MiniOzoneClusterImpl.java:lambda$waitForClusterToBeReady$0(219)) - Waiting for nodes to be ready. Got 0 of 3 DN Heartbeats.
2022-03-01 14:10:29,373 [Listener at 127.0.0.1/43831] INFO  ozone.MiniOzoneClusterImpl (MiniOzoneClusterImpl.java:lambda$waitForClusterToBeReady$0(222)) - Waiting for cluster to exit safe mode
2022-03-01 14:10:29,373 [Listener at 127.0.0.1/43831] INFO  ozone.MiniOzoneClusterImpl (MiniOzoneClusterImpl.java:lambda$waitForClusterToBeReady$0(224)) - SCM became leader
2022-03-01 14:10:29,685 [EndpointStateMachine task thread for /0.0.0.0:37107 - 0 ] INFO  ozoneimpl.OzoneContainer (OzoneContainer.java:start(335)) - Attempting to start container services.
2022-03-01 14:10:29,686 [EndpointStateMachine task thread for /0.0.0.0:37107 - 0 ] INFO  ozoneimpl.OzoneContainer (OzoneContainer.java:startContainerScrub(270)) - Background container scanner has been disabled.
2022-03-01 14:10:29,686 [EndpointStateMachine task thread for /0.0.0.0:37107 - 0 ] INFO  replication.ReplicationServer (ReplicationServer.java:start(111)) - ReplicationServer is started using port 35567
2022-03-01 14:10:29,692 [EndpointStateMachine task thread for /0.0.0.0:37107 - 0 ] INFO  ratis.XceiverServerRatis (XceiverServerRatis.java:start(485)) - Starting XceiverServerRatis cb2fd3fb-19e5-42ca-9dfe-29780f3343f2
2022-03-01 14:10:29,695 [EndpointStateMachine task thread for /0.0.0.0:37107 - 0 ] INFO  server.RaftServer (RaftServerProxy.java:lambda$start$5(374)) - cb2fd3fb-19e5-42ca-9dfe-29780f3343f2: start RPC server
2022-03-01 14:10:29,696 [EndpointStateMachine task thread for /0.0.0.0:37107 - 0 ] INFO  server.GrpcService (GrpcService.java:startImpl(253)) - cb2fd3fb-19e5-42ca-9dfe-29780f3343f2: GrpcService started, listening on 34811
2022-03-01 14:10:29,696 [EndpointStateMachine task thread for /0.0.0.0:37107 - 0 ] INFO  ratis.XceiverServerRatis (XceiverServerRatis.java:getRealPort(506)) - XceiverServerRatis cb2fd3fb-19e5-42ca-9dfe-29780f3343f2 is started using port 34811 for RATIS
2022-03-01 14:10:29,696 [EndpointStateMachine task thread for /0.0.0.0:37107 - 0 ] INFO  ratis.XceiverServerRatis (XceiverServerRatis.java:getRealPort(506)) - XceiverServerRatis cb2fd3fb-19e5-42ca-9dfe-29780f3343f2 is started using port 34811 for RATIS_ADMIN
2022-03-01 14:10:29,696 [EndpointStateMachine task thread for /0.0.0.0:37107 - 0 ] INFO  ratis.XceiverServerRatis (XceiverServerRatis.java:getRealPort(506)) - XceiverServerRatis cb2fd3fb-19e5-42ca-9dfe-29780f3343f2 is started using port 34811 for RATIS_SERVER
2022-03-01 14:10:29,696 [org.apache.ratis.util.JvmPauseMonitor$$Lambda$421/1299661385@5372266c] INFO  util.JvmPauseMonitor (JvmPauseMonitor.java:run(103)) - JvmPauseMonitor-cb2fd3fb-19e5-42ca-9dfe-29780f3343f2: Started
2022-03-01 14:10:29,696 [EndpointStateMachine task thread for /0.0.0.0:37107 - 0 ] INFO  server.XceiverServerGrpc (XceiverServerGrpc.java:start(180)) - XceiverServerGrpc cb2fd3fb-19e5-42ca-9dfe-29780f3343f2 is started using port 42905
2022-03-01 14:10:30,408 [Listener at 127.0.0.1/43831] INFO  ozone.MiniOzoneClusterImpl (MiniOzoneClusterImpl.java:lambda$waitForClusterToBeReady$0(219)) - Waiting for nodes to be ready. Got 0 of 3 DN Heartbeats.
2022-03-01 14:10:30,408 [Listener at 127.0.0.1/43831] INFO  ozone.MiniOzoneClusterImpl (MiniOzoneClusterImpl.java:lambda$waitForClusterToBeReady$0(222)) - Waiting for cluster to exit safe mode
2022-03-01 14:10:30,408 [Listener at 127.0.0.1/43831] INFO  ozone.MiniOzoneClusterImpl (MiniOzoneClusterImpl.java:lambda$waitForClusterToBeReady$0(224)) - SCM became leader
2022-03-01 14:10:30,462 [EndpointStateMachine task thread for /0.0.0.0:37107 - 0 ] INFO  ozoneimpl.OzoneContainer (OzoneContainer.java:start(335)) - Attempting to start container services.
2022-03-01 14:10:30,462 [EndpointStateMachine task thread for /0.0.0.0:37107 - 0 ] INFO  ozoneimpl.OzoneContainer (OzoneContainer.java:startContainerScrub(270)) - Background container scanner has been disabled.
2022-03-01 14:10:30,470 [EndpointStateMachine task thread for /0.0.0.0:37107 - 0 ] INFO  replication.ReplicationServer (ReplicationServer.java:start(111)) - ReplicationServer is started using port 46191
2022-03-01 14:10:30,473 [EndpointStateMachine task thread for /0.0.0.0:37107 - 0 ] INFO  ratis.XceiverServerRatis (XceiverServerRatis.java:start(485)) - Starting XceiverServerRatis bd11a757-4e61-4308-b965-88ab045257cd
2022-03-01 14:10:30,482 [EndpointStateMachine task thread for /0.0.0.0:37107 - 0 ] INFO  server.RaftServer (RaftServerProxy.java:lambda$start$5(374)) - bd11a757-4e61-4308-b965-88ab045257cd: start RPC server
2022-03-01 14:10:30,488 [EndpointStateMachine task thread for /0.0.0.0:37107 - 0 ] INFO  server.GrpcService (GrpcService.java:startImpl(253)) - bd11a757-4e61-4308-b965-88ab045257cd: GrpcService started, listening on 46077
2022-03-01 14:10:30,512 [EndpointStateMachine task thread for /0.0.0.0:37107 - 0 ] INFO  ratis.XceiverServerRatis (XceiverServerRatis.java:getRealPort(506)) - XceiverServerRatis bd11a757-4e61-4308-b965-88ab045257cd is started using port 46077 for RATIS
2022-03-01 14:10:30,512 [EndpointStateMachine task thread for /0.0.0.0:37107 - 0 ] INFO  ratis.XceiverServerRatis (XceiverServerRatis.java:getRealPort(506)) - XceiverServerRatis bd11a757-4e61-4308-b965-88ab045257cd is started using port 46077 for RATIS_ADMIN
2022-03-01 14:10:30,512 [EndpointStateMachine task thread for /0.0.0.0:37107 - 0 ] INFO  ratis.XceiverServerRatis (XceiverServerRatis.java:getRealPort(506)) - XceiverServerRatis bd11a757-4e61-4308-b965-88ab045257cd is started using port 46077 for RATIS_SERVER
2022-03-01 14:10:30,513 [org.apache.ratis.util.JvmPauseMonitor$$Lambda$421/1299661385@5112d935] INFO  util.JvmPauseMonitor (JvmPauseMonitor.java:run(103)) - JvmPauseMonitor-bd11a757-4e61-4308-b965-88ab045257cd: Started
2022-03-01 14:10:30,545 [EndpointStateMachine task thread for /0.0.0.0:37107 - 0 ] INFO  server.XceiverServerGrpc (XceiverServerGrpc.java:start(180)) - XceiverServerGrpc bd11a757-4e61-4308-b965-88ab045257cd is started using port 38443
2022-03-01 14:10:31,033 [IPC Server handler 7 on default port 37107] INFO  net.NetworkTopologyImpl (NetworkTopologyImpl.java:add(112)) - Added a new node: /default-rack/bacbce02-2d3c-4c38-b1ae-00a91a518d9a
2022-03-01 14:10:31,033 [IPC Server handler 7 on default port 37107] INFO  node.SCMNodeManager (SCMNodeManager.java:register(389)) - Registered Data node : bacbce02-2d3c-4c38-b1ae-00a91a518d9a{ip: 10.1.0.24, host: fv-az195-209.u3nnjwd0vyge1bu22idnsdeq2e.cx.internal.cloudapp.net, ports: [REPLICATION=37463, RATIS=45207, RATIS_ADMIN=45207, RATIS_SERVER=45207, STANDALONE=39587], networkLocation: /default-rack, certSerialId: null, persistedOpState: null, persistedOpStateExpiryEpochSec: 0}
2022-03-01 14:10:31,035 [EventQueue-NodeRegistrationContainerReportForDataNodeSafeModeRule] INFO  safemode.SCMSafeModeManager (DataNodeSafeModeRule.java:process(71)) - SCM in safe mode. 1 DataNodes registered, 3 required.
2022-03-01 14:10:31,054 [EventQueue-NodeRegistrationContainerReportForContainerSafeModeRule] INFO  safemode.SCMSafeModeManager (SCMSafeModeManager.java:validateSafeModeExitRules(204)) - ContainerSafeModeRule rule is successfully validated
2022-03-01 14:10:31,055 [EventQueue-PipelineReportForOneReplicaPipelineSafeModeRule] INFO  safemode.SCMSafeModeManager (SCMSafeModeManager.java:validateSafeModeExitRules(204)) - AtleastOneDatanodeReportedRule rule is successfully validated
2022-03-01 14:10:31,069 [EventQueue-NewNodeForNewNodeHandler] INFO  pipeline.BackgroundPipelineCreator (BackgroundPipelineCreator.java:notifyEventTriggered(285)) - trigger a one-shot run on RatisPipelineUtilsThread.
2022-03-01 14:10:31,073 [RatisPipelineUtilsThread - 0] INFO  pipeline.RatisPipelineProvider (RatisPipelineProvider.java:lambda$create$0(183)) - Sending CreatePipelineCommand for pipeline:PipelineID=f13cb650-dbb6-479c-8ace-22d23223f15d to datanode:bacbce02-2d3c-4c38-b1ae-00a91a518d9a
2022-03-01 14:10:31,116 [0cede2b6-a3ab-41b8-8ae8-b37d84d11077@group-21E4280F8C7C-StateMachineUpdater] INFO  pipeline.PipelineStateManagerImpl (PipelineStateManagerImpl.java:addPipeline(101)) - Created pipeline Pipeline[ Id: f13cb650-dbb6-479c-8ace-22d23223f15d, Nodes: bacbce02-2d3c-4c38-b1ae-00a91a518d9a{ip: 10.1.0.24, host: fv-az195-209.u3nnjwd0vyge1bu22idnsdeq2e.cx.internal.cloudapp.net, ports: [REPLICATION=37463, RATIS=45207, RATIS_ADMIN=45207, RATIS_SERVER=45207, STANDALONE=39587], networkLocation: /default-rack, certSerialId: null, persistedOpState: IN_SERVICE, persistedOpStateExpiryEpochSec: 0}, ReplicationConfig: RATIS/ONE, State:ALLOCATED, leaderId:, CreationTimestamp2022-03-01T14:10:31.073Z[Etc/UTC]].
2022-03-01 14:10:31,128 [0cede2b6-a3ab-41b8-8ae8-b37d84d11077@group-21E4280F8C7C-StateMachineUpdater] INFO  safemode.HealthyPipelineSafeModeRule (HealthyPipelineSafeModeRule.java:initializeRule(152)) - Refreshed total pipeline count is 0, healthy pipeline threshold count is 1
2022-03-01 14:10:31,408 [Listener at 127.0.0.1/43831] INFO  ozone.MiniOzoneClusterImpl (MiniOzoneClusterImpl.java:lambda$waitForClusterToBeReady$0(219)) - Waiting for nodes to be ready. Got 1 of 3 DN Heartbeats.
2022-03-01 14:10:31,409 [Listener at 127.0.0.1/43831] INFO  ozone.MiniOzoneClusterImpl (MiniOzoneClusterImpl.java:lambda$waitForClusterToBeReady$0(222)) - Waiting for cluster to exit safe mode
2022-03-01 14:10:31,409 [Listener at 127.0.0.1/43831] INFO  ozone.MiniOzoneClusterImpl (MiniOzoneClusterImpl.java:lambda$waitForClusterToBeReady$0(224)) - SCM became leader
2022-03-01 14:10:31,673 [IPC Server handler 7 on default port 37107] INFO  net.NetworkTopologyImpl (NetworkTopologyImpl.java:add(112)) - Added a new node: /default-rack/cb2fd3fb-19e5-42ca-9dfe-29780f3343f2
2022-03-01 14:10:31,673 [IPC Server handler 7 on default port 37107] INFO  node.SCMNodeManager (SCMNodeManager.java:register(389)) - Registered Data node : cb2fd3fb-19e5-42ca-9dfe-29780f3343f2{ip: 10.1.0.24, host: fv-az195-209.u3nnjwd0vyge1bu22idnsdeq2e.cx.internal.cloudapp.net, ports: [REPLICATION=35567, RATIS=34811, RATIS_ADMIN=34811, RATIS_SERVER=34811, STANDALONE=42905], networkLocation: /default-rack, certSerialId: null, persistedOpState: null, persistedOpStateExpiryEpochSec: 0}
2022-03-01 14:10:31,673 [EventQueue-NewNodeForNewNodeHandler] INFO  pipeline.BackgroundPipelineCreator (BackgroundPipelineCreator.java:notifyEventTriggered(285)) - trigger a one-shot run on RatisPipelineUtilsThread.
2022-03-01 14:10:31,674 [EventQueue-NodeRegistrationContainerReportForDataNodeSafeModeRule] INFO  safemode.SCMSafeModeManager (DataNodeSafeModeRule.java:process(71)) - SCM in safe mode. 2 DataNodes registered, 3 required.
2022-03-01 14:10:31,674 [RatisPipelineUtilsThread - 0] INFO  pipeline.RatisPipelineProvider (RatisPipelineProvider.java:lambda$create$0(183)) - Sending CreatePipelineCommand for pipeline:PipelineID=ac5718b7-1e43-4c4d-a806-9a139beb9008 to datanode:cb2fd3fb-19e5-42ca-9dfe-29780f3343f2
2022-03-01 14:10:31,676 [0cede2b6-a3ab-41b8-8ae8-b37d84d11077@group-21E4280F8C7C-StateMachineUpdater] INFO  pipeline.PipelineStateManagerImpl (PipelineStateManagerImpl.java:addPipeline(101)) - Created pipeline Pipeline[ Id: ac5718b7-1e43-4c4d-a806-9a139beb9008, Nodes: cb2fd3fb-19e5-42ca-9dfe-29780f3343f2{ip: 10.1.0.24, host: fv-az195-209.u3nnjwd0vyge1bu22idnsdeq2e.cx.internal.cloudapp.net, ports: [REPLICATION=35567, RATIS=34811, RATIS_ADMIN=34811, RATIS_SERVER=34811, STANDALONE=42905], networkLocation: /default-rack, certSerialId: null, persistedOpState: IN_SERVICE, persistedOpStateExpiryEpochSec: 0}, ReplicationConfig: RATIS/ONE, State:ALLOCATED, leaderId:, CreationTimestamp2022-03-01T14:10:31.674Z[Etc/UTC]].
2022-03-01 14:10:31,676 [0cede2b6-a3ab-41b8-8ae8-b37d84d11077@group-21E4280F8C7C-StateMachineUpdater] INFO  safemode.HealthyPipelineSafeModeRule (HealthyPipelineSafeModeRule.java:initializeRule(152)) - Refreshed total pipeline count is 0, healthy pipeline threshold count is 1
2022-03-01 14:10:32,412 [Listener at 127.0.0.1/43831] INFO  ozone.MiniOzoneClusterImpl (MiniOzoneClusterImpl.java:lambda$waitForClusterToBeReady$0(219)) - Waiting for nodes to be ready. Got 2 of 3 DN Heartbeats.
2022-03-01 14:10:32,412 [Listener at 127.0.0.1/43831] INFO  ozone.MiniOzoneClusterImpl (MiniOzoneClusterImpl.java:lambda$waitForClusterToBeReady$0(222)) - Waiting for cluster to exit safe mode
2022-03-01 14:10:32,412 [Listener at 127.0.0.1/43831] INFO  ozone.MiniOzoneClusterImpl (MiniOzoneClusterImpl.java:lambda$waitForClusterToBeReady$0(224)) - SCM became leader
2022-03-01 14:10:32,438 [IPC Server handler 5 on default port 37107] INFO  net.NetworkTopologyImpl (NetworkTopologyImpl.java:add(112)) - Added a new node: /default-rack/bd11a757-4e61-4308-b965-88ab045257cd
2022-03-01 14:10:32,438 [IPC Server handler 5 on default port 37107] INFO  node.SCMNodeManager (SCMNodeManager.java:register(389)) - Registered Data node : bd11a757-4e61-4308-b965-88ab045257cd{ip: 10.1.0.24, host: fv-az195-209.u3nnjwd0vyge1bu22idnsdeq2e.cx.internal.cloudapp.net, ports: [REPLICATION=46191, RATIS=46077, RATIS_ADMIN=46077, RATIS_SERVER=46077, STANDALONE=38443], networkLocation: /default-rack, certSerialId: null, persistedOpState: null, persistedOpStateExpiryEpochSec: 0}
2022-03-01 14:10:32,438 [EventQueue-NewNodeForNewNodeHandler] INFO  pipeline.BackgroundPipelineCreator (BackgroundPipelineCreator.java:notifyEventTriggered(285)) - trigger a one-shot run on RatisPipelineUtilsThread.
2022-03-01 14:10:32,439 [EventQueue-NodeRegistrationContainerReportForDataNodeSafeModeRule] INFO  safemode.SCMSafeModeManager (DataNodeSafeModeRule.java:process(71)) - SCM in safe mode. 3 DataNodes registered, 3 required.
2022-03-01 14:10:32,439 [EventQueue-NodeRegistrationContainerReportForDataNodeSafeModeRule] INFO  safemode.SCMSafeModeManager (SCMSafeModeManager.java:validateSafeModeExitRules(204)) - DataNodeSafeModeRule rule is successfully validated
2022-03-01 14:10:32,439 [EventQueue-NodeRegistrationContainerReportForDataNodeSafeModeRule] INFO  safemode.SCMSafeModeManager (SCMSafeModeManager.java:completePreCheck(233)) - All SCM safe mode pre check rules have passed
2022-03-01 14:10:32,439 [EventQueue-NodeRegistrationContainerReportForDataNodeSafeModeRule] WARN  events.EventQueue (EventQueue.java:fireEvent(194)) - No event handler registered for event TypedEvent{payloadType=SafeModeStatus, name='Safe mode status'}
2022-03-01 14:10:32,439 [EventQueue-NodeRegistrationContainerReportForDataNodeSafeModeRule] INFO  ha.SCMContext (SCMContext.java:updateSafeModeStatus(211)) - Update SafeModeStatus from SafeModeStatus{safeModeStatus=true, preCheckPassed=false} to SafeModeStatus{safeModeStatus=true, preCheckPassed=true}.
2022-03-01 14:10:32,439 [EventQueue-NodeRegistrationContainerReportForDataNodeSafeModeRule] INFO  pipeline.BackgroundPipelineCreator (BackgroundPipelineCreator.java:notifyEventTriggered(285)) - trigger a one-shot run on RatisPipelineUtilsThread.
2022-03-01 14:10:32,439 [RatisPipelineUtilsThread - 0] INFO  pipeline.RatisPipelineProvider (RatisPipelineProvider.java:lambda$create$0(183)) - Sending CreatePipelineCommand for pipeline:PipelineID=b861cf92-a7d8-49c3-8e3d-df28f730d59c to datanode:bd11a757-4e61-4308-b965-88ab045257cd
2022-03-01 14:10:32,441 [0cede2b6-a3ab-41b8-8ae8-b37d84d11077@group-21E4280F8C7C-StateMachineUpdater] INFO  pipeline.PipelineStateManagerImpl (PipelineStateManagerImpl.java:addPipeline(101)) - Created pipeline Pipeline[ Id: b861cf92-a7d8-49c3-8e3d-df28f730d59c, Nodes: bd11a757-4e61-4308-b965-88ab045257cd{ip: 10.1.0.24, host: fv-az195-209.u3nnjwd0vyge1bu22idnsdeq2e.cx.internal.cloudapp.net, ports: [REPLICATION=46191, RATIS=46077, RATIS_ADMIN=46077, RATIS_SERVER=46077, STANDALONE=38443], networkLocation: /default-rack, certSerialId: null, persistedOpState: IN_SERVICE, persistedOpStateExpiryEpochSec: 0}, ReplicationConfig: RATIS/ONE, State:ALLOCATED, leaderId:, CreationTimestamp2022-03-01T14:10:32.439Z[Etc/UTC]].
2022-03-01 14:10:32,441 [0cede2b6-a3ab-41b8-8ae8-b37d84d11077@group-21E4280F8C7C-StateMachineUpdater] INFO  safemode.HealthyPipelineSafeModeRule (HealthyPipelineSafeModeRule.java:initializeRule(152)) - Refreshed total pipeline count is 0, healthy pipeline threshold count is 1
2022-03-01 14:10:32,442 [RatisPipelineUtilsThread - 0] INFO  pipeline.RatisPipelineProvider (RatisPipelineProvider.java:lambda$create$0(183)) - Sending CreatePipelineCommand for pipeline:PipelineID=7eb2c6a2-fd08-4eca-9ebd-a6dcb62260b8 to datanode:cb2fd3fb-19e5-42ca-9dfe-29780f3343f2
2022-03-01 14:10:32,442 [RatisPipelineUtilsThread - 0] INFO  pipeline.RatisPipelineProvider (RatisPipelineProvider.java:lambda$create$0(183)) - Sending CreatePipelineCommand for pipeline:PipelineID=7eb2c6a2-fd08-4eca-9ebd-a6dcb62260b8 to datanode:bacbce02-2d3c-4c38-b1ae-00a91a518d9a
2022-03-01 14:10:32,442 [RatisPipelineUtilsThread - 0] INFO  pipeline.RatisPipelineProvider (RatisPipelineProvider.java:lambda$create$0(183)) - Sending CreatePipelineCommand for pipeline:PipelineID=7eb2c6a2-fd08-4eca-9ebd-a6dcb62260b8 to datanode:bd11a757-4e61-4308-b965-88ab045257cd
2022-03-01 14:10:32,444 [0cede2b6-a3ab-41b8-8ae8-b37d84d11077@group-21E4280F8C7C-StateMachineUpdater] INFO  pipeline.PipelineStateManagerImpl (PipelineStateManagerImpl.java:addPipeline(101)) - Created pipeline Pipeline[ Id: 7eb2c6a2-fd08-4eca-9ebd-a6dcb62260b8, Nodes: cb2fd3fb-19e5-42ca-9dfe-29780f3343f2{ip: 10.1.0.24, host: fv-az195-209.u3nnjwd0vyge1bu22idnsdeq2e.cx.internal.cloudapp.net, ports: [REPLICATION=35567, RATIS=34811, RATIS_ADMIN=34811, RATIS_SERVER=34811, STANDALONE=42905], networkLocation: /default-rack, certSerialId: null, persistedOpState: IN_SERVICE, persistedOpStateExpiryEpochSec: 0}bacbce02-2d3c-4c38-b1ae-00a91a518d9a{ip: 10.1.0.24, host: fv-az195-209.u3nnjwd0vyge1bu22idnsdeq2e.cx.internal.cloudapp.net, ports: [REPLICATION=37463, RATIS=45207, RATIS_ADMIN=45207, RATIS_SERVER=45207, STANDALONE=39587], networkLocation: /default-rack, certSerialId: null, persistedOpState: IN_SERVICE, persistedOpStateExpiryEpochSec: 0}bd11a757-4e61-4308-b965-88ab045257cd{ip: 10.1.0.24, host: fv-az195-209.u3nnjwd0vyge1bu22idnsdeq2e.cx.internal.cloudapp.net, ports: [REPLICATION=46191, RATIS=46077, RATIS_ADMIN=46077, RATIS_SERVER=46077, STANDALONE=38443], networkLocation: /default-rack, certSerialId: null, persistedOpState: IN_SERVICE, persistedOpStateExpiryEpochSec: 0}, ReplicationConfig: RATIS/THREE, State:ALLOCATED, leaderId:, CreationTimestamp2022-03-01T14:10:32.442Z[Etc/UTC]].
2022-03-01 14:10:32,444 [0cede2b6-a3ab-41b8-8ae8-b37d84d11077@group-21E4280F8C7C-StateMachineUpdater] INFO  safemode.HealthyPipelineSafeModeRule (HealthyPipelineSafeModeRule.java:initializeRule(152)) - Refreshed total pipeline count is 0, healthy pipeline threshold count is 1
2022-03-01 14:10:32,445 [RatisPipelineUtilsThread - 0] INFO  pipeline.RatisPipelineProvider (RatisPipelineProvider.java:lambda$create$0(183)) - Sending CreatePipelineCommand for pipeline:PipelineID=cdfcc7b4-0a2d-48a8-a790-3a2c9e7aaa4a to datanode:cb2fd3fb-19e5-42ca-9dfe-29780f3343f2
2022-03-01 14:10:32,445 [RatisPipelineUtilsThread - 0] INFO  pipeline.RatisPipelineProvider (RatisPipelineProvider.java:lambda$create$0(183)) - Sending CreatePipelineCommand for pipeline:PipelineID=cdfcc7b4-0a2d-48a8-a790-3a2c9e7aaa4a to datanode:bacbce02-2d3c-4c38-b1ae-00a91a518d9a
2022-03-01 14:10:32,445 [RatisPipelineUtilsThread - 0] INFO  pipeline.RatisPipelineProvider (RatisPipelineProvider.java:lambda$create$0(183)) - Sending CreatePipelineCommand for pipeline:PipelineID=cdfcc7b4-0a2d-48a8-a790-3a2c9e7aaa4a to datanode:bd11a757-4e61-4308-b965-88ab045257cd
2022-03-01 14:10:32,446 [0cede2b6-a3ab-41b8-8ae8-b37d84d11077@group-21E4280F8C7C-StateMachineUpdater] INFO  pipeline.PipelineStateManagerImpl (PipelineStateManagerImpl.java:addPipeline(101)) - Created pipeline Pipeline[ Id: cdfcc7b4-0a2d-48a8-a790-3a2c9e7aaa4a, Nodes: cb2fd3fb-19e5-42ca-9dfe-29780f3343f2{ip: 10.1.0.24, host: fv-az195-209.u3nnjwd0vyge1bu22idnsdeq2e.cx.internal.cloudapp.net, ports: [REPLICATION=35567, RATIS=34811, RATIS_ADMIN=34811, RATIS_SERVER=34811, STANDALONE=42905], networkLocation: /default-rack, certSerialId: null, persistedOpState: IN_SERVICE, persistedOpStateExpiryEpochSec: 0}bacbce02-2d3c-4c38-b1ae-00a91a518d9a{ip: 10.1.0.24, host: fv-az195-209.u3nnjwd0vyge1bu22idnsdeq2e.cx.internal.cloudapp.net, ports: [REPLICATION=37463, RATIS=45207, RATIS_ADMIN=45207, RATIS_SERVER=45207, STANDALONE=39587], networkLocation: /default-rack, certSerialId: null, persistedOpState: IN_SERVICE, persistedOpStateExpiryEpochSec: 0}bd11a757-4e61-4308-b965-88ab045257cd{ip: 10.1.0.24, host: fv-az195-209.u3nnjwd0vyge1bu22idnsdeq2e.cx.internal.cloudapp.net, ports: [REPLICATION=46191, RATIS=46077, RATIS_ADMIN=46077, RATIS_SERVER=46077, STANDALONE=38443], networkLocation: /default-rack, certSerialId: null, persistedOpState: IN_SERVICE, persistedOpStateExpiryEpochSec: 0}, ReplicationConfig: RATIS/THREE, State:ALLOCATED, leaderId:, CreationTimestamp2022-03-01T14:10:32.445Z[Etc/UTC]].
2022-03-01 14:10:32,446 [0cede2b6-a3ab-41b8-8ae8-b37d84d11077@group-21E4280F8C7C-StateMachineUpdater] INFO  safemode.HealthyPipelineSafeModeRule (HealthyPipelineSafeModeRule.java:initializeRule(152)) - Refreshed total pipeline count is 0, healthy pipeline threshold count is 1
2022-03-01 14:10:32,447 [RatisPipelineUtilsThread - 0] INFO  pipeline.PipelineManagerImpl (PipelineManagerImpl.java:recordMetricsForPipeline(639)) - Pipeline: PipelineID=cdfcc7b4-0a2d-48a8-a790-3a2c9e7aaa4a contains same datanodes as previous pipelines: PipelineID=7eb2c6a2-fd08-4eca-9ebd-a6dcb62260b8 nodeIds: cb2fd3fb-19e5-42ca-9dfe-29780f3343f2, bacbce02-2d3c-4c38-b1ae-00a91a518d9a, bd11a757-4e61-4308-b965-88ab045257cd
2022-03-01 14:10:33,414 [Listener at 127.0.0.1/43831] INFO  ozone.MiniOzoneClusterImpl (MiniOzoneClusterImpl.java:lambda$waitForClusterToBeReady$0(219)) - Nodes are ready. Got 3 of 3 DN Heartbeats.
2022-03-01 14:10:33,414 [Listener at 127.0.0.1/43831] INFO  ozone.MiniOzoneClusterImpl (MiniOzoneClusterImpl.java:lambda$waitForClusterToBeReady$0(222)) - Waiting for cluster to exit safe mode
2022-03-01 14:10:33,414 [Listener at 127.0.0.1/43831] INFO  ozone.MiniOzoneClusterImpl (MiniOzoneClusterImpl.java:lambda$waitForClusterToBeReady$0(224)) - SCM became leader
2022-03-01 14:10:34,037 [Command processor thread] INFO  server.RaftServer (RaftServerProxy.java:addNew(95)) - bacbce02-2d3c-4c38-b1ae-00a91a518d9a: addNew group-22D23223F15D:[bacbce02-2d3c-4c38-b1ae-00a91a518d9a|rpc:10.1.0.24:45207|priority:1] returns group-22D23223F15D:java.util.concurrent.CompletableFuture@54becc3f[Not completed]
2022-03-01 14:10:34,039 [pool-715-thread-1] INFO  server.RaftServer$Division (RaftServerImpl.java:<init>(184)) - bacbce02-2d3c-4c38-b1ae-00a91a518d9a: new RaftServerImpl for group-22D23223F15D:[bacbce02-2d3c-4c38-b1ae-00a91a518d9a|rpc:10.1.0.24:45207|priority:1] with ContainerStateMachine:uninitialized
2022-03-01 14:10:34,058 [pool-715-thread-1] INFO  server.RaftServerConfigKeys (ConfUtils.java:logGet(44)) - raft.server.rpc.timeout.min = 5s (custom)
2022-03-01 14:10:34,061 [pool-715-thread-1] INFO  server.RaftServerConfigKeys (ConfUtils.java:logGet(44)) - raft.server.rpc.timeout.max = 5200ms (custom)
2022-03-01 14:10:34,061 [pool-715-thread-1] INFO  server.RaftServerConfigKeys (ConfUtils.java:logGet(44)) - raft.server.rpc.sleep.time = 25ms (default)
2022-03-01 14:10:34,061 [pool-715-thread-1] INFO  server.RaftServerConfigKeys (ConfUtils.java:logGet(44)) - raft.server.rpc.slowness.timeout = 300s (custom)
2022-03-01 14:10:34,061 [pool-715-thread-1] INFO  server.RaftServerConfigKeys (ConfUtils.java:logGet(44)) - raft.server.leaderelection.leader.step-down.wait-time = 10s (default)
2022-03-01 14:10:34,061 [pool-715-thread-1] INFO  server.RaftServerConfigKeys (ConfUtils.java:logGet(44)) - raft.server.sleep.deviation.threshold = 300ms (default)
2022-03-01 14:10:34,061 [pool-715-thread-1] INFO  server.RaftServerConfigKeys (ConfUtils.java:logGet(44)) - raft.server.log.appender.install.snapshot.enabled = false (custom)
2022-03-01 14:10:34,061 [pool-715-thread-1] INFO  server.RaftServer$Division (ServerState.java:<init>(105)) - bacbce02-2d3c-4c38-b1ae-00a91a518d9a@group-22D23223F15D: ConfigurationManager, init=-1: [bacbce02-2d3c-4c38-b1ae-00a91a518d9a|rpc:10.1.0.24:45207|priority:1], old=null, confs=<EMPTY_MAP>
2022-03-01 14:10:34,062 [pool-715-thread-1] INFO  server.RaftServerConfigKeys (ConfUtils.java:logGet(44)) - raft.server.storage.dir = [/home/runner/work/ozone/ozone/hadoop-ozone/integration-test/target/test-dir/MiniOzoneClusterImpl-eb83c96d-312e-41b9-bb81-21e4280f8c7c/datanode-0/data/ratis] (custom)
2022-03-01 14:10:34,062 [pool-715-thread-1] INFO  server.RaftServerConfigKeys (ConfUtils.java:logGet(44)) - raft.server.log.corruption.policy = EXCEPTION (default)
2022-03-01 14:10:34,062 [pool-715-thread-1] INFO  server.RaftServerConfigKeys (ConfUtils.java:logGet(44)) - raft.server.storage.free-space.min = 0MB (=0) (default)
2022-03-01 14:10:34,062 [pool-715-thread-1] INFO  storage.RaftStorageDirectory (RaftStorageDirectoryImpl.java:analyzeStorage(135)) - The storage directory /home/runner/work/ozone/ozone/hadoop-ozone/integration-test/target/test-dir/MiniOzoneClusterImpl-eb83c96d-312e-41b9-bb81-21e4280f8c7c/datanode-0/data/ratis/f13cb650-dbb6-479c-8ace-22d23223f15d does not exist. Creating ...
2022-03-01 14:10:34,069 [pool-715-thread-1] INFO  storage.RaftStorageDirectory (RaftStorageDirectoryImpl.java:tryLock(230)) - Lock on /home/runner/work/ozone/ozone/hadoop-ozone/integration-test/target/test-dir/MiniOzoneClusterImpl-eb83c96d-312e-41b9-bb81-21e4280f8c7c/datanode-0/data/ratis/f13cb650-dbb6-479c-8ace-22d23223f15d/in_use.lock acquired by nodename 10349@fv-az195-209
2022-03-01 14:10:34,070 [pool-715-thread-1] INFO  storage.RaftStorage (RaftStorageImpl.java:format(89)) - Storage directory /home/runner/work/ozone/ozone/hadoop-ozone/integration-test/target/test-dir/MiniOzoneClusterImpl-eb83c96d-312e-41b9-bb81-21e4280f8c7c/datanode-0/data/ratis/f13cb650-dbb6-479c-8ace-22d23223f15d has been successfully formatted.
2022-03-01 14:10:34,093 [pool-715-thread-1] INFO  ratis.ContainerStateMachine (ContainerStateMachine.java:loadSnapshot(236)) - group-22D23223F15D: The snapshot info is null. Setting the last applied indexto:(t:0, i:~)
2022-03-01 14:10:34,095 [EventQueue-PipelineReportForPipelineReportHandler] INFO  pipeline.PipelineManagerImpl (PipelineManagerImpl.java:openPipeline(291)) - Pipeline Pipeline[ Id: f13cb650-dbb6-479c-8ace-22d23223f15d, Nodes: bacbce02-2d3c-4c38-b1ae-00a91a518d9a{ip: 10.1.0.24, host: fv-az195-209.u3nnjwd0vyge1bu22idnsdeq2e.cx.internal.cloudapp.net, ports: [REPLICATION=37463, RATIS=45207, RATIS_ADMIN=45207, RATIS_SERVER=45207, STANDALONE=39587], networkLocation: /default-rack, certSerialId: null, persistedOpState: IN_SERVICE, persistedOpStateExpiryEpochSec: 0}, ReplicationConfig: RATIS/ONE, State:ALLOCATED, leaderId:bacbce02-2d3c-4c38-b1ae-00a91a518d9a, CreationTimestamp2022-03-01T14:10:31.073Z[Etc/UTC]] moved to OPEN state
2022-03-01 14:10:34,095 [pool-715-thread-1] INFO  server.RaftServerConfigKeys (ConfUtils.java:logGet(44)) - raft.server.notification.no-leader.timeout = 300s (custom)
2022-03-01 14:10:34,095 [pool-715-thread-1] INFO  server.RaftServerConfigKeys (ConfUtils.java:logGet(44)) - raft.server.log.use.memory = false (default)
2022-03-01 14:10:34,098 [0cede2b6-a3ab-41b8-8ae8-b37d84d11077@group-21E4280F8C7C-StateMachineUpdater] INFO  safemode.HealthyPipelineSafeModeRule (HealthyPipelineSafeModeRule.java:initializeRule(152)) - Refreshed total pipeline count is 0, healthy pipeline threshold count is 1
2022-03-01 14:10:34,133 [pool-715-thread-1] INFO  server.RaftServerConfigKeys (ConfUtils.java:logGet(44)) - raft.server.log.purge.gap = 1000000 (custom)
2022-03-01 14:10:34,133 [pool-715-thread-1] INFO  server.RaftServerConfigKeys (ConfUtils.java:logGet(44)) - raft.server.log.appender.buffer.byte-limit = 33554432 (custom)
2022-03-01 14:10:34,133 [pool-715-thread-1] INFO  server.RaftServerConfigKeys (ConfUtils.java:logGet(44)) - raft.server.log.segment.size.max = 1048576 (custom)
2022-03-01 14:10:34,133 [pool-715-thread-1] INFO  server.RaftServerConfigKeys (ConfUtils.java:logGet(44)) - raft.server.log.segment.cache.num.max = 2 (custom)
2022-03-01 14:10:34,133 [pool-715-thread-1] INFO  server.RaftServerConfigKeys (ConfUtils.java:logGet(44)) - raft.server.log.segment.cache.size.max = 200MB (=209715200) (default)
2022-03-01 14:10:34,133 [pool-715-thread-1] INFO  segmented.SegmentedRaftLogWorker (SegmentedRaftLogWorker.java:<init>(182)) - new bacbce02-2d3c-4c38-b1ae-00a91a518d9a@group-22D23223F15D-SegmentedRaftLogWorker for RaftStorageImpl:Storage Directory /home/runner/work/ozone/ozone/hadoop-ozone/integration-test/target/test-dir/MiniOzoneClusterImpl-eb83c96d-312e-41b9-bb81-21e4280f8c7c/datanode-0/data/ratis/f13cb650-dbb6-479c-8ace-22d23223f15d
2022-03-01 14:10:34,133 [pool-715-thread-1] INFO  server.RaftServerConfigKeys (ConfUtils.java:logGet(44)) - raft.server.log.queue.byte-limit = 4294967296 (custom)
2022-03-01 14:10:34,134 [pool-715-thread-1] INFO  server.RaftServerConfigKeys (ConfUtils.java:logGet(44)) - raft.server.log.queue.element-limit = 1024 (custom)
2022-03-01 14:10:34,134 [pool-715-thread-1] INFO  server.RaftServerConfigKeys (ConfUtils.java:logGet(44)) - raft.server.log.segment.size.max = 1048576 (custom)
2022-03-01 14:10:34,134 [pool-715-thread-1] INFO  server.RaftServerConfigKeys (ConfUtils.java:logGet(44)) - raft.server.log.preallocated.size = 16384 (custom)
2022-03-01 14:10:34,134 [pool-715-thread-1] INFO  server.RaftServerConfigKeys (ConfUtils.java:logGet(44)) - raft.server.log.force.sync.num = 128 (default)
2022-03-01 14:10:34,134 [pool-715-thread-1] INFO  server.RaftServerConfigKeys (ConfUtils.java:logGet(44)) - raft.server.log.statemachine.data.sync = true (default)
2022-03-01 14:10:34,134 [pool-715-thread-1] INFO  server.RaftServerConfigKeys (ConfUtils.java:logGet(44)) - raft.server.log.statemachine.data.sync.timeout = 10s (default)
2022-03-01 14:10:34,134 [pool-715-thread-1] INFO  server.RaftServerConfigKeys (ConfUtils.java:logGet(44)) - raft.server.log.statemachine.data.sync.timeout.retry = -1 (default)
2022-03-01 14:10:34,135 [pool-715-thread-1] INFO  server.RaftServerConfigKeys (ConfUtils.java:logGet(44)) - raft.server.log.write.buffer.size = 1048576 (custom)
2022-03-01 14:10:34,135 [pool-715-thread-1] INFO  server.RaftServerConfigKeys (ConfUtils.java:logGet(44)) - raft.server.log.statemachine.data.caching.enabled = true (custom)
2022-03-01 14:10:34,136 [pool-715-thread-1] INFO  segmented.SegmentedRaftLogWorker (SegmentedRaftLogWorker.java:lambda$new$0(133)) - bacbce02-2d3c-4c38-b1ae-00a91a518d9a@group-22D23223F15D-SegmentedRaftLogWorker: flushIndex: setUnconditionally 0 -> -1
2022-03-01 14:10:34,136 [pool-715-thread-1] INFO  segmented.SegmentedRaftLogWorker (SegmentedRaftLogWorker.java:lambda$new$0(133)) - bacbce02-2d3c-4c38-b1ae-00a91a518d9a@group-22D23223F15D-SegmentedRaftLogWorker: safeCacheEvictIndex: setUnconditionally 0 -> -1
2022-03-01 14:10:34,136 [pool-715-thread-1] INFO  server.RaftServerConfigKeys (ConfUtils.java:logGet(44)) - raft.server.snapshot.auto.trigger.enabled = true (custom)
2022-03-01 14:10:34,136 [pool-715-thread-1] INFO  server.RaftServerConfigKeys (ConfUtils.java:logGet(44)) - raft.server.snapshot.auto.trigger.threshold = 10000 (custom)
2022-03-01 14:10:34,136 [pool-715-thread-1] INFO  server.RaftServerConfigKeys (ConfUtils.java:logGet(44)) - raft.server.snapshot.retention.file.num = 5 (custom)
2022-03-01 14:10:34,136 [pool-715-thread-1] INFO  server.RaftServerConfigKeys (ConfUtils.java:logGet(44)) - raft.server.log.purge.upto.snapshot.index = false (default)
2022-03-01 14:10:34,136 [pool-715-thread-1] INFO  server.RaftServerConfigKeys (ConfUtils.java:logGet(44)) - raft.server.retrycache.expirytime = 600000ms (custom)
2022-03-01 14:10:34,136 [pool-715-thread-1] INFO  server.RaftServerConfigKeys (ConfUtils.java:logGet(44)) - raft.server.retrycache.statistics.expirytime = 100μs (default)
2022-03-01 14:10:34,145 [pool-715-thread-1] INFO  server.RaftServer$Division (RaftServerImpl.java:start(301)) - bacbce02-2d3c-4c38-b1ae-00a91a518d9a@group-22D23223F15D: start as a follower, conf=-1: [bacbce02-2d3c-4c38-b1ae-00a91a518d9a|rpc:10.1.0.24:45207|priority:1], old=null
2022-03-01 14:10:34,145 [pool-715-thread-1] INFO  server.RaftServer$Division (RaftServerImpl.java:setRole(290)) - bacbce02-2d3c-4c38-b1ae-00a91a518d9a@group-22D23223F15D: changes role from      null to FOLLOWER at term 0 for startAsFollower
2022-03-01 14:10:34,146 [pool-715-thread-1] INFO  impl.RoleInfo (RoleInfo.java:updateAndGet(130)) - bacbce02-2d3c-4c38-b1ae-00a91a518d9a: start bacbce02-2d3c-4c38-b1ae-00a91a518d9a@group-22D23223F15D-FollowerState
2022-03-01 14:10:34,149 [pool-715-thread-1] INFO  util.JmxRegister (JmxRegister.java:tryRegister(44)) - Successfully registered JMX Bean with object name Ratis:service=RaftServer,group=group-22D23223F15D,id=bacbce02-2d3c-4c38-b1ae-00a91a518d9a
2022-03-01 14:10:34,150 [Command processor thread] INFO  ratis.XceiverServerRatis (XceiverServerRatis.java:addGroup(769)) - Created group PipelineID=f13cb650-dbb6-479c-8ace-22d23223f15d
2022-03-01 14:10:34,150 [Command processor thread] INFO  commandhandler.CreatePipelineCommandHandler (CreatePipelineCommandHandler.java:handle(106)) - Created Pipeline RATIS ONE PipelineID=f13cb650-dbb6-479c-8ace-22d23223f15d.
2022-03-01 14:10:34,150 [Command processor thread] INFO  server.RaftServer (RaftServerProxy.java:addNew(95)) - bacbce02-2d3c-4c38-b1ae-00a91a518d9a: addNew group-A6DCB62260B8:[cb2fd3fb-19e5-42ca-9dfe-29780f3343f2|rpc:10.1.0.24:34811|priority:0, bd11a757-4e61-4308-b965-88ab045257cd|rpc:10.1.0.24:46077|priority:0, bacbce02-2d3c-4c38-b1ae-00a91a518d9a|rpc:10.1.0.24:45207|priority:1] returns group-A6DCB62260B8:java.util.concurrent.CompletableFuture@50815270[Not completed]
2022-03-01 14:10:34,151 [pool-715-thread-1] INFO  server.RaftServer$Division (RaftServerImpl.java:<init>(184)) - bacbce02-2d3c-4c38-b1ae-00a91a518d9a: new RaftServerImpl for group-A6DCB62260B8:[cb2fd3fb-19e5-42ca-9dfe-29780f3343f2|rpc:10.1.0.24:34811|priority:0, bd11a757-4e61-4308-b965-88ab045257cd|rpc:10.1.0.24:46077|priority:0, bacbce02-2d3c-4c38-b1ae-00a91a518d9a|rpc:10.1.0.24:45207|priority:1] with ContainerStateMachine:uninitialized
2022-03-01 14:10:34,151 [pool-715-thread-1] INFO  server.RaftServerConfigKeys (ConfUtils.java:logGet(44)) - raft.server.rpc.timeout.min = 5s (custom)
2022-03-01 14:10:34,151 [pool-715-thread-1] INFO  server.RaftServerConfigKeys (ConfUtils.java:logGet(44)) - raft.server.rpc.timeout.max = 5200ms (custom)
2022-03-01 14:10:34,151 [pool-715-thread-1] INFO  server.RaftServerConfigKeys (ConfUtils.java:logGet(44)) - raft.server.rpc.sleep.time = 25ms (default)
2022-03-01 14:10:34,151 [pool-715-thread-1] INFO  server.RaftServerConfigKeys (ConfUtils.java:logGet(44)) - raft.server.rpc.slowness.timeout = 300s (custom)
2022-03-01 14:10:34,151 [pool-715-thread-1] INFO  server.RaftServerConfigKeys (ConfUtils.java:logGet(44)) - raft.server.leaderelection.leader.step-down.wait-time = 10s (default)
2022-03-01 14:10:34,151 [pool-715-thread-1] INFO  server.RaftServerConfigKeys (ConfUtils.java:logGet(44)) - raft.server.sleep.deviation.threshold = 300ms (default)
2022-03-01 14:10:34,151 [pool-715-thread-1] INFO  server.RaftServerConfigKeys (ConfUtils.java:logGet(44)) - raft.server.log.appender.install.snapshot.enabled = false (custom)
2022-03-01 14:10:34,151 [pool-715-thread-1] INFO  server.RaftServer$Division (ServerState.java:<init>(105)) - bacbce02-2d3c-4c38-b1ae-00a91a518d9a@group-A6DCB62260B8: ConfigurationManager, init=-1: [cb2fd3fb-19e5-42ca-9dfe-29780f3343f2|rpc:10.1.0.24:34811|priority:0, bd11a757-4e61-4308-b965-88ab045257cd|rpc:10.1.0.24:46077|priority:0, bacbce02-2d3c-4c38-b1ae-00a91a518d9a|rpc:10.1.0.24:45207|priority:1], old=null, confs=<EMPTY_MAP>
2022-03-01 14:10:34,151 [pool-715-thread-1] INFO  server.RaftServerConfigKeys (ConfUtils.java:logGet(44)) - raft.server.storage.dir = [/home/runner/work/ozone/ozone/hadoop-ozone/integration-test/target/test-dir/MiniOzoneClusterImpl-eb83c96d-312e-41b9-bb81-21e4280f8c7c/datanode-0/data/ratis] (custom)
2022-03-01 14:10:34,151 [pool-715-thread-1] INFO  server.RaftServerConfigKeys (ConfUtils.java:logGet(44)) - raft.server.log.corruption.policy = EXCEPTION (default)
2022-03-01 14:10:34,151 [pool-715-thread-1] INFO  server.RaftServerConfigKeys (ConfUtils.java:logGet(44)) - raft.server.storage.free-space.min = 0MB (=0) (default)
2022-03-01 14:10:34,151 [pool-715-thread-1] INFO  storage.RaftStorageDirectory (RaftStorageDirectoryImpl.java:analyzeStorage(135)) - The storage directory /home/runner/work/ozone/ozone/hadoop-ozone/integration-test/target/test-dir/MiniOzoneClusterImpl-eb83c96d-312e-41b9-bb81-21e4280f8c7c/datanode-0/data/ratis/7eb2c6a2-fd08-4eca-9ebd-a6dcb62260b8 does not exist. Creating ...
2022-03-01 14:10:34,155 [pool-715-thread-1] INFO  storage.RaftStorageDirectory (RaftStorageDirectoryImpl.java:tryLock(230)) - Lock on /home/runner/work/ozone/ozone/hadoop-ozone/integration-test/target/test-dir/MiniOzoneClusterImpl-eb83c96d-312e-41b9-bb81-21e4280f8c7c/datanode-0/data/ratis/7eb2c6a2-fd08-4eca-9ebd-a6dcb62260b8/in_use.lock acquired by nodename 10349@fv-az195-209
2022-03-01 14:10:34,155 [EventQueue-OpenPipelineForHealthyPipelineSafeModeRule] INFO  safemode.SCMSafeModeManager (HealthyPipelineSafeModeRule.java:process(124)) - SCM in safe mode. Healthy pipelines reported count is 0, required healthy pipeline reported count is 1
2022-03-01 14:10:34,156 [pool-715-thread-1] INFO  storage.RaftStorage (RaftStorageImpl.java:format(89)) - Storage directory /home/runner/work/ozone/ozone/hadoop-ozone/integration-test/target/test-dir/MiniOzoneClusterImpl-eb83c96d-312e-41b9-bb81-21e4280f8c7c/datanode-0/data/ratis/7eb2c6a2-fd08-4eca-9ebd-a6dcb62260b8 has been successfully formatted.
2022-03-01 14:10:34,156 [pool-715-thread-1] INFO  ratis.ContainerStateMachine (ContainerStateMachine.java:loadSnapshot(236)) - group-A6DCB62260B8: The snapshot info is null. Setting the last applied indexto:(t:0, i:~)
2022-03-01 14:10:34,156 [pool-715-thread-1] INFO  server.RaftServerConfigKeys (ConfUtils.java:logGet(44)) - raft.server.notification.no-leader.timeout = 300s (custom)
2022-03-01 14:10:34,156 [pool-715-thread-1] INFO  server.RaftServerConfigKeys (ConfUtils.java:logGet(44)) - raft.server.log.use.memory = false (default)
2022-03-01 14:10:34,157 [pool-715-thread-1] INFO  server.RaftServerConfigKeys (ConfUtils.java:logGet(44)) - raft.server.log.purge.gap = 1000000 (custom)
2022-03-01 14:10:34,157 [pool-715-thread-1] INFO  server.RaftServerConfigKeys (ConfUtils.java:logGet(44)) - raft.server.log.appender.buffer.byte-limit = 33554432 (custom)
2022-03-01 14:10:34,157 [pool-715-thread-1] INFO  server.RaftServerConfigKeys (ConfUtils.java:logGet(44)) - raft.server.log.segment.size.max = 1048576 (custom)
2022-03-01 14:10:34,161 [pool-715-thread-1] INFO  server.RaftServerConfigKeys (ConfUtils.java:logGet(44)) - raft.server.log.segment.cache.num.max = 2 (custom)
2022-03-01 14:10:34,161 [pool-715-thread-1] INFO  server.RaftServerConfigKeys (ConfUtils.java:logGet(44)) - raft.server.log.segment.cache.size.max = 200MB (=209715200) (default)
2022-03-01 14:10:34,161 [pool-715-thread-1] INFO  segmented.SegmentedRaftLogWorker (SegmentedRaftLogWorker.java:<init>(182)) - new bacbce02-2d3c-4c38-b1ae-00a91a518d9a@group-A6DCB62260B8-SegmentedRaftLogWorker for RaftStorageImpl:Storage Directory /home/runner/work/ozone/ozone/hadoop-ozone/integration-test/target/test-dir/MiniOzoneClusterImpl-eb83c96d-312e-41b9-bb81-21e4280f8c7c/datanode-0/data/ratis/7eb2c6a2-fd08-4eca-9ebd-a6dcb62260b8
2022-03-01 14:10:34,161 [pool-715-thread-1] INFO  server.RaftServerConfigKeys (ConfUtils.java:logGet(44)) - raft.server.log.queue.byte-limit = 4294967296 (custom)
2022-03-01 14:10:34,161 [pool-715-thread-1] INFO  server.RaftServerConfigKeys (ConfUtils.java:logGet(44)) - raft.server.log.queue.element-limit = 1024 (custom)
2022-03-01 14:10:34,161 [pool-715-thread-1] INFO  server.RaftServerConfigKeys (ConfUtils.java:logGet(44)) - raft.server.log.segment.size.max = 1048576 (custom)
2022-03-01 14:10:34,161 [pool-715-thread-1] INFO  server.RaftServerConfigKeys (ConfUtils.java:logGet(44)) - raft.server.log.preallocated.size = 16384 (custom)
2022-03-01 14:10:34,161 [pool-715-thread-1] INFO  server.RaftServerConfigKeys (ConfUtils.java:logGet(44)) - raft.server.log.force.sync.num = 128 (default)
2022-03-01 14:10:34,161 [pool-715-thread-1] INFO  server.RaftServerConfigKeys (ConfUtils.java:logGet(44)) - raft.server.log.statemachine.data.sync = true (default)
2022-03-01 14:10:34,161 [pool-715-thread-1] INFO  server.RaftServerConfigKeys (ConfUtils.java:logGet(44)) - raft.server.log.statemachine.data.sync.timeout = 10s (default)
2022-03-01 14:10:34,161 [pool-715-thread-1] INFO  server.RaftServerConfigKeys (ConfUtils.java:logGet(44)) - raft.server.log.statemachine.data.sync.timeout.retry = -1 (default)
2022-03-01 14:10:34,163 [pool-715-thread-1] INFO  server.RaftServerConfigKeys (ConfUtils.java:logGet(44)) - raft.server.log.write.buffer.size = 1048576 (custom)
2022-03-01 14:10:34,167 [pool-715-thread-1] INFO  server.RaftServerConfigKeys (ConfUtils.java:logGet(44)) - raft.server.log.statemachine.data.caching.enabled = true (custom)
2022-03-01 14:10:34,167 [pool-715-thread-1] INFO  segmented.SegmentedRaftLogWorker (SegmentedRaftLogWorker.java:lambda$new$0(133)) - bacbce02-2d3c-4c38-b1ae-00a91a518d9a@group-A6DCB62260B8-SegmentedRaftLogWorker: flushIndex: setUnconditionally 0 -> -1
2022-03-01 14:10:34,167 [pool-715-thread-1] INFO  segmented.SegmentedRaftLogWorker (SegmentedRaftLogWorker.java:lambda$new$0(133)) - bacbce02-2d3c-4c38-b1ae-00a91a518d9a@group-A6DCB62260B8-SegmentedRaftLogWorker: safeCacheEvictIndex: setUnconditionally 0 -> -1
2022-03-01 14:10:34,167 [EventQueue-OpenPipelineForHealthyPipelineSafeModeRule] INFO  safemode.SCMSafeModeManager (HealthyPipelineSafeModeRule.java:process(124)) - SCM in safe mode. Healthy pipelines reported count is 0, required healthy pipeline reported count is 1
2022-03-01 14:10:34,178 [pool-715-thread-1] INFO  server.RaftServerConfigKeys (ConfUtils.java:logGet(44)) - raft.server.snapshot.auto.trigger.enabled = true (custom)
2022-03-01 14:10:34,179 [pool-715-thread-1] INFO  server.RaftServerConfigKeys (ConfUtils.java:logGet(44)) - raft.server.snapshot.auto.trigger.threshold = 10000 (custom)
2022-03-01 14:10:34,179 [pool-715-thread-1] INFO  server.RaftServerConfigKeys (ConfUtils.java:logGet(44)) - raft.server.snapshot.retention.file.num = 5 (custom)
2022-03-01 14:10:34,179 [pool-715-thread-1] INFO  server.RaftServerConfigKeys (ConfUtils.java:logGet(44)) - raft.server.log.purge.upto.snapshot.index = false (default)
2022-03-01 14:10:34,179 [pool-715-thread-1] INFO  server.RaftServerConfigKeys (ConfUtils.java:logGet(44)) - raft.server.retrycache.expirytime = 600000ms (custom)
2022-03-01 14:10:34,179 [pool-715-thread-1] INFO  server.RaftServerConfigKeys (ConfUtils.java:logGet(44)) - raft.server.retrycache.statistics.expirytime = 100μs (default)
2022-03-01 14:10:34,180 [pool-715-thread-1] INFO  server.RaftServer$Division (RaftServerImpl.java:start(301)) - bacbce02-2d3c-4c38-b1ae-00a91a518d9a@group-A6DCB62260B8: start as a follower, conf=-1: [cb2fd3fb-19e5-42ca-9dfe-29780f3343f2|rpc:10.1.0.24:34811|priority:0, bd11a757-4e61-4308-b965-88ab045257cd|rpc:10.1.0.24:46077|priority:0, bacbce02-2d3c-4c38-b1ae-00a91a518d9a|rpc:10.1.0.24:45207|priority:1], old=null
2022-03-01 14:10:34,180 [pool-715-thread-1] INFO  server.RaftServer$Division (RaftServerImpl.java:setRole(290)) - bacbce02-2d3c-4c38-b1ae-00a91a518d9a@group-A6DCB62260B8: changes role from      null to FOLLOWER at term 0 for startAsFollower
2022-03-01 14:10:34,180 [pool-715-thread-1] INFO  impl.RoleInfo (RoleInfo.java:updateAndGet(130)) - bacbce02-2d3c-4c38-b1ae-00a91a518d9a: start bacbce02-2d3c-4c38-b1ae-00a91a518d9a@group-A6DCB62260B8-FollowerState
2022-03-01 14:10:34,201 [pool-715-thread-1] INFO  util.JmxRegister (JmxRegister.java:tryRegister(44)) - Successfully registered JMX Bean with object name Ratis:service=RaftServer,group=group-A6DCB62260B8,id=bacbce02-2d3c-4c38-b1ae-00a91a518d9a
2022-03-01 14:10:34,204 [Command processor thread] INFO  ratis.XceiverServerRatis (XceiverServerRatis.java:addGroup(769)) - Created group PipelineID=7eb2c6a2-fd08-4eca-9ebd-a6dcb62260b8
2022-03-01 14:10:34,236 [grpc-default-executor-4] INFO  server.RaftServer (RaftServerProxy.java:addNew(95)) - cb2fd3fb-19e5-42ca-9dfe-29780f3343f2: addNew group-A6DCB62260B8:[cb2fd3fb-19e5-42ca-9dfe-29780f3343f2|rpc:10.1.0.24:34811|dataStream:|priority:0, bd11a757-4e61-4308-b965-88ab045257cd|rpc:10.1.0.24:46077|dataStream:|priority:0, bacbce02-2d3c-4c38-b1ae-00a91a518d9a|rpc:10.1.0.24:45207|dataStream:|priority:1] returns group-A6DCB62260B8:java.util.concurrent.CompletableFuture@e0d7b5b[Not completed]
2022-03-01 14:10:34,237 [pool-736-thread-1] INFO  server.RaftServer$Division (RaftServerImpl.java:<init>(184)) - cb2fd3fb-19e5-42ca-9dfe-29780f3343f2: new RaftServerImpl for group-A6DCB62260B8:[cb2fd3fb-19e5-42ca-9dfe-29780f3343f2|rpc:10.1.0.24:34811|dataStream:|priority:0, bd11a757-4e61-4308-b965-88ab045257cd|rpc:10.1.0.24:46077|dataStream:|priority:0, bacbce02-2d3c-4c38-b1ae-00a91a518d9a|rpc:10.1.0.24:45207|dataStream:|priority:1] with ContainerStateMachine:uninitialized
2022-03-01 14:10:34,281 [pool-736-thread-1] INFO  server.RaftServerConfigKeys (ConfUtils.java:logGet(44)) - raft.server.rpc.timeout.min = 5s (custom)
2022-03-01 14:10:34,281 [pool-736-thread-1] INFO  server.RaftServerConfigKeys (ConfUtils.java:logGet(44)) - raft.server.rpc.timeout.max = 5200ms (custom)
2022-03-01 14:10:34,281 [pool-736-thread-1] INFO  server.RaftServerConfigKeys (ConfUtils.java:logGet(44)) - raft.server.rpc.sleep.time = 25ms (default)
2022-03-01 14:10:34,281 [pool-736-thread-1] INFO  server.RaftServerConfigKeys (ConfUtils.java:logGet(44)) - raft.server.rpc.slowness.timeout = 300s (custom)
2022-03-01 14:10:34,281 [pool-736-thread-1] INFO  server.RaftServerConfigKeys (ConfUtils.java:logGet(44)) - raft.server.leaderelection.leader.step-down.wait-time = 10s (default)
2022-03-01 14:10:34,281 [pool-736-thread-1] INFO  server.RaftServerConfigKeys (ConfUtils.java:logGet(44)) - raft.server.sleep.deviation.threshold = 300ms (default)
2022-03-01 14:10:34,281 [pool-736-thread-1] INFO  server.RaftServerConfigKeys (ConfUtils.java:logGet(44)) - raft.server.log.appender.install.snapshot.enabled = false (custom)
2022-03-01 14:10:34,281 [pool-736-thread-1] INFO  server.RaftServer$Division (ServerState.java:<init>(105)) - cb2fd3fb-19e5-42ca-9dfe-29780f3343f2@group-A6DCB62260B8: ConfigurationManager, init=-1: [cb2fd3fb-19e5-42ca-9dfe-29780f3343f2|rpc:10.1.0.24:34811|dataStream:|priority:0, bd11a757-4e61-4308-b965-88ab045257cd|rpc:10.1.0.24:46077|dataStream:|priority:0, bacbce02-2d3c-4c38-b1ae-00a91a518d9a|rpc:10.1.0.24:45207|dataStream:|priority:1], old=null, confs=<EMPTY_MAP>
2022-03-01 14:10:34,281 [pool-736-thread-1] INFO  server.RaftServerConfigKeys (ConfUtils.java:logGet(44)) - raft.server.storage.dir = [/home/runner/work/ozone/ozone/hadoop-ozone/integration-test/target/test-dir/MiniOzoneClusterImpl-eb83c96d-312e-41b9-bb81-21e4280f8c7c/datanode-1/data/ratis] (custom)
2022-03-01 14:10:34,282 [pool-736-thread-1] INFO  server.RaftServerConfigKeys (ConfUtils.java:logGet(44)) - raft.server.log.corruption.policy = EXCEPTION (default)
2022-03-01 14:10:34,282 [pool-736-thread-1] INFO  server.RaftServerConfigKeys (ConfUtils.java:logGet(44)) - raft.server.storage.free-space.min = 0MB (=0) (default)
2022-03-01 14:10:34,282 [pool-736-thread-1] INFO  storage.RaftStorageDirectory (RaftStorageDirectoryImpl.java:analyzeStorage(135)) - The storage directory /home/runner/work/ozone/ozone/hadoop-ozone/integration-test/target/test-dir/MiniOzoneClusterImpl-eb83c96d-312e-41b9-bb81-21e4280f8c7c/datanode-1/data/ratis/7eb2c6a2-fd08-4eca-9ebd-a6dcb62260b8 does not exist. Creating ...
2022-03-01 14:10:34,283 [pool-736-thread-1] INFO  storage.RaftStorageDirectory (RaftStorageDirectoryImpl.java:tryLock(230)) - Lock on /home/runner/work/ozone/ozone/hadoop-ozone/integration-test/target/test-dir/MiniOzoneClusterImpl-eb83c96d-312e-41b9-bb81-21e4280f8c7c/datanode-1/data/ratis/7eb2c6a2-fd08-4eca-9ebd-a6dcb62260b8/in_use.lock acquired by nodename 10349@fv-az195-209
2022-03-01 14:10:34,305 [pool-736-thread-1] INFO  storage.RaftStorage (RaftStorageImpl.java:format(89)) - Storage directory /home/runner/work/ozone/ozone/hadoop-ozone/integration-test/target/test-dir/MiniOzoneClusterImpl-eb83c96d-312e-41b9-bb81-21e4280f8c7c/datanode-1/data/ratis/7eb2c6a2-fd08-4eca-9ebd-a6dcb62260b8 has been successfully formatted.
2022-03-01 14:10:34,321 [pool-736-thread-1] INFO  ratis.ContainerStateMachine (ContainerStateMachine.java:loadSnapshot(236)) - group-A6DCB62260B8: The snapshot info is null. Setting the last applied indexto:(t:0, i:~)
2022-03-01 14:10:34,321 [pool-736-thread-1] INFO  server.RaftServerConfigKeys (ConfUtils.java:logGet(44)) - raft.server.notification.no-leader.timeout = 300s (custom)
2022-03-01 14:10:34,321 [pool-736-thread-1] INFO  server.RaftServerConfigKeys (ConfUtils.java:logGet(44)) - raft.server.log.use.memory = false (default)
2022-03-01 14:10:34,321 [pool-736-thread-1] INFO  server.RaftServerConfigKeys (ConfUtils.java:logGet(44)) - raft.server.log.purge.gap = 1000000 (custom)
2022-03-01 14:10:34,322 [pool-736-thread-1] INFO  server.RaftServerConfigKeys (ConfUtils.java:logGet(44)) - raft.server.log.appender.buffer.byte-limit = 33554432 (custom)
2022-03-01 14:10:34,322 [pool-736-thread-1] INFO  server.RaftServerConfigKeys (ConfUtils.java:logGet(44)) - raft.server.log.segment.size.max = 1048576 (custom)
2022-03-01 14:10:34,322 [pool-736-thread-1] INFO  server.RaftServerConfigKeys (ConfUtils.java:logGet(44)) - raft.server.log.segment.cache.num.max = 2 (custom)
2022-03-01 14:10:34,322 [pool-736-thread-1] INFO  server.RaftServerConfigKeys (ConfUtils.java:logGet(44)) - raft.server.log.segment.cache.size.max = 200MB (=209715200) (default)
2022-03-01 14:10:34,322 [pool-736-thread-1] INFO  segmented.SegmentedRaftLogWorker (SegmentedRaftLogWorker.java:<init>(182)) - new cb2fd3fb-19e5-42ca-9dfe-29780f3343f2@group-A6DCB62260B8-SegmentedRaftLogWorker for RaftStorageImpl:Storage Directory /home/runner/work/ozone/ozone/hadoop-ozone/integration-test/target/test-dir/MiniOzoneClusterImpl-eb83c96d-312e-41b9-bb81-21e4280f8c7c/datanode-1/data/ratis/7eb2c6a2-fd08-4eca-9ebd-a6dcb62260b8
2022-03-01 14:10:34,322 [pool-736-thread-1] INFO  server.RaftServerConfigKeys (ConfUtils.java:logGet(44)) - raft.server.log.queue.byte-limit = 4294967296 (custom)
2022-03-01 14:10:34,322 [pool-736-thread-1] INFO  server.RaftServerConfigKeys (ConfUtils.java:logGet(44)) - raft.server.log.queue.element-limit = 1024 (custom)
2022-03-01 14:10:34,322 [pool-736-thread-1] INFO  server.RaftServerConfigKeys (ConfUtils.java:logGet(44)) - raft.server.log.segment.size.max = 1048576 (custom)
2022-03-01 14:10:34,322 [pool-736-thread-1] INFO  server.RaftServerConfigKeys (ConfUtils.java:logGet(44)) - raft.server.log.preallocated.size = 16384 (custom)
2022-03-01 14:10:34,322 [pool-736-thread-1] INFO  server.RaftServerConfigKeys (ConfUtils.java:logGet(44)) - raft.server.log.force.sync.num = 128 (default)
2022-03-01 14:10:34,322 [pool-736-thread-1] INFO  server.RaftServerConfigKeys (ConfUtils.java:logGet(44)) - raft.server.log.statemachine.data.sync = true (default)
2022-03-01 14:10:34,322 [pool-736-thread-1] INFO  server.RaftServerConfigKeys (ConfUtils.java:logGet(44)) - raft.server.log.statemachine.data.sync.timeout = 10s (default)
2022-03-01 14:10:34,323 [pool-736-thread-1] INFO  server.RaftServerConfigKeys (ConfUtils.java:logGet(44)) - raft.server.log.statemachine.data.sync.timeout.retry = -1 (default)
2022-03-01 14:10:34,323 [pool-736-thread-1] INFO  server.RaftServerConfigKeys (ConfUtils.java:logGet(44)) - raft.server.log.write.buffer.size = 1048576 (custom)
2022-03-01 14:10:34,324 [pool-736-thread-1] INFO  server.RaftServerConfigKeys (ConfUtils.java:logGet(44)) - raft.server.log.statemachine.data.caching.enabled = true (custom)
2022-03-01 14:10:34,325 [pool-736-thread-1] INFO  segmented.SegmentedRaftLogWorker (SegmentedRaftLogWorker.java:lambda$new$0(133)) - cb2fd3fb-19e5-42ca-9dfe-29780f3343f2@group-A6DCB62260B8-SegmentedRaftLogWorker: flushIndex: setUnconditionally 0 -> -1
2022-03-01 14:10:34,325 [pool-736-thread-1] INFO  segmented.SegmentedRaftLogWorker (SegmentedRaftLogWorker.java:lambda$new$0(133)) - cb2fd3fb-19e5-42ca-9dfe-29780f3343f2@group-A6DCB62260B8-SegmentedRaftLogWorker: safeCacheEvictIndex: setUnconditionally 0 -> -1
2022-03-01 14:10:34,328 [pool-736-thread-1] INFO  server.RaftServerConfigKeys (ConfUtils.java:logGet(44)) - raft.server.snapshot.auto.trigger.enabled = true (custom)
2022-03-01 14:10:34,328 [pool-736-thread-1] INFO  server.RaftServerConfigKeys (ConfUtils.java:logGet(44)) - raft.server.snapshot.auto.trigger.threshold = 10000 (custom)
2022-03-01 14:10:34,328 [pool-736-thread-1] INFO  server.RaftServerConfigKeys (ConfUtils.java:logGet(44)) - raft.server.snapshot.retention.file.num = 5 (custom)
2022-03-01 14:10:34,328 [pool-736-thread-1] INFO  server.RaftServerConfigKeys (ConfUtils.java:logGet(44)) - raft.server.log.purge.upto.snapshot.index = false (default)
2022-03-01 14:10:34,328 [pool-736-thread-1] INFO  server.RaftServerConfigKeys (ConfUtils.java:logGet(44)) - raft.server.retrycache.expirytime = 600000ms (custom)
2022-03-01 14:10:34,328 [pool-736-thread-1] INFO  server.RaftServerConfigKeys (ConfUtils.java:logGet(44)) - raft.server.retrycache.statistics.expirytime = 100μs (default)
2022-03-01 14:10:34,329 [pool-736-thread-1] INFO  server.RaftServer$Division (RaftServerImpl.java:start(301)) - cb2fd3fb-19e5-42ca-9dfe-29780f3343f2@group-A6DCB62260B8: start as a follower, conf=-1: [cb2fd3fb-19e5-42ca-9dfe-29780f3343f2|rpc:10.1.0.24:34811|dataStream:|priority:0, bd11a757-4e61-4308-b965-88ab045257cd|rpc:10.1.0.24:46077|dataStream:|priority:0, bacbce02-2d3c-4c38-b1ae-00a91a518d9a|rpc:10.1.0.24:45207|dataStream:|priority:1], old=null
2022-03-01 14:10:34,330 [pool-736-thread-1] INFO  server.RaftServer$Division (RaftServerImpl.java:setRole(290)) - cb2fd3fb-19e5-42ca-9dfe-29780f3343f2@group-A6DCB62260B8: changes role from      null to FOLLOWER at term 0 for startAsFollower
2022-03-01 14:10:34,330 [pool-736-thread-1] INFO  impl.RoleInfo (RoleInfo.java:updateAndGet(130)) - cb2fd3fb-19e5-42ca-9dfe-29780f3343f2: start cb2fd3fb-19e5-42ca-9dfe-29780f3343f2@group-A6DCB62260B8-FollowerState
2022-03-01 14:10:34,338 [pool-736-thread-1] INFO  util.JmxRegister (JmxRegister.java:tryRegister(44)) - Successfully registered JMX Bean with object name Ratis:service=RaftServer,group=group-A6DCB62260B8,id=cb2fd3fb-19e5-42ca-9dfe-29780f3343f2
2022-03-01 14:10:34,374 [grpc-default-executor-4] INFO  server.RaftServer (RaftServerProxy.java:addNew(95)) - bd11a757-4e61-4308-b965-88ab045257cd: addNew group-A6DCB62260B8:[cb2fd3fb-19e5-42ca-9dfe-29780f3343f2|rpc:10.1.0.24:34811|dataStream:|priority:0, bd11a757-4e61-4308-b965-88ab045257cd|rpc:10.1.0.24:46077|dataStream:|priority:0, bacbce02-2d3c-4c38-b1ae-00a91a518d9a|rpc:10.1.0.24:45207|dataStream:|priority:1] returns group-A6DCB62260B8:java.util.concurrent.CompletableFuture@57869f86[Not completed]
2022-03-01 14:10:34,385 [pool-757-thread-1] INFO  server.RaftServer$Division (RaftServerImpl.java:<init>(184)) - bd11a757-4e61-4308-b965-88ab045257cd: new RaftServerImpl for group-A6DCB62260B8:[cb2fd3fb-19e5-42ca-9dfe-29780f3343f2|rpc:10.1.0.24:34811|dataStream:|priority:0, bd11a757-4e61-4308-b965-88ab045257cd|rpc:10.1.0.24:46077|dataStream:|priority:0, bacbce02-2d3c-4c38-b1ae-00a91a518d9a|rpc:10.1.0.24:45207|dataStream:|priority:1] with ContainerStateMachine:uninitialized
2022-03-01 14:10:34,415 [Listener at 127.0.0.1/43831] INFO  ozone.MiniOzoneClusterImpl (MiniOzoneClusterImpl.java:lambda$waitForClusterToBeReady$0(219)) - Nodes are ready. Got 3 of 3 DN Heartbeats.
2022-03-01 14:10:34,415 [Listener at 127.0.0.1/43831] INFO  ozone.MiniOzoneClusterImpl (MiniOzoneClusterImpl.java:lambda$waitForClusterToBeReady$0(222)) - Waiting for cluster to exit safe mode
2022-03-01 14:10:34,416 [Listener at 127.0.0.1/43831] INFO  ozone.MiniOzoneClusterImpl (MiniOzoneClusterImpl.java:lambda$waitForClusterToBeReady$0(224)) - SCM became leader
2022-03-01 14:10:34,425 [pool-757-thread-1] INFO  server.RaftServerConfigKeys (ConfUtils.java:logGet(44)) - raft.server.rpc.timeout.min = 5s (custom)
2022-03-01 14:10:34,425 [pool-757-thread-1] INFO  server.RaftServerConfigKeys (ConfUtils.java:logGet(44)) - raft.server.rpc.timeout.max = 5200ms (custom)
2022-03-01 14:10:34,425 [pool-757-thread-1] INFO  server.RaftServerConfigKeys (ConfUtils.java:logGet(44)) - raft.server.rpc.sleep.time = 25ms (default)
2022-03-01 14:10:34,425 [pool-757-thread-1] INFO  server.RaftServerConfigKeys (ConfUtils.java:logGet(44)) - raft.server.rpc.slowness.timeout = 300s (custom)
2022-03-01 14:10:34,425 [pool-757-thread-1] INFO  server.RaftServerConfigKeys (ConfUtils.java:logGet(44)) - raft.server.leaderelection.leader.step-down.wait-time = 10s (default)
2022-03-01 14:10:34,425 [pool-757-thread-1] INFO  server.RaftServerConfigKeys (ConfUtils.java:logGet(44)) - raft.server.sleep.deviation.threshold = 300ms (default)
2022-03-01 14:10:34,425 [pool-757-thread-1] INFO  server.RaftServerConfigKeys (ConfUtils.java:logGet(44)) - raft.server.log.appender.install.snapshot.enabled = false (custom)
2022-03-01 14:10:34,425 [pool-757-thread-1] INFO  server.RaftServer$Division (ServerState.java:<init>(105)) - bd11a757-4e61-4308-b965-88ab045257cd@group-A6DCB62260B8: ConfigurationManager, init=-1: [cb2fd3fb-19e5-42ca-9dfe-29780f3343f2|rpc:10.1.0.24:34811|dataStream:|priority:0, bd11a757-4e61-4308-b965-88ab045257cd|rpc:10.1.0.24:46077|dataStream:|priority:0, bacbce02-2d3c-4c38-b1ae-00a91a518d9a|rpc:10.1.0.24:45207|dataStream:|priority:1], old=null, confs=<EMPTY_MAP>
2022-03-01 14:10:34,426 [pool-757-thread-1] INFO  server.RaftServerConfigKeys (ConfUtils.java:logGet(44)) - raft.server.storage.dir = [/home/runner/work/ozone/ozone/hadoop-ozone/integration-test/target/test-dir/MiniOzoneClusterImpl-eb83c96d-312e-41b9-bb81-21e4280f8c7c/datanode-2/data/ratis] (custom)
2022-03-01 14:10:34,426 [pool-757-thread-1] INFO  server.RaftServerConfigKeys (ConfUtils.java:logGet(44)) - raft.server.log.corruption.policy = EXCEPTION (default)
2022-03-01 14:10:34,426 [pool-757-thread-1] INFO  server.RaftServerConfigKeys (ConfUtils.java:logGet(44)) - raft.server.storage.free-space.min = 0MB (=0) (default)
2022-03-01 14:10:34,426 [pool-757-thread-1] INFO  storage.RaftStorageDirectory (RaftStorageDirectoryImpl.java:analyzeStorage(135)) - The storage directory /home/runner/work/ozone/ozone/hadoop-ozone/integration-test/target/test-dir/MiniOzoneClusterImpl-eb83c96d-312e-41b9-bb81-21e4280f8c7c/datanode-2/data/ratis/7eb2c6a2-fd08-4eca-9ebd-a6dcb62260b8 does not exist. Creating ...
2022-03-01 14:10:34,435 [pool-757-thread-1] INFO  storage.RaftStorageDirectory (RaftStorageDirectoryImpl.java:tryLock(230)) - Lock on /home/runner/work/ozone/ozone/hadoop-ozone/integration-test/target/test-dir/MiniOzoneClusterImpl-eb83c96d-312e-41b9-bb81-21e4280f8c7c/datanode-2/data/ratis/7eb2c6a2-fd08-4eca-9ebd-a6dcb62260b8/in_use.lock acquired by nodename 10349@fv-az195-209
2022-03-01 14:10:34,443 [pool-757-thread-1] INFO  storage.RaftStorage (RaftStorageImpl.java:format(89)) - Storage directory /home/runner/work/ozone/ozone/hadoop-ozone/integration-test/target/test-dir/MiniOzoneClusterImpl-eb83c96d-312e-41b9-bb81-21e4280f8c7c/datanode-2/data/ratis/7eb2c6a2-fd08-4eca-9ebd-a6dcb62260b8 has been successfully formatted.
2022-03-01 14:10:34,466 [pool-757-thread-1] INFO  ratis.ContainerStateMachine (ContainerStateMachine.java:loadSnapshot(236)) - group-A6DCB62260B8: The snapshot info is null. Setting the last applied indexto:(t:0, i:~)
2022-03-01 14:10:34,466 [pool-757-thread-1] INFO  server.RaftServerConfigKeys (ConfUtils.java:logGet(44)) - raft.server.notification.no-leader.timeout = 300s (custom)
2022-03-01 14:10:34,466 [pool-757-thread-1] INFO  server.RaftServerConfigKeys (ConfUtils.java:logGet(44)) - raft.server.log.use.memory = false (default)
2022-03-01 14:10:34,466 [pool-757-thread-1] INFO  server.RaftServerConfigKeys (ConfUtils.java:logGet(44)) - raft.server.log.purge.gap = 1000000 (custom)
2022-03-01 14:10:34,466 [pool-757-thread-1] INFO  server.RaftServerConfigKeys (ConfUtils.java:logGet(44)) - raft.server.log.appender.buffer.byte-limit = 33554432 (custom)
2022-03-01 14:10:34,466 [pool-757-thread-1] INFO  server.RaftServerConfigKeys (ConfUtils.java:logGet(44)) - raft.server.log.segment.size.max = 1048576 (custom)
2022-03-01 14:10:34,467 [pool-757-thread-1] INFO  server.RaftServerConfigKeys (ConfUtils.java:logGet(44)) - raft.server.log.segment.cache.num.max = 2 (custom)
2022-03-01 14:10:34,467 [pool-757-thread-1] INFO  server.RaftServerConfigKeys (ConfUtils.java:logGet(44)) - raft.server.log.segment.cache.size.max = 200MB (=209715200) (default)
2022-03-01 14:10:34,467 [pool-757-thread-1] INFO  segmented.SegmentedRaftLogWorker (SegmentedRaftLogWorker.java:<init>(182)) - new bd11a757-4e61-4308-b965-88ab045257cd@group-A6DCB62260B8-SegmentedRaftLogWorker for RaftStorageImpl:Storage Directory /home/runner/work/ozone/ozone/hadoop-ozone/integration-test/target/test-dir/MiniOzoneClusterImpl-eb83c96d-312e-41b9-bb81-21e4280f8c7c/datanode-2/data/ratis/7eb2c6a2-fd08-4eca-9ebd-a6dcb62260b8
2022-03-01 14:10:34,467 [pool-757-thread-1] INFO  server.RaftServerConfigKeys (ConfUtils.java:logGet(44)) - raft.server.log.queue.byte-limit = 4294967296 (custom)
2022-03-01 14:10:34,467 [pool-757-thread-1] INFO  server.RaftServerConfigKeys (ConfUtils.java:logGet(44)) - raft.server.log.queue.element-limit = 1024 (custom)
2022-03-01 14:10:34,467 [pool-757-thread-1] INFO  server.RaftServerConfigKeys (ConfUtils.java:logGet(44)) - raft.server.log.segment.size.max = 1048576 (custom)
2022-03-01 14:10:34,467 [pool-757-thread-1] INFO  server.RaftServerConfigKeys (ConfUtils.java:logGet(44)) - raft.server.log.preallocated.size = 16384 (custom)
2022-03-01 14:10:34,467 [pool-757-thread-1] INFO  server.RaftServerConfigKeys (ConfUtils.java:logGet(44)) - raft.server.log.force.sync.num = 128 (default)
2022-03-01 14:10:34,467 [pool-757-thread-1] INFO  server.RaftServerConfigKeys (ConfUtils.java:logGet(44)) - raft.server.log.statemachine.data.sync = true (default)
2022-03-01 14:10:34,467 [pool-757-thread-1] INFO  server.RaftServerConfigKeys (ConfUtils.java:logGet(44)) - raft.server.log.statemachine.data.sync.timeout = 10s (default)
2022-03-01 14:10:34,467 [pool-757-thread-1] INFO  server.RaftServerConfigKeys (ConfUtils.java:logGet(44)) - raft.server.log.statemachine.data.sync.timeout.retry = -1 (default)
2022-03-01 14:10:34,468 [pool-757-thread-1] INFO  server.RaftServerConfigKeys (ConfUtils.java:logGet(44)) - raft.server.log.write.buffer.size = 1048576 (custom)
2022-03-01 14:10:34,468 [pool-757-thread-1] INFO  server.RaftServerConfigKeys (ConfUtils.java:logGet(44)) - raft.server.log.statemachine.data.caching.enabled = true (custom)
2022-03-01 14:10:34,469 [pool-757-thread-1] INFO  segmented.SegmentedRaftLogWorker (SegmentedRaftLogWorker.java:lambda$new$0(133)) - bd11a757-4e61-4308-b965-88ab045257cd@group-A6DCB62260B8-SegmentedRaftLogWorker: flushIndex: setUnconditionally 0 -> -1
2022-03-01 14:10:34,469 [pool-757-thread-1] INFO  segmented.SegmentedRaftLogWorker (SegmentedRaftLogWorker.java:lambda$new$0(133)) - bd11a757-4e61-4308-b965-88ab045257cd@group-A6DCB62260B8-SegmentedRaftLogWorker: safeCacheEvictIndex: setUnconditionally 0 -> -1
2022-03-01 14:10:34,470 [pool-757-thread-1] INFO  server.RaftServerConfigKeys (ConfUtils.java:logGet(44)) - raft.server.snapshot.auto.trigger.enabled = true (custom)
2022-03-01 14:10:34,470 [pool-757-thread-1] INFO  server.RaftServerConfigKeys (ConfUtils.java:logGet(44)) - raft.server.snapshot.auto.trigger.threshold = 10000 (custom)
2022-03-01 14:10:34,470 [pool-757-thread-1] INFO  server.RaftServerConfigKeys (ConfUtils.java:logGet(44)) - raft.server.snapshot.retention.file.num = 5 (custom)
2022-03-01 14:10:34,470 [pool-757-thread-1] INFO  server.RaftServerConfigKeys (ConfUtils.java:logGet(44)) - raft.server.log.purge.upto.snapshot.index = false (default)
2022-03-01 14:10:34,470 [pool-757-thread-1] INFO  server.RaftServerConfigKeys (ConfUtils.java:logGet(44)) - raft.server.retrycache.expirytime = 600000ms (custom)
2022-03-01 14:10:34,470 [pool-757-thread-1] INFO  server.RaftServerConfigKeys (ConfUtils.java:logGet(44)) - raft.server.retrycache.statistics.expirytime = 100μs (default)
2022-03-01 14:10:34,471 [pool-757-thread-1] INFO  server.RaftServer$Division (RaftServerImpl.java:start(301)) - bd11a757-4e61-4308-b965-88ab045257cd@group-A6DCB62260B8: start as a follower, conf=-1: [cb2fd3fb-19e5-42ca-9dfe-29780f3343f2|rpc:10.1.0.24:34811|dataStream:|priority:0, bd11a757-4e61-4308-b965-88ab045257cd|rpc:10.1.0.24:46077|dataStream:|priority:0, bacbce02-2d3c-4c38-b1ae-00a91a518d9a|rpc:10.1.0.24:45207|dataStream:|priority:1], old=null
2022-03-01 14:10:34,471 [pool-757-thread-1] INFO  server.RaftServer$Division (RaftServerImpl.java:setRole(290)) - bd11a757-4e61-4308-b965-88ab045257cd@group-A6DCB62260B8: changes role from      null to FOLLOWER at term 0 for startAsFollower
2022-03-01 14:10:34,471 [pool-757-thread-1] INFO  impl.RoleInfo (RoleInfo.java:updateAndGet(130)) - bd11a757-4e61-4308-b965-88ab045257cd: start bd11a757-4e61-4308-b965-88ab045257cd@group-A6DCB62260B8-FollowerState
2022-03-01 14:10:34,472 [pool-757-thread-1] INFO  util.JmxRegister (JmxRegister.java:tryRegister(44)) - Successfully registered JMX Bean with object name Ratis:service=RaftServer,group=group-A6DCB62260B8,id=bd11a757-4e61-4308-b965-88ab045257cd
2022-03-01 14:10:34,488 [Command processor thread] INFO  commandhandler.CreatePipelineCommandHandler (CreatePipelineCommandHandler.java:handle(106)) - Created Pipeline RATIS THREE PipelineID=7eb2c6a2-fd08-4eca-9ebd-a6dcb62260b8.
2022-03-01 14:10:34,488 [Command processor thread] INFO  server.RaftServer (RaftServerProxy.java:addNew(95)) - bacbce02-2d3c-4c38-b1ae-00a91a518d9a: addNew group-3A2C9E7AAA4A:[cb2fd3fb-19e5-42ca-9dfe-29780f3343f2|rpc:10.1.0.24:34811|priority:1, bd11a757-4e61-4308-b965-88ab045257cd|rpc:10.1.0.24:46077|priority:0, bacbce02-2d3c-4c38-b1ae-00a91a518d9a|rpc:10.1.0.24:45207|priority:0] returns group-3A2C9E7AAA4A:java.util.concurrent.CompletableFuture@30eeb1ea[Not completed]
2022-03-01 14:10:34,493 [pool-715-thread-1] INFO  server.RaftServer$Division (RaftServerImpl.java:<init>(184)) - bacbce02-2d3c-4c38-b1ae-00a91a518d9a: new RaftServerImpl for group-3A2C9E7AAA4A:[cb2fd3fb-19e5-42ca-9dfe-29780f3343f2|rpc:10.1.0.24:34811|priority:1, bd11a757-4e61-4308-b965-88ab045257cd|rpc:10.1.0.24:46077|priority:0, bacbce02-2d3c-4c38-b1ae-00a91a518d9a|rpc:10.1.0.24:45207|priority:0] with ContainerStateMachine:uninitialized
2022-03-01 14:10:34,493 [pool-715-thread-1] INFO  server.RaftServerConfigKeys (ConfUtils.java:logGet(44)) - raft.server.rpc.timeout.min = 5s (custom)
2022-03-01 14:10:34,493 [pool-715-thread-1] INFO  server.RaftServerConfigKeys (ConfUtils.java:logGet(44)) - raft.server.rpc.timeout.max = 5200ms (custom)
2022-03-01 14:10:34,493 [pool-715-thread-1] INFO  server.RaftServerConfigKeys (ConfUtils.java:logGet(44)) - raft.server.rpc.sleep.time = 25ms (default)
2022-03-01 14:10:34,493 [pool-715-thread-1] INFO  server.RaftServerConfigKeys (ConfUtils.java:logGet(44)) - raft.server.rpc.slowness.timeout = 300s (custom)
2022-03-01 14:10:34,493 [pool-715-thread-1] INFO  server.RaftServerConfigKeys (ConfUtils.java:logGet(44)) - raft.server.leaderelection.leader.step-down.wait-time = 10s (default)
2022-03-01 14:10:34,493 [pool-715-thread-1] INFO  server.RaftServerConfigKeys (ConfUtils.java:logGet(44)) - raft.server.sleep.deviation.threshold = 300ms (default)
2022-03-01 14:10:34,494 [pool-715-thread-1] INFO  server.RaftServerConfigKeys (ConfUtils.java:logGet(44)) - raft.server.log.appender.install.snapshot.enabled = false (custom)
2022-03-01 14:10:34,494 [pool-715-thread-1] INFO  server.RaftServer$Division (ServerState.java:<init>(105)) - bacbce02-2d3c-4c38-b1ae-00a91a518d9a@group-3A2C9E7AAA4A: ConfigurationManager, init=-1: [cb2fd3fb-19e5-42ca-9dfe-29780f3343f2|rpc:10.1.0.24:34811|priority:1, bd11a757-4e61-4308-b965-88ab045257cd|rpc:10.1.0.24:46077|priority:0, bacbce02-2d3c-4c38-b1ae-00a91a518d9a|rpc:10.1.0.24:45207|priority:0], old=null, confs=<EMPTY_MAP>
2022-03-01 14:10:34,494 [pool-715-thread-1] INFO  server.RaftServerConfigKeys (ConfUtils.java:logGet(44)) - raft.server.storage.dir = [/home/runner/work/ozone/ozone/hadoop-ozone/integration-test/target/test-dir/MiniOzoneClusterImpl-eb83c96d-312e-41b9-bb81-21e4280f8c7c/datanode-0/data/ratis] (custom)
2022-03-01 14:10:34,494 [pool-715-thread-1] INFO  server.RaftServerConfigKeys (ConfUtils.java:logGet(44)) - raft.server.log.corruption.policy = EXCEPTION (default)
2022-03-01 14:10:34,494 [pool-715-thread-1] INFO  server.RaftServerConfigKeys (ConfUtils.java:logGet(44)) - raft.server.storage.free-space.min = 0MB (=0) (default)
2022-03-01 14:10:34,494 [pool-715-thread-1] INFO  storage.RaftStorageDirectory (RaftStorageDirectoryImpl.java:analyzeStorage(135)) - The storage directory /home/runner/work/ozone/ozone/hadoop-ozone/integration-test/target/test-dir/MiniOzoneClusterImpl-eb83c96d-312e-41b9-bb81-21e4280f8c7c/datanode-0/data/ratis/cdfcc7b4-0a2d-48a8-a790-3a2c9e7aaa4a does not exist. Creating ...
2022-03-01 14:10:34,507 [pool-715-thread-1] INFO  storage.RaftStorageDirectory (RaftStorageDirectoryImpl.java:tryLock(230)) - Lock on /home/runner/work/ozone/ozone/hadoop-ozone/integration-test/target/test-dir/MiniOzoneClusterImpl-eb83c96d-312e-41b9-bb81-21e4280f8c7c/datanode-0/data/ratis/cdfcc7b4-0a2d-48a8-a790-3a2c9e7aaa4a/in_use.lock acquired by nodename 10349@fv-az195-209
2022-03-01 14:10:34,509 [pool-715-thread-1] INFO  storage.RaftStorage (RaftStorageImpl.java:format(89)) - Storage directory /home/runner/work/ozone/ozone/hadoop-ozone/integration-test/target/test-dir/MiniOzoneClusterImpl-eb83c96d-312e-41b9-bb81-21e4280f8c7c/datanode-0/data/ratis/cdfcc7b4-0a2d-48a8-a790-3a2c9e7aaa4a has been successfully formatted.
2022-03-01 14:10:34,509 [pool-715-thread-1] INFO  ratis.ContainerStateMachine (ContainerStateMachine.java:loadSnapshot(236)) - group-3A2C9E7AAA4A: The snapshot info is null. Setting the last applied indexto:(t:0, i:~)
2022-03-01 14:10:34,509 [pool-715-thread-1] INFO  server.RaftServerConfigKeys (ConfUtils.java:logGet(44)) - raft.server.notification.no-leader.timeout = 300s (custom)
2022-03-01 14:10:34,509 [pool-715-thread-1] INFO  server.RaftServerConfigKeys (ConfUtils.java:logGet(44)) - raft.server.log.use.memory = false (default)
2022-03-01 14:10:34,510 [pool-715-thread-1] INFO  server.RaftServerConfigKeys (ConfUtils.java:logGet(44)) - raft.server.log.purge.gap = 1000000 (custom)
2022-03-01 14:10:34,510 [pool-715-thread-1] INFO  server.RaftServerConfigKeys (ConfUtils.java:logGet(44)) - raft.server.log.appender.buffer.byte-limit = 33554432 (custom)
2022-03-01 14:10:34,510 [pool-715-thread-1] INFO  server.RaftServerConfigKeys (ConfUtils.java:logGet(44)) - raft.server.log.segment.size.max = 1048576 (custom)
2022-03-01 14:10:34,510 [pool-715-thread-1] INFO  server.RaftServerConfigKeys (ConfUtils.java:logGet(44)) - raft.server.log.segment.cache.num.max = 2 (custom)
2022-03-01 14:10:34,510 [pool-715-thread-1] INFO  server.RaftServerConfigKeys (ConfUtils.java:logGet(44)) - raft.server.log.segment.cache.size.max = 200MB (=209715200) (default)
2022-03-01 14:10:34,510 [pool-715-thread-1] INFO  segmented.SegmentedRaftLogWorker (SegmentedRaftLogWorker.java:<init>(182)) - new bacbce02-2d3c-4c38-b1ae-00a91a518d9a@group-3A2C9E7AAA4A-SegmentedRaftLogWorker for RaftStorageImpl:Storage Directory /home/runner/work/ozone/ozone/hadoop-ozone/integration-test/target/test-dir/MiniOzoneClusterImpl-eb83c96d-312e-41b9-bb81-21e4280f8c7c/datanode-0/data/ratis/cdfcc7b4-0a2d-48a8-a790-3a2c9e7aaa4a
2022-03-01 14:10:34,510 [pool-715-thread-1] INFO  server.RaftServerConfigKeys (ConfUtils.java:logGet(44)) - raft.server.log.queue.byte-limit = 4294967296 (custom)
2022-03-01 14:10:34,510 [pool-715-thread-1] INFO  server.RaftServerConfigKeys (ConfUtils.java:logGet(44)) - raft.server.log.queue.element-limit = 1024 (custom)
2022-03-01 14:10:34,510 [pool-715-thread-1] INFO  server.RaftServerConfigKeys (ConfUtils.java:logGet(44)) - raft.server.log.segment.size.max = 1048576 (custom)
2022-03-01 14:10:34,511 [pool-715-thread-1] INFO  server.RaftServerConfigKeys (ConfUtils.java:logGet(44)) - raft.server.log.preallocated.size = 16384 (custom)
2022-03-01 14:10:34,511 [pool-715-thread-1] INFO  server.RaftServerConfigKeys (ConfUtils.java:logGet(44)) - raft.server.log.force.sync.num = 128 (default)
2022-03-01 14:10:34,511 [pool-715-thread-1] INFO  server.RaftServerConfigKeys (ConfUtils.java:logGet(44)) - raft.server.log.statemachine.data.sync = true (default)
2022-03-01 14:10:34,511 [pool-715-thread-1] INFO  server.RaftServerConfigKeys (ConfUtils.java:logGet(44)) - raft.server.log.statemachine.data.sync.timeout = 10s (default)
2022-03-01 14:10:34,511 [pool-715-thread-1] INFO  server.RaftServerConfigKeys (ConfUtils.java:logGet(44)) - raft.server.log.statemachine.data.sync.timeout.retry = -1 (default)
2022-03-01 14:10:34,515 [EventQueue-OpenPipelineForHealthyPipelineSafeModeRule] INFO  safemode.SCMSafeModeManager (HealthyPipelineSafeModeRule.java:process(124)) - SCM in safe mode. Healthy pipelines reported count is 0, required healthy pipeline reported count is 1
2022-03-01 14:10:34,523 [pool-715-thread-1] INFO  server.RaftServerConfigKeys (ConfUtils.java:logGet(44)) - raft.server.log.write.buffer.size = 1048576 (custom)
2022-03-01 14:10:34,524 [pool-715-thread-1] INFO  server.RaftServerConfigKeys (ConfUtils.java:logGet(44)) - raft.server.log.statemachine.data.caching.enabled = true (custom)
2022-03-01 14:10:34,524 [pool-715-thread-1] INFO  segmented.SegmentedRaftLogWorker (SegmentedRaftLogWorker.java:lambda$new$0(133)) - bacbce02-2d3c-4c38-b1ae-00a91a518d9a@group-3A2C9E7AAA4A-SegmentedRaftLogWorker: flushIndex: setUnconditionally 0 -> -1
2022-03-01 14:10:34,524 [pool-715-thread-1] INFO  segmented.SegmentedRaftLogWorker (SegmentedRaftLogWorker.java:lambda$new$0(133)) - bacbce02-2d3c-4c38-b1ae-00a91a518d9a@group-3A2C9E7AAA4A-SegmentedRaftLogWorker: safeCacheEvictIndex: setUnconditionally 0 -> -1
2022-03-01 14:10:34,529 [pool-715-thread-1] INFO  server.RaftServerConfigKeys (ConfUtils.java:logGet(44)) - raft.server.snapshot.auto.trigger.enabled = true (custom)
2022-03-01 14:10:34,529 [pool-715-thread-1] INFO  server.RaftServerConfigKeys (ConfUtils.java:logGet(44)) - raft.server.snapshot.auto.trigger.threshold = 10000 (custom)
2022-03-01 14:10:34,529 [pool-715-thread-1] INFO  server.RaftServerConfigKeys (ConfUtils.java:logGet(44)) - raft.server.snapshot.retention.file.num = 5 (custom)
2022-03-01 14:10:34,529 [pool-715-thread-1] INFO  server.RaftServerConfigKeys (ConfUtils.java:logGet(44)) - raft.server.log.purge.upto.snapshot.index = false (default)
2022-03-01 14:10:34,529 [pool-715-thread-1] INFO  server.RaftServerConfigKeys (ConfUtils.java:logGet(44)) - raft.server.retrycache.expirytime = 600000ms (custom)
2022-03-01 14:10:34,529 [pool-715-thread-1] INFO  server.RaftServerConfigKeys (ConfUtils.java:logGet(44)) - raft.server.retrycache.statistics.expirytime = 100μs (default)
2022-03-01 14:10:34,530 [pool-715-thread-1] INFO  server.RaftServer$Division (RaftServerImpl.java:start(301)) - bacbce02-2d3c-4c38-b1ae-00a91a518d9a@group-3A2C9E7AAA4A: start as a follower, conf=-1: [cb2fd3fb-19e5-42ca-9dfe-29780f3343f2|rpc:10.1.0.24:34811|priority:1, bd11a757-4e61-4308-b965-88ab045257cd|rpc:10.1.0.24:46077|priority:0, bacbce02-2d3c-4c38-b1ae-00a91a518d9a|rpc:10.1.0.24:45207|priority:0], old=null
2022-03-01 14:10:34,560 [pool-715-thread-1] INFO  server.RaftServer$Division (RaftServerImpl.java:setRole(290)) - bacbce02-2d3c-4c38-b1ae-00a91a518d9a@group-3A2C9E7AAA4A: changes role from      null to FOLLOWER at term 0 for startAsFollower
2022-03-01 14:10:34,560 [pool-715-thread-1] INFO  impl.RoleInfo (RoleInfo.java:updateAndGet(130)) - bacbce02-2d3c-4c38-b1ae-00a91a518d9a: start bacbce02-2d3c-4c38-b1ae-00a91a518d9a@group-3A2C9E7AAA4A-FollowerState
2022-03-01 14:10:34,572 [pool-715-thread-1] INFO  util.JmxRegister (JmxRegister.java:tryRegister(44)) - Successfully registered JMX Bean with object name Ratis:service=RaftServer,group=group-3A2C9E7AAA4A,id=bacbce02-2d3c-4c38-b1ae-00a91a518d9a
2022-03-01 14:10:34,581 [Command processor thread] INFO  ratis.XceiverServerRatis (XceiverServerRatis.java:addGroup(769)) - Created group PipelineID=cdfcc7b4-0a2d-48a8-a790-3a2c9e7aaa4a
2022-03-01 14:10:34,609 [grpc-default-executor-4] INFO  server.RaftServer (RaftServerProxy.java:addNew(95)) - cb2fd3fb-19e5-42ca-9dfe-29780f3343f2: addNew group-3A2C9E7AAA4A:[cb2fd3fb-19e5-42ca-9dfe-29780f3343f2|rpc:10.1.0.24:34811|dataStream:|priority:1, bd11a757-4e61-4308-b965-88ab045257cd|rpc:10.1.0.24:46077|dataStream:|priority:0, bacbce02-2d3c-4c38-b1ae-00a91a518d9a|rpc:10.1.0.24:45207|dataStream:|priority:0] returns group-3A2C9E7AAA4A:java.util.concurrent.CompletableFuture@6002a15a[Not completed]
2022-03-01 14:10:34,610 [pool-736-thread-1] INFO  server.RaftServer$Division (RaftServerImpl.java:<init>(184)) - cb2fd3fb-19e5-42ca-9dfe-29780f3343f2: new RaftServerImpl for group-3A2C9E7AAA4A:[cb2fd3fb-19e5-42ca-9dfe-29780f3343f2|rpc:10.1.0.24:34811|dataStream:|priority:1, bd11a757-4e61-4308-b965-88ab045257cd|rpc:10.1.0.24:46077|dataStream:|priority:0, bacbce02-2d3c-4c38-b1ae-00a91a518d9a|rpc:10.1.0.24:45207|dataStream:|priority:0] with ContainerStateMachine:uninitialized
2022-03-01 14:10:34,610 [pool-736-thread-1] INFO  server.RaftServerConfigKeys (ConfUtils.java:logGet(44)) - raft.server.rpc.timeout.min = 5s (custom)
2022-03-01 14:10:34,610 [pool-736-thread-1] INFO  server.RaftServerConfigKeys (ConfUtils.java:logGet(44)) - raft.server.rpc.timeout.max = 5200ms (custom)
2022-03-01 14:10:34,610 [pool-736-thread-1] INFO  server.RaftServerConfigKeys (ConfUtils.java:logGet(44)) - raft.server.rpc.sleep.time = 25ms (default)
2022-03-01 14:10:34,610 [pool-736-thread-1] INFO  server.RaftServerConfigKeys (ConfUtils.java:logGet(44)) - raft.server.rpc.slowness.timeout = 300s (custom)
2022-03-01 14:10:34,610 [pool-736-thread-1] INFO  server.RaftServerConfigKeys (ConfUtils.java:logGet(44)) - raft.server.leaderelection.leader.step-down.wait-time = 10s (default)
2022-03-01 14:10:34,610 [pool-736-thread-1] INFO  server.RaftServerConfigKeys (ConfUtils.java:logGet(44)) - raft.server.sleep.deviation.threshold = 300ms (default)
2022-03-01 14:10:34,610 [pool-736-thread-1] INFO  server.RaftServerConfigKeys (ConfUtils.java:logGet(44)) - raft.server.log.appender.install.snapshot.enabled = false (custom)
2022-03-01 14:10:34,610 [pool-736-thread-1] INFO  server.RaftServer$Division (ServerState.java:<init>(105)) - cb2fd3fb-19e5-42ca-9dfe-29780f3343f2@group-3A2C9E7AAA4A: ConfigurationManager, init=-1: [cb2fd3fb-19e5-42ca-9dfe-29780f3343f2|rpc:10.1.0.24:34811|dataStream:|priority:1, bd11a757-4e61-4308-b965-88ab045257cd|rpc:10.1.0.24:46077|dataStream:|priority:0, bacbce02-2d3c-4c38-b1ae-00a91a518d9a|rpc:10.1.0.24:45207|dataStream:|priority:0], old=null, confs=<EMPTY_MAP>
2022-03-01 14:10:34,611 [pool-736-thread-1] INFO  server.RaftServerConfigKeys (ConfUtils.java:logGet(44)) - raft.server.storage.dir = [/home/runner/work/ozone/ozone/hadoop-ozone/integration-test/target/test-dir/MiniOzoneClusterImpl-eb83c96d-312e-41b9-bb81-21e4280f8c7c/datanode-1/data/ratis] (custom)
2022-03-01 14:10:34,611 [pool-736-thread-1] INFO  server.RaftServerConfigKeys (ConfUtils.java:logGet(44)) - raft.server.log.corruption.policy = EXCEPTION (default)
2022-03-01 14:10:34,611 [pool-736-thread-1] INFO  server.RaftServerConfigKeys (ConfUtils.java:logGet(44)) - raft.server.storage.free-space.min = 0MB (=0) (default)
2022-03-01 14:10:34,611 [pool-736-thread-1] INFO  storage.RaftStorageDirectory (RaftStorageDirectoryImpl.java:analyzeStorage(135)) - The storage directory /home/runner/work/ozone/ozone/hadoop-ozone/integration-test/target/test-dir/MiniOzoneClusterImpl-eb83c96d-312e-41b9-bb81-21e4280f8c7c/datanode-1/data/ratis/cdfcc7b4-0a2d-48a8-a790-3a2c9e7aaa4a does not exist. Creating ...
2022-03-01 14:10:34,613 [pool-736-thread-1] INFO  storage.RaftStorageDirectory (RaftStorageDirectoryImpl.java:tryLock(230)) - Lock on /home/runner/work/ozone/ozone/hadoop-ozone/integration-test/target/test-dir/MiniOzoneClusterImpl-eb83c96d-312e-41b9-bb81-21e4280f8c7c/datanode-1/data/ratis/cdfcc7b4-0a2d-48a8-a790-3a2c9e7aaa4a/in_use.lock acquired by nodename 10349@fv-az195-209
2022-03-01 14:10:34,615 [pool-736-thread-1] INFO  storage.RaftStorage (RaftStorageImpl.java:format(89)) - Storage directory /home/runner/work/ozone/ozone/hadoop-ozone/integration-test/target/test-dir/MiniOzoneClusterImpl-eb83c96d-312e-41b9-bb81-21e4280f8c7c/datanode-1/data/ratis/cdfcc7b4-0a2d-48a8-a790-3a2c9e7aaa4a has been successfully formatted.
2022-03-01 14:10:34,615 [pool-736-thread-1] INFO  ratis.ContainerStateMachine (ContainerStateMachine.java:loadSnapshot(236)) - group-3A2C9E7AAA4A: The snapshot info is null. Setting the last applied indexto:(t:0, i:~)
2022-03-01 14:10:34,615 [pool-736-thread-1] INFO  server.RaftServerConfigKeys (ConfUtils.java:logGet(44)) - raft.server.notification.no-leader.timeout = 300s (custom)
2022-03-01 14:10:34,615 [pool-736-thread-1] INFO  server.RaftServerConfigKeys (ConfUtils.java:logGet(44)) - raft.server.log.use.memory = false (default)
2022-03-01 14:10:34,615 [pool-736-thread-1] INFO  server.RaftServerConfigKeys (ConfUtils.java:logGet(44)) - raft.server.log.purge.gap = 1000000 (custom)
2022-03-01 14:10:34,615 [pool-736-thread-1] INFO  server.RaftServerConfigKeys (ConfUtils.java:logGet(44)) - raft.server.log.appender.buffer.byte-limit = 33554432 (custom)
2022-03-01 14:10:34,615 [pool-736-thread-1] INFO  server.RaftServerConfigKeys (ConfUtils.java:logGet(44)) - raft.server.log.segment.size.max = 1048576 (custom)
2022-03-01 14:10:34,616 [pool-736-thread-1] INFO  server.RaftServerConfigKeys (ConfUtils.java:logGet(44)) - raft.server.log.segment.cache.num.max = 2 (custom)
2022-03-01 14:10:34,616 [pool-736-thread-1] INFO  server.RaftServerConfigKeys (ConfUtils.java:logGet(44)) - raft.server.log.segment.cache.size.max = 200MB (=209715200) (default)
2022-03-01 14:10:34,616 [pool-736-thread-1] INFO  segmented.SegmentedRaftLogWorker (SegmentedRaftLogWorker.java:<init>(182)) - new cb2fd3fb-19e5-42ca-9dfe-29780f3343f2@group-3A2C9E7AAA4A-SegmentedRaftLogWorker for RaftStorageImpl:Storage Directory /home/runner/work/ozone/ozone/hadoop-ozone/integration-test/target/test-dir/MiniOzoneClusterImpl-eb83c96d-312e-41b9-bb81-21e4280f8c7c/datanode-1/data/ratis/cdfcc7b4-0a2d-48a8-a790-3a2c9e7aaa4a
2022-03-01 14:10:34,616 [pool-736-thread-1] INFO  server.RaftServerConfigKeys (ConfUtils.java:logGet(44)) - raft.server.log.queue.byte-limit = 4294967296 (custom)
2022-03-01 14:10:34,616 [pool-736-thread-1] INFO  server.RaftServerConfigKeys (ConfUtils.java:logGet(44)) - raft.server.log.queue.element-limit = 1024 (custom)
2022-03-01 14:10:34,616 [pool-736-thread-1] INFO  server.RaftServerConfigKeys (ConfUtils.java:logGet(44)) - raft.server.log.segment.size.max = 1048576 (custom)
2022-03-01 14:10:34,616 [pool-736-thread-1] INFO  server.RaftServerConfigKeys (ConfUtils.java:logGet(44)) - raft.server.log.preallocated.size = 16384 (custom)
2022-03-01 14:10:34,616 [pool-736-thread-1] INFO  server.RaftServerConfigKeys (ConfUtils.java:logGet(44)) - raft.server.log.force.sync.num = 128 (default)
2022-03-01 14:10:34,616 [pool-736-thread-1] INFO  server.RaftServerConfigKeys (ConfUtils.java:logGet(44)) - raft.server.log.statemachine.data.sync = true (default)
2022-03-01 14:10:34,616 [pool-736-thread-1] INFO  server.RaftServerConfigKeys (ConfUtils.java:logGet(44)) - raft.server.log.statemachine.data.sync.timeout = 10s (default)
2022-03-01 14:10:34,616 [pool-736-thread-1] INFO  server.RaftServerConfigKeys (ConfUtils.java:logGet(44)) - raft.server.log.statemachine.data.sync.timeout.retry = -1 (default)
2022-03-01 14:10:34,618 [pool-736-thread-1] INFO  server.RaftServerConfigKeys (ConfUtils.java:logGet(44)) - raft.server.log.write.buffer.size = 1048576 (custom)
2022-03-01 14:10:34,618 [pool-736-thread-1] INFO  server.RaftServerConfigKeys (ConfUtils.java:logGet(44)) - raft.server.log.statemachine.data.caching.enabled = true (custom)
2022-03-01 14:10:34,619 [pool-736-thread-1] INFO  segmented.SegmentedRaftLogWorker (SegmentedRaftLogWorker.java:lambda$new$0(133)) - cb2fd3fb-19e5-42ca-9dfe-29780f3343f2@group-3A2C9E7AAA4A-SegmentedRaftLogWorker: flushIndex: setUnconditionally 0 -> -1
2022-03-01 14:10:34,619 [pool-736-thread-1] INFO  segmented.SegmentedRaftLogWorker (SegmentedRaftLogWorker.java:lambda$new$0(133)) - cb2fd3fb-19e5-42ca-9dfe-29780f3343f2@group-3A2C9E7AAA4A-SegmentedRaftLogWorker: safeCacheEvictIndex: setUnconditionally 0 -> -1
2022-03-01 14:10:34,637 [pool-736-thread-1] INFO  server.RaftServerConfigKeys (ConfUtils.java:logGet(44)) - raft.server.snapshot.auto.trigger.enabled = true (custom)
2022-03-01 14:10:34,637 [pool-736-thread-1] INFO  server.RaftServerConfigKeys (ConfUtils.java:logGet(44)) - raft.server.snapshot.auto.trigger.threshold = 10000 (custom)
2022-03-01 14:10:34,637 [pool-736-thread-1] INFO  server.RaftServerConfigKeys (ConfUtils.java:logGet(44)) - raft.server.snapshot.retention.file.num = 5 (custom)
2022-03-01 14:10:34,637 [pool-736-thread-1] INFO  server.RaftServerConfigKeys (ConfUtils.java:logGet(44)) - raft.server.log.purge.upto.snapshot.index = false (default)
2022-03-01 14:10:34,639 [pool-736-thread-1] INFO  server.RaftServerConfigKeys (ConfUtils.java:logGet(44)) - raft.server.retrycache.expirytime = 600000ms (custom)
2022-03-01 14:10:34,639 [pool-736-thread-1] INFO  server.RaftServerConfigKeys (ConfUtils.java:logGet(44)) - raft.server.retrycache.statistics.expirytime = 100μs (default)
2022-03-01 14:10:34,649 [pool-736-thread-1] INFO  server.RaftServer$Division (RaftServerImpl.java:start(301)) - cb2fd3fb-19e5-42ca-9dfe-29780f3343f2@group-3A2C9E7AAA4A: start as a follower, conf=-1: [cb2fd3fb-19e5-42ca-9dfe-29780f3343f2|rpc:10.1.0.24:34811|dataStream:|priority:1, bd11a757-4e61-4308-b965-88ab045257cd|rpc:10.1.0.24:46077|dataStream:|priority:0, bacbce02-2d3c-4c38-b1ae-00a91a518d9a|rpc:10.1.0.24:45207|dataStream:|priority:0], old=null
2022-03-01 14:10:34,649 [pool-736-thread-1] INFO  server.RaftServer$Division (RaftServerImpl.java:setRole(290)) - cb2fd3fb-19e5-42ca-9dfe-29780f3343f2@group-3A2C9E7AAA4A: changes role from      null to FOLLOWER at term 0 for startAsFollower
2022-03-01 14:10:34,649 [pool-736-thread-1] INFO  impl.RoleInfo (RoleInfo.java:updateAndGet(130)) - cb2fd3fb-19e5-42ca-9dfe-29780f3343f2: start cb2fd3fb-19e5-42ca-9dfe-29780f3343f2@group-3A2C9E7AAA4A-FollowerState
2022-03-01 14:10:34,657 [pool-736-thread-1] INFO  util.JmxRegister (JmxRegister.java:tryRegister(44)) - Successfully registered JMX Bean with object name Ratis:service=RaftServer,group=group-3A2C9E7AAA4A,id=cb2fd3fb-19e5-42ca-9dfe-29780f3343f2
2022-03-01 14:10:34,677 [Command processor thread] INFO  server.RaftServer (RaftServerProxy.java:addNew(95)) - cb2fd3fb-19e5-42ca-9dfe-29780f3343f2: addNew group-9A139BEB9008:[cb2fd3fb-19e5-42ca-9dfe-29780f3343f2|rpc:10.1.0.24:34811|priority:1] returns group-9A139BEB9008:java.util.concurrent.CompletableFuture@34bea440[Not completed]
2022-03-01 14:10:34,677 [pool-736-thread-1] INFO  server.RaftServer$Division (RaftServerImpl.java:<init>(184)) - cb2fd3fb-19e5-42ca-9dfe-29780f3343f2: new RaftServerImpl for group-9A139BEB9008:[cb2fd3fb-19e5-42ca-9dfe-29780f3343f2|rpc:10.1.0.24:34811|priority:1] with ContainerStateMachine:uninitialized
2022-03-01 14:10:34,677 [pool-736-thread-1] INFO  server.RaftServerConfigKeys (ConfUtils.java:logGet(44)) - raft.server.rpc.timeout.min = 5s (custom)
2022-03-01 14:10:34,678 [pool-736-thread-1] INFO  server.RaftServerConfigKeys (ConfUtils.java:logGet(44)) - raft.server.rpc.timeout.max = 5200ms (custom)
2022-03-01 14:10:34,678 [pool-736-thread-1] INFO  server.RaftServerConfigKeys (ConfUtils.java:logGet(44)) - raft.server.rpc.sleep.time = 25ms (default)
2022-03-01 14:10:34,678 [pool-736-thread-1] INFO  server.RaftServerConfigKeys (ConfUtils.java:logGet(44)) - raft.server.rpc.slowness.timeout = 300s (custom)
2022-03-01 14:10:34,678 [pool-736-thread-1] INFO  server.RaftServerConfigKeys (ConfUtils.java:logGet(44)) - raft.server.leaderelection.leader.step-down.wait-time = 10s (default)
2022-03-01 14:10:34,678 [pool-736-thread-1] INFO  server.RaftServerConfigKeys (ConfUtils.java:logGet(44)) - raft.server.sleep.deviation.threshold = 300ms (default)
2022-03-01 14:10:34,678 [pool-736-thread-1] INFO  server.RaftServerConfigKeys (ConfUtils.java:logGet(44)) - raft.server.log.appender.install.snapshot.enabled = false (custom)
2022-03-01 14:10:34,678 [pool-736-thread-1] INFO  server.RaftServer$Division (ServerState.java:<init>(105)) - cb2fd3fb-19e5-42ca-9dfe-29780f3343f2@group-9A139BEB9008: ConfigurationManager, init=-1: [cb2fd3fb-19e5-42ca-9dfe-29780f3343f2|rpc:10.1.0.24:34811|priority:1], old=null, confs=<EMPTY_MAP>
2022-03-01 14:10:34,678 [pool-736-thread-1] INFO  server.RaftServerConfigKeys (ConfUtils.java:logGet(44)) - raft.server.storage.dir = [/home/runner/work/ozone/ozone/hadoop-ozone/integration-test/target/test-dir/MiniOzoneClusterImpl-eb83c96d-312e-41b9-bb81-21e4280f8c7c/datanode-1/data/ratis] (custom)
2022-03-01 14:10:34,678 [pool-736-thread-1] INFO  server.RaftServerConfigKeys (ConfUtils.java:logGet(44)) - raft.server.log.corruption.policy = EXCEPTION (default)
2022-03-01 14:10:34,678 [pool-736-thread-1] INFO  server.RaftServerConfigKeys (ConfUtils.java:logGet(44)) - raft.server.storage.free-space.min = 0MB (=0) (default)
2022-03-01 14:10:34,678 [pool-736-thread-1] INFO  storage.RaftStorageDirectory (RaftStorageDirectoryImpl.java:analyzeStorage(135)) - The storage directory /home/runner/work/ozone/ozone/hadoop-ozone/integration-test/target/test-dir/MiniOzoneClusterImpl-eb83c96d-312e-41b9-bb81-21e4280f8c7c/datanode-1/data/ratis/ac5718b7-1e43-4c4d-a806-9a139beb9008 does not exist. Creating ...
2022-03-01 14:10:34,682 [pool-736-thread-1] INFO  storage.RaftStorageDirectory (RaftStorageDirectoryImpl.java:tryLock(230)) - Lock on /home/runner/work/ozone/ozone/hadoop-ozone/integration-test/target/test-dir/MiniOzoneClusterImpl-eb83c96d-312e-41b9-bb81-21e4280f8c7c/datanode-1/data/ratis/ac5718b7-1e43-4c4d-a806-9a139beb9008/in_use.lock acquired by nodename 10349@fv-az195-209
2022-03-01 14:10:34,684 [pool-736-thread-1] INFO  storage.RaftStorage (RaftStorageImpl.java:format(89)) - Storage directory /home/runner/work/ozone/ozone/hadoop-ozone/integration-test/target/test-dir/MiniOzoneClusterImpl-eb83c96d-312e-41b9-bb81-21e4280f8c7c/datanode-1/data/ratis/ac5718b7-1e43-4c4d-a806-9a139beb9008 has been successfully formatted.
2022-03-01 14:10:34,685 [pool-736-thread-1] INFO  ratis.ContainerStateMachine (ContainerStateMachine.java:loadSnapshot(236)) - group-9A139BEB9008: The snapshot info is null. Setting the last applied indexto:(t:0, i:~)
2022-03-01 14:10:34,685 [pool-736-thread-1] INFO  server.RaftServerConfigKeys (ConfUtils.java:logGet(44)) - raft.server.notification.no-leader.timeout = 300s (custom)
2022-03-01 14:10:34,685 [pool-736-thread-1] INFO  server.RaftServerConfigKeys (ConfUtils.java:logGet(44)) - raft.server.log.use.memory = false (default)
2022-03-01 14:10:34,685 [pool-736-thread-1] INFO  server.RaftServerConfigKeys (ConfUtils.java:logGet(44)) - raft.server.log.purge.gap = 1000000 (custom)
2022-03-01 14:10:34,685 [pool-736-thread-1] INFO  server.RaftServerConfigKeys (ConfUtils.java:logGet(44)) - raft.server.log.appender.buffer.byte-limit = 33554432 (custom)
2022-03-01 14:10:34,686 [EventQueue-PipelineReportForPipelineReportHandler] INFO  pipeline.PipelineManagerImpl (PipelineManagerImpl.java:openPipeline(291)) - Pipeline Pipeline[ Id: ac5718b7-1e43-4c4d-a806-9a139beb9008, Nodes: cb2fd3fb-19e5-42ca-9dfe-29780f3343f2{ip: 10.1.0.24, host: fv-az195-209.u3nnjwd0vyge1bu22idnsdeq2e.cx.internal.cloudapp.net, ports: [REPLICATION=35567, RATIS=34811, RATIS_ADMIN=34811, RATIS_SERVER=34811, STANDALONE=42905], networkLocation: /default-rack, certSerialId: null, persistedOpState: IN_SERVICE, persistedOpStateExpiryEpochSec: 0}, ReplicationConfig: RATIS/ONE, State:ALLOCATED, leaderId:cb2fd3fb-19e5-42ca-9dfe-29780f3343f2, CreationTimestamp2022-03-01T14:10:31.674Z[Etc/UTC]] moved to OPEN state
2022-03-01 14:10:34,687 [0cede2b6-a3ab-41b8-8ae8-b37d84d11077@group-21E4280F8C7C-StateMachineUpdater] INFO  safemode.HealthyPipelineSafeModeRule (HealthyPipelineSafeModeRule.java:initializeRule(152)) - Refreshed total pipeline count is 0, healthy pipeline threshold count is 1
2022-03-01 14:10:34,687 [EventQueue-OpenPipelineForHealthyPipelineSafeModeRule] INFO  safemode.SCMSafeModeManager (HealthyPipelineSafeModeRule.java:process(124)) - SCM in safe mode. Healthy pipelines reported count is 0, required healthy pipeline reported count is 1
2022-03-01 14:10:34,693 [pool-736-thread-1] INFO  server.RaftServerConfigKeys (ConfUtils.java:logGet(44)) - raft.server.log.segment.size.max = 1048576 (custom)
2022-03-01 14:10:34,694 [pool-736-thread-1] INFO  server.RaftServerConfigKeys (ConfUtils.java:logGet(44)) - raft.server.log.segment.cache.num.max = 2 (custom)
2022-03-01 14:10:34,694 [pool-736-thread-1] INFO  server.RaftServerConfigKeys (ConfUtils.java:logGet(44)) - raft.server.log.segment.cache.size.max = 200MB (=209715200) (default)
2022-03-01 14:10:34,694 [pool-736-thread-1] INFO  segmented.SegmentedRaftLogWorker (SegmentedRaftLogWorker.java:<init>(182)) - new cb2fd3fb-19e5-42ca-9dfe-29780f3343f2@group-9A139BEB9008-SegmentedRaftLogWorker for RaftStorageImpl:Storage Directory /home/runner/work/ozone/ozone/hadoop-ozone/integration-test/target/test-dir/MiniOzoneClusterImpl-eb83c96d-312e-41b9-bb81-21e4280f8c7c/datanode-1/data/ratis/ac5718b7-1e43-4c4d-a806-9a139beb9008
2022-03-01 14:10:34,694 [pool-736-thread-1] INFO  server.RaftServerConfigKeys (ConfUtils.java:logGet(44)) - raft.server.log.queue.byte-limit = 4294967296 (custom)
2022-03-01 14:10:34,694 [pool-736-thread-1] INFO  server.RaftServerConfigKeys (ConfUtils.java:logGet(44)) - raft.server.log.queue.element-limit = 1024 (custom)
2022-03-01 14:10:34,713 [pool-736-thread-1] INFO  server.RaftServerConfigKeys (ConfUtils.java:logGet(44)) - raft.server.log.segment.size.max = 1048576 (custom)
2022-03-01 14:10:34,713 [pool-736-thread-1] INFO  server.RaftServerConfigKeys (ConfUtils.java:logGet(44)) - raft.server.log.preallocated.size = 16384 (custom)
2022-03-01 14:10:34,713 [pool-736-thread-1] INFO  server.RaftServerConfigKeys (ConfUtils.java:logGet(44)) - raft.server.log.force.sync.num = 128 (default)
2022-03-01 14:10:34,713 [pool-736-thread-1] INFO  server.RaftServerConfigKeys (ConfUtils.java:logGet(44)) - raft.server.log.statemachine.data.sync = true (default)
2022-03-01 14:10:34,713 [pool-736-thread-1] INFO  server.RaftServerConfigKeys (ConfUtils.java:logGet(44)) - raft.server.log.statemachine.data.sync.timeout = 10s (default)
2022-03-01 14:10:34,713 [pool-736-thread-1] INFO  server.RaftServerConfigKeys (ConfUtils.java:logGet(44)) - raft.server.log.statemachine.data.sync.timeout.retry = -1 (default)
2022-03-01 14:10:34,714 [pool-736-thread-1] INFO  server.RaftServerConfigKeys (ConfUtils.java:logGet(44)) - raft.server.log.write.buffer.size = 1048576 (custom)
2022-03-01 14:10:34,715 [pool-736-thread-1] INFO  server.RaftServerConfigKeys (ConfUtils.java:logGet(44)) - raft.server.log.statemachine.data.caching.enabled = true (custom)
2022-03-01 14:10:34,715 [pool-736-thread-1] INFO  segmented.SegmentedRaftLogWorker (SegmentedRaftLogWorker.java:lambda$new$0(133)) - cb2fd3fb-19e5-42ca-9dfe-29780f3343f2@group-9A139BEB9008-SegmentedRaftLogWorker: flushIndex: setUnconditionally 0 -> -1
2022-03-01 14:10:34,715 [pool-736-thread-1] INFO  segmented.SegmentedRaftLogWorker (SegmentedRaftLogWorker.java:lambda$new$0(133)) - cb2fd3fb-19e5-42ca-9dfe-29780f3343f2@group-9A139BEB9008-SegmentedRaftLogWorker: safeCacheEvictIndex: setUnconditionally 0 -> -1
2022-03-01 14:10:34,697 [pool-757-thread-1] INFO  server.RaftServer$Division (RaftServerImpl.java:<init>(184)) - bd11a757-4e61-4308-b965-88ab045257cd: new RaftServerImpl for group-3A2C9E7AAA4A:[cb2fd3fb-19e5-42ca-9dfe-29780f3343f2|rpc:10.1.0.24:34811|dataStream:|priority:1, bd11a757-4e61-4308-b965-88ab045257cd|rpc:10.1.0.24:46077|dataStream:|priority:0, bacbce02-2d3c-4c38-b1ae-00a91a518d9a|rpc:10.1.0.24:45207|dataStream:|priority:0] with ContainerStateMachine:uninitialized
2022-03-01 14:10:34,717 [pool-757-thread-1] INFO  server.RaftServerConfigKeys (ConfUtils.java:logGet(44)) - raft.server.rpc.timeout.min = 5s (custom)
2022-03-01 14:10:34,717 [pool-757-thread-1] INFO  server.RaftServerConfigKeys (ConfUtils.java:logGet(44)) - raft.server.rpc.timeout.max = 5200ms (custom)
2022-03-01 14:10:34,717 [pool-757-thread-1] INFO  server.RaftServerConfigKeys (ConfUtils.java:logGet(44)) - raft.server.rpc.sleep.time = 25ms (default)
2022-03-01 14:10:34,717 [pool-757-thread-1] INFO  server.RaftServerConfigKeys (ConfUtils.java:logGet(44)) - raft.server.rpc.slowness.timeout = 300s (custom)
2022-03-01 14:10:34,717 [pool-757-thread-1] INFO  server.RaftServerConfigKeys (ConfUtils.java:logGet(44)) - raft.server.leaderelection.leader.step-down.wait-time = 10s (default)
2022-03-01 14:10:34,717 [pool-757-thread-1] INFO  server.RaftServerConfigKeys (ConfUtils.java:logGet(44)) - raft.server.sleep.deviation.threshold = 300ms (default)
2022-03-01 14:10:34,717 [pool-757-thread-1] INFO  server.RaftServerConfigKeys (ConfUtils.java:logGet(44)) - raft.server.log.appender.install.snapshot.enabled = false (custom)
2022-03-01 14:10:34,717 [pool-757-thread-1] INFO  server.RaftServer$Division (ServerState.java:<init>(105)) - bd11a757-4e61-4308-b965-88ab045257cd@group-3A2C9E7AAA4A: ConfigurationManager, init=-1: [cb2fd3fb-19e5-42ca-9dfe-29780f3343f2|rpc:10.1.0.24:34811|dataStream:|priority:1, bd11a757-4e61-4308-b965-88ab045257cd|rpc:10.1.0.24:46077|dataStream:|priority:0, bacbce02-2d3c-4c38-b1ae-00a91a518d9a|rpc:10.1.0.24:45207|dataStream:|priority:0], old=null, confs=<EMPTY_MAP>
2022-03-01 14:10:34,717 [pool-757-thread-1] INFO  server.RaftServerConfigKeys (ConfUtils.java:logGet(44)) - raft.server.storage.dir = [/home/runner/work/ozone/ozone/hadoop-ozone/integration-test/target/test-dir/MiniOzoneClusterImpl-eb83c96d-312e-41b9-bb81-21e4280f8c7c/datanode-2/data/ratis] (custom)
2022-03-01 14:10:34,717 [pool-757-thread-1] INFO  server.RaftServerConfigKeys (ConfUtils.java:logGet(44)) - raft.server.log.corruption.policy = EXCEPTION (default)
2022-03-01 14:10:34,717 [pool-757-thread-1] INFO  server.RaftServerConfigKeys (ConfUtils.java:logGet(44)) - raft.server.storage.free-space.min = 0MB (=0) (default)
2022-03-01 14:10:34,717 [pool-757-thread-1] INFO  storage.RaftStorageDirectory (RaftStorageDirectoryImpl.java:analyzeStorage(135)) - The storage directory /home/runner/work/ozone/ozone/hadoop-ozone/integration-test/target/test-dir/MiniOzoneClusterImpl-eb83c96d-312e-41b9-bb81-21e4280f8c7c/datanode-2/data/ratis/cdfcc7b4-0a2d-48a8-a790-3a2c9e7aaa4a does not exist. Creating ...
2022-03-01 14:10:34,696 [grpc-default-executor-4] INFO  server.RaftServer (RaftServerProxy.java:addNew(95)) - bd11a757-4e61-4308-b965-88ab045257cd: addNew group-3A2C9E7AAA4A:[cb2fd3fb-19e5-42ca-9dfe-29780f3343f2|rpc:10.1.0.24:34811|dataStream:|priority:1, bd11a757-4e61-4308-b965-88ab045257cd|rpc:10.1.0.24:46077|dataStream:|priority:0, bacbce02-2d3c-4c38-b1ae-00a91a518d9a|rpc:10.1.0.24:45207|dataStream:|priority:0] returns group-3A2C9E7AAA4A:java.util.concurrent.CompletableFuture@4da24b74[Not completed]
2022-03-01 14:10:34,720 [pool-736-thread-1] INFO  server.RaftServerConfigKeys (ConfUtils.java:logGet(44)) - raft.server.snapshot.auto.trigger.enabled = true (custom)
2022-03-01 14:10:34,720 [pool-736-thread-1] INFO  server.RaftServerConfigKeys (ConfUtils.java:logGet(44)) - raft.server.snapshot.auto.trigger.threshold = 10000 (custom)
2022-03-01 14:10:34,721 [pool-736-thread-1] INFO  server.RaftServerConfigKeys (ConfUtils.java:logGet(44)) - raft.server.snapshot.retention.file.num = 5 (custom)
2022-03-01 14:10:34,721 [pool-736-thread-1] INFO  server.RaftServerConfigKeys (ConfUtils.java:logGet(44)) - raft.server.log.purge.upto.snapshot.index = false (default)
2022-03-01 14:10:34,721 [pool-736-thread-1] INFO  server.RaftServerConfigKeys (ConfUtils.java:logGet(44)) - raft.server.retrycache.expirytime = 600000ms (custom)
2022-03-01 14:10:34,721 [pool-757-thread-1] INFO  storage.RaftStorageDirectory (RaftStorageDirectoryImpl.java:tryLock(230)) - Lock on /home/runner/work/ozone/ozone/hadoop-ozone/integration-test/target/test-dir/MiniOzoneClusterImpl-eb83c96d-312e-41b9-bb81-21e4280f8c7c/datanode-2/data/ratis/cdfcc7b4-0a2d-48a8-a790-3a2c9e7aaa4a/in_use.lock acquired by nodename 10349@fv-az195-209
2022-03-01 14:10:34,721 [pool-736-thread-1] INFO  server.RaftServerConfigKeys (ConfUtils.java:logGet(44)) - raft.server.retrycache.statistics.expirytime = 100μs (default)
2022-03-01 14:10:34,722 [pool-736-thread-1] INFO  server.RaftServer$Division (RaftServerImpl.java:start(301)) - cb2fd3fb-19e5-42ca-9dfe-29780f3343f2@group-9A139BEB9008: start as a follower, conf=-1: [cb2fd3fb-19e5-42ca-9dfe-29780f3343f2|rpc:10.1.0.24:34811|priority:1], old=null
2022-03-01 14:10:34,723 [pool-736-thread-1] INFO  server.RaftServer$Division (RaftServerImpl.java:setRole(290)) - cb2fd3fb-19e5-42ca-9dfe-29780f3343f2@group-9A139BEB9008: changes role from      null to FOLLOWER at term 0 for startAsFollower
2022-03-01 14:10:34,723 [pool-736-thread-1] INFO  impl.RoleInfo (RoleInfo.java:updateAndGet(130)) - cb2fd3fb-19e5-42ca-9dfe-29780f3343f2: start cb2fd3fb-19e5-42ca-9dfe-29780f3343f2@group-9A139BEB9008-FollowerState
2022-03-01 14:10:34,726 [pool-757-thread-1] INFO  storage.RaftStorage (RaftStorageImpl.java:format(89)) - Storage directory /home/runner/work/ozone/ozone/hadoop-ozone/integration-test/target/test-dir/MiniOzoneClusterImpl-eb83c96d-312e-41b9-bb81-21e4280f8c7c/datanode-2/data/ratis/cdfcc7b4-0a2d-48a8-a790-3a2c9e7aaa4a has been successfully formatted.
2022-03-01 14:10:34,740 [pool-757-thread-1] INFO  ratis.ContainerStateMachine (ContainerStateMachine.java:loadSnapshot(236)) - group-3A2C9E7AAA4A: The snapshot info is null. Setting the last applied indexto:(t:0, i:~)
2022-03-01 14:10:34,742 [pool-757-thread-1] INFO  server.RaftServerConfigKeys (ConfUtils.java:logGet(44)) - raft.server.notification.no-leader.timeout = 300s (custom)
2022-03-01 14:10:34,742 [pool-757-thread-1] INFO  server.RaftServerConfigKeys (ConfUtils.java:logGet(44)) - raft.server.log.use.memory = false (default)
2022-03-01 14:10:34,742 [pool-757-thread-1] INFO  server.RaftServerConfigKeys (ConfUtils.java:logGet(44)) - raft.server.log.purge.gap = 1000000 (custom)
2022-03-01 14:10:34,742 [pool-757-thread-1] INFO  server.RaftServerConfigKeys (ConfUtils.java:logGet(44)) - raft.server.log.appender.buffer.byte-limit = 33554432 (custom)
2022-03-01 14:10:34,742 [pool-757-thread-1] INFO  server.RaftServerConfigKeys (ConfUtils.java:logGet(44)) - raft.server.log.segment.size.max = 1048576 (custom)
2022-03-01 14:10:34,743 [pool-757-thread-1] INFO  server.RaftServerConfigKeys (ConfUtils.java:logGet(44)) - raft.server.log.segment.cache.num.max = 2 (custom)
2022-03-01 14:10:34,743 [pool-757-thread-1] INFO  server.RaftServerConfigKeys (ConfUtils.java:logGet(44)) - raft.server.log.segment.cache.size.max = 200MB (=209715200) (default)
2022-03-01 14:10:34,743 [pool-757-thread-1] INFO  segmented.SegmentedRaftLogWorker (SegmentedRaftLogWorker.java:<init>(182)) - new bd11a757-4e61-4308-b965-88ab045257cd@group-3A2C9E7AAA4A-SegmentedRaftLogWorker for RaftStorageImpl:Storage Directory /home/runner/work/ozone/ozone/hadoop-ozone/integration-test/target/test-dir/MiniOzoneClusterImpl-eb83c96d-312e-41b9-bb81-21e4280f8c7c/datanode-2/data/ratis/cdfcc7b4-0a2d-48a8-a790-3a2c9e7aaa4a
2022-03-01 14:10:34,743 [pool-757-thread-1] INFO  server.RaftServerConfigKeys (ConfUtils.java:logGet(44)) - raft.server.log.queue.byte-limit = 4294967296 (custom)
2022-03-01 14:10:34,743 [pool-757-thread-1] INFO  server.RaftServerConfigKeys (ConfUtils.java:logGet(44)) - raft.server.log.queue.element-limit = 1024 (custom)
2022-03-01 14:10:34,743 [pool-757-thread-1] INFO  server.RaftServerConfigKeys (ConfUtils.java:logGet(44)) - raft.server.log.segment.size.max = 1048576 (custom)
2022-03-01 14:10:34,743 [pool-757-thread-1] INFO  server.RaftServerConfigKeys (ConfUtils.java:logGet(44)) - raft.server.log.preallocated.size = 16384 (custom)
2022-03-01 14:10:34,743 [pool-757-thread-1] INFO  server.RaftServerConfigKeys (ConfUtils.java:logGet(44)) - raft.server.log.force.sync.num = 128 (default)
2022-03-01 14:10:34,743 [pool-757-thread-1] INFO  server.RaftServerConfigKeys (ConfUtils.java:logGet(44)) - raft.server.log.statemachine.data.sync = true (default)
2022-03-01 14:10:34,743 [pool-757-thread-1] INFO  server.RaftServerConfigKeys (ConfUtils.java:logGet(44)) - raft.server.log.statemachine.data.sync.timeout = 10s (default)
2022-03-01 14:10:34,743 [pool-757-thread-1] INFO  server.RaftServerConfigKeys (ConfUtils.java:logGet(44)) - raft.server.log.statemachine.data.sync.timeout.retry = -1 (default)
2022-03-01 14:10:34,744 [pool-757-thread-1] INFO  server.RaftServerConfigKeys (ConfUtils.java:logGet(44)) - raft.server.log.write.buffer.size = 1048576 (custom)
2022-03-01 14:10:34,747 [pool-736-thread-1] INFO  util.JmxRegister (JmxRegister.java:tryRegister(44)) - Successfully registered JMX Bean with object name Ratis:service=RaftServer,group=group-9A139BEB9008,id=cb2fd3fb-19e5-42ca-9dfe-29780f3343f2
2022-03-01 14:10:34,751 [pool-757-thread-1] INFO  server.RaftServerConfigKeys (ConfUtils.java:logGet(44)) - raft.server.log.statemachine.data.caching.enabled = true (custom)
2022-03-01 14:10:34,751 [pool-757-thread-1] INFO  segmented.SegmentedRaftLogWorker (SegmentedRaftLogWorker.java:lambda$new$0(133)) - bd11a757-4e61-4308-b965-88ab045257cd@group-3A2C9E7AAA4A-SegmentedRaftLogWorker: flushIndex: setUnconditionally 0 -> -1
2022-03-01 14:10:34,751 [pool-757-thread-1] INFO  segmented.SegmentedRaftLogWorker (SegmentedRaftLogWorker.java:lambda$new$0(133)) - bd11a757-4e61-4308-b965-88ab045257cd@group-3A2C9E7AAA4A-SegmentedRaftLogWorker: safeCacheEvictIndex: setUnconditionally 0 -> -1
2022-03-01 14:10:34,757 [Command processor thread] INFO  ratis.XceiverServerRatis (XceiverServerRatis.java:addGroup(769)) - Created group PipelineID=ac5718b7-1e43-4c4d-a806-9a139beb9008
2022-03-01 14:10:34,757 [Command processor thread] INFO  commandhandler.CreatePipelineCommandHandler (CreatePipelineCommandHandler.java:handle(106)) - Created Pipeline RATIS ONE PipelineID=ac5718b7-1e43-4c4d-a806-9a139beb9008.
2022-03-01 14:10:34,777 [pool-757-thread-1] INFO  server.RaftServerConfigKeys (ConfUtils.java:logGet(44)) - raft.server.snapshot.auto.trigger.enabled = true (custom)
2022-03-01 14:10:34,777 [pool-757-thread-1] INFO  server.RaftServerConfigKeys (ConfUtils.java:logGet(44)) - raft.server.snapshot.auto.trigger.threshold = 10000 (custom)
2022-03-01 14:10:34,777 [pool-757-thread-1] INFO  server.RaftServerConfigKeys (ConfUtils.java:logGet(44)) - raft.server.snapshot.retention.file.num = 5 (custom)
2022-03-01 14:10:34,777 [pool-757-thread-1] INFO  server.RaftServerConfigKeys (ConfUtils.java:logGet(44)) - raft.server.log.purge.upto.snapshot.index = false (default)
2022-03-01 14:10:34,777 [pool-757-thread-1] INFO  server.RaftServerConfigKeys (ConfUtils.java:logGet(44)) - raft.server.retrycache.expirytime = 600000ms (custom)
2022-03-01 14:10:34,777 [pool-757-thread-1] INFO  server.RaftServerConfigKeys (ConfUtils.java:logGet(44)) - raft.server.retrycache.statistics.expirytime = 100μs (default)
2022-03-01 14:10:34,779 [pool-757-thread-1] INFO  server.RaftServer$Division (RaftServerImpl.java:start(301)) - bd11a757-4e61-4308-b965-88ab045257cd@group-3A2C9E7AAA4A: start as a follower, conf=-1: [cb2fd3fb-19e5-42ca-9dfe-29780f3343f2|rpc:10.1.0.24:34811|dataStream:|priority:1, bd11a757-4e61-4308-b965-88ab045257cd|rpc:10.1.0.24:46077|dataStream:|priority:0, bacbce02-2d3c-4c38-b1ae-00a91a518d9a|rpc:10.1.0.24:45207|dataStream:|priority:0], old=null
2022-03-01 14:10:34,779 [pool-757-thread-1] INFO  server.RaftServer$Division (RaftServerImpl.java:setRole(290)) - bd11a757-4e61-4308-b965-88ab045257cd@group-3A2C9E7AAA4A: changes role from      null to FOLLOWER at term 0 for startAsFollower
2022-03-01 14:10:34,779 [pool-757-thread-1] INFO  impl.RoleInfo (RoleInfo.java:updateAndGet(130)) - bd11a757-4e61-4308-b965-88ab045257cd: start bd11a757-4e61-4308-b965-88ab045257cd@group-3A2C9E7AAA4A-FollowerState
2022-03-01 14:10:34,787 [pool-757-thread-1] INFO  util.JmxRegister (JmxRegister.java:tryRegister(44)) - Successfully registered JMX Bean with object name Ratis:service=RaftServer,group=group-3A2C9E7AAA4A,id=bd11a757-4e61-4308-b965-88ab045257cd
2022-03-01 14:10:34,844 [Command processor thread] INFO  commandhandler.CreatePipelineCommandHandler (CreatePipelineCommandHandler.java:handle(106)) - Created Pipeline RATIS THREE PipelineID=cdfcc7b4-0a2d-48a8-a790-3a2c9e7aaa4a.
2022-03-01 14:10:35,416 [Listener at 127.0.0.1/43831] INFO  ozone.MiniOzoneClusterImpl (MiniOzoneClusterImpl.java:lambda$waitForClusterToBeReady$0(219)) - Nodes are ready. Got 3 of 3 DN Heartbeats.
2022-03-01 14:10:35,416 [Listener at 127.0.0.1/43831] INFO  ozone.MiniOzoneClusterImpl (MiniOzoneClusterImpl.java:lambda$waitForClusterToBeReady$0(222)) - Waiting for cluster to exit safe mode
2022-03-01 14:10:35,416 [Listener at 127.0.0.1/43831] INFO  ozone.MiniOzoneClusterImpl (MiniOzoneClusterImpl.java:lambda$waitForClusterToBeReady$0(224)) - SCM became leader
2022-03-01 14:10:35,437 [Command processor thread] INFO  server.RaftServer (RaftServerProxy.java:addNew(95)) - bd11a757-4e61-4308-b965-88ab045257cd: addNew group-DF28F730D59C:[bd11a757-4e61-4308-b965-88ab045257cd|rpc:10.1.0.24:46077|priority:1] returns group-DF28F730D59C:java.util.concurrent.CompletableFuture@1d16c4a5[Not completed]
2022-03-01 14:10:35,438 [pool-757-thread-1] INFO  server.RaftServer$Division (RaftServerImpl.java:<init>(184)) - bd11a757-4e61-4308-b965-88ab045257cd: new RaftServerImpl for group-DF28F730D59C:[bd11a757-4e61-4308-b965-88ab045257cd|rpc:10.1.0.24:46077|priority:1] with ContainerStateMachine:uninitialized
2022-03-01 14:10:35,438 [pool-757-thread-1] INFO  server.RaftServerConfigKeys (ConfUtils.java:logGet(44)) - raft.server.rpc.timeout.min = 5s (custom)
2022-03-01 14:10:35,438 [pool-757-thread-1] INFO  server.RaftServerConfigKeys (ConfUtils.java:logGet(44)) - raft.server.rpc.timeout.max = 5200ms (custom)
2022-03-01 14:10:35,438 [pool-757-thread-1] INFO  server.RaftServerConfigKeys (ConfUtils.java:logGet(44)) - raft.server.rpc.sleep.time = 25ms (default)
2022-03-01 14:10:35,438 [pool-757-thread-1] INFO  server.RaftServerConfigKeys (ConfUtils.java:logGet(44)) - raft.server.rpc.slowness.timeout = 300s (custom)
2022-03-01 14:10:35,438 [pool-757-thread-1] INFO  server.RaftServerConfigKeys (ConfUtils.java:logGet(44)) - raft.server.leaderelection.leader.step-down.wait-time = 10s (default)
2022-03-01 14:10:35,438 [pool-757-thread-1] INFO  server.RaftServerConfigKeys (ConfUtils.java:logGet(44)) - raft.server.sleep.deviation.threshold = 300ms (default)
2022-03-01 14:10:35,438 [pool-757-thread-1] INFO  server.RaftServerConfigKeys (ConfUtils.java:logGet(44)) - raft.server.log.appender.install.snapshot.enabled = false (custom)
2022-03-01 14:10:35,438 [pool-757-thread-1] INFO  server.RaftServer$Division (ServerState.java:<init>(105)) - bd11a757-4e61-4308-b965-88ab045257cd@group-DF28F730D59C: ConfigurationManager, init=-1: [bd11a757-4e61-4308-b965-88ab045257cd|rpc:10.1.0.24:46077|priority:1], old=null, confs=<EMPTY_MAP>
2022-03-01 14:10:35,438 [pool-757-thread-1] INFO  server.RaftServerConfigKeys (ConfUtils.java:logGet(44)) - raft.server.storage.dir = [/home/runner/work/ozone/ozone/hadoop-ozone/integration-test/target/test-dir/MiniOzoneClusterImpl-eb83c96d-312e-41b9-bb81-21e4280f8c7c/datanode-2/data/ratis] (custom)
2022-03-01 14:10:35,438 [pool-757-thread-1] INFO  server.RaftServerConfigKeys (ConfUtils.java:logGet(44)) - raft.server.log.corruption.policy = EXCEPTION (default)
2022-03-01 14:10:35,438 [pool-757-thread-1] INFO  server.RaftServerConfigKeys (ConfUtils.java:logGet(44)) - raft.server.storage.free-space.min = 0MB (=0) (default)
2022-03-01 14:10:35,439 [pool-757-thread-1] INFO  storage.RaftStorageDirectory (RaftStorageDirectoryImpl.java:analyzeStorage(135)) - The storage directory /home/runner/work/ozone/ozone/hadoop-ozone/integration-test/target/test-dir/MiniOzoneClusterImpl-eb83c96d-312e-41b9-bb81-21e4280f8c7c/datanode-2/data/ratis/b861cf92-a7d8-49c3-8e3d-df28f730d59c does not exist. Creating ...
2022-03-01 14:10:35,444 [pool-757-thread-1] INFO  storage.RaftStorageDirectory (RaftStorageDirectoryImpl.java:tryLock(230)) - Lock on /home/runner/work/ozone/ozone/hadoop-ozone/integration-test/target/test-dir/MiniOzoneClusterImpl-eb83c96d-312e-41b9-bb81-21e4280f8c7c/datanode-2/data/ratis/b861cf92-a7d8-49c3-8e3d-df28f730d59c/in_use.lock acquired by nodename 10349@fv-az195-209
2022-03-01 14:10:35,446 [pool-757-thread-1] INFO  storage.RaftStorage (RaftStorageImpl.java:format(89)) - Storage directory /home/runner/work/ozone/ozone/hadoop-ozone/integration-test/target/test-dir/MiniOzoneClusterImpl-eb83c96d-312e-41b9-bb81-21e4280f8c7c/datanode-2/data/ratis/b861cf92-a7d8-49c3-8e3d-df28f730d59c has been successfully formatted.
2022-03-01 14:10:35,446 [pool-757-thread-1] INFO  ratis.ContainerStateMachine (ContainerStateMachine.java:loadSnapshot(236)) - group-DF28F730D59C: The snapshot info is null. Setting the last applied indexto:(t:0, i:~)
2022-03-01 14:10:35,447 [pool-757-thread-1] INFO  server.RaftServerConfigKeys (ConfUtils.java:logGet(44)) - raft.server.notification.no-leader.timeout = 300s (custom)
2022-03-01 14:10:35,447 [pool-757-thread-1] INFO  server.RaftServerConfigKeys (ConfUtils.java:logGet(44)) - raft.server.log.use.memory = false (default)
2022-03-01 14:10:35,447 [pool-757-thread-1] INFO  server.RaftServerConfigKeys (ConfUtils.java:logGet(44)) - raft.server.log.purge.gap = 1000000 (custom)
2022-03-01 14:10:35,447 [EventQueue-PipelineReportForPipelineReportHandler] INFO  pipeline.PipelineManagerImpl (PipelineManagerImpl.java:openPipeline(291)) - Pipeline Pipeline[ Id: b861cf92-a7d8-49c3-8e3d-df28f730d59c, Nodes: bd11a757-4e61-4308-b965-88ab045257cd{ip: 10.1.0.24, host: fv-az195-209.u3nnjwd0vyge1bu22idnsdeq2e.cx.internal.cloudapp.net, ports: [REPLICATION=46191, RATIS=46077, RATIS_ADMIN=46077, RATIS_SERVER=46077, STANDALONE=38443], networkLocation: /default-rack, certSerialId: null, persistedOpState: IN_SERVICE, persistedOpStateExpiryEpochSec: 0}, ReplicationConfig: RATIS/ONE, State:ALLOCATED, leaderId:bd11a757-4e61-4308-b965-88ab045257cd, CreationTimestamp2022-03-01T14:10:32.439Z[Etc/UTC]] moved to OPEN state
2022-03-01 14:10:35,453 [pool-757-thread-1] INFO  server.RaftServerConfigKeys (ConfUtils.java:logGet(44)) - raft.server.log.appender.buffer.byte-limit = 33554432 (custom)
2022-03-01 14:10:35,453 [pool-757-thread-1] INFO  server.RaftServerConfigKeys (ConfUtils.java:logGet(44)) - raft.server.log.segment.size.max = 1048576 (custom)
2022-03-01 14:10:35,454 [pool-757-thread-1] INFO  server.RaftServerConfigKeys (ConfUtils.java:logGet(44)) - raft.server.log.segment.cache.num.max = 2 (custom)
2022-03-01 14:10:35,454 [pool-757-thread-1] INFO  server.RaftServerConfigKeys (ConfUtils.java:logGet(44)) - raft.server.log.segment.cache.size.max = 200MB (=209715200) (default)
2022-03-01 14:10:35,454 [pool-757-thread-1] INFO  segmented.SegmentedRaftLogWorker (SegmentedRaftLogWorker.java:<init>(182)) - new bd11a757-4e61-4308-b965-88ab045257cd@group-DF28F730D59C-SegmentedRaftLogWorker for RaftStorageImpl:Storage Directory /home/runner/work/ozone/ozone/hadoop-ozone/integration-test/target/test-dir/MiniOzoneClusterImpl-eb83c96d-312e-41b9-bb81-21e4280f8c7c/datanode-2/data/ratis/b861cf92-a7d8-49c3-8e3d-df28f730d59c
2022-03-01 14:10:35,454 [pool-757-thread-1] INFO  server.RaftServerConfigKeys (ConfUtils.java:logGet(44)) - raft.server.log.queue.byte-limit = 4294967296 (custom)
2022-03-01 14:10:35,454 [pool-757-thread-1] INFO  server.RaftServerConfigKeys (ConfUtils.java:logGet(44)) - raft.server.log.queue.element-limit = 1024 (custom)
2022-03-01 14:10:35,454 [pool-757-thread-1] INFO  server.RaftServerConfigKeys (ConfUtils.java:logGet(44)) - raft.server.log.segment.size.max = 1048576 (custom)
2022-03-01 14:10:35,454 [pool-757-thread-1] INFO  server.RaftServerConfigKeys (ConfUtils.java:logGet(44)) - raft.server.log.preallocated.size = 16384 (custom)
2022-03-01 14:10:35,454 [pool-757-thread-1] INFO  server.RaftServerConfigKeys (ConfUtils.java:logGet(44)) - raft.server.log.force.sync.num = 128 (default)
2022-03-01 14:10:35,455 [pool-757-thread-1] INFO  server.RaftServerConfigKeys (ConfUtils.java:logGet(44)) - raft.server.log.statemachine.data.sync = true (default)
2022-03-01 14:10:35,455 [pool-757-thread-1] INFO  server.RaftServerConfigKeys (ConfUtils.java:logGet(44)) - raft.server.log.statemachine.data.sync.timeout = 10s (default)
2022-03-01 14:10:35,455 [pool-757-thread-1] INFO  server.RaftServerConfigKeys (ConfUtils.java:logGet(44)) - raft.server.log.statemachine.data.sync.timeout.retry = -1 (default)
2022-03-01 14:10:35,456 [pool-757-thread-1] INFO  server.RaftServerConfigKeys (ConfUtils.java:logGet(44)) - raft.server.log.write.buffer.size = 1048576 (custom)
2022-03-01 14:10:35,461 [pool-757-thread-1] INFO  server.RaftServerConfigKeys (ConfUtils.java:logGet(44)) - raft.server.log.statemachine.data.caching.enabled = true (custom)
2022-03-01 14:10:35,462 [pool-757-thread-1] INFO  segmented.SegmentedRaftLogWorker (SegmentedRaftLogWorker.java:lambda$new$0(133)) - bd11a757-4e61-4308-b965-88ab045257cd@group-DF28F730D59C-SegmentedRaftLogWorker: flushIndex: setUnconditionally 0 -> -1
2022-03-01 14:10:35,462 [pool-757-thread-1] INFO  segmented.SegmentedRaftLogWorker (SegmentedRaftLogWorker.java:lambda$new$0(133)) - bd11a757-4e61-4308-b965-88ab045257cd@group-DF28F730D59C-SegmentedRaftLogWorker: safeCacheEvictIndex: setUnconditionally 0 -> -1
2022-03-01 14:10:35,463 [pool-757-thread-1] INFO  server.RaftServerConfigKeys (ConfUtils.java:logGet(44)) - raft.server.snapshot.auto.trigger.enabled = true (custom)
2022-03-01 14:10:35,463 [pool-757-thread-1] INFO  server.RaftServerConfigKeys (ConfUtils.java:logGet(44)) - raft.server.snapshot.auto.trigger.threshold = 10000 (custom)
2022-03-01 14:10:35,463 [pool-757-thread-1] INFO  server.RaftServerConfigKeys (ConfUtils.java:logGet(44)) - raft.server.snapshot.retention.file.num = 5 (custom)
2022-03-01 14:10:35,463 [pool-757-thread-1] INFO  server.RaftServerConfigKeys (ConfUtils.java:logGet(44)) - raft.server.log.purge.upto.snapshot.index = false (default)
2022-03-01 14:10:35,463 [pool-757-thread-1] INFO  server.RaftServerConfigKeys (ConfUtils.java:logGet(44)) - raft.server.retrycache.expirytime = 600000ms (custom)
2022-03-01 14:10:35,463 [pool-757-thread-1] INFO  server.RaftServerConfigKeys (ConfUtils.java:logGet(44)) - raft.server.retrycache.statistics.expirytime = 100μs (default)
2022-03-01 14:10:35,464 [pool-757-thread-1] INFO  server.RaftServer$Division (RaftServerImpl.java:start(301)) - bd11a757-4e61-4308-b965-88ab045257cd@group-DF28F730D59C: start as a follower, conf=-1: [bd11a757-4e61-4308-b965-88ab045257cd|rpc:10.1.0.24:46077|priority:1], old=null
2022-03-01 14:10:35,465 [pool-757-thread-1] INFO  server.RaftServer$Division (RaftServerImpl.java:setRole(290)) - bd11a757-4e61-4308-b965-88ab045257cd@group-DF28F730D59C: changes role from      null to FOLLOWER at term 0 for startAsFollower
2022-03-01 14:10:35,465 [pool-757-thread-1] INFO  impl.RoleInfo (RoleInfo.java:updateAndGet(130)) - bd11a757-4e61-4308-b965-88ab045257cd: start bd11a757-4e61-4308-b965-88ab045257cd@group-DF28F730D59C-FollowerState
2022-03-01 14:10:35,465 [pool-757-thread-1] INFO  util.JmxRegister (JmxRegister.java:tryRegister(44)) - Successfully registered JMX Bean with object name Ratis:service=RaftServer,group=group-DF28F730D59C,id=bd11a757-4e61-4308-b965-88ab045257cd
2022-03-01 14:10:35,466 [Command processor thread] INFO  ratis.XceiverServerRatis (XceiverServerRatis.java:addGroup(769)) - Created group PipelineID=b861cf92-a7d8-49c3-8e3d-df28f730d59c
2022-03-01 14:10:35,466 [Command processor thread] INFO  commandhandler.CreatePipelineCommandHandler (CreatePipelineCommandHandler.java:handle(106)) - Created Pipeline RATIS ONE PipelineID=b861cf92-a7d8-49c3-8e3d-df28f730d59c.
2022-03-01 14:10:35,473 [0cede2b6-a3ab-41b8-8ae8-b37d84d11077@group-21E4280F8C7C-StateMachineUpdater] INFO  safemode.HealthyPipelineSafeModeRule (HealthyPipelineSafeModeRule.java:initializeRule(152)) - Refreshed total pipeline count is 0, healthy pipeline threshold count is 1
2022-03-01 14:10:35,477 [EventQueue-OpenPipelineForHealthyPipelineSafeModeRule] INFO  safemode.SCMSafeModeManager (HealthyPipelineSafeModeRule.java:process(124)) - SCM in safe mode. Healthy pipelines reported count is 0, required healthy pipeline reported count is 1
2022-03-01 14:10:36,416 [Listener at 127.0.0.1/43831] INFO  ozone.MiniOzoneClusterImpl (MiniOzoneClusterImpl.java:lambda$waitForClusterToBeReady$0(219)) - Nodes are ready. Got 3 of 3 DN Heartbeats.
2022-03-01 14:10:36,417 [Listener at 127.0.0.1/43831] INFO  ozone.MiniOzoneClusterImpl (MiniOzoneClusterImpl.java:lambda$waitForClusterToBeReady$0(222)) - Waiting for cluster to exit safe mode
2022-03-01 14:10:36,417 [Listener at 127.0.0.1/43831] INFO  ozone.MiniOzoneClusterImpl (MiniOzoneClusterImpl.java:lambda$waitForClusterToBeReady$0(224)) - SCM became leader
2022-03-01 14:10:37,419 [Listener at 127.0.0.1/43831] INFO  ozone.MiniOzoneClusterImpl (MiniOzoneClusterImpl.java:lambda$waitForClusterToBeReady$0(219)) - Nodes are ready. Got 3 of 3 DN Heartbeats.
2022-03-01 14:10:37,419 [Listener at 127.0.0.1/43831] INFO  ozone.MiniOzoneClusterImpl (MiniOzoneClusterImpl.java:lambda$waitForClusterToBeReady$0(222)) - Waiting for cluster to exit safe mode
2022-03-01 14:10:37,419 [Listener at 127.0.0.1/43831] INFO  ozone.MiniOzoneClusterImpl (MiniOzoneClusterImpl.java:lambda$waitForClusterToBeReady$0(224)) - SCM became leader
2022-03-01 14:10:38,419 [Listener at 127.0.0.1/43831] INFO  ozone.MiniOzoneClusterImpl (MiniOzoneClusterImpl.java:lambda$waitForClusterToBeReady$0(219)) - Nodes are ready. Got 3 of 3 DN Heartbeats.
2022-03-01 14:10:38,420 [Listener at 127.0.0.1/43831] INFO  ozone.MiniOzoneClusterImpl (MiniOzoneClusterImpl.java:lambda$waitForClusterToBeReady$0(222)) - Waiting for cluster to exit safe mode
2022-03-01 14:10:38,420 [Listener at 127.0.0.1/43831] INFO  ozone.MiniOzoneClusterImpl (MiniOzoneClusterImpl.java:lambda$waitForClusterToBeReady$0(224)) - SCM became leader
2022-03-01 14:10:39,231 [bacbce02-2d3c-4c38-b1ae-00a91a518d9a@group-22D23223F15D-FollowerState] INFO  impl.FollowerState (FollowerState.java:run(134)) - bacbce02-2d3c-4c38-b1ae-00a91a518d9a@group-22D23223F15D-FollowerState: change to CANDIDATE, lastRpcElapsedTime:5085023777ns, electionTimeout:5081ms
2022-03-01 14:10:39,231 [bacbce02-2d3c-4c38-b1ae-00a91a518d9a@group-22D23223F15D-FollowerState] INFO  impl.RoleInfo (RoleInfo.java:shutdownFollowerState(108)) - bacbce02-2d3c-4c38-b1ae-00a91a518d9a: shutdown bacbce02-2d3c-4c38-b1ae-00a91a518d9a@group-22D23223F15D-FollowerState
2022-03-01 14:10:39,231 [bacbce02-2d3c-4c38-b1ae-00a91a518d9a@group-22D23223F15D-FollowerState] INFO  server.RaftServer$Division (RaftServerImpl.java:setRole(290)) - bacbce02-2d3c-4c38-b1ae-00a91a518d9a@group-22D23223F15D: changes role from  FOLLOWER to CANDIDATE at term 0 for changeToCandidate
2022-03-01 14:10:39,231 [bacbce02-2d3c-4c38-b1ae-00a91a518d9a@group-22D23223F15D-FollowerState] INFO  server.RaftServerConfigKeys (ConfUtils.java:logGet(44)) - raft.server.leaderelection.pre-vote = false (custom)
2022-03-01 14:10:39,231 [bacbce02-2d3c-4c38-b1ae-00a91a518d9a@group-22D23223F15D-FollowerState] INFO  impl.RoleInfo (RoleInfo.java:updateAndGet(130)) - bacbce02-2d3c-4c38-b1ae-00a91a518d9a: start bacbce02-2d3c-4c38-b1ae-00a91a518d9a@group-22D23223F15D-LeaderElection60
2022-03-01 14:10:39,237 [bacbce02-2d3c-4c38-b1ae-00a91a518d9a@group-A6DCB62260B8-FollowerState] INFO  impl.FollowerState (FollowerState.java:run(134)) - bacbce02-2d3c-4c38-b1ae-00a91a518d9a@group-A6DCB62260B8-FollowerState: change to CANDIDATE, lastRpcElapsedTime:5056915732ns, electionTimeout:5032ms
2022-03-01 14:10:39,237 [bacbce02-2d3c-4c38-b1ae-00a91a518d9a@group-A6DCB62260B8-FollowerState] INFO  impl.RoleInfo (RoleInfo.java:shutdownFollowerState(108)) - bacbce02-2d3c-4c38-b1ae-00a91a518d9a: shutdown bacbce02-2d3c-4c38-b1ae-00a91a518d9a@group-A6DCB62260B8-FollowerState
2022-03-01 14:10:39,237 [bacbce02-2d3c-4c38-b1ae-00a91a518d9a@group-A6DCB62260B8-FollowerState] INFO  server.RaftServer$Division (RaftServerImpl.java:setRole(290)) - bacbce02-2d3c-4c38-b1ae-00a91a518d9a@group-A6DCB62260B8: changes role from  FOLLOWER to CANDIDATE at term 0 for changeToCandidate
2022-03-01 14:10:39,243 [bacbce02-2d3c-4c38-b1ae-00a91a518d9a@group-A6DCB62260B8-FollowerState] INFO  server.RaftServerConfigKeys (ConfUtils.java:logGet(44)) - raft.server.leaderelection.pre-vote = false (custom)
2022-03-01 14:10:39,243 [bacbce02-2d3c-4c38-b1ae-00a91a518d9a@group-A6DCB62260B8-FollowerState] INFO  impl.RoleInfo (RoleInfo.java:updateAndGet(130)) - bacbce02-2d3c-4c38-b1ae-00a91a518d9a: start bacbce02-2d3c-4c38-b1ae-00a91a518d9a@group-A6DCB62260B8-LeaderElection61
2022-03-01 14:10:39,311 [bacbce02-2d3c-4c38-b1ae-00a91a518d9a@group-22D23223F15D-LeaderElection60] INFO  impl.LeaderElection (LeaderElection.java:askForVotes(306)) - bacbce02-2d3c-4c38-b1ae-00a91a518d9a@group-22D23223F15D-LeaderElection60 ELECTION round 0: submit vote requests at term 1 for -1: [bacbce02-2d3c-4c38-b1ae-00a91a518d9a|rpc:10.1.0.24:45207|priority:1], old=null
2022-03-01 14:10:39,311 [bacbce02-2d3c-4c38-b1ae-00a91a518d9a@group-22D23223F15D-LeaderElection60] INFO  impl.LeaderElection (LeaderElection.java:askForVotes(308)) - bacbce02-2d3c-4c38-b1ae-00a91a518d9a@group-22D23223F15D-LeaderElection60 ELECTION round 0: result PASSED (term=1)
2022-03-01 14:10:39,311 [bacbce02-2d3c-4c38-b1ae-00a91a518d9a@group-22D23223F15D-LeaderElection60] INFO  impl.RoleInfo (RoleInfo.java:shutdownLeaderElection(121)) - bacbce02-2d3c-4c38-b1ae-00a91a518d9a: shutdown bacbce02-2d3c-4c38-b1ae-00a91a518d9a@group-22D23223F15D-LeaderElection60
2022-03-01 14:10:39,311 [bacbce02-2d3c-4c38-b1ae-00a91a518d9a@group-22D23223F15D-LeaderElection60] INFO  server.RaftServer$Division (RaftServerImpl.java:setRole(290)) - bacbce02-2d3c-4c38-b1ae-00a91a518d9a@group-22D23223F15D: changes role from CANDIDATE to LEADER at term 1 for changeToLeader
2022-03-01 14:10:39,311 [bacbce02-2d3c-4c38-b1ae-00a91a518d9a@group-22D23223F15D-LeaderElection60] INFO  ratis.XceiverServerRatis (XceiverServerRatis.java:handleLeaderChangedNotification(867)) - Leader change notification received for group: group-22D23223F15D with new leaderId: bacbce02-2d3c-4c38-b1ae-00a91a518d9a
2022-03-01 14:10:39,311 [bacbce02-2d3c-4c38-b1ae-00a91a518d9a@group-22D23223F15D-LeaderElection60] INFO  server.RaftServer$Division (ServerState.java:setLeader(285)) - bacbce02-2d3c-4c38-b1ae-00a91a518d9a@group-22D23223F15D: change Leader from null to bacbce02-2d3c-4c38-b1ae-00a91a518d9a at term 1 for becomeLeader, leader elected after 5216ms
2022-03-01 14:10:39,311 [bacbce02-2d3c-4c38-b1ae-00a91a518d9a@group-22D23223F15D-LeaderElection60] INFO  server.RaftServerConfigKeys (ConfUtils.java:logGet(44)) - raft.server.staging.catchup.gap = 1000 (default)
2022-03-01 14:10:39,312 [bacbce02-2d3c-4c38-b1ae-00a91a518d9a@group-22D23223F15D-LeaderElection60] INFO  server.RaftServerConfigKeys (ConfUtils.java:logGet(44)) - raft.server.write.element-limit = 1024 (custom)
2022-03-01 14:10:39,312 [bacbce02-2d3c-4c38-b1ae-00a91a518d9a@group-22D23223F15D-LeaderElection60] INFO  server.RaftServerConfigKeys (ConfUtils.java:logGet(44)) - raft.server.write.byte-limit = 1024 M (=1073741824) (custom)
2022-03-01 14:10:39,312 [bacbce02-2d3c-4c38-b1ae-00a91a518d9a@group-22D23223F15D-LeaderElection60] INFO  server.RaftServerConfigKeys (ConfUtils.java:logGet(44)) - raft.server.watch.timeout = 180s (custom)
2022-03-01 14:10:39,312 [bacbce02-2d3c-4c38-b1ae-00a91a518d9a@group-22D23223F15D-LeaderElection60] INFO  server.RaftServerConfigKeys (ConfUtils.java:logGet(44)) - raft.server.watch.timeout.denomination = 1s (default)
2022-03-01 14:10:39,312 [bacbce02-2d3c-4c38-b1ae-00a91a518d9a@group-22D23223F15D-LeaderElection60] INFO  server.RaftServerConfigKeys (ConfUtils.java:logGet(44)) - raft.server.watch.element-limit = 65536 (default)
2022-03-01 14:10:39,312 [bacbce02-2d3c-4c38-b1ae-00a91a518d9a@group-22D23223F15D-LeaderElection60] INFO  server.RaftServerConfigKeys (ConfUtils.java:logGet(44)) - raft.server.write.element-limit = 1024 (custom)
2022-03-01 14:10:39,312 [bacbce02-2d3c-4c38-b1ae-00a91a518d9a@group-22D23223F15D-LeaderElection60] INFO  server.RaftServerConfigKeys (ConfUtils.java:logGet(44)) - raft.server.write.follower.gap.ratio.max = -1.0 (default)
2022-03-01 14:10:39,312 [bacbce02-2d3c-4c38-b1ae-00a91a518d9a@group-22D23223F15D-LeaderElection60] INFO  impl.RoleInfo (RoleInfo.java:updateAndGet(130)) - bacbce02-2d3c-4c38-b1ae-00a91a518d9a: start bacbce02-2d3c-4c38-b1ae-00a91a518d9a@group-22D23223F15D-LeaderStateImpl
2022-03-01 14:10:39,313 [bacbce02-2d3c-4c38-b1ae-00a91a518d9a@group-22D23223F15D-LeaderElection60] INFO  segmented.SegmentedRaftLogWorker (SegmentedRaftLogWorker.java:startLogSegment(394)) - bacbce02-2d3c-4c38-b1ae-00a91a518d9a@group-22D23223F15D-SegmentedRaftLogWorker: Starting segment from index:0
2022-03-01 14:10:39,314 [bacbce02-2d3c-4c38-b1ae-00a91a518d9a@group-22D23223F15D-SegmentedRaftLogWorker] INFO  segmented.SegmentedRaftLogWorker (SegmentedRaftLogWorker.java:execute(601)) - bacbce02-2d3c-4c38-b1ae-00a91a518d9a@group-22D23223F15D-SegmentedRaftLogWorker: created new log segment /home/runner/work/ozone/ozone/hadoop-ozone/integration-test/target/test-dir/MiniOzoneClusterImpl-eb83c96d-312e-41b9-bb81-21e4280f8c7c/datanode-0/data/ratis/f13cb650-dbb6-479c-8ace-22d23223f15d/current/log_inprogress_0
2022-03-01 14:10:39,315 [bacbce02-2d3c-4c38-b1ae-00a91a518d9a@group-A6DCB62260B8-LeaderElection61] INFO  impl.LeaderElection (LeaderElection.java:askForVotes(306)) - bacbce02-2d3c-4c38-b1ae-00a91a518d9a@group-A6DCB62260B8-LeaderElection61 ELECTION round 0: submit vote requests at term 1 for -1: [cb2fd3fb-19e5-42ca-9dfe-29780f3343f2|rpc:10.1.0.24:34811|priority:0, bd11a757-4e61-4308-b965-88ab045257cd|rpc:10.1.0.24:46077|priority:0, bacbce02-2d3c-4c38-b1ae-00a91a518d9a|rpc:10.1.0.24:45207|priority:1], old=null
2022-03-01 14:10:39,337 [EventQueue-OpenPipelineForHealthyPipelineSafeModeRule] INFO  safemode.SCMSafeModeManager (HealthyPipelineSafeModeRule.java:process(124)) - SCM in safe mode. Healthy pipelines reported count is 0, required healthy pipeline reported count is 1
2022-03-01 14:10:39,385 [bacbce02-2d3c-4c38-b1ae-00a91a518d9a@group-22D23223F15D-LeaderElection60] INFO  server.RaftServer$Division (ServerState.java:setRaftConf(387)) - bacbce02-2d3c-4c38-b1ae-00a91a518d9a@group-22D23223F15D: set configuration 0: [bacbce02-2d3c-4c38-b1ae-00a91a518d9a|rpc:10.1.0.24:45207|dataStream:|priority:1], old=null
2022-03-01 14:10:39,425 [Listener at 127.0.0.1/43831] INFO  ozone.MiniOzoneClusterImpl (MiniOzoneClusterImpl.java:lambda$waitForClusterToBeReady$0(219)) - Nodes are ready. Got 3 of 3 DN Heartbeats.
2022-03-01 14:10:39,425 [Listener at 127.0.0.1/43831] INFO  ozone.MiniOzoneClusterImpl (MiniOzoneClusterImpl.java:lambda$waitForClusterToBeReady$0(222)) - Waiting for cluster to exit safe mode
2022-03-01 14:10:39,425 [Listener at 127.0.0.1/43831] INFO  ozone.MiniOzoneClusterImpl (MiniOzoneClusterImpl.java:lambda$waitForClusterToBeReady$0(224)) - SCM became leader
2022-03-01 14:10:39,438 [grpc-default-executor-4] INFO  server.RaftServer$Division (RaftServerImpl.java:requestVote(1046)) - bd11a757-4e61-4308-b965-88ab045257cd@group-A6DCB62260B8: receive requestVote(ELECTION, bacbce02-2d3c-4c38-b1ae-00a91a518d9a, group-A6DCB62260B8, 1, (t:0, i:0))
2022-03-01 14:10:39,438 [grpc-default-executor-4] INFO  impl.VoteContext (VoteContext.java:log(48)) - bd11a757-4e61-4308-b965-88ab045257cd@group-A6DCB62260B8-FOLLOWER: accept ELECTION from bacbce02-2d3c-4c38-b1ae-00a91a518d9a: our priority 0 <= candidate's priority 1
2022-03-01 14:10:39,438 [grpc-default-executor-4] INFO  server.RaftServer$Division (RaftServerImpl.java:setRole(290)) - bd11a757-4e61-4308-b965-88ab045257cd@group-A6DCB62260B8: changes role from  FOLLOWER to FOLLOWER at term 1 for candidate:bacbce02-2d3c-4c38-b1ae-00a91a518d9a
2022-03-01 14:10:39,438 [grpc-default-executor-4] INFO  impl.RoleInfo (RoleInfo.java:shutdownFollowerState(108)) - bd11a757-4e61-4308-b965-88ab045257cd: shutdown bd11a757-4e61-4308-b965-88ab045257cd@group-A6DCB62260B8-FollowerState
2022-03-01 14:10:39,438 [grpc-default-executor-4] INFO  impl.RoleInfo (RoleInfo.java:updateAndGet(130)) - bd11a757-4e61-4308-b965-88ab045257cd: start bd11a757-4e61-4308-b965-88ab045257cd@group-A6DCB62260B8-FollowerState
2022-03-01 14:10:39,441 [bd11a757-4e61-4308-b965-88ab045257cd@group-A6DCB62260B8-FollowerState] INFO  impl.FollowerState (FollowerState.java:run(143)) - bd11a757-4e61-4308-b965-88ab045257cd@group-A6DCB62260B8-FollowerState was interrupted: {}
java.lang.InterruptedException: sleep interrupted
	at java.lang.Thread.sleep(Native Method)
	at java.lang.Thread.sleep(Thread.java:342)
	at java.util.concurrent.TimeUnit.sleep(TimeUnit.java:386)
	at org.apache.ratis.util.TimeDuration.sleep(TimeDuration.java:324)
	at org.apache.ratis.util.TimeDuration.sleep(TimeDuration.java:309)
	at org.apache.ratis.server.impl.FollowerState.run(FollowerState.java:118)
2022-03-01 14:10:39,462 [grpc-default-executor-0] INFO  server.RaftServer$Division (RaftServerImpl.java:requestVote(1046)) - cb2fd3fb-19e5-42ca-9dfe-29780f3343f2@group-A6DCB62260B8: receive requestVote(ELECTION, bacbce02-2d3c-4c38-b1ae-00a91a518d9a, group-A6DCB62260B8, 1, (t:0, i:0))
2022-03-01 14:10:39,462 [grpc-default-executor-0] INFO  impl.VoteContext (VoteContext.java:log(48)) - cb2fd3fb-19e5-42ca-9dfe-29780f3343f2@group-A6DCB62260B8-FOLLOWER: accept ELECTION from bacbce02-2d3c-4c38-b1ae-00a91a518d9a: our priority 0 <= candidate's priority 1
2022-03-01 14:10:39,462 [grpc-default-executor-0] INFO  server.RaftServer$Division (RaftServerImpl.java:setRole(290)) - cb2fd3fb-19e5-42ca-9dfe-29780f3343f2@group-A6DCB62260B8: changes role from  FOLLOWER to FOLLOWER at term 1 for candidate:bacbce02-2d3c-4c38-b1ae-00a91a518d9a
2022-03-01 14:10:39,462 [grpc-default-executor-0] INFO  impl.RoleInfo (RoleInfo.java:shutdownFollowerState(108)) - cb2fd3fb-19e5-42ca-9dfe-29780f3343f2: shutdown cb2fd3fb-19e5-42ca-9dfe-29780f3343f2@group-A6DCB62260B8-FollowerState
2022-03-01 14:10:39,462 [grpc-default-executor-0] INFO  impl.RoleInfo (RoleInfo.java:updateAndGet(130)) - cb2fd3fb-19e5-42ca-9dfe-29780f3343f2: start cb2fd3fb-19e5-42ca-9dfe-29780f3343f2@group-A6DCB62260B8-FollowerState
2022-03-01 14:10:39,463 [cb2fd3fb-19e5-42ca-9dfe-29780f3343f2@group-A6DCB62260B8-FollowerState] INFO  impl.FollowerState (FollowerState.java:run(143)) - cb2fd3fb-19e5-42ca-9dfe-29780f3343f2@group-A6DCB62260B8-FollowerState was interrupted: {}
java.lang.InterruptedException: sleep interrupted
	at java.lang.Thread.sleep(Native Method)
	at java.lang.Thread.sleep(Thread.java:342)
	at java.util.concurrent.TimeUnit.sleep(TimeUnit.java:386)
	at org.apache.ratis.util.TimeDuration.sleep(TimeDuration.java:324)
	at org.apache.ratis.util.TimeDuration.sleep(TimeDuration.java:309)
	at org.apache.ratis.server.impl.FollowerState.run(FollowerState.java:118)
2022-03-01 14:10:39,463 [grpc-default-executor-4] INFO  server.RaftServer$Division (RaftServerImpl.java:requestVote(1078)) - bd11a757-4e61-4308-b965-88ab045257cd@group-A6DCB62260B8 replies to ELECTION vote request: bacbce02-2d3c-4c38-b1ae-00a91a518d9a<-bd11a757-4e61-4308-b965-88ab045257cd#0:OK-t1. Peer's state: bd11a757-4e61-4308-b965-88ab045257cd@group-A6DCB62260B8:t1, leader=null, voted=bacbce02-2d3c-4c38-b1ae-00a91a518d9a, raftlog=bd11a757-4e61-4308-b965-88ab045257cd@group-A6DCB62260B8-SegmentedRaftLog:OPENED:c-1, conf=-1: [cb2fd3fb-19e5-42ca-9dfe-29780f3343f2|rpc:10.1.0.24:34811|dataStream:|priority:0, bd11a757-4e61-4308-b965-88ab045257cd|rpc:10.1.0.24:46077|dataStream:|priority:0, bacbce02-2d3c-4c38-b1ae-00a91a518d9a|rpc:10.1.0.24:45207|dataStream:|priority:1], old=null
2022-03-01 14:10:39,485 [bacbce02-2d3c-4c38-b1ae-00a91a518d9a@group-A6DCB62260B8-LeaderElection61] INFO  impl.LeaderElection (LeaderElection.java:logAndReturn(89)) - bacbce02-2d3c-4c38-b1ae-00a91a518d9a@group-A6DCB62260B8-LeaderElection61: ELECTION PASSED received 1 response(s) and 0 exception(s):
2022-03-01 14:10:39,485 [bacbce02-2d3c-4c38-b1ae-00a91a518d9a@group-A6DCB62260B8-LeaderElection61] INFO  impl.LeaderElection (LeaderElection.java:logAndReturn(93)) -   Response 0: bacbce02-2d3c-4c38-b1ae-00a91a518d9a<-bd11a757-4e61-4308-b965-88ab045257cd#0:OK-t1
2022-03-01 14:10:39,485 [bacbce02-2d3c-4c38-b1ae-00a91a518d9a@group-A6DCB62260B8-LeaderElection61] INFO  impl.LeaderElection (LeaderElection.java:askForVotes(308)) - bacbce02-2d3c-4c38-b1ae-00a91a518d9a@group-A6DCB62260B8-LeaderElection61 ELECTION round 0: result PASSED
2022-03-01 14:10:39,485 [bacbce02-2d3c-4c38-b1ae-00a91a518d9a@group-A6DCB62260B8-LeaderElection61] INFO  impl.RoleInfo (RoleInfo.java:shutdownLeaderElection(121)) - bacbce02-2d3c-4c38-b1ae-00a91a518d9a: shutdown bacbce02-2d3c-4c38-b1ae-00a91a518d9a@group-A6DCB62260B8-LeaderElection61
2022-03-01 14:10:39,485 [bacbce02-2d3c-4c38-b1ae-00a91a518d9a@group-A6DCB62260B8-LeaderElection61] INFO  server.RaftServer$Division (RaftServerImpl.java:setRole(290)) - bacbce02-2d3c-4c38-b1ae-00a91a518d9a@group-A6DCB62260B8: changes role from CANDIDATE to LEADER at term 1 for changeToLeader
2022-03-01 14:10:39,485 [bacbce02-2d3c-4c38-b1ae-00a91a518d9a@group-A6DCB62260B8-LeaderElection61] INFO  ratis.XceiverServerRatis (XceiverServerRatis.java:handleLeaderChangedNotification(867)) - Leader change notification received for group: group-A6DCB62260B8 with new leaderId: bacbce02-2d3c-4c38-b1ae-00a91a518d9a
2022-03-01 14:10:39,485 [bacbce02-2d3c-4c38-b1ae-00a91a518d9a@group-A6DCB62260B8-LeaderElection61] INFO  server.RaftServer$Division (ServerState.java:setLeader(285)) - bacbce02-2d3c-4c38-b1ae-00a91a518d9a@group-A6DCB62260B8: change Leader from null to bacbce02-2d3c-4c38-b1ae-00a91a518d9a at term 1 for becomeLeader, leader elected after 5328ms
2022-03-01 14:10:39,485 [bacbce02-2d3c-4c38-b1ae-00a91a518d9a@group-A6DCB62260B8-LeaderElection61] INFO  server.RaftServerConfigKeys (ConfUtils.java:logGet(44)) - raft.server.staging.catchup.gap = 1000 (default)
2022-03-01 14:10:39,485 [bacbce02-2d3c-4c38-b1ae-00a91a518d9a@group-A6DCB62260B8-LeaderElection61] INFO  server.RaftServerConfigKeys (ConfUtils.java:logGet(44)) - raft.server.write.element-limit = 1024 (custom)
2022-03-01 14:10:39,485 [bacbce02-2d3c-4c38-b1ae-00a91a518d9a@group-A6DCB62260B8-LeaderElection61] INFO  server.RaftServerConfigKeys (ConfUtils.java:logGet(44)) - raft.server.write.byte-limit = 1024 M (=1073741824) (custom)
2022-03-01 14:10:39,486 [bacbce02-2d3c-4c38-b1ae-00a91a518d9a@group-A6DCB62260B8-LeaderElection61] INFO  server.RaftServerConfigKeys (ConfUtils.java:logGet(44)) - raft.server.watch.timeout = 180s (custom)
2022-03-01 14:10:39,486 [bacbce02-2d3c-4c38-b1ae-00a91a518d9a@group-A6DCB62260B8-LeaderElection61] INFO  server.RaftServerConfigKeys (ConfUtils.java:logGet(44)) - raft.server.watch.timeout.denomination = 1s (default)
2022-03-01 14:10:39,486 [bacbce02-2d3c-4c38-b1ae-00a91a518d9a@group-A6DCB62260B8-LeaderElection61] INFO  server.RaftServerConfigKeys (ConfUtils.java:logGet(44)) - raft.server.watch.element-limit = 65536 (default)
2022-03-01 14:10:39,486 [bacbce02-2d3c-4c38-b1ae-00a91a518d9a@group-A6DCB62260B8-LeaderElection61] INFO  server.RaftServerConfigKeys (ConfUtils.java:logGet(44)) - raft.server.write.element-limit = 1024 (custom)
2022-03-01 14:10:39,486 [bacbce02-2d3c-4c38-b1ae-00a91a518d9a@group-A6DCB62260B8-LeaderElection61] INFO  server.RaftServerConfigKeys (ConfUtils.java:logGet(44)) - raft.server.write.follower.gap.ratio.max = -1.0 (default)
2022-03-01 14:10:39,486 [bacbce02-2d3c-4c38-b1ae-00a91a518d9a@group-A6DCB62260B8-LeaderElection61] INFO  server.RaftServerConfigKeys (ConfUtils.java:logGet(44)) - raft.server.log.appender.snapshot.chunk.size.max = 16MB (=16777216) (default)
2022-03-01 14:10:39,486 [bacbce02-2d3c-4c38-b1ae-00a91a518d9a@group-A6DCB62260B8-LeaderElection61] INFO  server.RaftServerConfigKeys (ConfUtils.java:logGet(44)) - raft.server.log.appender.buffer.byte-limit = 33554432 (custom)
2022-03-01 14:10:39,486 [bacbce02-2d3c-4c38-b1ae-00a91a518d9a@group-A6DCB62260B8-LeaderElection61] INFO  server.RaftServerConfigKeys (ConfUtils.java:logGet(44)) - raft.server.log.appender.buffer.element-limit = 1 (custom)
2022-03-01 14:10:39,486 [bacbce02-2d3c-4c38-b1ae-00a91a518d9a@group-A6DCB62260B8-LeaderElection61] INFO  grpc.GrpcConfigKeys (ConfUtils.java:logGet(44)) - raft.grpc.server.leader.outstanding.appends.max = 128 (default)
2022-03-01 14:10:39,486 [bacbce02-2d3c-4c38-b1ae-00a91a518d9a@group-A6DCB62260B8-LeaderElection61] INFO  server.RaftServerConfigKeys (ConfUtils.java:logGet(44)) - raft.server.rpc.request.timeout = 60s (custom)
2022-03-01 14:10:39,486 [bacbce02-2d3c-4c38-b1ae-00a91a518d9a@group-A6DCB62260B8-LeaderElection61] INFO  server.RaftServerConfigKeys (ConfUtils.java:logGet(44)) - raft.server.log.appender.install.snapshot.enabled = false (custom)
2022-03-01 14:10:39,487 [bacbce02-2d3c-4c38-b1ae-00a91a518d9a@group-A6DCB62260B8-LeaderElection61] INFO  server.RaftServerConfigKeys (ConfUtils.java:logGet(44)) - raft.server.log.appender.snapshot.chunk.size.max = 16MB (=16777216) (default)
2022-03-01 14:10:39,487 [bacbce02-2d3c-4c38-b1ae-00a91a518d9a@group-A6DCB62260B8-LeaderElection61] INFO  server.RaftServerConfigKeys (ConfUtils.java:logGet(44)) - raft.server.log.appender.buffer.byte-limit = 33554432 (custom)
2022-03-01 14:10:39,487 [bacbce02-2d3c-4c38-b1ae-00a91a518d9a@group-A6DCB62260B8-LeaderElection61] INFO  server.RaftServerConfigKeys (ConfUtils.java:logGet(44)) - raft.server.log.appender.buffer.element-limit = 1 (custom)
2022-03-01 14:10:39,488 [bacbce02-2d3c-4c38-b1ae-00a91a518d9a@group-A6DCB62260B8-LeaderElection61] INFO  grpc.GrpcConfigKeys (ConfUtils.java:logGet(44)) - raft.grpc.server.leader.outstanding.appends.max = 128 (default)
2022-03-01 14:10:39,488 [bacbce02-2d3c-4c38-b1ae-00a91a518d9a@group-A6DCB62260B8-LeaderElection61] INFO  server.RaftServerConfigKeys (ConfUtils.java:logGet(44)) - raft.server.rpc.request.timeout = 60s (custom)
2022-03-01 14:10:39,488 [bacbce02-2d3c-4c38-b1ae-00a91a518d9a@group-A6DCB62260B8-LeaderElection61] INFO  server.RaftServerConfigKeys (ConfUtils.java:logGet(44)) - raft.server.log.appender.install.snapshot.enabled = false (custom)
2022-03-01 14:10:39,493 [bacbce02-2d3c-4c38-b1ae-00a91a518d9a@group-A6DCB62260B8-LeaderElection61] INFO  impl.RoleInfo (RoleInfo.java:updateAndGet(130)) - bacbce02-2d3c-4c38-b1ae-00a91a518d9a: start bacbce02-2d3c-4c38-b1ae-00a91a518d9a@group-A6DCB62260B8-LeaderStateImpl
2022-03-01 14:10:39,497 [EventQueue-PipelineReportForPipelineReportHandler] INFO  pipeline.PipelineManagerImpl (PipelineManagerImpl.java:openPipeline(291)) - Pipeline Pipeline[ Id: 7eb2c6a2-fd08-4eca-9ebd-a6dcb62260b8, Nodes: cb2fd3fb-19e5-42ca-9dfe-29780f3343f2{ip: 10.1.0.24, host: fv-az195-209.u3nnjwd0vyge1bu22idnsdeq2e.cx.internal.cloudapp.net, ports: [REPLICATION=35567, RATIS=34811, RATIS_ADMIN=34811, RATIS_SERVER=34811, STANDALONE=42905], networkLocation: /default-rack, certSerialId: null, persistedOpState: IN_SERVICE, persistedOpStateExpiryEpochSec: 0}bacbce02-2d3c-4c38-b1ae-00a91a518d9a{ip: 10.1.0.24, host: fv-az195-209.u3nnjwd0vyge1bu22idnsdeq2e.cx.internal.cloudapp.net, ports: [REPLICATION=37463, RATIS=45207, RATIS_ADMIN=45207, RATIS_SERVER=45207, STANDALONE=39587], networkLocation: /default-rack, certSerialId: null, persistedOpState: IN_SERVICE, persistedOpStateExpiryEpochSec: 0}bd11a757-4e61-4308-b965-88ab045257cd{ip: 10.1.0.24, host: fv-az195-209.u3nnjwd0vyge1bu22idnsdeq2e.cx.internal.cloudapp.net, ports: [REPLICATION=46191, RATIS=46077, RATIS_ADMIN=46077, RATIS_SERVER=46077, STANDALONE=38443], networkLocation: /default-rack, certSerialId: null, persistedOpState: IN_SERVICE, persistedOpStateExpiryEpochSec: 0}, ReplicationConfig: RATIS/THREE, State:ALLOCATED, leaderId:bacbce02-2d3c-4c38-b1ae-00a91a518d9a, CreationTimestamp2022-03-01T14:10:32.442Z[Etc/UTC]] moved to OPEN state
2022-03-01 14:10:39,497 [bacbce02-2d3c-4c38-b1ae-00a91a518d9a@group-A6DCB62260B8-LeaderElection61] INFO  segmented.SegmentedRaftLogWorker (SegmentedRaftLogWorker.java:startLogSegment(394)) - bacbce02-2d3c-4c38-b1ae-00a91a518d9a@group-A6DCB62260B8-SegmentedRaftLogWorker: Starting segment from index:0
2022-03-01 14:10:39,498 [EventQueue-OpenPipelineForHealthyPipelineSafeModeRule] INFO  safemode.SCMSafeModeManager (HealthyPipelineSafeModeRule.java:process(124)) - SCM in safe mode. Healthy pipelines reported count is 0, required healthy pipeline reported count is 1
2022-03-01 14:10:39,499 [0cede2b6-a3ab-41b8-8ae8-b37d84d11077@group-21E4280F8C7C-StateMachineUpdater] INFO  safemode.HealthyPipelineSafeModeRule (HealthyPipelineSafeModeRule.java:initializeRule(152)) - Refreshed total pipeline count is 1, healthy pipeline threshold count is 1
2022-03-01 14:10:39,499 [EventQueue-OpenPipelineForHealthyPipelineSafeModeRule] INFO  safemode.SCMSafeModeManager (HealthyPipelineSafeModeRule.java:process(124)) - SCM in safe mode. Healthy pipelines reported count is 1, required healthy pipeline reported count is 1
2022-03-01 14:10:39,499 [EventQueue-OpenPipelineForHealthyPipelineSafeModeRule] INFO  safemode.SCMSafeModeManager (SCMSafeModeManager.java:validateSafeModeExitRules(204)) - HealthyPipelineSafeModeRule rule is successfully validated
2022-03-01 14:10:39,499 [EventQueue-OpenPipelineForHealthyPipelineSafeModeRule] INFO  safemode.SCMSafeModeManager (SCMSafeModeManager.java:validateSafeModeExitRules(219)) - ScmSafeModeManager, all rules are successfully validated
2022-03-01 14:10:39,499 [EventQueue-OpenPipelineForHealthyPipelineSafeModeRule] INFO  safemode.SCMSafeModeManager (SCMSafeModeManager.java:exitSafeMode(248)) - SCM exiting safe mode.
2022-03-01 14:10:39,499 [bacbce02-2d3c-4c38-b1ae-00a91a518d9a@group-A6DCB62260B8-SegmentedRaftLogWorker] INFO  segmented.SegmentedRaftLogWorker (SegmentedRaftLogWorker.java:execute(601)) - bacbce02-2d3c-4c38-b1ae-00a91a518d9a@group-A6DCB62260B8-SegmentedRaftLogWorker: created new log segment /home/runner/work/ozone/ozone/hadoop-ozone/integration-test/target/test-dir/MiniOzoneClusterImpl-eb83c96d-312e-41b9-bb81-21e4280f8c7c/datanode-0/data/ratis/7eb2c6a2-fd08-4eca-9ebd-a6dcb62260b8/current/log_inprogress_0
2022-03-01 14:10:39,500 [EventQueue-OpenPipelineForHealthyPipelineSafeModeRule] WARN  events.EventQueue (EventQueue.java:fireEvent(194)) - No event handler registered for event TypedEvent{payloadType=SafeModeStatus, name='Safe mode status'}
2022-03-01 14:10:39,500 [EventQueue-OpenPipelineForHealthyPipelineSafeModeRule] INFO  ha.SCMContext (SCMContext.java:updateSafeModeStatus(211)) - Update SafeModeStatus from SafeModeStatus{safeModeStatus=true, preCheckPassed=true} to SafeModeStatus{safeModeStatus=false, preCheckPassed=true}.
2022-03-01 14:10:39,500 [EventQueue-OpenPipelineForHealthyPipelineSafeModeRule] INFO  container.ReplicationManager (ReplicationManager.java:notifyStatusChanged(1807)) - Service ReplicationManager transitions to RUNNING.
2022-03-01 14:10:39,526 [grpc-default-executor-0] INFO  server.RaftServer$Division (RaftServerImpl.java:requestVote(1078)) - cb2fd3fb-19e5-42ca-9dfe-29780f3343f2@group-A6DCB62260B8 replies to ELECTION vote request: bacbce02-2d3c-4c38-b1ae-00a91a518d9a<-cb2fd3fb-19e5-42ca-9dfe-29780f3343f2#0:OK-t1. Peer's state: cb2fd3fb-19e5-42ca-9dfe-29780f3343f2@group-A6DCB62260B8:t1, leader=null, voted=bacbce02-2d3c-4c38-b1ae-00a91a518d9a, raftlog=cb2fd3fb-19e5-42ca-9dfe-29780f3343f2@group-A6DCB62260B8-SegmentedRaftLog:OPENED:c-1, conf=-1: [cb2fd3fb-19e5-42ca-9dfe-29780f3343f2|rpc:10.1.0.24:34811|dataStream:|priority:0, bd11a757-4e61-4308-b965-88ab045257cd|rpc:10.1.0.24:46077|dataStream:|priority:0, bacbce02-2d3c-4c38-b1ae-00a91a518d9a|rpc:10.1.0.24:45207|dataStream:|priority:1], old=null
2022-03-01 14:10:39,535 [bacbce02-2d3c-4c38-b1ae-00a91a518d9a@group-A6DCB62260B8-LeaderElection61] INFO  server.RaftServer$Division (ServerState.java:setRaftConf(387)) - bacbce02-2d3c-4c38-b1ae-00a91a518d9a@group-A6DCB62260B8: set configuration 0: [cb2fd3fb-19e5-42ca-9dfe-29780f3343f2|rpc:10.1.0.24:34811|dataStream:|priority:0, bd11a757-4e61-4308-b965-88ab045257cd|rpc:10.1.0.24:46077|dataStream:|priority:0, bacbce02-2d3c-4c38-b1ae-00a91a518d9a|rpc:10.1.0.24:45207|dataStream:|priority:1], old=null
2022-03-01 14:10:39,549 [grpc-default-executor-3] INFO  ratis.XceiverServerRatis (XceiverServerRatis.java:handleLeaderChangedNotification(867)) - Leader change notification received for group: group-A6DCB62260B8 with new leaderId: bacbce02-2d3c-4c38-b1ae-00a91a518d9a
2022-03-01 14:10:39,549 [grpc-default-executor-3] INFO  server.RaftServer$Division (ServerState.java:setLeader(285)) - bd11a757-4e61-4308-b965-88ab045257cd@group-A6DCB62260B8: change Leader from null to bacbce02-2d3c-4c38-b1ae-00a91a518d9a at term 1 for appendEntries, leader elected after 5082ms
2022-03-01 14:10:39,562 [grpc-default-executor-3] INFO  server.RaftServer$Division (ServerState.java:setRaftConf(387)) - bd11a757-4e61-4308-b965-88ab045257cd@group-A6DCB62260B8: set configuration 0: [cb2fd3fb-19e5-42ca-9dfe-29780f3343f2|rpc:10.1.0.24:34811|dataStream:|priority:0, bd11a757-4e61-4308-b965-88ab045257cd|rpc:10.1.0.24:46077|dataStream:|priority:0, bacbce02-2d3c-4c38-b1ae-00a91a518d9a|rpc:10.1.0.24:45207|dataStream:|priority:1], old=null
2022-03-01 14:10:39,562 [grpc-default-executor-3] INFO  segmented.SegmentedRaftLogWorker (SegmentedRaftLogWorker.java:startLogSegment(394)) - bd11a757-4e61-4308-b965-88ab045257cd@group-A6DCB62260B8-SegmentedRaftLogWorker: Starting segment from index:0
2022-03-01 14:10:39,564 [bd11a757-4e61-4308-b965-88ab045257cd@group-A6DCB62260B8-SegmentedRaftLogWorker] INFO  segmented.SegmentedRaftLogWorker (SegmentedRaftLogWorker.java:execute(601)) - bd11a757-4e61-4308-b965-88ab045257cd@group-A6DCB62260B8-SegmentedRaftLogWorker: created new log segment /home/runner/work/ozone/ozone/hadoop-ozone/integration-test/target/test-dir/MiniOzoneClusterImpl-eb83c96d-312e-41b9-bb81-21e4280f8c7c/datanode-2/data/ratis/7eb2c6a2-fd08-4eca-9ebd-a6dcb62260b8/current/log_inprogress_0
2022-03-01 14:10:39,577 [grpc-default-executor-3] INFO  ratis.XceiverServerRatis (XceiverServerRatis.java:handleLeaderChangedNotification(867)) - Leader change notification received for group: group-A6DCB62260B8 with new leaderId: bacbce02-2d3c-4c38-b1ae-00a91a518d9a
2022-03-01 14:10:39,578 [grpc-default-executor-3] INFO  server.RaftServer$Division (ServerState.java:setLeader(285)) - cb2fd3fb-19e5-42ca-9dfe-29780f3343f2@group-A6DCB62260B8: change Leader from null to bacbce02-2d3c-4c38-b1ae-00a91a518d9a at term 1 for appendEntries, leader elected after 5256ms
2022-03-01 14:10:39,580 [grpc-default-executor-3] INFO  server.RaftServer$Division (ServerState.java:setRaftConf(387)) - cb2fd3fb-19e5-42ca-9dfe-29780f3343f2@group-A6DCB62260B8: set configuration 0: [cb2fd3fb-19e5-42ca-9dfe-29780f3343f2|rpc:10.1.0.24:34811|dataStream:|priority:0, bd11a757-4e61-4308-b965-88ab045257cd|rpc:10.1.0.24:46077|dataStream:|priority:0, bacbce02-2d3c-4c38-b1ae-00a91a518d9a|rpc:10.1.0.24:45207|dataStream:|priority:1], old=null
2022-03-01 14:10:39,580 [grpc-default-executor-3] INFO  segmented.SegmentedRaftLogWorker (SegmentedRaftLogWorker.java:startLogSegment(394)) - cb2fd3fb-19e5-42ca-9dfe-29780f3343f2@group-A6DCB62260B8-SegmentedRaftLogWorker: Starting segment from index:0
2022-03-01 14:10:39,588 [cb2fd3fb-19e5-42ca-9dfe-29780f3343f2@group-A6DCB62260B8-SegmentedRaftLogWorker] INFO  segmented.SegmentedRaftLogWorker (SegmentedRaftLogWorker.java:execute(601)) - cb2fd3fb-19e5-42ca-9dfe-29780f3343f2@group-A6DCB62260B8-SegmentedRaftLogWorker: created new log segment /home/runner/work/ozone/ozone/hadoop-ozone/integration-test/target/test-dir/MiniOzoneClusterImpl-eb83c96d-312e-41b9-bb81-21e4280f8c7c/datanode-1/data/ratis/7eb2c6a2-fd08-4eca-9ebd-a6dcb62260b8/current/log_inprogress_0
2022-03-01 14:10:39,609 [bacbce02-2d3c-4c38-b1ae-00a91a518d9a@group-3A2C9E7AAA4A-FollowerState] INFO  impl.FollowerState (FollowerState.java:run(134)) - bacbce02-2d3c-4c38-b1ae-00a91a518d9a@group-3A2C9E7AAA4A-FollowerState: change to CANDIDATE, lastRpcElapsedTime:5048617758ns, electionTimeout:5037ms
2022-03-01 14:10:39,609 [bacbce02-2d3c-4c38-b1ae-00a91a518d9a@group-3A2C9E7AAA4A-FollowerState] INFO  impl.RoleInfo (RoleInfo.java:shutdownFollowerState(108)) - bacbce02-2d3c-4c38-b1ae-00a91a518d9a: shutdown bacbce02-2d3c-4c38-b1ae-00a91a518d9a@group-3A2C9E7AAA4A-FollowerState
2022-03-01 14:10:39,609 [bacbce02-2d3c-4c38-b1ae-00a91a518d9a@group-3A2C9E7AAA4A-FollowerState] INFO  server.RaftServer$Division (RaftServerImpl.java:setRole(290)) - bacbce02-2d3c-4c38-b1ae-00a91a518d9a@group-3A2C9E7AAA4A: changes role from  FOLLOWER to CANDIDATE at term 0 for changeToCandidate
2022-03-01 14:10:39,609 [bacbce02-2d3c-4c38-b1ae-00a91a518d9a@group-3A2C9E7AAA4A-FollowerState] INFO  server.RaftServerConfigKeys (ConfUtils.java:logGet(44)) - raft.server.leaderelection.pre-vote = false (custom)
2022-03-01 14:10:39,609 [bacbce02-2d3c-4c38-b1ae-00a91a518d9a@group-3A2C9E7AAA4A-FollowerState] INFO  impl.RoleInfo (RoleInfo.java:updateAndGet(130)) - bacbce02-2d3c-4c38-b1ae-00a91a518d9a: start bacbce02-2d3c-4c38-b1ae-00a91a518d9a@group-3A2C9E7AAA4A-LeaderElection62
2022-03-01 14:10:39,658 [bacbce02-2d3c-4c38-b1ae-00a91a518d9a@group-3A2C9E7AAA4A-LeaderElection62] INFO  impl.LeaderElection (LeaderElection.java:askForVotes(306)) - bacbce02-2d3c-4c38-b1ae-00a91a518d9a@group-3A2C9E7AAA4A-LeaderElection62 ELECTION round 0: submit vote requests at term 1 for -1: [cb2fd3fb-19e5-42ca-9dfe-29780f3343f2|rpc:10.1.0.24:34811|priority:1, bd11a757-4e61-4308-b965-88ab045257cd|rpc:10.1.0.24:46077|priority:0, bacbce02-2d3c-4c38-b1ae-00a91a518d9a|rpc:10.1.0.24:45207|priority:0], old=null
2022-03-01 14:10:39,684 [grpc-default-executor-3] INFO  server.RaftServer$Division (RaftServerImpl.java:requestVote(1046)) - cb2fd3fb-19e5-42ca-9dfe-29780f3343f2@group-3A2C9E7AAA4A: receive requestVote(ELECTION, bacbce02-2d3c-4c38-b1ae-00a91a518d9a, group-3A2C9E7AAA4A, 1, (t:0, i:0))
2022-03-01 14:10:39,684 [grpc-default-executor-3] INFO  impl.VoteContext (VoteContext.java:log(48)) - cb2fd3fb-19e5-42ca-9dfe-29780f3343f2@group-3A2C9E7AAA4A-FOLLOWER: reject ELECTION from bacbce02-2d3c-4c38-b1ae-00a91a518d9a: our priority 1 > candidate's priority 0
2022-03-01 14:10:39,684 [grpc-default-executor-3] INFO  server.RaftServer$Division (RaftServerImpl.java:setRole(290)) - cb2fd3fb-19e5-42ca-9dfe-29780f3343f2@group-3A2C9E7AAA4A: changes role from  FOLLOWER to FOLLOWER at term 1 for candidate:bacbce02-2d3c-4c38-b1ae-00a91a518d9a
2022-03-01 14:10:39,684 [grpc-default-executor-3] INFO  impl.RoleInfo (RoleInfo.java:shutdownFollowerState(108)) - cb2fd3fb-19e5-42ca-9dfe-29780f3343f2: shutdown cb2fd3fb-19e5-42ca-9dfe-29780f3343f2@group-3A2C9E7AAA4A-FollowerState
2022-03-01 14:10:39,688 [cb2fd3fb-19e5-42ca-9dfe-29780f3343f2@group-3A2C9E7AAA4A-FollowerState] INFO  impl.FollowerState (FollowerState.java:run(143)) - cb2fd3fb-19e5-42ca-9dfe-29780f3343f2@group-3A2C9E7AAA4A-FollowerState was interrupted: {}
java.lang.InterruptedException: sleep interrupted
	at java.lang.Thread.sleep(Native Method)
	at java.lang.Thread.sleep(Thread.java:342)
	at java.util.concurrent.TimeUnit.sleep(TimeUnit.java:386)
	at org.apache.ratis.util.TimeDuration.sleep(TimeDuration.java:324)
	at org.apache.ratis.util.TimeDuration.sleep(TimeDuration.java:309)
	at org.apache.ratis.server.impl.FollowerState.run(FollowerState.java:118)
2022-03-01 14:10:39,688 [grpc-default-executor-3] INFO  impl.RoleInfo (RoleInfo.java:updateAndGet(130)) - cb2fd3fb-19e5-42ca-9dfe-29780f3343f2: start cb2fd3fb-19e5-42ca-9dfe-29780f3343f2@group-3A2C9E7AAA4A-FollowerState
2022-03-01 14:10:39,699 [grpc-default-executor-1] INFO  server.RaftServer$Division (RaftServerImpl.java:requestVote(1046)) - bd11a757-4e61-4308-b965-88ab045257cd@group-3A2C9E7AAA4A: receive requestVote(ELECTION, bacbce02-2d3c-4c38-b1ae-00a91a518d9a, group-3A2C9E7AAA4A, 1, (t:0, i:0))
2022-03-01 14:10:39,699 [grpc-default-executor-1] INFO  impl.VoteContext (VoteContext.java:log(48)) - bd11a757-4e61-4308-b965-88ab045257cd@group-3A2C9E7AAA4A-FOLLOWER: accept ELECTION from bacbce02-2d3c-4c38-b1ae-00a91a518d9a: our priority 0 <= candidate's priority 0
2022-03-01 14:10:39,700 [grpc-default-executor-1] INFO  server.RaftServer$Division (RaftServerImpl.java:setRole(290)) - bd11a757-4e61-4308-b965-88ab045257cd@group-3A2C9E7AAA4A: changes role from  FOLLOWER to FOLLOWER at term 1 for candidate:bacbce02-2d3c-4c38-b1ae-00a91a518d9a
2022-03-01 14:10:39,700 [grpc-default-executor-1] INFO  impl.RoleInfo (RoleInfo.java:shutdownFollowerState(108)) - bd11a757-4e61-4308-b965-88ab045257cd: shutdown bd11a757-4e61-4308-b965-88ab045257cd@group-3A2C9E7AAA4A-FollowerState
2022-03-01 14:10:39,709 [grpc-default-executor-1] INFO  impl.RoleInfo (RoleInfo.java:updateAndGet(130)) - bd11a757-4e61-4308-b965-88ab045257cd: start bd11a757-4e61-4308-b965-88ab045257cd@group-3A2C9E7AAA4A-FollowerState
2022-03-01 14:10:39,709 [bd11a757-4e61-4308-b965-88ab045257cd@group-3A2C9E7AAA4A-FollowerState] INFO  impl.FollowerState (FollowerState.java:run(143)) - bd11a757-4e61-4308-b965-88ab045257cd@group-3A2C9E7AAA4A-FollowerState was interrupted: {}
java.lang.InterruptedException: sleep interrupted
	at java.lang.Thread.sleep(Native Method)
	at java.lang.Thread.sleep(Thread.java:342)
	at java.util.concurrent.TimeUnit.sleep(TimeUnit.java:386)
	at org.apache.ratis.util.TimeDuration.sleep(TimeDuration.java:324)
	at org.apache.ratis.util.TimeDuration.sleep(TimeDuration.java:309)
	at org.apache.ratis.server.impl.FollowerState.run(FollowerState.java:118)
2022-03-01 14:10:39,710 [grpc-default-executor-3] INFO  server.RaftServer$Division (RaftServerImpl.java:requestVote(1078)) - cb2fd3fb-19e5-42ca-9dfe-29780f3343f2@group-3A2C9E7AAA4A replies to ELECTION vote request: bacbce02-2d3c-4c38-b1ae-00a91a518d9a<-cb2fd3fb-19e5-42ca-9dfe-29780f3343f2#0:FAIL-t1. Peer's state: cb2fd3fb-19e5-42ca-9dfe-29780f3343f2@group-3A2C9E7AAA4A:t1, leader=null, voted=null, raftlog=cb2fd3fb-19e5-42ca-9dfe-29780f3343f2@group-3A2C9E7AAA4A-SegmentedRaftLog:OPENED:c-1, conf=-1: [cb2fd3fb-19e5-42ca-9dfe-29780f3343f2|rpc:10.1.0.24:34811|dataStream:|priority:1, bd11a757-4e61-4308-b965-88ab045257cd|rpc:10.1.0.24:46077|dataStream:|priority:0, bacbce02-2d3c-4c38-b1ae-00a91a518d9a|rpc:10.1.0.24:45207|dataStream:|priority:0], old=null
2022-03-01 14:10:39,719 [bacbce02-2d3c-4c38-b1ae-00a91a518d9a@group-3A2C9E7AAA4A-LeaderElection62] INFO  impl.LeaderElection (LeaderElection.java:logAndReturn(89)) - bacbce02-2d3c-4c38-b1ae-00a91a518d9a@group-3A2C9E7AAA4A-LeaderElection62: ELECTION REJECTED received 1 response(s) and 0 exception(s):
2022-03-01 14:10:39,719 [bacbce02-2d3c-4c38-b1ae-00a91a518d9a@group-3A2C9E7AAA4A-LeaderElection62] INFO  impl.LeaderElection (LeaderElection.java:logAndReturn(93)) -   Response 0: bacbce02-2d3c-4c38-b1ae-00a91a518d9a<-cb2fd3fb-19e5-42ca-9dfe-29780f3343f2#0:FAIL-t1
2022-03-01 14:10:39,719 [bacbce02-2d3c-4c38-b1ae-00a91a518d9a@group-3A2C9E7AAA4A-LeaderElection62] INFO  impl.LeaderElection (LeaderElection.java:askForVotes(308)) - bacbce02-2d3c-4c38-b1ae-00a91a518d9a@group-3A2C9E7AAA4A-LeaderElection62 ELECTION round 0: result REJECTED
2022-03-01 14:10:39,719 [bacbce02-2d3c-4c38-b1ae-00a91a518d9a@group-3A2C9E7AAA4A-LeaderElection62] INFO  server.RaftServer$Division (RaftServerImpl.java:setRole(290)) - bacbce02-2d3c-4c38-b1ae-00a91a518d9a@group-3A2C9E7AAA4A: changes role from CANDIDATE to FOLLOWER at term 1 for REJECTED
2022-03-01 14:10:39,719 [bacbce02-2d3c-4c38-b1ae-00a91a518d9a@group-3A2C9E7AAA4A-LeaderElection62] INFO  impl.RoleInfo (RoleInfo.java:shutdownLeaderElection(121)) - bacbce02-2d3c-4c38-b1ae-00a91a518d9a: shutdown bacbce02-2d3c-4c38-b1ae-00a91a518d9a@group-3A2C9E7AAA4A-LeaderElection62
2022-03-01 14:10:39,719 [bacbce02-2d3c-4c38-b1ae-00a91a518d9a@group-3A2C9E7AAA4A-LeaderElection62] INFO  impl.RoleInfo (RoleInfo.java:updateAndGet(130)) - bacbce02-2d3c-4c38-b1ae-00a91a518d9a: start bacbce02-2d3c-4c38-b1ae-00a91a518d9a@group-3A2C9E7AAA4A-FollowerState
2022-03-01 14:10:39,730 [grpc-default-executor-1] INFO  server.RaftServer$Division (RaftServerImpl.java:requestVote(1078)) - bd11a757-4e61-4308-b965-88ab045257cd@group-3A2C9E7AAA4A replies to ELECTION vote request: bacbce02-2d3c-4c38-b1ae-00a91a518d9a<-bd11a757-4e61-4308-b965-88ab045257cd#0:OK-t1. Peer's state: bd11a757-4e61-4308-b965-88ab045257cd@group-3A2C9E7AAA4A:t1, leader=null, voted=bacbce02-2d3c-4c38-b1ae-00a91a518d9a, raftlog=bd11a757-4e61-4308-b965-88ab045257cd@group-3A2C9E7AAA4A-SegmentedRaftLog:OPENED:c-1, conf=-1: [cb2fd3fb-19e5-42ca-9dfe-29780f3343f2|rpc:10.1.0.24:34811|dataStream:|priority:1, bd11a757-4e61-4308-b965-88ab045257cd|rpc:10.1.0.24:46077|dataStream:|priority:0, bacbce02-2d3c-4c38-b1ae-00a91a518d9a|rpc:10.1.0.24:45207|dataStream:|priority:0], old=null
2022-03-01 14:10:39,867 [cb2fd3fb-19e5-42ca-9dfe-29780f3343f2@group-9A139BEB9008-FollowerState] INFO  impl.FollowerState (FollowerState.java:run(134)) - cb2fd3fb-19e5-42ca-9dfe-29780f3343f2@group-9A139BEB9008-FollowerState: change to CANDIDATE, lastRpcElapsedTime:5144777696ns, electionTimeout:5116ms
2022-03-01 14:10:39,868 [cb2fd3fb-19e5-42ca-9dfe-29780f3343f2@group-9A139BEB9008-FollowerState] INFO  impl.RoleInfo (RoleInfo.java:shutdownFollowerState(108)) - cb2fd3fb-19e5-42ca-9dfe-29780f3343f2: shutdown cb2fd3fb-19e5-42ca-9dfe-29780f3343f2@group-9A139BEB9008-FollowerState
2022-03-01 14:10:39,868 [cb2fd3fb-19e5-42ca-9dfe-29780f3343f2@group-9A139BEB9008-FollowerState] INFO  server.RaftServer$Division (RaftServerImpl.java:setRole(290)) - cb2fd3fb-19e5-42ca-9dfe-29780f3343f2@group-9A139BEB9008: changes role from  FOLLOWER to CANDIDATE at term 0 for changeToCandidate
2022-03-01 14:10:39,868 [cb2fd3fb-19e5-42ca-9dfe-29780f3343f2@group-9A139BEB9008-FollowerState] INFO  server.RaftServerConfigKeys (ConfUtils.java:logGet(44)) - raft.server.leaderelection.pre-vote = false (custom)
2022-03-01 14:10:39,868 [cb2fd3fb-19e5-42ca-9dfe-29780f3343f2@group-9A139BEB9008-FollowerState] INFO  impl.RoleInfo (RoleInfo.java:updateAndGet(130)) - cb2fd3fb-19e5-42ca-9dfe-29780f3343f2: start cb2fd3fb-19e5-42ca-9dfe-29780f3343f2@group-9A139BEB9008-LeaderElection63
2022-03-01 14:10:39,874 [cb2fd3fb-19e5-42ca-9dfe-29780f3343f2@group-9A139BEB9008-LeaderElection63] INFO  impl.LeaderElection (LeaderElection.java:askForVotes(306)) - cb2fd3fb-19e5-42ca-9dfe-29780f3343f2@group-9A139BEB9008-LeaderElection63 ELECTION round 0: submit vote requests at term 1 for -1: [cb2fd3fb-19e5-42ca-9dfe-29780f3343f2|rpc:10.1.0.24:34811|priority:1], old=null
2022-03-01 14:10:39,874 [cb2fd3fb-19e5-42ca-9dfe-29780f3343f2@group-9A139BEB9008-LeaderElection63] INFO  impl.LeaderElection (LeaderElection.java:askForVotes(308)) - cb2fd3fb-19e5-42ca-9dfe-29780f3343f2@group-9A139BEB9008-LeaderElection63 ELECTION round 0: result PASSED (term=1)
2022-03-01 14:10:39,874 [cb2fd3fb-19e5-42ca-9dfe-29780f3343f2@group-9A139BEB9008-LeaderElection63] INFO  impl.RoleInfo (RoleInfo.java:shutdownLeaderElection(121)) - cb2fd3fb-19e5-42ca-9dfe-29780f3343f2: shutdown cb2fd3fb-19e5-42ca-9dfe-29780f3343f2@group-9A139BEB9008-LeaderElection63
2022-03-01 14:10:39,874 [cb2fd3fb-19e5-42ca-9dfe-29780f3343f2@group-9A139BEB9008-LeaderElection63] INFO  server.RaftServer$Division (RaftServerImpl.java:setRole(290)) - cb2fd3fb-19e5-42ca-9dfe-29780f3343f2@group-9A139BEB9008: changes role from CANDIDATE to LEADER at term 1 for changeToLeader
2022-03-01 14:10:39,874 [cb2fd3fb-19e5-42ca-9dfe-29780f3343f2@group-9A139BEB9008-LeaderElection63] INFO  ratis.XceiverServerRatis (XceiverServerRatis.java:handleLeaderChangedNotification(867)) - Leader change notification received for group: group-9A139BEB9008 with new leaderId: cb2fd3fb-19e5-42ca-9dfe-29780f3343f2
2022-03-01 14:10:39,874 [cb2fd3fb-19e5-42ca-9dfe-29780f3343f2@group-9A139BEB9008-LeaderElection63] INFO  server.RaftServer$Division (ServerState.java:setLeader(285)) - cb2fd3fb-19e5-42ca-9dfe-29780f3343f2@group-9A139BEB9008: change Leader from null to cb2fd3fb-19e5-42ca-9dfe-29780f3343f2 at term 1 for becomeLeader, leader elected after 5188ms
2022-03-01 14:10:39,875 [cb2fd3fb-19e5-42ca-9dfe-29780f3343f2@group-9A139BEB9008-LeaderElection63] INFO  server.RaftServerConfigKeys (ConfUtils.java:logGet(44)) - raft.server.staging.catchup.gap = 1000 (default)
2022-03-01 14:10:39,875 [cb2fd3fb-19e5-42ca-9dfe-29780f3343f2@group-9A139BEB9008-LeaderElection63] INFO  server.RaftServerConfigKeys (ConfUtils.java:logGet(44)) - raft.server.write.element-limit = 1024 (custom)
2022-03-01 14:10:39,875 [cb2fd3fb-19e5-42ca-9dfe-29780f3343f2@group-9A139BEB9008-LeaderElection63] INFO  server.RaftServerConfigKeys (ConfUtils.java:logGet(44)) - raft.server.write.byte-limit = 1024 M (=1073741824) (custom)
2022-03-01 14:10:39,876 [cb2fd3fb-19e5-42ca-9dfe-29780f3343f2@group-9A139BEB9008-LeaderElection63] INFO  server.RaftServerConfigKeys (ConfUtils.java:logGet(44)) - raft.server.watch.timeout = 180s (custom)
2022-03-01 14:10:39,876 [cb2fd3fb-19e5-42ca-9dfe-29780f3343f2@group-9A139BEB9008-LeaderElection63] INFO  server.RaftServerConfigKeys (ConfUtils.java:logGet(44)) - raft.server.watch.timeout.denomination = 1s (default)
2022-03-01 14:10:39,876 [cb2fd3fb-19e5-42ca-9dfe-29780f3343f2@group-9A139BEB9008-LeaderElection63] INFO  server.RaftServerConfigKeys (ConfUtils.java:logGet(44)) - raft.server.watch.element-limit = 65536 (default)
2022-03-01 14:10:39,876 [cb2fd3fb-19e5-42ca-9dfe-29780f3343f2@group-9A139BEB9008-LeaderElection63] INFO  server.RaftServerConfigKeys (ConfUtils.java:logGet(44)) - raft.server.write.element-limit = 1024 (custom)
2022-03-01 14:10:39,876 [cb2fd3fb-19e5-42ca-9dfe-29780f3343f2@group-9A139BEB9008-LeaderElection63] INFO  server.RaftServerConfigKeys (ConfUtils.java:logGet(44)) - raft.server.write.follower.gap.ratio.max = -1.0 (default)
2022-03-01 14:10:39,876 [cb2fd3fb-19e5-42ca-9dfe-29780f3343f2@group-9A139BEB9008-LeaderElection63] INFO  impl.RoleInfo (RoleInfo.java:updateAndGet(130)) - cb2fd3fb-19e5-42ca-9dfe-29780f3343f2: start cb2fd3fb-19e5-42ca-9dfe-29780f3343f2@group-9A139BEB9008-LeaderStateImpl
2022-03-01 14:10:39,876 [cb2fd3fb-19e5-42ca-9dfe-29780f3343f2@group-9A139BEB9008-LeaderElection63] INFO  segmented.SegmentedRaftLogWorker (SegmentedRaftLogWorker.java:startLogSegment(394)) - cb2fd3fb-19e5-42ca-9dfe-29780f3343f2@group-9A139BEB9008-SegmentedRaftLogWorker: Starting segment from index:0
2022-03-01 14:10:39,879 [cb2fd3fb-19e5-42ca-9dfe-29780f3343f2@group-9A139BEB9008-SegmentedRaftLogWorker] INFO  segmented.SegmentedRaftLogWorker (SegmentedRaftLogWorker.java:execute(601)) - cb2fd3fb-19e5-42ca-9dfe-29780f3343f2@group-9A139BEB9008-SegmentedRaftLogWorker: created new log segment /home/runner/work/ozone/ozone/hadoop-ozone/integration-test/target/test-dir/MiniOzoneClusterImpl-eb83c96d-312e-41b9-bb81-21e4280f8c7c/datanode-1/data/ratis/ac5718b7-1e43-4c4d-a806-9a139beb9008/current/log_inprogress_0
2022-03-01 14:10:39,933 [cb2fd3fb-19e5-42ca-9dfe-29780f3343f2@group-9A139BEB9008-LeaderElection63] INFO  server.RaftServer$Division (ServerState.java:setRaftConf(387)) - cb2fd3fb-19e5-42ca-9dfe-29780f3343f2@group-9A139BEB9008: set configuration 0: [cb2fd3fb-19e5-42ca-9dfe-29780f3343f2|rpc:10.1.0.24:34811|dataStream:|priority:1], old=null
2022-03-01 14:10:40,425 [Listener at 127.0.0.1/43831] INFO  ozone.MiniOzoneClusterImpl (MiniOzoneClusterImpl.java:lambda$waitForClusterToBeReady$0(219)) - Nodes are ready. Got 3 of 3 DN Heartbeats.
2022-03-01 14:10:40,425 [Listener at 127.0.0.1/43831] INFO  ozone.MiniOzoneClusterImpl (MiniOzoneClusterImpl.java:lambda$waitForClusterToBeReady$0(222)) - Cluster exits safe mode
2022-03-01 14:10:40,425 [Listener at 127.0.0.1/43831] INFO  ozone.MiniOzoneClusterImpl (MiniOzoneClusterImpl.java:lambda$waitForClusterToBeReady$0(224)) - SCM became leader
2022-03-01 14:10:40,473 [Listener at 127.0.0.1/43831] INFO  rpc.RpcClient (RpcClient.java:createVolume(399)) - Creating Volume: volume25707, with user71847 as owner and space quota set to -1 bytes, counts quota set to -1
2022-03-01 14:10:40,509 [IPC Server handler 9 on default port 43831] INFO  volume.OMVolumeCreateRequest (OMVolumeCreateRequest.java:validateAndUpdateCache(195)) - created volume:volume25707 for user:user71847
2022-03-01 14:10:40,586 [Listener at 127.0.0.1/43831] INFO  rpc.RpcClient (RpcClient.java:createBucket(562)) - Creating Bucket: volume25707/bucket04728, with runner as owner and Versioning false and Storage Type set to DISK and Encryption set to false 
2022-03-01 14:10:40,593 [bd11a757-4e61-4308-b965-88ab045257cd@group-DF28F730D59C-FollowerState] INFO  impl.FollowerState (FollowerState.java:run(134)) - bd11a757-4e61-4308-b965-88ab045257cd@group-DF28F730D59C-FollowerState: change to CANDIDATE, lastRpcElapsedTime:5128050045ns, electionTimeout:5127ms
2022-03-01 14:10:40,593 [bd11a757-4e61-4308-b965-88ab045257cd@group-DF28F730D59C-FollowerState] INFO  impl.RoleInfo (RoleInfo.java:shutdownFollowerState(108)) - bd11a757-4e61-4308-b965-88ab045257cd: shutdown bd11a757-4e61-4308-b965-88ab045257cd@group-DF28F730D59C-FollowerState
2022-03-01 14:10:40,593 [bd11a757-4e61-4308-b965-88ab045257cd@group-DF28F730D59C-FollowerState] INFO  server.RaftServer$Division (RaftServerImpl.java:setRole(290)) - bd11a757-4e61-4308-b965-88ab045257cd@group-DF28F730D59C: changes role from  FOLLOWER to CANDIDATE at term 0 for changeToCandidate
2022-03-01 14:10:40,593 [bd11a757-4e61-4308-b965-88ab045257cd@group-DF28F730D59C-FollowerState] INFO  server.RaftServerConfigKeys (ConfUtils.java:logGet(44)) - raft.server.leaderelection.pre-vote = false (custom)
2022-03-01 14:10:40,593 [bd11a757-4e61-4308-b965-88ab045257cd@group-DF28F730D59C-FollowerState] INFO  impl.RoleInfo (RoleInfo.java:updateAndGet(130)) - bd11a757-4e61-4308-b965-88ab045257cd: start bd11a757-4e61-4308-b965-88ab045257cd@group-DF28F730D59C-LeaderElection64
2022-03-01 14:10:40,621 [bd11a757-4e61-4308-b965-88ab045257cd@group-DF28F730D59C-LeaderElection64] INFO  impl.LeaderElection (LeaderElection.java:askForVotes(306)) - bd11a757-4e61-4308-b965-88ab045257cd@group-DF28F730D59C-LeaderElection64 ELECTION round 0: submit vote requests at term 1 for -1: [bd11a757-4e61-4308-b965-88ab045257cd|rpc:10.1.0.24:46077|priority:1], old=null
2022-03-01 14:10:40,621 [bd11a757-4e61-4308-b965-88ab045257cd@group-DF28F730D59C-LeaderElection64] INFO  impl.LeaderElection (LeaderElection.java:askForVotes(308)) - bd11a757-4e61-4308-b965-88ab045257cd@group-DF28F730D59C-LeaderElection64 ELECTION round 0: result PASSED (term=1)
2022-03-01 14:10:40,621 [bd11a757-4e61-4308-b965-88ab045257cd@group-DF28F730D59C-LeaderElection64] INFO  impl.RoleInfo (RoleInfo.java:shutdownLeaderElection(121)) - bd11a757-4e61-4308-b965-88ab045257cd: shutdown bd11a757-4e61-4308-b965-88ab045257cd@group-DF28F730D59C-LeaderElection64
2022-03-01 14:10:40,621 [bd11a757-4e61-4308-b965-88ab045257cd@group-DF28F730D59C-LeaderElection64] INFO  server.RaftServer$Division (RaftServerImpl.java:setRole(290)) - bd11a757-4e61-4308-b965-88ab045257cd@group-DF28F730D59C: changes role from CANDIDATE to LEADER at term 1 for changeToLeader
2022-03-01 14:10:40,621 [bd11a757-4e61-4308-b965-88ab045257cd@group-DF28F730D59C-LeaderElection64] INFO  ratis.XceiverServerRatis (XceiverServerRatis.java:handleLeaderChangedNotification(867)) - Leader change notification received for group: group-DF28F730D59C with new leaderId: bd11a757-4e61-4308-b965-88ab045257cd
2022-03-01 14:10:40,647 [bd11a757-4e61-4308-b965-88ab045257cd@group-DF28F730D59C-LeaderElection64] INFO  server.RaftServer$Division (ServerState.java:setLeader(285)) - bd11a757-4e61-4308-b965-88ab045257cd@group-DF28F730D59C: change Leader from null to bd11a757-4e61-4308-b965-88ab045257cd at term 1 for becomeLeader, leader elected after 5174ms
2022-03-01 14:10:40,647 [bd11a757-4e61-4308-b965-88ab045257cd@group-DF28F730D59C-LeaderElection64] INFO  server.RaftServerConfigKeys (ConfUtils.java:logGet(44)) - raft.server.staging.catchup.gap = 1000 (default)
2022-03-01 14:10:40,648 [bd11a757-4e61-4308-b965-88ab045257cd@group-DF28F730D59C-LeaderElection64] INFO  server.RaftServerConfigKeys (ConfUtils.java:logGet(44)) - raft.server.write.element-limit = 1024 (custom)
2022-03-01 14:10:40,648 [bd11a757-4e61-4308-b965-88ab045257cd@group-DF28F730D59C-LeaderElection64] INFO  server.RaftServerConfigKeys (ConfUtils.java:logGet(44)) - raft.server.write.byte-limit = 1024 M (=1073741824) (custom)
2022-03-01 14:10:40,648 [bd11a757-4e61-4308-b965-88ab045257cd@group-DF28F730D59C-LeaderElection64] INFO  server.RaftServerConfigKeys (ConfUtils.java:logGet(44)) - raft.server.watch.timeout = 180s (custom)
2022-03-01 14:10:40,648 [bd11a757-4e61-4308-b965-88ab045257cd@group-DF28F730D59C-LeaderElection64] INFO  server.RaftServerConfigKeys (ConfUtils.java:logGet(44)) - raft.server.watch.timeout.denomination = 1s (default)
2022-03-01 14:10:40,648 [bd11a757-4e61-4308-b965-88ab045257cd@group-DF28F730D59C-LeaderElection64] INFO  server.RaftServerConfigKeys (ConfUtils.java:logGet(44)) - raft.server.watch.element-limit = 65536 (default)
2022-03-01 14:10:40,648 [bd11a757-4e61-4308-b965-88ab045257cd@group-DF28F730D59C-LeaderElection64] INFO  server.RaftServerConfigKeys (ConfUtils.java:logGet(44)) - raft.server.write.element-limit = 1024 (custom)
2022-03-01 14:10:40,648 [bd11a757-4e61-4308-b965-88ab045257cd@group-DF28F730D59C-LeaderElection64] INFO  server.RaftServerConfigKeys (ConfUtils.java:logGet(44)) - raft.server.write.follower.gap.ratio.max = -1.0 (default)
2022-03-01 14:10:40,648 [bd11a757-4e61-4308-b965-88ab045257cd@group-DF28F730D59C-LeaderElection64] INFO  impl.RoleInfo (RoleInfo.java:updateAndGet(130)) - bd11a757-4e61-4308-b965-88ab045257cd: start bd11a757-4e61-4308-b965-88ab045257cd@group-DF28F730D59C-LeaderStateImpl
2022-03-01 14:10:40,649 [bd11a757-4e61-4308-b965-88ab045257cd@group-DF28F730D59C-LeaderElection64] INFO  segmented.SegmentedRaftLogWorker (SegmentedRaftLogWorker.java:startLogSegment(394)) - bd11a757-4e61-4308-b965-88ab045257cd@group-DF28F730D59C-SegmentedRaftLogWorker: Starting segment from index:0
2022-03-01 14:10:40,650 [bd11a757-4e61-4308-b965-88ab045257cd@group-DF28F730D59C-SegmentedRaftLogWorker] INFO  segmented.SegmentedRaftLogWorker (SegmentedRaftLogWorker.java:execute(601)) - bd11a757-4e61-4308-b965-88ab045257cd@group-DF28F730D59C-SegmentedRaftLogWorker: created new log segment /home/runner/work/ozone/ozone/hadoop-ozone/integration-test/target/test-dir/MiniOzoneClusterImpl-eb83c96d-312e-41b9-bb81-21e4280f8c7c/datanode-2/data/ratis/b861cf92-a7d8-49c3-8e3d-df28f730d59c/current/log_inprogress_0
2022-03-01 14:10:40,670 [bd11a757-4e61-4308-b965-88ab045257cd@group-DF28F730D59C-LeaderElection64] INFO  server.RaftServer$Division (ServerState.java:setRaftConf(387)) - bd11a757-4e61-4308-b965-88ab045257cd@group-DF28F730D59C: set configuration 0: [bd11a757-4e61-4308-b965-88ab045257cd|rpc:10.1.0.24:46077|dataStream:|priority:1], old=null
]]></system-out>
  </testcase>
  <testcase name="testRenameFile[4]" classname="org.apache.hadoop.fs.ozone.TestRootedOzoneFileSystem" time="0.223"/>
  <testcase name="testListStatusRootAndVolumeRecursive[4]" classname="org.apache.hadoop.fs.ozone.TestRootedOzoneFileSystem" time="1.149"/>
  <testcase name="testTempMount[4]" classname="org.apache.hadoop.fs.ozone.TestRootedOzoneFileSystem" time="0.281"/>
  <testcase name="testListStatusRootAndVolumeNonRecursive[4]" classname="org.apache.hadoop.fs.ozone.TestRootedOzoneFileSystem" time="0.649"/>
  <testcase name="testDeleteVolumeAndBucket[4]" classname="org.apache.hadoop.fs.ozone.TestRootedOzoneFileSystem" time="0.099"/>
  <testcase name="testRenameDirToItsOwnSubDir[4]" classname="org.apache.hadoop.fs.ozone.TestRootedOzoneFileSystem" time="0.048"/>
  <testcase name="testOzoneFsServiceLoader[4]" classname="org.apache.hadoop.fs.ozone.TestRootedOzoneFileSystem" time="0.105"/>
  <testcase name="testTrash[4]" classname="org.apache.hadoop.fs.ozone.TestRootedOzoneFileSystem" time="0">
    <skipped/>
  </testcase>
  <testcase name="testRenameDestinationParentDoesntExist[4]" classname="org.apache.hadoop.fs.ozone.TestRootedOzoneFileSystem" time="0.046"/>
  <testcase name="testGetFileStatusRoot[4]" classname="org.apache.hadoop.fs.ozone.TestRootedOzoneFileSystem" time="0.029"/>
  <testcase name="testCreateWithInvalidPaths[4]" classname="org.apache.hadoop.fs.ozone.TestRootedOzoneFileSystem" time="0.014"/>
  <testcase name="testDeleteEmptyVolume[4]" classname="org.apache.hadoop.fs.ozone.TestRootedOzoneFileSystem" time="0.08"/>
  <testcase name="testListStatusRootAndVolumeContinuation[4]" classname="org.apache.hadoop.fs.ozone.TestRootedOzoneFileSystem" time="1.01"/>
  <testcase name="testDeleteVolumeBucketAndKey[4]" classname="org.apache.hadoop.fs.ozone.TestRootedOzoneFileSystem" time="0.127"/>
  <testcase name="testRenameToParentDir[4]" classname="org.apache.hadoop.fs.ozone.TestRootedOzoneFileSystem" time="0.084"/>
  <testcase name="testMkdirNonExistentVolumeBucket[4]" classname="org.apache.hadoop.fs.ozone.TestRootedOzoneFileSystem" time="0.038"/>
  <testcase name="testFailToDeleteRoot[4]" classname="org.apache.hadoop.fs.ozone.TestRootedOzoneFileSystem" time="0.003"/>
  <testcase name="testListStatusOnSubDirs[4]" classname="org.apache.hadoop.fs.ozone.TestRootedOzoneFileSystem" time="0.296"/>
  <testcase name="testListStatus[4]" classname="org.apache.hadoop.fs.ozone.TestRootedOzoneFileSystem" time="0.167"/>
  <testcase name="testGetTrashRoots[4]" classname="org.apache.hadoop.fs.ozone.TestRootedOzoneFileSystem" time="0.705"/>
  <testcase name="testCreateDoesNotAddParentDirKeys[4]" classname="org.apache.hadoop.fs.ozone.TestRootedOzoneFileSystem" time="0.19"/>
  <testcase name="testMkdirNonExistentVolume[4]" classname="org.apache.hadoop.fs.ozone.TestRootedOzoneFileSystem" time="0.036"/>
  <testcase name="testDeleteCreatesFakeParentDir[4]" classname="org.apache.hadoop.fs.ozone.TestRootedOzoneFileSystem" time="0.164"/>
  <testcase name="testNonExplicitlyCreatedPathExistsAfterItsLeafsWereRemoved[4]" classname="org.apache.hadoop.fs.ozone.TestRootedOzoneFileSystem" time="0.066"/>
  <testcase name="testFileDelete[4]" classname="org.apache.hadoop.fs.ozone.TestRootedOzoneFileSystem" time="0.208"/>
  <testcase name="testRenameToTrashEnabled[4]" classname="org.apache.hadoop.fs.ozone.TestRootedOzoneFileSystem" time="0.524"/>
  <testcase name="testMkdirOnNonExistentVolumeBucketDir[4]" classname="org.apache.hadoop.fs.ozone.TestRootedOzoneFileSystem" time="0.08"/>
  <testcase name="testListStatusOnLargeDirectory[4]" classname="org.apache.hadoop.fs.ozone.TestRootedOzoneFileSystem" time="15.456"/>
  <testcase name="testRenameToDifferentBucket[4]" classname="org.apache.hadoop.fs.ozone.TestRootedOzoneFileSystem" time="0.148"/>
  <testcase name="testListStatusInBucket[4]" classname="org.apache.hadoop.fs.ozone.TestRootedOzoneFileSystem" time="0.011"/>
  <testcase name="testRenameFileToDir[4]" classname="org.apache.hadoop.fs.ozone.TestRootedOzoneFileSystem" time="0.086"/>
</testsuite>