<?xml version="1.0" encoding="UTF-8"?>
<testsuite xmlns:xsi="http://www.w3.org/2001/XMLSchema-instance" xsi:noNamespaceSchemaLocation="https://maven.apache.org/surefire/maven-surefire-plugin/xsd/surefire-test-report-3.0.xsd" version="3.0" name="org.apache.hadoop.fs.ozone.TestLeaseRecovery" time="306.867" tests="15" errors="0" skipped="0" failures="1">
  <properties>
    <property name="java.specification.version" value="17"/>
    <property name="sun.jnu.encoding" value="UTF-8"/>
    <property name="java.class.path" value="/home/runner/work/ozone/ozone/hadoop-ozone/integration-test/target/test-classes:/home/runner/work/ozone/ozone/hadoop-ozone/integration-test/target/classes:/home/runner/work/ozone/ozone/hadoop-ozone/common/target/ozone-common-1.5.0-SNAPSHOT.jar:/home/runner/.m2/repository/io/grpc/grpc-netty/1.58.0/grpc-netty-1.58.0.jar:/home/runner/.m2/repository/io/grpc/grpc-core/1.58.0/grpc-core-1.58.0.jar:/home/runner/.m2/repository/com/google/android/annotations/4.1.1.4/annotations-4.1.1.4.jar:/home/runner/.m2/repository/org/codehaus/mojo/animal-sniffer-annotations/1.23/animal-sniffer-annotations-1.23.jar:/home/runner/.m2/repository/io/grpc/grpc-context/1.58.0/grpc-context-1.58.0.jar:/home/runner/.m2/repository/io/grpc/grpc-util/1.58.0/grpc-util-1.58.0.jar:/home/runner/.m2/repository/com/google/errorprone/error_prone_annotations/2.28.0/error_prone_annotations-2.28.0.jar:/home/runner/.m2/repository/io/perfmark/perfmark-api/0.26.0/perfmark-api-0.26.0.jar:/home/runner/.m2/repository/io/netty/netty-codec-http2/4.1.109.Final/netty-codec-http2-4.1.109.Final.jar:/home/runner/.m2/repository/io/netty/netty-common/4.1.109.Final/netty-common-4.1.109.Final.jar:/home/runner/.m2/repository/io/netty/netty-buffer/4.1.109.Final/netty-buffer-4.1.109.Final.jar:/home/runner/.m2/repository/io/netty/netty-codec-http/4.1.109.Final/netty-codec-http-4.1.109.Final.jar:/home/runner/.m2/repository/io/netty/netty-handler-proxy/4.1.109.Final/netty-handler-proxy-4.1.109.Final.jar:/home/runner/.m2/repository/io/netty/netty-codec-socks/4.1.109.Final/netty-codec-socks-4.1.109.Final.jar:/home/runner/.m2/repository/io/netty/netty-tcnative-boringssl-static/2.0.65.Final/netty-tcnative-boringssl-static-2.0.65.Final.jar:/home/runner/.m2/repository/io/netty/netty-tcnative-classes/2.0.65.Final/netty-tcnative-classes-2.0.65.Final.jar:/home/runner/.m2/repository/io/netty/netty-tcnative-boringssl-static/2.0.65.Final/netty-tcnative-boringssl-static-2.0.65.Final-linux-x86_64.jar:/home/runner/.m2/repository/io/netty/netty-tcnative-boringssl-static/2.0.65.Final/netty-tcnative-boringssl-static-2.0.65.Final-linux-aarch_64.jar:/home/runner/.m2/repository/io/netty/netty-tcnative-boringssl-static/2.0.65.Final/netty-tcnative-boringssl-static-2.0.65.Final-osx-x86_64.jar:/home/runner/.m2/repository/io/netty/netty-tcnative-boringssl-static/2.0.65.Final/netty-tcnative-boringssl-static-2.0.65.Final-osx-aarch_64.jar:/home/runner/.m2/repository/io/netty/netty-tcnative-boringssl-static/2.0.65.Final/netty-tcnative-boringssl-static-2.0.65.Final-windows-x86_64.jar:/home/runner/.m2/repository/org/apache/commons/commons-compress/1.26.2/commons-compress-1.26.2.jar:/home/runner/work/ozone/ozone/hadoop-hdds/common/target/hdds-common-1.5.0-SNAPSHOT.jar:/home/runner/work/ozone/ozone/hadoop-hdds/client/target/hdds-client-1.5.0-SNAPSHOT.jar:/home/runner/work/ozone/ozone/hadoop-ozone/interface-client/target/ozone-interface-client-1.5.0-SNAPSHOT.jar:/home/runner/.m2/repository/org/apache/hadoop/hadoop-hdfs-client/3.3.6/hadoop-hdfs-client-3.3.6.jar:/home/runner/.m2/repository/com/squareup/okhttp3/okhttp/4.12.0/okhttp-4.12.0.jar:/home/runner/.m2/repository/com/squareup/okio/okio/3.6.0/okio-3.6.0.jar:/home/runner/.m2/repository/com/squareup/okio/okio-jvm/3.6.0/okio-jvm-3.6.0.jar:/home/runner/.m2/repository/org/jetbrains/kotlin/kotlin-stdlib-jdk8/1.9.25/kotlin-stdlib-jdk8-1.9.25.jar:/home/runner/.m2/repository/org/jetbrains/kotlin/kotlin-stdlib-jdk7/1.9.25/kotlin-stdlib-jdk7-1.9.25.jar:/home/runner/.m2/repository/org/jetbrains/kotlin/kotlin-stdlib-common/1.9.25/kotlin-stdlib-common-1.9.25.jar:/home/runner/.m2/repository/com/github/stephenc/jcip/jcip-annotations/1.0-1/jcip-annotations-1.0-1.jar:/home/runner/work/ozone/ozone/hadoop-hdds/test-utils/target/hdds-test-utils-1.5.0-SNAPSHOT.jar:/home/runner/.m2/repository/org/assertj/assertj-core/3.26.3/assertj-core-3.26.3.jar:/home/runner/.m2/repository/net/bytebuddy/byte-buddy/1.14.18/byte-buddy-1.14.18.jar:/home/runner/.m2/repository/com/google/guava/guava/32.1.3-jre/guava-32.1.3-jre.jar:/home/runner/.m2/repository/com/google/guava/failureaccess/1.0.1/failureaccess-1.0.1.jar:/home/runner/.m2/repository/com/google/guava/listenablefuture/9999.0-empty-to-avoid-conflict-with-guava/listenablefuture-9999.0-empty-to-avoid-conflict-with-guava.jar:/home/runner/.m2/repository/org/checkerframework/checker-qual/3.37.0/checker-qual-3.37.0.jar:/home/runner/.m2/repository/com/google/j2objc/j2objc-annotations/2.8/j2objc-annotations-2.8.jar:/home/runner/.m2/repository/commons-io/commons-io/2.16.1/commons-io-2.16.1.jar:/home/runner/.m2/repository/commons-logging/commons-logging/1.2/commons-logging-1.2.jar:/home/runner/.m2/repository/org/junit/jupiter/junit-jupiter-api/5.10.3/junit-jupiter-api-5.10.3.jar:/home/runner/.m2/repository/org/opentest4j/opentest4j/1.3.0/opentest4j-1.3.0.jar:/home/runner/.m2/repository/org/junit/platform/junit-platform-commons/1.10.3/junit-platform-commons-1.10.3.jar:/home/runner/.m2/repository/ch/qos/reload4j/reload4j/1.2.25/reload4j-1.2.25.jar:/home/runner/.m2/repository/jakarta/annotation/jakarta.annotation-api/2.1.1/jakarta.annotation-api-2.1.1.jar:/home/runner/.m2/repository/org/slf4j/slf4j-api/2.0.13/slf4j-api-2.0.13.jar:/home/runner/.m2/repository/org/apache/logging/log4j/log4j-api/2.23.1/log4j-api-2.23.1.jar:/home/runner/work/ozone/ozone/hadoop-hdds/server-scm/target/hdds-server-scm-1.5.0-SNAPSHOT.jar:/home/runner/.m2/repository/com/google/protobuf/protobuf-java/2.5.0/protobuf-java-2.5.0.jar:/home/runner/work/ozone/ozone/hadoop-hdds/container-service/target/hdds-container-service-1.5.0-SNAPSHOT.jar:/home/runner/work/ozone/ozone/hadoop-hdds/hadoop-dependency-server/target/hdds-hadoop-dependency-server-1.5.0-SNAPSHOT.jar:/home/runner/.m2/repository/com/nimbusds/nimbus-jose-jwt/9.40/nimbus-jose-jwt-9.40.jar:/home/runner/.m2/repository/org/apache/hadoop/hadoop-hdfs/3.3.6/hadoop-hdfs-3.3.6.jar:/home/runner/.m2/repository/commons-daemon/commons-daemon/1.4.0/commons-daemon-1.4.0.jar:/home/runner/.m2/repository/org/apache/kerby/kerb-core/1.0.1/kerb-core-1.0.1.jar:/home/runner/.m2/repository/org/apache/kerby/kerby-pkix/1.0.1/kerby-pkix-1.0.1.jar:/home/runner/.m2/repository/org/apache/kerby/kerby-asn1/1.0.1/kerby-asn1-1.0.1.jar:/home/runner/.m2/repository/org/apache/kerby/kerby-util/1.0.1/kerby-util-1.0.1.jar:/home/runner/.m2/repository/org/apache/kerby/kerb-util/1.0.1/kerb-util-1.0.1.jar:/home/runner/.m2/repository/org/apache/kerby/kerby-config/1.0.1/kerby-config-1.0.1.jar:/home/runner/.m2/repository/org/apache/kerby/kerb-crypto/1.0.1/kerb-crypto-1.0.1.jar:/home/runner/.m2/repository/org/xerial/snappy/snappy-java/1.1.10.5/snappy-java-1.1.10.5.jar:/home/runner/work/ozone/ozone/hadoop-hdds/framework/target/hdds-server-framework-1.5.0-SNAPSHOT.jar:/home/runner/.m2/repository/org/bouncycastle/bcprov-jdk18on/1.78.1/bcprov-jdk18on-1.78.1.jar:/home/runner/.m2/repository/io/dropwizard/metrics/metrics-core/3.2.6/metrics-core-3.2.6.jar:/home/runner/.m2/repository/org/apache/commons/commons-text/1.12.0/commons-text-1.12.0.jar:/home/runner/work/ozone/ozone/hadoop-hdds/framework/target/hdds-server-framework-1.5.0-SNAPSHOT-tests.jar:/home/runner/work/ozone/ozone/hadoop-hdds/interface-server/target/hdds-interface-server-1.5.0-SNAPSHOT.jar:/home/runner/work/ozone/ozone/hadoop-hdds/interface-admin/target/hdds-interface-admin-1.5.0-SNAPSHOT.jar:/home/runner/work/ozone/ozone/hadoop-hdds/managed-rocksdb/target/hdds-managed-rocksdb-1.5.0-SNAPSHOT.jar:/home/runner/.m2/repository/org/rocksdb/rocksdbjni/7.7.3/rocksdbjni-7.7.3.jar:/home/runner/.m2/repository/org/slf4j/slf4j-reload4j/2.0.13/slf4j-reload4j-2.0.13.jar:/home/runner/.m2/repository/org/apache/commons/commons-configuration2/2.10.1/commons-configuration2-2.10.1.jar:/home/runner/.m2/repository/commons-fileupload/commons-fileupload/1.5/commons-fileupload-1.5.jar:/home/runner/.m2/repository/org/apache/logging/log4j/log4j-core/2.23.1/log4j-core-2.23.1.jar:/home/runner/.m2/repository/com/lmax/disruptor/3.4.4/disruptor-3.4.4.jar:/home/runner/.m2/repository/org/eclipse/jetty/jetty-util/9.4.55.v20240627/jetty-util-9.4.55.v20240627.jar:/home/runner/.m2/repository/org/eclipse/jetty/jetty-server/9.4.55.v20240627/jetty-server-9.4.55.v20240627.jar:/home/runner/.m2/repository/org/eclipse/jetty/jetty-http/9.4.55.v20240627/jetty-http-9.4.55.v20240627.jar:/home/runner/.m2/repository/org/eclipse/jetty/jetty-io/9.4.55.v20240627/jetty-io-9.4.55.v20240627.jar:/home/runner/.m2/repository/org/eclipse/jetty/jetty-servlet/9.4.55.v20240627/jetty-servlet-9.4.55.v20240627.jar:/home/runner/.m2/repository/org/eclipse/jetty/jetty-security/9.4.55.v20240627/jetty-security-9.4.55.v20240627.jar:/home/runner/.m2/repository/org/eclipse/jetty/jetty-util-ajax/9.4.55.v20240627/jetty-util-ajax-9.4.55.v20240627.jar:/home/runner/.m2/repository/org/eclipse/jetty/jetty-webapp/9.4.55.v20240627/jetty-webapp-9.4.55.v20240627.jar:/home/runner/.m2/repository/org/eclipse/jetty/jetty-xml/9.4.55.v20240627/jetty-xml-9.4.55.v20240627.jar:/home/runner/.m2/repository/org/glassfish/jersey/containers/jersey-container-servlet-core/2.43/jersey-container-servlet-core-2.43.jar:/home/runner/.m2/repository/org/glassfish/hk2/external/jakarta.inject/2.6.1/jakarta.inject-2.6.1.jar:/home/runner/.m2/repository/org/glassfish/jersey/core/jersey-common/2.43/jersey-common-2.43.jar:/home/runner/.m2/repository/jakarta/ws/rs/jakarta.ws.rs-api/2.1.6/jakarta.ws.rs-api-2.1.6.jar:/home/runner/.m2/repository/org/apache/ratis/ratis-server/3.1.0/ratis-server-3.1.0.jar:/home/runner/.m2/repository/org/apache/ratis/ratis-thirdparty-misc/1.0.6/ratis-thirdparty-misc-1.0.6.jar:/home/runner/.m2/repository/org/apache/ratis/ratis-proto/3.1.0/ratis-proto-3.1.0.jar:/home/runner/.m2/repository/org/apache/ratis/ratis-common/3.1.0/ratis-common-3.1.0.jar:/home/runner/.m2/repository/org/apache/ratis/ratis-client/3.1.0/ratis-client-3.1.0.jar:/home/runner/.m2/repository/org/apache/ratis/ratis-metrics-api/3.1.0/ratis-metrics-api-3.1.0.jar:/home/runner/.m2/repository/org/apache/ratis/ratis-metrics-dropwizard3/3.1.0/ratis-metrics-dropwizard3-3.1.0.jar:/home/runner/.m2/repository/io/prometheus/simpleclient_dropwizard/0.16.0/simpleclient_dropwizard-0.16.0.jar:/home/runner/.m2/repository/io/prometheus/simpleclient/0.16.0/simpleclient-0.16.0.jar:/home/runner/.m2/repository/io/prometheus/simpleclient_common/0.16.0/simpleclient_common-0.16.0.jar:/home/runner/.m2/repository/com/fasterxml/jackson/datatype/jackson-datatype-jsr310/2.16.2/jackson-datatype-jsr310-2.16.2.jar:/home/runner/.m2/repository/com/fasterxml/jackson/core/jackson-core/2.16.2/jackson-core-2.16.2.jar:/home/runner/.m2/repository/com/github/jnr/jnr-posix/3.1.19/jnr-posix-3.1.19.jar:/home/runner/.m2/repository/com/github/jnr/jnr-ffi/2.2.16/jnr-ffi-2.2.16.jar:/home/runner/.m2/repository/com/github/jnr/jffi/1.3.13/jffi-1.3.13.jar:/home/runner/.m2/repository/com/github/jnr/jffi/1.3.13/jffi-1.3.13-native.jar:/home/runner/.m2/repository/org/ow2/asm/asm/9.2/asm-9.2.jar:/home/runner/.m2/repository/org/ow2/asm/asm-commons/9.2/asm-commons-9.2.jar:/home/runner/.m2/repository/org/ow2/asm/asm-analysis/9.2/asm-analysis-9.2.jar:/home/runner/.m2/repository/org/ow2/asm/asm-tree/9.2/asm-tree-9.2.jar:/home/runner/.m2/repository/org/ow2/asm/asm-util/9.2/asm-util-9.2.jar:/home/runner/.m2/repository/com/github/jnr/jnr-a64asm/1.0.0/jnr-a64asm-1.0.0.jar:/home/runner/.m2/repository/com/github/jnr/jnr-x86asm/1.0.2/jnr-x86asm-1.0.2.jar:/home/runner/.m2/repository/com/github/jnr/jnr-constants/0.10.4/jnr-constants-0.10.4.jar:/home/runner/work/ozone/ozone/hadoop-hdds/rocksdb-checkpoint-differ/target/rocksdb-checkpoint-differ-1.5.0-SNAPSHOT.jar:/home/runner/.m2/repository/org/jgrapht/jgrapht-core/1.4.0/jgrapht-core-1.4.0.jar:/home/runner/.m2/repository/org/jheaps/jheaps/0.11/jheaps-0.11.jar:/home/runner/.m2/repository/org/jgrapht/jgrapht-ext/1.4.0/jgrapht-ext-1.4.0.jar:/home/runner/.m2/repository/com/github/vlsi/mxgraph/jgraphx/3.9.8.1/jgraphx-3.9.8.1.jar:/home/runner/work/ozone/ozone/hadoop-ozone/ozone-manager/target/ozone-manager-1.5.0-SNAPSHOT.jar:/home/runner/.m2/repository/org/aspectj/aspectjrt/1.9.7/aspectjrt-1.9.7.jar:/home/runner/.m2/repository/org/aspectj/aspectjweaver/1.9.7/aspectjweaver-1.9.7.jar:/home/runner/work/ozone/ozone/hadoop-hdds/interface-client/target/hdds-interface-client-1.5.0-SNAPSHOT.jar:/home/runner/.m2/repository/org/apache/hadoop/thirdparty/hadoop-shaded-protobuf_3_7/1.1.1/hadoop-shaded-protobuf_3_7-1.1.1.jar:/home/runner/work/ozone/ozone/hadoop-ozone/interface-storage/target/ozone-interface-storage-1.5.0-SNAPSHOT.jar:/home/runner/.m2/repository/org/reflections/reflections/0.10.2/reflections-0.10.2.jar:/home/runner/.m2/repository/com/sun/jersey/jersey-client/1.19.4/jersey-client-1.19.4.jar:/home/runner/.m2/repository/org/codehaus/jackson/jackson-core-asl/1.9.13/jackson-core-asl-1.9.13.jar:/home/runner/.m2/repository/org/codehaus/jackson/jackson-mapper-asl/1.9.13/jackson-mapper-asl-1.9.13.jar:/home/runner/.m2/repository/org/codehaus/jackson/jackson-jaxrs/1.9.13/jackson-jaxrs-1.9.13.jar:/home/runner/.m2/repository/org/apache/ranger/ranger-intg/2.3.0/ranger-intg-2.3.0.jar:/home/runner/.m2/repository/org/apache/ranger/ranger-plugins-common/2.3.0/ranger-plugins-common-2.3.0.jar:/home/runner/.m2/repository/commons-lang/commons-lang/2.6/commons-lang-2.6.jar:/home/runner/.m2/repository/org/apache/ranger/ranger-plugins-cred/2.3.0/ranger-plugins-cred-2.3.0.jar:/home/runner/.m2/repository/org/apache/ranger/ranger-plugins-audit/2.3.0/ranger-plugins-audit-2.3.0.jar:/home/runner/.m2/repository/org/eclipse/jetty/jetty-client/9.4.55.v20240627/jetty-client-9.4.55.v20240627.jar:/home/runner/.m2/repository/org/apache/httpcomponents/httpmime/4.5.6/httpmime-4.5.6.jar:/home/runner/.m2/repository/org/apache/httpcomponents/httpcore-nio/4.4.16/httpcore-nio-4.4.16.jar:/home/runner/.m2/repository/org/apache/httpcomponents/httpasyncclient/4.1.3/httpasyncclient-4.1.3.jar:/home/runner/.m2/repository/com/carrotsearch/hppc/0.8.0/hppc-0.8.0.jar:/home/runner/.m2/repository/org/apache/orc/orc-core/1.5.8/orc-core-1.5.8.jar:/home/runner/.m2/repository/net/java/dev/jna/jna/5.2.0/jna-5.2.0.jar:/home/runner/.m2/repository/net/java/dev/jna/jna-platform/5.2.0/jna-platform-5.2.0.jar:/home/runner/.m2/repository/com/kstruct/gethostname4j/0.0.2/gethostname4j-0.0.2.jar:/home/runner/.m2/repository/org/apache/ranger/ranger-plugin-classloader/2.3.0/ranger-plugin-classloader-2.3.0.jar:/home/runner/work/ozone/ozone/hadoop-hdds/rocks-native/target/hdds-rocks-native-1.5.0-SNAPSHOT.jar:/home/runner/.m2/repository/org/apache/hadoop/hadoop-minikdc/3.3.6/hadoop-minikdc-3.3.6.jar:/home/runner/.m2/repository/org/apache/kerby/kerb-simplekdc/1.0.1/kerb-simplekdc-1.0.1.jar:/home/runner/.m2/repository/org/apache/kerby/kerb-client/1.0.1/kerb-client-1.0.1.jar:/home/runner/.m2/repository/org/apache/kerby/kerb-common/1.0.1/kerb-common-1.0.1.jar:/home/runner/.m2/repository/org/apache/kerby/token-provider/1.0.1/token-provider-1.0.1.jar:/home/runner/.m2/repository/org/apache/kerby/kerb-admin/1.0.1/kerb-admin-1.0.1.jar:/home/runner/.m2/repository/org/apache/kerby/kerb-server/1.0.1/kerb-server-1.0.1.jar:/home/runner/.m2/repository/org/apache/kerby/kerb-identity/1.0.1/kerb-identity-1.0.1.jar:/home/runner/.m2/repository/org/apache/kerby/kerby-xdr/1.0.1/kerby-xdr-1.0.1.jar:/home/runner/.m2/repository/junit/junit/4.13.2/junit-4.13.2.jar:/home/runner/.m2/repository/org/hamcrest/hamcrest-core/1.3/hamcrest-core-1.3.jar:/home/runner/work/ozone/ozone/hadoop-ozone/s3gateway/target/ozone-s3gateway-1.5.0-SNAPSHOT.jar:/home/runner/.m2/repository/org/javassist/javassist/3.30.2-GA/javassist-3.30.2-GA.jar:/home/runner/.m2/repository/org/jboss/weld/servlet/weld-servlet-shaded/3.1.9.Final/weld-servlet-shaded-3.1.9.Final.jar:/home/runner/.m2/repository/org/glassfish/jersey/ext/cdi/jersey-cdi1x/2.43/jersey-cdi1x-2.43.jar:/home/runner/.m2/repository/org/glassfish/jersey/inject/jersey-hk2/2.43/jersey-hk2-2.43.jar:/home/runner/.m2/repository/org/glassfish/hk2/hk2-locator/2.6.1/hk2-locator-2.6.1.jar:/home/runner/.m2/repository/org/glassfish/jersey/media/jersey-media-jaxb/2.43/jersey-media-jaxb-2.43.jar:/home/runner/.m2/repository/org/glassfish/hk2/osgi-resource-locator/1.0.3/osgi-resource-locator-1.0.3.jar:/home/runner/.m2/repository/org/glassfish/hk2/hk2-api/2.6.1/hk2-api-2.6.1.jar:/home/runner/.m2/repository/org/glassfish/hk2/hk2-utils/2.6.1/hk2-utils-2.6.1.jar:/home/runner/.m2/repository/org/glassfish/hk2/external/aopalliance-repackaged/2.6.1/aopalliance-repackaged-2.6.1.jar:/home/runner/.m2/repository/com/fasterxml/jackson/dataformat/jackson-dataformat-xml/2.16.2/jackson-dataformat-xml-2.16.2.jar:/home/runner/.m2/repository/org/codehaus/woodstox/stax2-api/4.2.2/stax2-api-4.2.2.jar:/home/runner/.m2/repository/com/fasterxml/woodstox/woodstox-core/5.4.0/woodstox-core-5.4.0.jar:/home/runner/.m2/repository/com/fasterxml/jackson/module/jackson-module-jaxb-annotations/2.16.2/jackson-module-jaxb-annotations-2.16.2.jar:/home/runner/.m2/repository/javax/enterprise/cdi-api/2.0/cdi-api-2.0.jar:/home/runner/.m2/repository/javax/el/javax.el-api/3.0.0/javax.el-api-3.0.0.jar:/home/runner/.m2/repository/javax/interceptor/javax.interceptor-api/1.2/javax.interceptor-api-1.2.jar:/home/runner/.m2/repository/javax/inject/javax.inject/1/javax.inject-1.jar:/home/runner/.m2/repository/jakarta/xml/bind/jakarta.xml.bind-api/2.3.3/jakarta.xml.bind-api-2.3.3.jar:/home/runner/.m2/repository/org/glassfish/jaxb/jaxb-runtime/2.3.9/jaxb-runtime-2.3.9.jar:/home/runner/.m2/repository/org/glassfish/jaxb/txw2/2.3.9/txw2-2.3.9.jar:/home/runner/.m2/repository/com/sun/istack/istack-commons-runtime/3.0.12/istack-commons-runtime-3.0.12.jar:/home/runner/.m2/repository/com/sun/activation/jakarta.activation/1.2.2/jakarta.activation-1.2.2.jar:/home/runner/.m2/repository/jakarta/activation/jakarta.activation-api/1.2.2/jakarta.activation-api-1.2.2.jar:/home/runner/.m2/repository/io/grpc/grpc-protobuf/1.58.0/grpc-protobuf-1.58.0.jar:/home/runner/.m2/repository/com/google/api/grpc/proto-google-common-protos/2.22.0/proto-google-common-protos-2.22.0.jar:/home/runner/.m2/repository/io/grpc/grpc-protobuf-lite/1.58.0/grpc-protobuf-lite-1.58.0.jar:/home/runner/.m2/repository/io/grpc/grpc-stub/1.58.0/grpc-stub-1.58.0.jar:/home/runner/.m2/repository/io/netty/netty-transport/4.1.109.Final/netty-transport-4.1.109.Final.jar:/home/runner/.m2/repository/io/netty/netty-resolver/4.1.109.Final/netty-resolver-4.1.109.Final.jar:/home/runner/work/ozone/ozone/hadoop-ozone/csi/target/ozone-csi-1.5.0-SNAPSHOT.jar:/home/runner/.m2/repository/com/google/protobuf/protobuf-java-util/3.19.6/protobuf-java-util-3.19.6.jar:/home/runner/.m2/repository/com/google/code/gson/gson/2.10.1/gson-2.10.1.jar:/home/runner/work/ozone/ozone/hadoop-hdds/config/target/hdds-config-1.5.0-SNAPSHOT.jar:/home/runner/.m2/repository/io/netty/netty-transport-native-epoll/4.1.109.Final/netty-transport-native-epoll-4.1.109.Final-linux-x86_64.jar:/home/runner/.m2/repository/io/netty/netty-transport-classes-epoll/4.1.109.Final/netty-transport-classes-epoll-4.1.109.Final.jar:/home/runner/.m2/repository/io/netty/netty-transport-native-unix-common/4.1.109.Final/netty-transport-native-unix-common-4.1.109.Final.jar:/home/runner/work/ozone/ozone/hadoop-ozone/recon/target/ozone-recon-1.5.0-SNAPSHOT.jar:/home/runner/work/ozone/ozone/hadoop-ozone/recon-codegen/target/ozone-reconcodegen-1.5.0-SNAPSHOT.jar:/home/runner/.m2/repository/com/google/inject/guice/6.0.0/guice-6.0.0.jar:/home/runner/.m2/repository/jakarta/inject/jakarta.inject-api/2.0.1/jakarta.inject-api-2.0.1.jar:/home/runner/.m2/repository/aopalliance/aopalliance/1.0/aopalliance-1.0.jar:/home/runner/.m2/repository/com/google/inject/extensions/guice-assistedinject/6.0.0/guice-assistedinject-6.0.0.jar:/home/runner/.m2/repository/com/google/inject/extensions/guice-servlet/6.0.0/guice-servlet-6.0.0.jar:/home/runner/.m2/repository/org/glassfish/jersey/containers/jersey-container-servlet/2.43/jersey-container-servlet-2.43.jar:/home/runner/.m2/repository/org/glassfish/hk2/guice-bridge/2.6.1/guice-bridge-2.6.1.jar:/home/runner/.m2/repository/org/glassfish/jersey/core/jersey-server/2.43/jersey-server-2.43.jar:/home/runner/.m2/repository/org/glassfish/jersey/core/jersey-client/2.43/jersey-client-2.43.jar:/home/runner/.m2/repository/jakarta/validation/jakarta.validation-api/2.0.2/jakarta.validation-api-2.0.2.jar:/home/runner/.m2/repository/org/glassfish/jersey/media/jersey-media-json-jackson/2.43/jersey-media-json-jackson-2.43.jar:/home/runner/.m2/repository/org/glassfish/jersey/ext/jersey-entity-filtering/2.43/jersey-entity-filtering-2.43.jar:/home/runner/.m2/repository/org/jooq/jooq/3.11.10/jooq-3.11.10.jar:/home/runner/.m2/repository/org/jooq/jooq-meta/3.11.10/jooq-meta-3.11.10.jar:/home/runner/.m2/repository/org/jooq/jooq-codegen/3.11.10/jooq-codegen-3.11.10.jar:/home/runner/.m2/repository/com/jolbox/bonecp/0.8.0.RELEASE/bonecp-0.8.0.RELEASE.jar:/home/runner/.m2/repository/org/apache/derby/derby/10.14.2.0/derby-10.14.2.0.jar:/home/runner/.m2/repository/org/xerial/sqlite-jdbc/3.46.0.0/sqlite-jdbc-3.46.0.0.jar:/home/runner/.m2/repository/org/springframework/spring-jdbc/5.3.37/spring-jdbc-5.3.37.jar:/home/runner/.m2/repository/org/springframework/spring-beans/5.3.37/spring-beans-5.3.37.jar:/home/runner/.m2/repository/org/springframework/spring-core/5.3.37/spring-core-5.3.37.jar:/home/runner/.m2/repository/org/springframework/spring-tx/5.3.37/spring-tx-5.3.37.jar:/home/runner/work/ozone/ozone/hadoop-ozone/client/target/ozone-client-1.5.0-SNAPSHOT.jar:/home/runner/work/ozone/ozone/hadoop-hdds/erasurecode/target/hdds-erasurecode-1.5.0-SNAPSHOT.jar:/home/runner/work/ozone/ozone/hadoop-ozone/ozonefs/target/ozone-filesystem-1.5.0-SNAPSHOT.jar:/home/runner/work/ozone/ozone/hadoop-ozone/ozonefs-common/target/ozone-filesystem-common-1.5.0-SNAPSHOT.jar:/home/runner/work/ozone/ozone/hadoop-ozone/tools/target/ozone-tools-1.5.0-SNAPSHOT.jar:/home/runner/.m2/repository/com/amazonaws/aws-java-sdk-core/1.12.661/aws-java-sdk-core-1.12.661.jar:/home/runner/.m2/repository/org/apache/httpcomponents/httpclient/4.5.14/httpclient-4.5.14.jar:/home/runner/.m2/repository/org/apache/httpcomponents/httpcore/4.4.16/httpcore-4.4.16.jar:/home/runner/.m2/repository/com/fasterxml/jackson/dataformat/jackson-dataformat-cbor/2.16.2/jackson-dataformat-cbor-2.16.2.jar:/home/runner/.m2/repository/joda-time/joda-time/2.12.7/joda-time-2.12.7.jar:/home/runner/.m2/repository/com/amazonaws/aws-java-sdk-s3/1.12.661/aws-java-sdk-s3-1.12.661.jar:/home/runner/.m2/repository/com/amazonaws/aws-java-sdk-kms/1.12.661/aws-java-sdk-kms-1.12.661.jar:/home/runner/.m2/repository/com/amazonaws/jmespath-java/1.12.661/jmespath-java-1.12.661.jar:/home/runner/.m2/repository/org/kohsuke/metainf-services/metainf-services/1.11/metainf-services-1.11.jar:/home/runner/work/ozone/ozone/hadoop-hdds/tools/target/hdds-tools-1.5.0-SNAPSHOT.jar:/home/runner/.m2/repository/org/apache/ratis/ratis-tools/3.1.0/ratis-tools-3.1.0.jar:/home/runner/.m2/repository/commons-cli/commons-cli/1.8.0/commons-cli-1.8.0.jar:/home/runner/.m2/repository/org/apache/commons/commons-lang3/3.14.0/commons-lang3-3.14.0.jar:/home/runner/work/ozone/ozone/hadoop-ozone/ozone-manager/target/ozone-manager-1.5.0-SNAPSHOT-tests.jar:/home/runner/work/ozone/ozone/hadoop-hdds/common/target/hdds-common-1.5.0-SNAPSHOT-tests.jar:/home/runner/work/ozone/ozone/hadoop-hdds/hadoop-dependency-client/target/hdds-hadoop-dependency-client-1.5.0-SNAPSHOT.jar:/home/runner/.m2/repository/info/picocli/picocli/4.7.6/picocli-4.7.6.jar:/home/runner/.m2/repository/com/fasterxml/jackson/core/jackson-annotations/2.16.2/jackson-annotations-2.16.2.jar:/home/runner/work/ozone/ozone/hadoop-hdds/annotations/target/hdds-annotation-processing-1.5.0-SNAPSHOT.jar:/home/runner/.m2/repository/javax/annotation/javax.annotation-api/1.3.2/javax.annotation-api-1.3.2.jar:/home/runner/.m2/repository/org/apache/ratis/ratis-server-api/3.1.0/ratis-server-api-3.1.0.jar:/home/runner/.m2/repository/org/apache/ratis/ratis-netty/3.1.0/ratis-netty-3.1.0.jar:/home/runner/.m2/repository/org/apache/ratis/ratis-grpc/3.1.0/ratis-grpc-3.1.0.jar:/home/runner/.m2/repository/org/bouncycastle/bcpkix-jdk18on/1.78.1/bcpkix-jdk18on-1.78.1.jar:/home/runner/.m2/repository/org/bouncycastle/bcutil-jdk18on/1.78.1/bcutil-jdk18on-1.78.1.jar:/home/runner/.m2/repository/commons-validator/commons-validator/1.6/commons-validator-1.6.jar:/home/runner/.m2/repository/commons-beanutils/commons-beanutils/1.9.4/commons-beanutils-1.9.4.jar:/home/runner/.m2/repository/commons-digester/commons-digester/1.8.1/commons-digester-1.8.1.jar:/home/runner/.m2/repository/commons-collections/commons-collections/3.2.2/commons-collections-3.2.2.jar:/home/runner/.m2/repository/io/jaegertracing/jaeger-client/1.8.1/jaeger-client-1.8.1.jar:/home/runner/.m2/repository/io/jaegertracing/jaeger-thrift/1.8.1/jaeger-thrift-1.8.1.jar:/home/runner/.m2/repository/org/apache/thrift/libthrift/0.15.0/libthrift-0.15.0.jar:/home/runner/.m2/repository/io/jaegertracing/jaeger-core/1.8.1/jaeger-core-1.8.1.jar:/home/runner/.m2/repository/io/jaegertracing/jaeger-tracerresolver/1.8.1/jaeger-tracerresolver-1.8.1.jar:/home/runner/.m2/repository/io/opentracing/contrib/opentracing-tracerresolver/0.1.8/opentracing-tracerresolver-0.1.8.jar:/home/runner/.m2/repository/org/jetbrains/kotlin/kotlin-stdlib/1.9.25/kotlin-stdlib-1.9.25.jar:/home/runner/.m2/repository/org/jetbrains/annotations/13.0/annotations-13.0.jar:/home/runner/.m2/repository/io/opentracing/opentracing-util/0.33.0/opentracing-util-0.33.0.jar:/home/runner/.m2/repository/io/opentracing/opentracing-api/0.33.0/opentracing-api-0.33.0.jar:/home/runner/.m2/repository/io/opentracing/opentracing-noop/0.33.0/opentracing-noop-0.33.0.jar:/home/runner/.m2/repository/org/yaml/snakeyaml/2.0/snakeyaml-2.0.jar:/home/runner/.m2/repository/io/grpc/grpc-api/1.58.0/grpc-api-1.58.0.jar:/home/runner/.m2/repository/org/junit/platform/junit-platform-launcher/1.10.3/junit-platform-launcher-1.10.3.jar:/home/runner/.m2/repository/org/junit/platform/junit-platform-engine/1.10.3/junit-platform-engine-1.10.3.jar:/home/runner/.m2/repository/org/apiguardian/apiguardian-api/1.1.2/apiguardian-api-1.1.2.jar:/home/runner/.m2/repository/org/apache/hadoop/hadoop-kms/3.3.6/hadoop-kms-3.3.6.jar:/home/runner/.m2/repository/org/apache/hadoop/hadoop-auth/3.3.6/hadoop-auth-3.3.6.jar:/home/runner/.m2/repository/org/apache/zookeeper/zookeeper/3.8.4/zookeeper-3.8.4.jar:/home/runner/.m2/repository/org/apache/zookeeper/zookeeper-jute/3.8.4/zookeeper-jute-3.8.4.jar:/home/runner/.m2/repository/org/apache/yetus/audience-annotations/0.12.0/audience-annotations-0.12.0.jar:/home/runner/.m2/repository/org/apache/curator/curator-framework/4.2.0/curator-framework-4.2.0.jar:/home/runner/.m2/repository/org/apache/hadoop/thirdparty/hadoop-shaded-guava/1.2.0/hadoop-shaded-guava-1.2.0.jar:/home/runner/.m2/repository/com/sun/jersey/jersey-core/1.19.4/jersey-core-1.19.4.jar:/home/runner/.m2/repository/javax/ws/rs/jsr311-api/1.1.1/jsr311-api-1.1.1.jar:/home/runner/.m2/repository/com/sun/jersey/jersey-server/1.19.4/jersey-server-1.19.4.jar:/home/runner/.m2/repository/javax/servlet/javax.servlet-api/3.1.0/javax.servlet-api-3.1.0.jar:/home/runner/.m2/repository/org/apache/hadoop/hadoop-common/3.3.6/hadoop-common-3.3.6.jar:/home/runner/.m2/repository/org/apache/commons/commons-math3/3.6.1/commons-math3-3.6.1.jar:/home/runner/.m2/repository/commons-net/commons-net/3.11.1/commons-net-3.11.1.jar:/home/runner/.m2/repository/com/sun/jersey/jersey-servlet/1.19.4/jersey-servlet-1.19.4.jar:/home/runner/.m2/repository/com/github/pjfanning/jersey-json/1.20/jersey-json-1.20.jar:/home/runner/.m2/repository/org/codehaus/jettison/jettison/1.1/jettison-1.1.jar:/home/runner/.m2/repository/com/sun/xml/bind/jaxb-impl/2.2.3-1/jaxb-impl-2.2.3-1.jar:/home/runner/.m2/repository/com/google/re2j/re2j/1.7/re2j-1.7.jar:/home/runner/.m2/repository/com/jcraft/jsch/0.1.55/jsch-0.1.55.jar:/home/runner/.m2/repository/org/apache/curator/curator-client/4.2.0/curator-client-4.2.0.jar:/home/runner/.m2/repository/org/apache/curator/curator-recipes/5.2.0/curator-recipes-5.2.0.jar:/home/runner/.m2/repository/com/google/code/findbugs/jsr305/3.0.2/jsr305-3.0.2.jar:/home/runner/.m2/repository/dnsjava/dnsjava/2.1.9/dnsjava-2.1.9.jar:/home/runner/.m2/repository/com/fasterxml/jackson/core/jackson-databind/2.16.2/jackson-databind-2.16.2.jar:/home/runner/.m2/repository/org/apache/hadoop/hadoop-kms/3.3.6/hadoop-kms-3.3.6-tests.jar:/home/runner/work/ozone/ozone/hadoop-hdds/server-scm/target/hdds-server-scm-1.5.0-SNAPSHOT-tests.jar:/home/runner/work/ozone/ozone/hadoop-hdds/container-service/target/hdds-container-service-1.5.0-SNAPSHOT-tests.jar:/home/runner/.m2/repository/com/github/luben/zstd-jni/1.5.6-3/zstd-jni-1.5.6-3.jar:/home/runner/.m2/repository/commons-codec/commons-codec/1.17.0/commons-codec-1.17.0.jar:/home/runner/.m2/repository/io/netty/netty-codec/4.1.109.Final/netty-codec-4.1.109.Final.jar:/home/runner/.m2/repository/io/netty/netty-handler/4.1.109.Final/netty-handler-4.1.109.Final.jar:/home/runner/work/ozone/ozone/hadoop-hdds/hadoop-dependency-test/target/hdds-hadoop-dependency-test-1.5.0-SNAPSHOT.jar:/home/runner/.m2/repository/org/apache/hadoop/hadoop-common/3.3.6/hadoop-common-3.3.6-tests.jar:/home/runner/.m2/repository/org/apache/hadoop/hadoop-hdfs/3.3.6/hadoop-hdfs-3.3.6-tests.jar:/home/runner/.m2/repository/org/junit/jupiter/junit-jupiter-engine/5.10.3/junit-jupiter-engine-5.10.3.jar:/home/runner/.m2/repository/org/junit/jupiter/junit-jupiter-params/5.10.3/junit-jupiter-params-5.10.3.jar:/home/runner/.m2/repository/org/mockito/mockito-core/4.11.0/mockito-core-4.11.0.jar:/home/runner/.m2/repository/net/bytebuddy/byte-buddy-agent/1.12.19/byte-buddy-agent-1.12.19.jar:/home/runner/.m2/repository/org/objenesis/objenesis/3.3/objenesis-3.3.jar:/home/runner/.m2/repository/org/mockito/mockito-inline/4.11.0/mockito-inline-4.11.0.jar:/home/runner/.m2/repository/org/mockito/mockito-junit-jupiter/4.11.0/mockito-junit-jupiter-4.11.0.jar:/home/runner/.m2/repository/org/apache/hadoop/hadoop-distcp/3.3.6/hadoop-distcp-3.3.6.jar:/home/runner/.m2/repository/org/apache/hadoop/hadoop-mapreduce-client-jobclient/3.3.6/hadoop-mapreduce-client-jobclient-3.3.6.jar:/home/runner/.m2/repository/org/apache/hadoop/hadoop-mapreduce-client-common/3.3.6/hadoop-mapreduce-client-common-3.3.6.jar:/home/runner/.m2/repository/org/apache/hadoop/hadoop-yarn-common/3.3.6/hadoop-yarn-common-3.3.6.jar:/home/runner/.m2/repository/org/apache/hadoop/hadoop-yarn-api/3.3.6/hadoop-yarn-api-3.3.6.jar:/home/runner/.m2/repository/javax/xml/bind/jaxb-api/2.2.11/jaxb-api-2.2.11.jar:/home/runner/.m2/repository/com/sun/jersey/contribs/jersey-guice/1.19.4/jersey-guice-1.19.4.jar:/home/runner/.m2/repository/com/fasterxml/jackson/jaxrs/jackson-jaxrs-json-provider/2.16.2/jackson-jaxrs-json-provider-2.16.2.jar:/home/runner/.m2/repository/com/fasterxml/jackson/jaxrs/jackson-jaxrs-base/2.16.2/jackson-jaxrs-base-2.16.2.jar:/home/runner/.m2/repository/org/apache/hadoop/hadoop-yarn-client/3.3.6/hadoop-yarn-client-3.3.6.jar:/home/runner/.m2/repository/org/eclipse/jetty/websocket/websocket-client/9.4.51.v20230217/websocket-client-9.4.51.v20230217.jar:/home/runner/.m2/repository/org/eclipse/jetty/websocket/websocket-common/9.4.51.v20230217/websocket-common-9.4.51.v20230217.jar:/home/runner/.m2/repository/org/eclipse/jetty/websocket/websocket-api/9.4.51.v20230217/websocket-api-9.4.51.v20230217.jar:/home/runner/.m2/repository/org/jline/jline/3.9.0/jline-3.9.0.jar:/home/runner/.m2/repository/org/apache/hadoop/hadoop-mapreduce-client-core/3.3.6/hadoop-mapreduce-client-core-3.3.6.jar:/home/runner/.m2/repository/org/apache/avro/avro/1.7.7/avro-1.7.7.jar:/home/runner/.m2/repository/com/thoughtworks/paranamer/paranamer/2.3/paranamer-2.3.jar:/home/runner/.m2/repository/org/apache/hadoop/hadoop-annotations/3.3.6/hadoop-annotations-3.3.6.jar:/home/runner/.m2/repository/io/netty/netty/3.10.6.Final/netty-3.10.6.Final.jar:/home/runner/.m2/repository/org/apache/hadoop/hadoop-distcp/3.3.6/hadoop-distcp-3.3.6-tests.jar:/home/runner/.m2/repository/org/hamcrest/hamcrest/2.2/hamcrest-2.2.jar:/home/runner/.m2/repository/org/slf4j/jul-to-slf4j/2.0.13/jul-to-slf4j-2.0.13.jar:/home/runner/work/ozone/ozone/hadoop-ozone/integration-test/target/gradle-enterprise/test-listeners.jar:"/>
    <property name="java.vm.vendor" value="Eclipse Adoptium"/>
    <property name="sun.arch.data.model" value="64"/>
    <property name="test.build.dir" value="/home/runner/work/ozone/ozone/hadoop-ozone/integration-test/target/test-dir"/>
    <property name="test.cache.data" value=""/>
    <property name="java.vendor.url" value="https://adoptium.net/"/>
    <property name="user.timezone" value="Etc/UTC"/>
    <property name="maven-surefire-plugin.argLineAccessArgs" value=" --add-opens java.management/com.sun.jmx.mbeanserver=ALL-UNNAMED --add-exports java.management/com.sun.jmx.mbeanserver=ALL-UNNAMED --add-opens java.base/java.nio=ALL-UNNAMED --add-opens java.base/java.lang=ALL-UNNAMED --add-opens java.base/java.lang.reflect=ALL-UNNAMED"/>
    <property name="os.name" value="Linux"/>
    <property name="java.vm.specification.version" value="17"/>
    <property name="test.build.data" value="/home/runner/work/ozone/ozone/hadoop-ozone/integration-test/target/test-dir"/>
    <property name="sun.java.launcher" value="SUN_STANDARD"/>
    <property name="sun.boot.library.path" value="/usr/lib/jvm/temurin-17-jdk-amd64/lib"/>
    <property name="sun.java.command" value="/home/runner/work/ozone/ozone/hadoop-ozone/integration-test/target/surefire/surefirebooter15243058996839287587.jar /home/runner/work/ozone/ozone/hadoop-ozone/integration-test/target/surefire 2024-08-06T06-46-07_374-jvmRun1 surefire17869523962159993407tmp surefire_1314978256666403972182tmp"/>
    <property name="jdk.debug" value="release"/>
    <property name="native.lib.tmp.dir" value="/tmp"/>
    <property name="surefire.test.class.path" value="/home/runner/work/ozone/ozone/hadoop-ozone/integration-test/target/test-classes:/home/runner/work/ozone/ozone/hadoop-ozone/integration-test/target/classes:/home/runner/work/ozone/ozone/hadoop-ozone/common/target/ozone-common-1.5.0-SNAPSHOT.jar:/home/runner/.m2/repository/io/grpc/grpc-netty/1.58.0/grpc-netty-1.58.0.jar:/home/runner/.m2/repository/io/grpc/grpc-core/1.58.0/grpc-core-1.58.0.jar:/home/runner/.m2/repository/com/google/android/annotations/4.1.1.4/annotations-4.1.1.4.jar:/home/runner/.m2/repository/org/codehaus/mojo/animal-sniffer-annotations/1.23/animal-sniffer-annotations-1.23.jar:/home/runner/.m2/repository/io/grpc/grpc-context/1.58.0/grpc-context-1.58.0.jar:/home/runner/.m2/repository/io/grpc/grpc-util/1.58.0/grpc-util-1.58.0.jar:/home/runner/.m2/repository/com/google/errorprone/error_prone_annotations/2.28.0/error_prone_annotations-2.28.0.jar:/home/runner/.m2/repository/io/perfmark/perfmark-api/0.26.0/perfmark-api-0.26.0.jar:/home/runner/.m2/repository/io/netty/netty-codec-http2/4.1.109.Final/netty-codec-http2-4.1.109.Final.jar:/home/runner/.m2/repository/io/netty/netty-common/4.1.109.Final/netty-common-4.1.109.Final.jar:/home/runner/.m2/repository/io/netty/netty-buffer/4.1.109.Final/netty-buffer-4.1.109.Final.jar:/home/runner/.m2/repository/io/netty/netty-codec-http/4.1.109.Final/netty-codec-http-4.1.109.Final.jar:/home/runner/.m2/repository/io/netty/netty-handler-proxy/4.1.109.Final/netty-handler-proxy-4.1.109.Final.jar:/home/runner/.m2/repository/io/netty/netty-codec-socks/4.1.109.Final/netty-codec-socks-4.1.109.Final.jar:/home/runner/.m2/repository/io/netty/netty-tcnative-boringssl-static/2.0.65.Final/netty-tcnative-boringssl-static-2.0.65.Final.jar:/home/runner/.m2/repository/io/netty/netty-tcnative-classes/2.0.65.Final/netty-tcnative-classes-2.0.65.Final.jar:/home/runner/.m2/repository/io/netty/netty-tcnative-boringssl-static/2.0.65.Final/netty-tcnative-boringssl-static-2.0.65.Final-linux-x86_64.jar:/home/runner/.m2/repository/io/netty/netty-tcnative-boringssl-static/2.0.65.Final/netty-tcnative-boringssl-static-2.0.65.Final-linux-aarch_64.jar:/home/runner/.m2/repository/io/netty/netty-tcnative-boringssl-static/2.0.65.Final/netty-tcnative-boringssl-static-2.0.65.Final-osx-x86_64.jar:/home/runner/.m2/repository/io/netty/netty-tcnative-boringssl-static/2.0.65.Final/netty-tcnative-boringssl-static-2.0.65.Final-osx-aarch_64.jar:/home/runner/.m2/repository/io/netty/netty-tcnative-boringssl-static/2.0.65.Final/netty-tcnative-boringssl-static-2.0.65.Final-windows-x86_64.jar:/home/runner/.m2/repository/org/apache/commons/commons-compress/1.26.2/commons-compress-1.26.2.jar:/home/runner/work/ozone/ozone/hadoop-hdds/common/target/hdds-common-1.5.0-SNAPSHOT.jar:/home/runner/work/ozone/ozone/hadoop-hdds/client/target/hdds-client-1.5.0-SNAPSHOT.jar:/home/runner/work/ozone/ozone/hadoop-ozone/interface-client/target/ozone-interface-client-1.5.0-SNAPSHOT.jar:/home/runner/.m2/repository/org/apache/hadoop/hadoop-hdfs-client/3.3.6/hadoop-hdfs-client-3.3.6.jar:/home/runner/.m2/repository/com/squareup/okhttp3/okhttp/4.12.0/okhttp-4.12.0.jar:/home/runner/.m2/repository/com/squareup/okio/okio/3.6.0/okio-3.6.0.jar:/home/runner/.m2/repository/com/squareup/okio/okio-jvm/3.6.0/okio-jvm-3.6.0.jar:/home/runner/.m2/repository/org/jetbrains/kotlin/kotlin-stdlib-jdk8/1.9.25/kotlin-stdlib-jdk8-1.9.25.jar:/home/runner/.m2/repository/org/jetbrains/kotlin/kotlin-stdlib-jdk7/1.9.25/kotlin-stdlib-jdk7-1.9.25.jar:/home/runner/.m2/repository/org/jetbrains/kotlin/kotlin-stdlib-common/1.9.25/kotlin-stdlib-common-1.9.25.jar:/home/runner/.m2/repository/com/github/stephenc/jcip/jcip-annotations/1.0-1/jcip-annotations-1.0-1.jar:/home/runner/work/ozone/ozone/hadoop-hdds/test-utils/target/hdds-test-utils-1.5.0-SNAPSHOT.jar:/home/runner/.m2/repository/org/assertj/assertj-core/3.26.3/assertj-core-3.26.3.jar:/home/runner/.m2/repository/net/bytebuddy/byte-buddy/1.14.18/byte-buddy-1.14.18.jar:/home/runner/.m2/repository/com/google/guava/guava/32.1.3-jre/guava-32.1.3-jre.jar:/home/runner/.m2/repository/com/google/guava/failureaccess/1.0.1/failureaccess-1.0.1.jar:/home/runner/.m2/repository/com/google/guava/listenablefuture/9999.0-empty-to-avoid-conflict-with-guava/listenablefuture-9999.0-empty-to-avoid-conflict-with-guava.jar:/home/runner/.m2/repository/org/checkerframework/checker-qual/3.37.0/checker-qual-3.37.0.jar:/home/runner/.m2/repository/com/google/j2objc/j2objc-annotations/2.8/j2objc-annotations-2.8.jar:/home/runner/.m2/repository/commons-io/commons-io/2.16.1/commons-io-2.16.1.jar:/home/runner/.m2/repository/commons-logging/commons-logging/1.2/commons-logging-1.2.jar:/home/runner/.m2/repository/org/junit/jupiter/junit-jupiter-api/5.10.3/junit-jupiter-api-5.10.3.jar:/home/runner/.m2/repository/org/opentest4j/opentest4j/1.3.0/opentest4j-1.3.0.jar:/home/runner/.m2/repository/org/junit/platform/junit-platform-commons/1.10.3/junit-platform-commons-1.10.3.jar:/home/runner/.m2/repository/ch/qos/reload4j/reload4j/1.2.25/reload4j-1.2.25.jar:/home/runner/.m2/repository/jakarta/annotation/jakarta.annotation-api/2.1.1/jakarta.annotation-api-2.1.1.jar:/home/runner/.m2/repository/org/slf4j/slf4j-api/2.0.13/slf4j-api-2.0.13.jar:/home/runner/.m2/repository/org/apache/logging/log4j/log4j-api/2.23.1/log4j-api-2.23.1.jar:/home/runner/work/ozone/ozone/hadoop-hdds/server-scm/target/hdds-server-scm-1.5.0-SNAPSHOT.jar:/home/runner/.m2/repository/com/google/protobuf/protobuf-java/2.5.0/protobuf-java-2.5.0.jar:/home/runner/work/ozone/ozone/hadoop-hdds/container-service/target/hdds-container-service-1.5.0-SNAPSHOT.jar:/home/runner/work/ozone/ozone/hadoop-hdds/hadoop-dependency-server/target/hdds-hadoop-dependency-server-1.5.0-SNAPSHOT.jar:/home/runner/.m2/repository/com/nimbusds/nimbus-jose-jwt/9.40/nimbus-jose-jwt-9.40.jar:/home/runner/.m2/repository/org/apache/hadoop/hadoop-hdfs/3.3.6/hadoop-hdfs-3.3.6.jar:/home/runner/.m2/repository/commons-daemon/commons-daemon/1.4.0/commons-daemon-1.4.0.jar:/home/runner/.m2/repository/org/apache/kerby/kerb-core/1.0.1/kerb-core-1.0.1.jar:/home/runner/.m2/repository/org/apache/kerby/kerby-pkix/1.0.1/kerby-pkix-1.0.1.jar:/home/runner/.m2/repository/org/apache/kerby/kerby-asn1/1.0.1/kerby-asn1-1.0.1.jar:/home/runner/.m2/repository/org/apache/kerby/kerby-util/1.0.1/kerby-util-1.0.1.jar:/home/runner/.m2/repository/org/apache/kerby/kerb-util/1.0.1/kerb-util-1.0.1.jar:/home/runner/.m2/repository/org/apache/kerby/kerby-config/1.0.1/kerby-config-1.0.1.jar:/home/runner/.m2/repository/org/apache/kerby/kerb-crypto/1.0.1/kerb-crypto-1.0.1.jar:/home/runner/.m2/repository/org/xerial/snappy/snappy-java/1.1.10.5/snappy-java-1.1.10.5.jar:/home/runner/work/ozone/ozone/hadoop-hdds/framework/target/hdds-server-framework-1.5.0-SNAPSHOT.jar:/home/runner/.m2/repository/org/bouncycastle/bcprov-jdk18on/1.78.1/bcprov-jdk18on-1.78.1.jar:/home/runner/.m2/repository/io/dropwizard/metrics/metrics-core/3.2.6/metrics-core-3.2.6.jar:/home/runner/.m2/repository/org/apache/commons/commons-text/1.12.0/commons-text-1.12.0.jar:/home/runner/work/ozone/ozone/hadoop-hdds/framework/target/hdds-server-framework-1.5.0-SNAPSHOT-tests.jar:/home/runner/work/ozone/ozone/hadoop-hdds/interface-server/target/hdds-interface-server-1.5.0-SNAPSHOT.jar:/home/runner/work/ozone/ozone/hadoop-hdds/interface-admin/target/hdds-interface-admin-1.5.0-SNAPSHOT.jar:/home/runner/work/ozone/ozone/hadoop-hdds/managed-rocksdb/target/hdds-managed-rocksdb-1.5.0-SNAPSHOT.jar:/home/runner/.m2/repository/org/rocksdb/rocksdbjni/7.7.3/rocksdbjni-7.7.3.jar:/home/runner/.m2/repository/org/slf4j/slf4j-reload4j/2.0.13/slf4j-reload4j-2.0.13.jar:/home/runner/.m2/repository/org/apache/commons/commons-configuration2/2.10.1/commons-configuration2-2.10.1.jar:/home/runner/.m2/repository/commons-fileupload/commons-fileupload/1.5/commons-fileupload-1.5.jar:/home/runner/.m2/repository/org/apache/logging/log4j/log4j-core/2.23.1/log4j-core-2.23.1.jar:/home/runner/.m2/repository/com/lmax/disruptor/3.4.4/disruptor-3.4.4.jar:/home/runner/.m2/repository/org/eclipse/jetty/jetty-util/9.4.55.v20240627/jetty-util-9.4.55.v20240627.jar:/home/runner/.m2/repository/org/eclipse/jetty/jetty-server/9.4.55.v20240627/jetty-server-9.4.55.v20240627.jar:/home/runner/.m2/repository/org/eclipse/jetty/jetty-http/9.4.55.v20240627/jetty-http-9.4.55.v20240627.jar:/home/runner/.m2/repository/org/eclipse/jetty/jetty-io/9.4.55.v20240627/jetty-io-9.4.55.v20240627.jar:/home/runner/.m2/repository/org/eclipse/jetty/jetty-servlet/9.4.55.v20240627/jetty-servlet-9.4.55.v20240627.jar:/home/runner/.m2/repository/org/eclipse/jetty/jetty-security/9.4.55.v20240627/jetty-security-9.4.55.v20240627.jar:/home/runner/.m2/repository/org/eclipse/jetty/jetty-util-ajax/9.4.55.v20240627/jetty-util-ajax-9.4.55.v20240627.jar:/home/runner/.m2/repository/org/eclipse/jetty/jetty-webapp/9.4.55.v20240627/jetty-webapp-9.4.55.v20240627.jar:/home/runner/.m2/repository/org/eclipse/jetty/jetty-xml/9.4.55.v20240627/jetty-xml-9.4.55.v20240627.jar:/home/runner/.m2/repository/org/glassfish/jersey/containers/jersey-container-servlet-core/2.43/jersey-container-servlet-core-2.43.jar:/home/runner/.m2/repository/org/glassfish/hk2/external/jakarta.inject/2.6.1/jakarta.inject-2.6.1.jar:/home/runner/.m2/repository/org/glassfish/jersey/core/jersey-common/2.43/jersey-common-2.43.jar:/home/runner/.m2/repository/jakarta/ws/rs/jakarta.ws.rs-api/2.1.6/jakarta.ws.rs-api-2.1.6.jar:/home/runner/.m2/repository/org/apache/ratis/ratis-server/3.1.0/ratis-server-3.1.0.jar:/home/runner/.m2/repository/org/apache/ratis/ratis-thirdparty-misc/1.0.6/ratis-thirdparty-misc-1.0.6.jar:/home/runner/.m2/repository/org/apache/ratis/ratis-proto/3.1.0/ratis-proto-3.1.0.jar:/home/runner/.m2/repository/org/apache/ratis/ratis-common/3.1.0/ratis-common-3.1.0.jar:/home/runner/.m2/repository/org/apache/ratis/ratis-client/3.1.0/ratis-client-3.1.0.jar:/home/runner/.m2/repository/org/apache/ratis/ratis-metrics-api/3.1.0/ratis-metrics-api-3.1.0.jar:/home/runner/.m2/repository/org/apache/ratis/ratis-metrics-dropwizard3/3.1.0/ratis-metrics-dropwizard3-3.1.0.jar:/home/runner/.m2/repository/io/prometheus/simpleclient_dropwizard/0.16.0/simpleclient_dropwizard-0.16.0.jar:/home/runner/.m2/repository/io/prometheus/simpleclient/0.16.0/simpleclient-0.16.0.jar:/home/runner/.m2/repository/io/prometheus/simpleclient_common/0.16.0/simpleclient_common-0.16.0.jar:/home/runner/.m2/repository/com/fasterxml/jackson/datatype/jackson-datatype-jsr310/2.16.2/jackson-datatype-jsr310-2.16.2.jar:/home/runner/.m2/repository/com/fasterxml/jackson/core/jackson-core/2.16.2/jackson-core-2.16.2.jar:/home/runner/.m2/repository/com/github/jnr/jnr-posix/3.1.19/jnr-posix-3.1.19.jar:/home/runner/.m2/repository/com/github/jnr/jnr-ffi/2.2.16/jnr-ffi-2.2.16.jar:/home/runner/.m2/repository/com/github/jnr/jffi/1.3.13/jffi-1.3.13.jar:/home/runner/.m2/repository/com/github/jnr/jffi/1.3.13/jffi-1.3.13-native.jar:/home/runner/.m2/repository/org/ow2/asm/asm/9.2/asm-9.2.jar:/home/runner/.m2/repository/org/ow2/asm/asm-commons/9.2/asm-commons-9.2.jar:/home/runner/.m2/repository/org/ow2/asm/asm-analysis/9.2/asm-analysis-9.2.jar:/home/runner/.m2/repository/org/ow2/asm/asm-tree/9.2/asm-tree-9.2.jar:/home/runner/.m2/repository/org/ow2/asm/asm-util/9.2/asm-util-9.2.jar:/home/runner/.m2/repository/com/github/jnr/jnr-a64asm/1.0.0/jnr-a64asm-1.0.0.jar:/home/runner/.m2/repository/com/github/jnr/jnr-x86asm/1.0.2/jnr-x86asm-1.0.2.jar:/home/runner/.m2/repository/com/github/jnr/jnr-constants/0.10.4/jnr-constants-0.10.4.jar:/home/runner/work/ozone/ozone/hadoop-hdds/rocksdb-checkpoint-differ/target/rocksdb-checkpoint-differ-1.5.0-SNAPSHOT.jar:/home/runner/.m2/repository/org/jgrapht/jgrapht-core/1.4.0/jgrapht-core-1.4.0.jar:/home/runner/.m2/repository/org/jheaps/jheaps/0.11/jheaps-0.11.jar:/home/runner/.m2/repository/org/jgrapht/jgrapht-ext/1.4.0/jgrapht-ext-1.4.0.jar:/home/runner/.m2/repository/com/github/vlsi/mxgraph/jgraphx/3.9.8.1/jgraphx-3.9.8.1.jar:/home/runner/work/ozone/ozone/hadoop-ozone/ozone-manager/target/ozone-manager-1.5.0-SNAPSHOT.jar:/home/runner/.m2/repository/org/aspectj/aspectjrt/1.9.7/aspectjrt-1.9.7.jar:/home/runner/.m2/repository/org/aspectj/aspectjweaver/1.9.7/aspectjweaver-1.9.7.jar:/home/runner/work/ozone/ozone/hadoop-hdds/interface-client/target/hdds-interface-client-1.5.0-SNAPSHOT.jar:/home/runner/.m2/repository/org/apache/hadoop/thirdparty/hadoop-shaded-protobuf_3_7/1.1.1/hadoop-shaded-protobuf_3_7-1.1.1.jar:/home/runner/work/ozone/ozone/hadoop-ozone/interface-storage/target/ozone-interface-storage-1.5.0-SNAPSHOT.jar:/home/runner/.m2/repository/org/reflections/reflections/0.10.2/reflections-0.10.2.jar:/home/runner/.m2/repository/com/sun/jersey/jersey-client/1.19.4/jersey-client-1.19.4.jar:/home/runner/.m2/repository/org/codehaus/jackson/jackson-core-asl/1.9.13/jackson-core-asl-1.9.13.jar:/home/runner/.m2/repository/org/codehaus/jackson/jackson-mapper-asl/1.9.13/jackson-mapper-asl-1.9.13.jar:/home/runner/.m2/repository/org/codehaus/jackson/jackson-jaxrs/1.9.13/jackson-jaxrs-1.9.13.jar:/home/runner/.m2/repository/org/apache/ranger/ranger-intg/2.3.0/ranger-intg-2.3.0.jar:/home/runner/.m2/repository/org/apache/ranger/ranger-plugins-common/2.3.0/ranger-plugins-common-2.3.0.jar:/home/runner/.m2/repository/commons-lang/commons-lang/2.6/commons-lang-2.6.jar:/home/runner/.m2/repository/org/apache/ranger/ranger-plugins-cred/2.3.0/ranger-plugins-cred-2.3.0.jar:/home/runner/.m2/repository/org/apache/ranger/ranger-plugins-audit/2.3.0/ranger-plugins-audit-2.3.0.jar:/home/runner/.m2/repository/org/eclipse/jetty/jetty-client/9.4.55.v20240627/jetty-client-9.4.55.v20240627.jar:/home/runner/.m2/repository/org/apache/httpcomponents/httpmime/4.5.6/httpmime-4.5.6.jar:/home/runner/.m2/repository/org/apache/httpcomponents/httpcore-nio/4.4.16/httpcore-nio-4.4.16.jar:/home/runner/.m2/repository/org/apache/httpcomponents/httpasyncclient/4.1.3/httpasyncclient-4.1.3.jar:/home/runner/.m2/repository/com/carrotsearch/hppc/0.8.0/hppc-0.8.0.jar:/home/runner/.m2/repository/org/apache/orc/orc-core/1.5.8/orc-core-1.5.8.jar:/home/runner/.m2/repository/net/java/dev/jna/jna/5.2.0/jna-5.2.0.jar:/home/runner/.m2/repository/net/java/dev/jna/jna-platform/5.2.0/jna-platform-5.2.0.jar:/home/runner/.m2/repository/com/kstruct/gethostname4j/0.0.2/gethostname4j-0.0.2.jar:/home/runner/.m2/repository/org/apache/ranger/ranger-plugin-classloader/2.3.0/ranger-plugin-classloader-2.3.0.jar:/home/runner/work/ozone/ozone/hadoop-hdds/rocks-native/target/hdds-rocks-native-1.5.0-SNAPSHOT.jar:/home/runner/.m2/repository/org/apache/hadoop/hadoop-minikdc/3.3.6/hadoop-minikdc-3.3.6.jar:/home/runner/.m2/repository/org/apache/kerby/kerb-simplekdc/1.0.1/kerb-simplekdc-1.0.1.jar:/home/runner/.m2/repository/org/apache/kerby/kerb-client/1.0.1/kerb-client-1.0.1.jar:/home/runner/.m2/repository/org/apache/kerby/kerb-common/1.0.1/kerb-common-1.0.1.jar:/home/runner/.m2/repository/org/apache/kerby/token-provider/1.0.1/token-provider-1.0.1.jar:/home/runner/.m2/repository/org/apache/kerby/kerb-admin/1.0.1/kerb-admin-1.0.1.jar:/home/runner/.m2/repository/org/apache/kerby/kerb-server/1.0.1/kerb-server-1.0.1.jar:/home/runner/.m2/repository/org/apache/kerby/kerb-identity/1.0.1/kerb-identity-1.0.1.jar:/home/runner/.m2/repository/org/apache/kerby/kerby-xdr/1.0.1/kerby-xdr-1.0.1.jar:/home/runner/.m2/repository/junit/junit/4.13.2/junit-4.13.2.jar:/home/runner/.m2/repository/org/hamcrest/hamcrest-core/1.3/hamcrest-core-1.3.jar:/home/runner/work/ozone/ozone/hadoop-ozone/s3gateway/target/ozone-s3gateway-1.5.0-SNAPSHOT.jar:/home/runner/.m2/repository/org/javassist/javassist/3.30.2-GA/javassist-3.30.2-GA.jar:/home/runner/.m2/repository/org/jboss/weld/servlet/weld-servlet-shaded/3.1.9.Final/weld-servlet-shaded-3.1.9.Final.jar:/home/runner/.m2/repository/org/glassfish/jersey/ext/cdi/jersey-cdi1x/2.43/jersey-cdi1x-2.43.jar:/home/runner/.m2/repository/org/glassfish/jersey/inject/jersey-hk2/2.43/jersey-hk2-2.43.jar:/home/runner/.m2/repository/org/glassfish/hk2/hk2-locator/2.6.1/hk2-locator-2.6.1.jar:/home/runner/.m2/repository/org/glassfish/jersey/media/jersey-media-jaxb/2.43/jersey-media-jaxb-2.43.jar:/home/runner/.m2/repository/org/glassfish/hk2/osgi-resource-locator/1.0.3/osgi-resource-locator-1.0.3.jar:/home/runner/.m2/repository/org/glassfish/hk2/hk2-api/2.6.1/hk2-api-2.6.1.jar:/home/runner/.m2/repository/org/glassfish/hk2/hk2-utils/2.6.1/hk2-utils-2.6.1.jar:/home/runner/.m2/repository/org/glassfish/hk2/external/aopalliance-repackaged/2.6.1/aopalliance-repackaged-2.6.1.jar:/home/runner/.m2/repository/com/fasterxml/jackson/dataformat/jackson-dataformat-xml/2.16.2/jackson-dataformat-xml-2.16.2.jar:/home/runner/.m2/repository/org/codehaus/woodstox/stax2-api/4.2.2/stax2-api-4.2.2.jar:/home/runner/.m2/repository/com/fasterxml/woodstox/woodstox-core/5.4.0/woodstox-core-5.4.0.jar:/home/runner/.m2/repository/com/fasterxml/jackson/module/jackson-module-jaxb-annotations/2.16.2/jackson-module-jaxb-annotations-2.16.2.jar:/home/runner/.m2/repository/javax/enterprise/cdi-api/2.0/cdi-api-2.0.jar:/home/runner/.m2/repository/javax/el/javax.el-api/3.0.0/javax.el-api-3.0.0.jar:/home/runner/.m2/repository/javax/interceptor/javax.interceptor-api/1.2/javax.interceptor-api-1.2.jar:/home/runner/.m2/repository/javax/inject/javax.inject/1/javax.inject-1.jar:/home/runner/.m2/repository/jakarta/xml/bind/jakarta.xml.bind-api/2.3.3/jakarta.xml.bind-api-2.3.3.jar:/home/runner/.m2/repository/org/glassfish/jaxb/jaxb-runtime/2.3.9/jaxb-runtime-2.3.9.jar:/home/runner/.m2/repository/org/glassfish/jaxb/txw2/2.3.9/txw2-2.3.9.jar:/home/runner/.m2/repository/com/sun/istack/istack-commons-runtime/3.0.12/istack-commons-runtime-3.0.12.jar:/home/runner/.m2/repository/com/sun/activation/jakarta.activation/1.2.2/jakarta.activation-1.2.2.jar:/home/runner/.m2/repository/jakarta/activation/jakarta.activation-api/1.2.2/jakarta.activation-api-1.2.2.jar:/home/runner/.m2/repository/io/grpc/grpc-protobuf/1.58.0/grpc-protobuf-1.58.0.jar:/home/runner/.m2/repository/com/google/api/grpc/proto-google-common-protos/2.22.0/proto-google-common-protos-2.22.0.jar:/home/runner/.m2/repository/io/grpc/grpc-protobuf-lite/1.58.0/grpc-protobuf-lite-1.58.0.jar:/home/runner/.m2/repository/io/grpc/grpc-stub/1.58.0/grpc-stub-1.58.0.jar:/home/runner/.m2/repository/io/netty/netty-transport/4.1.109.Final/netty-transport-4.1.109.Final.jar:/home/runner/.m2/repository/io/netty/netty-resolver/4.1.109.Final/netty-resolver-4.1.109.Final.jar:/home/runner/work/ozone/ozone/hadoop-ozone/csi/target/ozone-csi-1.5.0-SNAPSHOT.jar:/home/runner/.m2/repository/com/google/protobuf/protobuf-java-util/3.19.6/protobuf-java-util-3.19.6.jar:/home/runner/.m2/repository/com/google/code/gson/gson/2.10.1/gson-2.10.1.jar:/home/runner/work/ozone/ozone/hadoop-hdds/config/target/hdds-config-1.5.0-SNAPSHOT.jar:/home/runner/.m2/repository/io/netty/netty-transport-native-epoll/4.1.109.Final/netty-transport-native-epoll-4.1.109.Final-linux-x86_64.jar:/home/runner/.m2/repository/io/netty/netty-transport-classes-epoll/4.1.109.Final/netty-transport-classes-epoll-4.1.109.Final.jar:/home/runner/.m2/repository/io/netty/netty-transport-native-unix-common/4.1.109.Final/netty-transport-native-unix-common-4.1.109.Final.jar:/home/runner/work/ozone/ozone/hadoop-ozone/recon/target/ozone-recon-1.5.0-SNAPSHOT.jar:/home/runner/work/ozone/ozone/hadoop-ozone/recon-codegen/target/ozone-reconcodegen-1.5.0-SNAPSHOT.jar:/home/runner/.m2/repository/com/google/inject/guice/6.0.0/guice-6.0.0.jar:/home/runner/.m2/repository/jakarta/inject/jakarta.inject-api/2.0.1/jakarta.inject-api-2.0.1.jar:/home/runner/.m2/repository/aopalliance/aopalliance/1.0/aopalliance-1.0.jar:/home/runner/.m2/repository/com/google/inject/extensions/guice-assistedinject/6.0.0/guice-assistedinject-6.0.0.jar:/home/runner/.m2/repository/com/google/inject/extensions/guice-servlet/6.0.0/guice-servlet-6.0.0.jar:/home/runner/.m2/repository/org/glassfish/jersey/containers/jersey-container-servlet/2.43/jersey-container-servlet-2.43.jar:/home/runner/.m2/repository/org/glassfish/hk2/guice-bridge/2.6.1/guice-bridge-2.6.1.jar:/home/runner/.m2/repository/org/glassfish/jersey/core/jersey-server/2.43/jersey-server-2.43.jar:/home/runner/.m2/repository/org/glassfish/jersey/core/jersey-client/2.43/jersey-client-2.43.jar:/home/runner/.m2/repository/jakarta/validation/jakarta.validation-api/2.0.2/jakarta.validation-api-2.0.2.jar:/home/runner/.m2/repository/org/glassfish/jersey/media/jersey-media-json-jackson/2.43/jersey-media-json-jackson-2.43.jar:/home/runner/.m2/repository/org/glassfish/jersey/ext/jersey-entity-filtering/2.43/jersey-entity-filtering-2.43.jar:/home/runner/.m2/repository/org/jooq/jooq/3.11.10/jooq-3.11.10.jar:/home/runner/.m2/repository/org/jooq/jooq-meta/3.11.10/jooq-meta-3.11.10.jar:/home/runner/.m2/repository/org/jooq/jooq-codegen/3.11.10/jooq-codegen-3.11.10.jar:/home/runner/.m2/repository/com/jolbox/bonecp/0.8.0.RELEASE/bonecp-0.8.0.RELEASE.jar:/home/runner/.m2/repository/org/apache/derby/derby/10.14.2.0/derby-10.14.2.0.jar:/home/runner/.m2/repository/org/xerial/sqlite-jdbc/3.46.0.0/sqlite-jdbc-3.46.0.0.jar:/home/runner/.m2/repository/org/springframework/spring-jdbc/5.3.37/spring-jdbc-5.3.37.jar:/home/runner/.m2/repository/org/springframework/spring-beans/5.3.37/spring-beans-5.3.37.jar:/home/runner/.m2/repository/org/springframework/spring-core/5.3.37/spring-core-5.3.37.jar:/home/runner/.m2/repository/org/springframework/spring-tx/5.3.37/spring-tx-5.3.37.jar:/home/runner/work/ozone/ozone/hadoop-ozone/client/target/ozone-client-1.5.0-SNAPSHOT.jar:/home/runner/work/ozone/ozone/hadoop-hdds/erasurecode/target/hdds-erasurecode-1.5.0-SNAPSHOT.jar:/home/runner/work/ozone/ozone/hadoop-ozone/ozonefs/target/ozone-filesystem-1.5.0-SNAPSHOT.jar:/home/runner/work/ozone/ozone/hadoop-ozone/ozonefs-common/target/ozone-filesystem-common-1.5.0-SNAPSHOT.jar:/home/runner/work/ozone/ozone/hadoop-ozone/tools/target/ozone-tools-1.5.0-SNAPSHOT.jar:/home/runner/.m2/repository/com/amazonaws/aws-java-sdk-core/1.12.661/aws-java-sdk-core-1.12.661.jar:/home/runner/.m2/repository/org/apache/httpcomponents/httpclient/4.5.14/httpclient-4.5.14.jar:/home/runner/.m2/repository/org/apache/httpcomponents/httpcore/4.4.16/httpcore-4.4.16.jar:/home/runner/.m2/repository/com/fasterxml/jackson/dataformat/jackson-dataformat-cbor/2.16.2/jackson-dataformat-cbor-2.16.2.jar:/home/runner/.m2/repository/joda-time/joda-time/2.12.7/joda-time-2.12.7.jar:/home/runner/.m2/repository/com/amazonaws/aws-java-sdk-s3/1.12.661/aws-java-sdk-s3-1.12.661.jar:/home/runner/.m2/repository/com/amazonaws/aws-java-sdk-kms/1.12.661/aws-java-sdk-kms-1.12.661.jar:/home/runner/.m2/repository/com/amazonaws/jmespath-java/1.12.661/jmespath-java-1.12.661.jar:/home/runner/.m2/repository/org/kohsuke/metainf-services/metainf-services/1.11/metainf-services-1.11.jar:/home/runner/work/ozone/ozone/hadoop-hdds/tools/target/hdds-tools-1.5.0-SNAPSHOT.jar:/home/runner/.m2/repository/org/apache/ratis/ratis-tools/3.1.0/ratis-tools-3.1.0.jar:/home/runner/.m2/repository/commons-cli/commons-cli/1.8.0/commons-cli-1.8.0.jar:/home/runner/.m2/repository/org/apache/commons/commons-lang3/3.14.0/commons-lang3-3.14.0.jar:/home/runner/work/ozone/ozone/hadoop-ozone/ozone-manager/target/ozone-manager-1.5.0-SNAPSHOT-tests.jar:/home/runner/work/ozone/ozone/hadoop-hdds/common/target/hdds-common-1.5.0-SNAPSHOT-tests.jar:/home/runner/work/ozone/ozone/hadoop-hdds/hadoop-dependency-client/target/hdds-hadoop-dependency-client-1.5.0-SNAPSHOT.jar:/home/runner/.m2/repository/info/picocli/picocli/4.7.6/picocli-4.7.6.jar:/home/runner/.m2/repository/com/fasterxml/jackson/core/jackson-annotations/2.16.2/jackson-annotations-2.16.2.jar:/home/runner/work/ozone/ozone/hadoop-hdds/annotations/target/hdds-annotation-processing-1.5.0-SNAPSHOT.jar:/home/runner/.m2/repository/javax/annotation/javax.annotation-api/1.3.2/javax.annotation-api-1.3.2.jar:/home/runner/.m2/repository/org/apache/ratis/ratis-server-api/3.1.0/ratis-server-api-3.1.0.jar:/home/runner/.m2/repository/org/apache/ratis/ratis-netty/3.1.0/ratis-netty-3.1.0.jar:/home/runner/.m2/repository/org/apache/ratis/ratis-grpc/3.1.0/ratis-grpc-3.1.0.jar:/home/runner/.m2/repository/org/bouncycastle/bcpkix-jdk18on/1.78.1/bcpkix-jdk18on-1.78.1.jar:/home/runner/.m2/repository/org/bouncycastle/bcutil-jdk18on/1.78.1/bcutil-jdk18on-1.78.1.jar:/home/runner/.m2/repository/commons-validator/commons-validator/1.6/commons-validator-1.6.jar:/home/runner/.m2/repository/commons-beanutils/commons-beanutils/1.9.4/commons-beanutils-1.9.4.jar:/home/runner/.m2/repository/commons-digester/commons-digester/1.8.1/commons-digester-1.8.1.jar:/home/runner/.m2/repository/commons-collections/commons-collections/3.2.2/commons-collections-3.2.2.jar:/home/runner/.m2/repository/io/jaegertracing/jaeger-client/1.8.1/jaeger-client-1.8.1.jar:/home/runner/.m2/repository/io/jaegertracing/jaeger-thrift/1.8.1/jaeger-thrift-1.8.1.jar:/home/runner/.m2/repository/org/apache/thrift/libthrift/0.15.0/libthrift-0.15.0.jar:/home/runner/.m2/repository/io/jaegertracing/jaeger-core/1.8.1/jaeger-core-1.8.1.jar:/home/runner/.m2/repository/io/jaegertracing/jaeger-tracerresolver/1.8.1/jaeger-tracerresolver-1.8.1.jar:/home/runner/.m2/repository/io/opentracing/contrib/opentracing-tracerresolver/0.1.8/opentracing-tracerresolver-0.1.8.jar:/home/runner/.m2/repository/org/jetbrains/kotlin/kotlin-stdlib/1.9.25/kotlin-stdlib-1.9.25.jar:/home/runner/.m2/repository/org/jetbrains/annotations/13.0/annotations-13.0.jar:/home/runner/.m2/repository/io/opentracing/opentracing-util/0.33.0/opentracing-util-0.33.0.jar:/home/runner/.m2/repository/io/opentracing/opentracing-api/0.33.0/opentracing-api-0.33.0.jar:/home/runner/.m2/repository/io/opentracing/opentracing-noop/0.33.0/opentracing-noop-0.33.0.jar:/home/runner/.m2/repository/org/yaml/snakeyaml/2.0/snakeyaml-2.0.jar:/home/runner/.m2/repository/io/grpc/grpc-api/1.58.0/grpc-api-1.58.0.jar:/home/runner/.m2/repository/org/junit/platform/junit-platform-launcher/1.10.3/junit-platform-launcher-1.10.3.jar:/home/runner/.m2/repository/org/junit/platform/junit-platform-engine/1.10.3/junit-platform-engine-1.10.3.jar:/home/runner/.m2/repository/org/apiguardian/apiguardian-api/1.1.2/apiguardian-api-1.1.2.jar:/home/runner/.m2/repository/org/apache/hadoop/hadoop-kms/3.3.6/hadoop-kms-3.3.6.jar:/home/runner/.m2/repository/org/apache/hadoop/hadoop-auth/3.3.6/hadoop-auth-3.3.6.jar:/home/runner/.m2/repository/org/apache/zookeeper/zookeeper/3.8.4/zookeeper-3.8.4.jar:/home/runner/.m2/repository/org/apache/zookeeper/zookeeper-jute/3.8.4/zookeeper-jute-3.8.4.jar:/home/runner/.m2/repository/org/apache/yetus/audience-annotations/0.12.0/audience-annotations-0.12.0.jar:/home/runner/.m2/repository/org/apache/curator/curator-framework/4.2.0/curator-framework-4.2.0.jar:/home/runner/.m2/repository/org/apache/hadoop/thirdparty/hadoop-shaded-guava/1.2.0/hadoop-shaded-guava-1.2.0.jar:/home/runner/.m2/repository/com/sun/jersey/jersey-core/1.19.4/jersey-core-1.19.4.jar:/home/runner/.m2/repository/javax/ws/rs/jsr311-api/1.1.1/jsr311-api-1.1.1.jar:/home/runner/.m2/repository/com/sun/jersey/jersey-server/1.19.4/jersey-server-1.19.4.jar:/home/runner/.m2/repository/javax/servlet/javax.servlet-api/3.1.0/javax.servlet-api-3.1.0.jar:/home/runner/.m2/repository/org/apache/hadoop/hadoop-common/3.3.6/hadoop-common-3.3.6.jar:/home/runner/.m2/repository/org/apache/commons/commons-math3/3.6.1/commons-math3-3.6.1.jar:/home/runner/.m2/repository/commons-net/commons-net/3.11.1/commons-net-3.11.1.jar:/home/runner/.m2/repository/com/sun/jersey/jersey-servlet/1.19.4/jersey-servlet-1.19.4.jar:/home/runner/.m2/repository/com/github/pjfanning/jersey-json/1.20/jersey-json-1.20.jar:/home/runner/.m2/repository/org/codehaus/jettison/jettison/1.1/jettison-1.1.jar:/home/runner/.m2/repository/com/sun/xml/bind/jaxb-impl/2.2.3-1/jaxb-impl-2.2.3-1.jar:/home/runner/.m2/repository/com/google/re2j/re2j/1.7/re2j-1.7.jar:/home/runner/.m2/repository/com/jcraft/jsch/0.1.55/jsch-0.1.55.jar:/home/runner/.m2/repository/org/apache/curator/curator-client/4.2.0/curator-client-4.2.0.jar:/home/runner/.m2/repository/org/apache/curator/curator-recipes/5.2.0/curator-recipes-5.2.0.jar:/home/runner/.m2/repository/com/google/code/findbugs/jsr305/3.0.2/jsr305-3.0.2.jar:/home/runner/.m2/repository/dnsjava/dnsjava/2.1.9/dnsjava-2.1.9.jar:/home/runner/.m2/repository/com/fasterxml/jackson/core/jackson-databind/2.16.2/jackson-databind-2.16.2.jar:/home/runner/.m2/repository/org/apache/hadoop/hadoop-kms/3.3.6/hadoop-kms-3.3.6-tests.jar:/home/runner/work/ozone/ozone/hadoop-hdds/server-scm/target/hdds-server-scm-1.5.0-SNAPSHOT-tests.jar:/home/runner/work/ozone/ozone/hadoop-hdds/container-service/target/hdds-container-service-1.5.0-SNAPSHOT-tests.jar:/home/runner/.m2/repository/com/github/luben/zstd-jni/1.5.6-3/zstd-jni-1.5.6-3.jar:/home/runner/.m2/repository/commons-codec/commons-codec/1.17.0/commons-codec-1.17.0.jar:/home/runner/.m2/repository/io/netty/netty-codec/4.1.109.Final/netty-codec-4.1.109.Final.jar:/home/runner/.m2/repository/io/netty/netty-handler/4.1.109.Final/netty-handler-4.1.109.Final.jar:/home/runner/work/ozone/ozone/hadoop-hdds/hadoop-dependency-test/target/hdds-hadoop-dependency-test-1.5.0-SNAPSHOT.jar:/home/runner/.m2/repository/org/apache/hadoop/hadoop-common/3.3.6/hadoop-common-3.3.6-tests.jar:/home/runner/.m2/repository/org/apache/hadoop/hadoop-hdfs/3.3.6/hadoop-hdfs-3.3.6-tests.jar:/home/runner/.m2/repository/org/junit/jupiter/junit-jupiter-engine/5.10.3/junit-jupiter-engine-5.10.3.jar:/home/runner/.m2/repository/org/junit/jupiter/junit-jupiter-params/5.10.3/junit-jupiter-params-5.10.3.jar:/home/runner/.m2/repository/org/mockito/mockito-core/4.11.0/mockito-core-4.11.0.jar:/home/runner/.m2/repository/net/bytebuddy/byte-buddy-agent/1.12.19/byte-buddy-agent-1.12.19.jar:/home/runner/.m2/repository/org/objenesis/objenesis/3.3/objenesis-3.3.jar:/home/runner/.m2/repository/org/mockito/mockito-inline/4.11.0/mockito-inline-4.11.0.jar:/home/runner/.m2/repository/org/mockito/mockito-junit-jupiter/4.11.0/mockito-junit-jupiter-4.11.0.jar:/home/runner/.m2/repository/org/apache/hadoop/hadoop-distcp/3.3.6/hadoop-distcp-3.3.6.jar:/home/runner/.m2/repository/org/apache/hadoop/hadoop-mapreduce-client-jobclient/3.3.6/hadoop-mapreduce-client-jobclient-3.3.6.jar:/home/runner/.m2/repository/org/apache/hadoop/hadoop-mapreduce-client-common/3.3.6/hadoop-mapreduce-client-common-3.3.6.jar:/home/runner/.m2/repository/org/apache/hadoop/hadoop-yarn-common/3.3.6/hadoop-yarn-common-3.3.6.jar:/home/runner/.m2/repository/org/apache/hadoop/hadoop-yarn-api/3.3.6/hadoop-yarn-api-3.3.6.jar:/home/runner/.m2/repository/javax/xml/bind/jaxb-api/2.2.11/jaxb-api-2.2.11.jar:/home/runner/.m2/repository/com/sun/jersey/contribs/jersey-guice/1.19.4/jersey-guice-1.19.4.jar:/home/runner/.m2/repository/com/fasterxml/jackson/jaxrs/jackson-jaxrs-json-provider/2.16.2/jackson-jaxrs-json-provider-2.16.2.jar:/home/runner/.m2/repository/com/fasterxml/jackson/jaxrs/jackson-jaxrs-base/2.16.2/jackson-jaxrs-base-2.16.2.jar:/home/runner/.m2/repository/org/apache/hadoop/hadoop-yarn-client/3.3.6/hadoop-yarn-client-3.3.6.jar:/home/runner/.m2/repository/org/eclipse/jetty/websocket/websocket-client/9.4.51.v20230217/websocket-client-9.4.51.v20230217.jar:/home/runner/.m2/repository/org/eclipse/jetty/websocket/websocket-common/9.4.51.v20230217/websocket-common-9.4.51.v20230217.jar:/home/runner/.m2/repository/org/eclipse/jetty/websocket/websocket-api/9.4.51.v20230217/websocket-api-9.4.51.v20230217.jar:/home/runner/.m2/repository/org/jline/jline/3.9.0/jline-3.9.0.jar:/home/runner/.m2/repository/org/apache/hadoop/hadoop-mapreduce-client-core/3.3.6/hadoop-mapreduce-client-core-3.3.6.jar:/home/runner/.m2/repository/org/apache/avro/avro/1.7.7/avro-1.7.7.jar:/home/runner/.m2/repository/com/thoughtworks/paranamer/paranamer/2.3/paranamer-2.3.jar:/home/runner/.m2/repository/org/apache/hadoop/hadoop-annotations/3.3.6/hadoop-annotations-3.3.6.jar:/home/runner/.m2/repository/io/netty/netty/3.10.6.Final/netty-3.10.6.Final.jar:/home/runner/.m2/repository/org/apache/hadoop/hadoop-distcp/3.3.6/hadoop-distcp-3.3.6-tests.jar:/home/runner/.m2/repository/org/hamcrest/hamcrest/2.2/hamcrest-2.2.jar:/home/runner/.m2/repository/org/slf4j/jul-to-slf4j/2.0.13/jul-to-slf4j-2.0.13.jar:/home/runner/work/ozone/ozone/hadoop-ozone/integration-test/target/gradle-enterprise/test-listeners.jar:"/>
    <property name="sun.cpu.endian" value="little"/>
    <property name="user.home" value="/home/runner"/>
    <property name="user.language" value="en"/>
    <property name="java.specification.vendor" value="Oracle Corporation"/>
    <property name="java.version.date" value="2024-07-16"/>
    <property name="java.home" value="/usr/lib/jvm/temurin-17-jdk-amd64"/>
    <property name="java.security.krb5.conf" value="/home/runner/work/ozone/ozone/hadoop-ozone/integration-test/target/test-classes/krb5.conf"/>
    <property name="file.separator" value="/"/>
    <property name="basedir" value="/home/runner/work/ozone/ozone/hadoop-ozone/integration-test"/>
    <property name="java.vm.compressedOopsMode" value="Zero based"/>
    <property name="line.separator" value="&#10;"/>
    <property name="java.vm.specification.vendor" value="Oracle Corporation"/>
    <property name="java.specification.name" value="Java Platform API Specification"/>
    <property name="OZONE.CLIENT.RECOVER.LEASE.FORCE" value="true"/>
    <property name="skip.installnpx" value="true"/>
    <property name="surefire.real.class.path" value="/home/runner/work/ozone/ozone/hadoop-ozone/integration-test/target/surefire/surefirebooter15243058996839287587.jar"/>
    <property name="hadoop.log.dir" value="/home/runner/work/ozone/ozone/hadoop-ozone/integration-test/target/log"/>
    <property name="sun.management.compiler" value="HotSpot 64-Bit Tiered Compilers"/>
    <property name="java.runtime.version" value="17.0.12+7"/>
    <property name="skip.npx" value="true"/>
    <property name="user.name" value="runner"/>
    <property name="java.net.preferIPv4Stack" value="true"/>
    <property name="path.separator" value=":"/>
    <property name="java.security.egd" value="file:///dev/urandom"/>
    <property name="os.version" value="5.15.0-1068-azure"/>
    <property name="java.runtime.name" value="OpenJDK Runtime Environment"/>
    <property name="com.gradle.maven.scan.extension.test.listener.junitplatform.NestedExecutionSafeDelegatingTestExecutionListener" value="2f01783a"/>
    <property name="file.encoding" value="UTF-8"/>
    <property name="java.vm.name" value="OpenJDK 64-Bit Server VM"/>
    <property name="java.vendor.version" value="Temurin-17.0.12+7"/>
    <property name="test.build.webapps" value=""/>
    <property name="develocity.listener.surefire.forkId" value="1"/>
    <property name="localRepository" value="/home/runner/.m2/repository"/>
    <property name="java.vendor.url.bug" value="https://github.com/adoptium/adoptium-support/issues"/>
    <property name="jetty.git.hash" value="70015831e5195ba74da6383c4ab7c90c56bb08af"/>
    <property name="java.io.tmpdir" value="/tmp"/>
    <property name="require.test.libhadoop" value=""/>
    <property name="java.version" value="17.0.12"/>
    <property name="user.dir" value="/home/runner/work/ozone/ozone/hadoop-ozone/integration-test"/>
    <property name="os.arch" value="amd64"/>
    <property name="java.vm.specification.name" value="Java Virtual Machine Specification"/>
    <property name="test.build.classes" value="/home/runner/work/ozone/ozone/hadoop-ozone/integration-test/target/test-classes"/>
    <property name="org.apache.ratis.thirdparty.io.netty.allocator.useCacheForAllThreads" value="false"/>
    <property name="native.encoding" value="UTF-8"/>
    <property name="hadoop.tmp.dir" value="/home/runner/work/ozone/ozone/hadoop-ozone/integration-test/target/tmp"/>
    <property name="java.library.path" value="/usr/java/packages/lib:/usr/lib64:/lib64:/lib:/usr/lib"/>
    <property name="java.vm.info" value="mixed mode, sharing"/>
    <property name="java.vendor" value="Eclipse Adoptium"/>
    <property name="java.vm.version" value="17.0.12+7"/>
    <property name="sun.io.unicode.encoding" value="UnicodeLittle"/>
    <property name="develocity.listener.port" value="35673"/>
    <property name="java.class.version" value="61.0"/>
  </properties>
  <testcase name="testFinalizeBlockFailure" classname="org.apache.hadoop.fs.ozone.TestLeaseRecovery" time="25.456"/>
  <testcase name="testRecoveryWithSameBlockCountInOpenFileAndFileTable" classname="org.apache.hadoop.fs.ozone.TestLeaseRecovery" time="17.569"/>
  <testcase name="testRecoverWrongFile" classname="org.apache.hadoop.fs.ozone.TestLeaseRecovery" time="16.871"/>
  <testcase name="testRecoveryWithoutBlocks" classname="org.apache.hadoop.fs.ozone.TestLeaseRecovery" time="16.761"/>
  <testcase name="testRecovery(int)[1]" classname="org.apache.hadoop.fs.ozone.TestLeaseRecovery" time="16.956"/>
  <testcase name="testRecovery(int)[2]" classname="org.apache.hadoop.fs.ozone.TestLeaseRecovery" time="17.232"/>
  <testcase name="testRecovery(int)[3]" classname="org.apache.hadoop.fs.ozone.TestLeaseRecovery" time="17.247"/>
  <testcase name="testGetCommittedBlockLengthWithException" classname="org.apache.hadoop.fs.ozone.TestLeaseRecovery" time="19.809">
    <failure type="org.opentest4j.AssertionFailedError"><![CDATA[org.opentest4j.AssertionFailedError: expected: <2> but was: <3>
	at org.junit.jupiter.api.AssertionFailureBuilder.build(AssertionFailureBuilder.java:151)
	at org.junit.jupiter.api.AssertionFailureBuilder.buildAndThrow(AssertionFailureBuilder.java:132)
	at org.junit.jupiter.api.AssertEquals.failNotEqual(AssertEquals.java:197)
	at org.junit.jupiter.api.AssertEquals.assertEquals(AssertEquals.java:150)
	at org.junit.jupiter.api.AssertEquals.assertEquals(AssertEquals.java:145)
	at org.junit.jupiter.api.Assertions.assertEquals(Assertions.java:531)
	at org.apache.hadoop.fs.ozone.TestLeaseRecovery.testGetCommittedBlockLengthWithException(TestLeaseRecovery.java:423)
	at java.base/java.lang.reflect.Method.invoke(Method.java:569)
	at java.base/java.util.ArrayList.forEach(ArrayList.java:1511)
	at java.base/java.util.ArrayList.forEach(ArrayList.java:1511)
]]></failure>
    <system-out><![CDATA[2024-08-06 06:55:23,719 [main] WARN  server.ServerUtils (ServerUtils.java:getScmDbDir(143)) - ozone.scm.db.dirs is not configured. We recommend adding this setting. Falling back to ozone.metadata.dirs instead.
2024-08-06 06:55:23,722 [main] WARN  server.ServerUtils (ServerUtils.java:getScmDbDir(143)) - ozone.scm.db.dirs is not configured. We recommend adding this setting. Falling back to ozone.metadata.dirs instead.
2024-08-06 06:55:23,722 [main] INFO  ha.SCMHANodeDetails (SCMHANodeDetails.java:loadSCMHAConfig(207)) - ServiceID for StorageContainerManager is null
2024-08-06 06:55:23,722 [main] INFO  ha.SCMHANodeDetails (SCMHANodeDetails.java:loadSCMHAConfig(212)) - ozone.scm.default.service.id is not defined, falling back to ozone.scm.service.ids to find serviceID for StorageContainerManager if it is HA enabled cluster
2024-08-06 06:55:23,722 [main] WARN  utils.HAUtils (HAUtils.java:getMetaDir(339)) - ozone.scm.db.dirs is not configured. We recommend adding this setting. Falling back to ozone.metadata.dirs instead.
2024-08-06 06:55:23,723 [main] WARN  db.DBStoreBuilder (DBStoreBuilder.java:applyDBDefinition(171)) - ozone.scm.db.dirs is not configured. We recommend adding this setting. Falling back to ozone.metadata.dirs instead.
2024-08-06 06:55:23,778 [main] INFO  net.NodeSchemaLoader (NodeSchemaLoader.java:loadSchemaFromFile(129)) - Loading schema from [jar:file:/home/runner/work/ozone/ozone/hadoop-hdds/common/target/hdds-common-1.5.0-SNAPSHOT.jar!/network-topology-default.xml]
2024-08-06 06:55:23,778 [main] INFO  net.NodeSchemaLoader (NodeSchemaLoader.java:loadSchema(176)) - Loading network topology layer schema file
2024-08-06 06:55:23,780 [main] INFO  upgrade.AbstractLayoutVersionManager (AbstractLayoutVersionManager.java:init(83)) - Initializing Layout version manager with metadata layout = HBASE_SUPPORT (version = 8), software layout = HBASE_SUPPORT (version = 8)
2024-08-06 06:55:23,781 [main] INFO  ha.SequenceIdGenerator (SequenceIdGenerator.java:upgradeToSequenceId(369)) - upgrade localId to 113750153625600000
2024-08-06 06:55:23,781 [main] INFO  ha.SequenceIdGenerator (SequenceIdGenerator.java:upgradeToSequenceId(379)) - upgrade delTxnId to 0
2024-08-06 06:55:23,782 [main] INFO  ha.SequenceIdGenerator (SequenceIdGenerator.java:upgradeToSequenceId(396)) - upgrade containerId to 0
2024-08-06 06:55:23,783 [main] INFO  ha.SequenceIdGenerator (SequenceIdGenerator.java:upgradeToCertificateSequenceId(433)) - upgrade CertificateId to 2
2024-08-06 06:55:23,783 [main] INFO  ha.SequenceIdGenerator (SequenceIdGenerator.java:<init>(240)) - Init the HA SequenceIdGenerator.
2024-08-06 06:55:23,783 [main] WARN  server.ServerUtils (ServerUtils.java:sanitizeUserArgs(79)) - ozone.scm.stale.node.interval value = 300000 is larger than max = 100000 based on the key value of ozone.scm.heartbeat.thread.interval, reset to the max value 100000.
2024-08-06 06:55:23,783 [main] WARN  server.ServerUtils (ServerUtils.java:sanitizeUserArgs(79)) - ozone.scm.stale.node.interval value = 300000 is larger than max = 100000 based on the key value of ozone.scm.heartbeat.thread.interval, reset to the max value 100000.
2024-08-06 06:55:23,784 [main] INFO  node.SCMNodeManager (SCMNodeManager.java:<init>(178)) - Entering startup safe mode.
2024-08-06 06:55:23,784 [main] INFO  algorithms.ContainerPlacementPolicyFactory (ContainerPlacementPolicyFactory.java:getPolicyInternal(86)) - Create container placement policy of type org.apache.hadoop.hdds.scm.container.placement.algorithms.SCMContainerPlacementRackAware
2024-08-06 06:55:23,784 [main] INFO  algorithms.ContainerPlacementPolicyFactory (ContainerPlacementPolicyFactory.java:getPolicyInternal(86)) - Create container placement policy of type org.apache.hadoop.hdds.scm.container.placement.algorithms.SCMContainerPlacementRackScatter
2024-08-06 06:55:23,784 [main] INFO  pipeline.PipelineStateManagerImpl (PipelineStateManagerImpl.java:initialize(78)) - No pipeline exists in current db
2024-08-06 06:55:23,784 [main] INFO  algorithms.LeaderChoosePolicyFactory (LeaderChoosePolicyFactory.java:getPolicy(57)) - Create leader choose policy of type org.apache.hadoop.hdds.scm.pipeline.leader.choose.algorithms.MinLeaderCountChoosePolicy
2024-08-06 06:55:23,785 [main] INFO  algorithms.ContainerPlacementPolicyFactory (ContainerPlacementPolicyFactory.java:getPolicyInternal(86)) - Create container placement policy of type org.apache.hadoop.hdds.scm.container.placement.algorithms.SCMContainerPlacementRackScatter
2024-08-06 06:55:23,785 [main] INFO  ha.SCMServiceManager (SCMServiceManager.java:register(42)) - Registering service BackgroundPipelineCreator.
2024-08-06 06:55:23,785 [main] INFO  pipeline.BackgroundPipelineCreator (BackgroundPipelineCreator.java:start(127)) - Starting RatisPipelineUtilsThread.
2024-08-06 06:55:23,785 [main] INFO  BackgroundPipelineScrubber (BackgroundSCMService.java:start(65)) - Starting BackgroundPipelineScrubber Service.
2024-08-06 06:55:23,786 [main] INFO  ha.SCMServiceManager (SCMServiceManager.java:register(42)) - Registering service BackgroundPipelineScrubber.
2024-08-06 06:55:23,786 [main] INFO  ExpiredContainerReplicaOpScrubber (BackgroundSCMService.java:start(65)) - Starting ExpiredContainerReplicaOpScrubber Service.
2024-08-06 06:55:23,786 [main] INFO  ha.SCMServiceManager (SCMServiceManager.java:register(42)) - Registering service ExpiredContainerReplicaOpScrubber.
2024-08-06 06:55:23,787 [main] INFO  algorithms.PipelineChoosePolicyFactory (PipelineChoosePolicyFactory.java:createPipelineChoosePolicyFromClass(80)) - Create pipeline choose policy of type org.apache.hadoop.hdds.scm.pipeline.choose.algorithms.RandomPipelineChoosePolicy
2024-08-06 06:55:23,787 [main] INFO  algorithms.PipelineChoosePolicyFactory (PipelineChoosePolicyFactory.java:createPipelineChoosePolicyFromClass(80)) - Create pipeline choose policy of type org.apache.hadoop.hdds.scm.pipeline.choose.algorithms.RandomPipelineChoosePolicy
2024-08-06 06:55:23,787 [main] INFO  ha.SCMServiceManager (SCMServiceManager.java:register(42)) - Registering service SCMBlockDeletingService.
2024-08-06 06:55:23,788 [main] INFO  replication.ReplicationManager (ReplicationManager.java:start(296)) - Starting Replication Monitor Thread.
2024-08-06 06:55:23,788 [ReplicationMonitor] INFO  replication.ReplicationManager (ReplicationManager.java:processAll(373)) - Replication Manager is not ready to run until 3000ms after safemode exit
2024-08-06 06:55:23,788 [main] INFO  ha.SCMServiceManager (SCMServiceManager.java:register(42)) - Registering service ReplicationManager.
2024-08-06 06:55:23,789 [main] INFO  safemode.ContainerSafeModeRule (ContainerSafeModeRule.java:<init>(91)) - containers with one replica threshold count 0
2024-08-06 06:55:23,789 [main] INFO  safemode.HealthyPipelineSafeModeRule (HealthyPipelineSafeModeRule.java:initializeRule(176)) - Total pipeline count is 0, healthy pipeline threshold count is 1
2024-08-06 06:55:23,789 [main] INFO  safemode.OneReplicaPipelineSafeModeRule (OneReplicaPipelineSafeModeRule.java:initializeRule(193)) - Total pipeline count is 0, pipeline's with at least one datanode reported threshold count is 0
2024-08-06 06:55:23,790 [main] INFO  server.StorageContainerManager (StorageContainerManager.java:<init>(442)) - SCM start with adminUsers: [runner]
2024-08-06 06:55:23,790 [main] INFO  ipc.CallQueueManager (CallQueueManager.java:<init>(90)) - Using callQueue: class java.util.concurrent.LinkedBlockingQueue, queueCapacity: 10000, scheduler: class org.apache.hadoop.ipc.DefaultRpcScheduler, ipcBackoff: false.
2024-08-06 06:55:23,790 [main] INFO  ipc.Server (Server.java:<init>(1287)) - Listener at 0.0.0.0:15247
2024-08-06 06:55:23,790 [Socket Reader #1 for port 15247] INFO  ipc.Server (Server.java:run(1323)) - Starting Socket Reader #1 for port 15247
2024-08-06 06:55:23,791 [main] INFO  ipc.CallQueueManager (CallQueueManager.java:<init>(90)) - Using callQueue: class java.util.concurrent.LinkedBlockingQueue, queueCapacity: 10000, scheduler: class org.apache.hadoop.ipc.DefaultRpcScheduler, ipcBackoff: false.
2024-08-06 06:55:23,791 [main] INFO  ipc.Server (Server.java:<init>(1287)) - Listener at 0.0.0.0:15246
2024-08-06 06:55:23,792 [Socket Reader #1 for port 15246] INFO  ipc.Server (Server.java:run(1323)) - Starting Socket Reader #1 for port 15246
2024-08-06 06:55:23,792 [main] INFO  ipc.CallQueueManager (CallQueueManager.java:<init>(90)) - Using callQueue: class java.util.concurrent.LinkedBlockingQueue, queueCapacity: 10000, scheduler: class org.apache.hadoop.ipc.DefaultRpcScheduler, ipcBackoff: false.
2024-08-06 06:55:23,792 [main] INFO  ipc.Server (Server.java:<init>(1287)) - Listener at 0.0.0.0:15245
2024-08-06 06:55:23,793 [Socket Reader #1 for port 15245] INFO  ipc.Server (Server.java:run(1323)) - Starting Socket Reader #1 for port 15245
2024-08-06 06:55:23,795 [main] INFO  ha.SCMServiceManager (SCMServiceManager.java:register(42)) - Registering service ContainerBalancer.
2024-08-06 06:55:23,795 [main] INFO  ha.SCMContext (SCMContext.java:updateSafeModeStatus(225)) - Update SafeModeStatus from SafeModeStatus{safeModeStatus=true, preCheckPassed=false} to SafeModeStatus{safeModeStatus=true, preCheckPassed=false}.
2024-08-06 06:55:23,795 [main] INFO  server.StorageContainerManager (StorageContainerManager.java:start(1541)) - StorageContainerLocationProtocol RPC server is listening at /0.0.0.0:15245
2024-08-06 06:55:23,796 [main] WARN  impl.MetricsConfig (MetricsConfig.java:loadFirst(136)) - Cannot locate configuration: tried hadoop-metrics2-storagecontainermanager.properties,hadoop-metrics2.properties
2024-08-06 06:55:23,797 [main] INFO  impl.MetricsSystemImpl (MetricsSystemImpl.java:startTimer(378)) - Scheduled Metric snapshot period at 10 second(s).
2024-08-06 06:55:23,797 [main] INFO  impl.MetricsSystemImpl (MetricsSystemImpl.java:start(191)) - StorageContainerManager metrics system started
2024-08-06 06:55:23,803 [main] INFO  impl.MetricsSinkAdapter (MetricsSinkAdapter.java:start(204)) - Sink prometheus started
2024-08-06 06:55:23,803 [main] INFO  impl.MetricsSystemImpl (MetricsSystemImpl.java:registerSink(305)) - Registered sink prometheus
2024-08-06 06:55:23,820 [main] INFO  server.SCMClientProtocolServer (SCMClientProtocolServer.java:start(208)) - RPC server for Client  is listening at /0.0.0.0:15245
2024-08-06 06:55:23,820 [IPC Server Responder] INFO  ipc.Server (Server.java:run(1562)) - IPC Server Responder: starting
2024-08-06 06:55:23,821 [IPC Server listener on 15245] INFO  ipc.Server (Server.java:run(1402)) - IPC Server listener on 15245: starting
2024-08-06 06:55:23,837 [main] INFO  server.StorageContainerManager (StorageContainerManager.java:start(1554)) - ScmBlockLocationProtocol RPC server is listening at /0.0.0.0:15246
2024-08-06 06:55:23,838 [main] INFO  server.SCMBlockProtocolServer (SCMBlockProtocolServer.java:start(167)) - RPC server for Block Protocol is listening at /0.0.0.0:15246
2024-08-06 06:55:23,841 [IPC Server Responder] INFO  ipc.Server (Server.java:run(1562)) - IPC Server Responder: starting
2024-08-06 06:55:23,844 [IPC Server listener on 15246] INFO  ipc.Server (Server.java:run(1402)) - IPC Server listener on 15246: starting
2024-08-06 06:55:23,868 [main] INFO  server.SCMDatanodeProtocolServer (SCMDatanodeProtocolServer.java:start(194)) - ScmDatanodeProtocol RPC server for DataNodes is listening at /0.0.0.0:15247
2024-08-06 06:55:23,869 [IPC Server Responder] INFO  ipc.Server (Server.java:run(1562)) - IPC Server Responder: starting
2024-08-06 06:55:23,869 [IPC Server listener on 15247] INFO  ipc.Server (Server.java:run(1402)) - IPC Server listener on 15247: starting
2024-08-06 06:55:23,879 [JvmPauseMonitor35] INFO  util.JvmPauseMonitor (JvmPauseMonitor.java:run(146)) - JvmPauseMonitor-5bd1d7f6-8032-4d58-a524-1ef15d3188a2: Started
2024-08-06 06:55:23,879 [main] INFO  http.BaseHttpServer (BaseHttpServer.java:newHttpServer2BuilderForOzone(223)) - Starting Web-server for scm at: http://0.0.0.0:15248
2024-08-06 06:55:23,879 [main] INFO  http.BaseHttpServer (BaseHttpServer.java:<init>(110)) - Hadoop Security Enabled: false Ozone Security Enabled: false Ozone HTTP Security Enabled: false 
2024-08-06 06:55:23,881 [main] WARN  server.AuthenticationFilter (AuthenticationFilter.java:constructSecretProvider(240)) - Unable to initialize FileSignerSecretProvider, falling back to use random secrets. Reason: Could not read signature secret file: /home/runner/hadoop-http-auth-signature-secret
2024-08-06 06:55:23,881 [main] INFO  http.HttpRequestLog (HttpRequestLog.java:getRequestLog(86)) - Http request log for http.requests.scm is not defined
2024-08-06 06:55:23,882 [main] INFO  http.HttpServer2 (HttpServer2.java:addGlobalFilter(1035)) - Added global filter 'safety' (class=org.apache.hadoop.hdds.server.http.HttpServer2$QuotingInputFilter)
2024-08-06 06:55:23,882 [main] INFO  http.HttpServer2 (HttpServer2.java:addFilter(1011)) - Added filter static_user_filter (class=org.apache.hadoop.http.lib.StaticUserWebFilter$StaticUserFilter) to context scm
2024-08-06 06:55:23,883 [main] INFO  http.HttpServer2 (HttpServer2.java:addFilter(1019)) - Added filter static_user_filter (class=org.apache.hadoop.http.lib.StaticUserWebFilter$StaticUserFilter) to context static
2024-08-06 06:55:23,883 [main] INFO  http.HttpServer2 (HttpServer2.java:addFilter(1019)) - Added filter static_user_filter (class=org.apache.hadoop.http.lib.StaticUserWebFilter$StaticUserFilter) to context logs
2024-08-06 06:55:23,883 [main] INFO  http.BaseHttpServer (BaseHttpServer.java:<init>(189)) - HTTP server of scm uses base directory /home/runner/work/ozone/ozone/hadoop-ozone/integration-test/target/test-dir/MiniOzoneClusterImpl-0b493811-7be1-4111-9212-de561dacad59/ozone-meta/webserver
2024-08-06 06:55:23,884 [main] INFO  http.HttpServer2 (HttpServer2.java:bindListener(1235)) - Jetty bound to port 15248
2024-08-06 06:55:23,884 [main] INFO  server.Server (Server.java:doStart(375)) - jetty-9.4.55.v20240627; built: 2024-06-27T15:05:37.765Z; git: 70015831e5195ba74da6383c4ab7c90c56bb08af; jvm 17.0.12+7
2024-08-06 06:55:23,886 [main] INFO  server.session (DefaultSessionIdManager.java:doStart(334)) - DefaultSessionIdManager workerName=node0
2024-08-06 06:55:23,886 [main] INFO  server.session (DefaultSessionIdManager.java:doStart(339)) - No SessionScavenger set, using defaults
2024-08-06 06:55:23,886 [main] INFO  server.session (HouseKeeper.java:startScavenging(132)) - node0 Scavenging every 660000ms
2024-08-06 06:55:23,887 [main] INFO  handler.ContextHandler (ContextHandler.java:doStart(921)) - Started o.e.j.s.ServletContextHandler@5c9fa9f1{logs,/logs,file:///home/runner/work/ozone/ozone/hadoop-ozone/integration-test/target/log,AVAILABLE}
2024-08-06 06:55:23,887 [main] INFO  handler.ContextHandler (ContextHandler.java:doStart(921)) - Started o.e.j.s.ServletContextHandler@70fe6835{static,/static,file:///home/runner/work/ozone/ozone/hadoop-ozone/integration-test/target/test-classes/webapps/static,AVAILABLE}
2024-08-06 06:55:23,890 [main] INFO  handler.ContextHandler (ContextHandler.java:doStart(921)) - Started o.e.j.w.WebAppContext@1b86672d{scm,/,file:///home/runner/work/ozone/ozone/hadoop-ozone/integration-test/target/test-classes/webapps/scm/,AVAILABLE}{file:/home/runner/work/ozone/ozone/hadoop-ozone/integration-test/target/test-classes/webapps/scm}
2024-08-06 06:55:23,891 [main] INFO  server.AbstractConnector (AbstractConnector.java:doStart(333)) - Started ServerConnector@29bea7b9{HTTP/1.1, (http/1.1)}{0.0.0.0:15248}
2024-08-06 06:55:23,891 [main] INFO  server.Server (Server.java:doStart(415)) - Started @129331ms
2024-08-06 06:55:23,891 [main] WARN  impl.MetricsSystemImpl (MetricsSystemImpl.java:register(279)) - Sink prometheus already exists!
2024-08-06 06:55:23,892 [main] INFO  http.BaseHttpServer (BaseHttpServer.java:updateConnectorAddress(354)) - HTTP server of scm listening at http://0.0.0.0:15248
2024-08-06 06:55:23,892 [main] WARN  server.ServerUtils (ServerUtils.java:getDBPath(299)) - ozone.om.db.dirs is not configured. We recommend adding this setting. Falling back to ozone.metadata.dirs instead.
2024-08-06 06:55:23,894 [main] INFO  ha.OMHANodeDetails (OMHANodeDetails.java:loadOMHAConfig(115)) - ozone.om.internal.service.id is not defined, falling back to ozone.om.service.ids to find serviceID for OzoneManager if it is HA enabled cluster
2024-08-06 06:55:23,894 [main] INFO  ha.OMHANodeDetails (OMHANodeDetails.java:loadOMHAConfig(226)) - Configuration does not have ozone.om.address set. Falling back to the default OM address /127.0.0.1:15249
2024-08-06 06:55:23,894 [main] INFO  ha.OMHANodeDetails (OMHANodeDetails.java:getOMNodeDetailsForNonHA(254)) - OM Service ID is not set. Setting it to the default ID: omServiceIdDefault
2024-08-06 06:55:23,894 [main] INFO  ha.OMHANodeDetails (OMHANodeDetails.java:getOMNodeDetailsForNonHA(261)) - OM Node ID is not set. Setting it to the default ID: om1
2024-08-06 06:55:23,894 [main] WARN  server.ServerUtils (ServerUtils.java:getDBPath(299)) - ozone.om.db.dirs is not configured. We recommend adding this setting. Falling back to ozone.metadata.dirs instead.
2024-08-06 06:55:23,895 [main] INFO  upgrade.AbstractLayoutVersionManager (AbstractLayoutVersionManager.java:init(83)) - Initializing Layout version manager with metadata layout = HBASE_SUPPORT (version = 7), software layout = HBASE_SUPPORT (version = 7)
2024-08-06 06:55:23,932 [main] INFO  reflections.Reflections (Reflections.java:scan(219)) - Reflections took 36 ms to scan 2 urls, producing 188 keys and 547 values
2024-08-06 06:55:23,933 [main] INFO  upgrade.OMLayoutVersionManager (OMLayoutVersionManager.java:lambda$0(113)) - Skipping Upgrade Action QuotaRepairUpgradeAction since it has been finalized.
2024-08-06 06:55:23,933 [main] INFO  upgrade.OMLayoutVersionManager (OMLayoutVersionManager.java:lambda$0(113)) - Skipping Upgrade Action MockOmUpgradeAction since it has been finalized.
2024-08-06 06:55:23,933 [main] WARN  server.ServerUtils (ServerUtils.java:getDBPath(299)) - ozone.om.db.dirs is not configured. We recommend adding this setting. Falling back to ozone.metadata.dirs instead.
2024-08-06 06:55:23,934 [main] INFO  proxy.SCMBlockLocationFailoverProxyProvider (SCMBlockLocationFailoverProxyProvider.java:<init>(115)) - Created block location fail-over proxy with 1 nodes: [nodeId=scmNodeId,nodeAddress=/0.0.0.0:15246]
2024-08-06 06:55:23,935 [main] INFO  proxy.SCMBlockLocationFailoverProxyProvider (SCMBlockLocationFailoverProxyProvider.java:<init>(115)) - Created block location fail-over proxy with 1 nodes: [nodeId=scmNodeId,nodeAddress=/0.0.0.0:15246]
2024-08-06 06:55:23,939 [main] INFO  om.OzoneManager (OzoneManager.java:<init>(686)) - OM start with adminUsers: [runner]
2024-08-06 06:55:23,939 [main] WARN  server.ServerUtils (ServerUtils.java:getDBPath(299)) - ozone.om.db.dirs is not configured. We recommend adding this setting. Falling back to ozone.metadata.dirs instead.
2024-08-06 06:55:23,940 [main] INFO  helpers.OmKeyInfo (OmKeyInfo.java:getCodec(72)) - OmKeyInfo.getCodec ignorePipeline = true
2024-08-06 06:55:24,111 [main] INFO  om.OzoneManager (OzoneManager.java:instantiateServices(820)) - S3 Multi-Tenancy is disabled
2024-08-06 06:55:24,112 [main] INFO  om.OmSnapshotManager (OmSnapshotManager.java:<init>(180)) - Ozone filesystem snapshot feature is enabled.
2024-08-06 06:55:24,112 [main] WARN  server.ServerUtils (ServerUtils.java:getDBPath(299)) - ozone.om.snapshot.diff.db.dir is not configured. We recommend adding this setting. Falling back to ozone.metadata.dirs instead.
2024-08-06 06:55:24,127 [main] INFO  utils.NativeLibraryLoader (NativeLibraryLoader.java:loadLibrary(111)) - Loading Library: ozone_rocksdb_tools
2024-08-06 06:55:24,128 [main] ERROR snapshot.SnapshotDiffManager (SnapshotDiffManager.java:initNativeLibraryForEfficientDiff(287)) - Native Library for raw sst file reading loading failed.
org.apache.hadoop.hdds.utils.NativeLibraryNotLoadedException: Unable to load library ozone_rocksdb_tools from both java.library.path & resource file libozone_rocksdb_tools.so from jar.
	at org.apache.hadoop.hdds.utils.db.managed.ManagedRawSSTFileReader.loadLibrary(ManagedRawSSTFileReader.java:40)
	at org.apache.hadoop.ozone.om.snapshot.SnapshotDiffManager.initNativeLibraryForEfficientDiff(SnapshotDiffManager.java:285)
	at org.apache.hadoop.ozone.om.snapshot.SnapshotDiffManager.<init>(SnapshotDiffManager.java:259)
	at org.apache.hadoop.ozone.om.OmSnapshotManager.<init>(OmSnapshotManager.java:287)
	at org.apache.hadoop.ozone.om.OzoneManager.instantiateServices(OzoneManager.java:872)
	at org.apache.hadoop.ozone.om.OzoneManager.<init>(OzoneManager.java:696)
	at org.apache.hadoop.ozone.om.OzoneManager.createOm(OzoneManager.java:783)
	at org.apache.hadoop.ozone.MiniOzoneClusterImpl$Builder.createOM(MiniOzoneClusterImpl.java:703)
	at org.apache.hadoop.ozone.MiniOzoneClusterImpl$Builder.createAndStartSingleOM(MiniOzoneClusterImpl.java:687)
	at org.apache.hadoop.ozone.MiniOzoneClusterImpl$Builder.build(MiniOzoneClusterImpl.java:549)
	at org.apache.hadoop.fs.ozone.TestLeaseRecovery.init(TestLeaseRecovery.java:140)
	at java.base/jdk.internal.reflect.NativeMethodAccessorImpl.invoke0(Native Method)
	at java.base/jdk.internal.reflect.NativeMethodAccessorImpl.invoke(NativeMethodAccessorImpl.java:77)
	at java.base/jdk.internal.reflect.DelegatingMethodAccessorImpl.invoke(DelegatingMethodAccessorImpl.java:43)
	at java.base/java.lang.reflect.Method.invoke(Method.java:569)
	at org.junit.platform.commons.util.ReflectionUtils.invokeMethod(ReflectionUtils.java:728)
	at org.junit.jupiter.engine.execution.MethodInvocation.proceed(MethodInvocation.java:60)
	at org.junit.jupiter.engine.execution.InvocationInterceptorChain$ValidatingInvocation.proceed(InvocationInterceptorChain.java:131)
	at org.junit.jupiter.engine.extension.TimeoutExtension.intercept(TimeoutExtension.java:156)
	at org.junit.jupiter.engine.extension.TimeoutExtension.interceptLifecycleMethod(TimeoutExtension.java:128)
	at org.junit.jupiter.engine.extension.TimeoutExtension.interceptBeforeEachMethod(TimeoutExtension.java:78)
	at org.junit.jupiter.engine.execution.InterceptingExecutableInvoker$ReflectiveInterceptorCall.lambda$ofVoidMethod$0(InterceptingExecutableInvoker.java:103)
	at org.junit.jupiter.engine.execution.InterceptingExecutableInvoker.lambda$invoke$0(InterceptingExecutableInvoker.java:93)
	at org.junit.jupiter.engine.execution.InvocationInterceptorChain$InterceptedInvocation.proceed(InvocationInterceptorChain.java:106)
	at org.junit.jupiter.engine.execution.InvocationInterceptorChain.proceed(InvocationInterceptorChain.java:64)
	at org.junit.jupiter.engine.execution.InvocationInterceptorChain.chainAndInvoke(InvocationInterceptorChain.java:45)
	at org.junit.jupiter.engine.execution.InvocationInterceptorChain.invoke(InvocationInterceptorChain.java:37)
	at org.junit.jupiter.engine.execution.InterceptingExecutableInvoker.invoke(InterceptingExecutableInvoker.java:92)
	at org.junit.jupiter.engine.execution.InterceptingExecutableInvoker.invoke(InterceptingExecutableInvoker.java:86)
	at org.junit.jupiter.engine.descriptor.ClassBasedTestDescriptor.invokeMethodInExtensionContext(ClassBasedTestDescriptor.java:521)
	at org.junit.jupiter.engine.descriptor.ClassBasedTestDescriptor.lambda$synthesizeBeforeEachMethodAdapter$23(ClassBasedTestDescriptor.java:506)
	at org.junit.jupiter.engine.descriptor.TestMethodTestDescriptor.lambda$invokeBeforeEachMethods$3(TestMethodTestDescriptor.java:175)
	at org.junit.jupiter.engine.descriptor.TestMethodTestDescriptor.lambda$invokeBeforeMethodsOrCallbacksUntilExceptionOccurs$6(TestMethodTestDescriptor.java:203)
	at org.junit.platform.engine.support.hierarchical.ThrowableCollector.execute(ThrowableCollector.java:73)
	at org.junit.jupiter.engine.descriptor.TestMethodTestDescriptor.invokeBeforeMethodsOrCallbacksUntilExceptionOccurs(TestMethodTestDescriptor.java:203)
	at org.junit.jupiter.engine.descriptor.TestMethodTestDescriptor.invokeBeforeEachMethods(TestMethodTestDescriptor.java:172)
	at org.junit.jupiter.engine.descriptor.TestMethodTestDescriptor.execute(TestMethodTestDescriptor.java:135)
	at org.junit.jupiter.engine.descriptor.TestMethodTestDescriptor.execute(TestMethodTestDescriptor.java:69)
	at org.junit.platform.engine.support.hierarchical.NodeTestTask.lambda$executeRecursively$6(NodeTestTask.java:151)
	at org.junit.platform.engine.support.hierarchical.ThrowableCollector.execute(ThrowableCollector.java:73)
	at org.junit.platform.engine.support.hierarchical.NodeTestTask.lambda$executeRecursively$8(NodeTestTask.java:141)
	at org.junit.platform.engine.support.hierarchical.Node.around(Node.java:137)
	at org.junit.platform.engine.support.hierarchical.NodeTestTask.lambda$executeRecursively$9(NodeTestTask.java:139)
	at org.junit.platform.engine.support.hierarchical.ThrowableCollector.execute(ThrowableCollector.java:73)
	at org.junit.platform.engine.support.hierarchical.NodeTestTask.executeRecursively(NodeTestTask.java:138)
	at org.junit.platform.engine.support.hierarchical.NodeTestTask.execute(NodeTestTask.java:95)
	at java.base/java.util.ArrayList.forEach(ArrayList.java:1511)
	at org.junit.platform.engine.support.hierarchical.SameThreadHierarchicalTestExecutorService.invokeAll(SameThreadHierarchicalTestExecutorService.java:41)
	at org.junit.platform.engine.support.hierarchical.NodeTestTask.lambda$executeRecursively$6(NodeTestTask.java:155)
	at org.junit.platform.engine.support.hierarchical.ThrowableCollector.execute(ThrowableCollector.java:73)
	at org.junit.platform.engine.support.hierarchical.NodeTestTask.lambda$executeRecursively$8(NodeTestTask.java:141)
	at org.junit.platform.engine.support.hierarchical.Node.around(Node.java:137)
	at org.junit.platform.engine.support.hierarchical.NodeTestTask.lambda$executeRecursively$9(NodeTestTask.java:139)
	at org.junit.platform.engine.support.hierarchical.ThrowableCollector.execute(ThrowableCollector.java:73)
	at org.junit.platform.engine.support.hierarchical.NodeTestTask.executeRecursively(NodeTestTask.java:138)
	at org.junit.platform.engine.support.hierarchical.NodeTestTask.execute(NodeTestTask.java:95)
	at java.base/java.util.ArrayList.forEach(ArrayList.java:1511)
	at org.junit.platform.engine.support.hierarchical.SameThreadHierarchicalTestExecutorService.invokeAll(SameThreadHierarchicalTestExecutorService.java:41)
	at org.junit.platform.engine.support.hierarchical.NodeTestTask.lambda$executeRecursively$6(NodeTestTask.java:155)
	at org.junit.platform.engine.support.hierarchical.ThrowableCollector.execute(ThrowableCollector.java:73)
	at org.junit.platform.engine.support.hierarchical.NodeTestTask.lambda$executeRecursively$8(NodeTestTask.java:141)
	at org.junit.platform.engine.support.hierarchical.Node.around(Node.java:137)
	at org.junit.platform.engine.support.hierarchical.NodeTestTask.lambda$executeRecursively$9(NodeTestTask.java:139)
	at org.junit.platform.engine.support.hierarchical.ThrowableCollector.execute(ThrowableCollector.java:73)
	at org.junit.platform.engine.support.hierarchical.NodeTestTask.executeRecursively(NodeTestTask.java:138)
	at org.junit.platform.engine.support.hierarchical.NodeTestTask.execute(NodeTestTask.java:95)
	at org.junit.platform.engine.support.hierarchical.SameThreadHierarchicalTestExecutorService.submit(SameThreadHierarchicalTestExecutorService.java:35)
	at org.junit.platform.engine.support.hierarchical.HierarchicalTestExecutor.execute(HierarchicalTestExecutor.java:57)
	at org.junit.platform.engine.support.hierarchical.HierarchicalTestEngine.execute(HierarchicalTestEngine.java:54)
	at org.junit.platform.launcher.core.EngineExecutionOrchestrator.execute(EngineExecutionOrchestrator.java:198)
	at org.junit.platform.launcher.core.EngineExecutionOrchestrator.execute(EngineExecutionOrchestrator.java:169)
	at org.junit.platform.launcher.core.EngineExecutionOrchestrator.execute(EngineExecutionOrchestrator.java:93)
	at org.junit.platform.launcher.core.EngineExecutionOrchestrator.lambda$execute$0(EngineExecutionOrchestrator.java:58)
	at org.junit.platform.launcher.core.EngineExecutionOrchestrator.withInterceptedStreams(EngineExecutionOrchestrator.java:141)
	at org.junit.platform.launcher.core.EngineExecutionOrchestrator.execute(EngineExecutionOrchestrator.java:57)
	at org.junit.platform.launcher.core.DefaultLauncher.execute(DefaultLauncher.java:103)
	at org.junit.platform.launcher.core.DefaultLauncher.execute(DefaultLauncher.java:85)
	at org.junit.platform.launcher.core.DelegatingLauncher.execute(DelegatingLauncher.java:47)
	at org.junit.platform.launcher.core.SessionPerRequestLauncher.execute(SessionPerRequestLauncher.java:63)
	at org.apache.maven.surefire.junitplatform.JUnitPlatformProvider.invokeAllTests(JUnitPlatformProvider.java:154)
	at org.apache.maven.surefire.junitplatform.JUnitPlatformProvider.invoke(JUnitPlatformProvider.java:123)
	at org.apache.maven.surefire.booter.ForkedBooter.runSuitesInProcess(ForkedBooter.java:377)
	at org.apache.maven.surefire.booter.ForkedBooter.execute(ForkedBooter.java:138)
	at org.apache.maven.surefire.booter.ForkedBooter.run(ForkedBooter.java:465)
	at org.apache.maven.surefire.booter.ForkedBooter.main(ForkedBooter.java:451)
2024-08-06 06:55:24,130 [main] INFO  om.OzoneManager (OzoneManager.java:addS3GVolumeToDB(4558)) - Created Volume s3v With Owner runner required for S3Gateway operations.
2024-08-06 06:55:24,130 [main] INFO  om.OzoneManager (OzoneManager.java:getRpcServer(1236)) - Creating RPC Server
2024-08-06 06:55:24,413 [main] INFO  reflections.Reflections (Reflections.java:scan(219)) - Reflections took 282 ms to scan 20 urls, producing 59 keys and 6769 values
2024-08-06 06:55:24,414 [main] INFO  ipc.CallQueueManager (CallQueueManager.java:<init>(90)) - Using callQueue: class java.util.concurrent.LinkedBlockingQueue, queueCapacity: 2000, scheduler: class org.apache.hadoop.ipc.DefaultRpcScheduler, ipcBackoff: false.
2024-08-06 06:55:24,415 [main] INFO  ipc.Server (Server.java:<init>(1287)) - Listener at 127.0.0.1:15249
2024-08-06 06:55:24,415 [Socket Reader #1 for port 15249] INFO  ipc.Server (Server.java:run(1323)) - Starting Socket Reader #1 for port 15249
2024-08-06 06:55:24,415 [Socket Reader #2 for port 15249] INFO  ipc.Server (Server.java:run(1323)) - Starting Socket Reader #2 for port 15249
2024-08-06 06:55:24,415 [Socket Reader #3 for port 15249] INFO  ipc.Server (Server.java:run(1323)) - Starting Socket Reader #3 for port 15249
2024-08-06 06:55:24,416 [Socket Reader #5 for port 15249] INFO  ipc.Server (Server.java:run(1323)) - Starting Socket Reader #5 for port 15249
2024-08-06 06:55:24,416 [Socket Reader #4 for port 15249] INFO  ipc.Server (Server.java:run(1323)) - Starting Socket Reader #4 for port 15249
2024-08-06 06:55:24,416 [Socket Reader #6 for port 15249] INFO  ipc.Server (Server.java:run(1323)) - Starting Socket Reader #6 for port 15249
2024-08-06 06:55:24,416 [Socket Reader #7 for port 15249] INFO  ipc.Server (Server.java:run(1323)) - Starting Socket Reader #7 for port 15249
2024-08-06 06:55:24,417 [Socket Reader #8 for port 15249] INFO  ipc.Server (Server.java:run(1323)) - Starting Socket Reader #8 for port 15249
2024-08-06 06:55:24,417 [Socket Reader #9 for port 15249] INFO  ipc.Server (Server.java:run(1323)) - Starting Socket Reader #9 for port 15249
2024-08-06 06:55:24,417 [Socket Reader #10 for port 15249] INFO  ipc.Server (Server.java:run(1323)) - Starting Socket Reader #10 for port 15249
2024-08-06 06:55:24,431 [main] INFO  impl.MetricsSystemImpl (MetricsSystemImpl.java:init(158)) - OzoneManager metrics system started (again)
2024-08-06 06:55:24,439 [main] INFO  om.OzoneManager (OzoneManager.java:start(1660)) - OzoneManager RPC server is listening at localhost/127.0.0.1:15249
2024-08-06 06:55:24,440 [main] INFO  om.OzoneManager (OzoneManager.java:start(1675)) - Version File has different layout version (7) than OM DB (null). That is expected if this OM has never been finalized to a newer layout version.
2024-08-06 06:55:24,442 [main] INFO  client.ScmTopologyClient (ScmTopologyClient.java:start(72)) - Initial network topology fetched from SCM: /.
2024-08-06 06:55:24,442 [main] INFO  net.NodeSchemaLoader (NodeSchemaLoader.java:loadSchemaFromFile(129)) - Loading schema from [jar:file:/home/runner/work/ozone/ozone/hadoop-hdds/common/target/hdds-common-1.5.0-SNAPSHOT.jar!/network-topology-default.xml]
2024-08-06 06:55:24,443 [main] INFO  net.NodeSchemaLoader (NodeSchemaLoader.java:loadSchema(176)) - Loading network topology layer schema file
2024-08-06 06:55:24,447 [main] INFO  http.BaseHttpServer (BaseHttpServer.java:newHttpServer2BuilderForOzone(223)) - Starting Web-server for ozoneManager at: http://0.0.0.0:15250
2024-08-06 06:55:24,447 [main] INFO  http.BaseHttpServer (BaseHttpServer.java:<init>(110)) - Hadoop Security Enabled: false Ozone Security Enabled: false Ozone HTTP Security Enabled: false 
2024-08-06 06:55:24,447 [main] WARN  server.AuthenticationFilter (AuthenticationFilter.java:constructSecretProvider(240)) - Unable to initialize FileSignerSecretProvider, falling back to use random secrets. Reason: Could not read signature secret file: /home/runner/hadoop-http-auth-signature-secret
2024-08-06 06:55:24,448 [main] INFO  http.HttpRequestLog (HttpRequestLog.java:getRequestLog(86)) - Http request log for http.requests.ozoneManager is not defined
2024-08-06 06:55:24,449 [main] INFO  http.HttpServer2 (HttpServer2.java:addGlobalFilter(1035)) - Added global filter 'safety' (class=org.apache.hadoop.hdds.server.http.HttpServer2$QuotingInputFilter)
2024-08-06 06:55:24,449 [main] INFO  http.HttpServer2 (HttpServer2.java:addFilter(1011)) - Added filter static_user_filter (class=org.apache.hadoop.http.lib.StaticUserWebFilter$StaticUserFilter) to context ozoneManager
2024-08-06 06:55:24,449 [main] INFO  http.HttpServer2 (HttpServer2.java:addFilter(1019)) - Added filter static_user_filter (class=org.apache.hadoop.http.lib.StaticUserWebFilter$StaticUserFilter) to context logs
2024-08-06 06:55:24,449 [main] INFO  http.HttpServer2 (HttpServer2.java:addFilter(1019)) - Added filter static_user_filter (class=org.apache.hadoop.http.lib.StaticUserWebFilter$StaticUserFilter) to context static
2024-08-06 06:55:24,449 [main] INFO  http.BaseHttpServer (BaseHttpServer.java:<init>(189)) - HTTP server of ozoneManager uses base directory /home/runner/work/ozone/ozone/hadoop-ozone/integration-test/target/test-dir/MiniOzoneClusterImpl-0b493811-7be1-4111-9212-de561dacad59/ozone-meta/webserver
2024-08-06 06:55:24,450 [main] INFO  http.HttpServer2 (HttpServer2.java:bindListener(1235)) - Jetty bound to port 15250
2024-08-06 06:55:24,450 [main] INFO  server.Server (Server.java:doStart(375)) - jetty-9.4.55.v20240627; built: 2024-06-27T15:05:37.765Z; git: 70015831e5195ba74da6383c4ab7c90c56bb08af; jvm 17.0.12+7
2024-08-06 06:55:24,450 [main] INFO  server.session (DefaultSessionIdManager.java:doStart(334)) - DefaultSessionIdManager workerName=node0
2024-08-06 06:55:24,451 [main] INFO  server.session (DefaultSessionIdManager.java:doStart(339)) - No SessionScavenger set, using defaults
2024-08-06 06:55:24,451 [main] INFO  server.session (HouseKeeper.java:startScavenging(132)) - node0 Scavenging every 600000ms
2024-08-06 06:55:24,451 [main] INFO  handler.ContextHandler (ContextHandler.java:doStart(921)) - Started o.e.j.s.ServletContextHandler@4c53526a{logs,/logs,file:///home/runner/work/ozone/ozone/hadoop-ozone/integration-test/target/log,AVAILABLE}
2024-08-06 06:55:24,451 [main] INFO  handler.ContextHandler (ContextHandler.java:doStart(921)) - Started o.e.j.s.ServletContextHandler@51ced4b4{static,/static,file:///home/runner/work/ozone/ozone/hadoop-ozone/integration-test/target/test-classes/webapps/static,AVAILABLE}
2024-08-06 06:55:24,454 [main] INFO  handler.ContextHandler (ContextHandler.java:doStart(921)) - Started o.e.j.w.WebAppContext@36229f3a{ozoneManager,/,file:///home/runner/work/ozone/ozone/hadoop-ozone/integration-test/target/test-classes/webapps/ozoneManager/,AVAILABLE}{file:/home/runner/work/ozone/ozone/hadoop-ozone/integration-test/target/test-classes/webapps/ozoneManager}
2024-08-06 06:55:24,455 [main] INFO  server.AbstractConnector (AbstractConnector.java:doStart(333)) - Started ServerConnector@2dd605b9{HTTP/1.1, (http/1.1)}{0.0.0.0:15250}
2024-08-06 06:55:24,455 [main] INFO  server.Server (Server.java:doStart(415)) - Started @129895ms
2024-08-06 06:55:24,455 [main] WARN  impl.MetricsSystemImpl (MetricsSystemImpl.java:register(279)) - Sink prometheus already exists!
2024-08-06 06:55:24,455 [main] INFO  http.BaseHttpServer (BaseHttpServer.java:updateConnectorAddress(354)) - HTTP server of ozoneManager listening at http://0.0.0.0:15250
2024-08-06 06:55:24,456 [IPC Server Responder] INFO  ipc.Server (Server.java:run(1562)) - IPC Server Responder: starting
2024-08-06 06:55:24,456 [IPC Server listener on 15249] INFO  ipc.Server (Server.java:run(1402)) - IPC Server listener on 15249: starting
2024-08-06 06:55:24,457 [main] INFO  om.OzoneManager (OzoneManager.java:startTrashEmptier(2130)) - Trash Interval set to 0. Files deleted won't move to trash
2024-08-06 06:55:24,458 [JvmPauseMonitor36] INFO  util.JvmPauseMonitor (JvmPauseMonitor.java:run(146)) - JvmPauseMonitor-3751d7ab-ec77-42b5-85b9-2fae39fd3d11: Started
2024-08-06 06:55:24,464 [main] INFO  impl.MetricsSystemImpl (MetricsSystemImpl.java:init(158)) - HddsDatanode metrics system started (again)
2024-08-06 06:55:24,473 [main] INFO  ozone.HddsDatanodeService (HddsDatanodeService.java:start(235)) - HddsDatanodeService host:fv-az1978-46.2w4edfdvu40upgftlskuqyduge.dx.internal.cloudapp.net ip:10.1.0.4
2024-08-06 06:55:24,475 [main] INFO  upgrade.AbstractLayoutVersionManager (AbstractLayoutVersionManager.java:init(83)) - Initializing Layout version manager with metadata layout = HBASE_SUPPORT (version = 8), software layout = HBASE_SUPPORT (version = 8)
2024-08-06 06:55:24,475 [main] INFO  statemachine.DatanodeStateMachine (DatanodeStateMachine.java:getEndPointTaskThreadPoolSize(292)) - Datanode State Machine Task Thread Pool size 2
2024-08-06 06:55:24,476 [main] INFO  volume.HddsVolume (HddsVolume.java:<init>(126)) - Creating HddsVolume: /home/runner/work/ozone/ozone/hadoop-ozone/integration-test/target/test-dir/MiniOzoneClusterImpl-0b493811-7be1-4111-9212-de561dacad59/ozone-meta/datanode-1/data-0/hdds of storage type : DISK capacity : 9222449699674390527
2024-08-06 06:55:24,476 [main] INFO  volume.MutableVolumeSet (MutableVolumeSet.java:initializeVolumeSet(173)) - Added Volume : /home/runner/work/ozone/ozone/hadoop-ozone/integration-test/target/test-dir/MiniOzoneClusterImpl-0b493811-7be1-4111-9212-de561dacad59/ozone-meta/datanode-1/data-0/hdds to VolumeSet
2024-08-06 06:55:24,477 [main] INFO  volume.MutableVolumeSet (MutableVolumeSet.java:initializeVolumeSet(173)) - Added Volume : /home/runner/work/ozone/ozone/hadoop-ozone/integration-test/target/test-dir/MiniOzoneClusterImpl-0b493811-7be1-4111-9212-de561dacad59/ozone-meta/datanode-1/ratis to VolumeSet
2024-08-06 06:55:24,477 [main] INFO  ozoneimpl.OzoneContainer (HddsVolumeUtil.java:loadAllHddsVolumeDbStore(103)) - Load 1 volumes DbStore cost: 0ms
2024-08-06 06:55:24,478 [main] INFO  server.RaftServer (ConfUtils.java:logGet(46)) - raft.rpc.type = GRPC (default)
2024-08-06 06:55:24,479 [main] INFO  grpc.GrpcConfigKeys (ConfUtils.java:logFallback(53)) - raft.grpc.admin.host = null (fallback to raft.grpc.server.host)
2024-08-06 06:55:24,479 [main] INFO  grpc.GrpcConfigKeys (ConfUtils.java:logGet(46)) - raft.grpc.admin.port = 15257 (custom)
2024-08-06 06:55:24,479 [main] INFO  grpc.GrpcConfigKeys (ConfUtils.java:logFallback(53)) - raft.grpc.client.host = null (fallback to raft.grpc.server.host)
2024-08-06 06:55:24,479 [main] INFO  grpc.GrpcConfigKeys (ConfUtils.java:logGet(46)) - raft.grpc.client.port = 15257 (custom)
2024-08-06 06:55:24,479 [main] INFO  grpc.GrpcConfigKeys (ConfUtils.java:logGet(46)) - raft.grpc.server.host = null (default)
2024-08-06 06:55:24,479 [main] INFO  grpc.GrpcConfigKeys (ConfUtils.java:logGet(46)) - raft.grpc.server.port = 15257 (custom)
2024-08-06 06:55:24,479 [main] INFO  server.GrpcService (ConfUtils.java:logGet(46)) - raft.grpc.message.size.max = 32MB (=33554432) (custom)
2024-08-06 06:55:24,479 [main] INFO  server.RaftServerConfigKeys (ConfUtils.java:logGet(46)) - raft.server.log.appender.buffer.byte-limit = 8388608 (custom)
2024-08-06 06:55:24,479 [main] INFO  server.GrpcService (ConfUtils.java:logGet(46)) - raft.grpc.flow.control.window = 5MB (=5242880) (custom)
2024-08-06 06:55:24,479 [main] INFO  server.RaftServerConfigKeys (ConfUtils.java:logGet(46)) - raft.server.rpc.request.timeout = 60s (custom)
2024-08-06 06:55:24,480 [main] INFO  grpc.GrpcConfigKeys (ConfUtils.java:logGet(46)) - raft.grpc.server.heartbeat.channel = true (default)
2024-08-06 06:55:24,480 [main] INFO  grpc.GrpcConfigKeys (ConfUtils.java:logGet(46)) - raft.grpc.server.async.request.thread.pool.cached = true (default)
2024-08-06 06:55:24,480 [main] INFO  grpc.GrpcConfigKeys (ConfUtils.java:logGet(46)) - raft.grpc.server.async.request.thread.pool.size = 32 (default)
2024-08-06 06:55:24,481 [main] INFO  impl.DataStreamServerImpl (ConfUtils.java:logGet(46)) - raft.datastream.type = NETTY (custom)
2024-08-06 06:55:24,481 [main] INFO  server.RaftServerConfigKeys (ConfUtils.java:logGet(46)) - raft.server.data-stream.async.request.thread.pool.cached = false (default)
2024-08-06 06:55:24,481 [main] INFO  server.RaftServerConfigKeys (ConfUtils.java:logGet(46)) - raft.server.data-stream.async.request.thread.pool.size = 20 (custom)
2024-08-06 06:55:24,481 [main] INFO  server.RaftServerConfigKeys (ConfUtils.java:logGet(46)) - raft.server.data-stream.async.write.thread.pool.size = 16 (default)
2024-08-06 06:55:24,481 [main] INFO  netty.NettyConfigKeys$DataStream (ConfUtils.java:logGet(46)) - raft.netty.dataStream.server.channel.inactive.grace-period = 10min (default)
2024-08-06 06:55:24,481 [main] INFO  server.RaftServerConfigKeys (ConfUtils.java:logGet(46)) - raft.server.data-stream.client.pool.size = 10 (default)
2024-08-06 06:55:24,481 [main] INFO  netty.NettyConfigKeys$DataStream (ConfUtils.java:logGet(46)) - raft.netty.dataStream.server.use-epoll = true (default)
2024-08-06 06:55:24,481 [main] INFO  netty.NettyConfigKeys$DataStream (ConfUtils.java:logGet(46)) - raft.netty.dataStream.server.boss-group.size = 0 (default)
2024-08-06 06:55:24,481 [main] INFO  netty.NettyUtils (NettyUtils.java:newEventLoopGroup(74)) - Create EpollEventLoopGroup for 2c741729-621d-48c8-a79f-44c82515a6f1-NettyServerStreamRpc-bossGroup; Thread size is 0.
2024-08-06 06:55:24,482 [main] INFO  netty.NettyConfigKeys$DataStream (ConfUtils.java:logGet(46)) - raft.netty.dataStream.server.worker-group.size = 0 (default)
2024-08-06 06:55:24,482 [main] INFO  netty.NettyUtils (NettyUtils.java:newEventLoopGroup(74)) - Create EpollEventLoopGroup for 2c741729-621d-48c8-a79f-44c82515a6f1-NettyServerStreamRpc-workerGroup; Thread size is 0.
2024-08-06 06:55:24,482 [main] INFO  netty.NettyConfigKeys$DataStream (ConfUtils.java:logGet(46)) - raft.netty.dataStream.server.tls.conf = null (default)
2024-08-06 06:55:24,482 [main] INFO  netty.NettyConfigKeys$DataStream (ConfUtils.java:logGet(46)) - raft.netty.dataStream.host = null (default)
2024-08-06 06:55:24,482 [main] INFO  netty.NettyConfigKeys$DataStream (ConfUtils.java:logGet(46)) - raft.netty.dataStream.port = 15260 (custom)
2024-08-06 06:55:24,482 [main] INFO  server.RaftServerConfigKeys (ConfUtils.java:logGet(46)) - raft.server.sleep.deviation.threshold = 300ms (default)
2024-08-06 06:55:24,483 [main] INFO  server.RaftServerConfigKeys (ConfUtils.java:logGet(46)) - raft.server.close.threshold = 60s (default)
2024-08-06 06:55:24,483 [main] INFO  server.RaftServerConfigKeys (ConfUtils.java:logGet(46)) - raft.server.leaderelection.leader.step-down.wait-time = 10s (default)
2024-08-06 06:55:24,483 [main] INFO  server.RaftServerConfigKeys (ConfUtils.java:logGet(46)) - raft.server.storage.dir = [/home/runner/work/ozone/ozone/hadoop-ozone/integration-test/target/test-dir/MiniOzoneClusterImpl-0b493811-7be1-4111-9212-de561dacad59/ozone-meta/datanode-1/ratis] (custom)
2024-08-06 06:55:24,483 [main] INFO  server.RaftServerConfigKeys (ConfUtils.java:logGet(46)) - raft.server.threadpool.proxy.cached = true (default)
2024-08-06 06:55:24,483 [main] INFO  server.RaftServerConfigKeys (ConfUtils.java:logGet(46)) - raft.server.threadpool.proxy.size = 0 (default)
2024-08-06 06:55:24,483 [2c741729-621d-48c8-a79f-44c82515a6f1-NettyServerStreamRpc-bossGroup--thread1] INFO  logging.LoggingHandler (AbstractInternalLogger.java:log(148)) - [id: 0x54d2baf2] REGISTERED
2024-08-06 06:55:24,483 [2c741729-621d-48c8-a79f-44c82515a6f1-NettyServerStreamRpc-bossGroup--thread1] INFO  logging.LoggingHandler (AbstractInternalLogger.java:log(148)) - [id: 0x54d2baf2] BIND: 0.0.0.0/0.0.0.0:15260
2024-08-06 06:55:24,483 [2c741729-621d-48c8-a79f-44c82515a6f1-NettyServerStreamRpc-bossGroup--thread1] INFO  logging.LoggingHandler (AbstractInternalLogger.java:log(148)) - [id: 0x54d2baf2, L:/0.0.0.0:15260] ACTIVE
2024-08-06 06:55:24,484 [2c741729-621d-48c8-a79f-44c82515a6f1-impl-thread1] INFO  server.RaftServer (RaftServerProxy.java:initGroupDir(266)) - 2c741729-621d-48c8-a79f-44c82515a6f1: found a subdirectory /home/runner/work/ozone/ozone/hadoop-ozone/integration-test/target/test-dir/MiniOzoneClusterImpl-0b493811-7be1-4111-9212-de561dacad59/ozone-meta/datanode-1/ratis/tmp
2024-08-06 06:55:24,484 [2c741729-621d-48c8-a79f-44c82515a6f1-impl-thread1] INFO  server.RaftServer (RaftServerProxy.java:initGroupDir(271)) - 2c741729-621d-48c8-a79f-44c82515a6f1: The directory /home/runner/work/ozone/ozone/hadoop-ozone/integration-test/target/test-dir/MiniOzoneClusterImpl-0b493811-7be1-4111-9212-de561dacad59/ozone-meta/datanode-1/ratis/tmp is not a group directory; ignoring it. 
2024-08-06 06:55:24,484 [main] INFO  replication.ReplicationServer (ReplicationServer.java:<init>(86)) - Initializing replication server with thread count = 10 queue length = 4096
2024-08-06 06:55:24,485 [main] INFO  server.XceiverServerGrpc (XceiverServerGrpc.java:<init>(141)) - GrpcServer channel type EpollServerSocketChannel
2024-08-06 06:55:24,486 [main] INFO  replication.ReplicationSupervisor (ReplicationSupervisor.java:build(157)) - Initializing replication supervisor with thread count = 10
2024-08-06 06:55:24,486 [main] INFO  replication.ReplicationSupervisor (ReplicationSupervisor.java:nodeStateUpdated(312)) - Node state updated to IN_SERVICE, scaling executor pool size to 10
2024-08-06 06:55:24,487 [main] INFO  http.BaseHttpServer (BaseHttpServer.java:newHttpServer2BuilderForOzone(223)) - Starting Web-server for hddsDatanode at: http://0.0.0.0:15254
2024-08-06 06:55:24,487 [main] INFO  http.BaseHttpServer (BaseHttpServer.java:<init>(110)) - Hadoop Security Enabled: false Ozone Security Enabled: false Ozone HTTP Security Enabled: false 
2024-08-06 06:55:24,488 [main] WARN  server.AuthenticationFilter (AuthenticationFilter.java:constructSecretProvider(240)) - Unable to initialize FileSignerSecretProvider, falling back to use random secrets. Reason: Could not read signature secret file: /home/runner/hadoop-http-auth-signature-secret
2024-08-06 06:55:24,488 [main] INFO  http.HttpRequestLog (HttpRequestLog.java:getRequestLog(86)) - Http request log for http.requests.hddsDatanode is not defined
2024-08-06 06:55:24,489 [main] INFO  http.HttpServer2 (HttpServer2.java:addGlobalFilter(1035)) - Added global filter 'safety' (class=org.apache.hadoop.hdds.server.http.HttpServer2$QuotingInputFilter)
2024-08-06 06:55:24,489 [main] INFO  http.HttpServer2 (HttpServer2.java:addFilter(1011)) - Added filter static_user_filter (class=org.apache.hadoop.http.lib.StaticUserWebFilter$StaticUserFilter) to context hddsDatanode
2024-08-06 06:55:24,489 [main] INFO  http.HttpServer2 (HttpServer2.java:addFilter(1019)) - Added filter static_user_filter (class=org.apache.hadoop.http.lib.StaticUserWebFilter$StaticUserFilter) to context logs
2024-08-06 06:55:24,489 [main] INFO  http.HttpServer2 (HttpServer2.java:addFilter(1019)) - Added filter static_user_filter (class=org.apache.hadoop.http.lib.StaticUserWebFilter$StaticUserFilter) to context static
2024-08-06 06:55:24,490 [main] INFO  http.BaseHttpServer (BaseHttpServer.java:<init>(189)) - HTTP server of hddsDatanode uses base directory /home/runner/work/ozone/ozone/hadoop-ozone/integration-test/target/test-dir/MiniOzoneClusterImpl-0b493811-7be1-4111-9212-de561dacad59/ozone-meta/datanode-1/meta/webserver
2024-08-06 06:55:24,490 [main] INFO  http.HttpServer2 (HttpServer2.java:bindListener(1235)) - Jetty bound to port 15254
2024-08-06 06:55:24,490 [main] INFO  server.Server (Server.java:doStart(375)) - jetty-9.4.55.v20240627; built: 2024-06-27T15:05:37.765Z; git: 70015831e5195ba74da6383c4ab7c90c56bb08af; jvm 17.0.12+7
2024-08-06 06:55:24,491 [main] INFO  server.session (DefaultSessionIdManager.java:doStart(334)) - DefaultSessionIdManager workerName=node0
2024-08-06 06:55:24,491 [main] INFO  server.session (DefaultSessionIdManager.java:doStart(339)) - No SessionScavenger set, using defaults
2024-08-06 06:55:24,491 [main] INFO  server.session (HouseKeeper.java:startScavenging(132)) - node0 Scavenging every 600000ms
2024-08-06 06:55:24,492 [main] INFO  handler.ContextHandler (ContextHandler.java:doStart(921)) - Started o.e.j.s.ServletContextHandler@53a7e677{logs,/logs,file:///home/runner/work/ozone/ozone/hadoop-ozone/integration-test/target/log,AVAILABLE}
2024-08-06 06:55:24,492 [main] INFO  handler.ContextHandler (ContextHandler.java:doStart(921)) - Started o.e.j.s.ServletContextHandler@24191de8{static,/static,jar:file:/home/runner/work/ozone/ozone/hadoop-hdds/container-service/target/hdds-container-service-1.5.0-SNAPSHOT.jar!/webapps/static,AVAILABLE}
2024-08-06 06:55:24,685 [main] INFO  handler.ContextHandler (ContextHandler.java:doStart(921)) - Started o.e.j.w.WebAppContext@181419c5{hddsDatanode,/,file:///home/runner/work/ozone/ozone/hadoop-ozone/integration-test/target/test-dir/MiniOzoneClusterImpl-0b493811-7be1-4111-9212-de561dacad59/ozone-meta/datanode-1/meta/webserver/jetty-0_0_0_0-15254-hdds-container-service-1_5_0-SNAPSHOT_jar-_-any-8351401142116140660/webapp/,AVAILABLE}{jar:file:/home/runner/work/ozone/ozone/hadoop-hdds/container-service/target/hdds-container-service-1.5.0-SNAPSHOT.jar!/webapps/hddsDatanode}
2024-08-06 06:55:24,686 [main] INFO  server.AbstractConnector (AbstractConnector.java:doStart(333)) - Started ServerConnector@ddd108b{HTTP/1.1, (http/1.1)}{0.0.0.0:15254}
2024-08-06 06:55:24,686 [main] INFO  server.Server (Server.java:doStart(415)) - Started @130126ms
2024-08-06 06:55:24,686 [main] WARN  impl.MetricsSystemImpl (MetricsSystemImpl.java:register(279)) - Sink prometheus already exists!
2024-08-06 06:55:24,686 [main] INFO  http.BaseHttpServer (BaseHttpServer.java:updateConnectorAddress(354)) - HTTP server of hddsDatanode listening at http://0.0.0.0:15254
2024-08-06 06:55:24,687 [main] INFO  ipc.CallQueueManager (CallQueueManager.java:<init>(90)) - Using callQueue: class java.util.concurrent.LinkedBlockingQueue, queueCapacity: 1000, scheduler: class org.apache.hadoop.ipc.DefaultRpcScheduler, ipcBackoff: false.
2024-08-06 06:55:24,687 [main] INFO  ipc.Server (Server.java:<init>(1287)) - Listener at 0.0.0.0:15255
2024-08-06 06:55:24,687 [Socket Reader #1 for port 15255] INFO  ipc.Server (Server.java:run(1323)) - Starting Socket Reader #1 for port 15255
2024-08-06 06:55:24,689 [main] INFO  ozone.HddsDatanodeService (HddsDatanodeService.java:start(319)) - Datanode start with admins: [runner]
2024-08-06 06:55:24,689 [main] INFO  ozone.HddsDatanodeClientProtocolServer (HddsDatanodeClientProtocolServer.java:start(77)) - RPC server for Client /0.0.0.0:15255
2024-08-06 06:55:24,689 [IPC Server Responder] INFO  ipc.Server (Server.java:run(1562)) - IPC Server Responder: starting
2024-08-06 06:55:24,689 [IPC Server listener on 15255] INFO  ipc.Server (Server.java:run(1402)) - IPC Server listener on 15255: starting
2024-08-06 06:55:24,690 [main] WARN  dropwizard3.Dm3MetricRegistriesImpl (Dm3MetricRegistriesImpl.java:addReporterRegistration(114)) - New reporters are added after registries were created. Some metrics will be missing from the reporter. Please add reporter before adding any new registry.
2024-08-06 06:55:24,691 [main] WARN  dropwizard3.Dm3MetricRegistriesImpl (Dm3MetricRegistriesImpl.java:addReporterRegistration(114)) - New reporters are added after registries were created. Some metrics will be missing from the reporter. Please add reporter before adding any new registry.
2024-08-06 06:55:24,691 [main] INFO  impl.MetricsSystemImpl (MetricsSystemImpl.java:init(158)) - HddsDatanode metrics system started (again)
2024-08-06 06:55:24,693 [2c741729-621d-48c8-a79f-44c82515a6f1-DatanodeStateMachineDaemonThread] INFO  statemachine.DatanodeStateMachine (DatanodeStateMachine.java:startStateMachineThread(335)) - Ozone container server started.
2024-08-06 06:55:24,695 [2c741729-621d-48c8-a79f-44c82515a6f1-DatanodeStateMachineTaskThread-0] INFO  datanode.InitDatanodeState (InitDatanodeState.java:persistContainerDatanodeDetails(139)) - DatanodeDetails is persisted to /home/runner/work/ozone/ozone/hadoop-ozone/integration-test/target/test-dir/MiniOzoneClusterImpl-0b493811-7be1-4111-9212-de561dacad59/ozone-meta/datanode-1/meta/datanode.id
2024-08-06 06:55:24,700 [main] INFO  ozone.HddsDatanodeService (HddsDatanodeService.java:start(235)) - HddsDatanodeService host:fv-az1978-46.2w4edfdvu40upgftlskuqyduge.dx.internal.cloudapp.net ip:10.1.0.4
2024-08-06 06:55:24,702 [main] INFO  upgrade.AbstractLayoutVersionManager (AbstractLayoutVersionManager.java:init(83)) - Initializing Layout version manager with metadata layout = HBASE_SUPPORT (version = 8), software layout = HBASE_SUPPORT (version = 8)
2024-08-06 06:55:24,703 [main] INFO  statemachine.DatanodeStateMachine (DatanodeStateMachine.java:getEndPointTaskThreadPoolSize(292)) - Datanode State Machine Task Thread Pool size 2
2024-08-06 06:55:24,704 [main] INFO  volume.HddsVolume (HddsVolume.java:<init>(126)) - Creating HddsVolume: /home/runner/work/ozone/ozone/hadoop-ozone/integration-test/target/test-dir/MiniOzoneClusterImpl-0b493811-7be1-4111-9212-de561dacad59/ozone-meta/datanode-2/data-0/hdds of storage type : DISK capacity : 9222449699674390527
2024-08-06 06:55:24,704 [main] INFO  volume.MutableVolumeSet (MutableVolumeSet.java:initializeVolumeSet(173)) - Added Volume : /home/runner/work/ozone/ozone/hadoop-ozone/integration-test/target/test-dir/MiniOzoneClusterImpl-0b493811-7be1-4111-9212-de561dacad59/ozone-meta/datanode-2/data-0/hdds to VolumeSet
2024-08-06 06:55:24,704 [main] INFO  volume.MutableVolumeSet (MutableVolumeSet.java:initializeVolumeSet(173)) - Added Volume : /home/runner/work/ozone/ozone/hadoop-ozone/integration-test/target/test-dir/MiniOzoneClusterImpl-0b493811-7be1-4111-9212-de561dacad59/ozone-meta/datanode-2/ratis to VolumeSet
2024-08-06 06:55:24,705 [main] INFO  ozoneimpl.OzoneContainer (HddsVolumeUtil.java:loadAllHddsVolumeDbStore(103)) - Load 1 volumes DbStore cost: 0ms
2024-08-06 06:55:24,706 [main] INFO  server.RaftServer (ConfUtils.java:logGet(46)) - raft.rpc.type = GRPC (default)
2024-08-06 06:55:24,706 [main] INFO  grpc.GrpcConfigKeys (ConfUtils.java:logFallback(53)) - raft.grpc.admin.host = null (fallback to raft.grpc.server.host)
2024-08-06 06:55:24,706 [main] INFO  grpc.GrpcConfigKeys (ConfUtils.java:logGet(46)) - raft.grpc.admin.port = 15266 (custom)
2024-08-06 06:55:24,707 [main] INFO  grpc.GrpcConfigKeys (ConfUtils.java:logFallback(53)) - raft.grpc.client.host = null (fallback to raft.grpc.server.host)
2024-08-06 06:55:24,707 [main] INFO  grpc.GrpcConfigKeys (ConfUtils.java:logGet(46)) - raft.grpc.client.port = 15266 (custom)
2024-08-06 06:55:24,707 [main] INFO  grpc.GrpcConfigKeys (ConfUtils.java:logGet(46)) - raft.grpc.server.host = null (default)
2024-08-06 06:55:24,707 [main] INFO  grpc.GrpcConfigKeys (ConfUtils.java:logGet(46)) - raft.grpc.server.port = 15266 (custom)
2024-08-06 06:55:24,707 [main] INFO  server.GrpcService (ConfUtils.java:logGet(46)) - raft.grpc.message.size.max = 32MB (=33554432) (custom)
2024-08-06 06:55:24,707 [main] INFO  server.RaftServerConfigKeys (ConfUtils.java:logGet(46)) - raft.server.log.appender.buffer.byte-limit = 8388608 (custom)
2024-08-06 06:55:24,707 [main] INFO  server.GrpcService (ConfUtils.java:logGet(46)) - raft.grpc.flow.control.window = 5MB (=5242880) (custom)
2024-08-06 06:55:24,707 [main] INFO  server.RaftServerConfigKeys (ConfUtils.java:logGet(46)) - raft.server.rpc.request.timeout = 60s (custom)
2024-08-06 06:55:24,707 [main] INFO  grpc.GrpcConfigKeys (ConfUtils.java:logGet(46)) - raft.grpc.server.heartbeat.channel = true (default)
2024-08-06 06:55:24,707 [main] INFO  grpc.GrpcConfigKeys (ConfUtils.java:logGet(46)) - raft.grpc.server.async.request.thread.pool.cached = true (default)
2024-08-06 06:55:24,707 [main] INFO  grpc.GrpcConfigKeys (ConfUtils.java:logGet(46)) - raft.grpc.server.async.request.thread.pool.size = 32 (default)
2024-08-06 06:55:24,708 [main] INFO  impl.DataStreamServerImpl (ConfUtils.java:logGet(46)) - raft.datastream.type = NETTY (custom)
2024-08-06 06:55:24,708 [main] INFO  server.RaftServerConfigKeys (ConfUtils.java:logGet(46)) - raft.server.data-stream.async.request.thread.pool.cached = false (default)
2024-08-06 06:55:24,708 [main] INFO  server.RaftServerConfigKeys (ConfUtils.java:logGet(46)) - raft.server.data-stream.async.request.thread.pool.size = 20 (custom)
2024-08-06 06:55:24,708 [main] INFO  server.RaftServerConfigKeys (ConfUtils.java:logGet(46)) - raft.server.data-stream.async.write.thread.pool.size = 16 (default)
2024-08-06 06:55:24,709 [main] INFO  netty.NettyConfigKeys$DataStream (ConfUtils.java:logGet(46)) - raft.netty.dataStream.server.channel.inactive.grace-period = 10min (default)
2024-08-06 06:55:24,709 [main] INFO  server.RaftServerConfigKeys (ConfUtils.java:logGet(46)) - raft.server.data-stream.client.pool.size = 10 (default)
2024-08-06 06:55:24,709 [main] INFO  netty.NettyConfigKeys$DataStream (ConfUtils.java:logGet(46)) - raft.netty.dataStream.server.use-epoll = true (default)
2024-08-06 06:55:24,709 [main] INFO  netty.NettyConfigKeys$DataStream (ConfUtils.java:logGet(46)) - raft.netty.dataStream.server.boss-group.size = 0 (default)
2024-08-06 06:55:24,709 [main] INFO  netty.NettyUtils (NettyUtils.java:newEventLoopGroup(74)) - Create EpollEventLoopGroup for 4d58d409-0470-47bf-8499-813befc157d5-NettyServerStreamRpc-bossGroup; Thread size is 0.
2024-08-06 06:55:24,709 [main] INFO  netty.NettyConfigKeys$DataStream (ConfUtils.java:logGet(46)) - raft.netty.dataStream.server.worker-group.size = 0 (default)
2024-08-06 06:55:24,709 [main] INFO  netty.NettyUtils (NettyUtils.java:newEventLoopGroup(74)) - Create EpollEventLoopGroup for 4d58d409-0470-47bf-8499-813befc157d5-NettyServerStreamRpc-workerGroup; Thread size is 0.
2024-08-06 06:55:24,710 [main] INFO  netty.NettyConfigKeys$DataStream (ConfUtils.java:logGet(46)) - raft.netty.dataStream.server.tls.conf = null (default)
2024-08-06 06:55:24,710 [main] INFO  netty.NettyConfigKeys$DataStream (ConfUtils.java:logGet(46)) - raft.netty.dataStream.host = null (default)
2024-08-06 06:55:24,710 [main] INFO  netty.NettyConfigKeys$DataStream (ConfUtils.java:logGet(46)) - raft.netty.dataStream.port = 15269 (custom)
2024-08-06 06:55:24,710 [main] INFO  server.RaftServerConfigKeys (ConfUtils.java:logGet(46)) - raft.server.sleep.deviation.threshold = 300ms (default)
2024-08-06 06:55:24,710 [main] INFO  server.RaftServerConfigKeys (ConfUtils.java:logGet(46)) - raft.server.close.threshold = 60s (default)
2024-08-06 06:55:24,711 [main] INFO  server.RaftServerConfigKeys (ConfUtils.java:logGet(46)) - raft.server.leaderelection.leader.step-down.wait-time = 10s (default)
2024-08-06 06:55:24,711 [main] INFO  server.RaftServerConfigKeys (ConfUtils.java:logGet(46)) - raft.server.storage.dir = [/home/runner/work/ozone/ozone/hadoop-ozone/integration-test/target/test-dir/MiniOzoneClusterImpl-0b493811-7be1-4111-9212-de561dacad59/ozone-meta/datanode-2/ratis] (custom)
2024-08-06 06:55:24,711 [main] INFO  server.RaftServerConfigKeys (ConfUtils.java:logGet(46)) - raft.server.threadpool.proxy.cached = true (default)
2024-08-06 06:55:24,711 [main] INFO  server.RaftServerConfigKeys (ConfUtils.java:logGet(46)) - raft.server.threadpool.proxy.size = 0 (default)
2024-08-06 06:55:24,711 [4d58d409-0470-47bf-8499-813befc157d5-impl-thread1] INFO  server.RaftServer (RaftServerProxy.java:initGroupDir(266)) - 4d58d409-0470-47bf-8499-813befc157d5: found a subdirectory /home/runner/work/ozone/ozone/hadoop-ozone/integration-test/target/test-dir/MiniOzoneClusterImpl-0b493811-7be1-4111-9212-de561dacad59/ozone-meta/datanode-2/ratis/tmp
2024-08-06 06:55:24,711 [4d58d409-0470-47bf-8499-813befc157d5-impl-thread1] INFO  server.RaftServer (RaftServerProxy.java:initGroupDir(271)) - 4d58d409-0470-47bf-8499-813befc157d5: The directory /home/runner/work/ozone/ozone/hadoop-ozone/integration-test/target/test-dir/MiniOzoneClusterImpl-0b493811-7be1-4111-9212-de561dacad59/ozone-meta/datanode-2/ratis/tmp is not a group directory; ignoring it. 
2024-08-06 06:55:24,712 [main] INFO  replication.ReplicationServer (ReplicationServer.java:<init>(86)) - Initializing replication server with thread count = 10 queue length = 4096
2024-08-06 06:55:24,712 [main] INFO  server.XceiverServerGrpc (XceiverServerGrpc.java:<init>(141)) - GrpcServer channel type EpollServerSocketChannel
2024-08-06 06:55:24,713 [4d58d409-0470-47bf-8499-813befc157d5-NettyServerStreamRpc-bossGroup--thread1] INFO  logging.LoggingHandler (AbstractInternalLogger.java:log(148)) - [id: 0xe4c16e86] REGISTERED
2024-08-06 06:55:24,713 [4d58d409-0470-47bf-8499-813befc157d5-NettyServerStreamRpc-bossGroup--thread1] INFO  logging.LoggingHandler (AbstractInternalLogger.java:log(148)) - [id: 0xe4c16e86] BIND: 0.0.0.0/0.0.0.0:15269
2024-08-06 06:55:24,713 [4d58d409-0470-47bf-8499-813befc157d5-NettyServerStreamRpc-bossGroup--thread1] INFO  logging.LoggingHandler (AbstractInternalLogger.java:log(148)) - [id: 0xe4c16e86, L:/0.0.0.0:15269] ACTIVE
2024-08-06 06:55:24,713 [main] INFO  replication.ReplicationSupervisor (ReplicationSupervisor.java:build(157)) - Initializing replication supervisor with thread count = 10
2024-08-06 06:55:24,713 [main] INFO  replication.ReplicationSupervisor (ReplicationSupervisor.java:nodeStateUpdated(312)) - Node state updated to IN_SERVICE, scaling executor pool size to 10
2024-08-06 06:55:24,715 [main] INFO  http.BaseHttpServer (BaseHttpServer.java:newHttpServer2BuilderForOzone(223)) - Starting Web-server for hddsDatanode at: http://0.0.0.0:15263
2024-08-06 06:55:24,715 [main] INFO  http.BaseHttpServer (BaseHttpServer.java:<init>(110)) - Hadoop Security Enabled: false Ozone Security Enabled: false Ozone HTTP Security Enabled: false 
2024-08-06 06:55:24,716 [main] WARN  server.AuthenticationFilter (AuthenticationFilter.java:constructSecretProvider(240)) - Unable to initialize FileSignerSecretProvider, falling back to use random secrets. Reason: Could not read signature secret file: /home/runner/hadoop-http-auth-signature-secret
2024-08-06 06:55:24,716 [main] INFO  http.HttpRequestLog (HttpRequestLog.java:getRequestLog(86)) - Http request log for http.requests.hddsDatanode is not defined
2024-08-06 06:55:24,717 [main] INFO  http.HttpServer2 (HttpServer2.java:addGlobalFilter(1035)) - Added global filter 'safety' (class=org.apache.hadoop.hdds.server.http.HttpServer2$QuotingInputFilter)
2024-08-06 06:55:24,717 [main] INFO  http.HttpServer2 (HttpServer2.java:addFilter(1011)) - Added filter static_user_filter (class=org.apache.hadoop.http.lib.StaticUserWebFilter$StaticUserFilter) to context hddsDatanode
2024-08-06 06:55:24,717 [main] INFO  http.HttpServer2 (HttpServer2.java:addFilter(1019)) - Added filter static_user_filter (class=org.apache.hadoop.http.lib.StaticUserWebFilter$StaticUserFilter) to context logs
2024-08-06 06:55:24,717 [main] INFO  http.HttpServer2 (HttpServer2.java:addFilter(1019)) - Added filter static_user_filter (class=org.apache.hadoop.http.lib.StaticUserWebFilter$StaticUserFilter) to context static
2024-08-06 06:55:24,718 [main] INFO  http.BaseHttpServer (BaseHttpServer.java:<init>(189)) - HTTP server of hddsDatanode uses base directory /home/runner/work/ozone/ozone/hadoop-ozone/integration-test/target/test-dir/MiniOzoneClusterImpl-0b493811-7be1-4111-9212-de561dacad59/ozone-meta/datanode-2/meta/webserver
2024-08-06 06:55:24,718 [main] INFO  http.HttpServer2 (HttpServer2.java:bindListener(1235)) - Jetty bound to port 15263
2024-08-06 06:55:24,718 [main] INFO  server.Server (Server.java:doStart(375)) - jetty-9.4.55.v20240627; built: 2024-06-27T15:05:37.765Z; git: 70015831e5195ba74da6383c4ab7c90c56bb08af; jvm 17.0.12+7
2024-08-06 06:55:24,719 [main] INFO  server.session (DefaultSessionIdManager.java:doStart(334)) - DefaultSessionIdManager workerName=node0
2024-08-06 06:55:24,719 [main] INFO  server.session (DefaultSessionIdManager.java:doStart(339)) - No SessionScavenger set, using defaults
2024-08-06 06:55:24,719 [main] INFO  server.session (HouseKeeper.java:startScavenging(132)) - node0 Scavenging every 600000ms
2024-08-06 06:55:24,720 [main] INFO  handler.ContextHandler (ContextHandler.java:doStart(921)) - Started o.e.j.s.ServletContextHandler@6e1d2e9f{logs,/logs,file:///home/runner/work/ozone/ozone/hadoop-ozone/integration-test/target/log,AVAILABLE}
2024-08-06 06:55:24,720 [main] INFO  handler.ContextHandler (ContextHandler.java:doStart(921)) - Started o.e.j.s.ServletContextHandler@45fa6a07{static,/static,jar:file:/home/runner/work/ozone/ozone/hadoop-hdds/container-service/target/hdds-container-service-1.5.0-SNAPSHOT.jar!/webapps/static,AVAILABLE}
2024-08-06 06:55:24,909 [main] INFO  handler.ContextHandler (ContextHandler.java:doStart(921)) - Started o.e.j.w.WebAppContext@1a02fe78{hddsDatanode,/,file:///home/runner/work/ozone/ozone/hadoop-ozone/integration-test/target/test-dir/MiniOzoneClusterImpl-0b493811-7be1-4111-9212-de561dacad59/ozone-meta/datanode-2/meta/webserver/jetty-0_0_0_0-15263-hdds-container-service-1_5_0-SNAPSHOT_jar-_-any-18166894920230140693/webapp/,AVAILABLE}{jar:file:/home/runner/work/ozone/ozone/hadoop-hdds/container-service/target/hdds-container-service-1.5.0-SNAPSHOT.jar!/webapps/hddsDatanode}
2024-08-06 06:55:24,909 [main] INFO  server.AbstractConnector (AbstractConnector.java:doStart(333)) - Started ServerConnector@40ae6e43{HTTP/1.1, (http/1.1)}{0.0.0.0:15263}
2024-08-06 06:55:24,910 [main] INFO  server.Server (Server.java:doStart(415)) - Started @130350ms
2024-08-06 06:55:24,910 [main] WARN  impl.MetricsSystemImpl (MetricsSystemImpl.java:register(279)) - Sink prometheus already exists!
2024-08-06 06:55:24,910 [main] INFO  http.BaseHttpServer (BaseHttpServer.java:updateConnectorAddress(354)) - HTTP server of hddsDatanode listening at http://0.0.0.0:15263
2024-08-06 06:55:24,911 [main] INFO  ipc.CallQueueManager (CallQueueManager.java:<init>(90)) - Using callQueue: class java.util.concurrent.LinkedBlockingQueue, queueCapacity: 1000, scheduler: class org.apache.hadoop.ipc.DefaultRpcScheduler, ipcBackoff: false.
2024-08-06 06:55:24,911 [main] INFO  ipc.Server (Server.java:<init>(1287)) - Listener at 0.0.0.0:15264
2024-08-06 06:55:24,911 [Socket Reader #1 for port 15264] INFO  ipc.Server (Server.java:run(1323)) - Starting Socket Reader #1 for port 15264
2024-08-06 06:55:24,913 [main] INFO  ozone.HddsDatanodeService (HddsDatanodeService.java:start(319)) - Datanode start with admins: [runner]
2024-08-06 06:55:24,913 [main] INFO  ozone.HddsDatanodeClientProtocolServer (HddsDatanodeClientProtocolServer.java:start(77)) - RPC server for Client /0.0.0.0:15264
2024-08-06 06:55:24,913 [IPC Server Responder] INFO  ipc.Server (Server.java:run(1562)) - IPC Server Responder: starting
2024-08-06 06:55:24,914 [IPC Server listener on 15264] INFO  ipc.Server (Server.java:run(1402)) - IPC Server listener on 15264: starting
2024-08-06 06:55:24,915 [main] WARN  dropwizard3.Dm3MetricRegistriesImpl (Dm3MetricRegistriesImpl.java:addReporterRegistration(114)) - New reporters are added after registries were created. Some metrics will be missing from the reporter. Please add reporter before adding any new registry.
2024-08-06 06:55:24,916 [main] WARN  dropwizard3.Dm3MetricRegistriesImpl (Dm3MetricRegistriesImpl.java:addReporterRegistration(114)) - New reporters are added after registries were created. Some metrics will be missing from the reporter. Please add reporter before adding any new registry.
2024-08-06 06:55:24,916 [main] INFO  impl.MetricsSystemImpl (MetricsSystemImpl.java:init(158)) - HddsDatanode metrics system started (again)
2024-08-06 06:55:24,916 [4d58d409-0470-47bf-8499-813befc157d5-DatanodeStateMachineDaemonThread] INFO  statemachine.DatanodeStateMachine (DatanodeStateMachine.java:startStateMachineThread(335)) - Ozone container server started.
2024-08-06 06:55:24,925 [main] INFO  ozone.HddsDatanodeService (HddsDatanodeService.java:start(235)) - HddsDatanodeService host:fv-az1978-46.2w4edfdvu40upgftlskuqyduge.dx.internal.cloudapp.net ip:10.1.0.4
2024-08-06 06:55:24,926 [4d58d409-0470-47bf-8499-813befc157d5-DatanodeStateMachineTaskThread-0] INFO  datanode.InitDatanodeState (InitDatanodeState.java:persistContainerDatanodeDetails(139)) - DatanodeDetails is persisted to /home/runner/work/ozone/ozone/hadoop-ozone/integration-test/target/test-dir/MiniOzoneClusterImpl-0b493811-7be1-4111-9212-de561dacad59/ozone-meta/datanode-2/meta/datanode.id
2024-08-06 06:55:24,931 [main] INFO  upgrade.AbstractLayoutVersionManager (AbstractLayoutVersionManager.java:init(83)) - Initializing Layout version manager with metadata layout = HBASE_SUPPORT (version = 8), software layout = HBASE_SUPPORT (version = 8)
2024-08-06 06:55:24,931 [main] INFO  statemachine.DatanodeStateMachine (DatanodeStateMachine.java:getEndPointTaskThreadPoolSize(292)) - Datanode State Machine Task Thread Pool size 2
2024-08-06 06:55:24,933 [main] INFO  volume.HddsVolume (HddsVolume.java:<init>(126)) - Creating HddsVolume: /home/runner/work/ozone/ozone/hadoop-ozone/integration-test/target/test-dir/MiniOzoneClusterImpl-0b493811-7be1-4111-9212-de561dacad59/ozone-meta/datanode-3/data-0/hdds of storage type : DISK capacity : 9222449699674390527
2024-08-06 06:55:24,933 [main] INFO  volume.MutableVolumeSet (MutableVolumeSet.java:initializeVolumeSet(173)) - Added Volume : /home/runner/work/ozone/ozone/hadoop-ozone/integration-test/target/test-dir/MiniOzoneClusterImpl-0b493811-7be1-4111-9212-de561dacad59/ozone-meta/datanode-3/data-0/hdds to VolumeSet
2024-08-06 06:55:24,934 [main] INFO  volume.MutableVolumeSet (MutableVolumeSet.java:initializeVolumeSet(173)) - Added Volume : /home/runner/work/ozone/ozone/hadoop-ozone/integration-test/target/test-dir/MiniOzoneClusterImpl-0b493811-7be1-4111-9212-de561dacad59/ozone-meta/datanode-3/ratis to VolumeSet
2024-08-06 06:55:24,935 [main] INFO  ozoneimpl.OzoneContainer (HddsVolumeUtil.java:loadAllHddsVolumeDbStore(103)) - Load 1 volumes DbStore cost: 0ms
2024-08-06 06:55:24,936 [main] INFO  server.RaftServer (ConfUtils.java:logGet(46)) - raft.rpc.type = GRPC (default)
2024-08-06 06:55:24,937 [main] INFO  grpc.GrpcConfigKeys (ConfUtils.java:logFallback(53)) - raft.grpc.admin.host = null (fallback to raft.grpc.server.host)
2024-08-06 06:55:24,937 [main] INFO  grpc.GrpcConfigKeys (ConfUtils.java:logGet(46)) - raft.grpc.admin.port = 15275 (custom)
2024-08-06 06:55:24,937 [main] INFO  grpc.GrpcConfigKeys (ConfUtils.java:logFallback(53)) - raft.grpc.client.host = null (fallback to raft.grpc.server.host)
2024-08-06 06:55:24,937 [main] INFO  grpc.GrpcConfigKeys (ConfUtils.java:logGet(46)) - raft.grpc.client.port = 15275 (custom)
2024-08-06 06:55:24,937 [main] INFO  grpc.GrpcConfigKeys (ConfUtils.java:logGet(46)) - raft.grpc.server.host = null (default)
2024-08-06 06:55:24,937 [main] INFO  grpc.GrpcConfigKeys (ConfUtils.java:logGet(46)) - raft.grpc.server.port = 15275 (custom)
2024-08-06 06:55:24,937 [main] INFO  server.GrpcService (ConfUtils.java:logGet(46)) - raft.grpc.message.size.max = 32MB (=33554432) (custom)
2024-08-06 06:55:24,937 [main] INFO  server.RaftServerConfigKeys (ConfUtils.java:logGet(46)) - raft.server.log.appender.buffer.byte-limit = 8388608 (custom)
2024-08-06 06:55:24,938 [main] INFO  server.GrpcService (ConfUtils.java:logGet(46)) - raft.grpc.flow.control.window = 5MB (=5242880) (custom)
2024-08-06 06:55:24,938 [main] INFO  server.RaftServerConfigKeys (ConfUtils.java:logGet(46)) - raft.server.rpc.request.timeout = 60s (custom)
2024-08-06 06:55:24,938 [main] INFO  grpc.GrpcConfigKeys (ConfUtils.java:logGet(46)) - raft.grpc.server.heartbeat.channel = true (default)
2024-08-06 06:55:24,938 [main] INFO  grpc.GrpcConfigKeys (ConfUtils.java:logGet(46)) - raft.grpc.server.async.request.thread.pool.cached = true (default)
2024-08-06 06:55:24,938 [main] INFO  grpc.GrpcConfigKeys (ConfUtils.java:logGet(46)) - raft.grpc.server.async.request.thread.pool.size = 32 (default)
2024-08-06 06:55:24,939 [main] INFO  impl.DataStreamServerImpl (ConfUtils.java:logGet(46)) - raft.datastream.type = NETTY (custom)
2024-08-06 06:55:24,939 [main] INFO  server.RaftServerConfigKeys (ConfUtils.java:logGet(46)) - raft.server.data-stream.async.request.thread.pool.cached = false (default)
2024-08-06 06:55:24,939 [main] INFO  server.RaftServerConfigKeys (ConfUtils.java:logGet(46)) - raft.server.data-stream.async.request.thread.pool.size = 20 (custom)
2024-08-06 06:55:24,940 [main] INFO  server.RaftServerConfigKeys (ConfUtils.java:logGet(46)) - raft.server.data-stream.async.write.thread.pool.size = 16 (default)
2024-08-06 06:55:24,940 [main] INFO  netty.NettyConfigKeys$DataStream (ConfUtils.java:logGet(46)) - raft.netty.dataStream.server.channel.inactive.grace-period = 10min (default)
2024-08-06 06:55:24,940 [main] INFO  server.RaftServerConfigKeys (ConfUtils.java:logGet(46)) - raft.server.data-stream.client.pool.size = 10 (default)
2024-08-06 06:55:24,940 [main] INFO  netty.NettyConfigKeys$DataStream (ConfUtils.java:logGet(46)) - raft.netty.dataStream.server.use-epoll = true (default)
2024-08-06 06:55:24,940 [main] INFO  netty.NettyConfigKeys$DataStream (ConfUtils.java:logGet(46)) - raft.netty.dataStream.server.boss-group.size = 0 (default)
2024-08-06 06:55:24,940 [main] INFO  netty.NettyUtils (NettyUtils.java:newEventLoopGroup(74)) - Create EpollEventLoopGroup for 701c4ea6-6f91-4e49-a6f7-7c8a32a91528-NettyServerStreamRpc-bossGroup; Thread size is 0.
2024-08-06 06:55:24,940 [main] INFO  netty.NettyConfigKeys$DataStream (ConfUtils.java:logGet(46)) - raft.netty.dataStream.server.worker-group.size = 0 (default)
2024-08-06 06:55:24,940 [main] INFO  netty.NettyUtils (NettyUtils.java:newEventLoopGroup(74)) - Create EpollEventLoopGroup for 701c4ea6-6f91-4e49-a6f7-7c8a32a91528-NettyServerStreamRpc-workerGroup; Thread size is 0.
2024-08-06 06:55:24,941 [main] INFO  netty.NettyConfigKeys$DataStream (ConfUtils.java:logGet(46)) - raft.netty.dataStream.server.tls.conf = null (default)
2024-08-06 06:55:24,941 [main] INFO  netty.NettyConfigKeys$DataStream (ConfUtils.java:logGet(46)) - raft.netty.dataStream.host = null (default)
2024-08-06 06:55:24,941 [main] INFO  netty.NettyConfigKeys$DataStream (ConfUtils.java:logGet(46)) - raft.netty.dataStream.port = 15278 (custom)
2024-08-06 06:55:24,941 [main] INFO  server.RaftServerConfigKeys (ConfUtils.java:logGet(46)) - raft.server.sleep.deviation.threshold = 300ms (default)
2024-08-06 06:55:24,941 [main] INFO  server.RaftServerConfigKeys (ConfUtils.java:logGet(46)) - raft.server.close.threshold = 60s (default)
2024-08-06 06:55:24,942 [main] INFO  server.RaftServerConfigKeys (ConfUtils.java:logGet(46)) - raft.server.leaderelection.leader.step-down.wait-time = 10s (default)
2024-08-06 06:55:24,942 [701c4ea6-6f91-4e49-a6f7-7c8a32a91528-NettyServerStreamRpc-bossGroup--thread1] INFO  logging.LoggingHandler (AbstractInternalLogger.java:log(148)) - [id: 0x1cf622cf] REGISTERED
2024-08-06 06:55:24,942 [701c4ea6-6f91-4e49-a6f7-7c8a32a91528-NettyServerStreamRpc-bossGroup--thread1] INFO  logging.LoggingHandler (AbstractInternalLogger.java:log(148)) - [id: 0x1cf622cf] BIND: 0.0.0.0/0.0.0.0:15278
2024-08-06 06:55:24,942 [701c4ea6-6f91-4e49-a6f7-7c8a32a91528-NettyServerStreamRpc-bossGroup--thread1] INFO  logging.LoggingHandler (AbstractInternalLogger.java:log(148)) - [id: 0x1cf622cf, L:/0.0.0.0:15278] ACTIVE
2024-08-06 06:55:24,942 [main] INFO  server.RaftServerConfigKeys (ConfUtils.java:logGet(46)) - raft.server.storage.dir = [/home/runner/work/ozone/ozone/hadoop-ozone/integration-test/target/test-dir/MiniOzoneClusterImpl-0b493811-7be1-4111-9212-de561dacad59/ozone-meta/datanode-3/ratis] (custom)
2024-08-06 06:55:24,943 [main] INFO  server.RaftServerConfigKeys (ConfUtils.java:logGet(46)) - raft.server.threadpool.proxy.cached = true (default)
2024-08-06 06:55:24,943 [main] INFO  server.RaftServerConfigKeys (ConfUtils.java:logGet(46)) - raft.server.threadpool.proxy.size = 0 (default)
2024-08-06 06:55:24,943 [701c4ea6-6f91-4e49-a6f7-7c8a32a91528-impl-thread1] INFO  server.RaftServer (RaftServerProxy.java:initGroupDir(266)) - 701c4ea6-6f91-4e49-a6f7-7c8a32a91528: found a subdirectory /home/runner/work/ozone/ozone/hadoop-ozone/integration-test/target/test-dir/MiniOzoneClusterImpl-0b493811-7be1-4111-9212-de561dacad59/ozone-meta/datanode-3/ratis/tmp
2024-08-06 06:55:24,943 [701c4ea6-6f91-4e49-a6f7-7c8a32a91528-impl-thread1] INFO  server.RaftServer (RaftServerProxy.java:initGroupDir(271)) - 701c4ea6-6f91-4e49-a6f7-7c8a32a91528: The directory /home/runner/work/ozone/ozone/hadoop-ozone/integration-test/target/test-dir/MiniOzoneClusterImpl-0b493811-7be1-4111-9212-de561dacad59/ozone-meta/datanode-3/ratis/tmp is not a group directory; ignoring it. 
2024-08-06 06:55:24,943 [main] INFO  replication.ReplicationServer (ReplicationServer.java:<init>(86)) - Initializing replication server with thread count = 10 queue length = 4096
2024-08-06 06:55:24,944 [main] INFO  server.XceiverServerGrpc (XceiverServerGrpc.java:<init>(141)) - GrpcServer channel type EpollServerSocketChannel
2024-08-06 06:55:24,945 [main] INFO  replication.ReplicationSupervisor (ReplicationSupervisor.java:build(157)) - Initializing replication supervisor with thread count = 10
2024-08-06 06:55:24,946 [main] INFO  replication.ReplicationSupervisor (ReplicationSupervisor.java:nodeStateUpdated(312)) - Node state updated to IN_SERVICE, scaling executor pool size to 10
2024-08-06 06:55:24,948 [main] INFO  http.BaseHttpServer (BaseHttpServer.java:newHttpServer2BuilderForOzone(223)) - Starting Web-server for hddsDatanode at: http://0.0.0.0:15272
2024-08-06 06:55:24,948 [main] INFO  http.BaseHttpServer (BaseHttpServer.java:<init>(110)) - Hadoop Security Enabled: false Ozone Security Enabled: false Ozone HTTP Security Enabled: false 
2024-08-06 06:55:24,949 [main] WARN  server.AuthenticationFilter (AuthenticationFilter.java:constructSecretProvider(240)) - Unable to initialize FileSignerSecretProvider, falling back to use random secrets. Reason: Could not read signature secret file: /home/runner/hadoop-http-auth-signature-secret
2024-08-06 06:55:24,950 [main] INFO  http.HttpRequestLog (HttpRequestLog.java:getRequestLog(86)) - Http request log for http.requests.hddsDatanode is not defined
2024-08-06 06:55:24,950 [main] INFO  http.HttpServer2 (HttpServer2.java:addGlobalFilter(1035)) - Added global filter 'safety' (class=org.apache.hadoop.hdds.server.http.HttpServer2$QuotingInputFilter)
2024-08-06 06:55:24,951 [main] INFO  http.HttpServer2 (HttpServer2.java:addFilter(1011)) - Added filter static_user_filter (class=org.apache.hadoop.http.lib.StaticUserWebFilter$StaticUserFilter) to context hddsDatanode
2024-08-06 06:55:24,951 [main] INFO  http.HttpServer2 (HttpServer2.java:addFilter(1019)) - Added filter static_user_filter (class=org.apache.hadoop.http.lib.StaticUserWebFilter$StaticUserFilter) to context logs
2024-08-06 06:55:24,952 [main] INFO  http.HttpServer2 (HttpServer2.java:addFilter(1019)) - Added filter static_user_filter (class=org.apache.hadoop.http.lib.StaticUserWebFilter$StaticUserFilter) to context static
2024-08-06 06:55:24,952 [main] INFO  http.BaseHttpServer (BaseHttpServer.java:<init>(189)) - HTTP server of hddsDatanode uses base directory /home/runner/work/ozone/ozone/hadoop-ozone/integration-test/target/test-dir/MiniOzoneClusterImpl-0b493811-7be1-4111-9212-de561dacad59/ozone-meta/datanode-3/meta/webserver
2024-08-06 06:55:24,953 [main] INFO  http.HttpServer2 (HttpServer2.java:bindListener(1235)) - Jetty bound to port 15272
2024-08-06 06:55:24,953 [main] INFO  server.Server (Server.java:doStart(375)) - jetty-9.4.55.v20240627; built: 2024-06-27T15:05:37.765Z; git: 70015831e5195ba74da6383c4ab7c90c56bb08af; jvm 17.0.12+7
2024-08-06 06:55:24,954 [main] INFO  server.session (DefaultSessionIdManager.java:doStart(334)) - DefaultSessionIdManager workerName=node0
2024-08-06 06:55:24,954 [main] INFO  server.session (DefaultSessionIdManager.java:doStart(339)) - No SessionScavenger set, using defaults
2024-08-06 06:55:24,954 [main] INFO  server.session (HouseKeeper.java:startScavenging(132)) - node0 Scavenging every 660000ms
2024-08-06 06:55:24,955 [main] INFO  handler.ContextHandler (ContextHandler.java:doStart(921)) - Started o.e.j.s.ServletContextHandler@6c171b61{logs,/logs,file:///home/runner/work/ozone/ozone/hadoop-ozone/integration-test/target/log,AVAILABLE}
2024-08-06 06:55:24,955 [main] INFO  handler.ContextHandler (ContextHandler.java:doStart(921)) - Started o.e.j.s.ServletContextHandler@13fda4b0{static,/static,jar:file:/home/runner/work/ozone/ozone/hadoop-hdds/container-service/target/hdds-container-service-1.5.0-SNAPSHOT.jar!/webapps/static,AVAILABLE}
2024-08-06 06:55:25,144 [main] INFO  handler.ContextHandler (ContextHandler.java:doStart(921)) - Started o.e.j.w.WebAppContext@177cc9c5{hddsDatanode,/,file:///home/runner/work/ozone/ozone/hadoop-ozone/integration-test/target/test-dir/MiniOzoneClusterImpl-0b493811-7be1-4111-9212-de561dacad59/ozone-meta/datanode-3/meta/webserver/jetty-0_0_0_0-15272-hdds-container-service-1_5_0-SNAPSHOT_jar-_-any-15642304552963551376/webapp/,AVAILABLE}{jar:file:/home/runner/work/ozone/ozone/hadoop-hdds/container-service/target/hdds-container-service-1.5.0-SNAPSHOT.jar!/webapps/hddsDatanode}
2024-08-06 06:55:25,144 [main] INFO  server.AbstractConnector (AbstractConnector.java:doStart(333)) - Started ServerConnector@376a03f9{HTTP/1.1, (http/1.1)}{0.0.0.0:15272}
2024-08-06 06:55:25,145 [main] INFO  server.Server (Server.java:doStart(415)) - Started @130585ms
2024-08-06 06:55:25,145 [main] WARN  impl.MetricsSystemImpl (MetricsSystemImpl.java:register(279)) - Sink prometheus already exists!
2024-08-06 06:55:25,145 [main] INFO  http.BaseHttpServer (BaseHttpServer.java:updateConnectorAddress(354)) - HTTP server of hddsDatanode listening at http://0.0.0.0:15272
2024-08-06 06:55:25,146 [main] INFO  ipc.CallQueueManager (CallQueueManager.java:<init>(90)) - Using callQueue: class java.util.concurrent.LinkedBlockingQueue, queueCapacity: 1000, scheduler: class org.apache.hadoop.ipc.DefaultRpcScheduler, ipcBackoff: false.
2024-08-06 06:55:25,146 [main] INFO  ipc.Server (Server.java:<init>(1287)) - Listener at 0.0.0.0:15273
2024-08-06 06:55:25,146 [Socket Reader #1 for port 15273] INFO  ipc.Server (Server.java:run(1323)) - Starting Socket Reader #1 for port 15273
2024-08-06 06:55:25,147 [main] INFO  ozone.HddsDatanodeService (HddsDatanodeService.java:start(319)) - Datanode start with admins: [runner]
2024-08-06 06:55:25,147 [main] INFO  ozone.HddsDatanodeClientProtocolServer (HddsDatanodeClientProtocolServer.java:start(77)) - RPC server for Client /0.0.0.0:15273
2024-08-06 06:55:25,148 [IPC Server Responder] INFO  ipc.Server (Server.java:run(1562)) - IPC Server Responder: starting
2024-08-06 06:55:25,148 [IPC Server listener on 15273] INFO  ipc.Server (Server.java:run(1402)) - IPC Server listener on 15273: starting
2024-08-06 06:55:25,150 [main] INFO  ozone.MiniOzoneClusterImpl (MiniOzoneClusterImpl.java:lambda$waitForClusterToBeReady$0(198)) - Waiting for nodes to be ready. Got 0 of 3 DN Heartbeats.
2024-08-06 06:55:25,150 [main] INFO  ozone.MiniOzoneClusterImpl (MiniOzoneClusterImpl.java:lambda$waitForClusterToBeReady$0(201)) - Waiting for cluster to exit safe mode
2024-08-06 06:55:25,150 [main] INFO  ozone.MiniOzoneClusterImpl (MiniOzoneClusterImpl.java:lambda$waitForClusterToBeReady$0(203)) - SCM became leader
2024-08-06 06:55:25,150 [701c4ea6-6f91-4e49-a6f7-7c8a32a91528-DatanodeStateMachineDaemonThread] INFO  statemachine.DatanodeStateMachine (DatanodeStateMachine.java:startStateMachineThread(335)) - Ozone container server started.
2024-08-06 06:55:25,151 [701c4ea6-6f91-4e49-a6f7-7c8a32a91528-DatanodeStateMachineTaskThread-0] INFO  datanode.InitDatanodeState (InitDatanodeState.java:persistContainerDatanodeDetails(139)) - DatanodeDetails is persisted to /home/runner/work/ozone/ozone/hadoop-ozone/integration-test/target/test-dir/MiniOzoneClusterImpl-0b493811-7be1-4111-9212-de561dacad59/ozone-meta/datanode-3/meta/datanode.id
2024-08-06 06:55:25,580 [timer0] WARN  server.GrpcLogAppender (LogUtils.java:warn(121)) - e99a173a-e5d2-4f97-a2a5-42a9e8828747@group-519C3A59F12D->e4d8e9ec-3f40-47d1-9e7e-9cacbf5bc092-AppendLogResponseHandler: Failed appendEntries (Repeated 2 times in the last 5.000s): org.apache.ratis.thirdparty.io.grpc.StatusRuntimeException: CANCELLED: RST_STREAM closed stream. HTTP/2 error code: CANCEL
2024-08-06 06:55:25,585 [timer2] WARN  server.GrpcLogAppender (LogUtils.java:warn(121)) - 34faa218-a122-438b-bac7-45bccc91a2e8@group-124698F6E529->e4d8e9ec-3f40-47d1-9e7e-9cacbf5bc092-AppendLogResponseHandler: Failed appendEntries (Repeated 2 times in the last 4.999s): org.apache.ratis.thirdparty.io.grpc.StatusRuntimeException: CANCELLED: RST_STREAM closed stream. HTTP/2 error code: CANCEL
2024-08-06 06:55:25,586 [timer3] WARN  server.GrpcLogAppender (GrpcLogAppender.java:lambda$resetClient$1(221)) - 34faa218-a122-438b-bac7-45bccc91a2e8@group-124698F6E529->e4d8e9ec-3f40-47d1-9e7e-9cacbf5bc092-GrpcLogAppender: Follower failed (request=null, errorCount=2); keep nextIndex (28) unchanged and retry. (Repeated 2 times in the last 5.000s)
2024-08-06 06:55:25,588 [timer5] WARN  server.GrpcLogAppender (GrpcLogAppender.java:lambda$resetClient$1(221)) - 34faa218-a122-438b-bac7-45bccc91a2e8@group-124698F6E529->e99a173a-e5d2-4f97-a2a5-42a9e8828747-GrpcLogAppender: Follower failed (request=null, errorCount=2); keep nextIndex (28) unchanged and retry. (Repeated 2 times in the last 5.000s)
2024-08-06 06:55:25,588 [timer4] WARN  server.GrpcLogAppender (LogUtils.java:warn(121)) - 34faa218-a122-438b-bac7-45bccc91a2e8@group-124698F6E529->e99a173a-e5d2-4f97-a2a5-42a9e8828747-AppendLogResponseHandler: Failed appendEntries (Repeated 2 times in the last 5.000s): org.apache.ratis.thirdparty.io.grpc.StatusRuntimeException: CANCELLED: RST_STREAM closed stream. HTTP/2 error code: CANCEL
2024-08-06 06:55:26,150 [main] INFO  ozone.MiniOzoneClusterImpl (MiniOzoneClusterImpl.java:lambda$waitForClusterToBeReady$0(198)) - Waiting for nodes to be ready. Got 0 of 3 DN Heartbeats.
2024-08-06 06:55:26,150 [main] INFO  ozone.MiniOzoneClusterImpl (MiniOzoneClusterImpl.java:lambda$waitForClusterToBeReady$0(201)) - Waiting for cluster to exit safe mode
2024-08-06 06:55:26,150 [main] INFO  ozone.MiniOzoneClusterImpl (MiniOzoneClusterImpl.java:lambda$waitForClusterToBeReady$0(203)) - SCM became leader
2024-08-06 06:55:26,722 [2c741729-621d-48c8-a79f-44c82515a6f1-EndpointStateMachineTaskThread-/0.0.0.0:15247-0 ] INFO  utils.DatanodeStoreCache (DatanodeStoreCache.java:addDB(72)) - Added db /home/runner/work/ozone/ozone/hadoop-ozone/integration-test/target/test-dir/MiniOzoneClusterImpl-0b493811-7be1-4111-9212-de561dacad59/ozone-meta/datanode-1/data-0/hdds/0b493811-7be1-4111-9212-de561dacad59/DS-bd4ead13-077d-4329-a404-2712b224d2c5/container.db to cache
2024-08-06 06:55:26,722 [2c741729-621d-48c8-a79f-44c82515a6f1-EndpointStateMachineTaskThread-/0.0.0.0:15247-0 ] INFO  volume.HddsVolume (HddsVolume.java:createDbStore(437)) - SchemaV3 db is created and loaded at /home/runner/work/ozone/ozone/hadoop-ozone/integration-test/target/test-dir/MiniOzoneClusterImpl-0b493811-7be1-4111-9212-de561dacad59/ozone-meta/datanode-1/data-0/hdds/0b493811-7be1-4111-9212-de561dacad59/DS-bd4ead13-077d-4329-a404-2712b224d2c5/container.db for volume DS-bd4ead13-077d-4329-a404-2712b224d2c5
2024-08-06 06:55:26,724 [2c741729-621d-48c8-a79f-44c82515a6f1-ContainerReader-0] INFO  ozoneimpl.ContainerReader (ContainerReader.java:readVolume(148)) - Start to verify containers on volume /home/runner/work/ozone/ozone/hadoop-ozone/integration-test/target/test-dir/MiniOzoneClusterImpl-0b493811-7be1-4111-9212-de561dacad59/ozone-meta/datanode-1/data-0/hdds
2024-08-06 06:55:26,724 [2c741729-621d-48c8-a79f-44c82515a6f1-ContainerReader-0] INFO  ozoneimpl.ContainerReader (ContainerReader.java:readVolume(178)) - Finish verifying containers on volume /home/runner/work/ozone/ozone/hadoop-ozone/integration-test/target/test-dir/MiniOzoneClusterImpl-0b493811-7be1-4111-9212-de561dacad59/ozone-meta/datanode-1/data-0/hdds
2024-08-06 06:55:26,724 [2c741729-621d-48c8-a79f-44c82515a6f1-EndpointStateMachineTaskThread-/0.0.0.0:15247-0 ] INFO  ozoneimpl.OzoneContainer (OzoneContainer.java:buildContainerSet(328)) - Build ContainerSet costs 0s
2024-08-06 06:55:26,724 [2c741729-621d-48c8-a79f-44c82515a6f1-EndpointStateMachineTaskThread-/0.0.0.0:15247-0 ] INFO  volume.ThrottledAsyncChecker (ThrottledAsyncChecker.java:schedule(141)) - Scheduling a check for /home/runner/work/ozone/ozone/hadoop-ozone/integration-test/target/test-dir/MiniOzoneClusterImpl-0b493811-7be1-4111-9212-de561dacad59/ozone-meta/datanode-1/data-0/hdds
2024-08-06 06:55:26,725 [2c741729-621d-48c8-a79f-44c82515a6f1-EndpointStateMachineTaskThread-/0.0.0.0:15247-0 ] INFO  volume.StorageVolumeChecker (StorageVolumeChecker.java:checkAllVolumes(218)) - Scheduled health check for volume /home/runner/work/ozone/ozone/hadoop-ozone/integration-test/target/test-dir/MiniOzoneClusterImpl-0b493811-7be1-4111-9212-de561dacad59/ozone-meta/datanode-1/data-0/hdds
2024-08-06 06:55:26,726 [2c741729-621d-48c8-a79f-44c82515a6f1-EndpointStateMachineTaskThread-/0.0.0.0:15247-0 ] INFO  volume.ThrottledAsyncChecker (ThrottledAsyncChecker.java:schedule(141)) - Scheduling a check for /home/runner/work/ozone/ozone/hadoop-ozone/integration-test/target/test-dir/MiniOzoneClusterImpl-0b493811-7be1-4111-9212-de561dacad59/ozone-meta/datanode-1/ratis
2024-08-06 06:55:26,726 [2c741729-621d-48c8-a79f-44c82515a6f1-EndpointStateMachineTaskThread-/0.0.0.0:15247-0 ] INFO  volume.StorageVolumeChecker (StorageVolumeChecker.java:checkAllVolumes(218)) - Scheduled health check for volume /home/runner/work/ozone/ozone/hadoop-ozone/integration-test/target/test-dir/MiniOzoneClusterImpl-0b493811-7be1-4111-9212-de561dacad59/ozone-meta/datanode-1/ratis
2024-08-06 06:55:26,727 [2c741729-621d-48c8-a79f-44c82515a6f1-EndpointStateMachineTaskThread-/0.0.0.0:15247-0 ] INFO  ozoneimpl.OzoneContainer (OzoneContainer.java:start(459)) - Attempting to start container services.
2024-08-06 06:55:26,727 [ContainerDataScanner(/home/runner/work/ozone/ozone/hadoop-ozone/integration-test/target/test-dir/MiniOzoneClusterImpl-0b493811-7be1-4111-9212-de561dacad59/ozone-meta/datanode-1/data-0/hdds)] INFO  ozoneimpl.AbstractBackgroundContainerScanner (AbstractBackgroundContainerScanner.java:runIteration(87)) - Completed an iteration in 0 minutes. Number of iterations (since the data-node restart) : 1, Number of containers scanned in this iteration : 0, Number of unhealthy containers found in this iteration : 0
2024-08-06 06:55:26,728 [ContainerMetadataScanner] INFO  ozoneimpl.AbstractBackgroundContainerScanner (AbstractBackgroundContainerScanner.java:runIteration(87)) - Completed an iteration in 0 minutes. Number of iterations (since the data-node restart) : 1, Number of containers scanned in this iteration : 0, Number of unhealthy containers found in this iteration : 0
2024-08-06 06:55:26,728 [2c741729-621d-48c8-a79f-44c82515a6f1-EndpointStateMachineTaskThread-/0.0.0.0:15247-0 ] INFO  replication.ReplicationServer (ReplicationServer.java:start(140)) - ReplicationServer is started using port 15261
2024-08-06 06:55:26,729 [2c741729-621d-48c8-a79f-44c82515a6f1-EndpointStateMachineTaskThread-/0.0.0.0:15247-0 ] INFO  ratis.XceiverServerRatis (XceiverServerRatis.java:start(559)) - Starting XceiverServerRatis 2c741729-621d-48c8-a79f-44c82515a6f1
2024-08-06 06:55:26,733 [2c741729-621d-48c8-a79f-44c82515a6f1-EndpointStateMachineTaskThread-/0.0.0.0:15247-0 ] INFO  server.RaftServer (RaftServerProxy.java:startImpl(408)) - 2c741729-621d-48c8-a79f-44c82515a6f1: start RPC server
2024-08-06 06:55:26,734 [2c741729-621d-48c8-a79f-44c82515a6f1-EndpointStateMachineTaskThread-/0.0.0.0:15247-0 ] INFO  server.GrpcService (GrpcService.java:startImpl(302)) - 2c741729-621d-48c8-a79f-44c82515a6f1: GrpcService started, listening on 15257
2024-08-06 06:55:26,734 [2c741729-621d-48c8-a79f-44c82515a6f1-EndpointStateMachineTaskThread-/0.0.0.0:15247-0 ] INFO  ratis.XceiverServerRatis (XceiverServerRatis.java:getRealPort(585)) - XceiverServerRatis 2c741729-621d-48c8-a79f-44c82515a6f1 is started using port 15257 for RATIS
2024-08-06 06:55:26,734 [JvmPauseMonitor37] INFO  util.JvmPauseMonitor (JvmPauseMonitor.java:run(146)) - JvmPauseMonitor-2c741729-621d-48c8-a79f-44c82515a6f1: Started
2024-08-06 06:55:26,734 [2c741729-621d-48c8-a79f-44c82515a6f1-EndpointStateMachineTaskThread-/0.0.0.0:15247-0 ] INFO  ratis.XceiverServerRatis (XceiverServerRatis.java:getRealPort(585)) - XceiverServerRatis 2c741729-621d-48c8-a79f-44c82515a6f1 is started using port 15257 for RATIS_ADMIN
2024-08-06 06:55:26,735 [2c741729-621d-48c8-a79f-44c82515a6f1-EndpointStateMachineTaskThread-/0.0.0.0:15247-0 ] INFO  ratis.XceiverServerRatis (XceiverServerRatis.java:getRealPort(585)) - XceiverServerRatis 2c741729-621d-48c8-a79f-44c82515a6f1 is started using port 15257 for RATIS_SERVER
2024-08-06 06:55:26,735 [2c741729-621d-48c8-a79f-44c82515a6f1-EndpointStateMachineTaskThread-/0.0.0.0:15247-0 ] INFO  ratis.XceiverServerRatis (XceiverServerRatis.java:getRealPort(585)) - XceiverServerRatis 2c741729-621d-48c8-a79f-44c82515a6f1 is started using port 15260 for RATIS_DATASTREAM
2024-08-06 06:55:26,736 [2c741729-621d-48c8-a79f-44c82515a6f1-BlockDeletingService#0] INFO  interfaces.ContainerDeletionChoosingPolicyTemplate (ContainerDeletionChoosingPolicyTemplate.java:chooseContainerForBlockDeletion(85)) - Chosen 0/5000 blocks from 0 candidate containers.
2024-08-06 06:55:26,945 [4d58d409-0470-47bf-8499-813befc157d5-EndpointStateMachineTaskThread-/0.0.0.0:15247-0 ] INFO  utils.DatanodeStoreCache (DatanodeStoreCache.java:addDB(72)) - Added db /home/runner/work/ozone/ozone/hadoop-ozone/integration-test/target/test-dir/MiniOzoneClusterImpl-0b493811-7be1-4111-9212-de561dacad59/ozone-meta/datanode-2/data-0/hdds/0b493811-7be1-4111-9212-de561dacad59/DS-09becff0-a66f-4706-ac1a-ac3c4acf5f85/container.db to cache
2024-08-06 06:55:26,946 [4d58d409-0470-47bf-8499-813befc157d5-EndpointStateMachineTaskThread-/0.0.0.0:15247-0 ] INFO  volume.HddsVolume (HddsVolume.java:createDbStore(437)) - SchemaV3 db is created and loaded at /home/runner/work/ozone/ozone/hadoop-ozone/integration-test/target/test-dir/MiniOzoneClusterImpl-0b493811-7be1-4111-9212-de561dacad59/ozone-meta/datanode-2/data-0/hdds/0b493811-7be1-4111-9212-de561dacad59/DS-09becff0-a66f-4706-ac1a-ac3c4acf5f85/container.db for volume DS-09becff0-a66f-4706-ac1a-ac3c4acf5f85
2024-08-06 06:55:26,947 [4d58d409-0470-47bf-8499-813befc157d5-ContainerReader-0] INFO  ozoneimpl.ContainerReader (ContainerReader.java:readVolume(148)) - Start to verify containers on volume /home/runner/work/ozone/ozone/hadoop-ozone/integration-test/target/test-dir/MiniOzoneClusterImpl-0b493811-7be1-4111-9212-de561dacad59/ozone-meta/datanode-2/data-0/hdds
2024-08-06 06:55:26,947 [4d58d409-0470-47bf-8499-813befc157d5-ContainerReader-0] INFO  ozoneimpl.ContainerReader (ContainerReader.java:readVolume(178)) - Finish verifying containers on volume /home/runner/work/ozone/ozone/hadoop-ozone/integration-test/target/test-dir/MiniOzoneClusterImpl-0b493811-7be1-4111-9212-de561dacad59/ozone-meta/datanode-2/data-0/hdds
2024-08-06 06:55:26,948 [4d58d409-0470-47bf-8499-813befc157d5-EndpointStateMachineTaskThread-/0.0.0.0:15247-0 ] INFO  ozoneimpl.OzoneContainer (OzoneContainer.java:buildContainerSet(328)) - Build ContainerSet costs 0s
2024-08-06 06:55:26,948 [4d58d409-0470-47bf-8499-813befc157d5-EndpointStateMachineTaskThread-/0.0.0.0:15247-0 ] INFO  volume.ThrottledAsyncChecker (ThrottledAsyncChecker.java:schedule(141)) - Scheduling a check for /home/runner/work/ozone/ozone/hadoop-ozone/integration-test/target/test-dir/MiniOzoneClusterImpl-0b493811-7be1-4111-9212-de561dacad59/ozone-meta/datanode-2/data-0/hdds
2024-08-06 06:55:26,948 [4d58d409-0470-47bf-8499-813befc157d5-EndpointStateMachineTaskThread-/0.0.0.0:15247-0 ] INFO  volume.StorageVolumeChecker (StorageVolumeChecker.java:checkAllVolumes(218)) - Scheduled health check for volume /home/runner/work/ozone/ozone/hadoop-ozone/integration-test/target/test-dir/MiniOzoneClusterImpl-0b493811-7be1-4111-9212-de561dacad59/ozone-meta/datanode-2/data-0/hdds
2024-08-06 06:55:26,949 [4d58d409-0470-47bf-8499-813befc157d5-EndpointStateMachineTaskThread-/0.0.0.0:15247-0 ] INFO  volume.ThrottledAsyncChecker (ThrottledAsyncChecker.java:schedule(141)) - Scheduling a check for /home/runner/work/ozone/ozone/hadoop-ozone/integration-test/target/test-dir/MiniOzoneClusterImpl-0b493811-7be1-4111-9212-de561dacad59/ozone-meta/datanode-2/ratis
2024-08-06 06:55:26,949 [4d58d409-0470-47bf-8499-813befc157d5-EndpointStateMachineTaskThread-/0.0.0.0:15247-0 ] INFO  volume.StorageVolumeChecker (StorageVolumeChecker.java:checkAllVolumes(218)) - Scheduled health check for volume /home/runner/work/ozone/ozone/hadoop-ozone/integration-test/target/test-dir/MiniOzoneClusterImpl-0b493811-7be1-4111-9212-de561dacad59/ozone-meta/datanode-2/ratis
2024-08-06 06:55:26,950 [4d58d409-0470-47bf-8499-813befc157d5-EndpointStateMachineTaskThread-/0.0.0.0:15247-0 ] INFO  ozoneimpl.OzoneContainer (OzoneContainer.java:start(459)) - Attempting to start container services.
2024-08-06 06:55:26,950 [4d58d409-0470-47bf-8499-813befc157d5-EndpointStateMachineTaskThread-/0.0.0.0:15247-0 ] WARN  ozoneimpl.OnDemandContainerDataScanner (OnDemandContainerDataScanner.java:init(75)) - Trying to initialize on demand scanner a second time on a datanode.
2024-08-06 06:55:26,950 [ContainerMetadataScanner] INFO  ozoneimpl.AbstractBackgroundContainerScanner (AbstractBackgroundContainerScanner.java:runIteration(87)) - Completed an iteration in 0 minutes. Number of iterations (since the data-node restart) : 1, Number of containers scanned in this iteration : 0, Number of unhealthy containers found in this iteration : 0
2024-08-06 06:55:26,950 [ContainerDataScanner(/home/runner/work/ozone/ozone/hadoop-ozone/integration-test/target/test-dir/MiniOzoneClusterImpl-0b493811-7be1-4111-9212-de561dacad59/ozone-meta/datanode-2/data-0/hdds)] INFO  ozoneimpl.AbstractBackgroundContainerScanner (AbstractBackgroundContainerScanner.java:runIteration(87)) - Completed an iteration in 0 minutes. Number of iterations (since the data-node restart) : 1, Number of containers scanned in this iteration : 0, Number of unhealthy containers found in this iteration : 0
2024-08-06 06:55:26,951 [4d58d409-0470-47bf-8499-813befc157d5-EndpointStateMachineTaskThread-/0.0.0.0:15247-0 ] INFO  replication.ReplicationServer (ReplicationServer.java:start(140)) - ReplicationServer is started using port 15270
2024-08-06 06:55:26,951 [4d58d409-0470-47bf-8499-813befc157d5-EndpointStateMachineTaskThread-/0.0.0.0:15247-0 ] INFO  ratis.XceiverServerRatis (XceiverServerRatis.java:start(559)) - Starting XceiverServerRatis 4d58d409-0470-47bf-8499-813befc157d5
2024-08-06 06:55:26,951 [4d58d409-0470-47bf-8499-813befc157d5-EndpointStateMachineTaskThread-/0.0.0.0:15247-0 ] INFO  server.RaftServer (RaftServerProxy.java:startImpl(408)) - 4d58d409-0470-47bf-8499-813befc157d5: start RPC server
2024-08-06 06:55:26,951 [4d58d409-0470-47bf-8499-813befc157d5-EndpointStateMachineTaskThread-/0.0.0.0:15247-0 ] INFO  server.GrpcService (GrpcService.java:startImpl(302)) - 4d58d409-0470-47bf-8499-813befc157d5: GrpcService started, listening on 15266
2024-08-06 06:55:26,952 [4d58d409-0470-47bf-8499-813befc157d5-EndpointStateMachineTaskThread-/0.0.0.0:15247-0 ] INFO  ratis.XceiverServerRatis (XceiverServerRatis.java:getRealPort(585)) - XceiverServerRatis 4d58d409-0470-47bf-8499-813befc157d5 is started using port 15266 for RATIS
2024-08-06 06:55:26,952 [4d58d409-0470-47bf-8499-813befc157d5-EndpointStateMachineTaskThread-/0.0.0.0:15247-0 ] INFO  ratis.XceiverServerRatis (XceiverServerRatis.java:getRealPort(585)) - XceiverServerRatis 4d58d409-0470-47bf-8499-813befc157d5 is started using port 15266 for RATIS_ADMIN
2024-08-06 06:55:26,952 [4d58d409-0470-47bf-8499-813befc157d5-EndpointStateMachineTaskThread-/0.0.0.0:15247-0 ] INFO  ratis.XceiverServerRatis (XceiverServerRatis.java:getRealPort(585)) - XceiverServerRatis 4d58d409-0470-47bf-8499-813befc157d5 is started using port 15266 for RATIS_SERVER
2024-08-06 06:55:26,952 [4d58d409-0470-47bf-8499-813befc157d5-EndpointStateMachineTaskThread-/0.0.0.0:15247-0 ] INFO  ratis.XceiverServerRatis (XceiverServerRatis.java:getRealPort(585)) - XceiverServerRatis 4d58d409-0470-47bf-8499-813befc157d5 is started using port 15269 for RATIS_DATASTREAM
2024-08-06 06:55:26,952 [JvmPauseMonitor38] INFO  util.JvmPauseMonitor (JvmPauseMonitor.java:run(146)) - JvmPauseMonitor-4d58d409-0470-47bf-8499-813befc157d5: Started
2024-08-06 06:55:26,953 [4d58d409-0470-47bf-8499-813befc157d5-BlockDeletingService#0] INFO  interfaces.ContainerDeletionChoosingPolicyTemplate (ContainerDeletionChoosingPolicyTemplate.java:chooseContainerForBlockDeletion(85)) - Chosen 0/5000 blocks from 0 candidate containers.
2024-08-06 06:55:27,150 [main] INFO  ozone.MiniOzoneClusterImpl (MiniOzoneClusterImpl.java:lambda$waitForClusterToBeReady$0(198)) - Waiting for nodes to be ready. Got 0 of 3 DN Heartbeats.
2024-08-06 06:55:27,151 [main] INFO  ozone.MiniOzoneClusterImpl (MiniOzoneClusterImpl.java:lambda$waitForClusterToBeReady$0(201)) - Waiting for cluster to exit safe mode
2024-08-06 06:55:27,151 [main] INFO  ozone.MiniOzoneClusterImpl (MiniOzoneClusterImpl.java:lambda$waitForClusterToBeReady$0(203)) - SCM became leader
2024-08-06 06:55:27,180 [701c4ea6-6f91-4e49-a6f7-7c8a32a91528-EndpointStateMachineTaskThread-/0.0.0.0:15247-0 ] INFO  utils.DatanodeStoreCache (DatanodeStoreCache.java:addDB(72)) - Added db /home/runner/work/ozone/ozone/hadoop-ozone/integration-test/target/test-dir/MiniOzoneClusterImpl-0b493811-7be1-4111-9212-de561dacad59/ozone-meta/datanode-3/data-0/hdds/0b493811-7be1-4111-9212-de561dacad59/DS-bfc28b55-eb90-44c1-8c3b-8bc74b028d27/container.db to cache
2024-08-06 06:55:27,180 [701c4ea6-6f91-4e49-a6f7-7c8a32a91528-EndpointStateMachineTaskThread-/0.0.0.0:15247-0 ] INFO  volume.HddsVolume (HddsVolume.java:createDbStore(437)) - SchemaV3 db is created and loaded at /home/runner/work/ozone/ozone/hadoop-ozone/integration-test/target/test-dir/MiniOzoneClusterImpl-0b493811-7be1-4111-9212-de561dacad59/ozone-meta/datanode-3/data-0/hdds/0b493811-7be1-4111-9212-de561dacad59/DS-bfc28b55-eb90-44c1-8c3b-8bc74b028d27/container.db for volume DS-bfc28b55-eb90-44c1-8c3b-8bc74b028d27
2024-08-06 06:55:27,182 [701c4ea6-6f91-4e49-a6f7-7c8a32a91528-ContainerReader-0] INFO  ozoneimpl.ContainerReader (ContainerReader.java:readVolume(148)) - Start to verify containers on volume /home/runner/work/ozone/ozone/hadoop-ozone/integration-test/target/test-dir/MiniOzoneClusterImpl-0b493811-7be1-4111-9212-de561dacad59/ozone-meta/datanode-3/data-0/hdds
2024-08-06 06:55:27,182 [701c4ea6-6f91-4e49-a6f7-7c8a32a91528-ContainerReader-0] INFO  ozoneimpl.ContainerReader (ContainerReader.java:readVolume(178)) - Finish verifying containers on volume /home/runner/work/ozone/ozone/hadoop-ozone/integration-test/target/test-dir/MiniOzoneClusterImpl-0b493811-7be1-4111-9212-de561dacad59/ozone-meta/datanode-3/data-0/hdds
2024-08-06 06:55:27,182 [701c4ea6-6f91-4e49-a6f7-7c8a32a91528-EndpointStateMachineTaskThread-/0.0.0.0:15247-0 ] INFO  ozoneimpl.OzoneContainer (OzoneContainer.java:buildContainerSet(328)) - Build ContainerSet costs 0s
2024-08-06 06:55:27,182 [701c4ea6-6f91-4e49-a6f7-7c8a32a91528-EndpointStateMachineTaskThread-/0.0.0.0:15247-0 ] INFO  volume.ThrottledAsyncChecker (ThrottledAsyncChecker.java:schedule(141)) - Scheduling a check for /home/runner/work/ozone/ozone/hadoop-ozone/integration-test/target/test-dir/MiniOzoneClusterImpl-0b493811-7be1-4111-9212-de561dacad59/ozone-meta/datanode-3/data-0/hdds
2024-08-06 06:55:27,183 [701c4ea6-6f91-4e49-a6f7-7c8a32a91528-EndpointStateMachineTaskThread-/0.0.0.0:15247-0 ] INFO  volume.StorageVolumeChecker (StorageVolumeChecker.java:checkAllVolumes(218)) - Scheduled health check for volume /home/runner/work/ozone/ozone/hadoop-ozone/integration-test/target/test-dir/MiniOzoneClusterImpl-0b493811-7be1-4111-9212-de561dacad59/ozone-meta/datanode-3/data-0/hdds
2024-08-06 06:55:27,183 [701c4ea6-6f91-4e49-a6f7-7c8a32a91528-EndpointStateMachineTaskThread-/0.0.0.0:15247-0 ] INFO  volume.ThrottledAsyncChecker (ThrottledAsyncChecker.java:schedule(141)) - Scheduling a check for /home/runner/work/ozone/ozone/hadoop-ozone/integration-test/target/test-dir/MiniOzoneClusterImpl-0b493811-7be1-4111-9212-de561dacad59/ozone-meta/datanode-3/ratis
2024-08-06 06:55:27,184 [701c4ea6-6f91-4e49-a6f7-7c8a32a91528-EndpointStateMachineTaskThread-/0.0.0.0:15247-0 ] INFO  volume.StorageVolumeChecker (StorageVolumeChecker.java:checkAllVolumes(218)) - Scheduled health check for volume /home/runner/work/ozone/ozone/hadoop-ozone/integration-test/target/test-dir/MiniOzoneClusterImpl-0b493811-7be1-4111-9212-de561dacad59/ozone-meta/datanode-3/ratis
2024-08-06 06:55:27,184 [701c4ea6-6f91-4e49-a6f7-7c8a32a91528-EndpointStateMachineTaskThread-/0.0.0.0:15247-0 ] INFO  ozoneimpl.OzoneContainer (OzoneContainer.java:start(459)) - Attempting to start container services.
2024-08-06 06:55:27,184 [701c4ea6-6f91-4e49-a6f7-7c8a32a91528-EndpointStateMachineTaskThread-/0.0.0.0:15247-0 ] WARN  ozoneimpl.OnDemandContainerDataScanner (OnDemandContainerDataScanner.java:init(75)) - Trying to initialize on demand scanner a second time on a datanode.
2024-08-06 06:55:27,185 [ContainerMetadataScanner] INFO  ozoneimpl.AbstractBackgroundContainerScanner (AbstractBackgroundContainerScanner.java:runIteration(87)) - Completed an iteration in 0 minutes. Number of iterations (since the data-node restart) : 1, Number of containers scanned in this iteration : 0, Number of unhealthy containers found in this iteration : 0
2024-08-06 06:55:27,185 [ContainerDataScanner(/home/runner/work/ozone/ozone/hadoop-ozone/integration-test/target/test-dir/MiniOzoneClusterImpl-0b493811-7be1-4111-9212-de561dacad59/ozone-meta/datanode-3/data-0/hdds)] INFO  ozoneimpl.AbstractBackgroundContainerScanner (AbstractBackgroundContainerScanner.java:runIteration(87)) - Completed an iteration in 0 minutes. Number of iterations (since the data-node restart) : 1, Number of containers scanned in this iteration : 0, Number of unhealthy containers found in this iteration : 0
2024-08-06 06:55:27,185 [701c4ea6-6f91-4e49-a6f7-7c8a32a91528-EndpointStateMachineTaskThread-/0.0.0.0:15247-0 ] INFO  replication.ReplicationServer (ReplicationServer.java:start(140)) - ReplicationServer is started using port 15279
2024-08-06 06:55:27,185 [701c4ea6-6f91-4e49-a6f7-7c8a32a91528-EndpointStateMachineTaskThread-/0.0.0.0:15247-0 ] INFO  ratis.XceiverServerRatis (XceiverServerRatis.java:start(559)) - Starting XceiverServerRatis 701c4ea6-6f91-4e49-a6f7-7c8a32a91528
2024-08-06 06:55:27,186 [701c4ea6-6f91-4e49-a6f7-7c8a32a91528-EndpointStateMachineTaskThread-/0.0.0.0:15247-0 ] INFO  server.RaftServer (RaftServerProxy.java:startImpl(408)) - 701c4ea6-6f91-4e49-a6f7-7c8a32a91528: start RPC server
2024-08-06 06:55:27,186 [701c4ea6-6f91-4e49-a6f7-7c8a32a91528-EndpointStateMachineTaskThread-/0.0.0.0:15247-0 ] INFO  server.GrpcService (GrpcService.java:startImpl(302)) - 701c4ea6-6f91-4e49-a6f7-7c8a32a91528: GrpcService started, listening on 15275
2024-08-06 06:55:27,187 [701c4ea6-6f91-4e49-a6f7-7c8a32a91528-EndpointStateMachineTaskThread-/0.0.0.0:15247-0 ] INFO  ratis.XceiverServerRatis (XceiverServerRatis.java:getRealPort(585)) - XceiverServerRatis 701c4ea6-6f91-4e49-a6f7-7c8a32a91528 is started using port 15275 for RATIS
2024-08-06 06:55:27,187 [JvmPauseMonitor39] INFO  util.JvmPauseMonitor (JvmPauseMonitor.java:run(146)) - JvmPauseMonitor-701c4ea6-6f91-4e49-a6f7-7c8a32a91528: Started
2024-08-06 06:55:27,187 [701c4ea6-6f91-4e49-a6f7-7c8a32a91528-EndpointStateMachineTaskThread-/0.0.0.0:15247-0 ] INFO  ratis.XceiverServerRatis (XceiverServerRatis.java:getRealPort(585)) - XceiverServerRatis 701c4ea6-6f91-4e49-a6f7-7c8a32a91528 is started using port 15275 for RATIS_ADMIN
2024-08-06 06:55:27,187 [701c4ea6-6f91-4e49-a6f7-7c8a32a91528-EndpointStateMachineTaskThread-/0.0.0.0:15247-0 ] INFO  ratis.XceiverServerRatis (XceiverServerRatis.java:getRealPort(585)) - XceiverServerRatis 701c4ea6-6f91-4e49-a6f7-7c8a32a91528 is started using port 15275 for RATIS_SERVER
2024-08-06 06:55:27,187 [701c4ea6-6f91-4e49-a6f7-7c8a32a91528-EndpointStateMachineTaskThread-/0.0.0.0:15247-0 ] INFO  ratis.XceiverServerRatis (XceiverServerRatis.java:getRealPort(585)) - XceiverServerRatis 701c4ea6-6f91-4e49-a6f7-7c8a32a91528 is started using port 15278 for RATIS_DATASTREAM
2024-08-06 06:55:27,188 [701c4ea6-6f91-4e49-a6f7-7c8a32a91528-BlockDeletingService#0] INFO  interfaces.ContainerDeletionChoosingPolicyTemplate (ContainerDeletionChoosingPolicyTemplate.java:chooseContainerForBlockDeletion(85)) - Chosen 0/5000 blocks from 0 candidate containers.
2024-08-06 06:55:28,151 [main] INFO  ozone.MiniOzoneClusterImpl (MiniOzoneClusterImpl.java:lambda$waitForClusterToBeReady$0(198)) - Waiting for nodes to be ready. Got 0 of 3 DN Heartbeats.
2024-08-06 06:55:28,151 [main] INFO  ozone.MiniOzoneClusterImpl (MiniOzoneClusterImpl.java:lambda$waitForClusterToBeReady$0(201)) - Waiting for cluster to exit safe mode
2024-08-06 06:55:28,151 [main] INFO  ozone.MiniOzoneClusterImpl (MiniOzoneClusterImpl.java:lambda$waitForClusterToBeReady$0(203)) - SCM became leader
2024-08-06 06:55:28,694 [IPC Server handler 2 on default port 15247] INFO  net.NetworkTopologyImpl (NetworkTopologyImpl.java:add(134)) - Added a new node: /default-rack/2c741729-621d-48c8-a79f-44c82515a6f1
2024-08-06 06:55:28,694 [IPC Server handler 2 on default port 15247] INFO  node.SCMNodeManager (SCMNodeManager.java:register(422)) - Registered datanode: 2c741729-621d-48c8-a79f-44c82515a6f1{ip: 127.0.0.1, host: localhost, ports: [HTTP=15254, CLIENT_RPC=15255, REPLICATION=15261, RATIS=15257, RATIS_ADMIN=15257, RATIS_SERVER=15257, RATIS_DATASTREAM=15260, STANDALONE=15256], networkLocation: /default-rack, certSerialId: null, persistedOpState: null, persistedOpStateExpiryEpochSec: 0}
2024-08-06 06:55:28,695 [EventQueue-NewNodeForNewNodeHandler] INFO  pipeline.BackgroundPipelineCreator (BackgroundPipelineCreator.java:notifyEventTriggered(280)) - trigger a one-shot run on RatisPipelineUtilsThread.
2024-08-06 06:55:28,695 [EventQueue-NodeRegistrationContainerReportForDataNodeSafeModeRule] INFO  safemode.SCMSafeModeManager (DataNodeSafeModeRule.java:process(71)) - SCM in safe mode. 1 DataNodes registered, 3 required.
2024-08-06 06:55:28,695 [RatisPipelineUtilsThread-0] INFO  pipeline.RatisPipelineProvider (RatisPipelineProvider.java:lambda$create$0(205)) - Sending CreatePipelineCommand for pipeline:PipelineID=b32766c3-5573-46a9-addc-0d27d26c0bc5 to datanode:2c741729-621d-48c8-a79f-44c82515a6f1
2024-08-06 06:55:28,695 [EventQueue-NodeRegistrationContainerReportForContainerSafeModeRule] INFO  safemode.SCMSafeModeManager (SCMSafeModeManager.java:validateSafeModeExitRules(203)) - ContainerSafeModeRule rule is successfully validated
2024-08-06 06:55:28,695 [EventQueue-PipelineReportForOneReplicaPipelineSafeModeRule] INFO  safemode.SCMSafeModeManager (SCMSafeModeManager.java:validateSafeModeExitRules(203)) - AtleastOneDatanodeReportedRule rule is successfully validated
2024-08-06 06:55:28,696 [RatisPipelineUtilsThread-0] INFO  pipeline.BackgroundPipelineCreator (BackgroundPipelineCreator.java:createPipelines(236)) - Created new pipeline Pipeline[ Id: b32766c3-5573-46a9-addc-0d27d26c0bc5, Nodes: 2c741729-621d-48c8-a79f-44c82515a6f1(localhost/127.0.0.1) ReplicaIndex: 0, ReplicationConfig: RATIS/ONE, State:ALLOCATED, leaderId:, CreationTimestamp2024-08-06T06:55:28.695482179Z[Etc/UTC]]
2024-08-06 06:55:28,918 [IPC Server handler 0 on default port 15247] INFO  net.NetworkTopologyImpl (NetworkTopologyImpl.java:add(134)) - Added a new node: /default-rack/4d58d409-0470-47bf-8499-813befc157d5
2024-08-06 06:55:28,918 [IPC Server handler 0 on default port 15247] INFO  node.SCMNodeManager (SCMNodeManager.java:register(422)) - Registered datanode: 4d58d409-0470-47bf-8499-813befc157d5{ip: 127.0.0.1, host: localhost, ports: [HTTP=15263, CLIENT_RPC=15264, REPLICATION=15270, RATIS=15266, RATIS_ADMIN=15266, RATIS_SERVER=15266, RATIS_DATASTREAM=15269, STANDALONE=15265], networkLocation: /default-rack, certSerialId: null, persistedOpState: null, persistedOpStateExpiryEpochSec: 0}
2024-08-06 06:55:28,918 [EventQueue-NewNodeForNewNodeHandler] INFO  pipeline.BackgroundPipelineCreator (BackgroundPipelineCreator.java:notifyEventTriggered(280)) - trigger a one-shot run on RatisPipelineUtilsThread.
2024-08-06 06:55:28,918 [EventQueue-NodeRegistrationContainerReportForDataNodeSafeModeRule] INFO  safemode.SCMSafeModeManager (DataNodeSafeModeRule.java:process(71)) - SCM in safe mode. 2 DataNodes registered, 3 required.
2024-08-06 06:55:28,919 [RatisPipelineUtilsThread-0] INFO  pipeline.RatisPipelineProvider (RatisPipelineProvider.java:lambda$create$0(205)) - Sending CreatePipelineCommand for pipeline:PipelineID=78eb605b-ef1b-49f5-b71a-099ab90a8329 to datanode:4d58d409-0470-47bf-8499-813befc157d5
2024-08-06 06:55:28,920 [RatisPipelineUtilsThread-0] INFO  pipeline.BackgroundPipelineCreator (BackgroundPipelineCreator.java:createPipelines(236)) - Created new pipeline Pipeline[ Id: 78eb605b-ef1b-49f5-b71a-099ab90a8329, Nodes: 4d58d409-0470-47bf-8499-813befc157d5(localhost/127.0.0.1) ReplicaIndex: 0, ReplicationConfig: RATIS/ONE, State:ALLOCATED, leaderId:, CreationTimestamp2024-08-06T06:55:28.919367391Z[Etc/UTC]]
2024-08-06 06:55:29,151 [IPC Server handler 1 on default port 15247] INFO  net.NetworkTopologyImpl (NetworkTopologyImpl.java:add(134)) - Added a new node: /default-rack/701c4ea6-6f91-4e49-a6f7-7c8a32a91528
2024-08-06 06:55:29,151 [IPC Server handler 1 on default port 15247] INFO  node.SCMNodeManager (SCMNodeManager.java:register(422)) - Registered datanode: 701c4ea6-6f91-4e49-a6f7-7c8a32a91528{ip: 127.0.0.1, host: localhost, ports: [HTTP=15272, CLIENT_RPC=15273, REPLICATION=15279, RATIS=15275, RATIS_ADMIN=15275, RATIS_SERVER=15275, RATIS_DATASTREAM=15278, STANDALONE=15274], networkLocation: /default-rack, certSerialId: null, persistedOpState: null, persistedOpStateExpiryEpochSec: 0}
2024-08-06 06:55:29,151 [EventQueue-NewNodeForNewNodeHandler] INFO  pipeline.BackgroundPipelineCreator (BackgroundPipelineCreator.java:notifyEventTriggered(280)) - trigger a one-shot run on RatisPipelineUtilsThread.
2024-08-06 06:55:29,151 [EventQueue-NodeRegistrationContainerReportForDataNodeSafeModeRule] INFO  safemode.SCMSafeModeManager (DataNodeSafeModeRule.java:process(71)) - SCM in safe mode. 3 DataNodes registered, 3 required.
2024-08-06 06:55:29,152 [EventQueue-NodeRegistrationContainerReportForDataNodeSafeModeRule] INFO  safemode.SCMSafeModeManager (SCMSafeModeManager.java:validateSafeModeExitRules(203)) - DataNodeSafeModeRule rule is successfully validated
2024-08-06 06:55:29,152 [EventQueue-NodeRegistrationContainerReportForDataNodeSafeModeRule] INFO  safemode.SCMSafeModeManager (SCMSafeModeManager.java:completePreCheck(232)) - All SCM safe mode pre check rules have passed
2024-08-06 06:55:29,152 [EventQueue-NodeRegistrationContainerReportForDataNodeSafeModeRule] INFO  ha.SCMContext (SCMContext.java:updateSafeModeStatus(225)) - Update SafeModeStatus from SafeModeStatus{safeModeStatus=true, preCheckPassed=false} to SafeModeStatus{safeModeStatus=true, preCheckPassed=true}.
2024-08-06 06:55:29,152 [EventQueue-NodeRegistrationContainerReportForDataNodeSafeModeRule] INFO  pipeline.BackgroundPipelineCreator (BackgroundPipelineCreator.java:notifyEventTriggered(280)) - trigger a one-shot run on RatisPipelineUtilsThread.
2024-08-06 06:55:29,152 [main] INFO  ozone.MiniOzoneClusterImpl (MiniOzoneClusterImpl.java:lambda$waitForClusterToBeReady$0(198)) - Nodes are ready. Got 3 of 3 DN Heartbeats.
2024-08-06 06:55:29,152 [main] INFO  ozone.MiniOzoneClusterImpl (MiniOzoneClusterImpl.java:lambda$waitForClusterToBeReady$0(201)) - Waiting for cluster to exit safe mode
2024-08-06 06:55:29,152 [main] INFO  ozone.MiniOzoneClusterImpl (MiniOzoneClusterImpl.java:lambda$waitForClusterToBeReady$0(203)) - SCM became leader
2024-08-06 06:55:29,152 [RatisPipelineUtilsThread-0] INFO  pipeline.RatisPipelineProvider (RatisPipelineProvider.java:lambda$create$0(205)) - Sending CreatePipelineCommand for pipeline:PipelineID=8c6a6f1c-125f-4797-9e0f-82c162db0de2 to datanode:701c4ea6-6f91-4e49-a6f7-7c8a32a91528
2024-08-06 06:55:29,153 [RatisPipelineUtilsThread-0] INFO  pipeline.BackgroundPipelineCreator (BackgroundPipelineCreator.java:createPipelines(236)) - Created new pipeline Pipeline[ Id: 8c6a6f1c-125f-4797-9e0f-82c162db0de2, Nodes: 701c4ea6-6f91-4e49-a6f7-7c8a32a91528(localhost/127.0.0.1) ReplicaIndex: 0, ReplicationConfig: RATIS/ONE, State:ALLOCATED, leaderId:, CreationTimestamp2024-08-06T06:55:29.152744622Z[Etc/UTC]]
2024-08-06 06:55:29,153 [RatisPipelineUtilsThread-0] INFO  pipeline.RatisPipelineProvider (RatisPipelineProvider.java:lambda$create$0(205)) - Sending CreatePipelineCommand for pipeline:PipelineID=d56401b9-9b2b-452d-b2e1-b32e95555238 to datanode:701c4ea6-6f91-4e49-a6f7-7c8a32a91528
2024-08-06 06:55:29,153 [RatisPipelineUtilsThread-0] INFO  pipeline.RatisPipelineProvider (RatisPipelineProvider.java:lambda$create$0(205)) - Sending CreatePipelineCommand for pipeline:PipelineID=d56401b9-9b2b-452d-b2e1-b32e95555238 to datanode:4d58d409-0470-47bf-8499-813befc157d5
2024-08-06 06:55:29,153 [RatisPipelineUtilsThread-0] INFO  pipeline.RatisPipelineProvider (RatisPipelineProvider.java:lambda$create$0(205)) - Sending CreatePipelineCommand for pipeline:PipelineID=d56401b9-9b2b-452d-b2e1-b32e95555238 to datanode:2c741729-621d-48c8-a79f-44c82515a6f1
2024-08-06 06:55:29,154 [RatisPipelineUtilsThread-0] INFO  pipeline.BackgroundPipelineCreator (BackgroundPipelineCreator.java:createPipelines(236)) - Created new pipeline Pipeline[ Id: d56401b9-9b2b-452d-b2e1-b32e95555238, Nodes: 701c4ea6-6f91-4e49-a6f7-7c8a32a91528(localhost/127.0.0.1) ReplicaIndex: 04d58d409-0470-47bf-8499-813befc157d5(localhost/127.0.0.1) ReplicaIndex: 02c741729-621d-48c8-a79f-44c82515a6f1(localhost/127.0.0.1) ReplicaIndex: 0, ReplicationConfig: RATIS/THREE, State:ALLOCATED, leaderId:, CreationTimestamp2024-08-06T06:55:29.153577117Z[Etc/UTC]]
2024-08-06 06:55:29,154 [RatisPipelineUtilsThread-0] INFO  pipeline.RatisPipelineProvider (RatisPipelineProvider.java:lambda$create$0(205)) - Sending CreatePipelineCommand for pipeline:PipelineID=04ef4600-2ec6-4caf-bc15-dae9a42c1d5c to datanode:701c4ea6-6f91-4e49-a6f7-7c8a32a91528
2024-08-06 06:55:29,154 [RatisPipelineUtilsThread-0] INFO  pipeline.RatisPipelineProvider (RatisPipelineProvider.java:lambda$create$0(205)) - Sending CreatePipelineCommand for pipeline:PipelineID=04ef4600-2ec6-4caf-bc15-dae9a42c1d5c to datanode:2c741729-621d-48c8-a79f-44c82515a6f1
2024-08-06 06:55:29,154 [RatisPipelineUtilsThread-0] INFO  pipeline.RatisPipelineProvider (RatisPipelineProvider.java:lambda$create$0(205)) - Sending CreatePipelineCommand for pipeline:PipelineID=04ef4600-2ec6-4caf-bc15-dae9a42c1d5c to datanode:4d58d409-0470-47bf-8499-813befc157d5
2024-08-06 06:55:29,154 [RatisPipelineUtilsThread-0] INFO  pipeline.PipelineManagerImpl (PipelineManagerImpl.java:recordMetricsForPipeline(916)) - Pipeline: PipelineID=04ef4600-2ec6-4caf-bc15-dae9a42c1d5c contains same datanodes as previous pipelines: PipelineID=d56401b9-9b2b-452d-b2e1-b32e95555238 nodeIds: 701c4ea6-6f91-4e49-a6f7-7c8a32a91528, 2c741729-621d-48c8-a79f-44c82515a6f1, 4d58d409-0470-47bf-8499-813befc157d5
2024-08-06 06:55:29,154 [RatisPipelineUtilsThread-0] INFO  pipeline.BackgroundPipelineCreator (BackgroundPipelineCreator.java:createPipelines(236)) - Created new pipeline Pipeline[ Id: 04ef4600-2ec6-4caf-bc15-dae9a42c1d5c, Nodes: 701c4ea6-6f91-4e49-a6f7-7c8a32a91528(localhost/127.0.0.1) ReplicaIndex: 02c741729-621d-48c8-a79f-44c82515a6f1(localhost/127.0.0.1) ReplicaIndex: 04d58d409-0470-47bf-8499-813befc157d5(localhost/127.0.0.1) ReplicaIndex: 0, ReplicationConfig: RATIS/THREE, State:ALLOCATED, leaderId:, CreationTimestamp2024-08-06T06:55:29.154339931Z[Etc/UTC]]
2024-08-06 06:55:30,152 [main] INFO  ozone.MiniOzoneClusterImpl (MiniOzoneClusterImpl.java:lambda$waitForClusterToBeReady$0(198)) - Nodes are ready. Got 3 of 3 DN Heartbeats.
2024-08-06 06:55:30,152 [main] INFO  ozone.MiniOzoneClusterImpl (MiniOzoneClusterImpl.java:lambda$waitForClusterToBeReady$0(201)) - Waiting for cluster to exit safe mode
2024-08-06 06:55:30,152 [main] INFO  ozone.MiniOzoneClusterImpl (MiniOzoneClusterImpl.java:lambda$waitForClusterToBeReady$0(203)) - SCM became leader
2024-08-06 06:55:31,153 [main] INFO  ozone.MiniOzoneClusterImpl (MiniOzoneClusterImpl.java:lambda$waitForClusterToBeReady$0(198)) - Nodes are ready. Got 3 of 3 DN Heartbeats.
2024-08-06 06:55:31,153 [main] INFO  ozone.MiniOzoneClusterImpl (MiniOzoneClusterImpl.java:lambda$waitForClusterToBeReady$0(201)) - Waiting for cluster to exit safe mode
2024-08-06 06:55:31,153 [main] INFO  ozone.MiniOzoneClusterImpl (MiniOzoneClusterImpl.java:lambda$waitForClusterToBeReady$0(203)) - SCM became leader
2024-08-06 06:55:31,694 [2c741729-621d-48c8-a79f-44c82515a6f1-PipelineCommandHandlerThread-0] INFO  server.RaftServer (RaftServerProxy.java:addNew(101)) - 2c741729-621d-48c8-a79f-44c82515a6f1: addNew group-0D27D26C0BC5:[2c741729-621d-48c8-a79f-44c82515a6f1|127.0.0.1:15257] returns group-0D27D26C0BC5:java.util.concurrent.CompletableFuture@5328035f[Not completed]
2024-08-06 06:55:31,695 [2c741729-621d-48c8-a79f-44c82515a6f1-groupManagement] INFO  server.RaftServer$Division (RaftServerImpl.java:<init>(253)) - 2c741729-621d-48c8-a79f-44c82515a6f1: new RaftServerImpl for group-0D27D26C0BC5:[2c741729-621d-48c8-a79f-44c82515a6f1|127.0.0.1:15257] with ContainerStateMachine:uninitialized
2024-08-06 06:55:31,695 [2c741729-621d-48c8-a79f-44c82515a6f1-groupManagement] INFO  server.RaftServerConfigKeys (ConfUtils.java:logGet(46)) - raft.server.rpc.timeout.min = 5s (custom)
2024-08-06 06:55:31,695 [2c741729-621d-48c8-a79f-44c82515a6f1-groupManagement] INFO  server.RaftServerConfigKeys (ConfUtils.java:logGet(46)) - raft.server.rpc.timeout.max = 5200ms (custom)
2024-08-06 06:55:31,695 [2c741729-621d-48c8-a79f-44c82515a6f1-groupManagement] INFO  server.RaftServerConfigKeys (ConfUtils.java:logGet(46)) - raft.server.rpc.sleep.time = 25ms (default)
2024-08-06 06:55:31,695 [2c741729-621d-48c8-a79f-44c82515a6f1-groupManagement] INFO  server.RaftServerConfigKeys (ConfUtils.java:logGet(46)) - raft.server.rpc.slowness.timeout = 300s (custom)
2024-08-06 06:55:31,695 [2c741729-621d-48c8-a79f-44c82515a6f1-groupManagement] INFO  server.RaftServerConfigKeys (ConfUtils.java:logGet(46)) - raft.server.leaderelection.leader.step-down.wait-time = 10s (default)
2024-08-06 06:55:31,695 [2c741729-621d-48c8-a79f-44c82515a6f1-groupManagement] INFO  server.RaftServerConfigKeys (ConfUtils.java:logGet(46)) - raft.server.leaderelection.member.majority-add = false (default)
2024-08-06 06:55:31,695 [2c741729-621d-48c8-a79f-44c82515a6f1-groupManagement] INFO  server.RaftServerConfigKeys (ConfUtils.java:logGet(46)) - raft.server.sleep.deviation.threshold = 300ms (default)
2024-08-06 06:55:31,695 [2c741729-621d-48c8-a79f-44c82515a6f1-groupManagement] INFO  server.RaftServer$Division (ServerState.java:<init>(114)) - 2c741729-621d-48c8-a79f-44c82515a6f1@group-0D27D26C0BC5: ConfigurationManager, init=conf: {index: -1, cur=peers:[2c741729-621d-48c8-a79f-44c82515a6f1|127.0.0.1:15257]|listeners:[], old=null}, confs=<EMPTY_MAP>
2024-08-06 06:55:31,695 [2c741729-621d-48c8-a79f-44c82515a6f1-groupManagement] INFO  server.RaftServerConfigKeys (ConfUtils.java:logGet(46)) - raft.server.notification.no-leader.timeout = 300s (custom)
2024-08-06 06:55:31,696 [2c741729-621d-48c8-a79f-44c82515a6f1-groupManagement] INFO  server.RaftServerConfigKeys (ConfUtils.java:logGet(46)) - raft.server.read.timeout = 10s (default)
2024-08-06 06:55:31,696 [2c741729-621d-48c8-a79f-44c82515a6f1-groupManagement] INFO  server.RaftServerConfigKeys (ConfUtils.java:logGet(46)) - raft.server.retrycache.expirytime = 600000ms (custom)
2024-08-06 06:55:31,696 [2c741729-621d-48c8-a79f-44c82515a6f1-groupManagement] INFO  server.RaftServerConfigKeys (ConfUtils.java:logGet(46)) - raft.server.retrycache.statistics.expirytime = 100ms (default)
2024-08-06 06:55:31,696 [2c741729-621d-48c8-a79f-44c82515a6f1-groupManagement] INFO  server.RaftServerConfigKeys (ConfUtils.java:logGet(46)) - raft.server.read.option = DEFAULT (default)
2024-08-06 06:55:31,696 [2c741729-621d-48c8-a79f-44c82515a6f1-groupManagement] INFO  server.RaftServerConfigKeys (ConfUtils.java:logGet(46)) - raft.server.read.read-after-write-consistent.write-index-cache.expiry-time = 60s (default)
2024-08-06 06:55:31,697 [2c741729-621d-48c8-a79f-44c82515a6f1-groupManagement] INFO  server.RaftServerConfigKeys (ConfUtils.java:logGet(46)) - raft.server.rpc.request.timeout = 60s (custom)
2024-08-06 06:55:31,697 [2c741729-621d-48c8-a79f-44c82515a6f1-groupManagement] INFO  server.RaftServerConfigKeys (ConfUtils.java:logGet(46)) - raft.server.log.appender.install.snapshot.enabled = false (custom)
2024-08-06 06:55:31,697 [2c741729-621d-48c8-a79f-44c82515a6f1-groupManagement] INFO  server.RaftServerConfigKeys (ConfUtils.java:logGet(46)) - raft.server.threadpool.server.cached = true (default)
2024-08-06 06:55:31,697 [2c741729-621d-48c8-a79f-44c82515a6f1-groupManagement] INFO  server.RaftServerConfigKeys (ConfUtils.java:logGet(46)) - raft.server.threadpool.server.size = 0 (default)
2024-08-06 06:55:31,697 [2c741729-621d-48c8-a79f-44c82515a6f1-groupManagement] INFO  server.RaftServerConfigKeys (ConfUtils.java:logGet(46)) - raft.server.threadpool.client.cached = true (default)
2024-08-06 06:55:31,697 [2c741729-621d-48c8-a79f-44c82515a6f1-groupManagement] INFO  server.RaftServerConfigKeys (ConfUtils.java:logGet(46)) - raft.server.threadpool.client.size = 0 (default)
2024-08-06 06:55:31,697 [2c741729-621d-48c8-a79f-44c82515a6f1-groupManagement] INFO  server.RaftServerConfigKeys (ConfUtils.java:logGet(46)) - raft.server.storage.free-space.min = 0MB (=0) (default)
2024-08-06 06:55:31,697 [2c741729-621d-48c8-a79f-44c82515a6f1-groupManagement] INFO  server.RaftServerConfigKeys (ConfUtils.java:logGet(46)) - raft.server.log.corruption.policy = EXCEPTION (default)
2024-08-06 06:55:31,697 [2c741729-621d-48c8-a79f-44c82515a6f1-groupManagement] INFO  server.RaftServerConfigKeys (ConfUtils.java:logGet(46)) - raft.server.storage.dir = [/home/runner/work/ozone/ozone/hadoop-ozone/integration-test/target/test-dir/MiniOzoneClusterImpl-0b493811-7be1-4111-9212-de561dacad59/ozone-meta/datanode-1/ratis] (custom)
2024-08-06 06:55:31,698 [2c741729-621d-48c8-a79f-44c82515a6f1-groupManagement] INFO  storage.RaftStorageDirectory (RaftStorageDirectoryImpl.java:analyzeStorage(138)) - The storage directory /home/runner/work/ozone/ozone/hadoop-ozone/integration-test/target/test-dir/MiniOzoneClusterImpl-0b493811-7be1-4111-9212-de561dacad59/ozone-meta/datanode-1/ratis/b32766c3-5573-46a9-addc-0d27d26c0bc5 does not exist. Creating ...
2024-08-06 06:55:31,699 [2c741729-621d-48c8-a79f-44c82515a6f1-groupManagement] INFO  storage.RaftStorageDirectory (RaftStorageDirectoryImpl.java:tryLock(229)) - Lock on /home/runner/work/ozone/ozone/hadoop-ozone/integration-test/target/test-dir/MiniOzoneClusterImpl-0b493811-7be1-4111-9212-de561dacad59/ozone-meta/datanode-1/ratis/b32766c3-5573-46a9-addc-0d27d26c0bc5/in_use.lock acquired by nodename 24276@fv-az1978-46
2024-08-06 06:55:31,700 [2c741729-621d-48c8-a79f-44c82515a6f1-groupManagement] INFO  storage.RaftStorage (RaftStorageImpl.java:format(98)) - Storage directory /home/runner/work/ozone/ozone/hadoop-ozone/integration-test/target/test-dir/MiniOzoneClusterImpl-0b493811-7be1-4111-9212-de561dacad59/ozone-meta/datanode-1/ratis/b32766c3-5573-46a9-addc-0d27d26c0bc5 has been successfully formatted.
2024-08-06 06:55:31,700 [2c741729-621d-48c8-a79f-44c82515a6f1-groupManagement] INFO  ratis.ContainerStateMachine (ContainerStateMachine.java:loadSnapshot(287)) - group-0D27D26C0BC5: The snapshot info is null. Setting the last applied index to:(t:0, i:~)
2024-08-06 06:55:31,700 [2c741729-621d-48c8-a79f-44c82515a6f1-groupManagement] INFO  server.RaftServerConfigKeys (ConfUtils.java:logGet(46)) - raft.server.log.use.memory = false (default)
2024-08-06 06:55:31,700 [2c741729-621d-48c8-a79f-44c82515a6f1-groupManagement] INFO  server.RaftServerConfigKeys (ConfUtils.java:logGet(46)) - raft.server.log.purge.gap = 1000000 (custom)
2024-08-06 06:55:31,700 [2c741729-621d-48c8-a79f-44c82515a6f1-groupManagement] INFO  server.RaftServerConfigKeys (ConfUtils.java:logGet(46)) - raft.server.log.appender.buffer.byte-limit = 8388608 (custom)
2024-08-06 06:55:31,701 [2c741729-621d-48c8-a79f-44c82515a6f1-groupManagement] INFO  server.RaftServerConfigKeys (ConfUtils.java:logGet(46)) - raft.server.log.statemachine.data.read.timeout = 1000ms (default)
2024-08-06 06:55:31,701 [2c741729-621d-48c8-a79f-44c82515a6f1-groupManagement] INFO  server.RaftServerConfigKeys (ConfUtils.java:logGet(46)) - raft.server.log.purge.preservation.log.num = 0 (default)
2024-08-06 06:55:31,701 [2c741729-621d-48c8-a79f-44c82515a6f1-groupManagement] INFO  server.RaftServerConfigKeys (ConfUtils.java:logGet(46)) - raft.server.log.segment.size.max = 67108864 (custom)
2024-08-06 06:55:31,701 [2c741729-621d-48c8-a79f-44c82515a6f1-groupManagement] INFO  server.RaftServerConfigKeys (ConfUtils.java:logGet(46)) - raft.server.log.segment.cache.num.max = 2 (custom)
2024-08-06 06:55:31,702 [2c741729-621d-48c8-a79f-44c82515a6f1-groupManagement] INFO  server.RaftServerConfigKeys (ConfUtils.java:logGet(46)) - raft.server.log.segment.cache.size.max = 200MB (=209715200) (default)
2024-08-06 06:55:31,702 [EventQueue-PipelineReportForPipelineReportHandler] INFO  pipeline.PipelineReportHandler (PipelineReportHandler.java:processPipelineReport(136)) - Opened pipeline PipelineID=b32766c3-5573-46a9-addc-0d27d26c0bc5
2024-08-06 06:55:31,702 [2c741729-621d-48c8-a79f-44c82515a6f1-groupManagement] INFO  server.RaftServerConfigKeys (ConfUtils.java:logGet(46)) - raft.server.log.appender.buffer.byte-limit = 8388608 (custom)
2024-08-06 06:55:31,702 [EventQueue-OpenPipelineForHealthyPipelineSafeModeRule] INFO  safemode.SCMSafeModeManager (HealthyPipelineSafeModeRule.java:process(140)) - SCM in safe mode. Healthy pipelines reported count is 0, required healthy pipeline reported count is 1
2024-08-06 06:55:31,703 [2c741729-621d-48c8-a79f-44c82515a6f1-groupManagement] INFO  util.AwaitToRun (AwaitToRun.java:start(81)) - Thread[2c741729-621d-48c8-a79f-44c82515a6f1@group-0D27D26C0BC5-cacheEviction-AwaitToRun,5,main] started
2024-08-06 06:55:31,703 [2c741729-621d-48c8-a79f-44c82515a6f1-groupManagement] INFO  segmented.SegmentedRaftLogWorker (SegmentedRaftLogWorker.java:<init>(184)) - new 2c741729-621d-48c8-a79f-44c82515a6f1@group-0D27D26C0BC5-SegmentedRaftLogWorker for RaftStorageImpl:Storage Directory /home/runner/work/ozone/ozone/hadoop-ozone/integration-test/target/test-dir/MiniOzoneClusterImpl-0b493811-7be1-4111-9212-de561dacad59/ozone-meta/datanode-1/ratis/b32766c3-5573-46a9-addc-0d27d26c0bc5
2024-08-06 06:55:31,703 [2c741729-621d-48c8-a79f-44c82515a6f1-groupManagement] INFO  server.RaftServerConfigKeys (ConfUtils.java:logGet(46)) - raft.server.log.queue.byte-limit = 4294967296 (custom)
2024-08-06 06:55:31,703 [2c741729-621d-48c8-a79f-44c82515a6f1-groupManagement] INFO  server.RaftServerConfigKeys (ConfUtils.java:logGet(46)) - raft.server.log.queue.element-limit = 1024 (custom)
2024-08-06 06:55:31,704 [2c741729-621d-48c8-a79f-44c82515a6f1-groupManagement] INFO  server.RaftServerConfigKeys (ConfUtils.java:logGet(46)) - raft.server.log.segment.size.max = 67108864 (custom)
2024-08-06 06:55:31,704 [2c741729-621d-48c8-a79f-44c82515a6f1-groupManagement] INFO  server.RaftServerConfigKeys (ConfUtils.java:logGet(46)) - raft.server.log.preallocated.size = 4194304 (custom)
2024-08-06 06:55:31,704 [2c741729-621d-48c8-a79f-44c82515a6f1-groupManagement] INFO  server.RaftServerConfigKeys (ConfUtils.java:logGet(46)) - raft.server.log.force.sync.num = 128 (default)
2024-08-06 06:55:31,704 [2c741729-621d-48c8-a79f-44c82515a6f1-groupManagement] INFO  server.RaftServerConfigKeys (ConfUtils.java:logGet(46)) - raft.server.log.statemachine.data.sync = true (default)
2024-08-06 06:55:31,704 [2c741729-621d-48c8-a79f-44c82515a6f1-groupManagement] INFO  server.RaftServerConfigKeys (ConfUtils.java:logGet(46)) - raft.server.log.statemachine.data.sync.timeout = 10s (default)
2024-08-06 06:55:31,704 [2c741729-621d-48c8-a79f-44c82515a6f1-groupManagement] INFO  server.RaftServerConfigKeys (ConfUtils.java:logGet(46)) - raft.server.log.statemachine.data.sync.timeout.retry = 30 (custom)
2024-08-06 06:55:31,704 [2c741729-621d-48c8-a79f-44c82515a6f1-groupManagement] INFO  server.RaftServerConfigKeys (ConfUtils.java:logGet(46)) - raft.server.log.write.buffer.size = 8388616 (custom)
2024-08-06 06:55:31,708 [2c741729-621d-48c8-a79f-44c82515a6f1-groupManagement] INFO  server.RaftServerConfigKeys (ConfUtils.java:logGet(46)) - raft.server.log.appender.buffer.byte-limit = 8388608 (custom)
2024-08-06 06:55:31,708 [2c741729-621d-48c8-a79f-44c82515a6f1-groupManagement] INFO  server.RaftServerConfigKeys (ConfUtils.java:logGet(46)) - raft.server.log.unsafe-flush.enabled = false (default)
2024-08-06 06:55:31,708 [2c741729-621d-48c8-a79f-44c82515a6f1-groupManagement] INFO  server.RaftServerConfigKeys (ConfUtils.java:logGet(46)) - raft.server.log.async-flush.enabled = false (default)
2024-08-06 06:55:31,708 [2c741729-621d-48c8-a79f-44c82515a6f1-groupManagement] INFO  server.RaftServerConfigKeys (ConfUtils.java:logGet(46)) - raft.server.log.statemachine.data.caching.enabled = true (custom)
2024-08-06 06:55:31,708 [2c741729-621d-48c8-a79f-44c82515a6f1-groupManagement] INFO  segmented.SegmentedRaftLogWorker (SegmentedRaftLogWorker.java:lambda$new$0(135)) - 2c741729-621d-48c8-a79f-44c82515a6f1@group-0D27D26C0BC5-SegmentedRaftLogWorker: flushIndex: setUnconditionally 0 -> -1
2024-08-06 06:55:31,708 [2c741729-621d-48c8-a79f-44c82515a6f1-groupManagement] INFO  segmented.SegmentedRaftLogWorker (SegmentedRaftLogWorker.java:lambda$new$0(135)) - 2c741729-621d-48c8-a79f-44c82515a6f1@group-0D27D26C0BC5-SegmentedRaftLogWorker: safeCacheEvictIndex: setUnconditionally 0 -> -1
2024-08-06 06:55:31,708 [2c741729-621d-48c8-a79f-44c82515a6f1-groupManagement] INFO  server.RaftServer$Division (RaftServerImpl.java:start(389)) - 2c741729-621d-48c8-a79f-44c82515a6f1@group-0D27D26C0BC5: start as a follower, conf=conf: {index: -1, cur=peers:[2c741729-621d-48c8-a79f-44c82515a6f1|127.0.0.1:15257]|listeners:[], old=null}
2024-08-06 06:55:31,708 [2c741729-621d-48c8-a79f-44c82515a6f1-groupManagement] INFO  server.RaftServer$Division (RaftServerImpl.java:setRole(376)) - 2c741729-621d-48c8-a79f-44c82515a6f1@group-0D27D26C0BC5: changes role from      null to FOLLOWER at term 0 for startAsFollower
2024-08-06 06:55:31,708 [2c741729-621d-48c8-a79f-44c82515a6f1-groupManagement] INFO  impl.RoleInfo (RoleInfo.java:updateAndGet(148)) - 2c741729-621d-48c8-a79f-44c82515a6f1: start 2c741729-621d-48c8-a79f-44c82515a6f1@group-0D27D26C0BC5-FollowerState
2024-08-06 06:55:31,709 [2c741729-621d-48c8-a79f-44c82515a6f1-groupManagement] INFO  util.JmxRegister (JmxRegister.java:tryRegister(44)) - Successfully registered JMX Bean with object name Ratis:service=RaftServer,group=group-0D27D26C0BC5,id=2c741729-621d-48c8-a79f-44c82515a6f1
2024-08-06 06:55:31,709 [2c741729-621d-48c8-a79f-44c82515a6f1-groupManagement] INFO  util.JmxRegister (JmxRegister.java:register(58)) - register mxBean class org.apache.ratis.server.impl.RaftServerJmxAdapter as Ratis:service=RaftServer,group=group-0D27D26C0BC5,id=2c741729-621d-48c8-a79f-44c82515a6f1
2024-08-06 06:55:31,709 [2c741729-621d-48c8-a79f-44c82515a6f1-groupManagement] INFO  server.RaftServerConfigKeys (ConfUtils.java:logGet(46)) - raft.server.snapshot.trigger-when-stop.enabled = true (default)
2024-08-06 06:55:31,709 [2c741729-621d-48c8-a79f-44c82515a6f1-groupManagement] INFO  server.RaftServerConfigKeys (ConfUtils.java:logGet(46)) - raft.server.snapshot.trigger-when-remove.enabled = true (default)
2024-08-06 06:55:31,709 [2c741729-621d-48c8-a79f-44c82515a6f1-groupManagement] INFO  server.RaftServerConfigKeys (ConfUtils.java:logGet(46)) - raft.server.snapshot.auto.trigger.enabled = true (custom)
2024-08-06 06:55:31,709 [2c741729-621d-48c8-a79f-44c82515a6f1-groupManagement] INFO  server.RaftServerConfigKeys (ConfUtils.java:logGet(46)) - raft.server.snapshot.auto.trigger.threshold = 10000 (custom)
2024-08-06 06:55:31,709 [2c741729-621d-48c8-a79f-44c82515a6f1-groupManagement] INFO  server.RaftServerConfigKeys (ConfUtils.java:logGet(46)) - raft.server.snapshot.retention.file.num = 5 (custom)
2024-08-06 06:55:31,709 [2c741729-621d-48c8-a79f-44c82515a6f1-groupManagement] INFO  server.RaftServerConfigKeys (ConfUtils.java:logGet(46)) - raft.server.log.purge.upto.snapshot.index = false (default)
2024-08-06 06:55:31,709 [2c741729-621d-48c8-a79f-44c82515a6f1@group-0D27D26C0BC5-FollowerState] INFO  server.RaftServerConfigKeys (ConfUtils.java:logFallback(53)) - raft.server.rpc.first-election.timeout.min = 5s (fallback to raft.server.rpc.timeout.min)
2024-08-06 06:55:31,709 [2c741729-621d-48c8-a79f-44c82515a6f1@group-0D27D26C0BC5-FollowerState] INFO  server.RaftServerConfigKeys (ConfUtils.java:logFallback(53)) - raft.server.rpc.first-election.timeout.max = 5200ms (fallback to raft.server.rpc.timeout.max)
2024-08-06 06:55:31,709 [2c741729-621d-48c8-a79f-44c82515a6f1-PipelineCommandHandlerThread-0] INFO  ratis.XceiverServerRatis (XceiverServerRatis.java:addGroup(846)) - Created group PipelineID=b32766c3-5573-46a9-addc-0d27d26c0bc5
2024-08-06 06:55:31,710 [2c741729-621d-48c8-a79f-44c82515a6f1-PipelineCommandHandlerThread-0] INFO  commandhandler.CreatePipelineCommandHandler (CreatePipelineCommandHandler.java:lambda$handle$2(124)) - Created Pipeline RATIS ONE PipelineID=b32766c3-5573-46a9-addc-0d27d26c0bc5.
2024-08-06 06:55:31,710 [2c741729-621d-48c8-a79f-44c82515a6f1-PipelineCommandHandlerThread-0] INFO  server.RaftServer (RaftServerProxy.java:addNew(101)) - 2c741729-621d-48c8-a79f-44c82515a6f1: addNew group-B32E95555238:[701c4ea6-6f91-4e49-a6f7-7c8a32a91528|127.0.0.1:15275, 4d58d409-0470-47bf-8499-813befc157d5|127.0.0.1:15266, 2c741729-621d-48c8-a79f-44c82515a6f1|127.0.0.1:15257] returns group-B32E95555238:java.util.concurrent.CompletableFuture@57179de2[Not completed]
2024-08-06 06:55:31,711 [2c741729-621d-48c8-a79f-44c82515a6f1-groupManagement] INFO  server.RaftServer$Division (RaftServerImpl.java:<init>(253)) - 2c741729-621d-48c8-a79f-44c82515a6f1: new RaftServerImpl for group-B32E95555238:[701c4ea6-6f91-4e49-a6f7-7c8a32a91528|127.0.0.1:15275, 4d58d409-0470-47bf-8499-813befc157d5|127.0.0.1:15266, 2c741729-621d-48c8-a79f-44c82515a6f1|127.0.0.1:15257] with ContainerStateMachine:uninitialized
2024-08-06 06:55:31,711 [2c741729-621d-48c8-a79f-44c82515a6f1-groupManagement] INFO  server.RaftServerConfigKeys (ConfUtils.java:logGet(46)) - raft.server.rpc.timeout.min = 5s (custom)
2024-08-06 06:55:31,711 [2c741729-621d-48c8-a79f-44c82515a6f1-groupManagement] INFO  server.RaftServerConfigKeys (ConfUtils.java:logGet(46)) - raft.server.rpc.timeout.max = 5200ms (custom)
2024-08-06 06:55:31,711 [2c741729-621d-48c8-a79f-44c82515a6f1-groupManagement] INFO  server.RaftServerConfigKeys (ConfUtils.java:logGet(46)) - raft.server.rpc.sleep.time = 25ms (default)
2024-08-06 06:55:31,711 [2c741729-621d-48c8-a79f-44c82515a6f1-groupManagement] INFO  server.RaftServerConfigKeys (ConfUtils.java:logGet(46)) - raft.server.rpc.slowness.timeout = 300s (custom)
2024-08-06 06:55:31,711 [2c741729-621d-48c8-a79f-44c82515a6f1-groupManagement] INFO  server.RaftServerConfigKeys (ConfUtils.java:logGet(46)) - raft.server.leaderelection.leader.step-down.wait-time = 10s (default)
2024-08-06 06:55:31,711 [2c741729-621d-48c8-a79f-44c82515a6f1-groupManagement] INFO  server.RaftServerConfigKeys (ConfUtils.java:logGet(46)) - raft.server.leaderelection.member.majority-add = false (default)
2024-08-06 06:55:31,711 [2c741729-621d-48c8-a79f-44c82515a6f1-groupManagement] INFO  server.RaftServerConfigKeys (ConfUtils.java:logGet(46)) - raft.server.sleep.deviation.threshold = 300ms (default)
2024-08-06 06:55:31,711 [2c741729-621d-48c8-a79f-44c82515a6f1-groupManagement] INFO  server.RaftServer$Division (ServerState.java:<init>(114)) - 2c741729-621d-48c8-a79f-44c82515a6f1@group-B32E95555238: ConfigurationManager, init=conf: {index: -1, cur=peers:[701c4ea6-6f91-4e49-a6f7-7c8a32a91528|127.0.0.1:15275, 4d58d409-0470-47bf-8499-813befc157d5|127.0.0.1:15266, 2c741729-621d-48c8-a79f-44c82515a6f1|127.0.0.1:15257]|listeners:[], old=null}, confs=<EMPTY_MAP>
2024-08-06 06:55:31,711 [2c741729-621d-48c8-a79f-44c82515a6f1-groupManagement] INFO  server.RaftServerConfigKeys (ConfUtils.java:logGet(46)) - raft.server.notification.no-leader.timeout = 300s (custom)
2024-08-06 06:55:31,711 [2c741729-621d-48c8-a79f-44c82515a6f1-groupManagement] INFO  server.RaftServerConfigKeys (ConfUtils.java:logGet(46)) - raft.server.read.timeout = 10s (default)
2024-08-06 06:55:31,711 [2c741729-621d-48c8-a79f-44c82515a6f1-groupManagement] INFO  server.RaftServerConfigKeys (ConfUtils.java:logGet(46)) - raft.server.retrycache.expirytime = 600000ms (custom)
2024-08-06 06:55:31,712 [2c741729-621d-48c8-a79f-44c82515a6f1-groupManagement] INFO  server.RaftServerConfigKeys (ConfUtils.java:logGet(46)) - raft.server.retrycache.statistics.expirytime = 100ms (default)
2024-08-06 06:55:31,712 [2c741729-621d-48c8-a79f-44c82515a6f1-groupManagement] INFO  server.RaftServerConfigKeys (ConfUtils.java:logGet(46)) - raft.server.read.option = DEFAULT (default)
2024-08-06 06:55:31,712 [2c741729-621d-48c8-a79f-44c82515a6f1-groupManagement] INFO  server.RaftServerConfigKeys (ConfUtils.java:logGet(46)) - raft.server.read.read-after-write-consistent.write-index-cache.expiry-time = 60s (default)
2024-08-06 06:55:31,713 [2c741729-621d-48c8-a79f-44c82515a6f1-groupManagement] INFO  server.RaftServerConfigKeys (ConfUtils.java:logGet(46)) - raft.server.rpc.request.timeout = 60s (custom)
2024-08-06 06:55:31,713 [2c741729-621d-48c8-a79f-44c82515a6f1-groupManagement] INFO  server.RaftServerConfigKeys (ConfUtils.java:logGet(46)) - raft.server.log.appender.install.snapshot.enabled = false (custom)
2024-08-06 06:55:31,713 [2c741729-621d-48c8-a79f-44c82515a6f1-groupManagement] INFO  server.RaftServerConfigKeys (ConfUtils.java:logGet(46)) - raft.server.threadpool.server.cached = true (default)
2024-08-06 06:55:31,713 [2c741729-621d-48c8-a79f-44c82515a6f1-groupManagement] INFO  server.RaftServerConfigKeys (ConfUtils.java:logGet(46)) - raft.server.threadpool.server.size = 0 (default)
2024-08-06 06:55:31,713 [2c741729-621d-48c8-a79f-44c82515a6f1-groupManagement] INFO  server.RaftServerConfigKeys (ConfUtils.java:logGet(46)) - raft.server.threadpool.client.cached = true (default)
2024-08-06 06:55:31,713 [2c741729-621d-48c8-a79f-44c82515a6f1-groupManagement] INFO  server.RaftServerConfigKeys (ConfUtils.java:logGet(46)) - raft.server.threadpool.client.size = 0 (default)
2024-08-06 06:55:31,713 [2c741729-621d-48c8-a79f-44c82515a6f1-groupManagement] INFO  server.RaftServerConfigKeys (ConfUtils.java:logGet(46)) - raft.server.storage.free-space.min = 0MB (=0) (default)
2024-08-06 06:55:31,713 [2c741729-621d-48c8-a79f-44c82515a6f1-groupManagement] INFO  server.RaftServerConfigKeys (ConfUtils.java:logGet(46)) - raft.server.log.corruption.policy = EXCEPTION (default)
2024-08-06 06:55:31,713 [2c741729-621d-48c8-a79f-44c82515a6f1-groupManagement] INFO  server.RaftServerConfigKeys (ConfUtils.java:logGet(46)) - raft.server.storage.dir = [/home/runner/work/ozone/ozone/hadoop-ozone/integration-test/target/test-dir/MiniOzoneClusterImpl-0b493811-7be1-4111-9212-de561dacad59/ozone-meta/datanode-1/ratis] (custom)
2024-08-06 06:55:31,713 [2c741729-621d-48c8-a79f-44c82515a6f1-groupManagement] INFO  storage.RaftStorageDirectory (RaftStorageDirectoryImpl.java:analyzeStorage(138)) - The storage directory /home/runner/work/ozone/ozone/hadoop-ozone/integration-test/target/test-dir/MiniOzoneClusterImpl-0b493811-7be1-4111-9212-de561dacad59/ozone-meta/datanode-1/ratis/d56401b9-9b2b-452d-b2e1-b32e95555238 does not exist. Creating ...
2024-08-06 06:55:31,714 [2c741729-621d-48c8-a79f-44c82515a6f1-groupManagement] INFO  storage.RaftStorageDirectory (RaftStorageDirectoryImpl.java:tryLock(229)) - Lock on /home/runner/work/ozone/ozone/hadoop-ozone/integration-test/target/test-dir/MiniOzoneClusterImpl-0b493811-7be1-4111-9212-de561dacad59/ozone-meta/datanode-1/ratis/d56401b9-9b2b-452d-b2e1-b32e95555238/in_use.lock acquired by nodename 24276@fv-az1978-46
2024-08-06 06:55:31,715 [2c741729-621d-48c8-a79f-44c82515a6f1-groupManagement] INFO  storage.RaftStorage (RaftStorageImpl.java:format(98)) - Storage directory /home/runner/work/ozone/ozone/hadoop-ozone/integration-test/target/test-dir/MiniOzoneClusterImpl-0b493811-7be1-4111-9212-de561dacad59/ozone-meta/datanode-1/ratis/d56401b9-9b2b-452d-b2e1-b32e95555238 has been successfully formatted.
2024-08-06 06:55:31,716 [2c741729-621d-48c8-a79f-44c82515a6f1-groupManagement] INFO  ratis.ContainerStateMachine (ContainerStateMachine.java:loadSnapshot(287)) - group-B32E95555238: The snapshot info is null. Setting the last applied index to:(t:0, i:~)
2024-08-06 06:55:31,716 [2c741729-621d-48c8-a79f-44c82515a6f1-groupManagement] INFO  server.RaftServerConfigKeys (ConfUtils.java:logGet(46)) - raft.server.log.use.memory = false (default)
2024-08-06 06:55:31,716 [2c741729-621d-48c8-a79f-44c82515a6f1-groupManagement] INFO  server.RaftServerConfigKeys (ConfUtils.java:logGet(46)) - raft.server.log.purge.gap = 1000000 (custom)
2024-08-06 06:55:31,716 [2c741729-621d-48c8-a79f-44c82515a6f1-groupManagement] INFO  server.RaftServerConfigKeys (ConfUtils.java:logGet(46)) - raft.server.log.appender.buffer.byte-limit = 8388608 (custom)
2024-08-06 06:55:31,716 [2c741729-621d-48c8-a79f-44c82515a6f1-groupManagement] INFO  server.RaftServerConfigKeys (ConfUtils.java:logGet(46)) - raft.server.log.statemachine.data.read.timeout = 1000ms (default)
2024-08-06 06:55:31,716 [2c741729-621d-48c8-a79f-44c82515a6f1-groupManagement] INFO  server.RaftServerConfigKeys (ConfUtils.java:logGet(46)) - raft.server.log.purge.preservation.log.num = 0 (default)
2024-08-06 06:55:31,717 [EventQueue-OpenPipelineForHealthyPipelineSafeModeRule] INFO  safemode.SCMSafeModeManager (HealthyPipelineSafeModeRule.java:process(140)) - SCM in safe mode. Healthy pipelines reported count is 0, required healthy pipeline reported count is 1
2024-08-06 06:55:31,717 [2c741729-621d-48c8-a79f-44c82515a6f1-groupManagement] INFO  server.RaftServerConfigKeys (ConfUtils.java:logGet(46)) - raft.server.log.segment.size.max = 67108864 (custom)
2024-08-06 06:55:31,717 [2c741729-621d-48c8-a79f-44c82515a6f1-groupManagement] INFO  server.RaftServerConfigKeys (ConfUtils.java:logGet(46)) - raft.server.log.segment.cache.num.max = 2 (custom)
2024-08-06 06:55:31,717 [2c741729-621d-48c8-a79f-44c82515a6f1-groupManagement] INFO  server.RaftServerConfigKeys (ConfUtils.java:logGet(46)) - raft.server.log.segment.cache.size.max = 200MB (=209715200) (default)
2024-08-06 06:55:31,718 [2c741729-621d-48c8-a79f-44c82515a6f1-groupManagement] INFO  server.RaftServerConfigKeys (ConfUtils.java:logGet(46)) - raft.server.log.appender.buffer.byte-limit = 8388608 (custom)
2024-08-06 06:55:31,718 [2c741729-621d-48c8-a79f-44c82515a6f1-groupManagement] INFO  util.AwaitToRun (AwaitToRun.java:start(81)) - Thread[2c741729-621d-48c8-a79f-44c82515a6f1@group-B32E95555238-cacheEviction-AwaitToRun,5,main] started
2024-08-06 06:55:31,718 [2c741729-621d-48c8-a79f-44c82515a6f1-groupManagement] INFO  segmented.SegmentedRaftLogWorker (SegmentedRaftLogWorker.java:<init>(184)) - new 2c741729-621d-48c8-a79f-44c82515a6f1@group-B32E95555238-SegmentedRaftLogWorker for RaftStorageImpl:Storage Directory /home/runner/work/ozone/ozone/hadoop-ozone/integration-test/target/test-dir/MiniOzoneClusterImpl-0b493811-7be1-4111-9212-de561dacad59/ozone-meta/datanode-1/ratis/d56401b9-9b2b-452d-b2e1-b32e95555238
2024-08-06 06:55:31,718 [2c741729-621d-48c8-a79f-44c82515a6f1-groupManagement] INFO  server.RaftServerConfigKeys (ConfUtils.java:logGet(46)) - raft.server.log.queue.byte-limit = 4294967296 (custom)
2024-08-06 06:55:31,718 [2c741729-621d-48c8-a79f-44c82515a6f1-groupManagement] INFO  server.RaftServerConfigKeys (ConfUtils.java:logGet(46)) - raft.server.log.queue.element-limit = 1024 (custom)
2024-08-06 06:55:31,718 [2c741729-621d-48c8-a79f-44c82515a6f1-groupManagement] INFO  server.RaftServerConfigKeys (ConfUtils.java:logGet(46)) - raft.server.log.segment.size.max = 67108864 (custom)
2024-08-06 06:55:31,718 [2c741729-621d-48c8-a79f-44c82515a6f1-groupManagement] INFO  server.RaftServerConfigKeys (ConfUtils.java:logGet(46)) - raft.server.log.preallocated.size = 4194304 (custom)
2024-08-06 06:55:31,718 [2c741729-621d-48c8-a79f-44c82515a6f1-groupManagement] INFO  server.RaftServerConfigKeys (ConfUtils.java:logGet(46)) - raft.server.log.force.sync.num = 128 (default)
2024-08-06 06:55:31,718 [2c741729-621d-48c8-a79f-44c82515a6f1-groupManagement] INFO  server.RaftServerConfigKeys (ConfUtils.java:logGet(46)) - raft.server.log.statemachine.data.sync = true (default)
2024-08-06 06:55:31,718 [2c741729-621d-48c8-a79f-44c82515a6f1-groupManagement] INFO  server.RaftServerConfigKeys (ConfUtils.java:logGet(46)) - raft.server.log.statemachine.data.sync.timeout = 10s (default)
2024-08-06 06:55:31,719 [2c741729-621d-48c8-a79f-44c82515a6f1-groupManagement] INFO  server.RaftServerConfigKeys (ConfUtils.java:logGet(46)) - raft.server.log.statemachine.data.sync.timeout.retry = 30 (custom)
2024-08-06 06:55:31,719 [2c741729-621d-48c8-a79f-44c82515a6f1-groupManagement] INFO  server.RaftServerConfigKeys (ConfUtils.java:logGet(46)) - raft.server.log.write.buffer.size = 8388616 (custom)
2024-08-06 06:55:31,721 [2c741729-621d-48c8-a79f-44c82515a6f1-groupManagement] INFO  server.RaftServerConfigKeys (ConfUtils.java:logGet(46)) - raft.server.log.appender.buffer.byte-limit = 8388608 (custom)
2024-08-06 06:55:31,721 [2c741729-621d-48c8-a79f-44c82515a6f1-groupManagement] INFO  server.RaftServerConfigKeys (ConfUtils.java:logGet(46)) - raft.server.log.unsafe-flush.enabled = false (default)
2024-08-06 06:55:31,721 [2c741729-621d-48c8-a79f-44c82515a6f1-groupManagement] INFO  server.RaftServerConfigKeys (ConfUtils.java:logGet(46)) - raft.server.log.async-flush.enabled = false (default)
2024-08-06 06:55:31,722 [2c741729-621d-48c8-a79f-44c82515a6f1-groupManagement] INFO  server.RaftServerConfigKeys (ConfUtils.java:logGet(46)) - raft.server.log.statemachine.data.caching.enabled = true (custom)
2024-08-06 06:55:31,722 [2c741729-621d-48c8-a79f-44c82515a6f1-groupManagement] INFO  segmented.SegmentedRaftLogWorker (SegmentedRaftLogWorker.java:lambda$new$0(135)) - 2c741729-621d-48c8-a79f-44c82515a6f1@group-B32E95555238-SegmentedRaftLogWorker: flushIndex: setUnconditionally 0 -> -1
2024-08-06 06:55:31,722 [2c741729-621d-48c8-a79f-44c82515a6f1-groupManagement] INFO  segmented.SegmentedRaftLogWorker (SegmentedRaftLogWorker.java:lambda$new$0(135)) - 2c741729-621d-48c8-a79f-44c82515a6f1@group-B32E95555238-SegmentedRaftLogWorker: safeCacheEvictIndex: setUnconditionally 0 -> -1
2024-08-06 06:55:31,722 [2c741729-621d-48c8-a79f-44c82515a6f1-groupManagement] INFO  server.RaftServer$Division (RaftServerImpl.java:start(389)) - 2c741729-621d-48c8-a79f-44c82515a6f1@group-B32E95555238: start as a follower, conf=conf: {index: -1, cur=peers:[701c4ea6-6f91-4e49-a6f7-7c8a32a91528|127.0.0.1:15275, 4d58d409-0470-47bf-8499-813befc157d5|127.0.0.1:15266, 2c741729-621d-48c8-a79f-44c82515a6f1|127.0.0.1:15257]|listeners:[], old=null}
2024-08-06 06:55:31,722 [2c741729-621d-48c8-a79f-44c82515a6f1-groupManagement] INFO  server.RaftServer$Division (RaftServerImpl.java:setRole(376)) - 2c741729-621d-48c8-a79f-44c82515a6f1@group-B32E95555238: changes role from      null to FOLLOWER at term 0 for startAsFollower
2024-08-06 06:55:31,722 [2c741729-621d-48c8-a79f-44c82515a6f1-groupManagement] INFO  impl.RoleInfo (RoleInfo.java:updateAndGet(148)) - 2c741729-621d-48c8-a79f-44c82515a6f1: start 2c741729-621d-48c8-a79f-44c82515a6f1@group-B32E95555238-FollowerState
2024-08-06 06:55:31,722 [2c741729-621d-48c8-a79f-44c82515a6f1-groupManagement] INFO  util.JmxRegister (JmxRegister.java:tryRegister(44)) - Successfully registered JMX Bean with object name Ratis:service=RaftServer,group=group-B32E95555238,id=2c741729-621d-48c8-a79f-44c82515a6f1
2024-08-06 06:55:31,722 [2c741729-621d-48c8-a79f-44c82515a6f1-groupManagement] INFO  util.JmxRegister (JmxRegister.java:register(58)) - register mxBean class org.apache.ratis.server.impl.RaftServerJmxAdapter as Ratis:service=RaftServer,group=group-B32E95555238,id=2c741729-621d-48c8-a79f-44c82515a6f1
2024-08-06 06:55:31,722 [2c741729-621d-48c8-a79f-44c82515a6f1-groupManagement] INFO  server.RaftServerConfigKeys (ConfUtils.java:logGet(46)) - raft.server.snapshot.trigger-when-stop.enabled = true (default)
2024-08-06 06:55:31,723 [2c741729-621d-48c8-a79f-44c82515a6f1-groupManagement] INFO  server.RaftServerConfigKeys (ConfUtils.java:logGet(46)) - raft.server.snapshot.trigger-when-remove.enabled = true (default)
2024-08-06 06:55:31,723 [2c741729-621d-48c8-a79f-44c82515a6f1-groupManagement] INFO  server.RaftServerConfigKeys (ConfUtils.java:logGet(46)) - raft.server.snapshot.auto.trigger.enabled = true (custom)
2024-08-06 06:55:31,723 [2c741729-621d-48c8-a79f-44c82515a6f1-groupManagement] INFO  server.RaftServerConfigKeys (ConfUtils.java:logGet(46)) - raft.server.snapshot.auto.trigger.threshold = 10000 (custom)
2024-08-06 06:55:31,723 [2c741729-621d-48c8-a79f-44c82515a6f1-groupManagement] INFO  server.RaftServerConfigKeys (ConfUtils.java:logGet(46)) - raft.server.snapshot.retention.file.num = 5 (custom)
2024-08-06 06:55:31,723 [2c741729-621d-48c8-a79f-44c82515a6f1-groupManagement] INFO  server.RaftServerConfigKeys (ConfUtils.java:logGet(46)) - raft.server.log.purge.upto.snapshot.index = false (default)
2024-08-06 06:55:31,723 [2c741729-621d-48c8-a79f-44c82515a6f1@group-B32E95555238-FollowerState] INFO  server.RaftServerConfigKeys (ConfUtils.java:logFallback(53)) - raft.server.rpc.first-election.timeout.min = 5s (fallback to raft.server.rpc.timeout.min)
2024-08-06 06:55:31,723 [2c741729-621d-48c8-a79f-44c82515a6f1@group-B32E95555238-FollowerState] INFO  server.RaftServerConfigKeys (ConfUtils.java:logFallback(53)) - raft.server.rpc.first-election.timeout.max = 5200ms (fallback to raft.server.rpc.timeout.max)
2024-08-06 06:55:31,729 [2c741729-621d-48c8-a79f-44c82515a6f1-PipelineCommandHandlerThread-0] INFO  ratis.XceiverServerRatis (XceiverServerRatis.java:addGroup(846)) - Created group PipelineID=d56401b9-9b2b-452d-b2e1-b32e95555238
2024-08-06 06:55:31,735 [grpc-default-executor-7] INFO  server.RaftServer (RaftServerProxy.java:addNew(101)) - 701c4ea6-6f91-4e49-a6f7-7c8a32a91528: addNew group-B32E95555238:[701c4ea6-6f91-4e49-a6f7-7c8a32a91528|127.0.0.1:15275, 4d58d409-0470-47bf-8499-813befc157d5|127.0.0.1:15266, 2c741729-621d-48c8-a79f-44c82515a6f1|127.0.0.1:15257] returns group-B32E95555238:java.util.concurrent.CompletableFuture@2bcfa9c9[Not completed]
2024-08-06 06:55:31,736 [701c4ea6-6f91-4e49-a6f7-7c8a32a91528-groupManagement] INFO  server.RaftServer$Division (RaftServerImpl.java:<init>(253)) - 701c4ea6-6f91-4e49-a6f7-7c8a32a91528: new RaftServerImpl for group-B32E95555238:[701c4ea6-6f91-4e49-a6f7-7c8a32a91528|127.0.0.1:15275, 4d58d409-0470-47bf-8499-813befc157d5|127.0.0.1:15266, 2c741729-621d-48c8-a79f-44c82515a6f1|127.0.0.1:15257] with ContainerStateMachine:uninitialized
2024-08-06 06:55:31,736 [701c4ea6-6f91-4e49-a6f7-7c8a32a91528-groupManagement] INFO  server.RaftServerConfigKeys (ConfUtils.java:logGet(46)) - raft.server.rpc.timeout.min = 5s (custom)
2024-08-06 06:55:31,736 [701c4ea6-6f91-4e49-a6f7-7c8a32a91528-groupManagement] INFO  server.RaftServerConfigKeys (ConfUtils.java:logGet(46)) - raft.server.rpc.timeout.max = 5200ms (custom)
2024-08-06 06:55:31,736 [701c4ea6-6f91-4e49-a6f7-7c8a32a91528-groupManagement] INFO  server.RaftServerConfigKeys (ConfUtils.java:logGet(46)) - raft.server.rpc.sleep.time = 25ms (default)
2024-08-06 06:55:31,736 [701c4ea6-6f91-4e49-a6f7-7c8a32a91528-groupManagement] INFO  server.RaftServerConfigKeys (ConfUtils.java:logGet(46)) - raft.server.rpc.slowness.timeout = 300s (custom)
2024-08-06 06:55:31,736 [701c4ea6-6f91-4e49-a6f7-7c8a32a91528-groupManagement] INFO  server.RaftServerConfigKeys (ConfUtils.java:logGet(46)) - raft.server.leaderelection.leader.step-down.wait-time = 10s (default)
2024-08-06 06:55:31,736 [701c4ea6-6f91-4e49-a6f7-7c8a32a91528-groupManagement] INFO  server.RaftServerConfigKeys (ConfUtils.java:logGet(46)) - raft.server.leaderelection.member.majority-add = false (default)
2024-08-06 06:55:31,736 [701c4ea6-6f91-4e49-a6f7-7c8a32a91528-groupManagement] INFO  server.RaftServerConfigKeys (ConfUtils.java:logGet(46)) - raft.server.sleep.deviation.threshold = 300ms (default)
2024-08-06 06:55:31,736 [701c4ea6-6f91-4e49-a6f7-7c8a32a91528-groupManagement] INFO  server.RaftServer$Division (ServerState.java:<init>(114)) - 701c4ea6-6f91-4e49-a6f7-7c8a32a91528@group-B32E95555238: ConfigurationManager, init=conf: {index: -1, cur=peers:[701c4ea6-6f91-4e49-a6f7-7c8a32a91528|127.0.0.1:15275, 4d58d409-0470-47bf-8499-813befc157d5|127.0.0.1:15266, 2c741729-621d-48c8-a79f-44c82515a6f1|127.0.0.1:15257]|listeners:[], old=null}, confs=<EMPTY_MAP>
2024-08-06 06:55:31,736 [701c4ea6-6f91-4e49-a6f7-7c8a32a91528-groupManagement] INFO  server.RaftServerConfigKeys (ConfUtils.java:logGet(46)) - raft.server.notification.no-leader.timeout = 300s (custom)
2024-08-06 06:55:31,737 [701c4ea6-6f91-4e49-a6f7-7c8a32a91528-groupManagement] INFO  server.RaftServerConfigKeys (ConfUtils.java:logGet(46)) - raft.server.read.timeout = 10s (default)
2024-08-06 06:55:31,737 [701c4ea6-6f91-4e49-a6f7-7c8a32a91528-groupManagement] INFO  server.RaftServerConfigKeys (ConfUtils.java:logGet(46)) - raft.server.retrycache.expirytime = 600000ms (custom)
2024-08-06 06:55:31,737 [701c4ea6-6f91-4e49-a6f7-7c8a32a91528-groupManagement] INFO  server.RaftServerConfigKeys (ConfUtils.java:logGet(46)) - raft.server.retrycache.statistics.expirytime = 100ms (default)
2024-08-06 06:55:31,737 [701c4ea6-6f91-4e49-a6f7-7c8a32a91528-groupManagement] INFO  server.RaftServerConfigKeys (ConfUtils.java:logGet(46)) - raft.server.read.option = DEFAULT (default)
2024-08-06 06:55:31,737 [701c4ea6-6f91-4e49-a6f7-7c8a32a91528-groupManagement] INFO  server.RaftServerConfigKeys (ConfUtils.java:logGet(46)) - raft.server.read.read-after-write-consistent.write-index-cache.expiry-time = 60s (default)
2024-08-06 06:55:31,738 [701c4ea6-6f91-4e49-a6f7-7c8a32a91528-groupManagement] INFO  server.RaftServerConfigKeys (ConfUtils.java:logGet(46)) - raft.server.rpc.request.timeout = 60s (custom)
2024-08-06 06:55:31,738 [701c4ea6-6f91-4e49-a6f7-7c8a32a91528-groupManagement] INFO  server.RaftServerConfigKeys (ConfUtils.java:logGet(46)) - raft.server.log.appender.install.snapshot.enabled = false (custom)
2024-08-06 06:55:31,738 [701c4ea6-6f91-4e49-a6f7-7c8a32a91528-groupManagement] INFO  server.RaftServerConfigKeys (ConfUtils.java:logGet(46)) - raft.server.threadpool.server.cached = true (default)
2024-08-06 06:55:31,738 [701c4ea6-6f91-4e49-a6f7-7c8a32a91528-groupManagement] INFO  server.RaftServerConfigKeys (ConfUtils.java:logGet(46)) - raft.server.threadpool.server.size = 0 (default)
2024-08-06 06:55:31,738 [701c4ea6-6f91-4e49-a6f7-7c8a32a91528-groupManagement] INFO  server.RaftServerConfigKeys (ConfUtils.java:logGet(46)) - raft.server.threadpool.client.cached = true (default)
2024-08-06 06:55:31,738 [701c4ea6-6f91-4e49-a6f7-7c8a32a91528-groupManagement] INFO  server.RaftServerConfigKeys (ConfUtils.java:logGet(46)) - raft.server.threadpool.client.size = 0 (default)
2024-08-06 06:55:31,738 [701c4ea6-6f91-4e49-a6f7-7c8a32a91528-groupManagement] INFO  server.RaftServerConfigKeys (ConfUtils.java:logGet(46)) - raft.server.storage.free-space.min = 0MB (=0) (default)
2024-08-06 06:55:31,738 [701c4ea6-6f91-4e49-a6f7-7c8a32a91528-groupManagement] INFO  server.RaftServerConfigKeys (ConfUtils.java:logGet(46)) - raft.server.log.corruption.policy = EXCEPTION (default)
2024-08-06 06:55:31,738 [701c4ea6-6f91-4e49-a6f7-7c8a32a91528-groupManagement] INFO  server.RaftServerConfigKeys (ConfUtils.java:logGet(46)) - raft.server.storage.dir = [/home/runner/work/ozone/ozone/hadoop-ozone/integration-test/target/test-dir/MiniOzoneClusterImpl-0b493811-7be1-4111-9212-de561dacad59/ozone-meta/datanode-3/ratis] (custom)
2024-08-06 06:55:31,739 [701c4ea6-6f91-4e49-a6f7-7c8a32a91528-groupManagement] INFO  storage.RaftStorageDirectory (RaftStorageDirectoryImpl.java:analyzeStorage(138)) - The storage directory /home/runner/work/ozone/ozone/hadoop-ozone/integration-test/target/test-dir/MiniOzoneClusterImpl-0b493811-7be1-4111-9212-de561dacad59/ozone-meta/datanode-3/ratis/d56401b9-9b2b-452d-b2e1-b32e95555238 does not exist. Creating ...
2024-08-06 06:55:31,739 [701c4ea6-6f91-4e49-a6f7-7c8a32a91528-groupManagement] INFO  storage.RaftStorageDirectory (RaftStorageDirectoryImpl.java:tryLock(229)) - Lock on /home/runner/work/ozone/ozone/hadoop-ozone/integration-test/target/test-dir/MiniOzoneClusterImpl-0b493811-7be1-4111-9212-de561dacad59/ozone-meta/datanode-3/ratis/d56401b9-9b2b-452d-b2e1-b32e95555238/in_use.lock acquired by nodename 24276@fv-az1978-46
2024-08-06 06:55:31,741 [701c4ea6-6f91-4e49-a6f7-7c8a32a91528-groupManagement] INFO  storage.RaftStorage (RaftStorageImpl.java:format(98)) - Storage directory /home/runner/work/ozone/ozone/hadoop-ozone/integration-test/target/test-dir/MiniOzoneClusterImpl-0b493811-7be1-4111-9212-de561dacad59/ozone-meta/datanode-3/ratis/d56401b9-9b2b-452d-b2e1-b32e95555238 has been successfully formatted.
2024-08-06 06:55:31,741 [701c4ea6-6f91-4e49-a6f7-7c8a32a91528-groupManagement] INFO  ratis.ContainerStateMachine (ContainerStateMachine.java:loadSnapshot(287)) - group-B32E95555238: The snapshot info is null. Setting the last applied index to:(t:0, i:~)
2024-08-06 06:55:31,741 [701c4ea6-6f91-4e49-a6f7-7c8a32a91528-groupManagement] INFO  server.RaftServerConfigKeys (ConfUtils.java:logGet(46)) - raft.server.log.use.memory = false (default)
2024-08-06 06:55:31,741 [701c4ea6-6f91-4e49-a6f7-7c8a32a91528-groupManagement] INFO  server.RaftServerConfigKeys (ConfUtils.java:logGet(46)) - raft.server.log.purge.gap = 1000000 (custom)
2024-08-06 06:55:31,741 [701c4ea6-6f91-4e49-a6f7-7c8a32a91528-groupManagement] INFO  server.RaftServerConfigKeys (ConfUtils.java:logGet(46)) - raft.server.log.appender.buffer.byte-limit = 8388608 (custom)
2024-08-06 06:55:31,741 [701c4ea6-6f91-4e49-a6f7-7c8a32a91528-groupManagement] INFO  server.RaftServerConfigKeys (ConfUtils.java:logGet(46)) - raft.server.log.statemachine.data.read.timeout = 1000ms (default)
2024-08-06 06:55:31,741 [701c4ea6-6f91-4e49-a6f7-7c8a32a91528-groupManagement] INFO  server.RaftServerConfigKeys (ConfUtils.java:logGet(46)) - raft.server.log.purge.preservation.log.num = 0 (default)
2024-08-06 06:55:31,742 [701c4ea6-6f91-4e49-a6f7-7c8a32a91528-groupManagement] INFO  server.RaftServerConfigKeys (ConfUtils.java:logGet(46)) - raft.server.log.segment.size.max = 67108864 (custom)
2024-08-06 06:55:31,742 [701c4ea6-6f91-4e49-a6f7-7c8a32a91528-groupManagement] INFO  server.RaftServerConfigKeys (ConfUtils.java:logGet(46)) - raft.server.log.segment.cache.num.max = 2 (custom)
2024-08-06 06:55:31,742 [701c4ea6-6f91-4e49-a6f7-7c8a32a91528-groupManagement] INFO  server.RaftServerConfigKeys (ConfUtils.java:logGet(46)) - raft.server.log.segment.cache.size.max = 200MB (=209715200) (default)
2024-08-06 06:55:31,742 [701c4ea6-6f91-4e49-a6f7-7c8a32a91528-groupManagement] INFO  server.RaftServerConfigKeys (ConfUtils.java:logGet(46)) - raft.server.log.appender.buffer.byte-limit = 8388608 (custom)
2024-08-06 06:55:31,742 [701c4ea6-6f91-4e49-a6f7-7c8a32a91528-groupManagement] INFO  util.AwaitToRun (AwaitToRun.java:start(81)) - Thread[701c4ea6-6f91-4e49-a6f7-7c8a32a91528@group-B32E95555238-cacheEviction-AwaitToRun,5,main] started
2024-08-06 06:55:31,742 [701c4ea6-6f91-4e49-a6f7-7c8a32a91528-groupManagement] INFO  segmented.SegmentedRaftLogWorker (SegmentedRaftLogWorker.java:<init>(184)) - new 701c4ea6-6f91-4e49-a6f7-7c8a32a91528@group-B32E95555238-SegmentedRaftLogWorker for RaftStorageImpl:Storage Directory /home/runner/work/ozone/ozone/hadoop-ozone/integration-test/target/test-dir/MiniOzoneClusterImpl-0b493811-7be1-4111-9212-de561dacad59/ozone-meta/datanode-3/ratis/d56401b9-9b2b-452d-b2e1-b32e95555238
2024-08-06 06:55:31,742 [701c4ea6-6f91-4e49-a6f7-7c8a32a91528-groupManagement] INFO  server.RaftServerConfigKeys (ConfUtils.java:logGet(46)) - raft.server.log.queue.byte-limit = 4294967296 (custom)
2024-08-06 06:55:31,742 [701c4ea6-6f91-4e49-a6f7-7c8a32a91528-groupManagement] INFO  server.RaftServerConfigKeys (ConfUtils.java:logGet(46)) - raft.server.log.queue.element-limit = 1024 (custom)
2024-08-06 06:55:31,743 [701c4ea6-6f91-4e49-a6f7-7c8a32a91528-groupManagement] INFO  server.RaftServerConfigKeys (ConfUtils.java:logGet(46)) - raft.server.log.segment.size.max = 67108864 (custom)
2024-08-06 06:55:31,743 [701c4ea6-6f91-4e49-a6f7-7c8a32a91528-groupManagement] INFO  server.RaftServerConfigKeys (ConfUtils.java:logGet(46)) - raft.server.log.preallocated.size = 4194304 (custom)
2024-08-06 06:55:31,743 [701c4ea6-6f91-4e49-a6f7-7c8a32a91528-groupManagement] INFO  server.RaftServerConfigKeys (ConfUtils.java:logGet(46)) - raft.server.log.force.sync.num = 128 (default)
2024-08-06 06:55:31,743 [701c4ea6-6f91-4e49-a6f7-7c8a32a91528-groupManagement] INFO  server.RaftServerConfigKeys (ConfUtils.java:logGet(46)) - raft.server.log.statemachine.data.sync = true (default)
2024-08-06 06:55:31,743 [701c4ea6-6f91-4e49-a6f7-7c8a32a91528-groupManagement] INFO  server.RaftServerConfigKeys (ConfUtils.java:logGet(46)) - raft.server.log.statemachine.data.sync.timeout = 10s (default)
2024-08-06 06:55:31,743 [701c4ea6-6f91-4e49-a6f7-7c8a32a91528-groupManagement] INFO  server.RaftServerConfigKeys (ConfUtils.java:logGet(46)) - raft.server.log.statemachine.data.sync.timeout.retry = 30 (custom)
2024-08-06 06:55:31,743 [701c4ea6-6f91-4e49-a6f7-7c8a32a91528-groupManagement] INFO  server.RaftServerConfigKeys (ConfUtils.java:logGet(46)) - raft.server.log.write.buffer.size = 8388616 (custom)
2024-08-06 06:55:31,744 [701c4ea6-6f91-4e49-a6f7-7c8a32a91528-groupManagement] INFO  server.RaftServerConfigKeys (ConfUtils.java:logGet(46)) - raft.server.log.appender.buffer.byte-limit = 8388608 (custom)
2024-08-06 06:55:31,744 [701c4ea6-6f91-4e49-a6f7-7c8a32a91528-groupManagement] INFO  server.RaftServerConfigKeys (ConfUtils.java:logGet(46)) - raft.server.log.unsafe-flush.enabled = false (default)
2024-08-06 06:55:31,744 [701c4ea6-6f91-4e49-a6f7-7c8a32a91528-groupManagement] INFO  server.RaftServerConfigKeys (ConfUtils.java:logGet(46)) - raft.server.log.async-flush.enabled = false (default)
2024-08-06 06:55:31,744 [701c4ea6-6f91-4e49-a6f7-7c8a32a91528-groupManagement] INFO  server.RaftServerConfigKeys (ConfUtils.java:logGet(46)) - raft.server.log.statemachine.data.caching.enabled = true (custom)
2024-08-06 06:55:31,744 [701c4ea6-6f91-4e49-a6f7-7c8a32a91528-groupManagement] INFO  segmented.SegmentedRaftLogWorker (SegmentedRaftLogWorker.java:lambda$new$0(135)) - 701c4ea6-6f91-4e49-a6f7-7c8a32a91528@group-B32E95555238-SegmentedRaftLogWorker: flushIndex: setUnconditionally 0 -> -1
2024-08-06 06:55:31,744 [701c4ea6-6f91-4e49-a6f7-7c8a32a91528-groupManagement] INFO  segmented.SegmentedRaftLogWorker (SegmentedRaftLogWorker.java:lambda$new$0(135)) - 701c4ea6-6f91-4e49-a6f7-7c8a32a91528@group-B32E95555238-SegmentedRaftLogWorker: safeCacheEvictIndex: setUnconditionally 0 -> -1
2024-08-06 06:55:31,749 [701c4ea6-6f91-4e49-a6f7-7c8a32a91528-groupManagement] INFO  server.RaftServer$Division (RaftServerImpl.java:start(389)) - 701c4ea6-6f91-4e49-a6f7-7c8a32a91528@group-B32E95555238: start as a follower, conf=conf: {index: -1, cur=peers:[701c4ea6-6f91-4e49-a6f7-7c8a32a91528|127.0.0.1:15275, 4d58d409-0470-47bf-8499-813befc157d5|127.0.0.1:15266, 2c741729-621d-48c8-a79f-44c82515a6f1|127.0.0.1:15257]|listeners:[], old=null}
2024-08-06 06:55:31,749 [701c4ea6-6f91-4e49-a6f7-7c8a32a91528-groupManagement] INFO  server.RaftServer$Division (RaftServerImpl.java:setRole(376)) - 701c4ea6-6f91-4e49-a6f7-7c8a32a91528@group-B32E95555238: changes role from      null to FOLLOWER at term 0 for startAsFollower
2024-08-06 06:55:31,749 [701c4ea6-6f91-4e49-a6f7-7c8a32a91528-groupManagement] INFO  impl.RoleInfo (RoleInfo.java:updateAndGet(148)) - 701c4ea6-6f91-4e49-a6f7-7c8a32a91528: start 701c4ea6-6f91-4e49-a6f7-7c8a32a91528@group-B32E95555238-FollowerState
2024-08-06 06:55:31,753 [701c4ea6-6f91-4e49-a6f7-7c8a32a91528-groupManagement] INFO  util.JmxRegister (JmxRegister.java:tryRegister(44)) - Successfully registered JMX Bean with object name Ratis:service=RaftServer,group=group-B32E95555238,id=701c4ea6-6f91-4e49-a6f7-7c8a32a91528
2024-08-06 06:55:31,753 [701c4ea6-6f91-4e49-a6f7-7c8a32a91528-groupManagement] INFO  util.JmxRegister (JmxRegister.java:register(58)) - register mxBean class org.apache.ratis.server.impl.RaftServerJmxAdapter as Ratis:service=RaftServer,group=group-B32E95555238,id=701c4ea6-6f91-4e49-a6f7-7c8a32a91528
2024-08-06 06:55:31,753 [701c4ea6-6f91-4e49-a6f7-7c8a32a91528-groupManagement] INFO  server.RaftServerConfigKeys (ConfUtils.java:logGet(46)) - raft.server.snapshot.trigger-when-stop.enabled = true (default)
2024-08-06 06:55:31,753 [701c4ea6-6f91-4e49-a6f7-7c8a32a91528-groupManagement] INFO  server.RaftServerConfigKeys (ConfUtils.java:logGet(46)) - raft.server.snapshot.trigger-when-remove.enabled = true (default)
2024-08-06 06:55:31,753 [701c4ea6-6f91-4e49-a6f7-7c8a32a91528-groupManagement] INFO  server.RaftServerConfigKeys (ConfUtils.java:logGet(46)) - raft.server.snapshot.auto.trigger.enabled = true (custom)
2024-08-06 06:55:31,753 [701c4ea6-6f91-4e49-a6f7-7c8a32a91528-groupManagement] INFO  server.RaftServerConfigKeys (ConfUtils.java:logGet(46)) - raft.server.snapshot.auto.trigger.threshold = 10000 (custom)
2024-08-06 06:55:31,753 [701c4ea6-6f91-4e49-a6f7-7c8a32a91528-groupManagement] INFO  server.RaftServerConfigKeys (ConfUtils.java:logGet(46)) - raft.server.snapshot.retention.file.num = 5 (custom)
2024-08-06 06:55:31,753 [701c4ea6-6f91-4e49-a6f7-7c8a32a91528-groupManagement] INFO  server.RaftServerConfigKeys (ConfUtils.java:logGet(46)) - raft.server.log.purge.upto.snapshot.index = false (default)
2024-08-06 06:55:31,753 [701c4ea6-6f91-4e49-a6f7-7c8a32a91528@group-B32E95555238-FollowerState] INFO  server.RaftServerConfigKeys (ConfUtils.java:logFallback(53)) - raft.server.rpc.first-election.timeout.min = 5s (fallback to raft.server.rpc.timeout.min)
2024-08-06 06:55:31,753 [701c4ea6-6f91-4e49-a6f7-7c8a32a91528@group-B32E95555238-FollowerState] INFO  server.RaftServerConfigKeys (ConfUtils.java:logFallback(53)) - raft.server.rpc.first-election.timeout.max = 5200ms (fallback to raft.server.rpc.timeout.max)
2024-08-06 06:55:31,762 [grpc-default-executor-7] INFO  server.RaftServer (RaftServerProxy.java:addNew(101)) - 4d58d409-0470-47bf-8499-813befc157d5: addNew group-B32E95555238:[701c4ea6-6f91-4e49-a6f7-7c8a32a91528|127.0.0.1:15275, 4d58d409-0470-47bf-8499-813befc157d5|127.0.0.1:15266, 2c741729-621d-48c8-a79f-44c82515a6f1|127.0.0.1:15257] returns group-B32E95555238:java.util.concurrent.CompletableFuture@41bf3212[Not completed]
2024-08-06 06:55:31,763 [4d58d409-0470-47bf-8499-813befc157d5-groupManagement] INFO  server.RaftServer$Division (RaftServerImpl.java:<init>(253)) - 4d58d409-0470-47bf-8499-813befc157d5: new RaftServerImpl for group-B32E95555238:[701c4ea6-6f91-4e49-a6f7-7c8a32a91528|127.0.0.1:15275, 4d58d409-0470-47bf-8499-813befc157d5|127.0.0.1:15266, 2c741729-621d-48c8-a79f-44c82515a6f1|127.0.0.1:15257] with ContainerStateMachine:uninitialized
2024-08-06 06:55:31,763 [4d58d409-0470-47bf-8499-813befc157d5-groupManagement] INFO  server.RaftServerConfigKeys (ConfUtils.java:logGet(46)) - raft.server.rpc.timeout.min = 5s (custom)
2024-08-06 06:55:31,763 [4d58d409-0470-47bf-8499-813befc157d5-groupManagement] INFO  server.RaftServerConfigKeys (ConfUtils.java:logGet(46)) - raft.server.rpc.timeout.max = 5200ms (custom)
2024-08-06 06:55:31,763 [4d58d409-0470-47bf-8499-813befc157d5-groupManagement] INFO  server.RaftServerConfigKeys (ConfUtils.java:logGet(46)) - raft.server.rpc.sleep.time = 25ms (default)
2024-08-06 06:55:31,763 [4d58d409-0470-47bf-8499-813befc157d5-groupManagement] INFO  server.RaftServerConfigKeys (ConfUtils.java:logGet(46)) - raft.server.rpc.slowness.timeout = 300s (custom)
2024-08-06 06:55:31,763 [4d58d409-0470-47bf-8499-813befc157d5-groupManagement] INFO  server.RaftServerConfigKeys (ConfUtils.java:logGet(46)) - raft.server.leaderelection.leader.step-down.wait-time = 10s (default)
2024-08-06 06:55:31,763 [4d58d409-0470-47bf-8499-813befc157d5-groupManagement] INFO  server.RaftServerConfigKeys (ConfUtils.java:logGet(46)) - raft.server.leaderelection.member.majority-add = false (default)
2024-08-06 06:55:31,763 [4d58d409-0470-47bf-8499-813befc157d5-groupManagement] INFO  server.RaftServerConfigKeys (ConfUtils.java:logGet(46)) - raft.server.sleep.deviation.threshold = 300ms (default)
2024-08-06 06:55:31,763 [4d58d409-0470-47bf-8499-813befc157d5-groupManagement] INFO  server.RaftServer$Division (ServerState.java:<init>(114)) - 4d58d409-0470-47bf-8499-813befc157d5@group-B32E95555238: ConfigurationManager, init=conf: {index: -1, cur=peers:[701c4ea6-6f91-4e49-a6f7-7c8a32a91528|127.0.0.1:15275, 4d58d409-0470-47bf-8499-813befc157d5|127.0.0.1:15266, 2c741729-621d-48c8-a79f-44c82515a6f1|127.0.0.1:15257]|listeners:[], old=null}, confs=<EMPTY_MAP>
2024-08-06 06:55:31,763 [4d58d409-0470-47bf-8499-813befc157d5-groupManagement] INFO  server.RaftServerConfigKeys (ConfUtils.java:logGet(46)) - raft.server.notification.no-leader.timeout = 300s (custom)
2024-08-06 06:55:31,763 [4d58d409-0470-47bf-8499-813befc157d5-groupManagement] INFO  server.RaftServerConfigKeys (ConfUtils.java:logGet(46)) - raft.server.read.timeout = 10s (default)
2024-08-06 06:55:31,763 [4d58d409-0470-47bf-8499-813befc157d5-groupManagement] INFO  server.RaftServerConfigKeys (ConfUtils.java:logGet(46)) - raft.server.retrycache.expirytime = 600000ms (custom)
2024-08-06 06:55:31,763 [4d58d409-0470-47bf-8499-813befc157d5-groupManagement] INFO  server.RaftServerConfigKeys (ConfUtils.java:logGet(46)) - raft.server.retrycache.statistics.expirytime = 100ms (default)
2024-08-06 06:55:31,763 [4d58d409-0470-47bf-8499-813befc157d5-groupManagement] INFO  server.RaftServerConfigKeys (ConfUtils.java:logGet(46)) - raft.server.read.option = DEFAULT (default)
2024-08-06 06:55:31,763 [4d58d409-0470-47bf-8499-813befc157d5-groupManagement] INFO  server.RaftServerConfigKeys (ConfUtils.java:logGet(46)) - raft.server.read.read-after-write-consistent.write-index-cache.expiry-time = 60s (default)
2024-08-06 06:55:31,764 [4d58d409-0470-47bf-8499-813befc157d5-groupManagement] INFO  server.RaftServerConfigKeys (ConfUtils.java:logGet(46)) - raft.server.rpc.request.timeout = 60s (custom)
2024-08-06 06:55:31,764 [4d58d409-0470-47bf-8499-813befc157d5-groupManagement] INFO  server.RaftServerConfigKeys (ConfUtils.java:logGet(46)) - raft.server.log.appender.install.snapshot.enabled = false (custom)
2024-08-06 06:55:31,764 [4d58d409-0470-47bf-8499-813befc157d5-groupManagement] INFO  server.RaftServerConfigKeys (ConfUtils.java:logGet(46)) - raft.server.threadpool.server.cached = true (default)
2024-08-06 06:55:31,764 [4d58d409-0470-47bf-8499-813befc157d5-groupManagement] INFO  server.RaftServerConfigKeys (ConfUtils.java:logGet(46)) - raft.server.threadpool.server.size = 0 (default)
2024-08-06 06:55:31,764 [4d58d409-0470-47bf-8499-813befc157d5-groupManagement] INFO  server.RaftServerConfigKeys (ConfUtils.java:logGet(46)) - raft.server.threadpool.client.cached = true (default)
2024-08-06 06:55:31,765 [4d58d409-0470-47bf-8499-813befc157d5-groupManagement] INFO  server.RaftServerConfigKeys (ConfUtils.java:logGet(46)) - raft.server.threadpool.client.size = 0 (default)
2024-08-06 06:55:31,765 [4d58d409-0470-47bf-8499-813befc157d5-groupManagement] INFO  server.RaftServerConfigKeys (ConfUtils.java:logGet(46)) - raft.server.storage.free-space.min = 0MB (=0) (default)
2024-08-06 06:55:31,765 [4d58d409-0470-47bf-8499-813befc157d5-groupManagement] INFO  server.RaftServerConfigKeys (ConfUtils.java:logGet(46)) - raft.server.log.corruption.policy = EXCEPTION (default)
2024-08-06 06:55:31,765 [4d58d409-0470-47bf-8499-813befc157d5-groupManagement] INFO  server.RaftServerConfigKeys (ConfUtils.java:logGet(46)) - raft.server.storage.dir = [/home/runner/work/ozone/ozone/hadoop-ozone/integration-test/target/test-dir/MiniOzoneClusterImpl-0b493811-7be1-4111-9212-de561dacad59/ozone-meta/datanode-2/ratis] (custom)
2024-08-06 06:55:31,765 [4d58d409-0470-47bf-8499-813befc157d5-groupManagement] INFO  storage.RaftStorageDirectory (RaftStorageDirectoryImpl.java:analyzeStorage(138)) - The storage directory /home/runner/work/ozone/ozone/hadoop-ozone/integration-test/target/test-dir/MiniOzoneClusterImpl-0b493811-7be1-4111-9212-de561dacad59/ozone-meta/datanode-2/ratis/d56401b9-9b2b-452d-b2e1-b32e95555238 does not exist. Creating ...
2024-08-06 06:55:31,766 [4d58d409-0470-47bf-8499-813befc157d5-groupManagement] INFO  storage.RaftStorageDirectory (RaftStorageDirectoryImpl.java:tryLock(229)) - Lock on /home/runner/work/ozone/ozone/hadoop-ozone/integration-test/target/test-dir/MiniOzoneClusterImpl-0b493811-7be1-4111-9212-de561dacad59/ozone-meta/datanode-2/ratis/d56401b9-9b2b-452d-b2e1-b32e95555238/in_use.lock acquired by nodename 24276@fv-az1978-46
2024-08-06 06:55:31,767 [4d58d409-0470-47bf-8499-813befc157d5-groupManagement] INFO  storage.RaftStorage (RaftStorageImpl.java:format(98)) - Storage directory /home/runner/work/ozone/ozone/hadoop-ozone/integration-test/target/test-dir/MiniOzoneClusterImpl-0b493811-7be1-4111-9212-de561dacad59/ozone-meta/datanode-2/ratis/d56401b9-9b2b-452d-b2e1-b32e95555238 has been successfully formatted.
2024-08-06 06:55:31,767 [4d58d409-0470-47bf-8499-813befc157d5-groupManagement] INFO  ratis.ContainerStateMachine (ContainerStateMachine.java:loadSnapshot(287)) - group-B32E95555238: The snapshot info is null. Setting the last applied index to:(t:0, i:~)
2024-08-06 06:55:31,767 [4d58d409-0470-47bf-8499-813befc157d5-groupManagement] INFO  server.RaftServerConfigKeys (ConfUtils.java:logGet(46)) - raft.server.log.use.memory = false (default)
2024-08-06 06:55:31,767 [4d58d409-0470-47bf-8499-813befc157d5-groupManagement] INFO  server.RaftServerConfigKeys (ConfUtils.java:logGet(46)) - raft.server.log.purge.gap = 1000000 (custom)
2024-08-06 06:55:31,767 [4d58d409-0470-47bf-8499-813befc157d5-groupManagement] INFO  server.RaftServerConfigKeys (ConfUtils.java:logGet(46)) - raft.server.log.appender.buffer.byte-limit = 8388608 (custom)
2024-08-06 06:55:31,768 [4d58d409-0470-47bf-8499-813befc157d5-groupManagement] INFO  server.RaftServerConfigKeys (ConfUtils.java:logGet(46)) - raft.server.log.statemachine.data.read.timeout = 1000ms (default)
2024-08-06 06:55:31,768 [4d58d409-0470-47bf-8499-813befc157d5-groupManagement] INFO  server.RaftServerConfigKeys (ConfUtils.java:logGet(46)) - raft.server.log.purge.preservation.log.num = 0 (default)
2024-08-06 06:55:31,768 [4d58d409-0470-47bf-8499-813befc157d5-groupManagement] INFO  server.RaftServerConfigKeys (ConfUtils.java:logGet(46)) - raft.server.log.segment.size.max = 67108864 (custom)
2024-08-06 06:55:31,768 [4d58d409-0470-47bf-8499-813befc157d5-groupManagement] INFO  server.RaftServerConfigKeys (ConfUtils.java:logGet(46)) - raft.server.log.segment.cache.num.max = 2 (custom)
2024-08-06 06:55:31,768 [4d58d409-0470-47bf-8499-813befc157d5-groupManagement] INFO  server.RaftServerConfigKeys (ConfUtils.java:logGet(46)) - raft.server.log.segment.cache.size.max = 200MB (=209715200) (default)
2024-08-06 06:55:31,768 [4d58d409-0470-47bf-8499-813befc157d5-groupManagement] INFO  server.RaftServerConfigKeys (ConfUtils.java:logGet(46)) - raft.server.log.appender.buffer.byte-limit = 8388608 (custom)
2024-08-06 06:55:31,768 [4d58d409-0470-47bf-8499-813befc157d5-groupManagement] INFO  util.AwaitToRun (AwaitToRun.java:start(81)) - Thread[4d58d409-0470-47bf-8499-813befc157d5@group-B32E95555238-cacheEviction-AwaitToRun,5,main] started
2024-08-06 06:55:31,768 [4d58d409-0470-47bf-8499-813befc157d5-groupManagement] INFO  segmented.SegmentedRaftLogWorker (SegmentedRaftLogWorker.java:<init>(184)) - new 4d58d409-0470-47bf-8499-813befc157d5@group-B32E95555238-SegmentedRaftLogWorker for RaftStorageImpl:Storage Directory /home/runner/work/ozone/ozone/hadoop-ozone/integration-test/target/test-dir/MiniOzoneClusterImpl-0b493811-7be1-4111-9212-de561dacad59/ozone-meta/datanode-2/ratis/d56401b9-9b2b-452d-b2e1-b32e95555238
2024-08-06 06:55:31,769 [4d58d409-0470-47bf-8499-813befc157d5-groupManagement] INFO  server.RaftServerConfigKeys (ConfUtils.java:logGet(46)) - raft.server.log.queue.byte-limit = 4294967296 (custom)
2024-08-06 06:55:31,769 [4d58d409-0470-47bf-8499-813befc157d5-groupManagement] INFO  server.RaftServerConfigKeys (ConfUtils.java:logGet(46)) - raft.server.log.queue.element-limit = 1024 (custom)
2024-08-06 06:55:31,769 [4d58d409-0470-47bf-8499-813befc157d5-groupManagement] INFO  server.RaftServerConfigKeys (ConfUtils.java:logGet(46)) - raft.server.log.segment.size.max = 67108864 (custom)
2024-08-06 06:55:31,769 [4d58d409-0470-47bf-8499-813befc157d5-groupManagement] INFO  server.RaftServerConfigKeys (ConfUtils.java:logGet(46)) - raft.server.log.preallocated.size = 4194304 (custom)
2024-08-06 06:55:31,769 [4d58d409-0470-47bf-8499-813befc157d5-groupManagement] INFO  server.RaftServerConfigKeys (ConfUtils.java:logGet(46)) - raft.server.log.force.sync.num = 128 (default)
2024-08-06 06:55:31,769 [4d58d409-0470-47bf-8499-813befc157d5-groupManagement] INFO  server.RaftServerConfigKeys (ConfUtils.java:logGet(46)) - raft.server.log.statemachine.data.sync = true (default)
2024-08-06 06:55:31,769 [4d58d409-0470-47bf-8499-813befc157d5-groupManagement] INFO  server.RaftServerConfigKeys (ConfUtils.java:logGet(46)) - raft.server.log.statemachine.data.sync.timeout = 10s (default)
2024-08-06 06:55:31,769 [4d58d409-0470-47bf-8499-813befc157d5-groupManagement] INFO  server.RaftServerConfigKeys (ConfUtils.java:logGet(46)) - raft.server.log.statemachine.data.sync.timeout.retry = 30 (custom)
2024-08-06 06:55:31,769 [4d58d409-0470-47bf-8499-813befc157d5-groupManagement] INFO  server.RaftServerConfigKeys (ConfUtils.java:logGet(46)) - raft.server.log.write.buffer.size = 8388616 (custom)
2024-08-06 06:55:31,769 [4d58d409-0470-47bf-8499-813befc157d5-groupManagement] INFO  server.RaftServerConfigKeys (ConfUtils.java:logGet(46)) - raft.server.log.appender.buffer.byte-limit = 8388608 (custom)
2024-08-06 06:55:31,769 [4d58d409-0470-47bf-8499-813befc157d5-groupManagement] INFO  server.RaftServerConfigKeys (ConfUtils.java:logGet(46)) - raft.server.log.unsafe-flush.enabled = false (default)
2024-08-06 06:55:31,770 [4d58d409-0470-47bf-8499-813befc157d5-groupManagement] INFO  server.RaftServerConfigKeys (ConfUtils.java:logGet(46)) - raft.server.log.async-flush.enabled = false (default)
2024-08-06 06:55:31,770 [4d58d409-0470-47bf-8499-813befc157d5-groupManagement] INFO  server.RaftServerConfigKeys (ConfUtils.java:logGet(46)) - raft.server.log.statemachine.data.caching.enabled = true (custom)
2024-08-06 06:55:31,770 [4d58d409-0470-47bf-8499-813befc157d5-groupManagement] INFO  segmented.SegmentedRaftLogWorker (SegmentedRaftLogWorker.java:lambda$new$0(135)) - 4d58d409-0470-47bf-8499-813befc157d5@group-B32E95555238-SegmentedRaftLogWorker: flushIndex: setUnconditionally 0 -> -1
2024-08-06 06:55:31,770 [4d58d409-0470-47bf-8499-813befc157d5-groupManagement] INFO  segmented.SegmentedRaftLogWorker (SegmentedRaftLogWorker.java:lambda$new$0(135)) - 4d58d409-0470-47bf-8499-813befc157d5@group-B32E95555238-SegmentedRaftLogWorker: safeCacheEvictIndex: setUnconditionally 0 -> -1
2024-08-06 06:55:31,770 [4d58d409-0470-47bf-8499-813befc157d5-groupManagement] INFO  server.RaftServer$Division (RaftServerImpl.java:start(389)) - 4d58d409-0470-47bf-8499-813befc157d5@group-B32E95555238: start as a follower, conf=conf: {index: -1, cur=peers:[701c4ea6-6f91-4e49-a6f7-7c8a32a91528|127.0.0.1:15275, 4d58d409-0470-47bf-8499-813befc157d5|127.0.0.1:15266, 2c741729-621d-48c8-a79f-44c82515a6f1|127.0.0.1:15257]|listeners:[], old=null}
2024-08-06 06:55:31,770 [4d58d409-0470-47bf-8499-813befc157d5-groupManagement] INFO  server.RaftServer$Division (RaftServerImpl.java:setRole(376)) - 4d58d409-0470-47bf-8499-813befc157d5@group-B32E95555238: changes role from      null to FOLLOWER at term 0 for startAsFollower
2024-08-06 06:55:31,770 [4d58d409-0470-47bf-8499-813befc157d5-groupManagement] INFO  impl.RoleInfo (RoleInfo.java:updateAndGet(148)) - 4d58d409-0470-47bf-8499-813befc157d5: start 4d58d409-0470-47bf-8499-813befc157d5@group-B32E95555238-FollowerState
2024-08-06 06:55:31,770 [4d58d409-0470-47bf-8499-813befc157d5@group-B32E95555238-FollowerState] INFO  server.RaftServerConfigKeys (ConfUtils.java:logFallback(53)) - raft.server.rpc.first-election.timeout.min = 5s (fallback to raft.server.rpc.timeout.min)
2024-08-06 06:55:31,770 [4d58d409-0470-47bf-8499-813befc157d5-groupManagement] INFO  util.JmxRegister (JmxRegister.java:tryRegister(44)) - Successfully registered JMX Bean with object name Ratis:service=RaftServer,group=group-B32E95555238,id=4d58d409-0470-47bf-8499-813befc157d5
2024-08-06 06:55:31,770 [4d58d409-0470-47bf-8499-813befc157d5-groupManagement] INFO  util.JmxRegister (JmxRegister.java:register(58)) - register mxBean class org.apache.ratis.server.impl.RaftServerJmxAdapter as Ratis:service=RaftServer,group=group-B32E95555238,id=4d58d409-0470-47bf-8499-813befc157d5
2024-08-06 06:55:31,771 [4d58d409-0470-47bf-8499-813befc157d5-groupManagement] INFO  server.RaftServerConfigKeys (ConfUtils.java:logGet(46)) - raft.server.snapshot.trigger-when-stop.enabled = true (default)
2024-08-06 06:55:31,771 [4d58d409-0470-47bf-8499-813befc157d5-groupManagement] INFO  server.RaftServerConfigKeys (ConfUtils.java:logGet(46)) - raft.server.snapshot.trigger-when-remove.enabled = true (default)
2024-08-06 06:55:31,771 [4d58d409-0470-47bf-8499-813befc157d5-groupManagement] INFO  server.RaftServerConfigKeys (ConfUtils.java:logGet(46)) - raft.server.snapshot.auto.trigger.enabled = true (custom)
2024-08-06 06:55:31,771 [4d58d409-0470-47bf-8499-813befc157d5-groupManagement] INFO  server.RaftServerConfigKeys (ConfUtils.java:logGet(46)) - raft.server.snapshot.auto.trigger.threshold = 10000 (custom)
2024-08-06 06:55:31,771 [4d58d409-0470-47bf-8499-813befc157d5-groupManagement] INFO  server.RaftServerConfigKeys (ConfUtils.java:logGet(46)) - raft.server.snapshot.retention.file.num = 5 (custom)
2024-08-06 06:55:31,771 [4d58d409-0470-47bf-8499-813befc157d5-groupManagement] INFO  server.RaftServerConfigKeys (ConfUtils.java:logGet(46)) - raft.server.log.purge.upto.snapshot.index = false (default)
2024-08-06 06:55:31,770 [4d58d409-0470-47bf-8499-813befc157d5@group-B32E95555238-FollowerState] INFO  server.RaftServerConfigKeys (ConfUtils.java:logFallback(53)) - raft.server.rpc.first-election.timeout.max = 5200ms (fallback to raft.server.rpc.timeout.max)
2024-08-06 06:55:31,779 [2c741729-621d-48c8-a79f-44c82515a6f1-PipelineCommandHandlerThread-0] INFO  commandhandler.CreatePipelineCommandHandler (CreatePipelineCommandHandler.java:lambda$handle$2(124)) - Created Pipeline RATIS THREE PipelineID=d56401b9-9b2b-452d-b2e1-b32e95555238.
2024-08-06 06:55:31,780 [2c741729-621d-48c8-a79f-44c82515a6f1-PipelineCommandHandlerThread-0] INFO  server.RaftServer (RaftServerProxy.java:addNew(101)) - 2c741729-621d-48c8-a79f-44c82515a6f1: addNew group-DAE9A42C1D5C:[701c4ea6-6f91-4e49-a6f7-7c8a32a91528|127.0.0.1:15275, 4d58d409-0470-47bf-8499-813befc157d5|127.0.0.1:15266, 2c741729-621d-48c8-a79f-44c82515a6f1|127.0.0.1:15257] returns group-DAE9A42C1D5C:java.util.concurrent.CompletableFuture@3bd7c890[Not completed]
2024-08-06 06:55:31,781 [2c741729-621d-48c8-a79f-44c82515a6f1-groupManagement] INFO  server.RaftServer$Division (RaftServerImpl.java:<init>(253)) - 2c741729-621d-48c8-a79f-44c82515a6f1: new RaftServerImpl for group-DAE9A42C1D5C:[701c4ea6-6f91-4e49-a6f7-7c8a32a91528|127.0.0.1:15275, 4d58d409-0470-47bf-8499-813befc157d5|127.0.0.1:15266, 2c741729-621d-48c8-a79f-44c82515a6f1|127.0.0.1:15257] with ContainerStateMachine:uninitialized
2024-08-06 06:55:31,781 [2c741729-621d-48c8-a79f-44c82515a6f1-groupManagement] INFO  server.RaftServerConfigKeys (ConfUtils.java:logGet(46)) - raft.server.rpc.timeout.min = 5s (custom)
2024-08-06 06:55:31,781 [2c741729-621d-48c8-a79f-44c82515a6f1-groupManagement] INFO  server.RaftServerConfigKeys (ConfUtils.java:logGet(46)) - raft.server.rpc.timeout.max = 5200ms (custom)
2024-08-06 06:55:31,781 [2c741729-621d-48c8-a79f-44c82515a6f1-groupManagement] INFO  server.RaftServerConfigKeys (ConfUtils.java:logGet(46)) - raft.server.rpc.sleep.time = 25ms (default)
2024-08-06 06:55:31,781 [2c741729-621d-48c8-a79f-44c82515a6f1-groupManagement] INFO  server.RaftServerConfigKeys (ConfUtils.java:logGet(46)) - raft.server.rpc.slowness.timeout = 300s (custom)
2024-08-06 06:55:31,781 [2c741729-621d-48c8-a79f-44c82515a6f1-groupManagement] INFO  server.RaftServerConfigKeys (ConfUtils.java:logGet(46)) - raft.server.leaderelection.leader.step-down.wait-time = 10s (default)
2024-08-06 06:55:31,781 [2c741729-621d-48c8-a79f-44c82515a6f1-groupManagement] INFO  server.RaftServerConfigKeys (ConfUtils.java:logGet(46)) - raft.server.leaderelection.member.majority-add = false (default)
2024-08-06 06:55:31,781 [2c741729-621d-48c8-a79f-44c82515a6f1-groupManagement] INFO  server.RaftServerConfigKeys (ConfUtils.java:logGet(46)) - raft.server.sleep.deviation.threshold = 300ms (default)
2024-08-06 06:55:31,781 [2c741729-621d-48c8-a79f-44c82515a6f1-groupManagement] INFO  server.RaftServer$Division (ServerState.java:<init>(114)) - 2c741729-621d-48c8-a79f-44c82515a6f1@group-DAE9A42C1D5C: ConfigurationManager, init=conf: {index: -1, cur=peers:[701c4ea6-6f91-4e49-a6f7-7c8a32a91528|127.0.0.1:15275, 4d58d409-0470-47bf-8499-813befc157d5|127.0.0.1:15266, 2c741729-621d-48c8-a79f-44c82515a6f1|127.0.0.1:15257]|listeners:[], old=null}, confs=<EMPTY_MAP>
2024-08-06 06:55:31,781 [2c741729-621d-48c8-a79f-44c82515a6f1-groupManagement] INFO  server.RaftServerConfigKeys (ConfUtils.java:logGet(46)) - raft.server.notification.no-leader.timeout = 300s (custom)
2024-08-06 06:55:31,781 [2c741729-621d-48c8-a79f-44c82515a6f1-groupManagement] INFO  server.RaftServerConfigKeys (ConfUtils.java:logGet(46)) - raft.server.read.timeout = 10s (default)
2024-08-06 06:55:31,781 [2c741729-621d-48c8-a79f-44c82515a6f1-groupManagement] INFO  server.RaftServerConfigKeys (ConfUtils.java:logGet(46)) - raft.server.retrycache.expirytime = 600000ms (custom)
2024-08-06 06:55:31,781 [2c741729-621d-48c8-a79f-44c82515a6f1-groupManagement] INFO  server.RaftServerConfigKeys (ConfUtils.java:logGet(46)) - raft.server.retrycache.statistics.expirytime = 100ms (default)
2024-08-06 06:55:31,781 [2c741729-621d-48c8-a79f-44c82515a6f1-groupManagement] INFO  server.RaftServerConfigKeys (ConfUtils.java:logGet(46)) - raft.server.read.option = DEFAULT (default)
2024-08-06 06:55:31,781 [2c741729-621d-48c8-a79f-44c82515a6f1-groupManagement] INFO  server.RaftServerConfigKeys (ConfUtils.java:logGet(46)) - raft.server.read.read-after-write-consistent.write-index-cache.expiry-time = 60s (default)
2024-08-06 06:55:31,782 [2c741729-621d-48c8-a79f-44c82515a6f1-groupManagement] INFO  server.RaftServerConfigKeys (ConfUtils.java:logGet(46)) - raft.server.rpc.request.timeout = 60s (custom)
2024-08-06 06:55:31,782 [2c741729-621d-48c8-a79f-44c82515a6f1-groupManagement] INFO  server.RaftServerConfigKeys (ConfUtils.java:logGet(46)) - raft.server.log.appender.install.snapshot.enabled = false (custom)
2024-08-06 06:55:31,782 [2c741729-621d-48c8-a79f-44c82515a6f1-groupManagement] INFO  server.RaftServerConfigKeys (ConfUtils.java:logGet(46)) - raft.server.threadpool.server.cached = true (default)
2024-08-06 06:55:31,782 [2c741729-621d-48c8-a79f-44c82515a6f1-groupManagement] INFO  server.RaftServerConfigKeys (ConfUtils.java:logGet(46)) - raft.server.threadpool.server.size = 0 (default)
2024-08-06 06:55:31,782 [2c741729-621d-48c8-a79f-44c82515a6f1-groupManagement] INFO  server.RaftServerConfigKeys (ConfUtils.java:logGet(46)) - raft.server.threadpool.client.cached = true (default)
2024-08-06 06:55:31,783 [2c741729-621d-48c8-a79f-44c82515a6f1-groupManagement] INFO  server.RaftServerConfigKeys (ConfUtils.java:logGet(46)) - raft.server.threadpool.client.size = 0 (default)
2024-08-06 06:55:31,783 [2c741729-621d-48c8-a79f-44c82515a6f1-groupManagement] INFO  server.RaftServerConfigKeys (ConfUtils.java:logGet(46)) - raft.server.storage.free-space.min = 0MB (=0) (default)
2024-08-06 06:55:31,783 [2c741729-621d-48c8-a79f-44c82515a6f1-groupManagement] INFO  server.RaftServerConfigKeys (ConfUtils.java:logGet(46)) - raft.server.log.corruption.policy = EXCEPTION (default)
2024-08-06 06:55:31,783 [2c741729-621d-48c8-a79f-44c82515a6f1-groupManagement] INFO  server.RaftServerConfigKeys (ConfUtils.java:logGet(46)) - raft.server.storage.dir = [/home/runner/work/ozone/ozone/hadoop-ozone/integration-test/target/test-dir/MiniOzoneClusterImpl-0b493811-7be1-4111-9212-de561dacad59/ozone-meta/datanode-1/ratis] (custom)
2024-08-06 06:55:31,783 [2c741729-621d-48c8-a79f-44c82515a6f1-groupManagement] INFO  storage.RaftStorageDirectory (RaftStorageDirectoryImpl.java:analyzeStorage(138)) - The storage directory /home/runner/work/ozone/ozone/hadoop-ozone/integration-test/target/test-dir/MiniOzoneClusterImpl-0b493811-7be1-4111-9212-de561dacad59/ozone-meta/datanode-1/ratis/04ef4600-2ec6-4caf-bc15-dae9a42c1d5c does not exist. Creating ...
2024-08-06 06:55:31,784 [2c741729-621d-48c8-a79f-44c82515a6f1-groupManagement] INFO  storage.RaftStorageDirectory (RaftStorageDirectoryImpl.java:tryLock(229)) - Lock on /home/runner/work/ozone/ozone/hadoop-ozone/integration-test/target/test-dir/MiniOzoneClusterImpl-0b493811-7be1-4111-9212-de561dacad59/ozone-meta/datanode-1/ratis/04ef4600-2ec6-4caf-bc15-dae9a42c1d5c/in_use.lock acquired by nodename 24276@fv-az1978-46
2024-08-06 06:55:31,785 [2c741729-621d-48c8-a79f-44c82515a6f1-groupManagement] INFO  storage.RaftStorage (RaftStorageImpl.java:format(98)) - Storage directory /home/runner/work/ozone/ozone/hadoop-ozone/integration-test/target/test-dir/MiniOzoneClusterImpl-0b493811-7be1-4111-9212-de561dacad59/ozone-meta/datanode-1/ratis/04ef4600-2ec6-4caf-bc15-dae9a42c1d5c has been successfully formatted.
2024-08-06 06:55:31,785 [2c741729-621d-48c8-a79f-44c82515a6f1-groupManagement] INFO  ratis.ContainerStateMachine (ContainerStateMachine.java:loadSnapshot(287)) - group-DAE9A42C1D5C: The snapshot info is null. Setting the last applied index to:(t:0, i:~)
2024-08-06 06:55:31,785 [2c741729-621d-48c8-a79f-44c82515a6f1-groupManagement] INFO  server.RaftServerConfigKeys (ConfUtils.java:logGet(46)) - raft.server.log.use.memory = false (default)
2024-08-06 06:55:31,785 [2c741729-621d-48c8-a79f-44c82515a6f1-groupManagement] INFO  server.RaftServerConfigKeys (ConfUtils.java:logGet(46)) - raft.server.log.purge.gap = 1000000 (custom)
2024-08-06 06:55:31,785 [2c741729-621d-48c8-a79f-44c82515a6f1-groupManagement] INFO  server.RaftServerConfigKeys (ConfUtils.java:logGet(46)) - raft.server.log.appender.buffer.byte-limit = 8388608 (custom)
2024-08-06 06:55:31,785 [2c741729-621d-48c8-a79f-44c82515a6f1-groupManagement] INFO  server.RaftServerConfigKeys (ConfUtils.java:logGet(46)) - raft.server.log.statemachine.data.read.timeout = 1000ms (default)
2024-08-06 06:55:31,785 [2c741729-621d-48c8-a79f-44c82515a6f1-groupManagement] INFO  server.RaftServerConfigKeys (ConfUtils.java:logGet(46)) - raft.server.log.purge.preservation.log.num = 0 (default)
2024-08-06 06:55:31,786 [2c741729-621d-48c8-a79f-44c82515a6f1-groupManagement] INFO  server.RaftServerConfigKeys (ConfUtils.java:logGet(46)) - raft.server.log.segment.size.max = 67108864 (custom)
2024-08-06 06:55:31,786 [EventQueue-OpenPipelineForHealthyPipelineSafeModeRule] INFO  safemode.SCMSafeModeManager (HealthyPipelineSafeModeRule.java:process(140)) - SCM in safe mode. Healthy pipelines reported count is 0, required healthy pipeline reported count is 1
2024-08-06 06:55:31,786 [2c741729-621d-48c8-a79f-44c82515a6f1-groupManagement] INFO  server.RaftServerConfigKeys (ConfUtils.java:logGet(46)) - raft.server.log.segment.cache.num.max = 2 (custom)
2024-08-06 06:55:31,786 [2c741729-621d-48c8-a79f-44c82515a6f1-groupManagement] INFO  server.RaftServerConfigKeys (ConfUtils.java:logGet(46)) - raft.server.log.segment.cache.size.max = 200MB (=209715200) (default)
2024-08-06 06:55:31,786 [2c741729-621d-48c8-a79f-44c82515a6f1-groupManagement] INFO  server.RaftServerConfigKeys (ConfUtils.java:logGet(46)) - raft.server.log.appender.buffer.byte-limit = 8388608 (custom)
2024-08-06 06:55:31,786 [2c741729-621d-48c8-a79f-44c82515a6f1-groupManagement] INFO  util.AwaitToRun (AwaitToRun.java:start(81)) - Thread[2c741729-621d-48c8-a79f-44c82515a6f1@group-DAE9A42C1D5C-cacheEviction-AwaitToRun,5,main] started
2024-08-06 06:55:31,786 [2c741729-621d-48c8-a79f-44c82515a6f1-groupManagement] INFO  segmented.SegmentedRaftLogWorker (SegmentedRaftLogWorker.java:<init>(184)) - new 2c741729-621d-48c8-a79f-44c82515a6f1@group-DAE9A42C1D5C-SegmentedRaftLogWorker for RaftStorageImpl:Storage Directory /home/runner/work/ozone/ozone/hadoop-ozone/integration-test/target/test-dir/MiniOzoneClusterImpl-0b493811-7be1-4111-9212-de561dacad59/ozone-meta/datanode-1/ratis/04ef4600-2ec6-4caf-bc15-dae9a42c1d5c
2024-08-06 06:55:31,786 [2c741729-621d-48c8-a79f-44c82515a6f1-groupManagement] INFO  server.RaftServerConfigKeys (ConfUtils.java:logGet(46)) - raft.server.log.queue.byte-limit = 4294967296 (custom)
2024-08-06 06:55:31,786 [2c741729-621d-48c8-a79f-44c82515a6f1-groupManagement] INFO  server.RaftServerConfigKeys (ConfUtils.java:logGet(46)) - raft.server.log.queue.element-limit = 1024 (custom)
2024-08-06 06:55:31,787 [2c741729-621d-48c8-a79f-44c82515a6f1-groupManagement] INFO  server.RaftServerConfigKeys (ConfUtils.java:logGet(46)) - raft.server.log.segment.size.max = 67108864 (custom)
2024-08-06 06:55:31,787 [2c741729-621d-48c8-a79f-44c82515a6f1-groupManagement] INFO  server.RaftServerConfigKeys (ConfUtils.java:logGet(46)) - raft.server.log.preallocated.size = 4194304 (custom)
2024-08-06 06:55:31,787 [2c741729-621d-48c8-a79f-44c82515a6f1-groupManagement] INFO  server.RaftServerConfigKeys (ConfUtils.java:logGet(46)) - raft.server.log.force.sync.num = 128 (default)
2024-08-06 06:55:31,787 [2c741729-621d-48c8-a79f-44c82515a6f1-groupManagement] INFO  server.RaftServerConfigKeys (ConfUtils.java:logGet(46)) - raft.server.log.statemachine.data.sync = true (default)
2024-08-06 06:55:31,787 [2c741729-621d-48c8-a79f-44c82515a6f1-groupManagement] INFO  server.RaftServerConfigKeys (ConfUtils.java:logGet(46)) - raft.server.log.statemachine.data.sync.timeout = 10s (default)
2024-08-06 06:55:31,787 [2c741729-621d-48c8-a79f-44c82515a6f1-groupManagement] INFO  server.RaftServerConfigKeys (ConfUtils.java:logGet(46)) - raft.server.log.statemachine.data.sync.timeout.retry = 30 (custom)
2024-08-06 06:55:31,787 [2c741729-621d-48c8-a79f-44c82515a6f1-groupManagement] INFO  server.RaftServerConfigKeys (ConfUtils.java:logGet(46)) - raft.server.log.write.buffer.size = 8388616 (custom)
2024-08-06 06:55:31,788 [2c741729-621d-48c8-a79f-44c82515a6f1-groupManagement] INFO  server.RaftServerConfigKeys (ConfUtils.java:logGet(46)) - raft.server.log.appender.buffer.byte-limit = 8388608 (custom)
2024-08-06 06:55:31,788 [2c741729-621d-48c8-a79f-44c82515a6f1-groupManagement] INFO  server.RaftServerConfigKeys (ConfUtils.java:logGet(46)) - raft.server.log.unsafe-flush.enabled = false (default)
2024-08-06 06:55:31,788 [2c741729-621d-48c8-a79f-44c82515a6f1-groupManagement] INFO  server.RaftServerConfigKeys (ConfUtils.java:logGet(46)) - raft.server.log.async-flush.enabled = false (default)
2024-08-06 06:55:31,788 [2c741729-621d-48c8-a79f-44c82515a6f1-groupManagement] INFO  server.RaftServerConfigKeys (ConfUtils.java:logGet(46)) - raft.server.log.statemachine.data.caching.enabled = true (custom)
2024-08-06 06:55:31,788 [2c741729-621d-48c8-a79f-44c82515a6f1-groupManagement] INFO  segmented.SegmentedRaftLogWorker (SegmentedRaftLogWorker.java:lambda$new$0(135)) - 2c741729-621d-48c8-a79f-44c82515a6f1@group-DAE9A42C1D5C-SegmentedRaftLogWorker: flushIndex: setUnconditionally 0 -> -1
2024-08-06 06:55:31,788 [2c741729-621d-48c8-a79f-44c82515a6f1-groupManagement] INFO  segmented.SegmentedRaftLogWorker (SegmentedRaftLogWorker.java:lambda$new$0(135)) - 2c741729-621d-48c8-a79f-44c82515a6f1@group-DAE9A42C1D5C-SegmentedRaftLogWorker: safeCacheEvictIndex: setUnconditionally 0 -> -1
2024-08-06 06:55:31,789 [2c741729-621d-48c8-a79f-44c82515a6f1-groupManagement] INFO  server.RaftServer$Division (RaftServerImpl.java:start(389)) - 2c741729-621d-48c8-a79f-44c82515a6f1@group-DAE9A42C1D5C: start as a follower, conf=conf: {index: -1, cur=peers:[701c4ea6-6f91-4e49-a6f7-7c8a32a91528|127.0.0.1:15275, 4d58d409-0470-47bf-8499-813befc157d5|127.0.0.1:15266, 2c741729-621d-48c8-a79f-44c82515a6f1|127.0.0.1:15257]|listeners:[], old=null}
2024-08-06 06:55:31,789 [2c741729-621d-48c8-a79f-44c82515a6f1-groupManagement] INFO  server.RaftServer$Division (RaftServerImpl.java:setRole(376)) - 2c741729-621d-48c8-a79f-44c82515a6f1@group-DAE9A42C1D5C: changes role from      null to FOLLOWER at term 0 for startAsFollower
2024-08-06 06:55:31,789 [2c741729-621d-48c8-a79f-44c82515a6f1-groupManagement] INFO  impl.RoleInfo (RoleInfo.java:updateAndGet(148)) - 2c741729-621d-48c8-a79f-44c82515a6f1: start 2c741729-621d-48c8-a79f-44c82515a6f1@group-DAE9A42C1D5C-FollowerState
2024-08-06 06:55:31,789 [2c741729-621d-48c8-a79f-44c82515a6f1-groupManagement] INFO  util.JmxRegister (JmxRegister.java:tryRegister(44)) - Successfully registered JMX Bean with object name Ratis:service=RaftServer,group=group-DAE9A42C1D5C,id=2c741729-621d-48c8-a79f-44c82515a6f1
2024-08-06 06:55:31,789 [2c741729-621d-48c8-a79f-44c82515a6f1-groupManagement] INFO  util.JmxRegister (JmxRegister.java:register(58)) - register mxBean class org.apache.ratis.server.impl.RaftServerJmxAdapter as Ratis:service=RaftServer,group=group-DAE9A42C1D5C,id=2c741729-621d-48c8-a79f-44c82515a6f1
2024-08-06 06:55:31,789 [2c741729-621d-48c8-a79f-44c82515a6f1-groupManagement] INFO  server.RaftServerConfigKeys (ConfUtils.java:logGet(46)) - raft.server.snapshot.trigger-when-stop.enabled = true (default)
2024-08-06 06:55:31,789 [2c741729-621d-48c8-a79f-44c82515a6f1-groupManagement] INFO  server.RaftServerConfigKeys (ConfUtils.java:logGet(46)) - raft.server.snapshot.trigger-when-remove.enabled = true (default)
2024-08-06 06:55:31,789 [2c741729-621d-48c8-a79f-44c82515a6f1-groupManagement] INFO  server.RaftServerConfigKeys (ConfUtils.java:logGet(46)) - raft.server.snapshot.auto.trigger.enabled = true (custom)
2024-08-06 06:55:31,789 [2c741729-621d-48c8-a79f-44c82515a6f1-groupManagement] INFO  server.RaftServerConfigKeys (ConfUtils.java:logGet(46)) - raft.server.snapshot.auto.trigger.threshold = 10000 (custom)
2024-08-06 06:55:31,789 [2c741729-621d-48c8-a79f-44c82515a6f1-groupManagement] INFO  server.RaftServerConfigKeys (ConfUtils.java:logGet(46)) - raft.server.snapshot.retention.file.num = 5 (custom)
2024-08-06 06:55:31,789 [2c741729-621d-48c8-a79f-44c82515a6f1-groupManagement] INFO  server.RaftServerConfigKeys (ConfUtils.java:logGet(46)) - raft.server.log.purge.upto.snapshot.index = false (default)
2024-08-06 06:55:31,790 [2c741729-621d-48c8-a79f-44c82515a6f1-PipelineCommandHandlerThread-0] INFO  ratis.XceiverServerRatis (XceiverServerRatis.java:addGroup(846)) - Created group PipelineID=04ef4600-2ec6-4caf-bc15-dae9a42c1d5c
2024-08-06 06:55:31,793 [2c741729-621d-48c8-a79f-44c82515a6f1@group-DAE9A42C1D5C-FollowerState] INFO  server.RaftServerConfigKeys (ConfUtils.java:logFallback(53)) - raft.server.rpc.first-election.timeout.min = 5s (fallback to raft.server.rpc.timeout.min)
2024-08-06 06:55:31,793 [2c741729-621d-48c8-a79f-44c82515a6f1@group-DAE9A42C1D5C-FollowerState] INFO  server.RaftServerConfigKeys (ConfUtils.java:logFallback(53)) - raft.server.rpc.first-election.timeout.max = 5200ms (fallback to raft.server.rpc.timeout.max)
2024-08-06 06:55:31,795 [grpc-default-executor-7] INFO  server.RaftServer (RaftServerProxy.java:addNew(101)) - 701c4ea6-6f91-4e49-a6f7-7c8a32a91528: addNew group-DAE9A42C1D5C:[701c4ea6-6f91-4e49-a6f7-7c8a32a91528|127.0.0.1:15275, 4d58d409-0470-47bf-8499-813befc157d5|127.0.0.1:15266, 2c741729-621d-48c8-a79f-44c82515a6f1|127.0.0.1:15257] returns group-DAE9A42C1D5C:java.util.concurrent.CompletableFuture@732f0790[Not completed]
2024-08-06 06:55:31,796 [701c4ea6-6f91-4e49-a6f7-7c8a32a91528-groupManagement] INFO  server.RaftServer$Division (RaftServerImpl.java:<init>(253)) - 701c4ea6-6f91-4e49-a6f7-7c8a32a91528: new RaftServerImpl for group-DAE9A42C1D5C:[701c4ea6-6f91-4e49-a6f7-7c8a32a91528|127.0.0.1:15275, 4d58d409-0470-47bf-8499-813befc157d5|127.0.0.1:15266, 2c741729-621d-48c8-a79f-44c82515a6f1|127.0.0.1:15257] with ContainerStateMachine:uninitialized
2024-08-06 06:55:31,796 [701c4ea6-6f91-4e49-a6f7-7c8a32a91528-groupManagement] INFO  server.RaftServerConfigKeys (ConfUtils.java:logGet(46)) - raft.server.rpc.timeout.min = 5s (custom)
2024-08-06 06:55:31,796 [701c4ea6-6f91-4e49-a6f7-7c8a32a91528-groupManagement] INFO  server.RaftServerConfigKeys (ConfUtils.java:logGet(46)) - raft.server.rpc.timeout.max = 5200ms (custom)
2024-08-06 06:55:31,796 [701c4ea6-6f91-4e49-a6f7-7c8a32a91528-groupManagement] INFO  server.RaftServerConfigKeys (ConfUtils.java:logGet(46)) - raft.server.rpc.sleep.time = 25ms (default)
2024-08-06 06:55:31,796 [701c4ea6-6f91-4e49-a6f7-7c8a32a91528-groupManagement] INFO  server.RaftServerConfigKeys (ConfUtils.java:logGet(46)) - raft.server.rpc.slowness.timeout = 300s (custom)
2024-08-06 06:55:31,796 [701c4ea6-6f91-4e49-a6f7-7c8a32a91528-groupManagement] INFO  server.RaftServerConfigKeys (ConfUtils.java:logGet(46)) - raft.server.leaderelection.leader.step-down.wait-time = 10s (default)
2024-08-06 06:55:31,796 [701c4ea6-6f91-4e49-a6f7-7c8a32a91528-groupManagement] INFO  server.RaftServerConfigKeys (ConfUtils.java:logGet(46)) - raft.server.leaderelection.member.majority-add = false (default)
2024-08-06 06:55:31,796 [701c4ea6-6f91-4e49-a6f7-7c8a32a91528-groupManagement] INFO  server.RaftServerConfigKeys (ConfUtils.java:logGet(46)) - raft.server.sleep.deviation.threshold = 300ms (default)
2024-08-06 06:55:31,796 [701c4ea6-6f91-4e49-a6f7-7c8a32a91528-groupManagement] INFO  server.RaftServer$Division (ServerState.java:<init>(114)) - 701c4ea6-6f91-4e49-a6f7-7c8a32a91528@group-DAE9A42C1D5C: ConfigurationManager, init=conf: {index: -1, cur=peers:[701c4ea6-6f91-4e49-a6f7-7c8a32a91528|127.0.0.1:15275, 4d58d409-0470-47bf-8499-813befc157d5|127.0.0.1:15266, 2c741729-621d-48c8-a79f-44c82515a6f1|127.0.0.1:15257]|listeners:[], old=null}, confs=<EMPTY_MAP>
2024-08-06 06:55:31,796 [701c4ea6-6f91-4e49-a6f7-7c8a32a91528-groupManagement] INFO  server.RaftServerConfigKeys (ConfUtils.java:logGet(46)) - raft.server.notification.no-leader.timeout = 300s (custom)
2024-08-06 06:55:31,796 [701c4ea6-6f91-4e49-a6f7-7c8a32a91528-groupManagement] INFO  server.RaftServerConfigKeys (ConfUtils.java:logGet(46)) - raft.server.read.timeout = 10s (default)
2024-08-06 06:55:31,796 [701c4ea6-6f91-4e49-a6f7-7c8a32a91528-groupManagement] INFO  server.RaftServerConfigKeys (ConfUtils.java:logGet(46)) - raft.server.retrycache.expirytime = 600000ms (custom)
2024-08-06 06:55:31,796 [701c4ea6-6f91-4e49-a6f7-7c8a32a91528-groupManagement] INFO  server.RaftServerConfigKeys (ConfUtils.java:logGet(46)) - raft.server.retrycache.statistics.expirytime = 100ms (default)
2024-08-06 06:55:31,796 [701c4ea6-6f91-4e49-a6f7-7c8a32a91528-groupManagement] INFO  server.RaftServerConfigKeys (ConfUtils.java:logGet(46)) - raft.server.read.option = DEFAULT (default)
2024-08-06 06:55:31,797 [701c4ea6-6f91-4e49-a6f7-7c8a32a91528-groupManagement] INFO  server.RaftServerConfigKeys (ConfUtils.java:logGet(46)) - raft.server.read.read-after-write-consistent.write-index-cache.expiry-time = 60s (default)
2024-08-06 06:55:31,798 [701c4ea6-6f91-4e49-a6f7-7c8a32a91528-groupManagement] INFO  server.RaftServerConfigKeys (ConfUtils.java:logGet(46)) - raft.server.rpc.request.timeout = 60s (custom)
2024-08-06 06:55:31,798 [701c4ea6-6f91-4e49-a6f7-7c8a32a91528-groupManagement] INFO  server.RaftServerConfigKeys (ConfUtils.java:logGet(46)) - raft.server.log.appender.install.snapshot.enabled = false (custom)
2024-08-06 06:55:31,798 [701c4ea6-6f91-4e49-a6f7-7c8a32a91528-groupManagement] INFO  server.RaftServerConfigKeys (ConfUtils.java:logGet(46)) - raft.server.threadpool.server.cached = true (default)
2024-08-06 06:55:31,798 [701c4ea6-6f91-4e49-a6f7-7c8a32a91528-groupManagement] INFO  server.RaftServerConfigKeys (ConfUtils.java:logGet(46)) - raft.server.threadpool.server.size = 0 (default)
2024-08-06 06:55:31,798 [701c4ea6-6f91-4e49-a6f7-7c8a32a91528-groupManagement] INFO  server.RaftServerConfigKeys (ConfUtils.java:logGet(46)) - raft.server.threadpool.client.cached = true (default)
2024-08-06 06:55:31,798 [701c4ea6-6f91-4e49-a6f7-7c8a32a91528-groupManagement] INFO  server.RaftServerConfigKeys (ConfUtils.java:logGet(46)) - raft.server.threadpool.client.size = 0 (default)
2024-08-06 06:55:31,798 [701c4ea6-6f91-4e49-a6f7-7c8a32a91528-groupManagement] INFO  server.RaftServerConfigKeys (ConfUtils.java:logGet(46)) - raft.server.storage.free-space.min = 0MB (=0) (default)
2024-08-06 06:55:31,798 [701c4ea6-6f91-4e49-a6f7-7c8a32a91528-groupManagement] INFO  server.RaftServerConfigKeys (ConfUtils.java:logGet(46)) - raft.server.log.corruption.policy = EXCEPTION (default)
2024-08-06 06:55:31,799 [701c4ea6-6f91-4e49-a6f7-7c8a32a91528-groupManagement] INFO  server.RaftServerConfigKeys (ConfUtils.java:logGet(46)) - raft.server.storage.dir = [/home/runner/work/ozone/ozone/hadoop-ozone/integration-test/target/test-dir/MiniOzoneClusterImpl-0b493811-7be1-4111-9212-de561dacad59/ozone-meta/datanode-3/ratis] (custom)
2024-08-06 06:55:31,799 [701c4ea6-6f91-4e49-a6f7-7c8a32a91528-groupManagement] INFO  storage.RaftStorageDirectory (RaftStorageDirectoryImpl.java:analyzeStorage(138)) - The storage directory /home/runner/work/ozone/ozone/hadoop-ozone/integration-test/target/test-dir/MiniOzoneClusterImpl-0b493811-7be1-4111-9212-de561dacad59/ozone-meta/datanode-3/ratis/04ef4600-2ec6-4caf-bc15-dae9a42c1d5c does not exist. Creating ...
2024-08-06 06:55:31,800 [701c4ea6-6f91-4e49-a6f7-7c8a32a91528-groupManagement] INFO  storage.RaftStorageDirectory (RaftStorageDirectoryImpl.java:tryLock(229)) - Lock on /home/runner/work/ozone/ozone/hadoop-ozone/integration-test/target/test-dir/MiniOzoneClusterImpl-0b493811-7be1-4111-9212-de561dacad59/ozone-meta/datanode-3/ratis/04ef4600-2ec6-4caf-bc15-dae9a42c1d5c/in_use.lock acquired by nodename 24276@fv-az1978-46
2024-08-06 06:55:31,801 [701c4ea6-6f91-4e49-a6f7-7c8a32a91528-groupManagement] INFO  storage.RaftStorage (RaftStorageImpl.java:format(98)) - Storage directory /home/runner/work/ozone/ozone/hadoop-ozone/integration-test/target/test-dir/MiniOzoneClusterImpl-0b493811-7be1-4111-9212-de561dacad59/ozone-meta/datanode-3/ratis/04ef4600-2ec6-4caf-bc15-dae9a42c1d5c has been successfully formatted.
2024-08-06 06:55:31,802 [701c4ea6-6f91-4e49-a6f7-7c8a32a91528-groupManagement] INFO  ratis.ContainerStateMachine (ContainerStateMachine.java:loadSnapshot(287)) - group-DAE9A42C1D5C: The snapshot info is null. Setting the last applied index to:(t:0, i:~)
2024-08-06 06:55:31,802 [701c4ea6-6f91-4e49-a6f7-7c8a32a91528-groupManagement] INFO  server.RaftServerConfigKeys (ConfUtils.java:logGet(46)) - raft.server.log.use.memory = false (default)
2024-08-06 06:55:31,802 [701c4ea6-6f91-4e49-a6f7-7c8a32a91528-groupManagement] INFO  server.RaftServerConfigKeys (ConfUtils.java:logGet(46)) - raft.server.log.purge.gap = 1000000 (custom)
2024-08-06 06:55:31,802 [701c4ea6-6f91-4e49-a6f7-7c8a32a91528-groupManagement] INFO  server.RaftServerConfigKeys (ConfUtils.java:logGet(46)) - raft.server.log.appender.buffer.byte-limit = 8388608 (custom)
2024-08-06 06:55:31,802 [701c4ea6-6f91-4e49-a6f7-7c8a32a91528-groupManagement] INFO  server.RaftServerConfigKeys (ConfUtils.java:logGet(46)) - raft.server.log.statemachine.data.read.timeout = 1000ms (default)
2024-08-06 06:55:31,802 [701c4ea6-6f91-4e49-a6f7-7c8a32a91528-groupManagement] INFO  server.RaftServerConfigKeys (ConfUtils.java:logGet(46)) - raft.server.log.purge.preservation.log.num = 0 (default)
2024-08-06 06:55:31,803 [701c4ea6-6f91-4e49-a6f7-7c8a32a91528-groupManagement] INFO  server.RaftServerConfigKeys (ConfUtils.java:logGet(46)) - raft.server.log.segment.size.max = 67108864 (custom)
2024-08-06 06:55:31,803 [701c4ea6-6f91-4e49-a6f7-7c8a32a91528-groupManagement] INFO  server.RaftServerConfigKeys (ConfUtils.java:logGet(46)) - raft.server.log.segment.cache.num.max = 2 (custom)
2024-08-06 06:55:31,803 [701c4ea6-6f91-4e49-a6f7-7c8a32a91528-groupManagement] INFO  server.RaftServerConfigKeys (ConfUtils.java:logGet(46)) - raft.server.log.segment.cache.size.max = 200MB (=209715200) (default)
2024-08-06 06:55:31,803 [701c4ea6-6f91-4e49-a6f7-7c8a32a91528-groupManagement] INFO  server.RaftServerConfigKeys (ConfUtils.java:logGet(46)) - raft.server.log.appender.buffer.byte-limit = 8388608 (custom)
2024-08-06 06:55:31,804 [701c4ea6-6f91-4e49-a6f7-7c8a32a91528-groupManagement] INFO  util.AwaitToRun (AwaitToRun.java:start(81)) - Thread[701c4ea6-6f91-4e49-a6f7-7c8a32a91528@group-DAE9A42C1D5C-cacheEviction-AwaitToRun,5,main] started
2024-08-06 06:55:31,805 [701c4ea6-6f91-4e49-a6f7-7c8a32a91528-groupManagement] INFO  segmented.SegmentedRaftLogWorker (SegmentedRaftLogWorker.java:<init>(184)) - new 701c4ea6-6f91-4e49-a6f7-7c8a32a91528@group-DAE9A42C1D5C-SegmentedRaftLogWorker for RaftStorageImpl:Storage Directory /home/runner/work/ozone/ozone/hadoop-ozone/integration-test/target/test-dir/MiniOzoneClusterImpl-0b493811-7be1-4111-9212-de561dacad59/ozone-meta/datanode-3/ratis/04ef4600-2ec6-4caf-bc15-dae9a42c1d5c
2024-08-06 06:55:31,805 [701c4ea6-6f91-4e49-a6f7-7c8a32a91528-groupManagement] INFO  server.RaftServerConfigKeys (ConfUtils.java:logGet(46)) - raft.server.log.queue.byte-limit = 4294967296 (custom)
2024-08-06 06:55:31,805 [701c4ea6-6f91-4e49-a6f7-7c8a32a91528-groupManagement] INFO  server.RaftServerConfigKeys (ConfUtils.java:logGet(46)) - raft.server.log.queue.element-limit = 1024 (custom)
2024-08-06 06:55:31,805 [701c4ea6-6f91-4e49-a6f7-7c8a32a91528-groupManagement] INFO  server.RaftServerConfigKeys (ConfUtils.java:logGet(46)) - raft.server.log.segment.size.max = 67108864 (custom)
2024-08-06 06:55:31,805 [701c4ea6-6f91-4e49-a6f7-7c8a32a91528-groupManagement] INFO  server.RaftServerConfigKeys (ConfUtils.java:logGet(46)) - raft.server.log.preallocated.size = 4194304 (custom)
2024-08-06 06:55:31,805 [701c4ea6-6f91-4e49-a6f7-7c8a32a91528-groupManagement] INFO  server.RaftServerConfigKeys (ConfUtils.java:logGet(46)) - raft.server.log.force.sync.num = 128 (default)
2024-08-06 06:55:31,805 [701c4ea6-6f91-4e49-a6f7-7c8a32a91528-groupManagement] INFO  server.RaftServerConfigKeys (ConfUtils.java:logGet(46)) - raft.server.log.statemachine.data.sync = true (default)
2024-08-06 06:55:31,805 [701c4ea6-6f91-4e49-a6f7-7c8a32a91528-groupManagement] INFO  server.RaftServerConfigKeys (ConfUtils.java:logGet(46)) - raft.server.log.statemachine.data.sync.timeout = 10s (default)
2024-08-06 06:55:31,805 [701c4ea6-6f91-4e49-a6f7-7c8a32a91528-groupManagement] INFO  server.RaftServerConfigKeys (ConfUtils.java:logGet(46)) - raft.server.log.statemachine.data.sync.timeout.retry = 30 (custom)
2024-08-06 06:55:31,805 [701c4ea6-6f91-4e49-a6f7-7c8a32a91528-groupManagement] INFO  server.RaftServerConfigKeys (ConfUtils.java:logGet(46)) - raft.server.log.write.buffer.size = 8388616 (custom)
2024-08-06 06:55:31,806 [701c4ea6-6f91-4e49-a6f7-7c8a32a91528-groupManagement] INFO  server.RaftServerConfigKeys (ConfUtils.java:logGet(46)) - raft.server.log.appender.buffer.byte-limit = 8388608 (custom)
2024-08-06 06:55:31,806 [701c4ea6-6f91-4e49-a6f7-7c8a32a91528-groupManagement] INFO  server.RaftServerConfigKeys (ConfUtils.java:logGet(46)) - raft.server.log.unsafe-flush.enabled = false (default)
2024-08-06 06:55:31,806 [701c4ea6-6f91-4e49-a6f7-7c8a32a91528-groupManagement] INFO  server.RaftServerConfigKeys (ConfUtils.java:logGet(46)) - raft.server.log.async-flush.enabled = false (default)
2024-08-06 06:55:31,806 [701c4ea6-6f91-4e49-a6f7-7c8a32a91528-groupManagement] INFO  server.RaftServerConfigKeys (ConfUtils.java:logGet(46)) - raft.server.log.statemachine.data.caching.enabled = true (custom)
2024-08-06 06:55:31,806 [701c4ea6-6f91-4e49-a6f7-7c8a32a91528-groupManagement] INFO  segmented.SegmentedRaftLogWorker (SegmentedRaftLogWorker.java:lambda$new$0(135)) - 701c4ea6-6f91-4e49-a6f7-7c8a32a91528@group-DAE9A42C1D5C-SegmentedRaftLogWorker: flushIndex: setUnconditionally 0 -> -1
2024-08-06 06:55:31,806 [701c4ea6-6f91-4e49-a6f7-7c8a32a91528-groupManagement] INFO  segmented.SegmentedRaftLogWorker (SegmentedRaftLogWorker.java:lambda$new$0(135)) - 701c4ea6-6f91-4e49-a6f7-7c8a32a91528@group-DAE9A42C1D5C-SegmentedRaftLogWorker: safeCacheEvictIndex: setUnconditionally 0 -> -1
2024-08-06 06:55:31,808 [701c4ea6-6f91-4e49-a6f7-7c8a32a91528-groupManagement] INFO  server.RaftServer$Division (RaftServerImpl.java:start(389)) - 701c4ea6-6f91-4e49-a6f7-7c8a32a91528@group-DAE9A42C1D5C: start as a follower, conf=conf: {index: -1, cur=peers:[701c4ea6-6f91-4e49-a6f7-7c8a32a91528|127.0.0.1:15275, 4d58d409-0470-47bf-8499-813befc157d5|127.0.0.1:15266, 2c741729-621d-48c8-a79f-44c82515a6f1|127.0.0.1:15257]|listeners:[], old=null}
2024-08-06 06:55:31,808 [701c4ea6-6f91-4e49-a6f7-7c8a32a91528-groupManagement] INFO  server.RaftServer$Division (RaftServerImpl.java:setRole(376)) - 701c4ea6-6f91-4e49-a6f7-7c8a32a91528@group-DAE9A42C1D5C: changes role from      null to FOLLOWER at term 0 for startAsFollower
2024-08-06 06:55:31,808 [701c4ea6-6f91-4e49-a6f7-7c8a32a91528-groupManagement] INFO  impl.RoleInfo (RoleInfo.java:updateAndGet(148)) - 701c4ea6-6f91-4e49-a6f7-7c8a32a91528: start 701c4ea6-6f91-4e49-a6f7-7c8a32a91528@group-DAE9A42C1D5C-FollowerState
2024-08-06 06:55:31,808 [701c4ea6-6f91-4e49-a6f7-7c8a32a91528-groupManagement] INFO  util.JmxRegister (JmxRegister.java:tryRegister(44)) - Successfully registered JMX Bean with object name Ratis:service=RaftServer,group=group-DAE9A42C1D5C,id=701c4ea6-6f91-4e49-a6f7-7c8a32a91528
2024-08-06 06:55:31,808 [701c4ea6-6f91-4e49-a6f7-7c8a32a91528-groupManagement] INFO  util.JmxRegister (JmxRegister.java:register(58)) - register mxBean class org.apache.ratis.server.impl.RaftServerJmxAdapter as Ratis:service=RaftServer,group=group-DAE9A42C1D5C,id=701c4ea6-6f91-4e49-a6f7-7c8a32a91528
2024-08-06 06:55:31,808 [701c4ea6-6f91-4e49-a6f7-7c8a32a91528@group-DAE9A42C1D5C-FollowerState] INFO  server.RaftServerConfigKeys (ConfUtils.java:logFallback(53)) - raft.server.rpc.first-election.timeout.min = 5s (fallback to raft.server.rpc.timeout.min)
2024-08-06 06:55:31,808 [701c4ea6-6f91-4e49-a6f7-7c8a32a91528@group-DAE9A42C1D5C-FollowerState] INFO  server.RaftServerConfigKeys (ConfUtils.java:logFallback(53)) - raft.server.rpc.first-election.timeout.max = 5200ms (fallback to raft.server.rpc.timeout.max)
2024-08-06 06:55:31,808 [701c4ea6-6f91-4e49-a6f7-7c8a32a91528-groupManagement] INFO  server.RaftServerConfigKeys (ConfUtils.java:logGet(46)) - raft.server.snapshot.trigger-when-stop.enabled = true (default)
2024-08-06 06:55:31,808 [701c4ea6-6f91-4e49-a6f7-7c8a32a91528-groupManagement] INFO  server.RaftServerConfigKeys (ConfUtils.java:logGet(46)) - raft.server.snapshot.trigger-when-remove.enabled = true (default)
2024-08-06 06:55:31,809 [701c4ea6-6f91-4e49-a6f7-7c8a32a91528-groupManagement] INFO  server.RaftServerConfigKeys (ConfUtils.java:logGet(46)) - raft.server.snapshot.auto.trigger.enabled = true (custom)
2024-08-06 06:55:31,809 [701c4ea6-6f91-4e49-a6f7-7c8a32a91528-groupManagement] INFO  server.RaftServerConfigKeys (ConfUtils.java:logGet(46)) - raft.server.snapshot.auto.trigger.threshold = 10000 (custom)
2024-08-06 06:55:31,809 [701c4ea6-6f91-4e49-a6f7-7c8a32a91528-groupManagement] INFO  server.RaftServerConfigKeys (ConfUtils.java:logGet(46)) - raft.server.snapshot.retention.file.num = 5 (custom)
2024-08-06 06:55:31,809 [701c4ea6-6f91-4e49-a6f7-7c8a32a91528-groupManagement] INFO  server.RaftServerConfigKeys (ConfUtils.java:logGet(46)) - raft.server.log.purge.upto.snapshot.index = false (default)
2024-08-06 06:55:31,816 [grpc-default-executor-7] INFO  server.RaftServer (RaftServerProxy.java:addNew(101)) - 4d58d409-0470-47bf-8499-813befc157d5: addNew group-DAE9A42C1D5C:[701c4ea6-6f91-4e49-a6f7-7c8a32a91528|127.0.0.1:15275, 4d58d409-0470-47bf-8499-813befc157d5|127.0.0.1:15266, 2c741729-621d-48c8-a79f-44c82515a6f1|127.0.0.1:15257] returns group-DAE9A42C1D5C:java.util.concurrent.CompletableFuture@5bbd50a6[Not completed]
2024-08-06 06:55:31,817 [4d58d409-0470-47bf-8499-813befc157d5-groupManagement] INFO  server.RaftServer$Division (RaftServerImpl.java:<init>(253)) - 4d58d409-0470-47bf-8499-813befc157d5: new RaftServerImpl for group-DAE9A42C1D5C:[701c4ea6-6f91-4e49-a6f7-7c8a32a91528|127.0.0.1:15275, 4d58d409-0470-47bf-8499-813befc157d5|127.0.0.1:15266, 2c741729-621d-48c8-a79f-44c82515a6f1|127.0.0.1:15257] with ContainerStateMachine:uninitialized
2024-08-06 06:55:31,817 [4d58d409-0470-47bf-8499-813befc157d5-groupManagement] INFO  server.RaftServerConfigKeys (ConfUtils.java:logGet(46)) - raft.server.rpc.timeout.min = 5s (custom)
2024-08-06 06:55:31,817 [4d58d409-0470-47bf-8499-813befc157d5-groupManagement] INFO  server.RaftServerConfigKeys (ConfUtils.java:logGet(46)) - raft.server.rpc.timeout.max = 5200ms (custom)
2024-08-06 06:55:31,817 [4d58d409-0470-47bf-8499-813befc157d5-groupManagement] INFO  server.RaftServerConfigKeys (ConfUtils.java:logGet(46)) - raft.server.rpc.sleep.time = 25ms (default)
2024-08-06 06:55:31,817 [4d58d409-0470-47bf-8499-813befc157d5-groupManagement] INFO  server.RaftServerConfigKeys (ConfUtils.java:logGet(46)) - raft.server.rpc.slowness.timeout = 300s (custom)
2024-08-06 06:55:31,817 [4d58d409-0470-47bf-8499-813befc157d5-groupManagement] INFO  server.RaftServerConfigKeys (ConfUtils.java:logGet(46)) - raft.server.leaderelection.leader.step-down.wait-time = 10s (default)
2024-08-06 06:55:31,817 [4d58d409-0470-47bf-8499-813befc157d5-groupManagement] INFO  server.RaftServerConfigKeys (ConfUtils.java:logGet(46)) - raft.server.leaderelection.member.majority-add = false (default)
2024-08-06 06:55:31,817 [4d58d409-0470-47bf-8499-813befc157d5-groupManagement] INFO  server.RaftServerConfigKeys (ConfUtils.java:logGet(46)) - raft.server.sleep.deviation.threshold = 300ms (default)
2024-08-06 06:55:31,817 [4d58d409-0470-47bf-8499-813befc157d5-groupManagement] INFO  server.RaftServer$Division (ServerState.java:<init>(114)) - 4d58d409-0470-47bf-8499-813befc157d5@group-DAE9A42C1D5C: ConfigurationManager, init=conf: {index: -1, cur=peers:[701c4ea6-6f91-4e49-a6f7-7c8a32a91528|127.0.0.1:15275, 4d58d409-0470-47bf-8499-813befc157d5|127.0.0.1:15266, 2c741729-621d-48c8-a79f-44c82515a6f1|127.0.0.1:15257]|listeners:[], old=null}, confs=<EMPTY_MAP>
2024-08-06 06:55:31,817 [4d58d409-0470-47bf-8499-813befc157d5-groupManagement] INFO  server.RaftServerConfigKeys (ConfUtils.java:logGet(46)) - raft.server.notification.no-leader.timeout = 300s (custom)
2024-08-06 06:55:31,817 [4d58d409-0470-47bf-8499-813befc157d5-groupManagement] INFO  server.RaftServerConfigKeys (ConfUtils.java:logGet(46)) - raft.server.read.timeout = 10s (default)
2024-08-06 06:55:31,817 [4d58d409-0470-47bf-8499-813befc157d5-groupManagement] INFO  server.RaftServerConfigKeys (ConfUtils.java:logGet(46)) - raft.server.retrycache.expirytime = 600000ms (custom)
2024-08-06 06:55:31,817 [4d58d409-0470-47bf-8499-813befc157d5-groupManagement] INFO  server.RaftServerConfigKeys (ConfUtils.java:logGet(46)) - raft.server.retrycache.statistics.expirytime = 100ms (default)
2024-08-06 06:55:31,817 [4d58d409-0470-47bf-8499-813befc157d5-groupManagement] INFO  server.RaftServerConfigKeys (ConfUtils.java:logGet(46)) - raft.server.read.option = DEFAULT (default)
2024-08-06 06:55:31,817 [4d58d409-0470-47bf-8499-813befc157d5-groupManagement] INFO  server.RaftServerConfigKeys (ConfUtils.java:logGet(46)) - raft.server.read.read-after-write-consistent.write-index-cache.expiry-time = 60s (default)
2024-08-06 06:55:31,818 [4d58d409-0470-47bf-8499-813befc157d5-groupManagement] INFO  server.RaftServerConfigKeys (ConfUtils.java:logGet(46)) - raft.server.rpc.request.timeout = 60s (custom)
2024-08-06 06:55:31,818 [4d58d409-0470-47bf-8499-813befc157d5-groupManagement] INFO  server.RaftServerConfigKeys (ConfUtils.java:logGet(46)) - raft.server.log.appender.install.snapshot.enabled = false (custom)
2024-08-06 06:55:31,818 [4d58d409-0470-47bf-8499-813befc157d5-groupManagement] INFO  server.RaftServerConfigKeys (ConfUtils.java:logGet(46)) - raft.server.threadpool.server.cached = true (default)
2024-08-06 06:55:31,818 [4d58d409-0470-47bf-8499-813befc157d5-groupManagement] INFO  server.RaftServerConfigKeys (ConfUtils.java:logGet(46)) - raft.server.threadpool.server.size = 0 (default)
2024-08-06 06:55:31,818 [4d58d409-0470-47bf-8499-813befc157d5-groupManagement] INFO  server.RaftServerConfigKeys (ConfUtils.java:logGet(46)) - raft.server.threadpool.client.cached = true (default)
2024-08-06 06:55:31,818 [4d58d409-0470-47bf-8499-813befc157d5-groupManagement] INFO  server.RaftServerConfigKeys (ConfUtils.java:logGet(46)) - raft.server.threadpool.client.size = 0 (default)
2024-08-06 06:55:31,818 [4d58d409-0470-47bf-8499-813befc157d5-groupManagement] INFO  server.RaftServerConfigKeys (ConfUtils.java:logGet(46)) - raft.server.storage.free-space.min = 0MB (=0) (default)
2024-08-06 06:55:31,819 [4d58d409-0470-47bf-8499-813befc157d5-groupManagement] INFO  server.RaftServerConfigKeys (ConfUtils.java:logGet(46)) - raft.server.log.corruption.policy = EXCEPTION (default)
2024-08-06 06:55:31,819 [4d58d409-0470-47bf-8499-813befc157d5-groupManagement] INFO  server.RaftServerConfigKeys (ConfUtils.java:logGet(46)) - raft.server.storage.dir = [/home/runner/work/ozone/ozone/hadoop-ozone/integration-test/target/test-dir/MiniOzoneClusterImpl-0b493811-7be1-4111-9212-de561dacad59/ozone-meta/datanode-2/ratis] (custom)
2024-08-06 06:55:31,819 [4d58d409-0470-47bf-8499-813befc157d5-groupManagement] INFO  storage.RaftStorageDirectory (RaftStorageDirectoryImpl.java:analyzeStorage(138)) - The storage directory /home/runner/work/ozone/ozone/hadoop-ozone/integration-test/target/test-dir/MiniOzoneClusterImpl-0b493811-7be1-4111-9212-de561dacad59/ozone-meta/datanode-2/ratis/04ef4600-2ec6-4caf-bc15-dae9a42c1d5c does not exist. Creating ...
2024-08-06 06:55:31,820 [4d58d409-0470-47bf-8499-813befc157d5-groupManagement] INFO  storage.RaftStorageDirectory (RaftStorageDirectoryImpl.java:tryLock(229)) - Lock on /home/runner/work/ozone/ozone/hadoop-ozone/integration-test/target/test-dir/MiniOzoneClusterImpl-0b493811-7be1-4111-9212-de561dacad59/ozone-meta/datanode-2/ratis/04ef4600-2ec6-4caf-bc15-dae9a42c1d5c/in_use.lock acquired by nodename 24276@fv-az1978-46
2024-08-06 06:55:31,821 [4d58d409-0470-47bf-8499-813befc157d5-groupManagement] INFO  storage.RaftStorage (RaftStorageImpl.java:format(98)) - Storage directory /home/runner/work/ozone/ozone/hadoop-ozone/integration-test/target/test-dir/MiniOzoneClusterImpl-0b493811-7be1-4111-9212-de561dacad59/ozone-meta/datanode-2/ratis/04ef4600-2ec6-4caf-bc15-dae9a42c1d5c has been successfully formatted.
2024-08-06 06:55:31,821 [4d58d409-0470-47bf-8499-813befc157d5-groupManagement] INFO  ratis.ContainerStateMachine (ContainerStateMachine.java:loadSnapshot(287)) - group-DAE9A42C1D5C: The snapshot info is null. Setting the last applied index to:(t:0, i:~)
2024-08-06 06:55:31,821 [4d58d409-0470-47bf-8499-813befc157d5-groupManagement] INFO  server.RaftServerConfigKeys (ConfUtils.java:logGet(46)) - raft.server.log.use.memory = false (default)
2024-08-06 06:55:31,821 [4d58d409-0470-47bf-8499-813befc157d5-groupManagement] INFO  server.RaftServerConfigKeys (ConfUtils.java:logGet(46)) - raft.server.log.purge.gap = 1000000 (custom)
2024-08-06 06:55:31,821 [4d58d409-0470-47bf-8499-813befc157d5-groupManagement] INFO  server.RaftServerConfigKeys (ConfUtils.java:logGet(46)) - raft.server.log.appender.buffer.byte-limit = 8388608 (custom)
2024-08-06 06:55:31,821 [4d58d409-0470-47bf-8499-813befc157d5-groupManagement] INFO  server.RaftServerConfigKeys (ConfUtils.java:logGet(46)) - raft.server.log.statemachine.data.read.timeout = 1000ms (default)
2024-08-06 06:55:31,821 [4d58d409-0470-47bf-8499-813befc157d5-groupManagement] INFO  server.RaftServerConfigKeys (ConfUtils.java:logGet(46)) - raft.server.log.purge.preservation.log.num = 0 (default)
2024-08-06 06:55:31,822 [4d58d409-0470-47bf-8499-813befc157d5-groupManagement] INFO  server.RaftServerConfigKeys (ConfUtils.java:logGet(46)) - raft.server.log.segment.size.max = 67108864 (custom)
2024-08-06 06:55:31,822 [4d58d409-0470-47bf-8499-813befc157d5-groupManagement] INFO  server.RaftServerConfigKeys (ConfUtils.java:logGet(46)) - raft.server.log.segment.cache.num.max = 2 (custom)
2024-08-06 06:55:31,822 [4d58d409-0470-47bf-8499-813befc157d5-groupManagement] INFO  server.RaftServerConfigKeys (ConfUtils.java:logGet(46)) - raft.server.log.segment.cache.size.max = 200MB (=209715200) (default)
2024-08-06 06:55:31,822 [4d58d409-0470-47bf-8499-813befc157d5-groupManagement] INFO  server.RaftServerConfigKeys (ConfUtils.java:logGet(46)) - raft.server.log.appender.buffer.byte-limit = 8388608 (custom)
2024-08-06 06:55:31,822 [4d58d409-0470-47bf-8499-813befc157d5-groupManagement] INFO  util.AwaitToRun (AwaitToRun.java:start(81)) - Thread[4d58d409-0470-47bf-8499-813befc157d5@group-DAE9A42C1D5C-cacheEviction-AwaitToRun,5,main] started
2024-08-06 06:55:31,822 [4d58d409-0470-47bf-8499-813befc157d5-groupManagement] INFO  segmented.SegmentedRaftLogWorker (SegmentedRaftLogWorker.java:<init>(184)) - new 4d58d409-0470-47bf-8499-813befc157d5@group-DAE9A42C1D5C-SegmentedRaftLogWorker for RaftStorageImpl:Storage Directory /home/runner/work/ozone/ozone/hadoop-ozone/integration-test/target/test-dir/MiniOzoneClusterImpl-0b493811-7be1-4111-9212-de561dacad59/ozone-meta/datanode-2/ratis/04ef4600-2ec6-4caf-bc15-dae9a42c1d5c
2024-08-06 06:55:31,822 [4d58d409-0470-47bf-8499-813befc157d5-groupManagement] INFO  server.RaftServerConfigKeys (ConfUtils.java:logGet(46)) - raft.server.log.queue.byte-limit = 4294967296 (custom)
2024-08-06 06:55:31,823 [4d58d409-0470-47bf-8499-813befc157d5-groupManagement] INFO  server.RaftServerConfigKeys (ConfUtils.java:logGet(46)) - raft.server.log.queue.element-limit = 1024 (custom)
2024-08-06 06:55:31,823 [4d58d409-0470-47bf-8499-813befc157d5-groupManagement] INFO  server.RaftServerConfigKeys (ConfUtils.java:logGet(46)) - raft.server.log.segment.size.max = 67108864 (custom)
2024-08-06 06:55:31,823 [4d58d409-0470-47bf-8499-813befc157d5-groupManagement] INFO  server.RaftServerConfigKeys (ConfUtils.java:logGet(46)) - raft.server.log.preallocated.size = 4194304 (custom)
2024-08-06 06:55:31,823 [4d58d409-0470-47bf-8499-813befc157d5-groupManagement] INFO  server.RaftServerConfigKeys (ConfUtils.java:logGet(46)) - raft.server.log.force.sync.num = 128 (default)
2024-08-06 06:55:31,823 [4d58d409-0470-47bf-8499-813befc157d5-groupManagement] INFO  server.RaftServerConfigKeys (ConfUtils.java:logGet(46)) - raft.server.log.statemachine.data.sync = true (default)
2024-08-06 06:55:31,823 [4d58d409-0470-47bf-8499-813befc157d5-groupManagement] INFO  server.RaftServerConfigKeys (ConfUtils.java:logGet(46)) - raft.server.log.statemachine.data.sync.timeout = 10s (default)
2024-08-06 06:55:31,823 [4d58d409-0470-47bf-8499-813befc157d5-groupManagement] INFO  server.RaftServerConfigKeys (ConfUtils.java:logGet(46)) - raft.server.log.statemachine.data.sync.timeout.retry = 30 (custom)
2024-08-06 06:55:31,823 [4d58d409-0470-47bf-8499-813befc157d5-groupManagement] INFO  server.RaftServerConfigKeys (ConfUtils.java:logGet(46)) - raft.server.log.write.buffer.size = 8388616 (custom)
2024-08-06 06:55:31,824 [4d58d409-0470-47bf-8499-813befc157d5-groupManagement] INFO  server.RaftServerConfigKeys (ConfUtils.java:logGet(46)) - raft.server.log.appender.buffer.byte-limit = 8388608 (custom)
2024-08-06 06:55:31,824 [4d58d409-0470-47bf-8499-813befc157d5-groupManagement] INFO  server.RaftServerConfigKeys (ConfUtils.java:logGet(46)) - raft.server.log.unsafe-flush.enabled = false (default)
2024-08-06 06:55:31,824 [4d58d409-0470-47bf-8499-813befc157d5-groupManagement] INFO  server.RaftServerConfigKeys (ConfUtils.java:logGet(46)) - raft.server.log.async-flush.enabled = false (default)
2024-08-06 06:55:31,824 [4d58d409-0470-47bf-8499-813befc157d5-groupManagement] INFO  server.RaftServerConfigKeys (ConfUtils.java:logGet(46)) - raft.server.log.statemachine.data.caching.enabled = true (custom)
2024-08-06 06:55:31,824 [4d58d409-0470-47bf-8499-813befc157d5-groupManagement] INFO  segmented.SegmentedRaftLogWorker (SegmentedRaftLogWorker.java:lambda$new$0(135)) - 4d58d409-0470-47bf-8499-813befc157d5@group-DAE9A42C1D5C-SegmentedRaftLogWorker: flushIndex: setUnconditionally 0 -> -1
2024-08-06 06:55:31,824 [4d58d409-0470-47bf-8499-813befc157d5-groupManagement] INFO  segmented.SegmentedRaftLogWorker (SegmentedRaftLogWorker.java:lambda$new$0(135)) - 4d58d409-0470-47bf-8499-813befc157d5@group-DAE9A42C1D5C-SegmentedRaftLogWorker: safeCacheEvictIndex: setUnconditionally 0 -> -1
2024-08-06 06:55:31,825 [4d58d409-0470-47bf-8499-813befc157d5-groupManagement] INFO  server.RaftServer$Division (RaftServerImpl.java:start(389)) - 4d58d409-0470-47bf-8499-813befc157d5@group-DAE9A42C1D5C: start as a follower, conf=conf: {index: -1, cur=peers:[701c4ea6-6f91-4e49-a6f7-7c8a32a91528|127.0.0.1:15275, 4d58d409-0470-47bf-8499-813befc157d5|127.0.0.1:15266, 2c741729-621d-48c8-a79f-44c82515a6f1|127.0.0.1:15257]|listeners:[], old=null}
2024-08-06 06:55:31,825 [4d58d409-0470-47bf-8499-813befc157d5-groupManagement] INFO  server.RaftServer$Division (RaftServerImpl.java:setRole(376)) - 4d58d409-0470-47bf-8499-813befc157d5@group-DAE9A42C1D5C: changes role from      null to FOLLOWER at term 0 for startAsFollower
2024-08-06 06:55:31,825 [4d58d409-0470-47bf-8499-813befc157d5-groupManagement] INFO  impl.RoleInfo (RoleInfo.java:updateAndGet(148)) - 4d58d409-0470-47bf-8499-813befc157d5: start 4d58d409-0470-47bf-8499-813befc157d5@group-DAE9A42C1D5C-FollowerState
2024-08-06 06:55:31,825 [4d58d409-0470-47bf-8499-813befc157d5-groupManagement] INFO  util.JmxRegister (JmxRegister.java:tryRegister(44)) - Successfully registered JMX Bean with object name Ratis:service=RaftServer,group=group-DAE9A42C1D5C,id=4d58d409-0470-47bf-8499-813befc157d5
2024-08-06 06:55:31,825 [4d58d409-0470-47bf-8499-813befc157d5-groupManagement] INFO  util.JmxRegister (JmxRegister.java:register(58)) - register mxBean class org.apache.ratis.server.impl.RaftServerJmxAdapter as Ratis:service=RaftServer,group=group-DAE9A42C1D5C,id=4d58d409-0470-47bf-8499-813befc157d5
2024-08-06 06:55:31,825 [4d58d409-0470-47bf-8499-813befc157d5-groupManagement] INFO  server.RaftServerConfigKeys (ConfUtils.java:logGet(46)) - raft.server.snapshot.trigger-when-stop.enabled = true (default)
2024-08-06 06:55:31,825 [4d58d409-0470-47bf-8499-813befc157d5-groupManagement] INFO  server.RaftServerConfigKeys (ConfUtils.java:logGet(46)) - raft.server.snapshot.trigger-when-remove.enabled = true (default)
2024-08-06 06:55:31,825 [4d58d409-0470-47bf-8499-813befc157d5-groupManagement] INFO  server.RaftServerConfigKeys (ConfUtils.java:logGet(46)) - raft.server.snapshot.auto.trigger.enabled = true (custom)
2024-08-06 06:55:31,825 [4d58d409-0470-47bf-8499-813befc157d5-groupManagement] INFO  server.RaftServerConfigKeys (ConfUtils.java:logGet(46)) - raft.server.snapshot.auto.trigger.threshold = 10000 (custom)
2024-08-06 06:55:31,825 [4d58d409-0470-47bf-8499-813befc157d5-groupManagement] INFO  server.RaftServerConfigKeys (ConfUtils.java:logGet(46)) - raft.server.snapshot.retention.file.num = 5 (custom)
2024-08-06 06:55:31,825 [4d58d409-0470-47bf-8499-813befc157d5-groupManagement] INFO  server.RaftServerConfigKeys (ConfUtils.java:logGet(46)) - raft.server.log.purge.upto.snapshot.index = false (default)
2024-08-06 06:55:31,825 [4d58d409-0470-47bf-8499-813befc157d5@group-DAE9A42C1D5C-FollowerState] INFO  server.RaftServerConfigKeys (ConfUtils.java:logFallback(53)) - raft.server.rpc.first-election.timeout.min = 5s (fallback to raft.server.rpc.timeout.min)
2024-08-06 06:55:31,826 [4d58d409-0470-47bf-8499-813befc157d5@group-DAE9A42C1D5C-FollowerState] INFO  server.RaftServerConfigKeys (ConfUtils.java:logFallback(53)) - raft.server.rpc.first-election.timeout.max = 5200ms (fallback to raft.server.rpc.timeout.max)
2024-08-06 06:55:31,835 [2c741729-621d-48c8-a79f-44c82515a6f1-PipelineCommandHandlerThread-0] INFO  commandhandler.CreatePipelineCommandHandler (CreatePipelineCommandHandler.java:lambda$handle$2(124)) - Created Pipeline RATIS THREE PipelineID=04ef4600-2ec6-4caf-bc15-dae9a42c1d5c.
2024-08-06 06:55:31,917 [4d58d409-0470-47bf-8499-813befc157d5-PipelineCommandHandlerThread-0] INFO  server.RaftServer (RaftServerProxy.java:addNew(101)) - 4d58d409-0470-47bf-8499-813befc157d5: addNew group-099AB90A8329:[4d58d409-0470-47bf-8499-813befc157d5|127.0.0.1:15266] returns group-099AB90A8329:java.util.concurrent.CompletableFuture@282462ae[Not completed]
2024-08-06 06:55:31,918 [4d58d409-0470-47bf-8499-813befc157d5-groupManagement] INFO  server.RaftServer$Division (RaftServerImpl.java:<init>(253)) - 4d58d409-0470-47bf-8499-813befc157d5: new RaftServerImpl for group-099AB90A8329:[4d58d409-0470-47bf-8499-813befc157d5|127.0.0.1:15266] with ContainerStateMachine:uninitialized
2024-08-06 06:55:31,918 [4d58d409-0470-47bf-8499-813befc157d5-groupManagement] INFO  server.RaftServerConfigKeys (ConfUtils.java:logGet(46)) - raft.server.rpc.timeout.min = 5s (custom)
2024-08-06 06:55:31,918 [4d58d409-0470-47bf-8499-813befc157d5-groupManagement] INFO  server.RaftServerConfigKeys (ConfUtils.java:logGet(46)) - raft.server.rpc.timeout.max = 5200ms (custom)
2024-08-06 06:55:31,918 [4d58d409-0470-47bf-8499-813befc157d5-groupManagement] INFO  server.RaftServerConfigKeys (ConfUtils.java:logGet(46)) - raft.server.rpc.sleep.time = 25ms (default)
2024-08-06 06:55:31,918 [4d58d409-0470-47bf-8499-813befc157d5-groupManagement] INFO  server.RaftServerConfigKeys (ConfUtils.java:logGet(46)) - raft.server.rpc.slowness.timeout = 300s (custom)
2024-08-06 06:55:31,918 [4d58d409-0470-47bf-8499-813befc157d5-groupManagement] INFO  server.RaftServerConfigKeys (ConfUtils.java:logGet(46)) - raft.server.leaderelection.leader.step-down.wait-time = 10s (default)
2024-08-06 06:55:31,918 [4d58d409-0470-47bf-8499-813befc157d5-groupManagement] INFO  server.RaftServerConfigKeys (ConfUtils.java:logGet(46)) - raft.server.leaderelection.member.majority-add = false (default)
2024-08-06 06:55:31,918 [4d58d409-0470-47bf-8499-813befc157d5-groupManagement] INFO  server.RaftServerConfigKeys (ConfUtils.java:logGet(46)) - raft.server.sleep.deviation.threshold = 300ms (default)
2024-08-06 06:55:31,918 [4d58d409-0470-47bf-8499-813befc157d5-groupManagement] INFO  server.RaftServer$Division (ServerState.java:<init>(114)) - 4d58d409-0470-47bf-8499-813befc157d5@group-099AB90A8329: ConfigurationManager, init=conf: {index: -1, cur=peers:[4d58d409-0470-47bf-8499-813befc157d5|127.0.0.1:15266]|listeners:[], old=null}, confs=<EMPTY_MAP>
2024-08-06 06:55:31,918 [4d58d409-0470-47bf-8499-813befc157d5-groupManagement] INFO  server.RaftServerConfigKeys (ConfUtils.java:logGet(46)) - raft.server.notification.no-leader.timeout = 300s (custom)
2024-08-06 06:55:31,919 [4d58d409-0470-47bf-8499-813befc157d5-groupManagement] INFO  server.RaftServerConfigKeys (ConfUtils.java:logGet(46)) - raft.server.read.timeout = 10s (default)
2024-08-06 06:55:31,919 [4d58d409-0470-47bf-8499-813befc157d5-groupManagement] INFO  server.RaftServerConfigKeys (ConfUtils.java:logGet(46)) - raft.server.retrycache.expirytime = 600000ms (custom)
2024-08-06 06:55:31,919 [4d58d409-0470-47bf-8499-813befc157d5-groupManagement] INFO  server.RaftServerConfigKeys (ConfUtils.java:logGet(46)) - raft.server.retrycache.statistics.expirytime = 100ms (default)
2024-08-06 06:55:31,919 [4d58d409-0470-47bf-8499-813befc157d5-groupManagement] INFO  server.RaftServerConfigKeys (ConfUtils.java:logGet(46)) - raft.server.read.option = DEFAULT (default)
2024-08-06 06:55:31,919 [4d58d409-0470-47bf-8499-813befc157d5-groupManagement] INFO  server.RaftServerConfigKeys (ConfUtils.java:logGet(46)) - raft.server.read.read-after-write-consistent.write-index-cache.expiry-time = 60s (default)
2024-08-06 06:55:31,920 [4d58d409-0470-47bf-8499-813befc157d5-groupManagement] INFO  server.RaftServerConfigKeys (ConfUtils.java:logGet(46)) - raft.server.rpc.request.timeout = 60s (custom)
2024-08-06 06:55:31,920 [4d58d409-0470-47bf-8499-813befc157d5-groupManagement] INFO  server.RaftServerConfigKeys (ConfUtils.java:logGet(46)) - raft.server.log.appender.install.snapshot.enabled = false (custom)
2024-08-06 06:55:31,920 [4d58d409-0470-47bf-8499-813befc157d5-groupManagement] INFO  server.RaftServerConfigKeys (ConfUtils.java:logGet(46)) - raft.server.threadpool.server.cached = true (default)
2024-08-06 06:55:31,920 [4d58d409-0470-47bf-8499-813befc157d5-groupManagement] INFO  server.RaftServerConfigKeys (ConfUtils.java:logGet(46)) - raft.server.threadpool.server.size = 0 (default)
2024-08-06 06:55:31,920 [4d58d409-0470-47bf-8499-813befc157d5-groupManagement] INFO  server.RaftServerConfigKeys (ConfUtils.java:logGet(46)) - raft.server.threadpool.client.cached = true (default)
2024-08-06 06:55:31,920 [4d58d409-0470-47bf-8499-813befc157d5-groupManagement] INFO  server.RaftServerConfigKeys (ConfUtils.java:logGet(46)) - raft.server.threadpool.client.size = 0 (default)
2024-08-06 06:55:31,920 [4d58d409-0470-47bf-8499-813befc157d5-groupManagement] INFO  server.RaftServerConfigKeys (ConfUtils.java:logGet(46)) - raft.server.storage.free-space.min = 0MB (=0) (default)
2024-08-06 06:55:31,920 [4d58d409-0470-47bf-8499-813befc157d5-groupManagement] INFO  server.RaftServerConfigKeys (ConfUtils.java:logGet(46)) - raft.server.log.corruption.policy = EXCEPTION (default)
2024-08-06 06:55:31,921 [4d58d409-0470-47bf-8499-813befc157d5-groupManagement] INFO  server.RaftServerConfigKeys (ConfUtils.java:logGet(46)) - raft.server.storage.dir = [/home/runner/work/ozone/ozone/hadoop-ozone/integration-test/target/test-dir/MiniOzoneClusterImpl-0b493811-7be1-4111-9212-de561dacad59/ozone-meta/datanode-2/ratis] (custom)
2024-08-06 06:55:31,921 [4d58d409-0470-47bf-8499-813befc157d5-groupManagement] INFO  storage.RaftStorageDirectory (RaftStorageDirectoryImpl.java:analyzeStorage(138)) - The storage directory /home/runner/work/ozone/ozone/hadoop-ozone/integration-test/target/test-dir/MiniOzoneClusterImpl-0b493811-7be1-4111-9212-de561dacad59/ozone-meta/datanode-2/ratis/78eb605b-ef1b-49f5-b71a-099ab90a8329 does not exist. Creating ...
2024-08-06 06:55:31,922 [4d58d409-0470-47bf-8499-813befc157d5-groupManagement] INFO  storage.RaftStorageDirectory (RaftStorageDirectoryImpl.java:tryLock(229)) - Lock on /home/runner/work/ozone/ozone/hadoop-ozone/integration-test/target/test-dir/MiniOzoneClusterImpl-0b493811-7be1-4111-9212-de561dacad59/ozone-meta/datanode-2/ratis/78eb605b-ef1b-49f5-b71a-099ab90a8329/in_use.lock acquired by nodename 24276@fv-az1978-46
2024-08-06 06:55:31,923 [4d58d409-0470-47bf-8499-813befc157d5-groupManagement] INFO  storage.RaftStorage (RaftStorageImpl.java:format(98)) - Storage directory /home/runner/work/ozone/ozone/hadoop-ozone/integration-test/target/test-dir/MiniOzoneClusterImpl-0b493811-7be1-4111-9212-de561dacad59/ozone-meta/datanode-2/ratis/78eb605b-ef1b-49f5-b71a-099ab90a8329 has been successfully formatted.
2024-08-06 06:55:31,924 [4d58d409-0470-47bf-8499-813befc157d5-groupManagement] INFO  ratis.ContainerStateMachine (ContainerStateMachine.java:loadSnapshot(287)) - group-099AB90A8329: The snapshot info is null. Setting the last applied index to:(t:0, i:~)
2024-08-06 06:55:31,924 [4d58d409-0470-47bf-8499-813befc157d5-groupManagement] INFO  server.RaftServerConfigKeys (ConfUtils.java:logGet(46)) - raft.server.log.use.memory = false (default)
2024-08-06 06:55:31,924 [4d58d409-0470-47bf-8499-813befc157d5-groupManagement] INFO  server.RaftServerConfigKeys (ConfUtils.java:logGet(46)) - raft.server.log.purge.gap = 1000000 (custom)
2024-08-06 06:55:31,924 [4d58d409-0470-47bf-8499-813befc157d5-groupManagement] INFO  server.RaftServerConfigKeys (ConfUtils.java:logGet(46)) - raft.server.log.appender.buffer.byte-limit = 8388608 (custom)
2024-08-06 06:55:31,924 [4d58d409-0470-47bf-8499-813befc157d5-groupManagement] INFO  server.RaftServerConfigKeys (ConfUtils.java:logGet(46)) - raft.server.log.statemachine.data.read.timeout = 1000ms (default)
2024-08-06 06:55:31,924 [4d58d409-0470-47bf-8499-813befc157d5-groupManagement] INFO  server.RaftServerConfigKeys (ConfUtils.java:logGet(46)) - raft.server.log.purge.preservation.log.num = 0 (default)
2024-08-06 06:55:31,925 [4d58d409-0470-47bf-8499-813befc157d5-groupManagement] INFO  server.RaftServerConfigKeys (ConfUtils.java:logGet(46)) - raft.server.log.segment.size.max = 67108864 (custom)
2024-08-06 06:55:31,925 [4d58d409-0470-47bf-8499-813befc157d5-groupManagement] INFO  server.RaftServerConfigKeys (ConfUtils.java:logGet(46)) - raft.server.log.segment.cache.num.max = 2 (custom)
2024-08-06 06:55:31,925 [4d58d409-0470-47bf-8499-813befc157d5-groupManagement] INFO  server.RaftServerConfigKeys (ConfUtils.java:logGet(46)) - raft.server.log.segment.cache.size.max = 200MB (=209715200) (default)
2024-08-06 06:55:31,925 [4d58d409-0470-47bf-8499-813befc157d5-groupManagement] INFO  server.RaftServerConfigKeys (ConfUtils.java:logGet(46)) - raft.server.log.appender.buffer.byte-limit = 8388608 (custom)
2024-08-06 06:55:31,925 [4d58d409-0470-47bf-8499-813befc157d5-groupManagement] INFO  util.AwaitToRun (AwaitToRun.java:start(81)) - Thread[4d58d409-0470-47bf-8499-813befc157d5@group-099AB90A8329-cacheEviction-AwaitToRun,5,main] started
2024-08-06 06:55:31,925 [4d58d409-0470-47bf-8499-813befc157d5-groupManagement] INFO  segmented.SegmentedRaftLogWorker (SegmentedRaftLogWorker.java:<init>(184)) - new 4d58d409-0470-47bf-8499-813befc157d5@group-099AB90A8329-SegmentedRaftLogWorker for RaftStorageImpl:Storage Directory /home/runner/work/ozone/ozone/hadoop-ozone/integration-test/target/test-dir/MiniOzoneClusterImpl-0b493811-7be1-4111-9212-de561dacad59/ozone-meta/datanode-2/ratis/78eb605b-ef1b-49f5-b71a-099ab90a8329
2024-08-06 06:55:31,925 [4d58d409-0470-47bf-8499-813befc157d5-groupManagement] INFO  server.RaftServerConfigKeys (ConfUtils.java:logGet(46)) - raft.server.log.queue.byte-limit = 4294967296 (custom)
2024-08-06 06:55:31,925 [4d58d409-0470-47bf-8499-813befc157d5-groupManagement] INFO  server.RaftServerConfigKeys (ConfUtils.java:logGet(46)) - raft.server.log.queue.element-limit = 1024 (custom)
2024-08-06 06:55:31,925 [4d58d409-0470-47bf-8499-813befc157d5-groupManagement] INFO  server.RaftServerConfigKeys (ConfUtils.java:logGet(46)) - raft.server.log.segment.size.max = 67108864 (custom)
2024-08-06 06:55:31,925 [4d58d409-0470-47bf-8499-813befc157d5-groupManagement] INFO  server.RaftServerConfigKeys (ConfUtils.java:logGet(46)) - raft.server.log.preallocated.size = 4194304 (custom)
2024-08-06 06:55:31,925 [4d58d409-0470-47bf-8499-813befc157d5-groupManagement] INFO  server.RaftServerConfigKeys (ConfUtils.java:logGet(46)) - raft.server.log.force.sync.num = 128 (default)
2024-08-06 06:55:31,926 [4d58d409-0470-47bf-8499-813befc157d5-groupManagement] INFO  server.RaftServerConfigKeys (ConfUtils.java:logGet(46)) - raft.server.log.statemachine.data.sync = true (default)
2024-08-06 06:55:31,926 [4d58d409-0470-47bf-8499-813befc157d5-groupManagement] INFO  server.RaftServerConfigKeys (ConfUtils.java:logGet(46)) - raft.server.log.statemachine.data.sync.timeout = 10s (default)
2024-08-06 06:55:31,926 [4d58d409-0470-47bf-8499-813befc157d5-groupManagement] INFO  server.RaftServerConfigKeys (ConfUtils.java:logGet(46)) - raft.server.log.statemachine.data.sync.timeout.retry = 30 (custom)
2024-08-06 06:55:31,926 [4d58d409-0470-47bf-8499-813befc157d5-groupManagement] INFO  server.RaftServerConfigKeys (ConfUtils.java:logGet(46)) - raft.server.log.write.buffer.size = 8388616 (custom)
2024-08-06 06:55:31,928 [4d58d409-0470-47bf-8499-813befc157d5-groupManagement] INFO  server.RaftServerConfigKeys (ConfUtils.java:logGet(46)) - raft.server.log.appender.buffer.byte-limit = 8388608 (custom)
2024-08-06 06:55:31,928 [4d58d409-0470-47bf-8499-813befc157d5-groupManagement] INFO  server.RaftServerConfigKeys (ConfUtils.java:logGet(46)) - raft.server.log.unsafe-flush.enabled = false (default)
2024-08-06 06:55:31,928 [4d58d409-0470-47bf-8499-813befc157d5-groupManagement] INFO  server.RaftServerConfigKeys (ConfUtils.java:logGet(46)) - raft.server.log.async-flush.enabled = false (default)
2024-08-06 06:55:31,928 [4d58d409-0470-47bf-8499-813befc157d5-groupManagement] INFO  server.RaftServerConfigKeys (ConfUtils.java:logGet(46)) - raft.server.log.statemachine.data.caching.enabled = true (custom)
2024-08-06 06:55:31,928 [4d58d409-0470-47bf-8499-813befc157d5-groupManagement] INFO  segmented.SegmentedRaftLogWorker (SegmentedRaftLogWorker.java:lambda$new$0(135)) - 4d58d409-0470-47bf-8499-813befc157d5@group-099AB90A8329-SegmentedRaftLogWorker: flushIndex: setUnconditionally 0 -> -1
2024-08-06 06:55:31,928 [4d58d409-0470-47bf-8499-813befc157d5-groupManagement] INFO  segmented.SegmentedRaftLogWorker (SegmentedRaftLogWorker.java:lambda$new$0(135)) - 4d58d409-0470-47bf-8499-813befc157d5@group-099AB90A8329-SegmentedRaftLogWorker: safeCacheEvictIndex: setUnconditionally 0 -> -1
2024-08-06 06:55:31,929 [4d58d409-0470-47bf-8499-813befc157d5-groupManagement] INFO  server.RaftServer$Division (RaftServerImpl.java:start(389)) - 4d58d409-0470-47bf-8499-813befc157d5@group-099AB90A8329: start as a follower, conf=conf: {index: -1, cur=peers:[4d58d409-0470-47bf-8499-813befc157d5|127.0.0.1:15266]|listeners:[], old=null}
2024-08-06 06:55:31,929 [4d58d409-0470-47bf-8499-813befc157d5-groupManagement] INFO  server.RaftServer$Division (RaftServerImpl.java:setRole(376)) - 4d58d409-0470-47bf-8499-813befc157d5@group-099AB90A8329: changes role from      null to FOLLOWER at term 0 for startAsFollower
2024-08-06 06:55:31,929 [4d58d409-0470-47bf-8499-813befc157d5-groupManagement] INFO  impl.RoleInfo (RoleInfo.java:updateAndGet(148)) - 4d58d409-0470-47bf-8499-813befc157d5: start 4d58d409-0470-47bf-8499-813befc157d5@group-099AB90A8329-FollowerState
2024-08-06 06:55:31,929 [4d58d409-0470-47bf-8499-813befc157d5-groupManagement] INFO  util.JmxRegister (JmxRegister.java:tryRegister(44)) - Successfully registered JMX Bean with object name Ratis:service=RaftServer,group=group-099AB90A8329,id=4d58d409-0470-47bf-8499-813befc157d5
2024-08-06 06:55:31,929 [4d58d409-0470-47bf-8499-813befc157d5-groupManagement] INFO  util.JmxRegister (JmxRegister.java:register(58)) - register mxBean class org.apache.ratis.server.impl.RaftServerJmxAdapter as Ratis:service=RaftServer,group=group-099AB90A8329,id=4d58d409-0470-47bf-8499-813befc157d5
2024-08-06 06:55:31,929 [4d58d409-0470-47bf-8499-813befc157d5-groupManagement] INFO  server.RaftServerConfigKeys (ConfUtils.java:logGet(46)) - raft.server.snapshot.trigger-when-stop.enabled = true (default)
2024-08-06 06:55:31,929 [4d58d409-0470-47bf-8499-813befc157d5-groupManagement] INFO  server.RaftServerConfigKeys (ConfUtils.java:logGet(46)) - raft.server.snapshot.trigger-when-remove.enabled = true (default)
2024-08-06 06:55:31,929 [4d58d409-0470-47bf-8499-813befc157d5-groupManagement] INFO  server.RaftServerConfigKeys (ConfUtils.java:logGet(46)) - raft.server.snapshot.auto.trigger.enabled = true (custom)
2024-08-06 06:55:31,929 [4d58d409-0470-47bf-8499-813befc157d5-groupManagement] INFO  server.RaftServerConfigKeys (ConfUtils.java:logGet(46)) - raft.server.snapshot.auto.trigger.threshold = 10000 (custom)
2024-08-06 06:55:31,929 [4d58d409-0470-47bf-8499-813befc157d5-groupManagement] INFO  server.RaftServerConfigKeys (ConfUtils.java:logGet(46)) - raft.server.snapshot.retention.file.num = 5 (custom)
2024-08-06 06:55:31,929 [4d58d409-0470-47bf-8499-813befc157d5-groupManagement] INFO  server.RaftServerConfigKeys (ConfUtils.java:logGet(46)) - raft.server.log.purge.upto.snapshot.index = false (default)
2024-08-06 06:55:31,929 [EventQueue-PipelineReportForPipelineReportHandler] INFO  pipeline.PipelineReportHandler (PipelineReportHandler.java:processPipelineReport(136)) - Opened pipeline PipelineID=78eb605b-ef1b-49f5-b71a-099ab90a8329
2024-08-06 06:55:31,930 [EventQueue-OpenPipelineForHealthyPipelineSafeModeRule] INFO  safemode.SCMSafeModeManager (HealthyPipelineSafeModeRule.java:process(140)) - SCM in safe mode. Healthy pipelines reported count is 0, required healthy pipeline reported count is 1
2024-08-06 06:55:31,930 [4d58d409-0470-47bf-8499-813befc157d5@group-099AB90A8329-FollowerState] INFO  server.RaftServerConfigKeys (ConfUtils.java:logFallback(53)) - raft.server.rpc.first-election.timeout.min = 5s (fallback to raft.server.rpc.timeout.min)
2024-08-06 06:55:31,930 [4d58d409-0470-47bf-8499-813befc157d5@group-099AB90A8329-FollowerState] INFO  server.RaftServerConfigKeys (ConfUtils.java:logFallback(53)) - raft.server.rpc.first-election.timeout.max = 5200ms (fallback to raft.server.rpc.timeout.max)
2024-08-06 06:55:31,930 [4d58d409-0470-47bf-8499-813befc157d5-PipelineCommandHandlerThread-0] INFO  ratis.XceiverServerRatis (XceiverServerRatis.java:addGroup(846)) - Created group PipelineID=78eb605b-ef1b-49f5-b71a-099ab90a8329
2024-08-06 06:55:31,930 [4d58d409-0470-47bf-8499-813befc157d5-PipelineCommandHandlerThread-0] INFO  commandhandler.CreatePipelineCommandHandler (CreatePipelineCommandHandler.java:lambda$handle$2(124)) - Created Pipeline RATIS ONE PipelineID=78eb605b-ef1b-49f5-b71a-099ab90a8329.
2024-08-06 06:55:32,151 [701c4ea6-6f91-4e49-a6f7-7c8a32a91528-PipelineCommandHandlerThread-0] INFO  server.RaftServer (RaftServerProxy.java:addNew(101)) - 701c4ea6-6f91-4e49-a6f7-7c8a32a91528: addNew group-82C162DB0DE2:[701c4ea6-6f91-4e49-a6f7-7c8a32a91528|127.0.0.1:15275] returns group-82C162DB0DE2:java.util.concurrent.CompletableFuture@43dfa3c7[Not completed]
2024-08-06 06:55:32,151 [701c4ea6-6f91-4e49-a6f7-7c8a32a91528-groupManagement] INFO  server.RaftServer$Division (RaftServerImpl.java:<init>(253)) - 701c4ea6-6f91-4e49-a6f7-7c8a32a91528: new RaftServerImpl for group-82C162DB0DE2:[701c4ea6-6f91-4e49-a6f7-7c8a32a91528|127.0.0.1:15275] with ContainerStateMachine:uninitialized
2024-08-06 06:55:32,152 [701c4ea6-6f91-4e49-a6f7-7c8a32a91528-groupManagement] INFO  server.RaftServerConfigKeys (ConfUtils.java:logGet(46)) - raft.server.rpc.timeout.min = 5s (custom)
2024-08-06 06:55:32,152 [701c4ea6-6f91-4e49-a6f7-7c8a32a91528-groupManagement] INFO  server.RaftServerConfigKeys (ConfUtils.java:logGet(46)) - raft.server.rpc.timeout.max = 5200ms (custom)
2024-08-06 06:55:32,152 [701c4ea6-6f91-4e49-a6f7-7c8a32a91528-groupManagement] INFO  server.RaftServerConfigKeys (ConfUtils.java:logGet(46)) - raft.server.rpc.sleep.time = 25ms (default)
2024-08-06 06:55:32,152 [701c4ea6-6f91-4e49-a6f7-7c8a32a91528-groupManagement] INFO  server.RaftServerConfigKeys (ConfUtils.java:logGet(46)) - raft.server.rpc.slowness.timeout = 300s (custom)
2024-08-06 06:55:32,152 [701c4ea6-6f91-4e49-a6f7-7c8a32a91528-groupManagement] INFO  server.RaftServerConfigKeys (ConfUtils.java:logGet(46)) - raft.server.leaderelection.leader.step-down.wait-time = 10s (default)
2024-08-06 06:55:32,152 [701c4ea6-6f91-4e49-a6f7-7c8a32a91528-groupManagement] INFO  server.RaftServerConfigKeys (ConfUtils.java:logGet(46)) - raft.server.leaderelection.member.majority-add = false (default)
2024-08-06 06:55:32,152 [701c4ea6-6f91-4e49-a6f7-7c8a32a91528-groupManagement] INFO  server.RaftServerConfigKeys (ConfUtils.java:logGet(46)) - raft.server.sleep.deviation.threshold = 300ms (default)
2024-08-06 06:55:32,152 [701c4ea6-6f91-4e49-a6f7-7c8a32a91528-groupManagement] INFO  server.RaftServer$Division (ServerState.java:<init>(114)) - 701c4ea6-6f91-4e49-a6f7-7c8a32a91528@group-82C162DB0DE2: ConfigurationManager, init=conf: {index: -1, cur=peers:[701c4ea6-6f91-4e49-a6f7-7c8a32a91528|127.0.0.1:15275]|listeners:[], old=null}, confs=<EMPTY_MAP>
2024-08-06 06:55:32,152 [701c4ea6-6f91-4e49-a6f7-7c8a32a91528-groupManagement] INFO  server.RaftServerConfigKeys (ConfUtils.java:logGet(46)) - raft.server.notification.no-leader.timeout = 300s (custom)
2024-08-06 06:55:32,152 [701c4ea6-6f91-4e49-a6f7-7c8a32a91528-groupManagement] INFO  server.RaftServerConfigKeys (ConfUtils.java:logGet(46)) - raft.server.read.timeout = 10s (default)
2024-08-06 06:55:32,152 [701c4ea6-6f91-4e49-a6f7-7c8a32a91528-groupManagement] INFO  server.RaftServerConfigKeys (ConfUtils.java:logGet(46)) - raft.server.retrycache.expirytime = 600000ms (custom)
2024-08-06 06:55:32,152 [701c4ea6-6f91-4e49-a6f7-7c8a32a91528-groupManagement] INFO  server.RaftServerConfigKeys (ConfUtils.java:logGet(46)) - raft.server.retrycache.statistics.expirytime = 100ms (default)
2024-08-06 06:55:32,152 [701c4ea6-6f91-4e49-a6f7-7c8a32a91528-groupManagement] INFO  server.RaftServerConfigKeys (ConfUtils.java:logGet(46)) - raft.server.read.option = DEFAULT (default)
2024-08-06 06:55:32,152 [701c4ea6-6f91-4e49-a6f7-7c8a32a91528-groupManagement] INFO  server.RaftServerConfigKeys (ConfUtils.java:logGet(46)) - raft.server.read.read-after-write-consistent.write-index-cache.expiry-time = 60s (default)
2024-08-06 06:55:32,153 [main] INFO  ozone.MiniOzoneClusterImpl (MiniOzoneClusterImpl.java:lambda$waitForClusterToBeReady$0(198)) - Nodes are ready. Got 3 of 3 DN Heartbeats.
2024-08-06 06:55:32,153 [main] INFO  ozone.MiniOzoneClusterImpl (MiniOzoneClusterImpl.java:lambda$waitForClusterToBeReady$0(201)) - Waiting for cluster to exit safe mode
2024-08-06 06:55:32,153 [main] INFO  ozone.MiniOzoneClusterImpl (MiniOzoneClusterImpl.java:lambda$waitForClusterToBeReady$0(203)) - SCM became leader
2024-08-06 06:55:32,153 [701c4ea6-6f91-4e49-a6f7-7c8a32a91528-groupManagement] INFO  server.RaftServerConfigKeys (ConfUtils.java:logGet(46)) - raft.server.rpc.request.timeout = 60s (custom)
2024-08-06 06:55:32,153 [701c4ea6-6f91-4e49-a6f7-7c8a32a91528-groupManagement] INFO  server.RaftServerConfigKeys (ConfUtils.java:logGet(46)) - raft.server.log.appender.install.snapshot.enabled = false (custom)
2024-08-06 06:55:32,153 [701c4ea6-6f91-4e49-a6f7-7c8a32a91528-groupManagement] INFO  server.RaftServerConfigKeys (ConfUtils.java:logGet(46)) - raft.server.threadpool.server.cached = true (default)
2024-08-06 06:55:32,153 [701c4ea6-6f91-4e49-a6f7-7c8a32a91528-groupManagement] INFO  server.RaftServerConfigKeys (ConfUtils.java:logGet(46)) - raft.server.threadpool.server.size = 0 (default)
2024-08-06 06:55:32,154 [701c4ea6-6f91-4e49-a6f7-7c8a32a91528-groupManagement] INFO  server.RaftServerConfigKeys (ConfUtils.java:logGet(46)) - raft.server.threadpool.client.cached = true (default)
2024-08-06 06:55:32,154 [701c4ea6-6f91-4e49-a6f7-7c8a32a91528-groupManagement] INFO  server.RaftServerConfigKeys (ConfUtils.java:logGet(46)) - raft.server.threadpool.client.size = 0 (default)
2024-08-06 06:55:32,154 [701c4ea6-6f91-4e49-a6f7-7c8a32a91528-groupManagement] INFO  server.RaftServerConfigKeys (ConfUtils.java:logGet(46)) - raft.server.storage.free-space.min = 0MB (=0) (default)
2024-08-06 06:55:32,154 [701c4ea6-6f91-4e49-a6f7-7c8a32a91528-groupManagement] INFO  server.RaftServerConfigKeys (ConfUtils.java:logGet(46)) - raft.server.log.corruption.policy = EXCEPTION (default)
2024-08-06 06:55:32,154 [701c4ea6-6f91-4e49-a6f7-7c8a32a91528-groupManagement] INFO  server.RaftServerConfigKeys (ConfUtils.java:logGet(46)) - raft.server.storage.dir = [/home/runner/work/ozone/ozone/hadoop-ozone/integration-test/target/test-dir/MiniOzoneClusterImpl-0b493811-7be1-4111-9212-de561dacad59/ozone-meta/datanode-3/ratis] (custom)
2024-08-06 06:55:32,154 [701c4ea6-6f91-4e49-a6f7-7c8a32a91528-groupManagement] INFO  storage.RaftStorageDirectory (RaftStorageDirectoryImpl.java:analyzeStorage(138)) - The storage directory /home/runner/work/ozone/ozone/hadoop-ozone/integration-test/target/test-dir/MiniOzoneClusterImpl-0b493811-7be1-4111-9212-de561dacad59/ozone-meta/datanode-3/ratis/8c6a6f1c-125f-4797-9e0f-82c162db0de2 does not exist. Creating ...
2024-08-06 06:55:32,155 [701c4ea6-6f91-4e49-a6f7-7c8a32a91528-groupManagement] INFO  storage.RaftStorageDirectory (RaftStorageDirectoryImpl.java:tryLock(229)) - Lock on /home/runner/work/ozone/ozone/hadoop-ozone/integration-test/target/test-dir/MiniOzoneClusterImpl-0b493811-7be1-4111-9212-de561dacad59/ozone-meta/datanode-3/ratis/8c6a6f1c-125f-4797-9e0f-82c162db0de2/in_use.lock acquired by nodename 24276@fv-az1978-46
2024-08-06 06:55:32,156 [701c4ea6-6f91-4e49-a6f7-7c8a32a91528-groupManagement] INFO  storage.RaftStorage (RaftStorageImpl.java:format(98)) - Storage directory /home/runner/work/ozone/ozone/hadoop-ozone/integration-test/target/test-dir/MiniOzoneClusterImpl-0b493811-7be1-4111-9212-de561dacad59/ozone-meta/datanode-3/ratis/8c6a6f1c-125f-4797-9e0f-82c162db0de2 has been successfully formatted.
2024-08-06 06:55:32,156 [701c4ea6-6f91-4e49-a6f7-7c8a32a91528-groupManagement] INFO  ratis.ContainerStateMachine (ContainerStateMachine.java:loadSnapshot(287)) - group-82C162DB0DE2: The snapshot info is null. Setting the last applied index to:(t:0, i:~)
2024-08-06 06:55:32,156 [701c4ea6-6f91-4e49-a6f7-7c8a32a91528-groupManagement] INFO  server.RaftServerConfigKeys (ConfUtils.java:logGet(46)) - raft.server.log.use.memory = false (default)
2024-08-06 06:55:32,157 [701c4ea6-6f91-4e49-a6f7-7c8a32a91528-groupManagement] INFO  server.RaftServerConfigKeys (ConfUtils.java:logGet(46)) - raft.server.log.purge.gap = 1000000 (custom)
2024-08-06 06:55:32,157 [701c4ea6-6f91-4e49-a6f7-7c8a32a91528-groupManagement] INFO  server.RaftServerConfigKeys (ConfUtils.java:logGet(46)) - raft.server.log.appender.buffer.byte-limit = 8388608 (custom)
2024-08-06 06:55:32,157 [701c4ea6-6f91-4e49-a6f7-7c8a32a91528-groupManagement] INFO  server.RaftServerConfigKeys (ConfUtils.java:logGet(46)) - raft.server.log.statemachine.data.read.timeout = 1000ms (default)
2024-08-06 06:55:32,157 [701c4ea6-6f91-4e49-a6f7-7c8a32a91528-groupManagement] INFO  server.RaftServerConfigKeys (ConfUtils.java:logGet(46)) - raft.server.log.purge.preservation.log.num = 0 (default)
2024-08-06 06:55:32,157 [701c4ea6-6f91-4e49-a6f7-7c8a32a91528-groupManagement] INFO  server.RaftServerConfigKeys (ConfUtils.java:logGet(46)) - raft.server.log.segment.size.max = 67108864 (custom)
2024-08-06 06:55:32,157 [701c4ea6-6f91-4e49-a6f7-7c8a32a91528-groupManagement] INFO  server.RaftServerConfigKeys (ConfUtils.java:logGet(46)) - raft.server.log.segment.cache.num.max = 2 (custom)
2024-08-06 06:55:32,157 [701c4ea6-6f91-4e49-a6f7-7c8a32a91528-groupManagement] INFO  server.RaftServerConfigKeys (ConfUtils.java:logGet(46)) - raft.server.log.segment.cache.size.max = 200MB (=209715200) (default)
2024-08-06 06:55:32,158 [701c4ea6-6f91-4e49-a6f7-7c8a32a91528-groupManagement] INFO  server.RaftServerConfigKeys (ConfUtils.java:logGet(46)) - raft.server.log.appender.buffer.byte-limit = 8388608 (custom)
2024-08-06 06:55:32,158 [701c4ea6-6f91-4e49-a6f7-7c8a32a91528-groupManagement] INFO  util.AwaitToRun (AwaitToRun.java:start(81)) - Thread[701c4ea6-6f91-4e49-a6f7-7c8a32a91528@group-82C162DB0DE2-cacheEviction-AwaitToRun,5,main] started
2024-08-06 06:55:32,158 [701c4ea6-6f91-4e49-a6f7-7c8a32a91528-groupManagement] INFO  segmented.SegmentedRaftLogWorker (SegmentedRaftLogWorker.java:<init>(184)) - new 701c4ea6-6f91-4e49-a6f7-7c8a32a91528@group-82C162DB0DE2-SegmentedRaftLogWorker for RaftStorageImpl:Storage Directory /home/runner/work/ozone/ozone/hadoop-ozone/integration-test/target/test-dir/MiniOzoneClusterImpl-0b493811-7be1-4111-9212-de561dacad59/ozone-meta/datanode-3/ratis/8c6a6f1c-125f-4797-9e0f-82c162db0de2
2024-08-06 06:55:32,158 [701c4ea6-6f91-4e49-a6f7-7c8a32a91528-groupManagement] INFO  server.RaftServerConfigKeys (ConfUtils.java:logGet(46)) - raft.server.log.queue.byte-limit = 4294967296 (custom)
2024-08-06 06:55:32,158 [701c4ea6-6f91-4e49-a6f7-7c8a32a91528-groupManagement] INFO  server.RaftServerConfigKeys (ConfUtils.java:logGet(46)) - raft.server.log.queue.element-limit = 1024 (custom)
2024-08-06 06:55:32,158 [701c4ea6-6f91-4e49-a6f7-7c8a32a91528-groupManagement] INFO  server.RaftServerConfigKeys (ConfUtils.java:logGet(46)) - raft.server.log.segment.size.max = 67108864 (custom)
2024-08-06 06:55:32,158 [701c4ea6-6f91-4e49-a6f7-7c8a32a91528-groupManagement] INFO  server.RaftServerConfigKeys (ConfUtils.java:logGet(46)) - raft.server.log.preallocated.size = 4194304 (custom)
2024-08-06 06:55:32,158 [701c4ea6-6f91-4e49-a6f7-7c8a32a91528-groupManagement] INFO  server.RaftServerConfigKeys (ConfUtils.java:logGet(46)) - raft.server.log.force.sync.num = 128 (default)
2024-08-06 06:55:32,158 [701c4ea6-6f91-4e49-a6f7-7c8a32a91528-groupManagement] INFO  server.RaftServerConfigKeys (ConfUtils.java:logGet(46)) - raft.server.log.statemachine.data.sync = true (default)
2024-08-06 06:55:32,158 [701c4ea6-6f91-4e49-a6f7-7c8a32a91528-groupManagement] INFO  server.RaftServerConfigKeys (ConfUtils.java:logGet(46)) - raft.server.log.statemachine.data.sync.timeout = 10s (default)
2024-08-06 06:55:32,158 [EventQueue-PipelineReportForPipelineReportHandler] INFO  pipeline.PipelineReportHandler (PipelineReportHandler.java:processPipelineReport(136)) - Opened pipeline PipelineID=8c6a6f1c-125f-4797-9e0f-82c162db0de2
2024-08-06 06:55:32,158 [EventQueue-OpenPipelineForHealthyPipelineSafeModeRule] INFO  safemode.SCMSafeModeManager (HealthyPipelineSafeModeRule.java:process(140)) - SCM in safe mode. Healthy pipelines reported count is 0, required healthy pipeline reported count is 1
2024-08-06 06:55:32,158 [701c4ea6-6f91-4e49-a6f7-7c8a32a91528-groupManagement] INFO  server.RaftServerConfigKeys (ConfUtils.java:logGet(46)) - raft.server.log.statemachine.data.sync.timeout.retry = 30 (custom)
2024-08-06 06:55:32,158 [701c4ea6-6f91-4e49-a6f7-7c8a32a91528-groupManagement] INFO  server.RaftServerConfigKeys (ConfUtils.java:logGet(46)) - raft.server.log.write.buffer.size = 8388616 (custom)
2024-08-06 06:55:32,161 [701c4ea6-6f91-4e49-a6f7-7c8a32a91528-groupManagement] INFO  server.RaftServerConfigKeys (ConfUtils.java:logGet(46)) - raft.server.log.appender.buffer.byte-limit = 8388608 (custom)
2024-08-06 06:55:32,161 [701c4ea6-6f91-4e49-a6f7-7c8a32a91528-groupManagement] INFO  server.RaftServerConfigKeys (ConfUtils.java:logGet(46)) - raft.server.log.unsafe-flush.enabled = false (default)
2024-08-06 06:55:32,161 [701c4ea6-6f91-4e49-a6f7-7c8a32a91528-groupManagement] INFO  server.RaftServerConfigKeys (ConfUtils.java:logGet(46)) - raft.server.log.async-flush.enabled = false (default)
2024-08-06 06:55:32,161 [701c4ea6-6f91-4e49-a6f7-7c8a32a91528-groupManagement] INFO  server.RaftServerConfigKeys (ConfUtils.java:logGet(46)) - raft.server.log.statemachine.data.caching.enabled = true (custom)
2024-08-06 06:55:32,161 [701c4ea6-6f91-4e49-a6f7-7c8a32a91528-groupManagement] INFO  segmented.SegmentedRaftLogWorker (SegmentedRaftLogWorker.java:lambda$new$0(135)) - 701c4ea6-6f91-4e49-a6f7-7c8a32a91528@group-82C162DB0DE2-SegmentedRaftLogWorker: flushIndex: setUnconditionally 0 -> -1
2024-08-06 06:55:32,161 [701c4ea6-6f91-4e49-a6f7-7c8a32a91528-groupManagement] INFO  segmented.SegmentedRaftLogWorker (SegmentedRaftLogWorker.java:lambda$new$0(135)) - 701c4ea6-6f91-4e49-a6f7-7c8a32a91528@group-82C162DB0DE2-SegmentedRaftLogWorker: safeCacheEvictIndex: setUnconditionally 0 -> -1
2024-08-06 06:55:32,161 [701c4ea6-6f91-4e49-a6f7-7c8a32a91528-groupManagement] INFO  server.RaftServer$Division (RaftServerImpl.java:start(389)) - 701c4ea6-6f91-4e49-a6f7-7c8a32a91528@group-82C162DB0DE2: start as a follower, conf=conf: {index: -1, cur=peers:[701c4ea6-6f91-4e49-a6f7-7c8a32a91528|127.0.0.1:15275]|listeners:[], old=null}
2024-08-06 06:55:32,161 [701c4ea6-6f91-4e49-a6f7-7c8a32a91528-groupManagement] INFO  server.RaftServer$Division (RaftServerImpl.java:setRole(376)) - 701c4ea6-6f91-4e49-a6f7-7c8a32a91528@group-82C162DB0DE2: changes role from      null to FOLLOWER at term 0 for startAsFollower
2024-08-06 06:55:32,161 [701c4ea6-6f91-4e49-a6f7-7c8a32a91528-groupManagement] INFO  impl.RoleInfo (RoleInfo.java:updateAndGet(148)) - 701c4ea6-6f91-4e49-a6f7-7c8a32a91528: start 701c4ea6-6f91-4e49-a6f7-7c8a32a91528@group-82C162DB0DE2-FollowerState
2024-08-06 06:55:32,161 [701c4ea6-6f91-4e49-a6f7-7c8a32a91528-groupManagement] INFO  util.JmxRegister (JmxRegister.java:tryRegister(44)) - Successfully registered JMX Bean with object name Ratis:service=RaftServer,group=group-82C162DB0DE2,id=701c4ea6-6f91-4e49-a6f7-7c8a32a91528
2024-08-06 06:55:32,162 [701c4ea6-6f91-4e49-a6f7-7c8a32a91528-groupManagement] INFO  util.JmxRegister (JmxRegister.java:register(58)) - register mxBean class org.apache.ratis.server.impl.RaftServerJmxAdapter as Ratis:service=RaftServer,group=group-82C162DB0DE2,id=701c4ea6-6f91-4e49-a6f7-7c8a32a91528
2024-08-06 06:55:32,162 [701c4ea6-6f91-4e49-a6f7-7c8a32a91528-groupManagement] INFO  server.RaftServerConfigKeys (ConfUtils.java:logGet(46)) - raft.server.snapshot.trigger-when-stop.enabled = true (default)
2024-08-06 06:55:32,162 [701c4ea6-6f91-4e49-a6f7-7c8a32a91528-groupManagement] INFO  server.RaftServerConfigKeys (ConfUtils.java:logGet(46)) - raft.server.snapshot.trigger-when-remove.enabled = true (default)
2024-08-06 06:55:32,162 [701c4ea6-6f91-4e49-a6f7-7c8a32a91528-groupManagement] INFO  server.RaftServerConfigKeys (ConfUtils.java:logGet(46)) - raft.server.snapshot.auto.trigger.enabled = true (custom)
2024-08-06 06:55:32,162 [701c4ea6-6f91-4e49-a6f7-7c8a32a91528-groupManagement] INFO  server.RaftServerConfigKeys (ConfUtils.java:logGet(46)) - raft.server.snapshot.auto.trigger.threshold = 10000 (custom)
2024-08-06 06:55:32,162 [701c4ea6-6f91-4e49-a6f7-7c8a32a91528-groupManagement] INFO  server.RaftServerConfigKeys (ConfUtils.java:logGet(46)) - raft.server.snapshot.retention.file.num = 5 (custom)
2024-08-06 06:55:32,162 [701c4ea6-6f91-4e49-a6f7-7c8a32a91528-groupManagement] INFO  server.RaftServerConfigKeys (ConfUtils.java:logGet(46)) - raft.server.log.purge.upto.snapshot.index = false (default)
2024-08-06 06:55:32,162 [701c4ea6-6f91-4e49-a6f7-7c8a32a91528@group-82C162DB0DE2-FollowerState] INFO  server.RaftServerConfigKeys (ConfUtils.java:logFallback(53)) - raft.server.rpc.first-election.timeout.min = 5s (fallback to raft.server.rpc.timeout.min)
2024-08-06 06:55:32,162 [701c4ea6-6f91-4e49-a6f7-7c8a32a91528-PipelineCommandHandlerThread-0] INFO  ratis.XceiverServerRatis (XceiverServerRatis.java:addGroup(846)) - Created group PipelineID=8c6a6f1c-125f-4797-9e0f-82c162db0de2
2024-08-06 06:55:32,162 [701c4ea6-6f91-4e49-a6f7-7c8a32a91528-PipelineCommandHandlerThread-0] INFO  commandhandler.CreatePipelineCommandHandler (CreatePipelineCommandHandler.java:lambda$handle$2(124)) - Created Pipeline RATIS ONE PipelineID=8c6a6f1c-125f-4797-9e0f-82c162db0de2.
2024-08-06 06:55:32,162 [701c4ea6-6f91-4e49-a6f7-7c8a32a91528@group-82C162DB0DE2-FollowerState] INFO  server.RaftServerConfigKeys (ConfUtils.java:logFallback(53)) - raft.server.rpc.first-election.timeout.max = 5200ms (fallback to raft.server.rpc.timeout.max)
2024-08-06 06:55:33,153 [main] INFO  ozone.MiniOzoneClusterImpl (MiniOzoneClusterImpl.java:lambda$waitForClusterToBeReady$0(198)) - Nodes are ready. Got 3 of 3 DN Heartbeats.
2024-08-06 06:55:33,154 [main] INFO  ozone.MiniOzoneClusterImpl (MiniOzoneClusterImpl.java:lambda$waitForClusterToBeReady$0(201)) - Waiting for cluster to exit safe mode
2024-08-06 06:55:33,154 [main] INFO  ozone.MiniOzoneClusterImpl (MiniOzoneClusterImpl.java:lambda$waitForClusterToBeReady$0(203)) - SCM became leader
2024-08-06 06:55:34,154 [main] INFO  ozone.MiniOzoneClusterImpl (MiniOzoneClusterImpl.java:lambda$waitForClusterToBeReady$0(198)) - Nodes are ready. Got 3 of 3 DN Heartbeats.
2024-08-06 06:55:34,154 [main] INFO  ozone.MiniOzoneClusterImpl (MiniOzoneClusterImpl.java:lambda$waitForClusterToBeReady$0(201)) - Waiting for cluster to exit safe mode
2024-08-06 06:55:34,154 [main] INFO  ozone.MiniOzoneClusterImpl (MiniOzoneClusterImpl.java:lambda$waitForClusterToBeReady$0(203)) - SCM became leader
2024-08-06 06:55:35,154 [main] INFO  ozone.MiniOzoneClusterImpl (MiniOzoneClusterImpl.java:lambda$waitForClusterToBeReady$0(198)) - Nodes are ready. Got 3 of 3 DN Heartbeats.
2024-08-06 06:55:35,155 [main] INFO  ozone.MiniOzoneClusterImpl (MiniOzoneClusterImpl.java:lambda$waitForClusterToBeReady$0(201)) - Waiting for cluster to exit safe mode
2024-08-06 06:55:35,155 [main] INFO  ozone.MiniOzoneClusterImpl (MiniOzoneClusterImpl.java:lambda$waitForClusterToBeReady$0(203)) - SCM became leader
2024-08-06 06:55:36,155 [main] INFO  ozone.MiniOzoneClusterImpl (MiniOzoneClusterImpl.java:lambda$waitForClusterToBeReady$0(198)) - Nodes are ready. Got 3 of 3 DN Heartbeats.
2024-08-06 06:55:36,155 [main] INFO  ozone.MiniOzoneClusterImpl (MiniOzoneClusterImpl.java:lambda$waitForClusterToBeReady$0(201)) - Waiting for cluster to exit safe mode
2024-08-06 06:55:36,155 [main] INFO  ozone.MiniOzoneClusterImpl (MiniOzoneClusterImpl.java:lambda$waitForClusterToBeReady$0(203)) - SCM became leader
2024-08-06 06:55:36,812 [701c4ea6-6f91-4e49-a6f7-7c8a32a91528@group-B32E95555238-FollowerState] INFO  impl.FollowerState (FollowerState.java:run(144)) - 701c4ea6-6f91-4e49-a6f7-7c8a32a91528@group-B32E95555238-FollowerState: change to CANDIDATE, lastRpcElapsedTime:5062850559ns, electionTimeout:5058ms
2024-08-06 06:55:36,812 [701c4ea6-6f91-4e49-a6f7-7c8a32a91528@group-B32E95555238-FollowerState] INFO  impl.RoleInfo (RoleInfo.java:shutdownFollowerState(119)) - 701c4ea6-6f91-4e49-a6f7-7c8a32a91528: shutdown 701c4ea6-6f91-4e49-a6f7-7c8a32a91528@group-B32E95555238-FollowerState
2024-08-06 06:55:36,812 [701c4ea6-6f91-4e49-a6f7-7c8a32a91528@group-B32E95555238-FollowerState] INFO  server.RaftServer$Division (RaftServerImpl.java:setRole(376)) - 701c4ea6-6f91-4e49-a6f7-7c8a32a91528@group-B32E95555238: changes role from  FOLLOWER to CANDIDATE at term 0 for changeToCandidate
2024-08-06 06:55:36,812 [701c4ea6-6f91-4e49-a6f7-7c8a32a91528@group-B32E95555238-FollowerState] INFO  server.RaftServerConfigKeys (ConfUtils.java:logGet(46)) - raft.server.leaderelection.pre-vote = true (default)
2024-08-06 06:55:36,812 [701c4ea6-6f91-4e49-a6f7-7c8a32a91528@group-B32E95555238-FollowerState] INFO  impl.RoleInfo (RoleInfo.java:updateAndGet(148)) - 701c4ea6-6f91-4e49-a6f7-7c8a32a91528: start 701c4ea6-6f91-4e49-a6f7-7c8a32a91528@group-B32E95555238-LeaderElection48
2024-08-06 06:55:36,812 [701c4ea6-6f91-4e49-a6f7-7c8a32a91528@group-B32E95555238-LeaderElection48] INFO  impl.LeaderElection (LeaderElection.java:askForVotes(321)) - 701c4ea6-6f91-4e49-a6f7-7c8a32a91528@group-B32E95555238-LeaderElection48 PRE_VOTE round 0: submit vote requests at term 0 for conf: {index: -1, cur=peers:[701c4ea6-6f91-4e49-a6f7-7c8a32a91528|127.0.0.1:15275, 4d58d409-0470-47bf-8499-813befc157d5|127.0.0.1:15266, 2c741729-621d-48c8-a79f-44c82515a6f1|127.0.0.1:15257]|listeners:[], old=null}
2024-08-06 06:55:36,813 [701c4ea6-6f91-4e49-a6f7-7c8a32a91528@group-B32E95555238-LeaderElection48-1] INFO  server.GrpcServerProtocolClient (GrpcServerProtocolClient.java:<init>(65)) - Build channel for 4d58d409-0470-47bf-8499-813befc157d5|127.0.0.1:15266
2024-08-06 06:55:36,813 [701c4ea6-6f91-4e49-a6f7-7c8a32a91528@group-B32E95555238-LeaderElection48-2] INFO  server.GrpcServerProtocolClient (GrpcServerProtocolClient.java:<init>(65)) - Build channel for 2c741729-621d-48c8-a79f-44c82515a6f1|127.0.0.1:15257
2024-08-06 06:55:36,813 [701c4ea6-6f91-4e49-a6f7-7c8a32a91528@group-B32E95555238-LeaderElection48] INFO  server.RaftServerConfigKeys (ConfUtils.java:logFallback(53)) - raft.server.rpc.first-election.timeout.min = 5s (fallback to raft.server.rpc.timeout.min)
2024-08-06 06:55:36,814 [701c4ea6-6f91-4e49-a6f7-7c8a32a91528@group-B32E95555238-LeaderElection48] INFO  server.RaftServerConfigKeys (ConfUtils.java:logFallback(53)) - raft.server.rpc.first-election.timeout.max = 5200ms (fallback to raft.server.rpc.timeout.max)
2024-08-06 06:55:36,817 [grpc-default-executor-1] INFO  server.RaftServer$Division (RaftServerImpl.java:requestVote(1416)) - 2c741729-621d-48c8-a79f-44c82515a6f1@group-B32E95555238: receive requestVote(PRE_VOTE, 701c4ea6-6f91-4e49-a6f7-7c8a32a91528, group-B32E95555238, 0, (t:0, i:0))
2024-08-06 06:55:36,817 [grpc-default-executor-1] INFO  impl.VoteContext (VoteContext.java:log(49)) - 2c741729-621d-48c8-a79f-44c82515a6f1@group-B32E95555238-FOLLOWER: accept PRE_VOTE from 701c4ea6-6f91-4e49-a6f7-7c8a32a91528: our priority 0 <= candidate's priority 0
2024-08-06 06:55:36,818 [grpc-default-executor-1] INFO  server.RaftServer$Division (RaftServerImpl.java:requestVote(1449)) - 2c741729-621d-48c8-a79f-44c82515a6f1@group-B32E95555238 replies to PRE_VOTE vote request: 701c4ea6-6f91-4e49-a6f7-7c8a32a91528<-2c741729-621d-48c8-a79f-44c82515a6f1#0:OK-t0. Peer's state: 2c741729-621d-48c8-a79f-44c82515a6f1@group-B32E95555238:t0, leader=null, voted=, raftlog=Memoized:2c741729-621d-48c8-a79f-44c82515a6f1@group-B32E95555238-SegmentedRaftLog:OPENED:c-1:lastnull, conf=conf: {index: -1, cur=peers:[701c4ea6-6f91-4e49-a6f7-7c8a32a91528|127.0.0.1:15275, 4d58d409-0470-47bf-8499-813befc157d5|127.0.0.1:15266, 2c741729-621d-48c8-a79f-44c82515a6f1|127.0.0.1:15257]|listeners:[], old=null}
2024-08-06 06:55:36,818 [grpc-default-executor-1] INFO  server.RaftServer$Division (RaftServerImpl.java:requestVote(1416)) - 4d58d409-0470-47bf-8499-813befc157d5@group-B32E95555238: receive requestVote(PRE_VOTE, 701c4ea6-6f91-4e49-a6f7-7c8a32a91528, group-B32E95555238, 0, (t:0, i:0))
2024-08-06 06:55:36,818 [grpc-default-executor-1] INFO  impl.VoteContext (VoteContext.java:log(49)) - 4d58d409-0470-47bf-8499-813befc157d5@group-B32E95555238-FOLLOWER: reject PRE_VOTE from 701c4ea6-6f91-4e49-a6f7-7c8a32a91528: our priority 1 > candidate's priority 0
2024-08-06 06:55:36,818 [grpc-default-executor-1] INFO  server.RaftServer$Division (RaftServerImpl.java:requestVote(1449)) - 4d58d409-0470-47bf-8499-813befc157d5@group-B32E95555238 replies to PRE_VOTE vote request: 701c4ea6-6f91-4e49-a6f7-7c8a32a91528<-4d58d409-0470-47bf-8499-813befc157d5#0:FAIL-t0. Peer's state: 4d58d409-0470-47bf-8499-813befc157d5@group-B32E95555238:t0, leader=null, voted=, raftlog=Memoized:4d58d409-0470-47bf-8499-813befc157d5@group-B32E95555238-SegmentedRaftLog:OPENED:c-1:lastnull, conf=conf: {index: -1, cur=peers:[701c4ea6-6f91-4e49-a6f7-7c8a32a91528|127.0.0.1:15275, 4d58d409-0470-47bf-8499-813befc157d5|127.0.0.1:15266, 2c741729-621d-48c8-a79f-44c82515a6f1|127.0.0.1:15257]|listeners:[], old=null}
2024-08-06 06:55:36,819 [701c4ea6-6f91-4e49-a6f7-7c8a32a91528@group-B32E95555238-LeaderElection48] INFO  impl.LeaderElection (LeaderElection.java:logAndReturn(89)) - 701c4ea6-6f91-4e49-a6f7-7c8a32a91528@group-B32E95555238-LeaderElection48: PRE_VOTE REJECTED received 2 response(s) and 0 exception(s):
2024-08-06 06:55:36,819 [701c4ea6-6f91-4e49-a6f7-7c8a32a91528@group-B32E95555238-LeaderElection48] INFO  impl.LeaderElection (LeaderElection.java:logAndReturn(93)) -   Response 0: 701c4ea6-6f91-4e49-a6f7-7c8a32a91528<-4d58d409-0470-47bf-8499-813befc157d5#0:FAIL-t0
2024-08-06 06:55:36,819 [701c4ea6-6f91-4e49-a6f7-7c8a32a91528@group-B32E95555238-LeaderElection48] INFO  impl.LeaderElection (LeaderElection.java:logAndReturn(93)) -   Response 1: 701c4ea6-6f91-4e49-a6f7-7c8a32a91528<-2c741729-621d-48c8-a79f-44c82515a6f1#0:OK-t0
2024-08-06 06:55:36,819 [701c4ea6-6f91-4e49-a6f7-7c8a32a91528@group-B32E95555238-LeaderElection48] INFO  impl.LeaderElection (LeaderElection.java:askForVotes(323)) - 701c4ea6-6f91-4e49-a6f7-7c8a32a91528@group-B32E95555238-LeaderElection48 PRE_VOTE round 0: result REJECTED
2024-08-06 06:55:36,819 [701c4ea6-6f91-4e49-a6f7-7c8a32a91528@group-B32E95555238-LeaderElection48] INFO  server.RaftServer$Division (RaftServerImpl.java:setRole(376)) - 701c4ea6-6f91-4e49-a6f7-7c8a32a91528@group-B32E95555238: changes role from CANDIDATE to FOLLOWER at term 0 for REJECTED
2024-08-06 06:55:36,819 [701c4ea6-6f91-4e49-a6f7-7c8a32a91528@group-B32E95555238-LeaderElection48] INFO  impl.RoleInfo (RoleInfo.java:shutdownLeaderElection(139)) - 701c4ea6-6f91-4e49-a6f7-7c8a32a91528: shutdown 701c4ea6-6f91-4e49-a6f7-7c8a32a91528@group-B32E95555238-LeaderElection48
2024-08-06 06:55:36,820 [701c4ea6-6f91-4e49-a6f7-7c8a32a91528@group-B32E95555238-LeaderElection48] INFO  impl.RoleInfo (RoleInfo.java:updateAndGet(148)) - 701c4ea6-6f91-4e49-a6f7-7c8a32a91528: start 701c4ea6-6f91-4e49-a6f7-7c8a32a91528@group-B32E95555238-FollowerState
2024-08-06 06:55:36,820 [701c4ea6-6f91-4e49-a6f7-7c8a32a91528@group-B32E95555238-LeaderElection48] INFO  server.RaftServer$Division (RaftServerImpl.java:setFirstElection(549)) - 701c4ea6-6f91-4e49-a6f7-7c8a32a91528@group-B32E95555238: set firstElectionSinceStartup to false for REJECTED
2024-08-06 06:55:36,832 [2c741729-621d-48c8-a79f-44c82515a6f1@group-0D27D26C0BC5-FollowerState] INFO  impl.FollowerState (FollowerState.java:run(144)) - 2c741729-621d-48c8-a79f-44c82515a6f1@group-0D27D26C0BC5-FollowerState: change to CANDIDATE, lastRpcElapsedTime:5124047818ns, electionTimeout:5123ms
2024-08-06 06:55:36,832 [2c741729-621d-48c8-a79f-44c82515a6f1@group-0D27D26C0BC5-FollowerState] INFO  impl.RoleInfo (RoleInfo.java:shutdownFollowerState(119)) - 2c741729-621d-48c8-a79f-44c82515a6f1: shutdown 2c741729-621d-48c8-a79f-44c82515a6f1@group-0D27D26C0BC5-FollowerState
2024-08-06 06:55:36,832 [2c741729-621d-48c8-a79f-44c82515a6f1@group-0D27D26C0BC5-FollowerState] INFO  server.RaftServer$Division (RaftServerImpl.java:setRole(376)) - 2c741729-621d-48c8-a79f-44c82515a6f1@group-0D27D26C0BC5: changes role from  FOLLOWER to CANDIDATE at term 0 for changeToCandidate
2024-08-06 06:55:36,833 [2c741729-621d-48c8-a79f-44c82515a6f1@group-0D27D26C0BC5-FollowerState] INFO  server.RaftServerConfigKeys (ConfUtils.java:logGet(46)) - raft.server.leaderelection.pre-vote = true (default)
2024-08-06 06:55:36,833 [2c741729-621d-48c8-a79f-44c82515a6f1@group-0D27D26C0BC5-FollowerState] INFO  impl.RoleInfo (RoleInfo.java:updateAndGet(148)) - 2c741729-621d-48c8-a79f-44c82515a6f1: start 2c741729-621d-48c8-a79f-44c82515a6f1@group-0D27D26C0BC5-LeaderElection49
2024-08-06 06:55:36,833 [2c741729-621d-48c8-a79f-44c82515a6f1@group-0D27D26C0BC5-LeaderElection49] INFO  impl.LeaderElection (LeaderElection.java:askForVotes(321)) - 2c741729-621d-48c8-a79f-44c82515a6f1@group-0D27D26C0BC5-LeaderElection49 PRE_VOTE round 0: submit vote requests at term 0 for conf: {index: -1, cur=peers:[2c741729-621d-48c8-a79f-44c82515a6f1|127.0.0.1:15257]|listeners:[], old=null}
2024-08-06 06:55:36,833 [2c741729-621d-48c8-a79f-44c82515a6f1@group-0D27D26C0BC5-LeaderElection49] INFO  impl.LeaderElection (LeaderElection.java:askForVotes(323)) - 2c741729-621d-48c8-a79f-44c82515a6f1@group-0D27D26C0BC5-LeaderElection49 PRE_VOTE round 0: result PASSED (term=0)
2024-08-06 06:55:36,834 [2c741729-621d-48c8-a79f-44c82515a6f1@group-0D27D26C0BC5-LeaderElection49] INFO  impl.LeaderElection (LeaderElection.java:askForVotes(321)) - 2c741729-621d-48c8-a79f-44c82515a6f1@group-0D27D26C0BC5-LeaderElection49 ELECTION round 0: submit vote requests at term 1 for conf: {index: -1, cur=peers:[2c741729-621d-48c8-a79f-44c82515a6f1|127.0.0.1:15257]|listeners:[], old=null}
2024-08-06 06:55:36,835 [2c741729-621d-48c8-a79f-44c82515a6f1@group-0D27D26C0BC5-LeaderElection49] INFO  impl.LeaderElection (LeaderElection.java:askForVotes(323)) - 2c741729-621d-48c8-a79f-44c82515a6f1@group-0D27D26C0BC5-LeaderElection49 ELECTION round 0: result PASSED (term=1)
2024-08-06 06:55:36,835 [2c741729-621d-48c8-a79f-44c82515a6f1@group-0D27D26C0BC5-LeaderElection49] INFO  impl.RoleInfo (RoleInfo.java:shutdownLeaderElection(139)) - 2c741729-621d-48c8-a79f-44c82515a6f1: shutdown 2c741729-621d-48c8-a79f-44c82515a6f1@group-0D27D26C0BC5-LeaderElection49
2024-08-06 06:55:36,835 [2c741729-621d-48c8-a79f-44c82515a6f1@group-0D27D26C0BC5-LeaderElection49] INFO  server.RaftServer$Division (RaftServerImpl.java:setRole(376)) - 2c741729-621d-48c8-a79f-44c82515a6f1@group-0D27D26C0BC5: changes role from CANDIDATE to LEADER at term 1 for changeToLeader
2024-08-06 06:55:36,835 [2c741729-621d-48c8-a79f-44c82515a6f1@group-0D27D26C0BC5-LeaderElection49] INFO  server.RaftServerConfigKeys (ConfUtils.java:logGet(46)) - raft.server.staging.catchup.gap = 1000 (default)
2024-08-06 06:55:36,835 [2c741729-621d-48c8-a79f-44c82515a6f1@group-0D27D26C0BC5-LeaderElection49] INFO  server.RaftServerConfigKeys (ConfUtils.java:logGet(46)) - raft.server.write.element-limit = 1024 (custom)
2024-08-06 06:55:36,835 [2c741729-621d-48c8-a79f-44c82515a6f1@group-0D27D26C0BC5-LeaderElection49] INFO  server.RaftServerConfigKeys (ConfUtils.java:logGet(46)) - raft.server.write.byte-limit = 1024 M (=1073741824) (custom)
2024-08-06 06:55:36,835 [2c741729-621d-48c8-a79f-44c82515a6f1@group-0D27D26C0BC5-LeaderElection49] INFO  server.RaftServerConfigKeys (ConfUtils.java:logGet(46)) - raft.server.watch.timeout = 30s (custom)
2024-08-06 06:55:36,835 [2c741729-621d-48c8-a79f-44c82515a6f1@group-0D27D26C0BC5-LeaderElection49] INFO  server.RaftServerConfigKeys (ConfUtils.java:logGet(46)) - raft.server.watch.timeout.denomination = 1s (default)
2024-08-06 06:55:36,835 [2c741729-621d-48c8-a79f-44c82515a6f1@group-0D27D26C0BC5-LeaderElection49] INFO  server.RaftServerConfigKeys (ConfUtils.java:logGet(46)) - raft.server.watch.element-limit = 65536 (default)
2024-08-06 06:55:36,835 [2c741729-621d-48c8-a79f-44c82515a6f1@group-0D27D26C0BC5-LeaderElection49] INFO  server.RaftServerConfigKeys (ConfUtils.java:logGet(46)) - raft.server.read.leader.lease.enabled = false (default)
2024-08-06 06:55:36,835 [2c741729-621d-48c8-a79f-44c82515a6f1@group-0D27D26C0BC5-LeaderElection49] INFO  server.RaftServerConfigKeys (ConfUtils.java:logGet(46)) - raft.server.read.leader.lease.timeout.ratio = 0.9 (default)
2024-08-06 06:55:36,836 [2c741729-621d-48c8-a79f-44c82515a6f1@group-0D27D26C0BC5-LeaderElection49] INFO  server.RaftServerConfigKeys (ConfUtils.java:logGet(46)) - raft.server.rpc.timeout.min = 5s (custom)
2024-08-06 06:55:36,836 [2c741729-621d-48c8-a79f-44c82515a6f1@group-0D27D26C0BC5-LeaderElection49] INFO  server.RaftServerConfigKeys (ConfUtils.java:logGet(46)) - raft.server.log.log-metadata.enabled = true (default)
2024-08-06 06:55:36,836 [2c741729-621d-48c8-a79f-44c82515a6f1@group-0D27D26C0BC5-LeaderElection49] INFO  server.RaftServerConfigKeys (ConfUtils.java:logGet(46)) - raft.server.write.element-limit = 1024 (custom)
2024-08-06 06:55:36,836 [2c741729-621d-48c8-a79f-44c82515a6f1@group-0D27D26C0BC5-LeaderElection49] INFO  server.RaftServerConfigKeys (ConfUtils.java:logGet(46)) - raft.server.write.follower.gap.ratio.max = -1.0 (default)
2024-08-06 06:55:36,836 [2c741729-621d-48c8-a79f-44c82515a6f1@group-0D27D26C0BC5-LeaderElection49] INFO  impl.RoleInfo (RoleInfo.java:updateAndGet(148)) - 2c741729-621d-48c8-a79f-44c82515a6f1: start 2c741729-621d-48c8-a79f-44c82515a6f1@group-0D27D26C0BC5-LeaderStateImpl
2024-08-06 06:55:36,836 [2c741729-621d-48c8-a79f-44c82515a6f1@group-0D27D26C0BC5-LeaderElection49] INFO  server.RaftServer$Division (RaftServerImpl.java:setFirstElection(549)) - 2c741729-621d-48c8-a79f-44c82515a6f1@group-0D27D26C0BC5: set firstElectionSinceStartup to false for becomeLeader
2024-08-06 06:55:36,836 [2c741729-621d-48c8-a79f-44c82515a6f1@group-0D27D26C0BC5-LeaderElection49] INFO  ratis.XceiverServerRatis (XceiverServerRatis.java:handleLeaderChangedNotification(947)) - Leader change notification received for group: group-0D27D26C0BC5 with new leaderId: 2c741729-621d-48c8-a79f-44c82515a6f1
2024-08-06 06:55:36,836 [2c741729-621d-48c8-a79f-44c82515a6f1@group-0D27D26C0BC5-LeaderElection49] INFO  server.RaftServer$Division (ServerState.java:setLeader(272)) - 2c741729-621d-48c8-a79f-44c82515a6f1@group-0D27D26C0BC5: change Leader from null to 2c741729-621d-48c8-a79f-44c82515a6f1 at term 1 for becomeLeader, leader elected after 5140ms
2024-08-06 06:55:36,836 [2c741729-621d-48c8-a79f-44c82515a6f1@group-0D27D26C0BC5-LeaderElection49] INFO  segmented.SegmentedRaftLogWorker (SegmentedRaftLogWorker.java:startLogSegment(433)) - 2c741729-621d-48c8-a79f-44c82515a6f1@group-0D27D26C0BC5-SegmentedRaftLogWorker: Starting segment from index:0
2024-08-06 06:55:36,837 [2c741729-621d-48c8-a79f-44c82515a6f1@group-0D27D26C0BC5-LeaderElection49] INFO  server.RaftServer$Division (ServerState.java:setRaftConf(386)) - 2c741729-621d-48c8-a79f-44c82515a6f1@group-0D27D26C0BC5: set configuration conf: {index: 0, cur=peers:[2c741729-621d-48c8-a79f-44c82515a6f1|127.0.0.1:15257]|listeners:[], old=null}
2024-08-06 06:55:36,837 [2c741729-621d-48c8-a79f-44c82515a6f1@group-0D27D26C0BC5-SegmentedRaftLogWorker] INFO  segmented.BufferedWriteChannel (BufferedWriteChannel.java:open(61)) - open log_inprogress_0 at position 0
2024-08-06 06:55:36,841 [EventQueue-OpenPipelineForHealthyPipelineSafeModeRule] INFO  safemode.SCMSafeModeManager (HealthyPipelineSafeModeRule.java:process(140)) - SCM in safe mode. Healthy pipelines reported count is 0, required healthy pipeline reported count is 1
2024-08-06 06:55:36,848 [2c741729-621d-48c8-a79f-44c82515a6f1@group-0D27D26C0BC5-SegmentedRaftLogWorker] INFO  segmented.SegmentedRaftLogWorker (SegmentedRaftLogWorker.java:execute(637)) - 2c741729-621d-48c8-a79f-44c82515a6f1@group-0D27D26C0BC5-SegmentedRaftLogWorker: created new log segment /home/runner/work/ozone/ozone/hadoop-ozone/integration-test/target/test-dir/MiniOzoneClusterImpl-0b493811-7be1-4111-9212-de561dacad59/ozone-meta/datanode-1/ratis/b32766c3-5573-46a9-addc-0d27d26c0bc5/current/log_inprogress_0
2024-08-06 06:55:36,849 [2c741729-621d-48c8-a79f-44c82515a6f1@group-0D27D26C0BC5-StateMachineUpdater] INFO  server.RaftServer$Division (LeaderStateImpl.java:checkStartIndex(316)) - Leader 2c741729-621d-48c8-a79f-44c82515a6f1@group-0D27D26C0BC5-LeaderStateImpl is ready since appliedIndex == startIndex == 0
2024-08-06 06:55:36,881 [4d58d409-0470-47bf-8499-813befc157d5@group-B32E95555238-FollowerState] INFO  impl.FollowerState (FollowerState.java:run(144)) - 4d58d409-0470-47bf-8499-813befc157d5@group-B32E95555238-FollowerState: change to CANDIDATE, lastRpcElapsedTime:5110944319ns, electionTimeout:5110ms
2024-08-06 06:55:36,881 [4d58d409-0470-47bf-8499-813befc157d5@group-B32E95555238-FollowerState] INFO  impl.RoleInfo (RoleInfo.java:shutdownFollowerState(119)) - 4d58d409-0470-47bf-8499-813befc157d5: shutdown 4d58d409-0470-47bf-8499-813befc157d5@group-B32E95555238-FollowerState
2024-08-06 06:55:36,881 [4d58d409-0470-47bf-8499-813befc157d5@group-B32E95555238-FollowerState] INFO  server.RaftServer$Division (RaftServerImpl.java:setRole(376)) - 4d58d409-0470-47bf-8499-813befc157d5@group-B32E95555238: changes role from  FOLLOWER to CANDIDATE at term 0 for changeToCandidate
2024-08-06 06:55:36,881 [4d58d409-0470-47bf-8499-813befc157d5@group-B32E95555238-FollowerState] INFO  server.RaftServerConfigKeys (ConfUtils.java:logGet(46)) - raft.server.leaderelection.pre-vote = true (default)
2024-08-06 06:55:36,881 [4d58d409-0470-47bf-8499-813befc157d5@group-B32E95555238-FollowerState] INFO  impl.RoleInfo (RoleInfo.java:updateAndGet(148)) - 4d58d409-0470-47bf-8499-813befc157d5: start 4d58d409-0470-47bf-8499-813befc157d5@group-B32E95555238-LeaderElection50
2024-08-06 06:55:36,882 [4d58d409-0470-47bf-8499-813befc157d5@group-B32E95555238-LeaderElection50] INFO  impl.LeaderElection (LeaderElection.java:askForVotes(321)) - 4d58d409-0470-47bf-8499-813befc157d5@group-B32E95555238-LeaderElection50 PRE_VOTE round 0: submit vote requests at term 0 for conf: {index: -1, cur=peers:[701c4ea6-6f91-4e49-a6f7-7c8a32a91528|127.0.0.1:15275, 4d58d409-0470-47bf-8499-813befc157d5|127.0.0.1:15266, 2c741729-621d-48c8-a79f-44c82515a6f1|127.0.0.1:15257]|listeners:[], old=null}
2024-08-06 06:55:36,882 [4d58d409-0470-47bf-8499-813befc157d5@group-B32E95555238-LeaderElection50-1] INFO  server.GrpcServerProtocolClient (GrpcServerProtocolClient.java:<init>(65)) - Build channel for 701c4ea6-6f91-4e49-a6f7-7c8a32a91528|127.0.0.1:15275
2024-08-06 06:55:36,882 [4d58d409-0470-47bf-8499-813befc157d5@group-B32E95555238-LeaderElection50-2] INFO  server.GrpcServerProtocolClient (GrpcServerProtocolClient.java:<init>(65)) - Build channel for 2c741729-621d-48c8-a79f-44c82515a6f1|127.0.0.1:15257
2024-08-06 06:55:36,882 [4d58d409-0470-47bf-8499-813befc157d5@group-B32E95555238-LeaderElection50] INFO  server.RaftServerConfigKeys (ConfUtils.java:logFallback(53)) - raft.server.rpc.first-election.timeout.min = 5s (fallback to raft.server.rpc.timeout.min)
2024-08-06 06:55:36,882 [4d58d409-0470-47bf-8499-813befc157d5@group-B32E95555238-LeaderElection50] INFO  server.RaftServerConfigKeys (ConfUtils.java:logFallback(53)) - raft.server.rpc.first-election.timeout.max = 5200ms (fallback to raft.server.rpc.timeout.max)
2024-08-06 06:55:36,886 [grpc-default-executor-7] INFO  server.RaftServer$Division (RaftServerImpl.java:requestVote(1416)) - 2c741729-621d-48c8-a79f-44c82515a6f1@group-B32E95555238: receive requestVote(PRE_VOTE, 4d58d409-0470-47bf-8499-813befc157d5, group-B32E95555238, 0, (t:0, i:0))
2024-08-06 06:55:36,886 [grpc-default-executor-7] INFO  impl.VoteContext (VoteContext.java:log(49)) - 2c741729-621d-48c8-a79f-44c82515a6f1@group-B32E95555238-FOLLOWER: accept PRE_VOTE from 4d58d409-0470-47bf-8499-813befc157d5: our priority 0 <= candidate's priority 1
2024-08-06 06:55:36,886 [grpc-default-executor-7] INFO  server.RaftServer$Division (RaftServerImpl.java:requestVote(1449)) - 2c741729-621d-48c8-a79f-44c82515a6f1@group-B32E95555238 replies to PRE_VOTE vote request: 4d58d409-0470-47bf-8499-813befc157d5<-2c741729-621d-48c8-a79f-44c82515a6f1#0:OK-t0. Peer's state: 2c741729-621d-48c8-a79f-44c82515a6f1@group-B32E95555238:t0, leader=null, voted=, raftlog=Memoized:2c741729-621d-48c8-a79f-44c82515a6f1@group-B32E95555238-SegmentedRaftLog:OPENED:c-1:lastnull, conf=conf: {index: -1, cur=peers:[701c4ea6-6f91-4e49-a6f7-7c8a32a91528|127.0.0.1:15275, 4d58d409-0470-47bf-8499-813befc157d5|127.0.0.1:15266, 2c741729-621d-48c8-a79f-44c82515a6f1|127.0.0.1:15257]|listeners:[], old=null}
2024-08-06 06:55:36,886 [4d58d409-0470-47bf-8499-813befc157d5@group-B32E95555238-LeaderElection50] INFO  impl.LeaderElection (LeaderElection.java:logAndReturn(89)) - 4d58d409-0470-47bf-8499-813befc157d5@group-B32E95555238-LeaderElection50: PRE_VOTE PASSED received 1 response(s) and 0 exception(s):
2024-08-06 06:55:36,886 [4d58d409-0470-47bf-8499-813befc157d5@group-B32E95555238-LeaderElection50] INFO  impl.LeaderElection (LeaderElection.java:logAndReturn(93)) -   Response 0: 4d58d409-0470-47bf-8499-813befc157d5<-2c741729-621d-48c8-a79f-44c82515a6f1#0:OK-t0
2024-08-06 06:55:36,887 [4d58d409-0470-47bf-8499-813befc157d5@group-B32E95555238-LeaderElection50] INFO  impl.LeaderElection (LeaderElection.java:askForVotes(323)) - 4d58d409-0470-47bf-8499-813befc157d5@group-B32E95555238-LeaderElection50 PRE_VOTE round 0: result PASSED
2024-08-06 06:55:36,887 [grpc-default-executor-7] INFO  server.RaftServer$Division (RaftServerImpl.java:requestVote(1416)) - 701c4ea6-6f91-4e49-a6f7-7c8a32a91528@group-B32E95555238: receive requestVote(PRE_VOTE, 4d58d409-0470-47bf-8499-813befc157d5, group-B32E95555238, 0, (t:0, i:0))
2024-08-06 06:55:36,887 [grpc-default-executor-7] INFO  impl.VoteContext (VoteContext.java:log(49)) - 701c4ea6-6f91-4e49-a6f7-7c8a32a91528@group-B32E95555238-FOLLOWER: accept PRE_VOTE from 4d58d409-0470-47bf-8499-813befc157d5: our priority 0 <= candidate's priority 1
2024-08-06 06:55:36,887 [grpc-default-executor-7] INFO  server.RaftServer$Division (RaftServerImpl.java:requestVote(1449)) - 701c4ea6-6f91-4e49-a6f7-7c8a32a91528@group-B32E95555238 replies to PRE_VOTE vote request: 4d58d409-0470-47bf-8499-813befc157d5<-701c4ea6-6f91-4e49-a6f7-7c8a32a91528#0:OK-t0. Peer's state: 701c4ea6-6f91-4e49-a6f7-7c8a32a91528@group-B32E95555238:t0, leader=null, voted=, raftlog=Memoized:701c4ea6-6f91-4e49-a6f7-7c8a32a91528@group-B32E95555238-SegmentedRaftLog:OPENED:c-1:lastnull, conf=conf: {index: -1, cur=peers:[701c4ea6-6f91-4e49-a6f7-7c8a32a91528|127.0.0.1:15275, 4d58d409-0470-47bf-8499-813befc157d5|127.0.0.1:15266, 2c741729-621d-48c8-a79f-44c82515a6f1|127.0.0.1:15257]|listeners:[], old=null}
2024-08-06 06:55:36,888 [4d58d409-0470-47bf-8499-813befc157d5@group-B32E95555238-LeaderElection50] INFO  impl.LeaderElection (LeaderElection.java:askForVotes(321)) - 4d58d409-0470-47bf-8499-813befc157d5@group-B32E95555238-LeaderElection50 ELECTION round 0: submit vote requests at term 1 for conf: {index: -1, cur=peers:[701c4ea6-6f91-4e49-a6f7-7c8a32a91528|127.0.0.1:15275, 4d58d409-0470-47bf-8499-813befc157d5|127.0.0.1:15266, 2c741729-621d-48c8-a79f-44c82515a6f1|127.0.0.1:15257]|listeners:[], old=null}
2024-08-06 06:55:36,888 [4d58d409-0470-47bf-8499-813befc157d5@group-B32E95555238-LeaderElection50] INFO  server.RaftServerConfigKeys (ConfUtils.java:logFallback(53)) - raft.server.rpc.first-election.timeout.min = 5s (fallback to raft.server.rpc.timeout.min)
2024-08-06 06:55:36,889 [4d58d409-0470-47bf-8499-813befc157d5@group-B32E95555238-LeaderElection50] INFO  server.RaftServerConfigKeys (ConfUtils.java:logFallback(53)) - raft.server.rpc.first-election.timeout.max = 5200ms (fallback to raft.server.rpc.timeout.max)
2024-08-06 06:55:36,890 [grpc-default-executor-7] INFO  server.RaftServer$Division (RaftServerImpl.java:requestVote(1416)) - 2c741729-621d-48c8-a79f-44c82515a6f1@group-B32E95555238: receive requestVote(ELECTION, 4d58d409-0470-47bf-8499-813befc157d5, group-B32E95555238, 1, (t:0, i:0))
2024-08-06 06:55:36,890 [grpc-default-executor-7] INFO  impl.VoteContext (VoteContext.java:log(49)) - 2c741729-621d-48c8-a79f-44c82515a6f1@group-B32E95555238-FOLLOWER: accept ELECTION from 4d58d409-0470-47bf-8499-813befc157d5: our priority 0 <= candidate's priority 1
2024-08-06 06:55:36,890 [grpc-default-executor-7] INFO  server.RaftServer$Division (RaftServerImpl.java:setRole(376)) - 2c741729-621d-48c8-a79f-44c82515a6f1@group-B32E95555238: changes role from  FOLLOWER to FOLLOWER at term 1 for candidate:4d58d409-0470-47bf-8499-813befc157d5
2024-08-06 06:55:36,890 [grpc-default-executor-7] INFO  impl.RoleInfo (RoleInfo.java:shutdownFollowerState(119)) - 2c741729-621d-48c8-a79f-44c82515a6f1: shutdown 2c741729-621d-48c8-a79f-44c82515a6f1@group-B32E95555238-FollowerState
2024-08-06 06:55:36,890 [grpc-default-executor-7] INFO  impl.RoleInfo (RoleInfo.java:updateAndGet(148)) - 2c741729-621d-48c8-a79f-44c82515a6f1: start 2c741729-621d-48c8-a79f-44c82515a6f1@group-B32E95555238-FollowerState
2024-08-06 06:55:36,890 [grpc-default-executor-7] INFO  server.RaftServer$Division (RaftServerImpl.java:setFirstElection(549)) - 2c741729-621d-48c8-a79f-44c82515a6f1@group-B32E95555238: set firstElectionSinceStartup to false for candidate:4d58d409-0470-47bf-8499-813befc157d5
2024-08-06 06:55:36,890 [2c741729-621d-48c8-a79f-44c82515a6f1@group-B32E95555238-FollowerState] INFO  impl.FollowerState (FollowerState.java:run(153)) - 2c741729-621d-48c8-a79f-44c82515a6f1@group-B32E95555238-FollowerState was interrupted
2024-08-06 06:55:36,892 [grpc-default-executor-7] INFO  server.RaftServer$Division (RaftServerImpl.java:requestVote(1449)) - 2c741729-621d-48c8-a79f-44c82515a6f1@group-B32E95555238 replies to ELECTION vote request: 4d58d409-0470-47bf-8499-813befc157d5<-2c741729-621d-48c8-a79f-44c82515a6f1#0:OK-t1. Peer's state: 2c741729-621d-48c8-a79f-44c82515a6f1@group-B32E95555238:t1, leader=null, voted=4d58d409-0470-47bf-8499-813befc157d5, raftlog=Memoized:2c741729-621d-48c8-a79f-44c82515a6f1@group-B32E95555238-SegmentedRaftLog:OPENED:c-1:lastnull, conf=conf: {index: -1, cur=peers:[701c4ea6-6f91-4e49-a6f7-7c8a32a91528|127.0.0.1:15275, 4d58d409-0470-47bf-8499-813befc157d5|127.0.0.1:15266, 2c741729-621d-48c8-a79f-44c82515a6f1|127.0.0.1:15257]|listeners:[], old=null}
2024-08-06 06:55:36,893 [4d58d409-0470-47bf-8499-813befc157d5@group-B32E95555238-LeaderElection50] INFO  impl.LeaderElection (LeaderElection.java:logAndReturn(89)) - 4d58d409-0470-47bf-8499-813befc157d5@group-B32E95555238-LeaderElection50: ELECTION PASSED received 1 response(s) and 0 exception(s):
2024-08-06 06:55:36,893 [4d58d409-0470-47bf-8499-813befc157d5@group-B32E95555238-LeaderElection50] INFO  impl.LeaderElection (LeaderElection.java:logAndReturn(93)) -   Response 0: 4d58d409-0470-47bf-8499-813befc157d5<-2c741729-621d-48c8-a79f-44c82515a6f1#0:OK-t1
2024-08-06 06:55:36,893 [4d58d409-0470-47bf-8499-813befc157d5@group-B32E95555238-LeaderElection50] INFO  impl.LeaderElection (LeaderElection.java:askForVotes(323)) - 4d58d409-0470-47bf-8499-813befc157d5@group-B32E95555238-LeaderElection50 ELECTION round 0: result PASSED
2024-08-06 06:55:36,893 [4d58d409-0470-47bf-8499-813befc157d5@group-B32E95555238-LeaderElection50] INFO  impl.RoleInfo (RoleInfo.java:shutdownLeaderElection(139)) - 4d58d409-0470-47bf-8499-813befc157d5: shutdown 4d58d409-0470-47bf-8499-813befc157d5@group-B32E95555238-LeaderElection50
2024-08-06 06:55:36,893 [4d58d409-0470-47bf-8499-813befc157d5@group-B32E95555238-LeaderElection50] INFO  server.RaftServer$Division (RaftServerImpl.java:setRole(376)) - 4d58d409-0470-47bf-8499-813befc157d5@group-B32E95555238: changes role from CANDIDATE to LEADER at term 1 for changeToLeader
2024-08-06 06:55:36,893 [4d58d409-0470-47bf-8499-813befc157d5@group-B32E95555238-LeaderElection50] INFO  server.RaftServerConfigKeys (ConfUtils.java:logGet(46)) - raft.server.staging.catchup.gap = 1000 (default)
2024-08-06 06:55:36,893 [4d58d409-0470-47bf-8499-813befc157d5@group-B32E95555238-LeaderElection50] INFO  server.RaftServerConfigKeys (ConfUtils.java:logGet(46)) - raft.server.write.element-limit = 1024 (custom)
2024-08-06 06:55:36,893 [4d58d409-0470-47bf-8499-813befc157d5@group-B32E95555238-LeaderElection50] INFO  server.RaftServerConfigKeys (ConfUtils.java:logGet(46)) - raft.server.write.byte-limit = 1024 M (=1073741824) (custom)
2024-08-06 06:55:36,893 [4d58d409-0470-47bf-8499-813befc157d5@group-B32E95555238-LeaderElection50] INFO  server.RaftServerConfigKeys (ConfUtils.java:logGet(46)) - raft.server.watch.timeout = 30s (custom)
2024-08-06 06:55:36,893 [4d58d409-0470-47bf-8499-813befc157d5@group-B32E95555238-LeaderElection50] INFO  server.RaftServerConfigKeys (ConfUtils.java:logGet(46)) - raft.server.watch.timeout.denomination = 1s (default)
2024-08-06 06:55:36,893 [4d58d409-0470-47bf-8499-813befc157d5@group-B32E95555238-LeaderElection50] INFO  server.RaftServerConfigKeys (ConfUtils.java:logGet(46)) - raft.server.watch.element-limit = 65536 (default)
2024-08-06 06:55:36,894 [4d58d409-0470-47bf-8499-813befc157d5@group-B32E95555238-LeaderElection50] INFO  server.RaftServerConfigKeys (ConfUtils.java:logGet(46)) - raft.server.read.leader.lease.enabled = false (default)
2024-08-06 06:55:36,894 [4d58d409-0470-47bf-8499-813befc157d5@group-B32E95555238-LeaderElection50] INFO  server.RaftServerConfigKeys (ConfUtils.java:logGet(46)) - raft.server.read.leader.lease.timeout.ratio = 0.9 (default)
2024-08-06 06:55:36,894 [4d58d409-0470-47bf-8499-813befc157d5@group-B32E95555238-LeaderElection50] INFO  server.RaftServerConfigKeys (ConfUtils.java:logGet(46)) - raft.server.rpc.timeout.min = 5s (custom)
2024-08-06 06:55:36,894 [4d58d409-0470-47bf-8499-813befc157d5@group-B32E95555238-LeaderElection50] INFO  server.RaftServerConfigKeys (ConfUtils.java:logGet(46)) - raft.server.log.log-metadata.enabled = true (default)
2024-08-06 06:55:36,894 [4d58d409-0470-47bf-8499-813befc157d5@group-B32E95555238-LeaderElection50] INFO  server.RaftServerConfigKeys (ConfUtils.java:logGet(46)) - raft.server.write.element-limit = 1024 (custom)
2024-08-06 06:55:36,894 [4d58d409-0470-47bf-8499-813befc157d5@group-B32E95555238-LeaderElection50] INFO  server.RaftServerConfigKeys (ConfUtils.java:logGet(46)) - raft.server.write.follower.gap.ratio.max = -1.0 (default)
2024-08-06 06:55:36,894 [4d58d409-0470-47bf-8499-813befc157d5@group-B32E95555238-LeaderElection50] INFO  server.RaftServerConfigKeys (ConfUtils.java:logGet(46)) - raft.server.log.appender.snapshot.chunk.size.max = 16MB (=16777216) (default)
2024-08-06 06:55:36,894 [4d58d409-0470-47bf-8499-813befc157d5@group-B32E95555238-LeaderElection50] INFO  server.RaftServerConfigKeys (ConfUtils.java:logGet(46)) - raft.server.log.appender.buffer.byte-limit = 8388608 (custom)
2024-08-06 06:55:36,894 [4d58d409-0470-47bf-8499-813befc157d5@group-B32E95555238-LeaderElection50] INFO  server.RaftServerConfigKeys (ConfUtils.java:logGet(46)) - raft.server.log.appender.buffer.element-limit = 1024 (custom)
2024-08-06 06:55:36,895 [4d58d409-0470-47bf-8499-813befc157d5@group-B32E95555238-LeaderElection50] INFO  server.RaftServerConfigKeys (ConfUtils.java:logGet(46)) - raft.server.log.appender.wait-time.min = 0μs (custom)
2024-08-06 06:55:36,895 [4d58d409-0470-47bf-8499-813befc157d5@group-B32E95555238-LeaderElection50] INFO  grpc.GrpcConfigKeys (ConfUtils.java:logGet(46)) - raft.grpc.server.leader.outstanding.appends.max = 8 (default)
2024-08-06 06:55:36,895 [4d58d409-0470-47bf-8499-813befc157d5@group-B32E95555238-LeaderElection50] INFO  server.RaftServerConfigKeys (ConfUtils.java:logGet(46)) - raft.server.rpc.request.timeout = 60s (custom)
2024-08-06 06:55:36,895 [4d58d409-0470-47bf-8499-813befc157d5@group-B32E95555238-LeaderElection50] INFO  grpc.GrpcConfigKeys (ConfUtils.java:logGet(46)) - raft.grpc.server.install_snapshot.request.element-limit = 8 (default)
2024-08-06 06:55:36,895 [4d58d409-0470-47bf-8499-813befc157d5@group-B32E95555238-LeaderElection50] INFO  grpc.GrpcConfigKeys (ConfUtils.java:logGet(46)) - raft.grpc.server.install_snapshot.request.timeout = 3000ms (default)
2024-08-06 06:55:36,895 [4d58d409-0470-47bf-8499-813befc157d5@group-B32E95555238-LeaderElection50] INFO  grpc.GrpcConfigKeys (ConfUtils.java:logGet(46)) - raft.grpc.server.log-message.batch.duration = 5s (default)
2024-08-06 06:55:36,895 [4d58d409-0470-47bf-8499-813befc157d5@group-B32E95555238-LeaderElection50] INFO  server.RaftServerConfigKeys (ConfUtils.java:logGet(46)) - raft.server.log.appender.install.snapshot.enabled = false (custom)
2024-08-06 06:55:36,895 [4d58d409-0470-47bf-8499-813befc157d5@group-B32E95555238-LeaderElection50] INFO  grpc.GrpcConfigKeys (ConfUtils.java:logGet(46)) - raft.grpc.server.heartbeat.channel = true (default)
2024-08-06 06:55:36,896 [4d58d409-0470-47bf-8499-813befc157d5@group-B32E95555238-LeaderElection50] INFO  server.RaftServerConfigKeys (ConfUtils.java:logGet(46)) - raft.server.log.appender.snapshot.chunk.size.max = 16MB (=16777216) (default)
2024-08-06 06:55:36,896 [4d58d409-0470-47bf-8499-813befc157d5@group-B32E95555238-LeaderElection50] INFO  server.RaftServerConfigKeys (ConfUtils.java:logGet(46)) - raft.server.log.appender.buffer.byte-limit = 8388608 (custom)
2024-08-06 06:55:36,896 [4d58d409-0470-47bf-8499-813befc157d5@group-B32E95555238-LeaderElection50] INFO  server.RaftServerConfigKeys (ConfUtils.java:logGet(46)) - raft.server.log.appender.buffer.element-limit = 1024 (custom)
2024-08-06 06:55:36,896 [4d58d409-0470-47bf-8499-813befc157d5@group-B32E95555238-LeaderElection50] INFO  server.RaftServerConfigKeys (ConfUtils.java:logGet(46)) - raft.server.log.appender.wait-time.min = 0μs (custom)
2024-08-06 06:55:36,896 [4d58d409-0470-47bf-8499-813befc157d5@group-B32E95555238-LeaderElection50] INFO  grpc.GrpcConfigKeys (ConfUtils.java:logGet(46)) - raft.grpc.server.leader.outstanding.appends.max = 8 (default)
2024-08-06 06:55:36,896 [4d58d409-0470-47bf-8499-813befc157d5@group-B32E95555238-LeaderElection50] INFO  server.RaftServerConfigKeys (ConfUtils.java:logGet(46)) - raft.server.rpc.request.timeout = 60s (custom)
2024-08-06 06:55:36,896 [4d58d409-0470-47bf-8499-813befc157d5@group-B32E95555238-LeaderElection50] INFO  grpc.GrpcConfigKeys (ConfUtils.java:logGet(46)) - raft.grpc.server.install_snapshot.request.element-limit = 8 (default)
2024-08-06 06:55:36,896 [4d58d409-0470-47bf-8499-813befc157d5@group-B32E95555238-LeaderElection50] INFO  grpc.GrpcConfigKeys (ConfUtils.java:logGet(46)) - raft.grpc.server.install_snapshot.request.timeout = 3000ms (default)
2024-08-06 06:55:36,896 [4d58d409-0470-47bf-8499-813befc157d5@group-B32E95555238-LeaderElection50] INFO  grpc.GrpcConfigKeys (ConfUtils.java:logGet(46)) - raft.grpc.server.log-message.batch.duration = 5s (default)
2024-08-06 06:55:36,896 [4d58d409-0470-47bf-8499-813befc157d5@group-B32E95555238-LeaderElection50] INFO  server.RaftServerConfigKeys (ConfUtils.java:logGet(46)) - raft.server.log.appender.install.snapshot.enabled = false (custom)
2024-08-06 06:55:36,896 [4d58d409-0470-47bf-8499-813befc157d5@group-B32E95555238-LeaderElection50] INFO  grpc.GrpcConfigKeys (ConfUtils.java:logGet(46)) - raft.grpc.server.heartbeat.channel = true (default)
2024-08-06 06:55:36,896 [4d58d409-0470-47bf-8499-813befc157d5@group-B32E95555238-LeaderElection50] INFO  impl.RoleInfo (RoleInfo.java:updateAndGet(148)) - 4d58d409-0470-47bf-8499-813befc157d5: start 4d58d409-0470-47bf-8499-813befc157d5@group-B32E95555238-LeaderStateImpl
2024-08-06 06:55:36,896 [4d58d409-0470-47bf-8499-813befc157d5@group-B32E95555238-LeaderElection50] INFO  server.RaftServer$Division (RaftServerImpl.java:setFirstElection(549)) - 4d58d409-0470-47bf-8499-813befc157d5@group-B32E95555238: set firstElectionSinceStartup to false for becomeLeader
2024-08-06 06:55:36,896 [4d58d409-0470-47bf-8499-813befc157d5@group-B32E95555238-LeaderElection50] INFO  ratis.XceiverServerRatis (XceiverServerRatis.java:handleLeaderChangedNotification(947)) - Leader change notification received for group: group-B32E95555238 with new leaderId: 4d58d409-0470-47bf-8499-813befc157d5
2024-08-06 06:55:36,896 [4d58d409-0470-47bf-8499-813befc157d5@group-B32E95555238-LeaderElection50] INFO  server.RaftServer$Division (ServerState.java:setLeader(272)) - 4d58d409-0470-47bf-8499-813befc157d5@group-B32E95555238: change Leader from null to 4d58d409-0470-47bf-8499-813befc157d5 at term 1 for becomeLeader, leader elected after 5133ms
2024-08-06 06:55:36,897 [4d58d409-0470-47bf-8499-813befc157d5@group-B32E95555238-LeaderElection50] INFO  segmented.SegmentedRaftLogWorker (SegmentedRaftLogWorker.java:startLogSegment(433)) - 4d58d409-0470-47bf-8499-813befc157d5@group-B32E95555238-SegmentedRaftLogWorker: Starting segment from index:0
2024-08-06 06:55:36,897 [4d58d409-0470-47bf-8499-813befc157d5@group-B32E95555238-SegmentedRaftLogWorker] INFO  segmented.BufferedWriteChannel (BufferedWriteChannel.java:open(61)) - open log_inprogress_0 at position 0
2024-08-06 06:55:36,898 [EventQueue-PipelineReportForPipelineReportHandler] INFO  pipeline.PipelineReportHandler (PipelineReportHandler.java:processPipelineReport(136)) - Opened pipeline PipelineID=d56401b9-9b2b-452d-b2e1-b32e95555238
2024-08-06 06:55:36,898 [EventQueue-OpenPipelineForHealthyPipelineSafeModeRule] INFO  safemode.SCMSafeModeManager (HealthyPipelineSafeModeRule.java:process(140)) - SCM in safe mode. Healthy pipelines reported count is 1, required healthy pipeline reported count is 1
2024-08-06 06:55:36,898 [EventQueue-OpenPipelineForHealthyPipelineSafeModeRule] INFO  safemode.SCMSafeModeManager (SCMSafeModeManager.java:validateSafeModeExitRules(203)) - HealthyPipelineSafeModeRule rule is successfully validated
2024-08-06 06:55:36,899 [EventQueue-OpenPipelineForHealthyPipelineSafeModeRule] INFO  safemode.SCMSafeModeManager (SCMSafeModeManager.java:validateSafeModeExitRules(218)) - ScmSafeModeManager, all rules are successfully validated
2024-08-06 06:55:36,899 [EventQueue-OpenPipelineForHealthyPipelineSafeModeRule] INFO  safemode.SCMSafeModeManager (SCMSafeModeManager.java:exitSafeMode(248)) - SCM exiting safe mode.
2024-08-06 06:55:36,899 [EventQueue-OpenPipelineForHealthyPipelineSafeModeRule] INFO  ha.SCMContext (SCMContext.java:updateSafeModeStatus(225)) - Update SafeModeStatus from SafeModeStatus{safeModeStatus=true, preCheckPassed=true} to SafeModeStatus{safeModeStatus=false, preCheckPassed=true}.
2024-08-06 06:55:36,899 [EventQueue-OpenPipelineForHealthyPipelineSafeModeRule] INFO  pipeline.BackgroundPipelineCreator (BackgroundPipelineCreator.java:notifyStatusChanged(258)) - Service BackgroundPipelineCreator transitions to RUNNING.
2024-08-06 06:55:36,899 [EventQueue-OpenPipelineForHealthyPipelineSafeModeRule] INFO  BackgroundPipelineScrubber (BackgroundSCMService.java:notifyStatusChanged(79)) - Service BackgroundPipelineScrubber transitions to RUNNING.
2024-08-06 06:55:36,899 [EventQueue-OpenPipelineForHealthyPipelineSafeModeRule] INFO  ExpiredContainerReplicaOpScrubber (BackgroundSCMService.java:notifyStatusChanged(79)) - Service ExpiredContainerReplicaOpScrubber transitions to RUNNING.
2024-08-06 06:55:36,899 [EventQueue-OpenPipelineForHealthyPipelineSafeModeRule] INFO  block.SCMBlockDeletingService (SCMBlockDeletingService.java:notifyStatusChanged(247)) - notifyStatusChanged:RUNNING
2024-08-06 06:55:36,899 [EventQueue-OpenPipelineForHealthyPipelineSafeModeRule] INFO  replication.ReplicationManager (ReplicationManager.java:notifyStatusChanged(1406)) - Service ReplicationManager transitions to RUNNING.
2024-08-06 06:55:36,899 [EventQueue-OpenPipelineForHealthyPipelineSafeModeRule] WARN  balancer.ContainerBalancer (ContainerBalancer.java:shouldRun(136)) - Could not find persisted configuration for ContainerBalancer when checking if ContainerBalancer should run. ContainerBalancer should not run now.
2024-08-06 06:55:36,901 [4d58d409-0470-47bf-8499-813befc157d5@group-B32E95555238-LeaderElection50] INFO  server.RaftServer$Division (ServerState.java:setRaftConf(386)) - 4d58d409-0470-47bf-8499-813befc157d5@group-B32E95555238: set configuration conf: {index: 0, cur=peers:[701c4ea6-6f91-4e49-a6f7-7c8a32a91528|127.0.0.1:15275, 4d58d409-0470-47bf-8499-813befc157d5|127.0.0.1:15266, 2c741729-621d-48c8-a79f-44c82515a6f1|127.0.0.1:15257]|listeners:[], old=null}
2024-08-06 06:55:36,907 [2c741729-621d-48c8-a79f-44c82515a6f1-server-thread1] INFO  ratis.XceiverServerRatis (XceiverServerRatis.java:handleLeaderChangedNotification(947)) - Leader change notification received for group: group-B32E95555238 with new leaderId: 4d58d409-0470-47bf-8499-813befc157d5
2024-08-06 06:55:36,908 [4d58d409-0470-47bf-8499-813befc157d5@group-B32E95555238-SegmentedRaftLogWorker] INFO  segmented.SegmentedRaftLogWorker (SegmentedRaftLogWorker.java:execute(637)) - 4d58d409-0470-47bf-8499-813befc157d5@group-B32E95555238-SegmentedRaftLogWorker: created new log segment /home/runner/work/ozone/ozone/hadoop-ozone/integration-test/target/test-dir/MiniOzoneClusterImpl-0b493811-7be1-4111-9212-de561dacad59/ozone-meta/datanode-2/ratis/d56401b9-9b2b-452d-b2e1-b32e95555238/current/log_inprogress_0
2024-08-06 06:55:36,909 [2c741729-621d-48c8-a79f-44c82515a6f1-server-thread1] INFO  server.RaftServer$Division (ServerState.java:setLeader(272)) - 2c741729-621d-48c8-a79f-44c82515a6f1@group-B32E95555238: change Leader from null to 4d58d409-0470-47bf-8499-813befc157d5 at term 1 for appendEntries, leader elected after 5196ms
2024-08-06 06:55:36,912 [701c4ea6-6f91-4e49-a6f7-7c8a32a91528-server-thread1] INFO  ratis.XceiverServerRatis (XceiverServerRatis.java:handleLeaderChangedNotification(947)) - Leader change notification received for group: group-B32E95555238 with new leaderId: 4d58d409-0470-47bf-8499-813befc157d5
2024-08-06 06:55:36,912 [701c4ea6-6f91-4e49-a6f7-7c8a32a91528-server-thread1] INFO  server.RaftServer$Division (ServerState.java:setLeader(272)) - 701c4ea6-6f91-4e49-a6f7-7c8a32a91528@group-B32E95555238: change Leader from null to 4d58d409-0470-47bf-8499-813befc157d5 at term 1 for appendEntries, leader elected after 5175ms
2024-08-06 06:55:36,912 [701c4ea6-6f91-4e49-a6f7-7c8a32a91528-server-thread2] INFO  server.RaftServer$Division (ServerState.java:setRaftConf(386)) - 701c4ea6-6f91-4e49-a6f7-7c8a32a91528@group-B32E95555238: set configuration conf: {index: 0, cur=peers:[701c4ea6-6f91-4e49-a6f7-7c8a32a91528|127.0.0.1:15275, 4d58d409-0470-47bf-8499-813befc157d5|127.0.0.1:15266, 2c741729-621d-48c8-a79f-44c82515a6f1|127.0.0.1:15257]|listeners:[], old=null}
2024-08-06 06:55:36,912 [2c741729-621d-48c8-a79f-44c82515a6f1-server-thread2] INFO  server.RaftServer$Division (ServerState.java:setRaftConf(386)) - 2c741729-621d-48c8-a79f-44c82515a6f1@group-B32E95555238: set configuration conf: {index: 0, cur=peers:[701c4ea6-6f91-4e49-a6f7-7c8a32a91528|127.0.0.1:15275, 4d58d409-0470-47bf-8499-813befc157d5|127.0.0.1:15266, 2c741729-621d-48c8-a79f-44c82515a6f1|127.0.0.1:15257]|listeners:[], old=null}
2024-08-06 06:55:36,913 [2c741729-621d-48c8-a79f-44c82515a6f1-server-thread2] INFO  segmented.SegmentedRaftLogWorker (SegmentedRaftLogWorker.java:startLogSegment(433)) - 2c741729-621d-48c8-a79f-44c82515a6f1@group-B32E95555238-SegmentedRaftLogWorker: Starting segment from index:0
2024-08-06 06:55:36,913 [2c741729-621d-48c8-a79f-44c82515a6f1@group-B32E95555238-SegmentedRaftLogWorker] INFO  segmented.BufferedWriteChannel (BufferedWriteChannel.java:open(61)) - open log_inprogress_0 at position 0
2024-08-06 06:55:36,912 [701c4ea6-6f91-4e49-a6f7-7c8a32a91528-server-thread2] INFO  segmented.SegmentedRaftLogWorker (SegmentedRaftLogWorker.java:startLogSegment(433)) - 701c4ea6-6f91-4e49-a6f7-7c8a32a91528@group-B32E95555238-SegmentedRaftLogWorker: Starting segment from index:0
2024-08-06 06:55:36,917 [701c4ea6-6f91-4e49-a6f7-7c8a32a91528@group-B32E95555238-SegmentedRaftLogWorker] INFO  segmented.BufferedWriteChannel (BufferedWriteChannel.java:open(61)) - open log_inprogress_0 at position 0
2024-08-06 06:55:36,927 [2c741729-621d-48c8-a79f-44c82515a6f1@group-B32E95555238-SegmentedRaftLogWorker] INFO  segmented.SegmentedRaftLogWorker (SegmentedRaftLogWorker.java:execute(637)) - 2c741729-621d-48c8-a79f-44c82515a6f1@group-B32E95555238-SegmentedRaftLogWorker: created new log segment /home/runner/work/ozone/ozone/hadoop-ozone/integration-test/target/test-dir/MiniOzoneClusterImpl-0b493811-7be1-4111-9212-de561dacad59/ozone-meta/datanode-1/ratis/d56401b9-9b2b-452d-b2e1-b32e95555238/current/log_inprogress_0
2024-08-06 06:55:36,928 [701c4ea6-6f91-4e49-a6f7-7c8a32a91528@group-B32E95555238-SegmentedRaftLogWorker] INFO  segmented.SegmentedRaftLogWorker (SegmentedRaftLogWorker.java:execute(637)) - 701c4ea6-6f91-4e49-a6f7-7c8a32a91528@group-B32E95555238-SegmentedRaftLogWorker: created new log segment /home/runner/work/ozone/ozone/hadoop-ozone/integration-test/target/test-dir/MiniOzoneClusterImpl-0b493811-7be1-4111-9212-de561dacad59/ozone-meta/datanode-3/ratis/d56401b9-9b2b-452d-b2e1-b32e95555238/current/log_inprogress_0
2024-08-06 06:55:36,930 [4d58d409-0470-47bf-8499-813befc157d5@group-B32E95555238-StateMachineUpdater] INFO  server.RaftServer$Division (LeaderStateImpl.java:checkStartIndex(316)) - Leader 4d58d409-0470-47bf-8499-813befc157d5@group-B32E95555238-LeaderStateImpl is ready since appliedIndex == startIndex == 0
2024-08-06 06:55:36,935 [2c741729-621d-48c8-a79f-44c82515a6f1@group-DAE9A42C1D5C-FollowerState] INFO  impl.FollowerState (FollowerState.java:run(144)) - 2c741729-621d-48c8-a79f-44c82515a6f1@group-DAE9A42C1D5C-FollowerState: change to CANDIDATE, lastRpcElapsedTime:5146172527ns, electionTimeout:5142ms
2024-08-06 06:55:36,935 [2c741729-621d-48c8-a79f-44c82515a6f1@group-DAE9A42C1D5C-FollowerState] INFO  impl.RoleInfo (RoleInfo.java:shutdownFollowerState(119)) - 2c741729-621d-48c8-a79f-44c82515a6f1: shutdown 2c741729-621d-48c8-a79f-44c82515a6f1@group-DAE9A42C1D5C-FollowerState
2024-08-06 06:55:36,935 [2c741729-621d-48c8-a79f-44c82515a6f1@group-DAE9A42C1D5C-FollowerState] INFO  server.RaftServer$Division (RaftServerImpl.java:setRole(376)) - 2c741729-621d-48c8-a79f-44c82515a6f1@group-DAE9A42C1D5C: changes role from  FOLLOWER to CANDIDATE at term 0 for changeToCandidate
2024-08-06 06:55:36,935 [2c741729-621d-48c8-a79f-44c82515a6f1@group-DAE9A42C1D5C-FollowerState] INFO  server.RaftServerConfigKeys (ConfUtils.java:logGet(46)) - raft.server.leaderelection.pre-vote = true (default)
2024-08-06 06:55:36,935 [2c741729-621d-48c8-a79f-44c82515a6f1@group-DAE9A42C1D5C-FollowerState] INFO  impl.RoleInfo (RoleInfo.java:updateAndGet(148)) - 2c741729-621d-48c8-a79f-44c82515a6f1: start 2c741729-621d-48c8-a79f-44c82515a6f1@group-DAE9A42C1D5C-LeaderElection51
2024-08-06 06:55:36,936 [2c741729-621d-48c8-a79f-44c82515a6f1@group-DAE9A42C1D5C-LeaderElection51] INFO  impl.LeaderElection (LeaderElection.java:askForVotes(321)) - 2c741729-621d-48c8-a79f-44c82515a6f1@group-DAE9A42C1D5C-LeaderElection51 PRE_VOTE round 0: submit vote requests at term 0 for conf: {index: -1, cur=peers:[701c4ea6-6f91-4e49-a6f7-7c8a32a91528|127.0.0.1:15275, 4d58d409-0470-47bf-8499-813befc157d5|127.0.0.1:15266, 2c741729-621d-48c8-a79f-44c82515a6f1|127.0.0.1:15257]|listeners:[], old=null}
2024-08-06 06:55:36,941 [2c741729-621d-48c8-a79f-44c82515a6f1@group-DAE9A42C1D5C-LeaderElection51-1] INFO  server.GrpcServerProtocolClient (GrpcServerProtocolClient.java:<init>(65)) - Build channel for 701c4ea6-6f91-4e49-a6f7-7c8a32a91528|127.0.0.1:15275
2024-08-06 06:55:36,941 [2c741729-621d-48c8-a79f-44c82515a6f1@group-DAE9A42C1D5C-LeaderElection51] INFO  server.RaftServerConfigKeys (ConfUtils.java:logFallback(53)) - raft.server.rpc.first-election.timeout.min = 5s (fallback to raft.server.rpc.timeout.min)
2024-08-06 06:55:36,941 [2c741729-621d-48c8-a79f-44c82515a6f1@group-DAE9A42C1D5C-LeaderElection51] INFO  server.RaftServerConfigKeys (ConfUtils.java:logFallback(53)) - raft.server.rpc.first-election.timeout.max = 5200ms (fallback to raft.server.rpc.timeout.max)
2024-08-06 06:55:36,941 [2c741729-621d-48c8-a79f-44c82515a6f1@group-DAE9A42C1D5C-LeaderElection51-2] INFO  server.GrpcServerProtocolClient (GrpcServerProtocolClient.java:<init>(65)) - Build channel for 4d58d409-0470-47bf-8499-813befc157d5|127.0.0.1:15266
2024-08-06 06:55:36,944 [grpc-default-executor-4] INFO  server.RaftServer$Division (RaftServerImpl.java:requestVote(1416)) - 701c4ea6-6f91-4e49-a6f7-7c8a32a91528@group-DAE9A42C1D5C: receive requestVote(PRE_VOTE, 2c741729-621d-48c8-a79f-44c82515a6f1, group-DAE9A42C1D5C, 0, (t:0, i:0))
2024-08-06 06:55:36,944 [grpc-default-executor-7] INFO  server.RaftServer$Division (RaftServerImpl.java:requestVote(1416)) - 4d58d409-0470-47bf-8499-813befc157d5@group-DAE9A42C1D5C: receive requestVote(PRE_VOTE, 2c741729-621d-48c8-a79f-44c82515a6f1, group-DAE9A42C1D5C, 0, (t:0, i:0))
2024-08-06 06:55:36,945 [grpc-default-executor-4] INFO  impl.VoteContext (VoteContext.java:log(49)) - 701c4ea6-6f91-4e49-a6f7-7c8a32a91528@group-DAE9A42C1D5C-FOLLOWER: accept PRE_VOTE from 2c741729-621d-48c8-a79f-44c82515a6f1: our priority 0 <= candidate's priority 1
2024-08-06 06:55:36,945 [grpc-default-executor-7] INFO  impl.VoteContext (VoteContext.java:log(49)) - 4d58d409-0470-47bf-8499-813befc157d5@group-DAE9A42C1D5C-FOLLOWER: accept PRE_VOTE from 2c741729-621d-48c8-a79f-44c82515a6f1: our priority 0 <= candidate's priority 1
2024-08-06 06:55:36,945 [grpc-default-executor-4] INFO  server.RaftServer$Division (RaftServerImpl.java:requestVote(1449)) - 701c4ea6-6f91-4e49-a6f7-7c8a32a91528@group-DAE9A42C1D5C replies to PRE_VOTE vote request: 2c741729-621d-48c8-a79f-44c82515a6f1<-701c4ea6-6f91-4e49-a6f7-7c8a32a91528#0:OK-t0. Peer's state: 701c4ea6-6f91-4e49-a6f7-7c8a32a91528@group-DAE9A42C1D5C:t0, leader=null, voted=, raftlog=Memoized:701c4ea6-6f91-4e49-a6f7-7c8a32a91528@group-DAE9A42C1D5C-SegmentedRaftLog:OPENED:c-1:lastnull, conf=conf: {index: -1, cur=peers:[701c4ea6-6f91-4e49-a6f7-7c8a32a91528|127.0.0.1:15275, 4d58d409-0470-47bf-8499-813befc157d5|127.0.0.1:15266, 2c741729-621d-48c8-a79f-44c82515a6f1|127.0.0.1:15257]|listeners:[], old=null}
2024-08-06 06:55:36,945 [grpc-default-executor-7] INFO  server.RaftServer$Division (RaftServerImpl.java:requestVote(1449)) - 4d58d409-0470-47bf-8499-813befc157d5@group-DAE9A42C1D5C replies to PRE_VOTE vote request: 2c741729-621d-48c8-a79f-44c82515a6f1<-4d58d409-0470-47bf-8499-813befc157d5#0:OK-t0. Peer's state: 4d58d409-0470-47bf-8499-813befc157d5@group-DAE9A42C1D5C:t0, leader=null, voted=, raftlog=Memoized:4d58d409-0470-47bf-8499-813befc157d5@group-DAE9A42C1D5C-SegmentedRaftLog:OPENED:c-1:lastnull, conf=conf: {index: -1, cur=peers:[701c4ea6-6f91-4e49-a6f7-7c8a32a91528|127.0.0.1:15275, 4d58d409-0470-47bf-8499-813befc157d5|127.0.0.1:15266, 2c741729-621d-48c8-a79f-44c82515a6f1|127.0.0.1:15257]|listeners:[], old=null}
2024-08-06 06:55:36,946 [2c741729-621d-48c8-a79f-44c82515a6f1@group-DAE9A42C1D5C-LeaderElection51] INFO  impl.LeaderElection (LeaderElection.java:logAndReturn(89)) - 2c741729-621d-48c8-a79f-44c82515a6f1@group-DAE9A42C1D5C-LeaderElection51: PRE_VOTE PASSED received 1 response(s) and 0 exception(s):
2024-08-06 06:55:36,946 [2c741729-621d-48c8-a79f-44c82515a6f1@group-DAE9A42C1D5C-LeaderElection51] INFO  impl.LeaderElection (LeaderElection.java:logAndReturn(93)) -   Response 0: 2c741729-621d-48c8-a79f-44c82515a6f1<-4d58d409-0470-47bf-8499-813befc157d5#0:OK-t0
2024-08-06 06:55:36,947 [2c741729-621d-48c8-a79f-44c82515a6f1@group-DAE9A42C1D5C-LeaderElection51] INFO  impl.LeaderElection (LeaderElection.java:askForVotes(323)) - 2c741729-621d-48c8-a79f-44c82515a6f1@group-DAE9A42C1D5C-LeaderElection51 PRE_VOTE round 0: result PASSED
2024-08-06 06:55:36,948 [2c741729-621d-48c8-a79f-44c82515a6f1@group-DAE9A42C1D5C-LeaderElection51] INFO  impl.LeaderElection (LeaderElection.java:askForVotes(321)) - 2c741729-621d-48c8-a79f-44c82515a6f1@group-DAE9A42C1D5C-LeaderElection51 ELECTION round 0: submit vote requests at term 1 for conf: {index: -1, cur=peers:[701c4ea6-6f91-4e49-a6f7-7c8a32a91528|127.0.0.1:15275, 4d58d409-0470-47bf-8499-813befc157d5|127.0.0.1:15266, 2c741729-621d-48c8-a79f-44c82515a6f1|127.0.0.1:15257]|listeners:[], old=null}
2024-08-06 06:55:36,949 [2c741729-621d-48c8-a79f-44c82515a6f1@group-DAE9A42C1D5C-LeaderElection51] INFO  server.RaftServerConfigKeys (ConfUtils.java:logFallback(53)) - raft.server.rpc.first-election.timeout.min = 5s (fallback to raft.server.rpc.timeout.min)
2024-08-06 06:55:36,949 [2c741729-621d-48c8-a79f-44c82515a6f1@group-DAE9A42C1D5C-LeaderElection51] INFO  server.RaftServerConfigKeys (ConfUtils.java:logFallback(53)) - raft.server.rpc.first-election.timeout.max = 5200ms (fallback to raft.server.rpc.timeout.max)
2024-08-06 06:55:36,949 [grpc-default-executor-7] INFO  server.RaftServer$Division (RaftServerImpl.java:requestVote(1416)) - 701c4ea6-6f91-4e49-a6f7-7c8a32a91528@group-DAE9A42C1D5C: receive requestVote(ELECTION, 2c741729-621d-48c8-a79f-44c82515a6f1, group-DAE9A42C1D5C, 1, (t:0, i:0))
2024-08-06 06:55:36,949 [grpc-default-executor-7] INFO  impl.VoteContext (VoteContext.java:log(49)) - 701c4ea6-6f91-4e49-a6f7-7c8a32a91528@group-DAE9A42C1D5C-FOLLOWER: accept ELECTION from 2c741729-621d-48c8-a79f-44c82515a6f1: our priority 0 <= candidate's priority 1
2024-08-06 06:55:36,949 [grpc-default-executor-7] INFO  server.RaftServer$Division (RaftServerImpl.java:setRole(376)) - 701c4ea6-6f91-4e49-a6f7-7c8a32a91528@group-DAE9A42C1D5C: changes role from  FOLLOWER to FOLLOWER at term 1 for candidate:2c741729-621d-48c8-a79f-44c82515a6f1
2024-08-06 06:55:36,949 [grpc-default-executor-7] INFO  impl.RoleInfo (RoleInfo.java:shutdownFollowerState(119)) - 701c4ea6-6f91-4e49-a6f7-7c8a32a91528: shutdown 701c4ea6-6f91-4e49-a6f7-7c8a32a91528@group-DAE9A42C1D5C-FollowerState
2024-08-06 06:55:36,949 [grpc-default-executor-7] INFO  impl.RoleInfo (RoleInfo.java:updateAndGet(148)) - 701c4ea6-6f91-4e49-a6f7-7c8a32a91528: start 701c4ea6-6f91-4e49-a6f7-7c8a32a91528@group-DAE9A42C1D5C-FollowerState
2024-08-06 06:55:36,950 [701c4ea6-6f91-4e49-a6f7-7c8a32a91528@group-DAE9A42C1D5C-FollowerState] INFO  impl.FollowerState (FollowerState.java:run(153)) - 701c4ea6-6f91-4e49-a6f7-7c8a32a91528@group-DAE9A42C1D5C-FollowerState was interrupted
2024-08-06 06:55:36,950 [grpc-default-executor-7] INFO  server.RaftServer$Division (RaftServerImpl.java:setFirstElection(549)) - 701c4ea6-6f91-4e49-a6f7-7c8a32a91528@group-DAE9A42C1D5C: set firstElectionSinceStartup to false for candidate:2c741729-621d-48c8-a79f-44c82515a6f1
2024-08-06 06:55:36,950 [grpc-default-executor-4] INFO  server.RaftServer$Division (RaftServerImpl.java:requestVote(1416)) - 4d58d409-0470-47bf-8499-813befc157d5@group-DAE9A42C1D5C: receive requestVote(ELECTION, 2c741729-621d-48c8-a79f-44c82515a6f1, group-DAE9A42C1D5C, 1, (t:0, i:0))
2024-08-06 06:55:36,950 [grpc-default-executor-4] INFO  impl.VoteContext (VoteContext.java:log(49)) - 4d58d409-0470-47bf-8499-813befc157d5@group-DAE9A42C1D5C-FOLLOWER: accept ELECTION from 2c741729-621d-48c8-a79f-44c82515a6f1: our priority 0 <= candidate's priority 1
2024-08-06 06:55:36,950 [grpc-default-executor-4] INFO  server.RaftServer$Division (RaftServerImpl.java:setRole(376)) - 4d58d409-0470-47bf-8499-813befc157d5@group-DAE9A42C1D5C: changes role from  FOLLOWER to FOLLOWER at term 1 for candidate:2c741729-621d-48c8-a79f-44c82515a6f1
2024-08-06 06:55:36,950 [grpc-default-executor-4] INFO  impl.RoleInfo (RoleInfo.java:shutdownFollowerState(119)) - 4d58d409-0470-47bf-8499-813befc157d5: shutdown 4d58d409-0470-47bf-8499-813befc157d5@group-DAE9A42C1D5C-FollowerState
2024-08-06 06:55:36,950 [grpc-default-executor-4] INFO  impl.RoleInfo (RoleInfo.java:updateAndGet(148)) - 4d58d409-0470-47bf-8499-813befc157d5: start 4d58d409-0470-47bf-8499-813befc157d5@group-DAE9A42C1D5C-FollowerState
2024-08-06 06:55:36,950 [4d58d409-0470-47bf-8499-813befc157d5@group-DAE9A42C1D5C-FollowerState] INFO  impl.FollowerState (FollowerState.java:run(153)) - 4d58d409-0470-47bf-8499-813befc157d5@group-DAE9A42C1D5C-FollowerState was interrupted
2024-08-06 06:55:36,951 [grpc-default-executor-4] INFO  server.RaftServer$Division (RaftServerImpl.java:setFirstElection(549)) - 4d58d409-0470-47bf-8499-813befc157d5@group-DAE9A42C1D5C: set firstElectionSinceStartup to false for candidate:2c741729-621d-48c8-a79f-44c82515a6f1
2024-08-06 06:55:36,951 [grpc-default-executor-7] INFO  server.RaftServer$Division (RaftServerImpl.java:requestVote(1449)) - 701c4ea6-6f91-4e49-a6f7-7c8a32a91528@group-DAE9A42C1D5C replies to ELECTION vote request: 2c741729-621d-48c8-a79f-44c82515a6f1<-701c4ea6-6f91-4e49-a6f7-7c8a32a91528#0:OK-t1. Peer's state: 701c4ea6-6f91-4e49-a6f7-7c8a32a91528@group-DAE9A42C1D5C:t1, leader=null, voted=2c741729-621d-48c8-a79f-44c82515a6f1, raftlog=Memoized:701c4ea6-6f91-4e49-a6f7-7c8a32a91528@group-DAE9A42C1D5C-SegmentedRaftLog:OPENED:c-1:lastnull, conf=conf: {index: -1, cur=peers:[701c4ea6-6f91-4e49-a6f7-7c8a32a91528|127.0.0.1:15275, 4d58d409-0470-47bf-8499-813befc157d5|127.0.0.1:15266, 2c741729-621d-48c8-a79f-44c82515a6f1|127.0.0.1:15257]|listeners:[], old=null}
2024-08-06 06:55:36,952 [2c741729-621d-48c8-a79f-44c82515a6f1@group-DAE9A42C1D5C-LeaderElection51] INFO  impl.LeaderElection (LeaderElection.java:logAndReturn(89)) - 2c741729-621d-48c8-a79f-44c82515a6f1@group-DAE9A42C1D5C-LeaderElection51: ELECTION PASSED received 1 response(s) and 0 exception(s):
2024-08-06 06:55:36,952 [2c741729-621d-48c8-a79f-44c82515a6f1@group-DAE9A42C1D5C-LeaderElection51] INFO  impl.LeaderElection (LeaderElection.java:logAndReturn(93)) -   Response 0: 2c741729-621d-48c8-a79f-44c82515a6f1<-701c4ea6-6f91-4e49-a6f7-7c8a32a91528#0:OK-t1
2024-08-06 06:55:36,952 [2c741729-621d-48c8-a79f-44c82515a6f1@group-DAE9A42C1D5C-LeaderElection51] INFO  impl.LeaderElection (LeaderElection.java:askForVotes(323)) - 2c741729-621d-48c8-a79f-44c82515a6f1@group-DAE9A42C1D5C-LeaderElection51 ELECTION round 0: result PASSED
2024-08-06 06:55:36,952 [2c741729-621d-48c8-a79f-44c82515a6f1@group-DAE9A42C1D5C-LeaderElection51] INFO  impl.RoleInfo (RoleInfo.java:shutdownLeaderElection(139)) - 2c741729-621d-48c8-a79f-44c82515a6f1: shutdown 2c741729-621d-48c8-a79f-44c82515a6f1@group-DAE9A42C1D5C-LeaderElection51
2024-08-06 06:55:36,952 [2c741729-621d-48c8-a79f-44c82515a6f1@group-DAE9A42C1D5C-LeaderElection51] INFO  server.RaftServer$Division (RaftServerImpl.java:setRole(376)) - 2c741729-621d-48c8-a79f-44c82515a6f1@group-DAE9A42C1D5C: changes role from CANDIDATE to LEADER at term 1 for changeToLeader
2024-08-06 06:55:36,952 [2c741729-621d-48c8-a79f-44c82515a6f1@group-DAE9A42C1D5C-LeaderElection51] INFO  server.RaftServerConfigKeys (ConfUtils.java:logGet(46)) - raft.server.staging.catchup.gap = 1000 (default)
2024-08-06 06:55:36,953 [2c741729-621d-48c8-a79f-44c82515a6f1@group-DAE9A42C1D5C-LeaderElection51] INFO  server.RaftServerConfigKeys (ConfUtils.java:logGet(46)) - raft.server.write.element-limit = 1024 (custom)
2024-08-06 06:55:36,953 [2c741729-621d-48c8-a79f-44c82515a6f1@group-DAE9A42C1D5C-LeaderElection51] INFO  server.RaftServerConfigKeys (ConfUtils.java:logGet(46)) - raft.server.write.byte-limit = 1024 M (=1073741824) (custom)
2024-08-06 06:55:36,953 [2c741729-621d-48c8-a79f-44c82515a6f1@group-DAE9A42C1D5C-LeaderElection51] INFO  server.RaftServerConfigKeys (ConfUtils.java:logGet(46)) - raft.server.watch.timeout = 30s (custom)
2024-08-06 06:55:36,953 [2c741729-621d-48c8-a79f-44c82515a6f1@group-DAE9A42C1D5C-LeaderElection51] INFO  server.RaftServerConfigKeys (ConfUtils.java:logGet(46)) - raft.server.watch.timeout.denomination = 1s (default)
2024-08-06 06:55:36,952 [grpc-default-executor-4] INFO  server.RaftServer$Division (RaftServerImpl.java:requestVote(1449)) - 4d58d409-0470-47bf-8499-813befc157d5@group-DAE9A42C1D5C replies to ELECTION vote request: 2c741729-621d-48c8-a79f-44c82515a6f1<-4d58d409-0470-47bf-8499-813befc157d5#0:OK-t1. Peer's state: 4d58d409-0470-47bf-8499-813befc157d5@group-DAE9A42C1D5C:t1, leader=null, voted=2c741729-621d-48c8-a79f-44c82515a6f1, raftlog=Memoized:4d58d409-0470-47bf-8499-813befc157d5@group-DAE9A42C1D5C-SegmentedRaftLog:OPENED:c-1:lastnull, conf=conf: {index: -1, cur=peers:[701c4ea6-6f91-4e49-a6f7-7c8a32a91528|127.0.0.1:15275, 4d58d409-0470-47bf-8499-813befc157d5|127.0.0.1:15266, 2c741729-621d-48c8-a79f-44c82515a6f1|127.0.0.1:15257]|listeners:[], old=null}
2024-08-06 06:55:36,953 [2c741729-621d-48c8-a79f-44c82515a6f1@group-DAE9A42C1D5C-LeaderElection51] INFO  server.RaftServerConfigKeys (ConfUtils.java:logGet(46)) - raft.server.watch.element-limit = 65536 (default)
2024-08-06 06:55:36,953 [2c741729-621d-48c8-a79f-44c82515a6f1@group-DAE9A42C1D5C-LeaderElection51] INFO  server.RaftServerConfigKeys (ConfUtils.java:logGet(46)) - raft.server.read.leader.lease.enabled = false (default)
2024-08-06 06:55:36,953 [2c741729-621d-48c8-a79f-44c82515a6f1@group-DAE9A42C1D5C-LeaderElection51] INFO  server.RaftServerConfigKeys (ConfUtils.java:logGet(46)) - raft.server.read.leader.lease.timeout.ratio = 0.9 (default)
2024-08-06 06:55:36,953 [2c741729-621d-48c8-a79f-44c82515a6f1@group-DAE9A42C1D5C-LeaderElection51] INFO  server.RaftServerConfigKeys (ConfUtils.java:logGet(46)) - raft.server.rpc.timeout.min = 5s (custom)
2024-08-06 06:55:36,953 [2c741729-621d-48c8-a79f-44c82515a6f1@group-DAE9A42C1D5C-LeaderElection51] INFO  server.RaftServerConfigKeys (ConfUtils.java:logGet(46)) - raft.server.log.log-metadata.enabled = true (default)
2024-08-06 06:55:36,953 [2c741729-621d-48c8-a79f-44c82515a6f1@group-DAE9A42C1D5C-LeaderElection51] INFO  server.RaftServerConfigKeys (ConfUtils.java:logGet(46)) - raft.server.write.element-limit = 1024 (custom)
2024-08-06 06:55:36,953 [2c741729-621d-48c8-a79f-44c82515a6f1@group-DAE9A42C1D5C-LeaderElection51] INFO  server.RaftServerConfigKeys (ConfUtils.java:logGet(46)) - raft.server.write.follower.gap.ratio.max = -1.0 (default)
2024-08-06 06:55:36,954 [2c741729-621d-48c8-a79f-44c82515a6f1@group-DAE9A42C1D5C-LeaderElection51] INFO  server.RaftServerConfigKeys (ConfUtils.java:logGet(46)) - raft.server.log.appender.snapshot.chunk.size.max = 16MB (=16777216) (default)
2024-08-06 06:55:36,954 [2c741729-621d-48c8-a79f-44c82515a6f1@group-DAE9A42C1D5C-LeaderElection51] INFO  server.RaftServerConfigKeys (ConfUtils.java:logGet(46)) - raft.server.log.appender.buffer.byte-limit = 8388608 (custom)
2024-08-06 06:55:36,954 [2c741729-621d-48c8-a79f-44c82515a6f1@group-DAE9A42C1D5C-LeaderElection51] INFO  server.RaftServerConfigKeys (ConfUtils.java:logGet(46)) - raft.server.log.appender.buffer.element-limit = 1024 (custom)
2024-08-06 06:55:36,954 [2c741729-621d-48c8-a79f-44c82515a6f1@group-DAE9A42C1D5C-LeaderElection51] INFO  server.RaftServerConfigKeys (ConfUtils.java:logGet(46)) - raft.server.log.appender.wait-time.min = 0μs (custom)
2024-08-06 06:55:36,954 [2c741729-621d-48c8-a79f-44c82515a6f1@group-DAE9A42C1D5C-LeaderElection51] INFO  grpc.GrpcConfigKeys (ConfUtils.java:logGet(46)) - raft.grpc.server.leader.outstanding.appends.max = 8 (default)
2024-08-06 06:55:36,954 [2c741729-621d-48c8-a79f-44c82515a6f1@group-DAE9A42C1D5C-LeaderElection51] INFO  server.RaftServerConfigKeys (ConfUtils.java:logGet(46)) - raft.server.rpc.request.timeout = 60s (custom)
2024-08-06 06:55:36,954 [2c741729-621d-48c8-a79f-44c82515a6f1@group-DAE9A42C1D5C-LeaderElection51] INFO  grpc.GrpcConfigKeys (ConfUtils.java:logGet(46)) - raft.grpc.server.install_snapshot.request.element-limit = 8 (default)
2024-08-06 06:55:36,954 [2c741729-621d-48c8-a79f-44c82515a6f1@group-DAE9A42C1D5C-LeaderElection51] INFO  grpc.GrpcConfigKeys (ConfUtils.java:logGet(46)) - raft.grpc.server.install_snapshot.request.timeout = 3000ms (default)
2024-08-06 06:55:36,954 [2c741729-621d-48c8-a79f-44c82515a6f1@group-DAE9A42C1D5C-LeaderElection51] INFO  grpc.GrpcConfigKeys (ConfUtils.java:logGet(46)) - raft.grpc.server.log-message.batch.duration = 5s (default)
2024-08-06 06:55:36,954 [2c741729-621d-48c8-a79f-44c82515a6f1@group-DAE9A42C1D5C-LeaderElection51] INFO  server.RaftServerConfigKeys (ConfUtils.java:logGet(46)) - raft.server.log.appender.install.snapshot.enabled = false (custom)
2024-08-06 06:55:36,954 [2c741729-621d-48c8-a79f-44c82515a6f1@group-DAE9A42C1D5C-LeaderElection51] INFO  grpc.GrpcConfigKeys (ConfUtils.java:logGet(46)) - raft.grpc.server.heartbeat.channel = true (default)
2024-08-06 06:55:36,955 [2c741729-621d-48c8-a79f-44c82515a6f1@group-DAE9A42C1D5C-LeaderElection51] INFO  server.RaftServerConfigKeys (ConfUtils.java:logGet(46)) - raft.server.log.appender.snapshot.chunk.size.max = 16MB (=16777216) (default)
2024-08-06 06:55:36,955 [2c741729-621d-48c8-a79f-44c82515a6f1@group-DAE9A42C1D5C-LeaderElection51] INFO  server.RaftServerConfigKeys (ConfUtils.java:logGet(46)) - raft.server.log.appender.buffer.byte-limit = 8388608 (custom)
2024-08-06 06:55:36,955 [2c741729-621d-48c8-a79f-44c82515a6f1@group-DAE9A42C1D5C-LeaderElection51] INFO  server.RaftServerConfigKeys (ConfUtils.java:logGet(46)) - raft.server.log.appender.buffer.element-limit = 1024 (custom)
2024-08-06 06:55:36,955 [2c741729-621d-48c8-a79f-44c82515a6f1@group-DAE9A42C1D5C-LeaderElection51] INFO  server.RaftServerConfigKeys (ConfUtils.java:logGet(46)) - raft.server.log.appender.wait-time.min = 0μs (custom)
2024-08-06 06:55:36,955 [2c741729-621d-48c8-a79f-44c82515a6f1@group-DAE9A42C1D5C-LeaderElection51] INFO  grpc.GrpcConfigKeys (ConfUtils.java:logGet(46)) - raft.grpc.server.leader.outstanding.appends.max = 8 (default)
2024-08-06 06:55:36,955 [2c741729-621d-48c8-a79f-44c82515a6f1@group-DAE9A42C1D5C-LeaderElection51] INFO  server.RaftServerConfigKeys (ConfUtils.java:logGet(46)) - raft.server.rpc.request.timeout = 60s (custom)
2024-08-06 06:55:36,955 [2c741729-621d-48c8-a79f-44c82515a6f1@group-DAE9A42C1D5C-LeaderElection51] INFO  grpc.GrpcConfigKeys (ConfUtils.java:logGet(46)) - raft.grpc.server.install_snapshot.request.element-limit = 8 (default)
2024-08-06 06:55:36,955 [2c741729-621d-48c8-a79f-44c82515a6f1@group-DAE9A42C1D5C-LeaderElection51] INFO  grpc.GrpcConfigKeys (ConfUtils.java:logGet(46)) - raft.grpc.server.install_snapshot.request.timeout = 3000ms (default)
2024-08-06 06:55:36,955 [2c741729-621d-48c8-a79f-44c82515a6f1@group-DAE9A42C1D5C-LeaderElection51] INFO  grpc.GrpcConfigKeys (ConfUtils.java:logGet(46)) - raft.grpc.server.log-message.batch.duration = 5s (default)
2024-08-06 06:55:36,955 [2c741729-621d-48c8-a79f-44c82515a6f1@group-DAE9A42C1D5C-LeaderElection51] INFO  server.RaftServerConfigKeys (ConfUtils.java:logGet(46)) - raft.server.log.appender.install.snapshot.enabled = false (custom)
2024-08-06 06:55:36,955 [2c741729-621d-48c8-a79f-44c82515a6f1@group-DAE9A42C1D5C-LeaderElection51] INFO  grpc.GrpcConfigKeys (ConfUtils.java:logGet(46)) - raft.grpc.server.heartbeat.channel = true (default)
2024-08-06 06:55:36,955 [2c741729-621d-48c8-a79f-44c82515a6f1@group-DAE9A42C1D5C-LeaderElection51] INFO  impl.RoleInfo (RoleInfo.java:updateAndGet(148)) - 2c741729-621d-48c8-a79f-44c82515a6f1: start 2c741729-621d-48c8-a79f-44c82515a6f1@group-DAE9A42C1D5C-LeaderStateImpl
2024-08-06 06:55:36,955 [2c741729-621d-48c8-a79f-44c82515a6f1@group-DAE9A42C1D5C-LeaderElection51] INFO  server.RaftServer$Division (RaftServerImpl.java:setFirstElection(549)) - 2c741729-621d-48c8-a79f-44c82515a6f1@group-DAE9A42C1D5C: set firstElectionSinceStartup to false for becomeLeader
2024-08-06 06:55:36,955 [2c741729-621d-48c8-a79f-44c82515a6f1@group-DAE9A42C1D5C-LeaderElection51] INFO  ratis.XceiverServerRatis (XceiverServerRatis.java:handleLeaderChangedNotification(947)) - Leader change notification received for group: group-DAE9A42C1D5C with new leaderId: 2c741729-621d-48c8-a79f-44c82515a6f1
2024-08-06 06:55:36,955 [2c741729-621d-48c8-a79f-44c82515a6f1@group-DAE9A42C1D5C-LeaderElection51] INFO  server.RaftServer$Division (ServerState.java:setLeader(272)) - 2c741729-621d-48c8-a79f-44c82515a6f1@group-DAE9A42C1D5C: change Leader from null to 2c741729-621d-48c8-a79f-44c82515a6f1 at term 1 for becomeLeader, leader elected after 5174ms
2024-08-06 06:55:36,956 [2c741729-621d-48c8-a79f-44c82515a6f1@group-DAE9A42C1D5C-LeaderElection51] INFO  segmented.SegmentedRaftLogWorker (SegmentedRaftLogWorker.java:startLogSegment(433)) - 2c741729-621d-48c8-a79f-44c82515a6f1@group-DAE9A42C1D5C-SegmentedRaftLogWorker: Starting segment from index:0
2024-08-06 06:55:36,956 [2c741729-621d-48c8-a79f-44c82515a6f1@group-DAE9A42C1D5C-SegmentedRaftLogWorker] INFO  segmented.BufferedWriteChannel (BufferedWriteChannel.java:open(61)) - open log_inprogress_0 at position 0
2024-08-06 06:55:36,957 [EventQueue-PipelineReportForPipelineReportHandler] INFO  pipeline.PipelineReportHandler (PipelineReportHandler.java:processPipelineReport(136)) - Opened pipeline PipelineID=04ef4600-2ec6-4caf-bc15-dae9a42c1d5c
2024-08-06 06:55:36,961 [2c741729-621d-48c8-a79f-44c82515a6f1@group-DAE9A42C1D5C-LeaderElection51] INFO  server.RaftServer$Division (ServerState.java:setRaftConf(386)) - 2c741729-621d-48c8-a79f-44c82515a6f1@group-DAE9A42C1D5C: set configuration conf: {index: 0, cur=peers:[701c4ea6-6f91-4e49-a6f7-7c8a32a91528|127.0.0.1:15275, 4d58d409-0470-47bf-8499-813befc157d5|127.0.0.1:15266, 2c741729-621d-48c8-a79f-44c82515a6f1|127.0.0.1:15257]|listeners:[], old=null}
2024-08-06 06:55:36,966 [2c741729-621d-48c8-a79f-44c82515a6f1@group-DAE9A42C1D5C-SegmentedRaftLogWorker] INFO  segmented.SegmentedRaftLogWorker (SegmentedRaftLogWorker.java:execute(637)) - 2c741729-621d-48c8-a79f-44c82515a6f1@group-DAE9A42C1D5C-SegmentedRaftLogWorker: created new log segment /home/runner/work/ozone/ozone/hadoop-ozone/integration-test/target/test-dir/MiniOzoneClusterImpl-0b493811-7be1-4111-9212-de561dacad59/ozone-meta/datanode-1/ratis/04ef4600-2ec6-4caf-bc15-dae9a42c1d5c/current/log_inprogress_0
2024-08-06 06:55:36,968 [701c4ea6-6f91-4e49-a6f7-7c8a32a91528-server-thread1] INFO  ratis.XceiverServerRatis (XceiverServerRatis.java:handleLeaderChangedNotification(947)) - Leader change notification received for group: group-DAE9A42C1D5C with new leaderId: 2c741729-621d-48c8-a79f-44c82515a6f1
2024-08-06 06:55:36,968 [701c4ea6-6f91-4e49-a6f7-7c8a32a91528-server-thread1] INFO  server.RaftServer$Division (ServerState.java:setLeader(272)) - 701c4ea6-6f91-4e49-a6f7-7c8a32a91528@group-DAE9A42C1D5C: change Leader from null to 2c741729-621d-48c8-a79f-44c82515a6f1 at term 1 for appendEntries, leader elected after 5171ms
2024-08-06 06:55:36,968 [701c4ea6-6f91-4e49-a6f7-7c8a32a91528-server-thread1] INFO  server.RaftServer$Division (ServerState.java:setRaftConf(386)) - 701c4ea6-6f91-4e49-a6f7-7c8a32a91528@group-DAE9A42C1D5C: set configuration conf: {index: 0, cur=peers:[701c4ea6-6f91-4e49-a6f7-7c8a32a91528|127.0.0.1:15275, 4d58d409-0470-47bf-8499-813befc157d5|127.0.0.1:15266, 2c741729-621d-48c8-a79f-44c82515a6f1|127.0.0.1:15257]|listeners:[], old=null}
2024-08-06 06:55:36,968 [701c4ea6-6f91-4e49-a6f7-7c8a32a91528-server-thread1] INFO  segmented.SegmentedRaftLogWorker (SegmentedRaftLogWorker.java:startLogSegment(433)) - 701c4ea6-6f91-4e49-a6f7-7c8a32a91528@group-DAE9A42C1D5C-SegmentedRaftLogWorker: Starting segment from index:0
2024-08-06 06:55:36,968 [701c4ea6-6f91-4e49-a6f7-7c8a32a91528@group-DAE9A42C1D5C-SegmentedRaftLogWorker] INFO  segmented.BufferedWriteChannel (BufferedWriteChannel.java:open(61)) - open log_inprogress_0 at position 0
2024-08-06 06:55:36,974 [4d58d409-0470-47bf-8499-813befc157d5-server-thread1] INFO  ratis.XceiverServerRatis (XceiverServerRatis.java:handleLeaderChangedNotification(947)) - Leader change notification received for group: group-DAE9A42C1D5C with new leaderId: 2c741729-621d-48c8-a79f-44c82515a6f1
2024-08-06 06:55:36,974 [4d58d409-0470-47bf-8499-813befc157d5-server-thread1] INFO  server.RaftServer$Division (ServerState.java:setLeader(272)) - 4d58d409-0470-47bf-8499-813befc157d5@group-DAE9A42C1D5C: change Leader from null to 2c741729-621d-48c8-a79f-44c82515a6f1 at term 1 for appendEntries, leader elected after 5157ms
2024-08-06 06:55:36,975 [4d58d409-0470-47bf-8499-813befc157d5-server-thread1] INFO  server.RaftServer$Division (ServerState.java:setRaftConf(386)) - 4d58d409-0470-47bf-8499-813befc157d5@group-DAE9A42C1D5C: set configuration conf: {index: 0, cur=peers:[701c4ea6-6f91-4e49-a6f7-7c8a32a91528|127.0.0.1:15275, 4d58d409-0470-47bf-8499-813befc157d5|127.0.0.1:15266, 2c741729-621d-48c8-a79f-44c82515a6f1|127.0.0.1:15257]|listeners:[], old=null}
2024-08-06 06:55:36,975 [4d58d409-0470-47bf-8499-813befc157d5-server-thread1] INFO  segmented.SegmentedRaftLogWorker (SegmentedRaftLogWorker.java:startLogSegment(433)) - 4d58d409-0470-47bf-8499-813befc157d5@group-DAE9A42C1D5C-SegmentedRaftLogWorker: Starting segment from index:0
2024-08-06 06:55:36,975 [4d58d409-0470-47bf-8499-813befc157d5@group-DAE9A42C1D5C-SegmentedRaftLogWorker] INFO  segmented.BufferedWriteChannel (BufferedWriteChannel.java:open(61)) - open log_inprogress_0 at position 0
2024-08-06 06:55:36,978 [701c4ea6-6f91-4e49-a6f7-7c8a32a91528@group-DAE9A42C1D5C-SegmentedRaftLogWorker] INFO  segmented.SegmentedRaftLogWorker (SegmentedRaftLogWorker.java:execute(637)) - 701c4ea6-6f91-4e49-a6f7-7c8a32a91528@group-DAE9A42C1D5C-SegmentedRaftLogWorker: created new log segment /home/runner/work/ozone/ozone/hadoop-ozone/integration-test/target/test-dir/MiniOzoneClusterImpl-0b493811-7be1-4111-9212-de561dacad59/ozone-meta/datanode-3/ratis/04ef4600-2ec6-4caf-bc15-dae9a42c1d5c/current/log_inprogress_0
2024-08-06 06:55:36,986 [2c741729-621d-48c8-a79f-44c82515a6f1@group-DAE9A42C1D5C-StateMachineUpdater] INFO  server.RaftServer$Division (LeaderStateImpl.java:checkStartIndex(316)) - Leader 2c741729-621d-48c8-a79f-44c82515a6f1@group-DAE9A42C1D5C-LeaderStateImpl is ready since appliedIndex == startIndex == 0
2024-08-06 06:55:36,987 [4d58d409-0470-47bf-8499-813befc157d5@group-DAE9A42C1D5C-SegmentedRaftLogWorker] INFO  segmented.SegmentedRaftLogWorker (SegmentedRaftLogWorker.java:execute(637)) - 4d58d409-0470-47bf-8499-813befc157d5@group-DAE9A42C1D5C-SegmentedRaftLogWorker: created new log segment /home/runner/work/ozone/ozone/hadoop-ozone/integration-test/target/test-dir/MiniOzoneClusterImpl-0b493811-7be1-4111-9212-de561dacad59/ozone-meta/datanode-2/ratis/04ef4600-2ec6-4caf-bc15-dae9a42c1d5c/current/log_inprogress_0
2024-08-06 06:55:37,044 [4d58d409-0470-47bf-8499-813befc157d5@group-099AB90A8329-FollowerState] INFO  impl.FollowerState (FollowerState.java:run(144)) - 4d58d409-0470-47bf-8499-813befc157d5@group-099AB90A8329-FollowerState: change to CANDIDATE, lastRpcElapsedTime:5115394681ns, electionTimeout:5114ms
2024-08-06 06:55:37,044 [4d58d409-0470-47bf-8499-813befc157d5@group-099AB90A8329-FollowerState] INFO  impl.RoleInfo (RoleInfo.java:shutdownFollowerState(119)) - 4d58d409-0470-47bf-8499-813befc157d5: shutdown 4d58d409-0470-47bf-8499-813befc157d5@group-099AB90A8329-FollowerState
2024-08-06 06:55:37,044 [4d58d409-0470-47bf-8499-813befc157d5@group-099AB90A8329-FollowerState] INFO  server.RaftServer$Division (RaftServerImpl.java:setRole(376)) - 4d58d409-0470-47bf-8499-813befc157d5@group-099AB90A8329: changes role from  FOLLOWER to CANDIDATE at term 0 for changeToCandidate
2024-08-06 06:55:37,044 [4d58d409-0470-47bf-8499-813befc157d5@group-099AB90A8329-FollowerState] INFO  server.RaftServerConfigKeys (ConfUtils.java:logGet(46)) - raft.server.leaderelection.pre-vote = true (default)
2024-08-06 06:55:37,045 [4d58d409-0470-47bf-8499-813befc157d5@group-099AB90A8329-FollowerState] INFO  impl.RoleInfo (RoleInfo.java:updateAndGet(148)) - 4d58d409-0470-47bf-8499-813befc157d5: start 4d58d409-0470-47bf-8499-813befc157d5@group-099AB90A8329-LeaderElection52
2024-08-06 06:55:37,045 [4d58d409-0470-47bf-8499-813befc157d5@group-099AB90A8329-LeaderElection52] INFO  impl.LeaderElection (LeaderElection.java:askForVotes(321)) - 4d58d409-0470-47bf-8499-813befc157d5@group-099AB90A8329-LeaderElection52 PRE_VOTE round 0: submit vote requests at term 0 for conf: {index: -1, cur=peers:[4d58d409-0470-47bf-8499-813befc157d5|127.0.0.1:15266]|listeners:[], old=null}
2024-08-06 06:55:37,045 [4d58d409-0470-47bf-8499-813befc157d5@group-099AB90A8329-LeaderElection52] INFO  impl.LeaderElection (LeaderElection.java:askForVotes(323)) - 4d58d409-0470-47bf-8499-813befc157d5@group-099AB90A8329-LeaderElection52 PRE_VOTE round 0: result PASSED (term=0)
2024-08-06 06:55:37,046 [4d58d409-0470-47bf-8499-813befc157d5@group-099AB90A8329-LeaderElection52] INFO  impl.LeaderElection (LeaderElection.java:askForVotes(321)) - 4d58d409-0470-47bf-8499-813befc157d5@group-099AB90A8329-LeaderElection52 ELECTION round 0: submit vote requests at term 1 for conf: {index: -1, cur=peers:[4d58d409-0470-47bf-8499-813befc157d5|127.0.0.1:15266]|listeners:[], old=null}
2024-08-06 06:55:37,046 [4d58d409-0470-47bf-8499-813befc157d5@group-099AB90A8329-LeaderElection52] INFO  impl.LeaderElection (LeaderElection.java:askForVotes(323)) - 4d58d409-0470-47bf-8499-813befc157d5@group-099AB90A8329-LeaderElection52 ELECTION round 0: result PASSED (term=1)
2024-08-06 06:55:37,046 [4d58d409-0470-47bf-8499-813befc157d5@group-099AB90A8329-LeaderElection52] INFO  impl.RoleInfo (RoleInfo.java:shutdownLeaderElection(139)) - 4d58d409-0470-47bf-8499-813befc157d5: shutdown 4d58d409-0470-47bf-8499-813befc157d5@group-099AB90A8329-LeaderElection52
2024-08-06 06:55:37,046 [4d58d409-0470-47bf-8499-813befc157d5@group-099AB90A8329-LeaderElection52] INFO  server.RaftServer$Division (RaftServerImpl.java:setRole(376)) - 4d58d409-0470-47bf-8499-813befc157d5@group-099AB90A8329: changes role from CANDIDATE to LEADER at term 1 for changeToLeader
2024-08-06 06:55:37,047 [4d58d409-0470-47bf-8499-813befc157d5@group-099AB90A8329-LeaderElection52] INFO  server.RaftServerConfigKeys (ConfUtils.java:logGet(46)) - raft.server.staging.catchup.gap = 1000 (default)
2024-08-06 06:55:37,047 [4d58d409-0470-47bf-8499-813befc157d5@group-099AB90A8329-LeaderElection52] INFO  server.RaftServerConfigKeys (ConfUtils.java:logGet(46)) - raft.server.write.element-limit = 1024 (custom)
2024-08-06 06:55:37,047 [4d58d409-0470-47bf-8499-813befc157d5@group-099AB90A8329-LeaderElection52] INFO  server.RaftServerConfigKeys (ConfUtils.java:logGet(46)) - raft.server.write.byte-limit = 1024 M (=1073741824) (custom)
2024-08-06 06:55:37,047 [4d58d409-0470-47bf-8499-813befc157d5@group-099AB90A8329-LeaderElection52] INFO  server.RaftServerConfigKeys (ConfUtils.java:logGet(46)) - raft.server.watch.timeout = 30s (custom)
2024-08-06 06:55:37,047 [4d58d409-0470-47bf-8499-813befc157d5@group-099AB90A8329-LeaderElection52] INFO  server.RaftServerConfigKeys (ConfUtils.java:logGet(46)) - raft.server.watch.timeout.denomination = 1s (default)
2024-08-06 06:55:37,047 [4d58d409-0470-47bf-8499-813befc157d5@group-099AB90A8329-LeaderElection52] INFO  server.RaftServerConfigKeys (ConfUtils.java:logGet(46)) - raft.server.watch.element-limit = 65536 (default)
2024-08-06 06:55:37,047 [4d58d409-0470-47bf-8499-813befc157d5@group-099AB90A8329-LeaderElection52] INFO  server.RaftServerConfigKeys (ConfUtils.java:logGet(46)) - raft.server.read.leader.lease.enabled = false (default)
2024-08-06 06:55:37,047 [4d58d409-0470-47bf-8499-813befc157d5@group-099AB90A8329-LeaderElection52] INFO  server.RaftServerConfigKeys (ConfUtils.java:logGet(46)) - raft.server.read.leader.lease.timeout.ratio = 0.9 (default)
2024-08-06 06:55:37,047 [4d58d409-0470-47bf-8499-813befc157d5@group-099AB90A8329-LeaderElection52] INFO  server.RaftServerConfigKeys (ConfUtils.java:logGet(46)) - raft.server.rpc.timeout.min = 5s (custom)
2024-08-06 06:55:37,047 [4d58d409-0470-47bf-8499-813befc157d5@group-099AB90A8329-LeaderElection52] INFO  server.RaftServerConfigKeys (ConfUtils.java:logGet(46)) - raft.server.log.log-metadata.enabled = true (default)
2024-08-06 06:55:37,047 [4d58d409-0470-47bf-8499-813befc157d5@group-099AB90A8329-LeaderElection52] INFO  server.RaftServerConfigKeys (ConfUtils.java:logGet(46)) - raft.server.write.element-limit = 1024 (custom)
2024-08-06 06:55:37,048 [4d58d409-0470-47bf-8499-813befc157d5@group-099AB90A8329-LeaderElection52] INFO  server.RaftServerConfigKeys (ConfUtils.java:logGet(46)) - raft.server.write.follower.gap.ratio.max = -1.0 (default)
2024-08-06 06:55:37,048 [4d58d409-0470-47bf-8499-813befc157d5@group-099AB90A8329-LeaderElection52] INFO  impl.RoleInfo (RoleInfo.java:updateAndGet(148)) - 4d58d409-0470-47bf-8499-813befc157d5: start 4d58d409-0470-47bf-8499-813befc157d5@group-099AB90A8329-LeaderStateImpl
2024-08-06 06:55:37,048 [4d58d409-0470-47bf-8499-813befc157d5@group-099AB90A8329-LeaderElection52] INFO  server.RaftServer$Division (RaftServerImpl.java:setFirstElection(549)) - 4d58d409-0470-47bf-8499-813befc157d5@group-099AB90A8329: set firstElectionSinceStartup to false for becomeLeader
2024-08-06 06:55:37,048 [4d58d409-0470-47bf-8499-813befc157d5@group-099AB90A8329-LeaderElection52] INFO  ratis.XceiverServerRatis (XceiverServerRatis.java:handleLeaderChangedNotification(947)) - Leader change notification received for group: group-099AB90A8329 with new leaderId: 4d58d409-0470-47bf-8499-813befc157d5
2024-08-06 06:55:37,048 [4d58d409-0470-47bf-8499-813befc157d5@group-099AB90A8329-LeaderElection52] INFO  server.RaftServer$Division (ServerState.java:setLeader(272)) - 4d58d409-0470-47bf-8499-813befc157d5@group-099AB90A8329: change Leader from null to 4d58d409-0470-47bf-8499-813befc157d5 at term 1 for becomeLeader, leader elected after 5129ms
2024-08-06 06:55:37,048 [4d58d409-0470-47bf-8499-813befc157d5@group-099AB90A8329-LeaderElection52] INFO  segmented.SegmentedRaftLogWorker (SegmentedRaftLogWorker.java:startLogSegment(433)) - 4d58d409-0470-47bf-8499-813befc157d5@group-099AB90A8329-SegmentedRaftLogWorker: Starting segment from index:0
2024-08-06 06:55:37,048 [4d58d409-0470-47bf-8499-813befc157d5@group-099AB90A8329-LeaderElection52] INFO  server.RaftServer$Division (ServerState.java:setRaftConf(386)) - 4d58d409-0470-47bf-8499-813befc157d5@group-099AB90A8329: set configuration conf: {index: 0, cur=peers:[4d58d409-0470-47bf-8499-813befc157d5|127.0.0.1:15266]|listeners:[], old=null}
2024-08-06 06:55:37,048 [4d58d409-0470-47bf-8499-813befc157d5@group-099AB90A8329-SegmentedRaftLogWorker] INFO  segmented.BufferedWriteChannel (BufferedWriteChannel.java:open(61)) - open log_inprogress_0 at position 0
2024-08-06 06:55:37,058 [4d58d409-0470-47bf-8499-813befc157d5@group-099AB90A8329-SegmentedRaftLogWorker] INFO  segmented.SegmentedRaftLogWorker (SegmentedRaftLogWorker.java:execute(637)) - 4d58d409-0470-47bf-8499-813befc157d5@group-099AB90A8329-SegmentedRaftLogWorker: created new log segment /home/runner/work/ozone/ozone/hadoop-ozone/integration-test/target/test-dir/MiniOzoneClusterImpl-0b493811-7be1-4111-9212-de561dacad59/ozone-meta/datanode-2/ratis/78eb605b-ef1b-49f5-b71a-099ab90a8329/current/log_inprogress_0
2024-08-06 06:55:37,060 [4d58d409-0470-47bf-8499-813befc157d5@group-099AB90A8329-StateMachineUpdater] INFO  server.RaftServer$Division (LeaderStateImpl.java:checkStartIndex(316)) - Leader 4d58d409-0470-47bf-8499-813befc157d5@group-099AB90A8329-LeaderStateImpl is ready since appliedIndex == startIndex == 0
2024-08-06 06:55:37,155 [main] INFO  ozone.MiniOzoneClusterImpl (MiniOzoneClusterImpl.java:lambda$waitForClusterToBeReady$0(198)) - Nodes are ready. Got 3 of 3 DN Heartbeats.
2024-08-06 06:55:37,156 [main] INFO  ozone.MiniOzoneClusterImpl (MiniOzoneClusterImpl.java:lambda$waitForClusterToBeReady$0(201)) - Cluster exits safe mode
2024-08-06 06:55:37,156 [main] INFO  ozone.MiniOzoneClusterImpl (MiniOzoneClusterImpl.java:lambda$waitForClusterToBeReady$0(203)) - SCM became leader
2024-08-06 06:55:37,168 [main] INFO  rpc.RpcClient (RpcClient.java:createVolume(474)) - Creating Volume: volume41563, with user47099 as owner and space quota set to -1 bytes, counts quota set to -1
2024-08-06 06:55:37,170 [IPC Server handler 2 on default port 15249] INFO  volume.OMVolumeCreateRequest (OMVolumeCreateRequest.java:validateAndUpdateCache(198)) - created volume:volume41563 for user:user47099
2024-08-06 06:55:37,172 [main] INFO  rpc.RpcClient (RpcClient.java:createBucket(700)) - Creating Bucket: volume41563/bucket11285, with bucket layout FILE_SYSTEM_OPTIMIZED, runner as owner, Versioning false, Storage Type set to DISK and Encryption set to false, Replication Type set to server-side default replication type, Namespace Quota set to -1, Space Quota set to -1 
2024-08-06 06:55:37,173 [IPC Server handler 3 on default port 15249] INFO  bucket.OMBucketCreateRequest (OMBucketCreateRequest.java:validateAndUpdateCache(293)) - created bucket: bucket11285 of layout FILE_SYSTEM_OPTIMIZED in volume: volume41563
2024-08-06 06:55:37,184 [IPC Server handler 1 on default port 15246] INFO  ha.SequenceIdGenerator (SequenceIdGenerator.java:getNextId(144)) - Allocate a batch for containerId, change lastId from 0 to 1000.
2024-08-06 06:55:37,185 [IPC Server handler 1 on default port 15246] WARN  ha.SequenceIdGenerator (SequenceIdGenerator.java:allocateBatch(257)) - Failed to allocate a batch for localId, expected lastId is 0, actual lastId is 113750153625600000.
2024-08-06 06:55:37,185 [IPC Server handler 1 on default port 15246] INFO  ha.SequenceIdGenerator (SequenceIdGenerator.java:getNextId(144)) - Allocate a batch for localId, change lastId from 113750153625600000 to 113750153625601000.
2024-08-06 06:55:37,189 [main] INFO  scm.XceiverClientRatis (XceiverClientRatis.java:<init>(141)) - WatchType ALL_COMMITTED. Majority 2, 
2024-08-06 06:55:37,239 [main] INFO  pipeline.PipelineManagerImpl (PipelineManagerImpl.java:closeContainersForPipeline(484)) - Container #1 closed for pipeline=PipelineID=d56401b9-9b2b-452d-b2e1-b32e95555238
2024-08-06 06:55:37,240 [main] INFO  pipeline.PipelineManagerImpl (PipelineManagerImpl.java:closePipeline(518)) - Pipeline PipelineID=d56401b9-9b2b-452d-b2e1-b32e95555238 moved to CLOSED state
2024-08-06 06:55:37,240 [EventQueue-CloseContainerForCloseContainerEventHandler] INFO  container.CloseContainerEventHandler (CloseContainerEventHandler.java:onMessage(88)) - Close container Event triggered for container : #1, current state: CLOSING
2024-08-06 06:55:37,326 [701c4ea6-6f91-4e49-a6f7-7c8a32a91528@group-82C162DB0DE2-FollowerState] INFO  impl.FollowerState (FollowerState.java:run(144)) - 701c4ea6-6f91-4e49-a6f7-7c8a32a91528@group-82C162DB0DE2-FollowerState: change to CANDIDATE, lastRpcElapsedTime:5164258591ns, electionTimeout:5163ms
2024-08-06 06:55:37,326 [701c4ea6-6f91-4e49-a6f7-7c8a32a91528@group-82C162DB0DE2-FollowerState] INFO  impl.RoleInfo (RoleInfo.java:shutdownFollowerState(119)) - 701c4ea6-6f91-4e49-a6f7-7c8a32a91528: shutdown 701c4ea6-6f91-4e49-a6f7-7c8a32a91528@group-82C162DB0DE2-FollowerState
2024-08-06 06:55:37,326 [701c4ea6-6f91-4e49-a6f7-7c8a32a91528@group-82C162DB0DE2-FollowerState] INFO  server.RaftServer$Division (RaftServerImpl.java:setRole(376)) - 701c4ea6-6f91-4e49-a6f7-7c8a32a91528@group-82C162DB0DE2: changes role from  FOLLOWER to CANDIDATE at term 0 for changeToCandidate
2024-08-06 06:55:37,326 [701c4ea6-6f91-4e49-a6f7-7c8a32a91528@group-82C162DB0DE2-FollowerState] INFO  server.RaftServerConfigKeys (ConfUtils.java:logGet(46)) - raft.server.leaderelection.pre-vote = true (default)
2024-08-06 06:55:37,326 [701c4ea6-6f91-4e49-a6f7-7c8a32a91528@group-82C162DB0DE2-FollowerState] INFO  impl.RoleInfo (RoleInfo.java:updateAndGet(148)) - 701c4ea6-6f91-4e49-a6f7-7c8a32a91528: start 701c4ea6-6f91-4e49-a6f7-7c8a32a91528@group-82C162DB0DE2-LeaderElection53
2024-08-06 06:55:37,326 [701c4ea6-6f91-4e49-a6f7-7c8a32a91528@group-82C162DB0DE2-LeaderElection53] INFO  impl.LeaderElection (LeaderElection.java:askForVotes(321)) - 701c4ea6-6f91-4e49-a6f7-7c8a32a91528@group-82C162DB0DE2-LeaderElection53 PRE_VOTE round 0: submit vote requests at term 0 for conf: {index: -1, cur=peers:[701c4ea6-6f91-4e49-a6f7-7c8a32a91528|127.0.0.1:15275]|listeners:[], old=null}
2024-08-06 06:55:37,326 [701c4ea6-6f91-4e49-a6f7-7c8a32a91528@group-82C162DB0DE2-LeaderElection53] INFO  impl.LeaderElection (LeaderElection.java:askForVotes(323)) - 701c4ea6-6f91-4e49-a6f7-7c8a32a91528@group-82C162DB0DE2-LeaderElection53 PRE_VOTE round 0: result PASSED (term=0)
2024-08-06 06:55:37,328 [701c4ea6-6f91-4e49-a6f7-7c8a32a91528@group-82C162DB0DE2-LeaderElection53] INFO  impl.LeaderElection (LeaderElection.java:askForVotes(321)) - 701c4ea6-6f91-4e49-a6f7-7c8a32a91528@group-82C162DB0DE2-LeaderElection53 ELECTION round 0: submit vote requests at term 1 for conf: {index: -1, cur=peers:[701c4ea6-6f91-4e49-a6f7-7c8a32a91528|127.0.0.1:15275]|listeners:[], old=null}
2024-08-06 06:55:37,328 [701c4ea6-6f91-4e49-a6f7-7c8a32a91528@group-82C162DB0DE2-LeaderElection53] INFO  impl.LeaderElection (LeaderElection.java:askForVotes(323)) - 701c4ea6-6f91-4e49-a6f7-7c8a32a91528@group-82C162DB0DE2-LeaderElection53 ELECTION round 0: result PASSED (term=1)
2024-08-06 06:55:37,328 [701c4ea6-6f91-4e49-a6f7-7c8a32a91528@group-82C162DB0DE2-LeaderElection53] INFO  impl.RoleInfo (RoleInfo.java:shutdownLeaderElection(139)) - 701c4ea6-6f91-4e49-a6f7-7c8a32a91528: shutdown 701c4ea6-6f91-4e49-a6f7-7c8a32a91528@group-82C162DB0DE2-LeaderElection53
2024-08-06 06:55:37,328 [701c4ea6-6f91-4e49-a6f7-7c8a32a91528@group-82C162DB0DE2-LeaderElection53] INFO  server.RaftServer$Division (RaftServerImpl.java:setRole(376)) - 701c4ea6-6f91-4e49-a6f7-7c8a32a91528@group-82C162DB0DE2: changes role from CANDIDATE to LEADER at term 1 for changeToLeader
2024-08-06 06:55:37,328 [701c4ea6-6f91-4e49-a6f7-7c8a32a91528@group-82C162DB0DE2-LeaderElection53] INFO  server.RaftServerConfigKeys (ConfUtils.java:logGet(46)) - raft.server.staging.catchup.gap = 1000 (default)
2024-08-06 06:55:37,328 [701c4ea6-6f91-4e49-a6f7-7c8a32a91528@group-82C162DB0DE2-LeaderElection53] INFO  server.RaftServerConfigKeys (ConfUtils.java:logGet(46)) - raft.server.write.element-limit = 1024 (custom)
2024-08-06 06:55:37,328 [701c4ea6-6f91-4e49-a6f7-7c8a32a91528@group-82C162DB0DE2-LeaderElection53] INFO  server.RaftServerConfigKeys (ConfUtils.java:logGet(46)) - raft.server.write.byte-limit = 1024 M (=1073741824) (custom)
2024-08-06 06:55:37,328 [701c4ea6-6f91-4e49-a6f7-7c8a32a91528@group-82C162DB0DE2-LeaderElection53] INFO  server.RaftServerConfigKeys (ConfUtils.java:logGet(46)) - raft.server.watch.timeout = 30s (custom)
2024-08-06 06:55:37,329 [701c4ea6-6f91-4e49-a6f7-7c8a32a91528@group-82C162DB0DE2-LeaderElection53] INFO  server.RaftServerConfigKeys (ConfUtils.java:logGet(46)) - raft.server.watch.timeout.denomination = 1s (default)
2024-08-06 06:55:37,329 [701c4ea6-6f91-4e49-a6f7-7c8a32a91528@group-82C162DB0DE2-LeaderElection53] INFO  server.RaftServerConfigKeys (ConfUtils.java:logGet(46)) - raft.server.watch.element-limit = 65536 (default)
2024-08-06 06:55:37,329 [701c4ea6-6f91-4e49-a6f7-7c8a32a91528@group-82C162DB0DE2-LeaderElection53] INFO  server.RaftServerConfigKeys (ConfUtils.java:logGet(46)) - raft.server.read.leader.lease.enabled = false (default)
2024-08-06 06:55:37,329 [701c4ea6-6f91-4e49-a6f7-7c8a32a91528@group-82C162DB0DE2-LeaderElection53] INFO  server.RaftServerConfigKeys (ConfUtils.java:logGet(46)) - raft.server.read.leader.lease.timeout.ratio = 0.9 (default)
2024-08-06 06:55:37,329 [701c4ea6-6f91-4e49-a6f7-7c8a32a91528@group-82C162DB0DE2-LeaderElection53] INFO  server.RaftServerConfigKeys (ConfUtils.java:logGet(46)) - raft.server.rpc.timeout.min = 5s (custom)
2024-08-06 06:55:37,329 [701c4ea6-6f91-4e49-a6f7-7c8a32a91528@group-82C162DB0DE2-LeaderElection53] INFO  server.RaftServerConfigKeys (ConfUtils.java:logGet(46)) - raft.server.log.log-metadata.enabled = true (default)
2024-08-06 06:55:37,329 [701c4ea6-6f91-4e49-a6f7-7c8a32a91528@group-82C162DB0DE2-LeaderElection53] INFO  server.RaftServerConfigKeys (ConfUtils.java:logGet(46)) - raft.server.write.element-limit = 1024 (custom)
2024-08-06 06:55:37,329 [701c4ea6-6f91-4e49-a6f7-7c8a32a91528@group-82C162DB0DE2-LeaderElection53] INFO  server.RaftServerConfigKeys (ConfUtils.java:logGet(46)) - raft.server.write.follower.gap.ratio.max = -1.0 (default)
2024-08-06 06:55:37,329 [701c4ea6-6f91-4e49-a6f7-7c8a32a91528@group-82C162DB0DE2-LeaderElection53] INFO  impl.RoleInfo (RoleInfo.java:updateAndGet(148)) - 701c4ea6-6f91-4e49-a6f7-7c8a32a91528: start 701c4ea6-6f91-4e49-a6f7-7c8a32a91528@group-82C162DB0DE2-LeaderStateImpl
2024-08-06 06:55:37,329 [701c4ea6-6f91-4e49-a6f7-7c8a32a91528@group-82C162DB0DE2-LeaderElection53] INFO  server.RaftServer$Division (RaftServerImpl.java:setFirstElection(549)) - 701c4ea6-6f91-4e49-a6f7-7c8a32a91528@group-82C162DB0DE2: set firstElectionSinceStartup to false for becomeLeader
2024-08-06 06:55:37,329 [701c4ea6-6f91-4e49-a6f7-7c8a32a91528@group-82C162DB0DE2-LeaderElection53] INFO  ratis.XceiverServerRatis (XceiverServerRatis.java:handleLeaderChangedNotification(947)) - Leader change notification received for group: group-82C162DB0DE2 with new leaderId: 701c4ea6-6f91-4e49-a6f7-7c8a32a91528
2024-08-06 06:55:37,329 [701c4ea6-6f91-4e49-a6f7-7c8a32a91528@group-82C162DB0DE2-LeaderElection53] INFO  server.RaftServer$Division (ServerState.java:setLeader(272)) - 701c4ea6-6f91-4e49-a6f7-7c8a32a91528@group-82C162DB0DE2: change Leader from null to 701c4ea6-6f91-4e49-a6f7-7c8a32a91528 at term 1 for becomeLeader, leader elected after 5177ms
2024-08-06 06:55:37,329 [701c4ea6-6f91-4e49-a6f7-7c8a32a91528@group-82C162DB0DE2-LeaderElection53] INFO  segmented.SegmentedRaftLogWorker (SegmentedRaftLogWorker.java:startLogSegment(433)) - 701c4ea6-6f91-4e49-a6f7-7c8a32a91528@group-82C162DB0DE2-SegmentedRaftLogWorker: Starting segment from index:0
2024-08-06 06:55:37,330 [701c4ea6-6f91-4e49-a6f7-7c8a32a91528@group-82C162DB0DE2-SegmentedRaftLogWorker] INFO  segmented.BufferedWriteChannel (BufferedWriteChannel.java:open(61)) - open log_inprogress_0 at position 0
2024-08-06 06:55:37,333 [701c4ea6-6f91-4e49-a6f7-7c8a32a91528@group-82C162DB0DE2-LeaderElection53] INFO  server.RaftServer$Division (ServerState.java:setRaftConf(386)) - 701c4ea6-6f91-4e49-a6f7-7c8a32a91528@group-82C162DB0DE2: set configuration conf: {index: 0, cur=peers:[701c4ea6-6f91-4e49-a6f7-7c8a32a91528|127.0.0.1:15275]|listeners:[], old=null}
2024-08-06 06:55:37,339 [701c4ea6-6f91-4e49-a6f7-7c8a32a91528@group-82C162DB0DE2-SegmentedRaftLogWorker] INFO  segmented.SegmentedRaftLogWorker (SegmentedRaftLogWorker.java:execute(637)) - 701c4ea6-6f91-4e49-a6f7-7c8a32a91528@group-82C162DB0DE2-SegmentedRaftLogWorker: created new log segment /home/runner/work/ozone/ozone/hadoop-ozone/integration-test/target/test-dir/MiniOzoneClusterImpl-0b493811-7be1-4111-9212-de561dacad59/ozone-meta/datanode-3/ratis/8c6a6f1c-125f-4797-9e0f-82c162db0de2/current/log_inprogress_0
2024-08-06 06:55:37,341 [701c4ea6-6f91-4e49-a6f7-7c8a32a91528@group-82C162DB0DE2-StateMachineUpdater] INFO  server.RaftServer$Division (LeaderStateImpl.java:checkStartIndex(316)) - Leader 701c4ea6-6f91-4e49-a6f7-7c8a32a91528@group-82C162DB0DE2-LeaderStateImpl is ready since appliedIndex == startIndex == 0
2024-08-06 06:55:39,333 [701c4ea6-6f91-4e49-a6f7-7c8a32a91528-CloseContainerThread-0] INFO  commandhandler.CloseContainerCommandHandler (CloseContainerCommandHandler.java:lambda$handle$0(154)) - Follower cannot close container #1.
2024-08-06 06:55:40,207 [2c741729-621d-48c8-a79f-44c82515a6f1-CloseContainerThread-0] INFO  commandhandler.CloseContainerCommandHandler (CloseContainerCommandHandler.java:lambda$handle$0(154)) - Follower cannot close container #1.
2024-08-06 06:55:40,208 [4d58d409-0470-47bf-8499-813befc157d5-ContainerOp-d56401b9-9b2b-452d-b2e1-b32e95555238-4] INFO  keyvalue.KeyValueContainer (KeyValueContainer.java:flushAndSyncDB(529)) - Container 1 is synced with bcsId 7.
2024-08-06 06:55:40,209 [4d58d409-0470-47bf-8499-813befc157d5-ContainerOp-d56401b9-9b2b-452d-b2e1-b32e95555238-4] INFO  keyvalue.KeyValueContainer (KeyValueContainer.java:flushAndSyncDB(529)) - Container 1 is synced with bcsId 7.
2024-08-06 06:55:40,209 [2c741729-621d-48c8-a79f-44c82515a6f1-ContainerOp-d56401b9-9b2b-452d-b2e1-b32e95555238-4] INFO  keyvalue.KeyValueContainer (KeyValueContainer.java:flushAndSyncDB(529)) - Container 1 is synced with bcsId 7.
2024-08-06 06:55:40,210 [2c741729-621d-48c8-a79f-44c82515a6f1-ContainerOp-d56401b9-9b2b-452d-b2e1-b32e95555238-4] INFO  keyvalue.KeyValueContainer (KeyValueContainer.java:flushAndSyncDB(529)) - Container 1 is synced with bcsId 7.
2024-08-06 06:55:40,211 [4d58d409-0470-47bf-8499-813befc157d5-ContainerOp-d56401b9-9b2b-452d-b2e1-b32e95555238-4] INFO  keyvalue.KeyValueContainer (KeyValueContainer.java:close(444)) - Container 1 is closed with bcsId 7.
2024-08-06 06:55:40,211 [2c741729-621d-48c8-a79f-44c82515a6f1-ContainerOp-d56401b9-9b2b-452d-b2e1-b32e95555238-4] INFO  keyvalue.KeyValueContainer (KeyValueContainer.java:close(444)) - Container 1 is closed with bcsId 7.
2024-08-06 06:55:40,213 [FixedThreadPoolWithAffinityExecutor-8-0] INFO  container.IncrementalContainerReportHandler (AbstractContainerReportHandler.java:updateContainerState(312)) - Moving container #1 to CLOSED state, datanode 4d58d409-0470-47bf-8499-813befc157d5(localhost/127.0.0.1) reported CLOSED replica with index 0.
2024-08-06 06:55:40,216 [701c4ea6-6f91-4e49-a6f7-7c8a32a91528-ContainerOp-d56401b9-9b2b-452d-b2e1-b32e95555238-4] INFO  keyvalue.KeyValueContainer (KeyValueContainer.java:flushAndSyncDB(529)) - Container 1 is synced with bcsId 7.
2024-08-06 06:55:40,217 [701c4ea6-6f91-4e49-a6f7-7c8a32a91528-ContainerOp-d56401b9-9b2b-452d-b2e1-b32e95555238-4] INFO  keyvalue.KeyValueContainer (KeyValueContainer.java:flushAndSyncDB(529)) - Container 1 is synced with bcsId 7.
2024-08-06 06:55:40,218 [701c4ea6-6f91-4e49-a6f7-7c8a32a91528-ContainerOp-d56401b9-9b2b-452d-b2e1-b32e95555238-4] INFO  keyvalue.KeyValueContainer (KeyValueContainer.java:close(444)) - Container 1 is closed with bcsId 7.
2024-08-06 06:55:40,250 [main] DEBUG scm.XceiverClientGrpc (XceiverClientGrpc.java:connectToDatanode(179)) - Nodes in pipeline : [4d58d409-0470-47bf-8499-813befc157d5(localhost/127.0.0.1), 701c4ea6-6f91-4e49-a6f7-7c8a32a91528(localhost/127.0.0.1), 2c741729-621d-48c8-a79f-44c82515a6f1(localhost/127.0.0.1)]
2024-08-06 06:55:40,250 [main] DEBUG scm.XceiverClientGrpc (XceiverClientGrpc.java:connectToDatanode(180)) - Connecting to server : 127.0.0.1
2024-08-06 06:55:40,251 [main] DEBUG scm.XceiverClientGrpc (XceiverClientGrpc.java:sendCommandWithRetry(440)) - Executing command cmdType: GetCommittedBlockLength
traceID: ""
containerID: 1
datanodeUuid: "4d58d409-0470-47bf-8499-813befc157d5"
getCommittedBlockLength {
  blockID {
    containerID: 1
    localID: 113750153625600001
    blockCommitSequenceId: 0
  }
}
version: 4
 on datanode 4d58d409-0470-47bf-8499-813befc157d5(localhost/127.0.0.1)
2024-08-06 06:55:40,251 [main] DEBUG scm.XceiverClientGrpc (XceiverClientGrpc.java:sendCommandAsync(574)) - Send command GetCommittedBlockLength to datanode 127.0.0.1
2024-08-06 06:55:40,254 [4d58d409-0470-47bf-8499-813befc157d5-ChunkReader-1] WARN  keyvalue.KeyValueHandler (ContainerUtils.java:logAndReturnError(97)) - Operation: GetCommittedBlockLength , Trace ID:  , Message: ContainerID 1 does not exist , Result: CONTAINER_NOT_FOUND , StorageContainerException Occurred.
org.apache.hadoop.hdds.scm.container.common.helpers.StorageContainerException: ContainerID 1 does not exist
	at org.apache.hadoop.fs.ozone.TestLeaseRecovery.testGetCommittedBlockLengthWithException(TestLeaseRecovery.java:415)
	at java.base/jdk.internal.reflect.NativeMethodAccessorImpl.invoke0(Native Method)
	at java.base/jdk.internal.reflect.NativeMethodAccessorImpl.invoke(NativeMethodAccessorImpl.java:77)
	at java.base/jdk.internal.reflect.DelegatingMethodAccessorImpl.invoke(DelegatingMethodAccessorImpl.java:43)
	at java.base/java.lang.reflect.Method.invoke(Method.java:569)
	at org.junit.platform.commons.util.ReflectionUtils.invokeMethod(ReflectionUtils.java:728)
	at org.junit.jupiter.engine.execution.MethodInvocation.proceed(MethodInvocation.java:60)
	at org.junit.jupiter.engine.execution.InvocationInterceptorChain$ValidatingInvocation.proceed(InvocationInterceptorChain.java:131)
	at org.junit.jupiter.engine.extension.SameThreadTimeoutInvocation.proceed(SameThreadTimeoutInvocation.java:45)
	at org.junit.jupiter.engine.extension.TimeoutExtension.intercept(TimeoutExtension.java:156)
	at org.junit.jupiter.engine.extension.TimeoutExtension.interceptTestableMethod(TimeoutExtension.java:147)
	at org.junit.jupiter.engine.extension.TimeoutExtension.interceptTestMethod(TimeoutExtension.java:86)
	at org.junit.jupiter.engine.execution.InterceptingExecutableInvoker$ReflectiveInterceptorCall.lambda$ofVoidMethod$0(InterceptingExecutableInvoker.java:103)
	at org.junit.jupiter.engine.execution.InterceptingExecutableInvoker.lambda$invoke$0(InterceptingExecutableInvoker.java:93)
	at org.junit.jupiter.engine.execution.InvocationInterceptorChain$InterceptedInvocation.proceed(InvocationInterceptorChain.java:106)
	at org.junit.jupiter.engine.execution.InvocationInterceptorChain.proceed(InvocationInterceptorChain.java:64)
	at org.junit.jupiter.engine.execution.InvocationInterceptorChain.chainAndInvoke(InvocationInterceptorChain.java:45)
	at org.junit.jupiter.engine.execution.InvocationInterceptorChain.invoke(InvocationInterceptorChain.java:37)
	at org.junit.jupiter.engine.execution.InterceptingExecutableInvoker.invoke(InterceptingExecutableInvoker.java:92)
	at org.junit.jupiter.engine.execution.InterceptingExecutableInvoker.invoke(InterceptingExecutableInvoker.java:86)
	at org.junit.jupiter.engine.descriptor.TestMethodTestDescriptor.lambda$invokeTestMethod$7(TestMethodTestDescriptor.java:218)
	at org.junit.platform.engine.support.hierarchical.ThrowableCollector.execute(ThrowableCollector.java:73)
	at org.junit.jupiter.engine.descriptor.TestMethodTestDescriptor.invokeTestMethod(TestMethodTestDescriptor.java:214)
	at org.junit.jupiter.engine.descriptor.TestMethodTestDescriptor.execute(TestMethodTestDescriptor.java:139)
	at org.junit.jupiter.engine.descriptor.TestMethodTestDescriptor.execute(TestMethodTestDescriptor.java:69)
	at org.junit.platform.engine.support.hierarchical.NodeTestTask.lambda$executeRecursively$6(NodeTestTask.java:151)
	at org.junit.platform.engine.support.hierarchical.ThrowableCollector.execute(ThrowableCollector.java:73)
	at org.junit.platform.engine.support.hierarchical.NodeTestTask.lambda$executeRecursively$8(NodeTestTask.java:141)
	at org.junit.platform.engine.support.hierarchical.Node.around(Node.java:137)
	at org.junit.platform.engine.support.hierarchical.NodeTestTask.lambda$executeRecursively$9(NodeTestTask.java:139)
	at org.junit.platform.engine.support.hierarchical.ThrowableCollector.execute(ThrowableCollector.java:73)
	at org.junit.platform.engine.support.hierarchical.NodeTestTask.executeRecursively(NodeTestTask.java:138)
	at org.junit.platform.engine.support.hierarchical.NodeTestTask.execute(NodeTestTask.java:95)
	at java.base/java.util.ArrayList.forEach(ArrayList.java:1511)
	at org.junit.platform.engine.support.hierarchical.SameThreadHierarchicalTestExecutorService.invokeAll(SameThreadHierarchicalTestExecutorService.java:41)
	at org.junit.platform.engine.support.hierarchical.NodeTestTask.lambda$executeRecursively$6(NodeTestTask.java:155)
	at org.junit.platform.engine.support.hierarchical.ThrowableCollector.execute(ThrowableCollector.java:73)
	at org.junit.platform.engine.support.hierarchical.NodeTestTask.lambda$executeRecursively$8(NodeTestTask.java:141)
	at org.junit.platform.engine.support.hierarchical.Node.around(Node.java:137)
	at org.junit.platform.engine.support.hierarchical.NodeTestTask.lambda$executeRecursively$9(NodeTestTask.java:139)
	at org.junit.platform.engine.support.hierarchical.ThrowableCollector.execute(ThrowableCollector.java:73)
	at org.junit.platform.engine.support.hierarchical.NodeTestTask.executeRecursively(NodeTestTask.java:138)
	at org.junit.platform.engine.support.hierarchical.NodeTestTask.execute(NodeTestTask.java:95)
	at java.base/java.util.ArrayList.forEach(ArrayList.java:1511)
	at org.junit.platform.engine.support.hierarchical.SameThreadHierarchicalTestExecutorService.invokeAll(SameThreadHierarchicalTestExecutorService.java:41)
	at org.junit.platform.engine.support.hierarchical.NodeTestTask.lambda$executeRecursively$6(NodeTestTask.java:155)
	at org.junit.platform.engine.support.hierarchical.ThrowableCollector.execute(ThrowableCollector.java:73)
	at org.junit.platform.engine.support.hierarchical.NodeTestTask.lambda$executeRecursively$8(NodeTestTask.java:141)
	at org.junit.platform.engine.support.hierarchical.Node.around(Node.java:137)
	at org.junit.platform.engine.support.hierarchical.NodeTestTask.lambda$executeRecursively$9(NodeTestTask.java:139)
	at org.junit.platform.engine.support.hierarchical.ThrowableCollector.execute(ThrowableCollector.java:73)
	at org.junit.platform.engine.support.hierarchical.NodeTestTask.executeRecursively(NodeTestTask.java:138)
	at org.junit.platform.engine.support.hierarchical.NodeTestTask.execute(NodeTestTask.java:95)
	at org.junit.platform.engine.support.hierarchical.SameThreadHierarchicalTestExecutorService.submit(SameThreadHierarchicalTestExecutorService.java:35)
	at org.junit.platform.engine.support.hierarchical.HierarchicalTestExecutor.execute(HierarchicalTestExecutor.java:57)
	at org.junit.platform.engine.support.hierarchical.HierarchicalTestEngine.execute(HierarchicalTestEngine.java:54)
	at org.junit.platform.launcher.core.EngineExecutionOrchestrator.execute(EngineExecutionOrchestrator.java:198)
	at org.junit.platform.launcher.core.EngineExecutionOrchestrator.execute(EngineExecutionOrchestrator.java:169)
	at org.junit.platform.launcher.core.EngineExecutionOrchestrator.execute(EngineExecutionOrchestrator.java:93)
	at org.junit.platform.launcher.core.EngineExecutionOrchestrator.lambda$execute$0(EngineExecutionOrchestrator.java:58)
	at org.junit.platform.launcher.core.EngineExecutionOrchestrator.withInterceptedStreams(EngineExecutionOrchestrator.java:141)
	at org.junit.platform.launcher.core.EngineExecutionOrchestrator.execute(EngineExecutionOrchestrator.java:57)
	at org.junit.platform.launcher.core.DefaultLauncher.execute(DefaultLauncher.java:103)
	at org.junit.platform.launcher.core.DefaultLauncher.execute(DefaultLauncher.java:85)
	at org.junit.platform.launcher.core.DelegatingLauncher.execute(DelegatingLauncher.java:47)
	at org.junit.platform.launcher.core.SessionPerRequestLauncher.execute(SessionPerRequestLauncher.java:63)
	at org.apache.maven.surefire.junitplatform.JUnitPlatformProvider.invokeAllTests(JUnitPlatformProvider.java:154)
	at org.apache.maven.surefire.junitplatform.JUnitPlatformProvider.invoke(JUnitPlatformProvider.java:123)
	at org.apache.maven.surefire.booter.ForkedBooter.runSuitesInProcess(ForkedBooter.java:377)
	at org.apache.maven.surefire.booter.ForkedBooter.execute(ForkedBooter.java:138)
	at org.apache.maven.surefire.booter.ForkedBooter.run(ForkedBooter.java:465)
	at org.apache.maven.surefire.booter.ForkedBooter.main(ForkedBooter.java:451)
06:55:40.256 [4d58d409-0470-47bf-8499-813befc157d5-ChunkReader-1] ERROR DNAudit - user=null | ip=null | op=GET_COMMITTED_BLOCK_LENGTH {blockData=conID: 1 locID: 113750153625600001 bcsId: 0 replicaIndex: null} | ret=FAILURE
java.lang.Exception: ContainerID 1 does not exist
	at org.apache.hadoop.ozone.container.common.impl.HddsDispatcher.dispatchRequest(HddsDispatcher.java:429) ~[hdds-container-service-1.5.0-SNAPSHOT.jar:?]
	at org.apache.hadoop.ozone.container.common.impl.HddsDispatcher.lambda$dispatch$0(HddsDispatcher.java:195) ~[hdds-container-service-1.5.0-SNAPSHOT.jar:?]
	at org.apache.hadoop.hdds.server.OzoneProtocolMessageDispatcher.processRequest(OzoneProtocolMessageDispatcher.java:89) [hdds-server-framework-1.5.0-SNAPSHOT.jar:?]
	at org.apache.hadoop.ozone.container.common.impl.HddsDispatcher.dispatch(HddsDispatcher.java:194) [hdds-container-service-1.5.0-SNAPSHOT.jar:?]
	at org.apache.hadoop.ozone.container.common.transport.server.GrpcXceiverService$1.onNext(GrpcXceiverService.java:112) [hdds-container-service-1.5.0-SNAPSHOT.jar:?]
	at org.apache.hadoop.ozone.container.common.transport.server.GrpcXceiverService$1.onNext(GrpcXceiverService.java:105) [hdds-container-service-1.5.0-SNAPSHOT.jar:?]
	at org.apache.ratis.thirdparty.io.grpc.stub.ServerCalls$StreamingServerCallHandler$StreamingServerCallListener.onMessage(ServerCalls.java:262) [ratis-thirdparty-misc-1.0.6.jar:1.0.6]
	at org.apache.ratis.thirdparty.io.grpc.ForwardingServerCallListener.onMessage(ForwardingServerCallListener.java:33) [ratis-thirdparty-misc-1.0.6.jar:1.0.6]
	at org.apache.hadoop.hdds.tracing.GrpcServerInterceptor$1.onMessage(GrpcServerInterceptor.java:49) [hdds-common-1.5.0-SNAPSHOT.jar:?]
	at org.apache.ratis.thirdparty.io.grpc.internal.ServerCallImpl$ServerStreamListenerImpl.messagesAvailableInternal(ServerCallImpl.java:329) [ratis-thirdparty-misc-1.0.6.jar:1.0.6]
	at org.apache.ratis.thirdparty.io.grpc.internal.ServerCallImpl$ServerStreamListenerImpl.messagesAvailable(ServerCallImpl.java:314) [ratis-thirdparty-misc-1.0.6.jar:1.0.6]
	at org.apache.ratis.thirdparty.io.grpc.internal.ServerImpl$JumpToApplicationThreadServerStreamListener$1MessagesAvailable.runInContext(ServerImpl.java:833) [ratis-thirdparty-misc-1.0.6.jar:1.0.6]
	at org.apache.ratis.thirdparty.io.grpc.internal.ContextRunnable.run(ContextRunnable.java:37) [ratis-thirdparty-misc-1.0.6.jar:1.0.6]
	at org.apache.ratis.thirdparty.io.grpc.internal.SerializingExecutor.run(SerializingExecutor.java:133) [ratis-thirdparty-misc-1.0.6.jar:1.0.6]
	at java.base/java.util.concurrent.ThreadPoolExecutor.runWorker(ThreadPoolExecutor.java:1136) [?:?]
	at java.base/java.util.concurrent.ThreadPoolExecutor$Worker.run(ThreadPoolExecutor.java:635) [?:?]
	at java.base/java.lang.Thread.run(Thread.java:840) [?:?]
2024-08-06 06:55:40,257 [main] DEBUG scm.XceiverClientGrpc (XceiverClientGrpc.java:sendCommandWithRetry(462)) - Failed to execute command cmdType: GetCommittedBlockLength
traceID: ""
containerID: 1
datanodeUuid: "4d58d409-0470-47bf-8499-813befc157d5"
getCommittedBlockLength {
  blockID {
    containerID: 1
    localID: 113750153625600001
    blockCommitSequenceId: 0
  }
}
version: 4
 on datanode 4d58d409-0470-47bf-8499-813befc157d5(localhost/127.0.0.1)
org.apache.hadoop.hdds.scm.container.common.helpers.StorageContainerException: ContainerID 1 does not exist
	at org.apache.hadoop.hdds.scm.storage.ContainerProtocolCalls.validateContainerResponse(ContainerProtocolCalls.java:790)
	at org.apache.hadoop.hdds.scm.storage.ContainerProtocolCalls.lambda$createValidators$4(ContainerProtocolCalls.java:801)
	at org.apache.hadoop.hdds.scm.XceiverClientGrpc.sendCommandWithRetry(XceiverClientGrpc.java:450)
	at org.apache.hadoop.hdds.scm.XceiverClientGrpc.lambda$sendCommandWithTraceIDAndRetry$0(XceiverClientGrpc.java:376)
	at org.apache.hadoop.hdds.tracing.TracingUtil.executeInSpan(TracingUtil.java:169)
	at org.apache.hadoop.hdds.tracing.TracingUtil.executeInNewSpan(TracingUtil.java:159)
	at org.apache.hadoop.hdds.scm.XceiverClientGrpc.sendCommandWithTraceIDAndRetry(XceiverClientGrpc.java:368)
	at org.apache.hadoop.hdds.scm.XceiverClientGrpc.sendCommand(XceiverClientGrpc.java:349)
	at org.apache.hadoop.hdds.scm.storage.ContainerProtocolCalls.getCommittedBlockLength(ContainerProtocolCalls.java:276)
	at org.apache.hadoop.fs.ozone.BasicRootedOzoneClientAdapterImpl.finalizeBlock(BasicRootedOzoneClientAdapterImpl.java:1463)
	at org.apache.hadoop.fs.ozone.LeaseRecoveryClientDNHandler.getOmKeyLocationInfos(LeaseRecoveryClientDNHandler.java:96)
	at org.apache.hadoop.fs.ozone.RootedOzoneFileSystem.recoverLeaseTraced(RootedOzoneFileSystem.java:162)
	at org.apache.hadoop.fs.ozone.RootedOzoneFileSystem.lambda$recoverLease$0(RootedOzoneFileSystem.java:141)
	at org.apache.hadoop.hdds.tracing.TracingUtil.executeInSpan(TracingUtil.java:169)
	at org.apache.hadoop.hdds.tracing.TracingUtil.executeInNewSpan(TracingUtil.java:159)
	at org.apache.hadoop.fs.ozone.RootedOzoneFileSystem.recoverLease(RootedOzoneFileSystem.java:140)
	at org.apache.hadoop.fs.ozone.TestLeaseRecovery.testGetCommittedBlockLengthWithException(TestLeaseRecovery.java:421)
	at java.base/jdk.internal.reflect.NativeMethodAccessorImpl.invoke0(Native Method)
	at java.base/jdk.internal.reflect.NativeMethodAccessorImpl.invoke(NativeMethodAccessorImpl.java:77)
	at java.base/jdk.internal.reflect.DelegatingMethodAccessorImpl.invoke(DelegatingMethodAccessorImpl.java:43)
	at java.base/java.lang.reflect.Method.invoke(Method.java:569)
	at org.junit.platform.commons.util.ReflectionUtils.invokeMethod(ReflectionUtils.java:728)
	at org.junit.jupiter.engine.execution.MethodInvocation.proceed(MethodInvocation.java:60)
	at org.junit.jupiter.engine.execution.InvocationInterceptorChain$ValidatingInvocation.proceed(InvocationInterceptorChain.java:131)
	at org.junit.jupiter.engine.extension.SameThreadTimeoutInvocation.proceed(SameThreadTimeoutInvocation.java:45)
	at org.junit.jupiter.engine.extension.TimeoutExtension.intercept(TimeoutExtension.java:156)
	at org.junit.jupiter.engine.extension.TimeoutExtension.interceptTestableMethod(TimeoutExtension.java:147)
	at org.junit.jupiter.engine.extension.TimeoutExtension.interceptTestMethod(TimeoutExtension.java:86)
	at org.junit.jupiter.engine.execution.InterceptingExecutableInvoker$ReflectiveInterceptorCall.lambda$ofVoidMethod$0(InterceptingExecutableInvoker.java:103)
	at org.junit.jupiter.engine.execution.InterceptingExecutableInvoker.lambda$invoke$0(InterceptingExecutableInvoker.java:93)
	at org.junit.jupiter.engine.execution.InvocationInterceptorChain$InterceptedInvocation.proceed(InvocationInterceptorChain.java:106)
	at org.junit.jupiter.engine.execution.InvocationInterceptorChain.proceed(InvocationInterceptorChain.java:64)
	at org.junit.jupiter.engine.execution.InvocationInterceptorChain.chainAndInvoke(InvocationInterceptorChain.java:45)
	at org.junit.jupiter.engine.execution.InvocationInterceptorChain.invoke(InvocationInterceptorChain.java:37)
	at org.junit.jupiter.engine.execution.InterceptingExecutableInvoker.invoke(InterceptingExecutableInvoker.java:92)
	at org.junit.jupiter.engine.execution.InterceptingExecutableInvoker.invoke(InterceptingExecutableInvoker.java:86)
	at org.junit.jupiter.engine.descriptor.TestMethodTestDescriptor.lambda$invokeTestMethod$7(TestMethodTestDescriptor.java:218)
	at org.junit.platform.engine.support.hierarchical.ThrowableCollector.execute(ThrowableCollector.java:73)
	at org.junit.jupiter.engine.descriptor.TestMethodTestDescriptor.invokeTestMethod(TestMethodTestDescriptor.java:214)
	at org.junit.jupiter.engine.descriptor.TestMethodTestDescriptor.execute(TestMethodTestDescriptor.java:139)
	at org.junit.jupiter.engine.descriptor.TestMethodTestDescriptor.execute(TestMethodTestDescriptor.java:69)
	at org.junit.platform.engine.support.hierarchical.NodeTestTask.lambda$executeRecursively$6(NodeTestTask.java:151)
	at org.junit.platform.engine.support.hierarchical.ThrowableCollector.execute(ThrowableCollector.java:73)
	at org.junit.platform.engine.support.hierarchical.NodeTestTask.lambda$executeRecursively$8(NodeTestTask.java:141)
	at org.junit.platform.engine.support.hierarchical.Node.around(Node.java:137)
	at org.junit.platform.engine.support.hierarchical.NodeTestTask.lambda$executeRecursively$9(NodeTestTask.java:139)
	at org.junit.platform.engine.support.hierarchical.ThrowableCollector.execute(ThrowableCollector.java:73)
	at org.junit.platform.engine.support.hierarchical.NodeTestTask.executeRecursively(NodeTestTask.java:138)
	at org.junit.platform.engine.support.hierarchical.NodeTestTask.execute(NodeTestTask.java:95)
	at java.base/java.util.ArrayList.forEach(ArrayList.java:1511)
	at org.junit.platform.engine.support.hierarchical.SameThreadHierarchicalTestExecutorService.invokeAll(SameThreadHierarchicalTestExecutorService.java:41)
	at org.junit.platform.engine.support.hierarchical.NodeTestTask.lambda$executeRecursively$6(NodeTestTask.java:155)
	at org.junit.platform.engine.support.hierarchical.ThrowableCollector.execute(ThrowableCollector.java:73)
	at org.junit.platform.engine.support.hierarchical.NodeTestTask.lambda$executeRecursively$8(NodeTestTask.java:141)
	at org.junit.platform.engine.support.hierarchical.Node.around(Node.java:137)
	at org.junit.platform.engine.support.hierarchical.NodeTestTask.lambda$executeRecursively$9(NodeTestTask.java:139)
	at org.junit.platform.engine.support.hierarchical.ThrowableCollector.execute(ThrowableCollector.java:73)
	at org.junit.platform.engine.support.hierarchical.NodeTestTask.executeRecursively(NodeTestTask.java:138)
	at org.junit.platform.engine.support.hierarchical.NodeTestTask.execute(NodeTestTask.java:95)
	at java.base/java.util.ArrayList.forEach(ArrayList.java:1511)
	at org.junit.platform.engine.support.hierarchical.SameThreadHierarchicalTestExecutorService.invokeAll(SameThreadHierarchicalTestExecutorService.java:41)
	at org.junit.platform.engine.support.hierarchical.NodeTestTask.lambda$executeRecursively$6(NodeTestTask.java:155)
	at org.junit.platform.engine.support.hierarchical.ThrowableCollector.execute(ThrowableCollector.java:73)
	at org.junit.platform.engine.support.hierarchical.NodeTestTask.lambda$executeRecursively$8(NodeTestTask.java:141)
	at org.junit.platform.engine.support.hierarchical.Node.around(Node.java:137)
	at org.junit.platform.engine.support.hierarchical.NodeTestTask.lambda$executeRecursively$9(NodeTestTask.java:139)
	at org.junit.platform.engine.support.hierarchical.ThrowableCollector.execute(ThrowableCollector.java:73)
	at org.junit.platform.engine.support.hierarchical.NodeTestTask.executeRecursively(NodeTestTask.java:138)
	at org.junit.platform.engine.support.hierarchical.NodeTestTask.execute(NodeTestTask.java:95)
	at org.junit.platform.engine.support.hierarchical.SameThreadHierarchicalTestExecutorService.submit(SameThreadHierarchicalTestExecutorService.java:35)
	at org.junit.platform.engine.support.hierarchical.HierarchicalTestExecutor.execute(HierarchicalTestExecutor.java:57)
	at org.junit.platform.engine.support.hierarchical.HierarchicalTestEngine.execute(HierarchicalTestEngine.java:54)
	at org.junit.platform.launcher.core.EngineExecutionOrchestrator.execute(EngineExecutionOrchestrator.java:198)
	at org.junit.platform.launcher.core.EngineExecutionOrchestrator.execute(EngineExecutionOrchestrator.java:169)
	at org.junit.platform.launcher.core.EngineExecutionOrchestrator.execute(EngineExecutionOrchestrator.java:93)
	at org.junit.platform.launcher.core.EngineExecutionOrchestrator.lambda$execute$0(EngineExecutionOrchestrator.java:58)
	at org.junit.platform.launcher.core.EngineExecutionOrchestrator.withInterceptedStreams(EngineExecutionOrchestrator.java:141)
	at org.junit.platform.launcher.core.EngineExecutionOrchestrator.execute(EngineExecutionOrchestrator.java:57)
	at org.junit.platform.launcher.core.DefaultLauncher.execute(DefaultLauncher.java:103)
	at org.junit.platform.launcher.core.DefaultLauncher.execute(DefaultLauncher.java:85)
	at org.junit.platform.launcher.core.DelegatingLauncher.execute(DelegatingLauncher.java:47)
	at org.junit.platform.launcher.core.SessionPerRequestLauncher.execute(SessionPerRequestLauncher.java:63)
	at org.apache.maven.surefire.junitplatform.JUnitPlatformProvider.invokeAllTests(JUnitPlatformProvider.java:154)
	at org.apache.maven.surefire.junitplatform.JUnitPlatformProvider.invoke(JUnitPlatformProvider.java:123)
	at org.apache.maven.surefire.booter.ForkedBooter.runSuitesInProcess(ForkedBooter.java:377)
	at org.apache.maven.surefire.booter.ForkedBooter.execute(ForkedBooter.java:138)
	at org.apache.maven.surefire.booter.ForkedBooter.run(ForkedBooter.java:465)
	at org.apache.maven.surefire.booter.ForkedBooter.main(ForkedBooter.java:451)
2024-08-06 06:55:40,257 [main] DEBUG scm.XceiverClientGrpc (XceiverClientGrpc.java:sendCommandWithRetry(440)) - Executing command cmdType: GetCommittedBlockLength
traceID: ""
containerID: 1
datanodeUuid: "4d58d409-0470-47bf-8499-813befc157d5"
getCommittedBlockLength {
  blockID {
    containerID: 1
    localID: 113750153625600001
    blockCommitSequenceId: 0
  }
}
version: 4
 on datanode 701c4ea6-6f91-4e49-a6f7-7c8a32a91528(localhost/127.0.0.1)
2024-08-06 06:55:40,2572024-08-06 06:55:40,257 [grpc-default-executor-7] DEBUG scm.XceiverClientGrpc (XceiverClientGrpc.java:decreasePendingMetricsAndReleaseSemaphore(613)) - Executed command cmdType: GetCommittedBlockLength
traceID: ""
containerID: 1
datanodeUuid: "4d58d409-0470-47bf-8499-813befc157d5"
getCommittedBlockLength {
  blockID {
    containerID: 1
    localID: 113750153625600001
    blockCommitSequenceId: 0
  }
}
version: 4
 on datanode 4d58d409-0470-47bf-8499-813befc157d5(localhost/127.0.0.1), cost = 5, cmdType = GetCommittedBlockLength
 [main] DEBUG 2024-08-06 06:55:40,257 [main] DEBUG scm.XceiverClientGrpc (XceiverClientGrpc.java:connectToDatanode(179)) - Nodes in pipeline : [4d58d409-0470-47bf-8499-813befc157d5(localhost/127.0.0.1), 701c4ea6-6f91-4e49-a6f7-7c8a32a91528(localhost/127.0.0.1), 2c741729-621d-48c8-a79f-44c82515a6f1(localhost/127.0.0.1)]
2024-08-06 06:55:40,257 [main] DEBUG scm.XceiverClientGrpc (XceiverClientGrpc.java:connectToDatanode(180)) - Connecting to server : 127.0.0.1
2024-08-06 06:55:40,258 [main] DEBUG scm.XceiverClientGrpc (XceiverClientGrpc.java:sendCommandAsync(574)) - Send command GetCommittedBlockLength to datanode 127.0.0.1
2024-08-06 06:55:40,263 [grpc-default-executor-4] DEBUG scm.XceiverClientGrpc (XceiverClientGrpc.java:decreasePendingMetricsAndReleaseSemaphore(613)) - Executed command cmdType: GetCommittedBlockLength
traceID: ""
containerID: 1
datanodeUuid: "4d58d409-0470-47bf-8499-813befc157d5"
getCommittedBlockLength {
  blockID {
    containerID: 1
    localID: 113750153625600001
    blockCommitSequenceId: 0
  }
}
version: 4
 on datanode 701c4ea6-6f91-4e49-a6f7-7c8a32a91528(localhost/127.0.0.1), cost = 5, cmdType = GetCommittedBlockLength
06:55:40.272 [4d58d409-0470-47bf-8499-813befc157d5-client-thread2] ERROR DNAudit - user=null | ip=null | op=PUT_BLOCK {blockData=[blockId=conID: 1 locID: 113750153625600001 bcsId: 0 replicaIndex: null, size=200]} | ret=FAILURE
org.apache.hadoop.hdds.scm.container.common.helpers.ContainerNotOpenException: Container 1 in CLOSED state
	at org.apache.hadoop.ozone.container.common.impl.HddsDispatcher.validateContainerCommand(HddsDispatcher.java:569) ~[hdds-container-service-1.5.0-SNAPSHOT.jar:?]
	at org.apache.hadoop.ozone.container.common.transport.server.ratis.ContainerStateMachine.startTransaction(ContainerStateMachine.java:418) ~[hdds-container-service-1.5.0-SNAPSHOT.jar:?]
	at org.apache.ratis.server.impl.RaftServerImpl.writeAsyncImpl(RaftServerImpl.java:975) ~[ratis-server-3.1.0.jar:3.1.0]
	at org.apache.ratis.server.impl.RaftServerImpl.writeAsync(RaftServerImpl.java:945) ~[ratis-server-3.1.0.jar:3.1.0]
	at org.apache.ratis.server.impl.RaftServerImpl.replyFuture(RaftServerImpl.java:937) ~[ratis-server-3.1.0.jar:3.1.0]
	at org.apache.ratis.server.impl.RaftServerImpl.submitClientRequestAsync(RaftServerImpl.java:912) ~[ratis-server-3.1.0.jar:3.1.0]
	at org.apache.ratis.server.impl.RaftServerImpl.lambda$executeSubmitClientRequestAsync$11(RaftServerImpl.java:893) ~[ratis-server-3.1.0.jar:3.1.0]
	at java.base/java.util.concurrent.CompletableFuture$AsyncSupply.run(CompletableFuture.java:1768) [?:?]
	at java.base/java.util.concurrent.ThreadPoolExecutor.runWorker(ThreadPoolExecutor.java:1136) [?:?]
	at java.base/java.util.concurrent.ThreadPoolExecutor$Worker.run(ThreadPoolExecutor.java:635) [?:?]
	at java.base/java.lang.Thread.run(Thread.java:840) [?:?]
2024-08-06 06:55:40,274 [grpc-default-executor-4] ERROR impl.OrderedAsync (OrderedAsync.java:lambda$send$4(181)) - Failed to send request, message=cmdType: PutBlock
traceID: ""
containerID: 1
datanodeUuid: "701c4ea6-6f91-4e49-a6f7-7c8a32a91528"
putBlock {
  blockData {
    blockID {
      containerID: 1
      localID: 113750153625600001
      blockCommitSequenceId: 0
    }
    metadata {
      key: "TYPE"
      value: "KEY"
    }
    chunks {
      chunkName: "113750153625600001_chunk_1"
      offset: 0
      len: 100
      checksumData {
        type: CRC32
        bytesPerChecksum: 16384
        checksums: "\210\301\207P"
      }
    }
    chunks {
      chunkName: "113750153625600001_chunk_2"
      offset: 100
      len: 100
      checksumData {
        type: CRC32
        bytesPerChecksum: 16384
        checksums: "\210\301\207P"
      }
    }
  }
  eof: true
}
version: 4
, data.size=0
java.util.concurrent.CompletionException: org.apache.ratis.protocol.exceptions.StateMachineException: org.apache.hadoop.hdds.scm.container.common.helpers.ContainerNotOpenException from Server 4d58d409-0470-47bf-8499-813befc157d5@group-B32E95555238: Container 1 in CLOSED state
	at org.apache.ratis.client.impl.RaftClientImpl.handleRaftException(RaftClientImpl.java:373)
	at org.apache.ratis.client.impl.OrderedAsync.lambda$send$3(OrderedAsync.java:175)
	at java.base/java.util.concurrent.CompletableFuture$UniApply.tryFire(CompletableFuture.java:646)
	at java.base/java.util.concurrent.CompletableFuture.postComplete(CompletableFuture.java:510)
	at java.base/java.util.concurrent.CompletableFuture.complete(CompletableFuture.java:2147)
	at org.apache.ratis.client.impl.OrderedAsync$PendingOrderedRequest.setReply(OrderedAsync.java:105)
	at org.apache.ratis.client.impl.OrderedAsync$PendingOrderedRequest.setReply(OrderedAsync.java:66)
	at org.apache.ratis.util.SlidingWindow$RequestMap.setReply(SlidingWindow.java:147)
	at org.apache.ratis.util.SlidingWindow$Client.receiveReply(SlidingWindow.java:351)
	at org.apache.ratis.client.impl.OrderedAsync.lambda$sendRequestWithRetry$5(OrderedAsync.java:210)
	at java.base/java.util.concurrent.CompletableFuture$UniAccept.tryFire(CompletableFuture.java:718)
	at java.base/java.util.concurrent.CompletableFuture.postComplete(CompletableFuture.java:510)
	at java.base/java.util.concurrent.CompletableFuture.complete(CompletableFuture.java:2147)
	at org.apache.ratis.grpc.client.GrpcClientProtocolClient$AsyncStreamObservers$1.lambda$onNext$0(GrpcClientProtocolClient.java:322)
	at java.base/java.util.Optional.ifPresent(Optional.java:178)
	at org.apache.ratis.grpc.client.GrpcClientProtocolClient$AsyncStreamObservers.handleReplyFuture(GrpcClientProtocolClient.java:378)
	at org.apache.ratis.grpc.client.GrpcClientProtocolClient$AsyncStreamObservers.access$100(GrpcClientProtocolClient.java:300)
	at org.apache.ratis.grpc.client.GrpcClientProtocolClient$AsyncStreamObservers$1.onNext(GrpcClientProtocolClient.java:322)
	at org.apache.ratis.grpc.client.GrpcClientProtocolClient$AsyncStreamObservers$1.onNext(GrpcClientProtocolClient.java:305)
	at org.apache.ratis.thirdparty.io.grpc.stub.ClientCalls$StreamObserverToCallListenerAdapter.onMessage(ClientCalls.java:468)
	at org.apache.ratis.thirdparty.io.grpc.ForwardingClientCallListener.onMessage(ForwardingClientCallListener.java:33)
	at org.apache.ratis.thirdparty.io.grpc.internal.DelayedClientCall$DelayedListener.onMessage(DelayedClientCall.java:473)
	at org.apache.ratis.thirdparty.io.grpc.internal.ClientCallImpl$ClientStreamListenerImpl$1MessagesAvailable.runInternal(ClientCallImpl.java:660)
	at org.apache.ratis.thirdparty.io.grpc.internal.ClientCallImpl$ClientStreamListenerImpl$1MessagesAvailable.runInContext(ClientCallImpl.java:647)
	at org.apache.ratis.thirdparty.io.grpc.internal.ContextRunnable.run(ContextRunnable.java:37)
	at org.apache.ratis.thirdparty.io.grpc.internal.SerializingExecutor.run(SerializingExecutor.java:133)
	at java.base/java.util.concurrent.ThreadPoolExecutor.runWorker(ThreadPoolExecutor.java:1136)
	at java.base/java.util.concurrent.ThreadPoolExecutor$Worker.run(ThreadPoolExecutor.java:635)
	at java.base/java.lang.Thread.run(Thread.java:840)
Caused by: org.apache.ratis.protocol.exceptions.StateMachineException: org.apache.hadoop.hdds.scm.container.common.helpers.ContainerNotOpenException from Server 4d58d409-0470-47bf-8499-813befc157d5@group-B32E95555238: Container 1 in CLOSED state
	at org.apache.hadoop.ozone.container.common.impl.HddsDispatcher.validateContainerCommand(HddsDispatcher.java:569)
	at org.apache.hadoop.ozone.container.common.transport.server.ratis.ContainerStateMachine.startTransaction(ContainerStateMachine.java:418)
	at org.apache.ratis.server.impl.RaftServerImpl.writeAsyncImpl(RaftServerImpl.java:975)
	at org.apache.ratis.server.impl.RaftServerImpl.writeAsync(RaftServerImpl.java:945)
	at org.apache.ratis.server.impl.RaftServerImpl.replyFuture(RaftServerImpl.java:937)
	at org.apache.ratis.server.impl.RaftServerImpl.submitClientRequestAsync(RaftServerImpl.java:912)
	at org.apache.ratis.server.impl.RaftServerImpl.lambda$executeSubmitClientRequestAsync$11(RaftServerImpl.java:893)
	at java.base/java.util.concurrent.CompletableFuture$AsyncSupply.run(CompletableFuture.java:1768)
	... 3 more
Caused by: org.apache.hadoop.hdds.scm.container.common.helpers.ContainerNotOpenException: Container 1 in CLOSED state
	at java.base/jdk.internal.reflect.NativeConstructorAccessorImpl.newInstance0(Native Method)
	at java.base/jdk.internal.reflect.NativeConstructorAccessorImpl.newInstance(NativeConstructorAccessorImpl.java:77)
	at java.base/jdk.internal.reflect.DelegatingConstructorAccessorImpl.newInstance(DelegatingConstructorAccessorImpl.java:45)
	at java.base/java.lang.reflect.Constructor.newInstanceWithCaller(Constructor.java:500)
	at java.base/java.lang.reflect.Constructor.newInstance(Constructor.java:481)
	at org.apache.ratis.util.ReflectionUtils.instantiateException(ReflectionUtils.java:259)
	at org.apache.ratis.client.impl.ClientProtoUtils.toStateMachineException(ClientProtoUtils.java:451)
	at org.apache.ratis.client.impl.ClientProtoUtils.toStateMachineException(ClientProtoUtils.java:437)
	at org.apache.ratis.client.impl.ClientProtoUtils.toRaftClientReply(ClientProtoUtils.java:404)
	at org.apache.ratis.grpc.client.GrpcClientProtocolClient$AsyncStreamObservers$1.onNext(GrpcClientProtocolClient.java:310)
	at org.apache.ratis.grpc.client.GrpcClientProtocolClient$AsyncStreamObservers$1.onNext(GrpcClientProtocolClient.java:305)
	at org.apache.ratis.thirdparty.io.grpc.stub.ClientCalls$StreamObserverToCallListenerAdapter.onMessage(ClientCalls.java:468)
	at org.apache.ratis.thirdparty.io.grpc.ForwardingClientCallListener.onMessage(ForwardingClientCallListener.java:33)
	at org.apache.ratis.thirdparty.io.grpc.internal.DelayedClientCall$DelayedListener.onMessage(DelayedClientCall.java:473)
	at org.apache.ratis.thirdparty.io.grpc.internal.ClientCallImpl$ClientStreamListenerImpl$1MessagesAvailable.runInternal(ClientCallImpl.java:660)
	at org.apache.ratis.thirdparty.io.grpc.internal.ClientCallImpl$ClientStreamListenerImpl$1MessagesAvailable.runInContext(ClientCallImpl.java:647)
	at org.apache.ratis.thirdparty.io.grpc.internal.ContextRunnable.run(ContextRunnable.java:37)
	at org.apache.ratis.thirdparty.io.grpc.internal.SerializingExecutor.run(SerializingExecutor.java:133)
	... 3 more
2024-08-06 06:55:40,277 [IPC Server handler 14 on default port 15249] ERROR key.OMKeyCommitRequest (OMKeyCommitRequest.java:processResult(486)) - Key committed failed. Volume:volume41563, Bucket:bucket11285, Key:file. Exception:{}
KEY_NOT_FOUND org.apache.hadoop.ozone.om.exceptions.OMException: Failed to commit key, as /4611686018427388160/4611686018427388416/4611686018427388416/file/112913765969821711 entry is not found in the OpenKey table
	at org.apache.hadoop.ozone.om.request.key.OMKeyCommitRequestWithFSO.validateAndUpdateCache(OMKeyCommitRequestWithFSO.java:182)
	at org.apache.hadoop.ozone.protocolPB.OzoneManagerRequestHandler.lambda$0(OzoneManagerRequestHandler.java:410)
	at org.apache.hadoop.util.MetricUtil.captureLatencyNs(MetricUtil.java:45)
	at org.apache.hadoop.ozone.protocolPB.OzoneManagerRequestHandler.handleWriteRequestImpl(OzoneManagerRequestHandler.java:408)
	at org.apache.hadoop.ozone.protocolPB.RequestHandler.handleWriteRequest(RequestHandler.java:63)
	at org.apache.hadoop.ozone.protocolPB.OzoneManagerProtocolServerSideTranslatorPB.submitRequestDirectlyToOM(OzoneManagerProtocolServerSideTranslatorPB.java:309)
	at org.apache.hadoop.ozone.protocolPB.OzoneManagerProtocolServerSideTranslatorPB.internalProcessRequest(OzoneManagerProtocolServerSideTranslatorPB.java:198)
	at org.apache.hadoop.ozone.protocolPB.OzoneManagerProtocolServerSideTranslatorPB.processRequest(OzoneManagerProtocolServerSideTranslatorPB.java:162)
	at org.apache.hadoop.hdds.server.OzoneProtocolMessageDispatcher.processRequest(OzoneProtocolMessageDispatcher.java:89)
	at org.apache.hadoop.ozone.protocolPB.OzoneManagerProtocolServerSideTranslatorPB.submitRequest(OzoneManagerProtocolServerSideTranslatorPB.java:153)
	at org.apache.hadoop.ozone.protocol.proto.OzoneManagerProtocolProtos$OzoneManagerService$2.callBlockingMethod(OzoneManagerProtocolProtos.java)
	at org.apache.hadoop.ipc.ProtobufRpcEngine$Server.processCall(ProtobufRpcEngine.java:484)
	at org.apache.hadoop.ipc.ProtobufRpcEngine2$Server$ProtoBufRpcInvoker.call(ProtobufRpcEngine2.java:595)
	at org.apache.hadoop.ipc.ProtobufRpcEngine2$Server$ProtoBufRpcInvoker.call(ProtobufRpcEngine2.java:573)
	at org.apache.hadoop.ipc.RPC$Server.call(RPC.java:1227)
	at org.apache.hadoop.ipc.Server$RpcCall.run(Server.java:1094)
	at org.apache.hadoop.ipc.Server$RpcCall.run(Server.java:1017)
	at java.base/java.security.AccessController.doPrivileged(AccessController.java:712)
	at java.base/javax.security.auth.Subject.doAs(Subject.java:439)
	at org.apache.hadoop.security.UserGroupInformation.doAs(UserGroupInformation.java:1899)
	at org.apache.hadoop.ipc.Server$Handler.run(Server.java:3048)
06:55:40.277 [IPC Server handler 14 on default port 15249] ERROR OMAudit - user=runner | ip=127.0.0.1 | op=COMMIT_KEY {volume=volume41563, bucket=bucket11285, key=file, dataSize=200, replicationType=RATIS, replicationFactor=THREE, Transaction=7} | ret=FAILURE
org.apache.hadoop.ozone.om.exceptions.OMException: Failed to commit key, as /4611686018427388160/4611686018427388416/4611686018427388416/file/112913765969821711 entry is not found in the OpenKey table
	at org.apache.hadoop.ozone.om.request.key.OMKeyCommitRequestWithFSO.validateAndUpdateCache(OMKeyCommitRequestWithFSO.java:182) ~[ozone-manager-1.5.0-SNAPSHOT.jar:?]
	at org.apache.hadoop.ozone.protocolPB.OzoneManagerRequestHandler.lambda$0(OzoneManagerRequestHandler.java:410) ~[ozone-manager-1.5.0-SNAPSHOT.jar:?]
	at org.apache.hadoop.util.MetricUtil.captureLatencyNs(MetricUtil.java:45) ~[hdds-common-1.5.0-SNAPSHOT.jar:?]
	at org.apache.hadoop.ozone.protocolPB.OzoneManagerRequestHandler.handleWriteRequestImpl(OzoneManagerRequestHandler.java:408) ~[ozone-manager-1.5.0-SNAPSHOT.jar:?]
	at org.apache.hadoop.ozone.protocolPB.RequestHandler.handleWriteRequest(RequestHandler.java:63) ~[ozone-manager-1.5.0-SNAPSHOT.jar:?]
	at org.apache.hadoop.ozone.protocolPB.OzoneManagerProtocolServerSideTranslatorPB.submitRequestDirectlyToOM(OzoneManagerProtocolServerSideTranslatorPB.java:309) ~[ozone-manager-1.5.0-SNAPSHOT.jar:?]
	at org.apache.hadoop.ozone.protocolPB.OzoneManagerProtocolServerSideTranslatorPB.internalProcessRequest(OzoneManagerProtocolServerSideTranslatorPB.java:198) ~[ozone-manager-1.5.0-SNAPSHOT.jar:?]
	at org.apache.hadoop.ozone.protocolPB.OzoneManagerProtocolServerSideTranslatorPB.processRequest(OzoneManagerProtocolServerSideTranslatorPB.java:162) ~[ozone-manager-1.5.0-SNAPSHOT.jar:?]
	at org.apache.hadoop.hdds.server.OzoneProtocolMessageDispatcher.processRequest(OzoneProtocolMessageDispatcher.java:89) ~[hdds-server-framework-1.5.0-SNAPSHOT.jar:?]
	at org.apache.hadoop.ozone.protocolPB.OzoneManagerProtocolServerSideTranslatorPB.submitRequest(OzoneManagerProtocolServerSideTranslatorPB.java:153) ~[ozone-manager-1.5.0-SNAPSHOT.jar:?]
	at org.apache.hadoop.ozone.protocol.proto.OzoneManagerProtocolProtos$OzoneManagerService$2.callBlockingMethod(OzoneManagerProtocolProtos.java) ~[ozone-interface-client-1.5.0-SNAPSHOT.jar:?]
	at org.apache.hadoop.ipc.ProtobufRpcEngine$Server.processCall(ProtobufRpcEngine.java:484) ~[hadoop-common-3.3.6.jar:?]
	at org.apache.hadoop.ipc.ProtobufRpcEngine2$Server$ProtoBufRpcInvoker.call(ProtobufRpcEngine2.java:595) ~[hadoop-common-3.3.6.jar:?]
	at org.apache.hadoop.ipc.ProtobufRpcEngine2$Server$ProtoBufRpcInvoker.call(ProtobufRpcEngine2.java:573) ~[hadoop-common-3.3.6.jar:?]
	at org.apache.hadoop.ipc.RPC$Server.call(RPC.java:1227) ~[hadoop-common-3.3.6.jar:?]
	at org.apache.hadoop.ipc.Server$RpcCall.run(Server.java:1094) ~[hadoop-common-3.3.6.jar:?]
	at org.apache.hadoop.ipc.Server$RpcCall.run(Server.java:1017) ~[hadoop-common-3.3.6.jar:?]
	at java.base/java.security.AccessController.doPrivileged(AccessController.java:712) [?:?]
	at java.base/javax.security.auth.Subject.doAs(Subject.java:439) [?:?]
	at org.apache.hadoop.security.UserGroupInformation.doAs(UserGroupInformation.java:1899) [hadoop-common-3.3.6.jar:?]
	at org.apache.hadoop.ipc.Server$Handler.run(Server.java:3048) [hadoop-common-3.3.6.jar:?]
2024-08-06 06:55:40,281 [main] INFO  ozone.MiniOzoneClusterImpl (MiniOzoneClusterImpl.java:shutdown(410)) - Shutting down the Mini Ozone Cluster
2024-08-06 06:55:40,281 [main] INFO  db.CodecTestUtil (CodecTestUtil.java:gc(50)) - gc 0
2024-08-06 06:55:40,463 [main] INFO  ozone.MiniOzoneClusterImpl (MiniOzoneClusterImpl.java:stop(426)) - Stopping the Mini Ozone Cluster
2024-08-06 06:55:40,463 [main] INFO  om.OzoneManager (OzoneManager.java:stop(2241)) - om1[localhost:15249]: Stopping Ozone Manager
2024-08-06 06:55:40,463 [main] INFO  ipc.Server (Server.java:stop(3523)) - Stopping server on 15249
2024-08-06 06:55:40,465 [IPC Server listener on 15249] INFO  ipc.Server (Server.java:run(1434)) - Stopping IPC Server listener on 15249
2024-08-06 06:55:40,466 [main] INFO  ratis.OzoneManagerDoubleBuffer (OzoneManagerDoubleBuffer.java:stopDaemon(517)) - Stopping OMDoubleBuffer flush thread
2024-08-06 06:55:40,465 [IPC Server Responder] INFO  ipc.Server (Server.java:run(1567)) - Stopping IPC Server Responder
2024-08-06 06:55:40,466 [OMDoubleBufferFlushThread] INFO  ratis.OzoneManagerDoubleBuffer (OzoneManagerDoubleBuffer.java:canFlush(581)) - OMDoubleBuffer flush thread OMDoubleBufferFlushThread is interrupted and will exit.
2024-08-06 06:55:40,467 [main] INFO  utils.BackgroundService (BackgroundService.java:shutdown(163)) - Shutting down service KeyDeletingService
2024-08-06 06:55:40,467 [main] INFO  utils.BackgroundService (BackgroundService.java:shutdown(163)) - Shutting down service DirectoryDeletingService
2024-08-06 06:55:40,467 [main] INFO  utils.BackgroundService (BackgroundService.java:shutdown(163)) - Shutting down service OpenKeyCleanupService
2024-08-06 06:55:40,467 [main] INFO  utils.BackgroundService (BackgroundService.java:shutdown(163)) - Shutting down service SstFilteringService
2024-08-06 06:55:40,468 [main] INFO  utils.BackgroundService (BackgroundService.java:shutdown(163)) - Shutting down service SnapshotDeletingService
2024-08-06 06:55:40,468 [main] INFO  utils.BackgroundService (BackgroundService.java:shutdown(163)) - Shutting down service MultipartUploadCleanupService
2024-08-06 06:55:40,468 [main] INFO  utils.BackgroundService (BackgroundService.java:shutdown(163)) - Shutting down service SnapshotDirectoryCleaningService
2024-08-06 06:55:40,468 [main] INFO  handler.ContextHandler (ContextHandler.java:doStop(1159)) - Stopped o.e.j.w.WebAppContext@36229f3a{ozoneManager,/,null,STOPPED}{file:/home/runner/work/ozone/ozone/hadoop-ozone/integration-test/target/test-classes/webapps/ozoneManager}
2024-08-06 06:55:40,469 [main] INFO  server.AbstractConnector (AbstractConnector.java:doStop(383)) - Stopped ServerConnector@2dd605b9{HTTP/1.1, (http/1.1)}{0.0.0.0:15250}
2024-08-06 06:55:40,469 [main] INFO  server.session (HouseKeeper.java:stopScavenging(149)) - node0 Stopped scavenging
2024-08-06 06:55:40,469 [main] INFO  handler.ContextHandler (ContextHandler.java:doStop(1159)) - Stopped o.e.j.s.ServletContextHandler@51ced4b4{static,/static,file:///home/runner/work/ozone/ozone/hadoop-ozone/integration-test/target/test-classes/webapps/static,STOPPED}
2024-08-06 06:55:40,469 [main] INFO  handler.ContextHandler (ContextHandler.java:doStop(1159)) - Stopped o.e.j.s.ServletContextHandler@4c53526a{logs,/logs,file:///home/runner/work/ozone/ozone/hadoop-ozone/integration-test/target/log,STOPPED}
2024-08-06 06:55:40,470 [main] INFO  rocksdiff.RocksDBCheckpointDiffer (RocksDBCheckpointDiffer.java:close(306)) - Shutting down CompactionDagPruningService.
2024-08-06 06:55:40,472 [main] INFO  snapshot.SnapshotDiffManager (SnapshotDiffManager.java:closeExecutorService(1657)) - Shutting down executorService: 'SnapDiffExecutor'
2024-08-06 06:55:40,472 [main] INFO  utils.BackgroundService (BackgroundService.java:shutdown(163)) - Shutting down service SnapshotDiffCleanupService
2024-08-06 06:55:40,473 [JvmPauseMonitor36] INFO  util.JvmPauseMonitor (JvmPauseMonitor.java:run(152)) - JvmPauseMonitor-3751d7ab-ec77-42b5-85b9-2fae39fd3d11: Stopped
2024-08-06 06:55:40,473 [main] INFO  ozone.MiniOzoneClusterImpl (MiniOzoneClusterImpl.java:stopDatanodes(485)) - Stopping the HddsDatanodes
2024-08-06 06:55:40,474 [ForkJoinPool.commonPool-worker-1] INFO  ozoneimpl.OzoneContainer (OzoneContainer.java:stop(481)) - Attempting to stop container services.
2024-08-06 06:55:40,474 [ContainerMetadataScanner] WARN  ozoneimpl.AbstractBackgroundContainerScanner (AbstractBackgroundContainerScanner.java:handleRemainingSleep(134)) - Background container scan was interrupted.
2024-08-06 06:55:40,475 [ContainerMetadataScanner] INFO  ozoneimpl.AbstractBackgroundContainerScanner (AbstractBackgroundContainerScanner.java:run(61)) - Thread[ContainerMetadataScanner,5,main] exiting.
2024-08-06 06:55:40,475 [ForkJoinPool.commonPool-worker-1] INFO  ozoneimpl.BackgroundContainerDataScanner (BackgroundContainerDataScanner.java:shutdown(141)) - ContainerDataScanner(/home/runner/work/ozone/ozone/hadoop-ozone/integration-test/target/test-dir/MiniOzoneClusterImpl-0b493811-7be1-4111-9212-de561dacad59/ozone-meta/datanode-3/data-0/hdds) is shutting down. 
2024-08-06 06:55:40,475 [ContainerDataScanner(/home/runner/work/ozone/ozone/hadoop-ozone/integration-test/target/test-dir/MiniOzoneClusterImpl-0b493811-7be1-4111-9212-de561dacad59/ozone-meta/datanode-3/data-0/hdds)] WARN  ozoneimpl.AbstractBackgroundContainerScanner (AbstractBackgroundContainerScanner.java:handleRemainingSleep(134)) - Background container scan was interrupted.
2024-08-06 06:55:40,476 [ContainerDataScanner(/home/runner/work/ozone/ozone/hadoop-ozone/integration-test/target/test-dir/MiniOzoneClusterImpl-0b493811-7be1-4111-9212-de561dacad59/ozone-meta/datanode-3/data-0/hdds)] INFO  ozoneimpl.AbstractBackgroundContainerScanner (AbstractBackgroundContainerScanner.java:run(61)) - ContainerDataScanner(/home/runner/work/ozone/ozone/hadoop-ozone/integration-test/target/test-dir/MiniOzoneClusterImpl-0b493811-7be1-4111-9212-de561dacad59/ozone-meta/datanode-3/data-0/hdds, DS-bfc28b55-eb90-44c1-8c3b-8bc74b028d27) exiting.
2024-08-06 06:55:40,476 [ForkJoinPool.commonPool-worker-3] INFO  ozoneimpl.OzoneContainer (OzoneContainer.java:stop(481)) - Attempting to stop container services.
2024-08-06 06:55:40,476 [ContainerMetadataScanner] WARN  ozoneimpl.AbstractBackgroundContainerScanner (AbstractBackgroundContainerScanner.java:handleRemainingSleep(134)) - Background container scan was interrupted.
2024-08-06 06:55:40,476 [ContainerMetadataScanner] INFO  ozoneimpl.AbstractBackgroundContainerScanner (AbstractBackgroundContainerScanner.java:run(61)) - Thread[ContainerMetadataScanner,5,main] exiting.
2024-08-06 06:55:40,476 [ForkJoinPool.commonPool-worker-3] INFO  ozoneimpl.BackgroundContainerDataScanner (BackgroundContainerDataScanner.java:shutdown(141)) - ContainerDataScanner(/home/runner/work/ozone/ozone/hadoop-ozone/integration-test/target/test-dir/MiniOzoneClusterImpl-0b493811-7be1-4111-9212-de561dacad59/ozone-meta/datanode-1/data-0/hdds) is shutting down. 
2024-08-06 06:55:40,476 [ContainerDataScanner(/home/runner/work/ozone/ozone/hadoop-ozone/integration-test/target/test-dir/MiniOzoneClusterImpl-0b493811-7be1-4111-9212-de561dacad59/ozone-meta/datanode-1/data-0/hdds)] WARN  ozoneimpl.AbstractBackgroundContainerScanner (AbstractBackgroundContainerScanner.java:handleRemainingSleep(134)) - Background container scan was interrupted.
2024-08-06 06:55:40,476 [ContainerDataScanner(/home/runner/work/ozone/ozone/hadoop-ozone/integration-test/target/test-dir/MiniOzoneClusterImpl-0b493811-7be1-4111-9212-de561dacad59/ozone-meta/datanode-1/data-0/hdds)] INFO  ozoneimpl.AbstractBackgroundContainerScanner (AbstractBackgroundContainerScanner.java:run(61)) - ContainerDataScanner(/home/runner/work/ozone/ozone/hadoop-ozone/integration-test/target/test-dir/MiniOzoneClusterImpl-0b493811-7be1-4111-9212-de561dacad59/ozone-meta/datanode-1/data-0/hdds, DS-bd4ead13-077d-4329-a404-2712b224d2c5) exiting.
2024-08-06 06:55:40,476 [ForkJoinPool.commonPool-worker-1] INFO  ozoneimpl.OnDemandContainerDataScanner (OnDemandContainerDataScanner.java:shutdownScanner(206)) - On-demand container scanner is shutting down.
2024-08-06 06:55:40,477 [ForkJoinPool.commonPool-worker-1] INFO  server.RaftServer (RaftServerProxy.java:lambda$close$9(418)) - 701c4ea6-6f91-4e49-a6f7-7c8a32a91528: close
2024-08-06 06:55:40,477 [ForkJoinPool.commonPool-worker-3] INFO  server.RaftServer (RaftServerProxy.java:lambda$close$9(418)) - 2c741729-621d-48c8-a79f-44c82515a6f1: close
2024-08-06 06:55:40,477 [701c4ea6-6f91-4e49-a6f7-7c8a32a91528-impl-thread1] INFO  server.RaftServer$Division (RaftServerImpl.java:lambda$close$1(501)) - 701c4ea6-6f91-4e49-a6f7-7c8a32a91528@group-B32E95555238: shutdown
2024-08-06 06:55:40,477 [2c741729-621d-48c8-a79f-44c82515a6f1-impl-thread1] INFO  server.RaftServer$Division (RaftServerImpl.java:lambda$close$1(501)) - 2c741729-621d-48c8-a79f-44c82515a6f1@group-B32E95555238: shutdown
2024-08-06 06:55:40,477 [2c741729-621d-48c8-a79f-44c82515a6f1-impl-thread1] INFO  util.JmxRegister (JmxRegister.java:unregister(74)) - Successfully un-registered JMX Bean with object name Ratis:service=RaftServer,group=group-B32E95555238,id=2c741729-621d-48c8-a79f-44c82515a6f1
2024-08-06 06:55:40,477 [2c741729-621d-48c8-a79f-44c82515a6f1-impl-thread1] INFO  impl.RoleInfo (RoleInfo.java:shutdownFollowerState(119)) - 2c741729-621d-48c8-a79f-44c82515a6f1: shutdown 2c741729-621d-48c8-a79f-44c82515a6f1@group-B32E95555238-FollowerState
2024-08-06 06:55:40,477 [701c4ea6-6f91-4e49-a6f7-7c8a32a91528-impl-thread1] INFO  util.JmxRegister (JmxRegister.java:unregister(74)) - Successfully un-registered JMX Bean with object name Ratis:service=RaftServer,group=group-B32E95555238,id=701c4ea6-6f91-4e49-a6f7-7c8a32a91528
2024-08-06 06:55:40,477 [2c741729-621d-48c8-a79f-44c82515a6f1@group-B32E95555238-FollowerState] INFO  impl.FollowerState (FollowerState.java:run(153)) - 2c741729-621d-48c8-a79f-44c82515a6f1@group-B32E95555238-FollowerState was interrupted
2024-08-06 06:55:40,477 [ForkJoinPool.commonPool-worker-3] INFO  server.GrpcService (GrpcService.java:closeImpl(311)) - 2c741729-621d-48c8-a79f-44c82515a6f1: shutdown server GrpcServerProtocolService now
2024-08-06 06:55:40,477 [2c741729-621d-48c8-a79f-44c82515a6f1-impl-thread1] INFO  impl.StateMachineUpdater (StateMachineUpdater.java:stopAndJoin(164)) - 2c741729-621d-48c8-a79f-44c82515a6f1@group-B32E95555238-StateMachineUpdater: set stopIndex = 9
2024-08-06 06:55:40,477 [main] INFO  ozoneimpl.OzoneContainer (OzoneContainer.java:stop(481)) - Attempting to stop container services.
2024-08-06 06:55:40,478 [ContainerMetadataScanner] WARN  ozoneimpl.AbstractBackgroundContainerScanner (AbstractBackgroundContainerScanner.java:handleRemainingSleep(134)) - Background container scan was interrupted.
2024-08-06 06:55:40,478 [ContainerMetadataScanner] INFO  ozoneimpl.AbstractBackgroundContainerScanner (AbstractBackgroundContainerScanner.java:run(61)) - Thread[ContainerMetadataScanner,5,main] exiting.
2024-08-06 06:55:40,478 [main] INFO  ozoneimpl.BackgroundContainerDataScanner (BackgroundContainerDataScanner.java:shutdown(141)) - ContainerDataScanner(/home/runner/work/ozone/ozone/hadoop-ozone/integration-test/target/test-dir/MiniOzoneClusterImpl-0b493811-7be1-4111-9212-de561dacad59/ozone-meta/datanode-2/data-0/hdds) is shutting down. 
2024-08-06 06:55:40,478 [ContainerDataScanner(/home/runner/work/ozone/ozone/hadoop-ozone/integration-test/target/test-dir/MiniOzoneClusterImpl-0b493811-7be1-4111-9212-de561dacad59/ozone-meta/datanode-2/data-0/hdds)] WARN  ozoneimpl.AbstractBackgroundContainerScanner (AbstractBackgroundContainerScanner.java:handleRemainingSleep(134)) - Background container scan was interrupted.
2024-08-06 06:55:40,479 [ContainerDataScanner(/home/runner/work/ozone/ozone/hadoop-ozone/integration-test/target/test-dir/MiniOzoneClusterImpl-0b493811-7be1-4111-9212-de561dacad59/ozone-meta/datanode-2/data-0/hdds)] INFO  ozoneimpl.AbstractBackgroundContainerScanner (AbstractBackgroundContainerScanner.java:run(61)) - ContainerDataScanner(/home/runner/work/ozone/ozone/hadoop-ozone/integration-test/target/test-dir/MiniOzoneClusterImpl-0b493811-7be1-4111-9212-de561dacad59/ozone-meta/datanode-2/data-0/hdds, DS-09becff0-a66f-4706-ac1a-ac3c4acf5f85) exiting.
2024-08-06 06:55:40,477 [2c741729-621d-48c8-a79f-44c82515a6f1-impl-thread2] INFO  server.RaftServer$Division (RaftServerImpl.java:lambda$close$1(501)) - 2c741729-621d-48c8-a79f-44c82515a6f1@group-DAE9A42C1D5C: shutdown
2024-08-06 06:55:40,478 [grpc-default-executor-1] WARN  server.GrpcServerProtocolService (LogUtils.java:warn(121)) - 2c741729-621d-48c8-a79f-44c82515a6f1: APPEND_ENTRIES onError, lastRequest: 4d58d409-0470-47bf-8499-813befc157d5->2c741729-621d-48c8-a79f-44c82515a6f1#20-t1,previous=(t:1, i:9),leaderCommit=9,initializing? false,entries: size=1, first=(t:1, i:10), METADATAENTRY(c:9): org.apache.ratis.thirdparty.io.grpc.StatusRuntimeException: CANCELLED: client cancelled
2024-08-06 06:55:40,479 [main] INFO  server.RaftServer (RaftServerProxy.java:lambda$close$9(418)) - 4d58d409-0470-47bf-8499-813befc157d5: close
2024-08-06 06:55:40,479 [4d58d409-0470-47bf-8499-813befc157d5-impl-thread1] INFO  server.RaftServer$Division (RaftServerImpl.java:lambda$close$1(501)) - 4d58d409-0470-47bf-8499-813befc157d5@group-B32E95555238: shutdown
2024-08-06 06:55:40,479 [4d58d409-0470-47bf-8499-813befc157d5-impl-thread1] INFO  util.JmxRegister (JmxRegister.java:unregister(74)) - Successfully un-registered JMX Bean with object name Ratis:service=RaftServer,group=group-B32E95555238,id=4d58d409-0470-47bf-8499-813befc157d5
2024-08-06 06:55:40,479 [4d58d409-0470-47bf-8499-813befc157d5-impl-thread1] INFO  impl.RoleInfo (RoleInfo.java:shutdownLeaderState(103)) - 4d58d409-0470-47bf-8499-813befc157d5: shutdown 4d58d409-0470-47bf-8499-813befc157d5@group-B32E95555238-LeaderStateImpl
2024-08-06 06:55:40,479 [4d58d409-0470-47bf-8499-813befc157d5-impl-thread2] INFO  server.RaftServer$Division (RaftServerImpl.java:lambda$close$1(501)) - 4d58d409-0470-47bf-8499-813befc157d5@group-DAE9A42C1D5C: shutdown
2024-08-06 06:55:40,479 [4d58d409-0470-47bf-8499-813befc157d5-impl-thread2] INFO  util.JmxRegister (JmxRegister.java:unregister(74)) - Successfully un-registered JMX Bean with object name Ratis:service=RaftServer,group=group-DAE9A42C1D5C,id=4d58d409-0470-47bf-8499-813befc157d5
2024-08-06 06:55:40,479 [4d58d409-0470-47bf-8499-813befc157d5-impl-thread2] INFO  impl.RoleInfo (RoleInfo.java:shutdownFollowerState(119)) - 4d58d409-0470-47bf-8499-813befc157d5: shutdown 4d58d409-0470-47bf-8499-813befc157d5@group-DAE9A42C1D5C-FollowerState
2024-08-06 06:55:40,479 [4d58d409-0470-47bf-8499-813befc157d5@group-DAE9A42C1D5C-FollowerState] INFO  impl.FollowerState (FollowerState.java:run(153)) - 4d58d409-0470-47bf-8499-813befc157d5@group-DAE9A42C1D5C-FollowerState was interrupted
2024-08-06 06:55:40,480 [4d58d409-0470-47bf-8499-813befc157d5@group-DAE9A42C1D5C-StateMachineUpdater] INFO  ratis.ContainerStateMachine (ContainerStateMachine.java:takeSnapshot(355)) - group-DAE9A42C1D5C: Taking a snapshot at:(t:1, i:0) file /home/runner/work/ozone/ozone/hadoop-ozone/integration-test/target/test-dir/MiniOzoneClusterImpl-0b493811-7be1-4111-9212-de561dacad59/ozone-meta/datanode-2/ratis/04ef4600-2ec6-4caf-bc15-dae9a42c1d5c/sm/snapshot.1_0
2024-08-06 06:55:40,480 [4d58d409-0470-47bf-8499-813befc157d5-impl-thread2] INFO  impl.StateMachineUpdater (StateMachineUpdater.java:stopAndJoin(164)) - 4d58d409-0470-47bf-8499-813befc157d5@group-DAE9A42C1D5C-StateMachineUpdater: set stopIndex = 0
2024-08-06 06:55:40,480 [main] INFO  server.GrpcService (GrpcService.java:closeImpl(311)) - 4d58d409-0470-47bf-8499-813befc157d5: shutdown server GrpcServerProtocolService now
2024-08-06 06:55:40,480 [4d58d409-0470-47bf-8499-813befc157d5-impl-thread3] INFO  server.RaftServer$Division (RaftServerImpl.java:lambda$close$1(501)) - 4d58d409-0470-47bf-8499-813befc157d5@group-099AB90A8329: shutdown
2024-08-06 06:55:40,480 [4d58d409-0470-47bf-8499-813befc157d5-impl-thread3] INFO  util.JmxRegister (JmxRegister.java:unregister(74)) - Successfully un-registered JMX Bean with object name Ratis:service=RaftServer,group=group-099AB90A8329,id=4d58d409-0470-47bf-8499-813befc157d5
2024-08-06 06:55:40,480 [4d58d409-0470-47bf-8499-813befc157d5-impl-thread3] INFO  impl.RoleInfo (RoleInfo.java:shutdownLeaderState(103)) - 4d58d409-0470-47bf-8499-813befc157d5: shutdown 4d58d409-0470-47bf-8499-813befc157d5@group-099AB90A8329-LeaderStateImpl
2024-08-06 06:55:40,480 [4d58d409-0470-47bf-8499-813befc157d5-impl-thread3] INFO  impl.PendingRequests (PendingRequests.java:sendNotLeaderResponses(287)) - 4d58d409-0470-47bf-8499-813befc157d5@group-099AB90A8329-PendingRequests: sendNotLeaderResponses
2024-08-06 06:55:40,480 [4d58d409-0470-47bf-8499-813befc157d5@group-DAE9A42C1D5C-StateMachineUpdater] INFO  ratis.ContainerStateMachine (ContainerStateMachine.java:takeSnapshot(366)) - group-DAE9A42C1D5C: Finished taking a snapshot at:(t:1, i:0) file:/home/runner/work/ozone/ozone/hadoop-ozone/integration-test/target/test-dir/MiniOzoneClusterImpl-0b493811-7be1-4111-9212-de561dacad59/ozone-meta/datanode-2/ratis/04ef4600-2ec6-4caf-bc15-dae9a42c1d5c/sm/snapshot.1_0 took: 0 ms
2024-08-06 06:55:40,481 [4d58d409-0470-47bf-8499-813befc157d5@group-DAE9A42C1D5C-StateMachineUpdater] INFO  impl.StateMachineUpdater (StateMachineUpdater.java:takeSnapshot(303)) - 4d58d409-0470-47bf-8499-813befc157d5@group-DAE9A42C1D5C-StateMachineUpdater: Took a snapshot at index 0
2024-08-06 06:55:40,481 [4d58d409-0470-47bf-8499-813befc157d5@group-DAE9A42C1D5C-StateMachineUpdater] INFO  impl.StateMachineUpdater (StateMachineUpdater.java:lambda$new$0(102)) - 4d58d409-0470-47bf-8499-813befc157d5@group-DAE9A42C1D5C-StateMachineUpdater: snapshotIndex: updateIncreasingly -1 -> 0
2024-08-06 06:55:40,481 [4d58d409-0470-47bf-8499-813befc157d5@group-DAE9A42C1D5C-StateMachineUpdater] INFO  impl.StateMachineUpdater (StateMachineUpdater.java:stop(141)) - 4d58d409-0470-47bf-8499-813befc157d5@group-DAE9A42C1D5C-StateMachineUpdater: closing ContainerStateMachine, lastApplied=(t:1, i:0)
2024-08-06 06:55:40,481 [4d58d409-0470-47bf-8499-813befc157d5@group-DAE9A42C1D5C-cacheEviction-AwaitToRun] INFO  util.AwaitToRun (AwaitToRun.java:run(49)) - 4d58d409-0470-47bf-8499-813befc157d5@group-DAE9A42C1D5C-cacheEviction-AwaitToRun-AwaitForSignal is interrupted
2024-08-06 06:55:40,481 [grpc-default-executor-9] WARN  server.GrpcServerProtocolService (LogUtils.java:warn(121)) - 4d58d409-0470-47bf-8499-813befc157d5: APPEND_ENTRIES onError, lastRequest: null: org.apache.ratis.thirdparty.io.grpc.StatusRuntimeException: CANCELLED: client cancelled
2024-08-06 06:55:40,482 [Thread-5529] INFO  server.GrpcServerProtocolClient (GrpcServerProtocolClient.java:close(103)) - 701c4ea6-6f91-4e49-a6f7-7c8a32a91528 Close channels
2024-08-06 06:55:40,482 [Thread-5533] INFO  server.GrpcServerProtocolClient (GrpcServerProtocolClient.java:close(103)) - 4d58d409-0470-47bf-8499-813befc157d5 Close channels
2024-08-06 06:55:40,484 [4d58d409-0470-47bf-8499-813befc157d5@group-B32E95555238->701c4ea6-6f91-4e49-a6f7-7c8a32a91528-GrpcLogAppender-LogAppenderDaemon] WARN  server.GrpcLogAppender (GrpcLogAppender.java:mayWait(293)) - 4d58d409-0470-47bf-8499-813befc157d5@group-B32E95555238->701c4ea6-6f91-4e49-a6f7-7c8a32a91528-GrpcLogAppender: Wait interrupted by java.lang.InterruptedException
2024-08-06 06:55:40,485 [grpc-default-executor-9] INFO  server.GrpcLogAppender (GrpcLogAppender.java:onError(537)) - 4d58d409-0470-47bf-8499-813befc157d5@group-B32E95555238->2c741729-621d-48c8-a79f-44c82515a6f1-GrpcLogAppender is already stopped
2024-08-06 06:55:40,485 [grpc-default-executor-9] WARN  server.GrpcLogAppender (LogUtils.java:warn(121)) - 2c741729-621d-48c8-a79f-44c82515a6f1@group-DAE9A42C1D5C->4d58d409-0470-47bf-8499-813befc157d5-AppendLogResponseHandler: Failed appendEntries: org.apache.ratis.thirdparty.io.grpc.StatusRuntimeException: CANCELLED: RST_STREAM closed stream. HTTP/2 error code: CANCEL
2024-08-06 06:55:40,485 [grpc-default-executor-3] WARN  server.GrpcClientProtocolService (LogUtils.java:warn(121)) - 1-UnorderedRequestStreamObserver1: onError: org.apache.ratis.thirdparty.io.grpc.StatusRuntimeException: CANCELLED: client cancelled
2024-08-06 06:55:40,478 [701c4ea6-6f91-4e49-a6f7-7c8a32a91528-impl-thread2] INFO  server.RaftServer$Division (RaftServerImpl.java:lambda$close$1(501)) - 701c4ea6-6f91-4e49-a6f7-7c8a32a91528@group-82C162DB0DE2: shutdown
2024-08-06 06:55:40,478 [2c741729-621d-48c8-a79f-44c82515a6f1-impl-thread3] INFO  server.RaftServer$Division (RaftServerImpl.java:lambda$close$1(501)) - 2c741729-621d-48c8-a79f-44c82515a6f1@group-0D27D26C0BC5: shutdown
2024-08-06 06:55:40,485 [2c741729-621d-48c8-a79f-44c82515a6f1-impl-thread3] INFO  util.JmxRegister (JmxRegister.java:unregister(74)) - Successfully un-registered JMX Bean with object name Ratis:service=RaftServer,group=group-0D27D26C0BC5,id=2c741729-621d-48c8-a79f-44c82515a6f1
2024-08-06 06:55:40,485 [2c741729-621d-48c8-a79f-44c82515a6f1-impl-thread3] INFO  impl.RoleInfo (RoleInfo.java:shutdownLeaderState(103)) - 2c741729-621d-48c8-a79f-44c82515a6f1: shutdown 2c741729-621d-48c8-a79f-44c82515a6f1@group-0D27D26C0BC5-LeaderStateImpl
2024-08-06 06:55:40,485 [2c741729-621d-48c8-a79f-44c82515a6f1-impl-thread3] INFO  impl.PendingRequests (PendingRequests.java:sendNotLeaderResponses(287)) - 2c741729-621d-48c8-a79f-44c82515a6f1@group-0D27D26C0BC5-PendingRequests: sendNotLeaderResponses
2024-08-06 06:55:40,486 [grpc-default-executor-6] WARN  server.GrpcServerProtocolService (LogUtils.java:warn(121)) - 4d58d409-0470-47bf-8499-813befc157d5: APPEND_ENTRIES onError, lastRequest: 2c741729-621d-48c8-a79f-44c82515a6f1->4d58d409-0470-47bf-8499-813befc157d5#1-t1,previous=(t:0, i:0),leaderCommit=-1,initializing? false,entries: size=1, first=(t:1, i:0), CONFIGURATIONENTRY(current:id:"701c4ea6-6f91-4e49-a6f7-7c8a32a91528"address:"127.0.0.1:15275"dataStreamAddress:"127.0.0.1:15278"clientAddress:"127.0.0.1:15275"adminAddress:"127.0.0.1:15275"startupRole:FOLLOWER, id:"4d58d409-0470-47bf-8499-813befc157d5"address:"127.0.0.1:15266"dataStreamAddress:"127.0.0.1:15269"clientAddress:"127.0.0.1:15266"adminAddress:"127.0.0.1:15266"startupRole:FOLLOWER, id:"2c741729-621d-48c8-a79f-44c82515a6f1"address:"127.0.0.1:15257"priority:1dataStreamAddress:"127.0.0.1:15260"clientAddress:"127.0.0.1:15257"adminAddress:"127.0.0.1:15257"startupRole:FOLLOWER, old:): org.apache.ratis.thirdparty.io.grpc.StatusRuntimeException: CANCELLED: client cancelled
2024-08-06 06:55:40,486 [grpc-default-executor-3] INFO  server.GrpcServerProtocolService (GrpcServerProtocolService.java:onCompleted(157)) - 701c4ea6-6f91-4e49-a6f7-7c8a32a91528: Completed APPEND_ENTRIES, lastRequest: 4d58d409-0470-47bf-8499-813befc157d5->701c4ea6-6f91-4e49-a6f7-7c8a32a91528#25-t1,previous=(t:1, i:9),leaderCommit=9,initializing? false,entries: size=1, first=(t:1, i:10), METADATAENTRY(c:9)
2024-08-06 06:55:40,486 [grpc-default-executor-3] INFO  server.GrpcServerProtocolService (GrpcServerProtocolService.java:lambda$onCompleted$5(159)) - 701c4ea6-6f91-4e49-a6f7-7c8a32a91528: Completed APPEND_ENTRIES, lastReply: null
2024-08-06 06:55:40,477 [2c741729-621d-48c8-a79f-44c82515a6f1@group-B32E95555238-StateMachineUpdater] INFO  ratis.ContainerStateMachine (ContainerStateMachine.java:takeSnapshot(355)) - group-B32E95555238: Taking a snapshot at:(t:1, i:9) file /home/runner/work/ozone/ozone/hadoop-ozone/integration-test/target/test-dir/MiniOzoneClusterImpl-0b493811-7be1-4111-9212-de561dacad59/ozone-meta/datanode-1/ratis/d56401b9-9b2b-452d-b2e1-b32e95555238/sm/snapshot.1_9
2024-08-06 06:55:40,477 [701c4ea6-6f91-4e49-a6f7-7c8a32a91528-impl-thread1] INFO  impl.RoleInfo (RoleInfo.java:shutdownFollowerState(119)) - 701c4ea6-6f91-4e49-a6f7-7c8a32a91528: shutdown 701c4ea6-6f91-4e49-a6f7-7c8a32a91528@group-B32E95555238-FollowerState
2024-08-06 06:55:40,486 [701c4ea6-6f91-4e49-a6f7-7c8a32a91528-impl-thread1] INFO  impl.StateMachineUpdater (StateMachineUpdater.java:stopAndJoin(164)) - 701c4ea6-6f91-4e49-a6f7-7c8a32a91528@group-B32E95555238-StateMachineUpdater: set stopIndex = 9
2024-08-06 06:55:40,486 [701c4ea6-6f91-4e49-a6f7-7c8a32a91528@group-B32E95555238-FollowerState] INFO  impl.FollowerState (FollowerState.java:run(153)) - 701c4ea6-6f91-4e49-a6f7-7c8a32a91528@group-B32E95555238-FollowerState was interrupted
2024-08-06 06:55:40,486 [2c741729-621d-48c8-a79f-44c82515a6f1@group-0D27D26C0BC5-StateMachineUpdater] INFO  ratis.ContainerStateMachine (ContainerStateMachine.java:takeSnapshot(355)) - group-0D27D26C0BC5: Taking a snapshot at:(t:1, i:0) file /home/runner/work/ozone/ozone/hadoop-ozone/integration-test/target/test-dir/MiniOzoneClusterImpl-0b493811-7be1-4111-9212-de561dacad59/ozone-meta/datanode-1/ratis/b32766c3-5573-46a9-addc-0d27d26c0bc5/sm/snapshot.1_0
2024-08-06 06:55:40,486 [2c741729-621d-48c8-a79f-44c82515a6f1-impl-thread3] INFO  impl.StateMachineUpdater (StateMachineUpdater.java:stopAndJoin(164)) - 2c741729-621d-48c8-a79f-44c82515a6f1@group-0D27D26C0BC5-StateMachineUpdater: set stopIndex = 0
2024-08-06 06:55:40,485 [grpc-default-executor-9] WARN  server.GrpcLogAppender (GrpcLogAppender.java:resetClient(230)) - 2c741729-621d-48c8-a79f-44c82515a6f1@group-DAE9A42C1D5C->4d58d409-0470-47bf-8499-813befc157d5-GrpcLogAppender: Failed to getClient for 4d58d409-0470-47bf-8499-813befc157d5
org.apache.ratis.protocol.exceptions.AlreadyClosedException: 2c741729-621d-48c8-a79f-44c82515a6f1 is already CLOSED
	at org.apache.ratis.util.PeerProxyMap$PeerAndProxy.getProxy(PeerProxyMap.java:67)
	at org.apache.ratis.util.PeerProxyMap.getProxy(PeerProxyMap.java:124)
	at org.apache.ratis.grpc.server.GrpcLogAppender.getClient(GrpcLogAppender.java:200)
	at org.apache.ratis.grpc.server.GrpcLogAppender.resetClient(GrpcLogAppender.java:205)
	at org.apache.ratis.grpc.server.GrpcLogAppender.access$800(GrpcLogAppender.java:64)
	at org.apache.ratis.grpc.server.GrpcLogAppender$AppendLogResponseHandler.onError(GrpcLogAppender.java:545)
	at org.apache.ratis.thirdparty.io.grpc.stub.ClientCalls$StreamObserverToCallListenerAdapter.onClose(ClientCalls.java:481)
	at org.apache.ratis.thirdparty.io.grpc.internal.DelayedClientCall$DelayedListener$3.run(DelayedClientCall.java:489)
	at org.apache.ratis.thirdparty.io.grpc.internal.DelayedClientCall$DelayedListener.delayOrExecute(DelayedClientCall.java:453)
	at org.apache.ratis.thirdparty.io.grpc.internal.DelayedClientCall$DelayedListener.onClose(DelayedClientCall.java:486)
	at org.apache.ratis.thirdparty.io.grpc.internal.ClientCallImpl.closeObserver(ClientCallImpl.java:567)
	at org.apache.ratis.thirdparty.io.grpc.internal.ClientCallImpl.access$300(ClientCallImpl.java:71)
	at org.apache.ratis.thirdparty.io.grpc.internal.ClientCallImpl$ClientStreamListenerImpl$1StreamClosed.runInternal(ClientCallImpl.java:735)
	at org.apache.ratis.thirdparty.io.grpc.internal.ClientCallImpl$ClientStreamListenerImpl$1StreamClosed.runInContext(ClientCallImpl.java:716)
	at org.apache.ratis.thirdparty.io.grpc.internal.ContextRunnable.run(ContextRunnable.java:37)
	at org.apache.ratis.thirdparty.io.grpc.internal.SerializingExecutor.run(SerializingExecutor.java:133)
	at java.base/java.util.concurrent.ThreadPoolExecutor.runWorker(ThreadPoolExecutor.java:1136)
	at java.base/java.util.concurrent.ThreadPoolExecutor$Worker.run(ThreadPoolExecutor.java:635)
	at java.base/java.lang.Thread.run(Thread.java:840)
2024-08-06 06:55:40,485 [grpc-default-executor-1] WARN  server.GrpcClientProtocolService (LogUtils.java:warn(121)) - 0-OrderedRequestStreamObserver0: onError: org.apache.ratis.thirdparty.io.grpc.StatusRuntimeException: CANCELLED: client cancelled
2024-08-06 06:55:40,481 [4d58d409-0470-47bf-8499-813befc157d5-impl-thread3] INFO  impl.StateMachineUpdater (StateMachineUpdater.java:stopAndJoin(164)) - 4d58d409-0470-47bf-8499-813befc157d5@group-099AB90A8329-StateMachineUpdater: set stopIndex = 0
2024-08-06 06:55:40,481 [4d58d409-0470-47bf-8499-813befc157d5@group-099AB90A8329-StateMachineUpdater] INFO  ratis.ContainerStateMachine (ContainerStateMachine.java:takeSnapshot(355)) - group-099AB90A8329: Taking a snapshot at:(t:1, i:0) file /home/runner/work/ozone/ozone/hadoop-ozone/integration-test/target/test-dir/MiniOzoneClusterImpl-0b493811-7be1-4111-9212-de561dacad59/ozone-meta/datanode-2/ratis/78eb605b-ef1b-49f5-b71a-099ab90a8329/sm/snapshot.1_0
2024-08-06 06:55:40,479 [4d58d409-0470-47bf-8499-813befc157d5@group-B32E95555238->2c741729-621d-48c8-a79f-44c82515a6f1-GrpcLogAppender-LogAppenderDaemon] WARN  server.GrpcLogAppender (GrpcLogAppender.java:mayWait(293)) - 4d58d409-0470-47bf-8499-813befc157d5@group-B32E95555238->2c741729-621d-48c8-a79f-44c82515a6f1-GrpcLogAppender: Wait interrupted by java.lang.InterruptedException
2024-08-06 06:55:40,479 [4d58d409-0470-47bf-8499-813befc157d5-impl-thread1] INFO  impl.PendingRequests (PendingRequests.java:sendNotLeaderResponses(287)) - 4d58d409-0470-47bf-8499-813befc157d5@group-B32E95555238-PendingRequests: sendNotLeaderResponses
2024-08-06 06:55:40,487 [grpc-default-executor-3] INFO  server.GrpcLogAppender (GrpcLogAppender.java:onCompleted(550)) - 4d58d409-0470-47bf-8499-813befc157d5@group-B32E95555238->701c4ea6-6f91-4e49-a6f7-7c8a32a91528-AppendLogResponseHandler: follower responses appendEntries COMPLETED
2024-08-06 06:55:40,479 [701c4ea6-6f91-4e49-a6f7-7c8a32a91528-impl-thread3] INFO  server.RaftServer$Division (RaftServerImpl.java:lambda$close$1(501)) - 701c4ea6-6f91-4e49-a6f7-7c8a32a91528@group-DAE9A42C1D5C: shutdown
2024-08-06 06:55:40,479 [ForkJoinPool.commonPool-worker-1] INFO  server.GrpcService (GrpcService.java:closeImpl(311)) - 701c4ea6-6f91-4e49-a6f7-7c8a32a91528: shutdown server GrpcServerProtocolService now
2024-08-06 06:55:40,479 [grpc-default-executor-4] WARN  server.GrpcLogAppender (LogUtils.java:warn(121)) - 4d58d409-0470-47bf-8499-813befc157d5@group-B32E95555238->2c741729-621d-48c8-a79f-44c82515a6f1-AppendLogResponseHandler: Failed appendEntries: org.apache.ratis.thirdparty.io.grpc.StatusRuntimeException: CANCELLED: RST_STREAM closed stream. HTTP/2 error code: CANCEL
2024-08-06 06:55:40,488 [4d58d409-0470-47bf-8499-813befc157d5-impl-thread1] INFO  impl.StateMachineUpdater (StateMachineUpdater.java:stopAndJoin(164)) - 4d58d409-0470-47bf-8499-813befc157d5@group-B32E95555238-StateMachineUpdater: set stopIndex = 10
2024-08-06 06:55:40,488 [grpc-default-executor-4] WARN  server.GrpcLogAppender (GrpcLogAppender.java:lambda$resetClient$1(221)) - 4d58d409-0470-47bf-8499-813befc157d5@group-B32E95555238->2c741729-621d-48c8-a79f-44c82515a6f1-GrpcLogAppender: Follower failed (request=null, errorCount=1); keep nextIndex (11) unchanged and retry.
2024-08-06 06:55:40,488 [4d58d409-0470-47bf-8499-813befc157d5@group-B32E95555238-StateMachineUpdater] INFO  ratis.ContainerStateMachine (ContainerStateMachine.java:takeSnapshot(355)) - group-B32E95555238: Taking a snapshot at:(t:1, i:10) file /home/runner/work/ozone/ozone/hadoop-ozone/integration-test/target/test-dir/MiniOzoneClusterImpl-0b493811-7be1-4111-9212-de561dacad59/ozone-meta/datanode-2/ratis/d56401b9-9b2b-452d-b2e1-b32e95555238/sm/snapshot.1_10
2024-08-06 06:55:40,479 [grpc-default-executor-7] WARN  server.GrpcServerProtocolService (LogUtils.java:warn(121)) - 2c741729-621d-48c8-a79f-44c82515a6f1: APPEND_ENTRIES onError, lastRequest: null: org.apache.ratis.thirdparty.io.grpc.StatusRuntimeException: CANCELLED: client cancelled
2024-08-06 06:55:40,488 [grpc-default-executor-3] WARN  server.GrpcServerProtocolService (LogUtils.java:warn(121)) - 701c4ea6-6f91-4e49-a6f7-7c8a32a91528: APPEND_ENTRIES onError, lastRequest: null: org.apache.ratis.thirdparty.io.grpc.StatusRuntimeException: CANCELLED: client cancelled
2024-08-06 06:55:40,479 [2c741729-621d-48c8-a79f-44c82515a6f1-impl-thread2] INFO  util.JmxRegister (JmxRegister.java:unregister(74)) - Successfully un-registered JMX Bean with object name Ratis:service=RaftServer,group=group-DAE9A42C1D5C,id=2c741729-621d-48c8-a79f-44c82515a6f1
2024-08-06 06:55:40,488 [701c4ea6-6f91-4e49-a6f7-7c8a32a91528-impl-thread3] INFO  util.JmxRegister (JmxRegister.java:unregister(74)) - Successfully un-registered JMX Bean with object name Ratis:service=RaftServer,group=group-DAE9A42C1D5C,id=701c4ea6-6f91-4e49-a6f7-7c8a32a91528
2024-08-06 06:55:40,488 [4d58d409-0470-47bf-8499-813befc157d5@group-099AB90A8329-StateMachineUpdater] INFO  ratis.ContainerStateMachine (ContainerStateMachine.java:takeSnapshot(366)) - group-099AB90A8329: Finished taking a snapshot at:(t:1, i:0) file:/home/runner/work/ozone/ozone/hadoop-ozone/integration-test/target/test-dir/MiniOzoneClusterImpl-0b493811-7be1-4111-9212-de561dacad59/ozone-meta/datanode-2/ratis/78eb605b-ef1b-49f5-b71a-099ab90a8329/sm/snapshot.1_0 took: 7 ms
2024-08-06 06:55:40,488 [4d58d409-0470-47bf-8499-813befc157d5@group-099AB90A8329-StateMachineUpdater] INFO  impl.StateMachineUpdater (StateMachineUpdater.java:takeSnapshot(303)) - 4d58d409-0470-47bf-8499-813befc157d5@group-099AB90A8329-StateMachineUpdater: Took a snapshot at index 0
2024-08-06 06:55:40,488 [4d58d409-0470-47bf-8499-813befc157d5@group-099AB90A8329-StateMachineUpdater] INFO  impl.StateMachineUpdater (StateMachineUpdater.java:lambda$new$0(102)) - 4d58d409-0470-47bf-8499-813befc157d5@group-099AB90A8329-StateMachineUpdater: snapshotIndex: updateIncreasingly -1 -> 0
2024-08-06 06:55:40,489 [4d58d409-0470-47bf-8499-813befc157d5@group-099AB90A8329-StateMachineUpdater] INFO  impl.StateMachineUpdater (StateMachineUpdater.java:stop(141)) - 4d58d409-0470-47bf-8499-813befc157d5@group-099AB90A8329-StateMachineUpdater: closing ContainerStateMachine, lastApplied=(t:1, i:0)
2024-08-06 06:55:40,487 [2c741729-621d-48c8-a79f-44c82515a6f1@group-0D27D26C0BC5-StateMachineUpdater] INFO  ratis.ContainerStateMachine (ContainerStateMachine.java:takeSnapshot(366)) - group-0D27D26C0BC5: Finished taking a snapshot at:(t:1, i:0) file:/home/runner/work/ozone/ozone/hadoop-ozone/integration-test/target/test-dir/MiniOzoneClusterImpl-0b493811-7be1-4111-9212-de561dacad59/ozone-meta/datanode-1/ratis/b32766c3-5573-46a9-addc-0d27d26c0bc5/sm/snapshot.1_0 took: 1 ms
2024-08-06 06:55:40,489 [4d58d409-0470-47bf-8499-813befc157d5@group-099AB90A8329-cacheEviction-AwaitToRun] INFO  util.AwaitToRun (AwaitToRun.java:run(49)) - 4d58d409-0470-47bf-8499-813befc157d5@group-099AB90A8329-cacheEviction-AwaitToRun-AwaitForSignal is interrupted
2024-08-06 06:55:40,489 [2c741729-621d-48c8-a79f-44c82515a6f1@group-0D27D26C0BC5-StateMachineUpdater] INFO  impl.StateMachineUpdater (StateMachineUpdater.java:takeSnapshot(303)) - 2c741729-621d-48c8-a79f-44c82515a6f1@group-0D27D26C0BC5-StateMachineUpdater: Took a snapshot at index 0
2024-08-06 06:55:40,489 [2c741729-621d-48c8-a79f-44c82515a6f1@group-0D27D26C0BC5-StateMachineUpdater] INFO  impl.StateMachineUpdater (StateMachineUpdater.java:lambda$new$0(102)) - 2c741729-621d-48c8-a79f-44c82515a6f1@group-0D27D26C0BC5-StateMachineUpdater: snapshotIndex: updateIncreasingly -1 -> 0
2024-08-06 06:55:40,489 [2c741729-621d-48c8-a79f-44c82515a6f1@group-0D27D26C0BC5-StateMachineUpdater] INFO  impl.StateMachineUpdater (StateMachineUpdater.java:stop(141)) - 2c741729-621d-48c8-a79f-44c82515a6f1@group-0D27D26C0BC5-StateMachineUpdater: closing ContainerStateMachine, lastApplied=(t:1, i:0)
2024-08-06 06:55:40,487 [2c741729-621d-48c8-a79f-44c82515a6f1@group-B32E95555238-StateMachineUpdater] INFO  ratis.ContainerStateMachine (ContainerStateMachine.java:takeSnapshot(366)) - group-B32E95555238: Finished taking a snapshot at:(t:1, i:9) file:/home/runner/work/ozone/ozone/hadoop-ozone/integration-test/target/test-dir/MiniOzoneClusterImpl-0b493811-7be1-4111-9212-de561dacad59/ozone-meta/datanode-1/ratis/d56401b9-9b2b-452d-b2e1-b32e95555238/sm/snapshot.1_9 took: 9 ms
2024-08-06 06:55:40,489 [2c741729-621d-48c8-a79f-44c82515a6f1@group-0D27D26C0BC5-cacheEviction-AwaitToRun] INFO  util.AwaitToRun (AwaitToRun.java:run(49)) - 2c741729-621d-48c8-a79f-44c82515a6f1@group-0D27D26C0BC5-cacheEviction-AwaitToRun-AwaitForSignal is interrupted
2024-08-06 06:55:40,489 [2c741729-621d-48c8-a79f-44c82515a6f1@group-B32E95555238-StateMachineUpdater] INFO  impl.StateMachineUpdater (StateMachineUpdater.java:takeSnapshot(303)) - 2c741729-621d-48c8-a79f-44c82515a6f1@group-B32E95555238-StateMachineUpdater: Took a snapshot at index 9
2024-08-06 06:55:40,489 [2c741729-621d-48c8-a79f-44c82515a6f1@group-B32E95555238-StateMachineUpdater] INFO  impl.StateMachineUpdater (StateMachineUpdater.java:lambda$new$0(102)) - 2c741729-621d-48c8-a79f-44c82515a6f1@group-B32E95555238-StateMachineUpdater: snapshotIndex: updateIncreasingly -1 -> 9
2024-08-06 06:55:40,489 [2c741729-621d-48c8-a79f-44c82515a6f1@group-B32E95555238-StateMachineUpdater] INFO  impl.StateMachineUpdater (StateMachineUpdater.java:stop(141)) - 2c741729-621d-48c8-a79f-44c82515a6f1@group-B32E95555238-StateMachineUpdater: closing ContainerStateMachine, lastApplied=(t:1, i:9)
2024-08-06 06:55:40,489 [grpc-default-executor-7] WARN  server.GrpcServerProtocolService (LogUtils.java:warn(121)) - 701c4ea6-6f91-4e49-a6f7-7c8a32a91528: APPEND_ENTRIES onError, lastRequest: 2c741729-621d-48c8-a79f-44c82515a6f1->701c4ea6-6f91-4e49-a6f7-7c8a32a91528#1-t1,previous=(t:0, i:0),leaderCommit=-1,initializing? false,entries: size=1, first=(t:1, i:0), CONFIGURATIONENTRY(current:id:"701c4ea6-6f91-4e49-a6f7-7c8a32a91528"address:"127.0.0.1:15275"dataStreamAddress:"127.0.0.1:15278"clientAddress:"127.0.0.1:15275"adminAddress:"127.0.0.1:15275"startupRole:FOLLOWER, id:"4d58d409-0470-47bf-8499-813befc157d5"address:"127.0.0.1:15266"dataStreamAddress:"127.0.0.1:15269"clientAddress:"127.0.0.1:15266"adminAddress:"127.0.0.1:15266"startupRole:FOLLOWER, id:"2c741729-621d-48c8-a79f-44c82515a6f1"address:"127.0.0.1:15257"priority:1dataStreamAddress:"127.0.0.1:15260"clientAddress:"127.0.0.1:15257"adminAddress:"127.0.0.1:15257"startupRole:FOLLOWER, old:): org.apache.ratis.thirdparty.io.grpc.StatusRuntimeException: CANCELLED: client cancelled
2024-08-06 06:55:40,487 [grpc-default-executor-6] WARN  server.GrpcLogAppender (GrpcLogAppender.java:resetClient(230)) - 2c741729-621d-48c8-a79f-44c82515a6f1@group-DAE9A42C1D5C->4d58d409-0470-47bf-8499-813befc157d5-GrpcLogAppender: Failed to getClient for 4d58d409-0470-47bf-8499-813befc157d5
org.apache.ratis.protocol.exceptions.AlreadyClosedException: 2c741729-621d-48c8-a79f-44c82515a6f1 is already CLOSED
	at org.apache.ratis.util.PeerProxyMap$PeerAndProxy.getProxy(PeerProxyMap.java:67)
	at org.apache.ratis.util.PeerProxyMap.getProxy(PeerProxyMap.java:124)
	at org.apache.ratis.grpc.server.GrpcLogAppender.getClient(GrpcLogAppender.java:200)
	at org.apache.ratis.grpc.server.GrpcLogAppender.resetClient(GrpcLogAppender.java:205)
	at org.apache.ratis.grpc.server.GrpcLogAppender.access$800(GrpcLogAppender.java:64)
	at org.apache.ratis.grpc.server.GrpcLogAppender$AppendLogResponseHandler.onError(GrpcLogAppender.java:545)
	at org.apache.ratis.thirdparty.io.grpc.stub.ClientCalls$StreamObserverToCallListenerAdapter.onClose(ClientCalls.java:481)
	at org.apache.ratis.thirdparty.io.grpc.internal.ClientCallImpl.closeObserver(ClientCallImpl.java:567)
	at org.apache.ratis.thirdparty.io.grpc.internal.ClientCallImpl.access$300(ClientCallImpl.java:71)
	at org.apache.ratis.thirdparty.io.grpc.internal.ClientCallImpl$ClientStreamListenerImpl$1StreamClosed.runInternal(ClientCallImpl.java:735)
	at org.apache.ratis.thirdparty.io.grpc.internal.ClientCallImpl$ClientStreamListenerImpl$1StreamClosed.runInContext(ClientCallImpl.java:716)
	at org.apache.ratis.thirdparty.io.grpc.internal.ContextRunnable.run(ContextRunnable.java:37)
	at org.apache.ratis.thirdparty.io.grpc.internal.SerializingExecutor.run(SerializingExecutor.java:133)
	at java.base/java.util.concurrent.ThreadPoolExecutor.runWorker(ThreadPoolExecutor.java:1136)
	at java.base/java.util.concurrent.ThreadPoolExecutor$Worker.run(ThreadPoolExecutor.java:635)
	at java.base/java.lang.Thread.run(Thread.java:840)
2024-08-06 06:55:40,490 [701c4ea6-6f91-4e49-a6f7-7c8a32a91528-impl-thread3] INFO  impl.RoleInfo (RoleInfo.java:shutdownFollowerState(119)) - 701c4ea6-6f91-4e49-a6f7-7c8a32a91528: shutdown 701c4ea6-6f91-4e49-a6f7-7c8a32a91528@group-DAE9A42C1D5C-FollowerState
2024-08-06 06:55:40,490 [701c4ea6-6f91-4e49-a6f7-7c8a32a91528@group-DAE9A42C1D5C-StateMachineUpdater] INFO  ratis.ContainerStateMachine (ContainerStateMachine.java:takeSnapshot(355)) - group-DAE9A42C1D5C: Taking a snapshot at:(t:1, i:0) file /home/runner/work/ozone/ozone/hadoop-ozone/integration-test/target/test-dir/MiniOzoneClusterImpl-0b493811-7be1-4111-9212-de561dacad59/ozone-meta/datanode-3/ratis/04ef4600-2ec6-4caf-bc15-dae9a42c1d5c/sm/snapshot.1_0
2024-08-06 06:55:40,487 [grpc-default-executor-5] INFO  server.GrpcServerProtocolService (GrpcServerProtocolService.java:onCompleted(157)) - 701c4ea6-6f91-4e49-a6f7-7c8a32a91528: Completed APPEND_ENTRIES, lastRequest: null
2024-08-06 06:55:40,487 [701c4ea6-6f91-4e49-a6f7-7c8a32a91528-impl-thread2] INFO  util.JmxRegister (JmxRegister.java:unregister(74)) - Successfully un-registered JMX Bean with object name Ratis:service=RaftServer,group=group-82C162DB0DE2,id=701c4ea6-6f91-4e49-a6f7-7c8a32a91528
2024-08-06 06:55:40,486 [701c4ea6-6f91-4e49-a6f7-7c8a32a91528@group-B32E95555238-StateMachineUpdater] INFO  ratis.ContainerStateMachine (ContainerStateMachine.java:takeSnapshot(355)) - group-B32E95555238: Taking a snapshot at:(t:1, i:9) file /home/runner/work/ozone/ozone/hadoop-ozone/integration-test/target/test-dir/MiniOzoneClusterImpl-0b493811-7be1-4111-9212-de561dacad59/ozone-meta/datanode-3/ratis/d56401b9-9b2b-452d-b2e1-b32e95555238/sm/snapshot.1_9
2024-08-06 06:55:40,490 [2c741729-621d-48c8-a79f-44c82515a6f1@group-B32E95555238-cacheEviction-AwaitToRun] INFO  util.AwaitToRun (AwaitToRun.java:run(49)) - 2c741729-621d-48c8-a79f-44c82515a6f1@group-B32E95555238-cacheEviction-AwaitToRun-AwaitForSignal is interrupted
2024-08-06 06:55:40,490 [grpc-default-executor-5] INFO  server.GrpcServerProtocolService (GrpcServerProtocolService.java:lambda$onCompleted$5(159)) - 701c4ea6-6f91-4e49-a6f7-7c8a32a91528: Completed APPEND_ENTRIES, lastReply: serverReply {
  requestorId: "4d58d409-0470-47bf-8499-813befc157d5"
  replyId: "701c4ea6-6f91-4e49-a6f7-7c8a32a91528"
  raftGroupId {
    id: "\325d\001\271\233+E-\262\341\263.\225UR8"
  }
  callId: 23
  success: true
}
term: 1
nextIndex: 9
followerCommit: 8
matchIndex: 18446744073709551615
isHearbeat: true

2024-08-06 06:55:40,490 [701c4ea6-6f91-4e49-a6f7-7c8a32a91528@group-DAE9A42C1D5C-FollowerState] INFO  impl.FollowerState (FollowerState.java:run(153)) - 701c4ea6-6f91-4e49-a6f7-7c8a32a91528@group-DAE9A42C1D5C-FollowerState was interrupted
2024-08-06 06:55:40,490 [grpc-default-executor-4] WARN  server.GrpcLogAppender (GrpcLogAppender.java:resetClient(230)) - 2c741729-621d-48c8-a79f-44c82515a6f1@group-DAE9A42C1D5C->701c4ea6-6f91-4e49-a6f7-7c8a32a91528-GrpcLogAppender: Failed to getClient for 701c4ea6-6f91-4e49-a6f7-7c8a32a91528
org.apache.ratis.protocol.exceptions.AlreadyClosedException: 2c741729-621d-48c8-a79f-44c82515a6f1 is already CLOSED
	at org.apache.ratis.util.PeerProxyMap$PeerAndProxy.getProxy(PeerProxyMap.java:67)
	at org.apache.ratis.util.PeerProxyMap.getProxy(PeerProxyMap.java:124)
	at org.apache.ratis.grpc.server.GrpcLogAppender.getClient(GrpcLogAppender.java:200)
	at org.apache.ratis.grpc.server.GrpcLogAppender.resetClient(GrpcLogAppender.java:205)
	at org.apache.ratis.grpc.server.GrpcLogAppender.access$800(GrpcLogAppender.java:64)
	at org.apache.ratis.grpc.server.GrpcLogAppender$AppendLogResponseHandler.onError(GrpcLogAppender.java:545)
	at org.apache.ratis.thirdparty.io.grpc.stub.ClientCalls$StreamObserverToCallListenerAdapter.onClose(ClientCalls.java:481)
	at org.apache.ratis.thirdparty.io.grpc.internal.DelayedClientCall$DelayedListener$3.run(DelayedClientCall.java:489)
	at org.apache.ratis.thirdparty.io.grpc.internal.DelayedClientCall$DelayedListener.delayOrExecute(DelayedClientCall.java:453)
	at org.apache.ratis.thirdparty.io.grpc.internal.DelayedClientCall$DelayedListener.onClose(DelayedClientCall.java:486)
	at org.apache.ratis.thirdparty.io.grpc.internal.ClientCallImpl.closeObserver(ClientCallImpl.java:567)
	at org.apache.ratis.thirdparty.io.grpc.internal.ClientCallImpl.access$300(ClientCallImpl.java:71)
	at org.apache.ratis.thirdparty.io.grpc.internal.ClientCallImpl$ClientStreamListenerImpl$1StreamClosed.runInternal(ClientCallImpl.java:735)
	at org.apache.ratis.thirdparty.io.grpc.internal.ClientCallImpl$ClientStreamListenerImpl$1StreamClosed.runInContext(ClientCallImpl.java:716)
	at org.apache.ratis.thirdparty.io.grpc.internal.ContextRunnable.run(ContextRunnable.java:37)
	at org.apache.ratis.thirdparty.io.grpc.internal.SerializingExecutor.run(SerializingExecutor.java:133)
	at java.base/java.util.concurrent.ThreadPoolExecutor.runWorker(ThreadPoolExecutor.java:1136)
	at java.base/java.util.concurrent.ThreadPoolExecutor$Worker.run(ThreadPoolExecutor.java:635)
	at java.base/java.lang.Thread.run(Thread.java:840)
2024-08-06 06:55:40,490 [grpc-default-executor-1] WARN  server.GrpcLogAppender (LogUtils.java:warn(121)) - 2c741729-621d-48c8-a79f-44c82515a6f1@group-DAE9A42C1D5C->701c4ea6-6f91-4e49-a6f7-7c8a32a91528-AppendLogResponseHandler: Failed appendEntries: org.apache.ratis.thirdparty.io.grpc.StatusRuntimeException: CANCELLED: RST_STREAM closed stream. HTTP/2 error code: CANCEL
2024-08-06 06:55:40,490 [grpc-default-executor-1] WARN  server.GrpcLogAppender (GrpcLogAppender.java:resetClient(230)) - 2c741729-621d-48c8-a79f-44c82515a6f1@group-DAE9A42C1D5C->701c4ea6-6f91-4e49-a6f7-7c8a32a91528-GrpcLogAppender: Failed to getClient for 701c4ea6-6f91-4e49-a6f7-7c8a32a91528
org.apache.ratis.protocol.exceptions.AlreadyClosedException: 2c741729-621d-48c8-a79f-44c82515a6f1 is already CLOSED
	at org.apache.ratis.util.PeerProxyMap$PeerAndProxy.getProxy(PeerProxyMap.java:67)
	at org.apache.ratis.util.PeerProxyMap.getProxy(PeerProxyMap.java:124)
	at org.apache.ratis.grpc.server.GrpcLogAppender.getClient(GrpcLogAppender.java:200)
	at org.apache.ratis.grpc.server.GrpcLogAppender.resetClient(GrpcLogAppender.java:205)
	at org.apache.ratis.grpc.server.GrpcLogAppender.access$800(GrpcLogAppender.java:64)
	at org.apache.ratis.grpc.server.GrpcLogAppender$AppendLogResponseHandler.onError(GrpcLogAppender.java:545)
	at org.apache.ratis.thirdparty.io.grpc.stub.ClientCalls$StreamObserverToCallListenerAdapter.onClose(ClientCalls.java:481)
	at org.apache.ratis.thirdparty.io.grpc.internal.ClientCallImpl.closeObserver(ClientCallImpl.java:567)
	at org.apache.ratis.thirdparty.io.grpc.internal.ClientCallImpl.access$300(ClientCallImpl.java:71)
	at org.apache.ratis.thirdparty.io.grpc.internal.ClientCallImpl$ClientStreamListenerImpl$1StreamClosed.runInternal(ClientCallImpl.java:735)
	at org.apache.ratis.thirdparty.io.grpc.internal.ClientCallImpl$ClientStreamListenerImpl$1StreamClosed.runInContext(ClientCallImpl.java:716)
	at org.apache.ratis.thirdparty.io.grpc.internal.ContextRunnable.run(ContextRunnable.java:37)
	at org.apache.ratis.thirdparty.io.grpc.internal.SerializingExecutor.run(SerializingExecutor.java:133)
	at java.base/java.util.concurrent.ThreadPoolExecutor.runWorker(ThreadPoolExecutor.java:1136)
	at java.base/java.util.concurrent.ThreadPoolExecutor$Worker.run(ThreadPoolExecutor.java:635)
	at java.base/java.lang.Thread.run(Thread.java:840)
2024-08-06 06:55:40,488 [4d58d409-0470-47bf-8499-813befc157d5@group-B32E95555238-StateMachineUpdater] INFO  ratis.ContainerStateMachine (ContainerStateMachine.java:takeSnapshot(366)) - group-B32E95555238: Finished taking a snapshot at:(t:1, i:10) file:/home/runner/work/ozone/ozone/hadoop-ozone/integration-test/target/test-dir/MiniOzoneClusterImpl-0b493811-7be1-4111-9212-de561dacad59/ozone-meta/datanode-2/ratis/d56401b9-9b2b-452d-b2e1-b32e95555238/sm/snapshot.1_10 took: 1 ms
2024-08-06 06:55:40,488 [2c741729-621d-48c8-a79f-44c82515a6f1-impl-thread2] INFO  impl.RoleInfo (RoleInfo.java:shutdownLeaderState(103)) - 2c741729-621d-48c8-a79f-44c82515a6f1: shutdown 2c741729-621d-48c8-a79f-44c82515a6f1@group-DAE9A42C1D5C-LeaderStateImpl
2024-08-06 06:55:40,491 [701c4ea6-6f91-4e49-a6f7-7c8a32a91528-impl-thread3] INFO  impl.StateMachineUpdater (StateMachineUpdater.java:stopAndJoin(164)) - 701c4ea6-6f91-4e49-a6f7-7c8a32a91528@group-DAE9A42C1D5C-StateMachineUpdater: set stopIndex = 0
2024-08-06 06:55:40,491 [2c741729-621d-48c8-a79f-44c82515a6f1@group-DAE9A42C1D5C->701c4ea6-6f91-4e49-a6f7-7c8a32a91528-GrpcLogAppender-LogAppenderDaemon] WARN  server.GrpcLogAppender (GrpcLogAppender.java:mayWait(293)) - 2c741729-621d-48c8-a79f-44c82515a6f1@group-DAE9A42C1D5C->701c4ea6-6f91-4e49-a6f7-7c8a32a91528-GrpcLogAppender: Wait interrupted by java.lang.InterruptedException
2024-08-06 06:55:40,490 [701c4ea6-6f91-4e49-a6f7-7c8a32a91528@group-DAE9A42C1D5C-StateMachineUpdater] INFO  ratis.ContainerStateMachine (ContainerStateMachine.java:takeSnapshot(366)) - group-DAE9A42C1D5C: Finished taking a snapshot at:(t:1, i:0) file:/home/runner/work/ozone/ozone/hadoop-ozone/integration-test/target/test-dir/MiniOzoneClusterImpl-0b493811-7be1-4111-9212-de561dacad59/ozone-meta/datanode-3/ratis/04ef4600-2ec6-4caf-bc15-dae9a42c1d5c/sm/snapshot.1_0 took: 1 ms
2024-08-06 06:55:40,491 [2c741729-621d-48c8-a79f-44c82515a6f1@group-DAE9A42C1D5C->4d58d409-0470-47bf-8499-813befc157d5-GrpcLogAppender-LogAppenderDaemon] WARN  server.GrpcLogAppender (GrpcLogAppender.java:mayWait(293)) - 2c741729-621d-48c8-a79f-44c82515a6f1@group-DAE9A42C1D5C->4d58d409-0470-47bf-8499-813befc157d5-GrpcLogAppender: Wait interrupted by java.lang.InterruptedException
2024-08-06 06:55:40,490 [701c4ea6-6f91-4e49-a6f7-7c8a32a91528-impl-thread2] INFO  impl.RoleInfo (RoleInfo.java:shutdownLeaderState(103)) - 701c4ea6-6f91-4e49-a6f7-7c8a32a91528: shutdown 701c4ea6-6f91-4e49-a6f7-7c8a32a91528@group-82C162DB0DE2-LeaderStateImpl
2024-08-06 06:55:40,491 [4d58d409-0470-47bf-8499-813befc157d5@group-B32E95555238-StateMachineUpdater] INFO  impl.StateMachineUpdater (StateMachineUpdater.java:takeSnapshot(303)) - 4d58d409-0470-47bf-8499-813befc157d5@group-B32E95555238-StateMachineUpdater: Took a snapshot at index 10
2024-08-06 06:55:40,491 [4d58d409-0470-47bf-8499-813befc157d5@group-B32E95555238-StateMachineUpdater] INFO  impl.StateMachineUpdater (StateMachineUpdater.java:lambda$new$0(102)) - 4d58d409-0470-47bf-8499-813befc157d5@group-B32E95555238-StateMachineUpdater: snapshotIndex: updateIncreasingly -1 -> 10
2024-08-06 06:55:40,491 [4d58d409-0470-47bf-8499-813befc157d5@group-B32E95555238-StateMachineUpdater] INFO  impl.StateMachineUpdater (StateMachineUpdater.java:stop(141)) - 4d58d409-0470-47bf-8499-813befc157d5@group-B32E95555238-StateMachineUpdater: closing ContainerStateMachine, lastApplied=(t:1, i:10)
2024-08-06 06:55:40,492 [grpc-default-executor-3] INFO  server.GrpcLogAppender (GrpcLogAppender.java:onError(537)) - 4d58d409-0470-47bf-8499-813befc157d5@group-B32E95555238->701c4ea6-6f91-4e49-a6f7-7c8a32a91528-GrpcLogAppender is already stopped
2024-08-06 06:55:40,492 [ForkJoinPool.commonPool-worker-3] INFO  server.GrpcService (GrpcService.java:closeImpl(320)) - 2c741729-621d-48c8-a79f-44c82515a6f1: shutdown server GrpcServerProtocolService successfully
2024-08-06 06:55:40,491 [701c4ea6-6f91-4e49-a6f7-7c8a32a91528@group-DAE9A42C1D5C-StateMachineUpdater] INFO  impl.StateMachineUpdater (StateMachineUpdater.java:takeSnapshot(303)) - 701c4ea6-6f91-4e49-a6f7-7c8a32a91528@group-DAE9A42C1D5C-StateMachineUpdater: Took a snapshot at index 0
2024-08-06 06:55:40,492 [701c4ea6-6f91-4e49-a6f7-7c8a32a91528@group-DAE9A42C1D5C-StateMachineUpdater] INFO  impl.StateMachineUpdater (StateMachineUpdater.java:lambda$new$0(102)) - 701c4ea6-6f91-4e49-a6f7-7c8a32a91528@group-DAE9A42C1D5C-StateMachineUpdater: snapshotIndex: updateIncreasingly -1 -> 0
2024-08-06 06:55:40,491 [2c741729-621d-48c8-a79f-44c82515a6f1-impl-thread2] INFO  impl.PendingRequests (PendingRequests.java:sendNotLeaderResponses(287)) - 2c741729-621d-48c8-a79f-44c82515a6f1@group-DAE9A42C1D5C-PendingRequests: sendNotLeaderResponses
2024-08-06 06:55:40,492 [4d58d409-0470-47bf-8499-813befc157d5@group-B32E95555238-cacheEviction-AwaitToRun] INFO  util.AwaitToRun (AwaitToRun.java:run(49)) - 4d58d409-0470-47bf-8499-813befc157d5@group-B32E95555238-cacheEviction-AwaitToRun-AwaitForSignal is interrupted
2024-08-06 06:55:40,491 [701c4ea6-6f91-4e49-a6f7-7c8a32a91528@group-B32E95555238-StateMachineUpdater] INFO  ratis.ContainerStateMachine (ContainerStateMachine.java:takeSnapshot(366)) - group-B32E95555238: Finished taking a snapshot at:(t:1, i:9) file:/home/runner/work/ozone/ozone/hadoop-ozone/integration-test/target/test-dir/MiniOzoneClusterImpl-0b493811-7be1-4111-9212-de561dacad59/ozone-meta/datanode-3/ratis/d56401b9-9b2b-452d-b2e1-b32e95555238/sm/snapshot.1_9 took: 6 ms
2024-08-06 06:55:40,491 [701c4ea6-6f91-4e49-a6f7-7c8a32a91528-impl-thread2] INFO  impl.PendingRequests (PendingRequests.java:sendNotLeaderResponses(287)) - 701c4ea6-6f91-4e49-a6f7-7c8a32a91528@group-82C162DB0DE2-PendingRequests: sendNotLeaderResponses
2024-08-06 06:55:40,492 [701c4ea6-6f91-4e49-a6f7-7c8a32a91528@group-B32E95555238-StateMachineUpdater] INFO  impl.StateMachineUpdater (StateMachineUpdater.java:takeSnapshot(303)) - 701c4ea6-6f91-4e49-a6f7-7c8a32a91528@group-B32E95555238-StateMachineUpdater: Took a snapshot at index 9
2024-08-06 06:55:40,492 [701c4ea6-6f91-4e49-a6f7-7c8a32a91528@group-B32E95555238-StateMachineUpdater] INFO  impl.StateMachineUpdater (StateMachineUpdater.java:lambda$new$0(102)) - 701c4ea6-6f91-4e49-a6f7-7c8a32a91528@group-B32E95555238-StateMachineUpdater: snapshotIndex: updateIncreasingly -1 -> 9
2024-08-06 06:55:40,492 [701c4ea6-6f91-4e49-a6f7-7c8a32a91528@group-B32E95555238-StateMachineUpdater] INFO  impl.StateMachineUpdater (StateMachineUpdater.java:stop(141)) - 701c4ea6-6f91-4e49-a6f7-7c8a32a91528@group-B32E95555238-StateMachineUpdater: closing ContainerStateMachine, lastApplied=(t:1, i:9)
2024-08-06 06:55:40,492 [701c4ea6-6f91-4e49-a6f7-7c8a32a91528@group-DAE9A42C1D5C-StateMachineUpdater] INFO  impl.StateMachineUpdater (StateMachineUpdater.java:stop(141)) - 701c4ea6-6f91-4e49-a6f7-7c8a32a91528@group-DAE9A42C1D5C-StateMachineUpdater: closing ContainerStateMachine, lastApplied=(t:1, i:0)
2024-08-06 06:55:40,492 [701c4ea6-6f91-4e49-a6f7-7c8a32a91528@group-B32E95555238-cacheEviction-AwaitToRun] INFO  util.AwaitToRun (AwaitToRun.java:run(49)) - 701c4ea6-6f91-4e49-a6f7-7c8a32a91528@group-B32E95555238-cacheEviction-AwaitToRun-AwaitForSignal is interrupted
2024-08-06 06:55:40,493 [2c741729-621d-48c8-a79f-44c82515a6f1-impl-thread2] INFO  impl.StateMachineUpdater (StateMachineUpdater.java:stopAndJoin(164)) - 2c741729-621d-48c8-a79f-44c82515a6f1@group-DAE9A42C1D5C-StateMachineUpdater: set stopIndex = 0
2024-08-06 06:55:40,493 [2c741729-621d-48c8-a79f-44c82515a6f1@group-DAE9A42C1D5C-StateMachineUpdater] INFO  ratis.ContainerStateMachine (ContainerStateMachine.java:takeSnapshot(355)) - group-DAE9A42C1D5C: Taking a snapshot at:(t:1, i:0) file /home/runner/work/ozone/ozone/hadoop-ozone/integration-test/target/test-dir/MiniOzoneClusterImpl-0b493811-7be1-4111-9212-de561dacad59/ozone-meta/datanode-1/ratis/04ef4600-2ec6-4caf-bc15-dae9a42c1d5c/sm/snapshot.1_0
2024-08-06 06:55:40,493 [701c4ea6-6f91-4e49-a6f7-7c8a32a91528@group-82C162DB0DE2-StateMachineUpdater] INFO  ratis.ContainerStateMachine (ContainerStateMachine.java:takeSnapshot(355)) - group-82C162DB0DE2: Taking a snapshot at:(t:1, i:0) file /home/runner/work/ozone/ozone/hadoop-ozone/integration-test/target/test-dir/MiniOzoneClusterImpl-0b493811-7be1-4111-9212-de561dacad59/ozone-meta/datanode-3/ratis/8c6a6f1c-125f-4797-9e0f-82c162db0de2/sm/snapshot.1_0
2024-08-06 06:55:40,493 [701c4ea6-6f91-4e49-a6f7-7c8a32a91528-impl-thread2] INFO  impl.StateMachineUpdater (StateMachineUpdater.java:stopAndJoin(164)) - 701c4ea6-6f91-4e49-a6f7-7c8a32a91528@group-82C162DB0DE2-StateMachineUpdater: set stopIndex = 0
2024-08-06 06:55:40,493 [701c4ea6-6f91-4e49-a6f7-7c8a32a91528@group-DAE9A42C1D5C-cacheEviction-AwaitToRun] INFO  util.AwaitToRun (AwaitToRun.java:run(49)) - 701c4ea6-6f91-4e49-a6f7-7c8a32a91528@group-DAE9A42C1D5C-cacheEviction-AwaitToRun-AwaitForSignal is interrupted
2024-08-06 06:55:40,493 [2c741729-621d-48c8-a79f-44c82515a6f1@group-DAE9A42C1D5C-StateMachineUpdater] INFO  ratis.ContainerStateMachine (ContainerStateMachine.java:takeSnapshot(366)) - group-DAE9A42C1D5C: Finished taking a snapshot at:(t:1, i:0) file:/home/runner/work/ozone/ozone/hadoop-ozone/integration-test/target/test-dir/MiniOzoneClusterImpl-0b493811-7be1-4111-9212-de561dacad59/ozone-meta/datanode-1/ratis/04ef4600-2ec6-4caf-bc15-dae9a42c1d5c/sm/snapshot.1_0 took: 0 ms
2024-08-06 06:55:40,493 [2c741729-621d-48c8-a79f-44c82515a6f1@group-DAE9A42C1D5C-StateMachineUpdater] INFO  impl.StateMachineUpdater (StateMachineUpdater.java:takeSnapshot(303)) - 2c741729-621d-48c8-a79f-44c82515a6f1@group-DAE9A42C1D5C-StateMachineUpdater: Took a snapshot at index 0
2024-08-06 06:55:40,493 [2c741729-621d-48c8-a79f-44c82515a6f1@group-DAE9A42C1D5C-StateMachineUpdater] INFO  impl.StateMachineUpdater (StateMachineUpdater.java:lambda$new$0(102)) - 2c741729-621d-48c8-a79f-44c82515a6f1@group-DAE9A42C1D5C-StateMachineUpdater: snapshotIndex: updateIncreasingly -1 -> 0
2024-08-06 06:55:40,493 [2c741729-621d-48c8-a79f-44c82515a6f1@group-DAE9A42C1D5C-StateMachineUpdater] INFO  impl.StateMachineUpdater (StateMachineUpdater.java:stop(141)) - 2c741729-621d-48c8-a79f-44c82515a6f1@group-DAE9A42C1D5C-StateMachineUpdater: closing ContainerStateMachine, lastApplied=(t:1, i:0)
2024-08-06 06:55:40,494 [701c4ea6-6f91-4e49-a6f7-7c8a32a91528@group-82C162DB0DE2-StateMachineUpdater] INFO  ratis.ContainerStateMachine (ContainerStateMachine.java:takeSnapshot(366)) - group-82C162DB0DE2: Finished taking a snapshot at:(t:1, i:0) file:/home/runner/work/ozone/ozone/hadoop-ozone/integration-test/target/test-dir/MiniOzoneClusterImpl-0b493811-7be1-4111-9212-de561dacad59/ozone-meta/datanode-3/ratis/8c6a6f1c-125f-4797-9e0f-82c162db0de2/sm/snapshot.1_0 took: 1 ms
2024-08-06 06:55:40,494 [2c741729-621d-48c8-a79f-44c82515a6f1@group-DAE9A42C1D5C-cacheEviction-AwaitToRun] INFO  util.AwaitToRun (AwaitToRun.java:run(49)) - 2c741729-621d-48c8-a79f-44c82515a6f1@group-DAE9A42C1D5C-cacheEviction-AwaitToRun-AwaitForSignal is interrupted
2024-08-06 06:55:40,494 [701c4ea6-6f91-4e49-a6f7-7c8a32a91528@group-82C162DB0DE2-StateMachineUpdater] INFO  impl.StateMachineUpdater (StateMachineUpdater.java:takeSnapshot(303)) - 701c4ea6-6f91-4e49-a6f7-7c8a32a91528@group-82C162DB0DE2-StateMachineUpdater: Took a snapshot at index 0
2024-08-06 06:55:40,494 [701c4ea6-6f91-4e49-a6f7-7c8a32a91528@group-82C162DB0DE2-StateMachineUpdater] INFO  impl.StateMachineUpdater (StateMachineUpdater.java:lambda$new$0(102)) - 701c4ea6-6f91-4e49-a6f7-7c8a32a91528@group-82C162DB0DE2-StateMachineUpdater: snapshotIndex: updateIncreasingly -1 -> 0
2024-08-06 06:55:40,494 [701c4ea6-6f91-4e49-a6f7-7c8a32a91528@group-82C162DB0DE2-StateMachineUpdater] INFO  impl.StateMachineUpdater (StateMachineUpdater.java:stop(141)) - 701c4ea6-6f91-4e49-a6f7-7c8a32a91528@group-82C162DB0DE2-StateMachineUpdater: closing ContainerStateMachine, lastApplied=(t:1, i:0)
2024-08-06 06:55:40,494 [701c4ea6-6f91-4e49-a6f7-7c8a32a91528@group-82C162DB0DE2-cacheEviction-AwaitToRun] INFO  util.AwaitToRun (AwaitToRun.java:run(49)) - 701c4ea6-6f91-4e49-a6f7-7c8a32a91528@group-82C162DB0DE2-cacheEviction-AwaitToRun-AwaitForSignal is interrupted
2024-08-06 06:55:40,497 [Thread-5532] INFO  server.GrpcServerProtocolClient (GrpcServerProtocolClient.java:close(103)) - 701c4ea6-6f91-4e49-a6f7-7c8a32a91528 Close channels
2024-08-06 06:55:40,501 [Thread-5538] INFO  server.GrpcServerProtocolClient (GrpcServerProtocolClient.java:close(103)) - 2c741729-621d-48c8-a79f-44c82515a6f1 Close channels
2024-08-06 06:55:40,501 [main] INFO  server.GrpcService (GrpcService.java:closeImpl(320)) - 4d58d409-0470-47bf-8499-813befc157d5: shutdown server GrpcServerProtocolService successfully
2024-08-06 06:55:40,502 [Thread-5540] INFO  server.GrpcServerProtocolClient (GrpcServerProtocolClient.java:close(103)) - 4d58d409-0470-47bf-8499-813befc157d5 Close channels
2024-08-06 06:55:40,504 [Thread-5541] INFO  server.GrpcServerProtocolClient (GrpcServerProtocolClient.java:close(103)) - 2c741729-621d-48c8-a79f-44c82515a6f1 Close channels
2024-08-06 06:55:40,505 [ForkJoinPool.commonPool-worker-1] INFO  server.GrpcService (GrpcService.java:closeImpl(320)) - 701c4ea6-6f91-4e49-a6f7-7c8a32a91528: shutdown server GrpcServerProtocolService successfully
2024-08-06 06:55:40,511 [2c741729-621d-48c8-a79f-44c82515a6f1-NettyServerStreamRpc-bossGroup--thread1] INFO  logging.LoggingHandler (AbstractInternalLogger.java:log(148)) - [id: 0x54d2baf2, L:/0.0.0.0:15260] CLOSE
2024-08-06 06:55:40,511 [2c741729-621d-48c8-a79f-44c82515a6f1-NettyServerStreamRpc-bossGroup--thread1] INFO  logging.LoggingHandler (AbstractInternalLogger.java:log(148)) - [id: 0x54d2baf2, L:/0.0.0.0:15260] INACTIVE
2024-08-06 06:55:40,511 [2c741729-621d-48c8-a79f-44c82515a6f1-NettyServerStreamRpc-bossGroup--thread1] INFO  logging.LoggingHandler (AbstractInternalLogger.java:log(148)) - [id: 0x54d2baf2, L:/0.0.0.0:15260] UNREGISTERED
2024-08-06 06:55:40,511 [701c4ea6-6f91-4e49-a6f7-7c8a32a91528-NettyServerStreamRpc-bossGroup--thread1] INFO  logging.LoggingHandler (AbstractInternalLogger.java:log(148)) - [id: 0x1cf622cf, L:/0.0.0.0:15278] CLOSE
2024-08-06 06:55:40,512 [701c4ea6-6f91-4e49-a6f7-7c8a32a91528-NettyServerStreamRpc-bossGroup--thread1] INFO  logging.LoggingHandler (AbstractInternalLogger.java:log(148)) - [id: 0x1cf622cf, L:/0.0.0.0:15278] INACTIVE
2024-08-06 06:55:40,512 [701c4ea6-6f91-4e49-a6f7-7c8a32a91528-NettyServerStreamRpc-bossGroup--thread1] INFO  logging.LoggingHandler (AbstractInternalLogger.java:log(148)) - [id: 0x1cf622cf, L:/0.0.0.0:15278] UNREGISTERED
2024-08-06 06:55:40,514 [4d58d409-0470-47bf-8499-813befc157d5-NettyServerStreamRpc-bossGroup--thread1] INFO  logging.LoggingHandler (AbstractInternalLogger.java:log(148)) - [id: 0xe4c16e86, L:/0.0.0.0:15269] CLOSE
2024-08-06 06:55:40,515 [4d58d409-0470-47bf-8499-813befc157d5-NettyServerStreamRpc-bossGroup--thread1] INFO  logging.LoggingHandler (AbstractInternalLogger.java:log(148)) - [id: 0xe4c16e86, L:/0.0.0.0:15269] INACTIVE
2024-08-06 06:55:40,515 [4d58d409-0470-47bf-8499-813befc157d5-NettyServerStreamRpc-bossGroup--thread1] INFO  logging.LoggingHandler (AbstractInternalLogger.java:log(148)) - [id: 0xe4c16e86, L:/0.0.0.0:15269] UNREGISTERED
2024-08-06 06:55:40,849 [2c741729-621d-48c8-a79f-44c82515a6f1-impl-thread3] INFO  segmented.SegmentedRaftLogWorker (SegmentedRaftLogWorker.java:close(248)) - 2c741729-621d-48c8-a79f-44c82515a6f1@group-0D27D26C0BC5-SegmentedRaftLogWorker close()
2024-08-06 06:55:40,968 [2c741729-621d-48c8-a79f-44c82515a6f1-impl-thread2] INFO  segmented.SegmentedRaftLogWorker (SegmentedRaftLogWorker.java:close(248)) - 2c741729-621d-48c8-a79f-44c82515a6f1@group-DAE9A42C1D5C-SegmentedRaftLogWorker close()
2024-08-06 06:55:40,980 [701c4ea6-6f91-4e49-a6f7-7c8a32a91528-impl-thread3] INFO  segmented.SegmentedRaftLogWorker (SegmentedRaftLogWorker.java:close(248)) - 701c4ea6-6f91-4e49-a6f7-7c8a32a91528@group-DAE9A42C1D5C-SegmentedRaftLogWorker close()
2024-08-06 06:55:40,988 [4d58d409-0470-47bf-8499-813befc157d5-impl-thread2] INFO  segmented.SegmentedRaftLogWorker (SegmentedRaftLogWorker.java:close(248)) - 4d58d409-0470-47bf-8499-813befc157d5@group-DAE9A42C1D5C-SegmentedRaftLogWorker close()
2024-08-06 06:55:41,060 [4d58d409-0470-47bf-8499-813befc157d5-impl-thread3] INFO  segmented.SegmentedRaftLogWorker (SegmentedRaftLogWorker.java:close(248)) - 4d58d409-0470-47bf-8499-813befc157d5@group-099AB90A8329-SegmentedRaftLogWorker close()
2024-08-06 06:55:41,208 [4d58d409-0470-47bf-8499-813befc157d5-impl-thread1] INFO  segmented.SegmentedRaftLogWorker (SegmentedRaftLogWorker.java:close(248)) - 4d58d409-0470-47bf-8499-813befc157d5@group-B32E95555238-SegmentedRaftLogWorker close()
2024-08-06 06:55:41,208 [701c4ea6-6f91-4e49-a6f7-7c8a32a91528-impl-thread1] INFO  segmented.SegmentedRaftLogWorker (SegmentedRaftLogWorker.java:close(248)) - 701c4ea6-6f91-4e49-a6f7-7c8a32a91528@group-B32E95555238-SegmentedRaftLogWorker close()
2024-08-06 06:55:41,209 [JvmPauseMonitor38] INFO  util.JvmPauseMonitor (JvmPauseMonitor.java:run(152)) - JvmPauseMonitor-4d58d409-0470-47bf-8499-813befc157d5: Stopped
2024-08-06 06:55:41,210 [2c741729-621d-48c8-a79f-44c82515a6f1-impl-thread1] INFO  segmented.SegmentedRaftLogWorker (SegmentedRaftLogWorker.java:close(248)) - 2c741729-621d-48c8-a79f-44c82515a6f1@group-B32E95555238-SegmentedRaftLogWorker close()
2024-08-06 06:55:41,211 [JvmPauseMonitor37] INFO  util.JvmPauseMonitor (JvmPauseMonitor.java:run(152)) - JvmPauseMonitor-2c741729-621d-48c8-a79f-44c82515a6f1: Stopped
2024-08-06 06:55:41,365 [701c4ea6-6f91-4e49-a6f7-7c8a32a91528-impl-thread2] INFO  segmented.SegmentedRaftLogWorker (SegmentedRaftLogWorker.java:close(248)) - 701c4ea6-6f91-4e49-a6f7-7c8a32a91528@group-82C162DB0DE2-SegmentedRaftLogWorker close()
2024-08-06 06:55:41,365 [JvmPauseMonitor39] INFO  util.JvmPauseMonitor (JvmPauseMonitor.java:run(152)) - JvmPauseMonitor-701c4ea6-6f91-4e49-a6f7-7c8a32a91528: Stopped
2024-08-06 06:55:43,213 [main] INFO  utils.DatanodeStoreCache (DatanodeStoreCache.java:shutdownCache(116)) - Skip clearing cache in mini cluster mode. Entries left: [/home/runner/work/ozone/ozone/hadoop-ozone/integration-test/target/test-dir/MiniOzoneClusterImpl-0b493811-7be1-4111-9212-de561dacad59/ozone-meta/datanode-1/data-0/hdds/0b493811-7be1-4111-9212-de561dacad59/DS-bd4ead13-077d-4329-a404-2712b224d2c5/container.db, /home/runner/work/ozone/ozone/hadoop-ozone/integration-test/target/test-dir/MiniOzoneClusterImpl-0b493811-7be1-4111-9212-de561dacad59/ozone-meta/datanode-2/data-0/hdds/0b493811-7be1-4111-9212-de561dacad59/DS-09becff0-a66f-4706-ac1a-ac3c4acf5f85/container.db, /home/runner/work/ozone/ozone/hadoop-ozone/integration-test/target/test-dir/MiniOzoneClusterImpl-0b493811-7be1-4111-9212-de561dacad59/ozone-meta/datanode-3/data-0/hdds/0b493811-7be1-4111-9212-de561dacad59/DS-bfc28b55-eb90-44c1-8c3b-8bc74b028d27/container.db]
2024-08-06 06:55:43,215 [main] INFO  utils.DatanodeStoreCache (DatanodeStoreCache.java:removeDB(110)) - Removed db /home/runner/work/ozone/ozone/hadoop-ozone/integration-test/target/test-dir/MiniOzoneClusterImpl-0b493811-7be1-4111-9212-de561dacad59/ozone-meta/datanode-2/data-0/hdds/0b493811-7be1-4111-9212-de561dacad59/DS-09becff0-a66f-4706-ac1a-ac3c4acf5f85/container.db from cache
2024-08-06 06:55:43,215 [main] INFO  volume.HddsVolume (HddsVolume.java:closeDbStore(470)) - SchemaV3 db is stopped at /home/runner/work/ozone/ozone/hadoop-ozone/integration-test/target/test-dir/MiniOzoneClusterImpl-0b493811-7be1-4111-9212-de561dacad59/ozone-meta/datanode-2/data-0/hdds/0b493811-7be1-4111-9212-de561dacad59/DS-09becff0-a66f-4706-ac1a-ac3c4acf5f85/container.db for volume DS-09becff0-a66f-4706-ac1a-ac3c4acf5f85
2024-08-06 06:55:43,215 [main] INFO  utils.BackgroundService (BackgroundService.java:shutdown(163)) - Shutting down service BlockDeletingService
2024-08-06 06:55:43,215 [ForkJoinPool.commonPool-worker-3] INFO  utils.DatanodeStoreCache (DatanodeStoreCache.java:shutdownCache(116)) - Skip clearing cache in mini cluster mode. Entries left: [/home/runner/work/ozone/ozone/hadoop-ozone/integration-test/target/test-dir/MiniOzoneClusterImpl-0b493811-7be1-4111-9212-de561dacad59/ozone-meta/datanode-1/data-0/hdds/0b493811-7be1-4111-9212-de561dacad59/DS-bd4ead13-077d-4329-a404-2712b224d2c5/container.db, /home/runner/work/ozone/ozone/hadoop-ozone/integration-test/target/test-dir/MiniOzoneClusterImpl-0b493811-7be1-4111-9212-de561dacad59/ozone-meta/datanode-3/data-0/hdds/0b493811-7be1-4111-9212-de561dacad59/DS-bfc28b55-eb90-44c1-8c3b-8bc74b028d27/container.db]
2024-08-06 06:55:43,216 [main] INFO  utils.BackgroundService (BackgroundService.java:shutdown(163)) - Shutting down service StaleRecoveringContainerScrubbingService
2024-08-06 06:55:43,216 [main] INFO  statemachine.DatanodeStateMachine (DatanodeStateMachine.java:stopDaemon(624)) - Ozone container server stopped.
2024-08-06 06:55:43,216 [ForkJoinPool.commonPool-worker-3] INFO  utils.DatanodeStoreCache (DatanodeStoreCache.java:removeDB(110)) - Removed db /home/runner/work/ozone/ozone/hadoop-ozone/integration-test/target/test-dir/MiniOzoneClusterImpl-0b493811-7be1-4111-9212-de561dacad59/ozone-meta/datanode-1/data-0/hdds/0b493811-7be1-4111-9212-de561dacad59/DS-bd4ead13-077d-4329-a404-2712b224d2c5/container.db from cache
2024-08-06 06:55:43,217 [ForkJoinPool.commonPool-worker-3] INFO  volume.HddsVolume (HddsVolume.java:closeDbStore(470)) - SchemaV3 db is stopped at /home/runner/work/ozone/ozone/hadoop-ozone/integration-test/target/test-dir/MiniOzoneClusterImpl-0b493811-7be1-4111-9212-de561dacad59/ozone-meta/datanode-1/data-0/hdds/0b493811-7be1-4111-9212-de561dacad59/DS-bd4ead13-077d-4329-a404-2712b224d2c5/container.db for volume DS-bd4ead13-077d-4329-a404-2712b224d2c5
2024-08-06 06:55:43,217 [ForkJoinPool.commonPool-worker-3] INFO  utils.BackgroundService (BackgroundService.java:shutdown(163)) - Shutting down service BlockDeletingService
2024-08-06 06:55:43,217 [ForkJoinPool.commonPool-worker-3] INFO  utils.BackgroundService (BackgroundService.java:shutdown(163)) - Shutting down service StaleRecoveringContainerScrubbingService
2024-08-06 06:55:43,217 [ForkJoinPool.commonPool-worker-3] INFO  statemachine.DatanodeStateMachine (DatanodeStateMachine.java:stopDaemon(624)) - Ozone container server stopped.
2024-08-06 06:55:43,230 [main] INFO  handler.ContextHandler (ContextHandler.java:doStop(1159)) - Stopped o.e.j.w.WebAppContext@1a02fe78{hddsDatanode,/,null,STOPPED}{jar:file:/home/runner/work/ozone/ozone/hadoop-hdds/container-service/target/hdds-container-service-1.5.0-SNAPSHOT.jar!/webapps/hddsDatanode}
2024-08-06 06:55:43,231 [main] INFO  server.AbstractConnector (AbstractConnector.java:doStop(383)) - Stopped ServerConnector@40ae6e43{HTTP/1.1, (http/1.1)}{0.0.0.0:15263}
2024-08-06 06:55:43,231 [main] INFO  server.session (HouseKeeper.java:stopScavenging(149)) - node0 Stopped scavenging
2024-08-06 06:55:43,231 [main] INFO  handler.ContextHandler (ContextHandler.java:doStop(1159)) - Stopped o.e.j.s.ServletContextHandler@45fa6a07{static,/static,jar:file:/home/runner/work/ozone/ozone/hadoop-hdds/container-service/target/hdds-container-service-1.5.0-SNAPSHOT.jar!/webapps/static,STOPPED}
2024-08-06 06:55:43,231 [main] INFO  handler.ContextHandler (ContextHandler.java:doStop(1159)) - Stopped o.e.j.s.ServletContextHandler@6e1d2e9f{logs,/logs,file:///home/runner/work/ozone/ozone/hadoop-ozone/integration-test/target/log,STOPPED}
2024-08-06 06:55:43,233 [ForkJoinPool.commonPool-worker-3] INFO  handler.ContextHandler (ContextHandler.java:doStop(1159)) - Stopped o.e.j.w.WebAppContext@181419c5{hddsDatanode,/,null,STOPPED}{jar:file:/home/runner/work/ozone/ozone/hadoop-hdds/container-service/target/hdds-container-service-1.5.0-SNAPSHOT.jar!/webapps/hddsDatanode}
2024-08-06 06:55:43,233 [main] INFO  ozone.HddsDatanodeClientProtocolServer (HddsDatanodeClientProtocolServer.java:stop(83)) - Stopping the RPC server for Client Protocol
2024-08-06 06:55:43,233 [main] INFO  ipc.Server (Server.java:stop(3523)) - Stopping server on 15264
2024-08-06 06:55:43,234 [IPC Server Responder] INFO  ipc.Server (Server.java:run(1567)) - Stopping IPC Server Responder
2024-08-06 06:55:43,234 [IPC Server listener on 15264] INFO  ipc.Server (Server.java:run(1434)) - Stopping IPC Server listener on 15264
2024-08-06 06:55:43,235 [ForkJoinPool.commonPool-worker-3] INFO  server.AbstractConnector (AbstractConnector.java:doStop(383)) - Stopped ServerConnector@ddd108b{HTTP/1.1, (http/1.1)}{0.0.0.0:15254}
2024-08-06 06:55:43,235 [ForkJoinPool.commonPool-worker-3] INFO  server.session (HouseKeeper.java:stopScavenging(149)) - node0 Stopped scavenging
2024-08-06 06:55:43,235 [ForkJoinPool.commonPool-worker-3] INFO  handler.ContextHandler (ContextHandler.java:doStop(1159)) - Stopped o.e.j.s.ServletContextHandler@24191de8{static,/static,jar:file:/home/runner/work/ozone/ozone/hadoop-hdds/container-service/target/hdds-container-service-1.5.0-SNAPSHOT.jar!/webapps/static,STOPPED}
2024-08-06 06:55:43,235 [ForkJoinPool.commonPool-worker-3] INFO  handler.ContextHandler (ContextHandler.java:doStop(1159)) - Stopped o.e.j.s.ServletContextHandler@53a7e677{logs,/logs,file:///home/runner/work/ozone/ozone/hadoop-ozone/integration-test/target/log,STOPPED}
2024-08-06 06:55:43,235 [ForkJoinPool.commonPool-worker-3] INFO  ozone.HddsDatanodeClientProtocolServer (HddsDatanodeClientProtocolServer.java:stop(83)) - Stopping the RPC server for Client Protocol
2024-08-06 06:55:43,235 [ForkJoinPool.commonPool-worker-3] INFO  ipc.Server (Server.java:stop(3523)) - Stopping server on 15255
2024-08-06 06:55:43,236 [IPC Server listener on 15255] INFO  ipc.Server (Server.java:run(1434)) - Stopping IPC Server listener on 15255
2024-08-06 06:55:43,236 [IPC Server Responder] INFO  ipc.Server (Server.java:run(1567)) - Stopping IPC Server Responder
2024-08-06 06:55:43,369 [ForkJoinPool.commonPool-worker-1] INFO  utils.DatanodeStoreCache (DatanodeStoreCache.java:shutdownCache(116)) - Skip clearing cache in mini cluster mode. Entries left: [/home/runner/work/ozone/ozone/hadoop-ozone/integration-test/target/test-dir/MiniOzoneClusterImpl-0b493811-7be1-4111-9212-de561dacad59/ozone-meta/datanode-3/data-0/hdds/0b493811-7be1-4111-9212-de561dacad59/DS-bfc28b55-eb90-44c1-8c3b-8bc74b028d27/container.db]
2024-08-06 06:55:43,370 [ForkJoinPool.commonPool-worker-1] INFO  utils.DatanodeStoreCache (DatanodeStoreCache.java:removeDB(110)) - Removed db /home/runner/work/ozone/ozone/hadoop-ozone/integration-test/target/test-dir/MiniOzoneClusterImpl-0b493811-7be1-4111-9212-de561dacad59/ozone-meta/datanode-3/data-0/hdds/0b493811-7be1-4111-9212-de561dacad59/DS-bfc28b55-eb90-44c1-8c3b-8bc74b028d27/container.db from cache
2024-08-06 06:55:43,370 [ForkJoinPool.commonPool-worker-1] INFO  volume.HddsVolume (HddsVolume.java:closeDbStore(470)) - SchemaV3 db is stopped at /home/runner/work/ozone/ozone/hadoop-ozone/integration-test/target/test-dir/MiniOzoneClusterImpl-0b493811-7be1-4111-9212-de561dacad59/ozone-meta/datanode-3/data-0/hdds/0b493811-7be1-4111-9212-de561dacad59/DS-bfc28b55-eb90-44c1-8c3b-8bc74b028d27/container.db for volume DS-bfc28b55-eb90-44c1-8c3b-8bc74b028d27
2024-08-06 06:55:43,370 [ForkJoinPool.commonPool-worker-1] INFO  utils.BackgroundService (BackgroundService.java:shutdown(163)) - Shutting down service BlockDeletingService
2024-08-06 06:55:43,371 [ForkJoinPool.commonPool-worker-1] INFO  utils.BackgroundService (BackgroundService.java:shutdown(163)) - Shutting down service StaleRecoveringContainerScrubbingService
2024-08-06 06:55:43,371 [ForkJoinPool.commonPool-worker-1] INFO  statemachine.DatanodeStateMachine (DatanodeStateMachine.java:stopDaemon(624)) - Ozone container server stopped.
2024-08-06 06:55:43,384 [ForkJoinPool.commonPool-worker-1] INFO  handler.ContextHandler (ContextHandler.java:doStop(1159)) - Stopped o.e.j.w.WebAppContext@177cc9c5{hddsDatanode,/,null,STOPPED}{jar:file:/home/runner/work/ozone/ozone/hadoop-hdds/container-service/target/hdds-container-service-1.5.0-SNAPSHOT.jar!/webapps/hddsDatanode}
2024-08-06 06:55:43,384 [ForkJoinPool.commonPool-worker-1] INFO  server.AbstractConnector (AbstractConnector.java:doStop(383)) - Stopped ServerConnector@376a03f9{HTTP/1.1, (http/1.1)}{0.0.0.0:15272}
2024-08-06 06:55:43,384 [ForkJoinPool.commonPool-worker-1] INFO  server.session (HouseKeeper.java:stopScavenging(149)) - node0 Stopped scavenging
2024-08-06 06:55:43,384 [ForkJoinPool.commonPool-worker-1] INFO  handler.ContextHandler (ContextHandler.java:doStop(1159)) - Stopped o.e.j.s.ServletContextHandler@13fda4b0{static,/static,jar:file:/home/runner/work/ozone/ozone/hadoop-hdds/container-service/target/hdds-container-service-1.5.0-SNAPSHOT.jar!/webapps/static,STOPPED}
2024-08-06 06:55:43,384 [ForkJoinPool.commonPool-worker-1] INFO  handler.ContextHandler (ContextHandler.java:doStop(1159)) - Stopped o.e.j.s.ServletContextHandler@6c171b61{logs,/logs,file:///home/runner/work/ozone/ozone/hadoop-ozone/integration-test/target/log,STOPPED}
2024-08-06 06:55:43,385 [ForkJoinPool.commonPool-worker-1] INFO  ozone.HddsDatanodeClientProtocolServer (HddsDatanodeClientProtocolServer.java:stop(83)) - Stopping the RPC server for Client Protocol
2024-08-06 06:55:43,385 [ForkJoinPool.commonPool-worker-1] INFO  ipc.Server (Server.java:stop(3523)) - Stopping server on 15273
2024-08-06 06:55:43,386 [IPC Server listener on 15273] INFO  ipc.Server (Server.java:run(1434)) - Stopping IPC Server listener on 15273
2024-08-06 06:55:43,386 [IPC Server Responder] INFO  ipc.Server (Server.java:run(1567)) - Stopping IPC Server Responder
2024-08-06 06:55:43,386 [main] INFO  ozone.MiniOzoneClusterImpl (MiniOzoneClusterImpl.java:stopSCM(500)) - Stopping the StorageContainerManager
2024-08-06 06:55:43,386 [main] INFO  server.StorageContainerManager (StorageContainerManager.java:stop(1648)) - Container Balancer is not running.
2024-08-06 06:55:43,387 [main] INFO  server.StorageContainerManager (StorageContainerManager.java:stopReplicationManager(1786)) - Stopping Replication Manager Service.
2024-08-06 06:55:43,387 [main] INFO  replication.ReplicationManager (ReplicationManager.java:stop(329)) - Stopping Replication Monitor Thread.
2024-08-06 06:55:43,387 [main] INFO  server.StorageContainerManager (StorageContainerManager.java:stop(1657)) - Stopping the Datanode Admin Monitor.
2024-08-06 06:55:43,387 [ReplicationMonitor] INFO  replication.ReplicationManager (ReplicationManager.java:run(938)) - Replication Monitor Thread is stopped
2024-08-06 06:55:43,387 [OverReplicatedProcessor] WARN  replication.UnhealthyReplicationProcessor (UnhealthyReplicationProcessor.java:run(180)) - OverReplicatedProcessor interrupted. Exiting...
2024-08-06 06:55:43,387 [UnderReplicatedProcessor] WARN  replication.UnhealthyReplicationProcessor (UnhealthyReplicationProcessor.java:run(180)) - UnderReplicatedProcessor interrupted. Exiting...
2024-08-06 06:55:43,387 [main] INFO  server.StorageContainerManager (StorageContainerManager.java:stop(1664)) - Stopping datanode service RPC server
2024-08-06 06:55:43,388 [main] INFO  server.SCMDatanodeProtocolServer (SCMDatanodeProtocolServer.java:stop(425)) - Stopping the RPC server for DataNodes
2024-08-06 06:55:43,388 [main] INFO  ipc.Server (Server.java:stop(3523)) - Stopping server on 15247
2024-08-06 06:55:43,391 [IPC Server listener on 15247] INFO  ipc.Server (Server.java:run(1434)) - Stopping IPC Server listener on 15247
2024-08-06 06:55:43,391 [IPC Server Responder] INFO  ipc.Server (Server.java:run(1567)) - Stopping IPC Server Responder
2024-08-06 06:55:43,467 [SCMHeartbeatProcessor-0] WARN  node.NodeStateManager (NodeStateManager.java:scheduleNextHealthCheck(883)) - Current Thread is interrupted, shutting down HB processing thread for Node Manager.
2024-08-06 06:55:43,467 [main] INFO  server.StorageContainerManager (StorageContainerManager.java:stop(1672)) - Stopping block service RPC server
2024-08-06 06:55:43,467 [main] INFO  server.SCMBlockProtocolServer (SCMBlockProtocolServer.java:stop(176)) - Stopping the RPC server for Block Protocol
2024-08-06 06:55:43,467 [main] INFO  ipc.Server (Server.java:stop(3523)) - Stopping server on 15246
2024-08-06 06:55:43,471 [IPC Server Responder] INFO  ipc.Server (Server.java:run(1567)) - Stopping IPC Server Responder
2024-08-06 06:55:43,471 [main] INFO  server.StorageContainerManager (StorageContainerManager.java:stop(1679)) - Stopping the StorageContainerLocationProtocol RPC server
2024-08-06 06:55:43,471 [IPC Server listener on 15246] INFO  ipc.Server (Server.java:run(1434)) - Stopping IPC Server listener on 15246
2024-08-06 06:55:43,472 [main] INFO  server.SCMClientProtocolServer (SCMClientProtocolServer.java:stop(217)) - Stopping the RPC server for Client Protocol
2024-08-06 06:55:43,472 [main] INFO  ipc.Server (Server.java:stop(3523)) - Stopping server on 15245
2024-08-06 06:55:43,474 [IPC Server listener on 15245] INFO  ipc.Server (Server.java:run(1434)) - Stopping IPC Server listener on 15245
2024-08-06 06:55:43,474 [IPC Server Responder] INFO  ipc.Server (Server.java:run(1567)) - Stopping IPC Server Responder
2024-08-06 06:55:43,474 [main] INFO  server.StorageContainerManager (StorageContainerManager.java:stop(1686)) - Stopping Storage Container Manager HTTP server.
2024-08-06 06:55:43,475 [main] INFO  handler.ContextHandler (ContextHandler.java:doStop(1159)) - Stopped o.e.j.w.WebAppContext@1b86672d{scm,/,null,STOPPED}{file:/home/runner/work/ozone/ozone/hadoop-ozone/integration-test/target/test-classes/webapps/scm}
2024-08-06 06:55:43,479 [main] INFO  server.AbstractConnector (AbstractConnector.java:doStop(383)) - Stopped ServerConnector@29bea7b9{HTTP/1.1, (http/1.1)}{0.0.0.0:15248}
2024-08-06 06:55:43,480 [main] INFO  server.session (HouseKeeper.java:stopScavenging(149)) - node0 Stopped scavenging
2024-08-06 06:55:43,480 [main] INFO  handler.ContextHandler (ContextHandler.java:doStop(1159)) - Stopped o.e.j.s.ServletContextHandler@70fe6835{static,/static,file:///home/runner/work/ozone/ozone/hadoop-ozone/integration-test/target/test-classes/webapps/static,STOPPED}
2024-08-06 06:55:43,480 [main] INFO  handler.ContextHandler (ContextHandler.java:doStop(1159)) - Stopped o.e.j.s.ServletContextHandler@5c9fa9f1{logs,/logs,file:///home/runner/work/ozone/ozone/hadoop-ozone/integration-test/target/log,STOPPED}
2024-08-06 06:55:43,482 [main] INFO  server.StorageContainerManager (StorageContainerManager.java:stop(1694)) - Stopping SCM LayoutVersionManager Service.
2024-08-06 06:55:43,482 [main] INFO  server.StorageContainerManager (StorageContainerManager.java:stop(1706)) - Stopping Block Manager Service.
2024-08-06 06:55:43,482 [main] INFO  utils.BackgroundService (BackgroundService.java:shutdown(163)) - Shutting down service SCMBlockDeletingService
2024-08-06 06:55:43,482 [main] INFO  utils.BackgroundService (BackgroundService.java:shutdown(163)) - Shutting down service SCMBlockDeletingService
2024-08-06 06:55:43,483 [main] INFO  server.StorageContainerManager (StorageContainerManager.java:stop(1731)) - Stopping SCM Event Queue.
2024-08-06 06:55:43,484 [JvmPauseMonitor35] INFO  util.JvmPauseMonitor (JvmPauseMonitor.java:run(152)) - JvmPauseMonitor-5bd1d7f6-8032-4d58-a524-1ef15d3188a2: Stopped
2024-08-06 06:55:43,485 [main] INFO  server.StorageContainerManager (StorageContainerManager.java:stop(1742)) - Stopping SCM HA services.
2024-08-06 06:55:43,485 [main] INFO  pipeline.BackgroundPipelineCreator (BackgroundPipelineCreator.java:stop(152)) - Stopping RatisPipelineUtilsThread.
2024-08-06 06:55:43,485 [RatisPipelineUtilsThread-0] WARN  pipeline.BackgroundPipelineCreator (BackgroundPipelineCreator.java:run(183)) - RatisPipelineUtilsThread is interrupted.
2024-08-06 06:55:43,485 [main] INFO  BackgroundPipelineScrubber (BackgroundSCMService.java:stop(128)) - Stopping BackgroundPipelineScrubber Service.
2024-08-06 06:55:43,485 [BackgroundPipelineScrubber] WARN  BackgroundPipelineScrubber (BackgroundSCMService.java:run(112)) - BackgroundPipelineScrubber is interrupted, exit
2024-08-06 06:55:43,486 [main] INFO  impl.MetricsSystemImpl (MetricsSystemImpl.java:stop(210)) - Stopping HddsDatanode metrics system...
2024-08-06 06:55:43,487 [prometheus] INFO  impl.MetricsSinkAdapter (MetricsSinkAdapter.java:publishMetricsFromQueue(141)) - prometheus thread interrupted.
2024-08-06 06:55:43,487 [main] INFO  impl.MetricsSystemImpl (MetricsSystemImpl.java:stop(216)) - HddsDatanode metrics system stopped.
2024-08-06 06:55:43,488 [main] WARN  pipeline.BackgroundPipelineCreator (BackgroundPipelineCreator.java:stop(148)) - RatisPipelineUtilsThread is not running, just ignore.
2024-08-06 06:55:43,488 [main] INFO  BackgroundPipelineScrubber (BackgroundSCMService.java:stop(123)) - BackgroundPipelineScrubber Service is not running, skip stop.
2024-08-06 06:55:43,488 [main] INFO  ExpiredContainerReplicaOpScrubber (BackgroundSCMService.java:stop(128)) - Stopping ExpiredContainerReplicaOpScrubber Service.
2024-08-06 06:55:43,488 [main] INFO  utils.BackgroundService (BackgroundService.java:shutdown(163)) - Shutting down service SCMBlockDeletingService
2024-08-06 06:55:43,488 [ExpiredContainerReplicaOpScrubber] WARN  ExpiredContainerReplicaOpScrubber (BackgroundSCMService.java:run(112)) - ExpiredContainerReplicaOpScrubber is interrupted, exit
2024-08-06 06:55:43,488 [main] INFO  replication.ReplicationManager (ReplicationManager.java:stop(339)) - Replication Monitor Thread is not running.
2024-08-06 06:55:43,493 [main] WARN  balancer.ContainerBalancer (ContainerBalancer.java:stop(349)) - Cannot stop Container Balancer because it's not running or stopping
2024-08-06 06:55:43,494 [LeaseManager#LeaseMonitor] WARN  lease.LeaseManager (LeaseManager.java:run(286)) - Lease manager is interrupted. Shutting down...
java.lang.InterruptedException
	at java.base/java.util.concurrent.locks.AbstractQueuedSynchronizer.tryAcquireSharedNanos(AbstractQueuedSynchronizer.java:1081)
	at java.base/java.util.concurrent.Semaphore.tryAcquire(Semaphore.java:415)
	at org.apache.hadoop.ozone.lease.LeaseManager$LeaseMonitor.run(LeaseManager.java:284)
	at java.base/java.lang.Thread.run(Thread.java:840)
2024-08-06 06:55:43,494 [main] INFO  server.StorageContainerManager (StorageContainerManager.java:stop(1777)) - Stopping SCM MetadataStore.
]]></system-out>
  </testcase>
  <testcase name="testGetCommittedBlockLengthTimeout(boolean)[1]" classname="org.apache.hadoop.fs.ozone.TestLeaseRecovery" time="30.766"/>
  <testcase name="testGetCommittedBlockLengthTimeout(boolean)[2]" classname="org.apache.hadoop.fs.ozone.TestLeaseRecovery" time="32.535"/>
  <testcase name="testRecoveryWithoutHsyncHflushOnLastBlock" classname="org.apache.hadoop.fs.ozone.TestLeaseRecovery" time="16.786"/>
  <testcase name="testOMConnectionFailure" classname="org.apache.hadoop.fs.ozone.TestLeaseRecovery" time="22.686"/>
  <testcase name="testOBSRecoveryShouldFail" classname="org.apache.hadoop.fs.ozone.TestLeaseRecovery" time="16.628"/>
  <testcase name="testBlockPipelineClosed" classname="org.apache.hadoop.fs.ozone.TestLeaseRecovery" time="19.614"/>
  <testcase name="testRecoveryWithPartialFilledHsyncBlock" classname="org.apache.hadoop.fs.ozone.TestLeaseRecovery" time="19.763"/>
</testsuite>