<?xml version="1.0" encoding="UTF-8"?>
<testsuite xmlns:xsi="http://www.w3.org/2001/XMLSchema-instance" xsi:noNamespaceSchemaLocation="https://maven.apache.org/surefire/maven-surefire-plugin/xsd/surefire-test-report-3.0.xsd" version="3.0" name="org.apache.hadoop.ozone.client.rpc.TestWatchForCommit" time="46.725" tests="1" errors="0" skipped="0" failures="0">
  <properties>
    <property name="awt.toolkit" value="sun.awt.X11.XToolkit"/>
    <property name="file.encoding.pkg" value="sun.io"/>
    <property name="java.specification.version" value="1.8"/>
    <property name="sun.cpu.isalist" value=""/>
    <property name="sun.jnu.encoding" value="UTF-8"/>
    <property name="gradle.enterprise.listener.surefire.forkId" value="1"/>
    <property name="java.class.path" value="/home/runner/work/ozone/ozone/hadoop-ozone/integration-test/target/test-classes:/home/runner/work/ozone/ozone/hadoop-ozone/integration-test/target/classes:/home/runner/.m2/repository/org/apache/ozone/ozone-common/1.5.0-SNAPSHOT/ozone-common-1.5.0-SNAPSHOT.jar:/home/runner/.m2/repository/io/grpc/grpc-netty/1.58.0/grpc-netty-1.58.0.jar:/home/runner/.m2/repository/io/grpc/grpc-core/1.58.0/grpc-core-1.58.0.jar:/home/runner/.m2/repository/com/google/android/annotations/4.1.1.4/annotations-4.1.1.4.jar:/home/runner/.m2/repository/org/codehaus/mojo/animal-sniffer-annotations/1.23/animal-sniffer-annotations-1.23.jar:/home/runner/.m2/repository/io/grpc/grpc-context/1.58.0/grpc-context-1.58.0.jar:/home/runner/.m2/repository/io/grpc/grpc-util/1.58.0/grpc-util-1.58.0.jar:/home/runner/.m2/repository/com/google/errorprone/error_prone_annotations/2.2.0/error_prone_annotations-2.2.0.jar:/home/runner/.m2/repository/io/perfmark/perfmark-api/0.26.0/perfmark-api-0.26.0.jar:/home/runner/.m2/repository/io/netty/netty-codec-http2/4.1.100.Final/netty-codec-http2-4.1.100.Final.jar:/home/runner/.m2/repository/io/netty/netty-common/4.1.100.Final/netty-common-4.1.100.Final.jar:/home/runner/.m2/repository/io/netty/netty-buffer/4.1.100.Final/netty-buffer-4.1.100.Final.jar:/home/runner/.m2/repository/io/netty/netty-codec-http/4.1.100.Final/netty-codec-http-4.1.100.Final.jar:/home/runner/.m2/repository/io/netty/netty-handler-proxy/4.1.100.Final/netty-handler-proxy-4.1.100.Final.jar:/home/runner/.m2/repository/io/netty/netty-codec-socks/4.1.100.Final/netty-codec-socks-4.1.100.Final.jar:/home/runner/.m2/repository/io/netty/netty-tcnative-boringssl-static/2.0.61.Final/netty-tcnative-boringssl-static-2.0.61.Final.jar:/home/runner/.m2/repository/io/netty/netty-tcnative-classes/2.0.61.Final/netty-tcnative-classes-2.0.61.Final.jar:/home/runner/.m2/repository/io/netty/netty-tcnative-boringssl-static/2.0.61.Final/netty-tcnative-boringssl-static-2.0.61.Final-linux-x86_64.jar:/home/runner/.m2/repository/io/netty/netty-tcnative-boringssl-static/2.0.61.Final/netty-tcnative-boringssl-static-2.0.61.Final-linux-aarch_64.jar:/home/runner/.m2/repository/io/netty/netty-tcnative-boringssl-static/2.0.61.Final/netty-tcnative-boringssl-static-2.0.61.Final-osx-x86_64.jar:/home/runner/.m2/repository/io/netty/netty-tcnative-boringssl-static/2.0.61.Final/netty-tcnative-boringssl-static-2.0.61.Final-osx-aarch_64.jar:/home/runner/.m2/repository/io/netty/netty-tcnative-boringssl-static/2.0.61.Final/netty-tcnative-boringssl-static-2.0.61.Final-windows-x86_64.jar:/home/runner/.m2/repository/org/apache/commons/commons-compress/1.25.0/commons-compress-1.25.0.jar:/home/runner/.m2/repository/org/apache/ozone/hdds-common/1.5.0-SNAPSHOT/hdds-common-1.5.0-SNAPSHOT.jar:/home/runner/.m2/repository/org/apache/ozone/hdds-client/1.5.0-SNAPSHOT/hdds-client-1.5.0-SNAPSHOT.jar:/home/runner/.m2/repository/org/apache/ozone/ozone-interface-client/1.5.0-SNAPSHOT/ozone-interface-client-1.5.0-SNAPSHOT.jar:/home/runner/.m2/repository/org/apache/hadoop/hadoop-hdfs-client/3.3.6/hadoop-hdfs-client-3.3.6.jar:/home/runner/.m2/repository/com/squareup/okhttp3/okhttp/4.12.0/okhttp-4.12.0.jar:/home/runner/.m2/repository/com/squareup/okio/okio/3.6.0/okio-3.6.0.jar:/home/runner/.m2/repository/com/squareup/okio/okio-jvm/3.6.0/okio-jvm-3.6.0.jar:/home/runner/.m2/repository/org/jetbrains/kotlin/kotlin-stdlib-jdk8/1.9.22/kotlin-stdlib-jdk8-1.9.22.jar:/home/runner/.m2/repository/org/jetbrains/kotlin/kotlin-stdlib-jdk7/1.9.22/kotlin-stdlib-jdk7-1.9.22.jar:/home/runner/.m2/repository/org/jetbrains/kotlin/kotlin-stdlib-common/1.9.22/kotlin-stdlib-common-1.9.22.jar:/home/runner/.m2/repository/org/apache/ozone/hdds-test-utils/1.5.0-SNAPSHOT/hdds-test-utils-1.5.0-SNAPSHOT.jar:/home/runner/.m2/repository/org/assertj/assertj-core/3.12.2/assertj-core-3.12.2.jar:/home/runner/.m2/repository/com/google/guava/guava/32.0.0-jre/guava-32.0.0-jre.jar:/home/runner/.m2/repository/com/google/guava/failureaccess/1.0.1/failureaccess-1.0.1.jar:/home/runner/.m2/repository/com/google/guava/listenablefuture/9999.0-empty-to-avoid-conflict-with-guava/listenablefuture-9999.0-empty-to-avoid-conflict-with-guava.jar:/home/runner/.m2/repository/com/google/code/findbugs/jsr305/3.0.0/jsr305-3.0.0.jar:/home/runner/.m2/repository/org/checkerframework/checker-qual/3.33.0/checker-qual-3.33.0.jar:/home/runner/.m2/repository/com/google/j2objc/j2objc-annotations/2.8/j2objc-annotations-2.8.jar:/home/runner/.m2/repository/commons-io/commons-io/2.11.0/commons-io-2.11.0.jar:/home/runner/.m2/repository/commons-logging/commons-logging/1.2/commons-logging-1.2.jar:/home/runner/.m2/repository/org/junit/jupiter/junit-jupiter-api/5.10.1/junit-jupiter-api-5.10.1.jar:/home/runner/.m2/repository/org/opentest4j/opentest4j/1.3.0/opentest4j-1.3.0.jar:/home/runner/.m2/repository/org/junit/platform/junit-platform-commons/1.10.1/junit-platform-commons-1.10.1.jar:/home/runner/.m2/repository/ch/qos/reload4j/reload4j/1.2.25/reload4j-1.2.25.jar:/home/runner/.m2/repository/org/slf4j/slf4j-api/2.0.10/slf4j-api-2.0.10.jar:/home/runner/.m2/repository/org/apache/logging/log4j/log4j-api/2.17.1/log4j-api-2.17.1.jar:/home/runner/.m2/repository/org/apache/ozone/hdds-server-scm/1.5.0-SNAPSHOT/hdds-server-scm-1.5.0-SNAPSHOT.jar:/home/runner/.m2/repository/com/google/protobuf/protobuf-java/2.5.0/protobuf-java-2.5.0.jar:/home/runner/.m2/repository/org/apache/ozone/hdds-container-service/1.5.0-SNAPSHOT/hdds-container-service-1.5.0-SNAPSHOT.jar:/home/runner/.m2/repository/org/apache/ozone/hdds-hadoop-dependency-server/1.5.0-SNAPSHOT/hdds-hadoop-dependency-server-1.5.0-SNAPSHOT.jar:/home/runner/.m2/repository/org/apache/hadoop/hadoop-hdfs/3.3.6/hadoop-hdfs-3.3.6.jar:/home/runner/.m2/repository/commons-daemon/commons-daemon/1.0.13/commons-daemon-1.0.13.jar:/home/runner/.m2/repository/org/apache/ozone/hdds-server-framework/1.5.0-SNAPSHOT/hdds-server-framework-1.5.0-SNAPSHOT.jar:/home/runner/.m2/repository/org/bouncycastle/bcprov-jdk15on/1.67/bcprov-jdk15on-1.67.jar:/home/runner/.m2/repository/io/dropwizard/metrics/metrics-core/3.2.4/metrics-core-3.2.4.jar:/home/runner/.m2/repository/org/apache/commons/commons-text/1.10.0/commons-text-1.10.0.jar:/home/runner/.m2/repository/org/apache/ozone/hdds-server-framework/1.5.0-SNAPSHOT/hdds-server-framework-1.5.0-SNAPSHOT-tests.jar:/home/runner/.m2/repository/org/apache/ozone/hdds-interface-server/1.5.0-SNAPSHOT/hdds-interface-server-1.5.0-SNAPSHOT.jar:/home/runner/.m2/repository/org/apache/ozone/hdds-interface-admin/1.5.0-SNAPSHOT/hdds-interface-admin-1.5.0-SNAPSHOT.jar:/home/runner/.m2/repository/org/apache/ozone/hdds-managed-rocksdb/1.5.0-SNAPSHOT/hdds-managed-rocksdb-1.5.0-SNAPSHOT.jar:/home/runner/.m2/repository/org/rocksdb/rocksdbjni/7.7.3/rocksdbjni-7.7.3.jar:/home/runner/.m2/repository/org/slf4j/slf4j-reload4j/2.0.10/slf4j-reload4j-2.0.10.jar:/home/runner/.m2/repository/org/apache/commons/commons-configuration2/2.1.1/commons-configuration2-2.1.1.jar:/home/runner/.m2/repository/commons-fileupload/commons-fileupload/1.5/commons-fileupload-1.5.jar:/home/runner/.m2/repository/org/apache/logging/log4j/log4j-core/2.17.1/log4j-core-2.17.1.jar:/home/runner/.m2/repository/com/lmax/disruptor/3.4.2/disruptor-3.4.2.jar:/home/runner/.m2/repository/org/eclipse/jetty/jetty-util/9.4.53.v20231009/jetty-util-9.4.53.v20231009.jar:/home/runner/.m2/repository/org/eclipse/jetty/jetty-server/9.4.53.v20231009/jetty-server-9.4.53.v20231009.jar:/home/runner/.m2/repository/org/eclipse/jetty/jetty-http/9.4.53.v20231009/jetty-http-9.4.53.v20231009.jar:/home/runner/.m2/repository/org/eclipse/jetty/jetty-io/9.4.53.v20231009/jetty-io-9.4.53.v20231009.jar:/home/runner/.m2/repository/org/eclipse/jetty/jetty-servlet/9.4.53.v20231009/jetty-servlet-9.4.53.v20231009.jar:/home/runner/.m2/repository/org/eclipse/jetty/jetty-security/9.4.53.v20231009/jetty-security-9.4.53.v20231009.jar:/home/runner/.m2/repository/org/eclipse/jetty/jetty-util-ajax/9.4.53.v20231009/jetty-util-ajax-9.4.53.v20231009.jar:/home/runner/.m2/repository/org/eclipse/jetty/jetty-webapp/9.4.53.v20231009/jetty-webapp-9.4.53.v20231009.jar:/home/runner/.m2/repository/org/eclipse/jetty/jetty-xml/9.4.53.v20231009/jetty-xml-9.4.53.v20231009.jar:/home/runner/.m2/repository/org/apache/ratis/ratis-server/3.0.1/ratis-server-3.0.1.jar:/home/runner/.m2/repository/org/apache/ratis/ratis-thirdparty-misc/1.0.5/ratis-thirdparty-misc-1.0.5.jar:/home/runner/.m2/repository/org/apache/ratis/ratis-proto/3.0.1/ratis-proto-3.0.1.jar:/home/runner/.m2/repository/org/apache/ratis/ratis-common/3.0.1/ratis-common-3.0.1.jar:/home/runner/.m2/repository/org/apache/ratis/ratis-client/3.0.1/ratis-client-3.0.1.jar:/home/runner/.m2/repository/org/apache/ratis/ratis-server-api/3.0.1/ratis-server-api-3.0.1.jar:/home/runner/.m2/repository/org/apache/ratis/ratis-metrics-api/3.0.1/ratis-metrics-api-3.0.1.jar:/home/runner/.m2/repository/org/apache/ratis/ratis-metrics-dropwizard3/3.0.1/ratis-metrics-dropwizard3-3.0.1.jar:/home/runner/.m2/repository/io/prometheus/simpleclient_dropwizard/0.16.0/simpleclient_dropwizard-0.16.0.jar:/home/runner/.m2/repository/io/prometheus/simpleclient/0.16.0/simpleclient-0.16.0.jar:/home/runner/.m2/repository/io/prometheus/simpleclient_common/0.16.0/simpleclient_common-0.16.0.jar:/home/runner/.m2/repository/com/fasterxml/jackson/datatype/jackson-datatype-jsr310/2.13.4/jackson-datatype-jsr310-2.13.4.jar:/home/runner/.m2/repository/com/fasterxml/jackson/core/jackson-core/2.13.4/jackson-core-2.13.4.jar:/home/runner/.m2/repository/org/apache/ozone/rocksdb-checkpoint-differ/1.5.0-SNAPSHOT/rocksdb-checkpoint-differ-1.5.0-SNAPSHOT.jar:/home/runner/.m2/repository/org/jgrapht/jgrapht-core/1.0.1/jgrapht-core-1.0.1.jar:/home/runner/.m2/repository/org/jgrapht/jgrapht-ext/1.0.1/jgrapht-ext-1.0.1.jar:/home/runner/.m2/repository/org/tinyjee/jgraphx/jgraphx/2.0.0.1/jgraphx-2.0.0.1.jar:/home/runner/.m2/repository/jgraph/jgraph/5.13.0.0/jgraph-5.13.0.0.jar:/home/runner/.m2/repository/org/antlr/antlr4-runtime/4.5.3/antlr4-runtime-4.5.3.jar:/home/runner/.m2/repository/org/apache/ozone/ozone-manager/1.5.0-SNAPSHOT/ozone-manager-1.5.0-SNAPSHOT.jar:/home/runner/.m2/repository/org/aspectj/aspectjrt/1.9.7/aspectjrt-1.9.7.jar:/home/runner/.m2/repository/org/aspectj/aspectjweaver/1.9.7/aspectjweaver-1.9.7.jar:/home/runner/.m2/repository/org/apache/ozone/hdds-interface-client/1.5.0-SNAPSHOT/hdds-interface-client-1.5.0-SNAPSHOT.jar:/home/runner/.m2/repository/org/apache/hadoop/thirdparty/hadoop-shaded-protobuf_3_7/1.1.1/hadoop-shaded-protobuf_3_7-1.1.1.jar:/home/runner/.m2/repository/org/apache/ozone/ozone-interface-storage/1.5.0-SNAPSHOT/ozone-interface-storage-1.5.0-SNAPSHOT.jar:/home/runner/.m2/repository/org/reflections/reflections/0.9.11/reflections-0.9.11.jar:/home/runner/.m2/repository/com/sun/jersey/jersey-client/1.19.4/jersey-client-1.19.4.jar:/home/runner/.m2/repository/org/codehaus/jackson/jackson-core-asl/1.9.13/jackson-core-asl-1.9.13.jar:/home/runner/.m2/repository/org/codehaus/jackson/jackson-mapper-asl/1.9.13/jackson-mapper-asl-1.9.13.jar:/home/runner/.m2/repository/org/codehaus/jackson/jackson-jaxrs/1.9.13/jackson-jaxrs-1.9.13.jar:/home/runner/.m2/repository/org/apache/ranger/ranger-intg/2.3.0/ranger-intg-2.3.0.jar:/home/runner/.m2/repository/org/apache/ranger/ranger-plugins-common/2.3.0/ranger-plugins-common-2.3.0.jar:/home/runner/.m2/repository/commons-lang/commons-lang/2.6/commons-lang-2.6.jar:/home/runner/.m2/repository/org/apache/ranger/ranger-plugins-cred/2.3.0/ranger-plugins-cred-2.3.0.jar:/home/runner/.m2/repository/org/apache/ranger/ranger-plugins-audit/2.3.0/ranger-plugins-audit-2.3.0.jar:/home/runner/.m2/repository/org/eclipse/jetty/jetty-client/9.4.53.v20231009/jetty-client-9.4.53.v20231009.jar:/home/runner/.m2/repository/org/apache/httpcomponents/httpmime/4.5.6/httpmime-4.5.6.jar:/home/runner/.m2/repository/org/apache/httpcomponents/httpcore-nio/4.4.16/httpcore-nio-4.4.16.jar:/home/runner/.m2/repository/org/apache/httpcomponents/httpasyncclient/4.1.3/httpasyncclient-4.1.3.jar:/home/runner/.m2/repository/com/carrotsearch/hppc/0.8.0/hppc-0.8.0.jar:/home/runner/.m2/repository/org/apache/orc/orc-core/1.5.8/orc-core-1.5.8.jar:/home/runner/.m2/repository/net/java/dev/jna/jna/5.2.0/jna-5.2.0.jar:/home/runner/.m2/repository/net/java/dev/jna/jna-platform/5.2.0/jna-platform-5.2.0.jar:/home/runner/.m2/repository/com/kstruct/gethostname4j/0.0.2/gethostname4j-0.0.2.jar:/home/runner/.m2/repository/org/apache/ranger/ranger-plugin-classloader/2.3.0/ranger-plugin-classloader-2.3.0.jar:/home/runner/.m2/repository/org/apache/ozone/hdds-rocks-native/1.5.0-SNAPSHOT/hdds-rocks-native-1.5.0-SNAPSHOT.jar:/home/runner/.m2/repository/org/apache/hadoop/hadoop-minikdc/3.3.6/hadoop-minikdc-3.3.6.jar:/home/runner/.m2/repository/org/apache/kerby/kerb-simplekdc/1.0.1/kerb-simplekdc-1.0.1.jar:/home/runner/.m2/repository/org/apache/kerby/kerb-client/1.0.1/kerb-client-1.0.1.jar:/home/runner/.m2/repository/org/apache/kerby/kerby-config/1.0.1/kerby-config-1.0.1.jar:/home/runner/.m2/repository/org/apache/kerby/kerb-common/1.0.1/kerb-common-1.0.1.jar:/home/runner/.m2/repository/org/apache/kerby/kerb-crypto/1.0.1/kerb-crypto-1.0.1.jar:/home/runner/.m2/repository/org/apache/kerby/kerb-util/1.0.1/kerb-util-1.0.1.jar:/home/runner/.m2/repository/org/apache/kerby/token-provider/1.0.1/token-provider-1.0.1.jar:/home/runner/.m2/repository/org/apache/kerby/kerb-admin/1.0.1/kerb-admin-1.0.1.jar:/home/runner/.m2/repository/org/apache/kerby/kerb-server/1.0.1/kerb-server-1.0.1.jar:/home/runner/.m2/repository/org/apache/kerby/kerb-identity/1.0.1/kerb-identity-1.0.1.jar:/home/runner/.m2/repository/org/apache/kerby/kerby-xdr/1.0.1/kerby-xdr-1.0.1.jar:/home/runner/.m2/repository/org/apache/ozone/ozone-s3gateway/1.5.0-SNAPSHOT/ozone-s3gateway-1.5.0-SNAPSHOT.jar:/home/runner/.m2/repository/org/javassist/javassist/3.21.0-GA/javassist-3.21.0-GA.jar:/home/runner/.m2/repository/org/jboss/weld/servlet/weld-servlet-shaded/3.1.9.Final/weld-servlet-shaded-3.1.9.Final.jar:/home/runner/.m2/repository/org/glassfish/jersey/containers/jersey-container-servlet-core/2.41/jersey-container-servlet-core-2.41.jar:/home/runner/.m2/repository/org/glassfish/hk2/external/jakarta.inject/2.6.1/jakarta.inject-2.6.1.jar:/home/runner/.m2/repository/org/glassfish/jersey/core/jersey-common/2.41/jersey-common-2.41.jar:/home/runner/.m2/repository/jakarta/ws/rs/jakarta.ws.rs-api/2.1.6/jakarta.ws.rs-api-2.1.6.jar:/home/runner/.m2/repository/org/glassfish/jersey/ext/cdi/jersey-cdi1x/2.41/jersey-cdi1x-2.41.jar:/home/runner/.m2/repository/org/glassfish/jersey/inject/jersey-hk2/2.41/jersey-hk2-2.41.jar:/home/runner/.m2/repository/org/glassfish/hk2/hk2-locator/2.6.1/hk2-locator-2.6.1.jar:/home/runner/.m2/repository/org/glassfish/jersey/media/jersey-media-jaxb/2.41/jersey-media-jaxb-2.41.jar:/home/runner/.m2/repository/org/glassfish/hk2/osgi-resource-locator/1.0.3/osgi-resource-locator-1.0.3.jar:/home/runner/.m2/repository/org/glassfish/hk2/hk2-api/2.5.0/hk2-api-2.5.0.jar:/home/runner/.m2/repository/org/glassfish/hk2/hk2-utils/2.5.0/hk2-utils-2.5.0.jar:/home/runner/.m2/repository/org/glassfish/hk2/external/aopalliance-repackaged/2.5.0/aopalliance-repackaged-2.5.0.jar:/home/runner/.m2/repository/com/fasterxml/jackson/dataformat/jackson-dataformat-xml/2.13.4/jackson-dataformat-xml-2.13.4.jar:/home/runner/.m2/repository/org/codehaus/woodstox/stax2-api/4.2.2/stax2-api-4.2.2.jar:/home/runner/.m2/repository/com/fasterxml/woodstox/woodstox-core/5.4.0/woodstox-core-5.4.0.jar:/home/runner/.m2/repository/com/fasterxml/jackson/module/jackson-module-jaxb-annotations/2.13.4/jackson-module-jaxb-annotations-2.13.4.jar:/home/runner/.m2/repository/javax/enterprise/cdi-api/2.0/cdi-api-2.0.jar:/home/runner/.m2/repository/javax/el/javax.el-api/3.0.0/javax.el-api-3.0.0.jar:/home/runner/.m2/repository/javax/interceptor/javax.interceptor-api/1.2/javax.interceptor-api-1.2.jar:/home/runner/.m2/repository/javax/inject/javax.inject/1/javax.inject-1.jar:/home/runner/.m2/repository/jakarta/xml/bind/jakarta.xml.bind-api/2.3.3/jakarta.xml.bind-api-2.3.3.jar:/home/runner/.m2/repository/org/glassfish/jaxb/jaxb-runtime/2.3.9/jaxb-runtime-2.3.9.jar:/home/runner/.m2/repository/org/glassfish/jaxb/txw2/2.3.9/txw2-2.3.9.jar:/home/runner/.m2/repository/com/sun/istack/istack-commons-runtime/3.0.12/istack-commons-runtime-3.0.12.jar:/home/runner/.m2/repository/com/sun/activation/jakarta.activation/1.2.2/jakarta.activation-1.2.2.jar:/home/runner/.m2/repository/jakarta/activation/jakarta.activation-api/1.2.2/jakarta.activation-api-1.2.2.jar:/home/runner/.m2/repository/io/grpc/grpc-protobuf/1.58.0/grpc-protobuf-1.58.0.jar:/home/runner/.m2/repository/com/google/api/grpc/proto-google-common-protos/2.22.0/proto-google-common-protos-2.22.0.jar:/home/runner/.m2/repository/io/grpc/grpc-protobuf-lite/1.58.0/grpc-protobuf-lite-1.58.0.jar:/home/runner/.m2/repository/io/grpc/grpc-stub/1.58.0/grpc-stub-1.58.0.jar:/home/runner/.m2/repository/io/netty/netty-transport/4.1.100.Final/netty-transport-4.1.100.Final.jar:/home/runner/.m2/repository/io/netty/netty-resolver/4.1.100.Final/netty-resolver-4.1.100.Final.jar:/home/runner/.m2/repository/org/apache/ozone/ozone-csi/1.5.0-SNAPSHOT/ozone-csi-1.5.0-SNAPSHOT.jar:/home/runner/.m2/repository/com/google/protobuf/protobuf-java-util/3.19.6/protobuf-java-util-3.19.6.jar:/home/runner/.m2/repository/com/google/code/gson/gson/2.9.0/gson-2.9.0.jar:/home/runner/.m2/repository/org/apache/ozone/hdds-config/1.5.0-SNAPSHOT/hdds-config-1.5.0-SNAPSHOT.jar:/home/runner/.m2/repository/io/netty/netty-transport-native-epoll/4.1.100.Final/netty-transport-native-epoll-4.1.100.Final-linux-x86_64.jar:/home/runner/.m2/repository/io/netty/netty-transport-classes-epoll/4.1.100.Final/netty-transport-classes-epoll-4.1.100.Final.jar:/home/runner/.m2/repository/io/netty/netty-transport-native-unix-common/4.1.100.Final/netty-transport-native-unix-common-4.1.100.Final.jar:/home/runner/.m2/repository/org/apache/ozone/ozone-recon/1.5.0-SNAPSHOT/ozone-recon-1.5.0-SNAPSHOT.jar:/home/runner/.m2/repository/org/apache/ozone/ozone-reconcodegen/1.5.0-SNAPSHOT/ozone-reconcodegen-1.5.0-SNAPSHOT.jar:/home/runner/.m2/repository/com/google/inject/guice/5.1.0/guice-5.1.0.jar:/home/runner/.m2/repository/aopalliance/aopalliance/1.0/aopalliance-1.0.jar:/home/runner/.m2/repository/com/google/inject/extensions/guice-assistedinject/5.1.0/guice-assistedinject-5.1.0.jar:/home/runner/.m2/repository/com/google/inject/extensions/guice-servlet/5.1.0/guice-servlet-5.1.0.jar:/home/runner/.m2/repository/org/glassfish/jersey/containers/jersey-container-servlet/2.41/jersey-container-servlet-2.41.jar:/home/runner/.m2/repository/org/glassfish/hk2/guice-bridge/2.5.0/guice-bridge-2.5.0.jar:/home/runner/.m2/repository/org/glassfish/jersey/core/jersey-server/2.41/jersey-server-2.41.jar:/home/runner/.m2/repository/org/glassfish/jersey/core/jersey-client/2.41/jersey-client-2.41.jar:/home/runner/.m2/repository/jakarta/annotation/jakarta.annotation-api/1.3.5/jakarta.annotation-api-1.3.5.jar:/home/runner/.m2/repository/jakarta/validation/jakarta.validation-api/2.0.2/jakarta.validation-api-2.0.2.jar:/home/runner/.m2/repository/org/glassfish/jersey/media/jersey-media-json-jackson/2.41/jersey-media-json-jackson-2.41.jar:/home/runner/.m2/repository/org/glassfish/jersey/ext/jersey-entity-filtering/2.41/jersey-entity-filtering-2.41.jar:/home/runner/.m2/repository/org/jooq/jooq/3.11.10/jooq-3.11.10.jar:/home/runner/.m2/repository/org/jooq/jooq-meta/3.11.10/jooq-meta-3.11.10.jar:/home/runner/.m2/repository/org/jooq/jooq-codegen/3.11.10/jooq-codegen-3.11.10.jar:/home/runner/.m2/repository/com/jolbox/bonecp/0.8.0.RELEASE/bonecp-0.8.0.RELEASE.jar:/home/runner/.m2/repository/org/apache/derby/derby/10.14.2.0/derby-10.14.2.0.jar:/home/runner/.m2/repository/org/xerial/sqlite-jdbc/3.44.1.0/sqlite-jdbc-3.44.1.0.jar:/home/runner/.m2/repository/org/springframework/spring-jdbc/5.3.27/spring-jdbc-5.3.27.jar:/home/runner/.m2/repository/org/springframework/spring-beans/5.3.27/spring-beans-5.3.27.jar:/home/runner/.m2/repository/org/springframework/spring-core/5.3.27/spring-core-5.3.27.jar:/home/runner/.m2/repository/org/springframework/spring-tx/5.3.27/spring-tx-5.3.27.jar:/home/runner/.m2/repository/org/apache/ozone/ozone-client/1.5.0-SNAPSHOT/ozone-client-1.5.0-SNAPSHOT.jar:/home/runner/.m2/repository/org/apache/ozone/hdds-erasurecode/1.5.0-SNAPSHOT/hdds-erasurecode-1.5.0-SNAPSHOT.jar:/home/runner/.m2/repository/org/apache/ozone/ozone-filesystem/1.5.0-SNAPSHOT/ozone-filesystem-1.5.0-SNAPSHOT.jar:/home/runner/.m2/repository/org/apache/ozone/ozone-filesystem-common/1.5.0-SNAPSHOT/ozone-filesystem-common-1.5.0-SNAPSHOT.jar:/home/runner/.m2/repository/org/apache/ozone/ozone-tools/1.5.0-SNAPSHOT/ozone-tools-1.5.0-SNAPSHOT.jar:/home/runner/.m2/repository/com/amazonaws/aws-java-sdk-core/1.12.632/aws-java-sdk-core-1.12.632.jar:/home/runner/.m2/repository/org/apache/httpcomponents/httpclient/4.5.13/httpclient-4.5.13.jar:/home/runner/.m2/repository/org/apache/httpcomponents/httpcore/4.4.16/httpcore-4.4.16.jar:/home/runner/.m2/repository/software/amazon/ion/ion-java/1.0.2/ion-java-1.0.2.jar:/home/runner/.m2/repository/com/fasterxml/jackson/dataformat/jackson-dataformat-cbor/2.13.4/jackson-dataformat-cbor-2.13.4.jar:/home/runner/.m2/repository/joda-time/joda-time/2.12.5/joda-time-2.12.5.jar:/home/runner/.m2/repository/com/amazonaws/aws-java-sdk-s3/1.12.632/aws-java-sdk-s3-1.12.632.jar:/home/runner/.m2/repository/com/amazonaws/aws-java-sdk-kms/1.12.632/aws-java-sdk-kms-1.12.632.jar:/home/runner/.m2/repository/com/amazonaws/jmespath-java/1.12.632/jmespath-java-1.12.632.jar:/home/runner/.m2/repository/org/kohsuke/metainf-services/metainf-services/1.8/metainf-services-1.8.jar:/home/runner/.m2/repository/org/apache/ozone/hdds-tools/1.5.0-SNAPSHOT/hdds-tools-1.5.0-SNAPSHOT.jar:/home/runner/.m2/repository/org/apache/ratis/ratis-tools/3.0.1/ratis-tools-3.0.1.jar:/home/runner/.m2/repository/commons-cli/commons-cli/1.6.0/commons-cli-1.6.0.jar:/home/runner/.m2/repository/org/apache/commons/commons-lang3/3.14.0/commons-lang3-3.14.0.jar:/home/runner/.m2/repository/org/apache/ozone/ozone-manager/1.5.0-SNAPSHOT/ozone-manager-1.5.0-SNAPSHOT-tests.jar:/home/runner/.m2/repository/org/apache/ozone/hdds-common/1.5.0-SNAPSHOT/hdds-common-1.5.0-SNAPSHOT-tests.jar:/home/runner/.m2/repository/org/apache/ozone/hdds-hadoop-dependency-client/1.5.0-SNAPSHOT/hdds-hadoop-dependency-client-1.5.0-SNAPSHOT.jar:/home/runner/.m2/repository/info/picocli/picocli/4.7.5/picocli-4.7.5.jar:/home/runner/.m2/repository/com/fasterxml/jackson/core/jackson-annotations/2.13.4/jackson-annotations-2.13.4.jar:/home/runner/.m2/repository/org/apache/ozone/hdds-annotation-processing/1.5.0-SNAPSHOT/hdds-annotation-processing-1.5.0-SNAPSHOT.jar:/home/runner/.m2/repository/javax/annotation/javax.annotation-api/1.3.2/javax.annotation-api-1.3.2.jar:/home/runner/.m2/repository/org/apache/ratis/ratis-netty/3.0.1/ratis-netty-3.0.1.jar:/home/runner/.m2/repository/org/apache/ratis/ratis-grpc/3.0.1/ratis-grpc-3.0.1.jar:/home/runner/.m2/repository/org/apache/commons/commons-pool2/2.6.0/commons-pool2-2.6.0.jar:/home/runner/.m2/repository/org/bouncycastle/bcpkix-jdk15on/1.67/bcpkix-jdk15on-1.67.jar:/home/runner/.m2/repository/commons-validator/commons-validator/1.6/commons-validator-1.6.jar:/home/runner/.m2/repository/commons-beanutils/commons-beanutils/1.9.4/commons-beanutils-1.9.4.jar:/home/runner/.m2/repository/commons-digester/commons-digester/1.8.1/commons-digester-1.8.1.jar:/home/runner/.m2/repository/commons-collections/commons-collections/3.2.2/commons-collections-3.2.2.jar:/home/runner/.m2/repository/io/jaegertracing/jaeger-client/1.6.0/jaeger-client-1.6.0.jar:/home/runner/.m2/repository/io/jaegertracing/jaeger-thrift/1.6.0/jaeger-thrift-1.6.0.jar:/home/runner/.m2/repository/org/apache/thrift/libthrift/0.14.1/libthrift-0.14.1.jar:/home/runner/.m2/repository/io/jaegertracing/jaeger-core/1.6.0/jaeger-core-1.6.0.jar:/home/runner/.m2/repository/io/jaegertracing/jaeger-tracerresolver/1.6.0/jaeger-tracerresolver-1.6.0.jar:/home/runner/.m2/repository/io/opentracing/contrib/opentracing-tracerresolver/0.1.8/opentracing-tracerresolver-0.1.8.jar:/home/runner/.m2/repository/org/jetbrains/kotlin/kotlin-stdlib/1.9.22/kotlin-stdlib-1.9.22.jar:/home/runner/.m2/repository/org/jetbrains/annotations/13.0/annotations-13.0.jar:/home/runner/.m2/repository/io/opentracing/opentracing-util/0.33.0/opentracing-util-0.33.0.jar:/home/runner/.m2/repository/io/opentracing/opentracing-api/0.33.0/opentracing-api-0.33.0.jar:/home/runner/.m2/repository/io/opentracing/opentracing-noop/0.33.0/opentracing-noop-0.33.0.jar:/home/runner/.m2/repository/org/yaml/snakeyaml/2.0/snakeyaml-2.0.jar:/home/runner/.m2/repository/io/grpc/grpc-api/1.58.0/grpc-api-1.58.0.jar:/home/runner/.m2/repository/junit/junit/4.13.1/junit-4.13.1.jar:/home/runner/.m2/repository/org/junit/jupiter/junit-jupiter-engine/5.10.1/junit-jupiter-engine-5.10.1.jar:/home/runner/.m2/repository/org/junit/platform/junit-platform-engine/1.10.1/junit-platform-engine-1.10.1.jar:/home/runner/.m2/repository/org/apiguardian/apiguardian-api/1.1.2/apiguardian-api-1.1.2.jar:/home/runner/.m2/repository/org/junit/vintage/junit-vintage-engine/5.10.1/junit-vintage-engine-5.10.1.jar:/home/runner/.m2/repository/org/junit/platform/junit-platform-launcher/1.10.1/junit-platform-launcher-1.10.1.jar:/home/runner/.m2/repository/org/apache/hadoop/hadoop-kms/3.3.6/hadoop-kms-3.3.6.jar:/home/runner/.m2/repository/org/apache/hadoop/hadoop-auth/3.3.6/hadoop-auth-3.3.6.jar:/home/runner/.m2/repository/com/nimbusds/nimbus-jose-jwt/9.8.1/nimbus-jose-jwt-9.8.1.jar:/home/runner/.m2/repository/com/github/stephenc/jcip/jcip-annotations/1.0-1/jcip-annotations-1.0-1.jar:/home/runner/.m2/repository/org/apache/zookeeper/zookeeper/3.7.2/zookeeper-3.7.2.jar:/home/runner/.m2/repository/org/apache/zookeeper/zookeeper-jute/3.7.2/zookeeper-jute-3.7.2.jar:/home/runner/.m2/repository/org/apache/yetus/audience-annotations/0.12.0/audience-annotations-0.12.0.jar:/home/runner/.m2/repository/org/apache/curator/curator-framework/4.2.0/curator-framework-4.2.0.jar:/home/runner/.m2/repository/org/apache/hadoop/thirdparty/hadoop-shaded-guava/1.1.1/hadoop-shaded-guava-1.1.1.jar:/home/runner/.m2/repository/com/sun/jersey/jersey-core/1.19.4/jersey-core-1.19.4.jar:/home/runner/.m2/repository/javax/ws/rs/jsr311-api/1.1.1/jsr311-api-1.1.1.jar:/home/runner/.m2/repository/com/sun/jersey/jersey-server/1.19.4/jersey-server-1.19.4.jar:/home/runner/.m2/repository/javax/servlet/javax.servlet-api/3.1.0/javax.servlet-api-3.1.0.jar:/home/runner/.m2/repository/org/apache/hadoop/hadoop-common/3.3.6/hadoop-common-3.3.6.jar:/home/runner/.m2/repository/org/apache/commons/commons-math3/3.1.1/commons-math3-3.1.1.jar:/home/runner/.m2/repository/commons-net/commons-net/3.10.0/commons-net-3.10.0.jar:/home/runner/.m2/repository/com/sun/jersey/jersey-servlet/1.19.4/jersey-servlet-1.19.4.jar:/home/runner/.m2/repository/com/github/pjfanning/jersey-json/1.20/jersey-json-1.20.jar:/home/runner/.m2/repository/org/codehaus/jettison/jettison/1.1/jettison-1.1.jar:/home/runner/.m2/repository/com/sun/xml/bind/jaxb-impl/2.2.3-1/jaxb-impl-2.2.3-1.jar:/home/runner/.m2/repository/com/google/re2j/re2j/1.1/re2j-1.1.jar:/home/runner/.m2/repository/com/jcraft/jsch/0.1.54/jsch-0.1.54.jar:/home/runner/.m2/repository/org/apache/curator/curator-client/4.2.0/curator-client-4.2.0.jar:/home/runner/.m2/repository/org/apache/curator/curator-recipes/5.2.0/curator-recipes-5.2.0.jar:/home/runner/.m2/repository/org/apache/kerby/kerb-core/1.0.1/kerb-core-1.0.1.jar:/home/runner/.m2/repository/org/apache/kerby/kerby-pkix/1.0.1/kerby-pkix-1.0.1.jar:/home/runner/.m2/repository/org/apache/kerby/kerby-asn1/1.0.1/kerby-asn1-1.0.1.jar:/home/runner/.m2/repository/org/apache/kerby/kerby-util/1.0.1/kerby-util-1.0.1.jar:/home/runner/.m2/repository/dnsjava/dnsjava/2.1.7/dnsjava-2.1.7.jar:/home/runner/.m2/repository/org/xerial/snappy/snappy-java/1.1.8.2/snappy-java-1.1.8.2.jar:/home/runner/.m2/repository/com/fasterxml/jackson/core/jackson-databind/2.13.4.2/jackson-databind-2.13.4.2.jar:/home/runner/.m2/repository/org/apache/hadoop/hadoop-kms/3.3.6/hadoop-kms-3.3.6-tests.jar:/home/runner/.m2/repository/org/apache/ozone/hdds-server-scm/1.5.0-SNAPSHOT/hdds-server-scm-1.5.0-SNAPSHOT-tests.jar:/home/runner/.m2/repository/org/apache/ozone/hdds-container-service/1.5.0-SNAPSHOT/hdds-container-service-1.5.0-SNAPSHOT-tests.jar:/home/runner/.m2/repository/com/github/luben/zstd-jni/1.5.2-5/zstd-jni-1.5.2-5.jar:/home/runner/.m2/repository/commons-codec/commons-codec/1.15/commons-codec-1.15.jar:/home/runner/.m2/repository/io/netty/netty-codec/4.1.100.Final/netty-codec-4.1.100.Final.jar:/home/runner/.m2/repository/io/netty/netty-handler/4.1.100.Final/netty-handler-4.1.100.Final.jar:/home/runner/.m2/repository/org/apache/ozone/hdds-hadoop-dependency-test/1.5.0-SNAPSHOT/hdds-hadoop-dependency-test-1.5.0-SNAPSHOT.jar:/home/runner/.m2/repository/org/apache/hadoop/hadoop-common/3.3.6/hadoop-common-3.3.6-tests.jar:/home/runner/.m2/repository/org/apache/hadoop/hadoop-hdfs/3.3.6/hadoop-hdfs-3.3.6-tests.jar:/home/runner/.m2/repository/org/junit/jupiter/junit-jupiter-params/5.10.1/junit-jupiter-params-5.10.1.jar:/home/runner/.m2/repository/org/mockito/mockito-core/3.5.9/mockito-core-3.5.9.jar:/home/runner/.m2/repository/net/bytebuddy/byte-buddy/1.10.13/byte-buddy-1.10.13.jar:/home/runner/.m2/repository/net/bytebuddy/byte-buddy-agent/1.10.13/byte-buddy-agent-1.10.13.jar:/home/runner/.m2/repository/org/objenesis/objenesis/1.0/objenesis-1.0.jar:/home/runner/.m2/repository/org/mockito/mockito-junit-jupiter/3.5.9/mockito-junit-jupiter-3.5.9.jar:/home/runner/.m2/repository/org/apache/hadoop/hadoop-distcp/3.3.6/hadoop-distcp-3.3.6.jar:/home/runner/.m2/repository/org/apache/hadoop/hadoop-mapreduce-client-jobclient/3.3.6/hadoop-mapreduce-client-jobclient-3.3.6.jar:/home/runner/.m2/repository/org/apache/hadoop/hadoop-mapreduce-client-common/3.3.6/hadoop-mapreduce-client-common-3.3.6.jar:/home/runner/.m2/repository/org/apache/hadoop/hadoop-yarn-common/3.3.6/hadoop-yarn-common-3.3.6.jar:/home/runner/.m2/repository/org/apache/hadoop/hadoop-yarn-api/3.3.6/hadoop-yarn-api-3.3.6.jar:/home/runner/.m2/repository/javax/xml/bind/jaxb-api/2.2.11/jaxb-api-2.2.11.jar:/home/runner/.m2/repository/com/sun/jersey/contribs/jersey-guice/1.19.4/jersey-guice-1.19.4.jar:/home/runner/.m2/repository/com/fasterxml/jackson/jaxrs/jackson-jaxrs-json-provider/2.13.4/jackson-jaxrs-json-provider-2.13.4.jar:/home/runner/.m2/repository/com/fasterxml/jackson/jaxrs/jackson-jaxrs-base/2.13.4/jackson-jaxrs-base-2.13.4.jar:/home/runner/.m2/repository/org/apache/hadoop/hadoop-yarn-client/3.3.6/hadoop-yarn-client-3.3.6.jar:/home/runner/.m2/repository/org/eclipse/jetty/websocket/websocket-client/9.4.51.v20230217/websocket-client-9.4.51.v20230217.jar:/home/runner/.m2/repository/org/eclipse/jetty/websocket/websocket-common/9.4.51.v20230217/websocket-common-9.4.51.v20230217.jar:/home/runner/.m2/repository/org/eclipse/jetty/websocket/websocket-api/9.4.51.v20230217/websocket-api-9.4.51.v20230217.jar:/home/runner/.m2/repository/org/jline/jline/3.9.0/jline-3.9.0.jar:/home/runner/.m2/repository/org/apache/hadoop/hadoop-mapreduce-client-core/3.3.6/hadoop-mapreduce-client-core-3.3.6.jar:/home/runner/.m2/repository/org/apache/avro/avro/1.7.7/avro-1.7.7.jar:/home/runner/.m2/repository/com/thoughtworks/paranamer/paranamer/2.3/paranamer-2.3.jar:/home/runner/.m2/repository/org/apache/hadoop/hadoop-annotations/3.3.6/hadoop-annotations-3.3.6.jar:/usr/lib/jvm/temurin-8-jdk-amd64/jre/../lib/tools.jar:/home/runner/.m2/repository/io/netty/netty/3.10.6.Final/netty-3.10.6.Final.jar:/home/runner/.m2/repository/org/apache/hadoop/hadoop-distcp/3.3.6/hadoop-distcp-3.3.6-tests.jar:/home/runner/.m2/repository/org/hamcrest/hamcrest/2.2/hamcrest-2.2.jar:/home/runner/.m2/repository/org/slf4j/jul-to-slf4j/2.0.10/jul-to-slf4j-2.0.10.jar:/home/runner/work/ozone/ozone/hadoop-ozone/integration-test/target/gradle-enterprise/test-listeners.jar:"/>
    <property name="java.vm.vendor" value="Temurin"/>
    <property name="sun.arch.data.model" value="64"/>
    <property name="test.build.dir" value="/home/runner/work/ozone/ozone/hadoop-ozone/integration-test/target/test-dir"/>
    <property name="test.cache.data" value=""/>
    <property name="java.vendor.url" value="https://adoptium.net/"/>
    <property name="user.timezone" value="Etc/UTC"/>
    <property name="os.name" value="Linux"/>
    <property name="java.vm.specification.version" value="1.8"/>
    <property name="test.build.data" value="/home/runner/work/ozone/ozone/hadoop-ozone/integration-test/target/test-dir"/>
    <property name="sun.java.launcher" value="SUN_STANDARD"/>
    <property name="sun.boot.library.path" value="/usr/lib/jvm/temurin-8-jdk-amd64/jre/lib/amd64"/>
    <property name="sun.java.command" value="/home/runner/work/ozone/ozone/hadoop-ozone/integration-test/target/surefire/surefirebooter-20240114163456049_94.jar /home/runner/work/ozone/ozone/hadoop-ozone/integration-test/target/surefire 2024-01-14T16-34-53_350-jvmRun1 surefire-20240114163456049_92tmp surefire_14-20240114163456049_93tmp"/>
    <property name="native.lib.tmp.dir" value="/tmp"/>
    <property name="surefire.test.class.path" value="/home/runner/work/ozone/ozone/hadoop-ozone/integration-test/target/test-classes:/home/runner/work/ozone/ozone/hadoop-ozone/integration-test/target/classes:/home/runner/.m2/repository/org/apache/ozone/ozone-common/1.5.0-SNAPSHOT/ozone-common-1.5.0-SNAPSHOT.jar:/home/runner/.m2/repository/io/grpc/grpc-netty/1.58.0/grpc-netty-1.58.0.jar:/home/runner/.m2/repository/io/grpc/grpc-core/1.58.0/grpc-core-1.58.0.jar:/home/runner/.m2/repository/com/google/android/annotations/4.1.1.4/annotations-4.1.1.4.jar:/home/runner/.m2/repository/org/codehaus/mojo/animal-sniffer-annotations/1.23/animal-sniffer-annotations-1.23.jar:/home/runner/.m2/repository/io/grpc/grpc-context/1.58.0/grpc-context-1.58.0.jar:/home/runner/.m2/repository/io/grpc/grpc-util/1.58.0/grpc-util-1.58.0.jar:/home/runner/.m2/repository/com/google/errorprone/error_prone_annotations/2.2.0/error_prone_annotations-2.2.0.jar:/home/runner/.m2/repository/io/perfmark/perfmark-api/0.26.0/perfmark-api-0.26.0.jar:/home/runner/.m2/repository/io/netty/netty-codec-http2/4.1.100.Final/netty-codec-http2-4.1.100.Final.jar:/home/runner/.m2/repository/io/netty/netty-common/4.1.100.Final/netty-common-4.1.100.Final.jar:/home/runner/.m2/repository/io/netty/netty-buffer/4.1.100.Final/netty-buffer-4.1.100.Final.jar:/home/runner/.m2/repository/io/netty/netty-codec-http/4.1.100.Final/netty-codec-http-4.1.100.Final.jar:/home/runner/.m2/repository/io/netty/netty-handler-proxy/4.1.100.Final/netty-handler-proxy-4.1.100.Final.jar:/home/runner/.m2/repository/io/netty/netty-codec-socks/4.1.100.Final/netty-codec-socks-4.1.100.Final.jar:/home/runner/.m2/repository/io/netty/netty-tcnative-boringssl-static/2.0.61.Final/netty-tcnative-boringssl-static-2.0.61.Final.jar:/home/runner/.m2/repository/io/netty/netty-tcnative-classes/2.0.61.Final/netty-tcnative-classes-2.0.61.Final.jar:/home/runner/.m2/repository/io/netty/netty-tcnative-boringssl-static/2.0.61.Final/netty-tcnative-boringssl-static-2.0.61.Final-linux-x86_64.jar:/home/runner/.m2/repository/io/netty/netty-tcnative-boringssl-static/2.0.61.Final/netty-tcnative-boringssl-static-2.0.61.Final-linux-aarch_64.jar:/home/runner/.m2/repository/io/netty/netty-tcnative-boringssl-static/2.0.61.Final/netty-tcnative-boringssl-static-2.0.61.Final-osx-x86_64.jar:/home/runner/.m2/repository/io/netty/netty-tcnative-boringssl-static/2.0.61.Final/netty-tcnative-boringssl-static-2.0.61.Final-osx-aarch_64.jar:/home/runner/.m2/repository/io/netty/netty-tcnative-boringssl-static/2.0.61.Final/netty-tcnative-boringssl-static-2.0.61.Final-windows-x86_64.jar:/home/runner/.m2/repository/org/apache/commons/commons-compress/1.25.0/commons-compress-1.25.0.jar:/home/runner/.m2/repository/org/apache/ozone/hdds-common/1.5.0-SNAPSHOT/hdds-common-1.5.0-SNAPSHOT.jar:/home/runner/.m2/repository/org/apache/ozone/hdds-client/1.5.0-SNAPSHOT/hdds-client-1.5.0-SNAPSHOT.jar:/home/runner/.m2/repository/org/apache/ozone/ozone-interface-client/1.5.0-SNAPSHOT/ozone-interface-client-1.5.0-SNAPSHOT.jar:/home/runner/.m2/repository/org/apache/hadoop/hadoop-hdfs-client/3.3.6/hadoop-hdfs-client-3.3.6.jar:/home/runner/.m2/repository/com/squareup/okhttp3/okhttp/4.12.0/okhttp-4.12.0.jar:/home/runner/.m2/repository/com/squareup/okio/okio/3.6.0/okio-3.6.0.jar:/home/runner/.m2/repository/com/squareup/okio/okio-jvm/3.6.0/okio-jvm-3.6.0.jar:/home/runner/.m2/repository/org/jetbrains/kotlin/kotlin-stdlib-jdk8/1.9.22/kotlin-stdlib-jdk8-1.9.22.jar:/home/runner/.m2/repository/org/jetbrains/kotlin/kotlin-stdlib-jdk7/1.9.22/kotlin-stdlib-jdk7-1.9.22.jar:/home/runner/.m2/repository/org/jetbrains/kotlin/kotlin-stdlib-common/1.9.22/kotlin-stdlib-common-1.9.22.jar:/home/runner/.m2/repository/org/apache/ozone/hdds-test-utils/1.5.0-SNAPSHOT/hdds-test-utils-1.5.0-SNAPSHOT.jar:/home/runner/.m2/repository/org/assertj/assertj-core/3.12.2/assertj-core-3.12.2.jar:/home/runner/.m2/repository/com/google/guava/guava/32.0.0-jre/guava-32.0.0-jre.jar:/home/runner/.m2/repository/com/google/guava/failureaccess/1.0.1/failureaccess-1.0.1.jar:/home/runner/.m2/repository/com/google/guava/listenablefuture/9999.0-empty-to-avoid-conflict-with-guava/listenablefuture-9999.0-empty-to-avoid-conflict-with-guava.jar:/home/runner/.m2/repository/com/google/code/findbugs/jsr305/3.0.0/jsr305-3.0.0.jar:/home/runner/.m2/repository/org/checkerframework/checker-qual/3.33.0/checker-qual-3.33.0.jar:/home/runner/.m2/repository/com/google/j2objc/j2objc-annotations/2.8/j2objc-annotations-2.8.jar:/home/runner/.m2/repository/commons-io/commons-io/2.11.0/commons-io-2.11.0.jar:/home/runner/.m2/repository/commons-logging/commons-logging/1.2/commons-logging-1.2.jar:/home/runner/.m2/repository/org/junit/jupiter/junit-jupiter-api/5.10.1/junit-jupiter-api-5.10.1.jar:/home/runner/.m2/repository/org/opentest4j/opentest4j/1.3.0/opentest4j-1.3.0.jar:/home/runner/.m2/repository/org/junit/platform/junit-platform-commons/1.10.1/junit-platform-commons-1.10.1.jar:/home/runner/.m2/repository/ch/qos/reload4j/reload4j/1.2.25/reload4j-1.2.25.jar:/home/runner/.m2/repository/org/slf4j/slf4j-api/2.0.10/slf4j-api-2.0.10.jar:/home/runner/.m2/repository/org/apache/logging/log4j/log4j-api/2.17.1/log4j-api-2.17.1.jar:/home/runner/.m2/repository/org/apache/ozone/hdds-server-scm/1.5.0-SNAPSHOT/hdds-server-scm-1.5.0-SNAPSHOT.jar:/home/runner/.m2/repository/com/google/protobuf/protobuf-java/2.5.0/protobuf-java-2.5.0.jar:/home/runner/.m2/repository/org/apache/ozone/hdds-container-service/1.5.0-SNAPSHOT/hdds-container-service-1.5.0-SNAPSHOT.jar:/home/runner/.m2/repository/org/apache/ozone/hdds-hadoop-dependency-server/1.5.0-SNAPSHOT/hdds-hadoop-dependency-server-1.5.0-SNAPSHOT.jar:/home/runner/.m2/repository/org/apache/hadoop/hadoop-hdfs/3.3.6/hadoop-hdfs-3.3.6.jar:/home/runner/.m2/repository/commons-daemon/commons-daemon/1.0.13/commons-daemon-1.0.13.jar:/home/runner/.m2/repository/org/apache/ozone/hdds-server-framework/1.5.0-SNAPSHOT/hdds-server-framework-1.5.0-SNAPSHOT.jar:/home/runner/.m2/repository/org/bouncycastle/bcprov-jdk15on/1.67/bcprov-jdk15on-1.67.jar:/home/runner/.m2/repository/io/dropwizard/metrics/metrics-core/3.2.4/metrics-core-3.2.4.jar:/home/runner/.m2/repository/org/apache/commons/commons-text/1.10.0/commons-text-1.10.0.jar:/home/runner/.m2/repository/org/apache/ozone/hdds-server-framework/1.5.0-SNAPSHOT/hdds-server-framework-1.5.0-SNAPSHOT-tests.jar:/home/runner/.m2/repository/org/apache/ozone/hdds-interface-server/1.5.0-SNAPSHOT/hdds-interface-server-1.5.0-SNAPSHOT.jar:/home/runner/.m2/repository/org/apache/ozone/hdds-interface-admin/1.5.0-SNAPSHOT/hdds-interface-admin-1.5.0-SNAPSHOT.jar:/home/runner/.m2/repository/org/apache/ozone/hdds-managed-rocksdb/1.5.0-SNAPSHOT/hdds-managed-rocksdb-1.5.0-SNAPSHOT.jar:/home/runner/.m2/repository/org/rocksdb/rocksdbjni/7.7.3/rocksdbjni-7.7.3.jar:/home/runner/.m2/repository/org/slf4j/slf4j-reload4j/2.0.10/slf4j-reload4j-2.0.10.jar:/home/runner/.m2/repository/org/apache/commons/commons-configuration2/2.1.1/commons-configuration2-2.1.1.jar:/home/runner/.m2/repository/commons-fileupload/commons-fileupload/1.5/commons-fileupload-1.5.jar:/home/runner/.m2/repository/org/apache/logging/log4j/log4j-core/2.17.1/log4j-core-2.17.1.jar:/home/runner/.m2/repository/com/lmax/disruptor/3.4.2/disruptor-3.4.2.jar:/home/runner/.m2/repository/org/eclipse/jetty/jetty-util/9.4.53.v20231009/jetty-util-9.4.53.v20231009.jar:/home/runner/.m2/repository/org/eclipse/jetty/jetty-server/9.4.53.v20231009/jetty-server-9.4.53.v20231009.jar:/home/runner/.m2/repository/org/eclipse/jetty/jetty-http/9.4.53.v20231009/jetty-http-9.4.53.v20231009.jar:/home/runner/.m2/repository/org/eclipse/jetty/jetty-io/9.4.53.v20231009/jetty-io-9.4.53.v20231009.jar:/home/runner/.m2/repository/org/eclipse/jetty/jetty-servlet/9.4.53.v20231009/jetty-servlet-9.4.53.v20231009.jar:/home/runner/.m2/repository/org/eclipse/jetty/jetty-security/9.4.53.v20231009/jetty-security-9.4.53.v20231009.jar:/home/runner/.m2/repository/org/eclipse/jetty/jetty-util-ajax/9.4.53.v20231009/jetty-util-ajax-9.4.53.v20231009.jar:/home/runner/.m2/repository/org/eclipse/jetty/jetty-webapp/9.4.53.v20231009/jetty-webapp-9.4.53.v20231009.jar:/home/runner/.m2/repository/org/eclipse/jetty/jetty-xml/9.4.53.v20231009/jetty-xml-9.4.53.v20231009.jar:/home/runner/.m2/repository/org/apache/ratis/ratis-server/3.0.1/ratis-server-3.0.1.jar:/home/runner/.m2/repository/org/apache/ratis/ratis-thirdparty-misc/1.0.5/ratis-thirdparty-misc-1.0.5.jar:/home/runner/.m2/repository/org/apache/ratis/ratis-proto/3.0.1/ratis-proto-3.0.1.jar:/home/runner/.m2/repository/org/apache/ratis/ratis-common/3.0.1/ratis-common-3.0.1.jar:/home/runner/.m2/repository/org/apache/ratis/ratis-client/3.0.1/ratis-client-3.0.1.jar:/home/runner/.m2/repository/org/apache/ratis/ratis-server-api/3.0.1/ratis-server-api-3.0.1.jar:/home/runner/.m2/repository/org/apache/ratis/ratis-metrics-api/3.0.1/ratis-metrics-api-3.0.1.jar:/home/runner/.m2/repository/org/apache/ratis/ratis-metrics-dropwizard3/3.0.1/ratis-metrics-dropwizard3-3.0.1.jar:/home/runner/.m2/repository/io/prometheus/simpleclient_dropwizard/0.16.0/simpleclient_dropwizard-0.16.0.jar:/home/runner/.m2/repository/io/prometheus/simpleclient/0.16.0/simpleclient-0.16.0.jar:/home/runner/.m2/repository/io/prometheus/simpleclient_common/0.16.0/simpleclient_common-0.16.0.jar:/home/runner/.m2/repository/com/fasterxml/jackson/datatype/jackson-datatype-jsr310/2.13.4/jackson-datatype-jsr310-2.13.4.jar:/home/runner/.m2/repository/com/fasterxml/jackson/core/jackson-core/2.13.4/jackson-core-2.13.4.jar:/home/runner/.m2/repository/org/apache/ozone/rocksdb-checkpoint-differ/1.5.0-SNAPSHOT/rocksdb-checkpoint-differ-1.5.0-SNAPSHOT.jar:/home/runner/.m2/repository/org/jgrapht/jgrapht-core/1.0.1/jgrapht-core-1.0.1.jar:/home/runner/.m2/repository/org/jgrapht/jgrapht-ext/1.0.1/jgrapht-ext-1.0.1.jar:/home/runner/.m2/repository/org/tinyjee/jgraphx/jgraphx/2.0.0.1/jgraphx-2.0.0.1.jar:/home/runner/.m2/repository/jgraph/jgraph/5.13.0.0/jgraph-5.13.0.0.jar:/home/runner/.m2/repository/org/antlr/antlr4-runtime/4.5.3/antlr4-runtime-4.5.3.jar:/home/runner/.m2/repository/org/apache/ozone/ozone-manager/1.5.0-SNAPSHOT/ozone-manager-1.5.0-SNAPSHOT.jar:/home/runner/.m2/repository/org/aspectj/aspectjrt/1.9.7/aspectjrt-1.9.7.jar:/home/runner/.m2/repository/org/aspectj/aspectjweaver/1.9.7/aspectjweaver-1.9.7.jar:/home/runner/.m2/repository/org/apache/ozone/hdds-interface-client/1.5.0-SNAPSHOT/hdds-interface-client-1.5.0-SNAPSHOT.jar:/home/runner/.m2/repository/org/apache/hadoop/thirdparty/hadoop-shaded-protobuf_3_7/1.1.1/hadoop-shaded-protobuf_3_7-1.1.1.jar:/home/runner/.m2/repository/org/apache/ozone/ozone-interface-storage/1.5.0-SNAPSHOT/ozone-interface-storage-1.5.0-SNAPSHOT.jar:/home/runner/.m2/repository/org/reflections/reflections/0.9.11/reflections-0.9.11.jar:/home/runner/.m2/repository/com/sun/jersey/jersey-client/1.19.4/jersey-client-1.19.4.jar:/home/runner/.m2/repository/org/codehaus/jackson/jackson-core-asl/1.9.13/jackson-core-asl-1.9.13.jar:/home/runner/.m2/repository/org/codehaus/jackson/jackson-mapper-asl/1.9.13/jackson-mapper-asl-1.9.13.jar:/home/runner/.m2/repository/org/codehaus/jackson/jackson-jaxrs/1.9.13/jackson-jaxrs-1.9.13.jar:/home/runner/.m2/repository/org/apache/ranger/ranger-intg/2.3.0/ranger-intg-2.3.0.jar:/home/runner/.m2/repository/org/apache/ranger/ranger-plugins-common/2.3.0/ranger-plugins-common-2.3.0.jar:/home/runner/.m2/repository/commons-lang/commons-lang/2.6/commons-lang-2.6.jar:/home/runner/.m2/repository/org/apache/ranger/ranger-plugins-cred/2.3.0/ranger-plugins-cred-2.3.0.jar:/home/runner/.m2/repository/org/apache/ranger/ranger-plugins-audit/2.3.0/ranger-plugins-audit-2.3.0.jar:/home/runner/.m2/repository/org/eclipse/jetty/jetty-client/9.4.53.v20231009/jetty-client-9.4.53.v20231009.jar:/home/runner/.m2/repository/org/apache/httpcomponents/httpmime/4.5.6/httpmime-4.5.6.jar:/home/runner/.m2/repository/org/apache/httpcomponents/httpcore-nio/4.4.16/httpcore-nio-4.4.16.jar:/home/runner/.m2/repository/org/apache/httpcomponents/httpasyncclient/4.1.3/httpasyncclient-4.1.3.jar:/home/runner/.m2/repository/com/carrotsearch/hppc/0.8.0/hppc-0.8.0.jar:/home/runner/.m2/repository/org/apache/orc/orc-core/1.5.8/orc-core-1.5.8.jar:/home/runner/.m2/repository/net/java/dev/jna/jna/5.2.0/jna-5.2.0.jar:/home/runner/.m2/repository/net/java/dev/jna/jna-platform/5.2.0/jna-platform-5.2.0.jar:/home/runner/.m2/repository/com/kstruct/gethostname4j/0.0.2/gethostname4j-0.0.2.jar:/home/runner/.m2/repository/org/apache/ranger/ranger-plugin-classloader/2.3.0/ranger-plugin-classloader-2.3.0.jar:/home/runner/.m2/repository/org/apache/ozone/hdds-rocks-native/1.5.0-SNAPSHOT/hdds-rocks-native-1.5.0-SNAPSHOT.jar:/home/runner/.m2/repository/org/apache/hadoop/hadoop-minikdc/3.3.6/hadoop-minikdc-3.3.6.jar:/home/runner/.m2/repository/org/apache/kerby/kerb-simplekdc/1.0.1/kerb-simplekdc-1.0.1.jar:/home/runner/.m2/repository/org/apache/kerby/kerb-client/1.0.1/kerb-client-1.0.1.jar:/home/runner/.m2/repository/org/apache/kerby/kerby-config/1.0.1/kerby-config-1.0.1.jar:/home/runner/.m2/repository/org/apache/kerby/kerb-common/1.0.1/kerb-common-1.0.1.jar:/home/runner/.m2/repository/org/apache/kerby/kerb-crypto/1.0.1/kerb-crypto-1.0.1.jar:/home/runner/.m2/repository/org/apache/kerby/kerb-util/1.0.1/kerb-util-1.0.1.jar:/home/runner/.m2/repository/org/apache/kerby/token-provider/1.0.1/token-provider-1.0.1.jar:/home/runner/.m2/repository/org/apache/kerby/kerb-admin/1.0.1/kerb-admin-1.0.1.jar:/home/runner/.m2/repository/org/apache/kerby/kerb-server/1.0.1/kerb-server-1.0.1.jar:/home/runner/.m2/repository/org/apache/kerby/kerb-identity/1.0.1/kerb-identity-1.0.1.jar:/home/runner/.m2/repository/org/apache/kerby/kerby-xdr/1.0.1/kerby-xdr-1.0.1.jar:/home/runner/.m2/repository/org/apache/ozone/ozone-s3gateway/1.5.0-SNAPSHOT/ozone-s3gateway-1.5.0-SNAPSHOT.jar:/home/runner/.m2/repository/org/javassist/javassist/3.21.0-GA/javassist-3.21.0-GA.jar:/home/runner/.m2/repository/org/jboss/weld/servlet/weld-servlet-shaded/3.1.9.Final/weld-servlet-shaded-3.1.9.Final.jar:/home/runner/.m2/repository/org/glassfish/jersey/containers/jersey-container-servlet-core/2.41/jersey-container-servlet-core-2.41.jar:/home/runner/.m2/repository/org/glassfish/hk2/external/jakarta.inject/2.6.1/jakarta.inject-2.6.1.jar:/home/runner/.m2/repository/org/glassfish/jersey/core/jersey-common/2.41/jersey-common-2.41.jar:/home/runner/.m2/repository/jakarta/ws/rs/jakarta.ws.rs-api/2.1.6/jakarta.ws.rs-api-2.1.6.jar:/home/runner/.m2/repository/org/glassfish/jersey/ext/cdi/jersey-cdi1x/2.41/jersey-cdi1x-2.41.jar:/home/runner/.m2/repository/org/glassfish/jersey/inject/jersey-hk2/2.41/jersey-hk2-2.41.jar:/home/runner/.m2/repository/org/glassfish/hk2/hk2-locator/2.6.1/hk2-locator-2.6.1.jar:/home/runner/.m2/repository/org/glassfish/jersey/media/jersey-media-jaxb/2.41/jersey-media-jaxb-2.41.jar:/home/runner/.m2/repository/org/glassfish/hk2/osgi-resource-locator/1.0.3/osgi-resource-locator-1.0.3.jar:/home/runner/.m2/repository/org/glassfish/hk2/hk2-api/2.5.0/hk2-api-2.5.0.jar:/home/runner/.m2/repository/org/glassfish/hk2/hk2-utils/2.5.0/hk2-utils-2.5.0.jar:/home/runner/.m2/repository/org/glassfish/hk2/external/aopalliance-repackaged/2.5.0/aopalliance-repackaged-2.5.0.jar:/home/runner/.m2/repository/com/fasterxml/jackson/dataformat/jackson-dataformat-xml/2.13.4/jackson-dataformat-xml-2.13.4.jar:/home/runner/.m2/repository/org/codehaus/woodstox/stax2-api/4.2.2/stax2-api-4.2.2.jar:/home/runner/.m2/repository/com/fasterxml/woodstox/woodstox-core/5.4.0/woodstox-core-5.4.0.jar:/home/runner/.m2/repository/com/fasterxml/jackson/module/jackson-module-jaxb-annotations/2.13.4/jackson-module-jaxb-annotations-2.13.4.jar:/home/runner/.m2/repository/javax/enterprise/cdi-api/2.0/cdi-api-2.0.jar:/home/runner/.m2/repository/javax/el/javax.el-api/3.0.0/javax.el-api-3.0.0.jar:/home/runner/.m2/repository/javax/interceptor/javax.interceptor-api/1.2/javax.interceptor-api-1.2.jar:/home/runner/.m2/repository/javax/inject/javax.inject/1/javax.inject-1.jar:/home/runner/.m2/repository/jakarta/xml/bind/jakarta.xml.bind-api/2.3.3/jakarta.xml.bind-api-2.3.3.jar:/home/runner/.m2/repository/org/glassfish/jaxb/jaxb-runtime/2.3.9/jaxb-runtime-2.3.9.jar:/home/runner/.m2/repository/org/glassfish/jaxb/txw2/2.3.9/txw2-2.3.9.jar:/home/runner/.m2/repository/com/sun/istack/istack-commons-runtime/3.0.12/istack-commons-runtime-3.0.12.jar:/home/runner/.m2/repository/com/sun/activation/jakarta.activation/1.2.2/jakarta.activation-1.2.2.jar:/home/runner/.m2/repository/jakarta/activation/jakarta.activation-api/1.2.2/jakarta.activation-api-1.2.2.jar:/home/runner/.m2/repository/io/grpc/grpc-protobuf/1.58.0/grpc-protobuf-1.58.0.jar:/home/runner/.m2/repository/com/google/api/grpc/proto-google-common-protos/2.22.0/proto-google-common-protos-2.22.0.jar:/home/runner/.m2/repository/io/grpc/grpc-protobuf-lite/1.58.0/grpc-protobuf-lite-1.58.0.jar:/home/runner/.m2/repository/io/grpc/grpc-stub/1.58.0/grpc-stub-1.58.0.jar:/home/runner/.m2/repository/io/netty/netty-transport/4.1.100.Final/netty-transport-4.1.100.Final.jar:/home/runner/.m2/repository/io/netty/netty-resolver/4.1.100.Final/netty-resolver-4.1.100.Final.jar:/home/runner/.m2/repository/org/apache/ozone/ozone-csi/1.5.0-SNAPSHOT/ozone-csi-1.5.0-SNAPSHOT.jar:/home/runner/.m2/repository/com/google/protobuf/protobuf-java-util/3.19.6/protobuf-java-util-3.19.6.jar:/home/runner/.m2/repository/com/google/code/gson/gson/2.9.0/gson-2.9.0.jar:/home/runner/.m2/repository/org/apache/ozone/hdds-config/1.5.0-SNAPSHOT/hdds-config-1.5.0-SNAPSHOT.jar:/home/runner/.m2/repository/io/netty/netty-transport-native-epoll/4.1.100.Final/netty-transport-native-epoll-4.1.100.Final-linux-x86_64.jar:/home/runner/.m2/repository/io/netty/netty-transport-classes-epoll/4.1.100.Final/netty-transport-classes-epoll-4.1.100.Final.jar:/home/runner/.m2/repository/io/netty/netty-transport-native-unix-common/4.1.100.Final/netty-transport-native-unix-common-4.1.100.Final.jar:/home/runner/.m2/repository/org/apache/ozone/ozone-recon/1.5.0-SNAPSHOT/ozone-recon-1.5.0-SNAPSHOT.jar:/home/runner/.m2/repository/org/apache/ozone/ozone-reconcodegen/1.5.0-SNAPSHOT/ozone-reconcodegen-1.5.0-SNAPSHOT.jar:/home/runner/.m2/repository/com/google/inject/guice/5.1.0/guice-5.1.0.jar:/home/runner/.m2/repository/aopalliance/aopalliance/1.0/aopalliance-1.0.jar:/home/runner/.m2/repository/com/google/inject/extensions/guice-assistedinject/5.1.0/guice-assistedinject-5.1.0.jar:/home/runner/.m2/repository/com/google/inject/extensions/guice-servlet/5.1.0/guice-servlet-5.1.0.jar:/home/runner/.m2/repository/org/glassfish/jersey/containers/jersey-container-servlet/2.41/jersey-container-servlet-2.41.jar:/home/runner/.m2/repository/org/glassfish/hk2/guice-bridge/2.5.0/guice-bridge-2.5.0.jar:/home/runner/.m2/repository/org/glassfish/jersey/core/jersey-server/2.41/jersey-server-2.41.jar:/home/runner/.m2/repository/org/glassfish/jersey/core/jersey-client/2.41/jersey-client-2.41.jar:/home/runner/.m2/repository/jakarta/annotation/jakarta.annotation-api/1.3.5/jakarta.annotation-api-1.3.5.jar:/home/runner/.m2/repository/jakarta/validation/jakarta.validation-api/2.0.2/jakarta.validation-api-2.0.2.jar:/home/runner/.m2/repository/org/glassfish/jersey/media/jersey-media-json-jackson/2.41/jersey-media-json-jackson-2.41.jar:/home/runner/.m2/repository/org/glassfish/jersey/ext/jersey-entity-filtering/2.41/jersey-entity-filtering-2.41.jar:/home/runner/.m2/repository/org/jooq/jooq/3.11.10/jooq-3.11.10.jar:/home/runner/.m2/repository/org/jooq/jooq-meta/3.11.10/jooq-meta-3.11.10.jar:/home/runner/.m2/repository/org/jooq/jooq-codegen/3.11.10/jooq-codegen-3.11.10.jar:/home/runner/.m2/repository/com/jolbox/bonecp/0.8.0.RELEASE/bonecp-0.8.0.RELEASE.jar:/home/runner/.m2/repository/org/apache/derby/derby/10.14.2.0/derby-10.14.2.0.jar:/home/runner/.m2/repository/org/xerial/sqlite-jdbc/3.44.1.0/sqlite-jdbc-3.44.1.0.jar:/home/runner/.m2/repository/org/springframework/spring-jdbc/5.3.27/spring-jdbc-5.3.27.jar:/home/runner/.m2/repository/org/springframework/spring-beans/5.3.27/spring-beans-5.3.27.jar:/home/runner/.m2/repository/org/springframework/spring-core/5.3.27/spring-core-5.3.27.jar:/home/runner/.m2/repository/org/springframework/spring-tx/5.3.27/spring-tx-5.3.27.jar:/home/runner/.m2/repository/org/apache/ozone/ozone-client/1.5.0-SNAPSHOT/ozone-client-1.5.0-SNAPSHOT.jar:/home/runner/.m2/repository/org/apache/ozone/hdds-erasurecode/1.5.0-SNAPSHOT/hdds-erasurecode-1.5.0-SNAPSHOT.jar:/home/runner/.m2/repository/org/apache/ozone/ozone-filesystem/1.5.0-SNAPSHOT/ozone-filesystem-1.5.0-SNAPSHOT.jar:/home/runner/.m2/repository/org/apache/ozone/ozone-filesystem-common/1.5.0-SNAPSHOT/ozone-filesystem-common-1.5.0-SNAPSHOT.jar:/home/runner/.m2/repository/org/apache/ozone/ozone-tools/1.5.0-SNAPSHOT/ozone-tools-1.5.0-SNAPSHOT.jar:/home/runner/.m2/repository/com/amazonaws/aws-java-sdk-core/1.12.632/aws-java-sdk-core-1.12.632.jar:/home/runner/.m2/repository/org/apache/httpcomponents/httpclient/4.5.13/httpclient-4.5.13.jar:/home/runner/.m2/repository/org/apache/httpcomponents/httpcore/4.4.16/httpcore-4.4.16.jar:/home/runner/.m2/repository/software/amazon/ion/ion-java/1.0.2/ion-java-1.0.2.jar:/home/runner/.m2/repository/com/fasterxml/jackson/dataformat/jackson-dataformat-cbor/2.13.4/jackson-dataformat-cbor-2.13.4.jar:/home/runner/.m2/repository/joda-time/joda-time/2.12.5/joda-time-2.12.5.jar:/home/runner/.m2/repository/com/amazonaws/aws-java-sdk-s3/1.12.632/aws-java-sdk-s3-1.12.632.jar:/home/runner/.m2/repository/com/amazonaws/aws-java-sdk-kms/1.12.632/aws-java-sdk-kms-1.12.632.jar:/home/runner/.m2/repository/com/amazonaws/jmespath-java/1.12.632/jmespath-java-1.12.632.jar:/home/runner/.m2/repository/org/kohsuke/metainf-services/metainf-services/1.8/metainf-services-1.8.jar:/home/runner/.m2/repository/org/apache/ozone/hdds-tools/1.5.0-SNAPSHOT/hdds-tools-1.5.0-SNAPSHOT.jar:/home/runner/.m2/repository/org/apache/ratis/ratis-tools/3.0.1/ratis-tools-3.0.1.jar:/home/runner/.m2/repository/commons-cli/commons-cli/1.6.0/commons-cli-1.6.0.jar:/home/runner/.m2/repository/org/apache/commons/commons-lang3/3.14.0/commons-lang3-3.14.0.jar:/home/runner/.m2/repository/org/apache/ozone/ozone-manager/1.5.0-SNAPSHOT/ozone-manager-1.5.0-SNAPSHOT-tests.jar:/home/runner/.m2/repository/org/apache/ozone/hdds-common/1.5.0-SNAPSHOT/hdds-common-1.5.0-SNAPSHOT-tests.jar:/home/runner/.m2/repository/org/apache/ozone/hdds-hadoop-dependency-client/1.5.0-SNAPSHOT/hdds-hadoop-dependency-client-1.5.0-SNAPSHOT.jar:/home/runner/.m2/repository/info/picocli/picocli/4.7.5/picocli-4.7.5.jar:/home/runner/.m2/repository/com/fasterxml/jackson/core/jackson-annotations/2.13.4/jackson-annotations-2.13.4.jar:/home/runner/.m2/repository/org/apache/ozone/hdds-annotation-processing/1.5.0-SNAPSHOT/hdds-annotation-processing-1.5.0-SNAPSHOT.jar:/home/runner/.m2/repository/javax/annotation/javax.annotation-api/1.3.2/javax.annotation-api-1.3.2.jar:/home/runner/.m2/repository/org/apache/ratis/ratis-netty/3.0.1/ratis-netty-3.0.1.jar:/home/runner/.m2/repository/org/apache/ratis/ratis-grpc/3.0.1/ratis-grpc-3.0.1.jar:/home/runner/.m2/repository/org/apache/commons/commons-pool2/2.6.0/commons-pool2-2.6.0.jar:/home/runner/.m2/repository/org/bouncycastle/bcpkix-jdk15on/1.67/bcpkix-jdk15on-1.67.jar:/home/runner/.m2/repository/commons-validator/commons-validator/1.6/commons-validator-1.6.jar:/home/runner/.m2/repository/commons-beanutils/commons-beanutils/1.9.4/commons-beanutils-1.9.4.jar:/home/runner/.m2/repository/commons-digester/commons-digester/1.8.1/commons-digester-1.8.1.jar:/home/runner/.m2/repository/commons-collections/commons-collections/3.2.2/commons-collections-3.2.2.jar:/home/runner/.m2/repository/io/jaegertracing/jaeger-client/1.6.0/jaeger-client-1.6.0.jar:/home/runner/.m2/repository/io/jaegertracing/jaeger-thrift/1.6.0/jaeger-thrift-1.6.0.jar:/home/runner/.m2/repository/org/apache/thrift/libthrift/0.14.1/libthrift-0.14.1.jar:/home/runner/.m2/repository/io/jaegertracing/jaeger-core/1.6.0/jaeger-core-1.6.0.jar:/home/runner/.m2/repository/io/jaegertracing/jaeger-tracerresolver/1.6.0/jaeger-tracerresolver-1.6.0.jar:/home/runner/.m2/repository/io/opentracing/contrib/opentracing-tracerresolver/0.1.8/opentracing-tracerresolver-0.1.8.jar:/home/runner/.m2/repository/org/jetbrains/kotlin/kotlin-stdlib/1.9.22/kotlin-stdlib-1.9.22.jar:/home/runner/.m2/repository/org/jetbrains/annotations/13.0/annotations-13.0.jar:/home/runner/.m2/repository/io/opentracing/opentracing-util/0.33.0/opentracing-util-0.33.0.jar:/home/runner/.m2/repository/io/opentracing/opentracing-api/0.33.0/opentracing-api-0.33.0.jar:/home/runner/.m2/repository/io/opentracing/opentracing-noop/0.33.0/opentracing-noop-0.33.0.jar:/home/runner/.m2/repository/org/yaml/snakeyaml/2.0/snakeyaml-2.0.jar:/home/runner/.m2/repository/io/grpc/grpc-api/1.58.0/grpc-api-1.58.0.jar:/home/runner/.m2/repository/junit/junit/4.13.1/junit-4.13.1.jar:/home/runner/.m2/repository/org/junit/jupiter/junit-jupiter-engine/5.10.1/junit-jupiter-engine-5.10.1.jar:/home/runner/.m2/repository/org/junit/platform/junit-platform-engine/1.10.1/junit-platform-engine-1.10.1.jar:/home/runner/.m2/repository/org/apiguardian/apiguardian-api/1.1.2/apiguardian-api-1.1.2.jar:/home/runner/.m2/repository/org/junit/vintage/junit-vintage-engine/5.10.1/junit-vintage-engine-5.10.1.jar:/home/runner/.m2/repository/org/junit/platform/junit-platform-launcher/1.10.1/junit-platform-launcher-1.10.1.jar:/home/runner/.m2/repository/org/apache/hadoop/hadoop-kms/3.3.6/hadoop-kms-3.3.6.jar:/home/runner/.m2/repository/org/apache/hadoop/hadoop-auth/3.3.6/hadoop-auth-3.3.6.jar:/home/runner/.m2/repository/com/nimbusds/nimbus-jose-jwt/9.8.1/nimbus-jose-jwt-9.8.1.jar:/home/runner/.m2/repository/com/github/stephenc/jcip/jcip-annotations/1.0-1/jcip-annotations-1.0-1.jar:/home/runner/.m2/repository/org/apache/zookeeper/zookeeper/3.7.2/zookeeper-3.7.2.jar:/home/runner/.m2/repository/org/apache/zookeeper/zookeeper-jute/3.7.2/zookeeper-jute-3.7.2.jar:/home/runner/.m2/repository/org/apache/yetus/audience-annotations/0.12.0/audience-annotations-0.12.0.jar:/home/runner/.m2/repository/org/apache/curator/curator-framework/4.2.0/curator-framework-4.2.0.jar:/home/runner/.m2/repository/org/apache/hadoop/thirdparty/hadoop-shaded-guava/1.1.1/hadoop-shaded-guava-1.1.1.jar:/home/runner/.m2/repository/com/sun/jersey/jersey-core/1.19.4/jersey-core-1.19.4.jar:/home/runner/.m2/repository/javax/ws/rs/jsr311-api/1.1.1/jsr311-api-1.1.1.jar:/home/runner/.m2/repository/com/sun/jersey/jersey-server/1.19.4/jersey-server-1.19.4.jar:/home/runner/.m2/repository/javax/servlet/javax.servlet-api/3.1.0/javax.servlet-api-3.1.0.jar:/home/runner/.m2/repository/org/apache/hadoop/hadoop-common/3.3.6/hadoop-common-3.3.6.jar:/home/runner/.m2/repository/org/apache/commons/commons-math3/3.1.1/commons-math3-3.1.1.jar:/home/runner/.m2/repository/commons-net/commons-net/3.10.0/commons-net-3.10.0.jar:/home/runner/.m2/repository/com/sun/jersey/jersey-servlet/1.19.4/jersey-servlet-1.19.4.jar:/home/runner/.m2/repository/com/github/pjfanning/jersey-json/1.20/jersey-json-1.20.jar:/home/runner/.m2/repository/org/codehaus/jettison/jettison/1.1/jettison-1.1.jar:/home/runner/.m2/repository/com/sun/xml/bind/jaxb-impl/2.2.3-1/jaxb-impl-2.2.3-1.jar:/home/runner/.m2/repository/com/google/re2j/re2j/1.1/re2j-1.1.jar:/home/runner/.m2/repository/com/jcraft/jsch/0.1.54/jsch-0.1.54.jar:/home/runner/.m2/repository/org/apache/curator/curator-client/4.2.0/curator-client-4.2.0.jar:/home/runner/.m2/repository/org/apache/curator/curator-recipes/5.2.0/curator-recipes-5.2.0.jar:/home/runner/.m2/repository/org/apache/kerby/kerb-core/1.0.1/kerb-core-1.0.1.jar:/home/runner/.m2/repository/org/apache/kerby/kerby-pkix/1.0.1/kerby-pkix-1.0.1.jar:/home/runner/.m2/repository/org/apache/kerby/kerby-asn1/1.0.1/kerby-asn1-1.0.1.jar:/home/runner/.m2/repository/org/apache/kerby/kerby-util/1.0.1/kerby-util-1.0.1.jar:/home/runner/.m2/repository/dnsjava/dnsjava/2.1.7/dnsjava-2.1.7.jar:/home/runner/.m2/repository/org/xerial/snappy/snappy-java/1.1.8.2/snappy-java-1.1.8.2.jar:/home/runner/.m2/repository/com/fasterxml/jackson/core/jackson-databind/2.13.4.2/jackson-databind-2.13.4.2.jar:/home/runner/.m2/repository/org/apache/hadoop/hadoop-kms/3.3.6/hadoop-kms-3.3.6-tests.jar:/home/runner/.m2/repository/org/apache/ozone/hdds-server-scm/1.5.0-SNAPSHOT/hdds-server-scm-1.5.0-SNAPSHOT-tests.jar:/home/runner/.m2/repository/org/apache/ozone/hdds-container-service/1.5.0-SNAPSHOT/hdds-container-service-1.5.0-SNAPSHOT-tests.jar:/home/runner/.m2/repository/com/github/luben/zstd-jni/1.5.2-5/zstd-jni-1.5.2-5.jar:/home/runner/.m2/repository/commons-codec/commons-codec/1.15/commons-codec-1.15.jar:/home/runner/.m2/repository/io/netty/netty-codec/4.1.100.Final/netty-codec-4.1.100.Final.jar:/home/runner/.m2/repository/io/netty/netty-handler/4.1.100.Final/netty-handler-4.1.100.Final.jar:/home/runner/.m2/repository/org/apache/ozone/hdds-hadoop-dependency-test/1.5.0-SNAPSHOT/hdds-hadoop-dependency-test-1.5.0-SNAPSHOT.jar:/home/runner/.m2/repository/org/apache/hadoop/hadoop-common/3.3.6/hadoop-common-3.3.6-tests.jar:/home/runner/.m2/repository/org/apache/hadoop/hadoop-hdfs/3.3.6/hadoop-hdfs-3.3.6-tests.jar:/home/runner/.m2/repository/org/junit/jupiter/junit-jupiter-params/5.10.1/junit-jupiter-params-5.10.1.jar:/home/runner/.m2/repository/org/mockito/mockito-core/3.5.9/mockito-core-3.5.9.jar:/home/runner/.m2/repository/net/bytebuddy/byte-buddy/1.10.13/byte-buddy-1.10.13.jar:/home/runner/.m2/repository/net/bytebuddy/byte-buddy-agent/1.10.13/byte-buddy-agent-1.10.13.jar:/home/runner/.m2/repository/org/objenesis/objenesis/1.0/objenesis-1.0.jar:/home/runner/.m2/repository/org/mockito/mockito-junit-jupiter/3.5.9/mockito-junit-jupiter-3.5.9.jar:/home/runner/.m2/repository/org/apache/hadoop/hadoop-distcp/3.3.6/hadoop-distcp-3.3.6.jar:/home/runner/.m2/repository/org/apache/hadoop/hadoop-mapreduce-client-jobclient/3.3.6/hadoop-mapreduce-client-jobclient-3.3.6.jar:/home/runner/.m2/repository/org/apache/hadoop/hadoop-mapreduce-client-common/3.3.6/hadoop-mapreduce-client-common-3.3.6.jar:/home/runner/.m2/repository/org/apache/hadoop/hadoop-yarn-common/3.3.6/hadoop-yarn-common-3.3.6.jar:/home/runner/.m2/repository/org/apache/hadoop/hadoop-yarn-api/3.3.6/hadoop-yarn-api-3.3.6.jar:/home/runner/.m2/repository/javax/xml/bind/jaxb-api/2.2.11/jaxb-api-2.2.11.jar:/home/runner/.m2/repository/com/sun/jersey/contribs/jersey-guice/1.19.4/jersey-guice-1.19.4.jar:/home/runner/.m2/repository/com/fasterxml/jackson/jaxrs/jackson-jaxrs-json-provider/2.13.4/jackson-jaxrs-json-provider-2.13.4.jar:/home/runner/.m2/repository/com/fasterxml/jackson/jaxrs/jackson-jaxrs-base/2.13.4/jackson-jaxrs-base-2.13.4.jar:/home/runner/.m2/repository/org/apache/hadoop/hadoop-yarn-client/3.3.6/hadoop-yarn-client-3.3.6.jar:/home/runner/.m2/repository/org/eclipse/jetty/websocket/websocket-client/9.4.51.v20230217/websocket-client-9.4.51.v20230217.jar:/home/runner/.m2/repository/org/eclipse/jetty/websocket/websocket-common/9.4.51.v20230217/websocket-common-9.4.51.v20230217.jar:/home/runner/.m2/repository/org/eclipse/jetty/websocket/websocket-api/9.4.51.v20230217/websocket-api-9.4.51.v20230217.jar:/home/runner/.m2/repository/org/jline/jline/3.9.0/jline-3.9.0.jar:/home/runner/.m2/repository/org/apache/hadoop/hadoop-mapreduce-client-core/3.3.6/hadoop-mapreduce-client-core-3.3.6.jar:/home/runner/.m2/repository/org/apache/avro/avro/1.7.7/avro-1.7.7.jar:/home/runner/.m2/repository/com/thoughtworks/paranamer/paranamer/2.3/paranamer-2.3.jar:/home/runner/.m2/repository/org/apache/hadoop/hadoop-annotations/3.3.6/hadoop-annotations-3.3.6.jar:/usr/lib/jvm/temurin-8-jdk-amd64/jre/../lib/tools.jar:/home/runner/.m2/repository/io/netty/netty/3.10.6.Final/netty-3.10.6.Final.jar:/home/runner/.m2/repository/org/apache/hadoop/hadoop-distcp/3.3.6/hadoop-distcp-3.3.6-tests.jar:/home/runner/.m2/repository/org/hamcrest/hamcrest/2.2/hamcrest-2.2.jar:/home/runner/.m2/repository/org/slf4j/jul-to-slf4j/2.0.10/jul-to-slf4j-2.0.10.jar:/home/runner/work/ozone/ozone/hadoop-ozone/integration-test/target/gradle-enterprise/test-listeners.jar:"/>
    <property name="sun.cpu.endian" value="little"/>
    <property name="user.home" value="/home/runner"/>
    <property name="user.language" value="en"/>
    <property name="java.specification.vendor" value="Oracle Corporation"/>
    <property name="java.home" value="/usr/lib/jvm/temurin-8-jdk-amd64/jre"/>
    <property name="java.security.krb5.conf" value="/home/runner/work/ozone/ozone/hadoop-ozone/integration-test/target/test-classes/krb5.conf"/>
    <property name="file.separator" value="/"/>
    <property name="basedir" value="/home/runner/work/ozone/ozone/hadoop-ozone/integration-test"/>
    <property name="line.separator" value="&#10;"/>
    <property name="java.vm.specification.vendor" value="Oracle Corporation"/>
    <property name="java.specification.name" value="Java Platform API Specification"/>
    <property name="skip.installnpx" value="true"/>
    <property name="java.awt.graphicsenv" value="sun.awt.X11GraphicsEnvironment"/>
    <property name="surefire.fork.timeout" value="3600"/>
    <property name="surefire.real.class.path" value="/home/runner/work/ozone/ozone/hadoop-ozone/integration-test/target/surefire/surefirebooter-20240114163456049_94.jar:/home/runner/.m2/repository/org/jacoco/org.jacoco.agent/0.8.5/org.jacoco.agent-0.8.5-runtime.jar"/>
    <property name="sun.boot.class.path" value="/usr/lib/jvm/temurin-8-jdk-amd64/jre/lib/resources.jar:/usr/lib/jvm/temurin-8-jdk-amd64/jre/lib/rt.jar:/usr/lib/jvm/temurin-8-jdk-amd64/jre/lib/sunrsasign.jar:/usr/lib/jvm/temurin-8-jdk-amd64/jre/lib/jsse.jar:/usr/lib/jvm/temurin-8-jdk-amd64/jre/lib/jce.jar:/usr/lib/jvm/temurin-8-jdk-amd64/jre/lib/charsets.jar:/usr/lib/jvm/temurin-8-jdk-amd64/jre/lib/jfr.jar:/usr/lib/jvm/temurin-8-jdk-amd64/jre/classes"/>
    <property name="hadoop.log.dir" value="/home/runner/work/ozone/ozone/hadoop-ozone/integration-test/target/log"/>
    <property name="sun.management.compiler" value="HotSpot 64-Bit Tiered Compilers"/>
    <property name="java.runtime.version" value="1.8.0_392-b08"/>
    <property name="skip.npx" value="true"/>
    <property name="user.name" value="runner"/>
    <property name="java.net.preferIPv4Stack" value="true"/>
    <property name="path.separator" value=":"/>
    <property name="java.security.egd" value="file:///dev/urandom"/>
    <property name="os.version" value="5.15.0-1053-azure"/>
    <property name="java.endorsed.dirs" value="/usr/lib/jvm/temurin-8-jdk-amd64/jre/lib/endorsed"/>
    <property name="java.runtime.name" value="OpenJDK Runtime Environment"/>
    <property name="com.gradle.maven.scan.extension.test.listener.junitplatform.NestedExecutionSafeDelegatingTestExecutionListener" value="30973e1f"/>
    <property name="file.encoding" value="UTF-8"/>
    <property name="java.vm.name" value="OpenJDK 64-Bit Server VM"/>
    <property name="test.build.webapps" value=""/>
    <property name="localRepository" value="/home/runner/.m2/repository"/>
    <property name="gradle.enterprise.listener.port" value="39421"/>
    <property name="jetty.git.hash" value="27bde00a0b95a1d5bbee0eae7984f891d2d0f8c9"/>
    <property name="java.vendor.url.bug" value="https://github.com/adoptium/adoptium-support/issues"/>
    <property name="require.test.libhadoop" value=""/>
    <property name="java.io.tmpdir" value="/tmp"/>
    <property name="java.version" value="1.8.0_392"/>
    <property name="surefire.rerunFailingTestsCount" value="5"/>
    <property name="user.dir" value="/home/runner/work/ozone/ozone/hadoop-ozone/integration-test"/>
    <property name="os.arch" value="amd64"/>
    <property name="test.build.classes" value="/home/runner/work/ozone/ozone/hadoop-ozone/integration-test/target/test-classes"/>
    <property name="java.vm.specification.name" value="Java Virtual Machine Specification"/>
    <property name="java.awt.printerjob" value="sun.print.PSPrinterJob"/>
    <property name="sun.os.patch.level" value="unknown"/>
    <property name="org.apache.ratis.thirdparty.io.netty.allocator.useCacheForAllThreads" value="false"/>
    <property name="hadoop.tmp.dir" value="/home/runner/work/ozone/ozone/hadoop-ozone/integration-test/target/tmp"/>
    <property name="java.library.path" value="/usr/java/packages/lib/amd64:/usr/lib64:/lib64:/lib:/usr/lib"/>
    <property name="java.vendor" value="Temurin"/>
    <property name="java.vm.info" value="mixed mode"/>
    <property name="java.vm.version" value="25.392-b08"/>
    <property name="java.specification.maintenance.version" value="5"/>
    <property name="sun.io.unicode.encoding" value="UnicodeLittle"/>
    <property name="java.ext.dirs" value="/usr/lib/jvm/temurin-8-jdk-amd64/jre/lib/ext:/usr/java/packages/lib/ext"/>
    <property name="java.class.version" value="52.0"/>
  </properties>
  <testcase name="testWatchForCommitWithKeyWrite" classname="org.apache.hadoop.ozone.client.rpc.TestWatchForCommit" time="47.303"/>
  <testcase name="testWatchForCommitForRetryfailure" classname="org.apache.hadoop.ozone.client.rpc.TestWatchForCommit" time="46.724">
    <flakyFailure message="&#10;Expecting:&#10; &lt;&quot;org.apache.ratis.protocol.exceptions.RaftRetryFailureException: Failed RaftClientRequest:client-8420D3119A68-&gt;0ab92cad-ec19-4fa3-a733-30f9108b825a@group-4B3347192B2F, cid=48, seq=null, Watch-MAJORITY_COMMITTED(93), null for 3 attempts with RequestTypeDependentRetryPolicy{WRITE-&gt;ExceptionDependentRetry(maxAttempts=2147483647; defaultPolicy=MultipleLinearRandomRetry[5x5s, 5x10s, 5x15s, 5x20s, 5x25s, 10x60s]; map={org.apache.ratis.protocol.exceptions.GroupMismatchException-&gt;NoRetry, org.apache.ratis.protocol.exceptions.NotReplicatedException-&gt;NoRetry, org.apache.ratis.protocol.exceptions.ResourceUnavailableException-&gt;org.apache.ratis.retry.ExponentialBackoffRetry@5928f92e, org.apache.ratis.protocol.exceptions.StateMachineException-&gt;NoRetry, org.apache.ratis.protocol.exceptions.TimeoutIOException-&gt;org.apache.ratis.retry.ExponentialBackoffRetry@5928f92e}), WATCH-&gt;ExceptionDependentRetry(maxAttempts=2147483647; defaultPolicy=MultipleLinearRandomRetry[5x5s, 5x10s, 5x15s, 5x20s, 5x25s, 10x60s]; map={org.apache.ratis.protocol.exceptions.GroupMismatchException-&gt;NoRetry, org.apache.ratis.protocol.exceptions.NotReplicatedException-&gt;NoRetry, org.apache.ratis.protocol.exceptions.ResourceUnavailableException-&gt;org.apache.ratis.retry.ExponentialBackoffRetry@5928f92e, org.apache.ratis.protocol.exceptions.StateMachineException-&gt;NoRetry, org.apache.ratis.protocol.exceptions.TimeoutIOException-&gt;NoRetry})}&quot;&gt;&#10;not to contain:&#10; &lt;&quot;Watch-MAJORITY_COMMITTED&quot;&gt;&#10;" type="java.lang.AssertionError">
      <stackTrace><![CDATA[java.lang.AssertionError: 

Expecting:
 <"org.apache.ratis.protocol.exceptions.RaftRetryFailureException: Failed RaftClientRequest:client-8420D3119A68->0ab92cad-ec19-4fa3-a733-30f9108b825a@group-4B3347192B2F, cid=48, seq=null, Watch-MAJORITY_COMMITTED(93), null for 3 attempts with RequestTypeDependentRetryPolicy{WRITE->ExceptionDependentRetry(maxAttempts=2147483647; defaultPolicy=MultipleLinearRandomRetry[5x5s, 5x10s, 5x15s, 5x20s, 5x25s, 10x60s]; map={org.apache.ratis.protocol.exceptions.GroupMismatchException->NoRetry, org.apache.ratis.protocol.exceptions.NotReplicatedException->NoRetry, org.apache.ratis.protocol.exceptions.ResourceUnavailableException->org.apache.ratis.retry.ExponentialBackoffRetry@5928f92e, org.apache.ratis.protocol.exceptions.StateMachineException->NoRetry, org.apache.ratis.protocol.exceptions.TimeoutIOException->org.apache.ratis.retry.ExponentialBackoffRetry@5928f92e}), WATCH->ExceptionDependentRetry(maxAttempts=2147483647; defaultPolicy=MultipleLinearRandomRetry[5x5s, 5x10s, 5x15s, 5x20s, 5x25s, 10x60s]; map={org.apache.ratis.protocol.exceptions.GroupMismatchException->NoRetry, org.apache.ratis.protocol.exceptions.NotReplicatedException->NoRetry, org.apache.ratis.protocol.exceptions.ResourceUnavailableException->org.apache.ratis.retry.ExponentialBackoffRetry@5928f92e, org.apache.ratis.protocol.exceptions.StateMachineException->NoRetry, org.apache.ratis.protocol.exceptions.TimeoutIOException->NoRetry})}">
not to contain:
 <"Watch-MAJORITY_COMMITTED">

	at org.apache.hadoop.ozone.client.rpc.TestWatchForCommit.testWatchForCommitForRetryfailure(TestWatchForCommit.java:295)
	at java.lang.reflect.Method.invoke(Method.java:498)
	at java.util.ArrayList.forEach(ArrayList.java:1259)
	at java.util.ArrayList.forEach(ArrayList.java:1259)
]]></stackTrace>
      <system-out><![CDATA[2024-01-14 16:58:49,077 [main] WARN  server.ServerUtils (ServerUtils.java:getScmDbDir(155)) - ozone.scm.db.dirs is not configured. We recommend adding this setting. Falling back to ozone.metadata.dirs instead.
2024-01-14 16:58:49,079 [main] WARN  server.ServerUtils (ServerUtils.java:getScmDbDir(155)) - ozone.scm.db.dirs is not configured. We recommend adding this setting. Falling back to ozone.metadata.dirs instead.
2024-01-14 16:58:49,079 [main] INFO  ha.SCMHANodeDetails (SCMHANodeDetails.java:loadSCMHAConfig(207)) - ServiceID for StorageContainerManager is null
2024-01-14 16:58:49,080 [main] INFO  ha.SCMHANodeDetails (SCMHANodeDetails.java:loadSCMHAConfig(212)) - ozone.scm.default.service.id is not defined, falling back to ozone.scm.service.ids to find serviceID for StorageContainerManager if it is HA enabled cluster
2024-01-14 16:58:49,080 [main] WARN  utils.HAUtils (HAUtils.java:getMetaDir(339)) - ozone.scm.db.dirs is not configured. We recommend adding this setting. Falling back to ozone.metadata.dirs instead.
2024-01-14 16:58:49,081 [main] WARN  db.DBStoreBuilder (DBStoreBuilder.java:applyDBDefinition(167)) - ozone.scm.db.dirs is not configured. We recommend adding this setting. Falling back to ozone.metadata.dirs instead.
2024-01-14 16:58:49,159 [main] INFO  net.NodeSchemaLoader (NodeSchemaLoader.java:loadSchemaFromFile(129)) - Loading schema from [jar:file:/home/runner/.m2/repository/org/apache/ozone/hdds-common/1.5.0-SNAPSHOT/hdds-common-1.5.0-SNAPSHOT.jar!/network-topology-default.xml]
2024-01-14 16:58:49,159 [main] INFO  net.NodeSchemaLoader (NodeSchemaLoader.java:loadSchema(176)) - Loading network topology layer schema file
2024-01-14 16:58:49,161 [main] INFO  upgrade.AbstractLayoutVersionManager (AbstractLayoutVersionManager.java:init(83)) - Initializing Layout version manager with metadata layout = HADOOP_PRC_PORTS_IN_DATANODEDETAILS (version = 7), software layout = HADOOP_PRC_PORTS_IN_DATANODEDETAILS (version = 7)
2024-01-14 16:58:49,164 [main] INFO  ha.SequenceIdGenerator (SequenceIdGenerator.java:upgradeToSequenceId(370)) - upgrade localId to 113750153625600000
2024-01-14 16:58:49,165 [main] INFO  ha.SequenceIdGenerator (SequenceIdGenerator.java:upgradeToSequenceId(380)) - upgrade delTxnId to 0
2024-01-14 16:58:49,166 [main] INFO  ha.SequenceIdGenerator (SequenceIdGenerator.java:upgradeToSequenceId(397)) - upgrade containerId to 0
2024-01-14 16:58:49,167 [main] INFO  ha.SequenceIdGenerator (SequenceIdGenerator.java:upgradeToCertificateSequenceId(444)) - upgrade CertificateId to 2
2024-01-14 16:58:49,168 [main] INFO  ha.SequenceIdGenerator (SequenceIdGenerator.java:<init>(241)) - Init the HA SequenceIdGenerator.
2024-01-14 16:58:49,168 [main] INFO  node.SCMNodeManager (SCMNodeManager.java:<init>(173)) - Entering startup safe mode.
2024-01-14 16:58:49,169 [main] INFO  algorithms.ContainerPlacementPolicyFactory (ContainerPlacementPolicyFactory.java:getPolicyInternal(86)) - Create container placement policy of type org.apache.hadoop.hdds.scm.container.placement.algorithms.SCMContainerPlacementRackAware
2024-01-14 16:58:49,169 [main] INFO  algorithms.ContainerPlacementPolicyFactory (ContainerPlacementPolicyFactory.java:getPolicyInternal(86)) - Create container placement policy of type org.apache.hadoop.hdds.scm.container.placement.algorithms.SCMContainerPlacementRackScatter
2024-01-14 16:58:49,169 [main] INFO  pipeline.PipelineStateManagerImpl (PipelineStateManagerImpl.java:initialize(78)) - No pipeline exists in current db
2024-01-14 16:58:49,169 [main] INFO  algorithms.LeaderChoosePolicyFactory (LeaderChoosePolicyFactory.java:getPolicy(57)) - Create leader choose policy of type org.apache.hadoop.hdds.scm.pipeline.leader.choose.algorithms.MinLeaderCountChoosePolicy
2024-01-14 16:58:49,170 [main] INFO  algorithms.ContainerPlacementPolicyFactory (ContainerPlacementPolicyFactory.java:getPolicyInternal(86)) - Create container placement policy of type org.apache.hadoop.hdds.scm.container.placement.algorithms.SCMContainerPlacementRackScatter
2024-01-14 16:58:49,170 [main] INFO  ha.SCMServiceManager (SCMServiceManager.java:register(42)) - Registering service BackgroundPipelineCreator.
2024-01-14 16:58:49,170 [main] INFO  pipeline.BackgroundPipelineCreator (BackgroundPipelineCreator.java:start(127)) - Starting RatisPipelineUtilsThread.
2024-01-14 16:58:49,170 [main] INFO  BackgroundPipelineScrubber (BackgroundSCMService.java:start(68)) - Starting BackgroundPipelineScrubber Service.
2024-01-14 16:58:49,171 [main] INFO  ha.SCMServiceManager (SCMServiceManager.java:register(42)) - Registering service BackgroundPipelineScrubber.
2024-01-14 16:58:49,171 [main] INFO  ExpiredContainerReplicaOpScrubber (BackgroundSCMService.java:start(68)) - Starting ExpiredContainerReplicaOpScrubber Service.
2024-01-14 16:58:49,171 [main] INFO  ha.SCMServiceManager (SCMServiceManager.java:register(42)) - Registering service ExpiredContainerReplicaOpScrubber.
2024-01-14 16:58:49,172 [main] INFO  algorithms.PipelineChoosePolicyFactory (PipelineChoosePolicyFactory.java:createPipelineChoosePolicyFromClass(78)) - Create pipeline choose policy of type org.apache.hadoop.hdds.scm.pipeline.choose.algorithms.RandomPipelineChoosePolicy
2024-01-14 16:58:49,172 [main] INFO  algorithms.PipelineChoosePolicyFactory (PipelineChoosePolicyFactory.java:createPipelineChoosePolicyFromClass(78)) - Create pipeline choose policy of type org.apache.hadoop.hdds.scm.pipeline.choose.algorithms.RandomPipelineChoosePolicy
2024-01-14 16:58:49,173 [main] INFO  ha.SCMServiceManager (SCMServiceManager.java:register(42)) - Registering service SCMBlockDeletingService.
2024-01-14 16:58:49,173 [main] INFO  replication.ReplicationManager (ReplicationManager.java:start(294)) - Starting Replication Monitor Thread.
2024-01-14 16:58:49,174 [ReplicationMonitor] INFO  replication.ReplicationManager (ReplicationManager.java:processAll(369)) - Replication Manager is not ready to run until 3000ms after safemode exit
2024-01-14 16:58:49,174 [main] INFO  ha.SCMServiceManager (SCMServiceManager.java:register(42)) - Registering service ReplicationManager.
2024-01-14 16:58:49,175 [main] INFO  safemode.ContainerSafeModeRule (ContainerSafeModeRule.java:<init>(91)) - containers with one replica threshold count 0
2024-01-14 16:58:49,175 [main] INFO  safemode.HealthyPipelineSafeModeRule (HealthyPipelineSafeModeRule.java:initializeRule(176)) - Total pipeline count is 0, healthy pipeline threshold count is 1
2024-01-14 16:58:49,175 [main] INFO  safemode.OneReplicaPipelineSafeModeRule (OneReplicaPipelineSafeModeRule.java:initializeRule(193)) - Total pipeline count is 0, pipeline's with at least one datanode reported threshold count is 0
2024-01-14 16:58:49,176 [main] INFO  server.StorageContainerManager (StorageContainerManager.java:<init>(440)) - SCM start with adminUsers: [runner]
2024-01-14 16:58:49,176 [main] INFO  ipc.CallQueueManager (CallQueueManager.java:<init>(90)) - Using callQueue: class java.util.concurrent.LinkedBlockingQueue, queueCapacity: 10000, scheduler: class org.apache.hadoop.ipc.DefaultRpcScheduler, ipcBackoff: false.
2024-01-14 16:58:49,176 [main] INFO  ipc.Server (Server.java:<init>(1287)) - Listener at 0.0.0.0:15091
2024-01-14 16:58:49,177 [Socket Reader #1 for port 15091] INFO  ipc.Server (Server.java:run(1323)) - Starting Socket Reader #1 for port 15091
2024-01-14 16:58:49,178 [main] INFO  ipc.CallQueueManager (CallQueueManager.java:<init>(90)) - Using callQueue: class java.util.concurrent.LinkedBlockingQueue, queueCapacity: 10000, scheduler: class org.apache.hadoop.ipc.DefaultRpcScheduler, ipcBackoff: false.
2024-01-14 16:58:49,178 [main] INFO  ipc.Server (Server.java:<init>(1287)) - Listener at 0.0.0.0:15090
2024-01-14 16:58:49,178 [Socket Reader #1 for port 15090] INFO  ipc.Server (Server.java:run(1323)) - Starting Socket Reader #1 for port 15090
2024-01-14 16:58:49,180 [main] INFO  ipc.CallQueueManager (CallQueueManager.java:<init>(90)) - Using callQueue: class java.util.concurrent.LinkedBlockingQueue, queueCapacity: 10000, scheduler: class org.apache.hadoop.ipc.DefaultRpcScheduler, ipcBackoff: false.
2024-01-14 16:58:49,180 [main] INFO  ipc.Server (Server.java:<init>(1287)) - Listener at 0.0.0.0:15089
2024-01-14 16:58:49,180 [Socket Reader #1 for port 15089] INFO  ipc.Server (Server.java:run(1323)) - Starting Socket Reader #1 for port 15089
2024-01-14 16:58:49,185 [main] INFO  ha.SCMServiceManager (SCMServiceManager.java:register(42)) - Registering service ContainerBalancer.
2024-01-14 16:58:49,185 [main] INFO  server.StorageContainerManager (StorageContainerManager.java:<init>(453)) - 
Container Balancer status:
Key                            Value
Running                        false
Container Balancer Configuration values:
Key                                                Value
Threshold                                          10
Max Datanodes to Involve per Iteration(percent)    20
Max Size to Move per Iteration                     500GB
Max Size Entering Target per Iteration             26GB
Max Size Leaving Source per Iteration              26GB
Number of Iterations                               10
Time Limit for Single Container's Movement         65min
Time Limit for Single Container's Replication      50min
Interval between each Iteration                    70min
Whether to Enable Network Topology                 false
Whether to Trigger Refresh Datanode Usage Info     false
Container IDs to Exclude from Balancing            None
Datanodes Specified to be Balanced                 None
Datanodes Excluded from Balancing                  None

2024-01-14 16:58:49,185 [main] INFO  ha.SCMContext (SCMContext.java:updateSafeModeStatus(230)) - Update SafeModeStatus from SafeModeStatus{safeModeStatus=true, preCheckPassed=false} to SafeModeStatus{safeModeStatus=true, preCheckPassed=false}.
2024-01-14 16:58:49,186 [main] INFO  server.StorageContainerManager (StorageContainerManager.java:start(1546)) - StorageContainerLocationProtocol RPC server is listening at /0.0.0.0:15089
2024-01-14 16:58:49,188 [main] WARN  impl.MetricsConfig (MetricsConfig.java:loadFirst(136)) - Cannot locate configuration: tried hadoop-metrics2-storagecontainermanager.properties,hadoop-metrics2.properties
2024-01-14 16:58:49,189 [main] INFO  impl.MetricsSystemImpl (MetricsSystemImpl.java:startTimer(378)) - Scheduled Metric snapshot period at 10 second(s).
2024-01-14 16:58:49,190 [main] INFO  impl.MetricsSystemImpl (MetricsSystemImpl.java:start(191)) - StorageContainerManager metrics system started
2024-01-14 16:58:49,196 [main] INFO  impl.MetricsSinkAdapter (MetricsSinkAdapter.java:start(204)) - Sink prometheus started
2024-01-14 16:58:49,197 [main] INFO  impl.MetricsSystemImpl (MetricsSystemImpl.java:registerSink(305)) - Registered sink prometheus
2024-01-14 16:58:49,220 [main] INFO  server.SCMClientProtocolServer (SCMClientProtocolServer.java:start(202)) - RPC server for Client  is listening at /0.0.0.0:15089
2024-01-14 16:58:49,221 [IPC Server Responder] INFO  ipc.Server (Server.java:run(1562)) - IPC Server Responder: starting
2024-01-14 16:58:49,225 [IPC Server listener on 15089] INFO  ipc.Server (Server.java:run(1402)) - IPC Server listener on 15089: starting
2024-01-14 16:58:49,244 [main] INFO  server.StorageContainerManager (StorageContainerManager.java:start(1559)) - ScmBlockLocationProtocol RPC server is listening at /0.0.0.0:15090
2024-01-14 16:58:49,245 [main] INFO  server.SCMBlockProtocolServer (SCMBlockProtocolServer.java:start(160)) - RPC server for Block Protocol is listening at /0.0.0.0:15090
2024-01-14 16:58:49,246 [IPC Server Responder] INFO  ipc.Server (Server.java:run(1562)) - IPC Server Responder: starting
2024-01-14 16:58:49,246 [IPC Server listener on 15090] INFO  ipc.Server (Server.java:run(1402)) - IPC Server listener on 15090: starting
2024-01-14 16:58:49,254 [main] INFO  server.SCMDatanodeProtocolServer (SCMDatanodeProtocolServer.java:start(194)) - ScmDatanodeProtocol RPC server for DataNodes is listening at /0.0.0.0:15091
2024-01-14 16:58:49,254 [IPC Server Responder] INFO  ipc.Server (Server.java:run(1562)) - IPC Server Responder: starting
2024-01-14 16:58:49,255 [IPC Server listener on 15091] INFO  ipc.Server (Server.java:run(1402)) - IPC Server listener on 15091: starting
2024-01-14 16:58:49,262 [JvmPauseMonitor11] INFO  util.JvmPauseMonitor (JvmPauseMonitor.java:run(146)) - JvmPauseMonitor-10ca616e-af0c-4857-8921-03f4e0b07e30: Started
2024-01-14 16:58:49,267 [main] INFO  http.BaseHttpServer (BaseHttpServer.java:newHttpServer2BuilderForOzone(223)) - Starting Web-server for scm at: http://0.0.0.0:15092
2024-01-14 16:58:49,267 [main] INFO  http.BaseHttpServer (BaseHttpServer.java:<init>(110)) - Hadoop Security Enabled: false Ozone Security Enabled: false Ozone HTTP Security Enabled: false 
2024-01-14 16:58:49,269 [main] WARN  server.AuthenticationFilter (AuthenticationFilter.java:constructSecretProvider(240)) - Unable to initialize FileSignerSecretProvider, falling back to use random secrets. Reason: Could not read signature secret file: /home/runner/hadoop-http-auth-signature-secret
2024-01-14 16:58:49,270 [main] INFO  http.HttpRequestLog (HttpRequestLog.java:getRequestLog(86)) - Http request log for http.requests.scm is not defined
2024-01-14 16:58:49,271 [main] INFO  http.HttpServer2 (HttpServer2.java:addGlobalFilter(1036)) - Added global filter 'safety' (class=org.apache.hadoop.hdds.server.http.HttpServer2$QuotingInputFilter)
2024-01-14 16:58:49,272 [main] INFO  http.HttpServer2 (HttpServer2.java:addFilter(1012)) - Added filter static_user_filter (class=org.apache.hadoop.http.lib.StaticUserWebFilter$StaticUserFilter) to context scm
2024-01-14 16:58:49,272 [main] INFO  http.HttpServer2 (HttpServer2.java:addFilter(1020)) - Added filter static_user_filter (class=org.apache.hadoop.http.lib.StaticUserWebFilter$StaticUserFilter) to context logs
2024-01-14 16:58:49,272 [main] INFO  http.HttpServer2 (HttpServer2.java:addFilter(1020)) - Added filter static_user_filter (class=org.apache.hadoop.http.lib.StaticUserWebFilter$StaticUserFilter) to context static
2024-01-14 16:58:49,273 [main] INFO  http.BaseHttpServer (BaseHttpServer.java:<init>(189)) - HTTP server of scm uses base directory /home/runner/work/ozone/ozone/hadoop-ozone/integration-test/target/test-dir/MiniOzoneClusterImpl-073b5688-48cc-4907-9326-51c03fe36003/ozone-meta/webserver
2024-01-14 16:58:49,273 [main] INFO  http.HttpServer2 (HttpServer2.java:bindListener(1236)) - Jetty bound to port 15092
2024-01-14 16:58:49,273 [main] INFO  server.Server (Server.java:doStart(375)) - jetty-9.4.53.v20231009; built: 2023-10-09T12:29:09.265Z; git: 27bde00a0b95a1d5bbee0eae7984f891d2d0f8c9; jvm 1.8.0_392-b08
2024-01-14 16:58:49,274 [main] INFO  server.session (DefaultSessionIdManager.java:doStart(334)) - DefaultSessionIdManager workerName=node0
2024-01-14 16:58:49,274 [main] INFO  server.session (DefaultSessionIdManager.java:doStart(339)) - No SessionScavenger set, using defaults
2024-01-14 16:58:49,275 [main] INFO  server.session (HouseKeeper.java:startScavenging(132)) - node0 Scavenging every 600000ms
2024-01-14 16:58:49,275 [main] INFO  handler.ContextHandler (ContextHandler.java:doStart(921)) - Started o.e.j.s.ServletContextHandler@113bde5b{logs,/logs,file:///home/runner/work/ozone/ozone/hadoop-ozone/integration-test/target/log,AVAILABLE}
2024-01-14 16:58:49,276 [main] INFO  handler.ContextHandler (ContextHandler.java:doStart(921)) - Started o.e.j.s.ServletContextHandler@7b90966b{static,/static,file:///home/runner/work/ozone/ozone/hadoop-ozone/integration-test/target/test-classes/webapps/static,AVAILABLE}
2024-01-14 16:58:49,278 [main] INFO  handler.ContextHandler (ContextHandler.java:doStart(921)) - Started o.e.j.w.WebAppContext@44b6dbe4{scm,/,file:///home/runner/work/ozone/ozone/hadoop-ozone/integration-test/target/test-classes/webapps/scm/,AVAILABLE}{file:/home/runner/work/ozone/ozone/hadoop-ozone/integration-test/target/test-classes/webapps/scm}
2024-01-14 16:58:49,279 [main] INFO  server.AbstractConnector (AbstractConnector.java:doStart(333)) - Started ServerConnector@2cb5fa10{HTTP/1.1, (http/1.1)}{0.0.0.0:15092}
2024-01-14 16:58:49,280 [main] INFO  server.Server (Server.java:doStart(415)) - Started @48465ms
2024-01-14 16:58:49,280 [main] WARN  impl.MetricsSystemImpl (MetricsSystemImpl.java:register(279)) - Sink prometheus already exists!
2024-01-14 16:58:49,280 [main] INFO  http.BaseHttpServer (BaseHttpServer.java:updateConnectorAddress(354)) - HTTP server of scm listening at http://0.0.0.0:15092
2024-01-14 16:58:49,281 [main] WARN  server.ServerUtils (ServerUtils.java:getDBPath(311)) - ozone.om.db.dirs is not configured. We recommend adding this setting. Falling back to ozone.metadata.dirs instead.
2024-01-14 16:58:49,282 [main] INFO  ha.OMHANodeDetails (OMHANodeDetails.java:loadOMHAConfig(115)) - ozone.om.internal.service.id is not defined, falling back to ozone.om.service.ids to find serviceID for OzoneManager if it is HA enabled cluster
2024-01-14 16:58:49,282 [main] INFO  ha.OMHANodeDetails (OMHANodeDetails.java:loadOMHAConfig(226)) - Configuration does not have ozone.om.address set. Falling back to the default OM address /127.0.0.1:15093
2024-01-14 16:58:49,282 [main] INFO  ha.OMHANodeDetails (OMHANodeDetails.java:getOMNodeDetailsForNonHA(254)) - OM Service ID is not set. Setting it to the default ID: omServiceIdDefault
2024-01-14 16:58:49,283 [main] INFO  ha.OMHANodeDetails (OMHANodeDetails.java:getOMNodeDetailsForNonHA(261)) - OM Node ID is not set. Setting it to the default ID: om1
2024-01-14 16:58:49,283 [main] WARN  server.ServerUtils (ServerUtils.java:getDBPath(311)) - ozone.om.db.dirs is not configured. We recommend adding this setting. Falling back to ozone.metadata.dirs instead.
2024-01-14 16:58:49,284 [main] INFO  upgrade.AbstractLayoutVersionManager (AbstractLayoutVersionManager.java:init(83)) - Initializing Layout version manager with metadata layout = QUOTA (version = 6), software layout = QUOTA (version = 6)
2024-01-14 16:58:49,323 [main] INFO  upgrade.OMLayoutVersionManager (OMLayoutVersionManager.java:lambda$0(113)) - Skipping Upgrade Action MockOmUpgradeAction since it has been finalized.
2024-01-14 16:58:49,323 [main] INFO  upgrade.OMLayoutVersionManager (OMLayoutVersionManager.java:lambda$0(113)) - Skipping Upgrade Action QuotaRepairUpgradeAction since it has been finalized.
2024-01-14 16:58:49,324 [main] WARN  server.ServerUtils (ServerUtils.java:getDBPath(311)) - ozone.om.db.dirs is not configured. We recommend adding this setting. Falling back to ozone.metadata.dirs instead.
2024-01-14 16:58:49,324 [main] INFO  proxy.SCMBlockLocationFailoverProxyProvider (SCMBlockLocationFailoverProxyProvider.java:<init>(115)) - Created block location fail-over proxy with 1 nodes: [nodeId=scmNodeId,nodeAddress=/0.0.0.0:15090]
2024-01-14 16:58:49,326 [main] INFO  proxy.SCMBlockLocationFailoverProxyProvider (SCMBlockLocationFailoverProxyProvider.java:<init>(115)) - Created block location fail-over proxy with 1 nodes: [nodeId=scmNodeId,nodeAddress=/0.0.0.0:15090]
2024-01-14 16:58:49,332 [main] INFO  om.OzoneManager (OzoneManager.java:<init>(673)) - OM start with adminUsers: [runner]
2024-01-14 16:58:49,333 [main] WARN  server.ServerUtils (ServerUtils.java:getDBPath(311)) - ozone.om.db.dirs is not configured. We recommend adding this setting. Falling back to ozone.metadata.dirs instead.
2024-01-14 16:58:49,333 [main] INFO  helpers.OmKeyInfo (OmKeyInfo.java:getCodec(71)) - OmKeyInfo.getCodec ignorePipeline = true
2024-01-14 16:58:49,486 [main] INFO  om.OzoneManager (OzoneManager.java:instantiateServices(805)) - S3 Multi-Tenancy is disabled
2024-01-14 16:58:49,486 [main] INFO  om.OmSnapshotManager (OmSnapshotManager.java:<init>(176)) - Ozone filesystem snapshot feature is enabled.
2024-01-14 16:58:49,487 [main] WARN  server.ServerUtils (ServerUtils.java:getDBPath(311)) - ozone.om.snapshot.diff.db.dir is not configured. We recommend adding this setting. Falling back to ozone.metadata.dirs instead.
2024-01-14 16:58:49,504 [main] INFO  utils.NativeLibraryLoader (NativeLibraryLoader.java:loadLibrary(108)) - Loading Library: ozone_rocksdb_tools
2024-01-14 16:58:49,504 [main] INFO  snapshot.SnapshotDiffManager (SnapshotDiffManager.java:closeExecutorService(1688)) - Shutting down executorService: 'SstDumpToolExecutor'
2024-01-14 16:58:49,507 [main] INFO  om.OzoneManager (OzoneManager.java:addS3GVolumeToDB(4429)) - Created Volume s3v With Owner runner required for S3Gateway operations.
2024-01-14 16:58:49,507 [main] WARN  server.ServerUtils (ServerUtils.java:getDefaultRatisDirectory(323)) - Storage directory for Ratis is not configured. It is a good idea to map this to an SSD disk. Falling back to ozone.metadata.dirs
2024-01-14 16:58:49,508 [main] WARN  utils.OzoneManagerRatisUtils (OzoneManagerRatisUtils.java:getOMRatisSnapshotDirectory(473)) - ozone.om.ratis.snapshot.dir is not configured. Falling back to ozone.metadata.dirs config
2024-01-14 16:58:49,508 [main] WARN  server.ServerUtils (ServerUtils.java:getDefaultRatisDirectory(323)) - Storage directory for Ratis is not configured. It is a good idea to map this to an SSD disk. Falling back to ozone.metadata.dirs
2024-01-14 16:58:49,510 [main] INFO  ratis.OzoneManagerRatisServer (OzoneManagerRatisServer.java:<init>(167)) - Instantiating OM Ratis server with groupID: omServiceIdDefault and peers: localhost:15096
2024-01-14 16:58:49,510 [main] INFO  ratis.OzoneManagerStateMachine (OzoneManagerStateMachine.java:loadSnapshotInfoFromDB(608)) - TransactionInfo not found in OM DB.
2024-01-14 16:58:49,511 [main] INFO  server.RaftServer (ConfUtils.java:logGet(46)) - raft.rpc.type = GRPC (default)
2024-01-14 16:58:49,511 [main] INFO  grpc.GrpcConfigKeys (ConfUtils.java:logFallback(53)) - raft.grpc.admin.host = null (fallback to raft.grpc.server.host)
2024-01-14 16:58:49,511 [main] INFO  grpc.GrpcConfigKeys (ConfUtils.java:logFallback(53)) - raft.grpc.admin.port = 15096 (fallback to raft.grpc.server.port)
2024-01-14 16:58:49,511 [main] INFO  grpc.GrpcConfigKeys (ConfUtils.java:logFallback(53)) - raft.grpc.client.host = null (fallback to raft.grpc.server.host)
2024-01-14 16:58:49,511 [main] INFO  grpc.GrpcConfigKeys (ConfUtils.java:logFallback(53)) - raft.grpc.client.port = 15096 (fallback to raft.grpc.server.port)
2024-01-14 16:58:49,512 [main] INFO  grpc.GrpcConfigKeys (ConfUtils.java:logGet(46)) - raft.grpc.server.host = null (default)
2024-01-14 16:58:49,512 [main] INFO  grpc.GrpcConfigKeys (ConfUtils.java:logGet(46)) - raft.grpc.server.port = 15096 (custom)
2024-01-14 16:58:49,512 [main] INFO  server.GrpcService (ConfUtils.java:logGet(46)) - raft.grpc.message.size.max = 4194304 (custom)
2024-01-14 16:58:49,512 [main] INFO  server.RaftServerConfigKeys (ConfUtils.java:logGet(46)) - raft.server.log.appender.buffer.byte-limit = 4194304 (custom)
2024-01-14 16:58:49,512 [main] INFO  server.GrpcService (ConfUtils.java:logGet(46)) - raft.grpc.flow.control.window = 1MB (=1048576) (default)
2024-01-14 16:58:49,513 [main] INFO  server.RaftServerConfigKeys (ConfUtils.java:logGet(46)) - raft.server.rpc.request.timeout = 3000ms (default)
2024-01-14 16:58:49,513 [main] INFO  grpc.GrpcConfigKeys (ConfUtils.java:logGet(46)) - raft.grpc.server.heartbeat.channel = true (default)
2024-01-14 16:58:49,513 [main] INFO  grpc.GrpcConfigKeys (ConfUtils.java:logGet(46)) - raft.grpc.server.async.request.thread.pool.cached = true (default)
2024-01-14 16:58:49,513 [main] INFO  grpc.GrpcConfigKeys (ConfUtils.java:logGet(46)) - raft.grpc.server.async.request.thread.pool.size = 32 (default)
2024-01-14 16:58:49,515 [main] INFO  impl.DataStreamServerImpl (ConfUtils.java:logGet(46)) - raft.datastream.type = DISABLED (default)
2024-01-14 16:58:49,515 [main] INFO  server.RaftServerConfigKeys (ConfUtils.java:logGet(46)) - raft.server.sleep.deviation.threshold = 300ms (default)
2024-01-14 16:58:49,515 [main] INFO  server.RaftServerConfigKeys (ConfUtils.java:logGet(46)) - raft.server.close.threshold = 60s (default)
2024-01-14 16:58:49,515 [main] INFO  server.RaftServerConfigKeys (ConfUtils.java:logGet(46)) - raft.server.leaderelection.leader.step-down.wait-time = 10s (default)
2024-01-14 16:58:49,516 [main] INFO  server.RaftServerConfigKeys (ConfUtils.java:logGet(46)) - raft.server.storage.dir = [/home/runner/work/ozone/ozone/hadoop-ozone/integration-test/target/test-dir/MiniOzoneClusterImpl-073b5688-48cc-4907-9326-51c03fe36003/ozone-meta/ratis] (custom)
2024-01-14 16:58:49,516 [main] INFO  server.RaftServerConfigKeys (ConfUtils.java:logGet(46)) - raft.server.threadpool.proxy.cached = true (default)
2024-01-14 16:58:49,516 [main] INFO  server.RaftServerConfigKeys (ConfUtils.java:logGet(46)) - raft.server.threadpool.proxy.size = 0 (default)
2024-01-14 16:58:49,517 [main] INFO  server.RaftServer (RaftServerProxy.java:addNew(100)) - om1: addNew group-C5BA1605619E:[om1|localhost:15096] returns group-C5BA1605619E:java.util.concurrent.CompletableFuture@287d438f[Not completed]
2024-01-14 16:58:49,517 [main] INFO  om.OzoneManager (OzoneManager.java:initializeRatisServer(2141)) - OzoneManager Ratis server initialized at port 15096
2024-01-14 16:58:49,517 [main] INFO  om.OzoneManager (OzoneManager.java:getRpcServer(1207)) - Creating RPC Server
2024-01-14 16:58:49,517 [om1-groupManagement] INFO  server.RaftServer$Division (RaftServerImpl.java:<init>(256)) - om1: new RaftServerImpl for group-C5BA1605619E:[om1|localhost:15096] with OzoneManagerStateMachine:uninitialized
2024-01-14 16:58:49,519 [om1-groupManagement] INFO  server.RaftServerConfigKeys (ConfUtils.java:logGet(46)) - raft.server.rpc.timeout.min = 1s (custom)
2024-01-14 16:58:49,519 [om1-groupManagement] INFO  server.RaftServerConfigKeys (ConfUtils.java:logGet(46)) - raft.server.rpc.timeout.max = 1200ms (custom)
2024-01-14 16:58:49,519 [om1-groupManagement] INFO  server.RaftServerConfigKeys (ConfUtils.java:logGet(46)) - raft.server.rpc.sleep.time = 25ms (default)
2024-01-14 16:58:49,519 [om1-groupManagement] INFO  server.RaftServerConfigKeys (ConfUtils.java:logGet(46)) - raft.server.rpc.slowness.timeout = 120s (custom)
2024-01-14 16:58:49,519 [om1-groupManagement] INFO  server.RaftServerConfigKeys (ConfUtils.java:logGet(46)) - raft.server.leaderelection.leader.step-down.wait-time = 10s (default)
2024-01-14 16:58:49,519 [om1-groupManagement] INFO  server.RaftServerConfigKeys (ConfUtils.java:logGet(46)) - raft.server.leaderelection.member.majority-add = false (default)
2024-01-14 16:58:49,519 [om1-groupManagement] INFO  server.RaftServerConfigKeys (ConfUtils.java:logGet(46)) - raft.server.sleep.deviation.threshold = 300ms (default)
2024-01-14 16:58:49,519 [om1-groupManagement] INFO  server.RaftServer$Division (ServerState.java:<init>(113)) - om1@group-C5BA1605619E: ConfigurationManager, init=-1: peers:[om1|localhost:15096]|listeners:[], old=null, confs=<EMPTY_MAP>
2024-01-14 16:58:49,519 [om1-groupManagement] INFO  server.RaftServerConfigKeys (ConfUtils.java:logGet(46)) - raft.server.notification.no-leader.timeout = 120s (custom)
2024-01-14 16:58:49,519 [om1-groupManagement] INFO  server.RaftServerConfigKeys (ConfUtils.java:logGet(46)) - raft.server.read.timeout = 10s (default)
2024-01-14 16:58:49,519 [om1-groupManagement] INFO  server.RaftServerConfigKeys (ConfUtils.java:logGet(46)) - raft.server.retrycache.expirytime = 300s (custom)
2024-01-14 16:58:49,519 [om1-groupManagement] INFO  server.RaftServerConfigKeys (ConfUtils.java:logGet(46)) - raft.server.retrycache.statistics.expirytime = 100ms (default)
2024-01-14 16:58:49,520 [om1-groupManagement] INFO  server.RaftServerConfigKeys (ConfUtils.java:logGet(46)) - raft.server.read.option = DEFAULT (default)
2024-01-14 16:58:49,520 [om1-groupManagement] INFO  server.RaftServerConfigKeys (ConfUtils.java:logGet(46)) - raft.server.read.read-after-write-consistent.write-index-cache.expiry-time = 60s (default)
2024-01-14 16:58:49,521 [om1-groupManagement] INFO  server.RaftServerConfigKeys (ConfUtils.java:logGet(46)) - raft.server.rpc.request.timeout = 3000ms (default)
2024-01-14 16:58:49,521 [om1-groupManagement] INFO  server.RaftServerConfigKeys (ConfUtils.java:logGet(46)) - raft.server.log.appender.install.snapshot.enabled = false (custom)
2024-01-14 16:58:49,521 [om1-groupManagement] INFO  server.RaftServerConfigKeys (ConfUtils.java:logGet(46)) - raft.server.threadpool.server.cached = true (default)
2024-01-14 16:58:49,521 [om1-groupManagement] INFO  server.RaftServerConfigKeys (ConfUtils.java:logGet(46)) - raft.server.threadpool.server.size = 0 (default)
2024-01-14 16:58:49,521 [om1-groupManagement] INFO  server.RaftServerConfigKeys (ConfUtils.java:logGet(46)) - raft.server.threadpool.client.cached = true (default)
2024-01-14 16:58:49,521 [om1-groupManagement] INFO  server.RaftServerConfigKeys (ConfUtils.java:logGet(46)) - raft.server.threadpool.client.size = 0 (default)
2024-01-14 16:58:49,749 [main] INFO  ipc.CallQueueManager (CallQueueManager.java:<init>(90)) - Using callQueue: class java.util.concurrent.LinkedBlockingQueue, queueCapacity: 2000, scheduler: class org.apache.hadoop.ipc.DefaultRpcScheduler, ipcBackoff: false.
2024-01-14 16:58:49,750 [main] INFO  ipc.Server (Server.java:<init>(1287)) - Listener at 127.0.0.1:15093
2024-01-14 16:58:49,750 [Socket Reader #1 for port 15093] INFO  ipc.Server (Server.java:run(1323)) - Starting Socket Reader #1 for port 15093
2024-01-14 16:58:49,766 [main] INFO  impl.MetricsSystemImpl (MetricsSystemImpl.java:init(158)) - OzoneManager metrics system started (again)
2024-01-14 16:58:49,774 [main] INFO  om.OzoneManager (OzoneManager.java:start(1629)) - OzoneManager RPC server is listening at localhost/127.0.0.1:15093
2024-01-14 16:58:49,775 [main] INFO  ratis.OzoneManagerRatisServer (OzoneManagerRatisServer.java:start(588)) - Starting OzoneManagerRatisServer om1 at port 15096
2024-01-14 16:58:49,775 [om1-impl-thread1] INFO  server.RaftServerConfigKeys (ConfUtils.java:logGet(46)) - raft.server.storage.free-space.min = 0MB (=0) (default)
2024-01-14 16:58:49,775 [om1-impl-thread1] INFO  server.RaftServerConfigKeys (ConfUtils.java:logGet(46)) - raft.server.log.corruption.policy = EXCEPTION (default)
2024-01-14 16:58:49,775 [om1-impl-thread1] INFO  server.RaftServerConfigKeys (ConfUtils.java:logGet(46)) - raft.server.storage.dir = [/home/runner/work/ozone/ozone/hadoop-ozone/integration-test/target/test-dir/MiniOzoneClusterImpl-073b5688-48cc-4907-9326-51c03fe36003/ozone-meta/ratis] (custom)
2024-01-14 16:58:49,775 [om1-impl-thread1] INFO  storage.RaftStorageDirectory (RaftStorageDirectoryImpl.java:analyzeStorage(138)) - The storage directory /home/runner/work/ozone/ozone/hadoop-ozone/integration-test/target/test-dir/MiniOzoneClusterImpl-073b5688-48cc-4907-9326-51c03fe36003/ozone-meta/ratis/bf265839-605b-3f16-9796-c5ba1605619e does not exist. Creating ...
2024-01-14 16:58:49,777 [om1-impl-thread1] INFO  storage.RaftStorageDirectory (RaftStorageDirectoryImpl.java:tryLock(228)) - Lock on /home/runner/work/ozone/ozone/hadoop-ozone/integration-test/target/test-dir/MiniOzoneClusterImpl-073b5688-48cc-4907-9326-51c03fe36003/ozone-meta/ratis/bf265839-605b-3f16-9796-c5ba1605619e/in_use.lock acquired by nodename 93954@fv-az1248-16
2024-01-14 16:58:49,778 [om1-impl-thread1] INFO  storage.RaftStorage (RaftStorageImpl.java:format(99)) - Storage directory /home/runner/work/ozone/ozone/hadoop-ozone/integration-test/target/test-dir/MiniOzoneClusterImpl-073b5688-48cc-4907-9326-51c03fe36003/ozone-meta/ratis/bf265839-605b-3f16-9796-c5ba1605619e has been successfully formatted.
2024-01-14 16:58:49,778 [om1-impl-thread1] WARN  util.FileUtils (LogUtils.java:supplyAndLog(63)) - Failed to Files.newInputStream /home/runner/work/ozone/ozone/hadoop-ozone/integration-test/target/test-dir/MiniOzoneClusterImpl-073b5688-48cc-4907-9326-51c03fe36003/ozone-meta/ratis/bf265839-605b-3f16-9796-c5ba1605619e/current/raft-meta.conf with options []: java.nio.file.NoSuchFileException: /home/runner/work/ozone/ozone/hadoop-ozone/integration-test/target/test-dir/MiniOzoneClusterImpl-073b5688-48cc-4907-9326-51c03fe36003/ozone-meta/ratis/bf265839-605b-3f16-9796-c5ba1605619e/current/raft-meta.conf
2024-01-14 16:58:49,778 [om1-impl-thread1] INFO  server.RaftServerConfigKeys (ConfUtils.java:logGet(46)) - raft.server.log.use.memory = false (default)
2024-01-14 16:58:49,778 [om1-impl-thread1] INFO  server.RaftServerConfigKeys (ConfUtils.java:logGet(46)) - raft.server.log.purge.gap = 1000000 (custom)
2024-01-14 16:58:49,778 [om1-impl-thread1] INFO  server.RaftServerConfigKeys (ConfUtils.java:logGet(46)) - raft.server.log.appender.buffer.byte-limit = 4194304 (custom)
2024-01-14 16:58:49,778 [om1-impl-thread1] INFO  server.RaftServerConfigKeys (ConfUtils.java:logGet(46)) - raft.server.log.statemachine.data.read.timeout = 1000ms (default)
2024-01-14 16:58:49,778 [om1-impl-thread1] INFO  server.RaftServerConfigKeys (ConfUtils.java:logGet(46)) - raft.server.log.purge.preservation.log.num = 0 (default)
2024-01-14 16:58:49,779 [om1-impl-thread1] INFO  server.RaftServerConfigKeys (ConfUtils.java:logGet(46)) - raft.server.log.segment.size.max = 4194304 (custom)
2024-01-14 16:58:49,779 [om1-impl-thread1] INFO  server.RaftServerConfigKeys (ConfUtils.java:logGet(46)) - raft.server.log.segment.cache.num.max = 2 (custom)
2024-01-14 16:58:49,779 [om1-impl-thread1] INFO  server.RaftServerConfigKeys (ConfUtils.java:logGet(46)) - raft.server.log.segment.cache.size.max = 200MB (=209715200) (default)
2024-01-14 16:58:49,779 [om1-impl-thread1] INFO  server.RaftServerConfigKeys (ConfUtils.java:logGet(46)) - raft.server.log.appender.buffer.byte-limit = 4194304 (custom)
2024-01-14 16:58:49,779 [om1-impl-thread1] INFO  util.AwaitToRun (AwaitToRun.java:start(81)) - Thread[om1@group-C5BA1605619E-cacheEviction-AwaitToRun,5,main] started
2024-01-14 16:58:49,779 [om1-impl-thread1] INFO  segmented.SegmentedRaftLogWorker (SegmentedRaftLogWorker.java:<init>(182)) - new om1@group-C5BA1605619E-SegmentedRaftLogWorker for RaftStorageImpl:Storage Directory /home/runner/work/ozone/ozone/hadoop-ozone/integration-test/target/test-dir/MiniOzoneClusterImpl-073b5688-48cc-4907-9326-51c03fe36003/ozone-meta/ratis/bf265839-605b-3f16-9796-c5ba1605619e
2024-01-14 16:58:49,780 [om1-impl-thread1] INFO  server.RaftServerConfigKeys (ConfUtils.java:logGet(46)) - raft.server.log.queue.byte-limit = 64MB (=67108864) (default)
2024-01-14 16:58:49,780 [om1-impl-thread1] INFO  server.RaftServerConfigKeys (ConfUtils.java:logGet(46)) - raft.server.log.queue.element-limit = 4096 (default)
2024-01-14 16:58:49,780 [om1-impl-thread1] INFO  server.RaftServerConfigKeys (ConfUtils.java:logGet(46)) - raft.server.log.segment.size.max = 4194304 (custom)
2024-01-14 16:58:49,780 [om1-impl-thread1] INFO  server.RaftServerConfigKeys (ConfUtils.java:logGet(46)) - raft.server.log.preallocated.size = 4194304 (custom)
2024-01-14 16:58:49,780 [om1-impl-thread1] INFO  server.RaftServerConfigKeys (ConfUtils.java:logGet(46)) - raft.server.log.force.sync.num = 128 (default)
2024-01-14 16:58:49,780 [om1-impl-thread1] INFO  server.RaftServerConfigKeys (ConfUtils.java:logGet(46)) - raft.server.log.statemachine.data.sync = true (default)
2024-01-14 16:58:49,780 [om1-impl-thread1] INFO  server.RaftServerConfigKeys (ConfUtils.java:logGet(46)) - raft.server.log.statemachine.data.sync.timeout = 10s (default)
2024-01-14 16:58:49,780 [om1-impl-thread1] INFO  server.RaftServerConfigKeys (ConfUtils.java:logGet(46)) - raft.server.log.statemachine.data.sync.timeout.retry = -1 (default)
2024-01-14 16:58:49,780 [om1-impl-thread1] INFO  server.RaftServerConfigKeys (ConfUtils.java:logGet(46)) - raft.server.log.write.buffer.size = 4194312 (custom)
2024-01-14 16:58:49,781 [om1-impl-thread1] INFO  server.RaftServerConfigKeys (ConfUtils.java:logGet(46)) - raft.server.log.appender.buffer.byte-limit = 4194304 (custom)
2024-01-14 16:58:49,781 [om1-impl-thread1] INFO  server.RaftServerConfigKeys (ConfUtils.java:logGet(46)) - raft.server.log.unsafe-flush.enabled = false (default)
2024-01-14 16:58:49,781 [om1-impl-thread1] INFO  server.RaftServerConfigKeys (ConfUtils.java:logGet(46)) - raft.server.log.async-flush.enabled = false (default)
2024-01-14 16:58:49,781 [om1-impl-thread1] INFO  server.RaftServerConfigKeys (ConfUtils.java:logGet(46)) - raft.server.log.statemachine.data.caching.enabled = false (default)
2024-01-14 16:58:49,781 [om1-impl-thread1] INFO  segmented.SegmentedRaftLogWorker (SegmentedRaftLogWorker.java:lambda$new$0(134)) - om1@group-C5BA1605619E-SegmentedRaftLogWorker: flushIndex: setUnconditionally 0 -> -1
2024-01-14 16:58:49,781 [om1-impl-thread1] INFO  segmented.SegmentedRaftLogWorker (SegmentedRaftLogWorker.java:lambda$new$0(134)) - om1@group-C5BA1605619E-SegmentedRaftLogWorker: safeCacheEvictIndex: setUnconditionally 0 -> -1
2024-01-14 16:58:49,785 [om1-impl-thread1] INFO  server.RaftServer$Division (RaftServerImpl.java:start(396)) - om1@group-C5BA1605619E: start as a follower, conf=-1: peers:[om1|localhost:15096]|listeners:[], old=null
2024-01-14 16:58:49,785 [om1-impl-thread1] INFO  server.RaftServer$Division (RaftServerImpl.java:setRole(383)) - om1@group-C5BA1605619E: changes role from      null to FOLLOWER at term 0 for startAsFollower
2024-01-14 16:58:49,785 [om1-impl-thread1] INFO  impl.RoleInfo (RoleInfo.java:updateAndGet(139)) - om1: start om1@group-C5BA1605619E-FollowerState
2024-01-14 16:58:49,795 [om1-impl-thread1] INFO  util.JmxRegister (JmxRegister.java:tryRegister(44)) - Successfully registered JMX Bean with object name Ratis:service=RaftServer,group=group-C5BA1605619E,id=om1
2024-01-14 16:58:49,795 [om1-impl-thread1] INFO  server.RaftServerConfigKeys (ConfUtils.java:logGet(46)) - raft.server.snapshot.trigger-when-stop.enabled = true (default)
2024-01-14 16:58:49,795 [om1-impl-thread1] INFO  server.RaftServerConfigKeys (ConfUtils.java:logGet(46)) - raft.server.snapshot.auto.trigger.enabled = true (custom)
2024-01-14 16:58:49,795 [om1-impl-thread1] INFO  server.RaftServerConfigKeys (ConfUtils.java:logGet(46)) - raft.server.snapshot.auto.trigger.threshold = 400000 (default)
2024-01-14 16:58:49,795 [om1-impl-thread1] INFO  server.RaftServerConfigKeys (ConfUtils.java:logGet(46)) - raft.server.snapshot.retention.file.num = -1 (default)
2024-01-14 16:58:49,795 [om1-impl-thread1] INFO  server.RaftServerConfigKeys (ConfUtils.java:logGet(46)) - raft.server.log.purge.upto.snapshot.index = true (custom)
2024-01-14 16:58:49,795 [main] INFO  server.RaftServer (RaftServerProxy.java:startImpl(406)) - om1: start RPC server
2024-01-14 16:58:49,796 [om1@group-C5BA1605619E-FollowerState] INFO  server.RaftServerConfigKeys (ConfUtils.java:logFallback(53)) - raft.server.rpc.first-election.timeout.min = 1s (fallback to raft.server.rpc.timeout.min)
2024-01-14 16:58:49,796 [om1@group-C5BA1605619E-FollowerState] INFO  server.RaftServerConfigKeys (ConfUtils.java:logFallback(53)) - raft.server.rpc.first-election.timeout.max = 1200ms (fallback to raft.server.rpc.timeout.max)
2024-01-14 16:58:49,797 [main] INFO  server.GrpcService (GrpcService.java:startImpl(302)) - om1: GrpcService started, listening on 15096
2024-01-14 16:58:49,797 [main] INFO  om.OzoneManager (OzoneManager.java:start(1645)) - Version File has different layout version (6) than OM DB (null). That is expected if this OM has never been finalized to a newer layout version.
2024-01-14 16:58:49,799 [JvmPauseMonitor12] INFO  util.JvmPauseMonitor (JvmPauseMonitor.java:run(146)) - JvmPauseMonitor-om1: Started
2024-01-14 16:58:49,812 [main] INFO  http.BaseHttpServer (BaseHttpServer.java:newHttpServer2BuilderForOzone(223)) - Starting Web-server for ozoneManager at: http://0.0.0.0:15094
2024-01-14 16:58:49,812 [main] INFO  http.BaseHttpServer (BaseHttpServer.java:<init>(110)) - Hadoop Security Enabled: false Ozone Security Enabled: false Ozone HTTP Security Enabled: false 
2024-01-14 16:58:49,814 [main] WARN  server.AuthenticationFilter (AuthenticationFilter.java:constructSecretProvider(240)) - Unable to initialize FileSignerSecretProvider, falling back to use random secrets. Reason: Could not read signature secret file: /home/runner/hadoop-http-auth-signature-secret
2024-01-14 16:58:49,815 [main] INFO  http.HttpRequestLog (HttpRequestLog.java:getRequestLog(86)) - Http request log for http.requests.ozoneManager is not defined
2024-01-14 16:58:49,816 [main] INFO  http.HttpServer2 (HttpServer2.java:addGlobalFilter(1036)) - Added global filter 'safety' (class=org.apache.hadoop.hdds.server.http.HttpServer2$QuotingInputFilter)
2024-01-14 16:58:49,817 [main] INFO  http.HttpServer2 (HttpServer2.java:addFilter(1012)) - Added filter static_user_filter (class=org.apache.hadoop.http.lib.StaticUserWebFilter$StaticUserFilter) to context ozoneManager
2024-01-14 16:58:49,817 [main] INFO  http.HttpServer2 (HttpServer2.java:addFilter(1020)) - Added filter static_user_filter (class=org.apache.hadoop.http.lib.StaticUserWebFilter$StaticUserFilter) to context logs
2024-01-14 16:58:49,817 [main] INFO  http.HttpServer2 (HttpServer2.java:addFilter(1020)) - Added filter static_user_filter (class=org.apache.hadoop.http.lib.StaticUserWebFilter$StaticUserFilter) to context static
2024-01-14 16:58:49,818 [main] INFO  http.BaseHttpServer (BaseHttpServer.java:<init>(189)) - HTTP server of ozoneManager uses base directory /home/runner/work/ozone/ozone/hadoop-ozone/integration-test/target/test-dir/MiniOzoneClusterImpl-073b5688-48cc-4907-9326-51c03fe36003/ozone-meta/webserver
2024-01-14 16:58:49,818 [main] INFO  http.HttpServer2 (HttpServer2.java:bindListener(1236)) - Jetty bound to port 15094
2024-01-14 16:58:49,818 [main] INFO  server.Server (Server.java:doStart(375)) - jetty-9.4.53.v20231009; built: 2023-10-09T12:29:09.265Z; git: 27bde00a0b95a1d5bbee0eae7984f891d2d0f8c9; jvm 1.8.0_392-b08
2024-01-14 16:58:49,819 [main] INFO  server.session (DefaultSessionIdManager.java:doStart(334)) - DefaultSessionIdManager workerName=node0
2024-01-14 16:58:49,820 [main] INFO  server.session (DefaultSessionIdManager.java:doStart(339)) - No SessionScavenger set, using defaults
2024-01-14 16:58:49,820 [main] INFO  server.session (HouseKeeper.java:startScavenging(132)) - node0 Scavenging every 660000ms
2024-01-14 16:58:49,820 [main] INFO  handler.ContextHandler (ContextHandler.java:doStart(921)) - Started o.e.j.s.ServletContextHandler@7b677e33{logs,/logs,file:///home/runner/work/ozone/ozone/hadoop-ozone/integration-test/target/log,AVAILABLE}
2024-01-14 16:58:49,821 [main] INFO  handler.ContextHandler (ContextHandler.java:doStart(921)) - Started o.e.j.s.ServletContextHandler@2cd7dd2a{static,/static,file:///home/runner/work/ozone/ozone/hadoop-ozone/integration-test/target/test-classes/webapps/static,AVAILABLE}
2024-01-14 16:58:49,824 [main] INFO  handler.ContextHandler (ContextHandler.java:doStart(921)) - Started o.e.j.w.WebAppContext@283beaba{ozoneManager,/,file:///home/runner/work/ozone/ozone/hadoop-ozone/integration-test/target/test-classes/webapps/ozoneManager/,AVAILABLE}{file:/home/runner/work/ozone/ozone/hadoop-ozone/integration-test/target/test-classes/webapps/ozoneManager}
2024-01-14 16:58:49,826 [main] INFO  server.AbstractConnector (AbstractConnector.java:doStart(333)) - Started ServerConnector@22a36e2b{HTTP/1.1, (http/1.1)}{0.0.0.0:15094}
2024-01-14 16:58:49,826 [main] INFO  server.Server (Server.java:doStart(415)) - Started @49011ms
2024-01-14 16:58:49,826 [main] WARN  impl.MetricsSystemImpl (MetricsSystemImpl.java:register(279)) - Sink prometheus already exists!
2024-01-14 16:58:49,827 [main] INFO  http.BaseHttpServer (BaseHttpServer.java:updateConnectorAddress(354)) - HTTP server of ozoneManager listening at http://0.0.0.0:15094
2024-01-14 16:58:49,827 [IPC Server Responder] INFO  ipc.Server (Server.java:run(1562)) - IPC Server Responder: starting
2024-01-14 16:58:49,827 [IPC Server listener on 15093] INFO  ipc.Server (Server.java:run(1402)) - IPC Server listener on 15093: starting
2024-01-14 16:58:49,831 [main] INFO  om.OzoneManager (OzoneManager.java:startTrashEmptier(2094)) - Trash Interval set to 0. Files deleted won't move to trash
2024-01-14 16:58:49,853 [main] WARN  dropwizard3.Dm3MetricRegistriesImpl (Dm3MetricRegistriesImpl.java:addReporterRegistration(113)) - New reporters are added after registries were created. Some metrics will be missing from the reporter. Please add reporter before adding any new registry.
2024-01-14 16:58:49,853 [main] WARN  dropwizard3.Dm3MetricRegistriesImpl (Dm3MetricRegistriesImpl.java:addReporterRegistration(113)) - New reporters are added after registries were created. Some metrics will be missing from the reporter. Please add reporter before adding any new registry.
2024-01-14 16:58:49,853 [main] INFO  impl.MetricsSystemImpl (MetricsSystemImpl.java:init(158)) - HddsDatanode metrics system started (again)
2024-01-14 16:58:49,862 [main] INFO  ozone.HddsDatanodeService (HddsDatanodeService.java:start(239)) - HddsDatanodeService host:fv-az1248-16.lhg1ljel1gwudbpqdk5ar2pfag.bx.internal.cloudapp.net ip:10.1.0.34
2024-01-14 16:58:49,880 [main] INFO  upgrade.AbstractLayoutVersionManager (AbstractLayoutVersionManager.java:init(83)) - Initializing Layout version manager with metadata layout = HADOOP_PRC_PORTS_IN_DATANODEDETAILS (version = 7), software layout = HADOOP_PRC_PORTS_IN_DATANODEDETAILS (version = 7)
2024-01-14 16:58:49,881 [main] INFO  statemachine.DatanodeStateMachine (DatanodeStateMachine.java:getEndPointTaskThreadPoolSize(299)) - Datanode State Machine Task Thread Pool size 2
2024-01-14 16:58:49,882 [main] INFO  volume.HddsVolume (HddsVolume.java:<init>(125)) - Creating HddsVolume: /home/runner/work/ozone/ozone/hadoop-ozone/integration-test/target/test-dir/MiniOzoneClusterImpl-073b5688-48cc-4907-9326-51c03fe36003/datanode-0/data-0/containers/hdds of storage type : DISK capacity : 9223372036854775807
2024-01-14 16:58:49,882 [main] INFO  volume.MutableVolumeSet (MutableVolumeSet.java:initializeVolumeSet(173)) - Added Volume : /home/runner/work/ozone/ozone/hadoop-ozone/integration-test/target/test-dir/MiniOzoneClusterImpl-073b5688-48cc-4907-9326-51c03fe36003/datanode-0/data-0/containers/hdds to VolumeSet
2024-01-14 16:58:49,883 [main] INFO  volume.MutableVolumeSet (MutableVolumeSet.java:initializeVolumeSet(173)) - Added Volume : /home/runner/work/ozone/ozone/hadoop-ozone/integration-test/target/test-dir/MiniOzoneClusterImpl-073b5688-48cc-4907-9326-51c03fe36003/datanode-0/data/ratis to VolumeSet
2024-01-14 16:58:49,884 [main] INFO  ozoneimpl.OzoneContainer (HddsVolumeUtil.java:loadAllHddsVolumeDbStore(103)) - Load 1 volumes DbStore cost: 1ms
2024-01-14 16:58:49,884 [08cfce96-786e-4185-808c-4b09ee2338d3-ContainerReader-0] INFO  ozoneimpl.ContainerReader (ContainerReader.java:readVolume(178)) - Finish verifying containers on volume /home/runner/work/ozone/ozone/hadoop-ozone/integration-test/target/test-dir/MiniOzoneClusterImpl-073b5688-48cc-4907-9326-51c03fe36003/datanode-0/data-0/containers/hdds
2024-01-14 16:58:49,884 [main] INFO  ozoneimpl.OzoneContainer (OzoneContainer.java:buildContainerSet(328)) - Build ContainerSet costs 0s
2024-01-14 16:58:49,886 [main] INFO  server.RaftServer (ConfUtils.java:logGet(46)) - raft.rpc.type = GRPC (default)
2024-01-14 16:58:49,886 [main] INFO  grpc.GrpcConfigKeys (ConfUtils.java:logFallback(53)) - raft.grpc.admin.host = null (fallback to raft.grpc.server.host)
2024-01-14 16:58:49,886 [main] INFO  grpc.GrpcConfigKeys (ConfUtils.java:logGet(46)) - raft.grpc.admin.port = 15102 (custom)
2024-01-14 16:58:49,886 [main] INFO  grpc.GrpcConfigKeys (ConfUtils.java:logFallback(53)) - raft.grpc.client.host = null (fallback to raft.grpc.server.host)
2024-01-14 16:58:49,886 [main] INFO  grpc.GrpcConfigKeys (ConfUtils.java:logGet(46)) - raft.grpc.client.port = 15101 (custom)
2024-01-14 16:58:49,887 [main] INFO  grpc.GrpcConfigKeys (ConfUtils.java:logGet(46)) - raft.grpc.server.host = null (default)
2024-01-14 16:58:49,887 [main] INFO  grpc.GrpcConfigKeys (ConfUtils.java:logGet(46)) - raft.grpc.server.port = 15103 (custom)
2024-01-14 16:58:49,887 [main] INFO  server.GrpcService (ConfUtils.java:logGet(46)) - raft.grpc.message.size.max = 32MB (=33554432) (custom)
2024-01-14 16:58:49,887 [main] INFO  server.RaftServerConfigKeys (ConfUtils.java:logGet(46)) - raft.server.log.appender.buffer.byte-limit = 8388608 (custom)
2024-01-14 16:58:49,887 [main] INFO  server.GrpcService (ConfUtils.java:logGet(46)) - raft.grpc.flow.control.window = 5MB (=5242880) (custom)
2024-01-14 16:58:49,887 [main] INFO  server.RaftServerConfigKeys (ConfUtils.java:logGet(46)) - raft.server.rpc.request.timeout = 3000ms (default)
2024-01-14 16:58:49,887 [main] INFO  grpc.GrpcConfigKeys (ConfUtils.java:logGet(46)) - raft.grpc.server.heartbeat.channel = true (default)
2024-01-14 16:58:49,887 [main] INFO  grpc.GrpcConfigKeys (ConfUtils.java:logGet(46)) - raft.grpc.server.async.request.thread.pool.cached = true (default)
2024-01-14 16:58:49,887 [main] INFO  grpc.GrpcConfigKeys (ConfUtils.java:logGet(46)) - raft.grpc.server.async.request.thread.pool.size = 32 (default)
2024-01-14 16:58:49,890 [main] INFO  impl.DataStreamServerImpl (ConfUtils.java:logGet(46)) - raft.datastream.type = NETTY (custom)
2024-01-14 16:58:49,890 [main] INFO  server.RaftServerConfigKeys (ConfUtils.java:logGet(46)) - raft.server.data-stream.async.request.thread.pool.cached = false (default)
2024-01-14 16:58:49,890 [main] INFO  server.RaftServerConfigKeys (ConfUtils.java:logGet(46)) - raft.server.data-stream.async.request.thread.pool.size = 20 (custom)
2024-01-14 16:58:49,891 [main] INFO  server.RaftServerConfigKeys (ConfUtils.java:logGet(46)) - raft.server.data-stream.async.write.thread.pool.size = 16 (default)
2024-01-14 16:58:49,891 [main] INFO  netty.NettyConfigKeys$DataStream (ConfUtils.java:logGet(46)) - raft.netty.dataStream.server.channel.inactive.grace-period = 10min (default)
2024-01-14 16:58:49,891 [main] INFO  server.RaftServerConfigKeys (ConfUtils.java:logGet(46)) - raft.server.data-stream.client.pool.size = 10 (default)
2024-01-14 16:58:49,891 [main] INFO  netty.NettyConfigKeys$DataStream (ConfUtils.java:logGet(46)) - raft.netty.dataStream.server.use-epoll = true (default)
2024-01-14 16:58:49,891 [main] INFO  netty.NettyConfigKeys$DataStream (ConfUtils.java:logGet(46)) - raft.netty.dataStream.server.boss-group.size = 0 (default)
2024-01-14 16:58:49,892 [main] INFO  netty.NettyUtils (NettyUtils.java:newEventLoopGroup(69)) - Create EpollEventLoopGroup for 08cfce96-786e-4185-808c-4b09ee2338d3-NettyServerStreamRpc-bossGroup; Thread size is 0.
2024-01-14 16:58:49,892 [main] INFO  netty.NettyConfigKeys$DataStream (ConfUtils.java:logGet(46)) - raft.netty.dataStream.server.worker-group.size = 0 (default)
2024-01-14 16:58:49,892 [main] INFO  netty.NettyUtils (NettyUtils.java:newEventLoopGroup(69)) - Create EpollEventLoopGroup for 08cfce96-786e-4185-808c-4b09ee2338d3-NettyServerStreamRpc-workerGroup; Thread size is 0.
2024-01-14 16:58:49,893 [main] INFO  netty.NettyConfigKeys$DataStream (ConfUtils.java:logGet(46)) - raft.netty.dataStream.server.tls.conf = null (default)
2024-01-14 16:58:49,893 [main] INFO  netty.NettyConfigKeys$DataStream (ConfUtils.java:logGet(46)) - raft.netty.dataStream.host = null (default)
2024-01-14 16:58:49,893 [main] INFO  netty.NettyConfigKeys$DataStream (ConfUtils.java:logGet(46)) - raft.netty.dataStream.port = 15104 (custom)
2024-01-14 16:58:49,894 [main] INFO  server.RaftServerConfigKeys (ConfUtils.java:logGet(46)) - raft.server.sleep.deviation.threshold = 300ms (default)
2024-01-14 16:58:49,894 [main] INFO  server.RaftServerConfigKeys (ConfUtils.java:logGet(46)) - raft.server.close.threshold = 60s (default)
2024-01-14 16:58:49,894 [main] INFO  server.RaftServerConfigKeys (ConfUtils.java:logGet(46)) - raft.server.leaderelection.leader.step-down.wait-time = 10s (default)
2024-01-14 16:58:49,895 [main] INFO  server.RaftServerConfigKeys (ConfUtils.java:logGet(46)) - raft.server.storage.dir = [/home/runner/work/ozone/ozone/hadoop-ozone/integration-test/target/test-dir/MiniOzoneClusterImpl-073b5688-48cc-4907-9326-51c03fe36003/datanode-0/data/ratis] (custom)
2024-01-14 16:58:49,895 [main] INFO  server.RaftServerConfigKeys (ConfUtils.java:logGet(46)) - raft.server.threadpool.proxy.cached = true (default)
2024-01-14 16:58:49,895 [main] INFO  server.RaftServerConfigKeys (ConfUtils.java:logGet(46)) - raft.server.threadpool.proxy.size = 0 (default)
2024-01-14 16:58:49,895 [08cfce96-786e-4185-808c-4b09ee2338d3-NettyServerStreamRpc-bossGroup--thread1] INFO  logging.LoggingHandler (AbstractInternalLogger.java:log(148)) - [id: 0x94adc3ed] REGISTERED
2024-01-14 16:58:49,896 [08cfce96-786e-4185-808c-4b09ee2338d3-NettyServerStreamRpc-bossGroup--thread1] INFO  logging.LoggingHandler (AbstractInternalLogger.java:log(148)) - [id: 0x94adc3ed] BIND: 0.0.0.0/0.0.0.0:15104
2024-01-14 16:58:49,896 [08cfce96-786e-4185-808c-4b09ee2338d3-NettyServerStreamRpc-bossGroup--thread1] INFO  logging.LoggingHandler (AbstractInternalLogger.java:log(148)) - [id: 0x94adc3ed, L:/0.0.0.0:15104] ACTIVE
2024-01-14 16:58:49,897 [08cfce96-786e-4185-808c-4b09ee2338d3-impl-thread1] INFO  server.RaftServer (RaftServerProxy.java:initGroupDir(264)) - 08cfce96-786e-4185-808c-4b09ee2338d3: found a subdirectory /home/runner/work/ozone/ozone/hadoop-ozone/integration-test/target/test-dir/MiniOzoneClusterImpl-073b5688-48cc-4907-9326-51c03fe36003/datanode-0/data/ratis/tmp
2024-01-14 16:58:49,898 [08cfce96-786e-4185-808c-4b09ee2338d3-impl-thread1] INFO  server.RaftServer (RaftServerProxy.java:initGroupDir(269)) - 08cfce96-786e-4185-808c-4b09ee2338d3: The directory /home/runner/work/ozone/ozone/hadoop-ozone/integration-test/target/test-dir/MiniOzoneClusterImpl-073b5688-48cc-4907-9326-51c03fe36003/datanode-0/data/ratis/tmp is not a group directory; ignoring it. 
2024-01-14 16:58:49,898 [main] INFO  replication.ReplicationServer (ReplicationServer.java:<init>(85)) - Initializing replication server with thread count = 10 queue length = 4096
2024-01-14 16:58:49,900 [main] INFO  server.XceiverServerGrpc (XceiverServerGrpc.java:<init>(141)) - GrpcServer channel type EpollServerSocketChannel
2024-01-14 16:58:49,902 [main] INFO  replication.ReplicationSupervisor (ReplicationSupervisor.java:build(163)) - Initializing replication supervisor with thread count = 10
2024-01-14 16:58:49,902 [main] INFO  replication.ReplicationSupervisor (ReplicationSupervisor.java:nodeStateUpdated(317)) - Node state updated to IN_SERVICE, scaling executor pool size to 10
2024-01-14 16:58:49,904 [main] INFO  http.BaseHttpServer (BaseHttpServer.java:newHttpServer2BuilderForOzone(223)) - Starting Web-server for hddsDatanode at: http://0.0.0.0:15098
2024-01-14 16:58:49,904 [main] INFO  http.BaseHttpServer (BaseHttpServer.java:<init>(110)) - Hadoop Security Enabled: false Ozone Security Enabled: false Ozone HTTP Security Enabled: false 
2024-01-14 16:58:49,906 [main] WARN  server.AuthenticationFilter (AuthenticationFilter.java:constructSecretProvider(240)) - Unable to initialize FileSignerSecretProvider, falling back to use random secrets. Reason: Could not read signature secret file: /home/runner/hadoop-http-auth-signature-secret
2024-01-14 16:58:49,906 [main] INFO  http.HttpRequestLog (HttpRequestLog.java:getRequestLog(86)) - Http request log for http.requests.hddsDatanode is not defined
2024-01-14 16:58:49,907 [main] INFO  http.HttpServer2 (HttpServer2.java:addGlobalFilter(1036)) - Added global filter 'safety' (class=org.apache.hadoop.hdds.server.http.HttpServer2$QuotingInputFilter)
2024-01-14 16:58:49,908 [main] INFO  http.HttpServer2 (HttpServer2.java:addFilter(1012)) - Added filter static_user_filter (class=org.apache.hadoop.http.lib.StaticUserWebFilter$StaticUserFilter) to context hddsDatanode
2024-01-14 16:58:49,908 [main] INFO  http.HttpServer2 (HttpServer2.java:addFilter(1020)) - Added filter static_user_filter (class=org.apache.hadoop.http.lib.StaticUserWebFilter$StaticUserFilter) to context logs
2024-01-14 16:58:49,908 [main] INFO  http.HttpServer2 (HttpServer2.java:addFilter(1020)) - Added filter static_user_filter (class=org.apache.hadoop.http.lib.StaticUserWebFilter$StaticUserFilter) to context static
2024-01-14 16:58:49,908 [main] INFO  http.BaseHttpServer (BaseHttpServer.java:<init>(189)) - HTTP server of hddsDatanode uses base directory /home/runner/work/ozone/ozone/hadoop-ozone/integration-test/target/test-dir/MiniOzoneClusterImpl-073b5688-48cc-4907-9326-51c03fe36003/datanode-0/meta/webserver
2024-01-14 16:58:49,909 [main] INFO  http.HttpServer2 (HttpServer2.java:bindListener(1236)) - Jetty bound to port 15098
2024-01-14 16:58:49,909 [main] INFO  server.Server (Server.java:doStart(375)) - jetty-9.4.53.v20231009; built: 2023-10-09T12:29:09.265Z; git: 27bde00a0b95a1d5bbee0eae7984f891d2d0f8c9; jvm 1.8.0_392-b08
2024-01-14 16:58:49,910 [main] INFO  server.session (DefaultSessionIdManager.java:doStart(334)) - DefaultSessionIdManager workerName=node0
2024-01-14 16:58:49,910 [main] INFO  server.session (DefaultSessionIdManager.java:doStart(339)) - No SessionScavenger set, using defaults
2024-01-14 16:58:49,910 [main] INFO  server.session (HouseKeeper.java:startScavenging(132)) - node0 Scavenging every 660000ms
2024-01-14 16:58:49,910 [main] INFO  handler.ContextHandler (ContextHandler.java:doStart(921)) - Started o.e.j.s.ServletContextHandler@7187b832{logs,/logs,file:///home/runner/work/ozone/ozone/hadoop-ozone/integration-test/target/log,AVAILABLE}
2024-01-14 16:58:49,911 [main] INFO  handler.ContextHandler (ContextHandler.java:doStart(921)) - Started o.e.j.s.ServletContextHandler@54679e5a{static,/static,jar:file:/home/runner/.m2/repository/org/apache/ozone/hdds-container-service/1.5.0-SNAPSHOT/hdds-container-service-1.5.0-SNAPSHOT.jar!/webapps/static,AVAILABLE}
2024-01-14 16:58:49,944 [main] INFO  handler.ContextHandler (ContextHandler.java:doStart(921)) - Started o.e.j.w.WebAppContext@1421e0d4{hddsDatanode,/,file:///home/runner/work/ozone/ozone/hadoop-ozone/integration-test/target/test-dir/MiniOzoneClusterImpl-073b5688-48cc-4907-9326-51c03fe36003/datanode-0/meta/webserver/jetty-0_0_0_0-15098-hdds-container-service-1_5_0-SNAPSHOT_jar-_-any-9147828031787853388/webapp/,AVAILABLE}{jar:file:/home/runner/.m2/repository/org/apache/ozone/hdds-container-service/1.5.0-SNAPSHOT/hdds-container-service-1.5.0-SNAPSHOT.jar!/webapps/hddsDatanode}
2024-01-14 16:58:49,946 [main] INFO  server.AbstractConnector (AbstractConnector.java:doStart(333)) - Started ServerConnector@67b95f82{HTTP/1.1, (http/1.1)}{0.0.0.0:15098}
2024-01-14 16:58:49,946 [main] INFO  server.Server (Server.java:doStart(415)) - Started @49131ms
2024-01-14 16:58:49,947 [main] WARN  impl.MetricsSystemImpl (MetricsSystemImpl.java:register(279)) - Sink prometheus already exists!
2024-01-14 16:58:49,947 [main] INFO  http.BaseHttpServer (BaseHttpServer.java:updateConnectorAddress(354)) - HTTP server of hddsDatanode listening at http://0.0.0.0:15098
2024-01-14 16:58:49,947 [main] INFO  ipc.CallQueueManager (CallQueueManager.java:<init>(90)) - Using callQueue: class java.util.concurrent.LinkedBlockingQueue, queueCapacity: 100, scheduler: class org.apache.hadoop.ipc.DefaultRpcScheduler, ipcBackoff: false.
2024-01-14 16:58:49,948 [main] INFO  ipc.Server (Server.java:<init>(1287)) - Listener at 0.0.0.0:15099
2024-01-14 16:58:49,948 [Socket Reader #1 for port 15099] INFO  ipc.Server (Server.java:run(1323)) - Starting Socket Reader #1 for port 15099
2024-01-14 16:58:49,950 [main] INFO  ozone.HddsDatanodeService (HddsDatanodeService.java:start(324)) - Datanode start with admins: [runner]
2024-01-14 16:58:49,950 [main] INFO  ozone.HddsDatanodeClientProtocolServer (HddsDatanodeClientProtocolServer.java:start(72)) - RPC server for Client /0.0.0.0:15099
2024-01-14 16:58:49,950 [IPC Server Responder] INFO  ipc.Server (Server.java:run(1562)) - IPC Server Responder: starting
2024-01-14 16:58:49,951 [IPC Server listener on 15099] INFO  ipc.Server (Server.java:run(1402)) - IPC Server listener on 15099: starting
2024-01-14 16:58:49,954 [08cfce96-786e-4185-808c-4b09ee2338d3-DatanodeStateMachineDaemonThread] INFO  statemachine.DatanodeStateMachine (DatanodeStateMachine.java:lambda$startDaemon$1(555)) - Ozone container server started.
2024-01-14 16:58:49,954 [main] WARN  dropwizard3.Dm3MetricRegistriesImpl (Dm3MetricRegistriesImpl.java:addReporterRegistration(113)) - New reporters are added after registries were created. Some metrics will be missing from the reporter. Please add reporter before adding any new registry.
2024-01-14 16:58:49,955 [main] WARN  dropwizard3.Dm3MetricRegistriesImpl (Dm3MetricRegistriesImpl.java:addReporterRegistration(113)) - New reporters are added after registries were created. Some metrics will be missing from the reporter. Please add reporter before adding any new registry.
2024-01-14 16:58:49,955 [main] INFO  impl.MetricsSystemImpl (MetricsSystemImpl.java:init(158)) - HddsDatanode metrics system started (again)
2024-01-14 16:58:49,958 [08cfce96-786e-4185-808c-4b09ee2338d3-DatanodeStateMachineTaskThread-0] INFO  datanode.InitDatanodeState (InitDatanodeState.java:persistContainerDatanodeDetails(139)) - DatanodeDetails is persisted to /home/runner/work/ozone/ozone/hadoop-ozone/integration-test/target/test-dir/MiniOzoneClusterImpl-073b5688-48cc-4907-9326-51c03fe36003/datanode-0/meta/datanode.id
2024-01-14 16:58:49,964 [main] INFO  ozone.HddsDatanodeService (HddsDatanodeService.java:start(239)) - HddsDatanodeService host:fv-az1248-16.lhg1ljel1gwudbpqdk5ar2pfag.bx.internal.cloudapp.net ip:10.1.0.34
2024-01-14 16:58:49,980 [main] INFO  upgrade.AbstractLayoutVersionManager (AbstractLayoutVersionManager.java:init(83)) - Initializing Layout version manager with metadata layout = HADOOP_PRC_PORTS_IN_DATANODEDETAILS (version = 7), software layout = HADOOP_PRC_PORTS_IN_DATANODEDETAILS (version = 7)
2024-01-14 16:58:49,980 [main] INFO  statemachine.DatanodeStateMachine (DatanodeStateMachine.java:getEndPointTaskThreadPoolSize(299)) - Datanode State Machine Task Thread Pool size 2
2024-01-14 16:58:49,981 [main] INFO  volume.HddsVolume (HddsVolume.java:<init>(125)) - Creating HddsVolume: /home/runner/work/ozone/ozone/hadoop-ozone/integration-test/target/test-dir/MiniOzoneClusterImpl-073b5688-48cc-4907-9326-51c03fe36003/datanode-1/data-0/containers/hdds of storage type : DISK capacity : 9223372036854775807
2024-01-14 16:58:49,981 [main] INFO  volume.MutableVolumeSet (MutableVolumeSet.java:initializeVolumeSet(173)) - Added Volume : /home/runner/work/ozone/ozone/hadoop-ozone/integration-test/target/test-dir/MiniOzoneClusterImpl-073b5688-48cc-4907-9326-51c03fe36003/datanode-1/data-0/containers/hdds to VolumeSet
2024-01-14 16:58:49,982 [main] INFO  volume.MutableVolumeSet (MutableVolumeSet.java:initializeVolumeSet(173)) - Added Volume : /home/runner/work/ozone/ozone/hadoop-ozone/integration-test/target/test-dir/MiniOzoneClusterImpl-073b5688-48cc-4907-9326-51c03fe36003/datanode-1/data/ratis to VolumeSet
2024-01-14 16:58:49,982 [main] INFO  ozoneimpl.OzoneContainer (HddsVolumeUtil.java:loadAllHddsVolumeDbStore(103)) - Load 1 volumes DbStore cost: 0ms
2024-01-14 16:58:49,983 [56641f86-a9c9-430f-8bf6-dc57d718c7d6-ContainerReader-0] INFO  ozoneimpl.ContainerReader (ContainerReader.java:readVolume(178)) - Finish verifying containers on volume /home/runner/work/ozone/ozone/hadoop-ozone/integration-test/target/test-dir/MiniOzoneClusterImpl-073b5688-48cc-4907-9326-51c03fe36003/datanode-1/data-0/containers/hdds
2024-01-14 16:58:49,983 [main] INFO  ozoneimpl.OzoneContainer (OzoneContainer.java:buildContainerSet(328)) - Build ContainerSet costs 0s
2024-01-14 16:58:49,985 [main] INFO  server.RaftServer (ConfUtils.java:logGet(46)) - raft.rpc.type = GRPC (default)
2024-01-14 16:58:49,985 [main] INFO  grpc.GrpcConfigKeys (ConfUtils.java:logFallback(53)) - raft.grpc.admin.host = null (fallback to raft.grpc.server.host)
2024-01-14 16:58:49,985 [main] INFO  grpc.GrpcConfigKeys (ConfUtils.java:logGet(46)) - raft.grpc.admin.port = 15111 (custom)
2024-01-14 16:58:49,985 [main] INFO  grpc.GrpcConfigKeys (ConfUtils.java:logFallback(53)) - raft.grpc.client.host = null (fallback to raft.grpc.server.host)
2024-01-14 16:58:49,985 [main] INFO  grpc.GrpcConfigKeys (ConfUtils.java:logGet(46)) - raft.grpc.client.port = 15110 (custom)
2024-01-14 16:58:49,985 [main] INFO  grpc.GrpcConfigKeys (ConfUtils.java:logGet(46)) - raft.grpc.server.host = null (default)
2024-01-14 16:58:49,985 [main] INFO  grpc.GrpcConfigKeys (ConfUtils.java:logGet(46)) - raft.grpc.server.port = 15112 (custom)
2024-01-14 16:58:49,986 [main] INFO  server.GrpcService (ConfUtils.java:logGet(46)) - raft.grpc.message.size.max = 32MB (=33554432) (custom)
2024-01-14 16:58:49,986 [main] INFO  server.RaftServerConfigKeys (ConfUtils.java:logGet(46)) - raft.server.log.appender.buffer.byte-limit = 8388608 (custom)
2024-01-14 16:58:49,986 [main] INFO  server.GrpcService (ConfUtils.java:logGet(46)) - raft.grpc.flow.control.window = 5MB (=5242880) (custom)
2024-01-14 16:58:49,986 [main] INFO  server.RaftServerConfigKeys (ConfUtils.java:logGet(46)) - raft.server.rpc.request.timeout = 3000ms (default)
2024-01-14 16:58:49,986 [main] INFO  grpc.GrpcConfigKeys (ConfUtils.java:logGet(46)) - raft.grpc.server.heartbeat.channel = true (default)
2024-01-14 16:58:49,986 [main] INFO  grpc.GrpcConfigKeys (ConfUtils.java:logGet(46)) - raft.grpc.server.async.request.thread.pool.cached = true (default)
2024-01-14 16:58:49,986 [main] INFO  grpc.GrpcConfigKeys (ConfUtils.java:logGet(46)) - raft.grpc.server.async.request.thread.pool.size = 32 (default)
2024-01-14 16:58:49,988 [main] INFO  impl.DataStreamServerImpl (ConfUtils.java:logGet(46)) - raft.datastream.type = NETTY (custom)
2024-01-14 16:58:49,988 [main] INFO  server.RaftServerConfigKeys (ConfUtils.java:logGet(46)) - raft.server.data-stream.async.request.thread.pool.cached = false (default)
2024-01-14 16:58:49,988 [main] INFO  server.RaftServerConfigKeys (ConfUtils.java:logGet(46)) - raft.server.data-stream.async.request.thread.pool.size = 20 (custom)
2024-01-14 16:58:49,989 [main] INFO  server.RaftServerConfigKeys (ConfUtils.java:logGet(46)) - raft.server.data-stream.async.write.thread.pool.size = 16 (default)
2024-01-14 16:58:49,989 [main] INFO  netty.NettyConfigKeys$DataStream (ConfUtils.java:logGet(46)) - raft.netty.dataStream.server.channel.inactive.grace-period = 10min (default)
2024-01-14 16:58:49,989 [main] INFO  server.RaftServerConfigKeys (ConfUtils.java:logGet(46)) - raft.server.data-stream.client.pool.size = 10 (default)
2024-01-14 16:58:49,989 [main] INFO  netty.NettyConfigKeys$DataStream (ConfUtils.java:logGet(46)) - raft.netty.dataStream.server.use-epoll = true (default)
2024-01-14 16:58:49,989 [main] INFO  netty.NettyConfigKeys$DataStream (ConfUtils.java:logGet(46)) - raft.netty.dataStream.server.boss-group.size = 0 (default)
2024-01-14 16:58:49,989 [main] INFO  netty.NettyUtils (NettyUtils.java:newEventLoopGroup(69)) - Create EpollEventLoopGroup for 56641f86-a9c9-430f-8bf6-dc57d718c7d6-NettyServerStreamRpc-bossGroup; Thread size is 0.
2024-01-14 16:58:49,990 [main] INFO  netty.NettyConfigKeys$DataStream (ConfUtils.java:logGet(46)) - raft.netty.dataStream.server.worker-group.size = 0 (default)
2024-01-14 16:58:49,990 [main] INFO  netty.NettyUtils (NettyUtils.java:newEventLoopGroup(69)) - Create EpollEventLoopGroup for 56641f86-a9c9-430f-8bf6-dc57d718c7d6-NettyServerStreamRpc-workerGroup; Thread size is 0.
2024-01-14 16:58:49,990 [main] INFO  netty.NettyConfigKeys$DataStream (ConfUtils.java:logGet(46)) - raft.netty.dataStream.server.tls.conf = null (default)
2024-01-14 16:58:49,990 [main] INFO  netty.NettyConfigKeys$DataStream (ConfUtils.java:logGet(46)) - raft.netty.dataStream.host = null (default)
2024-01-14 16:58:49,990 [main] INFO  netty.NettyConfigKeys$DataStream (ConfUtils.java:logGet(46)) - raft.netty.dataStream.port = 15113 (custom)
2024-01-14 16:58:49,991 [main] INFO  server.RaftServerConfigKeys (ConfUtils.java:logGet(46)) - raft.server.sleep.deviation.threshold = 300ms (default)
2024-01-14 16:58:49,991 [main] INFO  server.RaftServerConfigKeys (ConfUtils.java:logGet(46)) - raft.server.close.threshold = 60s (default)
2024-01-14 16:58:49,991 [main] INFO  server.RaftServerConfigKeys (ConfUtils.java:logGet(46)) - raft.server.leaderelection.leader.step-down.wait-time = 10s (default)
2024-01-14 16:58:49,991 [56641f86-a9c9-430f-8bf6-dc57d718c7d6-NettyServerStreamRpc-bossGroup--thread1] INFO  logging.LoggingHandler (AbstractInternalLogger.java:log(148)) - [id: 0xe2124f1f] REGISTERED
2024-01-14 16:58:49,991 [main] INFO  server.RaftServerConfigKeys (ConfUtils.java:logGet(46)) - raft.server.storage.dir = [/home/runner/work/ozone/ozone/hadoop-ozone/integration-test/target/test-dir/MiniOzoneClusterImpl-073b5688-48cc-4907-9326-51c03fe36003/datanode-1/data/ratis] (custom)
2024-01-14 16:58:49,992 [56641f86-a9c9-430f-8bf6-dc57d718c7d6-NettyServerStreamRpc-bossGroup--thread1] INFO  logging.LoggingHandler (AbstractInternalLogger.java:log(148)) - [id: 0xe2124f1f] BIND: 0.0.0.0/0.0.0.0:15113
2024-01-14 16:58:49,992 [main] INFO  server.RaftServerConfigKeys (ConfUtils.java:logGet(46)) - raft.server.threadpool.proxy.cached = true (default)
2024-01-14 16:58:49,992 [56641f86-a9c9-430f-8bf6-dc57d718c7d6-NettyServerStreamRpc-bossGroup--thread1] INFO  logging.LoggingHandler (AbstractInternalLogger.java:log(148)) - [id: 0xe2124f1f, L:/0.0.0.0:15113] ACTIVE
2024-01-14 16:58:49,992 [main] INFO  server.RaftServerConfigKeys (ConfUtils.java:logGet(46)) - raft.server.threadpool.proxy.size = 0 (default)
2024-01-14 16:58:49,992 [56641f86-a9c9-430f-8bf6-dc57d718c7d6-impl-thread1] INFO  server.RaftServer (RaftServerProxy.java:initGroupDir(264)) - 56641f86-a9c9-430f-8bf6-dc57d718c7d6: found a subdirectory /home/runner/work/ozone/ozone/hadoop-ozone/integration-test/target/test-dir/MiniOzoneClusterImpl-073b5688-48cc-4907-9326-51c03fe36003/datanode-1/data/ratis/tmp
2024-01-14 16:58:49,992 [56641f86-a9c9-430f-8bf6-dc57d718c7d6-impl-thread1] INFO  server.RaftServer (RaftServerProxy.java:initGroupDir(269)) - 56641f86-a9c9-430f-8bf6-dc57d718c7d6: The directory /home/runner/work/ozone/ozone/hadoop-ozone/integration-test/target/test-dir/MiniOzoneClusterImpl-073b5688-48cc-4907-9326-51c03fe36003/datanode-1/data/ratis/tmp is not a group directory; ignoring it. 
2024-01-14 16:58:49,993 [main] INFO  replication.ReplicationServer (ReplicationServer.java:<init>(85)) - Initializing replication server with thread count = 10 queue length = 4096
2024-01-14 16:58:49,994 [main] INFO  server.XceiverServerGrpc (XceiverServerGrpc.java:<init>(141)) - GrpcServer channel type EpollServerSocketChannel
2024-01-14 16:58:49,995 [main] INFO  replication.ReplicationSupervisor (ReplicationSupervisor.java:build(163)) - Initializing replication supervisor with thread count = 10
2024-01-14 16:58:49,995 [main] INFO  replication.ReplicationSupervisor (ReplicationSupervisor.java:nodeStateUpdated(317)) - Node state updated to IN_SERVICE, scaling executor pool size to 10
2024-01-14 16:58:49,997 [main] INFO  http.BaseHttpServer (BaseHttpServer.java:newHttpServer2BuilderForOzone(223)) - Starting Web-server for hddsDatanode at: http://0.0.0.0:15107
2024-01-14 16:58:49,997 [main] INFO  http.BaseHttpServer (BaseHttpServer.java:<init>(110)) - Hadoop Security Enabled: false Ozone Security Enabled: false Ozone HTTP Security Enabled: false 
2024-01-14 16:58:49,998 [main] WARN  server.AuthenticationFilter (AuthenticationFilter.java:constructSecretProvider(240)) - Unable to initialize FileSignerSecretProvider, falling back to use random secrets. Reason: Could not read signature secret file: /home/runner/hadoop-http-auth-signature-secret
2024-01-14 16:58:49,999 [main] INFO  http.HttpRequestLog (HttpRequestLog.java:getRequestLog(86)) - Http request log for http.requests.hddsDatanode is not defined
2024-01-14 16:58:50,000 [main] INFO  http.HttpServer2 (HttpServer2.java:addGlobalFilter(1036)) - Added global filter 'safety' (class=org.apache.hadoop.hdds.server.http.HttpServer2$QuotingInputFilter)
2024-01-14 16:58:50,001 [main] INFO  http.HttpServer2 (HttpServer2.java:addFilter(1012)) - Added filter static_user_filter (class=org.apache.hadoop.http.lib.StaticUserWebFilter$StaticUserFilter) to context hddsDatanode
2024-01-14 16:58:50,001 [main] INFO  http.HttpServer2 (HttpServer2.java:addFilter(1020)) - Added filter static_user_filter (class=org.apache.hadoop.http.lib.StaticUserWebFilter$StaticUserFilter) to context static
2024-01-14 16:58:50,005 [main] INFO  http.HttpServer2 (HttpServer2.java:addFilter(1020)) - Added filter static_user_filter (class=org.apache.hadoop.http.lib.StaticUserWebFilter$StaticUserFilter) to context logs
2024-01-14 16:58:50,006 [main] INFO  http.BaseHttpServer (BaseHttpServer.java:<init>(189)) - HTTP server of hddsDatanode uses base directory /home/runner/work/ozone/ozone/hadoop-ozone/integration-test/target/test-dir/MiniOzoneClusterImpl-073b5688-48cc-4907-9326-51c03fe36003/datanode-1/meta/webserver
2024-01-14 16:58:50,006 [main] INFO  http.HttpServer2 (HttpServer2.java:bindListener(1236)) - Jetty bound to port 15107
2024-01-14 16:58:50,006 [main] INFO  server.Server (Server.java:doStart(375)) - jetty-9.4.53.v20231009; built: 2023-10-09T12:29:09.265Z; git: 27bde00a0b95a1d5bbee0eae7984f891d2d0f8c9; jvm 1.8.0_392-b08
2024-01-14 16:58:50,008 [main] INFO  server.session (DefaultSessionIdManager.java:doStart(334)) - DefaultSessionIdManager workerName=node0
2024-01-14 16:58:50,008 [main] INFO  server.session (DefaultSessionIdManager.java:doStart(339)) - No SessionScavenger set, using defaults
2024-01-14 16:58:50,008 [main] INFO  server.session (HouseKeeper.java:startScavenging(132)) - node0 Scavenging every 660000ms
2024-01-14 16:58:50,009 [main] INFO  handler.ContextHandler (ContextHandler.java:doStart(921)) - Started o.e.j.s.ServletContextHandler@71cbbfd4{logs,/logs,file:///home/runner/work/ozone/ozone/hadoop-ozone/integration-test/target/log,AVAILABLE}
2024-01-14 16:58:50,010 [main] INFO  handler.ContextHandler (ContextHandler.java:doStart(921)) - Started o.e.j.s.ServletContextHandler@2fe25800{static,/static,jar:file:/home/runner/.m2/repository/org/apache/ozone/hdds-container-service/1.5.0-SNAPSHOT/hdds-container-service-1.5.0-SNAPSHOT.jar!/webapps/static,AVAILABLE}
2024-01-14 16:58:50,042 [main] INFO  handler.ContextHandler (ContextHandler.java:doStart(921)) - Started o.e.j.w.WebAppContext@765ac7f6{hddsDatanode,/,file:///home/runner/work/ozone/ozone/hadoop-ozone/integration-test/target/test-dir/MiniOzoneClusterImpl-073b5688-48cc-4907-9326-51c03fe36003/datanode-1/meta/webserver/jetty-0_0_0_0-15107-hdds-container-service-1_5_0-SNAPSHOT_jar-_-any-2717795820381000915/webapp/,AVAILABLE}{jar:file:/home/runner/.m2/repository/org/apache/ozone/hdds-container-service/1.5.0-SNAPSHOT/hdds-container-service-1.5.0-SNAPSHOT.jar!/webapps/hddsDatanode}
2024-01-14 16:58:50,044 [main] INFO  server.AbstractConnector (AbstractConnector.java:doStart(333)) - Started ServerConnector@79b8641b{HTTP/1.1, (http/1.1)}{0.0.0.0:15107}
2024-01-14 16:58:50,045 [main] INFO  server.Server (Server.java:doStart(415)) - Started @49229ms
2024-01-14 16:58:50,045 [main] WARN  impl.MetricsSystemImpl (MetricsSystemImpl.java:register(279)) - Sink prometheus already exists!
2024-01-14 16:58:50,045 [main] INFO  http.BaseHttpServer (BaseHttpServer.java:updateConnectorAddress(354)) - HTTP server of hddsDatanode listening at http://0.0.0.0:15107
2024-01-14 16:58:50,046 [main] INFO  ipc.CallQueueManager (CallQueueManager.java:<init>(90)) - Using callQueue: class java.util.concurrent.LinkedBlockingQueue, queueCapacity: 100, scheduler: class org.apache.hadoop.ipc.DefaultRpcScheduler, ipcBackoff: false.
2024-01-14 16:58:50,046 [main] INFO  ipc.Server (Server.java:<init>(1287)) - Listener at 0.0.0.0:15108
2024-01-14 16:58:50,046 [Socket Reader #1 for port 15108] INFO  ipc.Server (Server.java:run(1323)) - Starting Socket Reader #1 for port 15108
2024-01-14 16:58:50,050 [main] INFO  ozone.HddsDatanodeService (HddsDatanodeService.java:start(324)) - Datanode start with admins: [runner]
2024-01-14 16:58:50,051 [main] INFO  ozone.HddsDatanodeClientProtocolServer (HddsDatanodeClientProtocolServer.java:start(72)) - RPC server for Client /0.0.0.0:15108
2024-01-14 16:58:50,051 [IPC Server Responder] INFO  ipc.Server (Server.java:run(1562)) - IPC Server Responder: starting
2024-01-14 16:58:50,053 [IPC Server listener on 15108] INFO  ipc.Server (Server.java:run(1402)) - IPC Server listener on 15108: starting
2024-01-14 16:58:50,053 [56641f86-a9c9-430f-8bf6-dc57d718c7d6-DatanodeStateMachineDaemonThread] INFO  statemachine.DatanodeStateMachine (DatanodeStateMachine.java:lambda$startDaemon$1(555)) - Ozone container server started.
2024-01-14 16:58:50,054 [main] WARN  dropwizard3.Dm3MetricRegistriesImpl (Dm3MetricRegistriesImpl.java:addReporterRegistration(113)) - New reporters are added after registries were created. Some metrics will be missing from the reporter. Please add reporter before adding any new registry.
2024-01-14 16:58:50,054 [main] WARN  dropwizard3.Dm3MetricRegistriesImpl (Dm3MetricRegistriesImpl.java:addReporterRegistration(113)) - New reporters are added after registries were created. Some metrics will be missing from the reporter. Please add reporter before adding any new registry.
2024-01-14 16:58:50,055 [main] INFO  impl.MetricsSystemImpl (MetricsSystemImpl.java:init(158)) - HddsDatanode metrics system started (again)
2024-01-14 16:58:50,058 [56641f86-a9c9-430f-8bf6-dc57d718c7d6-DatanodeStateMachineTaskThread-0] INFO  datanode.InitDatanodeState (InitDatanodeState.java:persistContainerDatanodeDetails(139)) - DatanodeDetails is persisted to /home/runner/work/ozone/ozone/hadoop-ozone/integration-test/target/test-dir/MiniOzoneClusterImpl-073b5688-48cc-4907-9326-51c03fe36003/datanode-1/meta/datanode.id
2024-01-14 16:58:50,064 [main] INFO  ozone.HddsDatanodeService (HddsDatanodeService.java:start(239)) - HddsDatanodeService host:fv-az1248-16.lhg1ljel1gwudbpqdk5ar2pfag.bx.internal.cloudapp.net ip:10.1.0.34
2024-01-14 16:58:50,081 [main] INFO  upgrade.AbstractLayoutVersionManager (AbstractLayoutVersionManager.java:init(83)) - Initializing Layout version manager with metadata layout = HADOOP_PRC_PORTS_IN_DATANODEDETAILS (version = 7), software layout = HADOOP_PRC_PORTS_IN_DATANODEDETAILS (version = 7)
2024-01-14 16:58:50,082 [main] INFO  statemachine.DatanodeStateMachine (DatanodeStateMachine.java:getEndPointTaskThreadPoolSize(299)) - Datanode State Machine Task Thread Pool size 2
2024-01-14 16:58:50,083 [main] INFO  volume.HddsVolume (HddsVolume.java:<init>(125)) - Creating HddsVolume: /home/runner/work/ozone/ozone/hadoop-ozone/integration-test/target/test-dir/MiniOzoneClusterImpl-073b5688-48cc-4907-9326-51c03fe36003/datanode-2/data-0/containers/hdds of storage type : DISK capacity : 9223372036854775807
2024-01-14 16:58:50,084 [main] INFO  volume.MutableVolumeSet (MutableVolumeSet.java:initializeVolumeSet(173)) - Added Volume : /home/runner/work/ozone/ozone/hadoop-ozone/integration-test/target/test-dir/MiniOzoneClusterImpl-073b5688-48cc-4907-9326-51c03fe36003/datanode-2/data-0/containers/hdds to VolumeSet
2024-01-14 16:58:50,084 [main] INFO  volume.MutableVolumeSet (MutableVolumeSet.java:initializeVolumeSet(173)) - Added Volume : /home/runner/work/ozone/ozone/hadoop-ozone/integration-test/target/test-dir/MiniOzoneClusterImpl-073b5688-48cc-4907-9326-51c03fe36003/datanode-2/data/ratis to VolumeSet
2024-01-14 16:58:50,085 [main] INFO  ozoneimpl.OzoneContainer (HddsVolumeUtil.java:loadAllHddsVolumeDbStore(103)) - Load 1 volumes DbStore cost: 0ms
2024-01-14 16:58:50,085 [a2543f1a-c8af-46f0-9728-67cfa3d7b722-ContainerReader-0] INFO  ozoneimpl.ContainerReader (ContainerReader.java:readVolume(178)) - Finish verifying containers on volume /home/runner/work/ozone/ozone/hadoop-ozone/integration-test/target/test-dir/MiniOzoneClusterImpl-073b5688-48cc-4907-9326-51c03fe36003/datanode-2/data-0/containers/hdds
2024-01-14 16:58:50,086 [main] INFO  ozoneimpl.OzoneContainer (OzoneContainer.java:buildContainerSet(328)) - Build ContainerSet costs 0s
2024-01-14 16:58:50,089 [main] INFO  server.RaftServer (ConfUtils.java:logGet(46)) - raft.rpc.type = GRPC (default)
2024-01-14 16:58:50,089 [main] INFO  grpc.GrpcConfigKeys (ConfUtils.java:logFallback(53)) - raft.grpc.admin.host = null (fallback to raft.grpc.server.host)
2024-01-14 16:58:50,089 [main] INFO  grpc.GrpcConfigKeys (ConfUtils.java:logGet(46)) - raft.grpc.admin.port = 15120 (custom)
2024-01-14 16:58:50,090 [main] INFO  grpc.GrpcConfigKeys (ConfUtils.java:logFallback(53)) - raft.grpc.client.host = null (fallback to raft.grpc.server.host)
2024-01-14 16:58:50,090 [main] INFO  grpc.GrpcConfigKeys (ConfUtils.java:logGet(46)) - raft.grpc.client.port = 15119 (custom)
2024-01-14 16:58:50,090 [main] INFO  grpc.GrpcConfigKeys (ConfUtils.java:logGet(46)) - raft.grpc.server.host = null (default)
2024-01-14 16:58:50,090 [main] INFO  grpc.GrpcConfigKeys (ConfUtils.java:logGet(46)) - raft.grpc.server.port = 15121 (custom)
2024-01-14 16:58:50,090 [main] INFO  server.GrpcService (ConfUtils.java:logGet(46)) - raft.grpc.message.size.max = 32MB (=33554432) (custom)
2024-01-14 16:58:50,091 [main] INFO  server.RaftServerConfigKeys (ConfUtils.java:logGet(46)) - raft.server.log.appender.buffer.byte-limit = 8388608 (custom)
2024-01-14 16:58:50,091 [main] INFO  server.GrpcService (ConfUtils.java:logGet(46)) - raft.grpc.flow.control.window = 5MB (=5242880) (custom)
2024-01-14 16:58:50,091 [main] INFO  server.RaftServerConfigKeys (ConfUtils.java:logGet(46)) - raft.server.rpc.request.timeout = 3000ms (default)
2024-01-14 16:58:50,091 [main] INFO  grpc.GrpcConfigKeys (ConfUtils.java:logGet(46)) - raft.grpc.server.heartbeat.channel = true (default)
2024-01-14 16:58:50,092 [main] INFO  grpc.GrpcConfigKeys (ConfUtils.java:logGet(46)) - raft.grpc.server.async.request.thread.pool.cached = true (default)
2024-01-14 16:58:50,092 [main] INFO  grpc.GrpcConfigKeys (ConfUtils.java:logGet(46)) - raft.grpc.server.async.request.thread.pool.size = 32 (default)
2024-01-14 16:58:50,094 [main] INFO  impl.DataStreamServerImpl (ConfUtils.java:logGet(46)) - raft.datastream.type = NETTY (custom)
2024-01-14 16:58:50,094 [main] INFO  server.RaftServerConfigKeys (ConfUtils.java:logGet(46)) - raft.server.data-stream.async.request.thread.pool.cached = false (default)
2024-01-14 16:58:50,095 [main] INFO  server.RaftServerConfigKeys (ConfUtils.java:logGet(46)) - raft.server.data-stream.async.request.thread.pool.size = 20 (custom)
2024-01-14 16:58:50,095 [main] INFO  server.RaftServerConfigKeys (ConfUtils.java:logGet(46)) - raft.server.data-stream.async.write.thread.pool.size = 16 (default)
2024-01-14 16:58:50,095 [main] INFO  netty.NettyConfigKeys$DataStream (ConfUtils.java:logGet(46)) - raft.netty.dataStream.server.channel.inactive.grace-period = 10min (default)
2024-01-14 16:58:50,095 [main] INFO  server.RaftServerConfigKeys (ConfUtils.java:logGet(46)) - raft.server.data-stream.client.pool.size = 10 (default)
2024-01-14 16:58:50,095 [main] INFO  netty.NettyConfigKeys$DataStream (ConfUtils.java:logGet(46)) - raft.netty.dataStream.server.use-epoll = true (default)
2024-01-14 16:58:50,096 [main] INFO  netty.NettyConfigKeys$DataStream (ConfUtils.java:logGet(46)) - raft.netty.dataStream.server.boss-group.size = 0 (default)
2024-01-14 16:58:50,096 [main] INFO  netty.NettyUtils (NettyUtils.java:newEventLoopGroup(69)) - Create EpollEventLoopGroup for a2543f1a-c8af-46f0-9728-67cfa3d7b722-NettyServerStreamRpc-bossGroup; Thread size is 0.
2024-01-14 16:58:50,096 [main] INFO  netty.NettyConfigKeys$DataStream (ConfUtils.java:logGet(46)) - raft.netty.dataStream.server.worker-group.size = 0 (default)
2024-01-14 16:58:50,096 [main] INFO  netty.NettyUtils (NettyUtils.java:newEventLoopGroup(69)) - Create EpollEventLoopGroup for a2543f1a-c8af-46f0-9728-67cfa3d7b722-NettyServerStreamRpc-workerGroup; Thread size is 0.
2024-01-14 16:58:50,097 [main] INFO  netty.NettyConfigKeys$DataStream (ConfUtils.java:logGet(46)) - raft.netty.dataStream.server.tls.conf = null (default)
2024-01-14 16:58:50,097 [main] INFO  netty.NettyConfigKeys$DataStream (ConfUtils.java:logGet(46)) - raft.netty.dataStream.host = null (default)
2024-01-14 16:58:50,097 [main] INFO  netty.NettyConfigKeys$DataStream (ConfUtils.java:logGet(46)) - raft.netty.dataStream.port = 15122 (custom)
2024-01-14 16:58:50,098 [main] INFO  server.RaftServerConfigKeys (ConfUtils.java:logGet(46)) - raft.server.sleep.deviation.threshold = 300ms (default)
2024-01-14 16:58:50,098 [main] INFO  server.RaftServerConfigKeys (ConfUtils.java:logGet(46)) - raft.server.close.threshold = 60s (default)
2024-01-14 16:58:50,098 [main] INFO  server.RaftServerConfigKeys (ConfUtils.java:logGet(46)) - raft.server.leaderelection.leader.step-down.wait-time = 10s (default)
2024-01-14 16:58:50,098 [a2543f1a-c8af-46f0-9728-67cfa3d7b722-NettyServerStreamRpc-bossGroup--thread1] INFO  logging.LoggingHandler (AbstractInternalLogger.java:log(148)) - [id: 0x85f25950] REGISTERED
2024-01-14 16:58:50,098 [main] INFO  server.RaftServerConfigKeys (ConfUtils.java:logGet(46)) - raft.server.storage.dir = [/home/runner/work/ozone/ozone/hadoop-ozone/integration-test/target/test-dir/MiniOzoneClusterImpl-073b5688-48cc-4907-9326-51c03fe36003/datanode-2/data/ratis] (custom)
2024-01-14 16:58:50,099 [main] INFO  server.RaftServerConfigKeys (ConfUtils.java:logGet(46)) - raft.server.threadpool.proxy.cached = true (default)
2024-01-14 16:58:50,099 [main] INFO  server.RaftServerConfigKeys (ConfUtils.java:logGet(46)) - raft.server.threadpool.proxy.size = 0 (default)
2024-01-14 16:58:50,099 [a2543f1a-c8af-46f0-9728-67cfa3d7b722-NettyServerStreamRpc-bossGroup--thread1] INFO  logging.LoggingHandler (AbstractInternalLogger.java:log(148)) - [id: 0x85f25950] BIND: 0.0.0.0/0.0.0.0:15122
2024-01-14 16:58:50,099 [a2543f1a-c8af-46f0-9728-67cfa3d7b722-NettyServerStreamRpc-bossGroup--thread1] INFO  logging.LoggingHandler (AbstractInternalLogger.java:log(148)) - [id: 0x85f25950, L:/0.0.0.0:15122] ACTIVE
2024-01-14 16:58:50,101 [a2543f1a-c8af-46f0-9728-67cfa3d7b722-impl-thread1] INFO  server.RaftServer (RaftServerProxy.java:initGroupDir(264)) - a2543f1a-c8af-46f0-9728-67cfa3d7b722: found a subdirectory /home/runner/work/ozone/ozone/hadoop-ozone/integration-test/target/test-dir/MiniOzoneClusterImpl-073b5688-48cc-4907-9326-51c03fe36003/datanode-2/data/ratis/tmp
2024-01-14 16:58:50,101 [a2543f1a-c8af-46f0-9728-67cfa3d7b722-impl-thread1] INFO  server.RaftServer (RaftServerProxy.java:initGroupDir(269)) - a2543f1a-c8af-46f0-9728-67cfa3d7b722: The directory /home/runner/work/ozone/ozone/hadoop-ozone/integration-test/target/test-dir/MiniOzoneClusterImpl-073b5688-48cc-4907-9326-51c03fe36003/datanode-2/data/ratis/tmp is not a group directory; ignoring it. 
2024-01-14 16:58:50,102 [main] INFO  replication.ReplicationServer (ReplicationServer.java:<init>(85)) - Initializing replication server with thread count = 10 queue length = 4096
2024-01-14 16:58:50,103 [main] INFO  server.XceiverServerGrpc (XceiverServerGrpc.java:<init>(141)) - GrpcServer channel type EpollServerSocketChannel
2024-01-14 16:58:50,105 [main] INFO  replication.ReplicationSupervisor (ReplicationSupervisor.java:build(163)) - Initializing replication supervisor with thread count = 10
2024-01-14 16:58:50,105 [main] INFO  replication.ReplicationSupervisor (ReplicationSupervisor.java:nodeStateUpdated(317)) - Node state updated to IN_SERVICE, scaling executor pool size to 10
2024-01-14 16:58:50,107 [main] INFO  http.BaseHttpServer (BaseHttpServer.java:newHttpServer2BuilderForOzone(223)) - Starting Web-server for hddsDatanode at: http://0.0.0.0:15116
2024-01-14 16:58:50,107 [main] INFO  http.BaseHttpServer (BaseHttpServer.java:<init>(110)) - Hadoop Security Enabled: false Ozone Security Enabled: false Ozone HTTP Security Enabled: false 
2024-01-14 16:58:50,109 [main] WARN  server.AuthenticationFilter (AuthenticationFilter.java:constructSecretProvider(240)) - Unable to initialize FileSignerSecretProvider, falling back to use random secrets. Reason: Could not read signature secret file: /home/runner/hadoop-http-auth-signature-secret
2024-01-14 16:58:50,113 [main] INFO  http.HttpRequestLog (HttpRequestLog.java:getRequestLog(86)) - Http request log for http.requests.hddsDatanode is not defined
2024-01-14 16:58:50,114 [main] INFO  http.HttpServer2 (HttpServer2.java:addGlobalFilter(1036)) - Added global filter 'safety' (class=org.apache.hadoop.hdds.server.http.HttpServer2$QuotingInputFilter)
2024-01-14 16:58:50,116 [main] INFO  http.HttpServer2 (HttpServer2.java:addFilter(1012)) - Added filter static_user_filter (class=org.apache.hadoop.http.lib.StaticUserWebFilter$StaticUserFilter) to context hddsDatanode
2024-01-14 16:58:50,116 [main] INFO  http.HttpServer2 (HttpServer2.java:addFilter(1020)) - Added filter static_user_filter (class=org.apache.hadoop.http.lib.StaticUserWebFilter$StaticUserFilter) to context static
2024-01-14 16:58:50,116 [main] INFO  http.HttpServer2 (HttpServer2.java:addFilter(1020)) - Added filter static_user_filter (class=org.apache.hadoop.http.lib.StaticUserWebFilter$StaticUserFilter) to context logs
2024-01-14 16:58:50,117 [main] INFO  http.BaseHttpServer (BaseHttpServer.java:<init>(189)) - HTTP server of hddsDatanode uses base directory /home/runner/work/ozone/ozone/hadoop-ozone/integration-test/target/test-dir/MiniOzoneClusterImpl-073b5688-48cc-4907-9326-51c03fe36003/datanode-2/meta/webserver
2024-01-14 16:58:50,117 [main] INFO  http.HttpServer2 (HttpServer2.java:bindListener(1236)) - Jetty bound to port 15116
2024-01-14 16:58:50,118 [main] INFO  server.Server (Server.java:doStart(375)) - jetty-9.4.53.v20231009; built: 2023-10-09T12:29:09.265Z; git: 27bde00a0b95a1d5bbee0eae7984f891d2d0f8c9; jvm 1.8.0_392-b08
2024-01-14 16:58:50,122 [main] INFO  server.session (DefaultSessionIdManager.java:doStart(334)) - DefaultSessionIdManager workerName=node0
2024-01-14 16:58:50,122 [main] INFO  server.session (DefaultSessionIdManager.java:doStart(339)) - No SessionScavenger set, using defaults
2024-01-14 16:58:50,122 [main] INFO  server.session (HouseKeeper.java:startScavenging(132)) - node0 Scavenging every 660000ms
2024-01-14 16:58:50,126 [main] INFO  handler.ContextHandler (ContextHandler.java:doStart(921)) - Started o.e.j.s.ServletContextHandler@4d9953b1{logs,/logs,file:///home/runner/work/ozone/ozone/hadoop-ozone/integration-test/target/log,AVAILABLE}
2024-01-14 16:58:50,126 [main] INFO  handler.ContextHandler (ContextHandler.java:doStart(921)) - Started o.e.j.s.ServletContextHandler@1539f6d8{static,/static,jar:file:/home/runner/.m2/repository/org/apache/ozone/hdds-container-service/1.5.0-SNAPSHOT/hdds-container-service-1.5.0-SNAPSHOT.jar!/webapps/static,AVAILABLE}
2024-01-14 16:58:50,168 [main] INFO  handler.ContextHandler (ContextHandler.java:doStart(921)) - Started o.e.j.w.WebAppContext@40cf4db{hddsDatanode,/,file:///home/runner/work/ozone/ozone/hadoop-ozone/integration-test/target/test-dir/MiniOzoneClusterImpl-073b5688-48cc-4907-9326-51c03fe36003/datanode-2/meta/webserver/jetty-0_0_0_0-15116-hdds-container-service-1_5_0-SNAPSHOT_jar-_-any-7786701468698752831/webapp/,AVAILABLE}{jar:file:/home/runner/.m2/repository/org/apache/ozone/hdds-container-service/1.5.0-SNAPSHOT/hdds-container-service-1.5.0-SNAPSHOT.jar!/webapps/hddsDatanode}
2024-01-14 16:58:50,173 [main] INFO  server.AbstractConnector (AbstractConnector.java:doStart(333)) - Started ServerConnector@12aa209{HTTP/1.1, (http/1.1)}{0.0.0.0:15116}
2024-01-14 16:58:50,173 [main] INFO  server.Server (Server.java:doStart(415)) - Started @49358ms
2024-01-14 16:58:50,174 [main] WARN  impl.MetricsSystemImpl (MetricsSystemImpl.java:register(279)) - Sink prometheus already exists!
2024-01-14 16:58:50,174 [main] INFO  http.BaseHttpServer (BaseHttpServer.java:updateConnectorAddress(354)) - HTTP server of hddsDatanode listening at http://0.0.0.0:15116
2024-01-14 16:58:50,175 [main] INFO  ipc.CallQueueManager (CallQueueManager.java:<init>(90)) - Using callQueue: class java.util.concurrent.LinkedBlockingQueue, queueCapacity: 100, scheduler: class org.apache.hadoop.ipc.DefaultRpcScheduler, ipcBackoff: false.
2024-01-14 16:58:50,175 [main] INFO  ipc.Server (Server.java:<init>(1287)) - Listener at 0.0.0.0:15117
2024-01-14 16:58:50,176 [Socket Reader #1 for port 15117] INFO  ipc.Server (Server.java:run(1323)) - Starting Socket Reader #1 for port 15117
2024-01-14 16:58:50,182 [main] INFO  ozone.HddsDatanodeService (HddsDatanodeService.java:start(324)) - Datanode start with admins: [runner]
2024-01-14 16:58:50,183 [main] INFO  ozone.HddsDatanodeClientProtocolServer (HddsDatanodeClientProtocolServer.java:start(72)) - RPC server for Client /0.0.0.0:15117
2024-01-14 16:58:50,183 [IPC Server Responder] INFO  ipc.Server (Server.java:run(1562)) - IPC Server Responder: starting
2024-01-14 16:58:50,184 [IPC Server listener on 15117] INFO  ipc.Server (Server.java:run(1402)) - IPC Server listener on 15117: starting
2024-01-14 16:58:50,190 [a2543f1a-c8af-46f0-9728-67cfa3d7b722-DatanodeStateMachineDaemonThread] INFO  statemachine.DatanodeStateMachine (DatanodeStateMachine.java:lambda$startDaemon$1(555)) - Ozone container server started.
2024-01-14 16:58:50,191 [main] WARN  dropwizard3.Dm3MetricRegistriesImpl (Dm3MetricRegistriesImpl.java:addReporterRegistration(113)) - New reporters are added after registries were created. Some metrics will be missing from the reporter. Please add reporter before adding any new registry.
2024-01-14 16:58:50,191 [main] WARN  dropwizard3.Dm3MetricRegistriesImpl (Dm3MetricRegistriesImpl.java:addReporterRegistration(113)) - New reporters are added after registries were created. Some metrics will be missing from the reporter. Please add reporter before adding any new registry.
2024-01-14 16:58:50,191 [main] INFO  impl.MetricsSystemImpl (MetricsSystemImpl.java:init(158)) - HddsDatanode metrics system started (again)
2024-01-14 16:58:50,196 [a2543f1a-c8af-46f0-9728-67cfa3d7b722-DatanodeStateMachineTaskThread-0] INFO  datanode.InitDatanodeState (InitDatanodeState.java:persistContainerDatanodeDetails(139)) - DatanodeDetails is persisted to /home/runner/work/ozone/ozone/hadoop-ozone/integration-test/target/test-dir/MiniOzoneClusterImpl-073b5688-48cc-4907-9326-51c03fe36003/datanode-2/meta/datanode.id
2024-01-14 16:58:50,201 [main] INFO  ozone.HddsDatanodeService (HddsDatanodeService.java:start(239)) - HddsDatanodeService host:fv-az1248-16.lhg1ljel1gwudbpqdk5ar2pfag.bx.internal.cloudapp.net ip:10.1.0.34
2024-01-14 16:58:50,218 [main] INFO  upgrade.AbstractLayoutVersionManager (AbstractLayoutVersionManager.java:init(83)) - Initializing Layout version manager with metadata layout = HADOOP_PRC_PORTS_IN_DATANODEDETAILS (version = 7), software layout = HADOOP_PRC_PORTS_IN_DATANODEDETAILS (version = 7)
2024-01-14 16:58:50,218 [main] INFO  statemachine.DatanodeStateMachine (DatanodeStateMachine.java:getEndPointTaskThreadPoolSize(299)) - Datanode State Machine Task Thread Pool size 2
2024-01-14 16:58:50,220 [main] INFO  volume.HddsVolume (HddsVolume.java:<init>(125)) - Creating HddsVolume: /home/runner/work/ozone/ozone/hadoop-ozone/integration-test/target/test-dir/MiniOzoneClusterImpl-073b5688-48cc-4907-9326-51c03fe36003/datanode-3/data-0/containers/hdds of storage type : DISK capacity : 9223372036854775807
2024-01-14 16:58:50,220 [main] INFO  volume.MutableVolumeSet (MutableVolumeSet.java:initializeVolumeSet(173)) - Added Volume : /home/runner/work/ozone/ozone/hadoop-ozone/integration-test/target/test-dir/MiniOzoneClusterImpl-073b5688-48cc-4907-9326-51c03fe36003/datanode-3/data-0/containers/hdds to VolumeSet
2024-01-14 16:58:50,221 [main] INFO  volume.MutableVolumeSet (MutableVolumeSet.java:initializeVolumeSet(173)) - Added Volume : /home/runner/work/ozone/ozone/hadoop-ozone/integration-test/target/test-dir/MiniOzoneClusterImpl-073b5688-48cc-4907-9326-51c03fe36003/datanode-3/data/ratis to VolumeSet
2024-01-14 16:58:50,221 [main] INFO  ozoneimpl.OzoneContainer (HddsVolumeUtil.java:loadAllHddsVolumeDbStore(103)) - Load 1 volumes DbStore cost: 0ms
2024-01-14 16:58:50,221 [08a076d1-72dd-4720-8252-a175f3c6a2d5-ContainerReader-0] INFO  ozoneimpl.ContainerReader (ContainerReader.java:readVolume(178)) - Finish verifying containers on volume /home/runner/work/ozone/ozone/hadoop-ozone/integration-test/target/test-dir/MiniOzoneClusterImpl-073b5688-48cc-4907-9326-51c03fe36003/datanode-3/data-0/containers/hdds
2024-01-14 16:58:50,222 [main] INFO  ozoneimpl.OzoneContainer (OzoneContainer.java:buildContainerSet(328)) - Build ContainerSet costs 0s
2024-01-14 16:58:50,224 [main] INFO  server.RaftServer (ConfUtils.java:logGet(46)) - raft.rpc.type = GRPC (default)
2024-01-14 16:58:50,224 [main] INFO  grpc.GrpcConfigKeys (ConfUtils.java:logFallback(53)) - raft.grpc.admin.host = null (fallback to raft.grpc.server.host)
2024-01-14 16:58:50,224 [main] INFO  grpc.GrpcConfigKeys (ConfUtils.java:logGet(46)) - raft.grpc.admin.port = 15129 (custom)
2024-01-14 16:58:50,224 [main] INFO  grpc.GrpcConfigKeys (ConfUtils.java:logFallback(53)) - raft.grpc.client.host = null (fallback to raft.grpc.server.host)
2024-01-14 16:58:50,224 [main] INFO  grpc.GrpcConfigKeys (ConfUtils.java:logGet(46)) - raft.grpc.client.port = 15128 (custom)
2024-01-14 16:58:50,225 [main] INFO  grpc.GrpcConfigKeys (ConfUtils.java:logGet(46)) - raft.grpc.server.host = null (default)
2024-01-14 16:58:50,225 [main] INFO  grpc.GrpcConfigKeys (ConfUtils.java:logGet(46)) - raft.grpc.server.port = 15130 (custom)
2024-01-14 16:58:50,225 [main] INFO  server.GrpcService (ConfUtils.java:logGet(46)) - raft.grpc.message.size.max = 32MB (=33554432) (custom)
2024-01-14 16:58:50,225 [main] INFO  server.RaftServerConfigKeys (ConfUtils.java:logGet(46)) - raft.server.log.appender.buffer.byte-limit = 8388608 (custom)
2024-01-14 16:58:50,225 [main] INFO  server.GrpcService (ConfUtils.java:logGet(46)) - raft.grpc.flow.control.window = 5MB (=5242880) (custom)
2024-01-14 16:58:50,225 [main] INFO  server.RaftServerConfigKeys (ConfUtils.java:logGet(46)) - raft.server.rpc.request.timeout = 3000ms (default)
2024-01-14 16:58:50,225 [main] INFO  grpc.GrpcConfigKeys (ConfUtils.java:logGet(46)) - raft.grpc.server.heartbeat.channel = true (default)
2024-01-14 16:58:50,225 [main] INFO  grpc.GrpcConfigKeys (ConfUtils.java:logGet(46)) - raft.grpc.server.async.request.thread.pool.cached = true (default)
2024-01-14 16:58:50,225 [main] INFO  grpc.GrpcConfigKeys (ConfUtils.java:logGet(46)) - raft.grpc.server.async.request.thread.pool.size = 32 (default)
2024-01-14 16:58:50,228 [main] INFO  impl.DataStreamServerImpl (ConfUtils.java:logGet(46)) - raft.datastream.type = NETTY (custom)
2024-01-14 16:58:50,228 [main] INFO  server.RaftServerConfigKeys (ConfUtils.java:logGet(46)) - raft.server.data-stream.async.request.thread.pool.cached = false (default)
2024-01-14 16:58:50,228 [main] INFO  server.RaftServerConfigKeys (ConfUtils.java:logGet(46)) - raft.server.data-stream.async.request.thread.pool.size = 20 (custom)
2024-01-14 16:58:50,228 [main] INFO  server.RaftServerConfigKeys (ConfUtils.java:logGet(46)) - raft.server.data-stream.async.write.thread.pool.size = 16 (default)
2024-01-14 16:58:50,228 [main] INFO  netty.NettyConfigKeys$DataStream (ConfUtils.java:logGet(46)) - raft.netty.dataStream.server.channel.inactive.grace-period = 10min (default)
2024-01-14 16:58:50,228 [main] INFO  server.RaftServerConfigKeys (ConfUtils.java:logGet(46)) - raft.server.data-stream.client.pool.size = 10 (default)
2024-01-14 16:58:50,229 [main] INFO  netty.NettyConfigKeys$DataStream (ConfUtils.java:logGet(46)) - raft.netty.dataStream.server.use-epoll = true (default)
2024-01-14 16:58:50,229 [main] INFO  netty.NettyConfigKeys$DataStream (ConfUtils.java:logGet(46)) - raft.netty.dataStream.server.boss-group.size = 0 (default)
2024-01-14 16:58:50,229 [main] INFO  netty.NettyUtils (NettyUtils.java:newEventLoopGroup(69)) - Create EpollEventLoopGroup for 08a076d1-72dd-4720-8252-a175f3c6a2d5-NettyServerStreamRpc-bossGroup; Thread size is 0.
2024-01-14 16:58:50,229 [main] INFO  netty.NettyConfigKeys$DataStream (ConfUtils.java:logGet(46)) - raft.netty.dataStream.server.worker-group.size = 0 (default)
2024-01-14 16:58:50,229 [main] INFO  netty.NettyUtils (NettyUtils.java:newEventLoopGroup(69)) - Create EpollEventLoopGroup for 08a076d1-72dd-4720-8252-a175f3c6a2d5-NettyServerStreamRpc-workerGroup; Thread size is 0.
2024-01-14 16:58:50,230 [main] INFO  netty.NettyConfigKeys$DataStream (ConfUtils.java:logGet(46)) - raft.netty.dataStream.server.tls.conf = null (default)
2024-01-14 16:58:50,230 [main] INFO  netty.NettyConfigKeys$DataStream (ConfUtils.java:logGet(46)) - raft.netty.dataStream.host = null (default)
2024-01-14 16:58:50,230 [main] INFO  netty.NettyConfigKeys$DataStream (ConfUtils.java:logGet(46)) - raft.netty.dataStream.port = 15131 (custom)
2024-01-14 16:58:50,230 [main] INFO  server.RaftServerConfigKeys (ConfUtils.java:logGet(46)) - raft.server.sleep.deviation.threshold = 300ms (default)
2024-01-14 16:58:50,230 [main] INFO  server.RaftServerConfigKeys (ConfUtils.java:logGet(46)) - raft.server.close.threshold = 60s (default)
2024-01-14 16:58:50,230 [08a076d1-72dd-4720-8252-a175f3c6a2d5-NettyServerStreamRpc-bossGroup--thread1] INFO  logging.LoggingHandler (AbstractInternalLogger.java:log(148)) - [id: 0x73ecf26b] REGISTERED
2024-01-14 16:58:50,230 [main] INFO  server.RaftServerConfigKeys (ConfUtils.java:logGet(46)) - raft.server.leaderelection.leader.step-down.wait-time = 10s (default)
2024-01-14 16:58:50,231 [08a076d1-72dd-4720-8252-a175f3c6a2d5-NettyServerStreamRpc-bossGroup--thread1] INFO  logging.LoggingHandler (AbstractInternalLogger.java:log(148)) - [id: 0x73ecf26b] BIND: 0.0.0.0/0.0.0.0:15131
2024-01-14 16:58:50,231 [main] INFO  server.RaftServerConfigKeys (ConfUtils.java:logGet(46)) - raft.server.storage.dir = [/home/runner/work/ozone/ozone/hadoop-ozone/integration-test/target/test-dir/MiniOzoneClusterImpl-073b5688-48cc-4907-9326-51c03fe36003/datanode-3/data/ratis] (custom)
2024-01-14 16:58:50,231 [08a076d1-72dd-4720-8252-a175f3c6a2d5-NettyServerStreamRpc-bossGroup--thread1] INFO  logging.LoggingHandler (AbstractInternalLogger.java:log(148)) - [id: 0x73ecf26b, L:/0.0.0.0:15131] ACTIVE
2024-01-14 16:58:50,231 [main] INFO  server.RaftServerConfigKeys (ConfUtils.java:logGet(46)) - raft.server.threadpool.proxy.cached = true (default)
2024-01-14 16:58:50,231 [main] INFO  server.RaftServerConfigKeys (ConfUtils.java:logGet(46)) - raft.server.threadpool.proxy.size = 0 (default)
2024-01-14 16:58:50,231 [08a076d1-72dd-4720-8252-a175f3c6a2d5-impl-thread1] INFO  server.RaftServer (RaftServerProxy.java:initGroupDir(264)) - 08a076d1-72dd-4720-8252-a175f3c6a2d5: found a subdirectory /home/runner/work/ozone/ozone/hadoop-ozone/integration-test/target/test-dir/MiniOzoneClusterImpl-073b5688-48cc-4907-9326-51c03fe36003/datanode-3/data/ratis/tmp
2024-01-14 16:58:50,232 [08a076d1-72dd-4720-8252-a175f3c6a2d5-impl-thread1] INFO  server.RaftServer (RaftServerProxy.java:initGroupDir(269)) - 08a076d1-72dd-4720-8252-a175f3c6a2d5: The directory /home/runner/work/ozone/ozone/hadoop-ozone/integration-test/target/test-dir/MiniOzoneClusterImpl-073b5688-48cc-4907-9326-51c03fe36003/datanode-3/data/ratis/tmp is not a group directory; ignoring it. 
2024-01-14 16:58:50,232 [main] INFO  replication.ReplicationServer (ReplicationServer.java:<init>(85)) - Initializing replication server with thread count = 10 queue length = 4096
2024-01-14 16:58:50,232 [main] INFO  server.XceiverServerGrpc (XceiverServerGrpc.java:<init>(141)) - GrpcServer channel type EpollServerSocketChannel
2024-01-14 16:58:50,234 [main] INFO  replication.ReplicationSupervisor (ReplicationSupervisor.java:build(163)) - Initializing replication supervisor with thread count = 10
2024-01-14 16:58:50,234 [main] INFO  replication.ReplicationSupervisor (ReplicationSupervisor.java:nodeStateUpdated(317)) - Node state updated to IN_SERVICE, scaling executor pool size to 10
2024-01-14 16:58:50,236 [main] INFO  http.BaseHttpServer (BaseHttpServer.java:newHttpServer2BuilderForOzone(223)) - Starting Web-server for hddsDatanode at: http://0.0.0.0:15125
2024-01-14 16:58:50,236 [main] INFO  http.BaseHttpServer (BaseHttpServer.java:<init>(110)) - Hadoop Security Enabled: false Ozone Security Enabled: false Ozone HTTP Security Enabled: false 
2024-01-14 16:58:50,241 [main] WARN  server.AuthenticationFilter (AuthenticationFilter.java:constructSecretProvider(240)) - Unable to initialize FileSignerSecretProvider, falling back to use random secrets. Reason: Could not read signature secret file: /home/runner/hadoop-http-auth-signature-secret
2024-01-14 16:58:50,242 [main] INFO  http.HttpRequestLog (HttpRequestLog.java:getRequestLog(86)) - Http request log for http.requests.hddsDatanode is not defined
2024-01-14 16:58:50,243 [main] INFO  http.HttpServer2 (HttpServer2.java:addGlobalFilter(1036)) - Added global filter 'safety' (class=org.apache.hadoop.hdds.server.http.HttpServer2$QuotingInputFilter)
2024-01-14 16:58:50,244 [main] INFO  http.HttpServer2 (HttpServer2.java:addFilter(1012)) - Added filter static_user_filter (class=org.apache.hadoop.http.lib.StaticUserWebFilter$StaticUserFilter) to context hddsDatanode
2024-01-14 16:58:50,244 [main] INFO  http.HttpServer2 (HttpServer2.java:addFilter(1020)) - Added filter static_user_filter (class=org.apache.hadoop.http.lib.StaticUserWebFilter$StaticUserFilter) to context static
2024-01-14 16:58:50,244 [main] INFO  http.HttpServer2 (HttpServer2.java:addFilter(1020)) - Added filter static_user_filter (class=org.apache.hadoop.http.lib.StaticUserWebFilter$StaticUserFilter) to context logs
2024-01-14 16:58:50,245 [main] INFO  http.BaseHttpServer (BaseHttpServer.java:<init>(189)) - HTTP server of hddsDatanode uses base directory /home/runner/work/ozone/ozone/hadoop-ozone/integration-test/target/test-dir/MiniOzoneClusterImpl-073b5688-48cc-4907-9326-51c03fe36003/datanode-3/meta/webserver
2024-01-14 16:58:50,245 [main] INFO  http.HttpServer2 (HttpServer2.java:bindListener(1236)) - Jetty bound to port 15125
2024-01-14 16:58:50,245 [main] INFO  server.Server (Server.java:doStart(375)) - jetty-9.4.53.v20231009; built: 2023-10-09T12:29:09.265Z; git: 27bde00a0b95a1d5bbee0eae7984f891d2d0f8c9; jvm 1.8.0_392-b08
2024-01-14 16:58:50,248 [main] INFO  server.session (DefaultSessionIdManager.java:doStart(334)) - DefaultSessionIdManager workerName=node0
2024-01-14 16:58:50,248 [main] INFO  server.session (DefaultSessionIdManager.java:doStart(339)) - No SessionScavenger set, using defaults
2024-01-14 16:58:50,248 [main] INFO  server.session (HouseKeeper.java:startScavenging(132)) - node0 Scavenging every 660000ms
2024-01-14 16:58:50,249 [main] INFO  handler.ContextHandler (ContextHandler.java:doStart(921)) - Started o.e.j.s.ServletContextHandler@6c43787d{logs,/logs,file:///home/runner/work/ozone/ozone/hadoop-ozone/integration-test/target/log,AVAILABLE}
2024-01-14 16:58:50,249 [main] INFO  handler.ContextHandler (ContextHandler.java:doStart(921)) - Started o.e.j.s.ServletContextHandler@47a5ada6{static,/static,jar:file:/home/runner/.m2/repository/org/apache/ozone/hdds-container-service/1.5.0-SNAPSHOT/hdds-container-service-1.5.0-SNAPSHOT.jar!/webapps/static,AVAILABLE}
2024-01-14 16:58:50,285 [main] INFO  handler.ContextHandler (ContextHandler.java:doStart(921)) - Started o.e.j.w.WebAppContext@4e729324{hddsDatanode,/,file:///home/runner/work/ozone/ozone/hadoop-ozone/integration-test/target/test-dir/MiniOzoneClusterImpl-073b5688-48cc-4907-9326-51c03fe36003/datanode-3/meta/webserver/jetty-0_0_0_0-15125-hdds-container-service-1_5_0-SNAPSHOT_jar-_-any-5032643171877214317/webapp/,AVAILABLE}{jar:file:/home/runner/.m2/repository/org/apache/ozone/hdds-container-service/1.5.0-SNAPSHOT/hdds-container-service-1.5.0-SNAPSHOT.jar!/webapps/hddsDatanode}
2024-01-14 16:58:50,287 [main] INFO  server.AbstractConnector (AbstractConnector.java:doStart(333)) - Started ServerConnector@32ae2974{HTTP/1.1, (http/1.1)}{0.0.0.0:15125}
2024-01-14 16:58:50,287 [main] INFO  server.Server (Server.java:doStart(415)) - Started @49472ms
2024-01-14 16:58:50,287 [main] WARN  impl.MetricsSystemImpl (MetricsSystemImpl.java:register(279)) - Sink prometheus already exists!
2024-01-14 16:58:50,288 [main] INFO  http.BaseHttpServer (BaseHttpServer.java:updateConnectorAddress(354)) - HTTP server of hddsDatanode listening at http://0.0.0.0:15125
2024-01-14 16:58:50,288 [main] INFO  ipc.CallQueueManager (CallQueueManager.java:<init>(90)) - Using callQueue: class java.util.concurrent.LinkedBlockingQueue, queueCapacity: 100, scheduler: class org.apache.hadoop.ipc.DefaultRpcScheduler, ipcBackoff: false.
2024-01-14 16:58:50,288 [main] INFO  ipc.Server (Server.java:<init>(1287)) - Listener at 0.0.0.0:15126
2024-01-14 16:58:50,289 [Socket Reader #1 for port 15126] INFO  ipc.Server (Server.java:run(1323)) - Starting Socket Reader #1 for port 15126
2024-01-14 16:58:50,290 [main] INFO  ozone.HddsDatanodeService (HddsDatanodeService.java:start(324)) - Datanode start with admins: [runner]
2024-01-14 16:58:50,290 [main] INFO  ozone.HddsDatanodeClientProtocolServer (HddsDatanodeClientProtocolServer.java:start(72)) - RPC server for Client /0.0.0.0:15126
2024-01-14 16:58:50,291 [IPC Server Responder] INFO  ipc.Server (Server.java:run(1562)) - IPC Server Responder: starting
2024-01-14 16:58:50,291 [IPC Server listener on 15126] INFO  ipc.Server (Server.java:run(1402)) - IPC Server listener on 15126: starting
2024-01-14 16:58:50,293 [08a076d1-72dd-4720-8252-a175f3c6a2d5-DatanodeStateMachineDaemonThread] INFO  statemachine.DatanodeStateMachine (DatanodeStateMachine.java:lambda$startDaemon$1(555)) - Ozone container server started.
2024-01-14 16:58:50,298 [main] WARN  dropwizard3.Dm3MetricRegistriesImpl (Dm3MetricRegistriesImpl.java:addReporterRegistration(113)) - New reporters are added after registries were created. Some metrics will be missing from the reporter. Please add reporter before adding any new registry.
2024-01-14 16:58:50,298 [main] WARN  dropwizard3.Dm3MetricRegistriesImpl (Dm3MetricRegistriesImpl.java:addReporterRegistration(113)) - New reporters are added after registries were created. Some metrics will be missing from the reporter. Please add reporter before adding any new registry.
2024-01-14 16:58:50,298 [main] INFO  impl.MetricsSystemImpl (MetricsSystemImpl.java:init(158)) - HddsDatanode metrics system started (again)
2024-01-14 16:58:50,300 [08a076d1-72dd-4720-8252-a175f3c6a2d5-DatanodeStateMachineTaskThread-0] INFO  datanode.InitDatanodeState (InitDatanodeState.java:persistContainerDatanodeDetails(139)) - DatanodeDetails is persisted to /home/runner/work/ozone/ozone/hadoop-ozone/integration-test/target/test-dir/MiniOzoneClusterImpl-073b5688-48cc-4907-9326-51c03fe36003/datanode-3/meta/datanode.id
2024-01-14 16:58:50,308 [main] INFO  ozone.HddsDatanodeService (HddsDatanodeService.java:start(239)) - HddsDatanodeService host:fv-az1248-16.lhg1ljel1gwudbpqdk5ar2pfag.bx.internal.cloudapp.net ip:10.1.0.34
2024-01-14 16:58:50,323 [main] INFO  upgrade.AbstractLayoutVersionManager (AbstractLayoutVersionManager.java:init(83)) - Initializing Layout version manager with metadata layout = HADOOP_PRC_PORTS_IN_DATANODEDETAILS (version = 7), software layout = HADOOP_PRC_PORTS_IN_DATANODEDETAILS (version = 7)
2024-01-14 16:58:50,324 [main] INFO  statemachine.DatanodeStateMachine (DatanodeStateMachine.java:getEndPointTaskThreadPoolSize(299)) - Datanode State Machine Task Thread Pool size 2
2024-01-14 16:58:50,326 [main] INFO  volume.HddsVolume (HddsVolume.java:<init>(125)) - Creating HddsVolume: /home/runner/work/ozone/ozone/hadoop-ozone/integration-test/target/test-dir/MiniOzoneClusterImpl-073b5688-48cc-4907-9326-51c03fe36003/datanode-4/data-0/containers/hdds of storage type : DISK capacity : 9223372036854775807
2024-01-14 16:58:50,326 [main] INFO  volume.MutableVolumeSet (MutableVolumeSet.java:initializeVolumeSet(173)) - Added Volume : /home/runner/work/ozone/ozone/hadoop-ozone/integration-test/target/test-dir/MiniOzoneClusterImpl-073b5688-48cc-4907-9326-51c03fe36003/datanode-4/data-0/containers/hdds to VolumeSet
2024-01-14 16:58:50,327 [main] INFO  volume.MutableVolumeSet (MutableVolumeSet.java:initializeVolumeSet(173)) - Added Volume : /home/runner/work/ozone/ozone/hadoop-ozone/integration-test/target/test-dir/MiniOzoneClusterImpl-073b5688-48cc-4907-9326-51c03fe36003/datanode-4/data/ratis to VolumeSet
2024-01-14 16:58:50,327 [main] INFO  ozoneimpl.OzoneContainer (HddsVolumeUtil.java:loadAllHddsVolumeDbStore(103)) - Load 1 volumes DbStore cost: 0ms
2024-01-14 16:58:50,328 [0ab92cad-ec19-4fa3-a733-30f9108b825a-ContainerReader-0] INFO  ozoneimpl.ContainerReader (ContainerReader.java:readVolume(178)) - Finish verifying containers on volume /home/runner/work/ozone/ozone/hadoop-ozone/integration-test/target/test-dir/MiniOzoneClusterImpl-073b5688-48cc-4907-9326-51c03fe36003/datanode-4/data-0/containers/hdds
2024-01-14 16:58:50,328 [main] INFO  ozoneimpl.OzoneContainer (OzoneContainer.java:buildContainerSet(328)) - Build ContainerSet costs 0s
2024-01-14 16:58:50,330 [main] INFO  server.RaftServer (ConfUtils.java:logGet(46)) - raft.rpc.type = GRPC (default)
2024-01-14 16:58:50,330 [main] INFO  grpc.GrpcConfigKeys (ConfUtils.java:logFallback(53)) - raft.grpc.admin.host = null (fallback to raft.grpc.server.host)
2024-01-14 16:58:50,330 [main] INFO  grpc.GrpcConfigKeys (ConfUtils.java:logGet(46)) - raft.grpc.admin.port = 15138 (custom)
2024-01-14 16:58:50,330 [main] INFO  grpc.GrpcConfigKeys (ConfUtils.java:logFallback(53)) - raft.grpc.client.host = null (fallback to raft.grpc.server.host)
2024-01-14 16:58:50,330 [main] INFO  grpc.GrpcConfigKeys (ConfUtils.java:logGet(46)) - raft.grpc.client.port = 15137 (custom)
2024-01-14 16:58:50,331 [main] INFO  grpc.GrpcConfigKeys (ConfUtils.java:logGet(46)) - raft.grpc.server.host = null (default)
2024-01-14 16:58:50,331 [main] INFO  grpc.GrpcConfigKeys (ConfUtils.java:logGet(46)) - raft.grpc.server.port = 15139 (custom)
2024-01-14 16:58:50,331 [main] INFO  server.GrpcService (ConfUtils.java:logGet(46)) - raft.grpc.message.size.max = 32MB (=33554432) (custom)
2024-01-14 16:58:50,331 [main] INFO  server.RaftServerConfigKeys (ConfUtils.java:logGet(46)) - raft.server.log.appender.buffer.byte-limit = 8388608 (custom)
2024-01-14 16:58:50,331 [main] INFO  server.GrpcService (ConfUtils.java:logGet(46)) - raft.grpc.flow.control.window = 5MB (=5242880) (custom)
2024-01-14 16:58:50,332 [main] INFO  server.RaftServerConfigKeys (ConfUtils.java:logGet(46)) - raft.server.rpc.request.timeout = 3000ms (default)
2024-01-14 16:58:50,332 [main] INFO  grpc.GrpcConfigKeys (ConfUtils.java:logGet(46)) - raft.grpc.server.heartbeat.channel = true (default)
2024-01-14 16:58:50,332 [main] INFO  grpc.GrpcConfigKeys (ConfUtils.java:logGet(46)) - raft.grpc.server.async.request.thread.pool.cached = true (default)
2024-01-14 16:58:50,332 [main] INFO  grpc.GrpcConfigKeys (ConfUtils.java:logGet(46)) - raft.grpc.server.async.request.thread.pool.size = 32 (default)
2024-01-14 16:58:50,334 [main] INFO  impl.DataStreamServerImpl (ConfUtils.java:logGet(46)) - raft.datastream.type = NETTY (custom)
2024-01-14 16:58:50,334 [main] INFO  server.RaftServerConfigKeys (ConfUtils.java:logGet(46)) - raft.server.data-stream.async.request.thread.pool.cached = false (default)
2024-01-14 16:58:50,335 [main] INFO  server.RaftServerConfigKeys (ConfUtils.java:logGet(46)) - raft.server.data-stream.async.request.thread.pool.size = 20 (custom)
2024-01-14 16:58:50,335 [main] INFO  server.RaftServerConfigKeys (ConfUtils.java:logGet(46)) - raft.server.data-stream.async.write.thread.pool.size = 16 (default)
2024-01-14 16:58:50,335 [main] INFO  netty.NettyConfigKeys$DataStream (ConfUtils.java:logGet(46)) - raft.netty.dataStream.server.channel.inactive.grace-period = 10min (default)
2024-01-14 16:58:50,335 [main] INFO  server.RaftServerConfigKeys (ConfUtils.java:logGet(46)) - raft.server.data-stream.client.pool.size = 10 (default)
2024-01-14 16:58:50,336 [main] INFO  netty.NettyConfigKeys$DataStream (ConfUtils.java:logGet(46)) - raft.netty.dataStream.server.use-epoll = true (default)
2024-01-14 16:58:50,336 [main] INFO  netty.NettyConfigKeys$DataStream (ConfUtils.java:logGet(46)) - raft.netty.dataStream.server.boss-group.size = 0 (default)
2024-01-14 16:58:50,336 [main] INFO  netty.NettyUtils (NettyUtils.java:newEventLoopGroup(69)) - Create EpollEventLoopGroup for 0ab92cad-ec19-4fa3-a733-30f9108b825a-NettyServerStreamRpc-bossGroup; Thread size is 0.
2024-01-14 16:58:50,336 [main] INFO  netty.NettyConfigKeys$DataStream (ConfUtils.java:logGet(46)) - raft.netty.dataStream.server.worker-group.size = 0 (default)
2024-01-14 16:58:50,337 [main] INFO  netty.NettyUtils (NettyUtils.java:newEventLoopGroup(69)) - Create EpollEventLoopGroup for 0ab92cad-ec19-4fa3-a733-30f9108b825a-NettyServerStreamRpc-workerGroup; Thread size is 0.
2024-01-14 16:58:50,337 [main] INFO  netty.NettyConfigKeys$DataStream (ConfUtils.java:logGet(46)) - raft.netty.dataStream.server.tls.conf = null (default)
2024-01-14 16:58:50,337 [main] INFO  netty.NettyConfigKeys$DataStream (ConfUtils.java:logGet(46)) - raft.netty.dataStream.host = null (default)
2024-01-14 16:58:50,337 [main] INFO  netty.NettyConfigKeys$DataStream (ConfUtils.java:logGet(46)) - raft.netty.dataStream.port = 15140 (custom)
2024-01-14 16:58:50,338 [main] INFO  server.RaftServerConfigKeys (ConfUtils.java:logGet(46)) - raft.server.sleep.deviation.threshold = 300ms (default)
2024-01-14 16:58:50,338 [main] INFO  server.RaftServerConfigKeys (ConfUtils.java:logGet(46)) - raft.server.close.threshold = 60s (default)
2024-01-14 16:58:50,338 [main] INFO  server.RaftServerConfigKeys (ConfUtils.java:logGet(46)) - raft.server.leaderelection.leader.step-down.wait-time = 10s (default)
2024-01-14 16:58:50,338 [0ab92cad-ec19-4fa3-a733-30f9108b825a-NettyServerStreamRpc-bossGroup--thread1] INFO  logging.LoggingHandler (AbstractInternalLogger.java:log(148)) - [id: 0x2ebb8d82] REGISTERED
2024-01-14 16:58:50,338 [main] INFO  server.RaftServerConfigKeys (ConfUtils.java:logGet(46)) - raft.server.storage.dir = [/home/runner/work/ozone/ozone/hadoop-ozone/integration-test/target/test-dir/MiniOzoneClusterImpl-073b5688-48cc-4907-9326-51c03fe36003/datanode-4/data/ratis] (custom)
2024-01-14 16:58:50,338 [main] INFO  server.RaftServerConfigKeys (ConfUtils.java:logGet(46)) - raft.server.threadpool.proxy.cached = true (default)
2024-01-14 16:58:50,338 [0ab92cad-ec19-4fa3-a733-30f9108b825a-NettyServerStreamRpc-bossGroup--thread1] INFO  logging.LoggingHandler (AbstractInternalLogger.java:log(148)) - [id: 0x2ebb8d82] BIND: 0.0.0.0/0.0.0.0:15140
2024-01-14 16:58:50,339 [main] INFO  server.RaftServerConfigKeys (ConfUtils.java:logGet(46)) - raft.server.threadpool.proxy.size = 0 (default)
2024-01-14 16:58:50,339 [0ab92cad-ec19-4fa3-a733-30f9108b825a-NettyServerStreamRpc-bossGroup--thread1] INFO  logging.LoggingHandler (AbstractInternalLogger.java:log(148)) - [id: 0x2ebb8d82, L:/0.0.0.0:15140] ACTIVE
2024-01-14 16:58:50,339 [0ab92cad-ec19-4fa3-a733-30f9108b825a-impl-thread1] INFO  server.RaftServer (RaftServerProxy.java:initGroupDir(264)) - 0ab92cad-ec19-4fa3-a733-30f9108b825a: found a subdirectory /home/runner/work/ozone/ozone/hadoop-ozone/integration-test/target/test-dir/MiniOzoneClusterImpl-073b5688-48cc-4907-9326-51c03fe36003/datanode-4/data/ratis/tmp
2024-01-14 16:58:50,339 [0ab92cad-ec19-4fa3-a733-30f9108b825a-impl-thread1] INFO  server.RaftServer (RaftServerProxy.java:initGroupDir(269)) - 0ab92cad-ec19-4fa3-a733-30f9108b825a: The directory /home/runner/work/ozone/ozone/hadoop-ozone/integration-test/target/test-dir/MiniOzoneClusterImpl-073b5688-48cc-4907-9326-51c03fe36003/datanode-4/data/ratis/tmp is not a group directory; ignoring it. 
2024-01-14 16:58:50,339 [main] INFO  replication.ReplicationServer (ReplicationServer.java:<init>(85)) - Initializing replication server with thread count = 10 queue length = 4096
2024-01-14 16:58:50,340 [main] INFO  server.XceiverServerGrpc (XceiverServerGrpc.java:<init>(141)) - GrpcServer channel type EpollServerSocketChannel
2024-01-14 16:58:50,342 [main] INFO  replication.ReplicationSupervisor (ReplicationSupervisor.java:build(163)) - Initializing replication supervisor with thread count = 10
2024-01-14 16:58:50,342 [main] INFO  replication.ReplicationSupervisor (ReplicationSupervisor.java:nodeStateUpdated(317)) - Node state updated to IN_SERVICE, scaling executor pool size to 10
2024-01-14 16:58:50,343 [main] INFO  http.BaseHttpServer (BaseHttpServer.java:newHttpServer2BuilderForOzone(223)) - Starting Web-server for hddsDatanode at: http://0.0.0.0:15134
2024-01-14 16:58:50,343 [main] INFO  http.BaseHttpServer (BaseHttpServer.java:<init>(110)) - Hadoop Security Enabled: false Ozone Security Enabled: false Ozone HTTP Security Enabled: false 
2024-01-14 16:58:50,344 [main] WARN  server.AuthenticationFilter (AuthenticationFilter.java:constructSecretProvider(240)) - Unable to initialize FileSignerSecretProvider, falling back to use random secrets. Reason: Could not read signature secret file: /home/runner/hadoop-http-auth-signature-secret
2024-01-14 16:58:50,345 [main] INFO  http.HttpRequestLog (HttpRequestLog.java:getRequestLog(86)) - Http request log for http.requests.hddsDatanode is not defined
2024-01-14 16:58:50,346 [main] INFO  http.HttpServer2 (HttpServer2.java:addGlobalFilter(1036)) - Added global filter 'safety' (class=org.apache.hadoop.hdds.server.http.HttpServer2$QuotingInputFilter)
2024-01-14 16:58:50,346 [main] INFO  http.HttpServer2 (HttpServer2.java:addFilter(1012)) - Added filter static_user_filter (class=org.apache.hadoop.http.lib.StaticUserWebFilter$StaticUserFilter) to context hddsDatanode
2024-01-14 16:58:50,347 [main] INFO  http.HttpServer2 (HttpServer2.java:addFilter(1020)) - Added filter static_user_filter (class=org.apache.hadoop.http.lib.StaticUserWebFilter$StaticUserFilter) to context logs
2024-01-14 16:58:50,347 [main] INFO  http.HttpServer2 (HttpServer2.java:addFilter(1020)) - Added filter static_user_filter (class=org.apache.hadoop.http.lib.StaticUserWebFilter$StaticUserFilter) to context static
2024-01-14 16:58:50,347 [main] INFO  http.BaseHttpServer (BaseHttpServer.java:<init>(189)) - HTTP server of hddsDatanode uses base directory /home/runner/work/ozone/ozone/hadoop-ozone/integration-test/target/test-dir/MiniOzoneClusterImpl-073b5688-48cc-4907-9326-51c03fe36003/datanode-4/meta/webserver
2024-01-14 16:58:50,348 [main] INFO  http.HttpServer2 (HttpServer2.java:bindListener(1236)) - Jetty bound to port 15134
2024-01-14 16:58:50,348 [main] INFO  server.Server (Server.java:doStart(375)) - jetty-9.4.53.v20231009; built: 2023-10-09T12:29:09.265Z; git: 27bde00a0b95a1d5bbee0eae7984f891d2d0f8c9; jvm 1.8.0_392-b08
2024-01-14 16:58:50,354 [main] INFO  server.session (DefaultSessionIdManager.java:doStart(334)) - DefaultSessionIdManager workerName=node0
2024-01-14 16:58:50,354 [main] INFO  server.session (DefaultSessionIdManager.java:doStart(339)) - No SessionScavenger set, using defaults
2024-01-14 16:58:50,355 [main] INFO  server.session (HouseKeeper.java:startScavenging(132)) - node0 Scavenging every 600000ms
2024-01-14 16:58:50,356 [main] INFO  handler.ContextHandler (ContextHandler.java:doStart(921)) - Started o.e.j.s.ServletContextHandler@131d6adc{logs,/logs,file:///home/runner/work/ozone/ozone/hadoop-ozone/integration-test/target/log,AVAILABLE}
2024-01-14 16:58:50,357 [main] INFO  handler.ContextHandler (ContextHandler.java:doStart(921)) - Started o.e.j.s.ServletContextHandler@7b1ca932{static,/static,jar:file:/home/runner/.m2/repository/org/apache/ozone/hdds-container-service/1.5.0-SNAPSHOT/hdds-container-service-1.5.0-SNAPSHOT.jar!/webapps/static,AVAILABLE}
2024-01-14 16:58:50,390 [main] INFO  handler.ContextHandler (ContextHandler.java:doStart(921)) - Started o.e.j.w.WebAppContext@24bc2048{hddsDatanode,/,file:///home/runner/work/ozone/ozone/hadoop-ozone/integration-test/target/test-dir/MiniOzoneClusterImpl-073b5688-48cc-4907-9326-51c03fe36003/datanode-4/meta/webserver/jetty-0_0_0_0-15134-hdds-container-service-1_5_0-SNAPSHOT_jar-_-any-4057214850228771465/webapp/,AVAILABLE}{jar:file:/home/runner/.m2/repository/org/apache/ozone/hdds-container-service/1.5.0-SNAPSHOT/hdds-container-service-1.5.0-SNAPSHOT.jar!/webapps/hddsDatanode}
2024-01-14 16:58:50,392 [main] INFO  server.AbstractConnector (AbstractConnector.java:doStart(333)) - Started ServerConnector@5fc166b7{HTTP/1.1, (http/1.1)}{0.0.0.0:15134}
2024-01-14 16:58:50,392 [main] INFO  server.Server (Server.java:doStart(415)) - Started @49577ms
2024-01-14 16:58:50,392 [main] WARN  impl.MetricsSystemImpl (MetricsSystemImpl.java:register(279)) - Sink prometheus already exists!
2024-01-14 16:58:50,393 [main] INFO  http.BaseHttpServer (BaseHttpServer.java:updateConnectorAddress(354)) - HTTP server of hddsDatanode listening at http://0.0.0.0:15134
2024-01-14 16:58:50,393 [main] INFO  ipc.CallQueueManager (CallQueueManager.java:<init>(90)) - Using callQueue: class java.util.concurrent.LinkedBlockingQueue, queueCapacity: 100, scheduler: class org.apache.hadoop.ipc.DefaultRpcScheduler, ipcBackoff: false.
2024-01-14 16:58:50,393 [main] INFO  ipc.Server (Server.java:<init>(1287)) - Listener at 0.0.0.0:15135
2024-01-14 16:58:50,394 [Socket Reader #1 for port 15135] INFO  ipc.Server (Server.java:run(1323)) - Starting Socket Reader #1 for port 15135
2024-01-14 16:58:50,395 [main] INFO  ozone.HddsDatanodeService (HddsDatanodeService.java:start(324)) - Datanode start with admins: [runner]
2024-01-14 16:58:50,396 [main] INFO  ozone.HddsDatanodeClientProtocolServer (HddsDatanodeClientProtocolServer.java:start(72)) - RPC server for Client /0.0.0.0:15135
2024-01-14 16:58:50,396 [IPC Server Responder] INFO  ipc.Server (Server.java:run(1562)) - IPC Server Responder: starting
2024-01-14 16:58:50,402 [IPC Server listener on 15135] INFO  ipc.Server (Server.java:run(1402)) - IPC Server listener on 15135: starting
2024-01-14 16:58:50,403 [main] WARN  dropwizard3.Dm3MetricRegistriesImpl (Dm3MetricRegistriesImpl.java:addReporterRegistration(113)) - New reporters are added after registries were created. Some metrics will be missing from the reporter. Please add reporter before adding any new registry.
2024-01-14 16:58:50,403 [main] WARN  dropwizard3.Dm3MetricRegistriesImpl (Dm3MetricRegistriesImpl.java:addReporterRegistration(113)) - New reporters are added after registries were created. Some metrics will be missing from the reporter. Please add reporter before adding any new registry.
2024-01-14 16:58:50,403 [main] INFO  impl.MetricsSystemImpl (MetricsSystemImpl.java:init(158)) - HddsDatanode metrics system started (again)
2024-01-14 16:58:50,403 [0ab92cad-ec19-4fa3-a733-30f9108b825a-DatanodeStateMachineDaemonThread] INFO  statemachine.DatanodeStateMachine (DatanodeStateMachine.java:lambda$startDaemon$1(555)) - Ozone container server started.
2024-01-14 16:58:50,419 [main] INFO  ozone.HddsDatanodeService (HddsDatanodeService.java:start(239)) - HddsDatanodeService host:fv-az1248-16.lhg1ljel1gwudbpqdk5ar2pfag.bx.internal.cloudapp.net ip:10.1.0.34
2024-01-14 16:58:50,422 [0ab92cad-ec19-4fa3-a733-30f9108b825a-DatanodeStateMachineTaskThread-0] INFO  datanode.InitDatanodeState (InitDatanodeState.java:persistContainerDatanodeDetails(139)) - DatanodeDetails is persisted to /home/runner/work/ozone/ozone/hadoop-ozone/integration-test/target/test-dir/MiniOzoneClusterImpl-073b5688-48cc-4907-9326-51c03fe36003/datanode-4/meta/datanode.id
2024-01-14 16:58:50,446 [main] INFO  upgrade.AbstractLayoutVersionManager (AbstractLayoutVersionManager.java:init(83)) - Initializing Layout version manager with metadata layout = HADOOP_PRC_PORTS_IN_DATANODEDETAILS (version = 7), software layout = HADOOP_PRC_PORTS_IN_DATANODEDETAILS (version = 7)
2024-01-14 16:58:50,447 [main] INFO  statemachine.DatanodeStateMachine (DatanodeStateMachine.java:getEndPointTaskThreadPoolSize(299)) - Datanode State Machine Task Thread Pool size 2
2024-01-14 16:58:50,448 [main] INFO  volume.HddsVolume (HddsVolume.java:<init>(125)) - Creating HddsVolume: /home/runner/work/ozone/ozone/hadoop-ozone/integration-test/target/test-dir/MiniOzoneClusterImpl-073b5688-48cc-4907-9326-51c03fe36003/datanode-5/data-0/containers/hdds of storage type : DISK capacity : 9223372036854775807
2024-01-14 16:58:50,448 [main] INFO  volume.MutableVolumeSet (MutableVolumeSet.java:initializeVolumeSet(173)) - Added Volume : /home/runner/work/ozone/ozone/hadoop-ozone/integration-test/target/test-dir/MiniOzoneClusterImpl-073b5688-48cc-4907-9326-51c03fe36003/datanode-5/data-0/containers/hdds to VolumeSet
2024-01-14 16:58:50,449 [main] INFO  volume.MutableVolumeSet (MutableVolumeSet.java:initializeVolumeSet(173)) - Added Volume : /home/runner/work/ozone/ozone/hadoop-ozone/integration-test/target/test-dir/MiniOzoneClusterImpl-073b5688-48cc-4907-9326-51c03fe36003/datanode-5/data/ratis to VolumeSet
2024-01-14 16:58:50,449 [main] INFO  ozoneimpl.OzoneContainer (HddsVolumeUtil.java:loadAllHddsVolumeDbStore(103)) - Load 1 volumes DbStore cost: 0ms
2024-01-14 16:58:50,450 [21dc7e34-f667-47e1-88cd-5882a68f9cf5-ContainerReader-0] INFO  ozoneimpl.ContainerReader (ContainerReader.java:readVolume(178)) - Finish verifying containers on volume /home/runner/work/ozone/ozone/hadoop-ozone/integration-test/target/test-dir/MiniOzoneClusterImpl-073b5688-48cc-4907-9326-51c03fe36003/datanode-5/data-0/containers/hdds
2024-01-14 16:58:50,450 [main] INFO  ozoneimpl.OzoneContainer (OzoneContainer.java:buildContainerSet(328)) - Build ContainerSet costs 0s
2024-01-14 16:58:50,452 [main] INFO  server.RaftServer (ConfUtils.java:logGet(46)) - raft.rpc.type = GRPC (default)
2024-01-14 16:58:50,452 [main] INFO  grpc.GrpcConfigKeys (ConfUtils.java:logFallback(53)) - raft.grpc.admin.host = null (fallback to raft.grpc.server.host)
2024-01-14 16:58:50,452 [main] INFO  grpc.GrpcConfigKeys (ConfUtils.java:logGet(46)) - raft.grpc.admin.port = 15147 (custom)
2024-01-14 16:58:50,452 [main] INFO  grpc.GrpcConfigKeys (ConfUtils.java:logFallback(53)) - raft.grpc.client.host = null (fallback to raft.grpc.server.host)
2024-01-14 16:58:50,452 [main] INFO  grpc.GrpcConfigKeys (ConfUtils.java:logGet(46)) - raft.grpc.client.port = 15146 (custom)
2024-01-14 16:58:50,453 [main] INFO  grpc.GrpcConfigKeys (ConfUtils.java:logGet(46)) - raft.grpc.server.host = null (default)
2024-01-14 16:58:50,453 [main] INFO  grpc.GrpcConfigKeys (ConfUtils.java:logGet(46)) - raft.grpc.server.port = 15148 (custom)
2024-01-14 16:58:50,453 [main] INFO  server.GrpcService (ConfUtils.java:logGet(46)) - raft.grpc.message.size.max = 32MB (=33554432) (custom)
2024-01-14 16:58:50,453 [main] INFO  server.RaftServerConfigKeys (ConfUtils.java:logGet(46)) - raft.server.log.appender.buffer.byte-limit = 8388608 (custom)
2024-01-14 16:58:50,453 [main] INFO  server.GrpcService (ConfUtils.java:logGet(46)) - raft.grpc.flow.control.window = 5MB (=5242880) (custom)
2024-01-14 16:58:50,453 [main] INFO  server.RaftServerConfigKeys (ConfUtils.java:logGet(46)) - raft.server.rpc.request.timeout = 3000ms (default)
2024-01-14 16:58:50,453 [main] INFO  grpc.GrpcConfigKeys (ConfUtils.java:logGet(46)) - raft.grpc.server.heartbeat.channel = true (default)
2024-01-14 16:58:50,453 [main] INFO  grpc.GrpcConfigKeys (ConfUtils.java:logGet(46)) - raft.grpc.server.async.request.thread.pool.cached = true (default)
2024-01-14 16:58:50,454 [main] INFO  grpc.GrpcConfigKeys (ConfUtils.java:logGet(46)) - raft.grpc.server.async.request.thread.pool.size = 32 (default)
2024-01-14 16:58:50,455 [main] INFO  impl.DataStreamServerImpl (ConfUtils.java:logGet(46)) - raft.datastream.type = NETTY (custom)
2024-01-14 16:58:50,456 [main] INFO  server.RaftServerConfigKeys (ConfUtils.java:logGet(46)) - raft.server.data-stream.async.request.thread.pool.cached = false (default)
2024-01-14 16:58:50,456 [main] INFO  server.RaftServerConfigKeys (ConfUtils.java:logGet(46)) - raft.server.data-stream.async.request.thread.pool.size = 20 (custom)
2024-01-14 16:58:50,456 [main] INFO  server.RaftServerConfigKeys (ConfUtils.java:logGet(46)) - raft.server.data-stream.async.write.thread.pool.size = 16 (default)
2024-01-14 16:58:50,456 [main] INFO  netty.NettyConfigKeys$DataStream (ConfUtils.java:logGet(46)) - raft.netty.dataStream.server.channel.inactive.grace-period = 10min (default)
2024-01-14 16:58:50,456 [main] INFO  server.RaftServerConfigKeys (ConfUtils.java:logGet(46)) - raft.server.data-stream.client.pool.size = 10 (default)
2024-01-14 16:58:50,456 [main] INFO  netty.NettyConfigKeys$DataStream (ConfUtils.java:logGet(46)) - raft.netty.dataStream.server.use-epoll = true (default)
2024-01-14 16:58:50,456 [main] INFO  netty.NettyConfigKeys$DataStream (ConfUtils.java:logGet(46)) - raft.netty.dataStream.server.boss-group.size = 0 (default)
2024-01-14 16:58:50,456 [main] INFO  netty.NettyUtils (NettyUtils.java:newEventLoopGroup(69)) - Create EpollEventLoopGroup for 21dc7e34-f667-47e1-88cd-5882a68f9cf5-NettyServerStreamRpc-bossGroup; Thread size is 0.
2024-01-14 16:58:50,457 [main] INFO  netty.NettyConfigKeys$DataStream (ConfUtils.java:logGet(46)) - raft.netty.dataStream.server.worker-group.size = 0 (default)
2024-01-14 16:58:50,457 [main] INFO  netty.NettyUtils (NettyUtils.java:newEventLoopGroup(69)) - Create EpollEventLoopGroup for 21dc7e34-f667-47e1-88cd-5882a68f9cf5-NettyServerStreamRpc-workerGroup; Thread size is 0.
2024-01-14 16:58:50,458 [main] INFO  netty.NettyConfigKeys$DataStream (ConfUtils.java:logGet(46)) - raft.netty.dataStream.server.tls.conf = null (default)
2024-01-14 16:58:50,458 [main] INFO  netty.NettyConfigKeys$DataStream (ConfUtils.java:logGet(46)) - raft.netty.dataStream.host = null (default)
2024-01-14 16:58:50,458 [main] INFO  netty.NettyConfigKeys$DataStream (ConfUtils.java:logGet(46)) - raft.netty.dataStream.port = 15149 (custom)
2024-01-14 16:58:50,458 [main] INFO  server.RaftServerConfigKeys (ConfUtils.java:logGet(46)) - raft.server.sleep.deviation.threshold = 300ms (default)
2024-01-14 16:58:50,459 [21dc7e34-f667-47e1-88cd-5882a68f9cf5-NettyServerStreamRpc-bossGroup--thread1] INFO  logging.LoggingHandler (AbstractInternalLogger.java:log(148)) - [id: 0x06a8ead7] REGISTERED
2024-01-14 16:58:50,459 [main] INFO  server.RaftServerConfigKeys (ConfUtils.java:logGet(46)) - raft.server.close.threshold = 60s (default)
2024-01-14 16:58:50,459 [main] INFO  server.RaftServerConfigKeys (ConfUtils.java:logGet(46)) - raft.server.leaderelection.leader.step-down.wait-time = 10s (default)
2024-01-14 16:58:50,459 [21dc7e34-f667-47e1-88cd-5882a68f9cf5-NettyServerStreamRpc-bossGroup--thread1] INFO  logging.LoggingHandler (AbstractInternalLogger.java:log(148)) - [id: 0x06a8ead7] BIND: 0.0.0.0/0.0.0.0:15149
2024-01-14 16:58:50,459 [main] INFO  server.RaftServerConfigKeys (ConfUtils.java:logGet(46)) - raft.server.storage.dir = [/home/runner/work/ozone/ozone/hadoop-ozone/integration-test/target/test-dir/MiniOzoneClusterImpl-073b5688-48cc-4907-9326-51c03fe36003/datanode-5/data/ratis] (custom)
2024-01-14 16:58:50,459 [21dc7e34-f667-47e1-88cd-5882a68f9cf5-NettyServerStreamRpc-bossGroup--thread1] INFO  logging.LoggingHandler (AbstractInternalLogger.java:log(148)) - [id: 0x06a8ead7, L:/0.0.0.0:15149] ACTIVE
2024-01-14 16:58:50,459 [main] INFO  server.RaftServerConfigKeys (ConfUtils.java:logGet(46)) - raft.server.threadpool.proxy.cached = true (default)
2024-01-14 16:58:50,459 [main] INFO  server.RaftServerConfigKeys (ConfUtils.java:logGet(46)) - raft.server.threadpool.proxy.size = 0 (default)
2024-01-14 16:58:50,460 [21dc7e34-f667-47e1-88cd-5882a68f9cf5-impl-thread1] INFO  server.RaftServer (RaftServerProxy.java:initGroupDir(264)) - 21dc7e34-f667-47e1-88cd-5882a68f9cf5: found a subdirectory /home/runner/work/ozone/ozone/hadoop-ozone/integration-test/target/test-dir/MiniOzoneClusterImpl-073b5688-48cc-4907-9326-51c03fe36003/datanode-5/data/ratis/tmp
2024-01-14 16:58:50,460 [21dc7e34-f667-47e1-88cd-5882a68f9cf5-impl-thread1] INFO  server.RaftServer (RaftServerProxy.java:initGroupDir(269)) - 21dc7e34-f667-47e1-88cd-5882a68f9cf5: The directory /home/runner/work/ozone/ozone/hadoop-ozone/integration-test/target/test-dir/MiniOzoneClusterImpl-073b5688-48cc-4907-9326-51c03fe36003/datanode-5/data/ratis/tmp is not a group directory; ignoring it. 
2024-01-14 16:58:50,460 [main] INFO  replication.ReplicationServer (ReplicationServer.java:<init>(85)) - Initializing replication server with thread count = 10 queue length = 4096
2024-01-14 16:58:50,461 [main] INFO  server.XceiverServerGrpc (XceiverServerGrpc.java:<init>(141)) - GrpcServer channel type EpollServerSocketChannel
2024-01-14 16:58:50,462 [main] INFO  replication.ReplicationSupervisor (ReplicationSupervisor.java:build(163)) - Initializing replication supervisor with thread count = 10
2024-01-14 16:58:50,463 [main] INFO  replication.ReplicationSupervisor (ReplicationSupervisor.java:nodeStateUpdated(317)) - Node state updated to IN_SERVICE, scaling executor pool size to 10
2024-01-14 16:58:50,464 [main] INFO  http.BaseHttpServer (BaseHttpServer.java:newHttpServer2BuilderForOzone(223)) - Starting Web-server for hddsDatanode at: http://0.0.0.0:15143
2024-01-14 16:58:50,464 [main] INFO  http.BaseHttpServer (BaseHttpServer.java:<init>(110)) - Hadoop Security Enabled: false Ozone Security Enabled: false Ozone HTTP Security Enabled: false 
2024-01-14 16:58:50,465 [main] WARN  server.AuthenticationFilter (AuthenticationFilter.java:constructSecretProvider(240)) - Unable to initialize FileSignerSecretProvider, falling back to use random secrets. Reason: Could not read signature secret file: /home/runner/hadoop-http-auth-signature-secret
2024-01-14 16:58:50,466 [main] INFO  http.HttpRequestLog (HttpRequestLog.java:getRequestLog(86)) - Http request log for http.requests.hddsDatanode is not defined
2024-01-14 16:58:50,467 [main] INFO  http.HttpServer2 (HttpServer2.java:addGlobalFilter(1036)) - Added global filter 'safety' (class=org.apache.hadoop.hdds.server.http.HttpServer2$QuotingInputFilter)
2024-01-14 16:58:50,468 [main] INFO  http.HttpServer2 (HttpServer2.java:addFilter(1012)) - Added filter static_user_filter (class=org.apache.hadoop.http.lib.StaticUserWebFilter$StaticUserFilter) to context hddsDatanode
2024-01-14 16:58:50,468 [main] INFO  http.HttpServer2 (HttpServer2.java:addFilter(1020)) - Added filter static_user_filter (class=org.apache.hadoop.http.lib.StaticUserWebFilter$StaticUserFilter) to context logs
2024-01-14 16:58:50,468 [main] INFO  http.HttpServer2 (HttpServer2.java:addFilter(1020)) - Added filter static_user_filter (class=org.apache.hadoop.http.lib.StaticUserWebFilter$StaticUserFilter) to context static
2024-01-14 16:58:50,469 [main] INFO  http.BaseHttpServer (BaseHttpServer.java:<init>(189)) - HTTP server of hddsDatanode uses base directory /home/runner/work/ozone/ozone/hadoop-ozone/integration-test/target/test-dir/MiniOzoneClusterImpl-073b5688-48cc-4907-9326-51c03fe36003/datanode-5/meta/webserver
2024-01-14 16:58:50,469 [main] INFO  http.HttpServer2 (HttpServer2.java:bindListener(1236)) - Jetty bound to port 15143
2024-01-14 16:58:50,469 [main] INFO  server.Server (Server.java:doStart(375)) - jetty-9.4.53.v20231009; built: 2023-10-09T12:29:09.265Z; git: 27bde00a0b95a1d5bbee0eae7984f891d2d0f8c9; jvm 1.8.0_392-b08
2024-01-14 16:58:50,481 [main] INFO  server.session (DefaultSessionIdManager.java:doStart(334)) - DefaultSessionIdManager workerName=node0
2024-01-14 16:58:50,481 [main] INFO  server.session (DefaultSessionIdManager.java:doStart(339)) - No SessionScavenger set, using defaults
2024-01-14 16:58:50,481 [main] INFO  server.session (HouseKeeper.java:startScavenging(132)) - node0 Scavenging every 600000ms
2024-01-14 16:58:50,484 [main] INFO  handler.ContextHandler (ContextHandler.java:doStart(921)) - Started o.e.j.s.ServletContextHandler@23ff2e4d{logs,/logs,file:///home/runner/work/ozone/ozone/hadoop-ozone/integration-test/target/log,AVAILABLE}
2024-01-14 16:58:50,484 [main] INFO  handler.ContextHandler (ContextHandler.java:doStart(921)) - Started o.e.j.s.ServletContextHandler@4838ccdd{static,/static,jar:file:/home/runner/.m2/repository/org/apache/ozone/hdds-container-service/1.5.0-SNAPSHOT/hdds-container-service-1.5.0-SNAPSHOT.jar!/webapps/static,AVAILABLE}
2024-01-14 16:58:50,517 [main] INFO  handler.ContextHandler (ContextHandler.java:doStart(921)) - Started o.e.j.w.WebAppContext@249f78f6{hddsDatanode,/,file:///home/runner/work/ozone/ozone/hadoop-ozone/integration-test/target/test-dir/MiniOzoneClusterImpl-073b5688-48cc-4907-9326-51c03fe36003/datanode-5/meta/webserver/jetty-0_0_0_0-15143-hdds-container-service-1_5_0-SNAPSHOT_jar-_-any-2413005674605070652/webapp/,AVAILABLE}{jar:file:/home/runner/.m2/repository/org/apache/ozone/hdds-container-service/1.5.0-SNAPSHOT/hdds-container-service-1.5.0-SNAPSHOT.jar!/webapps/hddsDatanode}
2024-01-14 16:58:50,518 [main] INFO  server.AbstractConnector (AbstractConnector.java:doStart(333)) - Started ServerConnector@1b83fe69{HTTP/1.1, (http/1.1)}{0.0.0.0:15143}
2024-01-14 16:58:50,519 [main] INFO  server.Server (Server.java:doStart(415)) - Started @49703ms
2024-01-14 16:58:50,519 [main] WARN  impl.MetricsSystemImpl (MetricsSystemImpl.java:register(279)) - Sink prometheus already exists!
2024-01-14 16:58:50,519 [main] INFO  http.BaseHttpServer (BaseHttpServer.java:updateConnectorAddress(354)) - HTTP server of hddsDatanode listening at http://0.0.0.0:15143
2024-01-14 16:58:50,520 [main] INFO  ipc.CallQueueManager (CallQueueManager.java:<init>(90)) - Using callQueue: class java.util.concurrent.LinkedBlockingQueue, queueCapacity: 100, scheduler: class org.apache.hadoop.ipc.DefaultRpcScheduler, ipcBackoff: false.
2024-01-14 16:58:50,520 [main] INFO  ipc.Server (Server.java:<init>(1287)) - Listener at 0.0.0.0:15144
2024-01-14 16:58:50,544 [Socket Reader #1 for port 15144] INFO  ipc.Server (Server.java:run(1323)) - Starting Socket Reader #1 for port 15144
2024-01-14 16:58:50,548 [main] INFO  ozone.HddsDatanodeService (HddsDatanodeService.java:start(324)) - Datanode start with admins: [runner]
2024-01-14 16:58:50,548 [main] INFO  ozone.HddsDatanodeClientProtocolServer (HddsDatanodeClientProtocolServer.java:start(72)) - RPC server for Client /0.0.0.0:15144
2024-01-14 16:58:50,550 [IPC Server Responder] INFO  ipc.Server (Server.java:run(1562)) - IPC Server Responder: starting
2024-01-14 16:58:50,555 [main] WARN  dropwizard3.Dm3MetricRegistriesImpl (Dm3MetricRegistriesImpl.java:addReporterRegistration(113)) - New reporters are added after registries were created. Some metrics will be missing from the reporter. Please add reporter before adding any new registry.
2024-01-14 16:58:50,557 [main] WARN  dropwizard3.Dm3MetricRegistriesImpl (Dm3MetricRegistriesImpl.java:addReporterRegistration(113)) - New reporters are added after registries were created. Some metrics will be missing from the reporter. Please add reporter before adding any new registry.
2024-01-14 16:58:50,557 [main] INFO  impl.MetricsSystemImpl (MetricsSystemImpl.java:init(158)) - HddsDatanode metrics system started (again)
2024-01-14 16:58:50,555 [21dc7e34-f667-47e1-88cd-5882a68f9cf5-DatanodeStateMachineDaemonThread] INFO  statemachine.DatanodeStateMachine (DatanodeStateMachine.java:lambda$startDaemon$1(555)) - Ozone container server started.
2024-01-14 16:58:50,553 [IPC Server listener on 15144] INFO  ipc.Server (Server.java:run(1402)) - IPC Server listener on 15144: starting
2024-01-14 16:58:50,564 [21dc7e34-f667-47e1-88cd-5882a68f9cf5-DatanodeStateMachineTaskThread-0] INFO  datanode.InitDatanodeState (InitDatanodeState.java:persistContainerDatanodeDetails(139)) - DatanodeDetails is persisted to /home/runner/work/ozone/ozone/hadoop-ozone/integration-test/target/test-dir/MiniOzoneClusterImpl-073b5688-48cc-4907-9326-51c03fe36003/datanode-5/meta/datanode.id
2024-01-14 16:58:50,571 [main] INFO  ozone.HddsDatanodeService (HddsDatanodeService.java:start(239)) - HddsDatanodeService host:fv-az1248-16.lhg1ljel1gwudbpqdk5ar2pfag.bx.internal.cloudapp.net ip:10.1.0.34
2024-01-14 16:58:50,588 [main] INFO  upgrade.AbstractLayoutVersionManager (AbstractLayoutVersionManager.java:init(83)) - Initializing Layout version manager with metadata layout = HADOOP_PRC_PORTS_IN_DATANODEDETAILS (version = 7), software layout = HADOOP_PRC_PORTS_IN_DATANODEDETAILS (version = 7)
2024-01-14 16:58:50,588 [main] INFO  statemachine.DatanodeStateMachine (DatanodeStateMachine.java:getEndPointTaskThreadPoolSize(299)) - Datanode State Machine Task Thread Pool size 2
2024-01-14 16:58:50,590 [main] INFO  volume.HddsVolume (HddsVolume.java:<init>(125)) - Creating HddsVolume: /home/runner/work/ozone/ozone/hadoop-ozone/integration-test/target/test-dir/MiniOzoneClusterImpl-073b5688-48cc-4907-9326-51c03fe36003/datanode-6/data-0/containers/hdds of storage type : DISK capacity : 9223372036854775807
2024-01-14 16:58:50,590 [main] INFO  volume.MutableVolumeSet (MutableVolumeSet.java:initializeVolumeSet(173)) - Added Volume : /home/runner/work/ozone/ozone/hadoop-ozone/integration-test/target/test-dir/MiniOzoneClusterImpl-073b5688-48cc-4907-9326-51c03fe36003/datanode-6/data-0/containers/hdds to VolumeSet
2024-01-14 16:58:50,590 [main] INFO  volume.MutableVolumeSet (MutableVolumeSet.java:initializeVolumeSet(173)) - Added Volume : /home/runner/work/ozone/ozone/hadoop-ozone/integration-test/target/test-dir/MiniOzoneClusterImpl-073b5688-48cc-4907-9326-51c03fe36003/datanode-6/data/ratis to VolumeSet
2024-01-14 16:58:50,591 [main] INFO  ozoneimpl.OzoneContainer (HddsVolumeUtil.java:loadAllHddsVolumeDbStore(103)) - Load 1 volumes DbStore cost: 0ms
2024-01-14 16:58:50,591 [fd48a60a-820f-4974-a983-c7065961ec94-ContainerReader-0] INFO  ozoneimpl.ContainerReader (ContainerReader.java:readVolume(178)) - Finish verifying containers on volume /home/runner/work/ozone/ozone/hadoop-ozone/integration-test/target/test-dir/MiniOzoneClusterImpl-073b5688-48cc-4907-9326-51c03fe36003/datanode-6/data-0/containers/hdds
2024-01-14 16:58:50,592 [main] INFO  ozoneimpl.OzoneContainer (OzoneContainer.java:buildContainerSet(328)) - Build ContainerSet costs 0s
2024-01-14 16:58:50,593 [main] INFO  server.RaftServer (ConfUtils.java:logGet(46)) - raft.rpc.type = GRPC (default)
2024-01-14 16:58:50,594 [main] INFO  grpc.GrpcConfigKeys (ConfUtils.java:logFallback(53)) - raft.grpc.admin.host = null (fallback to raft.grpc.server.host)
2024-01-14 16:58:50,594 [main] INFO  grpc.GrpcConfigKeys (ConfUtils.java:logGet(46)) - raft.grpc.admin.port = 15156 (custom)
2024-01-14 16:58:50,594 [main] INFO  grpc.GrpcConfigKeys (ConfUtils.java:logFallback(53)) - raft.grpc.client.host = null (fallback to raft.grpc.server.host)
2024-01-14 16:58:50,594 [main] INFO  grpc.GrpcConfigKeys (ConfUtils.java:logGet(46)) - raft.grpc.client.port = 15155 (custom)
2024-01-14 16:58:50,594 [main] INFO  grpc.GrpcConfigKeys (ConfUtils.java:logGet(46)) - raft.grpc.server.host = null (default)
2024-01-14 16:58:50,594 [main] INFO  grpc.GrpcConfigKeys (ConfUtils.java:logGet(46)) - raft.grpc.server.port = 15157 (custom)
2024-01-14 16:58:50,594 [main] INFO  server.GrpcService (ConfUtils.java:logGet(46)) - raft.grpc.message.size.max = 32MB (=33554432) (custom)
2024-01-14 16:58:50,594 [main] INFO  server.RaftServerConfigKeys (ConfUtils.java:logGet(46)) - raft.server.log.appender.buffer.byte-limit = 8388608 (custom)
2024-01-14 16:58:50,595 [main] INFO  server.GrpcService (ConfUtils.java:logGet(46)) - raft.grpc.flow.control.window = 5MB (=5242880) (custom)
2024-01-14 16:58:50,595 [main] INFO  server.RaftServerConfigKeys (ConfUtils.java:logGet(46)) - raft.server.rpc.request.timeout = 3000ms (default)
2024-01-14 16:58:50,595 [main] INFO  grpc.GrpcConfigKeys (ConfUtils.java:logGet(46)) - raft.grpc.server.heartbeat.channel = true (default)
2024-01-14 16:58:50,595 [main] INFO  grpc.GrpcConfigKeys (ConfUtils.java:logGet(46)) - raft.grpc.server.async.request.thread.pool.cached = true (default)
2024-01-14 16:58:50,595 [main] INFO  grpc.GrpcConfigKeys (ConfUtils.java:logGet(46)) - raft.grpc.server.async.request.thread.pool.size = 32 (default)
2024-01-14 16:58:50,597 [main] INFO  impl.DataStreamServerImpl (ConfUtils.java:logGet(46)) - raft.datastream.type = NETTY (custom)
2024-01-14 16:58:50,597 [main] INFO  server.RaftServerConfigKeys (ConfUtils.java:logGet(46)) - raft.server.data-stream.async.request.thread.pool.cached = false (default)
2024-01-14 16:58:50,597 [main] INFO  server.RaftServerConfigKeys (ConfUtils.java:logGet(46)) - raft.server.data-stream.async.request.thread.pool.size = 20 (custom)
2024-01-14 16:58:50,598 [main] INFO  server.RaftServerConfigKeys (ConfUtils.java:logGet(46)) - raft.server.data-stream.async.write.thread.pool.size = 16 (default)
2024-01-14 16:58:50,598 [main] INFO  netty.NettyConfigKeys$DataStream (ConfUtils.java:logGet(46)) - raft.netty.dataStream.server.channel.inactive.grace-period = 10min (default)
2024-01-14 16:58:50,598 [main] INFO  server.RaftServerConfigKeys (ConfUtils.java:logGet(46)) - raft.server.data-stream.client.pool.size = 10 (default)
2024-01-14 16:58:50,598 [main] INFO  netty.NettyConfigKeys$DataStream (ConfUtils.java:logGet(46)) - raft.netty.dataStream.server.use-epoll = true (default)
2024-01-14 16:58:50,598 [main] INFO  netty.NettyConfigKeys$DataStream (ConfUtils.java:logGet(46)) - raft.netty.dataStream.server.boss-group.size = 0 (default)
2024-01-14 16:58:50,599 [main] INFO  netty.NettyUtils (NettyUtils.java:newEventLoopGroup(69)) - Create EpollEventLoopGroup for fd48a60a-820f-4974-a983-c7065961ec94-NettyServerStreamRpc-bossGroup; Thread size is 0.
2024-01-14 16:58:50,599 [main] INFO  netty.NettyConfigKeys$DataStream (ConfUtils.java:logGet(46)) - raft.netty.dataStream.server.worker-group.size = 0 (default)
2024-01-14 16:58:50,599 [main] INFO  netty.NettyUtils (NettyUtils.java:newEventLoopGroup(69)) - Create EpollEventLoopGroup for fd48a60a-820f-4974-a983-c7065961ec94-NettyServerStreamRpc-workerGroup; Thread size is 0.
2024-01-14 16:58:50,599 [main] INFO  netty.NettyConfigKeys$DataStream (ConfUtils.java:logGet(46)) - raft.netty.dataStream.server.tls.conf = null (default)
2024-01-14 16:58:50,600 [main] INFO  netty.NettyConfigKeys$DataStream (ConfUtils.java:logGet(46)) - raft.netty.dataStream.host = null (default)
2024-01-14 16:58:50,600 [main] INFO  netty.NettyConfigKeys$DataStream (ConfUtils.java:logGet(46)) - raft.netty.dataStream.port = 15158 (custom)
2024-01-14 16:58:50,600 [main] INFO  server.RaftServerConfigKeys (ConfUtils.java:logGet(46)) - raft.server.sleep.deviation.threshold = 300ms (default)
2024-01-14 16:58:50,600 [main] INFO  server.RaftServerConfigKeys (ConfUtils.java:logGet(46)) - raft.server.close.threshold = 60s (default)
2024-01-14 16:58:50,601 [main] INFO  server.RaftServerConfigKeys (ConfUtils.java:logGet(46)) - raft.server.leaderelection.leader.step-down.wait-time = 10s (default)
2024-01-14 16:58:50,600 [fd48a60a-820f-4974-a983-c7065961ec94-NettyServerStreamRpc-bossGroup--thread1] INFO  logging.LoggingHandler (AbstractInternalLogger.java:log(148)) - [id: 0xb9b24826] REGISTERED
2024-01-14 16:58:50,601 [main] INFO  server.RaftServerConfigKeys (ConfUtils.java:logGet(46)) - raft.server.storage.dir = [/home/runner/work/ozone/ozone/hadoop-ozone/integration-test/target/test-dir/MiniOzoneClusterImpl-073b5688-48cc-4907-9326-51c03fe36003/datanode-6/data/ratis] (custom)
2024-01-14 16:58:50,601 [fd48a60a-820f-4974-a983-c7065961ec94-NettyServerStreamRpc-bossGroup--thread1] INFO  logging.LoggingHandler (AbstractInternalLogger.java:log(148)) - [id: 0xb9b24826] BIND: 0.0.0.0/0.0.0.0:15158
2024-01-14 16:58:50,601 [main] INFO  server.RaftServerConfigKeys (ConfUtils.java:logGet(46)) - raft.server.threadpool.proxy.cached = true (default)
2024-01-14 16:58:50,602 [main] INFO  server.RaftServerConfigKeys (ConfUtils.java:logGet(46)) - raft.server.threadpool.proxy.size = 0 (default)
2024-01-14 16:58:50,602 [fd48a60a-820f-4974-a983-c7065961ec94-NettyServerStreamRpc-bossGroup--thread1] INFO  logging.LoggingHandler (AbstractInternalLogger.java:log(148)) - [id: 0xb9b24826, L:/0.0.0.0:15158] ACTIVE
2024-01-14 16:58:50,602 [fd48a60a-820f-4974-a983-c7065961ec94-impl-thread1] INFO  server.RaftServer (RaftServerProxy.java:initGroupDir(264)) - fd48a60a-820f-4974-a983-c7065961ec94: found a subdirectory /home/runner/work/ozone/ozone/hadoop-ozone/integration-test/target/test-dir/MiniOzoneClusterImpl-073b5688-48cc-4907-9326-51c03fe36003/datanode-6/data/ratis/tmp
2024-01-14 16:58:50,602 [fd48a60a-820f-4974-a983-c7065961ec94-impl-thread1] INFO  server.RaftServer (RaftServerProxy.java:initGroupDir(269)) - fd48a60a-820f-4974-a983-c7065961ec94: The directory /home/runner/work/ozone/ozone/hadoop-ozone/integration-test/target/test-dir/MiniOzoneClusterImpl-073b5688-48cc-4907-9326-51c03fe36003/datanode-6/data/ratis/tmp is not a group directory; ignoring it. 
2024-01-14 16:58:50,602 [main] INFO  replication.ReplicationServer (ReplicationServer.java:<init>(85)) - Initializing replication server with thread count = 10 queue length = 4096
2024-01-14 16:58:50,603 [main] INFO  server.XceiverServerGrpc (XceiverServerGrpc.java:<init>(141)) - GrpcServer channel type EpollServerSocketChannel
2024-01-14 16:58:50,605 [main] INFO  replication.ReplicationSupervisor (ReplicationSupervisor.java:build(163)) - Initializing replication supervisor with thread count = 10
2024-01-14 16:58:50,605 [main] INFO  replication.ReplicationSupervisor (ReplicationSupervisor.java:nodeStateUpdated(317)) - Node state updated to IN_SERVICE, scaling executor pool size to 10
2024-01-14 16:58:50,607 [main] INFO  http.BaseHttpServer (BaseHttpServer.java:newHttpServer2BuilderForOzone(223)) - Starting Web-server for hddsDatanode at: http://0.0.0.0:15152
2024-01-14 16:58:50,607 [main] INFO  http.BaseHttpServer (BaseHttpServer.java:<init>(110)) - Hadoop Security Enabled: false Ozone Security Enabled: false Ozone HTTP Security Enabled: false 
2024-01-14 16:58:50,608 [main] WARN  server.AuthenticationFilter (AuthenticationFilter.java:constructSecretProvider(240)) - Unable to initialize FileSignerSecretProvider, falling back to use random secrets. Reason: Could not read signature secret file: /home/runner/hadoop-http-auth-signature-secret
2024-01-14 16:58:50,608 [main] INFO  http.HttpRequestLog (HttpRequestLog.java:getRequestLog(86)) - Http request log for http.requests.hddsDatanode is not defined
2024-01-14 16:58:50,610 [main] INFO  http.HttpServer2 (HttpServer2.java:addGlobalFilter(1036)) - Added global filter 'safety' (class=org.apache.hadoop.hdds.server.http.HttpServer2$QuotingInputFilter)
2024-01-14 16:58:50,610 [main] INFO  http.HttpServer2 (HttpServer2.java:addFilter(1012)) - Added filter static_user_filter (class=org.apache.hadoop.http.lib.StaticUserWebFilter$StaticUserFilter) to context hddsDatanode
2024-01-14 16:58:50,610 [main] INFO  http.HttpServer2 (HttpServer2.java:addFilter(1020)) - Added filter static_user_filter (class=org.apache.hadoop.http.lib.StaticUserWebFilter$StaticUserFilter) to context static
2024-01-14 16:58:50,610 [main] INFO  http.HttpServer2 (HttpServer2.java:addFilter(1020)) - Added filter static_user_filter (class=org.apache.hadoop.http.lib.StaticUserWebFilter$StaticUserFilter) to context logs
2024-01-14 16:58:50,611 [main] INFO  http.BaseHttpServer (BaseHttpServer.java:<init>(189)) - HTTP server of hddsDatanode uses base directory /home/runner/work/ozone/ozone/hadoop-ozone/integration-test/target/test-dir/MiniOzoneClusterImpl-073b5688-48cc-4907-9326-51c03fe36003/datanode-6/meta/webserver
2024-01-14 16:58:50,611 [main] INFO  http.HttpServer2 (HttpServer2.java:bindListener(1236)) - Jetty bound to port 15152
2024-01-14 16:58:50,611 [main] INFO  server.Server (Server.java:doStart(375)) - jetty-9.4.53.v20231009; built: 2023-10-09T12:29:09.265Z; git: 27bde00a0b95a1d5bbee0eae7984f891d2d0f8c9; jvm 1.8.0_392-b08
2024-01-14 16:58:50,612 [main] INFO  server.session (DefaultSessionIdManager.java:doStart(334)) - DefaultSessionIdManager workerName=node0
2024-01-14 16:58:50,612 [main] INFO  server.session (DefaultSessionIdManager.java:doStart(339)) - No SessionScavenger set, using defaults
2024-01-14 16:58:50,612 [main] INFO  server.session (HouseKeeper.java:startScavenging(132)) - node0 Scavenging every 660000ms
2024-01-14 16:58:50,613 [main] INFO  handler.ContextHandler (ContextHandler.java:doStart(921)) - Started o.e.j.s.ServletContextHandler@76c09b27{logs,/logs,file:///home/runner/work/ozone/ozone/hadoop-ozone/integration-test/target/log,AVAILABLE}
2024-01-14 16:58:50,613 [main] INFO  handler.ContextHandler (ContextHandler.java:doStart(921)) - Started o.e.j.s.ServletContextHandler@1c2af03e{static,/static,jar:file:/home/runner/.m2/repository/org/apache/ozone/hdds-container-service/1.5.0-SNAPSHOT/hdds-container-service-1.5.0-SNAPSHOT.jar!/webapps/static,AVAILABLE}
2024-01-14 16:58:50,646 [main] INFO  handler.ContextHandler (ContextHandler.java:doStart(921)) - Started o.e.j.w.WebAppContext@493d4423{hddsDatanode,/,file:///home/runner/work/ozone/ozone/hadoop-ozone/integration-test/target/test-dir/MiniOzoneClusterImpl-073b5688-48cc-4907-9326-51c03fe36003/datanode-6/meta/webserver/jetty-0_0_0_0-15152-hdds-container-service-1_5_0-SNAPSHOT_jar-_-any-2572563885265774656/webapp/,AVAILABLE}{jar:file:/home/runner/.m2/repository/org/apache/ozone/hdds-container-service/1.5.0-SNAPSHOT/hdds-container-service-1.5.0-SNAPSHOT.jar!/webapps/hddsDatanode}
2024-01-14 16:58:50,648 [main] INFO  server.AbstractConnector (AbstractConnector.java:doStart(333)) - Started ServerConnector@1eb1f09{HTTP/1.1, (http/1.1)}{0.0.0.0:15152}
2024-01-14 16:58:50,648 [main] INFO  server.Server (Server.java:doStart(415)) - Started @49833ms
2024-01-14 16:58:50,649 [main] WARN  impl.MetricsSystemImpl (MetricsSystemImpl.java:register(279)) - Sink prometheus already exists!
2024-01-14 16:58:50,649 [main] INFO  http.BaseHttpServer (BaseHttpServer.java:updateConnectorAddress(354)) - HTTP server of hddsDatanode listening at http://0.0.0.0:15152
2024-01-14 16:58:50,649 [main] INFO  ipc.CallQueueManager (CallQueueManager.java:<init>(90)) - Using callQueue: class java.util.concurrent.LinkedBlockingQueue, queueCapacity: 100, scheduler: class org.apache.hadoop.ipc.DefaultRpcScheduler, ipcBackoff: false.
2024-01-14 16:58:50,650 [main] INFO  ipc.Server (Server.java:<init>(1287)) - Listener at 0.0.0.0:15153
2024-01-14 16:58:50,650 [Socket Reader #1 for port 15153] INFO  ipc.Server (Server.java:run(1323)) - Starting Socket Reader #1 for port 15153
2024-01-14 16:58:50,654 [main] INFO  ozone.HddsDatanodeService (HddsDatanodeService.java:start(324)) - Datanode start with admins: [runner]
2024-01-14 16:58:50,654 [main] INFO  ozone.HddsDatanodeClientProtocolServer (HddsDatanodeClientProtocolServer.java:start(72)) - RPC server for Client /0.0.0.0:15153
2024-01-14 16:58:50,655 [IPC Server Responder] INFO  ipc.Server (Server.java:run(1562)) - IPC Server Responder: starting
2024-01-14 16:58:50,655 [IPC Server listener on 15153] INFO  ipc.Server (Server.java:run(1402)) - IPC Server listener on 15153: starting
2024-01-14 16:58:50,656 [fd48a60a-820f-4974-a983-c7065961ec94-DatanodeStateMachineDaemonThread] INFO  statemachine.DatanodeStateMachine (DatanodeStateMachine.java:lambda$startDaemon$1(555)) - Ozone container server started.
2024-01-14 16:58:50,656 [main] WARN  dropwizard3.Dm3MetricRegistriesImpl (Dm3MetricRegistriesImpl.java:addReporterRegistration(113)) - New reporters are added after registries were created. Some metrics will be missing from the reporter. Please add reporter before adding any new registry.
2024-01-14 16:58:50,657 [main] WARN  dropwizard3.Dm3MetricRegistriesImpl (Dm3MetricRegistriesImpl.java:addReporterRegistration(113)) - New reporters are added after registries were created. Some metrics will be missing from the reporter. Please add reporter before adding any new registry.
2024-01-14 16:58:50,658 [main] INFO  impl.MetricsSystemImpl (MetricsSystemImpl.java:init(158)) - HddsDatanode metrics system started (again)
2024-01-14 16:58:50,661 [fd48a60a-820f-4974-a983-c7065961ec94-DatanodeStateMachineTaskThread-0] INFO  datanode.InitDatanodeState (InitDatanodeState.java:persistContainerDatanodeDetails(139)) - DatanodeDetails is persisted to /home/runner/work/ozone/ozone/hadoop-ozone/integration-test/target/test-dir/MiniOzoneClusterImpl-073b5688-48cc-4907-9326-51c03fe36003/datanode-6/meta/datanode.id
2024-01-14 16:58:50,666 [main] INFO  ozone.HddsDatanodeService (HddsDatanodeService.java:start(239)) - HddsDatanodeService host:fv-az1248-16.lhg1ljel1gwudbpqdk5ar2pfag.bx.internal.cloudapp.net ip:10.1.0.34
2024-01-14 16:58:50,682 [main] INFO  upgrade.AbstractLayoutVersionManager (AbstractLayoutVersionManager.java:init(83)) - Initializing Layout version manager with metadata layout = HADOOP_PRC_PORTS_IN_DATANODEDETAILS (version = 7), software layout = HADOOP_PRC_PORTS_IN_DATANODEDETAILS (version = 7)
2024-01-14 16:58:50,682 [main] INFO  statemachine.DatanodeStateMachine (DatanodeStateMachine.java:getEndPointTaskThreadPoolSize(299)) - Datanode State Machine Task Thread Pool size 2
2024-01-14 16:58:50,683 [main] INFO  volume.HddsVolume (HddsVolume.java:<init>(125)) - Creating HddsVolume: /home/runner/work/ozone/ozone/hadoop-ozone/integration-test/target/test-dir/MiniOzoneClusterImpl-073b5688-48cc-4907-9326-51c03fe36003/datanode-7/data-0/containers/hdds of storage type : DISK capacity : 9223372036854775807
2024-01-14 16:58:50,683 [main] INFO  volume.MutableVolumeSet (MutableVolumeSet.java:initializeVolumeSet(173)) - Added Volume : /home/runner/work/ozone/ozone/hadoop-ozone/integration-test/target/test-dir/MiniOzoneClusterImpl-073b5688-48cc-4907-9326-51c03fe36003/datanode-7/data-0/containers/hdds to VolumeSet
2024-01-14 16:58:50,684 [main] INFO  volume.MutableVolumeSet (MutableVolumeSet.java:initializeVolumeSet(173)) - Added Volume : /home/runner/work/ozone/ozone/hadoop-ozone/integration-test/target/test-dir/MiniOzoneClusterImpl-073b5688-48cc-4907-9326-51c03fe36003/datanode-7/data/ratis to VolumeSet
2024-01-14 16:58:50,685 [main] INFO  ozoneimpl.OzoneContainer (HddsVolumeUtil.java:loadAllHddsVolumeDbStore(103)) - Load 1 volumes DbStore cost: 0ms
2024-01-14 16:58:50,685 [7ded70f2-1c6f-4acc-8465-7e233baee92c-ContainerReader-0] INFO  ozoneimpl.ContainerReader (ContainerReader.java:readVolume(178)) - Finish verifying containers on volume /home/runner/work/ozone/ozone/hadoop-ozone/integration-test/target/test-dir/MiniOzoneClusterImpl-073b5688-48cc-4907-9326-51c03fe36003/datanode-7/data-0/containers/hdds
2024-01-14 16:58:50,685 [main] INFO  ozoneimpl.OzoneContainer (OzoneContainer.java:buildContainerSet(328)) - Build ContainerSet costs 0s
2024-01-14 16:58:50,687 [main] INFO  server.RaftServer (ConfUtils.java:logGet(46)) - raft.rpc.type = GRPC (default)
2024-01-14 16:58:50,688 [main] INFO  grpc.GrpcConfigKeys (ConfUtils.java:logFallback(53)) - raft.grpc.admin.host = null (fallback to raft.grpc.server.host)
2024-01-14 16:58:50,688 [main] INFO  grpc.GrpcConfigKeys (ConfUtils.java:logGet(46)) - raft.grpc.admin.port = 15165 (custom)
2024-01-14 16:58:50,688 [main] INFO  grpc.GrpcConfigKeys (ConfUtils.java:logFallback(53)) - raft.grpc.client.host = null (fallback to raft.grpc.server.host)
2024-01-14 16:58:50,688 [main] INFO  grpc.GrpcConfigKeys (ConfUtils.java:logGet(46)) - raft.grpc.client.port = 15164 (custom)
2024-01-14 16:58:50,689 [main] INFO  grpc.GrpcConfigKeys (ConfUtils.java:logGet(46)) - raft.grpc.server.host = null (default)
2024-01-14 16:58:50,689 [main] INFO  grpc.GrpcConfigKeys (ConfUtils.java:logGet(46)) - raft.grpc.server.port = 15166 (custom)
2024-01-14 16:58:50,689 [main] INFO  server.GrpcService (ConfUtils.java:logGet(46)) - raft.grpc.message.size.max = 32MB (=33554432) (custom)
2024-01-14 16:58:50,689 [main] INFO  server.RaftServerConfigKeys (ConfUtils.java:logGet(46)) - raft.server.log.appender.buffer.byte-limit = 8388608 (custom)
2024-01-14 16:58:50,690 [main] INFO  server.GrpcService (ConfUtils.java:logGet(46)) - raft.grpc.flow.control.window = 5MB (=5242880) (custom)
2024-01-14 16:58:50,690 [main] INFO  server.RaftServerConfigKeys (ConfUtils.java:logGet(46)) - raft.server.rpc.request.timeout = 3000ms (default)
2024-01-14 16:58:50,690 [main] INFO  grpc.GrpcConfigKeys (ConfUtils.java:logGet(46)) - raft.grpc.server.heartbeat.channel = true (default)
2024-01-14 16:58:50,690 [main] INFO  grpc.GrpcConfigKeys (ConfUtils.java:logGet(46)) - raft.grpc.server.async.request.thread.pool.cached = true (default)
2024-01-14 16:58:50,690 [main] INFO  grpc.GrpcConfigKeys (ConfUtils.java:logGet(46)) - raft.grpc.server.async.request.thread.pool.size = 32 (default)
2024-01-14 16:58:50,693 [main] INFO  impl.DataStreamServerImpl (ConfUtils.java:logGet(46)) - raft.datastream.type = NETTY (custom)
2024-01-14 16:58:50,693 [main] INFO  server.RaftServerConfigKeys (ConfUtils.java:logGet(46)) - raft.server.data-stream.async.request.thread.pool.cached = false (default)
2024-01-14 16:58:50,693 [main] INFO  server.RaftServerConfigKeys (ConfUtils.java:logGet(46)) - raft.server.data-stream.async.request.thread.pool.size = 20 (custom)
2024-01-14 16:58:50,694 [main] INFO  server.RaftServerConfigKeys (ConfUtils.java:logGet(46)) - raft.server.data-stream.async.write.thread.pool.size = 16 (default)
2024-01-14 16:58:50,694 [main] INFO  netty.NettyConfigKeys$DataStream (ConfUtils.java:logGet(46)) - raft.netty.dataStream.server.channel.inactive.grace-period = 10min (default)
2024-01-14 16:58:50,694 [main] INFO  server.RaftServerConfigKeys (ConfUtils.java:logGet(46)) - raft.server.data-stream.client.pool.size = 10 (default)
2024-01-14 16:58:50,694 [main] INFO  netty.NettyConfigKeys$DataStream (ConfUtils.java:logGet(46)) - raft.netty.dataStream.server.use-epoll = true (default)
2024-01-14 16:58:50,694 [main] INFO  netty.NettyConfigKeys$DataStream (ConfUtils.java:logGet(46)) - raft.netty.dataStream.server.boss-group.size = 0 (default)
2024-01-14 16:58:50,695 [main] INFO  netty.NettyUtils (NettyUtils.java:newEventLoopGroup(69)) - Create EpollEventLoopGroup for 7ded70f2-1c6f-4acc-8465-7e233baee92c-NettyServerStreamRpc-bossGroup; Thread size is 0.
2024-01-14 16:58:50,695 [main] INFO  netty.NettyConfigKeys$DataStream (ConfUtils.java:logGet(46)) - raft.netty.dataStream.server.worker-group.size = 0 (default)
2024-01-14 16:58:50,695 [main] INFO  netty.NettyUtils (NettyUtils.java:newEventLoopGroup(69)) - Create EpollEventLoopGroup for 7ded70f2-1c6f-4acc-8465-7e233baee92c-NettyServerStreamRpc-workerGroup; Thread size is 0.
2024-01-14 16:58:50,696 [main] INFO  netty.NettyConfigKeys$DataStream (ConfUtils.java:logGet(46)) - raft.netty.dataStream.server.tls.conf = null (default)
2024-01-14 16:58:50,696 [main] INFO  netty.NettyConfigKeys$DataStream (ConfUtils.java:logGet(46)) - raft.netty.dataStream.host = null (default)
2024-01-14 16:58:50,696 [main] INFO  netty.NettyConfigKeys$DataStream (ConfUtils.java:logGet(46)) - raft.netty.dataStream.port = 15167 (custom)
2024-01-14 16:58:50,697 [main] INFO  server.RaftServerConfigKeys (ConfUtils.java:logGet(46)) - raft.server.sleep.deviation.threshold = 300ms (default)
2024-01-14 16:58:50,697 [main] INFO  server.RaftServerConfigKeys (ConfUtils.java:logGet(46)) - raft.server.close.threshold = 60s (default)
2024-01-14 16:58:50,697 [main] INFO  server.RaftServerConfigKeys (ConfUtils.java:logGet(46)) - raft.server.leaderelection.leader.step-down.wait-time = 10s (default)
2024-01-14 16:58:50,698 [main] INFO  server.RaftServerConfigKeys (ConfUtils.java:logGet(46)) - raft.server.storage.dir = [/home/runner/work/ozone/ozone/hadoop-ozone/integration-test/target/test-dir/MiniOzoneClusterImpl-073b5688-48cc-4907-9326-51c03fe36003/datanode-7/data/ratis] (custom)
2024-01-14 16:58:50,698 [main] INFO  server.RaftServerConfigKeys (ConfUtils.java:logGet(46)) - raft.server.threadpool.proxy.cached = true (default)
2024-01-14 16:58:50,698 [main] INFO  server.RaftServerConfigKeys (ConfUtils.java:logGet(46)) - raft.server.threadpool.proxy.size = 0 (default)
2024-01-14 16:58:50,699 [7ded70f2-1c6f-4acc-8465-7e233baee92c-NettyServerStreamRpc-bossGroup--thread1] INFO  logging.LoggingHandler (AbstractInternalLogger.java:log(148)) - [id: 0xa4b87c98] REGISTERED
2024-01-14 16:58:50,699 [7ded70f2-1c6f-4acc-8465-7e233baee92c-NettyServerStreamRpc-bossGroup--thread1] INFO  logging.LoggingHandler (AbstractInternalLogger.java:log(148)) - [id: 0xa4b87c98] BIND: 0.0.0.0/0.0.0.0:15167
2024-01-14 16:58:50,699 [7ded70f2-1c6f-4acc-8465-7e233baee92c-NettyServerStreamRpc-bossGroup--thread1] INFO  logging.LoggingHandler (AbstractInternalLogger.java:log(148)) - [id: 0xa4b87c98, L:/0.0.0.0:15167] ACTIVE
2024-01-14 16:58:50,701 [7ded70f2-1c6f-4acc-8465-7e233baee92c-impl-thread1] INFO  server.RaftServer (RaftServerProxy.java:initGroupDir(264)) - 7ded70f2-1c6f-4acc-8465-7e233baee92c: found a subdirectory /home/runner/work/ozone/ozone/hadoop-ozone/integration-test/target/test-dir/MiniOzoneClusterImpl-073b5688-48cc-4907-9326-51c03fe36003/datanode-7/data/ratis/tmp
2024-01-14 16:58:50,701 [7ded70f2-1c6f-4acc-8465-7e233baee92c-impl-thread1] INFO  server.RaftServer (RaftServerProxy.java:initGroupDir(269)) - 7ded70f2-1c6f-4acc-8465-7e233baee92c: The directory /home/runner/work/ozone/ozone/hadoop-ozone/integration-test/target/test-dir/MiniOzoneClusterImpl-073b5688-48cc-4907-9326-51c03fe36003/datanode-7/data/ratis/tmp is not a group directory; ignoring it. 
2024-01-14 16:58:50,701 [main] INFO  replication.ReplicationServer (ReplicationServer.java:<init>(85)) - Initializing replication server with thread count = 10 queue length = 4096
2024-01-14 16:58:50,702 [main] INFO  server.XceiverServerGrpc (XceiverServerGrpc.java:<init>(141)) - GrpcServer channel type EpollServerSocketChannel
2024-01-14 16:58:50,704 [main] INFO  replication.ReplicationSupervisor (ReplicationSupervisor.java:build(163)) - Initializing replication supervisor with thread count = 10
2024-01-14 16:58:50,704 [main] INFO  replication.ReplicationSupervisor (ReplicationSupervisor.java:nodeStateUpdated(317)) - Node state updated to IN_SERVICE, scaling executor pool size to 10
2024-01-14 16:58:50,706 [main] INFO  http.BaseHttpServer (BaseHttpServer.java:newHttpServer2BuilderForOzone(223)) - Starting Web-server for hddsDatanode at: http://0.0.0.0:15161
2024-01-14 16:58:50,706 [main] INFO  http.BaseHttpServer (BaseHttpServer.java:<init>(110)) - Hadoop Security Enabled: false Ozone Security Enabled: false Ozone HTTP Security Enabled: false 
2024-01-14 16:58:50,709 [main] WARN  server.AuthenticationFilter (AuthenticationFilter.java:constructSecretProvider(240)) - Unable to initialize FileSignerSecretProvider, falling back to use random secrets. Reason: Could not read signature secret file: /home/runner/hadoop-http-auth-signature-secret
2024-01-14 16:58:50,712 [main] INFO  http.HttpRequestLog (HttpRequestLog.java:getRequestLog(86)) - Http request log for http.requests.hddsDatanode is not defined
2024-01-14 16:58:50,713 [main] INFO  http.HttpServer2 (HttpServer2.java:addGlobalFilter(1036)) - Added global filter 'safety' (class=org.apache.hadoop.hdds.server.http.HttpServer2$QuotingInputFilter)
2024-01-14 16:58:50,714 [main] INFO  http.HttpServer2 (HttpServer2.java:addFilter(1012)) - Added filter static_user_filter (class=org.apache.hadoop.http.lib.StaticUserWebFilter$StaticUserFilter) to context hddsDatanode
2024-01-14 16:58:50,714 [main] INFO  http.HttpServer2 (HttpServer2.java:addFilter(1020)) - Added filter static_user_filter (class=org.apache.hadoop.http.lib.StaticUserWebFilter$StaticUserFilter) to context static
2024-01-14 16:58:50,714 [main] INFO  http.HttpServer2 (HttpServer2.java:addFilter(1020)) - Added filter static_user_filter (class=org.apache.hadoop.http.lib.StaticUserWebFilter$StaticUserFilter) to context logs
2024-01-14 16:58:50,715 [main] INFO  http.BaseHttpServer (BaseHttpServer.java:<init>(189)) - HTTP server of hddsDatanode uses base directory /home/runner/work/ozone/ozone/hadoop-ozone/integration-test/target/test-dir/MiniOzoneClusterImpl-073b5688-48cc-4907-9326-51c03fe36003/datanode-7/meta/webserver
2024-01-14 16:58:50,715 [main] INFO  http.HttpServer2 (HttpServer2.java:bindListener(1236)) - Jetty bound to port 15161
2024-01-14 16:58:50,715 [main] INFO  server.Server (Server.java:doStart(375)) - jetty-9.4.53.v20231009; built: 2023-10-09T12:29:09.265Z; git: 27bde00a0b95a1d5bbee0eae7984f891d2d0f8c9; jvm 1.8.0_392-b08
2024-01-14 16:58:50,720 [main] INFO  server.session (DefaultSessionIdManager.java:doStart(334)) - DefaultSessionIdManager workerName=node0
2024-01-14 16:58:50,720 [main] INFO  server.session (DefaultSessionIdManager.java:doStart(339)) - No SessionScavenger set, using defaults
2024-01-14 16:58:50,722 [main] INFO  server.session (HouseKeeper.java:startScavenging(132)) - node0 Scavenging every 660000ms
2024-01-14 16:58:50,722 [main] INFO  handler.ContextHandler (ContextHandler.java:doStart(921)) - Started o.e.j.s.ServletContextHandler@cb81517{logs,/logs,file:///home/runner/work/ozone/ozone/hadoop-ozone/integration-test/target/log,AVAILABLE}
2024-01-14 16:58:50,723 [main] INFO  handler.ContextHandler (ContextHandler.java:doStart(921)) - Started o.e.j.s.ServletContextHandler@3413a6db{static,/static,jar:file:/home/runner/.m2/repository/org/apache/ozone/hdds-container-service/1.5.0-SNAPSHOT/hdds-container-service-1.5.0-SNAPSHOT.jar!/webapps/static,AVAILABLE}
2024-01-14 16:58:50,754 [main] INFO  handler.ContextHandler (ContextHandler.java:doStart(921)) - Started o.e.j.w.WebAppContext@6bb1f997{hddsDatanode,/,file:///home/runner/work/ozone/ozone/hadoop-ozone/integration-test/target/test-dir/MiniOzoneClusterImpl-073b5688-48cc-4907-9326-51c03fe36003/datanode-7/meta/webserver/jetty-0_0_0_0-15161-hdds-container-service-1_5_0-SNAPSHOT_jar-_-any-1714393845275719004/webapp/,AVAILABLE}{jar:file:/home/runner/.m2/repository/org/apache/ozone/hdds-container-service/1.5.0-SNAPSHOT/hdds-container-service-1.5.0-SNAPSHOT.jar!/webapps/hddsDatanode}
2024-01-14 16:58:50,757 [main] INFO  server.AbstractConnector (AbstractConnector.java:doStart(333)) - Started ServerConnector@1d4c2b80{HTTP/1.1, (http/1.1)}{0.0.0.0:15161}
2024-01-14 16:58:50,758 [main] INFO  server.Server (Server.java:doStart(415)) - Started @49942ms
2024-01-14 16:58:50,758 [main] WARN  impl.MetricsSystemImpl (MetricsSystemImpl.java:register(279)) - Sink prometheus already exists!
2024-01-14 16:58:50,758 [main] INFO  http.BaseHttpServer (BaseHttpServer.java:updateConnectorAddress(354)) - HTTP server of hddsDatanode listening at http://0.0.0.0:15161
2024-01-14 16:58:50,759 [main] INFO  ipc.CallQueueManager (CallQueueManager.java:<init>(90)) - Using callQueue: class java.util.concurrent.LinkedBlockingQueue, queueCapacity: 100, scheduler: class org.apache.hadoop.ipc.DefaultRpcScheduler, ipcBackoff: false.
2024-01-14 16:58:50,759 [main] INFO  ipc.Server (Server.java:<init>(1287)) - Listener at 0.0.0.0:15162
2024-01-14 16:58:50,759 [Socket Reader #1 for port 15162] INFO  ipc.Server (Server.java:run(1323)) - Starting Socket Reader #1 for port 15162
2024-01-14 16:58:50,761 [main] INFO  ozone.HddsDatanodeService (HddsDatanodeService.java:start(324)) - Datanode start with admins: [runner]
2024-01-14 16:58:50,761 [main] INFO  ozone.HddsDatanodeClientProtocolServer (HddsDatanodeClientProtocolServer.java:start(72)) - RPC server for Client /0.0.0.0:15162
2024-01-14 16:58:50,761 [IPC Server Responder] INFO  ipc.Server (Server.java:run(1562)) - IPC Server Responder: starting
2024-01-14 16:58:50,765 [IPC Server listener on 15162] INFO  ipc.Server (Server.java:run(1402)) - IPC Server listener on 15162: starting
2024-01-14 16:58:50,767 [7ded70f2-1c6f-4acc-8465-7e233baee92c-DatanodeStateMachineDaemonThread] INFO  statemachine.DatanodeStateMachine (DatanodeStateMachine.java:lambda$startDaemon$1(555)) - Ozone container server started.
2024-01-14 16:58:50,767 [main] WARN  dropwizard3.Dm3MetricRegistriesImpl (Dm3MetricRegistriesImpl.java:addReporterRegistration(113)) - New reporters are added after registries were created. Some metrics will be missing from the reporter. Please add reporter before adding any new registry.
2024-01-14 16:58:50,768 [main] WARN  dropwizard3.Dm3MetricRegistriesImpl (Dm3MetricRegistriesImpl.java:addReporterRegistration(113)) - New reporters are added after registries were created. Some metrics will be missing from the reporter. Please add reporter before adding any new registry.
2024-01-14 16:58:50,768 [main] INFO  impl.MetricsSystemImpl (MetricsSystemImpl.java:init(158)) - HddsDatanode metrics system started (again)
2024-01-14 16:58:50,771 [7ded70f2-1c6f-4acc-8465-7e233baee92c-DatanodeStateMachineTaskThread-0] INFO  datanode.InitDatanodeState (InitDatanodeState.java:persistContainerDatanodeDetails(139)) - DatanodeDetails is persisted to /home/runner/work/ozone/ozone/hadoop-ozone/integration-test/target/test-dir/MiniOzoneClusterImpl-073b5688-48cc-4907-9326-51c03fe36003/datanode-7/meta/datanode.id
2024-01-14 16:58:50,778 [main] INFO  ozone.HddsDatanodeService (HddsDatanodeService.java:start(239)) - HddsDatanodeService host:fv-az1248-16.lhg1ljel1gwudbpqdk5ar2pfag.bx.internal.cloudapp.net ip:10.1.0.34
2024-01-14 16:58:50,794 [main] INFO  upgrade.AbstractLayoutVersionManager (AbstractLayoutVersionManager.java:init(83)) - Initializing Layout version manager with metadata layout = HADOOP_PRC_PORTS_IN_DATANODEDETAILS (version = 7), software layout = HADOOP_PRC_PORTS_IN_DATANODEDETAILS (version = 7)
2024-01-14 16:58:50,794 [main] INFO  statemachine.DatanodeStateMachine (DatanodeStateMachine.java:getEndPointTaskThreadPoolSize(299)) - Datanode State Machine Task Thread Pool size 2
2024-01-14 16:58:50,795 [main] INFO  volume.HddsVolume (HddsVolume.java:<init>(125)) - Creating HddsVolume: /home/runner/work/ozone/ozone/hadoop-ozone/integration-test/target/test-dir/MiniOzoneClusterImpl-073b5688-48cc-4907-9326-51c03fe36003/datanode-8/data-0/containers/hdds of storage type : DISK capacity : 9223372036854775807
2024-01-14 16:58:50,795 [main] INFO  volume.MutableVolumeSet (MutableVolumeSet.java:initializeVolumeSet(173)) - Added Volume : /home/runner/work/ozone/ozone/hadoop-ozone/integration-test/target/test-dir/MiniOzoneClusterImpl-073b5688-48cc-4907-9326-51c03fe36003/datanode-8/data-0/containers/hdds to VolumeSet
2024-01-14 16:58:50,796 [main] INFO  volume.MutableVolumeSet (MutableVolumeSet.java:initializeVolumeSet(173)) - Added Volume : /home/runner/work/ozone/ozone/hadoop-ozone/integration-test/target/test-dir/MiniOzoneClusterImpl-073b5688-48cc-4907-9326-51c03fe36003/datanode-8/data/ratis to VolumeSet
2024-01-14 16:58:50,796 [main] INFO  ozoneimpl.OzoneContainer (HddsVolumeUtil.java:loadAllHddsVolumeDbStore(103)) - Load 1 volumes DbStore cost: 0ms
2024-01-14 16:58:50,796 [eb54ab2f-dc88-49fd-8d6c-2a4c844f47e7-ContainerReader-0] INFO  ozoneimpl.ContainerReader (ContainerReader.java:readVolume(178)) - Finish verifying containers on volume /home/runner/work/ozone/ozone/hadoop-ozone/integration-test/target/test-dir/MiniOzoneClusterImpl-073b5688-48cc-4907-9326-51c03fe36003/datanode-8/data-0/containers/hdds
2024-01-14 16:58:50,796 [main] INFO  ozoneimpl.OzoneContainer (OzoneContainer.java:buildContainerSet(328)) - Build ContainerSet costs 0s
2024-01-14 16:58:50,799 [main] INFO  server.RaftServer (ConfUtils.java:logGet(46)) - raft.rpc.type = GRPC (default)
2024-01-14 16:58:50,799 [main] INFO  grpc.GrpcConfigKeys (ConfUtils.java:logFallback(53)) - raft.grpc.admin.host = null (fallback to raft.grpc.server.host)
2024-01-14 16:58:50,800 [main] INFO  grpc.GrpcConfigKeys (ConfUtils.java:logGet(46)) - raft.grpc.admin.port = 15174 (custom)
2024-01-14 16:58:50,800 [main] INFO  grpc.GrpcConfigKeys (ConfUtils.java:logFallback(53)) - raft.grpc.client.host = null (fallback to raft.grpc.server.host)
2024-01-14 16:58:50,801 [main] INFO  grpc.GrpcConfigKeys (ConfUtils.java:logGet(46)) - raft.grpc.client.port = 15173 (custom)
2024-01-14 16:58:50,801 [main] INFO  grpc.GrpcConfigKeys (ConfUtils.java:logGet(46)) - raft.grpc.server.host = null (default)
2024-01-14 16:58:50,801 [main] INFO  grpc.GrpcConfigKeys (ConfUtils.java:logGet(46)) - raft.grpc.server.port = 15175 (custom)
2024-01-14 16:58:50,802 [main] INFO  server.GrpcService (ConfUtils.java:logGet(46)) - raft.grpc.message.size.max = 32MB (=33554432) (custom)
2024-01-14 16:58:50,802 [main] INFO  server.RaftServerConfigKeys (ConfUtils.java:logGet(46)) - raft.server.log.appender.buffer.byte-limit = 8388608 (custom)
2024-01-14 16:58:50,802 [main] INFO  server.GrpcService (ConfUtils.java:logGet(46)) - raft.grpc.flow.control.window = 5MB (=5242880) (custom)
2024-01-14 16:58:50,802 [main] INFO  server.RaftServerConfigKeys (ConfUtils.java:logGet(46)) - raft.server.rpc.request.timeout = 3000ms (default)
2024-01-14 16:58:50,802 [main] INFO  grpc.GrpcConfigKeys (ConfUtils.java:logGet(46)) - raft.grpc.server.heartbeat.channel = true (default)
2024-01-14 16:58:50,803 [main] INFO  grpc.GrpcConfigKeys (ConfUtils.java:logGet(46)) - raft.grpc.server.async.request.thread.pool.cached = true (default)
2024-01-14 16:58:50,803 [main] INFO  grpc.GrpcConfigKeys (ConfUtils.java:logGet(46)) - raft.grpc.server.async.request.thread.pool.size = 32 (default)
2024-01-14 16:58:50,805 [main] INFO  impl.DataStreamServerImpl (ConfUtils.java:logGet(46)) - raft.datastream.type = NETTY (custom)
2024-01-14 16:58:50,806 [main] INFO  server.RaftServerConfigKeys (ConfUtils.java:logGet(46)) - raft.server.data-stream.async.request.thread.pool.cached = false (default)
2024-01-14 16:58:50,806 [main] INFO  server.RaftServerConfigKeys (ConfUtils.java:logGet(46)) - raft.server.data-stream.async.request.thread.pool.size = 20 (custom)
2024-01-14 16:58:50,806 [main] INFO  server.RaftServerConfigKeys (ConfUtils.java:logGet(46)) - raft.server.data-stream.async.write.thread.pool.size = 16 (default)
2024-01-14 16:58:50,807 [main] INFO  netty.NettyConfigKeys$DataStream (ConfUtils.java:logGet(46)) - raft.netty.dataStream.server.channel.inactive.grace-period = 10min (default)
2024-01-14 16:58:50,807 [main] INFO  server.RaftServerConfigKeys (ConfUtils.java:logGet(46)) - raft.server.data-stream.client.pool.size = 10 (default)
2024-01-14 16:58:50,807 [main] INFO  netty.NettyConfigKeys$DataStream (ConfUtils.java:logGet(46)) - raft.netty.dataStream.server.use-epoll = true (default)
2024-01-14 16:58:50,808 [main] INFO  netty.NettyConfigKeys$DataStream (ConfUtils.java:logGet(46)) - raft.netty.dataStream.server.boss-group.size = 0 (default)
2024-01-14 16:58:50,808 [main] INFO  netty.NettyUtils (NettyUtils.java:newEventLoopGroup(69)) - Create EpollEventLoopGroup for eb54ab2f-dc88-49fd-8d6c-2a4c844f47e7-NettyServerStreamRpc-bossGroup; Thread size is 0.
2024-01-14 16:58:50,808 [main] INFO  netty.NettyConfigKeys$DataStream (ConfUtils.java:logGet(46)) - raft.netty.dataStream.server.worker-group.size = 0 (default)
2024-01-14 16:58:50,809 [main] INFO  netty.NettyUtils (NettyUtils.java:newEventLoopGroup(69)) - Create EpollEventLoopGroup for eb54ab2f-dc88-49fd-8d6c-2a4c844f47e7-NettyServerStreamRpc-workerGroup; Thread size is 0.
2024-01-14 16:58:50,809 [main] INFO  netty.NettyConfigKeys$DataStream (ConfUtils.java:logGet(46)) - raft.netty.dataStream.server.tls.conf = null (default)
2024-01-14 16:58:50,809 [main] INFO  netty.NettyConfigKeys$DataStream (ConfUtils.java:logGet(46)) - raft.netty.dataStream.host = null (default)
2024-01-14 16:58:50,809 [main] INFO  netty.NettyConfigKeys$DataStream (ConfUtils.java:logGet(46)) - raft.netty.dataStream.port = 15176 (custom)
2024-01-14 16:58:50,810 [main] INFO  server.RaftServerConfigKeys (ConfUtils.java:logGet(46)) - raft.server.sleep.deviation.threshold = 300ms (default)
2024-01-14 16:58:50,810 [eb54ab2f-dc88-49fd-8d6c-2a4c844f47e7-NettyServerStreamRpc-bossGroup--thread1] INFO  logging.LoggingHandler (AbstractInternalLogger.java:log(148)) - [id: 0x369cb7c2] REGISTERED
2024-01-14 16:58:50,810 [main] INFO  server.RaftServerConfigKeys (ConfUtils.java:logGet(46)) - raft.server.close.threshold = 60s (default)
2024-01-14 16:58:50,810 [main] INFO  server.RaftServerConfigKeys (ConfUtils.java:logGet(46)) - raft.server.leaderelection.leader.step-down.wait-time = 10s (default)
2024-01-14 16:58:50,810 [eb54ab2f-dc88-49fd-8d6c-2a4c844f47e7-NettyServerStreamRpc-bossGroup--thread1] INFO  logging.LoggingHandler (AbstractInternalLogger.java:log(148)) - [id: 0x369cb7c2] BIND: 0.0.0.0/0.0.0.0:15176
2024-01-14 16:58:50,810 [main] INFO  server.RaftServerConfigKeys (ConfUtils.java:logGet(46)) - raft.server.storage.dir = [/home/runner/work/ozone/ozone/hadoop-ozone/integration-test/target/test-dir/MiniOzoneClusterImpl-073b5688-48cc-4907-9326-51c03fe36003/datanode-8/data/ratis] (custom)
2024-01-14 16:58:50,811 [main] INFO  server.RaftServerConfigKeys (ConfUtils.java:logGet(46)) - raft.server.threadpool.proxy.cached = true (default)
2024-01-14 16:58:50,810 [eb54ab2f-dc88-49fd-8d6c-2a4c844f47e7-NettyServerStreamRpc-bossGroup--thread1] INFO  logging.LoggingHandler (AbstractInternalLogger.java:log(148)) - [id: 0x369cb7c2, L:/0.0.0.0:15176] ACTIVE
2024-01-14 16:58:50,811 [main] INFO  server.RaftServerConfigKeys (ConfUtils.java:logGet(46)) - raft.server.threadpool.proxy.size = 0 (default)
2024-01-14 16:58:50,811 [eb54ab2f-dc88-49fd-8d6c-2a4c844f47e7-impl-thread1] INFO  server.RaftServer (RaftServerProxy.java:initGroupDir(264)) - eb54ab2f-dc88-49fd-8d6c-2a4c844f47e7: found a subdirectory /home/runner/work/ozone/ozone/hadoop-ozone/integration-test/target/test-dir/MiniOzoneClusterImpl-073b5688-48cc-4907-9326-51c03fe36003/datanode-8/data/ratis/tmp
2024-01-14 16:58:50,811 [eb54ab2f-dc88-49fd-8d6c-2a4c844f47e7-impl-thread1] INFO  server.RaftServer (RaftServerProxy.java:initGroupDir(269)) - eb54ab2f-dc88-49fd-8d6c-2a4c844f47e7: The directory /home/runner/work/ozone/ozone/hadoop-ozone/integration-test/target/test-dir/MiniOzoneClusterImpl-073b5688-48cc-4907-9326-51c03fe36003/datanode-8/data/ratis/tmp is not a group directory; ignoring it. 
2024-01-14 16:58:50,812 [main] INFO  replication.ReplicationServer (ReplicationServer.java:<init>(85)) - Initializing replication server with thread count = 10 queue length = 4096
2024-01-14 16:58:50,812 [main] INFO  server.XceiverServerGrpc (XceiverServerGrpc.java:<init>(141)) - GrpcServer channel type EpollServerSocketChannel
2024-01-14 16:58:50,814 [main] INFO  replication.ReplicationSupervisor (ReplicationSupervisor.java:build(163)) - Initializing replication supervisor with thread count = 10
2024-01-14 16:58:50,814 [main] INFO  replication.ReplicationSupervisor (ReplicationSupervisor.java:nodeStateUpdated(317)) - Node state updated to IN_SERVICE, scaling executor pool size to 10
2024-01-14 16:58:50,815 [main] INFO  http.BaseHttpServer (BaseHttpServer.java:newHttpServer2BuilderForOzone(223)) - Starting Web-server for hddsDatanode at: http://0.0.0.0:15170
2024-01-14 16:58:50,816 [main] INFO  http.BaseHttpServer (BaseHttpServer.java:<init>(110)) - Hadoop Security Enabled: false Ozone Security Enabled: false Ozone HTTP Security Enabled: false 
2024-01-14 16:58:50,816 [main] WARN  server.AuthenticationFilter (AuthenticationFilter.java:constructSecretProvider(240)) - Unable to initialize FileSignerSecretProvider, falling back to use random secrets. Reason: Could not read signature secret file: /home/runner/hadoop-http-auth-signature-secret
2024-01-14 16:58:50,821 [main] INFO  http.HttpRequestLog (HttpRequestLog.java:getRequestLog(86)) - Http request log for http.requests.hddsDatanode is not defined
2024-01-14 16:58:50,822 [main] INFO  http.HttpServer2 (HttpServer2.java:addGlobalFilter(1036)) - Added global filter 'safety' (class=org.apache.hadoop.hdds.server.http.HttpServer2$QuotingInputFilter)
2024-01-14 16:58:50,823 [main] INFO  http.HttpServer2 (HttpServer2.java:addFilter(1012)) - Added filter static_user_filter (class=org.apache.hadoop.http.lib.StaticUserWebFilter$StaticUserFilter) to context hddsDatanode
2024-01-14 16:58:50,823 [main] INFO  http.HttpServer2 (HttpServer2.java:addFilter(1020)) - Added filter static_user_filter (class=org.apache.hadoop.http.lib.StaticUserWebFilter$StaticUserFilter) to context static
2024-01-14 16:58:50,823 [main] INFO  http.HttpServer2 (HttpServer2.java:addFilter(1020)) - Added filter static_user_filter (class=org.apache.hadoop.http.lib.StaticUserWebFilter$StaticUserFilter) to context logs
2024-01-14 16:58:50,824 [main] INFO  http.BaseHttpServer (BaseHttpServer.java:<init>(189)) - HTTP server of hddsDatanode uses base directory /home/runner/work/ozone/ozone/hadoop-ozone/integration-test/target/test-dir/MiniOzoneClusterImpl-073b5688-48cc-4907-9326-51c03fe36003/datanode-8/meta/webserver
2024-01-14 16:58:50,824 [main] INFO  http.HttpServer2 (HttpServer2.java:bindListener(1236)) - Jetty bound to port 15170
2024-01-14 16:58:50,824 [main] INFO  server.Server (Server.java:doStart(375)) - jetty-9.4.53.v20231009; built: 2023-10-09T12:29:09.265Z; git: 27bde00a0b95a1d5bbee0eae7984f891d2d0f8c9; jvm 1.8.0_392-b08
2024-01-14 16:58:50,828 [main] INFO  server.session (DefaultSessionIdManager.java:doStart(334)) - DefaultSessionIdManager workerName=node0
2024-01-14 16:58:50,828 [main] INFO  server.session (DefaultSessionIdManager.java:doStart(339)) - No SessionScavenger set, using defaults
2024-01-14 16:58:50,828 [main] INFO  server.session (HouseKeeper.java:startScavenging(132)) - node0 Scavenging every 660000ms
2024-01-14 16:58:50,829 [main] INFO  handler.ContextHandler (ContextHandler.java:doStart(921)) - Started o.e.j.s.ServletContextHandler@720acc30{logs,/logs,file:///home/runner/work/ozone/ozone/hadoop-ozone/integration-test/target/log,AVAILABLE}
2024-01-14 16:58:50,829 [main] INFO  handler.ContextHandler (ContextHandler.java:doStart(921)) - Started o.e.j.s.ServletContextHandler@24e26410{static,/static,jar:file:/home/runner/.m2/repository/org/apache/ozone/hdds-container-service/1.5.0-SNAPSHOT/hdds-container-service-1.5.0-SNAPSHOT.jar!/webapps/static,AVAILABLE}
2024-01-14 16:58:50,861 [main] INFO  handler.ContextHandler (ContextHandler.java:doStart(921)) - Started o.e.j.w.WebAppContext@6f2af764{hddsDatanode,/,file:///home/runner/work/ozone/ozone/hadoop-ozone/integration-test/target/test-dir/MiniOzoneClusterImpl-073b5688-48cc-4907-9326-51c03fe36003/datanode-8/meta/webserver/jetty-0_0_0_0-15170-hdds-container-service-1_5_0-SNAPSHOT_jar-_-any-6032539426148701023/webapp/,AVAILABLE}{jar:file:/home/runner/.m2/repository/org/apache/ozone/hdds-container-service/1.5.0-SNAPSHOT/hdds-container-service-1.5.0-SNAPSHOT.jar!/webapps/hddsDatanode}
2024-01-14 16:58:50,863 [main] INFO  server.AbstractConnector (AbstractConnector.java:doStart(333)) - Started ServerConnector@19bf52b9{HTTP/1.1, (http/1.1)}{0.0.0.0:15170}
2024-01-14 16:58:50,863 [main] INFO  server.Server (Server.java:doStart(415)) - Started @50048ms
2024-01-14 16:58:50,863 [main] WARN  impl.MetricsSystemImpl (MetricsSystemImpl.java:register(279)) - Sink prometheus already exists!
2024-01-14 16:58:50,864 [main] INFO  http.BaseHttpServer (BaseHttpServer.java:updateConnectorAddress(354)) - HTTP server of hddsDatanode listening at http://0.0.0.0:15170
2024-01-14 16:58:50,864 [main] INFO  ipc.CallQueueManager (CallQueueManager.java:<init>(90)) - Using callQueue: class java.util.concurrent.LinkedBlockingQueue, queueCapacity: 100, scheduler: class org.apache.hadoop.ipc.DefaultRpcScheduler, ipcBackoff: false.
2024-01-14 16:58:50,864 [main] INFO  ipc.Server (Server.java:<init>(1287)) - Listener at 0.0.0.0:15171
2024-01-14 16:58:50,865 [Socket Reader #1 for port 15171] INFO  ipc.Server (Server.java:run(1323)) - Starting Socket Reader #1 for port 15171
2024-01-14 16:58:50,866 [main] INFO  ozone.HddsDatanodeService (HddsDatanodeService.java:start(324)) - Datanode start with admins: [runner]
2024-01-14 16:58:50,867 [main] INFO  ozone.HddsDatanodeClientProtocolServer (HddsDatanodeClientProtocolServer.java:start(72)) - RPC server for Client /0.0.0.0:15171
2024-01-14 16:58:50,867 [IPC Server Responder] INFO  ipc.Server (Server.java:run(1562)) - IPC Server Responder: starting
2024-01-14 16:58:50,867 [IPC Server listener on 15171] INFO  ipc.Server (Server.java:run(1402)) - IPC Server listener on 15171: starting
2024-01-14 16:58:50,870 [eb54ab2f-dc88-49fd-8d6c-2a4c844f47e7-DatanodeStateMachineDaemonThread] INFO  statemachine.DatanodeStateMachine (DatanodeStateMachine.java:lambda$startDaemon$1(555)) - Ozone container server started.
2024-01-14 16:58:50,870 [main] INFO  ozone.MiniOzoneClusterImpl (MiniOzoneClusterImpl.java:lambda$waitForClusterToBeReady$0(229)) - Waiting for nodes to be ready. Got 0 of 9 DN Heartbeats.
2024-01-14 16:58:50,870 [main] INFO  ozone.MiniOzoneClusterImpl (MiniOzoneClusterImpl.java:lambda$waitForClusterToBeReady$0(232)) - Waiting for cluster to exit safe mode
2024-01-14 16:58:50,870 [main] INFO  ozone.MiniOzoneClusterImpl (MiniOzoneClusterImpl.java:lambda$waitForClusterToBeReady$0(234)) - SCM became leader
2024-01-14 16:58:50,873 [om1@group-C5BA1605619E-FollowerState] INFO  impl.FollowerState (FollowerState.java:run(143)) - om1@group-C5BA1605619E-FollowerState: change to CANDIDATE, lastRpcElapsedTime:1087685599ns, electionTimeout:1075ms
2024-01-14 16:58:50,873 [om1@group-C5BA1605619E-FollowerState] INFO  impl.RoleInfo (RoleInfo.java:shutdownFollowerState(110)) - om1: shutdown om1@group-C5BA1605619E-FollowerState
2024-01-14 16:58:50,873 [om1@group-C5BA1605619E-FollowerState] INFO  server.RaftServer$Division (RaftServerImpl.java:setRole(383)) - om1@group-C5BA1605619E: changes role from  FOLLOWER to CANDIDATE at term 0 for changeToCandidate
2024-01-14 16:58:50,873 [om1@group-C5BA1605619E-FollowerState] INFO  server.RaftServerConfigKeys (ConfUtils.java:logGet(46)) - raft.server.leaderelection.pre-vote = true (default)
2024-01-14 16:58:50,873 [om1@group-C5BA1605619E-FollowerState] INFO  impl.RoleInfo (RoleInfo.java:updateAndGet(139)) - om1: start om1@group-C5BA1605619E-LeaderElection16
2024-01-14 16:58:50,878 [om1@group-C5BA1605619E-LeaderElection16] INFO  impl.LeaderElection (LeaderElection.java:askForVotes(321)) - om1@group-C5BA1605619E-LeaderElection16 PRE_VOTE round 0: submit vote requests at term 0 for -1: peers:[om1|localhost:15096]|listeners:[], old=null
2024-01-14 16:58:50,878 [om1@group-C5BA1605619E-LeaderElection16] INFO  impl.LeaderElection (LeaderElection.java:askForVotes(323)) - om1@group-C5BA1605619E-LeaderElection16 PRE_VOTE round 0: result PASSED (term=0)
2024-01-14 16:58:50,882 [om1@group-C5BA1605619E-LeaderElection16] INFO  impl.LeaderElection (LeaderElection.java:askForVotes(321)) - om1@group-C5BA1605619E-LeaderElection16 ELECTION round 0: submit vote requests at term 1 for -1: peers:[om1|localhost:15096]|listeners:[], old=null
2024-01-14 16:58:50,882 [om1@group-C5BA1605619E-LeaderElection16] INFO  impl.LeaderElection (LeaderElection.java:askForVotes(323)) - om1@group-C5BA1605619E-LeaderElection16 ELECTION round 0: result PASSED (term=1)
2024-01-14 16:58:50,882 [om1@group-C5BA1605619E-LeaderElection16] INFO  impl.RoleInfo (RoleInfo.java:shutdownLeaderElection(130)) - om1: shutdown om1@group-C5BA1605619E-LeaderElection16
2024-01-14 16:58:50,882 [om1@group-C5BA1605619E-LeaderElection16] INFO  server.RaftServer$Division (RaftServerImpl.java:setRole(383)) - om1@group-C5BA1605619E: changes role from CANDIDATE to LEADER at term 1 for changeToLeader
2024-01-14 16:58:50,882 [om1@group-C5BA1605619E-LeaderElection16] INFO  server.RaftServerConfigKeys (ConfUtils.java:logGet(46)) - raft.server.staging.catchup.gap = 1000 (default)
2024-01-14 16:58:50,883 [om1@group-C5BA1605619E-LeaderElection16] INFO  server.RaftServerConfigKeys (ConfUtils.java:logGet(46)) - raft.server.write.element-limit = 4096 (default)
2024-01-14 16:58:50,883 [om1@group-C5BA1605619E-LeaderElection16] INFO  server.RaftServerConfigKeys (ConfUtils.java:logGet(46)) - raft.server.write.byte-limit = 64MB (=67108864) (default)
2024-01-14 16:58:50,883 [eb54ab2f-dc88-49fd-8d6c-2a4c844f47e7-DatanodeStateMachineTaskThread-0] INFO  datanode.InitDatanodeState (InitDatanodeState.java:persistContainerDatanodeDetails(139)) - DatanodeDetails is persisted to /home/runner/work/ozone/ozone/hadoop-ozone/integration-test/target/test-dir/MiniOzoneClusterImpl-073b5688-48cc-4907-9326-51c03fe36003/datanode-8/meta/datanode.id
2024-01-14 16:58:50,885 [om1@group-C5BA1605619E-LeaderElection16] INFO  server.RaftServerConfigKeys (ConfUtils.java:logGet(46)) - raft.server.watch.timeout = 10s (default)
2024-01-14 16:58:50,885 [om1@group-C5BA1605619E-LeaderElection16] INFO  server.RaftServerConfigKeys (ConfUtils.java:logGet(46)) - raft.server.watch.timeout.denomination = 1s (default)
2024-01-14 16:58:50,885 [om1@group-C5BA1605619E-LeaderElection16] INFO  server.RaftServerConfigKeys (ConfUtils.java:logGet(46)) - raft.server.watch.element-limit = 65536 (default)
2024-01-14 16:58:50,886 [om1@group-C5BA1605619E-LeaderElection16] INFO  server.RaftServerConfigKeys (ConfUtils.java:logGet(46)) - raft.server.read.leader.lease.enabled = false (default)
2024-01-14 16:58:50,886 [om1@group-C5BA1605619E-LeaderElection16] INFO  server.RaftServerConfigKeys (ConfUtils.java:logGet(46)) - raft.server.read.leader.lease.timeout.ratio = 0.9 (default)
2024-01-14 16:58:50,886 [om1@group-C5BA1605619E-LeaderElection16] INFO  server.RaftServerConfigKeys (ConfUtils.java:logGet(46)) - raft.server.rpc.timeout.min = 1s (custom)
2024-01-14 16:58:50,886 [om1@group-C5BA1605619E-LeaderElection16] INFO  server.RaftServerConfigKeys (ConfUtils.java:logGet(46)) - raft.server.write.element-limit = 4096 (default)
2024-01-14 16:58:50,886 [om1@group-C5BA1605619E-LeaderElection16] INFO  server.RaftServerConfigKeys (ConfUtils.java:logGet(46)) - raft.server.write.follower.gap.ratio.max = -1.0 (default)
2024-01-14 16:58:50,886 [om1@group-C5BA1605619E-LeaderElection16] INFO  impl.RoleInfo (RoleInfo.java:updateAndGet(139)) - om1: start om1@group-C5BA1605619E-LeaderStateImpl
2024-01-14 16:58:50,886 [om1@group-C5BA1605619E-LeaderElection16] INFO  server.RaftServer$Division (RaftServerImpl.java:setFirstElection(574)) - om1@group-C5BA1605619E: set firstElectionSinceStartup to false for becomeLeader
2024-01-14 16:58:50,886 [om1@group-C5BA1605619E-LeaderElection16] INFO  server.RaftServer$Division (ServerState.java:setLeader(269)) - om1@group-C5BA1605619E: change Leader from null to om1 at term 1 for becomeLeader, leader elected after 1366ms
2024-01-14 16:58:50,887 [om1@group-C5BA1605619E-LeaderElection16] INFO  segmented.SegmentedRaftLogWorker (SegmentedRaftLogWorker.java:startLogSegment(430)) - om1@group-C5BA1605619E-SegmentedRaftLogWorker: Starting segment from index:0
2024-01-14 16:58:50,887 [om1@group-C5BA1605619E-SegmentedRaftLogWorker] INFO  segmented.BufferedWriteChannel (BufferedWriteChannel.java:open(62)) - open log_inprogress_0 at position 0
2024-01-14 16:58:50,891 [om1@group-C5BA1605619E-LeaderElection16] INFO  server.RaftServer$Division (ServerState.java:setRaftConf(386)) - om1@group-C5BA1605619E: set configuration 0: peers:[om1|localhost:15096]|listeners:[], old=null
2024-01-14 16:58:50,896 [om1@group-C5BA1605619E-SegmentedRaftLogWorker] INFO  segmented.SegmentedRaftLogWorker (SegmentedRaftLogWorker.java:execute(634)) - om1@group-C5BA1605619E-SegmentedRaftLogWorker: created new log segment /home/runner/work/ozone/ozone/hadoop-ozone/integration-test/target/test-dir/MiniOzoneClusterImpl-073b5688-48cc-4907-9326-51c03fe36003/ozone-meta/ratis/bf265839-605b-3f16-9796-c5ba1605619e/current/log_inprogress_0
2024-01-14 16:58:50,898 [om1@group-C5BA1605619E-StateMachineUpdater] INFO  ratis.OzoneManagerStateMachine (OzoneManagerStateMachine.java:notifyConfigurationChanged(211)) - Received Configuration change notification from Ratis. New Peer list:
[id: "om1"
address: "localhost:15096"
startupRole: FOLLOWER
]
2024-01-14 16:58:50,899 [om1@group-C5BA1605619E-StateMachineUpdater] INFO  server.RaftServer$Division (LeaderStateImpl.java:isApplied(320)) - leader is ready since appliedIndex == 0 >= startIndex == 0
2024-01-14 16:58:50,955 [timer4] WARN  server.GrpcLogAppender (LogUtils.java:warn(121)) - f85f77e4-98a6-4aff-aefd-84554d328abe@group-2B5E6FA955A2->23ad8a40-df25-460c-83c2-623ae692c661-AppendLogResponseHandler: Failed appendEntries (Repeated 2 times in the last 5.002s): org.apache.ratis.thirdparty.io.grpc.StatusRuntimeException: CANCELLED: RST_STREAM closed stream. HTTP/2 error code: CANCEL
2024-01-14 16:58:50,956 [timer5] WARN  server.GrpcLogAppender (GrpcLogAppender.java:lambda$resetClient$1(217)) - f85f77e4-98a6-4aff-aefd-84554d328abe@group-2B5E6FA955A2->23ad8a40-df25-460c-83c2-623ae692c661-GrpcLogAppender: Follower failed (request=null, errorCount=2); keep nextIndex (1) unchanged and retry. (Repeated 2 times in the last 5.001s)
2024-01-14 16:58:51,871 [main] INFO  ozone.MiniOzoneClusterImpl (MiniOzoneClusterImpl.java:lambda$waitForClusterToBeReady$0(229)) - Waiting for nodes to be ready. Got 0 of 9 DN Heartbeats.
2024-01-14 16:58:51,871 [main] INFO  ozone.MiniOzoneClusterImpl (MiniOzoneClusterImpl.java:lambda$waitForClusterToBeReady$0(232)) - Waiting for cluster to exit safe mode
2024-01-14 16:58:51,871 [main] INFO  ozone.MiniOzoneClusterImpl (MiniOzoneClusterImpl.java:lambda$waitForClusterToBeReady$0(234)) - SCM became leader
2024-01-14 16:58:51,987 [08cfce96-786e-4185-808c-4b09ee2338d3-EndpointStateMachineTaskThread-/0.0.0.0:15091-0 ] INFO  utils.DatanodeStoreCache (DatanodeStoreCache.java:addDB(72)) - Added db /home/runner/work/ozone/ozone/hadoop-ozone/integration-test/target/test-dir/MiniOzoneClusterImpl-073b5688-48cc-4907-9326-51c03fe36003/datanode-0/data-0/containers/hdds/073b5688-48cc-4907-9326-51c03fe36003/DS-010ec756-1306-4027-b6b2-94eaebac9a46/container.db to cache
2024-01-14 16:58:51,987 [08cfce96-786e-4185-808c-4b09ee2338d3-EndpointStateMachineTaskThread-/0.0.0.0:15091-0 ] INFO  volume.HddsVolume (HddsVolume.java:createDbStore(420)) - SchemaV3 db is created and loaded at /home/runner/work/ozone/ozone/hadoop-ozone/integration-test/target/test-dir/MiniOzoneClusterImpl-073b5688-48cc-4907-9326-51c03fe36003/datanode-0/data-0/containers/hdds/073b5688-48cc-4907-9326-51c03fe36003/DS-010ec756-1306-4027-b6b2-94eaebac9a46/container.db for volume DS-010ec756-1306-4027-b6b2-94eaebac9a46
2024-01-14 16:58:51,988 [08cfce96-786e-4185-808c-4b09ee2338d3-EndpointStateMachineTaskThread-/0.0.0.0:15091-0 ] INFO  volume.ThrottledAsyncChecker (ThrottledAsyncChecker.java:schedule(141)) - Scheduling a check for /home/runner/work/ozone/ozone/hadoop-ozone/integration-test/target/test-dir/MiniOzoneClusterImpl-073b5688-48cc-4907-9326-51c03fe36003/datanode-0/data-0/containers/hdds
2024-01-14 16:58:51,989 [08cfce96-786e-4185-808c-4b09ee2338d3-EndpointStateMachineTaskThread-/0.0.0.0:15091-0 ] INFO  volume.StorageVolumeChecker (StorageVolumeChecker.java:checkAllVolumes(218)) - Scheduled health check for volume /home/runner/work/ozone/ozone/hadoop-ozone/integration-test/target/test-dir/MiniOzoneClusterImpl-073b5688-48cc-4907-9326-51c03fe36003/datanode-0/data-0/containers/hdds
2024-01-14 16:58:51,990 [08cfce96-786e-4185-808c-4b09ee2338d3-EndpointStateMachineTaskThread-/0.0.0.0:15091-0 ] INFO  volume.ThrottledAsyncChecker (ThrottledAsyncChecker.java:schedule(141)) - Scheduling a check for /home/runner/work/ozone/ozone/hadoop-ozone/integration-test/target/test-dir/MiniOzoneClusterImpl-073b5688-48cc-4907-9326-51c03fe36003/datanode-0/data/ratis
2024-01-14 16:58:51,990 [08cfce96-786e-4185-808c-4b09ee2338d3-EndpointStateMachineTaskThread-/0.0.0.0:15091-0 ] INFO  volume.StorageVolumeChecker (StorageVolumeChecker.java:checkAllVolumes(218)) - Scheduled health check for volume /home/runner/work/ozone/ozone/hadoop-ozone/integration-test/target/test-dir/MiniOzoneClusterImpl-073b5688-48cc-4907-9326-51c03fe36003/datanode-0/data/ratis
2024-01-14 16:58:51,991 [08cfce96-786e-4185-808c-4b09ee2338d3-EndpointStateMachineTaskThread-/0.0.0.0:15091-0 ] INFO  ozoneimpl.OzoneContainer (OzoneContainer.java:start(457)) - Attempting to start container services.
2024-01-14 16:58:51,991 [08cfce96-786e-4185-808c-4b09ee2338d3-EndpointStateMachineTaskThread-/0.0.0.0:15091-0 ] INFO  ozoneimpl.OzoneContainer (OzoneContainer.java:startContainerScrub(339)) - Scheduled background container scanners and the on-demand container scanner have been disabled.
2024-01-14 16:58:51,992 [08cfce96-786e-4185-808c-4b09ee2338d3-EndpointStateMachineTaskThread-/0.0.0.0:15091-0 ] INFO  replication.ReplicationServer (ReplicationServer.java:start(139)) - ReplicationServer is started using port 15105
2024-01-14 16:58:51,992 [08cfce96-786e-4185-808c-4b09ee2338d3-EndpointStateMachineTaskThread-/0.0.0.0:15091-0 ] INFO  ratis.XceiverServerRatis (XceiverServerRatis.java:start(549)) - Starting XceiverServerRatis 08cfce96-786e-4185-808c-4b09ee2338d3
2024-01-14 16:58:51,992 [08cfce96-786e-4185-808c-4b09ee2338d3-EndpointStateMachineTaskThread-/0.0.0.0:15091-0 ] INFO  server.RaftServer (RaftServerProxy.java:startImpl(406)) - 08cfce96-786e-4185-808c-4b09ee2338d3: start RPC server
2024-01-14 16:58:51,993 [08cfce96-786e-4185-808c-4b09ee2338d3-EndpointStateMachineTaskThread-/0.0.0.0:15091-0 ] INFO  server.GrpcService (GrpcService.java:startImpl(302)) - 08cfce96-786e-4185-808c-4b09ee2338d3: GrpcService started, listening on 15101
2024-01-14 16:58:51,993 [08cfce96-786e-4185-808c-4b09ee2338d3-EndpointStateMachineTaskThread-/0.0.0.0:15091-0 ] INFO  server.GrpcService (GrpcService.java:startImpl(302)) - 08cfce96-786e-4185-808c-4b09ee2338d3: GrpcService started, listening on 15103
2024-01-14 16:58:51,993 [08cfce96-786e-4185-808c-4b09ee2338d3-EndpointStateMachineTaskThread-/0.0.0.0:15091-0 ] INFO  server.GrpcService (GrpcService.java:startImpl(302)) - 08cfce96-786e-4185-808c-4b09ee2338d3: GrpcService started, listening on 15102
2024-01-14 16:58:51,993 [08cfce96-786e-4185-808c-4b09ee2338d3-EndpointStateMachineTaskThread-/0.0.0.0:15091-0 ] INFO  ratis.XceiverServerRatis (XceiverServerRatis.java:getRealPort(575)) - XceiverServerRatis 08cfce96-786e-4185-808c-4b09ee2338d3 is started using port 15101 for RATIS
2024-01-14 16:58:51,993 [08cfce96-786e-4185-808c-4b09ee2338d3-EndpointStateMachineTaskThread-/0.0.0.0:15091-0 ] INFO  ratis.XceiverServerRatis (XceiverServerRatis.java:getRealPort(575)) - XceiverServerRatis 08cfce96-786e-4185-808c-4b09ee2338d3 is started using port 15102 for RATIS_ADMIN
2024-01-14 16:58:51,993 [08cfce96-786e-4185-808c-4b09ee2338d3-EndpointStateMachineTaskThread-/0.0.0.0:15091-0 ] INFO  ratis.XceiverServerRatis (XceiverServerRatis.java:getRealPort(575)) - XceiverServerRatis 08cfce96-786e-4185-808c-4b09ee2338d3 is started using port 15103 for RATIS_SERVER
2024-01-14 16:58:51,994 [08cfce96-786e-4185-808c-4b09ee2338d3-EndpointStateMachineTaskThread-/0.0.0.0:15091-0 ] INFO  ratis.XceiverServerRatis (XceiverServerRatis.java:getRealPort(575)) - XceiverServerRatis 08cfce96-786e-4185-808c-4b09ee2338d3 is started using port 15104 for RATIS_DATASTREAM
2024-01-14 16:58:51,994 [JvmPauseMonitor13] INFO  util.JvmPauseMonitor (JvmPauseMonitor.java:run(146)) - JvmPauseMonitor-08cfce96-786e-4185-808c-4b09ee2338d3: Started
2024-01-14 16:58:51,994 [08cfce96-786e-4185-808c-4b09ee2338d3-BlockDeletingService#0] INFO  interfaces.ContainerDeletionChoosingPolicyTemplate (ContainerDeletionChoosingPolicyTemplate.java:chooseContainerForBlockDeletion(85)) - Chosen 0/5000 blocks from 0 candidate containers.
2024-01-14 16:58:52,079 [56641f86-a9c9-430f-8bf6-dc57d718c7d6-EndpointStateMachineTaskThread-/0.0.0.0:15091-0 ] INFO  utils.DatanodeStoreCache (DatanodeStoreCache.java:addDB(72)) - Added db /home/runner/work/ozone/ozone/hadoop-ozone/integration-test/target/test-dir/MiniOzoneClusterImpl-073b5688-48cc-4907-9326-51c03fe36003/datanode-1/data-0/containers/hdds/073b5688-48cc-4907-9326-51c03fe36003/DS-5ca71cef-ff75-47e5-b45b-089d2cf90061/container.db to cache
2024-01-14 16:58:52,079 [56641f86-a9c9-430f-8bf6-dc57d718c7d6-EndpointStateMachineTaskThread-/0.0.0.0:15091-0 ] INFO  volume.HddsVolume (HddsVolume.java:createDbStore(420)) - SchemaV3 db is created and loaded at /home/runner/work/ozone/ozone/hadoop-ozone/integration-test/target/test-dir/MiniOzoneClusterImpl-073b5688-48cc-4907-9326-51c03fe36003/datanode-1/data-0/containers/hdds/073b5688-48cc-4907-9326-51c03fe36003/DS-5ca71cef-ff75-47e5-b45b-089d2cf90061/container.db for volume DS-5ca71cef-ff75-47e5-b45b-089d2cf90061
2024-01-14 16:58:52,080 [56641f86-a9c9-430f-8bf6-dc57d718c7d6-EndpointStateMachineTaskThread-/0.0.0.0:15091-0 ] INFO  volume.ThrottledAsyncChecker (ThrottledAsyncChecker.java:schedule(141)) - Scheduling a check for /home/runner/work/ozone/ozone/hadoop-ozone/integration-test/target/test-dir/MiniOzoneClusterImpl-073b5688-48cc-4907-9326-51c03fe36003/datanode-1/data-0/containers/hdds
2024-01-14 16:58:52,080 [56641f86-a9c9-430f-8bf6-dc57d718c7d6-EndpointStateMachineTaskThread-/0.0.0.0:15091-0 ] INFO  volume.StorageVolumeChecker (StorageVolumeChecker.java:checkAllVolumes(218)) - Scheduled health check for volume /home/runner/work/ozone/ozone/hadoop-ozone/integration-test/target/test-dir/MiniOzoneClusterImpl-073b5688-48cc-4907-9326-51c03fe36003/datanode-1/data-0/containers/hdds
2024-01-14 16:58:52,082 [56641f86-a9c9-430f-8bf6-dc57d718c7d6-EndpointStateMachineTaskThread-/0.0.0.0:15091-0 ] INFO  volume.ThrottledAsyncChecker (ThrottledAsyncChecker.java:schedule(141)) - Scheduling a check for /home/runner/work/ozone/ozone/hadoop-ozone/integration-test/target/test-dir/MiniOzoneClusterImpl-073b5688-48cc-4907-9326-51c03fe36003/datanode-1/data/ratis
2024-01-14 16:58:52,082 [56641f86-a9c9-430f-8bf6-dc57d718c7d6-EndpointStateMachineTaskThread-/0.0.0.0:15091-0 ] INFO  volume.StorageVolumeChecker (StorageVolumeChecker.java:checkAllVolumes(218)) - Scheduled health check for volume /home/runner/work/ozone/ozone/hadoop-ozone/integration-test/target/test-dir/MiniOzoneClusterImpl-073b5688-48cc-4907-9326-51c03fe36003/datanode-1/data/ratis
2024-01-14 16:58:52,082 [56641f86-a9c9-430f-8bf6-dc57d718c7d6-EndpointStateMachineTaskThread-/0.0.0.0:15091-0 ] INFO  ozoneimpl.OzoneContainer (OzoneContainer.java:start(457)) - Attempting to start container services.
2024-01-14 16:58:52,082 [56641f86-a9c9-430f-8bf6-dc57d718c7d6-EndpointStateMachineTaskThread-/0.0.0.0:15091-0 ] INFO  ozoneimpl.OzoneContainer (OzoneContainer.java:startContainerScrub(339)) - Scheduled background container scanners and the on-demand container scanner have been disabled.
2024-01-14 16:58:52,083 [56641f86-a9c9-430f-8bf6-dc57d718c7d6-EndpointStateMachineTaskThread-/0.0.0.0:15091-0 ] INFO  replication.ReplicationServer (ReplicationServer.java:start(139)) - ReplicationServer is started using port 15114
2024-01-14 16:58:52,083 [56641f86-a9c9-430f-8bf6-dc57d718c7d6-EndpointStateMachineTaskThread-/0.0.0.0:15091-0 ] INFO  ratis.XceiverServerRatis (XceiverServerRatis.java:start(549)) - Starting XceiverServerRatis 56641f86-a9c9-430f-8bf6-dc57d718c7d6
2024-01-14 16:58:52,083 [56641f86-a9c9-430f-8bf6-dc57d718c7d6-EndpointStateMachineTaskThread-/0.0.0.0:15091-0 ] INFO  server.RaftServer (RaftServerProxy.java:startImpl(406)) - 56641f86-a9c9-430f-8bf6-dc57d718c7d6: start RPC server
2024-01-14 16:58:52,083 [56641f86-a9c9-430f-8bf6-dc57d718c7d6-EndpointStateMachineTaskThread-/0.0.0.0:15091-0 ] INFO  server.GrpcService (GrpcService.java:startImpl(302)) - 56641f86-a9c9-430f-8bf6-dc57d718c7d6: GrpcService started, listening on 15110
2024-01-14 16:58:52,084 [56641f86-a9c9-430f-8bf6-dc57d718c7d6-EndpointStateMachineTaskThread-/0.0.0.0:15091-0 ] INFO  server.GrpcService (GrpcService.java:startImpl(302)) - 56641f86-a9c9-430f-8bf6-dc57d718c7d6: GrpcService started, listening on 15112
2024-01-14 16:58:52,084 [56641f86-a9c9-430f-8bf6-dc57d718c7d6-EndpointStateMachineTaskThread-/0.0.0.0:15091-0 ] INFO  server.GrpcService (GrpcService.java:startImpl(302)) - 56641f86-a9c9-430f-8bf6-dc57d718c7d6: GrpcService started, listening on 15111
2024-01-14 16:58:52,084 [56641f86-a9c9-430f-8bf6-dc57d718c7d6-EndpointStateMachineTaskThread-/0.0.0.0:15091-0 ] INFO  ratis.XceiverServerRatis (XceiverServerRatis.java:getRealPort(575)) - XceiverServerRatis 56641f86-a9c9-430f-8bf6-dc57d718c7d6 is started using port 15110 for RATIS
2024-01-14 16:58:52,084 [56641f86-a9c9-430f-8bf6-dc57d718c7d6-EndpointStateMachineTaskThread-/0.0.0.0:15091-0 ] INFO  ratis.XceiverServerRatis (XceiverServerRatis.java:getRealPort(575)) - XceiverServerRatis 56641f86-a9c9-430f-8bf6-dc57d718c7d6 is started using port 15111 for RATIS_ADMIN
2024-01-14 16:58:52,084 [56641f86-a9c9-430f-8bf6-dc57d718c7d6-EndpointStateMachineTaskThread-/0.0.0.0:15091-0 ] INFO  ratis.XceiverServerRatis (XceiverServerRatis.java:getRealPort(575)) - XceiverServerRatis 56641f86-a9c9-430f-8bf6-dc57d718c7d6 is started using port 15112 for RATIS_SERVER
2024-01-14 16:58:52,084 [56641f86-a9c9-430f-8bf6-dc57d718c7d6-EndpointStateMachineTaskThread-/0.0.0.0:15091-0 ] INFO  ratis.XceiverServerRatis (XceiverServerRatis.java:getRealPort(575)) - XceiverServerRatis 56641f86-a9c9-430f-8bf6-dc57d718c7d6 is started using port 15113 for RATIS_DATASTREAM
2024-01-14 16:58:52,084 [JvmPauseMonitor14] INFO  util.JvmPauseMonitor (JvmPauseMonitor.java:run(146)) - JvmPauseMonitor-56641f86-a9c9-430f-8bf6-dc57d718c7d6: Started
2024-01-14 16:58:52,085 [56641f86-a9c9-430f-8bf6-dc57d718c7d6-BlockDeletingService#0] INFO  interfaces.ContainerDeletionChoosingPolicyTemplate (ContainerDeletionChoosingPolicyTemplate.java:chooseContainerForBlockDeletion(85)) - Chosen 0/5000 blocks from 0 candidate containers.
2024-01-14 16:58:52,217 [a2543f1a-c8af-46f0-9728-67cfa3d7b722-EndpointStateMachineTaskThread-/0.0.0.0:15091-0 ] INFO  utils.DatanodeStoreCache (DatanodeStoreCache.java:addDB(72)) - Added db /home/runner/work/ozone/ozone/hadoop-ozone/integration-test/target/test-dir/MiniOzoneClusterImpl-073b5688-48cc-4907-9326-51c03fe36003/datanode-2/data-0/containers/hdds/073b5688-48cc-4907-9326-51c03fe36003/DS-3790852b-5318-42a3-8fa1-55478baca963/container.db to cache
2024-01-14 16:58:52,217 [a2543f1a-c8af-46f0-9728-67cfa3d7b722-EndpointStateMachineTaskThread-/0.0.0.0:15091-0 ] INFO  volume.HddsVolume (HddsVolume.java:createDbStore(420)) - SchemaV3 db is created and loaded at /home/runner/work/ozone/ozone/hadoop-ozone/integration-test/target/test-dir/MiniOzoneClusterImpl-073b5688-48cc-4907-9326-51c03fe36003/datanode-2/data-0/containers/hdds/073b5688-48cc-4907-9326-51c03fe36003/DS-3790852b-5318-42a3-8fa1-55478baca963/container.db for volume DS-3790852b-5318-42a3-8fa1-55478baca963
2024-01-14 16:58:52,218 [a2543f1a-c8af-46f0-9728-67cfa3d7b722-EndpointStateMachineTaskThread-/0.0.0.0:15091-0 ] INFO  volume.ThrottledAsyncChecker (ThrottledAsyncChecker.java:schedule(141)) - Scheduling a check for /home/runner/work/ozone/ozone/hadoop-ozone/integration-test/target/test-dir/MiniOzoneClusterImpl-073b5688-48cc-4907-9326-51c03fe36003/datanode-2/data-0/containers/hdds
2024-01-14 16:58:52,219 [a2543f1a-c8af-46f0-9728-67cfa3d7b722-EndpointStateMachineTaskThread-/0.0.0.0:15091-0 ] INFO  volume.StorageVolumeChecker (StorageVolumeChecker.java:checkAllVolumes(218)) - Scheduled health check for volume /home/runner/work/ozone/ozone/hadoop-ozone/integration-test/target/test-dir/MiniOzoneClusterImpl-073b5688-48cc-4907-9326-51c03fe36003/datanode-2/data-0/containers/hdds
2024-01-14 16:58:52,220 [a2543f1a-c8af-46f0-9728-67cfa3d7b722-EndpointStateMachineTaskThread-/0.0.0.0:15091-0 ] INFO  volume.ThrottledAsyncChecker (ThrottledAsyncChecker.java:schedule(141)) - Scheduling a check for /home/runner/work/ozone/ozone/hadoop-ozone/integration-test/target/test-dir/MiniOzoneClusterImpl-073b5688-48cc-4907-9326-51c03fe36003/datanode-2/data/ratis
2024-01-14 16:58:52,220 [a2543f1a-c8af-46f0-9728-67cfa3d7b722-EndpointStateMachineTaskThread-/0.0.0.0:15091-0 ] INFO  volume.StorageVolumeChecker (StorageVolumeChecker.java:checkAllVolumes(218)) - Scheduled health check for volume /home/runner/work/ozone/ozone/hadoop-ozone/integration-test/target/test-dir/MiniOzoneClusterImpl-073b5688-48cc-4907-9326-51c03fe36003/datanode-2/data/ratis
2024-01-14 16:58:52,221 [a2543f1a-c8af-46f0-9728-67cfa3d7b722-EndpointStateMachineTaskThread-/0.0.0.0:15091-0 ] INFO  ozoneimpl.OzoneContainer (OzoneContainer.java:start(457)) - Attempting to start container services.
2024-01-14 16:58:52,221 [a2543f1a-c8af-46f0-9728-67cfa3d7b722-EndpointStateMachineTaskThread-/0.0.0.0:15091-0 ] INFO  ozoneimpl.OzoneContainer (OzoneContainer.java:startContainerScrub(339)) - Scheduled background container scanners and the on-demand container scanner have been disabled.
2024-01-14 16:58:52,222 [a2543f1a-c8af-46f0-9728-67cfa3d7b722-EndpointStateMachineTaskThread-/0.0.0.0:15091-0 ] INFO  replication.ReplicationServer (ReplicationServer.java:start(139)) - ReplicationServer is started using port 15123
2024-01-14 16:58:52,222 [a2543f1a-c8af-46f0-9728-67cfa3d7b722-EndpointStateMachineTaskThread-/0.0.0.0:15091-0 ] INFO  ratis.XceiverServerRatis (XceiverServerRatis.java:start(549)) - Starting XceiverServerRatis a2543f1a-c8af-46f0-9728-67cfa3d7b722
2024-01-14 16:58:52,222 [a2543f1a-c8af-46f0-9728-67cfa3d7b722-EndpointStateMachineTaskThread-/0.0.0.0:15091-0 ] INFO  server.RaftServer (RaftServerProxy.java:startImpl(406)) - a2543f1a-c8af-46f0-9728-67cfa3d7b722: start RPC server
2024-01-14 16:58:52,222 [a2543f1a-c8af-46f0-9728-67cfa3d7b722-EndpointStateMachineTaskThread-/0.0.0.0:15091-0 ] INFO  server.GrpcService (GrpcService.java:startImpl(302)) - a2543f1a-c8af-46f0-9728-67cfa3d7b722: GrpcService started, listening on 15119
2024-01-14 16:58:52,223 [a2543f1a-c8af-46f0-9728-67cfa3d7b722-EndpointStateMachineTaskThread-/0.0.0.0:15091-0 ] INFO  server.GrpcService (GrpcService.java:startImpl(302)) - a2543f1a-c8af-46f0-9728-67cfa3d7b722: GrpcService started, listening on 15121
2024-01-14 16:58:52,223 [a2543f1a-c8af-46f0-9728-67cfa3d7b722-EndpointStateMachineTaskThread-/0.0.0.0:15091-0 ] INFO  server.GrpcService (GrpcService.java:startImpl(302)) - a2543f1a-c8af-46f0-9728-67cfa3d7b722: GrpcService started, listening on 15120
2024-01-14 16:58:52,223 [a2543f1a-c8af-46f0-9728-67cfa3d7b722-EndpointStateMachineTaskThread-/0.0.0.0:15091-0 ] INFO  ratis.XceiverServerRatis (XceiverServerRatis.java:getRealPort(575)) - XceiverServerRatis a2543f1a-c8af-46f0-9728-67cfa3d7b722 is started using port 15119 for RATIS
2024-01-14 16:58:52,223 [JvmPauseMonitor15] INFO  util.JvmPauseMonitor (JvmPauseMonitor.java:run(146)) - JvmPauseMonitor-a2543f1a-c8af-46f0-9728-67cfa3d7b722: Started
2024-01-14 16:58:52,223 [a2543f1a-c8af-46f0-9728-67cfa3d7b722-EndpointStateMachineTaskThread-/0.0.0.0:15091-0 ] INFO  ratis.XceiverServerRatis (XceiverServerRatis.java:getRealPort(575)) - XceiverServerRatis a2543f1a-c8af-46f0-9728-67cfa3d7b722 is started using port 15120 for RATIS_ADMIN
2024-01-14 16:58:52,223 [a2543f1a-c8af-46f0-9728-67cfa3d7b722-EndpointStateMachineTaskThread-/0.0.0.0:15091-0 ] INFO  ratis.XceiverServerRatis (XceiverServerRatis.java:getRealPort(575)) - XceiverServerRatis a2543f1a-c8af-46f0-9728-67cfa3d7b722 is started using port 15121 for RATIS_SERVER
2024-01-14 16:58:52,223 [a2543f1a-c8af-46f0-9728-67cfa3d7b722-EndpointStateMachineTaskThread-/0.0.0.0:15091-0 ] INFO  ratis.XceiverServerRatis (XceiverServerRatis.java:getRealPort(575)) - XceiverServerRatis a2543f1a-c8af-46f0-9728-67cfa3d7b722 is started using port 15122 for RATIS_DATASTREAM
2024-01-14 16:58:52,224 [a2543f1a-c8af-46f0-9728-67cfa3d7b722-BlockDeletingService#0] INFO  interfaces.ContainerDeletionChoosingPolicyTemplate (ContainerDeletionChoosingPolicyTemplate.java:chooseContainerForBlockDeletion(85)) - Chosen 0/5000 blocks from 0 candidate containers.
2024-01-14 16:58:52,321 [08a076d1-72dd-4720-8252-a175f3c6a2d5-EndpointStateMachineTaskThread-/0.0.0.0:15091-0 ] INFO  utils.DatanodeStoreCache (DatanodeStoreCache.java:addDB(72)) - Added db /home/runner/work/ozone/ozone/hadoop-ozone/integration-test/target/test-dir/MiniOzoneClusterImpl-073b5688-48cc-4907-9326-51c03fe36003/datanode-3/data-0/containers/hdds/073b5688-48cc-4907-9326-51c03fe36003/DS-d34cbe72-c2d5-4e93-9ff3-2ce5de4a4fcd/container.db to cache
2024-01-14 16:58:52,321 [08a076d1-72dd-4720-8252-a175f3c6a2d5-EndpointStateMachineTaskThread-/0.0.0.0:15091-0 ] INFO  volume.HddsVolume (HddsVolume.java:createDbStore(420)) - SchemaV3 db is created and loaded at /home/runner/work/ozone/ozone/hadoop-ozone/integration-test/target/test-dir/MiniOzoneClusterImpl-073b5688-48cc-4907-9326-51c03fe36003/datanode-3/data-0/containers/hdds/073b5688-48cc-4907-9326-51c03fe36003/DS-d34cbe72-c2d5-4e93-9ff3-2ce5de4a4fcd/container.db for volume DS-d34cbe72-c2d5-4e93-9ff3-2ce5de4a4fcd
2024-01-14 16:58:52,323 [08a076d1-72dd-4720-8252-a175f3c6a2d5-EndpointStateMachineTaskThread-/0.0.0.0:15091-0 ] INFO  volume.ThrottledAsyncChecker (ThrottledAsyncChecker.java:schedule(141)) - Scheduling a check for /home/runner/work/ozone/ozone/hadoop-ozone/integration-test/target/test-dir/MiniOzoneClusterImpl-073b5688-48cc-4907-9326-51c03fe36003/datanode-3/data-0/containers/hdds
2024-01-14 16:58:52,323 [08a076d1-72dd-4720-8252-a175f3c6a2d5-EndpointStateMachineTaskThread-/0.0.0.0:15091-0 ] INFO  volume.StorageVolumeChecker (StorageVolumeChecker.java:checkAllVolumes(218)) - Scheduled health check for volume /home/runner/work/ozone/ozone/hadoop-ozone/integration-test/target/test-dir/MiniOzoneClusterImpl-073b5688-48cc-4907-9326-51c03fe36003/datanode-3/data-0/containers/hdds
2024-01-14 16:58:52,325 [08a076d1-72dd-4720-8252-a175f3c6a2d5-EndpointStateMachineTaskThread-/0.0.0.0:15091-0 ] INFO  volume.ThrottledAsyncChecker (ThrottledAsyncChecker.java:schedule(141)) - Scheduling a check for /home/runner/work/ozone/ozone/hadoop-ozone/integration-test/target/test-dir/MiniOzoneClusterImpl-073b5688-48cc-4907-9326-51c03fe36003/datanode-3/data/ratis
2024-01-14 16:58:52,325 [08a076d1-72dd-4720-8252-a175f3c6a2d5-EndpointStateMachineTaskThread-/0.0.0.0:15091-0 ] INFO  volume.StorageVolumeChecker (StorageVolumeChecker.java:checkAllVolumes(218)) - Scheduled health check for volume /home/runner/work/ozone/ozone/hadoop-ozone/integration-test/target/test-dir/MiniOzoneClusterImpl-073b5688-48cc-4907-9326-51c03fe36003/datanode-3/data/ratis
2024-01-14 16:58:52,325 [08a076d1-72dd-4720-8252-a175f3c6a2d5-EndpointStateMachineTaskThread-/0.0.0.0:15091-0 ] INFO  ozoneimpl.OzoneContainer (OzoneContainer.java:start(457)) - Attempting to start container services.
2024-01-14 16:58:52,325 [08a076d1-72dd-4720-8252-a175f3c6a2d5-EndpointStateMachineTaskThread-/0.0.0.0:15091-0 ] INFO  ozoneimpl.OzoneContainer (OzoneContainer.java:startContainerScrub(339)) - Scheduled background container scanners and the on-demand container scanner have been disabled.
2024-01-14 16:58:52,326 [08a076d1-72dd-4720-8252-a175f3c6a2d5-EndpointStateMachineTaskThread-/0.0.0.0:15091-0 ] INFO  replication.ReplicationServer (ReplicationServer.java:start(139)) - ReplicationServer is started using port 15132
2024-01-14 16:58:52,326 [08a076d1-72dd-4720-8252-a175f3c6a2d5-EndpointStateMachineTaskThread-/0.0.0.0:15091-0 ] INFO  ratis.XceiverServerRatis (XceiverServerRatis.java:start(549)) - Starting XceiverServerRatis 08a076d1-72dd-4720-8252-a175f3c6a2d5
2024-01-14 16:58:52,326 [08a076d1-72dd-4720-8252-a175f3c6a2d5-EndpointStateMachineTaskThread-/0.0.0.0:15091-0 ] INFO  server.RaftServer (RaftServerProxy.java:startImpl(406)) - 08a076d1-72dd-4720-8252-a175f3c6a2d5: start RPC server
2024-01-14 16:58:52,326 [08a076d1-72dd-4720-8252-a175f3c6a2d5-EndpointStateMachineTaskThread-/0.0.0.0:15091-0 ] INFO  server.GrpcService (GrpcService.java:startImpl(302)) - 08a076d1-72dd-4720-8252-a175f3c6a2d5: GrpcService started, listening on 15128
2024-01-14 16:58:52,327 [08a076d1-72dd-4720-8252-a175f3c6a2d5-EndpointStateMachineTaskThread-/0.0.0.0:15091-0 ] INFO  server.GrpcService (GrpcService.java:startImpl(302)) - 08a076d1-72dd-4720-8252-a175f3c6a2d5: GrpcService started, listening on 15130
2024-01-14 16:58:52,327 [08a076d1-72dd-4720-8252-a175f3c6a2d5-EndpointStateMachineTaskThread-/0.0.0.0:15091-0 ] INFO  server.GrpcService (GrpcService.java:startImpl(302)) - 08a076d1-72dd-4720-8252-a175f3c6a2d5: GrpcService started, listening on 15129
2024-01-14 16:58:52,327 [08a076d1-72dd-4720-8252-a175f3c6a2d5-EndpointStateMachineTaskThread-/0.0.0.0:15091-0 ] INFO  ratis.XceiverServerRatis (XceiverServerRatis.java:getRealPort(575)) - XceiverServerRatis 08a076d1-72dd-4720-8252-a175f3c6a2d5 is started using port 15128 for RATIS
2024-01-14 16:58:52,327 [08a076d1-72dd-4720-8252-a175f3c6a2d5-EndpointStateMachineTaskThread-/0.0.0.0:15091-0 ] INFO  ratis.XceiverServerRatis (XceiverServerRatis.java:getRealPort(575)) - XceiverServerRatis 08a076d1-72dd-4720-8252-a175f3c6a2d5 is started using port 15129 for RATIS_ADMIN
2024-01-14 16:58:52,327 [08a076d1-72dd-4720-8252-a175f3c6a2d5-EndpointStateMachineTaskThread-/0.0.0.0:15091-0 ] INFO  ratis.XceiverServerRatis (XceiverServerRatis.java:getRealPort(575)) - XceiverServerRatis 08a076d1-72dd-4720-8252-a175f3c6a2d5 is started using port 15130 for RATIS_SERVER
2024-01-14 16:58:52,327 [08a076d1-72dd-4720-8252-a175f3c6a2d5-EndpointStateMachineTaskThread-/0.0.0.0:15091-0 ] INFO  ratis.XceiverServerRatis (XceiverServerRatis.java:getRealPort(575)) - XceiverServerRatis 08a076d1-72dd-4720-8252-a175f3c6a2d5 is started using port 15131 for RATIS_DATASTREAM
2024-01-14 16:58:52,327 [JvmPauseMonitor16] INFO  util.JvmPauseMonitor (JvmPauseMonitor.java:run(146)) - JvmPauseMonitor-08a076d1-72dd-4720-8252-a175f3c6a2d5: Started
2024-01-14 16:58:52,328 [08a076d1-72dd-4720-8252-a175f3c6a2d5-BlockDeletingService#0] INFO  interfaces.ContainerDeletionChoosingPolicyTemplate (ContainerDeletionChoosingPolicyTemplate.java:chooseContainerForBlockDeletion(85)) - Chosen 0/5000 blocks from 0 candidate containers.
2024-01-14 16:58:52,442 [0ab92cad-ec19-4fa3-a733-30f9108b825a-EndpointStateMachineTaskThread-/0.0.0.0:15091-0 ] INFO  utils.DatanodeStoreCache (DatanodeStoreCache.java:addDB(72)) - Added db /home/runner/work/ozone/ozone/hadoop-ozone/integration-test/target/test-dir/MiniOzoneClusterImpl-073b5688-48cc-4907-9326-51c03fe36003/datanode-4/data-0/containers/hdds/073b5688-48cc-4907-9326-51c03fe36003/DS-43d34977-d9e2-41cf-a5ad-8de12db9a092/container.db to cache
2024-01-14 16:58:52,442 [0ab92cad-ec19-4fa3-a733-30f9108b825a-EndpointStateMachineTaskThread-/0.0.0.0:15091-0 ] INFO  volume.HddsVolume (HddsVolume.java:createDbStore(420)) - SchemaV3 db is created and loaded at /home/runner/work/ozone/ozone/hadoop-ozone/integration-test/target/test-dir/MiniOzoneClusterImpl-073b5688-48cc-4907-9326-51c03fe36003/datanode-4/data-0/containers/hdds/073b5688-48cc-4907-9326-51c03fe36003/DS-43d34977-d9e2-41cf-a5ad-8de12db9a092/container.db for volume DS-43d34977-d9e2-41cf-a5ad-8de12db9a092
2024-01-14 16:58:52,444 [0ab92cad-ec19-4fa3-a733-30f9108b825a-EndpointStateMachineTaskThread-/0.0.0.0:15091-0 ] INFO  volume.ThrottledAsyncChecker (ThrottledAsyncChecker.java:schedule(141)) - Scheduling a check for /home/runner/work/ozone/ozone/hadoop-ozone/integration-test/target/test-dir/MiniOzoneClusterImpl-073b5688-48cc-4907-9326-51c03fe36003/datanode-4/data-0/containers/hdds
2024-01-14 16:58:52,444 [0ab92cad-ec19-4fa3-a733-30f9108b825a-EndpointStateMachineTaskThread-/0.0.0.0:15091-0 ] INFO  volume.StorageVolumeChecker (StorageVolumeChecker.java:checkAllVolumes(218)) - Scheduled health check for volume /home/runner/work/ozone/ozone/hadoop-ozone/integration-test/target/test-dir/MiniOzoneClusterImpl-073b5688-48cc-4907-9326-51c03fe36003/datanode-4/data-0/containers/hdds
2024-01-14 16:58:52,446 [0ab92cad-ec19-4fa3-a733-30f9108b825a-EndpointStateMachineTaskThread-/0.0.0.0:15091-0 ] INFO  volume.ThrottledAsyncChecker (ThrottledAsyncChecker.java:schedule(141)) - Scheduling a check for /home/runner/work/ozone/ozone/hadoop-ozone/integration-test/target/test-dir/MiniOzoneClusterImpl-073b5688-48cc-4907-9326-51c03fe36003/datanode-4/data/ratis
2024-01-14 16:58:52,446 [0ab92cad-ec19-4fa3-a733-30f9108b825a-EndpointStateMachineTaskThread-/0.0.0.0:15091-0 ] INFO  volume.StorageVolumeChecker (StorageVolumeChecker.java:checkAllVolumes(218)) - Scheduled health check for volume /home/runner/work/ozone/ozone/hadoop-ozone/integration-test/target/test-dir/MiniOzoneClusterImpl-073b5688-48cc-4907-9326-51c03fe36003/datanode-4/data/ratis
2024-01-14 16:58:52,446 [0ab92cad-ec19-4fa3-a733-30f9108b825a-EndpointStateMachineTaskThread-/0.0.0.0:15091-0 ] INFO  ozoneimpl.OzoneContainer (OzoneContainer.java:start(457)) - Attempting to start container services.
2024-01-14 16:58:52,446 [0ab92cad-ec19-4fa3-a733-30f9108b825a-EndpointStateMachineTaskThread-/0.0.0.0:15091-0 ] INFO  ozoneimpl.OzoneContainer (OzoneContainer.java:startContainerScrub(339)) - Scheduled background container scanners and the on-demand container scanner have been disabled.
2024-01-14 16:58:52,447 [0ab92cad-ec19-4fa3-a733-30f9108b825a-EndpointStateMachineTaskThread-/0.0.0.0:15091-0 ] INFO  replication.ReplicationServer (ReplicationServer.java:start(139)) - ReplicationServer is started using port 15141
2024-01-14 16:58:52,447 [0ab92cad-ec19-4fa3-a733-30f9108b825a-EndpointStateMachineTaskThread-/0.0.0.0:15091-0 ] INFO  ratis.XceiverServerRatis (XceiverServerRatis.java:start(549)) - Starting XceiverServerRatis 0ab92cad-ec19-4fa3-a733-30f9108b825a
2024-01-14 16:58:52,448 [0ab92cad-ec19-4fa3-a733-30f9108b825a-EndpointStateMachineTaskThread-/0.0.0.0:15091-0 ] INFO  server.RaftServer (RaftServerProxy.java:startImpl(406)) - 0ab92cad-ec19-4fa3-a733-30f9108b825a: start RPC server
2024-01-14 16:58:52,448 [0ab92cad-ec19-4fa3-a733-30f9108b825a-EndpointStateMachineTaskThread-/0.0.0.0:15091-0 ] INFO  server.GrpcService (GrpcService.java:startImpl(302)) - 0ab92cad-ec19-4fa3-a733-30f9108b825a: GrpcService started, listening on 15137
2024-01-14 16:58:52,448 [0ab92cad-ec19-4fa3-a733-30f9108b825a-EndpointStateMachineTaskThread-/0.0.0.0:15091-0 ] INFO  server.GrpcService (GrpcService.java:startImpl(302)) - 0ab92cad-ec19-4fa3-a733-30f9108b825a: GrpcService started, listening on 15139
2024-01-14 16:58:52,448 [0ab92cad-ec19-4fa3-a733-30f9108b825a-EndpointStateMachineTaskThread-/0.0.0.0:15091-0 ] INFO  server.GrpcService (GrpcService.java:startImpl(302)) - 0ab92cad-ec19-4fa3-a733-30f9108b825a: GrpcService started, listening on 15138
2024-01-14 16:58:52,449 [0ab92cad-ec19-4fa3-a733-30f9108b825a-EndpointStateMachineTaskThread-/0.0.0.0:15091-0 ] INFO  ratis.XceiverServerRatis (XceiverServerRatis.java:getRealPort(575)) - XceiverServerRatis 0ab92cad-ec19-4fa3-a733-30f9108b825a is started using port 15137 for RATIS
2024-01-14 16:58:52,449 [JvmPauseMonitor17] INFO  util.JvmPauseMonitor (JvmPauseMonitor.java:run(146)) - JvmPauseMonitor-0ab92cad-ec19-4fa3-a733-30f9108b825a: Started
2024-01-14 16:58:52,449 [0ab92cad-ec19-4fa3-a733-30f9108b825a-EndpointStateMachineTaskThread-/0.0.0.0:15091-0 ] INFO  ratis.XceiverServerRatis (XceiverServerRatis.java:getRealPort(575)) - XceiverServerRatis 0ab92cad-ec19-4fa3-a733-30f9108b825a is started using port 15138 for RATIS_ADMIN
2024-01-14 16:58:52,449 [0ab92cad-ec19-4fa3-a733-30f9108b825a-EndpointStateMachineTaskThread-/0.0.0.0:15091-0 ] INFO  ratis.XceiverServerRatis (XceiverServerRatis.java:getRealPort(575)) - XceiverServerRatis 0ab92cad-ec19-4fa3-a733-30f9108b825a is started using port 15139 for RATIS_SERVER
2024-01-14 16:58:52,449 [0ab92cad-ec19-4fa3-a733-30f9108b825a-EndpointStateMachineTaskThread-/0.0.0.0:15091-0 ] INFO  ratis.XceiverServerRatis (XceiverServerRatis.java:getRealPort(575)) - XceiverServerRatis 0ab92cad-ec19-4fa3-a733-30f9108b825a is started using port 15140 for RATIS_DATASTREAM
2024-01-14 16:58:52,451 [0ab92cad-ec19-4fa3-a733-30f9108b825a-BlockDeletingService#0] INFO  interfaces.ContainerDeletionChoosingPolicyTemplate (ContainerDeletionChoosingPolicyTemplate.java:chooseContainerForBlockDeletion(85)) - Chosen 0/5000 blocks from 0 candidate containers.
2024-01-14 16:58:52,585 [21dc7e34-f667-47e1-88cd-5882a68f9cf5-EndpointStateMachineTaskThread-/0.0.0.0:15091-0 ] INFO  utils.DatanodeStoreCache (DatanodeStoreCache.java:addDB(72)) - Added db /home/runner/work/ozone/ozone/hadoop-ozone/integration-test/target/test-dir/MiniOzoneClusterImpl-073b5688-48cc-4907-9326-51c03fe36003/datanode-5/data-0/containers/hdds/073b5688-48cc-4907-9326-51c03fe36003/DS-e55a778c-870f-48f4-8278-dcf0baa64163/container.db to cache
2024-01-14 16:58:52,585 [21dc7e34-f667-47e1-88cd-5882a68f9cf5-EndpointStateMachineTaskThread-/0.0.0.0:15091-0 ] INFO  volume.HddsVolume (HddsVolume.java:createDbStore(420)) - SchemaV3 db is created and loaded at /home/runner/work/ozone/ozone/hadoop-ozone/integration-test/target/test-dir/MiniOzoneClusterImpl-073b5688-48cc-4907-9326-51c03fe36003/datanode-5/data-0/containers/hdds/073b5688-48cc-4907-9326-51c03fe36003/DS-e55a778c-870f-48f4-8278-dcf0baa64163/container.db for volume DS-e55a778c-870f-48f4-8278-dcf0baa64163
2024-01-14 16:58:52,586 [21dc7e34-f667-47e1-88cd-5882a68f9cf5-EndpointStateMachineTaskThread-/0.0.0.0:15091-0 ] INFO  volume.ThrottledAsyncChecker (ThrottledAsyncChecker.java:schedule(141)) - Scheduling a check for /home/runner/work/ozone/ozone/hadoop-ozone/integration-test/target/test-dir/MiniOzoneClusterImpl-073b5688-48cc-4907-9326-51c03fe36003/datanode-5/data-0/containers/hdds
2024-01-14 16:58:52,586 [21dc7e34-f667-47e1-88cd-5882a68f9cf5-EndpointStateMachineTaskThread-/0.0.0.0:15091-0 ] INFO  volume.StorageVolumeChecker (StorageVolumeChecker.java:checkAllVolumes(218)) - Scheduled health check for volume /home/runner/work/ozone/ozone/hadoop-ozone/integration-test/target/test-dir/MiniOzoneClusterImpl-073b5688-48cc-4907-9326-51c03fe36003/datanode-5/data-0/containers/hdds
2024-01-14 16:58:52,588 [21dc7e34-f667-47e1-88cd-5882a68f9cf5-EndpointStateMachineTaskThread-/0.0.0.0:15091-0 ] INFO  volume.ThrottledAsyncChecker (ThrottledAsyncChecker.java:schedule(141)) - Scheduling a check for /home/runner/work/ozone/ozone/hadoop-ozone/integration-test/target/test-dir/MiniOzoneClusterImpl-073b5688-48cc-4907-9326-51c03fe36003/datanode-5/data/ratis
2024-01-14 16:58:52,588 [21dc7e34-f667-47e1-88cd-5882a68f9cf5-EndpointStateMachineTaskThread-/0.0.0.0:15091-0 ] INFO  volume.StorageVolumeChecker (StorageVolumeChecker.java:checkAllVolumes(218)) - Scheduled health check for volume /home/runner/work/ozone/ozone/hadoop-ozone/integration-test/target/test-dir/MiniOzoneClusterImpl-073b5688-48cc-4907-9326-51c03fe36003/datanode-5/data/ratis
2024-01-14 16:58:52,589 [21dc7e34-f667-47e1-88cd-5882a68f9cf5-EndpointStateMachineTaskThread-/0.0.0.0:15091-0 ] INFO  ozoneimpl.OzoneContainer (OzoneContainer.java:start(457)) - Attempting to start container services.
2024-01-14 16:58:52,589 [21dc7e34-f667-47e1-88cd-5882a68f9cf5-EndpointStateMachineTaskThread-/0.0.0.0:15091-0 ] INFO  ozoneimpl.OzoneContainer (OzoneContainer.java:startContainerScrub(339)) - Scheduled background container scanners and the on-demand container scanner have been disabled.
2024-01-14 16:58:52,589 [21dc7e34-f667-47e1-88cd-5882a68f9cf5-EndpointStateMachineTaskThread-/0.0.0.0:15091-0 ] INFO  replication.ReplicationServer (ReplicationServer.java:start(139)) - ReplicationServer is started using port 15150
2024-01-14 16:58:52,589 [21dc7e34-f667-47e1-88cd-5882a68f9cf5-EndpointStateMachineTaskThread-/0.0.0.0:15091-0 ] INFO  ratis.XceiverServerRatis (XceiverServerRatis.java:start(549)) - Starting XceiverServerRatis 21dc7e34-f667-47e1-88cd-5882a68f9cf5
2024-01-14 16:58:52,590 [21dc7e34-f667-47e1-88cd-5882a68f9cf5-EndpointStateMachineTaskThread-/0.0.0.0:15091-0 ] INFO  server.RaftServer (RaftServerProxy.java:startImpl(406)) - 21dc7e34-f667-47e1-88cd-5882a68f9cf5: start RPC server
2024-01-14 16:58:52,590 [21dc7e34-f667-47e1-88cd-5882a68f9cf5-EndpointStateMachineTaskThread-/0.0.0.0:15091-0 ] INFO  server.GrpcService (GrpcService.java:startImpl(302)) - 21dc7e34-f667-47e1-88cd-5882a68f9cf5: GrpcService started, listening on 15146
2024-01-14 16:58:52,590 [21dc7e34-f667-47e1-88cd-5882a68f9cf5-EndpointStateMachineTaskThread-/0.0.0.0:15091-0 ] INFO  server.GrpcService (GrpcService.java:startImpl(302)) - 21dc7e34-f667-47e1-88cd-5882a68f9cf5: GrpcService started, listening on 15148
2024-01-14 16:58:52,591 [21dc7e34-f667-47e1-88cd-5882a68f9cf5-EndpointStateMachineTaskThread-/0.0.0.0:15091-0 ] INFO  server.GrpcService (GrpcService.java:startImpl(302)) - 21dc7e34-f667-47e1-88cd-5882a68f9cf5: GrpcService started, listening on 15147
2024-01-14 16:58:52,591 [21dc7e34-f667-47e1-88cd-5882a68f9cf5-EndpointStateMachineTaskThread-/0.0.0.0:15091-0 ] INFO  ratis.XceiverServerRatis (XceiverServerRatis.java:getRealPort(575)) - XceiverServerRatis 21dc7e34-f667-47e1-88cd-5882a68f9cf5 is started using port 15146 for RATIS
2024-01-14 16:58:52,591 [JvmPauseMonitor18] INFO  util.JvmPauseMonitor (JvmPauseMonitor.java:run(146)) - JvmPauseMonitor-21dc7e34-f667-47e1-88cd-5882a68f9cf5: Started
2024-01-14 16:58:52,591 [21dc7e34-f667-47e1-88cd-5882a68f9cf5-EndpointStateMachineTaskThread-/0.0.0.0:15091-0 ] INFO  ratis.XceiverServerRatis (XceiverServerRatis.java:getRealPort(575)) - XceiverServerRatis 21dc7e34-f667-47e1-88cd-5882a68f9cf5 is started using port 15147 for RATIS_ADMIN
2024-01-14 16:58:52,591 [21dc7e34-f667-47e1-88cd-5882a68f9cf5-EndpointStateMachineTaskThread-/0.0.0.0:15091-0 ] INFO  ratis.XceiverServerRatis (XceiverServerRatis.java:getRealPort(575)) - XceiverServerRatis 21dc7e34-f667-47e1-88cd-5882a68f9cf5 is started using port 15148 for RATIS_SERVER
2024-01-14 16:58:52,591 [21dc7e34-f667-47e1-88cd-5882a68f9cf5-EndpointStateMachineTaskThread-/0.0.0.0:15091-0 ] INFO  ratis.XceiverServerRatis (XceiverServerRatis.java:getRealPort(575)) - XceiverServerRatis 21dc7e34-f667-47e1-88cd-5882a68f9cf5 is started using port 15149 for RATIS_DATASTREAM
2024-01-14 16:58:52,592 [21dc7e34-f667-47e1-88cd-5882a68f9cf5-BlockDeletingService#0] INFO  interfaces.ContainerDeletionChoosingPolicyTemplate (ContainerDeletionChoosingPolicyTemplate.java:chooseContainerForBlockDeletion(85)) - Chosen 0/5000 blocks from 0 candidate containers.
2024-01-14 16:58:52,680 [fd48a60a-820f-4974-a983-c7065961ec94-EndpointStateMachineTaskThread-/0.0.0.0:15091-0 ] INFO  utils.DatanodeStoreCache (DatanodeStoreCache.java:addDB(72)) - Added db /home/runner/work/ozone/ozone/hadoop-ozone/integration-test/target/test-dir/MiniOzoneClusterImpl-073b5688-48cc-4907-9326-51c03fe36003/datanode-6/data-0/containers/hdds/073b5688-48cc-4907-9326-51c03fe36003/DS-5e989019-9153-4f3e-9778-b6e17475e32e/container.db to cache
2024-01-14 16:58:52,680 [fd48a60a-820f-4974-a983-c7065961ec94-EndpointStateMachineTaskThread-/0.0.0.0:15091-0 ] INFO  volume.HddsVolume (HddsVolume.java:createDbStore(420)) - SchemaV3 db is created and loaded at /home/runner/work/ozone/ozone/hadoop-ozone/integration-test/target/test-dir/MiniOzoneClusterImpl-073b5688-48cc-4907-9326-51c03fe36003/datanode-6/data-0/containers/hdds/073b5688-48cc-4907-9326-51c03fe36003/DS-5e989019-9153-4f3e-9778-b6e17475e32e/container.db for volume DS-5e989019-9153-4f3e-9778-b6e17475e32e
2024-01-14 16:58:52,681 [fd48a60a-820f-4974-a983-c7065961ec94-EndpointStateMachineTaskThread-/0.0.0.0:15091-0 ] INFO  volume.ThrottledAsyncChecker (ThrottledAsyncChecker.java:schedule(141)) - Scheduling a check for /home/runner/work/ozone/ozone/hadoop-ozone/integration-test/target/test-dir/MiniOzoneClusterImpl-073b5688-48cc-4907-9326-51c03fe36003/datanode-6/data-0/containers/hdds
2024-01-14 16:58:52,682 [fd48a60a-820f-4974-a983-c7065961ec94-EndpointStateMachineTaskThread-/0.0.0.0:15091-0 ] INFO  volume.StorageVolumeChecker (StorageVolumeChecker.java:checkAllVolumes(218)) - Scheduled health check for volume /home/runner/work/ozone/ozone/hadoop-ozone/integration-test/target/test-dir/MiniOzoneClusterImpl-073b5688-48cc-4907-9326-51c03fe36003/datanode-6/data-0/containers/hdds
2024-01-14 16:58:52,683 [fd48a60a-820f-4974-a983-c7065961ec94-EndpointStateMachineTaskThread-/0.0.0.0:15091-0 ] INFO  volume.ThrottledAsyncChecker (ThrottledAsyncChecker.java:schedule(141)) - Scheduling a check for /home/runner/work/ozone/ozone/hadoop-ozone/integration-test/target/test-dir/MiniOzoneClusterImpl-073b5688-48cc-4907-9326-51c03fe36003/datanode-6/data/ratis
2024-01-14 16:58:52,684 [fd48a60a-820f-4974-a983-c7065961ec94-EndpointStateMachineTaskThread-/0.0.0.0:15091-0 ] INFO  volume.StorageVolumeChecker (StorageVolumeChecker.java:checkAllVolumes(218)) - Scheduled health check for volume /home/runner/work/ozone/ozone/hadoop-ozone/integration-test/target/test-dir/MiniOzoneClusterImpl-073b5688-48cc-4907-9326-51c03fe36003/datanode-6/data/ratis
2024-01-14 16:58:52,685 [fd48a60a-820f-4974-a983-c7065961ec94-EndpointStateMachineTaskThread-/0.0.0.0:15091-0 ] INFO  ozoneimpl.OzoneContainer (OzoneContainer.java:start(457)) - Attempting to start container services.
2024-01-14 16:58:52,685 [fd48a60a-820f-4974-a983-c7065961ec94-EndpointStateMachineTaskThread-/0.0.0.0:15091-0 ] INFO  ozoneimpl.OzoneContainer (OzoneContainer.java:startContainerScrub(339)) - Scheduled background container scanners and the on-demand container scanner have been disabled.
2024-01-14 16:58:52,686 [fd48a60a-820f-4974-a983-c7065961ec94-EndpointStateMachineTaskThread-/0.0.0.0:15091-0 ] INFO  replication.ReplicationServer (ReplicationServer.java:start(139)) - ReplicationServer is started using port 15159
2024-01-14 16:58:52,686 [fd48a60a-820f-4974-a983-c7065961ec94-EndpointStateMachineTaskThread-/0.0.0.0:15091-0 ] INFO  ratis.XceiverServerRatis (XceiverServerRatis.java:start(549)) - Starting XceiverServerRatis fd48a60a-820f-4974-a983-c7065961ec94
2024-01-14 16:58:52,689 [fd48a60a-820f-4974-a983-c7065961ec94-EndpointStateMachineTaskThread-/0.0.0.0:15091-0 ] INFO  server.RaftServer (RaftServerProxy.java:startImpl(406)) - fd48a60a-820f-4974-a983-c7065961ec94: start RPC server
2024-01-14 16:58:52,689 [fd48a60a-820f-4974-a983-c7065961ec94-EndpointStateMachineTaskThread-/0.0.0.0:15091-0 ] INFO  server.GrpcService (GrpcService.java:startImpl(302)) - fd48a60a-820f-4974-a983-c7065961ec94: GrpcService started, listening on 15155
2024-01-14 16:58:52,689 [fd48a60a-820f-4974-a983-c7065961ec94-EndpointStateMachineTaskThread-/0.0.0.0:15091-0 ] INFO  server.GrpcService (GrpcService.java:startImpl(302)) - fd48a60a-820f-4974-a983-c7065961ec94: GrpcService started, listening on 15157
2024-01-14 16:58:52,690 [fd48a60a-820f-4974-a983-c7065961ec94-EndpointStateMachineTaskThread-/0.0.0.0:15091-0 ] INFO  server.GrpcService (GrpcService.java:startImpl(302)) - fd48a60a-820f-4974-a983-c7065961ec94: GrpcService started, listening on 15156
2024-01-14 16:58:52,690 [fd48a60a-820f-4974-a983-c7065961ec94-EndpointStateMachineTaskThread-/0.0.0.0:15091-0 ] INFO  ratis.XceiverServerRatis (XceiverServerRatis.java:getRealPort(575)) - XceiverServerRatis fd48a60a-820f-4974-a983-c7065961ec94 is started using port 15155 for RATIS
2024-01-14 16:58:52,690 [fd48a60a-820f-4974-a983-c7065961ec94-EndpointStateMachineTaskThread-/0.0.0.0:15091-0 ] INFO  ratis.XceiverServerRatis (XceiverServerRatis.java:getRealPort(575)) - XceiverServerRatis fd48a60a-820f-4974-a983-c7065961ec94 is started using port 15156 for RATIS_ADMIN
2024-01-14 16:58:52,690 [fd48a60a-820f-4974-a983-c7065961ec94-EndpointStateMachineTaskThread-/0.0.0.0:15091-0 ] INFO  ratis.XceiverServerRatis (XceiverServerRatis.java:getRealPort(575)) - XceiverServerRatis fd48a60a-820f-4974-a983-c7065961ec94 is started using port 15157 for RATIS_SERVER
2024-01-14 16:58:52,690 [fd48a60a-820f-4974-a983-c7065961ec94-EndpointStateMachineTaskThread-/0.0.0.0:15091-0 ] INFO  ratis.XceiverServerRatis (XceiverServerRatis.java:getRealPort(575)) - XceiverServerRatis fd48a60a-820f-4974-a983-c7065961ec94 is started using port 15158 for RATIS_DATASTREAM
2024-01-14 16:58:52,690 [JvmPauseMonitor19] INFO  util.JvmPauseMonitor (JvmPauseMonitor.java:run(146)) - JvmPauseMonitor-fd48a60a-820f-4974-a983-c7065961ec94: Started
2024-01-14 16:58:52,691 [fd48a60a-820f-4974-a983-c7065961ec94-BlockDeletingService#0] INFO  interfaces.ContainerDeletionChoosingPolicyTemplate (ContainerDeletionChoosingPolicyTemplate.java:chooseContainerForBlockDeletion(85)) - Chosen 0/5000 blocks from 0 candidate containers.
2024-01-14 16:58:52,793 [7ded70f2-1c6f-4acc-8465-7e233baee92c-EndpointStateMachineTaskThread-/0.0.0.0:15091-0 ] INFO  utils.DatanodeStoreCache (DatanodeStoreCache.java:addDB(72)) - Added db /home/runner/work/ozone/ozone/hadoop-ozone/integration-test/target/test-dir/MiniOzoneClusterImpl-073b5688-48cc-4907-9326-51c03fe36003/datanode-7/data-0/containers/hdds/073b5688-48cc-4907-9326-51c03fe36003/DS-456703f1-e5c7-4101-893f-54f2b8a9a8e1/container.db to cache
2024-01-14 16:58:52,793 [7ded70f2-1c6f-4acc-8465-7e233baee92c-EndpointStateMachineTaskThread-/0.0.0.0:15091-0 ] INFO  volume.HddsVolume (HddsVolume.java:createDbStore(420)) - SchemaV3 db is created and loaded at /home/runner/work/ozone/ozone/hadoop-ozone/integration-test/target/test-dir/MiniOzoneClusterImpl-073b5688-48cc-4907-9326-51c03fe36003/datanode-7/data-0/containers/hdds/073b5688-48cc-4907-9326-51c03fe36003/DS-456703f1-e5c7-4101-893f-54f2b8a9a8e1/container.db for volume DS-456703f1-e5c7-4101-893f-54f2b8a9a8e1
2024-01-14 16:58:52,795 [7ded70f2-1c6f-4acc-8465-7e233baee92c-EndpointStateMachineTaskThread-/0.0.0.0:15091-0 ] INFO  volume.ThrottledAsyncChecker (ThrottledAsyncChecker.java:schedule(141)) - Scheduling a check for /home/runner/work/ozone/ozone/hadoop-ozone/integration-test/target/test-dir/MiniOzoneClusterImpl-073b5688-48cc-4907-9326-51c03fe36003/datanode-7/data-0/containers/hdds
2024-01-14 16:58:52,795 [7ded70f2-1c6f-4acc-8465-7e233baee92c-EndpointStateMachineTaskThread-/0.0.0.0:15091-0 ] INFO  volume.StorageVolumeChecker (StorageVolumeChecker.java:checkAllVolumes(218)) - Scheduled health check for volume /home/runner/work/ozone/ozone/hadoop-ozone/integration-test/target/test-dir/MiniOzoneClusterImpl-073b5688-48cc-4907-9326-51c03fe36003/datanode-7/data-0/containers/hdds
2024-01-14 16:58:52,797 [7ded70f2-1c6f-4acc-8465-7e233baee92c-EndpointStateMachineTaskThread-/0.0.0.0:15091-0 ] INFO  volume.ThrottledAsyncChecker (ThrottledAsyncChecker.java:schedule(141)) - Scheduling a check for /home/runner/work/ozone/ozone/hadoop-ozone/integration-test/target/test-dir/MiniOzoneClusterImpl-073b5688-48cc-4907-9326-51c03fe36003/datanode-7/data/ratis
2024-01-14 16:58:52,797 [7ded70f2-1c6f-4acc-8465-7e233baee92c-EndpointStateMachineTaskThread-/0.0.0.0:15091-0 ] INFO  volume.StorageVolumeChecker (StorageVolumeChecker.java:checkAllVolumes(218)) - Scheduled health check for volume /home/runner/work/ozone/ozone/hadoop-ozone/integration-test/target/test-dir/MiniOzoneClusterImpl-073b5688-48cc-4907-9326-51c03fe36003/datanode-7/data/ratis
2024-01-14 16:58:52,798 [7ded70f2-1c6f-4acc-8465-7e233baee92c-EndpointStateMachineTaskThread-/0.0.0.0:15091-0 ] INFO  ozoneimpl.OzoneContainer (OzoneContainer.java:start(457)) - Attempting to start container services.
2024-01-14 16:58:52,798 [7ded70f2-1c6f-4acc-8465-7e233baee92c-EndpointStateMachineTaskThread-/0.0.0.0:15091-0 ] INFO  ozoneimpl.OzoneContainer (OzoneContainer.java:startContainerScrub(339)) - Scheduled background container scanners and the on-demand container scanner have been disabled.
2024-01-14 16:58:52,799 [7ded70f2-1c6f-4acc-8465-7e233baee92c-EndpointStateMachineTaskThread-/0.0.0.0:15091-0 ] INFO  replication.ReplicationServer (ReplicationServer.java:start(139)) - ReplicationServer is started using port 15168
2024-01-14 16:58:52,799 [7ded70f2-1c6f-4acc-8465-7e233baee92c-EndpointStateMachineTaskThread-/0.0.0.0:15091-0 ] INFO  ratis.XceiverServerRatis (XceiverServerRatis.java:start(549)) - Starting XceiverServerRatis 7ded70f2-1c6f-4acc-8465-7e233baee92c
2024-01-14 16:58:52,800 [7ded70f2-1c6f-4acc-8465-7e233baee92c-EndpointStateMachineTaskThread-/0.0.0.0:15091-0 ] INFO  server.RaftServer (RaftServerProxy.java:startImpl(406)) - 7ded70f2-1c6f-4acc-8465-7e233baee92c: start RPC server
2024-01-14 16:58:52,800 [7ded70f2-1c6f-4acc-8465-7e233baee92c-EndpointStateMachineTaskThread-/0.0.0.0:15091-0 ] INFO  server.GrpcService (GrpcService.java:startImpl(302)) - 7ded70f2-1c6f-4acc-8465-7e233baee92c: GrpcService started, listening on 15164
2024-01-14 16:58:52,801 [7ded70f2-1c6f-4acc-8465-7e233baee92c-EndpointStateMachineTaskThread-/0.0.0.0:15091-0 ] INFO  server.GrpcService (GrpcService.java:startImpl(302)) - 7ded70f2-1c6f-4acc-8465-7e233baee92c: GrpcService started, listening on 15166
2024-01-14 16:58:52,801 [7ded70f2-1c6f-4acc-8465-7e233baee92c-EndpointStateMachineTaskThread-/0.0.0.0:15091-0 ] INFO  server.GrpcService (GrpcService.java:startImpl(302)) - 7ded70f2-1c6f-4acc-8465-7e233baee92c: GrpcService started, listening on 15165
2024-01-14 16:58:52,801 [7ded70f2-1c6f-4acc-8465-7e233baee92c-EndpointStateMachineTaskThread-/0.0.0.0:15091-0 ] INFO  ratis.XceiverServerRatis (XceiverServerRatis.java:getRealPort(575)) - XceiverServerRatis 7ded70f2-1c6f-4acc-8465-7e233baee92c is started using port 15164 for RATIS
2024-01-14 16:58:52,801 [JvmPauseMonitor20] INFO  util.JvmPauseMonitor (JvmPauseMonitor.java:run(146)) - JvmPauseMonitor-7ded70f2-1c6f-4acc-8465-7e233baee92c: Started
2024-01-14 16:58:52,801 [7ded70f2-1c6f-4acc-8465-7e233baee92c-EndpointStateMachineTaskThread-/0.0.0.0:15091-0 ] INFO  ratis.XceiverServerRatis (XceiverServerRatis.java:getRealPort(575)) - XceiverServerRatis 7ded70f2-1c6f-4acc-8465-7e233baee92c is started using port 15165 for RATIS_ADMIN
2024-01-14 16:58:52,801 [7ded70f2-1c6f-4acc-8465-7e233baee92c-EndpointStateMachineTaskThread-/0.0.0.0:15091-0 ] INFO  ratis.XceiverServerRatis (XceiverServerRatis.java:getRealPort(575)) - XceiverServerRatis 7ded70f2-1c6f-4acc-8465-7e233baee92c is started using port 15166 for RATIS_SERVER
2024-01-14 16:58:52,801 [7ded70f2-1c6f-4acc-8465-7e233baee92c-EndpointStateMachineTaskThread-/0.0.0.0:15091-0 ] INFO  ratis.XceiverServerRatis (XceiverServerRatis.java:getRealPort(575)) - XceiverServerRatis 7ded70f2-1c6f-4acc-8465-7e233baee92c is started using port 15167 for RATIS_DATASTREAM
2024-01-14 16:58:52,802 [7ded70f2-1c6f-4acc-8465-7e233baee92c-BlockDeletingService#0] INFO  interfaces.ContainerDeletionChoosingPolicyTemplate (ContainerDeletionChoosingPolicyTemplate.java:chooseContainerForBlockDeletion(85)) - Chosen 0/5000 blocks from 0 candidate containers.
2024-01-14 16:58:52,871 [main] INFO  ozone.MiniOzoneClusterImpl (MiniOzoneClusterImpl.java:lambda$waitForClusterToBeReady$0(229)) - Waiting for nodes to be ready. Got 0 of 9 DN Heartbeats.
2024-01-14 16:58:52,872 [main] INFO  ozone.MiniOzoneClusterImpl (MiniOzoneClusterImpl.java:lambda$waitForClusterToBeReady$0(232)) - Waiting for cluster to exit safe mode
2024-01-14 16:58:52,872 [main] INFO  ozone.MiniOzoneClusterImpl (MiniOzoneClusterImpl.java:lambda$waitForClusterToBeReady$0(234)) - SCM became leader
2024-01-14 16:58:52,902 [eb54ab2f-dc88-49fd-8d6c-2a4c844f47e7-EndpointStateMachineTaskThread-/0.0.0.0:15091-0 ] INFO  utils.DatanodeStoreCache (DatanodeStoreCache.java:addDB(72)) - Added db /home/runner/work/ozone/ozone/hadoop-ozone/integration-test/target/test-dir/MiniOzoneClusterImpl-073b5688-48cc-4907-9326-51c03fe36003/datanode-8/data-0/containers/hdds/073b5688-48cc-4907-9326-51c03fe36003/DS-13c93e94-e2fa-423b-a4b0-22e47b869bac/container.db to cache
2024-01-14 16:58:52,903 [eb54ab2f-dc88-49fd-8d6c-2a4c844f47e7-EndpointStateMachineTaskThread-/0.0.0.0:15091-0 ] INFO  volume.HddsVolume (HddsVolume.java:createDbStore(420)) - SchemaV3 db is created and loaded at /home/runner/work/ozone/ozone/hadoop-ozone/integration-test/target/test-dir/MiniOzoneClusterImpl-073b5688-48cc-4907-9326-51c03fe36003/datanode-8/data-0/containers/hdds/073b5688-48cc-4907-9326-51c03fe36003/DS-13c93e94-e2fa-423b-a4b0-22e47b869bac/container.db for volume DS-13c93e94-e2fa-423b-a4b0-22e47b869bac
2024-01-14 16:58:52,904 [eb54ab2f-dc88-49fd-8d6c-2a4c844f47e7-EndpointStateMachineTaskThread-/0.0.0.0:15091-0 ] INFO  volume.ThrottledAsyncChecker (ThrottledAsyncChecker.java:schedule(141)) - Scheduling a check for /home/runner/work/ozone/ozone/hadoop-ozone/integration-test/target/test-dir/MiniOzoneClusterImpl-073b5688-48cc-4907-9326-51c03fe36003/datanode-8/data-0/containers/hdds
2024-01-14 16:58:52,905 [eb54ab2f-dc88-49fd-8d6c-2a4c844f47e7-EndpointStateMachineTaskThread-/0.0.0.0:15091-0 ] INFO  volume.StorageVolumeChecker (StorageVolumeChecker.java:checkAllVolumes(218)) - Scheduled health check for volume /home/runner/work/ozone/ozone/hadoop-ozone/integration-test/target/test-dir/MiniOzoneClusterImpl-073b5688-48cc-4907-9326-51c03fe36003/datanode-8/data-0/containers/hdds
2024-01-14 16:58:52,906 [eb54ab2f-dc88-49fd-8d6c-2a4c844f47e7-EndpointStateMachineTaskThread-/0.0.0.0:15091-0 ] INFO  volume.ThrottledAsyncChecker (ThrottledAsyncChecker.java:schedule(141)) - Scheduling a check for /home/runner/work/ozone/ozone/hadoop-ozone/integration-test/target/test-dir/MiniOzoneClusterImpl-073b5688-48cc-4907-9326-51c03fe36003/datanode-8/data/ratis
2024-01-14 16:58:52,906 [eb54ab2f-dc88-49fd-8d6c-2a4c844f47e7-EndpointStateMachineTaskThread-/0.0.0.0:15091-0 ] INFO  volume.StorageVolumeChecker (StorageVolumeChecker.java:checkAllVolumes(218)) - Scheduled health check for volume /home/runner/work/ozone/ozone/hadoop-ozone/integration-test/target/test-dir/MiniOzoneClusterImpl-073b5688-48cc-4907-9326-51c03fe36003/datanode-8/data/ratis
2024-01-14 16:58:52,907 [eb54ab2f-dc88-49fd-8d6c-2a4c844f47e7-EndpointStateMachineTaskThread-/0.0.0.0:15091-0 ] INFO  ozoneimpl.OzoneContainer (OzoneContainer.java:start(457)) - Attempting to start container services.
2024-01-14 16:58:52,907 [eb54ab2f-dc88-49fd-8d6c-2a4c844f47e7-EndpointStateMachineTaskThread-/0.0.0.0:15091-0 ] INFO  ozoneimpl.OzoneContainer (OzoneContainer.java:startContainerScrub(339)) - Scheduled background container scanners and the on-demand container scanner have been disabled.
2024-01-14 16:58:52,908 [eb54ab2f-dc88-49fd-8d6c-2a4c844f47e7-EndpointStateMachineTaskThread-/0.0.0.0:15091-0 ] INFO  replication.ReplicationServer (ReplicationServer.java:start(139)) - ReplicationServer is started using port 15177
2024-01-14 16:58:52,908 [eb54ab2f-dc88-49fd-8d6c-2a4c844f47e7-EndpointStateMachineTaskThread-/0.0.0.0:15091-0 ] INFO  ratis.XceiverServerRatis (XceiverServerRatis.java:start(549)) - Starting XceiverServerRatis eb54ab2f-dc88-49fd-8d6c-2a4c844f47e7
2024-01-14 16:58:52,908 [eb54ab2f-dc88-49fd-8d6c-2a4c844f47e7-EndpointStateMachineTaskThread-/0.0.0.0:15091-0 ] INFO  server.RaftServer (RaftServerProxy.java:startImpl(406)) - eb54ab2f-dc88-49fd-8d6c-2a4c844f47e7: start RPC server
2024-01-14 16:58:52,908 [eb54ab2f-dc88-49fd-8d6c-2a4c844f47e7-EndpointStateMachineTaskThread-/0.0.0.0:15091-0 ] INFO  server.GrpcService (GrpcService.java:startImpl(302)) - eb54ab2f-dc88-49fd-8d6c-2a4c844f47e7: GrpcService started, listening on 15173
2024-01-14 16:58:52,909 [eb54ab2f-dc88-49fd-8d6c-2a4c844f47e7-EndpointStateMachineTaskThread-/0.0.0.0:15091-0 ] INFO  server.GrpcService (GrpcService.java:startImpl(302)) - eb54ab2f-dc88-49fd-8d6c-2a4c844f47e7: GrpcService started, listening on 15175
2024-01-14 16:58:52,909 [eb54ab2f-dc88-49fd-8d6c-2a4c844f47e7-EndpointStateMachineTaskThread-/0.0.0.0:15091-0 ] INFO  server.GrpcService (GrpcService.java:startImpl(302)) - eb54ab2f-dc88-49fd-8d6c-2a4c844f47e7: GrpcService started, listening on 15174
2024-01-14 16:58:52,909 [eb54ab2f-dc88-49fd-8d6c-2a4c844f47e7-EndpointStateMachineTaskThread-/0.0.0.0:15091-0 ] INFO  ratis.XceiverServerRatis (XceiverServerRatis.java:getRealPort(575)) - XceiverServerRatis eb54ab2f-dc88-49fd-8d6c-2a4c844f47e7 is started using port 15173 for RATIS
2024-01-14 16:58:52,909 [JvmPauseMonitor21] INFO  util.JvmPauseMonitor (JvmPauseMonitor.java:run(146)) - JvmPauseMonitor-eb54ab2f-dc88-49fd-8d6c-2a4c844f47e7: Started
2024-01-14 16:58:52,909 [eb54ab2f-dc88-49fd-8d6c-2a4c844f47e7-EndpointStateMachineTaskThread-/0.0.0.0:15091-0 ] INFO  ratis.XceiverServerRatis (XceiverServerRatis.java:getRealPort(575)) - XceiverServerRatis eb54ab2f-dc88-49fd-8d6c-2a4c844f47e7 is started using port 15174 for RATIS_ADMIN
2024-01-14 16:58:52,909 [eb54ab2f-dc88-49fd-8d6c-2a4c844f47e7-EndpointStateMachineTaskThread-/0.0.0.0:15091-0 ] INFO  ratis.XceiverServerRatis (XceiverServerRatis.java:getRealPort(575)) - XceiverServerRatis eb54ab2f-dc88-49fd-8d6c-2a4c844f47e7 is started using port 15175 for RATIS_SERVER
2024-01-14 16:58:52,909 [eb54ab2f-dc88-49fd-8d6c-2a4c844f47e7-EndpointStateMachineTaskThread-/0.0.0.0:15091-0 ] INFO  ratis.XceiverServerRatis (XceiverServerRatis.java:getRealPort(575)) - XceiverServerRatis eb54ab2f-dc88-49fd-8d6c-2a4c844f47e7 is started using port 15176 for RATIS_DATASTREAM
2024-01-14 16:58:52,910 [eb54ab2f-dc88-49fd-8d6c-2a4c844f47e7-BlockDeletingService#0] INFO  interfaces.ContainerDeletionChoosingPolicyTemplate (ContainerDeletionChoosingPolicyTemplate.java:chooseContainerForBlockDeletion(85)) - Chosen 0/5000 blocks from 0 candidate containers.
2024-01-14 16:58:53,872 [main] INFO  ozone.MiniOzoneClusterImpl (MiniOzoneClusterImpl.java:lambda$waitForClusterToBeReady$0(229)) - Waiting for nodes to be ready. Got 0 of 9 DN Heartbeats.
2024-01-14 16:58:53,872 [main] INFO  ozone.MiniOzoneClusterImpl (MiniOzoneClusterImpl.java:lambda$waitForClusterToBeReady$0(232)) - Waiting for cluster to exit safe mode
2024-01-14 16:58:53,872 [main] INFO  ozone.MiniOzoneClusterImpl (MiniOzoneClusterImpl.java:lambda$waitForClusterToBeReady$0(234)) - SCM became leader
2024-01-14 16:58:53,957 [IPC Server handler 6 on default port 15091] INFO  net.NetworkTopologyImpl (NetworkTopologyImpl.java:add(124)) - Added a new node: /default-rack/08cfce96-786e-4185-808c-4b09ee2338d3
2024-01-14 16:58:53,957 [IPC Server handler 6 on default port 15091] INFO  node.SCMNodeManager (SCMNodeManager.java:register(417)) - Registered datanode: 08cfce96-786e-4185-808c-4b09ee2338d3{ip: 10.1.0.34, host: fv-az1248-16.lhg1ljel1gwudbpqdk5ar2pfag.bx.internal.cloudapp.net, ports: [HTTP=15098, CLIENT_RPC=15099, REPLICATION=15105, RATIS=15101, RATIS_ADMIN=15102, RATIS_SERVER=15103, RATIS_DATASTREAM=15104, STANDALONE=15100], networkLocation: /default-rack, certSerialId: null, persistedOpState: null, persistedOpStateExpiryEpochSec: 0}
2024-01-14 16:58:53,959 [EventQueue-NewNodeForNewNodeHandler] INFO  pipeline.BackgroundPipelineCreator (BackgroundPipelineCreator.java:notifyEventTriggered(280)) - trigger a one-shot run on RatisPipelineUtilsThread.
2024-01-14 16:58:53,960 [EventQueue-NodeRegistrationContainerReportForContainerSafeModeRule] INFO  safemode.SCMSafeModeManager (SCMSafeModeManager.java:validateSafeModeExitRules(200)) - ContainerSafeModeRule rule is successfully validated
2024-01-14 16:58:53,960 [RatisPipelineUtilsThread-0] INFO  pipeline.RatisPipelineProvider (RatisPipelineProvider.java:lambda$create$0(206)) - Sending CreatePipelineCommand for pipeline:PipelineID=a5e3edb7-20c6-4f1b-b4f4-ba7fa7942c21 to datanode:08cfce96-786e-4185-808c-4b09ee2338d3
2024-01-14 16:58:53,960 [EventQueue-NodeRegistrationContainerReportForDataNodeSafeModeRule] INFO  safemode.SCMSafeModeManager (DataNodeSafeModeRule.java:process(71)) - SCM in safe mode. 1 DataNodes registered, 3 required.
2024-01-14 16:58:53,961 [EventQueue-PipelineReportForOneReplicaPipelineSafeModeRule] INFO  safemode.SCMSafeModeManager (SCMSafeModeManager.java:validateSafeModeExitRules(200)) - AtleastOneDatanodeReportedRule rule is successfully validated
2024-01-14 16:58:53,962 [RatisPipelineUtilsThread-0] INFO  pipeline.BackgroundPipelineCreator (BackgroundPipelineCreator.java:createPipelines(236)) - Created new pipeline Pipeline[ Id: a5e3edb7-20c6-4f1b-b4f4-ba7fa7942c21, Nodes: 08cfce96-786e-4185-808c-4b09ee2338d3(fv-az1248-16.lhg1ljel1gwudbpqdk5ar2pfag.bx.internal.cloudapp.net/10.1.0.34), ReplicationConfig: RATIS/ONE, State:ALLOCATED, leaderId:, CreationTimestamp2024-01-14T16:58:53.960Z[Etc/UTC]]
2024-01-14 16:58:54,056 [IPC Server handler 7 on default port 15091] INFO  net.NetworkTopologyImpl (NetworkTopologyImpl.java:add(124)) - Added a new node: /default-rack/56641f86-a9c9-430f-8bf6-dc57d718c7d6
2024-01-14 16:58:54,056 [IPC Server handler 7 on default port 15091] INFO  node.SCMNodeManager (SCMNodeManager.java:register(417)) - Registered datanode: 56641f86-a9c9-430f-8bf6-dc57d718c7d6{ip: 10.1.0.34, host: fv-az1248-16.lhg1ljel1gwudbpqdk5ar2pfag.bx.internal.cloudapp.net, ports: [HTTP=15107, CLIENT_RPC=15108, REPLICATION=15114, RATIS=15110, RATIS_ADMIN=15111, RATIS_SERVER=15112, RATIS_DATASTREAM=15113, STANDALONE=15109], networkLocation: /default-rack, certSerialId: null, persistedOpState: null, persistedOpStateExpiryEpochSec: 0}
2024-01-14 16:58:54,057 [EventQueue-NodeRegistrationContainerReportForDataNodeSafeModeRule] INFO  safemode.SCMSafeModeManager (DataNodeSafeModeRule.java:process(71)) - SCM in safe mode. 2 DataNodes registered, 3 required.
2024-01-14 16:58:54,057 [EventQueue-NewNodeForNewNodeHandler] INFO  pipeline.BackgroundPipelineCreator (BackgroundPipelineCreator.java:notifyEventTriggered(280)) - trigger a one-shot run on RatisPipelineUtilsThread.
2024-01-14 16:58:54,058 [RatisPipelineUtilsThread-0] INFO  pipeline.RatisPipelineProvider (RatisPipelineProvider.java:lambda$create$0(206)) - Sending CreatePipelineCommand for pipeline:PipelineID=12a14914-a525-4078-be79-b74fb7c93973 to datanode:56641f86-a9c9-430f-8bf6-dc57d718c7d6
2024-01-14 16:58:54,059 [RatisPipelineUtilsThread-0] INFO  pipeline.BackgroundPipelineCreator (BackgroundPipelineCreator.java:createPipelines(236)) - Created new pipeline Pipeline[ Id: 12a14914-a525-4078-be79-b74fb7c93973, Nodes: 56641f86-a9c9-430f-8bf6-dc57d718c7d6(fv-az1248-16.lhg1ljel1gwudbpqdk5ar2pfag.bx.internal.cloudapp.net/10.1.0.34), ReplicationConfig: RATIS/ONE, State:ALLOCATED, leaderId:, CreationTimestamp2024-01-14T16:58:54.058Z[Etc/UTC]]
2024-01-14 16:58:54,194 [IPC Server handler 8 on default port 15091] INFO  net.NetworkTopologyImpl (NetworkTopologyImpl.java:add(124)) - Added a new node: /default-rack/a2543f1a-c8af-46f0-9728-67cfa3d7b722
2024-01-14 16:58:54,195 [IPC Server handler 8 on default port 15091] INFO  node.SCMNodeManager (SCMNodeManager.java:register(417)) - Registered datanode: a2543f1a-c8af-46f0-9728-67cfa3d7b722{ip: 10.1.0.34, host: fv-az1248-16.lhg1ljel1gwudbpqdk5ar2pfag.bx.internal.cloudapp.net, ports: [HTTP=15116, CLIENT_RPC=15117, REPLICATION=15123, RATIS=15119, RATIS_ADMIN=15120, RATIS_SERVER=15121, RATIS_DATASTREAM=15122, STANDALONE=15118], networkLocation: /default-rack, certSerialId: null, persistedOpState: null, persistedOpStateExpiryEpochSec: 0}
2024-01-14 16:58:54,196 [EventQueue-NodeRegistrationContainerReportForDataNodeSafeModeRule] INFO  safemode.SCMSafeModeManager (DataNodeSafeModeRule.java:process(71)) - SCM in safe mode. 3 DataNodes registered, 3 required.
2024-01-14 16:58:54,196 [EventQueue-NewNodeForNewNodeHandler] INFO  pipeline.BackgroundPipelineCreator (BackgroundPipelineCreator.java:notifyEventTriggered(280)) - trigger a one-shot run on RatisPipelineUtilsThread.
2024-01-14 16:58:54,196 [EventQueue-NodeRegistrationContainerReportForDataNodeSafeModeRule] INFO  safemode.SCMSafeModeManager (SCMSafeModeManager.java:validateSafeModeExitRules(200)) - DataNodeSafeModeRule rule is successfully validated
2024-01-14 16:58:54,196 [EventQueue-NodeRegistrationContainerReportForDataNodeSafeModeRule] INFO  safemode.SCMSafeModeManager (SCMSafeModeManager.java:completePreCheck(229)) - All SCM safe mode pre check rules have passed
2024-01-14 16:58:54,197 [EventQueue-NodeRegistrationContainerReportForDataNodeSafeModeRule] INFO  ha.SCMContext (SCMContext.java:updateSafeModeStatus(230)) - Update SafeModeStatus from SafeModeStatus{safeModeStatus=true, preCheckPassed=false} to SafeModeStatus{safeModeStatus=true, preCheckPassed=true}.
2024-01-14 16:58:54,197 [RatisPipelineUtilsThread-0] INFO  pipeline.RatisPipelineProvider (RatisPipelineProvider.java:lambda$create$0(206)) - Sending CreatePipelineCommand for pipeline:PipelineID=5e56ecc0-a939-4827-942a-038420bb7178 to datanode:a2543f1a-c8af-46f0-9728-67cfa3d7b722
2024-01-14 16:58:54,197 [EventQueue-NodeRegistrationContainerReportForDataNodeSafeModeRule] INFO  pipeline.BackgroundPipelineCreator (BackgroundPipelineCreator.java:notifyEventTriggered(280)) - trigger a one-shot run on RatisPipelineUtilsThread.
2024-01-14 16:58:54,197 [RatisPipelineUtilsThread-0] INFO  pipeline.BackgroundPipelineCreator (BackgroundPipelineCreator.java:createPipelines(236)) - Created new pipeline Pipeline[ Id: 5e56ecc0-a939-4827-942a-038420bb7178, Nodes: a2543f1a-c8af-46f0-9728-67cfa3d7b722(fv-az1248-16.lhg1ljel1gwudbpqdk5ar2pfag.bx.internal.cloudapp.net/10.1.0.34), ReplicationConfig: RATIS/ONE, State:ALLOCATED, leaderId:, CreationTimestamp2024-01-14T16:58:54.197Z[Etc/UTC]]
2024-01-14 16:58:54,198 [RatisPipelineUtilsThread-0] INFO  pipeline.RatisPipelineProvider (RatisPipelineProvider.java:lambda$create$0(206)) - Sending CreatePipelineCommand for pipeline:PipelineID=7c0441be-34ee-4f7b-b0cc-291be69b6feb to datanode:56641f86-a9c9-430f-8bf6-dc57d718c7d6
2024-01-14 16:58:54,198 [RatisPipelineUtilsThread-0] INFO  pipeline.RatisPipelineProvider (RatisPipelineProvider.java:lambda$create$0(206)) - Sending CreatePipelineCommand for pipeline:PipelineID=7c0441be-34ee-4f7b-b0cc-291be69b6feb to datanode:a2543f1a-c8af-46f0-9728-67cfa3d7b722
2024-01-14 16:58:54,198 [RatisPipelineUtilsThread-0] INFO  pipeline.RatisPipelineProvider (RatisPipelineProvider.java:lambda$create$0(206)) - Sending CreatePipelineCommand for pipeline:PipelineID=7c0441be-34ee-4f7b-b0cc-291be69b6feb to datanode:08cfce96-786e-4185-808c-4b09ee2338d3
2024-01-14 16:58:54,199 [RatisPipelineUtilsThread-0] INFO  pipeline.BackgroundPipelineCreator (BackgroundPipelineCreator.java:createPipelines(236)) - Created new pipeline Pipeline[ Id: 7c0441be-34ee-4f7b-b0cc-291be69b6feb, Nodes: 56641f86-a9c9-430f-8bf6-dc57d718c7d6(fv-az1248-16.lhg1ljel1gwudbpqdk5ar2pfag.bx.internal.cloudapp.net/10.1.0.34)a2543f1a-c8af-46f0-9728-67cfa3d7b722(fv-az1248-16.lhg1ljel1gwudbpqdk5ar2pfag.bx.internal.cloudapp.net/10.1.0.34)08cfce96-786e-4185-808c-4b09ee2338d3(fv-az1248-16.lhg1ljel1gwudbpqdk5ar2pfag.bx.internal.cloudapp.net/10.1.0.34), ReplicationConfig: RATIS/THREE, State:ALLOCATED, leaderId:, CreationTimestamp2024-01-14T16:58:54.198Z[Etc/UTC]]
2024-01-14 16:58:54,299 [IPC Server handler 0 on default port 15091] INFO  net.NetworkTopologyImpl (NetworkTopologyImpl.java:add(124)) - Added a new node: /default-rack/08a076d1-72dd-4720-8252-a175f3c6a2d5
2024-01-14 16:58:54,300 [IPC Server handler 0 on default port 15091] INFO  node.SCMNodeManager (SCMNodeManager.java:register(417)) - Registered datanode: 08a076d1-72dd-4720-8252-a175f3c6a2d5{ip: 10.1.0.34, host: fv-az1248-16.lhg1ljel1gwudbpqdk5ar2pfag.bx.internal.cloudapp.net, ports: [HTTP=15125, CLIENT_RPC=15126, REPLICATION=15132, RATIS=15128, RATIS_ADMIN=15129, RATIS_SERVER=15130, RATIS_DATASTREAM=15131, STANDALONE=15127], networkLocation: /default-rack, certSerialId: null, persistedOpState: null, persistedOpStateExpiryEpochSec: 0}
2024-01-14 16:58:54,300 [EventQueue-NewNodeForNewNodeHandler] INFO  pipeline.BackgroundPipelineCreator (BackgroundPipelineCreator.java:notifyEventTriggered(280)) - trigger a one-shot run on RatisPipelineUtilsThread.
2024-01-14 16:58:54,301 [RatisPipelineUtilsThread-0] INFO  pipeline.RatisPipelineProvider (RatisPipelineProvider.java:lambda$create$0(206)) - Sending CreatePipelineCommand for pipeline:PipelineID=40ee12dd-8566-4899-83d2-eade2434d615 to datanode:08a076d1-72dd-4720-8252-a175f3c6a2d5
2024-01-14 16:58:54,301 [RatisPipelineUtilsThread-0] INFO  pipeline.BackgroundPipelineCreator (BackgroundPipelineCreator.java:createPipelines(236)) - Created new pipeline Pipeline[ Id: 40ee12dd-8566-4899-83d2-eade2434d615, Nodes: 08a076d1-72dd-4720-8252-a175f3c6a2d5(fv-az1248-16.lhg1ljel1gwudbpqdk5ar2pfag.bx.internal.cloudapp.net/10.1.0.34), ReplicationConfig: RATIS/ONE, State:ALLOCATED, leaderId:, CreationTimestamp2024-01-14T16:58:54.300Z[Etc/UTC]]
2024-01-14 16:58:54,421 [IPC Server handler 1 on default port 15091] INFO  net.NetworkTopologyImpl (NetworkTopologyImpl.java:add(124)) - Added a new node: /default-rack/0ab92cad-ec19-4fa3-a733-30f9108b825a
2024-01-14 16:58:54,421 [IPC Server handler 1 on default port 15091] INFO  node.SCMNodeManager (SCMNodeManager.java:register(417)) - Registered datanode: 0ab92cad-ec19-4fa3-a733-30f9108b825a{ip: 10.1.0.34, host: fv-az1248-16.lhg1ljel1gwudbpqdk5ar2pfag.bx.internal.cloudapp.net, ports: [HTTP=15134, CLIENT_RPC=15135, REPLICATION=15141, RATIS=15137, RATIS_ADMIN=15138, RATIS_SERVER=15139, RATIS_DATASTREAM=15140, STANDALONE=15136], networkLocation: /default-rack, certSerialId: null, persistedOpState: null, persistedOpStateExpiryEpochSec: 0}
2024-01-14 16:58:54,421 [EventQueue-NewNodeForNewNodeHandler] INFO  pipeline.BackgroundPipelineCreator (BackgroundPipelineCreator.java:notifyEventTriggered(280)) - trigger a one-shot run on RatisPipelineUtilsThread.
2024-01-14 16:58:54,422 [RatisPipelineUtilsThread-0] INFO  pipeline.RatisPipelineProvider (RatisPipelineProvider.java:lambda$create$0(206)) - Sending CreatePipelineCommand for pipeline:PipelineID=da090113-48f8-4243-b72c-22ca3fd4c0a4 to datanode:0ab92cad-ec19-4fa3-a733-30f9108b825a
2024-01-14 16:58:54,422 [RatisPipelineUtilsThread-0] INFO  pipeline.BackgroundPipelineCreator (BackgroundPipelineCreator.java:createPipelines(236)) - Created new pipeline Pipeline[ Id: da090113-48f8-4243-b72c-22ca3fd4c0a4, Nodes: 0ab92cad-ec19-4fa3-a733-30f9108b825a(fv-az1248-16.lhg1ljel1gwudbpqdk5ar2pfag.bx.internal.cloudapp.net/10.1.0.34), ReplicationConfig: RATIS/ONE, State:ALLOCATED, leaderId:, CreationTimestamp2024-01-14T16:58:54.421Z[Etc/UTC]]
2024-01-14 16:58:54,562 [IPC Server handler 2 on default port 15091] INFO  net.NetworkTopologyImpl (NetworkTopologyImpl.java:add(124)) - Added a new node: /default-rack/21dc7e34-f667-47e1-88cd-5882a68f9cf5
2024-01-14 16:58:54,562 [IPC Server handler 2 on default port 15091] INFO  node.SCMNodeManager (SCMNodeManager.java:register(417)) - Registered datanode: 21dc7e34-f667-47e1-88cd-5882a68f9cf5{ip: 10.1.0.34, host: fv-az1248-16.lhg1ljel1gwudbpqdk5ar2pfag.bx.internal.cloudapp.net, ports: [HTTP=15143, CLIENT_RPC=15144, REPLICATION=15150, RATIS=15146, RATIS_ADMIN=15147, RATIS_SERVER=15148, RATIS_DATASTREAM=15149, STANDALONE=15145], networkLocation: /default-rack, certSerialId: null, persistedOpState: null, persistedOpStateExpiryEpochSec: 0}
2024-01-14 16:58:54,564 [EventQueue-NewNodeForNewNodeHandler] INFO  pipeline.BackgroundPipelineCreator (BackgroundPipelineCreator.java:notifyEventTriggered(280)) - trigger a one-shot run on RatisPipelineUtilsThread.
2024-01-14 16:58:54,564 [RatisPipelineUtilsThread-0] INFO  pipeline.RatisPipelineProvider (RatisPipelineProvider.java:lambda$create$0(206)) - Sending CreatePipelineCommand for pipeline:PipelineID=1f4bb9f9-1bf8-4c66-a110-f57a0e8be99f to datanode:21dc7e34-f667-47e1-88cd-5882a68f9cf5
2024-01-14 16:58:54,565 [RatisPipelineUtilsThread-0] INFO  pipeline.BackgroundPipelineCreator (BackgroundPipelineCreator.java:createPipelines(236)) - Created new pipeline Pipeline[ Id: 1f4bb9f9-1bf8-4c66-a110-f57a0e8be99f, Nodes: 21dc7e34-f667-47e1-88cd-5882a68f9cf5(fv-az1248-16.lhg1ljel1gwudbpqdk5ar2pfag.bx.internal.cloudapp.net/10.1.0.34), ReplicationConfig: RATIS/ONE, State:ALLOCATED, leaderId:, CreationTimestamp2024-01-14T16:58:54.564Z[Etc/UTC]]
2024-01-14 16:58:54,565 [RatisPipelineUtilsThread-0] INFO  pipeline.RatisPipelineProvider (RatisPipelineProvider.java:lambda$create$0(206)) - Sending CreatePipelineCommand for pipeline:PipelineID=03eabdb3-c99d-40d8-9485-4b3347192b2f to datanode:08a076d1-72dd-4720-8252-a175f3c6a2d5
2024-01-14 16:58:54,565 [RatisPipelineUtilsThread-0] INFO  pipeline.RatisPipelineProvider (RatisPipelineProvider.java:lambda$create$0(206)) - Sending CreatePipelineCommand for pipeline:PipelineID=03eabdb3-c99d-40d8-9485-4b3347192b2f to datanode:21dc7e34-f667-47e1-88cd-5882a68f9cf5
2024-01-14 16:58:54,565 [RatisPipelineUtilsThread-0] INFO  pipeline.RatisPipelineProvider (RatisPipelineProvider.java:lambda$create$0(206)) - Sending CreatePipelineCommand for pipeline:PipelineID=03eabdb3-c99d-40d8-9485-4b3347192b2f to datanode:0ab92cad-ec19-4fa3-a733-30f9108b825a
2024-01-14 16:58:54,566 [RatisPipelineUtilsThread-0] INFO  pipeline.BackgroundPipelineCreator (BackgroundPipelineCreator.java:createPipelines(236)) - Created new pipeline Pipeline[ Id: 03eabdb3-c99d-40d8-9485-4b3347192b2f, Nodes: 08a076d1-72dd-4720-8252-a175f3c6a2d5(fv-az1248-16.lhg1ljel1gwudbpqdk5ar2pfag.bx.internal.cloudapp.net/10.1.0.34)21dc7e34-f667-47e1-88cd-5882a68f9cf5(fv-az1248-16.lhg1ljel1gwudbpqdk5ar2pfag.bx.internal.cloudapp.net/10.1.0.34)0ab92cad-ec19-4fa3-a733-30f9108b825a(fv-az1248-16.lhg1ljel1gwudbpqdk5ar2pfag.bx.internal.cloudapp.net/10.1.0.34), ReplicationConfig: RATIS/THREE, State:ALLOCATED, leaderId:, CreationTimestamp2024-01-14T16:58:54.565Z[Etc/UTC]]
2024-01-14 16:58:54,659 [IPC Server handler 3 on default port 15091] INFO  net.NetworkTopologyImpl (NetworkTopologyImpl.java:add(124)) - Added a new node: /default-rack/fd48a60a-820f-4974-a983-c7065961ec94
2024-01-14 16:58:54,659 [IPC Server handler 3 on default port 15091] INFO  node.SCMNodeManager (SCMNodeManager.java:register(417)) - Registered datanode: fd48a60a-820f-4974-a983-c7065961ec94{ip: 10.1.0.34, host: fv-az1248-16.lhg1ljel1gwudbpqdk5ar2pfag.bx.internal.cloudapp.net, ports: [HTTP=15152, CLIENT_RPC=15153, REPLICATION=15159, RATIS=15155, RATIS_ADMIN=15156, RATIS_SERVER=15157, RATIS_DATASTREAM=15158, STANDALONE=15154], networkLocation: /default-rack, certSerialId: null, persistedOpState: null, persistedOpStateExpiryEpochSec: 0}
2024-01-14 16:58:54,659 [EventQueue-NewNodeForNewNodeHandler] INFO  pipeline.BackgroundPipelineCreator (BackgroundPipelineCreator.java:notifyEventTriggered(280)) - trigger a one-shot run on RatisPipelineUtilsThread.
2024-01-14 16:58:54,660 [RatisPipelineUtilsThread-0] INFO  pipeline.RatisPipelineProvider (RatisPipelineProvider.java:lambda$create$0(206)) - Sending CreatePipelineCommand for pipeline:PipelineID=1c0e4a18-1388-4101-8a5c-d2fda283d797 to datanode:fd48a60a-820f-4974-a983-c7065961ec94
2024-01-14 16:58:54,660 [RatisPipelineUtilsThread-0] INFO  pipeline.BackgroundPipelineCreator (BackgroundPipelineCreator.java:createPipelines(236)) - Created new pipeline Pipeline[ Id: 1c0e4a18-1388-4101-8a5c-d2fda283d797, Nodes: fd48a60a-820f-4974-a983-c7065961ec94(fv-az1248-16.lhg1ljel1gwudbpqdk5ar2pfag.bx.internal.cloudapp.net/10.1.0.34), ReplicationConfig: RATIS/ONE, State:ALLOCATED, leaderId:, CreationTimestamp2024-01-14T16:58:54.660Z[Etc/UTC]]
2024-01-14 16:58:54,770 [IPC Server handler 4 on default port 15091] INFO  net.NetworkTopologyImpl (NetworkTopologyImpl.java:add(124)) - Added a new node: /default-rack/7ded70f2-1c6f-4acc-8465-7e233baee92c
2024-01-14 16:58:54,771 [IPC Server handler 4 on default port 15091] INFO  node.SCMNodeManager (SCMNodeManager.java:register(417)) - Registered datanode: 7ded70f2-1c6f-4acc-8465-7e233baee92c{ip: 10.1.0.34, host: fv-az1248-16.lhg1ljel1gwudbpqdk5ar2pfag.bx.internal.cloudapp.net, ports: [HTTP=15161, CLIENT_RPC=15162, REPLICATION=15168, RATIS=15164, RATIS_ADMIN=15165, RATIS_SERVER=15166, RATIS_DATASTREAM=15167, STANDALONE=15163], networkLocation: /default-rack, certSerialId: null, persistedOpState: null, persistedOpStateExpiryEpochSec: 0}
2024-01-14 16:58:54,771 [EventQueue-NewNodeForNewNodeHandler] INFO  pipeline.BackgroundPipelineCreator (BackgroundPipelineCreator.java:notifyEventTriggered(280)) - trigger a one-shot run on RatisPipelineUtilsThread.
2024-01-14 16:58:54,771 [RatisPipelineUtilsThread-0] INFO  pipeline.RatisPipelineProvider (RatisPipelineProvider.java:lambda$create$0(206)) - Sending CreatePipelineCommand for pipeline:PipelineID=685d2a46-a537-498a-b42d-b6de5dccfdea to datanode:7ded70f2-1c6f-4acc-8465-7e233baee92c
2024-01-14 16:58:54,772 [RatisPipelineUtilsThread-0] INFO  pipeline.BackgroundPipelineCreator (BackgroundPipelineCreator.java:createPipelines(236)) - Created new pipeline Pipeline[ Id: 685d2a46-a537-498a-b42d-b6de5dccfdea, Nodes: 7ded70f2-1c6f-4acc-8465-7e233baee92c(fv-az1248-16.lhg1ljel1gwudbpqdk5ar2pfag.bx.internal.cloudapp.net/10.1.0.34), ReplicationConfig: RATIS/ONE, State:ALLOCATED, leaderId:, CreationTimestamp2024-01-14T16:58:54.771Z[Etc/UTC]]
2024-01-14 16:58:54,873 [main] INFO  ozone.MiniOzoneClusterImpl (MiniOzoneClusterImpl.java:lambda$waitForClusterToBeReady$0(229)) - Waiting for nodes to be ready. Got 8 of 9 DN Heartbeats.
2024-01-14 16:58:54,873 [main] INFO  ozone.MiniOzoneClusterImpl (MiniOzoneClusterImpl.java:lambda$waitForClusterToBeReady$0(232)) - Waiting for cluster to exit safe mode
2024-01-14 16:58:54,873 [main] INFO  ozone.MiniOzoneClusterImpl (MiniOzoneClusterImpl.java:lambda$waitForClusterToBeReady$0(234)) - SCM became leader
2024-01-14 16:58:54,880 [IPC Server handler 5 on default port 15091] INFO  net.NetworkTopologyImpl (NetworkTopologyImpl.java:add(124)) - Added a new node: /default-rack/eb54ab2f-dc88-49fd-8d6c-2a4c844f47e7
2024-01-14 16:58:54,880 [IPC Server handler 5 on default port 15091] INFO  node.SCMNodeManager (SCMNodeManager.java:register(417)) - Registered datanode: eb54ab2f-dc88-49fd-8d6c-2a4c844f47e7{ip: 10.1.0.34, host: fv-az1248-16.lhg1ljel1gwudbpqdk5ar2pfag.bx.internal.cloudapp.net, ports: [HTTP=15170, CLIENT_RPC=15171, REPLICATION=15177, RATIS=15173, RATIS_ADMIN=15174, RATIS_SERVER=15175, RATIS_DATASTREAM=15176, STANDALONE=15172], networkLocation: /default-rack, certSerialId: null, persistedOpState: null, persistedOpStateExpiryEpochSec: 0}
2024-01-14 16:58:54,880 [EventQueue-NewNodeForNewNodeHandler] INFO  pipeline.BackgroundPipelineCreator (BackgroundPipelineCreator.java:notifyEventTriggered(280)) - trigger a one-shot run on RatisPipelineUtilsThread.
2024-01-14 16:58:54,881 [RatisPipelineUtilsThread-0] INFO  pipeline.RatisPipelineProvider (RatisPipelineProvider.java:lambda$create$0(206)) - Sending CreatePipelineCommand for pipeline:PipelineID=14a65da0-720b-4770-87e5-088a53f56def to datanode:eb54ab2f-dc88-49fd-8d6c-2a4c844f47e7
2024-01-14 16:58:54,881 [RatisPipelineUtilsThread-0] INFO  pipeline.BackgroundPipelineCreator (BackgroundPipelineCreator.java:createPipelines(236)) - Created new pipeline Pipeline[ Id: 14a65da0-720b-4770-87e5-088a53f56def, Nodes: eb54ab2f-dc88-49fd-8d6c-2a4c844f47e7(fv-az1248-16.lhg1ljel1gwudbpqdk5ar2pfag.bx.internal.cloudapp.net/10.1.0.34), ReplicationConfig: RATIS/ONE, State:ALLOCATED, leaderId:, CreationTimestamp2024-01-14T16:58:54.881Z[Etc/UTC]]
2024-01-14 16:58:54,882 [RatisPipelineUtilsThread-0] INFO  pipeline.RatisPipelineProvider (RatisPipelineProvider.java:lambda$create$0(206)) - Sending CreatePipelineCommand for pipeline:PipelineID=812cd810-4bbd-4eee-a156-682a4b85ab5f to datanode:7ded70f2-1c6f-4acc-8465-7e233baee92c
2024-01-14 16:58:54,883 [RatisPipelineUtilsThread-0] INFO  pipeline.RatisPipelineProvider (RatisPipelineProvider.java:lambda$create$0(206)) - Sending CreatePipelineCommand for pipeline:PipelineID=812cd810-4bbd-4eee-a156-682a4b85ab5f to datanode:fd48a60a-820f-4974-a983-c7065961ec94
2024-01-14 16:58:54,883 [RatisPipelineUtilsThread-0] INFO  pipeline.RatisPipelineProvider (RatisPipelineProvider.java:lambda$create$0(206)) - Sending CreatePipelineCommand for pipeline:PipelineID=812cd810-4bbd-4eee-a156-682a4b85ab5f to datanode:eb54ab2f-dc88-49fd-8d6c-2a4c844f47e7
2024-01-14 16:58:54,884 [RatisPipelineUtilsThread-0] INFO  pipeline.BackgroundPipelineCreator (BackgroundPipelineCreator.java:createPipelines(236)) - Created new pipeline Pipeline[ Id: 812cd810-4bbd-4eee-a156-682a4b85ab5f, Nodes: 7ded70f2-1c6f-4acc-8465-7e233baee92c(fv-az1248-16.lhg1ljel1gwudbpqdk5ar2pfag.bx.internal.cloudapp.net/10.1.0.34)fd48a60a-820f-4974-a983-c7065961ec94(fv-az1248-16.lhg1ljel1gwudbpqdk5ar2pfag.bx.internal.cloudapp.net/10.1.0.34)eb54ab2f-dc88-49fd-8d6c-2a4c844f47e7(fv-az1248-16.lhg1ljel1gwudbpqdk5ar2pfag.bx.internal.cloudapp.net/10.1.0.34), ReplicationConfig: RATIS/THREE, State:ALLOCATED, leaderId:, CreationTimestamp2024-01-14T16:58:54.882Z[Etc/UTC]]
2024-01-14 16:58:55,873 [main] INFO  ozone.MiniOzoneClusterImpl (MiniOzoneClusterImpl.java:lambda$waitForClusterToBeReady$0(229)) - Nodes are ready. Got 9 of 9 DN Heartbeats.
2024-01-14 16:58:55,874 [main] INFO  ozone.MiniOzoneClusterImpl (MiniOzoneClusterImpl.java:lambda$waitForClusterToBeReady$0(232)) - Waiting for cluster to exit safe mode
2024-01-14 16:58:55,874 [main] INFO  ozone.MiniOzoneClusterImpl (MiniOzoneClusterImpl.java:lambda$waitForClusterToBeReady$0(234)) - SCM became leader
2024-01-14 16:58:56,874 [main] INFO  ozone.MiniOzoneClusterImpl (MiniOzoneClusterImpl.java:lambda$waitForClusterToBeReady$0(229)) - Nodes are ready. Got 9 of 9 DN Heartbeats.
2024-01-14 16:58:56,874 [main] INFO  ozone.MiniOzoneClusterImpl (MiniOzoneClusterImpl.java:lambda$waitForClusterToBeReady$0(232)) - Waiting for cluster to exit safe mode
2024-01-14 16:58:56,874 [main] INFO  ozone.MiniOzoneClusterImpl (MiniOzoneClusterImpl.java:lambda$waitForClusterToBeReady$0(234)) - SCM became leader
2024-01-14 16:58:56,957 [08cfce96-786e-4185-808c-4b09ee2338d3-PipelineCommandHandlerThread-0] INFO  server.RaftServer (RaftServerProxy.java:addNew(100)) - 08cfce96-786e-4185-808c-4b09ee2338d3: addNew group-BA7FA7942C21:[08cfce96-786e-4185-808c-4b09ee2338d3|10.1.0.34:15103] returns group-BA7FA7942C21:java.util.concurrent.CompletableFuture@4c390b67[Not completed]
2024-01-14 16:58:56,958 [08cfce96-786e-4185-808c-4b09ee2338d3-groupManagement] INFO  server.RaftServer$Division (RaftServerImpl.java:<init>(256)) - 08cfce96-786e-4185-808c-4b09ee2338d3: new RaftServerImpl for group-BA7FA7942C21:[08cfce96-786e-4185-808c-4b09ee2338d3|10.1.0.34:15103] with ContainerStateMachine:uninitialized
2024-01-14 16:58:56,958 [08cfce96-786e-4185-808c-4b09ee2338d3-groupManagement] INFO  server.RaftServerConfigKeys (ConfUtils.java:logGet(46)) - raft.server.rpc.timeout.min = 5s (custom)
2024-01-14 16:58:56,958 [08cfce96-786e-4185-808c-4b09ee2338d3-groupManagement] INFO  server.RaftServerConfigKeys (ConfUtils.java:logGet(46)) - raft.server.rpc.timeout.max = 5200ms (custom)
2024-01-14 16:58:56,958 [08cfce96-786e-4185-808c-4b09ee2338d3-groupManagement] INFO  server.RaftServerConfigKeys (ConfUtils.java:logGet(46)) - raft.server.rpc.sleep.time = 25ms (default)
2024-01-14 16:58:56,958 [08cfce96-786e-4185-808c-4b09ee2338d3-groupManagement] INFO  server.RaftServerConfigKeys (ConfUtils.java:logGet(46)) - raft.server.rpc.slowness.timeout = 300000ms (custom)
2024-01-14 16:58:56,958 [08cfce96-786e-4185-808c-4b09ee2338d3-groupManagement] INFO  server.RaftServerConfigKeys (ConfUtils.java:logGet(46)) - raft.server.leaderelection.leader.step-down.wait-time = 10s (default)
2024-01-14 16:58:56,959 [08cfce96-786e-4185-808c-4b09ee2338d3-groupManagement] INFO  server.RaftServerConfigKeys (ConfUtils.java:logGet(46)) - raft.server.leaderelection.member.majority-add = false (default)
2024-01-14 16:58:56,959 [08cfce96-786e-4185-808c-4b09ee2338d3-groupManagement] INFO  server.RaftServerConfigKeys (ConfUtils.java:logGet(46)) - raft.server.sleep.deviation.threshold = 300ms (default)
2024-01-14 16:58:56,959 [08cfce96-786e-4185-808c-4b09ee2338d3-groupManagement] INFO  server.RaftServer$Division (ServerState.java:<init>(113)) - 08cfce96-786e-4185-808c-4b09ee2338d3@group-BA7FA7942C21: ConfigurationManager, init=-1: peers:[08cfce96-786e-4185-808c-4b09ee2338d3|10.1.0.34:15103]|listeners:[], old=null, confs=<EMPTY_MAP>
2024-01-14 16:58:56,959 [08cfce96-786e-4185-808c-4b09ee2338d3-groupManagement] INFO  server.RaftServerConfigKeys (ConfUtils.java:logGet(46)) - raft.server.notification.no-leader.timeout = 300000ms (custom)
2024-01-14 16:58:56,959 [08cfce96-786e-4185-808c-4b09ee2338d3-groupManagement] INFO  server.RaftServerConfigKeys (ConfUtils.java:logGet(46)) - raft.server.read.timeout = 10s (default)
2024-01-14 16:58:56,959 [08cfce96-786e-4185-808c-4b09ee2338d3-groupManagement] INFO  server.RaftServerConfigKeys (ConfUtils.java:logGet(46)) - raft.server.retrycache.expirytime = 600000ms (custom)
2024-01-14 16:58:56,959 [08cfce96-786e-4185-808c-4b09ee2338d3-groupManagement] INFO  server.RaftServerConfigKeys (ConfUtils.java:logGet(46)) - raft.server.retrycache.statistics.expirytime = 100ms (default)
2024-01-14 16:58:56,959 [08cfce96-786e-4185-808c-4b09ee2338d3-groupManagement] INFO  server.RaftServerConfigKeys (ConfUtils.java:logGet(46)) - raft.server.read.option = DEFAULT (default)
2024-01-14 16:58:56,959 [08cfce96-786e-4185-808c-4b09ee2338d3-groupManagement] INFO  server.RaftServerConfigKeys (ConfUtils.java:logGet(46)) - raft.server.read.read-after-write-consistent.write-index-cache.expiry-time = 60s (default)
2024-01-14 16:58:56,962 [08cfce96-786e-4185-808c-4b09ee2338d3-groupManagement] INFO  server.RaftServerConfigKeys (ConfUtils.java:logGet(46)) - raft.server.rpc.request.timeout = 3000ms (default)
2024-01-14 16:58:56,962 [08cfce96-786e-4185-808c-4b09ee2338d3-groupManagement] INFO  server.RaftServerConfigKeys (ConfUtils.java:logGet(46)) - raft.server.log.appender.install.snapshot.enabled = false (custom)
2024-01-14 16:58:56,962 [08cfce96-786e-4185-808c-4b09ee2338d3-groupManagement] INFO  server.RaftServerConfigKeys (ConfUtils.java:logGet(46)) - raft.server.threadpool.server.cached = true (default)
2024-01-14 16:58:56,962 [08cfce96-786e-4185-808c-4b09ee2338d3-groupManagement] INFO  server.RaftServerConfigKeys (ConfUtils.java:logGet(46)) - raft.server.threadpool.server.size = 0 (default)
2024-01-14 16:58:56,962 [08cfce96-786e-4185-808c-4b09ee2338d3-groupManagement] INFO  server.RaftServerConfigKeys (ConfUtils.java:logGet(46)) - raft.server.threadpool.client.cached = true (default)
2024-01-14 16:58:56,962 [08cfce96-786e-4185-808c-4b09ee2338d3-groupManagement] INFO  server.RaftServerConfigKeys (ConfUtils.java:logGet(46)) - raft.server.threadpool.client.size = 0 (default)
2024-01-14 16:58:56,962 [08cfce96-786e-4185-808c-4b09ee2338d3-groupManagement] INFO  server.RaftServerConfigKeys (ConfUtils.java:logGet(46)) - raft.server.storage.free-space.min = 0MB (=0) (default)
2024-01-14 16:58:56,962 [08cfce96-786e-4185-808c-4b09ee2338d3-groupManagement] INFO  server.RaftServerConfigKeys (ConfUtils.java:logGet(46)) - raft.server.log.corruption.policy = EXCEPTION (default)
2024-01-14 16:58:56,962 [08cfce96-786e-4185-808c-4b09ee2338d3-groupManagement] INFO  server.RaftServerConfigKeys (ConfUtils.java:logGet(46)) - raft.server.storage.dir = [/home/runner/work/ozone/ozone/hadoop-ozone/integration-test/target/test-dir/MiniOzoneClusterImpl-073b5688-48cc-4907-9326-51c03fe36003/datanode-0/data/ratis] (custom)
2024-01-14 16:58:56,962 [08cfce96-786e-4185-808c-4b09ee2338d3-groupManagement] INFO  storage.RaftStorageDirectory (RaftStorageDirectoryImpl.java:analyzeStorage(138)) - The storage directory /home/runner/work/ozone/ozone/hadoop-ozone/integration-test/target/test-dir/MiniOzoneClusterImpl-073b5688-48cc-4907-9326-51c03fe36003/datanode-0/data/ratis/a5e3edb7-20c6-4f1b-b4f4-ba7fa7942c21 does not exist. Creating ...
2024-01-14 16:58:56,963 [08cfce96-786e-4185-808c-4b09ee2338d3-groupManagement] INFO  storage.RaftStorageDirectory (RaftStorageDirectoryImpl.java:tryLock(228)) - Lock on /home/runner/work/ozone/ozone/hadoop-ozone/integration-test/target/test-dir/MiniOzoneClusterImpl-073b5688-48cc-4907-9326-51c03fe36003/datanode-0/data/ratis/a5e3edb7-20c6-4f1b-b4f4-ba7fa7942c21/in_use.lock acquired by nodename 93954@fv-az1248-16
2024-01-14 16:58:56,964 [08cfce96-786e-4185-808c-4b09ee2338d3-groupManagement] INFO  storage.RaftStorage (RaftStorageImpl.java:format(99)) - Storage directory /home/runner/work/ozone/ozone/hadoop-ozone/integration-test/target/test-dir/MiniOzoneClusterImpl-073b5688-48cc-4907-9326-51c03fe36003/datanode-0/data/ratis/a5e3edb7-20c6-4f1b-b4f4-ba7fa7942c21 has been successfully formatted.
2024-01-14 16:58:56,964 [08cfce96-786e-4185-808c-4b09ee2338d3-groupManagement] WARN  util.FileUtils (LogUtils.java:supplyAndLog(63)) - Failed to Files.newInputStream /home/runner/work/ozone/ozone/hadoop-ozone/integration-test/target/test-dir/MiniOzoneClusterImpl-073b5688-48cc-4907-9326-51c03fe36003/datanode-0/data/ratis/a5e3edb7-20c6-4f1b-b4f4-ba7fa7942c21/current/raft-meta.conf with options []: java.nio.file.NoSuchFileException: /home/runner/work/ozone/ozone/hadoop-ozone/integration-test/target/test-dir/MiniOzoneClusterImpl-073b5688-48cc-4907-9326-51c03fe36003/datanode-0/data/ratis/a5e3edb7-20c6-4f1b-b4f4-ba7fa7942c21/current/raft-meta.conf
2024-01-14 16:58:56,965 [08cfce96-786e-4185-808c-4b09ee2338d3-groupManagement] INFO  ratis.ContainerStateMachine (ContainerStateMachine.java:loadSnapshot(287)) - group-BA7FA7942C21: The snapshot info is null. Setting the last applied index to:(t:0, i:~)
2024-01-14 16:58:56,965 [08cfce96-786e-4185-808c-4b09ee2338d3-groupManagement] INFO  server.RaftServerConfigKeys (ConfUtils.java:logGet(46)) - raft.server.log.use.memory = false (default)
2024-01-14 16:58:56,966 [08cfce96-786e-4185-808c-4b09ee2338d3-groupManagement] INFO  server.RaftServerConfigKeys (ConfUtils.java:logGet(46)) - raft.server.log.purge.gap = 1000000 (custom)
2024-01-14 16:58:56,966 [08cfce96-786e-4185-808c-4b09ee2338d3-groupManagement] INFO  server.RaftServerConfigKeys (ConfUtils.java:logGet(46)) - raft.server.log.appender.buffer.byte-limit = 8388608 (custom)
2024-01-14 16:58:56,966 [08cfce96-786e-4185-808c-4b09ee2338d3-groupManagement] INFO  server.RaftServerConfigKeys (ConfUtils.java:logGet(46)) - raft.server.log.statemachine.data.read.timeout = 1000ms (default)
2024-01-14 16:58:56,966 [08cfce96-786e-4185-808c-4b09ee2338d3-groupManagement] INFO  server.RaftServerConfigKeys (ConfUtils.java:logGet(46)) - raft.server.log.purge.preservation.log.num = 0 (default)
2024-01-14 16:58:56,966 [EventQueue-PipelineReportForPipelineReportHandler] INFO  pipeline.PipelineReportHandler (PipelineReportHandler.java:processPipelineReport(136)) - Opened pipeline PipelineID=a5e3edb7-20c6-4f1b-b4f4-ba7fa7942c21
2024-01-14 16:58:56,968 [EventQueue-OpenPipelineForHealthyPipelineSafeModeRule] INFO  safemode.SCMSafeModeManager (HealthyPipelineSafeModeRule.java:process(140)) - SCM in safe mode. Healthy pipelines reported count is 0, required healthy pipeline reported count is 1
2024-01-14 16:58:56,969 [08cfce96-786e-4185-808c-4b09ee2338d3-groupManagement] INFO  server.RaftServerConfigKeys (ConfUtils.java:logGet(46)) - raft.server.log.segment.size.max = 67108864 (custom)
2024-01-14 16:58:56,969 [08cfce96-786e-4185-808c-4b09ee2338d3-groupManagement] INFO  server.RaftServerConfigKeys (ConfUtils.java:logGet(46)) - raft.server.log.segment.cache.num.max = 2 (custom)
2024-01-14 16:58:56,969 [08cfce96-786e-4185-808c-4b09ee2338d3-groupManagement] INFO  server.RaftServerConfigKeys (ConfUtils.java:logGet(46)) - raft.server.log.segment.cache.size.max = 200MB (=209715200) (default)
2024-01-14 16:58:56,969 [08cfce96-786e-4185-808c-4b09ee2338d3-groupManagement] INFO  server.RaftServerConfigKeys (ConfUtils.java:logGet(46)) - raft.server.log.appender.buffer.byte-limit = 8388608 (custom)
2024-01-14 16:58:56,969 [08cfce96-786e-4185-808c-4b09ee2338d3-groupManagement] INFO  util.AwaitToRun (AwaitToRun.java:start(81)) - Thread[08cfce96-786e-4185-808c-4b09ee2338d3@group-BA7FA7942C21-cacheEviction-AwaitToRun,5,main] started
2024-01-14 16:58:56,969 [08cfce96-786e-4185-808c-4b09ee2338d3-groupManagement] INFO  segmented.SegmentedRaftLogWorker (SegmentedRaftLogWorker.java:<init>(182)) - new 08cfce96-786e-4185-808c-4b09ee2338d3@group-BA7FA7942C21-SegmentedRaftLogWorker for RaftStorageImpl:Storage Directory /home/runner/work/ozone/ozone/hadoop-ozone/integration-test/target/test-dir/MiniOzoneClusterImpl-073b5688-48cc-4907-9326-51c03fe36003/datanode-0/data/ratis/a5e3edb7-20c6-4f1b-b4f4-ba7fa7942c21
2024-01-14 16:58:56,970 [08cfce96-786e-4185-808c-4b09ee2338d3-groupManagement] INFO  server.RaftServerConfigKeys (ConfUtils.java:logGet(46)) - raft.server.log.queue.byte-limit = 4294967296 (custom)
2024-01-14 16:58:56,970 [08cfce96-786e-4185-808c-4b09ee2338d3-groupManagement] INFO  server.RaftServerConfigKeys (ConfUtils.java:logGet(46)) - raft.server.log.queue.element-limit = 1024 (custom)
2024-01-14 16:58:56,970 [08cfce96-786e-4185-808c-4b09ee2338d3-groupManagement] INFO  server.RaftServerConfigKeys (ConfUtils.java:logGet(46)) - raft.server.log.segment.size.max = 67108864 (custom)
2024-01-14 16:58:56,970 [08cfce96-786e-4185-808c-4b09ee2338d3-groupManagement] INFO  server.RaftServerConfigKeys (ConfUtils.java:logGet(46)) - raft.server.log.preallocated.size = 4194304 (custom)
2024-01-14 16:58:56,970 [08cfce96-786e-4185-808c-4b09ee2338d3-groupManagement] INFO  server.RaftServerConfigKeys (ConfUtils.java:logGet(46)) - raft.server.log.force.sync.num = 128 (default)
2024-01-14 16:58:56,970 [08cfce96-786e-4185-808c-4b09ee2338d3-groupManagement] INFO  server.RaftServerConfigKeys (ConfUtils.java:logGet(46)) - raft.server.log.statemachine.data.sync = true (default)
2024-01-14 16:58:56,970 [08cfce96-786e-4185-808c-4b09ee2338d3-groupManagement] INFO  server.RaftServerConfigKeys (ConfUtils.java:logGet(46)) - raft.server.log.statemachine.data.sync.timeout = 10s (default)
2024-01-14 16:58:56,970 [08cfce96-786e-4185-808c-4b09ee2338d3-groupManagement] INFO  server.RaftServerConfigKeys (ConfUtils.java:logGet(46)) - raft.server.log.statemachine.data.sync.timeout.retry = 0 (custom)
2024-01-14 16:58:56,970 [08cfce96-786e-4185-808c-4b09ee2338d3-groupManagement] INFO  server.RaftServerConfigKeys (ConfUtils.java:logGet(46)) - raft.server.log.write.buffer.size = 8388616 (custom)
2024-01-14 16:58:56,972 [08cfce96-786e-4185-808c-4b09ee2338d3-groupManagement] INFO  server.RaftServerConfigKeys (ConfUtils.java:logGet(46)) - raft.server.log.appender.buffer.byte-limit = 8388608 (custom)
2024-01-14 16:58:56,972 [08cfce96-786e-4185-808c-4b09ee2338d3-groupManagement] INFO  server.RaftServerConfigKeys (ConfUtils.java:logGet(46)) - raft.server.log.unsafe-flush.enabled = false (default)
2024-01-14 16:58:56,972 [08cfce96-786e-4185-808c-4b09ee2338d3-groupManagement] INFO  server.RaftServerConfigKeys (ConfUtils.java:logGet(46)) - raft.server.log.async-flush.enabled = false (default)
2024-01-14 16:58:56,972 [08cfce96-786e-4185-808c-4b09ee2338d3-groupManagement] INFO  server.RaftServerConfigKeys (ConfUtils.java:logGet(46)) - raft.server.log.statemachine.data.caching.enabled = true (custom)
2024-01-14 16:58:56,972 [08cfce96-786e-4185-808c-4b09ee2338d3-groupManagement] INFO  segmented.SegmentedRaftLogWorker (SegmentedRaftLogWorker.java:lambda$new$0(134)) - 08cfce96-786e-4185-808c-4b09ee2338d3@group-BA7FA7942C21-SegmentedRaftLogWorker: flushIndex: setUnconditionally 0 -> -1
2024-01-14 16:58:56,972 [08cfce96-786e-4185-808c-4b09ee2338d3-groupManagement] INFO  segmented.SegmentedRaftLogWorker (SegmentedRaftLogWorker.java:lambda$new$0(134)) - 08cfce96-786e-4185-808c-4b09ee2338d3@group-BA7FA7942C21-SegmentedRaftLogWorker: safeCacheEvictIndex: setUnconditionally 0 -> -1
2024-01-14 16:58:56,972 [08cfce96-786e-4185-808c-4b09ee2338d3-groupManagement] INFO  server.RaftServer$Division (RaftServerImpl.java:start(396)) - 08cfce96-786e-4185-808c-4b09ee2338d3@group-BA7FA7942C21: start as a follower, conf=-1: peers:[08cfce96-786e-4185-808c-4b09ee2338d3|10.1.0.34:15103]|listeners:[], old=null
2024-01-14 16:58:56,972 [08cfce96-786e-4185-808c-4b09ee2338d3-groupManagement] INFO  server.RaftServer$Division (RaftServerImpl.java:setRole(383)) - 08cfce96-786e-4185-808c-4b09ee2338d3@group-BA7FA7942C21: changes role from      null to FOLLOWER at term 0 for startAsFollower
2024-01-14 16:58:56,973 [08cfce96-786e-4185-808c-4b09ee2338d3-groupManagement] INFO  impl.RoleInfo (RoleInfo.java:updateAndGet(139)) - 08cfce96-786e-4185-808c-4b09ee2338d3: start 08cfce96-786e-4185-808c-4b09ee2338d3@group-BA7FA7942C21-FollowerState
2024-01-14 16:58:56,973 [08cfce96-786e-4185-808c-4b09ee2338d3@group-BA7FA7942C21-FollowerState] INFO  server.RaftServerConfigKeys (ConfUtils.java:logFallback(53)) - raft.server.rpc.first-election.timeout.min = 5s (fallback to raft.server.rpc.timeout.min)
2024-01-14 16:58:56,973 [08cfce96-786e-4185-808c-4b09ee2338d3-groupManagement] INFO  util.JmxRegister (JmxRegister.java:tryRegister(44)) - Successfully registered JMX Bean with object name Ratis:service=RaftServer,group=group-BA7FA7942C21,id=08cfce96-786e-4185-808c-4b09ee2338d3
2024-01-14 16:58:56,973 [08cfce96-786e-4185-808c-4b09ee2338d3@group-BA7FA7942C21-FollowerState] INFO  server.RaftServerConfigKeys (ConfUtils.java:logFallback(53)) - raft.server.rpc.first-election.timeout.max = 5200ms (fallback to raft.server.rpc.timeout.max)
2024-01-14 16:58:56,973 [08cfce96-786e-4185-808c-4b09ee2338d3-groupManagement] INFO  server.RaftServerConfigKeys (ConfUtils.java:logGet(46)) - raft.server.snapshot.trigger-when-stop.enabled = true (default)
2024-01-14 16:58:56,973 [08cfce96-786e-4185-808c-4b09ee2338d3-groupManagement] INFO  server.RaftServerConfigKeys (ConfUtils.java:logGet(46)) - raft.server.snapshot.auto.trigger.enabled = true (custom)
2024-01-14 16:58:56,973 [08cfce96-786e-4185-808c-4b09ee2338d3-groupManagement] INFO  server.RaftServerConfigKeys (ConfUtils.java:logGet(46)) - raft.server.snapshot.auto.trigger.threshold = 10000 (custom)
2024-01-14 16:58:56,973 [08cfce96-786e-4185-808c-4b09ee2338d3-groupManagement] INFO  server.RaftServerConfigKeys (ConfUtils.java:logGet(46)) - raft.server.snapshot.retention.file.num = 5 (custom)
2024-01-14 16:58:56,973 [08cfce96-786e-4185-808c-4b09ee2338d3-groupManagement] INFO  server.RaftServerConfigKeys (ConfUtils.java:logGet(46)) - raft.server.log.purge.upto.snapshot.index = false (default)
2024-01-14 16:58:56,974 [08cfce96-786e-4185-808c-4b09ee2338d3-PipelineCommandHandlerThread-0] INFO  ratis.XceiverServerRatis (XceiverServerRatis.java:addGroup(842)) - Created group PipelineID=a5e3edb7-20c6-4f1b-b4f4-ba7fa7942c21
2024-01-14 16:58:56,974 [08cfce96-786e-4185-808c-4b09ee2338d3-PipelineCommandHandlerThread-0] INFO  commandhandler.CreatePipelineCommandHandler (CreatePipelineCommandHandler.java:lambda$handle$2(124)) - Created Pipeline RATIS ONE PipelineID=a5e3edb7-20c6-4f1b-b4f4-ba7fa7942c21.
2024-01-14 16:58:56,974 [08cfce96-786e-4185-808c-4b09ee2338d3-PipelineCommandHandlerThread-0] INFO  server.RaftServer (RaftServerProxy.java:addNew(100)) - 08cfce96-786e-4185-808c-4b09ee2338d3: addNew group-291BE69B6FEB:[56641f86-a9c9-430f-8bf6-dc57d718c7d6|10.1.0.34:15112, a2543f1a-c8af-46f0-9728-67cfa3d7b722|10.1.0.34:15121, 08cfce96-786e-4185-808c-4b09ee2338d3|10.1.0.34:15103] returns group-291BE69B6FEB:java.util.concurrent.CompletableFuture@48069638[Not completed]
2024-01-14 16:58:56,975 [08cfce96-786e-4185-808c-4b09ee2338d3-groupManagement] INFO  server.RaftServer$Division (RaftServerImpl.java:<init>(256)) - 08cfce96-786e-4185-808c-4b09ee2338d3: new RaftServerImpl for group-291BE69B6FEB:[56641f86-a9c9-430f-8bf6-dc57d718c7d6|10.1.0.34:15112, a2543f1a-c8af-46f0-9728-67cfa3d7b722|10.1.0.34:15121, 08cfce96-786e-4185-808c-4b09ee2338d3|10.1.0.34:15103] with ContainerStateMachine:uninitialized
2024-01-14 16:58:56,975 [08cfce96-786e-4185-808c-4b09ee2338d3-groupManagement] INFO  server.RaftServerConfigKeys (ConfUtils.java:logGet(46)) - raft.server.rpc.timeout.min = 5s (custom)
2024-01-14 16:58:56,975 [08cfce96-786e-4185-808c-4b09ee2338d3-groupManagement] INFO  server.RaftServerConfigKeys (ConfUtils.java:logGet(46)) - raft.server.rpc.timeout.max = 5200ms (custom)
2024-01-14 16:58:56,975 [08cfce96-786e-4185-808c-4b09ee2338d3-groupManagement] INFO  server.RaftServerConfigKeys (ConfUtils.java:logGet(46)) - raft.server.rpc.sleep.time = 25ms (default)
2024-01-14 16:58:56,975 [08cfce96-786e-4185-808c-4b09ee2338d3-groupManagement] INFO  server.RaftServerConfigKeys (ConfUtils.java:logGet(46)) - raft.server.rpc.slowness.timeout = 300000ms (custom)
2024-01-14 16:58:56,975 [08cfce96-786e-4185-808c-4b09ee2338d3-groupManagement] INFO  server.RaftServerConfigKeys (ConfUtils.java:logGet(46)) - raft.server.leaderelection.leader.step-down.wait-time = 10s (default)
2024-01-14 16:58:56,976 [08cfce96-786e-4185-808c-4b09ee2338d3-groupManagement] INFO  server.RaftServerConfigKeys (ConfUtils.java:logGet(46)) - raft.server.leaderelection.member.majority-add = false (default)
2024-01-14 16:58:56,976 [08cfce96-786e-4185-808c-4b09ee2338d3-groupManagement] INFO  server.RaftServerConfigKeys (ConfUtils.java:logGet(46)) - raft.server.sleep.deviation.threshold = 300ms (default)
2024-01-14 16:58:56,976 [08cfce96-786e-4185-808c-4b09ee2338d3-groupManagement] INFO  server.RaftServer$Division (ServerState.java:<init>(113)) - 08cfce96-786e-4185-808c-4b09ee2338d3@group-291BE69B6FEB: ConfigurationManager, init=-1: peers:[56641f86-a9c9-430f-8bf6-dc57d718c7d6|10.1.0.34:15112, a2543f1a-c8af-46f0-9728-67cfa3d7b722|10.1.0.34:15121, 08cfce96-786e-4185-808c-4b09ee2338d3|10.1.0.34:15103]|listeners:[], old=null, confs=<EMPTY_MAP>
2024-01-14 16:58:56,976 [08cfce96-786e-4185-808c-4b09ee2338d3-groupManagement] INFO  server.RaftServerConfigKeys (ConfUtils.java:logGet(46)) - raft.server.notification.no-leader.timeout = 300000ms (custom)
2024-01-14 16:58:56,976 [08cfce96-786e-4185-808c-4b09ee2338d3-groupManagement] INFO  server.RaftServerConfigKeys (ConfUtils.java:logGet(46)) - raft.server.read.timeout = 10s (default)
2024-01-14 16:58:56,976 [08cfce96-786e-4185-808c-4b09ee2338d3-groupManagement] INFO  server.RaftServerConfigKeys (ConfUtils.java:logGet(46)) - raft.server.retrycache.expirytime = 600000ms (custom)
2024-01-14 16:58:56,976 [08cfce96-786e-4185-808c-4b09ee2338d3-groupManagement] INFO  server.RaftServerConfigKeys (ConfUtils.java:logGet(46)) - raft.server.retrycache.statistics.expirytime = 100ms (default)
2024-01-14 16:58:56,976 [08cfce96-786e-4185-808c-4b09ee2338d3-groupManagement] INFO  server.RaftServerConfigKeys (ConfUtils.java:logGet(46)) - raft.server.read.option = DEFAULT (default)
2024-01-14 16:58:56,976 [08cfce96-786e-4185-808c-4b09ee2338d3-groupManagement] INFO  server.RaftServerConfigKeys (ConfUtils.java:logGet(46)) - raft.server.read.read-after-write-consistent.write-index-cache.expiry-time = 60s (default)
2024-01-14 16:58:56,979 [08cfce96-786e-4185-808c-4b09ee2338d3-groupManagement] INFO  server.RaftServerConfigKeys (ConfUtils.java:logGet(46)) - raft.server.rpc.request.timeout = 3000ms (default)
2024-01-14 16:58:56,979 [08cfce96-786e-4185-808c-4b09ee2338d3-groupManagement] INFO  server.RaftServerConfigKeys (ConfUtils.java:logGet(46)) - raft.server.log.appender.install.snapshot.enabled = false (custom)
2024-01-14 16:58:56,979 [08cfce96-786e-4185-808c-4b09ee2338d3-groupManagement] INFO  server.RaftServerConfigKeys (ConfUtils.java:logGet(46)) - raft.server.threadpool.server.cached = true (default)
2024-01-14 16:58:56,979 [08cfce96-786e-4185-808c-4b09ee2338d3-groupManagement] INFO  server.RaftServerConfigKeys (ConfUtils.java:logGet(46)) - raft.server.threadpool.server.size = 0 (default)
2024-01-14 16:58:56,979 [08cfce96-786e-4185-808c-4b09ee2338d3-groupManagement] INFO  server.RaftServerConfigKeys (ConfUtils.java:logGet(46)) - raft.server.threadpool.client.cached = true (default)
2024-01-14 16:58:56,979 [08cfce96-786e-4185-808c-4b09ee2338d3-groupManagement] INFO  server.RaftServerConfigKeys (ConfUtils.java:logGet(46)) - raft.server.threadpool.client.size = 0 (default)
2024-01-14 16:58:56,979 [08cfce96-786e-4185-808c-4b09ee2338d3-groupManagement] INFO  server.RaftServerConfigKeys (ConfUtils.java:logGet(46)) - raft.server.storage.free-space.min = 0MB (=0) (default)
2024-01-14 16:58:56,979 [08cfce96-786e-4185-808c-4b09ee2338d3-groupManagement] INFO  server.RaftServerConfigKeys (ConfUtils.java:logGet(46)) - raft.server.log.corruption.policy = EXCEPTION (default)
2024-01-14 16:58:56,979 [08cfce96-786e-4185-808c-4b09ee2338d3-groupManagement] INFO  server.RaftServerConfigKeys (ConfUtils.java:logGet(46)) - raft.server.storage.dir = [/home/runner/work/ozone/ozone/hadoop-ozone/integration-test/target/test-dir/MiniOzoneClusterImpl-073b5688-48cc-4907-9326-51c03fe36003/datanode-0/data/ratis] (custom)
2024-01-14 16:58:56,980 [08cfce96-786e-4185-808c-4b09ee2338d3-groupManagement] INFO  storage.RaftStorageDirectory (RaftStorageDirectoryImpl.java:analyzeStorage(138)) - The storage directory /home/runner/work/ozone/ozone/hadoop-ozone/integration-test/target/test-dir/MiniOzoneClusterImpl-073b5688-48cc-4907-9326-51c03fe36003/datanode-0/data/ratis/7c0441be-34ee-4f7b-b0cc-291be69b6feb does not exist. Creating ...
2024-01-14 16:58:56,980 [08cfce96-786e-4185-808c-4b09ee2338d3-groupManagement] INFO  storage.RaftStorageDirectory (RaftStorageDirectoryImpl.java:tryLock(228)) - Lock on /home/runner/work/ozone/ozone/hadoop-ozone/integration-test/target/test-dir/MiniOzoneClusterImpl-073b5688-48cc-4907-9326-51c03fe36003/datanode-0/data/ratis/7c0441be-34ee-4f7b-b0cc-291be69b6feb/in_use.lock acquired by nodename 93954@fv-az1248-16
2024-01-14 16:58:56,981 [08cfce96-786e-4185-808c-4b09ee2338d3-groupManagement] INFO  storage.RaftStorage (RaftStorageImpl.java:format(99)) - Storage directory /home/runner/work/ozone/ozone/hadoop-ozone/integration-test/target/test-dir/MiniOzoneClusterImpl-073b5688-48cc-4907-9326-51c03fe36003/datanode-0/data/ratis/7c0441be-34ee-4f7b-b0cc-291be69b6feb has been successfully formatted.
2024-01-14 16:58:56,981 [08cfce96-786e-4185-808c-4b09ee2338d3-groupManagement] WARN  util.FileUtils (LogUtils.java:supplyAndLog(63)) - Failed to Files.newInputStream /home/runner/work/ozone/ozone/hadoop-ozone/integration-test/target/test-dir/MiniOzoneClusterImpl-073b5688-48cc-4907-9326-51c03fe36003/datanode-0/data/ratis/7c0441be-34ee-4f7b-b0cc-291be69b6feb/current/raft-meta.conf with options []: java.nio.file.NoSuchFileException: /home/runner/work/ozone/ozone/hadoop-ozone/integration-test/target/test-dir/MiniOzoneClusterImpl-073b5688-48cc-4907-9326-51c03fe36003/datanode-0/data/ratis/7c0441be-34ee-4f7b-b0cc-291be69b6feb/current/raft-meta.conf
2024-01-14 16:58:56,982 [08cfce96-786e-4185-808c-4b09ee2338d3-groupManagement] INFO  ratis.ContainerStateMachine (ContainerStateMachine.java:loadSnapshot(287)) - group-291BE69B6FEB: The snapshot info is null. Setting the last applied index to:(t:0, i:~)
2024-01-14 16:58:56,982 [08cfce96-786e-4185-808c-4b09ee2338d3-groupManagement] INFO  server.RaftServerConfigKeys (ConfUtils.java:logGet(46)) - raft.server.log.use.memory = false (default)
2024-01-14 16:58:56,982 [08cfce96-786e-4185-808c-4b09ee2338d3-groupManagement] INFO  server.RaftServerConfigKeys (ConfUtils.java:logGet(46)) - raft.server.log.purge.gap = 1000000 (custom)
2024-01-14 16:58:56,982 [08cfce96-786e-4185-808c-4b09ee2338d3-groupManagement] INFO  server.RaftServerConfigKeys (ConfUtils.java:logGet(46)) - raft.server.log.appender.buffer.byte-limit = 8388608 (custom)
2024-01-14 16:58:56,982 [08cfce96-786e-4185-808c-4b09ee2338d3-groupManagement] INFO  server.RaftServerConfigKeys (ConfUtils.java:logGet(46)) - raft.server.log.statemachine.data.read.timeout = 1000ms (default)
2024-01-14 16:58:56,982 [08cfce96-786e-4185-808c-4b09ee2338d3-groupManagement] INFO  server.RaftServerConfigKeys (ConfUtils.java:logGet(46)) - raft.server.log.purge.preservation.log.num = 0 (default)
2024-01-14 16:58:56,984 [08cfce96-786e-4185-808c-4b09ee2338d3-groupManagement] INFO  server.RaftServerConfigKeys (ConfUtils.java:logGet(46)) - raft.server.log.segment.size.max = 67108864 (custom)
2024-01-14 16:58:56,984 [08cfce96-786e-4185-808c-4b09ee2338d3-groupManagement] INFO  server.RaftServerConfigKeys (ConfUtils.java:logGet(46)) - raft.server.log.segment.cache.num.max = 2 (custom)
2024-01-14 16:58:56,984 [08cfce96-786e-4185-808c-4b09ee2338d3-groupManagement] INFO  server.RaftServerConfigKeys (ConfUtils.java:logGet(46)) - raft.server.log.segment.cache.size.max = 200MB (=209715200) (default)
2024-01-14 16:58:56,984 [08cfce96-786e-4185-808c-4b09ee2338d3-groupManagement] INFO  server.RaftServerConfigKeys (ConfUtils.java:logGet(46)) - raft.server.log.appender.buffer.byte-limit = 8388608 (custom)
2024-01-14 16:58:56,984 [EventQueue-OpenPipelineForHealthyPipelineSafeModeRule] INFO  safemode.SCMSafeModeManager (HealthyPipelineSafeModeRule.java:process(140)) - SCM in safe mode. Healthy pipelines reported count is 0, required healthy pipeline reported count is 1
2024-01-14 16:58:56,985 [08cfce96-786e-4185-808c-4b09ee2338d3-groupManagement] INFO  util.AwaitToRun (AwaitToRun.java:start(81)) - Thread[08cfce96-786e-4185-808c-4b09ee2338d3@group-291BE69B6FEB-cacheEviction-AwaitToRun,5,main] started
2024-01-14 16:58:56,985 [08cfce96-786e-4185-808c-4b09ee2338d3-groupManagement] INFO  segmented.SegmentedRaftLogWorker (SegmentedRaftLogWorker.java:<init>(182)) - new 08cfce96-786e-4185-808c-4b09ee2338d3@group-291BE69B6FEB-SegmentedRaftLogWorker for RaftStorageImpl:Storage Directory /home/runner/work/ozone/ozone/hadoop-ozone/integration-test/target/test-dir/MiniOzoneClusterImpl-073b5688-48cc-4907-9326-51c03fe36003/datanode-0/data/ratis/7c0441be-34ee-4f7b-b0cc-291be69b6feb
2024-01-14 16:58:56,985 [08cfce96-786e-4185-808c-4b09ee2338d3-groupManagement] INFO  server.RaftServerConfigKeys (ConfUtils.java:logGet(46)) - raft.server.log.queue.byte-limit = 4294967296 (custom)
2024-01-14 16:58:56,985 [08cfce96-786e-4185-808c-4b09ee2338d3-groupManagement] INFO  server.RaftServerConfigKeys (ConfUtils.java:logGet(46)) - raft.server.log.queue.element-limit = 1024 (custom)
2024-01-14 16:58:56,985 [08cfce96-786e-4185-808c-4b09ee2338d3-groupManagement] INFO  server.RaftServerConfigKeys (ConfUtils.java:logGet(46)) - raft.server.log.segment.size.max = 67108864 (custom)
2024-01-14 16:58:56,986 [08cfce96-786e-4185-808c-4b09ee2338d3-groupManagement] INFO  server.RaftServerConfigKeys (ConfUtils.java:logGet(46)) - raft.server.log.preallocated.size = 4194304 (custom)
2024-01-14 16:58:56,986 [08cfce96-786e-4185-808c-4b09ee2338d3-groupManagement] INFO  server.RaftServerConfigKeys (ConfUtils.java:logGet(46)) - raft.server.log.force.sync.num = 128 (default)
2024-01-14 16:58:56,986 [08cfce96-786e-4185-808c-4b09ee2338d3-groupManagement] INFO  server.RaftServerConfigKeys (ConfUtils.java:logGet(46)) - raft.server.log.statemachine.data.sync = true (default)
2024-01-14 16:58:56,986 [08cfce96-786e-4185-808c-4b09ee2338d3-groupManagement] INFO  server.RaftServerConfigKeys (ConfUtils.java:logGet(46)) - raft.server.log.statemachine.data.sync.timeout = 10s (default)
2024-01-14 16:58:56,986 [08cfce96-786e-4185-808c-4b09ee2338d3-groupManagement] INFO  server.RaftServerConfigKeys (ConfUtils.java:logGet(46)) - raft.server.log.statemachine.data.sync.timeout.retry = 0 (custom)
2024-01-14 16:58:56,986 [08cfce96-786e-4185-808c-4b09ee2338d3-groupManagement] INFO  server.RaftServerConfigKeys (ConfUtils.java:logGet(46)) - raft.server.log.write.buffer.size = 8388616 (custom)
2024-01-14 16:58:56,988 [08cfce96-786e-4185-808c-4b09ee2338d3-groupManagement] INFO  server.RaftServerConfigKeys (ConfUtils.java:logGet(46)) - raft.server.log.appender.buffer.byte-limit = 8388608 (custom)
2024-01-14 16:58:56,988 [08cfce96-786e-4185-808c-4b09ee2338d3-groupManagement] INFO  server.RaftServerConfigKeys (ConfUtils.java:logGet(46)) - raft.server.log.unsafe-flush.enabled = false (default)
2024-01-14 16:58:56,988 [08cfce96-786e-4185-808c-4b09ee2338d3-groupManagement] INFO  server.RaftServerConfigKeys (ConfUtils.java:logGet(46)) - raft.server.log.async-flush.enabled = false (default)
2024-01-14 16:58:56,988 [08cfce96-786e-4185-808c-4b09ee2338d3-groupManagement] INFO  server.RaftServerConfigKeys (ConfUtils.java:logGet(46)) - raft.server.log.statemachine.data.caching.enabled = true (custom)
2024-01-14 16:58:56,989 [08cfce96-786e-4185-808c-4b09ee2338d3-groupManagement] INFO  segmented.SegmentedRaftLogWorker (SegmentedRaftLogWorker.java:lambda$new$0(134)) - 08cfce96-786e-4185-808c-4b09ee2338d3@group-291BE69B6FEB-SegmentedRaftLogWorker: flushIndex: setUnconditionally 0 -> -1
2024-01-14 16:58:56,989 [08cfce96-786e-4185-808c-4b09ee2338d3-groupManagement] INFO  segmented.SegmentedRaftLogWorker (SegmentedRaftLogWorker.java:lambda$new$0(134)) - 08cfce96-786e-4185-808c-4b09ee2338d3@group-291BE69B6FEB-SegmentedRaftLogWorker: safeCacheEvictIndex: setUnconditionally 0 -> -1
2024-01-14 16:58:56,989 [08cfce96-786e-4185-808c-4b09ee2338d3-groupManagement] INFO  server.RaftServer$Division (RaftServerImpl.java:start(396)) - 08cfce96-786e-4185-808c-4b09ee2338d3@group-291BE69B6FEB: start as a follower, conf=-1: peers:[56641f86-a9c9-430f-8bf6-dc57d718c7d6|10.1.0.34:15112, a2543f1a-c8af-46f0-9728-67cfa3d7b722|10.1.0.34:15121, 08cfce96-786e-4185-808c-4b09ee2338d3|10.1.0.34:15103]|listeners:[], old=null
2024-01-14 16:58:56,989 [08cfce96-786e-4185-808c-4b09ee2338d3-groupManagement] INFO  server.RaftServer$Division (RaftServerImpl.java:setRole(383)) - 08cfce96-786e-4185-808c-4b09ee2338d3@group-291BE69B6FEB: changes role from      null to FOLLOWER at term 0 for startAsFollower
2024-01-14 16:58:56,989 [08cfce96-786e-4185-808c-4b09ee2338d3-groupManagement] INFO  impl.RoleInfo (RoleInfo.java:updateAndGet(139)) - 08cfce96-786e-4185-808c-4b09ee2338d3: start 08cfce96-786e-4185-808c-4b09ee2338d3@group-291BE69B6FEB-FollowerState
2024-01-14 16:58:56,989 [08cfce96-786e-4185-808c-4b09ee2338d3-groupManagement] INFO  util.JmxRegister (JmxRegister.java:tryRegister(44)) - Successfully registered JMX Bean with object name Ratis:service=RaftServer,group=group-291BE69B6FEB,id=08cfce96-786e-4185-808c-4b09ee2338d3
2024-01-14 16:58:56,989 [08cfce96-786e-4185-808c-4b09ee2338d3@group-291BE69B6FEB-FollowerState] INFO  server.RaftServerConfigKeys (ConfUtils.java:logFallback(53)) - raft.server.rpc.first-election.timeout.min = 5s (fallback to raft.server.rpc.timeout.min)
2024-01-14 16:58:56,989 [08cfce96-786e-4185-808c-4b09ee2338d3-groupManagement] INFO  server.RaftServerConfigKeys (ConfUtils.java:logGet(46)) - raft.server.snapshot.trigger-when-stop.enabled = true (default)
2024-01-14 16:58:56,989 [08cfce96-786e-4185-808c-4b09ee2338d3@group-291BE69B6FEB-FollowerState] INFO  server.RaftServerConfigKeys (ConfUtils.java:logFallback(53)) - raft.server.rpc.first-election.timeout.max = 5200ms (fallback to raft.server.rpc.timeout.max)
2024-01-14 16:58:56,990 [08cfce96-786e-4185-808c-4b09ee2338d3-groupManagement] INFO  server.RaftServerConfigKeys (ConfUtils.java:logGet(46)) - raft.server.snapshot.auto.trigger.enabled = true (custom)
2024-01-14 16:58:56,990 [08cfce96-786e-4185-808c-4b09ee2338d3-groupManagement] INFO  server.RaftServerConfigKeys (ConfUtils.java:logGet(46)) - raft.server.snapshot.auto.trigger.threshold = 10000 (custom)
2024-01-14 16:58:56,990 [08cfce96-786e-4185-808c-4b09ee2338d3-groupManagement] INFO  server.RaftServerConfigKeys (ConfUtils.java:logGet(46)) - raft.server.snapshot.retention.file.num = 5 (custom)
2024-01-14 16:58:56,990 [08cfce96-786e-4185-808c-4b09ee2338d3-groupManagement] INFO  server.RaftServerConfigKeys (ConfUtils.java:logGet(46)) - raft.server.log.purge.upto.snapshot.index = false (default)
2024-01-14 16:58:56,991 [08cfce96-786e-4185-808c-4b09ee2338d3-PipelineCommandHandlerThread-0] INFO  ratis.XceiverServerRatis (XceiverServerRatis.java:addGroup(842)) - Created group PipelineID=7c0441be-34ee-4f7b-b0cc-291be69b6feb
2024-01-14 16:58:57,002 [grpc-default-executor-0] INFO  server.RaftServer (RaftServerProxy.java:addNew(100)) - 56641f86-a9c9-430f-8bf6-dc57d718c7d6: addNew group-291BE69B6FEB:[56641f86-a9c9-430f-8bf6-dc57d718c7d6|10.1.0.34:15112, a2543f1a-c8af-46f0-9728-67cfa3d7b722|10.1.0.34:15121, 08cfce96-786e-4185-808c-4b09ee2338d3|10.1.0.34:15103] returns group-291BE69B6FEB:java.util.concurrent.CompletableFuture@7eafcec2[Not completed]
2024-01-14 16:58:57,003 [56641f86-a9c9-430f-8bf6-dc57d718c7d6-groupManagement] INFO  server.RaftServer$Division (RaftServerImpl.java:<init>(256)) - 56641f86-a9c9-430f-8bf6-dc57d718c7d6: new RaftServerImpl for group-291BE69B6FEB:[56641f86-a9c9-430f-8bf6-dc57d718c7d6|10.1.0.34:15112, a2543f1a-c8af-46f0-9728-67cfa3d7b722|10.1.0.34:15121, 08cfce96-786e-4185-808c-4b09ee2338d3|10.1.0.34:15103] with ContainerStateMachine:uninitialized
2024-01-14 16:58:57,003 [56641f86-a9c9-430f-8bf6-dc57d718c7d6-groupManagement] INFO  server.RaftServerConfigKeys (ConfUtils.java:logGet(46)) - raft.server.rpc.timeout.min = 5s (custom)
2024-01-14 16:58:57,003 [56641f86-a9c9-430f-8bf6-dc57d718c7d6-groupManagement] INFO  server.RaftServerConfigKeys (ConfUtils.java:logGet(46)) - raft.server.rpc.timeout.max = 5200ms (custom)
2024-01-14 16:58:57,003 [56641f86-a9c9-430f-8bf6-dc57d718c7d6-groupManagement] INFO  server.RaftServerConfigKeys (ConfUtils.java:logGet(46)) - raft.server.rpc.sleep.time = 25ms (default)
2024-01-14 16:58:57,003 [56641f86-a9c9-430f-8bf6-dc57d718c7d6-groupManagement] INFO  server.RaftServerConfigKeys (ConfUtils.java:logGet(46)) - raft.server.rpc.slowness.timeout = 300000ms (custom)
2024-01-14 16:58:57,004 [56641f86-a9c9-430f-8bf6-dc57d718c7d6-groupManagement] INFO  server.RaftServerConfigKeys (ConfUtils.java:logGet(46)) - raft.server.leaderelection.leader.step-down.wait-time = 10s (default)
2024-01-14 16:58:57,004 [56641f86-a9c9-430f-8bf6-dc57d718c7d6-groupManagement] INFO  server.RaftServerConfigKeys (ConfUtils.java:logGet(46)) - raft.server.leaderelection.member.majority-add = false (default)
2024-01-14 16:58:57,004 [56641f86-a9c9-430f-8bf6-dc57d718c7d6-groupManagement] INFO  server.RaftServerConfigKeys (ConfUtils.java:logGet(46)) - raft.server.sleep.deviation.threshold = 300ms (default)
2024-01-14 16:58:57,004 [56641f86-a9c9-430f-8bf6-dc57d718c7d6-groupManagement] INFO  server.RaftServer$Division (ServerState.java:<init>(113)) - 56641f86-a9c9-430f-8bf6-dc57d718c7d6@group-291BE69B6FEB: ConfigurationManager, init=-1: peers:[56641f86-a9c9-430f-8bf6-dc57d718c7d6|10.1.0.34:15112, a2543f1a-c8af-46f0-9728-67cfa3d7b722|10.1.0.34:15121, 08cfce96-786e-4185-808c-4b09ee2338d3|10.1.0.34:15103]|listeners:[], old=null, confs=<EMPTY_MAP>
2024-01-14 16:58:57,004 [56641f86-a9c9-430f-8bf6-dc57d718c7d6-groupManagement] INFO  server.RaftServerConfigKeys (ConfUtils.java:logGet(46)) - raft.server.notification.no-leader.timeout = 300000ms (custom)
2024-01-14 16:58:57,004 [56641f86-a9c9-430f-8bf6-dc57d718c7d6-groupManagement] INFO  server.RaftServerConfigKeys (ConfUtils.java:logGet(46)) - raft.server.read.timeout = 10s (default)
2024-01-14 16:58:57,004 [56641f86-a9c9-430f-8bf6-dc57d718c7d6-groupManagement] INFO  server.RaftServerConfigKeys (ConfUtils.java:logGet(46)) - raft.server.retrycache.expirytime = 600000ms (custom)
2024-01-14 16:58:57,004 [56641f86-a9c9-430f-8bf6-dc57d718c7d6-groupManagement] INFO  server.RaftServerConfigKeys (ConfUtils.java:logGet(46)) - raft.server.retrycache.statistics.expirytime = 100ms (default)
2024-01-14 16:58:57,004 [56641f86-a9c9-430f-8bf6-dc57d718c7d6-groupManagement] INFO  server.RaftServerConfigKeys (ConfUtils.java:logGet(46)) - raft.server.read.option = DEFAULT (default)
2024-01-14 16:58:57,004 [56641f86-a9c9-430f-8bf6-dc57d718c7d6-groupManagement] INFO  server.RaftServerConfigKeys (ConfUtils.java:logGet(46)) - raft.server.read.read-after-write-consistent.write-index-cache.expiry-time = 60s (default)
2024-01-14 16:58:57,007 [56641f86-a9c9-430f-8bf6-dc57d718c7d6-groupManagement] INFO  server.RaftServerConfigKeys (ConfUtils.java:logGet(46)) - raft.server.rpc.request.timeout = 3000ms (default)
2024-01-14 16:58:57,007 [56641f86-a9c9-430f-8bf6-dc57d718c7d6-groupManagement] INFO  server.RaftServerConfigKeys (ConfUtils.java:logGet(46)) - raft.server.log.appender.install.snapshot.enabled = false (custom)
2024-01-14 16:58:57,007 [56641f86-a9c9-430f-8bf6-dc57d718c7d6-groupManagement] INFO  server.RaftServerConfigKeys (ConfUtils.java:logGet(46)) - raft.server.threadpool.server.cached = true (default)
2024-01-14 16:58:57,007 [56641f86-a9c9-430f-8bf6-dc57d718c7d6-groupManagement] INFO  server.RaftServerConfigKeys (ConfUtils.java:logGet(46)) - raft.server.threadpool.server.size = 0 (default)
2024-01-14 16:58:57,007 [56641f86-a9c9-430f-8bf6-dc57d718c7d6-groupManagement] INFO  server.RaftServerConfigKeys (ConfUtils.java:logGet(46)) - raft.server.threadpool.client.cached = true (default)
2024-01-14 16:58:57,007 [56641f86-a9c9-430f-8bf6-dc57d718c7d6-groupManagement] INFO  server.RaftServerConfigKeys (ConfUtils.java:logGet(46)) - raft.server.threadpool.client.size = 0 (default)
2024-01-14 16:58:57,007 [56641f86-a9c9-430f-8bf6-dc57d718c7d6-groupManagement] INFO  server.RaftServerConfigKeys (ConfUtils.java:logGet(46)) - raft.server.storage.free-space.min = 0MB (=0) (default)
2024-01-14 16:58:57,007 [56641f86-a9c9-430f-8bf6-dc57d718c7d6-groupManagement] INFO  server.RaftServerConfigKeys (ConfUtils.java:logGet(46)) - raft.server.log.corruption.policy = EXCEPTION (default)
2024-01-14 16:58:57,007 [56641f86-a9c9-430f-8bf6-dc57d718c7d6-groupManagement] INFO  server.RaftServerConfigKeys (ConfUtils.java:logGet(46)) - raft.server.storage.dir = [/home/runner/work/ozone/ozone/hadoop-ozone/integration-test/target/test-dir/MiniOzoneClusterImpl-073b5688-48cc-4907-9326-51c03fe36003/datanode-1/data/ratis] (custom)
2024-01-14 16:58:57,007 [56641f86-a9c9-430f-8bf6-dc57d718c7d6-groupManagement] INFO  storage.RaftStorageDirectory (RaftStorageDirectoryImpl.java:analyzeStorage(138)) - The storage directory /home/runner/work/ozone/ozone/hadoop-ozone/integration-test/target/test-dir/MiniOzoneClusterImpl-073b5688-48cc-4907-9326-51c03fe36003/datanode-1/data/ratis/7c0441be-34ee-4f7b-b0cc-291be69b6feb does not exist. Creating ...
2024-01-14 16:58:57,008 [56641f86-a9c9-430f-8bf6-dc57d718c7d6-groupManagement] INFO  storage.RaftStorageDirectory (RaftStorageDirectoryImpl.java:tryLock(228)) - Lock on /home/runner/work/ozone/ozone/hadoop-ozone/integration-test/target/test-dir/MiniOzoneClusterImpl-073b5688-48cc-4907-9326-51c03fe36003/datanode-1/data/ratis/7c0441be-34ee-4f7b-b0cc-291be69b6feb/in_use.lock acquired by nodename 93954@fv-az1248-16
2024-01-14 16:58:57,009 [56641f86-a9c9-430f-8bf6-dc57d718c7d6-groupManagement] INFO  storage.RaftStorage (RaftStorageImpl.java:format(99)) - Storage directory /home/runner/work/ozone/ozone/hadoop-ozone/integration-test/target/test-dir/MiniOzoneClusterImpl-073b5688-48cc-4907-9326-51c03fe36003/datanode-1/data/ratis/7c0441be-34ee-4f7b-b0cc-291be69b6feb has been successfully formatted.
2024-01-14 16:58:57,009 [56641f86-a9c9-430f-8bf6-dc57d718c7d6-groupManagement] WARN  util.FileUtils (LogUtils.java:supplyAndLog(63)) - Failed to Files.newInputStream /home/runner/work/ozone/ozone/hadoop-ozone/integration-test/target/test-dir/MiniOzoneClusterImpl-073b5688-48cc-4907-9326-51c03fe36003/datanode-1/data/ratis/7c0441be-34ee-4f7b-b0cc-291be69b6feb/current/raft-meta.conf with options []: java.nio.file.NoSuchFileException: /home/runner/work/ozone/ozone/hadoop-ozone/integration-test/target/test-dir/MiniOzoneClusterImpl-073b5688-48cc-4907-9326-51c03fe36003/datanode-1/data/ratis/7c0441be-34ee-4f7b-b0cc-291be69b6feb/current/raft-meta.conf
2024-01-14 16:58:57,010 [56641f86-a9c9-430f-8bf6-dc57d718c7d6-groupManagement] INFO  ratis.ContainerStateMachine (ContainerStateMachine.java:loadSnapshot(287)) - group-291BE69B6FEB: The snapshot info is null. Setting the last applied index to:(t:0, i:~)
2024-01-14 16:58:57,010 [56641f86-a9c9-430f-8bf6-dc57d718c7d6-groupManagement] INFO  server.RaftServerConfigKeys (ConfUtils.java:logGet(46)) - raft.server.log.use.memory = false (default)
2024-01-14 16:58:57,010 [56641f86-a9c9-430f-8bf6-dc57d718c7d6-groupManagement] INFO  server.RaftServerConfigKeys (ConfUtils.java:logGet(46)) - raft.server.log.purge.gap = 1000000 (custom)
2024-01-14 16:58:57,010 [56641f86-a9c9-430f-8bf6-dc57d718c7d6-groupManagement] INFO  server.RaftServerConfigKeys (ConfUtils.java:logGet(46)) - raft.server.log.appender.buffer.byte-limit = 8388608 (custom)
2024-01-14 16:58:57,010 [56641f86-a9c9-430f-8bf6-dc57d718c7d6-groupManagement] INFO  server.RaftServerConfigKeys (ConfUtils.java:logGet(46)) - raft.server.log.statemachine.data.read.timeout = 1000ms (default)
2024-01-14 16:58:57,010 [56641f86-a9c9-430f-8bf6-dc57d718c7d6-groupManagement] INFO  server.RaftServerConfigKeys (ConfUtils.java:logGet(46)) - raft.server.log.purge.preservation.log.num = 0 (default)
2024-01-14 16:58:57,011 [56641f86-a9c9-430f-8bf6-dc57d718c7d6-groupManagement] INFO  server.RaftServerConfigKeys (ConfUtils.java:logGet(46)) - raft.server.log.segment.size.max = 67108864 (custom)
2024-01-14 16:58:57,012 [56641f86-a9c9-430f-8bf6-dc57d718c7d6-groupManagement] INFO  server.RaftServerConfigKeys (ConfUtils.java:logGet(46)) - raft.server.log.segment.cache.num.max = 2 (custom)
2024-01-14 16:58:57,012 [56641f86-a9c9-430f-8bf6-dc57d718c7d6-groupManagement] INFO  server.RaftServerConfigKeys (ConfUtils.java:logGet(46)) - raft.server.log.segment.cache.size.max = 200MB (=209715200) (default)
2024-01-14 16:58:57,012 [56641f86-a9c9-430f-8bf6-dc57d718c7d6-groupManagement] INFO  server.RaftServerConfigKeys (ConfUtils.java:logGet(46)) - raft.server.log.appender.buffer.byte-limit = 8388608 (custom)
2024-01-14 16:58:57,012 [56641f86-a9c9-430f-8bf6-dc57d718c7d6-groupManagement] INFO  util.AwaitToRun (AwaitToRun.java:start(81)) - Thread[56641f86-a9c9-430f-8bf6-dc57d718c7d6@group-291BE69B6FEB-cacheEviction-AwaitToRun,5,main] started
2024-01-14 16:58:57,012 [56641f86-a9c9-430f-8bf6-dc57d718c7d6-groupManagement] INFO  segmented.SegmentedRaftLogWorker (SegmentedRaftLogWorker.java:<init>(182)) - new 56641f86-a9c9-430f-8bf6-dc57d718c7d6@group-291BE69B6FEB-SegmentedRaftLogWorker for RaftStorageImpl:Storage Directory /home/runner/work/ozone/ozone/hadoop-ozone/integration-test/target/test-dir/MiniOzoneClusterImpl-073b5688-48cc-4907-9326-51c03fe36003/datanode-1/data/ratis/7c0441be-34ee-4f7b-b0cc-291be69b6feb
2024-01-14 16:58:57,012 [56641f86-a9c9-430f-8bf6-dc57d718c7d6-groupManagement] INFO  server.RaftServerConfigKeys (ConfUtils.java:logGet(46)) - raft.server.log.queue.byte-limit = 4294967296 (custom)
2024-01-14 16:58:57,012 [56641f86-a9c9-430f-8bf6-dc57d718c7d6-groupManagement] INFO  server.RaftServerConfigKeys (ConfUtils.java:logGet(46)) - raft.server.log.queue.element-limit = 1024 (custom)
2024-01-14 16:58:57,012 [56641f86-a9c9-430f-8bf6-dc57d718c7d6-groupManagement] INFO  server.RaftServerConfigKeys (ConfUtils.java:logGet(46)) - raft.server.log.segment.size.max = 67108864 (custom)
2024-01-14 16:58:57,012 [56641f86-a9c9-430f-8bf6-dc57d718c7d6-groupManagement] INFO  server.RaftServerConfigKeys (ConfUtils.java:logGet(46)) - raft.server.log.preallocated.size = 4194304 (custom)
2024-01-14 16:58:57,012 [56641f86-a9c9-430f-8bf6-dc57d718c7d6-groupManagement] INFO  server.RaftServerConfigKeys (ConfUtils.java:logGet(46)) - raft.server.log.force.sync.num = 128 (default)
2024-01-14 16:58:57,012 [56641f86-a9c9-430f-8bf6-dc57d718c7d6-groupManagement] INFO  server.RaftServerConfigKeys (ConfUtils.java:logGet(46)) - raft.server.log.statemachine.data.sync = true (default)
2024-01-14 16:58:57,012 [56641f86-a9c9-430f-8bf6-dc57d718c7d6-groupManagement] INFO  server.RaftServerConfigKeys (ConfUtils.java:logGet(46)) - raft.server.log.statemachine.data.sync.timeout = 10s (default)
2024-01-14 16:58:57,012 [56641f86-a9c9-430f-8bf6-dc57d718c7d6-groupManagement] INFO  server.RaftServerConfigKeys (ConfUtils.java:logGet(46)) - raft.server.log.statemachine.data.sync.timeout.retry = 0 (custom)
2024-01-14 16:58:57,013 [56641f86-a9c9-430f-8bf6-dc57d718c7d6-groupManagement] INFO  server.RaftServerConfigKeys (ConfUtils.java:logGet(46)) - raft.server.log.write.buffer.size = 8388616 (custom)
2024-01-14 16:58:57,015 [56641f86-a9c9-430f-8bf6-dc57d718c7d6-groupManagement] INFO  server.RaftServerConfigKeys (ConfUtils.java:logGet(46)) - raft.server.log.appender.buffer.byte-limit = 8388608 (custom)
2024-01-14 16:58:57,015 [56641f86-a9c9-430f-8bf6-dc57d718c7d6-groupManagement] INFO  server.RaftServerConfigKeys (ConfUtils.java:logGet(46)) - raft.server.log.unsafe-flush.enabled = false (default)
2024-01-14 16:58:57,015 [56641f86-a9c9-430f-8bf6-dc57d718c7d6-groupManagement] INFO  server.RaftServerConfigKeys (ConfUtils.java:logGet(46)) - raft.server.log.async-flush.enabled = false (default)
2024-01-14 16:58:57,015 [56641f86-a9c9-430f-8bf6-dc57d718c7d6-groupManagement] INFO  server.RaftServerConfigKeys (ConfUtils.java:logGet(46)) - raft.server.log.statemachine.data.caching.enabled = true (custom)
2024-01-14 16:58:57,016 [56641f86-a9c9-430f-8bf6-dc57d718c7d6-groupManagement] INFO  segmented.SegmentedRaftLogWorker (SegmentedRaftLogWorker.java:lambda$new$0(134)) - 56641f86-a9c9-430f-8bf6-dc57d718c7d6@group-291BE69B6FEB-SegmentedRaftLogWorker: flushIndex: setUnconditionally 0 -> -1
2024-01-14 16:58:57,016 [56641f86-a9c9-430f-8bf6-dc57d718c7d6-groupManagement] INFO  segmented.SegmentedRaftLogWorker (SegmentedRaftLogWorker.java:lambda$new$0(134)) - 56641f86-a9c9-430f-8bf6-dc57d718c7d6@group-291BE69B6FEB-SegmentedRaftLogWorker: safeCacheEvictIndex: setUnconditionally 0 -> -1
2024-01-14 16:58:57,016 [56641f86-a9c9-430f-8bf6-dc57d718c7d6-groupManagement] INFO  server.RaftServer$Division (RaftServerImpl.java:start(396)) - 56641f86-a9c9-430f-8bf6-dc57d718c7d6@group-291BE69B6FEB: start as a follower, conf=-1: peers:[56641f86-a9c9-430f-8bf6-dc57d718c7d6|10.1.0.34:15112, a2543f1a-c8af-46f0-9728-67cfa3d7b722|10.1.0.34:15121, 08cfce96-786e-4185-808c-4b09ee2338d3|10.1.0.34:15103]|listeners:[], old=null
2024-01-14 16:58:57,016 [56641f86-a9c9-430f-8bf6-dc57d718c7d6-groupManagement] INFO  server.RaftServer$Division (RaftServerImpl.java:setRole(383)) - 56641f86-a9c9-430f-8bf6-dc57d718c7d6@group-291BE69B6FEB: changes role from      null to FOLLOWER at term 0 for startAsFollower
2024-01-14 16:58:57,016 [56641f86-a9c9-430f-8bf6-dc57d718c7d6-groupManagement] INFO  impl.RoleInfo (RoleInfo.java:updateAndGet(139)) - 56641f86-a9c9-430f-8bf6-dc57d718c7d6: start 56641f86-a9c9-430f-8bf6-dc57d718c7d6@group-291BE69B6FEB-FollowerState
2024-01-14 16:58:57,016 [56641f86-a9c9-430f-8bf6-dc57d718c7d6-groupManagement] INFO  util.JmxRegister (JmxRegister.java:tryRegister(44)) - Successfully registered JMX Bean with object name Ratis:service=RaftServer,group=group-291BE69B6FEB,id=56641f86-a9c9-430f-8bf6-dc57d718c7d6
2024-01-14 16:58:57,016 [56641f86-a9c9-430f-8bf6-dc57d718c7d6@group-291BE69B6FEB-FollowerState] INFO  server.RaftServerConfigKeys (ConfUtils.java:logFallback(53)) - raft.server.rpc.first-election.timeout.min = 5s (fallback to raft.server.rpc.timeout.min)
2024-01-14 16:58:57,016 [56641f86-a9c9-430f-8bf6-dc57d718c7d6-groupManagement] INFO  server.RaftServerConfigKeys (ConfUtils.java:logGet(46)) - raft.server.snapshot.trigger-when-stop.enabled = true (default)
2024-01-14 16:58:57,016 [56641f86-a9c9-430f-8bf6-dc57d718c7d6@group-291BE69B6FEB-FollowerState] INFO  server.RaftServerConfigKeys (ConfUtils.java:logFallback(53)) - raft.server.rpc.first-election.timeout.max = 5200ms (fallback to raft.server.rpc.timeout.max)
2024-01-14 16:58:57,016 [56641f86-a9c9-430f-8bf6-dc57d718c7d6-groupManagement] INFO  server.RaftServerConfigKeys (ConfUtils.java:logGet(46)) - raft.server.snapshot.auto.trigger.enabled = true (custom)
2024-01-14 16:58:57,017 [56641f86-a9c9-430f-8bf6-dc57d718c7d6-groupManagement] INFO  server.RaftServerConfigKeys (ConfUtils.java:logGet(46)) - raft.server.snapshot.auto.trigger.threshold = 10000 (custom)
2024-01-14 16:58:57,017 [56641f86-a9c9-430f-8bf6-dc57d718c7d6-groupManagement] INFO  server.RaftServerConfigKeys (ConfUtils.java:logGet(46)) - raft.server.snapshot.retention.file.num = 5 (custom)
2024-01-14 16:58:57,017 [56641f86-a9c9-430f-8bf6-dc57d718c7d6-groupManagement] INFO  server.RaftServerConfigKeys (ConfUtils.java:logGet(46)) - raft.server.log.purge.upto.snapshot.index = false (default)
2024-01-14 16:58:57,036 [grpc-default-executor-0] INFO  server.RaftServer (RaftServerProxy.java:addNew(100)) - a2543f1a-c8af-46f0-9728-67cfa3d7b722: addNew group-291BE69B6FEB:[56641f86-a9c9-430f-8bf6-dc57d718c7d6|10.1.0.34:15112, a2543f1a-c8af-46f0-9728-67cfa3d7b722|10.1.0.34:15121, 08cfce96-786e-4185-808c-4b09ee2338d3|10.1.0.34:15103] returns group-291BE69B6FEB:java.util.concurrent.CompletableFuture@2724c946[Not completed]
2024-01-14 16:58:57,038 [a2543f1a-c8af-46f0-9728-67cfa3d7b722-groupManagement] INFO  server.RaftServer$Division (RaftServerImpl.java:<init>(256)) - a2543f1a-c8af-46f0-9728-67cfa3d7b722: new RaftServerImpl for group-291BE69B6FEB:[56641f86-a9c9-430f-8bf6-dc57d718c7d6|10.1.0.34:15112, a2543f1a-c8af-46f0-9728-67cfa3d7b722|10.1.0.34:15121, 08cfce96-786e-4185-808c-4b09ee2338d3|10.1.0.34:15103] with ContainerStateMachine:uninitialized
2024-01-14 16:58:57,038 [a2543f1a-c8af-46f0-9728-67cfa3d7b722-groupManagement] INFO  server.RaftServerConfigKeys (ConfUtils.java:logGet(46)) - raft.server.rpc.timeout.min = 5s (custom)
2024-01-14 16:58:57,038 [a2543f1a-c8af-46f0-9728-67cfa3d7b722-groupManagement] INFO  server.RaftServerConfigKeys (ConfUtils.java:logGet(46)) - raft.server.rpc.timeout.max = 5200ms (custom)
2024-01-14 16:58:57,038 [a2543f1a-c8af-46f0-9728-67cfa3d7b722-groupManagement] INFO  server.RaftServerConfigKeys (ConfUtils.java:logGet(46)) - raft.server.rpc.sleep.time = 25ms (default)
2024-01-14 16:58:57,038 [a2543f1a-c8af-46f0-9728-67cfa3d7b722-groupManagement] INFO  server.RaftServerConfigKeys (ConfUtils.java:logGet(46)) - raft.server.rpc.slowness.timeout = 300000ms (custom)
2024-01-14 16:58:57,038 [a2543f1a-c8af-46f0-9728-67cfa3d7b722-groupManagement] INFO  server.RaftServerConfigKeys (ConfUtils.java:logGet(46)) - raft.server.leaderelection.leader.step-down.wait-time = 10s (default)
2024-01-14 16:58:57,038 [a2543f1a-c8af-46f0-9728-67cfa3d7b722-groupManagement] INFO  server.RaftServerConfigKeys (ConfUtils.java:logGet(46)) - raft.server.leaderelection.member.majority-add = false (default)
2024-01-14 16:58:57,038 [a2543f1a-c8af-46f0-9728-67cfa3d7b722-groupManagement] INFO  server.RaftServerConfigKeys (ConfUtils.java:logGet(46)) - raft.server.sleep.deviation.threshold = 300ms (default)
2024-01-14 16:58:57,038 [a2543f1a-c8af-46f0-9728-67cfa3d7b722-groupManagement] INFO  server.RaftServer$Division (ServerState.java:<init>(113)) - a2543f1a-c8af-46f0-9728-67cfa3d7b722@group-291BE69B6FEB: ConfigurationManager, init=-1: peers:[56641f86-a9c9-430f-8bf6-dc57d718c7d6|10.1.0.34:15112, a2543f1a-c8af-46f0-9728-67cfa3d7b722|10.1.0.34:15121, 08cfce96-786e-4185-808c-4b09ee2338d3|10.1.0.34:15103]|listeners:[], old=null, confs=<EMPTY_MAP>
2024-01-14 16:58:57,039 [a2543f1a-c8af-46f0-9728-67cfa3d7b722-groupManagement] INFO  server.RaftServerConfigKeys (ConfUtils.java:logGet(46)) - raft.server.notification.no-leader.timeout = 300000ms (custom)
2024-01-14 16:58:57,039 [a2543f1a-c8af-46f0-9728-67cfa3d7b722-groupManagement] INFO  server.RaftServerConfigKeys (ConfUtils.java:logGet(46)) - raft.server.read.timeout = 10s (default)
2024-01-14 16:58:57,039 [a2543f1a-c8af-46f0-9728-67cfa3d7b722-groupManagement] INFO  server.RaftServerConfigKeys (ConfUtils.java:logGet(46)) - raft.server.retrycache.expirytime = 600000ms (custom)
2024-01-14 16:58:57,039 [a2543f1a-c8af-46f0-9728-67cfa3d7b722-groupManagement] INFO  server.RaftServerConfigKeys (ConfUtils.java:logGet(46)) - raft.server.retrycache.statistics.expirytime = 100ms (default)
2024-01-14 16:58:57,039 [a2543f1a-c8af-46f0-9728-67cfa3d7b722-groupManagement] INFO  server.RaftServerConfigKeys (ConfUtils.java:logGet(46)) - raft.server.read.option = DEFAULT (default)
2024-01-14 16:58:57,039 [a2543f1a-c8af-46f0-9728-67cfa3d7b722-groupManagement] INFO  server.RaftServerConfigKeys (ConfUtils.java:logGet(46)) - raft.server.read.read-after-write-consistent.write-index-cache.expiry-time = 60s (default)
2024-01-14 16:58:57,041 [a2543f1a-c8af-46f0-9728-67cfa3d7b722-groupManagement] INFO  server.RaftServerConfigKeys (ConfUtils.java:logGet(46)) - raft.server.rpc.request.timeout = 3000ms (default)
2024-01-14 16:58:57,041 [a2543f1a-c8af-46f0-9728-67cfa3d7b722-groupManagement] INFO  server.RaftServerConfigKeys (ConfUtils.java:logGet(46)) - raft.server.log.appender.install.snapshot.enabled = false (custom)
2024-01-14 16:58:57,041 [a2543f1a-c8af-46f0-9728-67cfa3d7b722-groupManagement] INFO  server.RaftServerConfigKeys (ConfUtils.java:logGet(46)) - raft.server.threadpool.server.cached = true (default)
2024-01-14 16:58:57,041 [a2543f1a-c8af-46f0-9728-67cfa3d7b722-groupManagement] INFO  server.RaftServerConfigKeys (ConfUtils.java:logGet(46)) - raft.server.threadpool.server.size = 0 (default)
2024-01-14 16:58:57,041 [a2543f1a-c8af-46f0-9728-67cfa3d7b722-groupManagement] INFO  server.RaftServerConfigKeys (ConfUtils.java:logGet(46)) - raft.server.threadpool.client.cached = true (default)
2024-01-14 16:58:57,041 [a2543f1a-c8af-46f0-9728-67cfa3d7b722-groupManagement] INFO  server.RaftServerConfigKeys (ConfUtils.java:logGet(46)) - raft.server.threadpool.client.size = 0 (default)
2024-01-14 16:58:57,041 [a2543f1a-c8af-46f0-9728-67cfa3d7b722-groupManagement] INFO  server.RaftServerConfigKeys (ConfUtils.java:logGet(46)) - raft.server.storage.free-space.min = 0MB (=0) (default)
2024-01-14 16:58:57,041 [a2543f1a-c8af-46f0-9728-67cfa3d7b722-groupManagement] INFO  server.RaftServerConfigKeys (ConfUtils.java:logGet(46)) - raft.server.log.corruption.policy = EXCEPTION (default)
2024-01-14 16:58:57,041 [a2543f1a-c8af-46f0-9728-67cfa3d7b722-groupManagement] INFO  server.RaftServerConfigKeys (ConfUtils.java:logGet(46)) - raft.server.storage.dir = [/home/runner/work/ozone/ozone/hadoop-ozone/integration-test/target/test-dir/MiniOzoneClusterImpl-073b5688-48cc-4907-9326-51c03fe36003/datanode-2/data/ratis] (custom)
2024-01-14 16:58:57,041 [a2543f1a-c8af-46f0-9728-67cfa3d7b722-groupManagement] INFO  storage.RaftStorageDirectory (RaftStorageDirectoryImpl.java:analyzeStorage(138)) - The storage directory /home/runner/work/ozone/ozone/hadoop-ozone/integration-test/target/test-dir/MiniOzoneClusterImpl-073b5688-48cc-4907-9326-51c03fe36003/datanode-2/data/ratis/7c0441be-34ee-4f7b-b0cc-291be69b6feb does not exist. Creating ...
2024-01-14 16:58:57,042 [a2543f1a-c8af-46f0-9728-67cfa3d7b722-groupManagement] INFO  storage.RaftStorageDirectory (RaftStorageDirectoryImpl.java:tryLock(228)) - Lock on /home/runner/work/ozone/ozone/hadoop-ozone/integration-test/target/test-dir/MiniOzoneClusterImpl-073b5688-48cc-4907-9326-51c03fe36003/datanode-2/data/ratis/7c0441be-34ee-4f7b-b0cc-291be69b6feb/in_use.lock acquired by nodename 93954@fv-az1248-16
2024-01-14 16:58:57,043 [a2543f1a-c8af-46f0-9728-67cfa3d7b722-groupManagement] INFO  storage.RaftStorage (RaftStorageImpl.java:format(99)) - Storage directory /home/runner/work/ozone/ozone/hadoop-ozone/integration-test/target/test-dir/MiniOzoneClusterImpl-073b5688-48cc-4907-9326-51c03fe36003/datanode-2/data/ratis/7c0441be-34ee-4f7b-b0cc-291be69b6feb has been successfully formatted.
2024-01-14 16:58:57,043 [a2543f1a-c8af-46f0-9728-67cfa3d7b722-groupManagement] WARN  util.FileUtils (LogUtils.java:supplyAndLog(63)) - Failed to Files.newInputStream /home/runner/work/ozone/ozone/hadoop-ozone/integration-test/target/test-dir/MiniOzoneClusterImpl-073b5688-48cc-4907-9326-51c03fe36003/datanode-2/data/ratis/7c0441be-34ee-4f7b-b0cc-291be69b6feb/current/raft-meta.conf with options []: java.nio.file.NoSuchFileException: /home/runner/work/ozone/ozone/hadoop-ozone/integration-test/target/test-dir/MiniOzoneClusterImpl-073b5688-48cc-4907-9326-51c03fe36003/datanode-2/data/ratis/7c0441be-34ee-4f7b-b0cc-291be69b6feb/current/raft-meta.conf
2024-01-14 16:58:57,044 [a2543f1a-c8af-46f0-9728-67cfa3d7b722-groupManagement] INFO  ratis.ContainerStateMachine (ContainerStateMachine.java:loadSnapshot(287)) - group-291BE69B6FEB: The snapshot info is null. Setting the last applied index to:(t:0, i:~)
2024-01-14 16:58:57,044 [a2543f1a-c8af-46f0-9728-67cfa3d7b722-groupManagement] INFO  server.RaftServerConfigKeys (ConfUtils.java:logGet(46)) - raft.server.log.use.memory = false (default)
2024-01-14 16:58:57,044 [a2543f1a-c8af-46f0-9728-67cfa3d7b722-groupManagement] INFO  server.RaftServerConfigKeys (ConfUtils.java:logGet(46)) - raft.server.log.purge.gap = 1000000 (custom)
2024-01-14 16:58:57,044 [a2543f1a-c8af-46f0-9728-67cfa3d7b722-groupManagement] INFO  server.RaftServerConfigKeys (ConfUtils.java:logGet(46)) - raft.server.log.appender.buffer.byte-limit = 8388608 (custom)
2024-01-14 16:58:57,044 [a2543f1a-c8af-46f0-9728-67cfa3d7b722-groupManagement] INFO  server.RaftServerConfigKeys (ConfUtils.java:logGet(46)) - raft.server.log.statemachine.data.read.timeout = 1000ms (default)
2024-01-14 16:58:57,045 [a2543f1a-c8af-46f0-9728-67cfa3d7b722-groupManagement] INFO  server.RaftServerConfigKeys (ConfUtils.java:logGet(46)) - raft.server.log.purge.preservation.log.num = 0 (default)
2024-01-14 16:58:57,046 [a2543f1a-c8af-46f0-9728-67cfa3d7b722-groupManagement] INFO  server.RaftServerConfigKeys (ConfUtils.java:logGet(46)) - raft.server.log.segment.size.max = 67108864 (custom)
2024-01-14 16:58:57,046 [a2543f1a-c8af-46f0-9728-67cfa3d7b722-groupManagement] INFO  server.RaftServerConfigKeys (ConfUtils.java:logGet(46)) - raft.server.log.segment.cache.num.max = 2 (custom)
2024-01-14 16:58:57,046 [a2543f1a-c8af-46f0-9728-67cfa3d7b722-groupManagement] INFO  server.RaftServerConfigKeys (ConfUtils.java:logGet(46)) - raft.server.log.segment.cache.size.max = 200MB (=209715200) (default)
2024-01-14 16:58:57,046 [a2543f1a-c8af-46f0-9728-67cfa3d7b722-groupManagement] INFO  server.RaftServerConfigKeys (ConfUtils.java:logGet(46)) - raft.server.log.appender.buffer.byte-limit = 8388608 (custom)
2024-01-14 16:58:57,047 [a2543f1a-c8af-46f0-9728-67cfa3d7b722-groupManagement] INFO  util.AwaitToRun (AwaitToRun.java:start(81)) - Thread[a2543f1a-c8af-46f0-9728-67cfa3d7b722@group-291BE69B6FEB-cacheEviction-AwaitToRun,5,main] started
2024-01-14 16:58:57,047 [a2543f1a-c8af-46f0-9728-67cfa3d7b722-groupManagement] INFO  segmented.SegmentedRaftLogWorker (SegmentedRaftLogWorker.java:<init>(182)) - new a2543f1a-c8af-46f0-9728-67cfa3d7b722@group-291BE69B6FEB-SegmentedRaftLogWorker for RaftStorageImpl:Storage Directory /home/runner/work/ozone/ozone/hadoop-ozone/integration-test/target/test-dir/MiniOzoneClusterImpl-073b5688-48cc-4907-9326-51c03fe36003/datanode-2/data/ratis/7c0441be-34ee-4f7b-b0cc-291be69b6feb
2024-01-14 16:58:57,047 [a2543f1a-c8af-46f0-9728-67cfa3d7b722-groupManagement] INFO  server.RaftServerConfigKeys (ConfUtils.java:logGet(46)) - raft.server.log.queue.byte-limit = 4294967296 (custom)
2024-01-14 16:58:57,047 [a2543f1a-c8af-46f0-9728-67cfa3d7b722-groupManagement] INFO  server.RaftServerConfigKeys (ConfUtils.java:logGet(46)) - raft.server.log.queue.element-limit = 1024 (custom)
2024-01-14 16:58:57,047 [a2543f1a-c8af-46f0-9728-67cfa3d7b722-groupManagement] INFO  server.RaftServerConfigKeys (ConfUtils.java:logGet(46)) - raft.server.log.segment.size.max = 67108864 (custom)
2024-01-14 16:58:57,047 [a2543f1a-c8af-46f0-9728-67cfa3d7b722-groupManagement] INFO  server.RaftServerConfigKeys (ConfUtils.java:logGet(46)) - raft.server.log.preallocated.size = 4194304 (custom)
2024-01-14 16:58:57,047 [a2543f1a-c8af-46f0-9728-67cfa3d7b722-groupManagement] INFO  server.RaftServerConfigKeys (ConfUtils.java:logGet(46)) - raft.server.log.force.sync.num = 128 (default)
2024-01-14 16:58:57,047 [a2543f1a-c8af-46f0-9728-67cfa3d7b722-groupManagement] INFO  server.RaftServerConfigKeys (ConfUtils.java:logGet(46)) - raft.server.log.statemachine.data.sync = true (default)
2024-01-14 16:58:57,047 [a2543f1a-c8af-46f0-9728-67cfa3d7b722-groupManagement] INFO  server.RaftServerConfigKeys (ConfUtils.java:logGet(46)) - raft.server.log.statemachine.data.sync.timeout = 10s (default)
2024-01-14 16:58:57,047 [a2543f1a-c8af-46f0-9728-67cfa3d7b722-groupManagement] INFO  server.RaftServerConfigKeys (ConfUtils.java:logGet(46)) - raft.server.log.statemachine.data.sync.timeout.retry = 0 (custom)
2024-01-14 16:58:57,048 [a2543f1a-c8af-46f0-9728-67cfa3d7b722-groupManagement] INFO  server.RaftServerConfigKeys (ConfUtils.java:logGet(46)) - raft.server.log.write.buffer.size = 8388616 (custom)
2024-01-14 16:58:57,049 [a2543f1a-c8af-46f0-9728-67cfa3d7b722-groupManagement] INFO  server.RaftServerConfigKeys (ConfUtils.java:logGet(46)) - raft.server.log.appender.buffer.byte-limit = 8388608 (custom)
2024-01-14 16:58:57,049 [a2543f1a-c8af-46f0-9728-67cfa3d7b722-groupManagement] INFO  server.RaftServerConfigKeys (ConfUtils.java:logGet(46)) - raft.server.log.unsafe-flush.enabled = false (default)
2024-01-14 16:58:57,049 [a2543f1a-c8af-46f0-9728-67cfa3d7b722-groupManagement] INFO  server.RaftServerConfigKeys (ConfUtils.java:logGet(46)) - raft.server.log.async-flush.enabled = false (default)
2024-01-14 16:58:57,049 [a2543f1a-c8af-46f0-9728-67cfa3d7b722-groupManagement] INFO  server.RaftServerConfigKeys (ConfUtils.java:logGet(46)) - raft.server.log.statemachine.data.caching.enabled = true (custom)
2024-01-14 16:58:57,049 [a2543f1a-c8af-46f0-9728-67cfa3d7b722-groupManagement] INFO  segmented.SegmentedRaftLogWorker (SegmentedRaftLogWorker.java:lambda$new$0(134)) - a2543f1a-c8af-46f0-9728-67cfa3d7b722@group-291BE69B6FEB-SegmentedRaftLogWorker: flushIndex: setUnconditionally 0 -> -1
2024-01-14 16:58:57,049 [a2543f1a-c8af-46f0-9728-67cfa3d7b722-groupManagement] INFO  segmented.SegmentedRaftLogWorker (SegmentedRaftLogWorker.java:lambda$new$0(134)) - a2543f1a-c8af-46f0-9728-67cfa3d7b722@group-291BE69B6FEB-SegmentedRaftLogWorker: safeCacheEvictIndex: setUnconditionally 0 -> -1
2024-01-14 16:58:57,050 [a2543f1a-c8af-46f0-9728-67cfa3d7b722-groupManagement] INFO  server.RaftServer$Division (RaftServerImpl.java:start(396)) - a2543f1a-c8af-46f0-9728-67cfa3d7b722@group-291BE69B6FEB: start as a follower, conf=-1: peers:[56641f86-a9c9-430f-8bf6-dc57d718c7d6|10.1.0.34:15112, a2543f1a-c8af-46f0-9728-67cfa3d7b722|10.1.0.34:15121, 08cfce96-786e-4185-808c-4b09ee2338d3|10.1.0.34:15103]|listeners:[], old=null
2024-01-14 16:58:57,050 [a2543f1a-c8af-46f0-9728-67cfa3d7b722-groupManagement] INFO  server.RaftServer$Division (RaftServerImpl.java:setRole(383)) - a2543f1a-c8af-46f0-9728-67cfa3d7b722@group-291BE69B6FEB: changes role from      null to FOLLOWER at term 0 for startAsFollower
2024-01-14 16:58:57,050 [a2543f1a-c8af-46f0-9728-67cfa3d7b722-groupManagement] INFO  impl.RoleInfo (RoleInfo.java:updateAndGet(139)) - a2543f1a-c8af-46f0-9728-67cfa3d7b722: start a2543f1a-c8af-46f0-9728-67cfa3d7b722@group-291BE69B6FEB-FollowerState
2024-01-14 16:58:57,050 [a2543f1a-c8af-46f0-9728-67cfa3d7b722@group-291BE69B6FEB-FollowerState] INFO  server.RaftServerConfigKeys (ConfUtils.java:logFallback(53)) - raft.server.rpc.first-election.timeout.min = 5s (fallback to raft.server.rpc.timeout.min)
2024-01-14 16:58:57,050 [a2543f1a-c8af-46f0-9728-67cfa3d7b722@group-291BE69B6FEB-FollowerState] INFO  server.RaftServerConfigKeys (ConfUtils.java:logFallback(53)) - raft.server.rpc.first-election.timeout.max = 5200ms (fallback to raft.server.rpc.timeout.max)
2024-01-14 16:58:57,050 [a2543f1a-c8af-46f0-9728-67cfa3d7b722-groupManagement] INFO  util.JmxRegister (JmxRegister.java:tryRegister(44)) - Successfully registered JMX Bean with object name Ratis:service=RaftServer,group=group-291BE69B6FEB,id=a2543f1a-c8af-46f0-9728-67cfa3d7b722
2024-01-14 16:58:57,050 [a2543f1a-c8af-46f0-9728-67cfa3d7b722-groupManagement] INFO  server.RaftServerConfigKeys (ConfUtils.java:logGet(46)) - raft.server.snapshot.trigger-when-stop.enabled = true (default)
2024-01-14 16:58:57,050 [a2543f1a-c8af-46f0-9728-67cfa3d7b722-groupManagement] INFO  server.RaftServerConfigKeys (ConfUtils.java:logGet(46)) - raft.server.snapshot.auto.trigger.enabled = true (custom)
2024-01-14 16:58:57,050 [a2543f1a-c8af-46f0-9728-67cfa3d7b722-groupManagement] INFO  server.RaftServerConfigKeys (ConfUtils.java:logGet(46)) - raft.server.snapshot.auto.trigger.threshold = 10000 (custom)
2024-01-14 16:58:57,050 [a2543f1a-c8af-46f0-9728-67cfa3d7b722-groupManagement] INFO  server.RaftServerConfigKeys (ConfUtils.java:logGet(46)) - raft.server.snapshot.retention.file.num = 5 (custom)
2024-01-14 16:58:57,050 [a2543f1a-c8af-46f0-9728-67cfa3d7b722-groupManagement] INFO  server.RaftServerConfigKeys (ConfUtils.java:logGet(46)) - raft.server.log.purge.upto.snapshot.index = false (default)
2024-01-14 16:58:57,058 [08cfce96-786e-4185-808c-4b09ee2338d3-PipelineCommandHandlerThread-0] INFO  commandhandler.CreatePipelineCommandHandler (CreatePipelineCommandHandler.java:lambda$handle$2(124)) - Created Pipeline RATIS THREE PipelineID=7c0441be-34ee-4f7b-b0cc-291be69b6feb.
2024-01-14 16:58:57,058 [56641f86-a9c9-430f-8bf6-dc57d718c7d6-PipelineCommandHandlerThread-0] INFO  server.RaftServer (RaftServerProxy.java:addNew(100)) - 56641f86-a9c9-430f-8bf6-dc57d718c7d6: addNew group-B74FB7C93973:[56641f86-a9c9-430f-8bf6-dc57d718c7d6|10.1.0.34:15112] returns group-B74FB7C93973:java.util.concurrent.CompletableFuture@7f740185[Not completed]
2024-01-14 16:58:57,059 [56641f86-a9c9-430f-8bf6-dc57d718c7d6-groupManagement] INFO  server.RaftServer$Division (RaftServerImpl.java:<init>(256)) - 56641f86-a9c9-430f-8bf6-dc57d718c7d6: new RaftServerImpl for group-B74FB7C93973:[56641f86-a9c9-430f-8bf6-dc57d718c7d6|10.1.0.34:15112] with ContainerStateMachine:uninitialized
2024-01-14 16:58:57,059 [56641f86-a9c9-430f-8bf6-dc57d718c7d6-groupManagement] INFO  server.RaftServerConfigKeys (ConfUtils.java:logGet(46)) - raft.server.rpc.timeout.min = 5s (custom)
2024-01-14 16:58:57,059 [56641f86-a9c9-430f-8bf6-dc57d718c7d6-groupManagement] INFO  server.RaftServerConfigKeys (ConfUtils.java:logGet(46)) - raft.server.rpc.timeout.max = 5200ms (custom)
2024-01-14 16:58:57,059 [56641f86-a9c9-430f-8bf6-dc57d718c7d6-groupManagement] INFO  server.RaftServerConfigKeys (ConfUtils.java:logGet(46)) - raft.server.rpc.sleep.time = 25ms (default)
2024-01-14 16:58:57,059 [56641f86-a9c9-430f-8bf6-dc57d718c7d6-groupManagement] INFO  server.RaftServerConfigKeys (ConfUtils.java:logGet(46)) - raft.server.rpc.slowness.timeout = 300000ms (custom)
2024-01-14 16:58:57,059 [56641f86-a9c9-430f-8bf6-dc57d718c7d6-groupManagement] INFO  server.RaftServerConfigKeys (ConfUtils.java:logGet(46)) - raft.server.leaderelection.leader.step-down.wait-time = 10s (default)
2024-01-14 16:58:57,059 [56641f86-a9c9-430f-8bf6-dc57d718c7d6-groupManagement] INFO  server.RaftServerConfigKeys (ConfUtils.java:logGet(46)) - raft.server.leaderelection.member.majority-add = false (default)
2024-01-14 16:58:57,059 [56641f86-a9c9-430f-8bf6-dc57d718c7d6-groupManagement] INFO  server.RaftServerConfigKeys (ConfUtils.java:logGet(46)) - raft.server.sleep.deviation.threshold = 300ms (default)
2024-01-14 16:58:57,059 [56641f86-a9c9-430f-8bf6-dc57d718c7d6-groupManagement] INFO  server.RaftServer$Division (ServerState.java:<init>(113)) - 56641f86-a9c9-430f-8bf6-dc57d718c7d6@group-B74FB7C93973: ConfigurationManager, init=-1: peers:[56641f86-a9c9-430f-8bf6-dc57d718c7d6|10.1.0.34:15112]|listeners:[], old=null, confs=<EMPTY_MAP>
2024-01-14 16:58:57,059 [56641f86-a9c9-430f-8bf6-dc57d718c7d6-groupManagement] INFO  server.RaftServerConfigKeys (ConfUtils.java:logGet(46)) - raft.server.notification.no-leader.timeout = 300000ms (custom)
2024-01-14 16:58:57,060 [56641f86-a9c9-430f-8bf6-dc57d718c7d6-groupManagement] INFO  server.RaftServerConfigKeys (ConfUtils.java:logGet(46)) - raft.server.read.timeout = 10s (default)
2024-01-14 16:58:57,060 [56641f86-a9c9-430f-8bf6-dc57d718c7d6-groupManagement] INFO  server.RaftServerConfigKeys (ConfUtils.java:logGet(46)) - raft.server.retrycache.expirytime = 600000ms (custom)
2024-01-14 16:58:57,060 [56641f86-a9c9-430f-8bf6-dc57d718c7d6-groupManagement] INFO  server.RaftServerConfigKeys (ConfUtils.java:logGet(46)) - raft.server.retrycache.statistics.expirytime = 100ms (default)
2024-01-14 16:58:57,060 [56641f86-a9c9-430f-8bf6-dc57d718c7d6-groupManagement] INFO  server.RaftServerConfigKeys (ConfUtils.java:logGet(46)) - raft.server.read.option = DEFAULT (default)
2024-01-14 16:58:57,060 [56641f86-a9c9-430f-8bf6-dc57d718c7d6-groupManagement] INFO  server.RaftServerConfigKeys (ConfUtils.java:logGet(46)) - raft.server.read.read-after-write-consistent.write-index-cache.expiry-time = 60s (default)
2024-01-14 16:58:57,061 [56641f86-a9c9-430f-8bf6-dc57d718c7d6-groupManagement] INFO  server.RaftServerConfigKeys (ConfUtils.java:logGet(46)) - raft.server.rpc.request.timeout = 3000ms (default)
2024-01-14 16:58:57,062 [56641f86-a9c9-430f-8bf6-dc57d718c7d6-groupManagement] INFO  server.RaftServerConfigKeys (ConfUtils.java:logGet(46)) - raft.server.log.appender.install.snapshot.enabled = false (custom)
2024-01-14 16:58:57,062 [56641f86-a9c9-430f-8bf6-dc57d718c7d6-groupManagement] INFO  server.RaftServerConfigKeys (ConfUtils.java:logGet(46)) - raft.server.threadpool.server.cached = true (default)
2024-01-14 16:58:57,062 [56641f86-a9c9-430f-8bf6-dc57d718c7d6-groupManagement] INFO  server.RaftServerConfigKeys (ConfUtils.java:logGet(46)) - raft.server.threadpool.server.size = 0 (default)
2024-01-14 16:58:57,062 [56641f86-a9c9-430f-8bf6-dc57d718c7d6-groupManagement] INFO  server.RaftServerConfigKeys (ConfUtils.java:logGet(46)) - raft.server.threadpool.client.cached = true (default)
2024-01-14 16:58:57,062 [56641f86-a9c9-430f-8bf6-dc57d718c7d6-groupManagement] INFO  server.RaftServerConfigKeys (ConfUtils.java:logGet(46)) - raft.server.threadpool.client.size = 0 (default)
2024-01-14 16:58:57,062 [56641f86-a9c9-430f-8bf6-dc57d718c7d6-groupManagement] INFO  server.RaftServerConfigKeys (ConfUtils.java:logGet(46)) - raft.server.storage.free-space.min = 0MB (=0) (default)
2024-01-14 16:58:57,062 [56641f86-a9c9-430f-8bf6-dc57d718c7d6-groupManagement] INFO  server.RaftServerConfigKeys (ConfUtils.java:logGet(46)) - raft.server.log.corruption.policy = EXCEPTION (default)
2024-01-14 16:58:57,062 [56641f86-a9c9-430f-8bf6-dc57d718c7d6-groupManagement] INFO  server.RaftServerConfigKeys (ConfUtils.java:logGet(46)) - raft.server.storage.dir = [/home/runner/work/ozone/ozone/hadoop-ozone/integration-test/target/test-dir/MiniOzoneClusterImpl-073b5688-48cc-4907-9326-51c03fe36003/datanode-1/data/ratis] (custom)
2024-01-14 16:58:57,062 [56641f86-a9c9-430f-8bf6-dc57d718c7d6-groupManagement] INFO  storage.RaftStorageDirectory (RaftStorageDirectoryImpl.java:analyzeStorage(138)) - The storage directory /home/runner/work/ozone/ozone/hadoop-ozone/integration-test/target/test-dir/MiniOzoneClusterImpl-073b5688-48cc-4907-9326-51c03fe36003/datanode-1/data/ratis/12a14914-a525-4078-be79-b74fb7c93973 does not exist. Creating ...
2024-01-14 16:58:57,064 [56641f86-a9c9-430f-8bf6-dc57d718c7d6-groupManagement] INFO  storage.RaftStorageDirectory (RaftStorageDirectoryImpl.java:tryLock(228)) - Lock on /home/runner/work/ozone/ozone/hadoop-ozone/integration-test/target/test-dir/MiniOzoneClusterImpl-073b5688-48cc-4907-9326-51c03fe36003/datanode-1/data/ratis/12a14914-a525-4078-be79-b74fb7c93973/in_use.lock acquired by nodename 93954@fv-az1248-16
2024-01-14 16:58:57,065 [56641f86-a9c9-430f-8bf6-dc57d718c7d6-groupManagement] INFO  storage.RaftStorage (RaftStorageImpl.java:format(99)) - Storage directory /home/runner/work/ozone/ozone/hadoop-ozone/integration-test/target/test-dir/MiniOzoneClusterImpl-073b5688-48cc-4907-9326-51c03fe36003/datanode-1/data/ratis/12a14914-a525-4078-be79-b74fb7c93973 has been successfully formatted.
2024-01-14 16:58:57,065 [56641f86-a9c9-430f-8bf6-dc57d718c7d6-groupManagement] WARN  util.FileUtils (LogUtils.java:supplyAndLog(63)) - Failed to Files.newInputStream /home/runner/work/ozone/ozone/hadoop-ozone/integration-test/target/test-dir/MiniOzoneClusterImpl-073b5688-48cc-4907-9326-51c03fe36003/datanode-1/data/ratis/12a14914-a525-4078-be79-b74fb7c93973/current/raft-meta.conf with options []: java.nio.file.NoSuchFileException: /home/runner/work/ozone/ozone/hadoop-ozone/integration-test/target/test-dir/MiniOzoneClusterImpl-073b5688-48cc-4907-9326-51c03fe36003/datanode-1/data/ratis/12a14914-a525-4078-be79-b74fb7c93973/current/raft-meta.conf
2024-01-14 16:58:57,065 [56641f86-a9c9-430f-8bf6-dc57d718c7d6-groupManagement] INFO  ratis.ContainerStateMachine (ContainerStateMachine.java:loadSnapshot(287)) - group-B74FB7C93973: The snapshot info is null. Setting the last applied index to:(t:0, i:~)
2024-01-14 16:58:57,065 [56641f86-a9c9-430f-8bf6-dc57d718c7d6-groupManagement] INFO  server.RaftServerConfigKeys (ConfUtils.java:logGet(46)) - raft.server.log.use.memory = false (default)
2024-01-14 16:58:57,066 [56641f86-a9c9-430f-8bf6-dc57d718c7d6-groupManagement] INFO  server.RaftServerConfigKeys (ConfUtils.java:logGet(46)) - raft.server.log.purge.gap = 1000000 (custom)
2024-01-14 16:58:57,066 [56641f86-a9c9-430f-8bf6-dc57d718c7d6-groupManagement] INFO  server.RaftServerConfigKeys (ConfUtils.java:logGet(46)) - raft.server.log.appender.buffer.byte-limit = 8388608 (custom)
2024-01-14 16:58:57,066 [56641f86-a9c9-430f-8bf6-dc57d718c7d6-groupManagement] INFO  server.RaftServerConfigKeys (ConfUtils.java:logGet(46)) - raft.server.log.statemachine.data.read.timeout = 1000ms (default)
2024-01-14 16:58:57,066 [56641f86-a9c9-430f-8bf6-dc57d718c7d6-groupManagement] INFO  server.RaftServerConfigKeys (ConfUtils.java:logGet(46)) - raft.server.log.purge.preservation.log.num = 0 (default)
2024-01-14 16:58:57,067 [EventQueue-PipelineReportForPipelineReportHandler] INFO  pipeline.PipelineReportHandler (PipelineReportHandler.java:processPipelineReport(136)) - Opened pipeline PipelineID=12a14914-a525-4078-be79-b74fb7c93973
2024-01-14 16:58:57,067 [EventQueue-OpenPipelineForHealthyPipelineSafeModeRule] INFO  safemode.SCMSafeModeManager (HealthyPipelineSafeModeRule.java:process(140)) - SCM in safe mode. Healthy pipelines reported count is 0, required healthy pipeline reported count is 1
2024-01-14 16:58:57,068 [56641f86-a9c9-430f-8bf6-dc57d718c7d6-groupManagement] INFO  server.RaftServerConfigKeys (ConfUtils.java:logGet(46)) - raft.server.log.segment.size.max = 67108864 (custom)
2024-01-14 16:58:57,068 [56641f86-a9c9-430f-8bf6-dc57d718c7d6-groupManagement] INFO  server.RaftServerConfigKeys (ConfUtils.java:logGet(46)) - raft.server.log.segment.cache.num.max = 2 (custom)
2024-01-14 16:58:57,068 [56641f86-a9c9-430f-8bf6-dc57d718c7d6-groupManagement] INFO  server.RaftServerConfigKeys (ConfUtils.java:logGet(46)) - raft.server.log.segment.cache.size.max = 200MB (=209715200) (default)
2024-01-14 16:58:57,068 [56641f86-a9c9-430f-8bf6-dc57d718c7d6-groupManagement] INFO  server.RaftServerConfigKeys (ConfUtils.java:logGet(46)) - raft.server.log.appender.buffer.byte-limit = 8388608 (custom)
2024-01-14 16:58:57,068 [56641f86-a9c9-430f-8bf6-dc57d718c7d6-groupManagement] INFO  util.AwaitToRun (AwaitToRun.java:start(81)) - Thread[56641f86-a9c9-430f-8bf6-dc57d718c7d6@group-B74FB7C93973-cacheEviction-AwaitToRun,5,main] started
2024-01-14 16:58:57,069 [56641f86-a9c9-430f-8bf6-dc57d718c7d6-groupManagement] INFO  segmented.SegmentedRaftLogWorker (SegmentedRaftLogWorker.java:<init>(182)) - new 56641f86-a9c9-430f-8bf6-dc57d718c7d6@group-B74FB7C93973-SegmentedRaftLogWorker for RaftStorageImpl:Storage Directory /home/runner/work/ozone/ozone/hadoop-ozone/integration-test/target/test-dir/MiniOzoneClusterImpl-073b5688-48cc-4907-9326-51c03fe36003/datanode-1/data/ratis/12a14914-a525-4078-be79-b74fb7c93973
2024-01-14 16:58:57,069 [56641f86-a9c9-430f-8bf6-dc57d718c7d6-groupManagement] INFO  server.RaftServerConfigKeys (ConfUtils.java:logGet(46)) - raft.server.log.queue.byte-limit = 4294967296 (custom)
2024-01-14 16:58:57,069 [56641f86-a9c9-430f-8bf6-dc57d718c7d6-groupManagement] INFO  server.RaftServerConfigKeys (ConfUtils.java:logGet(46)) - raft.server.log.queue.element-limit = 1024 (custom)
2024-01-14 16:58:57,069 [56641f86-a9c9-430f-8bf6-dc57d718c7d6-groupManagement] INFO  server.RaftServerConfigKeys (ConfUtils.java:logGet(46)) - raft.server.log.segment.size.max = 67108864 (custom)
2024-01-14 16:58:57,069 [56641f86-a9c9-430f-8bf6-dc57d718c7d6-groupManagement] INFO  server.RaftServerConfigKeys (ConfUtils.java:logGet(46)) - raft.server.log.preallocated.size = 4194304 (custom)
2024-01-14 16:58:57,069 [56641f86-a9c9-430f-8bf6-dc57d718c7d6-groupManagement] INFO  server.RaftServerConfigKeys (ConfUtils.java:logGet(46)) - raft.server.log.force.sync.num = 128 (default)
2024-01-14 16:58:57,069 [56641f86-a9c9-430f-8bf6-dc57d718c7d6-groupManagement] INFO  server.RaftServerConfigKeys (ConfUtils.java:logGet(46)) - raft.server.log.statemachine.data.sync = true (default)
2024-01-14 16:58:57,069 [56641f86-a9c9-430f-8bf6-dc57d718c7d6-groupManagement] INFO  server.RaftServerConfigKeys (ConfUtils.java:logGet(46)) - raft.server.log.statemachine.data.sync.timeout = 10s (default)
2024-01-14 16:58:57,069 [56641f86-a9c9-430f-8bf6-dc57d718c7d6-groupManagement] INFO  server.RaftServerConfigKeys (ConfUtils.java:logGet(46)) - raft.server.log.statemachine.data.sync.timeout.retry = 0 (custom)
2024-01-14 16:58:57,070 [56641f86-a9c9-430f-8bf6-dc57d718c7d6-groupManagement] INFO  server.RaftServerConfigKeys (ConfUtils.java:logGet(46)) - raft.server.log.write.buffer.size = 8388616 (custom)
2024-01-14 16:58:57,072 [56641f86-a9c9-430f-8bf6-dc57d718c7d6-groupManagement] INFO  server.RaftServerConfigKeys (ConfUtils.java:logGet(46)) - raft.server.log.appender.buffer.byte-limit = 8388608 (custom)
2024-01-14 16:58:57,072 [56641f86-a9c9-430f-8bf6-dc57d718c7d6-groupManagement] INFO  server.RaftServerConfigKeys (ConfUtils.java:logGet(46)) - raft.server.log.unsafe-flush.enabled = false (default)
2024-01-14 16:58:57,072 [56641f86-a9c9-430f-8bf6-dc57d718c7d6-groupManagement] INFO  server.RaftServerConfigKeys (ConfUtils.java:logGet(46)) - raft.server.log.async-flush.enabled = false (default)
2024-01-14 16:58:57,072 [56641f86-a9c9-430f-8bf6-dc57d718c7d6-groupManagement] INFO  server.RaftServerConfigKeys (ConfUtils.java:logGet(46)) - raft.server.log.statemachine.data.caching.enabled = true (custom)
2024-01-14 16:58:57,073 [56641f86-a9c9-430f-8bf6-dc57d718c7d6-groupManagement] INFO  segmented.SegmentedRaftLogWorker (SegmentedRaftLogWorker.java:lambda$new$0(134)) - 56641f86-a9c9-430f-8bf6-dc57d718c7d6@group-B74FB7C93973-SegmentedRaftLogWorker: flushIndex: setUnconditionally 0 -> -1
2024-01-14 16:58:57,073 [56641f86-a9c9-430f-8bf6-dc57d718c7d6-groupManagement] INFO  segmented.SegmentedRaftLogWorker (SegmentedRaftLogWorker.java:lambda$new$0(134)) - 56641f86-a9c9-430f-8bf6-dc57d718c7d6@group-B74FB7C93973-SegmentedRaftLogWorker: safeCacheEvictIndex: setUnconditionally 0 -> -1
2024-01-14 16:58:57,073 [56641f86-a9c9-430f-8bf6-dc57d718c7d6-groupManagement] INFO  server.RaftServer$Division (RaftServerImpl.java:start(396)) - 56641f86-a9c9-430f-8bf6-dc57d718c7d6@group-B74FB7C93973: start as a follower, conf=-1: peers:[56641f86-a9c9-430f-8bf6-dc57d718c7d6|10.1.0.34:15112]|listeners:[], old=null
2024-01-14 16:58:57,074 [56641f86-a9c9-430f-8bf6-dc57d718c7d6-groupManagement] INFO  server.RaftServer$Division (RaftServerImpl.java:setRole(383)) - 56641f86-a9c9-430f-8bf6-dc57d718c7d6@group-B74FB7C93973: changes role from      null to FOLLOWER at term 0 for startAsFollower
2024-01-14 16:58:57,074 [56641f86-a9c9-430f-8bf6-dc57d718c7d6-groupManagement] INFO  impl.RoleInfo (RoleInfo.java:updateAndGet(139)) - 56641f86-a9c9-430f-8bf6-dc57d718c7d6: start 56641f86-a9c9-430f-8bf6-dc57d718c7d6@group-B74FB7C93973-FollowerState
2024-01-14 16:58:57,074 [56641f86-a9c9-430f-8bf6-dc57d718c7d6-groupManagement] INFO  util.JmxRegister (JmxRegister.java:tryRegister(44)) - Successfully registered JMX Bean with object name Ratis:service=RaftServer,group=group-B74FB7C93973,id=56641f86-a9c9-430f-8bf6-dc57d718c7d6
2024-01-14 16:58:57,074 [56641f86-a9c9-430f-8bf6-dc57d718c7d6-groupManagement] INFO  server.RaftServerConfigKeys (ConfUtils.java:logGet(46)) - raft.server.snapshot.trigger-when-stop.enabled = true (default)
2024-01-14 16:58:57,074 [56641f86-a9c9-430f-8bf6-dc57d718c7d6-groupManagement] INFO  server.RaftServerConfigKeys (ConfUtils.java:logGet(46)) - raft.server.snapshot.auto.trigger.enabled = true (custom)
2024-01-14 16:58:57,074 [56641f86-a9c9-430f-8bf6-dc57d718c7d6-groupManagement] INFO  server.RaftServerConfigKeys (ConfUtils.java:logGet(46)) - raft.server.snapshot.auto.trigger.threshold = 10000 (custom)
2024-01-14 16:58:57,074 [56641f86-a9c9-430f-8bf6-dc57d718c7d6-groupManagement] INFO  server.RaftServerConfigKeys (ConfUtils.java:logGet(46)) - raft.server.snapshot.retention.file.num = 5 (custom)
2024-01-14 16:58:57,074 [56641f86-a9c9-430f-8bf6-dc57d718c7d6-groupManagement] INFO  server.RaftServerConfigKeys (ConfUtils.java:logGet(46)) - raft.server.log.purge.upto.snapshot.index = false (default)
2024-01-14 16:58:57,075 [56641f86-a9c9-430f-8bf6-dc57d718c7d6@group-B74FB7C93973-FollowerState] INFO  server.RaftServerConfigKeys (ConfUtils.java:logFallback(53)) - raft.server.rpc.first-election.timeout.min = 5s (fallback to raft.server.rpc.timeout.min)
2024-01-14 16:58:57,075 [56641f86-a9c9-430f-8bf6-dc57d718c7d6@group-B74FB7C93973-FollowerState] INFO  server.RaftServerConfigKeys (ConfUtils.java:logFallback(53)) - raft.server.rpc.first-election.timeout.max = 5200ms (fallback to raft.server.rpc.timeout.max)
2024-01-14 16:58:57,076 [56641f86-a9c9-430f-8bf6-dc57d718c7d6-PipelineCommandHandlerThread-0] INFO  ratis.XceiverServerRatis (XceiverServerRatis.java:addGroup(842)) - Created group PipelineID=12a14914-a525-4078-be79-b74fb7c93973
2024-01-14 16:58:57,076 [56641f86-a9c9-430f-8bf6-dc57d718c7d6-PipelineCommandHandlerThread-0] INFO  commandhandler.CreatePipelineCommandHandler (CreatePipelineCommandHandler.java:lambda$handle$2(124)) - Created Pipeline RATIS ONE PipelineID=12a14914-a525-4078-be79-b74fb7c93973.
2024-01-14 16:58:57,194 [a2543f1a-c8af-46f0-9728-67cfa3d7b722-PipelineCommandHandlerThread-0] INFO  server.RaftServer (RaftServerProxy.java:addNew(100)) - a2543f1a-c8af-46f0-9728-67cfa3d7b722: addNew group-038420BB7178:[a2543f1a-c8af-46f0-9728-67cfa3d7b722|10.1.0.34:15121] returns group-038420BB7178:java.util.concurrent.CompletableFuture@101c423e[Not completed]
2024-01-14 16:58:57,195 [a2543f1a-c8af-46f0-9728-67cfa3d7b722-groupManagement] INFO  server.RaftServer$Division (RaftServerImpl.java:<init>(256)) - a2543f1a-c8af-46f0-9728-67cfa3d7b722: new RaftServerImpl for group-038420BB7178:[a2543f1a-c8af-46f0-9728-67cfa3d7b722|10.1.0.34:15121] with ContainerStateMachine:uninitialized
2024-01-14 16:58:57,195 [a2543f1a-c8af-46f0-9728-67cfa3d7b722-groupManagement] INFO  server.RaftServerConfigKeys (ConfUtils.java:logGet(46)) - raft.server.rpc.timeout.min = 5s (custom)
2024-01-14 16:58:57,195 [a2543f1a-c8af-46f0-9728-67cfa3d7b722-groupManagement] INFO  server.RaftServerConfigKeys (ConfUtils.java:logGet(46)) - raft.server.rpc.timeout.max = 5200ms (custom)
2024-01-14 16:58:57,195 [a2543f1a-c8af-46f0-9728-67cfa3d7b722-groupManagement] INFO  server.RaftServerConfigKeys (ConfUtils.java:logGet(46)) - raft.server.rpc.sleep.time = 25ms (default)
2024-01-14 16:58:57,195 [a2543f1a-c8af-46f0-9728-67cfa3d7b722-groupManagement] INFO  server.RaftServerConfigKeys (ConfUtils.java:logGet(46)) - raft.server.rpc.slowness.timeout = 300000ms (custom)
2024-01-14 16:58:57,195 [a2543f1a-c8af-46f0-9728-67cfa3d7b722-groupManagement] INFO  server.RaftServerConfigKeys (ConfUtils.java:logGet(46)) - raft.server.leaderelection.leader.step-down.wait-time = 10s (default)
2024-01-14 16:58:57,195 [a2543f1a-c8af-46f0-9728-67cfa3d7b722-groupManagement] INFO  server.RaftServerConfigKeys (ConfUtils.java:logGet(46)) - raft.server.leaderelection.member.majority-add = false (default)
2024-01-14 16:58:57,195 [a2543f1a-c8af-46f0-9728-67cfa3d7b722-groupManagement] INFO  server.RaftServerConfigKeys (ConfUtils.java:logGet(46)) - raft.server.sleep.deviation.threshold = 300ms (default)
2024-01-14 16:58:57,196 [a2543f1a-c8af-46f0-9728-67cfa3d7b722-groupManagement] INFO  server.RaftServer$Division (ServerState.java:<init>(113)) - a2543f1a-c8af-46f0-9728-67cfa3d7b722@group-038420BB7178: ConfigurationManager, init=-1: peers:[a2543f1a-c8af-46f0-9728-67cfa3d7b722|10.1.0.34:15121]|listeners:[], old=null, confs=<EMPTY_MAP>
2024-01-14 16:58:57,196 [a2543f1a-c8af-46f0-9728-67cfa3d7b722-groupManagement] INFO  server.RaftServerConfigKeys (ConfUtils.java:logGet(46)) - raft.server.notification.no-leader.timeout = 300000ms (custom)
2024-01-14 16:58:57,196 [a2543f1a-c8af-46f0-9728-67cfa3d7b722-groupManagement] INFO  server.RaftServerConfigKeys (ConfUtils.java:logGet(46)) - raft.server.read.timeout = 10s (default)
2024-01-14 16:58:57,196 [a2543f1a-c8af-46f0-9728-67cfa3d7b722-groupManagement] INFO  server.RaftServerConfigKeys (ConfUtils.java:logGet(46)) - raft.server.retrycache.expirytime = 600000ms (custom)
2024-01-14 16:58:57,196 [a2543f1a-c8af-46f0-9728-67cfa3d7b722-groupManagement] INFO  server.RaftServerConfigKeys (ConfUtils.java:logGet(46)) - raft.server.retrycache.statistics.expirytime = 100ms (default)
2024-01-14 16:58:57,196 [a2543f1a-c8af-46f0-9728-67cfa3d7b722-groupManagement] INFO  server.RaftServerConfigKeys (ConfUtils.java:logGet(46)) - raft.server.read.option = DEFAULT (default)
2024-01-14 16:58:57,196 [a2543f1a-c8af-46f0-9728-67cfa3d7b722-groupManagement] INFO  server.RaftServerConfigKeys (ConfUtils.java:logGet(46)) - raft.server.read.read-after-write-consistent.write-index-cache.expiry-time = 60s (default)
2024-01-14 16:58:57,198 [a2543f1a-c8af-46f0-9728-67cfa3d7b722-groupManagement] INFO  server.RaftServerConfigKeys (ConfUtils.java:logGet(46)) - raft.server.rpc.request.timeout = 3000ms (default)
2024-01-14 16:58:57,198 [a2543f1a-c8af-46f0-9728-67cfa3d7b722-groupManagement] INFO  server.RaftServerConfigKeys (ConfUtils.java:logGet(46)) - raft.server.log.appender.install.snapshot.enabled = false (custom)
2024-01-14 16:58:57,198 [a2543f1a-c8af-46f0-9728-67cfa3d7b722-groupManagement] INFO  server.RaftServerConfigKeys (ConfUtils.java:logGet(46)) - raft.server.threadpool.server.cached = true (default)
2024-01-14 16:58:57,198 [a2543f1a-c8af-46f0-9728-67cfa3d7b722-groupManagement] INFO  server.RaftServerConfigKeys (ConfUtils.java:logGet(46)) - raft.server.threadpool.server.size = 0 (default)
2024-01-14 16:58:57,198 [a2543f1a-c8af-46f0-9728-67cfa3d7b722-groupManagement] INFO  server.RaftServerConfigKeys (ConfUtils.java:logGet(46)) - raft.server.threadpool.client.cached = true (default)
2024-01-14 16:58:57,198 [a2543f1a-c8af-46f0-9728-67cfa3d7b722-groupManagement] INFO  server.RaftServerConfigKeys (ConfUtils.java:logGet(46)) - raft.server.threadpool.client.size = 0 (default)
2024-01-14 16:58:57,198 [a2543f1a-c8af-46f0-9728-67cfa3d7b722-groupManagement] INFO  server.RaftServerConfigKeys (ConfUtils.java:logGet(46)) - raft.server.storage.free-space.min = 0MB (=0) (default)
2024-01-14 16:58:57,198 [a2543f1a-c8af-46f0-9728-67cfa3d7b722-groupManagement] INFO  server.RaftServerConfigKeys (ConfUtils.java:logGet(46)) - raft.server.log.corruption.policy = EXCEPTION (default)
2024-01-14 16:58:57,198 [a2543f1a-c8af-46f0-9728-67cfa3d7b722-groupManagement] INFO  server.RaftServerConfigKeys (ConfUtils.java:logGet(46)) - raft.server.storage.dir = [/home/runner/work/ozone/ozone/hadoop-ozone/integration-test/target/test-dir/MiniOzoneClusterImpl-073b5688-48cc-4907-9326-51c03fe36003/datanode-2/data/ratis] (custom)
2024-01-14 16:58:57,199 [a2543f1a-c8af-46f0-9728-67cfa3d7b722-groupManagement] INFO  storage.RaftStorageDirectory (RaftStorageDirectoryImpl.java:analyzeStorage(138)) - The storage directory /home/runner/work/ozone/ozone/hadoop-ozone/integration-test/target/test-dir/MiniOzoneClusterImpl-073b5688-48cc-4907-9326-51c03fe36003/datanode-2/data/ratis/5e56ecc0-a939-4827-942a-038420bb7178 does not exist. Creating ...
2024-01-14 16:58:57,199 [a2543f1a-c8af-46f0-9728-67cfa3d7b722-groupManagement] INFO  storage.RaftStorageDirectory (RaftStorageDirectoryImpl.java:tryLock(228)) - Lock on /home/runner/work/ozone/ozone/hadoop-ozone/integration-test/target/test-dir/MiniOzoneClusterImpl-073b5688-48cc-4907-9326-51c03fe36003/datanode-2/data/ratis/5e56ecc0-a939-4827-942a-038420bb7178/in_use.lock acquired by nodename 93954@fv-az1248-16
2024-01-14 16:58:57,200 [a2543f1a-c8af-46f0-9728-67cfa3d7b722-groupManagement] INFO  storage.RaftStorage (RaftStorageImpl.java:format(99)) - Storage directory /home/runner/work/ozone/ozone/hadoop-ozone/integration-test/target/test-dir/MiniOzoneClusterImpl-073b5688-48cc-4907-9326-51c03fe36003/datanode-2/data/ratis/5e56ecc0-a939-4827-942a-038420bb7178 has been successfully formatted.
2024-01-14 16:58:57,200 [a2543f1a-c8af-46f0-9728-67cfa3d7b722-groupManagement] WARN  util.FileUtils (LogUtils.java:supplyAndLog(63)) - Failed to Files.newInputStream /home/runner/work/ozone/ozone/hadoop-ozone/integration-test/target/test-dir/MiniOzoneClusterImpl-073b5688-48cc-4907-9326-51c03fe36003/datanode-2/data/ratis/5e56ecc0-a939-4827-942a-038420bb7178/current/raft-meta.conf with options []: java.nio.file.NoSuchFileException: /home/runner/work/ozone/ozone/hadoop-ozone/integration-test/target/test-dir/MiniOzoneClusterImpl-073b5688-48cc-4907-9326-51c03fe36003/datanode-2/data/ratis/5e56ecc0-a939-4827-942a-038420bb7178/current/raft-meta.conf
2024-01-14 16:58:57,200 [a2543f1a-c8af-46f0-9728-67cfa3d7b722-groupManagement] INFO  ratis.ContainerStateMachine (ContainerStateMachine.java:loadSnapshot(287)) - group-038420BB7178: The snapshot info is null. Setting the last applied index to:(t:0, i:~)
2024-01-14 16:58:57,201 [a2543f1a-c8af-46f0-9728-67cfa3d7b722-groupManagement] INFO  server.RaftServerConfigKeys (ConfUtils.java:logGet(46)) - raft.server.log.use.memory = false (default)
2024-01-14 16:58:57,201 [a2543f1a-c8af-46f0-9728-67cfa3d7b722-groupManagement] INFO  server.RaftServerConfigKeys (ConfUtils.java:logGet(46)) - raft.server.log.purge.gap = 1000000 (custom)
2024-01-14 16:58:57,201 [a2543f1a-c8af-46f0-9728-67cfa3d7b722-groupManagement] INFO  server.RaftServerConfigKeys (ConfUtils.java:logGet(46)) - raft.server.log.appender.buffer.byte-limit = 8388608 (custom)
2024-01-14 16:58:57,201 [a2543f1a-c8af-46f0-9728-67cfa3d7b722-groupManagement] INFO  server.RaftServerConfigKeys (ConfUtils.java:logGet(46)) - raft.server.log.statemachine.data.read.timeout = 1000ms (default)
2024-01-14 16:58:57,201 [a2543f1a-c8af-46f0-9728-67cfa3d7b722-groupManagement] INFO  server.RaftServerConfigKeys (ConfUtils.java:logGet(46)) - raft.server.log.purge.preservation.log.num = 0 (default)
2024-01-14 16:58:57,202 [a2543f1a-c8af-46f0-9728-67cfa3d7b722-groupManagement] INFO  server.RaftServerConfigKeys (ConfUtils.java:logGet(46)) - raft.server.log.segment.size.max = 67108864 (custom)
2024-01-14 16:58:57,202 [a2543f1a-c8af-46f0-9728-67cfa3d7b722-groupManagement] INFO  server.RaftServerConfigKeys (ConfUtils.java:logGet(46)) - raft.server.log.segment.cache.num.max = 2 (custom)
2024-01-14 16:58:57,202 [a2543f1a-c8af-46f0-9728-67cfa3d7b722-groupManagement] INFO  server.RaftServerConfigKeys (ConfUtils.java:logGet(46)) - raft.server.log.segment.cache.size.max = 200MB (=209715200) (default)
2024-01-14 16:58:57,202 [a2543f1a-c8af-46f0-9728-67cfa3d7b722-groupManagement] INFO  server.RaftServerConfigKeys (ConfUtils.java:logGet(46)) - raft.server.log.appender.buffer.byte-limit = 8388608 (custom)
2024-01-14 16:58:57,202 [a2543f1a-c8af-46f0-9728-67cfa3d7b722-groupManagement] INFO  util.AwaitToRun (AwaitToRun.java:start(81)) - Thread[a2543f1a-c8af-46f0-9728-67cfa3d7b722@group-038420BB7178-cacheEviction-AwaitToRun,5,main] started
2024-01-14 16:58:57,203 [a2543f1a-c8af-46f0-9728-67cfa3d7b722-groupManagement] INFO  segmented.SegmentedRaftLogWorker (SegmentedRaftLogWorker.java:<init>(182)) - new a2543f1a-c8af-46f0-9728-67cfa3d7b722@group-038420BB7178-SegmentedRaftLogWorker for RaftStorageImpl:Storage Directory /home/runner/work/ozone/ozone/hadoop-ozone/integration-test/target/test-dir/MiniOzoneClusterImpl-073b5688-48cc-4907-9326-51c03fe36003/datanode-2/data/ratis/5e56ecc0-a939-4827-942a-038420bb7178
2024-01-14 16:58:57,203 [a2543f1a-c8af-46f0-9728-67cfa3d7b722-groupManagement] INFO  server.RaftServerConfigKeys (ConfUtils.java:logGet(46)) - raft.server.log.queue.byte-limit = 4294967296 (custom)
2024-01-14 16:58:57,203 [a2543f1a-c8af-46f0-9728-67cfa3d7b722-groupManagement] INFO  server.RaftServerConfigKeys (ConfUtils.java:logGet(46)) - raft.server.log.queue.element-limit = 1024 (custom)
2024-01-14 16:58:57,203 [a2543f1a-c8af-46f0-9728-67cfa3d7b722-groupManagement] INFO  server.RaftServerConfigKeys (ConfUtils.java:logGet(46)) - raft.server.log.segment.size.max = 67108864 (custom)
2024-01-14 16:58:57,203 [a2543f1a-c8af-46f0-9728-67cfa3d7b722-groupManagement] INFO  server.RaftServerConfigKeys (ConfUtils.java:logGet(46)) - raft.server.log.preallocated.size = 4194304 (custom)
2024-01-14 16:58:57,203 [a2543f1a-c8af-46f0-9728-67cfa3d7b722-groupManagement] INFO  server.RaftServerConfigKeys (ConfUtils.java:logGet(46)) - raft.server.log.force.sync.num = 128 (default)
2024-01-14 16:58:57,203 [a2543f1a-c8af-46f0-9728-67cfa3d7b722-groupManagement] INFO  server.RaftServerConfigKeys (ConfUtils.java:logGet(46)) - raft.server.log.statemachine.data.sync = true (default)
2024-01-14 16:58:57,203 [a2543f1a-c8af-46f0-9728-67cfa3d7b722-groupManagement] INFO  server.RaftServerConfigKeys (ConfUtils.java:logGet(46)) - raft.server.log.statemachine.data.sync.timeout = 10s (default)
2024-01-14 16:58:57,203 [EventQueue-PipelineReportForPipelineReportHandler] INFO  pipeline.PipelineReportHandler (PipelineReportHandler.java:processPipelineReport(136)) - Opened pipeline PipelineID=5e56ecc0-a939-4827-942a-038420bb7178
2024-01-14 16:58:57,203 [EventQueue-OpenPipelineForHealthyPipelineSafeModeRule] INFO  safemode.SCMSafeModeManager (HealthyPipelineSafeModeRule.java:process(140)) - SCM in safe mode. Healthy pipelines reported count is 0, required healthy pipeline reported count is 1
2024-01-14 16:58:57,203 [a2543f1a-c8af-46f0-9728-67cfa3d7b722-groupManagement] INFO  server.RaftServerConfigKeys (ConfUtils.java:logGet(46)) - raft.server.log.statemachine.data.sync.timeout.retry = 0 (custom)
2024-01-14 16:58:57,203 [a2543f1a-c8af-46f0-9728-67cfa3d7b722-groupManagement] INFO  server.RaftServerConfigKeys (ConfUtils.java:logGet(46)) - raft.server.log.write.buffer.size = 8388616 (custom)
2024-01-14 16:58:57,205 [a2543f1a-c8af-46f0-9728-67cfa3d7b722-groupManagement] INFO  server.RaftServerConfigKeys (ConfUtils.java:logGet(46)) - raft.server.log.appender.buffer.byte-limit = 8388608 (custom)
2024-01-14 16:58:57,205 [a2543f1a-c8af-46f0-9728-67cfa3d7b722-groupManagement] INFO  server.RaftServerConfigKeys (ConfUtils.java:logGet(46)) - raft.server.log.unsafe-flush.enabled = false (default)
2024-01-14 16:58:57,205 [a2543f1a-c8af-46f0-9728-67cfa3d7b722-groupManagement] INFO  server.RaftServerConfigKeys (ConfUtils.java:logGet(46)) - raft.server.log.async-flush.enabled = false (default)
2024-01-14 16:58:57,205 [a2543f1a-c8af-46f0-9728-67cfa3d7b722-groupManagement] INFO  server.RaftServerConfigKeys (ConfUtils.java:logGet(46)) - raft.server.log.statemachine.data.caching.enabled = true (custom)
2024-01-14 16:58:57,205 [a2543f1a-c8af-46f0-9728-67cfa3d7b722-groupManagement] INFO  segmented.SegmentedRaftLogWorker (SegmentedRaftLogWorker.java:lambda$new$0(134)) - a2543f1a-c8af-46f0-9728-67cfa3d7b722@group-038420BB7178-SegmentedRaftLogWorker: flushIndex: setUnconditionally 0 -> -1
2024-01-14 16:58:57,205 [a2543f1a-c8af-46f0-9728-67cfa3d7b722-groupManagement] INFO  segmented.SegmentedRaftLogWorker (SegmentedRaftLogWorker.java:lambda$new$0(134)) - a2543f1a-c8af-46f0-9728-67cfa3d7b722@group-038420BB7178-SegmentedRaftLogWorker: safeCacheEvictIndex: setUnconditionally 0 -> -1
2024-01-14 16:58:57,206 [a2543f1a-c8af-46f0-9728-67cfa3d7b722-groupManagement] INFO  server.RaftServer$Division (RaftServerImpl.java:start(396)) - a2543f1a-c8af-46f0-9728-67cfa3d7b722@group-038420BB7178: start as a follower, conf=-1: peers:[a2543f1a-c8af-46f0-9728-67cfa3d7b722|10.1.0.34:15121]|listeners:[], old=null
2024-01-14 16:58:57,206 [a2543f1a-c8af-46f0-9728-67cfa3d7b722-groupManagement] INFO  server.RaftServer$Division (RaftServerImpl.java:setRole(383)) - a2543f1a-c8af-46f0-9728-67cfa3d7b722@group-038420BB7178: changes role from      null to FOLLOWER at term 0 for startAsFollower
2024-01-14 16:58:57,206 [a2543f1a-c8af-46f0-9728-67cfa3d7b722-groupManagement] INFO  impl.RoleInfo (RoleInfo.java:updateAndGet(139)) - a2543f1a-c8af-46f0-9728-67cfa3d7b722: start a2543f1a-c8af-46f0-9728-67cfa3d7b722@group-038420BB7178-FollowerState
2024-01-14 16:58:57,206 [a2543f1a-c8af-46f0-9728-67cfa3d7b722@group-038420BB7178-FollowerState] INFO  server.RaftServerConfigKeys (ConfUtils.java:logFallback(53)) - raft.server.rpc.first-election.timeout.min = 5s (fallback to raft.server.rpc.timeout.min)
2024-01-14 16:58:57,206 [a2543f1a-c8af-46f0-9728-67cfa3d7b722@group-038420BB7178-FollowerState] INFO  server.RaftServerConfigKeys (ConfUtils.java:logFallback(53)) - raft.server.rpc.first-election.timeout.max = 5200ms (fallback to raft.server.rpc.timeout.max)
2024-01-14 16:58:57,206 [a2543f1a-c8af-46f0-9728-67cfa3d7b722-groupManagement] INFO  util.JmxRegister (JmxRegister.java:tryRegister(44)) - Successfully registered JMX Bean with object name Ratis:service=RaftServer,group=group-038420BB7178,id=a2543f1a-c8af-46f0-9728-67cfa3d7b722
2024-01-14 16:58:57,206 [a2543f1a-c8af-46f0-9728-67cfa3d7b722-groupManagement] INFO  server.RaftServerConfigKeys (ConfUtils.java:logGet(46)) - raft.server.snapshot.trigger-when-stop.enabled = true (default)
2024-01-14 16:58:57,206 [a2543f1a-c8af-46f0-9728-67cfa3d7b722-groupManagement] INFO  server.RaftServerConfigKeys (ConfUtils.java:logGet(46)) - raft.server.snapshot.auto.trigger.enabled = true (custom)
2024-01-14 16:58:57,206 [a2543f1a-c8af-46f0-9728-67cfa3d7b722-groupManagement] INFO  server.RaftServerConfigKeys (ConfUtils.java:logGet(46)) - raft.server.snapshot.auto.trigger.threshold = 10000 (custom)
2024-01-14 16:58:57,207 [a2543f1a-c8af-46f0-9728-67cfa3d7b722-groupManagement] INFO  server.RaftServerConfigKeys (ConfUtils.java:logGet(46)) - raft.server.snapshot.retention.file.num = 5 (custom)
2024-01-14 16:58:57,207 [a2543f1a-c8af-46f0-9728-67cfa3d7b722-groupManagement] INFO  server.RaftServerConfigKeys (ConfUtils.java:logGet(46)) - raft.server.log.purge.upto.snapshot.index = false (default)
2024-01-14 16:58:57,207 [a2543f1a-c8af-46f0-9728-67cfa3d7b722-PipelineCommandHandlerThread-0] INFO  ratis.XceiverServerRatis (XceiverServerRatis.java:addGroup(842)) - Created group PipelineID=5e56ecc0-a939-4827-942a-038420bb7178
2024-01-14 16:58:57,207 [a2543f1a-c8af-46f0-9728-67cfa3d7b722-PipelineCommandHandlerThread-0] INFO  commandhandler.CreatePipelineCommandHandler (CreatePipelineCommandHandler.java:lambda$handle$2(124)) - Created Pipeline RATIS ONE PipelineID=5e56ecc0-a939-4827-942a-038420bb7178.
2024-01-14 16:58:57,300 [08a076d1-72dd-4720-8252-a175f3c6a2d5-PipelineCommandHandlerThread-0] INFO  server.RaftServer (RaftServerProxy.java:addNew(100)) - 08a076d1-72dd-4720-8252-a175f3c6a2d5: addNew group-EADE2434D615:[08a076d1-72dd-4720-8252-a175f3c6a2d5|10.1.0.34:15130] returns group-EADE2434D615:java.util.concurrent.CompletableFuture@43be61ed[Not completed]
2024-01-14 16:58:57,301 [08a076d1-72dd-4720-8252-a175f3c6a2d5-groupManagement] INFO  server.RaftServer$Division (RaftServerImpl.java:<init>(256)) - 08a076d1-72dd-4720-8252-a175f3c6a2d5: new RaftServerImpl for group-EADE2434D615:[08a076d1-72dd-4720-8252-a175f3c6a2d5|10.1.0.34:15130] with ContainerStateMachine:uninitialized
2024-01-14 16:58:57,301 [08a076d1-72dd-4720-8252-a175f3c6a2d5-groupManagement] INFO  server.RaftServerConfigKeys (ConfUtils.java:logGet(46)) - raft.server.rpc.timeout.min = 5s (custom)
2024-01-14 16:58:57,301 [08a076d1-72dd-4720-8252-a175f3c6a2d5-groupManagement] INFO  server.RaftServerConfigKeys (ConfUtils.java:logGet(46)) - raft.server.rpc.timeout.max = 5200ms (custom)
2024-01-14 16:58:57,301 [08a076d1-72dd-4720-8252-a175f3c6a2d5-groupManagement] INFO  server.RaftServerConfigKeys (ConfUtils.java:logGet(46)) - raft.server.rpc.sleep.time = 25ms (default)
2024-01-14 16:58:57,301 [08a076d1-72dd-4720-8252-a175f3c6a2d5-groupManagement] INFO  server.RaftServerConfigKeys (ConfUtils.java:logGet(46)) - raft.server.rpc.slowness.timeout = 300000ms (custom)
2024-01-14 16:58:57,301 [08a076d1-72dd-4720-8252-a175f3c6a2d5-groupManagement] INFO  server.RaftServerConfigKeys (ConfUtils.java:logGet(46)) - raft.server.leaderelection.leader.step-down.wait-time = 10s (default)
2024-01-14 16:58:57,301 [08a076d1-72dd-4720-8252-a175f3c6a2d5-groupManagement] INFO  server.RaftServerConfigKeys (ConfUtils.java:logGet(46)) - raft.server.leaderelection.member.majority-add = false (default)
2024-01-14 16:58:57,301 [08a076d1-72dd-4720-8252-a175f3c6a2d5-groupManagement] INFO  server.RaftServerConfigKeys (ConfUtils.java:logGet(46)) - raft.server.sleep.deviation.threshold = 300ms (default)
2024-01-14 16:58:57,302 [08a076d1-72dd-4720-8252-a175f3c6a2d5-groupManagement] INFO  server.RaftServer$Division (ServerState.java:<init>(113)) - 08a076d1-72dd-4720-8252-a175f3c6a2d5@group-EADE2434D615: ConfigurationManager, init=-1: peers:[08a076d1-72dd-4720-8252-a175f3c6a2d5|10.1.0.34:15130]|listeners:[], old=null, confs=<EMPTY_MAP>
2024-01-14 16:58:57,302 [08a076d1-72dd-4720-8252-a175f3c6a2d5-groupManagement] INFO  server.RaftServerConfigKeys (ConfUtils.java:logGet(46)) - raft.server.notification.no-leader.timeout = 300000ms (custom)
2024-01-14 16:58:57,302 [08a076d1-72dd-4720-8252-a175f3c6a2d5-groupManagement] INFO  server.RaftServerConfigKeys (ConfUtils.java:logGet(46)) - raft.server.read.timeout = 10s (default)
2024-01-14 16:58:57,302 [08a076d1-72dd-4720-8252-a175f3c6a2d5-groupManagement] INFO  server.RaftServerConfigKeys (ConfUtils.java:logGet(46)) - raft.server.retrycache.expirytime = 600000ms (custom)
2024-01-14 16:58:57,302 [08a076d1-72dd-4720-8252-a175f3c6a2d5-groupManagement] INFO  server.RaftServerConfigKeys (ConfUtils.java:logGet(46)) - raft.server.retrycache.statistics.expirytime = 100ms (default)
2024-01-14 16:58:57,302 [08a076d1-72dd-4720-8252-a175f3c6a2d5-groupManagement] INFO  server.RaftServerConfigKeys (ConfUtils.java:logGet(46)) - raft.server.read.option = DEFAULT (default)
2024-01-14 16:58:57,302 [08a076d1-72dd-4720-8252-a175f3c6a2d5-groupManagement] INFO  server.RaftServerConfigKeys (ConfUtils.java:logGet(46)) - raft.server.read.read-after-write-consistent.write-index-cache.expiry-time = 60s (default)
2024-01-14 16:58:57,305 [08a076d1-72dd-4720-8252-a175f3c6a2d5-groupManagement] INFO  server.RaftServerConfigKeys (ConfUtils.java:logGet(46)) - raft.server.rpc.request.timeout = 3000ms (default)
2024-01-14 16:58:57,305 [08a076d1-72dd-4720-8252-a175f3c6a2d5-groupManagement] INFO  server.RaftServerConfigKeys (ConfUtils.java:logGet(46)) - raft.server.log.appender.install.snapshot.enabled = false (custom)
2024-01-14 16:58:57,305 [08a076d1-72dd-4720-8252-a175f3c6a2d5-groupManagement] INFO  server.RaftServerConfigKeys (ConfUtils.java:logGet(46)) - raft.server.threadpool.server.cached = true (default)
2024-01-14 16:58:57,305 [08a076d1-72dd-4720-8252-a175f3c6a2d5-groupManagement] INFO  server.RaftServerConfigKeys (ConfUtils.java:logGet(46)) - raft.server.threadpool.server.size = 0 (default)
2024-01-14 16:58:57,305 [08a076d1-72dd-4720-8252-a175f3c6a2d5-groupManagement] INFO  server.RaftServerConfigKeys (ConfUtils.java:logGet(46)) - raft.server.threadpool.client.cached = true (default)
2024-01-14 16:58:57,305 [08a076d1-72dd-4720-8252-a175f3c6a2d5-groupManagement] INFO  server.RaftServerConfigKeys (ConfUtils.java:logGet(46)) - raft.server.threadpool.client.size = 0 (default)
2024-01-14 16:58:57,305 [08a076d1-72dd-4720-8252-a175f3c6a2d5-groupManagement] INFO  server.RaftServerConfigKeys (ConfUtils.java:logGet(46)) - raft.server.storage.free-space.min = 0MB (=0) (default)
2024-01-14 16:58:57,305 [08a076d1-72dd-4720-8252-a175f3c6a2d5-groupManagement] INFO  server.RaftServerConfigKeys (ConfUtils.java:logGet(46)) - raft.server.log.corruption.policy = EXCEPTION (default)
2024-01-14 16:58:57,305 [08a076d1-72dd-4720-8252-a175f3c6a2d5-groupManagement] INFO  server.RaftServerConfigKeys (ConfUtils.java:logGet(46)) - raft.server.storage.dir = [/home/runner/work/ozone/ozone/hadoop-ozone/integration-test/target/test-dir/MiniOzoneClusterImpl-073b5688-48cc-4907-9326-51c03fe36003/datanode-3/data/ratis] (custom)
2024-01-14 16:58:57,306 [08a076d1-72dd-4720-8252-a175f3c6a2d5-groupManagement] INFO  storage.RaftStorageDirectory (RaftStorageDirectoryImpl.java:analyzeStorage(138)) - The storage directory /home/runner/work/ozone/ozone/hadoop-ozone/integration-test/target/test-dir/MiniOzoneClusterImpl-073b5688-48cc-4907-9326-51c03fe36003/datanode-3/data/ratis/40ee12dd-8566-4899-83d2-eade2434d615 does not exist. Creating ...
2024-01-14 16:58:57,307 [08a076d1-72dd-4720-8252-a175f3c6a2d5-groupManagement] INFO  storage.RaftStorageDirectory (RaftStorageDirectoryImpl.java:tryLock(228)) - Lock on /home/runner/work/ozone/ozone/hadoop-ozone/integration-test/target/test-dir/MiniOzoneClusterImpl-073b5688-48cc-4907-9326-51c03fe36003/datanode-3/data/ratis/40ee12dd-8566-4899-83d2-eade2434d615/in_use.lock acquired by nodename 93954@fv-az1248-16
2024-01-14 16:58:57,308 [08a076d1-72dd-4720-8252-a175f3c6a2d5-groupManagement] INFO  storage.RaftStorage (RaftStorageImpl.java:format(99)) - Storage directory /home/runner/work/ozone/ozone/hadoop-ozone/integration-test/target/test-dir/MiniOzoneClusterImpl-073b5688-48cc-4907-9326-51c03fe36003/datanode-3/data/ratis/40ee12dd-8566-4899-83d2-eade2434d615 has been successfully formatted.
2024-01-14 16:58:57,308 [08a076d1-72dd-4720-8252-a175f3c6a2d5-groupManagement] WARN  util.FileUtils (LogUtils.java:supplyAndLog(63)) - Failed to Files.newInputStream /home/runner/work/ozone/ozone/hadoop-ozone/integration-test/target/test-dir/MiniOzoneClusterImpl-073b5688-48cc-4907-9326-51c03fe36003/datanode-3/data/ratis/40ee12dd-8566-4899-83d2-eade2434d615/current/raft-meta.conf with options []: java.nio.file.NoSuchFileException: /home/runner/work/ozone/ozone/hadoop-ozone/integration-test/target/test-dir/MiniOzoneClusterImpl-073b5688-48cc-4907-9326-51c03fe36003/datanode-3/data/ratis/40ee12dd-8566-4899-83d2-eade2434d615/current/raft-meta.conf
2024-01-14 16:58:57,309 [08a076d1-72dd-4720-8252-a175f3c6a2d5-groupManagement] INFO  ratis.ContainerStateMachine (ContainerStateMachine.java:loadSnapshot(287)) - group-EADE2434D615: The snapshot info is null. Setting the last applied index to:(t:0, i:~)
2024-01-14 16:58:57,309 [08a076d1-72dd-4720-8252-a175f3c6a2d5-groupManagement] INFO  server.RaftServerConfigKeys (ConfUtils.java:logGet(46)) - raft.server.log.use.memory = false (default)
2024-01-14 16:58:57,309 [08a076d1-72dd-4720-8252-a175f3c6a2d5-groupManagement] INFO  server.RaftServerConfigKeys (ConfUtils.java:logGet(46)) - raft.server.log.purge.gap = 1000000 (custom)
2024-01-14 16:58:57,309 [08a076d1-72dd-4720-8252-a175f3c6a2d5-groupManagement] INFO  server.RaftServerConfigKeys (ConfUtils.java:logGet(46)) - raft.server.log.appender.buffer.byte-limit = 8388608 (custom)
2024-01-14 16:58:57,309 [08a076d1-72dd-4720-8252-a175f3c6a2d5-groupManagement] INFO  server.RaftServerConfigKeys (ConfUtils.java:logGet(46)) - raft.server.log.statemachine.data.read.timeout = 1000ms (default)
2024-01-14 16:58:57,309 [08a076d1-72dd-4720-8252-a175f3c6a2d5-groupManagement] INFO  server.RaftServerConfigKeys (ConfUtils.java:logGet(46)) - raft.server.log.purge.preservation.log.num = 0 (default)
2024-01-14 16:58:57,311 [EventQueue-PipelineReportForPipelineReportHandler] INFO  pipeline.PipelineReportHandler (PipelineReportHandler.java:processPipelineReport(136)) - Opened pipeline PipelineID=40ee12dd-8566-4899-83d2-eade2434d615
2024-01-14 16:58:57,311 [EventQueue-OpenPipelineForHealthyPipelineSafeModeRule] INFO  safemode.SCMSafeModeManager (HealthyPipelineSafeModeRule.java:process(140)) - SCM in safe mode. Healthy pipelines reported count is 0, required healthy pipeline reported count is 1
2024-01-14 16:58:57,311 [08a076d1-72dd-4720-8252-a175f3c6a2d5-groupManagement] INFO  server.RaftServerConfigKeys (ConfUtils.java:logGet(46)) - raft.server.log.segment.size.max = 67108864 (custom)
2024-01-14 16:58:57,311 [08a076d1-72dd-4720-8252-a175f3c6a2d5-groupManagement] INFO  server.RaftServerConfigKeys (ConfUtils.java:logGet(46)) - raft.server.log.segment.cache.num.max = 2 (custom)
2024-01-14 16:58:57,311 [08a076d1-72dd-4720-8252-a175f3c6a2d5-groupManagement] INFO  server.RaftServerConfigKeys (ConfUtils.java:logGet(46)) - raft.server.log.segment.cache.size.max = 200MB (=209715200) (default)
2024-01-14 16:58:57,311 [08a076d1-72dd-4720-8252-a175f3c6a2d5-groupManagement] INFO  server.RaftServerConfigKeys (ConfUtils.java:logGet(46)) - raft.server.log.appender.buffer.byte-limit = 8388608 (custom)
2024-01-14 16:58:57,312 [08a076d1-72dd-4720-8252-a175f3c6a2d5-groupManagement] INFO  util.AwaitToRun (AwaitToRun.java:start(81)) - Thread[08a076d1-72dd-4720-8252-a175f3c6a2d5@group-EADE2434D615-cacheEviction-AwaitToRun,5,main] started
2024-01-14 16:58:57,312 [08a076d1-72dd-4720-8252-a175f3c6a2d5-groupManagement] INFO  segmented.SegmentedRaftLogWorker (SegmentedRaftLogWorker.java:<init>(182)) - new 08a076d1-72dd-4720-8252-a175f3c6a2d5@group-EADE2434D615-SegmentedRaftLogWorker for RaftStorageImpl:Storage Directory /home/runner/work/ozone/ozone/hadoop-ozone/integration-test/target/test-dir/MiniOzoneClusterImpl-073b5688-48cc-4907-9326-51c03fe36003/datanode-3/data/ratis/40ee12dd-8566-4899-83d2-eade2434d615
2024-01-14 16:58:57,312 [08a076d1-72dd-4720-8252-a175f3c6a2d5-groupManagement] INFO  server.RaftServerConfigKeys (ConfUtils.java:logGet(46)) - raft.server.log.queue.byte-limit = 4294967296 (custom)
2024-01-14 16:58:57,312 [08a076d1-72dd-4720-8252-a175f3c6a2d5-groupManagement] INFO  server.RaftServerConfigKeys (ConfUtils.java:logGet(46)) - raft.server.log.queue.element-limit = 1024 (custom)
2024-01-14 16:58:57,312 [08a076d1-72dd-4720-8252-a175f3c6a2d5-groupManagement] INFO  server.RaftServerConfigKeys (ConfUtils.java:logGet(46)) - raft.server.log.segment.size.max = 67108864 (custom)
2024-01-14 16:58:57,312 [08a076d1-72dd-4720-8252-a175f3c6a2d5-groupManagement] INFO  server.RaftServerConfigKeys (ConfUtils.java:logGet(46)) - raft.server.log.preallocated.size = 4194304 (custom)
2024-01-14 16:58:57,312 [08a076d1-72dd-4720-8252-a175f3c6a2d5-groupManagement] INFO  server.RaftServerConfigKeys (ConfUtils.java:logGet(46)) - raft.server.log.force.sync.num = 128 (default)
2024-01-14 16:58:57,312 [08a076d1-72dd-4720-8252-a175f3c6a2d5-groupManagement] INFO  server.RaftServerConfigKeys (ConfUtils.java:logGet(46)) - raft.server.log.statemachine.data.sync = true (default)
2024-01-14 16:58:57,312 [08a076d1-72dd-4720-8252-a175f3c6a2d5-groupManagement] INFO  server.RaftServerConfigKeys (ConfUtils.java:logGet(46)) - raft.server.log.statemachine.data.sync.timeout = 10s (default)
2024-01-14 16:58:57,312 [08a076d1-72dd-4720-8252-a175f3c6a2d5-groupManagement] INFO  server.RaftServerConfigKeys (ConfUtils.java:logGet(46)) - raft.server.log.statemachine.data.sync.timeout.retry = 0 (custom)
2024-01-14 16:58:57,313 [08a076d1-72dd-4720-8252-a175f3c6a2d5-groupManagement] INFO  server.RaftServerConfigKeys (ConfUtils.java:logGet(46)) - raft.server.log.write.buffer.size = 8388616 (custom)
2024-01-14 16:58:57,314 [08a076d1-72dd-4720-8252-a175f3c6a2d5-groupManagement] INFO  server.RaftServerConfigKeys (ConfUtils.java:logGet(46)) - raft.server.log.appender.buffer.byte-limit = 8388608 (custom)
2024-01-14 16:58:57,314 [08a076d1-72dd-4720-8252-a175f3c6a2d5-groupManagement] INFO  server.RaftServerConfigKeys (ConfUtils.java:logGet(46)) - raft.server.log.unsafe-flush.enabled = false (default)
2024-01-14 16:58:57,314 [08a076d1-72dd-4720-8252-a175f3c6a2d5-groupManagement] INFO  server.RaftServerConfigKeys (ConfUtils.java:logGet(46)) - raft.server.log.async-flush.enabled = false (default)
2024-01-14 16:58:57,314 [08a076d1-72dd-4720-8252-a175f3c6a2d5-groupManagement] INFO  server.RaftServerConfigKeys (ConfUtils.java:logGet(46)) - raft.server.log.statemachine.data.caching.enabled = true (custom)
2024-01-14 16:58:57,314 [08a076d1-72dd-4720-8252-a175f3c6a2d5-groupManagement] INFO  segmented.SegmentedRaftLogWorker (SegmentedRaftLogWorker.java:lambda$new$0(134)) - 08a076d1-72dd-4720-8252-a175f3c6a2d5@group-EADE2434D615-SegmentedRaftLogWorker: flushIndex: setUnconditionally 0 -> -1
2024-01-14 16:58:57,314 [08a076d1-72dd-4720-8252-a175f3c6a2d5-groupManagement] INFO  segmented.SegmentedRaftLogWorker (SegmentedRaftLogWorker.java:lambda$new$0(134)) - 08a076d1-72dd-4720-8252-a175f3c6a2d5@group-EADE2434D615-SegmentedRaftLogWorker: safeCacheEvictIndex: setUnconditionally 0 -> -1
2024-01-14 16:58:57,314 [08a076d1-72dd-4720-8252-a175f3c6a2d5-groupManagement] INFO  server.RaftServer$Division (RaftServerImpl.java:start(396)) - 08a076d1-72dd-4720-8252-a175f3c6a2d5@group-EADE2434D615: start as a follower, conf=-1: peers:[08a076d1-72dd-4720-8252-a175f3c6a2d5|10.1.0.34:15130]|listeners:[], old=null
2024-01-14 16:58:57,314 [08a076d1-72dd-4720-8252-a175f3c6a2d5-groupManagement] INFO  server.RaftServer$Division (RaftServerImpl.java:setRole(383)) - 08a076d1-72dd-4720-8252-a175f3c6a2d5@group-EADE2434D615: changes role from      null to FOLLOWER at term 0 for startAsFollower
2024-01-14 16:58:57,314 [08a076d1-72dd-4720-8252-a175f3c6a2d5-groupManagement] INFO  impl.RoleInfo (RoleInfo.java:updateAndGet(139)) - 08a076d1-72dd-4720-8252-a175f3c6a2d5: start 08a076d1-72dd-4720-8252-a175f3c6a2d5@group-EADE2434D615-FollowerState
2024-01-14 16:58:57,316 [08a076d1-72dd-4720-8252-a175f3c6a2d5-groupManagement] INFO  util.JmxRegister (JmxRegister.java:tryRegister(44)) - Successfully registered JMX Bean with object name Ratis:service=RaftServer,group=group-EADE2434D615,id=08a076d1-72dd-4720-8252-a175f3c6a2d5
2024-01-14 16:58:57,316 [08a076d1-72dd-4720-8252-a175f3c6a2d5-groupManagement] INFO  server.RaftServerConfigKeys (ConfUtils.java:logGet(46)) - raft.server.snapshot.trigger-when-stop.enabled = true (default)
2024-01-14 16:58:57,316 [08a076d1-72dd-4720-8252-a175f3c6a2d5-groupManagement] INFO  server.RaftServerConfigKeys (ConfUtils.java:logGet(46)) - raft.server.snapshot.auto.trigger.enabled = true (custom)
2024-01-14 16:58:57,316 [08a076d1-72dd-4720-8252-a175f3c6a2d5-groupManagement] INFO  server.RaftServerConfigKeys (ConfUtils.java:logGet(46)) - raft.server.snapshot.auto.trigger.threshold = 10000 (custom)
2024-01-14 16:58:57,316 [08a076d1-72dd-4720-8252-a175f3c6a2d5-groupManagement] INFO  server.RaftServerConfigKeys (ConfUtils.java:logGet(46)) - raft.server.snapshot.retention.file.num = 5 (custom)
2024-01-14 16:58:57,316 [08a076d1-72dd-4720-8252-a175f3c6a2d5-groupManagement] INFO  server.RaftServerConfigKeys (ConfUtils.java:logGet(46)) - raft.server.log.purge.upto.snapshot.index = false (default)
2024-01-14 16:58:57,318 [08a076d1-72dd-4720-8252-a175f3c6a2d5@group-EADE2434D615-FollowerState] INFO  server.RaftServerConfigKeys (ConfUtils.java:logFallback(53)) - raft.server.rpc.first-election.timeout.min = 5s (fallback to raft.server.rpc.timeout.min)
2024-01-14 16:58:57,319 [08a076d1-72dd-4720-8252-a175f3c6a2d5@group-EADE2434D615-FollowerState] INFO  server.RaftServerConfigKeys (ConfUtils.java:logFallback(53)) - raft.server.rpc.first-election.timeout.max = 5200ms (fallback to raft.server.rpc.timeout.max)
2024-01-14 16:58:57,325 [08a076d1-72dd-4720-8252-a175f3c6a2d5-PipelineCommandHandlerThread-0] INFO  ratis.XceiverServerRatis (XceiverServerRatis.java:addGroup(842)) - Created group PipelineID=40ee12dd-8566-4899-83d2-eade2434d615
2024-01-14 16:58:57,325 [08a076d1-72dd-4720-8252-a175f3c6a2d5-PipelineCommandHandlerThread-0] INFO  commandhandler.CreatePipelineCommandHandler (CreatePipelineCommandHandler.java:lambda$handle$2(124)) - Created Pipeline RATIS ONE PipelineID=40ee12dd-8566-4899-83d2-eade2434d615.
2024-01-14 16:58:57,326 [08a076d1-72dd-4720-8252-a175f3c6a2d5-PipelineCommandHandlerThread-0] INFO  server.RaftServer (RaftServerProxy.java:addNew(100)) - 08a076d1-72dd-4720-8252-a175f3c6a2d5: addNew group-4B3347192B2F:[0ab92cad-ec19-4fa3-a733-30f9108b825a|10.1.0.34:15139, 21dc7e34-f667-47e1-88cd-5882a68f9cf5|10.1.0.34:15148, 08a076d1-72dd-4720-8252-a175f3c6a2d5|10.1.0.34:15130] returns group-4B3347192B2F:java.util.concurrent.CompletableFuture@4781ed42[Not completed]
2024-01-14 16:58:57,327 [08a076d1-72dd-4720-8252-a175f3c6a2d5-groupManagement] INFO  server.RaftServer$Division (RaftServerImpl.java:<init>(256)) - 08a076d1-72dd-4720-8252-a175f3c6a2d5: new RaftServerImpl for group-4B3347192B2F:[0ab92cad-ec19-4fa3-a733-30f9108b825a|10.1.0.34:15139, 21dc7e34-f667-47e1-88cd-5882a68f9cf5|10.1.0.34:15148, 08a076d1-72dd-4720-8252-a175f3c6a2d5|10.1.0.34:15130] with ContainerStateMachine:uninitialized
2024-01-14 16:58:57,327 [08a076d1-72dd-4720-8252-a175f3c6a2d5-groupManagement] INFO  server.RaftServerConfigKeys (ConfUtils.java:logGet(46)) - raft.server.rpc.timeout.min = 5s (custom)
2024-01-14 16:58:57,327 [08a076d1-72dd-4720-8252-a175f3c6a2d5-groupManagement] INFO  server.RaftServerConfigKeys (ConfUtils.java:logGet(46)) - raft.server.rpc.timeout.max = 5200ms (custom)
2024-01-14 16:58:57,327 [08a076d1-72dd-4720-8252-a175f3c6a2d5-groupManagement] INFO  server.RaftServerConfigKeys (ConfUtils.java:logGet(46)) - raft.server.rpc.sleep.time = 25ms (default)
2024-01-14 16:58:57,327 [08a076d1-72dd-4720-8252-a175f3c6a2d5-groupManagement] INFO  server.RaftServerConfigKeys (ConfUtils.java:logGet(46)) - raft.server.rpc.slowness.timeout = 300000ms (custom)
2024-01-14 16:58:57,327 [08a076d1-72dd-4720-8252-a175f3c6a2d5-groupManagement] INFO  server.RaftServerConfigKeys (ConfUtils.java:logGet(46)) - raft.server.leaderelection.leader.step-down.wait-time = 10s (default)
2024-01-14 16:58:57,327 [08a076d1-72dd-4720-8252-a175f3c6a2d5-groupManagement] INFO  server.RaftServerConfigKeys (ConfUtils.java:logGet(46)) - raft.server.leaderelection.member.majority-add = false (default)
2024-01-14 16:58:57,327 [08a076d1-72dd-4720-8252-a175f3c6a2d5-groupManagement] INFO  server.RaftServerConfigKeys (ConfUtils.java:logGet(46)) - raft.server.sleep.deviation.threshold = 300ms (default)
2024-01-14 16:58:57,327 [08a076d1-72dd-4720-8252-a175f3c6a2d5-groupManagement] INFO  server.RaftServer$Division (ServerState.java:<init>(113)) - 08a076d1-72dd-4720-8252-a175f3c6a2d5@group-4B3347192B2F: ConfigurationManager, init=-1: peers:[0ab92cad-ec19-4fa3-a733-30f9108b825a|10.1.0.34:15139, 21dc7e34-f667-47e1-88cd-5882a68f9cf5|10.1.0.34:15148, 08a076d1-72dd-4720-8252-a175f3c6a2d5|10.1.0.34:15130]|listeners:[], old=null, confs=<EMPTY_MAP>
2024-01-14 16:58:57,327 [08a076d1-72dd-4720-8252-a175f3c6a2d5-groupManagement] INFO  server.RaftServerConfigKeys (ConfUtils.java:logGet(46)) - raft.server.notification.no-leader.timeout = 300000ms (custom)
2024-01-14 16:58:57,327 [08a076d1-72dd-4720-8252-a175f3c6a2d5-groupManagement] INFO  server.RaftServerConfigKeys (ConfUtils.java:logGet(46)) - raft.server.read.timeout = 10s (default)
2024-01-14 16:58:57,327 [08a076d1-72dd-4720-8252-a175f3c6a2d5-groupManagement] INFO  server.RaftServerConfigKeys (ConfUtils.java:logGet(46)) - raft.server.retrycache.expirytime = 600000ms (custom)
2024-01-14 16:58:57,327 [08a076d1-72dd-4720-8252-a175f3c6a2d5-groupManagement] INFO  server.RaftServerConfigKeys (ConfUtils.java:logGet(46)) - raft.server.retrycache.statistics.expirytime = 100ms (default)
2024-01-14 16:58:57,327 [08a076d1-72dd-4720-8252-a175f3c6a2d5-groupManagement] INFO  server.RaftServerConfigKeys (ConfUtils.java:logGet(46)) - raft.server.read.option = DEFAULT (default)
2024-01-14 16:58:57,327 [08a076d1-72dd-4720-8252-a175f3c6a2d5-groupManagement] INFO  server.RaftServerConfigKeys (ConfUtils.java:logGet(46)) - raft.server.read.read-after-write-consistent.write-index-cache.expiry-time = 60s (default)
2024-01-14 16:58:57,329 [08a076d1-72dd-4720-8252-a175f3c6a2d5-groupManagement] INFO  server.RaftServerConfigKeys (ConfUtils.java:logGet(46)) - raft.server.rpc.request.timeout = 3000ms (default)
2024-01-14 16:58:57,329 [08a076d1-72dd-4720-8252-a175f3c6a2d5-groupManagement] INFO  server.RaftServerConfigKeys (ConfUtils.java:logGet(46)) - raft.server.log.appender.install.snapshot.enabled = false (custom)
2024-01-14 16:58:57,329 [08a076d1-72dd-4720-8252-a175f3c6a2d5-groupManagement] INFO  server.RaftServerConfigKeys (ConfUtils.java:logGet(46)) - raft.server.threadpool.server.cached = true (default)
2024-01-14 16:58:57,329 [08a076d1-72dd-4720-8252-a175f3c6a2d5-groupManagement] INFO  server.RaftServerConfigKeys (ConfUtils.java:logGet(46)) - raft.server.threadpool.server.size = 0 (default)
2024-01-14 16:58:57,329 [08a076d1-72dd-4720-8252-a175f3c6a2d5-groupManagement] INFO  server.RaftServerConfigKeys (ConfUtils.java:logGet(46)) - raft.server.threadpool.client.cached = true (default)
2024-01-14 16:58:57,329 [08a076d1-72dd-4720-8252-a175f3c6a2d5-groupManagement] INFO  server.RaftServerConfigKeys (ConfUtils.java:logGet(46)) - raft.server.threadpool.client.size = 0 (default)
2024-01-14 16:58:57,329 [08a076d1-72dd-4720-8252-a175f3c6a2d5-groupManagement] INFO  server.RaftServerConfigKeys (ConfUtils.java:logGet(46)) - raft.server.storage.free-space.min = 0MB (=0) (default)
2024-01-14 16:58:57,329 [08a076d1-72dd-4720-8252-a175f3c6a2d5-groupManagement] INFO  server.RaftServerConfigKeys (ConfUtils.java:logGet(46)) - raft.server.log.corruption.policy = EXCEPTION (default)
2024-01-14 16:58:57,330 [08a076d1-72dd-4720-8252-a175f3c6a2d5-groupManagement] INFO  server.RaftServerConfigKeys (ConfUtils.java:logGet(46)) - raft.server.storage.dir = [/home/runner/work/ozone/ozone/hadoop-ozone/integration-test/target/test-dir/MiniOzoneClusterImpl-073b5688-48cc-4907-9326-51c03fe36003/datanode-3/data/ratis] (custom)
2024-01-14 16:58:57,330 [08a076d1-72dd-4720-8252-a175f3c6a2d5-groupManagement] INFO  storage.RaftStorageDirectory (RaftStorageDirectoryImpl.java:analyzeStorage(138)) - The storage directory /home/runner/work/ozone/ozone/hadoop-ozone/integration-test/target/test-dir/MiniOzoneClusterImpl-073b5688-48cc-4907-9326-51c03fe36003/datanode-3/data/ratis/03eabdb3-c99d-40d8-9485-4b3347192b2f does not exist. Creating ...
2024-01-14 16:58:57,331 [08a076d1-72dd-4720-8252-a175f3c6a2d5-groupManagement] INFO  storage.RaftStorageDirectory (RaftStorageDirectoryImpl.java:tryLock(228)) - Lock on /home/runner/work/ozone/ozone/hadoop-ozone/integration-test/target/test-dir/MiniOzoneClusterImpl-073b5688-48cc-4907-9326-51c03fe36003/datanode-3/data/ratis/03eabdb3-c99d-40d8-9485-4b3347192b2f/in_use.lock acquired by nodename 93954@fv-az1248-16
2024-01-14 16:58:57,332 [08a076d1-72dd-4720-8252-a175f3c6a2d5-groupManagement] INFO  storage.RaftStorage (RaftStorageImpl.java:format(99)) - Storage directory /home/runner/work/ozone/ozone/hadoop-ozone/integration-test/target/test-dir/MiniOzoneClusterImpl-073b5688-48cc-4907-9326-51c03fe36003/datanode-3/data/ratis/03eabdb3-c99d-40d8-9485-4b3347192b2f has been successfully formatted.
2024-01-14 16:58:57,332 [08a076d1-72dd-4720-8252-a175f3c6a2d5-groupManagement] WARN  util.FileUtils (LogUtils.java:supplyAndLog(63)) - Failed to Files.newInputStream /home/runner/work/ozone/ozone/hadoop-ozone/integration-test/target/test-dir/MiniOzoneClusterImpl-073b5688-48cc-4907-9326-51c03fe36003/datanode-3/data/ratis/03eabdb3-c99d-40d8-9485-4b3347192b2f/current/raft-meta.conf with options []: java.nio.file.NoSuchFileException: /home/runner/work/ozone/ozone/hadoop-ozone/integration-test/target/test-dir/MiniOzoneClusterImpl-073b5688-48cc-4907-9326-51c03fe36003/datanode-3/data/ratis/03eabdb3-c99d-40d8-9485-4b3347192b2f/current/raft-meta.conf
2024-01-14 16:58:57,332 [08a076d1-72dd-4720-8252-a175f3c6a2d5-groupManagement] INFO  ratis.ContainerStateMachine (ContainerStateMachine.java:loadSnapshot(287)) - group-4B3347192B2F: The snapshot info is null. Setting the last applied index to:(t:0, i:~)
2024-01-14 16:58:57,332 [08a076d1-72dd-4720-8252-a175f3c6a2d5-groupManagement] INFO  server.RaftServerConfigKeys (ConfUtils.java:logGet(46)) - raft.server.log.use.memory = false (default)
2024-01-14 16:58:57,332 [08a076d1-72dd-4720-8252-a175f3c6a2d5-groupManagement] INFO  server.RaftServerConfigKeys (ConfUtils.java:logGet(46)) - raft.server.log.purge.gap = 1000000 (custom)
2024-01-14 16:58:57,332 [08a076d1-72dd-4720-8252-a175f3c6a2d5-groupManagement] INFO  server.RaftServerConfigKeys (ConfUtils.java:logGet(46)) - raft.server.log.appender.buffer.byte-limit = 8388608 (custom)
2024-01-14 16:58:57,333 [EventQueue-OpenPipelineForHealthyPipelineSafeModeRule] INFO  safemode.SCMSafeModeManager (HealthyPipelineSafeModeRule.java:process(140)) - SCM in safe mode. Healthy pipelines reported count is 0, required healthy pipeline reported count is 1
2024-01-14 16:58:57,333 [08a076d1-72dd-4720-8252-a175f3c6a2d5-groupManagement] INFO  server.RaftServerConfigKeys (ConfUtils.java:logGet(46)) - raft.server.log.statemachine.data.read.timeout = 1000ms (default)
2024-01-14 16:58:57,333 [08a076d1-72dd-4720-8252-a175f3c6a2d5-groupManagement] INFO  server.RaftServerConfigKeys (ConfUtils.java:logGet(46)) - raft.server.log.purge.preservation.log.num = 0 (default)
2024-01-14 16:58:57,335 [08a076d1-72dd-4720-8252-a175f3c6a2d5-groupManagement] INFO  server.RaftServerConfigKeys (ConfUtils.java:logGet(46)) - raft.server.log.segment.size.max = 67108864 (custom)
2024-01-14 16:58:57,335 [08a076d1-72dd-4720-8252-a175f3c6a2d5-groupManagement] INFO  server.RaftServerConfigKeys (ConfUtils.java:logGet(46)) - raft.server.log.segment.cache.num.max = 2 (custom)
2024-01-14 16:58:57,335 [08a076d1-72dd-4720-8252-a175f3c6a2d5-groupManagement] INFO  server.RaftServerConfigKeys (ConfUtils.java:logGet(46)) - raft.server.log.segment.cache.size.max = 200MB (=209715200) (default)
2024-01-14 16:58:57,335 [08a076d1-72dd-4720-8252-a175f3c6a2d5-groupManagement] INFO  server.RaftServerConfigKeys (ConfUtils.java:logGet(46)) - raft.server.log.appender.buffer.byte-limit = 8388608 (custom)
2024-01-14 16:58:57,335 [08a076d1-72dd-4720-8252-a175f3c6a2d5-groupManagement] INFO  util.AwaitToRun (AwaitToRun.java:start(81)) - Thread[08a076d1-72dd-4720-8252-a175f3c6a2d5@group-4B3347192B2F-cacheEviction-AwaitToRun,5,main] started
2024-01-14 16:58:57,335 [08a076d1-72dd-4720-8252-a175f3c6a2d5-groupManagement] INFO  segmented.SegmentedRaftLogWorker (SegmentedRaftLogWorker.java:<init>(182)) - new 08a076d1-72dd-4720-8252-a175f3c6a2d5@group-4B3347192B2F-SegmentedRaftLogWorker for RaftStorageImpl:Storage Directory /home/runner/work/ozone/ozone/hadoop-ozone/integration-test/target/test-dir/MiniOzoneClusterImpl-073b5688-48cc-4907-9326-51c03fe36003/datanode-3/data/ratis/03eabdb3-c99d-40d8-9485-4b3347192b2f
2024-01-14 16:58:57,335 [08a076d1-72dd-4720-8252-a175f3c6a2d5-groupManagement] INFO  server.RaftServerConfigKeys (ConfUtils.java:logGet(46)) - raft.server.log.queue.byte-limit = 4294967296 (custom)
2024-01-14 16:58:57,335 [08a076d1-72dd-4720-8252-a175f3c6a2d5-groupManagement] INFO  server.RaftServerConfigKeys (ConfUtils.java:logGet(46)) - raft.server.log.queue.element-limit = 1024 (custom)
2024-01-14 16:58:57,335 [08a076d1-72dd-4720-8252-a175f3c6a2d5-groupManagement] INFO  server.RaftServerConfigKeys (ConfUtils.java:logGet(46)) - raft.server.log.segment.size.max = 67108864 (custom)
2024-01-14 16:58:57,335 [08a076d1-72dd-4720-8252-a175f3c6a2d5-groupManagement] INFO  server.RaftServerConfigKeys (ConfUtils.java:logGet(46)) - raft.server.log.preallocated.size = 4194304 (custom)
2024-01-14 16:58:57,336 [08a076d1-72dd-4720-8252-a175f3c6a2d5-groupManagement] INFO  server.RaftServerConfigKeys (ConfUtils.java:logGet(46)) - raft.server.log.force.sync.num = 128 (default)
2024-01-14 16:58:57,336 [08a076d1-72dd-4720-8252-a175f3c6a2d5-groupManagement] INFO  server.RaftServerConfigKeys (ConfUtils.java:logGet(46)) - raft.server.log.statemachine.data.sync = true (default)
2024-01-14 16:58:57,336 [08a076d1-72dd-4720-8252-a175f3c6a2d5-groupManagement] INFO  server.RaftServerConfigKeys (ConfUtils.java:logGet(46)) - raft.server.log.statemachine.data.sync.timeout = 10s (default)
2024-01-14 16:58:57,336 [08a076d1-72dd-4720-8252-a175f3c6a2d5-groupManagement] INFO  server.RaftServerConfigKeys (ConfUtils.java:logGet(46)) - raft.server.log.statemachine.data.sync.timeout.retry = 0 (custom)
2024-01-14 16:58:57,336 [08a076d1-72dd-4720-8252-a175f3c6a2d5-groupManagement] INFO  server.RaftServerConfigKeys (ConfUtils.java:logGet(46)) - raft.server.log.write.buffer.size = 8388616 (custom)
2024-01-14 16:58:57,337 [08a076d1-72dd-4720-8252-a175f3c6a2d5-groupManagement] INFO  server.RaftServerConfigKeys (ConfUtils.java:logGet(46)) - raft.server.log.appender.buffer.byte-limit = 8388608 (custom)
2024-01-14 16:58:57,337 [08a076d1-72dd-4720-8252-a175f3c6a2d5-groupManagement] INFO  server.RaftServerConfigKeys (ConfUtils.java:logGet(46)) - raft.server.log.unsafe-flush.enabled = false (default)
2024-01-14 16:58:57,337 [08a076d1-72dd-4720-8252-a175f3c6a2d5-groupManagement] INFO  server.RaftServerConfigKeys (ConfUtils.java:logGet(46)) - raft.server.log.async-flush.enabled = false (default)
2024-01-14 16:58:57,337 [08a076d1-72dd-4720-8252-a175f3c6a2d5-groupManagement] INFO  server.RaftServerConfigKeys (ConfUtils.java:logGet(46)) - raft.server.log.statemachine.data.caching.enabled = true (custom)
2024-01-14 16:58:57,338 [08a076d1-72dd-4720-8252-a175f3c6a2d5-groupManagement] INFO  segmented.SegmentedRaftLogWorker (SegmentedRaftLogWorker.java:lambda$new$0(134)) - 08a076d1-72dd-4720-8252-a175f3c6a2d5@group-4B3347192B2F-SegmentedRaftLogWorker: flushIndex: setUnconditionally 0 -> -1
2024-01-14 16:58:57,338 [08a076d1-72dd-4720-8252-a175f3c6a2d5-groupManagement] INFO  segmented.SegmentedRaftLogWorker (SegmentedRaftLogWorker.java:lambda$new$0(134)) - 08a076d1-72dd-4720-8252-a175f3c6a2d5@group-4B3347192B2F-SegmentedRaftLogWorker: safeCacheEvictIndex: setUnconditionally 0 -> -1
2024-01-14 16:58:57,338 [08a076d1-72dd-4720-8252-a175f3c6a2d5-groupManagement] INFO  server.RaftServer$Division (RaftServerImpl.java:start(396)) - 08a076d1-72dd-4720-8252-a175f3c6a2d5@group-4B3347192B2F: start as a follower, conf=-1: peers:[0ab92cad-ec19-4fa3-a733-30f9108b825a|10.1.0.34:15139, 21dc7e34-f667-47e1-88cd-5882a68f9cf5|10.1.0.34:15148, 08a076d1-72dd-4720-8252-a175f3c6a2d5|10.1.0.34:15130]|listeners:[], old=null
2024-01-14 16:58:57,338 [08a076d1-72dd-4720-8252-a175f3c6a2d5-groupManagement] INFO  server.RaftServer$Division (RaftServerImpl.java:setRole(383)) - 08a076d1-72dd-4720-8252-a175f3c6a2d5@group-4B3347192B2F: changes role from      null to FOLLOWER at term 0 for startAsFollower
2024-01-14 16:58:57,338 [08a076d1-72dd-4720-8252-a175f3c6a2d5-groupManagement] INFO  impl.RoleInfo (RoleInfo.java:updateAndGet(139)) - 08a076d1-72dd-4720-8252-a175f3c6a2d5: start 08a076d1-72dd-4720-8252-a175f3c6a2d5@group-4B3347192B2F-FollowerState
2024-01-14 16:58:57,349 [08a076d1-72dd-4720-8252-a175f3c6a2d5-groupManagement] INFO  util.JmxRegister (JmxRegister.java:tryRegister(44)) - Successfully registered JMX Bean with object name Ratis:service=RaftServer,group=group-4B3347192B2F,id=08a076d1-72dd-4720-8252-a175f3c6a2d5
2024-01-14 16:58:57,349 [08a076d1-72dd-4720-8252-a175f3c6a2d5@group-4B3347192B2F-FollowerState] INFO  server.RaftServerConfigKeys (ConfUtils.java:logFallback(53)) - raft.server.rpc.first-election.timeout.min = 5s (fallback to raft.server.rpc.timeout.min)
2024-01-14 16:58:57,349 [08a076d1-72dd-4720-8252-a175f3c6a2d5@group-4B3347192B2F-FollowerState] INFO  server.RaftServerConfigKeys (ConfUtils.java:logFallback(53)) - raft.server.rpc.first-election.timeout.max = 5200ms (fallback to raft.server.rpc.timeout.max)
2024-01-14 16:58:57,349 [08a076d1-72dd-4720-8252-a175f3c6a2d5-groupManagement] INFO  server.RaftServerConfigKeys (ConfUtils.java:logGet(46)) - raft.server.snapshot.trigger-when-stop.enabled = true (default)
2024-01-14 16:58:57,350 [08a076d1-72dd-4720-8252-a175f3c6a2d5-groupManagement] INFO  server.RaftServerConfigKeys (ConfUtils.java:logGet(46)) - raft.server.snapshot.auto.trigger.enabled = true (custom)
2024-01-14 16:58:57,350 [08a076d1-72dd-4720-8252-a175f3c6a2d5-groupManagement] INFO  server.RaftServerConfigKeys (ConfUtils.java:logGet(46)) - raft.server.snapshot.auto.trigger.threshold = 10000 (custom)
2024-01-14 16:58:57,350 [08a076d1-72dd-4720-8252-a175f3c6a2d5-groupManagement] INFO  server.RaftServerConfigKeys (ConfUtils.java:logGet(46)) - raft.server.snapshot.retention.file.num = 5 (custom)
2024-01-14 16:58:57,350 [08a076d1-72dd-4720-8252-a175f3c6a2d5-groupManagement] INFO  server.RaftServerConfigKeys (ConfUtils.java:logGet(46)) - raft.server.log.purge.upto.snapshot.index = false (default)
2024-01-14 16:58:57,350 [08a076d1-72dd-4720-8252-a175f3c6a2d5-PipelineCommandHandlerThread-0] INFO  ratis.XceiverServerRatis (XceiverServerRatis.java:addGroup(842)) - Created group PipelineID=03eabdb3-c99d-40d8-9485-4b3347192b2f
2024-01-14 16:58:57,359 [grpc-default-executor-0] INFO  server.RaftServer (RaftServerProxy.java:addNew(100)) - 21dc7e34-f667-47e1-88cd-5882a68f9cf5: addNew group-4B3347192B2F:[0ab92cad-ec19-4fa3-a733-30f9108b825a|10.1.0.34:15139, 21dc7e34-f667-47e1-88cd-5882a68f9cf5|10.1.0.34:15148, 08a076d1-72dd-4720-8252-a175f3c6a2d5|10.1.0.34:15130] returns group-4B3347192B2F:java.util.concurrent.CompletableFuture@4c5b21d5[Not completed]
2024-01-14 16:58:57,361 [21dc7e34-f667-47e1-88cd-5882a68f9cf5-groupManagement] INFO  server.RaftServer$Division (RaftServerImpl.java:<init>(256)) - 21dc7e34-f667-47e1-88cd-5882a68f9cf5: new RaftServerImpl for group-4B3347192B2F:[0ab92cad-ec19-4fa3-a733-30f9108b825a|10.1.0.34:15139, 21dc7e34-f667-47e1-88cd-5882a68f9cf5|10.1.0.34:15148, 08a076d1-72dd-4720-8252-a175f3c6a2d5|10.1.0.34:15130] with ContainerStateMachine:uninitialized
2024-01-14 16:58:57,361 [21dc7e34-f667-47e1-88cd-5882a68f9cf5-groupManagement] INFO  server.RaftServerConfigKeys (ConfUtils.java:logGet(46)) - raft.server.rpc.timeout.min = 5s (custom)
2024-01-14 16:58:57,361 [21dc7e34-f667-47e1-88cd-5882a68f9cf5-groupManagement] INFO  server.RaftServerConfigKeys (ConfUtils.java:logGet(46)) - raft.server.rpc.timeout.max = 5200ms (custom)
2024-01-14 16:58:57,361 [21dc7e34-f667-47e1-88cd-5882a68f9cf5-groupManagement] INFO  server.RaftServerConfigKeys (ConfUtils.java:logGet(46)) - raft.server.rpc.sleep.time = 25ms (default)
2024-01-14 16:58:57,361 [21dc7e34-f667-47e1-88cd-5882a68f9cf5-groupManagement] INFO  server.RaftServerConfigKeys (ConfUtils.java:logGet(46)) - raft.server.rpc.slowness.timeout = 300000ms (custom)
2024-01-14 16:58:57,361 [21dc7e34-f667-47e1-88cd-5882a68f9cf5-groupManagement] INFO  server.RaftServerConfigKeys (ConfUtils.java:logGet(46)) - raft.server.leaderelection.leader.step-down.wait-time = 10s (default)
2024-01-14 16:58:57,361 [21dc7e34-f667-47e1-88cd-5882a68f9cf5-groupManagement] INFO  server.RaftServerConfigKeys (ConfUtils.java:logGet(46)) - raft.server.leaderelection.member.majority-add = false (default)
2024-01-14 16:58:57,361 [21dc7e34-f667-47e1-88cd-5882a68f9cf5-groupManagement] INFO  server.RaftServerConfigKeys (ConfUtils.java:logGet(46)) - raft.server.sleep.deviation.threshold = 300ms (default)
2024-01-14 16:58:57,361 [21dc7e34-f667-47e1-88cd-5882a68f9cf5-groupManagement] INFO  server.RaftServer$Division (ServerState.java:<init>(113)) - 21dc7e34-f667-47e1-88cd-5882a68f9cf5@group-4B3347192B2F: ConfigurationManager, init=-1: peers:[0ab92cad-ec19-4fa3-a733-30f9108b825a|10.1.0.34:15139, 21dc7e34-f667-47e1-88cd-5882a68f9cf5|10.1.0.34:15148, 08a076d1-72dd-4720-8252-a175f3c6a2d5|10.1.0.34:15130]|listeners:[], old=null, confs=<EMPTY_MAP>
2024-01-14 16:58:57,361 [21dc7e34-f667-47e1-88cd-5882a68f9cf5-groupManagement] INFO  server.RaftServerConfigKeys (ConfUtils.java:logGet(46)) - raft.server.notification.no-leader.timeout = 300000ms (custom)
2024-01-14 16:58:57,361 [21dc7e34-f667-47e1-88cd-5882a68f9cf5-groupManagement] INFO  server.RaftServerConfigKeys (ConfUtils.java:logGet(46)) - raft.server.read.timeout = 10s (default)
2024-01-14 16:58:57,362 [21dc7e34-f667-47e1-88cd-5882a68f9cf5-groupManagement] INFO  server.RaftServerConfigKeys (ConfUtils.java:logGet(46)) - raft.server.retrycache.expirytime = 600000ms (custom)
2024-01-14 16:58:57,362 [21dc7e34-f667-47e1-88cd-5882a68f9cf5-groupManagement] INFO  server.RaftServerConfigKeys (ConfUtils.java:logGet(46)) - raft.server.retrycache.statistics.expirytime = 100ms (default)
2024-01-14 16:58:57,362 [21dc7e34-f667-47e1-88cd-5882a68f9cf5-groupManagement] INFO  server.RaftServerConfigKeys (ConfUtils.java:logGet(46)) - raft.server.read.option = DEFAULT (default)
2024-01-14 16:58:57,362 [21dc7e34-f667-47e1-88cd-5882a68f9cf5-groupManagement] INFO  server.RaftServerConfigKeys (ConfUtils.java:logGet(46)) - raft.server.read.read-after-write-consistent.write-index-cache.expiry-time = 60s (default)
2024-01-14 16:58:57,364 [21dc7e34-f667-47e1-88cd-5882a68f9cf5-groupManagement] INFO  server.RaftServerConfigKeys (ConfUtils.java:logGet(46)) - raft.server.rpc.request.timeout = 3000ms (default)
2024-01-14 16:58:57,364 [21dc7e34-f667-47e1-88cd-5882a68f9cf5-groupManagement] INFO  server.RaftServerConfigKeys (ConfUtils.java:logGet(46)) - raft.server.log.appender.install.snapshot.enabled = false (custom)
2024-01-14 16:58:57,364 [21dc7e34-f667-47e1-88cd-5882a68f9cf5-groupManagement] INFO  server.RaftServerConfigKeys (ConfUtils.java:logGet(46)) - raft.server.threadpool.server.cached = true (default)
2024-01-14 16:58:57,365 [21dc7e34-f667-47e1-88cd-5882a68f9cf5-groupManagement] INFO  server.RaftServerConfigKeys (ConfUtils.java:logGet(46)) - raft.server.threadpool.server.size = 0 (default)
2024-01-14 16:58:57,365 [21dc7e34-f667-47e1-88cd-5882a68f9cf5-groupManagement] INFO  server.RaftServerConfigKeys (ConfUtils.java:logGet(46)) - raft.server.threadpool.client.cached = true (default)
2024-01-14 16:58:57,365 [21dc7e34-f667-47e1-88cd-5882a68f9cf5-groupManagement] INFO  server.RaftServerConfigKeys (ConfUtils.java:logGet(46)) - raft.server.threadpool.client.size = 0 (default)
2024-01-14 16:58:57,365 [21dc7e34-f667-47e1-88cd-5882a68f9cf5-groupManagement] INFO  server.RaftServerConfigKeys (ConfUtils.java:logGet(46)) - raft.server.storage.free-space.min = 0MB (=0) (default)
2024-01-14 16:58:57,365 [21dc7e34-f667-47e1-88cd-5882a68f9cf5-groupManagement] INFO  server.RaftServerConfigKeys (ConfUtils.java:logGet(46)) - raft.server.log.corruption.policy = EXCEPTION (default)
2024-01-14 16:58:57,365 [21dc7e34-f667-47e1-88cd-5882a68f9cf5-groupManagement] INFO  server.RaftServerConfigKeys (ConfUtils.java:logGet(46)) - raft.server.storage.dir = [/home/runner/work/ozone/ozone/hadoop-ozone/integration-test/target/test-dir/MiniOzoneClusterImpl-073b5688-48cc-4907-9326-51c03fe36003/datanode-5/data/ratis] (custom)
2024-01-14 16:58:57,365 [21dc7e34-f667-47e1-88cd-5882a68f9cf5-groupManagement] INFO  storage.RaftStorageDirectory (RaftStorageDirectoryImpl.java:analyzeStorage(138)) - The storage directory /home/runner/work/ozone/ozone/hadoop-ozone/integration-test/target/test-dir/MiniOzoneClusterImpl-073b5688-48cc-4907-9326-51c03fe36003/datanode-5/data/ratis/03eabdb3-c99d-40d8-9485-4b3347192b2f does not exist. Creating ...
2024-01-14 16:58:57,366 [21dc7e34-f667-47e1-88cd-5882a68f9cf5-groupManagement] INFO  storage.RaftStorageDirectory (RaftStorageDirectoryImpl.java:tryLock(228)) - Lock on /home/runner/work/ozone/ozone/hadoop-ozone/integration-test/target/test-dir/MiniOzoneClusterImpl-073b5688-48cc-4907-9326-51c03fe36003/datanode-5/data/ratis/03eabdb3-c99d-40d8-9485-4b3347192b2f/in_use.lock acquired by nodename 93954@fv-az1248-16
2024-01-14 16:58:57,367 [21dc7e34-f667-47e1-88cd-5882a68f9cf5-groupManagement] INFO  storage.RaftStorage (RaftStorageImpl.java:format(99)) - Storage directory /home/runner/work/ozone/ozone/hadoop-ozone/integration-test/target/test-dir/MiniOzoneClusterImpl-073b5688-48cc-4907-9326-51c03fe36003/datanode-5/data/ratis/03eabdb3-c99d-40d8-9485-4b3347192b2f has been successfully formatted.
2024-01-14 16:58:57,367 [21dc7e34-f667-47e1-88cd-5882a68f9cf5-groupManagement] WARN  util.FileUtils (LogUtils.java:supplyAndLog(63)) - Failed to Files.newInputStream /home/runner/work/ozone/ozone/hadoop-ozone/integration-test/target/test-dir/MiniOzoneClusterImpl-073b5688-48cc-4907-9326-51c03fe36003/datanode-5/data/ratis/03eabdb3-c99d-40d8-9485-4b3347192b2f/current/raft-meta.conf with options []: java.nio.file.NoSuchFileException: /home/runner/work/ozone/ozone/hadoop-ozone/integration-test/target/test-dir/MiniOzoneClusterImpl-073b5688-48cc-4907-9326-51c03fe36003/datanode-5/data/ratis/03eabdb3-c99d-40d8-9485-4b3347192b2f/current/raft-meta.conf
2024-01-14 16:58:57,368 [21dc7e34-f667-47e1-88cd-5882a68f9cf5-groupManagement] INFO  ratis.ContainerStateMachine (ContainerStateMachine.java:loadSnapshot(287)) - group-4B3347192B2F: The snapshot info is null. Setting the last applied index to:(t:0, i:~)
2024-01-14 16:58:57,369 [21dc7e34-f667-47e1-88cd-5882a68f9cf5-groupManagement] INFO  server.RaftServerConfigKeys (ConfUtils.java:logGet(46)) - raft.server.log.use.memory = false (default)
2024-01-14 16:58:57,369 [21dc7e34-f667-47e1-88cd-5882a68f9cf5-groupManagement] INFO  server.RaftServerConfigKeys (ConfUtils.java:logGet(46)) - raft.server.log.purge.gap = 1000000 (custom)
2024-01-14 16:58:57,369 [21dc7e34-f667-47e1-88cd-5882a68f9cf5-groupManagement] INFO  server.RaftServerConfigKeys (ConfUtils.java:logGet(46)) - raft.server.log.appender.buffer.byte-limit = 8388608 (custom)
2024-01-14 16:58:57,369 [21dc7e34-f667-47e1-88cd-5882a68f9cf5-groupManagement] INFO  server.RaftServerConfigKeys (ConfUtils.java:logGet(46)) - raft.server.log.statemachine.data.read.timeout = 1000ms (default)
2024-01-14 16:58:57,369 [21dc7e34-f667-47e1-88cd-5882a68f9cf5-groupManagement] INFO  server.RaftServerConfigKeys (ConfUtils.java:logGet(46)) - raft.server.log.purge.preservation.log.num = 0 (default)
2024-01-14 16:58:57,370 [21dc7e34-f667-47e1-88cd-5882a68f9cf5-groupManagement] INFO  server.RaftServerConfigKeys (ConfUtils.java:logGet(46)) - raft.server.log.segment.size.max = 67108864 (custom)
2024-01-14 16:58:57,371 [21dc7e34-f667-47e1-88cd-5882a68f9cf5-groupManagement] INFO  server.RaftServerConfigKeys (ConfUtils.java:logGet(46)) - raft.server.log.segment.cache.num.max = 2 (custom)
2024-01-14 16:58:57,371 [21dc7e34-f667-47e1-88cd-5882a68f9cf5-groupManagement] INFO  server.RaftServerConfigKeys (ConfUtils.java:logGet(46)) - raft.server.log.segment.cache.size.max = 200MB (=209715200) (default)
2024-01-14 16:58:57,371 [21dc7e34-f667-47e1-88cd-5882a68f9cf5-groupManagement] INFO  server.RaftServerConfigKeys (ConfUtils.java:logGet(46)) - raft.server.log.appender.buffer.byte-limit = 8388608 (custom)
2024-01-14 16:58:57,371 [21dc7e34-f667-47e1-88cd-5882a68f9cf5-groupManagement] INFO  util.AwaitToRun (AwaitToRun.java:start(81)) - Thread[21dc7e34-f667-47e1-88cd-5882a68f9cf5@group-4B3347192B2F-cacheEviction-AwaitToRun,5,main] started
2024-01-14 16:58:57,371 [21dc7e34-f667-47e1-88cd-5882a68f9cf5-groupManagement] INFO  segmented.SegmentedRaftLogWorker (SegmentedRaftLogWorker.java:<init>(182)) - new 21dc7e34-f667-47e1-88cd-5882a68f9cf5@group-4B3347192B2F-SegmentedRaftLogWorker for RaftStorageImpl:Storage Directory /home/runner/work/ozone/ozone/hadoop-ozone/integration-test/target/test-dir/MiniOzoneClusterImpl-073b5688-48cc-4907-9326-51c03fe36003/datanode-5/data/ratis/03eabdb3-c99d-40d8-9485-4b3347192b2f
2024-01-14 16:58:57,371 [21dc7e34-f667-47e1-88cd-5882a68f9cf5-groupManagement] INFO  server.RaftServerConfigKeys (ConfUtils.java:logGet(46)) - raft.server.log.queue.byte-limit = 4294967296 (custom)
2024-01-14 16:58:57,371 [21dc7e34-f667-47e1-88cd-5882a68f9cf5-groupManagement] INFO  server.RaftServerConfigKeys (ConfUtils.java:logGet(46)) - raft.server.log.queue.element-limit = 1024 (custom)
2024-01-14 16:58:57,371 [21dc7e34-f667-47e1-88cd-5882a68f9cf5-groupManagement] INFO  server.RaftServerConfigKeys (ConfUtils.java:logGet(46)) - raft.server.log.segment.size.max = 67108864 (custom)
2024-01-14 16:58:57,371 [21dc7e34-f667-47e1-88cd-5882a68f9cf5-groupManagement] INFO  server.RaftServerConfigKeys (ConfUtils.java:logGet(46)) - raft.server.log.preallocated.size = 4194304 (custom)
2024-01-14 16:58:57,371 [21dc7e34-f667-47e1-88cd-5882a68f9cf5-groupManagement] INFO  server.RaftServerConfigKeys (ConfUtils.java:logGet(46)) - raft.server.log.force.sync.num = 128 (default)
2024-01-14 16:58:57,372 [21dc7e34-f667-47e1-88cd-5882a68f9cf5-groupManagement] INFO  server.RaftServerConfigKeys (ConfUtils.java:logGet(46)) - raft.server.log.statemachine.data.sync = true (default)
2024-01-14 16:58:57,372 [21dc7e34-f667-47e1-88cd-5882a68f9cf5-groupManagement] INFO  server.RaftServerConfigKeys (ConfUtils.java:logGet(46)) - raft.server.log.statemachine.data.sync.timeout = 10s (default)
2024-01-14 16:58:57,372 [21dc7e34-f667-47e1-88cd-5882a68f9cf5-groupManagement] INFO  server.RaftServerConfigKeys (ConfUtils.java:logGet(46)) - raft.server.log.statemachine.data.sync.timeout.retry = 0 (custom)
2024-01-14 16:58:57,372 [21dc7e34-f667-47e1-88cd-5882a68f9cf5-groupManagement] INFO  server.RaftServerConfigKeys (ConfUtils.java:logGet(46)) - raft.server.log.write.buffer.size = 8388616 (custom)
2024-01-14 16:58:57,374 [21dc7e34-f667-47e1-88cd-5882a68f9cf5-groupManagement] INFO  server.RaftServerConfigKeys (ConfUtils.java:logGet(46)) - raft.server.log.appender.buffer.byte-limit = 8388608 (custom)
2024-01-14 16:58:57,374 [21dc7e34-f667-47e1-88cd-5882a68f9cf5-groupManagement] INFO  server.RaftServerConfigKeys (ConfUtils.java:logGet(46)) - raft.server.log.unsafe-flush.enabled = false (default)
2024-01-14 16:58:57,374 [21dc7e34-f667-47e1-88cd-5882a68f9cf5-groupManagement] INFO  server.RaftServerConfigKeys (ConfUtils.java:logGet(46)) - raft.server.log.async-flush.enabled = false (default)
2024-01-14 16:58:57,374 [21dc7e34-f667-47e1-88cd-5882a68f9cf5-groupManagement] INFO  server.RaftServerConfigKeys (ConfUtils.java:logGet(46)) - raft.server.log.statemachine.data.caching.enabled = true (custom)
2024-01-14 16:58:57,374 [21dc7e34-f667-47e1-88cd-5882a68f9cf5-groupManagement] INFO  segmented.SegmentedRaftLogWorker (SegmentedRaftLogWorker.java:lambda$new$0(134)) - 21dc7e34-f667-47e1-88cd-5882a68f9cf5@group-4B3347192B2F-SegmentedRaftLogWorker: flushIndex: setUnconditionally 0 -> -1
2024-01-14 16:58:57,374 [21dc7e34-f667-47e1-88cd-5882a68f9cf5-groupManagement] INFO  segmented.SegmentedRaftLogWorker (SegmentedRaftLogWorker.java:lambda$new$0(134)) - 21dc7e34-f667-47e1-88cd-5882a68f9cf5@group-4B3347192B2F-SegmentedRaftLogWorker: safeCacheEvictIndex: setUnconditionally 0 -> -1
2024-01-14 16:58:57,375 [21dc7e34-f667-47e1-88cd-5882a68f9cf5-groupManagement] INFO  server.RaftServer$Division (RaftServerImpl.java:start(396)) - 21dc7e34-f667-47e1-88cd-5882a68f9cf5@group-4B3347192B2F: start as a follower, conf=-1: peers:[0ab92cad-ec19-4fa3-a733-30f9108b825a|10.1.0.34:15139, 21dc7e34-f667-47e1-88cd-5882a68f9cf5|10.1.0.34:15148, 08a076d1-72dd-4720-8252-a175f3c6a2d5|10.1.0.34:15130]|listeners:[], old=null
2024-01-14 16:58:57,375 [21dc7e34-f667-47e1-88cd-5882a68f9cf5-groupManagement] INFO  server.RaftServer$Division (RaftServerImpl.java:setRole(383)) - 21dc7e34-f667-47e1-88cd-5882a68f9cf5@group-4B3347192B2F: changes role from      null to FOLLOWER at term 0 for startAsFollower
2024-01-14 16:58:57,375 [21dc7e34-f667-47e1-88cd-5882a68f9cf5-groupManagement] INFO  impl.RoleInfo (RoleInfo.java:updateAndGet(139)) - 21dc7e34-f667-47e1-88cd-5882a68f9cf5: start 21dc7e34-f667-47e1-88cd-5882a68f9cf5@group-4B3347192B2F-FollowerState
2024-01-14 16:58:57,375 [21dc7e34-f667-47e1-88cd-5882a68f9cf5-groupManagement] INFO  util.JmxRegister (JmxRegister.java:tryRegister(44)) - Successfully registered JMX Bean with object name Ratis:service=RaftServer,group=group-4B3347192B2F,id=21dc7e34-f667-47e1-88cd-5882a68f9cf5
2024-01-14 16:58:57,375 [21dc7e34-f667-47e1-88cd-5882a68f9cf5-groupManagement] INFO  server.RaftServerConfigKeys (ConfUtils.java:logGet(46)) - raft.server.snapshot.trigger-when-stop.enabled = true (default)
2024-01-14 16:58:57,375 [21dc7e34-f667-47e1-88cd-5882a68f9cf5-groupManagement] INFO  server.RaftServerConfigKeys (ConfUtils.java:logGet(46)) - raft.server.snapshot.auto.trigger.enabled = true (custom)
2024-01-14 16:58:57,375 [21dc7e34-f667-47e1-88cd-5882a68f9cf5-groupManagement] INFO  server.RaftServerConfigKeys (ConfUtils.java:logGet(46)) - raft.server.snapshot.auto.trigger.threshold = 10000 (custom)
2024-01-14 16:58:57,375 [21dc7e34-f667-47e1-88cd-5882a68f9cf5-groupManagement] INFO  server.RaftServerConfigKeys (ConfUtils.java:logGet(46)) - raft.server.snapshot.retention.file.num = 5 (custom)
2024-01-14 16:58:57,375 [21dc7e34-f667-47e1-88cd-5882a68f9cf5-groupManagement] INFO  server.RaftServerConfigKeys (ConfUtils.java:logGet(46)) - raft.server.log.purge.upto.snapshot.index = false (default)
2024-01-14 16:58:57,376 [21dc7e34-f667-47e1-88cd-5882a68f9cf5@group-4B3347192B2F-FollowerState] INFO  server.RaftServerConfigKeys (ConfUtils.java:logFallback(53)) - raft.server.rpc.first-election.timeout.min = 5s (fallback to raft.server.rpc.timeout.min)
2024-01-14 16:58:57,376 [21dc7e34-f667-47e1-88cd-5882a68f9cf5@group-4B3347192B2F-FollowerState] INFO  server.RaftServerConfigKeys (ConfUtils.java:logFallback(53)) - raft.server.rpc.first-election.timeout.max = 5200ms (fallback to raft.server.rpc.timeout.max)
2024-01-14 16:58:57,398 [grpc-default-executor-0] INFO  server.RaftServer (RaftServerProxy.java:addNew(100)) - 0ab92cad-ec19-4fa3-a733-30f9108b825a: addNew group-4B3347192B2F:[0ab92cad-ec19-4fa3-a733-30f9108b825a|10.1.0.34:15139, 21dc7e34-f667-47e1-88cd-5882a68f9cf5|10.1.0.34:15148, 08a076d1-72dd-4720-8252-a175f3c6a2d5|10.1.0.34:15130] returns group-4B3347192B2F:java.util.concurrent.CompletableFuture@e8da2dd[Not completed]
2024-01-14 16:58:57,399 [0ab92cad-ec19-4fa3-a733-30f9108b825a-groupManagement] INFO  server.RaftServer$Division (RaftServerImpl.java:<init>(256)) - 0ab92cad-ec19-4fa3-a733-30f9108b825a: new RaftServerImpl for group-4B3347192B2F:[0ab92cad-ec19-4fa3-a733-30f9108b825a|10.1.0.34:15139, 21dc7e34-f667-47e1-88cd-5882a68f9cf5|10.1.0.34:15148, 08a076d1-72dd-4720-8252-a175f3c6a2d5|10.1.0.34:15130] with ContainerStateMachine:uninitialized
2024-01-14 16:58:57,399 [0ab92cad-ec19-4fa3-a733-30f9108b825a-groupManagement] INFO  server.RaftServerConfigKeys (ConfUtils.java:logGet(46)) - raft.server.rpc.timeout.min = 5s (custom)
2024-01-14 16:58:57,399 [0ab92cad-ec19-4fa3-a733-30f9108b825a-groupManagement] INFO  server.RaftServerConfigKeys (ConfUtils.java:logGet(46)) - raft.server.rpc.timeout.max = 5200ms (custom)
2024-01-14 16:58:57,399 [0ab92cad-ec19-4fa3-a733-30f9108b825a-groupManagement] INFO  server.RaftServerConfigKeys (ConfUtils.java:logGet(46)) - raft.server.rpc.sleep.time = 25ms (default)
2024-01-14 16:58:57,399 [0ab92cad-ec19-4fa3-a733-30f9108b825a-groupManagement] INFO  server.RaftServerConfigKeys (ConfUtils.java:logGet(46)) - raft.server.rpc.slowness.timeout = 300000ms (custom)
2024-01-14 16:58:57,399 [0ab92cad-ec19-4fa3-a733-30f9108b825a-groupManagement] INFO  server.RaftServerConfigKeys (ConfUtils.java:logGet(46)) - raft.server.leaderelection.leader.step-down.wait-time = 10s (default)
2024-01-14 16:58:57,399 [0ab92cad-ec19-4fa3-a733-30f9108b825a-groupManagement] INFO  server.RaftServerConfigKeys (ConfUtils.java:logGet(46)) - raft.server.leaderelection.member.majority-add = false (default)
2024-01-14 16:58:57,399 [0ab92cad-ec19-4fa3-a733-30f9108b825a-groupManagement] INFO  server.RaftServerConfigKeys (ConfUtils.java:logGet(46)) - raft.server.sleep.deviation.threshold = 300ms (default)
2024-01-14 16:58:57,399 [0ab92cad-ec19-4fa3-a733-30f9108b825a-groupManagement] INFO  server.RaftServer$Division (ServerState.java:<init>(113)) - 0ab92cad-ec19-4fa3-a733-30f9108b825a@group-4B3347192B2F: ConfigurationManager, init=-1: peers:[0ab92cad-ec19-4fa3-a733-30f9108b825a|10.1.0.34:15139, 21dc7e34-f667-47e1-88cd-5882a68f9cf5|10.1.0.34:15148, 08a076d1-72dd-4720-8252-a175f3c6a2d5|10.1.0.34:15130]|listeners:[], old=null, confs=<EMPTY_MAP>
2024-01-14 16:58:57,399 [0ab92cad-ec19-4fa3-a733-30f9108b825a-groupManagement] INFO  server.RaftServerConfigKeys (ConfUtils.java:logGet(46)) - raft.server.notification.no-leader.timeout = 300000ms (custom)
2024-01-14 16:58:57,400 [0ab92cad-ec19-4fa3-a733-30f9108b825a-groupManagement] INFO  server.RaftServerConfigKeys (ConfUtils.java:logGet(46)) - raft.server.read.timeout = 10s (default)
2024-01-14 16:58:57,400 [0ab92cad-ec19-4fa3-a733-30f9108b825a-groupManagement] INFO  server.RaftServerConfigKeys (ConfUtils.java:logGet(46)) - raft.server.retrycache.expirytime = 600000ms (custom)
2024-01-14 16:58:57,400 [0ab92cad-ec19-4fa3-a733-30f9108b825a-groupManagement] INFO  server.RaftServerConfigKeys (ConfUtils.java:logGet(46)) - raft.server.retrycache.statistics.expirytime = 100ms (default)
2024-01-14 16:58:57,400 [0ab92cad-ec19-4fa3-a733-30f9108b825a-groupManagement] INFO  server.RaftServerConfigKeys (ConfUtils.java:logGet(46)) - raft.server.read.option = DEFAULT (default)
2024-01-14 16:58:57,400 [0ab92cad-ec19-4fa3-a733-30f9108b825a-groupManagement] INFO  server.RaftServerConfigKeys (ConfUtils.java:logGet(46)) - raft.server.read.read-after-write-consistent.write-index-cache.expiry-time = 60s (default)
2024-01-14 16:58:57,402 [0ab92cad-ec19-4fa3-a733-30f9108b825a-groupManagement] INFO  server.RaftServerConfigKeys (ConfUtils.java:logGet(46)) - raft.server.rpc.request.timeout = 3000ms (default)
2024-01-14 16:58:57,402 [0ab92cad-ec19-4fa3-a733-30f9108b825a-groupManagement] INFO  server.RaftServerConfigKeys (ConfUtils.java:logGet(46)) - raft.server.log.appender.install.snapshot.enabled = false (custom)
2024-01-14 16:58:57,402 [0ab92cad-ec19-4fa3-a733-30f9108b825a-groupManagement] INFO  server.RaftServerConfigKeys (ConfUtils.java:logGet(46)) - raft.server.threadpool.server.cached = true (default)
2024-01-14 16:58:57,402 [0ab92cad-ec19-4fa3-a733-30f9108b825a-groupManagement] INFO  server.RaftServerConfigKeys (ConfUtils.java:logGet(46)) - raft.server.threadpool.server.size = 0 (default)
2024-01-14 16:58:57,402 [0ab92cad-ec19-4fa3-a733-30f9108b825a-groupManagement] INFO  server.RaftServerConfigKeys (ConfUtils.java:logGet(46)) - raft.server.threadpool.client.cached = true (default)
2024-01-14 16:58:57,402 [0ab92cad-ec19-4fa3-a733-30f9108b825a-groupManagement] INFO  server.RaftServerConfigKeys (ConfUtils.java:logGet(46)) - raft.server.threadpool.client.size = 0 (default)
2024-01-14 16:58:57,402 [0ab92cad-ec19-4fa3-a733-30f9108b825a-groupManagement] INFO  server.RaftServerConfigKeys (ConfUtils.java:logGet(46)) - raft.server.storage.free-space.min = 0MB (=0) (default)
2024-01-14 16:58:57,402 [0ab92cad-ec19-4fa3-a733-30f9108b825a-groupManagement] INFO  server.RaftServerConfigKeys (ConfUtils.java:logGet(46)) - raft.server.log.corruption.policy = EXCEPTION (default)
2024-01-14 16:58:57,402 [0ab92cad-ec19-4fa3-a733-30f9108b825a-groupManagement] INFO  server.RaftServerConfigKeys (ConfUtils.java:logGet(46)) - raft.server.storage.dir = [/home/runner/work/ozone/ozone/hadoop-ozone/integration-test/target/test-dir/MiniOzoneClusterImpl-073b5688-48cc-4907-9326-51c03fe36003/datanode-4/data/ratis] (custom)
2024-01-14 16:58:57,403 [0ab92cad-ec19-4fa3-a733-30f9108b825a-groupManagement] INFO  storage.RaftStorageDirectory (RaftStorageDirectoryImpl.java:analyzeStorage(138)) - The storage directory /home/runner/work/ozone/ozone/hadoop-ozone/integration-test/target/test-dir/MiniOzoneClusterImpl-073b5688-48cc-4907-9326-51c03fe36003/datanode-4/data/ratis/03eabdb3-c99d-40d8-9485-4b3347192b2f does not exist. Creating ...
2024-01-14 16:58:57,404 [0ab92cad-ec19-4fa3-a733-30f9108b825a-groupManagement] INFO  storage.RaftStorageDirectory (RaftStorageDirectoryImpl.java:tryLock(228)) - Lock on /home/runner/work/ozone/ozone/hadoop-ozone/integration-test/target/test-dir/MiniOzoneClusterImpl-073b5688-48cc-4907-9326-51c03fe36003/datanode-4/data/ratis/03eabdb3-c99d-40d8-9485-4b3347192b2f/in_use.lock acquired by nodename 93954@fv-az1248-16
2024-01-14 16:58:57,404 [0ab92cad-ec19-4fa3-a733-30f9108b825a-groupManagement] INFO  storage.RaftStorage (RaftStorageImpl.java:format(99)) - Storage directory /home/runner/work/ozone/ozone/hadoop-ozone/integration-test/target/test-dir/MiniOzoneClusterImpl-073b5688-48cc-4907-9326-51c03fe36003/datanode-4/data/ratis/03eabdb3-c99d-40d8-9485-4b3347192b2f has been successfully formatted.
2024-01-14 16:58:57,404 [0ab92cad-ec19-4fa3-a733-30f9108b825a-groupManagement] WARN  util.FileUtils (LogUtils.java:supplyAndLog(63)) - Failed to Files.newInputStream /home/runner/work/ozone/ozone/hadoop-ozone/integration-test/target/test-dir/MiniOzoneClusterImpl-073b5688-48cc-4907-9326-51c03fe36003/datanode-4/data/ratis/03eabdb3-c99d-40d8-9485-4b3347192b2f/current/raft-meta.conf with options []: java.nio.file.NoSuchFileException: /home/runner/work/ozone/ozone/hadoop-ozone/integration-test/target/test-dir/MiniOzoneClusterImpl-073b5688-48cc-4907-9326-51c03fe36003/datanode-4/data/ratis/03eabdb3-c99d-40d8-9485-4b3347192b2f/current/raft-meta.conf
2024-01-14 16:58:57,405 [0ab92cad-ec19-4fa3-a733-30f9108b825a-groupManagement] INFO  ratis.ContainerStateMachine (ContainerStateMachine.java:loadSnapshot(287)) - group-4B3347192B2F: The snapshot info is null. Setting the last applied index to:(t:0, i:~)
2024-01-14 16:58:57,405 [0ab92cad-ec19-4fa3-a733-30f9108b825a-groupManagement] INFO  server.RaftServerConfigKeys (ConfUtils.java:logGet(46)) - raft.server.log.use.memory = false (default)
2024-01-14 16:58:57,406 [0ab92cad-ec19-4fa3-a733-30f9108b825a-groupManagement] INFO  server.RaftServerConfigKeys (ConfUtils.java:logGet(46)) - raft.server.log.purge.gap = 1000000 (custom)
2024-01-14 16:58:57,406 [0ab92cad-ec19-4fa3-a733-30f9108b825a-groupManagement] INFO  server.RaftServerConfigKeys (ConfUtils.java:logGet(46)) - raft.server.log.appender.buffer.byte-limit = 8388608 (custom)
2024-01-14 16:58:57,406 [0ab92cad-ec19-4fa3-a733-30f9108b825a-groupManagement] INFO  server.RaftServerConfigKeys (ConfUtils.java:logGet(46)) - raft.server.log.statemachine.data.read.timeout = 1000ms (default)
2024-01-14 16:58:57,406 [0ab92cad-ec19-4fa3-a733-30f9108b825a-groupManagement] INFO  server.RaftServerConfigKeys (ConfUtils.java:logGet(46)) - raft.server.log.purge.preservation.log.num = 0 (default)
2024-01-14 16:58:57,407 [0ab92cad-ec19-4fa3-a733-30f9108b825a-groupManagement] INFO  server.RaftServerConfigKeys (ConfUtils.java:logGet(46)) - raft.server.log.segment.size.max = 67108864 (custom)
2024-01-14 16:58:57,407 [0ab92cad-ec19-4fa3-a733-30f9108b825a-groupManagement] INFO  server.RaftServerConfigKeys (ConfUtils.java:logGet(46)) - raft.server.log.segment.cache.num.max = 2 (custom)
2024-01-14 16:58:57,407 [0ab92cad-ec19-4fa3-a733-30f9108b825a-groupManagement] INFO  server.RaftServerConfigKeys (ConfUtils.java:logGet(46)) - raft.server.log.segment.cache.size.max = 200MB (=209715200) (default)
2024-01-14 16:58:57,407 [0ab92cad-ec19-4fa3-a733-30f9108b825a-groupManagement] INFO  server.RaftServerConfigKeys (ConfUtils.java:logGet(46)) - raft.server.log.appender.buffer.byte-limit = 8388608 (custom)
2024-01-14 16:58:57,407 [0ab92cad-ec19-4fa3-a733-30f9108b825a-groupManagement] INFO  util.AwaitToRun (AwaitToRun.java:start(81)) - Thread[0ab92cad-ec19-4fa3-a733-30f9108b825a@group-4B3347192B2F-cacheEviction-AwaitToRun,5,main] started
2024-01-14 16:58:57,408 [0ab92cad-ec19-4fa3-a733-30f9108b825a-groupManagement] INFO  segmented.SegmentedRaftLogWorker (SegmentedRaftLogWorker.java:<init>(182)) - new 0ab92cad-ec19-4fa3-a733-30f9108b825a@group-4B3347192B2F-SegmentedRaftLogWorker for RaftStorageImpl:Storage Directory /home/runner/work/ozone/ozone/hadoop-ozone/integration-test/target/test-dir/MiniOzoneClusterImpl-073b5688-48cc-4907-9326-51c03fe36003/datanode-4/data/ratis/03eabdb3-c99d-40d8-9485-4b3347192b2f
2024-01-14 16:58:57,408 [0ab92cad-ec19-4fa3-a733-30f9108b825a-groupManagement] INFO  server.RaftServerConfigKeys (ConfUtils.java:logGet(46)) - raft.server.log.queue.byte-limit = 4294967296 (custom)
2024-01-14 16:58:57,408 [0ab92cad-ec19-4fa3-a733-30f9108b825a-groupManagement] INFO  server.RaftServerConfigKeys (ConfUtils.java:logGet(46)) - raft.server.log.queue.element-limit = 1024 (custom)
2024-01-14 16:58:57,408 [0ab92cad-ec19-4fa3-a733-30f9108b825a-groupManagement] INFO  server.RaftServerConfigKeys (ConfUtils.java:logGet(46)) - raft.server.log.segment.size.max = 67108864 (custom)
2024-01-14 16:58:57,408 [0ab92cad-ec19-4fa3-a733-30f9108b825a-groupManagement] INFO  server.RaftServerConfigKeys (ConfUtils.java:logGet(46)) - raft.server.log.preallocated.size = 4194304 (custom)
2024-01-14 16:58:57,408 [0ab92cad-ec19-4fa3-a733-30f9108b825a-groupManagement] INFO  server.RaftServerConfigKeys (ConfUtils.java:logGet(46)) - raft.server.log.force.sync.num = 128 (default)
2024-01-14 16:58:57,408 [0ab92cad-ec19-4fa3-a733-30f9108b825a-groupManagement] INFO  server.RaftServerConfigKeys (ConfUtils.java:logGet(46)) - raft.server.log.statemachine.data.sync = true (default)
2024-01-14 16:58:57,408 [0ab92cad-ec19-4fa3-a733-30f9108b825a-groupManagement] INFO  server.RaftServerConfigKeys (ConfUtils.java:logGet(46)) - raft.server.log.statemachine.data.sync.timeout = 10s (default)
2024-01-14 16:58:57,408 [0ab92cad-ec19-4fa3-a733-30f9108b825a-groupManagement] INFO  server.RaftServerConfigKeys (ConfUtils.java:logGet(46)) - raft.server.log.statemachine.data.sync.timeout.retry = 0 (custom)
2024-01-14 16:58:57,408 [0ab92cad-ec19-4fa3-a733-30f9108b825a-groupManagement] INFO  server.RaftServerConfigKeys (ConfUtils.java:logGet(46)) - raft.server.log.write.buffer.size = 8388616 (custom)
2024-01-14 16:58:57,410 [0ab92cad-ec19-4fa3-a733-30f9108b825a-groupManagement] INFO  server.RaftServerConfigKeys (ConfUtils.java:logGet(46)) - raft.server.log.appender.buffer.byte-limit = 8388608 (custom)
2024-01-14 16:58:57,410 [0ab92cad-ec19-4fa3-a733-30f9108b825a-groupManagement] INFO  server.RaftServerConfigKeys (ConfUtils.java:logGet(46)) - raft.server.log.unsafe-flush.enabled = false (default)
2024-01-14 16:58:57,410 [0ab92cad-ec19-4fa3-a733-30f9108b825a-groupManagement] INFO  server.RaftServerConfigKeys (ConfUtils.java:logGet(46)) - raft.server.log.async-flush.enabled = false (default)
2024-01-14 16:58:57,410 [0ab92cad-ec19-4fa3-a733-30f9108b825a-groupManagement] INFO  server.RaftServerConfigKeys (ConfUtils.java:logGet(46)) - raft.server.log.statemachine.data.caching.enabled = true (custom)
2024-01-14 16:58:57,411 [0ab92cad-ec19-4fa3-a733-30f9108b825a-groupManagement] INFO  segmented.SegmentedRaftLogWorker (SegmentedRaftLogWorker.java:lambda$new$0(134)) - 0ab92cad-ec19-4fa3-a733-30f9108b825a@group-4B3347192B2F-SegmentedRaftLogWorker: flushIndex: setUnconditionally 0 -> -1
2024-01-14 16:58:57,411 [0ab92cad-ec19-4fa3-a733-30f9108b825a-groupManagement] INFO  segmented.SegmentedRaftLogWorker (SegmentedRaftLogWorker.java:lambda$new$0(134)) - 0ab92cad-ec19-4fa3-a733-30f9108b825a@group-4B3347192B2F-SegmentedRaftLogWorker: safeCacheEvictIndex: setUnconditionally 0 -> -1
2024-01-14 16:58:57,411 [0ab92cad-ec19-4fa3-a733-30f9108b825a-groupManagement] INFO  server.RaftServer$Division (RaftServerImpl.java:start(396)) - 0ab92cad-ec19-4fa3-a733-30f9108b825a@group-4B3347192B2F: start as a follower, conf=-1: peers:[0ab92cad-ec19-4fa3-a733-30f9108b825a|10.1.0.34:15139, 21dc7e34-f667-47e1-88cd-5882a68f9cf5|10.1.0.34:15148, 08a076d1-72dd-4720-8252-a175f3c6a2d5|10.1.0.34:15130]|listeners:[], old=null
2024-01-14 16:58:57,411 [0ab92cad-ec19-4fa3-a733-30f9108b825a-groupManagement] INFO  server.RaftServer$Division (RaftServerImpl.java:setRole(383)) - 0ab92cad-ec19-4fa3-a733-30f9108b825a@group-4B3347192B2F: changes role from      null to FOLLOWER at term 0 for startAsFollower
2024-01-14 16:58:57,411 [0ab92cad-ec19-4fa3-a733-30f9108b825a-groupManagement] INFO  impl.RoleInfo (RoleInfo.java:updateAndGet(139)) - 0ab92cad-ec19-4fa3-a733-30f9108b825a: start 0ab92cad-ec19-4fa3-a733-30f9108b825a@group-4B3347192B2F-FollowerState
2024-01-14 16:58:57,411 [0ab92cad-ec19-4fa3-a733-30f9108b825a-groupManagement] INFO  util.JmxRegister (JmxRegister.java:tryRegister(44)) - Successfully registered JMX Bean with object name Ratis:service=RaftServer,group=group-4B3347192B2F,id=0ab92cad-ec19-4fa3-a733-30f9108b825a
2024-01-14 16:58:57,411 [0ab92cad-ec19-4fa3-a733-30f9108b825a@group-4B3347192B2F-FollowerState] INFO  server.RaftServerConfigKeys (ConfUtils.java:logFallback(53)) - raft.server.rpc.first-election.timeout.min = 5s (fallback to raft.server.rpc.timeout.min)
2024-01-14 16:58:57,411 [0ab92cad-ec19-4fa3-a733-30f9108b825a-groupManagement] INFO  server.RaftServerConfigKeys (ConfUtils.java:logGet(46)) - raft.server.snapshot.trigger-when-stop.enabled = true (default)
2024-01-14 16:58:57,411 [0ab92cad-ec19-4fa3-a733-30f9108b825a@group-4B3347192B2F-FollowerState] INFO  server.RaftServerConfigKeys (ConfUtils.java:logFallback(53)) - raft.server.rpc.first-election.timeout.max = 5200ms (fallback to raft.server.rpc.timeout.max)
2024-01-14 16:58:57,411 [0ab92cad-ec19-4fa3-a733-30f9108b825a-groupManagement] INFO  server.RaftServerConfigKeys (ConfUtils.java:logGet(46)) - raft.server.snapshot.auto.trigger.enabled = true (custom)
2024-01-14 16:58:57,411 [0ab92cad-ec19-4fa3-a733-30f9108b825a-groupManagement] INFO  server.RaftServerConfigKeys (ConfUtils.java:logGet(46)) - raft.server.snapshot.auto.trigger.threshold = 10000 (custom)
2024-01-14 16:58:57,412 [0ab92cad-ec19-4fa3-a733-30f9108b825a-groupManagement] INFO  server.RaftServerConfigKeys (ConfUtils.java:logGet(46)) - raft.server.snapshot.retention.file.num = 5 (custom)
2024-01-14 16:58:57,412 [0ab92cad-ec19-4fa3-a733-30f9108b825a-groupManagement] INFO  server.RaftServerConfigKeys (ConfUtils.java:logGet(46)) - raft.server.log.purge.upto.snapshot.index = false (default)
2024-01-14 16:58:57,416 [08a076d1-72dd-4720-8252-a175f3c6a2d5-PipelineCommandHandlerThread-0] INFO  commandhandler.CreatePipelineCommandHandler (CreatePipelineCommandHandler.java:lambda$handle$2(124)) - Created Pipeline RATIS THREE PipelineID=03eabdb3-c99d-40d8-9485-4b3347192b2f.
2024-01-14 16:58:57,420 [0ab92cad-ec19-4fa3-a733-30f9108b825a-PipelineCommandHandlerThread-0] INFO  server.RaftServer (RaftServerProxy.java:addNew(100)) - 0ab92cad-ec19-4fa3-a733-30f9108b825a: addNew group-22CA3FD4C0A4:[0ab92cad-ec19-4fa3-a733-30f9108b825a|10.1.0.34:15139] returns group-22CA3FD4C0A4:java.util.concurrent.CompletableFuture@438e4905[Not completed]
2024-01-14 16:58:57,421 [0ab92cad-ec19-4fa3-a733-30f9108b825a-groupManagement] INFO  server.RaftServer$Division (RaftServerImpl.java:<init>(256)) - 0ab92cad-ec19-4fa3-a733-30f9108b825a: new RaftServerImpl for group-22CA3FD4C0A4:[0ab92cad-ec19-4fa3-a733-30f9108b825a|10.1.0.34:15139] with ContainerStateMachine:uninitialized
2024-01-14 16:58:57,421 [0ab92cad-ec19-4fa3-a733-30f9108b825a-groupManagement] INFO  server.RaftServerConfigKeys (ConfUtils.java:logGet(46)) - raft.server.rpc.timeout.min = 5s (custom)
2024-01-14 16:58:57,421 [0ab92cad-ec19-4fa3-a733-30f9108b825a-groupManagement] INFO  server.RaftServerConfigKeys (ConfUtils.java:logGet(46)) - raft.server.rpc.timeout.max = 5200ms (custom)
2024-01-14 16:58:57,421 [0ab92cad-ec19-4fa3-a733-30f9108b825a-groupManagement] INFO  server.RaftServerConfigKeys (ConfUtils.java:logGet(46)) - raft.server.rpc.sleep.time = 25ms (default)
2024-01-14 16:58:57,421 [0ab92cad-ec19-4fa3-a733-30f9108b825a-groupManagement] INFO  server.RaftServerConfigKeys (ConfUtils.java:logGet(46)) - raft.server.rpc.slowness.timeout = 300000ms (custom)
2024-01-14 16:58:57,421 [0ab92cad-ec19-4fa3-a733-30f9108b825a-groupManagement] INFO  server.RaftServerConfigKeys (ConfUtils.java:logGet(46)) - raft.server.leaderelection.leader.step-down.wait-time = 10s (default)
2024-01-14 16:58:57,421 [0ab92cad-ec19-4fa3-a733-30f9108b825a-groupManagement] INFO  server.RaftServerConfigKeys (ConfUtils.java:logGet(46)) - raft.server.leaderelection.member.majority-add = false (default)
2024-01-14 16:58:57,421 [0ab92cad-ec19-4fa3-a733-30f9108b825a-groupManagement] INFO  server.RaftServerConfigKeys (ConfUtils.java:logGet(46)) - raft.server.sleep.deviation.threshold = 300ms (default)
2024-01-14 16:58:57,421 [0ab92cad-ec19-4fa3-a733-30f9108b825a-groupManagement] INFO  server.RaftServer$Division (ServerState.java:<init>(113)) - 0ab92cad-ec19-4fa3-a733-30f9108b825a@group-22CA3FD4C0A4: ConfigurationManager, init=-1: peers:[0ab92cad-ec19-4fa3-a733-30f9108b825a|10.1.0.34:15139]|listeners:[], old=null, confs=<EMPTY_MAP>
2024-01-14 16:58:57,421 [0ab92cad-ec19-4fa3-a733-30f9108b825a-groupManagement] INFO  server.RaftServerConfigKeys (ConfUtils.java:logGet(46)) - raft.server.notification.no-leader.timeout = 300000ms (custom)
2024-01-14 16:58:57,422 [0ab92cad-ec19-4fa3-a733-30f9108b825a-groupManagement] INFO  server.RaftServerConfigKeys (ConfUtils.java:logGet(46)) - raft.server.read.timeout = 10s (default)
2024-01-14 16:58:57,422 [0ab92cad-ec19-4fa3-a733-30f9108b825a-groupManagement] INFO  server.RaftServerConfigKeys (ConfUtils.java:logGet(46)) - raft.server.retrycache.expirytime = 600000ms (custom)
2024-01-14 16:58:57,422 [0ab92cad-ec19-4fa3-a733-30f9108b825a-groupManagement] INFO  server.RaftServerConfigKeys (ConfUtils.java:logGet(46)) - raft.server.retrycache.statistics.expirytime = 100ms (default)
2024-01-14 16:58:57,422 [0ab92cad-ec19-4fa3-a733-30f9108b825a-groupManagement] INFO  server.RaftServerConfigKeys (ConfUtils.java:logGet(46)) - raft.server.read.option = DEFAULT (default)
2024-01-14 16:58:57,422 [0ab92cad-ec19-4fa3-a733-30f9108b825a-groupManagement] INFO  server.RaftServerConfigKeys (ConfUtils.java:logGet(46)) - raft.server.read.read-after-write-consistent.write-index-cache.expiry-time = 60s (default)
2024-01-14 16:58:57,423 [0ab92cad-ec19-4fa3-a733-30f9108b825a-groupManagement] INFO  server.RaftServerConfigKeys (ConfUtils.java:logGet(46)) - raft.server.rpc.request.timeout = 3000ms (default)
2024-01-14 16:58:57,423 [0ab92cad-ec19-4fa3-a733-30f9108b825a-groupManagement] INFO  server.RaftServerConfigKeys (ConfUtils.java:logGet(46)) - raft.server.log.appender.install.snapshot.enabled = false (custom)
2024-01-14 16:58:57,423 [0ab92cad-ec19-4fa3-a733-30f9108b825a-groupManagement] INFO  server.RaftServerConfigKeys (ConfUtils.java:logGet(46)) - raft.server.threadpool.server.cached = true (default)
2024-01-14 16:58:57,423 [0ab92cad-ec19-4fa3-a733-30f9108b825a-groupManagement] INFO  server.RaftServerConfigKeys (ConfUtils.java:logGet(46)) - raft.server.threadpool.server.size = 0 (default)
2024-01-14 16:58:57,424 [0ab92cad-ec19-4fa3-a733-30f9108b825a-groupManagement] INFO  server.RaftServerConfigKeys (ConfUtils.java:logGet(46)) - raft.server.threadpool.client.cached = true (default)
2024-01-14 16:58:57,424 [0ab92cad-ec19-4fa3-a733-30f9108b825a-groupManagement] INFO  server.RaftServerConfigKeys (ConfUtils.java:logGet(46)) - raft.server.threadpool.client.size = 0 (default)
2024-01-14 16:58:57,424 [0ab92cad-ec19-4fa3-a733-30f9108b825a-groupManagement] INFO  server.RaftServerConfigKeys (ConfUtils.java:logGet(46)) - raft.server.storage.free-space.min = 0MB (=0) (default)
2024-01-14 16:58:57,424 [0ab92cad-ec19-4fa3-a733-30f9108b825a-groupManagement] INFO  server.RaftServerConfigKeys (ConfUtils.java:logGet(46)) - raft.server.log.corruption.policy = EXCEPTION (default)
2024-01-14 16:58:57,424 [0ab92cad-ec19-4fa3-a733-30f9108b825a-groupManagement] INFO  server.RaftServerConfigKeys (ConfUtils.java:logGet(46)) - raft.server.storage.dir = [/home/runner/work/ozone/ozone/hadoop-ozone/integration-test/target/test-dir/MiniOzoneClusterImpl-073b5688-48cc-4907-9326-51c03fe36003/datanode-4/data/ratis] (custom)
2024-01-14 16:58:57,424 [0ab92cad-ec19-4fa3-a733-30f9108b825a-groupManagement] INFO  storage.RaftStorageDirectory (RaftStorageDirectoryImpl.java:analyzeStorage(138)) - The storage directory /home/runner/work/ozone/ozone/hadoop-ozone/integration-test/target/test-dir/MiniOzoneClusterImpl-073b5688-48cc-4907-9326-51c03fe36003/datanode-4/data/ratis/da090113-48f8-4243-b72c-22ca3fd4c0a4 does not exist. Creating ...
2024-01-14 16:58:57,425 [0ab92cad-ec19-4fa3-a733-30f9108b825a-groupManagement] INFO  storage.RaftStorageDirectory (RaftStorageDirectoryImpl.java:tryLock(228)) - Lock on /home/runner/work/ozone/ozone/hadoop-ozone/integration-test/target/test-dir/MiniOzoneClusterImpl-073b5688-48cc-4907-9326-51c03fe36003/datanode-4/data/ratis/da090113-48f8-4243-b72c-22ca3fd4c0a4/in_use.lock acquired by nodename 93954@fv-az1248-16
2024-01-14 16:58:57,426 [0ab92cad-ec19-4fa3-a733-30f9108b825a-groupManagement] INFO  storage.RaftStorage (RaftStorageImpl.java:format(99)) - Storage directory /home/runner/work/ozone/ozone/hadoop-ozone/integration-test/target/test-dir/MiniOzoneClusterImpl-073b5688-48cc-4907-9326-51c03fe36003/datanode-4/data/ratis/da090113-48f8-4243-b72c-22ca3fd4c0a4 has been successfully formatted.
2024-01-14 16:58:57,426 [0ab92cad-ec19-4fa3-a733-30f9108b825a-groupManagement] WARN  util.FileUtils (LogUtils.java:supplyAndLog(63)) - Failed to Files.newInputStream /home/runner/work/ozone/ozone/hadoop-ozone/integration-test/target/test-dir/MiniOzoneClusterImpl-073b5688-48cc-4907-9326-51c03fe36003/datanode-4/data/ratis/da090113-48f8-4243-b72c-22ca3fd4c0a4/current/raft-meta.conf with options []: java.nio.file.NoSuchFileException: /home/runner/work/ozone/ozone/hadoop-ozone/integration-test/target/test-dir/MiniOzoneClusterImpl-073b5688-48cc-4907-9326-51c03fe36003/datanode-4/data/ratis/da090113-48f8-4243-b72c-22ca3fd4c0a4/current/raft-meta.conf
2024-01-14 16:58:57,426 [0ab92cad-ec19-4fa3-a733-30f9108b825a-groupManagement] INFO  ratis.ContainerStateMachine (ContainerStateMachine.java:loadSnapshot(287)) - group-22CA3FD4C0A4: The snapshot info is null. Setting the last applied index to:(t:0, i:~)
2024-01-14 16:58:57,426 [0ab92cad-ec19-4fa3-a733-30f9108b825a-groupManagement] INFO  server.RaftServerConfigKeys (ConfUtils.java:logGet(46)) - raft.server.log.use.memory = false (default)
2024-01-14 16:58:57,427 [0ab92cad-ec19-4fa3-a733-30f9108b825a-groupManagement] INFO  server.RaftServerConfigKeys (ConfUtils.java:logGet(46)) - raft.server.log.purge.gap = 1000000 (custom)
2024-01-14 16:58:57,427 [0ab92cad-ec19-4fa3-a733-30f9108b825a-groupManagement] INFO  server.RaftServerConfigKeys (ConfUtils.java:logGet(46)) - raft.server.log.appender.buffer.byte-limit = 8388608 (custom)
2024-01-14 16:58:57,427 [0ab92cad-ec19-4fa3-a733-30f9108b825a-groupManagement] INFO  server.RaftServerConfigKeys (ConfUtils.java:logGet(46)) - raft.server.log.statemachine.data.read.timeout = 1000ms (default)
2024-01-14 16:58:57,427 [0ab92cad-ec19-4fa3-a733-30f9108b825a-groupManagement] INFO  server.RaftServerConfigKeys (ConfUtils.java:logGet(46)) - raft.server.log.purge.preservation.log.num = 0 (default)
2024-01-14 16:58:57,428 [0ab92cad-ec19-4fa3-a733-30f9108b825a-groupManagement] INFO  server.RaftServerConfigKeys (ConfUtils.java:logGet(46)) - raft.server.log.segment.size.max = 67108864 (custom)
2024-01-14 16:58:57,428 [0ab92cad-ec19-4fa3-a733-30f9108b825a-groupManagement] INFO  server.RaftServerConfigKeys (ConfUtils.java:logGet(46)) - raft.server.log.segment.cache.num.max = 2 (custom)
2024-01-14 16:58:57,428 [0ab92cad-ec19-4fa3-a733-30f9108b825a-groupManagement] INFO  server.RaftServerConfigKeys (ConfUtils.java:logGet(46)) - raft.server.log.segment.cache.size.max = 200MB (=209715200) (default)
2024-01-14 16:58:57,428 [0ab92cad-ec19-4fa3-a733-30f9108b825a-groupManagement] INFO  server.RaftServerConfigKeys (ConfUtils.java:logGet(46)) - raft.server.log.appender.buffer.byte-limit = 8388608 (custom)
2024-01-14 16:58:57,429 [0ab92cad-ec19-4fa3-a733-30f9108b825a-groupManagement] INFO  util.AwaitToRun (AwaitToRun.java:start(81)) - Thread[0ab92cad-ec19-4fa3-a733-30f9108b825a@group-22CA3FD4C0A4-cacheEviction-AwaitToRun,5,main] started
2024-01-14 16:58:57,429 [0ab92cad-ec19-4fa3-a733-30f9108b825a-groupManagement] INFO  segmented.SegmentedRaftLogWorker (SegmentedRaftLogWorker.java:<init>(182)) - new 0ab92cad-ec19-4fa3-a733-30f9108b825a@group-22CA3FD4C0A4-SegmentedRaftLogWorker for RaftStorageImpl:Storage Directory /home/runner/work/ozone/ozone/hadoop-ozone/integration-test/target/test-dir/MiniOzoneClusterImpl-073b5688-48cc-4907-9326-51c03fe36003/datanode-4/data/ratis/da090113-48f8-4243-b72c-22ca3fd4c0a4
2024-01-14 16:58:57,429 [0ab92cad-ec19-4fa3-a733-30f9108b825a-groupManagement] INFO  server.RaftServerConfigKeys (ConfUtils.java:logGet(46)) - raft.server.log.queue.byte-limit = 4294967296 (custom)
2024-01-14 16:58:57,429 [0ab92cad-ec19-4fa3-a733-30f9108b825a-groupManagement] INFO  server.RaftServerConfigKeys (ConfUtils.java:logGet(46)) - raft.server.log.queue.element-limit = 1024 (custom)
2024-01-14 16:58:57,429 [0ab92cad-ec19-4fa3-a733-30f9108b825a-groupManagement] INFO  server.RaftServerConfigKeys (ConfUtils.java:logGet(46)) - raft.server.log.segment.size.max = 67108864 (custom)
2024-01-14 16:58:57,429 [EventQueue-PipelineReportForPipelineReportHandler] INFO  pipeline.PipelineReportHandler (PipelineReportHandler.java:processPipelineReport(136)) - Opened pipeline PipelineID=da090113-48f8-4243-b72c-22ca3fd4c0a4
2024-01-14 16:58:57,429 [0ab92cad-ec19-4fa3-a733-30f9108b825a-groupManagement] INFO  server.RaftServerConfigKeys (ConfUtils.java:logGet(46)) - raft.server.log.preallocated.size = 4194304 (custom)
2024-01-14 16:58:57,429 [EventQueue-OpenPipelineForHealthyPipelineSafeModeRule] INFO  safemode.SCMSafeModeManager (HealthyPipelineSafeModeRule.java:process(140)) - SCM in safe mode. Healthy pipelines reported count is 0, required healthy pipeline reported count is 1
2024-01-14 16:58:57,429 [0ab92cad-ec19-4fa3-a733-30f9108b825a-groupManagement] INFO  server.RaftServerConfigKeys (ConfUtils.java:logGet(46)) - raft.server.log.force.sync.num = 128 (default)
2024-01-14 16:58:57,430 [0ab92cad-ec19-4fa3-a733-30f9108b825a-groupManagement] INFO  server.RaftServerConfigKeys (ConfUtils.java:logGet(46)) - raft.server.log.statemachine.data.sync = true (default)
2024-01-14 16:58:57,430 [0ab92cad-ec19-4fa3-a733-30f9108b825a-groupManagement] INFO  server.RaftServerConfigKeys (ConfUtils.java:logGet(46)) - raft.server.log.statemachine.data.sync.timeout = 10s (default)
2024-01-14 16:58:57,430 [0ab92cad-ec19-4fa3-a733-30f9108b825a-groupManagement] INFO  server.RaftServerConfigKeys (ConfUtils.java:logGet(46)) - raft.server.log.statemachine.data.sync.timeout.retry = 0 (custom)
2024-01-14 16:58:57,430 [0ab92cad-ec19-4fa3-a733-30f9108b825a-groupManagement] INFO  server.RaftServerConfigKeys (ConfUtils.java:logGet(46)) - raft.server.log.write.buffer.size = 8388616 (custom)
2024-01-14 16:58:57,432 [0ab92cad-ec19-4fa3-a733-30f9108b825a-groupManagement] INFO  server.RaftServerConfigKeys (ConfUtils.java:logGet(46)) - raft.server.log.appender.buffer.byte-limit = 8388608 (custom)
2024-01-14 16:58:57,432 [0ab92cad-ec19-4fa3-a733-30f9108b825a-groupManagement] INFO  server.RaftServerConfigKeys (ConfUtils.java:logGet(46)) - raft.server.log.unsafe-flush.enabled = false (default)
2024-01-14 16:58:57,432 [0ab92cad-ec19-4fa3-a733-30f9108b825a-groupManagement] INFO  server.RaftServerConfigKeys (ConfUtils.java:logGet(46)) - raft.server.log.async-flush.enabled = false (default)
2024-01-14 16:58:57,432 [0ab92cad-ec19-4fa3-a733-30f9108b825a-groupManagement] INFO  server.RaftServerConfigKeys (ConfUtils.java:logGet(46)) - raft.server.log.statemachine.data.caching.enabled = true (custom)
2024-01-14 16:58:57,432 [0ab92cad-ec19-4fa3-a733-30f9108b825a-groupManagement] INFO  segmented.SegmentedRaftLogWorker (SegmentedRaftLogWorker.java:lambda$new$0(134)) - 0ab92cad-ec19-4fa3-a733-30f9108b825a@group-22CA3FD4C0A4-SegmentedRaftLogWorker: flushIndex: setUnconditionally 0 -> -1
2024-01-14 16:58:57,432 [0ab92cad-ec19-4fa3-a733-30f9108b825a-groupManagement] INFO  segmented.SegmentedRaftLogWorker (SegmentedRaftLogWorker.java:lambda$new$0(134)) - 0ab92cad-ec19-4fa3-a733-30f9108b825a@group-22CA3FD4C0A4-SegmentedRaftLogWorker: safeCacheEvictIndex: setUnconditionally 0 -> -1
2024-01-14 16:58:57,432 [0ab92cad-ec19-4fa3-a733-30f9108b825a-groupManagement] INFO  server.RaftServer$Division (RaftServerImpl.java:start(396)) - 0ab92cad-ec19-4fa3-a733-30f9108b825a@group-22CA3FD4C0A4: start as a follower, conf=-1: peers:[0ab92cad-ec19-4fa3-a733-30f9108b825a|10.1.0.34:15139]|listeners:[], old=null
2024-01-14 16:58:57,432 [0ab92cad-ec19-4fa3-a733-30f9108b825a-groupManagement] INFO  server.RaftServer$Division (RaftServerImpl.java:setRole(383)) - 0ab92cad-ec19-4fa3-a733-30f9108b825a@group-22CA3FD4C0A4: changes role from      null to FOLLOWER at term 0 for startAsFollower
2024-01-14 16:58:57,432 [0ab92cad-ec19-4fa3-a733-30f9108b825a-groupManagement] INFO  impl.RoleInfo (RoleInfo.java:updateAndGet(139)) - 0ab92cad-ec19-4fa3-a733-30f9108b825a: start 0ab92cad-ec19-4fa3-a733-30f9108b825a@group-22CA3FD4C0A4-FollowerState
2024-01-14 16:58:57,432 [0ab92cad-ec19-4fa3-a733-30f9108b825a@group-22CA3FD4C0A4-FollowerState] INFO  server.RaftServerConfigKeys (ConfUtils.java:logFallback(53)) - raft.server.rpc.first-election.timeout.min = 5s (fallback to raft.server.rpc.timeout.min)
2024-01-14 16:58:57,433 [0ab92cad-ec19-4fa3-a733-30f9108b825a@group-22CA3FD4C0A4-FollowerState] INFO  server.RaftServerConfigKeys (ConfUtils.java:logFallback(53)) - raft.server.rpc.first-election.timeout.max = 5200ms (fallback to raft.server.rpc.timeout.max)
2024-01-14 16:58:57,432 [0ab92cad-ec19-4fa3-a733-30f9108b825a-groupManagement] INFO  util.JmxRegister (JmxRegister.java:tryRegister(44)) - Successfully registered JMX Bean with object name Ratis:service=RaftServer,group=group-22CA3FD4C0A4,id=0ab92cad-ec19-4fa3-a733-30f9108b825a
2024-01-14 16:58:57,433 [0ab92cad-ec19-4fa3-a733-30f9108b825a-groupManagement] INFO  server.RaftServerConfigKeys (ConfUtils.java:logGet(46)) - raft.server.snapshot.trigger-when-stop.enabled = true (default)
2024-01-14 16:58:57,433 [0ab92cad-ec19-4fa3-a733-30f9108b825a-groupManagement] INFO  server.RaftServerConfigKeys (ConfUtils.java:logGet(46)) - raft.server.snapshot.auto.trigger.enabled = true (custom)
2024-01-14 16:58:57,433 [0ab92cad-ec19-4fa3-a733-30f9108b825a-groupManagement] INFO  server.RaftServerConfigKeys (ConfUtils.java:logGet(46)) - raft.server.snapshot.auto.trigger.threshold = 10000 (custom)
2024-01-14 16:58:57,433 [0ab92cad-ec19-4fa3-a733-30f9108b825a-groupManagement] INFO  server.RaftServerConfigKeys (ConfUtils.java:logGet(46)) - raft.server.snapshot.retention.file.num = 5 (custom)
2024-01-14 16:58:57,433 [0ab92cad-ec19-4fa3-a733-30f9108b825a-groupManagement] INFO  server.RaftServerConfigKeys (ConfUtils.java:logGet(46)) - raft.server.log.purge.upto.snapshot.index = false (default)
2024-01-14 16:58:57,433 [0ab92cad-ec19-4fa3-a733-30f9108b825a-PipelineCommandHandlerThread-0] INFO  ratis.XceiverServerRatis (XceiverServerRatis.java:addGroup(842)) - Created group PipelineID=da090113-48f8-4243-b72c-22ca3fd4c0a4
2024-01-14 16:58:57,433 [0ab92cad-ec19-4fa3-a733-30f9108b825a-PipelineCommandHandlerThread-0] INFO  commandhandler.CreatePipelineCommandHandler (CreatePipelineCommandHandler.java:lambda$handle$2(124)) - Created Pipeline RATIS ONE PipelineID=da090113-48f8-4243-b72c-22ca3fd4c0a4.
2024-01-14 16:58:57,562 [21dc7e34-f667-47e1-88cd-5882a68f9cf5-PipelineCommandHandlerThread-0] INFO  server.RaftServer (RaftServerProxy.java:addNew(100)) - 21dc7e34-f667-47e1-88cd-5882a68f9cf5: addNew group-F57A0E8BE99F:[21dc7e34-f667-47e1-88cd-5882a68f9cf5|10.1.0.34:15148] returns group-F57A0E8BE99F:java.util.concurrent.CompletableFuture@3e7af45a[Not completed]
2024-01-14 16:58:57,562 [21dc7e34-f667-47e1-88cd-5882a68f9cf5-groupManagement] INFO  server.RaftServer$Division (RaftServerImpl.java:<init>(256)) - 21dc7e34-f667-47e1-88cd-5882a68f9cf5: new RaftServerImpl for group-F57A0E8BE99F:[21dc7e34-f667-47e1-88cd-5882a68f9cf5|10.1.0.34:15148] with ContainerStateMachine:uninitialized
2024-01-14 16:58:57,562 [21dc7e34-f667-47e1-88cd-5882a68f9cf5-groupManagement] INFO  server.RaftServerConfigKeys (ConfUtils.java:logGet(46)) - raft.server.rpc.timeout.min = 5s (custom)
2024-01-14 16:58:57,562 [21dc7e34-f667-47e1-88cd-5882a68f9cf5-groupManagement] INFO  server.RaftServerConfigKeys (ConfUtils.java:logGet(46)) - raft.server.rpc.timeout.max = 5200ms (custom)
2024-01-14 16:58:57,562 [21dc7e34-f667-47e1-88cd-5882a68f9cf5-groupManagement] INFO  server.RaftServerConfigKeys (ConfUtils.java:logGet(46)) - raft.server.rpc.sleep.time = 25ms (default)
2024-01-14 16:58:57,562 [21dc7e34-f667-47e1-88cd-5882a68f9cf5-groupManagement] INFO  server.RaftServerConfigKeys (ConfUtils.java:logGet(46)) - raft.server.rpc.slowness.timeout = 300000ms (custom)
2024-01-14 16:58:57,562 [21dc7e34-f667-47e1-88cd-5882a68f9cf5-groupManagement] INFO  server.RaftServerConfigKeys (ConfUtils.java:logGet(46)) - raft.server.leaderelection.leader.step-down.wait-time = 10s (default)
2024-01-14 16:58:57,563 [21dc7e34-f667-47e1-88cd-5882a68f9cf5-groupManagement] INFO  server.RaftServerConfigKeys (ConfUtils.java:logGet(46)) - raft.server.leaderelection.member.majority-add = false (default)
2024-01-14 16:58:57,563 [21dc7e34-f667-47e1-88cd-5882a68f9cf5-groupManagement] INFO  server.RaftServerConfigKeys (ConfUtils.java:logGet(46)) - raft.server.sleep.deviation.threshold = 300ms (default)
2024-01-14 16:58:57,563 [21dc7e34-f667-47e1-88cd-5882a68f9cf5-groupManagement] INFO  server.RaftServer$Division (ServerState.java:<init>(113)) - 21dc7e34-f667-47e1-88cd-5882a68f9cf5@group-F57A0E8BE99F: ConfigurationManager, init=-1: peers:[21dc7e34-f667-47e1-88cd-5882a68f9cf5|10.1.0.34:15148]|listeners:[], old=null, confs=<EMPTY_MAP>
2024-01-14 16:58:57,563 [21dc7e34-f667-47e1-88cd-5882a68f9cf5-groupManagement] INFO  server.RaftServerConfigKeys (ConfUtils.java:logGet(46)) - raft.server.notification.no-leader.timeout = 300000ms (custom)
2024-01-14 16:58:57,563 [21dc7e34-f667-47e1-88cd-5882a68f9cf5-groupManagement] INFO  server.RaftServerConfigKeys (ConfUtils.java:logGet(46)) - raft.server.read.timeout = 10s (default)
2024-01-14 16:58:57,563 [21dc7e34-f667-47e1-88cd-5882a68f9cf5-groupManagement] INFO  server.RaftServerConfigKeys (ConfUtils.java:logGet(46)) - raft.server.retrycache.expirytime = 600000ms (custom)
2024-01-14 16:58:57,563 [21dc7e34-f667-47e1-88cd-5882a68f9cf5-groupManagement] INFO  server.RaftServerConfigKeys (ConfUtils.java:logGet(46)) - raft.server.retrycache.statistics.expirytime = 100ms (default)
2024-01-14 16:58:57,563 [21dc7e34-f667-47e1-88cd-5882a68f9cf5-groupManagement] INFO  server.RaftServerConfigKeys (ConfUtils.java:logGet(46)) - raft.server.read.option = DEFAULT (default)
2024-01-14 16:58:57,563 [21dc7e34-f667-47e1-88cd-5882a68f9cf5-groupManagement] INFO  server.RaftServerConfigKeys (ConfUtils.java:logGet(46)) - raft.server.read.read-after-write-consistent.write-index-cache.expiry-time = 60s (default)
2024-01-14 16:58:57,565 [21dc7e34-f667-47e1-88cd-5882a68f9cf5-groupManagement] INFO  server.RaftServerConfigKeys (ConfUtils.java:logGet(46)) - raft.server.rpc.request.timeout = 3000ms (default)
2024-01-14 16:58:57,565 [21dc7e34-f667-47e1-88cd-5882a68f9cf5-groupManagement] INFO  server.RaftServerConfigKeys (ConfUtils.java:logGet(46)) - raft.server.log.appender.install.snapshot.enabled = false (custom)
2024-01-14 16:58:57,565 [21dc7e34-f667-47e1-88cd-5882a68f9cf5-groupManagement] INFO  server.RaftServerConfigKeys (ConfUtils.java:logGet(46)) - raft.server.threadpool.server.cached = true (default)
2024-01-14 16:58:57,565 [21dc7e34-f667-47e1-88cd-5882a68f9cf5-groupManagement] INFO  server.RaftServerConfigKeys (ConfUtils.java:logGet(46)) - raft.server.threadpool.server.size = 0 (default)
2024-01-14 16:58:57,565 [21dc7e34-f667-47e1-88cd-5882a68f9cf5-groupManagement] INFO  server.RaftServerConfigKeys (ConfUtils.java:logGet(46)) - raft.server.threadpool.client.cached = true (default)
2024-01-14 16:58:57,565 [21dc7e34-f667-47e1-88cd-5882a68f9cf5-groupManagement] INFO  server.RaftServerConfigKeys (ConfUtils.java:logGet(46)) - raft.server.threadpool.client.size = 0 (default)
2024-01-14 16:58:57,565 [21dc7e34-f667-47e1-88cd-5882a68f9cf5-groupManagement] INFO  server.RaftServerConfigKeys (ConfUtils.java:logGet(46)) - raft.server.storage.free-space.min = 0MB (=0) (default)
2024-01-14 16:58:57,565 [21dc7e34-f667-47e1-88cd-5882a68f9cf5-groupManagement] INFO  server.RaftServerConfigKeys (ConfUtils.java:logGet(46)) - raft.server.log.corruption.policy = EXCEPTION (default)
2024-01-14 16:58:57,565 [21dc7e34-f667-47e1-88cd-5882a68f9cf5-groupManagement] INFO  server.RaftServerConfigKeys (ConfUtils.java:logGet(46)) - raft.server.storage.dir = [/home/runner/work/ozone/ozone/hadoop-ozone/integration-test/target/test-dir/MiniOzoneClusterImpl-073b5688-48cc-4907-9326-51c03fe36003/datanode-5/data/ratis] (custom)
2024-01-14 16:58:57,565 [21dc7e34-f667-47e1-88cd-5882a68f9cf5-groupManagement] INFO  storage.RaftStorageDirectory (RaftStorageDirectoryImpl.java:analyzeStorage(138)) - The storage directory /home/runner/work/ozone/ozone/hadoop-ozone/integration-test/target/test-dir/MiniOzoneClusterImpl-073b5688-48cc-4907-9326-51c03fe36003/datanode-5/data/ratis/1f4bb9f9-1bf8-4c66-a110-f57a0e8be99f does not exist. Creating ...
2024-01-14 16:58:57,566 [21dc7e34-f667-47e1-88cd-5882a68f9cf5-groupManagement] INFO  storage.RaftStorageDirectory (RaftStorageDirectoryImpl.java:tryLock(228)) - Lock on /home/runner/work/ozone/ozone/hadoop-ozone/integration-test/target/test-dir/MiniOzoneClusterImpl-073b5688-48cc-4907-9326-51c03fe36003/datanode-5/data/ratis/1f4bb9f9-1bf8-4c66-a110-f57a0e8be99f/in_use.lock acquired by nodename 93954@fv-az1248-16
2024-01-14 16:58:57,567 [21dc7e34-f667-47e1-88cd-5882a68f9cf5-groupManagement] INFO  storage.RaftStorage (RaftStorageImpl.java:format(99)) - Storage directory /home/runner/work/ozone/ozone/hadoop-ozone/integration-test/target/test-dir/MiniOzoneClusterImpl-073b5688-48cc-4907-9326-51c03fe36003/datanode-5/data/ratis/1f4bb9f9-1bf8-4c66-a110-f57a0e8be99f has been successfully formatted.
2024-01-14 16:58:57,567 [21dc7e34-f667-47e1-88cd-5882a68f9cf5-groupManagement] WARN  util.FileUtils (LogUtils.java:supplyAndLog(63)) - Failed to Files.newInputStream /home/runner/work/ozone/ozone/hadoop-ozone/integration-test/target/test-dir/MiniOzoneClusterImpl-073b5688-48cc-4907-9326-51c03fe36003/datanode-5/data/ratis/1f4bb9f9-1bf8-4c66-a110-f57a0e8be99f/current/raft-meta.conf with options []: java.nio.file.NoSuchFileException: /home/runner/work/ozone/ozone/hadoop-ozone/integration-test/target/test-dir/MiniOzoneClusterImpl-073b5688-48cc-4907-9326-51c03fe36003/datanode-5/data/ratis/1f4bb9f9-1bf8-4c66-a110-f57a0e8be99f/current/raft-meta.conf
2024-01-14 16:58:57,568 [21dc7e34-f667-47e1-88cd-5882a68f9cf5-groupManagement] INFO  ratis.ContainerStateMachine (ContainerStateMachine.java:loadSnapshot(287)) - group-F57A0E8BE99F: The snapshot info is null. Setting the last applied index to:(t:0, i:~)
2024-01-14 16:58:57,568 [21dc7e34-f667-47e1-88cd-5882a68f9cf5-groupManagement] INFO  server.RaftServerConfigKeys (ConfUtils.java:logGet(46)) - raft.server.log.use.memory = false (default)
2024-01-14 16:58:57,568 [21dc7e34-f667-47e1-88cd-5882a68f9cf5-groupManagement] INFO  server.RaftServerConfigKeys (ConfUtils.java:logGet(46)) - raft.server.log.purge.gap = 1000000 (custom)
2024-01-14 16:58:57,568 [21dc7e34-f667-47e1-88cd-5882a68f9cf5-groupManagement] INFO  server.RaftServerConfigKeys (ConfUtils.java:logGet(46)) - raft.server.log.appender.buffer.byte-limit = 8388608 (custom)
2024-01-14 16:58:57,568 [21dc7e34-f667-47e1-88cd-5882a68f9cf5-groupManagement] INFO  server.RaftServerConfigKeys (ConfUtils.java:logGet(46)) - raft.server.log.statemachine.data.read.timeout = 1000ms (default)
2024-01-14 16:58:57,568 [21dc7e34-f667-47e1-88cd-5882a68f9cf5-groupManagement] INFO  server.RaftServerConfigKeys (ConfUtils.java:logGet(46)) - raft.server.log.purge.preservation.log.num = 0 (default)
2024-01-14 16:58:57,569 [EventQueue-PipelineReportForPipelineReportHandler] INFO  pipeline.PipelineReportHandler (PipelineReportHandler.java:processPipelineReport(136)) - Opened pipeline PipelineID=1f4bb9f9-1bf8-4c66-a110-f57a0e8be99f
2024-01-14 16:58:57,569 [EventQueue-OpenPipelineForHealthyPipelineSafeModeRule] INFO  safemode.SCMSafeModeManager (HealthyPipelineSafeModeRule.java:process(140)) - SCM in safe mode. Healthy pipelines reported count is 0, required healthy pipeline reported count is 1
2024-01-14 16:58:57,569 [21dc7e34-f667-47e1-88cd-5882a68f9cf5-groupManagement] INFO  server.RaftServerConfigKeys (ConfUtils.java:logGet(46)) - raft.server.log.segment.size.max = 67108864 (custom)
2024-01-14 16:58:57,570 [21dc7e34-f667-47e1-88cd-5882a68f9cf5-groupManagement] INFO  server.RaftServerConfigKeys (ConfUtils.java:logGet(46)) - raft.server.log.segment.cache.num.max = 2 (custom)
2024-01-14 16:58:57,570 [21dc7e34-f667-47e1-88cd-5882a68f9cf5-groupManagement] INFO  server.RaftServerConfigKeys (ConfUtils.java:logGet(46)) - raft.server.log.segment.cache.size.max = 200MB (=209715200) (default)
2024-01-14 16:58:57,570 [21dc7e34-f667-47e1-88cd-5882a68f9cf5-groupManagement] INFO  server.RaftServerConfigKeys (ConfUtils.java:logGet(46)) - raft.server.log.appender.buffer.byte-limit = 8388608 (custom)
2024-01-14 16:58:57,570 [21dc7e34-f667-47e1-88cd-5882a68f9cf5-groupManagement] INFO  util.AwaitToRun (AwaitToRun.java:start(81)) - Thread[21dc7e34-f667-47e1-88cd-5882a68f9cf5@group-F57A0E8BE99F-cacheEviction-AwaitToRun,5,main] started
2024-01-14 16:58:57,570 [21dc7e34-f667-47e1-88cd-5882a68f9cf5-groupManagement] INFO  segmented.SegmentedRaftLogWorker (SegmentedRaftLogWorker.java:<init>(182)) - new 21dc7e34-f667-47e1-88cd-5882a68f9cf5@group-F57A0E8BE99F-SegmentedRaftLogWorker for RaftStorageImpl:Storage Directory /home/runner/work/ozone/ozone/hadoop-ozone/integration-test/target/test-dir/MiniOzoneClusterImpl-073b5688-48cc-4907-9326-51c03fe36003/datanode-5/data/ratis/1f4bb9f9-1bf8-4c66-a110-f57a0e8be99f
2024-01-14 16:58:57,570 [21dc7e34-f667-47e1-88cd-5882a68f9cf5-groupManagement] INFO  server.RaftServerConfigKeys (ConfUtils.java:logGet(46)) - raft.server.log.queue.byte-limit = 4294967296 (custom)
2024-01-14 16:58:57,570 [21dc7e34-f667-47e1-88cd-5882a68f9cf5-groupManagement] INFO  server.RaftServerConfigKeys (ConfUtils.java:logGet(46)) - raft.server.log.queue.element-limit = 1024 (custom)
2024-01-14 16:58:57,570 [21dc7e34-f667-47e1-88cd-5882a68f9cf5-groupManagement] INFO  server.RaftServerConfigKeys (ConfUtils.java:logGet(46)) - raft.server.log.segment.size.max = 67108864 (custom)
2024-01-14 16:58:57,570 [21dc7e34-f667-47e1-88cd-5882a68f9cf5-groupManagement] INFO  server.RaftServerConfigKeys (ConfUtils.java:logGet(46)) - raft.server.log.preallocated.size = 4194304 (custom)
2024-01-14 16:58:57,571 [21dc7e34-f667-47e1-88cd-5882a68f9cf5-groupManagement] INFO  server.RaftServerConfigKeys (ConfUtils.java:logGet(46)) - raft.server.log.force.sync.num = 128 (default)
2024-01-14 16:58:57,571 [21dc7e34-f667-47e1-88cd-5882a68f9cf5-groupManagement] INFO  server.RaftServerConfigKeys (ConfUtils.java:logGet(46)) - raft.server.log.statemachine.data.sync = true (default)
2024-01-14 16:58:57,571 [21dc7e34-f667-47e1-88cd-5882a68f9cf5-groupManagement] INFO  server.RaftServerConfigKeys (ConfUtils.java:logGet(46)) - raft.server.log.statemachine.data.sync.timeout = 10s (default)
2024-01-14 16:58:57,571 [21dc7e34-f667-47e1-88cd-5882a68f9cf5-groupManagement] INFO  server.RaftServerConfigKeys (ConfUtils.java:logGet(46)) - raft.server.log.statemachine.data.sync.timeout.retry = 0 (custom)
2024-01-14 16:58:57,571 [21dc7e34-f667-47e1-88cd-5882a68f9cf5-groupManagement] INFO  server.RaftServerConfigKeys (ConfUtils.java:logGet(46)) - raft.server.log.write.buffer.size = 8388616 (custom)
2024-01-14 16:58:57,573 [21dc7e34-f667-47e1-88cd-5882a68f9cf5-groupManagement] INFO  server.RaftServerConfigKeys (ConfUtils.java:logGet(46)) - raft.server.log.appender.buffer.byte-limit = 8388608 (custom)
2024-01-14 16:58:57,573 [21dc7e34-f667-47e1-88cd-5882a68f9cf5-groupManagement] INFO  server.RaftServerConfigKeys (ConfUtils.java:logGet(46)) - raft.server.log.unsafe-flush.enabled = false (default)
2024-01-14 16:58:57,573 [21dc7e34-f667-47e1-88cd-5882a68f9cf5-groupManagement] INFO  server.RaftServerConfigKeys (ConfUtils.java:logGet(46)) - raft.server.log.async-flush.enabled = false (default)
2024-01-14 16:58:57,573 [21dc7e34-f667-47e1-88cd-5882a68f9cf5-groupManagement] INFO  server.RaftServerConfigKeys (ConfUtils.java:logGet(46)) - raft.server.log.statemachine.data.caching.enabled = true (custom)
2024-01-14 16:58:57,573 [21dc7e34-f667-47e1-88cd-5882a68f9cf5-groupManagement] INFO  segmented.SegmentedRaftLogWorker (SegmentedRaftLogWorker.java:lambda$new$0(134)) - 21dc7e34-f667-47e1-88cd-5882a68f9cf5@group-F57A0E8BE99F-SegmentedRaftLogWorker: flushIndex: setUnconditionally 0 -> -1
2024-01-14 16:58:57,573 [21dc7e34-f667-47e1-88cd-5882a68f9cf5-groupManagement] INFO  segmented.SegmentedRaftLogWorker (SegmentedRaftLogWorker.java:lambda$new$0(134)) - 21dc7e34-f667-47e1-88cd-5882a68f9cf5@group-F57A0E8BE99F-SegmentedRaftLogWorker: safeCacheEvictIndex: setUnconditionally 0 -> -1
2024-01-14 16:58:57,573 [21dc7e34-f667-47e1-88cd-5882a68f9cf5-groupManagement] INFO  server.RaftServer$Division (RaftServerImpl.java:start(396)) - 21dc7e34-f667-47e1-88cd-5882a68f9cf5@group-F57A0E8BE99F: start as a follower, conf=-1: peers:[21dc7e34-f667-47e1-88cd-5882a68f9cf5|10.1.0.34:15148]|listeners:[], old=null
2024-01-14 16:58:57,574 [21dc7e34-f667-47e1-88cd-5882a68f9cf5-groupManagement] INFO  server.RaftServer$Division (RaftServerImpl.java:setRole(383)) - 21dc7e34-f667-47e1-88cd-5882a68f9cf5@group-F57A0E8BE99F: changes role from      null to FOLLOWER at term 0 for startAsFollower
2024-01-14 16:58:57,574 [21dc7e34-f667-47e1-88cd-5882a68f9cf5-groupManagement] INFO  impl.RoleInfo (RoleInfo.java:updateAndGet(139)) - 21dc7e34-f667-47e1-88cd-5882a68f9cf5: start 21dc7e34-f667-47e1-88cd-5882a68f9cf5@group-F57A0E8BE99F-FollowerState
2024-01-14 16:58:57,574 [21dc7e34-f667-47e1-88cd-5882a68f9cf5@group-F57A0E8BE99F-FollowerState] INFO  server.RaftServerConfigKeys (ConfUtils.java:logFallback(53)) - raft.server.rpc.first-election.timeout.min = 5s (fallback to raft.server.rpc.timeout.min)
2024-01-14 16:58:57,574 [21dc7e34-f667-47e1-88cd-5882a68f9cf5-groupManagement] INFO  util.JmxRegister (JmxRegister.java:tryRegister(44)) - Successfully registered JMX Bean with object name Ratis:service=RaftServer,group=group-F57A0E8BE99F,id=21dc7e34-f667-47e1-88cd-5882a68f9cf5
2024-01-14 16:58:57,574 [21dc7e34-f667-47e1-88cd-5882a68f9cf5@group-F57A0E8BE99F-FollowerState] INFO  server.RaftServerConfigKeys (ConfUtils.java:logFallback(53)) - raft.server.rpc.first-election.timeout.max = 5200ms (fallback to raft.server.rpc.timeout.max)
2024-01-14 16:58:57,574 [21dc7e34-f667-47e1-88cd-5882a68f9cf5-groupManagement] INFO  server.RaftServerConfigKeys (ConfUtils.java:logGet(46)) - raft.server.snapshot.trigger-when-stop.enabled = true (default)
2024-01-14 16:58:57,574 [21dc7e34-f667-47e1-88cd-5882a68f9cf5-groupManagement] INFO  server.RaftServerConfigKeys (ConfUtils.java:logGet(46)) - raft.server.snapshot.auto.trigger.enabled = true (custom)
2024-01-14 16:58:57,574 [21dc7e34-f667-47e1-88cd-5882a68f9cf5-groupManagement] INFO  server.RaftServerConfigKeys (ConfUtils.java:logGet(46)) - raft.server.snapshot.auto.trigger.threshold = 10000 (custom)
2024-01-14 16:58:57,574 [21dc7e34-f667-47e1-88cd-5882a68f9cf5-groupManagement] INFO  server.RaftServerConfigKeys (ConfUtils.java:logGet(46)) - raft.server.snapshot.retention.file.num = 5 (custom)
2024-01-14 16:58:57,574 [21dc7e34-f667-47e1-88cd-5882a68f9cf5-groupManagement] INFO  server.RaftServerConfigKeys (ConfUtils.java:logGet(46)) - raft.server.log.purge.upto.snapshot.index = false (default)
2024-01-14 16:58:57,575 [21dc7e34-f667-47e1-88cd-5882a68f9cf5-PipelineCommandHandlerThread-0] INFO  ratis.XceiverServerRatis (XceiverServerRatis.java:addGroup(842)) - Created group PipelineID=1f4bb9f9-1bf8-4c66-a110-f57a0e8be99f
2024-01-14 16:58:57,575 [21dc7e34-f667-47e1-88cd-5882a68f9cf5-PipelineCommandHandlerThread-0] INFO  commandhandler.CreatePipelineCommandHandler (CreatePipelineCommandHandler.java:lambda$handle$2(124)) - Created Pipeline RATIS ONE PipelineID=1f4bb9f9-1bf8-4c66-a110-f57a0e8be99f.
2024-01-14 16:58:57,659 [fd48a60a-820f-4974-a983-c7065961ec94-PipelineCommandHandlerThread-0] INFO  server.RaftServer (RaftServerProxy.java:addNew(100)) - fd48a60a-820f-4974-a983-c7065961ec94: addNew group-D2FDA283D797:[fd48a60a-820f-4974-a983-c7065961ec94|10.1.0.34:15157] returns group-D2FDA283D797:java.util.concurrent.CompletableFuture@1f37489f[Not completed]
2024-01-14 16:58:57,659 [fd48a60a-820f-4974-a983-c7065961ec94-groupManagement] INFO  server.RaftServer$Division (RaftServerImpl.java:<init>(256)) - fd48a60a-820f-4974-a983-c7065961ec94: new RaftServerImpl for group-D2FDA283D797:[fd48a60a-820f-4974-a983-c7065961ec94|10.1.0.34:15157] with ContainerStateMachine:uninitialized
2024-01-14 16:58:57,660 [fd48a60a-820f-4974-a983-c7065961ec94-groupManagement] INFO  server.RaftServerConfigKeys (ConfUtils.java:logGet(46)) - raft.server.rpc.timeout.min = 5s (custom)
2024-01-14 16:58:57,660 [fd48a60a-820f-4974-a983-c7065961ec94-groupManagement] INFO  server.RaftServerConfigKeys (ConfUtils.java:logGet(46)) - raft.server.rpc.timeout.max = 5200ms (custom)
2024-01-14 16:58:57,660 [fd48a60a-820f-4974-a983-c7065961ec94-groupManagement] INFO  server.RaftServerConfigKeys (ConfUtils.java:logGet(46)) - raft.server.rpc.sleep.time = 25ms (default)
2024-01-14 16:58:57,660 [fd48a60a-820f-4974-a983-c7065961ec94-groupManagement] INFO  server.RaftServerConfigKeys (ConfUtils.java:logGet(46)) - raft.server.rpc.slowness.timeout = 300000ms (custom)
2024-01-14 16:58:57,660 [fd48a60a-820f-4974-a983-c7065961ec94-groupManagement] INFO  server.RaftServerConfigKeys (ConfUtils.java:logGet(46)) - raft.server.leaderelection.leader.step-down.wait-time = 10s (default)
2024-01-14 16:58:57,660 [fd48a60a-820f-4974-a983-c7065961ec94-groupManagement] INFO  server.RaftServerConfigKeys (ConfUtils.java:logGet(46)) - raft.server.leaderelection.member.majority-add = false (default)
2024-01-14 16:58:57,660 [fd48a60a-820f-4974-a983-c7065961ec94-groupManagement] INFO  server.RaftServerConfigKeys (ConfUtils.java:logGet(46)) - raft.server.sleep.deviation.threshold = 300ms (default)
2024-01-14 16:58:57,660 [fd48a60a-820f-4974-a983-c7065961ec94-groupManagement] INFO  server.RaftServer$Division (ServerState.java:<init>(113)) - fd48a60a-820f-4974-a983-c7065961ec94@group-D2FDA283D797: ConfigurationManager, init=-1: peers:[fd48a60a-820f-4974-a983-c7065961ec94|10.1.0.34:15157]|listeners:[], old=null, confs=<EMPTY_MAP>
2024-01-14 16:58:57,660 [fd48a60a-820f-4974-a983-c7065961ec94-groupManagement] INFO  server.RaftServerConfigKeys (ConfUtils.java:logGet(46)) - raft.server.notification.no-leader.timeout = 300000ms (custom)
2024-01-14 16:58:57,660 [fd48a60a-820f-4974-a983-c7065961ec94-groupManagement] INFO  server.RaftServerConfigKeys (ConfUtils.java:logGet(46)) - raft.server.read.timeout = 10s (default)
2024-01-14 16:58:57,660 [fd48a60a-820f-4974-a983-c7065961ec94-groupManagement] INFO  server.RaftServerConfigKeys (ConfUtils.java:logGet(46)) - raft.server.retrycache.expirytime = 600000ms (custom)
2024-01-14 16:58:57,660 [fd48a60a-820f-4974-a983-c7065961ec94-groupManagement] INFO  server.RaftServerConfigKeys (ConfUtils.java:logGet(46)) - raft.server.retrycache.statistics.expirytime = 100ms (default)
2024-01-14 16:58:57,660 [fd48a60a-820f-4974-a983-c7065961ec94-groupManagement] INFO  server.RaftServerConfigKeys (ConfUtils.java:logGet(46)) - raft.server.read.option = DEFAULT (default)
2024-01-14 16:58:57,660 [fd48a60a-820f-4974-a983-c7065961ec94-groupManagement] INFO  server.RaftServerConfigKeys (ConfUtils.java:logGet(46)) - raft.server.read.read-after-write-consistent.write-index-cache.expiry-time = 60s (default)
2024-01-14 16:58:57,662 [fd48a60a-820f-4974-a983-c7065961ec94-groupManagement] INFO  server.RaftServerConfigKeys (ConfUtils.java:logGet(46)) - raft.server.rpc.request.timeout = 3000ms (default)
2024-01-14 16:58:57,662 [fd48a60a-820f-4974-a983-c7065961ec94-groupManagement] INFO  server.RaftServerConfigKeys (ConfUtils.java:logGet(46)) - raft.server.log.appender.install.snapshot.enabled = false (custom)
2024-01-14 16:58:57,662 [fd48a60a-820f-4974-a983-c7065961ec94-groupManagement] INFO  server.RaftServerConfigKeys (ConfUtils.java:logGet(46)) - raft.server.threadpool.server.cached = true (default)
2024-01-14 16:58:57,662 [fd48a60a-820f-4974-a983-c7065961ec94-groupManagement] INFO  server.RaftServerConfigKeys (ConfUtils.java:logGet(46)) - raft.server.threadpool.server.size = 0 (default)
2024-01-14 16:58:57,662 [fd48a60a-820f-4974-a983-c7065961ec94-groupManagement] INFO  server.RaftServerConfigKeys (ConfUtils.java:logGet(46)) - raft.server.threadpool.client.cached = true (default)
2024-01-14 16:58:57,662 [fd48a60a-820f-4974-a983-c7065961ec94-groupManagement] INFO  server.RaftServerConfigKeys (ConfUtils.java:logGet(46)) - raft.server.threadpool.client.size = 0 (default)
2024-01-14 16:58:57,662 [fd48a60a-820f-4974-a983-c7065961ec94-groupManagement] INFO  server.RaftServerConfigKeys (ConfUtils.java:logGet(46)) - raft.server.storage.free-space.min = 0MB (=0) (default)
2024-01-14 16:58:57,663 [fd48a60a-820f-4974-a983-c7065961ec94-groupManagement] INFO  server.RaftServerConfigKeys (ConfUtils.java:logGet(46)) - raft.server.log.corruption.policy = EXCEPTION (default)
2024-01-14 16:58:57,663 [fd48a60a-820f-4974-a983-c7065961ec94-groupManagement] INFO  server.RaftServerConfigKeys (ConfUtils.java:logGet(46)) - raft.server.storage.dir = [/home/runner/work/ozone/ozone/hadoop-ozone/integration-test/target/test-dir/MiniOzoneClusterImpl-073b5688-48cc-4907-9326-51c03fe36003/datanode-6/data/ratis] (custom)
2024-01-14 16:58:57,663 [fd48a60a-820f-4974-a983-c7065961ec94-groupManagement] INFO  storage.RaftStorageDirectory (RaftStorageDirectoryImpl.java:analyzeStorage(138)) - The storage directory /home/runner/work/ozone/ozone/hadoop-ozone/integration-test/target/test-dir/MiniOzoneClusterImpl-073b5688-48cc-4907-9326-51c03fe36003/datanode-6/data/ratis/1c0e4a18-1388-4101-8a5c-d2fda283d797 does not exist. Creating ...
2024-01-14 16:58:57,664 [fd48a60a-820f-4974-a983-c7065961ec94-groupManagement] INFO  storage.RaftStorageDirectory (RaftStorageDirectoryImpl.java:tryLock(228)) - Lock on /home/runner/work/ozone/ozone/hadoop-ozone/integration-test/target/test-dir/MiniOzoneClusterImpl-073b5688-48cc-4907-9326-51c03fe36003/datanode-6/data/ratis/1c0e4a18-1388-4101-8a5c-d2fda283d797/in_use.lock acquired by nodename 93954@fv-az1248-16
2024-01-14 16:58:57,664 [fd48a60a-820f-4974-a983-c7065961ec94-groupManagement] INFO  storage.RaftStorage (RaftStorageImpl.java:format(99)) - Storage directory /home/runner/work/ozone/ozone/hadoop-ozone/integration-test/target/test-dir/MiniOzoneClusterImpl-073b5688-48cc-4907-9326-51c03fe36003/datanode-6/data/ratis/1c0e4a18-1388-4101-8a5c-d2fda283d797 has been successfully formatted.
2024-01-14 16:58:57,665 [fd48a60a-820f-4974-a983-c7065961ec94-groupManagement] WARN  util.FileUtils (LogUtils.java:supplyAndLog(63)) - Failed to Files.newInputStream /home/runner/work/ozone/ozone/hadoop-ozone/integration-test/target/test-dir/MiniOzoneClusterImpl-073b5688-48cc-4907-9326-51c03fe36003/datanode-6/data/ratis/1c0e4a18-1388-4101-8a5c-d2fda283d797/current/raft-meta.conf with options []: java.nio.file.NoSuchFileException: /home/runner/work/ozone/ozone/hadoop-ozone/integration-test/target/test-dir/MiniOzoneClusterImpl-073b5688-48cc-4907-9326-51c03fe36003/datanode-6/data/ratis/1c0e4a18-1388-4101-8a5c-d2fda283d797/current/raft-meta.conf
2024-01-14 16:58:57,666 [fd48a60a-820f-4974-a983-c7065961ec94-groupManagement] INFO  ratis.ContainerStateMachine (ContainerStateMachine.java:loadSnapshot(287)) - group-D2FDA283D797: The snapshot info is null. Setting the last applied index to:(t:0, i:~)
2024-01-14 16:58:57,666 [fd48a60a-820f-4974-a983-c7065961ec94-groupManagement] INFO  server.RaftServerConfigKeys (ConfUtils.java:logGet(46)) - raft.server.log.use.memory = false (default)
2024-01-14 16:58:57,666 [fd48a60a-820f-4974-a983-c7065961ec94-groupManagement] INFO  server.RaftServerConfigKeys (ConfUtils.java:logGet(46)) - raft.server.log.purge.gap = 1000000 (custom)
2024-01-14 16:58:57,666 [fd48a60a-820f-4974-a983-c7065961ec94-groupManagement] INFO  server.RaftServerConfigKeys (ConfUtils.java:logGet(46)) - raft.server.log.appender.buffer.byte-limit = 8388608 (custom)
2024-01-14 16:58:57,666 [fd48a60a-820f-4974-a983-c7065961ec94-groupManagement] INFO  server.RaftServerConfigKeys (ConfUtils.java:logGet(46)) - raft.server.log.statemachine.data.read.timeout = 1000ms (default)
2024-01-14 16:58:57,666 [fd48a60a-820f-4974-a983-c7065961ec94-groupManagement] INFO  server.RaftServerConfigKeys (ConfUtils.java:logGet(46)) - raft.server.log.purge.preservation.log.num = 0 (default)
2024-01-14 16:58:57,667 [EventQueue-PipelineReportForPipelineReportHandler] INFO  pipeline.PipelineReportHandler (PipelineReportHandler.java:processPipelineReport(136)) - Opened pipeline PipelineID=1c0e4a18-1388-4101-8a5c-d2fda283d797
2024-01-14 16:58:57,667 [EventQueue-OpenPipelineForHealthyPipelineSafeModeRule] INFO  safemode.SCMSafeModeManager (HealthyPipelineSafeModeRule.java:process(140)) - SCM in safe mode. Healthy pipelines reported count is 0, required healthy pipeline reported count is 1
2024-01-14 16:58:57,667 [fd48a60a-820f-4974-a983-c7065961ec94-groupManagement] INFO  server.RaftServerConfigKeys (ConfUtils.java:logGet(46)) - raft.server.log.segment.size.max = 67108864 (custom)
2024-01-14 16:58:57,668 [fd48a60a-820f-4974-a983-c7065961ec94-groupManagement] INFO  server.RaftServerConfigKeys (ConfUtils.java:logGet(46)) - raft.server.log.segment.cache.num.max = 2 (custom)
2024-01-14 16:58:57,668 [fd48a60a-820f-4974-a983-c7065961ec94-groupManagement] INFO  server.RaftServerConfigKeys (ConfUtils.java:logGet(46)) - raft.server.log.segment.cache.size.max = 200MB (=209715200) (default)
2024-01-14 16:58:57,668 [fd48a60a-820f-4974-a983-c7065961ec94-groupManagement] INFO  server.RaftServerConfigKeys (ConfUtils.java:logGet(46)) - raft.server.log.appender.buffer.byte-limit = 8388608 (custom)
2024-01-14 16:58:57,668 [fd48a60a-820f-4974-a983-c7065961ec94-groupManagement] INFO  util.AwaitToRun (AwaitToRun.java:start(81)) - Thread[fd48a60a-820f-4974-a983-c7065961ec94@group-D2FDA283D797-cacheEviction-AwaitToRun,5,main] started
2024-01-14 16:58:57,668 [fd48a60a-820f-4974-a983-c7065961ec94-groupManagement] INFO  segmented.SegmentedRaftLogWorker (SegmentedRaftLogWorker.java:<init>(182)) - new fd48a60a-820f-4974-a983-c7065961ec94@group-D2FDA283D797-SegmentedRaftLogWorker for RaftStorageImpl:Storage Directory /home/runner/work/ozone/ozone/hadoop-ozone/integration-test/target/test-dir/MiniOzoneClusterImpl-073b5688-48cc-4907-9326-51c03fe36003/datanode-6/data/ratis/1c0e4a18-1388-4101-8a5c-d2fda283d797
2024-01-14 16:58:57,668 [fd48a60a-820f-4974-a983-c7065961ec94-groupManagement] INFO  server.RaftServerConfigKeys (ConfUtils.java:logGet(46)) - raft.server.log.queue.byte-limit = 4294967296 (custom)
2024-01-14 16:58:57,668 [fd48a60a-820f-4974-a983-c7065961ec94-groupManagement] INFO  server.RaftServerConfigKeys (ConfUtils.java:logGet(46)) - raft.server.log.queue.element-limit = 1024 (custom)
2024-01-14 16:58:57,668 [fd48a60a-820f-4974-a983-c7065961ec94-groupManagement] INFO  server.RaftServerConfigKeys (ConfUtils.java:logGet(46)) - raft.server.log.segment.size.max = 67108864 (custom)
2024-01-14 16:58:57,668 [fd48a60a-820f-4974-a983-c7065961ec94-groupManagement] INFO  server.RaftServerConfigKeys (ConfUtils.java:logGet(46)) - raft.server.log.preallocated.size = 4194304 (custom)
2024-01-14 16:58:57,668 [fd48a60a-820f-4974-a983-c7065961ec94-groupManagement] INFO  server.RaftServerConfigKeys (ConfUtils.java:logGet(46)) - raft.server.log.force.sync.num = 128 (default)
2024-01-14 16:58:57,669 [fd48a60a-820f-4974-a983-c7065961ec94-groupManagement] INFO  server.RaftServerConfigKeys (ConfUtils.java:logGet(46)) - raft.server.log.statemachine.data.sync = true (default)
2024-01-14 16:58:57,669 [fd48a60a-820f-4974-a983-c7065961ec94-groupManagement] INFO  server.RaftServerConfigKeys (ConfUtils.java:logGet(46)) - raft.server.log.statemachine.data.sync.timeout = 10s (default)
2024-01-14 16:58:57,669 [fd48a60a-820f-4974-a983-c7065961ec94-groupManagement] INFO  server.RaftServerConfigKeys (ConfUtils.java:logGet(46)) - raft.server.log.statemachine.data.sync.timeout.retry = 0 (custom)
2024-01-14 16:58:57,669 [fd48a60a-820f-4974-a983-c7065961ec94-groupManagement] INFO  server.RaftServerConfigKeys (ConfUtils.java:logGet(46)) - raft.server.log.write.buffer.size = 8388616 (custom)
2024-01-14 16:58:57,670 [fd48a60a-820f-4974-a983-c7065961ec94-groupManagement] INFO  server.RaftServerConfigKeys (ConfUtils.java:logGet(46)) - raft.server.log.appender.buffer.byte-limit = 8388608 (custom)
2024-01-14 16:58:57,671 [fd48a60a-820f-4974-a983-c7065961ec94-groupManagement] INFO  server.RaftServerConfigKeys (ConfUtils.java:logGet(46)) - raft.server.log.unsafe-flush.enabled = false (default)
2024-01-14 16:58:57,671 [fd48a60a-820f-4974-a983-c7065961ec94-groupManagement] INFO  server.RaftServerConfigKeys (ConfUtils.java:logGet(46)) - raft.server.log.async-flush.enabled = false (default)
2024-01-14 16:58:57,671 [fd48a60a-820f-4974-a983-c7065961ec94-groupManagement] INFO  server.RaftServerConfigKeys (ConfUtils.java:logGet(46)) - raft.server.log.statemachine.data.caching.enabled = true (custom)
2024-01-14 16:58:57,671 [fd48a60a-820f-4974-a983-c7065961ec94-groupManagement] INFO  segmented.SegmentedRaftLogWorker (SegmentedRaftLogWorker.java:lambda$new$0(134)) - fd48a60a-820f-4974-a983-c7065961ec94@group-D2FDA283D797-SegmentedRaftLogWorker: flushIndex: setUnconditionally 0 -> -1
2024-01-14 16:58:57,671 [fd48a60a-820f-4974-a983-c7065961ec94-groupManagement] INFO  segmented.SegmentedRaftLogWorker (SegmentedRaftLogWorker.java:lambda$new$0(134)) - fd48a60a-820f-4974-a983-c7065961ec94@group-D2FDA283D797-SegmentedRaftLogWorker: safeCacheEvictIndex: setUnconditionally 0 -> -1
2024-01-14 16:58:57,671 [fd48a60a-820f-4974-a983-c7065961ec94-groupManagement] INFO  server.RaftServer$Division (RaftServerImpl.java:start(396)) - fd48a60a-820f-4974-a983-c7065961ec94@group-D2FDA283D797: start as a follower, conf=-1: peers:[fd48a60a-820f-4974-a983-c7065961ec94|10.1.0.34:15157]|listeners:[], old=null
2024-01-14 16:58:57,671 [fd48a60a-820f-4974-a983-c7065961ec94-groupManagement] INFO  server.RaftServer$Division (RaftServerImpl.java:setRole(383)) - fd48a60a-820f-4974-a983-c7065961ec94@group-D2FDA283D797: changes role from      null to FOLLOWER at term 0 for startAsFollower
2024-01-14 16:58:57,671 [fd48a60a-820f-4974-a983-c7065961ec94-groupManagement] INFO  impl.RoleInfo (RoleInfo.java:updateAndGet(139)) - fd48a60a-820f-4974-a983-c7065961ec94: start fd48a60a-820f-4974-a983-c7065961ec94@group-D2FDA283D797-FollowerState
2024-01-14 16:58:57,671 [fd48a60a-820f-4974-a983-c7065961ec94-groupManagement] INFO  util.JmxRegister (JmxRegister.java:tryRegister(44)) - Successfully registered JMX Bean with object name Ratis:service=RaftServer,group=group-D2FDA283D797,id=fd48a60a-820f-4974-a983-c7065961ec94
2024-01-14 16:58:57,671 [fd48a60a-820f-4974-a983-c7065961ec94-groupManagement] INFO  server.RaftServerConfigKeys (ConfUtils.java:logGet(46)) - raft.server.snapshot.trigger-when-stop.enabled = true (default)
2024-01-14 16:58:57,672 [fd48a60a-820f-4974-a983-c7065961ec94-groupManagement] INFO  server.RaftServerConfigKeys (ConfUtils.java:logGet(46)) - raft.server.snapshot.auto.trigger.enabled = true (custom)
2024-01-14 16:58:57,672 [fd48a60a-820f-4974-a983-c7065961ec94-groupManagement] INFO  server.RaftServerConfigKeys (ConfUtils.java:logGet(46)) - raft.server.snapshot.auto.trigger.threshold = 10000 (custom)
2024-01-14 16:58:57,672 [fd48a60a-820f-4974-a983-c7065961ec94-groupManagement] INFO  server.RaftServerConfigKeys (ConfUtils.java:logGet(46)) - raft.server.snapshot.retention.file.num = 5 (custom)
2024-01-14 16:58:57,672 [fd48a60a-820f-4974-a983-c7065961ec94-groupManagement] INFO  server.RaftServerConfigKeys (ConfUtils.java:logGet(46)) - raft.server.log.purge.upto.snapshot.index = false (default)
2024-01-14 16:58:57,672 [fd48a60a-820f-4974-a983-c7065961ec94@group-D2FDA283D797-FollowerState] INFO  server.RaftServerConfigKeys (ConfUtils.java:logFallback(53)) - raft.server.rpc.first-election.timeout.min = 5s (fallback to raft.server.rpc.timeout.min)
2024-01-14 16:58:57,672 [fd48a60a-820f-4974-a983-c7065961ec94-PipelineCommandHandlerThread-0] INFO  ratis.XceiverServerRatis (XceiverServerRatis.java:addGroup(842)) - Created group PipelineID=1c0e4a18-1388-4101-8a5c-d2fda283d797
2024-01-14 16:58:57,672 [fd48a60a-820f-4974-a983-c7065961ec94@group-D2FDA283D797-FollowerState] INFO  server.RaftServerConfigKeys (ConfUtils.java:logFallback(53)) - raft.server.rpc.first-election.timeout.max = 5200ms (fallback to raft.server.rpc.timeout.max)
2024-01-14 16:58:57,673 [fd48a60a-820f-4974-a983-c7065961ec94-PipelineCommandHandlerThread-0] INFO  commandhandler.CreatePipelineCommandHandler (CreatePipelineCommandHandler.java:lambda$handle$2(124)) - Created Pipeline RATIS ONE PipelineID=1c0e4a18-1388-4101-8a5c-d2fda283d797.
2024-01-14 16:58:57,673 [fd48a60a-820f-4974-a983-c7065961ec94-PipelineCommandHandlerThread-0] INFO  server.RaftServer (RaftServerProxy.java:addNew(100)) - fd48a60a-820f-4974-a983-c7065961ec94: addNew group-682A4B85AB5F:[fd48a60a-820f-4974-a983-c7065961ec94|10.1.0.34:15157, eb54ab2f-dc88-49fd-8d6c-2a4c844f47e7|10.1.0.34:15175, 7ded70f2-1c6f-4acc-8465-7e233baee92c|10.1.0.34:15166] returns group-682A4B85AB5F:java.util.concurrent.CompletableFuture@1b08cfa1[Not completed]
2024-01-14 16:58:57,674 [fd48a60a-820f-4974-a983-c7065961ec94-groupManagement] INFO  server.RaftServer$Division (RaftServerImpl.java:<init>(256)) - fd48a60a-820f-4974-a983-c7065961ec94: new RaftServerImpl for group-682A4B85AB5F:[fd48a60a-820f-4974-a983-c7065961ec94|10.1.0.34:15157, eb54ab2f-dc88-49fd-8d6c-2a4c844f47e7|10.1.0.34:15175, 7ded70f2-1c6f-4acc-8465-7e233baee92c|10.1.0.34:15166] with ContainerStateMachine:uninitialized
2024-01-14 16:58:57,674 [fd48a60a-820f-4974-a983-c7065961ec94-groupManagement] INFO  server.RaftServerConfigKeys (ConfUtils.java:logGet(46)) - raft.server.rpc.timeout.min = 5s (custom)
2024-01-14 16:58:57,674 [fd48a60a-820f-4974-a983-c7065961ec94-groupManagement] INFO  server.RaftServerConfigKeys (ConfUtils.java:logGet(46)) - raft.server.rpc.timeout.max = 5200ms (custom)
2024-01-14 16:58:57,674 [fd48a60a-820f-4974-a983-c7065961ec94-groupManagement] INFO  server.RaftServerConfigKeys (ConfUtils.java:logGet(46)) - raft.server.rpc.sleep.time = 25ms (default)
2024-01-14 16:58:57,674 [fd48a60a-820f-4974-a983-c7065961ec94-groupManagement] INFO  server.RaftServerConfigKeys (ConfUtils.java:logGet(46)) - raft.server.rpc.slowness.timeout = 300000ms (custom)
2024-01-14 16:58:57,674 [fd48a60a-820f-4974-a983-c7065961ec94-groupManagement] INFO  server.RaftServerConfigKeys (ConfUtils.java:logGet(46)) - raft.server.leaderelection.leader.step-down.wait-time = 10s (default)
2024-01-14 16:58:57,674 [fd48a60a-820f-4974-a983-c7065961ec94-groupManagement] INFO  server.RaftServerConfigKeys (ConfUtils.java:logGet(46)) - raft.server.leaderelection.member.majority-add = false (default)
2024-01-14 16:58:57,674 [fd48a60a-820f-4974-a983-c7065961ec94-groupManagement] INFO  server.RaftServerConfigKeys (ConfUtils.java:logGet(46)) - raft.server.sleep.deviation.threshold = 300ms (default)
2024-01-14 16:58:57,674 [fd48a60a-820f-4974-a983-c7065961ec94-groupManagement] INFO  server.RaftServer$Division (ServerState.java:<init>(113)) - fd48a60a-820f-4974-a983-c7065961ec94@group-682A4B85AB5F: ConfigurationManager, init=-1: peers:[fd48a60a-820f-4974-a983-c7065961ec94|10.1.0.34:15157, eb54ab2f-dc88-49fd-8d6c-2a4c844f47e7|10.1.0.34:15175, 7ded70f2-1c6f-4acc-8465-7e233baee92c|10.1.0.34:15166]|listeners:[], old=null, confs=<EMPTY_MAP>
2024-01-14 16:58:57,674 [fd48a60a-820f-4974-a983-c7065961ec94-groupManagement] INFO  server.RaftServerConfigKeys (ConfUtils.java:logGet(46)) - raft.server.notification.no-leader.timeout = 300000ms (custom)
2024-01-14 16:58:57,674 [fd48a60a-820f-4974-a983-c7065961ec94-groupManagement] INFO  server.RaftServerConfigKeys (ConfUtils.java:logGet(46)) - raft.server.read.timeout = 10s (default)
2024-01-14 16:58:57,674 [fd48a60a-820f-4974-a983-c7065961ec94-groupManagement] INFO  server.RaftServerConfigKeys (ConfUtils.java:logGet(46)) - raft.server.retrycache.expirytime = 600000ms (custom)
2024-01-14 16:58:57,674 [fd48a60a-820f-4974-a983-c7065961ec94-groupManagement] INFO  server.RaftServerConfigKeys (ConfUtils.java:logGet(46)) - raft.server.retrycache.statistics.expirytime = 100ms (default)
2024-01-14 16:58:57,674 [fd48a60a-820f-4974-a983-c7065961ec94-groupManagement] INFO  server.RaftServerConfigKeys (ConfUtils.java:logGet(46)) - raft.server.read.option = DEFAULT (default)
2024-01-14 16:58:57,674 [fd48a60a-820f-4974-a983-c7065961ec94-groupManagement] INFO  server.RaftServerConfigKeys (ConfUtils.java:logGet(46)) - raft.server.read.read-after-write-consistent.write-index-cache.expiry-time = 60s (default)
2024-01-14 16:58:57,676 [fd48a60a-820f-4974-a983-c7065961ec94-groupManagement] INFO  server.RaftServerConfigKeys (ConfUtils.java:logGet(46)) - raft.server.rpc.request.timeout = 3000ms (default)
2024-01-14 16:58:57,676 [fd48a60a-820f-4974-a983-c7065961ec94-groupManagement] INFO  server.RaftServerConfigKeys (ConfUtils.java:logGet(46)) - raft.server.log.appender.install.snapshot.enabled = false (custom)
2024-01-14 16:58:57,676 [fd48a60a-820f-4974-a983-c7065961ec94-groupManagement] INFO  server.RaftServerConfigKeys (ConfUtils.java:logGet(46)) - raft.server.threadpool.server.cached = true (default)
2024-01-14 16:58:57,676 [fd48a60a-820f-4974-a983-c7065961ec94-groupManagement] INFO  server.RaftServerConfigKeys (ConfUtils.java:logGet(46)) - raft.server.threadpool.server.size = 0 (default)
2024-01-14 16:58:57,676 [fd48a60a-820f-4974-a983-c7065961ec94-groupManagement] INFO  server.RaftServerConfigKeys (ConfUtils.java:logGet(46)) - raft.server.threadpool.client.cached = true (default)
2024-01-14 16:58:57,676 [fd48a60a-820f-4974-a983-c7065961ec94-groupManagement] INFO  server.RaftServerConfigKeys (ConfUtils.java:logGet(46)) - raft.server.threadpool.client.size = 0 (default)
2024-01-14 16:58:57,676 [fd48a60a-820f-4974-a983-c7065961ec94-groupManagement] INFO  server.RaftServerConfigKeys (ConfUtils.java:logGet(46)) - raft.server.storage.free-space.min = 0MB (=0) (default)
2024-01-14 16:58:57,676 [fd48a60a-820f-4974-a983-c7065961ec94-groupManagement] INFO  server.RaftServerConfigKeys (ConfUtils.java:logGet(46)) - raft.server.log.corruption.policy = EXCEPTION (default)
2024-01-14 16:58:57,676 [fd48a60a-820f-4974-a983-c7065961ec94-groupManagement] INFO  server.RaftServerConfigKeys (ConfUtils.java:logGet(46)) - raft.server.storage.dir = [/home/runner/work/ozone/ozone/hadoop-ozone/integration-test/target/test-dir/MiniOzoneClusterImpl-073b5688-48cc-4907-9326-51c03fe36003/datanode-6/data/ratis] (custom)
2024-01-14 16:58:57,676 [fd48a60a-820f-4974-a983-c7065961ec94-groupManagement] INFO  storage.RaftStorageDirectory (RaftStorageDirectoryImpl.java:analyzeStorage(138)) - The storage directory /home/runner/work/ozone/ozone/hadoop-ozone/integration-test/target/test-dir/MiniOzoneClusterImpl-073b5688-48cc-4907-9326-51c03fe36003/datanode-6/data/ratis/812cd810-4bbd-4eee-a156-682a4b85ab5f does not exist. Creating ...
2024-01-14 16:58:57,677 [fd48a60a-820f-4974-a983-c7065961ec94-groupManagement] INFO  storage.RaftStorageDirectory (RaftStorageDirectoryImpl.java:tryLock(228)) - Lock on /home/runner/work/ozone/ozone/hadoop-ozone/integration-test/target/test-dir/MiniOzoneClusterImpl-073b5688-48cc-4907-9326-51c03fe36003/datanode-6/data/ratis/812cd810-4bbd-4eee-a156-682a4b85ab5f/in_use.lock acquired by nodename 93954@fv-az1248-16
2024-01-14 16:58:57,678 [fd48a60a-820f-4974-a983-c7065961ec94-groupManagement] INFO  storage.RaftStorage (RaftStorageImpl.java:format(99)) - Storage directory /home/runner/work/ozone/ozone/hadoop-ozone/integration-test/target/test-dir/MiniOzoneClusterImpl-073b5688-48cc-4907-9326-51c03fe36003/datanode-6/data/ratis/812cd810-4bbd-4eee-a156-682a4b85ab5f has been successfully formatted.
2024-01-14 16:58:57,678 [fd48a60a-820f-4974-a983-c7065961ec94-groupManagement] WARN  util.FileUtils (LogUtils.java:supplyAndLog(63)) - Failed to Files.newInputStream /home/runner/work/ozone/ozone/hadoop-ozone/integration-test/target/test-dir/MiniOzoneClusterImpl-073b5688-48cc-4907-9326-51c03fe36003/datanode-6/data/ratis/812cd810-4bbd-4eee-a156-682a4b85ab5f/current/raft-meta.conf with options []: java.nio.file.NoSuchFileException: /home/runner/work/ozone/ozone/hadoop-ozone/integration-test/target/test-dir/MiniOzoneClusterImpl-073b5688-48cc-4907-9326-51c03fe36003/datanode-6/data/ratis/812cd810-4bbd-4eee-a156-682a4b85ab5f/current/raft-meta.conf
2024-01-14 16:58:57,678 [fd48a60a-820f-4974-a983-c7065961ec94-groupManagement] INFO  ratis.ContainerStateMachine (ContainerStateMachine.java:loadSnapshot(287)) - group-682A4B85AB5F: The snapshot info is null. Setting the last applied index to:(t:0, i:~)
2024-01-14 16:58:57,678 [fd48a60a-820f-4974-a983-c7065961ec94-groupManagement] INFO  server.RaftServerConfigKeys (ConfUtils.java:logGet(46)) - raft.server.log.use.memory = false (default)
2024-01-14 16:58:57,678 [fd48a60a-820f-4974-a983-c7065961ec94-groupManagement] INFO  server.RaftServerConfigKeys (ConfUtils.java:logGet(46)) - raft.server.log.purge.gap = 1000000 (custom)
2024-01-14 16:58:57,678 [fd48a60a-820f-4974-a983-c7065961ec94-groupManagement] INFO  server.RaftServerConfigKeys (ConfUtils.java:logGet(46)) - raft.server.log.appender.buffer.byte-limit = 8388608 (custom)
2024-01-14 16:58:57,678 [fd48a60a-820f-4974-a983-c7065961ec94-groupManagement] INFO  server.RaftServerConfigKeys (ConfUtils.java:logGet(46)) - raft.server.log.statemachine.data.read.timeout = 1000ms (default)
2024-01-14 16:58:57,679 [fd48a60a-820f-4974-a983-c7065961ec94-groupManagement] INFO  server.RaftServerConfigKeys (ConfUtils.java:logGet(46)) - raft.server.log.purge.preservation.log.num = 0 (default)
2024-01-14 16:58:57,679 [EventQueue-OpenPipelineForHealthyPipelineSafeModeRule] INFO  safemode.SCMSafeModeManager (HealthyPipelineSafeModeRule.java:process(140)) - SCM in safe mode. Healthy pipelines reported count is 0, required healthy pipeline reported count is 1
2024-01-14 16:58:57,680 [fd48a60a-820f-4974-a983-c7065961ec94-groupManagement] INFO  server.RaftServerConfigKeys (ConfUtils.java:logGet(46)) - raft.server.log.segment.size.max = 67108864 (custom)
2024-01-14 16:58:57,680 [fd48a60a-820f-4974-a983-c7065961ec94-groupManagement] INFO  server.RaftServerConfigKeys (ConfUtils.java:logGet(46)) - raft.server.log.segment.cache.num.max = 2 (custom)
2024-01-14 16:58:57,680 [fd48a60a-820f-4974-a983-c7065961ec94-groupManagement] INFO  server.RaftServerConfigKeys (ConfUtils.java:logGet(46)) - raft.server.log.segment.cache.size.max = 200MB (=209715200) (default)
2024-01-14 16:58:57,680 [fd48a60a-820f-4974-a983-c7065961ec94-groupManagement] INFO  server.RaftServerConfigKeys (ConfUtils.java:logGet(46)) - raft.server.log.appender.buffer.byte-limit = 8388608 (custom)
2024-01-14 16:58:57,680 [fd48a60a-820f-4974-a983-c7065961ec94-groupManagement] INFO  util.AwaitToRun (AwaitToRun.java:start(81)) - Thread[fd48a60a-820f-4974-a983-c7065961ec94@group-682A4B85AB5F-cacheEviction-AwaitToRun,5,main] started
2024-01-14 16:58:57,681 [fd48a60a-820f-4974-a983-c7065961ec94-groupManagement] INFO  segmented.SegmentedRaftLogWorker (SegmentedRaftLogWorker.java:<init>(182)) - new fd48a60a-820f-4974-a983-c7065961ec94@group-682A4B85AB5F-SegmentedRaftLogWorker for RaftStorageImpl:Storage Directory /home/runner/work/ozone/ozone/hadoop-ozone/integration-test/target/test-dir/MiniOzoneClusterImpl-073b5688-48cc-4907-9326-51c03fe36003/datanode-6/data/ratis/812cd810-4bbd-4eee-a156-682a4b85ab5f
2024-01-14 16:58:57,681 [fd48a60a-820f-4974-a983-c7065961ec94-groupManagement] INFO  server.RaftServerConfigKeys (ConfUtils.java:logGet(46)) - raft.server.log.queue.byte-limit = 4294967296 (custom)
2024-01-14 16:58:57,681 [fd48a60a-820f-4974-a983-c7065961ec94-groupManagement] INFO  server.RaftServerConfigKeys (ConfUtils.java:logGet(46)) - raft.server.log.queue.element-limit = 1024 (custom)
2024-01-14 16:58:57,681 [fd48a60a-820f-4974-a983-c7065961ec94-groupManagement] INFO  server.RaftServerConfigKeys (ConfUtils.java:logGet(46)) - raft.server.log.segment.size.max = 67108864 (custom)
2024-01-14 16:58:57,681 [fd48a60a-820f-4974-a983-c7065961ec94-groupManagement] INFO  server.RaftServerConfigKeys (ConfUtils.java:logGet(46)) - raft.server.log.preallocated.size = 4194304 (custom)
2024-01-14 16:58:57,681 [fd48a60a-820f-4974-a983-c7065961ec94-groupManagement] INFO  server.RaftServerConfigKeys (ConfUtils.java:logGet(46)) - raft.server.log.force.sync.num = 128 (default)
2024-01-14 16:58:57,681 [fd48a60a-820f-4974-a983-c7065961ec94-groupManagement] INFO  server.RaftServerConfigKeys (ConfUtils.java:logGet(46)) - raft.server.log.statemachine.data.sync = true (default)
2024-01-14 16:58:57,681 [fd48a60a-820f-4974-a983-c7065961ec94-groupManagement] INFO  server.RaftServerConfigKeys (ConfUtils.java:logGet(46)) - raft.server.log.statemachine.data.sync.timeout = 10s (default)
2024-01-14 16:58:57,681 [fd48a60a-820f-4974-a983-c7065961ec94-groupManagement] INFO  server.RaftServerConfigKeys (ConfUtils.java:logGet(46)) - raft.server.log.statemachine.data.sync.timeout.retry = 0 (custom)
2024-01-14 16:58:57,681 [fd48a60a-820f-4974-a983-c7065961ec94-groupManagement] INFO  server.RaftServerConfigKeys (ConfUtils.java:logGet(46)) - raft.server.log.write.buffer.size = 8388616 (custom)
2024-01-14 16:58:57,683 [fd48a60a-820f-4974-a983-c7065961ec94-groupManagement] INFO  server.RaftServerConfigKeys (ConfUtils.java:logGet(46)) - raft.server.log.appender.buffer.byte-limit = 8388608 (custom)
2024-01-14 16:58:57,683 [fd48a60a-820f-4974-a983-c7065961ec94-groupManagement] INFO  server.RaftServerConfigKeys (ConfUtils.java:logGet(46)) - raft.server.log.unsafe-flush.enabled = false (default)
2024-01-14 16:58:57,683 [fd48a60a-820f-4974-a983-c7065961ec94-groupManagement] INFO  server.RaftServerConfigKeys (ConfUtils.java:logGet(46)) - raft.server.log.async-flush.enabled = false (default)
2024-01-14 16:58:57,684 [fd48a60a-820f-4974-a983-c7065961ec94-groupManagement] INFO  server.RaftServerConfigKeys (ConfUtils.java:logGet(46)) - raft.server.log.statemachine.data.caching.enabled = true (custom)
2024-01-14 16:58:57,684 [fd48a60a-820f-4974-a983-c7065961ec94-groupManagement] INFO  segmented.SegmentedRaftLogWorker (SegmentedRaftLogWorker.java:lambda$new$0(134)) - fd48a60a-820f-4974-a983-c7065961ec94@group-682A4B85AB5F-SegmentedRaftLogWorker: flushIndex: setUnconditionally 0 -> -1
2024-01-14 16:58:57,684 [fd48a60a-820f-4974-a983-c7065961ec94-groupManagement] INFO  segmented.SegmentedRaftLogWorker (SegmentedRaftLogWorker.java:lambda$new$0(134)) - fd48a60a-820f-4974-a983-c7065961ec94@group-682A4B85AB5F-SegmentedRaftLogWorker: safeCacheEvictIndex: setUnconditionally 0 -> -1
2024-01-14 16:58:57,685 [fd48a60a-820f-4974-a983-c7065961ec94-groupManagement] INFO  server.RaftServer$Division (RaftServerImpl.java:start(396)) - fd48a60a-820f-4974-a983-c7065961ec94@group-682A4B85AB5F: start as a follower, conf=-1: peers:[fd48a60a-820f-4974-a983-c7065961ec94|10.1.0.34:15157, eb54ab2f-dc88-49fd-8d6c-2a4c844f47e7|10.1.0.34:15175, 7ded70f2-1c6f-4acc-8465-7e233baee92c|10.1.0.34:15166]|listeners:[], old=null
2024-01-14 16:58:57,685 [fd48a60a-820f-4974-a983-c7065961ec94-groupManagement] INFO  server.RaftServer$Division (RaftServerImpl.java:setRole(383)) - fd48a60a-820f-4974-a983-c7065961ec94@group-682A4B85AB5F: changes role from      null to FOLLOWER at term 0 for startAsFollower
2024-01-14 16:58:57,685 [fd48a60a-820f-4974-a983-c7065961ec94-groupManagement] INFO  impl.RoleInfo (RoleInfo.java:updateAndGet(139)) - fd48a60a-820f-4974-a983-c7065961ec94: start fd48a60a-820f-4974-a983-c7065961ec94@group-682A4B85AB5F-FollowerState
2024-01-14 16:58:57,689 [fd48a60a-820f-4974-a983-c7065961ec94-groupManagement] INFO  util.JmxRegister (JmxRegister.java:tryRegister(44)) - Successfully registered JMX Bean with object name Ratis:service=RaftServer,group=group-682A4B85AB5F,id=fd48a60a-820f-4974-a983-c7065961ec94
2024-01-14 16:58:57,689 [fd48a60a-820f-4974-a983-c7065961ec94@group-682A4B85AB5F-FollowerState] INFO  server.RaftServerConfigKeys (ConfUtils.java:logFallback(53)) - raft.server.rpc.first-election.timeout.min = 5s (fallback to raft.server.rpc.timeout.min)
2024-01-14 16:58:57,689 [fd48a60a-820f-4974-a983-c7065961ec94-groupManagement] INFO  server.RaftServerConfigKeys (ConfUtils.java:logGet(46)) - raft.server.snapshot.trigger-when-stop.enabled = true (default)
2024-01-14 16:58:57,689 [fd48a60a-820f-4974-a983-c7065961ec94@group-682A4B85AB5F-FollowerState] INFO  server.RaftServerConfigKeys (ConfUtils.java:logFallback(53)) - raft.server.rpc.first-election.timeout.max = 5200ms (fallback to raft.server.rpc.timeout.max)
2024-01-14 16:58:57,689 [fd48a60a-820f-4974-a983-c7065961ec94-groupManagement] INFO  server.RaftServerConfigKeys (ConfUtils.java:logGet(46)) - raft.server.snapshot.auto.trigger.enabled = true (custom)
2024-01-14 16:58:57,689 [fd48a60a-820f-4974-a983-c7065961ec94-groupManagement] INFO  server.RaftServerConfigKeys (ConfUtils.java:logGet(46)) - raft.server.snapshot.auto.trigger.threshold = 10000 (custom)
2024-01-14 16:58:57,689 [fd48a60a-820f-4974-a983-c7065961ec94-groupManagement] INFO  server.RaftServerConfigKeys (ConfUtils.java:logGet(46)) - raft.server.snapshot.retention.file.num = 5 (custom)
2024-01-14 16:58:57,689 [fd48a60a-820f-4974-a983-c7065961ec94-groupManagement] INFO  server.RaftServerConfigKeys (ConfUtils.java:logGet(46)) - raft.server.log.purge.upto.snapshot.index = false (default)
2024-01-14 16:58:57,690 [fd48a60a-820f-4974-a983-c7065961ec94-PipelineCommandHandlerThread-0] INFO  ratis.XceiverServerRatis (XceiverServerRatis.java:addGroup(842)) - Created group PipelineID=812cd810-4bbd-4eee-a156-682a4b85ab5f
2024-01-14 16:58:57,697 [grpc-default-executor-0] INFO  server.RaftServer (RaftServerProxy.java:addNew(100)) - 7ded70f2-1c6f-4acc-8465-7e233baee92c: addNew group-682A4B85AB5F:[fd48a60a-820f-4974-a983-c7065961ec94|10.1.0.34:15157, eb54ab2f-dc88-49fd-8d6c-2a4c844f47e7|10.1.0.34:15175, 7ded70f2-1c6f-4acc-8465-7e233baee92c|10.1.0.34:15166] returns group-682A4B85AB5F:java.util.concurrent.CompletableFuture@11695718[Not completed]
2024-01-14 16:58:57,698 [7ded70f2-1c6f-4acc-8465-7e233baee92c-groupManagement] INFO  server.RaftServer$Division (RaftServerImpl.java:<init>(256)) - 7ded70f2-1c6f-4acc-8465-7e233baee92c: new RaftServerImpl for group-682A4B85AB5F:[fd48a60a-820f-4974-a983-c7065961ec94|10.1.0.34:15157, eb54ab2f-dc88-49fd-8d6c-2a4c844f47e7|10.1.0.34:15175, 7ded70f2-1c6f-4acc-8465-7e233baee92c|10.1.0.34:15166] with ContainerStateMachine:uninitialized
2024-01-14 16:58:57,698 [7ded70f2-1c6f-4acc-8465-7e233baee92c-groupManagement] INFO  server.RaftServerConfigKeys (ConfUtils.java:logGet(46)) - raft.server.rpc.timeout.min = 5s (custom)
2024-01-14 16:58:57,698 [7ded70f2-1c6f-4acc-8465-7e233baee92c-groupManagement] INFO  server.RaftServerConfigKeys (ConfUtils.java:logGet(46)) - raft.server.rpc.timeout.max = 5200ms (custom)
2024-01-14 16:58:57,698 [7ded70f2-1c6f-4acc-8465-7e233baee92c-groupManagement] INFO  server.RaftServerConfigKeys (ConfUtils.java:logGet(46)) - raft.server.rpc.sleep.time = 25ms (default)
2024-01-14 16:58:57,698 [7ded70f2-1c6f-4acc-8465-7e233baee92c-groupManagement] INFO  server.RaftServerConfigKeys (ConfUtils.java:logGet(46)) - raft.server.rpc.slowness.timeout = 300000ms (custom)
2024-01-14 16:58:57,698 [7ded70f2-1c6f-4acc-8465-7e233baee92c-groupManagement] INFO  server.RaftServerConfigKeys (ConfUtils.java:logGet(46)) - raft.server.leaderelection.leader.step-down.wait-time = 10s (default)
2024-01-14 16:58:57,698 [7ded70f2-1c6f-4acc-8465-7e233baee92c-groupManagement] INFO  server.RaftServerConfigKeys (ConfUtils.java:logGet(46)) - raft.server.leaderelection.member.majority-add = false (default)
2024-01-14 16:58:57,698 [7ded70f2-1c6f-4acc-8465-7e233baee92c-groupManagement] INFO  server.RaftServerConfigKeys (ConfUtils.java:logGet(46)) - raft.server.sleep.deviation.threshold = 300ms (default)
2024-01-14 16:58:57,698 [7ded70f2-1c6f-4acc-8465-7e233baee92c-groupManagement] INFO  server.RaftServer$Division (ServerState.java:<init>(113)) - 7ded70f2-1c6f-4acc-8465-7e233baee92c@group-682A4B85AB5F: ConfigurationManager, init=-1: peers:[fd48a60a-820f-4974-a983-c7065961ec94|10.1.0.34:15157, eb54ab2f-dc88-49fd-8d6c-2a4c844f47e7|10.1.0.34:15175, 7ded70f2-1c6f-4acc-8465-7e233baee92c|10.1.0.34:15166]|listeners:[], old=null, confs=<EMPTY_MAP>
2024-01-14 16:58:57,698 [7ded70f2-1c6f-4acc-8465-7e233baee92c-groupManagement] INFO  server.RaftServerConfigKeys (ConfUtils.java:logGet(46)) - raft.server.notification.no-leader.timeout = 300000ms (custom)
2024-01-14 16:58:57,698 [7ded70f2-1c6f-4acc-8465-7e233baee92c-groupManagement] INFO  server.RaftServerConfigKeys (ConfUtils.java:logGet(46)) - raft.server.read.timeout = 10s (default)
2024-01-14 16:58:57,699 [7ded70f2-1c6f-4acc-8465-7e233baee92c-groupManagement] INFO  server.RaftServerConfigKeys (ConfUtils.java:logGet(46)) - raft.server.retrycache.expirytime = 600000ms (custom)
2024-01-14 16:58:57,699 [7ded70f2-1c6f-4acc-8465-7e233baee92c-groupManagement] INFO  server.RaftServerConfigKeys (ConfUtils.java:logGet(46)) - raft.server.retrycache.statistics.expirytime = 100ms (default)
2024-01-14 16:58:57,699 [7ded70f2-1c6f-4acc-8465-7e233baee92c-groupManagement] INFO  server.RaftServerConfigKeys (ConfUtils.java:logGet(46)) - raft.server.read.option = DEFAULT (default)
2024-01-14 16:58:57,699 [7ded70f2-1c6f-4acc-8465-7e233baee92c-groupManagement] INFO  server.RaftServerConfigKeys (ConfUtils.java:logGet(46)) - raft.server.read.read-after-write-consistent.write-index-cache.expiry-time = 60s (default)
2024-01-14 16:58:57,701 [7ded70f2-1c6f-4acc-8465-7e233baee92c-groupManagement] INFO  server.RaftServerConfigKeys (ConfUtils.java:logGet(46)) - raft.server.rpc.request.timeout = 3000ms (default)
2024-01-14 16:58:57,701 [7ded70f2-1c6f-4acc-8465-7e233baee92c-groupManagement] INFO  server.RaftServerConfigKeys (ConfUtils.java:logGet(46)) - raft.server.log.appender.install.snapshot.enabled = false (custom)
2024-01-14 16:58:57,701 [7ded70f2-1c6f-4acc-8465-7e233baee92c-groupManagement] INFO  server.RaftServerConfigKeys (ConfUtils.java:logGet(46)) - raft.server.threadpool.server.cached = true (default)
2024-01-14 16:58:57,701 [7ded70f2-1c6f-4acc-8465-7e233baee92c-groupManagement] INFO  server.RaftServerConfigKeys (ConfUtils.java:logGet(46)) - raft.server.threadpool.server.size = 0 (default)
2024-01-14 16:58:57,701 [7ded70f2-1c6f-4acc-8465-7e233baee92c-groupManagement] INFO  server.RaftServerConfigKeys (ConfUtils.java:logGet(46)) - raft.server.threadpool.client.cached = true (default)
2024-01-14 16:58:57,701 [7ded70f2-1c6f-4acc-8465-7e233baee92c-groupManagement] INFO  server.RaftServerConfigKeys (ConfUtils.java:logGet(46)) - raft.server.threadpool.client.size = 0 (default)
2024-01-14 16:58:57,701 [7ded70f2-1c6f-4acc-8465-7e233baee92c-groupManagement] INFO  server.RaftServerConfigKeys (ConfUtils.java:logGet(46)) - raft.server.storage.free-space.min = 0MB (=0) (default)
2024-01-14 16:58:57,701 [7ded70f2-1c6f-4acc-8465-7e233baee92c-groupManagement] INFO  server.RaftServerConfigKeys (ConfUtils.java:logGet(46)) - raft.server.log.corruption.policy = EXCEPTION (default)
2024-01-14 16:58:57,701 [7ded70f2-1c6f-4acc-8465-7e233baee92c-groupManagement] INFO  server.RaftServerConfigKeys (ConfUtils.java:logGet(46)) - raft.server.storage.dir = [/home/runner/work/ozone/ozone/hadoop-ozone/integration-test/target/test-dir/MiniOzoneClusterImpl-073b5688-48cc-4907-9326-51c03fe36003/datanode-7/data/ratis] (custom)
2024-01-14 16:58:57,702 [7ded70f2-1c6f-4acc-8465-7e233baee92c-groupManagement] INFO  storage.RaftStorageDirectory (RaftStorageDirectoryImpl.java:analyzeStorage(138)) - The storage directory /home/runner/work/ozone/ozone/hadoop-ozone/integration-test/target/test-dir/MiniOzoneClusterImpl-073b5688-48cc-4907-9326-51c03fe36003/datanode-7/data/ratis/812cd810-4bbd-4eee-a156-682a4b85ab5f does not exist. Creating ...
2024-01-14 16:58:57,703 [7ded70f2-1c6f-4acc-8465-7e233baee92c-groupManagement] INFO  storage.RaftStorageDirectory (RaftStorageDirectoryImpl.java:tryLock(228)) - Lock on /home/runner/work/ozone/ozone/hadoop-ozone/integration-test/target/test-dir/MiniOzoneClusterImpl-073b5688-48cc-4907-9326-51c03fe36003/datanode-7/data/ratis/812cd810-4bbd-4eee-a156-682a4b85ab5f/in_use.lock acquired by nodename 93954@fv-az1248-16
2024-01-14 16:58:57,704 [7ded70f2-1c6f-4acc-8465-7e233baee92c-groupManagement] INFO  storage.RaftStorage (RaftStorageImpl.java:format(99)) - Storage directory /home/runner/work/ozone/ozone/hadoop-ozone/integration-test/target/test-dir/MiniOzoneClusterImpl-073b5688-48cc-4907-9326-51c03fe36003/datanode-7/data/ratis/812cd810-4bbd-4eee-a156-682a4b85ab5f has been successfully formatted.
2024-01-14 16:58:57,704 [7ded70f2-1c6f-4acc-8465-7e233baee92c-groupManagement] WARN  util.FileUtils (LogUtils.java:supplyAndLog(63)) - Failed to Files.newInputStream /home/runner/work/ozone/ozone/hadoop-ozone/integration-test/target/test-dir/MiniOzoneClusterImpl-073b5688-48cc-4907-9326-51c03fe36003/datanode-7/data/ratis/812cd810-4bbd-4eee-a156-682a4b85ab5f/current/raft-meta.conf with options []: java.nio.file.NoSuchFileException: /home/runner/work/ozone/ozone/hadoop-ozone/integration-test/target/test-dir/MiniOzoneClusterImpl-073b5688-48cc-4907-9326-51c03fe36003/datanode-7/data/ratis/812cd810-4bbd-4eee-a156-682a4b85ab5f/current/raft-meta.conf
2024-01-14 16:58:57,705 [7ded70f2-1c6f-4acc-8465-7e233baee92c-groupManagement] INFO  ratis.ContainerStateMachine (ContainerStateMachine.java:loadSnapshot(287)) - group-682A4B85AB5F: The snapshot info is null. Setting the last applied index to:(t:0, i:~)
2024-01-14 16:58:57,705 [7ded70f2-1c6f-4acc-8465-7e233baee92c-groupManagement] INFO  server.RaftServerConfigKeys (ConfUtils.java:logGet(46)) - raft.server.log.use.memory = false (default)
2024-01-14 16:58:57,705 [7ded70f2-1c6f-4acc-8465-7e233baee92c-groupManagement] INFO  server.RaftServerConfigKeys (ConfUtils.java:logGet(46)) - raft.server.log.purge.gap = 1000000 (custom)
2024-01-14 16:58:57,705 [7ded70f2-1c6f-4acc-8465-7e233baee92c-groupManagement] INFO  server.RaftServerConfigKeys (ConfUtils.java:logGet(46)) - raft.server.log.appender.buffer.byte-limit = 8388608 (custom)
2024-01-14 16:58:57,705 [7ded70f2-1c6f-4acc-8465-7e233baee92c-groupManagement] INFO  server.RaftServerConfigKeys (ConfUtils.java:logGet(46)) - raft.server.log.statemachine.data.read.timeout = 1000ms (default)
2024-01-14 16:58:57,705 [7ded70f2-1c6f-4acc-8465-7e233baee92c-groupManagement] INFO  server.RaftServerConfigKeys (ConfUtils.java:logGet(46)) - raft.server.log.purge.preservation.log.num = 0 (default)
2024-01-14 16:58:57,706 [7ded70f2-1c6f-4acc-8465-7e233baee92c-groupManagement] INFO  server.RaftServerConfigKeys (ConfUtils.java:logGet(46)) - raft.server.log.segment.size.max = 67108864 (custom)
2024-01-14 16:58:57,706 [7ded70f2-1c6f-4acc-8465-7e233baee92c-groupManagement] INFO  server.RaftServerConfigKeys (ConfUtils.java:logGet(46)) - raft.server.log.segment.cache.num.max = 2 (custom)
2024-01-14 16:58:57,707 [7ded70f2-1c6f-4acc-8465-7e233baee92c-groupManagement] INFO  server.RaftServerConfigKeys (ConfUtils.java:logGet(46)) - raft.server.log.segment.cache.size.max = 200MB (=209715200) (default)
2024-01-14 16:58:57,707 [7ded70f2-1c6f-4acc-8465-7e233baee92c-groupManagement] INFO  server.RaftServerConfigKeys (ConfUtils.java:logGet(46)) - raft.server.log.appender.buffer.byte-limit = 8388608 (custom)
2024-01-14 16:58:57,707 [7ded70f2-1c6f-4acc-8465-7e233baee92c-groupManagement] INFO  util.AwaitToRun (AwaitToRun.java:start(81)) - Thread[7ded70f2-1c6f-4acc-8465-7e233baee92c@group-682A4B85AB5F-cacheEviction-AwaitToRun,5,main] started
2024-01-14 16:58:57,707 [7ded70f2-1c6f-4acc-8465-7e233baee92c-groupManagement] INFO  segmented.SegmentedRaftLogWorker (SegmentedRaftLogWorker.java:<init>(182)) - new 7ded70f2-1c6f-4acc-8465-7e233baee92c@group-682A4B85AB5F-SegmentedRaftLogWorker for RaftStorageImpl:Storage Directory /home/runner/work/ozone/ozone/hadoop-ozone/integration-test/target/test-dir/MiniOzoneClusterImpl-073b5688-48cc-4907-9326-51c03fe36003/datanode-7/data/ratis/812cd810-4bbd-4eee-a156-682a4b85ab5f
2024-01-14 16:58:57,707 [7ded70f2-1c6f-4acc-8465-7e233baee92c-groupManagement] INFO  server.RaftServerConfigKeys (ConfUtils.java:logGet(46)) - raft.server.log.queue.byte-limit = 4294967296 (custom)
2024-01-14 16:58:57,707 [7ded70f2-1c6f-4acc-8465-7e233baee92c-groupManagement] INFO  server.RaftServerConfigKeys (ConfUtils.java:logGet(46)) - raft.server.log.queue.element-limit = 1024 (custom)
2024-01-14 16:58:57,707 [7ded70f2-1c6f-4acc-8465-7e233baee92c-groupManagement] INFO  server.RaftServerConfigKeys (ConfUtils.java:logGet(46)) - raft.server.log.segment.size.max = 67108864 (custom)
2024-01-14 16:58:57,707 [7ded70f2-1c6f-4acc-8465-7e233baee92c-groupManagement] INFO  server.RaftServerConfigKeys (ConfUtils.java:logGet(46)) - raft.server.log.preallocated.size = 4194304 (custom)
2024-01-14 16:58:57,707 [7ded70f2-1c6f-4acc-8465-7e233baee92c-groupManagement] INFO  server.RaftServerConfigKeys (ConfUtils.java:logGet(46)) - raft.server.log.force.sync.num = 128 (default)
2024-01-14 16:58:57,707 [7ded70f2-1c6f-4acc-8465-7e233baee92c-groupManagement] INFO  server.RaftServerConfigKeys (ConfUtils.java:logGet(46)) - raft.server.log.statemachine.data.sync = true (default)
2024-01-14 16:58:57,707 [7ded70f2-1c6f-4acc-8465-7e233baee92c-groupManagement] INFO  server.RaftServerConfigKeys (ConfUtils.java:logGet(46)) - raft.server.log.statemachine.data.sync.timeout = 10s (default)
2024-01-14 16:58:57,707 [7ded70f2-1c6f-4acc-8465-7e233baee92c-groupManagement] INFO  server.RaftServerConfigKeys (ConfUtils.java:logGet(46)) - raft.server.log.statemachine.data.sync.timeout.retry = 0 (custom)
2024-01-14 16:58:57,707 [7ded70f2-1c6f-4acc-8465-7e233baee92c-groupManagement] INFO  server.RaftServerConfigKeys (ConfUtils.java:logGet(46)) - raft.server.log.write.buffer.size = 8388616 (custom)
2024-01-14 16:58:57,709 [7ded70f2-1c6f-4acc-8465-7e233baee92c-groupManagement] INFO  server.RaftServerConfigKeys (ConfUtils.java:logGet(46)) - raft.server.log.appender.buffer.byte-limit = 8388608 (custom)
2024-01-14 16:58:57,709 [7ded70f2-1c6f-4acc-8465-7e233baee92c-groupManagement] INFO  server.RaftServerConfigKeys (ConfUtils.java:logGet(46)) - raft.server.log.unsafe-flush.enabled = false (default)
2024-01-14 16:58:57,709 [7ded70f2-1c6f-4acc-8465-7e233baee92c-groupManagement] INFO  server.RaftServerConfigKeys (ConfUtils.java:logGet(46)) - raft.server.log.async-flush.enabled = false (default)
2024-01-14 16:58:57,709 [7ded70f2-1c6f-4acc-8465-7e233baee92c-groupManagement] INFO  server.RaftServerConfigKeys (ConfUtils.java:logGet(46)) - raft.server.log.statemachine.data.caching.enabled = true (custom)
2024-01-14 16:58:57,709 [7ded70f2-1c6f-4acc-8465-7e233baee92c-groupManagement] INFO  segmented.SegmentedRaftLogWorker (SegmentedRaftLogWorker.java:lambda$new$0(134)) - 7ded70f2-1c6f-4acc-8465-7e233baee92c@group-682A4B85AB5F-SegmentedRaftLogWorker: flushIndex: setUnconditionally 0 -> -1
2024-01-14 16:58:57,709 [7ded70f2-1c6f-4acc-8465-7e233baee92c-groupManagement] INFO  segmented.SegmentedRaftLogWorker (SegmentedRaftLogWorker.java:lambda$new$0(134)) - 7ded70f2-1c6f-4acc-8465-7e233baee92c@group-682A4B85AB5F-SegmentedRaftLogWorker: safeCacheEvictIndex: setUnconditionally 0 -> -1
2024-01-14 16:58:57,709 [7ded70f2-1c6f-4acc-8465-7e233baee92c-groupManagement] INFO  server.RaftServer$Division (RaftServerImpl.java:start(396)) - 7ded70f2-1c6f-4acc-8465-7e233baee92c@group-682A4B85AB5F: start as a follower, conf=-1: peers:[fd48a60a-820f-4974-a983-c7065961ec94|10.1.0.34:15157, eb54ab2f-dc88-49fd-8d6c-2a4c844f47e7|10.1.0.34:15175, 7ded70f2-1c6f-4acc-8465-7e233baee92c|10.1.0.34:15166]|listeners:[], old=null
2024-01-14 16:58:57,709 [7ded70f2-1c6f-4acc-8465-7e233baee92c-groupManagement] INFO  server.RaftServer$Division (RaftServerImpl.java:setRole(383)) - 7ded70f2-1c6f-4acc-8465-7e233baee92c@group-682A4B85AB5F: changes role from      null to FOLLOWER at term 0 for startAsFollower
2024-01-14 16:58:57,710 [7ded70f2-1c6f-4acc-8465-7e233baee92c-groupManagement] INFO  impl.RoleInfo (RoleInfo.java:updateAndGet(139)) - 7ded70f2-1c6f-4acc-8465-7e233baee92c: start 7ded70f2-1c6f-4acc-8465-7e233baee92c@group-682A4B85AB5F-FollowerState
2024-01-14 16:58:57,710 [7ded70f2-1c6f-4acc-8465-7e233baee92c-groupManagement] INFO  util.JmxRegister (JmxRegister.java:tryRegister(44)) - Successfully registered JMX Bean with object name Ratis:service=RaftServer,group=group-682A4B85AB5F,id=7ded70f2-1c6f-4acc-8465-7e233baee92c
2024-01-14 16:58:57,710 [7ded70f2-1c6f-4acc-8465-7e233baee92c-groupManagement] INFO  server.RaftServerConfigKeys (ConfUtils.java:logGet(46)) - raft.server.snapshot.trigger-when-stop.enabled = true (default)
2024-01-14 16:58:57,710 [7ded70f2-1c6f-4acc-8465-7e233baee92c-groupManagement] INFO  server.RaftServerConfigKeys (ConfUtils.java:logGet(46)) - raft.server.snapshot.auto.trigger.enabled = true (custom)
2024-01-14 16:58:57,710 [7ded70f2-1c6f-4acc-8465-7e233baee92c-groupManagement] INFO  server.RaftServerConfigKeys (ConfUtils.java:logGet(46)) - raft.server.snapshot.auto.trigger.threshold = 10000 (custom)
2024-01-14 16:58:57,710 [7ded70f2-1c6f-4acc-8465-7e233baee92c-groupManagement] INFO  server.RaftServerConfigKeys (ConfUtils.java:logGet(46)) - raft.server.snapshot.retention.file.num = 5 (custom)
2024-01-14 16:58:57,710 [7ded70f2-1c6f-4acc-8465-7e233baee92c-groupManagement] INFO  server.RaftServerConfigKeys (ConfUtils.java:logGet(46)) - raft.server.log.purge.upto.snapshot.index = false (default)
2024-01-14 16:58:57,711 [7ded70f2-1c6f-4acc-8465-7e233baee92c@group-682A4B85AB5F-FollowerState] INFO  server.RaftServerConfigKeys (ConfUtils.java:logFallback(53)) - raft.server.rpc.first-election.timeout.min = 5s (fallback to raft.server.rpc.timeout.min)
2024-01-14 16:58:57,711 [7ded70f2-1c6f-4acc-8465-7e233baee92c@group-682A4B85AB5F-FollowerState] INFO  server.RaftServerConfigKeys (ConfUtils.java:logFallback(53)) - raft.server.rpc.first-election.timeout.max = 5200ms (fallback to raft.server.rpc.timeout.max)
2024-01-14 16:58:57,727 [grpc-default-executor-0] INFO  server.RaftServer (RaftServerProxy.java:addNew(100)) - eb54ab2f-dc88-49fd-8d6c-2a4c844f47e7: addNew group-682A4B85AB5F:[fd48a60a-820f-4974-a983-c7065961ec94|10.1.0.34:15157, eb54ab2f-dc88-49fd-8d6c-2a4c844f47e7|10.1.0.34:15175, 7ded70f2-1c6f-4acc-8465-7e233baee92c|10.1.0.34:15166] returns group-682A4B85AB5F:java.util.concurrent.CompletableFuture@5c4f3314[Not completed]
2024-01-14 16:58:57,729 [eb54ab2f-dc88-49fd-8d6c-2a4c844f47e7-groupManagement] INFO  server.RaftServer$Division (RaftServerImpl.java:<init>(256)) - eb54ab2f-dc88-49fd-8d6c-2a4c844f47e7: new RaftServerImpl for group-682A4B85AB5F:[fd48a60a-820f-4974-a983-c7065961ec94|10.1.0.34:15157, eb54ab2f-dc88-49fd-8d6c-2a4c844f47e7|10.1.0.34:15175, 7ded70f2-1c6f-4acc-8465-7e233baee92c|10.1.0.34:15166] with ContainerStateMachine:uninitialized
2024-01-14 16:58:57,729 [eb54ab2f-dc88-49fd-8d6c-2a4c844f47e7-groupManagement] INFO  server.RaftServerConfigKeys (ConfUtils.java:logGet(46)) - raft.server.rpc.timeout.min = 5s (custom)
2024-01-14 16:58:57,730 [eb54ab2f-dc88-49fd-8d6c-2a4c844f47e7-groupManagement] INFO  server.RaftServerConfigKeys (ConfUtils.java:logGet(46)) - raft.server.rpc.timeout.max = 5200ms (custom)
2024-01-14 16:58:57,730 [eb54ab2f-dc88-49fd-8d6c-2a4c844f47e7-groupManagement] INFO  server.RaftServerConfigKeys (ConfUtils.java:logGet(46)) - raft.server.rpc.sleep.time = 25ms (default)
2024-01-14 16:58:57,730 [eb54ab2f-dc88-49fd-8d6c-2a4c844f47e7-groupManagement] INFO  server.RaftServerConfigKeys (ConfUtils.java:logGet(46)) - raft.server.rpc.slowness.timeout = 300000ms (custom)
2024-01-14 16:58:57,730 [eb54ab2f-dc88-49fd-8d6c-2a4c844f47e7-groupManagement] INFO  server.RaftServerConfigKeys (ConfUtils.java:logGet(46)) - raft.server.leaderelection.leader.step-down.wait-time = 10s (default)
2024-01-14 16:58:57,730 [eb54ab2f-dc88-49fd-8d6c-2a4c844f47e7-groupManagement] INFO  server.RaftServerConfigKeys (ConfUtils.java:logGet(46)) - raft.server.leaderelection.member.majority-add = false (default)
2024-01-14 16:58:57,730 [eb54ab2f-dc88-49fd-8d6c-2a4c844f47e7-groupManagement] INFO  server.RaftServerConfigKeys (ConfUtils.java:logGet(46)) - raft.server.sleep.deviation.threshold = 300ms (default)
2024-01-14 16:58:57,730 [eb54ab2f-dc88-49fd-8d6c-2a4c844f47e7-groupManagement] INFO  server.RaftServer$Division (ServerState.java:<init>(113)) - eb54ab2f-dc88-49fd-8d6c-2a4c844f47e7@group-682A4B85AB5F: ConfigurationManager, init=-1: peers:[fd48a60a-820f-4974-a983-c7065961ec94|10.1.0.34:15157, eb54ab2f-dc88-49fd-8d6c-2a4c844f47e7|10.1.0.34:15175, 7ded70f2-1c6f-4acc-8465-7e233baee92c|10.1.0.34:15166]|listeners:[], old=null, confs=<EMPTY_MAP>
2024-01-14 16:58:57,730 [eb54ab2f-dc88-49fd-8d6c-2a4c844f47e7-groupManagement] INFO  server.RaftServerConfigKeys (ConfUtils.java:logGet(46)) - raft.server.notification.no-leader.timeout = 300000ms (custom)
2024-01-14 16:58:57,730 [eb54ab2f-dc88-49fd-8d6c-2a4c844f47e7-groupManagement] INFO  server.RaftServerConfigKeys (ConfUtils.java:logGet(46)) - raft.server.read.timeout = 10s (default)
2024-01-14 16:58:57,730 [eb54ab2f-dc88-49fd-8d6c-2a4c844f47e7-groupManagement] INFO  server.RaftServerConfigKeys (ConfUtils.java:logGet(46)) - raft.server.retrycache.expirytime = 600000ms (custom)
2024-01-14 16:58:57,730 [eb54ab2f-dc88-49fd-8d6c-2a4c844f47e7-groupManagement] INFO  server.RaftServerConfigKeys (ConfUtils.java:logGet(46)) - raft.server.retrycache.statistics.expirytime = 100ms (default)
2024-01-14 16:58:57,730 [eb54ab2f-dc88-49fd-8d6c-2a4c844f47e7-groupManagement] INFO  server.RaftServerConfigKeys (ConfUtils.java:logGet(46)) - raft.server.read.option = DEFAULT (default)
2024-01-14 16:58:57,730 [eb54ab2f-dc88-49fd-8d6c-2a4c844f47e7-groupManagement] INFO  server.RaftServerConfigKeys (ConfUtils.java:logGet(46)) - raft.server.read.read-after-write-consistent.write-index-cache.expiry-time = 60s (default)
2024-01-14 16:58:57,732 [eb54ab2f-dc88-49fd-8d6c-2a4c844f47e7-groupManagement] INFO  server.RaftServerConfigKeys (ConfUtils.java:logGet(46)) - raft.server.rpc.request.timeout = 3000ms (default)
2024-01-14 16:58:57,732 [eb54ab2f-dc88-49fd-8d6c-2a4c844f47e7-groupManagement] INFO  server.RaftServerConfigKeys (ConfUtils.java:logGet(46)) - raft.server.log.appender.install.snapshot.enabled = false (custom)
2024-01-14 16:58:57,732 [eb54ab2f-dc88-49fd-8d6c-2a4c844f47e7-groupManagement] INFO  server.RaftServerConfigKeys (ConfUtils.java:logGet(46)) - raft.server.threadpool.server.cached = true (default)
2024-01-14 16:58:57,732 [eb54ab2f-dc88-49fd-8d6c-2a4c844f47e7-groupManagement] INFO  server.RaftServerConfigKeys (ConfUtils.java:logGet(46)) - raft.server.threadpool.server.size = 0 (default)
2024-01-14 16:58:57,732 [eb54ab2f-dc88-49fd-8d6c-2a4c844f47e7-groupManagement] INFO  server.RaftServerConfigKeys (ConfUtils.java:logGet(46)) - raft.server.threadpool.client.cached = true (default)
2024-01-14 16:58:57,732 [eb54ab2f-dc88-49fd-8d6c-2a4c844f47e7-groupManagement] INFO  server.RaftServerConfigKeys (ConfUtils.java:logGet(46)) - raft.server.threadpool.client.size = 0 (default)
2024-01-14 16:58:57,733 [eb54ab2f-dc88-49fd-8d6c-2a4c844f47e7-groupManagement] INFO  server.RaftServerConfigKeys (ConfUtils.java:logGet(46)) - raft.server.storage.free-space.min = 0MB (=0) (default)
2024-01-14 16:58:57,733 [eb54ab2f-dc88-49fd-8d6c-2a4c844f47e7-groupManagement] INFO  server.RaftServerConfigKeys (ConfUtils.java:logGet(46)) - raft.server.log.corruption.policy = EXCEPTION (default)
2024-01-14 16:58:57,733 [eb54ab2f-dc88-49fd-8d6c-2a4c844f47e7-groupManagement] INFO  server.RaftServerConfigKeys (ConfUtils.java:logGet(46)) - raft.server.storage.dir = [/home/runner/work/ozone/ozone/hadoop-ozone/integration-test/target/test-dir/MiniOzoneClusterImpl-073b5688-48cc-4907-9326-51c03fe36003/datanode-8/data/ratis] (custom)
2024-01-14 16:58:57,733 [eb54ab2f-dc88-49fd-8d6c-2a4c844f47e7-groupManagement] INFO  storage.RaftStorageDirectory (RaftStorageDirectoryImpl.java:analyzeStorage(138)) - The storage directory /home/runner/work/ozone/ozone/hadoop-ozone/integration-test/target/test-dir/MiniOzoneClusterImpl-073b5688-48cc-4907-9326-51c03fe36003/datanode-8/data/ratis/812cd810-4bbd-4eee-a156-682a4b85ab5f does not exist. Creating ...
2024-01-14 16:58:57,734 [eb54ab2f-dc88-49fd-8d6c-2a4c844f47e7-groupManagement] INFO  storage.RaftStorageDirectory (RaftStorageDirectoryImpl.java:tryLock(228)) - Lock on /home/runner/work/ozone/ozone/hadoop-ozone/integration-test/target/test-dir/MiniOzoneClusterImpl-073b5688-48cc-4907-9326-51c03fe36003/datanode-8/data/ratis/812cd810-4bbd-4eee-a156-682a4b85ab5f/in_use.lock acquired by nodename 93954@fv-az1248-16
2024-01-14 16:58:57,735 [eb54ab2f-dc88-49fd-8d6c-2a4c844f47e7-groupManagement] INFO  storage.RaftStorage (RaftStorageImpl.java:format(99)) - Storage directory /home/runner/work/ozone/ozone/hadoop-ozone/integration-test/target/test-dir/MiniOzoneClusterImpl-073b5688-48cc-4907-9326-51c03fe36003/datanode-8/data/ratis/812cd810-4bbd-4eee-a156-682a4b85ab5f has been successfully formatted.
2024-01-14 16:58:57,735 [eb54ab2f-dc88-49fd-8d6c-2a4c844f47e7-groupManagement] WARN  util.FileUtils (LogUtils.java:supplyAndLog(63)) - Failed to Files.newInputStream /home/runner/work/ozone/ozone/hadoop-ozone/integration-test/target/test-dir/MiniOzoneClusterImpl-073b5688-48cc-4907-9326-51c03fe36003/datanode-8/data/ratis/812cd810-4bbd-4eee-a156-682a4b85ab5f/current/raft-meta.conf with options []: java.nio.file.NoSuchFileException: /home/runner/work/ozone/ozone/hadoop-ozone/integration-test/target/test-dir/MiniOzoneClusterImpl-073b5688-48cc-4907-9326-51c03fe36003/datanode-8/data/ratis/812cd810-4bbd-4eee-a156-682a4b85ab5f/current/raft-meta.conf
2024-01-14 16:58:57,736 [eb54ab2f-dc88-49fd-8d6c-2a4c844f47e7-groupManagement] INFO  ratis.ContainerStateMachine (ContainerStateMachine.java:loadSnapshot(287)) - group-682A4B85AB5F: The snapshot info is null. Setting the last applied index to:(t:0, i:~)
2024-01-14 16:58:57,736 [eb54ab2f-dc88-49fd-8d6c-2a4c844f47e7-groupManagement] INFO  server.RaftServerConfigKeys (ConfUtils.java:logGet(46)) - raft.server.log.use.memory = false (default)
2024-01-14 16:58:57,736 [eb54ab2f-dc88-49fd-8d6c-2a4c844f47e7-groupManagement] INFO  server.RaftServerConfigKeys (ConfUtils.java:logGet(46)) - raft.server.log.purge.gap = 1000000 (custom)
2024-01-14 16:58:57,736 [eb54ab2f-dc88-49fd-8d6c-2a4c844f47e7-groupManagement] INFO  server.RaftServerConfigKeys (ConfUtils.java:logGet(46)) - raft.server.log.appender.buffer.byte-limit = 8388608 (custom)
2024-01-14 16:58:57,736 [eb54ab2f-dc88-49fd-8d6c-2a4c844f47e7-groupManagement] INFO  server.RaftServerConfigKeys (ConfUtils.java:logGet(46)) - raft.server.log.statemachine.data.read.timeout = 1000ms (default)
2024-01-14 16:58:57,736 [eb54ab2f-dc88-49fd-8d6c-2a4c844f47e7-groupManagement] INFO  server.RaftServerConfigKeys (ConfUtils.java:logGet(46)) - raft.server.log.purge.preservation.log.num = 0 (default)
2024-01-14 16:58:57,737 [eb54ab2f-dc88-49fd-8d6c-2a4c844f47e7-groupManagement] INFO  server.RaftServerConfigKeys (ConfUtils.java:logGet(46)) - raft.server.log.segment.size.max = 67108864 (custom)
2024-01-14 16:58:57,738 [eb54ab2f-dc88-49fd-8d6c-2a4c844f47e7-groupManagement] INFO  server.RaftServerConfigKeys (ConfUtils.java:logGet(46)) - raft.server.log.segment.cache.num.max = 2 (custom)
2024-01-14 16:58:57,738 [eb54ab2f-dc88-49fd-8d6c-2a4c844f47e7-groupManagement] INFO  server.RaftServerConfigKeys (ConfUtils.java:logGet(46)) - raft.server.log.segment.cache.size.max = 200MB (=209715200) (default)
2024-01-14 16:58:57,738 [eb54ab2f-dc88-49fd-8d6c-2a4c844f47e7-groupManagement] INFO  server.RaftServerConfigKeys (ConfUtils.java:logGet(46)) - raft.server.log.appender.buffer.byte-limit = 8388608 (custom)
2024-01-14 16:58:57,738 [eb54ab2f-dc88-49fd-8d6c-2a4c844f47e7-groupManagement] INFO  util.AwaitToRun (AwaitToRun.java:start(81)) - Thread[eb54ab2f-dc88-49fd-8d6c-2a4c844f47e7@group-682A4B85AB5F-cacheEviction-AwaitToRun,5,main] started
2024-01-14 16:58:57,738 [eb54ab2f-dc88-49fd-8d6c-2a4c844f47e7-groupManagement] INFO  segmented.SegmentedRaftLogWorker (SegmentedRaftLogWorker.java:<init>(182)) - new eb54ab2f-dc88-49fd-8d6c-2a4c844f47e7@group-682A4B85AB5F-SegmentedRaftLogWorker for RaftStorageImpl:Storage Directory /home/runner/work/ozone/ozone/hadoop-ozone/integration-test/target/test-dir/MiniOzoneClusterImpl-073b5688-48cc-4907-9326-51c03fe36003/datanode-8/data/ratis/812cd810-4bbd-4eee-a156-682a4b85ab5f
2024-01-14 16:58:57,738 [eb54ab2f-dc88-49fd-8d6c-2a4c844f47e7-groupManagement] INFO  server.RaftServerConfigKeys (ConfUtils.java:logGet(46)) - raft.server.log.queue.byte-limit = 4294967296 (custom)
2024-01-14 16:58:57,738 [eb54ab2f-dc88-49fd-8d6c-2a4c844f47e7-groupManagement] INFO  server.RaftServerConfigKeys (ConfUtils.java:logGet(46)) - raft.server.log.queue.element-limit = 1024 (custom)
2024-01-14 16:58:57,738 [eb54ab2f-dc88-49fd-8d6c-2a4c844f47e7-groupManagement] INFO  server.RaftServerConfigKeys (ConfUtils.java:logGet(46)) - raft.server.log.segment.size.max = 67108864 (custom)
2024-01-14 16:58:57,738 [eb54ab2f-dc88-49fd-8d6c-2a4c844f47e7-groupManagement] INFO  server.RaftServerConfigKeys (ConfUtils.java:logGet(46)) - raft.server.log.preallocated.size = 4194304 (custom)
2024-01-14 16:58:57,738 [eb54ab2f-dc88-49fd-8d6c-2a4c844f47e7-groupManagement] INFO  server.RaftServerConfigKeys (ConfUtils.java:logGet(46)) - raft.server.log.force.sync.num = 128 (default)
2024-01-14 16:58:57,738 [eb54ab2f-dc88-49fd-8d6c-2a4c844f47e7-groupManagement] INFO  server.RaftServerConfigKeys (ConfUtils.java:logGet(46)) - raft.server.log.statemachine.data.sync = true (default)
2024-01-14 16:58:57,738 [eb54ab2f-dc88-49fd-8d6c-2a4c844f47e7-groupManagement] INFO  server.RaftServerConfigKeys (ConfUtils.java:logGet(46)) - raft.server.log.statemachine.data.sync.timeout = 10s (default)
2024-01-14 16:58:57,739 [eb54ab2f-dc88-49fd-8d6c-2a4c844f47e7-groupManagement] INFO  server.RaftServerConfigKeys (ConfUtils.java:logGet(46)) - raft.server.log.statemachine.data.sync.timeout.retry = 0 (custom)
2024-01-14 16:58:57,739 [eb54ab2f-dc88-49fd-8d6c-2a4c844f47e7-groupManagement] INFO  server.RaftServerConfigKeys (ConfUtils.java:logGet(46)) - raft.server.log.write.buffer.size = 8388616 (custom)
2024-01-14 16:58:57,740 [eb54ab2f-dc88-49fd-8d6c-2a4c844f47e7-groupManagement] INFO  server.RaftServerConfigKeys (ConfUtils.java:logGet(46)) - raft.server.log.appender.buffer.byte-limit = 8388608 (custom)
2024-01-14 16:58:57,740 [eb54ab2f-dc88-49fd-8d6c-2a4c844f47e7-groupManagement] INFO  server.RaftServerConfigKeys (ConfUtils.java:logGet(46)) - raft.server.log.unsafe-flush.enabled = false (default)
2024-01-14 16:58:57,741 [eb54ab2f-dc88-49fd-8d6c-2a4c844f47e7-groupManagement] INFO  server.RaftServerConfigKeys (ConfUtils.java:logGet(46)) - raft.server.log.async-flush.enabled = false (default)
2024-01-14 16:58:57,741 [eb54ab2f-dc88-49fd-8d6c-2a4c844f47e7-groupManagement] INFO  server.RaftServerConfigKeys (ConfUtils.java:logGet(46)) - raft.server.log.statemachine.data.caching.enabled = true (custom)
2024-01-14 16:58:57,741 [eb54ab2f-dc88-49fd-8d6c-2a4c844f47e7-groupManagement] INFO  segmented.SegmentedRaftLogWorker (SegmentedRaftLogWorker.java:lambda$new$0(134)) - eb54ab2f-dc88-49fd-8d6c-2a4c844f47e7@group-682A4B85AB5F-SegmentedRaftLogWorker: flushIndex: setUnconditionally 0 -> -1
2024-01-14 16:58:57,741 [eb54ab2f-dc88-49fd-8d6c-2a4c844f47e7-groupManagement] INFO  segmented.SegmentedRaftLogWorker (SegmentedRaftLogWorker.java:lambda$new$0(134)) - eb54ab2f-dc88-49fd-8d6c-2a4c844f47e7@group-682A4B85AB5F-SegmentedRaftLogWorker: safeCacheEvictIndex: setUnconditionally 0 -> -1
2024-01-14 16:58:57,741 [eb54ab2f-dc88-49fd-8d6c-2a4c844f47e7-groupManagement] INFO  server.RaftServer$Division (RaftServerImpl.java:start(396)) - eb54ab2f-dc88-49fd-8d6c-2a4c844f47e7@group-682A4B85AB5F: start as a follower, conf=-1: peers:[fd48a60a-820f-4974-a983-c7065961ec94|10.1.0.34:15157, eb54ab2f-dc88-49fd-8d6c-2a4c844f47e7|10.1.0.34:15175, 7ded70f2-1c6f-4acc-8465-7e233baee92c|10.1.0.34:15166]|listeners:[], old=null
2024-01-14 16:58:57,741 [eb54ab2f-dc88-49fd-8d6c-2a4c844f47e7-groupManagement] INFO  server.RaftServer$Division (RaftServerImpl.java:setRole(383)) - eb54ab2f-dc88-49fd-8d6c-2a4c844f47e7@group-682A4B85AB5F: changes role from      null to FOLLOWER at term 0 for startAsFollower
2024-01-14 16:58:57,741 [eb54ab2f-dc88-49fd-8d6c-2a4c844f47e7-groupManagement] INFO  impl.RoleInfo (RoleInfo.java:updateAndGet(139)) - eb54ab2f-dc88-49fd-8d6c-2a4c844f47e7: start eb54ab2f-dc88-49fd-8d6c-2a4c844f47e7@group-682A4B85AB5F-FollowerState
2024-01-14 16:58:57,741 [eb54ab2f-dc88-49fd-8d6c-2a4c844f47e7@group-682A4B85AB5F-FollowerState] INFO  server.RaftServerConfigKeys (ConfUtils.java:logFallback(53)) - raft.server.rpc.first-election.timeout.min = 5s (fallback to raft.server.rpc.timeout.min)
2024-01-14 16:58:57,741 [eb54ab2f-dc88-49fd-8d6c-2a4c844f47e7-groupManagement] INFO  util.JmxRegister (JmxRegister.java:tryRegister(44)) - Successfully registered JMX Bean with object name Ratis:service=RaftServer,group=group-682A4B85AB5F,id=eb54ab2f-dc88-49fd-8d6c-2a4c844f47e7
2024-01-14 16:58:57,742 [eb54ab2f-dc88-49fd-8d6c-2a4c844f47e7-groupManagement] INFO  server.RaftServerConfigKeys (ConfUtils.java:logGet(46)) - raft.server.snapshot.trigger-when-stop.enabled = true (default)
2024-01-14 16:58:57,742 [eb54ab2f-dc88-49fd-8d6c-2a4c844f47e7-groupManagement] INFO  server.RaftServerConfigKeys (ConfUtils.java:logGet(46)) - raft.server.snapshot.auto.trigger.enabled = true (custom)
2024-01-14 16:58:57,742 [eb54ab2f-dc88-49fd-8d6c-2a4c844f47e7-groupManagement] INFO  server.RaftServerConfigKeys (ConfUtils.java:logGet(46)) - raft.server.snapshot.auto.trigger.threshold = 10000 (custom)
2024-01-14 16:58:57,742 [eb54ab2f-dc88-49fd-8d6c-2a4c844f47e7-groupManagement] INFO  server.RaftServerConfigKeys (ConfUtils.java:logGet(46)) - raft.server.snapshot.retention.file.num = 5 (custom)
2024-01-14 16:58:57,742 [eb54ab2f-dc88-49fd-8d6c-2a4c844f47e7-groupManagement] INFO  server.RaftServerConfigKeys (ConfUtils.java:logGet(46)) - raft.server.log.purge.upto.snapshot.index = false (default)
2024-01-14 16:58:57,741 [eb54ab2f-dc88-49fd-8d6c-2a4c844f47e7@group-682A4B85AB5F-FollowerState] INFO  server.RaftServerConfigKeys (ConfUtils.java:logFallback(53)) - raft.server.rpc.first-election.timeout.max = 5200ms (fallback to raft.server.rpc.timeout.max)
2024-01-14 16:58:57,746 [fd48a60a-820f-4974-a983-c7065961ec94-PipelineCommandHandlerThread-0] INFO  commandhandler.CreatePipelineCommandHandler (CreatePipelineCommandHandler.java:lambda$handle$2(124)) - Created Pipeline RATIS THREE PipelineID=812cd810-4bbd-4eee-a156-682a4b85ab5f.
2024-01-14 16:58:57,770 [7ded70f2-1c6f-4acc-8465-7e233baee92c-PipelineCommandHandlerThread-0] INFO  server.RaftServer (RaftServerProxy.java:addNew(100)) - 7ded70f2-1c6f-4acc-8465-7e233baee92c: addNew group-B6DE5DCCFDEA:[7ded70f2-1c6f-4acc-8465-7e233baee92c|10.1.0.34:15166] returns group-B6DE5DCCFDEA:java.util.concurrent.CompletableFuture@69e05aa0[Not completed]
2024-01-14 16:58:57,770 [7ded70f2-1c6f-4acc-8465-7e233baee92c-groupManagement] INFO  server.RaftServer$Division (RaftServerImpl.java:<init>(256)) - 7ded70f2-1c6f-4acc-8465-7e233baee92c: new RaftServerImpl for group-B6DE5DCCFDEA:[7ded70f2-1c6f-4acc-8465-7e233baee92c|10.1.0.34:15166] with ContainerStateMachine:uninitialized
2024-01-14 16:58:57,770 [7ded70f2-1c6f-4acc-8465-7e233baee92c-groupManagement] INFO  server.RaftServerConfigKeys (ConfUtils.java:logGet(46)) - raft.server.rpc.timeout.min = 5s (custom)
2024-01-14 16:58:57,770 [7ded70f2-1c6f-4acc-8465-7e233baee92c-groupManagement] INFO  server.RaftServerConfigKeys (ConfUtils.java:logGet(46)) - raft.server.rpc.timeout.max = 5200ms (custom)
2024-01-14 16:58:57,771 [7ded70f2-1c6f-4acc-8465-7e233baee92c-groupManagement] INFO  server.RaftServerConfigKeys (ConfUtils.java:logGet(46)) - raft.server.rpc.sleep.time = 25ms (default)
2024-01-14 16:58:57,771 [7ded70f2-1c6f-4acc-8465-7e233baee92c-groupManagement] INFO  server.RaftServerConfigKeys (ConfUtils.java:logGet(46)) - raft.server.rpc.slowness.timeout = 300000ms (custom)
2024-01-14 16:58:57,771 [7ded70f2-1c6f-4acc-8465-7e233baee92c-groupManagement] INFO  server.RaftServerConfigKeys (ConfUtils.java:logGet(46)) - raft.server.leaderelection.leader.step-down.wait-time = 10s (default)
2024-01-14 16:58:57,771 [7ded70f2-1c6f-4acc-8465-7e233baee92c-groupManagement] INFO  server.RaftServerConfigKeys (ConfUtils.java:logGet(46)) - raft.server.leaderelection.member.majority-add = false (default)
2024-01-14 16:58:57,771 [7ded70f2-1c6f-4acc-8465-7e233baee92c-groupManagement] INFO  server.RaftServerConfigKeys (ConfUtils.java:logGet(46)) - raft.server.sleep.deviation.threshold = 300ms (default)
2024-01-14 16:58:57,771 [7ded70f2-1c6f-4acc-8465-7e233baee92c-groupManagement] INFO  server.RaftServer$Division (ServerState.java:<init>(113)) - 7ded70f2-1c6f-4acc-8465-7e233baee92c@group-B6DE5DCCFDEA: ConfigurationManager, init=-1: peers:[7ded70f2-1c6f-4acc-8465-7e233baee92c|10.1.0.34:15166]|listeners:[], old=null, confs=<EMPTY_MAP>
2024-01-14 16:58:57,771 [7ded70f2-1c6f-4acc-8465-7e233baee92c-groupManagement] INFO  server.RaftServerConfigKeys (ConfUtils.java:logGet(46)) - raft.server.notification.no-leader.timeout = 300000ms (custom)
2024-01-14 16:58:57,771 [7ded70f2-1c6f-4acc-8465-7e233baee92c-groupManagement] INFO  server.RaftServerConfigKeys (ConfUtils.java:logGet(46)) - raft.server.read.timeout = 10s (default)
2024-01-14 16:58:57,771 [7ded70f2-1c6f-4acc-8465-7e233baee92c-groupManagement] INFO  server.RaftServerConfigKeys (ConfUtils.java:logGet(46)) - raft.server.retrycache.expirytime = 600000ms (custom)
2024-01-14 16:58:57,771 [7ded70f2-1c6f-4acc-8465-7e233baee92c-groupManagement] INFO  server.RaftServerConfigKeys (ConfUtils.java:logGet(46)) - raft.server.retrycache.statistics.expirytime = 100ms (default)
2024-01-14 16:58:57,771 [7ded70f2-1c6f-4acc-8465-7e233baee92c-groupManagement] INFO  server.RaftServerConfigKeys (ConfUtils.java:logGet(46)) - raft.server.read.option = DEFAULT (default)
2024-01-14 16:58:57,771 [7ded70f2-1c6f-4acc-8465-7e233baee92c-groupManagement] INFO  server.RaftServerConfigKeys (ConfUtils.java:logGet(46)) - raft.server.read.read-after-write-consistent.write-index-cache.expiry-time = 60s (default)
2024-01-14 16:58:57,773 [7ded70f2-1c6f-4acc-8465-7e233baee92c-groupManagement] INFO  server.RaftServerConfigKeys (ConfUtils.java:logGet(46)) - raft.server.rpc.request.timeout = 3000ms (default)
2024-01-14 16:58:57,773 [7ded70f2-1c6f-4acc-8465-7e233baee92c-groupManagement] INFO  server.RaftServerConfigKeys (ConfUtils.java:logGet(46)) - raft.server.log.appender.install.snapshot.enabled = false (custom)
2024-01-14 16:58:57,773 [7ded70f2-1c6f-4acc-8465-7e233baee92c-groupManagement] INFO  server.RaftServerConfigKeys (ConfUtils.java:logGet(46)) - raft.server.threadpool.server.cached = true (default)
2024-01-14 16:58:57,774 [7ded70f2-1c6f-4acc-8465-7e233baee92c-groupManagement] INFO  server.RaftServerConfigKeys (ConfUtils.java:logGet(46)) - raft.server.threadpool.server.size = 0 (default)
2024-01-14 16:58:57,774 [7ded70f2-1c6f-4acc-8465-7e233baee92c-groupManagement] INFO  server.RaftServerConfigKeys (ConfUtils.java:logGet(46)) - raft.server.threadpool.client.cached = true (default)
2024-01-14 16:58:57,774 [7ded70f2-1c6f-4acc-8465-7e233baee92c-groupManagement] INFO  server.RaftServerConfigKeys (ConfUtils.java:logGet(46)) - raft.server.threadpool.client.size = 0 (default)
2024-01-14 16:58:57,774 [7ded70f2-1c6f-4acc-8465-7e233baee92c-groupManagement] INFO  server.RaftServerConfigKeys (ConfUtils.java:logGet(46)) - raft.server.storage.free-space.min = 0MB (=0) (default)
2024-01-14 16:58:57,774 [7ded70f2-1c6f-4acc-8465-7e233baee92c-groupManagement] INFO  server.RaftServerConfigKeys (ConfUtils.java:logGet(46)) - raft.server.log.corruption.policy = EXCEPTION (default)
2024-01-14 16:58:57,774 [7ded70f2-1c6f-4acc-8465-7e233baee92c-groupManagement] INFO  server.RaftServerConfigKeys (ConfUtils.java:logGet(46)) - raft.server.storage.dir = [/home/runner/work/ozone/ozone/hadoop-ozone/integration-test/target/test-dir/MiniOzoneClusterImpl-073b5688-48cc-4907-9326-51c03fe36003/datanode-7/data/ratis] (custom)
2024-01-14 16:58:57,775 [7ded70f2-1c6f-4acc-8465-7e233baee92c-groupManagement] INFO  storage.RaftStorageDirectory (RaftStorageDirectoryImpl.java:analyzeStorage(138)) - The storage directory /home/runner/work/ozone/ozone/hadoop-ozone/integration-test/target/test-dir/MiniOzoneClusterImpl-073b5688-48cc-4907-9326-51c03fe36003/datanode-7/data/ratis/685d2a46-a537-498a-b42d-b6de5dccfdea does not exist. Creating ...
2024-01-14 16:58:57,775 [7ded70f2-1c6f-4acc-8465-7e233baee92c-groupManagement] INFO  storage.RaftStorageDirectory (RaftStorageDirectoryImpl.java:tryLock(228)) - Lock on /home/runner/work/ozone/ozone/hadoop-ozone/integration-test/target/test-dir/MiniOzoneClusterImpl-073b5688-48cc-4907-9326-51c03fe36003/datanode-7/data/ratis/685d2a46-a537-498a-b42d-b6de5dccfdea/in_use.lock acquired by nodename 93954@fv-az1248-16
2024-01-14 16:58:57,776 [7ded70f2-1c6f-4acc-8465-7e233baee92c-groupManagement] INFO  storage.RaftStorage (RaftStorageImpl.java:format(99)) - Storage directory /home/runner/work/ozone/ozone/hadoop-ozone/integration-test/target/test-dir/MiniOzoneClusterImpl-073b5688-48cc-4907-9326-51c03fe36003/datanode-7/data/ratis/685d2a46-a537-498a-b42d-b6de5dccfdea has been successfully formatted.
2024-01-14 16:58:57,777 [7ded70f2-1c6f-4acc-8465-7e233baee92c-groupManagement] WARN  util.FileUtils (LogUtils.java:supplyAndLog(63)) - Failed to Files.newInputStream /home/runner/work/ozone/ozone/hadoop-ozone/integration-test/target/test-dir/MiniOzoneClusterImpl-073b5688-48cc-4907-9326-51c03fe36003/datanode-7/data/ratis/685d2a46-a537-498a-b42d-b6de5dccfdea/current/raft-meta.conf with options []: java.nio.file.NoSuchFileException: /home/runner/work/ozone/ozone/hadoop-ozone/integration-test/target/test-dir/MiniOzoneClusterImpl-073b5688-48cc-4907-9326-51c03fe36003/datanode-7/data/ratis/685d2a46-a537-498a-b42d-b6de5dccfdea/current/raft-meta.conf
2024-01-14 16:58:57,777 [7ded70f2-1c6f-4acc-8465-7e233baee92c-groupManagement] INFO  ratis.ContainerStateMachine (ContainerStateMachine.java:loadSnapshot(287)) - group-B6DE5DCCFDEA: The snapshot info is null. Setting the last applied index to:(t:0, i:~)
2024-01-14 16:58:57,777 [7ded70f2-1c6f-4acc-8465-7e233baee92c-groupManagement] INFO  server.RaftServerConfigKeys (ConfUtils.java:logGet(46)) - raft.server.log.use.memory = false (default)
2024-01-14 16:58:57,777 [7ded70f2-1c6f-4acc-8465-7e233baee92c-groupManagement] INFO  server.RaftServerConfigKeys (ConfUtils.java:logGet(46)) - raft.server.log.purge.gap = 1000000 (custom)
2024-01-14 16:58:57,777 [7ded70f2-1c6f-4acc-8465-7e233baee92c-groupManagement] INFO  server.RaftServerConfigKeys (ConfUtils.java:logGet(46)) - raft.server.log.appender.buffer.byte-limit = 8388608 (custom)
2024-01-14 16:58:57,777 [7ded70f2-1c6f-4acc-8465-7e233baee92c-groupManagement] INFO  server.RaftServerConfigKeys (ConfUtils.java:logGet(46)) - raft.server.log.statemachine.data.read.timeout = 1000ms (default)
2024-01-14 16:58:57,777 [7ded70f2-1c6f-4acc-8465-7e233baee92c-groupManagement] INFO  server.RaftServerConfigKeys (ConfUtils.java:logGet(46)) - raft.server.log.purge.preservation.log.num = 0 (default)
2024-01-14 16:58:57,779 [EventQueue-PipelineReportForPipelineReportHandler] INFO  pipeline.PipelineReportHandler (PipelineReportHandler.java:processPipelineReport(136)) - Opened pipeline PipelineID=685d2a46-a537-498a-b42d-b6de5dccfdea
2024-01-14 16:58:57,779 [EventQueue-OpenPipelineForHealthyPipelineSafeModeRule] INFO  safemode.SCMSafeModeManager (HealthyPipelineSafeModeRule.java:process(140)) - SCM in safe mode. Healthy pipelines reported count is 0, required healthy pipeline reported count is 1
2024-01-14 16:58:57,780 [7ded70f2-1c6f-4acc-8465-7e233baee92c-groupManagement] INFO  server.RaftServerConfigKeys (ConfUtils.java:logGet(46)) - raft.server.log.segment.size.max = 67108864 (custom)
2024-01-14 16:58:57,780 [7ded70f2-1c6f-4acc-8465-7e233baee92c-groupManagement] INFO  server.RaftServerConfigKeys (ConfUtils.java:logGet(46)) - raft.server.log.segment.cache.num.max = 2 (custom)
2024-01-14 16:58:57,781 [7ded70f2-1c6f-4acc-8465-7e233baee92c-groupManagement] INFO  server.RaftServerConfigKeys (ConfUtils.java:logGet(46)) - raft.server.log.segment.cache.size.max = 200MB (=209715200) (default)
2024-01-14 16:58:57,781 [7ded70f2-1c6f-4acc-8465-7e233baee92c-groupManagement] INFO  server.RaftServerConfigKeys (ConfUtils.java:logGet(46)) - raft.server.log.appender.buffer.byte-limit = 8388608 (custom)
2024-01-14 16:58:57,781 [7ded70f2-1c6f-4acc-8465-7e233baee92c-groupManagement] INFO  util.AwaitToRun (AwaitToRun.java:start(81)) - Thread[7ded70f2-1c6f-4acc-8465-7e233baee92c@group-B6DE5DCCFDEA-cacheEviction-AwaitToRun,5,main] started
2024-01-14 16:58:57,781 [7ded70f2-1c6f-4acc-8465-7e233baee92c-groupManagement] INFO  segmented.SegmentedRaftLogWorker (SegmentedRaftLogWorker.java:<init>(182)) - new 7ded70f2-1c6f-4acc-8465-7e233baee92c@group-B6DE5DCCFDEA-SegmentedRaftLogWorker for RaftStorageImpl:Storage Directory /home/runner/work/ozone/ozone/hadoop-ozone/integration-test/target/test-dir/MiniOzoneClusterImpl-073b5688-48cc-4907-9326-51c03fe36003/datanode-7/data/ratis/685d2a46-a537-498a-b42d-b6de5dccfdea
2024-01-14 16:58:57,781 [7ded70f2-1c6f-4acc-8465-7e233baee92c-groupManagement] INFO  server.RaftServerConfigKeys (ConfUtils.java:logGet(46)) - raft.server.log.queue.byte-limit = 4294967296 (custom)
2024-01-14 16:58:57,781 [7ded70f2-1c6f-4acc-8465-7e233baee92c-groupManagement] INFO  server.RaftServerConfigKeys (ConfUtils.java:logGet(46)) - raft.server.log.queue.element-limit = 1024 (custom)
2024-01-14 16:58:57,781 [7ded70f2-1c6f-4acc-8465-7e233baee92c-groupManagement] INFO  server.RaftServerConfigKeys (ConfUtils.java:logGet(46)) - raft.server.log.segment.size.max = 67108864 (custom)
2024-01-14 16:58:57,781 [7ded70f2-1c6f-4acc-8465-7e233baee92c-groupManagement] INFO  server.RaftServerConfigKeys (ConfUtils.java:logGet(46)) - raft.server.log.preallocated.size = 4194304 (custom)
2024-01-14 16:58:57,781 [7ded70f2-1c6f-4acc-8465-7e233baee92c-groupManagement] INFO  server.RaftServerConfigKeys (ConfUtils.java:logGet(46)) - raft.server.log.force.sync.num = 128 (default)
2024-01-14 16:58:57,781 [7ded70f2-1c6f-4acc-8465-7e233baee92c-groupManagement] INFO  server.RaftServerConfigKeys (ConfUtils.java:logGet(46)) - raft.server.log.statemachine.data.sync = true (default)
2024-01-14 16:58:57,781 [7ded70f2-1c6f-4acc-8465-7e233baee92c-groupManagement] INFO  server.RaftServerConfigKeys (ConfUtils.java:logGet(46)) - raft.server.log.statemachine.data.sync.timeout = 10s (default)
2024-01-14 16:58:57,781 [7ded70f2-1c6f-4acc-8465-7e233baee92c-groupManagement] INFO  server.RaftServerConfigKeys (ConfUtils.java:logGet(46)) - raft.server.log.statemachine.data.sync.timeout.retry = 0 (custom)
2024-01-14 16:58:57,782 [7ded70f2-1c6f-4acc-8465-7e233baee92c-groupManagement] INFO  server.RaftServerConfigKeys (ConfUtils.java:logGet(46)) - raft.server.log.write.buffer.size = 8388616 (custom)
2024-01-14 16:58:57,784 [7ded70f2-1c6f-4acc-8465-7e233baee92c-groupManagement] INFO  server.RaftServerConfigKeys (ConfUtils.java:logGet(46)) - raft.server.log.appender.buffer.byte-limit = 8388608 (custom)
2024-01-14 16:58:57,784 [7ded70f2-1c6f-4acc-8465-7e233baee92c-groupManagement] INFO  server.RaftServerConfigKeys (ConfUtils.java:logGet(46)) - raft.server.log.unsafe-flush.enabled = false (default)
2024-01-14 16:58:57,784 [7ded70f2-1c6f-4acc-8465-7e233baee92c-groupManagement] INFO  server.RaftServerConfigKeys (ConfUtils.java:logGet(46)) - raft.server.log.async-flush.enabled = false (default)
2024-01-14 16:58:57,784 [7ded70f2-1c6f-4acc-8465-7e233baee92c-groupManagement] INFO  server.RaftServerConfigKeys (ConfUtils.java:logGet(46)) - raft.server.log.statemachine.data.caching.enabled = true (custom)
2024-01-14 16:58:57,784 [7ded70f2-1c6f-4acc-8465-7e233baee92c-groupManagement] INFO  segmented.SegmentedRaftLogWorker (SegmentedRaftLogWorker.java:lambda$new$0(134)) - 7ded70f2-1c6f-4acc-8465-7e233baee92c@group-B6DE5DCCFDEA-SegmentedRaftLogWorker: flushIndex: setUnconditionally 0 -> -1
2024-01-14 16:58:57,784 [7ded70f2-1c6f-4acc-8465-7e233baee92c-groupManagement] INFO  segmented.SegmentedRaftLogWorker (SegmentedRaftLogWorker.java:lambda$new$0(134)) - 7ded70f2-1c6f-4acc-8465-7e233baee92c@group-B6DE5DCCFDEA-SegmentedRaftLogWorker: safeCacheEvictIndex: setUnconditionally 0 -> -1
2024-01-14 16:58:57,784 [7ded70f2-1c6f-4acc-8465-7e233baee92c-groupManagement] INFO  server.RaftServer$Division (RaftServerImpl.java:start(396)) - 7ded70f2-1c6f-4acc-8465-7e233baee92c@group-B6DE5DCCFDEA: start as a follower, conf=-1: peers:[7ded70f2-1c6f-4acc-8465-7e233baee92c|10.1.0.34:15166]|listeners:[], old=null
2024-01-14 16:58:57,784 [7ded70f2-1c6f-4acc-8465-7e233baee92c-groupManagement] INFO  server.RaftServer$Division (RaftServerImpl.java:setRole(383)) - 7ded70f2-1c6f-4acc-8465-7e233baee92c@group-B6DE5DCCFDEA: changes role from      null to FOLLOWER at term 0 for startAsFollower
2024-01-14 16:58:57,784 [7ded70f2-1c6f-4acc-8465-7e233baee92c-groupManagement] INFO  impl.RoleInfo (RoleInfo.java:updateAndGet(139)) - 7ded70f2-1c6f-4acc-8465-7e233baee92c: start 7ded70f2-1c6f-4acc-8465-7e233baee92c@group-B6DE5DCCFDEA-FollowerState
2024-01-14 16:58:57,793 [7ded70f2-1c6f-4acc-8465-7e233baee92c-groupManagement] INFO  util.JmxRegister (JmxRegister.java:tryRegister(44)) - Successfully registered JMX Bean with object name Ratis:service=RaftServer,group=group-B6DE5DCCFDEA,id=7ded70f2-1c6f-4acc-8465-7e233baee92c
2024-01-14 16:58:57,793 [7ded70f2-1c6f-4acc-8465-7e233baee92c-groupManagement] INFO  server.RaftServerConfigKeys (ConfUtils.java:logGet(46)) - raft.server.snapshot.trigger-when-stop.enabled = true (default)
2024-01-14 16:58:57,793 [7ded70f2-1c6f-4acc-8465-7e233baee92c-groupManagement] INFO  server.RaftServerConfigKeys (ConfUtils.java:logGet(46)) - raft.server.snapshot.auto.trigger.enabled = true (custom)
2024-01-14 16:58:57,793 [7ded70f2-1c6f-4acc-8465-7e233baee92c-groupManagement] INFO  server.RaftServerConfigKeys (ConfUtils.java:logGet(46)) - raft.server.snapshot.auto.trigger.threshold = 10000 (custom)
2024-01-14 16:58:57,793 [7ded70f2-1c6f-4acc-8465-7e233baee92c-groupManagement] INFO  server.RaftServerConfigKeys (ConfUtils.java:logGet(46)) - raft.server.snapshot.retention.file.num = 5 (custom)
2024-01-14 16:58:57,793 [7ded70f2-1c6f-4acc-8465-7e233baee92c-groupManagement] INFO  server.RaftServerConfigKeys (ConfUtils.java:logGet(46)) - raft.server.log.purge.upto.snapshot.index = false (default)
2024-01-14 16:58:57,794 [7ded70f2-1c6f-4acc-8465-7e233baee92c@group-B6DE5DCCFDEA-FollowerState] INFO  server.RaftServerConfigKeys (ConfUtils.java:logFallback(53)) - raft.server.rpc.first-election.timeout.min = 5s (fallback to raft.server.rpc.timeout.min)
2024-01-14 16:58:57,794 [7ded70f2-1c6f-4acc-8465-7e233baee92c@group-B6DE5DCCFDEA-FollowerState] INFO  server.RaftServerConfigKeys (ConfUtils.java:logFallback(53)) - raft.server.rpc.first-election.timeout.max = 5200ms (fallback to raft.server.rpc.timeout.max)
2024-01-14 16:58:57,795 [7ded70f2-1c6f-4acc-8465-7e233baee92c-PipelineCommandHandlerThread-0] INFO  ratis.XceiverServerRatis (XceiverServerRatis.java:addGroup(842)) - Created group PipelineID=685d2a46-a537-498a-b42d-b6de5dccfdea
2024-01-14 16:58:57,795 [7ded70f2-1c6f-4acc-8465-7e233baee92c-PipelineCommandHandlerThread-0] INFO  commandhandler.CreatePipelineCommandHandler (CreatePipelineCommandHandler.java:lambda$handle$2(124)) - Created Pipeline RATIS ONE PipelineID=685d2a46-a537-498a-b42d-b6de5dccfdea.
2024-01-14 16:58:57,875 [main] INFO  ozone.MiniOzoneClusterImpl (MiniOzoneClusterImpl.java:lambda$waitForClusterToBeReady$0(229)) - Nodes are ready. Got 9 of 9 DN Heartbeats.
2024-01-14 16:58:57,875 [main] INFO  ozone.MiniOzoneClusterImpl (MiniOzoneClusterImpl.java:lambda$waitForClusterToBeReady$0(232)) - Waiting for cluster to exit safe mode
2024-01-14 16:58:57,875 [main] INFO  ozone.MiniOzoneClusterImpl (MiniOzoneClusterImpl.java:lambda$waitForClusterToBeReady$0(234)) - SCM became leader
2024-01-14 16:58:57,879 [eb54ab2f-dc88-49fd-8d6c-2a4c844f47e7-PipelineCommandHandlerThread-0] INFO  server.RaftServer (RaftServerProxy.java:addNew(100)) - eb54ab2f-dc88-49fd-8d6c-2a4c844f47e7: addNew group-088A53F56DEF:[eb54ab2f-dc88-49fd-8d6c-2a4c844f47e7|10.1.0.34:15175] returns group-088A53F56DEF:java.util.concurrent.CompletableFuture@622de3e4[Not completed]
2024-01-14 16:58:57,880 [eb54ab2f-dc88-49fd-8d6c-2a4c844f47e7-groupManagement] INFO  server.RaftServer$Division (RaftServerImpl.java:<init>(256)) - eb54ab2f-dc88-49fd-8d6c-2a4c844f47e7: new RaftServerImpl for group-088A53F56DEF:[eb54ab2f-dc88-49fd-8d6c-2a4c844f47e7|10.1.0.34:15175] with ContainerStateMachine:uninitialized
2024-01-14 16:58:57,880 [eb54ab2f-dc88-49fd-8d6c-2a4c844f47e7-groupManagement] INFO  server.RaftServerConfigKeys (ConfUtils.java:logGet(46)) - raft.server.rpc.timeout.min = 5s (custom)
2024-01-14 16:58:57,880 [eb54ab2f-dc88-49fd-8d6c-2a4c844f47e7-groupManagement] INFO  server.RaftServerConfigKeys (ConfUtils.java:logGet(46)) - raft.server.rpc.timeout.max = 5200ms (custom)
2024-01-14 16:58:57,880 [eb54ab2f-dc88-49fd-8d6c-2a4c844f47e7-groupManagement] INFO  server.RaftServerConfigKeys (ConfUtils.java:logGet(46)) - raft.server.rpc.sleep.time = 25ms (default)
2024-01-14 16:58:57,880 [eb54ab2f-dc88-49fd-8d6c-2a4c844f47e7-groupManagement] INFO  server.RaftServerConfigKeys (ConfUtils.java:logGet(46)) - raft.server.rpc.slowness.timeout = 300000ms (custom)
2024-01-14 16:58:57,880 [eb54ab2f-dc88-49fd-8d6c-2a4c844f47e7-groupManagement] INFO  server.RaftServerConfigKeys (ConfUtils.java:logGet(46)) - raft.server.leaderelection.leader.step-down.wait-time = 10s (default)
2024-01-14 16:58:57,880 [eb54ab2f-dc88-49fd-8d6c-2a4c844f47e7-groupManagement] INFO  server.RaftServerConfigKeys (ConfUtils.java:logGet(46)) - raft.server.leaderelection.member.majority-add = false (default)
2024-01-14 16:58:57,881 [eb54ab2f-dc88-49fd-8d6c-2a4c844f47e7-groupManagement] INFO  server.RaftServerConfigKeys (ConfUtils.java:logGet(46)) - raft.server.sleep.deviation.threshold = 300ms (default)
2024-01-14 16:58:57,881 [eb54ab2f-dc88-49fd-8d6c-2a4c844f47e7-groupManagement] INFO  server.RaftServer$Division (ServerState.java:<init>(113)) - eb54ab2f-dc88-49fd-8d6c-2a4c844f47e7@group-088A53F56DEF: ConfigurationManager, init=-1: peers:[eb54ab2f-dc88-49fd-8d6c-2a4c844f47e7|10.1.0.34:15175]|listeners:[], old=null, confs=<EMPTY_MAP>
2024-01-14 16:58:57,881 [eb54ab2f-dc88-49fd-8d6c-2a4c844f47e7-groupManagement] INFO  server.RaftServerConfigKeys (ConfUtils.java:logGet(46)) - raft.server.notification.no-leader.timeout = 300000ms (custom)
2024-01-14 16:58:57,881 [eb54ab2f-dc88-49fd-8d6c-2a4c844f47e7-groupManagement] INFO  server.RaftServerConfigKeys (ConfUtils.java:logGet(46)) - raft.server.read.timeout = 10s (default)
2024-01-14 16:58:57,881 [eb54ab2f-dc88-49fd-8d6c-2a4c844f47e7-groupManagement] INFO  server.RaftServerConfigKeys (ConfUtils.java:logGet(46)) - raft.server.retrycache.expirytime = 600000ms (custom)
2024-01-14 16:58:57,881 [eb54ab2f-dc88-49fd-8d6c-2a4c844f47e7-groupManagement] INFO  server.RaftServerConfigKeys (ConfUtils.java:logGet(46)) - raft.server.retrycache.statistics.expirytime = 100ms (default)
2024-01-14 16:58:57,881 [eb54ab2f-dc88-49fd-8d6c-2a4c844f47e7-groupManagement] INFO  server.RaftServerConfigKeys (ConfUtils.java:logGet(46)) - raft.server.read.option = DEFAULT (default)
2024-01-14 16:58:57,881 [eb54ab2f-dc88-49fd-8d6c-2a4c844f47e7-groupManagement] INFO  server.RaftServerConfigKeys (ConfUtils.java:logGet(46)) - raft.server.read.read-after-write-consistent.write-index-cache.expiry-time = 60s (default)
2024-01-14 16:58:57,883 [eb54ab2f-dc88-49fd-8d6c-2a4c844f47e7-groupManagement] INFO  server.RaftServerConfigKeys (ConfUtils.java:logGet(46)) - raft.server.rpc.request.timeout = 3000ms (default)
2024-01-14 16:58:57,883 [eb54ab2f-dc88-49fd-8d6c-2a4c844f47e7-groupManagement] INFO  server.RaftServerConfigKeys (ConfUtils.java:logGet(46)) - raft.server.log.appender.install.snapshot.enabled = false (custom)
2024-01-14 16:58:57,884 [eb54ab2f-dc88-49fd-8d6c-2a4c844f47e7-groupManagement] INFO  server.RaftServerConfigKeys (ConfUtils.java:logGet(46)) - raft.server.threadpool.server.cached = true (default)
2024-01-14 16:58:57,884 [eb54ab2f-dc88-49fd-8d6c-2a4c844f47e7-groupManagement] INFO  server.RaftServerConfigKeys (ConfUtils.java:logGet(46)) - raft.server.threadpool.server.size = 0 (default)
2024-01-14 16:58:57,884 [eb54ab2f-dc88-49fd-8d6c-2a4c844f47e7-groupManagement] INFO  server.RaftServerConfigKeys (ConfUtils.java:logGet(46)) - raft.server.threadpool.client.cached = true (default)
2024-01-14 16:58:57,884 [eb54ab2f-dc88-49fd-8d6c-2a4c844f47e7-groupManagement] INFO  server.RaftServerConfigKeys (ConfUtils.java:logGet(46)) - raft.server.threadpool.client.size = 0 (default)
2024-01-14 16:58:57,884 [eb54ab2f-dc88-49fd-8d6c-2a4c844f47e7-groupManagement] INFO  server.RaftServerConfigKeys (ConfUtils.java:logGet(46)) - raft.server.storage.free-space.min = 0MB (=0) (default)
2024-01-14 16:58:57,884 [eb54ab2f-dc88-49fd-8d6c-2a4c844f47e7-groupManagement] INFO  server.RaftServerConfigKeys (ConfUtils.java:logGet(46)) - raft.server.log.corruption.policy = EXCEPTION (default)
2024-01-14 16:58:57,884 [eb54ab2f-dc88-49fd-8d6c-2a4c844f47e7-groupManagement] INFO  server.RaftServerConfigKeys (ConfUtils.java:logGet(46)) - raft.server.storage.dir = [/home/runner/work/ozone/ozone/hadoop-ozone/integration-test/target/test-dir/MiniOzoneClusterImpl-073b5688-48cc-4907-9326-51c03fe36003/datanode-8/data/ratis] (custom)
2024-01-14 16:58:57,884 [eb54ab2f-dc88-49fd-8d6c-2a4c844f47e7-groupManagement] INFO  storage.RaftStorageDirectory (RaftStorageDirectoryImpl.java:analyzeStorage(138)) - The storage directory /home/runner/work/ozone/ozone/hadoop-ozone/integration-test/target/test-dir/MiniOzoneClusterImpl-073b5688-48cc-4907-9326-51c03fe36003/datanode-8/data/ratis/14a65da0-720b-4770-87e5-088a53f56def does not exist. Creating ...
2024-01-14 16:58:57,885 [eb54ab2f-dc88-49fd-8d6c-2a4c844f47e7-groupManagement] INFO  storage.RaftStorageDirectory (RaftStorageDirectoryImpl.java:tryLock(228)) - Lock on /home/runner/work/ozone/ozone/hadoop-ozone/integration-test/target/test-dir/MiniOzoneClusterImpl-073b5688-48cc-4907-9326-51c03fe36003/datanode-8/data/ratis/14a65da0-720b-4770-87e5-088a53f56def/in_use.lock acquired by nodename 93954@fv-az1248-16
2024-01-14 16:58:57,886 [eb54ab2f-dc88-49fd-8d6c-2a4c844f47e7-groupManagement] INFO  storage.RaftStorage (RaftStorageImpl.java:format(99)) - Storage directory /home/runner/work/ozone/ozone/hadoop-ozone/integration-test/target/test-dir/MiniOzoneClusterImpl-073b5688-48cc-4907-9326-51c03fe36003/datanode-8/data/ratis/14a65da0-720b-4770-87e5-088a53f56def has been successfully formatted.
2024-01-14 16:58:57,886 [eb54ab2f-dc88-49fd-8d6c-2a4c844f47e7-groupManagement] WARN  util.FileUtils (LogUtils.java:supplyAndLog(63)) - Failed to Files.newInputStream /home/runner/work/ozone/ozone/hadoop-ozone/integration-test/target/test-dir/MiniOzoneClusterImpl-073b5688-48cc-4907-9326-51c03fe36003/datanode-8/data/ratis/14a65da0-720b-4770-87e5-088a53f56def/current/raft-meta.conf with options []: java.nio.file.NoSuchFileException: /home/runner/work/ozone/ozone/hadoop-ozone/integration-test/target/test-dir/MiniOzoneClusterImpl-073b5688-48cc-4907-9326-51c03fe36003/datanode-8/data/ratis/14a65da0-720b-4770-87e5-088a53f56def/current/raft-meta.conf
2024-01-14 16:58:57,888 [eb54ab2f-dc88-49fd-8d6c-2a4c844f47e7-groupManagement] INFO  ratis.ContainerStateMachine (ContainerStateMachine.java:loadSnapshot(287)) - group-088A53F56DEF: The snapshot info is null. Setting the last applied index to:(t:0, i:~)
2024-01-14 16:58:57,888 [eb54ab2f-dc88-49fd-8d6c-2a4c844f47e7-groupManagement] INFO  server.RaftServerConfigKeys (ConfUtils.java:logGet(46)) - raft.server.log.use.memory = false (default)
2024-01-14 16:58:57,888 [eb54ab2f-dc88-49fd-8d6c-2a4c844f47e7-groupManagement] INFO  server.RaftServerConfigKeys (ConfUtils.java:logGet(46)) - raft.server.log.purge.gap = 1000000 (custom)
2024-01-14 16:58:57,888 [eb54ab2f-dc88-49fd-8d6c-2a4c844f47e7-groupManagement] INFO  server.RaftServerConfigKeys (ConfUtils.java:logGet(46)) - raft.server.log.appender.buffer.byte-limit = 8388608 (custom)
2024-01-14 16:58:57,888 [eb54ab2f-dc88-49fd-8d6c-2a4c844f47e7-groupManagement] INFO  server.RaftServerConfigKeys (ConfUtils.java:logGet(46)) - raft.server.log.statemachine.data.read.timeout = 1000ms (default)
2024-01-14 16:58:57,888 [eb54ab2f-dc88-49fd-8d6c-2a4c844f47e7-groupManagement] INFO  server.RaftServerConfigKeys (ConfUtils.java:logGet(46)) - raft.server.log.purge.preservation.log.num = 0 (default)
2024-01-14 16:58:57,889 [EventQueue-PipelineReportForPipelineReportHandler] INFO  pipeline.PipelineReportHandler (PipelineReportHandler.java:processPipelineReport(136)) - Opened pipeline PipelineID=14a65da0-720b-4770-87e5-088a53f56def
2024-01-14 16:58:57,889 [EventQueue-OpenPipelineForHealthyPipelineSafeModeRule] INFO  safemode.SCMSafeModeManager (HealthyPipelineSafeModeRule.java:process(140)) - SCM in safe mode. Healthy pipelines reported count is 0, required healthy pipeline reported count is 1
2024-01-14 16:58:57,891 [eb54ab2f-dc88-49fd-8d6c-2a4c844f47e7-groupManagement] INFO  server.RaftServerConfigKeys (ConfUtils.java:logGet(46)) - raft.server.log.segment.size.max = 67108864 (custom)
2024-01-14 16:58:57,891 [eb54ab2f-dc88-49fd-8d6c-2a4c844f47e7-groupManagement] INFO  server.RaftServerConfigKeys (ConfUtils.java:logGet(46)) - raft.server.log.segment.cache.num.max = 2 (custom)
2024-01-14 16:58:57,891 [eb54ab2f-dc88-49fd-8d6c-2a4c844f47e7-groupManagement] INFO  server.RaftServerConfigKeys (ConfUtils.java:logGet(46)) - raft.server.log.segment.cache.size.max = 200MB (=209715200) (default)
2024-01-14 16:58:57,891 [eb54ab2f-dc88-49fd-8d6c-2a4c844f47e7-groupManagement] INFO  server.RaftServerConfigKeys (ConfUtils.java:logGet(46)) - raft.server.log.appender.buffer.byte-limit = 8388608 (custom)
2024-01-14 16:58:57,892 [eb54ab2f-dc88-49fd-8d6c-2a4c844f47e7-groupManagement] INFO  util.AwaitToRun (AwaitToRun.java:start(81)) - Thread[eb54ab2f-dc88-49fd-8d6c-2a4c844f47e7@group-088A53F56DEF-cacheEviction-AwaitToRun,5,main] started
2024-01-14 16:58:57,892 [eb54ab2f-dc88-49fd-8d6c-2a4c844f47e7-groupManagement] INFO  segmented.SegmentedRaftLogWorker (SegmentedRaftLogWorker.java:<init>(182)) - new eb54ab2f-dc88-49fd-8d6c-2a4c844f47e7@group-088A53F56DEF-SegmentedRaftLogWorker for RaftStorageImpl:Storage Directory /home/runner/work/ozone/ozone/hadoop-ozone/integration-test/target/test-dir/MiniOzoneClusterImpl-073b5688-48cc-4907-9326-51c03fe36003/datanode-8/data/ratis/14a65da0-720b-4770-87e5-088a53f56def
2024-01-14 16:58:57,892 [eb54ab2f-dc88-49fd-8d6c-2a4c844f47e7-groupManagement] INFO  server.RaftServerConfigKeys (ConfUtils.java:logGet(46)) - raft.server.log.queue.byte-limit = 4294967296 (custom)
2024-01-14 16:58:57,892 [eb54ab2f-dc88-49fd-8d6c-2a4c844f47e7-groupManagement] INFO  server.RaftServerConfigKeys (ConfUtils.java:logGet(46)) - raft.server.log.queue.element-limit = 1024 (custom)
2024-01-14 16:58:57,892 [eb54ab2f-dc88-49fd-8d6c-2a4c844f47e7-groupManagement] INFO  server.RaftServerConfigKeys (ConfUtils.java:logGet(46)) - raft.server.log.segment.size.max = 67108864 (custom)
2024-01-14 16:58:57,892 [eb54ab2f-dc88-49fd-8d6c-2a4c844f47e7-groupManagement] INFO  server.RaftServerConfigKeys (ConfUtils.java:logGet(46)) - raft.server.log.preallocated.size = 4194304 (custom)
2024-01-14 16:58:57,892 [eb54ab2f-dc88-49fd-8d6c-2a4c844f47e7-groupManagement] INFO  server.RaftServerConfigKeys (ConfUtils.java:logGet(46)) - raft.server.log.force.sync.num = 128 (default)
2024-01-14 16:58:57,892 [eb54ab2f-dc88-49fd-8d6c-2a4c844f47e7-groupManagement] INFO  server.RaftServerConfigKeys (ConfUtils.java:logGet(46)) - raft.server.log.statemachine.data.sync = true (default)
2024-01-14 16:58:57,892 [eb54ab2f-dc88-49fd-8d6c-2a4c844f47e7-groupManagement] INFO  server.RaftServerConfigKeys (ConfUtils.java:logGet(46)) - raft.server.log.statemachine.data.sync.timeout = 10s (default)
2024-01-14 16:58:57,892 [eb54ab2f-dc88-49fd-8d6c-2a4c844f47e7-groupManagement] INFO  server.RaftServerConfigKeys (ConfUtils.java:logGet(46)) - raft.server.log.statemachine.data.sync.timeout.retry = 0 (custom)
2024-01-14 16:58:57,892 [eb54ab2f-dc88-49fd-8d6c-2a4c844f47e7-groupManagement] INFO  server.RaftServerConfigKeys (ConfUtils.java:logGet(46)) - raft.server.log.write.buffer.size = 8388616 (custom)
2024-01-14 16:58:57,894 [eb54ab2f-dc88-49fd-8d6c-2a4c844f47e7-groupManagement] INFO  server.RaftServerConfigKeys (ConfUtils.java:logGet(46)) - raft.server.log.appender.buffer.byte-limit = 8388608 (custom)
2024-01-14 16:58:57,895 [eb54ab2f-dc88-49fd-8d6c-2a4c844f47e7-groupManagement] INFO  server.RaftServerConfigKeys (ConfUtils.java:logGet(46)) - raft.server.log.unsafe-flush.enabled = false (default)
2024-01-14 16:58:57,895 [eb54ab2f-dc88-49fd-8d6c-2a4c844f47e7-groupManagement] INFO  server.RaftServerConfigKeys (ConfUtils.java:logGet(46)) - raft.server.log.async-flush.enabled = false (default)
2024-01-14 16:58:57,895 [eb54ab2f-dc88-49fd-8d6c-2a4c844f47e7-groupManagement] INFO  server.RaftServerConfigKeys (ConfUtils.java:logGet(46)) - raft.server.log.statemachine.data.caching.enabled = true (custom)
2024-01-14 16:58:57,895 [eb54ab2f-dc88-49fd-8d6c-2a4c844f47e7-groupManagement] INFO  segmented.SegmentedRaftLogWorker (SegmentedRaftLogWorker.java:lambda$new$0(134)) - eb54ab2f-dc88-49fd-8d6c-2a4c844f47e7@group-088A53F56DEF-SegmentedRaftLogWorker: flushIndex: setUnconditionally 0 -> -1
2024-01-14 16:58:57,895 [eb54ab2f-dc88-49fd-8d6c-2a4c844f47e7-groupManagement] INFO  segmented.SegmentedRaftLogWorker (SegmentedRaftLogWorker.java:lambda$new$0(134)) - eb54ab2f-dc88-49fd-8d6c-2a4c844f47e7@group-088A53F56DEF-SegmentedRaftLogWorker: safeCacheEvictIndex: setUnconditionally 0 -> -1
2024-01-14 16:58:57,895 [eb54ab2f-dc88-49fd-8d6c-2a4c844f47e7-groupManagement] INFO  server.RaftServer$Division (RaftServerImpl.java:start(396)) - eb54ab2f-dc88-49fd-8d6c-2a4c844f47e7@group-088A53F56DEF: start as a follower, conf=-1: peers:[eb54ab2f-dc88-49fd-8d6c-2a4c844f47e7|10.1.0.34:15175]|listeners:[], old=null
2024-01-14 16:58:57,895 [eb54ab2f-dc88-49fd-8d6c-2a4c844f47e7-groupManagement] INFO  server.RaftServer$Division (RaftServerImpl.java:setRole(383)) - eb54ab2f-dc88-49fd-8d6c-2a4c844f47e7@group-088A53F56DEF: changes role from      null to FOLLOWER at term 0 for startAsFollower
2024-01-14 16:58:57,895 [eb54ab2f-dc88-49fd-8d6c-2a4c844f47e7-groupManagement] INFO  impl.RoleInfo (RoleInfo.java:updateAndGet(139)) - eb54ab2f-dc88-49fd-8d6c-2a4c844f47e7: start eb54ab2f-dc88-49fd-8d6c-2a4c844f47e7@group-088A53F56DEF-FollowerState
2024-01-14 16:58:57,895 [eb54ab2f-dc88-49fd-8d6c-2a4c844f47e7-groupManagement] INFO  util.JmxRegister (JmxRegister.java:tryRegister(44)) - Successfully registered JMX Bean with object name Ratis:service=RaftServer,group=group-088A53F56DEF,id=eb54ab2f-dc88-49fd-8d6c-2a4c844f47e7
2024-01-14 16:58:57,896 [eb54ab2f-dc88-49fd-8d6c-2a4c844f47e7-groupManagement] INFO  server.RaftServerConfigKeys (ConfUtils.java:logGet(46)) - raft.server.snapshot.trigger-when-stop.enabled = true (default)
2024-01-14 16:58:57,896 [eb54ab2f-dc88-49fd-8d6c-2a4c844f47e7-groupManagement] INFO  server.RaftServerConfigKeys (ConfUtils.java:logGet(46)) - raft.server.snapshot.auto.trigger.enabled = true (custom)
2024-01-14 16:58:57,896 [eb54ab2f-dc88-49fd-8d6c-2a4c844f47e7-groupManagement] INFO  server.RaftServerConfigKeys (ConfUtils.java:logGet(46)) - raft.server.snapshot.auto.trigger.threshold = 10000 (custom)
2024-01-14 16:58:57,896 [eb54ab2f-dc88-49fd-8d6c-2a4c844f47e7-groupManagement] INFO  server.RaftServerConfigKeys (ConfUtils.java:logGet(46)) - raft.server.snapshot.retention.file.num = 5 (custom)
2024-01-14 16:58:57,896 [eb54ab2f-dc88-49fd-8d6c-2a4c844f47e7-groupManagement] INFO  server.RaftServerConfigKeys (ConfUtils.java:logGet(46)) - raft.server.log.purge.upto.snapshot.index = false (default)
2024-01-14 16:58:57,896 [eb54ab2f-dc88-49fd-8d6c-2a4c844f47e7@group-088A53F56DEF-FollowerState] INFO  server.RaftServerConfigKeys (ConfUtils.java:logFallback(53)) - raft.server.rpc.first-election.timeout.min = 5s (fallback to raft.server.rpc.timeout.min)
2024-01-14 16:58:57,896 [eb54ab2f-dc88-49fd-8d6c-2a4c844f47e7@group-088A53F56DEF-FollowerState] INFO  server.RaftServerConfigKeys (ConfUtils.java:logFallback(53)) - raft.server.rpc.first-election.timeout.max = 5200ms (fallback to raft.server.rpc.timeout.max)
2024-01-14 16:58:57,898 [eb54ab2f-dc88-49fd-8d6c-2a4c844f47e7-PipelineCommandHandlerThread-0] INFO  ratis.XceiverServerRatis (XceiverServerRatis.java:addGroup(842)) - Created group PipelineID=14a65da0-720b-4770-87e5-088a53f56def
2024-01-14 16:58:57,898 [eb54ab2f-dc88-49fd-8d6c-2a4c844f47e7-PipelineCommandHandlerThread-0] INFO  commandhandler.CreatePipelineCommandHandler (CreatePipelineCommandHandler.java:lambda$handle$2(124)) - Created Pipeline RATIS ONE PipelineID=14a65da0-720b-4770-87e5-088a53f56def.
2024-01-14 16:58:58,875 [main] INFO  ozone.MiniOzoneClusterImpl (MiniOzoneClusterImpl.java:lambda$waitForClusterToBeReady$0(229)) - Nodes are ready. Got 9 of 9 DN Heartbeats.
2024-01-14 16:58:58,875 [main] INFO  ozone.MiniOzoneClusterImpl (MiniOzoneClusterImpl.java:lambda$waitForClusterToBeReady$0(232)) - Waiting for cluster to exit safe mode
2024-01-14 16:58:58,875 [main] INFO  ozone.MiniOzoneClusterImpl (MiniOzoneClusterImpl.java:lambda$waitForClusterToBeReady$0(234)) - SCM became leader
2024-01-14 16:58:59,876 [main] INFO  ozone.MiniOzoneClusterImpl (MiniOzoneClusterImpl.java:lambda$waitForClusterToBeReady$0(229)) - Nodes are ready. Got 9 of 9 DN Heartbeats.
2024-01-14 16:58:59,876 [main] INFO  ozone.MiniOzoneClusterImpl (MiniOzoneClusterImpl.java:lambda$waitForClusterToBeReady$0(232)) - Waiting for cluster to exit safe mode
2024-01-14 16:58:59,876 [main] INFO  ozone.MiniOzoneClusterImpl (MiniOzoneClusterImpl.java:lambda$waitForClusterToBeReady$0(234)) - SCM became leader
2024-01-14 16:59:00,876 [main] INFO  ozone.MiniOzoneClusterImpl (MiniOzoneClusterImpl.java:lambda$waitForClusterToBeReady$0(229)) - Nodes are ready. Got 9 of 9 DN Heartbeats.
2024-01-14 16:59:00,877 [main] INFO  ozone.MiniOzoneClusterImpl (MiniOzoneClusterImpl.java:lambda$waitForClusterToBeReady$0(232)) - Waiting for cluster to exit safe mode
2024-01-14 16:59:00,877 [main] INFO  ozone.MiniOzoneClusterImpl (MiniOzoneClusterImpl.java:lambda$waitForClusterToBeReady$0(234)) - SCM became leader
2024-01-14 16:59:01,877 [main] INFO  ozone.MiniOzoneClusterImpl (MiniOzoneClusterImpl.java:lambda$waitForClusterToBeReady$0(229)) - Nodes are ready. Got 9 of 9 DN Heartbeats.
2024-01-14 16:59:01,877 [main] INFO  ozone.MiniOzoneClusterImpl (MiniOzoneClusterImpl.java:lambda$waitForClusterToBeReady$0(232)) - Waiting for cluster to exit safe mode
2024-01-14 16:59:01,877 [main] INFO  ozone.MiniOzoneClusterImpl (MiniOzoneClusterImpl.java:lambda$waitForClusterToBeReady$0(234)) - SCM became leader
2024-01-14 16:59:02,052 [08cfce96-786e-4185-808c-4b09ee2338d3@group-BA7FA7942C21-FollowerState] INFO  impl.FollowerState (FollowerState.java:run(143)) - 08cfce96-786e-4185-808c-4b09ee2338d3@group-BA7FA7942C21-FollowerState: change to CANDIDATE, lastRpcElapsedTime:5079449148ns, electionTimeout:5079ms
2024-01-14 16:59:02,052 [08cfce96-786e-4185-808c-4b09ee2338d3@group-BA7FA7942C21-FollowerState] INFO  impl.RoleInfo (RoleInfo.java:shutdownFollowerState(110)) - 08cfce96-786e-4185-808c-4b09ee2338d3: shutdown 08cfce96-786e-4185-808c-4b09ee2338d3@group-BA7FA7942C21-FollowerState
2024-01-14 16:59:02,052 [08cfce96-786e-4185-808c-4b09ee2338d3@group-BA7FA7942C21-FollowerState] INFO  server.RaftServer$Division (RaftServerImpl.java:setRole(383)) - 08cfce96-786e-4185-808c-4b09ee2338d3@group-BA7FA7942C21: changes role from  FOLLOWER to CANDIDATE at term 0 for changeToCandidate
2024-01-14 16:59:02,052 [08cfce96-786e-4185-808c-4b09ee2338d3@group-BA7FA7942C21-FollowerState] INFO  server.RaftServerConfigKeys (ConfUtils.java:logGet(46)) - raft.server.leaderelection.pre-vote = true (default)
2024-01-14 16:59:02,052 [08cfce96-786e-4185-808c-4b09ee2338d3@group-BA7FA7942C21-FollowerState] INFO  impl.RoleInfo (RoleInfo.java:updateAndGet(139)) - 08cfce96-786e-4185-808c-4b09ee2338d3: start 08cfce96-786e-4185-808c-4b09ee2338d3@group-BA7FA7942C21-LeaderElection17
2024-01-14 16:59:02,054 [08cfce96-786e-4185-808c-4b09ee2338d3@group-BA7FA7942C21-LeaderElection17] INFO  impl.LeaderElection (LeaderElection.java:askForVotes(321)) - 08cfce96-786e-4185-808c-4b09ee2338d3@group-BA7FA7942C21-LeaderElection17 PRE_VOTE round 0: submit vote requests at term 0 for -1: peers:[08cfce96-786e-4185-808c-4b09ee2338d3|10.1.0.34:15103]|listeners:[], old=null
2024-01-14 16:59:02,055 [08cfce96-786e-4185-808c-4b09ee2338d3@group-BA7FA7942C21-LeaderElection17] INFO  impl.LeaderElection (LeaderElection.java:askForVotes(323)) - 08cfce96-786e-4185-808c-4b09ee2338d3@group-BA7FA7942C21-LeaderElection17 PRE_VOTE round 0: result PASSED (term=0)
2024-01-14 16:59:02,056 [08cfce96-786e-4185-808c-4b09ee2338d3@group-BA7FA7942C21-LeaderElection17] INFO  impl.LeaderElection (LeaderElection.java:askForVotes(321)) - 08cfce96-786e-4185-808c-4b09ee2338d3@group-BA7FA7942C21-LeaderElection17 ELECTION round 0: submit vote requests at term 1 for -1: peers:[08cfce96-786e-4185-808c-4b09ee2338d3|10.1.0.34:15103]|listeners:[], old=null
2024-01-14 16:59:02,056 [08cfce96-786e-4185-808c-4b09ee2338d3@group-BA7FA7942C21-LeaderElection17] INFO  impl.LeaderElection (LeaderElection.java:askForVotes(323)) - 08cfce96-786e-4185-808c-4b09ee2338d3@group-BA7FA7942C21-LeaderElection17 ELECTION round 0: result PASSED (term=1)
2024-01-14 16:59:02,056 [08cfce96-786e-4185-808c-4b09ee2338d3@group-BA7FA7942C21-LeaderElection17] INFO  impl.RoleInfo (RoleInfo.java:shutdownLeaderElection(130)) - 08cfce96-786e-4185-808c-4b09ee2338d3: shutdown 08cfce96-786e-4185-808c-4b09ee2338d3@group-BA7FA7942C21-LeaderElection17
2024-01-14 16:59:02,056 [08cfce96-786e-4185-808c-4b09ee2338d3@group-BA7FA7942C21-LeaderElection17] INFO  server.RaftServer$Division (RaftServerImpl.java:setRole(383)) - 08cfce96-786e-4185-808c-4b09ee2338d3@group-BA7FA7942C21: changes role from CANDIDATE to LEADER at term 1 for changeToLeader
2024-01-14 16:59:02,056 [08cfce96-786e-4185-808c-4b09ee2338d3@group-BA7FA7942C21-LeaderElection17] INFO  server.RaftServerConfigKeys (ConfUtils.java:logGet(46)) - raft.server.staging.catchup.gap = 1000 (default)
2024-01-14 16:59:02,056 [08cfce96-786e-4185-808c-4b09ee2338d3@group-BA7FA7942C21-LeaderElection17] INFO  server.RaftServerConfigKeys (ConfUtils.java:logGet(46)) - raft.server.write.element-limit = 1024 (custom)
2024-01-14 16:59:02,056 [08cfce96-786e-4185-808c-4b09ee2338d3@group-BA7FA7942C21-LeaderElection17] INFO  server.RaftServerConfigKeys (ConfUtils.java:logGet(46)) - raft.server.write.byte-limit = 1024 M (=1073741824) (custom)
2024-01-14 16:59:02,056 [08cfce96-786e-4185-808c-4b09ee2338d3@group-BA7FA7942C21-LeaderElection17] INFO  server.RaftServerConfigKeys (ConfUtils.java:logGet(46)) - raft.server.watch.timeout = 3000ms (custom)
2024-01-14 16:59:02,056 [08cfce96-786e-4185-808c-4b09ee2338d3@group-BA7FA7942C21-LeaderElection17] INFO  server.RaftServerConfigKeys (ConfUtils.java:logGet(46)) - raft.server.watch.timeout.denomination = 1s (default)
2024-01-14 16:59:02,056 [08cfce96-786e-4185-808c-4b09ee2338d3@group-BA7FA7942C21-LeaderElection17] INFO  server.RaftServerConfigKeys (ConfUtils.java:logGet(46)) - raft.server.watch.element-limit = 65536 (default)
2024-01-14 16:59:02,056 [08cfce96-786e-4185-808c-4b09ee2338d3@group-BA7FA7942C21-LeaderElection17] INFO  server.RaftServerConfigKeys (ConfUtils.java:logGet(46)) - raft.server.read.leader.lease.enabled = false (default)
2024-01-14 16:59:02,056 [08cfce96-786e-4185-808c-4b09ee2338d3@group-BA7FA7942C21-LeaderElection17] INFO  server.RaftServerConfigKeys (ConfUtils.java:logGet(46)) - raft.server.read.leader.lease.timeout.ratio = 0.9 (default)
2024-01-14 16:59:02,056 [08cfce96-786e-4185-808c-4b09ee2338d3@group-BA7FA7942C21-LeaderElection17] INFO  server.RaftServerConfigKeys (ConfUtils.java:logGet(46)) - raft.server.rpc.timeout.min = 5s (custom)
2024-01-14 16:59:02,057 [08cfce96-786e-4185-808c-4b09ee2338d3@group-BA7FA7942C21-LeaderElection17] INFO  server.RaftServerConfigKeys (ConfUtils.java:logGet(46)) - raft.server.write.element-limit = 1024 (custom)
2024-01-14 16:59:02,057 [08cfce96-786e-4185-808c-4b09ee2338d3@group-BA7FA7942C21-LeaderElection17] INFO  server.RaftServerConfigKeys (ConfUtils.java:logGet(46)) - raft.server.write.follower.gap.ratio.max = -1.0 (default)
2024-01-14 16:59:02,057 [08cfce96-786e-4185-808c-4b09ee2338d3@group-BA7FA7942C21-LeaderElection17] INFO  impl.RoleInfo (RoleInfo.java:updateAndGet(139)) - 08cfce96-786e-4185-808c-4b09ee2338d3: start 08cfce96-786e-4185-808c-4b09ee2338d3@group-BA7FA7942C21-LeaderStateImpl
2024-01-14 16:59:02,057 [08cfce96-786e-4185-808c-4b09ee2338d3@group-BA7FA7942C21-LeaderElection17] INFO  server.RaftServer$Division (RaftServerImpl.java:setFirstElection(574)) - 08cfce96-786e-4185-808c-4b09ee2338d3@group-BA7FA7942C21: set firstElectionSinceStartup to false for becomeLeader
2024-01-14 16:59:02,057 [08cfce96-786e-4185-808c-4b09ee2338d3@group-BA7FA7942C21-LeaderElection17] INFO  ratis.XceiverServerRatis (XceiverServerRatis.java:handleLeaderChangedNotification(945)) - Leader change notification received for group: group-BA7FA7942C21 with new leaderId: 08cfce96-786e-4185-808c-4b09ee2338d3
2024-01-14 16:59:02,057 [08cfce96-786e-4185-808c-4b09ee2338d3@group-BA7FA7942C21-LeaderElection17] INFO  server.RaftServer$Division (ServerState.java:setLeader(269)) - 08cfce96-786e-4185-808c-4b09ee2338d3@group-BA7FA7942C21: change Leader from null to 08cfce96-786e-4185-808c-4b09ee2338d3 at term 1 for becomeLeader, leader elected after 5097ms
2024-01-14 16:59:02,057 [08cfce96-786e-4185-808c-4b09ee2338d3@group-BA7FA7942C21-LeaderElection17] INFO  segmented.SegmentedRaftLogWorker (SegmentedRaftLogWorker.java:startLogSegment(430)) - 08cfce96-786e-4185-808c-4b09ee2338d3@group-BA7FA7942C21-SegmentedRaftLogWorker: Starting segment from index:0
2024-01-14 16:59:02,057 [08cfce96-786e-4185-808c-4b09ee2338d3@group-BA7FA7942C21-SegmentedRaftLogWorker] INFO  segmented.BufferedWriteChannel (BufferedWriteChannel.java:open(62)) - open log_inprogress_0 at position 0
2024-01-14 16:59:02,058 [EventQueue-OpenPipelineForHealthyPipelineSafeModeRule] INFO  safemode.SCMSafeModeManager (HealthyPipelineSafeModeRule.java:process(140)) - SCM in safe mode. Healthy pipelines reported count is 0, required healthy pipeline reported count is 1
2024-01-14 16:59:02,061 [08cfce96-786e-4185-808c-4b09ee2338d3@group-BA7FA7942C21-LeaderElection17] INFO  server.RaftServer$Division (ServerState.java:setRaftConf(386)) - 08cfce96-786e-4185-808c-4b09ee2338d3@group-BA7FA7942C21: set configuration 0: peers:[08cfce96-786e-4185-808c-4b09ee2338d3|10.1.0.34:15103]|listeners:[], old=null
2024-01-14 16:59:02,064 [08cfce96-786e-4185-808c-4b09ee2338d3@group-BA7FA7942C21-SegmentedRaftLogWorker] INFO  segmented.SegmentedRaftLogWorker (SegmentedRaftLogWorker.java:execute(634)) - 08cfce96-786e-4185-808c-4b09ee2338d3@group-BA7FA7942C21-SegmentedRaftLogWorker: created new log segment /home/runner/work/ozone/ozone/hadoop-ozone/integration-test/target/test-dir/MiniOzoneClusterImpl-073b5688-48cc-4907-9326-51c03fe36003/datanode-0/data/ratis/a5e3edb7-20c6-4f1b-b4f4-ba7fa7942c21/current/log_inprogress_0
2024-01-14 16:59:02,066 [08cfce96-786e-4185-808c-4b09ee2338d3@group-BA7FA7942C21-StateMachineUpdater] INFO  server.RaftServer$Division (LeaderStateImpl.java:isApplied(320)) - leader is ready since appliedIndex == 0 >= startIndex == 0
2024-01-14 16:59:02,133 [56641f86-a9c9-430f-8bf6-dc57d718c7d6@group-291BE69B6FEB-FollowerState] INFO  impl.FollowerState (FollowerState.java:run(143)) - 56641f86-a9c9-430f-8bf6-dc57d718c7d6@group-291BE69B6FEB-FollowerState: change to CANDIDATE, lastRpcElapsedTime:5116601993ns, electionTimeout:5116ms
2024-01-14 16:59:02,133 [56641f86-a9c9-430f-8bf6-dc57d718c7d6@group-291BE69B6FEB-FollowerState] INFO  impl.RoleInfo (RoleInfo.java:shutdownFollowerState(110)) - 56641f86-a9c9-430f-8bf6-dc57d718c7d6: shutdown 56641f86-a9c9-430f-8bf6-dc57d718c7d6@group-291BE69B6FEB-FollowerState
2024-01-14 16:59:02,133 [56641f86-a9c9-430f-8bf6-dc57d718c7d6@group-291BE69B6FEB-FollowerState] INFO  server.RaftServer$Division (RaftServerImpl.java:setRole(383)) - 56641f86-a9c9-430f-8bf6-dc57d718c7d6@group-291BE69B6FEB: changes role from  FOLLOWER to CANDIDATE at term 0 for changeToCandidate
2024-01-14 16:59:02,133 [56641f86-a9c9-430f-8bf6-dc57d718c7d6@group-291BE69B6FEB-FollowerState] INFO  server.RaftServerConfigKeys (ConfUtils.java:logGet(46)) - raft.server.leaderelection.pre-vote = true (default)
2024-01-14 16:59:02,133 [56641f86-a9c9-430f-8bf6-dc57d718c7d6@group-291BE69B6FEB-FollowerState] INFO  impl.RoleInfo (RoleInfo.java:updateAndGet(139)) - 56641f86-a9c9-430f-8bf6-dc57d718c7d6: start 56641f86-a9c9-430f-8bf6-dc57d718c7d6@group-291BE69B6FEB-LeaderElection18
2024-01-14 16:59:02,135 [56641f86-a9c9-430f-8bf6-dc57d718c7d6@group-291BE69B6FEB-LeaderElection18] INFO  impl.LeaderElection (LeaderElection.java:askForVotes(321)) - 56641f86-a9c9-430f-8bf6-dc57d718c7d6@group-291BE69B6FEB-LeaderElection18 PRE_VOTE round 0: submit vote requests at term 0 for -1: peers:[56641f86-a9c9-430f-8bf6-dc57d718c7d6|10.1.0.34:15112, a2543f1a-c8af-46f0-9728-67cfa3d7b722|10.1.0.34:15121, 08cfce96-786e-4185-808c-4b09ee2338d3|10.1.0.34:15103]|listeners:[], old=null
2024-01-14 16:59:02,135 [56641f86-a9c9-430f-8bf6-dc57d718c7d6@group-291BE69B6FEB-LeaderElection18-1] INFO  server.GrpcServerProtocolClient (GrpcServerProtocolClient.java:<init>(65)) - Build channel for a2543f1a-c8af-46f0-9728-67cfa3d7b722|10.1.0.34:15121
2024-01-14 16:59:02,135 [56641f86-a9c9-430f-8bf6-dc57d718c7d6@group-291BE69B6FEB-LeaderElection18] INFO  server.RaftServerConfigKeys (ConfUtils.java:logFallback(53)) - raft.server.rpc.first-election.timeout.min = 5s (fallback to raft.server.rpc.timeout.min)
2024-01-14 16:59:02,135 [56641f86-a9c9-430f-8bf6-dc57d718c7d6@group-291BE69B6FEB-LeaderElection18] INFO  server.RaftServerConfigKeys (ConfUtils.java:logFallback(53)) - raft.server.rpc.first-election.timeout.max = 5200ms (fallback to raft.server.rpc.timeout.max)
2024-01-14 16:59:02,135 [56641f86-a9c9-430f-8bf6-dc57d718c7d6@group-291BE69B6FEB-LeaderElection18-2] INFO  server.GrpcServerProtocolClient (GrpcServerProtocolClient.java:<init>(65)) - Build channel for 08cfce96-786e-4185-808c-4b09ee2338d3|10.1.0.34:15103
2024-01-14 16:59:02,141 [grpc-default-executor-1] INFO  server.RaftServer$Division (RaftServerImpl.java:requestVote(1389)) - 08cfce96-786e-4185-808c-4b09ee2338d3@group-291BE69B6FEB: receive requestVote(PRE_VOTE, 56641f86-a9c9-430f-8bf6-dc57d718c7d6, group-291BE69B6FEB, 0, (t:0, i:0))
2024-01-14 16:59:02,141 [grpc-default-executor-1] INFO  impl.VoteContext (VoteContext.java:log(49)) - 08cfce96-786e-4185-808c-4b09ee2338d3@group-291BE69B6FEB-FOLLOWER: accept PRE_VOTE from 56641f86-a9c9-430f-8bf6-dc57d718c7d6: our priority 0 <= candidate's priority 0
2024-01-14 16:59:02,141 [grpc-default-executor-1] INFO  server.RaftServer$Division (RaftServerImpl.java:requestVote(1422)) - 08cfce96-786e-4185-808c-4b09ee2338d3@group-291BE69B6FEB replies to PRE_VOTE vote request: 56641f86-a9c9-430f-8bf6-dc57d718c7d6<-08cfce96-786e-4185-808c-4b09ee2338d3#0:OK-t0. Peer's state: 08cfce96-786e-4185-808c-4b09ee2338d3@group-291BE69B6FEB:t0, leader=null, voted=, raftlog=Memoized:08cfce96-786e-4185-808c-4b09ee2338d3@group-291BE69B6FEB-SegmentedRaftLog:OPENED:c-1, conf=-1: peers:[56641f86-a9c9-430f-8bf6-dc57d718c7d6|10.1.0.34:15112, a2543f1a-c8af-46f0-9728-67cfa3d7b722|10.1.0.34:15121, 08cfce96-786e-4185-808c-4b09ee2338d3|10.1.0.34:15103]|listeners:[], old=null
2024-01-14 16:59:02,142 [grpc-default-executor-0] INFO  server.RaftServer$Division (RaftServerImpl.java:requestVote(1389)) - a2543f1a-c8af-46f0-9728-67cfa3d7b722@group-291BE69B6FEB: receive requestVote(PRE_VOTE, 56641f86-a9c9-430f-8bf6-dc57d718c7d6, group-291BE69B6FEB, 0, (t:0, i:0))
2024-01-14 16:59:02,142 [grpc-default-executor-0] INFO  impl.VoteContext (VoteContext.java:log(49)) - a2543f1a-c8af-46f0-9728-67cfa3d7b722@group-291BE69B6FEB-FOLLOWER: reject PRE_VOTE from 56641f86-a9c9-430f-8bf6-dc57d718c7d6: our priority 1 > candidate's priority 0
2024-01-14 16:59:02,142 [grpc-default-executor-0] INFO  server.RaftServer$Division (RaftServerImpl.java:requestVote(1422)) - a2543f1a-c8af-46f0-9728-67cfa3d7b722@group-291BE69B6FEB replies to PRE_VOTE vote request: 56641f86-a9c9-430f-8bf6-dc57d718c7d6<-a2543f1a-c8af-46f0-9728-67cfa3d7b722#0:FAIL-t0. Peer's state: a2543f1a-c8af-46f0-9728-67cfa3d7b722@group-291BE69B6FEB:t0, leader=null, voted=, raftlog=Memoized:a2543f1a-c8af-46f0-9728-67cfa3d7b722@group-291BE69B6FEB-SegmentedRaftLog:OPENED:c-1, conf=-1: peers:[56641f86-a9c9-430f-8bf6-dc57d718c7d6|10.1.0.34:15112, a2543f1a-c8af-46f0-9728-67cfa3d7b722|10.1.0.34:15121, 08cfce96-786e-4185-808c-4b09ee2338d3|10.1.0.34:15103]|listeners:[], old=null
2024-01-14 16:59:02,144 [56641f86-a9c9-430f-8bf6-dc57d718c7d6@group-291BE69B6FEB-LeaderElection18] INFO  impl.LeaderElection (LeaderElection.java:logAndReturn(89)) - 56641f86-a9c9-430f-8bf6-dc57d718c7d6@group-291BE69B6FEB-LeaderElection18: PRE_VOTE REJECTED received 2 response(s) and 0 exception(s):
2024-01-14 16:59:02,144 [56641f86-a9c9-430f-8bf6-dc57d718c7d6@group-291BE69B6FEB-LeaderElection18] INFO  impl.LeaderElection (LeaderElection.java:logAndReturn(93)) -   Response 0: 56641f86-a9c9-430f-8bf6-dc57d718c7d6<-08cfce96-786e-4185-808c-4b09ee2338d3#0:OK-t0
2024-01-14 16:59:02,144 [56641f86-a9c9-430f-8bf6-dc57d718c7d6@group-291BE69B6FEB-LeaderElection18] INFO  impl.LeaderElection (LeaderElection.java:logAndReturn(93)) -   Response 1: 56641f86-a9c9-430f-8bf6-dc57d718c7d6<-a2543f1a-c8af-46f0-9728-67cfa3d7b722#0:FAIL-t0
2024-01-14 16:59:02,144 [56641f86-a9c9-430f-8bf6-dc57d718c7d6@group-291BE69B6FEB-LeaderElection18] INFO  impl.LeaderElection (LeaderElection.java:askForVotes(323)) - 56641f86-a9c9-430f-8bf6-dc57d718c7d6@group-291BE69B6FEB-LeaderElection18 PRE_VOTE round 0: result REJECTED
2024-01-14 16:59:02,144 [56641f86-a9c9-430f-8bf6-dc57d718c7d6@group-291BE69B6FEB-LeaderElection18] INFO  server.RaftServer$Division (RaftServerImpl.java:setRole(383)) - 56641f86-a9c9-430f-8bf6-dc57d718c7d6@group-291BE69B6FEB: changes role from CANDIDATE to FOLLOWER at term 0 for REJECTED
2024-01-14 16:59:02,144 [56641f86-a9c9-430f-8bf6-dc57d718c7d6@group-291BE69B6FEB-LeaderElection18] INFO  impl.RoleInfo (RoleInfo.java:shutdownLeaderElection(130)) - 56641f86-a9c9-430f-8bf6-dc57d718c7d6: shutdown 56641f86-a9c9-430f-8bf6-dc57d718c7d6@group-291BE69B6FEB-LeaderElection18
2024-01-14 16:59:02,144 [56641f86-a9c9-430f-8bf6-dc57d718c7d6@group-291BE69B6FEB-LeaderElection18] INFO  impl.RoleInfo (RoleInfo.java:updateAndGet(139)) - 56641f86-a9c9-430f-8bf6-dc57d718c7d6: start 56641f86-a9c9-430f-8bf6-dc57d718c7d6@group-291BE69B6FEB-FollowerState
2024-01-14 16:59:02,144 [56641f86-a9c9-430f-8bf6-dc57d718c7d6@group-291BE69B6FEB-LeaderElection18] INFO  server.RaftServer$Division (RaftServerImpl.java:setFirstElection(574)) - 56641f86-a9c9-430f-8bf6-dc57d718c7d6@group-291BE69B6FEB: set firstElectionSinceStartup to false for REJECTED
2024-01-14 16:59:02,153 [08cfce96-786e-4185-808c-4b09ee2338d3@group-291BE69B6FEB-FollowerState] INFO  server.RaftServerConfigKeys (ConfUtils.java:logFallback(53)) - raft.server.rpc.first-election.timeout.min = 5s (fallback to raft.server.rpc.timeout.min)
2024-01-14 16:59:02,153 [08cfce96-786e-4185-808c-4b09ee2338d3@group-291BE69B6FEB-FollowerState] INFO  server.RaftServerConfigKeys (ConfUtils.java:logFallback(53)) - raft.server.rpc.first-election.timeout.max = 5200ms (fallback to raft.server.rpc.timeout.max)
2024-01-14 16:59:02,158 [56641f86-a9c9-430f-8bf6-dc57d718c7d6@group-B74FB7C93973-FollowerState] INFO  impl.FollowerState (FollowerState.java:run(143)) - 56641f86-a9c9-430f-8bf6-dc57d718c7d6@group-B74FB7C93973-FollowerState: change to CANDIDATE, lastRpcElapsedTime:5084489190ns, electionTimeout:5083ms
2024-01-14 16:59:02,158 [56641f86-a9c9-430f-8bf6-dc57d718c7d6@group-B74FB7C93973-FollowerState] INFO  impl.RoleInfo (RoleInfo.java:shutdownFollowerState(110)) - 56641f86-a9c9-430f-8bf6-dc57d718c7d6: shutdown 56641f86-a9c9-430f-8bf6-dc57d718c7d6@group-B74FB7C93973-FollowerState
2024-01-14 16:59:02,158 [56641f86-a9c9-430f-8bf6-dc57d718c7d6@group-B74FB7C93973-FollowerState] INFO  server.RaftServer$Division (RaftServerImpl.java:setRole(383)) - 56641f86-a9c9-430f-8bf6-dc57d718c7d6@group-B74FB7C93973: changes role from  FOLLOWER to CANDIDATE at term 0 for changeToCandidate
2024-01-14 16:59:02,158 [56641f86-a9c9-430f-8bf6-dc57d718c7d6@group-B74FB7C93973-FollowerState] INFO  server.RaftServerConfigKeys (ConfUtils.java:logGet(46)) - raft.server.leaderelection.pre-vote = true (default)
2024-01-14 16:59:02,158 [56641f86-a9c9-430f-8bf6-dc57d718c7d6@group-B74FB7C93973-FollowerState] INFO  impl.RoleInfo (RoleInfo.java:updateAndGet(139)) - 56641f86-a9c9-430f-8bf6-dc57d718c7d6: start 56641f86-a9c9-430f-8bf6-dc57d718c7d6@group-B74FB7C93973-LeaderElection19
2024-01-14 16:59:02,160 [56641f86-a9c9-430f-8bf6-dc57d718c7d6@group-B74FB7C93973-LeaderElection19] INFO  impl.LeaderElection (LeaderElection.java:askForVotes(321)) - 56641f86-a9c9-430f-8bf6-dc57d718c7d6@group-B74FB7C93973-LeaderElection19 PRE_VOTE round 0: submit vote requests at term 0 for -1: peers:[56641f86-a9c9-430f-8bf6-dc57d718c7d6|10.1.0.34:15112]|listeners:[], old=null
2024-01-14 16:59:02,160 [56641f86-a9c9-430f-8bf6-dc57d718c7d6@group-B74FB7C93973-LeaderElection19] INFO  impl.LeaderElection (LeaderElection.java:askForVotes(323)) - 56641f86-a9c9-430f-8bf6-dc57d718c7d6@group-B74FB7C93973-LeaderElection19 PRE_VOTE round 0: result PASSED (term=0)
2024-01-14 16:59:02,161 [56641f86-a9c9-430f-8bf6-dc57d718c7d6@group-B74FB7C93973-LeaderElection19] INFO  impl.LeaderElection (LeaderElection.java:askForVotes(321)) - 56641f86-a9c9-430f-8bf6-dc57d718c7d6@group-B74FB7C93973-LeaderElection19 ELECTION round 0: submit vote requests at term 1 for -1: peers:[56641f86-a9c9-430f-8bf6-dc57d718c7d6|10.1.0.34:15112]|listeners:[], old=null
2024-01-14 16:59:02,161 [56641f86-a9c9-430f-8bf6-dc57d718c7d6@group-B74FB7C93973-LeaderElection19] INFO  impl.LeaderElection (LeaderElection.java:askForVotes(323)) - 56641f86-a9c9-430f-8bf6-dc57d718c7d6@group-B74FB7C93973-LeaderElection19 ELECTION round 0: result PASSED (term=1)
2024-01-14 16:59:02,161 [56641f86-a9c9-430f-8bf6-dc57d718c7d6@group-B74FB7C93973-LeaderElection19] INFO  impl.RoleInfo (RoleInfo.java:shutdownLeaderElection(130)) - 56641f86-a9c9-430f-8bf6-dc57d718c7d6: shutdown 56641f86-a9c9-430f-8bf6-dc57d718c7d6@group-B74FB7C93973-LeaderElection19
2024-01-14 16:59:02,161 [56641f86-a9c9-430f-8bf6-dc57d718c7d6@group-B74FB7C93973-LeaderElection19] INFO  server.RaftServer$Division (RaftServerImpl.java:setRole(383)) - 56641f86-a9c9-430f-8bf6-dc57d718c7d6@group-B74FB7C93973: changes role from CANDIDATE to LEADER at term 1 for changeToLeader
2024-01-14 16:59:02,161 [56641f86-a9c9-430f-8bf6-dc57d718c7d6@group-B74FB7C93973-LeaderElection19] INFO  server.RaftServerConfigKeys (ConfUtils.java:logGet(46)) - raft.server.staging.catchup.gap = 1000 (default)
2024-01-14 16:59:02,161 [56641f86-a9c9-430f-8bf6-dc57d718c7d6@group-B74FB7C93973-LeaderElection19] INFO  server.RaftServerConfigKeys (ConfUtils.java:logGet(46)) - raft.server.write.element-limit = 1024 (custom)
2024-01-14 16:59:02,161 [56641f86-a9c9-430f-8bf6-dc57d718c7d6@group-B74FB7C93973-LeaderElection19] INFO  server.RaftServerConfigKeys (ConfUtils.java:logGet(46)) - raft.server.write.byte-limit = 1024 M (=1073741824) (custom)
2024-01-14 16:59:02,162 [56641f86-a9c9-430f-8bf6-dc57d718c7d6@group-B74FB7C93973-LeaderElection19] INFO  server.RaftServerConfigKeys (ConfUtils.java:logGet(46)) - raft.server.watch.timeout = 3000ms (custom)
2024-01-14 16:59:02,162 [56641f86-a9c9-430f-8bf6-dc57d718c7d6@group-B74FB7C93973-LeaderElection19] INFO  server.RaftServerConfigKeys (ConfUtils.java:logGet(46)) - raft.server.watch.timeout.denomination = 1s (default)
2024-01-14 16:59:02,162 [56641f86-a9c9-430f-8bf6-dc57d718c7d6@group-B74FB7C93973-LeaderElection19] INFO  server.RaftServerConfigKeys (ConfUtils.java:logGet(46)) - raft.server.watch.element-limit = 65536 (default)
2024-01-14 16:59:02,162 [56641f86-a9c9-430f-8bf6-dc57d718c7d6@group-B74FB7C93973-LeaderElection19] INFO  server.RaftServerConfigKeys (ConfUtils.java:logGet(46)) - raft.server.read.leader.lease.enabled = false (default)
2024-01-14 16:59:02,162 [56641f86-a9c9-430f-8bf6-dc57d718c7d6@group-B74FB7C93973-LeaderElection19] INFO  server.RaftServerConfigKeys (ConfUtils.java:logGet(46)) - raft.server.read.leader.lease.timeout.ratio = 0.9 (default)
2024-01-14 16:59:02,162 [56641f86-a9c9-430f-8bf6-dc57d718c7d6@group-B74FB7C93973-LeaderElection19] INFO  server.RaftServerConfigKeys (ConfUtils.java:logGet(46)) - raft.server.rpc.timeout.min = 5s (custom)
2024-01-14 16:59:02,162 [56641f86-a9c9-430f-8bf6-dc57d718c7d6@group-B74FB7C93973-LeaderElection19] INFO  server.RaftServerConfigKeys (ConfUtils.java:logGet(46)) - raft.server.write.element-limit = 1024 (custom)
2024-01-14 16:59:02,162 [56641f86-a9c9-430f-8bf6-dc57d718c7d6@group-B74FB7C93973-LeaderElection19] INFO  server.RaftServerConfigKeys (ConfUtils.java:logGet(46)) - raft.server.write.follower.gap.ratio.max = -1.0 (default)
2024-01-14 16:59:02,162 [56641f86-a9c9-430f-8bf6-dc57d718c7d6@group-B74FB7C93973-LeaderElection19] INFO  impl.RoleInfo (RoleInfo.java:updateAndGet(139)) - 56641f86-a9c9-430f-8bf6-dc57d718c7d6: start 56641f86-a9c9-430f-8bf6-dc57d718c7d6@group-B74FB7C93973-LeaderStateImpl
2024-01-14 16:59:02,162 [56641f86-a9c9-430f-8bf6-dc57d718c7d6@group-B74FB7C93973-LeaderElection19] INFO  server.RaftServer$Division (RaftServerImpl.java:setFirstElection(574)) - 56641f86-a9c9-430f-8bf6-dc57d718c7d6@group-B74FB7C93973: set firstElectionSinceStartup to false for becomeLeader
2024-01-14 16:59:02,162 [56641f86-a9c9-430f-8bf6-dc57d718c7d6@group-B74FB7C93973-LeaderElection19] INFO  ratis.XceiverServerRatis (XceiverServerRatis.java:handleLeaderChangedNotification(945)) - Leader change notification received for group: group-B74FB7C93973 with new leaderId: 56641f86-a9c9-430f-8bf6-dc57d718c7d6
2024-01-14 16:59:02,162 [56641f86-a9c9-430f-8bf6-dc57d718c7d6@group-B74FB7C93973-LeaderElection19] INFO  server.RaftServer$Division (ServerState.java:setLeader(269)) - 56641f86-a9c9-430f-8bf6-dc57d718c7d6@group-B74FB7C93973: change Leader from null to 56641f86-a9c9-430f-8bf6-dc57d718c7d6 at term 1 for becomeLeader, leader elected after 5102ms
2024-01-14 16:59:02,163 [56641f86-a9c9-430f-8bf6-dc57d718c7d6@group-B74FB7C93973-LeaderElection19] INFO  segmented.SegmentedRaftLogWorker (SegmentedRaftLogWorker.java:startLogSegment(430)) - 56641f86-a9c9-430f-8bf6-dc57d718c7d6@group-B74FB7C93973-SegmentedRaftLogWorker: Starting segment from index:0
2024-01-14 16:59:02,163 [56641f86-a9c9-430f-8bf6-dc57d718c7d6@group-B74FB7C93973-SegmentedRaftLogWorker] INFO  segmented.BufferedWriteChannel (BufferedWriteChannel.java:open(62)) - open log_inprogress_0 at position 0
2024-01-14 16:59:02,166 [56641f86-a9c9-430f-8bf6-dc57d718c7d6@group-B74FB7C93973-LeaderElection19] INFO  server.RaftServer$Division (ServerState.java:setRaftConf(386)) - 56641f86-a9c9-430f-8bf6-dc57d718c7d6@group-B74FB7C93973: set configuration 0: peers:[56641f86-a9c9-430f-8bf6-dc57d718c7d6|10.1.0.34:15112]|listeners:[], old=null
2024-01-14 16:59:02,167 [EventQueue-OpenPipelineForHealthyPipelineSafeModeRule] INFO  safemode.SCMSafeModeManager (HealthyPipelineSafeModeRule.java:process(140)) - SCM in safe mode. Healthy pipelines reported count is 0, required healthy pipeline reported count is 1
2024-01-14 16:59:02,169 [56641f86-a9c9-430f-8bf6-dc57d718c7d6@group-B74FB7C93973-SegmentedRaftLogWorker] INFO  segmented.SegmentedRaftLogWorker (SegmentedRaftLogWorker.java:execute(634)) - 56641f86-a9c9-430f-8bf6-dc57d718c7d6@group-B74FB7C93973-SegmentedRaftLogWorker: created new log segment /home/runner/work/ozone/ozone/hadoop-ozone/integration-test/target/test-dir/MiniOzoneClusterImpl-073b5688-48cc-4907-9326-51c03fe36003/datanode-1/data/ratis/12a14914-a525-4078-be79-b74fb7c93973/current/log_inprogress_0
2024-01-14 16:59:02,171 [56641f86-a9c9-430f-8bf6-dc57d718c7d6@group-B74FB7C93973-StateMachineUpdater] INFO  server.RaftServer$Division (LeaderStateImpl.java:isApplied(320)) - leader is ready since appliedIndex == 0 >= startIndex == 0
2024-01-14 16:59:02,222 [a2543f1a-c8af-46f0-9728-67cfa3d7b722@group-038420BB7178-FollowerState] INFO  impl.FollowerState (FollowerState.java:run(143)) - a2543f1a-c8af-46f0-9728-67cfa3d7b722@group-038420BB7178-FollowerState: change to CANDIDATE, lastRpcElapsedTime:5016482650ns, electionTimeout:5016ms
2024-01-14 16:59:02,222 [a2543f1a-c8af-46f0-9728-67cfa3d7b722@group-038420BB7178-FollowerState] INFO  impl.RoleInfo (RoleInfo.java:shutdownFollowerState(110)) - a2543f1a-c8af-46f0-9728-67cfa3d7b722: shutdown a2543f1a-c8af-46f0-9728-67cfa3d7b722@group-038420BB7178-FollowerState
2024-01-14 16:59:02,222 [a2543f1a-c8af-46f0-9728-67cfa3d7b722@group-038420BB7178-FollowerState] INFO  server.RaftServer$Division (RaftServerImpl.java:setRole(383)) - a2543f1a-c8af-46f0-9728-67cfa3d7b722@group-038420BB7178: changes role from  FOLLOWER to CANDIDATE at term 0 for changeToCandidate
2024-01-14 16:59:02,223 [a2543f1a-c8af-46f0-9728-67cfa3d7b722@group-038420BB7178-FollowerState] INFO  server.RaftServerConfigKeys (ConfUtils.java:logGet(46)) - raft.server.leaderelection.pre-vote = true (default)
2024-01-14 16:59:02,223 [a2543f1a-c8af-46f0-9728-67cfa3d7b722@group-038420BB7178-FollowerState] INFO  impl.RoleInfo (RoleInfo.java:updateAndGet(139)) - a2543f1a-c8af-46f0-9728-67cfa3d7b722: start a2543f1a-c8af-46f0-9728-67cfa3d7b722@group-038420BB7178-LeaderElection20
2024-01-14 16:59:02,225 [a2543f1a-c8af-46f0-9728-67cfa3d7b722@group-038420BB7178-LeaderElection20] INFO  impl.LeaderElection (LeaderElection.java:askForVotes(321)) - a2543f1a-c8af-46f0-9728-67cfa3d7b722@group-038420BB7178-LeaderElection20 PRE_VOTE round 0: submit vote requests at term 0 for -1: peers:[a2543f1a-c8af-46f0-9728-67cfa3d7b722|10.1.0.34:15121]|listeners:[], old=null
2024-01-14 16:59:02,225 [a2543f1a-c8af-46f0-9728-67cfa3d7b722@group-038420BB7178-LeaderElection20] INFO  impl.LeaderElection (LeaderElection.java:askForVotes(323)) - a2543f1a-c8af-46f0-9728-67cfa3d7b722@group-038420BB7178-LeaderElection20 PRE_VOTE round 0: result PASSED (term=0)
2024-01-14 16:59:02,226 [a2543f1a-c8af-46f0-9728-67cfa3d7b722@group-038420BB7178-LeaderElection20] INFO  impl.LeaderElection (LeaderElection.java:askForVotes(321)) - a2543f1a-c8af-46f0-9728-67cfa3d7b722@group-038420BB7178-LeaderElection20 ELECTION round 0: submit vote requests at term 1 for -1: peers:[a2543f1a-c8af-46f0-9728-67cfa3d7b722|10.1.0.34:15121]|listeners:[], old=null
2024-01-14 16:59:02,226 [a2543f1a-c8af-46f0-9728-67cfa3d7b722@group-038420BB7178-LeaderElection20] INFO  impl.LeaderElection (LeaderElection.java:askForVotes(323)) - a2543f1a-c8af-46f0-9728-67cfa3d7b722@group-038420BB7178-LeaderElection20 ELECTION round 0: result PASSED (term=1)
2024-01-14 16:59:02,226 [a2543f1a-c8af-46f0-9728-67cfa3d7b722@group-038420BB7178-LeaderElection20] INFO  impl.RoleInfo (RoleInfo.java:shutdownLeaderElection(130)) - a2543f1a-c8af-46f0-9728-67cfa3d7b722: shutdown a2543f1a-c8af-46f0-9728-67cfa3d7b722@group-038420BB7178-LeaderElection20
2024-01-14 16:59:02,226 [a2543f1a-c8af-46f0-9728-67cfa3d7b722@group-038420BB7178-LeaderElection20] INFO  server.RaftServer$Division (RaftServerImpl.java:setRole(383)) - a2543f1a-c8af-46f0-9728-67cfa3d7b722@group-038420BB7178: changes role from CANDIDATE to LEADER at term 1 for changeToLeader
2024-01-14 16:59:02,226 [a2543f1a-c8af-46f0-9728-67cfa3d7b722@group-038420BB7178-LeaderElection20] INFO  server.RaftServerConfigKeys (ConfUtils.java:logGet(46)) - raft.server.staging.catchup.gap = 1000 (default)
2024-01-14 16:59:02,227 [a2543f1a-c8af-46f0-9728-67cfa3d7b722@group-038420BB7178-LeaderElection20] INFO  server.RaftServerConfigKeys (ConfUtils.java:logGet(46)) - raft.server.write.element-limit = 1024 (custom)
2024-01-14 16:59:02,227 [a2543f1a-c8af-46f0-9728-67cfa3d7b722@group-038420BB7178-LeaderElection20] INFO  server.RaftServerConfigKeys (ConfUtils.java:logGet(46)) - raft.server.write.byte-limit = 1024 M (=1073741824) (custom)
2024-01-14 16:59:02,227 [a2543f1a-c8af-46f0-9728-67cfa3d7b722@group-038420BB7178-LeaderElection20] INFO  server.RaftServerConfigKeys (ConfUtils.java:logGet(46)) - raft.server.watch.timeout = 3000ms (custom)
2024-01-14 16:59:02,227 [a2543f1a-c8af-46f0-9728-67cfa3d7b722@group-038420BB7178-LeaderElection20] INFO  server.RaftServerConfigKeys (ConfUtils.java:logGet(46)) - raft.server.watch.timeout.denomination = 1s (default)
2024-01-14 16:59:02,227 [a2543f1a-c8af-46f0-9728-67cfa3d7b722@group-038420BB7178-LeaderElection20] INFO  server.RaftServerConfigKeys (ConfUtils.java:logGet(46)) - raft.server.watch.element-limit = 65536 (default)
2024-01-14 16:59:02,227 [a2543f1a-c8af-46f0-9728-67cfa3d7b722@group-038420BB7178-LeaderElection20] INFO  server.RaftServerConfigKeys (ConfUtils.java:logGet(46)) - raft.server.read.leader.lease.enabled = false (default)
2024-01-14 16:59:02,227 [a2543f1a-c8af-46f0-9728-67cfa3d7b722@group-038420BB7178-LeaderElection20] INFO  server.RaftServerConfigKeys (ConfUtils.java:logGet(46)) - raft.server.read.leader.lease.timeout.ratio = 0.9 (default)
2024-01-14 16:59:02,227 [a2543f1a-c8af-46f0-9728-67cfa3d7b722@group-038420BB7178-LeaderElection20] INFO  server.RaftServerConfigKeys (ConfUtils.java:logGet(46)) - raft.server.rpc.timeout.min = 5s (custom)
2024-01-14 16:59:02,227 [a2543f1a-c8af-46f0-9728-67cfa3d7b722@group-038420BB7178-LeaderElection20] INFO  server.RaftServerConfigKeys (ConfUtils.java:logGet(46)) - raft.server.write.element-limit = 1024 (custom)
2024-01-14 16:59:02,227 [a2543f1a-c8af-46f0-9728-67cfa3d7b722@group-038420BB7178-LeaderElection20] INFO  server.RaftServerConfigKeys (ConfUtils.java:logGet(46)) - raft.server.write.follower.gap.ratio.max = -1.0 (default)
2024-01-14 16:59:02,228 [a2543f1a-c8af-46f0-9728-67cfa3d7b722@group-038420BB7178-LeaderElection20] INFO  impl.RoleInfo (RoleInfo.java:updateAndGet(139)) - a2543f1a-c8af-46f0-9728-67cfa3d7b722: start a2543f1a-c8af-46f0-9728-67cfa3d7b722@group-038420BB7178-LeaderStateImpl
2024-01-14 16:59:02,228 [a2543f1a-c8af-46f0-9728-67cfa3d7b722@group-038420BB7178-LeaderElection20] INFO  server.RaftServer$Division (RaftServerImpl.java:setFirstElection(574)) - a2543f1a-c8af-46f0-9728-67cfa3d7b722@group-038420BB7178: set firstElectionSinceStartup to false for becomeLeader
2024-01-14 16:59:02,228 [a2543f1a-c8af-46f0-9728-67cfa3d7b722@group-038420BB7178-LeaderElection20] INFO  ratis.XceiverServerRatis (XceiverServerRatis.java:handleLeaderChangedNotification(945)) - Leader change notification received for group: group-038420BB7178 with new leaderId: a2543f1a-c8af-46f0-9728-67cfa3d7b722
2024-01-14 16:59:02,228 [a2543f1a-c8af-46f0-9728-67cfa3d7b722@group-038420BB7178-LeaderElection20] INFO  server.RaftServer$Division (ServerState.java:setLeader(269)) - a2543f1a-c8af-46f0-9728-67cfa3d7b722@group-038420BB7178: change Leader from null to a2543f1a-c8af-46f0-9728-67cfa3d7b722 at term 1 for becomeLeader, leader elected after 5032ms
2024-01-14 16:59:02,228 [a2543f1a-c8af-46f0-9728-67cfa3d7b722@group-038420BB7178-LeaderElection20] INFO  segmented.SegmentedRaftLogWorker (SegmentedRaftLogWorker.java:startLogSegment(430)) - a2543f1a-c8af-46f0-9728-67cfa3d7b722@group-038420BB7178-SegmentedRaftLogWorker: Starting segment from index:0
2024-01-14 16:59:02,228 [a2543f1a-c8af-46f0-9728-67cfa3d7b722@group-038420BB7178-SegmentedRaftLogWorker] INFO  segmented.BufferedWriteChannel (BufferedWriteChannel.java:open(62)) - open log_inprogress_0 at position 0
2024-01-14 16:59:02,229 [EventQueue-OpenPipelineForHealthyPipelineSafeModeRule] INFO  safemode.SCMSafeModeManager (HealthyPipelineSafeModeRule.java:process(140)) - SCM in safe mode. Healthy pipelines reported count is 0, required healthy pipeline reported count is 1
2024-01-14 16:59:02,232 [a2543f1a-c8af-46f0-9728-67cfa3d7b722@group-038420BB7178-LeaderElection20] INFO  server.RaftServer$Division (ServerState.java:setRaftConf(386)) - a2543f1a-c8af-46f0-9728-67cfa3d7b722@group-038420BB7178: set configuration 0: peers:[a2543f1a-c8af-46f0-9728-67cfa3d7b722|10.1.0.34:15121]|listeners:[], old=null
2024-01-14 16:59:02,235 [a2543f1a-c8af-46f0-9728-67cfa3d7b722@group-038420BB7178-SegmentedRaftLogWorker] INFO  segmented.SegmentedRaftLogWorker (SegmentedRaftLogWorker.java:execute(634)) - a2543f1a-c8af-46f0-9728-67cfa3d7b722@group-038420BB7178-SegmentedRaftLogWorker: created new log segment /home/runner/work/ozone/ozone/hadoop-ozone/integration-test/target/test-dir/MiniOzoneClusterImpl-073b5688-48cc-4907-9326-51c03fe36003/datanode-2/data/ratis/5e56ecc0-a939-4827-942a-038420bb7178/current/log_inprogress_0
2024-01-14 16:59:02,237 [a2543f1a-c8af-46f0-9728-67cfa3d7b722@group-038420BB7178-StateMachineUpdater] INFO  server.RaftServer$Division (LeaderStateImpl.java:isApplied(320)) - leader is ready since appliedIndex == 0 >= startIndex == 0
2024-01-14 16:59:02,241 [a2543f1a-c8af-46f0-9728-67cfa3d7b722@group-291BE69B6FEB-FollowerState] INFO  impl.FollowerState (FollowerState.java:run(143)) - a2543f1a-c8af-46f0-9728-67cfa3d7b722@group-291BE69B6FEB-FollowerState: change to CANDIDATE, lastRpcElapsedTime:5191046537ns, electionTimeout:5190ms
2024-01-14 16:59:02,241 [a2543f1a-c8af-46f0-9728-67cfa3d7b722@group-291BE69B6FEB-FollowerState] INFO  impl.RoleInfo (RoleInfo.java:shutdownFollowerState(110)) - a2543f1a-c8af-46f0-9728-67cfa3d7b722: shutdown a2543f1a-c8af-46f0-9728-67cfa3d7b722@group-291BE69B6FEB-FollowerState
2024-01-14 16:59:02,241 [a2543f1a-c8af-46f0-9728-67cfa3d7b722@group-291BE69B6FEB-FollowerState] INFO  server.RaftServer$Division (RaftServerImpl.java:setRole(383)) - a2543f1a-c8af-46f0-9728-67cfa3d7b722@group-291BE69B6FEB: changes role from  FOLLOWER to CANDIDATE at term 0 for changeToCandidate
2024-01-14 16:59:02,241 [a2543f1a-c8af-46f0-9728-67cfa3d7b722@group-291BE69B6FEB-FollowerState] INFO  server.RaftServerConfigKeys (ConfUtils.java:logGet(46)) - raft.server.leaderelection.pre-vote = true (default)
2024-01-14 16:59:02,241 [a2543f1a-c8af-46f0-9728-67cfa3d7b722@group-291BE69B6FEB-FollowerState] INFO  impl.RoleInfo (RoleInfo.java:updateAndGet(139)) - a2543f1a-c8af-46f0-9728-67cfa3d7b722: start a2543f1a-c8af-46f0-9728-67cfa3d7b722@group-291BE69B6FEB-LeaderElection21
2024-01-14 16:59:02,242 [a2543f1a-c8af-46f0-9728-67cfa3d7b722@group-291BE69B6FEB-LeaderElection21] INFO  impl.LeaderElection (LeaderElection.java:askForVotes(321)) - a2543f1a-c8af-46f0-9728-67cfa3d7b722@group-291BE69B6FEB-LeaderElection21 PRE_VOTE round 0: submit vote requests at term 0 for -1: peers:[56641f86-a9c9-430f-8bf6-dc57d718c7d6|10.1.0.34:15112, a2543f1a-c8af-46f0-9728-67cfa3d7b722|10.1.0.34:15121, 08cfce96-786e-4185-808c-4b09ee2338d3|10.1.0.34:15103]|listeners:[], old=null
2024-01-14 16:59:02,243 [a2543f1a-c8af-46f0-9728-67cfa3d7b722@group-291BE69B6FEB-LeaderElection21-1] INFO  server.GrpcServerProtocolClient (GrpcServerProtocolClient.java:<init>(65)) - Build channel for 56641f86-a9c9-430f-8bf6-dc57d718c7d6|10.1.0.34:15112
2024-01-14 16:59:02,243 [a2543f1a-c8af-46f0-9728-67cfa3d7b722@group-291BE69B6FEB-LeaderElection21-2] INFO  server.GrpcServerProtocolClient (GrpcServerProtocolClient.java:<init>(65)) - Build channel for 08cfce96-786e-4185-808c-4b09ee2338d3|10.1.0.34:15103
2024-01-14 16:59:02,243 [a2543f1a-c8af-46f0-9728-67cfa3d7b722@group-291BE69B6FEB-LeaderElection21] INFO  server.RaftServerConfigKeys (ConfUtils.java:logFallback(53)) - raft.server.rpc.first-election.timeout.min = 5s (fallback to raft.server.rpc.timeout.min)
2024-01-14 16:59:02,243 [a2543f1a-c8af-46f0-9728-67cfa3d7b722@group-291BE69B6FEB-LeaderElection21] INFO  server.RaftServerConfigKeys (ConfUtils.java:logFallback(53)) - raft.server.rpc.first-election.timeout.max = 5200ms (fallback to raft.server.rpc.timeout.max)
2024-01-14 16:59:02,249 [grpc-default-executor-0] INFO  server.RaftServer$Division (RaftServerImpl.java:requestVote(1389)) - 08cfce96-786e-4185-808c-4b09ee2338d3@group-291BE69B6FEB: receive requestVote(PRE_VOTE, a2543f1a-c8af-46f0-9728-67cfa3d7b722, group-291BE69B6FEB, 0, (t:0, i:0))
2024-01-14 16:59:02,250 [grpc-default-executor-0] INFO  impl.VoteContext (VoteContext.java:log(49)) - 08cfce96-786e-4185-808c-4b09ee2338d3@group-291BE69B6FEB-FOLLOWER: accept PRE_VOTE from a2543f1a-c8af-46f0-9728-67cfa3d7b722: our priority 0 <= candidate's priority 1
2024-01-14 16:59:02,250 [grpc-default-executor-0] INFO  server.RaftServer$Division (RaftServerImpl.java:requestVote(1422)) - 08cfce96-786e-4185-808c-4b09ee2338d3@group-291BE69B6FEB replies to PRE_VOTE vote request: a2543f1a-c8af-46f0-9728-67cfa3d7b722<-08cfce96-786e-4185-808c-4b09ee2338d3#0:OK-t0. Peer's state: 08cfce96-786e-4185-808c-4b09ee2338d3@group-291BE69B6FEB:t0, leader=null, voted=, raftlog=Memoized:08cfce96-786e-4185-808c-4b09ee2338d3@group-291BE69B6FEB-SegmentedRaftLog:OPENED:c-1, conf=-1: peers:[56641f86-a9c9-430f-8bf6-dc57d718c7d6|10.1.0.34:15112, a2543f1a-c8af-46f0-9728-67cfa3d7b722|10.1.0.34:15121, 08cfce96-786e-4185-808c-4b09ee2338d3|10.1.0.34:15103]|listeners:[], old=null
2024-01-14 16:59:02,251 [grpc-default-executor-1] INFO  server.RaftServer$Division (RaftServerImpl.java:requestVote(1389)) - 56641f86-a9c9-430f-8bf6-dc57d718c7d6@group-291BE69B6FEB: receive requestVote(PRE_VOTE, a2543f1a-c8af-46f0-9728-67cfa3d7b722, group-291BE69B6FEB, 0, (t:0, i:0))
2024-01-14 16:59:02,251 [grpc-default-executor-1] INFO  impl.VoteContext (VoteContext.java:log(49)) - 56641f86-a9c9-430f-8bf6-dc57d718c7d6@group-291BE69B6FEB-FOLLOWER: accept PRE_VOTE from a2543f1a-c8af-46f0-9728-67cfa3d7b722: our priority 0 <= candidate's priority 1
2024-01-14 16:59:02,251 [grpc-default-executor-1] INFO  server.RaftServer$Division (RaftServerImpl.java:requestVote(1422)) - 56641f86-a9c9-430f-8bf6-dc57d718c7d6@group-291BE69B6FEB replies to PRE_VOTE vote request: a2543f1a-c8af-46f0-9728-67cfa3d7b722<-56641f86-a9c9-430f-8bf6-dc57d718c7d6#0:OK-t0. Peer's state: 56641f86-a9c9-430f-8bf6-dc57d718c7d6@group-291BE69B6FEB:t0, leader=null, voted=, raftlog=Memoized:56641f86-a9c9-430f-8bf6-dc57d718c7d6@group-291BE69B6FEB-SegmentedRaftLog:OPENED:c-1, conf=-1: peers:[56641f86-a9c9-430f-8bf6-dc57d718c7d6|10.1.0.34:15112, a2543f1a-c8af-46f0-9728-67cfa3d7b722|10.1.0.34:15121, 08cfce96-786e-4185-808c-4b09ee2338d3|10.1.0.34:15103]|listeners:[], old=null
2024-01-14 16:59:02,253 [a2543f1a-c8af-46f0-9728-67cfa3d7b722@group-291BE69B6FEB-LeaderElection21] INFO  impl.LeaderElection (LeaderElection.java:logAndReturn(89)) - a2543f1a-c8af-46f0-9728-67cfa3d7b722@group-291BE69B6FEB-LeaderElection21: PRE_VOTE PASSED received 1 response(s) and 0 exception(s):
2024-01-14 16:59:02,253 [a2543f1a-c8af-46f0-9728-67cfa3d7b722@group-291BE69B6FEB-LeaderElection21] INFO  impl.LeaderElection (LeaderElection.java:logAndReturn(93)) -   Response 0: a2543f1a-c8af-46f0-9728-67cfa3d7b722<-08cfce96-786e-4185-808c-4b09ee2338d3#0:OK-t0
2024-01-14 16:59:02,253 [a2543f1a-c8af-46f0-9728-67cfa3d7b722@group-291BE69B6FEB-LeaderElection21] INFO  impl.LeaderElection (LeaderElection.java:askForVotes(323)) - a2543f1a-c8af-46f0-9728-67cfa3d7b722@group-291BE69B6FEB-LeaderElection21 PRE_VOTE round 0: result PASSED
2024-01-14 16:59:02,254 [a2543f1a-c8af-46f0-9728-67cfa3d7b722@group-291BE69B6FEB-LeaderElection21] INFO  impl.LeaderElection (LeaderElection.java:askForVotes(321)) - a2543f1a-c8af-46f0-9728-67cfa3d7b722@group-291BE69B6FEB-LeaderElection21 ELECTION round 0: submit vote requests at term 1 for -1: peers:[56641f86-a9c9-430f-8bf6-dc57d718c7d6|10.1.0.34:15112, a2543f1a-c8af-46f0-9728-67cfa3d7b722|10.1.0.34:15121, 08cfce96-786e-4185-808c-4b09ee2338d3|10.1.0.34:15103]|listeners:[], old=null
2024-01-14 16:59:02,254 [a2543f1a-c8af-46f0-9728-67cfa3d7b722@group-291BE69B6FEB-LeaderElection21] INFO  server.RaftServerConfigKeys (ConfUtils.java:logFallback(53)) - raft.server.rpc.first-election.timeout.min = 5s (fallback to raft.server.rpc.timeout.min)
2024-01-14 16:59:02,254 [a2543f1a-c8af-46f0-9728-67cfa3d7b722@group-291BE69B6FEB-LeaderElection21] INFO  server.RaftServerConfigKeys (ConfUtils.java:logFallback(53)) - raft.server.rpc.first-election.timeout.max = 5200ms (fallback to raft.server.rpc.timeout.max)
2024-01-14 16:59:02,256 [grpc-default-executor-0] INFO  server.RaftServer$Division (RaftServerImpl.java:requestVote(1389)) - 56641f86-a9c9-430f-8bf6-dc57d718c7d6@group-291BE69B6FEB: receive requestVote(ELECTION, a2543f1a-c8af-46f0-9728-67cfa3d7b722, group-291BE69B6FEB, 1, (t:0, i:0))
2024-01-14 16:59:02,256 [grpc-default-executor-1] INFO  server.RaftServer$Division (RaftServerImpl.java:requestVote(1389)) - 08cfce96-786e-4185-808c-4b09ee2338d3@group-291BE69B6FEB: receive requestVote(ELECTION, a2543f1a-c8af-46f0-9728-67cfa3d7b722, group-291BE69B6FEB, 1, (t:0, i:0))
2024-01-14 16:59:02,256 [grpc-default-executor-0] INFO  impl.VoteContext (VoteContext.java:log(49)) - 56641f86-a9c9-430f-8bf6-dc57d718c7d6@group-291BE69B6FEB-FOLLOWER: accept ELECTION from a2543f1a-c8af-46f0-9728-67cfa3d7b722: our priority 0 <= candidate's priority 1
2024-01-14 16:59:02,256 [grpc-default-executor-1] INFO  impl.VoteContext (VoteContext.java:log(49)) - 08cfce96-786e-4185-808c-4b09ee2338d3@group-291BE69B6FEB-FOLLOWER: accept ELECTION from a2543f1a-c8af-46f0-9728-67cfa3d7b722: our priority 0 <= candidate's priority 1
2024-01-14 16:59:02,256 [grpc-default-executor-0] INFO  server.RaftServer$Division (RaftServerImpl.java:setRole(383)) - 56641f86-a9c9-430f-8bf6-dc57d718c7d6@group-291BE69B6FEB: changes role from  FOLLOWER to FOLLOWER at term 1 for candidate:a2543f1a-c8af-46f0-9728-67cfa3d7b722
2024-01-14 16:59:02,257 [grpc-default-executor-0] INFO  impl.RoleInfo (RoleInfo.java:shutdownFollowerState(110)) - 56641f86-a9c9-430f-8bf6-dc57d718c7d6: shutdown 56641f86-a9c9-430f-8bf6-dc57d718c7d6@group-291BE69B6FEB-FollowerState
2024-01-14 16:59:02,257 [grpc-default-executor-0] INFO  impl.RoleInfo (RoleInfo.java:updateAndGet(139)) - 56641f86-a9c9-430f-8bf6-dc57d718c7d6: start 56641f86-a9c9-430f-8bf6-dc57d718c7d6@group-291BE69B6FEB-FollowerState
2024-01-14 16:59:02,257 [grpc-default-executor-1] INFO  server.RaftServer$Division (RaftServerImpl.java:setRole(383)) - 08cfce96-786e-4185-808c-4b09ee2338d3@group-291BE69B6FEB: changes role from  FOLLOWER to FOLLOWER at term 1 for candidate:a2543f1a-c8af-46f0-9728-67cfa3d7b722
2024-01-14 16:59:02,257 [grpc-default-executor-1] INFO  impl.RoleInfo (RoleInfo.java:shutdownFollowerState(110)) - 08cfce96-786e-4185-808c-4b09ee2338d3: shutdown 08cfce96-786e-4185-808c-4b09ee2338d3@group-291BE69B6FEB-FollowerState
2024-01-14 16:59:02,257 [grpc-default-executor-1] INFO  impl.RoleInfo (RoleInfo.java:updateAndGet(139)) - 08cfce96-786e-4185-808c-4b09ee2338d3: start 08cfce96-786e-4185-808c-4b09ee2338d3@group-291BE69B6FEB-FollowerState
2024-01-14 16:59:02,257 [56641f86-a9c9-430f-8bf6-dc57d718c7d6@group-291BE69B6FEB-FollowerState] INFO  impl.FollowerState (FollowerState.java:run(152)) - 56641f86-a9c9-430f-8bf6-dc57d718c7d6@group-291BE69B6FEB-FollowerState was interrupted
2024-01-14 16:59:02,257 [08cfce96-786e-4185-808c-4b09ee2338d3@group-291BE69B6FEB-FollowerState] INFO  impl.FollowerState (FollowerState.java:run(152)) - 08cfce96-786e-4185-808c-4b09ee2338d3@group-291BE69B6FEB-FollowerState was interrupted
2024-01-14 16:59:02,262 [grpc-default-executor-1] INFO  server.RaftServer$Division (RaftServerImpl.java:setFirstElection(574)) - 08cfce96-786e-4185-808c-4b09ee2338d3@group-291BE69B6FEB: set firstElectionSinceStartup to false for candidate:a2543f1a-c8af-46f0-9728-67cfa3d7b722
2024-01-14 16:59:02,262 [grpc-default-executor-0] INFO  server.RaftServer$Division (RaftServerImpl.java:requestVote(1422)) - 56641f86-a9c9-430f-8bf6-dc57d718c7d6@group-291BE69B6FEB replies to ELECTION vote request: a2543f1a-c8af-46f0-9728-67cfa3d7b722<-56641f86-a9c9-430f-8bf6-dc57d718c7d6#0:OK-t1. Peer's state: 56641f86-a9c9-430f-8bf6-dc57d718c7d6@group-291BE69B6FEB:t1, leader=null, voted=a2543f1a-c8af-46f0-9728-67cfa3d7b722, raftlog=Memoized:56641f86-a9c9-430f-8bf6-dc57d718c7d6@group-291BE69B6FEB-SegmentedRaftLog:OPENED:c-1, conf=-1: peers:[56641f86-a9c9-430f-8bf6-dc57d718c7d6|10.1.0.34:15112, a2543f1a-c8af-46f0-9728-67cfa3d7b722|10.1.0.34:15121, 08cfce96-786e-4185-808c-4b09ee2338d3|10.1.0.34:15103]|listeners:[], old=null
2024-01-14 16:59:02,264 [grpc-default-executor-1] INFO  server.RaftServer$Division (RaftServerImpl.java:requestVote(1422)) - 08cfce96-786e-4185-808c-4b09ee2338d3@group-291BE69B6FEB replies to ELECTION vote request: a2543f1a-c8af-46f0-9728-67cfa3d7b722<-08cfce96-786e-4185-808c-4b09ee2338d3#0:OK-t1. Peer's state: 08cfce96-786e-4185-808c-4b09ee2338d3@group-291BE69B6FEB:t1, leader=null, voted=a2543f1a-c8af-46f0-9728-67cfa3d7b722, raftlog=Memoized:08cfce96-786e-4185-808c-4b09ee2338d3@group-291BE69B6FEB-SegmentedRaftLog:OPENED:c-1, conf=-1: peers:[56641f86-a9c9-430f-8bf6-dc57d718c7d6|10.1.0.34:15112, a2543f1a-c8af-46f0-9728-67cfa3d7b722|10.1.0.34:15121, 08cfce96-786e-4185-808c-4b09ee2338d3|10.1.0.34:15103]|listeners:[], old=null
2024-01-14 16:59:02,264 [a2543f1a-c8af-46f0-9728-67cfa3d7b722@group-291BE69B6FEB-LeaderElection21] INFO  impl.LeaderElection (LeaderElection.java:logAndReturn(89)) - a2543f1a-c8af-46f0-9728-67cfa3d7b722@group-291BE69B6FEB-LeaderElection21: ELECTION PASSED received 1 response(s) and 0 exception(s):
2024-01-14 16:59:02,264 [a2543f1a-c8af-46f0-9728-67cfa3d7b722@group-291BE69B6FEB-LeaderElection21] INFO  impl.LeaderElection (LeaderElection.java:logAndReturn(93)) -   Response 0: a2543f1a-c8af-46f0-9728-67cfa3d7b722<-56641f86-a9c9-430f-8bf6-dc57d718c7d6#0:OK-t1
2024-01-14 16:59:02,264 [a2543f1a-c8af-46f0-9728-67cfa3d7b722@group-291BE69B6FEB-LeaderElection21] INFO  impl.LeaderElection (LeaderElection.java:askForVotes(323)) - a2543f1a-c8af-46f0-9728-67cfa3d7b722@group-291BE69B6FEB-LeaderElection21 ELECTION round 0: result PASSED
2024-01-14 16:59:02,264 [a2543f1a-c8af-46f0-9728-67cfa3d7b722@group-291BE69B6FEB-LeaderElection21] INFO  impl.RoleInfo (RoleInfo.java:shutdownLeaderElection(130)) - a2543f1a-c8af-46f0-9728-67cfa3d7b722: shutdown a2543f1a-c8af-46f0-9728-67cfa3d7b722@group-291BE69B6FEB-LeaderElection21
2024-01-14 16:59:02,265 [a2543f1a-c8af-46f0-9728-67cfa3d7b722@group-291BE69B6FEB-LeaderElection21] INFO  server.RaftServer$Division (RaftServerImpl.java:setRole(383)) - a2543f1a-c8af-46f0-9728-67cfa3d7b722@group-291BE69B6FEB: changes role from CANDIDATE to LEADER at term 1 for changeToLeader
2024-01-14 16:59:02,265 [a2543f1a-c8af-46f0-9728-67cfa3d7b722@group-291BE69B6FEB-LeaderElection21] INFO  server.RaftServerConfigKeys (ConfUtils.java:logGet(46)) - raft.server.staging.catchup.gap = 1000 (default)
2024-01-14 16:59:02,265 [a2543f1a-c8af-46f0-9728-67cfa3d7b722@group-291BE69B6FEB-LeaderElection21] INFO  server.RaftServerConfigKeys (ConfUtils.java:logGet(46)) - raft.server.write.element-limit = 1024 (custom)
2024-01-14 16:59:02,265 [a2543f1a-c8af-46f0-9728-67cfa3d7b722@group-291BE69B6FEB-LeaderElection21] INFO  server.RaftServerConfigKeys (ConfUtils.java:logGet(46)) - raft.server.write.byte-limit = 1024 M (=1073741824) (custom)
2024-01-14 16:59:02,265 [a2543f1a-c8af-46f0-9728-67cfa3d7b722@group-291BE69B6FEB-LeaderElection21] INFO  server.RaftServerConfigKeys (ConfUtils.java:logGet(46)) - raft.server.watch.timeout = 3000ms (custom)
2024-01-14 16:59:02,265 [a2543f1a-c8af-46f0-9728-67cfa3d7b722@group-291BE69B6FEB-LeaderElection21] INFO  server.RaftServerConfigKeys (ConfUtils.java:logGet(46)) - raft.server.watch.timeout.denomination = 1s (default)
2024-01-14 16:59:02,265 [a2543f1a-c8af-46f0-9728-67cfa3d7b722@group-291BE69B6FEB-LeaderElection21] INFO  server.RaftServerConfigKeys (ConfUtils.java:logGet(46)) - raft.server.watch.element-limit = 65536 (default)
2024-01-14 16:59:02,265 [a2543f1a-c8af-46f0-9728-67cfa3d7b722@group-291BE69B6FEB-LeaderElection21] INFO  server.RaftServerConfigKeys (ConfUtils.java:logGet(46)) - raft.server.read.leader.lease.enabled = false (default)
2024-01-14 16:59:02,266 [a2543f1a-c8af-46f0-9728-67cfa3d7b722@group-291BE69B6FEB-LeaderElection21] INFO  server.RaftServerConfigKeys (ConfUtils.java:logGet(46)) - raft.server.read.leader.lease.timeout.ratio = 0.9 (default)
2024-01-14 16:59:02,266 [a2543f1a-c8af-46f0-9728-67cfa3d7b722@group-291BE69B6FEB-LeaderElection21] INFO  server.RaftServerConfigKeys (ConfUtils.java:logGet(46)) - raft.server.rpc.timeout.min = 5s (custom)
2024-01-14 16:59:02,266 [a2543f1a-c8af-46f0-9728-67cfa3d7b722@group-291BE69B6FEB-LeaderElection21] INFO  server.RaftServerConfigKeys (ConfUtils.java:logGet(46)) - raft.server.write.element-limit = 1024 (custom)
2024-01-14 16:59:02,266 [a2543f1a-c8af-46f0-9728-67cfa3d7b722@group-291BE69B6FEB-LeaderElection21] INFO  server.RaftServerConfigKeys (ConfUtils.java:logGet(46)) - raft.server.write.follower.gap.ratio.max = -1.0 (default)
2024-01-14 16:59:02,266 [a2543f1a-c8af-46f0-9728-67cfa3d7b722@group-291BE69B6FEB-LeaderElection21] INFO  server.RaftServerConfigKeys (ConfUtils.java:logGet(46)) - raft.server.log.appender.snapshot.chunk.size.max = 16MB (=16777216) (default)
2024-01-14 16:59:02,266 [a2543f1a-c8af-46f0-9728-67cfa3d7b722@group-291BE69B6FEB-LeaderElection21] INFO  server.RaftServerConfigKeys (ConfUtils.java:logGet(46)) - raft.server.log.appender.buffer.byte-limit = 8388608 (custom)
2024-01-14 16:59:02,266 [a2543f1a-c8af-46f0-9728-67cfa3d7b722@group-291BE69B6FEB-LeaderElection21] INFO  server.RaftServerConfigKeys (ConfUtils.java:logGet(46)) - raft.server.log.appender.buffer.element-limit = 1 (custom)
2024-01-14 16:59:02,267 [a2543f1a-c8af-46f0-9728-67cfa3d7b722@group-291BE69B6FEB-LeaderElection21] INFO  server.RaftServerConfigKeys (ConfUtils.java:logGet(46)) - raft.server.log.appender.wait-time.min = 0ms (custom)
2024-01-14 16:59:02,267 [a2543f1a-c8af-46f0-9728-67cfa3d7b722@group-291BE69B6FEB-LeaderElection21] INFO  grpc.GrpcConfigKeys (ConfUtils.java:logGet(46)) - raft.grpc.server.leader.outstanding.appends.max = 8 (default)
2024-01-14 16:59:02,267 [a2543f1a-c8af-46f0-9728-67cfa3d7b722@group-291BE69B6FEB-LeaderElection21] INFO  server.RaftServerConfigKeys (ConfUtils.java:logGet(46)) - raft.server.rpc.request.timeout = 3000ms (default)
2024-01-14 16:59:02,267 [a2543f1a-c8af-46f0-9728-67cfa3d7b722@group-291BE69B6FEB-LeaderElection21] INFO  grpc.GrpcConfigKeys (ConfUtils.java:logGet(46)) - raft.grpc.server.install_snapshot.request.element-limit = 8 (default)
2024-01-14 16:59:02,267 [a2543f1a-c8af-46f0-9728-67cfa3d7b722@group-291BE69B6FEB-LeaderElection21] INFO  grpc.GrpcConfigKeys (ConfUtils.java:logGet(46)) - raft.grpc.server.install_snapshot.request.timeout = 3000ms (default)
2024-01-14 16:59:02,267 [a2543f1a-c8af-46f0-9728-67cfa3d7b722@group-291BE69B6FEB-LeaderElection21] INFO  grpc.GrpcConfigKeys (ConfUtils.java:logGet(46)) - raft.grpc.server.log-message.batch.duration = 5s (default)
2024-01-14 16:59:02,267 [a2543f1a-c8af-46f0-9728-67cfa3d7b722@group-291BE69B6FEB-LeaderElection21] INFO  server.RaftServerConfigKeys (ConfUtils.java:logGet(46)) - raft.server.log.appender.install.snapshot.enabled = false (custom)
2024-01-14 16:59:02,267 [a2543f1a-c8af-46f0-9728-67cfa3d7b722@group-291BE69B6FEB-LeaderElection21] INFO  grpc.GrpcConfigKeys (ConfUtils.java:logGet(46)) - raft.grpc.server.heartbeat.channel = true (default)
2024-01-14 16:59:02,268 [a2543f1a-c8af-46f0-9728-67cfa3d7b722@group-291BE69B6FEB-LeaderElection21] INFO  server.RaftServerConfigKeys (ConfUtils.java:logGet(46)) - raft.server.log.appender.snapshot.chunk.size.max = 16MB (=16777216) (default)
2024-01-14 16:59:02,268 [a2543f1a-c8af-46f0-9728-67cfa3d7b722@group-291BE69B6FEB-LeaderElection21] INFO  server.RaftServerConfigKeys (ConfUtils.java:logGet(46)) - raft.server.log.appender.buffer.byte-limit = 8388608 (custom)
2024-01-14 16:59:02,268 [a2543f1a-c8af-46f0-9728-67cfa3d7b722@group-291BE69B6FEB-LeaderElection21] INFO  server.RaftServerConfigKeys (ConfUtils.java:logGet(46)) - raft.server.log.appender.buffer.element-limit = 1 (custom)
2024-01-14 16:59:02,268 [a2543f1a-c8af-46f0-9728-67cfa3d7b722@group-291BE69B6FEB-LeaderElection21] INFO  server.RaftServerConfigKeys (ConfUtils.java:logGet(46)) - raft.server.log.appender.wait-time.min = 0ms (custom)
2024-01-14 16:59:02,268 [a2543f1a-c8af-46f0-9728-67cfa3d7b722@group-291BE69B6FEB-LeaderElection21] INFO  grpc.GrpcConfigKeys (ConfUtils.java:logGet(46)) - raft.grpc.server.leader.outstanding.appends.max = 8 (default)
2024-01-14 16:59:02,268 [a2543f1a-c8af-46f0-9728-67cfa3d7b722@group-291BE69B6FEB-LeaderElection21] INFO  server.RaftServerConfigKeys (ConfUtils.java:logGet(46)) - raft.server.rpc.request.timeout = 3000ms (default)
2024-01-14 16:59:02,268 [a2543f1a-c8af-46f0-9728-67cfa3d7b722@group-291BE69B6FEB-LeaderElection21] INFO  grpc.GrpcConfigKeys (ConfUtils.java:logGet(46)) - raft.grpc.server.install_snapshot.request.element-limit = 8 (default)
2024-01-14 16:59:02,269 [a2543f1a-c8af-46f0-9728-67cfa3d7b722@group-291BE69B6FEB-LeaderElection21] INFO  grpc.GrpcConfigKeys (ConfUtils.java:logGet(46)) - raft.grpc.server.install_snapshot.request.timeout = 3000ms (default)
2024-01-14 16:59:02,269 [a2543f1a-c8af-46f0-9728-67cfa3d7b722@group-291BE69B6FEB-LeaderElection21] INFO  grpc.GrpcConfigKeys (ConfUtils.java:logGet(46)) - raft.grpc.server.log-message.batch.duration = 5s (default)
2024-01-14 16:59:02,269 [a2543f1a-c8af-46f0-9728-67cfa3d7b722@group-291BE69B6FEB-LeaderElection21] INFO  server.RaftServerConfigKeys (ConfUtils.java:logGet(46)) - raft.server.log.appender.install.snapshot.enabled = false (custom)
2024-01-14 16:59:02,269 [a2543f1a-c8af-46f0-9728-67cfa3d7b722@group-291BE69B6FEB-LeaderElection21] INFO  grpc.GrpcConfigKeys (ConfUtils.java:logGet(46)) - raft.grpc.server.heartbeat.channel = true (default)
2024-01-14 16:59:02,269 [a2543f1a-c8af-46f0-9728-67cfa3d7b722@group-291BE69B6FEB-LeaderElection21] INFO  impl.RoleInfo (RoleInfo.java:updateAndGet(139)) - a2543f1a-c8af-46f0-9728-67cfa3d7b722: start a2543f1a-c8af-46f0-9728-67cfa3d7b722@group-291BE69B6FEB-LeaderStateImpl
2024-01-14 16:59:02,269 [a2543f1a-c8af-46f0-9728-67cfa3d7b722@group-291BE69B6FEB-LeaderElection21] INFO  server.RaftServer$Division (RaftServerImpl.java:setFirstElection(574)) - a2543f1a-c8af-46f0-9728-67cfa3d7b722@group-291BE69B6FEB: set firstElectionSinceStartup to false for becomeLeader
2024-01-14 16:59:02,269 [a2543f1a-c8af-46f0-9728-67cfa3d7b722@group-291BE69B6FEB-LeaderElection21] INFO  ratis.XceiverServerRatis (XceiverServerRatis.java:handleLeaderChangedNotification(945)) - Leader change notification received for group: group-291BE69B6FEB with new leaderId: a2543f1a-c8af-46f0-9728-67cfa3d7b722
2024-01-14 16:59:02,269 [a2543f1a-c8af-46f0-9728-67cfa3d7b722@group-291BE69B6FEB-LeaderElection21] INFO  server.RaftServer$Division (ServerState.java:setLeader(269)) - a2543f1a-c8af-46f0-9728-67cfa3d7b722@group-291BE69B6FEB: change Leader from null to a2543f1a-c8af-46f0-9728-67cfa3d7b722 at term 1 for becomeLeader, leader elected after 5230ms
2024-01-14 16:59:02,269 [a2543f1a-c8af-46f0-9728-67cfa3d7b722@group-291BE69B6FEB-LeaderElection21] INFO  segmented.SegmentedRaftLogWorker (SegmentedRaftLogWorker.java:startLogSegment(430)) - a2543f1a-c8af-46f0-9728-67cfa3d7b722@group-291BE69B6FEB-SegmentedRaftLogWorker: Starting segment from index:0
2024-01-14 16:59:02,270 [a2543f1a-c8af-46f0-9728-67cfa3d7b722@group-291BE69B6FEB-SegmentedRaftLogWorker] INFO  segmented.BufferedWriteChannel (BufferedWriteChannel.java:open(62)) - open log_inprogress_0 at position 0
2024-01-14 16:59:02,273 [a2543f1a-c8af-46f0-9728-67cfa3d7b722@group-291BE69B6FEB-LeaderElection21] INFO  server.RaftServer$Division (ServerState.java:setRaftConf(386)) - a2543f1a-c8af-46f0-9728-67cfa3d7b722@group-291BE69B6FEB: set configuration 0: peers:[56641f86-a9c9-430f-8bf6-dc57d718c7d6|10.1.0.34:15112, a2543f1a-c8af-46f0-9728-67cfa3d7b722|10.1.0.34:15121, 08cfce96-786e-4185-808c-4b09ee2338d3|10.1.0.34:15103]|listeners:[], old=null
2024-01-14 16:59:02,277 [a2543f1a-c8af-46f0-9728-67cfa3d7b722@group-291BE69B6FEB-SegmentedRaftLogWorker] INFO  segmented.SegmentedRaftLogWorker (SegmentedRaftLogWorker.java:execute(634)) - a2543f1a-c8af-46f0-9728-67cfa3d7b722@group-291BE69B6FEB-SegmentedRaftLogWorker: created new log segment /home/runner/work/ozone/ozone/hadoop-ozone/integration-test/target/test-dir/MiniOzoneClusterImpl-073b5688-48cc-4907-9326-51c03fe36003/datanode-2/data/ratis/7c0441be-34ee-4f7b-b0cc-291be69b6feb/current/log_inprogress_0
2024-01-14 16:59:02,283 [EventQueue-PipelineReportForPipelineReportHandler] INFO  pipeline.PipelineReportHandler (PipelineReportHandler.java:processPipelineReport(136)) - Opened pipeline PipelineID=7c0441be-34ee-4f7b-b0cc-291be69b6feb
2024-01-14 16:59:02,283 [EventQueue-OpenPipelineForHealthyPipelineSafeModeRule] INFO  safemode.SCMSafeModeManager (HealthyPipelineSafeModeRule.java:process(140)) - SCM in safe mode. Healthy pipelines reported count is 0, required healthy pipeline reported count is 1
2024-01-14 16:59:02,283 [EventQueue-OpenPipelineForHealthyPipelineSafeModeRule] INFO  safemode.SCMSafeModeManager (HealthyPipelineSafeModeRule.java:process(140)) - SCM in safe mode. Healthy pipelines reported count is 1, required healthy pipeline reported count is 1
2024-01-14 16:59:02,283 [EventQueue-OpenPipelineForHealthyPipelineSafeModeRule] INFO  safemode.SCMSafeModeManager (SCMSafeModeManager.java:validateSafeModeExitRules(200)) - HealthyPipelineSafeModeRule rule is successfully validated
2024-01-14 16:59:02,283 [EventQueue-OpenPipelineForHealthyPipelineSafeModeRule] INFO  safemode.SCMSafeModeManager (SCMSafeModeManager.java:validateSafeModeExitRules(215)) - ScmSafeModeManager, all rules are successfully validated
2024-01-14 16:59:02,283 [EventQueue-OpenPipelineForHealthyPipelineSafeModeRule] INFO  safemode.SCMSafeModeManager (SCMSafeModeManager.java:exitSafeMode(244)) - SCM exiting safe mode.
2024-01-14 16:59:02,283 [EventQueue-OpenPipelineForHealthyPipelineSafeModeRule] INFO  ha.SCMContext (SCMContext.java:updateSafeModeStatus(230)) - Update SafeModeStatus from SafeModeStatus{safeModeStatus=true, preCheckPassed=true} to SafeModeStatus{safeModeStatus=false, preCheckPassed=true}.
2024-01-14 16:59:02,283 [EventQueue-OpenPipelineForHealthyPipelineSafeModeRule] INFO  pipeline.BackgroundPipelineCreator (BackgroundPipelineCreator.java:notifyStatusChanged(258)) - Service BackgroundPipelineCreator transitions to RUNNING.
2024-01-14 16:59:02,283 [EventQueue-OpenPipelineForHealthyPipelineSafeModeRule] INFO  BackgroundPipelineScrubber (BackgroundSCMService.java:notifyStatusChanged(82)) - Service BackgroundPipelineScrubber transitions to RUNNING.
2024-01-14 16:59:02,283 [EventQueue-OpenPipelineForHealthyPipelineSafeModeRule] INFO  ExpiredContainerReplicaOpScrubber (BackgroundSCMService.java:notifyStatusChanged(82)) - Service ExpiredContainerReplicaOpScrubber transitions to RUNNING.
2024-01-14 16:59:02,283 [EventQueue-OpenPipelineForHealthyPipelineSafeModeRule] INFO  block.SCMBlockDeletingService (SCMBlockDeletingService.java:notifyStatusChanged(247)) - notifyStatusChanged:RUNNING
2024-01-14 16:59:02,283 [EventQueue-OpenPipelineForHealthyPipelineSafeModeRule] INFO  replication.ReplicationManager (ReplicationManager.java:notifyStatusChanged(1401)) - Service ReplicationManager transitions to RUNNING.
2024-01-14 16:59:02,284 [EventQueue-OpenPipelineForHealthyPipelineSafeModeRule] WARN  balancer.ContainerBalancer (ContainerBalancer.java:shouldRun(134)) - Could not find persisted configuration for ContainerBalancer when checking if ContainerBalancer should run. ContainerBalancer should not run now.
2024-01-14 16:59:02,297 [56641f86-a9c9-430f-8bf6-dc57d718c7d6-server-thread1] INFO  ratis.XceiverServerRatis (XceiverServerRatis.java:handleLeaderChangedNotification(945)) - Leader change notification received for group: group-291BE69B6FEB with new leaderId: a2543f1a-c8af-46f0-9728-67cfa3d7b722
2024-01-14 16:59:02,297 [56641f86-a9c9-430f-8bf6-dc57d718c7d6-server-thread1] INFO  server.RaftServer$Division (ServerState.java:setLeader(269)) - 56641f86-a9c9-430f-8bf6-dc57d718c7d6@group-291BE69B6FEB: change Leader from null to a2543f1a-c8af-46f0-9728-67cfa3d7b722 at term 1 for appendEntries, leader elected after 5293ms
2024-01-14 16:59:02,300 [56641f86-a9c9-430f-8bf6-dc57d718c7d6-server-thread1] INFO  server.RaftServer$Division (ServerState.java:setRaftConf(386)) - 56641f86-a9c9-430f-8bf6-dc57d718c7d6@group-291BE69B6FEB: set configuration 0: peers:[56641f86-a9c9-430f-8bf6-dc57d718c7d6|10.1.0.34:15112, a2543f1a-c8af-46f0-9728-67cfa3d7b722|10.1.0.34:15121, 08cfce96-786e-4185-808c-4b09ee2338d3|10.1.0.34:15103]|listeners:[], old=null
2024-01-14 16:59:02,300 [56641f86-a9c9-430f-8bf6-dc57d718c7d6-server-thread1] INFO  segmented.SegmentedRaftLogWorker (SegmentedRaftLogWorker.java:startLogSegment(430)) - 56641f86-a9c9-430f-8bf6-dc57d718c7d6@group-291BE69B6FEB-SegmentedRaftLogWorker: Starting segment from index:0
2024-01-14 16:59:02,303 [08cfce96-786e-4185-808c-4b09ee2338d3-server-thread1] INFO  ratis.XceiverServerRatis (XceiverServerRatis.java:handleLeaderChangedNotification(945)) - Leader change notification received for group: group-291BE69B6FEB with new leaderId: a2543f1a-c8af-46f0-9728-67cfa3d7b722
2024-01-14 16:59:02,303 [08cfce96-786e-4185-808c-4b09ee2338d3-server-thread1] INFO  server.RaftServer$Division (ServerState.java:setLeader(269)) - 08cfce96-786e-4185-808c-4b09ee2338d3@group-291BE69B6FEB: change Leader from null to a2543f1a-c8af-46f0-9728-67cfa3d7b722 at term 1 for appendEntries, leader elected after 5327ms
2024-01-14 16:59:02,304 [56641f86-a9c9-430f-8bf6-dc57d718c7d6@group-291BE69B6FEB-SegmentedRaftLogWorker] INFO  segmented.BufferedWriteChannel (BufferedWriteChannel.java:open(62)) - open log_inprogress_0 at position 0
2024-01-14 16:59:02,308 [08cfce96-786e-4185-808c-4b09ee2338d3-server-thread2] INFO  server.RaftServer$Division (ServerState.java:setRaftConf(386)) - 08cfce96-786e-4185-808c-4b09ee2338d3@group-291BE69B6FEB: set configuration 0: peers:[56641f86-a9c9-430f-8bf6-dc57d718c7d6|10.1.0.34:15112, a2543f1a-c8af-46f0-9728-67cfa3d7b722|10.1.0.34:15121, 08cfce96-786e-4185-808c-4b09ee2338d3|10.1.0.34:15103]|listeners:[], old=null
2024-01-14 16:59:02,309 [08cfce96-786e-4185-808c-4b09ee2338d3-server-thread2] INFO  segmented.SegmentedRaftLogWorker (SegmentedRaftLogWorker.java:startLogSegment(430)) - 08cfce96-786e-4185-808c-4b09ee2338d3@group-291BE69B6FEB-SegmentedRaftLogWorker: Starting segment from index:0
2024-01-14 16:59:02,309 [08cfce96-786e-4185-808c-4b09ee2338d3@group-291BE69B6FEB-SegmentedRaftLogWorker] INFO  segmented.BufferedWriteChannel (BufferedWriteChannel.java:open(62)) - open log_inprogress_0 at position 0
2024-01-14 16:59:02,317 [56641f86-a9c9-430f-8bf6-dc57d718c7d6@group-291BE69B6FEB-SegmentedRaftLogWorker] INFO  segmented.SegmentedRaftLogWorker (SegmentedRaftLogWorker.java:execute(634)) - 56641f86-a9c9-430f-8bf6-dc57d718c7d6@group-291BE69B6FEB-SegmentedRaftLogWorker: created new log segment /home/runner/work/ozone/ozone/hadoop-ozone/integration-test/target/test-dir/MiniOzoneClusterImpl-073b5688-48cc-4907-9326-51c03fe36003/datanode-1/data/ratis/7c0441be-34ee-4f7b-b0cc-291be69b6feb/current/log_inprogress_0
2024-01-14 16:59:02,318 [08cfce96-786e-4185-808c-4b09ee2338d3@group-291BE69B6FEB-SegmentedRaftLogWorker] INFO  segmented.SegmentedRaftLogWorker (SegmentedRaftLogWorker.java:execute(634)) - 08cfce96-786e-4185-808c-4b09ee2338d3@group-291BE69B6FEB-SegmentedRaftLogWorker: created new log segment /home/runner/work/ozone/ozone/hadoop-ozone/integration-test/target/test-dir/MiniOzoneClusterImpl-073b5688-48cc-4907-9326-51c03fe36003/datanode-0/data/ratis/7c0441be-34ee-4f7b-b0cc-291be69b6feb/current/log_inprogress_0
2024-01-14 16:59:02,323 [a2543f1a-c8af-46f0-9728-67cfa3d7b722@group-291BE69B6FEB-StateMachineUpdater] INFO  server.RaftServer$Division (LeaderStateImpl.java:isApplied(320)) - leader is ready since appliedIndex == 0 >= startIndex == 0
2024-01-14 16:59:02,372 [08a076d1-72dd-4720-8252-a175f3c6a2d5@group-EADE2434D615-FollowerState] INFO  impl.FollowerState (FollowerState.java:run(143)) - 08a076d1-72dd-4720-8252-a175f3c6a2d5@group-EADE2434D615-FollowerState: change to CANDIDATE, lastRpcElapsedTime:5057500676ns, electionTimeout:5053ms
2024-01-14 16:59:02,372 [08a076d1-72dd-4720-8252-a175f3c6a2d5@group-EADE2434D615-FollowerState] INFO  impl.RoleInfo (RoleInfo.java:shutdownFollowerState(110)) - 08a076d1-72dd-4720-8252-a175f3c6a2d5: shutdown 08a076d1-72dd-4720-8252-a175f3c6a2d5@group-EADE2434D615-FollowerState
2024-01-14 16:59:02,372 [08a076d1-72dd-4720-8252-a175f3c6a2d5@group-EADE2434D615-FollowerState] INFO  server.RaftServer$Division (RaftServerImpl.java:setRole(383)) - 08a076d1-72dd-4720-8252-a175f3c6a2d5@group-EADE2434D615: changes role from  FOLLOWER to CANDIDATE at term 0 for changeToCandidate
2024-01-14 16:59:02,372 [08a076d1-72dd-4720-8252-a175f3c6a2d5@group-EADE2434D615-FollowerState] INFO  server.RaftServerConfigKeys (ConfUtils.java:logGet(46)) - raft.server.leaderelection.pre-vote = true (default)
2024-01-14 16:59:02,372 [08a076d1-72dd-4720-8252-a175f3c6a2d5@group-EADE2434D615-FollowerState] INFO  impl.RoleInfo (RoleInfo.java:updateAndGet(139)) - 08a076d1-72dd-4720-8252-a175f3c6a2d5: start 08a076d1-72dd-4720-8252-a175f3c6a2d5@group-EADE2434D615-LeaderElection22
2024-01-14 16:59:02,377 [08a076d1-72dd-4720-8252-a175f3c6a2d5@group-EADE2434D615-LeaderElection22] INFO  impl.LeaderElection (LeaderElection.java:askForVotes(321)) - 08a076d1-72dd-4720-8252-a175f3c6a2d5@group-EADE2434D615-LeaderElection22 PRE_VOTE round 0: submit vote requests at term 0 for -1: peers:[08a076d1-72dd-4720-8252-a175f3c6a2d5|10.1.0.34:15130]|listeners:[], old=null
2024-01-14 16:59:02,377 [08a076d1-72dd-4720-8252-a175f3c6a2d5@group-EADE2434D615-LeaderElection22] INFO  impl.LeaderElection (LeaderElection.java:askForVotes(323)) - 08a076d1-72dd-4720-8252-a175f3c6a2d5@group-EADE2434D615-LeaderElection22 PRE_VOTE round 0: result PASSED (term=0)
2024-01-14 16:59:02,378 [08a076d1-72dd-4720-8252-a175f3c6a2d5@group-EADE2434D615-LeaderElection22] INFO  impl.LeaderElection (LeaderElection.java:askForVotes(321)) - 08a076d1-72dd-4720-8252-a175f3c6a2d5@group-EADE2434D615-LeaderElection22 ELECTION round 0: submit vote requests at term 1 for -1: peers:[08a076d1-72dd-4720-8252-a175f3c6a2d5|10.1.0.34:15130]|listeners:[], old=null
2024-01-14 16:59:02,378 [08a076d1-72dd-4720-8252-a175f3c6a2d5@group-EADE2434D615-LeaderElection22] INFO  impl.LeaderElection (LeaderElection.java:askForVotes(323)) - 08a076d1-72dd-4720-8252-a175f3c6a2d5@group-EADE2434D615-LeaderElection22 ELECTION round 0: result PASSED (term=1)
2024-01-14 16:59:02,378 [08a076d1-72dd-4720-8252-a175f3c6a2d5@group-EADE2434D615-LeaderElection22] INFO  impl.RoleInfo (RoleInfo.java:shutdownLeaderElection(130)) - 08a076d1-72dd-4720-8252-a175f3c6a2d5: shutdown 08a076d1-72dd-4720-8252-a175f3c6a2d5@group-EADE2434D615-LeaderElection22
2024-01-14 16:59:02,378 [08a076d1-72dd-4720-8252-a175f3c6a2d5@group-EADE2434D615-LeaderElection22] INFO  server.RaftServer$Division (RaftServerImpl.java:setRole(383)) - 08a076d1-72dd-4720-8252-a175f3c6a2d5@group-EADE2434D615: changes role from CANDIDATE to LEADER at term 1 for changeToLeader
2024-01-14 16:59:02,379 [08a076d1-72dd-4720-8252-a175f3c6a2d5@group-EADE2434D615-LeaderElection22] INFO  server.RaftServerConfigKeys (ConfUtils.java:logGet(46)) - raft.server.staging.catchup.gap = 1000 (default)
2024-01-14 16:59:02,379 [08a076d1-72dd-4720-8252-a175f3c6a2d5@group-EADE2434D615-LeaderElection22] INFO  server.RaftServerConfigKeys (ConfUtils.java:logGet(46)) - raft.server.write.element-limit = 1024 (custom)
2024-01-14 16:59:02,379 [08a076d1-72dd-4720-8252-a175f3c6a2d5@group-EADE2434D615-LeaderElection22] INFO  server.RaftServerConfigKeys (ConfUtils.java:logGet(46)) - raft.server.write.byte-limit = 1024 M (=1073741824) (custom)
2024-01-14 16:59:02,379 [08a076d1-72dd-4720-8252-a175f3c6a2d5@group-EADE2434D615-LeaderElection22] INFO  server.RaftServerConfigKeys (ConfUtils.java:logGet(46)) - raft.server.watch.timeout = 3000ms (custom)
2024-01-14 16:59:02,379 [08a076d1-72dd-4720-8252-a175f3c6a2d5@group-EADE2434D615-LeaderElection22] INFO  server.RaftServerConfigKeys (ConfUtils.java:logGet(46)) - raft.server.watch.timeout.denomination = 1s (default)
2024-01-14 16:59:02,379 [08a076d1-72dd-4720-8252-a175f3c6a2d5@group-EADE2434D615-LeaderElection22] INFO  server.RaftServerConfigKeys (ConfUtils.java:logGet(46)) - raft.server.watch.element-limit = 65536 (default)
2024-01-14 16:59:02,379 [08a076d1-72dd-4720-8252-a175f3c6a2d5@group-EADE2434D615-LeaderElection22] INFO  server.RaftServerConfigKeys (ConfUtils.java:logGet(46)) - raft.server.read.leader.lease.enabled = false (default)
2024-01-14 16:59:02,379 [08a076d1-72dd-4720-8252-a175f3c6a2d5@group-EADE2434D615-LeaderElection22] INFO  server.RaftServerConfigKeys (ConfUtils.java:logGet(46)) - raft.server.read.leader.lease.timeout.ratio = 0.9 (default)
2024-01-14 16:59:02,379 [08a076d1-72dd-4720-8252-a175f3c6a2d5@group-EADE2434D615-LeaderElection22] INFO  server.RaftServerConfigKeys (ConfUtils.java:logGet(46)) - raft.server.rpc.timeout.min = 5s (custom)
2024-01-14 16:59:02,379 [08a076d1-72dd-4720-8252-a175f3c6a2d5@group-EADE2434D615-LeaderElection22] INFO  server.RaftServerConfigKeys (ConfUtils.java:logGet(46)) - raft.server.write.element-limit = 1024 (custom)
2024-01-14 16:59:02,379 [08a076d1-72dd-4720-8252-a175f3c6a2d5@group-EADE2434D615-LeaderElection22] INFO  server.RaftServerConfigKeys (ConfUtils.java:logGet(46)) - raft.server.write.follower.gap.ratio.max = -1.0 (default)
2024-01-14 16:59:02,379 [08a076d1-72dd-4720-8252-a175f3c6a2d5@group-EADE2434D615-LeaderElection22] INFO  impl.RoleInfo (RoleInfo.java:updateAndGet(139)) - 08a076d1-72dd-4720-8252-a175f3c6a2d5: start 08a076d1-72dd-4720-8252-a175f3c6a2d5@group-EADE2434D615-LeaderStateImpl
2024-01-14 16:59:02,380 [08a076d1-72dd-4720-8252-a175f3c6a2d5@group-EADE2434D615-LeaderElection22] INFO  server.RaftServer$Division (RaftServerImpl.java:setFirstElection(574)) - 08a076d1-72dd-4720-8252-a175f3c6a2d5@group-EADE2434D615: set firstElectionSinceStartup to false for becomeLeader
2024-01-14 16:59:02,380 [08a076d1-72dd-4720-8252-a175f3c6a2d5@group-EADE2434D615-LeaderElection22] INFO  ratis.XceiverServerRatis (XceiverServerRatis.java:handleLeaderChangedNotification(945)) - Leader change notification received for group: group-EADE2434D615 with new leaderId: 08a076d1-72dd-4720-8252-a175f3c6a2d5
2024-01-14 16:59:02,380 [08a076d1-72dd-4720-8252-a175f3c6a2d5@group-EADE2434D615-LeaderElection22] INFO  server.RaftServer$Division (ServerState.java:setLeader(269)) - 08a076d1-72dd-4720-8252-a175f3c6a2d5@group-EADE2434D615: change Leader from null to 08a076d1-72dd-4720-8252-a175f3c6a2d5 at term 1 for becomeLeader, leader elected after 5077ms
2024-01-14 16:59:02,380 [08a076d1-72dd-4720-8252-a175f3c6a2d5@group-EADE2434D615-LeaderElection22] INFO  segmented.SegmentedRaftLogWorker (SegmentedRaftLogWorker.java:startLogSegment(430)) - 08a076d1-72dd-4720-8252-a175f3c6a2d5@group-EADE2434D615-SegmentedRaftLogWorker: Starting segment from index:0
2024-01-14 16:59:02,383 [08a076d1-72dd-4720-8252-a175f3c6a2d5@group-EADE2434D615-LeaderElection22] INFO  server.RaftServer$Division (ServerState.java:setRaftConf(386)) - 08a076d1-72dd-4720-8252-a175f3c6a2d5@group-EADE2434D615: set configuration 0: peers:[08a076d1-72dd-4720-8252-a175f3c6a2d5|10.1.0.34:15130]|listeners:[], old=null
2024-01-14 16:59:02,384 [08a076d1-72dd-4720-8252-a175f3c6a2d5@group-EADE2434D615-SegmentedRaftLogWorker] INFO  segmented.BufferedWriteChannel (BufferedWriteChannel.java:open(62)) - open log_inprogress_0 at position 0
2024-01-14 16:59:02,391 [08a076d1-72dd-4720-8252-a175f3c6a2d5@group-EADE2434D615-SegmentedRaftLogWorker] INFO  segmented.SegmentedRaftLogWorker (SegmentedRaftLogWorker.java:execute(634)) - 08a076d1-72dd-4720-8252-a175f3c6a2d5@group-EADE2434D615-SegmentedRaftLogWorker: created new log segment /home/runner/work/ozone/ozone/hadoop-ozone/integration-test/target/test-dir/MiniOzoneClusterImpl-073b5688-48cc-4907-9326-51c03fe36003/datanode-3/data/ratis/40ee12dd-8566-4899-83d2-eade2434d615/current/log_inprogress_0
2024-01-14 16:59:02,394 [08a076d1-72dd-4720-8252-a175f3c6a2d5@group-EADE2434D615-StateMachineUpdater] INFO  server.RaftServer$Division (LeaderStateImpl.java:isApplied(320)) - leader is ready since appliedIndex == 0 >= startIndex == 0
2024-01-14 16:59:02,479 [0ab92cad-ec19-4fa3-a733-30f9108b825a@group-4B3347192B2F-FollowerState] INFO  impl.FollowerState (FollowerState.java:run(143)) - 0ab92cad-ec19-4fa3-a733-30f9108b825a@group-4B3347192B2F-FollowerState: change to CANDIDATE, lastRpcElapsedTime:5068565038ns, electionTimeout:5068ms
2024-01-14 16:59:02,480 [0ab92cad-ec19-4fa3-a733-30f9108b825a@group-4B3347192B2F-FollowerState] INFO  impl.RoleInfo (RoleInfo.java:shutdownFollowerState(110)) - 0ab92cad-ec19-4fa3-a733-30f9108b825a: shutdown 0ab92cad-ec19-4fa3-a733-30f9108b825a@group-4B3347192B2F-FollowerState
2024-01-14 16:59:02,480 [0ab92cad-ec19-4fa3-a733-30f9108b825a@group-4B3347192B2F-FollowerState] INFO  server.RaftServer$Division (RaftServerImpl.java:setRole(383)) - 0ab92cad-ec19-4fa3-a733-30f9108b825a@group-4B3347192B2F: changes role from  FOLLOWER to CANDIDATE at term 0 for changeToCandidate
2024-01-14 16:59:02,480 [0ab92cad-ec19-4fa3-a733-30f9108b825a@group-4B3347192B2F-FollowerState] INFO  server.RaftServerConfigKeys (ConfUtils.java:logGet(46)) - raft.server.leaderelection.pre-vote = true (default)
2024-01-14 16:59:02,480 [0ab92cad-ec19-4fa3-a733-30f9108b825a@group-4B3347192B2F-FollowerState] INFO  impl.RoleInfo (RoleInfo.java:updateAndGet(139)) - 0ab92cad-ec19-4fa3-a733-30f9108b825a: start 0ab92cad-ec19-4fa3-a733-30f9108b825a@group-4B3347192B2F-LeaderElection23
2024-01-14 16:59:02,482 [0ab92cad-ec19-4fa3-a733-30f9108b825a@group-4B3347192B2F-LeaderElection23] INFO  impl.LeaderElection (LeaderElection.java:askForVotes(321)) - 0ab92cad-ec19-4fa3-a733-30f9108b825a@group-4B3347192B2F-LeaderElection23 PRE_VOTE round 0: submit vote requests at term 0 for -1: peers:[0ab92cad-ec19-4fa3-a733-30f9108b825a|10.1.0.34:15139, 21dc7e34-f667-47e1-88cd-5882a68f9cf5|10.1.0.34:15148, 08a076d1-72dd-4720-8252-a175f3c6a2d5|10.1.0.34:15130]|listeners:[], old=null
2024-01-14 16:59:02,482 [0ab92cad-ec19-4fa3-a733-30f9108b825a@group-4B3347192B2F-LeaderElection23-1] INFO  server.GrpcServerProtocolClient (GrpcServerProtocolClient.java:<init>(65)) - Build channel for 21dc7e34-f667-47e1-88cd-5882a68f9cf5|10.1.0.34:15148
2024-01-14 16:59:02,482 [0ab92cad-ec19-4fa3-a733-30f9108b825a@group-4B3347192B2F-LeaderElection23] INFO  server.RaftServerConfigKeys (ConfUtils.java:logFallback(53)) - raft.server.rpc.first-election.timeout.min = 5s (fallback to raft.server.rpc.timeout.min)
2024-01-14 16:59:02,482 [0ab92cad-ec19-4fa3-a733-30f9108b825a@group-4B3347192B2F-LeaderElection23] INFO  server.RaftServerConfigKeys (ConfUtils.java:logFallback(53)) - raft.server.rpc.first-election.timeout.max = 5200ms (fallback to raft.server.rpc.timeout.max)
2024-01-14 16:59:02,482 [0ab92cad-ec19-4fa3-a733-30f9108b825a@group-4B3347192B2F-LeaderElection23-2] INFO  server.GrpcServerProtocolClient (GrpcServerProtocolClient.java:<init>(65)) - Build channel for 08a076d1-72dd-4720-8252-a175f3c6a2d5|10.1.0.34:15130
2024-01-14 16:59:02,487 [grpc-default-executor-6] INFO  server.RaftServer$Division (RaftServerImpl.java:requestVote(1389)) - 08a076d1-72dd-4720-8252-a175f3c6a2d5@group-4B3347192B2F: receive requestVote(PRE_VOTE, 0ab92cad-ec19-4fa3-a733-30f9108b825a, group-4B3347192B2F, 0, (t:0, i:0))
2024-01-14 16:59:02,488 [grpc-default-executor-6] INFO  impl.VoteContext (VoteContext.java:log(49)) - 08a076d1-72dd-4720-8252-a175f3c6a2d5@group-4B3347192B2F-FOLLOWER: accept PRE_VOTE from 0ab92cad-ec19-4fa3-a733-30f9108b825a: our priority 0 <= candidate's priority 1
2024-01-14 16:59:02,488 [grpc-default-executor-6] INFO  server.RaftServer$Division (RaftServerImpl.java:requestVote(1422)) - 08a076d1-72dd-4720-8252-a175f3c6a2d5@group-4B3347192B2F replies to PRE_VOTE vote request: 0ab92cad-ec19-4fa3-a733-30f9108b825a<-08a076d1-72dd-4720-8252-a175f3c6a2d5#0:OK-t0. Peer's state: 08a076d1-72dd-4720-8252-a175f3c6a2d5@group-4B3347192B2F:t0, leader=null, voted=, raftlog=Memoized:08a076d1-72dd-4720-8252-a175f3c6a2d5@group-4B3347192B2F-SegmentedRaftLog:OPENED:c-1, conf=-1: peers:[0ab92cad-ec19-4fa3-a733-30f9108b825a|10.1.0.34:15139, 21dc7e34-f667-47e1-88cd-5882a68f9cf5|10.1.0.34:15148, 08a076d1-72dd-4720-8252-a175f3c6a2d5|10.1.0.34:15130]|listeners:[], old=null
2024-01-14 16:59:02,489 [grpc-default-executor-3] INFO  server.RaftServer$Division (RaftServerImpl.java:requestVote(1389)) - 21dc7e34-f667-47e1-88cd-5882a68f9cf5@group-4B3347192B2F: receive requestVote(PRE_VOTE, 0ab92cad-ec19-4fa3-a733-30f9108b825a, group-4B3347192B2F, 0, (t:0, i:0))
2024-01-14 16:59:02,489 [grpc-default-executor-3] INFO  impl.VoteContext (VoteContext.java:log(49)) - 21dc7e34-f667-47e1-88cd-5882a68f9cf5@group-4B3347192B2F-FOLLOWER: accept PRE_VOTE from 0ab92cad-ec19-4fa3-a733-30f9108b825a: our priority 0 <= candidate's priority 1
2024-01-14 16:59:02,490 [grpc-default-executor-3] INFO  server.RaftServer$Division (RaftServerImpl.java:requestVote(1422)) - 21dc7e34-f667-47e1-88cd-5882a68f9cf5@group-4B3347192B2F replies to PRE_VOTE vote request: 0ab92cad-ec19-4fa3-a733-30f9108b825a<-21dc7e34-f667-47e1-88cd-5882a68f9cf5#0:OK-t0. Peer's state: 21dc7e34-f667-47e1-88cd-5882a68f9cf5@group-4B3347192B2F:t0, leader=null, voted=, raftlog=Memoized:21dc7e34-f667-47e1-88cd-5882a68f9cf5@group-4B3347192B2F-SegmentedRaftLog:OPENED:c-1, conf=-1: peers:[0ab92cad-ec19-4fa3-a733-30f9108b825a|10.1.0.34:15139, 21dc7e34-f667-47e1-88cd-5882a68f9cf5|10.1.0.34:15148, 08a076d1-72dd-4720-8252-a175f3c6a2d5|10.1.0.34:15130]|listeners:[], old=null
2024-01-14 16:59:02,490 [0ab92cad-ec19-4fa3-a733-30f9108b825a@group-4B3347192B2F-LeaderElection23] INFO  impl.LeaderElection (LeaderElection.java:logAndReturn(89)) - 0ab92cad-ec19-4fa3-a733-30f9108b825a@group-4B3347192B2F-LeaderElection23: PRE_VOTE PASSED received 1 response(s) and 0 exception(s):
2024-01-14 16:59:02,490 [0ab92cad-ec19-4fa3-a733-30f9108b825a@group-4B3347192B2F-LeaderElection23] INFO  impl.LeaderElection (LeaderElection.java:logAndReturn(93)) -   Response 0: 0ab92cad-ec19-4fa3-a733-30f9108b825a<-08a076d1-72dd-4720-8252-a175f3c6a2d5#0:OK-t0
2024-01-14 16:59:02,490 [0ab92cad-ec19-4fa3-a733-30f9108b825a@group-4B3347192B2F-LeaderElection23] INFO  impl.LeaderElection (LeaderElection.java:askForVotes(323)) - 0ab92cad-ec19-4fa3-a733-30f9108b825a@group-4B3347192B2F-LeaderElection23 PRE_VOTE round 0: result PASSED
2024-01-14 16:59:02,491 [0ab92cad-ec19-4fa3-a733-30f9108b825a@group-4B3347192B2F-LeaderElection23] INFO  impl.LeaderElection (LeaderElection.java:askForVotes(321)) - 0ab92cad-ec19-4fa3-a733-30f9108b825a@group-4B3347192B2F-LeaderElection23 ELECTION round 0: submit vote requests at term 1 for -1: peers:[0ab92cad-ec19-4fa3-a733-30f9108b825a|10.1.0.34:15139, 21dc7e34-f667-47e1-88cd-5882a68f9cf5|10.1.0.34:15148, 08a076d1-72dd-4720-8252-a175f3c6a2d5|10.1.0.34:15130]|listeners:[], old=null
2024-01-14 16:59:02,492 [0ab92cad-ec19-4fa3-a733-30f9108b825a@group-4B3347192B2F-LeaderElection23] INFO  server.RaftServerConfigKeys (ConfUtils.java:logFallback(53)) - raft.server.rpc.first-election.timeout.min = 5s (fallback to raft.server.rpc.timeout.min)
2024-01-14 16:59:02,492 [0ab92cad-ec19-4fa3-a733-30f9108b825a@group-4B3347192B2F-LeaderElection23] INFO  server.RaftServerConfigKeys (ConfUtils.java:logFallback(53)) - raft.server.rpc.first-election.timeout.max = 5200ms (fallback to raft.server.rpc.timeout.max)
2024-01-14 16:59:02,493 [grpc-default-executor-3] INFO  server.RaftServer$Division (RaftServerImpl.java:requestVote(1389)) - 21dc7e34-f667-47e1-88cd-5882a68f9cf5@group-4B3347192B2F: receive requestVote(ELECTION, 0ab92cad-ec19-4fa3-a733-30f9108b825a, group-4B3347192B2F, 1, (t:0, i:0))
2024-01-14 16:59:02,493 [grpc-default-executor-3] INFO  impl.VoteContext (VoteContext.java:log(49)) - 21dc7e34-f667-47e1-88cd-5882a68f9cf5@group-4B3347192B2F-FOLLOWER: accept ELECTION from 0ab92cad-ec19-4fa3-a733-30f9108b825a: our priority 0 <= candidate's priority 1
2024-01-14 16:59:02,493 [grpc-default-executor-3] INFO  server.RaftServer$Division (RaftServerImpl.java:setRole(383)) - 21dc7e34-f667-47e1-88cd-5882a68f9cf5@group-4B3347192B2F: changes role from  FOLLOWER to FOLLOWER at term 1 for candidate:0ab92cad-ec19-4fa3-a733-30f9108b825a
2024-01-14 16:59:02,493 [grpc-default-executor-3] INFO  impl.RoleInfo (RoleInfo.java:shutdownFollowerState(110)) - 21dc7e34-f667-47e1-88cd-5882a68f9cf5: shutdown 21dc7e34-f667-47e1-88cd-5882a68f9cf5@group-4B3347192B2F-FollowerState
2024-01-14 16:59:02,494 [grpc-default-executor-3] INFO  impl.RoleInfo (RoleInfo.java:updateAndGet(139)) - 21dc7e34-f667-47e1-88cd-5882a68f9cf5: start 21dc7e34-f667-47e1-88cd-5882a68f9cf5@group-4B3347192B2F-FollowerState
2024-01-14 16:59:02,494 [21dc7e34-f667-47e1-88cd-5882a68f9cf5@group-4B3347192B2F-FollowerState] INFO  impl.FollowerState (FollowerState.java:run(152)) - 21dc7e34-f667-47e1-88cd-5882a68f9cf5@group-4B3347192B2F-FollowerState was interrupted
2024-01-14 16:59:02,494 [grpc-default-executor-3] INFO  server.RaftServer$Division (RaftServerImpl.java:setFirstElection(574)) - 21dc7e34-f667-47e1-88cd-5882a68f9cf5@group-4B3347192B2F: set firstElectionSinceStartup to false for candidate:0ab92cad-ec19-4fa3-a733-30f9108b825a
2024-01-14 16:59:02,498 [grpc-default-executor-6] INFO  server.RaftServer$Division (RaftServerImpl.java:requestVote(1389)) - 08a076d1-72dd-4720-8252-a175f3c6a2d5@group-4B3347192B2F: receive requestVote(ELECTION, 0ab92cad-ec19-4fa3-a733-30f9108b825a, group-4B3347192B2F, 1, (t:0, i:0))
2024-01-14 16:59:02,498 [grpc-default-executor-6] INFO  impl.VoteContext (VoteContext.java:log(49)) - 08a076d1-72dd-4720-8252-a175f3c6a2d5@group-4B3347192B2F-FOLLOWER: accept ELECTION from 0ab92cad-ec19-4fa3-a733-30f9108b825a: our priority 0 <= candidate's priority 1
2024-01-14 16:59:02,498 [grpc-default-executor-6] INFO  server.RaftServer$Division (RaftServerImpl.java:setRole(383)) - 08a076d1-72dd-4720-8252-a175f3c6a2d5@group-4B3347192B2F: changes role from  FOLLOWER to FOLLOWER at term 1 for candidate:0ab92cad-ec19-4fa3-a733-30f9108b825a
2024-01-14 16:59:02,498 [grpc-default-executor-6] INFO  impl.RoleInfo (RoleInfo.java:shutdownFollowerState(110)) - 08a076d1-72dd-4720-8252-a175f3c6a2d5: shutdown 08a076d1-72dd-4720-8252-a175f3c6a2d5@group-4B3347192B2F-FollowerState
2024-01-14 16:59:02,498 [grpc-default-executor-6] INFO  impl.RoleInfo (RoleInfo.java:updateAndGet(139)) - 08a076d1-72dd-4720-8252-a175f3c6a2d5: start 08a076d1-72dd-4720-8252-a175f3c6a2d5@group-4B3347192B2F-FollowerState
2024-01-14 16:59:02,498 [08a076d1-72dd-4720-8252-a175f3c6a2d5@group-4B3347192B2F-FollowerState] INFO  impl.FollowerState (FollowerState.java:run(152)) - 08a076d1-72dd-4720-8252-a175f3c6a2d5@group-4B3347192B2F-FollowerState was interrupted
2024-01-14 16:59:02,498 [grpc-default-executor-6] INFO  server.RaftServer$Division (RaftServerImpl.java:setFirstElection(574)) - 08a076d1-72dd-4720-8252-a175f3c6a2d5@group-4B3347192B2F: set firstElectionSinceStartup to false for candidate:0ab92cad-ec19-4fa3-a733-30f9108b825a
2024-01-14 16:59:02,499 [grpc-default-executor-3] INFO  server.RaftServer$Division (RaftServerImpl.java:requestVote(1422)) - 21dc7e34-f667-47e1-88cd-5882a68f9cf5@group-4B3347192B2F replies to ELECTION vote request: 0ab92cad-ec19-4fa3-a733-30f9108b825a<-21dc7e34-f667-47e1-88cd-5882a68f9cf5#0:OK-t1. Peer's state: 21dc7e34-f667-47e1-88cd-5882a68f9cf5@group-4B3347192B2F:t1, leader=null, voted=0ab92cad-ec19-4fa3-a733-30f9108b825a, raftlog=Memoized:21dc7e34-f667-47e1-88cd-5882a68f9cf5@group-4B3347192B2F-SegmentedRaftLog:OPENED:c-1, conf=-1: peers:[0ab92cad-ec19-4fa3-a733-30f9108b825a|10.1.0.34:15139, 21dc7e34-f667-47e1-88cd-5882a68f9cf5|10.1.0.34:15148, 08a076d1-72dd-4720-8252-a175f3c6a2d5|10.1.0.34:15130]|listeners:[], old=null
2024-01-14 16:59:02,500 [0ab92cad-ec19-4fa3-a733-30f9108b825a@group-4B3347192B2F-LeaderElection23] INFO  impl.LeaderElection (LeaderElection.java:logAndReturn(89)) - 0ab92cad-ec19-4fa3-a733-30f9108b825a@group-4B3347192B2F-LeaderElection23: ELECTION PASSED received 1 response(s) and 0 exception(s):
2024-01-14 16:59:02,500 [0ab92cad-ec19-4fa3-a733-30f9108b825a@group-4B3347192B2F-LeaderElection23] INFO  impl.LeaderElection (LeaderElection.java:logAndReturn(93)) -   Response 0: 0ab92cad-ec19-4fa3-a733-30f9108b825a<-21dc7e34-f667-47e1-88cd-5882a68f9cf5#0:OK-t1
2024-01-14 16:59:02,500 [grpc-default-executor-6] INFO  server.RaftServer$Division (RaftServerImpl.java:requestVote(1422)) - 08a076d1-72dd-4720-8252-a175f3c6a2d5@group-4B3347192B2F replies to ELECTION vote request: 0ab92cad-ec19-4fa3-a733-30f9108b825a<-08a076d1-72dd-4720-8252-a175f3c6a2d5#0:OK-t1. Peer's state: 08a076d1-72dd-4720-8252-a175f3c6a2d5@group-4B3347192B2F:t1, leader=null, voted=0ab92cad-ec19-4fa3-a733-30f9108b825a, raftlog=Memoized:08a076d1-72dd-4720-8252-a175f3c6a2d5@group-4B3347192B2F-SegmentedRaftLog:OPENED:c-1, conf=-1: peers:[0ab92cad-ec19-4fa3-a733-30f9108b825a|10.1.0.34:15139, 21dc7e34-f667-47e1-88cd-5882a68f9cf5|10.1.0.34:15148, 08a076d1-72dd-4720-8252-a175f3c6a2d5|10.1.0.34:15130]|listeners:[], old=null
2024-01-14 16:59:02,500 [0ab92cad-ec19-4fa3-a733-30f9108b825a@group-4B3347192B2F-LeaderElection23] INFO  impl.LeaderElection (LeaderElection.java:askForVotes(323)) - 0ab92cad-ec19-4fa3-a733-30f9108b825a@group-4B3347192B2F-LeaderElection23 ELECTION round 0: result PASSED
2024-01-14 16:59:02,500 [0ab92cad-ec19-4fa3-a733-30f9108b825a@group-4B3347192B2F-LeaderElection23] INFO  impl.RoleInfo (RoleInfo.java:shutdownLeaderElection(130)) - 0ab92cad-ec19-4fa3-a733-30f9108b825a: shutdown 0ab92cad-ec19-4fa3-a733-30f9108b825a@group-4B3347192B2F-LeaderElection23
2024-01-14 16:59:02,500 [0ab92cad-ec19-4fa3-a733-30f9108b825a@group-4B3347192B2F-LeaderElection23] INFO  server.RaftServer$Division (RaftServerImpl.java:setRole(383)) - 0ab92cad-ec19-4fa3-a733-30f9108b825a@group-4B3347192B2F: changes role from CANDIDATE to LEADER at term 1 for changeToLeader
2024-01-14 16:59:02,500 [0ab92cad-ec19-4fa3-a733-30f9108b825a@group-4B3347192B2F-LeaderElection23] INFO  server.RaftServerConfigKeys (ConfUtils.java:logGet(46)) - raft.server.staging.catchup.gap = 1000 (default)
2024-01-14 16:59:02,501 [0ab92cad-ec19-4fa3-a733-30f9108b825a@group-4B3347192B2F-LeaderElection23] INFO  server.RaftServerConfigKeys (ConfUtils.java:logGet(46)) - raft.server.write.element-limit = 1024 (custom)
2024-01-14 16:59:02,501 [0ab92cad-ec19-4fa3-a733-30f9108b825a@group-4B3347192B2F-LeaderElection23] INFO  server.RaftServerConfigKeys (ConfUtils.java:logGet(46)) - raft.server.write.byte-limit = 1024 M (=1073741824) (custom)
2024-01-14 16:59:02,501 [0ab92cad-ec19-4fa3-a733-30f9108b825a@group-4B3347192B2F-LeaderElection23] INFO  server.RaftServerConfigKeys (ConfUtils.java:logGet(46)) - raft.server.watch.timeout = 3000ms (custom)
2024-01-14 16:59:02,501 [0ab92cad-ec19-4fa3-a733-30f9108b825a@group-4B3347192B2F-LeaderElection23] INFO  server.RaftServerConfigKeys (ConfUtils.java:logGet(46)) - raft.server.watch.timeout.denomination = 1s (default)
2024-01-14 16:59:02,501 [0ab92cad-ec19-4fa3-a733-30f9108b825a@group-4B3347192B2F-LeaderElection23] INFO  server.RaftServerConfigKeys (ConfUtils.java:logGet(46)) - raft.server.watch.element-limit = 65536 (default)
2024-01-14 16:59:02,501 [0ab92cad-ec19-4fa3-a733-30f9108b825a@group-4B3347192B2F-LeaderElection23] INFO  server.RaftServerConfigKeys (ConfUtils.java:logGet(46)) - raft.server.read.leader.lease.enabled = false (default)
2024-01-14 16:59:02,501 [0ab92cad-ec19-4fa3-a733-30f9108b825a@group-4B3347192B2F-LeaderElection23] INFO  server.RaftServerConfigKeys (ConfUtils.java:logGet(46)) - raft.server.read.leader.lease.timeout.ratio = 0.9 (default)
2024-01-14 16:59:02,501 [0ab92cad-ec19-4fa3-a733-30f9108b825a@group-4B3347192B2F-LeaderElection23] INFO  server.RaftServerConfigKeys (ConfUtils.java:logGet(46)) - raft.server.rpc.timeout.min = 5s (custom)
2024-01-14 16:59:02,501 [0ab92cad-ec19-4fa3-a733-30f9108b825a@group-4B3347192B2F-LeaderElection23] INFO  server.RaftServerConfigKeys (ConfUtils.java:logGet(46)) - raft.server.write.element-limit = 1024 (custom)
2024-01-14 16:59:02,501 [0ab92cad-ec19-4fa3-a733-30f9108b825a@group-4B3347192B2F-LeaderElection23] INFO  server.RaftServerConfigKeys (ConfUtils.java:logGet(46)) - raft.server.write.follower.gap.ratio.max = -1.0 (default)
2024-01-14 16:59:02,502 [0ab92cad-ec19-4fa3-a733-30f9108b825a@group-4B3347192B2F-LeaderElection23] INFO  server.RaftServerConfigKeys (ConfUtils.java:logGet(46)) - raft.server.log.appender.snapshot.chunk.size.max = 16MB (=16777216) (default)
2024-01-14 16:59:02,502 [0ab92cad-ec19-4fa3-a733-30f9108b825a@group-4B3347192B2F-LeaderElection23] INFO  server.RaftServerConfigKeys (ConfUtils.java:logGet(46)) - raft.server.log.appender.buffer.byte-limit = 8388608 (custom)
2024-01-14 16:59:02,502 [0ab92cad-ec19-4fa3-a733-30f9108b825a@group-4B3347192B2F-LeaderElection23] INFO  server.RaftServerConfigKeys (ConfUtils.java:logGet(46)) - raft.server.log.appender.buffer.element-limit = 1 (custom)
2024-01-14 16:59:02,502 [0ab92cad-ec19-4fa3-a733-30f9108b825a@group-4B3347192B2F-LeaderElection23] INFO  server.RaftServerConfigKeys (ConfUtils.java:logGet(46)) - raft.server.log.appender.wait-time.min = 0ms (custom)
2024-01-14 16:59:02,502 [0ab92cad-ec19-4fa3-a733-30f9108b825a@group-4B3347192B2F-LeaderElection23] INFO  grpc.GrpcConfigKeys (ConfUtils.java:logGet(46)) - raft.grpc.server.leader.outstanding.appends.max = 8 (default)
2024-01-14 16:59:02,502 [0ab92cad-ec19-4fa3-a733-30f9108b825a@group-4B3347192B2F-LeaderElection23] INFO  server.RaftServerConfigKeys (ConfUtils.java:logGet(46)) - raft.server.rpc.request.timeout = 3000ms (default)
2024-01-14 16:59:02,502 [0ab92cad-ec19-4fa3-a733-30f9108b825a@group-4B3347192B2F-LeaderElection23] INFO  grpc.GrpcConfigKeys (ConfUtils.java:logGet(46)) - raft.grpc.server.install_snapshot.request.element-limit = 8 (default)
2024-01-14 16:59:02,502 [0ab92cad-ec19-4fa3-a733-30f9108b825a@group-4B3347192B2F-LeaderElection23] INFO  grpc.GrpcConfigKeys (ConfUtils.java:logGet(46)) - raft.grpc.server.install_snapshot.request.timeout = 3000ms (default)
2024-01-14 16:59:02,502 [0ab92cad-ec19-4fa3-a733-30f9108b825a@group-4B3347192B2F-LeaderElection23] INFO  grpc.GrpcConfigKeys (ConfUtils.java:logGet(46)) - raft.grpc.server.log-message.batch.duration = 5s (default)
2024-01-14 16:59:02,502 [0ab92cad-ec19-4fa3-a733-30f9108b825a@group-4B3347192B2F-LeaderElection23] INFO  server.RaftServerConfigKeys (ConfUtils.java:logGet(46)) - raft.server.log.appender.install.snapshot.enabled = false (custom)
2024-01-14 16:59:02,503 [0ab92cad-ec19-4fa3-a733-30f9108b825a@group-4B3347192B2F-LeaderElection23] INFO  grpc.GrpcConfigKeys (ConfUtils.java:logGet(46)) - raft.grpc.server.heartbeat.channel = true (default)
2024-01-14 16:59:02,503 [0ab92cad-ec19-4fa3-a733-30f9108b825a@group-4B3347192B2F-LeaderElection23] INFO  server.RaftServerConfigKeys (ConfUtils.java:logGet(46)) - raft.server.log.appender.snapshot.chunk.size.max = 16MB (=16777216) (default)
2024-01-14 16:59:02,503 [0ab92cad-ec19-4fa3-a733-30f9108b825a@group-4B3347192B2F-LeaderElection23] INFO  server.RaftServerConfigKeys (ConfUtils.java:logGet(46)) - raft.server.log.appender.buffer.byte-limit = 8388608 (custom)
2024-01-14 16:59:02,503 [0ab92cad-ec19-4fa3-a733-30f9108b825a@group-4B3347192B2F-LeaderElection23] INFO  server.RaftServerConfigKeys (ConfUtils.java:logGet(46)) - raft.server.log.appender.buffer.element-limit = 1 (custom)
2024-01-14 16:59:02,503 [0ab92cad-ec19-4fa3-a733-30f9108b825a@group-4B3347192B2F-LeaderElection23] INFO  server.RaftServerConfigKeys (ConfUtils.java:logGet(46)) - raft.server.log.appender.wait-time.min = 0ms (custom)
2024-01-14 16:59:02,503 [0ab92cad-ec19-4fa3-a733-30f9108b825a@group-4B3347192B2F-LeaderElection23] INFO  grpc.GrpcConfigKeys (ConfUtils.java:logGet(46)) - raft.grpc.server.leader.outstanding.appends.max = 8 (default)
2024-01-14 16:59:02,504 [0ab92cad-ec19-4fa3-a733-30f9108b825a@group-4B3347192B2F-LeaderElection23] INFO  server.RaftServerConfigKeys (ConfUtils.java:logGet(46)) - raft.server.rpc.request.timeout = 3000ms (default)
2024-01-14 16:59:02,504 [0ab92cad-ec19-4fa3-a733-30f9108b825a@group-4B3347192B2F-LeaderElection23] INFO  grpc.GrpcConfigKeys (ConfUtils.java:logGet(46)) - raft.grpc.server.install_snapshot.request.element-limit = 8 (default)
2024-01-14 16:59:02,504 [0ab92cad-ec19-4fa3-a733-30f9108b825a@group-4B3347192B2F-LeaderElection23] INFO  grpc.GrpcConfigKeys (ConfUtils.java:logGet(46)) - raft.grpc.server.install_snapshot.request.timeout = 3000ms (default)
2024-01-14 16:59:02,504 [0ab92cad-ec19-4fa3-a733-30f9108b825a@group-4B3347192B2F-LeaderElection23] INFO  grpc.GrpcConfigKeys (ConfUtils.java:logGet(46)) - raft.grpc.server.log-message.batch.duration = 5s (default)
2024-01-14 16:59:02,504 [0ab92cad-ec19-4fa3-a733-30f9108b825a@group-4B3347192B2F-LeaderElection23] INFO  server.RaftServerConfigKeys (ConfUtils.java:logGet(46)) - raft.server.log.appender.install.snapshot.enabled = false (custom)
2024-01-14 16:59:02,504 [0ab92cad-ec19-4fa3-a733-30f9108b825a@group-4B3347192B2F-LeaderElection23] INFO  grpc.GrpcConfigKeys (ConfUtils.java:logGet(46)) - raft.grpc.server.heartbeat.channel = true (default)
2024-01-14 16:59:02,504 [0ab92cad-ec19-4fa3-a733-30f9108b825a@group-4B3347192B2F-LeaderElection23] INFO  impl.RoleInfo (RoleInfo.java:updateAndGet(139)) - 0ab92cad-ec19-4fa3-a733-30f9108b825a: start 0ab92cad-ec19-4fa3-a733-30f9108b825a@group-4B3347192B2F-LeaderStateImpl
2024-01-14 16:59:02,504 [0ab92cad-ec19-4fa3-a733-30f9108b825a@group-4B3347192B2F-LeaderElection23] INFO  server.RaftServer$Division (RaftServerImpl.java:setFirstElection(574)) - 0ab92cad-ec19-4fa3-a733-30f9108b825a@group-4B3347192B2F: set firstElectionSinceStartup to false for becomeLeader
2024-01-14 16:59:02,504 [0ab92cad-ec19-4fa3-a733-30f9108b825a@group-4B3347192B2F-LeaderElection23] INFO  ratis.XceiverServerRatis (XceiverServerRatis.java:handleLeaderChangedNotification(945)) - Leader change notification received for group: group-4B3347192B2F with new leaderId: 0ab92cad-ec19-4fa3-a733-30f9108b825a
2024-01-14 16:59:02,504 [0ab92cad-ec19-4fa3-a733-30f9108b825a@group-4B3347192B2F-LeaderElection23] INFO  server.RaftServer$Division (ServerState.java:setLeader(269)) - 0ab92cad-ec19-4fa3-a733-30f9108b825a@group-4B3347192B2F: change Leader from null to 0ab92cad-ec19-4fa3-a733-30f9108b825a at term 1 for becomeLeader, leader elected after 5104ms
2024-01-14 16:59:02,504 [0ab92cad-ec19-4fa3-a733-30f9108b825a@group-4B3347192B2F-LeaderElection23] INFO  segmented.SegmentedRaftLogWorker (SegmentedRaftLogWorker.java:startLogSegment(430)) - 0ab92cad-ec19-4fa3-a733-30f9108b825a@group-4B3347192B2F-SegmentedRaftLogWorker: Starting segment from index:0
2024-01-14 16:59:02,505 [0ab92cad-ec19-4fa3-a733-30f9108b825a@group-4B3347192B2F-SegmentedRaftLogWorker] INFO  segmented.BufferedWriteChannel (BufferedWriteChannel.java:open(62)) - open log_inprogress_0 at position 0
2024-01-14 16:59:02,508 [EventQueue-PipelineReportForPipelineReportHandler] INFO  pipeline.PipelineReportHandler (PipelineReportHandler.java:processPipelineReport(136)) - Opened pipeline PipelineID=03eabdb3-c99d-40d8-9485-4b3347192b2f
2024-01-14 16:59:02,509 [0ab92cad-ec19-4fa3-a733-30f9108b825a@group-4B3347192B2F-LeaderElection23] INFO  server.RaftServer$Division (ServerState.java:setRaftConf(386)) - 0ab92cad-ec19-4fa3-a733-30f9108b825a@group-4B3347192B2F: set configuration 0: peers:[0ab92cad-ec19-4fa3-a733-30f9108b825a|10.1.0.34:15139, 21dc7e34-f667-47e1-88cd-5882a68f9cf5|10.1.0.34:15148, 08a076d1-72dd-4720-8252-a175f3c6a2d5|10.1.0.34:15130]|listeners:[], old=null
2024-01-14 16:59:02,514 [0ab92cad-ec19-4fa3-a733-30f9108b825a@group-4B3347192B2F-SegmentedRaftLogWorker] INFO  segmented.SegmentedRaftLogWorker (SegmentedRaftLogWorker.java:execute(634)) - 0ab92cad-ec19-4fa3-a733-30f9108b825a@group-4B3347192B2F-SegmentedRaftLogWorker: created new log segment /home/runner/work/ozone/ozone/hadoop-ozone/integration-test/target/test-dir/MiniOzoneClusterImpl-073b5688-48cc-4907-9326-51c03fe36003/datanode-4/data/ratis/03eabdb3-c99d-40d8-9485-4b3347192b2f/current/log_inprogress_0
2024-01-14 16:59:02,517 [08a076d1-72dd-4720-8252-a175f3c6a2d5-server-thread1] INFO  ratis.XceiverServerRatis (XceiverServerRatis.java:handleLeaderChangedNotification(945)) - Leader change notification received for group: group-4B3347192B2F with new leaderId: 0ab92cad-ec19-4fa3-a733-30f9108b825a
2024-01-14 16:59:02,517 [08a076d1-72dd-4720-8252-a175f3c6a2d5-server-thread1] INFO  server.RaftServer$Division (ServerState.java:setLeader(269)) - 08a076d1-72dd-4720-8252-a175f3c6a2d5@group-4B3347192B2F: change Leader from null to 0ab92cad-ec19-4fa3-a733-30f9108b825a at term 1 for appendEntries, leader elected after 5189ms
2024-01-14 16:59:02,519 [21dc7e34-f667-47e1-88cd-5882a68f9cf5-server-thread1] INFO  ratis.XceiverServerRatis (XceiverServerRatis.java:handleLeaderChangedNotification(945)) - Leader change notification received for group: group-4B3347192B2F with new leaderId: 0ab92cad-ec19-4fa3-a733-30f9108b825a
2024-01-14 16:59:02,519 [21dc7e34-f667-47e1-88cd-5882a68f9cf5-server-thread1] INFO  server.RaftServer$Division (ServerState.java:setLeader(269)) - 21dc7e34-f667-47e1-88cd-5882a68f9cf5@group-4B3347192B2F: change Leader from null to 0ab92cad-ec19-4fa3-a733-30f9108b825a at term 1 for appendEntries, leader elected after 5157ms
2024-01-14 16:59:02,524 [08a076d1-72dd-4720-8252-a175f3c6a2d5-server-thread2] INFO  server.RaftServer$Division (ServerState.java:setRaftConf(386)) - 08a076d1-72dd-4720-8252-a175f3c6a2d5@group-4B3347192B2F: set configuration 0: peers:[0ab92cad-ec19-4fa3-a733-30f9108b825a|10.1.0.34:15139, 21dc7e34-f667-47e1-88cd-5882a68f9cf5|10.1.0.34:15148, 08a076d1-72dd-4720-8252-a175f3c6a2d5|10.1.0.34:15130]|listeners:[], old=null
2024-01-14 16:59:02,524 [08a076d1-72dd-4720-8252-a175f3c6a2d5-server-thread2] INFO  segmented.SegmentedRaftLogWorker (SegmentedRaftLogWorker.java:startLogSegment(430)) - 08a076d1-72dd-4720-8252-a175f3c6a2d5@group-4B3347192B2F-SegmentedRaftLogWorker: Starting segment from index:0
2024-01-14 16:59:02,525 [08a076d1-72dd-4720-8252-a175f3c6a2d5@group-4B3347192B2F-SegmentedRaftLogWorker] INFO  segmented.BufferedWriteChannel (BufferedWriteChannel.java:open(62)) - open log_inprogress_0 at position 0
2024-01-14 16:59:02,529 [21dc7e34-f667-47e1-88cd-5882a68f9cf5-server-thread3] INFO  server.RaftServer$Division (ServerState.java:setRaftConf(386)) - 21dc7e34-f667-47e1-88cd-5882a68f9cf5@group-4B3347192B2F: set configuration 0: peers:[0ab92cad-ec19-4fa3-a733-30f9108b825a|10.1.0.34:15139, 21dc7e34-f667-47e1-88cd-5882a68f9cf5|10.1.0.34:15148, 08a076d1-72dd-4720-8252-a175f3c6a2d5|10.1.0.34:15130]|listeners:[], old=null
2024-01-14 16:59:02,529 [21dc7e34-f667-47e1-88cd-5882a68f9cf5-server-thread3] INFO  segmented.SegmentedRaftLogWorker (SegmentedRaftLogWorker.java:startLogSegment(430)) - 21dc7e34-f667-47e1-88cd-5882a68f9cf5@group-4B3347192B2F-SegmentedRaftLogWorker: Starting segment from index:0
2024-01-14 16:59:02,530 [21dc7e34-f667-47e1-88cd-5882a68f9cf5@group-4B3347192B2F-SegmentedRaftLogWorker] INFO  segmented.BufferedWriteChannel (BufferedWriteChannel.java:open(62)) - open log_inprogress_0 at position 0
2024-01-14 16:59:02,537 [08a076d1-72dd-4720-8252-a175f3c6a2d5@group-4B3347192B2F-SegmentedRaftLogWorker] INFO  segmented.SegmentedRaftLogWorker (SegmentedRaftLogWorker.java:execute(634)) - 08a076d1-72dd-4720-8252-a175f3c6a2d5@group-4B3347192B2F-SegmentedRaftLogWorker: created new log segment /home/runner/work/ozone/ozone/hadoop-ozone/integration-test/target/test-dir/MiniOzoneClusterImpl-073b5688-48cc-4907-9326-51c03fe36003/datanode-3/data/ratis/03eabdb3-c99d-40d8-9485-4b3347192b2f/current/log_inprogress_0
2024-01-14 16:59:02,537 [21dc7e34-f667-47e1-88cd-5882a68f9cf5@group-4B3347192B2F-SegmentedRaftLogWorker] INFO  segmented.SegmentedRaftLogWorker (SegmentedRaftLogWorker.java:execute(634)) - 21dc7e34-f667-47e1-88cd-5882a68f9cf5@group-4B3347192B2F-SegmentedRaftLogWorker: created new log segment /home/runner/work/ozone/ozone/hadoop-ozone/integration-test/target/test-dir/MiniOzoneClusterImpl-073b5688-48cc-4907-9326-51c03fe36003/datanode-5/data/ratis/03eabdb3-c99d-40d8-9485-4b3347192b2f/current/log_inprogress_0
2024-01-14 16:59:02,541 [0ab92cad-ec19-4fa3-a733-30f9108b825a@group-4B3347192B2F-StateMachineUpdater] INFO  server.RaftServer$Division (LeaderStateImpl.java:isApplied(320)) - leader is ready since appliedIndex == 0 >= startIndex == 0
2024-01-14 16:59:02,557 [0ab92cad-ec19-4fa3-a733-30f9108b825a@group-22CA3FD4C0A4-FollowerState] INFO  impl.FollowerState (FollowerState.java:run(143)) - 0ab92cad-ec19-4fa3-a733-30f9108b825a@group-22CA3FD4C0A4-FollowerState: change to CANDIDATE, lastRpcElapsedTime:5124383326ns, electionTimeout:5124ms
2024-01-14 16:59:02,557 [0ab92cad-ec19-4fa3-a733-30f9108b825a@group-22CA3FD4C0A4-FollowerState] INFO  impl.RoleInfo (RoleInfo.java:shutdownFollowerState(110)) - 0ab92cad-ec19-4fa3-a733-30f9108b825a: shutdown 0ab92cad-ec19-4fa3-a733-30f9108b825a@group-22CA3FD4C0A4-FollowerState
2024-01-14 16:59:02,557 [0ab92cad-ec19-4fa3-a733-30f9108b825a@group-22CA3FD4C0A4-FollowerState] INFO  server.RaftServer$Division (RaftServerImpl.java:setRole(383)) - 0ab92cad-ec19-4fa3-a733-30f9108b825a@group-22CA3FD4C0A4: changes role from  FOLLOWER to CANDIDATE at term 0 for changeToCandidate
2024-01-14 16:59:02,557 [0ab92cad-ec19-4fa3-a733-30f9108b825a@group-22CA3FD4C0A4-FollowerState] INFO  server.RaftServerConfigKeys (ConfUtils.java:logGet(46)) - raft.server.leaderelection.pre-vote = true (default)
2024-01-14 16:59:02,557 [0ab92cad-ec19-4fa3-a733-30f9108b825a@group-22CA3FD4C0A4-FollowerState] INFO  impl.RoleInfo (RoleInfo.java:updateAndGet(139)) - 0ab92cad-ec19-4fa3-a733-30f9108b825a: start 0ab92cad-ec19-4fa3-a733-30f9108b825a@group-22CA3FD4C0A4-LeaderElection24
2024-01-14 16:59:02,558 [0ab92cad-ec19-4fa3-a733-30f9108b825a@group-22CA3FD4C0A4-LeaderElection24] INFO  impl.LeaderElection (LeaderElection.java:askForVotes(321)) - 0ab92cad-ec19-4fa3-a733-30f9108b825a@group-22CA3FD4C0A4-LeaderElection24 PRE_VOTE round 0: submit vote requests at term 0 for -1: peers:[0ab92cad-ec19-4fa3-a733-30f9108b825a|10.1.0.34:15139]|listeners:[], old=null
2024-01-14 16:59:02,558 [0ab92cad-ec19-4fa3-a733-30f9108b825a@group-22CA3FD4C0A4-LeaderElection24] INFO  impl.LeaderElection (LeaderElection.java:askForVotes(323)) - 0ab92cad-ec19-4fa3-a733-30f9108b825a@group-22CA3FD4C0A4-LeaderElection24 PRE_VOTE round 0: result PASSED (term=0)
2024-01-14 16:59:02,559 [0ab92cad-ec19-4fa3-a733-30f9108b825a@group-22CA3FD4C0A4-LeaderElection24] INFO  impl.LeaderElection (LeaderElection.java:askForVotes(321)) - 0ab92cad-ec19-4fa3-a733-30f9108b825a@group-22CA3FD4C0A4-LeaderElection24 ELECTION round 0: submit vote requests at term 1 for -1: peers:[0ab92cad-ec19-4fa3-a733-30f9108b825a|10.1.0.34:15139]|listeners:[], old=null
2024-01-14 16:59:02,560 [0ab92cad-ec19-4fa3-a733-30f9108b825a@group-22CA3FD4C0A4-LeaderElection24] INFO  impl.LeaderElection (LeaderElection.java:askForVotes(323)) - 0ab92cad-ec19-4fa3-a733-30f9108b825a@group-22CA3FD4C0A4-LeaderElection24 ELECTION round 0: result PASSED (term=1)
2024-01-14 16:59:02,560 [0ab92cad-ec19-4fa3-a733-30f9108b825a@group-22CA3FD4C0A4-LeaderElection24] INFO  impl.RoleInfo (RoleInfo.java:shutdownLeaderElection(130)) - 0ab92cad-ec19-4fa3-a733-30f9108b825a: shutdown 0ab92cad-ec19-4fa3-a733-30f9108b825a@group-22CA3FD4C0A4-LeaderElection24
2024-01-14 16:59:02,560 [0ab92cad-ec19-4fa3-a733-30f9108b825a@group-22CA3FD4C0A4-LeaderElection24] INFO  server.RaftServer$Division (RaftServerImpl.java:setRole(383)) - 0ab92cad-ec19-4fa3-a733-30f9108b825a@group-22CA3FD4C0A4: changes role from CANDIDATE to LEADER at term 1 for changeToLeader
2024-01-14 16:59:02,560 [0ab92cad-ec19-4fa3-a733-30f9108b825a@group-22CA3FD4C0A4-LeaderElection24] INFO  server.RaftServerConfigKeys (ConfUtils.java:logGet(46)) - raft.server.staging.catchup.gap = 1000 (default)
2024-01-14 16:59:02,560 [0ab92cad-ec19-4fa3-a733-30f9108b825a@group-22CA3FD4C0A4-LeaderElection24] INFO  server.RaftServerConfigKeys (ConfUtils.java:logGet(46)) - raft.server.write.element-limit = 1024 (custom)
2024-01-14 16:59:02,560 [0ab92cad-ec19-4fa3-a733-30f9108b825a@group-22CA3FD4C0A4-LeaderElection24] INFO  server.RaftServerConfigKeys (ConfUtils.java:logGet(46)) - raft.server.write.byte-limit = 1024 M (=1073741824) (custom)
2024-01-14 16:59:02,560 [0ab92cad-ec19-4fa3-a733-30f9108b825a@group-22CA3FD4C0A4-LeaderElection24] INFO  server.RaftServerConfigKeys (ConfUtils.java:logGet(46)) - raft.server.watch.timeout = 3000ms (custom)
2024-01-14 16:59:02,560 [0ab92cad-ec19-4fa3-a733-30f9108b825a@group-22CA3FD4C0A4-LeaderElection24] INFO  server.RaftServerConfigKeys (ConfUtils.java:logGet(46)) - raft.server.watch.timeout.denomination = 1s (default)
2024-01-14 16:59:02,560 [0ab92cad-ec19-4fa3-a733-30f9108b825a@group-22CA3FD4C0A4-LeaderElection24] INFO  server.RaftServerConfigKeys (ConfUtils.java:logGet(46)) - raft.server.watch.element-limit = 65536 (default)
2024-01-14 16:59:02,561 [0ab92cad-ec19-4fa3-a733-30f9108b825a@group-22CA3FD4C0A4-LeaderElection24] INFO  server.RaftServerConfigKeys (ConfUtils.java:logGet(46)) - raft.server.read.leader.lease.enabled = false (default)
2024-01-14 16:59:02,561 [0ab92cad-ec19-4fa3-a733-30f9108b825a@group-22CA3FD4C0A4-LeaderElection24] INFO  server.RaftServerConfigKeys (ConfUtils.java:logGet(46)) - raft.server.read.leader.lease.timeout.ratio = 0.9 (default)
2024-01-14 16:59:02,561 [0ab92cad-ec19-4fa3-a733-30f9108b825a@group-22CA3FD4C0A4-LeaderElection24] INFO  server.RaftServerConfigKeys (ConfUtils.java:logGet(46)) - raft.server.rpc.timeout.min = 5s (custom)
2024-01-14 16:59:02,561 [0ab92cad-ec19-4fa3-a733-30f9108b825a@group-22CA3FD4C0A4-LeaderElection24] INFO  server.RaftServerConfigKeys (ConfUtils.java:logGet(46)) - raft.server.write.element-limit = 1024 (custom)
2024-01-14 16:59:02,561 [0ab92cad-ec19-4fa3-a733-30f9108b825a@group-22CA3FD4C0A4-LeaderElection24] INFO  server.RaftServerConfigKeys (ConfUtils.java:logGet(46)) - raft.server.write.follower.gap.ratio.max = -1.0 (default)
2024-01-14 16:59:02,561 [0ab92cad-ec19-4fa3-a733-30f9108b825a@group-22CA3FD4C0A4-LeaderElection24] INFO  impl.RoleInfo (RoleInfo.java:updateAndGet(139)) - 0ab92cad-ec19-4fa3-a733-30f9108b825a: start 0ab92cad-ec19-4fa3-a733-30f9108b825a@group-22CA3FD4C0A4-LeaderStateImpl
2024-01-14 16:59:02,561 [0ab92cad-ec19-4fa3-a733-30f9108b825a@group-22CA3FD4C0A4-LeaderElection24] INFO  server.RaftServer$Division (RaftServerImpl.java:setFirstElection(574)) - 0ab92cad-ec19-4fa3-a733-30f9108b825a@group-22CA3FD4C0A4: set firstElectionSinceStartup to false for becomeLeader
2024-01-14 16:59:02,561 [0ab92cad-ec19-4fa3-a733-30f9108b825a@group-22CA3FD4C0A4-LeaderElection24] INFO  ratis.XceiverServerRatis (XceiverServerRatis.java:handleLeaderChangedNotification(945)) - Leader change notification received for group: group-22CA3FD4C0A4 with new leaderId: 0ab92cad-ec19-4fa3-a733-30f9108b825a
2024-01-14 16:59:02,562 [0ab92cad-ec19-4fa3-a733-30f9108b825a@group-22CA3FD4C0A4-LeaderElection24] INFO  server.RaftServer$Division (ServerState.java:setLeader(269)) - 0ab92cad-ec19-4fa3-a733-30f9108b825a@group-22CA3FD4C0A4: change Leader from null to 0ab92cad-ec19-4fa3-a733-30f9108b825a at term 1 for becomeLeader, leader elected after 5139ms
2024-01-14 16:59:02,562 [0ab92cad-ec19-4fa3-a733-30f9108b825a@group-22CA3FD4C0A4-LeaderElection24] INFO  segmented.SegmentedRaftLogWorker (SegmentedRaftLogWorker.java:startLogSegment(430)) - 0ab92cad-ec19-4fa3-a733-30f9108b825a@group-22CA3FD4C0A4-SegmentedRaftLogWorker: Starting segment from index:0
2024-01-14 16:59:02,563 [0ab92cad-ec19-4fa3-a733-30f9108b825a@group-22CA3FD4C0A4-SegmentedRaftLogWorker] INFO  segmented.BufferedWriteChannel (BufferedWriteChannel.java:open(62)) - open log_inprogress_0 at position 0
2024-01-14 16:59:02,566 [0ab92cad-ec19-4fa3-a733-30f9108b825a@group-22CA3FD4C0A4-LeaderElection24] INFO  server.RaftServer$Division (ServerState.java:setRaftConf(386)) - 0ab92cad-ec19-4fa3-a733-30f9108b825a@group-22CA3FD4C0A4: set configuration 0: peers:[0ab92cad-ec19-4fa3-a733-30f9108b825a|10.1.0.34:15139]|listeners:[], old=null
2024-01-14 16:59:02,571 [0ab92cad-ec19-4fa3-a733-30f9108b825a@group-22CA3FD4C0A4-SegmentedRaftLogWorker] INFO  segmented.SegmentedRaftLogWorker (SegmentedRaftLogWorker.java:execute(634)) - 0ab92cad-ec19-4fa3-a733-30f9108b825a@group-22CA3FD4C0A4-SegmentedRaftLogWorker: created new log segment /home/runner/work/ozone/ozone/hadoop-ozone/integration-test/target/test-dir/MiniOzoneClusterImpl-073b5688-48cc-4907-9326-51c03fe36003/datanode-4/data/ratis/da090113-48f8-4243-b72c-22ca3fd4c0a4/current/log_inprogress_0
2024-01-14 16:59:02,572 [0ab92cad-ec19-4fa3-a733-30f9108b825a@group-22CA3FD4C0A4-StateMachineUpdater] INFO  server.RaftServer$Division (LeaderStateImpl.java:isApplied(320)) - leader is ready since appliedIndex == 0 >= startIndex == 0
2024-01-14 16:59:02,664 [21dc7e34-f667-47e1-88cd-5882a68f9cf5@group-F57A0E8BE99F-FollowerState] INFO  impl.FollowerState (FollowerState.java:run(143)) - 21dc7e34-f667-47e1-88cd-5882a68f9cf5@group-F57A0E8BE99F-FollowerState: change to CANDIDATE, lastRpcElapsedTime:5090501683ns, electionTimeout:5090ms
2024-01-14 16:59:02,664 [21dc7e34-f667-47e1-88cd-5882a68f9cf5@group-F57A0E8BE99F-FollowerState] INFO  impl.RoleInfo (RoleInfo.java:shutdownFollowerState(110)) - 21dc7e34-f667-47e1-88cd-5882a68f9cf5: shutdown 21dc7e34-f667-47e1-88cd-5882a68f9cf5@group-F57A0E8BE99F-FollowerState
2024-01-14 16:59:02,664 [21dc7e34-f667-47e1-88cd-5882a68f9cf5@group-F57A0E8BE99F-FollowerState] INFO  server.RaftServer$Division (RaftServerImpl.java:setRole(383)) - 21dc7e34-f667-47e1-88cd-5882a68f9cf5@group-F57A0E8BE99F: changes role from  FOLLOWER to CANDIDATE at term 0 for changeToCandidate
2024-01-14 16:59:02,664 [21dc7e34-f667-47e1-88cd-5882a68f9cf5@group-F57A0E8BE99F-FollowerState] INFO  server.RaftServerConfigKeys (ConfUtils.java:logGet(46)) - raft.server.leaderelection.pre-vote = true (default)
2024-01-14 16:59:02,664 [21dc7e34-f667-47e1-88cd-5882a68f9cf5@group-F57A0E8BE99F-FollowerState] INFO  impl.RoleInfo (RoleInfo.java:updateAndGet(139)) - 21dc7e34-f667-47e1-88cd-5882a68f9cf5: start 21dc7e34-f667-47e1-88cd-5882a68f9cf5@group-F57A0E8BE99F-LeaderElection25
2024-01-14 16:59:02,666 [21dc7e34-f667-47e1-88cd-5882a68f9cf5@group-F57A0E8BE99F-LeaderElection25] INFO  impl.LeaderElection (LeaderElection.java:askForVotes(321)) - 21dc7e34-f667-47e1-88cd-5882a68f9cf5@group-F57A0E8BE99F-LeaderElection25 PRE_VOTE round 0: submit vote requests at term 0 for -1: peers:[21dc7e34-f667-47e1-88cd-5882a68f9cf5|10.1.0.34:15148]|listeners:[], old=null
2024-01-14 16:59:02,666 [21dc7e34-f667-47e1-88cd-5882a68f9cf5@group-F57A0E8BE99F-LeaderElection25] INFO  impl.LeaderElection (LeaderElection.java:askForVotes(323)) - 21dc7e34-f667-47e1-88cd-5882a68f9cf5@group-F57A0E8BE99F-LeaderElection25 PRE_VOTE round 0: result PASSED (term=0)
2024-01-14 16:59:02,667 [21dc7e34-f667-47e1-88cd-5882a68f9cf5@group-F57A0E8BE99F-LeaderElection25] INFO  impl.LeaderElection (LeaderElection.java:askForVotes(321)) - 21dc7e34-f667-47e1-88cd-5882a68f9cf5@group-F57A0E8BE99F-LeaderElection25 ELECTION round 0: submit vote requests at term 1 for -1: peers:[21dc7e34-f667-47e1-88cd-5882a68f9cf5|10.1.0.34:15148]|listeners:[], old=null
2024-01-14 16:59:02,667 [21dc7e34-f667-47e1-88cd-5882a68f9cf5@group-F57A0E8BE99F-LeaderElection25] INFO  impl.LeaderElection (LeaderElection.java:askForVotes(323)) - 21dc7e34-f667-47e1-88cd-5882a68f9cf5@group-F57A0E8BE99F-LeaderElection25 ELECTION round 0: result PASSED (term=1)
2024-01-14 16:59:02,667 [21dc7e34-f667-47e1-88cd-5882a68f9cf5@group-F57A0E8BE99F-LeaderElection25] INFO  impl.RoleInfo (RoleInfo.java:shutdownLeaderElection(130)) - 21dc7e34-f667-47e1-88cd-5882a68f9cf5: shutdown 21dc7e34-f667-47e1-88cd-5882a68f9cf5@group-F57A0E8BE99F-LeaderElection25
2024-01-14 16:59:02,667 [21dc7e34-f667-47e1-88cd-5882a68f9cf5@group-F57A0E8BE99F-LeaderElection25] INFO  server.RaftServer$Division (RaftServerImpl.java:setRole(383)) - 21dc7e34-f667-47e1-88cd-5882a68f9cf5@group-F57A0E8BE99F: changes role from CANDIDATE to LEADER at term 1 for changeToLeader
2024-01-14 16:59:02,667 [21dc7e34-f667-47e1-88cd-5882a68f9cf5@group-F57A0E8BE99F-LeaderElection25] INFO  server.RaftServerConfigKeys (ConfUtils.java:logGet(46)) - raft.server.staging.catchup.gap = 1000 (default)
2024-01-14 16:59:02,668 [21dc7e34-f667-47e1-88cd-5882a68f9cf5@group-F57A0E8BE99F-LeaderElection25] INFO  server.RaftServerConfigKeys (ConfUtils.java:logGet(46)) - raft.server.write.element-limit = 1024 (custom)
2024-01-14 16:59:02,668 [21dc7e34-f667-47e1-88cd-5882a68f9cf5@group-F57A0E8BE99F-LeaderElection25] INFO  server.RaftServerConfigKeys (ConfUtils.java:logGet(46)) - raft.server.write.byte-limit = 1024 M (=1073741824) (custom)
2024-01-14 16:59:02,668 [21dc7e34-f667-47e1-88cd-5882a68f9cf5@group-F57A0E8BE99F-LeaderElection25] INFO  server.RaftServerConfigKeys (ConfUtils.java:logGet(46)) - raft.server.watch.timeout = 3000ms (custom)
2024-01-14 16:59:02,668 [21dc7e34-f667-47e1-88cd-5882a68f9cf5@group-F57A0E8BE99F-LeaderElection25] INFO  server.RaftServerConfigKeys (ConfUtils.java:logGet(46)) - raft.server.watch.timeout.denomination = 1s (default)
2024-01-14 16:59:02,668 [21dc7e34-f667-47e1-88cd-5882a68f9cf5@group-F57A0E8BE99F-LeaderElection25] INFO  server.RaftServerConfigKeys (ConfUtils.java:logGet(46)) - raft.server.watch.element-limit = 65536 (default)
2024-01-14 16:59:02,668 [21dc7e34-f667-47e1-88cd-5882a68f9cf5@group-F57A0E8BE99F-LeaderElection25] INFO  server.RaftServerConfigKeys (ConfUtils.java:logGet(46)) - raft.server.read.leader.lease.enabled = false (default)
2024-01-14 16:59:02,668 [21dc7e34-f667-47e1-88cd-5882a68f9cf5@group-F57A0E8BE99F-LeaderElection25] INFO  server.RaftServerConfigKeys (ConfUtils.java:logGet(46)) - raft.server.read.leader.lease.timeout.ratio = 0.9 (default)
2024-01-14 16:59:02,668 [21dc7e34-f667-47e1-88cd-5882a68f9cf5@group-F57A0E8BE99F-LeaderElection25] INFO  server.RaftServerConfigKeys (ConfUtils.java:logGet(46)) - raft.server.rpc.timeout.min = 5s (custom)
2024-01-14 16:59:02,668 [21dc7e34-f667-47e1-88cd-5882a68f9cf5@group-F57A0E8BE99F-LeaderElection25] INFO  server.RaftServerConfigKeys (ConfUtils.java:logGet(46)) - raft.server.write.element-limit = 1024 (custom)
2024-01-14 16:59:02,669 [21dc7e34-f667-47e1-88cd-5882a68f9cf5@group-F57A0E8BE99F-LeaderElection25] INFO  server.RaftServerConfigKeys (ConfUtils.java:logGet(46)) - raft.server.write.follower.gap.ratio.max = -1.0 (default)
2024-01-14 16:59:02,669 [21dc7e34-f667-47e1-88cd-5882a68f9cf5@group-F57A0E8BE99F-LeaderElection25] INFO  impl.RoleInfo (RoleInfo.java:updateAndGet(139)) - 21dc7e34-f667-47e1-88cd-5882a68f9cf5: start 21dc7e34-f667-47e1-88cd-5882a68f9cf5@group-F57A0E8BE99F-LeaderStateImpl
2024-01-14 16:59:02,669 [21dc7e34-f667-47e1-88cd-5882a68f9cf5@group-F57A0E8BE99F-LeaderElection25] INFO  server.RaftServer$Division (RaftServerImpl.java:setFirstElection(574)) - 21dc7e34-f667-47e1-88cd-5882a68f9cf5@group-F57A0E8BE99F: set firstElectionSinceStartup to false for becomeLeader
2024-01-14 16:59:02,669 [21dc7e34-f667-47e1-88cd-5882a68f9cf5@group-F57A0E8BE99F-LeaderElection25] INFO  ratis.XceiverServerRatis (XceiverServerRatis.java:handleLeaderChangedNotification(945)) - Leader change notification received for group: group-F57A0E8BE99F with new leaderId: 21dc7e34-f667-47e1-88cd-5882a68f9cf5
2024-01-14 16:59:02,669 [21dc7e34-f667-47e1-88cd-5882a68f9cf5@group-F57A0E8BE99F-LeaderElection25] INFO  server.RaftServer$Division (ServerState.java:setLeader(269)) - 21dc7e34-f667-47e1-88cd-5882a68f9cf5@group-F57A0E8BE99F: change Leader from null to 21dc7e34-f667-47e1-88cd-5882a68f9cf5 at term 1 for becomeLeader, leader elected after 5106ms
2024-01-14 16:59:02,669 [21dc7e34-f667-47e1-88cd-5882a68f9cf5@group-F57A0E8BE99F-LeaderElection25] INFO  segmented.SegmentedRaftLogWorker (SegmentedRaftLogWorker.java:startLogSegment(430)) - 21dc7e34-f667-47e1-88cd-5882a68f9cf5@group-F57A0E8BE99F-SegmentedRaftLogWorker: Starting segment from index:0
2024-01-14 16:59:02,670 [21dc7e34-f667-47e1-88cd-5882a68f9cf5@group-F57A0E8BE99F-SegmentedRaftLogWorker] INFO  segmented.BufferedWriteChannel (BufferedWriteChannel.java:open(62)) - open log_inprogress_0 at position 0
2024-01-14 16:59:02,674 [21dc7e34-f667-47e1-88cd-5882a68f9cf5@group-F57A0E8BE99F-LeaderElection25] INFO  server.RaftServer$Division (ServerState.java:setRaftConf(386)) - 21dc7e34-f667-47e1-88cd-5882a68f9cf5@group-F57A0E8BE99F: set configuration 0: peers:[21dc7e34-f667-47e1-88cd-5882a68f9cf5|10.1.0.34:15148]|listeners:[], old=null
2024-01-14 16:59:02,676 [21dc7e34-f667-47e1-88cd-5882a68f9cf5@group-F57A0E8BE99F-SegmentedRaftLogWorker] INFO  segmented.SegmentedRaftLogWorker (SegmentedRaftLogWorker.java:execute(634)) - 21dc7e34-f667-47e1-88cd-5882a68f9cf5@group-F57A0E8BE99F-SegmentedRaftLogWorker: created new log segment /home/runner/work/ozone/ozone/hadoop-ozone/integration-test/target/test-dir/MiniOzoneClusterImpl-073b5688-48cc-4907-9326-51c03fe36003/datanode-5/data/ratis/1f4bb9f9-1bf8-4c66-a110-f57a0e8be99f/current/log_inprogress_0
2024-01-14 16:59:02,678 [21dc7e34-f667-47e1-88cd-5882a68f9cf5@group-F57A0E8BE99F-StateMachineUpdater] INFO  server.RaftServer$Division (LeaderStateImpl.java:isApplied(320)) - leader is ready since appliedIndex == 0 >= startIndex == 0
2024-01-14 16:59:02,692 [fd48a60a-820f-4974-a983-c7065961ec94@group-682A4B85AB5F-FollowerState] INFO  impl.FollowerState (FollowerState.java:run(143)) - fd48a60a-820f-4974-a983-c7065961ec94@group-682A4B85AB5F-FollowerState: change to CANDIDATE, lastRpcElapsedTime:5006771481ns, electionTimeout:5003ms
2024-01-14 16:59:02,692 [fd48a60a-820f-4974-a983-c7065961ec94@group-682A4B85AB5F-FollowerState] INFO  impl.RoleInfo (RoleInfo.java:shutdownFollowerState(110)) - fd48a60a-820f-4974-a983-c7065961ec94: shutdown fd48a60a-820f-4974-a983-c7065961ec94@group-682A4B85AB5F-FollowerState
2024-01-14 16:59:02,692 [fd48a60a-820f-4974-a983-c7065961ec94@group-682A4B85AB5F-FollowerState] INFO  server.RaftServer$Division (RaftServerImpl.java:setRole(383)) - fd48a60a-820f-4974-a983-c7065961ec94@group-682A4B85AB5F: changes role from  FOLLOWER to CANDIDATE at term 0 for changeToCandidate
2024-01-14 16:59:02,692 [fd48a60a-820f-4974-a983-c7065961ec94@group-682A4B85AB5F-FollowerState] INFO  server.RaftServerConfigKeys (ConfUtils.java:logGet(46)) - raft.server.leaderelection.pre-vote = true (default)
2024-01-14 16:59:02,692 [fd48a60a-820f-4974-a983-c7065961ec94@group-682A4B85AB5F-FollowerState] INFO  impl.RoleInfo (RoleInfo.java:updateAndGet(139)) - fd48a60a-820f-4974-a983-c7065961ec94: start fd48a60a-820f-4974-a983-c7065961ec94@group-682A4B85AB5F-LeaderElection26
2024-01-14 16:59:02,694 [fd48a60a-820f-4974-a983-c7065961ec94@group-682A4B85AB5F-LeaderElection26] INFO  impl.LeaderElection (LeaderElection.java:askForVotes(321)) - fd48a60a-820f-4974-a983-c7065961ec94@group-682A4B85AB5F-LeaderElection26 PRE_VOTE round 0: submit vote requests at term 0 for -1: peers:[fd48a60a-820f-4974-a983-c7065961ec94|10.1.0.34:15157, eb54ab2f-dc88-49fd-8d6c-2a4c844f47e7|10.1.0.34:15175, 7ded70f2-1c6f-4acc-8465-7e233baee92c|10.1.0.34:15166]|listeners:[], old=null
2024-01-14 16:59:02,694 [fd48a60a-820f-4974-a983-c7065961ec94@group-682A4B85AB5F-LeaderElection26-1] INFO  server.GrpcServerProtocolClient (GrpcServerProtocolClient.java:<init>(65)) - Build channel for eb54ab2f-dc88-49fd-8d6c-2a4c844f47e7|10.1.0.34:15175
2024-01-14 16:59:02,695 [fd48a60a-820f-4974-a983-c7065961ec94@group-682A4B85AB5F-LeaderElection26-2] INFO  server.GrpcServerProtocolClient (GrpcServerProtocolClient.java:<init>(65)) - Build channel for 7ded70f2-1c6f-4acc-8465-7e233baee92c|10.1.0.34:15166
2024-01-14 16:59:02,695 [fd48a60a-820f-4974-a983-c7065961ec94@group-682A4B85AB5F-LeaderElection26] INFO  server.RaftServerConfigKeys (ConfUtils.java:logFallback(53)) - raft.server.rpc.first-election.timeout.min = 5s (fallback to raft.server.rpc.timeout.min)
2024-01-14 16:59:02,695 [fd48a60a-820f-4974-a983-c7065961ec94@group-682A4B85AB5F-LeaderElection26] INFO  server.RaftServerConfigKeys (ConfUtils.java:logFallback(53)) - raft.server.rpc.first-election.timeout.max = 5200ms (fallback to raft.server.rpc.timeout.max)
2024-01-14 16:59:02,701 [grpc-default-executor-6] INFO  server.RaftServer$Division (RaftServerImpl.java:requestVote(1389)) - eb54ab2f-dc88-49fd-8d6c-2a4c844f47e7@group-682A4B85AB5F: receive requestVote(PRE_VOTE, fd48a60a-820f-4974-a983-c7065961ec94, group-682A4B85AB5F, 0, (t:0, i:0))
2024-01-14 16:59:02,702 [grpc-default-executor-6] INFO  impl.VoteContext (VoteContext.java:log(49)) - eb54ab2f-dc88-49fd-8d6c-2a4c844f47e7@group-682A4B85AB5F-FOLLOWER: reject PRE_VOTE from fd48a60a-820f-4974-a983-c7065961ec94: our priority 1 > candidate's priority 0
2024-01-14 16:59:02,702 [grpc-default-executor-6] INFO  server.RaftServer$Division (RaftServerImpl.java:requestVote(1422)) - eb54ab2f-dc88-49fd-8d6c-2a4c844f47e7@group-682A4B85AB5F replies to PRE_VOTE vote request: fd48a60a-820f-4974-a983-c7065961ec94<-eb54ab2f-dc88-49fd-8d6c-2a4c844f47e7#0:FAIL-t0. Peer's state: eb54ab2f-dc88-49fd-8d6c-2a4c844f47e7@group-682A4B85AB5F:t0, leader=null, voted=, raftlog=Memoized:eb54ab2f-dc88-49fd-8d6c-2a4c844f47e7@group-682A4B85AB5F-SegmentedRaftLog:OPENED:c-1, conf=-1: peers:[fd48a60a-820f-4974-a983-c7065961ec94|10.1.0.34:15157, eb54ab2f-dc88-49fd-8d6c-2a4c844f47e7|10.1.0.34:15175, 7ded70f2-1c6f-4acc-8465-7e233baee92c|10.1.0.34:15166]|listeners:[], old=null
2024-01-14 16:59:02,703 [fd48a60a-820f-4974-a983-c7065961ec94@group-682A4B85AB5F-LeaderElection26] INFO  impl.LeaderElection (LeaderElection.java:logAndReturn(89)) - fd48a60a-820f-4974-a983-c7065961ec94@group-682A4B85AB5F-LeaderElection26: PRE_VOTE REJECTED received 1 response(s) and 0 exception(s):
2024-01-14 16:59:02,703 [fd48a60a-820f-4974-a983-c7065961ec94@group-682A4B85AB5F-LeaderElection26] INFO  impl.LeaderElection (LeaderElection.java:logAndReturn(93)) -   Response 0: fd48a60a-820f-4974-a983-c7065961ec94<-eb54ab2f-dc88-49fd-8d6c-2a4c844f47e7#0:FAIL-t0
2024-01-14 16:59:02,703 [fd48a60a-820f-4974-a983-c7065961ec94@group-682A4B85AB5F-LeaderElection26] INFO  impl.LeaderElection (LeaderElection.java:askForVotes(323)) - fd48a60a-820f-4974-a983-c7065961ec94@group-682A4B85AB5F-LeaderElection26 PRE_VOTE round 0: result REJECTED
2024-01-14 16:59:02,703 [fd48a60a-820f-4974-a983-c7065961ec94@group-682A4B85AB5F-LeaderElection26] INFO  server.RaftServer$Division (RaftServerImpl.java:setRole(383)) - fd48a60a-820f-4974-a983-c7065961ec94@group-682A4B85AB5F: changes role from CANDIDATE to FOLLOWER at term 0 for REJECTED
2024-01-14 16:59:02,703 [fd48a60a-820f-4974-a983-c7065961ec94@group-682A4B85AB5F-LeaderElection26] INFO  impl.RoleInfo (RoleInfo.java:shutdownLeaderElection(130)) - fd48a60a-820f-4974-a983-c7065961ec94: shutdown fd48a60a-820f-4974-a983-c7065961ec94@group-682A4B85AB5F-LeaderElection26
2024-01-14 16:59:02,703 [fd48a60a-820f-4974-a983-c7065961ec94@group-682A4B85AB5F-LeaderElection26] INFO  impl.RoleInfo (RoleInfo.java:updateAndGet(139)) - fd48a60a-820f-4974-a983-c7065961ec94: start fd48a60a-820f-4974-a983-c7065961ec94@group-682A4B85AB5F-FollowerState
2024-01-14 16:59:02,705 [fd48a60a-820f-4974-a983-c7065961ec94@group-682A4B85AB5F-LeaderElection26] INFO  server.RaftServer$Division (RaftServerImpl.java:setFirstElection(574)) - fd48a60a-820f-4974-a983-c7065961ec94@group-682A4B85AB5F: set firstElectionSinceStartup to false for REJECTED
2024-01-14 16:59:02,706 [grpc-default-executor-6] INFO  server.RaftServer$Division (RaftServerImpl.java:requestVote(1389)) - 7ded70f2-1c6f-4acc-8465-7e233baee92c@group-682A4B85AB5F: receive requestVote(PRE_VOTE, fd48a60a-820f-4974-a983-c7065961ec94, group-682A4B85AB5F, 0, (t:0, i:0))
2024-01-14 16:59:02,706 [grpc-default-executor-6] INFO  impl.VoteContext (VoteContext.java:log(49)) - 7ded70f2-1c6f-4acc-8465-7e233baee92c@group-682A4B85AB5F-FOLLOWER: accept PRE_VOTE from fd48a60a-820f-4974-a983-c7065961ec94: our priority 0 <= candidate's priority 0
2024-01-14 16:59:02,707 [grpc-default-executor-6] INFO  server.RaftServer$Division (RaftServerImpl.java:requestVote(1422)) - 7ded70f2-1c6f-4acc-8465-7e233baee92c@group-682A4B85AB5F replies to PRE_VOTE vote request: fd48a60a-820f-4974-a983-c7065961ec94<-7ded70f2-1c6f-4acc-8465-7e233baee92c#0:OK-t0. Peer's state: 7ded70f2-1c6f-4acc-8465-7e233baee92c@group-682A4B85AB5F:t0, leader=null, voted=, raftlog=Memoized:7ded70f2-1c6f-4acc-8465-7e233baee92c@group-682A4B85AB5F-SegmentedRaftLog:OPENED:c-1, conf=-1: peers:[fd48a60a-820f-4974-a983-c7065961ec94|10.1.0.34:15157, eb54ab2f-dc88-49fd-8d6c-2a4c844f47e7|10.1.0.34:15175, 7ded70f2-1c6f-4acc-8465-7e233baee92c|10.1.0.34:15166]|listeners:[], old=null
2024-01-14 16:59:02,744 [fd48a60a-820f-4974-a983-c7065961ec94@group-D2FDA283D797-FollowerState] INFO  impl.FollowerState (FollowerState.java:run(143)) - fd48a60a-820f-4974-a983-c7065961ec94@group-D2FDA283D797-FollowerState: change to CANDIDATE, lastRpcElapsedTime:5072554918ns, electionTimeout:5071ms
2024-01-14 16:59:02,744 [fd48a60a-820f-4974-a983-c7065961ec94@group-D2FDA283D797-FollowerState] INFO  impl.RoleInfo (RoleInfo.java:shutdownFollowerState(110)) - fd48a60a-820f-4974-a983-c7065961ec94: shutdown fd48a60a-820f-4974-a983-c7065961ec94@group-D2FDA283D797-FollowerState
2024-01-14 16:59:02,744 [fd48a60a-820f-4974-a983-c7065961ec94@group-D2FDA283D797-FollowerState] INFO  server.RaftServer$Division (RaftServerImpl.java:setRole(383)) - fd48a60a-820f-4974-a983-c7065961ec94@group-D2FDA283D797: changes role from  FOLLOWER to CANDIDATE at term 0 for changeToCandidate
2024-01-14 16:59:02,744 [fd48a60a-820f-4974-a983-c7065961ec94@group-D2FDA283D797-FollowerState] INFO  server.RaftServerConfigKeys (ConfUtils.java:logGet(46)) - raft.server.leaderelection.pre-vote = true (default)
2024-01-14 16:59:02,744 [fd48a60a-820f-4974-a983-c7065961ec94@group-D2FDA283D797-FollowerState] INFO  impl.RoleInfo (RoleInfo.java:updateAndGet(139)) - fd48a60a-820f-4974-a983-c7065961ec94: start fd48a60a-820f-4974-a983-c7065961ec94@group-D2FDA283D797-LeaderElection27
2024-01-14 16:59:02,746 [fd48a60a-820f-4974-a983-c7065961ec94@group-D2FDA283D797-LeaderElection27] INFO  impl.LeaderElection (LeaderElection.java:askForVotes(321)) - fd48a60a-820f-4974-a983-c7065961ec94@group-D2FDA283D797-LeaderElection27 PRE_VOTE round 0: submit vote requests at term 0 for -1: peers:[fd48a60a-820f-4974-a983-c7065961ec94|10.1.0.34:15157]|listeners:[], old=null
2024-01-14 16:59:02,746 [fd48a60a-820f-4974-a983-c7065961ec94@group-D2FDA283D797-LeaderElection27] INFO  impl.LeaderElection (LeaderElection.java:askForVotes(323)) - fd48a60a-820f-4974-a983-c7065961ec94@group-D2FDA283D797-LeaderElection27 PRE_VOTE round 0: result PASSED (term=0)
2024-01-14 16:59:02,747 [fd48a60a-820f-4974-a983-c7065961ec94@group-D2FDA283D797-LeaderElection27] INFO  impl.LeaderElection (LeaderElection.java:askForVotes(321)) - fd48a60a-820f-4974-a983-c7065961ec94@group-D2FDA283D797-LeaderElection27 ELECTION round 0: submit vote requests at term 1 for -1: peers:[fd48a60a-820f-4974-a983-c7065961ec94|10.1.0.34:15157]|listeners:[], old=null
2024-01-14 16:59:02,747 [fd48a60a-820f-4974-a983-c7065961ec94@group-D2FDA283D797-LeaderElection27] INFO  impl.LeaderElection (LeaderElection.java:askForVotes(323)) - fd48a60a-820f-4974-a983-c7065961ec94@group-D2FDA283D797-LeaderElection27 ELECTION round 0: result PASSED (term=1)
2024-01-14 16:59:02,747 [fd48a60a-820f-4974-a983-c7065961ec94@group-D2FDA283D797-LeaderElection27] INFO  impl.RoleInfo (RoleInfo.java:shutdownLeaderElection(130)) - fd48a60a-820f-4974-a983-c7065961ec94: shutdown fd48a60a-820f-4974-a983-c7065961ec94@group-D2FDA283D797-LeaderElection27
2024-01-14 16:59:02,748 [fd48a60a-820f-4974-a983-c7065961ec94@group-D2FDA283D797-LeaderElection27] INFO  server.RaftServer$Division (RaftServerImpl.java:setRole(383)) - fd48a60a-820f-4974-a983-c7065961ec94@group-D2FDA283D797: changes role from CANDIDATE to LEADER at term 1 for changeToLeader
2024-01-14 16:59:02,748 [fd48a60a-820f-4974-a983-c7065961ec94@group-D2FDA283D797-LeaderElection27] INFO  server.RaftServerConfigKeys (ConfUtils.java:logGet(46)) - raft.server.staging.catchup.gap = 1000 (default)
2024-01-14 16:59:02,748 [fd48a60a-820f-4974-a983-c7065961ec94@group-D2FDA283D797-LeaderElection27] INFO  server.RaftServerConfigKeys (ConfUtils.java:logGet(46)) - raft.server.write.element-limit = 1024 (custom)
2024-01-14 16:59:02,748 [fd48a60a-820f-4974-a983-c7065961ec94@group-D2FDA283D797-LeaderElection27] INFO  server.RaftServerConfigKeys (ConfUtils.java:logGet(46)) - raft.server.write.byte-limit = 1024 M (=1073741824) (custom)
2024-01-14 16:59:02,748 [fd48a60a-820f-4974-a983-c7065961ec94@group-D2FDA283D797-LeaderElection27] INFO  server.RaftServerConfigKeys (ConfUtils.java:logGet(46)) - raft.server.watch.timeout = 3000ms (custom)
2024-01-14 16:59:02,748 [fd48a60a-820f-4974-a983-c7065961ec94@group-D2FDA283D797-LeaderElection27] INFO  server.RaftServerConfigKeys (ConfUtils.java:logGet(46)) - raft.server.watch.timeout.denomination = 1s (default)
2024-01-14 16:59:02,748 [fd48a60a-820f-4974-a983-c7065961ec94@group-D2FDA283D797-LeaderElection27] INFO  server.RaftServerConfigKeys (ConfUtils.java:logGet(46)) - raft.server.watch.element-limit = 65536 (default)
2024-01-14 16:59:02,748 [fd48a60a-820f-4974-a983-c7065961ec94@group-D2FDA283D797-LeaderElection27] INFO  server.RaftServerConfigKeys (ConfUtils.java:logGet(46)) - raft.server.read.leader.lease.enabled = false (default)
2024-01-14 16:59:02,748 [fd48a60a-820f-4974-a983-c7065961ec94@group-D2FDA283D797-LeaderElection27] INFO  server.RaftServerConfigKeys (ConfUtils.java:logGet(46)) - raft.server.read.leader.lease.timeout.ratio = 0.9 (default)
2024-01-14 16:59:02,748 [fd48a60a-820f-4974-a983-c7065961ec94@group-D2FDA283D797-LeaderElection27] INFO  server.RaftServerConfigKeys (ConfUtils.java:logGet(46)) - raft.server.rpc.timeout.min = 5s (custom)
2024-01-14 16:59:02,749 [fd48a60a-820f-4974-a983-c7065961ec94@group-D2FDA283D797-LeaderElection27] INFO  server.RaftServerConfigKeys (ConfUtils.java:logGet(46)) - raft.server.write.element-limit = 1024 (custom)
2024-01-14 16:59:02,749 [fd48a60a-820f-4974-a983-c7065961ec94@group-D2FDA283D797-LeaderElection27] INFO  server.RaftServerConfigKeys (ConfUtils.java:logGet(46)) - raft.server.write.follower.gap.ratio.max = -1.0 (default)
2024-01-14 16:59:02,749 [fd48a60a-820f-4974-a983-c7065961ec94@group-D2FDA283D797-LeaderElection27] INFO  impl.RoleInfo (RoleInfo.java:updateAndGet(139)) - fd48a60a-820f-4974-a983-c7065961ec94: start fd48a60a-820f-4974-a983-c7065961ec94@group-D2FDA283D797-LeaderStateImpl
2024-01-14 16:59:02,749 [fd48a60a-820f-4974-a983-c7065961ec94@group-D2FDA283D797-LeaderElection27] INFO  server.RaftServer$Division (RaftServerImpl.java:setFirstElection(574)) - fd48a60a-820f-4974-a983-c7065961ec94@group-D2FDA283D797: set firstElectionSinceStartup to false for becomeLeader
2024-01-14 16:59:02,749 [fd48a60a-820f-4974-a983-c7065961ec94@group-D2FDA283D797-LeaderElection27] INFO  ratis.XceiverServerRatis (XceiverServerRatis.java:handleLeaderChangedNotification(945)) - Leader change notification received for group: group-D2FDA283D797 with new leaderId: fd48a60a-820f-4974-a983-c7065961ec94
2024-01-14 16:59:02,749 [fd48a60a-820f-4974-a983-c7065961ec94@group-D2FDA283D797-LeaderElection27] INFO  server.RaftServer$Division (ServerState.java:setLeader(269)) - fd48a60a-820f-4974-a983-c7065961ec94@group-D2FDA283D797: change Leader from null to fd48a60a-820f-4974-a983-c7065961ec94 at term 1 for becomeLeader, leader elected after 5088ms
2024-01-14 16:59:02,749 [fd48a60a-820f-4974-a983-c7065961ec94@group-D2FDA283D797-LeaderElection27] INFO  segmented.SegmentedRaftLogWorker (SegmentedRaftLogWorker.java:startLogSegment(430)) - fd48a60a-820f-4974-a983-c7065961ec94@group-D2FDA283D797-SegmentedRaftLogWorker: Starting segment from index:0
2024-01-14 16:59:02,750 [fd48a60a-820f-4974-a983-c7065961ec94@group-D2FDA283D797-SegmentedRaftLogWorker] INFO  segmented.BufferedWriteChannel (BufferedWriteChannel.java:open(62)) - open log_inprogress_0 at position 0
2024-01-14 16:59:02,750 [fd48a60a-820f-4974-a983-c7065961ec94@group-D2FDA283D797-LeaderElection27] INFO  server.RaftServer$Division (ServerState.java:setRaftConf(386)) - fd48a60a-820f-4974-a983-c7065961ec94@group-D2FDA283D797: set configuration 0: peers:[fd48a60a-820f-4974-a983-c7065961ec94|10.1.0.34:15157]|listeners:[], old=null
2024-01-14 16:59:02,754 [eb54ab2f-dc88-49fd-8d6c-2a4c844f47e7@group-682A4B85AB5F-FollowerState] INFO  impl.FollowerState (FollowerState.java:run(143)) - eb54ab2f-dc88-49fd-8d6c-2a4c844f47e7@group-682A4B85AB5F-FollowerState: change to CANDIDATE, lastRpcElapsedTime:5012698167ns, electionTimeout:5011ms
2024-01-14 16:59:02,754 [eb54ab2f-dc88-49fd-8d6c-2a4c844f47e7@group-682A4B85AB5F-FollowerState] INFO  impl.RoleInfo (RoleInfo.java:shutdownFollowerState(110)) - eb54ab2f-dc88-49fd-8d6c-2a4c844f47e7: shutdown eb54ab2f-dc88-49fd-8d6c-2a4c844f47e7@group-682A4B85AB5F-FollowerState
2024-01-14 16:59:02,754 [eb54ab2f-dc88-49fd-8d6c-2a4c844f47e7@group-682A4B85AB5F-FollowerState] INFO  server.RaftServer$Division (RaftServerImpl.java:setRole(383)) - eb54ab2f-dc88-49fd-8d6c-2a4c844f47e7@group-682A4B85AB5F: changes role from  FOLLOWER to CANDIDATE at term 0 for changeToCandidate
2024-01-14 16:59:02,754 [eb54ab2f-dc88-49fd-8d6c-2a4c844f47e7@group-682A4B85AB5F-FollowerState] INFO  server.RaftServerConfigKeys (ConfUtils.java:logGet(46)) - raft.server.leaderelection.pre-vote = true (default)
2024-01-14 16:59:02,754 [eb54ab2f-dc88-49fd-8d6c-2a4c844f47e7@group-682A4B85AB5F-FollowerState] INFO  impl.RoleInfo (RoleInfo.java:updateAndGet(139)) - eb54ab2f-dc88-49fd-8d6c-2a4c844f47e7: start eb54ab2f-dc88-49fd-8d6c-2a4c844f47e7@group-682A4B85AB5F-LeaderElection28
2024-01-14 16:59:02,762 [fd48a60a-820f-4974-a983-c7065961ec94@group-D2FDA283D797-SegmentedRaftLogWorker] INFO  segmented.SegmentedRaftLogWorker (SegmentedRaftLogWorker.java:execute(634)) - fd48a60a-820f-4974-a983-c7065961ec94@group-D2FDA283D797-SegmentedRaftLogWorker: created new log segment /home/runner/work/ozone/ozone/hadoop-ozone/integration-test/target/test-dir/MiniOzoneClusterImpl-073b5688-48cc-4907-9326-51c03fe36003/datanode-6/data/ratis/1c0e4a18-1388-4101-8a5c-d2fda283d797/current/log_inprogress_0
2024-01-14 16:59:02,762 [eb54ab2f-dc88-49fd-8d6c-2a4c844f47e7@group-682A4B85AB5F-LeaderElection28] INFO  impl.LeaderElection (LeaderElection.java:askForVotes(321)) - eb54ab2f-dc88-49fd-8d6c-2a4c844f47e7@group-682A4B85AB5F-LeaderElection28 PRE_VOTE round 0: submit vote requests at term 0 for -1: peers:[fd48a60a-820f-4974-a983-c7065961ec94|10.1.0.34:15157, eb54ab2f-dc88-49fd-8d6c-2a4c844f47e7|10.1.0.34:15175, 7ded70f2-1c6f-4acc-8465-7e233baee92c|10.1.0.34:15166]|listeners:[], old=null
2024-01-14 16:59:02,763 [eb54ab2f-dc88-49fd-8d6c-2a4c844f47e7@group-682A4B85AB5F-LeaderElection28] INFO  server.RaftServerConfigKeys (ConfUtils.java:logFallback(53)) - raft.server.rpc.first-election.timeout.min = 5s (fallback to raft.server.rpc.timeout.min)
2024-01-14 16:59:02,763 [eb54ab2f-dc88-49fd-8d6c-2a4c844f47e7@group-682A4B85AB5F-LeaderElection28] INFO  server.RaftServerConfigKeys (ConfUtils.java:logFallback(53)) - raft.server.rpc.first-election.timeout.max = 5200ms (fallback to raft.server.rpc.timeout.max)
2024-01-14 16:59:02,763 [eb54ab2f-dc88-49fd-8d6c-2a4c844f47e7@group-682A4B85AB5F-LeaderElection28-1] INFO  server.GrpcServerProtocolClient (GrpcServerProtocolClient.java:<init>(65)) - Build channel for fd48a60a-820f-4974-a983-c7065961ec94|10.1.0.34:15157
2024-01-14 16:59:02,763 [eb54ab2f-dc88-49fd-8d6c-2a4c844f47e7@group-682A4B85AB5F-LeaderElection28-2] INFO  server.GrpcServerProtocolClient (GrpcServerProtocolClient.java:<init>(65)) - Build channel for 7ded70f2-1c6f-4acc-8465-7e233baee92c|10.1.0.34:15166
2024-01-14 16:59:02,763 [fd48a60a-820f-4974-a983-c7065961ec94@group-D2FDA283D797-StateMachineUpdater] INFO  server.RaftServer$Division (LeaderStateImpl.java:isApplied(320)) - leader is ready since appliedIndex == 0 >= startIndex == 0
2024-01-14 16:59:02,776 [grpc-default-executor-6] INFO  server.RaftServer$Division (RaftServerImpl.java:requestVote(1389)) - 7ded70f2-1c6f-4acc-8465-7e233baee92c@group-682A4B85AB5F: receive requestVote(PRE_VOTE, eb54ab2f-dc88-49fd-8d6c-2a4c844f47e7, group-682A4B85AB5F, 0, (t:0, i:0))
2024-01-14 16:59:02,776 [grpc-default-executor-6] INFO  impl.VoteContext (VoteContext.java:log(49)) - 7ded70f2-1c6f-4acc-8465-7e233baee92c@group-682A4B85AB5F-FOLLOWER: accept PRE_VOTE from eb54ab2f-dc88-49fd-8d6c-2a4c844f47e7: our priority 0 <= candidate's priority 1
2024-01-14 16:59:02,776 [grpc-default-executor-6] INFO  server.RaftServer$Division (RaftServerImpl.java:requestVote(1422)) - 7ded70f2-1c6f-4acc-8465-7e233baee92c@group-682A4B85AB5F replies to PRE_VOTE vote request: eb54ab2f-dc88-49fd-8d6c-2a4c844f47e7<-7ded70f2-1c6f-4acc-8465-7e233baee92c#0:OK-t0. Peer's state: 7ded70f2-1c6f-4acc-8465-7e233baee92c@group-682A4B85AB5F:t0, leader=null, voted=, raftlog=Memoized:7ded70f2-1c6f-4acc-8465-7e233baee92c@group-682A4B85AB5F-SegmentedRaftLog:OPENED:c-1, conf=-1: peers:[fd48a60a-820f-4974-a983-c7065961ec94|10.1.0.34:15157, eb54ab2f-dc88-49fd-8d6c-2a4c844f47e7|10.1.0.34:15175, 7ded70f2-1c6f-4acc-8465-7e233baee92c|10.1.0.34:15166]|listeners:[], old=null
2024-01-14 16:59:02,776 [grpc-default-executor-1] INFO  server.RaftServer$Division (RaftServerImpl.java:requestVote(1389)) - fd48a60a-820f-4974-a983-c7065961ec94@group-682A4B85AB5F: receive requestVote(PRE_VOTE, eb54ab2f-dc88-49fd-8d6c-2a4c844f47e7, group-682A4B85AB5F, 0, (t:0, i:0))
2024-01-14 16:59:02,777 [grpc-default-executor-1] INFO  impl.VoteContext (VoteContext.java:log(49)) - fd48a60a-820f-4974-a983-c7065961ec94@group-682A4B85AB5F-FOLLOWER: accept PRE_VOTE from eb54ab2f-dc88-49fd-8d6c-2a4c844f47e7: our priority 0 <= candidate's priority 1
2024-01-14 16:59:02,777 [grpc-default-executor-1] INFO  server.RaftServer$Division (RaftServerImpl.java:requestVote(1422)) - fd48a60a-820f-4974-a983-c7065961ec94@group-682A4B85AB5F replies to PRE_VOTE vote request: eb54ab2f-dc88-49fd-8d6c-2a4c844f47e7<-fd48a60a-820f-4974-a983-c7065961ec94#0:OK-t0. Peer's state: fd48a60a-820f-4974-a983-c7065961ec94@group-682A4B85AB5F:t0, leader=null, voted=, raftlog=Memoized:fd48a60a-820f-4974-a983-c7065961ec94@group-682A4B85AB5F-SegmentedRaftLog:OPENED:c-1, conf=-1: peers:[fd48a60a-820f-4974-a983-c7065961ec94|10.1.0.34:15157, eb54ab2f-dc88-49fd-8d6c-2a4c844f47e7|10.1.0.34:15175, 7ded70f2-1c6f-4acc-8465-7e233baee92c|10.1.0.34:15166]|listeners:[], old=null
2024-01-14 16:59:02,781 [eb54ab2f-dc88-49fd-8d6c-2a4c844f47e7@group-682A4B85AB5F-LeaderElection28] INFO  impl.LeaderElection (LeaderElection.java:logAndReturn(89)) - eb54ab2f-dc88-49fd-8d6c-2a4c844f47e7@group-682A4B85AB5F-LeaderElection28: PRE_VOTE PASSED received 1 response(s) and 0 exception(s):
2024-01-14 16:59:02,781 [eb54ab2f-dc88-49fd-8d6c-2a4c844f47e7@group-682A4B85AB5F-LeaderElection28] INFO  impl.LeaderElection (LeaderElection.java:logAndReturn(93)) -   Response 0: eb54ab2f-dc88-49fd-8d6c-2a4c844f47e7<-fd48a60a-820f-4974-a983-c7065961ec94#0:OK-t0
2024-01-14 16:59:02,781 [eb54ab2f-dc88-49fd-8d6c-2a4c844f47e7@group-682A4B85AB5F-LeaderElection28] INFO  impl.LeaderElection (LeaderElection.java:askForVotes(323)) - eb54ab2f-dc88-49fd-8d6c-2a4c844f47e7@group-682A4B85AB5F-LeaderElection28 PRE_VOTE round 0: result PASSED
2024-01-14 16:59:02,782 [eb54ab2f-dc88-49fd-8d6c-2a4c844f47e7@group-682A4B85AB5F-LeaderElection28] INFO  impl.LeaderElection (LeaderElection.java:askForVotes(321)) - eb54ab2f-dc88-49fd-8d6c-2a4c844f47e7@group-682A4B85AB5F-LeaderElection28 ELECTION round 0: submit vote requests at term 1 for -1: peers:[fd48a60a-820f-4974-a983-c7065961ec94|10.1.0.34:15157, eb54ab2f-dc88-49fd-8d6c-2a4c844f47e7|10.1.0.34:15175, 7ded70f2-1c6f-4acc-8465-7e233baee92c|10.1.0.34:15166]|listeners:[], old=null
2024-01-14 16:59:02,782 [eb54ab2f-dc88-49fd-8d6c-2a4c844f47e7@group-682A4B85AB5F-LeaderElection28] INFO  server.RaftServerConfigKeys (ConfUtils.java:logFallback(53)) - raft.server.rpc.first-election.timeout.min = 5s (fallback to raft.server.rpc.timeout.min)
2024-01-14 16:59:02,782 [eb54ab2f-dc88-49fd-8d6c-2a4c844f47e7@group-682A4B85AB5F-LeaderElection28] INFO  server.RaftServerConfigKeys (ConfUtils.java:logFallback(53)) - raft.server.rpc.first-election.timeout.max = 5200ms (fallback to raft.server.rpc.timeout.max)
2024-01-14 16:59:02,784 [grpc-default-executor-1] INFO  server.RaftServer$Division (RaftServerImpl.java:requestVote(1389)) - 7ded70f2-1c6f-4acc-8465-7e233baee92c@group-682A4B85AB5F: receive requestVote(ELECTION, eb54ab2f-dc88-49fd-8d6c-2a4c844f47e7, group-682A4B85AB5F, 1, (t:0, i:0))
2024-01-14 16:59:02,785 [grpc-default-executor-1] INFO  impl.VoteContext (VoteContext.java:log(49)) - 7ded70f2-1c6f-4acc-8465-7e233baee92c@group-682A4B85AB5F-FOLLOWER: accept ELECTION from eb54ab2f-dc88-49fd-8d6c-2a4c844f47e7: our priority 0 <= candidate's priority 1
2024-01-14 16:59:02,785 [grpc-default-executor-1] INFO  server.RaftServer$Division (RaftServerImpl.java:setRole(383)) - 7ded70f2-1c6f-4acc-8465-7e233baee92c@group-682A4B85AB5F: changes role from  FOLLOWER to FOLLOWER at term 1 for candidate:eb54ab2f-dc88-49fd-8d6c-2a4c844f47e7
2024-01-14 16:59:02,785 [grpc-default-executor-1] INFO  impl.RoleInfo (RoleInfo.java:shutdownFollowerState(110)) - 7ded70f2-1c6f-4acc-8465-7e233baee92c: shutdown 7ded70f2-1c6f-4acc-8465-7e233baee92c@group-682A4B85AB5F-FollowerState
2024-01-14 16:59:02,786 [grpc-default-executor-1] INFO  impl.RoleInfo (RoleInfo.java:updateAndGet(139)) - 7ded70f2-1c6f-4acc-8465-7e233baee92c: start 7ded70f2-1c6f-4acc-8465-7e233baee92c@group-682A4B85AB5F-FollowerState
2024-01-14 16:59:02,786 [7ded70f2-1c6f-4acc-8465-7e233baee92c@group-682A4B85AB5F-FollowerState] INFO  impl.FollowerState (FollowerState.java:run(152)) - 7ded70f2-1c6f-4acc-8465-7e233baee92c@group-682A4B85AB5F-FollowerState was interrupted
2024-01-14 16:59:02,786 [grpc-default-executor-1] INFO  server.RaftServer$Division (RaftServerImpl.java:setFirstElection(574)) - 7ded70f2-1c6f-4acc-8465-7e233baee92c@group-682A4B85AB5F: set firstElectionSinceStartup to false for candidate:eb54ab2f-dc88-49fd-8d6c-2a4c844f47e7
2024-01-14 16:59:02,786 [grpc-default-executor-6] INFO  server.RaftServer$Division (RaftServerImpl.java:requestVote(1389)) - fd48a60a-820f-4974-a983-c7065961ec94@group-682A4B85AB5F: receive requestVote(ELECTION, eb54ab2f-dc88-49fd-8d6c-2a4c844f47e7, group-682A4B85AB5F, 1, (t:0, i:0))
2024-01-14 16:59:02,786 [grpc-default-executor-6] INFO  impl.VoteContext (VoteContext.java:log(49)) - fd48a60a-820f-4974-a983-c7065961ec94@group-682A4B85AB5F-FOLLOWER: accept ELECTION from eb54ab2f-dc88-49fd-8d6c-2a4c844f47e7: our priority 0 <= candidate's priority 1
2024-01-14 16:59:02,786 [grpc-default-executor-6] INFO  server.RaftServer$Division (RaftServerImpl.java:setRole(383)) - fd48a60a-820f-4974-a983-c7065961ec94@group-682A4B85AB5F: changes role from  FOLLOWER to FOLLOWER at term 1 for candidate:eb54ab2f-dc88-49fd-8d6c-2a4c844f47e7
2024-01-14 16:59:02,787 [grpc-default-executor-6] INFO  impl.RoleInfo (RoleInfo.java:shutdownFollowerState(110)) - fd48a60a-820f-4974-a983-c7065961ec94: shutdown fd48a60a-820f-4974-a983-c7065961ec94@group-682A4B85AB5F-FollowerState
2024-01-14 16:59:02,787 [grpc-default-executor-6] INFO  impl.RoleInfo (RoleInfo.java:updateAndGet(139)) - fd48a60a-820f-4974-a983-c7065961ec94: start fd48a60a-820f-4974-a983-c7065961ec94@group-682A4B85AB5F-FollowerState
2024-01-14 16:59:02,787 [fd48a60a-820f-4974-a983-c7065961ec94@group-682A4B85AB5F-FollowerState] INFO  impl.FollowerState (FollowerState.java:run(152)) - fd48a60a-820f-4974-a983-c7065961ec94@group-682A4B85AB5F-FollowerState was interrupted
2024-01-14 16:59:02,787 [grpc-default-executor-1] INFO  server.RaftServer$Division (RaftServerImpl.java:requestVote(1422)) - 7ded70f2-1c6f-4acc-8465-7e233baee92c@group-682A4B85AB5F replies to ELECTION vote request: eb54ab2f-dc88-49fd-8d6c-2a4c844f47e7<-7ded70f2-1c6f-4acc-8465-7e233baee92c#0:OK-t1. Peer's state: 7ded70f2-1c6f-4acc-8465-7e233baee92c@group-682A4B85AB5F:t1, leader=null, voted=eb54ab2f-dc88-49fd-8d6c-2a4c844f47e7, raftlog=Memoized:7ded70f2-1c6f-4acc-8465-7e233baee92c@group-682A4B85AB5F-SegmentedRaftLog:OPENED:c-1, conf=-1: peers:[fd48a60a-820f-4974-a983-c7065961ec94|10.1.0.34:15157, eb54ab2f-dc88-49fd-8d6c-2a4c844f47e7|10.1.0.34:15175, 7ded70f2-1c6f-4acc-8465-7e233baee92c|10.1.0.34:15166]|listeners:[], old=null
2024-01-14 16:59:02,792 [grpc-default-executor-6] INFO  server.RaftServer$Division (RaftServerImpl.java:requestVote(1422)) - fd48a60a-820f-4974-a983-c7065961ec94@group-682A4B85AB5F replies to ELECTION vote request: eb54ab2f-dc88-49fd-8d6c-2a4c844f47e7<-fd48a60a-820f-4974-a983-c7065961ec94#0:OK-t1. Peer's state: fd48a60a-820f-4974-a983-c7065961ec94@group-682A4B85AB5F:t1, leader=null, voted=eb54ab2f-dc88-49fd-8d6c-2a4c844f47e7, raftlog=Memoized:fd48a60a-820f-4974-a983-c7065961ec94@group-682A4B85AB5F-SegmentedRaftLog:OPENED:c-1, conf=-1: peers:[fd48a60a-820f-4974-a983-c7065961ec94|10.1.0.34:15157, eb54ab2f-dc88-49fd-8d6c-2a4c844f47e7|10.1.0.34:15175, 7ded70f2-1c6f-4acc-8465-7e233baee92c|10.1.0.34:15166]|listeners:[], old=null
2024-01-14 16:59:02,793 [eb54ab2f-dc88-49fd-8d6c-2a4c844f47e7@group-682A4B85AB5F-LeaderElection28] INFO  impl.LeaderElection (LeaderElection.java:logAndReturn(89)) - eb54ab2f-dc88-49fd-8d6c-2a4c844f47e7@group-682A4B85AB5F-LeaderElection28: ELECTION PASSED received 1 response(s) and 0 exception(s):
2024-01-14 16:59:02,793 [eb54ab2f-dc88-49fd-8d6c-2a4c844f47e7@group-682A4B85AB5F-LeaderElection28] INFO  impl.LeaderElection (LeaderElection.java:logAndReturn(93)) -   Response 0: eb54ab2f-dc88-49fd-8d6c-2a4c844f47e7<-7ded70f2-1c6f-4acc-8465-7e233baee92c#0:OK-t1
2024-01-14 16:59:02,793 [eb54ab2f-dc88-49fd-8d6c-2a4c844f47e7@group-682A4B85AB5F-LeaderElection28] INFO  impl.LeaderElection (LeaderElection.java:askForVotes(323)) - eb54ab2f-dc88-49fd-8d6c-2a4c844f47e7@group-682A4B85AB5F-LeaderElection28 ELECTION round 0: result PASSED
2024-01-14 16:59:02,793 [eb54ab2f-dc88-49fd-8d6c-2a4c844f47e7@group-682A4B85AB5F-LeaderElection28] INFO  impl.RoleInfo (RoleInfo.java:shutdownLeaderElection(130)) - eb54ab2f-dc88-49fd-8d6c-2a4c844f47e7: shutdown eb54ab2f-dc88-49fd-8d6c-2a4c844f47e7@group-682A4B85AB5F-LeaderElection28
2024-01-14 16:59:02,793 [eb54ab2f-dc88-49fd-8d6c-2a4c844f47e7@group-682A4B85AB5F-LeaderElection28] INFO  server.RaftServer$Division (RaftServerImpl.java:setRole(383)) - eb54ab2f-dc88-49fd-8d6c-2a4c844f47e7@group-682A4B85AB5F: changes role from CANDIDATE to LEADER at term 1 for changeToLeader
2024-01-14 16:59:02,793 [eb54ab2f-dc88-49fd-8d6c-2a4c844f47e7@group-682A4B85AB5F-LeaderElection28] INFO  server.RaftServerConfigKeys (ConfUtils.java:logGet(46)) - raft.server.staging.catchup.gap = 1000 (default)
2024-01-14 16:59:02,793 [eb54ab2f-dc88-49fd-8d6c-2a4c844f47e7@group-682A4B85AB5F-LeaderElection28] INFO  server.RaftServerConfigKeys (ConfUtils.java:logGet(46)) - raft.server.write.element-limit = 1024 (custom)
2024-01-14 16:59:02,793 [eb54ab2f-dc88-49fd-8d6c-2a4c844f47e7@group-682A4B85AB5F-LeaderElection28] INFO  server.RaftServerConfigKeys (ConfUtils.java:logGet(46)) - raft.server.write.byte-limit = 1024 M (=1073741824) (custom)
2024-01-14 16:59:02,793 [eb54ab2f-dc88-49fd-8d6c-2a4c844f47e7@group-682A4B85AB5F-LeaderElection28] INFO  server.RaftServerConfigKeys (ConfUtils.java:logGet(46)) - raft.server.watch.timeout = 3000ms (custom)
2024-01-14 16:59:02,793 [eb54ab2f-dc88-49fd-8d6c-2a4c844f47e7@group-682A4B85AB5F-LeaderElection28] INFO  server.RaftServerConfigKeys (ConfUtils.java:logGet(46)) - raft.server.watch.timeout.denomination = 1s (default)
2024-01-14 16:59:02,793 [eb54ab2f-dc88-49fd-8d6c-2a4c844f47e7@group-682A4B85AB5F-LeaderElection28] INFO  server.RaftServerConfigKeys (ConfUtils.java:logGet(46)) - raft.server.watch.element-limit = 65536 (default)
2024-01-14 16:59:02,794 [eb54ab2f-dc88-49fd-8d6c-2a4c844f47e7@group-682A4B85AB5F-LeaderElection28] INFO  server.RaftServerConfigKeys (ConfUtils.java:logGet(46)) - raft.server.read.leader.lease.enabled = false (default)
2024-01-14 16:59:02,794 [eb54ab2f-dc88-49fd-8d6c-2a4c844f47e7@group-682A4B85AB5F-LeaderElection28] INFO  server.RaftServerConfigKeys (ConfUtils.java:logGet(46)) - raft.server.read.leader.lease.timeout.ratio = 0.9 (default)
2024-01-14 16:59:02,794 [eb54ab2f-dc88-49fd-8d6c-2a4c844f47e7@group-682A4B85AB5F-LeaderElection28] INFO  server.RaftServerConfigKeys (ConfUtils.java:logGet(46)) - raft.server.rpc.timeout.min = 5s (custom)
2024-01-14 16:59:02,794 [eb54ab2f-dc88-49fd-8d6c-2a4c844f47e7@group-682A4B85AB5F-LeaderElection28] INFO  server.RaftServerConfigKeys (ConfUtils.java:logGet(46)) - raft.server.write.element-limit = 1024 (custom)
2024-01-14 16:59:02,794 [eb54ab2f-dc88-49fd-8d6c-2a4c844f47e7@group-682A4B85AB5F-LeaderElection28] INFO  server.RaftServerConfigKeys (ConfUtils.java:logGet(46)) - raft.server.write.follower.gap.ratio.max = -1.0 (default)
2024-01-14 16:59:02,794 [eb54ab2f-dc88-49fd-8d6c-2a4c844f47e7@group-682A4B85AB5F-LeaderElection28] INFO  server.RaftServerConfigKeys (ConfUtils.java:logGet(46)) - raft.server.log.appender.snapshot.chunk.size.max = 16MB (=16777216) (default)
2024-01-14 16:59:02,794 [eb54ab2f-dc88-49fd-8d6c-2a4c844f47e7@group-682A4B85AB5F-LeaderElection28] INFO  server.RaftServerConfigKeys (ConfUtils.java:logGet(46)) - raft.server.log.appender.buffer.byte-limit = 8388608 (custom)
2024-01-14 16:59:02,794 [eb54ab2f-dc88-49fd-8d6c-2a4c844f47e7@group-682A4B85AB5F-LeaderElection28] INFO  server.RaftServerConfigKeys (ConfUtils.java:logGet(46)) - raft.server.log.appender.buffer.element-limit = 1 (custom)
2024-01-14 16:59:02,794 [eb54ab2f-dc88-49fd-8d6c-2a4c844f47e7@group-682A4B85AB5F-LeaderElection28] INFO  server.RaftServerConfigKeys (ConfUtils.java:logGet(46)) - raft.server.log.appender.wait-time.min = 0ms (custom)
2024-01-14 16:59:02,794 [eb54ab2f-dc88-49fd-8d6c-2a4c844f47e7@group-682A4B85AB5F-LeaderElection28] INFO  grpc.GrpcConfigKeys (ConfUtils.java:logGet(46)) - raft.grpc.server.leader.outstanding.appends.max = 8 (default)
2024-01-14 16:59:02,794 [eb54ab2f-dc88-49fd-8d6c-2a4c844f47e7@group-682A4B85AB5F-LeaderElection28] INFO  server.RaftServerConfigKeys (ConfUtils.java:logGet(46)) - raft.server.rpc.request.timeout = 3000ms (default)
2024-01-14 16:59:02,794 [eb54ab2f-dc88-49fd-8d6c-2a4c844f47e7@group-682A4B85AB5F-LeaderElection28] INFO  grpc.GrpcConfigKeys (ConfUtils.java:logGet(46)) - raft.grpc.server.install_snapshot.request.element-limit = 8 (default)
2024-01-14 16:59:02,794 [eb54ab2f-dc88-49fd-8d6c-2a4c844f47e7@group-682A4B85AB5F-LeaderElection28] INFO  grpc.GrpcConfigKeys (ConfUtils.java:logGet(46)) - raft.grpc.server.install_snapshot.request.timeout = 3000ms (default)
2024-01-14 16:59:02,794 [eb54ab2f-dc88-49fd-8d6c-2a4c844f47e7@group-682A4B85AB5F-LeaderElection28] INFO  grpc.GrpcConfigKeys (ConfUtils.java:logGet(46)) - raft.grpc.server.log-message.batch.duration = 5s (default)
2024-01-14 16:59:02,794 [eb54ab2f-dc88-49fd-8d6c-2a4c844f47e7@group-682A4B85AB5F-LeaderElection28] INFO  server.RaftServerConfigKeys (ConfUtils.java:logGet(46)) - raft.server.log.appender.install.snapshot.enabled = false (custom)
2024-01-14 16:59:02,794 [eb54ab2f-dc88-49fd-8d6c-2a4c844f47e7@group-682A4B85AB5F-LeaderElection28] INFO  grpc.GrpcConfigKeys (ConfUtils.java:logGet(46)) - raft.grpc.server.heartbeat.channel = true (default)
2024-01-14 16:59:02,795 [eb54ab2f-dc88-49fd-8d6c-2a4c844f47e7@group-682A4B85AB5F-LeaderElection28] INFO  server.RaftServerConfigKeys (ConfUtils.java:logGet(46)) - raft.server.log.appender.snapshot.chunk.size.max = 16MB (=16777216) (default)
2024-01-14 16:59:02,795 [eb54ab2f-dc88-49fd-8d6c-2a4c844f47e7@group-682A4B85AB5F-LeaderElection28] INFO  server.RaftServerConfigKeys (ConfUtils.java:logGet(46)) - raft.server.log.appender.buffer.byte-limit = 8388608 (custom)
2024-01-14 16:59:02,795 [eb54ab2f-dc88-49fd-8d6c-2a4c844f47e7@group-682A4B85AB5F-LeaderElection28] INFO  server.RaftServerConfigKeys (ConfUtils.java:logGet(46)) - raft.server.log.appender.buffer.element-limit = 1 (custom)
2024-01-14 16:59:02,795 [eb54ab2f-dc88-49fd-8d6c-2a4c844f47e7@group-682A4B85AB5F-LeaderElection28] INFO  server.RaftServerConfigKeys (ConfUtils.java:logGet(46)) - raft.server.log.appender.wait-time.min = 0ms (custom)
2024-01-14 16:59:02,795 [eb54ab2f-dc88-49fd-8d6c-2a4c844f47e7@group-682A4B85AB5F-LeaderElection28] INFO  grpc.GrpcConfigKeys (ConfUtils.java:logGet(46)) - raft.grpc.server.leader.outstanding.appends.max = 8 (default)
2024-01-14 16:59:02,795 [eb54ab2f-dc88-49fd-8d6c-2a4c844f47e7@group-682A4B85AB5F-LeaderElection28] INFO  server.RaftServerConfigKeys (ConfUtils.java:logGet(46)) - raft.server.rpc.request.timeout = 3000ms (default)
2024-01-14 16:59:02,795 [eb54ab2f-dc88-49fd-8d6c-2a4c844f47e7@group-682A4B85AB5F-LeaderElection28] INFO  grpc.GrpcConfigKeys (ConfUtils.java:logGet(46)) - raft.grpc.server.install_snapshot.request.element-limit = 8 (default)
2024-01-14 16:59:02,795 [eb54ab2f-dc88-49fd-8d6c-2a4c844f47e7@group-682A4B85AB5F-LeaderElection28] INFO  grpc.GrpcConfigKeys (ConfUtils.java:logGet(46)) - raft.grpc.server.install_snapshot.request.timeout = 3000ms (default)
2024-01-14 16:59:02,795 [eb54ab2f-dc88-49fd-8d6c-2a4c844f47e7@group-682A4B85AB5F-LeaderElection28] INFO  grpc.GrpcConfigKeys (ConfUtils.java:logGet(46)) - raft.grpc.server.log-message.batch.duration = 5s (default)
2024-01-14 16:59:02,795 [eb54ab2f-dc88-49fd-8d6c-2a4c844f47e7@group-682A4B85AB5F-LeaderElection28] INFO  server.RaftServerConfigKeys (ConfUtils.java:logGet(46)) - raft.server.log.appender.install.snapshot.enabled = false (custom)
2024-01-14 16:59:02,795 [eb54ab2f-dc88-49fd-8d6c-2a4c844f47e7@group-682A4B85AB5F-LeaderElection28] INFO  grpc.GrpcConfigKeys (ConfUtils.java:logGet(46)) - raft.grpc.server.heartbeat.channel = true (default)
2024-01-14 16:59:02,796 [eb54ab2f-dc88-49fd-8d6c-2a4c844f47e7@group-682A4B85AB5F-LeaderElection28] INFO  impl.RoleInfo (RoleInfo.java:updateAndGet(139)) - eb54ab2f-dc88-49fd-8d6c-2a4c844f47e7: start eb54ab2f-dc88-49fd-8d6c-2a4c844f47e7@group-682A4B85AB5F-LeaderStateImpl
2024-01-14 16:59:02,796 [eb54ab2f-dc88-49fd-8d6c-2a4c844f47e7@group-682A4B85AB5F-LeaderElection28] INFO  server.RaftServer$Division (RaftServerImpl.java:setFirstElection(574)) - eb54ab2f-dc88-49fd-8d6c-2a4c844f47e7@group-682A4B85AB5F: set firstElectionSinceStartup to false for becomeLeader
2024-01-14 16:59:02,796 [eb54ab2f-dc88-49fd-8d6c-2a4c844f47e7@group-682A4B85AB5F-LeaderElection28] INFO  ratis.XceiverServerRatis (XceiverServerRatis.java:handleLeaderChangedNotification(945)) - Leader change notification received for group: group-682A4B85AB5F with new leaderId: eb54ab2f-dc88-49fd-8d6c-2a4c844f47e7
2024-01-14 16:59:02,796 [eb54ab2f-dc88-49fd-8d6c-2a4c844f47e7@group-682A4B85AB5F-LeaderElection28] INFO  server.RaftServer$Division (ServerState.java:setLeader(269)) - eb54ab2f-dc88-49fd-8d6c-2a4c844f47e7@group-682A4B85AB5F: change Leader from null to eb54ab2f-dc88-49fd-8d6c-2a4c844f47e7 at term 1 for becomeLeader, leader elected after 5065ms
2024-01-14 16:59:02,796 [eb54ab2f-dc88-49fd-8d6c-2a4c844f47e7@group-682A4B85AB5F-LeaderElection28] INFO  segmented.SegmentedRaftLogWorker (SegmentedRaftLogWorker.java:startLogSegment(430)) - eb54ab2f-dc88-49fd-8d6c-2a4c844f47e7@group-682A4B85AB5F-SegmentedRaftLogWorker: Starting segment from index:0
2024-01-14 16:59:02,796 [eb54ab2f-dc88-49fd-8d6c-2a4c844f47e7@group-682A4B85AB5F-SegmentedRaftLogWorker] INFO  segmented.BufferedWriteChannel (BufferedWriteChannel.java:open(62)) - open log_inprogress_0 at position 0
2024-01-14 16:59:02,797 [EventQueue-PipelineReportForPipelineReportHandler] INFO  pipeline.PipelineReportHandler (PipelineReportHandler.java:processPipelineReport(136)) - Opened pipeline PipelineID=812cd810-4bbd-4eee-a156-682a4b85ab5f
2024-01-14 16:59:02,798 [eb54ab2f-dc88-49fd-8d6c-2a4c844f47e7@group-682A4B85AB5F-LeaderElection28] INFO  server.RaftServer$Division (ServerState.java:setRaftConf(386)) - eb54ab2f-dc88-49fd-8d6c-2a4c844f47e7@group-682A4B85AB5F: set configuration 0: peers:[fd48a60a-820f-4974-a983-c7065961ec94|10.1.0.34:15157, eb54ab2f-dc88-49fd-8d6c-2a4c844f47e7|10.1.0.34:15175, 7ded70f2-1c6f-4acc-8465-7e233baee92c|10.1.0.34:15166]|listeners:[], old=null
2024-01-14 16:59:02,809 [fd48a60a-820f-4974-a983-c7065961ec94-server-thread1] INFO  ratis.XceiverServerRatis (XceiverServerRatis.java:handleLeaderChangedNotification(945)) - Leader change notification received for group: group-682A4B85AB5F with new leaderId: eb54ab2f-dc88-49fd-8d6c-2a4c844f47e7
2024-01-14 16:59:02,809 [fd48a60a-820f-4974-a983-c7065961ec94-server-thread1] INFO  server.RaftServer$Division (ServerState.java:setLeader(269)) - fd48a60a-820f-4974-a983-c7065961ec94@group-682A4B85AB5F: change Leader from null to eb54ab2f-dc88-49fd-8d6c-2a4c844f47e7 at term 1 for appendEntries, leader elected after 5135ms
2024-01-14 16:59:02,810 [7ded70f2-1c6f-4acc-8465-7e233baee92c-server-thread2] INFO  ratis.XceiverServerRatis (XceiverServerRatis.java:handleLeaderChangedNotification(945)) - Leader change notification received for group: group-682A4B85AB5F with new leaderId: eb54ab2f-dc88-49fd-8d6c-2a4c844f47e7
2024-01-14 16:59:02,810 [7ded70f2-1c6f-4acc-8465-7e233baee92c-server-thread2] INFO  server.RaftServer$Division (ServerState.java:setLeader(269)) - 7ded70f2-1c6f-4acc-8465-7e233baee92c@group-682A4B85AB5F: change Leader from null to eb54ab2f-dc88-49fd-8d6c-2a4c844f47e7 at term 1 for appendEntries, leader elected after 5111ms
2024-01-14 16:59:02,814 [7ded70f2-1c6f-4acc-8465-7e233baee92c-server-thread2] INFO  server.RaftServer$Division (ServerState.java:setRaftConf(386)) - 7ded70f2-1c6f-4acc-8465-7e233baee92c@group-682A4B85AB5F: set configuration 0: peers:[fd48a60a-820f-4974-a983-c7065961ec94|10.1.0.34:15157, eb54ab2f-dc88-49fd-8d6c-2a4c844f47e7|10.1.0.34:15175, 7ded70f2-1c6f-4acc-8465-7e233baee92c|10.1.0.34:15166]|listeners:[], old=null
2024-01-14 16:59:02,814 [7ded70f2-1c6f-4acc-8465-7e233baee92c-server-thread2] INFO  segmented.SegmentedRaftLogWorker (SegmentedRaftLogWorker.java:startLogSegment(430)) - 7ded70f2-1c6f-4acc-8465-7e233baee92c@group-682A4B85AB5F-SegmentedRaftLogWorker: Starting segment from index:0
2024-01-14 16:59:02,822 [eb54ab2f-dc88-49fd-8d6c-2a4c844f47e7@group-682A4B85AB5F-SegmentedRaftLogWorker] INFO  segmented.SegmentedRaftLogWorker (SegmentedRaftLogWorker.java:execute(634)) - eb54ab2f-dc88-49fd-8d6c-2a4c844f47e7@group-682A4B85AB5F-SegmentedRaftLogWorker: created new log segment /home/runner/work/ozone/ozone/hadoop-ozone/integration-test/target/test-dir/MiniOzoneClusterImpl-073b5688-48cc-4907-9326-51c03fe36003/datanode-8/data/ratis/812cd810-4bbd-4eee-a156-682a4b85ab5f/current/log_inprogress_0
2024-01-14 16:59:02,822 [fd48a60a-820f-4974-a983-c7065961ec94-server-thread2] INFO  server.RaftServer$Division (ServerState.java:setRaftConf(386)) - fd48a60a-820f-4974-a983-c7065961ec94@group-682A4B85AB5F: set configuration 0: peers:[fd48a60a-820f-4974-a983-c7065961ec94|10.1.0.34:15157, eb54ab2f-dc88-49fd-8d6c-2a4c844f47e7|10.1.0.34:15175, 7ded70f2-1c6f-4acc-8465-7e233baee92c|10.1.0.34:15166]|listeners:[], old=null
2024-01-14 16:59:02,822 [fd48a60a-820f-4974-a983-c7065961ec94-server-thread2] INFO  segmented.SegmentedRaftLogWorker (SegmentedRaftLogWorker.java:startLogSegment(430)) - fd48a60a-820f-4974-a983-c7065961ec94@group-682A4B85AB5F-SegmentedRaftLogWorker: Starting segment from index:0
2024-01-14 16:59:02,823 [7ded70f2-1c6f-4acc-8465-7e233baee92c@group-682A4B85AB5F-SegmentedRaftLogWorker] INFO  segmented.BufferedWriteChannel (BufferedWriteChannel.java:open(62)) - open log_inprogress_0 at position 0
2024-01-14 16:59:02,825 [fd48a60a-820f-4974-a983-c7065961ec94@group-682A4B85AB5F-SegmentedRaftLogWorker] INFO  segmented.BufferedWriteChannel (BufferedWriteChannel.java:open(62)) - open log_inprogress_0 at position 0
2024-01-14 16:59:02,835 [fd48a60a-820f-4974-a983-c7065961ec94@group-682A4B85AB5F-SegmentedRaftLogWorker] INFO  segmented.SegmentedRaftLogWorker (SegmentedRaftLogWorker.java:execute(634)) - fd48a60a-820f-4974-a983-c7065961ec94@group-682A4B85AB5F-SegmentedRaftLogWorker: created new log segment /home/runner/work/ozone/ozone/hadoop-ozone/integration-test/target/test-dir/MiniOzoneClusterImpl-073b5688-48cc-4907-9326-51c03fe36003/datanode-6/data/ratis/812cd810-4bbd-4eee-a156-682a4b85ab5f/current/log_inprogress_0
2024-01-14 16:59:02,836 [7ded70f2-1c6f-4acc-8465-7e233baee92c@group-682A4B85AB5F-SegmentedRaftLogWorker] INFO  segmented.SegmentedRaftLogWorker (SegmentedRaftLogWorker.java:execute(634)) - 7ded70f2-1c6f-4acc-8465-7e233baee92c@group-682A4B85AB5F-SegmentedRaftLogWorker: created new log segment /home/runner/work/ozone/ozone/hadoop-ozone/integration-test/target/test-dir/MiniOzoneClusterImpl-073b5688-48cc-4907-9326-51c03fe36003/datanode-7/data/ratis/812cd810-4bbd-4eee-a156-682a4b85ab5f/current/log_inprogress_0
2024-01-14 16:59:02,839 [eb54ab2f-dc88-49fd-8d6c-2a4c844f47e7@group-682A4B85AB5F-StateMachineUpdater] INFO  server.RaftServer$Division (LeaderStateImpl.java:isApplied(320)) - leader is ready since appliedIndex == 0 >= startIndex == 0
2024-01-14 16:59:02,878 [main] INFO  ozone.MiniOzoneClusterImpl (MiniOzoneClusterImpl.java:lambda$waitForClusterToBeReady$0(229)) - Nodes are ready. Got 9 of 9 DN Heartbeats.
2024-01-14 16:59:02,878 [main] INFO  ozone.MiniOzoneClusterImpl (MiniOzoneClusterImpl.java:lambda$waitForClusterToBeReady$0(232)) - Cluster exits safe mode
2024-01-14 16:59:02,878 [main] INFO  ozone.MiniOzoneClusterImpl (MiniOzoneClusterImpl.java:lambda$waitForClusterToBeReady$0(234)) - SCM became leader
2024-01-14 16:59:02,879 [main] INFO  protocolPB.OmTransportFactory (OmTransportFactory.java:createFactory(62)) - Loading OM transport implementation org.apache.hadoop.ozone.om.protocolPB.Hadoop3OmTransportFactory as specified by configuration.
2024-01-14 16:59:02,885 [main] INFO  rpc.RpcClient (RpcClient.java:createVolume(456)) - Creating Volume: watchforcommithandlingtest, with runner as owner and space quota set to -1 bytes, counts quota set to -1
2024-01-14 16:59:02,889 [om1-OMStateMachineApplyTransactionThread - 0] INFO  volume.OMVolumeCreateRequest (OMVolumeCreateRequest.java:validateAndUpdateCache(198)) - created volume:watchforcommithandlingtest for user:runner
2024-01-14 16:59:02,894 [main] INFO  rpc.RpcClient (RpcClient.java:createBucket(683)) - Creating Bucket: watchforcommithandlingtest/watchforcommithandlingtest, with server-side default bucket layout, runner as owner, Versioning false, Storage Type set to DISK and Encryption set to false, Replication Type set to server-side default replication type, Namespace Quota set to -1, Space Quota set to -1 
2024-01-14 16:59:02,896 [om1-OMStateMachineApplyTransactionThread - 0] INFO  bucket.OMBucketCreateRequest (OMBucketCreateRequest.java:validateAndUpdateCache(296)) - created bucket: watchforcommithandlingtest of layout FILE_SYSTEM_OPTIMIZED in volume: watchforcommithandlingtest
2024-01-14 16:59:02,898 [eb54ab2f-dc88-49fd-8d6c-2a4c844f47e7@group-088A53F56DEF-FollowerState] INFO  impl.FollowerState (FollowerState.java:run(143)) - eb54ab2f-dc88-49fd-8d6c-2a4c844f47e7@group-088A53F56DEF-FollowerState: change to CANDIDATE, lastRpcElapsedTime:5002490470ns, electionTimeout:5001ms
2024-01-14 16:59:02,898 [eb54ab2f-dc88-49fd-8d6c-2a4c844f47e7@group-088A53F56DEF-FollowerState] INFO  impl.RoleInfo (RoleInfo.java:shutdownFollowerState(110)) - eb54ab2f-dc88-49fd-8d6c-2a4c844f47e7: shutdown eb54ab2f-dc88-49fd-8d6c-2a4c844f47e7@group-088A53F56DEF-FollowerState
2024-01-14 16:59:02,898 [eb54ab2f-dc88-49fd-8d6c-2a4c844f47e7@group-088A53F56DEF-FollowerState] INFO  server.RaftServer$Division (RaftServerImpl.java:setRole(383)) - eb54ab2f-dc88-49fd-8d6c-2a4c844f47e7@group-088A53F56DEF: changes role from  FOLLOWER to CANDIDATE at term 0 for changeToCandidate
2024-01-14 16:59:02,900 [eb54ab2f-dc88-49fd-8d6c-2a4c844f47e7@group-088A53F56DEF-FollowerState] INFO  server.RaftServerConfigKeys (ConfUtils.java:logGet(46)) - raft.server.leaderelection.pre-vote = true (default)
2024-01-14 16:59:02,900 [eb54ab2f-dc88-49fd-8d6c-2a4c844f47e7@group-088A53F56DEF-FollowerState] INFO  impl.RoleInfo (RoleInfo.java:updateAndGet(139)) - eb54ab2f-dc88-49fd-8d6c-2a4c844f47e7: start eb54ab2f-dc88-49fd-8d6c-2a4c844f47e7@group-088A53F56DEF-LeaderElection29
2024-01-14 16:59:02,901 [eb54ab2f-dc88-49fd-8d6c-2a4c844f47e7@group-088A53F56DEF-LeaderElection29] INFO  impl.LeaderElection (LeaderElection.java:askForVotes(321)) - eb54ab2f-dc88-49fd-8d6c-2a4c844f47e7@group-088A53F56DEF-LeaderElection29 PRE_VOTE round 0: submit vote requests at term 0 for -1: peers:[eb54ab2f-dc88-49fd-8d6c-2a4c844f47e7|10.1.0.34:15175]|listeners:[], old=null
2024-01-14 16:59:02,901 [eb54ab2f-dc88-49fd-8d6c-2a4c844f47e7@group-088A53F56DEF-LeaderElection29] INFO  impl.LeaderElection (LeaderElection.java:askForVotes(323)) - eb54ab2f-dc88-49fd-8d6c-2a4c844f47e7@group-088A53F56DEF-LeaderElection29 PRE_VOTE round 0: result PASSED (term=0)
2024-01-14 16:59:02,902 [eb54ab2f-dc88-49fd-8d6c-2a4c844f47e7@group-088A53F56DEF-LeaderElection29] INFO  impl.LeaderElection (LeaderElection.java:askForVotes(321)) - eb54ab2f-dc88-49fd-8d6c-2a4c844f47e7@group-088A53F56DEF-LeaderElection29 ELECTION round 0: submit vote requests at term 1 for -1: peers:[eb54ab2f-dc88-49fd-8d6c-2a4c844f47e7|10.1.0.34:15175]|listeners:[], old=null
2024-01-14 16:59:02,902 [eb54ab2f-dc88-49fd-8d6c-2a4c844f47e7@group-088A53F56DEF-LeaderElection29] INFO  impl.LeaderElection (LeaderElection.java:askForVotes(323)) - eb54ab2f-dc88-49fd-8d6c-2a4c844f47e7@group-088A53F56DEF-LeaderElection29 ELECTION round 0: result PASSED (term=1)
2024-01-14 16:59:02,902 [eb54ab2f-dc88-49fd-8d6c-2a4c844f47e7@group-088A53F56DEF-LeaderElection29] INFO  impl.RoleInfo (RoleInfo.java:shutdownLeaderElection(130)) - eb54ab2f-dc88-49fd-8d6c-2a4c844f47e7: shutdown eb54ab2f-dc88-49fd-8d6c-2a4c844f47e7@group-088A53F56DEF-LeaderElection29
2024-01-14 16:59:02,902 [eb54ab2f-dc88-49fd-8d6c-2a4c844f47e7@group-088A53F56DEF-LeaderElection29] INFO  server.RaftServer$Division (RaftServerImpl.java:setRole(383)) - eb54ab2f-dc88-49fd-8d6c-2a4c844f47e7@group-088A53F56DEF: changes role from CANDIDATE to LEADER at term 1 for changeToLeader
2024-01-14 16:59:02,902 [eb54ab2f-dc88-49fd-8d6c-2a4c844f47e7@group-088A53F56DEF-LeaderElection29] INFO  server.RaftServerConfigKeys (ConfUtils.java:logGet(46)) - raft.server.staging.catchup.gap = 1000 (default)
2024-01-14 16:59:02,903 [eb54ab2f-dc88-49fd-8d6c-2a4c844f47e7@group-088A53F56DEF-LeaderElection29] INFO  server.RaftServerConfigKeys (ConfUtils.java:logGet(46)) - raft.server.write.element-limit = 1024 (custom)
2024-01-14 16:59:02,903 [eb54ab2f-dc88-49fd-8d6c-2a4c844f47e7@group-088A53F56DEF-LeaderElection29] INFO  server.RaftServerConfigKeys (ConfUtils.java:logGet(46)) - raft.server.write.byte-limit = 1024 M (=1073741824) (custom)
2024-01-14 16:59:02,903 [eb54ab2f-dc88-49fd-8d6c-2a4c844f47e7@group-088A53F56DEF-LeaderElection29] INFO  server.RaftServerConfigKeys (ConfUtils.java:logGet(46)) - raft.server.watch.timeout = 3000ms (custom)
2024-01-14 16:59:02,903 [eb54ab2f-dc88-49fd-8d6c-2a4c844f47e7@group-088A53F56DEF-LeaderElection29] INFO  server.RaftServerConfigKeys (ConfUtils.java:logGet(46)) - raft.server.watch.timeout.denomination = 1s (default)
2024-01-14 16:59:02,903 [eb54ab2f-dc88-49fd-8d6c-2a4c844f47e7@group-088A53F56DEF-LeaderElection29] INFO  server.RaftServerConfigKeys (ConfUtils.java:logGet(46)) - raft.server.watch.element-limit = 65536 (default)
2024-01-14 16:59:02,903 [eb54ab2f-dc88-49fd-8d6c-2a4c844f47e7@group-088A53F56DEF-LeaderElection29] INFO  server.RaftServerConfigKeys (ConfUtils.java:logGet(46)) - raft.server.read.leader.lease.enabled = false (default)
2024-01-14 16:59:02,903 [eb54ab2f-dc88-49fd-8d6c-2a4c844f47e7@group-088A53F56DEF-LeaderElection29] INFO  server.RaftServerConfigKeys (ConfUtils.java:logGet(46)) - raft.server.read.leader.lease.timeout.ratio = 0.9 (default)
2024-01-14 16:59:02,903 [eb54ab2f-dc88-49fd-8d6c-2a4c844f47e7@group-088A53F56DEF-LeaderElection29] INFO  server.RaftServerConfigKeys (ConfUtils.java:logGet(46)) - raft.server.rpc.timeout.min = 5s (custom)
2024-01-14 16:59:02,903 [eb54ab2f-dc88-49fd-8d6c-2a4c844f47e7@group-088A53F56DEF-LeaderElection29] INFO  server.RaftServerConfigKeys (ConfUtils.java:logGet(46)) - raft.server.write.element-limit = 1024 (custom)
2024-01-14 16:59:02,903 [eb54ab2f-dc88-49fd-8d6c-2a4c844f47e7@group-088A53F56DEF-LeaderElection29] INFO  server.RaftServerConfigKeys (ConfUtils.java:logGet(46)) - raft.server.write.follower.gap.ratio.max = -1.0 (default)
2024-01-14 16:59:02,903 [eb54ab2f-dc88-49fd-8d6c-2a4c844f47e7@group-088A53F56DEF-LeaderElection29] INFO  impl.RoleInfo (RoleInfo.java:updateAndGet(139)) - eb54ab2f-dc88-49fd-8d6c-2a4c844f47e7: start eb54ab2f-dc88-49fd-8d6c-2a4c844f47e7@group-088A53F56DEF-LeaderStateImpl
2024-01-14 16:59:02,903 [eb54ab2f-dc88-49fd-8d6c-2a4c844f47e7@group-088A53F56DEF-LeaderElection29] INFO  server.RaftServer$Division (RaftServerImpl.java:setFirstElection(574)) - eb54ab2f-dc88-49fd-8d6c-2a4c844f47e7@group-088A53F56DEF: set firstElectionSinceStartup to false for becomeLeader
2024-01-14 16:59:02,903 [eb54ab2f-dc88-49fd-8d6c-2a4c844f47e7@group-088A53F56DEF-LeaderElection29] INFO  ratis.XceiverServerRatis (XceiverServerRatis.java:handleLeaderChangedNotification(945)) - Leader change notification received for group: group-088A53F56DEF with new leaderId: eb54ab2f-dc88-49fd-8d6c-2a4c844f47e7
2024-01-14 16:59:02,904 [eb54ab2f-dc88-49fd-8d6c-2a4c844f47e7@group-088A53F56DEF-LeaderElection29] INFO  server.RaftServer$Division (ServerState.java:setLeader(269)) - eb54ab2f-dc88-49fd-8d6c-2a4c844f47e7@group-088A53F56DEF: change Leader from null to eb54ab2f-dc88-49fd-8d6c-2a4c844f47e7 at term 1 for becomeLeader, leader elected after 5022ms
2024-01-14 16:59:02,904 [eb54ab2f-dc88-49fd-8d6c-2a4c844f47e7@group-088A53F56DEF-LeaderElection29] INFO  segmented.SegmentedRaftLogWorker (SegmentedRaftLogWorker.java:startLogSegment(430)) - eb54ab2f-dc88-49fd-8d6c-2a4c844f47e7@group-088A53F56DEF-SegmentedRaftLogWorker: Starting segment from index:0
2024-01-14 16:59:02,905 [eb54ab2f-dc88-49fd-8d6c-2a4c844f47e7@group-088A53F56DEF-LeaderElection29] INFO  server.RaftServer$Division (ServerState.java:setRaftConf(386)) - eb54ab2f-dc88-49fd-8d6c-2a4c844f47e7@group-088A53F56DEF: set configuration 0: peers:[eb54ab2f-dc88-49fd-8d6c-2a4c844f47e7|10.1.0.34:15175]|listeners:[], old=null
2024-01-14 16:59:02,905 [eb54ab2f-dc88-49fd-8d6c-2a4c844f47e7@group-088A53F56DEF-SegmentedRaftLogWorker] INFO  segmented.BufferedWriteChannel (BufferedWriteChannel.java:open(62)) - open log_inprogress_0 at position 0
2024-01-14 16:59:02,913 [IPC Server handler 0 on default port 15089] INFO  ha.SequenceIdGenerator (SequenceIdGenerator.java:getNextId(145)) - Allocate a batch for containerId, change lastId from 0 to 1000.
2024-01-14 16:59:02,915 [7ded70f2-1c6f-4acc-8465-7e233baee92c@group-B6DE5DCCFDEA-FollowerState] INFO  impl.FollowerState (FollowerState.java:run(143)) - 7ded70f2-1c6f-4acc-8465-7e233baee92c@group-B6DE5DCCFDEA-FollowerState: change to CANDIDATE, lastRpcElapsedTime:5131092272ns, electionTimeout:5121ms
2024-01-14 16:59:02,916 [7ded70f2-1c6f-4acc-8465-7e233baee92c@group-B6DE5DCCFDEA-FollowerState] INFO  impl.RoleInfo (RoleInfo.java:shutdownFollowerState(110)) - 7ded70f2-1c6f-4acc-8465-7e233baee92c: shutdown 7ded70f2-1c6f-4acc-8465-7e233baee92c@group-B6DE5DCCFDEA-FollowerState
2024-01-14 16:59:02,916 [7ded70f2-1c6f-4acc-8465-7e233baee92c@group-B6DE5DCCFDEA-FollowerState] INFO  server.RaftServer$Division (RaftServerImpl.java:setRole(383)) - 7ded70f2-1c6f-4acc-8465-7e233baee92c@group-B6DE5DCCFDEA: changes role from  FOLLOWER to CANDIDATE at term 0 for changeToCandidate
2024-01-14 16:59:02,916 [7ded70f2-1c6f-4acc-8465-7e233baee92c@group-B6DE5DCCFDEA-FollowerState] INFO  server.RaftServerConfigKeys (ConfUtils.java:logGet(46)) - raft.server.leaderelection.pre-vote = true (default)
2024-01-14 16:59:02,916 [7ded70f2-1c6f-4acc-8465-7e233baee92c@group-B6DE5DCCFDEA-FollowerState] INFO  impl.RoleInfo (RoleInfo.java:updateAndGet(139)) - 7ded70f2-1c6f-4acc-8465-7e233baee92c: start 7ded70f2-1c6f-4acc-8465-7e233baee92c@group-B6DE5DCCFDEA-LeaderElection30
2024-01-14 16:59:02,917 [7ded70f2-1c6f-4acc-8465-7e233baee92c@group-B6DE5DCCFDEA-LeaderElection30] INFO  impl.LeaderElection (LeaderElection.java:askForVotes(321)) - 7ded70f2-1c6f-4acc-8465-7e233baee92c@group-B6DE5DCCFDEA-LeaderElection30 PRE_VOTE round 0: submit vote requests at term 0 for -1: peers:[7ded70f2-1c6f-4acc-8465-7e233baee92c|10.1.0.34:15166]|listeners:[], old=null
2024-01-14 16:59:02,917 [7ded70f2-1c6f-4acc-8465-7e233baee92c@group-B6DE5DCCFDEA-LeaderElection30] INFO  impl.LeaderElection (LeaderElection.java:askForVotes(323)) - 7ded70f2-1c6f-4acc-8465-7e233baee92c@group-B6DE5DCCFDEA-LeaderElection30 PRE_VOTE round 0: result PASSED (term=0)
2024-01-14 16:59:02,921 [eb54ab2f-dc88-49fd-8d6c-2a4c844f47e7@group-088A53F56DEF-SegmentedRaftLogWorker] INFO  segmented.SegmentedRaftLogWorker (SegmentedRaftLogWorker.java:execute(634)) - eb54ab2f-dc88-49fd-8d6c-2a4c844f47e7@group-088A53F56DEF-SegmentedRaftLogWorker: created new log segment /home/runner/work/ozone/ozone/hadoop-ozone/integration-test/target/test-dir/MiniOzoneClusterImpl-073b5688-48cc-4907-9326-51c03fe36003/datanode-8/data/ratis/14a65da0-720b-4770-87e5-088a53f56def/current/log_inprogress_0
2024-01-14 16:59:02,922 [7ded70f2-1c6f-4acc-8465-7e233baee92c@group-B6DE5DCCFDEA-LeaderElection30] INFO  impl.LeaderElection (LeaderElection.java:askForVotes(321)) - 7ded70f2-1c6f-4acc-8465-7e233baee92c@group-B6DE5DCCFDEA-LeaderElection30 ELECTION round 0: submit vote requests at term 1 for -1: peers:[7ded70f2-1c6f-4acc-8465-7e233baee92c|10.1.0.34:15166]|listeners:[], old=null
2024-01-14 16:59:02,922 [7ded70f2-1c6f-4acc-8465-7e233baee92c@group-B6DE5DCCFDEA-LeaderElection30] INFO  impl.LeaderElection (LeaderElection.java:askForVotes(323)) - 7ded70f2-1c6f-4acc-8465-7e233baee92c@group-B6DE5DCCFDEA-LeaderElection30 ELECTION round 0: result PASSED (term=1)
2024-01-14 16:59:02,922 [7ded70f2-1c6f-4acc-8465-7e233baee92c@group-B6DE5DCCFDEA-LeaderElection30] INFO  impl.RoleInfo (RoleInfo.java:shutdownLeaderElection(130)) - 7ded70f2-1c6f-4acc-8465-7e233baee92c: shutdown 7ded70f2-1c6f-4acc-8465-7e233baee92c@group-B6DE5DCCFDEA-LeaderElection30
2024-01-14 16:59:02,922 [7ded70f2-1c6f-4acc-8465-7e233baee92c@group-B6DE5DCCFDEA-LeaderElection30] INFO  server.RaftServer$Division (RaftServerImpl.java:setRole(383)) - 7ded70f2-1c6f-4acc-8465-7e233baee92c@group-B6DE5DCCFDEA: changes role from CANDIDATE to LEADER at term 1 for changeToLeader
2024-01-14 16:59:02,922 [7ded70f2-1c6f-4acc-8465-7e233baee92c@group-B6DE5DCCFDEA-LeaderElection30] INFO  server.RaftServerConfigKeys (ConfUtils.java:logGet(46)) - raft.server.staging.catchup.gap = 1000 (default)
2024-01-14 16:59:02,922 [7ded70f2-1c6f-4acc-8465-7e233baee92c@group-B6DE5DCCFDEA-LeaderElection30] INFO  server.RaftServerConfigKeys (ConfUtils.java:logGet(46)) - raft.server.write.element-limit = 1024 (custom)
2024-01-14 16:59:02,922 [7ded70f2-1c6f-4acc-8465-7e233baee92c@group-B6DE5DCCFDEA-LeaderElection30] INFO  server.RaftServerConfigKeys (ConfUtils.java:logGet(46)) - raft.server.write.byte-limit = 1024 M (=1073741824) (custom)
2024-01-14 16:59:02,922 [7ded70f2-1c6f-4acc-8465-7e233baee92c@group-B6DE5DCCFDEA-LeaderElection30] INFO  server.RaftServerConfigKeys (ConfUtils.java:logGet(46)) - raft.server.watch.timeout = 3000ms (custom)
2024-01-14 16:59:02,923 [7ded70f2-1c6f-4acc-8465-7e233baee92c@group-B6DE5DCCFDEA-LeaderElection30] INFO  server.RaftServerConfigKeys (ConfUtils.java:logGet(46)) - raft.server.watch.timeout.denomination = 1s (default)
2024-01-14 16:59:02,923 [7ded70f2-1c6f-4acc-8465-7e233baee92c@group-B6DE5DCCFDEA-LeaderElection30] INFO  server.RaftServerConfigKeys (ConfUtils.java:logGet(46)) - raft.server.watch.element-limit = 65536 (default)
2024-01-14 16:59:02,923 [7ded70f2-1c6f-4acc-8465-7e233baee92c@group-B6DE5DCCFDEA-LeaderElection30] INFO  server.RaftServerConfigKeys (ConfUtils.java:logGet(46)) - raft.server.read.leader.lease.enabled = false (default)
2024-01-14 16:59:02,923 [7ded70f2-1c6f-4acc-8465-7e233baee92c@group-B6DE5DCCFDEA-LeaderElection30] INFO  server.RaftServerConfigKeys (ConfUtils.java:logGet(46)) - raft.server.read.leader.lease.timeout.ratio = 0.9 (default)
2024-01-14 16:59:02,923 [7ded70f2-1c6f-4acc-8465-7e233baee92c@group-B6DE5DCCFDEA-LeaderElection30] INFO  server.RaftServerConfigKeys (ConfUtils.java:logGet(46)) - raft.server.rpc.timeout.min = 5s (custom)
2024-01-14 16:59:02,923 [7ded70f2-1c6f-4acc-8465-7e233baee92c@group-B6DE5DCCFDEA-LeaderElection30] INFO  server.RaftServerConfigKeys (ConfUtils.java:logGet(46)) - raft.server.write.element-limit = 1024 (custom)
2024-01-14 16:59:02,923 [7ded70f2-1c6f-4acc-8465-7e233baee92c@group-B6DE5DCCFDEA-LeaderElection30] INFO  server.RaftServerConfigKeys (ConfUtils.java:logGet(46)) - raft.server.write.follower.gap.ratio.max = -1.0 (default)
2024-01-14 16:59:02,923 [7ded70f2-1c6f-4acc-8465-7e233baee92c@group-B6DE5DCCFDEA-LeaderElection30] INFO  impl.RoleInfo (RoleInfo.java:updateAndGet(139)) - 7ded70f2-1c6f-4acc-8465-7e233baee92c: start 7ded70f2-1c6f-4acc-8465-7e233baee92c@group-B6DE5DCCFDEA-LeaderStateImpl
2024-01-14 16:59:02,923 [7ded70f2-1c6f-4acc-8465-7e233baee92c@group-B6DE5DCCFDEA-LeaderElection30] INFO  server.RaftServer$Division (RaftServerImpl.java:setFirstElection(574)) - 7ded70f2-1c6f-4acc-8465-7e233baee92c@group-B6DE5DCCFDEA: set firstElectionSinceStartup to false for becomeLeader
2024-01-14 16:59:02,923 [7ded70f2-1c6f-4acc-8465-7e233baee92c@group-B6DE5DCCFDEA-LeaderElection30] INFO  ratis.XceiverServerRatis (XceiverServerRatis.java:handleLeaderChangedNotification(945)) - Leader change notification received for group: group-B6DE5DCCFDEA with new leaderId: 7ded70f2-1c6f-4acc-8465-7e233baee92c
2024-01-14 16:59:02,923 [7ded70f2-1c6f-4acc-8465-7e233baee92c@group-B6DE5DCCFDEA-LeaderElection30] INFO  server.RaftServer$Division (ServerState.java:setLeader(269)) - 7ded70f2-1c6f-4acc-8465-7e233baee92c@group-B6DE5DCCFDEA: change Leader from null to 7ded70f2-1c6f-4acc-8465-7e233baee92c at term 1 for becomeLeader, leader elected after 5152ms
2024-01-14 16:59:02,923 [7ded70f2-1c6f-4acc-8465-7e233baee92c@group-B6DE5DCCFDEA-LeaderElection30] INFO  segmented.SegmentedRaftLogWorker (SegmentedRaftLogWorker.java:startLogSegment(430)) - 7ded70f2-1c6f-4acc-8465-7e233baee92c@group-B6DE5DCCFDEA-SegmentedRaftLogWorker: Starting segment from index:0
2024-01-14 16:59:02,923 [eb54ab2f-dc88-49fd-8d6c-2a4c844f47e7@group-088A53F56DEF-StateMachineUpdater] INFO  server.RaftServer$Division (LeaderStateImpl.java:isApplied(320)) - leader is ready since appliedIndex == 0 >= startIndex == 0
2024-01-14 16:59:02,924 [7ded70f2-1c6f-4acc-8465-7e233baee92c@group-B6DE5DCCFDEA-SegmentedRaftLogWorker] INFO  segmented.BufferedWriteChannel (BufferedWriteChannel.java:open(62)) - open log_inprogress_0 at position 0
2024-01-14 16:59:02,930 [7ded70f2-1c6f-4acc-8465-7e233baee92c@group-B6DE5DCCFDEA-LeaderElection30] INFO  server.RaftServer$Division (ServerState.java:setRaftConf(386)) - 7ded70f2-1c6f-4acc-8465-7e233baee92c@group-B6DE5DCCFDEA: set configuration 0: peers:[7ded70f2-1c6f-4acc-8465-7e233baee92c|10.1.0.34:15166]|listeners:[], old=null
2024-01-14 16:59:02,933 [7ded70f2-1c6f-4acc-8465-7e233baee92c@group-B6DE5DCCFDEA-SegmentedRaftLogWorker] INFO  segmented.SegmentedRaftLogWorker (SegmentedRaftLogWorker.java:execute(634)) - 7ded70f2-1c6f-4acc-8465-7e233baee92c@group-B6DE5DCCFDEA-SegmentedRaftLogWorker: created new log segment /home/runner/work/ozone/ozone/hadoop-ozone/integration-test/target/test-dir/MiniOzoneClusterImpl-073b5688-48cc-4907-9326-51c03fe36003/datanode-7/data/ratis/685d2a46-a537-498a-b42d-b6de5dccfdea/current/log_inprogress_0
2024-01-14 16:59:02,951 [7ded70f2-1c6f-4acc-8465-7e233baee92c@group-B6DE5DCCFDEA-StateMachineUpdater] INFO  server.RaftServer$Division (LeaderStateImpl.java:isApplied(320)) - leader is ready since appliedIndex == 0 >= startIndex == 0
2024-01-14 16:59:02,956 [main] INFO  ozoneimpl.OzoneContainer (OzoneContainer.java:stop(479)) - Attempting to stop container services.
2024-01-14 16:59:02,957 [main] INFO  server.RaftServer (RaftServerProxy.java:lambda$close$9(416)) - 08a076d1-72dd-4720-8252-a175f3c6a2d5: close
2024-01-14 16:59:02,958 [08a076d1-72dd-4720-8252-a175f3c6a2d5-impl-thread1] INFO  server.RaftServer$Division (RaftServerImpl.java:lambda$close$3(526)) - 08a076d1-72dd-4720-8252-a175f3c6a2d5@group-EADE2434D615: shutdown
2024-01-14 16:59:02,958 [08a076d1-72dd-4720-8252-a175f3c6a2d5-impl-thread1] INFO  util.JmxRegister (JmxRegister.java:unregister(73)) - Successfully un-registered JMX Bean with object name Ratis:service=RaftServer,group=group-EADE2434D615,id=08a076d1-72dd-4720-8252-a175f3c6a2d5
2024-01-14 16:59:02,958 [08a076d1-72dd-4720-8252-a175f3c6a2d5-impl-thread1] INFO  impl.RoleInfo (RoleInfo.java:shutdownLeaderState(94)) - 08a076d1-72dd-4720-8252-a175f3c6a2d5: shutdown 08a076d1-72dd-4720-8252-a175f3c6a2d5@group-EADE2434D615-LeaderStateImpl
2024-01-14 16:59:02,958 [08a076d1-72dd-4720-8252-a175f3c6a2d5-impl-thread1] INFO  impl.PendingRequests (PendingRequests.java:sendNotLeaderResponses(289)) - 08a076d1-72dd-4720-8252-a175f3c6a2d5@group-EADE2434D615-PendingRequests: sendNotLeaderResponses
2024-01-14 16:59:02,959 [main] INFO  server.GrpcService (GrpcService.java:closeImpl(311)) - 08a076d1-72dd-4720-8252-a175f3c6a2d5: shutdown server org.apache.ratis.grpc.server.GrpcClientProtocolService now
2024-01-14 16:59:02,959 [08a076d1-72dd-4720-8252-a175f3c6a2d5-impl-thread1] INFO  impl.StateMachineUpdater (StateMachineUpdater.java:stopAndJoin(157)) - 08a076d1-72dd-4720-8252-a175f3c6a2d5@group-EADE2434D615-StateMachineUpdater: set stopIndex = 0
2024-01-14 16:59:02,959 [08a076d1-72dd-4720-8252-a175f3c6a2d5@group-EADE2434D615-StateMachineUpdater] INFO  ratis.ContainerStateMachine (ContainerStateMachine.java:takeSnapshot(355)) - group-EADE2434D615: Taking a snapshot at:(t:1, i:0) file /home/runner/work/ozone/ozone/hadoop-ozone/integration-test/target/test-dir/MiniOzoneClusterImpl-073b5688-48cc-4907-9326-51c03fe36003/datanode-3/data/ratis/40ee12dd-8566-4899-83d2-eade2434d615/sm/snapshot.1_0
2024-01-14 16:59:02,959 [08a076d1-72dd-4720-8252-a175f3c6a2d5@group-EADE2434D615-StateMachineUpdater] INFO  ratis.ContainerStateMachine (ContainerStateMachine.java:takeSnapshot(366)) - group-EADE2434D615: Finished taking a snapshot at:(t:1, i:0) file:/home/runner/work/ozone/ozone/hadoop-ozone/integration-test/target/test-dir/MiniOzoneClusterImpl-073b5688-48cc-4907-9326-51c03fe36003/datanode-3/data/ratis/40ee12dd-8566-4899-83d2-eade2434d615/sm/snapshot.1_0 took: 1 ms
2024-01-14 16:59:02,959 [08a076d1-72dd-4720-8252-a175f3c6a2d5-impl-thread2] INFO  server.RaftServer$Division (RaftServerImpl.java:lambda$close$3(526)) - 08a076d1-72dd-4720-8252-a175f3c6a2d5@group-4B3347192B2F: shutdown
2024-01-14 16:59:02,959 [08a076d1-72dd-4720-8252-a175f3c6a2d5@group-EADE2434D615-StateMachineUpdater] INFO  impl.StateMachineUpdater (StateMachineUpdater.java:takeSnapshot(295)) - 08a076d1-72dd-4720-8252-a175f3c6a2d5@group-EADE2434D615-StateMachineUpdater: Took a snapshot at index 0
2024-01-14 16:59:02,960 [08a076d1-72dd-4720-8252-a175f3c6a2d5@group-EADE2434D615-StateMachineUpdater] INFO  impl.StateMachineUpdater (StateMachineUpdater.java:lambda$new$0(98)) - 08a076d1-72dd-4720-8252-a175f3c6a2d5@group-EADE2434D615-StateMachineUpdater: snapshotIndex: updateIncreasingly -1 -> 0
2024-01-14 16:59:02,960 [08a076d1-72dd-4720-8252-a175f3c6a2d5-impl-thread1] INFO  server.RaftServer$Division (ServerState.java:close(427)) - 08a076d1-72dd-4720-8252-a175f3c6a2d5@group-EADE2434D615: applyIndex: 0
2024-01-14 16:59:02,960 [08a076d1-72dd-4720-8252-a175f3c6a2d5-impl-thread2] INFO  util.JmxRegister (JmxRegister.java:unregister(73)) - Successfully un-registered JMX Bean with object name Ratis:service=RaftServer,group=group-4B3347192B2F,id=08a076d1-72dd-4720-8252-a175f3c6a2d5
2024-01-14 16:59:02,960 [08a076d1-72dd-4720-8252-a175f3c6a2d5-impl-thread2] INFO  impl.RoleInfo (RoleInfo.java:shutdownFollowerState(110)) - 08a076d1-72dd-4720-8252-a175f3c6a2d5: shutdown 08a076d1-72dd-4720-8252-a175f3c6a2d5@group-4B3347192B2F-FollowerState
2024-01-14 16:59:02,962 [08a076d1-72dd-4720-8252-a175f3c6a2d5@group-EADE2434D615-cacheEviction-AwaitToRun] INFO  util.AwaitToRun (AwaitToRun.java:run(49)) - 08a076d1-72dd-4720-8252-a175f3c6a2d5@group-EADE2434D615-cacheEviction-AwaitToRun-AwaitForSignal is interrupted
2024-01-14 16:59:02,962 [08a076d1-72dd-4720-8252-a175f3c6a2d5@group-4B3347192B2F-FollowerState] INFO  impl.FollowerState (FollowerState.java:run(152)) - 08a076d1-72dd-4720-8252-a175f3c6a2d5@group-4B3347192B2F-FollowerState was interrupted
2024-01-14 16:59:02,965 [main] INFO  server.GrpcService (GrpcService.java:closeImpl(320)) - 08a076d1-72dd-4720-8252-a175f3c6a2d5: shutdown server org.apache.ratis.grpc.server.GrpcClientProtocolService successfully
2024-01-14 16:59:02,966 [main] INFO  server.GrpcService (GrpcService.java:closeImpl(311)) - 08a076d1-72dd-4720-8252-a175f3c6a2d5: shutdown server GrpcServerProtocolService now
2024-01-14 16:59:02,966 [08a076d1-72dd-4720-8252-a175f3c6a2d5@group-4B3347192B2F-StateMachineUpdater] INFO  ratis.ContainerStateMachine (ContainerStateMachine.java:takeSnapshot(355)) - group-4B3347192B2F: Taking a snapshot at:(t:1, i:0) file /home/runner/work/ozone/ozone/hadoop-ozone/integration-test/target/test-dir/MiniOzoneClusterImpl-073b5688-48cc-4907-9326-51c03fe36003/datanode-3/data/ratis/03eabdb3-c99d-40d8-9485-4b3347192b2f/sm/snapshot.1_0
2024-01-14 16:59:02,966 [08a076d1-72dd-4720-8252-a175f3c6a2d5-impl-thread2] INFO  impl.StateMachineUpdater (StateMachineUpdater.java:stopAndJoin(157)) - 08a076d1-72dd-4720-8252-a175f3c6a2d5@group-4B3347192B2F-StateMachineUpdater: set stopIndex = 1
2024-01-14 16:59:02,967 [grpc-default-executor-3] WARN  server.GrpcLogAppender (LogUtils.java:warn(121)) - 0ab92cad-ec19-4fa3-a733-30f9108b825a@group-4B3347192B2F->08a076d1-72dd-4720-8252-a175f3c6a2d5-AppendLogResponseHandler: Failed appendEntries: org.apache.ratis.thirdparty.io.grpc.StatusRuntimeException: CANCELLED: RST_STREAM closed stream. HTTP/2 error code: CANCEL
2024-01-14 16:59:02,967 [grpc-default-executor-6] WARN  server.GrpcServerProtocolService (LogUtils.java:warn(121)) - 08a076d1-72dd-4720-8252-a175f3c6a2d5: APPEND_ENTRIES onError, lastRequest: 0ab92cad-ec19-4fa3-a733-30f9108b825a->08a076d1-72dd-4720-8252-a175f3c6a2d5#5-t1,previous=(t:1, i:1),leaderCommit=1,initializing? false,entries: size=1, first=(t:1, i:2), METADATAENTRY(c:1): org.apache.ratis.thirdparty.io.grpc.StatusRuntimeException: CANCELLED: client cancelled
2024-01-14 16:59:02,967 [grpc-default-executor-3] WARN  server.GrpcLogAppender (GrpcLogAppender.java:lambda$resetClient$1(217)) - 0ab92cad-ec19-4fa3-a733-30f9108b825a@group-4B3347192B2F->08a076d1-72dd-4720-8252-a175f3c6a2d5-GrpcLogAppender: Follower failed (request=null, errorCount=1); keep nextIndex (3) unchanged and retry.
2024-01-14 16:59:02,967 [grpc-default-executor-5] WARN  server.GrpcServerProtocolService (LogUtils.java:warn(121)) - 08a076d1-72dd-4720-8252-a175f3c6a2d5: APPEND_ENTRIES onError, lastRequest: null: org.apache.ratis.thirdparty.io.grpc.StatusRuntimeException: CANCELLED: client cancelled
2024-01-14 16:59:02,967 [main] INFO  server.GrpcService (GrpcService.java:closeImpl(320)) - 08a076d1-72dd-4720-8252-a175f3c6a2d5: shutdown server GrpcServerProtocolService successfully
2024-01-14 16:59:02,968 [main] INFO  server.GrpcService (GrpcService.java:closeImpl(311)) - 08a076d1-72dd-4720-8252-a175f3c6a2d5: shutdown server org.apache.ratis.grpc.server.GrpcAdminProtocolService now
2024-01-14 16:59:02,967 [08a076d1-72dd-4720-8252-a175f3c6a2d5@group-4B3347192B2F-StateMachineUpdater] INFO  ratis.ContainerStateMachine (ContainerStateMachine.java:takeSnapshot(366)) - group-4B3347192B2F: Finished taking a snapshot at:(t:1, i:0) file:/home/runner/work/ozone/ozone/hadoop-ozone/integration-test/target/test-dir/MiniOzoneClusterImpl-073b5688-48cc-4907-9326-51c03fe36003/datanode-3/data/ratis/03eabdb3-c99d-40d8-9485-4b3347192b2f/sm/snapshot.1_0 took: 2 ms
2024-01-14 16:59:02,968 [08a076d1-72dd-4720-8252-a175f3c6a2d5@group-4B3347192B2F-StateMachineUpdater] INFO  impl.StateMachineUpdater (StateMachineUpdater.java:takeSnapshot(295)) - 08a076d1-72dd-4720-8252-a175f3c6a2d5@group-4B3347192B2F-StateMachineUpdater: Took a snapshot at index 0
2024-01-14 16:59:02,968 [08a076d1-72dd-4720-8252-a175f3c6a2d5@group-4B3347192B2F-StateMachineUpdater] INFO  impl.StateMachineUpdater (StateMachineUpdater.java:lambda$new$0(98)) - 08a076d1-72dd-4720-8252-a175f3c6a2d5@group-4B3347192B2F-StateMachineUpdater: snapshotIndex: updateIncreasingly -1 -> 0
2024-01-14 16:59:02,968 [08a076d1-72dd-4720-8252-a175f3c6a2d5@group-4B3347192B2F-StateMachineUpdater] INFO  ratis.ContainerStateMachine (ContainerStateMachine.java:takeSnapshot(355)) - group-4B3347192B2F: Taking a snapshot at:(t:1, i:1) file /home/runner/work/ozone/ozone/hadoop-ozone/integration-test/target/test-dir/MiniOzoneClusterImpl-073b5688-48cc-4907-9326-51c03fe36003/datanode-3/data/ratis/03eabdb3-c99d-40d8-9485-4b3347192b2f/sm/snapshot.1_1
2024-01-14 16:59:02,969 [main] INFO  server.GrpcService (GrpcService.java:closeImpl(320)) - 08a076d1-72dd-4720-8252-a175f3c6a2d5: shutdown server org.apache.ratis.grpc.server.GrpcAdminProtocolService successfully
2024-01-14 16:59:02,969 [08a076d1-72dd-4720-8252-a175f3c6a2d5@group-4B3347192B2F-StateMachineUpdater] INFO  ratis.ContainerStateMachine (ContainerStateMachine.java:takeSnapshot(366)) - group-4B3347192B2F: Finished taking a snapshot at:(t:1, i:1) file:/home/runner/work/ozone/ozone/hadoop-ozone/integration-test/target/test-dir/MiniOzoneClusterImpl-073b5688-48cc-4907-9326-51c03fe36003/datanode-3/data/ratis/03eabdb3-c99d-40d8-9485-4b3347192b2f/sm/snapshot.1_1 took: 2 ms
2024-01-14 16:59:02,969 [08a076d1-72dd-4720-8252-a175f3c6a2d5@group-4B3347192B2F-StateMachineUpdater] INFO  impl.StateMachineUpdater (StateMachineUpdater.java:takeSnapshot(295)) - 08a076d1-72dd-4720-8252-a175f3c6a2d5@group-4B3347192B2F-StateMachineUpdater: Took a snapshot at index 1
2024-01-14 16:59:02,969 [08a076d1-72dd-4720-8252-a175f3c6a2d5@group-4B3347192B2F-StateMachineUpdater] INFO  impl.StateMachineUpdater (StateMachineUpdater.java:lambda$new$0(98)) - 08a076d1-72dd-4720-8252-a175f3c6a2d5@group-4B3347192B2F-StateMachineUpdater: snapshotIndex: updateIncreasingly 0 -> 1
2024-01-14 16:59:02,976 [08a076d1-72dd-4720-8252-a175f3c6a2d5-impl-thread2] INFO  server.RaftServer$Division (ServerState.java:close(427)) - 08a076d1-72dd-4720-8252-a175f3c6a2d5@group-4B3347192B2F: applyIndex: 1
2024-01-14 16:59:02,976 [08a076d1-72dd-4720-8252-a175f3c6a2d5@group-4B3347192B2F-cacheEviction-AwaitToRun] INFO  util.AwaitToRun (AwaitToRun.java:run(49)) - 08a076d1-72dd-4720-8252-a175f3c6a2d5@group-4B3347192B2F-cacheEviction-AwaitToRun-AwaitForSignal is interrupted
2024-01-14 16:59:02,979 [08a076d1-72dd-4720-8252-a175f3c6a2d5-NettyServerStreamRpc-bossGroup--thread1] INFO  logging.LoggingHandler (AbstractInternalLogger.java:log(148)) - [id: 0x73ecf26b, L:/0.0.0.0:15131] CLOSE
2024-01-14 16:59:02,979 [08a076d1-72dd-4720-8252-a175f3c6a2d5-NettyServerStreamRpc-bossGroup--thread1] INFO  logging.LoggingHandler (AbstractInternalLogger.java:log(148)) - [id: 0x73ecf26b, L:/0.0.0.0:15131] INACTIVE
2024-01-14 16:59:02,979 [08a076d1-72dd-4720-8252-a175f3c6a2d5-NettyServerStreamRpc-bossGroup--thread1] INFO  logging.LoggingHandler (AbstractInternalLogger.java:log(148)) - [id: 0x73ecf26b, L:/0.0.0.0:15131] UNREGISTERED
2024-01-14 16:59:03,395 [08a076d1-72dd-4720-8252-a175f3c6a2d5-impl-thread1] INFO  segmented.SegmentedRaftLogWorker (SegmentedRaftLogWorker.java:close(245)) - 08a076d1-72dd-4720-8252-a175f3c6a2d5@group-EADE2434D615-SegmentedRaftLogWorker close()
2024-01-14 16:59:03,945 [08a076d1-72dd-4720-8252-a175f3c6a2d5-impl-thread2] INFO  segmented.SegmentedRaftLogWorker (SegmentedRaftLogWorker.java:close(245)) - 08a076d1-72dd-4720-8252-a175f3c6a2d5@group-4B3347192B2F-SegmentedRaftLogWorker close()
2024-01-14 16:59:03,950 [JvmPauseMonitor16] INFO  util.JvmPauseMonitor (JvmPauseMonitor.java:run(152)) - JvmPauseMonitor-08a076d1-72dd-4720-8252-a175f3c6a2d5: Stopped
2024-01-14 16:59:05,953 [main] INFO  utils.DatanodeStoreCache (DatanodeStoreCache.java:shutdownCache(116)) - Skip clearing cache in mini cluster mode. Entries left: [/home/runner/work/ozone/ozone/hadoop-ozone/integration-test/target/test-dir/MiniOzoneClusterImpl-073b5688-48cc-4907-9326-51c03fe36003/datanode-0/data-0/containers/hdds/073b5688-48cc-4907-9326-51c03fe36003/DS-010ec756-1306-4027-b6b2-94eaebac9a46/container.db, /home/runner/work/ozone/ozone/hadoop-ozone/integration-test/target/test-dir/MiniOzoneClusterImpl-073b5688-48cc-4907-9326-51c03fe36003/datanode-1/data-0/containers/hdds/073b5688-48cc-4907-9326-51c03fe36003/DS-5ca71cef-ff75-47e5-b45b-089d2cf90061/container.db, /home/runner/work/ozone/ozone/hadoop-ozone/integration-test/target/test-dir/MiniOzoneClusterImpl-073b5688-48cc-4907-9326-51c03fe36003/datanode-2/data-0/containers/hdds/073b5688-48cc-4907-9326-51c03fe36003/DS-3790852b-5318-42a3-8fa1-55478baca963/container.db, /home/runner/work/ozone/ozone/hadoop-ozone/integration-test/target/test-dir/MiniOzoneClusterImpl-073b5688-48cc-4907-9326-51c03fe36003/datanode-3/data-0/containers/hdds/073b5688-48cc-4907-9326-51c03fe36003/DS-d34cbe72-c2d5-4e93-9ff3-2ce5de4a4fcd/container.db, /home/runner/work/ozone/ozone/hadoop-ozone/integration-test/target/test-dir/MiniOzoneClusterImpl-073b5688-48cc-4907-9326-51c03fe36003/datanode-4/data-0/containers/hdds/073b5688-48cc-4907-9326-51c03fe36003/DS-43d34977-d9e2-41cf-a5ad-8de12db9a092/container.db, /home/runner/work/ozone/ozone/hadoop-ozone/integration-test/target/test-dir/MiniOzoneClusterImpl-073b5688-48cc-4907-9326-51c03fe36003/datanode-5/data-0/containers/hdds/073b5688-48cc-4907-9326-51c03fe36003/DS-e55a778c-870f-48f4-8278-dcf0baa64163/container.db, /home/runner/work/ozone/ozone/hadoop-ozone/integration-test/target/test-dir/MiniOzoneClusterImpl-073b5688-48cc-4907-9326-51c03fe36003/datanode-6/data-0/containers/hdds/073b5688-48cc-4907-9326-51c03fe36003/DS-5e989019-9153-4f3e-9778-b6e17475e32e/container.db, /home/runner/work/ozone/ozone/hadoop-ozone/integration-test/target/test-dir/MiniOzoneClusterImpl-073b5688-48cc-4907-9326-51c03fe36003/datanode-7/data-0/containers/hdds/073b5688-48cc-4907-9326-51c03fe36003/DS-456703f1-e5c7-4101-893f-54f2b8a9a8e1/container.db, /home/runner/work/ozone/ozone/hadoop-ozone/integration-test/target/test-dir/MiniOzoneClusterImpl-073b5688-48cc-4907-9326-51c03fe36003/datanode-8/data-0/containers/hdds/073b5688-48cc-4907-9326-51c03fe36003/DS-13c93e94-e2fa-423b-a4b0-22e47b869bac/container.db]
2024-01-14 16:59:05,956 [main] INFO  utils.DatanodeStoreCache (DatanodeStoreCache.java:removeDB(110)) - Removed db /home/runner/work/ozone/ozone/hadoop-ozone/integration-test/target/test-dir/MiniOzoneClusterImpl-073b5688-48cc-4907-9326-51c03fe36003/datanode-3/data-0/containers/hdds/073b5688-48cc-4907-9326-51c03fe36003/DS-d34cbe72-c2d5-4e93-9ff3-2ce5de4a4fcd/container.db from cache
2024-01-14 16:59:05,956 [main] INFO  volume.HddsVolume (HddsVolume.java:closeDbStore(451)) - SchemaV3 db is stopped at /home/runner/work/ozone/ozone/hadoop-ozone/integration-test/target/test-dir/MiniOzoneClusterImpl-073b5688-48cc-4907-9326-51c03fe36003/datanode-3/data-0/containers/hdds/073b5688-48cc-4907-9326-51c03fe36003/DS-d34cbe72-c2d5-4e93-9ff3-2ce5de4a4fcd/container.db for volume DS-d34cbe72-c2d5-4e93-9ff3-2ce5de4a4fcd
2024-01-14 16:59:05,956 [main] INFO  utils.BackgroundService (BackgroundService.java:shutdown(160)) - Shutting down service BlockDeletingService
2024-01-14 16:59:05,956 [main] INFO  utils.BackgroundService (BackgroundService.java:shutdown(160)) - Shutting down service StaleRecoveringContainerScrubbingService
2024-01-14 16:59:05,957 [main] INFO  statemachine.DatanodeStateMachine (DatanodeStateMachine.java:stopDaemon(638)) - Ozone container server stopped.
2024-01-14 16:59:05,957 [main] INFO  handler.ContextHandler (ContextHandler.java:doStop(1159)) - Stopped o.e.j.w.WebAppContext@4e729324{hddsDatanode,/,null,STOPPED}{jar:file:/home/runner/.m2/repository/org/apache/ozone/hdds-container-service/1.5.0-SNAPSHOT/hdds-container-service-1.5.0-SNAPSHOT.jar!/webapps/hddsDatanode}
2024-01-14 16:59:05,958 [main] INFO  server.AbstractConnector (AbstractConnector.java:doStop(383)) - Stopped ServerConnector@32ae2974{HTTP/1.1, (http/1.1)}{0.0.0.0:15125}
2024-01-14 16:59:05,958 [main] INFO  server.session (HouseKeeper.java:stopScavenging(149)) - node0 Stopped scavenging
2024-01-14 16:59:05,958 [main] INFO  handler.ContextHandler (ContextHandler.java:doStop(1159)) - Stopped o.e.j.s.ServletContextHandler@47a5ada6{static,/static,jar:file:/home/runner/.m2/repository/org/apache/ozone/hdds-container-service/1.5.0-SNAPSHOT/hdds-container-service-1.5.0-SNAPSHOT.jar!/webapps/static,STOPPED}
2024-01-14 16:59:05,959 [main] INFO  handler.ContextHandler (ContextHandler.java:doStop(1159)) - Stopped o.e.j.s.ServletContextHandler@6c43787d{logs,/logs,file:///home/runner/work/ozone/ozone/hadoop-ozone/integration-test/target/log,STOPPED}
2024-01-14 16:59:05,959 [main] INFO  ozone.HddsDatanodeClientProtocolServer (HddsDatanodeClientProtocolServer.java:stop(78)) - Stopping the RPC server for Client Protocol
2024-01-14 16:59:05,959 [main] INFO  ipc.Server (Server.java:stop(3523)) - Stopping server on 15126
2024-01-14 16:59:05,960 [IPC Server listener on 15126] INFO  ipc.Server (Server.java:run(1434)) - Stopping IPC Server listener on 15126
2024-01-14 16:59:05,961 [IPC Server Responder] INFO  ipc.Server (Server.java:run(1567)) - Stopping IPC Server Responder
2024-01-14 16:59:05,965 [main] INFO  ozoneimpl.OzoneContainer (OzoneContainer.java:stop(479)) - Attempting to stop container services.
2024-01-14 16:59:05,965 [main] INFO  server.RaftServer (RaftServerProxy.java:lambda$close$9(416)) - 21dc7e34-f667-47e1-88cd-5882a68f9cf5: close
2024-01-14 16:59:05,966 [21dc7e34-f667-47e1-88cd-5882a68f9cf5-impl-thread1] INFO  server.RaftServer$Division (RaftServerImpl.java:lambda$close$3(526)) - 21dc7e34-f667-47e1-88cd-5882a68f9cf5@group-F57A0E8BE99F: shutdown
2024-01-14 16:59:05,966 [21dc7e34-f667-47e1-88cd-5882a68f9cf5-impl-thread1] INFO  util.JmxRegister (JmxRegister.java:unregister(73)) - Successfully un-registered JMX Bean with object name Ratis:service=RaftServer,group=group-F57A0E8BE99F,id=21dc7e34-f667-47e1-88cd-5882a68f9cf5
2024-01-14 16:59:05,966 [21dc7e34-f667-47e1-88cd-5882a68f9cf5-impl-thread1] INFO  impl.RoleInfo (RoleInfo.java:shutdownLeaderState(94)) - 21dc7e34-f667-47e1-88cd-5882a68f9cf5: shutdown 21dc7e34-f667-47e1-88cd-5882a68f9cf5@group-F57A0E8BE99F-LeaderStateImpl
2024-01-14 16:59:05,966 [21dc7e34-f667-47e1-88cd-5882a68f9cf5-impl-thread1] INFO  impl.PendingRequests (PendingRequests.java:sendNotLeaderResponses(289)) - 21dc7e34-f667-47e1-88cd-5882a68f9cf5@group-F57A0E8BE99F-PendingRequests: sendNotLeaderResponses
2024-01-14 16:59:05,966 [21dc7e34-f667-47e1-88cd-5882a68f9cf5-impl-thread1] INFO  impl.StateMachineUpdater (StateMachineUpdater.java:stopAndJoin(157)) - 21dc7e34-f667-47e1-88cd-5882a68f9cf5@group-F57A0E8BE99F-StateMachineUpdater: set stopIndex = 0
2024-01-14 16:59:05,966 [21dc7e34-f667-47e1-88cd-5882a68f9cf5@group-F57A0E8BE99F-StateMachineUpdater] INFO  ratis.ContainerStateMachine (ContainerStateMachine.java:takeSnapshot(355)) - group-F57A0E8BE99F: Taking a snapshot at:(t:1, i:0) file /home/runner/work/ozone/ozone/hadoop-ozone/integration-test/target/test-dir/MiniOzoneClusterImpl-073b5688-48cc-4907-9326-51c03fe36003/datanode-5/data/ratis/1f4bb9f9-1bf8-4c66-a110-f57a0e8be99f/sm/snapshot.1_0
2024-01-14 16:59:05,967 [main] INFO  server.GrpcService (GrpcService.java:closeImpl(311)) - 21dc7e34-f667-47e1-88cd-5882a68f9cf5: shutdown server org.apache.ratis.grpc.server.GrpcClientProtocolService now
2024-01-14 16:59:05,967 [21dc7e34-f667-47e1-88cd-5882a68f9cf5-impl-thread2] INFO  server.RaftServer$Division (RaftServerImpl.java:lambda$close$3(526)) - 21dc7e34-f667-47e1-88cd-5882a68f9cf5@group-4B3347192B2F: shutdown
2024-01-14 16:59:05,967 [21dc7e34-f667-47e1-88cd-5882a68f9cf5-impl-thread2] INFO  util.JmxRegister (JmxRegister.java:unregister(73)) - Successfully un-registered JMX Bean with object name Ratis:service=RaftServer,group=group-4B3347192B2F,id=21dc7e34-f667-47e1-88cd-5882a68f9cf5
2024-01-14 16:59:05,967 [21dc7e34-f667-47e1-88cd-5882a68f9cf5@group-F57A0E8BE99F-StateMachineUpdater] INFO  ratis.ContainerStateMachine (ContainerStateMachine.java:takeSnapshot(366)) - group-F57A0E8BE99F: Finished taking a snapshot at:(t:1, i:0) file:/home/runner/work/ozone/ozone/hadoop-ozone/integration-test/target/test-dir/MiniOzoneClusterImpl-073b5688-48cc-4907-9326-51c03fe36003/datanode-5/data/ratis/1f4bb9f9-1bf8-4c66-a110-f57a0e8be99f/sm/snapshot.1_0 took: 1 ms
2024-01-14 16:59:05,968 [21dc7e34-f667-47e1-88cd-5882a68f9cf5@group-F57A0E8BE99F-StateMachineUpdater] INFO  impl.StateMachineUpdater (StateMachineUpdater.java:takeSnapshot(295)) - 21dc7e34-f667-47e1-88cd-5882a68f9cf5@group-F57A0E8BE99F-StateMachineUpdater: Took a snapshot at index 0
2024-01-14 16:59:05,968 [21dc7e34-f667-47e1-88cd-5882a68f9cf5@group-F57A0E8BE99F-StateMachineUpdater] INFO  impl.StateMachineUpdater (StateMachineUpdater.java:lambda$new$0(98)) - 21dc7e34-f667-47e1-88cd-5882a68f9cf5@group-F57A0E8BE99F-StateMachineUpdater: snapshotIndex: updateIncreasingly -1 -> 0
2024-01-14 16:59:05,967 [21dc7e34-f667-47e1-88cd-5882a68f9cf5-impl-thread2] INFO  impl.RoleInfo (RoleInfo.java:shutdownFollowerState(110)) - 21dc7e34-f667-47e1-88cd-5882a68f9cf5: shutdown 21dc7e34-f667-47e1-88cd-5882a68f9cf5@group-4B3347192B2F-FollowerState
2024-01-14 16:59:05,968 [21dc7e34-f667-47e1-88cd-5882a68f9cf5@group-4B3347192B2F-FollowerState] INFO  impl.FollowerState (FollowerState.java:run(152)) - 21dc7e34-f667-47e1-88cd-5882a68f9cf5@group-4B3347192B2F-FollowerState was interrupted
2024-01-14 16:59:05,968 [main] INFO  server.GrpcService (GrpcService.java:closeImpl(320)) - 21dc7e34-f667-47e1-88cd-5882a68f9cf5: shutdown server org.apache.ratis.grpc.server.GrpcClientProtocolService successfully
2024-01-14 16:59:05,968 [21dc7e34-f667-47e1-88cd-5882a68f9cf5-impl-thread1] INFO  server.RaftServer$Division (ServerState.java:close(427)) - 21dc7e34-f667-47e1-88cd-5882a68f9cf5@group-F57A0E8BE99F: applyIndex: 0
2024-01-14 16:59:05,969 [21dc7e34-f667-47e1-88cd-5882a68f9cf5-impl-thread2] INFO  impl.StateMachineUpdater (StateMachineUpdater.java:stopAndJoin(157)) - 21dc7e34-f667-47e1-88cd-5882a68f9cf5@group-4B3347192B2F-StateMachineUpdater: set stopIndex = 2
2024-01-14 16:59:05,969 [21dc7e34-f667-47e1-88cd-5882a68f9cf5@group-F57A0E8BE99F-cacheEviction-AwaitToRun] INFO  util.AwaitToRun (AwaitToRun.java:run(49)) - 21dc7e34-f667-47e1-88cd-5882a68f9cf5@group-F57A0E8BE99F-cacheEviction-AwaitToRun-AwaitForSignal is interrupted
2024-01-14 16:59:05,968 [21dc7e34-f667-47e1-88cd-5882a68f9cf5@group-4B3347192B2F-StateMachineUpdater] INFO  ratis.ContainerStateMachine (ContainerStateMachine.java:takeSnapshot(355)) - group-4B3347192B2F: Taking a snapshot at:(t:1, i:2) file /home/runner/work/ozone/ozone/hadoop-ozone/integration-test/target/test-dir/MiniOzoneClusterImpl-073b5688-48cc-4907-9326-51c03fe36003/datanode-5/data/ratis/03eabdb3-c99d-40d8-9485-4b3347192b2f/sm/snapshot.1_2
2024-01-14 16:59:05,968 [main] INFO  server.GrpcService (GrpcService.java:closeImpl(311)) - 21dc7e34-f667-47e1-88cd-5882a68f9cf5: shutdown server GrpcServerProtocolService now
2024-01-14 16:59:05,971 [grpc-default-executor-5] WARN  server.GrpcServerProtocolService (LogUtils.java:warn(121)) - 21dc7e34-f667-47e1-88cd-5882a68f9cf5: APPEND_ENTRIES onError, lastRequest: null: org.apache.ratis.thirdparty.io.grpc.StatusRuntimeException: CANCELLED: client cancelled
2024-01-14 16:59:05,972 [grpc-default-executor-0] WARN  server.GrpcServerProtocolService (LogUtils.java:warn(121)) - 21dc7e34-f667-47e1-88cd-5882a68f9cf5: APPEND_ENTRIES onError, lastRequest: 0ab92cad-ec19-4fa3-a733-30f9108b825a->21dc7e34-f667-47e1-88cd-5882a68f9cf5#4-t1,previous=(t:1, i:1),leaderCommit=1,initializing? false,entries: size=1, first=(t:1, i:2), METADATAENTRY(c:1): org.apache.ratis.thirdparty.io.grpc.StatusRuntimeException: CANCELLED: client cancelled
2024-01-14 16:59:05,972 [main] INFO  server.GrpcService (GrpcService.java:closeImpl(320)) - 21dc7e34-f667-47e1-88cd-5882a68f9cf5: shutdown server GrpcServerProtocolService successfully
2024-01-14 16:59:05,972 [main] INFO  server.GrpcService (GrpcService.java:closeImpl(311)) - 21dc7e34-f667-47e1-88cd-5882a68f9cf5: shutdown server org.apache.ratis.grpc.server.GrpcAdminProtocolService now
2024-01-14 16:59:05,971 [21dc7e34-f667-47e1-88cd-5882a68f9cf5@group-4B3347192B2F-StateMachineUpdater] INFO  ratis.ContainerStateMachine (ContainerStateMachine.java:takeSnapshot(366)) - group-4B3347192B2F: Finished taking a snapshot at:(t:1, i:2) file:/home/runner/work/ozone/ozone/hadoop-ozone/integration-test/target/test-dir/MiniOzoneClusterImpl-073b5688-48cc-4907-9326-51c03fe36003/datanode-5/data/ratis/03eabdb3-c99d-40d8-9485-4b3347192b2f/sm/snapshot.1_2 took: 3 ms
2024-01-14 16:59:05,974 [21dc7e34-f667-47e1-88cd-5882a68f9cf5@group-4B3347192B2F-StateMachineUpdater] INFO  impl.StateMachineUpdater (StateMachineUpdater.java:takeSnapshot(295)) - 21dc7e34-f667-47e1-88cd-5882a68f9cf5@group-4B3347192B2F-StateMachineUpdater: Took a snapshot at index 2
2024-01-14 16:59:05,974 [21dc7e34-f667-47e1-88cd-5882a68f9cf5@group-4B3347192B2F-StateMachineUpdater] INFO  impl.StateMachineUpdater (StateMachineUpdater.java:lambda$new$0(98)) - 21dc7e34-f667-47e1-88cd-5882a68f9cf5@group-4B3347192B2F-StateMachineUpdater: snapshotIndex: updateIncreasingly -1 -> 2
2024-01-14 16:59:05,974 [21dc7e34-f667-47e1-88cd-5882a68f9cf5-impl-thread2] INFO  server.RaftServer$Division (ServerState.java:close(427)) - 21dc7e34-f667-47e1-88cd-5882a68f9cf5@group-4B3347192B2F: applyIndex: 2
2024-01-14 16:59:05,974 [21dc7e34-f667-47e1-88cd-5882a68f9cf5@group-4B3347192B2F-cacheEviction-AwaitToRun] INFO  util.AwaitToRun (AwaitToRun.java:run(49)) - 21dc7e34-f667-47e1-88cd-5882a68f9cf5@group-4B3347192B2F-cacheEviction-AwaitToRun-AwaitForSignal is interrupted
2024-01-14 16:59:05,971 [grpc-default-executor-4] WARN  server.GrpcLogAppender (LogUtils.java:warn(121)) - 0ab92cad-ec19-4fa3-a733-30f9108b825a@group-4B3347192B2F->21dc7e34-f667-47e1-88cd-5882a68f9cf5-AppendLogResponseHandler: Failed appendEntries: org.apache.ratis.thirdparty.io.grpc.StatusRuntimeException: CANCELLED: RST_STREAM closed stream. HTTP/2 error code: CANCEL
2024-01-14 16:59:05,974 [main] INFO  server.GrpcService (GrpcService.java:closeImpl(320)) - 21dc7e34-f667-47e1-88cd-5882a68f9cf5: shutdown server org.apache.ratis.grpc.server.GrpcAdminProtocolService successfully
2024-01-14 16:59:05,973 [grpc-default-executor-0] WARN  server.GrpcLogAppender (GrpcLogAppender.java:lambda$resetClient$1(217)) - 0ab92cad-ec19-4fa3-a733-30f9108b825a@group-4B3347192B2F->21dc7e34-f667-47e1-88cd-5882a68f9cf5-GrpcLogAppender: Follower failed (request=null, errorCount=1); keep nextIndex (3) unchanged and retry.
2024-01-14 16:59:05,977 [21dc7e34-f667-47e1-88cd-5882a68f9cf5-NettyServerStreamRpc-bossGroup--thread1] INFO  logging.LoggingHandler (AbstractInternalLogger.java:log(148)) - [id: 0x06a8ead7, L:/0.0.0.0:15149] CLOSE
2024-01-14 16:59:05,978 [21dc7e34-f667-47e1-88cd-5882a68f9cf5-NettyServerStreamRpc-bossGroup--thread1] INFO  logging.LoggingHandler (AbstractInternalLogger.java:log(148)) - [id: 0x06a8ead7, L:/0.0.0.0:15149] INACTIVE
2024-01-14 16:59:05,978 [21dc7e34-f667-47e1-88cd-5882a68f9cf5-NettyServerStreamRpc-bossGroup--thread1] INFO  logging.LoggingHandler (AbstractInternalLogger.java:log(148)) - [id: 0x06a8ead7, L:/0.0.0.0:15149] UNREGISTERED
2024-01-14 16:59:06,680 [21dc7e34-f667-47e1-88cd-5882a68f9cf5-impl-thread1] INFO  segmented.SegmentedRaftLogWorker (SegmentedRaftLogWorker.java:close(245)) - 21dc7e34-f667-47e1-88cd-5882a68f9cf5@group-F57A0E8BE99F-SegmentedRaftLogWorker close()
2024-01-14 16:59:06,945 [21dc7e34-f667-47e1-88cd-5882a68f9cf5-impl-thread2] INFO  segmented.SegmentedRaftLogWorker (SegmentedRaftLogWorker.java:close(245)) - 21dc7e34-f667-47e1-88cd-5882a68f9cf5@group-4B3347192B2F-SegmentedRaftLogWorker close()
2024-01-14 16:59:06,946 [JvmPauseMonitor18] INFO  util.JvmPauseMonitor (JvmPauseMonitor.java:run(152)) - JvmPauseMonitor-21dc7e34-f667-47e1-88cd-5882a68f9cf5: Stopped
2024-01-14 16:59:07,967 [timer3] WARN  server.GrpcLogAppender (LogUtils.java:warn(121)) - 0ab92cad-ec19-4fa3-a733-30f9108b825a@group-4B3347192B2F->08a076d1-72dd-4720-8252-a175f3c6a2d5-AppendLogResponseHandler: Failed appendEntries (Repeated 8 times in the last 5.000s): org.apache.ratis.thirdparty.io.grpc.StatusRuntimeException: UNAVAILABLE: io exception
2024-01-14 16:59:07,967 [timer4] WARN  server.GrpcLogAppender (GrpcLogAppender.java:lambda$resetClient$1(217)) - 0ab92cad-ec19-4fa3-a733-30f9108b825a@group-4B3347192B2F->08a076d1-72dd-4720-8252-a175f3c6a2d5-GrpcLogAppender: Follower failed (request=null, errorCount=8); keep nextIndex (3) unchanged and retry. (Repeated 8 times in the last 5.000s)
2024-01-14 16:59:08,950 [main] INFO  utils.DatanodeStoreCache (DatanodeStoreCache.java:shutdownCache(116)) - Skip clearing cache in mini cluster mode. Entries left: [/home/runner/work/ozone/ozone/hadoop-ozone/integration-test/target/test-dir/MiniOzoneClusterImpl-073b5688-48cc-4907-9326-51c03fe36003/datanode-0/data-0/containers/hdds/073b5688-48cc-4907-9326-51c03fe36003/DS-010ec756-1306-4027-b6b2-94eaebac9a46/container.db, /home/runner/work/ozone/ozone/hadoop-ozone/integration-test/target/test-dir/MiniOzoneClusterImpl-073b5688-48cc-4907-9326-51c03fe36003/datanode-1/data-0/containers/hdds/073b5688-48cc-4907-9326-51c03fe36003/DS-5ca71cef-ff75-47e5-b45b-089d2cf90061/container.db, /home/runner/work/ozone/ozone/hadoop-ozone/integration-test/target/test-dir/MiniOzoneClusterImpl-073b5688-48cc-4907-9326-51c03fe36003/datanode-2/data-0/containers/hdds/073b5688-48cc-4907-9326-51c03fe36003/DS-3790852b-5318-42a3-8fa1-55478baca963/container.db, /home/runner/work/ozone/ozone/hadoop-ozone/integration-test/target/test-dir/MiniOzoneClusterImpl-073b5688-48cc-4907-9326-51c03fe36003/datanode-4/data-0/containers/hdds/073b5688-48cc-4907-9326-51c03fe36003/DS-43d34977-d9e2-41cf-a5ad-8de12db9a092/container.db, /home/runner/work/ozone/ozone/hadoop-ozone/integration-test/target/test-dir/MiniOzoneClusterImpl-073b5688-48cc-4907-9326-51c03fe36003/datanode-5/data-0/containers/hdds/073b5688-48cc-4907-9326-51c03fe36003/DS-e55a778c-870f-48f4-8278-dcf0baa64163/container.db, /home/runner/work/ozone/ozone/hadoop-ozone/integration-test/target/test-dir/MiniOzoneClusterImpl-073b5688-48cc-4907-9326-51c03fe36003/datanode-6/data-0/containers/hdds/073b5688-48cc-4907-9326-51c03fe36003/DS-5e989019-9153-4f3e-9778-b6e17475e32e/container.db, /home/runner/work/ozone/ozone/hadoop-ozone/integration-test/target/test-dir/MiniOzoneClusterImpl-073b5688-48cc-4907-9326-51c03fe36003/datanode-7/data-0/containers/hdds/073b5688-48cc-4907-9326-51c03fe36003/DS-456703f1-e5c7-4101-893f-54f2b8a9a8e1/container.db, /home/runner/work/ozone/ozone/hadoop-ozone/integration-test/target/test-dir/MiniOzoneClusterImpl-073b5688-48cc-4907-9326-51c03fe36003/datanode-8/data-0/containers/hdds/073b5688-48cc-4907-9326-51c03fe36003/DS-13c93e94-e2fa-423b-a4b0-22e47b869bac/container.db]
2024-01-14 16:59:08,951 [main] INFO  utils.DatanodeStoreCache (DatanodeStoreCache.java:removeDB(110)) - Removed db /home/runner/work/ozone/ozone/hadoop-ozone/integration-test/target/test-dir/MiniOzoneClusterImpl-073b5688-48cc-4907-9326-51c03fe36003/datanode-5/data-0/containers/hdds/073b5688-48cc-4907-9326-51c03fe36003/DS-e55a778c-870f-48f4-8278-dcf0baa64163/container.db from cache
2024-01-14 16:59:08,952 [main] INFO  volume.HddsVolume (HddsVolume.java:closeDbStore(451)) - SchemaV3 db is stopped at /home/runner/work/ozone/ozone/hadoop-ozone/integration-test/target/test-dir/MiniOzoneClusterImpl-073b5688-48cc-4907-9326-51c03fe36003/datanode-5/data-0/containers/hdds/073b5688-48cc-4907-9326-51c03fe36003/DS-e55a778c-870f-48f4-8278-dcf0baa64163/container.db for volume DS-e55a778c-870f-48f4-8278-dcf0baa64163
2024-01-14 16:59:08,952 [main] INFO  utils.BackgroundService (BackgroundService.java:shutdown(160)) - Shutting down service BlockDeletingService
2024-01-14 16:59:08,952 [main] INFO  utils.BackgroundService (BackgroundService.java:shutdown(160)) - Shutting down service StaleRecoveringContainerScrubbingService
2024-01-14 16:59:08,952 [main] INFO  statemachine.DatanodeStateMachine (DatanodeStateMachine.java:stopDaemon(638)) - Ozone container server stopped.
2024-01-14 16:59:08,953 [main] INFO  handler.ContextHandler (ContextHandler.java:doStop(1159)) - Stopped o.e.j.w.WebAppContext@249f78f6{hddsDatanode,/,null,STOPPED}{jar:file:/home/runner/.m2/repository/org/apache/ozone/hdds-container-service/1.5.0-SNAPSHOT/hdds-container-service-1.5.0-SNAPSHOT.jar!/webapps/hddsDatanode}
2024-01-14 16:59:08,953 [main] INFO  server.AbstractConnector (AbstractConnector.java:doStop(383)) - Stopped ServerConnector@1b83fe69{HTTP/1.1, (http/1.1)}{0.0.0.0:15143}
2024-01-14 16:59:08,954 [main] INFO  server.session (HouseKeeper.java:stopScavenging(149)) - node0 Stopped scavenging
2024-01-14 16:59:08,954 [main] INFO  handler.ContextHandler (ContextHandler.java:doStop(1159)) - Stopped o.e.j.s.ServletContextHandler@4838ccdd{static,/static,jar:file:/home/runner/.m2/repository/org/apache/ozone/hdds-container-service/1.5.0-SNAPSHOT/hdds-container-service-1.5.0-SNAPSHOT.jar!/webapps/static,STOPPED}
2024-01-14 16:59:08,954 [main] INFO  handler.ContextHandler (ContextHandler.java:doStop(1159)) - Stopped o.e.j.s.ServletContextHandler@23ff2e4d{logs,/logs,file:///home/runner/work/ozone/ozone/hadoop-ozone/integration-test/target/log,STOPPED}
2024-01-14 16:59:08,954 [main] INFO  ozone.HddsDatanodeClientProtocolServer (HddsDatanodeClientProtocolServer.java:stop(78)) - Stopping the RPC server for Client Protocol
2024-01-14 16:59:08,955 [main] INFO  ipc.Server (Server.java:stop(3523)) - Stopping server on 15144
2024-01-14 16:59:08,955 [IPC Server listener on 15144] INFO  ipc.Server (Server.java:run(1434)) - Stopping IPC Server listener on 15144
2024-01-14 16:59:08,956 [IPC Server Responder] INFO  ipc.Server (Server.java:run(1567)) - Stopping IPC Server Responder
2024-01-14 16:59:08,960 [main] INFO  pipeline.PipelineManagerImpl (PipelineManagerImpl.java:closeContainersForPipeline(484)) - Container #1 closed for pipeline=PipelineID=03eabdb3-c99d-40d8-9485-4b3347192b2f
2024-01-14 16:59:08,960 [EventQueue-CloseContainerForCloseContainerEventHandler] INFO  container.CloseContainerEventHandler (CloseContainerEventHandler.java:onMessage(88)) - Close container Event triggered for container : #1, current state: CLOSING
2024-01-14 16:59:08,960 [main] INFO  pipeline.PipelineManagerImpl (PipelineManagerImpl.java:closePipeline(518)) - Pipeline PipelineID=03eabdb3-c99d-40d8-9485-4b3347192b2f moved to CLOSED state
2024-01-14 16:59:09,209 [grpc-default-executor-5] WARN  server.GrpcLogAppender (LogUtils.java:warn(121)) - 0ab92cad-ec19-4fa3-a733-30f9108b825a@group-4B3347192B2F->08a076d1-72dd-4720-8252-a175f3c6a2d5-AppendLogResponseHandler: Failed appendEntries: org.apache.ratis.thirdparty.io.grpc.StatusRuntimeException: UNAVAILABLE: io exception
2024-01-14 16:59:09,209 [grpc-default-executor-5] WARN  server.GrpcLogAppender (GrpcLogAppender.java:lambda$resetClient$1(217)) - 0ab92cad-ec19-4fa3-a733-30f9108b825a@group-4B3347192B2F->08a076d1-72dd-4720-8252-a175f3c6a2d5-GrpcLogAppender: Follower failed (request=null, errorCount=9); keep nextIndex (3) unchanged and retry.
2024-01-14 16:59:10,974 [timer3] WARN  server.GrpcLogAppender (GrpcLogAppender.java:lambda$resetClient$1(217)) - 0ab92cad-ec19-4fa3-a733-30f9108b825a@group-4B3347192B2F->21dc7e34-f667-47e1-88cd-5882a68f9cf5-GrpcLogAppender: Follower failed (request=null, errorCount=8); keep nextIndex (3) unchanged and retry. (Repeated 8 times in the last 5.001s)
2024-01-14 16:59:10,974 [timer2] WARN  server.GrpcLogAppender (LogUtils.java:warn(121)) - 0ab92cad-ec19-4fa3-a733-30f9108b825a@group-4B3347192B2F->21dc7e34-f667-47e1-88cd-5882a68f9cf5-AppendLogResponseHandler: Failed appendEntries (Repeated 8 times in the last 5.003s): org.apache.ratis.thirdparty.io.grpc.StatusRuntimeException: UNAVAILABLE: io exception
2024-01-14 16:59:11,707 [grpc-default-executor-1] WARN  server.GrpcLogAppender (LogUtils.java:warn(121)) - 0ab92cad-ec19-4fa3-a733-30f9108b825a@group-4B3347192B2F->21dc7e34-f667-47e1-88cd-5882a68f9cf5-AppendLogResponseHandler: Failed appendEntries: org.apache.ratis.thirdparty.io.grpc.StatusRuntimeException: UNAVAILABLE: io exception
2024-01-14 16:59:11,709 [grpc-default-executor-5] WARN  server.GrpcLogAppender (GrpcLogAppender.java:lambda$resetClient$1(217)) - 0ab92cad-ec19-4fa3-a733-30f9108b825a@group-4B3347192B2F->21dc7e34-f667-47e1-88cd-5882a68f9cf5-GrpcLogAppender: Follower failed (request=null, errorCount=9); keep nextIndex (3) unchanged and retry.
2024-01-14 16:59:12,460 [null-request--thread1] INFO  server.GrpcClientProtocolService (GrpcClientProtocolService.java:lambda$processClientRequest$0(284)) - Failed RaftClientRequest:client-8420D3119A68->0ab92cad-ec19-4fa3-a733-30f9108b825a@group-4B3347192B2F, cid=47, seq=null, Watch-ALL_COMMITTED(93), Message:<EMPTY>, reply=RaftClientReply:client-8420D3119A68->0ab92cad-ec19-4fa3-a733-30f9108b825a@group-4B3347192B2F, cid=47, FAILED org.apache.ratis.protocol.exceptions.NotReplicatedException: Request with call Id 47 and log index 93 is not yet replicated to ALL_COMMITTED, logIndex=93, commits[0ab92cad-ec19-4fa3-a733-30f9108b825a:c2, 21dc7e34-f667-47e1-88cd-5882a68f9cf5:c2, 08a076d1-72dd-4720-8252-a175f3c6a2d5:c1]
2024-01-14 16:59:12,465 [main] WARN  scm.XceiverClientRatis (XceiverClientRatis.java:watchForCommit(284)) - 3 way commit failed on pipeline Pipeline[ Id: 03eabdb3-c99d-40d8-9485-4b3347192b2f, Nodes: 08a076d1-72dd-4720-8252-a175f3c6a2d5(fv-az1248-16.lhg1ljel1gwudbpqdk5ar2pfag.bx.internal.cloudapp.net/10.1.0.34)21dc7e34-f667-47e1-88cd-5882a68f9cf5(fv-az1248-16.lhg1ljel1gwudbpqdk5ar2pfag.bx.internal.cloudapp.net/10.1.0.34)0ab92cad-ec19-4fa3-a733-30f9108b825a(fv-az1248-16.lhg1ljel1gwudbpqdk5ar2pfag.bx.internal.cloudapp.net/10.1.0.34), ReplicationConfig: RATIS/THREE, State:OPEN, leaderId:0ab92cad-ec19-4fa3-a733-30f9108b825a, CreationTimestamp2024-01-14T16:58:54.565Z[Etc/UTC]]
java.util.concurrent.ExecutionException: org.apache.ratis.protocol.exceptions.NotReplicatedException: Request with call Id 47 and log index 93 is not yet replicated to ALL_COMMITTED
	at java.util.concurrent.CompletableFuture.reportGet(CompletableFuture.java:357)
	at java.util.concurrent.CompletableFuture.get(CompletableFuture.java:1908)
	at org.apache.hadoop.hdds.scm.XceiverClientRatis.watchForCommit(XceiverClientRatis.java:279)
	at org.apache.hadoop.ozone.client.rpc.TestWatchForCommit.testWatchForCommitForRetryfailure(TestWatchForCommit.java:283)
	at sun.reflect.NativeMethodAccessorImpl.invoke0(Native Method)
	at sun.reflect.NativeMethodAccessorImpl.invoke(NativeMethodAccessorImpl.java:62)
	at sun.reflect.DelegatingMethodAccessorImpl.invoke(DelegatingMethodAccessorImpl.java:43)
	at java.lang.reflect.Method.invoke(Method.java:498)
	at org.junit.platform.commons.util.ReflectionUtils.invokeMethod(ReflectionUtils.java:728)
	at org.junit.jupiter.engine.execution.MethodInvocation.proceed(MethodInvocation.java:60)
	at org.junit.jupiter.engine.execution.InvocationInterceptorChain$ValidatingInvocation.proceed(InvocationInterceptorChain.java:131)
	at org.junit.jupiter.engine.extension.TimeoutExtension.intercept(TimeoutExtension.java:156)
	at org.junit.jupiter.engine.extension.TimeoutExtension.interceptTestableMethod(TimeoutExtension.java:147)
	at org.junit.jupiter.engine.extension.TimeoutExtension.interceptTestMethod(TimeoutExtension.java:86)
	at org.junit.jupiter.engine.execution.InterceptingExecutableInvoker$ReflectiveInterceptorCall.lambda$ofVoidMethod$0(InterceptingExecutableInvoker.java:103)
	at org.junit.jupiter.engine.execution.InterceptingExecutableInvoker.lambda$invoke$0(InterceptingExecutableInvoker.java:93)
	at org.junit.jupiter.engine.execution.InvocationInterceptorChain$InterceptedInvocation.proceed(InvocationInterceptorChain.java:106)
	at org.junit.jupiter.engine.execution.InvocationInterceptorChain.proceed(InvocationInterceptorChain.java:64)
	at org.junit.jupiter.engine.execution.InvocationInterceptorChain.chainAndInvoke(InvocationInterceptorChain.java:45)
	at org.junit.jupiter.engine.execution.InvocationInterceptorChain.invoke(InvocationInterceptorChain.java:37)
	at org.junit.jupiter.engine.execution.InterceptingExecutableInvoker.invoke(InterceptingExecutableInvoker.java:92)
	at org.junit.jupiter.engine.execution.InterceptingExecutableInvoker.invoke(InterceptingExecutableInvoker.java:86)
	at org.junit.jupiter.engine.descriptor.TestMethodTestDescriptor.lambda$invokeTestMethod$7(TestMethodTestDescriptor.java:218)
	at org.junit.platform.engine.support.hierarchical.ThrowableCollector.execute(ThrowableCollector.java:73)
	at org.junit.jupiter.engine.descriptor.TestMethodTestDescriptor.invokeTestMethod(TestMethodTestDescriptor.java:214)
	at org.junit.jupiter.engine.descriptor.TestMethodTestDescriptor.execute(TestMethodTestDescriptor.java:139)
	at org.junit.jupiter.engine.descriptor.TestMethodTestDescriptor.execute(TestMethodTestDescriptor.java:69)
	at org.junit.platform.engine.support.hierarchical.NodeTestTask.lambda$executeRecursively$6(NodeTestTask.java:151)
	at org.junit.platform.engine.support.hierarchical.ThrowableCollector.execute(ThrowableCollector.java:73)
	at org.junit.platform.engine.support.hierarchical.NodeTestTask.lambda$executeRecursively$8(NodeTestTask.java:141)
	at org.junit.platform.engine.support.hierarchical.Node.around(Node.java:137)
	at org.junit.platform.engine.support.hierarchical.NodeTestTask.lambda$executeRecursively$9(NodeTestTask.java:139)
	at org.junit.platform.engine.support.hierarchical.ThrowableCollector.execute(ThrowableCollector.java:73)
	at org.junit.platform.engine.support.hierarchical.NodeTestTask.executeRecursively(NodeTestTask.java:138)
	at org.junit.platform.engine.support.hierarchical.NodeTestTask.execute(NodeTestTask.java:95)
	at java.util.ArrayList.forEach(ArrayList.java:1259)
	at org.junit.platform.engine.support.hierarchical.SameThreadHierarchicalTestExecutorService.invokeAll(SameThreadHierarchicalTestExecutorService.java:41)
	at org.junit.platform.engine.support.hierarchical.NodeTestTask.lambda$executeRecursively$6(NodeTestTask.java:155)
	at org.junit.platform.engine.support.hierarchical.ThrowableCollector.execute(ThrowableCollector.java:73)
	at org.junit.platform.engine.support.hierarchical.NodeTestTask.lambda$executeRecursively$8(NodeTestTask.java:141)
	at org.junit.platform.engine.support.hierarchical.Node.around(Node.java:137)
	at org.junit.platform.engine.support.hierarchical.NodeTestTask.lambda$executeRecursively$9(NodeTestTask.java:139)
	at org.junit.platform.engine.support.hierarchical.ThrowableCollector.execute(ThrowableCollector.java:73)
	at org.junit.platform.engine.support.hierarchical.NodeTestTask.executeRecursively(NodeTestTask.java:138)
	at org.junit.platform.engine.support.hierarchical.NodeTestTask.execute(NodeTestTask.java:95)
	at java.util.ArrayList.forEach(ArrayList.java:1259)
	at org.junit.platform.engine.support.hierarchical.SameThreadHierarchicalTestExecutorService.invokeAll(SameThreadHierarchicalTestExecutorService.java:41)
	at org.junit.platform.engine.support.hierarchical.NodeTestTask.lambda$executeRecursively$6(NodeTestTask.java:155)
	at org.junit.platform.engine.support.hierarchical.ThrowableCollector.execute(ThrowableCollector.java:73)
	at org.junit.platform.engine.support.hierarchical.NodeTestTask.lambda$executeRecursively$8(NodeTestTask.java:141)
	at org.junit.platform.engine.support.hierarchical.Node.around(Node.java:137)
	at org.junit.platform.engine.support.hierarchical.NodeTestTask.lambda$executeRecursively$9(NodeTestTask.java:139)
	at org.junit.platform.engine.support.hierarchical.ThrowableCollector.execute(ThrowableCollector.java:73)
	at org.junit.platform.engine.support.hierarchical.NodeTestTask.executeRecursively(NodeTestTask.java:138)
	at org.junit.platform.engine.support.hierarchical.NodeTestTask.execute(NodeTestTask.java:95)
	at org.junit.platform.engine.support.hierarchical.SameThreadHierarchicalTestExecutorService.submit(SameThreadHierarchicalTestExecutorService.java:35)
	at org.junit.platform.engine.support.hierarchical.HierarchicalTestExecutor.execute(HierarchicalTestExecutor.java:57)
	at org.junit.platform.engine.support.hierarchical.HierarchicalTestEngine.execute(HierarchicalTestEngine.java:54)
	at org.junit.platform.launcher.core.EngineExecutionOrchestrator.execute(EngineExecutionOrchestrator.java:198)
	at org.junit.platform.launcher.core.EngineExecutionOrchestrator.execute(EngineExecutionOrchestrator.java:169)
	at org.junit.platform.launcher.core.EngineExecutionOrchestrator.execute(EngineExecutionOrchestrator.java:93)
	at org.junit.platform.launcher.core.EngineExecutionOrchestrator.lambda$execute$0(EngineExecutionOrchestrator.java:58)
	at org.junit.platform.launcher.core.EngineExecutionOrchestrator.withInterceptedStreams(EngineExecutionOrchestrator.java:141)
	at org.junit.platform.launcher.core.EngineExecutionOrchestrator.execute(EngineExecutionOrchestrator.java:57)
	at org.junit.platform.launcher.core.DefaultLauncher.execute(DefaultLauncher.java:103)
	at org.junit.platform.launcher.core.DefaultLauncher.execute(DefaultLauncher.java:85)
	at org.junit.platform.launcher.core.DelegatingLauncher.execute(DelegatingLauncher.java:47)
	at org.apache.maven.surefire.junitplatform.LazyLauncher.execute(LazyLauncher.java:56)
	at org.apache.maven.surefire.junitplatform.JUnitPlatformProvider.execute(JUnitPlatformProvider.java:184)
	at org.apache.maven.surefire.junitplatform.JUnitPlatformProvider.invokeAllTests(JUnitPlatformProvider.java:148)
	at org.apache.maven.surefire.junitplatform.JUnitPlatformProvider.invoke(JUnitPlatformProvider.java:120)
	at org.apache.maven.surefire.booter.ForkedBooter.runSuitesInProcess(ForkedBooter.java:385)
	at org.apache.maven.surefire.booter.ForkedBooter.execute(ForkedBooter.java:162)
	at org.apache.maven.surefire.booter.ForkedBooter.run(ForkedBooter.java:507)
	at org.apache.maven.surefire.booter.ForkedBooter.main(ForkedBooter.java:495)
Caused by: org.apache.ratis.protocol.exceptions.NotReplicatedException: Request with call Id 47 and log index 93 is not yet replicated to ALL_COMMITTED
	at org.apache.ratis.client.impl.ClientProtoUtils.toRaftClientReply(ClientProtoUtils.java:400)
	at org.apache.ratis.grpc.client.GrpcClientProtocolClient$AsyncStreamObservers$1.onNext(GrpcClientProtocolClient.java:310)
	at org.apache.ratis.grpc.client.GrpcClientProtocolClient$AsyncStreamObservers$1.onNext(GrpcClientProtocolClient.java:305)
	at org.apache.ratis.thirdparty.io.grpc.stub.ClientCalls$StreamObserverToCallListenerAdapter.onMessage(ClientCalls.java:468)
	at org.apache.ratis.thirdparty.io.grpc.ForwardingClientCallListener.onMessage(ForwardingClientCallListener.java:33)
	at org.apache.ratis.thirdparty.io.grpc.internal.ClientCallImpl$ClientStreamListenerImpl$1MessagesAvailable.runInternal(ClientCallImpl.java:660)
	at org.apache.ratis.thirdparty.io.grpc.internal.ClientCallImpl$ClientStreamListenerImpl$1MessagesAvailable.runInContext(ClientCallImpl.java:647)
	at org.apache.ratis.thirdparty.io.grpc.internal.ContextRunnable.run(ContextRunnable.java:37)
	at org.apache.ratis.thirdparty.io.grpc.internal.SerializingExecutor.run(SerializingExecutor.java:133)
	at java.util.concurrent.ThreadPoolExecutor.runWorker(ThreadPoolExecutor.java:1149)
	at java.util.concurrent.ThreadPoolExecutor$Worker.run(ThreadPoolExecutor.java:624)
	at java.lang.Thread.run(Thread.java:750)
2024-01-14 16:59:13,351 [0ab92cad-ec19-4fa3-a733-30f9108b825a@group-4B3347192B2F-LeaderStateImpl] WARN  server.RaftServer$Division (LeaderStateImpl.java:checkLeadership(1107)) - 0ab92cad-ec19-4fa3-a733-30f9108b825a@group-4B3347192B2F-LeaderStateImpl: Lost leadership on term: 1. Election timeout: 5200ms. In charge for: 10850ms. Conf: 0: peers:[0ab92cad-ec19-4fa3-a733-30f9108b825a|10.1.0.34:15139, 21dc7e34-f667-47e1-88cd-5882a68f9cf5|10.1.0.34:15148, 08a076d1-72dd-4720-8252-a175f3c6a2d5|10.1.0.34:15130]|listeners:[], old=null
2024-01-14 16:59:13,351 [0ab92cad-ec19-4fa3-a733-30f9108b825a@group-4B3347192B2F-LeaderStateImpl] WARN  server.RaftServer$Division (LeaderStateImpl.java:lambda$checkLeadership$21(1111)) - Follower 0ab92cad-ec19-4fa3-a733-30f9108b825a@group-4B3347192B2F->21dc7e34-f667-47e1-88cd-5882a68f9cf5(c2,m2,n3, caughtUp=true, lastRpcSendTime=389, lastRpcResponseTime=7905)
2024-01-14 16:59:13,351 [0ab92cad-ec19-4fa3-a733-30f9108b825a@group-4B3347192B2F-LeaderStateImpl] WARN  server.RaftServer$Division (LeaderStateImpl.java:lambda$checkLeadership$21(1111)) - Follower 0ab92cad-ec19-4fa3-a733-30f9108b825a@group-4B3347192B2F->08a076d1-72dd-4720-8252-a175f3c6a2d5(c1,m2,n3, caughtUp=true, lastRpcSendTime=574, lastRpcResponseTime=10400)
2024-01-14 16:59:13,351 [0ab92cad-ec19-4fa3-a733-30f9108b825a@group-4B3347192B2F-LeaderStateImpl] INFO  server.RaftServer$Division (RaftServerImpl.java:setRole(383)) - 0ab92cad-ec19-4fa3-a733-30f9108b825a@group-4B3347192B2F: changes role from    LEADER to FOLLOWER at term 1 for StepDownReason:LOST_MAJORITY_HEARTBEATS
2024-01-14 16:59:13,351 [0ab92cad-ec19-4fa3-a733-30f9108b825a@group-4B3347192B2F-LeaderStateImpl] INFO  impl.RoleInfo (RoleInfo.java:shutdownLeaderState(94)) - 0ab92cad-ec19-4fa3-a733-30f9108b825a: shutdown 0ab92cad-ec19-4fa3-a733-30f9108b825a@group-4B3347192B2F-LeaderStateImpl
2024-01-14 16:59:13,351 [0ab92cad-ec19-4fa3-a733-30f9108b825a@group-4B3347192B2F-LeaderStateImpl] INFO  impl.PendingRequests (PendingRequests.java:sendNotLeaderResponses(289)) - 0ab92cad-ec19-4fa3-a733-30f9108b825a@group-4B3347192B2F-PendingRequests: sendNotLeaderResponses
2024-01-14 16:59:13,351 [0ab92cad-ec19-4fa3-a733-30f9108b825a@group-4B3347192B2F->21dc7e34-f667-47e1-88cd-5882a68f9cf5-GrpcLogAppender-LogAppenderDaemon] WARN  server.GrpcLogAppender (GrpcLogAppender.java:mayWait(289)) - 0ab92cad-ec19-4fa3-a733-30f9108b825a@group-4B3347192B2F->21dc7e34-f667-47e1-88cd-5882a68f9cf5-GrpcLogAppender: Wait interrupted by java.lang.InterruptedException
2024-01-14 16:59:13,351 [0ab92cad-ec19-4fa3-a733-30f9108b825a@group-4B3347192B2F->08a076d1-72dd-4720-8252-a175f3c6a2d5-GrpcLogAppender-LogAppenderDaemon] WARN  server.GrpcLogAppender (GrpcLogAppender.java:mayWait(289)) - 0ab92cad-ec19-4fa3-a733-30f9108b825a@group-4B3347192B2F->08a076d1-72dd-4720-8252-a175f3c6a2d5-GrpcLogAppender: Wait interrupted by java.lang.InterruptedException
2024-01-14 16:59:13,353 [null-request--thread1] INFO  server.GrpcClientProtocolService (GrpcClientProtocolService.java:lambda$processClientRequest$0(284)) - Failed RaftClientRequest:client-8420D3119A68->0ab92cad-ec19-4fa3-a733-30f9108b825a@group-4B3347192B2F, cid=48, seq=null, Watch-MAJORITY_COMMITTED(93), Message:<EMPTY>, reply=RaftClientReply:client-8420D3119A68->0ab92cad-ec19-4fa3-a733-30f9108b825a@group-4B3347192B2F, cid=48, FAILED org.apache.ratis.protocol.exceptions.NotLeaderException: Server 0ab92cad-ec19-4fa3-a733-30f9108b825a@group-4B3347192B2F is not the leader, logIndex=0, commits[0ab92cad-ec19-4fa3-a733-30f9108b825a:c2, 21dc7e34-f667-47e1-88cd-5882a68f9cf5:c2, 08a076d1-72dd-4720-8252-a175f3c6a2d5:c1]
2024-01-14 16:59:13,354 [0ab92cad-ec19-4fa3-a733-30f9108b825a@group-4B3347192B2F-LeaderStateImpl] INFO  server.RaftServer$Division (ServerState.java:setLeader(269)) - 0ab92cad-ec19-4fa3-a733-30f9108b825a@group-4B3347192B2F: change Leader from 0ab92cad-ec19-4fa3-a733-30f9108b825a to null at term 1 for StepDownReason:LOST_MAJORITY_HEARTBEATS
2024-01-14 16:59:13,354 [0ab92cad-ec19-4fa3-a733-30f9108b825a@group-4B3347192B2F-LeaderStateImpl] INFO  impl.RoleInfo (RoleInfo.java:updateAndGet(139)) - 0ab92cad-ec19-4fa3-a733-30f9108b825a: start 0ab92cad-ec19-4fa3-a733-30f9108b825a@group-4B3347192B2F-FollowerState
2024-01-14 16:59:13,963 [0ab92cad-ec19-4fa3-a733-30f9108b825a-CloseContainerThread-0] INFO  commandhandler.CloseContainerCommandHandler (CloseContainerCommandHandler.java:lambda$handle$0(154)) - Follower cannot close container #1.
2024-01-14 16:59:14,209 [timer6] WARN  server.GrpcLogAppender (LogUtils.java:warn(121)) - 0ab92cad-ec19-4fa3-a733-30f9108b825a@group-4B3347192B2F->08a076d1-72dd-4720-8252-a175f3c6a2d5-AppendLogResponseHandler: Failed appendEntries (Repeated 6 times in the last 5.000s): org.apache.ratis.thirdparty.io.grpc.StatusRuntimeException: UNAVAILABLE: io exception
2024-01-14 16:59:14,211 [timer7] WARN  server.GrpcLogAppender (GrpcLogAppender.java:lambda$resetClient$1(217)) - 0ab92cad-ec19-4fa3-a733-30f9108b825a@group-4B3347192B2F->08a076d1-72dd-4720-8252-a175f3c6a2d5-GrpcLogAppender: Follower failed (request=null, errorCount=14); keep nextIndex (3) unchanged and retry. (Repeated 6 times in the last 5.001s)
2024-01-14 16:59:15,172 [BackgroundPipelineScrubber] INFO  pipeline.PipelineManagerImpl (PipelineManagerImpl.java:scrubPipelines(610)) - Scrubbing pipeline: id: PipelineID=03eabdb3-c99d-40d8-9485-4b3347192b2f since it stays at CLOSED stage.
2024-01-14 16:59:15,173 [BackgroundPipelineScrubber] INFO  pipeline.RatisPipelineProvider (RatisPipelineProvider.java:lambda$close$4(272)) - Send pipeline:PipelineID=03eabdb3-c99d-40d8-9485-4b3347192b2f close command to datanode 08a076d1-72dd-4720-8252-a175f3c6a2d5
2024-01-14 16:59:15,173 [BackgroundPipelineScrubber] INFO  pipeline.RatisPipelineProvider (RatisPipelineProvider.java:lambda$close$4(272)) - Send pipeline:PipelineID=03eabdb3-c99d-40d8-9485-4b3347192b2f close command to datanode 21dc7e34-f667-47e1-88cd-5882a68f9cf5
2024-01-14 16:59:15,173 [BackgroundPipelineScrubber] INFO  pipeline.RatisPipelineProvider (RatisPipelineProvider.java:lambda$close$4(272)) - Send pipeline:PipelineID=03eabdb3-c99d-40d8-9485-4b3347192b2f close command to datanode 0ab92cad-ec19-4fa3-a733-30f9108b825a
2024-01-14 16:59:15,174 [BackgroundPipelineScrubber] INFO  pipeline.PipelineManagerImpl (PipelineManagerImpl.java:removePipeline(459)) - Pipeline Pipeline[ Id: 03eabdb3-c99d-40d8-9485-4b3347192b2f, Nodes: 08a076d1-72dd-4720-8252-a175f3c6a2d5(fv-az1248-16.lhg1ljel1gwudbpqdk5ar2pfag.bx.internal.cloudapp.net/10.1.0.34)21dc7e34-f667-47e1-88cd-5882a68f9cf5(fv-az1248-16.lhg1ljel1gwudbpqdk5ar2pfag.bx.internal.cloudapp.net/10.1.0.34)0ab92cad-ec19-4fa3-a733-30f9108b825a(fv-az1248-16.lhg1ljel1gwudbpqdk5ar2pfag.bx.internal.cloudapp.net/10.1.0.34), ReplicationConfig: RATIS/THREE, State:CLOSED, leaderId:0ab92cad-ec19-4fa3-a733-30f9108b825a, CreationTimestamp2024-01-14T16:58:54.565Z[Etc/UTC]] removed.
2024-01-14 16:59:16,708 [timer6] WARN  server.GrpcLogAppender (LogUtils.java:warn(121)) - 0ab92cad-ec19-4fa3-a733-30f9108b825a@group-4B3347192B2F->21dc7e34-f667-47e1-88cd-5882a68f9cf5-AppendLogResponseHandler: Failed appendEntries (Repeated 4 times in the last 5.001s): org.apache.ratis.thirdparty.io.grpc.StatusRuntimeException: UNAVAILABLE: io exception
2024-01-14 16:59:16,709 [timer7] WARN  server.GrpcLogAppender (GrpcLogAppender.java:lambda$resetClient$1(217)) - 0ab92cad-ec19-4fa3-a733-30f9108b825a@group-4B3347192B2F->21dc7e34-f667-47e1-88cd-5882a68f9cf5-GrpcLogAppender: Follower failed (request=null, errorCount=12); keep nextIndex (3) unchanged and retry. (Repeated 4 times in the last 5.000s)
2024-01-14 16:59:16,963 [0ab92cad-ec19-4fa3-a733-30f9108b825a-PipelineCommandHandlerThread-0] INFO  server.RaftServer (RaftServerProxy.java:remove(111)) - 0ab92cad-ec19-4fa3-a733-30f9108b825a: remove  FOLLOWER 0ab92cad-ec19-4fa3-a733-30f9108b825a@group-4B3347192B2F:t1, leader=null, voted=0ab92cad-ec19-4fa3-a733-30f9108b825a, raftlog=Memoized:0ab92cad-ec19-4fa3-a733-30f9108b825a@group-4B3347192B2F-SegmentedRaftLog:OPENED:c2, conf=0: peers:[0ab92cad-ec19-4fa3-a733-30f9108b825a|10.1.0.34:15139, 21dc7e34-f667-47e1-88cd-5882a68f9cf5|10.1.0.34:15148, 08a076d1-72dd-4720-8252-a175f3c6a2d5|10.1.0.34:15130]|listeners:[], old=null RUNNING
2024-01-14 16:59:16,964 [0ab92cad-ec19-4fa3-a733-30f9108b825a-PipelineCommandHandlerThread-0] INFO  server.RaftServer$Division (RaftServerImpl.java:lambda$close$3(526)) - 0ab92cad-ec19-4fa3-a733-30f9108b825a@group-4B3347192B2F: shutdown
2024-01-14 16:59:16,964 [0ab92cad-ec19-4fa3-a733-30f9108b825a-PipelineCommandHandlerThread-0] INFO  util.JmxRegister (JmxRegister.java:unregister(73)) - Successfully un-registered JMX Bean with object name Ratis:service=RaftServer,group=group-4B3347192B2F,id=0ab92cad-ec19-4fa3-a733-30f9108b825a
2024-01-14 16:59:16,964 [0ab92cad-ec19-4fa3-a733-30f9108b825a-PipelineCommandHandlerThread-0] INFO  impl.RoleInfo (RoleInfo.java:shutdownFollowerState(110)) - 0ab92cad-ec19-4fa3-a733-30f9108b825a: shutdown 0ab92cad-ec19-4fa3-a733-30f9108b825a@group-4B3347192B2F-FollowerState
2024-01-14 16:59:16,964 [0ab92cad-ec19-4fa3-a733-30f9108b825a-PipelineCommandHandlerThread-0] INFO  impl.StateMachineUpdater (StateMachineUpdater.java:stopAndJoin(157)) - 0ab92cad-ec19-4fa3-a733-30f9108b825a@group-4B3347192B2F-StateMachineUpdater: set stopIndex = 2
2024-01-14 16:59:16,964 [0ab92cad-ec19-4fa3-a733-30f9108b825a@group-4B3347192B2F-StateMachineUpdater] INFO  ratis.ContainerStateMachine (ContainerStateMachine.java:takeSnapshot(355)) - group-4B3347192B2F: Taking a snapshot at:(t:1, i:2) file /home/runner/work/ozone/ozone/hadoop-ozone/integration-test/target/test-dir/MiniOzoneClusterImpl-073b5688-48cc-4907-9326-51c03fe36003/datanode-4/data/ratis/03eabdb3-c99d-40d8-9485-4b3347192b2f/sm/snapshot.1_2
2024-01-14 16:59:16,965 [0ab92cad-ec19-4fa3-a733-30f9108b825a@group-4B3347192B2F-FollowerState] INFO  impl.FollowerState (FollowerState.java:run(152)) - 0ab92cad-ec19-4fa3-a733-30f9108b825a@group-4B3347192B2F-FollowerState was interrupted
2024-01-14 16:59:16,966 [0ab92cad-ec19-4fa3-a733-30f9108b825a@group-4B3347192B2F-StateMachineUpdater] INFO  ratis.ContainerStateMachine (ContainerStateMachine.java:takeSnapshot(366)) - group-4B3347192B2F: Finished taking a snapshot at:(t:1, i:2) file:/home/runner/work/ozone/ozone/hadoop-ozone/integration-test/target/test-dir/MiniOzoneClusterImpl-073b5688-48cc-4907-9326-51c03fe36003/datanode-4/data/ratis/03eabdb3-c99d-40d8-9485-4b3347192b2f/sm/snapshot.1_2 took: 1 ms
2024-01-14 16:59:16,966 [0ab92cad-ec19-4fa3-a733-30f9108b825a@group-4B3347192B2F-StateMachineUpdater] INFO  impl.StateMachineUpdater (StateMachineUpdater.java:takeSnapshot(295)) - 0ab92cad-ec19-4fa3-a733-30f9108b825a@group-4B3347192B2F-StateMachineUpdater: Took a snapshot at index 2
2024-01-14 16:59:16,966 [0ab92cad-ec19-4fa3-a733-30f9108b825a@group-4B3347192B2F-StateMachineUpdater] INFO  impl.StateMachineUpdater (StateMachineUpdater.java:lambda$new$0(98)) - 0ab92cad-ec19-4fa3-a733-30f9108b825a@group-4B3347192B2F-StateMachineUpdater: snapshotIndex: updateIncreasingly -1 -> 2
2024-01-14 16:59:16,966 [0ab92cad-ec19-4fa3-a733-30f9108b825a-PipelineCommandHandlerThread-0] INFO  server.RaftServer$Division (ServerState.java:close(427)) - 0ab92cad-ec19-4fa3-a733-30f9108b825a@group-4B3347192B2F: applyIndex: 2
2024-01-14 16:59:16,966 [0ab92cad-ec19-4fa3-a733-30f9108b825a@group-4B3347192B2F-cacheEviction-AwaitToRun] INFO  util.AwaitToRun (AwaitToRun.java:run(49)) - 0ab92cad-ec19-4fa3-a733-30f9108b825a@group-4B3347192B2F-cacheEviction-AwaitToRun-AwaitForSignal is interrupted
2024-01-14 16:59:17,943 [0ab92cad-ec19-4fa3-a733-30f9108b825a-PipelineCommandHandlerThread-0] INFO  segmented.SegmentedRaftLogWorker (SegmentedRaftLogWorker.java:close(245)) - 0ab92cad-ec19-4fa3-a733-30f9108b825a@group-4B3347192B2F-SegmentedRaftLogWorker close()
2024-01-14 16:59:17,946 [0ab92cad-ec19-4fa3-a733-30f9108b825a-PipelineCommandHandlerThread-0] INFO  keyvalue.KeyValueContainer (KeyValueContainer.java:flushAndSyncDB(522)) - Container 1 is synced with bcsId 0.
2024-01-14 16:59:17,946 [0ab92cad-ec19-4fa3-a733-30f9108b825a-PipelineCommandHandlerThread-0] INFO  keyvalue.KeyValueContainer (KeyValueContainer.java:flushAndSyncDB(522)) - Container 1 is synced with bcsId 0.
2024-01-14 16:59:17,948 [FixedThreadPoolWithAffinityExecutor-9-0] INFO  container.IncrementalContainerReportHandler (AbstractContainerReportHandler.java:updateContainerState(287)) - Moving container #1 to QUASI_CLOSED state, datanode 0ab92cad-ec19-4fa3-a733-30f9108b825a(fv-az1248-16.lhg1ljel1gwudbpqdk5ar2pfag.bx.internal.cloudapp.net/10.1.0.34) reported QUASI_CLOSED replica.
2024-01-14 16:59:17,949 [0ab92cad-ec19-4fa3-a733-30f9108b825a-PipelineCommandHandlerThread-0] INFO  server.RaftServer$Division (RaftServerImpl.java:groupRemove(496)) - 0ab92cad-ec19-4fa3-a733-30f9108b825a@group-4B3347192B2F: Succeed to remove RaftStorageDirectory Storage Directory /home/runner/work/ozone/ozone/hadoop-ozone/integration-test/target/test-dir/MiniOzoneClusterImpl-073b5688-48cc-4907-9326-51c03fe36003/datanode-4/data/ratis/03eabdb3-c99d-40d8-9485-4b3347192b2f
2024-01-14 16:59:17,949 [0ab92cad-ec19-4fa3-a733-30f9108b825a-PipelineCommandHandlerThread-0] ERROR commandhandler.ClosePipelineCommandHandler (ClosePipelineCommandHandler.java:lambda$handle$2(137)) - Can't close pipeline PipelineID=03eabdb3-c99d-40d8-9485-4b3347192b2f
org.apache.ratis.protocol.exceptions.GroupMismatchException: 0ab92cad-ec19-4fa3-a733-30f9108b825a: group-4B3347192B2F not found.
	at org.apache.ratis.server.impl.RaftServerProxy$ImplMap.get(RaftServerProxy.java:154)
	at org.apache.ratis.server.impl.RaftServerProxy.getImplFuture(RaftServerProxy.java:364)
	at org.apache.ratis.server.impl.RaftServerProxy.getImpl(RaftServerProxy.java:373)
	at org.apache.ratis.server.impl.RaftServerProxy.getDivision(RaftServerProxy.java:386)
	at org.apache.hadoop.ozone.container.common.transport.server.ratis.XceiverServerRatis.getRaftPeersInPipeline(XceiverServerRatis.java:929)
	at org.apache.hadoop.ozone.container.common.statemachine.commandhandler.ClosePipelineCommandHandler.lambda$handle$2(ClosePipelineCommandHandler.java:114)
	at java.util.concurrent.CompletableFuture$AsyncRun.run(CompletableFuture.java:1640)
	at java.util.concurrent.ThreadPoolExecutor.runWorker(ThreadPoolExecutor.java:1149)
	at java.util.concurrent.ThreadPoolExecutor$Worker.run(ThreadPoolExecutor.java:624)
	at java.lang.Thread.run(Thread.java:750)
2024-01-14 16:59:24,932 [main] INFO  ozone.MiniOzoneClusterImpl (MiniOzoneClusterImpl.java:shutdown(449)) - Shutting down the Mini Ozone Cluster
2024-01-14 16:59:24,933 [main] INFO  db.CodecTestUtil (CodecTestUtil.java:gc(50)) - gc 0
2024-01-14 16:59:25,269 [main] INFO  ozone.MiniOzoneClusterImpl (MiniOzoneClusterImpl.java:stop(465)) - Stopping the Mini Ozone Cluster
2024-01-14 16:59:25,270 [main] INFO  om.OzoneManager (OzoneManager.java:stop(2204)) - om1[localhost:15093]: Stopping Ozone Manager
2024-01-14 16:59:25,270 [main] INFO  ipc.Server (Server.java:stop(3523)) - Stopping server on 15093
2024-01-14 16:59:25,272 [IPC Server listener on 15093] INFO  ipc.Server (Server.java:run(1434)) - Stopping IPC Server listener on 15093
2024-01-14 16:59:25,272 [IPC Server Responder] INFO  ipc.Server (Server.java:run(1567)) - Stopping IPC Server Responder
2024-01-14 16:59:25,275 [main] INFO  ratis.OzoneManagerRatisServer (OzoneManagerRatisServer.java:stop(594)) - Stopping org.apache.hadoop.ozone.om.ratis.OzoneManagerRatisServer@3f9f702c at port 15096
2024-01-14 16:59:25,278 [main] INFO  server.RaftServer (RaftServerProxy.java:lambda$close$9(416)) - om1: close
2024-01-14 16:59:25,278 [main] INFO  server.GrpcService (GrpcService.java:closeImpl(311)) - om1: shutdown server GrpcServerProtocolService now
2024-01-14 16:59:25,278 [om1-impl-thread1] INFO  server.RaftServer$Division (RaftServerImpl.java:lambda$close$3(526)) - om1@group-C5BA1605619E: shutdown
2024-01-14 16:59:25,278 [om1-impl-thread1] INFO  util.JmxRegister (JmxRegister.java:unregister(73)) - Successfully un-registered JMX Bean with object name Ratis:service=RaftServer,group=group-C5BA1605619E,id=om1
2024-01-14 16:59:25,278 [om1-impl-thread1] INFO  impl.RoleInfo (RoleInfo.java:shutdownLeaderState(94)) - om1: shutdown om1@group-C5BA1605619E-LeaderStateImpl
2024-01-14 16:59:25,279 [om1-impl-thread1] INFO  impl.PendingRequests (PendingRequests.java:sendNotLeaderResponses(289)) - om1@group-C5BA1605619E-PendingRequests: sendNotLeaderResponses
2024-01-14 16:59:25,282 [om1-impl-thread1] INFO  impl.StateMachineUpdater (StateMachineUpdater.java:stopAndJoin(157)) - om1@group-C5BA1605619E-StateMachineUpdater: set stopIndex = 4
2024-01-14 16:59:25,282 [om1@group-C5BA1605619E-StateMachineUpdater] INFO  ratis.OzoneManagerStateMachine (OzoneManagerStateMachine.java:takeSnapshotImpl(473)) -  applied = (t:1, i:3)
2024-01-14 16:59:25,282 [om1@group-C5BA1605619E-StateMachineUpdater] INFO  ratis.OzoneManagerStateMachine (OzoneManagerStateMachine.java:takeSnapshotImpl(474)) -  skipped = 3
2024-01-14 16:59:25,282 [om1@group-C5BA1605619E-StateMachineUpdater] INFO  ratis.OzoneManagerStateMachine (OzoneManagerStateMachine.java:takeSnapshotImpl(475)) - notified = (t:1, i:4)
2024-01-14 16:59:25,282 [om1@group-C5BA1605619E-StateMachineUpdater] INFO  ratis.OzoneManagerStateMachine (OzoneManagerStateMachine.java:takeSnapshotImpl(476)) - snapshot = (t:1, i:4)
2024-01-14 16:59:25,282 [main] INFO  server.GrpcService (GrpcService.java:closeImpl(320)) - om1: shutdown server GrpcServerProtocolService successfully
2024-01-14 16:59:25,291 [om1@group-C5BA1605619E-StateMachineUpdater] INFO  impl.StateMachineUpdater (StateMachineUpdater.java:takeSnapshot(295)) - om1@group-C5BA1605619E-StateMachineUpdater: Took a snapshot at index 4
2024-01-14 16:59:25,291 [om1@group-C5BA1605619E-StateMachineUpdater] INFO  impl.StateMachineUpdater (StateMachineUpdater.java:lambda$new$0(98)) - om1@group-C5BA1605619E-StateMachineUpdater: snapshotIndex: updateIncreasingly -1 -> 4
2024-01-14 16:59:25,291 [om1@group-C5BA1605619E-StateMachineUpdater] INFO  ratis.OzoneManagerStateMachine (OzoneManagerStateMachine.java:close(528)) - Stopping OzoneManagerStateMachine:om1:group-C5BA1605619E.
2024-01-14 16:59:25,291 [om1@group-C5BA1605619E-StateMachineUpdater] INFO  ratis.OzoneManagerDoubleBuffer (OzoneManagerDoubleBuffer.java:stopDaemon(529)) - Stopping OMDoubleBuffer flush thread
2024-01-14 16:59:25,291 [om1-OMDoubleBufferFlushThread] INFO  ratis.OzoneManagerDoubleBuffer (OzoneManagerDoubleBuffer.java:canFlush(609)) - OMDoubleBuffer flush thread om1-OMDoubleBufferFlushThread is interrupted and will exit.
2024-01-14 16:59:25,292 [om1-impl-thread1] INFO  server.RaftServer$Division (ServerState.java:close(427)) - om1@group-C5BA1605619E: applyIndex: 3
2024-01-14 16:59:25,292 [om1@group-C5BA1605619E-cacheEviction-AwaitToRun] INFO  util.AwaitToRun (AwaitToRun.java:run(49)) - om1@group-C5BA1605619E-cacheEviction-AwaitToRun-AwaitForSignal is interrupted
2024-01-14 16:59:25,900 [om1-impl-thread1] INFO  segmented.SegmentedRaftLogWorker (SegmentedRaftLogWorker.java:close(245)) - om1@group-C5BA1605619E-SegmentedRaftLogWorker close()
2024-01-14 16:59:25,900 [JvmPauseMonitor12] INFO  util.JvmPauseMonitor (JvmPauseMonitor.java:run(152)) - JvmPauseMonitor-om1: Stopped
2024-01-14 16:59:25,901 [main] INFO  utils.BackgroundService (BackgroundService.java:shutdown(160)) - Shutting down service KeyDeletingService
2024-01-14 16:59:25,901 [main] INFO  utils.BackgroundService (BackgroundService.java:shutdown(160)) - Shutting down service DirectoryDeletingService
2024-01-14 16:59:25,901 [main] INFO  utils.BackgroundService (BackgroundService.java:shutdown(160)) - Shutting down service OpenKeyCleanupService
2024-01-14 16:59:25,902 [main] INFO  utils.BackgroundService (BackgroundService.java:shutdown(160)) - Shutting down service SstFilteringService
2024-01-14 16:59:25,902 [main] INFO  utils.BackgroundService (BackgroundService.java:shutdown(160)) - Shutting down service SnapshotDeletingService
2024-01-14 16:59:25,902 [main] INFO  utils.BackgroundService (BackgroundService.java:shutdown(160)) - Shutting down service MultipartUploadCleanupService
2024-01-14 16:59:25,902 [main] INFO  utils.BackgroundService (BackgroundService.java:shutdown(160)) - Shutting down service SnapshotDirectoryCleaningService
2024-01-14 16:59:25,903 [main] INFO  handler.ContextHandler (ContextHandler.java:doStop(1159)) - Stopped o.e.j.w.WebAppContext@283beaba{ozoneManager,/,null,STOPPED}{file:/home/runner/work/ozone/ozone/hadoop-ozone/integration-test/target/test-classes/webapps/ozoneManager}
2024-01-14 16:59:25,904 [main] INFO  server.AbstractConnector (AbstractConnector.java:doStop(383)) - Stopped ServerConnector@22a36e2b{HTTP/1.1, (http/1.1)}{0.0.0.0:15094}
2024-01-14 16:59:25,904 [main] INFO  server.session (HouseKeeper.java:stopScavenging(149)) - node0 Stopped scavenging
2024-01-14 16:59:25,905 [main] INFO  handler.ContextHandler (ContextHandler.java:doStop(1159)) - Stopped o.e.j.s.ServletContextHandler@2cd7dd2a{static,/static,file:///home/runner/work/ozone/ozone/hadoop-ozone/integration-test/target/test-classes/webapps/static,STOPPED}
2024-01-14 16:59:25,905 [main] INFO  handler.ContextHandler (ContextHandler.java:doStop(1159)) - Stopped o.e.j.s.ServletContextHandler@7b677e33{logs,/logs,file:///home/runner/work/ozone/ozone/hadoop-ozone/integration-test/target/log,STOPPED}
2024-01-14 16:59:25,905 [main] INFO  rocksdiff.RocksDBCheckpointDiffer (RocksDBCheckpointDiffer.java:close(310)) - Shutting down CompactionDagPruningService.
2024-01-14 16:59:25,907 [main] INFO  snapshot.SnapshotDiffManager (SnapshotDiffManager.java:closeExecutorService(1688)) - Shutting down executorService: 'SnapDiffExecutor'
2024-01-14 16:59:25,907 [main] INFO  snapshot.SnapshotDiffManager (SnapshotDiffManager.java:closeExecutorService(1688)) - Shutting down executorService: 'SstDumpToolExecutor'
2024-01-14 16:59:25,907 [main] INFO  utils.BackgroundService (BackgroundService.java:shutdown(160)) - Shutting down service SnapshotDiffCleanupService
2024-01-14 16:59:25,908 [main] INFO  ozone.MiniOzoneClusterImpl (MiniOzoneClusterImpl.java:stopDatanodes(535)) - Stopping the HddsDatanodes
2024-01-14 16:59:25,910 [main] INFO  ozoneimpl.OzoneContainer (OzoneContainer.java:stop(479)) - Attempting to stop container services.
2024-01-14 16:59:25,911 [main] INFO  server.RaftServer (RaftServerProxy.java:lambda$close$9(416)) - 0ab92cad-ec19-4fa3-a733-30f9108b825a: close
2024-01-14 16:59:25,912 [main] INFO  server.GrpcService (GrpcService.java:closeImpl(311)) - 0ab92cad-ec19-4fa3-a733-30f9108b825a: shutdown server org.apache.ratis.grpc.server.GrpcClientProtocolService now
2024-01-14 16:59:25,912 [0ab92cad-ec19-4fa3-a733-30f9108b825a-impl-thread1] INFO  server.RaftServer$Division (RaftServerImpl.java:lambda$close$3(526)) - 0ab92cad-ec19-4fa3-a733-30f9108b825a@group-22CA3FD4C0A4: shutdown
2024-01-14 16:59:25,912 [0ab92cad-ec19-4fa3-a733-30f9108b825a-impl-thread1] INFO  util.JmxRegister (JmxRegister.java:unregister(73)) - Successfully un-registered JMX Bean with object name Ratis:service=RaftServer,group=group-22CA3FD4C0A4,id=0ab92cad-ec19-4fa3-a733-30f9108b825a
2024-01-14 16:59:25,912 [0ab92cad-ec19-4fa3-a733-30f9108b825a-impl-thread1] INFO  impl.RoleInfo (RoleInfo.java:shutdownLeaderState(94)) - 0ab92cad-ec19-4fa3-a733-30f9108b825a: shutdown 0ab92cad-ec19-4fa3-a733-30f9108b825a@group-22CA3FD4C0A4-LeaderStateImpl
2024-01-14 16:59:25,913 [0ab92cad-ec19-4fa3-a733-30f9108b825a-impl-thread1] INFO  impl.PendingRequests (PendingRequests.java:sendNotLeaderResponses(289)) - 0ab92cad-ec19-4fa3-a733-30f9108b825a@group-22CA3FD4C0A4-PendingRequests: sendNotLeaderResponses
2024-01-14 16:59:25,913 [Thread-2177] INFO  server.GrpcServerProtocolClient (GrpcServerProtocolClient.java:close(103)) - 21dc7e34-f667-47e1-88cd-5882a68f9cf5 Close channels
2024-01-14 16:59:25,913 [0ab92cad-ec19-4fa3-a733-30f9108b825a-impl-thread1] INFO  impl.StateMachineUpdater (StateMachineUpdater.java:stopAndJoin(157)) - 0ab92cad-ec19-4fa3-a733-30f9108b825a@group-22CA3FD4C0A4-StateMachineUpdater: set stopIndex = 0
2024-01-14 16:59:25,913 [0ab92cad-ec19-4fa3-a733-30f9108b825a@group-22CA3FD4C0A4-StateMachineUpdater] INFO  ratis.ContainerStateMachine (ContainerStateMachine.java:takeSnapshot(355)) - group-22CA3FD4C0A4: Taking a snapshot at:(t:1, i:0) file /home/runner/work/ozone/ozone/hadoop-ozone/integration-test/target/test-dir/MiniOzoneClusterImpl-073b5688-48cc-4907-9326-51c03fe36003/datanode-4/data/ratis/da090113-48f8-4243-b72c-22ca3fd4c0a4/sm/snapshot.1_0
2024-01-14 16:59:25,915 [0ab92cad-ec19-4fa3-a733-30f9108b825a@group-22CA3FD4C0A4-StateMachineUpdater] INFO  ratis.ContainerStateMachine (ContainerStateMachine.java:takeSnapshot(366)) - group-22CA3FD4C0A4: Finished taking a snapshot at:(t:1, i:0) file:/home/runner/work/ozone/ozone/hadoop-ozone/integration-test/target/test-dir/MiniOzoneClusterImpl-073b5688-48cc-4907-9326-51c03fe36003/datanode-4/data/ratis/da090113-48f8-4243-b72c-22ca3fd4c0a4/sm/snapshot.1_0 took: 2 ms
2024-01-14 16:59:25,915 [Thread-2178] INFO  server.GrpcServerProtocolClient (GrpcServerProtocolClient.java:close(103)) - 08a076d1-72dd-4720-8252-a175f3c6a2d5 Close channels
2024-01-14 16:59:25,916 [0ab92cad-ec19-4fa3-a733-30f9108b825a@group-22CA3FD4C0A4-StateMachineUpdater] INFO  impl.StateMachineUpdater (StateMachineUpdater.java:takeSnapshot(295)) - 0ab92cad-ec19-4fa3-a733-30f9108b825a@group-22CA3FD4C0A4-StateMachineUpdater: Took a snapshot at index 0
2024-01-14 16:59:25,916 [0ab92cad-ec19-4fa3-a733-30f9108b825a@group-22CA3FD4C0A4-StateMachineUpdater] INFO  impl.StateMachineUpdater (StateMachineUpdater.java:lambda$new$0(98)) - 0ab92cad-ec19-4fa3-a733-30f9108b825a@group-22CA3FD4C0A4-StateMachineUpdater: snapshotIndex: updateIncreasingly -1 -> 0
2024-01-14 16:59:25,917 [main] INFO  server.GrpcService (GrpcService.java:closeImpl(320)) - 0ab92cad-ec19-4fa3-a733-30f9108b825a: shutdown server org.apache.ratis.grpc.server.GrpcClientProtocolService successfully
2024-01-14 16:59:25,917 [main] INFO  server.GrpcService (GrpcService.java:closeImpl(311)) - 0ab92cad-ec19-4fa3-a733-30f9108b825a: shutdown server GrpcServerProtocolService now
2024-01-14 16:59:25,917 [0ab92cad-ec19-4fa3-a733-30f9108b825a-impl-thread1] INFO  server.RaftServer$Division (ServerState.java:close(427)) - 0ab92cad-ec19-4fa3-a733-30f9108b825a@group-22CA3FD4C0A4: applyIndex: 0
2024-01-14 16:59:25,917 [ForkJoinPool.commonPool-worker-7] INFO  ozoneimpl.OzoneContainer (OzoneContainer.java:stop(479)) - Attempting to stop container services.
2024-01-14 16:59:25,918 [0ab92cad-ec19-4fa3-a733-30f9108b825a@group-22CA3FD4C0A4-cacheEviction-AwaitToRun] INFO  util.AwaitToRun (AwaitToRun.java:run(49)) - 0ab92cad-ec19-4fa3-a733-30f9108b825a@group-22CA3FD4C0A4-cacheEviction-AwaitToRun-AwaitForSignal is interrupted
2024-01-14 16:59:25,917 [ForkJoinPool.commonPool-worker-0] INFO  ozoneimpl.OzoneContainer (OzoneContainer.java:stop(479)) - Attempting to stop container services.
2024-01-14 16:59:25,918 [ForkJoinPool.commonPool-worker-0] INFO  server.RaftServer (RaftServerProxy.java:lambda$close$9(416)) - 7ded70f2-1c6f-4acc-8465-7e233baee92c: close
2024-01-14 16:59:25,918 [7ded70f2-1c6f-4acc-8465-7e233baee92c-impl-thread1] INFO  server.RaftServer$Division (RaftServerImpl.java:lambda$close$3(526)) - 7ded70f2-1c6f-4acc-8465-7e233baee92c@group-B6DE5DCCFDEA: shutdown
2024-01-14 16:59:25,918 [7ded70f2-1c6f-4acc-8465-7e233baee92c-impl-thread1] INFO  util.JmxRegister (JmxRegister.java:unregister(73)) - Successfully un-registered JMX Bean with object name Ratis:service=RaftServer,group=group-B6DE5DCCFDEA,id=7ded70f2-1c6f-4acc-8465-7e233baee92c
2024-01-14 16:59:25,918 [7ded70f2-1c6f-4acc-8465-7e233baee92c-impl-thread1] INFO  impl.RoleInfo (RoleInfo.java:shutdownLeaderState(94)) - 7ded70f2-1c6f-4acc-8465-7e233baee92c: shutdown 7ded70f2-1c6f-4acc-8465-7e233baee92c@group-B6DE5DCCFDEA-LeaderStateImpl
2024-01-14 16:59:25,918 [7ded70f2-1c6f-4acc-8465-7e233baee92c-impl-thread1] INFO  impl.PendingRequests (PendingRequests.java:sendNotLeaderResponses(289)) - 7ded70f2-1c6f-4acc-8465-7e233baee92c@group-B6DE5DCCFDEA-PendingRequests: sendNotLeaderResponses
2024-01-14 16:59:25,919 [ForkJoinPool.commonPool-worker-0] INFO  server.GrpcService (GrpcService.java:closeImpl(311)) - 7ded70f2-1c6f-4acc-8465-7e233baee92c: shutdown server org.apache.ratis.grpc.server.GrpcClientProtocolService now
2024-01-14 16:59:25,917 [ForkJoinPool.commonPool-worker-1] INFO  ozoneimpl.OzoneContainer (OzoneContainer.java:stop(479)) - Attempting to stop container services.
2024-01-14 16:59:25,919 [7ded70f2-1c6f-4acc-8465-7e233baee92c-impl-thread1] INFO  impl.StateMachineUpdater (StateMachineUpdater.java:stopAndJoin(157)) - 7ded70f2-1c6f-4acc-8465-7e233baee92c@group-B6DE5DCCFDEA-StateMachineUpdater: set stopIndex = 0
2024-01-14 16:59:25,919 [7ded70f2-1c6f-4acc-8465-7e233baee92c@group-B6DE5DCCFDEA-StateMachineUpdater] INFO  ratis.ContainerStateMachine (ContainerStateMachine.java:takeSnapshot(355)) - group-B6DE5DCCFDEA: Taking a snapshot at:(t:1, i:0) file /home/runner/work/ozone/ozone/hadoop-ozone/integration-test/target/test-dir/MiniOzoneClusterImpl-073b5688-48cc-4907-9326-51c03fe36003/datanode-7/data/ratis/685d2a46-a537-498a-b42d-b6de5dccfdea/sm/snapshot.1_0
2024-01-14 16:59:25,920 [7ded70f2-1c6f-4acc-8465-7e233baee92c-impl-thread2] INFO  server.RaftServer$Division (RaftServerImpl.java:lambda$close$3(526)) - 7ded70f2-1c6f-4acc-8465-7e233baee92c@group-682A4B85AB5F: shutdown
2024-01-14 16:59:25,920 [7ded70f2-1c6f-4acc-8465-7e233baee92c-impl-thread2] INFO  util.JmxRegister (JmxRegister.java:unregister(73)) - Successfully un-registered JMX Bean with object name Ratis:service=RaftServer,group=group-682A4B85AB5F,id=7ded70f2-1c6f-4acc-8465-7e233baee92c
2024-01-14 16:59:25,918 [ForkJoinPool.commonPool-worker-7] INFO  server.RaftServer (RaftServerProxy.java:lambda$close$9(416)) - a2543f1a-c8af-46f0-9728-67cfa3d7b722: close
2024-01-14 16:59:25,920 [7ded70f2-1c6f-4acc-8465-7e233baee92c-impl-thread2] INFO  impl.RoleInfo (RoleInfo.java:shutdownFollowerState(110)) - 7ded70f2-1c6f-4acc-8465-7e233baee92c: shutdown 7ded70f2-1c6f-4acc-8465-7e233baee92c@group-682A4B85AB5F-FollowerState
2024-01-14 16:59:25,920 [7ded70f2-1c6f-4acc-8465-7e233baee92c@group-B6DE5DCCFDEA-StateMachineUpdater] INFO  ratis.ContainerStateMachine (ContainerStateMachine.java:takeSnapshot(366)) - group-B6DE5DCCFDEA: Finished taking a snapshot at:(t:1, i:0) file:/home/runner/work/ozone/ozone/hadoop-ozone/integration-test/target/test-dir/MiniOzoneClusterImpl-073b5688-48cc-4907-9326-51c03fe36003/datanode-7/data/ratis/685d2a46-a537-498a-b42d-b6de5dccfdea/sm/snapshot.1_0 took: 0 ms
2024-01-14 16:59:25,920 [a2543f1a-c8af-46f0-9728-67cfa3d7b722-impl-thread1] INFO  server.RaftServer$Division (RaftServerImpl.java:lambda$close$3(526)) - a2543f1a-c8af-46f0-9728-67cfa3d7b722@group-038420BB7178: shutdown
2024-01-14 16:59:25,920 [a2543f1a-c8af-46f0-9728-67cfa3d7b722-impl-thread1] INFO  util.JmxRegister (JmxRegister.java:unregister(73)) - Successfully un-registered JMX Bean with object name Ratis:service=RaftServer,group=group-038420BB7178,id=a2543f1a-c8af-46f0-9728-67cfa3d7b722
2024-01-14 16:59:25,920 [a2543f1a-c8af-46f0-9728-67cfa3d7b722-impl-thread1] INFO  impl.RoleInfo (RoleInfo.java:shutdownLeaderState(94)) - a2543f1a-c8af-46f0-9728-67cfa3d7b722: shutdown a2543f1a-c8af-46f0-9728-67cfa3d7b722@group-038420BB7178-LeaderStateImpl
2024-01-14 16:59:25,920 [7ded70f2-1c6f-4acc-8465-7e233baee92c@group-B6DE5DCCFDEA-StateMachineUpdater] INFO  impl.StateMachineUpdater (StateMachineUpdater.java:takeSnapshot(295)) - 7ded70f2-1c6f-4acc-8465-7e233baee92c@group-B6DE5DCCFDEA-StateMachineUpdater: Took a snapshot at index 0
2024-01-14 16:59:25,920 [a2543f1a-c8af-46f0-9728-67cfa3d7b722-impl-thread1] INFO  impl.PendingRequests (PendingRequests.java:sendNotLeaderResponses(289)) - a2543f1a-c8af-46f0-9728-67cfa3d7b722@group-038420BB7178-PendingRequests: sendNotLeaderResponses
2024-01-14 16:59:25,920 [7ded70f2-1c6f-4acc-8465-7e233baee92c@group-B6DE5DCCFDEA-StateMachineUpdater] INFO  impl.StateMachineUpdater (StateMachineUpdater.java:lambda$new$0(98)) - 7ded70f2-1c6f-4acc-8465-7e233baee92c@group-B6DE5DCCFDEA-StateMachineUpdater: snapshotIndex: updateIncreasingly -1 -> 0
2024-01-14 16:59:25,921 [7ded70f2-1c6f-4acc-8465-7e233baee92c-impl-thread1] INFO  server.RaftServer$Division (ServerState.java:close(427)) - 7ded70f2-1c6f-4acc-8465-7e233baee92c@group-B6DE5DCCFDEA: applyIndex: 0
2024-01-14 16:59:25,921 [ForkJoinPool.commonPool-worker-7] INFO  server.GrpcService (GrpcService.java:closeImpl(311)) - a2543f1a-c8af-46f0-9728-67cfa3d7b722: shutdown server org.apache.ratis.grpc.server.GrpcClientProtocolService now
2024-01-14 16:59:25,921 [7ded70f2-1c6f-4acc-8465-7e233baee92c@group-682A4B85AB5F-StateMachineUpdater] INFO  ratis.ContainerStateMachine (ContainerStateMachine.java:takeSnapshot(355)) - group-682A4B85AB5F: Taking a snapshot at:(t:1, i:0) file /home/runner/work/ozone/ozone/hadoop-ozone/integration-test/target/test-dir/MiniOzoneClusterImpl-073b5688-48cc-4907-9326-51c03fe36003/datanode-7/data/ratis/812cd810-4bbd-4eee-a156-682a4b85ab5f/sm/snapshot.1_0
2024-01-14 16:59:25,921 [7ded70f2-1c6f-4acc-8465-7e233baee92c@group-682A4B85AB5F-FollowerState] INFO  impl.FollowerState (FollowerState.java:run(152)) - 7ded70f2-1c6f-4acc-8465-7e233baee92c@group-682A4B85AB5F-FollowerState was interrupted
2024-01-14 16:59:25,921 [7ded70f2-1c6f-4acc-8465-7e233baee92c@group-B6DE5DCCFDEA-cacheEviction-AwaitToRun] INFO  util.AwaitToRun (AwaitToRun.java:run(49)) - 7ded70f2-1c6f-4acc-8465-7e233baee92c@group-B6DE5DCCFDEA-cacheEviction-AwaitToRun-AwaitForSignal is interrupted
2024-01-14 16:59:25,922 [7ded70f2-1c6f-4acc-8465-7e233baee92c-impl-thread2] INFO  impl.StateMachineUpdater (StateMachineUpdater.java:stopAndJoin(157)) - 7ded70f2-1c6f-4acc-8465-7e233baee92c@group-682A4B85AB5F-StateMachineUpdater: set stopIndex = 0
2024-01-14 16:59:25,922 [7ded70f2-1c6f-4acc-8465-7e233baee92c@group-682A4B85AB5F-StateMachineUpdater] INFO  ratis.ContainerStateMachine (ContainerStateMachine.java:takeSnapshot(366)) - group-682A4B85AB5F: Finished taking a snapshot at:(t:1, i:0) file:/home/runner/work/ozone/ozone/hadoop-ozone/integration-test/target/test-dir/MiniOzoneClusterImpl-073b5688-48cc-4907-9326-51c03fe36003/datanode-7/data/ratis/812cd810-4bbd-4eee-a156-682a4b85ab5f/sm/snapshot.1_0 took: 0 ms
2024-01-14 16:59:25,922 [ForkJoinPool.commonPool-worker-0] INFO  server.GrpcService (GrpcService.java:closeImpl(320)) - 7ded70f2-1c6f-4acc-8465-7e233baee92c: shutdown server org.apache.ratis.grpc.server.GrpcClientProtocolService successfully
2024-01-14 16:59:25,922 [7ded70f2-1c6f-4acc-8465-7e233baee92c@group-682A4B85AB5F-StateMachineUpdater] INFO  impl.StateMachineUpdater (StateMachineUpdater.java:takeSnapshot(295)) - 7ded70f2-1c6f-4acc-8465-7e233baee92c@group-682A4B85AB5F-StateMachineUpdater: Took a snapshot at index 0
2024-01-14 16:59:25,922 [7ded70f2-1c6f-4acc-8465-7e233baee92c@group-682A4B85AB5F-StateMachineUpdater] INFO  impl.StateMachineUpdater (StateMachineUpdater.java:lambda$new$0(98)) - 7ded70f2-1c6f-4acc-8465-7e233baee92c@group-682A4B85AB5F-StateMachineUpdater: snapshotIndex: updateIncreasingly -1 -> 0
2024-01-14 16:59:25,922 [a2543f1a-c8af-46f0-9728-67cfa3d7b722@group-038420BB7178-StateMachineUpdater] INFO  ratis.ContainerStateMachine (ContainerStateMachine.java:takeSnapshot(355)) - group-038420BB7178: Taking a snapshot at:(t:1, i:0) file /home/runner/work/ozone/ozone/hadoop-ozone/integration-test/target/test-dir/MiniOzoneClusterImpl-073b5688-48cc-4907-9326-51c03fe36003/datanode-2/data/ratis/5e56ecc0-a939-4827-942a-038420bb7178/sm/snapshot.1_0
2024-01-14 16:59:25,922 [a2543f1a-c8af-46f0-9728-67cfa3d7b722-impl-thread1] INFO  impl.StateMachineUpdater (StateMachineUpdater.java:stopAndJoin(157)) - a2543f1a-c8af-46f0-9728-67cfa3d7b722@group-038420BB7178-StateMachineUpdater: set stopIndex = 0
2024-01-14 16:59:25,922 [ForkJoinPool.commonPool-worker-1] INFO  server.RaftServer (RaftServerProxy.java:lambda$close$9(416)) - 56641f86-a9c9-430f-8bf6-dc57d718c7d6: close
2024-01-14 16:59:25,922 [7ded70f2-1c6f-4acc-8465-7e233baee92c-impl-thread2] INFO  server.RaftServer$Division (ServerState.java:close(427)) - 7ded70f2-1c6f-4acc-8465-7e233baee92c@group-682A4B85AB5F: applyIndex: 0
2024-01-14 16:59:25,923 [a2543f1a-c8af-46f0-9728-67cfa3d7b722@group-038420BB7178-StateMachineUpdater] INFO  ratis.ContainerStateMachine (ContainerStateMachine.java:takeSnapshot(366)) - group-038420BB7178: Finished taking a snapshot at:(t:1, i:0) file:/home/runner/work/ozone/ozone/hadoop-ozone/integration-test/target/test-dir/MiniOzoneClusterImpl-073b5688-48cc-4907-9326-51c03fe36003/datanode-2/data/ratis/5e56ecc0-a939-4827-942a-038420bb7178/sm/snapshot.1_0 took: 1 ms
2024-01-14 16:59:25,923 [a2543f1a-c8af-46f0-9728-67cfa3d7b722@group-038420BB7178-StateMachineUpdater] INFO  impl.StateMachineUpdater (StateMachineUpdater.java:takeSnapshot(295)) - a2543f1a-c8af-46f0-9728-67cfa3d7b722@group-038420BB7178-StateMachineUpdater: Took a snapshot at index 0
2024-01-14 16:59:25,923 [a2543f1a-c8af-46f0-9728-67cfa3d7b722@group-038420BB7178-StateMachineUpdater] INFO  impl.StateMachineUpdater (StateMachineUpdater.java:lambda$new$0(98)) - a2543f1a-c8af-46f0-9728-67cfa3d7b722@group-038420BB7178-StateMachineUpdater: snapshotIndex: updateIncreasingly -1 -> 0
2024-01-14 16:59:25,922 [main] INFO  server.GrpcService (GrpcService.java:closeImpl(320)) - 0ab92cad-ec19-4fa3-a733-30f9108b825a: shutdown server GrpcServerProtocolService successfully
2024-01-14 16:59:25,922 [ForkJoinPool.commonPool-worker-0] INFO  server.GrpcService (GrpcService.java:closeImpl(311)) - 7ded70f2-1c6f-4acc-8465-7e233baee92c: shutdown server GrpcServerProtocolService now
2024-01-14 16:59:25,923 [main] INFO  server.GrpcService (GrpcService.java:closeImpl(311)) - 0ab92cad-ec19-4fa3-a733-30f9108b825a: shutdown server org.apache.ratis.grpc.server.GrpcAdminProtocolService now
2024-01-14 16:59:25,923 [a2543f1a-c8af-46f0-9728-67cfa3d7b722-impl-thread1] INFO  server.RaftServer$Division (ServerState.java:close(427)) - a2543f1a-c8af-46f0-9728-67cfa3d7b722@group-038420BB7178: applyIndex: 0
2024-01-14 16:59:25,924 [a2543f1a-c8af-46f0-9728-67cfa3d7b722-impl-thread2] INFO  server.RaftServer$Division (RaftServerImpl.java:lambda$close$3(526)) - a2543f1a-c8af-46f0-9728-67cfa3d7b722@group-291BE69B6FEB: shutdown
2024-01-14 16:59:25,924 [a2543f1a-c8af-46f0-9728-67cfa3d7b722-impl-thread2] INFO  util.JmxRegister (JmxRegister.java:unregister(73)) - Successfully un-registered JMX Bean with object name Ratis:service=RaftServer,group=group-291BE69B6FEB,id=a2543f1a-c8af-46f0-9728-67cfa3d7b722
2024-01-14 16:59:25,924 [a2543f1a-c8af-46f0-9728-67cfa3d7b722-impl-thread2] INFO  impl.RoleInfo (RoleInfo.java:shutdownLeaderState(94)) - a2543f1a-c8af-46f0-9728-67cfa3d7b722: shutdown a2543f1a-c8af-46f0-9728-67cfa3d7b722@group-291BE69B6FEB-LeaderStateImpl
2024-01-14 16:59:25,924 [grpc-default-executor-4] WARN  server.GrpcServerProtocolService (LogUtils.java:warn(121)) - 7ded70f2-1c6f-4acc-8465-7e233baee92c: APPEND_ENTRIES onError, lastRequest: null: org.apache.ratis.thirdparty.io.grpc.StatusRuntimeException: CANCELLED: client cancelled
2024-01-14 16:59:25,924 [Thread-2188] INFO  server.GrpcServerProtocolClient (GrpcServerProtocolClient.java:close(103)) - 08cfce96-786e-4185-808c-4b09ee2338d3 Close channels
2024-01-14 16:59:25,924 [Thread-2187] INFO  server.GrpcServerProtocolClient (GrpcServerProtocolClient.java:close(103)) - 56641f86-a9c9-430f-8bf6-dc57d718c7d6 Close channels
2024-01-14 16:59:25,926 [grpc-default-executor-0] WARN  server.GrpcLogAppender (LogUtils.java:warn(121)) - eb54ab2f-dc88-49fd-8d6c-2a4c844f47e7@group-682A4B85AB5F->7ded70f2-1c6f-4acc-8465-7e233baee92c-AppendLogResponseHandler: Failed appendEntries: org.apache.ratis.thirdparty.io.grpc.StatusRuntimeException: CANCELLED: RST_STREAM closed stream. HTTP/2 error code: CANCEL
2024-01-14 16:59:25,926 [grpc-default-executor-0] WARN  server.GrpcLogAppender (GrpcLogAppender.java:lambda$resetClient$1(217)) - eb54ab2f-dc88-49fd-8d6c-2a4c844f47e7@group-682A4B85AB5F->7ded70f2-1c6f-4acc-8465-7e233baee92c-GrpcLogAppender: Follower failed (request=null, errorCount=1); keep nextIndex (1) unchanged and retry.
2024-01-14 16:59:25,931 [a2543f1a-c8af-46f0-9728-67cfa3d7b722@group-038420BB7178-cacheEviction-AwaitToRun] INFO  util.AwaitToRun (AwaitToRun.java:run(49)) - a2543f1a-c8af-46f0-9728-67cfa3d7b722@group-038420BB7178-cacheEviction-AwaitToRun-AwaitForSignal is interrupted
2024-01-14 16:59:25,931 [56641f86-a9c9-430f-8bf6-dc57d718c7d6-impl-thread1] INFO  server.RaftServer$Division (RaftServerImpl.java:lambda$close$3(526)) - 56641f86-a9c9-430f-8bf6-dc57d718c7d6@group-B74FB7C93973: shutdown
2024-01-14 16:59:25,931 [56641f86-a9c9-430f-8bf6-dc57d718c7d6-impl-thread1] INFO  util.JmxRegister (JmxRegister.java:unregister(73)) - Successfully un-registered JMX Bean with object name Ratis:service=RaftServer,group=group-B74FB7C93973,id=56641f86-a9c9-430f-8bf6-dc57d718c7d6
2024-01-14 16:59:25,931 [56641f86-a9c9-430f-8bf6-dc57d718c7d6-impl-thread1] INFO  impl.RoleInfo (RoleInfo.java:shutdownLeaderState(94)) - 56641f86-a9c9-430f-8bf6-dc57d718c7d6: shutdown 56641f86-a9c9-430f-8bf6-dc57d718c7d6@group-B74FB7C93973-LeaderStateImpl
2024-01-14 16:59:25,931 [56641f86-a9c9-430f-8bf6-dc57d718c7d6-impl-thread1] INFO  impl.PendingRequests (PendingRequests.java:sendNotLeaderResponses(289)) - 56641f86-a9c9-430f-8bf6-dc57d718c7d6@group-B74FB7C93973-PendingRequests: sendNotLeaderResponses
2024-01-14 16:59:25,931 [7ded70f2-1c6f-4acc-8465-7e233baee92c@group-682A4B85AB5F-cacheEviction-AwaitToRun] INFO  util.AwaitToRun (AwaitToRun.java:run(49)) - 7ded70f2-1c6f-4acc-8465-7e233baee92c@group-682A4B85AB5F-cacheEviction-AwaitToRun-AwaitForSignal is interrupted
2024-01-14 16:59:25,931 [a2543f1a-c8af-46f0-9728-67cfa3d7b722@group-291BE69B6FEB->56641f86-a9c9-430f-8bf6-dc57d718c7d6-GrpcLogAppender-LogAppenderDaemon] WARN  server.GrpcLogAppender (GrpcLogAppender.java:mayWait(289)) - a2543f1a-c8af-46f0-9728-67cfa3d7b722@group-291BE69B6FEB->56641f86-a9c9-430f-8bf6-dc57d718c7d6-GrpcLogAppender: Wait interrupted by java.lang.InterruptedException
2024-01-14 16:59:25,931 [56641f86-a9c9-430f-8bf6-dc57d718c7d6-impl-thread2] INFO  server.RaftServer$Division (RaftServerImpl.java:lambda$close$3(526)) - 56641f86-a9c9-430f-8bf6-dc57d718c7d6@group-291BE69B6FEB: shutdown
2024-01-14 16:59:25,931 [ForkJoinPool.commonPool-worker-1] INFO  server.GrpcService (GrpcService.java:closeImpl(311)) - 56641f86-a9c9-430f-8bf6-dc57d718c7d6: shutdown server org.apache.ratis.grpc.server.GrpcClientProtocolService now
2024-01-14 16:59:25,932 [a2543f1a-c8af-46f0-9728-67cfa3d7b722-impl-thread2] INFO  impl.PendingRequests (PendingRequests.java:sendNotLeaderResponses(289)) - a2543f1a-c8af-46f0-9728-67cfa3d7b722@group-291BE69B6FEB-PendingRequests: sendNotLeaderResponses
2024-01-14 16:59:25,932 [a2543f1a-c8af-46f0-9728-67cfa3d7b722@group-291BE69B6FEB->08cfce96-786e-4185-808c-4b09ee2338d3-GrpcLogAppender-LogAppenderDaemon] WARN  server.GrpcLogAppender (GrpcLogAppender.java:mayWait(289)) - a2543f1a-c8af-46f0-9728-67cfa3d7b722@group-291BE69B6FEB->08cfce96-786e-4185-808c-4b09ee2338d3-GrpcLogAppender: Wait interrupted by java.lang.InterruptedException
2024-01-14 16:59:25,932 [grpc-default-executor-1] INFO  server.GrpcServerProtocolService (GrpcServerProtocolService.java:onCompleted(157)) - 56641f86-a9c9-430f-8bf6-dc57d718c7d6: Completed APPEND_ENTRIES, lastRequest: null
2024-01-14 16:59:25,933 [a2543f1a-c8af-46f0-9728-67cfa3d7b722@group-291BE69B6FEB-StateMachineUpdater] INFO  ratis.ContainerStateMachine (ContainerStateMachine.java:takeSnapshot(355)) - group-291BE69B6FEB: Taking a snapshot at:(t:1, i:0) file /home/runner/work/ozone/ozone/hadoop-ozone/integration-test/target/test-dir/MiniOzoneClusterImpl-073b5688-48cc-4907-9326-51c03fe36003/datanode-2/data/ratis/7c0441be-34ee-4f7b-b0cc-291be69b6feb/sm/snapshot.1_0
2024-01-14 16:59:25,933 [56641f86-a9c9-430f-8bf6-dc57d718c7d6-impl-thread2] INFO  util.JmxRegister (JmxRegister.java:unregister(73)) - Successfully un-registered JMX Bean with object name Ratis:service=RaftServer,group=group-291BE69B6FEB,id=56641f86-a9c9-430f-8bf6-dc57d718c7d6
2024-01-14 16:59:25,932 [56641f86-a9c9-430f-8bf6-dc57d718c7d6@group-B74FB7C93973-StateMachineUpdater] INFO  ratis.ContainerStateMachine (ContainerStateMachine.java:takeSnapshot(355)) - group-B74FB7C93973: Taking a snapshot at:(t:1, i:0) file /home/runner/work/ozone/ozone/hadoop-ozone/integration-test/target/test-dir/MiniOzoneClusterImpl-073b5688-48cc-4907-9326-51c03fe36003/datanode-1/data/ratis/12a14914-a525-4078-be79-b74fb7c93973/sm/snapshot.1_0
2024-01-14 16:59:25,933 [grpc-default-executor-1] INFO  server.GrpcServerProtocolService (GrpcServerProtocolService.java:lambda$onCompleted$5(159)) - 56641f86-a9c9-430f-8bf6-dc57d718c7d6: Completed APPEND_ENTRIES, lastReply: serverReply {
  requestorId: "a2543f1a-c8af-46f0-9728-67cfa3d7b722"
  replyId: "56641f86-a9c9-430f-8bf6-dc57d718c7d6"
  raftGroupId {
    id: "|\004A\2764\356O{\260\314)\033\346\233o\353"
  }
  callId: 11
  success: true
}
term: 1
nextIndex: 1
matchIndex: 18446744073709551615
isHearbeat: true

2024-01-14 16:59:25,933 [56641f86-a9c9-430f-8bf6-dc57d718c7d6-impl-thread2] INFO  impl.RoleInfo (RoleInfo.java:shutdownFollowerState(110)) - 56641f86-a9c9-430f-8bf6-dc57d718c7d6: shutdown 56641f86-a9c9-430f-8bf6-dc57d718c7d6@group-291BE69B6FEB-FollowerState
2024-01-14 16:59:25,934 [56641f86-a9c9-430f-8bf6-dc57d718c7d6@group-B74FB7C93973-StateMachineUpdater] INFO  ratis.ContainerStateMachine (ContainerStateMachine.java:takeSnapshot(366)) - group-B74FB7C93973: Finished taking a snapshot at:(t:1, i:0) file:/home/runner/work/ozone/ozone/hadoop-ozone/integration-test/target/test-dir/MiniOzoneClusterImpl-073b5688-48cc-4907-9326-51c03fe36003/datanode-1/data/ratis/12a14914-a525-4078-be79-b74fb7c93973/sm/snapshot.1_0 took: 2 ms
2024-01-14 16:59:25,934 [grpc-default-executor-0] INFO  server.GrpcServerProtocolService (GrpcServerProtocolService.java:onCompleted(157)) - 08cfce96-786e-4185-808c-4b09ee2338d3: Completed APPEND_ENTRIES, lastRequest: null
2024-01-14 16:59:25,934 [56641f86-a9c9-430f-8bf6-dc57d718c7d6@group-B74FB7C93973-StateMachineUpdater] INFO  impl.StateMachineUpdater (StateMachineUpdater.java:takeSnapshot(295)) - 56641f86-a9c9-430f-8bf6-dc57d718c7d6@group-B74FB7C93973-StateMachineUpdater: Took a snapshot at index 0
2024-01-14 16:59:25,934 [56641f86-a9c9-430f-8bf6-dc57d718c7d6@group-B74FB7C93973-StateMachineUpdater] INFO  impl.StateMachineUpdater (StateMachineUpdater.java:lambda$new$0(98)) - 56641f86-a9c9-430f-8bf6-dc57d718c7d6@group-B74FB7C93973-StateMachineUpdater: snapshotIndex: updateIncreasingly -1 -> 0
2024-01-14 16:59:25,934 [grpc-default-executor-0] INFO  server.GrpcServerProtocolService (GrpcServerProtocolService.java:lambda$onCompleted$5(159)) - 08cfce96-786e-4185-808c-4b09ee2338d3: Completed APPEND_ENTRIES, lastReply: serverReply {
  requestorId: "a2543f1a-c8af-46f0-9728-67cfa3d7b722"
  replyId: "08cfce96-786e-4185-808c-4b09ee2338d3"
  raftGroupId {
    id: "|\004A\2764\356O{\260\314)\033\346\233o\353"
  }
  callId: 14
  success: true
}
term: 1
nextIndex: 1
matchIndex: 18446744073709551615
isHearbeat: true

2024-01-14 16:59:25,934 [Thread-2195] INFO  server.GrpcServerProtocolClient (GrpcServerProtocolClient.java:close(103)) - a2543f1a-c8af-46f0-9728-67cfa3d7b722 Close channels
2024-01-14 16:59:25,934 [grpc-default-executor-4] INFO  server.GrpcServerProtocolService (GrpcServerProtocolService.java:onCompleted(157)) - 56641f86-a9c9-430f-8bf6-dc57d718c7d6: Completed APPEND_ENTRIES, lastRequest: a2543f1a-c8af-46f0-9728-67cfa3d7b722->56641f86-a9c9-430f-8bf6-dc57d718c7d6#1-t1,previous=(t:0, i:0),leaderCommit=-1,initializing? false,entries: size=1, first=(t:1, i:0), CONFIGURATIONENTRY(current:id: "56641f86-a9c9-430f-8bf6-dc57d718c7d6"
address: "10.1.0.34:15112"
dataStreamAddress: "10.1.0.34:15113"
clientAddress: "10.1.0.34:15110"
adminAddress: "10.1.0.34:15111"
startupRole: FOLLOWER
,id: "a2543f1a-c8af-46f0-9728-67cfa3d7b722"
address: "10.1.0.34:15121"
priority: 1
dataStreamAddress: "10.1.0.34:15122"
clientAddress: "10.1.0.34:15119"
adminAddress: "10.1.0.34:15120"
startupRole: FOLLOWER
,id: "08cfce96-786e-4185-808c-4b09ee2338d3"
address: "10.1.0.34:15103"
dataStreamAddress: "10.1.0.34:15104"
clientAddress: "10.1.0.34:15101"
adminAddress: "10.1.0.34:15102"
startupRole: FOLLOWER
, old:)
2024-01-14 16:59:25,934 [grpc-default-executor-4] INFO  server.GrpcServerProtocolService (GrpcServerProtocolService.java:lambda$onCompleted$5(159)) - 56641f86-a9c9-430f-8bf6-dc57d718c7d6: Completed APPEND_ENTRIES, lastReply: null
2024-01-14 16:59:25,935 [grpc-default-executor-6] INFO  server.GrpcServerProtocolService (GrpcServerProtocolService.java:onCompleted(157)) - 08cfce96-786e-4185-808c-4b09ee2338d3: Completed APPEND_ENTRIES, lastRequest: a2543f1a-c8af-46f0-9728-67cfa3d7b722->08cfce96-786e-4185-808c-4b09ee2338d3#1-t1,previous=(t:0, i:0),leaderCommit=-1,initializing? false,entries: size=1, first=(t:1, i:0), CONFIGURATIONENTRY(current:id: "56641f86-a9c9-430f-8bf6-dc57d718c7d6"
address: "10.1.0.34:15112"
dataStreamAddress: "10.1.0.34:15113"
clientAddress: "10.1.0.34:15110"
adminAddress: "10.1.0.34:15111"
startupRole: FOLLOWER
,id: "a2543f1a-c8af-46f0-9728-67cfa3d7b722"
address: "10.1.0.34:15121"
priority: 1
dataStreamAddress: "10.1.0.34:15122"
clientAddress: "10.1.0.34:15119"
adminAddress: "10.1.0.34:15120"
startupRole: FOLLOWER
,id: "08cfce96-786e-4185-808c-4b09ee2338d3"
address: "10.1.0.34:15103"
dataStreamAddress: "10.1.0.34:15104"
clientAddress: "10.1.0.34:15101"
adminAddress: "10.1.0.34:15102"
startupRole: FOLLOWER
, old:)
2024-01-14 16:59:25,935 [grpc-default-executor-6] INFO  server.GrpcServerProtocolService (GrpcServerProtocolService.java:lambda$onCompleted$5(159)) - 08cfce96-786e-4185-808c-4b09ee2338d3: Completed APPEND_ENTRIES, lastReply: null
2024-01-14 16:59:25,932 [56641f86-a9c9-430f-8bf6-dc57d718c7d6-impl-thread1] INFO  impl.StateMachineUpdater (StateMachineUpdater.java:stopAndJoin(157)) - 56641f86-a9c9-430f-8bf6-dc57d718c7d6@group-B74FB7C93973-StateMachineUpdater: set stopIndex = 0
2024-01-14 16:59:25,935 [Thread-2196] INFO  server.GrpcServerProtocolClient (GrpcServerProtocolClient.java:close(103)) - 08cfce96-786e-4185-808c-4b09ee2338d3 Close channels
2024-01-14 16:59:25,934 [a2543f1a-c8af-46f0-9728-67cfa3d7b722@group-291BE69B6FEB-StateMachineUpdater] INFO  ratis.ContainerStateMachine (ContainerStateMachine.java:takeSnapshot(366)) - group-291BE69B6FEB: Finished taking a snapshot at:(t:1, i:0) file:/home/runner/work/ozone/ozone/hadoop-ozone/integration-test/target/test-dir/MiniOzoneClusterImpl-073b5688-48cc-4907-9326-51c03fe36003/datanode-2/data/ratis/7c0441be-34ee-4f7b-b0cc-291be69b6feb/sm/snapshot.1_0 took: 2 ms
2024-01-14 16:59:25,934 [grpc-default-executor-5] WARN  server.GrpcServerProtocolService (LogUtils.java:warn(121)) - 7ded70f2-1c6f-4acc-8465-7e233baee92c: APPEND_ENTRIES onError, lastRequest: eb54ab2f-dc88-49fd-8d6c-2a4c844f47e7->7ded70f2-1c6f-4acc-8465-7e233baee92c#1-t1,previous=(t:0, i:0),leaderCommit=-1,initializing? false,entries: size=1, first=(t:1, i:0), CONFIGURATIONENTRY(current:id: "fd48a60a-820f-4974-a983-c7065961ec94"
address: "10.1.0.34:15157"
dataStreamAddress: "10.1.0.34:15158"
clientAddress: "10.1.0.34:15155"
adminAddress: "10.1.0.34:15156"
startupRole: FOLLOWER
,id: "eb54ab2f-dc88-49fd-8d6c-2a4c844f47e7"
address: "10.1.0.34:15175"
priority: 1
dataStreamAddress: "10.1.0.34:15176"
clientAddress: "10.1.0.34:15173"
adminAddress: "10.1.0.34:15174"
startupRole: FOLLOWER
,id: "7ded70f2-1c6f-4acc-8465-7e233baee92c"
address: "10.1.0.34:15166"
dataStreamAddress: "10.1.0.34:15167"
clientAddress: "10.1.0.34:15164"
adminAddress: "10.1.0.34:15165"
startupRole: FOLLOWER
, old:): org.apache.ratis.thirdparty.io.grpc.StatusRuntimeException: CANCELLED: client cancelled
2024-01-14 16:59:25,936 [a2543f1a-c8af-46f0-9728-67cfa3d7b722@group-291BE69B6FEB-StateMachineUpdater] INFO  impl.StateMachineUpdater (StateMachineUpdater.java:takeSnapshot(295)) - a2543f1a-c8af-46f0-9728-67cfa3d7b722@group-291BE69B6FEB-StateMachineUpdater: Took a snapshot at index 0
2024-01-14 16:59:25,936 [a2543f1a-c8af-46f0-9728-67cfa3d7b722@group-291BE69B6FEB-StateMachineUpdater] INFO  impl.StateMachineUpdater (StateMachineUpdater.java:lambda$new$0(98)) - a2543f1a-c8af-46f0-9728-67cfa3d7b722@group-291BE69B6FEB-StateMachineUpdater: snapshotIndex: updateIncreasingly -1 -> 0
2024-01-14 16:59:25,933 [a2543f1a-c8af-46f0-9728-67cfa3d7b722-impl-thread2] INFO  impl.StateMachineUpdater (StateMachineUpdater.java:stopAndJoin(157)) - a2543f1a-c8af-46f0-9728-67cfa3d7b722@group-291BE69B6FEB-StateMachineUpdater: set stopIndex = 0
2024-01-14 16:59:25,936 [a2543f1a-c8af-46f0-9728-67cfa3d7b722-impl-thread2] INFO  server.RaftServer$Division (ServerState.java:close(427)) - a2543f1a-c8af-46f0-9728-67cfa3d7b722@group-291BE69B6FEB: applyIndex: 0
2024-01-14 16:59:25,935 [56641f86-a9c9-430f-8bf6-dc57d718c7d6-impl-thread1] INFO  server.RaftServer$Division (ServerState.java:close(427)) - 56641f86-a9c9-430f-8bf6-dc57d718c7d6@group-B74FB7C93973: applyIndex: 0
2024-01-14 16:59:25,936 [grpc-default-executor-5] INFO  server.GrpcLogAppender (GrpcLogAppender.java:onCompleted(546)) - a2543f1a-c8af-46f0-9728-67cfa3d7b722@group-291BE69B6FEB->56641f86-a9c9-430f-8bf6-dc57d718c7d6-AppendLogResponseHandler: follower responses appendEntries COMPLETED
2024-01-14 16:59:25,936 [grpc-default-executor-5] WARN  server.GrpcLogAppender (GrpcLogAppender.java:resetClient(226)) - a2543f1a-c8af-46f0-9728-67cfa3d7b722@group-291BE69B6FEB->56641f86-a9c9-430f-8bf6-dc57d718c7d6-GrpcLogAppender: Failed to getClient for 56641f86-a9c9-430f-8bf6-dc57d718c7d6
org.apache.ratis.protocol.exceptions.AlreadyClosedException: a2543f1a-c8af-46f0-9728-67cfa3d7b722 is already CLOSED
	at org.apache.ratis.util.PeerProxyMap$PeerAndProxy.getProxy(PeerProxyMap.java:65)
	at org.apache.ratis.util.PeerProxyMap.getProxy(PeerProxyMap.java:114)
	at org.apache.ratis.grpc.server.GrpcLogAppender.getClient(GrpcLogAppender.java:196)
	at org.apache.ratis.grpc.server.GrpcLogAppender.resetClient(GrpcLogAppender.java:201)
	at org.apache.ratis.grpc.server.GrpcLogAppender.access$800(GrpcLogAppender.java:62)
	at org.apache.ratis.grpc.server.GrpcLogAppender$AppendLogResponseHandler.onCompleted(GrpcLogAppender.java:547)
	at org.apache.ratis.thirdparty.io.grpc.stub.ClientCalls$StreamObserverToCallListenerAdapter.onClose(ClientCalls.java:479)
	at org.apache.ratis.thirdparty.io.grpc.internal.ClientCallImpl.closeObserver(ClientCallImpl.java:567)
	at org.apache.ratis.thirdparty.io.grpc.internal.ClientCallImpl.access$300(ClientCallImpl.java:71)
	at org.apache.ratis.thirdparty.io.grpc.internal.ClientCallImpl$ClientStreamListenerImpl$1StreamClosed.runInternal(ClientCallImpl.java:735)
	at org.apache.ratis.thirdparty.io.grpc.internal.ClientCallImpl$ClientStreamListenerImpl$1StreamClosed.runInContext(ClientCallImpl.java:716)
	at org.apache.ratis.thirdparty.io.grpc.internal.ContextRunnable.run(ContextRunnable.java:37)
	at org.apache.ratis.thirdparty.io.grpc.internal.SerializingExecutor.run(SerializingExecutor.java:133)
	at java.util.concurrent.ThreadPoolExecutor.runWorker(ThreadPoolExecutor.java:1149)
	at java.util.concurrent.ThreadPoolExecutor$Worker.run(ThreadPoolExecutor.java:624)
	at java.lang.Thread.run(Thread.java:750)
2024-01-14 16:59:25,937 [grpc-default-executor-4] INFO  server.GrpcLogAppender (GrpcLogAppender.java:onCompleted(546)) - a2543f1a-c8af-46f0-9728-67cfa3d7b722@group-291BE69B6FEB->08cfce96-786e-4185-808c-4b09ee2338d3-AppendLogResponseHandler: follower responses appendEntries COMPLETED
2024-01-14 16:59:25,937 [grpc-default-executor-4] WARN  server.GrpcLogAppender (GrpcLogAppender.java:resetClient(226)) - a2543f1a-c8af-46f0-9728-67cfa3d7b722@group-291BE69B6FEB->08cfce96-786e-4185-808c-4b09ee2338d3-GrpcLogAppender: Failed to getClient for 08cfce96-786e-4185-808c-4b09ee2338d3
org.apache.ratis.protocol.exceptions.AlreadyClosedException: a2543f1a-c8af-46f0-9728-67cfa3d7b722 is already CLOSED
	at org.apache.ratis.util.PeerProxyMap$PeerAndProxy.getProxy(PeerProxyMap.java:65)
	at org.apache.ratis.util.PeerProxyMap.getProxy(PeerProxyMap.java:114)
	at org.apache.ratis.grpc.server.GrpcLogAppender.getClient(GrpcLogAppender.java:196)
	at org.apache.ratis.grpc.server.GrpcLogAppender.resetClient(GrpcLogAppender.java:201)
	at org.apache.ratis.grpc.server.GrpcLogAppender.access$800(GrpcLogAppender.java:62)
	at org.apache.ratis.grpc.server.GrpcLogAppender$AppendLogResponseHandler.onCompleted(GrpcLogAppender.java:547)
	at org.apache.ratis.thirdparty.io.grpc.stub.ClientCalls$StreamObserverToCallListenerAdapter.onClose(ClientCalls.java:479)
	at org.apache.ratis.thirdparty.io.grpc.internal.DelayedClientCall$DelayedListener$3.run(DelayedClientCall.java:489)
	at org.apache.ratis.thirdparty.io.grpc.internal.DelayedClientCall$DelayedListener.delayOrExecute(DelayedClientCall.java:453)
	at org.apache.ratis.thirdparty.io.grpc.internal.DelayedClientCall$DelayedListener.onClose(DelayedClientCall.java:486)
	at org.apache.ratis.thirdparty.io.grpc.internal.ClientCallImpl.closeObserver(ClientCallImpl.java:567)
	at org.apache.ratis.thirdparty.io.grpc.internal.ClientCallImpl.access$300(ClientCallImpl.java:71)
	at org.apache.ratis.thirdparty.io.grpc.internal.ClientCallImpl$ClientStreamListenerImpl$1StreamClosed.runInternal(ClientCallImpl.java:735)
	at org.apache.ratis.thirdparty.io.grpc.internal.ClientCallImpl$ClientStreamListenerImpl$1StreamClosed.runInContext(ClientCallImpl.java:716)
	at org.apache.ratis.thirdparty.io.grpc.internal.ContextRunnable.run(ContextRunnable.java:37)
	at org.apache.ratis.thirdparty.io.grpc.internal.SerializingExecutor.run(SerializingExecutor.java:133)
	at java.util.concurrent.ThreadPoolExecutor.runWorker(ThreadPoolExecutor.java:1149)
	at java.util.concurrent.ThreadPoolExecutor$Worker.run(ThreadPoolExecutor.java:624)
	at java.lang.Thread.run(Thread.java:750)
2024-01-14 16:59:25,937 [ForkJoinPool.commonPool-worker-0] INFO  server.GrpcService (GrpcService.java:closeImpl(320)) - 7ded70f2-1c6f-4acc-8465-7e233baee92c: shutdown server GrpcServerProtocolService successfully
2024-01-14 16:59:25,937 [ForkJoinPool.commonPool-worker-0] INFO  server.GrpcService (GrpcService.java:closeImpl(311)) - 7ded70f2-1c6f-4acc-8465-7e233baee92c: shutdown server org.apache.ratis.grpc.server.GrpcAdminProtocolService now
2024-01-14 16:59:25,937 [56641f86-a9c9-430f-8bf6-dc57d718c7d6@group-B74FB7C93973-cacheEviction-AwaitToRun] INFO  util.AwaitToRun (AwaitToRun.java:run(49)) - 56641f86-a9c9-430f-8bf6-dc57d718c7d6@group-B74FB7C93973-cacheEviction-AwaitToRun-AwaitForSignal is interrupted
2024-01-14 16:59:25,937 [a2543f1a-c8af-46f0-9728-67cfa3d7b722@group-291BE69B6FEB-cacheEviction-AwaitToRun] INFO  util.AwaitToRun (AwaitToRun.java:run(49)) - a2543f1a-c8af-46f0-9728-67cfa3d7b722@group-291BE69B6FEB-cacheEviction-AwaitToRun-AwaitForSignal is interrupted
2024-01-14 16:59:25,938 [ForkJoinPool.commonPool-worker-0] INFO  server.GrpcService (GrpcService.java:closeImpl(320)) - 7ded70f2-1c6f-4acc-8465-7e233baee92c: shutdown server org.apache.ratis.grpc.server.GrpcAdminProtocolService successfully
2024-01-14 16:59:25,940 [56641f86-a9c9-430f-8bf6-dc57d718c7d6-impl-thread2] INFO  impl.StateMachineUpdater (StateMachineUpdater.java:stopAndJoin(157)) - 56641f86-a9c9-430f-8bf6-dc57d718c7d6@group-291BE69B6FEB-StateMachineUpdater: set stopIndex = 0
2024-01-14 16:59:25,940 [56641f86-a9c9-430f-8bf6-dc57d718c7d6@group-291BE69B6FEB-FollowerState] INFO  impl.FollowerState (FollowerState.java:run(152)) - 56641f86-a9c9-430f-8bf6-dc57d718c7d6@group-291BE69B6FEB-FollowerState was interrupted
2024-01-14 16:59:25,940 [grpc-default-executor-4] INFO  server.GrpcLogAppender (GrpcLogAppender.java:onCompleted(546)) - a2543f1a-c8af-46f0-9728-67cfa3d7b722@group-291BE69B6FEB->08cfce96-786e-4185-808c-4b09ee2338d3-AppendLogResponseHandler: follower responses appendEntries COMPLETED
2024-01-14 16:59:25,940 [56641f86-a9c9-430f-8bf6-dc57d718c7d6@group-291BE69B6FEB-StateMachineUpdater] INFO  ratis.ContainerStateMachine (ContainerStateMachine.java:takeSnapshot(355)) - group-291BE69B6FEB: Taking a snapshot at:(t:1, i:0) file /home/runner/work/ozone/ozone/hadoop-ozone/integration-test/target/test-dir/MiniOzoneClusterImpl-073b5688-48cc-4907-9326-51c03fe36003/datanode-1/data/ratis/7c0441be-34ee-4f7b-b0cc-291be69b6feb/sm/snapshot.1_0
2024-01-14 16:59:25,940 [grpc-default-executor-4] WARN  server.GrpcLogAppender (GrpcLogAppender.java:resetClient(226)) - a2543f1a-c8af-46f0-9728-67cfa3d7b722@group-291BE69B6FEB->08cfce96-786e-4185-808c-4b09ee2338d3-GrpcLogAppender: Failed to getClient for 08cfce96-786e-4185-808c-4b09ee2338d3
org.apache.ratis.protocol.exceptions.AlreadyClosedException: a2543f1a-c8af-46f0-9728-67cfa3d7b722 is already CLOSED
	at org.apache.ratis.util.PeerProxyMap$PeerAndProxy.getProxy(PeerProxyMap.java:65)
	at org.apache.ratis.util.PeerProxyMap.getProxy(PeerProxyMap.java:114)
	at org.apache.ratis.grpc.server.GrpcLogAppender.getClient(GrpcLogAppender.java:196)
	at org.apache.ratis.grpc.server.GrpcLogAppender.resetClient(GrpcLogAppender.java:201)
	at org.apache.ratis.grpc.server.GrpcLogAppender.access$800(GrpcLogAppender.java:62)
	at org.apache.ratis.grpc.server.GrpcLogAppender$AppendLogResponseHandler.onCompleted(GrpcLogAppender.java:547)
	at org.apache.ratis.thirdparty.io.grpc.stub.ClientCalls$StreamObserverToCallListenerAdapter.onClose(ClientCalls.java:479)
	at org.apache.ratis.thirdparty.io.grpc.internal.ClientCallImpl.closeObserver(ClientCallImpl.java:567)
	at org.apache.ratis.thirdparty.io.grpc.internal.ClientCallImpl.access$300(ClientCallImpl.java:71)
	at org.apache.ratis.thirdparty.io.grpc.internal.ClientCallImpl$ClientStreamListenerImpl$1StreamClosed.runInternal(ClientCallImpl.java:735)
	at org.apache.ratis.thirdparty.io.grpc.internal.ClientCallImpl$ClientStreamListenerImpl$1StreamClosed.runInContext(ClientCallImpl.java:716)
	at org.apache.ratis.thirdparty.io.grpc.internal.ContextRunnable.run(ContextRunnable.java:37)
	at org.apache.ratis.thirdparty.io.grpc.internal.SerializingExecutor.run(SerializingExecutor.java:133)
	at java.util.concurrent.ThreadPoolExecutor.runWorker(ThreadPoolExecutor.java:1149)
	at java.util.concurrent.ThreadPoolExecutor$Worker.run(ThreadPoolExecutor.java:624)
	at java.lang.Thread.run(Thread.java:750)
2024-01-14 16:59:25,945 [ForkJoinPool.commonPool-worker-1] INFO  server.GrpcService (GrpcService.java:closeImpl(320)) - 56641f86-a9c9-430f-8bf6-dc57d718c7d6: shutdown server org.apache.ratis.grpc.server.GrpcClientProtocolService successfully
2024-01-14 16:59:25,941 [main] INFO  server.GrpcService (GrpcService.java:closeImpl(320)) - 0ab92cad-ec19-4fa3-a733-30f9108b825a: shutdown server org.apache.ratis.grpc.server.GrpcAdminProtocolService successfully
2024-01-14 16:59:25,941 [56641f86-a9c9-430f-8bf6-dc57d718c7d6@group-291BE69B6FEB-StateMachineUpdater] INFO  ratis.ContainerStateMachine (ContainerStateMachine.java:takeSnapshot(366)) - group-291BE69B6FEB: Finished taking a snapshot at:(t:1, i:0) file:/home/runner/work/ozone/ozone/hadoop-ozone/integration-test/target/test-dir/MiniOzoneClusterImpl-073b5688-48cc-4907-9326-51c03fe36003/datanode-1/data/ratis/7c0441be-34ee-4f7b-b0cc-291be69b6feb/sm/snapshot.1_0 took: 1 ms
2024-01-14 16:59:25,951 [56641f86-a9c9-430f-8bf6-dc57d718c7d6@group-291BE69B6FEB-StateMachineUpdater] INFO  impl.StateMachineUpdater (StateMachineUpdater.java:takeSnapshot(295)) - 56641f86-a9c9-430f-8bf6-dc57d718c7d6@group-291BE69B6FEB-StateMachineUpdater: Took a snapshot at index 0
2024-01-14 16:59:25,951 [56641f86-a9c9-430f-8bf6-dc57d718c7d6@group-291BE69B6FEB-StateMachineUpdater] INFO  impl.StateMachineUpdater (StateMachineUpdater.java:lambda$new$0(98)) - 56641f86-a9c9-430f-8bf6-dc57d718c7d6@group-291BE69B6FEB-StateMachineUpdater: snapshotIndex: updateIncreasingly -1 -> 0
2024-01-14 16:59:25,952 [56641f86-a9c9-430f-8bf6-dc57d718c7d6-impl-thread2] INFO  server.RaftServer$Division (ServerState.java:close(427)) - 56641f86-a9c9-430f-8bf6-dc57d718c7d6@group-291BE69B6FEB: applyIndex: 0
2024-01-14 16:59:25,940 [grpc-default-executor-1] INFO  server.GrpcLogAppender (GrpcLogAppender.java:onCompleted(546)) - a2543f1a-c8af-46f0-9728-67cfa3d7b722@group-291BE69B6FEB->56641f86-a9c9-430f-8bf6-dc57d718c7d6-AppendLogResponseHandler: follower responses appendEntries COMPLETED
2024-01-14 16:59:25,952 [56641f86-a9c9-430f-8bf6-dc57d718c7d6@group-291BE69B6FEB-cacheEviction-AwaitToRun] INFO  util.AwaitToRun (AwaitToRun.java:run(49)) - 56641f86-a9c9-430f-8bf6-dc57d718c7d6@group-291BE69B6FEB-cacheEviction-AwaitToRun-AwaitForSignal is interrupted
2024-01-14 16:59:25,951 [ForkJoinPool.commonPool-worker-7] INFO  server.GrpcService (GrpcService.java:closeImpl(320)) - a2543f1a-c8af-46f0-9728-67cfa3d7b722: shutdown server org.apache.ratis.grpc.server.GrpcClientProtocolService successfully
2024-01-14 16:59:25,951 [ForkJoinPool.commonPool-worker-1] INFO  server.GrpcService (GrpcService.java:closeImpl(311)) - 56641f86-a9c9-430f-8bf6-dc57d718c7d6: shutdown server GrpcServerProtocolService now
2024-01-14 16:59:25,952 [ForkJoinPool.commonPool-worker-7] INFO  server.GrpcService (GrpcService.java:closeImpl(311)) - a2543f1a-c8af-46f0-9728-67cfa3d7b722: shutdown server GrpcServerProtocolService now
2024-01-14 16:59:25,952 [grpc-default-executor-1] WARN  server.GrpcLogAppender (GrpcLogAppender.java:resetClient(226)) - a2543f1a-c8af-46f0-9728-67cfa3d7b722@group-291BE69B6FEB->56641f86-a9c9-430f-8bf6-dc57d718c7d6-GrpcLogAppender: Failed to getClient for 56641f86-a9c9-430f-8bf6-dc57d718c7d6
org.apache.ratis.protocol.exceptions.AlreadyClosedException: a2543f1a-c8af-46f0-9728-67cfa3d7b722 is already CLOSED
	at org.apache.ratis.util.PeerProxyMap$PeerAndProxy.getProxy(PeerProxyMap.java:65)
	at org.apache.ratis.util.PeerProxyMap.getProxy(PeerProxyMap.java:114)
	at org.apache.ratis.grpc.server.GrpcLogAppender.getClient(GrpcLogAppender.java:196)
	at org.apache.ratis.grpc.server.GrpcLogAppender.resetClient(GrpcLogAppender.java:201)
	at org.apache.ratis.grpc.server.GrpcLogAppender.access$800(GrpcLogAppender.java:62)
	at org.apache.ratis.grpc.server.GrpcLogAppender$AppendLogResponseHandler.onCompleted(GrpcLogAppender.java:547)
	at org.apache.ratis.thirdparty.io.grpc.stub.ClientCalls$StreamObserverToCallListenerAdapter.onClose(ClientCalls.java:479)
	at org.apache.ratis.thirdparty.io.grpc.internal.DelayedClientCall$DelayedListener$3.run(DelayedClientCall.java:489)
	at org.apache.ratis.thirdparty.io.grpc.internal.DelayedClientCall$DelayedListener.delayOrExecute(DelayedClientCall.java:453)
	at org.apache.ratis.thirdparty.io.grpc.internal.DelayedClientCall$DelayedListener.onClose(DelayedClientCall.java:486)
	at org.apache.ratis.thirdparty.io.grpc.internal.ClientCallImpl.closeObserver(ClientCallImpl.java:567)
	at org.apache.ratis.thirdparty.io.grpc.internal.ClientCallImpl.access$300(ClientCallImpl.java:71)
	at org.apache.ratis.thirdparty.io.grpc.internal.ClientCallImpl$ClientStreamListenerImpl$1StreamClosed.runInternal(ClientCallImpl.java:735)
	at org.apache.ratis.thirdparty.io.grpc.internal.ClientCallImpl$ClientStreamListenerImpl$1StreamClosed.runInContext(ClientCallImpl.java:716)
	at org.apache.ratis.thirdparty.io.grpc.internal.ContextRunnable.run(ContextRunnable.java:37)
	at org.apache.ratis.thirdparty.io.grpc.internal.SerializingExecutor.run(SerializingExecutor.java:133)
	at java.util.concurrent.ThreadPoolExecutor.runWorker(ThreadPoolExecutor.java:1149)
	at java.util.concurrent.ThreadPoolExecutor$Worker.run(ThreadPoolExecutor.java:624)
	at java.lang.Thread.run(Thread.java:750)
2024-01-14 16:59:25,962 [ForkJoinPool.commonPool-worker-1] INFO  server.GrpcService (GrpcService.java:closeImpl(320)) - 56641f86-a9c9-430f-8bf6-dc57d718c7d6: shutdown server GrpcServerProtocolService successfully
2024-01-14 16:59:25,966 [ForkJoinPool.commonPool-worker-1] INFO  server.GrpcService (GrpcService.java:closeImpl(311)) - 56641f86-a9c9-430f-8bf6-dc57d718c7d6: shutdown server org.apache.ratis.grpc.server.GrpcAdminProtocolService now
2024-01-14 16:59:25,967 [ForkJoinPool.commonPool-worker-7] INFO  server.GrpcService (GrpcService.java:closeImpl(320)) - a2543f1a-c8af-46f0-9728-67cfa3d7b722: shutdown server GrpcServerProtocolService successfully
2024-01-14 16:59:25,967 [ForkJoinPool.commonPool-worker-7] INFO  server.GrpcService (GrpcService.java:closeImpl(311)) - a2543f1a-c8af-46f0-9728-67cfa3d7b722: shutdown server org.apache.ratis.grpc.server.GrpcAdminProtocolService now
2024-01-14 16:59:25,968 [ForkJoinPool.commonPool-worker-1] INFO  server.GrpcService (GrpcService.java:closeImpl(320)) - 56641f86-a9c9-430f-8bf6-dc57d718c7d6: shutdown server org.apache.ratis.grpc.server.GrpcAdminProtocolService successfully
2024-01-14 16:59:25,968 [ForkJoinPool.commonPool-worker-2] INFO  ozoneimpl.OzoneContainer (OzoneContainer.java:stop(479)) - Attempting to stop container services.
2024-01-14 16:59:25,969 [ForkJoinPool.commonPool-worker-2] INFO  server.RaftServer (RaftServerProxy.java:lambda$close$9(416)) - 08cfce96-786e-4185-808c-4b09ee2338d3: close
2024-01-14 16:59:25,969 [08cfce96-786e-4185-808c-4b09ee2338d3-impl-thread1] INFO  server.RaftServer$Division (RaftServerImpl.java:lambda$close$3(526)) - 08cfce96-786e-4185-808c-4b09ee2338d3@group-BA7FA7942C21: shutdown
2024-01-14 16:59:25,969 [08cfce96-786e-4185-808c-4b09ee2338d3-impl-thread1] INFO  util.JmxRegister (JmxRegister.java:unregister(73)) - Successfully un-registered JMX Bean with object name Ratis:service=RaftServer,group=group-BA7FA7942C21,id=08cfce96-786e-4185-808c-4b09ee2338d3
2024-01-14 16:59:25,969 [08cfce96-786e-4185-808c-4b09ee2338d3-impl-thread1] INFO  impl.RoleInfo (RoleInfo.java:shutdownLeaderState(94)) - 08cfce96-786e-4185-808c-4b09ee2338d3: shutdown 08cfce96-786e-4185-808c-4b09ee2338d3@group-BA7FA7942C21-LeaderStateImpl
2024-01-14 16:59:25,969 [08cfce96-786e-4185-808c-4b09ee2338d3-impl-thread1] INFO  impl.PendingRequests (PendingRequests.java:sendNotLeaderResponses(289)) - 08cfce96-786e-4185-808c-4b09ee2338d3@group-BA7FA7942C21-PendingRequests: sendNotLeaderResponses
2024-01-14 16:59:25,969 [08cfce96-786e-4185-808c-4b09ee2338d3-impl-thread1] INFO  impl.StateMachineUpdater (StateMachineUpdater.java:stopAndJoin(157)) - 08cfce96-786e-4185-808c-4b09ee2338d3@group-BA7FA7942C21-StateMachineUpdater: set stopIndex = 0
2024-01-14 16:59:25,969 [08cfce96-786e-4185-808c-4b09ee2338d3@group-BA7FA7942C21-StateMachineUpdater] INFO  ratis.ContainerStateMachine (ContainerStateMachine.java:takeSnapshot(355)) - group-BA7FA7942C21: Taking a snapshot at:(t:1, i:0) file /home/runner/work/ozone/ozone/hadoop-ozone/integration-test/target/test-dir/MiniOzoneClusterImpl-073b5688-48cc-4907-9326-51c03fe36003/datanode-0/data/ratis/a5e3edb7-20c6-4f1b-b4f4-ba7fa7942c21/sm/snapshot.1_0
2024-01-14 16:59:25,970 [ForkJoinPool.commonPool-worker-2] INFO  server.GrpcService (GrpcService.java:closeImpl(311)) - 08cfce96-786e-4185-808c-4b09ee2338d3: shutdown server org.apache.ratis.grpc.server.GrpcClientProtocolService now
2024-01-14 16:59:25,970 [08cfce96-786e-4185-808c-4b09ee2338d3@group-BA7FA7942C21-StateMachineUpdater] INFO  ratis.ContainerStateMachine (ContainerStateMachine.java:takeSnapshot(366)) - group-BA7FA7942C21: Finished taking a snapshot at:(t:1, i:0) file:/home/runner/work/ozone/ozone/hadoop-ozone/integration-test/target/test-dir/MiniOzoneClusterImpl-073b5688-48cc-4907-9326-51c03fe36003/datanode-0/data/ratis/a5e3edb7-20c6-4f1b-b4f4-ba7fa7942c21/sm/snapshot.1_0 took: 1 ms
2024-01-14 16:59:25,970 [08cfce96-786e-4185-808c-4b09ee2338d3@group-BA7FA7942C21-StateMachineUpdater] INFO  impl.StateMachineUpdater (StateMachineUpdater.java:takeSnapshot(295)) - 08cfce96-786e-4185-808c-4b09ee2338d3@group-BA7FA7942C21-StateMachineUpdater: Took a snapshot at index 0
2024-01-14 16:59:25,970 [08cfce96-786e-4185-808c-4b09ee2338d3@group-BA7FA7942C21-StateMachineUpdater] INFO  impl.StateMachineUpdater (StateMachineUpdater.java:lambda$new$0(98)) - 08cfce96-786e-4185-808c-4b09ee2338d3@group-BA7FA7942C21-StateMachineUpdater: snapshotIndex: updateIncreasingly -1 -> 0
2024-01-14 16:59:25,970 [08cfce96-786e-4185-808c-4b09ee2338d3-impl-thread1] INFO  server.RaftServer$Division (ServerState.java:close(427)) - 08cfce96-786e-4185-808c-4b09ee2338d3@group-BA7FA7942C21: applyIndex: 0
2024-01-14 16:59:25,971 [ForkJoinPool.commonPool-worker-7] INFO  server.GrpcService (GrpcService.java:closeImpl(320)) - a2543f1a-c8af-46f0-9728-67cfa3d7b722: shutdown server org.apache.ratis.grpc.server.GrpcAdminProtocolService successfully
2024-01-14 16:59:25,971 [08cfce96-786e-4185-808c-4b09ee2338d3-impl-thread2] INFO  server.RaftServer$Division (RaftServerImpl.java:lambda$close$3(526)) - 08cfce96-786e-4185-808c-4b09ee2338d3@group-291BE69B6FEB: shutdown
2024-01-14 16:59:25,971 [08cfce96-786e-4185-808c-4b09ee2338d3-impl-thread2] INFO  util.JmxRegister (JmxRegister.java:unregister(73)) - Successfully un-registered JMX Bean with object name Ratis:service=RaftServer,group=group-291BE69B6FEB,id=08cfce96-786e-4185-808c-4b09ee2338d3
2024-01-14 16:59:25,971 [08cfce96-786e-4185-808c-4b09ee2338d3-impl-thread2] INFO  impl.RoleInfo (RoleInfo.java:shutdownFollowerState(110)) - 08cfce96-786e-4185-808c-4b09ee2338d3: shutdown 08cfce96-786e-4185-808c-4b09ee2338d3@group-291BE69B6FEB-FollowerState
2024-01-14 16:59:25,972 [08cfce96-786e-4185-808c-4b09ee2338d3-impl-thread2] INFO  impl.StateMachineUpdater (StateMachineUpdater.java:stopAndJoin(157)) - 08cfce96-786e-4185-808c-4b09ee2338d3@group-291BE69B6FEB-StateMachineUpdater: set stopIndex = 0
2024-01-14 16:59:25,972 [08cfce96-786e-4185-808c-4b09ee2338d3@group-291BE69B6FEB-StateMachineUpdater] INFO  ratis.ContainerStateMachine (ContainerStateMachine.java:takeSnapshot(355)) - group-291BE69B6FEB: Taking a snapshot at:(t:1, i:0) file /home/runner/work/ozone/ozone/hadoop-ozone/integration-test/target/test-dir/MiniOzoneClusterImpl-073b5688-48cc-4907-9326-51c03fe36003/datanode-0/data/ratis/7c0441be-34ee-4f7b-b0cc-291be69b6feb/sm/snapshot.1_0
2024-01-14 16:59:25,972 [08cfce96-786e-4185-808c-4b09ee2338d3@group-291BE69B6FEB-FollowerState] INFO  impl.FollowerState (FollowerState.java:run(152)) - 08cfce96-786e-4185-808c-4b09ee2338d3@group-291BE69B6FEB-FollowerState was interrupted
2024-01-14 16:59:25,972 [08cfce96-786e-4185-808c-4b09ee2338d3@group-291BE69B6FEB-StateMachineUpdater] INFO  ratis.ContainerStateMachine (ContainerStateMachine.java:takeSnapshot(366)) - group-291BE69B6FEB: Finished taking a snapshot at:(t:1, i:0) file:/home/runner/work/ozone/ozone/hadoop-ozone/integration-test/target/test-dir/MiniOzoneClusterImpl-073b5688-48cc-4907-9326-51c03fe36003/datanode-0/data/ratis/7c0441be-34ee-4f7b-b0cc-291be69b6feb/sm/snapshot.1_0 took: 1 ms
2024-01-14 16:59:25,972 [08cfce96-786e-4185-808c-4b09ee2338d3@group-291BE69B6FEB-StateMachineUpdater] INFO  impl.StateMachineUpdater (StateMachineUpdater.java:takeSnapshot(295)) - 08cfce96-786e-4185-808c-4b09ee2338d3@group-291BE69B6FEB-StateMachineUpdater: Took a snapshot at index 0
2024-01-14 16:59:25,972 [08cfce96-786e-4185-808c-4b09ee2338d3@group-291BE69B6FEB-StateMachineUpdater] INFO  impl.StateMachineUpdater (StateMachineUpdater.java:lambda$new$0(98)) - 08cfce96-786e-4185-808c-4b09ee2338d3@group-291BE69B6FEB-StateMachineUpdater: snapshotIndex: updateIncreasingly -1 -> 0
2024-01-14 16:59:25,973 [08cfce96-786e-4185-808c-4b09ee2338d3-impl-thread2] INFO  server.RaftServer$Division (ServerState.java:close(427)) - 08cfce96-786e-4185-808c-4b09ee2338d3@group-291BE69B6FEB: applyIndex: 0
2024-01-14 16:59:25,973 [08cfce96-786e-4185-808c-4b09ee2338d3@group-BA7FA7942C21-cacheEviction-AwaitToRun] INFO  util.AwaitToRun (AwaitToRun.java:run(49)) - 08cfce96-786e-4185-808c-4b09ee2338d3@group-BA7FA7942C21-cacheEviction-AwaitToRun-AwaitForSignal is interrupted
2024-01-14 16:59:25,974 [08cfce96-786e-4185-808c-4b09ee2338d3@group-291BE69B6FEB-cacheEviction-AwaitToRun] INFO  util.AwaitToRun (AwaitToRun.java:run(49)) - 08cfce96-786e-4185-808c-4b09ee2338d3@group-291BE69B6FEB-cacheEviction-AwaitToRun-AwaitForSignal is interrupted
2024-01-14 16:59:25,975 [7ded70f2-1c6f-4acc-8465-7e233baee92c-NettyServerStreamRpc-bossGroup--thread1] INFO  logging.LoggingHandler (AbstractInternalLogger.java:log(148)) - [id: 0xa4b87c98, L:/0.0.0.0:15167] CLOSE
2024-01-14 16:59:25,975 [7ded70f2-1c6f-4acc-8465-7e233baee92c-NettyServerStreamRpc-bossGroup--thread1] INFO  logging.LoggingHandler (AbstractInternalLogger.java:log(148)) - [id: 0xa4b87c98, L:/0.0.0.0:15167] INACTIVE
2024-01-14 16:59:25,976 [7ded70f2-1c6f-4acc-8465-7e233baee92c-NettyServerStreamRpc-bossGroup--thread1] INFO  logging.LoggingHandler (AbstractInternalLogger.java:log(148)) - [id: 0xa4b87c98, L:/0.0.0.0:15167] UNREGISTERED
2024-01-14 16:59:25,976 [ForkJoinPool.commonPool-worker-2] INFO  server.GrpcService (GrpcService.java:closeImpl(320)) - 08cfce96-786e-4185-808c-4b09ee2338d3: shutdown server org.apache.ratis.grpc.server.GrpcClientProtocolService successfully
2024-01-14 16:59:25,976 [ForkJoinPool.commonPool-worker-2] INFO  server.GrpcService (GrpcService.java:closeImpl(311)) - 08cfce96-786e-4185-808c-4b09ee2338d3: shutdown server GrpcServerProtocolService now
2024-01-14 16:59:25,977 [ForkJoinPool.commonPool-worker-3] INFO  ozoneimpl.OzoneContainer (OzoneContainer.java:stop(479)) - Attempting to stop container services.
2024-01-14 16:59:25,977 [ForkJoinPool.commonPool-worker-4] INFO  ozoneimpl.OzoneContainer (OzoneContainer.java:stop(479)) - Attempting to stop container services.
2024-01-14 16:59:25,978 [ForkJoinPool.commonPool-worker-3] INFO  server.RaftServer (RaftServerProxy.java:lambda$close$9(416)) - fd48a60a-820f-4974-a983-c7065961ec94: close
2024-01-14 16:59:25,978 [fd48a60a-820f-4974-a983-c7065961ec94-impl-thread1] INFO  server.RaftServer$Division (RaftServerImpl.java:lambda$close$3(526)) - fd48a60a-820f-4974-a983-c7065961ec94@group-682A4B85AB5F: shutdown
2024-01-14 16:59:25,978 [fd48a60a-820f-4974-a983-c7065961ec94-impl-thread1] INFO  util.JmxRegister (JmxRegister.java:unregister(73)) - Successfully un-registered JMX Bean with object name Ratis:service=RaftServer,group=group-682A4B85AB5F,id=fd48a60a-820f-4974-a983-c7065961ec94
2024-01-14 16:59:25,978 [fd48a60a-820f-4974-a983-c7065961ec94-impl-thread1] INFO  impl.RoleInfo (RoleInfo.java:shutdownFollowerState(110)) - fd48a60a-820f-4974-a983-c7065961ec94: shutdown fd48a60a-820f-4974-a983-c7065961ec94@group-682A4B85AB5F-FollowerState
2024-01-14 16:59:25,978 [ForkJoinPool.commonPool-worker-4] INFO  server.RaftServer (RaftServerProxy.java:lambda$close$9(416)) - eb54ab2f-dc88-49fd-8d6c-2a4c844f47e7: close
2024-01-14 16:59:25,978 [ForkJoinPool.commonPool-worker-3] INFO  server.GrpcService (GrpcService.java:closeImpl(311)) - fd48a60a-820f-4974-a983-c7065961ec94: shutdown server org.apache.ratis.grpc.server.GrpcClientProtocolService now
2024-01-14 16:59:25,978 [fd48a60a-820f-4974-a983-c7065961ec94-impl-thread2] INFO  server.RaftServer$Division (RaftServerImpl.java:lambda$close$3(526)) - fd48a60a-820f-4974-a983-c7065961ec94@group-D2FDA283D797: shutdown
2024-01-14 16:59:25,978 [fd48a60a-820f-4974-a983-c7065961ec94-impl-thread2] INFO  util.JmxRegister (JmxRegister.java:unregister(73)) - Successfully un-registered JMX Bean with object name Ratis:service=RaftServer,group=group-D2FDA283D797,id=fd48a60a-820f-4974-a983-c7065961ec94
2024-01-14 16:59:25,978 [fd48a60a-820f-4974-a983-c7065961ec94-impl-thread2] INFO  impl.RoleInfo (RoleInfo.java:shutdownLeaderState(94)) - fd48a60a-820f-4974-a983-c7065961ec94: shutdown fd48a60a-820f-4974-a983-c7065961ec94@group-D2FDA283D797-LeaderStateImpl
2024-01-14 16:59:25,978 [fd48a60a-820f-4974-a983-c7065961ec94-impl-thread2] INFO  impl.PendingRequests (PendingRequests.java:sendNotLeaderResponses(289)) - fd48a60a-820f-4974-a983-c7065961ec94@group-D2FDA283D797-PendingRequests: sendNotLeaderResponses
2024-01-14 16:59:25,979 [fd48a60a-820f-4974-a983-c7065961ec94-impl-thread2] INFO  impl.StateMachineUpdater (StateMachineUpdater.java:stopAndJoin(157)) - fd48a60a-820f-4974-a983-c7065961ec94@group-D2FDA283D797-StateMachineUpdater: set stopIndex = 0
2024-01-14 16:59:25,979 [fd48a60a-820f-4974-a983-c7065961ec94@group-D2FDA283D797-StateMachineUpdater] INFO  ratis.ContainerStateMachine (ContainerStateMachine.java:takeSnapshot(355)) - group-D2FDA283D797: Taking a snapshot at:(t:1, i:0) file /home/runner/work/ozone/ozone/hadoop-ozone/integration-test/target/test-dir/MiniOzoneClusterImpl-073b5688-48cc-4907-9326-51c03fe36003/datanode-6/data/ratis/1c0e4a18-1388-4101-8a5c-d2fda283d797/sm/snapshot.1_0
2024-01-14 16:59:25,979 [fd48a60a-820f-4974-a983-c7065961ec94@group-D2FDA283D797-StateMachineUpdater] INFO  ratis.ContainerStateMachine (ContainerStateMachine.java:takeSnapshot(366)) - group-D2FDA283D797: Finished taking a snapshot at:(t:1, i:0) file:/home/runner/work/ozone/ozone/hadoop-ozone/integration-test/target/test-dir/MiniOzoneClusterImpl-073b5688-48cc-4907-9326-51c03fe36003/datanode-6/data/ratis/1c0e4a18-1388-4101-8a5c-d2fda283d797/sm/snapshot.1_0 took: 1 ms
2024-01-14 16:59:25,979 [fd48a60a-820f-4974-a983-c7065961ec94@group-D2FDA283D797-StateMachineUpdater] INFO  impl.StateMachineUpdater (StateMachineUpdater.java:takeSnapshot(295)) - fd48a60a-820f-4974-a983-c7065961ec94@group-D2FDA283D797-StateMachineUpdater: Took a snapshot at index 0
2024-01-14 16:59:25,979 [fd48a60a-820f-4974-a983-c7065961ec94@group-D2FDA283D797-StateMachineUpdater] INFO  impl.StateMachineUpdater (StateMachineUpdater.java:lambda$new$0(98)) - fd48a60a-820f-4974-a983-c7065961ec94@group-D2FDA283D797-StateMachineUpdater: snapshotIndex: updateIncreasingly -1 -> 0
2024-01-14 16:59:25,979 [fd48a60a-820f-4974-a983-c7065961ec94-impl-thread2] INFO  server.RaftServer$Division (ServerState.java:close(427)) - fd48a60a-820f-4974-a983-c7065961ec94@group-D2FDA283D797: applyIndex: 0
2024-01-14 16:59:25,983 [ForkJoinPool.commonPool-worker-2] INFO  server.GrpcService (GrpcService.java:closeImpl(320)) - 08cfce96-786e-4185-808c-4b09ee2338d3: shutdown server GrpcServerProtocolService successfully
2024-01-14 16:59:25,983 [ForkJoinPool.commonPool-worker-2] INFO  server.GrpcService (GrpcService.java:closeImpl(311)) - 08cfce96-786e-4185-808c-4b09ee2338d3: shutdown server org.apache.ratis.grpc.server.GrpcAdminProtocolService now
2024-01-14 16:59:25,984 [ForkJoinPool.commonPool-worker-2] INFO  server.GrpcService (GrpcService.java:closeImpl(320)) - 08cfce96-786e-4185-808c-4b09ee2338d3: shutdown server org.apache.ratis.grpc.server.GrpcAdminProtocolService successfully
2024-01-14 16:59:25,985 [fd48a60a-820f-4974-a983-c7065961ec94@group-D2FDA283D797-cacheEviction-AwaitToRun] INFO  util.AwaitToRun (AwaitToRun.java:run(49)) - fd48a60a-820f-4974-a983-c7065961ec94@group-D2FDA283D797-cacheEviction-AwaitToRun-AwaitForSignal is interrupted
2024-01-14 16:59:25,985 [56641f86-a9c9-430f-8bf6-dc57d718c7d6-NettyServerStreamRpc-bossGroup--thread1] INFO  logging.LoggingHandler (AbstractInternalLogger.java:log(148)) - [id: 0xe2124f1f, L:/0.0.0.0:15113] CLOSE
2024-01-14 16:59:25,985 [56641f86-a9c9-430f-8bf6-dc57d718c7d6-NettyServerStreamRpc-bossGroup--thread1] INFO  logging.LoggingHandler (AbstractInternalLogger.java:log(148)) - [id: 0xe2124f1f, L:/0.0.0.0:15113] INACTIVE
2024-01-14 16:59:25,985 [56641f86-a9c9-430f-8bf6-dc57d718c7d6-NettyServerStreamRpc-bossGroup--thread1] INFO  logging.LoggingHandler (AbstractInternalLogger.java:log(148)) - [id: 0xe2124f1f, L:/0.0.0.0:15113] UNREGISTERED
2024-01-14 16:59:25,986 [fd48a60a-820f-4974-a983-c7065961ec94-impl-thread1] INFO  impl.StateMachineUpdater (StateMachineUpdater.java:stopAndJoin(157)) - fd48a60a-820f-4974-a983-c7065961ec94@group-682A4B85AB5F-StateMachineUpdater: set stopIndex = 0
2024-01-14 16:59:25,986 [ForkJoinPool.commonPool-worker-4] INFO  server.GrpcService (GrpcService.java:closeImpl(311)) - eb54ab2f-dc88-49fd-8d6c-2a4c844f47e7: shutdown server org.apache.ratis.grpc.server.GrpcClientProtocolService now
2024-01-14 16:59:25,986 [eb54ab2f-dc88-49fd-8d6c-2a4c844f47e7-impl-thread1] INFO  server.RaftServer$Division (RaftServerImpl.java:lambda$close$3(526)) - eb54ab2f-dc88-49fd-8d6c-2a4c844f47e7@group-088A53F56DEF: shutdown
2024-01-14 16:59:25,987 [eb54ab2f-dc88-49fd-8d6c-2a4c844f47e7-impl-thread1] INFO  util.JmxRegister (JmxRegister.java:unregister(73)) - Successfully un-registered JMX Bean with object name Ratis:service=RaftServer,group=group-088A53F56DEF,id=eb54ab2f-dc88-49fd-8d6c-2a4c844f47e7
2024-01-14 16:59:25,987 [eb54ab2f-dc88-49fd-8d6c-2a4c844f47e7-impl-thread1] INFO  impl.RoleInfo (RoleInfo.java:shutdownLeaderState(94)) - eb54ab2f-dc88-49fd-8d6c-2a4c844f47e7: shutdown eb54ab2f-dc88-49fd-8d6c-2a4c844f47e7@group-088A53F56DEF-LeaderStateImpl
2024-01-14 16:59:25,987 [eb54ab2f-dc88-49fd-8d6c-2a4c844f47e7-impl-thread1] INFO  impl.PendingRequests (PendingRequests.java:sendNotLeaderResponses(289)) - eb54ab2f-dc88-49fd-8d6c-2a4c844f47e7@group-088A53F56DEF-PendingRequests: sendNotLeaderResponses
2024-01-14 16:59:25,987 [eb54ab2f-dc88-49fd-8d6c-2a4c844f47e7-impl-thread1] INFO  impl.StateMachineUpdater (StateMachineUpdater.java:stopAndJoin(157)) - eb54ab2f-dc88-49fd-8d6c-2a4c844f47e7@group-088A53F56DEF-StateMachineUpdater: set stopIndex = 0
2024-01-14 16:59:25,987 [eb54ab2f-dc88-49fd-8d6c-2a4c844f47e7@group-088A53F56DEF-StateMachineUpdater] INFO  ratis.ContainerStateMachine (ContainerStateMachine.java:takeSnapshot(355)) - group-088A53F56DEF: Taking a snapshot at:(t:1, i:0) file /home/runner/work/ozone/ozone/hadoop-ozone/integration-test/target/test-dir/MiniOzoneClusterImpl-073b5688-48cc-4907-9326-51c03fe36003/datanode-8/data/ratis/14a65da0-720b-4770-87e5-088a53f56def/sm/snapshot.1_0
2024-01-14 16:59:25,986 [fd48a60a-820f-4974-a983-c7065961ec94@group-682A4B85AB5F-StateMachineUpdater] INFO  ratis.ContainerStateMachine (ContainerStateMachine.java:takeSnapshot(355)) - group-682A4B85AB5F: Taking a snapshot at:(t:1, i:0) file /home/runner/work/ozone/ozone/hadoop-ozone/integration-test/target/test-dir/MiniOzoneClusterImpl-073b5688-48cc-4907-9326-51c03fe36003/datanode-6/data/ratis/812cd810-4bbd-4eee-a156-682a4b85ab5f/sm/snapshot.1_0
2024-01-14 16:59:25,986 [eb54ab2f-dc88-49fd-8d6c-2a4c844f47e7-impl-thread2] INFO  server.RaftServer$Division (RaftServerImpl.java:lambda$close$3(526)) - eb54ab2f-dc88-49fd-8d6c-2a4c844f47e7@group-682A4B85AB5F: shutdown
2024-01-14 16:59:25,988 [eb54ab2f-dc88-49fd-8d6c-2a4c844f47e7-impl-thread2] INFO  util.JmxRegister (JmxRegister.java:unregister(73)) - Successfully un-registered JMX Bean with object name Ratis:service=RaftServer,group=group-682A4B85AB5F,id=eb54ab2f-dc88-49fd-8d6c-2a4c844f47e7
2024-01-14 16:59:25,988 [fd48a60a-820f-4974-a983-c7065961ec94@group-682A4B85AB5F-StateMachineUpdater] INFO  ratis.ContainerStateMachine (ContainerStateMachine.java:takeSnapshot(366)) - group-682A4B85AB5F: Finished taking a snapshot at:(t:1, i:0) file:/home/runner/work/ozone/ozone/hadoop-ozone/integration-test/target/test-dir/MiniOzoneClusterImpl-073b5688-48cc-4907-9326-51c03fe36003/datanode-6/data/ratis/812cd810-4bbd-4eee-a156-682a4b85ab5f/sm/snapshot.1_0 took: 1 ms
2024-01-14 16:59:25,988 [eb54ab2f-dc88-49fd-8d6c-2a4c844f47e7-impl-thread2] INFO  impl.RoleInfo (RoleInfo.java:shutdownLeaderState(94)) - eb54ab2f-dc88-49fd-8d6c-2a4c844f47e7: shutdown eb54ab2f-dc88-49fd-8d6c-2a4c844f47e7@group-682A4B85AB5F-LeaderStateImpl
2024-01-14 16:59:25,988 [fd48a60a-820f-4974-a983-c7065961ec94@group-682A4B85AB5F-StateMachineUpdater] INFO  impl.StateMachineUpdater (StateMachineUpdater.java:takeSnapshot(295)) - fd48a60a-820f-4974-a983-c7065961ec94@group-682A4B85AB5F-StateMachineUpdater: Took a snapshot at index 0
2024-01-14 16:59:25,988 [eb54ab2f-dc88-49fd-8d6c-2a4c844f47e7@group-088A53F56DEF-StateMachineUpdater] INFO  ratis.ContainerStateMachine (ContainerStateMachine.java:takeSnapshot(366)) - group-088A53F56DEF: Finished taking a snapshot at:(t:1, i:0) file:/home/runner/work/ozone/ozone/hadoop-ozone/integration-test/target/test-dir/MiniOzoneClusterImpl-073b5688-48cc-4907-9326-51c03fe36003/datanode-8/data/ratis/14a65da0-720b-4770-87e5-088a53f56def/sm/snapshot.1_0 took: 0 ms
2024-01-14 16:59:25,988 [fd48a60a-820f-4974-a983-c7065961ec94@group-682A4B85AB5F-StateMachineUpdater] INFO  impl.StateMachineUpdater (StateMachineUpdater.java:lambda$new$0(98)) - fd48a60a-820f-4974-a983-c7065961ec94@group-682A4B85AB5F-StateMachineUpdater: snapshotIndex: updateIncreasingly -1 -> 0
2024-01-14 16:59:25,988 [eb54ab2f-dc88-49fd-8d6c-2a4c844f47e7@group-088A53F56DEF-StateMachineUpdater] INFO  impl.StateMachineUpdater (StateMachineUpdater.java:takeSnapshot(295)) - eb54ab2f-dc88-49fd-8d6c-2a4c844f47e7@group-088A53F56DEF-StateMachineUpdater: Took a snapshot at index 0
2024-01-14 16:59:25,988 [eb54ab2f-dc88-49fd-8d6c-2a4c844f47e7@group-088A53F56DEF-StateMachineUpdater] INFO  impl.StateMachineUpdater (StateMachineUpdater.java:lambda$new$0(98)) - eb54ab2f-dc88-49fd-8d6c-2a4c844f47e7@group-088A53F56DEF-StateMachineUpdater: snapshotIndex: updateIncreasingly -1 -> 0
2024-01-14 16:59:25,986 [fd48a60a-820f-4974-a983-c7065961ec94@group-682A4B85AB5F-FollowerState] INFO  impl.FollowerState (FollowerState.java:run(152)) - fd48a60a-820f-4974-a983-c7065961ec94@group-682A4B85AB5F-FollowerState was interrupted
2024-01-14 16:59:25,988 [Thread-2306] INFO  server.GrpcServerProtocolClient (GrpcServerProtocolClient.java:close(103)) - 7ded70f2-1c6f-4acc-8465-7e233baee92c Close channels
2024-01-14 16:59:25,988 [fd48a60a-820f-4974-a983-c7065961ec94-impl-thread1] INFO  server.RaftServer$Division (ServerState.java:close(427)) - fd48a60a-820f-4974-a983-c7065961ec94@group-682A4B85AB5F: applyIndex: 0
2024-01-14 16:59:25,989 [Thread-2305] INFO  server.GrpcServerProtocolClient (GrpcServerProtocolClient.java:close(103)) - eb54ab2f-dc88-49fd-8d6c-2a4c844f47e7 Close channels
2024-01-14 16:59:25,988 [eb54ab2f-dc88-49fd-8d6c-2a4c844f47e7-impl-thread1] INFO  server.RaftServer$Division (ServerState.java:close(427)) - eb54ab2f-dc88-49fd-8d6c-2a4c844f47e7@group-088A53F56DEF: applyIndex: 0
2024-01-14 16:59:25,992 [eb54ab2f-dc88-49fd-8d6c-2a4c844f47e7@group-088A53F56DEF-cacheEviction-AwaitToRun] INFO  util.AwaitToRun (AwaitToRun.java:run(49)) - eb54ab2f-dc88-49fd-8d6c-2a4c844f47e7@group-088A53F56DEF-cacheEviction-AwaitToRun-AwaitForSignal is interrupted
2024-01-14 16:59:25,994 [fd48a60a-820f-4974-a983-c7065961ec94@group-682A4B85AB5F-cacheEviction-AwaitToRun] INFO  util.AwaitToRun (AwaitToRun.java:run(49)) - fd48a60a-820f-4974-a983-c7065961ec94@group-682A4B85AB5F-cacheEviction-AwaitToRun-AwaitForSignal is interrupted
2024-01-14 16:59:25,994 [eb54ab2f-dc88-49fd-8d6c-2a4c844f47e7@group-682A4B85AB5F->fd48a60a-820f-4974-a983-c7065961ec94-GrpcLogAppender-LogAppenderDaemon] WARN  server.GrpcLogAppender (GrpcLogAppender.java:mayWait(289)) - eb54ab2f-dc88-49fd-8d6c-2a4c844f47e7@group-682A4B85AB5F->fd48a60a-820f-4974-a983-c7065961ec94-GrpcLogAppender: Wait interrupted by java.lang.InterruptedException
2024-01-14 16:59:25,994 [eb54ab2f-dc88-49fd-8d6c-2a4c844f47e7-impl-thread2] INFO  impl.PendingRequests (PendingRequests.java:sendNotLeaderResponses(289)) - eb54ab2f-dc88-49fd-8d6c-2a4c844f47e7@group-682A4B85AB5F-PendingRequests: sendNotLeaderResponses
2024-01-14 16:59:25,995 [Thread-2333] INFO  server.GrpcServerProtocolClient (GrpcServerProtocolClient.java:close(103)) - 7ded70f2-1c6f-4acc-8465-7e233baee92c Close channels
2024-01-14 16:59:25,995 [eb54ab2f-dc88-49fd-8d6c-2a4c844f47e7@group-682A4B85AB5F->7ded70f2-1c6f-4acc-8465-7e233baee92c-GrpcLogAppender-LogAppenderDaemon] WARN  server.GrpcLogAppender (GrpcLogAppender.java:mayWait(289)) - eb54ab2f-dc88-49fd-8d6c-2a4c844f47e7@group-682A4B85AB5F->7ded70f2-1c6f-4acc-8465-7e233baee92c-GrpcLogAppender: Wait interrupted by java.lang.InterruptedException
2024-01-14 16:59:25,995 [eb54ab2f-dc88-49fd-8d6c-2a4c844f47e7-impl-thread2] INFO  impl.StateMachineUpdater (StateMachineUpdater.java:stopAndJoin(157)) - eb54ab2f-dc88-49fd-8d6c-2a4c844f47e7@group-682A4B85AB5F-StateMachineUpdater: set stopIndex = 0
2024-01-14 16:59:25,995 [eb54ab2f-dc88-49fd-8d6c-2a4c844f47e7@group-682A4B85AB5F-StateMachineUpdater] INFO  ratis.ContainerStateMachine (ContainerStateMachine.java:takeSnapshot(355)) - group-682A4B85AB5F: Taking a snapshot at:(t:1, i:0) file /home/runner/work/ozone/ozone/hadoop-ozone/integration-test/target/test-dir/MiniOzoneClusterImpl-073b5688-48cc-4907-9326-51c03fe36003/datanode-8/data/ratis/812cd810-4bbd-4eee-a156-682a4b85ab5f/sm/snapshot.1_0
2024-01-14 16:59:25,995 [grpc-default-executor-1] INFO  server.GrpcServerProtocolService (GrpcServerProtocolService.java:onCompleted(157)) - fd48a60a-820f-4974-a983-c7065961ec94: Completed APPEND_ENTRIES, lastRequest: eb54ab2f-dc88-49fd-8d6c-2a4c844f47e7->fd48a60a-820f-4974-a983-c7065961ec94#1-t1,previous=(t:0, i:0),leaderCommit=-1,initializing? false,entries: size=1, first=(t:1, i:0), CONFIGURATIONENTRY(current:id: "fd48a60a-820f-4974-a983-c7065961ec94"
address: "10.1.0.34:15157"
dataStreamAddress: "10.1.0.34:15158"
clientAddress: "10.1.0.34:15155"
adminAddress: "10.1.0.34:15156"
startupRole: FOLLOWER
,id: "eb54ab2f-dc88-49fd-8d6c-2a4c844f47e7"
address: "10.1.0.34:15175"
priority: 1
dataStreamAddress: "10.1.0.34:15176"
clientAddress: "10.1.0.34:15173"
adminAddress: "10.1.0.34:15174"
startupRole: FOLLOWER
,id: "7ded70f2-1c6f-4acc-8465-7e233baee92c"
address: "10.1.0.34:15166"
dataStreamAddress: "10.1.0.34:15167"
clientAddress: "10.1.0.34:15164"
adminAddress: "10.1.0.34:15165"
startupRole: FOLLOWER
, old:)
2024-01-14 16:59:25,995 [grpc-default-executor-1] INFO  server.GrpcServerProtocolService (GrpcServerProtocolService.java:lambda$onCompleted$5(159)) - fd48a60a-820f-4974-a983-c7065961ec94: Completed APPEND_ENTRIES, lastReply: null
2024-01-14 16:59:25,995 [ForkJoinPool.commonPool-worker-3] INFO  server.GrpcService (GrpcService.java:closeImpl(320)) - fd48a60a-820f-4974-a983-c7065961ec94: shutdown server org.apache.ratis.grpc.server.GrpcClientProtocolService successfully
2024-01-14 16:59:25,996 [ForkJoinPool.commonPool-worker-3] INFO  server.GrpcService (GrpcService.java:closeImpl(311)) - fd48a60a-820f-4974-a983-c7065961ec94: shutdown server GrpcServerProtocolService now
2024-01-14 16:59:25,996 [eb54ab2f-dc88-49fd-8d6c-2a4c844f47e7@group-682A4B85AB5F-StateMachineUpdater] INFO  ratis.ContainerStateMachine (ContainerStateMachine.java:takeSnapshot(366)) - group-682A4B85AB5F: Finished taking a snapshot at:(t:1, i:0) file:/home/runner/work/ozone/ozone/hadoop-ozone/integration-test/target/test-dir/MiniOzoneClusterImpl-073b5688-48cc-4907-9326-51c03fe36003/datanode-8/data/ratis/812cd810-4bbd-4eee-a156-682a4b85ab5f/sm/snapshot.1_0 took: 1 ms
2024-01-14 16:59:25,996 [eb54ab2f-dc88-49fd-8d6c-2a4c844f47e7@group-682A4B85AB5F-StateMachineUpdater] INFO  impl.StateMachineUpdater (StateMachineUpdater.java:takeSnapshot(295)) - eb54ab2f-dc88-49fd-8d6c-2a4c844f47e7@group-682A4B85AB5F-StateMachineUpdater: Took a snapshot at index 0
2024-01-14 16:59:25,996 [eb54ab2f-dc88-49fd-8d6c-2a4c844f47e7@group-682A4B85AB5F-StateMachineUpdater] INFO  impl.StateMachineUpdater (StateMachineUpdater.java:lambda$new$0(98)) - eb54ab2f-dc88-49fd-8d6c-2a4c844f47e7@group-682A4B85AB5F-StateMachineUpdater: snapshotIndex: updateIncreasingly -1 -> 0
2024-01-14 16:59:25,996 [eb54ab2f-dc88-49fd-8d6c-2a4c844f47e7-impl-thread2] INFO  server.RaftServer$Division (ServerState.java:close(427)) - eb54ab2f-dc88-49fd-8d6c-2a4c844f47e7@group-682A4B85AB5F: applyIndex: 0
2024-01-14 16:59:25,997 [grpc-default-executor-6] INFO  server.GrpcLogAppender (GrpcLogAppender.java:onCompleted(546)) - eb54ab2f-dc88-49fd-8d6c-2a4c844f47e7@group-682A4B85AB5F->fd48a60a-820f-4974-a983-c7065961ec94-AppendLogResponseHandler: follower responses appendEntries COMPLETED
2024-01-14 16:59:25,997 [grpc-default-executor-4] INFO  server.GrpcServerProtocolService (GrpcServerProtocolService.java:onCompleted(157)) - fd48a60a-820f-4974-a983-c7065961ec94: Completed APPEND_ENTRIES, lastRequest: null
2024-01-14 16:59:25,997 [grpc-default-executor-4] INFO  server.GrpcServerProtocolService (GrpcServerProtocolService.java:lambda$onCompleted$5(159)) - fd48a60a-820f-4974-a983-c7065961ec94: Completed APPEND_ENTRIES, lastReply: serverReply {
  requestorId: "eb54ab2f-dc88-49fd-8d6c-2a4c844f47e7"
  replyId: "fd48a60a-820f-4974-a983-c7065961ec94"
  raftGroupId {
    id: "\201,\330\020K\275N\356\241Vh*K\205\253_"
  }
  callId: 11
  success: true
}
term: 1
nextIndex: 1
matchIndex: 18446744073709551615
isHearbeat: true

2024-01-14 16:59:26,003 [Thread-2309] INFO  server.GrpcServerProtocolClient (GrpcServerProtocolClient.java:close(103)) - fd48a60a-820f-4974-a983-c7065961ec94 Close channels
2024-01-14 16:59:26,003 [grpc-default-executor-5] INFO  server.GrpcLogAppender (GrpcLogAppender.java:onError(533)) - eb54ab2f-dc88-49fd-8d6c-2a4c844f47e7@group-682A4B85AB5F->fd48a60a-820f-4974-a983-c7065961ec94-GrpcLogAppender is already stopped
2024-01-14 16:59:26,004 [ForkJoinPool.commonPool-worker-3] INFO  server.GrpcService (GrpcService.java:closeImpl(320)) - fd48a60a-820f-4974-a983-c7065961ec94: shutdown server GrpcServerProtocolService successfully
2024-01-14 16:59:26,004 [ForkJoinPool.commonPool-worker-3] INFO  server.GrpcService (GrpcService.java:closeImpl(311)) - fd48a60a-820f-4974-a983-c7065961ec94: shutdown server org.apache.ratis.grpc.server.GrpcAdminProtocolService now
2024-01-14 16:59:26,006 [a2543f1a-c8af-46f0-9728-67cfa3d7b722-NettyServerStreamRpc-bossGroup--thread1] INFO  logging.LoggingHandler (AbstractInternalLogger.java:log(148)) - [id: 0x85f25950, L:/0.0.0.0:15122] CLOSE
2024-01-14 16:59:26,006 [a2543f1a-c8af-46f0-9728-67cfa3d7b722-NettyServerStreamRpc-bossGroup--thread1] INFO  logging.LoggingHandler (AbstractInternalLogger.java:log(148)) - [id: 0x85f25950, L:/0.0.0.0:15122] INACTIVE
2024-01-14 16:59:26,006 [a2543f1a-c8af-46f0-9728-67cfa3d7b722-NettyServerStreamRpc-bossGroup--thread1] INFO  logging.LoggingHandler (AbstractInternalLogger.java:log(148)) - [id: 0x85f25950, L:/0.0.0.0:15122] UNREGISTERED
2024-01-14 16:59:26,010 [eb54ab2f-dc88-49fd-8d6c-2a4c844f47e7@group-682A4B85AB5F-cacheEviction-AwaitToRun] INFO  util.AwaitToRun (AwaitToRun.java:run(49)) - eb54ab2f-dc88-49fd-8d6c-2a4c844f47e7@group-682A4B85AB5F-cacheEviction-AwaitToRun-AwaitForSignal is interrupted
2024-01-14 16:59:26,016 [ForkJoinPool.commonPool-worker-3] INFO  server.GrpcService (GrpcService.java:closeImpl(320)) - fd48a60a-820f-4974-a983-c7065961ec94: shutdown server org.apache.ratis.grpc.server.GrpcAdminProtocolService successfully
2024-01-14 16:59:26,023 [ForkJoinPool.commonPool-worker-4] INFO  server.GrpcService (GrpcService.java:closeImpl(320)) - eb54ab2f-dc88-49fd-8d6c-2a4c844f47e7: shutdown server org.apache.ratis.grpc.server.GrpcClientProtocolService successfully
2024-01-14 16:59:26,023 [ForkJoinPool.commonPool-worker-4] INFO  server.GrpcService (GrpcService.java:closeImpl(311)) - eb54ab2f-dc88-49fd-8d6c-2a4c844f47e7: shutdown server GrpcServerProtocolService now
2024-01-14 16:59:26,038 [0ab92cad-ec19-4fa3-a733-30f9108b825a-NettyServerStreamRpc-bossGroup--thread1] INFO  logging.LoggingHandler (AbstractInternalLogger.java:log(148)) - [id: 0x2ebb8d82, L:/0.0.0.0:15140] CLOSE
2024-01-14 16:59:26,039 [0ab92cad-ec19-4fa3-a733-30f9108b825a-NettyServerStreamRpc-bossGroup--thread1] INFO  logging.LoggingHandler (AbstractInternalLogger.java:log(148)) - [id: 0x2ebb8d82, L:/0.0.0.0:15140] INACTIVE
2024-01-14 16:59:26,039 [0ab92cad-ec19-4fa3-a733-30f9108b825a-NettyServerStreamRpc-bossGroup--thread1] INFO  logging.LoggingHandler (AbstractInternalLogger.java:log(148)) - [id: 0x2ebb8d82, L:/0.0.0.0:15140] UNREGISTERED
2024-01-14 16:59:26,040 [ForkJoinPool.commonPool-worker-4] INFO  server.GrpcService (GrpcService.java:closeImpl(320)) - eb54ab2f-dc88-49fd-8d6c-2a4c844f47e7: shutdown server GrpcServerProtocolService successfully
2024-01-14 16:59:26,040 [ForkJoinPool.commonPool-worker-4] INFO  server.GrpcService (GrpcService.java:closeImpl(311)) - eb54ab2f-dc88-49fd-8d6c-2a4c844f47e7: shutdown server org.apache.ratis.grpc.server.GrpcAdminProtocolService now
2024-01-14 16:59:26,041 [08cfce96-786e-4185-808c-4b09ee2338d3-NettyServerStreamRpc-bossGroup--thread1] INFO  logging.LoggingHandler (AbstractInternalLogger.java:log(148)) - [id: 0x94adc3ed, L:/0.0.0.0:15104] CLOSE
2024-01-14 16:59:26,041 [08cfce96-786e-4185-808c-4b09ee2338d3-NettyServerStreamRpc-bossGroup--thread1] INFO  logging.LoggingHandler (AbstractInternalLogger.java:log(148)) - [id: 0x94adc3ed, L:/0.0.0.0:15104] INACTIVE
2024-01-14 16:59:26,041 [08cfce96-786e-4185-808c-4b09ee2338d3-NettyServerStreamRpc-bossGroup--thread1] INFO  logging.LoggingHandler (AbstractInternalLogger.java:log(148)) - [id: 0x94adc3ed, L:/0.0.0.0:15104] UNREGISTERED
2024-01-14 16:59:26,041 [fd48a60a-820f-4974-a983-c7065961ec94-NettyServerStreamRpc-bossGroup--thread1] INFO  logging.LoggingHandler (AbstractInternalLogger.java:log(148)) - [id: 0xb9b24826, L:/0.0.0.0:15158] CLOSE
2024-01-14 16:59:26,041 [fd48a60a-820f-4974-a983-c7065961ec94-NettyServerStreamRpc-bossGroup--thread1] INFO  logging.LoggingHandler (AbstractInternalLogger.java:log(148)) - [id: 0xb9b24826, L:/0.0.0.0:15158] INACTIVE
2024-01-14 16:59:26,041 [fd48a60a-820f-4974-a983-c7065961ec94-NettyServerStreamRpc-bossGroup--thread1] INFO  logging.LoggingHandler (AbstractInternalLogger.java:log(148)) - [id: 0xb9b24826, L:/0.0.0.0:15158] UNREGISTERED
2024-01-14 16:59:26,044 [ForkJoinPool.commonPool-worker-4] INFO  server.GrpcService (GrpcService.java:closeImpl(320)) - eb54ab2f-dc88-49fd-8d6c-2a4c844f47e7: shutdown server org.apache.ratis.grpc.server.GrpcAdminProtocolService successfully
2024-01-14 16:59:26,053 [eb54ab2f-dc88-49fd-8d6c-2a4c844f47e7-NettyServerStreamRpc-bossGroup--thread1] INFO  logging.LoggingHandler (AbstractInternalLogger.java:log(148)) - [id: 0x369cb7c2, L:/0.0.0.0:15176] CLOSE
2024-01-14 16:59:26,054 [eb54ab2f-dc88-49fd-8d6c-2a4c844f47e7-NettyServerStreamRpc-bossGroup--thread1] INFO  logging.LoggingHandler (AbstractInternalLogger.java:log(148)) - [id: 0x369cb7c2, L:/0.0.0.0:15176] INACTIVE
2024-01-14 16:59:26,054 [eb54ab2f-dc88-49fd-8d6c-2a4c844f47e7-NettyServerStreamRpc-bossGroup--thread1] INFO  logging.LoggingHandler (AbstractInternalLogger.java:log(148)) - [id: 0x369cb7c2, L:/0.0.0.0:15176] UNREGISTERED
2024-01-14 16:59:26,172 [08cfce96-786e-4185-808c-4b09ee2338d3-impl-thread1] INFO  segmented.SegmentedRaftLogWorker (SegmentedRaftLogWorker.java:close(245)) - 08cfce96-786e-4185-808c-4b09ee2338d3@group-BA7FA7942C21-SegmentedRaftLogWorker close()
2024-01-14 16:59:26,174 [56641f86-a9c9-430f-8bf6-dc57d718c7d6-impl-thread1] INFO  segmented.SegmentedRaftLogWorker (SegmentedRaftLogWorker.java:close(245)) - 56641f86-a9c9-430f-8bf6-dc57d718c7d6@group-B74FB7C93973-SegmentedRaftLogWorker close()
2024-01-14 16:59:26,174 [7ded70f2-1c6f-4acc-8465-7e233baee92c-impl-thread1] INFO  segmented.SegmentedRaftLogWorker (SegmentedRaftLogWorker.java:close(245)) - 7ded70f2-1c6f-4acc-8465-7e233baee92c@group-B6DE5DCCFDEA-SegmentedRaftLogWorker close()
2024-01-14 16:59:26,240 [a2543f1a-c8af-46f0-9728-67cfa3d7b722-impl-thread1] INFO  segmented.SegmentedRaftLogWorker (SegmentedRaftLogWorker.java:close(245)) - a2543f1a-c8af-46f0-9728-67cfa3d7b722@group-038420BB7178-SegmentedRaftLogWorker close()
2024-01-14 16:59:26,285 [a2543f1a-c8af-46f0-9728-67cfa3d7b722-impl-thread2] INFO  segmented.SegmentedRaftLogWorker (SegmentedRaftLogWorker.java:close(245)) - a2543f1a-c8af-46f0-9728-67cfa3d7b722@group-291BE69B6FEB-SegmentedRaftLogWorker close()
2024-01-14 16:59:26,286 [JvmPauseMonitor15] INFO  util.JvmPauseMonitor (JvmPauseMonitor.java:run(152)) - JvmPauseMonitor-a2543f1a-c8af-46f0-9728-67cfa3d7b722: Stopped
2024-01-14 16:59:26,321 [56641f86-a9c9-430f-8bf6-dc57d718c7d6-impl-thread2] INFO  segmented.SegmentedRaftLogWorker (SegmentedRaftLogWorker.java:close(245)) - 56641f86-a9c9-430f-8bf6-dc57d718c7d6@group-291BE69B6FEB-SegmentedRaftLogWorker close()
2024-01-14 16:59:26,322 [08cfce96-786e-4185-808c-4b09ee2338d3-impl-thread2] INFO  segmented.SegmentedRaftLogWorker (SegmentedRaftLogWorker.java:close(245)) - 08cfce96-786e-4185-808c-4b09ee2338d3@group-291BE69B6FEB-SegmentedRaftLogWorker close()
2024-01-14 16:59:26,324 [JvmPauseMonitor14] INFO  util.JvmPauseMonitor (JvmPauseMonitor.java:run(152)) - JvmPauseMonitor-56641f86-a9c9-430f-8bf6-dc57d718c7d6: Stopped
2024-01-14 16:59:26,325 [JvmPauseMonitor13] INFO  util.JvmPauseMonitor (JvmPauseMonitor.java:run(152)) - JvmPauseMonitor-08cfce96-786e-4185-808c-4b09ee2338d3: Stopped
2024-01-14 16:59:26,575 [0ab92cad-ec19-4fa3-a733-30f9108b825a-impl-thread1] INFO  segmented.SegmentedRaftLogWorker (SegmentedRaftLogWorker.java:close(245)) - 0ab92cad-ec19-4fa3-a733-30f9108b825a@group-22CA3FD4C0A4-SegmentedRaftLogWorker close()
2024-01-14 16:59:26,576 [JvmPauseMonitor17] INFO  util.JvmPauseMonitor (JvmPauseMonitor.java:run(152)) - JvmPauseMonitor-0ab92cad-ec19-4fa3-a733-30f9108b825a: Stopped
2024-01-14 16:59:26,768 [fd48a60a-820f-4974-a983-c7065961ec94-impl-thread2] INFO  segmented.SegmentedRaftLogWorker (SegmentedRaftLogWorker.java:close(245)) - fd48a60a-820f-4974-a983-c7065961ec94@group-D2FDA283D797-SegmentedRaftLogWorker close()
2024-01-14 16:59:26,827 [eb54ab2f-dc88-49fd-8d6c-2a4c844f47e7-impl-thread2] INFO  segmented.SegmentedRaftLogWorker (SegmentedRaftLogWorker.java:close(245)) - eb54ab2f-dc88-49fd-8d6c-2a4c844f47e7@group-682A4B85AB5F-SegmentedRaftLogWorker close()
2024-01-14 16:59:26,838 [fd48a60a-820f-4974-a983-c7065961ec94-impl-thread1] INFO  segmented.SegmentedRaftLogWorker (SegmentedRaftLogWorker.java:close(245)) - fd48a60a-820f-4974-a983-c7065961ec94@group-682A4B85AB5F-SegmentedRaftLogWorker close()
2024-01-14 16:59:26,838 [7ded70f2-1c6f-4acc-8465-7e233baee92c-impl-thread2] INFO  segmented.SegmentedRaftLogWorker (SegmentedRaftLogWorker.java:close(245)) - 7ded70f2-1c6f-4acc-8465-7e233baee92c@group-682A4B85AB5F-SegmentedRaftLogWorker close()
2024-01-14 16:59:26,838 [JvmPauseMonitor19] INFO  util.JvmPauseMonitor (JvmPauseMonitor.java:run(152)) - JvmPauseMonitor-fd48a60a-820f-4974-a983-c7065961ec94: Stopped
2024-01-14 16:59:26,839 [JvmPauseMonitor20] INFO  util.JvmPauseMonitor (JvmPauseMonitor.java:run(152)) - JvmPauseMonitor-7ded70f2-1c6f-4acc-8465-7e233baee92c: Stopped
2024-01-14 16:59:26,924 [eb54ab2f-dc88-49fd-8d6c-2a4c844f47e7-impl-thread1] INFO  segmented.SegmentedRaftLogWorker (SegmentedRaftLogWorker.java:close(245)) - eb54ab2f-dc88-49fd-8d6c-2a4c844f47e7@group-088A53F56DEF-SegmentedRaftLogWorker close()
2024-01-14 16:59:26,924 [JvmPauseMonitor21] INFO  util.JvmPauseMonitor (JvmPauseMonitor.java:run(152)) - JvmPauseMonitor-eb54ab2f-dc88-49fd-8d6c-2a4c844f47e7: Stopped
2024-01-14 16:59:28,288 [ForkJoinPool.commonPool-worker-7] INFO  utils.DatanodeStoreCache (DatanodeStoreCache.java:shutdownCache(116)) - Skip clearing cache in mini cluster mode. Entries left: [/home/runner/work/ozone/ozone/hadoop-ozone/integration-test/target/test-dir/MiniOzoneClusterImpl-073b5688-48cc-4907-9326-51c03fe36003/datanode-0/data-0/containers/hdds/073b5688-48cc-4907-9326-51c03fe36003/DS-010ec756-1306-4027-b6b2-94eaebac9a46/container.db, /home/runner/work/ozone/ozone/hadoop-ozone/integration-test/target/test-dir/MiniOzoneClusterImpl-073b5688-48cc-4907-9326-51c03fe36003/datanode-1/data-0/containers/hdds/073b5688-48cc-4907-9326-51c03fe36003/DS-5ca71cef-ff75-47e5-b45b-089d2cf90061/container.db, /home/runner/work/ozone/ozone/hadoop-ozone/integration-test/target/test-dir/MiniOzoneClusterImpl-073b5688-48cc-4907-9326-51c03fe36003/datanode-2/data-0/containers/hdds/073b5688-48cc-4907-9326-51c03fe36003/DS-3790852b-5318-42a3-8fa1-55478baca963/container.db, /home/runner/work/ozone/ozone/hadoop-ozone/integration-test/target/test-dir/MiniOzoneClusterImpl-073b5688-48cc-4907-9326-51c03fe36003/datanode-4/data-0/containers/hdds/073b5688-48cc-4907-9326-51c03fe36003/DS-43d34977-d9e2-41cf-a5ad-8de12db9a092/container.db, /home/runner/work/ozone/ozone/hadoop-ozone/integration-test/target/test-dir/MiniOzoneClusterImpl-073b5688-48cc-4907-9326-51c03fe36003/datanode-6/data-0/containers/hdds/073b5688-48cc-4907-9326-51c03fe36003/DS-5e989019-9153-4f3e-9778-b6e17475e32e/container.db, /home/runner/work/ozone/ozone/hadoop-ozone/integration-test/target/test-dir/MiniOzoneClusterImpl-073b5688-48cc-4907-9326-51c03fe36003/datanode-7/data-0/containers/hdds/073b5688-48cc-4907-9326-51c03fe36003/DS-456703f1-e5c7-4101-893f-54f2b8a9a8e1/container.db, /home/runner/work/ozone/ozone/hadoop-ozone/integration-test/target/test-dir/MiniOzoneClusterImpl-073b5688-48cc-4907-9326-51c03fe36003/datanode-8/data-0/containers/hdds/073b5688-48cc-4907-9326-51c03fe36003/DS-13c93e94-e2fa-423b-a4b0-22e47b869bac/container.db]
2024-01-14 16:59:28,292 [ForkJoinPool.commonPool-worker-7] INFO  utils.DatanodeStoreCache (DatanodeStoreCache.java:removeDB(110)) - Removed db /home/runner/work/ozone/ozone/hadoop-ozone/integration-test/target/test-dir/MiniOzoneClusterImpl-073b5688-48cc-4907-9326-51c03fe36003/datanode-2/data-0/containers/hdds/073b5688-48cc-4907-9326-51c03fe36003/DS-3790852b-5318-42a3-8fa1-55478baca963/container.db from cache
2024-01-14 16:59:28,292 [ForkJoinPool.commonPool-worker-7] INFO  volume.HddsVolume (HddsVolume.java:closeDbStore(451)) - SchemaV3 db is stopped at /home/runner/work/ozone/ozone/hadoop-ozone/integration-test/target/test-dir/MiniOzoneClusterImpl-073b5688-48cc-4907-9326-51c03fe36003/datanode-2/data-0/containers/hdds/073b5688-48cc-4907-9326-51c03fe36003/DS-3790852b-5318-42a3-8fa1-55478baca963/container.db for volume DS-3790852b-5318-42a3-8fa1-55478baca963
2024-01-14 16:59:28,293 [ForkJoinPool.commonPool-worker-7] INFO  utils.BackgroundService (BackgroundService.java:shutdown(160)) - Shutting down service BlockDeletingService
2024-01-14 16:59:28,293 [ForkJoinPool.commonPool-worker-7] INFO  utils.BackgroundService (BackgroundService.java:shutdown(160)) - Shutting down service StaleRecoveringContainerScrubbingService
2024-01-14 16:59:28,294 [ForkJoinPool.commonPool-worker-7] INFO  statemachine.DatanodeStateMachine (DatanodeStateMachine.java:stopDaemon(638)) - Ozone container server stopped.
2024-01-14 16:59:28,296 [ForkJoinPool.commonPool-worker-7] INFO  handler.ContextHandler (ContextHandler.java:doStop(1159)) - Stopped o.e.j.w.WebAppContext@40cf4db{hddsDatanode,/,null,STOPPED}{jar:file:/home/runner/.m2/repository/org/apache/ozone/hdds-container-service/1.5.0-SNAPSHOT/hdds-container-service-1.5.0-SNAPSHOT.jar!/webapps/hddsDatanode}
2024-01-14 16:59:28,296 [ForkJoinPool.commonPool-worker-7] INFO  server.AbstractConnector (AbstractConnector.java:doStop(383)) - Stopped ServerConnector@12aa209{HTTP/1.1, (http/1.1)}{0.0.0.0:15116}
2024-01-14 16:59:28,296 [ForkJoinPool.commonPool-worker-7] INFO  server.session (HouseKeeper.java:stopScavenging(149)) - node0 Stopped scavenging
2024-01-14 16:59:28,298 [ForkJoinPool.commonPool-worker-7] INFO  handler.ContextHandler (ContextHandler.java:doStop(1159)) - Stopped o.e.j.s.ServletContextHandler@1539f6d8{static,/static,jar:file:/home/runner/.m2/repository/org/apache/ozone/hdds-container-service/1.5.0-SNAPSHOT/hdds-container-service-1.5.0-SNAPSHOT.jar!/webapps/static,STOPPED}
2024-01-14 16:59:28,298 [ForkJoinPool.commonPool-worker-7] INFO  handler.ContextHandler (ContextHandler.java:doStop(1159)) - Stopped o.e.j.s.ServletContextHandler@4d9953b1{logs,/logs,file:///home/runner/work/ozone/ozone/hadoop-ozone/integration-test/target/log,STOPPED}
2024-01-14 16:59:28,299 [ForkJoinPool.commonPool-worker-7] INFO  ozone.HddsDatanodeClientProtocolServer (HddsDatanodeClientProtocolServer.java:stop(78)) - Stopping the RPC server for Client Protocol
2024-01-14 16:59:28,300 [ForkJoinPool.commonPool-worker-7] INFO  ipc.Server (Server.java:stop(3523)) - Stopping server on 15117
2024-01-14 16:59:28,300 [IPC Server listener on 15117] INFO  ipc.Server (Server.java:run(1434)) - Stopping IPC Server listener on 15117
2024-01-14 16:59:28,300 [IPC Server Responder] INFO  ipc.Server (Server.java:run(1567)) - Stopping IPC Server Responder
2024-01-14 16:59:28,327 [ForkJoinPool.commonPool-worker-2] INFO  utils.DatanodeStoreCache (DatanodeStoreCache.java:shutdownCache(116)) - Skip clearing cache in mini cluster mode. Entries left: [/home/runner/work/ozone/ozone/hadoop-ozone/integration-test/target/test-dir/MiniOzoneClusterImpl-073b5688-48cc-4907-9326-51c03fe36003/datanode-0/data-0/containers/hdds/073b5688-48cc-4907-9326-51c03fe36003/DS-010ec756-1306-4027-b6b2-94eaebac9a46/container.db, /home/runner/work/ozone/ozone/hadoop-ozone/integration-test/target/test-dir/MiniOzoneClusterImpl-073b5688-48cc-4907-9326-51c03fe36003/datanode-1/data-0/containers/hdds/073b5688-48cc-4907-9326-51c03fe36003/DS-5ca71cef-ff75-47e5-b45b-089d2cf90061/container.db, /home/runner/work/ozone/ozone/hadoop-ozone/integration-test/target/test-dir/MiniOzoneClusterImpl-073b5688-48cc-4907-9326-51c03fe36003/datanode-4/data-0/containers/hdds/073b5688-48cc-4907-9326-51c03fe36003/DS-43d34977-d9e2-41cf-a5ad-8de12db9a092/container.db, /home/runner/work/ozone/ozone/hadoop-ozone/integration-test/target/test-dir/MiniOzoneClusterImpl-073b5688-48cc-4907-9326-51c03fe36003/datanode-6/data-0/containers/hdds/073b5688-48cc-4907-9326-51c03fe36003/DS-5e989019-9153-4f3e-9778-b6e17475e32e/container.db, /home/runner/work/ozone/ozone/hadoop-ozone/integration-test/target/test-dir/MiniOzoneClusterImpl-073b5688-48cc-4907-9326-51c03fe36003/datanode-7/data-0/containers/hdds/073b5688-48cc-4907-9326-51c03fe36003/DS-456703f1-e5c7-4101-893f-54f2b8a9a8e1/container.db, /home/runner/work/ozone/ozone/hadoop-ozone/integration-test/target/test-dir/MiniOzoneClusterImpl-073b5688-48cc-4907-9326-51c03fe36003/datanode-8/data-0/containers/hdds/073b5688-48cc-4907-9326-51c03fe36003/DS-13c93e94-e2fa-423b-a4b0-22e47b869bac/container.db]
2024-01-14 16:59:28,327 [ForkJoinPool.commonPool-worker-1] INFO  utils.DatanodeStoreCache (DatanodeStoreCache.java:shutdownCache(116)) - Skip clearing cache in mini cluster mode. Entries left: [/home/runner/work/ozone/ozone/hadoop-ozone/integration-test/target/test-dir/MiniOzoneClusterImpl-073b5688-48cc-4907-9326-51c03fe36003/datanode-0/data-0/containers/hdds/073b5688-48cc-4907-9326-51c03fe36003/DS-010ec756-1306-4027-b6b2-94eaebac9a46/container.db, /home/runner/work/ozone/ozone/hadoop-ozone/integration-test/target/test-dir/MiniOzoneClusterImpl-073b5688-48cc-4907-9326-51c03fe36003/datanode-1/data-0/containers/hdds/073b5688-48cc-4907-9326-51c03fe36003/DS-5ca71cef-ff75-47e5-b45b-089d2cf90061/container.db, /home/runner/work/ozone/ozone/hadoop-ozone/integration-test/target/test-dir/MiniOzoneClusterImpl-073b5688-48cc-4907-9326-51c03fe36003/datanode-4/data-0/containers/hdds/073b5688-48cc-4907-9326-51c03fe36003/DS-43d34977-d9e2-41cf-a5ad-8de12db9a092/container.db, /home/runner/work/ozone/ozone/hadoop-ozone/integration-test/target/test-dir/MiniOzoneClusterImpl-073b5688-48cc-4907-9326-51c03fe36003/datanode-6/data-0/containers/hdds/073b5688-48cc-4907-9326-51c03fe36003/DS-5e989019-9153-4f3e-9778-b6e17475e32e/container.db, /home/runner/work/ozone/ozone/hadoop-ozone/integration-test/target/test-dir/MiniOzoneClusterImpl-073b5688-48cc-4907-9326-51c03fe36003/datanode-7/data-0/containers/hdds/073b5688-48cc-4907-9326-51c03fe36003/DS-456703f1-e5c7-4101-893f-54f2b8a9a8e1/container.db, /home/runner/work/ozone/ozone/hadoop-ozone/integration-test/target/test-dir/MiniOzoneClusterImpl-073b5688-48cc-4907-9326-51c03fe36003/datanode-8/data-0/containers/hdds/073b5688-48cc-4907-9326-51c03fe36003/DS-13c93e94-e2fa-423b-a4b0-22e47b869bac/container.db]
2024-01-14 16:59:28,334 [ForkJoinPool.commonPool-worker-1] INFO  utils.DatanodeStoreCache (DatanodeStoreCache.java:removeDB(110)) - Removed db /home/runner/work/ozone/ozone/hadoop-ozone/integration-test/target/test-dir/MiniOzoneClusterImpl-073b5688-48cc-4907-9326-51c03fe36003/datanode-1/data-0/containers/hdds/073b5688-48cc-4907-9326-51c03fe36003/DS-5ca71cef-ff75-47e5-b45b-089d2cf90061/container.db from cache
2024-01-14 16:59:28,334 [ForkJoinPool.commonPool-worker-1] INFO  volume.HddsVolume (HddsVolume.java:closeDbStore(451)) - SchemaV3 db is stopped at /home/runner/work/ozone/ozone/hadoop-ozone/integration-test/target/test-dir/MiniOzoneClusterImpl-073b5688-48cc-4907-9326-51c03fe36003/datanode-1/data-0/containers/hdds/073b5688-48cc-4907-9326-51c03fe36003/DS-5ca71cef-ff75-47e5-b45b-089d2cf90061/container.db for volume DS-5ca71cef-ff75-47e5-b45b-089d2cf90061
2024-01-14 16:59:28,334 [ForkJoinPool.commonPool-worker-2] INFO  utils.DatanodeStoreCache (DatanodeStoreCache.java:removeDB(110)) - Removed db /home/runner/work/ozone/ozone/hadoop-ozone/integration-test/target/test-dir/MiniOzoneClusterImpl-073b5688-48cc-4907-9326-51c03fe36003/datanode-0/data-0/containers/hdds/073b5688-48cc-4907-9326-51c03fe36003/DS-010ec756-1306-4027-b6b2-94eaebac9a46/container.db from cache
2024-01-14 16:59:28,334 [ForkJoinPool.commonPool-worker-2] INFO  volume.HddsVolume (HddsVolume.java:closeDbStore(451)) - SchemaV3 db is stopped at /home/runner/work/ozone/ozone/hadoop-ozone/integration-test/target/test-dir/MiniOzoneClusterImpl-073b5688-48cc-4907-9326-51c03fe36003/datanode-0/data-0/containers/hdds/073b5688-48cc-4907-9326-51c03fe36003/DS-010ec756-1306-4027-b6b2-94eaebac9a46/container.db for volume DS-010ec756-1306-4027-b6b2-94eaebac9a46
2024-01-14 16:59:28,335 [ForkJoinPool.commonPool-worker-2] INFO  utils.BackgroundService (BackgroundService.java:shutdown(160)) - Shutting down service BlockDeletingService
2024-01-14 16:59:28,335 [ForkJoinPool.commonPool-worker-1] INFO  utils.BackgroundService (BackgroundService.java:shutdown(160)) - Shutting down service BlockDeletingService
2024-01-14 16:59:28,335 [ForkJoinPool.commonPool-worker-2] INFO  utils.BackgroundService (BackgroundService.java:shutdown(160)) - Shutting down service StaleRecoveringContainerScrubbingService
2024-01-14 16:59:28,335 [ForkJoinPool.commonPool-worker-1] INFO  utils.BackgroundService (BackgroundService.java:shutdown(160)) - Shutting down service StaleRecoveringContainerScrubbingService
2024-01-14 16:59:28,336 [ForkJoinPool.commonPool-worker-2] INFO  statemachine.DatanodeStateMachine (DatanodeStateMachine.java:stopDaemon(638)) - Ozone container server stopped.
2024-01-14 16:59:28,339 [ForkJoinPool.commonPool-worker-1] INFO  statemachine.DatanodeStateMachine (DatanodeStateMachine.java:stopDaemon(638)) - Ozone container server stopped.
2024-01-14 16:59:28,339 [ForkJoinPool.commonPool-worker-2] INFO  handler.ContextHandler (ContextHandler.java:doStop(1159)) - Stopped o.e.j.w.WebAppContext@1421e0d4{hddsDatanode,/,null,STOPPED}{jar:file:/home/runner/.m2/repository/org/apache/ozone/hdds-container-service/1.5.0-SNAPSHOT/hdds-container-service-1.5.0-SNAPSHOT.jar!/webapps/hddsDatanode}
2024-01-14 16:59:28,340 [ForkJoinPool.commonPool-worker-1] INFO  handler.ContextHandler (ContextHandler.java:doStop(1159)) - Stopped o.e.j.w.WebAppContext@765ac7f6{hddsDatanode,/,null,STOPPED}{jar:file:/home/runner/.m2/repository/org/apache/ozone/hdds-container-service/1.5.0-SNAPSHOT/hdds-container-service-1.5.0-SNAPSHOT.jar!/webapps/hddsDatanode}
2024-01-14 16:59:28,340 [ForkJoinPool.commonPool-worker-2] INFO  server.AbstractConnector (AbstractConnector.java:doStop(383)) - Stopped ServerConnector@67b95f82{HTTP/1.1, (http/1.1)}{0.0.0.0:15098}
2024-01-14 16:59:28,340 [ForkJoinPool.commonPool-worker-2] INFO  server.session (HouseKeeper.java:stopScavenging(149)) - node0 Stopped scavenging
2024-01-14 16:59:28,340 [ForkJoinPool.commonPool-worker-1] INFO  server.AbstractConnector (AbstractConnector.java:doStop(383)) - Stopped ServerConnector@79b8641b{HTTP/1.1, (http/1.1)}{0.0.0.0:15107}
2024-01-14 16:59:28,341 [ForkJoinPool.commonPool-worker-2] INFO  handler.ContextHandler (ContextHandler.java:doStop(1159)) - Stopped o.e.j.s.ServletContextHandler@54679e5a{static,/static,jar:file:/home/runner/.m2/repository/org/apache/ozone/hdds-container-service/1.5.0-SNAPSHOT/hdds-container-service-1.5.0-SNAPSHOT.jar!/webapps/static,STOPPED}
2024-01-14 16:59:28,341 [ForkJoinPool.commonPool-worker-1] INFO  server.session (HouseKeeper.java:stopScavenging(149)) - node0 Stopped scavenging
2024-01-14 16:59:28,341 [ForkJoinPool.commonPool-worker-2] INFO  handler.ContextHandler (ContextHandler.java:doStop(1159)) - Stopped o.e.j.s.ServletContextHandler@7187b832{logs,/logs,file:///home/runner/work/ozone/ozone/hadoop-ozone/integration-test/target/log,STOPPED}
2024-01-14 16:59:28,341 [ForkJoinPool.commonPool-worker-1] INFO  handler.ContextHandler (ContextHandler.java:doStop(1159)) - Stopped o.e.j.s.ServletContextHandler@2fe25800{static,/static,jar:file:/home/runner/.m2/repository/org/apache/ozone/hdds-container-service/1.5.0-SNAPSHOT/hdds-container-service-1.5.0-SNAPSHOT.jar!/webapps/static,STOPPED}
2024-01-14 16:59:28,341 [ForkJoinPool.commonPool-worker-1] INFO  handler.ContextHandler (ContextHandler.java:doStop(1159)) - Stopped o.e.j.s.ServletContextHandler@71cbbfd4{logs,/logs,file:///home/runner/work/ozone/ozone/hadoop-ozone/integration-test/target/log,STOPPED}
2024-01-14 16:59:28,341 [ForkJoinPool.commonPool-worker-1] INFO  ozone.HddsDatanodeClientProtocolServer (HddsDatanodeClientProtocolServer.java:stop(78)) - Stopping the RPC server for Client Protocol
2024-01-14 16:59:28,341 [ForkJoinPool.commonPool-worker-2] INFO  ozone.HddsDatanodeClientProtocolServer (HddsDatanodeClientProtocolServer.java:stop(78)) - Stopping the RPC server for Client Protocol
2024-01-14 16:59:28,342 [ForkJoinPool.commonPool-worker-1] INFO  ipc.Server (Server.java:stop(3523)) - Stopping server on 15108
2024-01-14 16:59:28,342 [ForkJoinPool.commonPool-worker-2] INFO  ipc.Server (Server.java:stop(3523)) - Stopping server on 15099
2024-01-14 16:59:28,343 [IPC Server Responder] INFO  ipc.Server (Server.java:run(1567)) - Stopping IPC Server Responder
2024-01-14 16:59:28,343 [IPC Server listener on 15108] INFO  ipc.Server (Server.java:run(1434)) - Stopping IPC Server listener on 15108
2024-01-14 16:59:28,346 [IPC Server listener on 15099] INFO  ipc.Server (Server.java:run(1434)) - Stopping IPC Server listener on 15099
2024-01-14 16:59:28,347 [IPC Server Responder] INFO  ipc.Server (Server.java:run(1567)) - Stopping IPC Server Responder
2024-01-14 16:59:28,578 [main] INFO  utils.DatanodeStoreCache (DatanodeStoreCache.java:shutdownCache(116)) - Skip clearing cache in mini cluster mode. Entries left: [/home/runner/work/ozone/ozone/hadoop-ozone/integration-test/target/test-dir/MiniOzoneClusterImpl-073b5688-48cc-4907-9326-51c03fe36003/datanode-4/data-0/containers/hdds/073b5688-48cc-4907-9326-51c03fe36003/DS-43d34977-d9e2-41cf-a5ad-8de12db9a092/container.db, /home/runner/work/ozone/ozone/hadoop-ozone/integration-test/target/test-dir/MiniOzoneClusterImpl-073b5688-48cc-4907-9326-51c03fe36003/datanode-6/data-0/containers/hdds/073b5688-48cc-4907-9326-51c03fe36003/DS-5e989019-9153-4f3e-9778-b6e17475e32e/container.db, /home/runner/work/ozone/ozone/hadoop-ozone/integration-test/target/test-dir/MiniOzoneClusterImpl-073b5688-48cc-4907-9326-51c03fe36003/datanode-7/data-0/containers/hdds/073b5688-48cc-4907-9326-51c03fe36003/DS-456703f1-e5c7-4101-893f-54f2b8a9a8e1/container.db, /home/runner/work/ozone/ozone/hadoop-ozone/integration-test/target/test-dir/MiniOzoneClusterImpl-073b5688-48cc-4907-9326-51c03fe36003/datanode-8/data-0/containers/hdds/073b5688-48cc-4907-9326-51c03fe36003/DS-13c93e94-e2fa-423b-a4b0-22e47b869bac/container.db]
2024-01-14 16:59:28,580 [main] INFO  utils.DatanodeStoreCache (DatanodeStoreCache.java:removeDB(110)) - Removed db /home/runner/work/ozone/ozone/hadoop-ozone/integration-test/target/test-dir/MiniOzoneClusterImpl-073b5688-48cc-4907-9326-51c03fe36003/datanode-4/data-0/containers/hdds/073b5688-48cc-4907-9326-51c03fe36003/DS-43d34977-d9e2-41cf-a5ad-8de12db9a092/container.db from cache
2024-01-14 16:59:28,580 [main] INFO  volume.HddsVolume (HddsVolume.java:closeDbStore(451)) - SchemaV3 db is stopped at /home/runner/work/ozone/ozone/hadoop-ozone/integration-test/target/test-dir/MiniOzoneClusterImpl-073b5688-48cc-4907-9326-51c03fe36003/datanode-4/data-0/containers/hdds/073b5688-48cc-4907-9326-51c03fe36003/DS-43d34977-d9e2-41cf-a5ad-8de12db9a092/container.db for volume DS-43d34977-d9e2-41cf-a5ad-8de12db9a092
2024-01-14 16:59:28,580 [main] INFO  utils.BackgroundService (BackgroundService.java:shutdown(160)) - Shutting down service BlockDeletingService
2024-01-14 16:59:28,580 [main] INFO  utils.BackgroundService (BackgroundService.java:shutdown(160)) - Shutting down service StaleRecoveringContainerScrubbingService
2024-01-14 16:59:28,581 [main] INFO  statemachine.DatanodeStateMachine (DatanodeStateMachine.java:stopDaemon(638)) - Ozone container server stopped.
2024-01-14 16:59:28,581 [main] INFO  handler.ContextHandler (ContextHandler.java:doStop(1159)) - Stopped o.e.j.w.WebAppContext@24bc2048{hddsDatanode,/,null,STOPPED}{jar:file:/home/runner/.m2/repository/org/apache/ozone/hdds-container-service/1.5.0-SNAPSHOT/hdds-container-service-1.5.0-SNAPSHOT.jar!/webapps/hddsDatanode}
2024-01-14 16:59:28,582 [main] INFO  server.AbstractConnector (AbstractConnector.java:doStop(383)) - Stopped ServerConnector@5fc166b7{HTTP/1.1, (http/1.1)}{0.0.0.0:15134}
2024-01-14 16:59:28,582 [main] INFO  server.session (HouseKeeper.java:stopScavenging(149)) - node0 Stopped scavenging
2024-01-14 16:59:28,582 [main] INFO  handler.ContextHandler (ContextHandler.java:doStop(1159)) - Stopped o.e.j.s.ServletContextHandler@7b1ca932{static,/static,jar:file:/home/runner/.m2/repository/org/apache/ozone/hdds-container-service/1.5.0-SNAPSHOT/hdds-container-service-1.5.0-SNAPSHOT.jar!/webapps/static,STOPPED}
2024-01-14 16:59:28,583 [main] INFO  handler.ContextHandler (ContextHandler.java:doStop(1159)) - Stopped o.e.j.s.ServletContextHandler@131d6adc{logs,/logs,file:///home/runner/work/ozone/ozone/hadoop-ozone/integration-test/target/log,STOPPED}
2024-01-14 16:59:28,583 [main] INFO  ozone.HddsDatanodeClientProtocolServer (HddsDatanodeClientProtocolServer.java:stop(78)) - Stopping the RPC server for Client Protocol
2024-01-14 16:59:28,583 [main] INFO  ipc.Server (Server.java:stop(3523)) - Stopping server on 15135
2024-01-14 16:59:28,585 [IPC Server listener on 15135] INFO  ipc.Server (Server.java:run(1434)) - Stopping IPC Server listener on 15135
2024-01-14 16:59:28,585 [IPC Server Responder] INFO  ipc.Server (Server.java:run(1567)) - Stopping IPC Server Responder
2024-01-14 16:59:28,841 [ForkJoinPool.commonPool-worker-3] INFO  utils.DatanodeStoreCache (DatanodeStoreCache.java:shutdownCache(116)) - Skip clearing cache in mini cluster mode. Entries left: [/home/runner/work/ozone/ozone/hadoop-ozone/integration-test/target/test-dir/MiniOzoneClusterImpl-073b5688-48cc-4907-9326-51c03fe36003/datanode-6/data-0/containers/hdds/073b5688-48cc-4907-9326-51c03fe36003/DS-5e989019-9153-4f3e-9778-b6e17475e32e/container.db, /home/runner/work/ozone/ozone/hadoop-ozone/integration-test/target/test-dir/MiniOzoneClusterImpl-073b5688-48cc-4907-9326-51c03fe36003/datanode-7/data-0/containers/hdds/073b5688-48cc-4907-9326-51c03fe36003/DS-456703f1-e5c7-4101-893f-54f2b8a9a8e1/container.db, /home/runner/work/ozone/ozone/hadoop-ozone/integration-test/target/test-dir/MiniOzoneClusterImpl-073b5688-48cc-4907-9326-51c03fe36003/datanode-8/data-0/containers/hdds/073b5688-48cc-4907-9326-51c03fe36003/DS-13c93e94-e2fa-423b-a4b0-22e47b869bac/container.db]
2024-01-14 16:59:28,841 [ForkJoinPool.commonPool-worker-0] INFO  utils.DatanodeStoreCache (DatanodeStoreCache.java:shutdownCache(116)) - Skip clearing cache in mini cluster mode. Entries left: [/home/runner/work/ozone/ozone/hadoop-ozone/integration-test/target/test-dir/MiniOzoneClusterImpl-073b5688-48cc-4907-9326-51c03fe36003/datanode-6/data-0/containers/hdds/073b5688-48cc-4907-9326-51c03fe36003/DS-5e989019-9153-4f3e-9778-b6e17475e32e/container.db, /home/runner/work/ozone/ozone/hadoop-ozone/integration-test/target/test-dir/MiniOzoneClusterImpl-073b5688-48cc-4907-9326-51c03fe36003/datanode-7/data-0/containers/hdds/073b5688-48cc-4907-9326-51c03fe36003/DS-456703f1-e5c7-4101-893f-54f2b8a9a8e1/container.db, /home/runner/work/ozone/ozone/hadoop-ozone/integration-test/target/test-dir/MiniOzoneClusterImpl-073b5688-48cc-4907-9326-51c03fe36003/datanode-8/data-0/containers/hdds/073b5688-48cc-4907-9326-51c03fe36003/DS-13c93e94-e2fa-423b-a4b0-22e47b869bac/container.db]
2024-01-14 16:59:28,844 [ForkJoinPool.commonPool-worker-0] INFO  utils.DatanodeStoreCache (DatanodeStoreCache.java:removeDB(110)) - Removed db /home/runner/work/ozone/ozone/hadoop-ozone/integration-test/target/test-dir/MiniOzoneClusterImpl-073b5688-48cc-4907-9326-51c03fe36003/datanode-7/data-0/containers/hdds/073b5688-48cc-4907-9326-51c03fe36003/DS-456703f1-e5c7-4101-893f-54f2b8a9a8e1/container.db from cache
2024-01-14 16:59:28,844 [ForkJoinPool.commonPool-worker-0] INFO  volume.HddsVolume (HddsVolume.java:closeDbStore(451)) - SchemaV3 db is stopped at /home/runner/work/ozone/ozone/hadoop-ozone/integration-test/target/test-dir/MiniOzoneClusterImpl-073b5688-48cc-4907-9326-51c03fe36003/datanode-7/data-0/containers/hdds/073b5688-48cc-4907-9326-51c03fe36003/DS-456703f1-e5c7-4101-893f-54f2b8a9a8e1/container.db for volume DS-456703f1-e5c7-4101-893f-54f2b8a9a8e1
2024-01-14 16:59:28,845 [ForkJoinPool.commonPool-worker-0] INFO  utils.BackgroundService (BackgroundService.java:shutdown(160)) - Shutting down service BlockDeletingService
2024-01-14 16:59:28,845 [ForkJoinPool.commonPool-worker-0] INFO  utils.BackgroundService (BackgroundService.java:shutdown(160)) - Shutting down service StaleRecoveringContainerScrubbingService
2024-01-14 16:59:28,845 [ForkJoinPool.commonPool-worker-0] INFO  statemachine.DatanodeStateMachine (DatanodeStateMachine.java:stopDaemon(638)) - Ozone container server stopped.
2024-01-14 16:59:28,846 [ForkJoinPool.commonPool-worker-3] INFO  utils.DatanodeStoreCache (DatanodeStoreCache.java:removeDB(110)) - Removed db /home/runner/work/ozone/ozone/hadoop-ozone/integration-test/target/test-dir/MiniOzoneClusterImpl-073b5688-48cc-4907-9326-51c03fe36003/datanode-6/data-0/containers/hdds/073b5688-48cc-4907-9326-51c03fe36003/DS-5e989019-9153-4f3e-9778-b6e17475e32e/container.db from cache
2024-01-14 16:59:28,846 [ForkJoinPool.commonPool-worker-3] INFO  volume.HddsVolume (HddsVolume.java:closeDbStore(451)) - SchemaV3 db is stopped at /home/runner/work/ozone/ozone/hadoop-ozone/integration-test/target/test-dir/MiniOzoneClusterImpl-073b5688-48cc-4907-9326-51c03fe36003/datanode-6/data-0/containers/hdds/073b5688-48cc-4907-9326-51c03fe36003/DS-5e989019-9153-4f3e-9778-b6e17475e32e/container.db for volume DS-5e989019-9153-4f3e-9778-b6e17475e32e
2024-01-14 16:59:28,846 [ForkJoinPool.commonPool-worker-3] INFO  utils.BackgroundService (BackgroundService.java:shutdown(160)) - Shutting down service BlockDeletingService
2024-01-14 16:59:28,846 [ForkJoinPool.commonPool-worker-0] INFO  handler.ContextHandler (ContextHandler.java:doStop(1159)) - Stopped o.e.j.w.WebAppContext@6bb1f997{hddsDatanode,/,null,STOPPED}{jar:file:/home/runner/.m2/repository/org/apache/ozone/hdds-container-service/1.5.0-SNAPSHOT/hdds-container-service-1.5.0-SNAPSHOT.jar!/webapps/hddsDatanode}
2024-01-14 16:59:28,847 [ForkJoinPool.commonPool-worker-3] INFO  utils.BackgroundService (BackgroundService.java:shutdown(160)) - Shutting down service StaleRecoveringContainerScrubbingService
2024-01-14 16:59:28,847 [ForkJoinPool.commonPool-worker-3] INFO  statemachine.DatanodeStateMachine (DatanodeStateMachine.java:stopDaemon(638)) - Ozone container server stopped.
2024-01-14 16:59:28,848 [ForkJoinPool.commonPool-worker-0] INFO  server.AbstractConnector (AbstractConnector.java:doStop(383)) - Stopped ServerConnector@1d4c2b80{HTTP/1.1, (http/1.1)}{0.0.0.0:15161}
2024-01-14 16:59:28,848 [ForkJoinPool.commonPool-worker-0] INFO  server.session (HouseKeeper.java:stopScavenging(149)) - node0 Stopped scavenging
2024-01-14 16:59:28,849 [ForkJoinPool.commonPool-worker-3] INFO  handler.ContextHandler (ContextHandler.java:doStop(1159)) - Stopped o.e.j.w.WebAppContext@493d4423{hddsDatanode,/,null,STOPPED}{jar:file:/home/runner/.m2/repository/org/apache/ozone/hdds-container-service/1.5.0-SNAPSHOT/hdds-container-service-1.5.0-SNAPSHOT.jar!/webapps/hddsDatanode}
2024-01-14 16:59:28,849 [ForkJoinPool.commonPool-worker-0] INFO  handler.ContextHandler (ContextHandler.java:doStop(1159)) - Stopped o.e.j.s.ServletContextHandler@3413a6db{static,/static,jar:file:/home/runner/.m2/repository/org/apache/ozone/hdds-container-service/1.5.0-SNAPSHOT/hdds-container-service-1.5.0-SNAPSHOT.jar!/webapps/static,STOPPED}
2024-01-14 16:59:28,849 [ForkJoinPool.commonPool-worker-0] INFO  handler.ContextHandler (ContextHandler.java:doStop(1159)) - Stopped o.e.j.s.ServletContextHandler@cb81517{logs,/logs,file:///home/runner/work/ozone/ozone/hadoop-ozone/integration-test/target/log,STOPPED}
2024-01-14 16:59:28,849 [ForkJoinPool.commonPool-worker-3] INFO  server.AbstractConnector (AbstractConnector.java:doStop(383)) - Stopped ServerConnector@1eb1f09{HTTP/1.1, (http/1.1)}{0.0.0.0:15152}
2024-01-14 16:59:28,849 [ForkJoinPool.commonPool-worker-3] INFO  server.session (HouseKeeper.java:stopScavenging(149)) - node0 Stopped scavenging
2024-01-14 16:59:28,849 [ForkJoinPool.commonPool-worker-3] INFO  handler.ContextHandler (ContextHandler.java:doStop(1159)) - Stopped o.e.j.s.ServletContextHandler@1c2af03e{static,/static,jar:file:/home/runner/.m2/repository/org/apache/ozone/hdds-container-service/1.5.0-SNAPSHOT/hdds-container-service-1.5.0-SNAPSHOT.jar!/webapps/static,STOPPED}
2024-01-14 16:59:28,849 [ForkJoinPool.commonPool-worker-0] INFO  ozone.HddsDatanodeClientProtocolServer (HddsDatanodeClientProtocolServer.java:stop(78)) - Stopping the RPC server for Client Protocol
2024-01-14 16:59:28,850 [ForkJoinPool.commonPool-worker-3] INFO  handler.ContextHandler (ContextHandler.java:doStop(1159)) - Stopped o.e.j.s.ServletContextHandler@76c09b27{logs,/logs,file:///home/runner/work/ozone/ozone/hadoop-ozone/integration-test/target/log,STOPPED}
2024-01-14 16:59:28,850 [ForkJoinPool.commonPool-worker-0] INFO  ipc.Server (Server.java:stop(3523)) - Stopping server on 15162
2024-01-14 16:59:28,850 [IPC Server listener on 15162] INFO  ipc.Server (Server.java:run(1434)) - Stopping IPC Server listener on 15162
2024-01-14 16:59:28,851 [ForkJoinPool.commonPool-worker-3] INFO  ozone.HddsDatanodeClientProtocolServer (HddsDatanodeClientProtocolServer.java:stop(78)) - Stopping the RPC server for Client Protocol
2024-01-14 16:59:28,853 [ForkJoinPool.commonPool-worker-3] INFO  ipc.Server (Server.java:stop(3523)) - Stopping server on 15153
2024-01-14 16:59:28,854 [IPC Server Responder] INFO  ipc.Server (Server.java:run(1567)) - Stopping IPC Server Responder
2024-01-14 16:59:28,855 [IPC Server listener on 15153] INFO  ipc.Server (Server.java:run(1434)) - Stopping IPC Server listener on 15153
2024-01-14 16:59:28,855 [IPC Server Responder] INFO  ipc.Server (Server.java:run(1567)) - Stopping IPC Server Responder
2024-01-14 16:59:28,927 [ForkJoinPool.commonPool-worker-4] INFO  utils.DatanodeStoreCache (DatanodeStoreCache.java:shutdownCache(116)) - Skip clearing cache in mini cluster mode. Entries left: [/home/runner/work/ozone/ozone/hadoop-ozone/integration-test/target/test-dir/MiniOzoneClusterImpl-073b5688-48cc-4907-9326-51c03fe36003/datanode-8/data-0/containers/hdds/073b5688-48cc-4907-9326-51c03fe36003/DS-13c93e94-e2fa-423b-a4b0-22e47b869bac/container.db]
2024-01-14 16:59:28,928 [ForkJoinPool.commonPool-worker-4] INFO  utils.DatanodeStoreCache (DatanodeStoreCache.java:removeDB(110)) - Removed db /home/runner/work/ozone/ozone/hadoop-ozone/integration-test/target/test-dir/MiniOzoneClusterImpl-073b5688-48cc-4907-9326-51c03fe36003/datanode-8/data-0/containers/hdds/073b5688-48cc-4907-9326-51c03fe36003/DS-13c93e94-e2fa-423b-a4b0-22e47b869bac/container.db from cache
2024-01-14 16:59:28,928 [ForkJoinPool.commonPool-worker-4] INFO  volume.HddsVolume (HddsVolume.java:closeDbStore(451)) - SchemaV3 db is stopped at /home/runner/work/ozone/ozone/hadoop-ozone/integration-test/target/test-dir/MiniOzoneClusterImpl-073b5688-48cc-4907-9326-51c03fe36003/datanode-8/data-0/containers/hdds/073b5688-48cc-4907-9326-51c03fe36003/DS-13c93e94-e2fa-423b-a4b0-22e47b869bac/container.db for volume DS-13c93e94-e2fa-423b-a4b0-22e47b869bac
2024-01-14 16:59:28,928 [ForkJoinPool.commonPool-worker-4] INFO  utils.BackgroundService (BackgroundService.java:shutdown(160)) - Shutting down service BlockDeletingService
2024-01-14 16:59:28,929 [ForkJoinPool.commonPool-worker-4] INFO  utils.BackgroundService (BackgroundService.java:shutdown(160)) - Shutting down service StaleRecoveringContainerScrubbingService
2024-01-14 16:59:28,929 [ForkJoinPool.commonPool-worker-4] INFO  statemachine.DatanodeStateMachine (DatanodeStateMachine.java:stopDaemon(638)) - Ozone container server stopped.
2024-01-14 16:59:28,931 [ForkJoinPool.commonPool-worker-4] INFO  handler.ContextHandler (ContextHandler.java:doStop(1159)) - Stopped o.e.j.w.WebAppContext@6f2af764{hddsDatanode,/,null,STOPPED}{jar:file:/home/runner/.m2/repository/org/apache/ozone/hdds-container-service/1.5.0-SNAPSHOT/hdds-container-service-1.5.0-SNAPSHOT.jar!/webapps/hddsDatanode}
2024-01-14 16:59:28,931 [ForkJoinPool.commonPool-worker-4] INFO  server.AbstractConnector (AbstractConnector.java:doStop(383)) - Stopped ServerConnector@19bf52b9{HTTP/1.1, (http/1.1)}{0.0.0.0:15170}
2024-01-14 16:59:28,931 [ForkJoinPool.commonPool-worker-4] INFO  server.session (HouseKeeper.java:stopScavenging(149)) - node0 Stopped scavenging
2024-01-14 16:59:28,932 [ForkJoinPool.commonPool-worker-4] INFO  handler.ContextHandler (ContextHandler.java:doStop(1159)) - Stopped o.e.j.s.ServletContextHandler@24e26410{static,/static,jar:file:/home/runner/.m2/repository/org/apache/ozone/hdds-container-service/1.5.0-SNAPSHOT/hdds-container-service-1.5.0-SNAPSHOT.jar!/webapps/static,STOPPED}
2024-01-14 16:59:28,932 [ForkJoinPool.commonPool-worker-4] INFO  handler.ContextHandler (ContextHandler.java:doStop(1159)) - Stopped o.e.j.s.ServletContextHandler@720acc30{logs,/logs,file:///home/runner/work/ozone/ozone/hadoop-ozone/integration-test/target/log,STOPPED}
2024-01-14 16:59:28,932 [ForkJoinPool.commonPool-worker-4] INFO  ozone.HddsDatanodeClientProtocolServer (HddsDatanodeClientProtocolServer.java:stop(78)) - Stopping the RPC server for Client Protocol
2024-01-14 16:59:28,934 [ForkJoinPool.commonPool-worker-4] INFO  ipc.Server (Server.java:stop(3523)) - Stopping server on 15171
2024-01-14 16:59:28,934 [IPC Server listener on 15171] INFO  ipc.Server (Server.java:run(1434)) - Stopping IPC Server listener on 15171
2024-01-14 16:59:28,934 [IPC Server Responder] INFO  ipc.Server (Server.java:run(1567)) - Stopping IPC Server Responder
2024-01-14 16:59:28,935 [main] INFO  ozone.MiniOzoneClusterImpl (MiniOzoneClusterImpl.java:stopSCM(550)) - Stopping the StorageContainerManager
2024-01-14 16:59:28,936 [main] INFO  server.StorageContainerManager (StorageContainerManager.java:stop(1654)) - Container Balancer is not running.
2024-01-14 16:59:28,936 [main] INFO  server.StorageContainerManager (StorageContainerManager.java:stopReplicationManager(1787)) - Stopping Replication Manager Service.
2024-01-14 16:59:28,936 [main] INFO  replication.ReplicationManager (ReplicationManager.java:stop(326)) - Stopping Replication Monitor Thread.
2024-01-14 16:59:28,937 [main] INFO  server.StorageContainerManager (StorageContainerManager.java:stop(1663)) - Stopping the Datanode Admin Monitor.
2024-01-14 16:59:28,937 [ReplicationMonitor] INFO  replication.ReplicationManager (ReplicationManager.java:run(933)) - Replication Monitor Thread is stopped
2024-01-14 16:59:28,937 [main] INFO  server.StorageContainerManager (StorageContainerManager.java:stop(1670)) - Stopping datanode service RPC server
2024-01-14 16:59:28,937 [main] INFO  server.SCMDatanodeProtocolServer (SCMDatanodeProtocolServer.java:stop(425)) - Stopping the RPC server for DataNodes
2024-01-14 16:59:28,937 [main] INFO  ipc.Server (Server.java:stop(3523)) - Stopping server on 15091
2024-01-14 16:59:28,937 [UnderReplicatedProcessor] WARN  replication.UnhealthyReplicationProcessor (UnhealthyReplicationProcessor.java:run(180)) - UnderReplicatedProcessor interrupted. Exiting...
2024-01-14 16:59:28,937 [OverReplicatedProcessor] WARN  replication.UnhealthyReplicationProcessor (UnhealthyReplicationProcessor.java:run(180)) - OverReplicatedProcessor interrupted. Exiting...
2024-01-14 16:59:28,942 [IPC Server Responder] INFO  ipc.Server (Server.java:run(1567)) - Stopping IPC Server Responder
2024-01-14 16:59:28,942 [IPC Server listener on 15091] INFO  ipc.Server (Server.java:run(1434)) - Stopping IPC Server listener on 15091
2024-01-14 16:59:28,978 [SCMHeartbeatProcessor-0] WARN  node.NodeStateManager (NodeStateManager.java:scheduleNextHealthCheck(878)) - Current Thread is interrupted, shutting down HB processing thread for Node Manager.
2024-01-14 16:59:28,978 [main] INFO  server.StorageContainerManager (StorageContainerManager.java:stop(1678)) - Stopping block service RPC server
2024-01-14 16:59:28,979 [main] INFO  server.SCMBlockProtocolServer (SCMBlockProtocolServer.java:stop(169)) - Stopping the RPC server for Block Protocol
2024-01-14 16:59:28,979 [main] INFO  ipc.Server (Server.java:stop(3523)) - Stopping server on 15090
2024-01-14 16:59:28,980 [IPC Server listener on 15090] INFO  ipc.Server (Server.java:run(1434)) - Stopping IPC Server listener on 15090
2024-01-14 16:59:28,981 [IPC Server Responder] INFO  ipc.Server (Server.java:run(1567)) - Stopping IPC Server Responder
2024-01-14 16:59:28,981 [main] INFO  server.StorageContainerManager (StorageContainerManager.java:stop(1685)) - Stopping the StorageContainerLocationProtocol RPC server
2024-01-14 16:59:28,981 [main] INFO  server.SCMClientProtocolServer (SCMClientProtocolServer.java:stop(211)) - Stopping the RPC server for Client Protocol
2024-01-14 16:59:28,981 [main] INFO  ipc.Server (Server.java:stop(3523)) - Stopping server on 15089
2024-01-14 16:59:28,986 [IPC Server listener on 15089] INFO  ipc.Server (Server.java:run(1434)) - Stopping IPC Server listener on 15089
2024-01-14 16:59:28,986 [IPC Server Responder] INFO  ipc.Server (Server.java:run(1567)) - Stopping IPC Server Responder
2024-01-14 16:59:28,986 [main] INFO  server.StorageContainerManager (StorageContainerManager.java:stop(1692)) - Stopping Storage Container Manager HTTP server.
2024-01-14 16:59:28,987 [main] INFO  handler.ContextHandler (ContextHandler.java:doStop(1159)) - Stopped o.e.j.w.WebAppContext@44b6dbe4{scm,/,null,STOPPED}{file:/home/runner/work/ozone/ozone/hadoop-ozone/integration-test/target/test-classes/webapps/scm}
2024-01-14 16:59:28,989 [main] INFO  server.AbstractConnector (AbstractConnector.java:doStop(383)) - Stopped ServerConnector@2cb5fa10{HTTP/1.1, (http/1.1)}{0.0.0.0:15092}
2024-01-14 16:59:28,989 [main] INFO  server.session (HouseKeeper.java:stopScavenging(149)) - node0 Stopped scavenging
2024-01-14 16:59:28,990 [main] INFO  handler.ContextHandler (ContextHandler.java:doStop(1159)) - Stopped o.e.j.s.ServletContextHandler@7b90966b{static,/static,file:///home/runner/work/ozone/ozone/hadoop-ozone/integration-test/target/test-classes/webapps/static,STOPPED}
2024-01-14 16:59:28,990 [main] INFO  handler.ContextHandler (ContextHandler.java:doStop(1159)) - Stopped o.e.j.s.ServletContextHandler@113bde5b{logs,/logs,file:///home/runner/work/ozone/ozone/hadoop-ozone/integration-test/target/log,STOPPED}
2024-01-14 16:59:28,991 [main] INFO  server.StorageContainerManager (StorageContainerManager.java:stop(1700)) - Stopping SCM LayoutVersionManager Service.
2024-01-14 16:59:28,992 [main] INFO  server.StorageContainerManager (StorageContainerManager.java:stop(1712)) - Stopping Block Manager Service.
2024-01-14 16:59:28,992 [main] INFO  utils.BackgroundService (BackgroundService.java:shutdown(160)) - Shutting down service SCMBlockDeletingService
2024-01-14 16:59:28,992 [main] INFO  utils.BackgroundService (BackgroundService.java:shutdown(160)) - Shutting down service SCMBlockDeletingService
2024-01-14 16:59:28,992 [main] INFO  server.StorageContainerManager (StorageContainerManager.java:stop(1732)) - Stopping SCM Event Queue.
2024-01-14 16:59:28,993 [JvmPauseMonitor11] INFO  util.JvmPauseMonitor (JvmPauseMonitor.java:run(152)) - JvmPauseMonitor-10ca616e-af0c-4857-8921-03f4e0b07e30: Stopped
2024-01-14 16:59:28,993 [main] INFO  server.StorageContainerManager (StorageContainerManager.java:stop(1743)) - Stopping SCM HA services.
2024-01-14 16:59:28,994 [main] INFO  pipeline.BackgroundPipelineCreator (BackgroundPipelineCreator.java:stop(152)) - Stopping RatisPipelineUtilsThread.
2024-01-14 16:59:28,994 [RatisPipelineUtilsThread-0] WARN  pipeline.BackgroundPipelineCreator (BackgroundPipelineCreator.java:run(183)) - RatisPipelineUtilsThread is interrupted.
2024-01-14 16:59:28,994 [main] INFO  BackgroundPipelineScrubber (BackgroundSCMService.java:stop(131)) - Stopping BackgroundPipelineScrubber Service.
2024-01-14 16:59:28,994 [BackgroundPipelineScrubber] WARN  BackgroundPipelineScrubber (BackgroundSCMService.java:run(115)) - BackgroundPipelineScrubber is interrupted, exit
2024-01-14 16:59:28,994 [main] INFO  impl.MetricsSystemImpl (MetricsSystemImpl.java:stop(210)) - Stopping HddsDatanode metrics system...
2024-01-14 16:59:28,996 [prometheus] INFO  impl.MetricsSinkAdapter (MetricsSinkAdapter.java:publishMetricsFromQueue(141)) - prometheus thread interrupted.
2024-01-14 16:59:28,996 [main] INFO  impl.MetricsSystemImpl (MetricsSystemImpl.java:stop(216)) - HddsDatanode metrics system stopped.
2024-01-14 16:59:28,996 [main] WARN  pipeline.BackgroundPipelineCreator (BackgroundPipelineCreator.java:stop(148)) - RatisPipelineUtilsThread is not running, just ignore.
2024-01-14 16:59:28,996 [main] INFO  BackgroundPipelineScrubber (BackgroundSCMService.java:stop(126)) - BackgroundPipelineScrubber Service is not running, skip stop.
2024-01-14 16:59:28,996 [ExpiredContainerReplicaOpScrubber] WARN  ExpiredContainerReplicaOpScrubber (BackgroundSCMService.java:run(115)) - ExpiredContainerReplicaOpScrubber is interrupted, exit
2024-01-14 16:59:28,997 [main] INFO  ExpiredContainerReplicaOpScrubber (BackgroundSCMService.java:stop(131)) - Stopping ExpiredContainerReplicaOpScrubber Service.
2024-01-14 16:59:28,997 [main] INFO  utils.BackgroundService (BackgroundService.java:shutdown(160)) - Shutting down service SCMBlockDeletingService
2024-01-14 16:59:28,997 [main] INFO  replication.ReplicationManager (ReplicationManager.java:stop(336)) - Replication Monitor Thread is not running.
2024-01-14 16:59:28,997 [main] WARN  balancer.ContainerBalancer (ContainerBalancer.java:stop(327)) - Cannot stop Container Balancer because it's not running or stopping
2024-01-14 16:59:28,997 [LeaseManager#LeaseMonitor] WARN  lease.LeaseManager (LeaseManager.java:run(287)) - Lease manager is interrupted. Shutting down...
java.lang.InterruptedException
	at java.util.concurrent.locks.AbstractQueuedSynchronizer.doAcquireSharedNanos(AbstractQueuedSynchronizer.java:1039)
	at java.util.concurrent.locks.AbstractQueuedSynchronizer.tryAcquireSharedNanos(AbstractQueuedSynchronizer.java:1328)
	at java.util.concurrent.Semaphore.tryAcquire(Semaphore.java:409)
	at org.apache.hadoop.ozone.lease.LeaseManager$LeaseMonitor.run(LeaseManager.java:285)
	at java.lang.Thread.run(Thread.java:750)
2024-01-14 16:59:28,997 [main] INFO  server.StorageContainerManager (StorageContainerManager.java:stop(1778)) - Stopping SCM MetadataStore.
]]></system-out>
    </flakyFailure>
    <flakyFailure message="&#10;Expecting:&#10; &lt;&quot;org.apache.ratis.protocol.exceptions.RaftRetryFailureException: Failed RaftClientRequest:client-5F0B8D2DE3A6-&gt;cccf6745-afeb-413c-bfb5-a8d67b6b623b@group-7AE465211717, cid=80, seq=null, Watch-MAJORITY_COMMITTED(20), null for 4 attempts with RequestTypeDependentRetryPolicy{WRITE-&gt;ExceptionDependentRetry(maxAttempts=2147483647; defaultPolicy=MultipleLinearRandomRetry[5x5s, 5x10s, 5x15s, 5x20s, 5x25s, 10x60s]; map={org.apache.ratis.protocol.exceptions.GroupMismatchException-&gt;NoRetry, org.apache.ratis.protocol.exceptions.NotReplicatedException-&gt;NoRetry, org.apache.ratis.protocol.exceptions.ResourceUnavailableException-&gt;org.apache.ratis.retry.ExponentialBackoffRetry@167cb59a, org.apache.ratis.protocol.exceptions.StateMachineException-&gt;NoRetry, org.apache.ratis.protocol.exceptions.TimeoutIOException-&gt;org.apache.ratis.retry.ExponentialBackoffRetry@167cb59a}), WATCH-&gt;ExceptionDependentRetry(maxAttempts=2147483647; defaultPolicy=MultipleLinearRandomRetry[5x5s, 5x10s, 5x15s, 5x20s, 5x25s, 10x60s]; map={org.apache.ratis.protocol.exceptions.GroupMismatchException-&gt;NoRetry, org.apache.ratis.protocol.exceptions.NotReplicatedException-&gt;NoRetry, org.apache.ratis.protocol.exceptions.ResourceUnavailableException-&gt;org.apache.ratis.retry.ExponentialBackoffRetry@167cb59a, org.apache.ratis.protocol.exceptions.StateMachineException-&gt;NoRetry, org.apache.ratis.protocol.exceptions.TimeoutIOException-&gt;NoRetry})}&quot;&gt;&#10;not to contain:&#10; &lt;&quot;Watch-MAJORITY_COMMITTED&quot;&gt;&#10;" type="java.lang.AssertionError">
      <stackTrace><![CDATA[java.lang.AssertionError: 

Expecting:
 <"org.apache.ratis.protocol.exceptions.RaftRetryFailureException: Failed RaftClientRequest:client-5F0B8D2DE3A6->cccf6745-afeb-413c-bfb5-a8d67b6b623b@group-7AE465211717, cid=80, seq=null, Watch-MAJORITY_COMMITTED(20), null for 4 attempts with RequestTypeDependentRetryPolicy{WRITE->ExceptionDependentRetry(maxAttempts=2147483647; defaultPolicy=MultipleLinearRandomRetry[5x5s, 5x10s, 5x15s, 5x20s, 5x25s, 10x60s]; map={org.apache.ratis.protocol.exceptions.GroupMismatchException->NoRetry, org.apache.ratis.protocol.exceptions.NotReplicatedException->NoRetry, org.apache.ratis.protocol.exceptions.ResourceUnavailableException->org.apache.ratis.retry.ExponentialBackoffRetry@167cb59a, org.apache.ratis.protocol.exceptions.StateMachineException->NoRetry, org.apache.ratis.protocol.exceptions.TimeoutIOException->org.apache.ratis.retry.ExponentialBackoffRetry@167cb59a}), WATCH->ExceptionDependentRetry(maxAttempts=2147483647; defaultPolicy=MultipleLinearRandomRetry[5x5s, 5x10s, 5x15s, 5x20s, 5x25s, 10x60s]; map={org.apache.ratis.protocol.exceptions.GroupMismatchException->NoRetry, org.apache.ratis.protocol.exceptions.NotReplicatedException->NoRetry, org.apache.ratis.protocol.exceptions.ResourceUnavailableException->org.apache.ratis.retry.ExponentialBackoffRetry@167cb59a, org.apache.ratis.protocol.exceptions.StateMachineException->NoRetry, org.apache.ratis.protocol.exceptions.TimeoutIOException->NoRetry})}">
not to contain:
 <"Watch-MAJORITY_COMMITTED">

	at org.apache.hadoop.ozone.client.rpc.TestWatchForCommit.testWatchForCommitForRetryfailure(TestWatchForCommit.java:295)
	at java.lang.reflect.Method.invoke(Method.java:498)
	at java.util.ArrayList.forEach(ArrayList.java:1259)
	at java.util.ArrayList.forEach(ArrayList.java:1259)
]]></stackTrace>
      <system-out><![CDATA[2024-01-14 17:00:20,409 [main] WARN  server.ServerUtils (ServerUtils.java:getScmDbDir(155)) - ozone.scm.db.dirs is not configured. We recommend adding this setting. Falling back to ozone.metadata.dirs instead.
2024-01-14 17:00:20,411 [main] WARN  server.ServerUtils (ServerUtils.java:getScmDbDir(155)) - ozone.scm.db.dirs is not configured. We recommend adding this setting. Falling back to ozone.metadata.dirs instead.
2024-01-14 17:00:20,412 [main] INFO  ha.SCMHANodeDetails (SCMHANodeDetails.java:loadSCMHAConfig(207)) - ServiceID for StorageContainerManager is null
2024-01-14 17:00:20,412 [main] INFO  ha.SCMHANodeDetails (SCMHANodeDetails.java:loadSCMHAConfig(212)) - ozone.scm.default.service.id is not defined, falling back to ozone.scm.service.ids to find serviceID for StorageContainerManager if it is HA enabled cluster
2024-01-14 17:00:20,412 [main] WARN  utils.HAUtils (HAUtils.java:getMetaDir(339)) - ozone.scm.db.dirs is not configured. We recommend adding this setting. Falling back to ozone.metadata.dirs instead.
2024-01-14 17:00:20,413 [main] WARN  db.DBStoreBuilder (DBStoreBuilder.java:applyDBDefinition(167)) - ozone.scm.db.dirs is not configured. We recommend adding this setting. Falling back to ozone.metadata.dirs instead.
2024-01-14 17:00:20,485 [main] INFO  net.NodeSchemaLoader (NodeSchemaLoader.java:loadSchemaFromFile(129)) - Loading schema from [jar:file:/home/runner/.m2/repository/org/apache/ozone/hdds-common/1.5.0-SNAPSHOT/hdds-common-1.5.0-SNAPSHOT.jar!/network-topology-default.xml]
2024-01-14 17:00:20,485 [main] INFO  net.NodeSchemaLoader (NodeSchemaLoader.java:loadSchema(176)) - Loading network topology layer schema file
2024-01-14 17:00:20,488 [main] INFO  upgrade.AbstractLayoutVersionManager (AbstractLayoutVersionManager.java:init(83)) - Initializing Layout version manager with metadata layout = HADOOP_PRC_PORTS_IN_DATANODEDETAILS (version = 7), software layout = HADOOP_PRC_PORTS_IN_DATANODEDETAILS (version = 7)
2024-01-14 17:00:20,490 [main] INFO  ha.SequenceIdGenerator (SequenceIdGenerator.java:upgradeToSequenceId(370)) - upgrade localId to 113750153625600000
2024-01-14 17:00:20,491 [main] INFO  ha.SequenceIdGenerator (SequenceIdGenerator.java:upgradeToSequenceId(380)) - upgrade delTxnId to 0
2024-01-14 17:00:20,493 [main] INFO  ha.SequenceIdGenerator (SequenceIdGenerator.java:upgradeToSequenceId(397)) - upgrade containerId to 0
2024-01-14 17:00:20,494 [main] INFO  ha.SequenceIdGenerator (SequenceIdGenerator.java:upgradeToCertificateSequenceId(444)) - upgrade CertificateId to 2
2024-01-14 17:00:20,495 [main] INFO  ha.SequenceIdGenerator (SequenceIdGenerator.java:<init>(241)) - Init the HA SequenceIdGenerator.
2024-01-14 17:00:20,495 [main] INFO  node.SCMNodeManager (SCMNodeManager.java:<init>(173)) - Entering startup safe mode.
2024-01-14 17:00:20,496 [main] INFO  algorithms.ContainerPlacementPolicyFactory (ContainerPlacementPolicyFactory.java:getPolicyInternal(86)) - Create container placement policy of type org.apache.hadoop.hdds.scm.container.placement.algorithms.SCMContainerPlacementRackAware
2024-01-14 17:00:20,496 [main] INFO  algorithms.ContainerPlacementPolicyFactory (ContainerPlacementPolicyFactory.java:getPolicyInternal(86)) - Create container placement policy of type org.apache.hadoop.hdds.scm.container.placement.algorithms.SCMContainerPlacementRackScatter
2024-01-14 17:00:20,496 [main] INFO  pipeline.PipelineStateManagerImpl (PipelineStateManagerImpl.java:initialize(78)) - No pipeline exists in current db
2024-01-14 17:00:20,496 [main] INFO  algorithms.LeaderChoosePolicyFactory (LeaderChoosePolicyFactory.java:getPolicy(57)) - Create leader choose policy of type org.apache.hadoop.hdds.scm.pipeline.leader.choose.algorithms.MinLeaderCountChoosePolicy
2024-01-14 17:00:20,497 [main] INFO  algorithms.ContainerPlacementPolicyFactory (ContainerPlacementPolicyFactory.java:getPolicyInternal(86)) - Create container placement policy of type org.apache.hadoop.hdds.scm.container.placement.algorithms.SCMContainerPlacementRackScatter
2024-01-14 17:00:20,497 [main] INFO  ha.SCMServiceManager (SCMServiceManager.java:register(42)) - Registering service BackgroundPipelineCreator.
2024-01-14 17:00:20,497 [main] INFO  pipeline.BackgroundPipelineCreator (BackgroundPipelineCreator.java:start(127)) - Starting RatisPipelineUtilsThread.
2024-01-14 17:00:20,497 [main] INFO  BackgroundPipelineScrubber (BackgroundSCMService.java:start(68)) - Starting BackgroundPipelineScrubber Service.
2024-01-14 17:00:20,497 [main] INFO  ha.SCMServiceManager (SCMServiceManager.java:register(42)) - Registering service BackgroundPipelineScrubber.
2024-01-14 17:00:20,497 [main] INFO  ExpiredContainerReplicaOpScrubber (BackgroundSCMService.java:start(68)) - Starting ExpiredContainerReplicaOpScrubber Service.
2024-01-14 17:00:20,498 [main] INFO  ha.SCMServiceManager (SCMServiceManager.java:register(42)) - Registering service ExpiredContainerReplicaOpScrubber.
2024-01-14 17:00:20,498 [main] INFO  algorithms.PipelineChoosePolicyFactory (PipelineChoosePolicyFactory.java:createPipelineChoosePolicyFromClass(78)) - Create pipeline choose policy of type org.apache.hadoop.hdds.scm.pipeline.choose.algorithms.RandomPipelineChoosePolicy
2024-01-14 17:00:20,498 [main] INFO  algorithms.PipelineChoosePolicyFactory (PipelineChoosePolicyFactory.java:createPipelineChoosePolicyFromClass(78)) - Create pipeline choose policy of type org.apache.hadoop.hdds.scm.pipeline.choose.algorithms.RandomPipelineChoosePolicy
2024-01-14 17:00:20,499 [main] INFO  ha.SCMServiceManager (SCMServiceManager.java:register(42)) - Registering service SCMBlockDeletingService.
2024-01-14 17:00:20,499 [main] INFO  replication.ReplicationManager (ReplicationManager.java:start(294)) - Starting Replication Monitor Thread.
2024-01-14 17:00:20,501 [ReplicationMonitor] INFO  replication.ReplicationManager (ReplicationManager.java:processAll(369)) - Replication Manager is not ready to run until 3000ms after safemode exit
2024-01-14 17:00:20,501 [main] INFO  ha.SCMServiceManager (SCMServiceManager.java:register(42)) - Registering service ReplicationManager.
2024-01-14 17:00:20,502 [main] INFO  safemode.ContainerSafeModeRule (ContainerSafeModeRule.java:<init>(91)) - containers with one replica threshold count 0
2024-01-14 17:00:20,502 [main] INFO  safemode.HealthyPipelineSafeModeRule (HealthyPipelineSafeModeRule.java:initializeRule(176)) - Total pipeline count is 0, healthy pipeline threshold count is 1
2024-01-14 17:00:20,502 [main] INFO  safemode.OneReplicaPipelineSafeModeRule (OneReplicaPipelineSafeModeRule.java:initializeRule(193)) - Total pipeline count is 0, pipeline's with at least one datanode reported threshold count is 0
2024-01-14 17:00:20,502 [main] INFO  server.StorageContainerManager (StorageContainerManager.java:<init>(440)) - SCM start with adminUsers: [runner]
2024-01-14 17:00:20,503 [main] INFO  ipc.CallQueueManager (CallQueueManager.java:<init>(90)) - Using callQueue: class java.util.concurrent.LinkedBlockingQueue, queueCapacity: 10000, scheduler: class org.apache.hadoop.ipc.DefaultRpcScheduler, ipcBackoff: false.
2024-01-14 17:00:20,503 [main] INFO  ipc.Server (Server.java:<init>(1287)) - Listener at 0.0.0.0:15358
2024-01-14 17:00:20,503 [Socket Reader #1 for port 15358] INFO  ipc.Server (Server.java:run(1323)) - Starting Socket Reader #1 for port 15358
2024-01-14 17:00:20,506 [main] INFO  ipc.CallQueueManager (CallQueueManager.java:<init>(90)) - Using callQueue: class java.util.concurrent.LinkedBlockingQueue, queueCapacity: 10000, scheduler: class org.apache.hadoop.ipc.DefaultRpcScheduler, ipcBackoff: false.
2024-01-14 17:00:20,506 [main] INFO  ipc.Server (Server.java:<init>(1287)) - Listener at 0.0.0.0:15357
2024-01-14 17:00:20,506 [Socket Reader #1 for port 15357] INFO  ipc.Server (Server.java:run(1323)) - Starting Socket Reader #1 for port 15357
2024-01-14 17:00:20,507 [main] INFO  ipc.CallQueueManager (CallQueueManager.java:<init>(90)) - Using callQueue: class java.util.concurrent.LinkedBlockingQueue, queueCapacity: 10000, scheduler: class org.apache.hadoop.ipc.DefaultRpcScheduler, ipcBackoff: false.
2024-01-14 17:00:20,507 [main] INFO  ipc.Server (Server.java:<init>(1287)) - Listener at 0.0.0.0:15356
2024-01-14 17:00:20,507 [Socket Reader #1 for port 15356] INFO  ipc.Server (Server.java:run(1323)) - Starting Socket Reader #1 for port 15356
2024-01-14 17:00:20,509 [main] INFO  ha.SCMServiceManager (SCMServiceManager.java:register(42)) - Registering service ContainerBalancer.
2024-01-14 17:00:20,509 [main] INFO  server.StorageContainerManager (StorageContainerManager.java:<init>(453)) - 
Container Balancer status:
Key                            Value
Running                        false
Container Balancer Configuration values:
Key                                                Value
Threshold                                          10
Max Datanodes to Involve per Iteration(percent)    20
Max Size to Move per Iteration                     500GB
Max Size Entering Target per Iteration             26GB
Max Size Leaving Source per Iteration              26GB
Number of Iterations                               10
Time Limit for Single Container's Movement         65min
Time Limit for Single Container's Replication      50min
Interval between each Iteration                    70min
Whether to Enable Network Topology                 false
Whether to Trigger Refresh Datanode Usage Info     false
Container IDs to Exclude from Balancing            None
Datanodes Specified to be Balanced                 None
Datanodes Excluded from Balancing                  None

2024-01-14 17:00:20,509 [main] INFO  ha.SCMContext (SCMContext.java:updateSafeModeStatus(230)) - Update SafeModeStatus from SafeModeStatus{safeModeStatus=true, preCheckPassed=false} to SafeModeStatus{safeModeStatus=true, preCheckPassed=false}.
2024-01-14 17:00:20,510 [main] INFO  server.StorageContainerManager (StorageContainerManager.java:start(1546)) - StorageContainerLocationProtocol RPC server is listening at /0.0.0.0:15356
2024-01-14 17:00:20,511 [main] WARN  impl.MetricsConfig (MetricsConfig.java:loadFirst(136)) - Cannot locate configuration: tried hadoop-metrics2-storagecontainermanager.properties,hadoop-metrics2.properties
2024-01-14 17:00:20,511 [main] INFO  impl.MetricsSystemImpl (MetricsSystemImpl.java:startTimer(378)) - Scheduled Metric snapshot period at 10 second(s).
2024-01-14 17:00:20,511 [main] INFO  impl.MetricsSystemImpl (MetricsSystemImpl.java:start(191)) - StorageContainerManager metrics system started
2024-01-14 17:00:20,520 [main] INFO  impl.MetricsSinkAdapter (MetricsSinkAdapter.java:start(204)) - Sink prometheus started
2024-01-14 17:00:20,520 [main] INFO  impl.MetricsSystemImpl (MetricsSystemImpl.java:registerSink(305)) - Registered sink prometheus
2024-01-14 17:00:20,530 [main] INFO  server.SCMClientProtocolServer (SCMClientProtocolServer.java:start(202)) - RPC server for Client  is listening at /0.0.0.0:15356
2024-01-14 17:00:20,530 [IPC Server Responder] INFO  ipc.Server (Server.java:run(1562)) - IPC Server Responder: starting
2024-01-14 17:00:20,533 [IPC Server listener on 15356] INFO  ipc.Server (Server.java:run(1402)) - IPC Server listener on 15356: starting
2024-01-14 17:00:20,567 [main] INFO  server.StorageContainerManager (StorageContainerManager.java:start(1559)) - ScmBlockLocationProtocol RPC server is listening at /0.0.0.0:15357
2024-01-14 17:00:20,567 [main] INFO  server.SCMBlockProtocolServer (SCMBlockProtocolServer.java:start(160)) - RPC server for Block Protocol is listening at /0.0.0.0:15357
2024-01-14 17:00:20,568 [IPC Server Responder] INFO  ipc.Server (Server.java:run(1562)) - IPC Server Responder: starting
2024-01-14 17:00:20,568 [IPC Server listener on 15357] INFO  ipc.Server (Server.java:run(1402)) - IPC Server listener on 15357: starting
2024-01-14 17:00:20,609 [main] INFO  server.SCMDatanodeProtocolServer (SCMDatanodeProtocolServer.java:start(194)) - ScmDatanodeProtocol RPC server for DataNodes is listening at /0.0.0.0:15358
2024-01-14 17:00:20,609 [IPC Server Responder] INFO  ipc.Server (Server.java:run(1562)) - IPC Server Responder: starting
2024-01-14 17:00:20,609 [IPC Server listener on 15358] INFO  ipc.Server (Server.java:run(1402)) - IPC Server listener on 15358: starting
2024-01-14 17:00:20,624 [JvmPauseMonitor44] INFO  util.JvmPauseMonitor (JvmPauseMonitor.java:run(146)) - JvmPauseMonitor-6cbf6940-07f5-4b9b-9830-8bc0027178d9: Started
2024-01-14 17:00:20,625 [main] INFO  http.BaseHttpServer (BaseHttpServer.java:newHttpServer2BuilderForOzone(223)) - Starting Web-server for scm at: http://0.0.0.0:15359
2024-01-14 17:00:20,625 [main] INFO  http.BaseHttpServer (BaseHttpServer.java:<init>(110)) - Hadoop Security Enabled: false Ozone Security Enabled: false Ozone HTTP Security Enabled: false 
2024-01-14 17:00:20,626 [main] WARN  server.AuthenticationFilter (AuthenticationFilter.java:constructSecretProvider(240)) - Unable to initialize FileSignerSecretProvider, falling back to use random secrets. Reason: Could not read signature secret file: /home/runner/hadoop-http-auth-signature-secret
2024-01-14 17:00:20,626 [main] INFO  http.HttpRequestLog (HttpRequestLog.java:getRequestLog(86)) - Http request log for http.requests.scm is not defined
2024-01-14 17:00:20,627 [main] INFO  http.HttpServer2 (HttpServer2.java:addGlobalFilter(1036)) - Added global filter 'safety' (class=org.apache.hadoop.hdds.server.http.HttpServer2$QuotingInputFilter)
2024-01-14 17:00:20,627 [main] INFO  http.HttpServer2 (HttpServer2.java:addFilter(1012)) - Added filter static_user_filter (class=org.apache.hadoop.http.lib.StaticUserWebFilter$StaticUserFilter) to context scm
2024-01-14 17:00:20,627 [main] INFO  http.HttpServer2 (HttpServer2.java:addFilter(1020)) - Added filter static_user_filter (class=org.apache.hadoop.http.lib.StaticUserWebFilter$StaticUserFilter) to context static
2024-01-14 17:00:20,627 [main] INFO  http.HttpServer2 (HttpServer2.java:addFilter(1020)) - Added filter static_user_filter (class=org.apache.hadoop.http.lib.StaticUserWebFilter$StaticUserFilter) to context logs
2024-01-14 17:00:20,628 [main] INFO  http.BaseHttpServer (BaseHttpServer.java:<init>(189)) - HTTP server of scm uses base directory /home/runner/work/ozone/ozone/hadoop-ozone/integration-test/target/test-dir/MiniOzoneClusterImpl-55f63948-b302-44a8-9a44-732f3ddcab57/ozone-meta/webserver
2024-01-14 17:00:20,628 [main] INFO  http.HttpServer2 (HttpServer2.java:bindListener(1236)) - Jetty bound to port 15359
2024-01-14 17:00:20,628 [main] INFO  server.Server (Server.java:doStart(375)) - jetty-9.4.53.v20231009; built: 2023-10-09T12:29:09.265Z; git: 27bde00a0b95a1d5bbee0eae7984f891d2d0f8c9; jvm 1.8.0_392-b08
2024-01-14 17:00:20,629 [main] INFO  server.session (DefaultSessionIdManager.java:doStart(334)) - DefaultSessionIdManager workerName=node0
2024-01-14 17:00:20,629 [main] INFO  server.session (DefaultSessionIdManager.java:doStart(339)) - No SessionScavenger set, using defaults
2024-01-14 17:00:20,629 [main] INFO  server.session (HouseKeeper.java:startScavenging(132)) - node0 Scavenging every 600000ms
2024-01-14 17:00:20,629 [main] INFO  handler.ContextHandler (ContextHandler.java:doStart(921)) - Started o.e.j.s.ServletContextHandler@92d1206{logs,/logs,file:///home/runner/work/ozone/ozone/hadoop-ozone/integration-test/target/log,AVAILABLE}
2024-01-14 17:00:20,630 [main] INFO  handler.ContextHandler (ContextHandler.java:doStart(921)) - Started o.e.j.s.ServletContextHandler@79dd885a{static,/static,file:///home/runner/work/ozone/ozone/hadoop-ozone/integration-test/target/test-classes/webapps/static,AVAILABLE}
2024-01-14 17:00:20,631 [main] INFO  handler.ContextHandler (ContextHandler.java:doStart(921)) - Started o.e.j.w.WebAppContext@19a429d6{scm,/,file:///home/runner/work/ozone/ozone/hadoop-ozone/integration-test/target/test-classes/webapps/scm/,AVAILABLE}{file:/home/runner/work/ozone/ozone/hadoop-ozone/integration-test/target/test-classes/webapps/scm}
2024-01-14 17:00:20,633 [main] INFO  server.AbstractConnector (AbstractConnector.java:doStart(333)) - Started ServerConnector@17a06236{HTTP/1.1, (http/1.1)}{0.0.0.0:15359}
2024-01-14 17:00:20,633 [main] INFO  server.Server (Server.java:doStart(415)) - Started @139818ms
2024-01-14 17:00:20,633 [main] WARN  impl.MetricsSystemImpl (MetricsSystemImpl.java:register(279)) - Sink prometheus already exists!
2024-01-14 17:00:20,634 [main] INFO  http.BaseHttpServer (BaseHttpServer.java:updateConnectorAddress(354)) - HTTP server of scm listening at http://0.0.0.0:15359
2024-01-14 17:00:20,634 [main] WARN  server.ServerUtils (ServerUtils.java:getDBPath(311)) - ozone.om.db.dirs is not configured. We recommend adding this setting. Falling back to ozone.metadata.dirs instead.
2024-01-14 17:00:20,635 [main] INFO  ha.OMHANodeDetails (OMHANodeDetails.java:loadOMHAConfig(115)) - ozone.om.internal.service.id is not defined, falling back to ozone.om.service.ids to find serviceID for OzoneManager if it is HA enabled cluster
2024-01-14 17:00:20,635 [main] INFO  ha.OMHANodeDetails (OMHANodeDetails.java:loadOMHAConfig(226)) - Configuration does not have ozone.om.address set. Falling back to the default OM address /127.0.0.1:15360
2024-01-14 17:00:20,636 [main] INFO  ha.OMHANodeDetails (OMHANodeDetails.java:getOMNodeDetailsForNonHA(254)) - OM Service ID is not set. Setting it to the default ID: omServiceIdDefault
2024-01-14 17:00:20,636 [main] INFO  ha.OMHANodeDetails (OMHANodeDetails.java:getOMNodeDetailsForNonHA(261)) - OM Node ID is not set. Setting it to the default ID: om1
2024-01-14 17:00:20,636 [main] WARN  server.ServerUtils (ServerUtils.java:getDBPath(311)) - ozone.om.db.dirs is not configured. We recommend adding this setting. Falling back to ozone.metadata.dirs instead.
2024-01-14 17:00:20,637 [main] INFO  upgrade.AbstractLayoutVersionManager (AbstractLayoutVersionManager.java:init(83)) - Initializing Layout version manager with metadata layout = QUOTA (version = 6), software layout = QUOTA (version = 6)
2024-01-14 17:00:20,673 [main] INFO  upgrade.OMLayoutVersionManager (OMLayoutVersionManager.java:lambda$0(113)) - Skipping Upgrade Action MockOmUpgradeAction since it has been finalized.
2024-01-14 17:00:20,673 [main] INFO  upgrade.OMLayoutVersionManager (OMLayoutVersionManager.java:lambda$0(113)) - Skipping Upgrade Action QuotaRepairUpgradeAction since it has been finalized.
2024-01-14 17:00:20,673 [main] WARN  server.ServerUtils (ServerUtils.java:getDBPath(311)) - ozone.om.db.dirs is not configured. We recommend adding this setting. Falling back to ozone.metadata.dirs instead.
2024-01-14 17:00:20,674 [main] INFO  proxy.SCMBlockLocationFailoverProxyProvider (SCMBlockLocationFailoverProxyProvider.java:<init>(115)) - Created block location fail-over proxy with 1 nodes: [nodeId=scmNodeId,nodeAddress=/0.0.0.0:15357]
2024-01-14 17:00:20,674 [main] INFO  proxy.SCMBlockLocationFailoverProxyProvider (SCMBlockLocationFailoverProxyProvider.java:<init>(115)) - Created block location fail-over proxy with 1 nodes: [nodeId=scmNodeId,nodeAddress=/0.0.0.0:15357]
2024-01-14 17:00:20,681 [main] INFO  om.OzoneManager (OzoneManager.java:<init>(673)) - OM start with adminUsers: [runner]
2024-01-14 17:00:20,682 [main] WARN  server.ServerUtils (ServerUtils.java:getDBPath(311)) - ozone.om.db.dirs is not configured. We recommend adding this setting. Falling back to ozone.metadata.dirs instead.
2024-01-14 17:00:20,682 [main] INFO  helpers.OmKeyInfo (OmKeyInfo.java:getCodec(71)) - OmKeyInfo.getCodec ignorePipeline = true
2024-01-14 17:00:20,830 [main] INFO  om.OzoneManager (OzoneManager.java:instantiateServices(805)) - S3 Multi-Tenancy is disabled
2024-01-14 17:00:20,830 [main] INFO  om.OmSnapshotManager (OmSnapshotManager.java:<init>(176)) - Ozone filesystem snapshot feature is enabled.
2024-01-14 17:00:20,831 [main] WARN  server.ServerUtils (ServerUtils.java:getDBPath(311)) - ozone.om.snapshot.diff.db.dir is not configured. We recommend adding this setting. Falling back to ozone.metadata.dirs instead.
2024-01-14 17:00:20,846 [main] INFO  utils.NativeLibraryLoader (NativeLibraryLoader.java:loadLibrary(108)) - Loading Library: ozone_rocksdb_tools
2024-01-14 17:00:20,846 [main] INFO  snapshot.SnapshotDiffManager (SnapshotDiffManager.java:closeExecutorService(1688)) - Shutting down executorService: 'SstDumpToolExecutor'
2024-01-14 17:00:20,848 [main] INFO  om.OzoneManager (OzoneManager.java:addS3GVolumeToDB(4429)) - Created Volume s3v With Owner runner required for S3Gateway operations.
2024-01-14 17:00:20,848 [main] WARN  server.ServerUtils (ServerUtils.java:getDefaultRatisDirectory(323)) - Storage directory for Ratis is not configured. It is a good idea to map this to an SSD disk. Falling back to ozone.metadata.dirs
2024-01-14 17:00:20,848 [main] WARN  utils.OzoneManagerRatisUtils (OzoneManagerRatisUtils.java:getOMRatisSnapshotDirectory(473)) - ozone.om.ratis.snapshot.dir is not configured. Falling back to ozone.metadata.dirs config
2024-01-14 17:00:20,849 [main] WARN  server.ServerUtils (ServerUtils.java:getDefaultRatisDirectory(323)) - Storage directory for Ratis is not configured. It is a good idea to map this to an SSD disk. Falling back to ozone.metadata.dirs
2024-01-14 17:00:20,850 [main] INFO  ratis.OzoneManagerRatisServer (OzoneManagerRatisServer.java:<init>(167)) - Instantiating OM Ratis server with groupID: omServiceIdDefault and peers: localhost:15363
2024-01-14 17:00:20,850 [main] INFO  ratis.OzoneManagerStateMachine (OzoneManagerStateMachine.java:loadSnapshotInfoFromDB(608)) - TransactionInfo not found in OM DB.
2024-01-14 17:00:20,850 [main] INFO  server.RaftServer (ConfUtils.java:logGet(46)) - raft.rpc.type = GRPC (default)
2024-01-14 17:00:20,850 [main] INFO  grpc.GrpcConfigKeys (ConfUtils.java:logFallback(53)) - raft.grpc.admin.host = null (fallback to raft.grpc.server.host)
2024-01-14 17:00:20,850 [main] INFO  grpc.GrpcConfigKeys (ConfUtils.java:logFallback(53)) - raft.grpc.admin.port = 15363 (fallback to raft.grpc.server.port)
2024-01-14 17:00:20,851 [main] INFO  grpc.GrpcConfigKeys (ConfUtils.java:logFallback(53)) - raft.grpc.client.host = null (fallback to raft.grpc.server.host)
2024-01-14 17:00:20,851 [main] INFO  grpc.GrpcConfigKeys (ConfUtils.java:logFallback(53)) - raft.grpc.client.port = 15363 (fallback to raft.grpc.server.port)
2024-01-14 17:00:20,851 [main] INFO  grpc.GrpcConfigKeys (ConfUtils.java:logGet(46)) - raft.grpc.server.host = null (default)
2024-01-14 17:00:20,851 [main] INFO  grpc.GrpcConfigKeys (ConfUtils.java:logGet(46)) - raft.grpc.server.port = 15363 (custom)
2024-01-14 17:00:20,851 [main] INFO  server.GrpcService (ConfUtils.java:logGet(46)) - raft.grpc.message.size.max = 4194304 (custom)
2024-01-14 17:00:20,851 [main] INFO  server.RaftServerConfigKeys (ConfUtils.java:logGet(46)) - raft.server.log.appender.buffer.byte-limit = 4194304 (custom)
2024-01-14 17:00:20,851 [main] INFO  server.GrpcService (ConfUtils.java:logGet(46)) - raft.grpc.flow.control.window = 1MB (=1048576) (default)
2024-01-14 17:00:20,851 [main] INFO  server.RaftServerConfigKeys (ConfUtils.java:logGet(46)) - raft.server.rpc.request.timeout = 3000ms (default)
2024-01-14 17:00:20,851 [main] INFO  grpc.GrpcConfigKeys (ConfUtils.java:logGet(46)) - raft.grpc.server.heartbeat.channel = true (default)
2024-01-14 17:00:20,851 [main] INFO  grpc.GrpcConfigKeys (ConfUtils.java:logGet(46)) - raft.grpc.server.async.request.thread.pool.cached = true (default)
2024-01-14 17:00:20,852 [main] INFO  grpc.GrpcConfigKeys (ConfUtils.java:logGet(46)) - raft.grpc.server.async.request.thread.pool.size = 32 (default)
2024-01-14 17:00:20,852 [main] INFO  impl.DataStreamServerImpl (ConfUtils.java:logGet(46)) - raft.datastream.type = DISABLED (default)
2024-01-14 17:00:20,853 [main] INFO  server.RaftServerConfigKeys (ConfUtils.java:logGet(46)) - raft.server.sleep.deviation.threshold = 300ms (default)
2024-01-14 17:00:20,853 [main] INFO  server.RaftServerConfigKeys (ConfUtils.java:logGet(46)) - raft.server.close.threshold = 60s (default)
2024-01-14 17:00:20,853 [main] INFO  server.RaftServerConfigKeys (ConfUtils.java:logGet(46)) - raft.server.leaderelection.leader.step-down.wait-time = 10s (default)
2024-01-14 17:00:20,853 [main] INFO  server.RaftServerConfigKeys (ConfUtils.java:logGet(46)) - raft.server.storage.dir = [/home/runner/work/ozone/ozone/hadoop-ozone/integration-test/target/test-dir/MiniOzoneClusterImpl-55f63948-b302-44a8-9a44-732f3ddcab57/ozone-meta/ratis] (custom)
2024-01-14 17:00:20,853 [main] INFO  server.RaftServerConfigKeys (ConfUtils.java:logGet(46)) - raft.server.threadpool.proxy.cached = true (default)
2024-01-14 17:00:20,853 [main] INFO  server.RaftServerConfigKeys (ConfUtils.java:logGet(46)) - raft.server.threadpool.proxy.size = 0 (default)
2024-01-14 17:00:20,854 [main] INFO  server.RaftServer (RaftServerProxy.java:addNew(100)) - om1: addNew group-C5BA1605619E:[om1|localhost:15363] returns group-C5BA1605619E:java.util.concurrent.CompletableFuture@79f8cf69[Not completed]
2024-01-14 17:00:20,854 [main] INFO  om.OzoneManager (OzoneManager.java:initializeRatisServer(2141)) - OzoneManager Ratis server initialized at port 15363
2024-01-14 17:00:20,854 [om1-groupManagement] INFO  server.RaftServer$Division (RaftServerImpl.java:<init>(256)) - om1: new RaftServerImpl for group-C5BA1605619E:[om1|localhost:15363] with OzoneManagerStateMachine:uninitialized
2024-01-14 17:00:20,854 [main] INFO  om.OzoneManager (OzoneManager.java:getRpcServer(1207)) - Creating RPC Server
2024-01-14 17:00:20,854 [om1-groupManagement] INFO  server.RaftServerConfigKeys (ConfUtils.java:logGet(46)) - raft.server.rpc.timeout.min = 1s (custom)
2024-01-14 17:00:20,854 [om1-groupManagement] INFO  server.RaftServerConfigKeys (ConfUtils.java:logGet(46)) - raft.server.rpc.timeout.max = 1200ms (custom)
2024-01-14 17:00:20,854 [om1-groupManagement] INFO  server.RaftServerConfigKeys (ConfUtils.java:logGet(46)) - raft.server.rpc.sleep.time = 25ms (default)
2024-01-14 17:00:20,854 [om1-groupManagement] INFO  server.RaftServerConfigKeys (ConfUtils.java:logGet(46)) - raft.server.rpc.slowness.timeout = 120s (custom)
2024-01-14 17:00:20,854 [om1-groupManagement] INFO  server.RaftServerConfigKeys (ConfUtils.java:logGet(46)) - raft.server.leaderelection.leader.step-down.wait-time = 10s (default)
2024-01-14 17:00:20,854 [om1-groupManagement] INFO  server.RaftServerConfigKeys (ConfUtils.java:logGet(46)) - raft.server.leaderelection.member.majority-add = false (default)
2024-01-14 17:00:20,854 [om1-groupManagement] INFO  server.RaftServerConfigKeys (ConfUtils.java:logGet(46)) - raft.server.sleep.deviation.threshold = 300ms (default)
2024-01-14 17:00:20,854 [om1-groupManagement] INFO  server.RaftServer$Division (ServerState.java:<init>(113)) - om1@group-C5BA1605619E: ConfigurationManager, init=-1: peers:[om1|localhost:15363]|listeners:[], old=null, confs=<EMPTY_MAP>
2024-01-14 17:00:20,855 [om1-groupManagement] INFO  server.RaftServerConfigKeys (ConfUtils.java:logGet(46)) - raft.server.notification.no-leader.timeout = 120s (custom)
2024-01-14 17:00:20,855 [om1-groupManagement] INFO  server.RaftServerConfigKeys (ConfUtils.java:logGet(46)) - raft.server.read.timeout = 10s (default)
2024-01-14 17:00:20,855 [om1-groupManagement] INFO  server.RaftServerConfigKeys (ConfUtils.java:logGet(46)) - raft.server.retrycache.expirytime = 300s (custom)
2024-01-14 17:00:20,855 [om1-groupManagement] INFO  server.RaftServerConfigKeys (ConfUtils.java:logGet(46)) - raft.server.retrycache.statistics.expirytime = 100ms (default)
2024-01-14 17:00:20,855 [om1-groupManagement] INFO  server.RaftServerConfigKeys (ConfUtils.java:logGet(46)) - raft.server.read.option = DEFAULT (default)
2024-01-14 17:00:20,855 [om1-groupManagement] INFO  server.RaftServerConfigKeys (ConfUtils.java:logGet(46)) - raft.server.read.read-after-write-consistent.write-index-cache.expiry-time = 60s (default)
2024-01-14 17:00:20,856 [om1-groupManagement] INFO  server.RaftServerConfigKeys (ConfUtils.java:logGet(46)) - raft.server.rpc.request.timeout = 3000ms (default)
2024-01-14 17:00:20,856 [om1-groupManagement] INFO  server.RaftServerConfigKeys (ConfUtils.java:logGet(46)) - raft.server.log.appender.install.snapshot.enabled = false (custom)
2024-01-14 17:00:20,856 [om1-groupManagement] INFO  server.RaftServerConfigKeys (ConfUtils.java:logGet(46)) - raft.server.threadpool.server.cached = true (default)
2024-01-14 17:00:20,856 [om1-groupManagement] INFO  server.RaftServerConfigKeys (ConfUtils.java:logGet(46)) - raft.server.threadpool.server.size = 0 (default)
2024-01-14 17:00:20,856 [om1-groupManagement] INFO  server.RaftServerConfigKeys (ConfUtils.java:logGet(46)) - raft.server.threadpool.client.cached = true (default)
2024-01-14 17:00:20,856 [om1-groupManagement] INFO  server.RaftServerConfigKeys (ConfUtils.java:logGet(46)) - raft.server.threadpool.client.size = 0 (default)
2024-01-14 17:00:21,031 [main] INFO  ipc.CallQueueManager (CallQueueManager.java:<init>(90)) - Using callQueue: class java.util.concurrent.LinkedBlockingQueue, queueCapacity: 2000, scheduler: class org.apache.hadoop.ipc.DefaultRpcScheduler, ipcBackoff: false.
2024-01-14 17:00:21,031 [main] INFO  ipc.Server (Server.java:<init>(1287)) - Listener at 127.0.0.1:15360
2024-01-14 17:00:21,032 [Socket Reader #1 for port 15360] INFO  ipc.Server (Server.java:run(1323)) - Starting Socket Reader #1 for port 15360
2024-01-14 17:00:21,046 [main] INFO  impl.MetricsSystemImpl (MetricsSystemImpl.java:init(158)) - OzoneManager metrics system started (again)
2024-01-14 17:00:21,053 [main] INFO  om.OzoneManager (OzoneManager.java:start(1629)) - OzoneManager RPC server is listening at localhost/127.0.0.1:15360
2024-01-14 17:00:21,053 [main] INFO  ratis.OzoneManagerRatisServer (OzoneManagerRatisServer.java:start(588)) - Starting OzoneManagerRatisServer om1 at port 15363
2024-01-14 17:00:21,053 [om1-impl-thread1] INFO  server.RaftServerConfigKeys (ConfUtils.java:logGet(46)) - raft.server.storage.free-space.min = 0MB (=0) (default)
2024-01-14 17:00:21,053 [om1-impl-thread1] INFO  server.RaftServerConfigKeys (ConfUtils.java:logGet(46)) - raft.server.log.corruption.policy = EXCEPTION (default)
2024-01-14 17:00:21,054 [om1-impl-thread1] INFO  server.RaftServerConfigKeys (ConfUtils.java:logGet(46)) - raft.server.storage.dir = [/home/runner/work/ozone/ozone/hadoop-ozone/integration-test/target/test-dir/MiniOzoneClusterImpl-55f63948-b302-44a8-9a44-732f3ddcab57/ozone-meta/ratis] (custom)
2024-01-14 17:00:21,054 [om1-impl-thread1] INFO  storage.RaftStorageDirectory (RaftStorageDirectoryImpl.java:analyzeStorage(138)) - The storage directory /home/runner/work/ozone/ozone/hadoop-ozone/integration-test/target/test-dir/MiniOzoneClusterImpl-55f63948-b302-44a8-9a44-732f3ddcab57/ozone-meta/ratis/bf265839-605b-3f16-9796-c5ba1605619e does not exist. Creating ...
2024-01-14 17:00:21,055 [om1-impl-thread1] INFO  storage.RaftStorageDirectory (RaftStorageDirectoryImpl.java:tryLock(228)) - Lock on /home/runner/work/ozone/ozone/hadoop-ozone/integration-test/target/test-dir/MiniOzoneClusterImpl-55f63948-b302-44a8-9a44-732f3ddcab57/ozone-meta/ratis/bf265839-605b-3f16-9796-c5ba1605619e/in_use.lock acquired by nodename 93954@fv-az1248-16
2024-01-14 17:00:21,056 [om1-impl-thread1] INFO  storage.RaftStorage (RaftStorageImpl.java:format(99)) - Storage directory /home/runner/work/ozone/ozone/hadoop-ozone/integration-test/target/test-dir/MiniOzoneClusterImpl-55f63948-b302-44a8-9a44-732f3ddcab57/ozone-meta/ratis/bf265839-605b-3f16-9796-c5ba1605619e has been successfully formatted.
2024-01-14 17:00:21,056 [om1-impl-thread1] WARN  util.FileUtils (LogUtils.java:supplyAndLog(63)) - Failed to Files.newInputStream /home/runner/work/ozone/ozone/hadoop-ozone/integration-test/target/test-dir/MiniOzoneClusterImpl-55f63948-b302-44a8-9a44-732f3ddcab57/ozone-meta/ratis/bf265839-605b-3f16-9796-c5ba1605619e/current/raft-meta.conf with options []: java.nio.file.NoSuchFileException: /home/runner/work/ozone/ozone/hadoop-ozone/integration-test/target/test-dir/MiniOzoneClusterImpl-55f63948-b302-44a8-9a44-732f3ddcab57/ozone-meta/ratis/bf265839-605b-3f16-9796-c5ba1605619e/current/raft-meta.conf
2024-01-14 17:00:21,056 [om1-impl-thread1] INFO  server.RaftServerConfigKeys (ConfUtils.java:logGet(46)) - raft.server.log.use.memory = false (default)
2024-01-14 17:00:21,056 [om1-impl-thread1] INFO  server.RaftServerConfigKeys (ConfUtils.java:logGet(46)) - raft.server.log.purge.gap = 1000000 (custom)
2024-01-14 17:00:21,056 [om1-impl-thread1] INFO  server.RaftServerConfigKeys (ConfUtils.java:logGet(46)) - raft.server.log.appender.buffer.byte-limit = 4194304 (custom)
2024-01-14 17:00:21,056 [om1-impl-thread1] INFO  server.RaftServerConfigKeys (ConfUtils.java:logGet(46)) - raft.server.log.statemachine.data.read.timeout = 1000ms (default)
2024-01-14 17:00:21,057 [om1-impl-thread1] INFO  server.RaftServerConfigKeys (ConfUtils.java:logGet(46)) - raft.server.log.purge.preservation.log.num = 0 (default)
2024-01-14 17:00:21,057 [om1-impl-thread1] INFO  server.RaftServerConfigKeys (ConfUtils.java:logGet(46)) - raft.server.log.segment.size.max = 4194304 (custom)
2024-01-14 17:00:21,057 [om1-impl-thread1] INFO  server.RaftServerConfigKeys (ConfUtils.java:logGet(46)) - raft.server.log.segment.cache.num.max = 2 (custom)
2024-01-14 17:00:21,057 [om1-impl-thread1] INFO  server.RaftServerConfigKeys (ConfUtils.java:logGet(46)) - raft.server.log.segment.cache.size.max = 200MB (=209715200) (default)
2024-01-14 17:00:21,057 [om1-impl-thread1] INFO  server.RaftServerConfigKeys (ConfUtils.java:logGet(46)) - raft.server.log.appender.buffer.byte-limit = 4194304 (custom)
2024-01-14 17:00:21,057 [om1-impl-thread1] INFO  util.AwaitToRun (AwaitToRun.java:start(81)) - Thread[om1@group-C5BA1605619E-cacheEviction-AwaitToRun,5,main] started
2024-01-14 17:00:21,057 [om1-impl-thread1] INFO  segmented.SegmentedRaftLogWorker (SegmentedRaftLogWorker.java:<init>(182)) - new om1@group-C5BA1605619E-SegmentedRaftLogWorker for RaftStorageImpl:Storage Directory /home/runner/work/ozone/ozone/hadoop-ozone/integration-test/target/test-dir/MiniOzoneClusterImpl-55f63948-b302-44a8-9a44-732f3ddcab57/ozone-meta/ratis/bf265839-605b-3f16-9796-c5ba1605619e
2024-01-14 17:00:21,057 [om1-impl-thread1] INFO  server.RaftServerConfigKeys (ConfUtils.java:logGet(46)) - raft.server.log.queue.byte-limit = 64MB (=67108864) (default)
2024-01-14 17:00:21,057 [om1-impl-thread1] INFO  server.RaftServerConfigKeys (ConfUtils.java:logGet(46)) - raft.server.log.queue.element-limit = 4096 (default)
2024-01-14 17:00:21,058 [om1-impl-thread1] INFO  server.RaftServerConfigKeys (ConfUtils.java:logGet(46)) - raft.server.log.segment.size.max = 4194304 (custom)
2024-01-14 17:00:21,058 [om1-impl-thread1] INFO  server.RaftServerConfigKeys (ConfUtils.java:logGet(46)) - raft.server.log.preallocated.size = 4194304 (custom)
2024-01-14 17:00:21,058 [om1-impl-thread1] INFO  server.RaftServerConfigKeys (ConfUtils.java:logGet(46)) - raft.server.log.force.sync.num = 128 (default)
2024-01-14 17:00:21,058 [om1-impl-thread1] INFO  server.RaftServerConfigKeys (ConfUtils.java:logGet(46)) - raft.server.log.statemachine.data.sync = true (default)
2024-01-14 17:00:21,058 [om1-impl-thread1] INFO  server.RaftServerConfigKeys (ConfUtils.java:logGet(46)) - raft.server.log.statemachine.data.sync.timeout = 10s (default)
2024-01-14 17:00:21,058 [om1-impl-thread1] INFO  server.RaftServerConfigKeys (ConfUtils.java:logGet(46)) - raft.server.log.statemachine.data.sync.timeout.retry = -1 (default)
2024-01-14 17:00:21,058 [om1-impl-thread1] INFO  server.RaftServerConfigKeys (ConfUtils.java:logGet(46)) - raft.server.log.write.buffer.size = 4194312 (custom)
2024-01-14 17:00:21,059 [om1-impl-thread1] INFO  server.RaftServerConfigKeys (ConfUtils.java:logGet(46)) - raft.server.log.appender.buffer.byte-limit = 4194304 (custom)
2024-01-14 17:00:21,059 [om1-impl-thread1] INFO  server.RaftServerConfigKeys (ConfUtils.java:logGet(46)) - raft.server.log.unsafe-flush.enabled = false (default)
2024-01-14 17:00:21,059 [om1-impl-thread1] INFO  server.RaftServerConfigKeys (ConfUtils.java:logGet(46)) - raft.server.log.async-flush.enabled = false (default)
2024-01-14 17:00:21,059 [om1-impl-thread1] INFO  server.RaftServerConfigKeys (ConfUtils.java:logGet(46)) - raft.server.log.statemachine.data.caching.enabled = false (default)
2024-01-14 17:00:21,059 [om1-impl-thread1] INFO  segmented.SegmentedRaftLogWorker (SegmentedRaftLogWorker.java:lambda$new$0(134)) - om1@group-C5BA1605619E-SegmentedRaftLogWorker: flushIndex: setUnconditionally 0 -> -1
2024-01-14 17:00:21,059 [om1-impl-thread1] INFO  segmented.SegmentedRaftLogWorker (SegmentedRaftLogWorker.java:lambda$new$0(134)) - om1@group-C5BA1605619E-SegmentedRaftLogWorker: safeCacheEvictIndex: setUnconditionally 0 -> -1
2024-01-14 17:00:21,059 [om1-impl-thread1] INFO  server.RaftServer$Division (RaftServerImpl.java:start(396)) - om1@group-C5BA1605619E: start as a follower, conf=-1: peers:[om1|localhost:15363]|listeners:[], old=null
2024-01-14 17:00:21,059 [om1-impl-thread1] INFO  server.RaftServer$Division (RaftServerImpl.java:setRole(383)) - om1@group-C5BA1605619E: changes role from      null to FOLLOWER at term 0 for startAsFollower
2024-01-14 17:00:21,059 [om1-impl-thread1] INFO  impl.RoleInfo (RoleInfo.java:updateAndGet(139)) - om1: start om1@group-C5BA1605619E-FollowerState
2024-01-14 17:00:21,059 [om1-impl-thread1] INFO  util.JmxRegister (JmxRegister.java:tryRegister(44)) - Successfully registered JMX Bean with object name Ratis:service=RaftServer,group=group-C5BA1605619E,id=om1
2024-01-14 17:00:21,059 [om1@group-C5BA1605619E-FollowerState] INFO  server.RaftServerConfigKeys (ConfUtils.java:logFallback(53)) - raft.server.rpc.first-election.timeout.min = 1s (fallback to raft.server.rpc.timeout.min)
2024-01-14 17:00:21,060 [om1-impl-thread1] INFO  server.RaftServerConfigKeys (ConfUtils.java:logGet(46)) - raft.server.snapshot.trigger-when-stop.enabled = true (default)
2024-01-14 17:00:21,060 [om1@group-C5BA1605619E-FollowerState] INFO  server.RaftServerConfigKeys (ConfUtils.java:logFallback(53)) - raft.server.rpc.first-election.timeout.max = 1200ms (fallback to raft.server.rpc.timeout.max)
2024-01-14 17:00:21,060 [om1-impl-thread1] INFO  server.RaftServerConfigKeys (ConfUtils.java:logGet(46)) - raft.server.snapshot.auto.trigger.enabled = true (custom)
2024-01-14 17:00:21,060 [om1-impl-thread1] INFO  server.RaftServerConfigKeys (ConfUtils.java:logGet(46)) - raft.server.snapshot.auto.trigger.threshold = 400000 (default)
2024-01-14 17:00:21,060 [om1-impl-thread1] INFO  server.RaftServerConfigKeys (ConfUtils.java:logGet(46)) - raft.server.snapshot.retention.file.num = -1 (default)
2024-01-14 17:00:21,060 [om1-impl-thread1] INFO  server.RaftServerConfigKeys (ConfUtils.java:logGet(46)) - raft.server.log.purge.upto.snapshot.index = true (custom)
2024-01-14 17:00:21,060 [main] INFO  server.RaftServer (RaftServerProxy.java:startImpl(406)) - om1: start RPC server
2024-01-14 17:00:21,061 [main] INFO  server.GrpcService (GrpcService.java:startImpl(302)) - om1: GrpcService started, listening on 15363
2024-01-14 17:00:21,061 [JvmPauseMonitor45] INFO  util.JvmPauseMonitor (JvmPauseMonitor.java:run(146)) - JvmPauseMonitor-om1: Started
2024-01-14 17:00:21,061 [main] INFO  om.OzoneManager (OzoneManager.java:start(1645)) - Version File has different layout version (6) than OM DB (null). That is expected if this OM has never been finalized to a newer layout version.
2024-01-14 17:00:21,064 [main] INFO  http.BaseHttpServer (BaseHttpServer.java:newHttpServer2BuilderForOzone(223)) - Starting Web-server for ozoneManager at: http://0.0.0.0:15361
2024-01-14 17:00:21,064 [main] INFO  http.BaseHttpServer (BaseHttpServer.java:<init>(110)) - Hadoop Security Enabled: false Ozone Security Enabled: false Ozone HTTP Security Enabled: false 
2024-01-14 17:00:21,065 [main] WARN  server.AuthenticationFilter (AuthenticationFilter.java:constructSecretProvider(240)) - Unable to initialize FileSignerSecretProvider, falling back to use random secrets. Reason: Could not read signature secret file: /home/runner/hadoop-http-auth-signature-secret
2024-01-14 17:00:21,065 [main] INFO  http.HttpRequestLog (HttpRequestLog.java:getRequestLog(86)) - Http request log for http.requests.ozoneManager is not defined
2024-01-14 17:00:21,066 [main] INFO  http.HttpServer2 (HttpServer2.java:addGlobalFilter(1036)) - Added global filter 'safety' (class=org.apache.hadoop.hdds.server.http.HttpServer2$QuotingInputFilter)
2024-01-14 17:00:21,066 [main] INFO  http.HttpServer2 (HttpServer2.java:addFilter(1012)) - Added filter static_user_filter (class=org.apache.hadoop.http.lib.StaticUserWebFilter$StaticUserFilter) to context ozoneManager
2024-01-14 17:00:21,067 [main] INFO  http.HttpServer2 (HttpServer2.java:addFilter(1020)) - Added filter static_user_filter (class=org.apache.hadoop.http.lib.StaticUserWebFilter$StaticUserFilter) to context static
2024-01-14 17:00:21,067 [main] INFO  http.HttpServer2 (HttpServer2.java:addFilter(1020)) - Added filter static_user_filter (class=org.apache.hadoop.http.lib.StaticUserWebFilter$StaticUserFilter) to context logs
2024-01-14 17:00:21,067 [main] INFO  http.BaseHttpServer (BaseHttpServer.java:<init>(189)) - HTTP server of ozoneManager uses base directory /home/runner/work/ozone/ozone/hadoop-ozone/integration-test/target/test-dir/MiniOzoneClusterImpl-55f63948-b302-44a8-9a44-732f3ddcab57/ozone-meta/webserver
2024-01-14 17:00:21,067 [main] INFO  http.HttpServer2 (HttpServer2.java:bindListener(1236)) - Jetty bound to port 15361
2024-01-14 17:00:21,068 [main] INFO  server.Server (Server.java:doStart(375)) - jetty-9.4.53.v20231009; built: 2023-10-09T12:29:09.265Z; git: 27bde00a0b95a1d5bbee0eae7984f891d2d0f8c9; jvm 1.8.0_392-b08
2024-01-14 17:00:21,068 [main] INFO  server.session (DefaultSessionIdManager.java:doStart(334)) - DefaultSessionIdManager workerName=node0
2024-01-14 17:00:21,069 [main] INFO  server.session (DefaultSessionIdManager.java:doStart(339)) - No SessionScavenger set, using defaults
2024-01-14 17:00:21,069 [main] INFO  server.session (HouseKeeper.java:startScavenging(132)) - node0 Scavenging every 600000ms
2024-01-14 17:00:21,070 [main] INFO  handler.ContextHandler (ContextHandler.java:doStart(921)) - Started o.e.j.s.ServletContextHandler@4d38bb66{logs,/logs,file:///home/runner/work/ozone/ozone/hadoop-ozone/integration-test/target/log,AVAILABLE}
2024-01-14 17:00:21,070 [main] INFO  handler.ContextHandler (ContextHandler.java:doStart(921)) - Started o.e.j.s.ServletContextHandler@1a1f0a6b{static,/static,file:///home/runner/work/ozone/ozone/hadoop-ozone/integration-test/target/test-classes/webapps/static,AVAILABLE}
2024-01-14 17:00:21,072 [main] INFO  handler.ContextHandler (ContextHandler.java:doStart(921)) - Started o.e.j.w.WebAppContext@17dad310{ozoneManager,/,file:///home/runner/work/ozone/ozone/hadoop-ozone/integration-test/target/test-classes/webapps/ozoneManager/,AVAILABLE}{file:/home/runner/work/ozone/ozone/hadoop-ozone/integration-test/target/test-classes/webapps/ozoneManager}
2024-01-14 17:00:21,073 [main] INFO  server.AbstractConnector (AbstractConnector.java:doStart(333)) - Started ServerConnector@f973a72{HTTP/1.1, (http/1.1)}{0.0.0.0:15361}
2024-01-14 17:00:21,073 [main] INFO  server.Server (Server.java:doStart(415)) - Started @140258ms
2024-01-14 17:00:21,074 [main] WARN  impl.MetricsSystemImpl (MetricsSystemImpl.java:register(279)) - Sink prometheus already exists!
2024-01-14 17:00:21,074 [main] INFO  http.BaseHttpServer (BaseHttpServer.java:updateConnectorAddress(354)) - HTTP server of ozoneManager listening at http://0.0.0.0:15361
2024-01-14 17:00:21,074 [IPC Server Responder] INFO  ipc.Server (Server.java:run(1562)) - IPC Server Responder: starting
2024-01-14 17:00:21,074 [IPC Server listener on 15360] INFO  ipc.Server (Server.java:run(1402)) - IPC Server listener on 15360: starting
2024-01-14 17:00:21,083 [main] INFO  om.OzoneManager (OzoneManager.java:startTrashEmptier(2094)) - Trash Interval set to 0. Files deleted won't move to trash
2024-01-14 17:00:21,095 [main] WARN  dropwizard3.Dm3MetricRegistriesImpl (Dm3MetricRegistriesImpl.java:addReporterRegistration(113)) - New reporters are added after registries were created. Some metrics will be missing from the reporter. Please add reporter before adding any new registry.
2024-01-14 17:00:21,095 [main] WARN  dropwizard3.Dm3MetricRegistriesImpl (Dm3MetricRegistriesImpl.java:addReporterRegistration(113)) - New reporters are added after registries were created. Some metrics will be missing from the reporter. Please add reporter before adding any new registry.
2024-01-14 17:00:21,095 [main] INFO  impl.MetricsSystemImpl (MetricsSystemImpl.java:init(158)) - HddsDatanode metrics system started (again)
2024-01-14 17:00:21,103 [main] INFO  ozone.HddsDatanodeService (HddsDatanodeService.java:start(239)) - HddsDatanodeService host:fv-az1248-16.lhg1ljel1gwudbpqdk5ar2pfag.bx.internal.cloudapp.net ip:10.1.0.34
2024-01-14 17:00:21,119 [main] INFO  upgrade.AbstractLayoutVersionManager (AbstractLayoutVersionManager.java:init(83)) - Initializing Layout version manager with metadata layout = HADOOP_PRC_PORTS_IN_DATANODEDETAILS (version = 7), software layout = HADOOP_PRC_PORTS_IN_DATANODEDETAILS (version = 7)
2024-01-14 17:00:21,120 [main] INFO  statemachine.DatanodeStateMachine (DatanodeStateMachine.java:getEndPointTaskThreadPoolSize(299)) - Datanode State Machine Task Thread Pool size 2
2024-01-14 17:00:21,120 [main] INFO  volume.HddsVolume (HddsVolume.java:<init>(125)) - Creating HddsVolume: /home/runner/work/ozone/ozone/hadoop-ozone/integration-test/target/test-dir/MiniOzoneClusterImpl-55f63948-b302-44a8-9a44-732f3ddcab57/datanode-0/data-0/containers/hdds of storage type : DISK capacity : 9223372036854775807
2024-01-14 17:00:21,121 [main] INFO  volume.MutableVolumeSet (MutableVolumeSet.java:initializeVolumeSet(173)) - Added Volume : /home/runner/work/ozone/ozone/hadoop-ozone/integration-test/target/test-dir/MiniOzoneClusterImpl-55f63948-b302-44a8-9a44-732f3ddcab57/datanode-0/data-0/containers/hdds to VolumeSet
2024-01-14 17:00:21,121 [main] INFO  volume.MutableVolumeSet (MutableVolumeSet.java:initializeVolumeSet(173)) - Added Volume : /home/runner/work/ozone/ozone/hadoop-ozone/integration-test/target/test-dir/MiniOzoneClusterImpl-55f63948-b302-44a8-9a44-732f3ddcab57/datanode-0/data/ratis to VolumeSet
2024-01-14 17:00:21,122 [main] INFO  ozoneimpl.OzoneContainer (HddsVolumeUtil.java:loadAllHddsVolumeDbStore(103)) - Load 1 volumes DbStore cost: 1ms
2024-01-14 17:00:21,122 [1aa467ca-1ad7-4ef6-8b7c-495b72f7048c-ContainerReader-0] INFO  ozoneimpl.ContainerReader (ContainerReader.java:readVolume(178)) - Finish verifying containers on volume /home/runner/work/ozone/ozone/hadoop-ozone/integration-test/target/test-dir/MiniOzoneClusterImpl-55f63948-b302-44a8-9a44-732f3ddcab57/datanode-0/data-0/containers/hdds
2024-01-14 17:00:21,122 [main] INFO  ozoneimpl.OzoneContainer (OzoneContainer.java:buildContainerSet(328)) - Build ContainerSet costs 0s
2024-01-14 17:00:21,123 [main] INFO  server.RaftServer (ConfUtils.java:logGet(46)) - raft.rpc.type = GRPC (default)
2024-01-14 17:00:21,123 [main] INFO  grpc.GrpcConfigKeys (ConfUtils.java:logFallback(53)) - raft.grpc.admin.host = null (fallback to raft.grpc.server.host)
2024-01-14 17:00:21,124 [main] INFO  grpc.GrpcConfigKeys (ConfUtils.java:logGet(46)) - raft.grpc.admin.port = 15369 (custom)
2024-01-14 17:00:21,124 [main] INFO  grpc.GrpcConfigKeys (ConfUtils.java:logFallback(53)) - raft.grpc.client.host = null (fallback to raft.grpc.server.host)
2024-01-14 17:00:21,124 [main] INFO  grpc.GrpcConfigKeys (ConfUtils.java:logGet(46)) - raft.grpc.client.port = 15368 (custom)
2024-01-14 17:00:21,124 [main] INFO  grpc.GrpcConfigKeys (ConfUtils.java:logGet(46)) - raft.grpc.server.host = null (default)
2024-01-14 17:00:21,124 [main] INFO  grpc.GrpcConfigKeys (ConfUtils.java:logGet(46)) - raft.grpc.server.port = 15370 (custom)
2024-01-14 17:00:21,125 [main] INFO  server.GrpcService (ConfUtils.java:logGet(46)) - raft.grpc.message.size.max = 32MB (=33554432) (custom)
2024-01-14 17:00:21,125 [main] INFO  server.RaftServerConfigKeys (ConfUtils.java:logGet(46)) - raft.server.log.appender.buffer.byte-limit = 8388608 (custom)
2024-01-14 17:00:21,125 [main] INFO  server.GrpcService (ConfUtils.java:logGet(46)) - raft.grpc.flow.control.window = 5MB (=5242880) (custom)
2024-01-14 17:00:21,125 [main] INFO  server.RaftServerConfigKeys (ConfUtils.java:logGet(46)) - raft.server.rpc.request.timeout = 3000ms (default)
2024-01-14 17:00:21,125 [main] INFO  grpc.GrpcConfigKeys (ConfUtils.java:logGet(46)) - raft.grpc.server.heartbeat.channel = true (default)
2024-01-14 17:00:21,126 [main] INFO  grpc.GrpcConfigKeys (ConfUtils.java:logGet(46)) - raft.grpc.server.async.request.thread.pool.cached = true (default)
2024-01-14 17:00:21,126 [main] INFO  grpc.GrpcConfigKeys (ConfUtils.java:logGet(46)) - raft.grpc.server.async.request.thread.pool.size = 32 (default)
2024-01-14 17:00:21,127 [main] INFO  impl.DataStreamServerImpl (ConfUtils.java:logGet(46)) - raft.datastream.type = NETTY (custom)
2024-01-14 17:00:21,127 [main] INFO  server.RaftServerConfigKeys (ConfUtils.java:logGet(46)) - raft.server.data-stream.async.request.thread.pool.cached = false (default)
2024-01-14 17:00:21,128 [main] INFO  server.RaftServerConfigKeys (ConfUtils.java:logGet(46)) - raft.server.data-stream.async.request.thread.pool.size = 20 (custom)
2024-01-14 17:00:21,128 [main] INFO  server.RaftServerConfigKeys (ConfUtils.java:logGet(46)) - raft.server.data-stream.async.write.thread.pool.size = 16 (default)
2024-01-14 17:00:21,128 [main] INFO  netty.NettyConfigKeys$DataStream (ConfUtils.java:logGet(46)) - raft.netty.dataStream.server.channel.inactive.grace-period = 10min (default)
2024-01-14 17:00:21,128 [main] INFO  server.RaftServerConfigKeys (ConfUtils.java:logGet(46)) - raft.server.data-stream.client.pool.size = 10 (default)
2024-01-14 17:00:21,128 [main] INFO  netty.NettyConfigKeys$DataStream (ConfUtils.java:logGet(46)) - raft.netty.dataStream.server.use-epoll = true (default)
2024-01-14 17:00:21,128 [main] INFO  netty.NettyConfigKeys$DataStream (ConfUtils.java:logGet(46)) - raft.netty.dataStream.server.boss-group.size = 0 (default)
2024-01-14 17:00:21,128 [main] INFO  netty.NettyUtils (NettyUtils.java:newEventLoopGroup(69)) - Create EpollEventLoopGroup for 1aa467ca-1ad7-4ef6-8b7c-495b72f7048c-NettyServerStreamRpc-bossGroup; Thread size is 0.
2024-01-14 17:00:21,129 [main] INFO  netty.NettyConfigKeys$DataStream (ConfUtils.java:logGet(46)) - raft.netty.dataStream.server.worker-group.size = 0 (default)
2024-01-14 17:00:21,129 [main] INFO  netty.NettyUtils (NettyUtils.java:newEventLoopGroup(69)) - Create EpollEventLoopGroup for 1aa467ca-1ad7-4ef6-8b7c-495b72f7048c-NettyServerStreamRpc-workerGroup; Thread size is 0.
2024-01-14 17:00:21,129 [main] INFO  netty.NettyConfigKeys$DataStream (ConfUtils.java:logGet(46)) - raft.netty.dataStream.server.tls.conf = null (default)
2024-01-14 17:00:21,129 [main] INFO  netty.NettyConfigKeys$DataStream (ConfUtils.java:logGet(46)) - raft.netty.dataStream.host = null (default)
2024-01-14 17:00:21,130 [main] INFO  netty.NettyConfigKeys$DataStream (ConfUtils.java:logGet(46)) - raft.netty.dataStream.port = 15371 (custom)
2024-01-14 17:00:21,130 [main] INFO  server.RaftServerConfigKeys (ConfUtils.java:logGet(46)) - raft.server.sleep.deviation.threshold = 300ms (default)
2024-01-14 17:00:21,130 [1aa467ca-1ad7-4ef6-8b7c-495b72f7048c-NettyServerStreamRpc-bossGroup--thread1] INFO  logging.LoggingHandler (AbstractInternalLogger.java:log(148)) - [id: 0x03037f90] REGISTERED
2024-01-14 17:00:21,130 [main] INFO  server.RaftServerConfigKeys (ConfUtils.java:logGet(46)) - raft.server.close.threshold = 60s (default)
2024-01-14 17:00:21,130 [1aa467ca-1ad7-4ef6-8b7c-495b72f7048c-NettyServerStreamRpc-bossGroup--thread1] INFO  logging.LoggingHandler (AbstractInternalLogger.java:log(148)) - [id: 0x03037f90] BIND: 0.0.0.0/0.0.0.0:15371
2024-01-14 17:00:21,130 [main] INFO  server.RaftServerConfigKeys (ConfUtils.java:logGet(46)) - raft.server.leaderelection.leader.step-down.wait-time = 10s (default)
2024-01-14 17:00:21,130 [1aa467ca-1ad7-4ef6-8b7c-495b72f7048c-NettyServerStreamRpc-bossGroup--thread1] INFO  logging.LoggingHandler (AbstractInternalLogger.java:log(148)) - [id: 0x03037f90, L:/0.0.0.0:15371] ACTIVE
2024-01-14 17:00:21,131 [main] INFO  server.RaftServerConfigKeys (ConfUtils.java:logGet(46)) - raft.server.storage.dir = [/home/runner/work/ozone/ozone/hadoop-ozone/integration-test/target/test-dir/MiniOzoneClusterImpl-55f63948-b302-44a8-9a44-732f3ddcab57/datanode-0/data/ratis] (custom)
2024-01-14 17:00:21,131 [main] INFO  server.RaftServerConfigKeys (ConfUtils.java:logGet(46)) - raft.server.threadpool.proxy.cached = true (default)
2024-01-14 17:00:21,131 [main] INFO  server.RaftServerConfigKeys (ConfUtils.java:logGet(46)) - raft.server.threadpool.proxy.size = 0 (default)
2024-01-14 17:00:21,131 [1aa467ca-1ad7-4ef6-8b7c-495b72f7048c-impl-thread1] INFO  server.RaftServer (RaftServerProxy.java:initGroupDir(264)) - 1aa467ca-1ad7-4ef6-8b7c-495b72f7048c: found a subdirectory /home/runner/work/ozone/ozone/hadoop-ozone/integration-test/target/test-dir/MiniOzoneClusterImpl-55f63948-b302-44a8-9a44-732f3ddcab57/datanode-0/data/ratis/tmp
2024-01-14 17:00:21,131 [1aa467ca-1ad7-4ef6-8b7c-495b72f7048c-impl-thread1] INFO  server.RaftServer (RaftServerProxy.java:initGroupDir(269)) - 1aa467ca-1ad7-4ef6-8b7c-495b72f7048c: The directory /home/runner/work/ozone/ozone/hadoop-ozone/integration-test/target/test-dir/MiniOzoneClusterImpl-55f63948-b302-44a8-9a44-732f3ddcab57/datanode-0/data/ratis/tmp is not a group directory; ignoring it. 
2024-01-14 17:00:21,131 [main] INFO  replication.ReplicationServer (ReplicationServer.java:<init>(85)) - Initializing replication server with thread count = 10 queue length = 4096
2024-01-14 17:00:21,132 [main] INFO  server.XceiverServerGrpc (XceiverServerGrpc.java:<init>(141)) - GrpcServer channel type EpollServerSocketChannel
2024-01-14 17:00:21,133 [main] INFO  replication.ReplicationSupervisor (ReplicationSupervisor.java:build(163)) - Initializing replication supervisor with thread count = 10
2024-01-14 17:00:21,133 [main] INFO  replication.ReplicationSupervisor (ReplicationSupervisor.java:nodeStateUpdated(317)) - Node state updated to IN_SERVICE, scaling executor pool size to 10
2024-01-14 17:00:21,134 [main] INFO  http.BaseHttpServer (BaseHttpServer.java:newHttpServer2BuilderForOzone(223)) - Starting Web-server for hddsDatanode at: http://0.0.0.0:15365
2024-01-14 17:00:21,134 [main] INFO  http.BaseHttpServer (BaseHttpServer.java:<init>(110)) - Hadoop Security Enabled: false Ozone Security Enabled: false Ozone HTTP Security Enabled: false 
2024-01-14 17:00:21,135 [main] WARN  server.AuthenticationFilter (AuthenticationFilter.java:constructSecretProvider(240)) - Unable to initialize FileSignerSecretProvider, falling back to use random secrets. Reason: Could not read signature secret file: /home/runner/hadoop-http-auth-signature-secret
2024-01-14 17:00:21,135 [main] INFO  http.HttpRequestLog (HttpRequestLog.java:getRequestLog(86)) - Http request log for http.requests.hddsDatanode is not defined
2024-01-14 17:00:21,136 [main] INFO  http.HttpServer2 (HttpServer2.java:addGlobalFilter(1036)) - Added global filter 'safety' (class=org.apache.hadoop.hdds.server.http.HttpServer2$QuotingInputFilter)
2024-01-14 17:00:21,136 [main] INFO  http.HttpServer2 (HttpServer2.java:addFilter(1012)) - Added filter static_user_filter (class=org.apache.hadoop.http.lib.StaticUserWebFilter$StaticUserFilter) to context hddsDatanode
2024-01-14 17:00:21,137 [main] INFO  http.HttpServer2 (HttpServer2.java:addFilter(1020)) - Added filter static_user_filter (class=org.apache.hadoop.http.lib.StaticUserWebFilter$StaticUserFilter) to context logs
2024-01-14 17:00:21,137 [main] INFO  http.HttpServer2 (HttpServer2.java:addFilter(1020)) - Added filter static_user_filter (class=org.apache.hadoop.http.lib.StaticUserWebFilter$StaticUserFilter) to context static
2024-01-14 17:00:21,137 [main] INFO  http.BaseHttpServer (BaseHttpServer.java:<init>(189)) - HTTP server of hddsDatanode uses base directory /home/runner/work/ozone/ozone/hadoop-ozone/integration-test/target/test-dir/MiniOzoneClusterImpl-55f63948-b302-44a8-9a44-732f3ddcab57/datanode-0/meta/webserver
2024-01-14 17:00:21,137 [main] INFO  http.HttpServer2 (HttpServer2.java:bindListener(1236)) - Jetty bound to port 15365
2024-01-14 17:00:21,137 [main] INFO  server.Server (Server.java:doStart(375)) - jetty-9.4.53.v20231009; built: 2023-10-09T12:29:09.265Z; git: 27bde00a0b95a1d5bbee0eae7984f891d2d0f8c9; jvm 1.8.0_392-b08
2024-01-14 17:00:21,138 [main] INFO  server.session (DefaultSessionIdManager.java:doStart(334)) - DefaultSessionIdManager workerName=node0
2024-01-14 17:00:21,138 [main] INFO  server.session (DefaultSessionIdManager.java:doStart(339)) - No SessionScavenger set, using defaults
2024-01-14 17:00:21,138 [main] INFO  server.session (HouseKeeper.java:startScavenging(132)) - node0 Scavenging every 660000ms
2024-01-14 17:00:21,139 [main] INFO  handler.ContextHandler (ContextHandler.java:doStart(921)) - Started o.e.j.s.ServletContextHandler@411498f1{logs,/logs,file:///home/runner/work/ozone/ozone/hadoop-ozone/integration-test/target/log,AVAILABLE}
2024-01-14 17:00:21,139 [main] INFO  handler.ContextHandler (ContextHandler.java:doStart(921)) - Started o.e.j.s.ServletContextHandler@47e4aa8d{static,/static,jar:file:/home/runner/.m2/repository/org/apache/ozone/hdds-container-service/1.5.0-SNAPSHOT/hdds-container-service-1.5.0-SNAPSHOT.jar!/webapps/static,AVAILABLE}
2024-01-14 17:00:21,171 [main] INFO  handler.ContextHandler (ContextHandler.java:doStart(921)) - Started o.e.j.w.WebAppContext@360543e5{hddsDatanode,/,file:///home/runner/work/ozone/ozone/hadoop-ozone/integration-test/target/test-dir/MiniOzoneClusterImpl-55f63948-b302-44a8-9a44-732f3ddcab57/datanode-0/meta/webserver/jetty-0_0_0_0-15365-hdds-container-service-1_5_0-SNAPSHOT_jar-_-any-3813804890862530130/webapp/,AVAILABLE}{jar:file:/home/runner/.m2/repository/org/apache/ozone/hdds-container-service/1.5.0-SNAPSHOT/hdds-container-service-1.5.0-SNAPSHOT.jar!/webapps/hddsDatanode}
2024-01-14 17:00:21,172 [main] INFO  server.AbstractConnector (AbstractConnector.java:doStart(333)) - Started ServerConnector@24389d91{HTTP/1.1, (http/1.1)}{0.0.0.0:15365}
2024-01-14 17:00:21,173 [main] INFO  server.Server (Server.java:doStart(415)) - Started @140358ms
2024-01-14 17:00:21,173 [main] WARN  impl.MetricsSystemImpl (MetricsSystemImpl.java:register(279)) - Sink prometheus already exists!
2024-01-14 17:00:21,173 [main] INFO  http.BaseHttpServer (BaseHttpServer.java:updateConnectorAddress(354)) - HTTP server of hddsDatanode listening at http://0.0.0.0:15365
2024-01-14 17:00:21,174 [main] INFO  ipc.CallQueueManager (CallQueueManager.java:<init>(90)) - Using callQueue: class java.util.concurrent.LinkedBlockingQueue, queueCapacity: 100, scheduler: class org.apache.hadoop.ipc.DefaultRpcScheduler, ipcBackoff: false.
2024-01-14 17:00:21,174 [main] INFO  ipc.Server (Server.java:<init>(1287)) - Listener at 0.0.0.0:15366
2024-01-14 17:00:21,174 [Socket Reader #1 for port 15366] INFO  ipc.Server (Server.java:run(1323)) - Starting Socket Reader #1 for port 15366
2024-01-14 17:00:21,175 [main] INFO  ozone.HddsDatanodeService (HddsDatanodeService.java:start(324)) - Datanode start with admins: [runner]
2024-01-14 17:00:21,175 [main] INFO  ozone.HddsDatanodeClientProtocolServer (HddsDatanodeClientProtocolServer.java:start(72)) - RPC server for Client /0.0.0.0:15366
2024-01-14 17:00:21,176 [IPC Server Responder] INFO  ipc.Server (Server.java:run(1562)) - IPC Server Responder: starting
2024-01-14 17:00:21,176 [IPC Server listener on 15366] INFO  ipc.Server (Server.java:run(1402)) - IPC Server listener on 15366: starting
2024-01-14 17:00:21,177 [1aa467ca-1ad7-4ef6-8b7c-495b72f7048c-DatanodeStateMachineDaemonThread] INFO  statemachine.DatanodeStateMachine (DatanodeStateMachine.java:lambda$startDaemon$1(555)) - Ozone container server started.
2024-01-14 17:00:21,177 [main] WARN  dropwizard3.Dm3MetricRegistriesImpl (Dm3MetricRegistriesImpl.java:addReporterRegistration(113)) - New reporters are added after registries were created. Some metrics will be missing from the reporter. Please add reporter before adding any new registry.
2024-01-14 17:00:21,178 [main] WARN  dropwizard3.Dm3MetricRegistriesImpl (Dm3MetricRegistriesImpl.java:addReporterRegistration(113)) - New reporters are added after registries were created. Some metrics will be missing from the reporter. Please add reporter before adding any new registry.
2024-01-14 17:00:21,178 [main] INFO  impl.MetricsSystemImpl (MetricsSystemImpl.java:init(158)) - HddsDatanode metrics system started (again)
2024-01-14 17:00:21,181 [1aa467ca-1ad7-4ef6-8b7c-495b72f7048c-DatanodeStateMachineTaskThread-0] INFO  datanode.InitDatanodeState (InitDatanodeState.java:persistContainerDatanodeDetails(139)) - DatanodeDetails is persisted to /home/runner/work/ozone/ozone/hadoop-ozone/integration-test/target/test-dir/MiniOzoneClusterImpl-55f63948-b302-44a8-9a44-732f3ddcab57/datanode-0/meta/datanode.id
2024-01-14 17:00:21,187 [main] INFO  ozone.HddsDatanodeService (HddsDatanodeService.java:start(239)) - HddsDatanodeService host:fv-az1248-16.lhg1ljel1gwudbpqdk5ar2pfag.bx.internal.cloudapp.net ip:10.1.0.34
2024-01-14 17:00:21,202 [main] INFO  upgrade.AbstractLayoutVersionManager (AbstractLayoutVersionManager.java:init(83)) - Initializing Layout version manager with metadata layout = HADOOP_PRC_PORTS_IN_DATANODEDETAILS (version = 7), software layout = HADOOP_PRC_PORTS_IN_DATANODEDETAILS (version = 7)
2024-01-14 17:00:21,202 [main] INFO  statemachine.DatanodeStateMachine (DatanodeStateMachine.java:getEndPointTaskThreadPoolSize(299)) - Datanode State Machine Task Thread Pool size 2
2024-01-14 17:00:21,203 [main] INFO  volume.HddsVolume (HddsVolume.java:<init>(125)) - Creating HddsVolume: /home/runner/work/ozone/ozone/hadoop-ozone/integration-test/target/test-dir/MiniOzoneClusterImpl-55f63948-b302-44a8-9a44-732f3ddcab57/datanode-1/data-0/containers/hdds of storage type : DISK capacity : 9223372036854775807
2024-01-14 17:00:21,204 [main] INFO  volume.MutableVolumeSet (MutableVolumeSet.java:initializeVolumeSet(173)) - Added Volume : /home/runner/work/ozone/ozone/hadoop-ozone/integration-test/target/test-dir/MiniOzoneClusterImpl-55f63948-b302-44a8-9a44-732f3ddcab57/datanode-1/data-0/containers/hdds to VolumeSet
2024-01-14 17:00:21,204 [main] INFO  volume.MutableVolumeSet (MutableVolumeSet.java:initializeVolumeSet(173)) - Added Volume : /home/runner/work/ozone/ozone/hadoop-ozone/integration-test/target/test-dir/MiniOzoneClusterImpl-55f63948-b302-44a8-9a44-732f3ddcab57/datanode-1/data/ratis to VolumeSet
2024-01-14 17:00:21,205 [main] INFO  ozoneimpl.OzoneContainer (HddsVolumeUtil.java:loadAllHddsVolumeDbStore(103)) - Load 1 volumes DbStore cost: 0ms
2024-01-14 17:00:21,205 [b01583c4-e63d-4000-8651-5bd1da23191a-ContainerReader-0] INFO  ozoneimpl.ContainerReader (ContainerReader.java:readVolume(178)) - Finish verifying containers on volume /home/runner/work/ozone/ozone/hadoop-ozone/integration-test/target/test-dir/MiniOzoneClusterImpl-55f63948-b302-44a8-9a44-732f3ddcab57/datanode-1/data-0/containers/hdds
2024-01-14 17:00:21,205 [main] INFO  ozoneimpl.OzoneContainer (OzoneContainer.java:buildContainerSet(328)) - Build ContainerSet costs 0s
2024-01-14 17:00:21,207 [main] INFO  server.RaftServer (ConfUtils.java:logGet(46)) - raft.rpc.type = GRPC (default)
2024-01-14 17:00:21,207 [main] INFO  grpc.GrpcConfigKeys (ConfUtils.java:logFallback(53)) - raft.grpc.admin.host = null (fallback to raft.grpc.server.host)
2024-01-14 17:00:21,207 [main] INFO  grpc.GrpcConfigKeys (ConfUtils.java:logGet(46)) - raft.grpc.admin.port = 15378 (custom)
2024-01-14 17:00:21,208 [main] INFO  grpc.GrpcConfigKeys (ConfUtils.java:logFallback(53)) - raft.grpc.client.host = null (fallback to raft.grpc.server.host)
2024-01-14 17:00:21,208 [main] INFO  grpc.GrpcConfigKeys (ConfUtils.java:logGet(46)) - raft.grpc.client.port = 15377 (custom)
2024-01-14 17:00:21,208 [main] INFO  grpc.GrpcConfigKeys (ConfUtils.java:logGet(46)) - raft.grpc.server.host = null (default)
2024-01-14 17:00:21,208 [main] INFO  grpc.GrpcConfigKeys (ConfUtils.java:logGet(46)) - raft.grpc.server.port = 15379 (custom)
2024-01-14 17:00:21,208 [main] INFO  server.GrpcService (ConfUtils.java:logGet(46)) - raft.grpc.message.size.max = 32MB (=33554432) (custom)
2024-01-14 17:00:21,208 [main] INFO  server.RaftServerConfigKeys (ConfUtils.java:logGet(46)) - raft.server.log.appender.buffer.byte-limit = 8388608 (custom)
2024-01-14 17:00:21,209 [main] INFO  server.GrpcService (ConfUtils.java:logGet(46)) - raft.grpc.flow.control.window = 5MB (=5242880) (custom)
2024-01-14 17:00:21,209 [main] INFO  server.RaftServerConfigKeys (ConfUtils.java:logGet(46)) - raft.server.rpc.request.timeout = 3000ms (default)
2024-01-14 17:00:21,209 [main] INFO  grpc.GrpcConfigKeys (ConfUtils.java:logGet(46)) - raft.grpc.server.heartbeat.channel = true (default)
2024-01-14 17:00:21,209 [main] INFO  grpc.GrpcConfigKeys (ConfUtils.java:logGet(46)) - raft.grpc.server.async.request.thread.pool.cached = true (default)
2024-01-14 17:00:21,209 [main] INFO  grpc.GrpcConfigKeys (ConfUtils.java:logGet(46)) - raft.grpc.server.async.request.thread.pool.size = 32 (default)
2024-01-14 17:00:21,212 [main] INFO  impl.DataStreamServerImpl (ConfUtils.java:logGet(46)) - raft.datastream.type = NETTY (custom)
2024-01-14 17:00:21,212 [main] INFO  server.RaftServerConfigKeys (ConfUtils.java:logGet(46)) - raft.server.data-stream.async.request.thread.pool.cached = false (default)
2024-01-14 17:00:21,212 [main] INFO  server.RaftServerConfigKeys (ConfUtils.java:logGet(46)) - raft.server.data-stream.async.request.thread.pool.size = 20 (custom)
2024-01-14 17:00:21,212 [main] INFO  server.RaftServerConfigKeys (ConfUtils.java:logGet(46)) - raft.server.data-stream.async.write.thread.pool.size = 16 (default)
2024-01-14 17:00:21,213 [main] INFO  netty.NettyConfigKeys$DataStream (ConfUtils.java:logGet(46)) - raft.netty.dataStream.server.channel.inactive.grace-period = 10min (default)
2024-01-14 17:00:21,213 [main] INFO  server.RaftServerConfigKeys (ConfUtils.java:logGet(46)) - raft.server.data-stream.client.pool.size = 10 (default)
2024-01-14 17:00:21,213 [main] INFO  netty.NettyConfigKeys$DataStream (ConfUtils.java:logGet(46)) - raft.netty.dataStream.server.use-epoll = true (default)
2024-01-14 17:00:21,213 [main] INFO  netty.NettyConfigKeys$DataStream (ConfUtils.java:logGet(46)) - raft.netty.dataStream.server.boss-group.size = 0 (default)
2024-01-14 17:00:21,213 [main] INFO  netty.NettyUtils (NettyUtils.java:newEventLoopGroup(69)) - Create EpollEventLoopGroup for b01583c4-e63d-4000-8651-5bd1da23191a-NettyServerStreamRpc-bossGroup; Thread size is 0.
2024-01-14 17:00:21,213 [main] INFO  netty.NettyConfigKeys$DataStream (ConfUtils.java:logGet(46)) - raft.netty.dataStream.server.worker-group.size = 0 (default)
2024-01-14 17:00:21,214 [main] INFO  netty.NettyUtils (NettyUtils.java:newEventLoopGroup(69)) - Create EpollEventLoopGroup for b01583c4-e63d-4000-8651-5bd1da23191a-NettyServerStreamRpc-workerGroup; Thread size is 0.
2024-01-14 17:00:21,214 [main] INFO  netty.NettyConfigKeys$DataStream (ConfUtils.java:logGet(46)) - raft.netty.dataStream.server.tls.conf = null (default)
2024-01-14 17:00:21,214 [main] INFO  netty.NettyConfigKeys$DataStream (ConfUtils.java:logGet(46)) - raft.netty.dataStream.host = null (default)
2024-01-14 17:00:21,214 [main] INFO  netty.NettyConfigKeys$DataStream (ConfUtils.java:logGet(46)) - raft.netty.dataStream.port = 15380 (custom)
2024-01-14 17:00:21,214 [main] INFO  server.RaftServerConfigKeys (ConfUtils.java:logGet(46)) - raft.server.sleep.deviation.threshold = 300ms (default)
2024-01-14 17:00:21,214 [b01583c4-e63d-4000-8651-5bd1da23191a-NettyServerStreamRpc-bossGroup--thread1] INFO  logging.LoggingHandler (AbstractInternalLogger.java:log(148)) - [id: 0x2da07bc4] REGISTERED
2024-01-14 17:00:21,214 [main] INFO  server.RaftServerConfigKeys (ConfUtils.java:logGet(46)) - raft.server.close.threshold = 60s (default)
2024-01-14 17:00:21,215 [b01583c4-e63d-4000-8651-5bd1da23191a-NettyServerStreamRpc-bossGroup--thread1] INFO  logging.LoggingHandler (AbstractInternalLogger.java:log(148)) - [id: 0x2da07bc4] BIND: 0.0.0.0/0.0.0.0:15380
2024-01-14 17:00:21,215 [main] INFO  server.RaftServerConfigKeys (ConfUtils.java:logGet(46)) - raft.server.leaderelection.leader.step-down.wait-time = 10s (default)
2024-01-14 17:00:21,215 [b01583c4-e63d-4000-8651-5bd1da23191a-NettyServerStreamRpc-bossGroup--thread1] INFO  logging.LoggingHandler (AbstractInternalLogger.java:log(148)) - [id: 0x2da07bc4, L:/0.0.0.0:15380] ACTIVE
2024-01-14 17:00:21,215 [main] INFO  server.RaftServerConfigKeys (ConfUtils.java:logGet(46)) - raft.server.storage.dir = [/home/runner/work/ozone/ozone/hadoop-ozone/integration-test/target/test-dir/MiniOzoneClusterImpl-55f63948-b302-44a8-9a44-732f3ddcab57/datanode-1/data/ratis] (custom)
2024-01-14 17:00:21,215 [main] INFO  server.RaftServerConfigKeys (ConfUtils.java:logGet(46)) - raft.server.threadpool.proxy.cached = true (default)
2024-01-14 17:00:21,215 [main] INFO  server.RaftServerConfigKeys (ConfUtils.java:logGet(46)) - raft.server.threadpool.proxy.size = 0 (default)
2024-01-14 17:00:21,216 [b01583c4-e63d-4000-8651-5bd1da23191a-impl-thread1] INFO  server.RaftServer (RaftServerProxy.java:initGroupDir(264)) - b01583c4-e63d-4000-8651-5bd1da23191a: found a subdirectory /home/runner/work/ozone/ozone/hadoop-ozone/integration-test/target/test-dir/MiniOzoneClusterImpl-55f63948-b302-44a8-9a44-732f3ddcab57/datanode-1/data/ratis/tmp
2024-01-14 17:00:21,216 [b01583c4-e63d-4000-8651-5bd1da23191a-impl-thread1] INFO  server.RaftServer (RaftServerProxy.java:initGroupDir(269)) - b01583c4-e63d-4000-8651-5bd1da23191a: The directory /home/runner/work/ozone/ozone/hadoop-ozone/integration-test/target/test-dir/MiniOzoneClusterImpl-55f63948-b302-44a8-9a44-732f3ddcab57/datanode-1/data/ratis/tmp is not a group directory; ignoring it. 
2024-01-14 17:00:21,216 [main] INFO  replication.ReplicationServer (ReplicationServer.java:<init>(85)) - Initializing replication server with thread count = 10 queue length = 4096
2024-01-14 17:00:21,216 [main] INFO  server.XceiverServerGrpc (XceiverServerGrpc.java:<init>(141)) - GrpcServer channel type EpollServerSocketChannel
2024-01-14 17:00:21,217 [main] INFO  replication.ReplicationSupervisor (ReplicationSupervisor.java:build(163)) - Initializing replication supervisor with thread count = 10
2024-01-14 17:00:21,217 [main] INFO  replication.ReplicationSupervisor (ReplicationSupervisor.java:nodeStateUpdated(317)) - Node state updated to IN_SERVICE, scaling executor pool size to 10
2024-01-14 17:00:21,219 [main] INFO  http.BaseHttpServer (BaseHttpServer.java:newHttpServer2BuilderForOzone(223)) - Starting Web-server for hddsDatanode at: http://0.0.0.0:15374
2024-01-14 17:00:21,219 [main] INFO  http.BaseHttpServer (BaseHttpServer.java:<init>(110)) - Hadoop Security Enabled: false Ozone Security Enabled: false Ozone HTTP Security Enabled: false 
2024-01-14 17:00:21,219 [main] WARN  server.AuthenticationFilter (AuthenticationFilter.java:constructSecretProvider(240)) - Unable to initialize FileSignerSecretProvider, falling back to use random secrets. Reason: Could not read signature secret file: /home/runner/hadoop-http-auth-signature-secret
2024-01-14 17:00:21,220 [main] INFO  http.HttpRequestLog (HttpRequestLog.java:getRequestLog(86)) - Http request log for http.requests.hddsDatanode is not defined
2024-01-14 17:00:21,220 [main] INFO  http.HttpServer2 (HttpServer2.java:addGlobalFilter(1036)) - Added global filter 'safety' (class=org.apache.hadoop.hdds.server.http.HttpServer2$QuotingInputFilter)
2024-01-14 17:00:21,221 [main] INFO  http.HttpServer2 (HttpServer2.java:addFilter(1012)) - Added filter static_user_filter (class=org.apache.hadoop.http.lib.StaticUserWebFilter$StaticUserFilter) to context hddsDatanode
2024-01-14 17:00:21,221 [main] INFO  http.HttpServer2 (HttpServer2.java:addFilter(1020)) - Added filter static_user_filter (class=org.apache.hadoop.http.lib.StaticUserWebFilter$StaticUserFilter) to context static
2024-01-14 17:00:21,221 [main] INFO  http.HttpServer2 (HttpServer2.java:addFilter(1020)) - Added filter static_user_filter (class=org.apache.hadoop.http.lib.StaticUserWebFilter$StaticUserFilter) to context logs
2024-01-14 17:00:21,221 [main] INFO  http.BaseHttpServer (BaseHttpServer.java:<init>(189)) - HTTP server of hddsDatanode uses base directory /home/runner/work/ozone/ozone/hadoop-ozone/integration-test/target/test-dir/MiniOzoneClusterImpl-55f63948-b302-44a8-9a44-732f3ddcab57/datanode-1/meta/webserver
2024-01-14 17:00:21,221 [main] INFO  http.HttpServer2 (HttpServer2.java:bindListener(1236)) - Jetty bound to port 15374
2024-01-14 17:00:21,221 [main] INFO  server.Server (Server.java:doStart(375)) - jetty-9.4.53.v20231009; built: 2023-10-09T12:29:09.265Z; git: 27bde00a0b95a1d5bbee0eae7984f891d2d0f8c9; jvm 1.8.0_392-b08
2024-01-14 17:00:21,222 [main] INFO  server.session (DefaultSessionIdManager.java:doStart(334)) - DefaultSessionIdManager workerName=node0
2024-01-14 17:00:21,222 [main] INFO  server.session (DefaultSessionIdManager.java:doStart(339)) - No SessionScavenger set, using defaults
2024-01-14 17:00:21,223 [main] INFO  server.session (HouseKeeper.java:startScavenging(132)) - node0 Scavenging every 600000ms
2024-01-14 17:00:21,223 [main] INFO  handler.ContextHandler (ContextHandler.java:doStart(921)) - Started o.e.j.s.ServletContextHandler@587d9280{logs,/logs,file:///home/runner/work/ozone/ozone/hadoop-ozone/integration-test/target/log,AVAILABLE}
2024-01-14 17:00:21,223 [main] INFO  handler.ContextHandler (ContextHandler.java:doStart(921)) - Started o.e.j.s.ServletContextHandler@3358e940{static,/static,jar:file:/home/runner/.m2/repository/org/apache/ozone/hdds-container-service/1.5.0-SNAPSHOT/hdds-container-service-1.5.0-SNAPSHOT.jar!/webapps/static,AVAILABLE}
2024-01-14 17:00:21,254 [main] INFO  handler.ContextHandler (ContextHandler.java:doStart(921)) - Started o.e.j.w.WebAppContext@72cb851f{hddsDatanode,/,file:///home/runner/work/ozone/ozone/hadoop-ozone/integration-test/target/test-dir/MiniOzoneClusterImpl-55f63948-b302-44a8-9a44-732f3ddcab57/datanode-1/meta/webserver/jetty-0_0_0_0-15374-hdds-container-service-1_5_0-SNAPSHOT_jar-_-any-3357358642695375600/webapp/,AVAILABLE}{jar:file:/home/runner/.m2/repository/org/apache/ozone/hdds-container-service/1.5.0-SNAPSHOT/hdds-container-service-1.5.0-SNAPSHOT.jar!/webapps/hddsDatanode}
2024-01-14 17:00:21,256 [main] INFO  server.AbstractConnector (AbstractConnector.java:doStart(333)) - Started ServerConnector@30335643{HTTP/1.1, (http/1.1)}{0.0.0.0:15374}
2024-01-14 17:00:21,256 [main] INFO  server.Server (Server.java:doStart(415)) - Started @140441ms
2024-01-14 17:00:21,256 [main] WARN  impl.MetricsSystemImpl (MetricsSystemImpl.java:register(279)) - Sink prometheus already exists!
2024-01-14 17:00:21,257 [main] INFO  http.BaseHttpServer (BaseHttpServer.java:updateConnectorAddress(354)) - HTTP server of hddsDatanode listening at http://0.0.0.0:15374
2024-01-14 17:00:21,257 [main] INFO  ipc.CallQueueManager (CallQueueManager.java:<init>(90)) - Using callQueue: class java.util.concurrent.LinkedBlockingQueue, queueCapacity: 100, scheduler: class org.apache.hadoop.ipc.DefaultRpcScheduler, ipcBackoff: false.
2024-01-14 17:00:21,257 [main] INFO  ipc.Server (Server.java:<init>(1287)) - Listener at 0.0.0.0:15375
2024-01-14 17:00:21,258 [Socket Reader #1 for port 15375] INFO  ipc.Server (Server.java:run(1323)) - Starting Socket Reader #1 for port 15375
2024-01-14 17:00:21,262 [main] INFO  ozone.HddsDatanodeService (HddsDatanodeService.java:start(324)) - Datanode start with admins: [runner]
2024-01-14 17:00:21,262 [main] INFO  ozone.HddsDatanodeClientProtocolServer (HddsDatanodeClientProtocolServer.java:start(72)) - RPC server for Client /0.0.0.0:15375
2024-01-14 17:00:21,264 [IPC Server Responder] INFO  ipc.Server (Server.java:run(1562)) - IPC Server Responder: starting
2024-01-14 17:00:21,264 [IPC Server listener on 15375] INFO  ipc.Server (Server.java:run(1402)) - IPC Server listener on 15375: starting
2024-01-14 17:00:21,265 [b01583c4-e63d-4000-8651-5bd1da23191a-DatanodeStateMachineDaemonThread] INFO  statemachine.DatanodeStateMachine (DatanodeStateMachine.java:lambda$startDaemon$1(555)) - Ozone container server started.
2024-01-14 17:00:21,265 [main] WARN  dropwizard3.Dm3MetricRegistriesImpl (Dm3MetricRegistriesImpl.java:addReporterRegistration(113)) - New reporters are added after registries were created. Some metrics will be missing from the reporter. Please add reporter before adding any new registry.
2024-01-14 17:00:21,266 [main] WARN  dropwizard3.Dm3MetricRegistriesImpl (Dm3MetricRegistriesImpl.java:addReporterRegistration(113)) - New reporters are added after registries were created. Some metrics will be missing from the reporter. Please add reporter before adding any new registry.
2024-01-14 17:00:21,266 [main] INFO  impl.MetricsSystemImpl (MetricsSystemImpl.java:init(158)) - HddsDatanode metrics system started (again)
2024-01-14 17:00:21,268 [b01583c4-e63d-4000-8651-5bd1da23191a-DatanodeStateMachineTaskThread-0] INFO  datanode.InitDatanodeState (InitDatanodeState.java:persistContainerDatanodeDetails(139)) - DatanodeDetails is persisted to /home/runner/work/ozone/ozone/hadoop-ozone/integration-test/target/test-dir/MiniOzoneClusterImpl-55f63948-b302-44a8-9a44-732f3ddcab57/datanode-1/meta/datanode.id
2024-01-14 17:00:21,274 [main] INFO  ozone.HddsDatanodeService (HddsDatanodeService.java:start(239)) - HddsDatanodeService host:fv-az1248-16.lhg1ljel1gwudbpqdk5ar2pfag.bx.internal.cloudapp.net ip:10.1.0.34
2024-01-14 17:00:21,290 [main] INFO  upgrade.AbstractLayoutVersionManager (AbstractLayoutVersionManager.java:init(83)) - Initializing Layout version manager with metadata layout = HADOOP_PRC_PORTS_IN_DATANODEDETAILS (version = 7), software layout = HADOOP_PRC_PORTS_IN_DATANODEDETAILS (version = 7)
2024-01-14 17:00:21,290 [main] INFO  statemachine.DatanodeStateMachine (DatanodeStateMachine.java:getEndPointTaskThreadPoolSize(299)) - Datanode State Machine Task Thread Pool size 2
2024-01-14 17:00:21,291 [main] INFO  volume.HddsVolume (HddsVolume.java:<init>(125)) - Creating HddsVolume: /home/runner/work/ozone/ozone/hadoop-ozone/integration-test/target/test-dir/MiniOzoneClusterImpl-55f63948-b302-44a8-9a44-732f3ddcab57/datanode-2/data-0/containers/hdds of storage type : DISK capacity : 9223372036854775807
2024-01-14 17:00:21,291 [main] INFO  volume.MutableVolumeSet (MutableVolumeSet.java:initializeVolumeSet(173)) - Added Volume : /home/runner/work/ozone/ozone/hadoop-ozone/integration-test/target/test-dir/MiniOzoneClusterImpl-55f63948-b302-44a8-9a44-732f3ddcab57/datanode-2/data-0/containers/hdds to VolumeSet
2024-01-14 17:00:21,292 [main] INFO  volume.MutableVolumeSet (MutableVolumeSet.java:initializeVolumeSet(173)) - Added Volume : /home/runner/work/ozone/ozone/hadoop-ozone/integration-test/target/test-dir/MiniOzoneClusterImpl-55f63948-b302-44a8-9a44-732f3ddcab57/datanode-2/data/ratis to VolumeSet
2024-01-14 17:00:21,292 [main] INFO  ozoneimpl.OzoneContainer (HddsVolumeUtil.java:loadAllHddsVolumeDbStore(103)) - Load 1 volumes DbStore cost: 0ms
2024-01-14 17:00:21,292 [aebecd85-982d-4af9-9ab4-e47392631af6-ContainerReader-0] INFO  ozoneimpl.ContainerReader (ContainerReader.java:readVolume(178)) - Finish verifying containers on volume /home/runner/work/ozone/ozone/hadoop-ozone/integration-test/target/test-dir/MiniOzoneClusterImpl-55f63948-b302-44a8-9a44-732f3ddcab57/datanode-2/data-0/containers/hdds
2024-01-14 17:00:21,292 [main] INFO  ozoneimpl.OzoneContainer (OzoneContainer.java:buildContainerSet(328)) - Build ContainerSet costs 0s
2024-01-14 17:00:21,293 [main] INFO  server.RaftServer (ConfUtils.java:logGet(46)) - raft.rpc.type = GRPC (default)
2024-01-14 17:00:21,294 [main] INFO  grpc.GrpcConfigKeys (ConfUtils.java:logFallback(53)) - raft.grpc.admin.host = null (fallback to raft.grpc.server.host)
2024-01-14 17:00:21,294 [main] INFO  grpc.GrpcConfigKeys (ConfUtils.java:logGet(46)) - raft.grpc.admin.port = 15387 (custom)
2024-01-14 17:00:21,294 [main] INFO  grpc.GrpcConfigKeys (ConfUtils.java:logFallback(53)) - raft.grpc.client.host = null (fallback to raft.grpc.server.host)
2024-01-14 17:00:21,294 [main] INFO  grpc.GrpcConfigKeys (ConfUtils.java:logGet(46)) - raft.grpc.client.port = 15386 (custom)
2024-01-14 17:00:21,294 [main] INFO  grpc.GrpcConfigKeys (ConfUtils.java:logGet(46)) - raft.grpc.server.host = null (default)
2024-01-14 17:00:21,294 [main] INFO  grpc.GrpcConfigKeys (ConfUtils.java:logGet(46)) - raft.grpc.server.port = 15388 (custom)
2024-01-14 17:00:21,294 [main] INFO  server.GrpcService (ConfUtils.java:logGet(46)) - raft.grpc.message.size.max = 32MB (=33554432) (custom)
2024-01-14 17:00:21,294 [main] INFO  server.RaftServerConfigKeys (ConfUtils.java:logGet(46)) - raft.server.log.appender.buffer.byte-limit = 8388608 (custom)
2024-01-14 17:00:21,294 [main] INFO  server.GrpcService (ConfUtils.java:logGet(46)) - raft.grpc.flow.control.window = 5MB (=5242880) (custom)
2024-01-14 17:00:21,294 [main] INFO  server.RaftServerConfigKeys (ConfUtils.java:logGet(46)) - raft.server.rpc.request.timeout = 3000ms (default)
2024-01-14 17:00:21,295 [main] INFO  grpc.GrpcConfigKeys (ConfUtils.java:logGet(46)) - raft.grpc.server.heartbeat.channel = true (default)
2024-01-14 17:00:21,295 [main] INFO  grpc.GrpcConfigKeys (ConfUtils.java:logGet(46)) - raft.grpc.server.async.request.thread.pool.cached = true (default)
2024-01-14 17:00:21,295 [main] INFO  grpc.GrpcConfigKeys (ConfUtils.java:logGet(46)) - raft.grpc.server.async.request.thread.pool.size = 32 (default)
2024-01-14 17:00:21,296 [main] INFO  impl.DataStreamServerImpl (ConfUtils.java:logGet(46)) - raft.datastream.type = NETTY (custom)
2024-01-14 17:00:21,296 [main] INFO  server.RaftServerConfigKeys (ConfUtils.java:logGet(46)) - raft.server.data-stream.async.request.thread.pool.cached = false (default)
2024-01-14 17:00:21,297 [main] INFO  server.RaftServerConfigKeys (ConfUtils.java:logGet(46)) - raft.server.data-stream.async.request.thread.pool.size = 20 (custom)
2024-01-14 17:00:21,297 [main] INFO  server.RaftServerConfigKeys (ConfUtils.java:logGet(46)) - raft.server.data-stream.async.write.thread.pool.size = 16 (default)
2024-01-14 17:00:21,297 [main] INFO  netty.NettyConfigKeys$DataStream (ConfUtils.java:logGet(46)) - raft.netty.dataStream.server.channel.inactive.grace-period = 10min (default)
2024-01-14 17:00:21,297 [main] INFO  server.RaftServerConfigKeys (ConfUtils.java:logGet(46)) - raft.server.data-stream.client.pool.size = 10 (default)
2024-01-14 17:00:21,297 [main] INFO  netty.NettyConfigKeys$DataStream (ConfUtils.java:logGet(46)) - raft.netty.dataStream.server.use-epoll = true (default)
2024-01-14 17:00:21,297 [main] INFO  netty.NettyConfigKeys$DataStream (ConfUtils.java:logGet(46)) - raft.netty.dataStream.server.boss-group.size = 0 (default)
2024-01-14 17:00:21,297 [main] INFO  netty.NettyUtils (NettyUtils.java:newEventLoopGroup(69)) - Create EpollEventLoopGroup for aebecd85-982d-4af9-9ab4-e47392631af6-NettyServerStreamRpc-bossGroup; Thread size is 0.
2024-01-14 17:00:21,298 [main] INFO  netty.NettyConfigKeys$DataStream (ConfUtils.java:logGet(46)) - raft.netty.dataStream.server.worker-group.size = 0 (default)
2024-01-14 17:00:21,298 [main] INFO  netty.NettyUtils (NettyUtils.java:newEventLoopGroup(69)) - Create EpollEventLoopGroup for aebecd85-982d-4af9-9ab4-e47392631af6-NettyServerStreamRpc-workerGroup; Thread size is 0.
2024-01-14 17:00:21,298 [main] INFO  netty.NettyConfigKeys$DataStream (ConfUtils.java:logGet(46)) - raft.netty.dataStream.server.tls.conf = null (default)
2024-01-14 17:00:21,298 [main] INFO  netty.NettyConfigKeys$DataStream (ConfUtils.java:logGet(46)) - raft.netty.dataStream.host = null (default)
2024-01-14 17:00:21,298 [main] INFO  netty.NettyConfigKeys$DataStream (ConfUtils.java:logGet(46)) - raft.netty.dataStream.port = 15389 (custom)
2024-01-14 17:00:21,298 [main] INFO  server.RaftServerConfigKeys (ConfUtils.java:logGet(46)) - raft.server.sleep.deviation.threshold = 300ms (default)
2024-01-14 17:00:21,299 [aebecd85-982d-4af9-9ab4-e47392631af6-NettyServerStreamRpc-bossGroup--thread1] INFO  logging.LoggingHandler (AbstractInternalLogger.java:log(148)) - [id: 0x83a899cc] REGISTERED
2024-01-14 17:00:21,299 [main] INFO  server.RaftServerConfigKeys (ConfUtils.java:logGet(46)) - raft.server.close.threshold = 60s (default)
2024-01-14 17:00:21,299 [aebecd85-982d-4af9-9ab4-e47392631af6-NettyServerStreamRpc-bossGroup--thread1] INFO  logging.LoggingHandler (AbstractInternalLogger.java:log(148)) - [id: 0x83a899cc] BIND: 0.0.0.0/0.0.0.0:15389
2024-01-14 17:00:21,299 [main] INFO  server.RaftServerConfigKeys (ConfUtils.java:logGet(46)) - raft.server.leaderelection.leader.step-down.wait-time = 10s (default)
2024-01-14 17:00:21,299 [aebecd85-982d-4af9-9ab4-e47392631af6-NettyServerStreamRpc-bossGroup--thread1] INFO  logging.LoggingHandler (AbstractInternalLogger.java:log(148)) - [id: 0x83a899cc, L:/0.0.0.0:15389] ACTIVE
2024-01-14 17:00:21,299 [main] INFO  server.RaftServerConfigKeys (ConfUtils.java:logGet(46)) - raft.server.storage.dir = [/home/runner/work/ozone/ozone/hadoop-ozone/integration-test/target/test-dir/MiniOzoneClusterImpl-55f63948-b302-44a8-9a44-732f3ddcab57/datanode-2/data/ratis] (custom)
2024-01-14 17:00:21,299 [main] INFO  server.RaftServerConfigKeys (ConfUtils.java:logGet(46)) - raft.server.threadpool.proxy.cached = true (default)
2024-01-14 17:00:21,299 [main] INFO  server.RaftServerConfigKeys (ConfUtils.java:logGet(46)) - raft.server.threadpool.proxy.size = 0 (default)
2024-01-14 17:00:21,300 [aebecd85-982d-4af9-9ab4-e47392631af6-impl-thread1] INFO  server.RaftServer (RaftServerProxy.java:initGroupDir(264)) - aebecd85-982d-4af9-9ab4-e47392631af6: found a subdirectory /home/runner/work/ozone/ozone/hadoop-ozone/integration-test/target/test-dir/MiniOzoneClusterImpl-55f63948-b302-44a8-9a44-732f3ddcab57/datanode-2/data/ratis/tmp
2024-01-14 17:00:21,300 [aebecd85-982d-4af9-9ab4-e47392631af6-impl-thread1] INFO  server.RaftServer (RaftServerProxy.java:initGroupDir(269)) - aebecd85-982d-4af9-9ab4-e47392631af6: The directory /home/runner/work/ozone/ozone/hadoop-ozone/integration-test/target/test-dir/MiniOzoneClusterImpl-55f63948-b302-44a8-9a44-732f3ddcab57/datanode-2/data/ratis/tmp is not a group directory; ignoring it. 
2024-01-14 17:00:21,300 [main] INFO  replication.ReplicationServer (ReplicationServer.java:<init>(85)) - Initializing replication server with thread count = 10 queue length = 4096
2024-01-14 17:00:21,300 [main] INFO  server.XceiverServerGrpc (XceiverServerGrpc.java:<init>(141)) - GrpcServer channel type EpollServerSocketChannel
2024-01-14 17:00:21,302 [main] INFO  replication.ReplicationSupervisor (ReplicationSupervisor.java:build(163)) - Initializing replication supervisor with thread count = 10
2024-01-14 17:00:21,302 [main] INFO  replication.ReplicationSupervisor (ReplicationSupervisor.java:nodeStateUpdated(317)) - Node state updated to IN_SERVICE, scaling executor pool size to 10
2024-01-14 17:00:21,303 [main] INFO  http.BaseHttpServer (BaseHttpServer.java:newHttpServer2BuilderForOzone(223)) - Starting Web-server for hddsDatanode at: http://0.0.0.0:15383
2024-01-14 17:00:21,303 [main] INFO  http.BaseHttpServer (BaseHttpServer.java:<init>(110)) - Hadoop Security Enabled: false Ozone Security Enabled: false Ozone HTTP Security Enabled: false 
2024-01-14 17:00:21,304 [main] WARN  server.AuthenticationFilter (AuthenticationFilter.java:constructSecretProvider(240)) - Unable to initialize FileSignerSecretProvider, falling back to use random secrets. Reason: Could not read signature secret file: /home/runner/hadoop-http-auth-signature-secret
2024-01-14 17:00:21,304 [main] INFO  http.HttpRequestLog (HttpRequestLog.java:getRequestLog(86)) - Http request log for http.requests.hddsDatanode is not defined
2024-01-14 17:00:21,305 [main] INFO  http.HttpServer2 (HttpServer2.java:addGlobalFilter(1036)) - Added global filter 'safety' (class=org.apache.hadoop.hdds.server.http.HttpServer2$QuotingInputFilter)
2024-01-14 17:00:21,305 [main] INFO  http.HttpServer2 (HttpServer2.java:addFilter(1012)) - Added filter static_user_filter (class=org.apache.hadoop.http.lib.StaticUserWebFilter$StaticUserFilter) to context hddsDatanode
2024-01-14 17:00:21,305 [main] INFO  http.HttpServer2 (HttpServer2.java:addFilter(1020)) - Added filter static_user_filter (class=org.apache.hadoop.http.lib.StaticUserWebFilter$StaticUserFilter) to context logs
2024-01-14 17:00:21,305 [main] INFO  http.HttpServer2 (HttpServer2.java:addFilter(1020)) - Added filter static_user_filter (class=org.apache.hadoop.http.lib.StaticUserWebFilter$StaticUserFilter) to context static
2024-01-14 17:00:21,305 [main] INFO  http.BaseHttpServer (BaseHttpServer.java:<init>(189)) - HTTP server of hddsDatanode uses base directory /home/runner/work/ozone/ozone/hadoop-ozone/integration-test/target/test-dir/MiniOzoneClusterImpl-55f63948-b302-44a8-9a44-732f3ddcab57/datanode-2/meta/webserver
2024-01-14 17:00:21,305 [main] INFO  http.HttpServer2 (HttpServer2.java:bindListener(1236)) - Jetty bound to port 15383
2024-01-14 17:00:21,306 [main] INFO  server.Server (Server.java:doStart(375)) - jetty-9.4.53.v20231009; built: 2023-10-09T12:29:09.265Z; git: 27bde00a0b95a1d5bbee0eae7984f891d2d0f8c9; jvm 1.8.0_392-b08
2024-01-14 17:00:21,306 [main] INFO  server.session (DefaultSessionIdManager.java:doStart(334)) - DefaultSessionIdManager workerName=node0
2024-01-14 17:00:21,306 [main] INFO  server.session (DefaultSessionIdManager.java:doStart(339)) - No SessionScavenger set, using defaults
2024-01-14 17:00:21,306 [main] INFO  server.session (HouseKeeper.java:startScavenging(132)) - node0 Scavenging every 660000ms
2024-01-14 17:00:21,307 [main] INFO  handler.ContextHandler (ContextHandler.java:doStart(921)) - Started o.e.j.s.ServletContextHandler@43d2a216{logs,/logs,file:///home/runner/work/ozone/ozone/hadoop-ozone/integration-test/target/log,AVAILABLE}
2024-01-14 17:00:21,307 [main] INFO  handler.ContextHandler (ContextHandler.java:doStart(921)) - Started o.e.j.s.ServletContextHandler@6e293f0e{static,/static,jar:file:/home/runner/.m2/repository/org/apache/ozone/hdds-container-service/1.5.0-SNAPSHOT/hdds-container-service-1.5.0-SNAPSHOT.jar!/webapps/static,AVAILABLE}
2024-01-14 17:00:21,338 [main] INFO  handler.ContextHandler (ContextHandler.java:doStart(921)) - Started o.e.j.w.WebAppContext@65df770a{hddsDatanode,/,file:///home/runner/work/ozone/ozone/hadoop-ozone/integration-test/target/test-dir/MiniOzoneClusterImpl-55f63948-b302-44a8-9a44-732f3ddcab57/datanode-2/meta/webserver/jetty-0_0_0_0-15383-hdds-container-service-1_5_0-SNAPSHOT_jar-_-any-2873611714523540116/webapp/,AVAILABLE}{jar:file:/home/runner/.m2/repository/org/apache/ozone/hdds-container-service/1.5.0-SNAPSHOT/hdds-container-service-1.5.0-SNAPSHOT.jar!/webapps/hddsDatanode}
2024-01-14 17:00:21,344 [main] INFO  server.AbstractConnector (AbstractConnector.java:doStart(333)) - Started ServerConnector@1e62b07c{HTTP/1.1, (http/1.1)}{0.0.0.0:15383}
2024-01-14 17:00:21,344 [main] INFO  server.Server (Server.java:doStart(415)) - Started @140529ms
2024-01-14 17:00:21,344 [main] WARN  impl.MetricsSystemImpl (MetricsSystemImpl.java:register(279)) - Sink prometheus already exists!
2024-01-14 17:00:21,345 [main] INFO  http.BaseHttpServer (BaseHttpServer.java:updateConnectorAddress(354)) - HTTP server of hddsDatanode listening at http://0.0.0.0:15383
2024-01-14 17:00:21,345 [main] INFO  ipc.CallQueueManager (CallQueueManager.java:<init>(90)) - Using callQueue: class java.util.concurrent.LinkedBlockingQueue, queueCapacity: 100, scheduler: class org.apache.hadoop.ipc.DefaultRpcScheduler, ipcBackoff: false.
2024-01-14 17:00:21,345 [main] INFO  ipc.Server (Server.java:<init>(1287)) - Listener at 0.0.0.0:15384
2024-01-14 17:00:21,345 [Socket Reader #1 for port 15384] INFO  ipc.Server (Server.java:run(1323)) - Starting Socket Reader #1 for port 15384
2024-01-14 17:00:21,349 [main] INFO  ozone.HddsDatanodeService (HddsDatanodeService.java:start(324)) - Datanode start with admins: [runner]
2024-01-14 17:00:21,349 [main] INFO  ozone.HddsDatanodeClientProtocolServer (HddsDatanodeClientProtocolServer.java:start(72)) - RPC server for Client /0.0.0.0:15384
2024-01-14 17:00:21,349 [IPC Server Responder] INFO  ipc.Server (Server.java:run(1562)) - IPC Server Responder: starting
2024-01-14 17:00:21,349 [IPC Server listener on 15384] INFO  ipc.Server (Server.java:run(1402)) - IPC Server listener on 15384: starting
2024-01-14 17:00:21,350 [aebecd85-982d-4af9-9ab4-e47392631af6-DatanodeStateMachineDaemonThread] INFO  statemachine.DatanodeStateMachine (DatanodeStateMachine.java:lambda$startDaemon$1(555)) - Ozone container server started.
2024-01-14 17:00:21,353 [main] WARN  dropwizard3.Dm3MetricRegistriesImpl (Dm3MetricRegistriesImpl.java:addReporterRegistration(113)) - New reporters are added after registries were created. Some metrics will be missing from the reporter. Please add reporter before adding any new registry.
2024-01-14 17:00:21,355 [main] WARN  dropwizard3.Dm3MetricRegistriesImpl (Dm3MetricRegistriesImpl.java:addReporterRegistration(113)) - New reporters are added after registries were created. Some metrics will be missing from the reporter. Please add reporter before adding any new registry.
2024-01-14 17:00:21,355 [main] INFO  impl.MetricsSystemImpl (MetricsSystemImpl.java:init(158)) - HddsDatanode metrics system started (again)
2024-01-14 17:00:21,357 [aebecd85-982d-4af9-9ab4-e47392631af6-DatanodeStateMachineTaskThread-0] INFO  datanode.InitDatanodeState (InitDatanodeState.java:persistContainerDatanodeDetails(139)) - DatanodeDetails is persisted to /home/runner/work/ozone/ozone/hadoop-ozone/integration-test/target/test-dir/MiniOzoneClusterImpl-55f63948-b302-44a8-9a44-732f3ddcab57/datanode-2/meta/datanode.id
2024-01-14 17:00:21,364 [main] INFO  ozone.HddsDatanodeService (HddsDatanodeService.java:start(239)) - HddsDatanodeService host:fv-az1248-16.lhg1ljel1gwudbpqdk5ar2pfag.bx.internal.cloudapp.net ip:10.1.0.34
2024-01-14 17:00:21,380 [main] INFO  upgrade.AbstractLayoutVersionManager (AbstractLayoutVersionManager.java:init(83)) - Initializing Layout version manager with metadata layout = HADOOP_PRC_PORTS_IN_DATANODEDETAILS (version = 7), software layout = HADOOP_PRC_PORTS_IN_DATANODEDETAILS (version = 7)
2024-01-14 17:00:21,380 [main] INFO  statemachine.DatanodeStateMachine (DatanodeStateMachine.java:getEndPointTaskThreadPoolSize(299)) - Datanode State Machine Task Thread Pool size 2
2024-01-14 17:00:21,381 [main] INFO  volume.HddsVolume (HddsVolume.java:<init>(125)) - Creating HddsVolume: /home/runner/work/ozone/ozone/hadoop-ozone/integration-test/target/test-dir/MiniOzoneClusterImpl-55f63948-b302-44a8-9a44-732f3ddcab57/datanode-3/data-0/containers/hdds of storage type : DISK capacity : 9223372036854775807
2024-01-14 17:00:21,381 [main] INFO  volume.MutableVolumeSet (MutableVolumeSet.java:initializeVolumeSet(173)) - Added Volume : /home/runner/work/ozone/ozone/hadoop-ozone/integration-test/target/test-dir/MiniOzoneClusterImpl-55f63948-b302-44a8-9a44-732f3ddcab57/datanode-3/data-0/containers/hdds to VolumeSet
2024-01-14 17:00:21,382 [main] INFO  volume.MutableVolumeSet (MutableVolumeSet.java:initializeVolumeSet(173)) - Added Volume : /home/runner/work/ozone/ozone/hadoop-ozone/integration-test/target/test-dir/MiniOzoneClusterImpl-55f63948-b302-44a8-9a44-732f3ddcab57/datanode-3/data/ratis to VolumeSet
2024-01-14 17:00:21,382 [main] INFO  ozoneimpl.OzoneContainer (HddsVolumeUtil.java:loadAllHddsVolumeDbStore(103)) - Load 1 volumes DbStore cost: 0ms
2024-01-14 17:00:21,385 [f2927880-1f10-4686-b93c-5db3b548581d-ContainerReader-0] INFO  ozoneimpl.ContainerReader (ContainerReader.java:readVolume(178)) - Finish verifying containers on volume /home/runner/work/ozone/ozone/hadoop-ozone/integration-test/target/test-dir/MiniOzoneClusterImpl-55f63948-b302-44a8-9a44-732f3ddcab57/datanode-3/data-0/containers/hdds
2024-01-14 17:00:21,385 [main] INFO  ozoneimpl.OzoneContainer (OzoneContainer.java:buildContainerSet(328)) - Build ContainerSet costs 0s
2024-01-14 17:00:21,386 [main] INFO  server.RaftServer (ConfUtils.java:logGet(46)) - raft.rpc.type = GRPC (default)
2024-01-14 17:00:21,386 [main] INFO  grpc.GrpcConfigKeys (ConfUtils.java:logFallback(53)) - raft.grpc.admin.host = null (fallback to raft.grpc.server.host)
2024-01-14 17:00:21,387 [main] INFO  grpc.GrpcConfigKeys (ConfUtils.java:logGet(46)) - raft.grpc.admin.port = 15396 (custom)
2024-01-14 17:00:21,387 [main] INFO  grpc.GrpcConfigKeys (ConfUtils.java:logFallback(53)) - raft.grpc.client.host = null (fallback to raft.grpc.server.host)
2024-01-14 17:00:21,387 [main] INFO  grpc.GrpcConfigKeys (ConfUtils.java:logGet(46)) - raft.grpc.client.port = 15395 (custom)
2024-01-14 17:00:21,387 [main] INFO  grpc.GrpcConfigKeys (ConfUtils.java:logGet(46)) - raft.grpc.server.host = null (default)
2024-01-14 17:00:21,387 [main] INFO  grpc.GrpcConfigKeys (ConfUtils.java:logGet(46)) - raft.grpc.server.port = 15397 (custom)
2024-01-14 17:00:21,387 [main] INFO  server.GrpcService (ConfUtils.java:logGet(46)) - raft.grpc.message.size.max = 32MB (=33554432) (custom)
2024-01-14 17:00:21,387 [main] INFO  server.RaftServerConfigKeys (ConfUtils.java:logGet(46)) - raft.server.log.appender.buffer.byte-limit = 8388608 (custom)
2024-01-14 17:00:21,387 [main] INFO  server.GrpcService (ConfUtils.java:logGet(46)) - raft.grpc.flow.control.window = 5MB (=5242880) (custom)
2024-01-14 17:00:21,387 [main] INFO  server.RaftServerConfigKeys (ConfUtils.java:logGet(46)) - raft.server.rpc.request.timeout = 3000ms (default)
2024-01-14 17:00:21,387 [main] INFO  grpc.GrpcConfigKeys (ConfUtils.java:logGet(46)) - raft.grpc.server.heartbeat.channel = true (default)
2024-01-14 17:00:21,388 [main] INFO  grpc.GrpcConfigKeys (ConfUtils.java:logGet(46)) - raft.grpc.server.async.request.thread.pool.cached = true (default)
2024-01-14 17:00:21,388 [main] INFO  grpc.GrpcConfigKeys (ConfUtils.java:logGet(46)) - raft.grpc.server.async.request.thread.pool.size = 32 (default)
2024-01-14 17:00:21,389 [main] INFO  impl.DataStreamServerImpl (ConfUtils.java:logGet(46)) - raft.datastream.type = NETTY (custom)
2024-01-14 17:00:21,389 [main] INFO  server.RaftServerConfigKeys (ConfUtils.java:logGet(46)) - raft.server.data-stream.async.request.thread.pool.cached = false (default)
2024-01-14 17:00:21,390 [main] INFO  server.RaftServerConfigKeys (ConfUtils.java:logGet(46)) - raft.server.data-stream.async.request.thread.pool.size = 20 (custom)
2024-01-14 17:00:21,390 [main] INFO  server.RaftServerConfigKeys (ConfUtils.java:logGet(46)) - raft.server.data-stream.async.write.thread.pool.size = 16 (default)
2024-01-14 17:00:21,390 [main] INFO  netty.NettyConfigKeys$DataStream (ConfUtils.java:logGet(46)) - raft.netty.dataStream.server.channel.inactive.grace-period = 10min (default)
2024-01-14 17:00:21,390 [main] INFO  server.RaftServerConfigKeys (ConfUtils.java:logGet(46)) - raft.server.data-stream.client.pool.size = 10 (default)
2024-01-14 17:00:21,390 [main] INFO  netty.NettyConfigKeys$DataStream (ConfUtils.java:logGet(46)) - raft.netty.dataStream.server.use-epoll = true (default)
2024-01-14 17:00:21,390 [main] INFO  netty.NettyConfigKeys$DataStream (ConfUtils.java:logGet(46)) - raft.netty.dataStream.server.boss-group.size = 0 (default)
2024-01-14 17:00:21,390 [main] INFO  netty.NettyUtils (NettyUtils.java:newEventLoopGroup(69)) - Create EpollEventLoopGroup for f2927880-1f10-4686-b93c-5db3b548581d-NettyServerStreamRpc-bossGroup; Thread size is 0.
2024-01-14 17:00:21,390 [main] INFO  netty.NettyConfigKeys$DataStream (ConfUtils.java:logGet(46)) - raft.netty.dataStream.server.worker-group.size = 0 (default)
2024-01-14 17:00:21,391 [main] INFO  netty.NettyUtils (NettyUtils.java:newEventLoopGroup(69)) - Create EpollEventLoopGroup for f2927880-1f10-4686-b93c-5db3b548581d-NettyServerStreamRpc-workerGroup; Thread size is 0.
2024-01-14 17:00:21,391 [main] INFO  netty.NettyConfigKeys$DataStream (ConfUtils.java:logGet(46)) - raft.netty.dataStream.server.tls.conf = null (default)
2024-01-14 17:00:21,391 [main] INFO  netty.NettyConfigKeys$DataStream (ConfUtils.java:logGet(46)) - raft.netty.dataStream.host = null (default)
2024-01-14 17:00:21,391 [main] INFO  netty.NettyConfigKeys$DataStream (ConfUtils.java:logGet(46)) - raft.netty.dataStream.port = 15398 (custom)
2024-01-14 17:00:21,391 [main] INFO  server.RaftServerConfigKeys (ConfUtils.java:logGet(46)) - raft.server.sleep.deviation.threshold = 300ms (default)
2024-01-14 17:00:21,391 [f2927880-1f10-4686-b93c-5db3b548581d-NettyServerStreamRpc-bossGroup--thread1] INFO  logging.LoggingHandler (AbstractInternalLogger.java:log(148)) - [id: 0x015b784f] REGISTERED
2024-01-14 17:00:21,391 [main] INFO  server.RaftServerConfigKeys (ConfUtils.java:logGet(46)) - raft.server.close.threshold = 60s (default)
2024-01-14 17:00:21,392 [f2927880-1f10-4686-b93c-5db3b548581d-NettyServerStreamRpc-bossGroup--thread1] INFO  logging.LoggingHandler (AbstractInternalLogger.java:log(148)) - [id: 0x015b784f] BIND: 0.0.0.0/0.0.0.0:15398
2024-01-14 17:00:21,392 [main] INFO  server.RaftServerConfigKeys (ConfUtils.java:logGet(46)) - raft.server.leaderelection.leader.step-down.wait-time = 10s (default)
2024-01-14 17:00:21,392 [f2927880-1f10-4686-b93c-5db3b548581d-NettyServerStreamRpc-bossGroup--thread1] INFO  logging.LoggingHandler (AbstractInternalLogger.java:log(148)) - [id: 0x015b784f, L:/0.0.0.0:15398] ACTIVE
2024-01-14 17:00:21,392 [main] INFO  server.RaftServerConfigKeys (ConfUtils.java:logGet(46)) - raft.server.storage.dir = [/home/runner/work/ozone/ozone/hadoop-ozone/integration-test/target/test-dir/MiniOzoneClusterImpl-55f63948-b302-44a8-9a44-732f3ddcab57/datanode-3/data/ratis] (custom)
2024-01-14 17:00:21,392 [main] INFO  server.RaftServerConfigKeys (ConfUtils.java:logGet(46)) - raft.server.threadpool.proxy.cached = true (default)
2024-01-14 17:00:21,392 [main] INFO  server.RaftServerConfigKeys (ConfUtils.java:logGet(46)) - raft.server.threadpool.proxy.size = 0 (default)
2024-01-14 17:00:21,392 [f2927880-1f10-4686-b93c-5db3b548581d-impl-thread1] INFO  server.RaftServer (RaftServerProxy.java:initGroupDir(264)) - f2927880-1f10-4686-b93c-5db3b548581d: found a subdirectory /home/runner/work/ozone/ozone/hadoop-ozone/integration-test/target/test-dir/MiniOzoneClusterImpl-55f63948-b302-44a8-9a44-732f3ddcab57/datanode-3/data/ratis/tmp
2024-01-14 17:00:21,393 [f2927880-1f10-4686-b93c-5db3b548581d-impl-thread1] INFO  server.RaftServer (RaftServerProxy.java:initGroupDir(269)) - f2927880-1f10-4686-b93c-5db3b548581d: The directory /home/runner/work/ozone/ozone/hadoop-ozone/integration-test/target/test-dir/MiniOzoneClusterImpl-55f63948-b302-44a8-9a44-732f3ddcab57/datanode-3/data/ratis/tmp is not a group directory; ignoring it. 
2024-01-14 17:00:21,393 [main] INFO  replication.ReplicationServer (ReplicationServer.java:<init>(85)) - Initializing replication server with thread count = 10 queue length = 4096
2024-01-14 17:00:21,393 [main] INFO  server.XceiverServerGrpc (XceiverServerGrpc.java:<init>(141)) - GrpcServer channel type EpollServerSocketChannel
2024-01-14 17:00:21,394 [main] INFO  replication.ReplicationSupervisor (ReplicationSupervisor.java:build(163)) - Initializing replication supervisor with thread count = 10
2024-01-14 17:00:21,394 [main] INFO  replication.ReplicationSupervisor (ReplicationSupervisor.java:nodeStateUpdated(317)) - Node state updated to IN_SERVICE, scaling executor pool size to 10
2024-01-14 17:00:21,395 [main] INFO  http.BaseHttpServer (BaseHttpServer.java:newHttpServer2BuilderForOzone(223)) - Starting Web-server for hddsDatanode at: http://0.0.0.0:15392
2024-01-14 17:00:21,396 [main] INFO  http.BaseHttpServer (BaseHttpServer.java:<init>(110)) - Hadoop Security Enabled: false Ozone Security Enabled: false Ozone HTTP Security Enabled: false 
2024-01-14 17:00:21,396 [main] WARN  server.AuthenticationFilter (AuthenticationFilter.java:constructSecretProvider(240)) - Unable to initialize FileSignerSecretProvider, falling back to use random secrets. Reason: Could not read signature secret file: /home/runner/hadoop-http-auth-signature-secret
2024-01-14 17:00:21,396 [main] INFO  http.HttpRequestLog (HttpRequestLog.java:getRequestLog(86)) - Http request log for http.requests.hddsDatanode is not defined
2024-01-14 17:00:21,397 [main] INFO  http.HttpServer2 (HttpServer2.java:addGlobalFilter(1036)) - Added global filter 'safety' (class=org.apache.hadoop.hdds.server.http.HttpServer2$QuotingInputFilter)
2024-01-14 17:00:21,397 [main] INFO  http.HttpServer2 (HttpServer2.java:addFilter(1012)) - Added filter static_user_filter (class=org.apache.hadoop.http.lib.StaticUserWebFilter$StaticUserFilter) to context hddsDatanode
2024-01-14 17:00:21,398 [main] INFO  http.HttpServer2 (HttpServer2.java:addFilter(1020)) - Added filter static_user_filter (class=org.apache.hadoop.http.lib.StaticUserWebFilter$StaticUserFilter) to context logs
2024-01-14 17:00:21,398 [main] INFO  http.HttpServer2 (HttpServer2.java:addFilter(1020)) - Added filter static_user_filter (class=org.apache.hadoop.http.lib.StaticUserWebFilter$StaticUserFilter) to context static
2024-01-14 17:00:21,398 [main] INFO  http.BaseHttpServer (BaseHttpServer.java:<init>(189)) - HTTP server of hddsDatanode uses base directory /home/runner/work/ozone/ozone/hadoop-ozone/integration-test/target/test-dir/MiniOzoneClusterImpl-55f63948-b302-44a8-9a44-732f3ddcab57/datanode-3/meta/webserver
2024-01-14 17:00:21,398 [main] INFO  http.HttpServer2 (HttpServer2.java:bindListener(1236)) - Jetty bound to port 15392
2024-01-14 17:00:21,398 [main] INFO  server.Server (Server.java:doStart(375)) - jetty-9.4.53.v20231009; built: 2023-10-09T12:29:09.265Z; git: 27bde00a0b95a1d5bbee0eae7984f891d2d0f8c9; jvm 1.8.0_392-b08
2024-01-14 17:00:21,399 [main] INFO  server.session (DefaultSessionIdManager.java:doStart(334)) - DefaultSessionIdManager workerName=node0
2024-01-14 17:00:21,399 [main] INFO  server.session (DefaultSessionIdManager.java:doStart(339)) - No SessionScavenger set, using defaults
2024-01-14 17:00:21,399 [main] INFO  server.session (HouseKeeper.java:startScavenging(132)) - node0 Scavenging every 600000ms
2024-01-14 17:00:21,400 [main] INFO  handler.ContextHandler (ContextHandler.java:doStart(921)) - Started o.e.j.s.ServletContextHandler@41badf59{logs,/logs,file:///home/runner/work/ozone/ozone/hadoop-ozone/integration-test/target/log,AVAILABLE}
2024-01-14 17:00:21,400 [main] INFO  handler.ContextHandler (ContextHandler.java:doStart(921)) - Started o.e.j.s.ServletContextHandler@372f7790{static,/static,jar:file:/home/runner/.m2/repository/org/apache/ozone/hdds-container-service/1.5.0-SNAPSHOT/hdds-container-service-1.5.0-SNAPSHOT.jar!/webapps/static,AVAILABLE}
2024-01-14 17:00:21,431 [main] INFO  handler.ContextHandler (ContextHandler.java:doStart(921)) - Started o.e.j.w.WebAppContext@206e1e7c{hddsDatanode,/,file:///home/runner/work/ozone/ozone/hadoop-ozone/integration-test/target/test-dir/MiniOzoneClusterImpl-55f63948-b302-44a8-9a44-732f3ddcab57/datanode-3/meta/webserver/jetty-0_0_0_0-15392-hdds-container-service-1_5_0-SNAPSHOT_jar-_-any-7900361176418042454/webapp/,AVAILABLE}{jar:file:/home/runner/.m2/repository/org/apache/ozone/hdds-container-service/1.5.0-SNAPSHOT/hdds-container-service-1.5.0-SNAPSHOT.jar!/webapps/hddsDatanode}
2024-01-14 17:00:21,433 [main] INFO  server.AbstractConnector (AbstractConnector.java:doStart(333)) - Started ServerConnector@627903e0{HTTP/1.1, (http/1.1)}{0.0.0.0:15392}
2024-01-14 17:00:21,433 [main] INFO  server.Server (Server.java:doStart(415)) - Started @140618ms
2024-01-14 17:00:21,433 [main] WARN  impl.MetricsSystemImpl (MetricsSystemImpl.java:register(279)) - Sink prometheus already exists!
2024-01-14 17:00:21,434 [main] INFO  http.BaseHttpServer (BaseHttpServer.java:updateConnectorAddress(354)) - HTTP server of hddsDatanode listening at http://0.0.0.0:15392
2024-01-14 17:00:21,434 [main] INFO  ipc.CallQueueManager (CallQueueManager.java:<init>(90)) - Using callQueue: class java.util.concurrent.LinkedBlockingQueue, queueCapacity: 100, scheduler: class org.apache.hadoop.ipc.DefaultRpcScheduler, ipcBackoff: false.
2024-01-14 17:00:21,434 [main] INFO  ipc.Server (Server.java:<init>(1287)) - Listener at 0.0.0.0:15393
2024-01-14 17:00:21,435 [Socket Reader #1 for port 15393] INFO  ipc.Server (Server.java:run(1323)) - Starting Socket Reader #1 for port 15393
2024-01-14 17:00:21,437 [main] INFO  ozone.HddsDatanodeService (HddsDatanodeService.java:start(324)) - Datanode start with admins: [runner]
2024-01-14 17:00:21,437 [main] INFO  ozone.HddsDatanodeClientProtocolServer (HddsDatanodeClientProtocolServer.java:start(72)) - RPC server for Client /0.0.0.0:15393
2024-01-14 17:00:21,437 [IPC Server Responder] INFO  ipc.Server (Server.java:run(1562)) - IPC Server Responder: starting
2024-01-14 17:00:21,437 [IPC Server listener on 15393] INFO  ipc.Server (Server.java:run(1402)) - IPC Server listener on 15393: starting
2024-01-14 17:00:21,439 [f2927880-1f10-4686-b93c-5db3b548581d-DatanodeStateMachineDaemonThread] INFO  statemachine.DatanodeStateMachine (DatanodeStateMachine.java:lambda$startDaemon$1(555)) - Ozone container server started.
2024-01-14 17:00:21,439 [main] WARN  dropwizard3.Dm3MetricRegistriesImpl (Dm3MetricRegistriesImpl.java:addReporterRegistration(113)) - New reporters are added after registries were created. Some metrics will be missing from the reporter. Please add reporter before adding any new registry.
2024-01-14 17:00:21,440 [main] WARN  dropwizard3.Dm3MetricRegistriesImpl (Dm3MetricRegistriesImpl.java:addReporterRegistration(113)) - New reporters are added after registries were created. Some metrics will be missing from the reporter. Please add reporter before adding any new registry.
2024-01-14 17:00:21,440 [main] INFO  impl.MetricsSystemImpl (MetricsSystemImpl.java:init(158)) - HddsDatanode metrics system started (again)
2024-01-14 17:00:21,442 [f2927880-1f10-4686-b93c-5db3b548581d-DatanodeStateMachineTaskThread-0] INFO  datanode.InitDatanodeState (InitDatanodeState.java:persistContainerDatanodeDetails(139)) - DatanodeDetails is persisted to /home/runner/work/ozone/ozone/hadoop-ozone/integration-test/target/test-dir/MiniOzoneClusterImpl-55f63948-b302-44a8-9a44-732f3ddcab57/datanode-3/meta/datanode.id
2024-01-14 17:00:21,448 [main] INFO  ozone.HddsDatanodeService (HddsDatanodeService.java:start(239)) - HddsDatanodeService host:fv-az1248-16.lhg1ljel1gwudbpqdk5ar2pfag.bx.internal.cloudapp.net ip:10.1.0.34
2024-01-14 17:00:21,464 [main] INFO  upgrade.AbstractLayoutVersionManager (AbstractLayoutVersionManager.java:init(83)) - Initializing Layout version manager with metadata layout = HADOOP_PRC_PORTS_IN_DATANODEDETAILS (version = 7), software layout = HADOOP_PRC_PORTS_IN_DATANODEDETAILS (version = 7)
2024-01-14 17:00:21,465 [main] INFO  statemachine.DatanodeStateMachine (DatanodeStateMachine.java:getEndPointTaskThreadPoolSize(299)) - Datanode State Machine Task Thread Pool size 2
2024-01-14 17:00:21,466 [main] INFO  volume.HddsVolume (HddsVolume.java:<init>(125)) - Creating HddsVolume: /home/runner/work/ozone/ozone/hadoop-ozone/integration-test/target/test-dir/MiniOzoneClusterImpl-55f63948-b302-44a8-9a44-732f3ddcab57/datanode-4/data-0/containers/hdds of storage type : DISK capacity : 9223372036854775807
2024-01-14 17:00:21,466 [main] INFO  volume.MutableVolumeSet (MutableVolumeSet.java:initializeVolumeSet(173)) - Added Volume : /home/runner/work/ozone/ozone/hadoop-ozone/integration-test/target/test-dir/MiniOzoneClusterImpl-55f63948-b302-44a8-9a44-732f3ddcab57/datanode-4/data-0/containers/hdds to VolumeSet
2024-01-14 17:00:21,466 [main] INFO  volume.MutableVolumeSet (MutableVolumeSet.java:initializeVolumeSet(173)) - Added Volume : /home/runner/work/ozone/ozone/hadoop-ozone/integration-test/target/test-dir/MiniOzoneClusterImpl-55f63948-b302-44a8-9a44-732f3ddcab57/datanode-4/data/ratis to VolumeSet
2024-01-14 17:00:21,467 [main] INFO  ozoneimpl.OzoneContainer (HddsVolumeUtil.java:loadAllHddsVolumeDbStore(103)) - Load 1 volumes DbStore cost: 0ms
2024-01-14 17:00:21,467 [cccf6745-afeb-413c-bfb5-a8d67b6b623b-ContainerReader-0] INFO  ozoneimpl.ContainerReader (ContainerReader.java:readVolume(178)) - Finish verifying containers on volume /home/runner/work/ozone/ozone/hadoop-ozone/integration-test/target/test-dir/MiniOzoneClusterImpl-55f63948-b302-44a8-9a44-732f3ddcab57/datanode-4/data-0/containers/hdds
2024-01-14 17:00:21,467 [main] INFO  ozoneimpl.OzoneContainer (OzoneContainer.java:buildContainerSet(328)) - Build ContainerSet costs 0s
2024-01-14 17:00:21,469 [main] INFO  server.RaftServer (ConfUtils.java:logGet(46)) - raft.rpc.type = GRPC (default)
2024-01-14 17:00:21,469 [main] INFO  grpc.GrpcConfigKeys (ConfUtils.java:logFallback(53)) - raft.grpc.admin.host = null (fallback to raft.grpc.server.host)
2024-01-14 17:00:21,469 [main] INFO  grpc.GrpcConfigKeys (ConfUtils.java:logGet(46)) - raft.grpc.admin.port = 15405 (custom)
2024-01-14 17:00:21,469 [main] INFO  grpc.GrpcConfigKeys (ConfUtils.java:logFallback(53)) - raft.grpc.client.host = null (fallback to raft.grpc.server.host)
2024-01-14 17:00:21,470 [main] INFO  grpc.GrpcConfigKeys (ConfUtils.java:logGet(46)) - raft.grpc.client.port = 15404 (custom)
2024-01-14 17:00:21,470 [main] INFO  grpc.GrpcConfigKeys (ConfUtils.java:logGet(46)) - raft.grpc.server.host = null (default)
2024-01-14 17:00:21,470 [main] INFO  grpc.GrpcConfigKeys (ConfUtils.java:logGet(46)) - raft.grpc.server.port = 15406 (custom)
2024-01-14 17:00:21,470 [main] INFO  server.GrpcService (ConfUtils.java:logGet(46)) - raft.grpc.message.size.max = 32MB (=33554432) (custom)
2024-01-14 17:00:21,470 [main] INFO  server.RaftServerConfigKeys (ConfUtils.java:logGet(46)) - raft.server.log.appender.buffer.byte-limit = 8388608 (custom)
2024-01-14 17:00:21,470 [main] INFO  server.GrpcService (ConfUtils.java:logGet(46)) - raft.grpc.flow.control.window = 5MB (=5242880) (custom)
2024-01-14 17:00:21,470 [main] INFO  server.RaftServerConfigKeys (ConfUtils.java:logGet(46)) - raft.server.rpc.request.timeout = 3000ms (default)
2024-01-14 17:00:21,471 [main] INFO  grpc.GrpcConfigKeys (ConfUtils.java:logGet(46)) - raft.grpc.server.heartbeat.channel = true (default)
2024-01-14 17:00:21,471 [main] INFO  grpc.GrpcConfigKeys (ConfUtils.java:logGet(46)) - raft.grpc.server.async.request.thread.pool.cached = true (default)
2024-01-14 17:00:21,471 [main] INFO  grpc.GrpcConfigKeys (ConfUtils.java:logGet(46)) - raft.grpc.server.async.request.thread.pool.size = 32 (default)
2024-01-14 17:00:21,473 [main] INFO  impl.DataStreamServerImpl (ConfUtils.java:logGet(46)) - raft.datastream.type = NETTY (custom)
2024-01-14 17:00:21,473 [main] INFO  server.RaftServerConfigKeys (ConfUtils.java:logGet(46)) - raft.server.data-stream.async.request.thread.pool.cached = false (default)
2024-01-14 17:00:21,473 [main] INFO  server.RaftServerConfigKeys (ConfUtils.java:logGet(46)) - raft.server.data-stream.async.request.thread.pool.size = 20 (custom)
2024-01-14 17:00:21,473 [main] INFO  server.RaftServerConfigKeys (ConfUtils.java:logGet(46)) - raft.server.data-stream.async.write.thread.pool.size = 16 (default)
2024-01-14 17:00:21,473 [main] INFO  netty.NettyConfigKeys$DataStream (ConfUtils.java:logGet(46)) - raft.netty.dataStream.server.channel.inactive.grace-period = 10min (default)
2024-01-14 17:00:21,473 [main] INFO  server.RaftServerConfigKeys (ConfUtils.java:logGet(46)) - raft.server.data-stream.client.pool.size = 10 (default)
2024-01-14 17:00:21,473 [main] INFO  netty.NettyConfigKeys$DataStream (ConfUtils.java:logGet(46)) - raft.netty.dataStream.server.use-epoll = true (default)
2024-01-14 17:00:21,474 [main] INFO  netty.NettyConfigKeys$DataStream (ConfUtils.java:logGet(46)) - raft.netty.dataStream.server.boss-group.size = 0 (default)
2024-01-14 17:00:21,474 [main] INFO  netty.NettyUtils (NettyUtils.java:newEventLoopGroup(69)) - Create EpollEventLoopGroup for cccf6745-afeb-413c-bfb5-a8d67b6b623b-NettyServerStreamRpc-bossGroup; Thread size is 0.
2024-01-14 17:00:21,474 [main] INFO  netty.NettyConfigKeys$DataStream (ConfUtils.java:logGet(46)) - raft.netty.dataStream.server.worker-group.size = 0 (default)
2024-01-14 17:00:21,474 [main] INFO  netty.NettyUtils (NettyUtils.java:newEventLoopGroup(69)) - Create EpollEventLoopGroup for cccf6745-afeb-413c-bfb5-a8d67b6b623b-NettyServerStreamRpc-workerGroup; Thread size is 0.
2024-01-14 17:00:21,475 [main] INFO  netty.NettyConfigKeys$DataStream (ConfUtils.java:logGet(46)) - raft.netty.dataStream.server.tls.conf = null (default)
2024-01-14 17:00:21,475 [main] INFO  netty.NettyConfigKeys$DataStream (ConfUtils.java:logGet(46)) - raft.netty.dataStream.host = null (default)
2024-01-14 17:00:21,475 [main] INFO  netty.NettyConfigKeys$DataStream (ConfUtils.java:logGet(46)) - raft.netty.dataStream.port = 15407 (custom)
2024-01-14 17:00:21,475 [main] INFO  server.RaftServerConfigKeys (ConfUtils.java:logGet(46)) - raft.server.sleep.deviation.threshold = 300ms (default)
2024-01-14 17:00:21,475 [main] INFO  server.RaftServerConfigKeys (ConfUtils.java:logGet(46)) - raft.server.close.threshold = 60s (default)
2024-01-14 17:00:21,476 [main] INFO  server.RaftServerConfigKeys (ConfUtils.java:logGet(46)) - raft.server.leaderelection.leader.step-down.wait-time = 10s (default)
2024-01-14 17:00:21,475 [cccf6745-afeb-413c-bfb5-a8d67b6b623b-NettyServerStreamRpc-bossGroup--thread1] INFO  logging.LoggingHandler (AbstractInternalLogger.java:log(148)) - [id: 0x9f18a42b] REGISTERED
2024-01-14 17:00:21,476 [main] INFO  server.RaftServerConfigKeys (ConfUtils.java:logGet(46)) - raft.server.storage.dir = [/home/runner/work/ozone/ozone/hadoop-ozone/integration-test/target/test-dir/MiniOzoneClusterImpl-55f63948-b302-44a8-9a44-732f3ddcab57/datanode-4/data/ratis] (custom)
2024-01-14 17:00:21,476 [main] INFO  server.RaftServerConfigKeys (ConfUtils.java:logGet(46)) - raft.server.threadpool.proxy.cached = true (default)
2024-01-14 17:00:21,476 [main] INFO  server.RaftServerConfigKeys (ConfUtils.java:logGet(46)) - raft.server.threadpool.proxy.size = 0 (default)
2024-01-14 17:00:21,476 [cccf6745-afeb-413c-bfb5-a8d67b6b623b-NettyServerStreamRpc-bossGroup--thread1] INFO  logging.LoggingHandler (AbstractInternalLogger.java:log(148)) - [id: 0x9f18a42b] BIND: 0.0.0.0/0.0.0.0:15407
2024-01-14 17:00:21,477 [cccf6745-afeb-413c-bfb5-a8d67b6b623b-NettyServerStreamRpc-bossGroup--thread1] INFO  logging.LoggingHandler (AbstractInternalLogger.java:log(148)) - [id: 0x9f18a42b, L:/0.0.0.0:15407] ACTIVE
2024-01-14 17:00:21,477 [cccf6745-afeb-413c-bfb5-a8d67b6b623b-impl-thread1] INFO  server.RaftServer (RaftServerProxy.java:initGroupDir(264)) - cccf6745-afeb-413c-bfb5-a8d67b6b623b: found a subdirectory /home/runner/work/ozone/ozone/hadoop-ozone/integration-test/target/test-dir/MiniOzoneClusterImpl-55f63948-b302-44a8-9a44-732f3ddcab57/datanode-4/data/ratis/tmp
2024-01-14 17:00:21,477 [cccf6745-afeb-413c-bfb5-a8d67b6b623b-impl-thread1] INFO  server.RaftServer (RaftServerProxy.java:initGroupDir(269)) - cccf6745-afeb-413c-bfb5-a8d67b6b623b: The directory /home/runner/work/ozone/ozone/hadoop-ozone/integration-test/target/test-dir/MiniOzoneClusterImpl-55f63948-b302-44a8-9a44-732f3ddcab57/datanode-4/data/ratis/tmp is not a group directory; ignoring it. 
2024-01-14 17:00:21,477 [main] INFO  replication.ReplicationServer (ReplicationServer.java:<init>(85)) - Initializing replication server with thread count = 10 queue length = 4096
2024-01-14 17:00:21,478 [main] INFO  server.XceiverServerGrpc (XceiverServerGrpc.java:<init>(141)) - GrpcServer channel type EpollServerSocketChannel
2024-01-14 17:00:21,479 [main] INFO  replication.ReplicationSupervisor (ReplicationSupervisor.java:build(163)) - Initializing replication supervisor with thread count = 10
2024-01-14 17:00:21,479 [main] INFO  replication.ReplicationSupervisor (ReplicationSupervisor.java:nodeStateUpdated(317)) - Node state updated to IN_SERVICE, scaling executor pool size to 10
2024-01-14 17:00:21,480 [main] INFO  http.BaseHttpServer (BaseHttpServer.java:newHttpServer2BuilderForOzone(223)) - Starting Web-server for hddsDatanode at: http://0.0.0.0:15401
2024-01-14 17:00:21,480 [main] INFO  http.BaseHttpServer (BaseHttpServer.java:<init>(110)) - Hadoop Security Enabled: false Ozone Security Enabled: false Ozone HTTP Security Enabled: false 
2024-01-14 17:00:21,481 [main] WARN  server.AuthenticationFilter (AuthenticationFilter.java:constructSecretProvider(240)) - Unable to initialize FileSignerSecretProvider, falling back to use random secrets. Reason: Could not read signature secret file: /home/runner/hadoop-http-auth-signature-secret
2024-01-14 17:00:21,482 [main] INFO  http.HttpRequestLog (HttpRequestLog.java:getRequestLog(86)) - Http request log for http.requests.hddsDatanode is not defined
2024-01-14 17:00:21,482 [main] INFO  http.HttpServer2 (HttpServer2.java:addGlobalFilter(1036)) - Added global filter 'safety' (class=org.apache.hadoop.hdds.server.http.HttpServer2$QuotingInputFilter)
2024-01-14 17:00:21,482 [main] INFO  http.HttpServer2 (HttpServer2.java:addFilter(1012)) - Added filter static_user_filter (class=org.apache.hadoop.http.lib.StaticUserWebFilter$StaticUserFilter) to context hddsDatanode
2024-01-14 17:00:21,483 [main] INFO  http.HttpServer2 (HttpServer2.java:addFilter(1020)) - Added filter static_user_filter (class=org.apache.hadoop.http.lib.StaticUserWebFilter$StaticUserFilter) to context static
2024-01-14 17:00:21,483 [main] INFO  http.HttpServer2 (HttpServer2.java:addFilter(1020)) - Added filter static_user_filter (class=org.apache.hadoop.http.lib.StaticUserWebFilter$StaticUserFilter) to context logs
2024-01-14 17:00:21,483 [main] INFO  http.BaseHttpServer (BaseHttpServer.java:<init>(189)) - HTTP server of hddsDatanode uses base directory /home/runner/work/ozone/ozone/hadoop-ozone/integration-test/target/test-dir/MiniOzoneClusterImpl-55f63948-b302-44a8-9a44-732f3ddcab57/datanode-4/meta/webserver
2024-01-14 17:00:21,483 [main] INFO  http.HttpServer2 (HttpServer2.java:bindListener(1236)) - Jetty bound to port 15401
2024-01-14 17:00:21,483 [main] INFO  server.Server (Server.java:doStart(375)) - jetty-9.4.53.v20231009; built: 2023-10-09T12:29:09.265Z; git: 27bde00a0b95a1d5bbee0eae7984f891d2d0f8c9; jvm 1.8.0_392-b08
2024-01-14 17:00:21,484 [main] INFO  server.session (DefaultSessionIdManager.java:doStart(334)) - DefaultSessionIdManager workerName=node0
2024-01-14 17:00:21,484 [main] INFO  server.session (DefaultSessionIdManager.java:doStart(339)) - No SessionScavenger set, using defaults
2024-01-14 17:00:21,484 [main] INFO  server.session (HouseKeeper.java:startScavenging(132)) - node0 Scavenging every 660000ms
2024-01-14 17:00:21,485 [main] INFO  handler.ContextHandler (ContextHandler.java:doStart(921)) - Started o.e.j.s.ServletContextHandler@76567d68{logs,/logs,file:///home/runner/work/ozone/ozone/hadoop-ozone/integration-test/target/log,AVAILABLE}
2024-01-14 17:00:21,485 [main] INFO  handler.ContextHandler (ContextHandler.java:doStart(921)) - Started o.e.j.s.ServletContextHandler@6e2dd709{static,/static,jar:file:/home/runner/.m2/repository/org/apache/ozone/hdds-container-service/1.5.0-SNAPSHOT/hdds-container-service-1.5.0-SNAPSHOT.jar!/webapps/static,AVAILABLE}
2024-01-14 17:00:21,517 [main] INFO  handler.ContextHandler (ContextHandler.java:doStart(921)) - Started o.e.j.w.WebAppContext@3ba21697{hddsDatanode,/,file:///home/runner/work/ozone/ozone/hadoop-ozone/integration-test/target/test-dir/MiniOzoneClusterImpl-55f63948-b302-44a8-9a44-732f3ddcab57/datanode-4/meta/webserver/jetty-0_0_0_0-15401-hdds-container-service-1_5_0-SNAPSHOT_jar-_-any-6321614226837492798/webapp/,AVAILABLE}{jar:file:/home/runner/.m2/repository/org/apache/ozone/hdds-container-service/1.5.0-SNAPSHOT/hdds-container-service-1.5.0-SNAPSHOT.jar!/webapps/hddsDatanode}
2024-01-14 17:00:21,518 [main] INFO  server.AbstractConnector (AbstractConnector.java:doStart(333)) - Started ServerConnector@4ba24e06{HTTP/1.1, (http/1.1)}{0.0.0.0:15401}
2024-01-14 17:00:21,518 [main] INFO  server.Server (Server.java:doStart(415)) - Started @140703ms
2024-01-14 17:00:21,519 [main] WARN  impl.MetricsSystemImpl (MetricsSystemImpl.java:register(279)) - Sink prometheus already exists!
2024-01-14 17:00:21,519 [main] INFO  http.BaseHttpServer (BaseHttpServer.java:updateConnectorAddress(354)) - HTTP server of hddsDatanode listening at http://0.0.0.0:15401
2024-01-14 17:00:21,519 [main] INFO  ipc.CallQueueManager (CallQueueManager.java:<init>(90)) - Using callQueue: class java.util.concurrent.LinkedBlockingQueue, queueCapacity: 100, scheduler: class org.apache.hadoop.ipc.DefaultRpcScheduler, ipcBackoff: false.
2024-01-14 17:00:21,519 [main] INFO  ipc.Server (Server.java:<init>(1287)) - Listener at 0.0.0.0:15402
2024-01-14 17:00:21,520 [Socket Reader #1 for port 15402] INFO  ipc.Server (Server.java:run(1323)) - Starting Socket Reader #1 for port 15402
2024-01-14 17:00:21,521 [main] INFO  ozone.HddsDatanodeService (HddsDatanodeService.java:start(324)) - Datanode start with admins: [runner]
2024-01-14 17:00:21,521 [main] INFO  ozone.HddsDatanodeClientProtocolServer (HddsDatanodeClientProtocolServer.java:start(72)) - RPC server for Client /0.0.0.0:15402
2024-01-14 17:00:21,521 [IPC Server Responder] INFO  ipc.Server (Server.java:run(1562)) - IPC Server Responder: starting
2024-01-14 17:00:21,522 [IPC Server listener on 15402] INFO  ipc.Server (Server.java:run(1402)) - IPC Server listener on 15402: starting
2024-01-14 17:00:21,522 [cccf6745-afeb-413c-bfb5-a8d67b6b623b-DatanodeStateMachineDaemonThread] INFO  statemachine.DatanodeStateMachine (DatanodeStateMachine.java:lambda$startDaemon$1(555)) - Ozone container server started.
2024-01-14 17:00:21,523 [main] WARN  dropwizard3.Dm3MetricRegistriesImpl (Dm3MetricRegistriesImpl.java:addReporterRegistration(113)) - New reporters are added after registries were created. Some metrics will be missing from the reporter. Please add reporter before adding any new registry.
2024-01-14 17:00:21,524 [main] WARN  dropwizard3.Dm3MetricRegistriesImpl (Dm3MetricRegistriesImpl.java:addReporterRegistration(113)) - New reporters are added after registries were created. Some metrics will be missing from the reporter. Please add reporter before adding any new registry.
2024-01-14 17:00:21,525 [main] INFO  impl.MetricsSystemImpl (MetricsSystemImpl.java:init(158)) - HddsDatanode metrics system started (again)
2024-01-14 17:00:21,533 [cccf6745-afeb-413c-bfb5-a8d67b6b623b-DatanodeStateMachineTaskThread-0] INFO  datanode.InitDatanodeState (InitDatanodeState.java:persistContainerDatanodeDetails(139)) - DatanodeDetails is persisted to /home/runner/work/ozone/ozone/hadoop-ozone/integration-test/target/test-dir/MiniOzoneClusterImpl-55f63948-b302-44a8-9a44-732f3ddcab57/datanode-4/meta/datanode.id
2024-01-14 17:00:21,537 [main] INFO  ozone.HddsDatanodeService (HddsDatanodeService.java:start(239)) - HddsDatanodeService host:fv-az1248-16.lhg1ljel1gwudbpqdk5ar2pfag.bx.internal.cloudapp.net ip:10.1.0.34
2024-01-14 17:00:21,552 [main] INFO  upgrade.AbstractLayoutVersionManager (AbstractLayoutVersionManager.java:init(83)) - Initializing Layout version manager with metadata layout = HADOOP_PRC_PORTS_IN_DATANODEDETAILS (version = 7), software layout = HADOOP_PRC_PORTS_IN_DATANODEDETAILS (version = 7)
2024-01-14 17:00:21,553 [main] INFO  statemachine.DatanodeStateMachine (DatanodeStateMachine.java:getEndPointTaskThreadPoolSize(299)) - Datanode State Machine Task Thread Pool size 2
2024-01-14 17:00:21,554 [main] INFO  volume.HddsVolume (HddsVolume.java:<init>(125)) - Creating HddsVolume: /home/runner/work/ozone/ozone/hadoop-ozone/integration-test/target/test-dir/MiniOzoneClusterImpl-55f63948-b302-44a8-9a44-732f3ddcab57/datanode-5/data-0/containers/hdds of storage type : DISK capacity : 9223372036854775807
2024-01-14 17:00:21,554 [main] INFO  volume.MutableVolumeSet (MutableVolumeSet.java:initializeVolumeSet(173)) - Added Volume : /home/runner/work/ozone/ozone/hadoop-ozone/integration-test/target/test-dir/MiniOzoneClusterImpl-55f63948-b302-44a8-9a44-732f3ddcab57/datanode-5/data-0/containers/hdds to VolumeSet
2024-01-14 17:00:21,554 [main] INFO  volume.MutableVolumeSet (MutableVolumeSet.java:initializeVolumeSet(173)) - Added Volume : /home/runner/work/ozone/ozone/hadoop-ozone/integration-test/target/test-dir/MiniOzoneClusterImpl-55f63948-b302-44a8-9a44-732f3ddcab57/datanode-5/data/ratis to VolumeSet
2024-01-14 17:00:21,555 [main] INFO  ozoneimpl.OzoneContainer (HddsVolumeUtil.java:loadAllHddsVolumeDbStore(103)) - Load 1 volumes DbStore cost: 0ms
2024-01-14 17:00:21,555 [bc0247fb-4108-4537-bc2d-6aaa51d5d1de-ContainerReader-0] INFO  ozoneimpl.ContainerReader (ContainerReader.java:readVolume(178)) - Finish verifying containers on volume /home/runner/work/ozone/ozone/hadoop-ozone/integration-test/target/test-dir/MiniOzoneClusterImpl-55f63948-b302-44a8-9a44-732f3ddcab57/datanode-5/data-0/containers/hdds
2024-01-14 17:00:21,555 [main] INFO  ozoneimpl.OzoneContainer (OzoneContainer.java:buildContainerSet(328)) - Build ContainerSet costs 0s
2024-01-14 17:00:21,556 [main] INFO  server.RaftServer (ConfUtils.java:logGet(46)) - raft.rpc.type = GRPC (default)
2024-01-14 17:00:21,556 [main] INFO  grpc.GrpcConfigKeys (ConfUtils.java:logFallback(53)) - raft.grpc.admin.host = null (fallback to raft.grpc.server.host)
2024-01-14 17:00:21,557 [main] INFO  grpc.GrpcConfigKeys (ConfUtils.java:logGet(46)) - raft.grpc.admin.port = 15414 (custom)
2024-01-14 17:00:21,557 [main] INFO  grpc.GrpcConfigKeys (ConfUtils.java:logFallback(53)) - raft.grpc.client.host = null (fallback to raft.grpc.server.host)
2024-01-14 17:00:21,557 [main] INFO  grpc.GrpcConfigKeys (ConfUtils.java:logGet(46)) - raft.grpc.client.port = 15413 (custom)
2024-01-14 17:00:21,557 [main] INFO  grpc.GrpcConfigKeys (ConfUtils.java:logGet(46)) - raft.grpc.server.host = null (default)
2024-01-14 17:00:21,557 [main] INFO  grpc.GrpcConfigKeys (ConfUtils.java:logGet(46)) - raft.grpc.server.port = 15415 (custom)
2024-01-14 17:00:21,557 [main] INFO  server.GrpcService (ConfUtils.java:logGet(46)) - raft.grpc.message.size.max = 32MB (=33554432) (custom)
2024-01-14 17:00:21,557 [main] INFO  server.RaftServerConfigKeys (ConfUtils.java:logGet(46)) - raft.server.log.appender.buffer.byte-limit = 8388608 (custom)
2024-01-14 17:00:21,557 [main] INFO  server.GrpcService (ConfUtils.java:logGet(46)) - raft.grpc.flow.control.window = 5MB (=5242880) (custom)
2024-01-14 17:00:21,558 [main] INFO  server.RaftServerConfigKeys (ConfUtils.java:logGet(46)) - raft.server.rpc.request.timeout = 3000ms (default)
2024-01-14 17:00:21,558 [main] INFO  grpc.GrpcConfigKeys (ConfUtils.java:logGet(46)) - raft.grpc.server.heartbeat.channel = true (default)
2024-01-14 17:00:21,558 [main] INFO  grpc.GrpcConfigKeys (ConfUtils.java:logGet(46)) - raft.grpc.server.async.request.thread.pool.cached = true (default)
2024-01-14 17:00:21,558 [main] INFO  grpc.GrpcConfigKeys (ConfUtils.java:logGet(46)) - raft.grpc.server.async.request.thread.pool.size = 32 (default)
2024-01-14 17:00:21,559 [main] INFO  impl.DataStreamServerImpl (ConfUtils.java:logGet(46)) - raft.datastream.type = NETTY (custom)
2024-01-14 17:00:21,560 [main] INFO  server.RaftServerConfigKeys (ConfUtils.java:logGet(46)) - raft.server.data-stream.async.request.thread.pool.cached = false (default)
2024-01-14 17:00:21,560 [main] INFO  server.RaftServerConfigKeys (ConfUtils.java:logGet(46)) - raft.server.data-stream.async.request.thread.pool.size = 20 (custom)
2024-01-14 17:00:21,560 [main] INFO  server.RaftServerConfigKeys (ConfUtils.java:logGet(46)) - raft.server.data-stream.async.write.thread.pool.size = 16 (default)
2024-01-14 17:00:21,560 [main] INFO  netty.NettyConfigKeys$DataStream (ConfUtils.java:logGet(46)) - raft.netty.dataStream.server.channel.inactive.grace-period = 10min (default)
2024-01-14 17:00:21,560 [main] INFO  server.RaftServerConfigKeys (ConfUtils.java:logGet(46)) - raft.server.data-stream.client.pool.size = 10 (default)
2024-01-14 17:00:21,560 [main] INFO  netty.NettyConfigKeys$DataStream (ConfUtils.java:logGet(46)) - raft.netty.dataStream.server.use-epoll = true (default)
2024-01-14 17:00:21,560 [main] INFO  netty.NettyConfigKeys$DataStream (ConfUtils.java:logGet(46)) - raft.netty.dataStream.server.boss-group.size = 0 (default)
2024-01-14 17:00:21,560 [main] INFO  netty.NettyUtils (NettyUtils.java:newEventLoopGroup(69)) - Create EpollEventLoopGroup for bc0247fb-4108-4537-bc2d-6aaa51d5d1de-NettyServerStreamRpc-bossGroup; Thread size is 0.
2024-01-14 17:00:21,561 [main] INFO  netty.NettyConfigKeys$DataStream (ConfUtils.java:logGet(46)) - raft.netty.dataStream.server.worker-group.size = 0 (default)
2024-01-14 17:00:21,561 [main] INFO  netty.NettyUtils (NettyUtils.java:newEventLoopGroup(69)) - Create EpollEventLoopGroup for bc0247fb-4108-4537-bc2d-6aaa51d5d1de-NettyServerStreamRpc-workerGroup; Thread size is 0.
2024-01-14 17:00:21,561 [main] INFO  netty.NettyConfigKeys$DataStream (ConfUtils.java:logGet(46)) - raft.netty.dataStream.server.tls.conf = null (default)
2024-01-14 17:00:21,561 [main] INFO  netty.NettyConfigKeys$DataStream (ConfUtils.java:logGet(46)) - raft.netty.dataStream.host = null (default)
2024-01-14 17:00:21,561 [main] INFO  netty.NettyConfigKeys$DataStream (ConfUtils.java:logGet(46)) - raft.netty.dataStream.port = 15416 (custom)
2024-01-14 17:00:21,561 [main] INFO  server.RaftServerConfigKeys (ConfUtils.java:logGet(46)) - raft.server.sleep.deviation.threshold = 300ms (default)
2024-01-14 17:00:21,562 [bc0247fb-4108-4537-bc2d-6aaa51d5d1de-NettyServerStreamRpc-bossGroup--thread1] INFO  logging.LoggingHandler (AbstractInternalLogger.java:log(148)) - [id: 0xbb7ab463] REGISTERED
2024-01-14 17:00:21,562 [main] INFO  server.RaftServerConfigKeys (ConfUtils.java:logGet(46)) - raft.server.close.threshold = 60s (default)
2024-01-14 17:00:21,562 [bc0247fb-4108-4537-bc2d-6aaa51d5d1de-NettyServerStreamRpc-bossGroup--thread1] INFO  logging.LoggingHandler (AbstractInternalLogger.java:log(148)) - [id: 0xbb7ab463] BIND: 0.0.0.0/0.0.0.0:15416
2024-01-14 17:00:21,562 [main] INFO  server.RaftServerConfigKeys (ConfUtils.java:logGet(46)) - raft.server.leaderelection.leader.step-down.wait-time = 10s (default)
2024-01-14 17:00:21,562 [bc0247fb-4108-4537-bc2d-6aaa51d5d1de-NettyServerStreamRpc-bossGroup--thread1] INFO  logging.LoggingHandler (AbstractInternalLogger.java:log(148)) - [id: 0xbb7ab463, L:/0.0.0.0:15416] ACTIVE
2024-01-14 17:00:21,562 [main] INFO  server.RaftServerConfigKeys (ConfUtils.java:logGet(46)) - raft.server.storage.dir = [/home/runner/work/ozone/ozone/hadoop-ozone/integration-test/target/test-dir/MiniOzoneClusterImpl-55f63948-b302-44a8-9a44-732f3ddcab57/datanode-5/data/ratis] (custom)
2024-01-14 17:00:21,562 [main] INFO  server.RaftServerConfigKeys (ConfUtils.java:logGet(46)) - raft.server.threadpool.proxy.cached = true (default)
2024-01-14 17:00:21,562 [main] INFO  server.RaftServerConfigKeys (ConfUtils.java:logGet(46)) - raft.server.threadpool.proxy.size = 0 (default)
2024-01-14 17:00:21,563 [bc0247fb-4108-4537-bc2d-6aaa51d5d1de-impl-thread1] INFO  server.RaftServer (RaftServerProxy.java:initGroupDir(264)) - bc0247fb-4108-4537-bc2d-6aaa51d5d1de: found a subdirectory /home/runner/work/ozone/ozone/hadoop-ozone/integration-test/target/test-dir/MiniOzoneClusterImpl-55f63948-b302-44a8-9a44-732f3ddcab57/datanode-5/data/ratis/tmp
2024-01-14 17:00:21,563 [bc0247fb-4108-4537-bc2d-6aaa51d5d1de-impl-thread1] INFO  server.RaftServer (RaftServerProxy.java:initGroupDir(269)) - bc0247fb-4108-4537-bc2d-6aaa51d5d1de: The directory /home/runner/work/ozone/ozone/hadoop-ozone/integration-test/target/test-dir/MiniOzoneClusterImpl-55f63948-b302-44a8-9a44-732f3ddcab57/datanode-5/data/ratis/tmp is not a group directory; ignoring it. 
2024-01-14 17:00:21,563 [main] INFO  replication.ReplicationServer (ReplicationServer.java:<init>(85)) - Initializing replication server with thread count = 10 queue length = 4096
2024-01-14 17:00:21,563 [main] INFO  server.XceiverServerGrpc (XceiverServerGrpc.java:<init>(141)) - GrpcServer channel type EpollServerSocketChannel
2024-01-14 17:00:21,564 [main] INFO  replication.ReplicationSupervisor (ReplicationSupervisor.java:build(163)) - Initializing replication supervisor with thread count = 10
2024-01-14 17:00:21,565 [main] INFO  replication.ReplicationSupervisor (ReplicationSupervisor.java:nodeStateUpdated(317)) - Node state updated to IN_SERVICE, scaling executor pool size to 10
2024-01-14 17:00:21,566 [main] INFO  http.BaseHttpServer (BaseHttpServer.java:newHttpServer2BuilderForOzone(223)) - Starting Web-server for hddsDatanode at: http://0.0.0.0:15410
2024-01-14 17:00:21,566 [main] INFO  http.BaseHttpServer (BaseHttpServer.java:<init>(110)) - Hadoop Security Enabled: false Ozone Security Enabled: false Ozone HTTP Security Enabled: false 
2024-01-14 17:00:21,567 [main] WARN  server.AuthenticationFilter (AuthenticationFilter.java:constructSecretProvider(240)) - Unable to initialize FileSignerSecretProvider, falling back to use random secrets. Reason: Could not read signature secret file: /home/runner/hadoop-http-auth-signature-secret
2024-01-14 17:00:21,568 [main] INFO  http.HttpRequestLog (HttpRequestLog.java:getRequestLog(86)) - Http request log for http.requests.hddsDatanode is not defined
2024-01-14 17:00:21,569 [main] INFO  http.HttpServer2 (HttpServer2.java:addGlobalFilter(1036)) - Added global filter 'safety' (class=org.apache.hadoop.hdds.server.http.HttpServer2$QuotingInputFilter)
2024-01-14 17:00:21,569 [main] INFO  http.HttpServer2 (HttpServer2.java:addFilter(1012)) - Added filter static_user_filter (class=org.apache.hadoop.http.lib.StaticUserWebFilter$StaticUserFilter) to context hddsDatanode
2024-01-14 17:00:21,569 [main] INFO  http.HttpServer2 (HttpServer2.java:addFilter(1020)) - Added filter static_user_filter (class=org.apache.hadoop.http.lib.StaticUserWebFilter$StaticUserFilter) to context logs
2024-01-14 17:00:21,569 [main] INFO  http.HttpServer2 (HttpServer2.java:addFilter(1020)) - Added filter static_user_filter (class=org.apache.hadoop.http.lib.StaticUserWebFilter$StaticUserFilter) to context static
2024-01-14 17:00:21,570 [main] INFO  http.BaseHttpServer (BaseHttpServer.java:<init>(189)) - HTTP server of hddsDatanode uses base directory /home/runner/work/ozone/ozone/hadoop-ozone/integration-test/target/test-dir/MiniOzoneClusterImpl-55f63948-b302-44a8-9a44-732f3ddcab57/datanode-5/meta/webserver
2024-01-14 17:00:21,570 [main] INFO  http.HttpServer2 (HttpServer2.java:bindListener(1236)) - Jetty bound to port 15410
2024-01-14 17:00:21,570 [main] INFO  server.Server (Server.java:doStart(375)) - jetty-9.4.53.v20231009; built: 2023-10-09T12:29:09.265Z; git: 27bde00a0b95a1d5bbee0eae7984f891d2d0f8c9; jvm 1.8.0_392-b08
2024-01-14 17:00:21,571 [main] INFO  server.session (DefaultSessionIdManager.java:doStart(334)) - DefaultSessionIdManager workerName=node0
2024-01-14 17:00:21,571 [main] INFO  server.session (DefaultSessionIdManager.java:doStart(339)) - No SessionScavenger set, using defaults
2024-01-14 17:00:21,571 [main] INFO  server.session (HouseKeeper.java:startScavenging(132)) - node0 Scavenging every 600000ms
2024-01-14 17:00:21,571 [main] INFO  handler.ContextHandler (ContextHandler.java:doStart(921)) - Started o.e.j.s.ServletContextHandler@3d632b96{logs,/logs,file:///home/runner/work/ozone/ozone/hadoop-ozone/integration-test/target/log,AVAILABLE}
2024-01-14 17:00:21,572 [main] INFO  handler.ContextHandler (ContextHandler.java:doStart(921)) - Started o.e.j.s.ServletContextHandler@6172bc2f{static,/static,jar:file:/home/runner/.m2/repository/org/apache/ozone/hdds-container-service/1.5.0-SNAPSHOT/hdds-container-service-1.5.0-SNAPSHOT.jar!/webapps/static,AVAILABLE}
2024-01-14 17:00:21,604 [main] INFO  handler.ContextHandler (ContextHandler.java:doStart(921)) - Started o.e.j.w.WebAppContext@20f01996{hddsDatanode,/,file:///home/runner/work/ozone/ozone/hadoop-ozone/integration-test/target/test-dir/MiniOzoneClusterImpl-55f63948-b302-44a8-9a44-732f3ddcab57/datanode-5/meta/webserver/jetty-0_0_0_0-15410-hdds-container-service-1_5_0-SNAPSHOT_jar-_-any-1250365836705407242/webapp/,AVAILABLE}{jar:file:/home/runner/.m2/repository/org/apache/ozone/hdds-container-service/1.5.0-SNAPSHOT/hdds-container-service-1.5.0-SNAPSHOT.jar!/webapps/hddsDatanode}
2024-01-14 17:00:21,607 [main] INFO  server.AbstractConnector (AbstractConnector.java:doStart(333)) - Started ServerConnector@5d0f0120{HTTP/1.1, (http/1.1)}{0.0.0.0:15410}
2024-01-14 17:00:21,607 [main] INFO  server.Server (Server.java:doStart(415)) - Started @140792ms
2024-01-14 17:00:21,607 [main] WARN  impl.MetricsSystemImpl (MetricsSystemImpl.java:register(279)) - Sink prometheus already exists!
2024-01-14 17:00:21,608 [main] INFO  http.BaseHttpServer (BaseHttpServer.java:updateConnectorAddress(354)) - HTTP server of hddsDatanode listening at http://0.0.0.0:15410
2024-01-14 17:00:21,608 [main] INFO  ipc.CallQueueManager (CallQueueManager.java:<init>(90)) - Using callQueue: class java.util.concurrent.LinkedBlockingQueue, queueCapacity: 100, scheduler: class org.apache.hadoop.ipc.DefaultRpcScheduler, ipcBackoff: false.
2024-01-14 17:00:21,608 [main] INFO  ipc.Server (Server.java:<init>(1287)) - Listener at 0.0.0.0:15411
2024-01-14 17:00:21,609 [Socket Reader #1 for port 15411] INFO  ipc.Server (Server.java:run(1323)) - Starting Socket Reader #1 for port 15411
2024-01-14 17:00:21,610 [main] INFO  ozone.HddsDatanodeService (HddsDatanodeService.java:start(324)) - Datanode start with admins: [runner]
2024-01-14 17:00:21,610 [main] INFO  ozone.HddsDatanodeClientProtocolServer (HddsDatanodeClientProtocolServer.java:start(72)) - RPC server for Client /0.0.0.0:15411
2024-01-14 17:00:21,610 [IPC Server Responder] INFO  ipc.Server (Server.java:run(1562)) - IPC Server Responder: starting
2024-01-14 17:00:21,610 [IPC Server listener on 15411] INFO  ipc.Server (Server.java:run(1402)) - IPC Server listener on 15411: starting
2024-01-14 17:00:21,611 [bc0247fb-4108-4537-bc2d-6aaa51d5d1de-DatanodeStateMachineDaemonThread] INFO  statemachine.DatanodeStateMachine (DatanodeStateMachine.java:lambda$startDaemon$1(555)) - Ozone container server started.
2024-01-14 17:00:21,611 [main] WARN  dropwizard3.Dm3MetricRegistriesImpl (Dm3MetricRegistriesImpl.java:addReporterRegistration(113)) - New reporters are added after registries were created. Some metrics will be missing from the reporter. Please add reporter before adding any new registry.
2024-01-14 17:00:21,617 [main] WARN  dropwizard3.Dm3MetricRegistriesImpl (Dm3MetricRegistriesImpl.java:addReporterRegistration(113)) - New reporters are added after registries were created. Some metrics will be missing from the reporter. Please add reporter before adding any new registry.
2024-01-14 17:00:21,617 [main] INFO  impl.MetricsSystemImpl (MetricsSystemImpl.java:init(158)) - HddsDatanode metrics system started (again)
2024-01-14 17:00:21,619 [bc0247fb-4108-4537-bc2d-6aaa51d5d1de-DatanodeStateMachineTaskThread-0] INFO  datanode.InitDatanodeState (InitDatanodeState.java:persistContainerDatanodeDetails(139)) - DatanodeDetails is persisted to /home/runner/work/ozone/ozone/hadoop-ozone/integration-test/target/test-dir/MiniOzoneClusterImpl-55f63948-b302-44a8-9a44-732f3ddcab57/datanode-5/meta/datanode.id
2024-01-14 17:00:21,626 [main] INFO  ozone.HddsDatanodeService (HddsDatanodeService.java:start(239)) - HddsDatanodeService host:fv-az1248-16.lhg1ljel1gwudbpqdk5ar2pfag.bx.internal.cloudapp.net ip:10.1.0.34
2024-01-14 17:00:21,641 [main] INFO  upgrade.AbstractLayoutVersionManager (AbstractLayoutVersionManager.java:init(83)) - Initializing Layout version manager with metadata layout = HADOOP_PRC_PORTS_IN_DATANODEDETAILS (version = 7), software layout = HADOOP_PRC_PORTS_IN_DATANODEDETAILS (version = 7)
2024-01-14 17:00:21,641 [main] INFO  statemachine.DatanodeStateMachine (DatanodeStateMachine.java:getEndPointTaskThreadPoolSize(299)) - Datanode State Machine Task Thread Pool size 2
2024-01-14 17:00:21,642 [main] INFO  volume.HddsVolume (HddsVolume.java:<init>(125)) - Creating HddsVolume: /home/runner/work/ozone/ozone/hadoop-ozone/integration-test/target/test-dir/MiniOzoneClusterImpl-55f63948-b302-44a8-9a44-732f3ddcab57/datanode-6/data-0/containers/hdds of storage type : DISK capacity : 9223372036854775807
2024-01-14 17:00:21,642 [main] INFO  volume.MutableVolumeSet (MutableVolumeSet.java:initializeVolumeSet(173)) - Added Volume : /home/runner/work/ozone/ozone/hadoop-ozone/integration-test/target/test-dir/MiniOzoneClusterImpl-55f63948-b302-44a8-9a44-732f3ddcab57/datanode-6/data-0/containers/hdds to VolumeSet
2024-01-14 17:00:21,643 [main] INFO  volume.MutableVolumeSet (MutableVolumeSet.java:initializeVolumeSet(173)) - Added Volume : /home/runner/work/ozone/ozone/hadoop-ozone/integration-test/target/test-dir/MiniOzoneClusterImpl-55f63948-b302-44a8-9a44-732f3ddcab57/datanode-6/data/ratis to VolumeSet
2024-01-14 17:00:21,643 [main] INFO  ozoneimpl.OzoneContainer (HddsVolumeUtil.java:loadAllHddsVolumeDbStore(103)) - Load 1 volumes DbStore cost: 0ms
2024-01-14 17:00:21,643 [01ac3795-95be-4125-9c80-d1d2d581a769-ContainerReader-0] INFO  ozoneimpl.ContainerReader (ContainerReader.java:readVolume(178)) - Finish verifying containers on volume /home/runner/work/ozone/ozone/hadoop-ozone/integration-test/target/test-dir/MiniOzoneClusterImpl-55f63948-b302-44a8-9a44-732f3ddcab57/datanode-6/data-0/containers/hdds
2024-01-14 17:00:21,643 [main] INFO  ozoneimpl.OzoneContainer (OzoneContainer.java:buildContainerSet(328)) - Build ContainerSet costs 0s
2024-01-14 17:00:21,645 [main] INFO  server.RaftServer (ConfUtils.java:logGet(46)) - raft.rpc.type = GRPC (default)
2024-01-14 17:00:21,645 [main] INFO  grpc.GrpcConfigKeys (ConfUtils.java:logFallback(53)) - raft.grpc.admin.host = null (fallback to raft.grpc.server.host)
2024-01-14 17:00:21,645 [main] INFO  grpc.GrpcConfigKeys (ConfUtils.java:logGet(46)) - raft.grpc.admin.port = 15423 (custom)
2024-01-14 17:00:21,645 [main] INFO  grpc.GrpcConfigKeys (ConfUtils.java:logFallback(53)) - raft.grpc.client.host = null (fallback to raft.grpc.server.host)
2024-01-14 17:00:21,645 [main] INFO  grpc.GrpcConfigKeys (ConfUtils.java:logGet(46)) - raft.grpc.client.port = 15422 (custom)
2024-01-14 17:00:21,646 [main] INFO  grpc.GrpcConfigKeys (ConfUtils.java:logGet(46)) - raft.grpc.server.host = null (default)
2024-01-14 17:00:21,646 [main] INFO  grpc.GrpcConfigKeys (ConfUtils.java:logGet(46)) - raft.grpc.server.port = 15424 (custom)
2024-01-14 17:00:21,646 [main] INFO  server.GrpcService (ConfUtils.java:logGet(46)) - raft.grpc.message.size.max = 32MB (=33554432) (custom)
2024-01-14 17:00:21,646 [main] INFO  server.RaftServerConfigKeys (ConfUtils.java:logGet(46)) - raft.server.log.appender.buffer.byte-limit = 8388608 (custom)
2024-01-14 17:00:21,646 [main] INFO  server.GrpcService (ConfUtils.java:logGet(46)) - raft.grpc.flow.control.window = 5MB (=5242880) (custom)
2024-01-14 17:00:21,646 [main] INFO  server.RaftServerConfigKeys (ConfUtils.java:logGet(46)) - raft.server.rpc.request.timeout = 3000ms (default)
2024-01-14 17:00:21,646 [main] INFO  grpc.GrpcConfigKeys (ConfUtils.java:logGet(46)) - raft.grpc.server.heartbeat.channel = true (default)
2024-01-14 17:00:21,646 [main] INFO  grpc.GrpcConfigKeys (ConfUtils.java:logGet(46)) - raft.grpc.server.async.request.thread.pool.cached = true (default)
2024-01-14 17:00:21,647 [main] INFO  grpc.GrpcConfigKeys (ConfUtils.java:logGet(46)) - raft.grpc.server.async.request.thread.pool.size = 32 (default)
2024-01-14 17:00:21,648 [main] INFO  impl.DataStreamServerImpl (ConfUtils.java:logGet(46)) - raft.datastream.type = NETTY (custom)
2024-01-14 17:00:21,648 [main] INFO  server.RaftServerConfigKeys (ConfUtils.java:logGet(46)) - raft.server.data-stream.async.request.thread.pool.cached = false (default)
2024-01-14 17:00:21,649 [main] INFO  server.RaftServerConfigKeys (ConfUtils.java:logGet(46)) - raft.server.data-stream.async.request.thread.pool.size = 20 (custom)
2024-01-14 17:00:21,649 [main] INFO  server.RaftServerConfigKeys (ConfUtils.java:logGet(46)) - raft.server.data-stream.async.write.thread.pool.size = 16 (default)
2024-01-14 17:00:21,649 [main] INFO  netty.NettyConfigKeys$DataStream (ConfUtils.java:logGet(46)) - raft.netty.dataStream.server.channel.inactive.grace-period = 10min (default)
2024-01-14 17:00:21,649 [main] INFO  server.RaftServerConfigKeys (ConfUtils.java:logGet(46)) - raft.server.data-stream.client.pool.size = 10 (default)
2024-01-14 17:00:21,649 [main] INFO  netty.NettyConfigKeys$DataStream (ConfUtils.java:logGet(46)) - raft.netty.dataStream.server.use-epoll = true (default)
2024-01-14 17:00:21,649 [main] INFO  netty.NettyConfigKeys$DataStream (ConfUtils.java:logGet(46)) - raft.netty.dataStream.server.boss-group.size = 0 (default)
2024-01-14 17:00:21,649 [main] INFO  netty.NettyUtils (NettyUtils.java:newEventLoopGroup(69)) - Create EpollEventLoopGroup for 01ac3795-95be-4125-9c80-d1d2d581a769-NettyServerStreamRpc-bossGroup; Thread size is 0.
2024-01-14 17:00:21,650 [main] INFO  netty.NettyConfigKeys$DataStream (ConfUtils.java:logGet(46)) - raft.netty.dataStream.server.worker-group.size = 0 (default)
2024-01-14 17:00:21,650 [main] INFO  netty.NettyUtils (NettyUtils.java:newEventLoopGroup(69)) - Create EpollEventLoopGroup for 01ac3795-95be-4125-9c80-d1d2d581a769-NettyServerStreamRpc-workerGroup; Thread size is 0.
2024-01-14 17:00:21,650 [main] INFO  netty.NettyConfigKeys$DataStream (ConfUtils.java:logGet(46)) - raft.netty.dataStream.server.tls.conf = null (default)
2024-01-14 17:00:21,650 [main] INFO  netty.NettyConfigKeys$DataStream (ConfUtils.java:logGet(46)) - raft.netty.dataStream.host = null (default)
2024-01-14 17:00:21,650 [main] INFO  netty.NettyConfigKeys$DataStream (ConfUtils.java:logGet(46)) - raft.netty.dataStream.port = 15425 (custom)
2024-01-14 17:00:21,650 [main] INFO  server.RaftServerConfigKeys (ConfUtils.java:logGet(46)) - raft.server.sleep.deviation.threshold = 300ms (default)
2024-01-14 17:00:21,651 [main] INFO  server.RaftServerConfigKeys (ConfUtils.java:logGet(46)) - raft.server.close.threshold = 60s (default)
2024-01-14 17:00:21,651 [main] INFO  server.RaftServerConfigKeys (ConfUtils.java:logGet(46)) - raft.server.leaderelection.leader.step-down.wait-time = 10s (default)
2024-01-14 17:00:21,651 [01ac3795-95be-4125-9c80-d1d2d581a769-NettyServerStreamRpc-bossGroup--thread1] INFO  logging.LoggingHandler (AbstractInternalLogger.java:log(148)) - [id: 0xfaa10f32] REGISTERED
2024-01-14 17:00:21,651 [main] INFO  server.RaftServerConfigKeys (ConfUtils.java:logGet(46)) - raft.server.storage.dir = [/home/runner/work/ozone/ozone/hadoop-ozone/integration-test/target/test-dir/MiniOzoneClusterImpl-55f63948-b302-44a8-9a44-732f3ddcab57/datanode-6/data/ratis] (custom)
2024-01-14 17:00:21,651 [main] INFO  server.RaftServerConfigKeys (ConfUtils.java:logGet(46)) - raft.server.threadpool.proxy.cached = true (default)
2024-01-14 17:00:21,651 [main] INFO  server.RaftServerConfigKeys (ConfUtils.java:logGet(46)) - raft.server.threadpool.proxy.size = 0 (default)
2024-01-14 17:00:21,651 [01ac3795-95be-4125-9c80-d1d2d581a769-NettyServerStreamRpc-bossGroup--thread1] INFO  logging.LoggingHandler (AbstractInternalLogger.java:log(148)) - [id: 0xfaa10f32] BIND: 0.0.0.0/0.0.0.0:15425
2024-01-14 17:00:21,652 [01ac3795-95be-4125-9c80-d1d2d581a769-NettyServerStreamRpc-bossGroup--thread1] INFO  logging.LoggingHandler (AbstractInternalLogger.java:log(148)) - [id: 0xfaa10f32, L:/0.0.0.0:15425] ACTIVE
2024-01-14 17:00:21,655 [01ac3795-95be-4125-9c80-d1d2d581a769-impl-thread1] INFO  server.RaftServer (RaftServerProxy.java:initGroupDir(264)) - 01ac3795-95be-4125-9c80-d1d2d581a769: found a subdirectory /home/runner/work/ozone/ozone/hadoop-ozone/integration-test/target/test-dir/MiniOzoneClusterImpl-55f63948-b302-44a8-9a44-732f3ddcab57/datanode-6/data/ratis/tmp
2024-01-14 17:00:21,655 [01ac3795-95be-4125-9c80-d1d2d581a769-impl-thread1] INFO  server.RaftServer (RaftServerProxy.java:initGroupDir(269)) - 01ac3795-95be-4125-9c80-d1d2d581a769: The directory /home/runner/work/ozone/ozone/hadoop-ozone/integration-test/target/test-dir/MiniOzoneClusterImpl-55f63948-b302-44a8-9a44-732f3ddcab57/datanode-6/data/ratis/tmp is not a group directory; ignoring it. 
2024-01-14 17:00:21,655 [main] INFO  replication.ReplicationServer (ReplicationServer.java:<init>(85)) - Initializing replication server with thread count = 10 queue length = 4096
2024-01-14 17:00:21,656 [main] INFO  server.XceiverServerGrpc (XceiverServerGrpc.java:<init>(141)) - GrpcServer channel type EpollServerSocketChannel
2024-01-14 17:00:21,657 [main] INFO  replication.ReplicationSupervisor (ReplicationSupervisor.java:build(163)) - Initializing replication supervisor with thread count = 10
2024-01-14 17:00:21,657 [main] INFO  replication.ReplicationSupervisor (ReplicationSupervisor.java:nodeStateUpdated(317)) - Node state updated to IN_SERVICE, scaling executor pool size to 10
2024-01-14 17:00:21,658 [main] INFO  http.BaseHttpServer (BaseHttpServer.java:newHttpServer2BuilderForOzone(223)) - Starting Web-server for hddsDatanode at: http://0.0.0.0:15419
2024-01-14 17:00:21,659 [main] INFO  http.BaseHttpServer (BaseHttpServer.java:<init>(110)) - Hadoop Security Enabled: false Ozone Security Enabled: false Ozone HTTP Security Enabled: false 
2024-01-14 17:00:21,659 [main] WARN  server.AuthenticationFilter (AuthenticationFilter.java:constructSecretProvider(240)) - Unable to initialize FileSignerSecretProvider, falling back to use random secrets. Reason: Could not read signature secret file: /home/runner/hadoop-http-auth-signature-secret
2024-01-14 17:00:21,660 [main] INFO  http.HttpRequestLog (HttpRequestLog.java:getRequestLog(86)) - Http request log for http.requests.hddsDatanode is not defined
2024-01-14 17:00:21,660 [main] INFO  http.HttpServer2 (HttpServer2.java:addGlobalFilter(1036)) - Added global filter 'safety' (class=org.apache.hadoop.hdds.server.http.HttpServer2$QuotingInputFilter)
2024-01-14 17:00:21,661 [main] INFO  http.HttpServer2 (HttpServer2.java:addFilter(1012)) - Added filter static_user_filter (class=org.apache.hadoop.http.lib.StaticUserWebFilter$StaticUserFilter) to context hddsDatanode
2024-01-14 17:00:21,661 [main] INFO  http.HttpServer2 (HttpServer2.java:addFilter(1020)) - Added filter static_user_filter (class=org.apache.hadoop.http.lib.StaticUserWebFilter$StaticUserFilter) to context static
2024-01-14 17:00:21,661 [main] INFO  http.HttpServer2 (HttpServer2.java:addFilter(1020)) - Added filter static_user_filter (class=org.apache.hadoop.http.lib.StaticUserWebFilter$StaticUserFilter) to context logs
2024-01-14 17:00:21,661 [main] INFO  http.BaseHttpServer (BaseHttpServer.java:<init>(189)) - HTTP server of hddsDatanode uses base directory /home/runner/work/ozone/ozone/hadoop-ozone/integration-test/target/test-dir/MiniOzoneClusterImpl-55f63948-b302-44a8-9a44-732f3ddcab57/datanode-6/meta/webserver
2024-01-14 17:00:21,662 [main] INFO  http.HttpServer2 (HttpServer2.java:bindListener(1236)) - Jetty bound to port 15419
2024-01-14 17:00:21,662 [main] INFO  server.Server (Server.java:doStart(375)) - jetty-9.4.53.v20231009; built: 2023-10-09T12:29:09.265Z; git: 27bde00a0b95a1d5bbee0eae7984f891d2d0f8c9; jvm 1.8.0_392-b08
2024-01-14 17:00:21,663 [main] INFO  server.session (DefaultSessionIdManager.java:doStart(334)) - DefaultSessionIdManager workerName=node0
2024-01-14 17:00:21,663 [main] INFO  server.session (DefaultSessionIdManager.java:doStart(339)) - No SessionScavenger set, using defaults
2024-01-14 17:00:21,663 [main] INFO  server.session (HouseKeeper.java:startScavenging(132)) - node0 Scavenging every 600000ms
2024-01-14 17:00:21,664 [main] INFO  handler.ContextHandler (ContextHandler.java:doStart(921)) - Started o.e.j.s.ServletContextHandler@7ce72f0e{logs,/logs,file:///home/runner/work/ozone/ozone/hadoop-ozone/integration-test/target/log,AVAILABLE}
2024-01-14 17:00:21,664 [main] INFO  handler.ContextHandler (ContextHandler.java:doStart(921)) - Started o.e.j.s.ServletContextHandler@79c126a5{static,/static,jar:file:/home/runner/.m2/repository/org/apache/ozone/hdds-container-service/1.5.0-SNAPSHOT/hdds-container-service-1.5.0-SNAPSHOT.jar!/webapps/static,AVAILABLE}
2024-01-14 17:00:21,696 [main] INFO  handler.ContextHandler (ContextHandler.java:doStart(921)) - Started o.e.j.w.WebAppContext@4e87deae{hddsDatanode,/,file:///home/runner/work/ozone/ozone/hadoop-ozone/integration-test/target/test-dir/MiniOzoneClusterImpl-55f63948-b302-44a8-9a44-732f3ddcab57/datanode-6/meta/webserver/jetty-0_0_0_0-15419-hdds-container-service-1_5_0-SNAPSHOT_jar-_-any-4727256150351737944/webapp/,AVAILABLE}{jar:file:/home/runner/.m2/repository/org/apache/ozone/hdds-container-service/1.5.0-SNAPSHOT/hdds-container-service-1.5.0-SNAPSHOT.jar!/webapps/hddsDatanode}
2024-01-14 17:00:21,696 [main] INFO  server.AbstractConnector (AbstractConnector.java:doStart(333)) - Started ServerConnector@7f90e015{HTTP/1.1, (http/1.1)}{0.0.0.0:15419}
2024-01-14 17:00:21,696 [main] INFO  server.Server (Server.java:doStart(415)) - Started @140881ms
2024-01-14 17:00:21,696 [main] WARN  impl.MetricsSystemImpl (MetricsSystemImpl.java:register(279)) - Sink prometheus already exists!
2024-01-14 17:00:21,697 [main] INFO  http.BaseHttpServer (BaseHttpServer.java:updateConnectorAddress(354)) - HTTP server of hddsDatanode listening at http://0.0.0.0:15419
2024-01-14 17:00:21,697 [main] INFO  ipc.CallQueueManager (CallQueueManager.java:<init>(90)) - Using callQueue: class java.util.concurrent.LinkedBlockingQueue, queueCapacity: 100, scheduler: class org.apache.hadoop.ipc.DefaultRpcScheduler, ipcBackoff: false.
2024-01-14 17:00:21,697 [main] INFO  ipc.Server (Server.java:<init>(1287)) - Listener at 0.0.0.0:15420
2024-01-14 17:00:21,698 [Socket Reader #1 for port 15420] INFO  ipc.Server (Server.java:run(1323)) - Starting Socket Reader #1 for port 15420
2024-01-14 17:00:21,699 [main] INFO  ozone.HddsDatanodeService (HddsDatanodeService.java:start(324)) - Datanode start with admins: [runner]
2024-01-14 17:00:21,699 [main] INFO  ozone.HddsDatanodeClientProtocolServer (HddsDatanodeClientProtocolServer.java:start(72)) - RPC server for Client /0.0.0.0:15420
2024-01-14 17:00:21,699 [IPC Server Responder] INFO  ipc.Server (Server.java:run(1562)) - IPC Server Responder: starting
2024-01-14 17:00:21,699 [IPC Server listener on 15420] INFO  ipc.Server (Server.java:run(1402)) - IPC Server listener on 15420: starting
2024-01-14 17:00:21,701 [01ac3795-95be-4125-9c80-d1d2d581a769-DatanodeStateMachineDaemonThread] INFO  statemachine.DatanodeStateMachine (DatanodeStateMachine.java:lambda$startDaemon$1(555)) - Ozone container server started.
2024-01-14 17:00:21,701 [main] WARN  dropwizard3.Dm3MetricRegistriesImpl (Dm3MetricRegistriesImpl.java:addReporterRegistration(113)) - New reporters are added after registries were created. Some metrics will be missing from the reporter. Please add reporter before adding any new registry.
2024-01-14 17:00:21,702 [main] WARN  dropwizard3.Dm3MetricRegistriesImpl (Dm3MetricRegistriesImpl.java:addReporterRegistration(113)) - New reporters are added after registries were created. Some metrics will be missing from the reporter. Please add reporter before adding any new registry.
2024-01-14 17:00:21,702 [main] INFO  impl.MetricsSystemImpl (MetricsSystemImpl.java:init(158)) - HddsDatanode metrics system started (again)
2024-01-14 17:00:21,704 [01ac3795-95be-4125-9c80-d1d2d581a769-DatanodeStateMachineTaskThread-0] INFO  datanode.InitDatanodeState (InitDatanodeState.java:persistContainerDatanodeDetails(139)) - DatanodeDetails is persisted to /home/runner/work/ozone/ozone/hadoop-ozone/integration-test/target/test-dir/MiniOzoneClusterImpl-55f63948-b302-44a8-9a44-732f3ddcab57/datanode-6/meta/datanode.id
2024-01-14 17:00:21,711 [main] INFO  ozone.HddsDatanodeService (HddsDatanodeService.java:start(239)) - HddsDatanodeService host:fv-az1248-16.lhg1ljel1gwudbpqdk5ar2pfag.bx.internal.cloudapp.net ip:10.1.0.34
2024-01-14 17:00:21,724 [main] INFO  upgrade.AbstractLayoutVersionManager (AbstractLayoutVersionManager.java:init(83)) - Initializing Layout version manager with metadata layout = HADOOP_PRC_PORTS_IN_DATANODEDETAILS (version = 7), software layout = HADOOP_PRC_PORTS_IN_DATANODEDETAILS (version = 7)
2024-01-14 17:00:21,725 [main] INFO  statemachine.DatanodeStateMachine (DatanodeStateMachine.java:getEndPointTaskThreadPoolSize(299)) - Datanode State Machine Task Thread Pool size 2
2024-01-14 17:00:21,725 [main] INFO  volume.HddsVolume (HddsVolume.java:<init>(125)) - Creating HddsVolume: /home/runner/work/ozone/ozone/hadoop-ozone/integration-test/target/test-dir/MiniOzoneClusterImpl-55f63948-b302-44a8-9a44-732f3ddcab57/datanode-7/data-0/containers/hdds of storage type : DISK capacity : 9223372036854775807
2024-01-14 17:00:21,726 [main] INFO  volume.MutableVolumeSet (MutableVolumeSet.java:initializeVolumeSet(173)) - Added Volume : /home/runner/work/ozone/ozone/hadoop-ozone/integration-test/target/test-dir/MiniOzoneClusterImpl-55f63948-b302-44a8-9a44-732f3ddcab57/datanode-7/data-0/containers/hdds to VolumeSet
2024-01-14 17:00:21,726 [main] INFO  volume.MutableVolumeSet (MutableVolumeSet.java:initializeVolumeSet(173)) - Added Volume : /home/runner/work/ozone/ozone/hadoop-ozone/integration-test/target/test-dir/MiniOzoneClusterImpl-55f63948-b302-44a8-9a44-732f3ddcab57/datanode-7/data/ratis to VolumeSet
2024-01-14 17:00:21,726 [main] INFO  ozoneimpl.OzoneContainer (HddsVolumeUtil.java:loadAllHddsVolumeDbStore(103)) - Load 1 volumes DbStore cost: 0ms
2024-01-14 17:00:21,727 [31061ca7-84d9-4b7e-bdb5-51e4d8805ce5-ContainerReader-0] INFO  ozoneimpl.ContainerReader (ContainerReader.java:readVolume(178)) - Finish verifying containers on volume /home/runner/work/ozone/ozone/hadoop-ozone/integration-test/target/test-dir/MiniOzoneClusterImpl-55f63948-b302-44a8-9a44-732f3ddcab57/datanode-7/data-0/containers/hdds
2024-01-14 17:00:21,727 [main] INFO  ozoneimpl.OzoneContainer (OzoneContainer.java:buildContainerSet(328)) - Build ContainerSet costs 0s
2024-01-14 17:00:21,728 [main] INFO  server.RaftServer (ConfUtils.java:logGet(46)) - raft.rpc.type = GRPC (default)
2024-01-14 17:00:21,728 [main] INFO  grpc.GrpcConfigKeys (ConfUtils.java:logFallback(53)) - raft.grpc.admin.host = null (fallback to raft.grpc.server.host)
2024-01-14 17:00:21,728 [main] INFO  grpc.GrpcConfigKeys (ConfUtils.java:logGet(46)) - raft.grpc.admin.port = 15432 (custom)
2024-01-14 17:00:21,728 [main] INFO  grpc.GrpcConfigKeys (ConfUtils.java:logFallback(53)) - raft.grpc.client.host = null (fallback to raft.grpc.server.host)
2024-01-14 17:00:21,728 [main] INFO  grpc.GrpcConfigKeys (ConfUtils.java:logGet(46)) - raft.grpc.client.port = 15431 (custom)
2024-01-14 17:00:21,728 [main] INFO  grpc.GrpcConfigKeys (ConfUtils.java:logGet(46)) - raft.grpc.server.host = null (default)
2024-01-14 17:00:21,729 [main] INFO  grpc.GrpcConfigKeys (ConfUtils.java:logGet(46)) - raft.grpc.server.port = 15433 (custom)
2024-01-14 17:00:21,729 [main] INFO  server.GrpcService (ConfUtils.java:logGet(46)) - raft.grpc.message.size.max = 32MB (=33554432) (custom)
2024-01-14 17:00:21,729 [main] INFO  server.RaftServerConfigKeys (ConfUtils.java:logGet(46)) - raft.server.log.appender.buffer.byte-limit = 8388608 (custom)
2024-01-14 17:00:21,729 [main] INFO  server.GrpcService (ConfUtils.java:logGet(46)) - raft.grpc.flow.control.window = 5MB (=5242880) (custom)
2024-01-14 17:00:21,729 [main] INFO  server.RaftServerConfigKeys (ConfUtils.java:logGet(46)) - raft.server.rpc.request.timeout = 3000ms (default)
2024-01-14 17:00:21,729 [main] INFO  grpc.GrpcConfigKeys (ConfUtils.java:logGet(46)) - raft.grpc.server.heartbeat.channel = true (default)
2024-01-14 17:00:21,729 [main] INFO  grpc.GrpcConfigKeys (ConfUtils.java:logGet(46)) - raft.grpc.server.async.request.thread.pool.cached = true (default)
2024-01-14 17:00:21,730 [main] INFO  grpc.GrpcConfigKeys (ConfUtils.java:logGet(46)) - raft.grpc.server.async.request.thread.pool.size = 32 (default)
2024-01-14 17:00:21,731 [main] INFO  impl.DataStreamServerImpl (ConfUtils.java:logGet(46)) - raft.datastream.type = NETTY (custom)
2024-01-14 17:00:21,731 [main] INFO  server.RaftServerConfigKeys (ConfUtils.java:logGet(46)) - raft.server.data-stream.async.request.thread.pool.cached = false (default)
2024-01-14 17:00:21,731 [main] INFO  server.RaftServerConfigKeys (ConfUtils.java:logGet(46)) - raft.server.data-stream.async.request.thread.pool.size = 20 (custom)
2024-01-14 17:00:21,732 [main] INFO  server.RaftServerConfigKeys (ConfUtils.java:logGet(46)) - raft.server.data-stream.async.write.thread.pool.size = 16 (default)
2024-01-14 17:00:21,732 [main] INFO  netty.NettyConfigKeys$DataStream (ConfUtils.java:logGet(46)) - raft.netty.dataStream.server.channel.inactive.grace-period = 10min (default)
2024-01-14 17:00:21,732 [main] INFO  server.RaftServerConfigKeys (ConfUtils.java:logGet(46)) - raft.server.data-stream.client.pool.size = 10 (default)
2024-01-14 17:00:21,732 [main] INFO  netty.NettyConfigKeys$DataStream (ConfUtils.java:logGet(46)) - raft.netty.dataStream.server.use-epoll = true (default)
2024-01-14 17:00:21,732 [main] INFO  netty.NettyConfigKeys$DataStream (ConfUtils.java:logGet(46)) - raft.netty.dataStream.server.boss-group.size = 0 (default)
2024-01-14 17:00:21,732 [main] INFO  netty.NettyUtils (NettyUtils.java:newEventLoopGroup(69)) - Create EpollEventLoopGroup for 31061ca7-84d9-4b7e-bdb5-51e4d8805ce5-NettyServerStreamRpc-bossGroup; Thread size is 0.
2024-01-14 17:00:21,733 [main] INFO  netty.NettyConfigKeys$DataStream (ConfUtils.java:logGet(46)) - raft.netty.dataStream.server.worker-group.size = 0 (default)
2024-01-14 17:00:21,733 [main] INFO  netty.NettyUtils (NettyUtils.java:newEventLoopGroup(69)) - Create EpollEventLoopGroup for 31061ca7-84d9-4b7e-bdb5-51e4d8805ce5-NettyServerStreamRpc-workerGroup; Thread size is 0.
2024-01-14 17:00:21,733 [main] INFO  netty.NettyConfigKeys$DataStream (ConfUtils.java:logGet(46)) - raft.netty.dataStream.server.tls.conf = null (default)
2024-01-14 17:00:21,733 [main] INFO  netty.NettyConfigKeys$DataStream (ConfUtils.java:logGet(46)) - raft.netty.dataStream.host = null (default)
2024-01-14 17:00:21,733 [main] INFO  netty.NettyConfigKeys$DataStream (ConfUtils.java:logGet(46)) - raft.netty.dataStream.port = 15434 (custom)
2024-01-14 17:00:21,733 [main] INFO  server.RaftServerConfigKeys (ConfUtils.java:logGet(46)) - raft.server.sleep.deviation.threshold = 300ms (default)
2024-01-14 17:00:21,734 [main] INFO  server.RaftServerConfigKeys (ConfUtils.java:logGet(46)) - raft.server.close.threshold = 60s (default)
2024-01-14 17:00:21,734 [main] INFO  server.RaftServerConfigKeys (ConfUtils.java:logGet(46)) - raft.server.leaderelection.leader.step-down.wait-time = 10s (default)
2024-01-14 17:00:21,734 [main] INFO  server.RaftServerConfigKeys (ConfUtils.java:logGet(46)) - raft.server.storage.dir = [/home/runner/work/ozone/ozone/hadoop-ozone/integration-test/target/test-dir/MiniOzoneClusterImpl-55f63948-b302-44a8-9a44-732f3ddcab57/datanode-7/data/ratis] (custom)
2024-01-14 17:00:21,734 [main] INFO  server.RaftServerConfigKeys (ConfUtils.java:logGet(46)) - raft.server.threadpool.proxy.cached = true (default)
2024-01-14 17:00:21,734 [main] INFO  server.RaftServerConfigKeys (ConfUtils.java:logGet(46)) - raft.server.threadpool.proxy.size = 0 (default)
2024-01-14 17:00:21,734 [31061ca7-84d9-4b7e-bdb5-51e4d8805ce5-NettyServerStreamRpc-bossGroup--thread1] INFO  logging.LoggingHandler (AbstractInternalLogger.java:log(148)) - [id: 0x94d7e96f] REGISTERED
2024-01-14 17:00:21,735 [31061ca7-84d9-4b7e-bdb5-51e4d8805ce5-NettyServerStreamRpc-bossGroup--thread1] INFO  logging.LoggingHandler (AbstractInternalLogger.java:log(148)) - [id: 0x94d7e96f] BIND: 0.0.0.0/0.0.0.0:15434
2024-01-14 17:00:21,735 [31061ca7-84d9-4b7e-bdb5-51e4d8805ce5-NettyServerStreamRpc-bossGroup--thread1] INFO  logging.LoggingHandler (AbstractInternalLogger.java:log(148)) - [id: 0x94d7e96f, L:/0.0.0.0:15434] ACTIVE
2024-01-14 17:00:21,735 [31061ca7-84d9-4b7e-bdb5-51e4d8805ce5-impl-thread1] INFO  server.RaftServer (RaftServerProxy.java:initGroupDir(264)) - 31061ca7-84d9-4b7e-bdb5-51e4d8805ce5: found a subdirectory /home/runner/work/ozone/ozone/hadoop-ozone/integration-test/target/test-dir/MiniOzoneClusterImpl-55f63948-b302-44a8-9a44-732f3ddcab57/datanode-7/data/ratis/tmp
2024-01-14 17:00:21,735 [31061ca7-84d9-4b7e-bdb5-51e4d8805ce5-impl-thread1] INFO  server.RaftServer (RaftServerProxy.java:initGroupDir(269)) - 31061ca7-84d9-4b7e-bdb5-51e4d8805ce5: The directory /home/runner/work/ozone/ozone/hadoop-ozone/integration-test/target/test-dir/MiniOzoneClusterImpl-55f63948-b302-44a8-9a44-732f3ddcab57/datanode-7/data/ratis/tmp is not a group directory; ignoring it. 
2024-01-14 17:00:21,735 [main] INFO  replication.ReplicationServer (ReplicationServer.java:<init>(85)) - Initializing replication server with thread count = 10 queue length = 4096
2024-01-14 17:00:21,736 [main] INFO  server.XceiverServerGrpc (XceiverServerGrpc.java:<init>(141)) - GrpcServer channel type EpollServerSocketChannel
2024-01-14 17:00:21,737 [main] INFO  replication.ReplicationSupervisor (ReplicationSupervisor.java:build(163)) - Initializing replication supervisor with thread count = 10
2024-01-14 17:00:21,737 [main] INFO  replication.ReplicationSupervisor (ReplicationSupervisor.java:nodeStateUpdated(317)) - Node state updated to IN_SERVICE, scaling executor pool size to 10
2024-01-14 17:00:21,740 [main] INFO  http.BaseHttpServer (BaseHttpServer.java:newHttpServer2BuilderForOzone(223)) - Starting Web-server for hddsDatanode at: http://0.0.0.0:15428
2024-01-14 17:00:21,741 [main] INFO  http.BaseHttpServer (BaseHttpServer.java:<init>(110)) - Hadoop Security Enabled: false Ozone Security Enabled: false Ozone HTTP Security Enabled: false 
2024-01-14 17:00:21,741 [main] WARN  server.AuthenticationFilter (AuthenticationFilter.java:constructSecretProvider(240)) - Unable to initialize FileSignerSecretProvider, falling back to use random secrets. Reason: Could not read signature secret file: /home/runner/hadoop-http-auth-signature-secret
2024-01-14 17:00:21,742 [main] INFO  http.HttpRequestLog (HttpRequestLog.java:getRequestLog(86)) - Http request log for http.requests.hddsDatanode is not defined
2024-01-14 17:00:21,742 [main] INFO  http.HttpServer2 (HttpServer2.java:addGlobalFilter(1036)) - Added global filter 'safety' (class=org.apache.hadoop.hdds.server.http.HttpServer2$QuotingInputFilter)
2024-01-14 17:00:21,743 [main] INFO  http.HttpServer2 (HttpServer2.java:addFilter(1012)) - Added filter static_user_filter (class=org.apache.hadoop.http.lib.StaticUserWebFilter$StaticUserFilter) to context hddsDatanode
2024-01-14 17:00:21,743 [main] INFO  http.HttpServer2 (HttpServer2.java:addFilter(1020)) - Added filter static_user_filter (class=org.apache.hadoop.http.lib.StaticUserWebFilter$StaticUserFilter) to context static
2024-01-14 17:00:21,743 [main] INFO  http.HttpServer2 (HttpServer2.java:addFilter(1020)) - Added filter static_user_filter (class=org.apache.hadoop.http.lib.StaticUserWebFilter$StaticUserFilter) to context logs
2024-01-14 17:00:21,744 [main] INFO  http.BaseHttpServer (BaseHttpServer.java:<init>(189)) - HTTP server of hddsDatanode uses base directory /home/runner/work/ozone/ozone/hadoop-ozone/integration-test/target/test-dir/MiniOzoneClusterImpl-55f63948-b302-44a8-9a44-732f3ddcab57/datanode-7/meta/webserver
2024-01-14 17:00:21,744 [main] INFO  http.HttpServer2 (HttpServer2.java:bindListener(1236)) - Jetty bound to port 15428
2024-01-14 17:00:21,744 [main] INFO  server.Server (Server.java:doStart(375)) - jetty-9.4.53.v20231009; built: 2023-10-09T12:29:09.265Z; git: 27bde00a0b95a1d5bbee0eae7984f891d2d0f8c9; jvm 1.8.0_392-b08
2024-01-14 17:00:21,745 [main] INFO  server.session (DefaultSessionIdManager.java:doStart(334)) - DefaultSessionIdManager workerName=node0
2024-01-14 17:00:21,745 [main] INFO  server.session (DefaultSessionIdManager.java:doStart(339)) - No SessionScavenger set, using defaults
2024-01-14 17:00:21,745 [main] INFO  server.session (HouseKeeper.java:startScavenging(132)) - node0 Scavenging every 600000ms
2024-01-14 17:00:21,746 [main] INFO  handler.ContextHandler (ContextHandler.java:doStart(921)) - Started o.e.j.s.ServletContextHandler@e8f48c7{logs,/logs,file:///home/runner/work/ozone/ozone/hadoop-ozone/integration-test/target/log,AVAILABLE}
2024-01-14 17:00:21,746 [main] INFO  handler.ContextHandler (ContextHandler.java:doStart(921)) - Started o.e.j.s.ServletContextHandler@4d50ea01{static,/static,jar:file:/home/runner/.m2/repository/org/apache/ozone/hdds-container-service/1.5.0-SNAPSHOT/hdds-container-service-1.5.0-SNAPSHOT.jar!/webapps/static,AVAILABLE}
2024-01-14 17:00:21,779 [main] INFO  handler.ContextHandler (ContextHandler.java:doStart(921)) - Started o.e.j.w.WebAppContext@12e5e108{hddsDatanode,/,file:///home/runner/work/ozone/ozone/hadoop-ozone/integration-test/target/test-dir/MiniOzoneClusterImpl-55f63948-b302-44a8-9a44-732f3ddcab57/datanode-7/meta/webserver/jetty-0_0_0_0-15428-hdds-container-service-1_5_0-SNAPSHOT_jar-_-any-2045302700992075404/webapp/,AVAILABLE}{jar:file:/home/runner/.m2/repository/org/apache/ozone/hdds-container-service/1.5.0-SNAPSHOT/hdds-container-service-1.5.0-SNAPSHOT.jar!/webapps/hddsDatanode}
2024-01-14 17:00:21,779 [main] INFO  server.AbstractConnector (AbstractConnector.java:doStart(333)) - Started ServerConnector@73fe0e4d{HTTP/1.1, (http/1.1)}{0.0.0.0:15428}
2024-01-14 17:00:21,780 [main] INFO  server.Server (Server.java:doStart(415)) - Started @140965ms
2024-01-14 17:00:21,780 [main] WARN  impl.MetricsSystemImpl (MetricsSystemImpl.java:register(279)) - Sink prometheus already exists!
2024-01-14 17:00:21,780 [main] INFO  http.BaseHttpServer (BaseHttpServer.java:updateConnectorAddress(354)) - HTTP server of hddsDatanode listening at http://0.0.0.0:15428
2024-01-14 17:00:21,781 [main] INFO  ipc.CallQueueManager (CallQueueManager.java:<init>(90)) - Using callQueue: class java.util.concurrent.LinkedBlockingQueue, queueCapacity: 100, scheduler: class org.apache.hadoop.ipc.DefaultRpcScheduler, ipcBackoff: false.
2024-01-14 17:00:21,781 [main] INFO  ipc.Server (Server.java:<init>(1287)) - Listener at 0.0.0.0:15429
2024-01-14 17:00:21,781 [Socket Reader #1 for port 15429] INFO  ipc.Server (Server.java:run(1323)) - Starting Socket Reader #1 for port 15429
2024-01-14 17:00:21,783 [main] INFO  ozone.HddsDatanodeService (HddsDatanodeService.java:start(324)) - Datanode start with admins: [runner]
2024-01-14 17:00:21,783 [main] INFO  ozone.HddsDatanodeClientProtocolServer (HddsDatanodeClientProtocolServer.java:start(72)) - RPC server for Client /0.0.0.0:15429
2024-01-14 17:00:21,783 [IPC Server Responder] INFO  ipc.Server (Server.java:run(1562)) - IPC Server Responder: starting
2024-01-14 17:00:21,784 [IPC Server listener on 15429] INFO  ipc.Server (Server.java:run(1402)) - IPC Server listener on 15429: starting
2024-01-14 17:00:21,786 [31061ca7-84d9-4b7e-bdb5-51e4d8805ce5-DatanodeStateMachineDaemonThread] INFO  statemachine.DatanodeStateMachine (DatanodeStateMachine.java:lambda$startDaemon$1(555)) - Ozone container server started.
2024-01-14 17:00:21,786 [main] WARN  dropwizard3.Dm3MetricRegistriesImpl (Dm3MetricRegistriesImpl.java:addReporterRegistration(113)) - New reporters are added after registries were created. Some metrics will be missing from the reporter. Please add reporter before adding any new registry.
2024-01-14 17:00:21,788 [main] WARN  dropwizard3.Dm3MetricRegistriesImpl (Dm3MetricRegistriesImpl.java:addReporterRegistration(113)) - New reporters are added after registries were created. Some metrics will be missing from the reporter. Please add reporter before adding any new registry.
2024-01-14 17:00:21,789 [main] INFO  impl.MetricsSystemImpl (MetricsSystemImpl.java:init(158)) - HddsDatanode metrics system started (again)
2024-01-14 17:00:21,792 [31061ca7-84d9-4b7e-bdb5-51e4d8805ce5-DatanodeStateMachineTaskThread-0] INFO  datanode.InitDatanodeState (InitDatanodeState.java:persistContainerDatanodeDetails(139)) - DatanodeDetails is persisted to /home/runner/work/ozone/ozone/hadoop-ozone/integration-test/target/test-dir/MiniOzoneClusterImpl-55f63948-b302-44a8-9a44-732f3ddcab57/datanode-7/meta/datanode.id
2024-01-14 17:00:21,798 [main] INFO  ozone.HddsDatanodeService (HddsDatanodeService.java:start(239)) - HddsDatanodeService host:fv-az1248-16.lhg1ljel1gwudbpqdk5ar2pfag.bx.internal.cloudapp.net ip:10.1.0.34
2024-01-14 17:00:21,812 [main] INFO  upgrade.AbstractLayoutVersionManager (AbstractLayoutVersionManager.java:init(83)) - Initializing Layout version manager with metadata layout = HADOOP_PRC_PORTS_IN_DATANODEDETAILS (version = 7), software layout = HADOOP_PRC_PORTS_IN_DATANODEDETAILS (version = 7)
2024-01-14 17:00:21,812 [main] INFO  statemachine.DatanodeStateMachine (DatanodeStateMachine.java:getEndPointTaskThreadPoolSize(299)) - Datanode State Machine Task Thread Pool size 2
2024-01-14 17:00:21,813 [main] INFO  volume.HddsVolume (HddsVolume.java:<init>(125)) - Creating HddsVolume: /home/runner/work/ozone/ozone/hadoop-ozone/integration-test/target/test-dir/MiniOzoneClusterImpl-55f63948-b302-44a8-9a44-732f3ddcab57/datanode-8/data-0/containers/hdds of storage type : DISK capacity : 9223372036854775807
2024-01-14 17:00:21,813 [main] INFO  volume.MutableVolumeSet (MutableVolumeSet.java:initializeVolumeSet(173)) - Added Volume : /home/runner/work/ozone/ozone/hadoop-ozone/integration-test/target/test-dir/MiniOzoneClusterImpl-55f63948-b302-44a8-9a44-732f3ddcab57/datanode-8/data-0/containers/hdds to VolumeSet
2024-01-14 17:00:21,814 [main] INFO  volume.MutableVolumeSet (MutableVolumeSet.java:initializeVolumeSet(173)) - Added Volume : /home/runner/work/ozone/ozone/hadoop-ozone/integration-test/target/test-dir/MiniOzoneClusterImpl-55f63948-b302-44a8-9a44-732f3ddcab57/datanode-8/data/ratis to VolumeSet
2024-01-14 17:00:21,814 [main] INFO  ozoneimpl.OzoneContainer (HddsVolumeUtil.java:loadAllHddsVolumeDbStore(103)) - Load 1 volumes DbStore cost: 0ms
2024-01-14 17:00:21,814 [fdbfaedf-7027-42ee-aaca-8580b78dbea6-ContainerReader-0] INFO  ozoneimpl.ContainerReader (ContainerReader.java:readVolume(178)) - Finish verifying containers on volume /home/runner/work/ozone/ozone/hadoop-ozone/integration-test/target/test-dir/MiniOzoneClusterImpl-55f63948-b302-44a8-9a44-732f3ddcab57/datanode-8/data-0/containers/hdds
2024-01-14 17:00:21,814 [main] INFO  ozoneimpl.OzoneContainer (OzoneContainer.java:buildContainerSet(328)) - Build ContainerSet costs 0s
2024-01-14 17:00:21,816 [main] INFO  server.RaftServer (ConfUtils.java:logGet(46)) - raft.rpc.type = GRPC (default)
2024-01-14 17:00:21,816 [main] INFO  grpc.GrpcConfigKeys (ConfUtils.java:logFallback(53)) - raft.grpc.admin.host = null (fallback to raft.grpc.server.host)
2024-01-14 17:00:21,816 [main] INFO  grpc.GrpcConfigKeys (ConfUtils.java:logGet(46)) - raft.grpc.admin.port = 15441 (custom)
2024-01-14 17:00:21,816 [main] INFO  grpc.GrpcConfigKeys (ConfUtils.java:logFallback(53)) - raft.grpc.client.host = null (fallback to raft.grpc.server.host)
2024-01-14 17:00:21,816 [main] INFO  grpc.GrpcConfigKeys (ConfUtils.java:logGet(46)) - raft.grpc.client.port = 15440 (custom)
2024-01-14 17:00:21,816 [main] INFO  grpc.GrpcConfigKeys (ConfUtils.java:logGet(46)) - raft.grpc.server.host = null (default)
2024-01-14 17:00:21,816 [main] INFO  grpc.GrpcConfigKeys (ConfUtils.java:logGet(46)) - raft.grpc.server.port = 15442 (custom)
2024-01-14 17:00:21,816 [main] INFO  server.GrpcService (ConfUtils.java:logGet(46)) - raft.grpc.message.size.max = 32MB (=33554432) (custom)
2024-01-14 17:00:21,817 [main] INFO  server.RaftServerConfigKeys (ConfUtils.java:logGet(46)) - raft.server.log.appender.buffer.byte-limit = 8388608 (custom)
2024-01-14 17:00:21,817 [main] INFO  server.GrpcService (ConfUtils.java:logGet(46)) - raft.grpc.flow.control.window = 5MB (=5242880) (custom)
2024-01-14 17:00:21,817 [main] INFO  server.RaftServerConfigKeys (ConfUtils.java:logGet(46)) - raft.server.rpc.request.timeout = 3000ms (default)
2024-01-14 17:00:21,817 [main] INFO  grpc.GrpcConfigKeys (ConfUtils.java:logGet(46)) - raft.grpc.server.heartbeat.channel = true (default)
2024-01-14 17:00:21,817 [main] INFO  grpc.GrpcConfigKeys (ConfUtils.java:logGet(46)) - raft.grpc.server.async.request.thread.pool.cached = true (default)
2024-01-14 17:00:21,817 [main] INFO  grpc.GrpcConfigKeys (ConfUtils.java:logGet(46)) - raft.grpc.server.async.request.thread.pool.size = 32 (default)
2024-01-14 17:00:21,819 [main] INFO  impl.DataStreamServerImpl (ConfUtils.java:logGet(46)) - raft.datastream.type = NETTY (custom)
2024-01-14 17:00:21,819 [main] INFO  server.RaftServerConfigKeys (ConfUtils.java:logGet(46)) - raft.server.data-stream.async.request.thread.pool.cached = false (default)
2024-01-14 17:00:21,819 [main] INFO  server.RaftServerConfigKeys (ConfUtils.java:logGet(46)) - raft.server.data-stream.async.request.thread.pool.size = 20 (custom)
2024-01-14 17:00:21,819 [main] INFO  server.RaftServerConfigKeys (ConfUtils.java:logGet(46)) - raft.server.data-stream.async.write.thread.pool.size = 16 (default)
2024-01-14 17:00:21,820 [main] INFO  netty.NettyConfigKeys$DataStream (ConfUtils.java:logGet(46)) - raft.netty.dataStream.server.channel.inactive.grace-period = 10min (default)
2024-01-14 17:00:21,820 [main] INFO  server.RaftServerConfigKeys (ConfUtils.java:logGet(46)) - raft.server.data-stream.client.pool.size = 10 (default)
2024-01-14 17:00:21,820 [main] INFO  netty.NettyConfigKeys$DataStream (ConfUtils.java:logGet(46)) - raft.netty.dataStream.server.use-epoll = true (default)
2024-01-14 17:00:21,820 [main] INFO  netty.NettyConfigKeys$DataStream (ConfUtils.java:logGet(46)) - raft.netty.dataStream.server.boss-group.size = 0 (default)
2024-01-14 17:00:21,820 [main] INFO  netty.NettyUtils (NettyUtils.java:newEventLoopGroup(69)) - Create EpollEventLoopGroup for fdbfaedf-7027-42ee-aaca-8580b78dbea6-NettyServerStreamRpc-bossGroup; Thread size is 0.
2024-01-14 17:00:21,821 [main] INFO  netty.NettyConfigKeys$DataStream (ConfUtils.java:logGet(46)) - raft.netty.dataStream.server.worker-group.size = 0 (default)
2024-01-14 17:00:21,821 [main] INFO  netty.NettyUtils (NettyUtils.java:newEventLoopGroup(69)) - Create EpollEventLoopGroup for fdbfaedf-7027-42ee-aaca-8580b78dbea6-NettyServerStreamRpc-workerGroup; Thread size is 0.
2024-01-14 17:00:21,821 [main] INFO  netty.NettyConfigKeys$DataStream (ConfUtils.java:logGet(46)) - raft.netty.dataStream.server.tls.conf = null (default)
2024-01-14 17:00:21,821 [main] INFO  netty.NettyConfigKeys$DataStream (ConfUtils.java:logGet(46)) - raft.netty.dataStream.host = null (default)
2024-01-14 17:00:21,822 [main] INFO  netty.NettyConfigKeys$DataStream (ConfUtils.java:logGet(46)) - raft.netty.dataStream.port = 15443 (custom)
2024-01-14 17:00:21,822 [main] INFO  server.RaftServerConfigKeys (ConfUtils.java:logGet(46)) - raft.server.sleep.deviation.threshold = 300ms (default)
2024-01-14 17:00:21,822 [fdbfaedf-7027-42ee-aaca-8580b78dbea6-NettyServerStreamRpc-bossGroup--thread1] INFO  logging.LoggingHandler (AbstractInternalLogger.java:log(148)) - [id: 0x390167f8] REGISTERED
2024-01-14 17:00:21,822 [main] INFO  server.RaftServerConfigKeys (ConfUtils.java:logGet(46)) - raft.server.close.threshold = 60s (default)
2024-01-14 17:00:21,822 [fdbfaedf-7027-42ee-aaca-8580b78dbea6-NettyServerStreamRpc-bossGroup--thread1] INFO  logging.LoggingHandler (AbstractInternalLogger.java:log(148)) - [id: 0x390167f8] BIND: 0.0.0.0/0.0.0.0:15443
2024-01-14 17:00:21,822 [main] INFO  server.RaftServerConfigKeys (ConfUtils.java:logGet(46)) - raft.server.leaderelection.leader.step-down.wait-time = 10s (default)
2024-01-14 17:00:21,823 [fdbfaedf-7027-42ee-aaca-8580b78dbea6-NettyServerStreamRpc-bossGroup--thread1] INFO  logging.LoggingHandler (AbstractInternalLogger.java:log(148)) - [id: 0x390167f8, L:/0.0.0.0:15443] ACTIVE
2024-01-14 17:00:21,823 [main] INFO  server.RaftServerConfigKeys (ConfUtils.java:logGet(46)) - raft.server.storage.dir = [/home/runner/work/ozone/ozone/hadoop-ozone/integration-test/target/test-dir/MiniOzoneClusterImpl-55f63948-b302-44a8-9a44-732f3ddcab57/datanode-8/data/ratis] (custom)
2024-01-14 17:00:21,823 [main] INFO  server.RaftServerConfigKeys (ConfUtils.java:logGet(46)) - raft.server.threadpool.proxy.cached = true (default)
2024-01-14 17:00:21,823 [main] INFO  server.RaftServerConfigKeys (ConfUtils.java:logGet(46)) - raft.server.threadpool.proxy.size = 0 (default)
2024-01-14 17:00:21,824 [fdbfaedf-7027-42ee-aaca-8580b78dbea6-impl-thread1] INFO  server.RaftServer (RaftServerProxy.java:initGroupDir(264)) - fdbfaedf-7027-42ee-aaca-8580b78dbea6: found a subdirectory /home/runner/work/ozone/ozone/hadoop-ozone/integration-test/target/test-dir/MiniOzoneClusterImpl-55f63948-b302-44a8-9a44-732f3ddcab57/datanode-8/data/ratis/tmp
2024-01-14 17:00:21,824 [fdbfaedf-7027-42ee-aaca-8580b78dbea6-impl-thread1] INFO  server.RaftServer (RaftServerProxy.java:initGroupDir(269)) - fdbfaedf-7027-42ee-aaca-8580b78dbea6: The directory /home/runner/work/ozone/ozone/hadoop-ozone/integration-test/target/test-dir/MiniOzoneClusterImpl-55f63948-b302-44a8-9a44-732f3ddcab57/datanode-8/data/ratis/tmp is not a group directory; ignoring it. 
2024-01-14 17:00:21,824 [main] INFO  replication.ReplicationServer (ReplicationServer.java:<init>(85)) - Initializing replication server with thread count = 10 queue length = 4096
2024-01-14 17:00:21,825 [main] INFO  server.XceiverServerGrpc (XceiverServerGrpc.java:<init>(141)) - GrpcServer channel type EpollServerSocketChannel
2024-01-14 17:00:21,825 [main] INFO  replication.ReplicationSupervisor (ReplicationSupervisor.java:build(163)) - Initializing replication supervisor with thread count = 10
2024-01-14 17:00:21,826 [main] INFO  replication.ReplicationSupervisor (ReplicationSupervisor.java:nodeStateUpdated(317)) - Node state updated to IN_SERVICE, scaling executor pool size to 10
2024-01-14 17:00:21,827 [main] INFO  http.BaseHttpServer (BaseHttpServer.java:newHttpServer2BuilderForOzone(223)) - Starting Web-server for hddsDatanode at: http://0.0.0.0:15437
2024-01-14 17:00:21,827 [main] INFO  http.BaseHttpServer (BaseHttpServer.java:<init>(110)) - Hadoop Security Enabled: false Ozone Security Enabled: false Ozone HTTP Security Enabled: false 
2024-01-14 17:00:21,828 [main] WARN  server.AuthenticationFilter (AuthenticationFilter.java:constructSecretProvider(240)) - Unable to initialize FileSignerSecretProvider, falling back to use random secrets. Reason: Could not read signature secret file: /home/runner/hadoop-http-auth-signature-secret
2024-01-14 17:00:21,828 [main] INFO  http.HttpRequestLog (HttpRequestLog.java:getRequestLog(86)) - Http request log for http.requests.hddsDatanode is not defined
2024-01-14 17:00:21,828 [main] INFO  http.HttpServer2 (HttpServer2.java:addGlobalFilter(1036)) - Added global filter 'safety' (class=org.apache.hadoop.hdds.server.http.HttpServer2$QuotingInputFilter)
2024-01-14 17:00:21,829 [main] INFO  http.HttpServer2 (HttpServer2.java:addFilter(1012)) - Added filter static_user_filter (class=org.apache.hadoop.http.lib.StaticUserWebFilter$StaticUserFilter) to context hddsDatanode
2024-01-14 17:00:21,829 [main] INFO  http.HttpServer2 (HttpServer2.java:addFilter(1020)) - Added filter static_user_filter (class=org.apache.hadoop.http.lib.StaticUserWebFilter$StaticUserFilter) to context logs
2024-01-14 17:00:21,829 [main] INFO  http.HttpServer2 (HttpServer2.java:addFilter(1020)) - Added filter static_user_filter (class=org.apache.hadoop.http.lib.StaticUserWebFilter$StaticUserFilter) to context static
2024-01-14 17:00:21,829 [main] INFO  http.BaseHttpServer (BaseHttpServer.java:<init>(189)) - HTTP server of hddsDatanode uses base directory /home/runner/work/ozone/ozone/hadoop-ozone/integration-test/target/test-dir/MiniOzoneClusterImpl-55f63948-b302-44a8-9a44-732f3ddcab57/datanode-8/meta/webserver
2024-01-14 17:00:21,829 [main] INFO  http.HttpServer2 (HttpServer2.java:bindListener(1236)) - Jetty bound to port 15437
2024-01-14 17:00:21,830 [main] INFO  server.Server (Server.java:doStart(375)) - jetty-9.4.53.v20231009; built: 2023-10-09T12:29:09.265Z; git: 27bde00a0b95a1d5bbee0eae7984f891d2d0f8c9; jvm 1.8.0_392-b08
2024-01-14 17:00:21,830 [main] INFO  server.session (DefaultSessionIdManager.java:doStart(334)) - DefaultSessionIdManager workerName=node0
2024-01-14 17:00:21,830 [main] INFO  server.session (DefaultSessionIdManager.java:doStart(339)) - No SessionScavenger set, using defaults
2024-01-14 17:00:21,831 [main] INFO  server.session (HouseKeeper.java:startScavenging(132)) - node0 Scavenging every 600000ms
2024-01-14 17:00:21,831 [main] INFO  handler.ContextHandler (ContextHandler.java:doStart(921)) - Started o.e.j.s.ServletContextHandler@2f3f516c{logs,/logs,file:///home/runner/work/ozone/ozone/hadoop-ozone/integration-test/target/log,AVAILABLE}
2024-01-14 17:00:21,831 [main] INFO  handler.ContextHandler (ContextHandler.java:doStart(921)) - Started o.e.j.s.ServletContextHandler@74b0d987{static,/static,jar:file:/home/runner/.m2/repository/org/apache/ozone/hdds-container-service/1.5.0-SNAPSHOT/hdds-container-service-1.5.0-SNAPSHOT.jar!/webapps/static,AVAILABLE}
2024-01-14 17:00:21,863 [main] INFO  handler.ContextHandler (ContextHandler.java:doStart(921)) - Started o.e.j.w.WebAppContext@109a231a{hddsDatanode,/,file:///home/runner/work/ozone/ozone/hadoop-ozone/integration-test/target/test-dir/MiniOzoneClusterImpl-55f63948-b302-44a8-9a44-732f3ddcab57/datanode-8/meta/webserver/jetty-0_0_0_0-15437-hdds-container-service-1_5_0-SNAPSHOT_jar-_-any-3341040646753127418/webapp/,AVAILABLE}{jar:file:/home/runner/.m2/repository/org/apache/ozone/hdds-container-service/1.5.0-SNAPSHOT/hdds-container-service-1.5.0-SNAPSHOT.jar!/webapps/hddsDatanode}
2024-01-14 17:00:21,863 [main] INFO  server.AbstractConnector (AbstractConnector.java:doStart(333)) - Started ServerConnector@211a3ec8{HTTP/1.1, (http/1.1)}{0.0.0.0:15437}
2024-01-14 17:00:21,864 [main] INFO  server.Server (Server.java:doStart(415)) - Started @141049ms
2024-01-14 17:00:21,864 [main] WARN  impl.MetricsSystemImpl (MetricsSystemImpl.java:register(279)) - Sink prometheus already exists!
2024-01-14 17:00:21,864 [main] INFO  http.BaseHttpServer (BaseHttpServer.java:updateConnectorAddress(354)) - HTTP server of hddsDatanode listening at http://0.0.0.0:15437
2024-01-14 17:00:21,865 [main] INFO  ipc.CallQueueManager (CallQueueManager.java:<init>(90)) - Using callQueue: class java.util.concurrent.LinkedBlockingQueue, queueCapacity: 100, scheduler: class org.apache.hadoop.ipc.DefaultRpcScheduler, ipcBackoff: false.
2024-01-14 17:00:21,865 [main] INFO  ipc.Server (Server.java:<init>(1287)) - Listener at 0.0.0.0:15438
2024-01-14 17:00:21,866 [Socket Reader #1 for port 15438] INFO  ipc.Server (Server.java:run(1323)) - Starting Socket Reader #1 for port 15438
2024-01-14 17:00:21,872 [main] INFO  ozone.HddsDatanodeService (HddsDatanodeService.java:start(324)) - Datanode start with admins: [runner]
2024-01-14 17:00:21,873 [main] INFO  ozone.HddsDatanodeClientProtocolServer (HddsDatanodeClientProtocolServer.java:start(72)) - RPC server for Client /0.0.0.0:15438
2024-01-14 17:00:21,873 [IPC Server Responder] INFO  ipc.Server (Server.java:run(1562)) - IPC Server Responder: starting
2024-01-14 17:00:21,880 [IPC Server listener on 15438] INFO  ipc.Server (Server.java:run(1402)) - IPC Server listener on 15438: starting
2024-01-14 17:00:21,884 [fdbfaedf-7027-42ee-aaca-8580b78dbea6-DatanodeStateMachineDaemonThread] INFO  statemachine.DatanodeStateMachine (DatanodeStateMachine.java:lambda$startDaemon$1(555)) - Ozone container server started.
2024-01-14 17:00:21,884 [main] INFO  ozone.MiniOzoneClusterImpl (MiniOzoneClusterImpl.java:lambda$waitForClusterToBeReady$0(229)) - Waiting for nodes to be ready. Got 0 of 9 DN Heartbeats.
2024-01-14 17:00:21,884 [main] INFO  ozone.MiniOzoneClusterImpl (MiniOzoneClusterImpl.java:lambda$waitForClusterToBeReady$0(232)) - Waiting for cluster to exit safe mode
2024-01-14 17:00:21,884 [main] INFO  ozone.MiniOzoneClusterImpl (MiniOzoneClusterImpl.java:lambda$waitForClusterToBeReady$0(234)) - SCM became leader
2024-01-14 17:00:21,891 [fdbfaedf-7027-42ee-aaca-8580b78dbea6-DatanodeStateMachineTaskThread-0] INFO  datanode.InitDatanodeState (InitDatanodeState.java:persistContainerDatanodeDetails(139)) - DatanodeDetails is persisted to /home/runner/work/ozone/ozone/hadoop-ozone/integration-test/target/test-dir/MiniOzoneClusterImpl-55f63948-b302-44a8-9a44-732f3ddcab57/datanode-8/meta/datanode.id
2024-01-14 17:00:22,143 [om1@group-C5BA1605619E-FollowerState] INFO  impl.FollowerState (FollowerState.java:run(143)) - om1@group-C5BA1605619E-FollowerState: change to CANDIDATE, lastRpcElapsedTime:1083586262ns, electionTimeout:1083ms
2024-01-14 17:00:22,143 [om1@group-C5BA1605619E-FollowerState] INFO  impl.RoleInfo (RoleInfo.java:shutdownFollowerState(110)) - om1: shutdown om1@group-C5BA1605619E-FollowerState
2024-01-14 17:00:22,143 [om1@group-C5BA1605619E-FollowerState] INFO  server.RaftServer$Division (RaftServerImpl.java:setRole(383)) - om1@group-C5BA1605619E: changes role from  FOLLOWER to CANDIDATE at term 0 for changeToCandidate
2024-01-14 17:00:22,143 [om1@group-C5BA1605619E-FollowerState] INFO  server.RaftServerConfigKeys (ConfUtils.java:logGet(46)) - raft.server.leaderelection.pre-vote = true (default)
2024-01-14 17:00:22,143 [om1@group-C5BA1605619E-FollowerState] INFO  impl.RoleInfo (RoleInfo.java:updateAndGet(139)) - om1: start om1@group-C5BA1605619E-LeaderElection63
2024-01-14 17:00:22,144 [om1@group-C5BA1605619E-LeaderElection63] INFO  impl.LeaderElection (LeaderElection.java:askForVotes(321)) - om1@group-C5BA1605619E-LeaderElection63 PRE_VOTE round 0: submit vote requests at term 0 for -1: peers:[om1|localhost:15363]|listeners:[], old=null
2024-01-14 17:00:22,145 [om1@group-C5BA1605619E-LeaderElection63] INFO  impl.LeaderElection (LeaderElection.java:askForVotes(323)) - om1@group-C5BA1605619E-LeaderElection63 PRE_VOTE round 0: result PASSED (term=0)
2024-01-14 17:00:22,146 [om1@group-C5BA1605619E-LeaderElection63] INFO  impl.LeaderElection (LeaderElection.java:askForVotes(321)) - om1@group-C5BA1605619E-LeaderElection63 ELECTION round 0: submit vote requests at term 1 for -1: peers:[om1|localhost:15363]|listeners:[], old=null
2024-01-14 17:00:22,146 [om1@group-C5BA1605619E-LeaderElection63] INFO  impl.LeaderElection (LeaderElection.java:askForVotes(323)) - om1@group-C5BA1605619E-LeaderElection63 ELECTION round 0: result PASSED (term=1)
2024-01-14 17:00:22,146 [om1@group-C5BA1605619E-LeaderElection63] INFO  impl.RoleInfo (RoleInfo.java:shutdownLeaderElection(130)) - om1: shutdown om1@group-C5BA1605619E-LeaderElection63
2024-01-14 17:00:22,146 [om1@group-C5BA1605619E-LeaderElection63] INFO  server.RaftServer$Division (RaftServerImpl.java:setRole(383)) - om1@group-C5BA1605619E: changes role from CANDIDATE to LEADER at term 1 for changeToLeader
2024-01-14 17:00:22,146 [om1@group-C5BA1605619E-LeaderElection63] INFO  server.RaftServerConfigKeys (ConfUtils.java:logGet(46)) - raft.server.staging.catchup.gap = 1000 (default)
2024-01-14 17:00:22,146 [om1@group-C5BA1605619E-LeaderElection63] INFO  server.RaftServerConfigKeys (ConfUtils.java:logGet(46)) - raft.server.write.element-limit = 4096 (default)
2024-01-14 17:00:22,146 [om1@group-C5BA1605619E-LeaderElection63] INFO  server.RaftServerConfigKeys (ConfUtils.java:logGet(46)) - raft.server.write.byte-limit = 64MB (=67108864) (default)
2024-01-14 17:00:22,146 [om1@group-C5BA1605619E-LeaderElection63] INFO  server.RaftServerConfigKeys (ConfUtils.java:logGet(46)) - raft.server.watch.timeout = 10s (default)
2024-01-14 17:00:22,146 [om1@group-C5BA1605619E-LeaderElection63] INFO  server.RaftServerConfigKeys (ConfUtils.java:logGet(46)) - raft.server.watch.timeout.denomination = 1s (default)
2024-01-14 17:00:22,146 [om1@group-C5BA1605619E-LeaderElection63] INFO  server.RaftServerConfigKeys (ConfUtils.java:logGet(46)) - raft.server.watch.element-limit = 65536 (default)
2024-01-14 17:00:22,146 [om1@group-C5BA1605619E-LeaderElection63] INFO  server.RaftServerConfigKeys (ConfUtils.java:logGet(46)) - raft.server.read.leader.lease.enabled = false (default)
2024-01-14 17:00:22,146 [om1@group-C5BA1605619E-LeaderElection63] INFO  server.RaftServerConfigKeys (ConfUtils.java:logGet(46)) - raft.server.read.leader.lease.timeout.ratio = 0.9 (default)
2024-01-14 17:00:22,147 [om1@group-C5BA1605619E-LeaderElection63] INFO  server.RaftServerConfigKeys (ConfUtils.java:logGet(46)) - raft.server.rpc.timeout.min = 1s (custom)
2024-01-14 17:00:22,147 [om1@group-C5BA1605619E-LeaderElection63] INFO  server.RaftServerConfigKeys (ConfUtils.java:logGet(46)) - raft.server.write.element-limit = 4096 (default)
2024-01-14 17:00:22,147 [om1@group-C5BA1605619E-LeaderElection63] INFO  server.RaftServerConfigKeys (ConfUtils.java:logGet(46)) - raft.server.write.follower.gap.ratio.max = -1.0 (default)
2024-01-14 17:00:22,147 [om1@group-C5BA1605619E-LeaderElection63] INFO  impl.RoleInfo (RoleInfo.java:updateAndGet(139)) - om1: start om1@group-C5BA1605619E-LeaderStateImpl
2024-01-14 17:00:22,147 [om1@group-C5BA1605619E-LeaderElection63] INFO  server.RaftServer$Division (RaftServerImpl.java:setFirstElection(574)) - om1@group-C5BA1605619E: set firstElectionSinceStartup to false for becomeLeader
2024-01-14 17:00:22,147 [om1@group-C5BA1605619E-LeaderElection63] INFO  server.RaftServer$Division (ServerState.java:setLeader(269)) - om1@group-C5BA1605619E: change Leader from null to om1 at term 1 for becomeLeader, leader elected after 1292ms
2024-01-14 17:00:22,147 [om1@group-C5BA1605619E-LeaderElection63] INFO  segmented.SegmentedRaftLogWorker (SegmentedRaftLogWorker.java:startLogSegment(430)) - om1@group-C5BA1605619E-SegmentedRaftLogWorker: Starting segment from index:0
2024-01-14 17:00:22,148 [om1@group-C5BA1605619E-LeaderElection63] INFO  server.RaftServer$Division (ServerState.java:setRaftConf(386)) - om1@group-C5BA1605619E: set configuration 0: peers:[om1|localhost:15363]|listeners:[], old=null
2024-01-14 17:00:22,148 [om1@group-C5BA1605619E-SegmentedRaftLogWorker] INFO  segmented.BufferedWriteChannel (BufferedWriteChannel.java:open(62)) - open log_inprogress_0 at position 0
2024-01-14 17:00:22,156 [om1@group-C5BA1605619E-SegmentedRaftLogWorker] INFO  segmented.SegmentedRaftLogWorker (SegmentedRaftLogWorker.java:execute(634)) - om1@group-C5BA1605619E-SegmentedRaftLogWorker: created new log segment /home/runner/work/ozone/ozone/hadoop-ozone/integration-test/target/test-dir/MiniOzoneClusterImpl-55f63948-b302-44a8-9a44-732f3ddcab57/ozone-meta/ratis/bf265839-605b-3f16-9796-c5ba1605619e/current/log_inprogress_0
2024-01-14 17:00:22,157 [om1@group-C5BA1605619E-StateMachineUpdater] INFO  ratis.OzoneManagerStateMachine (OzoneManagerStateMachine.java:notifyConfigurationChanged(211)) - Received Configuration change notification from Ratis. New Peer list:
[id: "om1"
address: "localhost:15363"
startupRole: FOLLOWER
]
2024-01-14 17:00:22,157 [om1@group-C5BA1605619E-StateMachineUpdater] INFO  server.RaftServer$Division (LeaderStateImpl.java:isApplied(320)) - leader is ready since appliedIndex == 0 >= startIndex == 0
2024-01-14 17:00:22,213 [timer6] WARN  server.GrpcLogAppender (LogUtils.java:warn(121)) - b54bd1d4-8ed7-4d77-9506-dbfe1eb9f576@group-501B12593914->ab25a24f-787d-4306-8cf9-f779d30f1664-AppendLogResponseHandler: Failed appendEntries (Repeated 2 times in the last 5.000s): org.apache.ratis.thirdparty.io.grpc.StatusRuntimeException: CANCELLED: RST_STREAM closed stream. HTTP/2 error code: CANCEL
2024-01-14 17:00:22,213 [timer7] WARN  server.GrpcLogAppender (GrpcLogAppender.java:lambda$resetClient$1(217)) - b54bd1d4-8ed7-4d77-9506-dbfe1eb9f576@group-501B12593914->ab25a24f-787d-4306-8cf9-f779d30f1664-GrpcLogAppender: Follower failed (request=null, errorCount=2); keep nextIndex (1) unchanged and retry. (Repeated 2 times in the last 5.000s)
2024-01-14 17:00:22,244 [timer0] WARN  server.GrpcLogAppender (GrpcLogAppender.java:lambda$resetClient$1(217)) - 8b441ee7-3696-41b5-9588-d6a7f61d1576@group-94E980C3483F->de59a0ab-7c6d-49ac-85d5-b8f58a7d9a75-GrpcLogAppender: Follower failed (request=null, errorCount=2); keep nextIndex (1) unchanged and retry. (Repeated 2 times in the last 5.002s)
2024-01-14 17:00:22,244 [timer1] WARN  server.GrpcLogAppender (LogUtils.java:warn(121)) - 8b441ee7-3696-41b5-9588-d6a7f61d1576@group-94E980C3483F->de59a0ab-7c6d-49ac-85d5-b8f58a7d9a75-AppendLogResponseHandler: Failed appendEntries (Repeated 2 times in the last 5.006s): org.apache.ratis.thirdparty.io.grpc.StatusRuntimeException: CANCELLED: RST_STREAM closed stream. HTTP/2 error code: CANCEL
2024-01-14 17:00:22,253 [timer3] WARN  server.GrpcLogAppender (GrpcLogAppender.java:lambda$resetClient$1(217)) - f884c030-8d11-46e5-858f-5873c27bd030@group-6B4BB5E39F81->afc707b7-205f-4687-abf7-fc7492c4bc86-GrpcLogAppender: Follower failed (request=null, errorCount=2); keep nextIndex (5) unchanged and retry. (Repeated 2 times in the last 5.000s)
2024-01-14 17:00:22,253 [timer2] WARN  server.GrpcLogAppender (LogUtils.java:warn(121)) - f884c030-8d11-46e5-858f-5873c27bd030@group-6B4BB5E39F81->afc707b7-205f-4687-abf7-fc7492c4bc86-AppendLogResponseHandler: Failed appendEntries (Repeated 2 times in the last 5.001s): org.apache.ratis.thirdparty.io.grpc.StatusRuntimeException: CANCELLED: RST_STREAM closed stream. HTTP/2 error code: CANCEL
2024-01-14 17:00:22,267 [timer4] WARN  server.GrpcLogAppender (LogUtils.java:warn(121)) - f884c030-8d11-46e5-858f-5873c27bd030@group-6B4BB5E39F81->d45e8541-8bf6-4d67-b818-ee1f782988ca-AppendLogResponseHandler: Failed appendEntries (Repeated 2 times in the last 5.000s): org.apache.ratis.thirdparty.io.grpc.StatusRuntimeException: UNAVAILABLE: io exception
2024-01-14 17:00:22,884 [main] INFO  ozone.MiniOzoneClusterImpl (MiniOzoneClusterImpl.java:lambda$waitForClusterToBeReady$0(229)) - Waiting for nodes to be ready. Got 0 of 9 DN Heartbeats.
2024-01-14 17:00:22,885 [main] INFO  ozone.MiniOzoneClusterImpl (MiniOzoneClusterImpl.java:lambda$waitForClusterToBeReady$0(232)) - Waiting for cluster to exit safe mode
2024-01-14 17:00:22,885 [main] INFO  ozone.MiniOzoneClusterImpl (MiniOzoneClusterImpl.java:lambda$waitForClusterToBeReady$0(234)) - SCM became leader
2024-01-14 17:00:23,210 [1aa467ca-1ad7-4ef6-8b7c-495b72f7048c-EndpointStateMachineTaskThread-/0.0.0.0:15358-0 ] INFO  utils.DatanodeStoreCache (DatanodeStoreCache.java:addDB(72)) - Added db /home/runner/work/ozone/ozone/hadoop-ozone/integration-test/target/test-dir/MiniOzoneClusterImpl-55f63948-b302-44a8-9a44-732f3ddcab57/datanode-0/data-0/containers/hdds/55f63948-b302-44a8-9a44-732f3ddcab57/DS-93cfaba3-7577-4c32-b2e4-98e7aa7b9e64/container.db to cache
2024-01-14 17:00:23,210 [1aa467ca-1ad7-4ef6-8b7c-495b72f7048c-EndpointStateMachineTaskThread-/0.0.0.0:15358-0 ] INFO  volume.HddsVolume (HddsVolume.java:createDbStore(420)) - SchemaV3 db is created and loaded at /home/runner/work/ozone/ozone/hadoop-ozone/integration-test/target/test-dir/MiniOzoneClusterImpl-55f63948-b302-44a8-9a44-732f3ddcab57/datanode-0/data-0/containers/hdds/55f63948-b302-44a8-9a44-732f3ddcab57/DS-93cfaba3-7577-4c32-b2e4-98e7aa7b9e64/container.db for volume DS-93cfaba3-7577-4c32-b2e4-98e7aa7b9e64
2024-01-14 17:00:23,212 [1aa467ca-1ad7-4ef6-8b7c-495b72f7048c-EndpointStateMachineTaskThread-/0.0.0.0:15358-0 ] INFO  volume.ThrottledAsyncChecker (ThrottledAsyncChecker.java:schedule(141)) - Scheduling a check for /home/runner/work/ozone/ozone/hadoop-ozone/integration-test/target/test-dir/MiniOzoneClusterImpl-55f63948-b302-44a8-9a44-732f3ddcab57/datanode-0/data-0/containers/hdds
2024-01-14 17:00:23,212 [1aa467ca-1ad7-4ef6-8b7c-495b72f7048c-EndpointStateMachineTaskThread-/0.0.0.0:15358-0 ] INFO  volume.StorageVolumeChecker (StorageVolumeChecker.java:checkAllVolumes(218)) - Scheduled health check for volume /home/runner/work/ozone/ozone/hadoop-ozone/integration-test/target/test-dir/MiniOzoneClusterImpl-55f63948-b302-44a8-9a44-732f3ddcab57/datanode-0/data-0/containers/hdds
2024-01-14 17:00:23,214 [1aa467ca-1ad7-4ef6-8b7c-495b72f7048c-EndpointStateMachineTaskThread-/0.0.0.0:15358-0 ] INFO  volume.ThrottledAsyncChecker (ThrottledAsyncChecker.java:schedule(141)) - Scheduling a check for /home/runner/work/ozone/ozone/hadoop-ozone/integration-test/target/test-dir/MiniOzoneClusterImpl-55f63948-b302-44a8-9a44-732f3ddcab57/datanode-0/data/ratis
2024-01-14 17:00:23,214 [1aa467ca-1ad7-4ef6-8b7c-495b72f7048c-EndpointStateMachineTaskThread-/0.0.0.0:15358-0 ] INFO  volume.StorageVolumeChecker (StorageVolumeChecker.java:checkAllVolumes(218)) - Scheduled health check for volume /home/runner/work/ozone/ozone/hadoop-ozone/integration-test/target/test-dir/MiniOzoneClusterImpl-55f63948-b302-44a8-9a44-732f3ddcab57/datanode-0/data/ratis
2024-01-14 17:00:23,215 [1aa467ca-1ad7-4ef6-8b7c-495b72f7048c-EndpointStateMachineTaskThread-/0.0.0.0:15358-0 ] INFO  ozoneimpl.OzoneContainer (OzoneContainer.java:start(457)) - Attempting to start container services.
2024-01-14 17:00:23,215 [1aa467ca-1ad7-4ef6-8b7c-495b72f7048c-EndpointStateMachineTaskThread-/0.0.0.0:15358-0 ] INFO  ozoneimpl.OzoneContainer (OzoneContainer.java:startContainerScrub(339)) - Scheduled background container scanners and the on-demand container scanner have been disabled.
2024-01-14 17:00:23,215 [1aa467ca-1ad7-4ef6-8b7c-495b72f7048c-EndpointStateMachineTaskThread-/0.0.0.0:15358-0 ] INFO  replication.ReplicationServer (ReplicationServer.java:start(139)) - ReplicationServer is started using port 15372
2024-01-14 17:00:23,215 [1aa467ca-1ad7-4ef6-8b7c-495b72f7048c-EndpointStateMachineTaskThread-/0.0.0.0:15358-0 ] INFO  ratis.XceiverServerRatis (XceiverServerRatis.java:start(549)) - Starting XceiverServerRatis 1aa467ca-1ad7-4ef6-8b7c-495b72f7048c
2024-01-14 17:00:23,216 [1aa467ca-1ad7-4ef6-8b7c-495b72f7048c-EndpointStateMachineTaskThread-/0.0.0.0:15358-0 ] INFO  server.RaftServer (RaftServerProxy.java:startImpl(406)) - 1aa467ca-1ad7-4ef6-8b7c-495b72f7048c: start RPC server
2024-01-14 17:00:23,216 [1aa467ca-1ad7-4ef6-8b7c-495b72f7048c-EndpointStateMachineTaskThread-/0.0.0.0:15358-0 ] INFO  server.GrpcService (GrpcService.java:startImpl(302)) - 1aa467ca-1ad7-4ef6-8b7c-495b72f7048c: GrpcService started, listening on 15368
2024-01-14 17:00:23,216 [1aa467ca-1ad7-4ef6-8b7c-495b72f7048c-EndpointStateMachineTaskThread-/0.0.0.0:15358-0 ] INFO  server.GrpcService (GrpcService.java:startImpl(302)) - 1aa467ca-1ad7-4ef6-8b7c-495b72f7048c: GrpcService started, listening on 15370
2024-01-14 17:00:23,216 [1aa467ca-1ad7-4ef6-8b7c-495b72f7048c-EndpointStateMachineTaskThread-/0.0.0.0:15358-0 ] INFO  server.GrpcService (GrpcService.java:startImpl(302)) - 1aa467ca-1ad7-4ef6-8b7c-495b72f7048c: GrpcService started, listening on 15369
2024-01-14 17:00:23,217 [1aa467ca-1ad7-4ef6-8b7c-495b72f7048c-EndpointStateMachineTaskThread-/0.0.0.0:15358-0 ] INFO  ratis.XceiverServerRatis (XceiverServerRatis.java:getRealPort(575)) - XceiverServerRatis 1aa467ca-1ad7-4ef6-8b7c-495b72f7048c is started using port 15368 for RATIS
2024-01-14 17:00:23,217 [JvmPauseMonitor46] INFO  util.JvmPauseMonitor (JvmPauseMonitor.java:run(146)) - JvmPauseMonitor-1aa467ca-1ad7-4ef6-8b7c-495b72f7048c: Started
2024-01-14 17:00:23,217 [1aa467ca-1ad7-4ef6-8b7c-495b72f7048c-EndpointStateMachineTaskThread-/0.0.0.0:15358-0 ] INFO  ratis.XceiverServerRatis (XceiverServerRatis.java:getRealPort(575)) - XceiverServerRatis 1aa467ca-1ad7-4ef6-8b7c-495b72f7048c is started using port 15369 for RATIS_ADMIN
2024-01-14 17:00:23,217 [1aa467ca-1ad7-4ef6-8b7c-495b72f7048c-EndpointStateMachineTaskThread-/0.0.0.0:15358-0 ] INFO  ratis.XceiverServerRatis (XceiverServerRatis.java:getRealPort(575)) - XceiverServerRatis 1aa467ca-1ad7-4ef6-8b7c-495b72f7048c is started using port 15370 for RATIS_SERVER
2024-01-14 17:00:23,217 [1aa467ca-1ad7-4ef6-8b7c-495b72f7048c-EndpointStateMachineTaskThread-/0.0.0.0:15358-0 ] INFO  ratis.XceiverServerRatis (XceiverServerRatis.java:getRealPort(575)) - XceiverServerRatis 1aa467ca-1ad7-4ef6-8b7c-495b72f7048c is started using port 15371 for RATIS_DATASTREAM
2024-01-14 17:00:23,217 [1aa467ca-1ad7-4ef6-8b7c-495b72f7048c-BlockDeletingService#0] INFO  interfaces.ContainerDeletionChoosingPolicyTemplate (ContainerDeletionChoosingPolicyTemplate.java:chooseContainerForBlockDeletion(85)) - Chosen 0/5000 blocks from 0 candidate containers.
2024-01-14 17:00:23,295 [b01583c4-e63d-4000-8651-5bd1da23191a-EndpointStateMachineTaskThread-/0.0.0.0:15358-0 ] INFO  utils.DatanodeStoreCache (DatanodeStoreCache.java:addDB(72)) - Added db /home/runner/work/ozone/ozone/hadoop-ozone/integration-test/target/test-dir/MiniOzoneClusterImpl-55f63948-b302-44a8-9a44-732f3ddcab57/datanode-1/data-0/containers/hdds/55f63948-b302-44a8-9a44-732f3ddcab57/DS-9f819fb4-9085-4c52-bf6c-8d9fdaa85b89/container.db to cache
2024-01-14 17:00:23,295 [b01583c4-e63d-4000-8651-5bd1da23191a-EndpointStateMachineTaskThread-/0.0.0.0:15358-0 ] INFO  volume.HddsVolume (HddsVolume.java:createDbStore(420)) - SchemaV3 db is created and loaded at /home/runner/work/ozone/ozone/hadoop-ozone/integration-test/target/test-dir/MiniOzoneClusterImpl-55f63948-b302-44a8-9a44-732f3ddcab57/datanode-1/data-0/containers/hdds/55f63948-b302-44a8-9a44-732f3ddcab57/DS-9f819fb4-9085-4c52-bf6c-8d9fdaa85b89/container.db for volume DS-9f819fb4-9085-4c52-bf6c-8d9fdaa85b89
2024-01-14 17:00:23,296 [b01583c4-e63d-4000-8651-5bd1da23191a-EndpointStateMachineTaskThread-/0.0.0.0:15358-0 ] INFO  volume.ThrottledAsyncChecker (ThrottledAsyncChecker.java:schedule(141)) - Scheduling a check for /home/runner/work/ozone/ozone/hadoop-ozone/integration-test/target/test-dir/MiniOzoneClusterImpl-55f63948-b302-44a8-9a44-732f3ddcab57/datanode-1/data-0/containers/hdds
2024-01-14 17:00:23,296 [b01583c4-e63d-4000-8651-5bd1da23191a-EndpointStateMachineTaskThread-/0.0.0.0:15358-0 ] INFO  volume.StorageVolumeChecker (StorageVolumeChecker.java:checkAllVolumes(218)) - Scheduled health check for volume /home/runner/work/ozone/ozone/hadoop-ozone/integration-test/target/test-dir/MiniOzoneClusterImpl-55f63948-b302-44a8-9a44-732f3ddcab57/datanode-1/data-0/containers/hdds
2024-01-14 17:00:23,298 [b01583c4-e63d-4000-8651-5bd1da23191a-EndpointStateMachineTaskThread-/0.0.0.0:15358-0 ] INFO  volume.ThrottledAsyncChecker (ThrottledAsyncChecker.java:schedule(141)) - Scheduling a check for /home/runner/work/ozone/ozone/hadoop-ozone/integration-test/target/test-dir/MiniOzoneClusterImpl-55f63948-b302-44a8-9a44-732f3ddcab57/datanode-1/data/ratis
2024-01-14 17:00:23,298 [b01583c4-e63d-4000-8651-5bd1da23191a-EndpointStateMachineTaskThread-/0.0.0.0:15358-0 ] INFO  volume.StorageVolumeChecker (StorageVolumeChecker.java:checkAllVolumes(218)) - Scheduled health check for volume /home/runner/work/ozone/ozone/hadoop-ozone/integration-test/target/test-dir/MiniOzoneClusterImpl-55f63948-b302-44a8-9a44-732f3ddcab57/datanode-1/data/ratis
2024-01-14 17:00:23,299 [b01583c4-e63d-4000-8651-5bd1da23191a-EndpointStateMachineTaskThread-/0.0.0.0:15358-0 ] INFO  ozoneimpl.OzoneContainer (OzoneContainer.java:start(457)) - Attempting to start container services.
2024-01-14 17:00:23,299 [b01583c4-e63d-4000-8651-5bd1da23191a-EndpointStateMachineTaskThread-/0.0.0.0:15358-0 ] INFO  ozoneimpl.OzoneContainer (OzoneContainer.java:startContainerScrub(339)) - Scheduled background container scanners and the on-demand container scanner have been disabled.
2024-01-14 17:00:23,300 [b01583c4-e63d-4000-8651-5bd1da23191a-EndpointStateMachineTaskThread-/0.0.0.0:15358-0 ] INFO  replication.ReplicationServer (ReplicationServer.java:start(139)) - ReplicationServer is started using port 15381
2024-01-14 17:00:23,300 [b01583c4-e63d-4000-8651-5bd1da23191a-EndpointStateMachineTaskThread-/0.0.0.0:15358-0 ] INFO  ratis.XceiverServerRatis (XceiverServerRatis.java:start(549)) - Starting XceiverServerRatis b01583c4-e63d-4000-8651-5bd1da23191a
2024-01-14 17:00:23,300 [b01583c4-e63d-4000-8651-5bd1da23191a-EndpointStateMachineTaskThread-/0.0.0.0:15358-0 ] INFO  server.RaftServer (RaftServerProxy.java:startImpl(406)) - b01583c4-e63d-4000-8651-5bd1da23191a: start RPC server
2024-01-14 17:00:23,300 [b01583c4-e63d-4000-8651-5bd1da23191a-EndpointStateMachineTaskThread-/0.0.0.0:15358-0 ] INFO  server.GrpcService (GrpcService.java:startImpl(302)) - b01583c4-e63d-4000-8651-5bd1da23191a: GrpcService started, listening on 15377
2024-01-14 17:00:23,301 [b01583c4-e63d-4000-8651-5bd1da23191a-EndpointStateMachineTaskThread-/0.0.0.0:15358-0 ] INFO  server.GrpcService (GrpcService.java:startImpl(302)) - b01583c4-e63d-4000-8651-5bd1da23191a: GrpcService started, listening on 15379
2024-01-14 17:00:23,301 [b01583c4-e63d-4000-8651-5bd1da23191a-EndpointStateMachineTaskThread-/0.0.0.0:15358-0 ] INFO  server.GrpcService (GrpcService.java:startImpl(302)) - b01583c4-e63d-4000-8651-5bd1da23191a: GrpcService started, listening on 15378
2024-01-14 17:00:23,301 [b01583c4-e63d-4000-8651-5bd1da23191a-EndpointStateMachineTaskThread-/0.0.0.0:15358-0 ] INFO  ratis.XceiverServerRatis (XceiverServerRatis.java:getRealPort(575)) - XceiverServerRatis b01583c4-e63d-4000-8651-5bd1da23191a is started using port 15377 for RATIS
2024-01-14 17:00:23,301 [b01583c4-e63d-4000-8651-5bd1da23191a-EndpointStateMachineTaskThread-/0.0.0.0:15358-0 ] INFO  ratis.XceiverServerRatis (XceiverServerRatis.java:getRealPort(575)) - XceiverServerRatis b01583c4-e63d-4000-8651-5bd1da23191a is started using port 15378 for RATIS_ADMIN
2024-01-14 17:00:23,301 [b01583c4-e63d-4000-8651-5bd1da23191a-EndpointStateMachineTaskThread-/0.0.0.0:15358-0 ] INFO  ratis.XceiverServerRatis (XceiverServerRatis.java:getRealPort(575)) - XceiverServerRatis b01583c4-e63d-4000-8651-5bd1da23191a is started using port 15379 for RATIS_SERVER
2024-01-14 17:00:23,301 [b01583c4-e63d-4000-8651-5bd1da23191a-EndpointStateMachineTaskThread-/0.0.0.0:15358-0 ] INFO  ratis.XceiverServerRatis (XceiverServerRatis.java:getRealPort(575)) - XceiverServerRatis b01583c4-e63d-4000-8651-5bd1da23191a is started using port 15380 for RATIS_DATASTREAM
2024-01-14 17:00:23,301 [JvmPauseMonitor47] INFO  util.JvmPauseMonitor (JvmPauseMonitor.java:run(146)) - JvmPauseMonitor-b01583c4-e63d-4000-8651-5bd1da23191a: Started
2024-01-14 17:00:23,303 [b01583c4-e63d-4000-8651-5bd1da23191a-BlockDeletingService#0] INFO  interfaces.ContainerDeletionChoosingPolicyTemplate (ContainerDeletionChoosingPolicyTemplate.java:chooseContainerForBlockDeletion(85)) - Chosen 0/5000 blocks from 0 candidate containers.
2024-01-14 17:00:23,376 [aebecd85-982d-4af9-9ab4-e47392631af6-EndpointStateMachineTaskThread-/0.0.0.0:15358-0 ] INFO  utils.DatanodeStoreCache (DatanodeStoreCache.java:addDB(72)) - Added db /home/runner/work/ozone/ozone/hadoop-ozone/integration-test/target/test-dir/MiniOzoneClusterImpl-55f63948-b302-44a8-9a44-732f3ddcab57/datanode-2/data-0/containers/hdds/55f63948-b302-44a8-9a44-732f3ddcab57/DS-0ddf1c3a-68fc-4513-ae81-bb1571061f28/container.db to cache
2024-01-14 17:00:23,376 [aebecd85-982d-4af9-9ab4-e47392631af6-EndpointStateMachineTaskThread-/0.0.0.0:15358-0 ] INFO  volume.HddsVolume (HddsVolume.java:createDbStore(420)) - SchemaV3 db is created and loaded at /home/runner/work/ozone/ozone/hadoop-ozone/integration-test/target/test-dir/MiniOzoneClusterImpl-55f63948-b302-44a8-9a44-732f3ddcab57/datanode-2/data-0/containers/hdds/55f63948-b302-44a8-9a44-732f3ddcab57/DS-0ddf1c3a-68fc-4513-ae81-bb1571061f28/container.db for volume DS-0ddf1c3a-68fc-4513-ae81-bb1571061f28
2024-01-14 17:00:23,377 [aebecd85-982d-4af9-9ab4-e47392631af6-EndpointStateMachineTaskThread-/0.0.0.0:15358-0 ] INFO  volume.ThrottledAsyncChecker (ThrottledAsyncChecker.java:schedule(141)) - Scheduling a check for /home/runner/work/ozone/ozone/hadoop-ozone/integration-test/target/test-dir/MiniOzoneClusterImpl-55f63948-b302-44a8-9a44-732f3ddcab57/datanode-2/data-0/containers/hdds
2024-01-14 17:00:23,378 [aebecd85-982d-4af9-9ab4-e47392631af6-EndpointStateMachineTaskThread-/0.0.0.0:15358-0 ] INFO  volume.StorageVolumeChecker (StorageVolumeChecker.java:checkAllVolumes(218)) - Scheduled health check for volume /home/runner/work/ozone/ozone/hadoop-ozone/integration-test/target/test-dir/MiniOzoneClusterImpl-55f63948-b302-44a8-9a44-732f3ddcab57/datanode-2/data-0/containers/hdds
2024-01-14 17:00:23,380 [aebecd85-982d-4af9-9ab4-e47392631af6-EndpointStateMachineTaskThread-/0.0.0.0:15358-0 ] INFO  volume.ThrottledAsyncChecker (ThrottledAsyncChecker.java:schedule(141)) - Scheduling a check for /home/runner/work/ozone/ozone/hadoop-ozone/integration-test/target/test-dir/MiniOzoneClusterImpl-55f63948-b302-44a8-9a44-732f3ddcab57/datanode-2/data/ratis
2024-01-14 17:00:23,380 [aebecd85-982d-4af9-9ab4-e47392631af6-EndpointStateMachineTaskThread-/0.0.0.0:15358-0 ] INFO  volume.StorageVolumeChecker (StorageVolumeChecker.java:checkAllVolumes(218)) - Scheduled health check for volume /home/runner/work/ozone/ozone/hadoop-ozone/integration-test/target/test-dir/MiniOzoneClusterImpl-55f63948-b302-44a8-9a44-732f3ddcab57/datanode-2/data/ratis
2024-01-14 17:00:23,380 [aebecd85-982d-4af9-9ab4-e47392631af6-EndpointStateMachineTaskThread-/0.0.0.0:15358-0 ] INFO  ozoneimpl.OzoneContainer (OzoneContainer.java:start(457)) - Attempting to start container services.
2024-01-14 17:00:23,381 [aebecd85-982d-4af9-9ab4-e47392631af6-EndpointStateMachineTaskThread-/0.0.0.0:15358-0 ] INFO  ozoneimpl.OzoneContainer (OzoneContainer.java:startContainerScrub(339)) - Scheduled background container scanners and the on-demand container scanner have been disabled.
2024-01-14 17:00:23,381 [aebecd85-982d-4af9-9ab4-e47392631af6-EndpointStateMachineTaskThread-/0.0.0.0:15358-0 ] INFO  replication.ReplicationServer (ReplicationServer.java:start(139)) - ReplicationServer is started using port 15390
2024-01-14 17:00:23,381 [aebecd85-982d-4af9-9ab4-e47392631af6-EndpointStateMachineTaskThread-/0.0.0.0:15358-0 ] INFO  ratis.XceiverServerRatis (XceiverServerRatis.java:start(549)) - Starting XceiverServerRatis aebecd85-982d-4af9-9ab4-e47392631af6
2024-01-14 17:00:23,381 [aebecd85-982d-4af9-9ab4-e47392631af6-EndpointStateMachineTaskThread-/0.0.0.0:15358-0 ] INFO  server.RaftServer (RaftServerProxy.java:startImpl(406)) - aebecd85-982d-4af9-9ab4-e47392631af6: start RPC server
2024-01-14 17:00:23,382 [aebecd85-982d-4af9-9ab4-e47392631af6-EndpointStateMachineTaskThread-/0.0.0.0:15358-0 ] INFO  server.GrpcService (GrpcService.java:startImpl(302)) - aebecd85-982d-4af9-9ab4-e47392631af6: GrpcService started, listening on 15386
2024-01-14 17:00:23,382 [aebecd85-982d-4af9-9ab4-e47392631af6-EndpointStateMachineTaskThread-/0.0.0.0:15358-0 ] INFO  server.GrpcService (GrpcService.java:startImpl(302)) - aebecd85-982d-4af9-9ab4-e47392631af6: GrpcService started, listening on 15388
2024-01-14 17:00:23,382 [aebecd85-982d-4af9-9ab4-e47392631af6-EndpointStateMachineTaskThread-/0.0.0.0:15358-0 ] INFO  server.GrpcService (GrpcService.java:startImpl(302)) - aebecd85-982d-4af9-9ab4-e47392631af6: GrpcService started, listening on 15387
2024-01-14 17:00:23,382 [aebecd85-982d-4af9-9ab4-e47392631af6-EndpointStateMachineTaskThread-/0.0.0.0:15358-0 ] INFO  ratis.XceiverServerRatis (XceiverServerRatis.java:getRealPort(575)) - XceiverServerRatis aebecd85-982d-4af9-9ab4-e47392631af6 is started using port 15386 for RATIS
2024-01-14 17:00:23,382 [aebecd85-982d-4af9-9ab4-e47392631af6-EndpointStateMachineTaskThread-/0.0.0.0:15358-0 ] INFO  ratis.XceiverServerRatis (XceiverServerRatis.java:getRealPort(575)) - XceiverServerRatis aebecd85-982d-4af9-9ab4-e47392631af6 is started using port 15387 for RATIS_ADMIN
2024-01-14 17:00:23,382 [aebecd85-982d-4af9-9ab4-e47392631af6-EndpointStateMachineTaskThread-/0.0.0.0:15358-0 ] INFO  ratis.XceiverServerRatis (XceiverServerRatis.java:getRealPort(575)) - XceiverServerRatis aebecd85-982d-4af9-9ab4-e47392631af6 is started using port 15388 for RATIS_SERVER
2024-01-14 17:00:23,383 [aebecd85-982d-4af9-9ab4-e47392631af6-EndpointStateMachineTaskThread-/0.0.0.0:15358-0 ] INFO  ratis.XceiverServerRatis (XceiverServerRatis.java:getRealPort(575)) - XceiverServerRatis aebecd85-982d-4af9-9ab4-e47392631af6 is started using port 15389 for RATIS_DATASTREAM
2024-01-14 17:00:23,382 [JvmPauseMonitor48] INFO  util.JvmPauseMonitor (JvmPauseMonitor.java:run(146)) - JvmPauseMonitor-aebecd85-982d-4af9-9ab4-e47392631af6: Started
2024-01-14 17:00:23,383 [aebecd85-982d-4af9-9ab4-e47392631af6-BlockDeletingService#0] INFO  interfaces.ContainerDeletionChoosingPolicyTemplate (ContainerDeletionChoosingPolicyTemplate.java:chooseContainerForBlockDeletion(85)) - Chosen 0/5000 blocks from 0 candidate containers.
2024-01-14 17:00:23,462 [f2927880-1f10-4686-b93c-5db3b548581d-EndpointStateMachineTaskThread-/0.0.0.0:15358-0 ] INFO  utils.DatanodeStoreCache (DatanodeStoreCache.java:addDB(72)) - Added db /home/runner/work/ozone/ozone/hadoop-ozone/integration-test/target/test-dir/MiniOzoneClusterImpl-55f63948-b302-44a8-9a44-732f3ddcab57/datanode-3/data-0/containers/hdds/55f63948-b302-44a8-9a44-732f3ddcab57/DS-4c68c87e-216e-4d1b-af19-24b5f6da446d/container.db to cache
2024-01-14 17:00:23,462 [f2927880-1f10-4686-b93c-5db3b548581d-EndpointStateMachineTaskThread-/0.0.0.0:15358-0 ] INFO  volume.HddsVolume (HddsVolume.java:createDbStore(420)) - SchemaV3 db is created and loaded at /home/runner/work/ozone/ozone/hadoop-ozone/integration-test/target/test-dir/MiniOzoneClusterImpl-55f63948-b302-44a8-9a44-732f3ddcab57/datanode-3/data-0/containers/hdds/55f63948-b302-44a8-9a44-732f3ddcab57/DS-4c68c87e-216e-4d1b-af19-24b5f6da446d/container.db for volume DS-4c68c87e-216e-4d1b-af19-24b5f6da446d
2024-01-14 17:00:23,463 [f2927880-1f10-4686-b93c-5db3b548581d-EndpointStateMachineTaskThread-/0.0.0.0:15358-0 ] INFO  volume.ThrottledAsyncChecker (ThrottledAsyncChecker.java:schedule(141)) - Scheduling a check for /home/runner/work/ozone/ozone/hadoop-ozone/integration-test/target/test-dir/MiniOzoneClusterImpl-55f63948-b302-44a8-9a44-732f3ddcab57/datanode-3/data-0/containers/hdds
2024-01-14 17:00:23,463 [f2927880-1f10-4686-b93c-5db3b548581d-EndpointStateMachineTaskThread-/0.0.0.0:15358-0 ] INFO  volume.StorageVolumeChecker (StorageVolumeChecker.java:checkAllVolumes(218)) - Scheduled health check for volume /home/runner/work/ozone/ozone/hadoop-ozone/integration-test/target/test-dir/MiniOzoneClusterImpl-55f63948-b302-44a8-9a44-732f3ddcab57/datanode-3/data-0/containers/hdds
2024-01-14 17:00:23,465 [f2927880-1f10-4686-b93c-5db3b548581d-EndpointStateMachineTaskThread-/0.0.0.0:15358-0 ] INFO  volume.ThrottledAsyncChecker (ThrottledAsyncChecker.java:schedule(141)) - Scheduling a check for /home/runner/work/ozone/ozone/hadoop-ozone/integration-test/target/test-dir/MiniOzoneClusterImpl-55f63948-b302-44a8-9a44-732f3ddcab57/datanode-3/data/ratis
2024-01-14 17:00:23,465 [f2927880-1f10-4686-b93c-5db3b548581d-EndpointStateMachineTaskThread-/0.0.0.0:15358-0 ] INFO  volume.StorageVolumeChecker (StorageVolumeChecker.java:checkAllVolumes(218)) - Scheduled health check for volume /home/runner/work/ozone/ozone/hadoop-ozone/integration-test/target/test-dir/MiniOzoneClusterImpl-55f63948-b302-44a8-9a44-732f3ddcab57/datanode-3/data/ratis
2024-01-14 17:00:23,466 [f2927880-1f10-4686-b93c-5db3b548581d-EndpointStateMachineTaskThread-/0.0.0.0:15358-0 ] INFO  ozoneimpl.OzoneContainer (OzoneContainer.java:start(457)) - Attempting to start container services.
2024-01-14 17:00:23,466 [f2927880-1f10-4686-b93c-5db3b548581d-EndpointStateMachineTaskThread-/0.0.0.0:15358-0 ] INFO  ozoneimpl.OzoneContainer (OzoneContainer.java:startContainerScrub(339)) - Scheduled background container scanners and the on-demand container scanner have been disabled.
2024-01-14 17:00:23,466 [f2927880-1f10-4686-b93c-5db3b548581d-EndpointStateMachineTaskThread-/0.0.0.0:15358-0 ] INFO  replication.ReplicationServer (ReplicationServer.java:start(139)) - ReplicationServer is started using port 15399
2024-01-14 17:00:23,466 [f2927880-1f10-4686-b93c-5db3b548581d-EndpointStateMachineTaskThread-/0.0.0.0:15358-0 ] INFO  ratis.XceiverServerRatis (XceiverServerRatis.java:start(549)) - Starting XceiverServerRatis f2927880-1f10-4686-b93c-5db3b548581d
2024-01-14 17:00:23,467 [f2927880-1f10-4686-b93c-5db3b548581d-EndpointStateMachineTaskThread-/0.0.0.0:15358-0 ] INFO  server.RaftServer (RaftServerProxy.java:startImpl(406)) - f2927880-1f10-4686-b93c-5db3b548581d: start RPC server
2024-01-14 17:00:23,467 [f2927880-1f10-4686-b93c-5db3b548581d-EndpointStateMachineTaskThread-/0.0.0.0:15358-0 ] INFO  server.GrpcService (GrpcService.java:startImpl(302)) - f2927880-1f10-4686-b93c-5db3b548581d: GrpcService started, listening on 15395
2024-01-14 17:00:23,467 [f2927880-1f10-4686-b93c-5db3b548581d-EndpointStateMachineTaskThread-/0.0.0.0:15358-0 ] INFO  server.GrpcService (GrpcService.java:startImpl(302)) - f2927880-1f10-4686-b93c-5db3b548581d: GrpcService started, listening on 15397
2024-01-14 17:00:23,468 [f2927880-1f10-4686-b93c-5db3b548581d-EndpointStateMachineTaskThread-/0.0.0.0:15358-0 ] INFO  server.GrpcService (GrpcService.java:startImpl(302)) - f2927880-1f10-4686-b93c-5db3b548581d: GrpcService started, listening on 15396
2024-01-14 17:00:23,468 [f2927880-1f10-4686-b93c-5db3b548581d-EndpointStateMachineTaskThread-/0.0.0.0:15358-0 ] INFO  ratis.XceiverServerRatis (XceiverServerRatis.java:getRealPort(575)) - XceiverServerRatis f2927880-1f10-4686-b93c-5db3b548581d is started using port 15395 for RATIS
2024-01-14 17:00:23,468 [f2927880-1f10-4686-b93c-5db3b548581d-EndpointStateMachineTaskThread-/0.0.0.0:15358-0 ] INFO  ratis.XceiverServerRatis (XceiverServerRatis.java:getRealPort(575)) - XceiverServerRatis f2927880-1f10-4686-b93c-5db3b548581d is started using port 15396 for RATIS_ADMIN
2024-01-14 17:00:23,468 [f2927880-1f10-4686-b93c-5db3b548581d-EndpointStateMachineTaskThread-/0.0.0.0:15358-0 ] INFO  ratis.XceiverServerRatis (XceiverServerRatis.java:getRealPort(575)) - XceiverServerRatis f2927880-1f10-4686-b93c-5db3b548581d is started using port 15397 for RATIS_SERVER
2024-01-14 17:00:23,468 [f2927880-1f10-4686-b93c-5db3b548581d-EndpointStateMachineTaskThread-/0.0.0.0:15358-0 ] INFO  ratis.XceiverServerRatis (XceiverServerRatis.java:getRealPort(575)) - XceiverServerRatis f2927880-1f10-4686-b93c-5db3b548581d is started using port 15398 for RATIS_DATASTREAM
2024-01-14 17:00:23,468 [JvmPauseMonitor49] INFO  util.JvmPauseMonitor (JvmPauseMonitor.java:run(146)) - JvmPauseMonitor-f2927880-1f10-4686-b93c-5db3b548581d: Started
2024-01-14 17:00:23,469 [f2927880-1f10-4686-b93c-5db3b548581d-BlockDeletingService#0] INFO  interfaces.ContainerDeletionChoosingPolicyTemplate (ContainerDeletionChoosingPolicyTemplate.java:chooseContainerForBlockDeletion(85)) - Chosen 0/5000 blocks from 0 candidate containers.
2024-01-14 17:00:23,546 [cccf6745-afeb-413c-bfb5-a8d67b6b623b-EndpointStateMachineTaskThread-/0.0.0.0:15358-0 ] INFO  utils.DatanodeStoreCache (DatanodeStoreCache.java:addDB(72)) - Added db /home/runner/work/ozone/ozone/hadoop-ozone/integration-test/target/test-dir/MiniOzoneClusterImpl-55f63948-b302-44a8-9a44-732f3ddcab57/datanode-4/data-0/containers/hdds/55f63948-b302-44a8-9a44-732f3ddcab57/DS-870f0aa7-7e0f-4139-80a8-953e151ec6f4/container.db to cache
2024-01-14 17:00:23,546 [cccf6745-afeb-413c-bfb5-a8d67b6b623b-EndpointStateMachineTaskThread-/0.0.0.0:15358-0 ] INFO  volume.HddsVolume (HddsVolume.java:createDbStore(420)) - SchemaV3 db is created and loaded at /home/runner/work/ozone/ozone/hadoop-ozone/integration-test/target/test-dir/MiniOzoneClusterImpl-55f63948-b302-44a8-9a44-732f3ddcab57/datanode-4/data-0/containers/hdds/55f63948-b302-44a8-9a44-732f3ddcab57/DS-870f0aa7-7e0f-4139-80a8-953e151ec6f4/container.db for volume DS-870f0aa7-7e0f-4139-80a8-953e151ec6f4
2024-01-14 17:00:23,547 [cccf6745-afeb-413c-bfb5-a8d67b6b623b-EndpointStateMachineTaskThread-/0.0.0.0:15358-0 ] INFO  volume.ThrottledAsyncChecker (ThrottledAsyncChecker.java:schedule(141)) - Scheduling a check for /home/runner/work/ozone/ozone/hadoop-ozone/integration-test/target/test-dir/MiniOzoneClusterImpl-55f63948-b302-44a8-9a44-732f3ddcab57/datanode-4/data-0/containers/hdds
2024-01-14 17:00:23,547 [cccf6745-afeb-413c-bfb5-a8d67b6b623b-EndpointStateMachineTaskThread-/0.0.0.0:15358-0 ] INFO  volume.StorageVolumeChecker (StorageVolumeChecker.java:checkAllVolumes(218)) - Scheduled health check for volume /home/runner/work/ozone/ozone/hadoop-ozone/integration-test/target/test-dir/MiniOzoneClusterImpl-55f63948-b302-44a8-9a44-732f3ddcab57/datanode-4/data-0/containers/hdds
2024-01-14 17:00:23,549 [cccf6745-afeb-413c-bfb5-a8d67b6b623b-EndpointStateMachineTaskThread-/0.0.0.0:15358-0 ] INFO  volume.ThrottledAsyncChecker (ThrottledAsyncChecker.java:schedule(141)) - Scheduling a check for /home/runner/work/ozone/ozone/hadoop-ozone/integration-test/target/test-dir/MiniOzoneClusterImpl-55f63948-b302-44a8-9a44-732f3ddcab57/datanode-4/data/ratis
2024-01-14 17:00:23,549 [cccf6745-afeb-413c-bfb5-a8d67b6b623b-EndpointStateMachineTaskThread-/0.0.0.0:15358-0 ] INFO  volume.StorageVolumeChecker (StorageVolumeChecker.java:checkAllVolumes(218)) - Scheduled health check for volume /home/runner/work/ozone/ozone/hadoop-ozone/integration-test/target/test-dir/MiniOzoneClusterImpl-55f63948-b302-44a8-9a44-732f3ddcab57/datanode-4/data/ratis
2024-01-14 17:00:23,549 [cccf6745-afeb-413c-bfb5-a8d67b6b623b-EndpointStateMachineTaskThread-/0.0.0.0:15358-0 ] INFO  ozoneimpl.OzoneContainer (OzoneContainer.java:start(457)) - Attempting to start container services.
2024-01-14 17:00:23,549 [cccf6745-afeb-413c-bfb5-a8d67b6b623b-EndpointStateMachineTaskThread-/0.0.0.0:15358-0 ] INFO  ozoneimpl.OzoneContainer (OzoneContainer.java:startContainerScrub(339)) - Scheduled background container scanners and the on-demand container scanner have been disabled.
2024-01-14 17:00:23,550 [cccf6745-afeb-413c-bfb5-a8d67b6b623b-EndpointStateMachineTaskThread-/0.0.0.0:15358-0 ] INFO  replication.ReplicationServer (ReplicationServer.java:start(139)) - ReplicationServer is started using port 15408
2024-01-14 17:00:23,550 [cccf6745-afeb-413c-bfb5-a8d67b6b623b-EndpointStateMachineTaskThread-/0.0.0.0:15358-0 ] INFO  ratis.XceiverServerRatis (XceiverServerRatis.java:start(549)) - Starting XceiverServerRatis cccf6745-afeb-413c-bfb5-a8d67b6b623b
2024-01-14 17:00:23,550 [cccf6745-afeb-413c-bfb5-a8d67b6b623b-EndpointStateMachineTaskThread-/0.0.0.0:15358-0 ] INFO  server.RaftServer (RaftServerProxy.java:startImpl(406)) - cccf6745-afeb-413c-bfb5-a8d67b6b623b: start RPC server
2024-01-14 17:00:23,551 [cccf6745-afeb-413c-bfb5-a8d67b6b623b-EndpointStateMachineTaskThread-/0.0.0.0:15358-0 ] INFO  server.GrpcService (GrpcService.java:startImpl(302)) - cccf6745-afeb-413c-bfb5-a8d67b6b623b: GrpcService started, listening on 15404
2024-01-14 17:00:23,551 [cccf6745-afeb-413c-bfb5-a8d67b6b623b-EndpointStateMachineTaskThread-/0.0.0.0:15358-0 ] INFO  server.GrpcService (GrpcService.java:startImpl(302)) - cccf6745-afeb-413c-bfb5-a8d67b6b623b: GrpcService started, listening on 15406
2024-01-14 17:00:23,551 [cccf6745-afeb-413c-bfb5-a8d67b6b623b-EndpointStateMachineTaskThread-/0.0.0.0:15358-0 ] INFO  server.GrpcService (GrpcService.java:startImpl(302)) - cccf6745-afeb-413c-bfb5-a8d67b6b623b: GrpcService started, listening on 15405
2024-01-14 17:00:23,551 [cccf6745-afeb-413c-bfb5-a8d67b6b623b-EndpointStateMachineTaskThread-/0.0.0.0:15358-0 ] INFO  ratis.XceiverServerRatis (XceiverServerRatis.java:getRealPort(575)) - XceiverServerRatis cccf6745-afeb-413c-bfb5-a8d67b6b623b is started using port 15404 for RATIS
2024-01-14 17:00:23,551 [JvmPauseMonitor50] INFO  util.JvmPauseMonitor (JvmPauseMonitor.java:run(146)) - JvmPauseMonitor-cccf6745-afeb-413c-bfb5-a8d67b6b623b: Started
2024-01-14 17:00:23,551 [cccf6745-afeb-413c-bfb5-a8d67b6b623b-EndpointStateMachineTaskThread-/0.0.0.0:15358-0 ] INFO  ratis.XceiverServerRatis (XceiverServerRatis.java:getRealPort(575)) - XceiverServerRatis cccf6745-afeb-413c-bfb5-a8d67b6b623b is started using port 15405 for RATIS_ADMIN
2024-01-14 17:00:23,551 [cccf6745-afeb-413c-bfb5-a8d67b6b623b-EndpointStateMachineTaskThread-/0.0.0.0:15358-0 ] INFO  ratis.XceiverServerRatis (XceiverServerRatis.java:getRealPort(575)) - XceiverServerRatis cccf6745-afeb-413c-bfb5-a8d67b6b623b is started using port 15406 for RATIS_SERVER
2024-01-14 17:00:23,551 [cccf6745-afeb-413c-bfb5-a8d67b6b623b-EndpointStateMachineTaskThread-/0.0.0.0:15358-0 ] INFO  ratis.XceiverServerRatis (XceiverServerRatis.java:getRealPort(575)) - XceiverServerRatis cccf6745-afeb-413c-bfb5-a8d67b6b623b is started using port 15407 for RATIS_DATASTREAM
2024-01-14 17:00:23,552 [cccf6745-afeb-413c-bfb5-a8d67b6b623b-BlockDeletingService#0] INFO  interfaces.ContainerDeletionChoosingPolicyTemplate (ContainerDeletionChoosingPolicyTemplate.java:chooseContainerForBlockDeletion(85)) - Chosen 0/5000 blocks from 0 candidate containers.
2024-01-14 17:00:23,640 [bc0247fb-4108-4537-bc2d-6aaa51d5d1de-EndpointStateMachineTaskThread-/0.0.0.0:15358-0 ] INFO  utils.DatanodeStoreCache (DatanodeStoreCache.java:addDB(72)) - Added db /home/runner/work/ozone/ozone/hadoop-ozone/integration-test/target/test-dir/MiniOzoneClusterImpl-55f63948-b302-44a8-9a44-732f3ddcab57/datanode-5/data-0/containers/hdds/55f63948-b302-44a8-9a44-732f3ddcab57/DS-fbd6794b-f7d8-43e2-89cb-276885ab5e8a/container.db to cache
2024-01-14 17:00:23,640 [bc0247fb-4108-4537-bc2d-6aaa51d5d1de-EndpointStateMachineTaskThread-/0.0.0.0:15358-0 ] INFO  volume.HddsVolume (HddsVolume.java:createDbStore(420)) - SchemaV3 db is created and loaded at /home/runner/work/ozone/ozone/hadoop-ozone/integration-test/target/test-dir/MiniOzoneClusterImpl-55f63948-b302-44a8-9a44-732f3ddcab57/datanode-5/data-0/containers/hdds/55f63948-b302-44a8-9a44-732f3ddcab57/DS-fbd6794b-f7d8-43e2-89cb-276885ab5e8a/container.db for volume DS-fbd6794b-f7d8-43e2-89cb-276885ab5e8a
2024-01-14 17:00:23,641 [bc0247fb-4108-4537-bc2d-6aaa51d5d1de-EndpointStateMachineTaskThread-/0.0.0.0:15358-0 ] INFO  volume.ThrottledAsyncChecker (ThrottledAsyncChecker.java:schedule(141)) - Scheduling a check for /home/runner/work/ozone/ozone/hadoop-ozone/integration-test/target/test-dir/MiniOzoneClusterImpl-55f63948-b302-44a8-9a44-732f3ddcab57/datanode-5/data-0/containers/hdds
2024-01-14 17:00:23,641 [bc0247fb-4108-4537-bc2d-6aaa51d5d1de-EndpointStateMachineTaskThread-/0.0.0.0:15358-0 ] INFO  volume.StorageVolumeChecker (StorageVolumeChecker.java:checkAllVolumes(218)) - Scheduled health check for volume /home/runner/work/ozone/ozone/hadoop-ozone/integration-test/target/test-dir/MiniOzoneClusterImpl-55f63948-b302-44a8-9a44-732f3ddcab57/datanode-5/data-0/containers/hdds
2024-01-14 17:00:23,643 [bc0247fb-4108-4537-bc2d-6aaa51d5d1de-EndpointStateMachineTaskThread-/0.0.0.0:15358-0 ] INFO  volume.ThrottledAsyncChecker (ThrottledAsyncChecker.java:schedule(141)) - Scheduling a check for /home/runner/work/ozone/ozone/hadoop-ozone/integration-test/target/test-dir/MiniOzoneClusterImpl-55f63948-b302-44a8-9a44-732f3ddcab57/datanode-5/data/ratis
2024-01-14 17:00:23,643 [bc0247fb-4108-4537-bc2d-6aaa51d5d1de-EndpointStateMachineTaskThread-/0.0.0.0:15358-0 ] INFO  volume.StorageVolumeChecker (StorageVolumeChecker.java:checkAllVolumes(218)) - Scheduled health check for volume /home/runner/work/ozone/ozone/hadoop-ozone/integration-test/target/test-dir/MiniOzoneClusterImpl-55f63948-b302-44a8-9a44-732f3ddcab57/datanode-5/data/ratis
2024-01-14 17:00:23,644 [bc0247fb-4108-4537-bc2d-6aaa51d5d1de-EndpointStateMachineTaskThread-/0.0.0.0:15358-0 ] INFO  ozoneimpl.OzoneContainer (OzoneContainer.java:start(457)) - Attempting to start container services.
2024-01-14 17:00:23,644 [bc0247fb-4108-4537-bc2d-6aaa51d5d1de-EndpointStateMachineTaskThread-/0.0.0.0:15358-0 ] INFO  ozoneimpl.OzoneContainer (OzoneContainer.java:startContainerScrub(339)) - Scheduled background container scanners and the on-demand container scanner have been disabled.
2024-01-14 17:00:23,644 [bc0247fb-4108-4537-bc2d-6aaa51d5d1de-EndpointStateMachineTaskThread-/0.0.0.0:15358-0 ] INFO  replication.ReplicationServer (ReplicationServer.java:start(139)) - ReplicationServer is started using port 15417
2024-01-14 17:00:23,644 [bc0247fb-4108-4537-bc2d-6aaa51d5d1de-EndpointStateMachineTaskThread-/0.0.0.0:15358-0 ] INFO  ratis.XceiverServerRatis (XceiverServerRatis.java:start(549)) - Starting XceiverServerRatis bc0247fb-4108-4537-bc2d-6aaa51d5d1de
2024-01-14 17:00:23,644 [bc0247fb-4108-4537-bc2d-6aaa51d5d1de-EndpointStateMachineTaskThread-/0.0.0.0:15358-0 ] INFO  server.RaftServer (RaftServerProxy.java:startImpl(406)) - bc0247fb-4108-4537-bc2d-6aaa51d5d1de: start RPC server
2024-01-14 17:00:23,645 [bc0247fb-4108-4537-bc2d-6aaa51d5d1de-EndpointStateMachineTaskThread-/0.0.0.0:15358-0 ] INFO  server.GrpcService (GrpcService.java:startImpl(302)) - bc0247fb-4108-4537-bc2d-6aaa51d5d1de: GrpcService started, listening on 15413
2024-01-14 17:00:23,645 [bc0247fb-4108-4537-bc2d-6aaa51d5d1de-EndpointStateMachineTaskThread-/0.0.0.0:15358-0 ] INFO  server.GrpcService (GrpcService.java:startImpl(302)) - bc0247fb-4108-4537-bc2d-6aaa51d5d1de: GrpcService started, listening on 15415
2024-01-14 17:00:23,645 [bc0247fb-4108-4537-bc2d-6aaa51d5d1de-EndpointStateMachineTaskThread-/0.0.0.0:15358-0 ] INFO  server.GrpcService (GrpcService.java:startImpl(302)) - bc0247fb-4108-4537-bc2d-6aaa51d5d1de: GrpcService started, listening on 15414
2024-01-14 17:00:23,645 [bc0247fb-4108-4537-bc2d-6aaa51d5d1de-EndpointStateMachineTaskThread-/0.0.0.0:15358-0 ] INFO  ratis.XceiverServerRatis (XceiverServerRatis.java:getRealPort(575)) - XceiverServerRatis bc0247fb-4108-4537-bc2d-6aaa51d5d1de is started using port 15413 for RATIS
2024-01-14 17:00:23,645 [JvmPauseMonitor51] INFO  util.JvmPauseMonitor (JvmPauseMonitor.java:run(146)) - JvmPauseMonitor-bc0247fb-4108-4537-bc2d-6aaa51d5d1de: Started
2024-01-14 17:00:23,645 [bc0247fb-4108-4537-bc2d-6aaa51d5d1de-EndpointStateMachineTaskThread-/0.0.0.0:15358-0 ] INFO  ratis.XceiverServerRatis (XceiverServerRatis.java:getRealPort(575)) - XceiverServerRatis bc0247fb-4108-4537-bc2d-6aaa51d5d1de is started using port 15414 for RATIS_ADMIN
2024-01-14 17:00:23,645 [bc0247fb-4108-4537-bc2d-6aaa51d5d1de-EndpointStateMachineTaskThread-/0.0.0.0:15358-0 ] INFO  ratis.XceiverServerRatis (XceiverServerRatis.java:getRealPort(575)) - XceiverServerRatis bc0247fb-4108-4537-bc2d-6aaa51d5d1de is started using port 15415 for RATIS_SERVER
2024-01-14 17:00:23,645 [bc0247fb-4108-4537-bc2d-6aaa51d5d1de-EndpointStateMachineTaskThread-/0.0.0.0:15358-0 ] INFO  ratis.XceiverServerRatis (XceiverServerRatis.java:getRealPort(575)) - XceiverServerRatis bc0247fb-4108-4537-bc2d-6aaa51d5d1de is started using port 15416 for RATIS_DATASTREAM
2024-01-14 17:00:23,646 [bc0247fb-4108-4537-bc2d-6aaa51d5d1de-BlockDeletingService#0] INFO  interfaces.ContainerDeletionChoosingPolicyTemplate (ContainerDeletionChoosingPolicyTemplate.java:chooseContainerForBlockDeletion(85)) - Chosen 0/5000 blocks from 0 candidate containers.
2024-01-14 17:00:23,723 [01ac3795-95be-4125-9c80-d1d2d581a769-EndpointStateMachineTaskThread-/0.0.0.0:15358-0 ] INFO  utils.DatanodeStoreCache (DatanodeStoreCache.java:addDB(72)) - Added db /home/runner/work/ozone/ozone/hadoop-ozone/integration-test/target/test-dir/MiniOzoneClusterImpl-55f63948-b302-44a8-9a44-732f3ddcab57/datanode-6/data-0/containers/hdds/55f63948-b302-44a8-9a44-732f3ddcab57/DS-63f4fb34-6354-44d7-836f-0cfa0e06532a/container.db to cache
2024-01-14 17:00:23,723 [01ac3795-95be-4125-9c80-d1d2d581a769-EndpointStateMachineTaskThread-/0.0.0.0:15358-0 ] INFO  volume.HddsVolume (HddsVolume.java:createDbStore(420)) - SchemaV3 db is created and loaded at /home/runner/work/ozone/ozone/hadoop-ozone/integration-test/target/test-dir/MiniOzoneClusterImpl-55f63948-b302-44a8-9a44-732f3ddcab57/datanode-6/data-0/containers/hdds/55f63948-b302-44a8-9a44-732f3ddcab57/DS-63f4fb34-6354-44d7-836f-0cfa0e06532a/container.db for volume DS-63f4fb34-6354-44d7-836f-0cfa0e06532a
2024-01-14 17:00:23,724 [01ac3795-95be-4125-9c80-d1d2d581a769-EndpointStateMachineTaskThread-/0.0.0.0:15358-0 ] INFO  volume.ThrottledAsyncChecker (ThrottledAsyncChecker.java:schedule(141)) - Scheduling a check for /home/runner/work/ozone/ozone/hadoop-ozone/integration-test/target/test-dir/MiniOzoneClusterImpl-55f63948-b302-44a8-9a44-732f3ddcab57/datanode-6/data-0/containers/hdds
2024-01-14 17:00:23,724 [01ac3795-95be-4125-9c80-d1d2d581a769-EndpointStateMachineTaskThread-/0.0.0.0:15358-0 ] INFO  volume.StorageVolumeChecker (StorageVolumeChecker.java:checkAllVolumes(218)) - Scheduled health check for volume /home/runner/work/ozone/ozone/hadoop-ozone/integration-test/target/test-dir/MiniOzoneClusterImpl-55f63948-b302-44a8-9a44-732f3ddcab57/datanode-6/data-0/containers/hdds
2024-01-14 17:00:23,726 [01ac3795-95be-4125-9c80-d1d2d581a769-EndpointStateMachineTaskThread-/0.0.0.0:15358-0 ] INFO  volume.ThrottledAsyncChecker (ThrottledAsyncChecker.java:schedule(141)) - Scheduling a check for /home/runner/work/ozone/ozone/hadoop-ozone/integration-test/target/test-dir/MiniOzoneClusterImpl-55f63948-b302-44a8-9a44-732f3ddcab57/datanode-6/data/ratis
2024-01-14 17:00:23,726 [01ac3795-95be-4125-9c80-d1d2d581a769-EndpointStateMachineTaskThread-/0.0.0.0:15358-0 ] INFO  volume.StorageVolumeChecker (StorageVolumeChecker.java:checkAllVolumes(218)) - Scheduled health check for volume /home/runner/work/ozone/ozone/hadoop-ozone/integration-test/target/test-dir/MiniOzoneClusterImpl-55f63948-b302-44a8-9a44-732f3ddcab57/datanode-6/data/ratis
2024-01-14 17:00:23,727 [01ac3795-95be-4125-9c80-d1d2d581a769-EndpointStateMachineTaskThread-/0.0.0.0:15358-0 ] INFO  ozoneimpl.OzoneContainer (OzoneContainer.java:start(457)) - Attempting to start container services.
2024-01-14 17:00:23,727 [01ac3795-95be-4125-9c80-d1d2d581a769-EndpointStateMachineTaskThread-/0.0.0.0:15358-0 ] INFO  ozoneimpl.OzoneContainer (OzoneContainer.java:startContainerScrub(339)) - Scheduled background container scanners and the on-demand container scanner have been disabled.
2024-01-14 17:00:23,727 [01ac3795-95be-4125-9c80-d1d2d581a769-EndpointStateMachineTaskThread-/0.0.0.0:15358-0 ] INFO  replication.ReplicationServer (ReplicationServer.java:start(139)) - ReplicationServer is started using port 15426
2024-01-14 17:00:23,727 [01ac3795-95be-4125-9c80-d1d2d581a769-EndpointStateMachineTaskThread-/0.0.0.0:15358-0 ] INFO  ratis.XceiverServerRatis (XceiverServerRatis.java:start(549)) - Starting XceiverServerRatis 01ac3795-95be-4125-9c80-d1d2d581a769
2024-01-14 17:00:23,728 [01ac3795-95be-4125-9c80-d1d2d581a769-EndpointStateMachineTaskThread-/0.0.0.0:15358-0 ] INFO  server.RaftServer (RaftServerProxy.java:startImpl(406)) - 01ac3795-95be-4125-9c80-d1d2d581a769: start RPC server
2024-01-14 17:00:23,728 [01ac3795-95be-4125-9c80-d1d2d581a769-EndpointStateMachineTaskThread-/0.0.0.0:15358-0 ] INFO  server.GrpcService (GrpcService.java:startImpl(302)) - 01ac3795-95be-4125-9c80-d1d2d581a769: GrpcService started, listening on 15422
2024-01-14 17:00:23,728 [01ac3795-95be-4125-9c80-d1d2d581a769-EndpointStateMachineTaskThread-/0.0.0.0:15358-0 ] INFO  server.GrpcService (GrpcService.java:startImpl(302)) - 01ac3795-95be-4125-9c80-d1d2d581a769: GrpcService started, listening on 15424
2024-01-14 17:00:23,728 [01ac3795-95be-4125-9c80-d1d2d581a769-EndpointStateMachineTaskThread-/0.0.0.0:15358-0 ] INFO  server.GrpcService (GrpcService.java:startImpl(302)) - 01ac3795-95be-4125-9c80-d1d2d581a769: GrpcService started, listening on 15423
2024-01-14 17:00:23,728 [01ac3795-95be-4125-9c80-d1d2d581a769-EndpointStateMachineTaskThread-/0.0.0.0:15358-0 ] INFO  ratis.XceiverServerRatis (XceiverServerRatis.java:getRealPort(575)) - XceiverServerRatis 01ac3795-95be-4125-9c80-d1d2d581a769 is started using port 15422 for RATIS
2024-01-14 17:00:23,728 [JvmPauseMonitor52] INFO  util.JvmPauseMonitor (JvmPauseMonitor.java:run(146)) - JvmPauseMonitor-01ac3795-95be-4125-9c80-d1d2d581a769: Started
2024-01-14 17:00:23,728 [01ac3795-95be-4125-9c80-d1d2d581a769-EndpointStateMachineTaskThread-/0.0.0.0:15358-0 ] INFO  ratis.XceiverServerRatis (XceiverServerRatis.java:getRealPort(575)) - XceiverServerRatis 01ac3795-95be-4125-9c80-d1d2d581a769 is started using port 15423 for RATIS_ADMIN
2024-01-14 17:00:23,728 [01ac3795-95be-4125-9c80-d1d2d581a769-EndpointStateMachineTaskThread-/0.0.0.0:15358-0 ] INFO  ratis.XceiverServerRatis (XceiverServerRatis.java:getRealPort(575)) - XceiverServerRatis 01ac3795-95be-4125-9c80-d1d2d581a769 is started using port 15424 for RATIS_SERVER
2024-01-14 17:00:23,728 [01ac3795-95be-4125-9c80-d1d2d581a769-EndpointStateMachineTaskThread-/0.0.0.0:15358-0 ] INFO  ratis.XceiverServerRatis (XceiverServerRatis.java:getRealPort(575)) - XceiverServerRatis 01ac3795-95be-4125-9c80-d1d2d581a769 is started using port 15425 for RATIS_DATASTREAM
2024-01-14 17:00:23,729 [01ac3795-95be-4125-9c80-d1d2d581a769-BlockDeletingService#0] INFO  interfaces.ContainerDeletionChoosingPolicyTemplate (ContainerDeletionChoosingPolicyTemplate.java:chooseContainerForBlockDeletion(85)) - Chosen 0/5000 blocks from 0 candidate containers.
2024-01-14 17:00:23,810 [31061ca7-84d9-4b7e-bdb5-51e4d8805ce5-EndpointStateMachineTaskThread-/0.0.0.0:15358-0 ] INFO  utils.DatanodeStoreCache (DatanodeStoreCache.java:addDB(72)) - Added db /home/runner/work/ozone/ozone/hadoop-ozone/integration-test/target/test-dir/MiniOzoneClusterImpl-55f63948-b302-44a8-9a44-732f3ddcab57/datanode-7/data-0/containers/hdds/55f63948-b302-44a8-9a44-732f3ddcab57/DS-f2100ce4-4e4e-4d47-b6f4-624f53a465e4/container.db to cache
2024-01-14 17:00:23,810 [31061ca7-84d9-4b7e-bdb5-51e4d8805ce5-EndpointStateMachineTaskThread-/0.0.0.0:15358-0 ] INFO  volume.HddsVolume (HddsVolume.java:createDbStore(420)) - SchemaV3 db is created and loaded at /home/runner/work/ozone/ozone/hadoop-ozone/integration-test/target/test-dir/MiniOzoneClusterImpl-55f63948-b302-44a8-9a44-732f3ddcab57/datanode-7/data-0/containers/hdds/55f63948-b302-44a8-9a44-732f3ddcab57/DS-f2100ce4-4e4e-4d47-b6f4-624f53a465e4/container.db for volume DS-f2100ce4-4e4e-4d47-b6f4-624f53a465e4
2024-01-14 17:00:23,811 [31061ca7-84d9-4b7e-bdb5-51e4d8805ce5-EndpointStateMachineTaskThread-/0.0.0.0:15358-0 ] INFO  volume.ThrottledAsyncChecker (ThrottledAsyncChecker.java:schedule(141)) - Scheduling a check for /home/runner/work/ozone/ozone/hadoop-ozone/integration-test/target/test-dir/MiniOzoneClusterImpl-55f63948-b302-44a8-9a44-732f3ddcab57/datanode-7/data-0/containers/hdds
2024-01-14 17:00:23,812 [31061ca7-84d9-4b7e-bdb5-51e4d8805ce5-EndpointStateMachineTaskThread-/0.0.0.0:15358-0 ] INFO  volume.StorageVolumeChecker (StorageVolumeChecker.java:checkAllVolumes(218)) - Scheduled health check for volume /home/runner/work/ozone/ozone/hadoop-ozone/integration-test/target/test-dir/MiniOzoneClusterImpl-55f63948-b302-44a8-9a44-732f3ddcab57/datanode-7/data-0/containers/hdds
2024-01-14 17:00:23,813 [31061ca7-84d9-4b7e-bdb5-51e4d8805ce5-EndpointStateMachineTaskThread-/0.0.0.0:15358-0 ] INFO  volume.ThrottledAsyncChecker (ThrottledAsyncChecker.java:schedule(141)) - Scheduling a check for /home/runner/work/ozone/ozone/hadoop-ozone/integration-test/target/test-dir/MiniOzoneClusterImpl-55f63948-b302-44a8-9a44-732f3ddcab57/datanode-7/data/ratis
2024-01-14 17:00:23,813 [31061ca7-84d9-4b7e-bdb5-51e4d8805ce5-EndpointStateMachineTaskThread-/0.0.0.0:15358-0 ] INFO  volume.StorageVolumeChecker (StorageVolumeChecker.java:checkAllVolumes(218)) - Scheduled health check for volume /home/runner/work/ozone/ozone/hadoop-ozone/integration-test/target/test-dir/MiniOzoneClusterImpl-55f63948-b302-44a8-9a44-732f3ddcab57/datanode-7/data/ratis
2024-01-14 17:00:23,814 [31061ca7-84d9-4b7e-bdb5-51e4d8805ce5-EndpointStateMachineTaskThread-/0.0.0.0:15358-0 ] INFO  ozoneimpl.OzoneContainer (OzoneContainer.java:start(457)) - Attempting to start container services.
2024-01-14 17:00:23,814 [31061ca7-84d9-4b7e-bdb5-51e4d8805ce5-EndpointStateMachineTaskThread-/0.0.0.0:15358-0 ] INFO  ozoneimpl.OzoneContainer (OzoneContainer.java:startContainerScrub(339)) - Scheduled background container scanners and the on-demand container scanner have been disabled.
2024-01-14 17:00:23,815 [31061ca7-84d9-4b7e-bdb5-51e4d8805ce5-EndpointStateMachineTaskThread-/0.0.0.0:15358-0 ] INFO  replication.ReplicationServer (ReplicationServer.java:start(139)) - ReplicationServer is started using port 15435
2024-01-14 17:00:23,815 [31061ca7-84d9-4b7e-bdb5-51e4d8805ce5-EndpointStateMachineTaskThread-/0.0.0.0:15358-0 ] INFO  ratis.XceiverServerRatis (XceiverServerRatis.java:start(549)) - Starting XceiverServerRatis 31061ca7-84d9-4b7e-bdb5-51e4d8805ce5
2024-01-14 17:00:23,815 [31061ca7-84d9-4b7e-bdb5-51e4d8805ce5-EndpointStateMachineTaskThread-/0.0.0.0:15358-0 ] INFO  server.RaftServer (RaftServerProxy.java:startImpl(406)) - 31061ca7-84d9-4b7e-bdb5-51e4d8805ce5: start RPC server
2024-01-14 17:00:23,816 [31061ca7-84d9-4b7e-bdb5-51e4d8805ce5-EndpointStateMachineTaskThread-/0.0.0.0:15358-0 ] INFO  server.GrpcService (GrpcService.java:startImpl(302)) - 31061ca7-84d9-4b7e-bdb5-51e4d8805ce5: GrpcService started, listening on 15431
2024-01-14 17:00:23,816 [31061ca7-84d9-4b7e-bdb5-51e4d8805ce5-EndpointStateMachineTaskThread-/0.0.0.0:15358-0 ] INFO  server.GrpcService (GrpcService.java:startImpl(302)) - 31061ca7-84d9-4b7e-bdb5-51e4d8805ce5: GrpcService started, listening on 15433
2024-01-14 17:00:23,816 [31061ca7-84d9-4b7e-bdb5-51e4d8805ce5-EndpointStateMachineTaskThread-/0.0.0.0:15358-0 ] INFO  server.GrpcService (GrpcService.java:startImpl(302)) - 31061ca7-84d9-4b7e-bdb5-51e4d8805ce5: GrpcService started, listening on 15432
2024-01-14 17:00:23,816 [31061ca7-84d9-4b7e-bdb5-51e4d8805ce5-EndpointStateMachineTaskThread-/0.0.0.0:15358-0 ] INFO  ratis.XceiverServerRatis (XceiverServerRatis.java:getRealPort(575)) - XceiverServerRatis 31061ca7-84d9-4b7e-bdb5-51e4d8805ce5 is started using port 15431 for RATIS
2024-01-14 17:00:23,816 [JvmPauseMonitor53] INFO  util.JvmPauseMonitor (JvmPauseMonitor.java:run(146)) - JvmPauseMonitor-31061ca7-84d9-4b7e-bdb5-51e4d8805ce5: Started
2024-01-14 17:00:23,816 [31061ca7-84d9-4b7e-bdb5-51e4d8805ce5-EndpointStateMachineTaskThread-/0.0.0.0:15358-0 ] INFO  ratis.XceiverServerRatis (XceiverServerRatis.java:getRealPort(575)) - XceiverServerRatis 31061ca7-84d9-4b7e-bdb5-51e4d8805ce5 is started using port 15432 for RATIS_ADMIN
2024-01-14 17:00:23,816 [31061ca7-84d9-4b7e-bdb5-51e4d8805ce5-EndpointStateMachineTaskThread-/0.0.0.0:15358-0 ] INFO  ratis.XceiverServerRatis (XceiverServerRatis.java:getRealPort(575)) - XceiverServerRatis 31061ca7-84d9-4b7e-bdb5-51e4d8805ce5 is started using port 15433 for RATIS_SERVER
2024-01-14 17:00:23,816 [31061ca7-84d9-4b7e-bdb5-51e4d8805ce5-EndpointStateMachineTaskThread-/0.0.0.0:15358-0 ] INFO  ratis.XceiverServerRatis (XceiverServerRatis.java:getRealPort(575)) - XceiverServerRatis 31061ca7-84d9-4b7e-bdb5-51e4d8805ce5 is started using port 15434 for RATIS_DATASTREAM
2024-01-14 17:00:23,817 [31061ca7-84d9-4b7e-bdb5-51e4d8805ce5-BlockDeletingService#0] INFO  interfaces.ContainerDeletionChoosingPolicyTemplate (ContainerDeletionChoosingPolicyTemplate.java:chooseContainerForBlockDeletion(85)) - Chosen 0/5000 blocks from 0 candidate containers.
2024-01-14 17:00:23,885 [main] INFO  ozone.MiniOzoneClusterImpl (MiniOzoneClusterImpl.java:lambda$waitForClusterToBeReady$0(229)) - Waiting for nodes to be ready. Got 0 of 9 DN Heartbeats.
2024-01-14 17:00:23,885 [main] INFO  ozone.MiniOzoneClusterImpl (MiniOzoneClusterImpl.java:lambda$waitForClusterToBeReady$0(232)) - Waiting for cluster to exit safe mode
2024-01-14 17:00:23,885 [main] INFO  ozone.MiniOzoneClusterImpl (MiniOzoneClusterImpl.java:lambda$waitForClusterToBeReady$0(234)) - SCM became leader
2024-01-14 17:00:23,907 [fdbfaedf-7027-42ee-aaca-8580b78dbea6-EndpointStateMachineTaskThread-/0.0.0.0:15358-0 ] INFO  utils.DatanodeStoreCache (DatanodeStoreCache.java:addDB(72)) - Added db /home/runner/work/ozone/ozone/hadoop-ozone/integration-test/target/test-dir/MiniOzoneClusterImpl-55f63948-b302-44a8-9a44-732f3ddcab57/datanode-8/data-0/containers/hdds/55f63948-b302-44a8-9a44-732f3ddcab57/DS-9ea99bfe-2108-47f6-890d-9915cb06d078/container.db to cache
2024-01-14 17:00:23,908 [fdbfaedf-7027-42ee-aaca-8580b78dbea6-EndpointStateMachineTaskThread-/0.0.0.0:15358-0 ] INFO  volume.HddsVolume (HddsVolume.java:createDbStore(420)) - SchemaV3 db is created and loaded at /home/runner/work/ozone/ozone/hadoop-ozone/integration-test/target/test-dir/MiniOzoneClusterImpl-55f63948-b302-44a8-9a44-732f3ddcab57/datanode-8/data-0/containers/hdds/55f63948-b302-44a8-9a44-732f3ddcab57/DS-9ea99bfe-2108-47f6-890d-9915cb06d078/container.db for volume DS-9ea99bfe-2108-47f6-890d-9915cb06d078
2024-01-14 17:00:23,909 [fdbfaedf-7027-42ee-aaca-8580b78dbea6-EndpointStateMachineTaskThread-/0.0.0.0:15358-0 ] INFO  volume.ThrottledAsyncChecker (ThrottledAsyncChecker.java:schedule(141)) - Scheduling a check for /home/runner/work/ozone/ozone/hadoop-ozone/integration-test/target/test-dir/MiniOzoneClusterImpl-55f63948-b302-44a8-9a44-732f3ddcab57/datanode-8/data-0/containers/hdds
2024-01-14 17:00:23,909 [fdbfaedf-7027-42ee-aaca-8580b78dbea6-EndpointStateMachineTaskThread-/0.0.0.0:15358-0 ] INFO  volume.StorageVolumeChecker (StorageVolumeChecker.java:checkAllVolumes(218)) - Scheduled health check for volume /home/runner/work/ozone/ozone/hadoop-ozone/integration-test/target/test-dir/MiniOzoneClusterImpl-55f63948-b302-44a8-9a44-732f3ddcab57/datanode-8/data-0/containers/hdds
2024-01-14 17:00:23,911 [fdbfaedf-7027-42ee-aaca-8580b78dbea6-EndpointStateMachineTaskThread-/0.0.0.0:15358-0 ] INFO  volume.ThrottledAsyncChecker (ThrottledAsyncChecker.java:schedule(141)) - Scheduling a check for /home/runner/work/ozone/ozone/hadoop-ozone/integration-test/target/test-dir/MiniOzoneClusterImpl-55f63948-b302-44a8-9a44-732f3ddcab57/datanode-8/data/ratis
2024-01-14 17:00:23,911 [fdbfaedf-7027-42ee-aaca-8580b78dbea6-EndpointStateMachineTaskThread-/0.0.0.0:15358-0 ] INFO  volume.StorageVolumeChecker (StorageVolumeChecker.java:checkAllVolumes(218)) - Scheduled health check for volume /home/runner/work/ozone/ozone/hadoop-ozone/integration-test/target/test-dir/MiniOzoneClusterImpl-55f63948-b302-44a8-9a44-732f3ddcab57/datanode-8/data/ratis
2024-01-14 17:00:23,912 [fdbfaedf-7027-42ee-aaca-8580b78dbea6-EndpointStateMachineTaskThread-/0.0.0.0:15358-0 ] INFO  ozoneimpl.OzoneContainer (OzoneContainer.java:start(457)) - Attempting to start container services.
2024-01-14 17:00:23,912 [fdbfaedf-7027-42ee-aaca-8580b78dbea6-EndpointStateMachineTaskThread-/0.0.0.0:15358-0 ] INFO  ozoneimpl.OzoneContainer (OzoneContainer.java:startContainerScrub(339)) - Scheduled background container scanners and the on-demand container scanner have been disabled.
2024-01-14 17:00:23,912 [fdbfaedf-7027-42ee-aaca-8580b78dbea6-EndpointStateMachineTaskThread-/0.0.0.0:15358-0 ] INFO  replication.ReplicationServer (ReplicationServer.java:start(139)) - ReplicationServer is started using port 15444
2024-01-14 17:00:23,912 [fdbfaedf-7027-42ee-aaca-8580b78dbea6-EndpointStateMachineTaskThread-/0.0.0.0:15358-0 ] INFO  ratis.XceiverServerRatis (XceiverServerRatis.java:start(549)) - Starting XceiverServerRatis fdbfaedf-7027-42ee-aaca-8580b78dbea6
2024-01-14 17:00:23,920 [fdbfaedf-7027-42ee-aaca-8580b78dbea6-EndpointStateMachineTaskThread-/0.0.0.0:15358-0 ] INFO  server.RaftServer (RaftServerProxy.java:startImpl(406)) - fdbfaedf-7027-42ee-aaca-8580b78dbea6: start RPC server
2024-01-14 17:00:23,920 [fdbfaedf-7027-42ee-aaca-8580b78dbea6-EndpointStateMachineTaskThread-/0.0.0.0:15358-0 ] INFO  server.GrpcService (GrpcService.java:startImpl(302)) - fdbfaedf-7027-42ee-aaca-8580b78dbea6: GrpcService started, listening on 15440
2024-01-14 17:00:23,920 [fdbfaedf-7027-42ee-aaca-8580b78dbea6-EndpointStateMachineTaskThread-/0.0.0.0:15358-0 ] INFO  server.GrpcService (GrpcService.java:startImpl(302)) - fdbfaedf-7027-42ee-aaca-8580b78dbea6: GrpcService started, listening on 15442
2024-01-14 17:00:23,920 [fdbfaedf-7027-42ee-aaca-8580b78dbea6-EndpointStateMachineTaskThread-/0.0.0.0:15358-0 ] INFO  server.GrpcService (GrpcService.java:startImpl(302)) - fdbfaedf-7027-42ee-aaca-8580b78dbea6: GrpcService started, listening on 15441
2024-01-14 17:00:23,921 [fdbfaedf-7027-42ee-aaca-8580b78dbea6-EndpointStateMachineTaskThread-/0.0.0.0:15358-0 ] INFO  ratis.XceiverServerRatis (XceiverServerRatis.java:getRealPort(575)) - XceiverServerRatis fdbfaedf-7027-42ee-aaca-8580b78dbea6 is started using port 15440 for RATIS
2024-01-14 17:00:23,921 [fdbfaedf-7027-42ee-aaca-8580b78dbea6-EndpointStateMachineTaskThread-/0.0.0.0:15358-0 ] INFO  ratis.XceiverServerRatis (XceiverServerRatis.java:getRealPort(575)) - XceiverServerRatis fdbfaedf-7027-42ee-aaca-8580b78dbea6 is started using port 15441 for RATIS_ADMIN
2024-01-14 17:00:23,921 [fdbfaedf-7027-42ee-aaca-8580b78dbea6-EndpointStateMachineTaskThread-/0.0.0.0:15358-0 ] INFO  ratis.XceiverServerRatis (XceiverServerRatis.java:getRealPort(575)) - XceiverServerRatis fdbfaedf-7027-42ee-aaca-8580b78dbea6 is started using port 15442 for RATIS_SERVER
2024-01-14 17:00:23,921 [fdbfaedf-7027-42ee-aaca-8580b78dbea6-EndpointStateMachineTaskThread-/0.0.0.0:15358-0 ] INFO  ratis.XceiverServerRatis (XceiverServerRatis.java:getRealPort(575)) - XceiverServerRatis fdbfaedf-7027-42ee-aaca-8580b78dbea6 is started using port 15443 for RATIS_DATASTREAM
2024-01-14 17:00:23,921 [JvmPauseMonitor54] INFO  util.JvmPauseMonitor (JvmPauseMonitor.java:run(146)) - JvmPauseMonitor-fdbfaedf-7027-42ee-aaca-8580b78dbea6: Started
2024-01-14 17:00:23,922 [fdbfaedf-7027-42ee-aaca-8580b78dbea6-BlockDeletingService#0] INFO  interfaces.ContainerDeletionChoosingPolicyTemplate (ContainerDeletionChoosingPolicyTemplate.java:chooseContainerForBlockDeletion(85)) - Chosen 0/5000 blocks from 0 candidate containers.
2024-01-14 17:00:24,886 [main] INFO  ozone.MiniOzoneClusterImpl (MiniOzoneClusterImpl.java:lambda$waitForClusterToBeReady$0(229)) - Waiting for nodes to be ready. Got 0 of 9 DN Heartbeats.
2024-01-14 17:00:24,886 [main] INFO  ozone.MiniOzoneClusterImpl (MiniOzoneClusterImpl.java:lambda$waitForClusterToBeReady$0(232)) - Waiting for cluster to exit safe mode
2024-01-14 17:00:24,886 [main] INFO  ozone.MiniOzoneClusterImpl (MiniOzoneClusterImpl.java:lambda$waitForClusterToBeReady$0(234)) - SCM became leader
2024-01-14 17:00:25,181 [IPC Server handler 1 on default port 15358] INFO  net.NetworkTopologyImpl (NetworkTopologyImpl.java:add(124)) - Added a new node: /default-rack/1aa467ca-1ad7-4ef6-8b7c-495b72f7048c
2024-01-14 17:00:25,181 [IPC Server handler 1 on default port 15358] INFO  node.SCMNodeManager (SCMNodeManager.java:register(417)) - Registered datanode: 1aa467ca-1ad7-4ef6-8b7c-495b72f7048c{ip: 10.1.0.34, host: fv-az1248-16.lhg1ljel1gwudbpqdk5ar2pfag.bx.internal.cloudapp.net, ports: [HTTP=15365, CLIENT_RPC=15366, REPLICATION=15372, RATIS=15368, RATIS_ADMIN=15369, RATIS_SERVER=15370, RATIS_DATASTREAM=15371, STANDALONE=15367], networkLocation: /default-rack, certSerialId: null, persistedOpState: null, persistedOpStateExpiryEpochSec: 0}
2024-01-14 17:00:25,184 [EventQueue-NewNodeForNewNodeHandler] INFO  pipeline.BackgroundPipelineCreator (BackgroundPipelineCreator.java:notifyEventTriggered(280)) - trigger a one-shot run on RatisPipelineUtilsThread.
2024-01-14 17:00:25,184 [EventQueue-NodeRegistrationContainerReportForDataNodeSafeModeRule] INFO  safemode.SCMSafeModeManager (DataNodeSafeModeRule.java:process(71)) - SCM in safe mode. 1 DataNodes registered, 3 required.
2024-01-14 17:00:25,184 [RatisPipelineUtilsThread-0] INFO  pipeline.RatisPipelineProvider (RatisPipelineProvider.java:lambda$create$0(206)) - Sending CreatePipelineCommand for pipeline:PipelineID=234ac5d8-21e2-47a4-a1ba-d7f49ae3d028 to datanode:1aa467ca-1ad7-4ef6-8b7c-495b72f7048c
2024-01-14 17:00:25,184 [EventQueue-NodeRegistrationContainerReportForContainerSafeModeRule] INFO  safemode.SCMSafeModeManager (SCMSafeModeManager.java:validateSafeModeExitRules(200)) - ContainerSafeModeRule rule is successfully validated
2024-01-14 17:00:25,185 [EventQueue-PipelineReportForOneReplicaPipelineSafeModeRule] INFO  safemode.SCMSafeModeManager (SCMSafeModeManager.java:validateSafeModeExitRules(200)) - AtleastOneDatanodeReportedRule rule is successfully validated
2024-01-14 17:00:25,186 [RatisPipelineUtilsThread-0] INFO  pipeline.BackgroundPipelineCreator (BackgroundPipelineCreator.java:createPipelines(236)) - Created new pipeline Pipeline[ Id: 234ac5d8-21e2-47a4-a1ba-d7f49ae3d028, Nodes: 1aa467ca-1ad7-4ef6-8b7c-495b72f7048c(fv-az1248-16.lhg1ljel1gwudbpqdk5ar2pfag.bx.internal.cloudapp.net/10.1.0.34), ReplicationConfig: RATIS/ONE, State:ALLOCATED, leaderId:, CreationTimestamp2024-01-14T17:00:25.184Z[Etc/UTC]]
2024-01-14 17:00:25,267 [IPC Server handler 0 on default port 15358] INFO  net.NetworkTopologyImpl (NetworkTopologyImpl.java:add(124)) - Added a new node: /default-rack/b01583c4-e63d-4000-8651-5bd1da23191a
2024-01-14 17:00:25,268 [IPC Server handler 0 on default port 15358] INFO  node.SCMNodeManager (SCMNodeManager.java:register(417)) - Registered datanode: b01583c4-e63d-4000-8651-5bd1da23191a{ip: 10.1.0.34, host: fv-az1248-16.lhg1ljel1gwudbpqdk5ar2pfag.bx.internal.cloudapp.net, ports: [HTTP=15374, CLIENT_RPC=15375, REPLICATION=15381, RATIS=15377, RATIS_ADMIN=15378, RATIS_SERVER=15379, RATIS_DATASTREAM=15380, STANDALONE=15376], networkLocation: /default-rack, certSerialId: null, persistedOpState: null, persistedOpStateExpiryEpochSec: 0}
2024-01-14 17:00:25,268 [EventQueue-NewNodeForNewNodeHandler] INFO  pipeline.BackgroundPipelineCreator (BackgroundPipelineCreator.java:notifyEventTriggered(280)) - trigger a one-shot run on RatisPipelineUtilsThread.
2024-01-14 17:00:25,268 [EventQueue-NodeRegistrationContainerReportForDataNodeSafeModeRule] INFO  safemode.SCMSafeModeManager (DataNodeSafeModeRule.java:process(71)) - SCM in safe mode. 2 DataNodes registered, 3 required.
2024-01-14 17:00:25,268 [RatisPipelineUtilsThread-0] INFO  pipeline.RatisPipelineProvider (RatisPipelineProvider.java:lambda$create$0(206)) - Sending CreatePipelineCommand for pipeline:PipelineID=b3c90398-1e13-4ad2-bef7-80deb7409e1d to datanode:b01583c4-e63d-4000-8651-5bd1da23191a
2024-01-14 17:00:25,269 [RatisPipelineUtilsThread-0] INFO  pipeline.BackgroundPipelineCreator (BackgroundPipelineCreator.java:createPipelines(236)) - Created new pipeline Pipeline[ Id: b3c90398-1e13-4ad2-bef7-80deb7409e1d, Nodes: b01583c4-e63d-4000-8651-5bd1da23191a(fv-az1248-16.lhg1ljel1gwudbpqdk5ar2pfag.bx.internal.cloudapp.net/10.1.0.34), ReplicationConfig: RATIS/ONE, State:ALLOCATED, leaderId:, CreationTimestamp2024-01-14T17:00:25.268Z[Etc/UTC]]
2024-01-14 17:00:25,356 [IPC Server handler 3 on default port 15358] INFO  net.NetworkTopologyImpl (NetworkTopologyImpl.java:add(124)) - Added a new node: /default-rack/aebecd85-982d-4af9-9ab4-e47392631af6
2024-01-14 17:00:25,357 [IPC Server handler 3 on default port 15358] INFO  node.SCMNodeManager (SCMNodeManager.java:register(417)) - Registered datanode: aebecd85-982d-4af9-9ab4-e47392631af6{ip: 10.1.0.34, host: fv-az1248-16.lhg1ljel1gwudbpqdk5ar2pfag.bx.internal.cloudapp.net, ports: [HTTP=15383, CLIENT_RPC=15384, REPLICATION=15390, RATIS=15386, RATIS_ADMIN=15387, RATIS_SERVER=15388, RATIS_DATASTREAM=15389, STANDALONE=15385], networkLocation: /default-rack, certSerialId: null, persistedOpState: null, persistedOpStateExpiryEpochSec: 0}
2024-01-14 17:00:25,357 [EventQueue-NewNodeForNewNodeHandler] INFO  pipeline.BackgroundPipelineCreator (BackgroundPipelineCreator.java:notifyEventTriggered(280)) - trigger a one-shot run on RatisPipelineUtilsThread.
2024-01-14 17:00:25,357 [EventQueue-NodeRegistrationContainerReportForDataNodeSafeModeRule] INFO  safemode.SCMSafeModeManager (DataNodeSafeModeRule.java:process(71)) - SCM in safe mode. 3 DataNodes registered, 3 required.
2024-01-14 17:00:25,357 [EventQueue-NodeRegistrationContainerReportForDataNodeSafeModeRule] INFO  safemode.SCMSafeModeManager (SCMSafeModeManager.java:validateSafeModeExitRules(200)) - DataNodeSafeModeRule rule is successfully validated
2024-01-14 17:00:25,357 [EventQueue-NodeRegistrationContainerReportForDataNodeSafeModeRule] INFO  safemode.SCMSafeModeManager (SCMSafeModeManager.java:completePreCheck(229)) - All SCM safe mode pre check rules have passed
2024-01-14 17:00:25,357 [EventQueue-NodeRegistrationContainerReportForDataNodeSafeModeRule] INFO  ha.SCMContext (SCMContext.java:updateSafeModeStatus(230)) - Update SafeModeStatus from SafeModeStatus{safeModeStatus=true, preCheckPassed=false} to SafeModeStatus{safeModeStatus=true, preCheckPassed=true}.
2024-01-14 17:00:25,357 [EventQueue-NodeRegistrationContainerReportForDataNodeSafeModeRule] INFO  pipeline.BackgroundPipelineCreator (BackgroundPipelineCreator.java:notifyEventTriggered(280)) - trigger a one-shot run on RatisPipelineUtilsThread.
2024-01-14 17:00:25,357 [RatisPipelineUtilsThread-0] INFO  pipeline.RatisPipelineProvider (RatisPipelineProvider.java:lambda$create$0(206)) - Sending CreatePipelineCommand for pipeline:PipelineID=fb3778f1-91dd-4c6b-90dc-802d7856b538 to datanode:aebecd85-982d-4af9-9ab4-e47392631af6
2024-01-14 17:00:25,358 [RatisPipelineUtilsThread-0] INFO  pipeline.BackgroundPipelineCreator (BackgroundPipelineCreator.java:createPipelines(236)) - Created new pipeline Pipeline[ Id: fb3778f1-91dd-4c6b-90dc-802d7856b538, Nodes: aebecd85-982d-4af9-9ab4-e47392631af6(fv-az1248-16.lhg1ljel1gwudbpqdk5ar2pfag.bx.internal.cloudapp.net/10.1.0.34), ReplicationConfig: RATIS/ONE, State:ALLOCATED, leaderId:, CreationTimestamp2024-01-14T17:00:25.357Z[Etc/UTC]]
2024-01-14 17:00:25,358 [RatisPipelineUtilsThread-0] INFO  pipeline.RatisPipelineProvider (RatisPipelineProvider.java:lambda$create$0(206)) - Sending CreatePipelineCommand for pipeline:PipelineID=6fbf20b0-e0b6-4e52-9b82-f3e7a0cfec8f to datanode:aebecd85-982d-4af9-9ab4-e47392631af6
2024-01-14 17:00:25,358 [RatisPipelineUtilsThread-0] INFO  pipeline.RatisPipelineProvider (RatisPipelineProvider.java:lambda$create$0(206)) - Sending CreatePipelineCommand for pipeline:PipelineID=6fbf20b0-e0b6-4e52-9b82-f3e7a0cfec8f to datanode:b01583c4-e63d-4000-8651-5bd1da23191a
2024-01-14 17:00:25,358 [RatisPipelineUtilsThread-0] INFO  pipeline.RatisPipelineProvider (RatisPipelineProvider.java:lambda$create$0(206)) - Sending CreatePipelineCommand for pipeline:PipelineID=6fbf20b0-e0b6-4e52-9b82-f3e7a0cfec8f to datanode:1aa467ca-1ad7-4ef6-8b7c-495b72f7048c
2024-01-14 17:00:25,359 [RatisPipelineUtilsThread-0] INFO  pipeline.BackgroundPipelineCreator (BackgroundPipelineCreator.java:createPipelines(236)) - Created new pipeline Pipeline[ Id: 6fbf20b0-e0b6-4e52-9b82-f3e7a0cfec8f, Nodes: aebecd85-982d-4af9-9ab4-e47392631af6(fv-az1248-16.lhg1ljel1gwudbpqdk5ar2pfag.bx.internal.cloudapp.net/10.1.0.34)b01583c4-e63d-4000-8651-5bd1da23191a(fv-az1248-16.lhg1ljel1gwudbpqdk5ar2pfag.bx.internal.cloudapp.net/10.1.0.34)1aa467ca-1ad7-4ef6-8b7c-495b72f7048c(fv-az1248-16.lhg1ljel1gwudbpqdk5ar2pfag.bx.internal.cloudapp.net/10.1.0.34), ReplicationConfig: RATIS/THREE, State:ALLOCATED, leaderId:, CreationTimestamp2024-01-14T17:00:25.358Z[Etc/UTC]]
2024-01-14 17:00:25,442 [IPC Server handler 6 on default port 15358] INFO  net.NetworkTopologyImpl (NetworkTopologyImpl.java:add(124)) - Added a new node: /default-rack/f2927880-1f10-4686-b93c-5db3b548581d
2024-01-14 17:00:25,442 [IPC Server handler 6 on default port 15358] INFO  node.SCMNodeManager (SCMNodeManager.java:register(417)) - Registered datanode: f2927880-1f10-4686-b93c-5db3b548581d{ip: 10.1.0.34, host: fv-az1248-16.lhg1ljel1gwudbpqdk5ar2pfag.bx.internal.cloudapp.net, ports: [HTTP=15392, CLIENT_RPC=15393, REPLICATION=15399, RATIS=15395, RATIS_ADMIN=15396, RATIS_SERVER=15397, RATIS_DATASTREAM=15398, STANDALONE=15394], networkLocation: /default-rack, certSerialId: null, persistedOpState: null, persistedOpStateExpiryEpochSec: 0}
2024-01-14 17:00:25,444 [EventQueue-NewNodeForNewNodeHandler] INFO  pipeline.BackgroundPipelineCreator (BackgroundPipelineCreator.java:notifyEventTriggered(280)) - trigger a one-shot run on RatisPipelineUtilsThread.
2024-01-14 17:00:25,444 [RatisPipelineUtilsThread-0] INFO  pipeline.RatisPipelineProvider (RatisPipelineProvider.java:lambda$create$0(206)) - Sending CreatePipelineCommand for pipeline:PipelineID=427e784b-880b-4bc9-9bed-1e314555f5c2 to datanode:f2927880-1f10-4686-b93c-5db3b548581d
2024-01-14 17:00:25,445 [RatisPipelineUtilsThread-0] INFO  pipeline.BackgroundPipelineCreator (BackgroundPipelineCreator.java:createPipelines(236)) - Created new pipeline Pipeline[ Id: 427e784b-880b-4bc9-9bed-1e314555f5c2, Nodes: f2927880-1f10-4686-b93c-5db3b548581d(fv-az1248-16.lhg1ljel1gwudbpqdk5ar2pfag.bx.internal.cloudapp.net/10.1.0.34), ReplicationConfig: RATIS/ONE, State:ALLOCATED, leaderId:, CreationTimestamp2024-01-14T17:00:25.444Z[Etc/UTC]]
2024-01-14 17:00:25,526 [IPC Server handler 8 on default port 15358] INFO  net.NetworkTopologyImpl (NetworkTopologyImpl.java:add(124)) - Added a new node: /default-rack/cccf6745-afeb-413c-bfb5-a8d67b6b623b
2024-01-14 17:00:25,526 [IPC Server handler 8 on default port 15358] INFO  node.SCMNodeManager (SCMNodeManager.java:register(417)) - Registered datanode: cccf6745-afeb-413c-bfb5-a8d67b6b623b{ip: 10.1.0.34, host: fv-az1248-16.lhg1ljel1gwudbpqdk5ar2pfag.bx.internal.cloudapp.net, ports: [HTTP=15401, CLIENT_RPC=15402, REPLICATION=15408, RATIS=15404, RATIS_ADMIN=15405, RATIS_SERVER=15406, RATIS_DATASTREAM=15407, STANDALONE=15403], networkLocation: /default-rack, certSerialId: null, persistedOpState: null, persistedOpStateExpiryEpochSec: 0}
2024-01-14 17:00:25,527 [EventQueue-NewNodeForNewNodeHandler] INFO  pipeline.BackgroundPipelineCreator (BackgroundPipelineCreator.java:notifyEventTriggered(280)) - trigger a one-shot run on RatisPipelineUtilsThread.
2024-01-14 17:00:25,527 [RatisPipelineUtilsThread-0] INFO  pipeline.RatisPipelineProvider (RatisPipelineProvider.java:lambda$create$0(206)) - Sending CreatePipelineCommand for pipeline:PipelineID=55dc7a08-534a-4c8e-a071-f32cb735a442 to datanode:cccf6745-afeb-413c-bfb5-a8d67b6b623b
2024-01-14 17:00:25,528 [RatisPipelineUtilsThread-0] INFO  pipeline.BackgroundPipelineCreator (BackgroundPipelineCreator.java:createPipelines(236)) - Created new pipeline Pipeline[ Id: 55dc7a08-534a-4c8e-a071-f32cb735a442, Nodes: cccf6745-afeb-413c-bfb5-a8d67b6b623b(fv-az1248-16.lhg1ljel1gwudbpqdk5ar2pfag.bx.internal.cloudapp.net/10.1.0.34), ReplicationConfig: RATIS/ONE, State:ALLOCATED, leaderId:, CreationTimestamp2024-01-14T17:00:25.527Z[Etc/UTC]]
2024-01-14 17:00:25,618 [IPC Server handler 10 on default port 15358] INFO  net.NetworkTopologyImpl (NetworkTopologyImpl.java:add(124)) - Added a new node: /default-rack/bc0247fb-4108-4537-bc2d-6aaa51d5d1de
2024-01-14 17:00:25,618 [IPC Server handler 10 on default port 15358] INFO  node.SCMNodeManager (SCMNodeManager.java:register(417)) - Registered datanode: bc0247fb-4108-4537-bc2d-6aaa51d5d1de{ip: 10.1.0.34, host: fv-az1248-16.lhg1ljel1gwudbpqdk5ar2pfag.bx.internal.cloudapp.net, ports: [HTTP=15410, CLIENT_RPC=15411, REPLICATION=15417, RATIS=15413, RATIS_ADMIN=15414, RATIS_SERVER=15415, RATIS_DATASTREAM=15416, STANDALONE=15412], networkLocation: /default-rack, certSerialId: null, persistedOpState: null, persistedOpStateExpiryEpochSec: 0}
2024-01-14 17:00:25,618 [EventQueue-NewNodeForNewNodeHandler] INFO  pipeline.BackgroundPipelineCreator (BackgroundPipelineCreator.java:notifyEventTriggered(280)) - trigger a one-shot run on RatisPipelineUtilsThread.
2024-01-14 17:00:25,619 [RatisPipelineUtilsThread-0] INFO  pipeline.RatisPipelineProvider (RatisPipelineProvider.java:lambda$create$0(206)) - Sending CreatePipelineCommand for pipeline:PipelineID=f0eb859b-33e3-4e01-9825-06836ea6ad0d to datanode:bc0247fb-4108-4537-bc2d-6aaa51d5d1de
2024-01-14 17:00:25,619 [RatisPipelineUtilsThread-0] INFO  pipeline.BackgroundPipelineCreator (BackgroundPipelineCreator.java:createPipelines(236)) - Created new pipeline Pipeline[ Id: f0eb859b-33e3-4e01-9825-06836ea6ad0d, Nodes: bc0247fb-4108-4537-bc2d-6aaa51d5d1de(fv-az1248-16.lhg1ljel1gwudbpqdk5ar2pfag.bx.internal.cloudapp.net/10.1.0.34), ReplicationConfig: RATIS/ONE, State:ALLOCATED, leaderId:, CreationTimestamp2024-01-14T17:00:25.619Z[Etc/UTC]]
2024-01-14 17:00:25,619 [RatisPipelineUtilsThread-0] INFO  pipeline.RatisPipelineProvider (RatisPipelineProvider.java:lambda$create$0(206)) - Sending CreatePipelineCommand for pipeline:PipelineID=51a8a496-3ab8-4fe4-938f-7ae465211717 to datanode:f2927880-1f10-4686-b93c-5db3b548581d
2024-01-14 17:00:25,619 [RatisPipelineUtilsThread-0] INFO  pipeline.RatisPipelineProvider (RatisPipelineProvider.java:lambda$create$0(206)) - Sending CreatePipelineCommand for pipeline:PipelineID=51a8a496-3ab8-4fe4-938f-7ae465211717 to datanode:cccf6745-afeb-413c-bfb5-a8d67b6b623b
2024-01-14 17:00:25,619 [RatisPipelineUtilsThread-0] INFO  pipeline.RatisPipelineProvider (RatisPipelineProvider.java:lambda$create$0(206)) - Sending CreatePipelineCommand for pipeline:PipelineID=51a8a496-3ab8-4fe4-938f-7ae465211717 to datanode:bc0247fb-4108-4537-bc2d-6aaa51d5d1de
2024-01-14 17:00:25,620 [RatisPipelineUtilsThread-0] INFO  pipeline.BackgroundPipelineCreator (BackgroundPipelineCreator.java:createPipelines(236)) - Created new pipeline Pipeline[ Id: 51a8a496-3ab8-4fe4-938f-7ae465211717, Nodes: f2927880-1f10-4686-b93c-5db3b548581d(fv-az1248-16.lhg1ljel1gwudbpqdk5ar2pfag.bx.internal.cloudapp.net/10.1.0.34)cccf6745-afeb-413c-bfb5-a8d67b6b623b(fv-az1248-16.lhg1ljel1gwudbpqdk5ar2pfag.bx.internal.cloudapp.net/10.1.0.34)bc0247fb-4108-4537-bc2d-6aaa51d5d1de(fv-az1248-16.lhg1ljel1gwudbpqdk5ar2pfag.bx.internal.cloudapp.net/10.1.0.34), ReplicationConfig: RATIS/THREE, State:ALLOCATED, leaderId:, CreationTimestamp2024-01-14T17:00:25.619Z[Etc/UTC]]
2024-01-14 17:00:25,704 [IPC Server handler 5 on default port 15358] INFO  net.NetworkTopologyImpl (NetworkTopologyImpl.java:add(124)) - Added a new node: /default-rack/01ac3795-95be-4125-9c80-d1d2d581a769
2024-01-14 17:00:25,704 [IPC Server handler 5 on default port 15358] INFO  node.SCMNodeManager (SCMNodeManager.java:register(417)) - Registered datanode: 01ac3795-95be-4125-9c80-d1d2d581a769{ip: 10.1.0.34, host: fv-az1248-16.lhg1ljel1gwudbpqdk5ar2pfag.bx.internal.cloudapp.net, ports: [HTTP=15419, CLIENT_RPC=15420, REPLICATION=15426, RATIS=15422, RATIS_ADMIN=15423, RATIS_SERVER=15424, RATIS_DATASTREAM=15425, STANDALONE=15421], networkLocation: /default-rack, certSerialId: null, persistedOpState: null, persistedOpStateExpiryEpochSec: 0}
2024-01-14 17:00:25,704 [EventQueue-NewNodeForNewNodeHandler] INFO  pipeline.BackgroundPipelineCreator (BackgroundPipelineCreator.java:notifyEventTriggered(280)) - trigger a one-shot run on RatisPipelineUtilsThread.
2024-01-14 17:00:25,704 [RatisPipelineUtilsThread-0] INFO  pipeline.RatisPipelineProvider (RatisPipelineProvider.java:lambda$create$0(206)) - Sending CreatePipelineCommand for pipeline:PipelineID=75727a6d-8bda-4aac-82ef-6a4183a07bf3 to datanode:01ac3795-95be-4125-9c80-d1d2d581a769
2024-01-14 17:00:25,705 [RatisPipelineUtilsThread-0] INFO  pipeline.BackgroundPipelineCreator (BackgroundPipelineCreator.java:createPipelines(236)) - Created new pipeline Pipeline[ Id: 75727a6d-8bda-4aac-82ef-6a4183a07bf3, Nodes: 01ac3795-95be-4125-9c80-d1d2d581a769(fv-az1248-16.lhg1ljel1gwudbpqdk5ar2pfag.bx.internal.cloudapp.net/10.1.0.34), ReplicationConfig: RATIS/ONE, State:ALLOCATED, leaderId:, CreationTimestamp2024-01-14T17:00:25.704Z[Etc/UTC]]
2024-01-14 17:00:25,790 [IPC Server handler 4 on default port 15358] INFO  net.NetworkTopologyImpl (NetworkTopologyImpl.java:add(124)) - Added a new node: /default-rack/31061ca7-84d9-4b7e-bdb5-51e4d8805ce5
2024-01-14 17:00:25,790 [IPC Server handler 4 on default port 15358] INFO  node.SCMNodeManager (SCMNodeManager.java:register(417)) - Registered datanode: 31061ca7-84d9-4b7e-bdb5-51e4d8805ce5{ip: 10.1.0.34, host: fv-az1248-16.lhg1ljel1gwudbpqdk5ar2pfag.bx.internal.cloudapp.net, ports: [HTTP=15428, CLIENT_RPC=15429, REPLICATION=15435, RATIS=15431, RATIS_ADMIN=15432, RATIS_SERVER=15433, RATIS_DATASTREAM=15434, STANDALONE=15430], networkLocation: /default-rack, certSerialId: null, persistedOpState: null, persistedOpStateExpiryEpochSec: 0}
2024-01-14 17:00:25,790 [EventQueue-NewNodeForNewNodeHandler] INFO  pipeline.BackgroundPipelineCreator (BackgroundPipelineCreator.java:notifyEventTriggered(280)) - trigger a one-shot run on RatisPipelineUtilsThread.
2024-01-14 17:00:25,791 [RatisPipelineUtilsThread-0] INFO  pipeline.RatisPipelineProvider (RatisPipelineProvider.java:lambda$create$0(206)) - Sending CreatePipelineCommand for pipeline:PipelineID=d8c19b7e-91bf-43c9-a94f-0bd0801a3afe to datanode:31061ca7-84d9-4b7e-bdb5-51e4d8805ce5
2024-01-14 17:00:25,791 [RatisPipelineUtilsThread-0] INFO  pipeline.BackgroundPipelineCreator (BackgroundPipelineCreator.java:createPipelines(236)) - Created new pipeline Pipeline[ Id: d8c19b7e-91bf-43c9-a94f-0bd0801a3afe, Nodes: 31061ca7-84d9-4b7e-bdb5-51e4d8805ce5(fv-az1248-16.lhg1ljel1gwudbpqdk5ar2pfag.bx.internal.cloudapp.net/10.1.0.34), ReplicationConfig: RATIS/ONE, State:ALLOCATED, leaderId:, CreationTimestamp2024-01-14T17:00:25.791Z[Etc/UTC]]
2024-01-14 17:00:25,886 [main] INFO  ozone.MiniOzoneClusterImpl (MiniOzoneClusterImpl.java:lambda$waitForClusterToBeReady$0(229)) - Waiting for nodes to be ready. Got 8 of 9 DN Heartbeats.
2024-01-14 17:00:25,886 [IPC Server handler 2 on default port 15358] INFO  net.NetworkTopologyImpl (NetworkTopologyImpl.java:add(124)) - Added a new node: /default-rack/fdbfaedf-7027-42ee-aaca-8580b78dbea6
2024-01-14 17:00:25,886 [main] INFO  ozone.MiniOzoneClusterImpl (MiniOzoneClusterImpl.java:lambda$waitForClusterToBeReady$0(232)) - Waiting for cluster to exit safe mode
2024-01-14 17:00:25,887 [main] INFO  ozone.MiniOzoneClusterImpl (MiniOzoneClusterImpl.java:lambda$waitForClusterToBeReady$0(234)) - SCM became leader
2024-01-14 17:00:25,886 [IPC Server handler 2 on default port 15358] INFO  node.SCMNodeManager (SCMNodeManager.java:register(417)) - Registered datanode: fdbfaedf-7027-42ee-aaca-8580b78dbea6{ip: 10.1.0.34, host: fv-az1248-16.lhg1ljel1gwudbpqdk5ar2pfag.bx.internal.cloudapp.net, ports: [HTTP=15437, CLIENT_RPC=15438, REPLICATION=15444, RATIS=15440, RATIS_ADMIN=15441, RATIS_SERVER=15442, RATIS_DATASTREAM=15443, STANDALONE=15439], networkLocation: /default-rack, certSerialId: null, persistedOpState: null, persistedOpStateExpiryEpochSec: 0}
2024-01-14 17:00:25,888 [EventQueue-NewNodeForNewNodeHandler] INFO  pipeline.BackgroundPipelineCreator (BackgroundPipelineCreator.java:notifyEventTriggered(280)) - trigger a one-shot run on RatisPipelineUtilsThread.
2024-01-14 17:00:25,888 [RatisPipelineUtilsThread-0] INFO  pipeline.RatisPipelineProvider (RatisPipelineProvider.java:lambda$create$0(206)) - Sending CreatePipelineCommand for pipeline:PipelineID=5b73682b-7adb-495b-b20a-95dc0b5d4d97 to datanode:fdbfaedf-7027-42ee-aaca-8580b78dbea6
2024-01-14 17:00:25,889 [RatisPipelineUtilsThread-0] INFO  pipeline.BackgroundPipelineCreator (BackgroundPipelineCreator.java:createPipelines(236)) - Created new pipeline Pipeline[ Id: 5b73682b-7adb-495b-b20a-95dc0b5d4d97, Nodes: fdbfaedf-7027-42ee-aaca-8580b78dbea6(fv-az1248-16.lhg1ljel1gwudbpqdk5ar2pfag.bx.internal.cloudapp.net/10.1.0.34), ReplicationConfig: RATIS/ONE, State:ALLOCATED, leaderId:, CreationTimestamp2024-01-14T17:00:25.888Z[Etc/UTC]]
2024-01-14 17:00:25,889 [RatisPipelineUtilsThread-0] INFO  pipeline.RatisPipelineProvider (RatisPipelineProvider.java:lambda$create$0(206)) - Sending CreatePipelineCommand for pipeline:PipelineID=c909b760-5f23-4c48-ab3d-9aebabf676f3 to datanode:31061ca7-84d9-4b7e-bdb5-51e4d8805ce5
2024-01-14 17:00:25,889 [RatisPipelineUtilsThread-0] INFO  pipeline.RatisPipelineProvider (RatisPipelineProvider.java:lambda$create$0(206)) - Sending CreatePipelineCommand for pipeline:PipelineID=c909b760-5f23-4c48-ab3d-9aebabf676f3 to datanode:01ac3795-95be-4125-9c80-d1d2d581a769
2024-01-14 17:00:25,889 [RatisPipelineUtilsThread-0] INFO  pipeline.RatisPipelineProvider (RatisPipelineProvider.java:lambda$create$0(206)) - Sending CreatePipelineCommand for pipeline:PipelineID=c909b760-5f23-4c48-ab3d-9aebabf676f3 to datanode:fdbfaedf-7027-42ee-aaca-8580b78dbea6
2024-01-14 17:00:25,890 [RatisPipelineUtilsThread-0] INFO  pipeline.BackgroundPipelineCreator (BackgroundPipelineCreator.java:createPipelines(236)) - Created new pipeline Pipeline[ Id: c909b760-5f23-4c48-ab3d-9aebabf676f3, Nodes: 31061ca7-84d9-4b7e-bdb5-51e4d8805ce5(fv-az1248-16.lhg1ljel1gwudbpqdk5ar2pfag.bx.internal.cloudapp.net/10.1.0.34)01ac3795-95be-4125-9c80-d1d2d581a769(fv-az1248-16.lhg1ljel1gwudbpqdk5ar2pfag.bx.internal.cloudapp.net/10.1.0.34)fdbfaedf-7027-42ee-aaca-8580b78dbea6(fv-az1248-16.lhg1ljel1gwudbpqdk5ar2pfag.bx.internal.cloudapp.net/10.1.0.34), ReplicationConfig: RATIS/THREE, State:ALLOCATED, leaderId:, CreationTimestamp2024-01-14T17:00:25.889Z[Etc/UTC]]
2024-01-14 17:00:26,887 [main] INFO  ozone.MiniOzoneClusterImpl (MiniOzoneClusterImpl.java:lambda$waitForClusterToBeReady$0(229)) - Nodes are ready. Got 9 of 9 DN Heartbeats.
2024-01-14 17:00:26,887 [main] INFO  ozone.MiniOzoneClusterImpl (MiniOzoneClusterImpl.java:lambda$waitForClusterToBeReady$0(232)) - Waiting for cluster to exit safe mode
2024-01-14 17:00:26,887 [main] INFO  ozone.MiniOzoneClusterImpl (MiniOzoneClusterImpl.java:lambda$waitForClusterToBeReady$0(234)) - SCM became leader
2024-01-14 17:00:27,887 [main] INFO  ozone.MiniOzoneClusterImpl (MiniOzoneClusterImpl.java:lambda$waitForClusterToBeReady$0(229)) - Nodes are ready. Got 9 of 9 DN Heartbeats.
2024-01-14 17:00:27,888 [main] INFO  ozone.MiniOzoneClusterImpl (MiniOzoneClusterImpl.java:lambda$waitForClusterToBeReady$0(232)) - Waiting for cluster to exit safe mode
2024-01-14 17:00:27,888 [main] INFO  ozone.MiniOzoneClusterImpl (MiniOzoneClusterImpl.java:lambda$waitForClusterToBeReady$0(234)) - SCM became leader
2024-01-14 17:00:28,182 [1aa467ca-1ad7-4ef6-8b7c-495b72f7048c-PipelineCommandHandlerThread-0] INFO  server.RaftServer (RaftServerProxy.java:addNew(100)) - 1aa467ca-1ad7-4ef6-8b7c-495b72f7048c: addNew group-D7F49AE3D028:[1aa467ca-1ad7-4ef6-8b7c-495b72f7048c|10.1.0.34:15370] returns group-D7F49AE3D028:java.util.concurrent.CompletableFuture@6f49058d[Not completed]
2024-01-14 17:00:28,182 [1aa467ca-1ad7-4ef6-8b7c-495b72f7048c-groupManagement] INFO  server.RaftServer$Division (RaftServerImpl.java:<init>(256)) - 1aa467ca-1ad7-4ef6-8b7c-495b72f7048c: new RaftServerImpl for group-D7F49AE3D028:[1aa467ca-1ad7-4ef6-8b7c-495b72f7048c|10.1.0.34:15370] with ContainerStateMachine:uninitialized
2024-01-14 17:00:28,182 [1aa467ca-1ad7-4ef6-8b7c-495b72f7048c-groupManagement] INFO  server.RaftServerConfigKeys (ConfUtils.java:logGet(46)) - raft.server.rpc.timeout.min = 5s (custom)
2024-01-14 17:00:28,183 [1aa467ca-1ad7-4ef6-8b7c-495b72f7048c-groupManagement] INFO  server.RaftServerConfigKeys (ConfUtils.java:logGet(46)) - raft.server.rpc.timeout.max = 5200ms (custom)
2024-01-14 17:00:28,183 [1aa467ca-1ad7-4ef6-8b7c-495b72f7048c-groupManagement] INFO  server.RaftServerConfigKeys (ConfUtils.java:logGet(46)) - raft.server.rpc.sleep.time = 25ms (default)
2024-01-14 17:00:28,183 [1aa467ca-1ad7-4ef6-8b7c-495b72f7048c-groupManagement] INFO  server.RaftServerConfigKeys (ConfUtils.java:logGet(46)) - raft.server.rpc.slowness.timeout = 300000ms (custom)
2024-01-14 17:00:28,183 [1aa467ca-1ad7-4ef6-8b7c-495b72f7048c-groupManagement] INFO  server.RaftServerConfigKeys (ConfUtils.java:logGet(46)) - raft.server.leaderelection.leader.step-down.wait-time = 10s (default)
2024-01-14 17:00:28,183 [1aa467ca-1ad7-4ef6-8b7c-495b72f7048c-groupManagement] INFO  server.RaftServerConfigKeys (ConfUtils.java:logGet(46)) - raft.server.leaderelection.member.majority-add = false (default)
2024-01-14 17:00:28,183 [1aa467ca-1ad7-4ef6-8b7c-495b72f7048c-groupManagement] INFO  server.RaftServerConfigKeys (ConfUtils.java:logGet(46)) - raft.server.sleep.deviation.threshold = 300ms (default)
2024-01-14 17:00:28,183 [1aa467ca-1ad7-4ef6-8b7c-495b72f7048c-groupManagement] INFO  server.RaftServer$Division (ServerState.java:<init>(113)) - 1aa467ca-1ad7-4ef6-8b7c-495b72f7048c@group-D7F49AE3D028: ConfigurationManager, init=-1: peers:[1aa467ca-1ad7-4ef6-8b7c-495b72f7048c|10.1.0.34:15370]|listeners:[], old=null, confs=<EMPTY_MAP>
2024-01-14 17:00:28,183 [1aa467ca-1ad7-4ef6-8b7c-495b72f7048c-groupManagement] INFO  server.RaftServerConfigKeys (ConfUtils.java:logGet(46)) - raft.server.notification.no-leader.timeout = 300000ms (custom)
2024-01-14 17:00:28,183 [1aa467ca-1ad7-4ef6-8b7c-495b72f7048c-groupManagement] INFO  server.RaftServerConfigKeys (ConfUtils.java:logGet(46)) - raft.server.read.timeout = 10s (default)
2024-01-14 17:00:28,183 [1aa467ca-1ad7-4ef6-8b7c-495b72f7048c-groupManagement] INFO  server.RaftServerConfigKeys (ConfUtils.java:logGet(46)) - raft.server.retrycache.expirytime = 600000ms (custom)
2024-01-14 17:00:28,183 [1aa467ca-1ad7-4ef6-8b7c-495b72f7048c-groupManagement] INFO  server.RaftServerConfigKeys (ConfUtils.java:logGet(46)) - raft.server.retrycache.statistics.expirytime = 100ms (default)
2024-01-14 17:00:28,183 [1aa467ca-1ad7-4ef6-8b7c-495b72f7048c-groupManagement] INFO  server.RaftServerConfigKeys (ConfUtils.java:logGet(46)) - raft.server.read.option = DEFAULT (default)
2024-01-14 17:00:28,183 [1aa467ca-1ad7-4ef6-8b7c-495b72f7048c-groupManagement] INFO  server.RaftServerConfigKeys (ConfUtils.java:logGet(46)) - raft.server.read.read-after-write-consistent.write-index-cache.expiry-time = 60s (default)
2024-01-14 17:00:28,185 [1aa467ca-1ad7-4ef6-8b7c-495b72f7048c-groupManagement] INFO  server.RaftServerConfigKeys (ConfUtils.java:logGet(46)) - raft.server.rpc.request.timeout = 3000ms (default)
2024-01-14 17:00:28,185 [1aa467ca-1ad7-4ef6-8b7c-495b72f7048c-groupManagement] INFO  server.RaftServerConfigKeys (ConfUtils.java:logGet(46)) - raft.server.log.appender.install.snapshot.enabled = false (custom)
2024-01-14 17:00:28,185 [1aa467ca-1ad7-4ef6-8b7c-495b72f7048c-groupManagement] INFO  server.RaftServerConfigKeys (ConfUtils.java:logGet(46)) - raft.server.threadpool.server.cached = true (default)
2024-01-14 17:00:28,185 [1aa467ca-1ad7-4ef6-8b7c-495b72f7048c-groupManagement] INFO  server.RaftServerConfigKeys (ConfUtils.java:logGet(46)) - raft.server.threadpool.server.size = 0 (default)
2024-01-14 17:00:28,185 [1aa467ca-1ad7-4ef6-8b7c-495b72f7048c-groupManagement] INFO  server.RaftServerConfigKeys (ConfUtils.java:logGet(46)) - raft.server.threadpool.client.cached = true (default)
2024-01-14 17:00:28,185 [1aa467ca-1ad7-4ef6-8b7c-495b72f7048c-groupManagement] INFO  server.RaftServerConfigKeys (ConfUtils.java:logGet(46)) - raft.server.threadpool.client.size = 0 (default)
2024-01-14 17:00:28,185 [1aa467ca-1ad7-4ef6-8b7c-495b72f7048c-groupManagement] INFO  server.RaftServerConfigKeys (ConfUtils.java:logGet(46)) - raft.server.storage.free-space.min = 0MB (=0) (default)
2024-01-14 17:00:28,185 [1aa467ca-1ad7-4ef6-8b7c-495b72f7048c-groupManagement] INFO  server.RaftServerConfigKeys (ConfUtils.java:logGet(46)) - raft.server.log.corruption.policy = EXCEPTION (default)
2024-01-14 17:00:28,186 [1aa467ca-1ad7-4ef6-8b7c-495b72f7048c-groupManagement] INFO  server.RaftServerConfigKeys (ConfUtils.java:logGet(46)) - raft.server.storage.dir = [/home/runner/work/ozone/ozone/hadoop-ozone/integration-test/target/test-dir/MiniOzoneClusterImpl-55f63948-b302-44a8-9a44-732f3ddcab57/datanode-0/data/ratis] (custom)
2024-01-14 17:00:28,186 [1aa467ca-1ad7-4ef6-8b7c-495b72f7048c-groupManagement] INFO  storage.RaftStorageDirectory (RaftStorageDirectoryImpl.java:analyzeStorage(138)) - The storage directory /home/runner/work/ozone/ozone/hadoop-ozone/integration-test/target/test-dir/MiniOzoneClusterImpl-55f63948-b302-44a8-9a44-732f3ddcab57/datanode-0/data/ratis/234ac5d8-21e2-47a4-a1ba-d7f49ae3d028 does not exist. Creating ...
2024-01-14 17:00:28,187 [1aa467ca-1ad7-4ef6-8b7c-495b72f7048c-groupManagement] INFO  storage.RaftStorageDirectory (RaftStorageDirectoryImpl.java:tryLock(228)) - Lock on /home/runner/work/ozone/ozone/hadoop-ozone/integration-test/target/test-dir/MiniOzoneClusterImpl-55f63948-b302-44a8-9a44-732f3ddcab57/datanode-0/data/ratis/234ac5d8-21e2-47a4-a1ba-d7f49ae3d028/in_use.lock acquired by nodename 93954@fv-az1248-16
2024-01-14 17:00:28,187 [1aa467ca-1ad7-4ef6-8b7c-495b72f7048c-groupManagement] INFO  storage.RaftStorage (RaftStorageImpl.java:format(99)) - Storage directory /home/runner/work/ozone/ozone/hadoop-ozone/integration-test/target/test-dir/MiniOzoneClusterImpl-55f63948-b302-44a8-9a44-732f3ddcab57/datanode-0/data/ratis/234ac5d8-21e2-47a4-a1ba-d7f49ae3d028 has been successfully formatted.
2024-01-14 17:00:28,188 [1aa467ca-1ad7-4ef6-8b7c-495b72f7048c-groupManagement] WARN  util.FileUtils (LogUtils.java:supplyAndLog(63)) - Failed to Files.newInputStream /home/runner/work/ozone/ozone/hadoop-ozone/integration-test/target/test-dir/MiniOzoneClusterImpl-55f63948-b302-44a8-9a44-732f3ddcab57/datanode-0/data/ratis/234ac5d8-21e2-47a4-a1ba-d7f49ae3d028/current/raft-meta.conf with options []: java.nio.file.NoSuchFileException: /home/runner/work/ozone/ozone/hadoop-ozone/integration-test/target/test-dir/MiniOzoneClusterImpl-55f63948-b302-44a8-9a44-732f3ddcab57/datanode-0/data/ratis/234ac5d8-21e2-47a4-a1ba-d7f49ae3d028/current/raft-meta.conf
2024-01-14 17:00:28,188 [1aa467ca-1ad7-4ef6-8b7c-495b72f7048c-groupManagement] INFO  ratis.ContainerStateMachine (ContainerStateMachine.java:loadSnapshot(287)) - group-D7F49AE3D028: The snapshot info is null. Setting the last applied index to:(t:0, i:~)
2024-01-14 17:00:28,189 [1aa467ca-1ad7-4ef6-8b7c-495b72f7048c-groupManagement] INFO  server.RaftServerConfigKeys (ConfUtils.java:logGet(46)) - raft.server.log.use.memory = false (default)
2024-01-14 17:00:28,189 [1aa467ca-1ad7-4ef6-8b7c-495b72f7048c-groupManagement] INFO  server.RaftServerConfigKeys (ConfUtils.java:logGet(46)) - raft.server.log.purge.gap = 1000000 (custom)
2024-01-14 17:00:28,189 [1aa467ca-1ad7-4ef6-8b7c-495b72f7048c-groupManagement] INFO  server.RaftServerConfigKeys (ConfUtils.java:logGet(46)) - raft.server.log.appender.buffer.byte-limit = 8388608 (custom)
2024-01-14 17:00:28,189 [1aa467ca-1ad7-4ef6-8b7c-495b72f7048c-groupManagement] INFO  server.RaftServerConfigKeys (ConfUtils.java:logGet(46)) - raft.server.log.statemachine.data.read.timeout = 1000ms (default)
2024-01-14 17:00:28,189 [1aa467ca-1ad7-4ef6-8b7c-495b72f7048c-groupManagement] INFO  server.RaftServerConfigKeys (ConfUtils.java:logGet(46)) - raft.server.log.purge.preservation.log.num = 0 (default)
2024-01-14 17:00:28,189 [EventQueue-PipelineReportForPipelineReportHandler] INFO  pipeline.PipelineReportHandler (PipelineReportHandler.java:processPipelineReport(136)) - Opened pipeline PipelineID=234ac5d8-21e2-47a4-a1ba-d7f49ae3d028
2024-01-14 17:00:28,191 [EventQueue-OpenPipelineForHealthyPipelineSafeModeRule] INFO  safemode.SCMSafeModeManager (HealthyPipelineSafeModeRule.java:process(140)) - SCM in safe mode. Healthy pipelines reported count is 0, required healthy pipeline reported count is 1
2024-01-14 17:00:28,191 [1aa467ca-1ad7-4ef6-8b7c-495b72f7048c-groupManagement] INFO  server.RaftServerConfigKeys (ConfUtils.java:logGet(46)) - raft.server.log.segment.size.max = 67108864 (custom)
2024-01-14 17:00:28,192 [1aa467ca-1ad7-4ef6-8b7c-495b72f7048c-groupManagement] INFO  server.RaftServerConfigKeys (ConfUtils.java:logGet(46)) - raft.server.log.segment.cache.num.max = 2 (custom)
2024-01-14 17:00:28,192 [1aa467ca-1ad7-4ef6-8b7c-495b72f7048c-groupManagement] INFO  server.RaftServerConfigKeys (ConfUtils.java:logGet(46)) - raft.server.log.segment.cache.size.max = 200MB (=209715200) (default)
2024-01-14 17:00:28,192 [1aa467ca-1ad7-4ef6-8b7c-495b72f7048c-groupManagement] INFO  server.RaftServerConfigKeys (ConfUtils.java:logGet(46)) - raft.server.log.appender.buffer.byte-limit = 8388608 (custom)
2024-01-14 17:00:28,192 [1aa467ca-1ad7-4ef6-8b7c-495b72f7048c-groupManagement] INFO  util.AwaitToRun (AwaitToRun.java:start(81)) - Thread[1aa467ca-1ad7-4ef6-8b7c-495b72f7048c@group-D7F49AE3D028-cacheEviction-AwaitToRun,5,main] started
2024-01-14 17:00:28,192 [1aa467ca-1ad7-4ef6-8b7c-495b72f7048c-groupManagement] INFO  segmented.SegmentedRaftLogWorker (SegmentedRaftLogWorker.java:<init>(182)) - new 1aa467ca-1ad7-4ef6-8b7c-495b72f7048c@group-D7F49AE3D028-SegmentedRaftLogWorker for RaftStorageImpl:Storage Directory /home/runner/work/ozone/ozone/hadoop-ozone/integration-test/target/test-dir/MiniOzoneClusterImpl-55f63948-b302-44a8-9a44-732f3ddcab57/datanode-0/data/ratis/234ac5d8-21e2-47a4-a1ba-d7f49ae3d028
2024-01-14 17:00:28,192 [1aa467ca-1ad7-4ef6-8b7c-495b72f7048c-groupManagement] INFO  server.RaftServerConfigKeys (ConfUtils.java:logGet(46)) - raft.server.log.queue.byte-limit = 4294967296 (custom)
2024-01-14 17:00:28,192 [1aa467ca-1ad7-4ef6-8b7c-495b72f7048c-groupManagement] INFO  server.RaftServerConfigKeys (ConfUtils.java:logGet(46)) - raft.server.log.queue.element-limit = 1024 (custom)
2024-01-14 17:00:28,192 [1aa467ca-1ad7-4ef6-8b7c-495b72f7048c-groupManagement] INFO  server.RaftServerConfigKeys (ConfUtils.java:logGet(46)) - raft.server.log.segment.size.max = 67108864 (custom)
2024-01-14 17:00:28,192 [1aa467ca-1ad7-4ef6-8b7c-495b72f7048c-groupManagement] INFO  server.RaftServerConfigKeys (ConfUtils.java:logGet(46)) - raft.server.log.preallocated.size = 4194304 (custom)
2024-01-14 17:00:28,192 [1aa467ca-1ad7-4ef6-8b7c-495b72f7048c-groupManagement] INFO  server.RaftServerConfigKeys (ConfUtils.java:logGet(46)) - raft.server.log.force.sync.num = 128 (default)
2024-01-14 17:00:28,192 [1aa467ca-1ad7-4ef6-8b7c-495b72f7048c-groupManagement] INFO  server.RaftServerConfigKeys (ConfUtils.java:logGet(46)) - raft.server.log.statemachine.data.sync = true (default)
2024-01-14 17:00:28,192 [1aa467ca-1ad7-4ef6-8b7c-495b72f7048c-groupManagement] INFO  server.RaftServerConfigKeys (ConfUtils.java:logGet(46)) - raft.server.log.statemachine.data.sync.timeout = 10s (default)
2024-01-14 17:00:28,193 [1aa467ca-1ad7-4ef6-8b7c-495b72f7048c-groupManagement] INFO  server.RaftServerConfigKeys (ConfUtils.java:logGet(46)) - raft.server.log.statemachine.data.sync.timeout.retry = 0 (custom)
2024-01-14 17:00:28,193 [1aa467ca-1ad7-4ef6-8b7c-495b72f7048c-groupManagement] INFO  server.RaftServerConfigKeys (ConfUtils.java:logGet(46)) - raft.server.log.write.buffer.size = 8388616 (custom)
2024-01-14 17:00:28,194 [1aa467ca-1ad7-4ef6-8b7c-495b72f7048c-groupManagement] INFO  server.RaftServerConfigKeys (ConfUtils.java:logGet(46)) - raft.server.log.appender.buffer.byte-limit = 8388608 (custom)
2024-01-14 17:00:28,194 [1aa467ca-1ad7-4ef6-8b7c-495b72f7048c-groupManagement] INFO  server.RaftServerConfigKeys (ConfUtils.java:logGet(46)) - raft.server.log.unsafe-flush.enabled = false (default)
2024-01-14 17:00:28,194 [1aa467ca-1ad7-4ef6-8b7c-495b72f7048c-groupManagement] INFO  server.RaftServerConfigKeys (ConfUtils.java:logGet(46)) - raft.server.log.async-flush.enabled = false (default)
2024-01-14 17:00:28,194 [1aa467ca-1ad7-4ef6-8b7c-495b72f7048c-groupManagement] INFO  server.RaftServerConfigKeys (ConfUtils.java:logGet(46)) - raft.server.log.statemachine.data.caching.enabled = true (custom)
2024-01-14 17:00:28,195 [1aa467ca-1ad7-4ef6-8b7c-495b72f7048c-groupManagement] INFO  segmented.SegmentedRaftLogWorker (SegmentedRaftLogWorker.java:lambda$new$0(134)) - 1aa467ca-1ad7-4ef6-8b7c-495b72f7048c@group-D7F49AE3D028-SegmentedRaftLogWorker: flushIndex: setUnconditionally 0 -> -1
2024-01-14 17:00:28,195 [1aa467ca-1ad7-4ef6-8b7c-495b72f7048c-groupManagement] INFO  segmented.SegmentedRaftLogWorker (SegmentedRaftLogWorker.java:lambda$new$0(134)) - 1aa467ca-1ad7-4ef6-8b7c-495b72f7048c@group-D7F49AE3D028-SegmentedRaftLogWorker: safeCacheEvictIndex: setUnconditionally 0 -> -1
2024-01-14 17:00:28,195 [1aa467ca-1ad7-4ef6-8b7c-495b72f7048c-groupManagement] INFO  server.RaftServer$Division (RaftServerImpl.java:start(396)) - 1aa467ca-1ad7-4ef6-8b7c-495b72f7048c@group-D7F49AE3D028: start as a follower, conf=-1: peers:[1aa467ca-1ad7-4ef6-8b7c-495b72f7048c|10.1.0.34:15370]|listeners:[], old=null
2024-01-14 17:00:28,195 [1aa467ca-1ad7-4ef6-8b7c-495b72f7048c-groupManagement] INFO  server.RaftServer$Division (RaftServerImpl.java:setRole(383)) - 1aa467ca-1ad7-4ef6-8b7c-495b72f7048c@group-D7F49AE3D028: changes role from      null to FOLLOWER at term 0 for startAsFollower
2024-01-14 17:00:28,195 [1aa467ca-1ad7-4ef6-8b7c-495b72f7048c-groupManagement] INFO  impl.RoleInfo (RoleInfo.java:updateAndGet(139)) - 1aa467ca-1ad7-4ef6-8b7c-495b72f7048c: start 1aa467ca-1ad7-4ef6-8b7c-495b72f7048c@group-D7F49AE3D028-FollowerState
2024-01-14 17:00:28,195 [1aa467ca-1ad7-4ef6-8b7c-495b72f7048c-groupManagement] INFO  util.JmxRegister (JmxRegister.java:tryRegister(44)) - Successfully registered JMX Bean with object name Ratis:service=RaftServer,group=group-D7F49AE3D028,id=1aa467ca-1ad7-4ef6-8b7c-495b72f7048c
2024-01-14 17:00:28,195 [1aa467ca-1ad7-4ef6-8b7c-495b72f7048c-groupManagement] INFO  server.RaftServerConfigKeys (ConfUtils.java:logGet(46)) - raft.server.snapshot.trigger-when-stop.enabled = true (default)
2024-01-14 17:00:28,195 [1aa467ca-1ad7-4ef6-8b7c-495b72f7048c-groupManagement] INFO  server.RaftServerConfigKeys (ConfUtils.java:logGet(46)) - raft.server.snapshot.auto.trigger.enabled = true (custom)
2024-01-14 17:00:28,195 [1aa467ca-1ad7-4ef6-8b7c-495b72f7048c-groupManagement] INFO  server.RaftServerConfigKeys (ConfUtils.java:logGet(46)) - raft.server.snapshot.auto.trigger.threshold = 10000 (custom)
2024-01-14 17:00:28,195 [1aa467ca-1ad7-4ef6-8b7c-495b72f7048c-groupManagement] INFO  server.RaftServerConfigKeys (ConfUtils.java:logGet(46)) - raft.server.snapshot.retention.file.num = 5 (custom)
2024-01-14 17:00:28,195 [1aa467ca-1ad7-4ef6-8b7c-495b72f7048c-groupManagement] INFO  server.RaftServerConfigKeys (ConfUtils.java:logGet(46)) - raft.server.log.purge.upto.snapshot.index = false (default)
2024-01-14 17:00:28,196 [1aa467ca-1ad7-4ef6-8b7c-495b72f7048c@group-D7F49AE3D028-FollowerState] INFO  server.RaftServerConfigKeys (ConfUtils.java:logFallback(53)) - raft.server.rpc.first-election.timeout.min = 5s (fallback to raft.server.rpc.timeout.min)
2024-01-14 17:00:28,196 [1aa467ca-1ad7-4ef6-8b7c-495b72f7048c@group-D7F49AE3D028-FollowerState] INFO  server.RaftServerConfigKeys (ConfUtils.java:logFallback(53)) - raft.server.rpc.first-election.timeout.max = 5200ms (fallback to raft.server.rpc.timeout.max)
2024-01-14 17:00:28,196 [1aa467ca-1ad7-4ef6-8b7c-495b72f7048c-PipelineCommandHandlerThread-0] INFO  ratis.XceiverServerRatis (XceiverServerRatis.java:addGroup(842)) - Created group PipelineID=234ac5d8-21e2-47a4-a1ba-d7f49ae3d028
2024-01-14 17:00:28,196 [1aa467ca-1ad7-4ef6-8b7c-495b72f7048c-PipelineCommandHandlerThread-0] INFO  commandhandler.CreatePipelineCommandHandler (CreatePipelineCommandHandler.java:lambda$handle$2(124)) - Created Pipeline RATIS ONE PipelineID=234ac5d8-21e2-47a4-a1ba-d7f49ae3d028.
2024-01-14 17:00:28,196 [1aa467ca-1ad7-4ef6-8b7c-495b72f7048c-PipelineCommandHandlerThread-0] INFO  server.RaftServer (RaftServerProxy.java:addNew(100)) - 1aa467ca-1ad7-4ef6-8b7c-495b72f7048c: addNew group-F3E7A0CFEC8F:[b01583c4-e63d-4000-8651-5bd1da23191a|10.1.0.34:15379, aebecd85-982d-4af9-9ab4-e47392631af6|10.1.0.34:15388, 1aa467ca-1ad7-4ef6-8b7c-495b72f7048c|10.1.0.34:15370] returns group-F3E7A0CFEC8F:java.util.concurrent.CompletableFuture@6b768cbc[Not completed]
2024-01-14 17:00:28,198 [1aa467ca-1ad7-4ef6-8b7c-495b72f7048c-groupManagement] INFO  server.RaftServer$Division (RaftServerImpl.java:<init>(256)) - 1aa467ca-1ad7-4ef6-8b7c-495b72f7048c: new RaftServerImpl for group-F3E7A0CFEC8F:[b01583c4-e63d-4000-8651-5bd1da23191a|10.1.0.34:15379, aebecd85-982d-4af9-9ab4-e47392631af6|10.1.0.34:15388, 1aa467ca-1ad7-4ef6-8b7c-495b72f7048c|10.1.0.34:15370] with ContainerStateMachine:uninitialized
2024-01-14 17:00:28,198 [1aa467ca-1ad7-4ef6-8b7c-495b72f7048c-groupManagement] INFO  server.RaftServerConfigKeys (ConfUtils.java:logGet(46)) - raft.server.rpc.timeout.min = 5s (custom)
2024-01-14 17:00:28,198 [1aa467ca-1ad7-4ef6-8b7c-495b72f7048c-groupManagement] INFO  server.RaftServerConfigKeys (ConfUtils.java:logGet(46)) - raft.server.rpc.timeout.max = 5200ms (custom)
2024-01-14 17:00:28,198 [1aa467ca-1ad7-4ef6-8b7c-495b72f7048c-groupManagement] INFO  server.RaftServerConfigKeys (ConfUtils.java:logGet(46)) - raft.server.rpc.sleep.time = 25ms (default)
2024-01-14 17:00:28,198 [1aa467ca-1ad7-4ef6-8b7c-495b72f7048c-groupManagement] INFO  server.RaftServerConfigKeys (ConfUtils.java:logGet(46)) - raft.server.rpc.slowness.timeout = 300000ms (custom)
2024-01-14 17:00:28,198 [1aa467ca-1ad7-4ef6-8b7c-495b72f7048c-groupManagement] INFO  server.RaftServerConfigKeys (ConfUtils.java:logGet(46)) - raft.server.leaderelection.leader.step-down.wait-time = 10s (default)
2024-01-14 17:00:28,198 [1aa467ca-1ad7-4ef6-8b7c-495b72f7048c-groupManagement] INFO  server.RaftServerConfigKeys (ConfUtils.java:logGet(46)) - raft.server.leaderelection.member.majority-add = false (default)
2024-01-14 17:00:28,198 [1aa467ca-1ad7-4ef6-8b7c-495b72f7048c-groupManagement] INFO  server.RaftServerConfigKeys (ConfUtils.java:logGet(46)) - raft.server.sleep.deviation.threshold = 300ms (default)
2024-01-14 17:00:28,198 [1aa467ca-1ad7-4ef6-8b7c-495b72f7048c-groupManagement] INFO  server.RaftServer$Division (ServerState.java:<init>(113)) - 1aa467ca-1ad7-4ef6-8b7c-495b72f7048c@group-F3E7A0CFEC8F: ConfigurationManager, init=-1: peers:[b01583c4-e63d-4000-8651-5bd1da23191a|10.1.0.34:15379, aebecd85-982d-4af9-9ab4-e47392631af6|10.1.0.34:15388, 1aa467ca-1ad7-4ef6-8b7c-495b72f7048c|10.1.0.34:15370]|listeners:[], old=null, confs=<EMPTY_MAP>
2024-01-14 17:00:28,198 [1aa467ca-1ad7-4ef6-8b7c-495b72f7048c-groupManagement] INFO  server.RaftServerConfigKeys (ConfUtils.java:logGet(46)) - raft.server.notification.no-leader.timeout = 300000ms (custom)
2024-01-14 17:00:28,198 [1aa467ca-1ad7-4ef6-8b7c-495b72f7048c-groupManagement] INFO  server.RaftServerConfigKeys (ConfUtils.java:logGet(46)) - raft.server.read.timeout = 10s (default)
2024-01-14 17:00:28,198 [1aa467ca-1ad7-4ef6-8b7c-495b72f7048c-groupManagement] INFO  server.RaftServerConfigKeys (ConfUtils.java:logGet(46)) - raft.server.retrycache.expirytime = 600000ms (custom)
2024-01-14 17:00:28,198 [1aa467ca-1ad7-4ef6-8b7c-495b72f7048c-groupManagement] INFO  server.RaftServerConfigKeys (ConfUtils.java:logGet(46)) - raft.server.retrycache.statistics.expirytime = 100ms (default)
2024-01-14 17:00:28,198 [1aa467ca-1ad7-4ef6-8b7c-495b72f7048c-groupManagement] INFO  server.RaftServerConfigKeys (ConfUtils.java:logGet(46)) - raft.server.read.option = DEFAULT (default)
2024-01-14 17:00:28,198 [1aa467ca-1ad7-4ef6-8b7c-495b72f7048c-groupManagement] INFO  server.RaftServerConfigKeys (ConfUtils.java:logGet(46)) - raft.server.read.read-after-write-consistent.write-index-cache.expiry-time = 60s (default)
2024-01-14 17:00:28,200 [1aa467ca-1ad7-4ef6-8b7c-495b72f7048c-groupManagement] INFO  server.RaftServerConfigKeys (ConfUtils.java:logGet(46)) - raft.server.rpc.request.timeout = 3000ms (default)
2024-01-14 17:00:28,200 [1aa467ca-1ad7-4ef6-8b7c-495b72f7048c-groupManagement] INFO  server.RaftServerConfigKeys (ConfUtils.java:logGet(46)) - raft.server.log.appender.install.snapshot.enabled = false (custom)
2024-01-14 17:00:28,200 [1aa467ca-1ad7-4ef6-8b7c-495b72f7048c-groupManagement] INFO  server.RaftServerConfigKeys (ConfUtils.java:logGet(46)) - raft.server.threadpool.server.cached = true (default)
2024-01-14 17:00:28,200 [1aa467ca-1ad7-4ef6-8b7c-495b72f7048c-groupManagement] INFO  server.RaftServerConfigKeys (ConfUtils.java:logGet(46)) - raft.server.threadpool.server.size = 0 (default)
2024-01-14 17:00:28,200 [1aa467ca-1ad7-4ef6-8b7c-495b72f7048c-groupManagement] INFO  server.RaftServerConfigKeys (ConfUtils.java:logGet(46)) - raft.server.threadpool.client.cached = true (default)
2024-01-14 17:00:28,200 [1aa467ca-1ad7-4ef6-8b7c-495b72f7048c-groupManagement] INFO  server.RaftServerConfigKeys (ConfUtils.java:logGet(46)) - raft.server.threadpool.client.size = 0 (default)
2024-01-14 17:00:28,200 [1aa467ca-1ad7-4ef6-8b7c-495b72f7048c-groupManagement] INFO  server.RaftServerConfigKeys (ConfUtils.java:logGet(46)) - raft.server.storage.free-space.min = 0MB (=0) (default)
2024-01-14 17:00:28,200 [1aa467ca-1ad7-4ef6-8b7c-495b72f7048c-groupManagement] INFO  server.RaftServerConfigKeys (ConfUtils.java:logGet(46)) - raft.server.log.corruption.policy = EXCEPTION (default)
2024-01-14 17:00:28,200 [1aa467ca-1ad7-4ef6-8b7c-495b72f7048c-groupManagement] INFO  server.RaftServerConfigKeys (ConfUtils.java:logGet(46)) - raft.server.storage.dir = [/home/runner/work/ozone/ozone/hadoop-ozone/integration-test/target/test-dir/MiniOzoneClusterImpl-55f63948-b302-44a8-9a44-732f3ddcab57/datanode-0/data/ratis] (custom)
2024-01-14 17:00:28,201 [1aa467ca-1ad7-4ef6-8b7c-495b72f7048c-groupManagement] INFO  storage.RaftStorageDirectory (RaftStorageDirectoryImpl.java:analyzeStorage(138)) - The storage directory /home/runner/work/ozone/ozone/hadoop-ozone/integration-test/target/test-dir/MiniOzoneClusterImpl-55f63948-b302-44a8-9a44-732f3ddcab57/datanode-0/data/ratis/6fbf20b0-e0b6-4e52-9b82-f3e7a0cfec8f does not exist. Creating ...
2024-01-14 17:00:28,201 [1aa467ca-1ad7-4ef6-8b7c-495b72f7048c-groupManagement] INFO  storage.RaftStorageDirectory (RaftStorageDirectoryImpl.java:tryLock(228)) - Lock on /home/runner/work/ozone/ozone/hadoop-ozone/integration-test/target/test-dir/MiniOzoneClusterImpl-55f63948-b302-44a8-9a44-732f3ddcab57/datanode-0/data/ratis/6fbf20b0-e0b6-4e52-9b82-f3e7a0cfec8f/in_use.lock acquired by nodename 93954@fv-az1248-16
2024-01-14 17:00:28,202 [1aa467ca-1ad7-4ef6-8b7c-495b72f7048c-groupManagement] INFO  storage.RaftStorage (RaftStorageImpl.java:format(99)) - Storage directory /home/runner/work/ozone/ozone/hadoop-ozone/integration-test/target/test-dir/MiniOzoneClusterImpl-55f63948-b302-44a8-9a44-732f3ddcab57/datanode-0/data/ratis/6fbf20b0-e0b6-4e52-9b82-f3e7a0cfec8f has been successfully formatted.
2024-01-14 17:00:28,202 [1aa467ca-1ad7-4ef6-8b7c-495b72f7048c-groupManagement] WARN  util.FileUtils (LogUtils.java:supplyAndLog(63)) - Failed to Files.newInputStream /home/runner/work/ozone/ozone/hadoop-ozone/integration-test/target/test-dir/MiniOzoneClusterImpl-55f63948-b302-44a8-9a44-732f3ddcab57/datanode-0/data/ratis/6fbf20b0-e0b6-4e52-9b82-f3e7a0cfec8f/current/raft-meta.conf with options []: java.nio.file.NoSuchFileException: /home/runner/work/ozone/ozone/hadoop-ozone/integration-test/target/test-dir/MiniOzoneClusterImpl-55f63948-b302-44a8-9a44-732f3ddcab57/datanode-0/data/ratis/6fbf20b0-e0b6-4e52-9b82-f3e7a0cfec8f/current/raft-meta.conf
2024-01-14 17:00:28,203 [1aa467ca-1ad7-4ef6-8b7c-495b72f7048c-groupManagement] INFO  ratis.ContainerStateMachine (ContainerStateMachine.java:loadSnapshot(287)) - group-F3E7A0CFEC8F: The snapshot info is null. Setting the last applied index to:(t:0, i:~)
2024-01-14 17:00:28,203 [1aa467ca-1ad7-4ef6-8b7c-495b72f7048c-groupManagement] INFO  server.RaftServerConfigKeys (ConfUtils.java:logGet(46)) - raft.server.log.use.memory = false (default)
2024-01-14 17:00:28,203 [1aa467ca-1ad7-4ef6-8b7c-495b72f7048c-groupManagement] INFO  server.RaftServerConfigKeys (ConfUtils.java:logGet(46)) - raft.server.log.purge.gap = 1000000 (custom)
2024-01-14 17:00:28,203 [1aa467ca-1ad7-4ef6-8b7c-495b72f7048c-groupManagement] INFO  server.RaftServerConfigKeys (ConfUtils.java:logGet(46)) - raft.server.log.appender.buffer.byte-limit = 8388608 (custom)
2024-01-14 17:00:28,203 [EventQueue-OpenPipelineForHealthyPipelineSafeModeRule] INFO  safemode.SCMSafeModeManager (HealthyPipelineSafeModeRule.java:process(140)) - SCM in safe mode. Healthy pipelines reported count is 0, required healthy pipeline reported count is 1
2024-01-14 17:00:28,203 [1aa467ca-1ad7-4ef6-8b7c-495b72f7048c-groupManagement] INFO  server.RaftServerConfigKeys (ConfUtils.java:logGet(46)) - raft.server.log.statemachine.data.read.timeout = 1000ms (default)
2024-01-14 17:00:28,205 [1aa467ca-1ad7-4ef6-8b7c-495b72f7048c-groupManagement] INFO  server.RaftServerConfigKeys (ConfUtils.java:logGet(46)) - raft.server.log.purge.preservation.log.num = 0 (default)
2024-01-14 17:00:28,206 [1aa467ca-1ad7-4ef6-8b7c-495b72f7048c-groupManagement] INFO  server.RaftServerConfigKeys (ConfUtils.java:logGet(46)) - raft.server.log.segment.size.max = 67108864 (custom)
2024-01-14 17:00:28,206 [1aa467ca-1ad7-4ef6-8b7c-495b72f7048c-groupManagement] INFO  server.RaftServerConfigKeys (ConfUtils.java:logGet(46)) - raft.server.log.segment.cache.num.max = 2 (custom)
2024-01-14 17:00:28,206 [1aa467ca-1ad7-4ef6-8b7c-495b72f7048c-groupManagement] INFO  server.RaftServerConfigKeys (ConfUtils.java:logGet(46)) - raft.server.log.segment.cache.size.max = 200MB (=209715200) (default)
2024-01-14 17:00:28,206 [1aa467ca-1ad7-4ef6-8b7c-495b72f7048c-groupManagement] INFO  server.RaftServerConfigKeys (ConfUtils.java:logGet(46)) - raft.server.log.appender.buffer.byte-limit = 8388608 (custom)
2024-01-14 17:00:28,207 [1aa467ca-1ad7-4ef6-8b7c-495b72f7048c-groupManagement] INFO  util.AwaitToRun (AwaitToRun.java:start(81)) - Thread[1aa467ca-1ad7-4ef6-8b7c-495b72f7048c@group-F3E7A0CFEC8F-cacheEviction-AwaitToRun,5,main] started
2024-01-14 17:00:28,207 [1aa467ca-1ad7-4ef6-8b7c-495b72f7048c-groupManagement] INFO  segmented.SegmentedRaftLogWorker (SegmentedRaftLogWorker.java:<init>(182)) - new 1aa467ca-1ad7-4ef6-8b7c-495b72f7048c@group-F3E7A0CFEC8F-SegmentedRaftLogWorker for RaftStorageImpl:Storage Directory /home/runner/work/ozone/ozone/hadoop-ozone/integration-test/target/test-dir/MiniOzoneClusterImpl-55f63948-b302-44a8-9a44-732f3ddcab57/datanode-0/data/ratis/6fbf20b0-e0b6-4e52-9b82-f3e7a0cfec8f
2024-01-14 17:00:28,207 [1aa467ca-1ad7-4ef6-8b7c-495b72f7048c-groupManagement] INFO  server.RaftServerConfigKeys (ConfUtils.java:logGet(46)) - raft.server.log.queue.byte-limit = 4294967296 (custom)
2024-01-14 17:00:28,207 [1aa467ca-1ad7-4ef6-8b7c-495b72f7048c-groupManagement] INFO  server.RaftServerConfigKeys (ConfUtils.java:logGet(46)) - raft.server.log.queue.element-limit = 1024 (custom)
2024-01-14 17:00:28,207 [1aa467ca-1ad7-4ef6-8b7c-495b72f7048c-groupManagement] INFO  server.RaftServerConfigKeys (ConfUtils.java:logGet(46)) - raft.server.log.segment.size.max = 67108864 (custom)
2024-01-14 17:00:28,207 [1aa467ca-1ad7-4ef6-8b7c-495b72f7048c-groupManagement] INFO  server.RaftServerConfigKeys (ConfUtils.java:logGet(46)) - raft.server.log.preallocated.size = 4194304 (custom)
2024-01-14 17:00:28,207 [1aa467ca-1ad7-4ef6-8b7c-495b72f7048c-groupManagement] INFO  server.RaftServerConfigKeys (ConfUtils.java:logGet(46)) - raft.server.log.force.sync.num = 128 (default)
2024-01-14 17:00:28,207 [1aa467ca-1ad7-4ef6-8b7c-495b72f7048c-groupManagement] INFO  server.RaftServerConfigKeys (ConfUtils.java:logGet(46)) - raft.server.log.statemachine.data.sync = true (default)
2024-01-14 17:00:28,207 [1aa467ca-1ad7-4ef6-8b7c-495b72f7048c-groupManagement] INFO  server.RaftServerConfigKeys (ConfUtils.java:logGet(46)) - raft.server.log.statemachine.data.sync.timeout = 10s (default)
2024-01-14 17:00:28,207 [1aa467ca-1ad7-4ef6-8b7c-495b72f7048c-groupManagement] INFO  server.RaftServerConfigKeys (ConfUtils.java:logGet(46)) - raft.server.log.statemachine.data.sync.timeout.retry = 0 (custom)
2024-01-14 17:00:28,207 [1aa467ca-1ad7-4ef6-8b7c-495b72f7048c-groupManagement] INFO  server.RaftServerConfigKeys (ConfUtils.java:logGet(46)) - raft.server.log.write.buffer.size = 8388616 (custom)
2024-01-14 17:00:28,208 [1aa467ca-1ad7-4ef6-8b7c-495b72f7048c-groupManagement] INFO  server.RaftServerConfigKeys (ConfUtils.java:logGet(46)) - raft.server.log.appender.buffer.byte-limit = 8388608 (custom)
2024-01-14 17:00:28,208 [1aa467ca-1ad7-4ef6-8b7c-495b72f7048c-groupManagement] INFO  server.RaftServerConfigKeys (ConfUtils.java:logGet(46)) - raft.server.log.unsafe-flush.enabled = false (default)
2024-01-14 17:00:28,208 [1aa467ca-1ad7-4ef6-8b7c-495b72f7048c-groupManagement] INFO  server.RaftServerConfigKeys (ConfUtils.java:logGet(46)) - raft.server.log.async-flush.enabled = false (default)
2024-01-14 17:00:28,208 [1aa467ca-1ad7-4ef6-8b7c-495b72f7048c-groupManagement] INFO  server.RaftServerConfigKeys (ConfUtils.java:logGet(46)) - raft.server.log.statemachine.data.caching.enabled = true (custom)
2024-01-14 17:00:28,209 [1aa467ca-1ad7-4ef6-8b7c-495b72f7048c-groupManagement] INFO  segmented.SegmentedRaftLogWorker (SegmentedRaftLogWorker.java:lambda$new$0(134)) - 1aa467ca-1ad7-4ef6-8b7c-495b72f7048c@group-F3E7A0CFEC8F-SegmentedRaftLogWorker: flushIndex: setUnconditionally 0 -> -1
2024-01-14 17:00:28,209 [1aa467ca-1ad7-4ef6-8b7c-495b72f7048c-groupManagement] INFO  segmented.SegmentedRaftLogWorker (SegmentedRaftLogWorker.java:lambda$new$0(134)) - 1aa467ca-1ad7-4ef6-8b7c-495b72f7048c@group-F3E7A0CFEC8F-SegmentedRaftLogWorker: safeCacheEvictIndex: setUnconditionally 0 -> -1
2024-01-14 17:00:28,209 [1aa467ca-1ad7-4ef6-8b7c-495b72f7048c-groupManagement] INFO  server.RaftServer$Division (RaftServerImpl.java:start(396)) - 1aa467ca-1ad7-4ef6-8b7c-495b72f7048c@group-F3E7A0CFEC8F: start as a follower, conf=-1: peers:[b01583c4-e63d-4000-8651-5bd1da23191a|10.1.0.34:15379, aebecd85-982d-4af9-9ab4-e47392631af6|10.1.0.34:15388, 1aa467ca-1ad7-4ef6-8b7c-495b72f7048c|10.1.0.34:15370]|listeners:[], old=null
2024-01-14 17:00:28,209 [1aa467ca-1ad7-4ef6-8b7c-495b72f7048c-groupManagement] INFO  server.RaftServer$Division (RaftServerImpl.java:setRole(383)) - 1aa467ca-1ad7-4ef6-8b7c-495b72f7048c@group-F3E7A0CFEC8F: changes role from      null to FOLLOWER at term 0 for startAsFollower
2024-01-14 17:00:28,209 [1aa467ca-1ad7-4ef6-8b7c-495b72f7048c-groupManagement] INFO  impl.RoleInfo (RoleInfo.java:updateAndGet(139)) - 1aa467ca-1ad7-4ef6-8b7c-495b72f7048c: start 1aa467ca-1ad7-4ef6-8b7c-495b72f7048c@group-F3E7A0CFEC8F-FollowerState
2024-01-14 17:00:28,209 [1aa467ca-1ad7-4ef6-8b7c-495b72f7048c-groupManagement] INFO  util.JmxRegister (JmxRegister.java:tryRegister(44)) - Successfully registered JMX Bean with object name Ratis:service=RaftServer,group=group-F3E7A0CFEC8F,id=1aa467ca-1ad7-4ef6-8b7c-495b72f7048c
2024-01-14 17:00:28,209 [1aa467ca-1ad7-4ef6-8b7c-495b72f7048c@group-F3E7A0CFEC8F-FollowerState] INFO  server.RaftServerConfigKeys (ConfUtils.java:logFallback(53)) - raft.server.rpc.first-election.timeout.min = 5s (fallback to raft.server.rpc.timeout.min)
2024-01-14 17:00:28,209 [1aa467ca-1ad7-4ef6-8b7c-495b72f7048c-groupManagement] INFO  server.RaftServerConfigKeys (ConfUtils.java:logGet(46)) - raft.server.snapshot.trigger-when-stop.enabled = true (default)
2024-01-14 17:00:28,209 [1aa467ca-1ad7-4ef6-8b7c-495b72f7048c@group-F3E7A0CFEC8F-FollowerState] INFO  server.RaftServerConfigKeys (ConfUtils.java:logFallback(53)) - raft.server.rpc.first-election.timeout.max = 5200ms (fallback to raft.server.rpc.timeout.max)
2024-01-14 17:00:28,209 [1aa467ca-1ad7-4ef6-8b7c-495b72f7048c-groupManagement] INFO  server.RaftServerConfigKeys (ConfUtils.java:logGet(46)) - raft.server.snapshot.auto.trigger.enabled = true (custom)
2024-01-14 17:00:28,209 [1aa467ca-1ad7-4ef6-8b7c-495b72f7048c-groupManagement] INFO  server.RaftServerConfigKeys (ConfUtils.java:logGet(46)) - raft.server.snapshot.auto.trigger.threshold = 10000 (custom)
2024-01-14 17:00:28,209 [1aa467ca-1ad7-4ef6-8b7c-495b72f7048c-groupManagement] INFO  server.RaftServerConfigKeys (ConfUtils.java:logGet(46)) - raft.server.snapshot.retention.file.num = 5 (custom)
2024-01-14 17:00:28,209 [1aa467ca-1ad7-4ef6-8b7c-495b72f7048c-groupManagement] INFO  server.RaftServerConfigKeys (ConfUtils.java:logGet(46)) - raft.server.log.purge.upto.snapshot.index = false (default)
2024-01-14 17:00:28,210 [1aa467ca-1ad7-4ef6-8b7c-495b72f7048c-PipelineCommandHandlerThread-0] INFO  ratis.XceiverServerRatis (XceiverServerRatis.java:addGroup(842)) - Created group PipelineID=6fbf20b0-e0b6-4e52-9b82-f3e7a0cfec8f
2024-01-14 17:00:28,218 [grpc-default-executor-3] INFO  server.RaftServer (RaftServerProxy.java:addNew(100)) - aebecd85-982d-4af9-9ab4-e47392631af6: addNew group-F3E7A0CFEC8F:[b01583c4-e63d-4000-8651-5bd1da23191a|10.1.0.34:15379, aebecd85-982d-4af9-9ab4-e47392631af6|10.1.0.34:15388, 1aa467ca-1ad7-4ef6-8b7c-495b72f7048c|10.1.0.34:15370] returns group-F3E7A0CFEC8F:java.util.concurrent.CompletableFuture@4df10649[Not completed]
2024-01-14 17:00:28,219 [aebecd85-982d-4af9-9ab4-e47392631af6-groupManagement] INFO  server.RaftServer$Division (RaftServerImpl.java:<init>(256)) - aebecd85-982d-4af9-9ab4-e47392631af6: new RaftServerImpl for group-F3E7A0CFEC8F:[b01583c4-e63d-4000-8651-5bd1da23191a|10.1.0.34:15379, aebecd85-982d-4af9-9ab4-e47392631af6|10.1.0.34:15388, 1aa467ca-1ad7-4ef6-8b7c-495b72f7048c|10.1.0.34:15370] with ContainerStateMachine:uninitialized
2024-01-14 17:00:28,219 [aebecd85-982d-4af9-9ab4-e47392631af6-groupManagement] INFO  server.RaftServerConfigKeys (ConfUtils.java:logGet(46)) - raft.server.rpc.timeout.min = 5s (custom)
2024-01-14 17:00:28,219 [aebecd85-982d-4af9-9ab4-e47392631af6-groupManagement] INFO  server.RaftServerConfigKeys (ConfUtils.java:logGet(46)) - raft.server.rpc.timeout.max = 5200ms (custom)
2024-01-14 17:00:28,219 [aebecd85-982d-4af9-9ab4-e47392631af6-groupManagement] INFO  server.RaftServerConfigKeys (ConfUtils.java:logGet(46)) - raft.server.rpc.sleep.time = 25ms (default)
2024-01-14 17:00:28,219 [aebecd85-982d-4af9-9ab4-e47392631af6-groupManagement] INFO  server.RaftServerConfigKeys (ConfUtils.java:logGet(46)) - raft.server.rpc.slowness.timeout = 300000ms (custom)
2024-01-14 17:00:28,219 [aebecd85-982d-4af9-9ab4-e47392631af6-groupManagement] INFO  server.RaftServerConfigKeys (ConfUtils.java:logGet(46)) - raft.server.leaderelection.leader.step-down.wait-time = 10s (default)
2024-01-14 17:00:28,219 [aebecd85-982d-4af9-9ab4-e47392631af6-groupManagement] INFO  server.RaftServerConfigKeys (ConfUtils.java:logGet(46)) - raft.server.leaderelection.member.majority-add = false (default)
2024-01-14 17:00:28,219 [aebecd85-982d-4af9-9ab4-e47392631af6-groupManagement] INFO  server.RaftServerConfigKeys (ConfUtils.java:logGet(46)) - raft.server.sleep.deviation.threshold = 300ms (default)
2024-01-14 17:00:28,219 [aebecd85-982d-4af9-9ab4-e47392631af6-groupManagement] INFO  server.RaftServer$Division (ServerState.java:<init>(113)) - aebecd85-982d-4af9-9ab4-e47392631af6@group-F3E7A0CFEC8F: ConfigurationManager, init=-1: peers:[b01583c4-e63d-4000-8651-5bd1da23191a|10.1.0.34:15379, aebecd85-982d-4af9-9ab4-e47392631af6|10.1.0.34:15388, 1aa467ca-1ad7-4ef6-8b7c-495b72f7048c|10.1.0.34:15370]|listeners:[], old=null, confs=<EMPTY_MAP>
2024-01-14 17:00:28,219 [aebecd85-982d-4af9-9ab4-e47392631af6-groupManagement] INFO  server.RaftServerConfigKeys (ConfUtils.java:logGet(46)) - raft.server.notification.no-leader.timeout = 300000ms (custom)
2024-01-14 17:00:28,219 [aebecd85-982d-4af9-9ab4-e47392631af6-groupManagement] INFO  server.RaftServerConfigKeys (ConfUtils.java:logGet(46)) - raft.server.read.timeout = 10s (default)
2024-01-14 17:00:28,219 [aebecd85-982d-4af9-9ab4-e47392631af6-groupManagement] INFO  server.RaftServerConfigKeys (ConfUtils.java:logGet(46)) - raft.server.retrycache.expirytime = 600000ms (custom)
2024-01-14 17:00:28,219 [aebecd85-982d-4af9-9ab4-e47392631af6-groupManagement] INFO  server.RaftServerConfigKeys (ConfUtils.java:logGet(46)) - raft.server.retrycache.statistics.expirytime = 100ms (default)
2024-01-14 17:00:28,219 [aebecd85-982d-4af9-9ab4-e47392631af6-groupManagement] INFO  server.RaftServerConfigKeys (ConfUtils.java:logGet(46)) - raft.server.read.option = DEFAULT (default)
2024-01-14 17:00:28,219 [aebecd85-982d-4af9-9ab4-e47392631af6-groupManagement] INFO  server.RaftServerConfigKeys (ConfUtils.java:logGet(46)) - raft.server.read.read-after-write-consistent.write-index-cache.expiry-time = 60s (default)
2024-01-14 17:00:28,221 [aebecd85-982d-4af9-9ab4-e47392631af6-groupManagement] INFO  server.RaftServerConfigKeys (ConfUtils.java:logGet(46)) - raft.server.rpc.request.timeout = 3000ms (default)
2024-01-14 17:00:28,221 [aebecd85-982d-4af9-9ab4-e47392631af6-groupManagement] INFO  server.RaftServerConfigKeys (ConfUtils.java:logGet(46)) - raft.server.log.appender.install.snapshot.enabled = false (custom)
2024-01-14 17:00:28,221 [aebecd85-982d-4af9-9ab4-e47392631af6-groupManagement] INFO  server.RaftServerConfigKeys (ConfUtils.java:logGet(46)) - raft.server.threadpool.server.cached = true (default)
2024-01-14 17:00:28,221 [aebecd85-982d-4af9-9ab4-e47392631af6-groupManagement] INFO  server.RaftServerConfigKeys (ConfUtils.java:logGet(46)) - raft.server.threadpool.server.size = 0 (default)
2024-01-14 17:00:28,221 [aebecd85-982d-4af9-9ab4-e47392631af6-groupManagement] INFO  server.RaftServerConfigKeys (ConfUtils.java:logGet(46)) - raft.server.threadpool.client.cached = true (default)
2024-01-14 17:00:28,221 [aebecd85-982d-4af9-9ab4-e47392631af6-groupManagement] INFO  server.RaftServerConfigKeys (ConfUtils.java:logGet(46)) - raft.server.threadpool.client.size = 0 (default)
2024-01-14 17:00:28,221 [aebecd85-982d-4af9-9ab4-e47392631af6-groupManagement] INFO  server.RaftServerConfigKeys (ConfUtils.java:logGet(46)) - raft.server.storage.free-space.min = 0MB (=0) (default)
2024-01-14 17:00:28,221 [aebecd85-982d-4af9-9ab4-e47392631af6-groupManagement] INFO  server.RaftServerConfigKeys (ConfUtils.java:logGet(46)) - raft.server.log.corruption.policy = EXCEPTION (default)
2024-01-14 17:00:28,221 [aebecd85-982d-4af9-9ab4-e47392631af6-groupManagement] INFO  server.RaftServerConfigKeys (ConfUtils.java:logGet(46)) - raft.server.storage.dir = [/home/runner/work/ozone/ozone/hadoop-ozone/integration-test/target/test-dir/MiniOzoneClusterImpl-55f63948-b302-44a8-9a44-732f3ddcab57/datanode-2/data/ratis] (custom)
2024-01-14 17:00:28,221 [aebecd85-982d-4af9-9ab4-e47392631af6-groupManagement] INFO  storage.RaftStorageDirectory (RaftStorageDirectoryImpl.java:analyzeStorage(138)) - The storage directory /home/runner/work/ozone/ozone/hadoop-ozone/integration-test/target/test-dir/MiniOzoneClusterImpl-55f63948-b302-44a8-9a44-732f3ddcab57/datanode-2/data/ratis/6fbf20b0-e0b6-4e52-9b82-f3e7a0cfec8f does not exist. Creating ...
2024-01-14 17:00:28,222 [aebecd85-982d-4af9-9ab4-e47392631af6-groupManagement] INFO  storage.RaftStorageDirectory (RaftStorageDirectoryImpl.java:tryLock(228)) - Lock on /home/runner/work/ozone/ozone/hadoop-ozone/integration-test/target/test-dir/MiniOzoneClusterImpl-55f63948-b302-44a8-9a44-732f3ddcab57/datanode-2/data/ratis/6fbf20b0-e0b6-4e52-9b82-f3e7a0cfec8f/in_use.lock acquired by nodename 93954@fv-az1248-16
2024-01-14 17:00:28,223 [aebecd85-982d-4af9-9ab4-e47392631af6-groupManagement] INFO  storage.RaftStorage (RaftStorageImpl.java:format(99)) - Storage directory /home/runner/work/ozone/ozone/hadoop-ozone/integration-test/target/test-dir/MiniOzoneClusterImpl-55f63948-b302-44a8-9a44-732f3ddcab57/datanode-2/data/ratis/6fbf20b0-e0b6-4e52-9b82-f3e7a0cfec8f has been successfully formatted.
2024-01-14 17:00:28,223 [aebecd85-982d-4af9-9ab4-e47392631af6-groupManagement] WARN  util.FileUtils (LogUtils.java:supplyAndLog(63)) - Failed to Files.newInputStream /home/runner/work/ozone/ozone/hadoop-ozone/integration-test/target/test-dir/MiniOzoneClusterImpl-55f63948-b302-44a8-9a44-732f3ddcab57/datanode-2/data/ratis/6fbf20b0-e0b6-4e52-9b82-f3e7a0cfec8f/current/raft-meta.conf with options []: java.nio.file.NoSuchFileException: /home/runner/work/ozone/ozone/hadoop-ozone/integration-test/target/test-dir/MiniOzoneClusterImpl-55f63948-b302-44a8-9a44-732f3ddcab57/datanode-2/data/ratis/6fbf20b0-e0b6-4e52-9b82-f3e7a0cfec8f/current/raft-meta.conf
2024-01-14 17:00:28,224 [aebecd85-982d-4af9-9ab4-e47392631af6-groupManagement] INFO  ratis.ContainerStateMachine (ContainerStateMachine.java:loadSnapshot(287)) - group-F3E7A0CFEC8F: The snapshot info is null. Setting the last applied index to:(t:0, i:~)
2024-01-14 17:00:28,224 [aebecd85-982d-4af9-9ab4-e47392631af6-groupManagement] INFO  server.RaftServerConfigKeys (ConfUtils.java:logGet(46)) - raft.server.log.use.memory = false (default)
2024-01-14 17:00:28,225 [aebecd85-982d-4af9-9ab4-e47392631af6-groupManagement] INFO  server.RaftServerConfigKeys (ConfUtils.java:logGet(46)) - raft.server.log.purge.gap = 1000000 (custom)
2024-01-14 17:00:28,225 [aebecd85-982d-4af9-9ab4-e47392631af6-groupManagement] INFO  server.RaftServerConfigKeys (ConfUtils.java:logGet(46)) - raft.server.log.appender.buffer.byte-limit = 8388608 (custom)
2024-01-14 17:00:28,225 [aebecd85-982d-4af9-9ab4-e47392631af6-groupManagement] INFO  server.RaftServerConfigKeys (ConfUtils.java:logGet(46)) - raft.server.log.statemachine.data.read.timeout = 1000ms (default)
2024-01-14 17:00:28,225 [aebecd85-982d-4af9-9ab4-e47392631af6-groupManagement] INFO  server.RaftServerConfigKeys (ConfUtils.java:logGet(46)) - raft.server.log.purge.preservation.log.num = 0 (default)
2024-01-14 17:00:28,226 [aebecd85-982d-4af9-9ab4-e47392631af6-groupManagement] INFO  server.RaftServerConfigKeys (ConfUtils.java:logGet(46)) - raft.server.log.segment.size.max = 67108864 (custom)
2024-01-14 17:00:28,226 [aebecd85-982d-4af9-9ab4-e47392631af6-groupManagement] INFO  server.RaftServerConfigKeys (ConfUtils.java:logGet(46)) - raft.server.log.segment.cache.num.max = 2 (custom)
2024-01-14 17:00:28,226 [aebecd85-982d-4af9-9ab4-e47392631af6-groupManagement] INFO  server.RaftServerConfigKeys (ConfUtils.java:logGet(46)) - raft.server.log.segment.cache.size.max = 200MB (=209715200) (default)
2024-01-14 17:00:28,226 [aebecd85-982d-4af9-9ab4-e47392631af6-groupManagement] INFO  server.RaftServerConfigKeys (ConfUtils.java:logGet(46)) - raft.server.log.appender.buffer.byte-limit = 8388608 (custom)
2024-01-14 17:00:28,226 [aebecd85-982d-4af9-9ab4-e47392631af6-groupManagement] INFO  util.AwaitToRun (AwaitToRun.java:start(81)) - Thread[aebecd85-982d-4af9-9ab4-e47392631af6@group-F3E7A0CFEC8F-cacheEviction-AwaitToRun,5,main] started
2024-01-14 17:00:28,226 [aebecd85-982d-4af9-9ab4-e47392631af6-groupManagement] INFO  segmented.SegmentedRaftLogWorker (SegmentedRaftLogWorker.java:<init>(182)) - new aebecd85-982d-4af9-9ab4-e47392631af6@group-F3E7A0CFEC8F-SegmentedRaftLogWorker for RaftStorageImpl:Storage Directory /home/runner/work/ozone/ozone/hadoop-ozone/integration-test/target/test-dir/MiniOzoneClusterImpl-55f63948-b302-44a8-9a44-732f3ddcab57/datanode-2/data/ratis/6fbf20b0-e0b6-4e52-9b82-f3e7a0cfec8f
2024-01-14 17:00:28,226 [aebecd85-982d-4af9-9ab4-e47392631af6-groupManagement] INFO  server.RaftServerConfigKeys (ConfUtils.java:logGet(46)) - raft.server.log.queue.byte-limit = 4294967296 (custom)
2024-01-14 17:00:28,226 [aebecd85-982d-4af9-9ab4-e47392631af6-groupManagement] INFO  server.RaftServerConfigKeys (ConfUtils.java:logGet(46)) - raft.server.log.queue.element-limit = 1024 (custom)
2024-01-14 17:00:28,226 [aebecd85-982d-4af9-9ab4-e47392631af6-groupManagement] INFO  server.RaftServerConfigKeys (ConfUtils.java:logGet(46)) - raft.server.log.segment.size.max = 67108864 (custom)
2024-01-14 17:00:28,226 [aebecd85-982d-4af9-9ab4-e47392631af6-groupManagement] INFO  server.RaftServerConfigKeys (ConfUtils.java:logGet(46)) - raft.server.log.preallocated.size = 4194304 (custom)
2024-01-14 17:00:28,226 [aebecd85-982d-4af9-9ab4-e47392631af6-groupManagement] INFO  server.RaftServerConfigKeys (ConfUtils.java:logGet(46)) - raft.server.log.force.sync.num = 128 (default)
2024-01-14 17:00:28,226 [aebecd85-982d-4af9-9ab4-e47392631af6-groupManagement] INFO  server.RaftServerConfigKeys (ConfUtils.java:logGet(46)) - raft.server.log.statemachine.data.sync = true (default)
2024-01-14 17:00:28,226 [aebecd85-982d-4af9-9ab4-e47392631af6-groupManagement] INFO  server.RaftServerConfigKeys (ConfUtils.java:logGet(46)) - raft.server.log.statemachine.data.sync.timeout = 10s (default)
2024-01-14 17:00:28,226 [aebecd85-982d-4af9-9ab4-e47392631af6-groupManagement] INFO  server.RaftServerConfigKeys (ConfUtils.java:logGet(46)) - raft.server.log.statemachine.data.sync.timeout.retry = 0 (custom)
2024-01-14 17:00:28,227 [aebecd85-982d-4af9-9ab4-e47392631af6-groupManagement] INFO  server.RaftServerConfigKeys (ConfUtils.java:logGet(46)) - raft.server.log.write.buffer.size = 8388616 (custom)
2024-01-14 17:00:28,229 [aebecd85-982d-4af9-9ab4-e47392631af6-groupManagement] INFO  server.RaftServerConfigKeys (ConfUtils.java:logGet(46)) - raft.server.log.appender.buffer.byte-limit = 8388608 (custom)
2024-01-14 17:00:28,229 [aebecd85-982d-4af9-9ab4-e47392631af6-groupManagement] INFO  server.RaftServerConfigKeys (ConfUtils.java:logGet(46)) - raft.server.log.unsafe-flush.enabled = false (default)
2024-01-14 17:00:28,229 [aebecd85-982d-4af9-9ab4-e47392631af6-groupManagement] INFO  server.RaftServerConfigKeys (ConfUtils.java:logGet(46)) - raft.server.log.async-flush.enabled = false (default)
2024-01-14 17:00:28,229 [aebecd85-982d-4af9-9ab4-e47392631af6-groupManagement] INFO  server.RaftServerConfigKeys (ConfUtils.java:logGet(46)) - raft.server.log.statemachine.data.caching.enabled = true (custom)
2024-01-14 17:00:28,229 [aebecd85-982d-4af9-9ab4-e47392631af6-groupManagement] INFO  segmented.SegmentedRaftLogWorker (SegmentedRaftLogWorker.java:lambda$new$0(134)) - aebecd85-982d-4af9-9ab4-e47392631af6@group-F3E7A0CFEC8F-SegmentedRaftLogWorker: flushIndex: setUnconditionally 0 -> -1
2024-01-14 17:00:28,229 [aebecd85-982d-4af9-9ab4-e47392631af6-groupManagement] INFO  segmented.SegmentedRaftLogWorker (SegmentedRaftLogWorker.java:lambda$new$0(134)) - aebecd85-982d-4af9-9ab4-e47392631af6@group-F3E7A0CFEC8F-SegmentedRaftLogWorker: safeCacheEvictIndex: setUnconditionally 0 -> -1
2024-01-14 17:00:28,229 [aebecd85-982d-4af9-9ab4-e47392631af6-groupManagement] INFO  server.RaftServer$Division (RaftServerImpl.java:start(396)) - aebecd85-982d-4af9-9ab4-e47392631af6@group-F3E7A0CFEC8F: start as a follower, conf=-1: peers:[b01583c4-e63d-4000-8651-5bd1da23191a|10.1.0.34:15379, aebecd85-982d-4af9-9ab4-e47392631af6|10.1.0.34:15388, 1aa467ca-1ad7-4ef6-8b7c-495b72f7048c|10.1.0.34:15370]|listeners:[], old=null
2024-01-14 17:00:28,229 [aebecd85-982d-4af9-9ab4-e47392631af6-groupManagement] INFO  server.RaftServer$Division (RaftServerImpl.java:setRole(383)) - aebecd85-982d-4af9-9ab4-e47392631af6@group-F3E7A0CFEC8F: changes role from      null to FOLLOWER at term 0 for startAsFollower
2024-01-14 17:00:28,230 [aebecd85-982d-4af9-9ab4-e47392631af6-groupManagement] INFO  impl.RoleInfo (RoleInfo.java:updateAndGet(139)) - aebecd85-982d-4af9-9ab4-e47392631af6: start aebecd85-982d-4af9-9ab4-e47392631af6@group-F3E7A0CFEC8F-FollowerState
2024-01-14 17:00:28,230 [aebecd85-982d-4af9-9ab4-e47392631af6-groupManagement] INFO  util.JmxRegister (JmxRegister.java:tryRegister(44)) - Successfully registered JMX Bean with object name Ratis:service=RaftServer,group=group-F3E7A0CFEC8F,id=aebecd85-982d-4af9-9ab4-e47392631af6
2024-01-14 17:00:28,230 [aebecd85-982d-4af9-9ab4-e47392631af6@group-F3E7A0CFEC8F-FollowerState] INFO  server.RaftServerConfigKeys (ConfUtils.java:logFallback(53)) - raft.server.rpc.first-election.timeout.min = 5s (fallback to raft.server.rpc.timeout.min)
2024-01-14 17:00:28,230 [aebecd85-982d-4af9-9ab4-e47392631af6-groupManagement] INFO  server.RaftServerConfigKeys (ConfUtils.java:logGet(46)) - raft.server.snapshot.trigger-when-stop.enabled = true (default)
2024-01-14 17:00:28,230 [aebecd85-982d-4af9-9ab4-e47392631af6-groupManagement] INFO  server.RaftServerConfigKeys (ConfUtils.java:logGet(46)) - raft.server.snapshot.auto.trigger.enabled = true (custom)
2024-01-14 17:00:28,230 [aebecd85-982d-4af9-9ab4-e47392631af6-groupManagement] INFO  server.RaftServerConfigKeys (ConfUtils.java:logGet(46)) - raft.server.snapshot.auto.trigger.threshold = 10000 (custom)
2024-01-14 17:00:28,230 [aebecd85-982d-4af9-9ab4-e47392631af6-groupManagement] INFO  server.RaftServerConfigKeys (ConfUtils.java:logGet(46)) - raft.server.snapshot.retention.file.num = 5 (custom)
2024-01-14 17:00:28,230 [aebecd85-982d-4af9-9ab4-e47392631af6@group-F3E7A0CFEC8F-FollowerState] INFO  server.RaftServerConfigKeys (ConfUtils.java:logFallback(53)) - raft.server.rpc.first-election.timeout.max = 5200ms (fallback to raft.server.rpc.timeout.max)
2024-01-14 17:00:28,230 [aebecd85-982d-4af9-9ab4-e47392631af6-groupManagement] INFO  server.RaftServerConfigKeys (ConfUtils.java:logGet(46)) - raft.server.log.purge.upto.snapshot.index = false (default)
2024-01-14 17:00:28,243 [grpc-default-executor-3] INFO  server.RaftServer (RaftServerProxy.java:addNew(100)) - b01583c4-e63d-4000-8651-5bd1da23191a: addNew group-F3E7A0CFEC8F:[b01583c4-e63d-4000-8651-5bd1da23191a|10.1.0.34:15379, aebecd85-982d-4af9-9ab4-e47392631af6|10.1.0.34:15388, 1aa467ca-1ad7-4ef6-8b7c-495b72f7048c|10.1.0.34:15370] returns group-F3E7A0CFEC8F:java.util.concurrent.CompletableFuture@3f8112eb[Not completed]
2024-01-14 17:00:28,244 [b01583c4-e63d-4000-8651-5bd1da23191a-groupManagement] INFO  server.RaftServer$Division (RaftServerImpl.java:<init>(256)) - b01583c4-e63d-4000-8651-5bd1da23191a: new RaftServerImpl for group-F3E7A0CFEC8F:[b01583c4-e63d-4000-8651-5bd1da23191a|10.1.0.34:15379, aebecd85-982d-4af9-9ab4-e47392631af6|10.1.0.34:15388, 1aa467ca-1ad7-4ef6-8b7c-495b72f7048c|10.1.0.34:15370] with ContainerStateMachine:uninitialized
2024-01-14 17:00:28,244 [b01583c4-e63d-4000-8651-5bd1da23191a-groupManagement] INFO  server.RaftServerConfigKeys (ConfUtils.java:logGet(46)) - raft.server.rpc.timeout.min = 5s (custom)
2024-01-14 17:00:28,244 [b01583c4-e63d-4000-8651-5bd1da23191a-groupManagement] INFO  server.RaftServerConfigKeys (ConfUtils.java:logGet(46)) - raft.server.rpc.timeout.max = 5200ms (custom)
2024-01-14 17:00:28,244 [b01583c4-e63d-4000-8651-5bd1da23191a-groupManagement] INFO  server.RaftServerConfigKeys (ConfUtils.java:logGet(46)) - raft.server.rpc.sleep.time = 25ms (default)
2024-01-14 17:00:28,244 [b01583c4-e63d-4000-8651-5bd1da23191a-groupManagement] INFO  server.RaftServerConfigKeys (ConfUtils.java:logGet(46)) - raft.server.rpc.slowness.timeout = 300000ms (custom)
2024-01-14 17:00:28,245 [b01583c4-e63d-4000-8651-5bd1da23191a-groupManagement] INFO  server.RaftServerConfigKeys (ConfUtils.java:logGet(46)) - raft.server.leaderelection.leader.step-down.wait-time = 10s (default)
2024-01-14 17:00:28,245 [b01583c4-e63d-4000-8651-5bd1da23191a-groupManagement] INFO  server.RaftServerConfigKeys (ConfUtils.java:logGet(46)) - raft.server.leaderelection.member.majority-add = false (default)
2024-01-14 17:00:28,245 [b01583c4-e63d-4000-8651-5bd1da23191a-groupManagement] INFO  server.RaftServerConfigKeys (ConfUtils.java:logGet(46)) - raft.server.sleep.deviation.threshold = 300ms (default)
2024-01-14 17:00:28,245 [b01583c4-e63d-4000-8651-5bd1da23191a-groupManagement] INFO  server.RaftServer$Division (ServerState.java:<init>(113)) - b01583c4-e63d-4000-8651-5bd1da23191a@group-F3E7A0CFEC8F: ConfigurationManager, init=-1: peers:[b01583c4-e63d-4000-8651-5bd1da23191a|10.1.0.34:15379, aebecd85-982d-4af9-9ab4-e47392631af6|10.1.0.34:15388, 1aa467ca-1ad7-4ef6-8b7c-495b72f7048c|10.1.0.34:15370]|listeners:[], old=null, confs=<EMPTY_MAP>
2024-01-14 17:00:28,245 [b01583c4-e63d-4000-8651-5bd1da23191a-groupManagement] INFO  server.RaftServerConfigKeys (ConfUtils.java:logGet(46)) - raft.server.notification.no-leader.timeout = 300000ms (custom)
2024-01-14 17:00:28,245 [b01583c4-e63d-4000-8651-5bd1da23191a-groupManagement] INFO  server.RaftServerConfigKeys (ConfUtils.java:logGet(46)) - raft.server.read.timeout = 10s (default)
2024-01-14 17:00:28,245 [b01583c4-e63d-4000-8651-5bd1da23191a-groupManagement] INFO  server.RaftServerConfigKeys (ConfUtils.java:logGet(46)) - raft.server.retrycache.expirytime = 600000ms (custom)
2024-01-14 17:00:28,245 [b01583c4-e63d-4000-8651-5bd1da23191a-groupManagement] INFO  server.RaftServerConfigKeys (ConfUtils.java:logGet(46)) - raft.server.retrycache.statistics.expirytime = 100ms (default)
2024-01-14 17:00:28,245 [b01583c4-e63d-4000-8651-5bd1da23191a-groupManagement] INFO  server.RaftServerConfigKeys (ConfUtils.java:logGet(46)) - raft.server.read.option = DEFAULT (default)
2024-01-14 17:00:28,245 [b01583c4-e63d-4000-8651-5bd1da23191a-groupManagement] INFO  server.RaftServerConfigKeys (ConfUtils.java:logGet(46)) - raft.server.read.read-after-write-consistent.write-index-cache.expiry-time = 60s (default)
2024-01-14 17:00:28,248 [b01583c4-e63d-4000-8651-5bd1da23191a-groupManagement] INFO  server.RaftServerConfigKeys (ConfUtils.java:logGet(46)) - raft.server.rpc.request.timeout = 3000ms (default)
2024-01-14 17:00:28,248 [b01583c4-e63d-4000-8651-5bd1da23191a-groupManagement] INFO  server.RaftServerConfigKeys (ConfUtils.java:logGet(46)) - raft.server.log.appender.install.snapshot.enabled = false (custom)
2024-01-14 17:00:28,248 [b01583c4-e63d-4000-8651-5bd1da23191a-groupManagement] INFO  server.RaftServerConfigKeys (ConfUtils.java:logGet(46)) - raft.server.threadpool.server.cached = true (default)
2024-01-14 17:00:28,248 [b01583c4-e63d-4000-8651-5bd1da23191a-groupManagement] INFO  server.RaftServerConfigKeys (ConfUtils.java:logGet(46)) - raft.server.threadpool.server.size = 0 (default)
2024-01-14 17:00:28,248 [b01583c4-e63d-4000-8651-5bd1da23191a-groupManagement] INFO  server.RaftServerConfigKeys (ConfUtils.java:logGet(46)) - raft.server.threadpool.client.cached = true (default)
2024-01-14 17:00:28,248 [b01583c4-e63d-4000-8651-5bd1da23191a-groupManagement] INFO  server.RaftServerConfigKeys (ConfUtils.java:logGet(46)) - raft.server.threadpool.client.size = 0 (default)
2024-01-14 17:00:28,248 [b01583c4-e63d-4000-8651-5bd1da23191a-groupManagement] INFO  server.RaftServerConfigKeys (ConfUtils.java:logGet(46)) - raft.server.storage.free-space.min = 0MB (=0) (default)
2024-01-14 17:00:28,248 [b01583c4-e63d-4000-8651-5bd1da23191a-groupManagement] INFO  server.RaftServerConfigKeys (ConfUtils.java:logGet(46)) - raft.server.log.corruption.policy = EXCEPTION (default)
2024-01-14 17:00:28,248 [b01583c4-e63d-4000-8651-5bd1da23191a-groupManagement] INFO  server.RaftServerConfigKeys (ConfUtils.java:logGet(46)) - raft.server.storage.dir = [/home/runner/work/ozone/ozone/hadoop-ozone/integration-test/target/test-dir/MiniOzoneClusterImpl-55f63948-b302-44a8-9a44-732f3ddcab57/datanode-1/data/ratis] (custom)
2024-01-14 17:00:28,248 [b01583c4-e63d-4000-8651-5bd1da23191a-groupManagement] INFO  storage.RaftStorageDirectory (RaftStorageDirectoryImpl.java:analyzeStorage(138)) - The storage directory /home/runner/work/ozone/ozone/hadoop-ozone/integration-test/target/test-dir/MiniOzoneClusterImpl-55f63948-b302-44a8-9a44-732f3ddcab57/datanode-1/data/ratis/6fbf20b0-e0b6-4e52-9b82-f3e7a0cfec8f does not exist. Creating ...
2024-01-14 17:00:28,249 [b01583c4-e63d-4000-8651-5bd1da23191a-groupManagement] INFO  storage.RaftStorageDirectory (RaftStorageDirectoryImpl.java:tryLock(228)) - Lock on /home/runner/work/ozone/ozone/hadoop-ozone/integration-test/target/test-dir/MiniOzoneClusterImpl-55f63948-b302-44a8-9a44-732f3ddcab57/datanode-1/data/ratis/6fbf20b0-e0b6-4e52-9b82-f3e7a0cfec8f/in_use.lock acquired by nodename 93954@fv-az1248-16
2024-01-14 17:00:28,250 [b01583c4-e63d-4000-8651-5bd1da23191a-groupManagement] INFO  storage.RaftStorage (RaftStorageImpl.java:format(99)) - Storage directory /home/runner/work/ozone/ozone/hadoop-ozone/integration-test/target/test-dir/MiniOzoneClusterImpl-55f63948-b302-44a8-9a44-732f3ddcab57/datanode-1/data/ratis/6fbf20b0-e0b6-4e52-9b82-f3e7a0cfec8f has been successfully formatted.
2024-01-14 17:00:28,250 [b01583c4-e63d-4000-8651-5bd1da23191a-groupManagement] WARN  util.FileUtils (LogUtils.java:supplyAndLog(63)) - Failed to Files.newInputStream /home/runner/work/ozone/ozone/hadoop-ozone/integration-test/target/test-dir/MiniOzoneClusterImpl-55f63948-b302-44a8-9a44-732f3ddcab57/datanode-1/data/ratis/6fbf20b0-e0b6-4e52-9b82-f3e7a0cfec8f/current/raft-meta.conf with options []: java.nio.file.NoSuchFileException: /home/runner/work/ozone/ozone/hadoop-ozone/integration-test/target/test-dir/MiniOzoneClusterImpl-55f63948-b302-44a8-9a44-732f3ddcab57/datanode-1/data/ratis/6fbf20b0-e0b6-4e52-9b82-f3e7a0cfec8f/current/raft-meta.conf
2024-01-14 17:00:28,251 [b01583c4-e63d-4000-8651-5bd1da23191a-groupManagement] INFO  ratis.ContainerStateMachine (ContainerStateMachine.java:loadSnapshot(287)) - group-F3E7A0CFEC8F: The snapshot info is null. Setting the last applied index to:(t:0, i:~)
2024-01-14 17:00:28,251 [b01583c4-e63d-4000-8651-5bd1da23191a-groupManagement] INFO  server.RaftServerConfigKeys (ConfUtils.java:logGet(46)) - raft.server.log.use.memory = false (default)
2024-01-14 17:00:28,251 [b01583c4-e63d-4000-8651-5bd1da23191a-groupManagement] INFO  server.RaftServerConfigKeys (ConfUtils.java:logGet(46)) - raft.server.log.purge.gap = 1000000 (custom)
2024-01-14 17:00:28,251 [b01583c4-e63d-4000-8651-5bd1da23191a-groupManagement] INFO  server.RaftServerConfigKeys (ConfUtils.java:logGet(46)) - raft.server.log.appender.buffer.byte-limit = 8388608 (custom)
2024-01-14 17:00:28,251 [b01583c4-e63d-4000-8651-5bd1da23191a-groupManagement] INFO  server.RaftServerConfigKeys (ConfUtils.java:logGet(46)) - raft.server.log.statemachine.data.read.timeout = 1000ms (default)
2024-01-14 17:00:28,251 [b01583c4-e63d-4000-8651-5bd1da23191a-groupManagement] INFO  server.RaftServerConfigKeys (ConfUtils.java:logGet(46)) - raft.server.log.purge.preservation.log.num = 0 (default)
2024-01-14 17:00:28,252 [b01583c4-e63d-4000-8651-5bd1da23191a-groupManagement] INFO  server.RaftServerConfigKeys (ConfUtils.java:logGet(46)) - raft.server.log.segment.size.max = 67108864 (custom)
2024-01-14 17:00:28,252 [b01583c4-e63d-4000-8651-5bd1da23191a-groupManagement] INFO  server.RaftServerConfigKeys (ConfUtils.java:logGet(46)) - raft.server.log.segment.cache.num.max = 2 (custom)
2024-01-14 17:00:28,253 [b01583c4-e63d-4000-8651-5bd1da23191a-groupManagement] INFO  server.RaftServerConfigKeys (ConfUtils.java:logGet(46)) - raft.server.log.segment.cache.size.max = 200MB (=209715200) (default)
2024-01-14 17:00:28,253 [b01583c4-e63d-4000-8651-5bd1da23191a-groupManagement] INFO  server.RaftServerConfigKeys (ConfUtils.java:logGet(46)) - raft.server.log.appender.buffer.byte-limit = 8388608 (custom)
2024-01-14 17:00:28,253 [b01583c4-e63d-4000-8651-5bd1da23191a-groupManagement] INFO  util.AwaitToRun (AwaitToRun.java:start(81)) - Thread[b01583c4-e63d-4000-8651-5bd1da23191a@group-F3E7A0CFEC8F-cacheEviction-AwaitToRun,5,main] started
2024-01-14 17:00:28,253 [b01583c4-e63d-4000-8651-5bd1da23191a-groupManagement] INFO  segmented.SegmentedRaftLogWorker (SegmentedRaftLogWorker.java:<init>(182)) - new b01583c4-e63d-4000-8651-5bd1da23191a@group-F3E7A0CFEC8F-SegmentedRaftLogWorker for RaftStorageImpl:Storage Directory /home/runner/work/ozone/ozone/hadoop-ozone/integration-test/target/test-dir/MiniOzoneClusterImpl-55f63948-b302-44a8-9a44-732f3ddcab57/datanode-1/data/ratis/6fbf20b0-e0b6-4e52-9b82-f3e7a0cfec8f
2024-01-14 17:00:28,253 [b01583c4-e63d-4000-8651-5bd1da23191a-groupManagement] INFO  server.RaftServerConfigKeys (ConfUtils.java:logGet(46)) - raft.server.log.queue.byte-limit = 4294967296 (custom)
2024-01-14 17:00:28,253 [b01583c4-e63d-4000-8651-5bd1da23191a-groupManagement] INFO  server.RaftServerConfigKeys (ConfUtils.java:logGet(46)) - raft.server.log.queue.element-limit = 1024 (custom)
2024-01-14 17:00:28,253 [b01583c4-e63d-4000-8651-5bd1da23191a-groupManagement] INFO  server.RaftServerConfigKeys (ConfUtils.java:logGet(46)) - raft.server.log.segment.size.max = 67108864 (custom)
2024-01-14 17:00:28,253 [b01583c4-e63d-4000-8651-5bd1da23191a-groupManagement] INFO  server.RaftServerConfigKeys (ConfUtils.java:logGet(46)) - raft.server.log.preallocated.size = 4194304 (custom)
2024-01-14 17:00:28,253 [b01583c4-e63d-4000-8651-5bd1da23191a-groupManagement] INFO  server.RaftServerConfigKeys (ConfUtils.java:logGet(46)) - raft.server.log.force.sync.num = 128 (default)
2024-01-14 17:00:28,253 [b01583c4-e63d-4000-8651-5bd1da23191a-groupManagement] INFO  server.RaftServerConfigKeys (ConfUtils.java:logGet(46)) - raft.server.log.statemachine.data.sync = true (default)
2024-01-14 17:00:28,253 [b01583c4-e63d-4000-8651-5bd1da23191a-groupManagement] INFO  server.RaftServerConfigKeys (ConfUtils.java:logGet(46)) - raft.server.log.statemachine.data.sync.timeout = 10s (default)
2024-01-14 17:00:28,253 [b01583c4-e63d-4000-8651-5bd1da23191a-groupManagement] INFO  server.RaftServerConfigKeys (ConfUtils.java:logGet(46)) - raft.server.log.statemachine.data.sync.timeout.retry = 0 (custom)
2024-01-14 17:00:28,253 [b01583c4-e63d-4000-8651-5bd1da23191a-groupManagement] INFO  server.RaftServerConfigKeys (ConfUtils.java:logGet(46)) - raft.server.log.write.buffer.size = 8388616 (custom)
2024-01-14 17:00:28,254 [b01583c4-e63d-4000-8651-5bd1da23191a-groupManagement] INFO  server.RaftServerConfigKeys (ConfUtils.java:logGet(46)) - raft.server.log.appender.buffer.byte-limit = 8388608 (custom)
2024-01-14 17:00:28,255 [b01583c4-e63d-4000-8651-5bd1da23191a-groupManagement] INFO  server.RaftServerConfigKeys (ConfUtils.java:logGet(46)) - raft.server.log.unsafe-flush.enabled = false (default)
2024-01-14 17:00:28,255 [b01583c4-e63d-4000-8651-5bd1da23191a-groupManagement] INFO  server.RaftServerConfigKeys (ConfUtils.java:logGet(46)) - raft.server.log.async-flush.enabled = false (default)
2024-01-14 17:00:28,255 [b01583c4-e63d-4000-8651-5bd1da23191a-groupManagement] INFO  server.RaftServerConfigKeys (ConfUtils.java:logGet(46)) - raft.server.log.statemachine.data.caching.enabled = true (custom)
2024-01-14 17:00:28,255 [b01583c4-e63d-4000-8651-5bd1da23191a-groupManagement] INFO  segmented.SegmentedRaftLogWorker (SegmentedRaftLogWorker.java:lambda$new$0(134)) - b01583c4-e63d-4000-8651-5bd1da23191a@group-F3E7A0CFEC8F-SegmentedRaftLogWorker: flushIndex: setUnconditionally 0 -> -1
2024-01-14 17:00:28,255 [b01583c4-e63d-4000-8651-5bd1da23191a-groupManagement] INFO  segmented.SegmentedRaftLogWorker (SegmentedRaftLogWorker.java:lambda$new$0(134)) - b01583c4-e63d-4000-8651-5bd1da23191a@group-F3E7A0CFEC8F-SegmentedRaftLogWorker: safeCacheEvictIndex: setUnconditionally 0 -> -1
2024-01-14 17:00:28,255 [b01583c4-e63d-4000-8651-5bd1da23191a-groupManagement] INFO  server.RaftServer$Division (RaftServerImpl.java:start(396)) - b01583c4-e63d-4000-8651-5bd1da23191a@group-F3E7A0CFEC8F: start as a follower, conf=-1: peers:[b01583c4-e63d-4000-8651-5bd1da23191a|10.1.0.34:15379, aebecd85-982d-4af9-9ab4-e47392631af6|10.1.0.34:15388, 1aa467ca-1ad7-4ef6-8b7c-495b72f7048c|10.1.0.34:15370]|listeners:[], old=null
2024-01-14 17:00:28,255 [b01583c4-e63d-4000-8651-5bd1da23191a-groupManagement] INFO  server.RaftServer$Division (RaftServerImpl.java:setRole(383)) - b01583c4-e63d-4000-8651-5bd1da23191a@group-F3E7A0CFEC8F: changes role from      null to FOLLOWER at term 0 for startAsFollower
2024-01-14 17:00:28,255 [b01583c4-e63d-4000-8651-5bd1da23191a-groupManagement] INFO  impl.RoleInfo (RoleInfo.java:updateAndGet(139)) - b01583c4-e63d-4000-8651-5bd1da23191a: start b01583c4-e63d-4000-8651-5bd1da23191a@group-F3E7A0CFEC8F-FollowerState
2024-01-14 17:00:28,255 [b01583c4-e63d-4000-8651-5bd1da23191a@group-F3E7A0CFEC8F-FollowerState] INFO  server.RaftServerConfigKeys (ConfUtils.java:logFallback(53)) - raft.server.rpc.first-election.timeout.min = 5s (fallback to raft.server.rpc.timeout.min)
2024-01-14 17:00:28,255 [b01583c4-e63d-4000-8651-5bd1da23191a-groupManagement] INFO  util.JmxRegister (JmxRegister.java:tryRegister(44)) - Successfully registered JMX Bean with object name Ratis:service=RaftServer,group=group-F3E7A0CFEC8F,id=b01583c4-e63d-4000-8651-5bd1da23191a
2024-01-14 17:00:28,255 [b01583c4-e63d-4000-8651-5bd1da23191a@group-F3E7A0CFEC8F-FollowerState] INFO  server.RaftServerConfigKeys (ConfUtils.java:logFallback(53)) - raft.server.rpc.first-election.timeout.max = 5200ms (fallback to raft.server.rpc.timeout.max)
2024-01-14 17:00:28,255 [b01583c4-e63d-4000-8651-5bd1da23191a-groupManagement] INFO  server.RaftServerConfigKeys (ConfUtils.java:logGet(46)) - raft.server.snapshot.trigger-when-stop.enabled = true (default)
2024-01-14 17:00:28,255 [b01583c4-e63d-4000-8651-5bd1da23191a-groupManagement] INFO  server.RaftServerConfigKeys (ConfUtils.java:logGet(46)) - raft.server.snapshot.auto.trigger.enabled = true (custom)
2024-01-14 17:00:28,255 [b01583c4-e63d-4000-8651-5bd1da23191a-groupManagement] INFO  server.RaftServerConfigKeys (ConfUtils.java:logGet(46)) - raft.server.snapshot.auto.trigger.threshold = 10000 (custom)
2024-01-14 17:00:28,255 [b01583c4-e63d-4000-8651-5bd1da23191a-groupManagement] INFO  server.RaftServerConfigKeys (ConfUtils.java:logGet(46)) - raft.server.snapshot.retention.file.num = 5 (custom)
2024-01-14 17:00:28,255 [b01583c4-e63d-4000-8651-5bd1da23191a-groupManagement] INFO  server.RaftServerConfigKeys (ConfUtils.java:logGet(46)) - raft.server.log.purge.upto.snapshot.index = false (default)
2024-01-14 17:00:28,261 [1aa467ca-1ad7-4ef6-8b7c-495b72f7048c-PipelineCommandHandlerThread-0] INFO  commandhandler.CreatePipelineCommandHandler (CreatePipelineCommandHandler.java:lambda$handle$2(124)) - Created Pipeline RATIS THREE PipelineID=6fbf20b0-e0b6-4e52-9b82-f3e7a0cfec8f.
2024-01-14 17:00:28,267 [b01583c4-e63d-4000-8651-5bd1da23191a-groupManagement] INFO  server.RaftServer$Division (RaftServerImpl.java:<init>(256)) - b01583c4-e63d-4000-8651-5bd1da23191a: new RaftServerImpl for group-80DEB7409E1D:[b01583c4-e63d-4000-8651-5bd1da23191a|10.1.0.34:15379] with ContainerStateMachine:uninitialized
2024-01-14 17:00:28,267 [b01583c4-e63d-4000-8651-5bd1da23191a-groupManagement] INFO  server.RaftServerConfigKeys (ConfUtils.java:logGet(46)) - raft.server.rpc.timeout.min = 5s (custom)
2024-01-14 17:00:28,267 [b01583c4-e63d-4000-8651-5bd1da23191a-groupManagement] INFO  server.RaftServerConfigKeys (ConfUtils.java:logGet(46)) - raft.server.rpc.timeout.max = 5200ms (custom)
2024-01-14 17:00:28,267 [b01583c4-e63d-4000-8651-5bd1da23191a-groupManagement] INFO  server.RaftServerConfigKeys (ConfUtils.java:logGet(46)) - raft.server.rpc.sleep.time = 25ms (default)
2024-01-14 17:00:28,267 [b01583c4-e63d-4000-8651-5bd1da23191a-groupManagement] INFO  server.RaftServerConfigKeys (ConfUtils.java:logGet(46)) - raft.server.rpc.slowness.timeout = 300000ms (custom)
2024-01-14 17:00:28,267 [b01583c4-e63d-4000-8651-5bd1da23191a-groupManagement] INFO  server.RaftServerConfigKeys (ConfUtils.java:logGet(46)) - raft.server.leaderelection.leader.step-down.wait-time = 10s (default)
2024-01-14 17:00:28,267 [b01583c4-e63d-4000-8651-5bd1da23191a-groupManagement] INFO  server.RaftServerConfigKeys (ConfUtils.java:logGet(46)) - raft.server.leaderelection.member.majority-add = false (default)
2024-01-14 17:00:28,267 [b01583c4-e63d-4000-8651-5bd1da23191a-groupManagement] INFO  server.RaftServerConfigKeys (ConfUtils.java:logGet(46)) - raft.server.sleep.deviation.threshold = 300ms (default)
2024-01-14 17:00:28,268 [b01583c4-e63d-4000-8651-5bd1da23191a-groupManagement] INFO  server.RaftServer$Division (ServerState.java:<init>(113)) - b01583c4-e63d-4000-8651-5bd1da23191a@group-80DEB7409E1D: ConfigurationManager, init=-1: peers:[b01583c4-e63d-4000-8651-5bd1da23191a|10.1.0.34:15379]|listeners:[], old=null, confs=<EMPTY_MAP>
2024-01-14 17:00:28,268 [b01583c4-e63d-4000-8651-5bd1da23191a-groupManagement] INFO  server.RaftServerConfigKeys (ConfUtils.java:logGet(46)) - raft.server.notification.no-leader.timeout = 300000ms (custom)
2024-01-14 17:00:28,268 [b01583c4-e63d-4000-8651-5bd1da23191a-groupManagement] INFO  server.RaftServerConfigKeys (ConfUtils.java:logGet(46)) - raft.server.read.timeout = 10s (default)
2024-01-14 17:00:28,268 [b01583c4-e63d-4000-8651-5bd1da23191a-groupManagement] INFO  server.RaftServerConfigKeys (ConfUtils.java:logGet(46)) - raft.server.retrycache.expirytime = 600000ms (custom)
2024-01-14 17:00:28,268 [b01583c4-e63d-4000-8651-5bd1da23191a-groupManagement] INFO  server.RaftServerConfigKeys (ConfUtils.java:logGet(46)) - raft.server.retrycache.statistics.expirytime = 100ms (default)
2024-01-14 17:00:28,268 [b01583c4-e63d-4000-8651-5bd1da23191a-groupManagement] INFO  server.RaftServerConfigKeys (ConfUtils.java:logGet(46)) - raft.server.read.option = DEFAULT (default)
2024-01-14 17:00:28,268 [b01583c4-e63d-4000-8651-5bd1da23191a-groupManagement] INFO  server.RaftServerConfigKeys (ConfUtils.java:logGet(46)) - raft.server.read.read-after-write-consistent.write-index-cache.expiry-time = 60s (default)
2024-01-14 17:00:28,269 [b01583c4-e63d-4000-8651-5bd1da23191a-PipelineCommandHandlerThread-0] INFO  server.RaftServer (RaftServerProxy.java:addNew(100)) - b01583c4-e63d-4000-8651-5bd1da23191a: addNew group-80DEB7409E1D:[b01583c4-e63d-4000-8651-5bd1da23191a|10.1.0.34:15379] returns group-80DEB7409E1D:java.util.concurrent.CompletableFuture@33827414[Not completed]
2024-01-14 17:00:28,269 [b01583c4-e63d-4000-8651-5bd1da23191a-groupManagement] INFO  server.RaftServerConfigKeys (ConfUtils.java:logGet(46)) - raft.server.rpc.request.timeout = 3000ms (default)
2024-01-14 17:00:28,269 [b01583c4-e63d-4000-8651-5bd1da23191a-groupManagement] INFO  server.RaftServerConfigKeys (ConfUtils.java:logGet(46)) - raft.server.log.appender.install.snapshot.enabled = false (custom)
2024-01-14 17:00:28,269 [b01583c4-e63d-4000-8651-5bd1da23191a-groupManagement] INFO  server.RaftServerConfigKeys (ConfUtils.java:logGet(46)) - raft.server.threadpool.server.cached = true (default)
2024-01-14 17:00:28,269 [b01583c4-e63d-4000-8651-5bd1da23191a-groupManagement] INFO  server.RaftServerConfigKeys (ConfUtils.java:logGet(46)) - raft.server.threadpool.server.size = 0 (default)
2024-01-14 17:00:28,270 [b01583c4-e63d-4000-8651-5bd1da23191a-groupManagement] INFO  server.RaftServerConfigKeys (ConfUtils.java:logGet(46)) - raft.server.threadpool.client.cached = true (default)
2024-01-14 17:00:28,270 [b01583c4-e63d-4000-8651-5bd1da23191a-groupManagement] INFO  server.RaftServerConfigKeys (ConfUtils.java:logGet(46)) - raft.server.threadpool.client.size = 0 (default)
2024-01-14 17:00:28,270 [b01583c4-e63d-4000-8651-5bd1da23191a-groupManagement] INFO  server.RaftServerConfigKeys (ConfUtils.java:logGet(46)) - raft.server.storage.free-space.min = 0MB (=0) (default)
2024-01-14 17:00:28,270 [b01583c4-e63d-4000-8651-5bd1da23191a-groupManagement] INFO  server.RaftServerConfigKeys (ConfUtils.java:logGet(46)) - raft.server.log.corruption.policy = EXCEPTION (default)
2024-01-14 17:00:28,270 [b01583c4-e63d-4000-8651-5bd1da23191a-groupManagement] INFO  server.RaftServerConfigKeys (ConfUtils.java:logGet(46)) - raft.server.storage.dir = [/home/runner/work/ozone/ozone/hadoop-ozone/integration-test/target/test-dir/MiniOzoneClusterImpl-55f63948-b302-44a8-9a44-732f3ddcab57/datanode-1/data/ratis] (custom)
2024-01-14 17:00:28,270 [b01583c4-e63d-4000-8651-5bd1da23191a-groupManagement] INFO  storage.RaftStorageDirectory (RaftStorageDirectoryImpl.java:analyzeStorage(138)) - The storage directory /home/runner/work/ozone/ozone/hadoop-ozone/integration-test/target/test-dir/MiniOzoneClusterImpl-55f63948-b302-44a8-9a44-732f3ddcab57/datanode-1/data/ratis/b3c90398-1e13-4ad2-bef7-80deb7409e1d does not exist. Creating ...
2024-01-14 17:00:28,271 [b01583c4-e63d-4000-8651-5bd1da23191a-groupManagement] INFO  storage.RaftStorageDirectory (RaftStorageDirectoryImpl.java:tryLock(228)) - Lock on /home/runner/work/ozone/ozone/hadoop-ozone/integration-test/target/test-dir/MiniOzoneClusterImpl-55f63948-b302-44a8-9a44-732f3ddcab57/datanode-1/data/ratis/b3c90398-1e13-4ad2-bef7-80deb7409e1d/in_use.lock acquired by nodename 93954@fv-az1248-16
2024-01-14 17:00:28,271 [b01583c4-e63d-4000-8651-5bd1da23191a-groupManagement] INFO  storage.RaftStorage (RaftStorageImpl.java:format(99)) - Storage directory /home/runner/work/ozone/ozone/hadoop-ozone/integration-test/target/test-dir/MiniOzoneClusterImpl-55f63948-b302-44a8-9a44-732f3ddcab57/datanode-1/data/ratis/b3c90398-1e13-4ad2-bef7-80deb7409e1d has been successfully formatted.
2024-01-14 17:00:28,271 [b01583c4-e63d-4000-8651-5bd1da23191a-groupManagement] WARN  util.FileUtils (LogUtils.java:supplyAndLog(63)) - Failed to Files.newInputStream /home/runner/work/ozone/ozone/hadoop-ozone/integration-test/target/test-dir/MiniOzoneClusterImpl-55f63948-b302-44a8-9a44-732f3ddcab57/datanode-1/data/ratis/b3c90398-1e13-4ad2-bef7-80deb7409e1d/current/raft-meta.conf with options []: java.nio.file.NoSuchFileException: /home/runner/work/ozone/ozone/hadoop-ozone/integration-test/target/test-dir/MiniOzoneClusterImpl-55f63948-b302-44a8-9a44-732f3ddcab57/datanode-1/data/ratis/b3c90398-1e13-4ad2-bef7-80deb7409e1d/current/raft-meta.conf
2024-01-14 17:00:28,272 [b01583c4-e63d-4000-8651-5bd1da23191a-groupManagement] INFO  ratis.ContainerStateMachine (ContainerStateMachine.java:loadSnapshot(287)) - group-80DEB7409E1D: The snapshot info is null. Setting the last applied index to:(t:0, i:~)
2024-01-14 17:00:28,272 [b01583c4-e63d-4000-8651-5bd1da23191a-groupManagement] INFO  server.RaftServerConfigKeys (ConfUtils.java:logGet(46)) - raft.server.log.use.memory = false (default)
2024-01-14 17:00:28,272 [b01583c4-e63d-4000-8651-5bd1da23191a-groupManagement] INFO  server.RaftServerConfigKeys (ConfUtils.java:logGet(46)) - raft.server.log.purge.gap = 1000000 (custom)
2024-01-14 17:00:28,272 [b01583c4-e63d-4000-8651-5bd1da23191a-groupManagement] INFO  server.RaftServerConfigKeys (ConfUtils.java:logGet(46)) - raft.server.log.appender.buffer.byte-limit = 8388608 (custom)
2024-01-14 17:00:28,272 [b01583c4-e63d-4000-8651-5bd1da23191a-groupManagement] INFO  server.RaftServerConfigKeys (ConfUtils.java:logGet(46)) - raft.server.log.statemachine.data.read.timeout = 1000ms (default)
2024-01-14 17:00:28,272 [b01583c4-e63d-4000-8651-5bd1da23191a-groupManagement] INFO  server.RaftServerConfigKeys (ConfUtils.java:logGet(46)) - raft.server.log.purge.preservation.log.num = 0 (default)
2024-01-14 17:00:28,273 [EventQueue-PipelineReportForPipelineReportHandler] INFO  pipeline.PipelineReportHandler (PipelineReportHandler.java:processPipelineReport(136)) - Opened pipeline PipelineID=b3c90398-1e13-4ad2-bef7-80deb7409e1d
2024-01-14 17:00:28,273 [EventQueue-OpenPipelineForHealthyPipelineSafeModeRule] INFO  safemode.SCMSafeModeManager (HealthyPipelineSafeModeRule.java:process(140)) - SCM in safe mode. Healthy pipelines reported count is 0, required healthy pipeline reported count is 1
2024-01-14 17:00:28,273 [b01583c4-e63d-4000-8651-5bd1da23191a-groupManagement] INFO  server.RaftServerConfigKeys (ConfUtils.java:logGet(46)) - raft.server.log.segment.size.max = 67108864 (custom)
2024-01-14 17:00:28,274 [b01583c4-e63d-4000-8651-5bd1da23191a-groupManagement] INFO  server.RaftServerConfigKeys (ConfUtils.java:logGet(46)) - raft.server.log.segment.cache.num.max = 2 (custom)
2024-01-14 17:00:28,274 [b01583c4-e63d-4000-8651-5bd1da23191a-groupManagement] INFO  server.RaftServerConfigKeys (ConfUtils.java:logGet(46)) - raft.server.log.segment.cache.size.max = 200MB (=209715200) (default)
2024-01-14 17:00:28,274 [b01583c4-e63d-4000-8651-5bd1da23191a-groupManagement] INFO  server.RaftServerConfigKeys (ConfUtils.java:logGet(46)) - raft.server.log.appender.buffer.byte-limit = 8388608 (custom)
2024-01-14 17:00:28,274 [b01583c4-e63d-4000-8651-5bd1da23191a-groupManagement] INFO  util.AwaitToRun (AwaitToRun.java:start(81)) - Thread[b01583c4-e63d-4000-8651-5bd1da23191a@group-80DEB7409E1D-cacheEviction-AwaitToRun,5,main] started
2024-01-14 17:00:28,274 [b01583c4-e63d-4000-8651-5bd1da23191a-groupManagement] INFO  segmented.SegmentedRaftLogWorker (SegmentedRaftLogWorker.java:<init>(182)) - new b01583c4-e63d-4000-8651-5bd1da23191a@group-80DEB7409E1D-SegmentedRaftLogWorker for RaftStorageImpl:Storage Directory /home/runner/work/ozone/ozone/hadoop-ozone/integration-test/target/test-dir/MiniOzoneClusterImpl-55f63948-b302-44a8-9a44-732f3ddcab57/datanode-1/data/ratis/b3c90398-1e13-4ad2-bef7-80deb7409e1d
2024-01-14 17:00:28,274 [b01583c4-e63d-4000-8651-5bd1da23191a-groupManagement] INFO  server.RaftServerConfigKeys (ConfUtils.java:logGet(46)) - raft.server.log.queue.byte-limit = 4294967296 (custom)
2024-01-14 17:00:28,274 [b01583c4-e63d-4000-8651-5bd1da23191a-groupManagement] INFO  server.RaftServerConfigKeys (ConfUtils.java:logGet(46)) - raft.server.log.queue.element-limit = 1024 (custom)
2024-01-14 17:00:28,274 [b01583c4-e63d-4000-8651-5bd1da23191a-groupManagement] INFO  server.RaftServerConfigKeys (ConfUtils.java:logGet(46)) - raft.server.log.segment.size.max = 67108864 (custom)
2024-01-14 17:00:28,274 [b01583c4-e63d-4000-8651-5bd1da23191a-groupManagement] INFO  server.RaftServerConfigKeys (ConfUtils.java:logGet(46)) - raft.server.log.preallocated.size = 4194304 (custom)
2024-01-14 17:00:28,274 [b01583c4-e63d-4000-8651-5bd1da23191a-groupManagement] INFO  server.RaftServerConfigKeys (ConfUtils.java:logGet(46)) - raft.server.log.force.sync.num = 128 (default)
2024-01-14 17:00:28,274 [b01583c4-e63d-4000-8651-5bd1da23191a-groupManagement] INFO  server.RaftServerConfigKeys (ConfUtils.java:logGet(46)) - raft.server.log.statemachine.data.sync = true (default)
2024-01-14 17:00:28,274 [b01583c4-e63d-4000-8651-5bd1da23191a-groupManagement] INFO  server.RaftServerConfigKeys (ConfUtils.java:logGet(46)) - raft.server.log.statemachine.data.sync.timeout = 10s (default)
2024-01-14 17:00:28,274 [b01583c4-e63d-4000-8651-5bd1da23191a-groupManagement] INFO  server.RaftServerConfigKeys (ConfUtils.java:logGet(46)) - raft.server.log.statemachine.data.sync.timeout.retry = 0 (custom)
2024-01-14 17:00:28,274 [b01583c4-e63d-4000-8651-5bd1da23191a-groupManagement] INFO  server.RaftServerConfigKeys (ConfUtils.java:logGet(46)) - raft.server.log.write.buffer.size = 8388616 (custom)
2024-01-14 17:00:28,276 [b01583c4-e63d-4000-8651-5bd1da23191a-groupManagement] INFO  server.RaftServerConfigKeys (ConfUtils.java:logGet(46)) - raft.server.log.appender.buffer.byte-limit = 8388608 (custom)
2024-01-14 17:00:28,276 [b01583c4-e63d-4000-8651-5bd1da23191a-groupManagement] INFO  server.RaftServerConfigKeys (ConfUtils.java:logGet(46)) - raft.server.log.unsafe-flush.enabled = false (default)
2024-01-14 17:00:28,276 [b01583c4-e63d-4000-8651-5bd1da23191a-groupManagement] INFO  server.RaftServerConfigKeys (ConfUtils.java:logGet(46)) - raft.server.log.async-flush.enabled = false (default)
2024-01-14 17:00:28,276 [b01583c4-e63d-4000-8651-5bd1da23191a-groupManagement] INFO  server.RaftServerConfigKeys (ConfUtils.java:logGet(46)) - raft.server.log.statemachine.data.caching.enabled = true (custom)
2024-01-14 17:00:28,276 [b01583c4-e63d-4000-8651-5bd1da23191a-groupManagement] INFO  segmented.SegmentedRaftLogWorker (SegmentedRaftLogWorker.java:lambda$new$0(134)) - b01583c4-e63d-4000-8651-5bd1da23191a@group-80DEB7409E1D-SegmentedRaftLogWorker: flushIndex: setUnconditionally 0 -> -1
2024-01-14 17:00:28,276 [b01583c4-e63d-4000-8651-5bd1da23191a-groupManagement] INFO  segmented.SegmentedRaftLogWorker (SegmentedRaftLogWorker.java:lambda$new$0(134)) - b01583c4-e63d-4000-8651-5bd1da23191a@group-80DEB7409E1D-SegmentedRaftLogWorker: safeCacheEvictIndex: setUnconditionally 0 -> -1
2024-01-14 17:00:28,276 [b01583c4-e63d-4000-8651-5bd1da23191a-groupManagement] INFO  server.RaftServer$Division (RaftServerImpl.java:start(396)) - b01583c4-e63d-4000-8651-5bd1da23191a@group-80DEB7409E1D: start as a follower, conf=-1: peers:[b01583c4-e63d-4000-8651-5bd1da23191a|10.1.0.34:15379]|listeners:[], old=null
2024-01-14 17:00:28,276 [b01583c4-e63d-4000-8651-5bd1da23191a-groupManagement] INFO  server.RaftServer$Division (RaftServerImpl.java:setRole(383)) - b01583c4-e63d-4000-8651-5bd1da23191a@group-80DEB7409E1D: changes role from      null to FOLLOWER at term 0 for startAsFollower
2024-01-14 17:00:28,276 [b01583c4-e63d-4000-8651-5bd1da23191a-groupManagement] INFO  impl.RoleInfo (RoleInfo.java:updateAndGet(139)) - b01583c4-e63d-4000-8651-5bd1da23191a: start b01583c4-e63d-4000-8651-5bd1da23191a@group-80DEB7409E1D-FollowerState
2024-01-14 17:00:28,276 [b01583c4-e63d-4000-8651-5bd1da23191a@group-80DEB7409E1D-FollowerState] INFO  server.RaftServerConfigKeys (ConfUtils.java:logFallback(53)) - raft.server.rpc.first-election.timeout.min = 5s (fallback to raft.server.rpc.timeout.min)
2024-01-14 17:00:28,276 [b01583c4-e63d-4000-8651-5bd1da23191a-groupManagement] INFO  util.JmxRegister (JmxRegister.java:tryRegister(44)) - Successfully registered JMX Bean with object name Ratis:service=RaftServer,group=group-80DEB7409E1D,id=b01583c4-e63d-4000-8651-5bd1da23191a
2024-01-14 17:00:28,276 [b01583c4-e63d-4000-8651-5bd1da23191a@group-80DEB7409E1D-FollowerState] INFO  server.RaftServerConfigKeys (ConfUtils.java:logFallback(53)) - raft.server.rpc.first-election.timeout.max = 5200ms (fallback to raft.server.rpc.timeout.max)
2024-01-14 17:00:28,276 [b01583c4-e63d-4000-8651-5bd1da23191a-groupManagement] INFO  server.RaftServerConfigKeys (ConfUtils.java:logGet(46)) - raft.server.snapshot.trigger-when-stop.enabled = true (default)
2024-01-14 17:00:28,276 [b01583c4-e63d-4000-8651-5bd1da23191a-groupManagement] INFO  server.RaftServerConfigKeys (ConfUtils.java:logGet(46)) - raft.server.snapshot.auto.trigger.enabled = true (custom)
2024-01-14 17:00:28,276 [b01583c4-e63d-4000-8651-5bd1da23191a-groupManagement] INFO  server.RaftServerConfigKeys (ConfUtils.java:logGet(46)) - raft.server.snapshot.auto.trigger.threshold = 10000 (custom)
2024-01-14 17:00:28,277 [b01583c4-e63d-4000-8651-5bd1da23191a-groupManagement] INFO  server.RaftServerConfigKeys (ConfUtils.java:logGet(46)) - raft.server.snapshot.retention.file.num = 5 (custom)
2024-01-14 17:00:28,277 [b01583c4-e63d-4000-8651-5bd1da23191a-groupManagement] INFO  server.RaftServerConfigKeys (ConfUtils.java:logGet(46)) - raft.server.log.purge.upto.snapshot.index = false (default)
2024-01-14 17:00:28,277 [b01583c4-e63d-4000-8651-5bd1da23191a-PipelineCommandHandlerThread-0] INFO  ratis.XceiverServerRatis (XceiverServerRatis.java:addGroup(842)) - Created group PipelineID=b3c90398-1e13-4ad2-bef7-80deb7409e1d
2024-01-14 17:00:28,277 [b01583c4-e63d-4000-8651-5bd1da23191a-PipelineCommandHandlerThread-0] INFO  commandhandler.CreatePipelineCommandHandler (CreatePipelineCommandHandler.java:lambda$handle$2(124)) - Created Pipeline RATIS ONE PipelineID=b3c90398-1e13-4ad2-bef7-80deb7409e1d.
2024-01-14 17:00:28,356 [aebecd85-982d-4af9-9ab4-e47392631af6-PipelineCommandHandlerThread-0] INFO  server.RaftServer (RaftServerProxy.java:addNew(100)) - aebecd85-982d-4af9-9ab4-e47392631af6: addNew group-802D7856B538:[aebecd85-982d-4af9-9ab4-e47392631af6|10.1.0.34:15388] returns group-802D7856B538:java.util.concurrent.CompletableFuture@45324d35[Not completed]
2024-01-14 17:00:28,357 [aebecd85-982d-4af9-9ab4-e47392631af6-groupManagement] INFO  server.RaftServer$Division (RaftServerImpl.java:<init>(256)) - aebecd85-982d-4af9-9ab4-e47392631af6: new RaftServerImpl for group-802D7856B538:[aebecd85-982d-4af9-9ab4-e47392631af6|10.1.0.34:15388] with ContainerStateMachine:uninitialized
2024-01-14 17:00:28,357 [aebecd85-982d-4af9-9ab4-e47392631af6-groupManagement] INFO  server.RaftServerConfigKeys (ConfUtils.java:logGet(46)) - raft.server.rpc.timeout.min = 5s (custom)
2024-01-14 17:00:28,357 [aebecd85-982d-4af9-9ab4-e47392631af6-groupManagement] INFO  server.RaftServerConfigKeys (ConfUtils.java:logGet(46)) - raft.server.rpc.timeout.max = 5200ms (custom)
2024-01-14 17:00:28,357 [aebecd85-982d-4af9-9ab4-e47392631af6-groupManagement] INFO  server.RaftServerConfigKeys (ConfUtils.java:logGet(46)) - raft.server.rpc.sleep.time = 25ms (default)
2024-01-14 17:00:28,357 [aebecd85-982d-4af9-9ab4-e47392631af6-groupManagement] INFO  server.RaftServerConfigKeys (ConfUtils.java:logGet(46)) - raft.server.rpc.slowness.timeout = 300000ms (custom)
2024-01-14 17:00:28,357 [aebecd85-982d-4af9-9ab4-e47392631af6-groupManagement] INFO  server.RaftServerConfigKeys (ConfUtils.java:logGet(46)) - raft.server.leaderelection.leader.step-down.wait-time = 10s (default)
2024-01-14 17:00:28,357 [aebecd85-982d-4af9-9ab4-e47392631af6-groupManagement] INFO  server.RaftServerConfigKeys (ConfUtils.java:logGet(46)) - raft.server.leaderelection.member.majority-add = false (default)
2024-01-14 17:00:28,357 [aebecd85-982d-4af9-9ab4-e47392631af6-groupManagement] INFO  server.RaftServerConfigKeys (ConfUtils.java:logGet(46)) - raft.server.sleep.deviation.threshold = 300ms (default)
2024-01-14 17:00:28,358 [aebecd85-982d-4af9-9ab4-e47392631af6-groupManagement] INFO  server.RaftServer$Division (ServerState.java:<init>(113)) - aebecd85-982d-4af9-9ab4-e47392631af6@group-802D7856B538: ConfigurationManager, init=-1: peers:[aebecd85-982d-4af9-9ab4-e47392631af6|10.1.0.34:15388]|listeners:[], old=null, confs=<EMPTY_MAP>
2024-01-14 17:00:28,358 [aebecd85-982d-4af9-9ab4-e47392631af6-groupManagement] INFO  server.RaftServerConfigKeys (ConfUtils.java:logGet(46)) - raft.server.notification.no-leader.timeout = 300000ms (custom)
2024-01-14 17:00:28,358 [aebecd85-982d-4af9-9ab4-e47392631af6-groupManagement] INFO  server.RaftServerConfigKeys (ConfUtils.java:logGet(46)) - raft.server.read.timeout = 10s (default)
2024-01-14 17:00:28,358 [aebecd85-982d-4af9-9ab4-e47392631af6-groupManagement] INFO  server.RaftServerConfigKeys (ConfUtils.java:logGet(46)) - raft.server.retrycache.expirytime = 600000ms (custom)
2024-01-14 17:00:28,358 [aebecd85-982d-4af9-9ab4-e47392631af6-groupManagement] INFO  server.RaftServerConfigKeys (ConfUtils.java:logGet(46)) - raft.server.retrycache.statistics.expirytime = 100ms (default)
2024-01-14 17:00:28,358 [aebecd85-982d-4af9-9ab4-e47392631af6-groupManagement] INFO  server.RaftServerConfigKeys (ConfUtils.java:logGet(46)) - raft.server.read.option = DEFAULT (default)
2024-01-14 17:00:28,358 [aebecd85-982d-4af9-9ab4-e47392631af6-groupManagement] INFO  server.RaftServerConfigKeys (ConfUtils.java:logGet(46)) - raft.server.read.read-after-write-consistent.write-index-cache.expiry-time = 60s (default)
2024-01-14 17:00:28,360 [aebecd85-982d-4af9-9ab4-e47392631af6-groupManagement] INFO  server.RaftServerConfigKeys (ConfUtils.java:logGet(46)) - raft.server.rpc.request.timeout = 3000ms (default)
2024-01-14 17:00:28,361 [aebecd85-982d-4af9-9ab4-e47392631af6-groupManagement] INFO  server.RaftServerConfigKeys (ConfUtils.java:logGet(46)) - raft.server.log.appender.install.snapshot.enabled = false (custom)
2024-01-14 17:00:28,361 [aebecd85-982d-4af9-9ab4-e47392631af6-groupManagement] INFO  server.RaftServerConfigKeys (ConfUtils.java:logGet(46)) - raft.server.threadpool.server.cached = true (default)
2024-01-14 17:00:28,361 [aebecd85-982d-4af9-9ab4-e47392631af6-groupManagement] INFO  server.RaftServerConfigKeys (ConfUtils.java:logGet(46)) - raft.server.threadpool.server.size = 0 (default)
2024-01-14 17:00:28,361 [aebecd85-982d-4af9-9ab4-e47392631af6-groupManagement] INFO  server.RaftServerConfigKeys (ConfUtils.java:logGet(46)) - raft.server.threadpool.client.cached = true (default)
2024-01-14 17:00:28,361 [aebecd85-982d-4af9-9ab4-e47392631af6-groupManagement] INFO  server.RaftServerConfigKeys (ConfUtils.java:logGet(46)) - raft.server.threadpool.client.size = 0 (default)
2024-01-14 17:00:28,361 [aebecd85-982d-4af9-9ab4-e47392631af6-groupManagement] INFO  server.RaftServerConfigKeys (ConfUtils.java:logGet(46)) - raft.server.storage.free-space.min = 0MB (=0) (default)
2024-01-14 17:00:28,361 [aebecd85-982d-4af9-9ab4-e47392631af6-groupManagement] INFO  server.RaftServerConfigKeys (ConfUtils.java:logGet(46)) - raft.server.log.corruption.policy = EXCEPTION (default)
2024-01-14 17:00:28,361 [aebecd85-982d-4af9-9ab4-e47392631af6-groupManagement] INFO  server.RaftServerConfigKeys (ConfUtils.java:logGet(46)) - raft.server.storage.dir = [/home/runner/work/ozone/ozone/hadoop-ozone/integration-test/target/test-dir/MiniOzoneClusterImpl-55f63948-b302-44a8-9a44-732f3ddcab57/datanode-2/data/ratis] (custom)
2024-01-14 17:00:28,361 [aebecd85-982d-4af9-9ab4-e47392631af6-groupManagement] INFO  storage.RaftStorageDirectory (RaftStorageDirectoryImpl.java:analyzeStorage(138)) - The storage directory /home/runner/work/ozone/ozone/hadoop-ozone/integration-test/target/test-dir/MiniOzoneClusterImpl-55f63948-b302-44a8-9a44-732f3ddcab57/datanode-2/data/ratis/fb3778f1-91dd-4c6b-90dc-802d7856b538 does not exist. Creating ...
2024-01-14 17:00:28,362 [aebecd85-982d-4af9-9ab4-e47392631af6-groupManagement] INFO  storage.RaftStorageDirectory (RaftStorageDirectoryImpl.java:tryLock(228)) - Lock on /home/runner/work/ozone/ozone/hadoop-ozone/integration-test/target/test-dir/MiniOzoneClusterImpl-55f63948-b302-44a8-9a44-732f3ddcab57/datanode-2/data/ratis/fb3778f1-91dd-4c6b-90dc-802d7856b538/in_use.lock acquired by nodename 93954@fv-az1248-16
2024-01-14 17:00:28,363 [aebecd85-982d-4af9-9ab4-e47392631af6-groupManagement] INFO  storage.RaftStorage (RaftStorageImpl.java:format(99)) - Storage directory /home/runner/work/ozone/ozone/hadoop-ozone/integration-test/target/test-dir/MiniOzoneClusterImpl-55f63948-b302-44a8-9a44-732f3ddcab57/datanode-2/data/ratis/fb3778f1-91dd-4c6b-90dc-802d7856b538 has been successfully formatted.
2024-01-14 17:00:28,363 [aebecd85-982d-4af9-9ab4-e47392631af6-groupManagement] WARN  util.FileUtils (LogUtils.java:supplyAndLog(63)) - Failed to Files.newInputStream /home/runner/work/ozone/ozone/hadoop-ozone/integration-test/target/test-dir/MiniOzoneClusterImpl-55f63948-b302-44a8-9a44-732f3ddcab57/datanode-2/data/ratis/fb3778f1-91dd-4c6b-90dc-802d7856b538/current/raft-meta.conf with options []: java.nio.file.NoSuchFileException: /home/runner/work/ozone/ozone/hadoop-ozone/integration-test/target/test-dir/MiniOzoneClusterImpl-55f63948-b302-44a8-9a44-732f3ddcab57/datanode-2/data/ratis/fb3778f1-91dd-4c6b-90dc-802d7856b538/current/raft-meta.conf
2024-01-14 17:00:28,363 [aebecd85-982d-4af9-9ab4-e47392631af6-groupManagement] INFO  ratis.ContainerStateMachine (ContainerStateMachine.java:loadSnapshot(287)) - group-802D7856B538: The snapshot info is null. Setting the last applied index to:(t:0, i:~)
2024-01-14 17:00:28,363 [aebecd85-982d-4af9-9ab4-e47392631af6-groupManagement] INFO  server.RaftServerConfigKeys (ConfUtils.java:logGet(46)) - raft.server.log.use.memory = false (default)
2024-01-14 17:00:28,363 [aebecd85-982d-4af9-9ab4-e47392631af6-groupManagement] INFO  server.RaftServerConfigKeys (ConfUtils.java:logGet(46)) - raft.server.log.purge.gap = 1000000 (custom)
2024-01-14 17:00:28,364 [aebecd85-982d-4af9-9ab4-e47392631af6-groupManagement] INFO  server.RaftServerConfigKeys (ConfUtils.java:logGet(46)) - raft.server.log.appender.buffer.byte-limit = 8388608 (custom)
2024-01-14 17:00:28,364 [aebecd85-982d-4af9-9ab4-e47392631af6-groupManagement] INFO  server.RaftServerConfigKeys (ConfUtils.java:logGet(46)) - raft.server.log.statemachine.data.read.timeout = 1000ms (default)
2024-01-14 17:00:28,364 [aebecd85-982d-4af9-9ab4-e47392631af6-groupManagement] INFO  server.RaftServerConfigKeys (ConfUtils.java:logGet(46)) - raft.server.log.purge.preservation.log.num = 0 (default)
2024-01-14 17:00:28,364 [EventQueue-PipelineReportForPipelineReportHandler] INFO  pipeline.PipelineReportHandler (PipelineReportHandler.java:processPipelineReport(136)) - Opened pipeline PipelineID=fb3778f1-91dd-4c6b-90dc-802d7856b538
2024-01-14 17:00:28,365 [EventQueue-OpenPipelineForHealthyPipelineSafeModeRule] INFO  safemode.SCMSafeModeManager (HealthyPipelineSafeModeRule.java:process(140)) - SCM in safe mode. Healthy pipelines reported count is 0, required healthy pipeline reported count is 1
2024-01-14 17:00:28,366 [aebecd85-982d-4af9-9ab4-e47392631af6-groupManagement] INFO  server.RaftServerConfigKeys (ConfUtils.java:logGet(46)) - raft.server.log.segment.size.max = 67108864 (custom)
2024-01-14 17:00:28,366 [aebecd85-982d-4af9-9ab4-e47392631af6-groupManagement] INFO  server.RaftServerConfigKeys (ConfUtils.java:logGet(46)) - raft.server.log.segment.cache.num.max = 2 (custom)
2024-01-14 17:00:28,366 [aebecd85-982d-4af9-9ab4-e47392631af6-groupManagement] INFO  server.RaftServerConfigKeys (ConfUtils.java:logGet(46)) - raft.server.log.segment.cache.size.max = 200MB (=209715200) (default)
2024-01-14 17:00:28,366 [aebecd85-982d-4af9-9ab4-e47392631af6-groupManagement] INFO  server.RaftServerConfigKeys (ConfUtils.java:logGet(46)) - raft.server.log.appender.buffer.byte-limit = 8388608 (custom)
2024-01-14 17:00:28,366 [aebecd85-982d-4af9-9ab4-e47392631af6-groupManagement] INFO  util.AwaitToRun (AwaitToRun.java:start(81)) - Thread[aebecd85-982d-4af9-9ab4-e47392631af6@group-802D7856B538-cacheEviction-AwaitToRun,5,main] started
2024-01-14 17:00:28,366 [aebecd85-982d-4af9-9ab4-e47392631af6-groupManagement] INFO  segmented.SegmentedRaftLogWorker (SegmentedRaftLogWorker.java:<init>(182)) - new aebecd85-982d-4af9-9ab4-e47392631af6@group-802D7856B538-SegmentedRaftLogWorker for RaftStorageImpl:Storage Directory /home/runner/work/ozone/ozone/hadoop-ozone/integration-test/target/test-dir/MiniOzoneClusterImpl-55f63948-b302-44a8-9a44-732f3ddcab57/datanode-2/data/ratis/fb3778f1-91dd-4c6b-90dc-802d7856b538
2024-01-14 17:00:28,366 [aebecd85-982d-4af9-9ab4-e47392631af6-groupManagement] INFO  server.RaftServerConfigKeys (ConfUtils.java:logGet(46)) - raft.server.log.queue.byte-limit = 4294967296 (custom)
2024-01-14 17:00:28,366 [aebecd85-982d-4af9-9ab4-e47392631af6-groupManagement] INFO  server.RaftServerConfigKeys (ConfUtils.java:logGet(46)) - raft.server.log.queue.element-limit = 1024 (custom)
2024-01-14 17:00:28,366 [aebecd85-982d-4af9-9ab4-e47392631af6-groupManagement] INFO  server.RaftServerConfigKeys (ConfUtils.java:logGet(46)) - raft.server.log.segment.size.max = 67108864 (custom)
2024-01-14 17:00:28,366 [aebecd85-982d-4af9-9ab4-e47392631af6-groupManagement] INFO  server.RaftServerConfigKeys (ConfUtils.java:logGet(46)) - raft.server.log.preallocated.size = 4194304 (custom)
2024-01-14 17:00:28,366 [aebecd85-982d-4af9-9ab4-e47392631af6-groupManagement] INFO  server.RaftServerConfigKeys (ConfUtils.java:logGet(46)) - raft.server.log.force.sync.num = 128 (default)
2024-01-14 17:00:28,366 [aebecd85-982d-4af9-9ab4-e47392631af6-groupManagement] INFO  server.RaftServerConfigKeys (ConfUtils.java:logGet(46)) - raft.server.log.statemachine.data.sync = true (default)
2024-01-14 17:00:28,366 [aebecd85-982d-4af9-9ab4-e47392631af6-groupManagement] INFO  server.RaftServerConfigKeys (ConfUtils.java:logGet(46)) - raft.server.log.statemachine.data.sync.timeout = 10s (default)
2024-01-14 17:00:28,366 [aebecd85-982d-4af9-9ab4-e47392631af6-groupManagement] INFO  server.RaftServerConfigKeys (ConfUtils.java:logGet(46)) - raft.server.log.statemachine.data.sync.timeout.retry = 0 (custom)
2024-01-14 17:00:28,367 [aebecd85-982d-4af9-9ab4-e47392631af6-groupManagement] INFO  server.RaftServerConfigKeys (ConfUtils.java:logGet(46)) - raft.server.log.write.buffer.size = 8388616 (custom)
2024-01-14 17:00:28,368 [aebecd85-982d-4af9-9ab4-e47392631af6-groupManagement] INFO  server.RaftServerConfigKeys (ConfUtils.java:logGet(46)) - raft.server.log.appender.buffer.byte-limit = 8388608 (custom)
2024-01-14 17:00:28,368 [aebecd85-982d-4af9-9ab4-e47392631af6-groupManagement] INFO  server.RaftServerConfigKeys (ConfUtils.java:logGet(46)) - raft.server.log.unsafe-flush.enabled = false (default)
2024-01-14 17:00:28,368 [aebecd85-982d-4af9-9ab4-e47392631af6-groupManagement] INFO  server.RaftServerConfigKeys (ConfUtils.java:logGet(46)) - raft.server.log.async-flush.enabled = false (default)
2024-01-14 17:00:28,368 [aebecd85-982d-4af9-9ab4-e47392631af6-groupManagement] INFO  server.RaftServerConfigKeys (ConfUtils.java:logGet(46)) - raft.server.log.statemachine.data.caching.enabled = true (custom)
2024-01-14 17:00:28,368 [aebecd85-982d-4af9-9ab4-e47392631af6-groupManagement] INFO  segmented.SegmentedRaftLogWorker (SegmentedRaftLogWorker.java:lambda$new$0(134)) - aebecd85-982d-4af9-9ab4-e47392631af6@group-802D7856B538-SegmentedRaftLogWorker: flushIndex: setUnconditionally 0 -> -1
2024-01-14 17:00:28,368 [aebecd85-982d-4af9-9ab4-e47392631af6-groupManagement] INFO  segmented.SegmentedRaftLogWorker (SegmentedRaftLogWorker.java:lambda$new$0(134)) - aebecd85-982d-4af9-9ab4-e47392631af6@group-802D7856B538-SegmentedRaftLogWorker: safeCacheEvictIndex: setUnconditionally 0 -> -1
2024-01-14 17:00:28,368 [aebecd85-982d-4af9-9ab4-e47392631af6-groupManagement] INFO  server.RaftServer$Division (RaftServerImpl.java:start(396)) - aebecd85-982d-4af9-9ab4-e47392631af6@group-802D7856B538: start as a follower, conf=-1: peers:[aebecd85-982d-4af9-9ab4-e47392631af6|10.1.0.34:15388]|listeners:[], old=null
2024-01-14 17:00:28,368 [aebecd85-982d-4af9-9ab4-e47392631af6-groupManagement] INFO  server.RaftServer$Division (RaftServerImpl.java:setRole(383)) - aebecd85-982d-4af9-9ab4-e47392631af6@group-802D7856B538: changes role from      null to FOLLOWER at term 0 for startAsFollower
2024-01-14 17:00:28,369 [aebecd85-982d-4af9-9ab4-e47392631af6-groupManagement] INFO  impl.RoleInfo (RoleInfo.java:updateAndGet(139)) - aebecd85-982d-4af9-9ab4-e47392631af6: start aebecd85-982d-4af9-9ab4-e47392631af6@group-802D7856B538-FollowerState
2024-01-14 17:00:28,369 [aebecd85-982d-4af9-9ab4-e47392631af6-groupManagement] INFO  util.JmxRegister (JmxRegister.java:tryRegister(44)) - Successfully registered JMX Bean with object name Ratis:service=RaftServer,group=group-802D7856B538,id=aebecd85-982d-4af9-9ab4-e47392631af6
2024-01-14 17:00:28,369 [aebecd85-982d-4af9-9ab4-e47392631af6-groupManagement] INFO  server.RaftServerConfigKeys (ConfUtils.java:logGet(46)) - raft.server.snapshot.trigger-when-stop.enabled = true (default)
2024-01-14 17:00:28,369 [aebecd85-982d-4af9-9ab4-e47392631af6-groupManagement] INFO  server.RaftServerConfigKeys (ConfUtils.java:logGet(46)) - raft.server.snapshot.auto.trigger.enabled = true (custom)
2024-01-14 17:00:28,369 [aebecd85-982d-4af9-9ab4-e47392631af6-groupManagement] INFO  server.RaftServerConfigKeys (ConfUtils.java:logGet(46)) - raft.server.snapshot.auto.trigger.threshold = 10000 (custom)
2024-01-14 17:00:28,369 [aebecd85-982d-4af9-9ab4-e47392631af6-groupManagement] INFO  server.RaftServerConfigKeys (ConfUtils.java:logGet(46)) - raft.server.snapshot.retention.file.num = 5 (custom)
2024-01-14 17:00:28,369 [aebecd85-982d-4af9-9ab4-e47392631af6-groupManagement] INFO  server.RaftServerConfigKeys (ConfUtils.java:logGet(46)) - raft.server.log.purge.upto.snapshot.index = false (default)
2024-01-14 17:00:28,369 [aebecd85-982d-4af9-9ab4-e47392631af6@group-802D7856B538-FollowerState] INFO  server.RaftServerConfigKeys (ConfUtils.java:logFallback(53)) - raft.server.rpc.first-election.timeout.min = 5s (fallback to raft.server.rpc.timeout.min)
2024-01-14 17:00:28,369 [aebecd85-982d-4af9-9ab4-e47392631af6@group-802D7856B538-FollowerState] INFO  server.RaftServerConfigKeys (ConfUtils.java:logFallback(53)) - raft.server.rpc.first-election.timeout.max = 5200ms (fallback to raft.server.rpc.timeout.max)
2024-01-14 17:00:28,369 [aebecd85-982d-4af9-9ab4-e47392631af6-PipelineCommandHandlerThread-0] INFO  ratis.XceiverServerRatis (XceiverServerRatis.java:addGroup(842)) - Created group PipelineID=fb3778f1-91dd-4c6b-90dc-802d7856b538
2024-01-14 17:00:28,369 [aebecd85-982d-4af9-9ab4-e47392631af6-PipelineCommandHandlerThread-0] INFO  commandhandler.CreatePipelineCommandHandler (CreatePipelineCommandHandler.java:lambda$handle$2(124)) - Created Pipeline RATIS ONE PipelineID=fb3778f1-91dd-4c6b-90dc-802d7856b538.
2024-01-14 17:00:28,443 [f2927880-1f10-4686-b93c-5db3b548581d-PipelineCommandHandlerThread-0] INFO  server.RaftServer (RaftServerProxy.java:addNew(100)) - f2927880-1f10-4686-b93c-5db3b548581d: addNew group-1E314555F5C2:[f2927880-1f10-4686-b93c-5db3b548581d|10.1.0.34:15397] returns group-1E314555F5C2:java.util.concurrent.CompletableFuture@52d82b70[Not completed]
2024-01-14 17:00:28,444 [f2927880-1f10-4686-b93c-5db3b548581d-groupManagement] INFO  server.RaftServer$Division (RaftServerImpl.java:<init>(256)) - f2927880-1f10-4686-b93c-5db3b548581d: new RaftServerImpl for group-1E314555F5C2:[f2927880-1f10-4686-b93c-5db3b548581d|10.1.0.34:15397] with ContainerStateMachine:uninitialized
2024-01-14 17:00:28,444 [f2927880-1f10-4686-b93c-5db3b548581d-groupManagement] INFO  server.RaftServerConfigKeys (ConfUtils.java:logGet(46)) - raft.server.rpc.timeout.min = 5s (custom)
2024-01-14 17:00:28,444 [f2927880-1f10-4686-b93c-5db3b548581d-groupManagement] INFO  server.RaftServerConfigKeys (ConfUtils.java:logGet(46)) - raft.server.rpc.timeout.max = 5200ms (custom)
2024-01-14 17:00:28,444 [f2927880-1f10-4686-b93c-5db3b548581d-groupManagement] INFO  server.RaftServerConfigKeys (ConfUtils.java:logGet(46)) - raft.server.rpc.sleep.time = 25ms (default)
2024-01-14 17:00:28,444 [f2927880-1f10-4686-b93c-5db3b548581d-groupManagement] INFO  server.RaftServerConfigKeys (ConfUtils.java:logGet(46)) - raft.server.rpc.slowness.timeout = 300000ms (custom)
2024-01-14 17:00:28,444 [f2927880-1f10-4686-b93c-5db3b548581d-groupManagement] INFO  server.RaftServerConfigKeys (ConfUtils.java:logGet(46)) - raft.server.leaderelection.leader.step-down.wait-time = 10s (default)
2024-01-14 17:00:28,444 [f2927880-1f10-4686-b93c-5db3b548581d-groupManagement] INFO  server.RaftServerConfigKeys (ConfUtils.java:logGet(46)) - raft.server.leaderelection.member.majority-add = false (default)
2024-01-14 17:00:28,444 [f2927880-1f10-4686-b93c-5db3b548581d-groupManagement] INFO  server.RaftServerConfigKeys (ConfUtils.java:logGet(46)) - raft.server.sleep.deviation.threshold = 300ms (default)
2024-01-14 17:00:28,444 [f2927880-1f10-4686-b93c-5db3b548581d-groupManagement] INFO  server.RaftServer$Division (ServerState.java:<init>(113)) - f2927880-1f10-4686-b93c-5db3b548581d@group-1E314555F5C2: ConfigurationManager, init=-1: peers:[f2927880-1f10-4686-b93c-5db3b548581d|10.1.0.34:15397]|listeners:[], old=null, confs=<EMPTY_MAP>
2024-01-14 17:00:28,444 [f2927880-1f10-4686-b93c-5db3b548581d-groupManagement] INFO  server.RaftServerConfigKeys (ConfUtils.java:logGet(46)) - raft.server.notification.no-leader.timeout = 300000ms (custom)
2024-01-14 17:00:28,444 [f2927880-1f10-4686-b93c-5db3b548581d-groupManagement] INFO  server.RaftServerConfigKeys (ConfUtils.java:logGet(46)) - raft.server.read.timeout = 10s (default)
2024-01-14 17:00:28,444 [f2927880-1f10-4686-b93c-5db3b548581d-groupManagement] INFO  server.RaftServerConfigKeys (ConfUtils.java:logGet(46)) - raft.server.retrycache.expirytime = 600000ms (custom)
2024-01-14 17:00:28,444 [f2927880-1f10-4686-b93c-5db3b548581d-groupManagement] INFO  server.RaftServerConfigKeys (ConfUtils.java:logGet(46)) - raft.server.retrycache.statistics.expirytime = 100ms (default)
2024-01-14 17:00:28,444 [f2927880-1f10-4686-b93c-5db3b548581d-groupManagement] INFO  server.RaftServerConfigKeys (ConfUtils.java:logGet(46)) - raft.server.read.option = DEFAULT (default)
2024-01-14 17:00:28,445 [f2927880-1f10-4686-b93c-5db3b548581d-groupManagement] INFO  server.RaftServerConfigKeys (ConfUtils.java:logGet(46)) - raft.server.read.read-after-write-consistent.write-index-cache.expiry-time = 60s (default)
2024-01-14 17:00:28,446 [f2927880-1f10-4686-b93c-5db3b548581d-groupManagement] INFO  server.RaftServerConfigKeys (ConfUtils.java:logGet(46)) - raft.server.rpc.request.timeout = 3000ms (default)
2024-01-14 17:00:28,446 [f2927880-1f10-4686-b93c-5db3b548581d-groupManagement] INFO  server.RaftServerConfigKeys (ConfUtils.java:logGet(46)) - raft.server.log.appender.install.snapshot.enabled = false (custom)
2024-01-14 17:00:28,446 [f2927880-1f10-4686-b93c-5db3b548581d-groupManagement] INFO  server.RaftServerConfigKeys (ConfUtils.java:logGet(46)) - raft.server.threadpool.server.cached = true (default)
2024-01-14 17:00:28,446 [f2927880-1f10-4686-b93c-5db3b548581d-groupManagement] INFO  server.RaftServerConfigKeys (ConfUtils.java:logGet(46)) - raft.server.threadpool.server.size = 0 (default)
2024-01-14 17:00:28,446 [f2927880-1f10-4686-b93c-5db3b548581d-groupManagement] INFO  server.RaftServerConfigKeys (ConfUtils.java:logGet(46)) - raft.server.threadpool.client.cached = true (default)
2024-01-14 17:00:28,446 [f2927880-1f10-4686-b93c-5db3b548581d-groupManagement] INFO  server.RaftServerConfigKeys (ConfUtils.java:logGet(46)) - raft.server.threadpool.client.size = 0 (default)
2024-01-14 17:00:28,446 [f2927880-1f10-4686-b93c-5db3b548581d-groupManagement] INFO  server.RaftServerConfigKeys (ConfUtils.java:logGet(46)) - raft.server.storage.free-space.min = 0MB (=0) (default)
2024-01-14 17:00:28,446 [f2927880-1f10-4686-b93c-5db3b548581d-groupManagement] INFO  server.RaftServerConfigKeys (ConfUtils.java:logGet(46)) - raft.server.log.corruption.policy = EXCEPTION (default)
2024-01-14 17:00:28,446 [f2927880-1f10-4686-b93c-5db3b548581d-groupManagement] INFO  server.RaftServerConfigKeys (ConfUtils.java:logGet(46)) - raft.server.storage.dir = [/home/runner/work/ozone/ozone/hadoop-ozone/integration-test/target/test-dir/MiniOzoneClusterImpl-55f63948-b302-44a8-9a44-732f3ddcab57/datanode-3/data/ratis] (custom)
2024-01-14 17:00:28,447 [f2927880-1f10-4686-b93c-5db3b548581d-groupManagement] INFO  storage.RaftStorageDirectory (RaftStorageDirectoryImpl.java:analyzeStorage(138)) - The storage directory /home/runner/work/ozone/ozone/hadoop-ozone/integration-test/target/test-dir/MiniOzoneClusterImpl-55f63948-b302-44a8-9a44-732f3ddcab57/datanode-3/data/ratis/427e784b-880b-4bc9-9bed-1e314555f5c2 does not exist. Creating ...
2024-01-14 17:00:28,447 [f2927880-1f10-4686-b93c-5db3b548581d-groupManagement] INFO  storage.RaftStorageDirectory (RaftStorageDirectoryImpl.java:tryLock(228)) - Lock on /home/runner/work/ozone/ozone/hadoop-ozone/integration-test/target/test-dir/MiniOzoneClusterImpl-55f63948-b302-44a8-9a44-732f3ddcab57/datanode-3/data/ratis/427e784b-880b-4bc9-9bed-1e314555f5c2/in_use.lock acquired by nodename 93954@fv-az1248-16
2024-01-14 17:00:28,448 [f2927880-1f10-4686-b93c-5db3b548581d-groupManagement] INFO  storage.RaftStorage (RaftStorageImpl.java:format(99)) - Storage directory /home/runner/work/ozone/ozone/hadoop-ozone/integration-test/target/test-dir/MiniOzoneClusterImpl-55f63948-b302-44a8-9a44-732f3ddcab57/datanode-3/data/ratis/427e784b-880b-4bc9-9bed-1e314555f5c2 has been successfully formatted.
2024-01-14 17:00:28,448 [f2927880-1f10-4686-b93c-5db3b548581d-groupManagement] WARN  util.FileUtils (LogUtils.java:supplyAndLog(63)) - Failed to Files.newInputStream /home/runner/work/ozone/ozone/hadoop-ozone/integration-test/target/test-dir/MiniOzoneClusterImpl-55f63948-b302-44a8-9a44-732f3ddcab57/datanode-3/data/ratis/427e784b-880b-4bc9-9bed-1e314555f5c2/current/raft-meta.conf with options []: java.nio.file.NoSuchFileException: /home/runner/work/ozone/ozone/hadoop-ozone/integration-test/target/test-dir/MiniOzoneClusterImpl-55f63948-b302-44a8-9a44-732f3ddcab57/datanode-3/data/ratis/427e784b-880b-4bc9-9bed-1e314555f5c2/current/raft-meta.conf
2024-01-14 17:00:28,449 [f2927880-1f10-4686-b93c-5db3b548581d-groupManagement] INFO  ratis.ContainerStateMachine (ContainerStateMachine.java:loadSnapshot(287)) - group-1E314555F5C2: The snapshot info is null. Setting the last applied index to:(t:0, i:~)
2024-01-14 17:00:28,449 [f2927880-1f10-4686-b93c-5db3b548581d-groupManagement] INFO  server.RaftServerConfigKeys (ConfUtils.java:logGet(46)) - raft.server.log.use.memory = false (default)
2024-01-14 17:00:28,449 [f2927880-1f10-4686-b93c-5db3b548581d-groupManagement] INFO  server.RaftServerConfigKeys (ConfUtils.java:logGet(46)) - raft.server.log.purge.gap = 1000000 (custom)
2024-01-14 17:00:28,450 [f2927880-1f10-4686-b93c-5db3b548581d-groupManagement] INFO  server.RaftServerConfigKeys (ConfUtils.java:logGet(46)) - raft.server.log.appender.buffer.byte-limit = 8388608 (custom)
2024-01-14 17:00:28,450 [f2927880-1f10-4686-b93c-5db3b548581d-groupManagement] INFO  server.RaftServerConfigKeys (ConfUtils.java:logGet(46)) - raft.server.log.statemachine.data.read.timeout = 1000ms (default)
2024-01-14 17:00:28,450 [f2927880-1f10-4686-b93c-5db3b548581d-groupManagement] INFO  server.RaftServerConfigKeys (ConfUtils.java:logGet(46)) - raft.server.log.purge.preservation.log.num = 0 (default)
2024-01-14 17:00:28,450 [EventQueue-PipelineReportForPipelineReportHandler] INFO  pipeline.PipelineReportHandler (PipelineReportHandler.java:processPipelineReport(136)) - Opened pipeline PipelineID=427e784b-880b-4bc9-9bed-1e314555f5c2
2024-01-14 17:00:28,450 [EventQueue-OpenPipelineForHealthyPipelineSafeModeRule] INFO  safemode.SCMSafeModeManager (HealthyPipelineSafeModeRule.java:process(140)) - SCM in safe mode. Healthy pipelines reported count is 0, required healthy pipeline reported count is 1
2024-01-14 17:00:28,451 [f2927880-1f10-4686-b93c-5db3b548581d-groupManagement] INFO  server.RaftServerConfigKeys (ConfUtils.java:logGet(46)) - raft.server.log.segment.size.max = 67108864 (custom)
2024-01-14 17:00:28,451 [f2927880-1f10-4686-b93c-5db3b548581d-groupManagement] INFO  server.RaftServerConfigKeys (ConfUtils.java:logGet(46)) - raft.server.log.segment.cache.num.max = 2 (custom)
2024-01-14 17:00:28,451 [f2927880-1f10-4686-b93c-5db3b548581d-groupManagement] INFO  server.RaftServerConfigKeys (ConfUtils.java:logGet(46)) - raft.server.log.segment.cache.size.max = 200MB (=209715200) (default)
2024-01-14 17:00:28,451 [f2927880-1f10-4686-b93c-5db3b548581d-groupManagement] INFO  server.RaftServerConfigKeys (ConfUtils.java:logGet(46)) - raft.server.log.appender.buffer.byte-limit = 8388608 (custom)
2024-01-14 17:00:28,451 [f2927880-1f10-4686-b93c-5db3b548581d-groupManagement] INFO  util.AwaitToRun (AwaitToRun.java:start(81)) - Thread[f2927880-1f10-4686-b93c-5db3b548581d@group-1E314555F5C2-cacheEviction-AwaitToRun,5,main] started
2024-01-14 17:00:28,452 [f2927880-1f10-4686-b93c-5db3b548581d-groupManagement] INFO  segmented.SegmentedRaftLogWorker (SegmentedRaftLogWorker.java:<init>(182)) - new f2927880-1f10-4686-b93c-5db3b548581d@group-1E314555F5C2-SegmentedRaftLogWorker for RaftStorageImpl:Storage Directory /home/runner/work/ozone/ozone/hadoop-ozone/integration-test/target/test-dir/MiniOzoneClusterImpl-55f63948-b302-44a8-9a44-732f3ddcab57/datanode-3/data/ratis/427e784b-880b-4bc9-9bed-1e314555f5c2
2024-01-14 17:00:28,452 [f2927880-1f10-4686-b93c-5db3b548581d-groupManagement] INFO  server.RaftServerConfigKeys (ConfUtils.java:logGet(46)) - raft.server.log.queue.byte-limit = 4294967296 (custom)
2024-01-14 17:00:28,452 [f2927880-1f10-4686-b93c-5db3b548581d-groupManagement] INFO  server.RaftServerConfigKeys (ConfUtils.java:logGet(46)) - raft.server.log.queue.element-limit = 1024 (custom)
2024-01-14 17:00:28,452 [f2927880-1f10-4686-b93c-5db3b548581d-groupManagement] INFO  server.RaftServerConfigKeys (ConfUtils.java:logGet(46)) - raft.server.log.segment.size.max = 67108864 (custom)
2024-01-14 17:00:28,452 [f2927880-1f10-4686-b93c-5db3b548581d-groupManagement] INFO  server.RaftServerConfigKeys (ConfUtils.java:logGet(46)) - raft.server.log.preallocated.size = 4194304 (custom)
2024-01-14 17:00:28,452 [f2927880-1f10-4686-b93c-5db3b548581d-groupManagement] INFO  server.RaftServerConfigKeys (ConfUtils.java:logGet(46)) - raft.server.log.force.sync.num = 128 (default)
2024-01-14 17:00:28,452 [f2927880-1f10-4686-b93c-5db3b548581d-groupManagement] INFO  server.RaftServerConfigKeys (ConfUtils.java:logGet(46)) - raft.server.log.statemachine.data.sync = true (default)
2024-01-14 17:00:28,452 [f2927880-1f10-4686-b93c-5db3b548581d-groupManagement] INFO  server.RaftServerConfigKeys (ConfUtils.java:logGet(46)) - raft.server.log.statemachine.data.sync.timeout = 10s (default)
2024-01-14 17:00:28,452 [f2927880-1f10-4686-b93c-5db3b548581d-groupManagement] INFO  server.RaftServerConfigKeys (ConfUtils.java:logGet(46)) - raft.server.log.statemachine.data.sync.timeout.retry = 0 (custom)
2024-01-14 17:00:28,452 [f2927880-1f10-4686-b93c-5db3b548581d-groupManagement] INFO  server.RaftServerConfigKeys (ConfUtils.java:logGet(46)) - raft.server.log.write.buffer.size = 8388616 (custom)
2024-01-14 17:00:28,454 [f2927880-1f10-4686-b93c-5db3b548581d-groupManagement] INFO  server.RaftServerConfigKeys (ConfUtils.java:logGet(46)) - raft.server.log.appender.buffer.byte-limit = 8388608 (custom)
2024-01-14 17:00:28,454 [f2927880-1f10-4686-b93c-5db3b548581d-groupManagement] INFO  server.RaftServerConfigKeys (ConfUtils.java:logGet(46)) - raft.server.log.unsafe-flush.enabled = false (default)
2024-01-14 17:00:28,454 [f2927880-1f10-4686-b93c-5db3b548581d-groupManagement] INFO  server.RaftServerConfigKeys (ConfUtils.java:logGet(46)) - raft.server.log.async-flush.enabled = false (default)
2024-01-14 17:00:28,454 [f2927880-1f10-4686-b93c-5db3b548581d-groupManagement] INFO  server.RaftServerConfigKeys (ConfUtils.java:logGet(46)) - raft.server.log.statemachine.data.caching.enabled = true (custom)
2024-01-14 17:00:28,454 [f2927880-1f10-4686-b93c-5db3b548581d-groupManagement] INFO  segmented.SegmentedRaftLogWorker (SegmentedRaftLogWorker.java:lambda$new$0(134)) - f2927880-1f10-4686-b93c-5db3b548581d@group-1E314555F5C2-SegmentedRaftLogWorker: flushIndex: setUnconditionally 0 -> -1
2024-01-14 17:00:28,454 [f2927880-1f10-4686-b93c-5db3b548581d-groupManagement] INFO  segmented.SegmentedRaftLogWorker (SegmentedRaftLogWorker.java:lambda$new$0(134)) - f2927880-1f10-4686-b93c-5db3b548581d@group-1E314555F5C2-SegmentedRaftLogWorker: safeCacheEvictIndex: setUnconditionally 0 -> -1
2024-01-14 17:00:28,455 [f2927880-1f10-4686-b93c-5db3b548581d-groupManagement] INFO  server.RaftServer$Division (RaftServerImpl.java:start(396)) - f2927880-1f10-4686-b93c-5db3b548581d@group-1E314555F5C2: start as a follower, conf=-1: peers:[f2927880-1f10-4686-b93c-5db3b548581d|10.1.0.34:15397]|listeners:[], old=null
2024-01-14 17:00:28,455 [f2927880-1f10-4686-b93c-5db3b548581d-groupManagement] INFO  server.RaftServer$Division (RaftServerImpl.java:setRole(383)) - f2927880-1f10-4686-b93c-5db3b548581d@group-1E314555F5C2: changes role from      null to FOLLOWER at term 0 for startAsFollower
2024-01-14 17:00:28,455 [f2927880-1f10-4686-b93c-5db3b548581d-groupManagement] INFO  impl.RoleInfo (RoleInfo.java:updateAndGet(139)) - f2927880-1f10-4686-b93c-5db3b548581d: start f2927880-1f10-4686-b93c-5db3b548581d@group-1E314555F5C2-FollowerState
2024-01-14 17:00:28,455 [f2927880-1f10-4686-b93c-5db3b548581d-groupManagement] INFO  util.JmxRegister (JmxRegister.java:tryRegister(44)) - Successfully registered JMX Bean with object name Ratis:service=RaftServer,group=group-1E314555F5C2,id=f2927880-1f10-4686-b93c-5db3b548581d
2024-01-14 17:00:28,455 [f2927880-1f10-4686-b93c-5db3b548581d@group-1E314555F5C2-FollowerState] INFO  server.RaftServerConfigKeys (ConfUtils.java:logFallback(53)) - raft.server.rpc.first-election.timeout.min = 5s (fallback to raft.server.rpc.timeout.min)
2024-01-14 17:00:28,455 [f2927880-1f10-4686-b93c-5db3b548581d-groupManagement] INFO  server.RaftServerConfigKeys (ConfUtils.java:logGet(46)) - raft.server.snapshot.trigger-when-stop.enabled = true (default)
2024-01-14 17:00:28,455 [f2927880-1f10-4686-b93c-5db3b548581d-groupManagement] INFO  server.RaftServerConfigKeys (ConfUtils.java:logGet(46)) - raft.server.snapshot.auto.trigger.enabled = true (custom)
2024-01-14 17:00:28,455 [f2927880-1f10-4686-b93c-5db3b548581d@group-1E314555F5C2-FollowerState] INFO  server.RaftServerConfigKeys (ConfUtils.java:logFallback(53)) - raft.server.rpc.first-election.timeout.max = 5200ms (fallback to raft.server.rpc.timeout.max)
2024-01-14 17:00:28,455 [f2927880-1f10-4686-b93c-5db3b548581d-groupManagement] INFO  server.RaftServerConfigKeys (ConfUtils.java:logGet(46)) - raft.server.snapshot.auto.trigger.threshold = 10000 (custom)
2024-01-14 17:00:28,455 [f2927880-1f10-4686-b93c-5db3b548581d-groupManagement] INFO  server.RaftServerConfigKeys (ConfUtils.java:logGet(46)) - raft.server.snapshot.retention.file.num = 5 (custom)
2024-01-14 17:00:28,455 [f2927880-1f10-4686-b93c-5db3b548581d-groupManagement] INFO  server.RaftServerConfigKeys (ConfUtils.java:logGet(46)) - raft.server.log.purge.upto.snapshot.index = false (default)
2024-01-14 17:00:28,456 [f2927880-1f10-4686-b93c-5db3b548581d-PipelineCommandHandlerThread-0] INFO  ratis.XceiverServerRatis (XceiverServerRatis.java:addGroup(842)) - Created group PipelineID=427e784b-880b-4bc9-9bed-1e314555f5c2
2024-01-14 17:00:28,456 [f2927880-1f10-4686-b93c-5db3b548581d-PipelineCommandHandlerThread-0] INFO  commandhandler.CreatePipelineCommandHandler (CreatePipelineCommandHandler.java:lambda$handle$2(124)) - Created Pipeline RATIS ONE PipelineID=427e784b-880b-4bc9-9bed-1e314555f5c2.
2024-01-14 17:00:28,456 [f2927880-1f10-4686-b93c-5db3b548581d-PipelineCommandHandlerThread-0] INFO  server.RaftServer (RaftServerProxy.java:addNew(100)) - f2927880-1f10-4686-b93c-5db3b548581d: addNew group-7AE465211717:[f2927880-1f10-4686-b93c-5db3b548581d|10.1.0.34:15397, cccf6745-afeb-413c-bfb5-a8d67b6b623b|10.1.0.34:15406, bc0247fb-4108-4537-bc2d-6aaa51d5d1de|10.1.0.34:15415] returns group-7AE465211717:java.util.concurrent.CompletableFuture@56e7a5f3[Not completed]
2024-01-14 17:00:28,456 [f2927880-1f10-4686-b93c-5db3b548581d-groupManagement] INFO  server.RaftServer$Division (RaftServerImpl.java:<init>(256)) - f2927880-1f10-4686-b93c-5db3b548581d: new RaftServerImpl for group-7AE465211717:[f2927880-1f10-4686-b93c-5db3b548581d|10.1.0.34:15397, cccf6745-afeb-413c-bfb5-a8d67b6b623b|10.1.0.34:15406, bc0247fb-4108-4537-bc2d-6aaa51d5d1de|10.1.0.34:15415] with ContainerStateMachine:uninitialized
2024-01-14 17:00:28,457 [f2927880-1f10-4686-b93c-5db3b548581d-groupManagement] INFO  server.RaftServerConfigKeys (ConfUtils.java:logGet(46)) - raft.server.rpc.timeout.min = 5s (custom)
2024-01-14 17:00:28,457 [f2927880-1f10-4686-b93c-5db3b548581d-groupManagement] INFO  server.RaftServerConfigKeys (ConfUtils.java:logGet(46)) - raft.server.rpc.timeout.max = 5200ms (custom)
2024-01-14 17:00:28,457 [f2927880-1f10-4686-b93c-5db3b548581d-groupManagement] INFO  server.RaftServerConfigKeys (ConfUtils.java:logGet(46)) - raft.server.rpc.sleep.time = 25ms (default)
2024-01-14 17:00:28,457 [f2927880-1f10-4686-b93c-5db3b548581d-groupManagement] INFO  server.RaftServerConfigKeys (ConfUtils.java:logGet(46)) - raft.server.rpc.slowness.timeout = 300000ms (custom)
2024-01-14 17:00:28,457 [f2927880-1f10-4686-b93c-5db3b548581d-groupManagement] INFO  server.RaftServerConfigKeys (ConfUtils.java:logGet(46)) - raft.server.leaderelection.leader.step-down.wait-time = 10s (default)
2024-01-14 17:00:28,457 [f2927880-1f10-4686-b93c-5db3b548581d-groupManagement] INFO  server.RaftServerConfigKeys (ConfUtils.java:logGet(46)) - raft.server.leaderelection.member.majority-add = false (default)
2024-01-14 17:00:28,457 [f2927880-1f10-4686-b93c-5db3b548581d-groupManagement] INFO  server.RaftServerConfigKeys (ConfUtils.java:logGet(46)) - raft.server.sleep.deviation.threshold = 300ms (default)
2024-01-14 17:00:28,457 [f2927880-1f10-4686-b93c-5db3b548581d-groupManagement] INFO  server.RaftServer$Division (ServerState.java:<init>(113)) - f2927880-1f10-4686-b93c-5db3b548581d@group-7AE465211717: ConfigurationManager, init=-1: peers:[f2927880-1f10-4686-b93c-5db3b548581d|10.1.0.34:15397, cccf6745-afeb-413c-bfb5-a8d67b6b623b|10.1.0.34:15406, bc0247fb-4108-4537-bc2d-6aaa51d5d1de|10.1.0.34:15415]|listeners:[], old=null, confs=<EMPTY_MAP>
2024-01-14 17:00:28,457 [f2927880-1f10-4686-b93c-5db3b548581d-groupManagement] INFO  server.RaftServerConfigKeys (ConfUtils.java:logGet(46)) - raft.server.notification.no-leader.timeout = 300000ms (custom)
2024-01-14 17:00:28,457 [f2927880-1f10-4686-b93c-5db3b548581d-groupManagement] INFO  server.RaftServerConfigKeys (ConfUtils.java:logGet(46)) - raft.server.read.timeout = 10s (default)
2024-01-14 17:00:28,457 [f2927880-1f10-4686-b93c-5db3b548581d-groupManagement] INFO  server.RaftServerConfigKeys (ConfUtils.java:logGet(46)) - raft.server.retrycache.expirytime = 600000ms (custom)
2024-01-14 17:00:28,457 [f2927880-1f10-4686-b93c-5db3b548581d-groupManagement] INFO  server.RaftServerConfigKeys (ConfUtils.java:logGet(46)) - raft.server.retrycache.statistics.expirytime = 100ms (default)
2024-01-14 17:00:28,457 [f2927880-1f10-4686-b93c-5db3b548581d-groupManagement] INFO  server.RaftServerConfigKeys (ConfUtils.java:logGet(46)) - raft.server.read.option = DEFAULT (default)
2024-01-14 17:00:28,457 [f2927880-1f10-4686-b93c-5db3b548581d-groupManagement] INFO  server.RaftServerConfigKeys (ConfUtils.java:logGet(46)) - raft.server.read.read-after-write-consistent.write-index-cache.expiry-time = 60s (default)
2024-01-14 17:00:28,459 [f2927880-1f10-4686-b93c-5db3b548581d-groupManagement] INFO  server.RaftServerConfigKeys (ConfUtils.java:logGet(46)) - raft.server.rpc.request.timeout = 3000ms (default)
2024-01-14 17:00:28,459 [f2927880-1f10-4686-b93c-5db3b548581d-groupManagement] INFO  server.RaftServerConfigKeys (ConfUtils.java:logGet(46)) - raft.server.log.appender.install.snapshot.enabled = false (custom)
2024-01-14 17:00:28,459 [f2927880-1f10-4686-b93c-5db3b548581d-groupManagement] INFO  server.RaftServerConfigKeys (ConfUtils.java:logGet(46)) - raft.server.threadpool.server.cached = true (default)
2024-01-14 17:00:28,459 [f2927880-1f10-4686-b93c-5db3b548581d-groupManagement] INFO  server.RaftServerConfigKeys (ConfUtils.java:logGet(46)) - raft.server.threadpool.server.size = 0 (default)
2024-01-14 17:00:28,459 [f2927880-1f10-4686-b93c-5db3b548581d-groupManagement] INFO  server.RaftServerConfigKeys (ConfUtils.java:logGet(46)) - raft.server.threadpool.client.cached = true (default)
2024-01-14 17:00:28,459 [f2927880-1f10-4686-b93c-5db3b548581d-groupManagement] INFO  server.RaftServerConfigKeys (ConfUtils.java:logGet(46)) - raft.server.threadpool.client.size = 0 (default)
2024-01-14 17:00:28,459 [f2927880-1f10-4686-b93c-5db3b548581d-groupManagement] INFO  server.RaftServerConfigKeys (ConfUtils.java:logGet(46)) - raft.server.storage.free-space.min = 0MB (=0) (default)
2024-01-14 17:00:28,459 [f2927880-1f10-4686-b93c-5db3b548581d-groupManagement] INFO  server.RaftServerConfigKeys (ConfUtils.java:logGet(46)) - raft.server.log.corruption.policy = EXCEPTION (default)
2024-01-14 17:00:28,459 [f2927880-1f10-4686-b93c-5db3b548581d-groupManagement] INFO  server.RaftServerConfigKeys (ConfUtils.java:logGet(46)) - raft.server.storage.dir = [/home/runner/work/ozone/ozone/hadoop-ozone/integration-test/target/test-dir/MiniOzoneClusterImpl-55f63948-b302-44a8-9a44-732f3ddcab57/datanode-3/data/ratis] (custom)
2024-01-14 17:00:28,460 [f2927880-1f10-4686-b93c-5db3b548581d-groupManagement] INFO  storage.RaftStorageDirectory (RaftStorageDirectoryImpl.java:analyzeStorage(138)) - The storage directory /home/runner/work/ozone/ozone/hadoop-ozone/integration-test/target/test-dir/MiniOzoneClusterImpl-55f63948-b302-44a8-9a44-732f3ddcab57/datanode-3/data/ratis/51a8a496-3ab8-4fe4-938f-7ae465211717 does not exist. Creating ...
2024-01-14 17:00:28,461 [f2927880-1f10-4686-b93c-5db3b548581d-groupManagement] INFO  storage.RaftStorageDirectory (RaftStorageDirectoryImpl.java:tryLock(228)) - Lock on /home/runner/work/ozone/ozone/hadoop-ozone/integration-test/target/test-dir/MiniOzoneClusterImpl-55f63948-b302-44a8-9a44-732f3ddcab57/datanode-3/data/ratis/51a8a496-3ab8-4fe4-938f-7ae465211717/in_use.lock acquired by nodename 93954@fv-az1248-16
2024-01-14 17:00:28,462 [f2927880-1f10-4686-b93c-5db3b548581d-groupManagement] INFO  storage.RaftStorage (RaftStorageImpl.java:format(99)) - Storage directory /home/runner/work/ozone/ozone/hadoop-ozone/integration-test/target/test-dir/MiniOzoneClusterImpl-55f63948-b302-44a8-9a44-732f3ddcab57/datanode-3/data/ratis/51a8a496-3ab8-4fe4-938f-7ae465211717 has been successfully formatted.
2024-01-14 17:00:28,462 [f2927880-1f10-4686-b93c-5db3b548581d-groupManagement] WARN  util.FileUtils (LogUtils.java:supplyAndLog(63)) - Failed to Files.newInputStream /home/runner/work/ozone/ozone/hadoop-ozone/integration-test/target/test-dir/MiniOzoneClusterImpl-55f63948-b302-44a8-9a44-732f3ddcab57/datanode-3/data/ratis/51a8a496-3ab8-4fe4-938f-7ae465211717/current/raft-meta.conf with options []: java.nio.file.NoSuchFileException: /home/runner/work/ozone/ozone/hadoop-ozone/integration-test/target/test-dir/MiniOzoneClusterImpl-55f63948-b302-44a8-9a44-732f3ddcab57/datanode-3/data/ratis/51a8a496-3ab8-4fe4-938f-7ae465211717/current/raft-meta.conf
2024-01-14 17:00:28,462 [f2927880-1f10-4686-b93c-5db3b548581d-groupManagement] INFO  ratis.ContainerStateMachine (ContainerStateMachine.java:loadSnapshot(287)) - group-7AE465211717: The snapshot info is null. Setting the last applied index to:(t:0, i:~)
2024-01-14 17:00:28,462 [f2927880-1f10-4686-b93c-5db3b548581d-groupManagement] INFO  server.RaftServerConfigKeys (ConfUtils.java:logGet(46)) - raft.server.log.use.memory = false (default)
2024-01-14 17:00:28,462 [f2927880-1f10-4686-b93c-5db3b548581d-groupManagement] INFO  server.RaftServerConfigKeys (ConfUtils.java:logGet(46)) - raft.server.log.purge.gap = 1000000 (custom)
2024-01-14 17:00:28,462 [f2927880-1f10-4686-b93c-5db3b548581d-groupManagement] INFO  server.RaftServerConfigKeys (ConfUtils.java:logGet(46)) - raft.server.log.appender.buffer.byte-limit = 8388608 (custom)
2024-01-14 17:00:28,462 [f2927880-1f10-4686-b93c-5db3b548581d-groupManagement] INFO  server.RaftServerConfigKeys (ConfUtils.java:logGet(46)) - raft.server.log.statemachine.data.read.timeout = 1000ms (default)
2024-01-14 17:00:28,462 [f2927880-1f10-4686-b93c-5db3b548581d-groupManagement] INFO  server.RaftServerConfigKeys (ConfUtils.java:logGet(46)) - raft.server.log.purge.preservation.log.num = 0 (default)
2024-01-14 17:00:28,463 [f2927880-1f10-4686-b93c-5db3b548581d-groupManagement] INFO  server.RaftServerConfigKeys (ConfUtils.java:logGet(46)) - raft.server.log.segment.size.max = 67108864 (custom)
2024-01-14 17:00:28,463 [f2927880-1f10-4686-b93c-5db3b548581d-groupManagement] INFO  server.RaftServerConfigKeys (ConfUtils.java:logGet(46)) - raft.server.log.segment.cache.num.max = 2 (custom)
2024-01-14 17:00:28,463 [f2927880-1f10-4686-b93c-5db3b548581d-groupManagement] INFO  server.RaftServerConfigKeys (ConfUtils.java:logGet(46)) - raft.server.log.segment.cache.size.max = 200MB (=209715200) (default)
2024-01-14 17:00:28,463 [f2927880-1f10-4686-b93c-5db3b548581d-groupManagement] INFO  server.RaftServerConfigKeys (ConfUtils.java:logGet(46)) - raft.server.log.appender.buffer.byte-limit = 8388608 (custom)
2024-01-14 17:00:28,463 [f2927880-1f10-4686-b93c-5db3b548581d-groupManagement] INFO  util.AwaitToRun (AwaitToRun.java:start(81)) - Thread[f2927880-1f10-4686-b93c-5db3b548581d@group-7AE465211717-cacheEviction-AwaitToRun,5,main] started
2024-01-14 17:00:28,464 [f2927880-1f10-4686-b93c-5db3b548581d-groupManagement] INFO  segmented.SegmentedRaftLogWorker (SegmentedRaftLogWorker.java:<init>(182)) - new f2927880-1f10-4686-b93c-5db3b548581d@group-7AE465211717-SegmentedRaftLogWorker for RaftStorageImpl:Storage Directory /home/runner/work/ozone/ozone/hadoop-ozone/integration-test/target/test-dir/MiniOzoneClusterImpl-55f63948-b302-44a8-9a44-732f3ddcab57/datanode-3/data/ratis/51a8a496-3ab8-4fe4-938f-7ae465211717
2024-01-14 17:00:28,464 [f2927880-1f10-4686-b93c-5db3b548581d-groupManagement] INFO  server.RaftServerConfigKeys (ConfUtils.java:logGet(46)) - raft.server.log.queue.byte-limit = 4294967296 (custom)
2024-01-14 17:00:28,464 [f2927880-1f10-4686-b93c-5db3b548581d-groupManagement] INFO  server.RaftServerConfigKeys (ConfUtils.java:logGet(46)) - raft.server.log.queue.element-limit = 1024 (custom)
2024-01-14 17:00:28,464 [f2927880-1f10-4686-b93c-5db3b548581d-groupManagement] INFO  server.RaftServerConfigKeys (ConfUtils.java:logGet(46)) - raft.server.log.segment.size.max = 67108864 (custom)
2024-01-14 17:00:28,464 [f2927880-1f10-4686-b93c-5db3b548581d-groupManagement] INFO  server.RaftServerConfigKeys (ConfUtils.java:logGet(46)) - raft.server.log.preallocated.size = 4194304 (custom)
2024-01-14 17:00:28,464 [f2927880-1f10-4686-b93c-5db3b548581d-groupManagement] INFO  server.RaftServerConfigKeys (ConfUtils.java:logGet(46)) - raft.server.log.force.sync.num = 128 (default)
2024-01-14 17:00:28,464 [f2927880-1f10-4686-b93c-5db3b548581d-groupManagement] INFO  server.RaftServerConfigKeys (ConfUtils.java:logGet(46)) - raft.server.log.statemachine.data.sync = true (default)
2024-01-14 17:00:28,464 [f2927880-1f10-4686-b93c-5db3b548581d-groupManagement] INFO  server.RaftServerConfigKeys (ConfUtils.java:logGet(46)) - raft.server.log.statemachine.data.sync.timeout = 10s (default)
2024-01-14 17:00:28,464 [f2927880-1f10-4686-b93c-5db3b548581d-groupManagement] INFO  server.RaftServerConfigKeys (ConfUtils.java:logGet(46)) - raft.server.log.statemachine.data.sync.timeout.retry = 0 (custom)
2024-01-14 17:00:28,464 [EventQueue-OpenPipelineForHealthyPipelineSafeModeRule] INFO  safemode.SCMSafeModeManager (HealthyPipelineSafeModeRule.java:process(140)) - SCM in safe mode. Healthy pipelines reported count is 0, required healthy pipeline reported count is 1
2024-01-14 17:00:28,464 [f2927880-1f10-4686-b93c-5db3b548581d-groupManagement] INFO  server.RaftServerConfigKeys (ConfUtils.java:logGet(46)) - raft.server.log.write.buffer.size = 8388616 (custom)
2024-01-14 17:00:28,465 [f2927880-1f10-4686-b93c-5db3b548581d-groupManagement] INFO  server.RaftServerConfigKeys (ConfUtils.java:logGet(46)) - raft.server.log.appender.buffer.byte-limit = 8388608 (custom)
2024-01-14 17:00:28,466 [f2927880-1f10-4686-b93c-5db3b548581d-groupManagement] INFO  server.RaftServerConfigKeys (ConfUtils.java:logGet(46)) - raft.server.log.unsafe-flush.enabled = false (default)
2024-01-14 17:00:28,466 [f2927880-1f10-4686-b93c-5db3b548581d-groupManagement] INFO  server.RaftServerConfigKeys (ConfUtils.java:logGet(46)) - raft.server.log.async-flush.enabled = false (default)
2024-01-14 17:00:28,466 [f2927880-1f10-4686-b93c-5db3b548581d-groupManagement] INFO  server.RaftServerConfigKeys (ConfUtils.java:logGet(46)) - raft.server.log.statemachine.data.caching.enabled = true (custom)
2024-01-14 17:00:28,466 [f2927880-1f10-4686-b93c-5db3b548581d-groupManagement] INFO  segmented.SegmentedRaftLogWorker (SegmentedRaftLogWorker.java:lambda$new$0(134)) - f2927880-1f10-4686-b93c-5db3b548581d@group-7AE465211717-SegmentedRaftLogWorker: flushIndex: setUnconditionally 0 -> -1
2024-01-14 17:00:28,466 [f2927880-1f10-4686-b93c-5db3b548581d-groupManagement] INFO  segmented.SegmentedRaftLogWorker (SegmentedRaftLogWorker.java:lambda$new$0(134)) - f2927880-1f10-4686-b93c-5db3b548581d@group-7AE465211717-SegmentedRaftLogWorker: safeCacheEvictIndex: setUnconditionally 0 -> -1
2024-01-14 17:00:28,466 [f2927880-1f10-4686-b93c-5db3b548581d-groupManagement] INFO  server.RaftServer$Division (RaftServerImpl.java:start(396)) - f2927880-1f10-4686-b93c-5db3b548581d@group-7AE465211717: start as a follower, conf=-1: peers:[f2927880-1f10-4686-b93c-5db3b548581d|10.1.0.34:15397, cccf6745-afeb-413c-bfb5-a8d67b6b623b|10.1.0.34:15406, bc0247fb-4108-4537-bc2d-6aaa51d5d1de|10.1.0.34:15415]|listeners:[], old=null
2024-01-14 17:00:28,466 [f2927880-1f10-4686-b93c-5db3b548581d-groupManagement] INFO  server.RaftServer$Division (RaftServerImpl.java:setRole(383)) - f2927880-1f10-4686-b93c-5db3b548581d@group-7AE465211717: changes role from      null to FOLLOWER at term 0 for startAsFollower
2024-01-14 17:00:28,466 [f2927880-1f10-4686-b93c-5db3b548581d-groupManagement] INFO  impl.RoleInfo (RoleInfo.java:updateAndGet(139)) - f2927880-1f10-4686-b93c-5db3b548581d: start f2927880-1f10-4686-b93c-5db3b548581d@group-7AE465211717-FollowerState
2024-01-14 17:00:28,466 [f2927880-1f10-4686-b93c-5db3b548581d@group-7AE465211717-FollowerState] INFO  server.RaftServerConfigKeys (ConfUtils.java:logFallback(53)) - raft.server.rpc.first-election.timeout.min = 5s (fallback to raft.server.rpc.timeout.min)
2024-01-14 17:00:28,466 [f2927880-1f10-4686-b93c-5db3b548581d-groupManagement] INFO  util.JmxRegister (JmxRegister.java:tryRegister(44)) - Successfully registered JMX Bean with object name Ratis:service=RaftServer,group=group-7AE465211717,id=f2927880-1f10-4686-b93c-5db3b548581d
2024-01-14 17:00:28,466 [f2927880-1f10-4686-b93c-5db3b548581d@group-7AE465211717-FollowerState] INFO  server.RaftServerConfigKeys (ConfUtils.java:logFallback(53)) - raft.server.rpc.first-election.timeout.max = 5200ms (fallback to raft.server.rpc.timeout.max)
2024-01-14 17:00:28,466 [f2927880-1f10-4686-b93c-5db3b548581d-groupManagement] INFO  server.RaftServerConfigKeys (ConfUtils.java:logGet(46)) - raft.server.snapshot.trigger-when-stop.enabled = true (default)
2024-01-14 17:00:28,467 [f2927880-1f10-4686-b93c-5db3b548581d-groupManagement] INFO  server.RaftServerConfigKeys (ConfUtils.java:logGet(46)) - raft.server.snapshot.auto.trigger.enabled = true (custom)
2024-01-14 17:00:28,467 [f2927880-1f10-4686-b93c-5db3b548581d-groupManagement] INFO  server.RaftServerConfigKeys (ConfUtils.java:logGet(46)) - raft.server.snapshot.auto.trigger.threshold = 10000 (custom)
2024-01-14 17:00:28,467 [f2927880-1f10-4686-b93c-5db3b548581d-groupManagement] INFO  server.RaftServerConfigKeys (ConfUtils.java:logGet(46)) - raft.server.snapshot.retention.file.num = 5 (custom)
2024-01-14 17:00:28,467 [f2927880-1f10-4686-b93c-5db3b548581d-groupManagement] INFO  server.RaftServerConfigKeys (ConfUtils.java:logGet(46)) - raft.server.log.purge.upto.snapshot.index = false (default)
2024-01-14 17:00:28,467 [f2927880-1f10-4686-b93c-5db3b548581d-PipelineCommandHandlerThread-0] INFO  ratis.XceiverServerRatis (XceiverServerRatis.java:addGroup(842)) - Created group PipelineID=51a8a496-3ab8-4fe4-938f-7ae465211717
2024-01-14 17:00:28,473 [grpc-default-executor-3] INFO  server.RaftServer (RaftServerProxy.java:addNew(100)) - cccf6745-afeb-413c-bfb5-a8d67b6b623b: addNew group-7AE465211717:[f2927880-1f10-4686-b93c-5db3b548581d|10.1.0.34:15397, cccf6745-afeb-413c-bfb5-a8d67b6b623b|10.1.0.34:15406, bc0247fb-4108-4537-bc2d-6aaa51d5d1de|10.1.0.34:15415] returns group-7AE465211717:java.util.concurrent.CompletableFuture@666d6030[Not completed]
2024-01-14 17:00:28,474 [cccf6745-afeb-413c-bfb5-a8d67b6b623b-groupManagement] INFO  server.RaftServer$Division (RaftServerImpl.java:<init>(256)) - cccf6745-afeb-413c-bfb5-a8d67b6b623b: new RaftServerImpl for group-7AE465211717:[f2927880-1f10-4686-b93c-5db3b548581d|10.1.0.34:15397, cccf6745-afeb-413c-bfb5-a8d67b6b623b|10.1.0.34:15406, bc0247fb-4108-4537-bc2d-6aaa51d5d1de|10.1.0.34:15415] with ContainerStateMachine:uninitialized
2024-01-14 17:00:28,474 [cccf6745-afeb-413c-bfb5-a8d67b6b623b-groupManagement] INFO  server.RaftServerConfigKeys (ConfUtils.java:logGet(46)) - raft.server.rpc.timeout.min = 5s (custom)
2024-01-14 17:00:28,474 [cccf6745-afeb-413c-bfb5-a8d67b6b623b-groupManagement] INFO  server.RaftServerConfigKeys (ConfUtils.java:logGet(46)) - raft.server.rpc.timeout.max = 5200ms (custom)
2024-01-14 17:00:28,474 [cccf6745-afeb-413c-bfb5-a8d67b6b623b-groupManagement] INFO  server.RaftServerConfigKeys (ConfUtils.java:logGet(46)) - raft.server.rpc.sleep.time = 25ms (default)
2024-01-14 17:00:28,474 [cccf6745-afeb-413c-bfb5-a8d67b6b623b-groupManagement] INFO  server.RaftServerConfigKeys (ConfUtils.java:logGet(46)) - raft.server.rpc.slowness.timeout = 300000ms (custom)
2024-01-14 17:00:28,474 [cccf6745-afeb-413c-bfb5-a8d67b6b623b-groupManagement] INFO  server.RaftServerConfigKeys (ConfUtils.java:logGet(46)) - raft.server.leaderelection.leader.step-down.wait-time = 10s (default)
2024-01-14 17:00:28,474 [cccf6745-afeb-413c-bfb5-a8d67b6b623b-groupManagement] INFO  server.RaftServerConfigKeys (ConfUtils.java:logGet(46)) - raft.server.leaderelection.member.majority-add = false (default)
2024-01-14 17:00:28,474 [cccf6745-afeb-413c-bfb5-a8d67b6b623b-groupManagement] INFO  server.RaftServerConfigKeys (ConfUtils.java:logGet(46)) - raft.server.sleep.deviation.threshold = 300ms (default)
2024-01-14 17:00:28,474 [cccf6745-afeb-413c-bfb5-a8d67b6b623b-groupManagement] INFO  server.RaftServer$Division (ServerState.java:<init>(113)) - cccf6745-afeb-413c-bfb5-a8d67b6b623b@group-7AE465211717: ConfigurationManager, init=-1: peers:[f2927880-1f10-4686-b93c-5db3b548581d|10.1.0.34:15397, cccf6745-afeb-413c-bfb5-a8d67b6b623b|10.1.0.34:15406, bc0247fb-4108-4537-bc2d-6aaa51d5d1de|10.1.0.34:15415]|listeners:[], old=null, confs=<EMPTY_MAP>
2024-01-14 17:00:28,474 [cccf6745-afeb-413c-bfb5-a8d67b6b623b-groupManagement] INFO  server.RaftServerConfigKeys (ConfUtils.java:logGet(46)) - raft.server.notification.no-leader.timeout = 300000ms (custom)
2024-01-14 17:00:28,474 [cccf6745-afeb-413c-bfb5-a8d67b6b623b-groupManagement] INFO  server.RaftServerConfigKeys (ConfUtils.java:logGet(46)) - raft.server.read.timeout = 10s (default)
2024-01-14 17:00:28,474 [cccf6745-afeb-413c-bfb5-a8d67b6b623b-groupManagement] INFO  server.RaftServerConfigKeys (ConfUtils.java:logGet(46)) - raft.server.retrycache.expirytime = 600000ms (custom)
2024-01-14 17:00:28,474 [cccf6745-afeb-413c-bfb5-a8d67b6b623b-groupManagement] INFO  server.RaftServerConfigKeys (ConfUtils.java:logGet(46)) - raft.server.retrycache.statistics.expirytime = 100ms (default)
2024-01-14 17:00:28,474 [cccf6745-afeb-413c-bfb5-a8d67b6b623b-groupManagement] INFO  server.RaftServerConfigKeys (ConfUtils.java:logGet(46)) - raft.server.read.option = DEFAULT (default)
2024-01-14 17:00:28,474 [cccf6745-afeb-413c-bfb5-a8d67b6b623b-groupManagement] INFO  server.RaftServerConfigKeys (ConfUtils.java:logGet(46)) - raft.server.read.read-after-write-consistent.write-index-cache.expiry-time = 60s (default)
2024-01-14 17:00:28,476 [cccf6745-afeb-413c-bfb5-a8d67b6b623b-groupManagement] INFO  server.RaftServerConfigKeys (ConfUtils.java:logGet(46)) - raft.server.rpc.request.timeout = 3000ms (default)
2024-01-14 17:00:28,476 [cccf6745-afeb-413c-bfb5-a8d67b6b623b-groupManagement] INFO  server.RaftServerConfigKeys (ConfUtils.java:logGet(46)) - raft.server.log.appender.install.snapshot.enabled = false (custom)
2024-01-14 17:00:28,476 [cccf6745-afeb-413c-bfb5-a8d67b6b623b-groupManagement] INFO  server.RaftServerConfigKeys (ConfUtils.java:logGet(46)) - raft.server.threadpool.server.cached = true (default)
2024-01-14 17:00:28,476 [cccf6745-afeb-413c-bfb5-a8d67b6b623b-groupManagement] INFO  server.RaftServerConfigKeys (ConfUtils.java:logGet(46)) - raft.server.threadpool.server.size = 0 (default)
2024-01-14 17:00:28,476 [cccf6745-afeb-413c-bfb5-a8d67b6b623b-groupManagement] INFO  server.RaftServerConfigKeys (ConfUtils.java:logGet(46)) - raft.server.threadpool.client.cached = true (default)
2024-01-14 17:00:28,476 [cccf6745-afeb-413c-bfb5-a8d67b6b623b-groupManagement] INFO  server.RaftServerConfigKeys (ConfUtils.java:logGet(46)) - raft.server.threadpool.client.size = 0 (default)
2024-01-14 17:00:28,476 [cccf6745-afeb-413c-bfb5-a8d67b6b623b-groupManagement] INFO  server.RaftServerConfigKeys (ConfUtils.java:logGet(46)) - raft.server.storage.free-space.min = 0MB (=0) (default)
2024-01-14 17:00:28,476 [cccf6745-afeb-413c-bfb5-a8d67b6b623b-groupManagement] INFO  server.RaftServerConfigKeys (ConfUtils.java:logGet(46)) - raft.server.log.corruption.policy = EXCEPTION (default)
2024-01-14 17:00:28,476 [cccf6745-afeb-413c-bfb5-a8d67b6b623b-groupManagement] INFO  server.RaftServerConfigKeys (ConfUtils.java:logGet(46)) - raft.server.storage.dir = [/home/runner/work/ozone/ozone/hadoop-ozone/integration-test/target/test-dir/MiniOzoneClusterImpl-55f63948-b302-44a8-9a44-732f3ddcab57/datanode-4/data/ratis] (custom)
2024-01-14 17:00:28,476 [cccf6745-afeb-413c-bfb5-a8d67b6b623b-groupManagement] INFO  storage.RaftStorageDirectory (RaftStorageDirectoryImpl.java:analyzeStorage(138)) - The storage directory /home/runner/work/ozone/ozone/hadoop-ozone/integration-test/target/test-dir/MiniOzoneClusterImpl-55f63948-b302-44a8-9a44-732f3ddcab57/datanode-4/data/ratis/51a8a496-3ab8-4fe4-938f-7ae465211717 does not exist. Creating ...
2024-01-14 17:00:28,477 [cccf6745-afeb-413c-bfb5-a8d67b6b623b-groupManagement] INFO  storage.RaftStorageDirectory (RaftStorageDirectoryImpl.java:tryLock(228)) - Lock on /home/runner/work/ozone/ozone/hadoop-ozone/integration-test/target/test-dir/MiniOzoneClusterImpl-55f63948-b302-44a8-9a44-732f3ddcab57/datanode-4/data/ratis/51a8a496-3ab8-4fe4-938f-7ae465211717/in_use.lock acquired by nodename 93954@fv-az1248-16
2024-01-14 17:00:28,478 [cccf6745-afeb-413c-bfb5-a8d67b6b623b-groupManagement] INFO  storage.RaftStorage (RaftStorageImpl.java:format(99)) - Storage directory /home/runner/work/ozone/ozone/hadoop-ozone/integration-test/target/test-dir/MiniOzoneClusterImpl-55f63948-b302-44a8-9a44-732f3ddcab57/datanode-4/data/ratis/51a8a496-3ab8-4fe4-938f-7ae465211717 has been successfully formatted.
2024-01-14 17:00:28,478 [cccf6745-afeb-413c-bfb5-a8d67b6b623b-groupManagement] WARN  util.FileUtils (LogUtils.java:supplyAndLog(63)) - Failed to Files.newInputStream /home/runner/work/ozone/ozone/hadoop-ozone/integration-test/target/test-dir/MiniOzoneClusterImpl-55f63948-b302-44a8-9a44-732f3ddcab57/datanode-4/data/ratis/51a8a496-3ab8-4fe4-938f-7ae465211717/current/raft-meta.conf with options []: java.nio.file.NoSuchFileException: /home/runner/work/ozone/ozone/hadoop-ozone/integration-test/target/test-dir/MiniOzoneClusterImpl-55f63948-b302-44a8-9a44-732f3ddcab57/datanode-4/data/ratis/51a8a496-3ab8-4fe4-938f-7ae465211717/current/raft-meta.conf
2024-01-14 17:00:28,479 [cccf6745-afeb-413c-bfb5-a8d67b6b623b-groupManagement] INFO  ratis.ContainerStateMachine (ContainerStateMachine.java:loadSnapshot(287)) - group-7AE465211717: The snapshot info is null. Setting the last applied index to:(t:0, i:~)
2024-01-14 17:00:28,479 [cccf6745-afeb-413c-bfb5-a8d67b6b623b-groupManagement] INFO  server.RaftServerConfigKeys (ConfUtils.java:logGet(46)) - raft.server.log.use.memory = false (default)
2024-01-14 17:00:28,479 [cccf6745-afeb-413c-bfb5-a8d67b6b623b-groupManagement] INFO  server.RaftServerConfigKeys (ConfUtils.java:logGet(46)) - raft.server.log.purge.gap = 1000000 (custom)
2024-01-14 17:00:28,479 [cccf6745-afeb-413c-bfb5-a8d67b6b623b-groupManagement] INFO  server.RaftServerConfigKeys (ConfUtils.java:logGet(46)) - raft.server.log.appender.buffer.byte-limit = 8388608 (custom)
2024-01-14 17:00:28,479 [cccf6745-afeb-413c-bfb5-a8d67b6b623b-groupManagement] INFO  server.RaftServerConfigKeys (ConfUtils.java:logGet(46)) - raft.server.log.statemachine.data.read.timeout = 1000ms (default)
2024-01-14 17:00:28,480 [cccf6745-afeb-413c-bfb5-a8d67b6b623b-groupManagement] INFO  server.RaftServerConfigKeys (ConfUtils.java:logGet(46)) - raft.server.log.purge.preservation.log.num = 0 (default)
2024-01-14 17:00:28,481 [cccf6745-afeb-413c-bfb5-a8d67b6b623b-groupManagement] INFO  server.RaftServerConfigKeys (ConfUtils.java:logGet(46)) - raft.server.log.segment.size.max = 67108864 (custom)
2024-01-14 17:00:28,481 [cccf6745-afeb-413c-bfb5-a8d67b6b623b-groupManagement] INFO  server.RaftServerConfigKeys (ConfUtils.java:logGet(46)) - raft.server.log.segment.cache.num.max = 2 (custom)
2024-01-14 17:00:28,481 [cccf6745-afeb-413c-bfb5-a8d67b6b623b-groupManagement] INFO  server.RaftServerConfigKeys (ConfUtils.java:logGet(46)) - raft.server.log.segment.cache.size.max = 200MB (=209715200) (default)
2024-01-14 17:00:28,481 [cccf6745-afeb-413c-bfb5-a8d67b6b623b-groupManagement] INFO  server.RaftServerConfigKeys (ConfUtils.java:logGet(46)) - raft.server.log.appender.buffer.byte-limit = 8388608 (custom)
2024-01-14 17:00:28,482 [cccf6745-afeb-413c-bfb5-a8d67b6b623b-groupManagement] INFO  util.AwaitToRun (AwaitToRun.java:start(81)) - Thread[cccf6745-afeb-413c-bfb5-a8d67b6b623b@group-7AE465211717-cacheEviction-AwaitToRun,5,main] started
2024-01-14 17:00:28,482 [cccf6745-afeb-413c-bfb5-a8d67b6b623b-groupManagement] INFO  segmented.SegmentedRaftLogWorker (SegmentedRaftLogWorker.java:<init>(182)) - new cccf6745-afeb-413c-bfb5-a8d67b6b623b@group-7AE465211717-SegmentedRaftLogWorker for RaftStorageImpl:Storage Directory /home/runner/work/ozone/ozone/hadoop-ozone/integration-test/target/test-dir/MiniOzoneClusterImpl-55f63948-b302-44a8-9a44-732f3ddcab57/datanode-4/data/ratis/51a8a496-3ab8-4fe4-938f-7ae465211717
2024-01-14 17:00:28,482 [cccf6745-afeb-413c-bfb5-a8d67b6b623b-groupManagement] INFO  server.RaftServerConfigKeys (ConfUtils.java:logGet(46)) - raft.server.log.queue.byte-limit = 4294967296 (custom)
2024-01-14 17:00:28,482 [cccf6745-afeb-413c-bfb5-a8d67b6b623b-groupManagement] INFO  server.RaftServerConfigKeys (ConfUtils.java:logGet(46)) - raft.server.log.queue.element-limit = 1024 (custom)
2024-01-14 17:00:28,482 [cccf6745-afeb-413c-bfb5-a8d67b6b623b-groupManagement] INFO  server.RaftServerConfigKeys (ConfUtils.java:logGet(46)) - raft.server.log.segment.size.max = 67108864 (custom)
2024-01-14 17:00:28,482 [cccf6745-afeb-413c-bfb5-a8d67b6b623b-groupManagement] INFO  server.RaftServerConfigKeys (ConfUtils.java:logGet(46)) - raft.server.log.preallocated.size = 4194304 (custom)
2024-01-14 17:00:28,482 [cccf6745-afeb-413c-bfb5-a8d67b6b623b-groupManagement] INFO  server.RaftServerConfigKeys (ConfUtils.java:logGet(46)) - raft.server.log.force.sync.num = 128 (default)
2024-01-14 17:00:28,482 [cccf6745-afeb-413c-bfb5-a8d67b6b623b-groupManagement] INFO  server.RaftServerConfigKeys (ConfUtils.java:logGet(46)) - raft.server.log.statemachine.data.sync = true (default)
2024-01-14 17:00:28,482 [cccf6745-afeb-413c-bfb5-a8d67b6b623b-groupManagement] INFO  server.RaftServerConfigKeys (ConfUtils.java:logGet(46)) - raft.server.log.statemachine.data.sync.timeout = 10s (default)
2024-01-14 17:00:28,482 [cccf6745-afeb-413c-bfb5-a8d67b6b623b-groupManagement] INFO  server.RaftServerConfigKeys (ConfUtils.java:logGet(46)) - raft.server.log.statemachine.data.sync.timeout.retry = 0 (custom)
2024-01-14 17:00:28,482 [cccf6745-afeb-413c-bfb5-a8d67b6b623b-groupManagement] INFO  server.RaftServerConfigKeys (ConfUtils.java:logGet(46)) - raft.server.log.write.buffer.size = 8388616 (custom)
2024-01-14 17:00:28,484 [cccf6745-afeb-413c-bfb5-a8d67b6b623b-groupManagement] INFO  server.RaftServerConfigKeys (ConfUtils.java:logGet(46)) - raft.server.log.appender.buffer.byte-limit = 8388608 (custom)
2024-01-14 17:00:28,484 [cccf6745-afeb-413c-bfb5-a8d67b6b623b-groupManagement] INFO  server.RaftServerConfigKeys (ConfUtils.java:logGet(46)) - raft.server.log.unsafe-flush.enabled = false (default)
2024-01-14 17:00:28,484 [cccf6745-afeb-413c-bfb5-a8d67b6b623b-groupManagement] INFO  server.RaftServerConfigKeys (ConfUtils.java:logGet(46)) - raft.server.log.async-flush.enabled = false (default)
2024-01-14 17:00:28,484 [cccf6745-afeb-413c-bfb5-a8d67b6b623b-groupManagement] INFO  server.RaftServerConfigKeys (ConfUtils.java:logGet(46)) - raft.server.log.statemachine.data.caching.enabled = true (custom)
2024-01-14 17:00:28,484 [cccf6745-afeb-413c-bfb5-a8d67b6b623b-groupManagement] INFO  segmented.SegmentedRaftLogWorker (SegmentedRaftLogWorker.java:lambda$new$0(134)) - cccf6745-afeb-413c-bfb5-a8d67b6b623b@group-7AE465211717-SegmentedRaftLogWorker: flushIndex: setUnconditionally 0 -> -1
2024-01-14 17:00:28,484 [cccf6745-afeb-413c-bfb5-a8d67b6b623b-groupManagement] INFO  segmented.SegmentedRaftLogWorker (SegmentedRaftLogWorker.java:lambda$new$0(134)) - cccf6745-afeb-413c-bfb5-a8d67b6b623b@group-7AE465211717-SegmentedRaftLogWorker: safeCacheEvictIndex: setUnconditionally 0 -> -1
2024-01-14 17:00:28,484 [cccf6745-afeb-413c-bfb5-a8d67b6b623b-groupManagement] INFO  server.RaftServer$Division (RaftServerImpl.java:start(396)) - cccf6745-afeb-413c-bfb5-a8d67b6b623b@group-7AE465211717: start as a follower, conf=-1: peers:[f2927880-1f10-4686-b93c-5db3b548581d|10.1.0.34:15397, cccf6745-afeb-413c-bfb5-a8d67b6b623b|10.1.0.34:15406, bc0247fb-4108-4537-bc2d-6aaa51d5d1de|10.1.0.34:15415]|listeners:[], old=null
2024-01-14 17:00:28,484 [cccf6745-afeb-413c-bfb5-a8d67b6b623b-groupManagement] INFO  server.RaftServer$Division (RaftServerImpl.java:setRole(383)) - cccf6745-afeb-413c-bfb5-a8d67b6b623b@group-7AE465211717: changes role from      null to FOLLOWER at term 0 for startAsFollower
2024-01-14 17:00:28,484 [cccf6745-afeb-413c-bfb5-a8d67b6b623b-groupManagement] INFO  impl.RoleInfo (RoleInfo.java:updateAndGet(139)) - cccf6745-afeb-413c-bfb5-a8d67b6b623b: start cccf6745-afeb-413c-bfb5-a8d67b6b623b@group-7AE465211717-FollowerState
2024-01-14 17:00:28,485 [cccf6745-afeb-413c-bfb5-a8d67b6b623b@group-7AE465211717-FollowerState] INFO  server.RaftServerConfigKeys (ConfUtils.java:logFallback(53)) - raft.server.rpc.first-election.timeout.min = 5s (fallback to raft.server.rpc.timeout.min)
2024-01-14 17:00:28,485 [cccf6745-afeb-413c-bfb5-a8d67b6b623b-groupManagement] INFO  util.JmxRegister (JmxRegister.java:tryRegister(44)) - Successfully registered JMX Bean with object name Ratis:service=RaftServer,group=group-7AE465211717,id=cccf6745-afeb-413c-bfb5-a8d67b6b623b
2024-01-14 17:00:28,485 [cccf6745-afeb-413c-bfb5-a8d67b6b623b-groupManagement] INFO  server.RaftServerConfigKeys (ConfUtils.java:logGet(46)) - raft.server.snapshot.trigger-when-stop.enabled = true (default)
2024-01-14 17:00:28,485 [cccf6745-afeb-413c-bfb5-a8d67b6b623b-groupManagement] INFO  server.RaftServerConfigKeys (ConfUtils.java:logGet(46)) - raft.server.snapshot.auto.trigger.enabled = true (custom)
2024-01-14 17:00:28,485 [cccf6745-afeb-413c-bfb5-a8d67b6b623b-groupManagement] INFO  server.RaftServerConfigKeys (ConfUtils.java:logGet(46)) - raft.server.snapshot.auto.trigger.threshold = 10000 (custom)
2024-01-14 17:00:28,485 [cccf6745-afeb-413c-bfb5-a8d67b6b623b-groupManagement] INFO  server.RaftServerConfigKeys (ConfUtils.java:logGet(46)) - raft.server.snapshot.retention.file.num = 5 (custom)
2024-01-14 17:00:28,485 [cccf6745-afeb-413c-bfb5-a8d67b6b623b-groupManagement] INFO  server.RaftServerConfigKeys (ConfUtils.java:logGet(46)) - raft.server.log.purge.upto.snapshot.index = false (default)
2024-01-14 17:00:28,485 [cccf6745-afeb-413c-bfb5-a8d67b6b623b@group-7AE465211717-FollowerState] INFO  server.RaftServerConfigKeys (ConfUtils.java:logFallback(53)) - raft.server.rpc.first-election.timeout.max = 5200ms (fallback to raft.server.rpc.timeout.max)
2024-01-14 17:00:28,494 [grpc-default-executor-3] INFO  server.RaftServer (RaftServerProxy.java:addNew(100)) - bc0247fb-4108-4537-bc2d-6aaa51d5d1de: addNew group-7AE465211717:[f2927880-1f10-4686-b93c-5db3b548581d|10.1.0.34:15397, cccf6745-afeb-413c-bfb5-a8d67b6b623b|10.1.0.34:15406, bc0247fb-4108-4537-bc2d-6aaa51d5d1de|10.1.0.34:15415] returns group-7AE465211717:java.util.concurrent.CompletableFuture@df4dc7f[Not completed]
2024-01-14 17:00:28,494 [bc0247fb-4108-4537-bc2d-6aaa51d5d1de-groupManagement] INFO  server.RaftServer$Division (RaftServerImpl.java:<init>(256)) - bc0247fb-4108-4537-bc2d-6aaa51d5d1de: new RaftServerImpl for group-7AE465211717:[f2927880-1f10-4686-b93c-5db3b548581d|10.1.0.34:15397, cccf6745-afeb-413c-bfb5-a8d67b6b623b|10.1.0.34:15406, bc0247fb-4108-4537-bc2d-6aaa51d5d1de|10.1.0.34:15415] with ContainerStateMachine:uninitialized
2024-01-14 17:00:28,494 [bc0247fb-4108-4537-bc2d-6aaa51d5d1de-groupManagement] INFO  server.RaftServerConfigKeys (ConfUtils.java:logGet(46)) - raft.server.rpc.timeout.min = 5s (custom)
2024-01-14 17:00:28,494 [bc0247fb-4108-4537-bc2d-6aaa51d5d1de-groupManagement] INFO  server.RaftServerConfigKeys (ConfUtils.java:logGet(46)) - raft.server.rpc.timeout.max = 5200ms (custom)
2024-01-14 17:00:28,494 [bc0247fb-4108-4537-bc2d-6aaa51d5d1de-groupManagement] INFO  server.RaftServerConfigKeys (ConfUtils.java:logGet(46)) - raft.server.rpc.sleep.time = 25ms (default)
2024-01-14 17:00:28,494 [bc0247fb-4108-4537-bc2d-6aaa51d5d1de-groupManagement] INFO  server.RaftServerConfigKeys (ConfUtils.java:logGet(46)) - raft.server.rpc.slowness.timeout = 300000ms (custom)
2024-01-14 17:00:28,494 [bc0247fb-4108-4537-bc2d-6aaa51d5d1de-groupManagement] INFO  server.RaftServerConfigKeys (ConfUtils.java:logGet(46)) - raft.server.leaderelection.leader.step-down.wait-time = 10s (default)
2024-01-14 17:00:28,494 [bc0247fb-4108-4537-bc2d-6aaa51d5d1de-groupManagement] INFO  server.RaftServerConfigKeys (ConfUtils.java:logGet(46)) - raft.server.leaderelection.member.majority-add = false (default)
2024-01-14 17:00:28,494 [bc0247fb-4108-4537-bc2d-6aaa51d5d1de-groupManagement] INFO  server.RaftServerConfigKeys (ConfUtils.java:logGet(46)) - raft.server.sleep.deviation.threshold = 300ms (default)
2024-01-14 17:00:28,495 [bc0247fb-4108-4537-bc2d-6aaa51d5d1de-groupManagement] INFO  server.RaftServer$Division (ServerState.java:<init>(113)) - bc0247fb-4108-4537-bc2d-6aaa51d5d1de@group-7AE465211717: ConfigurationManager, init=-1: peers:[f2927880-1f10-4686-b93c-5db3b548581d|10.1.0.34:15397, cccf6745-afeb-413c-bfb5-a8d67b6b623b|10.1.0.34:15406, bc0247fb-4108-4537-bc2d-6aaa51d5d1de|10.1.0.34:15415]|listeners:[], old=null, confs=<EMPTY_MAP>
2024-01-14 17:00:28,495 [bc0247fb-4108-4537-bc2d-6aaa51d5d1de-groupManagement] INFO  server.RaftServerConfigKeys (ConfUtils.java:logGet(46)) - raft.server.notification.no-leader.timeout = 300000ms (custom)
2024-01-14 17:00:28,495 [bc0247fb-4108-4537-bc2d-6aaa51d5d1de-groupManagement] INFO  server.RaftServerConfigKeys (ConfUtils.java:logGet(46)) - raft.server.read.timeout = 10s (default)
2024-01-14 17:00:28,495 [bc0247fb-4108-4537-bc2d-6aaa51d5d1de-groupManagement] INFO  server.RaftServerConfigKeys (ConfUtils.java:logGet(46)) - raft.server.retrycache.expirytime = 600000ms (custom)
2024-01-14 17:00:28,495 [bc0247fb-4108-4537-bc2d-6aaa51d5d1de-groupManagement] INFO  server.RaftServerConfigKeys (ConfUtils.java:logGet(46)) - raft.server.retrycache.statistics.expirytime = 100ms (default)
2024-01-14 17:00:28,495 [bc0247fb-4108-4537-bc2d-6aaa51d5d1de-groupManagement] INFO  server.RaftServerConfigKeys (ConfUtils.java:logGet(46)) - raft.server.read.option = DEFAULT (default)
2024-01-14 17:00:28,495 [bc0247fb-4108-4537-bc2d-6aaa51d5d1de-groupManagement] INFO  server.RaftServerConfigKeys (ConfUtils.java:logGet(46)) - raft.server.read.read-after-write-consistent.write-index-cache.expiry-time = 60s (default)
2024-01-14 17:00:28,496 [bc0247fb-4108-4537-bc2d-6aaa51d5d1de-groupManagement] INFO  server.RaftServerConfigKeys (ConfUtils.java:logGet(46)) - raft.server.rpc.request.timeout = 3000ms (default)
2024-01-14 17:00:28,496 [bc0247fb-4108-4537-bc2d-6aaa51d5d1de-groupManagement] INFO  server.RaftServerConfigKeys (ConfUtils.java:logGet(46)) - raft.server.log.appender.install.snapshot.enabled = false (custom)
2024-01-14 17:00:28,496 [bc0247fb-4108-4537-bc2d-6aaa51d5d1de-groupManagement] INFO  server.RaftServerConfigKeys (ConfUtils.java:logGet(46)) - raft.server.threadpool.server.cached = true (default)
2024-01-14 17:00:28,496 [bc0247fb-4108-4537-bc2d-6aaa51d5d1de-groupManagement] INFO  server.RaftServerConfigKeys (ConfUtils.java:logGet(46)) - raft.server.threadpool.server.size = 0 (default)
2024-01-14 17:00:28,496 [bc0247fb-4108-4537-bc2d-6aaa51d5d1de-groupManagement] INFO  server.RaftServerConfigKeys (ConfUtils.java:logGet(46)) - raft.server.threadpool.client.cached = true (default)
2024-01-14 17:00:28,496 [bc0247fb-4108-4537-bc2d-6aaa51d5d1de-groupManagement] INFO  server.RaftServerConfigKeys (ConfUtils.java:logGet(46)) - raft.server.threadpool.client.size = 0 (default)
2024-01-14 17:00:28,496 [bc0247fb-4108-4537-bc2d-6aaa51d5d1de-groupManagement] INFO  server.RaftServerConfigKeys (ConfUtils.java:logGet(46)) - raft.server.storage.free-space.min = 0MB (=0) (default)
2024-01-14 17:00:28,496 [bc0247fb-4108-4537-bc2d-6aaa51d5d1de-groupManagement] INFO  server.RaftServerConfigKeys (ConfUtils.java:logGet(46)) - raft.server.log.corruption.policy = EXCEPTION (default)
2024-01-14 17:00:28,496 [bc0247fb-4108-4537-bc2d-6aaa51d5d1de-groupManagement] INFO  server.RaftServerConfigKeys (ConfUtils.java:logGet(46)) - raft.server.storage.dir = [/home/runner/work/ozone/ozone/hadoop-ozone/integration-test/target/test-dir/MiniOzoneClusterImpl-55f63948-b302-44a8-9a44-732f3ddcab57/datanode-5/data/ratis] (custom)
2024-01-14 17:00:28,497 [bc0247fb-4108-4537-bc2d-6aaa51d5d1de-groupManagement] INFO  storage.RaftStorageDirectory (RaftStorageDirectoryImpl.java:analyzeStorage(138)) - The storage directory /home/runner/work/ozone/ozone/hadoop-ozone/integration-test/target/test-dir/MiniOzoneClusterImpl-55f63948-b302-44a8-9a44-732f3ddcab57/datanode-5/data/ratis/51a8a496-3ab8-4fe4-938f-7ae465211717 does not exist. Creating ...
2024-01-14 17:00:28,497 [bc0247fb-4108-4537-bc2d-6aaa51d5d1de-groupManagement] INFO  storage.RaftStorageDirectory (RaftStorageDirectoryImpl.java:tryLock(228)) - Lock on /home/runner/work/ozone/ozone/hadoop-ozone/integration-test/target/test-dir/MiniOzoneClusterImpl-55f63948-b302-44a8-9a44-732f3ddcab57/datanode-5/data/ratis/51a8a496-3ab8-4fe4-938f-7ae465211717/in_use.lock acquired by nodename 93954@fv-az1248-16
2024-01-14 17:00:28,498 [bc0247fb-4108-4537-bc2d-6aaa51d5d1de-groupManagement] INFO  storage.RaftStorage (RaftStorageImpl.java:format(99)) - Storage directory /home/runner/work/ozone/ozone/hadoop-ozone/integration-test/target/test-dir/MiniOzoneClusterImpl-55f63948-b302-44a8-9a44-732f3ddcab57/datanode-5/data/ratis/51a8a496-3ab8-4fe4-938f-7ae465211717 has been successfully formatted.
2024-01-14 17:00:28,498 [bc0247fb-4108-4537-bc2d-6aaa51d5d1de-groupManagement] WARN  util.FileUtils (LogUtils.java:supplyAndLog(63)) - Failed to Files.newInputStream /home/runner/work/ozone/ozone/hadoop-ozone/integration-test/target/test-dir/MiniOzoneClusterImpl-55f63948-b302-44a8-9a44-732f3ddcab57/datanode-5/data/ratis/51a8a496-3ab8-4fe4-938f-7ae465211717/current/raft-meta.conf with options []: java.nio.file.NoSuchFileException: /home/runner/work/ozone/ozone/hadoop-ozone/integration-test/target/test-dir/MiniOzoneClusterImpl-55f63948-b302-44a8-9a44-732f3ddcab57/datanode-5/data/ratis/51a8a496-3ab8-4fe4-938f-7ae465211717/current/raft-meta.conf
2024-01-14 17:00:28,499 [bc0247fb-4108-4537-bc2d-6aaa51d5d1de-groupManagement] INFO  ratis.ContainerStateMachine (ContainerStateMachine.java:loadSnapshot(287)) - group-7AE465211717: The snapshot info is null. Setting the last applied index to:(t:0, i:~)
2024-01-14 17:00:28,499 [bc0247fb-4108-4537-bc2d-6aaa51d5d1de-groupManagement] INFO  server.RaftServerConfigKeys (ConfUtils.java:logGet(46)) - raft.server.log.use.memory = false (default)
2024-01-14 17:00:28,499 [bc0247fb-4108-4537-bc2d-6aaa51d5d1de-groupManagement] INFO  server.RaftServerConfigKeys (ConfUtils.java:logGet(46)) - raft.server.log.purge.gap = 1000000 (custom)
2024-01-14 17:00:28,499 [bc0247fb-4108-4537-bc2d-6aaa51d5d1de-groupManagement] INFO  server.RaftServerConfigKeys (ConfUtils.java:logGet(46)) - raft.server.log.appender.buffer.byte-limit = 8388608 (custom)
2024-01-14 17:00:28,499 [bc0247fb-4108-4537-bc2d-6aaa51d5d1de-groupManagement] INFO  server.RaftServerConfigKeys (ConfUtils.java:logGet(46)) - raft.server.log.statemachine.data.read.timeout = 1000ms (default)
2024-01-14 17:00:28,499 [bc0247fb-4108-4537-bc2d-6aaa51d5d1de-groupManagement] INFO  server.RaftServerConfigKeys (ConfUtils.java:logGet(46)) - raft.server.log.purge.preservation.log.num = 0 (default)
2024-01-14 17:00:28,529 [bc0247fb-4108-4537-bc2d-6aaa51d5d1de-groupManagement] INFO  server.RaftServerConfigKeys (ConfUtils.java:logGet(46)) - raft.server.log.segment.size.max = 67108864 (custom)
2024-01-14 17:00:28,530 [bc0247fb-4108-4537-bc2d-6aaa51d5d1de-groupManagement] INFO  server.RaftServerConfigKeys (ConfUtils.java:logGet(46)) - raft.server.log.segment.cache.num.max = 2 (custom)
2024-01-14 17:00:28,530 [bc0247fb-4108-4537-bc2d-6aaa51d5d1de-groupManagement] INFO  server.RaftServerConfigKeys (ConfUtils.java:logGet(46)) - raft.server.log.segment.cache.size.max = 200MB (=209715200) (default)
2024-01-14 17:00:28,530 [bc0247fb-4108-4537-bc2d-6aaa51d5d1de-groupManagement] INFO  server.RaftServerConfigKeys (ConfUtils.java:logGet(46)) - raft.server.log.appender.buffer.byte-limit = 8388608 (custom)
2024-01-14 17:00:28,530 [bc0247fb-4108-4537-bc2d-6aaa51d5d1de-groupManagement] INFO  util.AwaitToRun (AwaitToRun.java:start(81)) - Thread[bc0247fb-4108-4537-bc2d-6aaa51d5d1de@group-7AE465211717-cacheEviction-AwaitToRun,5,main] started
2024-01-14 17:00:28,530 [bc0247fb-4108-4537-bc2d-6aaa51d5d1de-groupManagement] INFO  segmented.SegmentedRaftLogWorker (SegmentedRaftLogWorker.java:<init>(182)) - new bc0247fb-4108-4537-bc2d-6aaa51d5d1de@group-7AE465211717-SegmentedRaftLogWorker for RaftStorageImpl:Storage Directory /home/runner/work/ozone/ozone/hadoop-ozone/integration-test/target/test-dir/MiniOzoneClusterImpl-55f63948-b302-44a8-9a44-732f3ddcab57/datanode-5/data/ratis/51a8a496-3ab8-4fe4-938f-7ae465211717
2024-01-14 17:00:28,530 [cccf6745-afeb-413c-bfb5-a8d67b6b623b-groupManagement] INFO  server.RaftServer$Division (RaftServerImpl.java:<init>(256)) - cccf6745-afeb-413c-bfb5-a8d67b6b623b: new RaftServerImpl for group-F32CB735A442:[cccf6745-afeb-413c-bfb5-a8d67b6b623b|10.1.0.34:15406] with ContainerStateMachine:uninitialized
2024-01-14 17:00:28,530 [cccf6745-afeb-413c-bfb5-a8d67b6b623b-groupManagement] INFO  server.RaftServerConfigKeys (ConfUtils.java:logGet(46)) - raft.server.rpc.timeout.min = 5s (custom)
2024-01-14 17:00:28,530 [cccf6745-afeb-413c-bfb5-a8d67b6b623b-groupManagement] INFO  server.RaftServerConfigKeys (ConfUtils.java:logGet(46)) - raft.server.rpc.timeout.max = 5200ms (custom)
2024-01-14 17:00:28,530 [cccf6745-afeb-413c-bfb5-a8d67b6b623b-groupManagement] INFO  server.RaftServerConfigKeys (ConfUtils.java:logGet(46)) - raft.server.rpc.sleep.time = 25ms (default)
2024-01-14 17:00:28,530 [cccf6745-afeb-413c-bfb5-a8d67b6b623b-groupManagement] INFO  server.RaftServerConfigKeys (ConfUtils.java:logGet(46)) - raft.server.rpc.slowness.timeout = 300000ms (custom)
2024-01-14 17:00:28,530 [cccf6745-afeb-413c-bfb5-a8d67b6b623b-groupManagement] INFO  server.RaftServerConfigKeys (ConfUtils.java:logGet(46)) - raft.server.leaderelection.leader.step-down.wait-time = 10s (default)
2024-01-14 17:00:28,529 [cccf6745-afeb-413c-bfb5-a8d67b6b623b-PipelineCommandHandlerThread-0] INFO  server.RaftServer (RaftServerProxy.java:addNew(100)) - cccf6745-afeb-413c-bfb5-a8d67b6b623b: addNew group-F32CB735A442:[cccf6745-afeb-413c-bfb5-a8d67b6b623b|10.1.0.34:15406] returns group-F32CB735A442:java.util.concurrent.CompletableFuture@1aa17eb2[Not completed]
2024-01-14 17:00:28,530 [cccf6745-afeb-413c-bfb5-a8d67b6b623b-groupManagement] INFO  server.RaftServerConfigKeys (ConfUtils.java:logGet(46)) - raft.server.leaderelection.member.majority-add = false (default)
2024-01-14 17:00:28,531 [cccf6745-afeb-413c-bfb5-a8d67b6b623b-groupManagement] INFO  server.RaftServerConfigKeys (ConfUtils.java:logGet(46)) - raft.server.sleep.deviation.threshold = 300ms (default)
2024-01-14 17:00:28,531 [cccf6745-afeb-413c-bfb5-a8d67b6b623b-groupManagement] INFO  server.RaftServer$Division (ServerState.java:<init>(113)) - cccf6745-afeb-413c-bfb5-a8d67b6b623b@group-F32CB735A442: ConfigurationManager, init=-1: peers:[cccf6745-afeb-413c-bfb5-a8d67b6b623b|10.1.0.34:15406]|listeners:[], old=null, confs=<EMPTY_MAP>
2024-01-14 17:00:28,531 [cccf6745-afeb-413c-bfb5-a8d67b6b623b-groupManagement] INFO  server.RaftServerConfigKeys (ConfUtils.java:logGet(46)) - raft.server.notification.no-leader.timeout = 300000ms (custom)
2024-01-14 17:00:28,530 [bc0247fb-4108-4537-bc2d-6aaa51d5d1de-groupManagement] INFO  server.RaftServerConfigKeys (ConfUtils.java:logGet(46)) - raft.server.log.queue.byte-limit = 4294967296 (custom)
2024-01-14 17:00:28,531 [cccf6745-afeb-413c-bfb5-a8d67b6b623b-groupManagement] INFO  server.RaftServerConfigKeys (ConfUtils.java:logGet(46)) - raft.server.read.timeout = 10s (default)
2024-01-14 17:00:28,531 [bc0247fb-4108-4537-bc2d-6aaa51d5d1de-groupManagement] INFO  server.RaftServerConfigKeys (ConfUtils.java:logGet(46)) - raft.server.log.queue.element-limit = 1024 (custom)
2024-01-14 17:00:28,531 [cccf6745-afeb-413c-bfb5-a8d67b6b623b-groupManagement] INFO  server.RaftServerConfigKeys (ConfUtils.java:logGet(46)) - raft.server.retrycache.expirytime = 600000ms (custom)
2024-01-14 17:00:28,531 [cccf6745-afeb-413c-bfb5-a8d67b6b623b-groupManagement] INFO  server.RaftServerConfigKeys (ConfUtils.java:logGet(46)) - raft.server.retrycache.statistics.expirytime = 100ms (default)
2024-01-14 17:00:28,531 [bc0247fb-4108-4537-bc2d-6aaa51d5d1de-groupManagement] INFO  server.RaftServerConfigKeys (ConfUtils.java:logGet(46)) - raft.server.log.segment.size.max = 67108864 (custom)
2024-01-14 17:00:28,531 [cccf6745-afeb-413c-bfb5-a8d67b6b623b-groupManagement] INFO  server.RaftServerConfigKeys (ConfUtils.java:logGet(46)) - raft.server.read.option = DEFAULT (default)
2024-01-14 17:00:28,531 [cccf6745-afeb-413c-bfb5-a8d67b6b623b-groupManagement] INFO  server.RaftServerConfigKeys (ConfUtils.java:logGet(46)) - raft.server.read.read-after-write-consistent.write-index-cache.expiry-time = 60s (default)
2024-01-14 17:00:28,531 [bc0247fb-4108-4537-bc2d-6aaa51d5d1de-groupManagement] INFO  server.RaftServerConfigKeys (ConfUtils.java:logGet(46)) - raft.server.log.preallocated.size = 4194304 (custom)
2024-01-14 17:00:28,531 [bc0247fb-4108-4537-bc2d-6aaa51d5d1de-groupManagement] INFO  server.RaftServerConfigKeys (ConfUtils.java:logGet(46)) - raft.server.log.force.sync.num = 128 (default)
2024-01-14 17:00:28,531 [bc0247fb-4108-4537-bc2d-6aaa51d5d1de-groupManagement] INFO  server.RaftServerConfigKeys (ConfUtils.java:logGet(46)) - raft.server.log.statemachine.data.sync = true (default)
2024-01-14 17:00:28,531 [bc0247fb-4108-4537-bc2d-6aaa51d5d1de-groupManagement] INFO  server.RaftServerConfigKeys (ConfUtils.java:logGet(46)) - raft.server.log.statemachine.data.sync.timeout = 10s (default)
2024-01-14 17:00:28,532 [bc0247fb-4108-4537-bc2d-6aaa51d5d1de-groupManagement] INFO  server.RaftServerConfigKeys (ConfUtils.java:logGet(46)) - raft.server.log.statemachine.data.sync.timeout.retry = 0 (custom)
2024-01-14 17:00:28,539 [bc0247fb-4108-4537-bc2d-6aaa51d5d1de-groupManagement] INFO  server.RaftServerConfigKeys (ConfUtils.java:logGet(46)) - raft.server.log.write.buffer.size = 8388616 (custom)
2024-01-14 17:00:28,540 [cccf6745-afeb-413c-bfb5-a8d67b6b623b-groupManagement] INFO  server.RaftServerConfigKeys (ConfUtils.java:logGet(46)) - raft.server.rpc.request.timeout = 3000ms (default)
2024-01-14 17:00:28,540 [cccf6745-afeb-413c-bfb5-a8d67b6b623b-groupManagement] INFO  server.RaftServerConfigKeys (ConfUtils.java:logGet(46)) - raft.server.log.appender.install.snapshot.enabled = false (custom)
2024-01-14 17:00:28,540 [cccf6745-afeb-413c-bfb5-a8d67b6b623b-groupManagement] INFO  server.RaftServerConfigKeys (ConfUtils.java:logGet(46)) - raft.server.threadpool.server.cached = true (default)
2024-01-14 17:00:28,540 [cccf6745-afeb-413c-bfb5-a8d67b6b623b-groupManagement] INFO  server.RaftServerConfigKeys (ConfUtils.java:logGet(46)) - raft.server.threadpool.server.size = 0 (default)
2024-01-14 17:00:28,540 [cccf6745-afeb-413c-bfb5-a8d67b6b623b-groupManagement] INFO  server.RaftServerConfigKeys (ConfUtils.java:logGet(46)) - raft.server.threadpool.client.cached = true (default)
2024-01-14 17:00:28,540 [cccf6745-afeb-413c-bfb5-a8d67b6b623b-groupManagement] INFO  server.RaftServerConfigKeys (ConfUtils.java:logGet(46)) - raft.server.threadpool.client.size = 0 (default)
2024-01-14 17:00:28,541 [cccf6745-afeb-413c-bfb5-a8d67b6b623b-groupManagement] INFO  server.RaftServerConfigKeys (ConfUtils.java:logGet(46)) - raft.server.storage.free-space.min = 0MB (=0) (default)
2024-01-14 17:00:28,541 [cccf6745-afeb-413c-bfb5-a8d67b6b623b-groupManagement] INFO  server.RaftServerConfigKeys (ConfUtils.java:logGet(46)) - raft.server.log.corruption.policy = EXCEPTION (default)
2024-01-14 17:00:28,541 [bc0247fb-4108-4537-bc2d-6aaa51d5d1de-groupManagement] INFO  server.RaftServerConfigKeys (ConfUtils.java:logGet(46)) - raft.server.log.appender.buffer.byte-limit = 8388608 (custom)
2024-01-14 17:00:28,541 [cccf6745-afeb-413c-bfb5-a8d67b6b623b-groupManagement] INFO  server.RaftServerConfigKeys (ConfUtils.java:logGet(46)) - raft.server.storage.dir = [/home/runner/work/ozone/ozone/hadoop-ozone/integration-test/target/test-dir/MiniOzoneClusterImpl-55f63948-b302-44a8-9a44-732f3ddcab57/datanode-4/data/ratis] (custom)
2024-01-14 17:00:28,541 [bc0247fb-4108-4537-bc2d-6aaa51d5d1de-groupManagement] INFO  server.RaftServerConfigKeys (ConfUtils.java:logGet(46)) - raft.server.log.unsafe-flush.enabled = false (default)
2024-01-14 17:00:28,541 [bc0247fb-4108-4537-bc2d-6aaa51d5d1de-groupManagement] INFO  server.RaftServerConfigKeys (ConfUtils.java:logGet(46)) - raft.server.log.async-flush.enabled = false (default)
2024-01-14 17:00:28,541 [bc0247fb-4108-4537-bc2d-6aaa51d5d1de-groupManagement] INFO  server.RaftServerConfigKeys (ConfUtils.java:logGet(46)) - raft.server.log.statemachine.data.caching.enabled = true (custom)
2024-01-14 17:00:28,541 [cccf6745-afeb-413c-bfb5-a8d67b6b623b-groupManagement] INFO  storage.RaftStorageDirectory (RaftStorageDirectoryImpl.java:analyzeStorage(138)) - The storage directory /home/runner/work/ozone/ozone/hadoop-ozone/integration-test/target/test-dir/MiniOzoneClusterImpl-55f63948-b302-44a8-9a44-732f3ddcab57/datanode-4/data/ratis/55dc7a08-534a-4c8e-a071-f32cb735a442 does not exist. Creating ...
2024-01-14 17:00:28,541 [bc0247fb-4108-4537-bc2d-6aaa51d5d1de-groupManagement] INFO  segmented.SegmentedRaftLogWorker (SegmentedRaftLogWorker.java:lambda$new$0(134)) - bc0247fb-4108-4537-bc2d-6aaa51d5d1de@group-7AE465211717-SegmentedRaftLogWorker: flushIndex: setUnconditionally 0 -> -1
2024-01-14 17:00:28,541 [bc0247fb-4108-4537-bc2d-6aaa51d5d1de-groupManagement] INFO  segmented.SegmentedRaftLogWorker (SegmentedRaftLogWorker.java:lambda$new$0(134)) - bc0247fb-4108-4537-bc2d-6aaa51d5d1de@group-7AE465211717-SegmentedRaftLogWorker: safeCacheEvictIndex: setUnconditionally 0 -> -1
2024-01-14 17:00:28,541 [bc0247fb-4108-4537-bc2d-6aaa51d5d1de-groupManagement] INFO  server.RaftServer$Division (RaftServerImpl.java:start(396)) - bc0247fb-4108-4537-bc2d-6aaa51d5d1de@group-7AE465211717: start as a follower, conf=-1: peers:[f2927880-1f10-4686-b93c-5db3b548581d|10.1.0.34:15397, cccf6745-afeb-413c-bfb5-a8d67b6b623b|10.1.0.34:15406, bc0247fb-4108-4537-bc2d-6aaa51d5d1de|10.1.0.34:15415]|listeners:[], old=null
2024-01-14 17:00:28,541 [bc0247fb-4108-4537-bc2d-6aaa51d5d1de-groupManagement] INFO  server.RaftServer$Division (RaftServerImpl.java:setRole(383)) - bc0247fb-4108-4537-bc2d-6aaa51d5d1de@group-7AE465211717: changes role from      null to FOLLOWER at term 0 for startAsFollower
2024-01-14 17:00:28,541 [bc0247fb-4108-4537-bc2d-6aaa51d5d1de-groupManagement] INFO  impl.RoleInfo (RoleInfo.java:updateAndGet(139)) - bc0247fb-4108-4537-bc2d-6aaa51d5d1de: start bc0247fb-4108-4537-bc2d-6aaa51d5d1de@group-7AE465211717-FollowerState
2024-01-14 17:00:28,542 [bc0247fb-4108-4537-bc2d-6aaa51d5d1de@group-7AE465211717-FollowerState] INFO  server.RaftServerConfigKeys (ConfUtils.java:logFallback(53)) - raft.server.rpc.first-election.timeout.min = 5s (fallback to raft.server.rpc.timeout.min)
2024-01-14 17:00:28,542 [bc0247fb-4108-4537-bc2d-6aaa51d5d1de-groupManagement] INFO  util.JmxRegister (JmxRegister.java:tryRegister(44)) - Successfully registered JMX Bean with object name Ratis:service=RaftServer,group=group-7AE465211717,id=bc0247fb-4108-4537-bc2d-6aaa51d5d1de
2024-01-14 17:00:28,542 [bc0247fb-4108-4537-bc2d-6aaa51d5d1de@group-7AE465211717-FollowerState] INFO  server.RaftServerConfigKeys (ConfUtils.java:logFallback(53)) - raft.server.rpc.first-election.timeout.max = 5200ms (fallback to raft.server.rpc.timeout.max)
2024-01-14 17:00:28,542 [bc0247fb-4108-4537-bc2d-6aaa51d5d1de-groupManagement] INFO  server.RaftServerConfigKeys (ConfUtils.java:logGet(46)) - raft.server.snapshot.trigger-when-stop.enabled = true (default)
2024-01-14 17:00:28,542 [cccf6745-afeb-413c-bfb5-a8d67b6b623b-groupManagement] INFO  storage.RaftStorageDirectory (RaftStorageDirectoryImpl.java:tryLock(228)) - Lock on /home/runner/work/ozone/ozone/hadoop-ozone/integration-test/target/test-dir/MiniOzoneClusterImpl-55f63948-b302-44a8-9a44-732f3ddcab57/datanode-4/data/ratis/55dc7a08-534a-4c8e-a071-f32cb735a442/in_use.lock acquired by nodename 93954@fv-az1248-16
2024-01-14 17:00:28,542 [bc0247fb-4108-4537-bc2d-6aaa51d5d1de-groupManagement] INFO  server.RaftServerConfigKeys (ConfUtils.java:logGet(46)) - raft.server.snapshot.auto.trigger.enabled = true (custom)
2024-01-14 17:00:28,542 [bc0247fb-4108-4537-bc2d-6aaa51d5d1de-groupManagement] INFO  server.RaftServerConfigKeys (ConfUtils.java:logGet(46)) - raft.server.snapshot.auto.trigger.threshold = 10000 (custom)
2024-01-14 17:00:28,542 [bc0247fb-4108-4537-bc2d-6aaa51d5d1de-groupManagement] INFO  server.RaftServerConfigKeys (ConfUtils.java:logGet(46)) - raft.server.snapshot.retention.file.num = 5 (custom)
2024-01-14 17:00:28,542 [bc0247fb-4108-4537-bc2d-6aaa51d5d1de-groupManagement] INFO  server.RaftServerConfigKeys (ConfUtils.java:logGet(46)) - raft.server.log.purge.upto.snapshot.index = false (default)
2024-01-14 17:00:28,543 [cccf6745-afeb-413c-bfb5-a8d67b6b623b-groupManagement] INFO  storage.RaftStorage (RaftStorageImpl.java:format(99)) - Storage directory /home/runner/work/ozone/ozone/hadoop-ozone/integration-test/target/test-dir/MiniOzoneClusterImpl-55f63948-b302-44a8-9a44-732f3ddcab57/datanode-4/data/ratis/55dc7a08-534a-4c8e-a071-f32cb735a442 has been successfully formatted.
2024-01-14 17:00:28,543 [cccf6745-afeb-413c-bfb5-a8d67b6b623b-groupManagement] WARN  util.FileUtils (LogUtils.java:supplyAndLog(63)) - Failed to Files.newInputStream /home/runner/work/ozone/ozone/hadoop-ozone/integration-test/target/test-dir/MiniOzoneClusterImpl-55f63948-b302-44a8-9a44-732f3ddcab57/datanode-4/data/ratis/55dc7a08-534a-4c8e-a071-f32cb735a442/current/raft-meta.conf with options []: java.nio.file.NoSuchFileException: /home/runner/work/ozone/ozone/hadoop-ozone/integration-test/target/test-dir/MiniOzoneClusterImpl-55f63948-b302-44a8-9a44-732f3ddcab57/datanode-4/data/ratis/55dc7a08-534a-4c8e-a071-f32cb735a442/current/raft-meta.conf
2024-01-14 17:00:28,545 [cccf6745-afeb-413c-bfb5-a8d67b6b623b-groupManagement] INFO  ratis.ContainerStateMachine (ContainerStateMachine.java:loadSnapshot(287)) - group-F32CB735A442: The snapshot info is null. Setting the last applied index to:(t:0, i:~)
2024-01-14 17:00:28,545 [cccf6745-afeb-413c-bfb5-a8d67b6b623b-groupManagement] INFO  server.RaftServerConfigKeys (ConfUtils.java:logGet(46)) - raft.server.log.use.memory = false (default)
2024-01-14 17:00:28,545 [cccf6745-afeb-413c-bfb5-a8d67b6b623b-groupManagement] INFO  server.RaftServerConfigKeys (ConfUtils.java:logGet(46)) - raft.server.log.purge.gap = 1000000 (custom)
2024-01-14 17:00:28,545 [cccf6745-afeb-413c-bfb5-a8d67b6b623b-groupManagement] INFO  server.RaftServerConfigKeys (ConfUtils.java:logGet(46)) - raft.server.log.appender.buffer.byte-limit = 8388608 (custom)
2024-01-14 17:00:28,545 [cccf6745-afeb-413c-bfb5-a8d67b6b623b-groupManagement] INFO  server.RaftServerConfigKeys (ConfUtils.java:logGet(46)) - raft.server.log.statemachine.data.read.timeout = 1000ms (default)
2024-01-14 17:00:28,546 [cccf6745-afeb-413c-bfb5-a8d67b6b623b-groupManagement] INFO  server.RaftServerConfigKeys (ConfUtils.java:logGet(46)) - raft.server.log.purge.preservation.log.num = 0 (default)
2024-01-14 17:00:28,548 [cccf6745-afeb-413c-bfb5-a8d67b6b623b-groupManagement] INFO  server.RaftServerConfigKeys (ConfUtils.java:logGet(46)) - raft.server.log.segment.size.max = 67108864 (custom)
2024-01-14 17:00:28,548 [cccf6745-afeb-413c-bfb5-a8d67b6b623b-groupManagement] INFO  server.RaftServerConfigKeys (ConfUtils.java:logGet(46)) - raft.server.log.segment.cache.num.max = 2 (custom)
2024-01-14 17:00:28,548 [cccf6745-afeb-413c-bfb5-a8d67b6b623b-groupManagement] INFO  server.RaftServerConfigKeys (ConfUtils.java:logGet(46)) - raft.server.log.segment.cache.size.max = 200MB (=209715200) (default)
2024-01-14 17:00:28,548 [cccf6745-afeb-413c-bfb5-a8d67b6b623b-groupManagement] INFO  server.RaftServerConfigKeys (ConfUtils.java:logGet(46)) - raft.server.log.appender.buffer.byte-limit = 8388608 (custom)
2024-01-14 17:00:28,548 [EventQueue-PipelineReportForPipelineReportHandler] INFO  pipeline.PipelineReportHandler (PipelineReportHandler.java:processPipelineReport(136)) - Opened pipeline PipelineID=55dc7a08-534a-4c8e-a071-f32cb735a442
2024-01-14 17:00:28,549 [EventQueue-OpenPipelineForHealthyPipelineSafeModeRule] INFO  safemode.SCMSafeModeManager (HealthyPipelineSafeModeRule.java:process(140)) - SCM in safe mode. Healthy pipelines reported count is 0, required healthy pipeline reported count is 1
2024-01-14 17:00:28,559 [cccf6745-afeb-413c-bfb5-a8d67b6b623b-groupManagement] INFO  util.AwaitToRun (AwaitToRun.java:start(81)) - Thread[cccf6745-afeb-413c-bfb5-a8d67b6b623b@group-F32CB735A442-cacheEviction-AwaitToRun,5,main] started
2024-01-14 17:00:28,559 [cccf6745-afeb-413c-bfb5-a8d67b6b623b-groupManagement] INFO  segmented.SegmentedRaftLogWorker (SegmentedRaftLogWorker.java:<init>(182)) - new cccf6745-afeb-413c-bfb5-a8d67b6b623b@group-F32CB735A442-SegmentedRaftLogWorker for RaftStorageImpl:Storage Directory /home/runner/work/ozone/ozone/hadoop-ozone/integration-test/target/test-dir/MiniOzoneClusterImpl-55f63948-b302-44a8-9a44-732f3ddcab57/datanode-4/data/ratis/55dc7a08-534a-4c8e-a071-f32cb735a442
2024-01-14 17:00:28,559 [cccf6745-afeb-413c-bfb5-a8d67b6b623b-groupManagement] INFO  server.RaftServerConfigKeys (ConfUtils.java:logGet(46)) - raft.server.log.queue.byte-limit = 4294967296 (custom)
2024-01-14 17:00:28,559 [cccf6745-afeb-413c-bfb5-a8d67b6b623b-groupManagement] INFO  server.RaftServerConfigKeys (ConfUtils.java:logGet(46)) - raft.server.log.queue.element-limit = 1024 (custom)
2024-01-14 17:00:28,559 [cccf6745-afeb-413c-bfb5-a8d67b6b623b-groupManagement] INFO  server.RaftServerConfigKeys (ConfUtils.java:logGet(46)) - raft.server.log.segment.size.max = 67108864 (custom)
2024-01-14 17:00:28,559 [cccf6745-afeb-413c-bfb5-a8d67b6b623b-groupManagement] INFO  server.RaftServerConfigKeys (ConfUtils.java:logGet(46)) - raft.server.log.preallocated.size = 4194304 (custom)
2024-01-14 17:00:28,559 [cccf6745-afeb-413c-bfb5-a8d67b6b623b-groupManagement] INFO  server.RaftServerConfigKeys (ConfUtils.java:logGet(46)) - raft.server.log.force.sync.num = 128 (default)
2024-01-14 17:00:28,559 [cccf6745-afeb-413c-bfb5-a8d67b6b623b-groupManagement] INFO  server.RaftServerConfigKeys (ConfUtils.java:logGet(46)) - raft.server.log.statemachine.data.sync = true (default)
2024-01-14 17:00:28,560 [cccf6745-afeb-413c-bfb5-a8d67b6b623b-groupManagement] INFO  server.RaftServerConfigKeys (ConfUtils.java:logGet(46)) - raft.server.log.statemachine.data.sync.timeout = 10s (default)
2024-01-14 17:00:28,560 [cccf6745-afeb-413c-bfb5-a8d67b6b623b-groupManagement] INFO  server.RaftServerConfigKeys (ConfUtils.java:logGet(46)) - raft.server.log.statemachine.data.sync.timeout.retry = 0 (custom)
2024-01-14 17:00:28,560 [cccf6745-afeb-413c-bfb5-a8d67b6b623b-groupManagement] INFO  server.RaftServerConfigKeys (ConfUtils.java:logGet(46)) - raft.server.log.write.buffer.size = 8388616 (custom)
2024-01-14 17:00:28,561 [f2927880-1f10-4686-b93c-5db3b548581d-PipelineCommandHandlerThread-0] INFO  commandhandler.CreatePipelineCommandHandler (CreatePipelineCommandHandler.java:lambda$handle$2(124)) - Created Pipeline RATIS THREE PipelineID=51a8a496-3ab8-4fe4-938f-7ae465211717.
2024-01-14 17:00:28,562 [cccf6745-afeb-413c-bfb5-a8d67b6b623b-groupManagement] INFO  server.RaftServerConfigKeys (ConfUtils.java:logGet(46)) - raft.server.log.appender.buffer.byte-limit = 8388608 (custom)
2024-01-14 17:00:28,562 [cccf6745-afeb-413c-bfb5-a8d67b6b623b-groupManagement] INFO  server.RaftServerConfigKeys (ConfUtils.java:logGet(46)) - raft.server.log.unsafe-flush.enabled = false (default)
2024-01-14 17:00:28,562 [cccf6745-afeb-413c-bfb5-a8d67b6b623b-groupManagement] INFO  server.RaftServerConfigKeys (ConfUtils.java:logGet(46)) - raft.server.log.async-flush.enabled = false (default)
2024-01-14 17:00:28,562 [cccf6745-afeb-413c-bfb5-a8d67b6b623b-groupManagement] INFO  server.RaftServerConfigKeys (ConfUtils.java:logGet(46)) - raft.server.log.statemachine.data.caching.enabled = true (custom)
2024-01-14 17:00:28,562 [cccf6745-afeb-413c-bfb5-a8d67b6b623b-groupManagement] INFO  segmented.SegmentedRaftLogWorker (SegmentedRaftLogWorker.java:lambda$new$0(134)) - cccf6745-afeb-413c-bfb5-a8d67b6b623b@group-F32CB735A442-SegmentedRaftLogWorker: flushIndex: setUnconditionally 0 -> -1
2024-01-14 17:00:28,562 [cccf6745-afeb-413c-bfb5-a8d67b6b623b-groupManagement] INFO  segmented.SegmentedRaftLogWorker (SegmentedRaftLogWorker.java:lambda$new$0(134)) - cccf6745-afeb-413c-bfb5-a8d67b6b623b@group-F32CB735A442-SegmentedRaftLogWorker: safeCacheEvictIndex: setUnconditionally 0 -> -1
2024-01-14 17:00:28,562 [cccf6745-afeb-413c-bfb5-a8d67b6b623b-groupManagement] INFO  server.RaftServer$Division (RaftServerImpl.java:start(396)) - cccf6745-afeb-413c-bfb5-a8d67b6b623b@group-F32CB735A442: start as a follower, conf=-1: peers:[cccf6745-afeb-413c-bfb5-a8d67b6b623b|10.1.0.34:15406]|listeners:[], old=null
2024-01-14 17:00:28,562 [cccf6745-afeb-413c-bfb5-a8d67b6b623b-groupManagement] INFO  server.RaftServer$Division (RaftServerImpl.java:setRole(383)) - cccf6745-afeb-413c-bfb5-a8d67b6b623b@group-F32CB735A442: changes role from      null to FOLLOWER at term 0 for startAsFollower
2024-01-14 17:00:28,562 [cccf6745-afeb-413c-bfb5-a8d67b6b623b-groupManagement] INFO  impl.RoleInfo (RoleInfo.java:updateAndGet(139)) - cccf6745-afeb-413c-bfb5-a8d67b6b623b: start cccf6745-afeb-413c-bfb5-a8d67b6b623b@group-F32CB735A442-FollowerState
2024-01-14 17:00:28,562 [cccf6745-afeb-413c-bfb5-a8d67b6b623b-groupManagement] INFO  util.JmxRegister (JmxRegister.java:tryRegister(44)) - Successfully registered JMX Bean with object name Ratis:service=RaftServer,group=group-F32CB735A442,id=cccf6745-afeb-413c-bfb5-a8d67b6b623b
2024-01-14 17:00:28,562 [cccf6745-afeb-413c-bfb5-a8d67b6b623b@group-F32CB735A442-FollowerState] INFO  server.RaftServerConfigKeys (ConfUtils.java:logFallback(53)) - raft.server.rpc.first-election.timeout.min = 5s (fallback to raft.server.rpc.timeout.min)
2024-01-14 17:00:28,562 [cccf6745-afeb-413c-bfb5-a8d67b6b623b-groupManagement] INFO  server.RaftServerConfigKeys (ConfUtils.java:logGet(46)) - raft.server.snapshot.trigger-when-stop.enabled = true (default)
2024-01-14 17:00:28,563 [cccf6745-afeb-413c-bfb5-a8d67b6b623b@group-F32CB735A442-FollowerState] INFO  server.RaftServerConfigKeys (ConfUtils.java:logFallback(53)) - raft.server.rpc.first-election.timeout.max = 5200ms (fallback to raft.server.rpc.timeout.max)
2024-01-14 17:00:28,563 [cccf6745-afeb-413c-bfb5-a8d67b6b623b-groupManagement] INFO  server.RaftServerConfigKeys (ConfUtils.java:logGet(46)) - raft.server.snapshot.auto.trigger.enabled = true (custom)
2024-01-14 17:00:28,563 [cccf6745-afeb-413c-bfb5-a8d67b6b623b-groupManagement] INFO  server.RaftServerConfigKeys (ConfUtils.java:logGet(46)) - raft.server.snapshot.auto.trigger.threshold = 10000 (custom)
2024-01-14 17:00:28,563 [cccf6745-afeb-413c-bfb5-a8d67b6b623b-groupManagement] INFO  server.RaftServerConfigKeys (ConfUtils.java:logGet(46)) - raft.server.snapshot.retention.file.num = 5 (custom)
2024-01-14 17:00:28,563 [cccf6745-afeb-413c-bfb5-a8d67b6b623b-groupManagement] INFO  server.RaftServerConfigKeys (ConfUtils.java:logGet(46)) - raft.server.log.purge.upto.snapshot.index = false (default)
2024-01-14 17:00:28,563 [cccf6745-afeb-413c-bfb5-a8d67b6b623b-PipelineCommandHandlerThread-0] INFO  ratis.XceiverServerRatis (XceiverServerRatis.java:addGroup(842)) - Created group PipelineID=55dc7a08-534a-4c8e-a071-f32cb735a442
2024-01-14 17:00:28,563 [cccf6745-afeb-413c-bfb5-a8d67b6b623b-PipelineCommandHandlerThread-0] INFO  commandhandler.CreatePipelineCommandHandler (CreatePipelineCommandHandler.java:lambda$handle$2(124)) - Created Pipeline RATIS ONE PipelineID=55dc7a08-534a-4c8e-a071-f32cb735a442.
2024-01-14 17:00:28,618 [bc0247fb-4108-4537-bc2d-6aaa51d5d1de-PipelineCommandHandlerThread-0] INFO  server.RaftServer (RaftServerProxy.java:addNew(100)) - bc0247fb-4108-4537-bc2d-6aaa51d5d1de: addNew group-06836EA6AD0D:[bc0247fb-4108-4537-bc2d-6aaa51d5d1de|10.1.0.34:15415] returns group-06836EA6AD0D:java.util.concurrent.CompletableFuture@2c7cb07a[Not completed]
2024-01-14 17:00:28,619 [bc0247fb-4108-4537-bc2d-6aaa51d5d1de-groupManagement] INFO  server.RaftServer$Division (RaftServerImpl.java:<init>(256)) - bc0247fb-4108-4537-bc2d-6aaa51d5d1de: new RaftServerImpl for group-06836EA6AD0D:[bc0247fb-4108-4537-bc2d-6aaa51d5d1de|10.1.0.34:15415] with ContainerStateMachine:uninitialized
2024-01-14 17:00:28,619 [bc0247fb-4108-4537-bc2d-6aaa51d5d1de-groupManagement] INFO  server.RaftServerConfigKeys (ConfUtils.java:logGet(46)) - raft.server.rpc.timeout.min = 5s (custom)
2024-01-14 17:00:28,619 [bc0247fb-4108-4537-bc2d-6aaa51d5d1de-groupManagement] INFO  server.RaftServerConfigKeys (ConfUtils.java:logGet(46)) - raft.server.rpc.timeout.max = 5200ms (custom)
2024-01-14 17:00:28,619 [bc0247fb-4108-4537-bc2d-6aaa51d5d1de-groupManagement] INFO  server.RaftServerConfigKeys (ConfUtils.java:logGet(46)) - raft.server.rpc.sleep.time = 25ms (default)
2024-01-14 17:00:28,619 [bc0247fb-4108-4537-bc2d-6aaa51d5d1de-groupManagement] INFO  server.RaftServerConfigKeys (ConfUtils.java:logGet(46)) - raft.server.rpc.slowness.timeout = 300000ms (custom)
2024-01-14 17:00:28,619 [bc0247fb-4108-4537-bc2d-6aaa51d5d1de-groupManagement] INFO  server.RaftServerConfigKeys (ConfUtils.java:logGet(46)) - raft.server.leaderelection.leader.step-down.wait-time = 10s (default)
2024-01-14 17:00:28,619 [bc0247fb-4108-4537-bc2d-6aaa51d5d1de-groupManagement] INFO  server.RaftServerConfigKeys (ConfUtils.java:logGet(46)) - raft.server.leaderelection.member.majority-add = false (default)
2024-01-14 17:00:28,619 [bc0247fb-4108-4537-bc2d-6aaa51d5d1de-groupManagement] INFO  server.RaftServerConfigKeys (ConfUtils.java:logGet(46)) - raft.server.sleep.deviation.threshold = 300ms (default)
2024-01-14 17:00:28,619 [bc0247fb-4108-4537-bc2d-6aaa51d5d1de-groupManagement] INFO  server.RaftServer$Division (ServerState.java:<init>(113)) - bc0247fb-4108-4537-bc2d-6aaa51d5d1de@group-06836EA6AD0D: ConfigurationManager, init=-1: peers:[bc0247fb-4108-4537-bc2d-6aaa51d5d1de|10.1.0.34:15415]|listeners:[], old=null, confs=<EMPTY_MAP>
2024-01-14 17:00:28,619 [bc0247fb-4108-4537-bc2d-6aaa51d5d1de-groupManagement] INFO  server.RaftServerConfigKeys (ConfUtils.java:logGet(46)) - raft.server.notification.no-leader.timeout = 300000ms (custom)
2024-01-14 17:00:28,619 [bc0247fb-4108-4537-bc2d-6aaa51d5d1de-groupManagement] INFO  server.RaftServerConfigKeys (ConfUtils.java:logGet(46)) - raft.server.read.timeout = 10s (default)
2024-01-14 17:00:28,619 [bc0247fb-4108-4537-bc2d-6aaa51d5d1de-groupManagement] INFO  server.RaftServerConfigKeys (ConfUtils.java:logGet(46)) - raft.server.retrycache.expirytime = 600000ms (custom)
2024-01-14 17:00:28,619 [bc0247fb-4108-4537-bc2d-6aaa51d5d1de-groupManagement] INFO  server.RaftServerConfigKeys (ConfUtils.java:logGet(46)) - raft.server.retrycache.statistics.expirytime = 100ms (default)
2024-01-14 17:00:28,619 [bc0247fb-4108-4537-bc2d-6aaa51d5d1de-groupManagement] INFO  server.RaftServerConfigKeys (ConfUtils.java:logGet(46)) - raft.server.read.option = DEFAULT (default)
2024-01-14 17:00:28,619 [bc0247fb-4108-4537-bc2d-6aaa51d5d1de-groupManagement] INFO  server.RaftServerConfigKeys (ConfUtils.java:logGet(46)) - raft.server.read.read-after-write-consistent.write-index-cache.expiry-time = 60s (default)
2024-01-14 17:00:28,621 [bc0247fb-4108-4537-bc2d-6aaa51d5d1de-groupManagement] INFO  server.RaftServerConfigKeys (ConfUtils.java:logGet(46)) - raft.server.rpc.request.timeout = 3000ms (default)
2024-01-14 17:00:28,621 [bc0247fb-4108-4537-bc2d-6aaa51d5d1de-groupManagement] INFO  server.RaftServerConfigKeys (ConfUtils.java:logGet(46)) - raft.server.log.appender.install.snapshot.enabled = false (custom)
2024-01-14 17:00:28,621 [bc0247fb-4108-4537-bc2d-6aaa51d5d1de-groupManagement] INFO  server.RaftServerConfigKeys (ConfUtils.java:logGet(46)) - raft.server.threadpool.server.cached = true (default)
2024-01-14 17:00:28,621 [bc0247fb-4108-4537-bc2d-6aaa51d5d1de-groupManagement] INFO  server.RaftServerConfigKeys (ConfUtils.java:logGet(46)) - raft.server.threadpool.server.size = 0 (default)
2024-01-14 17:00:28,621 [bc0247fb-4108-4537-bc2d-6aaa51d5d1de-groupManagement] INFO  server.RaftServerConfigKeys (ConfUtils.java:logGet(46)) - raft.server.threadpool.client.cached = true (default)
2024-01-14 17:00:28,621 [bc0247fb-4108-4537-bc2d-6aaa51d5d1de-groupManagement] INFO  server.RaftServerConfigKeys (ConfUtils.java:logGet(46)) - raft.server.threadpool.client.size = 0 (default)
2024-01-14 17:00:28,621 [bc0247fb-4108-4537-bc2d-6aaa51d5d1de-groupManagement] INFO  server.RaftServerConfigKeys (ConfUtils.java:logGet(46)) - raft.server.storage.free-space.min = 0MB (=0) (default)
2024-01-14 17:00:28,621 [bc0247fb-4108-4537-bc2d-6aaa51d5d1de-groupManagement] INFO  server.RaftServerConfigKeys (ConfUtils.java:logGet(46)) - raft.server.log.corruption.policy = EXCEPTION (default)
2024-01-14 17:00:28,621 [bc0247fb-4108-4537-bc2d-6aaa51d5d1de-groupManagement] INFO  server.RaftServerConfigKeys (ConfUtils.java:logGet(46)) - raft.server.storage.dir = [/home/runner/work/ozone/ozone/hadoop-ozone/integration-test/target/test-dir/MiniOzoneClusterImpl-55f63948-b302-44a8-9a44-732f3ddcab57/datanode-5/data/ratis] (custom)
2024-01-14 17:00:28,621 [bc0247fb-4108-4537-bc2d-6aaa51d5d1de-groupManagement] INFO  storage.RaftStorageDirectory (RaftStorageDirectoryImpl.java:analyzeStorage(138)) - The storage directory /home/runner/work/ozone/ozone/hadoop-ozone/integration-test/target/test-dir/MiniOzoneClusterImpl-55f63948-b302-44a8-9a44-732f3ddcab57/datanode-5/data/ratis/f0eb859b-33e3-4e01-9825-06836ea6ad0d does not exist. Creating ...
2024-01-14 17:00:28,622 [bc0247fb-4108-4537-bc2d-6aaa51d5d1de-groupManagement] INFO  storage.RaftStorageDirectory (RaftStorageDirectoryImpl.java:tryLock(228)) - Lock on /home/runner/work/ozone/ozone/hadoop-ozone/integration-test/target/test-dir/MiniOzoneClusterImpl-55f63948-b302-44a8-9a44-732f3ddcab57/datanode-5/data/ratis/f0eb859b-33e3-4e01-9825-06836ea6ad0d/in_use.lock acquired by nodename 93954@fv-az1248-16
2024-01-14 17:00:28,623 [bc0247fb-4108-4537-bc2d-6aaa51d5d1de-groupManagement] INFO  storage.RaftStorage (RaftStorageImpl.java:format(99)) - Storage directory /home/runner/work/ozone/ozone/hadoop-ozone/integration-test/target/test-dir/MiniOzoneClusterImpl-55f63948-b302-44a8-9a44-732f3ddcab57/datanode-5/data/ratis/f0eb859b-33e3-4e01-9825-06836ea6ad0d has been successfully formatted.
2024-01-14 17:00:28,623 [bc0247fb-4108-4537-bc2d-6aaa51d5d1de-groupManagement] WARN  util.FileUtils (LogUtils.java:supplyAndLog(63)) - Failed to Files.newInputStream /home/runner/work/ozone/ozone/hadoop-ozone/integration-test/target/test-dir/MiniOzoneClusterImpl-55f63948-b302-44a8-9a44-732f3ddcab57/datanode-5/data/ratis/f0eb859b-33e3-4e01-9825-06836ea6ad0d/current/raft-meta.conf with options []: java.nio.file.NoSuchFileException: /home/runner/work/ozone/ozone/hadoop-ozone/integration-test/target/test-dir/MiniOzoneClusterImpl-55f63948-b302-44a8-9a44-732f3ddcab57/datanode-5/data/ratis/f0eb859b-33e3-4e01-9825-06836ea6ad0d/current/raft-meta.conf
2024-01-14 17:00:28,623 [bc0247fb-4108-4537-bc2d-6aaa51d5d1de-groupManagement] INFO  ratis.ContainerStateMachine (ContainerStateMachine.java:loadSnapshot(287)) - group-06836EA6AD0D: The snapshot info is null. Setting the last applied index to:(t:0, i:~)
2024-01-14 17:00:28,623 [bc0247fb-4108-4537-bc2d-6aaa51d5d1de-groupManagement] INFO  server.RaftServerConfigKeys (ConfUtils.java:logGet(46)) - raft.server.log.use.memory = false (default)
2024-01-14 17:00:28,623 [bc0247fb-4108-4537-bc2d-6aaa51d5d1de-groupManagement] INFO  server.RaftServerConfigKeys (ConfUtils.java:logGet(46)) - raft.server.log.purge.gap = 1000000 (custom)
2024-01-14 17:00:28,623 [bc0247fb-4108-4537-bc2d-6aaa51d5d1de-groupManagement] INFO  server.RaftServerConfigKeys (ConfUtils.java:logGet(46)) - raft.server.log.appender.buffer.byte-limit = 8388608 (custom)
2024-01-14 17:00:28,623 [bc0247fb-4108-4537-bc2d-6aaa51d5d1de-groupManagement] INFO  server.RaftServerConfigKeys (ConfUtils.java:logGet(46)) - raft.server.log.statemachine.data.read.timeout = 1000ms (default)
2024-01-14 17:00:28,623 [bc0247fb-4108-4537-bc2d-6aaa51d5d1de-groupManagement] INFO  server.RaftServerConfigKeys (ConfUtils.java:logGet(46)) - raft.server.log.purge.preservation.log.num = 0 (default)
2024-01-14 17:00:28,624 [EventQueue-PipelineReportForPipelineReportHandler] INFO  pipeline.PipelineReportHandler (PipelineReportHandler.java:processPipelineReport(136)) - Opened pipeline PipelineID=f0eb859b-33e3-4e01-9825-06836ea6ad0d
2024-01-14 17:00:28,624 [EventQueue-OpenPipelineForHealthyPipelineSafeModeRule] INFO  safemode.SCMSafeModeManager (HealthyPipelineSafeModeRule.java:process(140)) - SCM in safe mode. Healthy pipelines reported count is 0, required healthy pipeline reported count is 1
2024-01-14 17:00:28,625 [bc0247fb-4108-4537-bc2d-6aaa51d5d1de-groupManagement] INFO  server.RaftServerConfigKeys (ConfUtils.java:logGet(46)) - raft.server.log.segment.size.max = 67108864 (custom)
2024-01-14 17:00:28,625 [bc0247fb-4108-4537-bc2d-6aaa51d5d1de-groupManagement] INFO  server.RaftServerConfigKeys (ConfUtils.java:logGet(46)) - raft.server.log.segment.cache.num.max = 2 (custom)
2024-01-14 17:00:28,625 [bc0247fb-4108-4537-bc2d-6aaa51d5d1de-groupManagement] INFO  server.RaftServerConfigKeys (ConfUtils.java:logGet(46)) - raft.server.log.segment.cache.size.max = 200MB (=209715200) (default)
2024-01-14 17:00:28,625 [bc0247fb-4108-4537-bc2d-6aaa51d5d1de-groupManagement] INFO  server.RaftServerConfigKeys (ConfUtils.java:logGet(46)) - raft.server.log.appender.buffer.byte-limit = 8388608 (custom)
2024-01-14 17:00:28,625 [bc0247fb-4108-4537-bc2d-6aaa51d5d1de-groupManagement] INFO  util.AwaitToRun (AwaitToRun.java:start(81)) - Thread[bc0247fb-4108-4537-bc2d-6aaa51d5d1de@group-06836EA6AD0D-cacheEviction-AwaitToRun,5,main] started
2024-01-14 17:00:28,625 [bc0247fb-4108-4537-bc2d-6aaa51d5d1de-groupManagement] INFO  segmented.SegmentedRaftLogWorker (SegmentedRaftLogWorker.java:<init>(182)) - new bc0247fb-4108-4537-bc2d-6aaa51d5d1de@group-06836EA6AD0D-SegmentedRaftLogWorker for RaftStorageImpl:Storage Directory /home/runner/work/ozone/ozone/hadoop-ozone/integration-test/target/test-dir/MiniOzoneClusterImpl-55f63948-b302-44a8-9a44-732f3ddcab57/datanode-5/data/ratis/f0eb859b-33e3-4e01-9825-06836ea6ad0d
2024-01-14 17:00:28,625 [bc0247fb-4108-4537-bc2d-6aaa51d5d1de-groupManagement] INFO  server.RaftServerConfigKeys (ConfUtils.java:logGet(46)) - raft.server.log.queue.byte-limit = 4294967296 (custom)
2024-01-14 17:00:28,625 [bc0247fb-4108-4537-bc2d-6aaa51d5d1de-groupManagement] INFO  server.RaftServerConfigKeys (ConfUtils.java:logGet(46)) - raft.server.log.queue.element-limit = 1024 (custom)
2024-01-14 17:00:28,625 [bc0247fb-4108-4537-bc2d-6aaa51d5d1de-groupManagement] INFO  server.RaftServerConfigKeys (ConfUtils.java:logGet(46)) - raft.server.log.segment.size.max = 67108864 (custom)
2024-01-14 17:00:28,625 [bc0247fb-4108-4537-bc2d-6aaa51d5d1de-groupManagement] INFO  server.RaftServerConfigKeys (ConfUtils.java:logGet(46)) - raft.server.log.preallocated.size = 4194304 (custom)
2024-01-14 17:00:28,625 [bc0247fb-4108-4537-bc2d-6aaa51d5d1de-groupManagement] INFO  server.RaftServerConfigKeys (ConfUtils.java:logGet(46)) - raft.server.log.force.sync.num = 128 (default)
2024-01-14 17:00:28,625 [bc0247fb-4108-4537-bc2d-6aaa51d5d1de-groupManagement] INFO  server.RaftServerConfigKeys (ConfUtils.java:logGet(46)) - raft.server.log.statemachine.data.sync = true (default)
2024-01-14 17:00:28,626 [bc0247fb-4108-4537-bc2d-6aaa51d5d1de-groupManagement] INFO  server.RaftServerConfigKeys (ConfUtils.java:logGet(46)) - raft.server.log.statemachine.data.sync.timeout = 10s (default)
2024-01-14 17:00:28,626 [bc0247fb-4108-4537-bc2d-6aaa51d5d1de-groupManagement] INFO  server.RaftServerConfigKeys (ConfUtils.java:logGet(46)) - raft.server.log.statemachine.data.sync.timeout.retry = 0 (custom)
2024-01-14 17:00:28,626 [bc0247fb-4108-4537-bc2d-6aaa51d5d1de-groupManagement] INFO  server.RaftServerConfigKeys (ConfUtils.java:logGet(46)) - raft.server.log.write.buffer.size = 8388616 (custom)
2024-01-14 17:00:28,627 [bc0247fb-4108-4537-bc2d-6aaa51d5d1de-groupManagement] INFO  server.RaftServerConfigKeys (ConfUtils.java:logGet(46)) - raft.server.log.appender.buffer.byte-limit = 8388608 (custom)
2024-01-14 17:00:28,627 [bc0247fb-4108-4537-bc2d-6aaa51d5d1de-groupManagement] INFO  server.RaftServerConfigKeys (ConfUtils.java:logGet(46)) - raft.server.log.unsafe-flush.enabled = false (default)
2024-01-14 17:00:28,627 [bc0247fb-4108-4537-bc2d-6aaa51d5d1de-groupManagement] INFO  server.RaftServerConfigKeys (ConfUtils.java:logGet(46)) - raft.server.log.async-flush.enabled = false (default)
2024-01-14 17:00:28,627 [bc0247fb-4108-4537-bc2d-6aaa51d5d1de-groupManagement] INFO  server.RaftServerConfigKeys (ConfUtils.java:logGet(46)) - raft.server.log.statemachine.data.caching.enabled = true (custom)
2024-01-14 17:00:28,627 [bc0247fb-4108-4537-bc2d-6aaa51d5d1de-groupManagement] INFO  segmented.SegmentedRaftLogWorker (SegmentedRaftLogWorker.java:lambda$new$0(134)) - bc0247fb-4108-4537-bc2d-6aaa51d5d1de@group-06836EA6AD0D-SegmentedRaftLogWorker: flushIndex: setUnconditionally 0 -> -1
2024-01-14 17:00:28,627 [bc0247fb-4108-4537-bc2d-6aaa51d5d1de-groupManagement] INFO  segmented.SegmentedRaftLogWorker (SegmentedRaftLogWorker.java:lambda$new$0(134)) - bc0247fb-4108-4537-bc2d-6aaa51d5d1de@group-06836EA6AD0D-SegmentedRaftLogWorker: safeCacheEvictIndex: setUnconditionally 0 -> -1
2024-01-14 17:00:28,627 [bc0247fb-4108-4537-bc2d-6aaa51d5d1de-groupManagement] INFO  server.RaftServer$Division (RaftServerImpl.java:start(396)) - bc0247fb-4108-4537-bc2d-6aaa51d5d1de@group-06836EA6AD0D: start as a follower, conf=-1: peers:[bc0247fb-4108-4537-bc2d-6aaa51d5d1de|10.1.0.34:15415]|listeners:[], old=null
2024-01-14 17:00:28,627 [bc0247fb-4108-4537-bc2d-6aaa51d5d1de-groupManagement] INFO  server.RaftServer$Division (RaftServerImpl.java:setRole(383)) - bc0247fb-4108-4537-bc2d-6aaa51d5d1de@group-06836EA6AD0D: changes role from      null to FOLLOWER at term 0 for startAsFollower
2024-01-14 17:00:28,627 [bc0247fb-4108-4537-bc2d-6aaa51d5d1de-groupManagement] INFO  impl.RoleInfo (RoleInfo.java:updateAndGet(139)) - bc0247fb-4108-4537-bc2d-6aaa51d5d1de: start bc0247fb-4108-4537-bc2d-6aaa51d5d1de@group-06836EA6AD0D-FollowerState
2024-01-14 17:00:28,628 [bc0247fb-4108-4537-bc2d-6aaa51d5d1de-groupManagement] INFO  util.JmxRegister (JmxRegister.java:tryRegister(44)) - Successfully registered JMX Bean with object name Ratis:service=RaftServer,group=group-06836EA6AD0D,id=bc0247fb-4108-4537-bc2d-6aaa51d5d1de
2024-01-14 17:00:28,628 [bc0247fb-4108-4537-bc2d-6aaa51d5d1de@group-06836EA6AD0D-FollowerState] INFO  server.RaftServerConfigKeys (ConfUtils.java:logFallback(53)) - raft.server.rpc.first-election.timeout.min = 5s (fallback to raft.server.rpc.timeout.min)
2024-01-14 17:00:28,628 [bc0247fb-4108-4537-bc2d-6aaa51d5d1de-groupManagement] INFO  server.RaftServerConfigKeys (ConfUtils.java:logGet(46)) - raft.server.snapshot.trigger-when-stop.enabled = true (default)
2024-01-14 17:00:28,628 [bc0247fb-4108-4537-bc2d-6aaa51d5d1de@group-06836EA6AD0D-FollowerState] INFO  server.RaftServerConfigKeys (ConfUtils.java:logFallback(53)) - raft.server.rpc.first-election.timeout.max = 5200ms (fallback to raft.server.rpc.timeout.max)
2024-01-14 17:00:28,628 [bc0247fb-4108-4537-bc2d-6aaa51d5d1de-groupManagement] INFO  server.RaftServerConfigKeys (ConfUtils.java:logGet(46)) - raft.server.snapshot.auto.trigger.enabled = true (custom)
2024-01-14 17:00:28,628 [bc0247fb-4108-4537-bc2d-6aaa51d5d1de-groupManagement] INFO  server.RaftServerConfigKeys (ConfUtils.java:logGet(46)) - raft.server.snapshot.auto.trigger.threshold = 10000 (custom)
2024-01-14 17:00:28,628 [bc0247fb-4108-4537-bc2d-6aaa51d5d1de-groupManagement] INFO  server.RaftServerConfigKeys (ConfUtils.java:logGet(46)) - raft.server.snapshot.retention.file.num = 5 (custom)
2024-01-14 17:00:28,628 [bc0247fb-4108-4537-bc2d-6aaa51d5d1de-groupManagement] INFO  server.RaftServerConfigKeys (ConfUtils.java:logGet(46)) - raft.server.log.purge.upto.snapshot.index = false (default)
2024-01-14 17:00:28,628 [bc0247fb-4108-4537-bc2d-6aaa51d5d1de-PipelineCommandHandlerThread-0] INFO  ratis.XceiverServerRatis (XceiverServerRatis.java:addGroup(842)) - Created group PipelineID=f0eb859b-33e3-4e01-9825-06836ea6ad0d
2024-01-14 17:00:28,628 [bc0247fb-4108-4537-bc2d-6aaa51d5d1de-PipelineCommandHandlerThread-0] INFO  commandhandler.CreatePipelineCommandHandler (CreatePipelineCommandHandler.java:lambda$handle$2(124)) - Created Pipeline RATIS ONE PipelineID=f0eb859b-33e3-4e01-9825-06836ea6ad0d.
2024-01-14 17:00:28,705 [01ac3795-95be-4125-9c80-d1d2d581a769-PipelineCommandHandlerThread-0] INFO  server.RaftServer (RaftServerProxy.java:addNew(100)) - 01ac3795-95be-4125-9c80-d1d2d581a769: addNew group-6A4183A07BF3:[01ac3795-95be-4125-9c80-d1d2d581a769|10.1.0.34:15424] returns group-6A4183A07BF3:java.util.concurrent.CompletableFuture@5afacbd2[Not completed]
2024-01-14 17:00:28,706 [01ac3795-95be-4125-9c80-d1d2d581a769-groupManagement] INFO  server.RaftServer$Division (RaftServerImpl.java:<init>(256)) - 01ac3795-95be-4125-9c80-d1d2d581a769: new RaftServerImpl for group-6A4183A07BF3:[01ac3795-95be-4125-9c80-d1d2d581a769|10.1.0.34:15424] with ContainerStateMachine:uninitialized
2024-01-14 17:00:28,706 [01ac3795-95be-4125-9c80-d1d2d581a769-groupManagement] INFO  server.RaftServerConfigKeys (ConfUtils.java:logGet(46)) - raft.server.rpc.timeout.min = 5s (custom)
2024-01-14 17:00:28,706 [01ac3795-95be-4125-9c80-d1d2d581a769-groupManagement] INFO  server.RaftServerConfigKeys (ConfUtils.java:logGet(46)) - raft.server.rpc.timeout.max = 5200ms (custom)
2024-01-14 17:00:28,706 [01ac3795-95be-4125-9c80-d1d2d581a769-groupManagement] INFO  server.RaftServerConfigKeys (ConfUtils.java:logGet(46)) - raft.server.rpc.sleep.time = 25ms (default)
2024-01-14 17:00:28,706 [01ac3795-95be-4125-9c80-d1d2d581a769-groupManagement] INFO  server.RaftServerConfigKeys (ConfUtils.java:logGet(46)) - raft.server.rpc.slowness.timeout = 300000ms (custom)
2024-01-14 17:00:28,706 [01ac3795-95be-4125-9c80-d1d2d581a769-groupManagement] INFO  server.RaftServerConfigKeys (ConfUtils.java:logGet(46)) - raft.server.leaderelection.leader.step-down.wait-time = 10s (default)
2024-01-14 17:00:28,706 [01ac3795-95be-4125-9c80-d1d2d581a769-groupManagement] INFO  server.RaftServerConfigKeys (ConfUtils.java:logGet(46)) - raft.server.leaderelection.member.majority-add = false (default)
2024-01-14 17:00:28,706 [01ac3795-95be-4125-9c80-d1d2d581a769-groupManagement] INFO  server.RaftServerConfigKeys (ConfUtils.java:logGet(46)) - raft.server.sleep.deviation.threshold = 300ms (default)
2024-01-14 17:00:28,707 [01ac3795-95be-4125-9c80-d1d2d581a769-groupManagement] INFO  server.RaftServer$Division (ServerState.java:<init>(113)) - 01ac3795-95be-4125-9c80-d1d2d581a769@group-6A4183A07BF3: ConfigurationManager, init=-1: peers:[01ac3795-95be-4125-9c80-d1d2d581a769|10.1.0.34:15424]|listeners:[], old=null, confs=<EMPTY_MAP>
2024-01-14 17:00:28,707 [01ac3795-95be-4125-9c80-d1d2d581a769-groupManagement] INFO  server.RaftServerConfigKeys (ConfUtils.java:logGet(46)) - raft.server.notification.no-leader.timeout = 300000ms (custom)
2024-01-14 17:00:28,707 [01ac3795-95be-4125-9c80-d1d2d581a769-groupManagement] INFO  server.RaftServerConfigKeys (ConfUtils.java:logGet(46)) - raft.server.read.timeout = 10s (default)
2024-01-14 17:00:28,707 [01ac3795-95be-4125-9c80-d1d2d581a769-groupManagement] INFO  server.RaftServerConfigKeys (ConfUtils.java:logGet(46)) - raft.server.retrycache.expirytime = 600000ms (custom)
2024-01-14 17:00:28,707 [01ac3795-95be-4125-9c80-d1d2d581a769-groupManagement] INFO  server.RaftServerConfigKeys (ConfUtils.java:logGet(46)) - raft.server.retrycache.statistics.expirytime = 100ms (default)
2024-01-14 17:00:28,707 [01ac3795-95be-4125-9c80-d1d2d581a769-groupManagement] INFO  server.RaftServerConfigKeys (ConfUtils.java:logGet(46)) - raft.server.read.option = DEFAULT (default)
2024-01-14 17:00:28,707 [01ac3795-95be-4125-9c80-d1d2d581a769-groupManagement] INFO  server.RaftServerConfigKeys (ConfUtils.java:logGet(46)) - raft.server.read.read-after-write-consistent.write-index-cache.expiry-time = 60s (default)
2024-01-14 17:00:28,708 [01ac3795-95be-4125-9c80-d1d2d581a769-groupManagement] INFO  server.RaftServerConfigKeys (ConfUtils.java:logGet(46)) - raft.server.rpc.request.timeout = 3000ms (default)
2024-01-14 17:00:28,708 [01ac3795-95be-4125-9c80-d1d2d581a769-groupManagement] INFO  server.RaftServerConfigKeys (ConfUtils.java:logGet(46)) - raft.server.log.appender.install.snapshot.enabled = false (custom)
2024-01-14 17:00:28,708 [01ac3795-95be-4125-9c80-d1d2d581a769-groupManagement] INFO  server.RaftServerConfigKeys (ConfUtils.java:logGet(46)) - raft.server.threadpool.server.cached = true (default)
2024-01-14 17:00:28,709 [01ac3795-95be-4125-9c80-d1d2d581a769-groupManagement] INFO  server.RaftServerConfigKeys (ConfUtils.java:logGet(46)) - raft.server.threadpool.server.size = 0 (default)
2024-01-14 17:00:28,709 [01ac3795-95be-4125-9c80-d1d2d581a769-groupManagement] INFO  server.RaftServerConfigKeys (ConfUtils.java:logGet(46)) - raft.server.threadpool.client.cached = true (default)
2024-01-14 17:00:28,709 [01ac3795-95be-4125-9c80-d1d2d581a769-groupManagement] INFO  server.RaftServerConfigKeys (ConfUtils.java:logGet(46)) - raft.server.threadpool.client.size = 0 (default)
2024-01-14 17:00:28,709 [01ac3795-95be-4125-9c80-d1d2d581a769-groupManagement] INFO  server.RaftServerConfigKeys (ConfUtils.java:logGet(46)) - raft.server.storage.free-space.min = 0MB (=0) (default)
2024-01-14 17:00:28,709 [01ac3795-95be-4125-9c80-d1d2d581a769-groupManagement] INFO  server.RaftServerConfigKeys (ConfUtils.java:logGet(46)) - raft.server.log.corruption.policy = EXCEPTION (default)
2024-01-14 17:00:28,709 [01ac3795-95be-4125-9c80-d1d2d581a769-groupManagement] INFO  server.RaftServerConfigKeys (ConfUtils.java:logGet(46)) - raft.server.storage.dir = [/home/runner/work/ozone/ozone/hadoop-ozone/integration-test/target/test-dir/MiniOzoneClusterImpl-55f63948-b302-44a8-9a44-732f3ddcab57/datanode-6/data/ratis] (custom)
2024-01-14 17:00:28,709 [01ac3795-95be-4125-9c80-d1d2d581a769-groupManagement] INFO  storage.RaftStorageDirectory (RaftStorageDirectoryImpl.java:analyzeStorage(138)) - The storage directory /home/runner/work/ozone/ozone/hadoop-ozone/integration-test/target/test-dir/MiniOzoneClusterImpl-55f63948-b302-44a8-9a44-732f3ddcab57/datanode-6/data/ratis/75727a6d-8bda-4aac-82ef-6a4183a07bf3 does not exist. Creating ...
2024-01-14 17:00:28,710 [01ac3795-95be-4125-9c80-d1d2d581a769-groupManagement] INFO  storage.RaftStorageDirectory (RaftStorageDirectoryImpl.java:tryLock(228)) - Lock on /home/runner/work/ozone/ozone/hadoop-ozone/integration-test/target/test-dir/MiniOzoneClusterImpl-55f63948-b302-44a8-9a44-732f3ddcab57/datanode-6/data/ratis/75727a6d-8bda-4aac-82ef-6a4183a07bf3/in_use.lock acquired by nodename 93954@fv-az1248-16
2024-01-14 17:00:28,711 [01ac3795-95be-4125-9c80-d1d2d581a769-groupManagement] INFO  storage.RaftStorage (RaftStorageImpl.java:format(99)) - Storage directory /home/runner/work/ozone/ozone/hadoop-ozone/integration-test/target/test-dir/MiniOzoneClusterImpl-55f63948-b302-44a8-9a44-732f3ddcab57/datanode-6/data/ratis/75727a6d-8bda-4aac-82ef-6a4183a07bf3 has been successfully formatted.
2024-01-14 17:00:28,711 [01ac3795-95be-4125-9c80-d1d2d581a769-groupManagement] WARN  util.FileUtils (LogUtils.java:supplyAndLog(63)) - Failed to Files.newInputStream /home/runner/work/ozone/ozone/hadoop-ozone/integration-test/target/test-dir/MiniOzoneClusterImpl-55f63948-b302-44a8-9a44-732f3ddcab57/datanode-6/data/ratis/75727a6d-8bda-4aac-82ef-6a4183a07bf3/current/raft-meta.conf with options []: java.nio.file.NoSuchFileException: /home/runner/work/ozone/ozone/hadoop-ozone/integration-test/target/test-dir/MiniOzoneClusterImpl-55f63948-b302-44a8-9a44-732f3ddcab57/datanode-6/data/ratis/75727a6d-8bda-4aac-82ef-6a4183a07bf3/current/raft-meta.conf
2024-01-14 17:00:28,712 [01ac3795-95be-4125-9c80-d1d2d581a769-groupManagement] INFO  ratis.ContainerStateMachine (ContainerStateMachine.java:loadSnapshot(287)) - group-6A4183A07BF3: The snapshot info is null. Setting the last applied index to:(t:0, i:~)
2024-01-14 17:00:28,712 [01ac3795-95be-4125-9c80-d1d2d581a769-groupManagement] INFO  server.RaftServerConfigKeys (ConfUtils.java:logGet(46)) - raft.server.log.use.memory = false (default)
2024-01-14 17:00:28,712 [01ac3795-95be-4125-9c80-d1d2d581a769-groupManagement] INFO  server.RaftServerConfigKeys (ConfUtils.java:logGet(46)) - raft.server.log.purge.gap = 1000000 (custom)
2024-01-14 17:00:28,712 [01ac3795-95be-4125-9c80-d1d2d581a769-groupManagement] INFO  server.RaftServerConfigKeys (ConfUtils.java:logGet(46)) - raft.server.log.appender.buffer.byte-limit = 8388608 (custom)
2024-01-14 17:00:28,712 [01ac3795-95be-4125-9c80-d1d2d581a769-groupManagement] INFO  server.RaftServerConfigKeys (ConfUtils.java:logGet(46)) - raft.server.log.statemachine.data.read.timeout = 1000ms (default)
2024-01-14 17:00:28,712 [01ac3795-95be-4125-9c80-d1d2d581a769-groupManagement] INFO  server.RaftServerConfigKeys (ConfUtils.java:logGet(46)) - raft.server.log.purge.preservation.log.num = 0 (default)
2024-01-14 17:00:28,713 [EventQueue-PipelineReportForPipelineReportHandler] INFO  pipeline.PipelineReportHandler (PipelineReportHandler.java:processPipelineReport(136)) - Opened pipeline PipelineID=75727a6d-8bda-4aac-82ef-6a4183a07bf3
2024-01-14 17:00:28,713 [EventQueue-OpenPipelineForHealthyPipelineSafeModeRule] INFO  safemode.SCMSafeModeManager (HealthyPipelineSafeModeRule.java:process(140)) - SCM in safe mode. Healthy pipelines reported count is 0, required healthy pipeline reported count is 1
2024-01-14 17:00:28,713 [01ac3795-95be-4125-9c80-d1d2d581a769-groupManagement] INFO  server.RaftServerConfigKeys (ConfUtils.java:logGet(46)) - raft.server.log.segment.size.max = 67108864 (custom)
2024-01-14 17:00:28,714 [01ac3795-95be-4125-9c80-d1d2d581a769-groupManagement] INFO  server.RaftServerConfigKeys (ConfUtils.java:logGet(46)) - raft.server.log.segment.cache.num.max = 2 (custom)
2024-01-14 17:00:28,714 [01ac3795-95be-4125-9c80-d1d2d581a769-groupManagement] INFO  server.RaftServerConfigKeys (ConfUtils.java:logGet(46)) - raft.server.log.segment.cache.size.max = 200MB (=209715200) (default)
2024-01-14 17:00:28,714 [01ac3795-95be-4125-9c80-d1d2d581a769-groupManagement] INFO  server.RaftServerConfigKeys (ConfUtils.java:logGet(46)) - raft.server.log.appender.buffer.byte-limit = 8388608 (custom)
2024-01-14 17:00:28,714 [01ac3795-95be-4125-9c80-d1d2d581a769-groupManagement] INFO  util.AwaitToRun (AwaitToRun.java:start(81)) - Thread[01ac3795-95be-4125-9c80-d1d2d581a769@group-6A4183A07BF3-cacheEviction-AwaitToRun,5,main] started
2024-01-14 17:00:28,714 [01ac3795-95be-4125-9c80-d1d2d581a769-groupManagement] INFO  segmented.SegmentedRaftLogWorker (SegmentedRaftLogWorker.java:<init>(182)) - new 01ac3795-95be-4125-9c80-d1d2d581a769@group-6A4183A07BF3-SegmentedRaftLogWorker for RaftStorageImpl:Storage Directory /home/runner/work/ozone/ozone/hadoop-ozone/integration-test/target/test-dir/MiniOzoneClusterImpl-55f63948-b302-44a8-9a44-732f3ddcab57/datanode-6/data/ratis/75727a6d-8bda-4aac-82ef-6a4183a07bf3
2024-01-14 17:00:28,714 [01ac3795-95be-4125-9c80-d1d2d581a769-groupManagement] INFO  server.RaftServerConfigKeys (ConfUtils.java:logGet(46)) - raft.server.log.queue.byte-limit = 4294967296 (custom)
2024-01-14 17:00:28,714 [01ac3795-95be-4125-9c80-d1d2d581a769-groupManagement] INFO  server.RaftServerConfigKeys (ConfUtils.java:logGet(46)) - raft.server.log.queue.element-limit = 1024 (custom)
2024-01-14 17:00:28,714 [01ac3795-95be-4125-9c80-d1d2d581a769-groupManagement] INFO  server.RaftServerConfigKeys (ConfUtils.java:logGet(46)) - raft.server.log.segment.size.max = 67108864 (custom)
2024-01-14 17:00:28,714 [01ac3795-95be-4125-9c80-d1d2d581a769-groupManagement] INFO  server.RaftServerConfigKeys (ConfUtils.java:logGet(46)) - raft.server.log.preallocated.size = 4194304 (custom)
2024-01-14 17:00:28,714 [01ac3795-95be-4125-9c80-d1d2d581a769-groupManagement] INFO  server.RaftServerConfigKeys (ConfUtils.java:logGet(46)) - raft.server.log.force.sync.num = 128 (default)
2024-01-14 17:00:28,714 [01ac3795-95be-4125-9c80-d1d2d581a769-groupManagement] INFO  server.RaftServerConfigKeys (ConfUtils.java:logGet(46)) - raft.server.log.statemachine.data.sync = true (default)
2024-01-14 17:00:28,714 [01ac3795-95be-4125-9c80-d1d2d581a769-groupManagement] INFO  server.RaftServerConfigKeys (ConfUtils.java:logGet(46)) - raft.server.log.statemachine.data.sync.timeout = 10s (default)
2024-01-14 17:00:28,714 [01ac3795-95be-4125-9c80-d1d2d581a769-groupManagement] INFO  server.RaftServerConfigKeys (ConfUtils.java:logGet(46)) - raft.server.log.statemachine.data.sync.timeout.retry = 0 (custom)
2024-01-14 17:00:28,715 [01ac3795-95be-4125-9c80-d1d2d581a769-groupManagement] INFO  server.RaftServerConfigKeys (ConfUtils.java:logGet(46)) - raft.server.log.write.buffer.size = 8388616 (custom)
2024-01-14 17:00:28,716 [01ac3795-95be-4125-9c80-d1d2d581a769-groupManagement] INFO  server.RaftServerConfigKeys (ConfUtils.java:logGet(46)) - raft.server.log.appender.buffer.byte-limit = 8388608 (custom)
2024-01-14 17:00:28,716 [01ac3795-95be-4125-9c80-d1d2d581a769-groupManagement] INFO  server.RaftServerConfigKeys (ConfUtils.java:logGet(46)) - raft.server.log.unsafe-flush.enabled = false (default)
2024-01-14 17:00:28,716 [01ac3795-95be-4125-9c80-d1d2d581a769-groupManagement] INFO  server.RaftServerConfigKeys (ConfUtils.java:logGet(46)) - raft.server.log.async-flush.enabled = false (default)
2024-01-14 17:00:28,716 [01ac3795-95be-4125-9c80-d1d2d581a769-groupManagement] INFO  server.RaftServerConfigKeys (ConfUtils.java:logGet(46)) - raft.server.log.statemachine.data.caching.enabled = true (custom)
2024-01-14 17:00:28,716 [01ac3795-95be-4125-9c80-d1d2d581a769-groupManagement] INFO  segmented.SegmentedRaftLogWorker (SegmentedRaftLogWorker.java:lambda$new$0(134)) - 01ac3795-95be-4125-9c80-d1d2d581a769@group-6A4183A07BF3-SegmentedRaftLogWorker: flushIndex: setUnconditionally 0 -> -1
2024-01-14 17:00:28,716 [01ac3795-95be-4125-9c80-d1d2d581a769-groupManagement] INFO  segmented.SegmentedRaftLogWorker (SegmentedRaftLogWorker.java:lambda$new$0(134)) - 01ac3795-95be-4125-9c80-d1d2d581a769@group-6A4183A07BF3-SegmentedRaftLogWorker: safeCacheEvictIndex: setUnconditionally 0 -> -1
2024-01-14 17:00:28,717 [01ac3795-95be-4125-9c80-d1d2d581a769-groupManagement] INFO  server.RaftServer$Division (RaftServerImpl.java:start(396)) - 01ac3795-95be-4125-9c80-d1d2d581a769@group-6A4183A07BF3: start as a follower, conf=-1: peers:[01ac3795-95be-4125-9c80-d1d2d581a769|10.1.0.34:15424]|listeners:[], old=null
2024-01-14 17:00:28,717 [01ac3795-95be-4125-9c80-d1d2d581a769-groupManagement] INFO  server.RaftServer$Division (RaftServerImpl.java:setRole(383)) - 01ac3795-95be-4125-9c80-d1d2d581a769@group-6A4183A07BF3: changes role from      null to FOLLOWER at term 0 for startAsFollower
2024-01-14 17:00:28,717 [01ac3795-95be-4125-9c80-d1d2d581a769-groupManagement] INFO  impl.RoleInfo (RoleInfo.java:updateAndGet(139)) - 01ac3795-95be-4125-9c80-d1d2d581a769: start 01ac3795-95be-4125-9c80-d1d2d581a769@group-6A4183A07BF3-FollowerState
2024-01-14 17:00:28,717 [01ac3795-95be-4125-9c80-d1d2d581a769@group-6A4183A07BF3-FollowerState] INFO  server.RaftServerConfigKeys (ConfUtils.java:logFallback(53)) - raft.server.rpc.first-election.timeout.min = 5s (fallback to raft.server.rpc.timeout.min)
2024-01-14 17:00:28,717 [01ac3795-95be-4125-9c80-d1d2d581a769@group-6A4183A07BF3-FollowerState] INFO  server.RaftServerConfigKeys (ConfUtils.java:logFallback(53)) - raft.server.rpc.first-election.timeout.max = 5200ms (fallback to raft.server.rpc.timeout.max)
2024-01-14 17:00:28,717 [01ac3795-95be-4125-9c80-d1d2d581a769-groupManagement] INFO  util.JmxRegister (JmxRegister.java:tryRegister(44)) - Successfully registered JMX Bean with object name Ratis:service=RaftServer,group=group-6A4183A07BF3,id=01ac3795-95be-4125-9c80-d1d2d581a769
2024-01-14 17:00:28,717 [01ac3795-95be-4125-9c80-d1d2d581a769-groupManagement] INFO  server.RaftServerConfigKeys (ConfUtils.java:logGet(46)) - raft.server.snapshot.trigger-when-stop.enabled = true (default)
2024-01-14 17:00:28,717 [01ac3795-95be-4125-9c80-d1d2d581a769-groupManagement] INFO  server.RaftServerConfigKeys (ConfUtils.java:logGet(46)) - raft.server.snapshot.auto.trigger.enabled = true (custom)
2024-01-14 17:00:28,717 [01ac3795-95be-4125-9c80-d1d2d581a769-groupManagement] INFO  server.RaftServerConfigKeys (ConfUtils.java:logGet(46)) - raft.server.snapshot.auto.trigger.threshold = 10000 (custom)
2024-01-14 17:00:28,717 [01ac3795-95be-4125-9c80-d1d2d581a769-groupManagement] INFO  server.RaftServerConfigKeys (ConfUtils.java:logGet(46)) - raft.server.snapshot.retention.file.num = 5 (custom)
2024-01-14 17:00:28,717 [01ac3795-95be-4125-9c80-d1d2d581a769-groupManagement] INFO  server.RaftServerConfigKeys (ConfUtils.java:logGet(46)) - raft.server.log.purge.upto.snapshot.index = false (default)
2024-01-14 17:00:28,718 [01ac3795-95be-4125-9c80-d1d2d581a769-PipelineCommandHandlerThread-0] INFO  ratis.XceiverServerRatis (XceiverServerRatis.java:addGroup(842)) - Created group PipelineID=75727a6d-8bda-4aac-82ef-6a4183a07bf3
2024-01-14 17:00:28,718 [01ac3795-95be-4125-9c80-d1d2d581a769-PipelineCommandHandlerThread-0] INFO  commandhandler.CreatePipelineCommandHandler (CreatePipelineCommandHandler.java:lambda$handle$2(124)) - Created Pipeline RATIS ONE PipelineID=75727a6d-8bda-4aac-82ef-6a4183a07bf3.
2024-01-14 17:00:28,718 [01ac3795-95be-4125-9c80-d1d2d581a769-PipelineCommandHandlerThread-0] INFO  server.RaftServer (RaftServerProxy.java:addNew(100)) - 01ac3795-95be-4125-9c80-d1d2d581a769: addNew group-9AEBABF676F3:[31061ca7-84d9-4b7e-bdb5-51e4d8805ce5|10.1.0.34:15433, 01ac3795-95be-4125-9c80-d1d2d581a769|10.1.0.34:15424, fdbfaedf-7027-42ee-aaca-8580b78dbea6|10.1.0.34:15442] returns group-9AEBABF676F3:java.util.concurrent.CompletableFuture@5ec55455[Not completed]
2024-01-14 17:00:28,719 [01ac3795-95be-4125-9c80-d1d2d581a769-groupManagement] INFO  server.RaftServer$Division (RaftServerImpl.java:<init>(256)) - 01ac3795-95be-4125-9c80-d1d2d581a769: new RaftServerImpl for group-9AEBABF676F3:[31061ca7-84d9-4b7e-bdb5-51e4d8805ce5|10.1.0.34:15433, 01ac3795-95be-4125-9c80-d1d2d581a769|10.1.0.34:15424, fdbfaedf-7027-42ee-aaca-8580b78dbea6|10.1.0.34:15442] with ContainerStateMachine:uninitialized
2024-01-14 17:00:28,719 [01ac3795-95be-4125-9c80-d1d2d581a769-groupManagement] INFO  server.RaftServerConfigKeys (ConfUtils.java:logGet(46)) - raft.server.rpc.timeout.min = 5s (custom)
2024-01-14 17:00:28,719 [01ac3795-95be-4125-9c80-d1d2d581a769-groupManagement] INFO  server.RaftServerConfigKeys (ConfUtils.java:logGet(46)) - raft.server.rpc.timeout.max = 5200ms (custom)
2024-01-14 17:00:28,719 [01ac3795-95be-4125-9c80-d1d2d581a769-groupManagement] INFO  server.RaftServerConfigKeys (ConfUtils.java:logGet(46)) - raft.server.rpc.sleep.time = 25ms (default)
2024-01-14 17:00:28,719 [01ac3795-95be-4125-9c80-d1d2d581a769-groupManagement] INFO  server.RaftServerConfigKeys (ConfUtils.java:logGet(46)) - raft.server.rpc.slowness.timeout = 300000ms (custom)
2024-01-14 17:00:28,719 [01ac3795-95be-4125-9c80-d1d2d581a769-groupManagement] INFO  server.RaftServerConfigKeys (ConfUtils.java:logGet(46)) - raft.server.leaderelection.leader.step-down.wait-time = 10s (default)
2024-01-14 17:00:28,719 [01ac3795-95be-4125-9c80-d1d2d581a769-groupManagement] INFO  server.RaftServerConfigKeys (ConfUtils.java:logGet(46)) - raft.server.leaderelection.member.majority-add = false (default)
2024-01-14 17:00:28,719 [01ac3795-95be-4125-9c80-d1d2d581a769-groupManagement] INFO  server.RaftServerConfigKeys (ConfUtils.java:logGet(46)) - raft.server.sleep.deviation.threshold = 300ms (default)
2024-01-14 17:00:28,719 [01ac3795-95be-4125-9c80-d1d2d581a769-groupManagement] INFO  server.RaftServer$Division (ServerState.java:<init>(113)) - 01ac3795-95be-4125-9c80-d1d2d581a769@group-9AEBABF676F3: ConfigurationManager, init=-1: peers:[31061ca7-84d9-4b7e-bdb5-51e4d8805ce5|10.1.0.34:15433, 01ac3795-95be-4125-9c80-d1d2d581a769|10.1.0.34:15424, fdbfaedf-7027-42ee-aaca-8580b78dbea6|10.1.0.34:15442]|listeners:[], old=null, confs=<EMPTY_MAP>
2024-01-14 17:00:28,719 [01ac3795-95be-4125-9c80-d1d2d581a769-groupManagement] INFO  server.RaftServerConfigKeys (ConfUtils.java:logGet(46)) - raft.server.notification.no-leader.timeout = 300000ms (custom)
2024-01-14 17:00:28,719 [01ac3795-95be-4125-9c80-d1d2d581a769-groupManagement] INFO  server.RaftServerConfigKeys (ConfUtils.java:logGet(46)) - raft.server.read.timeout = 10s (default)
2024-01-14 17:00:28,719 [01ac3795-95be-4125-9c80-d1d2d581a769-groupManagement] INFO  server.RaftServerConfigKeys (ConfUtils.java:logGet(46)) - raft.server.retrycache.expirytime = 600000ms (custom)
2024-01-14 17:00:28,719 [01ac3795-95be-4125-9c80-d1d2d581a769-groupManagement] INFO  server.RaftServerConfigKeys (ConfUtils.java:logGet(46)) - raft.server.retrycache.statistics.expirytime = 100ms (default)
2024-01-14 17:00:28,719 [01ac3795-95be-4125-9c80-d1d2d581a769-groupManagement] INFO  server.RaftServerConfigKeys (ConfUtils.java:logGet(46)) - raft.server.read.option = DEFAULT (default)
2024-01-14 17:00:28,719 [01ac3795-95be-4125-9c80-d1d2d581a769-groupManagement] INFO  server.RaftServerConfigKeys (ConfUtils.java:logGet(46)) - raft.server.read.read-after-write-consistent.write-index-cache.expiry-time = 60s (default)
2024-01-14 17:00:28,721 [01ac3795-95be-4125-9c80-d1d2d581a769-groupManagement] INFO  server.RaftServerConfigKeys (ConfUtils.java:logGet(46)) - raft.server.rpc.request.timeout = 3000ms (default)
2024-01-14 17:00:28,721 [01ac3795-95be-4125-9c80-d1d2d581a769-groupManagement] INFO  server.RaftServerConfigKeys (ConfUtils.java:logGet(46)) - raft.server.log.appender.install.snapshot.enabled = false (custom)
2024-01-14 17:00:28,721 [01ac3795-95be-4125-9c80-d1d2d581a769-groupManagement] INFO  server.RaftServerConfigKeys (ConfUtils.java:logGet(46)) - raft.server.threadpool.server.cached = true (default)
2024-01-14 17:00:28,721 [01ac3795-95be-4125-9c80-d1d2d581a769-groupManagement] INFO  server.RaftServerConfigKeys (ConfUtils.java:logGet(46)) - raft.server.threadpool.server.size = 0 (default)
2024-01-14 17:00:28,721 [01ac3795-95be-4125-9c80-d1d2d581a769-groupManagement] INFO  server.RaftServerConfigKeys (ConfUtils.java:logGet(46)) - raft.server.threadpool.client.cached = true (default)
2024-01-14 17:00:28,721 [01ac3795-95be-4125-9c80-d1d2d581a769-groupManagement] INFO  server.RaftServerConfigKeys (ConfUtils.java:logGet(46)) - raft.server.threadpool.client.size = 0 (default)
2024-01-14 17:00:28,721 [01ac3795-95be-4125-9c80-d1d2d581a769-groupManagement] INFO  server.RaftServerConfigKeys (ConfUtils.java:logGet(46)) - raft.server.storage.free-space.min = 0MB (=0) (default)
2024-01-14 17:00:28,721 [01ac3795-95be-4125-9c80-d1d2d581a769-groupManagement] INFO  server.RaftServerConfigKeys (ConfUtils.java:logGet(46)) - raft.server.log.corruption.policy = EXCEPTION (default)
2024-01-14 17:00:28,721 [01ac3795-95be-4125-9c80-d1d2d581a769-groupManagement] INFO  server.RaftServerConfigKeys (ConfUtils.java:logGet(46)) - raft.server.storage.dir = [/home/runner/work/ozone/ozone/hadoop-ozone/integration-test/target/test-dir/MiniOzoneClusterImpl-55f63948-b302-44a8-9a44-732f3ddcab57/datanode-6/data/ratis] (custom)
2024-01-14 17:00:28,721 [01ac3795-95be-4125-9c80-d1d2d581a769-groupManagement] INFO  storage.RaftStorageDirectory (RaftStorageDirectoryImpl.java:analyzeStorage(138)) - The storage directory /home/runner/work/ozone/ozone/hadoop-ozone/integration-test/target/test-dir/MiniOzoneClusterImpl-55f63948-b302-44a8-9a44-732f3ddcab57/datanode-6/data/ratis/c909b760-5f23-4c48-ab3d-9aebabf676f3 does not exist. Creating ...
2024-01-14 17:00:28,722 [01ac3795-95be-4125-9c80-d1d2d581a769-groupManagement] INFO  storage.RaftStorageDirectory (RaftStorageDirectoryImpl.java:tryLock(228)) - Lock on /home/runner/work/ozone/ozone/hadoop-ozone/integration-test/target/test-dir/MiniOzoneClusterImpl-55f63948-b302-44a8-9a44-732f3ddcab57/datanode-6/data/ratis/c909b760-5f23-4c48-ab3d-9aebabf676f3/in_use.lock acquired by nodename 93954@fv-az1248-16
2024-01-14 17:00:28,723 [01ac3795-95be-4125-9c80-d1d2d581a769-groupManagement] INFO  storage.RaftStorage (RaftStorageImpl.java:format(99)) - Storage directory /home/runner/work/ozone/ozone/hadoop-ozone/integration-test/target/test-dir/MiniOzoneClusterImpl-55f63948-b302-44a8-9a44-732f3ddcab57/datanode-6/data/ratis/c909b760-5f23-4c48-ab3d-9aebabf676f3 has been successfully formatted.
2024-01-14 17:00:28,723 [01ac3795-95be-4125-9c80-d1d2d581a769-groupManagement] WARN  util.FileUtils (LogUtils.java:supplyAndLog(63)) - Failed to Files.newInputStream /home/runner/work/ozone/ozone/hadoop-ozone/integration-test/target/test-dir/MiniOzoneClusterImpl-55f63948-b302-44a8-9a44-732f3ddcab57/datanode-6/data/ratis/c909b760-5f23-4c48-ab3d-9aebabf676f3/current/raft-meta.conf with options []: java.nio.file.NoSuchFileException: /home/runner/work/ozone/ozone/hadoop-ozone/integration-test/target/test-dir/MiniOzoneClusterImpl-55f63948-b302-44a8-9a44-732f3ddcab57/datanode-6/data/ratis/c909b760-5f23-4c48-ab3d-9aebabf676f3/current/raft-meta.conf
2024-01-14 17:00:28,723 [01ac3795-95be-4125-9c80-d1d2d581a769-groupManagement] INFO  ratis.ContainerStateMachine (ContainerStateMachine.java:loadSnapshot(287)) - group-9AEBABF676F3: The snapshot info is null. Setting the last applied index to:(t:0, i:~)
2024-01-14 17:00:28,723 [01ac3795-95be-4125-9c80-d1d2d581a769-groupManagement] INFO  server.RaftServerConfigKeys (ConfUtils.java:logGet(46)) - raft.server.log.use.memory = false (default)
2024-01-14 17:00:28,723 [01ac3795-95be-4125-9c80-d1d2d581a769-groupManagement] INFO  server.RaftServerConfigKeys (ConfUtils.java:logGet(46)) - raft.server.log.purge.gap = 1000000 (custom)
2024-01-14 17:00:28,723 [01ac3795-95be-4125-9c80-d1d2d581a769-groupManagement] INFO  server.RaftServerConfigKeys (ConfUtils.java:logGet(46)) - raft.server.log.appender.buffer.byte-limit = 8388608 (custom)
2024-01-14 17:00:28,723 [01ac3795-95be-4125-9c80-d1d2d581a769-groupManagement] INFO  server.RaftServerConfigKeys (ConfUtils.java:logGet(46)) - raft.server.log.statemachine.data.read.timeout = 1000ms (default)
2024-01-14 17:00:28,723 [01ac3795-95be-4125-9c80-d1d2d581a769-groupManagement] INFO  server.RaftServerConfigKeys (ConfUtils.java:logGet(46)) - raft.server.log.purge.preservation.log.num = 0 (default)
2024-01-14 17:00:28,724 [EventQueue-OpenPipelineForHealthyPipelineSafeModeRule] INFO  safemode.SCMSafeModeManager (HealthyPipelineSafeModeRule.java:process(140)) - SCM in safe mode. Healthy pipelines reported count is 0, required healthy pipeline reported count is 1
2024-01-14 17:00:28,725 [01ac3795-95be-4125-9c80-d1d2d581a769-groupManagement] INFO  server.RaftServerConfigKeys (ConfUtils.java:logGet(46)) - raft.server.log.segment.size.max = 67108864 (custom)
2024-01-14 17:00:28,725 [01ac3795-95be-4125-9c80-d1d2d581a769-groupManagement] INFO  server.RaftServerConfigKeys (ConfUtils.java:logGet(46)) - raft.server.log.segment.cache.num.max = 2 (custom)
2024-01-14 17:00:28,725 [01ac3795-95be-4125-9c80-d1d2d581a769-groupManagement] INFO  server.RaftServerConfigKeys (ConfUtils.java:logGet(46)) - raft.server.log.segment.cache.size.max = 200MB (=209715200) (default)
2024-01-14 17:00:28,725 [01ac3795-95be-4125-9c80-d1d2d581a769-groupManagement] INFO  server.RaftServerConfigKeys (ConfUtils.java:logGet(46)) - raft.server.log.appender.buffer.byte-limit = 8388608 (custom)
2024-01-14 17:00:28,725 [01ac3795-95be-4125-9c80-d1d2d581a769-groupManagement] INFO  util.AwaitToRun (AwaitToRun.java:start(81)) - Thread[01ac3795-95be-4125-9c80-d1d2d581a769@group-9AEBABF676F3-cacheEviction-AwaitToRun,5,main] started
2024-01-14 17:00:28,725 [01ac3795-95be-4125-9c80-d1d2d581a769-groupManagement] INFO  segmented.SegmentedRaftLogWorker (SegmentedRaftLogWorker.java:<init>(182)) - new 01ac3795-95be-4125-9c80-d1d2d581a769@group-9AEBABF676F3-SegmentedRaftLogWorker for RaftStorageImpl:Storage Directory /home/runner/work/ozone/ozone/hadoop-ozone/integration-test/target/test-dir/MiniOzoneClusterImpl-55f63948-b302-44a8-9a44-732f3ddcab57/datanode-6/data/ratis/c909b760-5f23-4c48-ab3d-9aebabf676f3
2024-01-14 17:00:28,725 [01ac3795-95be-4125-9c80-d1d2d581a769-groupManagement] INFO  server.RaftServerConfigKeys (ConfUtils.java:logGet(46)) - raft.server.log.queue.byte-limit = 4294967296 (custom)
2024-01-14 17:00:28,725 [01ac3795-95be-4125-9c80-d1d2d581a769-groupManagement] INFO  server.RaftServerConfigKeys (ConfUtils.java:logGet(46)) - raft.server.log.queue.element-limit = 1024 (custom)
2024-01-14 17:00:28,726 [01ac3795-95be-4125-9c80-d1d2d581a769-groupManagement] INFO  server.RaftServerConfigKeys (ConfUtils.java:logGet(46)) - raft.server.log.segment.size.max = 67108864 (custom)
2024-01-14 17:00:28,726 [01ac3795-95be-4125-9c80-d1d2d581a769-groupManagement] INFO  server.RaftServerConfigKeys (ConfUtils.java:logGet(46)) - raft.server.log.preallocated.size = 4194304 (custom)
2024-01-14 17:00:28,726 [01ac3795-95be-4125-9c80-d1d2d581a769-groupManagement] INFO  server.RaftServerConfigKeys (ConfUtils.java:logGet(46)) - raft.server.log.force.sync.num = 128 (default)
2024-01-14 17:00:28,726 [01ac3795-95be-4125-9c80-d1d2d581a769-groupManagement] INFO  server.RaftServerConfigKeys (ConfUtils.java:logGet(46)) - raft.server.log.statemachine.data.sync = true (default)
2024-01-14 17:00:28,726 [01ac3795-95be-4125-9c80-d1d2d581a769-groupManagement] INFO  server.RaftServerConfigKeys (ConfUtils.java:logGet(46)) - raft.server.log.statemachine.data.sync.timeout = 10s (default)
2024-01-14 17:00:28,726 [01ac3795-95be-4125-9c80-d1d2d581a769-groupManagement] INFO  server.RaftServerConfigKeys (ConfUtils.java:logGet(46)) - raft.server.log.statemachine.data.sync.timeout.retry = 0 (custom)
2024-01-14 17:00:28,726 [01ac3795-95be-4125-9c80-d1d2d581a769-groupManagement] INFO  server.RaftServerConfigKeys (ConfUtils.java:logGet(46)) - raft.server.log.write.buffer.size = 8388616 (custom)
2024-01-14 17:00:28,728 [01ac3795-95be-4125-9c80-d1d2d581a769-groupManagement] INFO  server.RaftServerConfigKeys (ConfUtils.java:logGet(46)) - raft.server.log.appender.buffer.byte-limit = 8388608 (custom)
2024-01-14 17:00:28,728 [01ac3795-95be-4125-9c80-d1d2d581a769-groupManagement] INFO  server.RaftServerConfigKeys (ConfUtils.java:logGet(46)) - raft.server.log.unsafe-flush.enabled = false (default)
2024-01-14 17:00:28,728 [01ac3795-95be-4125-9c80-d1d2d581a769-groupManagement] INFO  server.RaftServerConfigKeys (ConfUtils.java:logGet(46)) - raft.server.log.async-flush.enabled = false (default)
2024-01-14 17:00:28,728 [01ac3795-95be-4125-9c80-d1d2d581a769-groupManagement] INFO  server.RaftServerConfigKeys (ConfUtils.java:logGet(46)) - raft.server.log.statemachine.data.caching.enabled = true (custom)
2024-01-14 17:00:28,728 [01ac3795-95be-4125-9c80-d1d2d581a769-groupManagement] INFO  segmented.SegmentedRaftLogWorker (SegmentedRaftLogWorker.java:lambda$new$0(134)) - 01ac3795-95be-4125-9c80-d1d2d581a769@group-9AEBABF676F3-SegmentedRaftLogWorker: flushIndex: setUnconditionally 0 -> -1
2024-01-14 17:00:28,728 [01ac3795-95be-4125-9c80-d1d2d581a769-groupManagement] INFO  segmented.SegmentedRaftLogWorker (SegmentedRaftLogWorker.java:lambda$new$0(134)) - 01ac3795-95be-4125-9c80-d1d2d581a769@group-9AEBABF676F3-SegmentedRaftLogWorker: safeCacheEvictIndex: setUnconditionally 0 -> -1
2024-01-14 17:00:28,728 [01ac3795-95be-4125-9c80-d1d2d581a769-groupManagement] INFO  server.RaftServer$Division (RaftServerImpl.java:start(396)) - 01ac3795-95be-4125-9c80-d1d2d581a769@group-9AEBABF676F3: start as a follower, conf=-1: peers:[31061ca7-84d9-4b7e-bdb5-51e4d8805ce5|10.1.0.34:15433, 01ac3795-95be-4125-9c80-d1d2d581a769|10.1.0.34:15424, fdbfaedf-7027-42ee-aaca-8580b78dbea6|10.1.0.34:15442]|listeners:[], old=null
2024-01-14 17:00:28,729 [01ac3795-95be-4125-9c80-d1d2d581a769-groupManagement] INFO  server.RaftServer$Division (RaftServerImpl.java:setRole(383)) - 01ac3795-95be-4125-9c80-d1d2d581a769@group-9AEBABF676F3: changes role from      null to FOLLOWER at term 0 for startAsFollower
2024-01-14 17:00:28,729 [01ac3795-95be-4125-9c80-d1d2d581a769-groupManagement] INFO  impl.RoleInfo (RoleInfo.java:updateAndGet(139)) - 01ac3795-95be-4125-9c80-d1d2d581a769: start 01ac3795-95be-4125-9c80-d1d2d581a769@group-9AEBABF676F3-FollowerState
2024-01-14 17:00:28,729 [01ac3795-95be-4125-9c80-d1d2d581a769@group-9AEBABF676F3-FollowerState] INFO  server.RaftServerConfigKeys (ConfUtils.java:logFallback(53)) - raft.server.rpc.first-election.timeout.min = 5s (fallback to raft.server.rpc.timeout.min)
2024-01-14 17:00:28,729 [01ac3795-95be-4125-9c80-d1d2d581a769-groupManagement] INFO  util.JmxRegister (JmxRegister.java:tryRegister(44)) - Successfully registered JMX Bean with object name Ratis:service=RaftServer,group=group-9AEBABF676F3,id=01ac3795-95be-4125-9c80-d1d2d581a769
2024-01-14 17:00:28,729 [01ac3795-95be-4125-9c80-d1d2d581a769-groupManagement] INFO  server.RaftServerConfigKeys (ConfUtils.java:logGet(46)) - raft.server.snapshot.trigger-when-stop.enabled = true (default)
2024-01-14 17:00:28,729 [01ac3795-95be-4125-9c80-d1d2d581a769-groupManagement] INFO  server.RaftServerConfigKeys (ConfUtils.java:logGet(46)) - raft.server.snapshot.auto.trigger.enabled = true (custom)
2024-01-14 17:00:28,729 [01ac3795-95be-4125-9c80-d1d2d581a769-groupManagement] INFO  server.RaftServerConfigKeys (ConfUtils.java:logGet(46)) - raft.server.snapshot.auto.trigger.threshold = 10000 (custom)
2024-01-14 17:00:28,729 [01ac3795-95be-4125-9c80-d1d2d581a769-groupManagement] INFO  server.RaftServerConfigKeys (ConfUtils.java:logGet(46)) - raft.server.snapshot.retention.file.num = 5 (custom)
2024-01-14 17:00:28,729 [01ac3795-95be-4125-9c80-d1d2d581a769-groupManagement] INFO  server.RaftServerConfigKeys (ConfUtils.java:logGet(46)) - raft.server.log.purge.upto.snapshot.index = false (default)
2024-01-14 17:00:28,729 [01ac3795-95be-4125-9c80-d1d2d581a769@group-9AEBABF676F3-FollowerState] INFO  server.RaftServerConfigKeys (ConfUtils.java:logFallback(53)) - raft.server.rpc.first-election.timeout.max = 5200ms (fallback to raft.server.rpc.timeout.max)
2024-01-14 17:00:28,730 [01ac3795-95be-4125-9c80-d1d2d581a769-PipelineCommandHandlerThread-0] INFO  ratis.XceiverServerRatis (XceiverServerRatis.java:addGroup(842)) - Created group PipelineID=c909b760-5f23-4c48-ab3d-9aebabf676f3
2024-01-14 17:00:28,735 [grpc-default-executor-3] INFO  server.RaftServer (RaftServerProxy.java:addNew(100)) - 31061ca7-84d9-4b7e-bdb5-51e4d8805ce5: addNew group-9AEBABF676F3:[31061ca7-84d9-4b7e-bdb5-51e4d8805ce5|10.1.0.34:15433, 01ac3795-95be-4125-9c80-d1d2d581a769|10.1.0.34:15424, fdbfaedf-7027-42ee-aaca-8580b78dbea6|10.1.0.34:15442] returns group-9AEBABF676F3:java.util.concurrent.CompletableFuture@53d88253[Not completed]
2024-01-14 17:00:28,736 [31061ca7-84d9-4b7e-bdb5-51e4d8805ce5-groupManagement] INFO  server.RaftServer$Division (RaftServerImpl.java:<init>(256)) - 31061ca7-84d9-4b7e-bdb5-51e4d8805ce5: new RaftServerImpl for group-9AEBABF676F3:[31061ca7-84d9-4b7e-bdb5-51e4d8805ce5|10.1.0.34:15433, 01ac3795-95be-4125-9c80-d1d2d581a769|10.1.0.34:15424, fdbfaedf-7027-42ee-aaca-8580b78dbea6|10.1.0.34:15442] with ContainerStateMachine:uninitialized
2024-01-14 17:00:28,736 [31061ca7-84d9-4b7e-bdb5-51e4d8805ce5-groupManagement] INFO  server.RaftServerConfigKeys (ConfUtils.java:logGet(46)) - raft.server.rpc.timeout.min = 5s (custom)
2024-01-14 17:00:28,736 [31061ca7-84d9-4b7e-bdb5-51e4d8805ce5-groupManagement] INFO  server.RaftServerConfigKeys (ConfUtils.java:logGet(46)) - raft.server.rpc.timeout.max = 5200ms (custom)
2024-01-14 17:00:28,736 [31061ca7-84d9-4b7e-bdb5-51e4d8805ce5-groupManagement] INFO  server.RaftServerConfigKeys (ConfUtils.java:logGet(46)) - raft.server.rpc.sleep.time = 25ms (default)
2024-01-14 17:00:28,736 [31061ca7-84d9-4b7e-bdb5-51e4d8805ce5-groupManagement] INFO  server.RaftServerConfigKeys (ConfUtils.java:logGet(46)) - raft.server.rpc.slowness.timeout = 300000ms (custom)
2024-01-14 17:00:28,736 [31061ca7-84d9-4b7e-bdb5-51e4d8805ce5-groupManagement] INFO  server.RaftServerConfigKeys (ConfUtils.java:logGet(46)) - raft.server.leaderelection.leader.step-down.wait-time = 10s (default)
2024-01-14 17:00:28,736 [31061ca7-84d9-4b7e-bdb5-51e4d8805ce5-groupManagement] INFO  server.RaftServerConfigKeys (ConfUtils.java:logGet(46)) - raft.server.leaderelection.member.majority-add = false (default)
2024-01-14 17:00:28,736 [31061ca7-84d9-4b7e-bdb5-51e4d8805ce5-groupManagement] INFO  server.RaftServerConfigKeys (ConfUtils.java:logGet(46)) - raft.server.sleep.deviation.threshold = 300ms (default)
2024-01-14 17:00:28,736 [31061ca7-84d9-4b7e-bdb5-51e4d8805ce5-groupManagement] INFO  server.RaftServer$Division (ServerState.java:<init>(113)) - 31061ca7-84d9-4b7e-bdb5-51e4d8805ce5@group-9AEBABF676F3: ConfigurationManager, init=-1: peers:[31061ca7-84d9-4b7e-bdb5-51e4d8805ce5|10.1.0.34:15433, 01ac3795-95be-4125-9c80-d1d2d581a769|10.1.0.34:15424, fdbfaedf-7027-42ee-aaca-8580b78dbea6|10.1.0.34:15442]|listeners:[], old=null, confs=<EMPTY_MAP>
2024-01-14 17:00:28,736 [31061ca7-84d9-4b7e-bdb5-51e4d8805ce5-groupManagement] INFO  server.RaftServerConfigKeys (ConfUtils.java:logGet(46)) - raft.server.notification.no-leader.timeout = 300000ms (custom)
2024-01-14 17:00:28,736 [31061ca7-84d9-4b7e-bdb5-51e4d8805ce5-groupManagement] INFO  server.RaftServerConfigKeys (ConfUtils.java:logGet(46)) - raft.server.read.timeout = 10s (default)
2024-01-14 17:00:28,736 [31061ca7-84d9-4b7e-bdb5-51e4d8805ce5-groupManagement] INFO  server.RaftServerConfigKeys (ConfUtils.java:logGet(46)) - raft.server.retrycache.expirytime = 600000ms (custom)
2024-01-14 17:00:28,736 [31061ca7-84d9-4b7e-bdb5-51e4d8805ce5-groupManagement] INFO  server.RaftServerConfigKeys (ConfUtils.java:logGet(46)) - raft.server.retrycache.statistics.expirytime = 100ms (default)
2024-01-14 17:00:28,736 [31061ca7-84d9-4b7e-bdb5-51e4d8805ce5-groupManagement] INFO  server.RaftServerConfigKeys (ConfUtils.java:logGet(46)) - raft.server.read.option = DEFAULT (default)
2024-01-14 17:00:28,736 [31061ca7-84d9-4b7e-bdb5-51e4d8805ce5-groupManagement] INFO  server.RaftServerConfigKeys (ConfUtils.java:logGet(46)) - raft.server.read.read-after-write-consistent.write-index-cache.expiry-time = 60s (default)
2024-01-14 17:00:28,738 [31061ca7-84d9-4b7e-bdb5-51e4d8805ce5-groupManagement] INFO  server.RaftServerConfigKeys (ConfUtils.java:logGet(46)) - raft.server.rpc.request.timeout = 3000ms (default)
2024-01-14 17:00:28,738 [31061ca7-84d9-4b7e-bdb5-51e4d8805ce5-groupManagement] INFO  server.RaftServerConfigKeys (ConfUtils.java:logGet(46)) - raft.server.log.appender.install.snapshot.enabled = false (custom)
2024-01-14 17:00:28,738 [31061ca7-84d9-4b7e-bdb5-51e4d8805ce5-groupManagement] INFO  server.RaftServerConfigKeys (ConfUtils.java:logGet(46)) - raft.server.threadpool.server.cached = true (default)
2024-01-14 17:00:28,738 [31061ca7-84d9-4b7e-bdb5-51e4d8805ce5-groupManagement] INFO  server.RaftServerConfigKeys (ConfUtils.java:logGet(46)) - raft.server.threadpool.server.size = 0 (default)
2024-01-14 17:00:28,738 [31061ca7-84d9-4b7e-bdb5-51e4d8805ce5-groupManagement] INFO  server.RaftServerConfigKeys (ConfUtils.java:logGet(46)) - raft.server.threadpool.client.cached = true (default)
2024-01-14 17:00:28,738 [31061ca7-84d9-4b7e-bdb5-51e4d8805ce5-groupManagement] INFO  server.RaftServerConfigKeys (ConfUtils.java:logGet(46)) - raft.server.threadpool.client.size = 0 (default)
2024-01-14 17:00:28,738 [31061ca7-84d9-4b7e-bdb5-51e4d8805ce5-groupManagement] INFO  server.RaftServerConfigKeys (ConfUtils.java:logGet(46)) - raft.server.storage.free-space.min = 0MB (=0) (default)
2024-01-14 17:00:28,738 [31061ca7-84d9-4b7e-bdb5-51e4d8805ce5-groupManagement] INFO  server.RaftServerConfigKeys (ConfUtils.java:logGet(46)) - raft.server.log.corruption.policy = EXCEPTION (default)
2024-01-14 17:00:28,738 [31061ca7-84d9-4b7e-bdb5-51e4d8805ce5-groupManagement] INFO  server.RaftServerConfigKeys (ConfUtils.java:logGet(46)) - raft.server.storage.dir = [/home/runner/work/ozone/ozone/hadoop-ozone/integration-test/target/test-dir/MiniOzoneClusterImpl-55f63948-b302-44a8-9a44-732f3ddcab57/datanode-7/data/ratis] (custom)
2024-01-14 17:00:28,738 [31061ca7-84d9-4b7e-bdb5-51e4d8805ce5-groupManagement] INFO  storage.RaftStorageDirectory (RaftStorageDirectoryImpl.java:analyzeStorage(138)) - The storage directory /home/runner/work/ozone/ozone/hadoop-ozone/integration-test/target/test-dir/MiniOzoneClusterImpl-55f63948-b302-44a8-9a44-732f3ddcab57/datanode-7/data/ratis/c909b760-5f23-4c48-ab3d-9aebabf676f3 does not exist. Creating ...
2024-01-14 17:00:28,739 [31061ca7-84d9-4b7e-bdb5-51e4d8805ce5-groupManagement] INFO  storage.RaftStorageDirectory (RaftStorageDirectoryImpl.java:tryLock(228)) - Lock on /home/runner/work/ozone/ozone/hadoop-ozone/integration-test/target/test-dir/MiniOzoneClusterImpl-55f63948-b302-44a8-9a44-732f3ddcab57/datanode-7/data/ratis/c909b760-5f23-4c48-ab3d-9aebabf676f3/in_use.lock acquired by nodename 93954@fv-az1248-16
2024-01-14 17:00:28,740 [31061ca7-84d9-4b7e-bdb5-51e4d8805ce5-groupManagement] INFO  storage.RaftStorage (RaftStorageImpl.java:format(99)) - Storage directory /home/runner/work/ozone/ozone/hadoop-ozone/integration-test/target/test-dir/MiniOzoneClusterImpl-55f63948-b302-44a8-9a44-732f3ddcab57/datanode-7/data/ratis/c909b760-5f23-4c48-ab3d-9aebabf676f3 has been successfully formatted.
2024-01-14 17:00:28,740 [31061ca7-84d9-4b7e-bdb5-51e4d8805ce5-groupManagement] WARN  util.FileUtils (LogUtils.java:supplyAndLog(63)) - Failed to Files.newInputStream /home/runner/work/ozone/ozone/hadoop-ozone/integration-test/target/test-dir/MiniOzoneClusterImpl-55f63948-b302-44a8-9a44-732f3ddcab57/datanode-7/data/ratis/c909b760-5f23-4c48-ab3d-9aebabf676f3/current/raft-meta.conf with options []: java.nio.file.NoSuchFileException: /home/runner/work/ozone/ozone/hadoop-ozone/integration-test/target/test-dir/MiniOzoneClusterImpl-55f63948-b302-44a8-9a44-732f3ddcab57/datanode-7/data/ratis/c909b760-5f23-4c48-ab3d-9aebabf676f3/current/raft-meta.conf
2024-01-14 17:00:28,741 [31061ca7-84d9-4b7e-bdb5-51e4d8805ce5-groupManagement] INFO  ratis.ContainerStateMachine (ContainerStateMachine.java:loadSnapshot(287)) - group-9AEBABF676F3: The snapshot info is null. Setting the last applied index to:(t:0, i:~)
2024-01-14 17:00:28,741 [31061ca7-84d9-4b7e-bdb5-51e4d8805ce5-groupManagement] INFO  server.RaftServerConfigKeys (ConfUtils.java:logGet(46)) - raft.server.log.use.memory = false (default)
2024-01-14 17:00:28,741 [31061ca7-84d9-4b7e-bdb5-51e4d8805ce5-groupManagement] INFO  server.RaftServerConfigKeys (ConfUtils.java:logGet(46)) - raft.server.log.purge.gap = 1000000 (custom)
2024-01-14 17:00:28,741 [31061ca7-84d9-4b7e-bdb5-51e4d8805ce5-groupManagement] INFO  server.RaftServerConfigKeys (ConfUtils.java:logGet(46)) - raft.server.log.appender.buffer.byte-limit = 8388608 (custom)
2024-01-14 17:00:28,741 [31061ca7-84d9-4b7e-bdb5-51e4d8805ce5-groupManagement] INFO  server.RaftServerConfigKeys (ConfUtils.java:logGet(46)) - raft.server.log.statemachine.data.read.timeout = 1000ms (default)
2024-01-14 17:00:28,741 [31061ca7-84d9-4b7e-bdb5-51e4d8805ce5-groupManagement] INFO  server.RaftServerConfigKeys (ConfUtils.java:logGet(46)) - raft.server.log.purge.preservation.log.num = 0 (default)
2024-01-14 17:00:28,742 [31061ca7-84d9-4b7e-bdb5-51e4d8805ce5-groupManagement] INFO  server.RaftServerConfigKeys (ConfUtils.java:logGet(46)) - raft.server.log.segment.size.max = 67108864 (custom)
2024-01-14 17:00:28,742 [31061ca7-84d9-4b7e-bdb5-51e4d8805ce5-groupManagement] INFO  server.RaftServerConfigKeys (ConfUtils.java:logGet(46)) - raft.server.log.segment.cache.num.max = 2 (custom)
2024-01-14 17:00:28,742 [31061ca7-84d9-4b7e-bdb5-51e4d8805ce5-groupManagement] INFO  server.RaftServerConfigKeys (ConfUtils.java:logGet(46)) - raft.server.log.segment.cache.size.max = 200MB (=209715200) (default)
2024-01-14 17:00:28,742 [31061ca7-84d9-4b7e-bdb5-51e4d8805ce5-groupManagement] INFO  server.RaftServerConfigKeys (ConfUtils.java:logGet(46)) - raft.server.log.appender.buffer.byte-limit = 8388608 (custom)
2024-01-14 17:00:28,743 [31061ca7-84d9-4b7e-bdb5-51e4d8805ce5-groupManagement] INFO  util.AwaitToRun (AwaitToRun.java:start(81)) - Thread[31061ca7-84d9-4b7e-bdb5-51e4d8805ce5@group-9AEBABF676F3-cacheEviction-AwaitToRun,5,main] started
2024-01-14 17:00:28,743 [31061ca7-84d9-4b7e-bdb5-51e4d8805ce5-groupManagement] INFO  segmented.SegmentedRaftLogWorker (SegmentedRaftLogWorker.java:<init>(182)) - new 31061ca7-84d9-4b7e-bdb5-51e4d8805ce5@group-9AEBABF676F3-SegmentedRaftLogWorker for RaftStorageImpl:Storage Directory /home/runner/work/ozone/ozone/hadoop-ozone/integration-test/target/test-dir/MiniOzoneClusterImpl-55f63948-b302-44a8-9a44-732f3ddcab57/datanode-7/data/ratis/c909b760-5f23-4c48-ab3d-9aebabf676f3
2024-01-14 17:00:28,743 [31061ca7-84d9-4b7e-bdb5-51e4d8805ce5-groupManagement] INFO  server.RaftServerConfigKeys (ConfUtils.java:logGet(46)) - raft.server.log.queue.byte-limit = 4294967296 (custom)
2024-01-14 17:00:28,743 [31061ca7-84d9-4b7e-bdb5-51e4d8805ce5-groupManagement] INFO  server.RaftServerConfigKeys (ConfUtils.java:logGet(46)) - raft.server.log.queue.element-limit = 1024 (custom)
2024-01-14 17:00:28,743 [31061ca7-84d9-4b7e-bdb5-51e4d8805ce5-groupManagement] INFO  server.RaftServerConfigKeys (ConfUtils.java:logGet(46)) - raft.server.log.segment.size.max = 67108864 (custom)
2024-01-14 17:00:28,743 [31061ca7-84d9-4b7e-bdb5-51e4d8805ce5-groupManagement] INFO  server.RaftServerConfigKeys (ConfUtils.java:logGet(46)) - raft.server.log.preallocated.size = 4194304 (custom)
2024-01-14 17:00:28,743 [31061ca7-84d9-4b7e-bdb5-51e4d8805ce5-groupManagement] INFO  server.RaftServerConfigKeys (ConfUtils.java:logGet(46)) - raft.server.log.force.sync.num = 128 (default)
2024-01-14 17:00:28,743 [31061ca7-84d9-4b7e-bdb5-51e4d8805ce5-groupManagement] INFO  server.RaftServerConfigKeys (ConfUtils.java:logGet(46)) - raft.server.log.statemachine.data.sync = true (default)
2024-01-14 17:00:28,743 [31061ca7-84d9-4b7e-bdb5-51e4d8805ce5-groupManagement] INFO  server.RaftServerConfigKeys (ConfUtils.java:logGet(46)) - raft.server.log.statemachine.data.sync.timeout = 10s (default)
2024-01-14 17:00:28,743 [31061ca7-84d9-4b7e-bdb5-51e4d8805ce5-groupManagement] INFO  server.RaftServerConfigKeys (ConfUtils.java:logGet(46)) - raft.server.log.statemachine.data.sync.timeout.retry = 0 (custom)
2024-01-14 17:00:28,743 [31061ca7-84d9-4b7e-bdb5-51e4d8805ce5-groupManagement] INFO  server.RaftServerConfigKeys (ConfUtils.java:logGet(46)) - raft.server.log.write.buffer.size = 8388616 (custom)
2024-01-14 17:00:28,744 [31061ca7-84d9-4b7e-bdb5-51e4d8805ce5-groupManagement] INFO  server.RaftServerConfigKeys (ConfUtils.java:logGet(46)) - raft.server.log.appender.buffer.byte-limit = 8388608 (custom)
2024-01-14 17:00:28,744 [31061ca7-84d9-4b7e-bdb5-51e4d8805ce5-groupManagement] INFO  server.RaftServerConfigKeys (ConfUtils.java:logGet(46)) - raft.server.log.unsafe-flush.enabled = false (default)
2024-01-14 17:00:28,744 [31061ca7-84d9-4b7e-bdb5-51e4d8805ce5-groupManagement] INFO  server.RaftServerConfigKeys (ConfUtils.java:logGet(46)) - raft.server.log.async-flush.enabled = false (default)
2024-01-14 17:00:28,744 [31061ca7-84d9-4b7e-bdb5-51e4d8805ce5-groupManagement] INFO  server.RaftServerConfigKeys (ConfUtils.java:logGet(46)) - raft.server.log.statemachine.data.caching.enabled = true (custom)
2024-01-14 17:00:28,745 [31061ca7-84d9-4b7e-bdb5-51e4d8805ce5-groupManagement] INFO  segmented.SegmentedRaftLogWorker (SegmentedRaftLogWorker.java:lambda$new$0(134)) - 31061ca7-84d9-4b7e-bdb5-51e4d8805ce5@group-9AEBABF676F3-SegmentedRaftLogWorker: flushIndex: setUnconditionally 0 -> -1
2024-01-14 17:00:28,745 [31061ca7-84d9-4b7e-bdb5-51e4d8805ce5-groupManagement] INFO  segmented.SegmentedRaftLogWorker (SegmentedRaftLogWorker.java:lambda$new$0(134)) - 31061ca7-84d9-4b7e-bdb5-51e4d8805ce5@group-9AEBABF676F3-SegmentedRaftLogWorker: safeCacheEvictIndex: setUnconditionally 0 -> -1
2024-01-14 17:00:28,745 [31061ca7-84d9-4b7e-bdb5-51e4d8805ce5-groupManagement] INFO  server.RaftServer$Division (RaftServerImpl.java:start(396)) - 31061ca7-84d9-4b7e-bdb5-51e4d8805ce5@group-9AEBABF676F3: start as a follower, conf=-1: peers:[31061ca7-84d9-4b7e-bdb5-51e4d8805ce5|10.1.0.34:15433, 01ac3795-95be-4125-9c80-d1d2d581a769|10.1.0.34:15424, fdbfaedf-7027-42ee-aaca-8580b78dbea6|10.1.0.34:15442]|listeners:[], old=null
2024-01-14 17:00:28,745 [31061ca7-84d9-4b7e-bdb5-51e4d8805ce5-groupManagement] INFO  server.RaftServer$Division (RaftServerImpl.java:setRole(383)) - 31061ca7-84d9-4b7e-bdb5-51e4d8805ce5@group-9AEBABF676F3: changes role from      null to FOLLOWER at term 0 for startAsFollower
2024-01-14 17:00:28,745 [31061ca7-84d9-4b7e-bdb5-51e4d8805ce5-groupManagement] INFO  impl.RoleInfo (RoleInfo.java:updateAndGet(139)) - 31061ca7-84d9-4b7e-bdb5-51e4d8805ce5: start 31061ca7-84d9-4b7e-bdb5-51e4d8805ce5@group-9AEBABF676F3-FollowerState
2024-01-14 17:00:28,745 [31061ca7-84d9-4b7e-bdb5-51e4d8805ce5-groupManagement] INFO  util.JmxRegister (JmxRegister.java:tryRegister(44)) - Successfully registered JMX Bean with object name Ratis:service=RaftServer,group=group-9AEBABF676F3,id=31061ca7-84d9-4b7e-bdb5-51e4d8805ce5
2024-01-14 17:00:28,745 [31061ca7-84d9-4b7e-bdb5-51e4d8805ce5@group-9AEBABF676F3-FollowerState] INFO  server.RaftServerConfigKeys (ConfUtils.java:logFallback(53)) - raft.server.rpc.first-election.timeout.min = 5s (fallback to raft.server.rpc.timeout.min)
2024-01-14 17:00:28,745 [31061ca7-84d9-4b7e-bdb5-51e4d8805ce5-groupManagement] INFO  server.RaftServerConfigKeys (ConfUtils.java:logGet(46)) - raft.server.snapshot.trigger-when-stop.enabled = true (default)
2024-01-14 17:00:28,745 [31061ca7-84d9-4b7e-bdb5-51e4d8805ce5@group-9AEBABF676F3-FollowerState] INFO  server.RaftServerConfigKeys (ConfUtils.java:logFallback(53)) - raft.server.rpc.first-election.timeout.max = 5200ms (fallback to raft.server.rpc.timeout.max)
2024-01-14 17:00:28,745 [31061ca7-84d9-4b7e-bdb5-51e4d8805ce5-groupManagement] INFO  server.RaftServerConfigKeys (ConfUtils.java:logGet(46)) - raft.server.snapshot.auto.trigger.enabled = true (custom)
2024-01-14 17:00:28,745 [31061ca7-84d9-4b7e-bdb5-51e4d8805ce5-groupManagement] INFO  server.RaftServerConfigKeys (ConfUtils.java:logGet(46)) - raft.server.snapshot.auto.trigger.threshold = 10000 (custom)
2024-01-14 17:00:28,745 [31061ca7-84d9-4b7e-bdb5-51e4d8805ce5-groupManagement] INFO  server.RaftServerConfigKeys (ConfUtils.java:logGet(46)) - raft.server.snapshot.retention.file.num = 5 (custom)
2024-01-14 17:00:28,745 [31061ca7-84d9-4b7e-bdb5-51e4d8805ce5-groupManagement] INFO  server.RaftServerConfigKeys (ConfUtils.java:logGet(46)) - raft.server.log.purge.upto.snapshot.index = false (default)
2024-01-14 17:00:28,754 [grpc-default-executor-3] INFO  server.RaftServer (RaftServerProxy.java:addNew(100)) - fdbfaedf-7027-42ee-aaca-8580b78dbea6: addNew group-9AEBABF676F3:[31061ca7-84d9-4b7e-bdb5-51e4d8805ce5|10.1.0.34:15433, 01ac3795-95be-4125-9c80-d1d2d581a769|10.1.0.34:15424, fdbfaedf-7027-42ee-aaca-8580b78dbea6|10.1.0.34:15442] returns group-9AEBABF676F3:java.util.concurrent.CompletableFuture@59b11835[Not completed]
2024-01-14 17:00:28,755 [fdbfaedf-7027-42ee-aaca-8580b78dbea6-groupManagement] INFO  server.RaftServer$Division (RaftServerImpl.java:<init>(256)) - fdbfaedf-7027-42ee-aaca-8580b78dbea6: new RaftServerImpl for group-9AEBABF676F3:[31061ca7-84d9-4b7e-bdb5-51e4d8805ce5|10.1.0.34:15433, 01ac3795-95be-4125-9c80-d1d2d581a769|10.1.0.34:15424, fdbfaedf-7027-42ee-aaca-8580b78dbea6|10.1.0.34:15442] with ContainerStateMachine:uninitialized
2024-01-14 17:00:28,755 [fdbfaedf-7027-42ee-aaca-8580b78dbea6-groupManagement] INFO  server.RaftServerConfigKeys (ConfUtils.java:logGet(46)) - raft.server.rpc.timeout.min = 5s (custom)
2024-01-14 17:00:28,755 [fdbfaedf-7027-42ee-aaca-8580b78dbea6-groupManagement] INFO  server.RaftServerConfigKeys (ConfUtils.java:logGet(46)) - raft.server.rpc.timeout.max = 5200ms (custom)
2024-01-14 17:00:28,755 [fdbfaedf-7027-42ee-aaca-8580b78dbea6-groupManagement] INFO  server.RaftServerConfigKeys (ConfUtils.java:logGet(46)) - raft.server.rpc.sleep.time = 25ms (default)
2024-01-14 17:00:28,755 [fdbfaedf-7027-42ee-aaca-8580b78dbea6-groupManagement] INFO  server.RaftServerConfigKeys (ConfUtils.java:logGet(46)) - raft.server.rpc.slowness.timeout = 300000ms (custom)
2024-01-14 17:00:28,755 [fdbfaedf-7027-42ee-aaca-8580b78dbea6-groupManagement] INFO  server.RaftServerConfigKeys (ConfUtils.java:logGet(46)) - raft.server.leaderelection.leader.step-down.wait-time = 10s (default)
2024-01-14 17:00:28,755 [fdbfaedf-7027-42ee-aaca-8580b78dbea6-groupManagement] INFO  server.RaftServerConfigKeys (ConfUtils.java:logGet(46)) - raft.server.leaderelection.member.majority-add = false (default)
2024-01-14 17:00:28,755 [fdbfaedf-7027-42ee-aaca-8580b78dbea6-groupManagement] INFO  server.RaftServerConfigKeys (ConfUtils.java:logGet(46)) - raft.server.sleep.deviation.threshold = 300ms (default)
2024-01-14 17:00:28,755 [fdbfaedf-7027-42ee-aaca-8580b78dbea6-groupManagement] INFO  server.RaftServer$Division (ServerState.java:<init>(113)) - fdbfaedf-7027-42ee-aaca-8580b78dbea6@group-9AEBABF676F3: ConfigurationManager, init=-1: peers:[31061ca7-84d9-4b7e-bdb5-51e4d8805ce5|10.1.0.34:15433, 01ac3795-95be-4125-9c80-d1d2d581a769|10.1.0.34:15424, fdbfaedf-7027-42ee-aaca-8580b78dbea6|10.1.0.34:15442]|listeners:[], old=null, confs=<EMPTY_MAP>
2024-01-14 17:00:28,755 [fdbfaedf-7027-42ee-aaca-8580b78dbea6-groupManagement] INFO  server.RaftServerConfigKeys (ConfUtils.java:logGet(46)) - raft.server.notification.no-leader.timeout = 300000ms (custom)
2024-01-14 17:00:28,755 [fdbfaedf-7027-42ee-aaca-8580b78dbea6-groupManagement] INFO  server.RaftServerConfigKeys (ConfUtils.java:logGet(46)) - raft.server.read.timeout = 10s (default)
2024-01-14 17:00:28,755 [fdbfaedf-7027-42ee-aaca-8580b78dbea6-groupManagement] INFO  server.RaftServerConfigKeys (ConfUtils.java:logGet(46)) - raft.server.retrycache.expirytime = 600000ms (custom)
2024-01-14 17:00:28,755 [fdbfaedf-7027-42ee-aaca-8580b78dbea6-groupManagement] INFO  server.RaftServerConfigKeys (ConfUtils.java:logGet(46)) - raft.server.retrycache.statistics.expirytime = 100ms (default)
2024-01-14 17:00:28,755 [fdbfaedf-7027-42ee-aaca-8580b78dbea6-groupManagement] INFO  server.RaftServerConfigKeys (ConfUtils.java:logGet(46)) - raft.server.read.option = DEFAULT (default)
2024-01-14 17:00:28,755 [fdbfaedf-7027-42ee-aaca-8580b78dbea6-groupManagement] INFO  server.RaftServerConfigKeys (ConfUtils.java:logGet(46)) - raft.server.read.read-after-write-consistent.write-index-cache.expiry-time = 60s (default)
2024-01-14 17:00:28,757 [fdbfaedf-7027-42ee-aaca-8580b78dbea6-groupManagement] INFO  server.RaftServerConfigKeys (ConfUtils.java:logGet(46)) - raft.server.rpc.request.timeout = 3000ms (default)
2024-01-14 17:00:28,757 [fdbfaedf-7027-42ee-aaca-8580b78dbea6-groupManagement] INFO  server.RaftServerConfigKeys (ConfUtils.java:logGet(46)) - raft.server.log.appender.install.snapshot.enabled = false (custom)
2024-01-14 17:00:28,757 [fdbfaedf-7027-42ee-aaca-8580b78dbea6-groupManagement] INFO  server.RaftServerConfigKeys (ConfUtils.java:logGet(46)) - raft.server.threadpool.server.cached = true (default)
2024-01-14 17:00:28,757 [fdbfaedf-7027-42ee-aaca-8580b78dbea6-groupManagement] INFO  server.RaftServerConfigKeys (ConfUtils.java:logGet(46)) - raft.server.threadpool.server.size = 0 (default)
2024-01-14 17:00:28,757 [fdbfaedf-7027-42ee-aaca-8580b78dbea6-groupManagement] INFO  server.RaftServerConfigKeys (ConfUtils.java:logGet(46)) - raft.server.threadpool.client.cached = true (default)
2024-01-14 17:00:28,757 [fdbfaedf-7027-42ee-aaca-8580b78dbea6-groupManagement] INFO  server.RaftServerConfigKeys (ConfUtils.java:logGet(46)) - raft.server.threadpool.client.size = 0 (default)
2024-01-14 17:00:28,757 [fdbfaedf-7027-42ee-aaca-8580b78dbea6-groupManagement] INFO  server.RaftServerConfigKeys (ConfUtils.java:logGet(46)) - raft.server.storage.free-space.min = 0MB (=0) (default)
2024-01-14 17:00:28,757 [fdbfaedf-7027-42ee-aaca-8580b78dbea6-groupManagement] INFO  server.RaftServerConfigKeys (ConfUtils.java:logGet(46)) - raft.server.log.corruption.policy = EXCEPTION (default)
2024-01-14 17:00:28,757 [fdbfaedf-7027-42ee-aaca-8580b78dbea6-groupManagement] INFO  server.RaftServerConfigKeys (ConfUtils.java:logGet(46)) - raft.server.storage.dir = [/home/runner/work/ozone/ozone/hadoop-ozone/integration-test/target/test-dir/MiniOzoneClusterImpl-55f63948-b302-44a8-9a44-732f3ddcab57/datanode-8/data/ratis] (custom)
2024-01-14 17:00:28,757 [fdbfaedf-7027-42ee-aaca-8580b78dbea6-groupManagement] INFO  storage.RaftStorageDirectory (RaftStorageDirectoryImpl.java:analyzeStorage(138)) - The storage directory /home/runner/work/ozone/ozone/hadoop-ozone/integration-test/target/test-dir/MiniOzoneClusterImpl-55f63948-b302-44a8-9a44-732f3ddcab57/datanode-8/data/ratis/c909b760-5f23-4c48-ab3d-9aebabf676f3 does not exist. Creating ...
2024-01-14 17:00:28,758 [fdbfaedf-7027-42ee-aaca-8580b78dbea6-groupManagement] INFO  storage.RaftStorageDirectory (RaftStorageDirectoryImpl.java:tryLock(228)) - Lock on /home/runner/work/ozone/ozone/hadoop-ozone/integration-test/target/test-dir/MiniOzoneClusterImpl-55f63948-b302-44a8-9a44-732f3ddcab57/datanode-8/data/ratis/c909b760-5f23-4c48-ab3d-9aebabf676f3/in_use.lock acquired by nodename 93954@fv-az1248-16
2024-01-14 17:00:28,759 [fdbfaedf-7027-42ee-aaca-8580b78dbea6-groupManagement] INFO  storage.RaftStorage (RaftStorageImpl.java:format(99)) - Storage directory /home/runner/work/ozone/ozone/hadoop-ozone/integration-test/target/test-dir/MiniOzoneClusterImpl-55f63948-b302-44a8-9a44-732f3ddcab57/datanode-8/data/ratis/c909b760-5f23-4c48-ab3d-9aebabf676f3 has been successfully formatted.
2024-01-14 17:00:28,759 [fdbfaedf-7027-42ee-aaca-8580b78dbea6-groupManagement] WARN  util.FileUtils (LogUtils.java:supplyAndLog(63)) - Failed to Files.newInputStream /home/runner/work/ozone/ozone/hadoop-ozone/integration-test/target/test-dir/MiniOzoneClusterImpl-55f63948-b302-44a8-9a44-732f3ddcab57/datanode-8/data/ratis/c909b760-5f23-4c48-ab3d-9aebabf676f3/current/raft-meta.conf with options []: java.nio.file.NoSuchFileException: /home/runner/work/ozone/ozone/hadoop-ozone/integration-test/target/test-dir/MiniOzoneClusterImpl-55f63948-b302-44a8-9a44-732f3ddcab57/datanode-8/data/ratis/c909b760-5f23-4c48-ab3d-9aebabf676f3/current/raft-meta.conf
2024-01-14 17:00:28,760 [fdbfaedf-7027-42ee-aaca-8580b78dbea6-groupManagement] INFO  ratis.ContainerStateMachine (ContainerStateMachine.java:loadSnapshot(287)) - group-9AEBABF676F3: The snapshot info is null. Setting the last applied index to:(t:0, i:~)
2024-01-14 17:00:28,760 [fdbfaedf-7027-42ee-aaca-8580b78dbea6-groupManagement] INFO  server.RaftServerConfigKeys (ConfUtils.java:logGet(46)) - raft.server.log.use.memory = false (default)
2024-01-14 17:00:28,760 [fdbfaedf-7027-42ee-aaca-8580b78dbea6-groupManagement] INFO  server.RaftServerConfigKeys (ConfUtils.java:logGet(46)) - raft.server.log.purge.gap = 1000000 (custom)
2024-01-14 17:00:28,760 [fdbfaedf-7027-42ee-aaca-8580b78dbea6-groupManagement] INFO  server.RaftServerConfigKeys (ConfUtils.java:logGet(46)) - raft.server.log.appender.buffer.byte-limit = 8388608 (custom)
2024-01-14 17:00:28,760 [fdbfaedf-7027-42ee-aaca-8580b78dbea6-groupManagement] INFO  server.RaftServerConfigKeys (ConfUtils.java:logGet(46)) - raft.server.log.statemachine.data.read.timeout = 1000ms (default)
2024-01-14 17:00:28,760 [fdbfaedf-7027-42ee-aaca-8580b78dbea6-groupManagement] INFO  server.RaftServerConfigKeys (ConfUtils.java:logGet(46)) - raft.server.log.purge.preservation.log.num = 0 (default)
2024-01-14 17:00:28,761 [fdbfaedf-7027-42ee-aaca-8580b78dbea6-groupManagement] INFO  server.RaftServerConfigKeys (ConfUtils.java:logGet(46)) - raft.server.log.segment.size.max = 67108864 (custom)
2024-01-14 17:00:28,761 [fdbfaedf-7027-42ee-aaca-8580b78dbea6-groupManagement] INFO  server.RaftServerConfigKeys (ConfUtils.java:logGet(46)) - raft.server.log.segment.cache.num.max = 2 (custom)
2024-01-14 17:00:28,761 [fdbfaedf-7027-42ee-aaca-8580b78dbea6-groupManagement] INFO  server.RaftServerConfigKeys (ConfUtils.java:logGet(46)) - raft.server.log.segment.cache.size.max = 200MB (=209715200) (default)
2024-01-14 17:00:28,761 [fdbfaedf-7027-42ee-aaca-8580b78dbea6-groupManagement] INFO  server.RaftServerConfigKeys (ConfUtils.java:logGet(46)) - raft.server.log.appender.buffer.byte-limit = 8388608 (custom)
2024-01-14 17:00:28,761 [fdbfaedf-7027-42ee-aaca-8580b78dbea6-groupManagement] INFO  util.AwaitToRun (AwaitToRun.java:start(81)) - Thread[fdbfaedf-7027-42ee-aaca-8580b78dbea6@group-9AEBABF676F3-cacheEviction-AwaitToRun,5,main] started
2024-01-14 17:00:28,761 [fdbfaedf-7027-42ee-aaca-8580b78dbea6-groupManagement] INFO  segmented.SegmentedRaftLogWorker (SegmentedRaftLogWorker.java:<init>(182)) - new fdbfaedf-7027-42ee-aaca-8580b78dbea6@group-9AEBABF676F3-SegmentedRaftLogWorker for RaftStorageImpl:Storage Directory /home/runner/work/ozone/ozone/hadoop-ozone/integration-test/target/test-dir/MiniOzoneClusterImpl-55f63948-b302-44a8-9a44-732f3ddcab57/datanode-8/data/ratis/c909b760-5f23-4c48-ab3d-9aebabf676f3
2024-01-14 17:00:28,761 [fdbfaedf-7027-42ee-aaca-8580b78dbea6-groupManagement] INFO  server.RaftServerConfigKeys (ConfUtils.java:logGet(46)) - raft.server.log.queue.byte-limit = 4294967296 (custom)
2024-01-14 17:00:28,761 [fdbfaedf-7027-42ee-aaca-8580b78dbea6-groupManagement] INFO  server.RaftServerConfigKeys (ConfUtils.java:logGet(46)) - raft.server.log.queue.element-limit = 1024 (custom)
2024-01-14 17:00:28,761 [fdbfaedf-7027-42ee-aaca-8580b78dbea6-groupManagement] INFO  server.RaftServerConfigKeys (ConfUtils.java:logGet(46)) - raft.server.log.segment.size.max = 67108864 (custom)
2024-01-14 17:00:28,761 [fdbfaedf-7027-42ee-aaca-8580b78dbea6-groupManagement] INFO  server.RaftServerConfigKeys (ConfUtils.java:logGet(46)) - raft.server.log.preallocated.size = 4194304 (custom)
2024-01-14 17:00:28,761 [fdbfaedf-7027-42ee-aaca-8580b78dbea6-groupManagement] INFO  server.RaftServerConfigKeys (ConfUtils.java:logGet(46)) - raft.server.log.force.sync.num = 128 (default)
2024-01-14 17:00:28,761 [fdbfaedf-7027-42ee-aaca-8580b78dbea6-groupManagement] INFO  server.RaftServerConfigKeys (ConfUtils.java:logGet(46)) - raft.server.log.statemachine.data.sync = true (default)
2024-01-14 17:00:28,761 [fdbfaedf-7027-42ee-aaca-8580b78dbea6-groupManagement] INFO  server.RaftServerConfigKeys (ConfUtils.java:logGet(46)) - raft.server.log.statemachine.data.sync.timeout = 10s (default)
2024-01-14 17:00:28,762 [fdbfaedf-7027-42ee-aaca-8580b78dbea6-groupManagement] INFO  server.RaftServerConfigKeys (ConfUtils.java:logGet(46)) - raft.server.log.statemachine.data.sync.timeout.retry = 0 (custom)
2024-01-14 17:00:28,762 [fdbfaedf-7027-42ee-aaca-8580b78dbea6-groupManagement] INFO  server.RaftServerConfigKeys (ConfUtils.java:logGet(46)) - raft.server.log.write.buffer.size = 8388616 (custom)
2024-01-14 17:00:28,763 [fdbfaedf-7027-42ee-aaca-8580b78dbea6-groupManagement] INFO  server.RaftServerConfigKeys (ConfUtils.java:logGet(46)) - raft.server.log.appender.buffer.byte-limit = 8388608 (custom)
2024-01-14 17:00:28,763 [fdbfaedf-7027-42ee-aaca-8580b78dbea6-groupManagement] INFO  server.RaftServerConfigKeys (ConfUtils.java:logGet(46)) - raft.server.log.unsafe-flush.enabled = false (default)
2024-01-14 17:00:28,763 [fdbfaedf-7027-42ee-aaca-8580b78dbea6-groupManagement] INFO  server.RaftServerConfigKeys (ConfUtils.java:logGet(46)) - raft.server.log.async-flush.enabled = false (default)
2024-01-14 17:00:28,763 [fdbfaedf-7027-42ee-aaca-8580b78dbea6-groupManagement] INFO  server.RaftServerConfigKeys (ConfUtils.java:logGet(46)) - raft.server.log.statemachine.data.caching.enabled = true (custom)
2024-01-14 17:00:28,763 [fdbfaedf-7027-42ee-aaca-8580b78dbea6-groupManagement] INFO  segmented.SegmentedRaftLogWorker (SegmentedRaftLogWorker.java:lambda$new$0(134)) - fdbfaedf-7027-42ee-aaca-8580b78dbea6@group-9AEBABF676F3-SegmentedRaftLogWorker: flushIndex: setUnconditionally 0 -> -1
2024-01-14 17:00:28,763 [fdbfaedf-7027-42ee-aaca-8580b78dbea6-groupManagement] INFO  segmented.SegmentedRaftLogWorker (SegmentedRaftLogWorker.java:lambda$new$0(134)) - fdbfaedf-7027-42ee-aaca-8580b78dbea6@group-9AEBABF676F3-SegmentedRaftLogWorker: safeCacheEvictIndex: setUnconditionally 0 -> -1
2024-01-14 17:00:28,763 [fdbfaedf-7027-42ee-aaca-8580b78dbea6-groupManagement] INFO  server.RaftServer$Division (RaftServerImpl.java:start(396)) - fdbfaedf-7027-42ee-aaca-8580b78dbea6@group-9AEBABF676F3: start as a follower, conf=-1: peers:[31061ca7-84d9-4b7e-bdb5-51e4d8805ce5|10.1.0.34:15433, 01ac3795-95be-4125-9c80-d1d2d581a769|10.1.0.34:15424, fdbfaedf-7027-42ee-aaca-8580b78dbea6|10.1.0.34:15442]|listeners:[], old=null
2024-01-14 17:00:28,763 [fdbfaedf-7027-42ee-aaca-8580b78dbea6-groupManagement] INFO  server.RaftServer$Division (RaftServerImpl.java:setRole(383)) - fdbfaedf-7027-42ee-aaca-8580b78dbea6@group-9AEBABF676F3: changes role from      null to FOLLOWER at term 0 for startAsFollower
2024-01-14 17:00:28,763 [fdbfaedf-7027-42ee-aaca-8580b78dbea6-groupManagement] INFO  impl.RoleInfo (RoleInfo.java:updateAndGet(139)) - fdbfaedf-7027-42ee-aaca-8580b78dbea6: start fdbfaedf-7027-42ee-aaca-8580b78dbea6@group-9AEBABF676F3-FollowerState
2024-01-14 17:00:28,764 [fdbfaedf-7027-42ee-aaca-8580b78dbea6@group-9AEBABF676F3-FollowerState] INFO  server.RaftServerConfigKeys (ConfUtils.java:logFallback(53)) - raft.server.rpc.first-election.timeout.min = 5s (fallback to raft.server.rpc.timeout.min)
2024-01-14 17:00:28,764 [fdbfaedf-7027-42ee-aaca-8580b78dbea6-groupManagement] INFO  util.JmxRegister (JmxRegister.java:tryRegister(44)) - Successfully registered JMX Bean with object name Ratis:service=RaftServer,group=group-9AEBABF676F3,id=fdbfaedf-7027-42ee-aaca-8580b78dbea6
2024-01-14 17:00:28,764 [fdbfaedf-7027-42ee-aaca-8580b78dbea6@group-9AEBABF676F3-FollowerState] INFO  server.RaftServerConfigKeys (ConfUtils.java:logFallback(53)) - raft.server.rpc.first-election.timeout.max = 5200ms (fallback to raft.server.rpc.timeout.max)
2024-01-14 17:00:28,764 [fdbfaedf-7027-42ee-aaca-8580b78dbea6-groupManagement] INFO  server.RaftServerConfigKeys (ConfUtils.java:logGet(46)) - raft.server.snapshot.trigger-when-stop.enabled = true (default)
2024-01-14 17:00:28,764 [fdbfaedf-7027-42ee-aaca-8580b78dbea6-groupManagement] INFO  server.RaftServerConfigKeys (ConfUtils.java:logGet(46)) - raft.server.snapshot.auto.trigger.enabled = true (custom)
2024-01-14 17:00:28,764 [fdbfaedf-7027-42ee-aaca-8580b78dbea6-groupManagement] INFO  server.RaftServerConfigKeys (ConfUtils.java:logGet(46)) - raft.server.snapshot.auto.trigger.threshold = 10000 (custom)
2024-01-14 17:00:28,764 [fdbfaedf-7027-42ee-aaca-8580b78dbea6-groupManagement] INFO  server.RaftServerConfigKeys (ConfUtils.java:logGet(46)) - raft.server.snapshot.retention.file.num = 5 (custom)
2024-01-14 17:00:28,764 [fdbfaedf-7027-42ee-aaca-8580b78dbea6-groupManagement] INFO  server.RaftServerConfigKeys (ConfUtils.java:logGet(46)) - raft.server.log.purge.upto.snapshot.index = false (default)
2024-01-14 17:00:28,767 [01ac3795-95be-4125-9c80-d1d2d581a769-PipelineCommandHandlerThread-0] INFO  commandhandler.CreatePipelineCommandHandler (CreatePipelineCommandHandler.java:lambda$handle$2(124)) - Created Pipeline RATIS THREE PipelineID=c909b760-5f23-4c48-ab3d-9aebabf676f3.
2024-01-14 17:00:28,790 [31061ca7-84d9-4b7e-bdb5-51e4d8805ce5-PipelineCommandHandlerThread-0] INFO  server.RaftServer (RaftServerProxy.java:addNew(100)) - 31061ca7-84d9-4b7e-bdb5-51e4d8805ce5: addNew group-0BD0801A3AFE:[31061ca7-84d9-4b7e-bdb5-51e4d8805ce5|10.1.0.34:15433] returns group-0BD0801A3AFE:java.util.concurrent.CompletableFuture@67c32671[Not completed]
2024-01-14 17:00:28,790 [31061ca7-84d9-4b7e-bdb5-51e4d8805ce5-groupManagement] INFO  server.RaftServer$Division (RaftServerImpl.java:<init>(256)) - 31061ca7-84d9-4b7e-bdb5-51e4d8805ce5: new RaftServerImpl for group-0BD0801A3AFE:[31061ca7-84d9-4b7e-bdb5-51e4d8805ce5|10.1.0.34:15433] with ContainerStateMachine:uninitialized
2024-01-14 17:00:28,790 [31061ca7-84d9-4b7e-bdb5-51e4d8805ce5-groupManagement] INFO  server.RaftServerConfigKeys (ConfUtils.java:logGet(46)) - raft.server.rpc.timeout.min = 5s (custom)
2024-01-14 17:00:28,790 [31061ca7-84d9-4b7e-bdb5-51e4d8805ce5-groupManagement] INFO  server.RaftServerConfigKeys (ConfUtils.java:logGet(46)) - raft.server.rpc.timeout.max = 5200ms (custom)
2024-01-14 17:00:28,790 [31061ca7-84d9-4b7e-bdb5-51e4d8805ce5-groupManagement] INFO  server.RaftServerConfigKeys (ConfUtils.java:logGet(46)) - raft.server.rpc.sleep.time = 25ms (default)
2024-01-14 17:00:28,790 [31061ca7-84d9-4b7e-bdb5-51e4d8805ce5-groupManagement] INFO  server.RaftServerConfigKeys (ConfUtils.java:logGet(46)) - raft.server.rpc.slowness.timeout = 300000ms (custom)
2024-01-14 17:00:28,790 [31061ca7-84d9-4b7e-bdb5-51e4d8805ce5-groupManagement] INFO  server.RaftServerConfigKeys (ConfUtils.java:logGet(46)) - raft.server.leaderelection.leader.step-down.wait-time = 10s (default)
2024-01-14 17:00:28,790 [31061ca7-84d9-4b7e-bdb5-51e4d8805ce5-groupManagement] INFO  server.RaftServerConfigKeys (ConfUtils.java:logGet(46)) - raft.server.leaderelection.member.majority-add = false (default)
2024-01-14 17:00:28,790 [31061ca7-84d9-4b7e-bdb5-51e4d8805ce5-groupManagement] INFO  server.RaftServerConfigKeys (ConfUtils.java:logGet(46)) - raft.server.sleep.deviation.threshold = 300ms (default)
2024-01-14 17:00:28,791 [31061ca7-84d9-4b7e-bdb5-51e4d8805ce5-groupManagement] INFO  server.RaftServer$Division (ServerState.java:<init>(113)) - 31061ca7-84d9-4b7e-bdb5-51e4d8805ce5@group-0BD0801A3AFE: ConfigurationManager, init=-1: peers:[31061ca7-84d9-4b7e-bdb5-51e4d8805ce5|10.1.0.34:15433]|listeners:[], old=null, confs=<EMPTY_MAP>
2024-01-14 17:00:28,791 [31061ca7-84d9-4b7e-bdb5-51e4d8805ce5-groupManagement] INFO  server.RaftServerConfigKeys (ConfUtils.java:logGet(46)) - raft.server.notification.no-leader.timeout = 300000ms (custom)
2024-01-14 17:00:28,791 [31061ca7-84d9-4b7e-bdb5-51e4d8805ce5-groupManagement] INFO  server.RaftServerConfigKeys (ConfUtils.java:logGet(46)) - raft.server.read.timeout = 10s (default)
2024-01-14 17:00:28,791 [31061ca7-84d9-4b7e-bdb5-51e4d8805ce5-groupManagement] INFO  server.RaftServerConfigKeys (ConfUtils.java:logGet(46)) - raft.server.retrycache.expirytime = 600000ms (custom)
2024-01-14 17:00:28,791 [31061ca7-84d9-4b7e-bdb5-51e4d8805ce5-groupManagement] INFO  server.RaftServerConfigKeys (ConfUtils.java:logGet(46)) - raft.server.retrycache.statistics.expirytime = 100ms (default)
2024-01-14 17:00:28,791 [31061ca7-84d9-4b7e-bdb5-51e4d8805ce5-groupManagement] INFO  server.RaftServerConfigKeys (ConfUtils.java:logGet(46)) - raft.server.read.option = DEFAULT (default)
2024-01-14 17:00:28,791 [31061ca7-84d9-4b7e-bdb5-51e4d8805ce5-groupManagement] INFO  server.RaftServerConfigKeys (ConfUtils.java:logGet(46)) - raft.server.read.read-after-write-consistent.write-index-cache.expiry-time = 60s (default)
2024-01-14 17:00:28,793 [31061ca7-84d9-4b7e-bdb5-51e4d8805ce5-groupManagement] INFO  server.RaftServerConfigKeys (ConfUtils.java:logGet(46)) - raft.server.rpc.request.timeout = 3000ms (default)
2024-01-14 17:00:28,793 [31061ca7-84d9-4b7e-bdb5-51e4d8805ce5-groupManagement] INFO  server.RaftServerConfigKeys (ConfUtils.java:logGet(46)) - raft.server.log.appender.install.snapshot.enabled = false (custom)
2024-01-14 17:00:28,793 [31061ca7-84d9-4b7e-bdb5-51e4d8805ce5-groupManagement] INFO  server.RaftServerConfigKeys (ConfUtils.java:logGet(46)) - raft.server.threadpool.server.cached = true (default)
2024-01-14 17:00:28,793 [31061ca7-84d9-4b7e-bdb5-51e4d8805ce5-groupManagement] INFO  server.RaftServerConfigKeys (ConfUtils.java:logGet(46)) - raft.server.threadpool.server.size = 0 (default)
2024-01-14 17:00:28,793 [31061ca7-84d9-4b7e-bdb5-51e4d8805ce5-groupManagement] INFO  server.RaftServerConfigKeys (ConfUtils.java:logGet(46)) - raft.server.threadpool.client.cached = true (default)
2024-01-14 17:00:28,794 [31061ca7-84d9-4b7e-bdb5-51e4d8805ce5-groupManagement] INFO  server.RaftServerConfigKeys (ConfUtils.java:logGet(46)) - raft.server.threadpool.client.size = 0 (default)
2024-01-14 17:00:28,794 [31061ca7-84d9-4b7e-bdb5-51e4d8805ce5-groupManagement] INFO  server.RaftServerConfigKeys (ConfUtils.java:logGet(46)) - raft.server.storage.free-space.min = 0MB (=0) (default)
2024-01-14 17:00:28,794 [31061ca7-84d9-4b7e-bdb5-51e4d8805ce5-groupManagement] INFO  server.RaftServerConfigKeys (ConfUtils.java:logGet(46)) - raft.server.log.corruption.policy = EXCEPTION (default)
2024-01-14 17:00:28,794 [31061ca7-84d9-4b7e-bdb5-51e4d8805ce5-groupManagement] INFO  server.RaftServerConfigKeys (ConfUtils.java:logGet(46)) - raft.server.storage.dir = [/home/runner/work/ozone/ozone/hadoop-ozone/integration-test/target/test-dir/MiniOzoneClusterImpl-55f63948-b302-44a8-9a44-732f3ddcab57/datanode-7/data/ratis] (custom)
2024-01-14 17:00:28,794 [31061ca7-84d9-4b7e-bdb5-51e4d8805ce5-groupManagement] INFO  storage.RaftStorageDirectory (RaftStorageDirectoryImpl.java:analyzeStorage(138)) - The storage directory /home/runner/work/ozone/ozone/hadoop-ozone/integration-test/target/test-dir/MiniOzoneClusterImpl-55f63948-b302-44a8-9a44-732f3ddcab57/datanode-7/data/ratis/d8c19b7e-91bf-43c9-a94f-0bd0801a3afe does not exist. Creating ...
2024-01-14 17:00:28,795 [31061ca7-84d9-4b7e-bdb5-51e4d8805ce5-groupManagement] INFO  storage.RaftStorageDirectory (RaftStorageDirectoryImpl.java:tryLock(228)) - Lock on /home/runner/work/ozone/ozone/hadoop-ozone/integration-test/target/test-dir/MiniOzoneClusterImpl-55f63948-b302-44a8-9a44-732f3ddcab57/datanode-7/data/ratis/d8c19b7e-91bf-43c9-a94f-0bd0801a3afe/in_use.lock acquired by nodename 93954@fv-az1248-16
2024-01-14 17:00:28,796 [31061ca7-84d9-4b7e-bdb5-51e4d8805ce5-groupManagement] INFO  storage.RaftStorage (RaftStorageImpl.java:format(99)) - Storage directory /home/runner/work/ozone/ozone/hadoop-ozone/integration-test/target/test-dir/MiniOzoneClusterImpl-55f63948-b302-44a8-9a44-732f3ddcab57/datanode-7/data/ratis/d8c19b7e-91bf-43c9-a94f-0bd0801a3afe has been successfully formatted.
2024-01-14 17:00:28,796 [31061ca7-84d9-4b7e-bdb5-51e4d8805ce5-groupManagement] WARN  util.FileUtils (LogUtils.java:supplyAndLog(63)) - Failed to Files.newInputStream /home/runner/work/ozone/ozone/hadoop-ozone/integration-test/target/test-dir/MiniOzoneClusterImpl-55f63948-b302-44a8-9a44-732f3ddcab57/datanode-7/data/ratis/d8c19b7e-91bf-43c9-a94f-0bd0801a3afe/current/raft-meta.conf with options []: java.nio.file.NoSuchFileException: /home/runner/work/ozone/ozone/hadoop-ozone/integration-test/target/test-dir/MiniOzoneClusterImpl-55f63948-b302-44a8-9a44-732f3ddcab57/datanode-7/data/ratis/d8c19b7e-91bf-43c9-a94f-0bd0801a3afe/current/raft-meta.conf
2024-01-14 17:00:28,796 [31061ca7-84d9-4b7e-bdb5-51e4d8805ce5-groupManagement] INFO  ratis.ContainerStateMachine (ContainerStateMachine.java:loadSnapshot(287)) - group-0BD0801A3AFE: The snapshot info is null. Setting the last applied index to:(t:0, i:~)
2024-01-14 17:00:28,796 [31061ca7-84d9-4b7e-bdb5-51e4d8805ce5-groupManagement] INFO  server.RaftServerConfigKeys (ConfUtils.java:logGet(46)) - raft.server.log.use.memory = false (default)
2024-01-14 17:00:28,796 [31061ca7-84d9-4b7e-bdb5-51e4d8805ce5-groupManagement] INFO  server.RaftServerConfigKeys (ConfUtils.java:logGet(46)) - raft.server.log.purge.gap = 1000000 (custom)
2024-01-14 17:00:28,796 [31061ca7-84d9-4b7e-bdb5-51e4d8805ce5-groupManagement] INFO  server.RaftServerConfigKeys (ConfUtils.java:logGet(46)) - raft.server.log.appender.buffer.byte-limit = 8388608 (custom)
2024-01-14 17:00:28,796 [31061ca7-84d9-4b7e-bdb5-51e4d8805ce5-groupManagement] INFO  server.RaftServerConfigKeys (ConfUtils.java:logGet(46)) - raft.server.log.statemachine.data.read.timeout = 1000ms (default)
2024-01-14 17:00:28,796 [31061ca7-84d9-4b7e-bdb5-51e4d8805ce5-groupManagement] INFO  server.RaftServerConfigKeys (ConfUtils.java:logGet(46)) - raft.server.log.purge.preservation.log.num = 0 (default)
2024-01-14 17:00:28,797 [EventQueue-PipelineReportForPipelineReportHandler] INFO  pipeline.PipelineReportHandler (PipelineReportHandler.java:processPipelineReport(136)) - Opened pipeline PipelineID=d8c19b7e-91bf-43c9-a94f-0bd0801a3afe
2024-01-14 17:00:28,797 [EventQueue-OpenPipelineForHealthyPipelineSafeModeRule] INFO  safemode.SCMSafeModeManager (HealthyPipelineSafeModeRule.java:process(140)) - SCM in safe mode. Healthy pipelines reported count is 0, required healthy pipeline reported count is 1
2024-01-14 17:00:28,798 [31061ca7-84d9-4b7e-bdb5-51e4d8805ce5-groupManagement] INFO  server.RaftServerConfigKeys (ConfUtils.java:logGet(46)) - raft.server.log.segment.size.max = 67108864 (custom)
2024-01-14 17:00:28,798 [31061ca7-84d9-4b7e-bdb5-51e4d8805ce5-groupManagement] INFO  server.RaftServerConfigKeys (ConfUtils.java:logGet(46)) - raft.server.log.segment.cache.num.max = 2 (custom)
2024-01-14 17:00:28,798 [31061ca7-84d9-4b7e-bdb5-51e4d8805ce5-groupManagement] INFO  server.RaftServerConfigKeys (ConfUtils.java:logGet(46)) - raft.server.log.segment.cache.size.max = 200MB (=209715200) (default)
2024-01-14 17:00:28,798 [31061ca7-84d9-4b7e-bdb5-51e4d8805ce5-groupManagement] INFO  server.RaftServerConfigKeys (ConfUtils.java:logGet(46)) - raft.server.log.appender.buffer.byte-limit = 8388608 (custom)
2024-01-14 17:00:28,798 [31061ca7-84d9-4b7e-bdb5-51e4d8805ce5-groupManagement] INFO  util.AwaitToRun (AwaitToRun.java:start(81)) - Thread[31061ca7-84d9-4b7e-bdb5-51e4d8805ce5@group-0BD0801A3AFE-cacheEviction-AwaitToRun,5,main] started
2024-01-14 17:00:28,798 [31061ca7-84d9-4b7e-bdb5-51e4d8805ce5-groupManagement] INFO  segmented.SegmentedRaftLogWorker (SegmentedRaftLogWorker.java:<init>(182)) - new 31061ca7-84d9-4b7e-bdb5-51e4d8805ce5@group-0BD0801A3AFE-SegmentedRaftLogWorker for RaftStorageImpl:Storage Directory /home/runner/work/ozone/ozone/hadoop-ozone/integration-test/target/test-dir/MiniOzoneClusterImpl-55f63948-b302-44a8-9a44-732f3ddcab57/datanode-7/data/ratis/d8c19b7e-91bf-43c9-a94f-0bd0801a3afe
2024-01-14 17:00:28,798 [31061ca7-84d9-4b7e-bdb5-51e4d8805ce5-groupManagement] INFO  server.RaftServerConfigKeys (ConfUtils.java:logGet(46)) - raft.server.log.queue.byte-limit = 4294967296 (custom)
2024-01-14 17:00:28,798 [31061ca7-84d9-4b7e-bdb5-51e4d8805ce5-groupManagement] INFO  server.RaftServerConfigKeys (ConfUtils.java:logGet(46)) - raft.server.log.queue.element-limit = 1024 (custom)
2024-01-14 17:00:28,798 [31061ca7-84d9-4b7e-bdb5-51e4d8805ce5-groupManagement] INFO  server.RaftServerConfigKeys (ConfUtils.java:logGet(46)) - raft.server.log.segment.size.max = 67108864 (custom)
2024-01-14 17:00:28,798 [31061ca7-84d9-4b7e-bdb5-51e4d8805ce5-groupManagement] INFO  server.RaftServerConfigKeys (ConfUtils.java:logGet(46)) - raft.server.log.preallocated.size = 4194304 (custom)
2024-01-14 17:00:28,798 [31061ca7-84d9-4b7e-bdb5-51e4d8805ce5-groupManagement] INFO  server.RaftServerConfigKeys (ConfUtils.java:logGet(46)) - raft.server.log.force.sync.num = 128 (default)
2024-01-14 17:00:28,799 [31061ca7-84d9-4b7e-bdb5-51e4d8805ce5-groupManagement] INFO  server.RaftServerConfigKeys (ConfUtils.java:logGet(46)) - raft.server.log.statemachine.data.sync = true (default)
2024-01-14 17:00:28,799 [31061ca7-84d9-4b7e-bdb5-51e4d8805ce5-groupManagement] INFO  server.RaftServerConfigKeys (ConfUtils.java:logGet(46)) - raft.server.log.statemachine.data.sync.timeout = 10s (default)
2024-01-14 17:00:28,799 [31061ca7-84d9-4b7e-bdb5-51e4d8805ce5-groupManagement] INFO  server.RaftServerConfigKeys (ConfUtils.java:logGet(46)) - raft.server.log.statemachine.data.sync.timeout.retry = 0 (custom)
2024-01-14 17:00:28,799 [31061ca7-84d9-4b7e-bdb5-51e4d8805ce5-groupManagement] INFO  server.RaftServerConfigKeys (ConfUtils.java:logGet(46)) - raft.server.log.write.buffer.size = 8388616 (custom)
2024-01-14 17:00:28,801 [31061ca7-84d9-4b7e-bdb5-51e4d8805ce5-groupManagement] INFO  server.RaftServerConfigKeys (ConfUtils.java:logGet(46)) - raft.server.log.appender.buffer.byte-limit = 8388608 (custom)
2024-01-14 17:00:28,801 [31061ca7-84d9-4b7e-bdb5-51e4d8805ce5-groupManagement] INFO  server.RaftServerConfigKeys (ConfUtils.java:logGet(46)) - raft.server.log.unsafe-flush.enabled = false (default)
2024-01-14 17:00:28,801 [31061ca7-84d9-4b7e-bdb5-51e4d8805ce5-groupManagement] INFO  server.RaftServerConfigKeys (ConfUtils.java:logGet(46)) - raft.server.log.async-flush.enabled = false (default)
2024-01-14 17:00:28,801 [31061ca7-84d9-4b7e-bdb5-51e4d8805ce5-groupManagement] INFO  server.RaftServerConfigKeys (ConfUtils.java:logGet(46)) - raft.server.log.statemachine.data.caching.enabled = true (custom)
2024-01-14 17:00:28,801 [31061ca7-84d9-4b7e-bdb5-51e4d8805ce5-groupManagement] INFO  segmented.SegmentedRaftLogWorker (SegmentedRaftLogWorker.java:lambda$new$0(134)) - 31061ca7-84d9-4b7e-bdb5-51e4d8805ce5@group-0BD0801A3AFE-SegmentedRaftLogWorker: flushIndex: setUnconditionally 0 -> -1
2024-01-14 17:00:28,801 [31061ca7-84d9-4b7e-bdb5-51e4d8805ce5-groupManagement] INFO  segmented.SegmentedRaftLogWorker (SegmentedRaftLogWorker.java:lambda$new$0(134)) - 31061ca7-84d9-4b7e-bdb5-51e4d8805ce5@group-0BD0801A3AFE-SegmentedRaftLogWorker: safeCacheEvictIndex: setUnconditionally 0 -> -1
2024-01-14 17:00:28,801 [31061ca7-84d9-4b7e-bdb5-51e4d8805ce5-groupManagement] INFO  server.RaftServer$Division (RaftServerImpl.java:start(396)) - 31061ca7-84d9-4b7e-bdb5-51e4d8805ce5@group-0BD0801A3AFE: start as a follower, conf=-1: peers:[31061ca7-84d9-4b7e-bdb5-51e4d8805ce5|10.1.0.34:15433]|listeners:[], old=null
2024-01-14 17:00:28,801 [31061ca7-84d9-4b7e-bdb5-51e4d8805ce5-groupManagement] INFO  server.RaftServer$Division (RaftServerImpl.java:setRole(383)) - 31061ca7-84d9-4b7e-bdb5-51e4d8805ce5@group-0BD0801A3AFE: changes role from      null to FOLLOWER at term 0 for startAsFollower
2024-01-14 17:00:28,802 [31061ca7-84d9-4b7e-bdb5-51e4d8805ce5-groupManagement] INFO  impl.RoleInfo (RoleInfo.java:updateAndGet(139)) - 31061ca7-84d9-4b7e-bdb5-51e4d8805ce5: start 31061ca7-84d9-4b7e-bdb5-51e4d8805ce5@group-0BD0801A3AFE-FollowerState
2024-01-14 17:00:28,802 [31061ca7-84d9-4b7e-bdb5-51e4d8805ce5-groupManagement] INFO  util.JmxRegister (JmxRegister.java:tryRegister(44)) - Successfully registered JMX Bean with object name Ratis:service=RaftServer,group=group-0BD0801A3AFE,id=31061ca7-84d9-4b7e-bdb5-51e4d8805ce5
2024-01-14 17:00:28,802 [31061ca7-84d9-4b7e-bdb5-51e4d8805ce5-groupManagement] INFO  server.RaftServerConfigKeys (ConfUtils.java:logGet(46)) - raft.server.snapshot.trigger-when-stop.enabled = true (default)
2024-01-14 17:00:28,802 [31061ca7-84d9-4b7e-bdb5-51e4d8805ce5-groupManagement] INFO  server.RaftServerConfigKeys (ConfUtils.java:logGet(46)) - raft.server.snapshot.auto.trigger.enabled = true (custom)
2024-01-14 17:00:28,802 [31061ca7-84d9-4b7e-bdb5-51e4d8805ce5-groupManagement] INFO  server.RaftServerConfigKeys (ConfUtils.java:logGet(46)) - raft.server.snapshot.auto.trigger.threshold = 10000 (custom)
2024-01-14 17:00:28,802 [31061ca7-84d9-4b7e-bdb5-51e4d8805ce5-groupManagement] INFO  server.RaftServerConfigKeys (ConfUtils.java:logGet(46)) - raft.server.snapshot.retention.file.num = 5 (custom)
2024-01-14 17:00:28,802 [31061ca7-84d9-4b7e-bdb5-51e4d8805ce5-groupManagement] INFO  server.RaftServerConfigKeys (ConfUtils.java:logGet(46)) - raft.server.log.purge.upto.snapshot.index = false (default)
2024-01-14 17:00:28,802 [31061ca7-84d9-4b7e-bdb5-51e4d8805ce5@group-0BD0801A3AFE-FollowerState] INFO  server.RaftServerConfigKeys (ConfUtils.java:logFallback(53)) - raft.server.rpc.first-election.timeout.min = 5s (fallback to raft.server.rpc.timeout.min)
2024-01-14 17:00:28,803 [31061ca7-84d9-4b7e-bdb5-51e4d8805ce5@group-0BD0801A3AFE-FollowerState] INFO  server.RaftServerConfigKeys (ConfUtils.java:logFallback(53)) - raft.server.rpc.first-election.timeout.max = 5200ms (fallback to raft.server.rpc.timeout.max)
2024-01-14 17:00:28,802 [31061ca7-84d9-4b7e-bdb5-51e4d8805ce5-PipelineCommandHandlerThread-0] INFO  ratis.XceiverServerRatis (XceiverServerRatis.java:addGroup(842)) - Created group PipelineID=d8c19b7e-91bf-43c9-a94f-0bd0801a3afe
2024-01-14 17:00:28,803 [31061ca7-84d9-4b7e-bdb5-51e4d8805ce5-PipelineCommandHandlerThread-0] INFO  commandhandler.CreatePipelineCommandHandler (CreatePipelineCommandHandler.java:lambda$handle$2(124)) - Created Pipeline RATIS ONE PipelineID=d8c19b7e-91bf-43c9-a94f-0bd0801a3afe.
2024-01-14 17:00:28,886 [fdbfaedf-7027-42ee-aaca-8580b78dbea6-PipelineCommandHandlerThread-0] INFO  server.RaftServer (RaftServerProxy.java:addNew(100)) - fdbfaedf-7027-42ee-aaca-8580b78dbea6: addNew group-95DC0B5D4D97:[fdbfaedf-7027-42ee-aaca-8580b78dbea6|10.1.0.34:15442] returns group-95DC0B5D4D97:java.util.concurrent.CompletableFuture@17f865d0[Not completed]
2024-01-14 17:00:28,887 [fdbfaedf-7027-42ee-aaca-8580b78dbea6-groupManagement] INFO  server.RaftServer$Division (RaftServerImpl.java:<init>(256)) - fdbfaedf-7027-42ee-aaca-8580b78dbea6: new RaftServerImpl for group-95DC0B5D4D97:[fdbfaedf-7027-42ee-aaca-8580b78dbea6|10.1.0.34:15442] with ContainerStateMachine:uninitialized
2024-01-14 17:00:28,887 [fdbfaedf-7027-42ee-aaca-8580b78dbea6-groupManagement] INFO  server.RaftServerConfigKeys (ConfUtils.java:logGet(46)) - raft.server.rpc.timeout.min = 5s (custom)
2024-01-14 17:00:28,887 [fdbfaedf-7027-42ee-aaca-8580b78dbea6-groupManagement] INFO  server.RaftServerConfigKeys (ConfUtils.java:logGet(46)) - raft.server.rpc.timeout.max = 5200ms (custom)
2024-01-14 17:00:28,887 [fdbfaedf-7027-42ee-aaca-8580b78dbea6-groupManagement] INFO  server.RaftServerConfigKeys (ConfUtils.java:logGet(46)) - raft.server.rpc.sleep.time = 25ms (default)
2024-01-14 17:00:28,887 [fdbfaedf-7027-42ee-aaca-8580b78dbea6-groupManagement] INFO  server.RaftServerConfigKeys (ConfUtils.java:logGet(46)) - raft.server.rpc.slowness.timeout = 300000ms (custom)
2024-01-14 17:00:28,887 [fdbfaedf-7027-42ee-aaca-8580b78dbea6-groupManagement] INFO  server.RaftServerConfigKeys (ConfUtils.java:logGet(46)) - raft.server.leaderelection.leader.step-down.wait-time = 10s (default)
2024-01-14 17:00:28,887 [fdbfaedf-7027-42ee-aaca-8580b78dbea6-groupManagement] INFO  server.RaftServerConfigKeys (ConfUtils.java:logGet(46)) - raft.server.leaderelection.member.majority-add = false (default)
2024-01-14 17:00:28,887 [fdbfaedf-7027-42ee-aaca-8580b78dbea6-groupManagement] INFO  server.RaftServerConfigKeys (ConfUtils.java:logGet(46)) - raft.server.sleep.deviation.threshold = 300ms (default)
2024-01-14 17:00:28,887 [fdbfaedf-7027-42ee-aaca-8580b78dbea6-groupManagement] INFO  server.RaftServer$Division (ServerState.java:<init>(113)) - fdbfaedf-7027-42ee-aaca-8580b78dbea6@group-95DC0B5D4D97: ConfigurationManager, init=-1: peers:[fdbfaedf-7027-42ee-aaca-8580b78dbea6|10.1.0.34:15442]|listeners:[], old=null, confs=<EMPTY_MAP>
2024-01-14 17:00:28,887 [fdbfaedf-7027-42ee-aaca-8580b78dbea6-groupManagement] INFO  server.RaftServerConfigKeys (ConfUtils.java:logGet(46)) - raft.server.notification.no-leader.timeout = 300000ms (custom)
2024-01-14 17:00:28,887 [fdbfaedf-7027-42ee-aaca-8580b78dbea6-groupManagement] INFO  server.RaftServerConfigKeys (ConfUtils.java:logGet(46)) - raft.server.read.timeout = 10s (default)
2024-01-14 17:00:28,887 [fdbfaedf-7027-42ee-aaca-8580b78dbea6-groupManagement] INFO  server.RaftServerConfigKeys (ConfUtils.java:logGet(46)) - raft.server.retrycache.expirytime = 600000ms (custom)
2024-01-14 17:00:28,887 [fdbfaedf-7027-42ee-aaca-8580b78dbea6-groupManagement] INFO  server.RaftServerConfigKeys (ConfUtils.java:logGet(46)) - raft.server.retrycache.statistics.expirytime = 100ms (default)
2024-01-14 17:00:28,887 [fdbfaedf-7027-42ee-aaca-8580b78dbea6-groupManagement] INFO  server.RaftServerConfigKeys (ConfUtils.java:logGet(46)) - raft.server.read.option = DEFAULT (default)
2024-01-14 17:00:28,887 [fdbfaedf-7027-42ee-aaca-8580b78dbea6-groupManagement] INFO  server.RaftServerConfigKeys (ConfUtils.java:logGet(46)) - raft.server.read.read-after-write-consistent.write-index-cache.expiry-time = 60s (default)
2024-01-14 17:00:28,888 [main] INFO  ozone.MiniOzoneClusterImpl (MiniOzoneClusterImpl.java:lambda$waitForClusterToBeReady$0(229)) - Nodes are ready. Got 9 of 9 DN Heartbeats.
2024-01-14 17:00:28,888 [main] INFO  ozone.MiniOzoneClusterImpl (MiniOzoneClusterImpl.java:lambda$waitForClusterToBeReady$0(232)) - Waiting for cluster to exit safe mode
2024-01-14 17:00:28,888 [main] INFO  ozone.MiniOzoneClusterImpl (MiniOzoneClusterImpl.java:lambda$waitForClusterToBeReady$0(234)) - SCM became leader
2024-01-14 17:00:28,889 [fdbfaedf-7027-42ee-aaca-8580b78dbea6-groupManagement] INFO  server.RaftServerConfigKeys (ConfUtils.java:logGet(46)) - raft.server.rpc.request.timeout = 3000ms (default)
2024-01-14 17:00:28,889 [fdbfaedf-7027-42ee-aaca-8580b78dbea6-groupManagement] INFO  server.RaftServerConfigKeys (ConfUtils.java:logGet(46)) - raft.server.log.appender.install.snapshot.enabled = false (custom)
2024-01-14 17:00:28,889 [fdbfaedf-7027-42ee-aaca-8580b78dbea6-groupManagement] INFO  server.RaftServerConfigKeys (ConfUtils.java:logGet(46)) - raft.server.threadpool.server.cached = true (default)
2024-01-14 17:00:28,889 [fdbfaedf-7027-42ee-aaca-8580b78dbea6-groupManagement] INFO  server.RaftServerConfigKeys (ConfUtils.java:logGet(46)) - raft.server.threadpool.server.size = 0 (default)
2024-01-14 17:00:28,889 [fdbfaedf-7027-42ee-aaca-8580b78dbea6-groupManagement] INFO  server.RaftServerConfigKeys (ConfUtils.java:logGet(46)) - raft.server.threadpool.client.cached = true (default)
2024-01-14 17:00:28,889 [fdbfaedf-7027-42ee-aaca-8580b78dbea6-groupManagement] INFO  server.RaftServerConfigKeys (ConfUtils.java:logGet(46)) - raft.server.threadpool.client.size = 0 (default)
2024-01-14 17:00:28,889 [fdbfaedf-7027-42ee-aaca-8580b78dbea6-groupManagement] INFO  server.RaftServerConfigKeys (ConfUtils.java:logGet(46)) - raft.server.storage.free-space.min = 0MB (=0) (default)
2024-01-14 17:00:28,889 [fdbfaedf-7027-42ee-aaca-8580b78dbea6-groupManagement] INFO  server.RaftServerConfigKeys (ConfUtils.java:logGet(46)) - raft.server.log.corruption.policy = EXCEPTION (default)
2024-01-14 17:00:28,889 [fdbfaedf-7027-42ee-aaca-8580b78dbea6-groupManagement] INFO  server.RaftServerConfigKeys (ConfUtils.java:logGet(46)) - raft.server.storage.dir = [/home/runner/work/ozone/ozone/hadoop-ozone/integration-test/target/test-dir/MiniOzoneClusterImpl-55f63948-b302-44a8-9a44-732f3ddcab57/datanode-8/data/ratis] (custom)
2024-01-14 17:00:28,889 [fdbfaedf-7027-42ee-aaca-8580b78dbea6-groupManagement] INFO  storage.RaftStorageDirectory (RaftStorageDirectoryImpl.java:analyzeStorage(138)) - The storage directory /home/runner/work/ozone/ozone/hadoop-ozone/integration-test/target/test-dir/MiniOzoneClusterImpl-55f63948-b302-44a8-9a44-732f3ddcab57/datanode-8/data/ratis/5b73682b-7adb-495b-b20a-95dc0b5d4d97 does not exist. Creating ...
2024-01-14 17:00:28,890 [fdbfaedf-7027-42ee-aaca-8580b78dbea6-groupManagement] INFO  storage.RaftStorageDirectory (RaftStorageDirectoryImpl.java:tryLock(228)) - Lock on /home/runner/work/ozone/ozone/hadoop-ozone/integration-test/target/test-dir/MiniOzoneClusterImpl-55f63948-b302-44a8-9a44-732f3ddcab57/datanode-8/data/ratis/5b73682b-7adb-495b-b20a-95dc0b5d4d97/in_use.lock acquired by nodename 93954@fv-az1248-16
2024-01-14 17:00:28,891 [fdbfaedf-7027-42ee-aaca-8580b78dbea6-groupManagement] INFO  storage.RaftStorage (RaftStorageImpl.java:format(99)) - Storage directory /home/runner/work/ozone/ozone/hadoop-ozone/integration-test/target/test-dir/MiniOzoneClusterImpl-55f63948-b302-44a8-9a44-732f3ddcab57/datanode-8/data/ratis/5b73682b-7adb-495b-b20a-95dc0b5d4d97 has been successfully formatted.
2024-01-14 17:00:28,891 [fdbfaedf-7027-42ee-aaca-8580b78dbea6-groupManagement] WARN  util.FileUtils (LogUtils.java:supplyAndLog(63)) - Failed to Files.newInputStream /home/runner/work/ozone/ozone/hadoop-ozone/integration-test/target/test-dir/MiniOzoneClusterImpl-55f63948-b302-44a8-9a44-732f3ddcab57/datanode-8/data/ratis/5b73682b-7adb-495b-b20a-95dc0b5d4d97/current/raft-meta.conf with options []: java.nio.file.NoSuchFileException: /home/runner/work/ozone/ozone/hadoop-ozone/integration-test/target/test-dir/MiniOzoneClusterImpl-55f63948-b302-44a8-9a44-732f3ddcab57/datanode-8/data/ratis/5b73682b-7adb-495b-b20a-95dc0b5d4d97/current/raft-meta.conf
2024-01-14 17:00:28,891 [fdbfaedf-7027-42ee-aaca-8580b78dbea6-groupManagement] INFO  ratis.ContainerStateMachine (ContainerStateMachine.java:loadSnapshot(287)) - group-95DC0B5D4D97: The snapshot info is null. Setting the last applied index to:(t:0, i:~)
2024-01-14 17:00:28,891 [fdbfaedf-7027-42ee-aaca-8580b78dbea6-groupManagement] INFO  server.RaftServerConfigKeys (ConfUtils.java:logGet(46)) - raft.server.log.use.memory = false (default)
2024-01-14 17:00:28,891 [fdbfaedf-7027-42ee-aaca-8580b78dbea6-groupManagement] INFO  server.RaftServerConfigKeys (ConfUtils.java:logGet(46)) - raft.server.log.purge.gap = 1000000 (custom)
2024-01-14 17:00:28,891 [fdbfaedf-7027-42ee-aaca-8580b78dbea6-groupManagement] INFO  server.RaftServerConfigKeys (ConfUtils.java:logGet(46)) - raft.server.log.appender.buffer.byte-limit = 8388608 (custom)
2024-01-14 17:00:28,891 [fdbfaedf-7027-42ee-aaca-8580b78dbea6-groupManagement] INFO  server.RaftServerConfigKeys (ConfUtils.java:logGet(46)) - raft.server.log.statemachine.data.read.timeout = 1000ms (default)
2024-01-14 17:00:28,891 [fdbfaedf-7027-42ee-aaca-8580b78dbea6-groupManagement] INFO  server.RaftServerConfigKeys (ConfUtils.java:logGet(46)) - raft.server.log.purge.preservation.log.num = 0 (default)
2024-01-14 17:00:28,892 [EventQueue-PipelineReportForPipelineReportHandler] INFO  pipeline.PipelineReportHandler (PipelineReportHandler.java:processPipelineReport(136)) - Opened pipeline PipelineID=5b73682b-7adb-495b-b20a-95dc0b5d4d97
2024-01-14 17:00:28,892 [EventQueue-OpenPipelineForHealthyPipelineSafeModeRule] INFO  safemode.SCMSafeModeManager (HealthyPipelineSafeModeRule.java:process(140)) - SCM in safe mode. Healthy pipelines reported count is 0, required healthy pipeline reported count is 1
2024-01-14 17:00:28,892 [fdbfaedf-7027-42ee-aaca-8580b78dbea6-groupManagement] INFO  server.RaftServerConfigKeys (ConfUtils.java:logGet(46)) - raft.server.log.segment.size.max = 67108864 (custom)
2024-01-14 17:00:28,893 [fdbfaedf-7027-42ee-aaca-8580b78dbea6-groupManagement] INFO  server.RaftServerConfigKeys (ConfUtils.java:logGet(46)) - raft.server.log.segment.cache.num.max = 2 (custom)
2024-01-14 17:00:28,893 [fdbfaedf-7027-42ee-aaca-8580b78dbea6-groupManagement] INFO  server.RaftServerConfigKeys (ConfUtils.java:logGet(46)) - raft.server.log.segment.cache.size.max = 200MB (=209715200) (default)
2024-01-14 17:00:28,893 [fdbfaedf-7027-42ee-aaca-8580b78dbea6-groupManagement] INFO  server.RaftServerConfigKeys (ConfUtils.java:logGet(46)) - raft.server.log.appender.buffer.byte-limit = 8388608 (custom)
2024-01-14 17:00:28,893 [fdbfaedf-7027-42ee-aaca-8580b78dbea6-groupManagement] INFO  util.AwaitToRun (AwaitToRun.java:start(81)) - Thread[fdbfaedf-7027-42ee-aaca-8580b78dbea6@group-95DC0B5D4D97-cacheEviction-AwaitToRun,5,main] started
2024-01-14 17:00:28,893 [fdbfaedf-7027-42ee-aaca-8580b78dbea6-groupManagement] INFO  segmented.SegmentedRaftLogWorker (SegmentedRaftLogWorker.java:<init>(182)) - new fdbfaedf-7027-42ee-aaca-8580b78dbea6@group-95DC0B5D4D97-SegmentedRaftLogWorker for RaftStorageImpl:Storage Directory /home/runner/work/ozone/ozone/hadoop-ozone/integration-test/target/test-dir/MiniOzoneClusterImpl-55f63948-b302-44a8-9a44-732f3ddcab57/datanode-8/data/ratis/5b73682b-7adb-495b-b20a-95dc0b5d4d97
2024-01-14 17:00:28,893 [fdbfaedf-7027-42ee-aaca-8580b78dbea6-groupManagement] INFO  server.RaftServerConfigKeys (ConfUtils.java:logGet(46)) - raft.server.log.queue.byte-limit = 4294967296 (custom)
2024-01-14 17:00:28,893 [fdbfaedf-7027-42ee-aaca-8580b78dbea6-groupManagement] INFO  server.RaftServerConfigKeys (ConfUtils.java:logGet(46)) - raft.server.log.queue.element-limit = 1024 (custom)
2024-01-14 17:00:28,893 [fdbfaedf-7027-42ee-aaca-8580b78dbea6-groupManagement] INFO  server.RaftServerConfigKeys (ConfUtils.java:logGet(46)) - raft.server.log.segment.size.max = 67108864 (custom)
2024-01-14 17:00:28,893 [fdbfaedf-7027-42ee-aaca-8580b78dbea6-groupManagement] INFO  server.RaftServerConfigKeys (ConfUtils.java:logGet(46)) - raft.server.log.preallocated.size = 4194304 (custom)
2024-01-14 17:00:28,893 [fdbfaedf-7027-42ee-aaca-8580b78dbea6-groupManagement] INFO  server.RaftServerConfigKeys (ConfUtils.java:logGet(46)) - raft.server.log.force.sync.num = 128 (default)
2024-01-14 17:00:28,893 [fdbfaedf-7027-42ee-aaca-8580b78dbea6-groupManagement] INFO  server.RaftServerConfigKeys (ConfUtils.java:logGet(46)) - raft.server.log.statemachine.data.sync = true (default)
2024-01-14 17:00:28,893 [fdbfaedf-7027-42ee-aaca-8580b78dbea6-groupManagement] INFO  server.RaftServerConfigKeys (ConfUtils.java:logGet(46)) - raft.server.log.statemachine.data.sync.timeout = 10s (default)
2024-01-14 17:00:28,893 [fdbfaedf-7027-42ee-aaca-8580b78dbea6-groupManagement] INFO  server.RaftServerConfigKeys (ConfUtils.java:logGet(46)) - raft.server.log.statemachine.data.sync.timeout.retry = 0 (custom)
2024-01-14 17:00:28,893 [fdbfaedf-7027-42ee-aaca-8580b78dbea6-groupManagement] INFO  server.RaftServerConfigKeys (ConfUtils.java:logGet(46)) - raft.server.log.write.buffer.size = 8388616 (custom)
2024-01-14 17:00:28,894 [fdbfaedf-7027-42ee-aaca-8580b78dbea6-groupManagement] INFO  server.RaftServerConfigKeys (ConfUtils.java:logGet(46)) - raft.server.log.appender.buffer.byte-limit = 8388608 (custom)
2024-01-14 17:00:28,895 [fdbfaedf-7027-42ee-aaca-8580b78dbea6-groupManagement] INFO  server.RaftServerConfigKeys (ConfUtils.java:logGet(46)) - raft.server.log.unsafe-flush.enabled = false (default)
2024-01-14 17:00:28,895 [fdbfaedf-7027-42ee-aaca-8580b78dbea6-groupManagement] INFO  server.RaftServerConfigKeys (ConfUtils.java:logGet(46)) - raft.server.log.async-flush.enabled = false (default)
2024-01-14 17:00:28,895 [fdbfaedf-7027-42ee-aaca-8580b78dbea6-groupManagement] INFO  server.RaftServerConfigKeys (ConfUtils.java:logGet(46)) - raft.server.log.statemachine.data.caching.enabled = true (custom)
2024-01-14 17:00:28,895 [fdbfaedf-7027-42ee-aaca-8580b78dbea6-groupManagement] INFO  segmented.SegmentedRaftLogWorker (SegmentedRaftLogWorker.java:lambda$new$0(134)) - fdbfaedf-7027-42ee-aaca-8580b78dbea6@group-95DC0B5D4D97-SegmentedRaftLogWorker: flushIndex: setUnconditionally 0 -> -1
2024-01-14 17:00:28,895 [fdbfaedf-7027-42ee-aaca-8580b78dbea6-groupManagement] INFO  segmented.SegmentedRaftLogWorker (SegmentedRaftLogWorker.java:lambda$new$0(134)) - fdbfaedf-7027-42ee-aaca-8580b78dbea6@group-95DC0B5D4D97-SegmentedRaftLogWorker: safeCacheEvictIndex: setUnconditionally 0 -> -1
2024-01-14 17:00:28,895 [fdbfaedf-7027-42ee-aaca-8580b78dbea6-groupManagement] INFO  server.RaftServer$Division (RaftServerImpl.java:start(396)) - fdbfaedf-7027-42ee-aaca-8580b78dbea6@group-95DC0B5D4D97: start as a follower, conf=-1: peers:[fdbfaedf-7027-42ee-aaca-8580b78dbea6|10.1.0.34:15442]|listeners:[], old=null
2024-01-14 17:00:28,895 [fdbfaedf-7027-42ee-aaca-8580b78dbea6-groupManagement] INFO  server.RaftServer$Division (RaftServerImpl.java:setRole(383)) - fdbfaedf-7027-42ee-aaca-8580b78dbea6@group-95DC0B5D4D97: changes role from      null to FOLLOWER at term 0 for startAsFollower
2024-01-14 17:00:28,895 [fdbfaedf-7027-42ee-aaca-8580b78dbea6-groupManagement] INFO  impl.RoleInfo (RoleInfo.java:updateAndGet(139)) - fdbfaedf-7027-42ee-aaca-8580b78dbea6: start fdbfaedf-7027-42ee-aaca-8580b78dbea6@group-95DC0B5D4D97-FollowerState
2024-01-14 17:00:28,895 [fdbfaedf-7027-42ee-aaca-8580b78dbea6-groupManagement] INFO  util.JmxRegister (JmxRegister.java:tryRegister(44)) - Successfully registered JMX Bean with object name Ratis:service=RaftServer,group=group-95DC0B5D4D97,id=fdbfaedf-7027-42ee-aaca-8580b78dbea6
2024-01-14 17:00:28,895 [fdbfaedf-7027-42ee-aaca-8580b78dbea6@group-95DC0B5D4D97-FollowerState] INFO  server.RaftServerConfigKeys (ConfUtils.java:logFallback(53)) - raft.server.rpc.first-election.timeout.min = 5s (fallback to raft.server.rpc.timeout.min)
2024-01-14 17:00:28,895 [fdbfaedf-7027-42ee-aaca-8580b78dbea6-groupManagement] INFO  server.RaftServerConfigKeys (ConfUtils.java:logGet(46)) - raft.server.snapshot.trigger-when-stop.enabled = true (default)
2024-01-14 17:00:28,895 [fdbfaedf-7027-42ee-aaca-8580b78dbea6-groupManagement] INFO  server.RaftServerConfigKeys (ConfUtils.java:logGet(46)) - raft.server.snapshot.auto.trigger.enabled = true (custom)
2024-01-14 17:00:28,895 [fdbfaedf-7027-42ee-aaca-8580b78dbea6@group-95DC0B5D4D97-FollowerState] INFO  server.RaftServerConfigKeys (ConfUtils.java:logFallback(53)) - raft.server.rpc.first-election.timeout.max = 5200ms (fallback to raft.server.rpc.timeout.max)
2024-01-14 17:00:28,895 [fdbfaedf-7027-42ee-aaca-8580b78dbea6-groupManagement] INFO  server.RaftServerConfigKeys (ConfUtils.java:logGet(46)) - raft.server.snapshot.auto.trigger.threshold = 10000 (custom)
2024-01-14 17:00:28,895 [fdbfaedf-7027-42ee-aaca-8580b78dbea6-groupManagement] INFO  server.RaftServerConfigKeys (ConfUtils.java:logGet(46)) - raft.server.snapshot.retention.file.num = 5 (custom)
2024-01-14 17:00:28,895 [fdbfaedf-7027-42ee-aaca-8580b78dbea6-groupManagement] INFO  server.RaftServerConfigKeys (ConfUtils.java:logGet(46)) - raft.server.log.purge.upto.snapshot.index = false (default)
2024-01-14 17:00:28,896 [fdbfaedf-7027-42ee-aaca-8580b78dbea6-PipelineCommandHandlerThread-0] INFO  ratis.XceiverServerRatis (XceiverServerRatis.java:addGroup(842)) - Created group PipelineID=5b73682b-7adb-495b-b20a-95dc0b5d4d97
2024-01-14 17:00:28,896 [fdbfaedf-7027-42ee-aaca-8580b78dbea6-PipelineCommandHandlerThread-0] INFO  commandhandler.CreatePipelineCommandHandler (CreatePipelineCommandHandler.java:lambda$handle$2(124)) - Created Pipeline RATIS ONE PipelineID=5b73682b-7adb-495b-b20a-95dc0b5d4d97.
2024-01-14 17:00:29,889 [main] INFO  ozone.MiniOzoneClusterImpl (MiniOzoneClusterImpl.java:lambda$waitForClusterToBeReady$0(229)) - Nodes are ready. Got 9 of 9 DN Heartbeats.
2024-01-14 17:00:29,889 [main] INFO  ozone.MiniOzoneClusterImpl (MiniOzoneClusterImpl.java:lambda$waitForClusterToBeReady$0(232)) - Waiting for cluster to exit safe mode
2024-01-14 17:00:29,889 [main] INFO  ozone.MiniOzoneClusterImpl (MiniOzoneClusterImpl.java:lambda$waitForClusterToBeReady$0(234)) - SCM became leader
2024-01-14 17:00:30,889 [main] INFO  ozone.MiniOzoneClusterImpl (MiniOzoneClusterImpl.java:lambda$waitForClusterToBeReady$0(229)) - Nodes are ready. Got 9 of 9 DN Heartbeats.
2024-01-14 17:00:30,890 [main] INFO  ozone.MiniOzoneClusterImpl (MiniOzoneClusterImpl.java:lambda$waitForClusterToBeReady$0(232)) - Waiting for cluster to exit safe mode
2024-01-14 17:00:30,890 [main] INFO  ozone.MiniOzoneClusterImpl (MiniOzoneClusterImpl.java:lambda$waitForClusterToBeReady$0(234)) - SCM became leader
2024-01-14 17:00:31,890 [main] INFO  ozone.MiniOzoneClusterImpl (MiniOzoneClusterImpl.java:lambda$waitForClusterToBeReady$0(229)) - Nodes are ready. Got 9 of 9 DN Heartbeats.
2024-01-14 17:00:31,890 [main] INFO  ozone.MiniOzoneClusterImpl (MiniOzoneClusterImpl.java:lambda$waitForClusterToBeReady$0(232)) - Waiting for cluster to exit safe mode
2024-01-14 17:00:31,890 [main] INFO  ozone.MiniOzoneClusterImpl (MiniOzoneClusterImpl.java:lambda$waitForClusterToBeReady$0(234)) - SCM became leader
2024-01-14 17:00:32,890 [main] INFO  ozone.MiniOzoneClusterImpl (MiniOzoneClusterImpl.java:lambda$waitForClusterToBeReady$0(229)) - Nodes are ready. Got 9 of 9 DN Heartbeats.
2024-01-14 17:00:32,891 [main] INFO  ozone.MiniOzoneClusterImpl (MiniOzoneClusterImpl.java:lambda$waitForClusterToBeReady$0(232)) - Waiting for cluster to exit safe mode
2024-01-14 17:00:32,891 [main] INFO  ozone.MiniOzoneClusterImpl (MiniOzoneClusterImpl.java:lambda$waitForClusterToBeReady$0(234)) - SCM became leader
2024-01-14 17:00:33,265 [aebecd85-982d-4af9-9ab4-e47392631af6@group-F3E7A0CFEC8F-FollowerState] INFO  impl.FollowerState (FollowerState.java:run(143)) - aebecd85-982d-4af9-9ab4-e47392631af6@group-F3E7A0CFEC8F-FollowerState: change to CANDIDATE, lastRpcElapsedTime:5035099650ns, electionTimeout:5034ms
2024-01-14 17:00:33,265 [aebecd85-982d-4af9-9ab4-e47392631af6@group-F3E7A0CFEC8F-FollowerState] INFO  impl.RoleInfo (RoleInfo.java:shutdownFollowerState(110)) - aebecd85-982d-4af9-9ab4-e47392631af6: shutdown aebecd85-982d-4af9-9ab4-e47392631af6@group-F3E7A0CFEC8F-FollowerState
2024-01-14 17:00:33,265 [aebecd85-982d-4af9-9ab4-e47392631af6@group-F3E7A0CFEC8F-FollowerState] INFO  server.RaftServer$Division (RaftServerImpl.java:setRole(383)) - aebecd85-982d-4af9-9ab4-e47392631af6@group-F3E7A0CFEC8F: changes role from  FOLLOWER to CANDIDATE at term 0 for changeToCandidate
2024-01-14 17:00:33,265 [aebecd85-982d-4af9-9ab4-e47392631af6@group-F3E7A0CFEC8F-FollowerState] INFO  server.RaftServerConfigKeys (ConfUtils.java:logGet(46)) - raft.server.leaderelection.pre-vote = true (default)
2024-01-14 17:00:33,265 [aebecd85-982d-4af9-9ab4-e47392631af6@group-F3E7A0CFEC8F-FollowerState] INFO  impl.RoleInfo (RoleInfo.java:updateAndGet(139)) - aebecd85-982d-4af9-9ab4-e47392631af6: start aebecd85-982d-4af9-9ab4-e47392631af6@group-F3E7A0CFEC8F-LeaderElection64
2024-01-14 17:00:33,266 [aebecd85-982d-4af9-9ab4-e47392631af6@group-F3E7A0CFEC8F-LeaderElection64] INFO  impl.LeaderElection (LeaderElection.java:askForVotes(321)) - aebecd85-982d-4af9-9ab4-e47392631af6@group-F3E7A0CFEC8F-LeaderElection64 PRE_VOTE round 0: submit vote requests at term 0 for -1: peers:[b01583c4-e63d-4000-8651-5bd1da23191a|10.1.0.34:15379, aebecd85-982d-4af9-9ab4-e47392631af6|10.1.0.34:15388, 1aa467ca-1ad7-4ef6-8b7c-495b72f7048c|10.1.0.34:15370]|listeners:[], old=null
2024-01-14 17:00:33,267 [aebecd85-982d-4af9-9ab4-e47392631af6@group-F3E7A0CFEC8F-LeaderElection64-1] INFO  server.GrpcServerProtocolClient (GrpcServerProtocolClient.java:<init>(65)) - Build channel for b01583c4-e63d-4000-8651-5bd1da23191a|10.1.0.34:15379
2024-01-14 17:00:33,267 [aebecd85-982d-4af9-9ab4-e47392631af6@group-F3E7A0CFEC8F-LeaderElection64-2] INFO  server.GrpcServerProtocolClient (GrpcServerProtocolClient.java:<init>(65)) - Build channel for 1aa467ca-1ad7-4ef6-8b7c-495b72f7048c|10.1.0.34:15370
2024-01-14 17:00:33,267 [aebecd85-982d-4af9-9ab4-e47392631af6@group-F3E7A0CFEC8F-LeaderElection64] INFO  server.RaftServerConfigKeys (ConfUtils.java:logFallback(53)) - raft.server.rpc.first-election.timeout.min = 5s (fallback to raft.server.rpc.timeout.min)
2024-01-14 17:00:33,267 [aebecd85-982d-4af9-9ab4-e47392631af6@group-F3E7A0CFEC8F-LeaderElection64] INFO  server.RaftServerConfigKeys (ConfUtils.java:logFallback(53)) - raft.server.rpc.first-election.timeout.max = 5200ms (fallback to raft.server.rpc.timeout.max)
2024-01-14 17:00:33,270 [grpc-default-executor-2] INFO  server.RaftServer$Division (RaftServerImpl.java:requestVote(1389)) - 1aa467ca-1ad7-4ef6-8b7c-495b72f7048c@group-F3E7A0CFEC8F: receive requestVote(PRE_VOTE, aebecd85-982d-4af9-9ab4-e47392631af6, group-F3E7A0CFEC8F, 0, (t:0, i:0))
2024-01-14 17:00:33,270 [grpc-default-executor-2] INFO  impl.VoteContext (VoteContext.java:log(49)) - 1aa467ca-1ad7-4ef6-8b7c-495b72f7048c@group-F3E7A0CFEC8F-FOLLOWER: reject PRE_VOTE from aebecd85-982d-4af9-9ab4-e47392631af6: our priority 1 > candidate's priority 0
2024-01-14 17:00:33,270 [grpc-default-executor-2] INFO  server.RaftServer$Division (RaftServerImpl.java:requestVote(1422)) - 1aa467ca-1ad7-4ef6-8b7c-495b72f7048c@group-F3E7A0CFEC8F replies to PRE_VOTE vote request: aebecd85-982d-4af9-9ab4-e47392631af6<-1aa467ca-1ad7-4ef6-8b7c-495b72f7048c#0:FAIL-t0. Peer's state: 1aa467ca-1ad7-4ef6-8b7c-495b72f7048c@group-F3E7A0CFEC8F:t0, leader=null, voted=, raftlog=Memoized:1aa467ca-1ad7-4ef6-8b7c-495b72f7048c@group-F3E7A0CFEC8F-SegmentedRaftLog:OPENED:c-1, conf=-1: peers:[b01583c4-e63d-4000-8651-5bd1da23191a|10.1.0.34:15379, aebecd85-982d-4af9-9ab4-e47392631af6|10.1.0.34:15388, 1aa467ca-1ad7-4ef6-8b7c-495b72f7048c|10.1.0.34:15370]|listeners:[], old=null
2024-01-14 17:00:33,272 [aebecd85-982d-4af9-9ab4-e47392631af6@group-F3E7A0CFEC8F-LeaderElection64] INFO  impl.LeaderElection (LeaderElection.java:logAndReturn(89)) - aebecd85-982d-4af9-9ab4-e47392631af6@group-F3E7A0CFEC8F-LeaderElection64: PRE_VOTE REJECTED received 1 response(s) and 0 exception(s):
2024-01-14 17:00:33,272 [aebecd85-982d-4af9-9ab4-e47392631af6@group-F3E7A0CFEC8F-LeaderElection64] INFO  impl.LeaderElection (LeaderElection.java:logAndReturn(93)) -   Response 0: aebecd85-982d-4af9-9ab4-e47392631af6<-1aa467ca-1ad7-4ef6-8b7c-495b72f7048c#0:FAIL-t0
2024-01-14 17:00:33,272 [aebecd85-982d-4af9-9ab4-e47392631af6@group-F3E7A0CFEC8F-LeaderElection64] INFO  impl.LeaderElection (LeaderElection.java:askForVotes(323)) - aebecd85-982d-4af9-9ab4-e47392631af6@group-F3E7A0CFEC8F-LeaderElection64 PRE_VOTE round 0: result REJECTED
2024-01-14 17:00:33,272 [aebecd85-982d-4af9-9ab4-e47392631af6@group-F3E7A0CFEC8F-LeaderElection64] INFO  server.RaftServer$Division (RaftServerImpl.java:setRole(383)) - aebecd85-982d-4af9-9ab4-e47392631af6@group-F3E7A0CFEC8F: changes role from CANDIDATE to FOLLOWER at term 0 for REJECTED
2024-01-14 17:00:33,272 [aebecd85-982d-4af9-9ab4-e47392631af6@group-F3E7A0CFEC8F-LeaderElection64] INFO  impl.RoleInfo (RoleInfo.java:shutdownLeaderElection(130)) - aebecd85-982d-4af9-9ab4-e47392631af6: shutdown aebecd85-982d-4af9-9ab4-e47392631af6@group-F3E7A0CFEC8F-LeaderElection64
2024-01-14 17:00:33,272 [aebecd85-982d-4af9-9ab4-e47392631af6@group-F3E7A0CFEC8F-LeaderElection64] INFO  impl.RoleInfo (RoleInfo.java:updateAndGet(139)) - aebecd85-982d-4af9-9ab4-e47392631af6: start aebecd85-982d-4af9-9ab4-e47392631af6@group-F3E7A0CFEC8F-FollowerState
2024-01-14 17:00:33,272 [aebecd85-982d-4af9-9ab4-e47392631af6@group-F3E7A0CFEC8F-LeaderElection64] INFO  server.RaftServer$Division (RaftServerImpl.java:setFirstElection(574)) - aebecd85-982d-4af9-9ab4-e47392631af6@group-F3E7A0CFEC8F: set firstElectionSinceStartup to false for REJECTED
2024-01-14 17:00:33,273 [grpc-default-executor-2] INFO  server.RaftServer$Division (RaftServerImpl.java:requestVote(1389)) - b01583c4-e63d-4000-8651-5bd1da23191a@group-F3E7A0CFEC8F: receive requestVote(PRE_VOTE, aebecd85-982d-4af9-9ab4-e47392631af6, group-F3E7A0CFEC8F, 0, (t:0, i:0))
2024-01-14 17:00:33,273 [grpc-default-executor-2] INFO  impl.VoteContext (VoteContext.java:log(49)) - b01583c4-e63d-4000-8651-5bd1da23191a@group-F3E7A0CFEC8F-FOLLOWER: accept PRE_VOTE from aebecd85-982d-4af9-9ab4-e47392631af6: our priority 0 <= candidate's priority 0
2024-01-14 17:00:33,273 [grpc-default-executor-2] INFO  server.RaftServer$Division (RaftServerImpl.java:requestVote(1422)) - b01583c4-e63d-4000-8651-5bd1da23191a@group-F3E7A0CFEC8F replies to PRE_VOTE vote request: aebecd85-982d-4af9-9ab4-e47392631af6<-b01583c4-e63d-4000-8651-5bd1da23191a#0:OK-t0. Peer's state: b01583c4-e63d-4000-8651-5bd1da23191a@group-F3E7A0CFEC8F:t0, leader=null, voted=, raftlog=Memoized:b01583c4-e63d-4000-8651-5bd1da23191a@group-F3E7A0CFEC8F-SegmentedRaftLog:OPENED:c-1, conf=-1: peers:[b01583c4-e63d-4000-8651-5bd1da23191a|10.1.0.34:15379, aebecd85-982d-4af9-9ab4-e47392631af6|10.1.0.34:15388, 1aa467ca-1ad7-4ef6-8b7c-495b72f7048c|10.1.0.34:15370]|listeners:[], old=null
2024-01-14 17:00:33,332 [1aa467ca-1ad7-4ef6-8b7c-495b72f7048c@group-F3E7A0CFEC8F-FollowerState] INFO  impl.FollowerState (FollowerState.java:run(143)) - 1aa467ca-1ad7-4ef6-8b7c-495b72f7048c@group-F3E7A0CFEC8F-FollowerState: change to CANDIDATE, lastRpcElapsedTime:5123516129ns, electionTimeout:5123ms
2024-01-14 17:00:33,333 [1aa467ca-1ad7-4ef6-8b7c-495b72f7048c@group-F3E7A0CFEC8F-FollowerState] INFO  impl.RoleInfo (RoleInfo.java:shutdownFollowerState(110)) - 1aa467ca-1ad7-4ef6-8b7c-495b72f7048c: shutdown 1aa467ca-1ad7-4ef6-8b7c-495b72f7048c@group-F3E7A0CFEC8F-FollowerState
2024-01-14 17:00:33,333 [1aa467ca-1ad7-4ef6-8b7c-495b72f7048c@group-F3E7A0CFEC8F-FollowerState] INFO  server.RaftServer$Division (RaftServerImpl.java:setRole(383)) - 1aa467ca-1ad7-4ef6-8b7c-495b72f7048c@group-F3E7A0CFEC8F: changes role from  FOLLOWER to CANDIDATE at term 0 for changeToCandidate
2024-01-14 17:00:33,333 [1aa467ca-1ad7-4ef6-8b7c-495b72f7048c@group-F3E7A0CFEC8F-FollowerState] INFO  server.RaftServerConfigKeys (ConfUtils.java:logGet(46)) - raft.server.leaderelection.pre-vote = true (default)
2024-01-14 17:00:33,333 [1aa467ca-1ad7-4ef6-8b7c-495b72f7048c@group-F3E7A0CFEC8F-FollowerState] INFO  impl.RoleInfo (RoleInfo.java:updateAndGet(139)) - 1aa467ca-1ad7-4ef6-8b7c-495b72f7048c: start 1aa467ca-1ad7-4ef6-8b7c-495b72f7048c@group-F3E7A0CFEC8F-LeaderElection65
2024-01-14 17:00:33,334 [1aa467ca-1ad7-4ef6-8b7c-495b72f7048c@group-F3E7A0CFEC8F-LeaderElection65] INFO  impl.LeaderElection (LeaderElection.java:askForVotes(321)) - 1aa467ca-1ad7-4ef6-8b7c-495b72f7048c@group-F3E7A0CFEC8F-LeaderElection65 PRE_VOTE round 0: submit vote requests at term 0 for -1: peers:[b01583c4-e63d-4000-8651-5bd1da23191a|10.1.0.34:15379, aebecd85-982d-4af9-9ab4-e47392631af6|10.1.0.34:15388, 1aa467ca-1ad7-4ef6-8b7c-495b72f7048c|10.1.0.34:15370]|listeners:[], old=null
2024-01-14 17:00:33,334 [1aa467ca-1ad7-4ef6-8b7c-495b72f7048c@group-F3E7A0CFEC8F-LeaderElection65-1] INFO  server.GrpcServerProtocolClient (GrpcServerProtocolClient.java:<init>(65)) - Build channel for b01583c4-e63d-4000-8651-5bd1da23191a|10.1.0.34:15379
2024-01-14 17:00:33,335 [1aa467ca-1ad7-4ef6-8b7c-495b72f7048c@group-F3E7A0CFEC8F-LeaderElection65-2] INFO  server.GrpcServerProtocolClient (GrpcServerProtocolClient.java:<init>(65)) - Build channel for aebecd85-982d-4af9-9ab4-e47392631af6|10.1.0.34:15388
2024-01-14 17:00:33,335 [1aa467ca-1ad7-4ef6-8b7c-495b72f7048c@group-F3E7A0CFEC8F-LeaderElection65] INFO  server.RaftServerConfigKeys (ConfUtils.java:logFallback(53)) - raft.server.rpc.first-election.timeout.min = 5s (fallback to raft.server.rpc.timeout.min)
2024-01-14 17:00:33,335 [1aa467ca-1ad7-4ef6-8b7c-495b72f7048c@group-F3E7A0CFEC8F-LeaderElection65] INFO  server.RaftServerConfigKeys (ConfUtils.java:logFallback(53)) - raft.server.rpc.first-election.timeout.max = 5200ms (fallback to raft.server.rpc.timeout.max)
2024-01-14 17:00:33,338 [1aa467ca-1ad7-4ef6-8b7c-495b72f7048c@group-D7F49AE3D028-FollowerState] INFO  impl.FollowerState (FollowerState.java:run(143)) - 1aa467ca-1ad7-4ef6-8b7c-495b72f7048c@group-D7F49AE3D028-FollowerState: change to CANDIDATE, lastRpcElapsedTime:5143051431ns, electionTimeout:5142ms
2024-01-14 17:00:33,338 [1aa467ca-1ad7-4ef6-8b7c-495b72f7048c@group-D7F49AE3D028-FollowerState] INFO  impl.RoleInfo (RoleInfo.java:shutdownFollowerState(110)) - 1aa467ca-1ad7-4ef6-8b7c-495b72f7048c: shutdown 1aa467ca-1ad7-4ef6-8b7c-495b72f7048c@group-D7F49AE3D028-FollowerState
2024-01-14 17:00:33,338 [1aa467ca-1ad7-4ef6-8b7c-495b72f7048c@group-D7F49AE3D028-FollowerState] INFO  server.RaftServer$Division (RaftServerImpl.java:setRole(383)) - 1aa467ca-1ad7-4ef6-8b7c-495b72f7048c@group-D7F49AE3D028: changes role from  FOLLOWER to CANDIDATE at term 0 for changeToCandidate
2024-01-14 17:00:33,338 [1aa467ca-1ad7-4ef6-8b7c-495b72f7048c@group-D7F49AE3D028-FollowerState] INFO  server.RaftServerConfigKeys (ConfUtils.java:logGet(46)) - raft.server.leaderelection.pre-vote = true (default)
2024-01-14 17:00:33,338 [1aa467ca-1ad7-4ef6-8b7c-495b72f7048c@group-D7F49AE3D028-FollowerState] INFO  impl.RoleInfo (RoleInfo.java:updateAndGet(139)) - 1aa467ca-1ad7-4ef6-8b7c-495b72f7048c: start 1aa467ca-1ad7-4ef6-8b7c-495b72f7048c@group-D7F49AE3D028-LeaderElection66
2024-01-14 17:00:33,338 [1aa467ca-1ad7-4ef6-8b7c-495b72f7048c@group-D7F49AE3D028-LeaderElection66] INFO  impl.LeaderElection (LeaderElection.java:askForVotes(321)) - 1aa467ca-1ad7-4ef6-8b7c-495b72f7048c@group-D7F49AE3D028-LeaderElection66 PRE_VOTE round 0: submit vote requests at term 0 for -1: peers:[1aa467ca-1ad7-4ef6-8b7c-495b72f7048c|10.1.0.34:15370]|listeners:[], old=null
2024-01-14 17:00:33,338 [1aa467ca-1ad7-4ef6-8b7c-495b72f7048c@group-D7F49AE3D028-LeaderElection66] INFO  impl.LeaderElection (LeaderElection.java:askForVotes(323)) - 1aa467ca-1ad7-4ef6-8b7c-495b72f7048c@group-D7F49AE3D028-LeaderElection66 PRE_VOTE round 0: result PASSED (term=0)
2024-01-14 17:00:33,340 [grpc-default-executor-3] INFO  server.RaftServer$Division (RaftServerImpl.java:requestVote(1389)) - b01583c4-e63d-4000-8651-5bd1da23191a@group-F3E7A0CFEC8F: receive requestVote(PRE_VOTE, 1aa467ca-1ad7-4ef6-8b7c-495b72f7048c, group-F3E7A0CFEC8F, 0, (t:0, i:0))
2024-01-14 17:00:33,340 [grpc-default-executor-3] INFO  impl.VoteContext (VoteContext.java:log(49)) - b01583c4-e63d-4000-8651-5bd1da23191a@group-F3E7A0CFEC8F-FOLLOWER: accept PRE_VOTE from 1aa467ca-1ad7-4ef6-8b7c-495b72f7048c: our priority 0 <= candidate's priority 1
2024-01-14 17:00:33,340 [grpc-default-executor-2] INFO  server.RaftServer$Division (RaftServerImpl.java:requestVote(1389)) - aebecd85-982d-4af9-9ab4-e47392631af6@group-F3E7A0CFEC8F: receive requestVote(PRE_VOTE, 1aa467ca-1ad7-4ef6-8b7c-495b72f7048c, group-F3E7A0CFEC8F, 0, (t:0, i:0))
2024-01-14 17:00:33,340 [grpc-default-executor-3] INFO  server.RaftServer$Division (RaftServerImpl.java:requestVote(1422)) - b01583c4-e63d-4000-8651-5bd1da23191a@group-F3E7A0CFEC8F replies to PRE_VOTE vote request: 1aa467ca-1ad7-4ef6-8b7c-495b72f7048c<-b01583c4-e63d-4000-8651-5bd1da23191a#0:OK-t0. Peer's state: b01583c4-e63d-4000-8651-5bd1da23191a@group-F3E7A0CFEC8F:t0, leader=null, voted=, raftlog=Memoized:b01583c4-e63d-4000-8651-5bd1da23191a@group-F3E7A0CFEC8F-SegmentedRaftLog:OPENED:c-1, conf=-1: peers:[b01583c4-e63d-4000-8651-5bd1da23191a|10.1.0.34:15379, aebecd85-982d-4af9-9ab4-e47392631af6|10.1.0.34:15388, 1aa467ca-1ad7-4ef6-8b7c-495b72f7048c|10.1.0.34:15370]|listeners:[], old=null
2024-01-14 17:00:33,340 [grpc-default-executor-2] INFO  impl.VoteContext (VoteContext.java:log(49)) - aebecd85-982d-4af9-9ab4-e47392631af6@group-F3E7A0CFEC8F-FOLLOWER: accept PRE_VOTE from 1aa467ca-1ad7-4ef6-8b7c-495b72f7048c: our priority 0 <= candidate's priority 1
2024-01-14 17:00:33,340 [grpc-default-executor-2] INFO  server.RaftServer$Division (RaftServerImpl.java:requestVote(1422)) - aebecd85-982d-4af9-9ab4-e47392631af6@group-F3E7A0CFEC8F replies to PRE_VOTE vote request: 1aa467ca-1ad7-4ef6-8b7c-495b72f7048c<-aebecd85-982d-4af9-9ab4-e47392631af6#0:OK-t0. Peer's state: aebecd85-982d-4af9-9ab4-e47392631af6@group-F3E7A0CFEC8F:t0, leader=null, voted=, raftlog=Memoized:aebecd85-982d-4af9-9ab4-e47392631af6@group-F3E7A0CFEC8F-SegmentedRaftLog:OPENED:c-1, conf=-1: peers:[b01583c4-e63d-4000-8651-5bd1da23191a|10.1.0.34:15379, aebecd85-982d-4af9-9ab4-e47392631af6|10.1.0.34:15388, 1aa467ca-1ad7-4ef6-8b7c-495b72f7048c|10.1.0.34:15370]|listeners:[], old=null
2024-01-14 17:00:33,342 [1aa467ca-1ad7-4ef6-8b7c-495b72f7048c@group-D7F49AE3D028-LeaderElection66] INFO  impl.LeaderElection (LeaderElection.java:askForVotes(321)) - 1aa467ca-1ad7-4ef6-8b7c-495b72f7048c@group-D7F49AE3D028-LeaderElection66 ELECTION round 0: submit vote requests at term 1 for -1: peers:[1aa467ca-1ad7-4ef6-8b7c-495b72f7048c|10.1.0.34:15370]|listeners:[], old=null
2024-01-14 17:00:33,342 [1aa467ca-1ad7-4ef6-8b7c-495b72f7048c@group-D7F49AE3D028-LeaderElection66] INFO  impl.LeaderElection (LeaderElection.java:askForVotes(323)) - 1aa467ca-1ad7-4ef6-8b7c-495b72f7048c@group-D7F49AE3D028-LeaderElection66 ELECTION round 0: result PASSED (term=1)
2024-01-14 17:00:33,342 [1aa467ca-1ad7-4ef6-8b7c-495b72f7048c@group-D7F49AE3D028-LeaderElection66] INFO  impl.RoleInfo (RoleInfo.java:shutdownLeaderElection(130)) - 1aa467ca-1ad7-4ef6-8b7c-495b72f7048c: shutdown 1aa467ca-1ad7-4ef6-8b7c-495b72f7048c@group-D7F49AE3D028-LeaderElection66
2024-01-14 17:00:33,342 [1aa467ca-1ad7-4ef6-8b7c-495b72f7048c@group-F3E7A0CFEC8F-LeaderElection65] INFO  impl.LeaderElection (LeaderElection.java:logAndReturn(89)) - 1aa467ca-1ad7-4ef6-8b7c-495b72f7048c@group-F3E7A0CFEC8F-LeaderElection65: PRE_VOTE PASSED received 1 response(s) and 0 exception(s):
2024-01-14 17:00:33,342 [1aa467ca-1ad7-4ef6-8b7c-495b72f7048c@group-D7F49AE3D028-LeaderElection66] INFO  server.RaftServer$Division (RaftServerImpl.java:setRole(383)) - 1aa467ca-1ad7-4ef6-8b7c-495b72f7048c@group-D7F49AE3D028: changes role from CANDIDATE to LEADER at term 1 for changeToLeader
2024-01-14 17:00:33,342 [1aa467ca-1ad7-4ef6-8b7c-495b72f7048c@group-F3E7A0CFEC8F-LeaderElection65] INFO  impl.LeaderElection (LeaderElection.java:logAndReturn(93)) -   Response 0: 1aa467ca-1ad7-4ef6-8b7c-495b72f7048c<-b01583c4-e63d-4000-8651-5bd1da23191a#0:OK-t0
2024-01-14 17:00:33,342 [1aa467ca-1ad7-4ef6-8b7c-495b72f7048c@group-D7F49AE3D028-LeaderElection66] INFO  server.RaftServerConfigKeys (ConfUtils.java:logGet(46)) - raft.server.staging.catchup.gap = 1000 (default)
2024-01-14 17:00:33,342 [1aa467ca-1ad7-4ef6-8b7c-495b72f7048c@group-F3E7A0CFEC8F-LeaderElection65] INFO  impl.LeaderElection (LeaderElection.java:askForVotes(323)) - 1aa467ca-1ad7-4ef6-8b7c-495b72f7048c@group-F3E7A0CFEC8F-LeaderElection65 PRE_VOTE round 0: result PASSED
2024-01-14 17:00:33,342 [1aa467ca-1ad7-4ef6-8b7c-495b72f7048c@group-D7F49AE3D028-LeaderElection66] INFO  server.RaftServerConfigKeys (ConfUtils.java:logGet(46)) - raft.server.write.element-limit = 1024 (custom)
2024-01-14 17:00:33,342 [1aa467ca-1ad7-4ef6-8b7c-495b72f7048c@group-D7F49AE3D028-LeaderElection66] INFO  server.RaftServerConfigKeys (ConfUtils.java:logGet(46)) - raft.server.write.byte-limit = 1024 M (=1073741824) (custom)
2024-01-14 17:00:33,342 [1aa467ca-1ad7-4ef6-8b7c-495b72f7048c@group-D7F49AE3D028-LeaderElection66] INFO  server.RaftServerConfigKeys (ConfUtils.java:logGet(46)) - raft.server.watch.timeout = 3000ms (custom)
2024-01-14 17:00:33,342 [1aa467ca-1ad7-4ef6-8b7c-495b72f7048c@group-D7F49AE3D028-LeaderElection66] INFO  server.RaftServerConfigKeys (ConfUtils.java:logGet(46)) - raft.server.watch.timeout.denomination = 1s (default)
2024-01-14 17:00:33,342 [1aa467ca-1ad7-4ef6-8b7c-495b72f7048c@group-D7F49AE3D028-LeaderElection66] INFO  server.RaftServerConfigKeys (ConfUtils.java:logGet(46)) - raft.server.watch.element-limit = 65536 (default)
2024-01-14 17:00:33,343 [1aa467ca-1ad7-4ef6-8b7c-495b72f7048c@group-F3E7A0CFEC8F-LeaderElection65] INFO  impl.LeaderElection (LeaderElection.java:askForVotes(321)) - 1aa467ca-1ad7-4ef6-8b7c-495b72f7048c@group-F3E7A0CFEC8F-LeaderElection65 ELECTION round 0: submit vote requests at term 1 for -1: peers:[b01583c4-e63d-4000-8651-5bd1da23191a|10.1.0.34:15379, aebecd85-982d-4af9-9ab4-e47392631af6|10.1.0.34:15388, 1aa467ca-1ad7-4ef6-8b7c-495b72f7048c|10.1.0.34:15370]|listeners:[], old=null
2024-01-14 17:00:33,343 [1aa467ca-1ad7-4ef6-8b7c-495b72f7048c@group-D7F49AE3D028-LeaderElection66] INFO  server.RaftServerConfigKeys (ConfUtils.java:logGet(46)) - raft.server.read.leader.lease.enabled = false (default)
2024-01-14 17:00:33,343 [1aa467ca-1ad7-4ef6-8b7c-495b72f7048c@group-D7F49AE3D028-LeaderElection66] INFO  server.RaftServerConfigKeys (ConfUtils.java:logGet(46)) - raft.server.read.leader.lease.timeout.ratio = 0.9 (default)
2024-01-14 17:00:33,343 [1aa467ca-1ad7-4ef6-8b7c-495b72f7048c@group-D7F49AE3D028-LeaderElection66] INFO  server.RaftServerConfigKeys (ConfUtils.java:logGet(46)) - raft.server.rpc.timeout.min = 5s (custom)
2024-01-14 17:00:33,344 [1aa467ca-1ad7-4ef6-8b7c-495b72f7048c@group-D7F49AE3D028-LeaderElection66] INFO  server.RaftServerConfigKeys (ConfUtils.java:logGet(46)) - raft.server.write.element-limit = 1024 (custom)
2024-01-14 17:00:33,344 [1aa467ca-1ad7-4ef6-8b7c-495b72f7048c@group-D7F49AE3D028-LeaderElection66] INFO  server.RaftServerConfigKeys (ConfUtils.java:logGet(46)) - raft.server.write.follower.gap.ratio.max = -1.0 (default)
2024-01-14 17:00:33,344 [1aa467ca-1ad7-4ef6-8b7c-495b72f7048c@group-D7F49AE3D028-LeaderElection66] INFO  impl.RoleInfo (RoleInfo.java:updateAndGet(139)) - 1aa467ca-1ad7-4ef6-8b7c-495b72f7048c: start 1aa467ca-1ad7-4ef6-8b7c-495b72f7048c@group-D7F49AE3D028-LeaderStateImpl
2024-01-14 17:00:33,344 [1aa467ca-1ad7-4ef6-8b7c-495b72f7048c@group-F3E7A0CFEC8F-LeaderElection65] INFO  server.RaftServerConfigKeys (ConfUtils.java:logFallback(53)) - raft.server.rpc.first-election.timeout.min = 5s (fallback to raft.server.rpc.timeout.min)
2024-01-14 17:00:33,344 [1aa467ca-1ad7-4ef6-8b7c-495b72f7048c@group-F3E7A0CFEC8F-LeaderElection65] INFO  server.RaftServerConfigKeys (ConfUtils.java:logFallback(53)) - raft.server.rpc.first-election.timeout.max = 5200ms (fallback to raft.server.rpc.timeout.max)
2024-01-14 17:00:33,344 [1aa467ca-1ad7-4ef6-8b7c-495b72f7048c@group-D7F49AE3D028-LeaderElection66] INFO  server.RaftServer$Division (RaftServerImpl.java:setFirstElection(574)) - 1aa467ca-1ad7-4ef6-8b7c-495b72f7048c@group-D7F49AE3D028: set firstElectionSinceStartup to false for becomeLeader
2024-01-14 17:00:33,344 [1aa467ca-1ad7-4ef6-8b7c-495b72f7048c@group-D7F49AE3D028-LeaderElection66] INFO  ratis.XceiverServerRatis (XceiverServerRatis.java:handleLeaderChangedNotification(945)) - Leader change notification received for group: group-D7F49AE3D028 with new leaderId: 1aa467ca-1ad7-4ef6-8b7c-495b72f7048c
2024-01-14 17:00:33,344 [1aa467ca-1ad7-4ef6-8b7c-495b72f7048c@group-D7F49AE3D028-LeaderElection66] INFO  server.RaftServer$Division (ServerState.java:setLeader(269)) - 1aa467ca-1ad7-4ef6-8b7c-495b72f7048c@group-D7F49AE3D028: change Leader from null to 1aa467ca-1ad7-4ef6-8b7c-495b72f7048c at term 1 for becomeLeader, leader elected after 5160ms
2024-01-14 17:00:33,344 [grpc-default-executor-2] INFO  server.RaftServer$Division (RaftServerImpl.java:requestVote(1389)) - aebecd85-982d-4af9-9ab4-e47392631af6@group-F3E7A0CFEC8F: receive requestVote(ELECTION, 1aa467ca-1ad7-4ef6-8b7c-495b72f7048c, group-F3E7A0CFEC8F, 1, (t:0, i:0))
2024-01-14 17:00:33,344 [grpc-default-executor-2] INFO  impl.VoteContext (VoteContext.java:log(49)) - aebecd85-982d-4af9-9ab4-e47392631af6@group-F3E7A0CFEC8F-FOLLOWER: accept ELECTION from 1aa467ca-1ad7-4ef6-8b7c-495b72f7048c: our priority 0 <= candidate's priority 1
2024-01-14 17:00:33,345 [grpc-default-executor-2] INFO  server.RaftServer$Division (RaftServerImpl.java:setRole(383)) - aebecd85-982d-4af9-9ab4-e47392631af6@group-F3E7A0CFEC8F: changes role from  FOLLOWER to FOLLOWER at term 1 for candidate:1aa467ca-1ad7-4ef6-8b7c-495b72f7048c
2024-01-14 17:00:33,345 [grpc-default-executor-2] INFO  impl.RoleInfo (RoleInfo.java:shutdownFollowerState(110)) - aebecd85-982d-4af9-9ab4-e47392631af6: shutdown aebecd85-982d-4af9-9ab4-e47392631af6@group-F3E7A0CFEC8F-FollowerState
2024-01-14 17:00:33,345 [grpc-default-executor-2] INFO  impl.RoleInfo (RoleInfo.java:updateAndGet(139)) - aebecd85-982d-4af9-9ab4-e47392631af6: start aebecd85-982d-4af9-9ab4-e47392631af6@group-F3E7A0CFEC8F-FollowerState
2024-01-14 17:00:33,345 [aebecd85-982d-4af9-9ab4-e47392631af6@group-F3E7A0CFEC8F-FollowerState] INFO  impl.FollowerState (FollowerState.java:run(152)) - aebecd85-982d-4af9-9ab4-e47392631af6@group-F3E7A0CFEC8F-FollowerState was interrupted
2024-01-14 17:00:33,345 [1aa467ca-1ad7-4ef6-8b7c-495b72f7048c@group-D7F49AE3D028-LeaderElection66] INFO  segmented.SegmentedRaftLogWorker (SegmentedRaftLogWorker.java:startLogSegment(430)) - 1aa467ca-1ad7-4ef6-8b7c-495b72f7048c@group-D7F49AE3D028-SegmentedRaftLogWorker: Starting segment from index:0
2024-01-14 17:00:33,346 [grpc-default-executor-3] INFO  server.RaftServer$Division (RaftServerImpl.java:requestVote(1389)) - b01583c4-e63d-4000-8651-5bd1da23191a@group-F3E7A0CFEC8F: receive requestVote(ELECTION, 1aa467ca-1ad7-4ef6-8b7c-495b72f7048c, group-F3E7A0CFEC8F, 1, (t:0, i:0))
2024-01-14 17:00:33,346 [grpc-default-executor-3] INFO  impl.VoteContext (VoteContext.java:log(49)) - b01583c4-e63d-4000-8651-5bd1da23191a@group-F3E7A0CFEC8F-FOLLOWER: accept ELECTION from 1aa467ca-1ad7-4ef6-8b7c-495b72f7048c: our priority 0 <= candidate's priority 1
2024-01-14 17:00:33,346 [grpc-default-executor-3] INFO  server.RaftServer$Division (RaftServerImpl.java:setRole(383)) - b01583c4-e63d-4000-8651-5bd1da23191a@group-F3E7A0CFEC8F: changes role from  FOLLOWER to FOLLOWER at term 1 for candidate:1aa467ca-1ad7-4ef6-8b7c-495b72f7048c
2024-01-14 17:00:33,346 [grpc-default-executor-3] INFO  impl.RoleInfo (RoleInfo.java:shutdownFollowerState(110)) - b01583c4-e63d-4000-8651-5bd1da23191a: shutdown b01583c4-e63d-4000-8651-5bd1da23191a@group-F3E7A0CFEC8F-FollowerState
2024-01-14 17:00:33,346 [grpc-default-executor-3] INFO  impl.RoleInfo (RoleInfo.java:updateAndGet(139)) - b01583c4-e63d-4000-8651-5bd1da23191a: start b01583c4-e63d-4000-8651-5bd1da23191a@group-F3E7A0CFEC8F-FollowerState
2024-01-14 17:00:33,347 [1aa467ca-1ad7-4ef6-8b7c-495b72f7048c@group-D7F49AE3D028-LeaderElection66] INFO  server.RaftServer$Division (ServerState.java:setRaftConf(386)) - 1aa467ca-1ad7-4ef6-8b7c-495b72f7048c@group-D7F49AE3D028: set configuration 0: peers:[1aa467ca-1ad7-4ef6-8b7c-495b72f7048c|10.1.0.34:15370]|listeners:[], old=null
2024-01-14 17:00:33,347 [grpc-default-executor-3] INFO  server.RaftServer$Division (RaftServerImpl.java:setFirstElection(574)) - b01583c4-e63d-4000-8651-5bd1da23191a@group-F3E7A0CFEC8F: set firstElectionSinceStartup to false for candidate:1aa467ca-1ad7-4ef6-8b7c-495b72f7048c
2024-01-14 17:00:33,347 [grpc-default-executor-2] INFO  server.RaftServer$Division (RaftServerImpl.java:requestVote(1422)) - aebecd85-982d-4af9-9ab4-e47392631af6@group-F3E7A0CFEC8F replies to ELECTION vote request: 1aa467ca-1ad7-4ef6-8b7c-495b72f7048c<-aebecd85-982d-4af9-9ab4-e47392631af6#0:OK-t1. Peer's state: aebecd85-982d-4af9-9ab4-e47392631af6@group-F3E7A0CFEC8F:t1, leader=null, voted=1aa467ca-1ad7-4ef6-8b7c-495b72f7048c, raftlog=Memoized:aebecd85-982d-4af9-9ab4-e47392631af6@group-F3E7A0CFEC8F-SegmentedRaftLog:OPENED:c-1, conf=-1: peers:[b01583c4-e63d-4000-8651-5bd1da23191a|10.1.0.34:15379, aebecd85-982d-4af9-9ab4-e47392631af6|10.1.0.34:15388, 1aa467ca-1ad7-4ef6-8b7c-495b72f7048c|10.1.0.34:15370]|listeners:[], old=null
2024-01-14 17:00:33,346 [EventQueue-OpenPipelineForHealthyPipelineSafeModeRule] INFO  safemode.SCMSafeModeManager (HealthyPipelineSafeModeRule.java:process(140)) - SCM in safe mode. Healthy pipelines reported count is 0, required healthy pipeline reported count is 1
2024-01-14 17:00:33,348 [1aa467ca-1ad7-4ef6-8b7c-495b72f7048c@group-F3E7A0CFEC8F-LeaderElection65] INFO  impl.LeaderElection (LeaderElection.java:logAndReturn(89)) - 1aa467ca-1ad7-4ef6-8b7c-495b72f7048c@group-F3E7A0CFEC8F-LeaderElection65: ELECTION PASSED received 1 response(s) and 0 exception(s):
2024-01-14 17:00:33,348 [1aa467ca-1ad7-4ef6-8b7c-495b72f7048c@group-F3E7A0CFEC8F-LeaderElection65] INFO  impl.LeaderElection (LeaderElection.java:logAndReturn(93)) -   Response 0: 1aa467ca-1ad7-4ef6-8b7c-495b72f7048c<-aebecd85-982d-4af9-9ab4-e47392631af6#0:OK-t1
2024-01-14 17:00:33,348 [1aa467ca-1ad7-4ef6-8b7c-495b72f7048c@group-F3E7A0CFEC8F-LeaderElection65] INFO  impl.LeaderElection (LeaderElection.java:askForVotes(323)) - 1aa467ca-1ad7-4ef6-8b7c-495b72f7048c@group-F3E7A0CFEC8F-LeaderElection65 ELECTION round 0: result PASSED
2024-01-14 17:00:33,348 [1aa467ca-1ad7-4ef6-8b7c-495b72f7048c@group-F3E7A0CFEC8F-LeaderElection65] INFO  impl.RoleInfo (RoleInfo.java:shutdownLeaderElection(130)) - 1aa467ca-1ad7-4ef6-8b7c-495b72f7048c: shutdown 1aa467ca-1ad7-4ef6-8b7c-495b72f7048c@group-F3E7A0CFEC8F-LeaderElection65
2024-01-14 17:00:33,348 [1aa467ca-1ad7-4ef6-8b7c-495b72f7048c@group-F3E7A0CFEC8F-LeaderElection65] INFO  server.RaftServer$Division (RaftServerImpl.java:setRole(383)) - 1aa467ca-1ad7-4ef6-8b7c-495b72f7048c@group-F3E7A0CFEC8F: changes role from CANDIDATE to LEADER at term 1 for changeToLeader
2024-01-14 17:00:33,348 [1aa467ca-1ad7-4ef6-8b7c-495b72f7048c@group-F3E7A0CFEC8F-LeaderElection65] INFO  server.RaftServerConfigKeys (ConfUtils.java:logGet(46)) - raft.server.staging.catchup.gap = 1000 (default)
2024-01-14 17:00:33,348 [grpc-default-executor-3] INFO  server.RaftServer$Division (RaftServerImpl.java:requestVote(1422)) - b01583c4-e63d-4000-8651-5bd1da23191a@group-F3E7A0CFEC8F replies to ELECTION vote request: 1aa467ca-1ad7-4ef6-8b7c-495b72f7048c<-b01583c4-e63d-4000-8651-5bd1da23191a#0:OK-t1. Peer's state: b01583c4-e63d-4000-8651-5bd1da23191a@group-F3E7A0CFEC8F:t1, leader=null, voted=1aa467ca-1ad7-4ef6-8b7c-495b72f7048c, raftlog=Memoized:b01583c4-e63d-4000-8651-5bd1da23191a@group-F3E7A0CFEC8F-SegmentedRaftLog:OPENED:c-1, conf=-1: peers:[b01583c4-e63d-4000-8651-5bd1da23191a|10.1.0.34:15379, aebecd85-982d-4af9-9ab4-e47392631af6|10.1.0.34:15388, 1aa467ca-1ad7-4ef6-8b7c-495b72f7048c|10.1.0.34:15370]|listeners:[], old=null
2024-01-14 17:00:33,346 [b01583c4-e63d-4000-8651-5bd1da23191a@group-F3E7A0CFEC8F-FollowerState] INFO  impl.FollowerState (FollowerState.java:run(152)) - b01583c4-e63d-4000-8651-5bd1da23191a@group-F3E7A0CFEC8F-FollowerState was interrupted
2024-01-14 17:00:33,348 [1aa467ca-1ad7-4ef6-8b7c-495b72f7048c@group-F3E7A0CFEC8F-LeaderElection65] INFO  server.RaftServerConfigKeys (ConfUtils.java:logGet(46)) - raft.server.write.element-limit = 1024 (custom)
2024-01-14 17:00:33,349 [1aa467ca-1ad7-4ef6-8b7c-495b72f7048c@group-F3E7A0CFEC8F-LeaderElection65] INFO  server.RaftServerConfigKeys (ConfUtils.java:logGet(46)) - raft.server.write.byte-limit = 1024 M (=1073741824) (custom)
2024-01-14 17:00:33,349 [1aa467ca-1ad7-4ef6-8b7c-495b72f7048c@group-D7F49AE3D028-SegmentedRaftLogWorker] INFO  segmented.BufferedWriteChannel (BufferedWriteChannel.java:open(62)) - open log_inprogress_0 at position 0
2024-01-14 17:00:33,349 [1aa467ca-1ad7-4ef6-8b7c-495b72f7048c@group-F3E7A0CFEC8F-LeaderElection65] INFO  server.RaftServerConfigKeys (ConfUtils.java:logGet(46)) - raft.server.watch.timeout = 3000ms (custom)
2024-01-14 17:00:33,349 [1aa467ca-1ad7-4ef6-8b7c-495b72f7048c@group-F3E7A0CFEC8F-LeaderElection65] INFO  server.RaftServerConfigKeys (ConfUtils.java:logGet(46)) - raft.server.watch.timeout.denomination = 1s (default)
2024-01-14 17:00:33,349 [1aa467ca-1ad7-4ef6-8b7c-495b72f7048c@group-F3E7A0CFEC8F-LeaderElection65] INFO  server.RaftServerConfigKeys (ConfUtils.java:logGet(46)) - raft.server.watch.element-limit = 65536 (default)
2024-01-14 17:00:33,350 [1aa467ca-1ad7-4ef6-8b7c-495b72f7048c@group-F3E7A0CFEC8F-LeaderElection65] INFO  server.RaftServerConfigKeys (ConfUtils.java:logGet(46)) - raft.server.read.leader.lease.enabled = false (default)
2024-01-14 17:00:33,350 [1aa467ca-1ad7-4ef6-8b7c-495b72f7048c@group-F3E7A0CFEC8F-LeaderElection65] INFO  server.RaftServerConfigKeys (ConfUtils.java:logGet(46)) - raft.server.read.leader.lease.timeout.ratio = 0.9 (default)
2024-01-14 17:00:33,350 [1aa467ca-1ad7-4ef6-8b7c-495b72f7048c@group-F3E7A0CFEC8F-LeaderElection65] INFO  server.RaftServerConfigKeys (ConfUtils.java:logGet(46)) - raft.server.rpc.timeout.min = 5s (custom)
2024-01-14 17:00:33,350 [1aa467ca-1ad7-4ef6-8b7c-495b72f7048c@group-F3E7A0CFEC8F-LeaderElection65] INFO  server.RaftServerConfigKeys (ConfUtils.java:logGet(46)) - raft.server.write.element-limit = 1024 (custom)
2024-01-14 17:00:33,350 [1aa467ca-1ad7-4ef6-8b7c-495b72f7048c@group-F3E7A0CFEC8F-LeaderElection65] INFO  server.RaftServerConfigKeys (ConfUtils.java:logGet(46)) - raft.server.write.follower.gap.ratio.max = -1.0 (default)
2024-01-14 17:00:33,350 [1aa467ca-1ad7-4ef6-8b7c-495b72f7048c@group-F3E7A0CFEC8F-LeaderElection65] INFO  server.RaftServerConfigKeys (ConfUtils.java:logGet(46)) - raft.server.log.appender.snapshot.chunk.size.max = 16MB (=16777216) (default)
2024-01-14 17:00:33,350 [1aa467ca-1ad7-4ef6-8b7c-495b72f7048c@group-F3E7A0CFEC8F-LeaderElection65] INFO  server.RaftServerConfigKeys (ConfUtils.java:logGet(46)) - raft.server.log.appender.buffer.byte-limit = 8388608 (custom)
2024-01-14 17:00:33,350 [1aa467ca-1ad7-4ef6-8b7c-495b72f7048c@group-F3E7A0CFEC8F-LeaderElection65] INFO  server.RaftServerConfigKeys (ConfUtils.java:logGet(46)) - raft.server.log.appender.buffer.element-limit = 1 (custom)
2024-01-14 17:00:33,350 [1aa467ca-1ad7-4ef6-8b7c-495b72f7048c@group-F3E7A0CFEC8F-LeaderElection65] INFO  server.RaftServerConfigKeys (ConfUtils.java:logGet(46)) - raft.server.log.appender.wait-time.min = 0ms (custom)
2024-01-14 17:00:33,351 [1aa467ca-1ad7-4ef6-8b7c-495b72f7048c@group-F3E7A0CFEC8F-LeaderElection65] INFO  grpc.GrpcConfigKeys (ConfUtils.java:logGet(46)) - raft.grpc.server.leader.outstanding.appends.max = 8 (default)
2024-01-14 17:00:33,351 [1aa467ca-1ad7-4ef6-8b7c-495b72f7048c@group-F3E7A0CFEC8F-LeaderElection65] INFO  server.RaftServerConfigKeys (ConfUtils.java:logGet(46)) - raft.server.rpc.request.timeout = 3000ms (default)
2024-01-14 17:00:33,351 [1aa467ca-1ad7-4ef6-8b7c-495b72f7048c@group-F3E7A0CFEC8F-LeaderElection65] INFO  grpc.GrpcConfigKeys (ConfUtils.java:logGet(46)) - raft.grpc.server.install_snapshot.request.element-limit = 8 (default)
2024-01-14 17:00:33,351 [1aa467ca-1ad7-4ef6-8b7c-495b72f7048c@group-F3E7A0CFEC8F-LeaderElection65] INFO  grpc.GrpcConfigKeys (ConfUtils.java:logGet(46)) - raft.grpc.server.install_snapshot.request.timeout = 3000ms (default)
2024-01-14 17:00:33,351 [1aa467ca-1ad7-4ef6-8b7c-495b72f7048c@group-F3E7A0CFEC8F-LeaderElection65] INFO  grpc.GrpcConfigKeys (ConfUtils.java:logGet(46)) - raft.grpc.server.log-message.batch.duration = 5s (default)
2024-01-14 17:00:33,351 [1aa467ca-1ad7-4ef6-8b7c-495b72f7048c@group-F3E7A0CFEC8F-LeaderElection65] INFO  server.RaftServerConfigKeys (ConfUtils.java:logGet(46)) - raft.server.log.appender.install.snapshot.enabled = false (custom)
2024-01-14 17:00:33,351 [1aa467ca-1ad7-4ef6-8b7c-495b72f7048c@group-F3E7A0CFEC8F-LeaderElection65] INFO  grpc.GrpcConfigKeys (ConfUtils.java:logGet(46)) - raft.grpc.server.heartbeat.channel = true (default)
2024-01-14 17:00:33,352 [1aa467ca-1ad7-4ef6-8b7c-495b72f7048c@group-F3E7A0CFEC8F-LeaderElection65] INFO  server.RaftServerConfigKeys (ConfUtils.java:logGet(46)) - raft.server.log.appender.snapshot.chunk.size.max = 16MB (=16777216) (default)
2024-01-14 17:00:33,352 [1aa467ca-1ad7-4ef6-8b7c-495b72f7048c@group-F3E7A0CFEC8F-LeaderElection65] INFO  server.RaftServerConfigKeys (ConfUtils.java:logGet(46)) - raft.server.log.appender.buffer.byte-limit = 8388608 (custom)
2024-01-14 17:00:33,352 [1aa467ca-1ad7-4ef6-8b7c-495b72f7048c@group-F3E7A0CFEC8F-LeaderElection65] INFO  server.RaftServerConfigKeys (ConfUtils.java:logGet(46)) - raft.server.log.appender.buffer.element-limit = 1 (custom)
2024-01-14 17:00:33,352 [1aa467ca-1ad7-4ef6-8b7c-495b72f7048c@group-F3E7A0CFEC8F-LeaderElection65] INFO  server.RaftServerConfigKeys (ConfUtils.java:logGet(46)) - raft.server.log.appender.wait-time.min = 0ms (custom)
2024-01-14 17:00:33,352 [1aa467ca-1ad7-4ef6-8b7c-495b72f7048c@group-F3E7A0CFEC8F-LeaderElection65] INFO  grpc.GrpcConfigKeys (ConfUtils.java:logGet(46)) - raft.grpc.server.leader.outstanding.appends.max = 8 (default)
2024-01-14 17:00:33,352 [1aa467ca-1ad7-4ef6-8b7c-495b72f7048c@group-F3E7A0CFEC8F-LeaderElection65] INFO  server.RaftServerConfigKeys (ConfUtils.java:logGet(46)) - raft.server.rpc.request.timeout = 3000ms (default)
2024-01-14 17:00:33,353 [b01583c4-e63d-4000-8651-5bd1da23191a@group-80DEB7409E1D-FollowerState] INFO  impl.FollowerState (FollowerState.java:run(143)) - b01583c4-e63d-4000-8651-5bd1da23191a@group-80DEB7409E1D-FollowerState: change to CANDIDATE, lastRpcElapsedTime:5076696673ns, electionTimeout:5076ms
2024-01-14 17:00:33,353 [b01583c4-e63d-4000-8651-5bd1da23191a@group-80DEB7409E1D-FollowerState] INFO  impl.RoleInfo (RoleInfo.java:shutdownFollowerState(110)) - b01583c4-e63d-4000-8651-5bd1da23191a: shutdown b01583c4-e63d-4000-8651-5bd1da23191a@group-80DEB7409E1D-FollowerState
2024-01-14 17:00:33,353 [1aa467ca-1ad7-4ef6-8b7c-495b72f7048c@group-F3E7A0CFEC8F-LeaderElection65] INFO  grpc.GrpcConfigKeys (ConfUtils.java:logGet(46)) - raft.grpc.server.install_snapshot.request.element-limit = 8 (default)
2024-01-14 17:00:33,353 [1aa467ca-1ad7-4ef6-8b7c-495b72f7048c@group-F3E7A0CFEC8F-LeaderElection65] INFO  grpc.GrpcConfigKeys (ConfUtils.java:logGet(46)) - raft.grpc.server.install_snapshot.request.timeout = 3000ms (default)
2024-01-14 17:00:33,353 [b01583c4-e63d-4000-8651-5bd1da23191a@group-80DEB7409E1D-FollowerState] INFO  server.RaftServer$Division (RaftServerImpl.java:setRole(383)) - b01583c4-e63d-4000-8651-5bd1da23191a@group-80DEB7409E1D: changes role from  FOLLOWER to CANDIDATE at term 0 for changeToCandidate
2024-01-14 17:00:33,353 [1aa467ca-1ad7-4ef6-8b7c-495b72f7048c@group-F3E7A0CFEC8F-LeaderElection65] INFO  grpc.GrpcConfigKeys (ConfUtils.java:logGet(46)) - raft.grpc.server.log-message.batch.duration = 5s (default)
2024-01-14 17:00:33,353 [b01583c4-e63d-4000-8651-5bd1da23191a@group-80DEB7409E1D-FollowerState] INFO  server.RaftServerConfigKeys (ConfUtils.java:logGet(46)) - raft.server.leaderelection.pre-vote = true (default)
2024-01-14 17:00:33,353 [b01583c4-e63d-4000-8651-5bd1da23191a@group-80DEB7409E1D-FollowerState] INFO  impl.RoleInfo (RoleInfo.java:updateAndGet(139)) - b01583c4-e63d-4000-8651-5bd1da23191a: start b01583c4-e63d-4000-8651-5bd1da23191a@group-80DEB7409E1D-LeaderElection67
2024-01-14 17:00:33,353 [1aa467ca-1ad7-4ef6-8b7c-495b72f7048c@group-F3E7A0CFEC8F-LeaderElection65] INFO  server.RaftServerConfigKeys (ConfUtils.java:logGet(46)) - raft.server.log.appender.install.snapshot.enabled = false (custom)
2024-01-14 17:00:33,353 [1aa467ca-1ad7-4ef6-8b7c-495b72f7048c@group-F3E7A0CFEC8F-LeaderElection65] INFO  grpc.GrpcConfigKeys (ConfUtils.java:logGet(46)) - raft.grpc.server.heartbeat.channel = true (default)
2024-01-14 17:00:33,354 [b01583c4-e63d-4000-8651-5bd1da23191a@group-80DEB7409E1D-LeaderElection67] INFO  impl.LeaderElection (LeaderElection.java:askForVotes(321)) - b01583c4-e63d-4000-8651-5bd1da23191a@group-80DEB7409E1D-LeaderElection67 PRE_VOTE round 0: submit vote requests at term 0 for -1: peers:[b01583c4-e63d-4000-8651-5bd1da23191a|10.1.0.34:15379]|listeners:[], old=null
2024-01-14 17:00:33,354 [b01583c4-e63d-4000-8651-5bd1da23191a@group-80DEB7409E1D-LeaderElection67] INFO  impl.LeaderElection (LeaderElection.java:askForVotes(323)) - b01583c4-e63d-4000-8651-5bd1da23191a@group-80DEB7409E1D-LeaderElection67 PRE_VOTE round 0: result PASSED (term=0)
2024-01-14 17:00:33,354 [1aa467ca-1ad7-4ef6-8b7c-495b72f7048c@group-F3E7A0CFEC8F-LeaderElection65] INFO  impl.RoleInfo (RoleInfo.java:updateAndGet(139)) - 1aa467ca-1ad7-4ef6-8b7c-495b72f7048c: start 1aa467ca-1ad7-4ef6-8b7c-495b72f7048c@group-F3E7A0CFEC8F-LeaderStateImpl
2024-01-14 17:00:33,354 [1aa467ca-1ad7-4ef6-8b7c-495b72f7048c@group-F3E7A0CFEC8F-LeaderElection65] INFO  server.RaftServer$Division (RaftServerImpl.java:setFirstElection(574)) - 1aa467ca-1ad7-4ef6-8b7c-495b72f7048c@group-F3E7A0CFEC8F: set firstElectionSinceStartup to false for becomeLeader
2024-01-14 17:00:33,354 [1aa467ca-1ad7-4ef6-8b7c-495b72f7048c@group-F3E7A0CFEC8F-LeaderElection65] INFO  ratis.XceiverServerRatis (XceiverServerRatis.java:handleLeaderChangedNotification(945)) - Leader change notification received for group: group-F3E7A0CFEC8F with new leaderId: 1aa467ca-1ad7-4ef6-8b7c-495b72f7048c
2024-01-14 17:00:33,354 [1aa467ca-1ad7-4ef6-8b7c-495b72f7048c@group-F3E7A0CFEC8F-LeaderElection65] INFO  server.RaftServer$Division (ServerState.java:setLeader(269)) - 1aa467ca-1ad7-4ef6-8b7c-495b72f7048c@group-F3E7A0CFEC8F: change Leader from null to 1aa467ca-1ad7-4ef6-8b7c-495b72f7048c at term 1 for becomeLeader, leader elected after 5155ms
2024-01-14 17:00:33,354 [1aa467ca-1ad7-4ef6-8b7c-495b72f7048c@group-F3E7A0CFEC8F-LeaderElection65] INFO  segmented.SegmentedRaftLogWorker (SegmentedRaftLogWorker.java:startLogSegment(430)) - 1aa467ca-1ad7-4ef6-8b7c-495b72f7048c@group-F3E7A0CFEC8F-SegmentedRaftLogWorker: Starting segment from index:0
2024-01-14 17:00:33,355 [1aa467ca-1ad7-4ef6-8b7c-495b72f7048c@group-F3E7A0CFEC8F-LeaderElection65] INFO  server.RaftServer$Division (ServerState.java:setRaftConf(386)) - 1aa467ca-1ad7-4ef6-8b7c-495b72f7048c@group-F3E7A0CFEC8F: set configuration 0: peers:[b01583c4-e63d-4000-8651-5bd1da23191a|10.1.0.34:15379, aebecd85-982d-4af9-9ab4-e47392631af6|10.1.0.34:15388, 1aa467ca-1ad7-4ef6-8b7c-495b72f7048c|10.1.0.34:15370]|listeners:[], old=null
2024-01-14 17:00:33,356 [EventQueue-OpenPipelineForHealthyPipelineSafeModeRule] INFO  safemode.SCMSafeModeManager (HealthyPipelineSafeModeRule.java:process(140)) - SCM in safe mode. Healthy pipelines reported count is 0, required healthy pipeline reported count is 1
2024-01-14 17:00:33,356 [EventQueue-PipelineReportForPipelineReportHandler] INFO  pipeline.PipelineReportHandler (PipelineReportHandler.java:processPipelineReport(136)) - Opened pipeline PipelineID=6fbf20b0-e0b6-4e52-9b82-f3e7a0cfec8f
2024-01-14 17:00:33,357 [b01583c4-e63d-4000-8651-5bd1da23191a@group-80DEB7409E1D-LeaderElection67] INFO  impl.LeaderElection (LeaderElection.java:askForVotes(321)) - b01583c4-e63d-4000-8651-5bd1da23191a@group-80DEB7409E1D-LeaderElection67 ELECTION round 0: submit vote requests at term 1 for -1: peers:[b01583c4-e63d-4000-8651-5bd1da23191a|10.1.0.34:15379]|listeners:[], old=null
2024-01-14 17:00:33,357 [b01583c4-e63d-4000-8651-5bd1da23191a@group-80DEB7409E1D-LeaderElection67] INFO  impl.LeaderElection (LeaderElection.java:askForVotes(323)) - b01583c4-e63d-4000-8651-5bd1da23191a@group-80DEB7409E1D-LeaderElection67 ELECTION round 0: result PASSED (term=1)
2024-01-14 17:00:33,357 [b01583c4-e63d-4000-8651-5bd1da23191a@group-80DEB7409E1D-LeaderElection67] INFO  impl.RoleInfo (RoleInfo.java:shutdownLeaderElection(130)) - b01583c4-e63d-4000-8651-5bd1da23191a: shutdown b01583c4-e63d-4000-8651-5bd1da23191a@group-80DEB7409E1D-LeaderElection67
2024-01-14 17:00:33,357 [1aa467ca-1ad7-4ef6-8b7c-495b72f7048c@group-F3E7A0CFEC8F-SegmentedRaftLogWorker] INFO  segmented.BufferedWriteChannel (BufferedWriteChannel.java:open(62)) - open log_inprogress_0 at position 0
2024-01-14 17:00:33,357 [b01583c4-e63d-4000-8651-5bd1da23191a@group-80DEB7409E1D-LeaderElection67] INFO  server.RaftServer$Division (RaftServerImpl.java:setRole(383)) - b01583c4-e63d-4000-8651-5bd1da23191a@group-80DEB7409E1D: changes role from CANDIDATE to LEADER at term 1 for changeToLeader
2024-01-14 17:00:33,357 [b01583c4-e63d-4000-8651-5bd1da23191a@group-80DEB7409E1D-LeaderElection67] INFO  server.RaftServerConfigKeys (ConfUtils.java:logGet(46)) - raft.server.staging.catchup.gap = 1000 (default)
2024-01-14 17:00:33,357 [b01583c4-e63d-4000-8651-5bd1da23191a@group-80DEB7409E1D-LeaderElection67] INFO  server.RaftServerConfigKeys (ConfUtils.java:logGet(46)) - raft.server.write.element-limit = 1024 (custom)
2024-01-14 17:00:33,357 [b01583c4-e63d-4000-8651-5bd1da23191a@group-80DEB7409E1D-LeaderElection67] INFO  server.RaftServerConfigKeys (ConfUtils.java:logGet(46)) - raft.server.write.byte-limit = 1024 M (=1073741824) (custom)
2024-01-14 17:00:33,357 [b01583c4-e63d-4000-8651-5bd1da23191a@group-80DEB7409E1D-LeaderElection67] INFO  server.RaftServerConfigKeys (ConfUtils.java:logGet(46)) - raft.server.watch.timeout = 3000ms (custom)
2024-01-14 17:00:33,357 [b01583c4-e63d-4000-8651-5bd1da23191a@group-80DEB7409E1D-LeaderElection67] INFO  server.RaftServerConfigKeys (ConfUtils.java:logGet(46)) - raft.server.watch.timeout.denomination = 1s (default)
2024-01-14 17:00:33,357 [b01583c4-e63d-4000-8651-5bd1da23191a@group-80DEB7409E1D-LeaderElection67] INFO  server.RaftServerConfigKeys (ConfUtils.java:logGet(46)) - raft.server.watch.element-limit = 65536 (default)
2024-01-14 17:00:33,357 [b01583c4-e63d-4000-8651-5bd1da23191a@group-80DEB7409E1D-LeaderElection67] INFO  server.RaftServerConfigKeys (ConfUtils.java:logGet(46)) - raft.server.read.leader.lease.enabled = false (default)
2024-01-14 17:00:33,357 [b01583c4-e63d-4000-8651-5bd1da23191a@group-80DEB7409E1D-LeaderElection67] INFO  server.RaftServerConfigKeys (ConfUtils.java:logGet(46)) - raft.server.read.leader.lease.timeout.ratio = 0.9 (default)
2024-01-14 17:00:33,357 [b01583c4-e63d-4000-8651-5bd1da23191a@group-80DEB7409E1D-LeaderElection67] INFO  server.RaftServerConfigKeys (ConfUtils.java:logGet(46)) - raft.server.rpc.timeout.min = 5s (custom)
2024-01-14 17:00:33,357 [b01583c4-e63d-4000-8651-5bd1da23191a@group-80DEB7409E1D-LeaderElection67] INFO  server.RaftServerConfigKeys (ConfUtils.java:logGet(46)) - raft.server.write.element-limit = 1024 (custom)
2024-01-14 17:00:33,357 [b01583c4-e63d-4000-8651-5bd1da23191a@group-80DEB7409E1D-LeaderElection67] INFO  server.RaftServerConfigKeys (ConfUtils.java:logGet(46)) - raft.server.write.follower.gap.ratio.max = -1.0 (default)
2024-01-14 17:00:33,358 [b01583c4-e63d-4000-8651-5bd1da23191a@group-80DEB7409E1D-LeaderElection67] INFO  impl.RoleInfo (RoleInfo.java:updateAndGet(139)) - b01583c4-e63d-4000-8651-5bd1da23191a: start b01583c4-e63d-4000-8651-5bd1da23191a@group-80DEB7409E1D-LeaderStateImpl
2024-01-14 17:00:33,358 [b01583c4-e63d-4000-8651-5bd1da23191a@group-80DEB7409E1D-LeaderElection67] INFO  server.RaftServer$Division (RaftServerImpl.java:setFirstElection(574)) - b01583c4-e63d-4000-8651-5bd1da23191a@group-80DEB7409E1D: set firstElectionSinceStartup to false for becomeLeader
2024-01-14 17:00:33,358 [b01583c4-e63d-4000-8651-5bd1da23191a@group-80DEB7409E1D-LeaderElection67] INFO  ratis.XceiverServerRatis (XceiverServerRatis.java:handleLeaderChangedNotification(945)) - Leader change notification received for group: group-80DEB7409E1D with new leaderId: b01583c4-e63d-4000-8651-5bd1da23191a
2024-01-14 17:00:33,358 [b01583c4-e63d-4000-8651-5bd1da23191a@group-80DEB7409E1D-LeaderElection67] INFO  server.RaftServer$Division (ServerState.java:setLeader(269)) - b01583c4-e63d-4000-8651-5bd1da23191a@group-80DEB7409E1D: change Leader from null to b01583c4-e63d-4000-8651-5bd1da23191a at term 1 for becomeLeader, leader elected after 5089ms
2024-01-14 17:00:33,358 [b01583c4-e63d-4000-8651-5bd1da23191a@group-80DEB7409E1D-LeaderElection67] INFO  segmented.SegmentedRaftLogWorker (SegmentedRaftLogWorker.java:startLogSegment(430)) - b01583c4-e63d-4000-8651-5bd1da23191a@group-80DEB7409E1D-SegmentedRaftLogWorker: Starting segment from index:0
2024-01-14 17:00:33,358 [EventQueue-OpenPipelineForHealthyPipelineSafeModeRule] INFO  safemode.SCMSafeModeManager (HealthyPipelineSafeModeRule.java:process(140)) - SCM in safe mode. Healthy pipelines reported count is 1, required healthy pipeline reported count is 1
2024-01-14 17:00:33,358 [EventQueue-OpenPipelineForHealthyPipelineSafeModeRule] INFO  safemode.SCMSafeModeManager (SCMSafeModeManager.java:validateSafeModeExitRules(200)) - HealthyPipelineSafeModeRule rule is successfully validated
2024-01-14 17:00:33,358 [EventQueue-OpenPipelineForHealthyPipelineSafeModeRule] INFO  safemode.SCMSafeModeManager (SCMSafeModeManager.java:validateSafeModeExitRules(215)) - ScmSafeModeManager, all rules are successfully validated
2024-01-14 17:00:33,358 [EventQueue-OpenPipelineForHealthyPipelineSafeModeRule] INFO  safemode.SCMSafeModeManager (SCMSafeModeManager.java:exitSafeMode(244)) - SCM exiting safe mode.
2024-01-14 17:00:33,358 [b01583c4-e63d-4000-8651-5bd1da23191a@group-80DEB7409E1D-SegmentedRaftLogWorker] INFO  segmented.BufferedWriteChannel (BufferedWriteChannel.java:open(62)) - open log_inprogress_0 at position 0
2024-01-14 17:00:33,359 [1aa467ca-1ad7-4ef6-8b7c-495b72f7048c@group-D7F49AE3D028-SegmentedRaftLogWorker] INFO  segmented.SegmentedRaftLogWorker (SegmentedRaftLogWorker.java:execute(634)) - 1aa467ca-1ad7-4ef6-8b7c-495b72f7048c@group-D7F49AE3D028-SegmentedRaftLogWorker: created new log segment /home/runner/work/ozone/ozone/hadoop-ozone/integration-test/target/test-dir/MiniOzoneClusterImpl-55f63948-b302-44a8-9a44-732f3ddcab57/datanode-0/data/ratis/234ac5d8-21e2-47a4-a1ba-d7f49ae3d028/current/log_inprogress_0
2024-01-14 17:00:33,358 [EventQueue-OpenPipelineForHealthyPipelineSafeModeRule] INFO  ha.SCMContext (SCMContext.java:updateSafeModeStatus(230)) - Update SafeModeStatus from SafeModeStatus{safeModeStatus=true, preCheckPassed=true} to SafeModeStatus{safeModeStatus=false, preCheckPassed=true}.
2024-01-14 17:00:33,362 [b01583c4-e63d-4000-8651-5bd1da23191a@group-80DEB7409E1D-LeaderElection67] INFO  server.RaftServer$Division (ServerState.java:setRaftConf(386)) - b01583c4-e63d-4000-8651-5bd1da23191a@group-80DEB7409E1D: set configuration 0: peers:[b01583c4-e63d-4000-8651-5bd1da23191a|10.1.0.34:15379]|listeners:[], old=null
2024-01-14 17:00:33,362 [EventQueue-OpenPipelineForHealthyPipelineSafeModeRule] INFO  pipeline.BackgroundPipelineCreator (BackgroundPipelineCreator.java:notifyStatusChanged(258)) - Service BackgroundPipelineCreator transitions to RUNNING.
2024-01-14 17:00:33,362 [EventQueue-OpenPipelineForHealthyPipelineSafeModeRule] INFO  BackgroundPipelineScrubber (BackgroundSCMService.java:notifyStatusChanged(82)) - Service BackgroundPipelineScrubber transitions to RUNNING.
2024-01-14 17:00:33,362 [EventQueue-OpenPipelineForHealthyPipelineSafeModeRule] INFO  ExpiredContainerReplicaOpScrubber (BackgroundSCMService.java:notifyStatusChanged(82)) - Service ExpiredContainerReplicaOpScrubber transitions to RUNNING.
2024-01-14 17:00:33,362 [EventQueue-OpenPipelineForHealthyPipelineSafeModeRule] INFO  block.SCMBlockDeletingService (SCMBlockDeletingService.java:notifyStatusChanged(247)) - notifyStatusChanged:RUNNING
2024-01-14 17:00:33,362 [EventQueue-OpenPipelineForHealthyPipelineSafeModeRule] INFO  replication.ReplicationManager (ReplicationManager.java:notifyStatusChanged(1401)) - Service ReplicationManager transitions to RUNNING.
2024-01-14 17:00:33,362 [EventQueue-OpenPipelineForHealthyPipelineSafeModeRule] WARN  balancer.ContainerBalancer (ContainerBalancer.java:shouldRun(134)) - Could not find persisted configuration for ContainerBalancer when checking if ContainerBalancer should run. ContainerBalancer should not run now.
2024-01-14 17:00:33,363 [b01583c4-e63d-4000-8651-5bd1da23191a-server-thread1] INFO  ratis.XceiverServerRatis (XceiverServerRatis.java:handleLeaderChangedNotification(945)) - Leader change notification received for group: group-F3E7A0CFEC8F with new leaderId: 1aa467ca-1ad7-4ef6-8b7c-495b72f7048c
2024-01-14 17:00:33,363 [b01583c4-e63d-4000-8651-5bd1da23191a-server-thread1] INFO  server.RaftServer$Division (ServerState.java:setLeader(269)) - b01583c4-e63d-4000-8651-5bd1da23191a@group-F3E7A0CFEC8F: change Leader from null to 1aa467ca-1ad7-4ef6-8b7c-495b72f7048c at term 1 for appendEntries, leader elected after 5118ms
2024-01-14 17:00:33,364 [b01583c4-e63d-4000-8651-5bd1da23191a-server-thread3] INFO  server.RaftServer$Division (ServerState.java:setRaftConf(386)) - b01583c4-e63d-4000-8651-5bd1da23191a@group-F3E7A0CFEC8F: set configuration 0: peers:[b01583c4-e63d-4000-8651-5bd1da23191a|10.1.0.34:15379, aebecd85-982d-4af9-9ab4-e47392631af6|10.1.0.34:15388, 1aa467ca-1ad7-4ef6-8b7c-495b72f7048c|10.1.0.34:15370]|listeners:[], old=null
2024-01-14 17:00:33,365 [b01583c4-e63d-4000-8651-5bd1da23191a-server-thread3] INFO  segmented.SegmentedRaftLogWorker (SegmentedRaftLogWorker.java:startLogSegment(430)) - b01583c4-e63d-4000-8651-5bd1da23191a@group-F3E7A0CFEC8F-SegmentedRaftLogWorker: Starting segment from index:0
2024-01-14 17:00:33,367 [aebecd85-982d-4af9-9ab4-e47392631af6-server-thread1] INFO  ratis.XceiverServerRatis (XceiverServerRatis.java:handleLeaderChangedNotification(945)) - Leader change notification received for group: group-F3E7A0CFEC8F with new leaderId: 1aa467ca-1ad7-4ef6-8b7c-495b72f7048c
2024-01-14 17:00:33,367 [aebecd85-982d-4af9-9ab4-e47392631af6-server-thread1] INFO  server.RaftServer$Division (ServerState.java:setLeader(269)) - aebecd85-982d-4af9-9ab4-e47392631af6@group-F3E7A0CFEC8F: change Leader from null to 1aa467ca-1ad7-4ef6-8b7c-495b72f7048c at term 1 for appendEntries, leader elected after 5147ms
2024-01-14 17:00:33,367 [1aa467ca-1ad7-4ef6-8b7c-495b72f7048c@group-F3E7A0CFEC8F-SegmentedRaftLogWorker] INFO  segmented.SegmentedRaftLogWorker (SegmentedRaftLogWorker.java:execute(634)) - 1aa467ca-1ad7-4ef6-8b7c-495b72f7048c@group-F3E7A0CFEC8F-SegmentedRaftLogWorker: created new log segment /home/runner/work/ozone/ozone/hadoop-ozone/integration-test/target/test-dir/MiniOzoneClusterImpl-55f63948-b302-44a8-9a44-732f3ddcab57/datanode-0/data/ratis/6fbf20b0-e0b6-4e52-9b82-f3e7a0cfec8f/current/log_inprogress_0
2024-01-14 17:00:33,367 [b01583c4-e63d-4000-8651-5bd1da23191a@group-F3E7A0CFEC8F-SegmentedRaftLogWorker] INFO  segmented.BufferedWriteChannel (BufferedWriteChannel.java:open(62)) - open log_inprogress_0 at position 0
2024-01-14 17:00:33,368 [b01583c4-e63d-4000-8651-5bd1da23191a@group-80DEB7409E1D-SegmentedRaftLogWorker] INFO  segmented.SegmentedRaftLogWorker (SegmentedRaftLogWorker.java:execute(634)) - b01583c4-e63d-4000-8651-5bd1da23191a@group-80DEB7409E1D-SegmentedRaftLogWorker: created new log segment /home/runner/work/ozone/ozone/hadoop-ozone/integration-test/target/test-dir/MiniOzoneClusterImpl-55f63948-b302-44a8-9a44-732f3ddcab57/datanode-1/data/ratis/b3c90398-1e13-4ad2-bef7-80deb7409e1d/current/log_inprogress_0
2024-01-14 17:00:33,368 [1aa467ca-1ad7-4ef6-8b7c-495b72f7048c@group-D7F49AE3D028-StateMachineUpdater] INFO  server.RaftServer$Division (LeaderStateImpl.java:isApplied(320)) - leader is ready since appliedIndex == 0 >= startIndex == 0
2024-01-14 17:00:33,369 [aebecd85-982d-4af9-9ab4-e47392631af6-server-thread3] INFO  server.RaftServer$Division (ServerState.java:setRaftConf(386)) - aebecd85-982d-4af9-9ab4-e47392631af6@group-F3E7A0CFEC8F: set configuration 0: peers:[b01583c4-e63d-4000-8651-5bd1da23191a|10.1.0.34:15379, aebecd85-982d-4af9-9ab4-e47392631af6|10.1.0.34:15388, 1aa467ca-1ad7-4ef6-8b7c-495b72f7048c|10.1.0.34:15370]|listeners:[], old=null
2024-01-14 17:00:33,369 [aebecd85-982d-4af9-9ab4-e47392631af6-server-thread3] INFO  segmented.SegmentedRaftLogWorker (SegmentedRaftLogWorker.java:startLogSegment(430)) - aebecd85-982d-4af9-9ab4-e47392631af6@group-F3E7A0CFEC8F-SegmentedRaftLogWorker: Starting segment from index:0
2024-01-14 17:00:33,370 [aebecd85-982d-4af9-9ab4-e47392631af6@group-F3E7A0CFEC8F-SegmentedRaftLogWorker] INFO  segmented.BufferedWriteChannel (BufferedWriteChannel.java:open(62)) - open log_inprogress_0 at position 0
2024-01-14 17:00:33,379 [b01583c4-e63d-4000-8651-5bd1da23191a@group-80DEB7409E1D-StateMachineUpdater] INFO  server.RaftServer$Division (LeaderStateImpl.java:isApplied(320)) - leader is ready since appliedIndex == 0 >= startIndex == 0
2024-01-14 17:00:33,379 [aebecd85-982d-4af9-9ab4-e47392631af6@group-F3E7A0CFEC8F-SegmentedRaftLogWorker] INFO  segmented.SegmentedRaftLogWorker (SegmentedRaftLogWorker.java:execute(634)) - aebecd85-982d-4af9-9ab4-e47392631af6@group-F3E7A0CFEC8F-SegmentedRaftLogWorker: created new log segment /home/runner/work/ozone/ozone/hadoop-ozone/integration-test/target/test-dir/MiniOzoneClusterImpl-55f63948-b302-44a8-9a44-732f3ddcab57/datanode-2/data/ratis/6fbf20b0-e0b6-4e52-9b82-f3e7a0cfec8f/current/log_inprogress_0
2024-01-14 17:00:33,381 [b01583c4-e63d-4000-8651-5bd1da23191a@group-F3E7A0CFEC8F-SegmentedRaftLogWorker] INFO  segmented.SegmentedRaftLogWorker (SegmentedRaftLogWorker.java:execute(634)) - b01583c4-e63d-4000-8651-5bd1da23191a@group-F3E7A0CFEC8F-SegmentedRaftLogWorker: created new log segment /home/runner/work/ozone/ozone/hadoop-ozone/integration-test/target/test-dir/MiniOzoneClusterImpl-55f63948-b302-44a8-9a44-732f3ddcab57/datanode-1/data/ratis/6fbf20b0-e0b6-4e52-9b82-f3e7a0cfec8f/current/log_inprogress_0
2024-01-14 17:00:33,382 [1aa467ca-1ad7-4ef6-8b7c-495b72f7048c@group-F3E7A0CFEC8F-StateMachineUpdater] INFO  server.RaftServer$Division (LeaderStateImpl.java:isApplied(320)) - leader is ready since appliedIndex == 0 >= startIndex == 0
2024-01-14 17:00:33,383 [aebecd85-982d-4af9-9ab4-e47392631af6@group-802D7856B538-FollowerState] INFO  impl.FollowerState (FollowerState.java:run(143)) - aebecd85-982d-4af9-9ab4-e47392631af6@group-802D7856B538-FollowerState: change to CANDIDATE, lastRpcElapsedTime:5014782534ns, electionTimeout:5014ms
2024-01-14 17:00:33,383 [aebecd85-982d-4af9-9ab4-e47392631af6@group-802D7856B538-FollowerState] INFO  impl.RoleInfo (RoleInfo.java:shutdownFollowerState(110)) - aebecd85-982d-4af9-9ab4-e47392631af6: shutdown aebecd85-982d-4af9-9ab4-e47392631af6@group-802D7856B538-FollowerState
2024-01-14 17:00:33,383 [aebecd85-982d-4af9-9ab4-e47392631af6@group-802D7856B538-FollowerState] INFO  server.RaftServer$Division (RaftServerImpl.java:setRole(383)) - aebecd85-982d-4af9-9ab4-e47392631af6@group-802D7856B538: changes role from  FOLLOWER to CANDIDATE at term 0 for changeToCandidate
2024-01-14 17:00:33,383 [aebecd85-982d-4af9-9ab4-e47392631af6@group-802D7856B538-FollowerState] INFO  server.RaftServerConfigKeys (ConfUtils.java:logGet(46)) - raft.server.leaderelection.pre-vote = true (default)
2024-01-14 17:00:33,383 [aebecd85-982d-4af9-9ab4-e47392631af6@group-802D7856B538-FollowerState] INFO  impl.RoleInfo (RoleInfo.java:updateAndGet(139)) - aebecd85-982d-4af9-9ab4-e47392631af6: start aebecd85-982d-4af9-9ab4-e47392631af6@group-802D7856B538-LeaderElection68
2024-01-14 17:00:33,386 [aebecd85-982d-4af9-9ab4-e47392631af6@group-802D7856B538-LeaderElection68] INFO  impl.LeaderElection (LeaderElection.java:askForVotes(321)) - aebecd85-982d-4af9-9ab4-e47392631af6@group-802D7856B538-LeaderElection68 PRE_VOTE round 0: submit vote requests at term 0 for -1: peers:[aebecd85-982d-4af9-9ab4-e47392631af6|10.1.0.34:15388]|listeners:[], old=null
2024-01-14 17:00:33,386 [aebecd85-982d-4af9-9ab4-e47392631af6@group-802D7856B538-LeaderElection68] INFO  impl.LeaderElection (LeaderElection.java:askForVotes(323)) - aebecd85-982d-4af9-9ab4-e47392631af6@group-802D7856B538-LeaderElection68 PRE_VOTE round 0: result PASSED (term=0)
2024-01-14 17:00:33,388 [aebecd85-982d-4af9-9ab4-e47392631af6@group-802D7856B538-LeaderElection68] INFO  impl.LeaderElection (LeaderElection.java:askForVotes(321)) - aebecd85-982d-4af9-9ab4-e47392631af6@group-802D7856B538-LeaderElection68 ELECTION round 0: submit vote requests at term 1 for -1: peers:[aebecd85-982d-4af9-9ab4-e47392631af6|10.1.0.34:15388]|listeners:[], old=null
2024-01-14 17:00:33,388 [aebecd85-982d-4af9-9ab4-e47392631af6@group-802D7856B538-LeaderElection68] INFO  impl.LeaderElection (LeaderElection.java:askForVotes(323)) - aebecd85-982d-4af9-9ab4-e47392631af6@group-802D7856B538-LeaderElection68 ELECTION round 0: result PASSED (term=1)
2024-01-14 17:00:33,388 [aebecd85-982d-4af9-9ab4-e47392631af6@group-802D7856B538-LeaderElection68] INFO  impl.RoleInfo (RoleInfo.java:shutdownLeaderElection(130)) - aebecd85-982d-4af9-9ab4-e47392631af6: shutdown aebecd85-982d-4af9-9ab4-e47392631af6@group-802D7856B538-LeaderElection68
2024-01-14 17:00:33,388 [aebecd85-982d-4af9-9ab4-e47392631af6@group-802D7856B538-LeaderElection68] INFO  server.RaftServer$Division (RaftServerImpl.java:setRole(383)) - aebecd85-982d-4af9-9ab4-e47392631af6@group-802D7856B538: changes role from CANDIDATE to LEADER at term 1 for changeToLeader
2024-01-14 17:00:33,388 [aebecd85-982d-4af9-9ab4-e47392631af6@group-802D7856B538-LeaderElection68] INFO  server.RaftServerConfigKeys (ConfUtils.java:logGet(46)) - raft.server.staging.catchup.gap = 1000 (default)
2024-01-14 17:00:33,388 [aebecd85-982d-4af9-9ab4-e47392631af6@group-802D7856B538-LeaderElection68] INFO  server.RaftServerConfigKeys (ConfUtils.java:logGet(46)) - raft.server.write.element-limit = 1024 (custom)
2024-01-14 17:00:33,388 [aebecd85-982d-4af9-9ab4-e47392631af6@group-802D7856B538-LeaderElection68] INFO  server.RaftServerConfigKeys (ConfUtils.java:logGet(46)) - raft.server.write.byte-limit = 1024 M (=1073741824) (custom)
2024-01-14 17:00:33,388 [aebecd85-982d-4af9-9ab4-e47392631af6@group-802D7856B538-LeaderElection68] INFO  server.RaftServerConfigKeys (ConfUtils.java:logGet(46)) - raft.server.watch.timeout = 3000ms (custom)
2024-01-14 17:00:33,388 [aebecd85-982d-4af9-9ab4-e47392631af6@group-802D7856B538-LeaderElection68] INFO  server.RaftServerConfigKeys (ConfUtils.java:logGet(46)) - raft.server.watch.timeout.denomination = 1s (default)
2024-01-14 17:00:33,389 [aebecd85-982d-4af9-9ab4-e47392631af6@group-802D7856B538-LeaderElection68] INFO  server.RaftServerConfigKeys (ConfUtils.java:logGet(46)) - raft.server.watch.element-limit = 65536 (default)
2024-01-14 17:00:33,389 [aebecd85-982d-4af9-9ab4-e47392631af6@group-802D7856B538-LeaderElection68] INFO  server.RaftServerConfigKeys (ConfUtils.java:logGet(46)) - raft.server.read.leader.lease.enabled = false (default)
2024-01-14 17:00:33,389 [aebecd85-982d-4af9-9ab4-e47392631af6@group-802D7856B538-LeaderElection68] INFO  server.RaftServerConfigKeys (ConfUtils.java:logGet(46)) - raft.server.read.leader.lease.timeout.ratio = 0.9 (default)
2024-01-14 17:00:33,389 [aebecd85-982d-4af9-9ab4-e47392631af6@group-802D7856B538-LeaderElection68] INFO  server.RaftServerConfigKeys (ConfUtils.java:logGet(46)) - raft.server.rpc.timeout.min = 5s (custom)
2024-01-14 17:00:33,389 [aebecd85-982d-4af9-9ab4-e47392631af6@group-802D7856B538-LeaderElection68] INFO  server.RaftServerConfigKeys (ConfUtils.java:logGet(46)) - raft.server.write.element-limit = 1024 (custom)
2024-01-14 17:00:33,389 [aebecd85-982d-4af9-9ab4-e47392631af6@group-802D7856B538-LeaderElection68] INFO  server.RaftServerConfigKeys (ConfUtils.java:logGet(46)) - raft.server.write.follower.gap.ratio.max = -1.0 (default)
2024-01-14 17:00:33,389 [aebecd85-982d-4af9-9ab4-e47392631af6@group-802D7856B538-LeaderElection68] INFO  impl.RoleInfo (RoleInfo.java:updateAndGet(139)) - aebecd85-982d-4af9-9ab4-e47392631af6: start aebecd85-982d-4af9-9ab4-e47392631af6@group-802D7856B538-LeaderStateImpl
2024-01-14 17:00:33,389 [aebecd85-982d-4af9-9ab4-e47392631af6@group-802D7856B538-LeaderElection68] INFO  server.RaftServer$Division (RaftServerImpl.java:setFirstElection(574)) - aebecd85-982d-4af9-9ab4-e47392631af6@group-802D7856B538: set firstElectionSinceStartup to false for becomeLeader
2024-01-14 17:00:33,389 [aebecd85-982d-4af9-9ab4-e47392631af6@group-802D7856B538-LeaderElection68] INFO  ratis.XceiverServerRatis (XceiverServerRatis.java:handleLeaderChangedNotification(945)) - Leader change notification received for group: group-802D7856B538 with new leaderId: aebecd85-982d-4af9-9ab4-e47392631af6
2024-01-14 17:00:33,389 [aebecd85-982d-4af9-9ab4-e47392631af6@group-802D7856B538-LeaderElection68] INFO  server.RaftServer$Division (ServerState.java:setLeader(269)) - aebecd85-982d-4af9-9ab4-e47392631af6@group-802D7856B538: change Leader from null to aebecd85-982d-4af9-9ab4-e47392631af6 at term 1 for becomeLeader, leader elected after 5031ms
2024-01-14 17:00:33,389 [aebecd85-982d-4af9-9ab4-e47392631af6@group-802D7856B538-LeaderElection68] INFO  segmented.SegmentedRaftLogWorker (SegmentedRaftLogWorker.java:startLogSegment(430)) - aebecd85-982d-4af9-9ab4-e47392631af6@group-802D7856B538-SegmentedRaftLogWorker: Starting segment from index:0
2024-01-14 17:00:33,389 [aebecd85-982d-4af9-9ab4-e47392631af6@group-802D7856B538-SegmentedRaftLogWorker] INFO  segmented.BufferedWriteChannel (BufferedWriteChannel.java:open(62)) - open log_inprogress_0 at position 0
2024-01-14 17:00:33,391 [aebecd85-982d-4af9-9ab4-e47392631af6@group-802D7856B538-LeaderElection68] INFO  server.RaftServer$Division (ServerState.java:setRaftConf(386)) - aebecd85-982d-4af9-9ab4-e47392631af6@group-802D7856B538: set configuration 0: peers:[aebecd85-982d-4af9-9ab4-e47392631af6|10.1.0.34:15388]|listeners:[], old=null
2024-01-14 17:00:33,398 [aebecd85-982d-4af9-9ab4-e47392631af6@group-802D7856B538-SegmentedRaftLogWorker] INFO  segmented.SegmentedRaftLogWorker (SegmentedRaftLogWorker.java:execute(634)) - aebecd85-982d-4af9-9ab4-e47392631af6@group-802D7856B538-SegmentedRaftLogWorker: created new log segment /home/runner/work/ozone/ozone/hadoop-ozone/integration-test/target/test-dir/MiniOzoneClusterImpl-55f63948-b302-44a8-9a44-732f3ddcab57/datanode-2/data/ratis/fb3778f1-91dd-4c6b-90dc-802d7856b538/current/log_inprogress_0
2024-01-14 17:00:33,399 [aebecd85-982d-4af9-9ab4-e47392631af6@group-802D7856B538-StateMachineUpdater] INFO  server.RaftServer$Division (LeaderStateImpl.java:isApplied(320)) - leader is ready since appliedIndex == 0 >= startIndex == 0
2024-01-14 17:00:33,518 [cccf6745-afeb-413c-bfb5-a8d67b6b623b@group-7AE465211717-FollowerState] INFO  impl.FollowerState (FollowerState.java:run(143)) - cccf6745-afeb-413c-bfb5-a8d67b6b623b@group-7AE465211717-FollowerState: change to CANDIDATE, lastRpcElapsedTime:5033711887ns, electionTimeout:5033ms
2024-01-14 17:00:33,518 [cccf6745-afeb-413c-bfb5-a8d67b6b623b@group-7AE465211717-FollowerState] INFO  impl.RoleInfo (RoleInfo.java:shutdownFollowerState(110)) - cccf6745-afeb-413c-bfb5-a8d67b6b623b: shutdown cccf6745-afeb-413c-bfb5-a8d67b6b623b@group-7AE465211717-FollowerState
2024-01-14 17:00:33,518 [cccf6745-afeb-413c-bfb5-a8d67b6b623b@group-7AE465211717-FollowerState] INFO  server.RaftServer$Division (RaftServerImpl.java:setRole(383)) - cccf6745-afeb-413c-bfb5-a8d67b6b623b@group-7AE465211717: changes role from  FOLLOWER to CANDIDATE at term 0 for changeToCandidate
2024-01-14 17:00:33,518 [cccf6745-afeb-413c-bfb5-a8d67b6b623b@group-7AE465211717-FollowerState] INFO  server.RaftServerConfigKeys (ConfUtils.java:logGet(46)) - raft.server.leaderelection.pre-vote = true (default)
2024-01-14 17:00:33,518 [cccf6745-afeb-413c-bfb5-a8d67b6b623b@group-7AE465211717-FollowerState] INFO  impl.RoleInfo (RoleInfo.java:updateAndGet(139)) - cccf6745-afeb-413c-bfb5-a8d67b6b623b: start cccf6745-afeb-413c-bfb5-a8d67b6b623b@group-7AE465211717-LeaderElection69
2024-01-14 17:00:33,520 [cccf6745-afeb-413c-bfb5-a8d67b6b623b@group-7AE465211717-LeaderElection69] INFO  impl.LeaderElection (LeaderElection.java:askForVotes(321)) - cccf6745-afeb-413c-bfb5-a8d67b6b623b@group-7AE465211717-LeaderElection69 PRE_VOTE round 0: submit vote requests at term 0 for -1: peers:[f2927880-1f10-4686-b93c-5db3b548581d|10.1.0.34:15397, cccf6745-afeb-413c-bfb5-a8d67b6b623b|10.1.0.34:15406, bc0247fb-4108-4537-bc2d-6aaa51d5d1de|10.1.0.34:15415]|listeners:[], old=null
2024-01-14 17:00:33,520 [cccf6745-afeb-413c-bfb5-a8d67b6b623b@group-7AE465211717-LeaderElection69-1] INFO  server.GrpcServerProtocolClient (GrpcServerProtocolClient.java:<init>(65)) - Build channel for f2927880-1f10-4686-b93c-5db3b548581d|10.1.0.34:15397
2024-01-14 17:00:33,520 [cccf6745-afeb-413c-bfb5-a8d67b6b623b@group-7AE465211717-LeaderElection69] INFO  server.RaftServerConfigKeys (ConfUtils.java:logFallback(53)) - raft.server.rpc.first-election.timeout.min = 5s (fallback to raft.server.rpc.timeout.min)
2024-01-14 17:00:33,520 [cccf6745-afeb-413c-bfb5-a8d67b6b623b@group-7AE465211717-LeaderElection69-2] INFO  server.GrpcServerProtocolClient (GrpcServerProtocolClient.java:<init>(65)) - Build channel for bc0247fb-4108-4537-bc2d-6aaa51d5d1de|10.1.0.34:15415
2024-01-14 17:00:33,520 [cccf6745-afeb-413c-bfb5-a8d67b6b623b@group-7AE465211717-LeaderElection69] INFO  server.RaftServerConfigKeys (ConfUtils.java:logFallback(53)) - raft.server.rpc.first-election.timeout.max = 5200ms (fallback to raft.server.rpc.timeout.max)
2024-01-14 17:00:33,524 [grpc-default-executor-3] INFO  server.RaftServer$Division (RaftServerImpl.java:requestVote(1389)) - bc0247fb-4108-4537-bc2d-6aaa51d5d1de@group-7AE465211717: receive requestVote(PRE_VOTE, cccf6745-afeb-413c-bfb5-a8d67b6b623b, group-7AE465211717, 0, (t:0, i:0))
2024-01-14 17:00:33,524 [grpc-default-executor-3] INFO  impl.VoteContext (VoteContext.java:log(49)) - bc0247fb-4108-4537-bc2d-6aaa51d5d1de@group-7AE465211717-FOLLOWER: reject PRE_VOTE from cccf6745-afeb-413c-bfb5-a8d67b6b623b: our priority 1 > candidate's priority 0
2024-01-14 17:00:33,524 [grpc-default-executor-3] INFO  server.RaftServer$Division (RaftServerImpl.java:requestVote(1422)) - bc0247fb-4108-4537-bc2d-6aaa51d5d1de@group-7AE465211717 replies to PRE_VOTE vote request: cccf6745-afeb-413c-bfb5-a8d67b6b623b<-bc0247fb-4108-4537-bc2d-6aaa51d5d1de#0:FAIL-t0. Peer's state: bc0247fb-4108-4537-bc2d-6aaa51d5d1de@group-7AE465211717:t0, leader=null, voted=, raftlog=Memoized:bc0247fb-4108-4537-bc2d-6aaa51d5d1de@group-7AE465211717-SegmentedRaftLog:OPENED:c-1, conf=-1: peers:[f2927880-1f10-4686-b93c-5db3b548581d|10.1.0.34:15397, cccf6745-afeb-413c-bfb5-a8d67b6b623b|10.1.0.34:15406, bc0247fb-4108-4537-bc2d-6aaa51d5d1de|10.1.0.34:15415]|listeners:[], old=null
2024-01-14 17:00:33,525 [cccf6745-afeb-413c-bfb5-a8d67b6b623b@group-7AE465211717-LeaderElection69] INFO  impl.LeaderElection (LeaderElection.java:logAndReturn(89)) - cccf6745-afeb-413c-bfb5-a8d67b6b623b@group-7AE465211717-LeaderElection69: PRE_VOTE REJECTED received 1 response(s) and 0 exception(s):
2024-01-14 17:00:33,525 [cccf6745-afeb-413c-bfb5-a8d67b6b623b@group-7AE465211717-LeaderElection69] INFO  impl.LeaderElection (LeaderElection.java:logAndReturn(93)) -   Response 0: cccf6745-afeb-413c-bfb5-a8d67b6b623b<-bc0247fb-4108-4537-bc2d-6aaa51d5d1de#0:FAIL-t0
2024-01-14 17:00:33,525 [cccf6745-afeb-413c-bfb5-a8d67b6b623b@group-7AE465211717-LeaderElection69] INFO  impl.LeaderElection (LeaderElection.java:askForVotes(323)) - cccf6745-afeb-413c-bfb5-a8d67b6b623b@group-7AE465211717-LeaderElection69 PRE_VOTE round 0: result REJECTED
2024-01-14 17:00:33,525 [cccf6745-afeb-413c-bfb5-a8d67b6b623b@group-7AE465211717-LeaderElection69] INFO  server.RaftServer$Division (RaftServerImpl.java:setRole(383)) - cccf6745-afeb-413c-bfb5-a8d67b6b623b@group-7AE465211717: changes role from CANDIDATE to FOLLOWER at term 0 for REJECTED
2024-01-14 17:00:33,525 [cccf6745-afeb-413c-bfb5-a8d67b6b623b@group-7AE465211717-LeaderElection69] INFO  impl.RoleInfo (RoleInfo.java:shutdownLeaderElection(130)) - cccf6745-afeb-413c-bfb5-a8d67b6b623b: shutdown cccf6745-afeb-413c-bfb5-a8d67b6b623b@group-7AE465211717-LeaderElection69
2024-01-14 17:00:33,525 [cccf6745-afeb-413c-bfb5-a8d67b6b623b@group-7AE465211717-LeaderElection69] INFO  impl.RoleInfo (RoleInfo.java:updateAndGet(139)) - cccf6745-afeb-413c-bfb5-a8d67b6b623b: start cccf6745-afeb-413c-bfb5-a8d67b6b623b@group-7AE465211717-FollowerState
2024-01-14 17:00:33,526 [cccf6745-afeb-413c-bfb5-a8d67b6b623b@group-7AE465211717-LeaderElection69] INFO  server.RaftServer$Division (RaftServerImpl.java:setFirstElection(574)) - cccf6745-afeb-413c-bfb5-a8d67b6b623b@group-7AE465211717: set firstElectionSinceStartup to false for REJECTED
2024-01-14 17:00:33,531 [grpc-default-executor-3] INFO  server.RaftServer$Division (RaftServerImpl.java:requestVote(1389)) - f2927880-1f10-4686-b93c-5db3b548581d@group-7AE465211717: receive requestVote(PRE_VOTE, cccf6745-afeb-413c-bfb5-a8d67b6b623b, group-7AE465211717, 0, (t:0, i:0))
2024-01-14 17:00:33,531 [grpc-default-executor-3] INFO  impl.VoteContext (VoteContext.java:log(49)) - f2927880-1f10-4686-b93c-5db3b548581d@group-7AE465211717-FOLLOWER: accept PRE_VOTE from cccf6745-afeb-413c-bfb5-a8d67b6b623b: our priority 0 <= candidate's priority 0
2024-01-14 17:00:33,531 [grpc-default-executor-3] INFO  server.RaftServer$Division (RaftServerImpl.java:requestVote(1422)) - f2927880-1f10-4686-b93c-5db3b548581d@group-7AE465211717 replies to PRE_VOTE vote request: cccf6745-afeb-413c-bfb5-a8d67b6b623b<-f2927880-1f10-4686-b93c-5db3b548581d#0:OK-t0. Peer's state: f2927880-1f10-4686-b93c-5db3b548581d@group-7AE465211717:t0, leader=null, voted=, raftlog=Memoized:f2927880-1f10-4686-b93c-5db3b548581d@group-7AE465211717-SegmentedRaftLog:OPENED:c-1, conf=-1: peers:[f2927880-1f10-4686-b93c-5db3b548581d|10.1.0.34:15397, cccf6745-afeb-413c-bfb5-a8d67b6b623b|10.1.0.34:15406, bc0247fb-4108-4537-bc2d-6aaa51d5d1de|10.1.0.34:15415]|listeners:[], old=null
2024-01-14 17:00:33,546 [f2927880-1f10-4686-b93c-5db3b548581d@group-7AE465211717-FollowerState] INFO  server.RaftServerConfigKeys (ConfUtils.java:logFallback(53)) - raft.server.rpc.first-election.timeout.min = 5s (fallback to raft.server.rpc.timeout.min)
2024-01-14 17:00:33,546 [f2927880-1f10-4686-b93c-5db3b548581d@group-7AE465211717-FollowerState] INFO  server.RaftServerConfigKeys (ConfUtils.java:logFallback(53)) - raft.server.rpc.first-election.timeout.max = 5200ms (fallback to raft.server.rpc.timeout.max)
2024-01-14 17:00:33,601 [f2927880-1f10-4686-b93c-5db3b548581d@group-1E314555F5C2-FollowerState] INFO  impl.FollowerState (FollowerState.java:run(143)) - f2927880-1f10-4686-b93c-5db3b548581d@group-1E314555F5C2-FollowerState: change to CANDIDATE, lastRpcElapsedTime:5146576678ns, electionTimeout:5146ms
2024-01-14 17:00:33,601 [f2927880-1f10-4686-b93c-5db3b548581d@group-1E314555F5C2-FollowerState] INFO  impl.RoleInfo (RoleInfo.java:shutdownFollowerState(110)) - f2927880-1f10-4686-b93c-5db3b548581d: shutdown f2927880-1f10-4686-b93c-5db3b548581d@group-1E314555F5C2-FollowerState
2024-01-14 17:00:33,601 [f2927880-1f10-4686-b93c-5db3b548581d@group-1E314555F5C2-FollowerState] INFO  server.RaftServer$Division (RaftServerImpl.java:setRole(383)) - f2927880-1f10-4686-b93c-5db3b548581d@group-1E314555F5C2: changes role from  FOLLOWER to CANDIDATE at term 0 for changeToCandidate
2024-01-14 17:00:33,601 [f2927880-1f10-4686-b93c-5db3b548581d@group-1E314555F5C2-FollowerState] INFO  server.RaftServerConfigKeys (ConfUtils.java:logGet(46)) - raft.server.leaderelection.pre-vote = true (default)
2024-01-14 17:00:33,602 [f2927880-1f10-4686-b93c-5db3b548581d@group-1E314555F5C2-FollowerState] INFO  impl.RoleInfo (RoleInfo.java:updateAndGet(139)) - f2927880-1f10-4686-b93c-5db3b548581d: start f2927880-1f10-4686-b93c-5db3b548581d@group-1E314555F5C2-LeaderElection70
2024-01-14 17:00:33,603 [f2927880-1f10-4686-b93c-5db3b548581d@group-1E314555F5C2-LeaderElection70] INFO  impl.LeaderElection (LeaderElection.java:askForVotes(321)) - f2927880-1f10-4686-b93c-5db3b548581d@group-1E314555F5C2-LeaderElection70 PRE_VOTE round 0: submit vote requests at term 0 for -1: peers:[f2927880-1f10-4686-b93c-5db3b548581d|10.1.0.34:15397]|listeners:[], old=null
2024-01-14 17:00:33,603 [f2927880-1f10-4686-b93c-5db3b548581d@group-1E314555F5C2-LeaderElection70] INFO  impl.LeaderElection (LeaderElection.java:askForVotes(323)) - f2927880-1f10-4686-b93c-5db3b548581d@group-1E314555F5C2-LeaderElection70 PRE_VOTE round 0: result PASSED (term=0)
2024-01-14 17:00:33,604 [f2927880-1f10-4686-b93c-5db3b548581d@group-1E314555F5C2-LeaderElection70] INFO  impl.LeaderElection (LeaderElection.java:askForVotes(321)) - f2927880-1f10-4686-b93c-5db3b548581d@group-1E314555F5C2-LeaderElection70 ELECTION round 0: submit vote requests at term 1 for -1: peers:[f2927880-1f10-4686-b93c-5db3b548581d|10.1.0.34:15397]|listeners:[], old=null
2024-01-14 17:00:33,604 [f2927880-1f10-4686-b93c-5db3b548581d@group-1E314555F5C2-LeaderElection70] INFO  impl.LeaderElection (LeaderElection.java:askForVotes(323)) - f2927880-1f10-4686-b93c-5db3b548581d@group-1E314555F5C2-LeaderElection70 ELECTION round 0: result PASSED (term=1)
2024-01-14 17:00:33,604 [f2927880-1f10-4686-b93c-5db3b548581d@group-1E314555F5C2-LeaderElection70] INFO  impl.RoleInfo (RoleInfo.java:shutdownLeaderElection(130)) - f2927880-1f10-4686-b93c-5db3b548581d: shutdown f2927880-1f10-4686-b93c-5db3b548581d@group-1E314555F5C2-LeaderElection70
2024-01-14 17:00:33,604 [f2927880-1f10-4686-b93c-5db3b548581d@group-1E314555F5C2-LeaderElection70] INFO  server.RaftServer$Division (RaftServerImpl.java:setRole(383)) - f2927880-1f10-4686-b93c-5db3b548581d@group-1E314555F5C2: changes role from CANDIDATE to LEADER at term 1 for changeToLeader
2024-01-14 17:00:33,604 [f2927880-1f10-4686-b93c-5db3b548581d@group-1E314555F5C2-LeaderElection70] INFO  server.RaftServerConfigKeys (ConfUtils.java:logGet(46)) - raft.server.staging.catchup.gap = 1000 (default)
2024-01-14 17:00:33,605 [f2927880-1f10-4686-b93c-5db3b548581d@group-1E314555F5C2-LeaderElection70] INFO  server.RaftServerConfigKeys (ConfUtils.java:logGet(46)) - raft.server.write.element-limit = 1024 (custom)
2024-01-14 17:00:33,605 [f2927880-1f10-4686-b93c-5db3b548581d@group-1E314555F5C2-LeaderElection70] INFO  server.RaftServerConfigKeys (ConfUtils.java:logGet(46)) - raft.server.write.byte-limit = 1024 M (=1073741824) (custom)
2024-01-14 17:00:33,605 [f2927880-1f10-4686-b93c-5db3b548581d@group-1E314555F5C2-LeaderElection70] INFO  server.RaftServerConfigKeys (ConfUtils.java:logGet(46)) - raft.server.watch.timeout = 3000ms (custom)
2024-01-14 17:00:33,605 [f2927880-1f10-4686-b93c-5db3b548581d@group-1E314555F5C2-LeaderElection70] INFO  server.RaftServerConfigKeys (ConfUtils.java:logGet(46)) - raft.server.watch.timeout.denomination = 1s (default)
2024-01-14 17:00:33,605 [f2927880-1f10-4686-b93c-5db3b548581d@group-1E314555F5C2-LeaderElection70] INFO  server.RaftServerConfigKeys (ConfUtils.java:logGet(46)) - raft.server.watch.element-limit = 65536 (default)
2024-01-14 17:00:33,605 [f2927880-1f10-4686-b93c-5db3b548581d@group-1E314555F5C2-LeaderElection70] INFO  server.RaftServerConfigKeys (ConfUtils.java:logGet(46)) - raft.server.read.leader.lease.enabled = false (default)
2024-01-14 17:00:33,605 [f2927880-1f10-4686-b93c-5db3b548581d@group-1E314555F5C2-LeaderElection70] INFO  server.RaftServerConfigKeys (ConfUtils.java:logGet(46)) - raft.server.read.leader.lease.timeout.ratio = 0.9 (default)
2024-01-14 17:00:33,605 [f2927880-1f10-4686-b93c-5db3b548581d@group-1E314555F5C2-LeaderElection70] INFO  server.RaftServerConfigKeys (ConfUtils.java:logGet(46)) - raft.server.rpc.timeout.min = 5s (custom)
2024-01-14 17:00:33,605 [f2927880-1f10-4686-b93c-5db3b548581d@group-1E314555F5C2-LeaderElection70] INFO  server.RaftServerConfigKeys (ConfUtils.java:logGet(46)) - raft.server.write.element-limit = 1024 (custom)
2024-01-14 17:00:33,605 [f2927880-1f10-4686-b93c-5db3b548581d@group-1E314555F5C2-LeaderElection70] INFO  server.RaftServerConfigKeys (ConfUtils.java:logGet(46)) - raft.server.write.follower.gap.ratio.max = -1.0 (default)
2024-01-14 17:00:33,605 [f2927880-1f10-4686-b93c-5db3b548581d@group-1E314555F5C2-LeaderElection70] INFO  impl.RoleInfo (RoleInfo.java:updateAndGet(139)) - f2927880-1f10-4686-b93c-5db3b548581d: start f2927880-1f10-4686-b93c-5db3b548581d@group-1E314555F5C2-LeaderStateImpl
2024-01-14 17:00:33,605 [f2927880-1f10-4686-b93c-5db3b548581d@group-1E314555F5C2-LeaderElection70] INFO  server.RaftServer$Division (RaftServerImpl.java:setFirstElection(574)) - f2927880-1f10-4686-b93c-5db3b548581d@group-1E314555F5C2: set firstElectionSinceStartup to false for becomeLeader
2024-01-14 17:00:33,605 [f2927880-1f10-4686-b93c-5db3b548581d@group-1E314555F5C2-LeaderElection70] INFO  ratis.XceiverServerRatis (XceiverServerRatis.java:handleLeaderChangedNotification(945)) - Leader change notification received for group: group-1E314555F5C2 with new leaderId: f2927880-1f10-4686-b93c-5db3b548581d
2024-01-14 17:00:33,606 [f2927880-1f10-4686-b93c-5db3b548581d@group-1E314555F5C2-LeaderElection70] INFO  server.RaftServer$Division (ServerState.java:setLeader(269)) - f2927880-1f10-4686-b93c-5db3b548581d@group-1E314555F5C2: change Leader from null to f2927880-1f10-4686-b93c-5db3b548581d at term 1 for becomeLeader, leader elected after 5161ms
2024-01-14 17:00:33,606 [f2927880-1f10-4686-b93c-5db3b548581d@group-1E314555F5C2-LeaderElection70] INFO  segmented.SegmentedRaftLogWorker (SegmentedRaftLogWorker.java:startLogSegment(430)) - f2927880-1f10-4686-b93c-5db3b548581d@group-1E314555F5C2-SegmentedRaftLogWorker: Starting segment from index:0
2024-01-14 17:00:33,607 [f2927880-1f10-4686-b93c-5db3b548581d@group-1E314555F5C2-LeaderElection70] INFO  server.RaftServer$Division (ServerState.java:setRaftConf(386)) - f2927880-1f10-4686-b93c-5db3b548581d@group-1E314555F5C2: set configuration 0: peers:[f2927880-1f10-4686-b93c-5db3b548581d|10.1.0.34:15397]|listeners:[], old=null
2024-01-14 17:00:33,607 [f2927880-1f10-4686-b93c-5db3b548581d@group-1E314555F5C2-SegmentedRaftLogWorker] INFO  segmented.BufferedWriteChannel (BufferedWriteChannel.java:open(62)) - open log_inprogress_0 at position 0
2024-01-14 17:00:33,615 [f2927880-1f10-4686-b93c-5db3b548581d@group-1E314555F5C2-SegmentedRaftLogWorker] INFO  segmented.SegmentedRaftLogWorker (SegmentedRaftLogWorker.java:execute(634)) - f2927880-1f10-4686-b93c-5db3b548581d@group-1E314555F5C2-SegmentedRaftLogWorker: created new log segment /home/runner/work/ozone/ozone/hadoop-ozone/integration-test/target/test-dir/MiniOzoneClusterImpl-55f63948-b302-44a8-9a44-732f3ddcab57/datanode-3/data/ratis/427e784b-880b-4bc9-9bed-1e314555f5c2/current/log_inprogress_0
2024-01-14 17:00:33,616 [f2927880-1f10-4686-b93c-5db3b548581d@group-1E314555F5C2-StateMachineUpdater] INFO  server.RaftServer$Division (LeaderStateImpl.java:isApplied(320)) - leader is ready since appliedIndex == 0 >= startIndex == 0
2024-01-14 17:00:33,691 [cccf6745-afeb-413c-bfb5-a8d67b6b623b@group-F32CB735A442-FollowerState] INFO  impl.FollowerState (FollowerState.java:run(143)) - cccf6745-afeb-413c-bfb5-a8d67b6b623b@group-F32CB735A442-FollowerState: change to CANDIDATE, lastRpcElapsedTime:5128392500ns, electionTimeout:5128ms
2024-01-14 17:00:33,691 [cccf6745-afeb-413c-bfb5-a8d67b6b623b@group-F32CB735A442-FollowerState] INFO  impl.RoleInfo (RoleInfo.java:shutdownFollowerState(110)) - cccf6745-afeb-413c-bfb5-a8d67b6b623b: shutdown cccf6745-afeb-413c-bfb5-a8d67b6b623b@group-F32CB735A442-FollowerState
2024-01-14 17:00:33,691 [cccf6745-afeb-413c-bfb5-a8d67b6b623b@group-F32CB735A442-FollowerState] INFO  server.RaftServer$Division (RaftServerImpl.java:setRole(383)) - cccf6745-afeb-413c-bfb5-a8d67b6b623b@group-F32CB735A442: changes role from  FOLLOWER to CANDIDATE at term 0 for changeToCandidate
2024-01-14 17:00:33,691 [cccf6745-afeb-413c-bfb5-a8d67b6b623b@group-F32CB735A442-FollowerState] INFO  server.RaftServerConfigKeys (ConfUtils.java:logGet(46)) - raft.server.leaderelection.pre-vote = true (default)
2024-01-14 17:00:33,691 [cccf6745-afeb-413c-bfb5-a8d67b6b623b@group-F32CB735A442-FollowerState] INFO  impl.RoleInfo (RoleInfo.java:updateAndGet(139)) - cccf6745-afeb-413c-bfb5-a8d67b6b623b: start cccf6745-afeb-413c-bfb5-a8d67b6b623b@group-F32CB735A442-LeaderElection71
2024-01-14 17:00:33,692 [cccf6745-afeb-413c-bfb5-a8d67b6b623b@group-F32CB735A442-LeaderElection71] INFO  impl.LeaderElection (LeaderElection.java:askForVotes(321)) - cccf6745-afeb-413c-bfb5-a8d67b6b623b@group-F32CB735A442-LeaderElection71 PRE_VOTE round 0: submit vote requests at term 0 for -1: peers:[cccf6745-afeb-413c-bfb5-a8d67b6b623b|10.1.0.34:15406]|listeners:[], old=null
2024-01-14 17:00:33,692 [cccf6745-afeb-413c-bfb5-a8d67b6b623b@group-F32CB735A442-LeaderElection71] INFO  impl.LeaderElection (LeaderElection.java:askForVotes(323)) - cccf6745-afeb-413c-bfb5-a8d67b6b623b@group-F32CB735A442-LeaderElection71 PRE_VOTE round 0: result PASSED (term=0)
2024-01-14 17:00:33,693 [cccf6745-afeb-413c-bfb5-a8d67b6b623b@group-F32CB735A442-LeaderElection71] INFO  impl.LeaderElection (LeaderElection.java:askForVotes(321)) - cccf6745-afeb-413c-bfb5-a8d67b6b623b@group-F32CB735A442-LeaderElection71 ELECTION round 0: submit vote requests at term 1 for -1: peers:[cccf6745-afeb-413c-bfb5-a8d67b6b623b|10.1.0.34:15406]|listeners:[], old=null
2024-01-14 17:00:33,693 [cccf6745-afeb-413c-bfb5-a8d67b6b623b@group-F32CB735A442-LeaderElection71] INFO  impl.LeaderElection (LeaderElection.java:askForVotes(323)) - cccf6745-afeb-413c-bfb5-a8d67b6b623b@group-F32CB735A442-LeaderElection71 ELECTION round 0: result PASSED (term=1)
2024-01-14 17:00:33,693 [cccf6745-afeb-413c-bfb5-a8d67b6b623b@group-F32CB735A442-LeaderElection71] INFO  impl.RoleInfo (RoleInfo.java:shutdownLeaderElection(130)) - cccf6745-afeb-413c-bfb5-a8d67b6b623b: shutdown cccf6745-afeb-413c-bfb5-a8d67b6b623b@group-F32CB735A442-LeaderElection71
2024-01-14 17:00:33,693 [cccf6745-afeb-413c-bfb5-a8d67b6b623b@group-F32CB735A442-LeaderElection71] INFO  server.RaftServer$Division (RaftServerImpl.java:setRole(383)) - cccf6745-afeb-413c-bfb5-a8d67b6b623b@group-F32CB735A442: changes role from CANDIDATE to LEADER at term 1 for changeToLeader
2024-01-14 17:00:33,693 [cccf6745-afeb-413c-bfb5-a8d67b6b623b@group-F32CB735A442-LeaderElection71] INFO  server.RaftServerConfigKeys (ConfUtils.java:logGet(46)) - raft.server.staging.catchup.gap = 1000 (default)
2024-01-14 17:00:33,694 [cccf6745-afeb-413c-bfb5-a8d67b6b623b@group-F32CB735A442-LeaderElection71] INFO  server.RaftServerConfigKeys (ConfUtils.java:logGet(46)) - raft.server.write.element-limit = 1024 (custom)
2024-01-14 17:00:33,694 [cccf6745-afeb-413c-bfb5-a8d67b6b623b@group-F32CB735A442-LeaderElection71] INFO  server.RaftServerConfigKeys (ConfUtils.java:logGet(46)) - raft.server.write.byte-limit = 1024 M (=1073741824) (custom)
2024-01-14 17:00:33,694 [cccf6745-afeb-413c-bfb5-a8d67b6b623b@group-F32CB735A442-LeaderElection71] INFO  server.RaftServerConfigKeys (ConfUtils.java:logGet(46)) - raft.server.watch.timeout = 3000ms (custom)
2024-01-14 17:00:33,694 [cccf6745-afeb-413c-bfb5-a8d67b6b623b@group-F32CB735A442-LeaderElection71] INFO  server.RaftServerConfigKeys (ConfUtils.java:logGet(46)) - raft.server.watch.timeout.denomination = 1s (default)
2024-01-14 17:00:33,694 [cccf6745-afeb-413c-bfb5-a8d67b6b623b@group-F32CB735A442-LeaderElection71] INFO  server.RaftServerConfigKeys (ConfUtils.java:logGet(46)) - raft.server.watch.element-limit = 65536 (default)
2024-01-14 17:00:33,694 [cccf6745-afeb-413c-bfb5-a8d67b6b623b@group-F32CB735A442-LeaderElection71] INFO  server.RaftServerConfigKeys (ConfUtils.java:logGet(46)) - raft.server.read.leader.lease.enabled = false (default)
2024-01-14 17:00:33,694 [cccf6745-afeb-413c-bfb5-a8d67b6b623b@group-F32CB735A442-LeaderElection71] INFO  server.RaftServerConfigKeys (ConfUtils.java:logGet(46)) - raft.server.read.leader.lease.timeout.ratio = 0.9 (default)
2024-01-14 17:00:33,694 [cccf6745-afeb-413c-bfb5-a8d67b6b623b@group-F32CB735A442-LeaderElection71] INFO  server.RaftServerConfigKeys (ConfUtils.java:logGet(46)) - raft.server.rpc.timeout.min = 5s (custom)
2024-01-14 17:00:33,694 [cccf6745-afeb-413c-bfb5-a8d67b6b623b@group-F32CB735A442-LeaderElection71] INFO  server.RaftServerConfigKeys (ConfUtils.java:logGet(46)) - raft.server.write.element-limit = 1024 (custom)
2024-01-14 17:00:33,694 [cccf6745-afeb-413c-bfb5-a8d67b6b623b@group-F32CB735A442-LeaderElection71] INFO  server.RaftServerConfigKeys (ConfUtils.java:logGet(46)) - raft.server.write.follower.gap.ratio.max = -1.0 (default)
2024-01-14 17:00:33,694 [cccf6745-afeb-413c-bfb5-a8d67b6b623b@group-F32CB735A442-LeaderElection71] INFO  impl.RoleInfo (RoleInfo.java:updateAndGet(139)) - cccf6745-afeb-413c-bfb5-a8d67b6b623b: start cccf6745-afeb-413c-bfb5-a8d67b6b623b@group-F32CB735A442-LeaderStateImpl
2024-01-14 17:00:33,694 [cccf6745-afeb-413c-bfb5-a8d67b6b623b@group-F32CB735A442-LeaderElection71] INFO  server.RaftServer$Division (RaftServerImpl.java:setFirstElection(574)) - cccf6745-afeb-413c-bfb5-a8d67b6b623b@group-F32CB735A442: set firstElectionSinceStartup to false for becomeLeader
2024-01-14 17:00:33,694 [cccf6745-afeb-413c-bfb5-a8d67b6b623b@group-F32CB735A442-LeaderElection71] INFO  ratis.XceiverServerRatis (XceiverServerRatis.java:handleLeaderChangedNotification(945)) - Leader change notification received for group: group-F32CB735A442 with new leaderId: cccf6745-afeb-413c-bfb5-a8d67b6b623b
2024-01-14 17:00:33,694 [cccf6745-afeb-413c-bfb5-a8d67b6b623b@group-F32CB735A442-LeaderElection71] INFO  server.RaftServer$Division (ServerState.java:setLeader(269)) - cccf6745-afeb-413c-bfb5-a8d67b6b623b@group-F32CB735A442: change Leader from null to cccf6745-afeb-413c-bfb5-a8d67b6b623b at term 1 for becomeLeader, leader elected after 5163ms
2024-01-14 17:00:33,694 [cccf6745-afeb-413c-bfb5-a8d67b6b623b@group-F32CB735A442-LeaderElection71] INFO  segmented.SegmentedRaftLogWorker (SegmentedRaftLogWorker.java:startLogSegment(430)) - cccf6745-afeb-413c-bfb5-a8d67b6b623b@group-F32CB735A442-SegmentedRaftLogWorker: Starting segment from index:0
2024-01-14 17:00:33,695 [cccf6745-afeb-413c-bfb5-a8d67b6b623b@group-F32CB735A442-LeaderElection71] INFO  server.RaftServer$Division (ServerState.java:setRaftConf(386)) - cccf6745-afeb-413c-bfb5-a8d67b6b623b@group-F32CB735A442: set configuration 0: peers:[cccf6745-afeb-413c-bfb5-a8d67b6b623b|10.1.0.34:15406]|listeners:[], old=null
2024-01-14 17:00:33,695 [cccf6745-afeb-413c-bfb5-a8d67b6b623b@group-F32CB735A442-SegmentedRaftLogWorker] INFO  segmented.BufferedWriteChannel (BufferedWriteChannel.java:open(62)) - open log_inprogress_0 at position 0
2024-01-14 17:00:33,702 [cccf6745-afeb-413c-bfb5-a8d67b6b623b@group-F32CB735A442-SegmentedRaftLogWorker] INFO  segmented.SegmentedRaftLogWorker (SegmentedRaftLogWorker.java:execute(634)) - cccf6745-afeb-413c-bfb5-a8d67b6b623b@group-F32CB735A442-SegmentedRaftLogWorker: created new log segment /home/runner/work/ozone/ozone/hadoop-ozone/integration-test/target/test-dir/MiniOzoneClusterImpl-55f63948-b302-44a8-9a44-732f3ddcab57/datanode-4/data/ratis/55dc7a08-534a-4c8e-a071-f32cb735a442/current/log_inprogress_0
2024-01-14 17:00:33,703 [cccf6745-afeb-413c-bfb5-a8d67b6b623b@group-F32CB735A442-StateMachineUpdater] INFO  server.RaftServer$Division (LeaderStateImpl.java:isApplied(320)) - leader is ready since appliedIndex == 0 >= startIndex == 0
2024-01-14 17:00:33,704 [bc0247fb-4108-4537-bc2d-6aaa51d5d1de@group-06836EA6AD0D-FollowerState] INFO  impl.FollowerState (FollowerState.java:run(143)) - bc0247fb-4108-4537-bc2d-6aaa51d5d1de@group-06836EA6AD0D-FollowerState: change to CANDIDATE, lastRpcElapsedTime:5076405305ns, electionTimeout:5076ms
2024-01-14 17:00:33,704 [bc0247fb-4108-4537-bc2d-6aaa51d5d1de@group-06836EA6AD0D-FollowerState] INFO  impl.RoleInfo (RoleInfo.java:shutdownFollowerState(110)) - bc0247fb-4108-4537-bc2d-6aaa51d5d1de: shutdown bc0247fb-4108-4537-bc2d-6aaa51d5d1de@group-06836EA6AD0D-FollowerState
2024-01-14 17:00:33,704 [bc0247fb-4108-4537-bc2d-6aaa51d5d1de@group-06836EA6AD0D-FollowerState] INFO  server.RaftServer$Division (RaftServerImpl.java:setRole(383)) - bc0247fb-4108-4537-bc2d-6aaa51d5d1de@group-06836EA6AD0D: changes role from  FOLLOWER to CANDIDATE at term 0 for changeToCandidate
2024-01-14 17:00:33,704 [bc0247fb-4108-4537-bc2d-6aaa51d5d1de@group-06836EA6AD0D-FollowerState] INFO  server.RaftServerConfigKeys (ConfUtils.java:logGet(46)) - raft.server.leaderelection.pre-vote = true (default)
2024-01-14 17:00:33,704 [bc0247fb-4108-4537-bc2d-6aaa51d5d1de@group-06836EA6AD0D-FollowerState] INFO  impl.RoleInfo (RoleInfo.java:updateAndGet(139)) - bc0247fb-4108-4537-bc2d-6aaa51d5d1de: start bc0247fb-4108-4537-bc2d-6aaa51d5d1de@group-06836EA6AD0D-LeaderElection72
2024-01-14 17:00:33,705 [bc0247fb-4108-4537-bc2d-6aaa51d5d1de@group-06836EA6AD0D-LeaderElection72] INFO  impl.LeaderElection (LeaderElection.java:askForVotes(321)) - bc0247fb-4108-4537-bc2d-6aaa51d5d1de@group-06836EA6AD0D-LeaderElection72 PRE_VOTE round 0: submit vote requests at term 0 for -1: peers:[bc0247fb-4108-4537-bc2d-6aaa51d5d1de|10.1.0.34:15415]|listeners:[], old=null
2024-01-14 17:00:33,705 [bc0247fb-4108-4537-bc2d-6aaa51d5d1de@group-06836EA6AD0D-LeaderElection72] INFO  impl.LeaderElection (LeaderElection.java:askForVotes(323)) - bc0247fb-4108-4537-bc2d-6aaa51d5d1de@group-06836EA6AD0D-LeaderElection72 PRE_VOTE round 0: result PASSED (term=0)
2024-01-14 17:00:33,706 [bc0247fb-4108-4537-bc2d-6aaa51d5d1de@group-06836EA6AD0D-LeaderElection72] INFO  impl.LeaderElection (LeaderElection.java:askForVotes(321)) - bc0247fb-4108-4537-bc2d-6aaa51d5d1de@group-06836EA6AD0D-LeaderElection72 ELECTION round 0: submit vote requests at term 1 for -1: peers:[bc0247fb-4108-4537-bc2d-6aaa51d5d1de|10.1.0.34:15415]|listeners:[], old=null
2024-01-14 17:00:33,706 [bc0247fb-4108-4537-bc2d-6aaa51d5d1de@group-06836EA6AD0D-LeaderElection72] INFO  impl.LeaderElection (LeaderElection.java:askForVotes(323)) - bc0247fb-4108-4537-bc2d-6aaa51d5d1de@group-06836EA6AD0D-LeaderElection72 ELECTION round 0: result PASSED (term=1)
2024-01-14 17:00:33,706 [bc0247fb-4108-4537-bc2d-6aaa51d5d1de@group-06836EA6AD0D-LeaderElection72] INFO  impl.RoleInfo (RoleInfo.java:shutdownLeaderElection(130)) - bc0247fb-4108-4537-bc2d-6aaa51d5d1de: shutdown bc0247fb-4108-4537-bc2d-6aaa51d5d1de@group-06836EA6AD0D-LeaderElection72
2024-01-14 17:00:33,706 [bc0247fb-4108-4537-bc2d-6aaa51d5d1de@group-06836EA6AD0D-LeaderElection72] INFO  server.RaftServer$Division (RaftServerImpl.java:setRole(383)) - bc0247fb-4108-4537-bc2d-6aaa51d5d1de@group-06836EA6AD0D: changes role from CANDIDATE to LEADER at term 1 for changeToLeader
2024-01-14 17:00:33,706 [bc0247fb-4108-4537-bc2d-6aaa51d5d1de@group-06836EA6AD0D-LeaderElection72] INFO  server.RaftServerConfigKeys (ConfUtils.java:logGet(46)) - raft.server.staging.catchup.gap = 1000 (default)
2024-01-14 17:00:33,706 [bc0247fb-4108-4537-bc2d-6aaa51d5d1de@group-06836EA6AD0D-LeaderElection72] INFO  server.RaftServerConfigKeys (ConfUtils.java:logGet(46)) - raft.server.write.element-limit = 1024 (custom)
2024-01-14 17:00:33,706 [bc0247fb-4108-4537-bc2d-6aaa51d5d1de@group-06836EA6AD0D-LeaderElection72] INFO  server.RaftServerConfigKeys (ConfUtils.java:logGet(46)) - raft.server.write.byte-limit = 1024 M (=1073741824) (custom)
2024-01-14 17:00:33,706 [bc0247fb-4108-4537-bc2d-6aaa51d5d1de@group-06836EA6AD0D-LeaderElection72] INFO  server.RaftServerConfigKeys (ConfUtils.java:logGet(46)) - raft.server.watch.timeout = 3000ms (custom)
2024-01-14 17:00:33,706 [bc0247fb-4108-4537-bc2d-6aaa51d5d1de@group-06836EA6AD0D-LeaderElection72] INFO  server.RaftServerConfigKeys (ConfUtils.java:logGet(46)) - raft.server.watch.timeout.denomination = 1s (default)
2024-01-14 17:00:33,706 [bc0247fb-4108-4537-bc2d-6aaa51d5d1de@group-06836EA6AD0D-LeaderElection72] INFO  server.RaftServerConfigKeys (ConfUtils.java:logGet(46)) - raft.server.watch.element-limit = 65536 (default)
2024-01-14 17:00:33,706 [bc0247fb-4108-4537-bc2d-6aaa51d5d1de@group-06836EA6AD0D-LeaderElection72] INFO  server.RaftServerConfigKeys (ConfUtils.java:logGet(46)) - raft.server.read.leader.lease.enabled = false (default)
2024-01-14 17:00:33,706 [bc0247fb-4108-4537-bc2d-6aaa51d5d1de@group-06836EA6AD0D-LeaderElection72] INFO  server.RaftServerConfigKeys (ConfUtils.java:logGet(46)) - raft.server.read.leader.lease.timeout.ratio = 0.9 (default)
2024-01-14 17:00:33,706 [bc0247fb-4108-4537-bc2d-6aaa51d5d1de@group-06836EA6AD0D-LeaderElection72] INFO  server.RaftServerConfigKeys (ConfUtils.java:logGet(46)) - raft.server.rpc.timeout.min = 5s (custom)
2024-01-14 17:00:33,706 [bc0247fb-4108-4537-bc2d-6aaa51d5d1de@group-06836EA6AD0D-LeaderElection72] INFO  server.RaftServerConfigKeys (ConfUtils.java:logGet(46)) - raft.server.write.element-limit = 1024 (custom)
2024-01-14 17:00:33,706 [bc0247fb-4108-4537-bc2d-6aaa51d5d1de@group-06836EA6AD0D-LeaderElection72] INFO  server.RaftServerConfigKeys (ConfUtils.java:logGet(46)) - raft.server.write.follower.gap.ratio.max = -1.0 (default)
2024-01-14 17:00:33,707 [bc0247fb-4108-4537-bc2d-6aaa51d5d1de@group-06836EA6AD0D-LeaderElection72] INFO  impl.RoleInfo (RoleInfo.java:updateAndGet(139)) - bc0247fb-4108-4537-bc2d-6aaa51d5d1de: start bc0247fb-4108-4537-bc2d-6aaa51d5d1de@group-06836EA6AD0D-LeaderStateImpl
2024-01-14 17:00:33,707 [bc0247fb-4108-4537-bc2d-6aaa51d5d1de@group-06836EA6AD0D-LeaderElection72] INFO  server.RaftServer$Division (RaftServerImpl.java:setFirstElection(574)) - bc0247fb-4108-4537-bc2d-6aaa51d5d1de@group-06836EA6AD0D: set firstElectionSinceStartup to false for becomeLeader
2024-01-14 17:00:33,707 [bc0247fb-4108-4537-bc2d-6aaa51d5d1de@group-06836EA6AD0D-LeaderElection72] INFO  ratis.XceiverServerRatis (XceiverServerRatis.java:handleLeaderChangedNotification(945)) - Leader change notification received for group: group-06836EA6AD0D with new leaderId: bc0247fb-4108-4537-bc2d-6aaa51d5d1de
2024-01-14 17:00:33,707 [bc0247fb-4108-4537-bc2d-6aaa51d5d1de@group-06836EA6AD0D-LeaderElection72] INFO  server.RaftServer$Division (ServerState.java:setLeader(269)) - bc0247fb-4108-4537-bc2d-6aaa51d5d1de@group-06836EA6AD0D: change Leader from null to bc0247fb-4108-4537-bc2d-6aaa51d5d1de at term 1 for becomeLeader, leader elected after 5087ms
2024-01-14 17:00:33,707 [bc0247fb-4108-4537-bc2d-6aaa51d5d1de@group-06836EA6AD0D-LeaderElection72] INFO  segmented.SegmentedRaftLogWorker (SegmentedRaftLogWorker.java:startLogSegment(430)) - bc0247fb-4108-4537-bc2d-6aaa51d5d1de@group-06836EA6AD0D-SegmentedRaftLogWorker: Starting segment from index:0
2024-01-14 17:00:33,708 [bc0247fb-4108-4537-bc2d-6aaa51d5d1de@group-06836EA6AD0D-LeaderElection72] INFO  server.RaftServer$Division (ServerState.java:setRaftConf(386)) - bc0247fb-4108-4537-bc2d-6aaa51d5d1de@group-06836EA6AD0D: set configuration 0: peers:[bc0247fb-4108-4537-bc2d-6aaa51d5d1de|10.1.0.34:15415]|listeners:[], old=null
2024-01-14 17:00:33,708 [bc0247fb-4108-4537-bc2d-6aaa51d5d1de@group-06836EA6AD0D-SegmentedRaftLogWorker] INFO  segmented.BufferedWriteChannel (BufferedWriteChannel.java:open(62)) - open log_inprogress_0 at position 0
2024-01-14 17:00:33,714 [bc0247fb-4108-4537-bc2d-6aaa51d5d1de@group-06836EA6AD0D-SegmentedRaftLogWorker] INFO  segmented.SegmentedRaftLogWorker (SegmentedRaftLogWorker.java:execute(634)) - bc0247fb-4108-4537-bc2d-6aaa51d5d1de@group-06836EA6AD0D-SegmentedRaftLogWorker: created new log segment /home/runner/work/ozone/ozone/hadoop-ozone/integration-test/target/test-dir/MiniOzoneClusterImpl-55f63948-b302-44a8-9a44-732f3ddcab57/datanode-5/data/ratis/f0eb859b-33e3-4e01-9825-06836ea6ad0d/current/log_inprogress_0
2024-01-14 17:00:33,715 [bc0247fb-4108-4537-bc2d-6aaa51d5d1de@group-06836EA6AD0D-StateMachineUpdater] INFO  server.RaftServer$Division (LeaderStateImpl.java:isApplied(320)) - leader is ready since appliedIndex == 0 >= startIndex == 0
2024-01-14 17:00:33,741 [bc0247fb-4108-4537-bc2d-6aaa51d5d1de@group-7AE465211717-FollowerState] INFO  impl.FollowerState (FollowerState.java:run(143)) - bc0247fb-4108-4537-bc2d-6aaa51d5d1de@group-7AE465211717-FollowerState: change to CANDIDATE, lastRpcElapsedTime:5199487593ns, electionTimeout:5199ms
2024-01-14 17:00:33,741 [bc0247fb-4108-4537-bc2d-6aaa51d5d1de@group-7AE465211717-FollowerState] INFO  impl.RoleInfo (RoleInfo.java:shutdownFollowerState(110)) - bc0247fb-4108-4537-bc2d-6aaa51d5d1de: shutdown bc0247fb-4108-4537-bc2d-6aaa51d5d1de@group-7AE465211717-FollowerState
2024-01-14 17:00:33,741 [bc0247fb-4108-4537-bc2d-6aaa51d5d1de@group-7AE465211717-FollowerState] INFO  server.RaftServer$Division (RaftServerImpl.java:setRole(383)) - bc0247fb-4108-4537-bc2d-6aaa51d5d1de@group-7AE465211717: changes role from  FOLLOWER to CANDIDATE at term 0 for changeToCandidate
2024-01-14 17:00:33,741 [bc0247fb-4108-4537-bc2d-6aaa51d5d1de@group-7AE465211717-FollowerState] INFO  server.RaftServerConfigKeys (ConfUtils.java:logGet(46)) - raft.server.leaderelection.pre-vote = true (default)
2024-01-14 17:00:33,741 [bc0247fb-4108-4537-bc2d-6aaa51d5d1de@group-7AE465211717-FollowerState] INFO  impl.RoleInfo (RoleInfo.java:updateAndGet(139)) - bc0247fb-4108-4537-bc2d-6aaa51d5d1de: start bc0247fb-4108-4537-bc2d-6aaa51d5d1de@group-7AE465211717-LeaderElection73
2024-01-14 17:00:33,743 [bc0247fb-4108-4537-bc2d-6aaa51d5d1de@group-7AE465211717-LeaderElection73] INFO  impl.LeaderElection (LeaderElection.java:askForVotes(321)) - bc0247fb-4108-4537-bc2d-6aaa51d5d1de@group-7AE465211717-LeaderElection73 PRE_VOTE round 0: submit vote requests at term 0 for -1: peers:[f2927880-1f10-4686-b93c-5db3b548581d|10.1.0.34:15397, cccf6745-afeb-413c-bfb5-a8d67b6b623b|10.1.0.34:15406, bc0247fb-4108-4537-bc2d-6aaa51d5d1de|10.1.0.34:15415]|listeners:[], old=null
2024-01-14 17:00:33,743 [bc0247fb-4108-4537-bc2d-6aaa51d5d1de@group-7AE465211717-LeaderElection73-1] INFO  server.GrpcServerProtocolClient (GrpcServerProtocolClient.java:<init>(65)) - Build channel for f2927880-1f10-4686-b93c-5db3b548581d|10.1.0.34:15397
2024-01-14 17:00:33,743 [bc0247fb-4108-4537-bc2d-6aaa51d5d1de@group-7AE465211717-LeaderElection73-2] INFO  server.GrpcServerProtocolClient (GrpcServerProtocolClient.java:<init>(65)) - Build channel for cccf6745-afeb-413c-bfb5-a8d67b6b623b|10.1.0.34:15406
2024-01-14 17:00:33,743 [bc0247fb-4108-4537-bc2d-6aaa51d5d1de@group-7AE465211717-LeaderElection73] INFO  server.RaftServerConfigKeys (ConfUtils.java:logFallback(53)) - raft.server.rpc.first-election.timeout.min = 5s (fallback to raft.server.rpc.timeout.min)
2024-01-14 17:00:33,743 [bc0247fb-4108-4537-bc2d-6aaa51d5d1de@group-7AE465211717-LeaderElection73] INFO  server.RaftServerConfigKeys (ConfUtils.java:logFallback(53)) - raft.server.rpc.first-election.timeout.max = 5200ms (fallback to raft.server.rpc.timeout.max)
2024-01-14 17:00:33,750 [grpc-default-executor-3] INFO  server.RaftServer$Division (RaftServerImpl.java:requestVote(1389)) - f2927880-1f10-4686-b93c-5db3b548581d@group-7AE465211717: receive requestVote(PRE_VOTE, bc0247fb-4108-4537-bc2d-6aaa51d5d1de, group-7AE465211717, 0, (t:0, i:0))
2024-01-14 17:00:33,750 [grpc-default-executor-2] INFO  server.RaftServer$Division (RaftServerImpl.java:requestVote(1389)) - cccf6745-afeb-413c-bfb5-a8d67b6b623b@group-7AE465211717: receive requestVote(PRE_VOTE, bc0247fb-4108-4537-bc2d-6aaa51d5d1de, group-7AE465211717, 0, (t:0, i:0))
2024-01-14 17:00:33,750 [grpc-default-executor-3] INFO  impl.VoteContext (VoteContext.java:log(49)) - f2927880-1f10-4686-b93c-5db3b548581d@group-7AE465211717-FOLLOWER: accept PRE_VOTE from bc0247fb-4108-4537-bc2d-6aaa51d5d1de: our priority 0 <= candidate's priority 1
2024-01-14 17:00:33,750 [grpc-default-executor-2] INFO  impl.VoteContext (VoteContext.java:log(49)) - cccf6745-afeb-413c-bfb5-a8d67b6b623b@group-7AE465211717-FOLLOWER: accept PRE_VOTE from bc0247fb-4108-4537-bc2d-6aaa51d5d1de: our priority 0 <= candidate's priority 1
2024-01-14 17:00:33,750 [grpc-default-executor-3] INFO  server.RaftServer$Division (RaftServerImpl.java:requestVote(1422)) - f2927880-1f10-4686-b93c-5db3b548581d@group-7AE465211717 replies to PRE_VOTE vote request: bc0247fb-4108-4537-bc2d-6aaa51d5d1de<-f2927880-1f10-4686-b93c-5db3b548581d#0:OK-t0. Peer's state: f2927880-1f10-4686-b93c-5db3b548581d@group-7AE465211717:t0, leader=null, voted=, raftlog=Memoized:f2927880-1f10-4686-b93c-5db3b548581d@group-7AE465211717-SegmentedRaftLog:OPENED:c-1, conf=-1: peers:[f2927880-1f10-4686-b93c-5db3b548581d|10.1.0.34:15397, cccf6745-afeb-413c-bfb5-a8d67b6b623b|10.1.0.34:15406, bc0247fb-4108-4537-bc2d-6aaa51d5d1de|10.1.0.34:15415]|listeners:[], old=null
2024-01-14 17:00:33,750 [grpc-default-executor-2] INFO  server.RaftServer$Division (RaftServerImpl.java:requestVote(1422)) - cccf6745-afeb-413c-bfb5-a8d67b6b623b@group-7AE465211717 replies to PRE_VOTE vote request: bc0247fb-4108-4537-bc2d-6aaa51d5d1de<-cccf6745-afeb-413c-bfb5-a8d67b6b623b#0:OK-t0. Peer's state: cccf6745-afeb-413c-bfb5-a8d67b6b623b@group-7AE465211717:t0, leader=null, voted=, raftlog=Memoized:cccf6745-afeb-413c-bfb5-a8d67b6b623b@group-7AE465211717-SegmentedRaftLog:OPENED:c-1, conf=-1: peers:[f2927880-1f10-4686-b93c-5db3b548581d|10.1.0.34:15397, cccf6745-afeb-413c-bfb5-a8d67b6b623b|10.1.0.34:15406, bc0247fb-4108-4537-bc2d-6aaa51d5d1de|10.1.0.34:15415]|listeners:[], old=null
2024-01-14 17:00:33,753 [bc0247fb-4108-4537-bc2d-6aaa51d5d1de@group-7AE465211717-LeaderElection73] INFO  impl.LeaderElection (LeaderElection.java:logAndReturn(89)) - bc0247fb-4108-4537-bc2d-6aaa51d5d1de@group-7AE465211717-LeaderElection73: PRE_VOTE PASSED received 1 response(s) and 0 exception(s):
2024-01-14 17:00:33,753 [bc0247fb-4108-4537-bc2d-6aaa51d5d1de@group-7AE465211717-LeaderElection73] INFO  impl.LeaderElection (LeaderElection.java:logAndReturn(93)) -   Response 0: bc0247fb-4108-4537-bc2d-6aaa51d5d1de<-f2927880-1f10-4686-b93c-5db3b548581d#0:OK-t0
2024-01-14 17:00:33,753 [bc0247fb-4108-4537-bc2d-6aaa51d5d1de@group-7AE465211717-LeaderElection73] INFO  impl.LeaderElection (LeaderElection.java:askForVotes(323)) - bc0247fb-4108-4537-bc2d-6aaa51d5d1de@group-7AE465211717-LeaderElection73 PRE_VOTE round 0: result PASSED
2024-01-14 17:00:33,754 [bc0247fb-4108-4537-bc2d-6aaa51d5d1de@group-7AE465211717-LeaderElection73] INFO  impl.LeaderElection (LeaderElection.java:askForVotes(321)) - bc0247fb-4108-4537-bc2d-6aaa51d5d1de@group-7AE465211717-LeaderElection73 ELECTION round 0: submit vote requests at term 1 for -1: peers:[f2927880-1f10-4686-b93c-5db3b548581d|10.1.0.34:15397, cccf6745-afeb-413c-bfb5-a8d67b6b623b|10.1.0.34:15406, bc0247fb-4108-4537-bc2d-6aaa51d5d1de|10.1.0.34:15415]|listeners:[], old=null
2024-01-14 17:00:33,755 [bc0247fb-4108-4537-bc2d-6aaa51d5d1de@group-7AE465211717-LeaderElection73] INFO  server.RaftServerConfigKeys (ConfUtils.java:logFallback(53)) - raft.server.rpc.first-election.timeout.min = 5s (fallback to raft.server.rpc.timeout.min)
2024-01-14 17:00:33,755 [bc0247fb-4108-4537-bc2d-6aaa51d5d1de@group-7AE465211717-LeaderElection73] INFO  server.RaftServerConfigKeys (ConfUtils.java:logFallback(53)) - raft.server.rpc.first-election.timeout.max = 5200ms (fallback to raft.server.rpc.timeout.max)
2024-01-14 17:00:33,755 [grpc-default-executor-3] INFO  server.RaftServer$Division (RaftServerImpl.java:requestVote(1389)) - f2927880-1f10-4686-b93c-5db3b548581d@group-7AE465211717: receive requestVote(ELECTION, bc0247fb-4108-4537-bc2d-6aaa51d5d1de, group-7AE465211717, 1, (t:0, i:0))
2024-01-14 17:00:33,755 [grpc-default-executor-2] INFO  server.RaftServer$Division (RaftServerImpl.java:requestVote(1389)) - cccf6745-afeb-413c-bfb5-a8d67b6b623b@group-7AE465211717: receive requestVote(ELECTION, bc0247fb-4108-4537-bc2d-6aaa51d5d1de, group-7AE465211717, 1, (t:0, i:0))
2024-01-14 17:00:33,756 [grpc-default-executor-3] INFO  impl.VoteContext (VoteContext.java:log(49)) - f2927880-1f10-4686-b93c-5db3b548581d@group-7AE465211717-FOLLOWER: accept ELECTION from bc0247fb-4108-4537-bc2d-6aaa51d5d1de: our priority 0 <= candidate's priority 1
2024-01-14 17:00:33,756 [grpc-default-executor-2] INFO  impl.VoteContext (VoteContext.java:log(49)) - cccf6745-afeb-413c-bfb5-a8d67b6b623b@group-7AE465211717-FOLLOWER: accept ELECTION from bc0247fb-4108-4537-bc2d-6aaa51d5d1de: our priority 0 <= candidate's priority 1
2024-01-14 17:00:33,756 [grpc-default-executor-3] INFO  server.RaftServer$Division (RaftServerImpl.java:setRole(383)) - f2927880-1f10-4686-b93c-5db3b548581d@group-7AE465211717: changes role from  FOLLOWER to FOLLOWER at term 1 for candidate:bc0247fb-4108-4537-bc2d-6aaa51d5d1de
2024-01-14 17:00:33,756 [grpc-default-executor-2] INFO  server.RaftServer$Division (RaftServerImpl.java:setRole(383)) - cccf6745-afeb-413c-bfb5-a8d67b6b623b@group-7AE465211717: changes role from  FOLLOWER to FOLLOWER at term 1 for candidate:bc0247fb-4108-4537-bc2d-6aaa51d5d1de
2024-01-14 17:00:33,756 [grpc-default-executor-2] INFO  impl.RoleInfo (RoleInfo.java:shutdownFollowerState(110)) - cccf6745-afeb-413c-bfb5-a8d67b6b623b: shutdown cccf6745-afeb-413c-bfb5-a8d67b6b623b@group-7AE465211717-FollowerState
2024-01-14 17:00:33,756 [grpc-default-executor-3] INFO  impl.RoleInfo (RoleInfo.java:shutdownFollowerState(110)) - f2927880-1f10-4686-b93c-5db3b548581d: shutdown f2927880-1f10-4686-b93c-5db3b548581d@group-7AE465211717-FollowerState
2024-01-14 17:00:33,756 [cccf6745-afeb-413c-bfb5-a8d67b6b623b@group-7AE465211717-FollowerState] INFO  impl.FollowerState (FollowerState.java:run(152)) - cccf6745-afeb-413c-bfb5-a8d67b6b623b@group-7AE465211717-FollowerState was interrupted
2024-01-14 17:00:33,756 [grpc-default-executor-3] INFO  impl.RoleInfo (RoleInfo.java:updateAndGet(139)) - f2927880-1f10-4686-b93c-5db3b548581d: start f2927880-1f10-4686-b93c-5db3b548581d@group-7AE465211717-FollowerState
2024-01-14 17:00:33,756 [grpc-default-executor-2] INFO  impl.RoleInfo (RoleInfo.java:updateAndGet(139)) - cccf6745-afeb-413c-bfb5-a8d67b6b623b: start cccf6745-afeb-413c-bfb5-a8d67b6b623b@group-7AE465211717-FollowerState
2024-01-14 17:00:33,757 [grpc-default-executor-3] INFO  server.RaftServer$Division (RaftServerImpl.java:setFirstElection(574)) - f2927880-1f10-4686-b93c-5db3b548581d@group-7AE465211717: set firstElectionSinceStartup to false for candidate:bc0247fb-4108-4537-bc2d-6aaa51d5d1de
2024-01-14 17:00:33,756 [f2927880-1f10-4686-b93c-5db3b548581d@group-7AE465211717-FollowerState] INFO  impl.FollowerState (FollowerState.java:run(152)) - f2927880-1f10-4686-b93c-5db3b548581d@group-7AE465211717-FollowerState was interrupted
2024-01-14 17:00:33,758 [grpc-default-executor-3] INFO  server.RaftServer$Division (RaftServerImpl.java:requestVote(1422)) - f2927880-1f10-4686-b93c-5db3b548581d@group-7AE465211717 replies to ELECTION vote request: bc0247fb-4108-4537-bc2d-6aaa51d5d1de<-f2927880-1f10-4686-b93c-5db3b548581d#0:OK-t1. Peer's state: f2927880-1f10-4686-b93c-5db3b548581d@group-7AE465211717:t1, leader=null, voted=bc0247fb-4108-4537-bc2d-6aaa51d5d1de, raftlog=Memoized:f2927880-1f10-4686-b93c-5db3b548581d@group-7AE465211717-SegmentedRaftLog:OPENED:c-1, conf=-1: peers:[f2927880-1f10-4686-b93c-5db3b548581d|10.1.0.34:15397, cccf6745-afeb-413c-bfb5-a8d67b6b623b|10.1.0.34:15406, bc0247fb-4108-4537-bc2d-6aaa51d5d1de|10.1.0.34:15415]|listeners:[], old=null
2024-01-14 17:00:33,758 [grpc-default-executor-2] INFO  server.RaftServer$Division (RaftServerImpl.java:requestVote(1422)) - cccf6745-afeb-413c-bfb5-a8d67b6b623b@group-7AE465211717 replies to ELECTION vote request: bc0247fb-4108-4537-bc2d-6aaa51d5d1de<-cccf6745-afeb-413c-bfb5-a8d67b6b623b#0:OK-t1. Peer's state: cccf6745-afeb-413c-bfb5-a8d67b6b623b@group-7AE465211717:t1, leader=null, voted=bc0247fb-4108-4537-bc2d-6aaa51d5d1de, raftlog=Memoized:cccf6745-afeb-413c-bfb5-a8d67b6b623b@group-7AE465211717-SegmentedRaftLog:OPENED:c-1, conf=-1: peers:[f2927880-1f10-4686-b93c-5db3b548581d|10.1.0.34:15397, cccf6745-afeb-413c-bfb5-a8d67b6b623b|10.1.0.34:15406, bc0247fb-4108-4537-bc2d-6aaa51d5d1de|10.1.0.34:15415]|listeners:[], old=null
2024-01-14 17:00:33,761 [bc0247fb-4108-4537-bc2d-6aaa51d5d1de@group-7AE465211717-LeaderElection73] INFO  impl.LeaderElection (LeaderElection.java:logAndReturn(89)) - bc0247fb-4108-4537-bc2d-6aaa51d5d1de@group-7AE465211717-LeaderElection73: ELECTION PASSED received 1 response(s) and 0 exception(s):
2024-01-14 17:00:33,761 [bc0247fb-4108-4537-bc2d-6aaa51d5d1de@group-7AE465211717-LeaderElection73] INFO  impl.LeaderElection (LeaderElection.java:logAndReturn(93)) -   Response 0: bc0247fb-4108-4537-bc2d-6aaa51d5d1de<-f2927880-1f10-4686-b93c-5db3b548581d#0:OK-t1
2024-01-14 17:00:33,761 [bc0247fb-4108-4537-bc2d-6aaa51d5d1de@group-7AE465211717-LeaderElection73] INFO  impl.LeaderElection (LeaderElection.java:askForVotes(323)) - bc0247fb-4108-4537-bc2d-6aaa51d5d1de@group-7AE465211717-LeaderElection73 ELECTION round 0: result PASSED
2024-01-14 17:00:33,761 [bc0247fb-4108-4537-bc2d-6aaa51d5d1de@group-7AE465211717-LeaderElection73] INFO  impl.RoleInfo (RoleInfo.java:shutdownLeaderElection(130)) - bc0247fb-4108-4537-bc2d-6aaa51d5d1de: shutdown bc0247fb-4108-4537-bc2d-6aaa51d5d1de@group-7AE465211717-LeaderElection73
2024-01-14 17:00:33,761 [bc0247fb-4108-4537-bc2d-6aaa51d5d1de@group-7AE465211717-LeaderElection73] INFO  server.RaftServer$Division (RaftServerImpl.java:setRole(383)) - bc0247fb-4108-4537-bc2d-6aaa51d5d1de@group-7AE465211717: changes role from CANDIDATE to LEADER at term 1 for changeToLeader
2024-01-14 17:00:33,761 [bc0247fb-4108-4537-bc2d-6aaa51d5d1de@group-7AE465211717-LeaderElection73] INFO  server.RaftServerConfigKeys (ConfUtils.java:logGet(46)) - raft.server.staging.catchup.gap = 1000 (default)
2024-01-14 17:00:33,761 [bc0247fb-4108-4537-bc2d-6aaa51d5d1de@group-7AE465211717-LeaderElection73] INFO  server.RaftServerConfigKeys (ConfUtils.java:logGet(46)) - raft.server.write.element-limit = 1024 (custom)
2024-01-14 17:00:33,762 [bc0247fb-4108-4537-bc2d-6aaa51d5d1de@group-7AE465211717-LeaderElection73] INFO  server.RaftServerConfigKeys (ConfUtils.java:logGet(46)) - raft.server.write.byte-limit = 1024 M (=1073741824) (custom)
2024-01-14 17:00:33,762 [bc0247fb-4108-4537-bc2d-6aaa51d5d1de@group-7AE465211717-LeaderElection73] INFO  server.RaftServerConfigKeys (ConfUtils.java:logGet(46)) - raft.server.watch.timeout = 3000ms (custom)
2024-01-14 17:00:33,762 [bc0247fb-4108-4537-bc2d-6aaa51d5d1de@group-7AE465211717-LeaderElection73] INFO  server.RaftServerConfigKeys (ConfUtils.java:logGet(46)) - raft.server.watch.timeout.denomination = 1s (default)
2024-01-14 17:00:33,762 [bc0247fb-4108-4537-bc2d-6aaa51d5d1de@group-7AE465211717-LeaderElection73] INFO  server.RaftServerConfigKeys (ConfUtils.java:logGet(46)) - raft.server.watch.element-limit = 65536 (default)
2024-01-14 17:00:33,762 [bc0247fb-4108-4537-bc2d-6aaa51d5d1de@group-7AE465211717-LeaderElection73] INFO  server.RaftServerConfigKeys (ConfUtils.java:logGet(46)) - raft.server.read.leader.lease.enabled = false (default)
2024-01-14 17:00:33,762 [bc0247fb-4108-4537-bc2d-6aaa51d5d1de@group-7AE465211717-LeaderElection73] INFO  server.RaftServerConfigKeys (ConfUtils.java:logGet(46)) - raft.server.read.leader.lease.timeout.ratio = 0.9 (default)
2024-01-14 17:00:33,762 [bc0247fb-4108-4537-bc2d-6aaa51d5d1de@group-7AE465211717-LeaderElection73] INFO  server.RaftServerConfigKeys (ConfUtils.java:logGet(46)) - raft.server.rpc.timeout.min = 5s (custom)
2024-01-14 17:00:33,762 [bc0247fb-4108-4537-bc2d-6aaa51d5d1de@group-7AE465211717-LeaderElection73] INFO  server.RaftServerConfigKeys (ConfUtils.java:logGet(46)) - raft.server.write.element-limit = 1024 (custom)
2024-01-14 17:00:33,762 [bc0247fb-4108-4537-bc2d-6aaa51d5d1de@group-7AE465211717-LeaderElection73] INFO  server.RaftServerConfigKeys (ConfUtils.java:logGet(46)) - raft.server.write.follower.gap.ratio.max = -1.0 (default)
2024-01-14 17:00:33,762 [bc0247fb-4108-4537-bc2d-6aaa51d5d1de@group-7AE465211717-LeaderElection73] INFO  server.RaftServerConfigKeys (ConfUtils.java:logGet(46)) - raft.server.log.appender.snapshot.chunk.size.max = 16MB (=16777216) (default)
2024-01-14 17:00:33,762 [bc0247fb-4108-4537-bc2d-6aaa51d5d1de@group-7AE465211717-LeaderElection73] INFO  server.RaftServerConfigKeys (ConfUtils.java:logGet(46)) - raft.server.log.appender.buffer.byte-limit = 8388608 (custom)
2024-01-14 17:00:33,762 [bc0247fb-4108-4537-bc2d-6aaa51d5d1de@group-7AE465211717-LeaderElection73] INFO  server.RaftServerConfigKeys (ConfUtils.java:logGet(46)) - raft.server.log.appender.buffer.element-limit = 1 (custom)
2024-01-14 17:00:33,762 [bc0247fb-4108-4537-bc2d-6aaa51d5d1de@group-7AE465211717-LeaderElection73] INFO  server.RaftServerConfigKeys (ConfUtils.java:logGet(46)) - raft.server.log.appender.wait-time.min = 0ms (custom)
2024-01-14 17:00:33,762 [bc0247fb-4108-4537-bc2d-6aaa51d5d1de@group-7AE465211717-LeaderElection73] INFO  grpc.GrpcConfigKeys (ConfUtils.java:logGet(46)) - raft.grpc.server.leader.outstanding.appends.max = 8 (default)
2024-01-14 17:00:33,762 [bc0247fb-4108-4537-bc2d-6aaa51d5d1de@group-7AE465211717-LeaderElection73] INFO  server.RaftServerConfigKeys (ConfUtils.java:logGet(46)) - raft.server.rpc.request.timeout = 3000ms (default)
2024-01-14 17:00:33,762 [bc0247fb-4108-4537-bc2d-6aaa51d5d1de@group-7AE465211717-LeaderElection73] INFO  grpc.GrpcConfigKeys (ConfUtils.java:logGet(46)) - raft.grpc.server.install_snapshot.request.element-limit = 8 (default)
2024-01-14 17:00:33,762 [bc0247fb-4108-4537-bc2d-6aaa51d5d1de@group-7AE465211717-LeaderElection73] INFO  grpc.GrpcConfigKeys (ConfUtils.java:logGet(46)) - raft.grpc.server.install_snapshot.request.timeout = 3000ms (default)
2024-01-14 17:00:33,763 [bc0247fb-4108-4537-bc2d-6aaa51d5d1de@group-7AE465211717-LeaderElection73] INFO  grpc.GrpcConfigKeys (ConfUtils.java:logGet(46)) - raft.grpc.server.log-message.batch.duration = 5s (default)
2024-01-14 17:00:33,763 [bc0247fb-4108-4537-bc2d-6aaa51d5d1de@group-7AE465211717-LeaderElection73] INFO  server.RaftServerConfigKeys (ConfUtils.java:logGet(46)) - raft.server.log.appender.install.snapshot.enabled = false (custom)
2024-01-14 17:00:33,763 [bc0247fb-4108-4537-bc2d-6aaa51d5d1de@group-7AE465211717-LeaderElection73] INFO  grpc.GrpcConfigKeys (ConfUtils.java:logGet(46)) - raft.grpc.server.heartbeat.channel = true (default)
2024-01-14 17:00:33,763 [bc0247fb-4108-4537-bc2d-6aaa51d5d1de@group-7AE465211717-LeaderElection73] INFO  server.RaftServerConfigKeys (ConfUtils.java:logGet(46)) - raft.server.log.appender.snapshot.chunk.size.max = 16MB (=16777216) (default)
2024-01-14 17:00:33,763 [bc0247fb-4108-4537-bc2d-6aaa51d5d1de@group-7AE465211717-LeaderElection73] INFO  server.RaftServerConfigKeys (ConfUtils.java:logGet(46)) - raft.server.log.appender.buffer.byte-limit = 8388608 (custom)
2024-01-14 17:00:33,763 [bc0247fb-4108-4537-bc2d-6aaa51d5d1de@group-7AE465211717-LeaderElection73] INFO  server.RaftServerConfigKeys (ConfUtils.java:logGet(46)) - raft.server.log.appender.buffer.element-limit = 1 (custom)
2024-01-14 17:00:33,763 [bc0247fb-4108-4537-bc2d-6aaa51d5d1de@group-7AE465211717-LeaderElection73] INFO  server.RaftServerConfigKeys (ConfUtils.java:logGet(46)) - raft.server.log.appender.wait-time.min = 0ms (custom)
2024-01-14 17:00:33,763 [bc0247fb-4108-4537-bc2d-6aaa51d5d1de@group-7AE465211717-LeaderElection73] INFO  grpc.GrpcConfigKeys (ConfUtils.java:logGet(46)) - raft.grpc.server.leader.outstanding.appends.max = 8 (default)
2024-01-14 17:00:33,763 [bc0247fb-4108-4537-bc2d-6aaa51d5d1de@group-7AE465211717-LeaderElection73] INFO  server.RaftServerConfigKeys (ConfUtils.java:logGet(46)) - raft.server.rpc.request.timeout = 3000ms (default)
2024-01-14 17:00:33,763 [bc0247fb-4108-4537-bc2d-6aaa51d5d1de@group-7AE465211717-LeaderElection73] INFO  grpc.GrpcConfigKeys (ConfUtils.java:logGet(46)) - raft.grpc.server.install_snapshot.request.element-limit = 8 (default)
2024-01-14 17:00:33,763 [bc0247fb-4108-4537-bc2d-6aaa51d5d1de@group-7AE465211717-LeaderElection73] INFO  grpc.GrpcConfigKeys (ConfUtils.java:logGet(46)) - raft.grpc.server.install_snapshot.request.timeout = 3000ms (default)
2024-01-14 17:00:33,763 [bc0247fb-4108-4537-bc2d-6aaa51d5d1de@group-7AE465211717-LeaderElection73] INFO  grpc.GrpcConfigKeys (ConfUtils.java:logGet(46)) - raft.grpc.server.log-message.batch.duration = 5s (default)
2024-01-14 17:00:33,763 [bc0247fb-4108-4537-bc2d-6aaa51d5d1de@group-7AE465211717-LeaderElection73] INFO  server.RaftServerConfigKeys (ConfUtils.java:logGet(46)) - raft.server.log.appender.install.snapshot.enabled = false (custom)
2024-01-14 17:00:33,763 [bc0247fb-4108-4537-bc2d-6aaa51d5d1de@group-7AE465211717-LeaderElection73] INFO  grpc.GrpcConfigKeys (ConfUtils.java:logGet(46)) - raft.grpc.server.heartbeat.channel = true (default)
2024-01-14 17:00:33,764 [bc0247fb-4108-4537-bc2d-6aaa51d5d1de@group-7AE465211717-LeaderElection73] INFO  impl.RoleInfo (RoleInfo.java:updateAndGet(139)) - bc0247fb-4108-4537-bc2d-6aaa51d5d1de: start bc0247fb-4108-4537-bc2d-6aaa51d5d1de@group-7AE465211717-LeaderStateImpl
2024-01-14 17:00:33,764 [bc0247fb-4108-4537-bc2d-6aaa51d5d1de@group-7AE465211717-LeaderElection73] INFO  server.RaftServer$Division (RaftServerImpl.java:setFirstElection(574)) - bc0247fb-4108-4537-bc2d-6aaa51d5d1de@group-7AE465211717: set firstElectionSinceStartup to false for becomeLeader
2024-01-14 17:00:33,764 [bc0247fb-4108-4537-bc2d-6aaa51d5d1de@group-7AE465211717-LeaderElection73] INFO  ratis.XceiverServerRatis (XceiverServerRatis.java:handleLeaderChangedNotification(945)) - Leader change notification received for group: group-7AE465211717 with new leaderId: bc0247fb-4108-4537-bc2d-6aaa51d5d1de
2024-01-14 17:00:33,764 [bc0247fb-4108-4537-bc2d-6aaa51d5d1de@group-7AE465211717-LeaderElection73] INFO  server.RaftServer$Division (ServerState.java:setLeader(269)) - bc0247fb-4108-4537-bc2d-6aaa51d5d1de@group-7AE465211717: change Leader from null to bc0247fb-4108-4537-bc2d-6aaa51d5d1de at term 1 for becomeLeader, leader elected after 5269ms
2024-01-14 17:00:33,764 [bc0247fb-4108-4537-bc2d-6aaa51d5d1de@group-7AE465211717-LeaderElection73] INFO  segmented.SegmentedRaftLogWorker (SegmentedRaftLogWorker.java:startLogSegment(430)) - bc0247fb-4108-4537-bc2d-6aaa51d5d1de@group-7AE465211717-SegmentedRaftLogWorker: Starting segment from index:0
2024-01-14 17:00:33,765 [bc0247fb-4108-4537-bc2d-6aaa51d5d1de@group-7AE465211717-LeaderElection73] INFO  server.RaftServer$Division (ServerState.java:setRaftConf(386)) - bc0247fb-4108-4537-bc2d-6aaa51d5d1de@group-7AE465211717: set configuration 0: peers:[f2927880-1f10-4686-b93c-5db3b548581d|10.1.0.34:15397, cccf6745-afeb-413c-bfb5-a8d67b6b623b|10.1.0.34:15406, bc0247fb-4108-4537-bc2d-6aaa51d5d1de|10.1.0.34:15415]|listeners:[], old=null
2024-01-14 17:00:33,766 [bc0247fb-4108-4537-bc2d-6aaa51d5d1de@group-7AE465211717-SegmentedRaftLogWorker] INFO  segmented.BufferedWriteChannel (BufferedWriteChannel.java:open(62)) - open log_inprogress_0 at position 0
2024-01-14 17:00:33,766 [EventQueue-PipelineReportForPipelineReportHandler] INFO  pipeline.PipelineReportHandler (PipelineReportHandler.java:processPipelineReport(136)) - Opened pipeline PipelineID=51a8a496-3ab8-4fe4-938f-7ae465211717
2024-01-14 17:00:33,771 [f2927880-1f10-4686-b93c-5db3b548581d-server-thread1] INFO  ratis.XceiverServerRatis (XceiverServerRatis.java:handleLeaderChangedNotification(945)) - Leader change notification received for group: group-7AE465211717 with new leaderId: bc0247fb-4108-4537-bc2d-6aaa51d5d1de
2024-01-14 17:00:33,771 [f2927880-1f10-4686-b93c-5db3b548581d-server-thread1] INFO  server.RaftServer$Division (ServerState.java:setLeader(269)) - f2927880-1f10-4686-b93c-5db3b548581d@group-7AE465211717: change Leader from null to bc0247fb-4108-4537-bc2d-6aaa51d5d1de at term 1 for appendEntries, leader elected after 5314ms
2024-01-14 17:00:33,773 [f2927880-1f10-4686-b93c-5db3b548581d-server-thread1] INFO  server.RaftServer$Division (ServerState.java:setRaftConf(386)) - f2927880-1f10-4686-b93c-5db3b548581d@group-7AE465211717: set configuration 0: peers:[f2927880-1f10-4686-b93c-5db3b548581d|10.1.0.34:15397, cccf6745-afeb-413c-bfb5-a8d67b6b623b|10.1.0.34:15406, bc0247fb-4108-4537-bc2d-6aaa51d5d1de|10.1.0.34:15415]|listeners:[], old=null
2024-01-14 17:00:33,773 [cccf6745-afeb-413c-bfb5-a8d67b6b623b-server-thread1] INFO  ratis.XceiverServerRatis (XceiverServerRatis.java:handleLeaderChangedNotification(945)) - Leader change notification received for group: group-7AE465211717 with new leaderId: bc0247fb-4108-4537-bc2d-6aaa51d5d1de
2024-01-14 17:00:33,773 [f2927880-1f10-4686-b93c-5db3b548581d-server-thread1] INFO  segmented.SegmentedRaftLogWorker (SegmentedRaftLogWorker.java:startLogSegment(430)) - f2927880-1f10-4686-b93c-5db3b548581d@group-7AE465211717-SegmentedRaftLogWorker: Starting segment from index:0
2024-01-14 17:00:33,773 [cccf6745-afeb-413c-bfb5-a8d67b6b623b-server-thread1] INFO  server.RaftServer$Division (ServerState.java:setLeader(269)) - cccf6745-afeb-413c-bfb5-a8d67b6b623b@group-7AE465211717: change Leader from null to bc0247fb-4108-4537-bc2d-6aaa51d5d1de at term 1 for appendEntries, leader elected after 5298ms
2024-01-14 17:00:33,774 [f2927880-1f10-4686-b93c-5db3b548581d@group-7AE465211717-SegmentedRaftLogWorker] INFO  segmented.BufferedWriteChannel (BufferedWriteChannel.java:open(62)) - open log_inprogress_0 at position 0
2024-01-14 17:00:33,775 [bc0247fb-4108-4537-bc2d-6aaa51d5d1de@group-7AE465211717-SegmentedRaftLogWorker] INFO  segmented.SegmentedRaftLogWorker (SegmentedRaftLogWorker.java:execute(634)) - bc0247fb-4108-4537-bc2d-6aaa51d5d1de@group-7AE465211717-SegmentedRaftLogWorker: created new log segment /home/runner/work/ozone/ozone/hadoop-ozone/integration-test/target/test-dir/MiniOzoneClusterImpl-55f63948-b302-44a8-9a44-732f3ddcab57/datanode-5/data/ratis/51a8a496-3ab8-4fe4-938f-7ae465211717/current/log_inprogress_0
2024-01-14 17:00:33,775 [cccf6745-afeb-413c-bfb5-a8d67b6b623b-server-thread2] INFO  server.RaftServer$Division (ServerState.java:setRaftConf(386)) - cccf6745-afeb-413c-bfb5-a8d67b6b623b@group-7AE465211717: set configuration 0: peers:[f2927880-1f10-4686-b93c-5db3b548581d|10.1.0.34:15397, cccf6745-afeb-413c-bfb5-a8d67b6b623b|10.1.0.34:15406, bc0247fb-4108-4537-bc2d-6aaa51d5d1de|10.1.0.34:15415]|listeners:[], old=null
2024-01-14 17:00:33,775 [cccf6745-afeb-413c-bfb5-a8d67b6b623b-server-thread2] INFO  segmented.SegmentedRaftLogWorker (SegmentedRaftLogWorker.java:startLogSegment(430)) - cccf6745-afeb-413c-bfb5-a8d67b6b623b@group-7AE465211717-SegmentedRaftLogWorker: Starting segment from index:0
2024-01-14 17:00:33,775 [cccf6745-afeb-413c-bfb5-a8d67b6b623b@group-7AE465211717-SegmentedRaftLogWorker] INFO  segmented.BufferedWriteChannel (BufferedWriteChannel.java:open(62)) - open log_inprogress_0 at position 0
2024-01-14 17:00:33,786 [01ac3795-95be-4125-9c80-d1d2d581a769@group-9AEBABF676F3-FollowerState] INFO  impl.FollowerState (FollowerState.java:run(143)) - 01ac3795-95be-4125-9c80-d1d2d581a769@group-9AEBABF676F3-FollowerState: change to CANDIDATE, lastRpcElapsedTime:5057183262ns, electionTimeout:5056ms
2024-01-14 17:00:33,786 [f2927880-1f10-4686-b93c-5db3b548581d@group-7AE465211717-SegmentedRaftLogWorker] INFO  segmented.SegmentedRaftLogWorker (SegmentedRaftLogWorker.java:execute(634)) - f2927880-1f10-4686-b93c-5db3b548581d@group-7AE465211717-SegmentedRaftLogWorker: created new log segment /home/runner/work/ozone/ozone/hadoop-ozone/integration-test/target/test-dir/MiniOzoneClusterImpl-55f63948-b302-44a8-9a44-732f3ddcab57/datanode-3/data/ratis/51a8a496-3ab8-4fe4-938f-7ae465211717/current/log_inprogress_0
2024-01-14 17:00:33,786 [01ac3795-95be-4125-9c80-d1d2d581a769@group-9AEBABF676F3-FollowerState] INFO  impl.RoleInfo (RoleInfo.java:shutdownFollowerState(110)) - 01ac3795-95be-4125-9c80-d1d2d581a769: shutdown 01ac3795-95be-4125-9c80-d1d2d581a769@group-9AEBABF676F3-FollowerState
2024-01-14 17:00:33,786 [01ac3795-95be-4125-9c80-d1d2d581a769@group-9AEBABF676F3-FollowerState] INFO  server.RaftServer$Division (RaftServerImpl.java:setRole(383)) - 01ac3795-95be-4125-9c80-d1d2d581a769@group-9AEBABF676F3: changes role from  FOLLOWER to CANDIDATE at term 0 for changeToCandidate
2024-01-14 17:00:33,786 [01ac3795-95be-4125-9c80-d1d2d581a769@group-9AEBABF676F3-FollowerState] INFO  server.RaftServerConfigKeys (ConfUtils.java:logGet(46)) - raft.server.leaderelection.pre-vote = true (default)
2024-01-14 17:00:33,786 [01ac3795-95be-4125-9c80-d1d2d581a769@group-9AEBABF676F3-FollowerState] INFO  impl.RoleInfo (RoleInfo.java:updateAndGet(139)) - 01ac3795-95be-4125-9c80-d1d2d581a769: start 01ac3795-95be-4125-9c80-d1d2d581a769@group-9AEBABF676F3-LeaderElection74
2024-01-14 17:00:33,786 [cccf6745-afeb-413c-bfb5-a8d67b6b623b@group-7AE465211717-SegmentedRaftLogWorker] INFO  segmented.SegmentedRaftLogWorker (SegmentedRaftLogWorker.java:execute(634)) - cccf6745-afeb-413c-bfb5-a8d67b6b623b@group-7AE465211717-SegmentedRaftLogWorker: created new log segment /home/runner/work/ozone/ozone/hadoop-ozone/integration-test/target/test-dir/MiniOzoneClusterImpl-55f63948-b302-44a8-9a44-732f3ddcab57/datanode-4/data/ratis/51a8a496-3ab8-4fe4-938f-7ae465211717/current/log_inprogress_0
2024-01-14 17:00:33,794 [01ac3795-95be-4125-9c80-d1d2d581a769@group-9AEBABF676F3-LeaderElection74] INFO  impl.LeaderElection (LeaderElection.java:askForVotes(321)) - 01ac3795-95be-4125-9c80-d1d2d581a769@group-9AEBABF676F3-LeaderElection74 PRE_VOTE round 0: submit vote requests at term 0 for -1: peers:[31061ca7-84d9-4b7e-bdb5-51e4d8805ce5|10.1.0.34:15433, 01ac3795-95be-4125-9c80-d1d2d581a769|10.1.0.34:15424, fdbfaedf-7027-42ee-aaca-8580b78dbea6|10.1.0.34:15442]|listeners:[], old=null
2024-01-14 17:00:33,795 [01ac3795-95be-4125-9c80-d1d2d581a769@group-9AEBABF676F3-LeaderElection74-1] INFO  server.GrpcServerProtocolClient (GrpcServerProtocolClient.java:<init>(65)) - Build channel for 31061ca7-84d9-4b7e-bdb5-51e4d8805ce5|10.1.0.34:15433
2024-01-14 17:00:33,795 [01ac3795-95be-4125-9c80-d1d2d581a769@group-9AEBABF676F3-LeaderElection74] INFO  server.RaftServerConfigKeys (ConfUtils.java:logFallback(53)) - raft.server.rpc.first-election.timeout.min = 5s (fallback to raft.server.rpc.timeout.min)
2024-01-14 17:00:33,795 [01ac3795-95be-4125-9c80-d1d2d581a769@group-9AEBABF676F3-LeaderElection74] INFO  server.RaftServerConfigKeys (ConfUtils.java:logFallback(53)) - raft.server.rpc.first-election.timeout.max = 5200ms (fallback to raft.server.rpc.timeout.max)
2024-01-14 17:00:33,796 [01ac3795-95be-4125-9c80-d1d2d581a769@group-9AEBABF676F3-LeaderElection74-2] INFO  server.GrpcServerProtocolClient (GrpcServerProtocolClient.java:<init>(65)) - Build channel for fdbfaedf-7027-42ee-aaca-8580b78dbea6|10.1.0.34:15442
2024-01-14 17:00:33,797 [bc0247fb-4108-4537-bc2d-6aaa51d5d1de@group-7AE465211717-StateMachineUpdater] INFO  server.RaftServer$Division (LeaderStateImpl.java:isApplied(320)) - leader is ready since appliedIndex == 0 >= startIndex == 0
2024-01-14 17:00:33,800 [grpc-default-executor-3] INFO  server.RaftServer$Division (RaftServerImpl.java:requestVote(1389)) - 31061ca7-84d9-4b7e-bdb5-51e4d8805ce5@group-9AEBABF676F3: receive requestVote(PRE_VOTE, 01ac3795-95be-4125-9c80-d1d2d581a769, group-9AEBABF676F3, 0, (t:0, i:0))
2024-01-14 17:00:33,800 [grpc-default-executor-3] INFO  impl.VoteContext (VoteContext.java:log(49)) - 31061ca7-84d9-4b7e-bdb5-51e4d8805ce5@group-9AEBABF676F3-FOLLOWER: reject PRE_VOTE from 01ac3795-95be-4125-9c80-d1d2d581a769: our priority 1 > candidate's priority 0
2024-01-14 17:00:33,800 [grpc-default-executor-3] INFO  server.RaftServer$Division (RaftServerImpl.java:requestVote(1422)) - 31061ca7-84d9-4b7e-bdb5-51e4d8805ce5@group-9AEBABF676F3 replies to PRE_VOTE vote request: 01ac3795-95be-4125-9c80-d1d2d581a769<-31061ca7-84d9-4b7e-bdb5-51e4d8805ce5#0:FAIL-t0. Peer's state: 31061ca7-84d9-4b7e-bdb5-51e4d8805ce5@group-9AEBABF676F3:t0, leader=null, voted=, raftlog=Memoized:31061ca7-84d9-4b7e-bdb5-51e4d8805ce5@group-9AEBABF676F3-SegmentedRaftLog:OPENED:c-1, conf=-1: peers:[31061ca7-84d9-4b7e-bdb5-51e4d8805ce5|10.1.0.34:15433, 01ac3795-95be-4125-9c80-d1d2d581a769|10.1.0.34:15424, fdbfaedf-7027-42ee-aaca-8580b78dbea6|10.1.0.34:15442]|listeners:[], old=null
2024-01-14 17:00:33,801 [01ac3795-95be-4125-9c80-d1d2d581a769@group-9AEBABF676F3-LeaderElection74] INFO  impl.LeaderElection (LeaderElection.java:logAndReturn(89)) - 01ac3795-95be-4125-9c80-d1d2d581a769@group-9AEBABF676F3-LeaderElection74: PRE_VOTE REJECTED received 1 response(s) and 0 exception(s):
2024-01-14 17:00:33,801 [01ac3795-95be-4125-9c80-d1d2d581a769@group-9AEBABF676F3-LeaderElection74] INFO  impl.LeaderElection (LeaderElection.java:logAndReturn(93)) -   Response 0: 01ac3795-95be-4125-9c80-d1d2d581a769<-31061ca7-84d9-4b7e-bdb5-51e4d8805ce5#0:FAIL-t0
2024-01-14 17:00:33,801 [01ac3795-95be-4125-9c80-d1d2d581a769@group-9AEBABF676F3-LeaderElection74] INFO  impl.LeaderElection (LeaderElection.java:askForVotes(323)) - 01ac3795-95be-4125-9c80-d1d2d581a769@group-9AEBABF676F3-LeaderElection74 PRE_VOTE round 0: result REJECTED
2024-01-14 17:00:33,801 [01ac3795-95be-4125-9c80-d1d2d581a769@group-9AEBABF676F3-LeaderElection74] INFO  server.RaftServer$Division (RaftServerImpl.java:setRole(383)) - 01ac3795-95be-4125-9c80-d1d2d581a769@group-9AEBABF676F3: changes role from CANDIDATE to FOLLOWER at term 0 for REJECTED
2024-01-14 17:00:33,802 [01ac3795-95be-4125-9c80-d1d2d581a769@group-9AEBABF676F3-LeaderElection74] INFO  impl.RoleInfo (RoleInfo.java:shutdownLeaderElection(130)) - 01ac3795-95be-4125-9c80-d1d2d581a769: shutdown 01ac3795-95be-4125-9c80-d1d2d581a769@group-9AEBABF676F3-LeaderElection74
2024-01-14 17:00:33,802 [01ac3795-95be-4125-9c80-d1d2d581a769@group-9AEBABF676F3-LeaderElection74] INFO  impl.RoleInfo (RoleInfo.java:updateAndGet(139)) - 01ac3795-95be-4125-9c80-d1d2d581a769: start 01ac3795-95be-4125-9c80-d1d2d581a769@group-9AEBABF676F3-FollowerState
2024-01-14 17:00:33,802 [01ac3795-95be-4125-9c80-d1d2d581a769@group-9AEBABF676F3-LeaderElection74] INFO  server.RaftServer$Division (RaftServerImpl.java:setFirstElection(574)) - 01ac3795-95be-4125-9c80-d1d2d581a769@group-9AEBABF676F3: set firstElectionSinceStartup to false for REJECTED
2024-01-14 17:00:33,805 [grpc-default-executor-3] INFO  server.RaftServer$Division (RaftServerImpl.java:requestVote(1389)) - fdbfaedf-7027-42ee-aaca-8580b78dbea6@group-9AEBABF676F3: receive requestVote(PRE_VOTE, 01ac3795-95be-4125-9c80-d1d2d581a769, group-9AEBABF676F3, 0, (t:0, i:0))
2024-01-14 17:00:33,805 [grpc-default-executor-3] INFO  impl.VoteContext (VoteContext.java:log(49)) - fdbfaedf-7027-42ee-aaca-8580b78dbea6@group-9AEBABF676F3-FOLLOWER: accept PRE_VOTE from 01ac3795-95be-4125-9c80-d1d2d581a769: our priority 0 <= candidate's priority 0
2024-01-14 17:00:33,805 [grpc-default-executor-3] INFO  server.RaftServer$Division (RaftServerImpl.java:requestVote(1422)) - fdbfaedf-7027-42ee-aaca-8580b78dbea6@group-9AEBABF676F3 replies to PRE_VOTE vote request: 01ac3795-95be-4125-9c80-d1d2d581a769<-fdbfaedf-7027-42ee-aaca-8580b78dbea6#0:OK-t0. Peer's state: fdbfaedf-7027-42ee-aaca-8580b78dbea6@group-9AEBABF676F3:t0, leader=null, voted=, raftlog=Memoized:fdbfaedf-7027-42ee-aaca-8580b78dbea6@group-9AEBABF676F3-SegmentedRaftLog:OPENED:c-1, conf=-1: peers:[31061ca7-84d9-4b7e-bdb5-51e4d8805ce5|10.1.0.34:15433, 01ac3795-95be-4125-9c80-d1d2d581a769|10.1.0.34:15424, fdbfaedf-7027-42ee-aaca-8580b78dbea6|10.1.0.34:15442]|listeners:[], old=null
2024-01-14 17:00:33,817 [31061ca7-84d9-4b7e-bdb5-51e4d8805ce5@group-0BD0801A3AFE-FollowerState] INFO  impl.FollowerState (FollowerState.java:run(143)) - 31061ca7-84d9-4b7e-bdb5-51e4d8805ce5@group-0BD0801A3AFE-FollowerState: change to CANDIDATE, lastRpcElapsedTime:5015113928ns, electionTimeout:5014ms
2024-01-14 17:00:33,817 [31061ca7-84d9-4b7e-bdb5-51e4d8805ce5@group-0BD0801A3AFE-FollowerState] INFO  impl.RoleInfo (RoleInfo.java:shutdownFollowerState(110)) - 31061ca7-84d9-4b7e-bdb5-51e4d8805ce5: shutdown 31061ca7-84d9-4b7e-bdb5-51e4d8805ce5@group-0BD0801A3AFE-FollowerState
2024-01-14 17:00:33,817 [31061ca7-84d9-4b7e-bdb5-51e4d8805ce5@group-0BD0801A3AFE-FollowerState] INFO  server.RaftServer$Division (RaftServerImpl.java:setRole(383)) - 31061ca7-84d9-4b7e-bdb5-51e4d8805ce5@group-0BD0801A3AFE: changes role from  FOLLOWER to CANDIDATE at term 0 for changeToCandidate
2024-01-14 17:00:33,817 [31061ca7-84d9-4b7e-bdb5-51e4d8805ce5@group-0BD0801A3AFE-FollowerState] INFO  server.RaftServerConfigKeys (ConfUtils.java:logGet(46)) - raft.server.leaderelection.pre-vote = true (default)
2024-01-14 17:00:33,817 [31061ca7-84d9-4b7e-bdb5-51e4d8805ce5@group-0BD0801A3AFE-FollowerState] INFO  impl.RoleInfo (RoleInfo.java:updateAndGet(139)) - 31061ca7-84d9-4b7e-bdb5-51e4d8805ce5: start 31061ca7-84d9-4b7e-bdb5-51e4d8805ce5@group-0BD0801A3AFE-LeaderElection75
2024-01-14 17:00:33,818 [31061ca7-84d9-4b7e-bdb5-51e4d8805ce5@group-0BD0801A3AFE-LeaderElection75] INFO  impl.LeaderElection (LeaderElection.java:askForVotes(321)) - 31061ca7-84d9-4b7e-bdb5-51e4d8805ce5@group-0BD0801A3AFE-LeaderElection75 PRE_VOTE round 0: submit vote requests at term 0 for -1: peers:[31061ca7-84d9-4b7e-bdb5-51e4d8805ce5|10.1.0.34:15433]|listeners:[], old=null
2024-01-14 17:00:33,818 [31061ca7-84d9-4b7e-bdb5-51e4d8805ce5@group-0BD0801A3AFE-LeaderElection75] INFO  impl.LeaderElection (LeaderElection.java:askForVotes(323)) - 31061ca7-84d9-4b7e-bdb5-51e4d8805ce5@group-0BD0801A3AFE-LeaderElection75 PRE_VOTE round 0: result PASSED (term=0)
2024-01-14 17:00:33,819 [31061ca7-84d9-4b7e-bdb5-51e4d8805ce5@group-0BD0801A3AFE-LeaderElection75] INFO  impl.LeaderElection (LeaderElection.java:askForVotes(321)) - 31061ca7-84d9-4b7e-bdb5-51e4d8805ce5@group-0BD0801A3AFE-LeaderElection75 ELECTION round 0: submit vote requests at term 1 for -1: peers:[31061ca7-84d9-4b7e-bdb5-51e4d8805ce5|10.1.0.34:15433]|listeners:[], old=null
2024-01-14 17:00:33,819 [31061ca7-84d9-4b7e-bdb5-51e4d8805ce5@group-0BD0801A3AFE-LeaderElection75] INFO  impl.LeaderElection (LeaderElection.java:askForVotes(323)) - 31061ca7-84d9-4b7e-bdb5-51e4d8805ce5@group-0BD0801A3AFE-LeaderElection75 ELECTION round 0: result PASSED (term=1)
2024-01-14 17:00:33,819 [31061ca7-84d9-4b7e-bdb5-51e4d8805ce5@group-0BD0801A3AFE-LeaderElection75] INFO  impl.RoleInfo (RoleInfo.java:shutdownLeaderElection(130)) - 31061ca7-84d9-4b7e-bdb5-51e4d8805ce5: shutdown 31061ca7-84d9-4b7e-bdb5-51e4d8805ce5@group-0BD0801A3AFE-LeaderElection75
2024-01-14 17:00:33,819 [31061ca7-84d9-4b7e-bdb5-51e4d8805ce5@group-0BD0801A3AFE-LeaderElection75] INFO  server.RaftServer$Division (RaftServerImpl.java:setRole(383)) - 31061ca7-84d9-4b7e-bdb5-51e4d8805ce5@group-0BD0801A3AFE: changes role from CANDIDATE to LEADER at term 1 for changeToLeader
2024-01-14 17:00:33,819 [31061ca7-84d9-4b7e-bdb5-51e4d8805ce5@group-0BD0801A3AFE-LeaderElection75] INFO  server.RaftServerConfigKeys (ConfUtils.java:logGet(46)) - raft.server.staging.catchup.gap = 1000 (default)
2024-01-14 17:00:33,819 [31061ca7-84d9-4b7e-bdb5-51e4d8805ce5@group-0BD0801A3AFE-LeaderElection75] INFO  server.RaftServerConfigKeys (ConfUtils.java:logGet(46)) - raft.server.write.element-limit = 1024 (custom)
2024-01-14 17:00:33,819 [31061ca7-84d9-4b7e-bdb5-51e4d8805ce5@group-0BD0801A3AFE-LeaderElection75] INFO  server.RaftServerConfigKeys (ConfUtils.java:logGet(46)) - raft.server.write.byte-limit = 1024 M (=1073741824) (custom)
2024-01-14 17:00:33,819 [31061ca7-84d9-4b7e-bdb5-51e4d8805ce5@group-0BD0801A3AFE-LeaderElection75] INFO  server.RaftServerConfigKeys (ConfUtils.java:logGet(46)) - raft.server.watch.timeout = 3000ms (custom)
2024-01-14 17:00:33,819 [31061ca7-84d9-4b7e-bdb5-51e4d8805ce5@group-0BD0801A3AFE-LeaderElection75] INFO  server.RaftServerConfigKeys (ConfUtils.java:logGet(46)) - raft.server.watch.timeout.denomination = 1s (default)
2024-01-14 17:00:33,819 [31061ca7-84d9-4b7e-bdb5-51e4d8805ce5@group-0BD0801A3AFE-LeaderElection75] INFO  server.RaftServerConfigKeys (ConfUtils.java:logGet(46)) - raft.server.watch.element-limit = 65536 (default)
2024-01-14 17:00:33,819 [31061ca7-84d9-4b7e-bdb5-51e4d8805ce5@group-0BD0801A3AFE-LeaderElection75] INFO  server.RaftServerConfigKeys (ConfUtils.java:logGet(46)) - raft.server.read.leader.lease.enabled = false (default)
2024-01-14 17:00:33,819 [31061ca7-84d9-4b7e-bdb5-51e4d8805ce5@group-0BD0801A3AFE-LeaderElection75] INFO  server.RaftServerConfigKeys (ConfUtils.java:logGet(46)) - raft.server.read.leader.lease.timeout.ratio = 0.9 (default)
2024-01-14 17:00:33,819 [31061ca7-84d9-4b7e-bdb5-51e4d8805ce5@group-0BD0801A3AFE-LeaderElection75] INFO  server.RaftServerConfigKeys (ConfUtils.java:logGet(46)) - raft.server.rpc.timeout.min = 5s (custom)
2024-01-14 17:00:33,819 [31061ca7-84d9-4b7e-bdb5-51e4d8805ce5@group-0BD0801A3AFE-LeaderElection75] INFO  server.RaftServerConfigKeys (ConfUtils.java:logGet(46)) - raft.server.write.element-limit = 1024 (custom)
2024-01-14 17:00:33,819 [31061ca7-84d9-4b7e-bdb5-51e4d8805ce5@group-0BD0801A3AFE-LeaderElection75] INFO  server.RaftServerConfigKeys (ConfUtils.java:logGet(46)) - raft.server.write.follower.gap.ratio.max = -1.0 (default)
2024-01-14 17:00:33,819 [31061ca7-84d9-4b7e-bdb5-51e4d8805ce5@group-0BD0801A3AFE-LeaderElection75] INFO  impl.RoleInfo (RoleInfo.java:updateAndGet(139)) - 31061ca7-84d9-4b7e-bdb5-51e4d8805ce5: start 31061ca7-84d9-4b7e-bdb5-51e4d8805ce5@group-0BD0801A3AFE-LeaderStateImpl
2024-01-14 17:00:33,819 [31061ca7-84d9-4b7e-bdb5-51e4d8805ce5@group-0BD0801A3AFE-LeaderElection75] INFO  server.RaftServer$Division (RaftServerImpl.java:setFirstElection(574)) - 31061ca7-84d9-4b7e-bdb5-51e4d8805ce5@group-0BD0801A3AFE: set firstElectionSinceStartup to false for becomeLeader
2024-01-14 17:00:33,819 [31061ca7-84d9-4b7e-bdb5-51e4d8805ce5@group-0BD0801A3AFE-LeaderElection75] INFO  ratis.XceiverServerRatis (XceiverServerRatis.java:handleLeaderChangedNotification(945)) - Leader change notification received for group: group-0BD0801A3AFE with new leaderId: 31061ca7-84d9-4b7e-bdb5-51e4d8805ce5
2024-01-14 17:00:33,820 [31061ca7-84d9-4b7e-bdb5-51e4d8805ce5@group-0BD0801A3AFE-LeaderElection75] INFO  server.RaftServer$Division (ServerState.java:setLeader(269)) - 31061ca7-84d9-4b7e-bdb5-51e4d8805ce5@group-0BD0801A3AFE: change Leader from null to 31061ca7-84d9-4b7e-bdb5-51e4d8805ce5 at term 1 for becomeLeader, leader elected after 5028ms
2024-01-14 17:00:33,820 [31061ca7-84d9-4b7e-bdb5-51e4d8805ce5@group-0BD0801A3AFE-LeaderElection75] INFO  segmented.SegmentedRaftLogWorker (SegmentedRaftLogWorker.java:startLogSegment(430)) - 31061ca7-84d9-4b7e-bdb5-51e4d8805ce5@group-0BD0801A3AFE-SegmentedRaftLogWorker: Starting segment from index:0
2024-01-14 17:00:33,821 [31061ca7-84d9-4b7e-bdb5-51e4d8805ce5@group-0BD0801A3AFE-LeaderElection75] INFO  server.RaftServer$Division (ServerState.java:setRaftConf(386)) - 31061ca7-84d9-4b7e-bdb5-51e4d8805ce5@group-0BD0801A3AFE: set configuration 0: peers:[31061ca7-84d9-4b7e-bdb5-51e4d8805ce5|10.1.0.34:15433]|listeners:[], old=null
2024-01-14 17:00:33,821 [31061ca7-84d9-4b7e-bdb5-51e4d8805ce5@group-0BD0801A3AFE-SegmentedRaftLogWorker] INFO  segmented.BufferedWriteChannel (BufferedWriteChannel.java:open(62)) - open log_inprogress_0 at position 0
2024-01-14 17:00:33,827 [31061ca7-84d9-4b7e-bdb5-51e4d8805ce5@group-0BD0801A3AFE-SegmentedRaftLogWorker] INFO  segmented.SegmentedRaftLogWorker (SegmentedRaftLogWorker.java:execute(634)) - 31061ca7-84d9-4b7e-bdb5-51e4d8805ce5@group-0BD0801A3AFE-SegmentedRaftLogWorker: created new log segment /home/runner/work/ozone/ozone/hadoop-ozone/integration-test/target/test-dir/MiniOzoneClusterImpl-55f63948-b302-44a8-9a44-732f3ddcab57/datanode-7/data/ratis/d8c19b7e-91bf-43c9-a94f-0bd0801a3afe/current/log_inprogress_0
2024-01-14 17:00:33,828 [31061ca7-84d9-4b7e-bdb5-51e4d8805ce5@group-0BD0801A3AFE-StateMachineUpdater] INFO  server.RaftServer$Division (LeaderStateImpl.java:isApplied(320)) - leader is ready since appliedIndex == 0 >= startIndex == 0
2024-01-14 17:00:33,852 [fdbfaedf-7027-42ee-aaca-8580b78dbea6@group-9AEBABF676F3-FollowerState] INFO  server.RaftServerConfigKeys (ConfUtils.java:logFallback(53)) - raft.server.rpc.first-election.timeout.min = 5s (fallback to raft.server.rpc.timeout.min)
2024-01-14 17:00:33,852 [fdbfaedf-7027-42ee-aaca-8580b78dbea6@group-9AEBABF676F3-FollowerState] INFO  server.RaftServerConfigKeys (ConfUtils.java:logFallback(53)) - raft.server.rpc.first-election.timeout.max = 5200ms (fallback to raft.server.rpc.timeout.max)
2024-01-14 17:00:33,869 [01ac3795-95be-4125-9c80-d1d2d581a769@group-6A4183A07BF3-FollowerState] INFO  impl.FollowerState (FollowerState.java:run(143)) - 01ac3795-95be-4125-9c80-d1d2d581a769@group-6A4183A07BF3-FollowerState: change to CANDIDATE, lastRpcElapsedTime:5152404533ns, electionTimeout:5152ms
2024-01-14 17:00:33,869 [01ac3795-95be-4125-9c80-d1d2d581a769@group-6A4183A07BF3-FollowerState] INFO  impl.RoleInfo (RoleInfo.java:shutdownFollowerState(110)) - 01ac3795-95be-4125-9c80-d1d2d581a769: shutdown 01ac3795-95be-4125-9c80-d1d2d581a769@group-6A4183A07BF3-FollowerState
2024-01-14 17:00:33,869 [01ac3795-95be-4125-9c80-d1d2d581a769@group-6A4183A07BF3-FollowerState] INFO  server.RaftServer$Division (RaftServerImpl.java:setRole(383)) - 01ac3795-95be-4125-9c80-d1d2d581a769@group-6A4183A07BF3: changes role from  FOLLOWER to CANDIDATE at term 0 for changeToCandidate
2024-01-14 17:00:33,869 [01ac3795-95be-4125-9c80-d1d2d581a769@group-6A4183A07BF3-FollowerState] INFO  server.RaftServerConfigKeys (ConfUtils.java:logGet(46)) - raft.server.leaderelection.pre-vote = true (default)
2024-01-14 17:00:33,869 [01ac3795-95be-4125-9c80-d1d2d581a769@group-6A4183A07BF3-FollowerState] INFO  impl.RoleInfo (RoleInfo.java:updateAndGet(139)) - 01ac3795-95be-4125-9c80-d1d2d581a769: start 01ac3795-95be-4125-9c80-d1d2d581a769@group-6A4183A07BF3-LeaderElection76
2024-01-14 17:00:33,871 [01ac3795-95be-4125-9c80-d1d2d581a769@group-6A4183A07BF3-LeaderElection76] INFO  impl.LeaderElection (LeaderElection.java:askForVotes(321)) - 01ac3795-95be-4125-9c80-d1d2d581a769@group-6A4183A07BF3-LeaderElection76 PRE_VOTE round 0: submit vote requests at term 0 for -1: peers:[01ac3795-95be-4125-9c80-d1d2d581a769|10.1.0.34:15424]|listeners:[], old=null
2024-01-14 17:00:33,871 [01ac3795-95be-4125-9c80-d1d2d581a769@group-6A4183A07BF3-LeaderElection76] INFO  impl.LeaderElection (LeaderElection.java:askForVotes(323)) - 01ac3795-95be-4125-9c80-d1d2d581a769@group-6A4183A07BF3-LeaderElection76 PRE_VOTE round 0: result PASSED (term=0)
2024-01-14 17:00:33,872 [01ac3795-95be-4125-9c80-d1d2d581a769@group-6A4183A07BF3-LeaderElection76] INFO  impl.LeaderElection (LeaderElection.java:askForVotes(321)) - 01ac3795-95be-4125-9c80-d1d2d581a769@group-6A4183A07BF3-LeaderElection76 ELECTION round 0: submit vote requests at term 1 for -1: peers:[01ac3795-95be-4125-9c80-d1d2d581a769|10.1.0.34:15424]|listeners:[], old=null
2024-01-14 17:00:33,872 [01ac3795-95be-4125-9c80-d1d2d581a769@group-6A4183A07BF3-LeaderElection76] INFO  impl.LeaderElection (LeaderElection.java:askForVotes(323)) - 01ac3795-95be-4125-9c80-d1d2d581a769@group-6A4183A07BF3-LeaderElection76 ELECTION round 0: result PASSED (term=1)
2024-01-14 17:00:33,872 [01ac3795-95be-4125-9c80-d1d2d581a769@group-6A4183A07BF3-LeaderElection76] INFO  impl.RoleInfo (RoleInfo.java:shutdownLeaderElection(130)) - 01ac3795-95be-4125-9c80-d1d2d581a769: shutdown 01ac3795-95be-4125-9c80-d1d2d581a769@group-6A4183A07BF3-LeaderElection76
2024-01-14 17:00:33,872 [01ac3795-95be-4125-9c80-d1d2d581a769@group-6A4183A07BF3-LeaderElection76] INFO  server.RaftServer$Division (RaftServerImpl.java:setRole(383)) - 01ac3795-95be-4125-9c80-d1d2d581a769@group-6A4183A07BF3: changes role from CANDIDATE to LEADER at term 1 for changeToLeader
2024-01-14 17:00:33,872 [01ac3795-95be-4125-9c80-d1d2d581a769@group-6A4183A07BF3-LeaderElection76] INFO  server.RaftServerConfigKeys (ConfUtils.java:logGet(46)) - raft.server.staging.catchup.gap = 1000 (default)
2024-01-14 17:00:33,872 [01ac3795-95be-4125-9c80-d1d2d581a769@group-6A4183A07BF3-LeaderElection76] INFO  server.RaftServerConfigKeys (ConfUtils.java:logGet(46)) - raft.server.write.element-limit = 1024 (custom)
2024-01-14 17:00:33,872 [01ac3795-95be-4125-9c80-d1d2d581a769@group-6A4183A07BF3-LeaderElection76] INFO  server.RaftServerConfigKeys (ConfUtils.java:logGet(46)) - raft.server.write.byte-limit = 1024 M (=1073741824) (custom)
2024-01-14 17:00:33,872 [01ac3795-95be-4125-9c80-d1d2d581a769@group-6A4183A07BF3-LeaderElection76] INFO  server.RaftServerConfigKeys (ConfUtils.java:logGet(46)) - raft.server.watch.timeout = 3000ms (custom)
2024-01-14 17:00:33,872 [01ac3795-95be-4125-9c80-d1d2d581a769@group-6A4183A07BF3-LeaderElection76] INFO  server.RaftServerConfigKeys (ConfUtils.java:logGet(46)) - raft.server.watch.timeout.denomination = 1s (default)
2024-01-14 17:00:33,872 [01ac3795-95be-4125-9c80-d1d2d581a769@group-6A4183A07BF3-LeaderElection76] INFO  server.RaftServerConfigKeys (ConfUtils.java:logGet(46)) - raft.server.watch.element-limit = 65536 (default)
2024-01-14 17:00:33,873 [01ac3795-95be-4125-9c80-d1d2d581a769@group-6A4183A07BF3-LeaderElection76] INFO  server.RaftServerConfigKeys (ConfUtils.java:logGet(46)) - raft.server.read.leader.lease.enabled = false (default)
2024-01-14 17:00:33,873 [01ac3795-95be-4125-9c80-d1d2d581a769@group-6A4183A07BF3-LeaderElection76] INFO  server.RaftServerConfigKeys (ConfUtils.java:logGet(46)) - raft.server.read.leader.lease.timeout.ratio = 0.9 (default)
2024-01-14 17:00:33,873 [01ac3795-95be-4125-9c80-d1d2d581a769@group-6A4183A07BF3-LeaderElection76] INFO  server.RaftServerConfigKeys (ConfUtils.java:logGet(46)) - raft.server.rpc.timeout.min = 5s (custom)
2024-01-14 17:00:33,873 [01ac3795-95be-4125-9c80-d1d2d581a769@group-6A4183A07BF3-LeaderElection76] INFO  server.RaftServerConfigKeys (ConfUtils.java:logGet(46)) - raft.server.write.element-limit = 1024 (custom)
2024-01-14 17:00:33,873 [01ac3795-95be-4125-9c80-d1d2d581a769@group-6A4183A07BF3-LeaderElection76] INFO  server.RaftServerConfigKeys (ConfUtils.java:logGet(46)) - raft.server.write.follower.gap.ratio.max = -1.0 (default)
2024-01-14 17:00:33,873 [01ac3795-95be-4125-9c80-d1d2d581a769@group-6A4183A07BF3-LeaderElection76] INFO  impl.RoleInfo (RoleInfo.java:updateAndGet(139)) - 01ac3795-95be-4125-9c80-d1d2d581a769: start 01ac3795-95be-4125-9c80-d1d2d581a769@group-6A4183A07BF3-LeaderStateImpl
2024-01-14 17:00:33,873 [01ac3795-95be-4125-9c80-d1d2d581a769@group-6A4183A07BF3-LeaderElection76] INFO  server.RaftServer$Division (RaftServerImpl.java:setFirstElection(574)) - 01ac3795-95be-4125-9c80-d1d2d581a769@group-6A4183A07BF3: set firstElectionSinceStartup to false for becomeLeader
2024-01-14 17:00:33,873 [01ac3795-95be-4125-9c80-d1d2d581a769@group-6A4183A07BF3-LeaderElection76] INFO  ratis.XceiverServerRatis (XceiverServerRatis.java:handleLeaderChangedNotification(945)) - Leader change notification received for group: group-6A4183A07BF3 with new leaderId: 01ac3795-95be-4125-9c80-d1d2d581a769
2024-01-14 17:00:33,873 [01ac3795-95be-4125-9c80-d1d2d581a769@group-6A4183A07BF3-LeaderElection76] INFO  server.RaftServer$Division (ServerState.java:setLeader(269)) - 01ac3795-95be-4125-9c80-d1d2d581a769@group-6A4183A07BF3: change Leader from null to 01ac3795-95be-4125-9c80-d1d2d581a769 at term 1 for becomeLeader, leader elected after 5166ms
2024-01-14 17:00:33,873 [01ac3795-95be-4125-9c80-d1d2d581a769@group-6A4183A07BF3-LeaderElection76] INFO  segmented.SegmentedRaftLogWorker (SegmentedRaftLogWorker.java:startLogSegment(430)) - 01ac3795-95be-4125-9c80-d1d2d581a769@group-6A4183A07BF3-SegmentedRaftLogWorker: Starting segment from index:0
2024-01-14 17:00:33,875 [31061ca7-84d9-4b7e-bdb5-51e4d8805ce5@group-9AEBABF676F3-FollowerState] INFO  impl.FollowerState (FollowerState.java:run(143)) - 31061ca7-84d9-4b7e-bdb5-51e4d8805ce5@group-9AEBABF676F3-FollowerState: change to CANDIDATE, lastRpcElapsedTime:5129724306ns, electionTimeout:5129ms
2024-01-14 17:00:33,875 [01ac3795-95be-4125-9c80-d1d2d581a769@group-6A4183A07BF3-LeaderElection76] INFO  server.RaftServer$Division (ServerState.java:setRaftConf(386)) - 01ac3795-95be-4125-9c80-d1d2d581a769@group-6A4183A07BF3: set configuration 0: peers:[01ac3795-95be-4125-9c80-d1d2d581a769|10.1.0.34:15424]|listeners:[], old=null
2024-01-14 17:00:33,875 [01ac3795-95be-4125-9c80-d1d2d581a769@group-6A4183A07BF3-SegmentedRaftLogWorker] INFO  segmented.BufferedWriteChannel (BufferedWriteChannel.java:open(62)) - open log_inprogress_0 at position 0
2024-01-14 17:00:33,875 [31061ca7-84d9-4b7e-bdb5-51e4d8805ce5@group-9AEBABF676F3-FollowerState] INFO  impl.RoleInfo (RoleInfo.java:shutdownFollowerState(110)) - 31061ca7-84d9-4b7e-bdb5-51e4d8805ce5: shutdown 31061ca7-84d9-4b7e-bdb5-51e4d8805ce5@group-9AEBABF676F3-FollowerState
2024-01-14 17:00:33,875 [31061ca7-84d9-4b7e-bdb5-51e4d8805ce5@group-9AEBABF676F3-FollowerState] INFO  server.RaftServer$Division (RaftServerImpl.java:setRole(383)) - 31061ca7-84d9-4b7e-bdb5-51e4d8805ce5@group-9AEBABF676F3: changes role from  FOLLOWER to CANDIDATE at term 0 for changeToCandidate
2024-01-14 17:00:33,875 [31061ca7-84d9-4b7e-bdb5-51e4d8805ce5@group-9AEBABF676F3-FollowerState] INFO  server.RaftServerConfigKeys (ConfUtils.java:logGet(46)) - raft.server.leaderelection.pre-vote = true (default)
2024-01-14 17:00:33,875 [31061ca7-84d9-4b7e-bdb5-51e4d8805ce5@group-9AEBABF676F3-FollowerState] INFO  impl.RoleInfo (RoleInfo.java:updateAndGet(139)) - 31061ca7-84d9-4b7e-bdb5-51e4d8805ce5: start 31061ca7-84d9-4b7e-bdb5-51e4d8805ce5@group-9AEBABF676F3-LeaderElection77
2024-01-14 17:00:33,875 [31061ca7-84d9-4b7e-bdb5-51e4d8805ce5@group-9AEBABF676F3-LeaderElection77] INFO  impl.LeaderElection (LeaderElection.java:askForVotes(321)) - 31061ca7-84d9-4b7e-bdb5-51e4d8805ce5@group-9AEBABF676F3-LeaderElection77 PRE_VOTE round 0: submit vote requests at term 0 for -1: peers:[31061ca7-84d9-4b7e-bdb5-51e4d8805ce5|10.1.0.34:15433, 01ac3795-95be-4125-9c80-d1d2d581a769|10.1.0.34:15424, fdbfaedf-7027-42ee-aaca-8580b78dbea6|10.1.0.34:15442]|listeners:[], old=null
2024-01-14 17:00:33,876 [31061ca7-84d9-4b7e-bdb5-51e4d8805ce5@group-9AEBABF676F3-LeaderElection77-1] INFO  server.GrpcServerProtocolClient (GrpcServerProtocolClient.java:<init>(65)) - Build channel for 01ac3795-95be-4125-9c80-d1d2d581a769|10.1.0.34:15424
2024-01-14 17:00:33,876 [31061ca7-84d9-4b7e-bdb5-51e4d8805ce5@group-9AEBABF676F3-LeaderElection77-2] INFO  server.GrpcServerProtocolClient (GrpcServerProtocolClient.java:<init>(65)) - Build channel for fdbfaedf-7027-42ee-aaca-8580b78dbea6|10.1.0.34:15442
2024-01-14 17:00:33,876 [31061ca7-84d9-4b7e-bdb5-51e4d8805ce5@group-9AEBABF676F3-LeaderElection77] INFO  server.RaftServerConfigKeys (ConfUtils.java:logFallback(53)) - raft.server.rpc.first-election.timeout.min = 5s (fallback to raft.server.rpc.timeout.min)
2024-01-14 17:00:33,876 [31061ca7-84d9-4b7e-bdb5-51e4d8805ce5@group-9AEBABF676F3-LeaderElection77] INFO  server.RaftServerConfigKeys (ConfUtils.java:logFallback(53)) - raft.server.rpc.first-election.timeout.max = 5200ms (fallback to raft.server.rpc.timeout.max)
2024-01-14 17:00:33,880 [grpc-default-executor-0] INFO  server.RaftServer$Division (RaftServerImpl.java:requestVote(1389)) - 01ac3795-95be-4125-9c80-d1d2d581a769@group-9AEBABF676F3: receive requestVote(PRE_VOTE, 31061ca7-84d9-4b7e-bdb5-51e4d8805ce5, group-9AEBABF676F3, 0, (t:0, i:0))
2024-01-14 17:00:33,881 [grpc-default-executor-0] INFO  impl.VoteContext (VoteContext.java:log(49)) - 01ac3795-95be-4125-9c80-d1d2d581a769@group-9AEBABF676F3-FOLLOWER: accept PRE_VOTE from 31061ca7-84d9-4b7e-bdb5-51e4d8805ce5: our priority 0 <= candidate's priority 1
2024-01-14 17:00:33,881 [grpc-default-executor-0] INFO  server.RaftServer$Division (RaftServerImpl.java:requestVote(1422)) - 01ac3795-95be-4125-9c80-d1d2d581a769@group-9AEBABF676F3 replies to PRE_VOTE vote request: 31061ca7-84d9-4b7e-bdb5-51e4d8805ce5<-01ac3795-95be-4125-9c80-d1d2d581a769#0:OK-t0. Peer's state: 01ac3795-95be-4125-9c80-d1d2d581a769@group-9AEBABF676F3:t0, leader=null, voted=, raftlog=Memoized:01ac3795-95be-4125-9c80-d1d2d581a769@group-9AEBABF676F3-SegmentedRaftLog:OPENED:c-1, conf=-1: peers:[31061ca7-84d9-4b7e-bdb5-51e4d8805ce5|10.1.0.34:15433, 01ac3795-95be-4125-9c80-d1d2d581a769|10.1.0.34:15424, fdbfaedf-7027-42ee-aaca-8580b78dbea6|10.1.0.34:15442]|listeners:[], old=null
2024-01-14 17:00:33,884 [01ac3795-95be-4125-9c80-d1d2d581a769@group-6A4183A07BF3-SegmentedRaftLogWorker] INFO  segmented.SegmentedRaftLogWorker (SegmentedRaftLogWorker.java:execute(634)) - 01ac3795-95be-4125-9c80-d1d2d581a769@group-6A4183A07BF3-SegmentedRaftLogWorker: created new log segment /home/runner/work/ozone/ozone/hadoop-ozone/integration-test/target/test-dir/MiniOzoneClusterImpl-55f63948-b302-44a8-9a44-732f3ddcab57/datanode-6/data/ratis/75727a6d-8bda-4aac-82ef-6a4183a07bf3/current/log_inprogress_0
2024-01-14 17:00:33,885 [31061ca7-84d9-4b7e-bdb5-51e4d8805ce5@group-9AEBABF676F3-LeaderElection77] INFO  impl.LeaderElection (LeaderElection.java:logAndReturn(89)) - 31061ca7-84d9-4b7e-bdb5-51e4d8805ce5@group-9AEBABF676F3-LeaderElection77: PRE_VOTE PASSED received 1 response(s) and 0 exception(s):
2024-01-14 17:00:33,885 [31061ca7-84d9-4b7e-bdb5-51e4d8805ce5@group-9AEBABF676F3-LeaderElection77] INFO  impl.LeaderElection (LeaderElection.java:logAndReturn(93)) -   Response 0: 31061ca7-84d9-4b7e-bdb5-51e4d8805ce5<-01ac3795-95be-4125-9c80-d1d2d581a769#0:OK-t0
2024-01-14 17:00:33,885 [grpc-default-executor-0] INFO  server.RaftServer$Division (RaftServerImpl.java:requestVote(1389)) - fdbfaedf-7027-42ee-aaca-8580b78dbea6@group-9AEBABF676F3: receive requestVote(PRE_VOTE, 31061ca7-84d9-4b7e-bdb5-51e4d8805ce5, group-9AEBABF676F3, 0, (t:0, i:0))
2024-01-14 17:00:33,885 [grpc-default-executor-0] INFO  impl.VoteContext (VoteContext.java:log(49)) - fdbfaedf-7027-42ee-aaca-8580b78dbea6@group-9AEBABF676F3-FOLLOWER: accept PRE_VOTE from 31061ca7-84d9-4b7e-bdb5-51e4d8805ce5: our priority 0 <= candidate's priority 1
2024-01-14 17:00:33,885 [grpc-default-executor-0] INFO  server.RaftServer$Division (RaftServerImpl.java:requestVote(1422)) - fdbfaedf-7027-42ee-aaca-8580b78dbea6@group-9AEBABF676F3 replies to PRE_VOTE vote request: 31061ca7-84d9-4b7e-bdb5-51e4d8805ce5<-fdbfaedf-7027-42ee-aaca-8580b78dbea6#0:OK-t0. Peer's state: fdbfaedf-7027-42ee-aaca-8580b78dbea6@group-9AEBABF676F3:t0, leader=null, voted=, raftlog=Memoized:fdbfaedf-7027-42ee-aaca-8580b78dbea6@group-9AEBABF676F3-SegmentedRaftLog:OPENED:c-1, conf=-1: peers:[31061ca7-84d9-4b7e-bdb5-51e4d8805ce5|10.1.0.34:15433, 01ac3795-95be-4125-9c80-d1d2d581a769|10.1.0.34:15424, fdbfaedf-7027-42ee-aaca-8580b78dbea6|10.1.0.34:15442]|listeners:[], old=null
2024-01-14 17:00:33,885 [31061ca7-84d9-4b7e-bdb5-51e4d8805ce5@group-9AEBABF676F3-LeaderElection77] INFO  impl.LeaderElection (LeaderElection.java:askForVotes(323)) - 31061ca7-84d9-4b7e-bdb5-51e4d8805ce5@group-9AEBABF676F3-LeaderElection77 PRE_VOTE round 0: result PASSED
2024-01-14 17:00:33,886 [31061ca7-84d9-4b7e-bdb5-51e4d8805ce5@group-9AEBABF676F3-LeaderElection77] INFO  impl.LeaderElection (LeaderElection.java:askForVotes(321)) - 31061ca7-84d9-4b7e-bdb5-51e4d8805ce5@group-9AEBABF676F3-LeaderElection77 ELECTION round 0: submit vote requests at term 1 for -1: peers:[31061ca7-84d9-4b7e-bdb5-51e4d8805ce5|10.1.0.34:15433, 01ac3795-95be-4125-9c80-d1d2d581a769|10.1.0.34:15424, fdbfaedf-7027-42ee-aaca-8580b78dbea6|10.1.0.34:15442]|listeners:[], old=null
2024-01-14 17:00:33,887 [31061ca7-84d9-4b7e-bdb5-51e4d8805ce5@group-9AEBABF676F3-LeaderElection77] INFO  server.RaftServerConfigKeys (ConfUtils.java:logFallback(53)) - raft.server.rpc.first-election.timeout.min = 5s (fallback to raft.server.rpc.timeout.min)
2024-01-14 17:00:33,887 [31061ca7-84d9-4b7e-bdb5-51e4d8805ce5@group-9AEBABF676F3-LeaderElection77] INFO  server.RaftServerConfigKeys (ConfUtils.java:logFallback(53)) - raft.server.rpc.first-election.timeout.max = 5200ms (fallback to raft.server.rpc.timeout.max)
2024-01-14 17:00:33,887 [01ac3795-95be-4125-9c80-d1d2d581a769@group-6A4183A07BF3-StateMachineUpdater] INFO  server.RaftServer$Division (LeaderStateImpl.java:isApplied(320)) - leader is ready since appliedIndex == 0 >= startIndex == 0
2024-01-14 17:00:33,887 [grpc-default-executor-3] INFO  server.RaftServer$Division (RaftServerImpl.java:requestVote(1389)) - fdbfaedf-7027-42ee-aaca-8580b78dbea6@group-9AEBABF676F3: receive requestVote(ELECTION, 31061ca7-84d9-4b7e-bdb5-51e4d8805ce5, group-9AEBABF676F3, 1, (t:0, i:0))
2024-01-14 17:00:33,888 [grpc-default-executor-3] INFO  impl.VoteContext (VoteContext.java:log(49)) - fdbfaedf-7027-42ee-aaca-8580b78dbea6@group-9AEBABF676F3-FOLLOWER: accept ELECTION from 31061ca7-84d9-4b7e-bdb5-51e4d8805ce5: our priority 0 <= candidate's priority 1
2024-01-14 17:00:33,888 [grpc-default-executor-3] INFO  server.RaftServer$Division (RaftServerImpl.java:setRole(383)) - fdbfaedf-7027-42ee-aaca-8580b78dbea6@group-9AEBABF676F3: changes role from  FOLLOWER to FOLLOWER at term 1 for candidate:31061ca7-84d9-4b7e-bdb5-51e4d8805ce5
2024-01-14 17:00:33,888 [grpc-default-executor-3] INFO  impl.RoleInfo (RoleInfo.java:shutdownFollowerState(110)) - fdbfaedf-7027-42ee-aaca-8580b78dbea6: shutdown fdbfaedf-7027-42ee-aaca-8580b78dbea6@group-9AEBABF676F3-FollowerState
2024-01-14 17:00:33,888 [fdbfaedf-7027-42ee-aaca-8580b78dbea6@group-9AEBABF676F3-FollowerState] INFO  impl.FollowerState (FollowerState.java:run(152)) - fdbfaedf-7027-42ee-aaca-8580b78dbea6@group-9AEBABF676F3-FollowerState was interrupted
2024-01-14 17:00:33,888 [grpc-default-executor-3] INFO  impl.RoleInfo (RoleInfo.java:updateAndGet(139)) - fdbfaedf-7027-42ee-aaca-8580b78dbea6: start fdbfaedf-7027-42ee-aaca-8580b78dbea6@group-9AEBABF676F3-FollowerState
2024-01-14 17:00:33,891 [grpc-default-executor-3] INFO  server.RaftServer$Division (RaftServerImpl.java:setFirstElection(574)) - fdbfaedf-7027-42ee-aaca-8580b78dbea6@group-9AEBABF676F3: set firstElectionSinceStartup to false for candidate:31061ca7-84d9-4b7e-bdb5-51e4d8805ce5
2024-01-14 17:00:33,891 [grpc-default-executor-0] INFO  server.RaftServer$Division (RaftServerImpl.java:requestVote(1389)) - 01ac3795-95be-4125-9c80-d1d2d581a769@group-9AEBABF676F3: receive requestVote(ELECTION, 31061ca7-84d9-4b7e-bdb5-51e4d8805ce5, group-9AEBABF676F3, 1, (t:0, i:0))
2024-01-14 17:00:33,892 [grpc-default-executor-0] INFO  impl.VoteContext (VoteContext.java:log(49)) - 01ac3795-95be-4125-9c80-d1d2d581a769@group-9AEBABF676F3-FOLLOWER: accept ELECTION from 31061ca7-84d9-4b7e-bdb5-51e4d8805ce5: our priority 0 <= candidate's priority 1
2024-01-14 17:00:33,892 [grpc-default-executor-0] INFO  server.RaftServer$Division (RaftServerImpl.java:setRole(383)) - 01ac3795-95be-4125-9c80-d1d2d581a769@group-9AEBABF676F3: changes role from  FOLLOWER to FOLLOWER at term 1 for candidate:31061ca7-84d9-4b7e-bdb5-51e4d8805ce5
2024-01-14 17:00:33,892 [grpc-default-executor-0] INFO  impl.RoleInfo (RoleInfo.java:shutdownFollowerState(110)) - 01ac3795-95be-4125-9c80-d1d2d581a769: shutdown 01ac3795-95be-4125-9c80-d1d2d581a769@group-9AEBABF676F3-FollowerState
2024-01-14 17:00:33,892 [grpc-default-executor-0] INFO  impl.RoleInfo (RoleInfo.java:updateAndGet(139)) - 01ac3795-95be-4125-9c80-d1d2d581a769: start 01ac3795-95be-4125-9c80-d1d2d581a769@group-9AEBABF676F3-FollowerState
2024-01-14 17:00:33,892 [01ac3795-95be-4125-9c80-d1d2d581a769@group-9AEBABF676F3-FollowerState] INFO  impl.FollowerState (FollowerState.java:run(152)) - 01ac3795-95be-4125-9c80-d1d2d581a769@group-9AEBABF676F3-FollowerState was interrupted
2024-01-14 17:00:33,891 [main] INFO  ozone.MiniOzoneClusterImpl (MiniOzoneClusterImpl.java:lambda$waitForClusterToBeReady$0(229)) - Nodes are ready. Got 9 of 9 DN Heartbeats.
2024-01-14 17:00:33,892 [main] INFO  ozone.MiniOzoneClusterImpl (MiniOzoneClusterImpl.java:lambda$waitForClusterToBeReady$0(232)) - Cluster exits safe mode
2024-01-14 17:00:33,892 [main] INFO  ozone.MiniOzoneClusterImpl (MiniOzoneClusterImpl.java:lambda$waitForClusterToBeReady$0(234)) - SCM became leader
2024-01-14 17:00:33,893 [grpc-default-executor-3] INFO  server.RaftServer$Division (RaftServerImpl.java:requestVote(1422)) - fdbfaedf-7027-42ee-aaca-8580b78dbea6@group-9AEBABF676F3 replies to ELECTION vote request: 31061ca7-84d9-4b7e-bdb5-51e4d8805ce5<-fdbfaedf-7027-42ee-aaca-8580b78dbea6#0:OK-t1. Peer's state: fdbfaedf-7027-42ee-aaca-8580b78dbea6@group-9AEBABF676F3:t1, leader=null, voted=31061ca7-84d9-4b7e-bdb5-51e4d8805ce5, raftlog=Memoized:fdbfaedf-7027-42ee-aaca-8580b78dbea6@group-9AEBABF676F3-SegmentedRaftLog:OPENED:c-1, conf=-1: peers:[31061ca7-84d9-4b7e-bdb5-51e4d8805ce5|10.1.0.34:15433, 01ac3795-95be-4125-9c80-d1d2d581a769|10.1.0.34:15424, fdbfaedf-7027-42ee-aaca-8580b78dbea6|10.1.0.34:15442]|listeners:[], old=null
2024-01-14 17:00:33,893 [main] INFO  protocolPB.OmTransportFactory (OmTransportFactory.java:createFactory(62)) - Loading OM transport implementation org.apache.hadoop.ozone.om.protocolPB.Hadoop3OmTransportFactory as specified by configuration.
2024-01-14 17:00:33,894 [grpc-default-executor-0] INFO  server.RaftServer$Division (RaftServerImpl.java:requestVote(1422)) - 01ac3795-95be-4125-9c80-d1d2d581a769@group-9AEBABF676F3 replies to ELECTION vote request: 31061ca7-84d9-4b7e-bdb5-51e4d8805ce5<-01ac3795-95be-4125-9c80-d1d2d581a769#0:OK-t1. Peer's state: 01ac3795-95be-4125-9c80-d1d2d581a769@group-9AEBABF676F3:t1, leader=null, voted=31061ca7-84d9-4b7e-bdb5-51e4d8805ce5, raftlog=Memoized:01ac3795-95be-4125-9c80-d1d2d581a769@group-9AEBABF676F3-SegmentedRaftLog:OPENED:c-1, conf=-1: peers:[31061ca7-84d9-4b7e-bdb5-51e4d8805ce5|10.1.0.34:15433, 01ac3795-95be-4125-9c80-d1d2d581a769|10.1.0.34:15424, fdbfaedf-7027-42ee-aaca-8580b78dbea6|10.1.0.34:15442]|listeners:[], old=null
2024-01-14 17:00:33,894 [31061ca7-84d9-4b7e-bdb5-51e4d8805ce5@group-9AEBABF676F3-LeaderElection77] INFO  impl.LeaderElection (LeaderElection.java:logAndReturn(89)) - 31061ca7-84d9-4b7e-bdb5-51e4d8805ce5@group-9AEBABF676F3-LeaderElection77: ELECTION PASSED received 1 response(s) and 0 exception(s):
2024-01-14 17:00:33,894 [31061ca7-84d9-4b7e-bdb5-51e4d8805ce5@group-9AEBABF676F3-LeaderElection77] INFO  impl.LeaderElection (LeaderElection.java:logAndReturn(93)) -   Response 0: 31061ca7-84d9-4b7e-bdb5-51e4d8805ce5<-fdbfaedf-7027-42ee-aaca-8580b78dbea6#0:OK-t1
2024-01-14 17:00:33,896 [31061ca7-84d9-4b7e-bdb5-51e4d8805ce5@group-9AEBABF676F3-LeaderElection77] INFO  impl.LeaderElection (LeaderElection.java:askForVotes(323)) - 31061ca7-84d9-4b7e-bdb5-51e4d8805ce5@group-9AEBABF676F3-LeaderElection77 ELECTION round 0: result PASSED
2024-01-14 17:00:33,898 [31061ca7-84d9-4b7e-bdb5-51e4d8805ce5@group-9AEBABF676F3-LeaderElection77] INFO  impl.RoleInfo (RoleInfo.java:shutdownLeaderElection(130)) - 31061ca7-84d9-4b7e-bdb5-51e4d8805ce5: shutdown 31061ca7-84d9-4b7e-bdb5-51e4d8805ce5@group-9AEBABF676F3-LeaderElection77
2024-01-14 17:00:33,898 [31061ca7-84d9-4b7e-bdb5-51e4d8805ce5@group-9AEBABF676F3-LeaderElection77] INFO  server.RaftServer$Division (RaftServerImpl.java:setRole(383)) - 31061ca7-84d9-4b7e-bdb5-51e4d8805ce5@group-9AEBABF676F3: changes role from CANDIDATE to LEADER at term 1 for changeToLeader
2024-01-14 17:00:33,898 [31061ca7-84d9-4b7e-bdb5-51e4d8805ce5@group-9AEBABF676F3-LeaderElection77] INFO  server.RaftServerConfigKeys (ConfUtils.java:logGet(46)) - raft.server.staging.catchup.gap = 1000 (default)
2024-01-14 17:00:33,898 [31061ca7-84d9-4b7e-bdb5-51e4d8805ce5@group-9AEBABF676F3-LeaderElection77] INFO  server.RaftServerConfigKeys (ConfUtils.java:logGet(46)) - raft.server.write.element-limit = 1024 (custom)
2024-01-14 17:00:33,899 [31061ca7-84d9-4b7e-bdb5-51e4d8805ce5@group-9AEBABF676F3-LeaderElection77] INFO  server.RaftServerConfigKeys (ConfUtils.java:logGet(46)) - raft.server.write.byte-limit = 1024 M (=1073741824) (custom)
2024-01-14 17:00:33,899 [31061ca7-84d9-4b7e-bdb5-51e4d8805ce5@group-9AEBABF676F3-LeaderElection77] INFO  server.RaftServerConfigKeys (ConfUtils.java:logGet(46)) - raft.server.watch.timeout = 3000ms (custom)
2024-01-14 17:00:33,899 [31061ca7-84d9-4b7e-bdb5-51e4d8805ce5@group-9AEBABF676F3-LeaderElection77] INFO  server.RaftServerConfigKeys (ConfUtils.java:logGet(46)) - raft.server.watch.timeout.denomination = 1s (default)
2024-01-14 17:00:33,899 [main] INFO  rpc.RpcClient (RpcClient.java:createVolume(456)) - Creating Volume: watchforcommithandlingtest, with runner as owner and space quota set to -1 bytes, counts quota set to -1
2024-01-14 17:00:33,899 [31061ca7-84d9-4b7e-bdb5-51e4d8805ce5@group-9AEBABF676F3-LeaderElection77] INFO  server.RaftServerConfigKeys (ConfUtils.java:logGet(46)) - raft.server.watch.element-limit = 65536 (default)
2024-01-14 17:00:33,899 [31061ca7-84d9-4b7e-bdb5-51e4d8805ce5@group-9AEBABF676F3-LeaderElection77] INFO  server.RaftServerConfigKeys (ConfUtils.java:logGet(46)) - raft.server.read.leader.lease.enabled = false (default)
2024-01-14 17:00:33,900 [31061ca7-84d9-4b7e-bdb5-51e4d8805ce5@group-9AEBABF676F3-LeaderElection77] INFO  server.RaftServerConfigKeys (ConfUtils.java:logGet(46)) - raft.server.read.leader.lease.timeout.ratio = 0.9 (default)
2024-01-14 17:00:33,900 [31061ca7-84d9-4b7e-bdb5-51e4d8805ce5@group-9AEBABF676F3-LeaderElection77] INFO  server.RaftServerConfigKeys (ConfUtils.java:logGet(46)) - raft.server.rpc.timeout.min = 5s (custom)
2024-01-14 17:00:33,900 [31061ca7-84d9-4b7e-bdb5-51e4d8805ce5@group-9AEBABF676F3-LeaderElection77] INFO  server.RaftServerConfigKeys (ConfUtils.java:logGet(46)) - raft.server.write.element-limit = 1024 (custom)
2024-01-14 17:00:33,900 [31061ca7-84d9-4b7e-bdb5-51e4d8805ce5@group-9AEBABF676F3-LeaderElection77] INFO  server.RaftServerConfigKeys (ConfUtils.java:logGet(46)) - raft.server.write.follower.gap.ratio.max = -1.0 (default)
2024-01-14 17:00:33,901 [31061ca7-84d9-4b7e-bdb5-51e4d8805ce5@group-9AEBABF676F3-LeaderElection77] INFO  server.RaftServerConfigKeys (ConfUtils.java:logGet(46)) - raft.server.log.appender.snapshot.chunk.size.max = 16MB (=16777216) (default)
2024-01-14 17:00:33,901 [31061ca7-84d9-4b7e-bdb5-51e4d8805ce5@group-9AEBABF676F3-LeaderElection77] INFO  server.RaftServerConfigKeys (ConfUtils.java:logGet(46)) - raft.server.log.appender.buffer.byte-limit = 8388608 (custom)
2024-01-14 17:00:33,901 [31061ca7-84d9-4b7e-bdb5-51e4d8805ce5@group-9AEBABF676F3-LeaderElection77] INFO  server.RaftServerConfigKeys (ConfUtils.java:logGet(46)) - raft.server.log.appender.buffer.element-limit = 1 (custom)
2024-01-14 17:00:33,901 [31061ca7-84d9-4b7e-bdb5-51e4d8805ce5@group-9AEBABF676F3-LeaderElection77] INFO  server.RaftServerConfigKeys (ConfUtils.java:logGet(46)) - raft.server.log.appender.wait-time.min = 0ms (custom)
2024-01-14 17:00:33,901 [31061ca7-84d9-4b7e-bdb5-51e4d8805ce5@group-9AEBABF676F3-LeaderElection77] INFO  grpc.GrpcConfigKeys (ConfUtils.java:logGet(46)) - raft.grpc.server.leader.outstanding.appends.max = 8 (default)
2024-01-14 17:00:33,901 [31061ca7-84d9-4b7e-bdb5-51e4d8805ce5@group-9AEBABF676F3-LeaderElection77] INFO  server.RaftServerConfigKeys (ConfUtils.java:logGet(46)) - raft.server.rpc.request.timeout = 3000ms (default)
2024-01-14 17:00:33,901 [31061ca7-84d9-4b7e-bdb5-51e4d8805ce5@group-9AEBABF676F3-LeaderElection77] INFO  grpc.GrpcConfigKeys (ConfUtils.java:logGet(46)) - raft.grpc.server.install_snapshot.request.element-limit = 8 (default)
2024-01-14 17:00:33,901 [31061ca7-84d9-4b7e-bdb5-51e4d8805ce5@group-9AEBABF676F3-LeaderElection77] INFO  grpc.GrpcConfigKeys (ConfUtils.java:logGet(46)) - raft.grpc.server.install_snapshot.request.timeout = 3000ms (default)
2024-01-14 17:00:33,901 [31061ca7-84d9-4b7e-bdb5-51e4d8805ce5@group-9AEBABF676F3-LeaderElection77] INFO  grpc.GrpcConfigKeys (ConfUtils.java:logGet(46)) - raft.grpc.server.log-message.batch.duration = 5s (default)
2024-01-14 17:00:33,902 [31061ca7-84d9-4b7e-bdb5-51e4d8805ce5@group-9AEBABF676F3-LeaderElection77] INFO  server.RaftServerConfigKeys (ConfUtils.java:logGet(46)) - raft.server.log.appender.install.snapshot.enabled = false (custom)
2024-01-14 17:00:33,902 [31061ca7-84d9-4b7e-bdb5-51e4d8805ce5@group-9AEBABF676F3-LeaderElection77] INFO  grpc.GrpcConfigKeys (ConfUtils.java:logGet(46)) - raft.grpc.server.heartbeat.channel = true (default)
2024-01-14 17:00:33,904 [31061ca7-84d9-4b7e-bdb5-51e4d8805ce5@group-9AEBABF676F3-LeaderElection77] INFO  server.RaftServerConfigKeys (ConfUtils.java:logGet(46)) - raft.server.log.appender.snapshot.chunk.size.max = 16MB (=16777216) (default)
2024-01-14 17:00:33,904 [31061ca7-84d9-4b7e-bdb5-51e4d8805ce5@group-9AEBABF676F3-LeaderElection77] INFO  server.RaftServerConfigKeys (ConfUtils.java:logGet(46)) - raft.server.log.appender.buffer.byte-limit = 8388608 (custom)
2024-01-14 17:00:33,904 [31061ca7-84d9-4b7e-bdb5-51e4d8805ce5@group-9AEBABF676F3-LeaderElection77] INFO  server.RaftServerConfigKeys (ConfUtils.java:logGet(46)) - raft.server.log.appender.buffer.element-limit = 1 (custom)
2024-01-14 17:00:33,905 [om1-OMStateMachineApplyTransactionThread - 0] INFO  volume.OMVolumeCreateRequest (OMVolumeCreateRequest.java:validateAndUpdateCache(198)) - created volume:watchforcommithandlingtest for user:runner
2024-01-14 17:00:33,905 [31061ca7-84d9-4b7e-bdb5-51e4d8805ce5@group-9AEBABF676F3-LeaderElection77] INFO  server.RaftServerConfigKeys (ConfUtils.java:logGet(46)) - raft.server.log.appender.wait-time.min = 0ms (custom)
2024-01-14 17:00:33,906 [31061ca7-84d9-4b7e-bdb5-51e4d8805ce5@group-9AEBABF676F3-LeaderElection77] INFO  grpc.GrpcConfigKeys (ConfUtils.java:logGet(46)) - raft.grpc.server.leader.outstanding.appends.max = 8 (default)
2024-01-14 17:00:33,906 [31061ca7-84d9-4b7e-bdb5-51e4d8805ce5@group-9AEBABF676F3-LeaderElection77] INFO  server.RaftServerConfigKeys (ConfUtils.java:logGet(46)) - raft.server.rpc.request.timeout = 3000ms (default)
2024-01-14 17:00:33,906 [31061ca7-84d9-4b7e-bdb5-51e4d8805ce5@group-9AEBABF676F3-LeaderElection77] INFO  grpc.GrpcConfigKeys (ConfUtils.java:logGet(46)) - raft.grpc.server.install_snapshot.request.element-limit = 8 (default)
2024-01-14 17:00:33,906 [31061ca7-84d9-4b7e-bdb5-51e4d8805ce5@group-9AEBABF676F3-LeaderElection77] INFO  grpc.GrpcConfigKeys (ConfUtils.java:logGet(46)) - raft.grpc.server.install_snapshot.request.timeout = 3000ms (default)
2024-01-14 17:00:33,906 [31061ca7-84d9-4b7e-bdb5-51e4d8805ce5@group-9AEBABF676F3-LeaderElection77] INFO  grpc.GrpcConfigKeys (ConfUtils.java:logGet(46)) - raft.grpc.server.log-message.batch.duration = 5s (default)
2024-01-14 17:00:33,906 [31061ca7-84d9-4b7e-bdb5-51e4d8805ce5@group-9AEBABF676F3-LeaderElection77] INFO  server.RaftServerConfigKeys (ConfUtils.java:logGet(46)) - raft.server.log.appender.install.snapshot.enabled = false (custom)
2024-01-14 17:00:33,906 [31061ca7-84d9-4b7e-bdb5-51e4d8805ce5@group-9AEBABF676F3-LeaderElection77] INFO  grpc.GrpcConfigKeys (ConfUtils.java:logGet(46)) - raft.grpc.server.heartbeat.channel = true (default)
2024-01-14 17:00:33,906 [31061ca7-84d9-4b7e-bdb5-51e4d8805ce5@group-9AEBABF676F3-LeaderElection77] INFO  impl.RoleInfo (RoleInfo.java:updateAndGet(139)) - 31061ca7-84d9-4b7e-bdb5-51e4d8805ce5: start 31061ca7-84d9-4b7e-bdb5-51e4d8805ce5@group-9AEBABF676F3-LeaderStateImpl
2024-01-14 17:00:33,906 [31061ca7-84d9-4b7e-bdb5-51e4d8805ce5@group-9AEBABF676F3-LeaderElection77] INFO  server.RaftServer$Division (RaftServerImpl.java:setFirstElection(574)) - 31061ca7-84d9-4b7e-bdb5-51e4d8805ce5@group-9AEBABF676F3: set firstElectionSinceStartup to false for becomeLeader
2024-01-14 17:00:33,906 [31061ca7-84d9-4b7e-bdb5-51e4d8805ce5@group-9AEBABF676F3-LeaderElection77] INFO  ratis.XceiverServerRatis (XceiverServerRatis.java:handleLeaderChangedNotification(945)) - Leader change notification received for group: group-9AEBABF676F3 with new leaderId: 31061ca7-84d9-4b7e-bdb5-51e4d8805ce5
2024-01-14 17:00:33,906 [31061ca7-84d9-4b7e-bdb5-51e4d8805ce5@group-9AEBABF676F3-LeaderElection77] INFO  server.RaftServer$Division (ServerState.java:setLeader(269)) - 31061ca7-84d9-4b7e-bdb5-51e4d8805ce5@group-9AEBABF676F3: change Leader from null to 31061ca7-84d9-4b7e-bdb5-51e4d8805ce5 at term 1 for becomeLeader, leader elected after 5170ms
2024-01-14 17:00:33,907 [31061ca7-84d9-4b7e-bdb5-51e4d8805ce5@group-9AEBABF676F3-LeaderElection77] INFO  segmented.SegmentedRaftLogWorker (SegmentedRaftLogWorker.java:startLogSegment(430)) - 31061ca7-84d9-4b7e-bdb5-51e4d8805ce5@group-9AEBABF676F3-SegmentedRaftLogWorker: Starting segment from index:0
2024-01-14 17:00:33,908 [31061ca7-84d9-4b7e-bdb5-51e4d8805ce5@group-9AEBABF676F3-SegmentedRaftLogWorker] INFO  segmented.BufferedWriteChannel (BufferedWriteChannel.java:open(62)) - open log_inprogress_0 at position 0
2024-01-14 17:00:33,910 [EventQueue-PipelineReportForPipelineReportHandler] INFO  pipeline.PipelineReportHandler (PipelineReportHandler.java:processPipelineReport(136)) - Opened pipeline PipelineID=c909b760-5f23-4c48-ab3d-9aebabf676f3
2024-01-14 17:00:33,913 [31061ca7-84d9-4b7e-bdb5-51e4d8805ce5@group-9AEBABF676F3-LeaderElection77] INFO  server.RaftServer$Division (ServerState.java:setRaftConf(386)) - 31061ca7-84d9-4b7e-bdb5-51e4d8805ce5@group-9AEBABF676F3: set configuration 0: peers:[31061ca7-84d9-4b7e-bdb5-51e4d8805ce5|10.1.0.34:15433, 01ac3795-95be-4125-9c80-d1d2d581a769|10.1.0.34:15424, fdbfaedf-7027-42ee-aaca-8580b78dbea6|10.1.0.34:15442]|listeners:[], old=null
2024-01-14 17:00:33,913 [main] INFO  rpc.RpcClient (RpcClient.java:createBucket(683)) - Creating Bucket: watchforcommithandlingtest/watchforcommithandlingtest, with server-side default bucket layout, runner as owner, Versioning false, Storage Type set to DISK and Encryption set to false, Replication Type set to server-side default replication type, Namespace Quota set to -1, Space Quota set to -1 
2024-01-14 17:00:33,917 [31061ca7-84d9-4b7e-bdb5-51e4d8805ce5@group-9AEBABF676F3-SegmentedRaftLogWorker] INFO  segmented.SegmentedRaftLogWorker (SegmentedRaftLogWorker.java:execute(634)) - 31061ca7-84d9-4b7e-bdb5-51e4d8805ce5@group-9AEBABF676F3-SegmentedRaftLogWorker: created new log segment /home/runner/work/ozone/ozone/hadoop-ozone/integration-test/target/test-dir/MiniOzoneClusterImpl-55f63948-b302-44a8-9a44-732f3ddcab57/datanode-7/data/ratis/c909b760-5f23-4c48-ab3d-9aebabf676f3/current/log_inprogress_0
2024-01-14 17:00:33,918 [om1-OMStateMachineApplyTransactionThread - 0] INFO  bucket.OMBucketCreateRequest (OMBucketCreateRequest.java:validateAndUpdateCache(296)) - created bucket: watchforcommithandlingtest of layout FILE_SYSTEM_OPTIMIZED in volume: watchforcommithandlingtest
2024-01-14 17:00:33,924 [fdbfaedf-7027-42ee-aaca-8580b78dbea6-server-thread1] INFO  ratis.XceiverServerRatis (XceiverServerRatis.java:handleLeaderChangedNotification(945)) - Leader change notification received for group: group-9AEBABF676F3 with new leaderId: 31061ca7-84d9-4b7e-bdb5-51e4d8805ce5
2024-01-14 17:00:33,925 [fdbfaedf-7027-42ee-aaca-8580b78dbea6-server-thread1] INFO  server.RaftServer$Division (ServerState.java:setLeader(269)) - fdbfaedf-7027-42ee-aaca-8580b78dbea6@group-9AEBABF676F3: change Leader from null to 31061ca7-84d9-4b7e-bdb5-51e4d8805ce5 at term 1 for appendEntries, leader elected after 5169ms
2024-01-14 17:00:33,928 [01ac3795-95be-4125-9c80-d1d2d581a769-server-thread1] INFO  ratis.XceiverServerRatis (XceiverServerRatis.java:handleLeaderChangedNotification(945)) - Leader change notification received for group: group-9AEBABF676F3 with new leaderId: 31061ca7-84d9-4b7e-bdb5-51e4d8805ce5
2024-01-14 17:00:33,928 [fdbfaedf-7027-42ee-aaca-8580b78dbea6@group-95DC0B5D4D97-FollowerState] INFO  impl.FollowerState (FollowerState.java:run(143)) - fdbfaedf-7027-42ee-aaca-8580b78dbea6@group-95DC0B5D4D97-FollowerState: change to CANDIDATE, lastRpcElapsedTime:5033470252ns, electionTimeout:5033ms
2024-01-14 17:00:33,929 [fdbfaedf-7027-42ee-aaca-8580b78dbea6@group-95DC0B5D4D97-FollowerState] INFO  impl.RoleInfo (RoleInfo.java:shutdownFollowerState(110)) - fdbfaedf-7027-42ee-aaca-8580b78dbea6: shutdown fdbfaedf-7027-42ee-aaca-8580b78dbea6@group-95DC0B5D4D97-FollowerState
2024-01-14 17:00:33,929 [fdbfaedf-7027-42ee-aaca-8580b78dbea6@group-95DC0B5D4D97-FollowerState] INFO  server.RaftServer$Division (RaftServerImpl.java:setRole(383)) - fdbfaedf-7027-42ee-aaca-8580b78dbea6@group-95DC0B5D4D97: changes role from  FOLLOWER to CANDIDATE at term 0 for changeToCandidate
2024-01-14 17:00:33,929 [fdbfaedf-7027-42ee-aaca-8580b78dbea6@group-95DC0B5D4D97-FollowerState] INFO  server.RaftServerConfigKeys (ConfUtils.java:logGet(46)) - raft.server.leaderelection.pre-vote = true (default)
2024-01-14 17:00:33,929 [fdbfaedf-7027-42ee-aaca-8580b78dbea6@group-95DC0B5D4D97-FollowerState] INFO  impl.RoleInfo (RoleInfo.java:updateAndGet(139)) - fdbfaedf-7027-42ee-aaca-8580b78dbea6: start fdbfaedf-7027-42ee-aaca-8580b78dbea6@group-95DC0B5D4D97-LeaderElection78
2024-01-14 17:00:33,929 [01ac3795-95be-4125-9c80-d1d2d581a769-server-thread1] INFO  server.RaftServer$Division (ServerState.java:setLeader(269)) - 01ac3795-95be-4125-9c80-d1d2d581a769@group-9AEBABF676F3: change Leader from null to 31061ca7-84d9-4b7e-bdb5-51e4d8805ce5 at term 1 for appendEntries, leader elected after 5209ms
2024-01-14 17:00:33,929 [IPC Server handler 0 on default port 15356] INFO  ha.SequenceIdGenerator (SequenceIdGenerator.java:getNextId(145)) - Allocate a batch for containerId, change lastId from 0 to 1000.
2024-01-14 17:00:33,929 [fdbfaedf-7027-42ee-aaca-8580b78dbea6@group-95DC0B5D4D97-LeaderElection78] INFO  impl.LeaderElection (LeaderElection.java:askForVotes(321)) - fdbfaedf-7027-42ee-aaca-8580b78dbea6@group-95DC0B5D4D97-LeaderElection78 PRE_VOTE round 0: submit vote requests at term 0 for -1: peers:[fdbfaedf-7027-42ee-aaca-8580b78dbea6|10.1.0.34:15442]|listeners:[], old=null
2024-01-14 17:00:33,929 [fdbfaedf-7027-42ee-aaca-8580b78dbea6@group-95DC0B5D4D97-LeaderElection78] INFO  impl.LeaderElection (LeaderElection.java:askForVotes(323)) - fdbfaedf-7027-42ee-aaca-8580b78dbea6@group-95DC0B5D4D97-LeaderElection78 PRE_VOTE round 0: result PASSED (term=0)
2024-01-14 17:00:33,933 [fdbfaedf-7027-42ee-aaca-8580b78dbea6-server-thread1] INFO  server.RaftServer$Division (ServerState.java:setRaftConf(386)) - fdbfaedf-7027-42ee-aaca-8580b78dbea6@group-9AEBABF676F3: set configuration 0: peers:[31061ca7-84d9-4b7e-bdb5-51e4d8805ce5|10.1.0.34:15433, 01ac3795-95be-4125-9c80-d1d2d581a769|10.1.0.34:15424, fdbfaedf-7027-42ee-aaca-8580b78dbea6|10.1.0.34:15442]|listeners:[], old=null
2024-01-14 17:00:33,933 [fdbfaedf-7027-42ee-aaca-8580b78dbea6@group-95DC0B5D4D97-LeaderElection78] INFO  impl.LeaderElection (LeaderElection.java:askForVotes(321)) - fdbfaedf-7027-42ee-aaca-8580b78dbea6@group-95DC0B5D4D97-LeaderElection78 ELECTION round 0: submit vote requests at term 1 for -1: peers:[fdbfaedf-7027-42ee-aaca-8580b78dbea6|10.1.0.34:15442]|listeners:[], old=null
2024-01-14 17:00:33,933 [fdbfaedf-7027-42ee-aaca-8580b78dbea6-server-thread1] INFO  segmented.SegmentedRaftLogWorker (SegmentedRaftLogWorker.java:startLogSegment(430)) - fdbfaedf-7027-42ee-aaca-8580b78dbea6@group-9AEBABF676F3-SegmentedRaftLogWorker: Starting segment from index:0
2024-01-14 17:00:33,933 [fdbfaedf-7027-42ee-aaca-8580b78dbea6@group-95DC0B5D4D97-LeaderElection78] INFO  impl.LeaderElection (LeaderElection.java:askForVotes(323)) - fdbfaedf-7027-42ee-aaca-8580b78dbea6@group-95DC0B5D4D97-LeaderElection78 ELECTION round 0: result PASSED (term=1)
2024-01-14 17:00:33,933 [fdbfaedf-7027-42ee-aaca-8580b78dbea6@group-95DC0B5D4D97-LeaderElection78] INFO  impl.RoleInfo (RoleInfo.java:shutdownLeaderElection(130)) - fdbfaedf-7027-42ee-aaca-8580b78dbea6: shutdown fdbfaedf-7027-42ee-aaca-8580b78dbea6@group-95DC0B5D4D97-LeaderElection78
2024-01-14 17:00:33,933 [fdbfaedf-7027-42ee-aaca-8580b78dbea6@group-9AEBABF676F3-SegmentedRaftLogWorker] INFO  segmented.BufferedWriteChannel (BufferedWriteChannel.java:open(62)) - open log_inprogress_0 at position 0
2024-01-14 17:00:33,942 [fdbfaedf-7027-42ee-aaca-8580b78dbea6@group-9AEBABF676F3-SegmentedRaftLogWorker] INFO  segmented.SegmentedRaftLogWorker (SegmentedRaftLogWorker.java:execute(634)) - fdbfaedf-7027-42ee-aaca-8580b78dbea6@group-9AEBABF676F3-SegmentedRaftLogWorker: created new log segment /home/runner/work/ozone/ozone/hadoop-ozone/integration-test/target/test-dir/MiniOzoneClusterImpl-55f63948-b302-44a8-9a44-732f3ddcab57/datanode-8/data/ratis/c909b760-5f23-4c48-ab3d-9aebabf676f3/current/log_inprogress_0
2024-01-14 17:00:33,942 [fdbfaedf-7027-42ee-aaca-8580b78dbea6@group-95DC0B5D4D97-LeaderElection78] INFO  server.RaftServer$Division (RaftServerImpl.java:setRole(383)) - fdbfaedf-7027-42ee-aaca-8580b78dbea6@group-95DC0B5D4D97: changes role from CANDIDATE to LEADER at term 1 for changeToLeader
2024-01-14 17:00:33,942 [fdbfaedf-7027-42ee-aaca-8580b78dbea6@group-95DC0B5D4D97-LeaderElection78] INFO  server.RaftServerConfigKeys (ConfUtils.java:logGet(46)) - raft.server.staging.catchup.gap = 1000 (default)
2024-01-14 17:00:33,942 [fdbfaedf-7027-42ee-aaca-8580b78dbea6@group-95DC0B5D4D97-LeaderElection78] INFO  server.RaftServerConfigKeys (ConfUtils.java:logGet(46)) - raft.server.write.element-limit = 1024 (custom)
2024-01-14 17:00:33,942 [fdbfaedf-7027-42ee-aaca-8580b78dbea6@group-95DC0B5D4D97-LeaderElection78] INFO  server.RaftServerConfigKeys (ConfUtils.java:logGet(46)) - raft.server.write.byte-limit = 1024 M (=1073741824) (custom)
2024-01-14 17:00:33,943 [01ac3795-95be-4125-9c80-d1d2d581a769-server-thread3] INFO  server.RaftServer$Division (ServerState.java:setRaftConf(386)) - 01ac3795-95be-4125-9c80-d1d2d581a769@group-9AEBABF676F3: set configuration 0: peers:[31061ca7-84d9-4b7e-bdb5-51e4d8805ce5|10.1.0.34:15433, 01ac3795-95be-4125-9c80-d1d2d581a769|10.1.0.34:15424, fdbfaedf-7027-42ee-aaca-8580b78dbea6|10.1.0.34:15442]|listeners:[], old=null
2024-01-14 17:00:33,943 [01ac3795-95be-4125-9c80-d1d2d581a769-server-thread3] INFO  segmented.SegmentedRaftLogWorker (SegmentedRaftLogWorker.java:startLogSegment(430)) - 01ac3795-95be-4125-9c80-d1d2d581a769@group-9AEBABF676F3-SegmentedRaftLogWorker: Starting segment from index:0
2024-01-14 17:00:33,943 [01ac3795-95be-4125-9c80-d1d2d581a769@group-9AEBABF676F3-SegmentedRaftLogWorker] INFO  segmented.BufferedWriteChannel (BufferedWriteChannel.java:open(62)) - open log_inprogress_0 at position 0
2024-01-14 17:00:33,946 [fdbfaedf-7027-42ee-aaca-8580b78dbea6@group-95DC0B5D4D97-LeaderElection78] INFO  server.RaftServerConfigKeys (ConfUtils.java:logGet(46)) - raft.server.watch.timeout = 3000ms (custom)
2024-01-14 17:00:33,946 [fdbfaedf-7027-42ee-aaca-8580b78dbea6@group-95DC0B5D4D97-LeaderElection78] INFO  server.RaftServerConfigKeys (ConfUtils.java:logGet(46)) - raft.server.watch.timeout.denomination = 1s (default)
2024-01-14 17:00:33,946 [fdbfaedf-7027-42ee-aaca-8580b78dbea6@group-95DC0B5D4D97-LeaderElection78] INFO  server.RaftServerConfigKeys (ConfUtils.java:logGet(46)) - raft.server.watch.element-limit = 65536 (default)
2024-01-14 17:00:33,946 [fdbfaedf-7027-42ee-aaca-8580b78dbea6@group-95DC0B5D4D97-LeaderElection78] INFO  server.RaftServerConfigKeys (ConfUtils.java:logGet(46)) - raft.server.read.leader.lease.enabled = false (default)
2024-01-14 17:00:33,946 [fdbfaedf-7027-42ee-aaca-8580b78dbea6@group-95DC0B5D4D97-LeaderElection78] INFO  server.RaftServerConfigKeys (ConfUtils.java:logGet(46)) - raft.server.read.leader.lease.timeout.ratio = 0.9 (default)
2024-01-14 17:00:33,946 [fdbfaedf-7027-42ee-aaca-8580b78dbea6@group-95DC0B5D4D97-LeaderElection78] INFO  server.RaftServerConfigKeys (ConfUtils.java:logGet(46)) - raft.server.rpc.timeout.min = 5s (custom)
2024-01-14 17:00:33,946 [fdbfaedf-7027-42ee-aaca-8580b78dbea6@group-95DC0B5D4D97-LeaderElection78] INFO  server.RaftServerConfigKeys (ConfUtils.java:logGet(46)) - raft.server.write.element-limit = 1024 (custom)
2024-01-14 17:00:33,946 [fdbfaedf-7027-42ee-aaca-8580b78dbea6@group-95DC0B5D4D97-LeaderElection78] INFO  server.RaftServerConfigKeys (ConfUtils.java:logGet(46)) - raft.server.write.follower.gap.ratio.max = -1.0 (default)
2024-01-14 17:00:33,946 [fdbfaedf-7027-42ee-aaca-8580b78dbea6@group-95DC0B5D4D97-LeaderElection78] INFO  impl.RoleInfo (RoleInfo.java:updateAndGet(139)) - fdbfaedf-7027-42ee-aaca-8580b78dbea6: start fdbfaedf-7027-42ee-aaca-8580b78dbea6@group-95DC0B5D4D97-LeaderStateImpl
2024-01-14 17:00:33,946 [fdbfaedf-7027-42ee-aaca-8580b78dbea6@group-95DC0B5D4D97-LeaderElection78] INFO  server.RaftServer$Division (RaftServerImpl.java:setFirstElection(574)) - fdbfaedf-7027-42ee-aaca-8580b78dbea6@group-95DC0B5D4D97: set firstElectionSinceStartup to false for becomeLeader
2024-01-14 17:00:33,946 [fdbfaedf-7027-42ee-aaca-8580b78dbea6@group-95DC0B5D4D97-LeaderElection78] INFO  ratis.XceiverServerRatis (XceiverServerRatis.java:handleLeaderChangedNotification(945)) - Leader change notification received for group: group-95DC0B5D4D97 with new leaderId: fdbfaedf-7027-42ee-aaca-8580b78dbea6
2024-01-14 17:00:33,947 [fdbfaedf-7027-42ee-aaca-8580b78dbea6@group-95DC0B5D4D97-LeaderElection78] INFO  server.RaftServer$Division (ServerState.java:setLeader(269)) - fdbfaedf-7027-42ee-aaca-8580b78dbea6@group-95DC0B5D4D97: change Leader from null to fdbfaedf-7027-42ee-aaca-8580b78dbea6 at term 1 for becomeLeader, leader elected after 5059ms
2024-01-14 17:00:33,947 [fdbfaedf-7027-42ee-aaca-8580b78dbea6@group-95DC0B5D4D97-LeaderElection78] INFO  segmented.SegmentedRaftLogWorker (SegmentedRaftLogWorker.java:startLogSegment(430)) - fdbfaedf-7027-42ee-aaca-8580b78dbea6@group-95DC0B5D4D97-SegmentedRaftLogWorker: Starting segment from index:0
2024-01-14 17:00:33,947 [fdbfaedf-7027-42ee-aaca-8580b78dbea6@group-95DC0B5D4D97-SegmentedRaftLogWorker] INFO  segmented.BufferedWriteChannel (BufferedWriteChannel.java:open(62)) - open log_inprogress_0 at position 0
2024-01-14 17:00:33,952 [fdbfaedf-7027-42ee-aaca-8580b78dbea6@group-95DC0B5D4D97-LeaderElection78] INFO  server.RaftServer$Division (ServerState.java:setRaftConf(386)) - fdbfaedf-7027-42ee-aaca-8580b78dbea6@group-95DC0B5D4D97: set configuration 0: peers:[fdbfaedf-7027-42ee-aaca-8580b78dbea6|10.1.0.34:15442]|listeners:[], old=null
2024-01-14 17:00:33,956 [fdbfaedf-7027-42ee-aaca-8580b78dbea6@group-95DC0B5D4D97-SegmentedRaftLogWorker] INFO  segmented.SegmentedRaftLogWorker (SegmentedRaftLogWorker.java:execute(634)) - fdbfaedf-7027-42ee-aaca-8580b78dbea6@group-95DC0B5D4D97-SegmentedRaftLogWorker: created new log segment /home/runner/work/ozone/ozone/hadoop-ozone/integration-test/target/test-dir/MiniOzoneClusterImpl-55f63948-b302-44a8-9a44-732f3ddcab57/datanode-8/data/ratis/5b73682b-7adb-495b-b20a-95dc0b5d4d97/current/log_inprogress_0
2024-01-14 17:00:33,956 [01ac3795-95be-4125-9c80-d1d2d581a769@group-9AEBABF676F3-SegmentedRaftLogWorker] INFO  segmented.SegmentedRaftLogWorker (SegmentedRaftLogWorker.java:execute(634)) - 01ac3795-95be-4125-9c80-d1d2d581a769@group-9AEBABF676F3-SegmentedRaftLogWorker: created new log segment /home/runner/work/ozone/ozone/hadoop-ozone/integration-test/target/test-dir/MiniOzoneClusterImpl-55f63948-b302-44a8-9a44-732f3ddcab57/datanode-6/data/ratis/c909b760-5f23-4c48-ab3d-9aebabf676f3/current/log_inprogress_0
2024-01-14 17:00:33,957 [31061ca7-84d9-4b7e-bdb5-51e4d8805ce5@group-9AEBABF676F3-StateMachineUpdater] INFO  server.RaftServer$Division (LeaderStateImpl.java:isApplied(320)) - leader is ready since appliedIndex == 0 >= startIndex == 0
2024-01-14 17:00:33,959 [fdbfaedf-7027-42ee-aaca-8580b78dbea6@group-95DC0B5D4D97-StateMachineUpdater] INFO  server.RaftServer$Division (LeaderStateImpl.java:isApplied(320)) - leader is ready since appliedIndex == 0 >= startIndex == 0
2024-01-14 17:00:33,982 [main] INFO  ozoneimpl.OzoneContainer (OzoneContainer.java:stop(479)) - Attempting to stop container services.
2024-01-14 17:00:33,982 [main] INFO  server.RaftServer (RaftServerProxy.java:lambda$close$9(416)) - f2927880-1f10-4686-b93c-5db3b548581d: close
2024-01-14 17:00:33,983 [f2927880-1f10-4686-b93c-5db3b548581d-impl-thread1] INFO  server.RaftServer$Division (RaftServerImpl.java:lambda$close$3(526)) - f2927880-1f10-4686-b93c-5db3b548581d@group-1E314555F5C2: shutdown
2024-01-14 17:00:33,983 [main] INFO  server.GrpcService (GrpcService.java:closeImpl(311)) - f2927880-1f10-4686-b93c-5db3b548581d: shutdown server org.apache.ratis.grpc.server.GrpcClientProtocolService now
2024-01-14 17:00:33,983 [f2927880-1f10-4686-b93c-5db3b548581d-impl-thread2] INFO  server.RaftServer$Division (RaftServerImpl.java:lambda$close$3(526)) - f2927880-1f10-4686-b93c-5db3b548581d@group-7AE465211717: shutdown
2024-01-14 17:00:33,983 [f2927880-1f10-4686-b93c-5db3b548581d-impl-thread1] INFO  util.JmxRegister (JmxRegister.java:unregister(73)) - Successfully un-registered JMX Bean with object name Ratis:service=RaftServer,group=group-1E314555F5C2,id=f2927880-1f10-4686-b93c-5db3b548581d
2024-01-14 17:00:33,983 [f2927880-1f10-4686-b93c-5db3b548581d-impl-thread1] INFO  impl.RoleInfo (RoleInfo.java:shutdownLeaderState(94)) - f2927880-1f10-4686-b93c-5db3b548581d: shutdown f2927880-1f10-4686-b93c-5db3b548581d@group-1E314555F5C2-LeaderStateImpl
2024-01-14 17:00:33,983 [f2927880-1f10-4686-b93c-5db3b548581d-impl-thread1] INFO  impl.PendingRequests (PendingRequests.java:sendNotLeaderResponses(289)) - f2927880-1f10-4686-b93c-5db3b548581d@group-1E314555F5C2-PendingRequests: sendNotLeaderResponses
2024-01-14 17:00:33,983 [f2927880-1f10-4686-b93c-5db3b548581d-impl-thread1] INFO  impl.StateMachineUpdater (StateMachineUpdater.java:stopAndJoin(157)) - f2927880-1f10-4686-b93c-5db3b548581d@group-1E314555F5C2-StateMachineUpdater: set stopIndex = 0
2024-01-14 17:00:33,983 [f2927880-1f10-4686-b93c-5db3b548581d@group-1E314555F5C2-StateMachineUpdater] INFO  ratis.ContainerStateMachine (ContainerStateMachine.java:takeSnapshot(355)) - group-1E314555F5C2: Taking a snapshot at:(t:1, i:0) file /home/runner/work/ozone/ozone/hadoop-ozone/integration-test/target/test-dir/MiniOzoneClusterImpl-55f63948-b302-44a8-9a44-732f3ddcab57/datanode-3/data/ratis/427e784b-880b-4bc9-9bed-1e314555f5c2/sm/snapshot.1_0
2024-01-14 17:00:33,983 [f2927880-1f10-4686-b93c-5db3b548581d-impl-thread2] INFO  util.JmxRegister (JmxRegister.java:unregister(73)) - Successfully un-registered JMX Bean with object name Ratis:service=RaftServer,group=group-7AE465211717,id=f2927880-1f10-4686-b93c-5db3b548581d
2024-01-14 17:00:33,984 [f2927880-1f10-4686-b93c-5db3b548581d-impl-thread2] INFO  impl.RoleInfo (RoleInfo.java:shutdownFollowerState(110)) - f2927880-1f10-4686-b93c-5db3b548581d: shutdown f2927880-1f10-4686-b93c-5db3b548581d@group-7AE465211717-FollowerState
2024-01-14 17:00:33,984 [f2927880-1f10-4686-b93c-5db3b548581d-impl-thread2] INFO  impl.StateMachineUpdater (StateMachineUpdater.java:stopAndJoin(157)) - f2927880-1f10-4686-b93c-5db3b548581d@group-7AE465211717-StateMachineUpdater: set stopIndex = 1
2024-01-14 17:00:33,984 [f2927880-1f10-4686-b93c-5db3b548581d@group-7AE465211717-StateMachineUpdater] INFO  ratis.ContainerStateMachine (ContainerStateMachine.java:takeSnapshot(355)) - group-7AE465211717: Taking a snapshot at:(t:1, i:1) file /home/runner/work/ozone/ozone/hadoop-ozone/integration-test/target/test-dir/MiniOzoneClusterImpl-55f63948-b302-44a8-9a44-732f3ddcab57/datanode-3/data/ratis/51a8a496-3ab8-4fe4-938f-7ae465211717/sm/snapshot.1_1
2024-01-14 17:00:33,984 [f2927880-1f10-4686-b93c-5db3b548581d@group-1E314555F5C2-StateMachineUpdater] INFO  ratis.ContainerStateMachine (ContainerStateMachine.java:takeSnapshot(366)) - group-1E314555F5C2: Finished taking a snapshot at:(t:1, i:0) file:/home/runner/work/ozone/ozone/hadoop-ozone/integration-test/target/test-dir/MiniOzoneClusterImpl-55f63948-b302-44a8-9a44-732f3ddcab57/datanode-3/data/ratis/427e784b-880b-4bc9-9bed-1e314555f5c2/sm/snapshot.1_0 took: 0 ms
2024-01-14 17:00:33,984 [f2927880-1f10-4686-b93c-5db3b548581d@group-7AE465211717-FollowerState] INFO  impl.FollowerState (FollowerState.java:run(152)) - f2927880-1f10-4686-b93c-5db3b548581d@group-7AE465211717-FollowerState was interrupted
2024-01-14 17:00:33,985 [f2927880-1f10-4686-b93c-5db3b548581d@group-1E314555F5C2-StateMachineUpdater] INFO  impl.StateMachineUpdater (StateMachineUpdater.java:takeSnapshot(295)) - f2927880-1f10-4686-b93c-5db3b548581d@group-1E314555F5C2-StateMachineUpdater: Took a snapshot at index 0
2024-01-14 17:00:33,985 [f2927880-1f10-4686-b93c-5db3b548581d@group-1E314555F5C2-StateMachineUpdater] INFO  impl.StateMachineUpdater (StateMachineUpdater.java:lambda$new$0(98)) - f2927880-1f10-4686-b93c-5db3b548581d@group-1E314555F5C2-StateMachineUpdater: snapshotIndex: updateIncreasingly -1 -> 0
2024-01-14 17:00:33,985 [f2927880-1f10-4686-b93c-5db3b548581d-impl-thread1] INFO  server.RaftServer$Division (ServerState.java:close(427)) - f2927880-1f10-4686-b93c-5db3b548581d@group-1E314555F5C2: applyIndex: 0
2024-01-14 17:00:33,985 [f2927880-1f10-4686-b93c-5db3b548581d@group-7AE465211717-StateMachineUpdater] INFO  ratis.ContainerStateMachine (ContainerStateMachine.java:takeSnapshot(366)) - group-7AE465211717: Finished taking a snapshot at:(t:1, i:1) file:/home/runner/work/ozone/ozone/hadoop-ozone/integration-test/target/test-dir/MiniOzoneClusterImpl-55f63948-b302-44a8-9a44-732f3ddcab57/datanode-3/data/ratis/51a8a496-3ab8-4fe4-938f-7ae465211717/sm/snapshot.1_1 took: 2 ms
2024-01-14 17:00:33,985 [f2927880-1f10-4686-b93c-5db3b548581d@group-7AE465211717-StateMachineUpdater] INFO  impl.StateMachineUpdater (StateMachineUpdater.java:takeSnapshot(295)) - f2927880-1f10-4686-b93c-5db3b548581d@group-7AE465211717-StateMachineUpdater: Took a snapshot at index 1
2024-01-14 17:00:33,985 [f2927880-1f10-4686-b93c-5db3b548581d@group-7AE465211717-StateMachineUpdater] INFO  impl.StateMachineUpdater (StateMachineUpdater.java:lambda$new$0(98)) - f2927880-1f10-4686-b93c-5db3b548581d@group-7AE465211717-StateMachineUpdater: snapshotIndex: updateIncreasingly -1 -> 1
2024-01-14 17:00:33,985 [f2927880-1f10-4686-b93c-5db3b548581d-impl-thread2] INFO  server.RaftServer$Division (ServerState.java:close(427)) - f2927880-1f10-4686-b93c-5db3b548581d@group-7AE465211717: applyIndex: 1
2024-01-14 17:00:33,985 [f2927880-1f10-4686-b93c-5db3b548581d@group-1E314555F5C2-cacheEviction-AwaitToRun] INFO  util.AwaitToRun (AwaitToRun.java:run(49)) - f2927880-1f10-4686-b93c-5db3b548581d@group-1E314555F5C2-cacheEviction-AwaitToRun-AwaitForSignal is interrupted
2024-01-14 17:00:33,985 [f2927880-1f10-4686-b93c-5db3b548581d@group-7AE465211717-cacheEviction-AwaitToRun] INFO  util.AwaitToRun (AwaitToRun.java:run(49)) - f2927880-1f10-4686-b93c-5db3b548581d@group-7AE465211717-cacheEviction-AwaitToRun-AwaitForSignal is interrupted
2024-01-14 17:00:33,986 [main] INFO  server.GrpcService (GrpcService.java:closeImpl(320)) - f2927880-1f10-4686-b93c-5db3b548581d: shutdown server org.apache.ratis.grpc.server.GrpcClientProtocolService successfully
2024-01-14 17:00:33,986 [main] INFO  server.GrpcService (GrpcService.java:closeImpl(311)) - f2927880-1f10-4686-b93c-5db3b548581d: shutdown server GrpcServerProtocolService now
2024-01-14 17:00:33,987 [grpc-default-executor-3] WARN  server.GrpcServerProtocolService (LogUtils.java:warn(121)) - f2927880-1f10-4686-b93c-5db3b548581d: APPEND_ENTRIES onError, lastRequest: null: org.apache.ratis.thirdparty.io.grpc.StatusRuntimeException: CANCELLED: client cancelled
2024-01-14 17:00:33,987 [grpc-default-executor-2] WARN  server.GrpcLogAppender (LogUtils.java:warn(121)) - bc0247fb-4108-4537-bc2d-6aaa51d5d1de@group-7AE465211717->f2927880-1f10-4686-b93c-5db3b548581d-AppendLogResponseHandler: Failed appendEntries: org.apache.ratis.thirdparty.io.grpc.StatusRuntimeException: CANCELLED: RST_STREAM closed stream. HTTP/2 error code: CANCEL
2024-01-14 17:00:33,987 [grpc-default-executor-2] WARN  server.GrpcLogAppender (GrpcLogAppender.java:lambda$resetClient$1(217)) - bc0247fb-4108-4537-bc2d-6aaa51d5d1de@group-7AE465211717->f2927880-1f10-4686-b93c-5db3b548581d-GrpcLogAppender: Follower failed (request=null, errorCount=1); keep nextIndex (3) unchanged and retry.
2024-01-14 17:00:33,991 [grpc-default-executor-6] WARN  server.GrpcServerProtocolService (LogUtils.java:warn(121)) - f2927880-1f10-4686-b93c-5db3b548581d: APPEND_ENTRIES onError, lastRequest: bc0247fb-4108-4537-bc2d-6aaa51d5d1de->f2927880-1f10-4686-b93c-5db3b548581d#5-t1,previous=(t:1, i:1),leaderCommit=1,initializing? false,entries: size=1, first=(t:1, i:2), METADATAENTRY(c:1): org.apache.ratis.thirdparty.io.grpc.StatusRuntimeException: CANCELLED: client cancelled
2024-01-14 17:00:33,992 [main] INFO  server.GrpcService (GrpcService.java:closeImpl(320)) - f2927880-1f10-4686-b93c-5db3b548581d: shutdown server GrpcServerProtocolService successfully
2024-01-14 17:00:33,992 [main] INFO  server.GrpcService (GrpcService.java:closeImpl(311)) - f2927880-1f10-4686-b93c-5db3b548581d: shutdown server org.apache.ratis.grpc.server.GrpcAdminProtocolService now
2024-01-14 17:00:33,992 [main] INFO  server.GrpcService (GrpcService.java:closeImpl(320)) - f2927880-1f10-4686-b93c-5db3b548581d: shutdown server org.apache.ratis.grpc.server.GrpcAdminProtocolService successfully
2024-01-14 17:00:33,994 [f2927880-1f10-4686-b93c-5db3b548581d-NettyServerStreamRpc-bossGroup--thread1] INFO  logging.LoggingHandler (AbstractInternalLogger.java:log(148)) - [id: 0x015b784f, L:/0.0.0.0:15398] CLOSE
2024-01-14 17:00:33,994 [f2927880-1f10-4686-b93c-5db3b548581d-NettyServerStreamRpc-bossGroup--thread1] INFO  logging.LoggingHandler (AbstractInternalLogger.java:log(148)) - [id: 0x015b784f, L:/0.0.0.0:15398] INACTIVE
2024-01-14 17:00:33,995 [f2927880-1f10-4686-b93c-5db3b548581d-NettyServerStreamRpc-bossGroup--thread1] INFO  logging.LoggingHandler (AbstractInternalLogger.java:log(148)) - [id: 0x015b784f, L:/0.0.0.0:15398] UNREGISTERED
2024-01-14 17:00:34,616 [f2927880-1f10-4686-b93c-5db3b548581d-impl-thread1] INFO  segmented.SegmentedRaftLogWorker (SegmentedRaftLogWorker.java:close(245)) - f2927880-1f10-4686-b93c-5db3b548581d@group-1E314555F5C2-SegmentedRaftLogWorker close()
2024-01-14 17:00:34,965 [f2927880-1f10-4686-b93c-5db3b548581d-impl-thread2] INFO  segmented.SegmentedRaftLogWorker (SegmentedRaftLogWorker.java:close(245)) - f2927880-1f10-4686-b93c-5db3b548581d@group-7AE465211717-SegmentedRaftLogWorker close()
2024-01-14 17:00:34,967 [JvmPauseMonitor49] INFO  util.JvmPauseMonitor (JvmPauseMonitor.java:run(152)) - JvmPauseMonitor-f2927880-1f10-4686-b93c-5db3b548581d: Stopped
2024-01-14 17:00:36,970 [main] INFO  utils.DatanodeStoreCache (DatanodeStoreCache.java:shutdownCache(116)) - Skip clearing cache in mini cluster mode. Entries left: [/home/runner/work/ozone/ozone/hadoop-ozone/integration-test/target/test-dir/MiniOzoneClusterImpl-55f63948-b302-44a8-9a44-732f3ddcab57/datanode-0/data-0/containers/hdds/55f63948-b302-44a8-9a44-732f3ddcab57/DS-93cfaba3-7577-4c32-b2e4-98e7aa7b9e64/container.db, /home/runner/work/ozone/ozone/hadoop-ozone/integration-test/target/test-dir/MiniOzoneClusterImpl-55f63948-b302-44a8-9a44-732f3ddcab57/datanode-1/data-0/containers/hdds/55f63948-b302-44a8-9a44-732f3ddcab57/DS-9f819fb4-9085-4c52-bf6c-8d9fdaa85b89/container.db, /home/runner/work/ozone/ozone/hadoop-ozone/integration-test/target/test-dir/MiniOzoneClusterImpl-55f63948-b302-44a8-9a44-732f3ddcab57/datanode-2/data-0/containers/hdds/55f63948-b302-44a8-9a44-732f3ddcab57/DS-0ddf1c3a-68fc-4513-ae81-bb1571061f28/container.db, /home/runner/work/ozone/ozone/hadoop-ozone/integration-test/target/test-dir/MiniOzoneClusterImpl-55f63948-b302-44a8-9a44-732f3ddcab57/datanode-3/data-0/containers/hdds/55f63948-b302-44a8-9a44-732f3ddcab57/DS-4c68c87e-216e-4d1b-af19-24b5f6da446d/container.db, /home/runner/work/ozone/ozone/hadoop-ozone/integration-test/target/test-dir/MiniOzoneClusterImpl-55f63948-b302-44a8-9a44-732f3ddcab57/datanode-4/data-0/containers/hdds/55f63948-b302-44a8-9a44-732f3ddcab57/DS-870f0aa7-7e0f-4139-80a8-953e151ec6f4/container.db, /home/runner/work/ozone/ozone/hadoop-ozone/integration-test/target/test-dir/MiniOzoneClusterImpl-55f63948-b302-44a8-9a44-732f3ddcab57/datanode-5/data-0/containers/hdds/55f63948-b302-44a8-9a44-732f3ddcab57/DS-fbd6794b-f7d8-43e2-89cb-276885ab5e8a/container.db, /home/runner/work/ozone/ozone/hadoop-ozone/integration-test/target/test-dir/MiniOzoneClusterImpl-55f63948-b302-44a8-9a44-732f3ddcab57/datanode-6/data-0/containers/hdds/55f63948-b302-44a8-9a44-732f3ddcab57/DS-63f4fb34-6354-44d7-836f-0cfa0e06532a/container.db, /home/runner/work/ozone/ozone/hadoop-ozone/integration-test/target/test-dir/MiniOzoneClusterImpl-55f63948-b302-44a8-9a44-732f3ddcab57/datanode-7/data-0/containers/hdds/55f63948-b302-44a8-9a44-732f3ddcab57/DS-f2100ce4-4e4e-4d47-b6f4-624f53a465e4/container.db, /home/runner/work/ozone/ozone/hadoop-ozone/integration-test/target/test-dir/MiniOzoneClusterImpl-55f63948-b302-44a8-9a44-732f3ddcab57/datanode-8/data-0/containers/hdds/55f63948-b302-44a8-9a44-732f3ddcab57/DS-9ea99bfe-2108-47f6-890d-9915cb06d078/container.db]
2024-01-14 17:00:36,971 [main] INFO  utils.DatanodeStoreCache (DatanodeStoreCache.java:removeDB(110)) - Removed db /home/runner/work/ozone/ozone/hadoop-ozone/integration-test/target/test-dir/MiniOzoneClusterImpl-55f63948-b302-44a8-9a44-732f3ddcab57/datanode-3/data-0/containers/hdds/55f63948-b302-44a8-9a44-732f3ddcab57/DS-4c68c87e-216e-4d1b-af19-24b5f6da446d/container.db from cache
2024-01-14 17:00:36,972 [main] INFO  volume.HddsVolume (HddsVolume.java:closeDbStore(451)) - SchemaV3 db is stopped at /home/runner/work/ozone/ozone/hadoop-ozone/integration-test/target/test-dir/MiniOzoneClusterImpl-55f63948-b302-44a8-9a44-732f3ddcab57/datanode-3/data-0/containers/hdds/55f63948-b302-44a8-9a44-732f3ddcab57/DS-4c68c87e-216e-4d1b-af19-24b5f6da446d/container.db for volume DS-4c68c87e-216e-4d1b-af19-24b5f6da446d
2024-01-14 17:00:36,972 [main] INFO  utils.BackgroundService (BackgroundService.java:shutdown(160)) - Shutting down service BlockDeletingService
2024-01-14 17:00:36,972 [main] INFO  utils.BackgroundService (BackgroundService.java:shutdown(160)) - Shutting down service StaleRecoveringContainerScrubbingService
2024-01-14 17:00:36,972 [main] INFO  statemachine.DatanodeStateMachine (DatanodeStateMachine.java:stopDaemon(638)) - Ozone container server stopped.
2024-01-14 17:00:36,973 [main] INFO  handler.ContextHandler (ContextHandler.java:doStop(1159)) - Stopped o.e.j.w.WebAppContext@206e1e7c{hddsDatanode,/,null,STOPPED}{jar:file:/home/runner/.m2/repository/org/apache/ozone/hdds-container-service/1.5.0-SNAPSHOT/hdds-container-service-1.5.0-SNAPSHOT.jar!/webapps/hddsDatanode}
2024-01-14 17:00:36,973 [main] INFO  server.AbstractConnector (AbstractConnector.java:doStop(383)) - Stopped ServerConnector@627903e0{HTTP/1.1, (http/1.1)}{0.0.0.0:15392}
2024-01-14 17:00:36,973 [main] INFO  server.session (HouseKeeper.java:stopScavenging(149)) - node0 Stopped scavenging
2024-01-14 17:00:36,974 [main] INFO  handler.ContextHandler (ContextHandler.java:doStop(1159)) - Stopped o.e.j.s.ServletContextHandler@372f7790{static,/static,jar:file:/home/runner/.m2/repository/org/apache/ozone/hdds-container-service/1.5.0-SNAPSHOT/hdds-container-service-1.5.0-SNAPSHOT.jar!/webapps/static,STOPPED}
2024-01-14 17:00:36,974 [main] INFO  handler.ContextHandler (ContextHandler.java:doStop(1159)) - Stopped o.e.j.s.ServletContextHandler@41badf59{logs,/logs,file:///home/runner/work/ozone/ozone/hadoop-ozone/integration-test/target/log,STOPPED}
2024-01-14 17:00:36,974 [main] INFO  ozone.HddsDatanodeClientProtocolServer (HddsDatanodeClientProtocolServer.java:stop(78)) - Stopping the RPC server for Client Protocol
2024-01-14 17:00:36,974 [main] INFO  ipc.Server (Server.java:stop(3523)) - Stopping server on 15393
2024-01-14 17:00:36,976 [IPC Server listener on 15393] INFO  ipc.Server (Server.java:run(1434)) - Stopping IPC Server listener on 15393
2024-01-14 17:00:36,977 [IPC Server Responder] INFO  ipc.Server (Server.java:run(1567)) - Stopping IPC Server Responder
2024-01-14 17:00:36,978 [main] INFO  ozoneimpl.OzoneContainer (OzoneContainer.java:stop(479)) - Attempting to stop container services.
2024-01-14 17:00:36,978 [main] INFO  server.RaftServer (RaftServerProxy.java:lambda$close$9(416)) - cccf6745-afeb-413c-bfb5-a8d67b6b623b: close
2024-01-14 17:00:36,978 [cccf6745-afeb-413c-bfb5-a8d67b6b623b-impl-thread1] INFO  server.RaftServer$Division (RaftServerImpl.java:lambda$close$3(526)) - cccf6745-afeb-413c-bfb5-a8d67b6b623b@group-F32CB735A442: shutdown
2024-01-14 17:00:36,978 [cccf6745-afeb-413c-bfb5-a8d67b6b623b-impl-thread1] INFO  util.JmxRegister (JmxRegister.java:unregister(73)) - Successfully un-registered JMX Bean with object name Ratis:service=RaftServer,group=group-F32CB735A442,id=cccf6745-afeb-413c-bfb5-a8d67b6b623b
2024-01-14 17:00:36,978 [main] INFO  server.GrpcService (GrpcService.java:closeImpl(311)) - cccf6745-afeb-413c-bfb5-a8d67b6b623b: shutdown server org.apache.ratis.grpc.server.GrpcClientProtocolService now
2024-01-14 17:00:36,978 [cccf6745-afeb-413c-bfb5-a8d67b6b623b-impl-thread1] INFO  impl.RoleInfo (RoleInfo.java:shutdownLeaderState(94)) - cccf6745-afeb-413c-bfb5-a8d67b6b623b: shutdown cccf6745-afeb-413c-bfb5-a8d67b6b623b@group-F32CB735A442-LeaderStateImpl
2024-01-14 17:00:36,979 [cccf6745-afeb-413c-bfb5-a8d67b6b623b-impl-thread2] INFO  server.RaftServer$Division (RaftServerImpl.java:lambda$close$3(526)) - cccf6745-afeb-413c-bfb5-a8d67b6b623b@group-7AE465211717: shutdown
2024-01-14 17:00:36,979 [cccf6745-afeb-413c-bfb5-a8d67b6b623b-impl-thread1] INFO  impl.PendingRequests (PendingRequests.java:sendNotLeaderResponses(289)) - cccf6745-afeb-413c-bfb5-a8d67b6b623b@group-F32CB735A442-PendingRequests: sendNotLeaderResponses
2024-01-14 17:00:36,979 [cccf6745-afeb-413c-bfb5-a8d67b6b623b-impl-thread2] INFO  util.JmxRegister (JmxRegister.java:unregister(73)) - Successfully un-registered JMX Bean with object name Ratis:service=RaftServer,group=group-7AE465211717,id=cccf6745-afeb-413c-bfb5-a8d67b6b623b
2024-01-14 17:00:36,979 [cccf6745-afeb-413c-bfb5-a8d67b6b623b-impl-thread2] INFO  impl.RoleInfo (RoleInfo.java:shutdownFollowerState(110)) - cccf6745-afeb-413c-bfb5-a8d67b6b623b: shutdown cccf6745-afeb-413c-bfb5-a8d67b6b623b@group-7AE465211717-FollowerState
2024-01-14 17:00:36,979 [cccf6745-afeb-413c-bfb5-a8d67b6b623b-impl-thread2] INFO  impl.StateMachineUpdater (StateMachineUpdater.java:stopAndJoin(157)) - cccf6745-afeb-413c-bfb5-a8d67b6b623b@group-7AE465211717-StateMachineUpdater: set stopIndex = 2
2024-01-14 17:00:36,979 [cccf6745-afeb-413c-bfb5-a8d67b6b623b@group-7AE465211717-StateMachineUpdater] INFO  ratis.ContainerStateMachine (ContainerStateMachine.java:takeSnapshot(355)) - group-7AE465211717: Taking a snapshot at:(t:1, i:2) file /home/runner/work/ozone/ozone/hadoop-ozone/integration-test/target/test-dir/MiniOzoneClusterImpl-55f63948-b302-44a8-9a44-732f3ddcab57/datanode-4/data/ratis/51a8a496-3ab8-4fe4-938f-7ae465211717/sm/snapshot.1_2
2024-01-14 17:00:36,979 [cccf6745-afeb-413c-bfb5-a8d67b6b623b-impl-thread1] INFO  impl.StateMachineUpdater (StateMachineUpdater.java:stopAndJoin(157)) - cccf6745-afeb-413c-bfb5-a8d67b6b623b@group-F32CB735A442-StateMachineUpdater: set stopIndex = 0
2024-01-14 17:00:36,979 [cccf6745-afeb-413c-bfb5-a8d67b6b623b@group-F32CB735A442-StateMachineUpdater] INFO  ratis.ContainerStateMachine (ContainerStateMachine.java:takeSnapshot(355)) - group-F32CB735A442: Taking a snapshot at:(t:1, i:0) file /home/runner/work/ozone/ozone/hadoop-ozone/integration-test/target/test-dir/MiniOzoneClusterImpl-55f63948-b302-44a8-9a44-732f3ddcab57/datanode-4/data/ratis/55dc7a08-534a-4c8e-a071-f32cb735a442/sm/snapshot.1_0
2024-01-14 17:00:36,979 [cccf6745-afeb-413c-bfb5-a8d67b6b623b@group-7AE465211717-FollowerState] INFO  impl.FollowerState (FollowerState.java:run(152)) - cccf6745-afeb-413c-bfb5-a8d67b6b623b@group-7AE465211717-FollowerState was interrupted
2024-01-14 17:00:36,980 [cccf6745-afeb-413c-bfb5-a8d67b6b623b@group-F32CB735A442-StateMachineUpdater] INFO  ratis.ContainerStateMachine (ContainerStateMachine.java:takeSnapshot(366)) - group-F32CB735A442: Finished taking a snapshot at:(t:1, i:0) file:/home/runner/work/ozone/ozone/hadoop-ozone/integration-test/target/test-dir/MiniOzoneClusterImpl-55f63948-b302-44a8-9a44-732f3ddcab57/datanode-4/data/ratis/55dc7a08-534a-4c8e-a071-f32cb735a442/sm/snapshot.1_0 took: 0 ms
2024-01-14 17:00:36,980 [Thread-5726] INFO  server.GrpcServerProtocolClient (GrpcServerProtocolClient.java:close(103)) - f2927880-1f10-4686-b93c-5db3b548581d Close channels
2024-01-14 17:00:36,980 [cccf6745-afeb-413c-bfb5-a8d67b6b623b@group-F32CB735A442-StateMachineUpdater] INFO  impl.StateMachineUpdater (StateMachineUpdater.java:takeSnapshot(295)) - cccf6745-afeb-413c-bfb5-a8d67b6b623b@group-F32CB735A442-StateMachineUpdater: Took a snapshot at index 0
2024-01-14 17:00:36,980 [cccf6745-afeb-413c-bfb5-a8d67b6b623b@group-7AE465211717-StateMachineUpdater] INFO  ratis.ContainerStateMachine (ContainerStateMachine.java:takeSnapshot(366)) - group-7AE465211717: Finished taking a snapshot at:(t:1, i:2) file:/home/runner/work/ozone/ozone/hadoop-ozone/integration-test/target/test-dir/MiniOzoneClusterImpl-55f63948-b302-44a8-9a44-732f3ddcab57/datanode-4/data/ratis/51a8a496-3ab8-4fe4-938f-7ae465211717/sm/snapshot.1_2 took: 2 ms
2024-01-14 17:00:36,980 [cccf6745-afeb-413c-bfb5-a8d67b6b623b@group-7AE465211717-StateMachineUpdater] INFO  impl.StateMachineUpdater (StateMachineUpdater.java:takeSnapshot(295)) - cccf6745-afeb-413c-bfb5-a8d67b6b623b@group-7AE465211717-StateMachineUpdater: Took a snapshot at index 2
2024-01-14 17:00:36,980 [cccf6745-afeb-413c-bfb5-a8d67b6b623b@group-7AE465211717-StateMachineUpdater] INFO  impl.StateMachineUpdater (StateMachineUpdater.java:lambda$new$0(98)) - cccf6745-afeb-413c-bfb5-a8d67b6b623b@group-7AE465211717-StateMachineUpdater: snapshotIndex: updateIncreasingly -1 -> 2
2024-01-14 17:00:36,980 [Thread-5728] INFO  server.GrpcServerProtocolClient (GrpcServerProtocolClient.java:close(103)) - bc0247fb-4108-4537-bc2d-6aaa51d5d1de Close channels
2024-01-14 17:00:36,980 [cccf6745-afeb-413c-bfb5-a8d67b6b623b@group-F32CB735A442-StateMachineUpdater] INFO  impl.StateMachineUpdater (StateMachineUpdater.java:lambda$new$0(98)) - cccf6745-afeb-413c-bfb5-a8d67b6b623b@group-F32CB735A442-StateMachineUpdater: snapshotIndex: updateIncreasingly -1 -> 0
2024-01-14 17:00:36,981 [cccf6745-afeb-413c-bfb5-a8d67b6b623b-impl-thread1] INFO  server.RaftServer$Division (ServerState.java:close(427)) - cccf6745-afeb-413c-bfb5-a8d67b6b623b@group-F32CB735A442: applyIndex: 0
2024-01-14 17:00:36,981 [cccf6745-afeb-413c-bfb5-a8d67b6b623b@group-F32CB735A442-cacheEviction-AwaitToRun] INFO  util.AwaitToRun (AwaitToRun.java:run(49)) - cccf6745-afeb-413c-bfb5-a8d67b6b623b@group-F32CB735A442-cacheEviction-AwaitToRun-AwaitForSignal is interrupted
2024-01-14 17:00:36,981 [cccf6745-afeb-413c-bfb5-a8d67b6b623b-impl-thread2] INFO  server.RaftServer$Division (ServerState.java:close(427)) - cccf6745-afeb-413c-bfb5-a8d67b6b623b@group-7AE465211717: applyIndex: 2
2024-01-14 17:00:36,981 [cccf6745-afeb-413c-bfb5-a8d67b6b623b@group-7AE465211717-cacheEviction-AwaitToRun] INFO  util.AwaitToRun (AwaitToRun.java:run(49)) - cccf6745-afeb-413c-bfb5-a8d67b6b623b@group-7AE465211717-cacheEviction-AwaitToRun-AwaitForSignal is interrupted
2024-01-14 17:00:36,982 [main] INFO  server.GrpcService (GrpcService.java:closeImpl(320)) - cccf6745-afeb-413c-bfb5-a8d67b6b623b: shutdown server org.apache.ratis.grpc.server.GrpcClientProtocolService successfully
2024-01-14 17:00:36,982 [main] INFO  server.GrpcService (GrpcService.java:closeImpl(311)) - cccf6745-afeb-413c-bfb5-a8d67b6b623b: shutdown server GrpcServerProtocolService now
2024-01-14 17:00:36,983 [main] INFO  server.GrpcService (GrpcService.java:closeImpl(320)) - cccf6745-afeb-413c-bfb5-a8d67b6b623b: shutdown server GrpcServerProtocolService successfully
2024-01-14 17:00:36,983 [main] INFO  server.GrpcService (GrpcService.java:closeImpl(311)) - cccf6745-afeb-413c-bfb5-a8d67b6b623b: shutdown server org.apache.ratis.grpc.server.GrpcAdminProtocolService now
2024-01-14 17:00:36,983 [grpc-default-executor-6] WARN  server.GrpcServerProtocolService (LogUtils.java:warn(121)) - cccf6745-afeb-413c-bfb5-a8d67b6b623b: APPEND_ENTRIES onError, lastRequest: bc0247fb-4108-4537-bc2d-6aaa51d5d1de->cccf6745-afeb-413c-bfb5-a8d67b6b623b#6-t1,previous=(t:1, i:1),leaderCommit=1,initializing? false,entries: size=1, first=(t:1, i:2), METADATAENTRY(c:1): org.apache.ratis.thirdparty.io.grpc.StatusRuntimeException: CANCELLED: client cancelled
2024-01-14 17:00:36,987 [grpc-default-executor-3] WARN  server.GrpcServerProtocolService (LogUtils.java:warn(121)) - cccf6745-afeb-413c-bfb5-a8d67b6b623b: APPEND_ENTRIES onError, lastRequest: null: org.apache.ratis.thirdparty.io.grpc.StatusRuntimeException: CANCELLED: client cancelled
2024-01-14 17:00:36,987 [grpc-default-executor-0] WARN  server.GrpcLogAppender (GrpcLogAppender.java:lambda$resetClient$1(217)) - bc0247fb-4108-4537-bc2d-6aaa51d5d1de@group-7AE465211717->cccf6745-afeb-413c-bfb5-a8d67b6b623b-GrpcLogAppender: Follower failed (request=null, errorCount=1); keep nextIndex (3) unchanged and retry.
2024-01-14 17:00:36,983 [grpc-default-executor-5] WARN  server.GrpcLogAppender (LogUtils.java:warn(121)) - bc0247fb-4108-4537-bc2d-6aaa51d5d1de@group-7AE465211717->cccf6745-afeb-413c-bfb5-a8d67b6b623b-AppendLogResponseHandler: Failed appendEntries: org.apache.ratis.thirdparty.io.grpc.StatusRuntimeException: CANCELLED: RST_STREAM closed stream. HTTP/2 error code: CANCEL
2024-01-14 17:00:36,988 [main] INFO  server.GrpcService (GrpcService.java:closeImpl(320)) - cccf6745-afeb-413c-bfb5-a8d67b6b623b: shutdown server org.apache.ratis.grpc.server.GrpcAdminProtocolService successfully
2024-01-14 17:00:36,990 [cccf6745-afeb-413c-bfb5-a8d67b6b623b-NettyServerStreamRpc-bossGroup--thread1] INFO  logging.LoggingHandler (AbstractInternalLogger.java:log(148)) - [id: 0x9f18a42b, L:/0.0.0.0:15407] CLOSE
2024-01-14 17:00:36,990 [cccf6745-afeb-413c-bfb5-a8d67b6b623b-NettyServerStreamRpc-bossGroup--thread1] INFO  logging.LoggingHandler (AbstractInternalLogger.java:log(148)) - [id: 0x9f18a42b, L:/0.0.0.0:15407] INACTIVE
2024-01-14 17:00:36,990 [cccf6745-afeb-413c-bfb5-a8d67b6b623b-NettyServerStreamRpc-bossGroup--thread1] INFO  logging.LoggingHandler (AbstractInternalLogger.java:log(148)) - [id: 0x9f18a42b, L:/0.0.0.0:15407] UNREGISTERED
2024-01-14 17:00:37,703 [cccf6745-afeb-413c-bfb5-a8d67b6b623b-impl-thread1] INFO  segmented.SegmentedRaftLogWorker (SegmentedRaftLogWorker.java:close(245)) - cccf6745-afeb-413c-bfb5-a8d67b6b623b@group-F32CB735A442-SegmentedRaftLogWorker close()
2024-01-14 17:00:37,966 [cccf6745-afeb-413c-bfb5-a8d67b6b623b-impl-thread2] INFO  segmented.SegmentedRaftLogWorker (SegmentedRaftLogWorker.java:close(245)) - cccf6745-afeb-413c-bfb5-a8d67b6b623b@group-7AE465211717-SegmentedRaftLogWorker close()
2024-01-14 17:00:37,967 [JvmPauseMonitor50] INFO  util.JvmPauseMonitor (JvmPauseMonitor.java:run(152)) - JvmPauseMonitor-cccf6745-afeb-413c-bfb5-a8d67b6b623b: Stopped
2024-01-14 17:00:38,987 [timer3] WARN  server.GrpcLogAppender (LogUtils.java:warn(121)) - bc0247fb-4108-4537-bc2d-6aaa51d5d1de@group-7AE465211717->f2927880-1f10-4686-b93c-5db3b548581d-AppendLogResponseHandler: Failed appendEntries (Repeated 8 times in the last 5.000s): org.apache.ratis.thirdparty.io.grpc.StatusRuntimeException: UNAVAILABLE: io exception
2024-01-14 17:00:38,987 [timer4] WARN  server.GrpcLogAppender (GrpcLogAppender.java:lambda$resetClient$1(217)) - bc0247fb-4108-4537-bc2d-6aaa51d5d1de@group-7AE465211717->f2927880-1f10-4686-b93c-5db3b548581d-GrpcLogAppender: Follower failed (request=null, errorCount=8); keep nextIndex (3) unchanged and retry. (Repeated 8 times in the last 5.000s)
2024-01-14 17:00:39,971 [main] INFO  utils.DatanodeStoreCache (DatanodeStoreCache.java:shutdownCache(116)) - Skip clearing cache in mini cluster mode. Entries left: [/home/runner/work/ozone/ozone/hadoop-ozone/integration-test/target/test-dir/MiniOzoneClusterImpl-55f63948-b302-44a8-9a44-732f3ddcab57/datanode-0/data-0/containers/hdds/55f63948-b302-44a8-9a44-732f3ddcab57/DS-93cfaba3-7577-4c32-b2e4-98e7aa7b9e64/container.db, /home/runner/work/ozone/ozone/hadoop-ozone/integration-test/target/test-dir/MiniOzoneClusterImpl-55f63948-b302-44a8-9a44-732f3ddcab57/datanode-1/data-0/containers/hdds/55f63948-b302-44a8-9a44-732f3ddcab57/DS-9f819fb4-9085-4c52-bf6c-8d9fdaa85b89/container.db, /home/runner/work/ozone/ozone/hadoop-ozone/integration-test/target/test-dir/MiniOzoneClusterImpl-55f63948-b302-44a8-9a44-732f3ddcab57/datanode-2/data-0/containers/hdds/55f63948-b302-44a8-9a44-732f3ddcab57/DS-0ddf1c3a-68fc-4513-ae81-bb1571061f28/container.db, /home/runner/work/ozone/ozone/hadoop-ozone/integration-test/target/test-dir/MiniOzoneClusterImpl-55f63948-b302-44a8-9a44-732f3ddcab57/datanode-4/data-0/containers/hdds/55f63948-b302-44a8-9a44-732f3ddcab57/DS-870f0aa7-7e0f-4139-80a8-953e151ec6f4/container.db, /home/runner/work/ozone/ozone/hadoop-ozone/integration-test/target/test-dir/MiniOzoneClusterImpl-55f63948-b302-44a8-9a44-732f3ddcab57/datanode-5/data-0/containers/hdds/55f63948-b302-44a8-9a44-732f3ddcab57/DS-fbd6794b-f7d8-43e2-89cb-276885ab5e8a/container.db, /home/runner/work/ozone/ozone/hadoop-ozone/integration-test/target/test-dir/MiniOzoneClusterImpl-55f63948-b302-44a8-9a44-732f3ddcab57/datanode-6/data-0/containers/hdds/55f63948-b302-44a8-9a44-732f3ddcab57/DS-63f4fb34-6354-44d7-836f-0cfa0e06532a/container.db, /home/runner/work/ozone/ozone/hadoop-ozone/integration-test/target/test-dir/MiniOzoneClusterImpl-55f63948-b302-44a8-9a44-732f3ddcab57/datanode-7/data-0/containers/hdds/55f63948-b302-44a8-9a44-732f3ddcab57/DS-f2100ce4-4e4e-4d47-b6f4-624f53a465e4/container.db, /home/runner/work/ozone/ozone/hadoop-ozone/integration-test/target/test-dir/MiniOzoneClusterImpl-55f63948-b302-44a8-9a44-732f3ddcab57/datanode-8/data-0/containers/hdds/55f63948-b302-44a8-9a44-732f3ddcab57/DS-9ea99bfe-2108-47f6-890d-9915cb06d078/container.db]
2024-01-14 17:00:39,972 [main] INFO  utils.DatanodeStoreCache (DatanodeStoreCache.java:removeDB(110)) - Removed db /home/runner/work/ozone/ozone/hadoop-ozone/integration-test/target/test-dir/MiniOzoneClusterImpl-55f63948-b302-44a8-9a44-732f3ddcab57/datanode-4/data-0/containers/hdds/55f63948-b302-44a8-9a44-732f3ddcab57/DS-870f0aa7-7e0f-4139-80a8-953e151ec6f4/container.db from cache
2024-01-14 17:00:39,972 [main] INFO  volume.HddsVolume (HddsVolume.java:closeDbStore(451)) - SchemaV3 db is stopped at /home/runner/work/ozone/ozone/hadoop-ozone/integration-test/target/test-dir/MiniOzoneClusterImpl-55f63948-b302-44a8-9a44-732f3ddcab57/datanode-4/data-0/containers/hdds/55f63948-b302-44a8-9a44-732f3ddcab57/DS-870f0aa7-7e0f-4139-80a8-953e151ec6f4/container.db for volume DS-870f0aa7-7e0f-4139-80a8-953e151ec6f4
2024-01-14 17:00:39,972 [main] INFO  utils.BackgroundService (BackgroundService.java:shutdown(160)) - Shutting down service BlockDeletingService
2024-01-14 17:00:39,972 [main] INFO  utils.BackgroundService (BackgroundService.java:shutdown(160)) - Shutting down service StaleRecoveringContainerScrubbingService
2024-01-14 17:00:39,973 [main] INFO  statemachine.DatanodeStateMachine (DatanodeStateMachine.java:stopDaemon(638)) - Ozone container server stopped.
2024-01-14 17:00:39,973 [main] INFO  handler.ContextHandler (ContextHandler.java:doStop(1159)) - Stopped o.e.j.w.WebAppContext@3ba21697{hddsDatanode,/,null,STOPPED}{jar:file:/home/runner/.m2/repository/org/apache/ozone/hdds-container-service/1.5.0-SNAPSHOT/hdds-container-service-1.5.0-SNAPSHOT.jar!/webapps/hddsDatanode}
2024-01-14 17:00:39,974 [main] INFO  server.AbstractConnector (AbstractConnector.java:doStop(383)) - Stopped ServerConnector@4ba24e06{HTTP/1.1, (http/1.1)}{0.0.0.0:15401}
2024-01-14 17:00:39,974 [main] INFO  server.session (HouseKeeper.java:stopScavenging(149)) - node0 Stopped scavenging
2024-01-14 17:00:39,974 [main] INFO  handler.ContextHandler (ContextHandler.java:doStop(1159)) - Stopped o.e.j.s.ServletContextHandler@6e2dd709{static,/static,jar:file:/home/runner/.m2/repository/org/apache/ozone/hdds-container-service/1.5.0-SNAPSHOT/hdds-container-service-1.5.0-SNAPSHOT.jar!/webapps/static,STOPPED}
2024-01-14 17:00:39,975 [main] INFO  handler.ContextHandler (ContextHandler.java:doStop(1159)) - Stopped o.e.j.s.ServletContextHandler@76567d68{logs,/logs,file:///home/runner/work/ozone/ozone/hadoop-ozone/integration-test/target/log,STOPPED}
2024-01-14 17:00:39,975 [main] INFO  ozone.HddsDatanodeClientProtocolServer (HddsDatanodeClientProtocolServer.java:stop(78)) - Stopping the RPC server for Client Protocol
2024-01-14 17:00:39,975 [main] INFO  ipc.Server (Server.java:stop(3523)) - Stopping server on 15402
2024-01-14 17:00:39,977 [IPC Server listener on 15402] INFO  ipc.Server (Server.java:run(1434)) - Stopping IPC Server listener on 15402
2024-01-14 17:00:39,977 [IPC Server Responder] INFO  ipc.Server (Server.java:run(1567)) - Stopping IPC Server Responder
2024-01-14 17:00:39,978 [main] INFO  pipeline.PipelineManagerImpl (PipelineManagerImpl.java:closeContainersForPipeline(484)) - Container #1 closed for pipeline=PipelineID=51a8a496-3ab8-4fe4-938f-7ae465211717
2024-01-14 17:00:39,979 [EventQueue-CloseContainerForCloseContainerEventHandler] INFO  container.CloseContainerEventHandler (CloseContainerEventHandler.java:onMessage(88)) - Close container Event triggered for container : #1, current state: CLOSING
2024-01-14 17:00:39,979 [main] INFO  pipeline.PipelineManagerImpl (PipelineManagerImpl.java:closePipeline(518)) - Pipeline PipelineID=51a8a496-3ab8-4fe4-938f-7ae465211717 moved to CLOSED state
2024-01-14 17:00:40,222 [grpc-default-executor-3] WARN  server.GrpcLogAppender (LogUtils.java:warn(121)) - bc0247fb-4108-4537-bc2d-6aaa51d5d1de@group-7AE465211717->f2927880-1f10-4686-b93c-5db3b548581d-AppendLogResponseHandler: Failed appendEntries: org.apache.ratis.thirdparty.io.grpc.StatusRuntimeException: UNAVAILABLE: io exception
2024-01-14 17:00:40,223 [grpc-default-executor-6] WARN  server.GrpcLogAppender (GrpcLogAppender.java:lambda$resetClient$1(217)) - bc0247fb-4108-4537-bc2d-6aaa51d5d1de@group-7AE465211717->f2927880-1f10-4686-b93c-5db3b548581d-GrpcLogAppender: Follower failed (request=null, errorCount=9); keep nextIndex (3) unchanged and retry.
2024-01-14 17:00:41,988 [timer2] WARN  server.GrpcLogAppender (GrpcLogAppender.java:lambda$resetClient$1(217)) - bc0247fb-4108-4537-bc2d-6aaa51d5d1de@group-7AE465211717->cccf6745-afeb-413c-bfb5-a8d67b6b623b-GrpcLogAppender: Follower failed (request=null, errorCount=10); keep nextIndex (3) unchanged and retry. (Repeated 10 times in the last 5.001s)
2024-01-14 17:00:41,988 [timer3] WARN  server.GrpcLogAppender (LogUtils.java:warn(121)) - bc0247fb-4108-4537-bc2d-6aaa51d5d1de@group-7AE465211717->cccf6745-afeb-413c-bfb5-a8d67b6b623b-AppendLogResponseHandler: Failed appendEntries (Repeated 10 times in the last 5.005s): org.apache.ratis.thirdparty.io.grpc.StatusRuntimeException: UNAVAILABLE: io exception
2024-01-14 17:00:42,729 [grpc-default-executor-3] WARN  server.GrpcLogAppender (LogUtils.java:warn(121)) - bc0247fb-4108-4537-bc2d-6aaa51d5d1de@group-7AE465211717->cccf6745-afeb-413c-bfb5-a8d67b6b623b-AppendLogResponseHandler: Failed appendEntries: org.apache.ratis.thirdparty.io.grpc.StatusRuntimeException: UNAVAILABLE: io exception
2024-01-14 17:00:42,730 [grpc-default-executor-5] WARN  server.GrpcLogAppender (GrpcLogAppender.java:lambda$resetClient$1(217)) - bc0247fb-4108-4537-bc2d-6aaa51d5d1de@group-7AE465211717->cccf6745-afeb-413c-bfb5-a8d67b6b623b-GrpcLogAppender: Follower failed (request=null, errorCount=11); keep nextIndex (3) unchanged and retry.
2024-01-14 17:00:43,458 [null-request--thread1] INFO  server.GrpcClientProtocolService (GrpcClientProtocolService.java:lambda$processClientRequest$0(284)) - Failed RaftClientRequest:client-5F0B8D2DE3A6->bc0247fb-4108-4537-bc2d-6aaa51d5d1de@group-7AE465211717, cid=79, seq=null, Watch-ALL_COMMITTED(20), Message:<EMPTY>, reply=RaftClientReply:client-5F0B8D2DE3A6->bc0247fb-4108-4537-bc2d-6aaa51d5d1de@group-7AE465211717, cid=79, FAILED org.apache.ratis.protocol.exceptions.NotReplicatedException: Request with call Id 79 and log index 20 is not yet replicated to ALL_COMMITTED, logIndex=20, commits[bc0247fb-4108-4537-bc2d-6aaa51d5d1de:c2, f2927880-1f10-4686-b93c-5db3b548581d:c1, cccf6745-afeb-413c-bfb5-a8d67b6b623b:c2]
2024-01-14 17:00:43,460 [main] WARN  scm.XceiverClientRatis (XceiverClientRatis.java:watchForCommit(284)) - 3 way commit failed on pipeline Pipeline[ Id: 51a8a496-3ab8-4fe4-938f-7ae465211717, Nodes: f2927880-1f10-4686-b93c-5db3b548581d(fv-az1248-16.lhg1ljel1gwudbpqdk5ar2pfag.bx.internal.cloudapp.net/10.1.0.34)cccf6745-afeb-413c-bfb5-a8d67b6b623b(fv-az1248-16.lhg1ljel1gwudbpqdk5ar2pfag.bx.internal.cloudapp.net/10.1.0.34)bc0247fb-4108-4537-bc2d-6aaa51d5d1de(fv-az1248-16.lhg1ljel1gwudbpqdk5ar2pfag.bx.internal.cloudapp.net/10.1.0.34), ReplicationConfig: RATIS/THREE, State:OPEN, leaderId:bc0247fb-4108-4537-bc2d-6aaa51d5d1de, CreationTimestamp2024-01-14T17:00:25.619Z[Etc/UTC]]
java.util.concurrent.ExecutionException: org.apache.ratis.protocol.exceptions.NotReplicatedException: Request with call Id 79 and log index 20 is not yet replicated to ALL_COMMITTED
	at java.util.concurrent.CompletableFuture.reportGet(CompletableFuture.java:357)
	at java.util.concurrent.CompletableFuture.get(CompletableFuture.java:1908)
	at org.apache.hadoop.hdds.scm.XceiverClientRatis.watchForCommit(XceiverClientRatis.java:279)
	at org.apache.hadoop.ozone.client.rpc.TestWatchForCommit.testWatchForCommitForRetryfailure(TestWatchForCommit.java:283)
	at sun.reflect.NativeMethodAccessorImpl.invoke0(Native Method)
	at sun.reflect.NativeMethodAccessorImpl.invoke(NativeMethodAccessorImpl.java:62)
	at sun.reflect.DelegatingMethodAccessorImpl.invoke(DelegatingMethodAccessorImpl.java:43)
	at java.lang.reflect.Method.invoke(Method.java:498)
	at org.junit.platform.commons.util.ReflectionUtils.invokeMethod(ReflectionUtils.java:728)
	at org.junit.jupiter.engine.execution.MethodInvocation.proceed(MethodInvocation.java:60)
	at org.junit.jupiter.engine.execution.InvocationInterceptorChain$ValidatingInvocation.proceed(InvocationInterceptorChain.java:131)
	at org.junit.jupiter.engine.extension.TimeoutExtension.intercept(TimeoutExtension.java:156)
	at org.junit.jupiter.engine.extension.TimeoutExtension.interceptTestableMethod(TimeoutExtension.java:147)
	at org.junit.jupiter.engine.extension.TimeoutExtension.interceptTestMethod(TimeoutExtension.java:86)
	at org.junit.jupiter.engine.execution.InterceptingExecutableInvoker$ReflectiveInterceptorCall.lambda$ofVoidMethod$0(InterceptingExecutableInvoker.java:103)
	at org.junit.jupiter.engine.execution.InterceptingExecutableInvoker.lambda$invoke$0(InterceptingExecutableInvoker.java:93)
	at org.junit.jupiter.engine.execution.InvocationInterceptorChain$InterceptedInvocation.proceed(InvocationInterceptorChain.java:106)
	at org.junit.jupiter.engine.execution.InvocationInterceptorChain.proceed(InvocationInterceptorChain.java:64)
	at org.junit.jupiter.engine.execution.InvocationInterceptorChain.chainAndInvoke(InvocationInterceptorChain.java:45)
	at org.junit.jupiter.engine.execution.InvocationInterceptorChain.invoke(InvocationInterceptorChain.java:37)
	at org.junit.jupiter.engine.execution.InterceptingExecutableInvoker.invoke(InterceptingExecutableInvoker.java:92)
	at org.junit.jupiter.engine.execution.InterceptingExecutableInvoker.invoke(InterceptingExecutableInvoker.java:86)
	at org.junit.jupiter.engine.descriptor.TestMethodTestDescriptor.lambda$invokeTestMethod$7(TestMethodTestDescriptor.java:218)
	at org.junit.platform.engine.support.hierarchical.ThrowableCollector.execute(ThrowableCollector.java:73)
	at org.junit.jupiter.engine.descriptor.TestMethodTestDescriptor.invokeTestMethod(TestMethodTestDescriptor.java:214)
	at org.junit.jupiter.engine.descriptor.TestMethodTestDescriptor.execute(TestMethodTestDescriptor.java:139)
	at org.junit.jupiter.engine.descriptor.TestMethodTestDescriptor.execute(TestMethodTestDescriptor.java:69)
	at org.junit.platform.engine.support.hierarchical.NodeTestTask.lambda$executeRecursively$6(NodeTestTask.java:151)
	at org.junit.platform.engine.support.hierarchical.ThrowableCollector.execute(ThrowableCollector.java:73)
	at org.junit.platform.engine.support.hierarchical.NodeTestTask.lambda$executeRecursively$8(NodeTestTask.java:141)
	at org.junit.platform.engine.support.hierarchical.Node.around(Node.java:137)
	at org.junit.platform.engine.support.hierarchical.NodeTestTask.lambda$executeRecursively$9(NodeTestTask.java:139)
	at org.junit.platform.engine.support.hierarchical.ThrowableCollector.execute(ThrowableCollector.java:73)
	at org.junit.platform.engine.support.hierarchical.NodeTestTask.executeRecursively(NodeTestTask.java:138)
	at org.junit.platform.engine.support.hierarchical.NodeTestTask.execute(NodeTestTask.java:95)
	at java.util.ArrayList.forEach(ArrayList.java:1259)
	at org.junit.platform.engine.support.hierarchical.SameThreadHierarchicalTestExecutorService.invokeAll(SameThreadHierarchicalTestExecutorService.java:41)
	at org.junit.platform.engine.support.hierarchical.NodeTestTask.lambda$executeRecursively$6(NodeTestTask.java:155)
	at org.junit.platform.engine.support.hierarchical.ThrowableCollector.execute(ThrowableCollector.java:73)
	at org.junit.platform.engine.support.hierarchical.NodeTestTask.lambda$executeRecursively$8(NodeTestTask.java:141)
	at org.junit.platform.engine.support.hierarchical.Node.around(Node.java:137)
	at org.junit.platform.engine.support.hierarchical.NodeTestTask.lambda$executeRecursively$9(NodeTestTask.java:139)
	at org.junit.platform.engine.support.hierarchical.ThrowableCollector.execute(ThrowableCollector.java:73)
	at org.junit.platform.engine.support.hierarchical.NodeTestTask.executeRecursively(NodeTestTask.java:138)
	at org.junit.platform.engine.support.hierarchical.NodeTestTask.execute(NodeTestTask.java:95)
	at java.util.ArrayList.forEach(ArrayList.java:1259)
	at org.junit.platform.engine.support.hierarchical.SameThreadHierarchicalTestExecutorService.invokeAll(SameThreadHierarchicalTestExecutorService.java:41)
	at org.junit.platform.engine.support.hierarchical.NodeTestTask.lambda$executeRecursively$6(NodeTestTask.java:155)
	at org.junit.platform.engine.support.hierarchical.ThrowableCollector.execute(ThrowableCollector.java:73)
	at org.junit.platform.engine.support.hierarchical.NodeTestTask.lambda$executeRecursively$8(NodeTestTask.java:141)
	at org.junit.platform.engine.support.hierarchical.Node.around(Node.java:137)
	at org.junit.platform.engine.support.hierarchical.NodeTestTask.lambda$executeRecursively$9(NodeTestTask.java:139)
	at org.junit.platform.engine.support.hierarchical.ThrowableCollector.execute(ThrowableCollector.java:73)
	at org.junit.platform.engine.support.hierarchical.NodeTestTask.executeRecursively(NodeTestTask.java:138)
	at org.junit.platform.engine.support.hierarchical.NodeTestTask.execute(NodeTestTask.java:95)
	at org.junit.platform.engine.support.hierarchical.SameThreadHierarchicalTestExecutorService.submit(SameThreadHierarchicalTestExecutorService.java:35)
	at org.junit.platform.engine.support.hierarchical.HierarchicalTestExecutor.execute(HierarchicalTestExecutor.java:57)
	at org.junit.platform.engine.support.hierarchical.HierarchicalTestEngine.execute(HierarchicalTestEngine.java:54)
	at org.junit.platform.launcher.core.EngineExecutionOrchestrator.execute(EngineExecutionOrchestrator.java:198)
	at org.junit.platform.launcher.core.EngineExecutionOrchestrator.execute(EngineExecutionOrchestrator.java:169)
	at org.junit.platform.launcher.core.EngineExecutionOrchestrator.execute(EngineExecutionOrchestrator.java:93)
	at org.junit.platform.launcher.core.EngineExecutionOrchestrator.lambda$execute$0(EngineExecutionOrchestrator.java:58)
	at org.junit.platform.launcher.core.EngineExecutionOrchestrator.withInterceptedStreams(EngineExecutionOrchestrator.java:141)
	at org.junit.platform.launcher.core.EngineExecutionOrchestrator.execute(EngineExecutionOrchestrator.java:57)
	at org.junit.platform.launcher.core.DefaultLauncher.execute(DefaultLauncher.java:103)
	at org.junit.platform.launcher.core.DefaultLauncher.execute(DefaultLauncher.java:85)
	at org.junit.platform.launcher.core.DelegatingLauncher.execute(DelegatingLauncher.java:47)
	at org.apache.maven.surefire.junitplatform.LazyLauncher.execute(LazyLauncher.java:56)
	at org.apache.maven.surefire.junitplatform.JUnitPlatformProvider.invokeAllTests(JUnitPlatformProvider.java:162)
	at org.apache.maven.surefire.junitplatform.JUnitPlatformProvider.invoke(JUnitPlatformProvider.java:120)
	at org.apache.maven.surefire.booter.ForkedBooter.runSuitesInProcess(ForkedBooter.java:385)
	at org.apache.maven.surefire.booter.ForkedBooter.execute(ForkedBooter.java:162)
	at org.apache.maven.surefire.booter.ForkedBooter.run(ForkedBooter.java:507)
	at org.apache.maven.surefire.booter.ForkedBooter.main(ForkedBooter.java:495)
Caused by: org.apache.ratis.protocol.exceptions.NotReplicatedException: Request with call Id 79 and log index 20 is not yet replicated to ALL_COMMITTED
	at org.apache.ratis.client.impl.ClientProtoUtils.toRaftClientReply(ClientProtoUtils.java:400)
	at org.apache.ratis.grpc.client.GrpcClientProtocolClient$AsyncStreamObservers$1.onNext(GrpcClientProtocolClient.java:310)
	at org.apache.ratis.grpc.client.GrpcClientProtocolClient$AsyncStreamObservers$1.onNext(GrpcClientProtocolClient.java:305)
	at org.apache.ratis.thirdparty.io.grpc.stub.ClientCalls$StreamObserverToCallListenerAdapter.onMessage(ClientCalls.java:468)
	at org.apache.ratis.thirdparty.io.grpc.ForwardingClientCallListener.onMessage(ForwardingClientCallListener.java:33)
	at org.apache.ratis.thirdparty.io.grpc.internal.ClientCallImpl$ClientStreamListenerImpl$1MessagesAvailable.runInternal(ClientCallImpl.java:660)
	at org.apache.ratis.thirdparty.io.grpc.internal.ClientCallImpl$ClientStreamListenerImpl$1MessagesAvailable.runInContext(ClientCallImpl.java:647)
	at org.apache.ratis.thirdparty.io.grpc.internal.ContextRunnable.run(ContextRunnable.java:37)
	at org.apache.ratis.thirdparty.io.grpc.internal.SerializingExecutor.run(SerializingExecutor.java:133)
	at java.util.concurrent.ThreadPoolExecutor.runWorker(ThreadPoolExecutor.java:1149)
	at java.util.concurrent.ThreadPoolExecutor$Worker.run(ThreadPoolExecutor.java:624)
	at java.lang.Thread.run(Thread.java:750)
2024-01-14 17:00:44,369 [bc0247fb-4108-4537-bc2d-6aaa51d5d1de@group-7AE465211717-LeaderStateImpl] WARN  server.RaftServer$Division (LeaderStateImpl.java:checkLeadership(1107)) - bc0247fb-4108-4537-bc2d-6aaa51d5d1de@group-7AE465211717-LeaderStateImpl: Lost leadership on term: 1. Election timeout: 5200ms. In charge for: 10607ms. Conf: 0: peers:[f2927880-1f10-4686-b93c-5db3b548581d|10.1.0.34:15397, cccf6745-afeb-413c-bfb5-a8d67b6b623b|10.1.0.34:15406, bc0247fb-4108-4537-bc2d-6aaa51d5d1de|10.1.0.34:15415]|listeners:[], old=null
2024-01-14 17:00:44,369 [bc0247fb-4108-4537-bc2d-6aaa51d5d1de@group-7AE465211717-LeaderStateImpl] WARN  server.RaftServer$Division (LeaderStateImpl.java:lambda$checkLeadership$21(1111)) - Follower bc0247fb-4108-4537-bc2d-6aaa51d5d1de@group-7AE465211717->f2927880-1f10-4686-b93c-5db3b548581d(c1,m2,n3, caughtUp=true, lastRpcSendTime=530, lastRpcResponseTime=10403)
2024-01-14 17:00:44,369 [bc0247fb-4108-4537-bc2d-6aaa51d5d1de@group-7AE465211717-LeaderStateImpl] WARN  server.RaftServer$Division (LeaderStateImpl.java:lambda$checkLeadership$21(1111)) - Follower bc0247fb-4108-4537-bc2d-6aaa51d5d1de@group-7AE465211717->cccf6745-afeb-413c-bfb5-a8d67b6b623b(c2,m2,n3, caughtUp=true, lastRpcSendTime=10, lastRpcResponseTime=7901)
2024-01-14 17:00:44,369 [bc0247fb-4108-4537-bc2d-6aaa51d5d1de@group-7AE465211717-LeaderStateImpl] INFO  server.RaftServer$Division (RaftServerImpl.java:setRole(383)) - bc0247fb-4108-4537-bc2d-6aaa51d5d1de@group-7AE465211717: changes role from    LEADER to FOLLOWER at term 1 for StepDownReason:LOST_MAJORITY_HEARTBEATS
2024-01-14 17:00:44,369 [bc0247fb-4108-4537-bc2d-6aaa51d5d1de@group-7AE465211717-LeaderStateImpl] INFO  impl.RoleInfo (RoleInfo.java:shutdownLeaderState(94)) - bc0247fb-4108-4537-bc2d-6aaa51d5d1de: shutdown bc0247fb-4108-4537-bc2d-6aaa51d5d1de@group-7AE465211717-LeaderStateImpl
2024-01-14 17:00:44,369 [bc0247fb-4108-4537-bc2d-6aaa51d5d1de@group-7AE465211717->cccf6745-afeb-413c-bfb5-a8d67b6b623b-GrpcLogAppender-LogAppenderDaemon] WARN  server.GrpcLogAppender (GrpcLogAppender.java:mayWait(289)) - bc0247fb-4108-4537-bc2d-6aaa51d5d1de@group-7AE465211717->cccf6745-afeb-413c-bfb5-a8d67b6b623b-GrpcLogAppender: Wait interrupted by java.lang.InterruptedException
2024-01-14 17:00:44,369 [bc0247fb-4108-4537-bc2d-6aaa51d5d1de@group-7AE465211717-LeaderStateImpl] INFO  impl.PendingRequests (PendingRequests.java:sendNotLeaderResponses(289)) - bc0247fb-4108-4537-bc2d-6aaa51d5d1de@group-7AE465211717-PendingRequests: sendNotLeaderResponses
2024-01-14 17:00:44,369 [bc0247fb-4108-4537-bc2d-6aaa51d5d1de@group-7AE465211717->f2927880-1f10-4686-b93c-5db3b548581d-GrpcLogAppender-LogAppenderDaemon] WARN  server.GrpcLogAppender (GrpcLogAppender.java:mayWait(289)) - bc0247fb-4108-4537-bc2d-6aaa51d5d1de@group-7AE465211717->f2927880-1f10-4686-b93c-5db3b548581d-GrpcLogAppender: Wait interrupted by java.lang.InterruptedException
2024-01-14 17:00:44,371 [null-request--thread1] INFO  server.GrpcClientProtocolService (GrpcClientProtocolService.java:lambda$processClientRequest$0(284)) - Failed RaftClientRequest:client-5F0B8D2DE3A6->bc0247fb-4108-4537-bc2d-6aaa51d5d1de@group-7AE465211717, cid=80, seq=null, Watch-MAJORITY_COMMITTED(20), Message:<EMPTY>, reply=RaftClientReply:client-5F0B8D2DE3A6->bc0247fb-4108-4537-bc2d-6aaa51d5d1de@group-7AE465211717, cid=80, FAILED org.apache.ratis.protocol.exceptions.NotLeaderException: Server bc0247fb-4108-4537-bc2d-6aaa51d5d1de@group-7AE465211717 is not the leader, logIndex=0, commits[bc0247fb-4108-4537-bc2d-6aaa51d5d1de:c2, f2927880-1f10-4686-b93c-5db3b548581d:c1, cccf6745-afeb-413c-bfb5-a8d67b6b623b:c2]
2024-01-14 17:00:44,372 [bc0247fb-4108-4537-bc2d-6aaa51d5d1de@group-7AE465211717-LeaderStateImpl] INFO  server.RaftServer$Division (ServerState.java:setLeader(269)) - bc0247fb-4108-4537-bc2d-6aaa51d5d1de@group-7AE465211717: change Leader from bc0247fb-4108-4537-bc2d-6aaa51d5d1de to null at term 1 for StepDownReason:LOST_MAJORITY_HEARTBEATS
2024-01-14 17:00:44,372 [bc0247fb-4108-4537-bc2d-6aaa51d5d1de@group-7AE465211717-LeaderStateImpl] INFO  impl.RoleInfo (RoleInfo.java:updateAndGet(139)) - bc0247fb-4108-4537-bc2d-6aaa51d5d1de: start bc0247fb-4108-4537-bc2d-6aaa51d5d1de@group-7AE465211717-FollowerState
2024-01-14 17:00:44,975 [bc0247fb-4108-4537-bc2d-6aaa51d5d1de-CloseContainerThread-0] INFO  commandhandler.CloseContainerCommandHandler (CloseContainerCommandHandler.java:lambda$handle$0(154)) - Follower cannot close container #1.
2024-01-14 17:00:45,223 [timer5] WARN  server.GrpcLogAppender (LogUtils.java:warn(121)) - bc0247fb-4108-4537-bc2d-6aaa51d5d1de@group-7AE465211717->f2927880-1f10-4686-b93c-5db3b548581d-AppendLogResponseHandler: Failed appendEntries (Repeated 6 times in the last 5.000s): org.apache.ratis.thirdparty.io.grpc.StatusRuntimeException: UNAVAILABLE: io exception
2024-01-14 17:00:45,224 [timer6] WARN  server.GrpcLogAppender (GrpcLogAppender.java:lambda$resetClient$1(217)) - bc0247fb-4108-4537-bc2d-6aaa51d5d1de@group-7AE465211717->f2927880-1f10-4686-b93c-5db3b548581d-GrpcLogAppender: Follower failed (request=null, errorCount=14); keep nextIndex (3) unchanged and retry. (Repeated 6 times in the last 5.001s)
2024-01-14 17:00:46,499 [BackgroundPipelineScrubber] INFO  pipeline.PipelineManagerImpl (PipelineManagerImpl.java:scrubPipelines(610)) - Scrubbing pipeline: id: PipelineID=51a8a496-3ab8-4fe4-938f-7ae465211717 since it stays at CLOSED stage.
2024-01-14 17:00:46,499 [BackgroundPipelineScrubber] INFO  pipeline.RatisPipelineProvider (RatisPipelineProvider.java:lambda$close$4(272)) - Send pipeline:PipelineID=51a8a496-3ab8-4fe4-938f-7ae465211717 close command to datanode f2927880-1f10-4686-b93c-5db3b548581d
2024-01-14 17:00:46,499 [BackgroundPipelineScrubber] INFO  pipeline.RatisPipelineProvider (RatisPipelineProvider.java:lambda$close$4(272)) - Send pipeline:PipelineID=51a8a496-3ab8-4fe4-938f-7ae465211717 close command to datanode cccf6745-afeb-413c-bfb5-a8d67b6b623b
2024-01-14 17:00:46,499 [BackgroundPipelineScrubber] INFO  pipeline.RatisPipelineProvider (RatisPipelineProvider.java:lambda$close$4(272)) - Send pipeline:PipelineID=51a8a496-3ab8-4fe4-938f-7ae465211717 close command to datanode bc0247fb-4108-4537-bc2d-6aaa51d5d1de
2024-01-14 17:00:46,500 [BackgroundPipelineScrubber] INFO  pipeline.PipelineManagerImpl (PipelineManagerImpl.java:removePipeline(459)) - Pipeline Pipeline[ Id: 51a8a496-3ab8-4fe4-938f-7ae465211717, Nodes: f2927880-1f10-4686-b93c-5db3b548581d(fv-az1248-16.lhg1ljel1gwudbpqdk5ar2pfag.bx.internal.cloudapp.net/10.1.0.34)cccf6745-afeb-413c-bfb5-a8d67b6b623b(fv-az1248-16.lhg1ljel1gwudbpqdk5ar2pfag.bx.internal.cloudapp.net/10.1.0.34)bc0247fb-4108-4537-bc2d-6aaa51d5d1de(fv-az1248-16.lhg1ljel1gwudbpqdk5ar2pfag.bx.internal.cloudapp.net/10.1.0.34), ReplicationConfig: RATIS/THREE, State:CLOSED, leaderId:bc0247fb-4108-4537-bc2d-6aaa51d5d1de, CreationTimestamp2024-01-14T17:00:25.619Z[Etc/UTC]] removed.
2024-01-14 17:00:47,730 [timer7] WARN  server.GrpcLogAppender (GrpcLogAppender.java:lambda$resetClient$1(217)) - bc0247fb-4108-4537-bc2d-6aaa51d5d1de@group-7AE465211717->cccf6745-afeb-413c-bfb5-a8d67b6b623b-GrpcLogAppender: Follower failed (request=null, errorCount=14); keep nextIndex (3) unchanged and retry. (Repeated 4 times in the last 5.000s)
2024-01-14 17:00:47,730 [timer6] WARN  server.GrpcLogAppender (LogUtils.java:warn(121)) - bc0247fb-4108-4537-bc2d-6aaa51d5d1de@group-7AE465211717->cccf6745-afeb-413c-bfb5-a8d67b6b623b-AppendLogResponseHandler: Failed appendEntries (Repeated 4 times in the last 5.002s): org.apache.ratis.thirdparty.io.grpc.StatusRuntimeException: UNAVAILABLE: io exception
2024-01-14 17:00:47,975 [bc0247fb-4108-4537-bc2d-6aaa51d5d1de-PipelineCommandHandlerThread-0] INFO  server.RaftServer (RaftServerProxy.java:remove(111)) - bc0247fb-4108-4537-bc2d-6aaa51d5d1de: remove  FOLLOWER bc0247fb-4108-4537-bc2d-6aaa51d5d1de@group-7AE465211717:t1, leader=null, voted=bc0247fb-4108-4537-bc2d-6aaa51d5d1de, raftlog=Memoized:bc0247fb-4108-4537-bc2d-6aaa51d5d1de@group-7AE465211717-SegmentedRaftLog:OPENED:c2, conf=0: peers:[f2927880-1f10-4686-b93c-5db3b548581d|10.1.0.34:15397, cccf6745-afeb-413c-bfb5-a8d67b6b623b|10.1.0.34:15406, bc0247fb-4108-4537-bc2d-6aaa51d5d1de|10.1.0.34:15415]|listeners:[], old=null RUNNING
2024-01-14 17:00:47,975 [bc0247fb-4108-4537-bc2d-6aaa51d5d1de-PipelineCommandHandlerThread-0] INFO  server.RaftServer$Division (RaftServerImpl.java:lambda$close$3(526)) - bc0247fb-4108-4537-bc2d-6aaa51d5d1de@group-7AE465211717: shutdown
2024-01-14 17:00:47,975 [bc0247fb-4108-4537-bc2d-6aaa51d5d1de-PipelineCommandHandlerThread-0] INFO  util.JmxRegister (JmxRegister.java:unregister(73)) - Successfully un-registered JMX Bean with object name Ratis:service=RaftServer,group=group-7AE465211717,id=bc0247fb-4108-4537-bc2d-6aaa51d5d1de
2024-01-14 17:00:47,976 [bc0247fb-4108-4537-bc2d-6aaa51d5d1de-PipelineCommandHandlerThread-0] INFO  impl.RoleInfo (RoleInfo.java:shutdownFollowerState(110)) - bc0247fb-4108-4537-bc2d-6aaa51d5d1de: shutdown bc0247fb-4108-4537-bc2d-6aaa51d5d1de@group-7AE465211717-FollowerState
2024-01-14 17:00:47,976 [bc0247fb-4108-4537-bc2d-6aaa51d5d1de-PipelineCommandHandlerThread-0] INFO  impl.StateMachineUpdater (StateMachineUpdater.java:stopAndJoin(157)) - bc0247fb-4108-4537-bc2d-6aaa51d5d1de@group-7AE465211717-StateMachineUpdater: set stopIndex = 2
2024-01-14 17:00:47,976 [bc0247fb-4108-4537-bc2d-6aaa51d5d1de@group-7AE465211717-StateMachineUpdater] INFO  ratis.ContainerStateMachine (ContainerStateMachine.java:takeSnapshot(355)) - group-7AE465211717: Taking a snapshot at:(t:1, i:2) file /home/runner/work/ozone/ozone/hadoop-ozone/integration-test/target/test-dir/MiniOzoneClusterImpl-55f63948-b302-44a8-9a44-732f3ddcab57/datanode-5/data/ratis/51a8a496-3ab8-4fe4-938f-7ae465211717/sm/snapshot.1_2
2024-01-14 17:00:47,976 [bc0247fb-4108-4537-bc2d-6aaa51d5d1de@group-7AE465211717-FollowerState] INFO  impl.FollowerState (FollowerState.java:run(152)) - bc0247fb-4108-4537-bc2d-6aaa51d5d1de@group-7AE465211717-FollowerState was interrupted
2024-01-14 17:00:47,977 [bc0247fb-4108-4537-bc2d-6aaa51d5d1de@group-7AE465211717-StateMachineUpdater] INFO  ratis.ContainerStateMachine (ContainerStateMachine.java:takeSnapshot(366)) - group-7AE465211717: Finished taking a snapshot at:(t:1, i:2) file:/home/runner/work/ozone/ozone/hadoop-ozone/integration-test/target/test-dir/MiniOzoneClusterImpl-55f63948-b302-44a8-9a44-732f3ddcab57/datanode-5/data/ratis/51a8a496-3ab8-4fe4-938f-7ae465211717/sm/snapshot.1_2 took: 1 ms
2024-01-14 17:00:47,977 [bc0247fb-4108-4537-bc2d-6aaa51d5d1de@group-7AE465211717-StateMachineUpdater] INFO  impl.StateMachineUpdater (StateMachineUpdater.java:takeSnapshot(295)) - bc0247fb-4108-4537-bc2d-6aaa51d5d1de@group-7AE465211717-StateMachineUpdater: Took a snapshot at index 2
2024-01-14 17:00:47,977 [bc0247fb-4108-4537-bc2d-6aaa51d5d1de@group-7AE465211717-StateMachineUpdater] INFO  impl.StateMachineUpdater (StateMachineUpdater.java:lambda$new$0(98)) - bc0247fb-4108-4537-bc2d-6aaa51d5d1de@group-7AE465211717-StateMachineUpdater: snapshotIndex: updateIncreasingly -1 -> 2
2024-01-14 17:00:47,977 [bc0247fb-4108-4537-bc2d-6aaa51d5d1de-PipelineCommandHandlerThread-0] INFO  server.RaftServer$Division (ServerState.java:close(427)) - bc0247fb-4108-4537-bc2d-6aaa51d5d1de@group-7AE465211717: applyIndex: 2
2024-01-14 17:00:47,977 [bc0247fb-4108-4537-bc2d-6aaa51d5d1de@group-7AE465211717-cacheEviction-AwaitToRun] INFO  util.AwaitToRun (AwaitToRun.java:run(49)) - bc0247fb-4108-4537-bc2d-6aaa51d5d1de@group-7AE465211717-cacheEviction-AwaitToRun-AwaitForSignal is interrupted
2024-01-14 17:00:48,966 [bc0247fb-4108-4537-bc2d-6aaa51d5d1de-PipelineCommandHandlerThread-0] INFO  segmented.SegmentedRaftLogWorker (SegmentedRaftLogWorker.java:close(245)) - bc0247fb-4108-4537-bc2d-6aaa51d5d1de@group-7AE465211717-SegmentedRaftLogWorker close()
2024-01-14 17:00:48,967 [bc0247fb-4108-4537-bc2d-6aaa51d5d1de-PipelineCommandHandlerThread-0] INFO  keyvalue.KeyValueContainer (KeyValueContainer.java:flushAndSyncDB(522)) - Container 1 is synced with bcsId 0.
2024-01-14 17:00:48,968 [bc0247fb-4108-4537-bc2d-6aaa51d5d1de-PipelineCommandHandlerThread-0] INFO  keyvalue.KeyValueContainer (KeyValueContainer.java:flushAndSyncDB(522)) - Container 1 is synced with bcsId 0.
2024-01-14 17:00:48,969 [bc0247fb-4108-4537-bc2d-6aaa51d5d1de-PipelineCommandHandlerThread-0] INFO  server.RaftServer$Division (RaftServerImpl.java:groupRemove(496)) - bc0247fb-4108-4537-bc2d-6aaa51d5d1de@group-7AE465211717: Succeed to remove RaftStorageDirectory Storage Directory /home/runner/work/ozone/ozone/hadoop-ozone/integration-test/target/test-dir/MiniOzoneClusterImpl-55f63948-b302-44a8-9a44-732f3ddcab57/datanode-5/data/ratis/51a8a496-3ab8-4fe4-938f-7ae465211717
2024-01-14 17:00:48,970 [bc0247fb-4108-4537-bc2d-6aaa51d5d1de-PipelineCommandHandlerThread-0] ERROR commandhandler.ClosePipelineCommandHandler (ClosePipelineCommandHandler.java:lambda$handle$2(137)) - Can't close pipeline PipelineID=51a8a496-3ab8-4fe4-938f-7ae465211717
org.apache.ratis.protocol.exceptions.GroupMismatchException: bc0247fb-4108-4537-bc2d-6aaa51d5d1de: group-7AE465211717 not found.
	at org.apache.ratis.server.impl.RaftServerProxy$ImplMap.get(RaftServerProxy.java:154)
	at org.apache.ratis.server.impl.RaftServerProxy.getImplFuture(RaftServerProxy.java:364)
	at org.apache.ratis.server.impl.RaftServerProxy.getImpl(RaftServerProxy.java:373)
	at org.apache.ratis.server.impl.RaftServerProxy.getDivision(RaftServerProxy.java:386)
	at org.apache.hadoop.ozone.container.common.transport.server.ratis.XceiverServerRatis.getRaftPeersInPipeline(XceiverServerRatis.java:929)
	at org.apache.hadoop.ozone.container.common.statemachine.commandhandler.ClosePipelineCommandHandler.lambda$handle$2(ClosePipelineCommandHandler.java:114)
	at java.util.concurrent.CompletableFuture$AsyncRun.run(CompletableFuture.java:1640)
	at java.util.concurrent.ThreadPoolExecutor.runWorker(ThreadPoolExecutor.java:1149)
	at java.util.concurrent.ThreadPoolExecutor$Worker.run(ThreadPoolExecutor.java:624)
	at java.lang.Thread.run(Thread.java:750)
2024-01-14 17:00:48,971 [FixedThreadPoolWithAffinityExecutor-8-0] INFO  container.IncrementalContainerReportHandler (AbstractContainerReportHandler.java:updateContainerState(287)) - Moving container #1 to QUASI_CLOSED state, datanode bc0247fb-4108-4537-bc2d-6aaa51d5d1de(fv-az1248-16.lhg1ljel1gwudbpqdk5ar2pfag.bx.internal.cloudapp.net/10.1.0.34) reported QUASI_CLOSED replica.
2024-01-14 17:00:55,444 [main] INFO  ozone.MiniOzoneClusterImpl (MiniOzoneClusterImpl.java:shutdown(449)) - Shutting down the Mini Ozone Cluster
2024-01-14 17:00:55,444 [main] INFO  db.CodecTestUtil (CodecTestUtil.java:gc(50)) - gc 0
2024-01-14 17:00:55,817 [main] INFO  ozone.MiniOzoneClusterImpl (MiniOzoneClusterImpl.java:stop(465)) - Stopping the Mini Ozone Cluster
2024-01-14 17:00:55,818 [main] INFO  om.OzoneManager (OzoneManager.java:stop(2204)) - om1[localhost:15360]: Stopping Ozone Manager
2024-01-14 17:00:55,818 [main] INFO  ipc.Server (Server.java:stop(3523)) - Stopping server on 15360
2024-01-14 17:00:55,820 [IPC Server listener on 15360] INFO  ipc.Server (Server.java:run(1434)) - Stopping IPC Server listener on 15360
2024-01-14 17:00:55,820 [IPC Server Responder] INFO  ipc.Server (Server.java:run(1567)) - Stopping IPC Server Responder
2024-01-14 17:00:55,822 [main] INFO  ratis.OzoneManagerRatisServer (OzoneManagerRatisServer.java:stop(594)) - Stopping org.apache.hadoop.ozone.om.ratis.OzoneManagerRatisServer@54429a99 at port 15363
2024-01-14 17:00:55,822 [main] INFO  server.RaftServer (RaftServerProxy.java:lambda$close$9(416)) - om1: close
2024-01-14 17:00:55,822 [main] INFO  server.GrpcService (GrpcService.java:closeImpl(311)) - om1: shutdown server GrpcServerProtocolService now
2024-01-14 17:00:55,822 [om1-impl-thread1] INFO  server.RaftServer$Division (RaftServerImpl.java:lambda$close$3(526)) - om1@group-C5BA1605619E: shutdown
2024-01-14 17:00:55,822 [om1-impl-thread1] INFO  util.JmxRegister (JmxRegister.java:unregister(73)) - Successfully un-registered JMX Bean with object name Ratis:service=RaftServer,group=group-C5BA1605619E,id=om1
2024-01-14 17:00:55,822 [om1-impl-thread1] INFO  impl.RoleInfo (RoleInfo.java:shutdownLeaderState(94)) - om1: shutdown om1@group-C5BA1605619E-LeaderStateImpl
2024-01-14 17:00:55,822 [om1-impl-thread1] INFO  impl.PendingRequests (PendingRequests.java:sendNotLeaderResponses(289)) - om1@group-C5BA1605619E-PendingRequests: sendNotLeaderResponses
2024-01-14 17:00:55,825 [main] INFO  server.GrpcService (GrpcService.java:closeImpl(320)) - om1: shutdown server GrpcServerProtocolService successfully
2024-01-14 17:00:55,825 [om1@group-C5BA1605619E-StateMachineUpdater] INFO  ratis.OzoneManagerStateMachine (OzoneManagerStateMachine.java:takeSnapshotImpl(473)) -  applied = (t:1, i:3)
2024-01-14 17:00:55,825 [om1@group-C5BA1605619E-StateMachineUpdater] INFO  ratis.OzoneManagerStateMachine (OzoneManagerStateMachine.java:takeSnapshotImpl(474)) -  skipped = 3
2024-01-14 17:00:55,825 [om1@group-C5BA1605619E-StateMachineUpdater] INFO  ratis.OzoneManagerStateMachine (OzoneManagerStateMachine.java:takeSnapshotImpl(475)) - notified = (t:1, i:4)
2024-01-14 17:00:55,825 [om1@group-C5BA1605619E-StateMachineUpdater] INFO  ratis.OzoneManagerStateMachine (OzoneManagerStateMachine.java:takeSnapshotImpl(476)) - snapshot = (t:1, i:4)
2024-01-14 17:00:55,825 [om1-impl-thread1] INFO  impl.StateMachineUpdater (StateMachineUpdater.java:stopAndJoin(157)) - om1@group-C5BA1605619E-StateMachineUpdater: set stopIndex = 4
2024-01-14 17:00:55,834 [om1@group-C5BA1605619E-StateMachineUpdater] INFO  impl.StateMachineUpdater (StateMachineUpdater.java:takeSnapshot(295)) - om1@group-C5BA1605619E-StateMachineUpdater: Took a snapshot at index 4
2024-01-14 17:00:55,834 [om1@group-C5BA1605619E-StateMachineUpdater] INFO  impl.StateMachineUpdater (StateMachineUpdater.java:lambda$new$0(98)) - om1@group-C5BA1605619E-StateMachineUpdater: snapshotIndex: updateIncreasingly -1 -> 4
2024-01-14 17:00:55,834 [om1@group-C5BA1605619E-StateMachineUpdater] INFO  ratis.OzoneManagerStateMachine (OzoneManagerStateMachine.java:close(528)) - Stopping OzoneManagerStateMachine:om1:group-C5BA1605619E.
2024-01-14 17:00:55,834 [om1@group-C5BA1605619E-StateMachineUpdater] INFO  ratis.OzoneManagerDoubleBuffer (OzoneManagerDoubleBuffer.java:stopDaemon(529)) - Stopping OMDoubleBuffer flush thread
2024-01-14 17:00:55,834 [om1-OMDoubleBufferFlushThread] INFO  ratis.OzoneManagerDoubleBuffer (OzoneManagerDoubleBuffer.java:canFlush(609)) - OMDoubleBuffer flush thread om1-OMDoubleBufferFlushThread is interrupted and will exit.
2024-01-14 17:00:55,835 [om1-impl-thread1] INFO  server.RaftServer$Division (ServerState.java:close(427)) - om1@group-C5BA1605619E: applyIndex: 3
2024-01-14 17:00:55,835 [om1@group-C5BA1605619E-cacheEviction-AwaitToRun] INFO  util.AwaitToRun (AwaitToRun.java:run(49)) - om1@group-C5BA1605619E-cacheEviction-AwaitToRun-AwaitForSignal is interrupted
2024-01-14 17:00:55,919 [om1-impl-thread1] INFO  segmented.SegmentedRaftLogWorker (SegmentedRaftLogWorker.java:close(245)) - om1@group-C5BA1605619E-SegmentedRaftLogWorker close()
2024-01-14 17:00:55,919 [JvmPauseMonitor45] INFO  util.JvmPauseMonitor (JvmPauseMonitor.java:run(152)) - JvmPauseMonitor-om1: Stopped
2024-01-14 17:00:55,919 [main] INFO  utils.BackgroundService (BackgroundService.java:shutdown(160)) - Shutting down service KeyDeletingService
2024-01-14 17:00:55,920 [main] INFO  utils.BackgroundService (BackgroundService.java:shutdown(160)) - Shutting down service DirectoryDeletingService
2024-01-14 17:00:55,920 [main] INFO  utils.BackgroundService (BackgroundService.java:shutdown(160)) - Shutting down service OpenKeyCleanupService
2024-01-14 17:00:55,920 [main] INFO  utils.BackgroundService (BackgroundService.java:shutdown(160)) - Shutting down service SstFilteringService
2024-01-14 17:00:55,920 [main] INFO  utils.BackgroundService (BackgroundService.java:shutdown(160)) - Shutting down service SnapshotDeletingService
2024-01-14 17:00:55,920 [main] INFO  utils.BackgroundService (BackgroundService.java:shutdown(160)) - Shutting down service MultipartUploadCleanupService
2024-01-14 17:00:55,920 [main] INFO  utils.BackgroundService (BackgroundService.java:shutdown(160)) - Shutting down service SnapshotDirectoryCleaningService
2024-01-14 17:00:55,921 [main] INFO  handler.ContextHandler (ContextHandler.java:doStop(1159)) - Stopped o.e.j.w.WebAppContext@17dad310{ozoneManager,/,null,STOPPED}{file:/home/runner/work/ozone/ozone/hadoop-ozone/integration-test/target/test-classes/webapps/ozoneManager}
2024-01-14 17:00:55,921 [main] INFO  server.AbstractConnector (AbstractConnector.java:doStop(383)) - Stopped ServerConnector@f973a72{HTTP/1.1, (http/1.1)}{0.0.0.0:15361}
2024-01-14 17:00:55,922 [main] INFO  server.session (HouseKeeper.java:stopScavenging(149)) - node0 Stopped scavenging
2024-01-14 17:00:55,922 [main] INFO  handler.ContextHandler (ContextHandler.java:doStop(1159)) - Stopped o.e.j.s.ServletContextHandler@1a1f0a6b{static,/static,file:///home/runner/work/ozone/ozone/hadoop-ozone/integration-test/target/test-classes/webapps/static,STOPPED}
2024-01-14 17:00:55,922 [main] INFO  handler.ContextHandler (ContextHandler.java:doStop(1159)) - Stopped o.e.j.s.ServletContextHandler@4d38bb66{logs,/logs,file:///home/runner/work/ozone/ozone/hadoop-ozone/integration-test/target/log,STOPPED}
2024-01-14 17:00:55,923 [main] INFO  rocksdiff.RocksDBCheckpointDiffer (RocksDBCheckpointDiffer.java:close(310)) - Shutting down CompactionDagPruningService.
2024-01-14 17:00:55,924 [main] INFO  snapshot.SnapshotDiffManager (SnapshotDiffManager.java:closeExecutorService(1688)) - Shutting down executorService: 'SnapDiffExecutor'
2024-01-14 17:00:55,924 [main] INFO  snapshot.SnapshotDiffManager (SnapshotDiffManager.java:closeExecutorService(1688)) - Shutting down executorService: 'SstDumpToolExecutor'
2024-01-14 17:00:55,924 [main] INFO  utils.BackgroundService (BackgroundService.java:shutdown(160)) - Shutting down service SnapshotDiffCleanupService
2024-01-14 17:00:55,925 [main] INFO  ozone.MiniOzoneClusterImpl (MiniOzoneClusterImpl.java:stopDatanodes(535)) - Stopping the HddsDatanodes
2024-01-14 17:00:55,927 [ForkJoinPool.commonPool-worker-5] INFO  ozoneimpl.OzoneContainer (OzoneContainer.java:stop(479)) - Attempting to stop container services.
2024-01-14 17:00:55,927 [ForkJoinPool.commonPool-worker-5] INFO  server.RaftServer (RaftServerProxy.java:lambda$close$9(416)) - 31061ca7-84d9-4b7e-bdb5-51e4d8805ce5: close
2024-01-14 17:00:55,927 [31061ca7-84d9-4b7e-bdb5-51e4d8805ce5-impl-thread1] INFO  server.RaftServer$Division (RaftServerImpl.java:lambda$close$3(526)) - 31061ca7-84d9-4b7e-bdb5-51e4d8805ce5@group-9AEBABF676F3: shutdown
2024-01-14 17:00:55,927 [ForkJoinPool.commonPool-worker-5] INFO  server.GrpcService (GrpcService.java:closeImpl(311)) - 31061ca7-84d9-4b7e-bdb5-51e4d8805ce5: shutdown server org.apache.ratis.grpc.server.GrpcClientProtocolService now
2024-01-14 17:00:55,927 [31061ca7-84d9-4b7e-bdb5-51e4d8805ce5-impl-thread1] INFO  util.JmxRegister (JmxRegister.java:unregister(73)) - Successfully un-registered JMX Bean with object name Ratis:service=RaftServer,group=group-9AEBABF676F3,id=31061ca7-84d9-4b7e-bdb5-51e4d8805ce5
2024-01-14 17:00:55,927 [31061ca7-84d9-4b7e-bdb5-51e4d8805ce5-impl-thread1] INFO  impl.RoleInfo (RoleInfo.java:shutdownLeaderState(94)) - 31061ca7-84d9-4b7e-bdb5-51e4d8805ce5: shutdown 31061ca7-84d9-4b7e-bdb5-51e4d8805ce5@group-9AEBABF676F3-LeaderStateImpl
2024-01-14 17:00:55,927 [31061ca7-84d9-4b7e-bdb5-51e4d8805ce5-impl-thread2] INFO  server.RaftServer$Division (RaftServerImpl.java:lambda$close$3(526)) - 31061ca7-84d9-4b7e-bdb5-51e4d8805ce5@group-0BD0801A3AFE: shutdown
2024-01-14 17:00:55,927 [31061ca7-84d9-4b7e-bdb5-51e4d8805ce5-impl-thread2] INFO  util.JmxRegister (JmxRegister.java:unregister(73)) - Successfully un-registered JMX Bean with object name Ratis:service=RaftServer,group=group-0BD0801A3AFE,id=31061ca7-84d9-4b7e-bdb5-51e4d8805ce5
2024-01-14 17:00:55,927 [31061ca7-84d9-4b7e-bdb5-51e4d8805ce5-impl-thread2] INFO  impl.RoleInfo (RoleInfo.java:shutdownLeaderState(94)) - 31061ca7-84d9-4b7e-bdb5-51e4d8805ce5: shutdown 31061ca7-84d9-4b7e-bdb5-51e4d8805ce5@group-0BD0801A3AFE-LeaderStateImpl
2024-01-14 17:00:55,927 [31061ca7-84d9-4b7e-bdb5-51e4d8805ce5-impl-thread2] INFO  impl.PendingRequests (PendingRequests.java:sendNotLeaderResponses(289)) - 31061ca7-84d9-4b7e-bdb5-51e4d8805ce5@group-0BD0801A3AFE-PendingRequests: sendNotLeaderResponses
2024-01-14 17:00:55,928 [31061ca7-84d9-4b7e-bdb5-51e4d8805ce5-impl-thread2] INFO  impl.StateMachineUpdater (StateMachineUpdater.java:stopAndJoin(157)) - 31061ca7-84d9-4b7e-bdb5-51e4d8805ce5@group-0BD0801A3AFE-StateMachineUpdater: set stopIndex = 0
2024-01-14 17:00:55,928 [31061ca7-84d9-4b7e-bdb5-51e4d8805ce5@group-0BD0801A3AFE-StateMachineUpdater] INFO  ratis.ContainerStateMachine (ContainerStateMachine.java:takeSnapshot(355)) - group-0BD0801A3AFE: Taking a snapshot at:(t:1, i:0) file /home/runner/work/ozone/ozone/hadoop-ozone/integration-test/target/test-dir/MiniOzoneClusterImpl-55f63948-b302-44a8-9a44-732f3ddcab57/datanode-7/data/ratis/d8c19b7e-91bf-43c9-a94f-0bd0801a3afe/sm/snapshot.1_0
2024-01-14 17:00:55,928 [Thread-5823] INFO  server.GrpcServerProtocolClient (GrpcServerProtocolClient.java:close(103)) - 01ac3795-95be-4125-9c80-d1d2d581a769 Close channels
2024-01-14 17:00:55,928 [31061ca7-84d9-4b7e-bdb5-51e4d8805ce5@group-0BD0801A3AFE-StateMachineUpdater] INFO  ratis.ContainerStateMachine (ContainerStateMachine.java:takeSnapshot(366)) - group-0BD0801A3AFE: Finished taking a snapshot at:(t:1, i:0) file:/home/runner/work/ozone/ozone/hadoop-ozone/integration-test/target/test-dir/MiniOzoneClusterImpl-55f63948-b302-44a8-9a44-732f3ddcab57/datanode-7/data/ratis/d8c19b7e-91bf-43c9-a94f-0bd0801a3afe/sm/snapshot.1_0 took: 1 ms
2024-01-14 17:00:55,929 [31061ca7-84d9-4b7e-bdb5-51e4d8805ce5@group-0BD0801A3AFE-StateMachineUpdater] INFO  impl.StateMachineUpdater (StateMachineUpdater.java:takeSnapshot(295)) - 31061ca7-84d9-4b7e-bdb5-51e4d8805ce5@group-0BD0801A3AFE-StateMachineUpdater: Took a snapshot at index 0
2024-01-14 17:00:55,929 [31061ca7-84d9-4b7e-bdb5-51e4d8805ce5@group-0BD0801A3AFE-StateMachineUpdater] INFO  impl.StateMachineUpdater (StateMachineUpdater.java:lambda$new$0(98)) - 31061ca7-84d9-4b7e-bdb5-51e4d8805ce5@group-0BD0801A3AFE-StateMachineUpdater: snapshotIndex: updateIncreasingly -1 -> 0
2024-01-14 17:00:55,929 [31061ca7-84d9-4b7e-bdb5-51e4d8805ce5-impl-thread2] INFO  server.RaftServer$Division (ServerState.java:close(427)) - 31061ca7-84d9-4b7e-bdb5-51e4d8805ce5@group-0BD0801A3AFE: applyIndex: 0
2024-01-14 17:00:55,933 [31061ca7-84d9-4b7e-bdb5-51e4d8805ce5@group-9AEBABF676F3->01ac3795-95be-4125-9c80-d1d2d581a769-GrpcLogAppender-LogAppenderDaemon] WARN  server.GrpcLogAppender (GrpcLogAppender.java:mayWait(289)) - 31061ca7-84d9-4b7e-bdb5-51e4d8805ce5@group-9AEBABF676F3->01ac3795-95be-4125-9c80-d1d2d581a769-GrpcLogAppender: Wait interrupted by java.lang.InterruptedException
2024-01-14 17:00:55,933 [31061ca7-84d9-4b7e-bdb5-51e4d8805ce5@group-9AEBABF676F3->fdbfaedf-7027-42ee-aaca-8580b78dbea6-GrpcLogAppender-LogAppenderDaemon] WARN  server.GrpcLogAppender (GrpcLogAppender.java:mayWait(289)) - 31061ca7-84d9-4b7e-bdb5-51e4d8805ce5@group-9AEBABF676F3->fdbfaedf-7027-42ee-aaca-8580b78dbea6-GrpcLogAppender: Wait interrupted by java.lang.InterruptedException
2024-01-14 17:00:55,933 [grpc-default-executor-5] INFO  server.GrpcServerProtocolService (GrpcServerProtocolService.java:onCompleted(157)) - 01ac3795-95be-4125-9c80-d1d2d581a769: Completed APPEND_ENTRIES, lastRequest: null
2024-01-14 17:00:55,933 [grpc-default-executor-3] INFO  server.GrpcServerProtocolService (GrpcServerProtocolService.java:onCompleted(157)) - 01ac3795-95be-4125-9c80-d1d2d581a769: Completed APPEND_ENTRIES, lastRequest: 31061ca7-84d9-4b7e-bdb5-51e4d8805ce5->01ac3795-95be-4125-9c80-d1d2d581a769#1-t1,previous=(t:0, i:0),leaderCommit=-1,initializing? false,entries: size=1, first=(t:1, i:0), CONFIGURATIONENTRY(current:id: "31061ca7-84d9-4b7e-bdb5-51e4d8805ce5"
address: "10.1.0.34:15433"
priority: 1
dataStreamAddress: "10.1.0.34:15434"
clientAddress: "10.1.0.34:15431"
adminAddress: "10.1.0.34:15432"
startupRole: FOLLOWER
,id: "01ac3795-95be-4125-9c80-d1d2d581a769"
address: "10.1.0.34:15424"
dataStreamAddress: "10.1.0.34:15425"
clientAddress: "10.1.0.34:15422"
adminAddress: "10.1.0.34:15423"
startupRole: FOLLOWER
,id: "fdbfaedf-7027-42ee-aaca-8580b78dbea6"
address: "10.1.0.34:15442"
dataStreamAddress: "10.1.0.34:15443"
clientAddress: "10.1.0.34:15440"
adminAddress: "10.1.0.34:15441"
startupRole: FOLLOWER
, old:)
2024-01-14 17:00:55,933 [grpc-default-executor-0] INFO  server.GrpcServerProtocolService (GrpcServerProtocolService.java:onCompleted(157)) - fdbfaedf-7027-42ee-aaca-8580b78dbea6: Completed APPEND_ENTRIES, lastRequest: null
2024-01-14 17:00:55,934 [grpc-default-executor-0] INFO  server.GrpcServerProtocolService (GrpcServerProtocolService.java:lambda$onCompleted$5(159)) - fdbfaedf-7027-42ee-aaca-8580b78dbea6: Completed APPEND_ENTRIES, lastReply: serverReply {
  requestorId: "31061ca7-84d9-4b7e-bdb5-51e4d8805ce5"
  replyId: "fdbfaedf-7027-42ee-aaca-8580b78dbea6"
  raftGroupId {
    id: "\311\t\267`_#LH\253=\232\353\253\366v\363"
  }
  callId: 11
  success: true
}
term: 1
nextIndex: 1
matchIndex: 18446744073709551615
isHearbeat: true

2024-01-14 17:00:55,934 [31061ca7-84d9-4b7e-bdb5-51e4d8805ce5@group-0BD0801A3AFE-cacheEviction-AwaitToRun] INFO  util.AwaitToRun (AwaitToRun.java:run(49)) - 31061ca7-84d9-4b7e-bdb5-51e4d8805ce5@group-0BD0801A3AFE-cacheEviction-AwaitToRun-AwaitForSignal is interrupted
2024-01-14 17:00:55,933 [31061ca7-84d9-4b7e-bdb5-51e4d8805ce5-impl-thread1] INFO  impl.PendingRequests (PendingRequests.java:sendNotLeaderResponses(289)) - 31061ca7-84d9-4b7e-bdb5-51e4d8805ce5@group-9AEBABF676F3-PendingRequests: sendNotLeaderResponses
2024-01-14 17:00:55,935 [31061ca7-84d9-4b7e-bdb5-51e4d8805ce5-impl-thread1] INFO  impl.StateMachineUpdater (StateMachineUpdater.java:stopAndJoin(157)) - 31061ca7-84d9-4b7e-bdb5-51e4d8805ce5@group-9AEBABF676F3-StateMachineUpdater: set stopIndex = 0
2024-01-14 17:00:55,934 [grpc-default-executor-2] INFO  server.GrpcLogAppender (GrpcLogAppender.java:onCompleted(546)) - 31061ca7-84d9-4b7e-bdb5-51e4d8805ce5@group-9AEBABF676F3->fdbfaedf-7027-42ee-aaca-8580b78dbea6-AppendLogResponseHandler: follower responses appendEntries COMPLETED
2024-01-14 17:00:55,934 [main] INFO  ozoneimpl.OzoneContainer (OzoneContainer.java:stop(479)) - Attempting to stop container services.
2024-01-14 17:00:55,935 [ForkJoinPool.commonPool-worker-3] INFO  ozoneimpl.OzoneContainer (OzoneContainer.java:stop(479)) - Attempting to stop container services.
2024-01-14 17:00:55,933 [grpc-default-executor-3] INFO  server.GrpcServerProtocolService (GrpcServerProtocolService.java:lambda$onCompleted$5(159)) - 01ac3795-95be-4125-9c80-d1d2d581a769: Completed APPEND_ENTRIES, lastReply: null
2024-01-14 17:00:55,936 [ForkJoinPool.commonPool-worker-4] INFO  ozoneimpl.OzoneContainer (OzoneContainer.java:stop(479)) - Attempting to stop container services.
2024-01-14 17:00:55,933 [grpc-default-executor-5] INFO  server.GrpcServerProtocolService (GrpcServerProtocolService.java:lambda$onCompleted$5(159)) - 01ac3795-95be-4125-9c80-d1d2d581a769: Completed APPEND_ENTRIES, lastReply: serverReply {
  requestorId: "31061ca7-84d9-4b7e-bdb5-51e4d8805ce5"
  replyId: "01ac3795-95be-4125-9c80-d1d2d581a769"
  raftGroupId {
    id: "\311\t\267`_#LH\253=\232\353\253\366v\363"
  }
  callId: 12
  success: true
}
term: 1
nextIndex: 1
matchIndex: 18446744073709551615
isHearbeat: true

2024-01-14 17:00:55,933 [grpc-default-executor-6] INFO  server.GrpcServerProtocolService (GrpcServerProtocolService.java:onCompleted(157)) - fdbfaedf-7027-42ee-aaca-8580b78dbea6: Completed APPEND_ENTRIES, lastRequest: 31061ca7-84d9-4b7e-bdb5-51e4d8805ce5->fdbfaedf-7027-42ee-aaca-8580b78dbea6#1-t1,previous=(t:0, i:0),leaderCommit=-1,initializing? false,entries: size=1, first=(t:1, i:0), CONFIGURATIONENTRY(current:id: "31061ca7-84d9-4b7e-bdb5-51e4d8805ce5"
address: "10.1.0.34:15433"
priority: 1
dataStreamAddress: "10.1.0.34:15434"
clientAddress: "10.1.0.34:15431"
adminAddress: "10.1.0.34:15432"
startupRole: FOLLOWER
,id: "01ac3795-95be-4125-9c80-d1d2d581a769"
address: "10.1.0.34:15424"
dataStreamAddress: "10.1.0.34:15425"
clientAddress: "10.1.0.34:15422"
adminAddress: "10.1.0.34:15423"
startupRole: FOLLOWER
,id: "fdbfaedf-7027-42ee-aaca-8580b78dbea6"
address: "10.1.0.34:15442"
dataStreamAddress: "10.1.0.34:15443"
clientAddress: "10.1.0.34:15440"
adminAddress: "10.1.0.34:15441"
startupRole: FOLLOWER
, old:)
2024-01-14 17:00:55,936 [grpc-default-executor-6] INFO  server.GrpcServerProtocolService (GrpcServerProtocolService.java:lambda$onCompleted$5(159)) - fdbfaedf-7027-42ee-aaca-8580b78dbea6: Completed APPEND_ENTRIES, lastReply: null
2024-01-14 17:00:55,936 [ForkJoinPool.commonPool-worker-4] INFO  server.RaftServer (RaftServerProxy.java:lambda$close$9(416)) - b01583c4-e63d-4000-8651-5bd1da23191a: close
2024-01-14 17:00:55,936 [b01583c4-e63d-4000-8651-5bd1da23191a-impl-thread1] INFO  server.RaftServer$Division (RaftServerImpl.java:lambda$close$3(526)) - b01583c4-e63d-4000-8651-5bd1da23191a@group-80DEB7409E1D: shutdown
2024-01-14 17:00:55,937 [b01583c4-e63d-4000-8651-5bd1da23191a-impl-thread1] INFO  util.JmxRegister (JmxRegister.java:unregister(73)) - Successfully un-registered JMX Bean with object name Ratis:service=RaftServer,group=group-80DEB7409E1D,id=b01583c4-e63d-4000-8651-5bd1da23191a
2024-01-14 17:00:55,937 [b01583c4-e63d-4000-8651-5bd1da23191a-impl-thread1] INFO  impl.RoleInfo (RoleInfo.java:shutdownLeaderState(94)) - b01583c4-e63d-4000-8651-5bd1da23191a: shutdown b01583c4-e63d-4000-8651-5bd1da23191a@group-80DEB7409E1D-LeaderStateImpl
2024-01-14 17:00:55,937 [grpc-default-executor-1] INFO  server.GrpcLogAppender (GrpcLogAppender.java:onCompleted(546)) - 31061ca7-84d9-4b7e-bdb5-51e4d8805ce5@group-9AEBABF676F3->01ac3795-95be-4125-9c80-d1d2d581a769-AppendLogResponseHandler: follower responses appendEntries COMPLETED
2024-01-14 17:00:55,937 [grpc-default-executor-0] INFO  server.GrpcLogAppender (GrpcLogAppender.java:onCompleted(546)) - 31061ca7-84d9-4b7e-bdb5-51e4d8805ce5@group-9AEBABF676F3->fdbfaedf-7027-42ee-aaca-8580b78dbea6-AppendLogResponseHandler: follower responses appendEntries COMPLETED
2024-01-14 17:00:55,937 [grpc-default-executor-0] WARN  server.GrpcLogAppender (GrpcLogAppender.java:resetClient(226)) - 31061ca7-84d9-4b7e-bdb5-51e4d8805ce5@group-9AEBABF676F3->fdbfaedf-7027-42ee-aaca-8580b78dbea6-GrpcLogAppender: Failed to getClient for fdbfaedf-7027-42ee-aaca-8580b78dbea6
org.apache.ratis.protocol.exceptions.AlreadyClosedException: 31061ca7-84d9-4b7e-bdb5-51e4d8805ce5 is already CLOSED
	at org.apache.ratis.util.PeerProxyMap$PeerAndProxy.getProxy(PeerProxyMap.java:65)
	at org.apache.ratis.util.PeerProxyMap.getProxy(PeerProxyMap.java:114)
	at org.apache.ratis.grpc.server.GrpcLogAppender.getClient(GrpcLogAppender.java:196)
	at org.apache.ratis.grpc.server.GrpcLogAppender.resetClient(GrpcLogAppender.java:201)
	at org.apache.ratis.grpc.server.GrpcLogAppender.access$800(GrpcLogAppender.java:62)
	at org.apache.ratis.grpc.server.GrpcLogAppender$AppendLogResponseHandler.onCompleted(GrpcLogAppender.java:547)
	at org.apache.ratis.thirdparty.io.grpc.stub.ClientCalls$StreamObserverToCallListenerAdapter.onClose(ClientCalls.java:479)
	at org.apache.ratis.thirdparty.io.grpc.internal.ClientCallImpl.closeObserver(ClientCallImpl.java:567)
	at org.apache.ratis.thirdparty.io.grpc.internal.ClientCallImpl.access$300(ClientCallImpl.java:71)
	at org.apache.ratis.thirdparty.io.grpc.internal.ClientCallImpl$ClientStreamListenerImpl$1StreamClosed.runInternal(ClientCallImpl.java:735)
	at org.apache.ratis.thirdparty.io.grpc.internal.ClientCallImpl$ClientStreamListenerImpl$1StreamClosed.runInContext(ClientCallImpl.java:716)
	at org.apache.ratis.thirdparty.io.grpc.internal.ContextRunnable.run(ContextRunnable.java:37)
	at org.apache.ratis.thirdparty.io.grpc.internal.SerializingExecutor.run(SerializingExecutor.java:133)
	at java.util.concurrent.ThreadPoolExecutor.runWorker(ThreadPoolExecutor.java:1149)
	at java.util.concurrent.ThreadPoolExecutor$Worker.run(ThreadPoolExecutor.java:624)
	at java.lang.Thread.run(Thread.java:750)
2024-01-14 17:00:55,933 [Thread-5824] INFO  server.GrpcServerProtocolClient (GrpcServerProtocolClient.java:close(103)) - fdbfaedf-7027-42ee-aaca-8580b78dbea6 Close channels
2024-01-14 17:00:55,937 [grpc-default-executor-3] INFO  server.GrpcLogAppender (GrpcLogAppender.java:onCompleted(546)) - 31061ca7-84d9-4b7e-bdb5-51e4d8805ce5@group-9AEBABF676F3->01ac3795-95be-4125-9c80-d1d2d581a769-AppendLogResponseHandler: follower responses appendEntries COMPLETED
2024-01-14 17:00:55,937 [grpc-default-executor-1] WARN  server.GrpcLogAppender (GrpcLogAppender.java:resetClient(226)) - 31061ca7-84d9-4b7e-bdb5-51e4d8805ce5@group-9AEBABF676F3->01ac3795-95be-4125-9c80-d1d2d581a769-GrpcLogAppender: Failed to getClient for 01ac3795-95be-4125-9c80-d1d2d581a769
org.apache.ratis.protocol.exceptions.AlreadyClosedException: 31061ca7-84d9-4b7e-bdb5-51e4d8805ce5 is already CLOSED
	at org.apache.ratis.util.PeerProxyMap$PeerAndProxy.getProxy(PeerProxyMap.java:65)
	at org.apache.ratis.util.PeerProxyMap.getProxy(PeerProxyMap.java:114)
	at org.apache.ratis.grpc.server.GrpcLogAppender.getClient(GrpcLogAppender.java:196)
	at org.apache.ratis.grpc.server.GrpcLogAppender.resetClient(GrpcLogAppender.java:201)
	at org.apache.ratis.grpc.server.GrpcLogAppender.access$800(GrpcLogAppender.java:62)
	at org.apache.ratis.grpc.server.GrpcLogAppender$AppendLogResponseHandler.onCompleted(GrpcLogAppender.java:547)
	at org.apache.ratis.thirdparty.io.grpc.stub.ClientCalls$StreamObserverToCallListenerAdapter.onClose(ClientCalls.java:479)
	at org.apache.ratis.thirdparty.io.grpc.internal.ClientCallImpl.closeObserver(ClientCallImpl.java:567)
	at org.apache.ratis.thirdparty.io.grpc.internal.ClientCallImpl.access$300(ClientCallImpl.java:71)
	at org.apache.ratis.thirdparty.io.grpc.internal.ClientCallImpl$ClientStreamListenerImpl$1StreamClosed.runInternal(ClientCallImpl.java:735)
	at org.apache.ratis.thirdparty.io.grpc.internal.ClientCallImpl$ClientStreamListenerImpl$1StreamClosed.runInContext(ClientCallImpl.java:716)
	at org.apache.ratis.thirdparty.io.grpc.internal.ContextRunnable.run(ContextRunnable.java:37)
	at org.apache.ratis.thirdparty.io.grpc.internal.SerializingExecutor.run(SerializingExecutor.java:133)
	at java.util.concurrent.ThreadPoolExecutor.runWorker(ThreadPoolExecutor.java:1149)
	at java.util.concurrent.ThreadPoolExecutor$Worker.run(ThreadPoolExecutor.java:624)
	at java.lang.Thread.run(Thread.java:750)
2024-01-14 17:00:55,937 [main] INFO  server.RaftServer (RaftServerProxy.java:lambda$close$9(416)) - bc0247fb-4108-4537-bc2d-6aaa51d5d1de: close
2024-01-14 17:00:55,938 [ForkJoinPool.commonPool-worker-4] INFO  server.GrpcService (GrpcService.java:closeImpl(311)) - b01583c4-e63d-4000-8651-5bd1da23191a: shutdown server org.apache.ratis.grpc.server.GrpcClientProtocolService now
2024-01-14 17:00:55,937 [b01583c4-e63d-4000-8651-5bd1da23191a-impl-thread1] INFO  impl.PendingRequests (PendingRequests.java:sendNotLeaderResponses(289)) - b01583c4-e63d-4000-8651-5bd1da23191a@group-80DEB7409E1D-PendingRequests: sendNotLeaderResponses
2024-01-14 17:00:55,936 [ForkJoinPool.commonPool-worker-3] INFO  server.RaftServer (RaftServerProxy.java:lambda$close$9(416)) - aebecd85-982d-4af9-9ab4-e47392631af6: close
2024-01-14 17:00:55,938 [aebecd85-982d-4af9-9ab4-e47392631af6-impl-thread1] INFO  server.RaftServer$Division (RaftServerImpl.java:lambda$close$3(526)) - aebecd85-982d-4af9-9ab4-e47392631af6@group-F3E7A0CFEC8F: shutdown
2024-01-14 17:00:55,938 [b01583c4-e63d-4000-8651-5bd1da23191a-impl-thread1] INFO  impl.StateMachineUpdater (StateMachineUpdater.java:stopAndJoin(157)) - b01583c4-e63d-4000-8651-5bd1da23191a@group-80DEB7409E1D-StateMachineUpdater: set stopIndex = 0
2024-01-14 17:00:55,935 [31061ca7-84d9-4b7e-bdb5-51e4d8805ce5@group-9AEBABF676F3-StateMachineUpdater] INFO  ratis.ContainerStateMachine (ContainerStateMachine.java:takeSnapshot(355)) - group-9AEBABF676F3: Taking a snapshot at:(t:1, i:0) file /home/runner/work/ozone/ozone/hadoop-ozone/integration-test/target/test-dir/MiniOzoneClusterImpl-55f63948-b302-44a8-9a44-732f3ddcab57/datanode-7/data/ratis/c909b760-5f23-4c48-ab3d-9aebabf676f3/sm/snapshot.1_0
2024-01-14 17:00:55,939 [b01583c4-e63d-4000-8651-5bd1da23191a@group-80DEB7409E1D-StateMachineUpdater] INFO  ratis.ContainerStateMachine (ContainerStateMachine.java:takeSnapshot(355)) - group-80DEB7409E1D: Taking a snapshot at:(t:1, i:0) file /home/runner/work/ozone/ozone/hadoop-ozone/integration-test/target/test-dir/MiniOzoneClusterImpl-55f63948-b302-44a8-9a44-732f3ddcab57/datanode-1/data/ratis/b3c90398-1e13-4ad2-bef7-80deb7409e1d/sm/snapshot.1_0
2024-01-14 17:00:55,939 [ForkJoinPool.commonPool-worker-3] INFO  server.GrpcService (GrpcService.java:closeImpl(311)) - aebecd85-982d-4af9-9ab4-e47392631af6: shutdown server org.apache.ratis.grpc.server.GrpcClientProtocolService now
2024-01-14 17:00:55,940 [Thread-5828] INFO  server.GrpcServerProtocolClient (GrpcServerProtocolClient.java:close(103)) - b01583c4-e63d-4000-8651-5bd1da23191a Close channels
2024-01-14 17:00:55,940 [aebecd85-982d-4af9-9ab4-e47392631af6-impl-thread2] INFO  server.RaftServer$Division (RaftServerImpl.java:lambda$close$3(526)) - aebecd85-982d-4af9-9ab4-e47392631af6@group-802D7856B538: shutdown
2024-01-14 17:00:55,940 [aebecd85-982d-4af9-9ab4-e47392631af6-impl-thread2] INFO  util.JmxRegister (JmxRegister.java:unregister(73)) - Successfully un-registered JMX Bean with object name Ratis:service=RaftServer,group=group-802D7856B538,id=aebecd85-982d-4af9-9ab4-e47392631af6
2024-01-14 17:00:55,941 [aebecd85-982d-4af9-9ab4-e47392631af6-impl-thread2] INFO  impl.RoleInfo (RoleInfo.java:shutdownLeaderState(94)) - aebecd85-982d-4af9-9ab4-e47392631af6: shutdown aebecd85-982d-4af9-9ab4-e47392631af6@group-802D7856B538-LeaderStateImpl
2024-01-14 17:00:55,941 [aebecd85-982d-4af9-9ab4-e47392631af6-impl-thread2] INFO  impl.PendingRequests (PendingRequests.java:sendNotLeaderResponses(289)) - aebecd85-982d-4af9-9ab4-e47392631af6@group-802D7856B538-PendingRequests: sendNotLeaderResponses
2024-01-14 17:00:55,942 [31061ca7-84d9-4b7e-bdb5-51e4d8805ce5@group-9AEBABF676F3-StateMachineUpdater] INFO  ratis.ContainerStateMachine (ContainerStateMachine.java:takeSnapshot(366)) - group-9AEBABF676F3: Finished taking a snapshot at:(t:1, i:0) file:/home/runner/work/ozone/ozone/hadoop-ozone/integration-test/target/test-dir/MiniOzoneClusterImpl-55f63948-b302-44a8-9a44-732f3ddcab57/datanode-7/data/ratis/c909b760-5f23-4c48-ab3d-9aebabf676f3/sm/snapshot.1_0 took: 6 ms
2024-01-14 17:00:55,942 [31061ca7-84d9-4b7e-bdb5-51e4d8805ce5@group-9AEBABF676F3-StateMachineUpdater] INFO  impl.StateMachineUpdater (StateMachineUpdater.java:takeSnapshot(295)) - 31061ca7-84d9-4b7e-bdb5-51e4d8805ce5@group-9AEBABF676F3-StateMachineUpdater: Took a snapshot at index 0
2024-01-14 17:00:55,942 [31061ca7-84d9-4b7e-bdb5-51e4d8805ce5@group-9AEBABF676F3-StateMachineUpdater] INFO  impl.StateMachineUpdater (StateMachineUpdater.java:lambda$new$0(98)) - 31061ca7-84d9-4b7e-bdb5-51e4d8805ce5@group-9AEBABF676F3-StateMachineUpdater: snapshotIndex: updateIncreasingly -1 -> 0
2024-01-14 17:00:55,942 [aebecd85-982d-4af9-9ab4-e47392631af6-impl-thread2] INFO  impl.StateMachineUpdater (StateMachineUpdater.java:stopAndJoin(157)) - aebecd85-982d-4af9-9ab4-e47392631af6@group-802D7856B538-StateMachineUpdater: set stopIndex = 0
2024-01-14 17:00:55,935 [grpc-default-executor-2] WARN  server.GrpcLogAppender (GrpcLogAppender.java:resetClient(226)) - 31061ca7-84d9-4b7e-bdb5-51e4d8805ce5@group-9AEBABF676F3->fdbfaedf-7027-42ee-aaca-8580b78dbea6-GrpcLogAppender: Failed to getClient for fdbfaedf-7027-42ee-aaca-8580b78dbea6
org.apache.ratis.protocol.exceptions.AlreadyClosedException: 31061ca7-84d9-4b7e-bdb5-51e4d8805ce5 is already CLOSED
	at org.apache.ratis.util.PeerProxyMap$PeerAndProxy.getProxy(PeerProxyMap.java:65)
	at org.apache.ratis.util.PeerProxyMap.getProxy(PeerProxyMap.java:114)
	at org.apache.ratis.grpc.server.GrpcLogAppender.getClient(GrpcLogAppender.java:196)
	at org.apache.ratis.grpc.server.GrpcLogAppender.resetClient(GrpcLogAppender.java:201)
	at org.apache.ratis.grpc.server.GrpcLogAppender.access$800(GrpcLogAppender.java:62)
	at org.apache.ratis.grpc.server.GrpcLogAppender$AppendLogResponseHandler.onCompleted(GrpcLogAppender.java:547)
	at org.apache.ratis.thirdparty.io.grpc.stub.ClientCalls$StreamObserverToCallListenerAdapter.onClose(ClientCalls.java:479)
	at org.apache.ratis.thirdparty.io.grpc.internal.ClientCallImpl.closeObserver(ClientCallImpl.java:567)
	at org.apache.ratis.thirdparty.io.grpc.internal.ClientCallImpl.access$300(ClientCallImpl.java:71)
	at org.apache.ratis.thirdparty.io.grpc.internal.ClientCallImpl$ClientStreamListenerImpl$1StreamClosed.runInternal(ClientCallImpl.java:735)
	at org.apache.ratis.thirdparty.io.grpc.internal.ClientCallImpl$ClientStreamListenerImpl$1StreamClosed.runInContext(ClientCallImpl.java:716)
	at org.apache.ratis.thirdparty.io.grpc.internal.ContextRunnable.run(ContextRunnable.java:37)
	at org.apache.ratis.thirdparty.io.grpc.internal.SerializingExecutor.run(SerializingExecutor.java:133)
	at java.util.concurrent.ThreadPoolExecutor.runWorker(ThreadPoolExecutor.java:1149)
	at java.util.concurrent.ThreadPoolExecutor$Worker.run(ThreadPoolExecutor.java:624)
	at java.lang.Thread.run(Thread.java:750)
2024-01-14 17:00:55,942 [b01583c4-e63d-4000-8651-5bd1da23191a@group-80DEB7409E1D-StateMachineUpdater] INFO  ratis.ContainerStateMachine (ContainerStateMachine.java:takeSnapshot(366)) - group-80DEB7409E1D: Finished taking a snapshot at:(t:1, i:0) file:/home/runner/work/ozone/ozone/hadoop-ozone/integration-test/target/test-dir/MiniOzoneClusterImpl-55f63948-b302-44a8-9a44-732f3ddcab57/datanode-1/data/ratis/b3c90398-1e13-4ad2-bef7-80deb7409e1d/sm/snapshot.1_0 took: 3 ms
2024-01-14 17:00:55,942 [31061ca7-84d9-4b7e-bdb5-51e4d8805ce5-impl-thread1] INFO  server.RaftServer$Division (ServerState.java:close(427)) - 31061ca7-84d9-4b7e-bdb5-51e4d8805ce5@group-9AEBABF676F3: applyIndex: 0
2024-01-14 17:00:55,942 [b01583c4-e63d-4000-8651-5bd1da23191a@group-80DEB7409E1D-StateMachineUpdater] INFO  impl.StateMachineUpdater (StateMachineUpdater.java:takeSnapshot(295)) - b01583c4-e63d-4000-8651-5bd1da23191a@group-80DEB7409E1D-StateMachineUpdater: Took a snapshot at index 0
2024-01-14 17:00:55,942 [aebecd85-982d-4af9-9ab4-e47392631af6@group-802D7856B538-StateMachineUpdater] INFO  ratis.ContainerStateMachine (ContainerStateMachine.java:takeSnapshot(355)) - group-802D7856B538: Taking a snapshot at:(t:1, i:0) file /home/runner/work/ozone/ozone/hadoop-ozone/integration-test/target/test-dir/MiniOzoneClusterImpl-55f63948-b302-44a8-9a44-732f3ddcab57/datanode-2/data/ratis/fb3778f1-91dd-4c6b-90dc-802d7856b538/sm/snapshot.1_0
2024-01-14 17:00:55,938 [aebecd85-982d-4af9-9ab4-e47392631af6-impl-thread1] INFO  util.JmxRegister (JmxRegister.java:unregister(73)) - Successfully un-registered JMX Bean with object name Ratis:service=RaftServer,group=group-F3E7A0CFEC8F,id=aebecd85-982d-4af9-9ab4-e47392631af6
2024-01-14 17:00:55,943 [aebecd85-982d-4af9-9ab4-e47392631af6-impl-thread1] INFO  impl.RoleInfo (RoleInfo.java:shutdownFollowerState(110)) - aebecd85-982d-4af9-9ab4-e47392631af6: shutdown aebecd85-982d-4af9-9ab4-e47392631af6@group-F3E7A0CFEC8F-FollowerState
2024-01-14 17:00:55,938 [bc0247fb-4108-4537-bc2d-6aaa51d5d1de-impl-thread1] INFO  server.RaftServer$Division (RaftServerImpl.java:lambda$close$3(526)) - bc0247fb-4108-4537-bc2d-6aaa51d5d1de@group-06836EA6AD0D: shutdown
2024-01-14 17:00:55,938 [main] INFO  server.GrpcService (GrpcService.java:closeImpl(311)) - bc0247fb-4108-4537-bc2d-6aaa51d5d1de: shutdown server org.apache.ratis.grpc.server.GrpcClientProtocolService now
2024-01-14 17:00:55,943 [aebecd85-982d-4af9-9ab4-e47392631af6@group-802D7856B538-StateMachineUpdater] INFO  ratis.ContainerStateMachine (ContainerStateMachine.java:takeSnapshot(366)) - group-802D7856B538: Finished taking a snapshot at:(t:1, i:0) file:/home/runner/work/ozone/ozone/hadoop-ozone/integration-test/target/test-dir/MiniOzoneClusterImpl-55f63948-b302-44a8-9a44-732f3ddcab57/datanode-2/data/ratis/fb3778f1-91dd-4c6b-90dc-802d7856b538/sm/snapshot.1_0 took: 1 ms
2024-01-14 17:00:55,943 [aebecd85-982d-4af9-9ab4-e47392631af6@group-802D7856B538-StateMachineUpdater] INFO  impl.StateMachineUpdater (StateMachineUpdater.java:takeSnapshot(295)) - aebecd85-982d-4af9-9ab4-e47392631af6@group-802D7856B538-StateMachineUpdater: Took a snapshot at index 0
2024-01-14 17:00:55,943 [aebecd85-982d-4af9-9ab4-e47392631af6@group-802D7856B538-StateMachineUpdater] INFO  impl.StateMachineUpdater (StateMachineUpdater.java:lambda$new$0(98)) - aebecd85-982d-4af9-9ab4-e47392631af6@group-802D7856B538-StateMachineUpdater: snapshotIndex: updateIncreasingly -1 -> 0
2024-01-14 17:00:55,937 [grpc-default-executor-3] WARN  server.GrpcLogAppender (GrpcLogAppender.java:resetClient(226)) - 31061ca7-84d9-4b7e-bdb5-51e4d8805ce5@group-9AEBABF676F3->01ac3795-95be-4125-9c80-d1d2d581a769-GrpcLogAppender: Failed to getClient for 01ac3795-95be-4125-9c80-d1d2d581a769
org.apache.ratis.protocol.exceptions.AlreadyClosedException: 31061ca7-84d9-4b7e-bdb5-51e4d8805ce5 is already CLOSED
	at org.apache.ratis.util.PeerProxyMap$PeerAndProxy.getProxy(PeerProxyMap.java:65)
	at org.apache.ratis.util.PeerProxyMap.getProxy(PeerProxyMap.java:114)
	at org.apache.ratis.grpc.server.GrpcLogAppender.getClient(GrpcLogAppender.java:196)
	at org.apache.ratis.grpc.server.GrpcLogAppender.resetClient(GrpcLogAppender.java:201)
	at org.apache.ratis.grpc.server.GrpcLogAppender.access$800(GrpcLogAppender.java:62)
	at org.apache.ratis.grpc.server.GrpcLogAppender$AppendLogResponseHandler.onCompleted(GrpcLogAppender.java:547)
	at org.apache.ratis.thirdparty.io.grpc.stub.ClientCalls$StreamObserverToCallListenerAdapter.onClose(ClientCalls.java:479)
	at org.apache.ratis.thirdparty.io.grpc.internal.ClientCallImpl.closeObserver(ClientCallImpl.java:567)
	at org.apache.ratis.thirdparty.io.grpc.internal.ClientCallImpl.access$300(ClientCallImpl.java:71)
	at org.apache.ratis.thirdparty.io.grpc.internal.ClientCallImpl$ClientStreamListenerImpl$1StreamClosed.runInternal(ClientCallImpl.java:735)
	at org.apache.ratis.thirdparty.io.grpc.internal.ClientCallImpl$ClientStreamListenerImpl$1StreamClosed.runInContext(ClientCallImpl.java:716)
	at org.apache.ratis.thirdparty.io.grpc.internal.ContextRunnable.run(ContextRunnable.java:37)
	at org.apache.ratis.thirdparty.io.grpc.internal.SerializingExecutor.run(SerializingExecutor.java:133)
	at java.util.concurrent.ThreadPoolExecutor.runWorker(ThreadPoolExecutor.java:1149)
	at java.util.concurrent.ThreadPoolExecutor$Worker.run(ThreadPoolExecutor.java:624)
	at java.lang.Thread.run(Thread.java:750)
2024-01-14 17:00:55,943 [bc0247fb-4108-4537-bc2d-6aaa51d5d1de-impl-thread1] INFO  util.JmxRegister (JmxRegister.java:unregister(73)) - Successfully un-registered JMX Bean with object name Ratis:service=RaftServer,group=group-06836EA6AD0D,id=bc0247fb-4108-4537-bc2d-6aaa51d5d1de
2024-01-14 17:00:55,943 [bc0247fb-4108-4537-bc2d-6aaa51d5d1de-impl-thread1] INFO  impl.RoleInfo (RoleInfo.java:shutdownLeaderState(94)) - bc0247fb-4108-4537-bc2d-6aaa51d5d1de: shutdown bc0247fb-4108-4537-bc2d-6aaa51d5d1de@group-06836EA6AD0D-LeaderStateImpl
2024-01-14 17:00:55,943 [bc0247fb-4108-4537-bc2d-6aaa51d5d1de-impl-thread1] INFO  impl.PendingRequests (PendingRequests.java:sendNotLeaderResponses(289)) - bc0247fb-4108-4537-bc2d-6aaa51d5d1de@group-06836EA6AD0D-PendingRequests: sendNotLeaderResponses
2024-01-14 17:00:55,944 [bc0247fb-4108-4537-bc2d-6aaa51d5d1de-impl-thread1] INFO  impl.StateMachineUpdater (StateMachineUpdater.java:stopAndJoin(157)) - bc0247fb-4108-4537-bc2d-6aaa51d5d1de@group-06836EA6AD0D-StateMachineUpdater: set stopIndex = 0
2024-01-14 17:00:55,944 [bc0247fb-4108-4537-bc2d-6aaa51d5d1de@group-06836EA6AD0D-StateMachineUpdater] INFO  ratis.ContainerStateMachine (ContainerStateMachine.java:takeSnapshot(355)) - group-06836EA6AD0D: Taking a snapshot at:(t:1, i:0) file /home/runner/work/ozone/ozone/hadoop-ozone/integration-test/target/test-dir/MiniOzoneClusterImpl-55f63948-b302-44a8-9a44-732f3ddcab57/datanode-5/data/ratis/f0eb859b-33e3-4e01-9825-06836ea6ad0d/sm/snapshot.1_0
2024-01-14 17:00:55,942 [b01583c4-e63d-4000-8651-5bd1da23191a@group-80DEB7409E1D-StateMachineUpdater] INFO  impl.StateMachineUpdater (StateMachineUpdater.java:lambda$new$0(98)) - b01583c4-e63d-4000-8651-5bd1da23191a@group-80DEB7409E1D-StateMachineUpdater: snapshotIndex: updateIncreasingly -1 -> 0
2024-01-14 17:00:55,942 [ForkJoinPool.commonPool-worker-5] INFO  server.GrpcService (GrpcService.java:closeImpl(320)) - 31061ca7-84d9-4b7e-bdb5-51e4d8805ce5: shutdown server org.apache.ratis.grpc.server.GrpcClientProtocolService successfully
2024-01-14 17:00:55,944 [ForkJoinPool.commonPool-worker-5] INFO  server.GrpcService (GrpcService.java:closeImpl(311)) - 31061ca7-84d9-4b7e-bdb5-51e4d8805ce5: shutdown server GrpcServerProtocolService now
2024-01-14 17:00:55,944 [b01583c4-e63d-4000-8651-5bd1da23191a-impl-thread1] INFO  server.RaftServer$Division (ServerState.java:close(427)) - b01583c4-e63d-4000-8651-5bd1da23191a@group-80DEB7409E1D: applyIndex: 0
2024-01-14 17:00:55,944 [bc0247fb-4108-4537-bc2d-6aaa51d5d1de@group-06836EA6AD0D-StateMachineUpdater] INFO  ratis.ContainerStateMachine (ContainerStateMachine.java:takeSnapshot(366)) - group-06836EA6AD0D: Finished taking a snapshot at:(t:1, i:0) file:/home/runner/work/ozone/ozone/hadoop-ozone/integration-test/target/test-dir/MiniOzoneClusterImpl-55f63948-b302-44a8-9a44-732f3ddcab57/datanode-5/data/ratis/f0eb859b-33e3-4e01-9825-06836ea6ad0d/sm/snapshot.1_0 took: 1 ms
2024-01-14 17:00:55,944 [bc0247fb-4108-4537-bc2d-6aaa51d5d1de@group-06836EA6AD0D-StateMachineUpdater] INFO  impl.StateMachineUpdater (StateMachineUpdater.java:takeSnapshot(295)) - bc0247fb-4108-4537-bc2d-6aaa51d5d1de@group-06836EA6AD0D-StateMachineUpdater: Took a snapshot at index 0
2024-01-14 17:00:55,944 [bc0247fb-4108-4537-bc2d-6aaa51d5d1de@group-06836EA6AD0D-StateMachineUpdater] INFO  impl.StateMachineUpdater (StateMachineUpdater.java:lambda$new$0(98)) - bc0247fb-4108-4537-bc2d-6aaa51d5d1de@group-06836EA6AD0D-StateMachineUpdater: snapshotIndex: updateIncreasingly -1 -> 0
2024-01-14 17:00:55,945 [bc0247fb-4108-4537-bc2d-6aaa51d5d1de-impl-thread1] INFO  server.RaftServer$Division (ServerState.java:close(427)) - bc0247fb-4108-4537-bc2d-6aaa51d5d1de@group-06836EA6AD0D: applyIndex: 0
2024-01-14 17:00:55,945 [bc0247fb-4108-4537-bc2d-6aaa51d5d1de@group-06836EA6AD0D-cacheEviction-AwaitToRun] INFO  util.AwaitToRun (AwaitToRun.java:run(49)) - bc0247fb-4108-4537-bc2d-6aaa51d5d1de@group-06836EA6AD0D-cacheEviction-AwaitToRun-AwaitForSignal is interrupted
2024-01-14 17:00:55,947 [b01583c4-e63d-4000-8651-5bd1da23191a-impl-thread2] INFO  server.RaftServer$Division (RaftServerImpl.java:lambda$close$3(526)) - b01583c4-e63d-4000-8651-5bd1da23191a@group-F3E7A0CFEC8F: shutdown
2024-01-14 17:00:55,949 [b01583c4-e63d-4000-8651-5bd1da23191a-impl-thread2] INFO  util.JmxRegister (JmxRegister.java:unregister(73)) - Successfully un-registered JMX Bean with object name Ratis:service=RaftServer,group=group-F3E7A0CFEC8F,id=b01583c4-e63d-4000-8651-5bd1da23191a
2024-01-14 17:00:55,949 [b01583c4-e63d-4000-8651-5bd1da23191a-impl-thread2] INFO  impl.RoleInfo (RoleInfo.java:shutdownFollowerState(110)) - b01583c4-e63d-4000-8651-5bd1da23191a: shutdown b01583c4-e63d-4000-8651-5bd1da23191a@group-F3E7A0CFEC8F-FollowerState
2024-01-14 17:00:55,949 [b01583c4-e63d-4000-8651-5bd1da23191a-impl-thread2] INFO  impl.StateMachineUpdater (StateMachineUpdater.java:stopAndJoin(157)) - b01583c4-e63d-4000-8651-5bd1da23191a@group-F3E7A0CFEC8F-StateMachineUpdater: set stopIndex = 0
2024-01-14 17:00:55,949 [b01583c4-e63d-4000-8651-5bd1da23191a@group-F3E7A0CFEC8F-FollowerState] INFO  impl.FollowerState (FollowerState.java:run(152)) - b01583c4-e63d-4000-8651-5bd1da23191a@group-F3E7A0CFEC8F-FollowerState was interrupted
2024-01-14 17:00:55,949 [ForkJoinPool.commonPool-worker-5] INFO  server.GrpcService (GrpcService.java:closeImpl(320)) - 31061ca7-84d9-4b7e-bdb5-51e4d8805ce5: shutdown server GrpcServerProtocolService successfully
2024-01-14 17:00:55,950 [b01583c4-e63d-4000-8651-5bd1da23191a@group-F3E7A0CFEC8F-StateMachineUpdater] INFO  ratis.ContainerStateMachine (ContainerStateMachine.java:takeSnapshot(355)) - group-F3E7A0CFEC8F: Taking a snapshot at:(t:1, i:0) file /home/runner/work/ozone/ozone/hadoop-ozone/integration-test/target/test-dir/MiniOzoneClusterImpl-55f63948-b302-44a8-9a44-732f3ddcab57/datanode-1/data/ratis/6fbf20b0-e0b6-4e52-9b82-f3e7a0cfec8f/sm/snapshot.1_0
2024-01-14 17:00:55,947 [aebecd85-982d-4af9-9ab4-e47392631af6-impl-thread2] INFO  server.RaftServer$Division (ServerState.java:close(427)) - aebecd85-982d-4af9-9ab4-e47392631af6@group-802D7856B538: applyIndex: 0
2024-01-14 17:00:55,948 [aebecd85-982d-4af9-9ab4-e47392631af6@group-F3E7A0CFEC8F-StateMachineUpdater] INFO  ratis.ContainerStateMachine (ContainerStateMachine.java:takeSnapshot(355)) - group-F3E7A0CFEC8F: Taking a snapshot at:(t:1, i:0) file /home/runner/work/ozone/ozone/hadoop-ozone/integration-test/target/test-dir/MiniOzoneClusterImpl-55f63948-b302-44a8-9a44-732f3ddcab57/datanode-2/data/ratis/6fbf20b0-e0b6-4e52-9b82-f3e7a0cfec8f/sm/snapshot.1_0
2024-01-14 17:00:55,948 [aebecd85-982d-4af9-9ab4-e47392631af6@group-F3E7A0CFEC8F-FollowerState] INFO  impl.FollowerState (FollowerState.java:run(152)) - aebecd85-982d-4af9-9ab4-e47392631af6@group-F3E7A0CFEC8F-FollowerState was interrupted
2024-01-14 17:00:55,948 [31061ca7-84d9-4b7e-bdb5-51e4d8805ce5@group-9AEBABF676F3-cacheEviction-AwaitToRun] INFO  util.AwaitToRun (AwaitToRun.java:run(49)) - 31061ca7-84d9-4b7e-bdb5-51e4d8805ce5@group-9AEBABF676F3-cacheEviction-AwaitToRun-AwaitForSignal is interrupted
2024-01-14 17:00:55,950 [Thread-5830] INFO  server.GrpcServerProtocolClient (GrpcServerProtocolClient.java:close(103)) - 1aa467ca-1ad7-4ef6-8b7c-495b72f7048c Close channels
2024-01-14 17:00:55,948 [aebecd85-982d-4af9-9ab4-e47392631af6-impl-thread1] INFO  impl.StateMachineUpdater (StateMachineUpdater.java:stopAndJoin(157)) - aebecd85-982d-4af9-9ab4-e47392631af6@group-F3E7A0CFEC8F-StateMachineUpdater: set stopIndex = 0
2024-01-14 17:00:55,950 [aebecd85-982d-4af9-9ab4-e47392631af6@group-F3E7A0CFEC8F-StateMachineUpdater] INFO  ratis.ContainerStateMachine (ContainerStateMachine.java:takeSnapshot(366)) - group-F3E7A0CFEC8F: Finished taking a snapshot at:(t:1, i:0) file:/home/runner/work/ozone/ozone/hadoop-ozone/integration-test/target/test-dir/MiniOzoneClusterImpl-55f63948-b302-44a8-9a44-732f3ddcab57/datanode-2/data/ratis/6fbf20b0-e0b6-4e52-9b82-f3e7a0cfec8f/sm/snapshot.1_0 took: 3 ms
2024-01-14 17:00:55,951 [aebecd85-982d-4af9-9ab4-e47392631af6@group-F3E7A0CFEC8F-StateMachineUpdater] INFO  impl.StateMachineUpdater (StateMachineUpdater.java:takeSnapshot(295)) - aebecd85-982d-4af9-9ab4-e47392631af6@group-F3E7A0CFEC8F-StateMachineUpdater: Took a snapshot at index 0
2024-01-14 17:00:55,951 [aebecd85-982d-4af9-9ab4-e47392631af6@group-F3E7A0CFEC8F-StateMachineUpdater] INFO  impl.StateMachineUpdater (StateMachineUpdater.java:lambda$new$0(98)) - aebecd85-982d-4af9-9ab4-e47392631af6@group-F3E7A0CFEC8F-StateMachineUpdater: snapshotIndex: updateIncreasingly -1 -> 0
2024-01-14 17:00:55,945 [b01583c4-e63d-4000-8651-5bd1da23191a@group-80DEB7409E1D-cacheEviction-AwaitToRun] INFO  util.AwaitToRun (AwaitToRun.java:run(49)) - b01583c4-e63d-4000-8651-5bd1da23191a@group-80DEB7409E1D-cacheEviction-AwaitToRun-AwaitForSignal is interrupted
2024-01-14 17:00:55,951 [aebecd85-982d-4af9-9ab4-e47392631af6-impl-thread1] INFO  server.RaftServer$Division (ServerState.java:close(427)) - aebecd85-982d-4af9-9ab4-e47392631af6@group-F3E7A0CFEC8F: applyIndex: 0
2024-01-14 17:00:55,950 [Thread-5831] INFO  server.GrpcServerProtocolClient (GrpcServerProtocolClient.java:close(103)) - f2927880-1f10-4686-b93c-5db3b548581d Close channels
2024-01-14 17:00:55,950 [ForkJoinPool.commonPool-worker-4] INFO  server.GrpcService (GrpcService.java:closeImpl(320)) - b01583c4-e63d-4000-8651-5bd1da23191a: shutdown server org.apache.ratis.grpc.server.GrpcClientProtocolService successfully
2024-01-14 17:00:55,951 [ForkJoinPool.commonPool-worker-4] INFO  server.GrpcService (GrpcService.java:closeImpl(311)) - b01583c4-e63d-4000-8651-5bd1da23191a: shutdown server GrpcServerProtocolService now
2024-01-14 17:00:55,950 [aebecd85-982d-4af9-9ab4-e47392631af6@group-802D7856B538-cacheEviction-AwaitToRun] INFO  util.AwaitToRun (AwaitToRun.java:run(49)) - aebecd85-982d-4af9-9ab4-e47392631af6@group-802D7856B538-cacheEviction-AwaitToRun-AwaitForSignal is interrupted
2024-01-14 17:00:55,950 [Thread-5834] INFO  server.GrpcServerProtocolClient (GrpcServerProtocolClient.java:close(103)) - cccf6745-afeb-413c-bfb5-a8d67b6b623b Close channels
2024-01-14 17:00:55,950 [ForkJoinPool.commonPool-worker-5] INFO  server.GrpcService (GrpcService.java:closeImpl(311)) - 31061ca7-84d9-4b7e-bdb5-51e4d8805ce5: shutdown server org.apache.ratis.grpc.server.GrpcAdminProtocolService now
2024-01-14 17:00:55,953 [b01583c4-e63d-4000-8651-5bd1da23191a@group-F3E7A0CFEC8F-StateMachineUpdater] INFO  ratis.ContainerStateMachine (ContainerStateMachine.java:takeSnapshot(366)) - group-F3E7A0CFEC8F: Finished taking a snapshot at:(t:1, i:0) file:/home/runner/work/ozone/ozone/hadoop-ozone/integration-test/target/test-dir/MiniOzoneClusterImpl-55f63948-b302-44a8-9a44-732f3ddcab57/datanode-1/data/ratis/6fbf20b0-e0b6-4e52-9b82-f3e7a0cfec8f/sm/snapshot.1_0 took: 4 ms
2024-01-14 17:00:55,953 [b01583c4-e63d-4000-8651-5bd1da23191a@group-F3E7A0CFEC8F-StateMachineUpdater] INFO  impl.StateMachineUpdater (StateMachineUpdater.java:takeSnapshot(295)) - b01583c4-e63d-4000-8651-5bd1da23191a@group-F3E7A0CFEC8F-StateMachineUpdater: Took a snapshot at index 0
2024-01-14 17:00:55,953 [b01583c4-e63d-4000-8651-5bd1da23191a@group-F3E7A0CFEC8F-StateMachineUpdater] INFO  impl.StateMachineUpdater (StateMachineUpdater.java:lambda$new$0(98)) - b01583c4-e63d-4000-8651-5bd1da23191a@group-F3E7A0CFEC8F-StateMachineUpdater: snapshotIndex: updateIncreasingly -1 -> 0
2024-01-14 17:00:55,953 [b01583c4-e63d-4000-8651-5bd1da23191a-impl-thread2] INFO  server.RaftServer$Division (ServerState.java:close(427)) - b01583c4-e63d-4000-8651-5bd1da23191a@group-F3E7A0CFEC8F: applyIndex: 0
2024-01-14 17:00:55,953 [main] INFO  server.GrpcService (GrpcService.java:closeImpl(320)) - bc0247fb-4108-4537-bc2d-6aaa51d5d1de: shutdown server org.apache.ratis.grpc.server.GrpcClientProtocolService successfully
2024-01-14 17:00:55,954 [main] INFO  server.GrpcService (GrpcService.java:closeImpl(311)) - bc0247fb-4108-4537-bc2d-6aaa51d5d1de: shutdown server GrpcServerProtocolService now
2024-01-14 17:00:55,954 [grpc-default-executor-0] WARN  server.GrpcServerProtocolService (LogUtils.java:warn(121)) - b01583c4-e63d-4000-8651-5bd1da23191a: APPEND_ENTRIES onError, lastRequest: null: org.apache.ratis.thirdparty.io.grpc.StatusRuntimeException: CANCELLED: client cancelled
2024-01-14 17:00:55,953 [b01583c4-e63d-4000-8651-5bd1da23191a@group-F3E7A0CFEC8F-cacheEviction-AwaitToRun] INFO  util.AwaitToRun (AwaitToRun.java:run(49)) - b01583c4-e63d-4000-8651-5bd1da23191a@group-F3E7A0CFEC8F-cacheEviction-AwaitToRun-AwaitForSignal is interrupted
2024-01-14 17:00:55,954 [grpc-default-executor-2] WARN  server.GrpcServerProtocolService (LogUtils.java:warn(121)) - b01583c4-e63d-4000-8651-5bd1da23191a: APPEND_ENTRIES onError, lastRequest: 1aa467ca-1ad7-4ef6-8b7c-495b72f7048c->b01583c4-e63d-4000-8651-5bd1da23191a#1-t1,previous=(t:0, i:0),leaderCommit=-1,initializing? false,entries: size=1, first=(t:1, i:0), CONFIGURATIONENTRY(current:id: "b01583c4-e63d-4000-8651-5bd1da23191a"
address: "10.1.0.34:15379"
dataStreamAddress: "10.1.0.34:15380"
clientAddress: "10.1.0.34:15377"
adminAddress: "10.1.0.34:15378"
startupRole: FOLLOWER
,id: "aebecd85-982d-4af9-9ab4-e47392631af6"
address: "10.1.0.34:15388"
dataStreamAddress: "10.1.0.34:15389"
clientAddress: "10.1.0.34:15386"
adminAddress: "10.1.0.34:15387"
startupRole: FOLLOWER
,id: "1aa467ca-1ad7-4ef6-8b7c-495b72f7048c"
address: "10.1.0.34:15370"
priority: 1
dataStreamAddress: "10.1.0.34:15371"
clientAddress: "10.1.0.34:15368"
adminAddress: "10.1.0.34:15369"
startupRole: FOLLOWER
, old:): org.apache.ratis.thirdparty.io.grpc.StatusRuntimeException: CANCELLED: client cancelled
2024-01-14 17:00:55,954 [ForkJoinPool.commonPool-worker-6] INFO  ozoneimpl.OzoneContainer (OzoneContainer.java:stop(479)) - Attempting to stop container services.
2024-01-14 17:00:55,961 [ForkJoinPool.commonPool-worker-4] INFO  server.GrpcService (GrpcService.java:closeImpl(320)) - b01583c4-e63d-4000-8651-5bd1da23191a: shutdown server GrpcServerProtocolService successfully
2024-01-14 17:00:55,961 [aebecd85-982d-4af9-9ab4-e47392631af6@group-F3E7A0CFEC8F-cacheEviction-AwaitToRun] INFO  util.AwaitToRun (AwaitToRun.java:run(49)) - aebecd85-982d-4af9-9ab4-e47392631af6@group-F3E7A0CFEC8F-cacheEviction-AwaitToRun-AwaitForSignal is interrupted
2024-01-14 17:00:55,961 [ForkJoinPool.commonPool-worker-3] INFO  server.GrpcService (GrpcService.java:closeImpl(320)) - aebecd85-982d-4af9-9ab4-e47392631af6: shutdown server org.apache.ratis.grpc.server.GrpcClientProtocolService successfully
2024-01-14 17:00:55,962 [ForkJoinPool.commonPool-worker-3] INFO  server.GrpcService (GrpcService.java:closeImpl(311)) - aebecd85-982d-4af9-9ab4-e47392631af6: shutdown server GrpcServerProtocolService now
2024-01-14 17:00:55,961 [ForkJoinPool.commonPool-worker-4] INFO  server.GrpcService (GrpcService.java:closeImpl(311)) - b01583c4-e63d-4000-8651-5bd1da23191a: shutdown server org.apache.ratis.grpc.server.GrpcAdminProtocolService now
2024-01-14 17:00:55,966 [grpc-default-executor-7] WARN  server.GrpcLogAppender (GrpcLogAppender.java:lambda$resetClient$1(217)) - 1aa467ca-1ad7-4ef6-8b7c-495b72f7048c@group-F3E7A0CFEC8F->aebecd85-982d-4af9-9ab4-e47392631af6-GrpcLogAppender: Follower failed (request=null, errorCount=1); keep nextIndex (1) unchanged and retry.
2024-01-14 17:00:55,966 [grpc-default-executor-2] WARN  server.GrpcLogAppender (GrpcLogAppender.java:lambda$resetClient$1(217)) - 1aa467ca-1ad7-4ef6-8b7c-495b72f7048c@group-F3E7A0CFEC8F->b01583c4-e63d-4000-8651-5bd1da23191a-GrpcLogAppender: Follower failed (request=null, errorCount=1); keep nextIndex (1) unchanged and retry.
2024-01-14 17:00:55,965 [ForkJoinPool.commonPool-worker-3] INFO  server.GrpcService (GrpcService.java:closeImpl(320)) - aebecd85-982d-4af9-9ab4-e47392631af6: shutdown server GrpcServerProtocolService successfully
2024-01-14 17:00:55,968 [ForkJoinPool.commonPool-worker-3] INFO  server.GrpcService (GrpcService.java:closeImpl(311)) - aebecd85-982d-4af9-9ab4-e47392631af6: shutdown server org.apache.ratis.grpc.server.GrpcAdminProtocolService now
2024-01-14 17:00:55,965 [grpc-default-executor-1] WARN  server.GrpcServerProtocolService (LogUtils.java:warn(121)) - aebecd85-982d-4af9-9ab4-e47392631af6: APPEND_ENTRIES onError, lastRequest: null: org.apache.ratis.thirdparty.io.grpc.StatusRuntimeException: CANCELLED: client cancelled
2024-01-14 17:00:55,965 [grpc-default-executor-6] WARN  server.GrpcServerProtocolService (LogUtils.java:warn(121)) - aebecd85-982d-4af9-9ab4-e47392631af6: APPEND_ENTRIES onError, lastRequest: 1aa467ca-1ad7-4ef6-8b7c-495b72f7048c->aebecd85-982d-4af9-9ab4-e47392631af6#1-t1,previous=(t:0, i:0),leaderCommit=-1,initializing? false,entries: size=1, first=(t:1, i:0), CONFIGURATIONENTRY(current:id: "b01583c4-e63d-4000-8651-5bd1da23191a"
address: "10.1.0.34:15379"
dataStreamAddress: "10.1.0.34:15380"
clientAddress: "10.1.0.34:15377"
adminAddress: "10.1.0.34:15378"
startupRole: FOLLOWER
,id: "aebecd85-982d-4af9-9ab4-e47392631af6"
address: "10.1.0.34:15388"
dataStreamAddress: "10.1.0.34:15389"
clientAddress: "10.1.0.34:15386"
adminAddress: "10.1.0.34:15387"
startupRole: FOLLOWER
,id: "1aa467ca-1ad7-4ef6-8b7c-495b72f7048c"
address: "10.1.0.34:15370"
priority: 1
dataStreamAddress: "10.1.0.34:15371"
clientAddress: "10.1.0.34:15368"
adminAddress: "10.1.0.34:15369"
startupRole: FOLLOWER
, old:): org.apache.ratis.thirdparty.io.grpc.StatusRuntimeException: CANCELLED: client cancelled
2024-01-14 17:00:55,965 [grpc-default-executor-3] WARN  server.GrpcLogAppender (LogUtils.java:warn(121)) - 1aa467ca-1ad7-4ef6-8b7c-495b72f7048c@group-F3E7A0CFEC8F->aebecd85-982d-4af9-9ab4-e47392631af6-AppendLogResponseHandler: Failed appendEntries: org.apache.ratis.thirdparty.io.grpc.StatusRuntimeException: CANCELLED: RST_STREAM closed stream. HTTP/2 error code: CANCEL
2024-01-14 17:00:55,964 [ForkJoinPool.commonPool-worker-5] INFO  server.GrpcService (GrpcService.java:closeImpl(320)) - 31061ca7-84d9-4b7e-bdb5-51e4d8805ce5: shutdown server org.apache.ratis.grpc.server.GrpcAdminProtocolService successfully
2024-01-14 17:00:55,964 [ForkJoinPool.commonPool-worker-6] INFO  server.RaftServer (RaftServerProxy.java:lambda$close$9(416)) - 1aa467ca-1ad7-4ef6-8b7c-495b72f7048c: close
2024-01-14 17:00:55,964 [grpc-default-executor-0] WARN  server.GrpcLogAppender (LogUtils.java:warn(121)) - 1aa467ca-1ad7-4ef6-8b7c-495b72f7048c@group-F3E7A0CFEC8F->b01583c4-e63d-4000-8651-5bd1da23191a-AppendLogResponseHandler: Failed appendEntries: org.apache.ratis.thirdparty.io.grpc.StatusRuntimeException: CANCELLED: RST_STREAM closed stream. HTTP/2 error code: CANCEL
2024-01-14 17:00:55,971 [1aa467ca-1ad7-4ef6-8b7c-495b72f7048c-impl-thread1] INFO  server.RaftServer$Division (RaftServerImpl.java:lambda$close$3(526)) - 1aa467ca-1ad7-4ef6-8b7c-495b72f7048c@group-D7F49AE3D028: shutdown
2024-01-14 17:00:55,971 [1aa467ca-1ad7-4ef6-8b7c-495b72f7048c-impl-thread1] INFO  util.JmxRegister (JmxRegister.java:unregister(73)) - Successfully un-registered JMX Bean with object name Ratis:service=RaftServer,group=group-D7F49AE3D028,id=1aa467ca-1ad7-4ef6-8b7c-495b72f7048c
2024-01-14 17:00:55,971 [1aa467ca-1ad7-4ef6-8b7c-495b72f7048c-impl-thread1] INFO  impl.RoleInfo (RoleInfo.java:shutdownLeaderState(94)) - 1aa467ca-1ad7-4ef6-8b7c-495b72f7048c: shutdown 1aa467ca-1ad7-4ef6-8b7c-495b72f7048c@group-D7F49AE3D028-LeaderStateImpl
2024-01-14 17:00:55,971 [1aa467ca-1ad7-4ef6-8b7c-495b72f7048c-impl-thread1] INFO  impl.PendingRequests (PendingRequests.java:sendNotLeaderResponses(289)) - 1aa467ca-1ad7-4ef6-8b7c-495b72f7048c@group-D7F49AE3D028-PendingRequests: sendNotLeaderResponses
2024-01-14 17:00:55,972 [1aa467ca-1ad7-4ef6-8b7c-495b72f7048c-impl-thread1] INFO  impl.StateMachineUpdater (StateMachineUpdater.java:stopAndJoin(157)) - 1aa467ca-1ad7-4ef6-8b7c-495b72f7048c@group-D7F49AE3D028-StateMachineUpdater: set stopIndex = 0
2024-01-14 17:00:55,972 [1aa467ca-1ad7-4ef6-8b7c-495b72f7048c@group-D7F49AE3D028-StateMachineUpdater] INFO  ratis.ContainerStateMachine (ContainerStateMachine.java:takeSnapshot(355)) - group-D7F49AE3D028: Taking a snapshot at:(t:1, i:0) file /home/runner/work/ozone/ozone/hadoop-ozone/integration-test/target/test-dir/MiniOzoneClusterImpl-55f63948-b302-44a8-9a44-732f3ddcab57/datanode-0/data/ratis/234ac5d8-21e2-47a4-a1ba-d7f49ae3d028/sm/snapshot.1_0
2024-01-14 17:00:55,972 [1aa467ca-1ad7-4ef6-8b7c-495b72f7048c@group-D7F49AE3D028-StateMachineUpdater] INFO  ratis.ContainerStateMachine (ContainerStateMachine.java:takeSnapshot(366)) - group-D7F49AE3D028: Finished taking a snapshot at:(t:1, i:0) file:/home/runner/work/ozone/ozone/hadoop-ozone/integration-test/target/test-dir/MiniOzoneClusterImpl-55f63948-b302-44a8-9a44-732f3ddcab57/datanode-0/data/ratis/234ac5d8-21e2-47a4-a1ba-d7f49ae3d028/sm/snapshot.1_0 took: 1 ms
2024-01-14 17:00:55,978 [1aa467ca-1ad7-4ef6-8b7c-495b72f7048c-impl-thread2] INFO  server.RaftServer$Division (RaftServerImpl.java:lambda$close$3(526)) - 1aa467ca-1ad7-4ef6-8b7c-495b72f7048c@group-F3E7A0CFEC8F: shutdown
2024-01-14 17:00:55,978 [1aa467ca-1ad7-4ef6-8b7c-495b72f7048c@group-D7F49AE3D028-StateMachineUpdater] INFO  impl.StateMachineUpdater (StateMachineUpdater.java:takeSnapshot(295)) - 1aa467ca-1ad7-4ef6-8b7c-495b72f7048c@group-D7F49AE3D028-StateMachineUpdater: Took a snapshot at index 0
2024-01-14 17:00:55,978 [1aa467ca-1ad7-4ef6-8b7c-495b72f7048c@group-D7F49AE3D028-StateMachineUpdater] INFO  impl.StateMachineUpdater (StateMachineUpdater.java:lambda$new$0(98)) - 1aa467ca-1ad7-4ef6-8b7c-495b72f7048c@group-D7F49AE3D028-StateMachineUpdater: snapshotIndex: updateIncreasingly -1 -> 0
2024-01-14 17:00:55,972 [ForkJoinPool.commonPool-worker-6] INFO  server.GrpcService (GrpcService.java:closeImpl(311)) - 1aa467ca-1ad7-4ef6-8b7c-495b72f7048c: shutdown server org.apache.ratis.grpc.server.GrpcClientProtocolService now
2024-01-14 17:00:55,975 [main] INFO  server.GrpcService (GrpcService.java:closeImpl(320)) - bc0247fb-4108-4537-bc2d-6aaa51d5d1de: shutdown server GrpcServerProtocolService successfully
2024-01-14 17:00:55,978 [main] INFO  server.GrpcService (GrpcService.java:closeImpl(311)) - bc0247fb-4108-4537-bc2d-6aaa51d5d1de: shutdown server org.apache.ratis.grpc.server.GrpcAdminProtocolService now
2024-01-14 17:00:55,973 [ForkJoinPool.commonPool-worker-4] INFO  server.GrpcService (GrpcService.java:closeImpl(320)) - b01583c4-e63d-4000-8651-5bd1da23191a: shutdown server org.apache.ratis.grpc.server.GrpcAdminProtocolService successfully
2024-01-14 17:00:55,979 [Thread-5859] INFO  server.GrpcServerProtocolClient (GrpcServerProtocolClient.java:close(103)) - b01583c4-e63d-4000-8651-5bd1da23191a Close channels
2024-01-14 17:00:55,978 [1aa467ca-1ad7-4ef6-8b7c-495b72f7048c-impl-thread1] INFO  server.RaftServer$Division (ServerState.java:close(427)) - 1aa467ca-1ad7-4ef6-8b7c-495b72f7048c@group-D7F49AE3D028: applyIndex: 0
2024-01-14 17:00:55,978 [1aa467ca-1ad7-4ef6-8b7c-495b72f7048c-impl-thread2] INFO  util.JmxRegister (JmxRegister.java:unregister(73)) - Successfully un-registered JMX Bean with object name Ratis:service=RaftServer,group=group-F3E7A0CFEC8F,id=1aa467ca-1ad7-4ef6-8b7c-495b72f7048c
2024-01-14 17:00:55,979 [1aa467ca-1ad7-4ef6-8b7c-495b72f7048c-impl-thread2] INFO  impl.RoleInfo (RoleInfo.java:shutdownLeaderState(94)) - 1aa467ca-1ad7-4ef6-8b7c-495b72f7048c: shutdown 1aa467ca-1ad7-4ef6-8b7c-495b72f7048c@group-F3E7A0CFEC8F-LeaderStateImpl
2024-01-14 17:00:55,981 [Thread-5862] INFO  server.GrpcServerProtocolClient (GrpcServerProtocolClient.java:close(103)) - aebecd85-982d-4af9-9ab4-e47392631af6 Close channels
2024-01-14 17:00:55,986 [1aa467ca-1ad7-4ef6-8b7c-495b72f7048c@group-D7F49AE3D028-cacheEviction-AwaitToRun] INFO  util.AwaitToRun (AwaitToRun.java:run(49)) - 1aa467ca-1ad7-4ef6-8b7c-495b72f7048c@group-D7F49AE3D028-cacheEviction-AwaitToRun-AwaitForSignal is interrupted
2024-01-14 17:00:55,986 [1aa467ca-1ad7-4ef6-8b7c-495b72f7048c@group-F3E7A0CFEC8F->b01583c4-e63d-4000-8651-5bd1da23191a-GrpcLogAppender-LogAppenderDaemon] WARN  server.GrpcLogAppender (GrpcLogAppender.java:mayWait(289)) - 1aa467ca-1ad7-4ef6-8b7c-495b72f7048c@group-F3E7A0CFEC8F->b01583c4-e63d-4000-8651-5bd1da23191a-GrpcLogAppender: Wait interrupted by java.lang.InterruptedException
2024-01-14 17:00:55,986 [1aa467ca-1ad7-4ef6-8b7c-495b72f7048c@group-F3E7A0CFEC8F->aebecd85-982d-4af9-9ab4-e47392631af6-GrpcLogAppender-LogAppenderDaemon] WARN  server.GrpcLogAppender (GrpcLogAppender.java:mayWait(289)) - 1aa467ca-1ad7-4ef6-8b7c-495b72f7048c@group-F3E7A0CFEC8F->aebecd85-982d-4af9-9ab4-e47392631af6-GrpcLogAppender: Wait interrupted by java.lang.InterruptedException
2024-01-14 17:00:55,986 [1aa467ca-1ad7-4ef6-8b7c-495b72f7048c-impl-thread2] INFO  impl.PendingRequests (PendingRequests.java:sendNotLeaderResponses(289)) - 1aa467ca-1ad7-4ef6-8b7c-495b72f7048c@group-F3E7A0CFEC8F-PendingRequests: sendNotLeaderResponses
2024-01-14 17:00:55,987 [1aa467ca-1ad7-4ef6-8b7c-495b72f7048c-impl-thread2] INFO  impl.StateMachineUpdater (StateMachineUpdater.java:stopAndJoin(157)) - 1aa467ca-1ad7-4ef6-8b7c-495b72f7048c@group-F3E7A0CFEC8F-StateMachineUpdater: set stopIndex = 0
2024-01-14 17:00:55,987 [1aa467ca-1ad7-4ef6-8b7c-495b72f7048c@group-F3E7A0CFEC8F-StateMachineUpdater] INFO  ratis.ContainerStateMachine (ContainerStateMachine.java:takeSnapshot(355)) - group-F3E7A0CFEC8F: Taking a snapshot at:(t:1, i:0) file /home/runner/work/ozone/ozone/hadoop-ozone/integration-test/target/test-dir/MiniOzoneClusterImpl-55f63948-b302-44a8-9a44-732f3ddcab57/datanode-0/data/ratis/6fbf20b0-e0b6-4e52-9b82-f3e7a0cfec8f/sm/snapshot.1_0
2024-01-14 17:00:55,987 [1aa467ca-1ad7-4ef6-8b7c-495b72f7048c@group-F3E7A0CFEC8F-StateMachineUpdater] INFO  ratis.ContainerStateMachine (ContainerStateMachine.java:takeSnapshot(366)) - group-F3E7A0CFEC8F: Finished taking a snapshot at:(t:1, i:0) file:/home/runner/work/ozone/ozone/hadoop-ozone/integration-test/target/test-dir/MiniOzoneClusterImpl-55f63948-b302-44a8-9a44-732f3ddcab57/datanode-0/data/ratis/6fbf20b0-e0b6-4e52-9b82-f3e7a0cfec8f/sm/snapshot.1_0 took: 1 ms
2024-01-14 17:00:55,988 [1aa467ca-1ad7-4ef6-8b7c-495b72f7048c@group-F3E7A0CFEC8F-StateMachineUpdater] INFO  impl.StateMachineUpdater (StateMachineUpdater.java:takeSnapshot(295)) - 1aa467ca-1ad7-4ef6-8b7c-495b72f7048c@group-F3E7A0CFEC8F-StateMachineUpdater: Took a snapshot at index 0
2024-01-14 17:00:55,988 [1aa467ca-1ad7-4ef6-8b7c-495b72f7048c@group-F3E7A0CFEC8F-StateMachineUpdater] INFO  impl.StateMachineUpdater (StateMachineUpdater.java:lambda$new$0(98)) - 1aa467ca-1ad7-4ef6-8b7c-495b72f7048c@group-F3E7A0CFEC8F-StateMachineUpdater: snapshotIndex: updateIncreasingly -1 -> 0
2024-01-14 17:00:55,988 [1aa467ca-1ad7-4ef6-8b7c-495b72f7048c-impl-thread2] INFO  server.RaftServer$Division (ServerState.java:close(427)) - 1aa467ca-1ad7-4ef6-8b7c-495b72f7048c@group-F3E7A0CFEC8F: applyIndex: 0
2024-01-14 17:00:55,989 [main] INFO  server.GrpcService (GrpcService.java:closeImpl(320)) - bc0247fb-4108-4537-bc2d-6aaa51d5d1de: shutdown server org.apache.ratis.grpc.server.GrpcAdminProtocolService successfully
2024-01-14 17:00:55,990 [ForkJoinPool.commonPool-worker-7] INFO  ozoneimpl.OzoneContainer (OzoneContainer.java:stop(479)) - Attempting to stop container services.
2024-01-14 17:00:55,990 [ForkJoinPool.commonPool-worker-3] INFO  server.GrpcService (GrpcService.java:closeImpl(320)) - aebecd85-982d-4af9-9ab4-e47392631af6: shutdown server org.apache.ratis.grpc.server.GrpcAdminProtocolService successfully
2024-01-14 17:00:55,990 [ForkJoinPool.commonPool-worker-7] INFO  server.RaftServer (RaftServerProxy.java:lambda$close$9(416)) - 01ac3795-95be-4125-9c80-d1d2d581a769: close
2024-01-14 17:00:55,990 [01ac3795-95be-4125-9c80-d1d2d581a769-impl-thread1] INFO  server.RaftServer$Division (RaftServerImpl.java:lambda$close$3(526)) - 01ac3795-95be-4125-9c80-d1d2d581a769@group-9AEBABF676F3: shutdown
2024-01-14 17:00:55,990 [01ac3795-95be-4125-9c80-d1d2d581a769-impl-thread1] INFO  util.JmxRegister (JmxRegister.java:unregister(73)) - Successfully un-registered JMX Bean with object name Ratis:service=RaftServer,group=group-9AEBABF676F3,id=01ac3795-95be-4125-9c80-d1d2d581a769
2024-01-14 17:00:55,990 [01ac3795-95be-4125-9c80-d1d2d581a769-impl-thread1] INFO  impl.RoleInfo (RoleInfo.java:shutdownFollowerState(110)) - 01ac3795-95be-4125-9c80-d1d2d581a769: shutdown 01ac3795-95be-4125-9c80-d1d2d581a769@group-9AEBABF676F3-FollowerState
2024-01-14 17:00:55,990 [1aa467ca-1ad7-4ef6-8b7c-495b72f7048c@group-F3E7A0CFEC8F-cacheEviction-AwaitToRun] INFO  util.AwaitToRun (AwaitToRun.java:run(49)) - 1aa467ca-1ad7-4ef6-8b7c-495b72f7048c@group-F3E7A0CFEC8F-cacheEviction-AwaitToRun-AwaitForSignal is interrupted
2024-01-14 17:00:55,991 [ForkJoinPool.commonPool-worker-6] INFO  server.GrpcService (GrpcService.java:closeImpl(320)) - 1aa467ca-1ad7-4ef6-8b7c-495b72f7048c: shutdown server org.apache.ratis.grpc.server.GrpcClientProtocolService successfully
2024-01-14 17:00:55,991 [ForkJoinPool.commonPool-worker-6] INFO  server.GrpcService (GrpcService.java:closeImpl(311)) - 1aa467ca-1ad7-4ef6-8b7c-495b72f7048c: shutdown server GrpcServerProtocolService now
2024-01-14 17:00:55,994 [01ac3795-95be-4125-9c80-d1d2d581a769-impl-thread1] INFO  impl.StateMachineUpdater (StateMachineUpdater.java:stopAndJoin(157)) - 01ac3795-95be-4125-9c80-d1d2d581a769@group-9AEBABF676F3-StateMachineUpdater: set stopIndex = 0
2024-01-14 17:00:55,994 [01ac3795-95be-4125-9c80-d1d2d581a769@group-9AEBABF676F3-FollowerState] INFO  impl.FollowerState (FollowerState.java:run(152)) - 01ac3795-95be-4125-9c80-d1d2d581a769@group-9AEBABF676F3-FollowerState was interrupted
2024-01-14 17:00:55,994 [01ac3795-95be-4125-9c80-d1d2d581a769@group-9AEBABF676F3-StateMachineUpdater] INFO  ratis.ContainerStateMachine (ContainerStateMachine.java:takeSnapshot(355)) - group-9AEBABF676F3: Taking a snapshot at:(t:1, i:0) file /home/runner/work/ozone/ozone/hadoop-ozone/integration-test/target/test-dir/MiniOzoneClusterImpl-55f63948-b302-44a8-9a44-732f3ddcab57/datanode-6/data/ratis/c909b760-5f23-4c48-ab3d-9aebabf676f3/sm/snapshot.1_0
2024-01-14 17:00:55,995 [ForkJoinPool.commonPool-worker-7] INFO  server.GrpcService (GrpcService.java:closeImpl(311)) - 01ac3795-95be-4125-9c80-d1d2d581a769: shutdown server org.apache.ratis.grpc.server.GrpcClientProtocolService now
2024-01-14 17:00:55,995 [01ac3795-95be-4125-9c80-d1d2d581a769-impl-thread2] INFO  server.RaftServer$Division (RaftServerImpl.java:lambda$close$3(526)) - 01ac3795-95be-4125-9c80-d1d2d581a769@group-6A4183A07BF3: shutdown
2024-01-14 17:00:55,995 [01ac3795-95be-4125-9c80-d1d2d581a769-impl-thread2] INFO  util.JmxRegister (JmxRegister.java:unregister(73)) - Successfully un-registered JMX Bean with object name Ratis:service=RaftServer,group=group-6A4183A07BF3,id=01ac3795-95be-4125-9c80-d1d2d581a769
2024-01-14 17:00:55,995 [01ac3795-95be-4125-9c80-d1d2d581a769-impl-thread2] INFO  impl.RoleInfo (RoleInfo.java:shutdownLeaderState(94)) - 01ac3795-95be-4125-9c80-d1d2d581a769: shutdown 01ac3795-95be-4125-9c80-d1d2d581a769@group-6A4183A07BF3-LeaderStateImpl
2024-01-14 17:00:55,995 [01ac3795-95be-4125-9c80-d1d2d581a769-impl-thread2] INFO  impl.PendingRequests (PendingRequests.java:sendNotLeaderResponses(289)) - 01ac3795-95be-4125-9c80-d1d2d581a769@group-6A4183A07BF3-PendingRequests: sendNotLeaderResponses
2024-01-14 17:00:55,996 [01ac3795-95be-4125-9c80-d1d2d581a769@group-9AEBABF676F3-StateMachineUpdater] INFO  ratis.ContainerStateMachine (ContainerStateMachine.java:takeSnapshot(366)) - group-9AEBABF676F3: Finished taking a snapshot at:(t:1, i:0) file:/home/runner/work/ozone/ozone/hadoop-ozone/integration-test/target/test-dir/MiniOzoneClusterImpl-55f63948-b302-44a8-9a44-732f3ddcab57/datanode-6/data/ratis/c909b760-5f23-4c48-ab3d-9aebabf676f3/sm/snapshot.1_0 took: 1 ms
2024-01-14 17:00:55,996 [01ac3795-95be-4125-9c80-d1d2d581a769-impl-thread2] INFO  impl.StateMachineUpdater (StateMachineUpdater.java:stopAndJoin(157)) - 01ac3795-95be-4125-9c80-d1d2d581a769@group-6A4183A07BF3-StateMachineUpdater: set stopIndex = 0
2024-01-14 17:00:55,996 [01ac3795-95be-4125-9c80-d1d2d581a769@group-9AEBABF676F3-StateMachineUpdater] INFO  impl.StateMachineUpdater (StateMachineUpdater.java:takeSnapshot(295)) - 01ac3795-95be-4125-9c80-d1d2d581a769@group-9AEBABF676F3-StateMachineUpdater: Took a snapshot at index 0
2024-01-14 17:00:55,996 [01ac3795-95be-4125-9c80-d1d2d581a769@group-9AEBABF676F3-StateMachineUpdater] INFO  impl.StateMachineUpdater (StateMachineUpdater.java:lambda$new$0(98)) - 01ac3795-95be-4125-9c80-d1d2d581a769@group-9AEBABF676F3-StateMachineUpdater: snapshotIndex: updateIncreasingly -1 -> 0
2024-01-14 17:00:55,996 [01ac3795-95be-4125-9c80-d1d2d581a769-impl-thread1] INFO  server.RaftServer$Division (ServerState.java:close(427)) - 01ac3795-95be-4125-9c80-d1d2d581a769@group-9AEBABF676F3: applyIndex: 0
2024-01-14 17:00:55,996 [01ac3795-95be-4125-9c80-d1d2d581a769@group-6A4183A07BF3-StateMachineUpdater] INFO  ratis.ContainerStateMachine (ContainerStateMachine.java:takeSnapshot(355)) - group-6A4183A07BF3: Taking a snapshot at:(t:1, i:0) file /home/runner/work/ozone/ozone/hadoop-ozone/integration-test/target/test-dir/MiniOzoneClusterImpl-55f63948-b302-44a8-9a44-732f3ddcab57/datanode-6/data/ratis/75727a6d-8bda-4aac-82ef-6a4183a07bf3/sm/snapshot.1_0
2024-01-14 17:00:55,996 [Thread-5888] INFO  server.GrpcServerProtocolClient (GrpcServerProtocolClient.java:close(103)) - 31061ca7-84d9-4b7e-bdb5-51e4d8805ce5 Close channels
2024-01-14 17:00:55,996 [01ac3795-95be-4125-9c80-d1d2d581a769@group-6A4183A07BF3-StateMachineUpdater] INFO  ratis.ContainerStateMachine (ContainerStateMachine.java:takeSnapshot(366)) - group-6A4183A07BF3: Finished taking a snapshot at:(t:1, i:0) file:/home/runner/work/ozone/ozone/hadoop-ozone/integration-test/target/test-dir/MiniOzoneClusterImpl-55f63948-b302-44a8-9a44-732f3ddcab57/datanode-6/data/ratis/75727a6d-8bda-4aac-82ef-6a4183a07bf3/sm/snapshot.1_0 took: 1 ms
2024-01-14 17:00:55,997 [01ac3795-95be-4125-9c80-d1d2d581a769@group-6A4183A07BF3-StateMachineUpdater] INFO  impl.StateMachineUpdater (StateMachineUpdater.java:takeSnapshot(295)) - 01ac3795-95be-4125-9c80-d1d2d581a769@group-6A4183A07BF3-StateMachineUpdater: Took a snapshot at index 0
2024-01-14 17:00:55,997 [01ac3795-95be-4125-9c80-d1d2d581a769@group-6A4183A07BF3-StateMachineUpdater] INFO  impl.StateMachineUpdater (StateMachineUpdater.java:lambda$new$0(98)) - 01ac3795-95be-4125-9c80-d1d2d581a769@group-6A4183A07BF3-StateMachineUpdater: snapshotIndex: updateIncreasingly -1 -> 0
2024-01-14 17:00:55,997 [01ac3795-95be-4125-9c80-d1d2d581a769-impl-thread2] INFO  server.RaftServer$Division (ServerState.java:close(427)) - 01ac3795-95be-4125-9c80-d1d2d581a769@group-6A4183A07BF3: applyIndex: 0
2024-01-14 17:00:55,997 [Thread-5891] INFO  server.GrpcServerProtocolClient (GrpcServerProtocolClient.java:close(103)) - fdbfaedf-7027-42ee-aaca-8580b78dbea6 Close channels
2024-01-14 17:00:55,997 [ForkJoinPool.commonPool-worker-6] INFO  server.GrpcService (GrpcService.java:closeImpl(320)) - 1aa467ca-1ad7-4ef6-8b7c-495b72f7048c: shutdown server GrpcServerProtocolService successfully
2024-01-14 17:00:55,997 [ForkJoinPool.commonPool-worker-6] INFO  server.GrpcService (GrpcService.java:closeImpl(311)) - 1aa467ca-1ad7-4ef6-8b7c-495b72f7048c: shutdown server org.apache.ratis.grpc.server.GrpcAdminProtocolService now
2024-01-14 17:00:55,998 [ForkJoinPool.commonPool-worker-7] INFO  server.GrpcService (GrpcService.java:closeImpl(320)) - 01ac3795-95be-4125-9c80-d1d2d581a769: shutdown server org.apache.ratis.grpc.server.GrpcClientProtocolService successfully
2024-01-14 17:00:55,998 [ForkJoinPool.commonPool-worker-7] INFO  server.GrpcService (GrpcService.java:closeImpl(311)) - 01ac3795-95be-4125-9c80-d1d2d581a769: shutdown server GrpcServerProtocolService now
2024-01-14 17:00:55,998 [01ac3795-95be-4125-9c80-d1d2d581a769@group-6A4183A07BF3-cacheEviction-AwaitToRun] INFO  util.AwaitToRun (AwaitToRun.java:run(49)) - 01ac3795-95be-4125-9c80-d1d2d581a769@group-6A4183A07BF3-cacheEviction-AwaitToRun-AwaitForSignal is interrupted
2024-01-14 17:00:55,999 [01ac3795-95be-4125-9c80-d1d2d581a769@group-9AEBABF676F3-cacheEviction-AwaitToRun] INFO  util.AwaitToRun (AwaitToRun.java:run(49)) - 01ac3795-95be-4125-9c80-d1d2d581a769@group-9AEBABF676F3-cacheEviction-AwaitToRun-AwaitForSignal is interrupted
2024-01-14 17:00:56,000 [ForkJoinPool.commonPool-worker-6] INFO  server.GrpcService (GrpcService.java:closeImpl(320)) - 1aa467ca-1ad7-4ef6-8b7c-495b72f7048c: shutdown server org.apache.ratis.grpc.server.GrpcAdminProtocolService successfully
2024-01-14 17:00:56,000 [ForkJoinPool.commonPool-worker-7] INFO  server.GrpcService (GrpcService.java:closeImpl(320)) - 01ac3795-95be-4125-9c80-d1d2d581a769: shutdown server GrpcServerProtocolService successfully
2024-01-14 17:00:56,000 [ForkJoinPool.commonPool-worker-7] INFO  server.GrpcService (GrpcService.java:closeImpl(311)) - 01ac3795-95be-4125-9c80-d1d2d581a769: shutdown server org.apache.ratis.grpc.server.GrpcAdminProtocolService now
2024-01-14 17:00:56,001 [ForkJoinPool.commonPool-worker-7] INFO  server.GrpcService (GrpcService.java:closeImpl(320)) - 01ac3795-95be-4125-9c80-d1d2d581a769: shutdown server org.apache.ratis.grpc.server.GrpcAdminProtocolService successfully
2024-01-14 17:00:56,002 [bc0247fb-4108-4537-bc2d-6aaa51d5d1de-NettyServerStreamRpc-bossGroup--thread1] INFO  logging.LoggingHandler (AbstractInternalLogger.java:log(148)) - [id: 0xbb7ab463, L:/0.0.0.0:15416] CLOSE
2024-01-14 17:00:56,002 [bc0247fb-4108-4537-bc2d-6aaa51d5d1de-NettyServerStreamRpc-bossGroup--thread1] INFO  logging.LoggingHandler (AbstractInternalLogger.java:log(148)) - [id: 0xbb7ab463, L:/0.0.0.0:15416] INACTIVE
2024-01-14 17:00:56,002 [bc0247fb-4108-4537-bc2d-6aaa51d5d1de-NettyServerStreamRpc-bossGroup--thread1] INFO  logging.LoggingHandler (AbstractInternalLogger.java:log(148)) - [id: 0xbb7ab463, L:/0.0.0.0:15416] UNREGISTERED
2024-01-14 17:00:56,006 [ForkJoinPool.commonPool-worker-0] INFO  ozoneimpl.OzoneContainer (OzoneContainer.java:stop(479)) - Attempting to stop container services.
2024-01-14 17:00:56,006 [ForkJoinPool.commonPool-worker-0] INFO  server.RaftServer (RaftServerProxy.java:lambda$close$9(416)) - fdbfaedf-7027-42ee-aaca-8580b78dbea6: close
2024-01-14 17:00:56,006 [fdbfaedf-7027-42ee-aaca-8580b78dbea6-impl-thread1] INFO  server.RaftServer$Division (RaftServerImpl.java:lambda$close$3(526)) - fdbfaedf-7027-42ee-aaca-8580b78dbea6@group-9AEBABF676F3: shutdown
2024-01-14 17:00:56,006 [fdbfaedf-7027-42ee-aaca-8580b78dbea6-impl-thread1] INFO  util.JmxRegister (JmxRegister.java:unregister(73)) - Successfully un-registered JMX Bean with object name Ratis:service=RaftServer,group=group-9AEBABF676F3,id=fdbfaedf-7027-42ee-aaca-8580b78dbea6
2024-01-14 17:00:56,006 [fdbfaedf-7027-42ee-aaca-8580b78dbea6-impl-thread1] INFO  impl.RoleInfo (RoleInfo.java:shutdownFollowerState(110)) - fdbfaedf-7027-42ee-aaca-8580b78dbea6: shutdown fdbfaedf-7027-42ee-aaca-8580b78dbea6@group-9AEBABF676F3-FollowerState
2024-01-14 17:00:56,006 [ForkJoinPool.commonPool-worker-0] INFO  server.GrpcService (GrpcService.java:closeImpl(311)) - fdbfaedf-7027-42ee-aaca-8580b78dbea6: shutdown server org.apache.ratis.grpc.server.GrpcClientProtocolService now
2024-01-14 17:00:56,006 [fdbfaedf-7027-42ee-aaca-8580b78dbea6-impl-thread2] INFO  server.RaftServer$Division (RaftServerImpl.java:lambda$close$3(526)) - fdbfaedf-7027-42ee-aaca-8580b78dbea6@group-95DC0B5D4D97: shutdown
2024-01-14 17:00:56,006 [fdbfaedf-7027-42ee-aaca-8580b78dbea6-impl-thread2] INFO  util.JmxRegister (JmxRegister.java:unregister(73)) - Successfully un-registered JMX Bean with object name Ratis:service=RaftServer,group=group-95DC0B5D4D97,id=fdbfaedf-7027-42ee-aaca-8580b78dbea6
2024-01-14 17:00:56,006 [fdbfaedf-7027-42ee-aaca-8580b78dbea6-impl-thread2] INFO  impl.RoleInfo (RoleInfo.java:shutdownLeaderState(94)) - fdbfaedf-7027-42ee-aaca-8580b78dbea6: shutdown fdbfaedf-7027-42ee-aaca-8580b78dbea6@group-95DC0B5D4D97-LeaderStateImpl
2024-01-14 17:00:56,007 [fdbfaedf-7027-42ee-aaca-8580b78dbea6-impl-thread2] INFO  impl.PendingRequests (PendingRequests.java:sendNotLeaderResponses(289)) - fdbfaedf-7027-42ee-aaca-8580b78dbea6@group-95DC0B5D4D97-PendingRequests: sendNotLeaderResponses
2024-01-14 17:00:56,007 [fdbfaedf-7027-42ee-aaca-8580b78dbea6-impl-thread2] INFO  impl.StateMachineUpdater (StateMachineUpdater.java:stopAndJoin(157)) - fdbfaedf-7027-42ee-aaca-8580b78dbea6@group-95DC0B5D4D97-StateMachineUpdater: set stopIndex = 0
2024-01-14 17:00:56,007 [fdbfaedf-7027-42ee-aaca-8580b78dbea6@group-95DC0B5D4D97-StateMachineUpdater] INFO  ratis.ContainerStateMachine (ContainerStateMachine.java:takeSnapshot(355)) - group-95DC0B5D4D97: Taking a snapshot at:(t:1, i:0) file /home/runner/work/ozone/ozone/hadoop-ozone/integration-test/target/test-dir/MiniOzoneClusterImpl-55f63948-b302-44a8-9a44-732f3ddcab57/datanode-8/data/ratis/5b73682b-7adb-495b-b20a-95dc0b5d4d97/sm/snapshot.1_0
2024-01-14 17:00:56,007 [ForkJoinPool.commonPool-worker-0] INFO  server.GrpcService (GrpcService.java:closeImpl(320)) - fdbfaedf-7027-42ee-aaca-8580b78dbea6: shutdown server org.apache.ratis.grpc.server.GrpcClientProtocolService successfully
2024-01-14 17:00:56,007 [ForkJoinPool.commonPool-worker-0] INFO  server.GrpcService (GrpcService.java:closeImpl(311)) - fdbfaedf-7027-42ee-aaca-8580b78dbea6: shutdown server GrpcServerProtocolService now
2024-01-14 17:00:56,007 [fdbfaedf-7027-42ee-aaca-8580b78dbea6@group-95DC0B5D4D97-StateMachineUpdater] INFO  ratis.ContainerStateMachine (ContainerStateMachine.java:takeSnapshot(366)) - group-95DC0B5D4D97: Finished taking a snapshot at:(t:1, i:0) file:/home/runner/work/ozone/ozone/hadoop-ozone/integration-test/target/test-dir/MiniOzoneClusterImpl-55f63948-b302-44a8-9a44-732f3ddcab57/datanode-8/data/ratis/5b73682b-7adb-495b-b20a-95dc0b5d4d97/sm/snapshot.1_0 took: 1 ms
2024-01-14 17:00:56,007 [fdbfaedf-7027-42ee-aaca-8580b78dbea6@group-95DC0B5D4D97-StateMachineUpdater] INFO  impl.StateMachineUpdater (StateMachineUpdater.java:takeSnapshot(295)) - fdbfaedf-7027-42ee-aaca-8580b78dbea6@group-95DC0B5D4D97-StateMachineUpdater: Took a snapshot at index 0
2024-01-14 17:00:56,007 [fdbfaedf-7027-42ee-aaca-8580b78dbea6@group-95DC0B5D4D97-StateMachineUpdater] INFO  impl.StateMachineUpdater (StateMachineUpdater.java:lambda$new$0(98)) - fdbfaedf-7027-42ee-aaca-8580b78dbea6@group-95DC0B5D4D97-StateMachineUpdater: snapshotIndex: updateIncreasingly -1 -> 0
2024-01-14 17:00:56,008 [fdbfaedf-7027-42ee-aaca-8580b78dbea6-impl-thread2] INFO  server.RaftServer$Division (ServerState.java:close(427)) - fdbfaedf-7027-42ee-aaca-8580b78dbea6@group-95DC0B5D4D97: applyIndex: 0
2024-01-14 17:00:56,008 [ForkJoinPool.commonPool-worker-0] INFO  server.GrpcService (GrpcService.java:closeImpl(320)) - fdbfaedf-7027-42ee-aaca-8580b78dbea6: shutdown server GrpcServerProtocolService successfully
2024-01-14 17:00:56,008 [ForkJoinPool.commonPool-worker-0] INFO  server.GrpcService (GrpcService.java:closeImpl(311)) - fdbfaedf-7027-42ee-aaca-8580b78dbea6: shutdown server org.apache.ratis.grpc.server.GrpcAdminProtocolService now
2024-01-14 17:00:56,010 [fdbfaedf-7027-42ee-aaca-8580b78dbea6@group-95DC0B5D4D97-cacheEviction-AwaitToRun] INFO  util.AwaitToRun (AwaitToRun.java:run(49)) - fdbfaedf-7027-42ee-aaca-8580b78dbea6@group-95DC0B5D4D97-cacheEviction-AwaitToRun-AwaitForSignal is interrupted
2024-01-14 17:00:56,010 [fdbfaedf-7027-42ee-aaca-8580b78dbea6-impl-thread1] INFO  impl.StateMachineUpdater (StateMachineUpdater.java:stopAndJoin(157)) - fdbfaedf-7027-42ee-aaca-8580b78dbea6@group-9AEBABF676F3-StateMachineUpdater: set stopIndex = 0
2024-01-14 17:00:56,010 [fdbfaedf-7027-42ee-aaca-8580b78dbea6@group-9AEBABF676F3-StateMachineUpdater] INFO  ratis.ContainerStateMachine (ContainerStateMachine.java:takeSnapshot(355)) - group-9AEBABF676F3: Taking a snapshot at:(t:1, i:0) file /home/runner/work/ozone/ozone/hadoop-ozone/integration-test/target/test-dir/MiniOzoneClusterImpl-55f63948-b302-44a8-9a44-732f3ddcab57/datanode-8/data/ratis/c909b760-5f23-4c48-ab3d-9aebabf676f3/sm/snapshot.1_0
2024-01-14 17:00:56,010 [fdbfaedf-7027-42ee-aaca-8580b78dbea6@group-9AEBABF676F3-FollowerState] INFO  impl.FollowerState (FollowerState.java:run(152)) - fdbfaedf-7027-42ee-aaca-8580b78dbea6@group-9AEBABF676F3-FollowerState was interrupted
2024-01-14 17:00:56,011 [fdbfaedf-7027-42ee-aaca-8580b78dbea6@group-9AEBABF676F3-StateMachineUpdater] INFO  ratis.ContainerStateMachine (ContainerStateMachine.java:takeSnapshot(366)) - group-9AEBABF676F3: Finished taking a snapshot at:(t:1, i:0) file:/home/runner/work/ozone/ozone/hadoop-ozone/integration-test/target/test-dir/MiniOzoneClusterImpl-55f63948-b302-44a8-9a44-732f3ddcab57/datanode-8/data/ratis/c909b760-5f23-4c48-ab3d-9aebabf676f3/sm/snapshot.1_0 took: 1 ms
2024-01-14 17:00:56,011 [fdbfaedf-7027-42ee-aaca-8580b78dbea6@group-9AEBABF676F3-StateMachineUpdater] INFO  impl.StateMachineUpdater (StateMachineUpdater.java:takeSnapshot(295)) - fdbfaedf-7027-42ee-aaca-8580b78dbea6@group-9AEBABF676F3-StateMachineUpdater: Took a snapshot at index 0
2024-01-14 17:00:56,011 [fdbfaedf-7027-42ee-aaca-8580b78dbea6@group-9AEBABF676F3-StateMachineUpdater] INFO  impl.StateMachineUpdater (StateMachineUpdater.java:lambda$new$0(98)) - fdbfaedf-7027-42ee-aaca-8580b78dbea6@group-9AEBABF676F3-StateMachineUpdater: snapshotIndex: updateIncreasingly -1 -> 0
2024-01-14 17:00:56,011 [fdbfaedf-7027-42ee-aaca-8580b78dbea6-impl-thread1] INFO  server.RaftServer$Division (ServerState.java:close(427)) - fdbfaedf-7027-42ee-aaca-8580b78dbea6@group-9AEBABF676F3: applyIndex: 0
2024-01-14 17:00:56,011 [fdbfaedf-7027-42ee-aaca-8580b78dbea6@group-9AEBABF676F3-cacheEviction-AwaitToRun] INFO  util.AwaitToRun (AwaitToRun.java:run(49)) - fdbfaedf-7027-42ee-aaca-8580b78dbea6@group-9AEBABF676F3-cacheEviction-AwaitToRun-AwaitForSignal is interrupted
2024-01-14 17:00:56,011 [ForkJoinPool.commonPool-worker-0] INFO  server.GrpcService (GrpcService.java:closeImpl(320)) - fdbfaedf-7027-42ee-aaca-8580b78dbea6: shutdown server org.apache.ratis.grpc.server.GrpcAdminProtocolService successfully
2024-01-14 17:00:56,013 [aebecd85-982d-4af9-9ab4-e47392631af6-NettyServerStreamRpc-bossGroup--thread1] INFO  logging.LoggingHandler (AbstractInternalLogger.java:log(148)) - [id: 0x83a899cc, L:/0.0.0.0:15389] CLOSE
2024-01-14 17:00:56,013 [aebecd85-982d-4af9-9ab4-e47392631af6-NettyServerStreamRpc-bossGroup--thread1] INFO  logging.LoggingHandler (AbstractInternalLogger.java:log(148)) - [id: 0x83a899cc, L:/0.0.0.0:15389] INACTIVE
2024-01-14 17:00:56,013 [aebecd85-982d-4af9-9ab4-e47392631af6-NettyServerStreamRpc-bossGroup--thread1] INFO  logging.LoggingHandler (AbstractInternalLogger.java:log(148)) - [id: 0x83a899cc, L:/0.0.0.0:15389] UNREGISTERED
2024-01-14 17:00:56,013 [31061ca7-84d9-4b7e-bdb5-51e4d8805ce5-NettyServerStreamRpc-bossGroup--thread1] INFO  logging.LoggingHandler (AbstractInternalLogger.java:log(148)) - [id: 0x94d7e96f, L:/0.0.0.0:15434] CLOSE
2024-01-14 17:00:56,013 [31061ca7-84d9-4b7e-bdb5-51e4d8805ce5-NettyServerStreamRpc-bossGroup--thread1] INFO  logging.LoggingHandler (AbstractInternalLogger.java:log(148)) - [id: 0x94d7e96f, L:/0.0.0.0:15434] INACTIVE
2024-01-14 17:00:56,014 [31061ca7-84d9-4b7e-bdb5-51e4d8805ce5-NettyServerStreamRpc-bossGroup--thread1] INFO  logging.LoggingHandler (AbstractInternalLogger.java:log(148)) - [id: 0x94d7e96f, L:/0.0.0.0:15434] UNREGISTERED
2024-01-14 17:00:56,018 [1aa467ca-1ad7-4ef6-8b7c-495b72f7048c-NettyServerStreamRpc-bossGroup--thread1] INFO  logging.LoggingHandler (AbstractInternalLogger.java:log(148)) - [id: 0x03037f90, L:/0.0.0.0:15371] CLOSE
2024-01-14 17:00:56,019 [1aa467ca-1ad7-4ef6-8b7c-495b72f7048c-NettyServerStreamRpc-bossGroup--thread1] INFO  logging.LoggingHandler (AbstractInternalLogger.java:log(148)) - [id: 0x03037f90, L:/0.0.0.0:15371] INACTIVE
2024-01-14 17:00:56,019 [1aa467ca-1ad7-4ef6-8b7c-495b72f7048c-NettyServerStreamRpc-bossGroup--thread1] INFO  logging.LoggingHandler (AbstractInternalLogger.java:log(148)) - [id: 0x03037f90, L:/0.0.0.0:15371] UNREGISTERED
2024-01-14 17:00:56,020 [b01583c4-e63d-4000-8651-5bd1da23191a-NettyServerStreamRpc-bossGroup--thread1] INFO  logging.LoggingHandler (AbstractInternalLogger.java:log(148)) - [id: 0x2da07bc4, L:/0.0.0.0:15380] CLOSE
2024-01-14 17:00:56,020 [b01583c4-e63d-4000-8651-5bd1da23191a-NettyServerStreamRpc-bossGroup--thread1] INFO  logging.LoggingHandler (AbstractInternalLogger.java:log(148)) - [id: 0x2da07bc4, L:/0.0.0.0:15380] INACTIVE
2024-01-14 17:00:56,020 [b01583c4-e63d-4000-8651-5bd1da23191a-NettyServerStreamRpc-bossGroup--thread1] INFO  logging.LoggingHandler (AbstractInternalLogger.java:log(148)) - [id: 0x2da07bc4, L:/0.0.0.0:15380] UNREGISTERED
2024-01-14 17:00:56,023 [01ac3795-95be-4125-9c80-d1d2d581a769-NettyServerStreamRpc-bossGroup--thread1] INFO  logging.LoggingHandler (AbstractInternalLogger.java:log(148)) - [id: 0xfaa10f32, L:/0.0.0.0:15425] CLOSE
2024-01-14 17:00:56,023 [01ac3795-95be-4125-9c80-d1d2d581a769-NettyServerStreamRpc-bossGroup--thread1] INFO  logging.LoggingHandler (AbstractInternalLogger.java:log(148)) - [id: 0xfaa10f32, L:/0.0.0.0:15425] INACTIVE
2024-01-14 17:00:56,024 [01ac3795-95be-4125-9c80-d1d2d581a769-NettyServerStreamRpc-bossGroup--thread1] INFO  logging.LoggingHandler (AbstractInternalLogger.java:log(148)) - [id: 0xfaa10f32, L:/0.0.0.0:15425] UNREGISTERED
2024-01-14 17:00:56,025 [fdbfaedf-7027-42ee-aaca-8580b78dbea6-NettyServerStreamRpc-bossGroup--thread1] INFO  logging.LoggingHandler (AbstractInternalLogger.java:log(148)) - [id: 0x390167f8, L:/0.0.0.0:15443] CLOSE
2024-01-14 17:00:56,026 [fdbfaedf-7027-42ee-aaca-8580b78dbea6-NettyServerStreamRpc-bossGroup--thread1] INFO  logging.LoggingHandler (AbstractInternalLogger.java:log(148)) - [id: 0x390167f8, L:/0.0.0.0:15443] INACTIVE
2024-01-14 17:00:56,026 [fdbfaedf-7027-42ee-aaca-8580b78dbea6-NettyServerStreamRpc-bossGroup--thread1] INFO  logging.LoggingHandler (AbstractInternalLogger.java:log(148)) - [id: 0x390167f8, L:/0.0.0.0:15443] UNREGISTERED
2024-01-14 17:00:56,361 [1aa467ca-1ad7-4ef6-8b7c-495b72f7048c-impl-thread1] INFO  segmented.SegmentedRaftLogWorker (SegmentedRaftLogWorker.java:close(245)) - 1aa467ca-1ad7-4ef6-8b7c-495b72f7048c@group-D7F49AE3D028-SegmentedRaftLogWorker close()
2024-01-14 17:00:56,370 [1aa467ca-1ad7-4ef6-8b7c-495b72f7048c-impl-thread2] INFO  segmented.SegmentedRaftLogWorker (SegmentedRaftLogWorker.java:close(245)) - 1aa467ca-1ad7-4ef6-8b7c-495b72f7048c@group-F3E7A0CFEC8F-SegmentedRaftLogWorker close()
2024-01-14 17:00:56,371 [JvmPauseMonitor46] INFO  util.JvmPauseMonitor (JvmPauseMonitor.java:run(152)) - JvmPauseMonitor-1aa467ca-1ad7-4ef6-8b7c-495b72f7048c: Stopped
2024-01-14 17:00:56,372 [b01583c4-e63d-4000-8651-5bd1da23191a-impl-thread1] INFO  segmented.SegmentedRaftLogWorker (SegmentedRaftLogWorker.java:close(245)) - b01583c4-e63d-4000-8651-5bd1da23191a@group-80DEB7409E1D-SegmentedRaftLogWorker close()
2024-01-14 17:00:56,381 [aebecd85-982d-4af9-9ab4-e47392631af6-impl-thread1] INFO  segmented.SegmentedRaftLogWorker (SegmentedRaftLogWorker.java:close(245)) - aebecd85-982d-4af9-9ab4-e47392631af6@group-F3E7A0CFEC8F-SegmentedRaftLogWorker close()
2024-01-14 17:00:56,383 [b01583c4-e63d-4000-8651-5bd1da23191a-impl-thread2] INFO  segmented.SegmentedRaftLogWorker (SegmentedRaftLogWorker.java:close(245)) - b01583c4-e63d-4000-8651-5bd1da23191a@group-F3E7A0CFEC8F-SegmentedRaftLogWorker close()
2024-01-14 17:00:56,384 [JvmPauseMonitor47] INFO  util.JvmPauseMonitor (JvmPauseMonitor.java:run(152)) - JvmPauseMonitor-b01583c4-e63d-4000-8651-5bd1da23191a: Stopped
2024-01-14 17:00:56,400 [aebecd85-982d-4af9-9ab4-e47392631af6-impl-thread2] INFO  segmented.SegmentedRaftLogWorker (SegmentedRaftLogWorker.java:close(245)) - aebecd85-982d-4af9-9ab4-e47392631af6@group-802D7856B538-SegmentedRaftLogWorker close()
2024-01-14 17:00:56,400 [JvmPauseMonitor48] INFO  util.JvmPauseMonitor (JvmPauseMonitor.java:run(152)) - JvmPauseMonitor-aebecd85-982d-4af9-9ab4-e47392631af6: Stopped
2024-01-14 17:00:56,718 [bc0247fb-4108-4537-bc2d-6aaa51d5d1de-impl-thread1] INFO  segmented.SegmentedRaftLogWorker (SegmentedRaftLogWorker.java:close(245)) - bc0247fb-4108-4537-bc2d-6aaa51d5d1de@group-06836EA6AD0D-SegmentedRaftLogWorker close()
2024-01-14 17:00:56,719 [JvmPauseMonitor51] INFO  util.JvmPauseMonitor (JvmPauseMonitor.java:run(152)) - JvmPauseMonitor-bc0247fb-4108-4537-bc2d-6aaa51d5d1de: Stopped
2024-01-14 17:00:56,830 [31061ca7-84d9-4b7e-bdb5-51e4d8805ce5-impl-thread2] INFO  segmented.SegmentedRaftLogWorker (SegmentedRaftLogWorker.java:close(245)) - 31061ca7-84d9-4b7e-bdb5-51e4d8805ce5@group-0BD0801A3AFE-SegmentedRaftLogWorker close()
2024-01-14 17:00:56,888 [01ac3795-95be-4125-9c80-d1d2d581a769-impl-thread2] INFO  segmented.SegmentedRaftLogWorker (SegmentedRaftLogWorker.java:close(245)) - 01ac3795-95be-4125-9c80-d1d2d581a769@group-6A4183A07BF3-SegmentedRaftLogWorker close()
2024-01-14 17:00:56,919 [31061ca7-84d9-4b7e-bdb5-51e4d8805ce5-impl-thread1] INFO  segmented.SegmentedRaftLogWorker (SegmentedRaftLogWorker.java:close(245)) - 31061ca7-84d9-4b7e-bdb5-51e4d8805ce5@group-9AEBABF676F3-SegmentedRaftLogWorker close()
2024-01-14 17:00:56,921 [JvmPauseMonitor53] INFO  util.JvmPauseMonitor (JvmPauseMonitor.java:run(152)) - JvmPauseMonitor-31061ca7-84d9-4b7e-bdb5-51e4d8805ce5: Stopped
2024-01-14 17:00:56,946 [fdbfaedf-7027-42ee-aaca-8580b78dbea6-impl-thread1] INFO  segmented.SegmentedRaftLogWorker (SegmentedRaftLogWorker.java:close(245)) - fdbfaedf-7027-42ee-aaca-8580b78dbea6@group-9AEBABF676F3-SegmentedRaftLogWorker close()
2024-01-14 17:00:56,959 [01ac3795-95be-4125-9c80-d1d2d581a769-impl-thread1] INFO  segmented.SegmentedRaftLogWorker (SegmentedRaftLogWorker.java:close(245)) - 01ac3795-95be-4125-9c80-d1d2d581a769@group-9AEBABF676F3-SegmentedRaftLogWorker close()
2024-01-14 17:00:56,960 [JvmPauseMonitor52] INFO  util.JvmPauseMonitor (JvmPauseMonitor.java:run(152)) - JvmPauseMonitor-01ac3795-95be-4125-9c80-d1d2d581a769: Stopped
2024-01-14 17:00:56,960 [fdbfaedf-7027-42ee-aaca-8580b78dbea6-impl-thread2] INFO  segmented.SegmentedRaftLogWorker (SegmentedRaftLogWorker.java:close(245)) - fdbfaedf-7027-42ee-aaca-8580b78dbea6@group-95DC0B5D4D97-SegmentedRaftLogWorker close()
2024-01-14 17:00:56,961 [JvmPauseMonitor54] INFO  util.JvmPauseMonitor (JvmPauseMonitor.java:run(152)) - JvmPauseMonitor-fdbfaedf-7027-42ee-aaca-8580b78dbea6: Stopped
2024-01-14 17:00:58,373 [ForkJoinPool.commonPool-worker-6] INFO  utils.DatanodeStoreCache (DatanodeStoreCache.java:shutdownCache(116)) - Skip clearing cache in mini cluster mode. Entries left: [/home/runner/work/ozone/ozone/hadoop-ozone/integration-test/target/test-dir/MiniOzoneClusterImpl-55f63948-b302-44a8-9a44-732f3ddcab57/datanode-0/data-0/containers/hdds/55f63948-b302-44a8-9a44-732f3ddcab57/DS-93cfaba3-7577-4c32-b2e4-98e7aa7b9e64/container.db, /home/runner/work/ozone/ozone/hadoop-ozone/integration-test/target/test-dir/MiniOzoneClusterImpl-55f63948-b302-44a8-9a44-732f3ddcab57/datanode-1/data-0/containers/hdds/55f63948-b302-44a8-9a44-732f3ddcab57/DS-9f819fb4-9085-4c52-bf6c-8d9fdaa85b89/container.db, /home/runner/work/ozone/ozone/hadoop-ozone/integration-test/target/test-dir/MiniOzoneClusterImpl-55f63948-b302-44a8-9a44-732f3ddcab57/datanode-2/data-0/containers/hdds/55f63948-b302-44a8-9a44-732f3ddcab57/DS-0ddf1c3a-68fc-4513-ae81-bb1571061f28/container.db, /home/runner/work/ozone/ozone/hadoop-ozone/integration-test/target/test-dir/MiniOzoneClusterImpl-55f63948-b302-44a8-9a44-732f3ddcab57/datanode-5/data-0/containers/hdds/55f63948-b302-44a8-9a44-732f3ddcab57/DS-fbd6794b-f7d8-43e2-89cb-276885ab5e8a/container.db, /home/runner/work/ozone/ozone/hadoop-ozone/integration-test/target/test-dir/MiniOzoneClusterImpl-55f63948-b302-44a8-9a44-732f3ddcab57/datanode-6/data-0/containers/hdds/55f63948-b302-44a8-9a44-732f3ddcab57/DS-63f4fb34-6354-44d7-836f-0cfa0e06532a/container.db, /home/runner/work/ozone/ozone/hadoop-ozone/integration-test/target/test-dir/MiniOzoneClusterImpl-55f63948-b302-44a8-9a44-732f3ddcab57/datanode-7/data-0/containers/hdds/55f63948-b302-44a8-9a44-732f3ddcab57/DS-f2100ce4-4e4e-4d47-b6f4-624f53a465e4/container.db, /home/runner/work/ozone/ozone/hadoop-ozone/integration-test/target/test-dir/MiniOzoneClusterImpl-55f63948-b302-44a8-9a44-732f3ddcab57/datanode-8/data-0/containers/hdds/55f63948-b302-44a8-9a44-732f3ddcab57/DS-9ea99bfe-2108-47f6-890d-9915cb06d078/container.db]
2024-01-14 17:00:58,375 [ForkJoinPool.commonPool-worker-6] INFO  utils.DatanodeStoreCache (DatanodeStoreCache.java:removeDB(110)) - Removed db /home/runner/work/ozone/ozone/hadoop-ozone/integration-test/target/test-dir/MiniOzoneClusterImpl-55f63948-b302-44a8-9a44-732f3ddcab57/datanode-0/data-0/containers/hdds/55f63948-b302-44a8-9a44-732f3ddcab57/DS-93cfaba3-7577-4c32-b2e4-98e7aa7b9e64/container.db from cache
2024-01-14 17:00:58,375 [ForkJoinPool.commonPool-worker-6] INFO  volume.HddsVolume (HddsVolume.java:closeDbStore(451)) - SchemaV3 db is stopped at /home/runner/work/ozone/ozone/hadoop-ozone/integration-test/target/test-dir/MiniOzoneClusterImpl-55f63948-b302-44a8-9a44-732f3ddcab57/datanode-0/data-0/containers/hdds/55f63948-b302-44a8-9a44-732f3ddcab57/DS-93cfaba3-7577-4c32-b2e4-98e7aa7b9e64/container.db for volume DS-93cfaba3-7577-4c32-b2e4-98e7aa7b9e64
2024-01-14 17:00:58,375 [ForkJoinPool.commonPool-worker-6] INFO  utils.BackgroundService (BackgroundService.java:shutdown(160)) - Shutting down service BlockDeletingService
2024-01-14 17:00:58,376 [ForkJoinPool.commonPool-worker-6] INFO  utils.BackgroundService (BackgroundService.java:shutdown(160)) - Shutting down service StaleRecoveringContainerScrubbingService
2024-01-14 17:00:58,376 [ForkJoinPool.commonPool-worker-6] INFO  statemachine.DatanodeStateMachine (DatanodeStateMachine.java:stopDaemon(638)) - Ozone container server stopped.
2024-01-14 17:00:58,378 [ForkJoinPool.commonPool-worker-6] INFO  handler.ContextHandler (ContextHandler.java:doStop(1159)) - Stopped o.e.j.w.WebAppContext@360543e5{hddsDatanode,/,null,STOPPED}{jar:file:/home/runner/.m2/repository/org/apache/ozone/hdds-container-service/1.5.0-SNAPSHOT/hdds-container-service-1.5.0-SNAPSHOT.jar!/webapps/hddsDatanode}
2024-01-14 17:00:58,378 [ForkJoinPool.commonPool-worker-6] INFO  server.AbstractConnector (AbstractConnector.java:doStop(383)) - Stopped ServerConnector@24389d91{HTTP/1.1, (http/1.1)}{0.0.0.0:15365}
2024-01-14 17:00:58,378 [ForkJoinPool.commonPool-worker-6] INFO  server.session (HouseKeeper.java:stopScavenging(149)) - node0 Stopped scavenging
2024-01-14 17:00:58,378 [ForkJoinPool.commonPool-worker-6] INFO  handler.ContextHandler (ContextHandler.java:doStop(1159)) - Stopped o.e.j.s.ServletContextHandler@47e4aa8d{static,/static,jar:file:/home/runner/.m2/repository/org/apache/ozone/hdds-container-service/1.5.0-SNAPSHOT/hdds-container-service-1.5.0-SNAPSHOT.jar!/webapps/static,STOPPED}
2024-01-14 17:00:58,378 [ForkJoinPool.commonPool-worker-6] INFO  handler.ContextHandler (ContextHandler.java:doStop(1159)) - Stopped o.e.j.s.ServletContextHandler@411498f1{logs,/logs,file:///home/runner/work/ozone/ozone/hadoop-ozone/integration-test/target/log,STOPPED}
2024-01-14 17:00:58,379 [ForkJoinPool.commonPool-worker-6] INFO  ozone.HddsDatanodeClientProtocolServer (HddsDatanodeClientProtocolServer.java:stop(78)) - Stopping the RPC server for Client Protocol
2024-01-14 17:00:58,379 [ForkJoinPool.commonPool-worker-6] INFO  ipc.Server (Server.java:stop(3523)) - Stopping server on 15366
2024-01-14 17:00:58,380 [IPC Server listener on 15366] INFO  ipc.Server (Server.java:run(1434)) - Stopping IPC Server listener on 15366
2024-01-14 17:00:58,380 [IPC Server Responder] INFO  ipc.Server (Server.java:run(1567)) - Stopping IPC Server Responder
2024-01-14 17:00:58,386 [ForkJoinPool.commonPool-worker-4] INFO  utils.DatanodeStoreCache (DatanodeStoreCache.java:shutdownCache(116)) - Skip clearing cache in mini cluster mode. Entries left: [/home/runner/work/ozone/ozone/hadoop-ozone/integration-test/target/test-dir/MiniOzoneClusterImpl-55f63948-b302-44a8-9a44-732f3ddcab57/datanode-1/data-0/containers/hdds/55f63948-b302-44a8-9a44-732f3ddcab57/DS-9f819fb4-9085-4c52-bf6c-8d9fdaa85b89/container.db, /home/runner/work/ozone/ozone/hadoop-ozone/integration-test/target/test-dir/MiniOzoneClusterImpl-55f63948-b302-44a8-9a44-732f3ddcab57/datanode-2/data-0/containers/hdds/55f63948-b302-44a8-9a44-732f3ddcab57/DS-0ddf1c3a-68fc-4513-ae81-bb1571061f28/container.db, /home/runner/work/ozone/ozone/hadoop-ozone/integration-test/target/test-dir/MiniOzoneClusterImpl-55f63948-b302-44a8-9a44-732f3ddcab57/datanode-5/data-0/containers/hdds/55f63948-b302-44a8-9a44-732f3ddcab57/DS-fbd6794b-f7d8-43e2-89cb-276885ab5e8a/container.db, /home/runner/work/ozone/ozone/hadoop-ozone/integration-test/target/test-dir/MiniOzoneClusterImpl-55f63948-b302-44a8-9a44-732f3ddcab57/datanode-6/data-0/containers/hdds/55f63948-b302-44a8-9a44-732f3ddcab57/DS-63f4fb34-6354-44d7-836f-0cfa0e06532a/container.db, /home/runner/work/ozone/ozone/hadoop-ozone/integration-test/target/test-dir/MiniOzoneClusterImpl-55f63948-b302-44a8-9a44-732f3ddcab57/datanode-7/data-0/containers/hdds/55f63948-b302-44a8-9a44-732f3ddcab57/DS-f2100ce4-4e4e-4d47-b6f4-624f53a465e4/container.db, /home/runner/work/ozone/ozone/hadoop-ozone/integration-test/target/test-dir/MiniOzoneClusterImpl-55f63948-b302-44a8-9a44-732f3ddcab57/datanode-8/data-0/containers/hdds/55f63948-b302-44a8-9a44-732f3ddcab57/DS-9ea99bfe-2108-47f6-890d-9915cb06d078/container.db]
2024-01-14 17:00:58,387 [ForkJoinPool.commonPool-worker-4] INFO  utils.DatanodeStoreCache (DatanodeStoreCache.java:removeDB(110)) - Removed db /home/runner/work/ozone/ozone/hadoop-ozone/integration-test/target/test-dir/MiniOzoneClusterImpl-55f63948-b302-44a8-9a44-732f3ddcab57/datanode-1/data-0/containers/hdds/55f63948-b302-44a8-9a44-732f3ddcab57/DS-9f819fb4-9085-4c52-bf6c-8d9fdaa85b89/container.db from cache
2024-01-14 17:00:58,387 [ForkJoinPool.commonPool-worker-4] INFO  volume.HddsVolume (HddsVolume.java:closeDbStore(451)) - SchemaV3 db is stopped at /home/runner/work/ozone/ozone/hadoop-ozone/integration-test/target/test-dir/MiniOzoneClusterImpl-55f63948-b302-44a8-9a44-732f3ddcab57/datanode-1/data-0/containers/hdds/55f63948-b302-44a8-9a44-732f3ddcab57/DS-9f819fb4-9085-4c52-bf6c-8d9fdaa85b89/container.db for volume DS-9f819fb4-9085-4c52-bf6c-8d9fdaa85b89
2024-01-14 17:00:58,387 [ForkJoinPool.commonPool-worker-4] INFO  utils.BackgroundService (BackgroundService.java:shutdown(160)) - Shutting down service BlockDeletingService
2024-01-14 17:00:58,388 [ForkJoinPool.commonPool-worker-4] INFO  utils.BackgroundService (BackgroundService.java:shutdown(160)) - Shutting down service StaleRecoveringContainerScrubbingService
2024-01-14 17:00:58,388 [ForkJoinPool.commonPool-worker-4] INFO  statemachine.DatanodeStateMachine (DatanodeStateMachine.java:stopDaemon(638)) - Ozone container server stopped.
2024-01-14 17:00:58,390 [ForkJoinPool.commonPool-worker-4] INFO  handler.ContextHandler (ContextHandler.java:doStop(1159)) - Stopped o.e.j.w.WebAppContext@72cb851f{hddsDatanode,/,null,STOPPED}{jar:file:/home/runner/.m2/repository/org/apache/ozone/hdds-container-service/1.5.0-SNAPSHOT/hdds-container-service-1.5.0-SNAPSHOT.jar!/webapps/hddsDatanode}
2024-01-14 17:00:58,390 [ForkJoinPool.commonPool-worker-4] INFO  server.AbstractConnector (AbstractConnector.java:doStop(383)) - Stopped ServerConnector@30335643{HTTP/1.1, (http/1.1)}{0.0.0.0:15374}
2024-01-14 17:00:58,390 [ForkJoinPool.commonPool-worker-4] INFO  server.session (HouseKeeper.java:stopScavenging(149)) - node0 Stopped scavenging
2024-01-14 17:00:58,390 [ForkJoinPool.commonPool-worker-4] INFO  handler.ContextHandler (ContextHandler.java:doStop(1159)) - Stopped o.e.j.s.ServletContextHandler@3358e940{static,/static,jar:file:/home/runner/.m2/repository/org/apache/ozone/hdds-container-service/1.5.0-SNAPSHOT/hdds-container-service-1.5.0-SNAPSHOT.jar!/webapps/static,STOPPED}
2024-01-14 17:00:58,391 [ForkJoinPool.commonPool-worker-4] INFO  handler.ContextHandler (ContextHandler.java:doStop(1159)) - Stopped o.e.j.s.ServletContextHandler@587d9280{logs,/logs,file:///home/runner/work/ozone/ozone/hadoop-ozone/integration-test/target/log,STOPPED}
2024-01-14 17:00:58,391 [ForkJoinPool.commonPool-worker-4] INFO  ozone.HddsDatanodeClientProtocolServer (HddsDatanodeClientProtocolServer.java:stop(78)) - Stopping the RPC server for Client Protocol
2024-01-14 17:00:58,392 [ForkJoinPool.commonPool-worker-4] INFO  ipc.Server (Server.java:stop(3523)) - Stopping server on 15375
2024-01-14 17:00:58,392 [IPC Server listener on 15375] INFO  ipc.Server (Server.java:run(1434)) - Stopping IPC Server listener on 15375
2024-01-14 17:00:58,393 [IPC Server Responder] INFO  ipc.Server (Server.java:run(1567)) - Stopping IPC Server Responder
2024-01-14 17:00:58,402 [ForkJoinPool.commonPool-worker-3] INFO  utils.DatanodeStoreCache (DatanodeStoreCache.java:shutdownCache(116)) - Skip clearing cache in mini cluster mode. Entries left: [/home/runner/work/ozone/ozone/hadoop-ozone/integration-test/target/test-dir/MiniOzoneClusterImpl-55f63948-b302-44a8-9a44-732f3ddcab57/datanode-2/data-0/containers/hdds/55f63948-b302-44a8-9a44-732f3ddcab57/DS-0ddf1c3a-68fc-4513-ae81-bb1571061f28/container.db, /home/runner/work/ozone/ozone/hadoop-ozone/integration-test/target/test-dir/MiniOzoneClusterImpl-55f63948-b302-44a8-9a44-732f3ddcab57/datanode-5/data-0/containers/hdds/55f63948-b302-44a8-9a44-732f3ddcab57/DS-fbd6794b-f7d8-43e2-89cb-276885ab5e8a/container.db, /home/runner/work/ozone/ozone/hadoop-ozone/integration-test/target/test-dir/MiniOzoneClusterImpl-55f63948-b302-44a8-9a44-732f3ddcab57/datanode-6/data-0/containers/hdds/55f63948-b302-44a8-9a44-732f3ddcab57/DS-63f4fb34-6354-44d7-836f-0cfa0e06532a/container.db, /home/runner/work/ozone/ozone/hadoop-ozone/integration-test/target/test-dir/MiniOzoneClusterImpl-55f63948-b302-44a8-9a44-732f3ddcab57/datanode-7/data-0/containers/hdds/55f63948-b302-44a8-9a44-732f3ddcab57/DS-f2100ce4-4e4e-4d47-b6f4-624f53a465e4/container.db, /home/runner/work/ozone/ozone/hadoop-ozone/integration-test/target/test-dir/MiniOzoneClusterImpl-55f63948-b302-44a8-9a44-732f3ddcab57/datanode-8/data-0/containers/hdds/55f63948-b302-44a8-9a44-732f3ddcab57/DS-9ea99bfe-2108-47f6-890d-9915cb06d078/container.db]
2024-01-14 17:00:58,403 [ForkJoinPool.commonPool-worker-3] INFO  utils.DatanodeStoreCache (DatanodeStoreCache.java:removeDB(110)) - Removed db /home/runner/work/ozone/ozone/hadoop-ozone/integration-test/target/test-dir/MiniOzoneClusterImpl-55f63948-b302-44a8-9a44-732f3ddcab57/datanode-2/data-0/containers/hdds/55f63948-b302-44a8-9a44-732f3ddcab57/DS-0ddf1c3a-68fc-4513-ae81-bb1571061f28/container.db from cache
2024-01-14 17:00:58,403 [ForkJoinPool.commonPool-worker-3] INFO  volume.HddsVolume (HddsVolume.java:closeDbStore(451)) - SchemaV3 db is stopped at /home/runner/work/ozone/ozone/hadoop-ozone/integration-test/target/test-dir/MiniOzoneClusterImpl-55f63948-b302-44a8-9a44-732f3ddcab57/datanode-2/data-0/containers/hdds/55f63948-b302-44a8-9a44-732f3ddcab57/DS-0ddf1c3a-68fc-4513-ae81-bb1571061f28/container.db for volume DS-0ddf1c3a-68fc-4513-ae81-bb1571061f28
2024-01-14 17:00:58,403 [ForkJoinPool.commonPool-worker-3] INFO  utils.BackgroundService (BackgroundService.java:shutdown(160)) - Shutting down service BlockDeletingService
2024-01-14 17:00:58,404 [ForkJoinPool.commonPool-worker-3] INFO  utils.BackgroundService (BackgroundService.java:shutdown(160)) - Shutting down service StaleRecoveringContainerScrubbingService
2024-01-14 17:00:58,404 [ForkJoinPool.commonPool-worker-3] INFO  statemachine.DatanodeStateMachine (DatanodeStateMachine.java:stopDaemon(638)) - Ozone container server stopped.
2024-01-14 17:00:58,406 [ForkJoinPool.commonPool-worker-3] INFO  handler.ContextHandler (ContextHandler.java:doStop(1159)) - Stopped o.e.j.w.WebAppContext@65df770a{hddsDatanode,/,null,STOPPED}{jar:file:/home/runner/.m2/repository/org/apache/ozone/hdds-container-service/1.5.0-SNAPSHOT/hdds-container-service-1.5.0-SNAPSHOT.jar!/webapps/hddsDatanode}
2024-01-14 17:00:58,406 [ForkJoinPool.commonPool-worker-3] INFO  server.AbstractConnector (AbstractConnector.java:doStop(383)) - Stopped ServerConnector@1e62b07c{HTTP/1.1, (http/1.1)}{0.0.0.0:15383}
2024-01-14 17:00:58,406 [ForkJoinPool.commonPool-worker-3] INFO  server.session (HouseKeeper.java:stopScavenging(149)) - node0 Stopped scavenging
2024-01-14 17:00:58,406 [ForkJoinPool.commonPool-worker-3] INFO  handler.ContextHandler (ContextHandler.java:doStop(1159)) - Stopped o.e.j.s.ServletContextHandler@6e293f0e{static,/static,jar:file:/home/runner/.m2/repository/org/apache/ozone/hdds-container-service/1.5.0-SNAPSHOT/hdds-container-service-1.5.0-SNAPSHOT.jar!/webapps/static,STOPPED}
2024-01-14 17:00:58,406 [ForkJoinPool.commonPool-worker-3] INFO  handler.ContextHandler (ContextHandler.java:doStop(1159)) - Stopped o.e.j.s.ServletContextHandler@43d2a216{logs,/logs,file:///home/runner/work/ozone/ozone/hadoop-ozone/integration-test/target/log,STOPPED}
2024-01-14 17:00:58,407 [ForkJoinPool.commonPool-worker-3] INFO  ozone.HddsDatanodeClientProtocolServer (HddsDatanodeClientProtocolServer.java:stop(78)) - Stopping the RPC server for Client Protocol
2024-01-14 17:00:58,407 [ForkJoinPool.commonPool-worker-3] INFO  ipc.Server (Server.java:stop(3523)) - Stopping server on 15384
2024-01-14 17:00:58,408 [IPC Server listener on 15384] INFO  ipc.Server (Server.java:run(1434)) - Stopping IPC Server listener on 15384
2024-01-14 17:00:58,409 [IPC Server Responder] INFO  ipc.Server (Server.java:run(1567)) - Stopping IPC Server Responder
2024-01-14 17:00:58,722 [main] INFO  utils.DatanodeStoreCache (DatanodeStoreCache.java:shutdownCache(116)) - Skip clearing cache in mini cluster mode. Entries left: [/home/runner/work/ozone/ozone/hadoop-ozone/integration-test/target/test-dir/MiniOzoneClusterImpl-55f63948-b302-44a8-9a44-732f3ddcab57/datanode-5/data-0/containers/hdds/55f63948-b302-44a8-9a44-732f3ddcab57/DS-fbd6794b-f7d8-43e2-89cb-276885ab5e8a/container.db, /home/runner/work/ozone/ozone/hadoop-ozone/integration-test/target/test-dir/MiniOzoneClusterImpl-55f63948-b302-44a8-9a44-732f3ddcab57/datanode-6/data-0/containers/hdds/55f63948-b302-44a8-9a44-732f3ddcab57/DS-63f4fb34-6354-44d7-836f-0cfa0e06532a/container.db, /home/runner/work/ozone/ozone/hadoop-ozone/integration-test/target/test-dir/MiniOzoneClusterImpl-55f63948-b302-44a8-9a44-732f3ddcab57/datanode-7/data-0/containers/hdds/55f63948-b302-44a8-9a44-732f3ddcab57/DS-f2100ce4-4e4e-4d47-b6f4-624f53a465e4/container.db, /home/runner/work/ozone/ozone/hadoop-ozone/integration-test/target/test-dir/MiniOzoneClusterImpl-55f63948-b302-44a8-9a44-732f3ddcab57/datanode-8/data-0/containers/hdds/55f63948-b302-44a8-9a44-732f3ddcab57/DS-9ea99bfe-2108-47f6-890d-9915cb06d078/container.db]
2024-01-14 17:00:58,723 [main] INFO  utils.DatanodeStoreCache (DatanodeStoreCache.java:removeDB(110)) - Removed db /home/runner/work/ozone/ozone/hadoop-ozone/integration-test/target/test-dir/MiniOzoneClusterImpl-55f63948-b302-44a8-9a44-732f3ddcab57/datanode-5/data-0/containers/hdds/55f63948-b302-44a8-9a44-732f3ddcab57/DS-fbd6794b-f7d8-43e2-89cb-276885ab5e8a/container.db from cache
2024-01-14 17:00:58,723 [main] INFO  volume.HddsVolume (HddsVolume.java:closeDbStore(451)) - SchemaV3 db is stopped at /home/runner/work/ozone/ozone/hadoop-ozone/integration-test/target/test-dir/MiniOzoneClusterImpl-55f63948-b302-44a8-9a44-732f3ddcab57/datanode-5/data-0/containers/hdds/55f63948-b302-44a8-9a44-732f3ddcab57/DS-fbd6794b-f7d8-43e2-89cb-276885ab5e8a/container.db for volume DS-fbd6794b-f7d8-43e2-89cb-276885ab5e8a
2024-01-14 17:00:58,723 [main] INFO  utils.BackgroundService (BackgroundService.java:shutdown(160)) - Shutting down service BlockDeletingService
2024-01-14 17:00:58,723 [main] INFO  utils.BackgroundService (BackgroundService.java:shutdown(160)) - Shutting down service StaleRecoveringContainerScrubbingService
2024-01-14 17:00:58,724 [main] INFO  statemachine.DatanodeStateMachine (DatanodeStateMachine.java:stopDaemon(638)) - Ozone container server stopped.
2024-01-14 17:00:58,725 [main] INFO  handler.ContextHandler (ContextHandler.java:doStop(1159)) - Stopped o.e.j.w.WebAppContext@20f01996{hddsDatanode,/,null,STOPPED}{jar:file:/home/runner/.m2/repository/org/apache/ozone/hdds-container-service/1.5.0-SNAPSHOT/hdds-container-service-1.5.0-SNAPSHOT.jar!/webapps/hddsDatanode}
2024-01-14 17:00:58,725 [main] INFO  server.AbstractConnector (AbstractConnector.java:doStop(383)) - Stopped ServerConnector@5d0f0120{HTTP/1.1, (http/1.1)}{0.0.0.0:15410}
2024-01-14 17:00:58,726 [main] INFO  server.session (HouseKeeper.java:stopScavenging(149)) - node0 Stopped scavenging
2024-01-14 17:00:58,726 [main] INFO  handler.ContextHandler (ContextHandler.java:doStop(1159)) - Stopped o.e.j.s.ServletContextHandler@6172bc2f{static,/static,jar:file:/home/runner/.m2/repository/org/apache/ozone/hdds-container-service/1.5.0-SNAPSHOT/hdds-container-service-1.5.0-SNAPSHOT.jar!/webapps/static,STOPPED}
2024-01-14 17:00:58,726 [main] INFO  handler.ContextHandler (ContextHandler.java:doStop(1159)) - Stopped o.e.j.s.ServletContextHandler@3d632b96{logs,/logs,file:///home/runner/work/ozone/ozone/hadoop-ozone/integration-test/target/log,STOPPED}
2024-01-14 17:00:58,727 [main] INFO  ozone.HddsDatanodeClientProtocolServer (HddsDatanodeClientProtocolServer.java:stop(78)) - Stopping the RPC server for Client Protocol
2024-01-14 17:00:58,727 [main] INFO  ipc.Server (Server.java:stop(3523)) - Stopping server on 15411
2024-01-14 17:00:58,728 [IPC Server listener on 15411] INFO  ipc.Server (Server.java:run(1434)) - Stopping IPC Server listener on 15411
2024-01-14 17:00:58,728 [IPC Server Responder] INFO  ipc.Server (Server.java:run(1567)) - Stopping IPC Server Responder
2024-01-14 17:00:58,922 [ForkJoinPool.commonPool-worker-5] INFO  utils.DatanodeStoreCache (DatanodeStoreCache.java:shutdownCache(116)) - Skip clearing cache in mini cluster mode. Entries left: [/home/runner/work/ozone/ozone/hadoop-ozone/integration-test/target/test-dir/MiniOzoneClusterImpl-55f63948-b302-44a8-9a44-732f3ddcab57/datanode-6/data-0/containers/hdds/55f63948-b302-44a8-9a44-732f3ddcab57/DS-63f4fb34-6354-44d7-836f-0cfa0e06532a/container.db, /home/runner/work/ozone/ozone/hadoop-ozone/integration-test/target/test-dir/MiniOzoneClusterImpl-55f63948-b302-44a8-9a44-732f3ddcab57/datanode-7/data-0/containers/hdds/55f63948-b302-44a8-9a44-732f3ddcab57/DS-f2100ce4-4e4e-4d47-b6f4-624f53a465e4/container.db, /home/runner/work/ozone/ozone/hadoop-ozone/integration-test/target/test-dir/MiniOzoneClusterImpl-55f63948-b302-44a8-9a44-732f3ddcab57/datanode-8/data-0/containers/hdds/55f63948-b302-44a8-9a44-732f3ddcab57/DS-9ea99bfe-2108-47f6-890d-9915cb06d078/container.db]
2024-01-14 17:00:58,924 [ForkJoinPool.commonPool-worker-5] INFO  utils.DatanodeStoreCache (DatanodeStoreCache.java:removeDB(110)) - Removed db /home/runner/work/ozone/ozone/hadoop-ozone/integration-test/target/test-dir/MiniOzoneClusterImpl-55f63948-b302-44a8-9a44-732f3ddcab57/datanode-7/data-0/containers/hdds/55f63948-b302-44a8-9a44-732f3ddcab57/DS-f2100ce4-4e4e-4d47-b6f4-624f53a465e4/container.db from cache
2024-01-14 17:00:58,924 [ForkJoinPool.commonPool-worker-5] INFO  volume.HddsVolume (HddsVolume.java:closeDbStore(451)) - SchemaV3 db is stopped at /home/runner/work/ozone/ozone/hadoop-ozone/integration-test/target/test-dir/MiniOzoneClusterImpl-55f63948-b302-44a8-9a44-732f3ddcab57/datanode-7/data-0/containers/hdds/55f63948-b302-44a8-9a44-732f3ddcab57/DS-f2100ce4-4e4e-4d47-b6f4-624f53a465e4/container.db for volume DS-f2100ce4-4e4e-4d47-b6f4-624f53a465e4
2024-01-14 17:00:58,925 [ForkJoinPool.commonPool-worker-5] INFO  utils.BackgroundService (BackgroundService.java:shutdown(160)) - Shutting down service BlockDeletingService
2024-01-14 17:00:58,925 [ForkJoinPool.commonPool-worker-5] INFO  utils.BackgroundService (BackgroundService.java:shutdown(160)) - Shutting down service StaleRecoveringContainerScrubbingService
2024-01-14 17:00:58,928 [ForkJoinPool.commonPool-worker-5] INFO  statemachine.DatanodeStateMachine (DatanodeStateMachine.java:stopDaemon(638)) - Ozone container server stopped.
2024-01-14 17:00:58,929 [ForkJoinPool.commonPool-worker-5] INFO  handler.ContextHandler (ContextHandler.java:doStop(1159)) - Stopped o.e.j.w.WebAppContext@12e5e108{hddsDatanode,/,null,STOPPED}{jar:file:/home/runner/.m2/repository/org/apache/ozone/hdds-container-service/1.5.0-SNAPSHOT/hdds-container-service-1.5.0-SNAPSHOT.jar!/webapps/hddsDatanode}
2024-01-14 17:00:58,930 [ForkJoinPool.commonPool-worker-5] INFO  server.AbstractConnector (AbstractConnector.java:doStop(383)) - Stopped ServerConnector@73fe0e4d{HTTP/1.1, (http/1.1)}{0.0.0.0:15428}
2024-01-14 17:00:58,930 [ForkJoinPool.commonPool-worker-5] INFO  server.session (HouseKeeper.java:stopScavenging(149)) - node0 Stopped scavenging
2024-01-14 17:00:58,930 [ForkJoinPool.commonPool-worker-5] INFO  handler.ContextHandler (ContextHandler.java:doStop(1159)) - Stopped o.e.j.s.ServletContextHandler@4d50ea01{static,/static,jar:file:/home/runner/.m2/repository/org/apache/ozone/hdds-container-service/1.5.0-SNAPSHOT/hdds-container-service-1.5.0-SNAPSHOT.jar!/webapps/static,STOPPED}
2024-01-14 17:00:58,930 [ForkJoinPool.commonPool-worker-5] INFO  handler.ContextHandler (ContextHandler.java:doStop(1159)) - Stopped o.e.j.s.ServletContextHandler@e8f48c7{logs,/logs,file:///home/runner/work/ozone/ozone/hadoop-ozone/integration-test/target/log,STOPPED}
2024-01-14 17:00:58,930 [ForkJoinPool.commonPool-worker-5] INFO  ozone.HddsDatanodeClientProtocolServer (HddsDatanodeClientProtocolServer.java:stop(78)) - Stopping the RPC server for Client Protocol
2024-01-14 17:00:58,931 [ForkJoinPool.commonPool-worker-5] INFO  ipc.Server (Server.java:stop(3523)) - Stopping server on 15429
2024-01-14 17:00:58,932 [IPC Server listener on 15429] INFO  ipc.Server (Server.java:run(1434)) - Stopping IPC Server listener on 15429
2024-01-14 17:00:58,932 [IPC Server Responder] INFO  ipc.Server (Server.java:run(1567)) - Stopping IPC Server Responder
2024-01-14 17:00:58,963 [ForkJoinPool.commonPool-worker-7] INFO  utils.DatanodeStoreCache (DatanodeStoreCache.java:shutdownCache(116)) - Skip clearing cache in mini cluster mode. Entries left: [/home/runner/work/ozone/ozone/hadoop-ozone/integration-test/target/test-dir/MiniOzoneClusterImpl-55f63948-b302-44a8-9a44-732f3ddcab57/datanode-6/data-0/containers/hdds/55f63948-b302-44a8-9a44-732f3ddcab57/DS-63f4fb34-6354-44d7-836f-0cfa0e06532a/container.db, /home/runner/work/ozone/ozone/hadoop-ozone/integration-test/target/test-dir/MiniOzoneClusterImpl-55f63948-b302-44a8-9a44-732f3ddcab57/datanode-8/data-0/containers/hdds/55f63948-b302-44a8-9a44-732f3ddcab57/DS-9ea99bfe-2108-47f6-890d-9915cb06d078/container.db]
2024-01-14 17:00:58,963 [ForkJoinPool.commonPool-worker-0] INFO  utils.DatanodeStoreCache (DatanodeStoreCache.java:shutdownCache(116)) - Skip clearing cache in mini cluster mode. Entries left: [/home/runner/work/ozone/ozone/hadoop-ozone/integration-test/target/test-dir/MiniOzoneClusterImpl-55f63948-b302-44a8-9a44-732f3ddcab57/datanode-6/data-0/containers/hdds/55f63948-b302-44a8-9a44-732f3ddcab57/DS-63f4fb34-6354-44d7-836f-0cfa0e06532a/container.db, /home/runner/work/ozone/ozone/hadoop-ozone/integration-test/target/test-dir/MiniOzoneClusterImpl-55f63948-b302-44a8-9a44-732f3ddcab57/datanode-8/data-0/containers/hdds/55f63948-b302-44a8-9a44-732f3ddcab57/DS-9ea99bfe-2108-47f6-890d-9915cb06d078/container.db]
2024-01-14 17:00:58,964 [ForkJoinPool.commonPool-worker-7] INFO  utils.DatanodeStoreCache (DatanodeStoreCache.java:removeDB(110)) - Removed db /home/runner/work/ozone/ozone/hadoop-ozone/integration-test/target/test-dir/MiniOzoneClusterImpl-55f63948-b302-44a8-9a44-732f3ddcab57/datanode-6/data-0/containers/hdds/55f63948-b302-44a8-9a44-732f3ddcab57/DS-63f4fb34-6354-44d7-836f-0cfa0e06532a/container.db from cache
2024-01-14 17:00:58,964 [ForkJoinPool.commonPool-worker-7] INFO  volume.HddsVolume (HddsVolume.java:closeDbStore(451)) - SchemaV3 db is stopped at /home/runner/work/ozone/ozone/hadoop-ozone/integration-test/target/test-dir/MiniOzoneClusterImpl-55f63948-b302-44a8-9a44-732f3ddcab57/datanode-6/data-0/containers/hdds/55f63948-b302-44a8-9a44-732f3ddcab57/DS-63f4fb34-6354-44d7-836f-0cfa0e06532a/container.db for volume DS-63f4fb34-6354-44d7-836f-0cfa0e06532a
2024-01-14 17:00:58,965 [ForkJoinPool.commonPool-worker-7] INFO  utils.BackgroundService (BackgroundService.java:shutdown(160)) - Shutting down service BlockDeletingService
2024-01-14 17:00:58,965 [ForkJoinPool.commonPool-worker-0] INFO  utils.DatanodeStoreCache (DatanodeStoreCache.java:removeDB(110)) - Removed db /home/runner/work/ozone/ozone/hadoop-ozone/integration-test/target/test-dir/MiniOzoneClusterImpl-55f63948-b302-44a8-9a44-732f3ddcab57/datanode-8/data-0/containers/hdds/55f63948-b302-44a8-9a44-732f3ddcab57/DS-9ea99bfe-2108-47f6-890d-9915cb06d078/container.db from cache
2024-01-14 17:00:58,965 [ForkJoinPool.commonPool-worker-0] INFO  volume.HddsVolume (HddsVolume.java:closeDbStore(451)) - SchemaV3 db is stopped at /home/runner/work/ozone/ozone/hadoop-ozone/integration-test/target/test-dir/MiniOzoneClusterImpl-55f63948-b302-44a8-9a44-732f3ddcab57/datanode-8/data-0/containers/hdds/55f63948-b302-44a8-9a44-732f3ddcab57/DS-9ea99bfe-2108-47f6-890d-9915cb06d078/container.db for volume DS-9ea99bfe-2108-47f6-890d-9915cb06d078
2024-01-14 17:00:58,966 [ForkJoinPool.commonPool-worker-7] INFO  utils.BackgroundService (BackgroundService.java:shutdown(160)) - Shutting down service StaleRecoveringContainerScrubbingService
2024-01-14 17:00:58,966 [ForkJoinPool.commonPool-worker-0] INFO  utils.BackgroundService (BackgroundService.java:shutdown(160)) - Shutting down service BlockDeletingService
2024-01-14 17:00:58,967 [ForkJoinPool.commonPool-worker-7] INFO  statemachine.DatanodeStateMachine (DatanodeStateMachine.java:stopDaemon(638)) - Ozone container server stopped.
2024-01-14 17:00:58,967 [ForkJoinPool.commonPool-worker-0] INFO  utils.BackgroundService (BackgroundService.java:shutdown(160)) - Shutting down service StaleRecoveringContainerScrubbingService
2024-01-14 17:00:58,968 [ForkJoinPool.commonPool-worker-0] INFO  statemachine.DatanodeStateMachine (DatanodeStateMachine.java:stopDaemon(638)) - Ozone container server stopped.
2024-01-14 17:00:58,969 [ForkJoinPool.commonPool-worker-7] INFO  handler.ContextHandler (ContextHandler.java:doStop(1159)) - Stopped o.e.j.w.WebAppContext@4e87deae{hddsDatanode,/,null,STOPPED}{jar:file:/home/runner/.m2/repository/org/apache/ozone/hdds-container-service/1.5.0-SNAPSHOT/hdds-container-service-1.5.0-SNAPSHOT.jar!/webapps/hddsDatanode}
2024-01-14 17:00:58,969 [ForkJoinPool.commonPool-worker-0] INFO  handler.ContextHandler (ContextHandler.java:doStop(1159)) - Stopped o.e.j.w.WebAppContext@109a231a{hddsDatanode,/,null,STOPPED}{jar:file:/home/runner/.m2/repository/org/apache/ozone/hdds-container-service/1.5.0-SNAPSHOT/hdds-container-service-1.5.0-SNAPSHOT.jar!/webapps/hddsDatanode}
2024-01-14 17:00:58,970 [ForkJoinPool.commonPool-worker-7] INFO  server.AbstractConnector (AbstractConnector.java:doStop(383)) - Stopped ServerConnector@7f90e015{HTTP/1.1, (http/1.1)}{0.0.0.0:15419}
2024-01-14 17:00:58,970 [ForkJoinPool.commonPool-worker-7] INFO  server.session (HouseKeeper.java:stopScavenging(149)) - node0 Stopped scavenging
2024-01-14 17:00:58,970 [ForkJoinPool.commonPool-worker-7] INFO  handler.ContextHandler (ContextHandler.java:doStop(1159)) - Stopped o.e.j.s.ServletContextHandler@79c126a5{static,/static,jar:file:/home/runner/.m2/repository/org/apache/ozone/hdds-container-service/1.5.0-SNAPSHOT/hdds-container-service-1.5.0-SNAPSHOT.jar!/webapps/static,STOPPED}
2024-01-14 17:00:58,970 [ForkJoinPool.commonPool-worker-7] INFO  handler.ContextHandler (ContextHandler.java:doStop(1159)) - Stopped o.e.j.s.ServletContextHandler@7ce72f0e{logs,/logs,file:///home/runner/work/ozone/ozone/hadoop-ozone/integration-test/target/log,STOPPED}
2024-01-14 17:00:58,970 [ForkJoinPool.commonPool-worker-0] INFO  server.AbstractConnector (AbstractConnector.java:doStop(383)) - Stopped ServerConnector@211a3ec8{HTTP/1.1, (http/1.1)}{0.0.0.0:15437}
2024-01-14 17:00:58,970 [ForkJoinPool.commonPool-worker-0] INFO  server.session (HouseKeeper.java:stopScavenging(149)) - node0 Stopped scavenging
2024-01-14 17:00:58,970 [ForkJoinPool.commonPool-worker-7] INFO  ozone.HddsDatanodeClientProtocolServer (HddsDatanodeClientProtocolServer.java:stop(78)) - Stopping the RPC server for Client Protocol
2024-01-14 17:00:58,970 [ForkJoinPool.commonPool-worker-0] INFO  handler.ContextHandler (ContextHandler.java:doStop(1159)) - Stopped o.e.j.s.ServletContextHandler@74b0d987{static,/static,jar:file:/home/runner/.m2/repository/org/apache/ozone/hdds-container-service/1.5.0-SNAPSHOT/hdds-container-service-1.5.0-SNAPSHOT.jar!/webapps/static,STOPPED}
2024-01-14 17:00:58,971 [ForkJoinPool.commonPool-worker-7] INFO  ipc.Server (Server.java:stop(3523)) - Stopping server on 15420
2024-01-14 17:00:58,971 [ForkJoinPool.commonPool-worker-0] INFO  handler.ContextHandler (ContextHandler.java:doStop(1159)) - Stopped o.e.j.s.ServletContextHandler@2f3f516c{logs,/logs,file:///home/runner/work/ozone/ozone/hadoop-ozone/integration-test/target/log,STOPPED}
2024-01-14 17:00:58,971 [IPC Server listener on 15420] INFO  ipc.Server (Server.java:run(1434)) - Stopping IPC Server listener on 15420
2024-01-14 17:00:58,971 [IPC Server Responder] INFO  ipc.Server (Server.java:run(1567)) - Stopping IPC Server Responder
2024-01-14 17:00:58,972 [ForkJoinPool.commonPool-worker-0] INFO  ozone.HddsDatanodeClientProtocolServer (HddsDatanodeClientProtocolServer.java:stop(78)) - Stopping the RPC server for Client Protocol
2024-01-14 17:00:58,973 [ForkJoinPool.commonPool-worker-0] INFO  ipc.Server (Server.java:stop(3523)) - Stopping server on 15438
2024-01-14 17:00:58,973 [IPC Server listener on 15438] INFO  ipc.Server (Server.java:run(1434)) - Stopping IPC Server listener on 15438
2024-01-14 17:00:58,973 [IPC Server Responder] INFO  ipc.Server (Server.java:run(1567)) - Stopping IPC Server Responder
2024-01-14 17:00:58,974 [main] INFO  ozone.MiniOzoneClusterImpl (MiniOzoneClusterImpl.java:stopSCM(550)) - Stopping the StorageContainerManager
2024-01-14 17:00:58,975 [main] INFO  server.StorageContainerManager (StorageContainerManager.java:stop(1654)) - Container Balancer is not running.
2024-01-14 17:00:58,975 [main] INFO  server.StorageContainerManager (StorageContainerManager.java:stopReplicationManager(1787)) - Stopping Replication Manager Service.
2024-01-14 17:00:58,975 [main] INFO  replication.ReplicationManager (ReplicationManager.java:stop(326)) - Stopping Replication Monitor Thread.
2024-01-14 17:00:58,975 [main] INFO  server.StorageContainerManager (StorageContainerManager.java:stop(1663)) - Stopping the Datanode Admin Monitor.
2024-01-14 17:00:58,975 [OverReplicatedProcessor] WARN  replication.UnhealthyReplicationProcessor (UnhealthyReplicationProcessor.java:run(180)) - OverReplicatedProcessor interrupted. Exiting...
2024-01-14 17:00:58,975 [UnderReplicatedProcessor] WARN  replication.UnhealthyReplicationProcessor (UnhealthyReplicationProcessor.java:run(180)) - UnderReplicatedProcessor interrupted. Exiting...
2024-01-14 17:00:58,975 [ReplicationMonitor] INFO  replication.ReplicationManager (ReplicationManager.java:run(933)) - Replication Monitor Thread is stopped
2024-01-14 17:00:58,975 [main] INFO  server.StorageContainerManager (StorageContainerManager.java:stop(1670)) - Stopping datanode service RPC server
2024-01-14 17:00:58,976 [main] INFO  server.SCMDatanodeProtocolServer (SCMDatanodeProtocolServer.java:stop(425)) - Stopping the RPC server for DataNodes
2024-01-14 17:00:58,976 [main] INFO  ipc.Server (Server.java:stop(3523)) - Stopping server on 15358
2024-01-14 17:00:58,977 [IPC Server listener on 15358] INFO  ipc.Server (Server.java:run(1434)) - Stopping IPC Server listener on 15358
2024-01-14 17:00:58,979 [IPC Server Responder] INFO  ipc.Server (Server.java:run(1567)) - Stopping IPC Server Responder
2024-01-14 17:00:59,024 [SCMHeartbeatProcessor-0] WARN  node.NodeStateManager (NodeStateManager.java:scheduleNextHealthCheck(878)) - Current Thread is interrupted, shutting down HB processing thread for Node Manager.
2024-01-14 17:00:59,024 [main] INFO  server.StorageContainerManager (StorageContainerManager.java:stop(1678)) - Stopping block service RPC server
2024-01-14 17:00:59,024 [main] INFO  server.SCMBlockProtocolServer (SCMBlockProtocolServer.java:stop(169)) - Stopping the RPC server for Block Protocol
2024-01-14 17:00:59,024 [main] INFO  ipc.Server (Server.java:stop(3523)) - Stopping server on 15357
2024-01-14 17:00:59,026 [IPC Server Responder] INFO  ipc.Server (Server.java:run(1567)) - Stopping IPC Server Responder
2024-01-14 17:00:59,026 [IPC Server listener on 15357] INFO  ipc.Server (Server.java:run(1434)) - Stopping IPC Server listener on 15357
2024-01-14 17:00:59,026 [main] INFO  server.StorageContainerManager (StorageContainerManager.java:stop(1685)) - Stopping the StorageContainerLocationProtocol RPC server
2024-01-14 17:00:59,026 [main] INFO  server.SCMClientProtocolServer (SCMClientProtocolServer.java:stop(211)) - Stopping the RPC server for Client Protocol
2024-01-14 17:00:59,027 [main] INFO  ipc.Server (Server.java:stop(3523)) - Stopping server on 15356
2024-01-14 17:00:59,030 [IPC Server listener on 15356] INFO  ipc.Server (Server.java:run(1434)) - Stopping IPC Server listener on 15356
2024-01-14 17:00:59,030 [IPC Server Responder] INFO  ipc.Server (Server.java:run(1567)) - Stopping IPC Server Responder
2024-01-14 17:00:59,030 [main] INFO  server.StorageContainerManager (StorageContainerManager.java:stop(1692)) - Stopping Storage Container Manager HTTP server.
2024-01-14 17:00:59,032 [main] INFO  handler.ContextHandler (ContextHandler.java:doStop(1159)) - Stopped o.e.j.w.WebAppContext@19a429d6{scm,/,null,STOPPED}{file:/home/runner/work/ozone/ozone/hadoop-ozone/integration-test/target/test-classes/webapps/scm}
2024-01-14 17:00:59,032 [main] INFO  server.AbstractConnector (AbstractConnector.java:doStop(383)) - Stopped ServerConnector@17a06236{HTTP/1.1, (http/1.1)}{0.0.0.0:15359}
2024-01-14 17:00:59,033 [main] INFO  server.session (HouseKeeper.java:stopScavenging(149)) - node0 Stopped scavenging
2024-01-14 17:00:59,033 [main] INFO  handler.ContextHandler (ContextHandler.java:doStop(1159)) - Stopped o.e.j.s.ServletContextHandler@79dd885a{static,/static,file:///home/runner/work/ozone/ozone/hadoop-ozone/integration-test/target/test-classes/webapps/static,STOPPED}
2024-01-14 17:00:59,033 [main] INFO  handler.ContextHandler (ContextHandler.java:doStop(1159)) - Stopped o.e.j.s.ServletContextHandler@92d1206{logs,/logs,file:///home/runner/work/ozone/ozone/hadoop-ozone/integration-test/target/log,STOPPED}
2024-01-14 17:00:59,034 [main] INFO  server.StorageContainerManager (StorageContainerManager.java:stop(1700)) - Stopping SCM LayoutVersionManager Service.
2024-01-14 17:00:59,034 [main] INFO  server.StorageContainerManager (StorageContainerManager.java:stop(1712)) - Stopping Block Manager Service.
2024-01-14 17:00:59,034 [main] INFO  utils.BackgroundService (BackgroundService.java:shutdown(160)) - Shutting down service SCMBlockDeletingService
2024-01-14 17:00:59,034 [main] INFO  utils.BackgroundService (BackgroundService.java:shutdown(160)) - Shutting down service SCMBlockDeletingService
2024-01-14 17:00:59,035 [main] INFO  server.StorageContainerManager (StorageContainerManager.java:stop(1732)) - Stopping SCM Event Queue.
2024-01-14 17:00:59,035 [JvmPauseMonitor44] INFO  util.JvmPauseMonitor (JvmPauseMonitor.java:run(152)) - JvmPauseMonitor-6cbf6940-07f5-4b9b-9830-8bc0027178d9: Stopped
2024-01-14 17:00:59,036 [main] INFO  server.StorageContainerManager (StorageContainerManager.java:stop(1743)) - Stopping SCM HA services.
2024-01-14 17:00:59,036 [main] INFO  pipeline.BackgroundPipelineCreator (BackgroundPipelineCreator.java:stop(152)) - Stopping RatisPipelineUtilsThread.
2024-01-14 17:00:59,036 [RatisPipelineUtilsThread-0] WARN  pipeline.BackgroundPipelineCreator (BackgroundPipelineCreator.java:run(183)) - RatisPipelineUtilsThread is interrupted.
2024-01-14 17:00:59,036 [BackgroundPipelineScrubber] WARN  BackgroundPipelineScrubber (BackgroundSCMService.java:run(115)) - BackgroundPipelineScrubber is interrupted, exit
2024-01-14 17:00:59,036 [main] INFO  BackgroundPipelineScrubber (BackgroundSCMService.java:stop(131)) - Stopping BackgroundPipelineScrubber Service.
2024-01-14 17:00:59,037 [main] INFO  impl.MetricsSystemImpl (MetricsSystemImpl.java:stop(210)) - Stopping HddsDatanode metrics system...
2024-01-14 17:00:59,039 [prometheus] INFO  impl.MetricsSinkAdapter (MetricsSinkAdapter.java:publishMetricsFromQueue(141)) - prometheus thread interrupted.
2024-01-14 17:00:59,039 [main] INFO  impl.MetricsSystemImpl (MetricsSystemImpl.java:stop(216)) - HddsDatanode metrics system stopped.
2024-01-14 17:00:59,039 [main] WARN  pipeline.BackgroundPipelineCreator (BackgroundPipelineCreator.java:stop(148)) - RatisPipelineUtilsThread is not running, just ignore.
2024-01-14 17:00:59,040 [main] INFO  BackgroundPipelineScrubber (BackgroundSCMService.java:stop(126)) - BackgroundPipelineScrubber Service is not running, skip stop.
2024-01-14 17:00:59,040 [main] INFO  ExpiredContainerReplicaOpScrubber (BackgroundSCMService.java:stop(131)) - Stopping ExpiredContainerReplicaOpScrubber Service.
2024-01-14 17:00:59,040 [main] INFO  utils.BackgroundService (BackgroundService.java:shutdown(160)) - Shutting down service SCMBlockDeletingService
2024-01-14 17:00:59,040 [main] INFO  replication.ReplicationManager (ReplicationManager.java:stop(336)) - Replication Monitor Thread is not running.
2024-01-14 17:00:59,040 [main] WARN  balancer.ContainerBalancer (ContainerBalancer.java:stop(327)) - Cannot stop Container Balancer because it's not running or stopping
2024-01-14 17:00:59,041 [main] INFO  server.StorageContainerManager (StorageContainerManager.java:stop(1778)) - Stopping SCM MetadataStore.
2024-01-14 17:00:59,041 [ExpiredContainerReplicaOpScrubber] WARN  ExpiredContainerReplicaOpScrubber (BackgroundSCMService.java:run(115)) - ExpiredContainerReplicaOpScrubber is interrupted, exit
2024-01-14 17:00:59,044 [LeaseManager#LeaseMonitor] WARN  lease.LeaseManager (LeaseManager.java:run(287)) - Lease manager is interrupted. Shutting down...
java.lang.InterruptedException
	at java.util.concurrent.locks.AbstractQueuedSynchronizer.doAcquireSharedNanos(AbstractQueuedSynchronizer.java:1039)
	at java.util.concurrent.locks.AbstractQueuedSynchronizer.tryAcquireSharedNanos(AbstractQueuedSynchronizer.java:1328)
	at java.util.concurrent.Semaphore.tryAcquire(Semaphore.java:409)
	at org.apache.hadoop.ozone.lease.LeaseManager$LeaseMonitor.run(LeaseManager.java:285)
	at java.lang.Thread.run(Thread.java:750)
]]></system-out>
    </flakyFailure>
  </testcase>
  <testcase name="testWatchForCommitForGroupMismatchException" classname="org.apache.hadoop.ozone.client.rpc.TestWatchForCommit" time="27.623"/>
  <testcase name="test2WayCommitForTimeoutException" classname="org.apache.hadoop.ozone.client.rpc.TestWatchForCommit" time="23.699"/>
</testsuite>